builder: mozilla-esr52_ubuntu64_vm_test_pgo-mochitest-devtools-chrome-7
slave: tst-linux64-spot-315
starttime: 1528501953.88
results: cancelled (6)
buildid: 20180608150819
builduid: b298b373e93d4f8dbf92436c9ed838a2
revision: cbfdf01aac455e0591471201c96b89dee98190b5

========= Started set props: master (results: 0, elapsed: 0 secs) (at 2018-06-08 16:52:33.885301) =========
master: http://buildbot-master54.bb.releng.usw2.mozilla.com:8201/
========= Finished set props: master (results: 0, elapsed: 0 secs) (at 2018-06-08 16:52:33.885778) =========

========= Started downloading to buildprops.json (results: 0, elapsed: 0 secs) (at 2018-06-08 16:52:33.886088) =========
========= Finished downloading to buildprops.json (results: 0, elapsed: 0 secs) (at 2018-06-08 16:52:34.039761) =========

========= Started 'bash -c ...' (results: 0, elapsed: 0 secs) (at 2018-06-08 16:52:34.040076) =========
bash -c 'wget -Oarchiver_client.py --no-check-certificate --tries=10 --waitretry=3 https://hg.mozilla.org/build/tools/raw-file/default/buildfarm/utils/archiver_client.py'
 in dir /builds/slave/test/. (timeout 1200 secs)
 watching logfiles {}
 argv: ['bash', '-c', 'wget -Oarchiver_client.py --no-check-certificate --tries=10 --waitretry=3 https://hg.mozilla.org/build/tools/raw-file/default/buildfarm/utils/archiver_client.py']
 environment:
  HOME=/home/cltbld
  LANG=en_US.UTF-8
  LOGNAME=cltbld
  MAIL=/var/mail/cltbld
  NODE_PATH=/usr/lib/nodejs:/usr/lib/node_modules:/usr/share/javascript
  PATH=/usr/local/bin:/usr/local/bin:/usr/bin:/bin:/usr/local/games:/usr/games
  PWD=/builds/slave/test
  SHELL=/bin/bash
  SHLVL=1
  TERM=linux
  TMOUT=86400
  USER=cltbld
  XDG_SESSION_COOKIE=9ca12473fbb1d023794ffd180000023c-1528501952.94634-295672137
  _=/tools/buildbot/bin/python
 using PTY: False
--2018-06-08 16:52:34--  https://hg.mozilla.org/build/tools/raw-file/default/buildfarm/utils/archiver_client.py
Resolving hg.mozilla.org (hg.mozilla.org)... 63.245.215.102, 63.245.215.25
Connecting to hg.mozilla.org (hg.mozilla.org)|63.245.215.102|:443... connected.
HTTP request sent, awaiting response... 200 Script output follows
Length: 12179 (12K) [text/x-python]
Saving to: `archiver_client.py'

     0K .......... .                                          100% 7.93M=0.001s

2018-06-08 16:52:34 (7.93 MB/s) - `archiver_client.py' saved [12179/12179]

program finished with exit code 0
elapsedTime=0.277862
========= master_lag: 0.04 =========
========= Finished 'bash -c ...' (results: 0, elapsed: 0 secs) (at 2018-06-08 16:52:34.355155) =========

========= Started 'rm -rf ...' (results: 0, elapsed: 0 secs) (at 2018-06-08 16:52:34.355506) =========
rm -rf scripts properties
 in dir /builds/slave/test/. (timeout 1200 secs)
 watching logfiles {}
 argv: ['rm', '-rf', 'scripts', 'properties']
 environment:
  HOME=/home/cltbld
  LANG=en_US.UTF-8
  LOGNAME=cltbld
  MAIL=/var/mail/cltbld
  NODE_PATH=/usr/lib/nodejs:/usr/lib/node_modules:/usr/share/javascript
  PATH=/usr/local/bin:/usr/local/bin:/usr/bin:/bin:/usr/local/games:/usr/games
  PWD=/builds/slave/test
  SHELL=/bin/bash
  SHLVL=1
  TERM=linux
  TMOUT=86400
  USER=cltbld
  XDG_SESSION_COOKIE=9ca12473fbb1d023794ffd180000023c-1528501952.94634-295672137
  _=/tools/buildbot/bin/python
 using PTY: False
program finished with exit code 0
elapsedTime=0.019596
========= master_lag: 0.04 =========
========= Finished 'rm -rf ...' (results: 0, elapsed: 0 secs) (at 2018-06-08 16:52:34.417807) =========

========= Started 'bash -c ...' (results: 0, elapsed: 1 secs) (at 2018-06-08 16:52:34.418178) =========
bash -c 'python archiver_client.py mozharness --repo releases/mozilla-esr52 --rev cbfdf01aac455e0591471201c96b89dee98190b5 --destination scripts --debug'
 in dir /builds/slave/test/. (timeout 1200 secs)
 watching logfiles {}
 argv: ['bash', '-c', u'python archiver_client.py mozharness --repo releases/mozilla-esr52 --rev cbfdf01aac455e0591471201c96b89dee98190b5 --destination scripts --debug']
 environment:
  HOME=/home/cltbld
  LANG=en_US.UTF-8
  LOGNAME=cltbld
  MAIL=/var/mail/cltbld
  NODE_PATH=/usr/lib/nodejs:/usr/lib/node_modules:/usr/share/javascript
  PATH=/usr/local/bin:/usr/local/bin:/usr/bin:/bin:/usr/local/games:/usr/games
  PWD=/builds/slave/test
  SHELL=/bin/bash
  SHLVL=1
  TERM=linux
  TMOUT=86400
  USER=cltbld
  XDG_SESSION_COOKIE=9ca12473fbb1d023794ffd180000023c-1528501952.94634-295672137
  _=/tools/buildbot/bin/python
 using PTY: False
2018-06-08 16:52:34,574 truncating revision to first 12 chars
2018-06-08 16:52:34,575 Setting DEBUG logging.
2018-06-08 16:52:34,575 attempt 1/10
2018-06-08 16:52:34,575 Getting archive location from https://api.pub.build.mozilla.org/archiver/hgmo/releases/mozilla-esr52/cbfdf01aac45?&preferred_region=us-west-2&suffix=tar.gz&subdir=testing/mozharness
2018-06-08 16:52:35,485 unpacking tar archive at: mozilla-esr52-cbfdf01aac45/testing/mozharness/
program finished with exit code 0
elapsedTime=1.296028
========= master_lag: 0.01 =========
========= Finished 'bash -c ...' (results: 0, elapsed: 1 secs) (at 2018-06-08 16:52:35.727588) =========

========= Started set props: script_repo_revision (results: 0, elapsed: 0 secs) (at 2018-06-08 16:52:35.727950) =========
script_repo_revision: cbfdf01aac455e0591471201c96b89dee98190b5
========= Finished set props: script_repo_revision (results: 0, elapsed: 0 secs) (at 2018-06-08 16:52:35.728365) =========

========= Started downloading to oauth.txt (results: 0, elapsed: 0 secs) (at 2018-06-08 16:52:35.728663) =========
========= Finished downloading to oauth.txt (results: 0, elapsed: 0 secs) (at 2018-06-08 16:52:35.737129) =========

========= Started '/tools/buildbot/bin/python scripts/scripts/desktop_unittest.py ...' interrupted (results: 4, elapsed: 9 mins, 26 secs) (at 2018-06-08 16:52:35.737415) =========
/tools/buildbot/bin/python scripts/scripts/desktop_unittest.py --cfg unittests/linux_unittest.py --mochitest-suite mochitest-devtools-chrome-chunked --total-chunks 8 --this-chunk 7 --blob-upload-branch mozilla-esr52 --download-symbols ondemand
 in dir /builds/slave/test/. (timeout 1800 secs) (maxTime 4800 secs)
 watching logfiles {}
 argv: ['/tools/buildbot/bin/python', 'scripts/scripts/desktop_unittest.py', '--cfg', 'unittests/linux_unittest.py', '--mochitest-suite', 'mochitest-devtools-chrome-chunked', '--total-chunks', '8', '--this-chunk', '7', '--blob-upload-branch', 'mozilla-esr52', '--download-symbols', 'ondemand']
 environment:
  CCACHE_DIR=/builds/ccache
  CCACHE_UMASK=002
  DISPLAY=:0
  HOME=/home/cltbld
  LANG=en_US.UTF-8
  LOGNAME=cltbld
  MAIL=/var/mail/cltbld
  MOZ_HIDE_RESULTS_TABLE=1
  MOZ_NODE_PATH=/usr/bin/node
  MOZ_NO_REMOTE=1
  NODE_PATH=/usr/lib/nodejs:/usr/lib/node_modules:/usr/share/javascript
  NO_FAIL_ON_TEST_ERRORS=1
  PATH=/usr/local/bin:/usr/local/bin:/usr/bin:/bin:/usr/local/games:/usr/games
  PROPERTIES_FILE=/builds/slave/test/buildprops.json
  PWD=/builds/slave/test
  SHELL=/bin/bash
  SHLVL=1
  TERM=linux
  TMOUT=86400
  USER=cltbld
  XDG_SESSION_COOKIE=9ca12473fbb1d023794ffd180000023c-1528501952.94634-295672137
  _=/tools/buildbot/bin/python
 using PTY: False
16:52:36     INFO - MultiFileLogger online at 20180608 16:52:36 in /builds/slave/test
16:52:36     INFO - Run as scripts/scripts/desktop_unittest.py --cfg unittests/linux_unittest.py --mochitest-suite mochitest-devtools-chrome-chunked --total-chunks 8 --this-chunk 7 --blob-upload-branch mozilla-esr52 --download-symbols ondemand
16:52:36     INFO - Dumping config to /builds/slave/test/logs/localconfig.json.
16:52:36     INFO - {'all_cppunittest_suites': {'cppunittest': {'tests': ('tests/cppunittest',)}},
16:52:36     INFO -  'all_gtest_suites': {'gtest': ()},
16:52:36     INFO -  'all_jittest_suites': {'jittest': (),
16:52:36     INFO -                         'jittest-chunked': (),
16:52:36     INFO -                         'jittest1': ('--total-chunks=2', '--this-chunk=1'),
16:52:36     INFO -                         'jittest2': ('--total-chunks=2', '--this-chunk=2')},
16:52:36     INFO -  'all_mochitest_suites': {'a11y': ('--flavor=a11y',),
16:52:36     INFO -                           'browser-chrome': ('--flavor=browser',),
16:52:36     INFO -                           'browser-chrome-addons': ('--flavor=browser',
16:52:36     INFO -                                                     '--chunk-by-runtime',
16:52:36     INFO -                                                     '--tag=addons'),
16:52:36     INFO -                           'browser-chrome-chunked': ('--flavor=browser',
16:52:36     INFO -                                                      '--chunk-by-runtime'),
16:52:36     INFO -                           'browser-chrome-clipboard': ('--flavor=browser',
16:52:36     INFO -                                                        '--subsuite=clipboard'),
16:52:36     INFO -                           'browser-chrome-coverage': ('--flavor=browser',
16:52:36     INFO -                                                       '--chunk-by-runtime',
16:52:36     INFO -                                                       '--timeout=1200'),
16:52:36     INFO -                           'browser-chrome-gpu': ('--flavor=browser',
16:52:36     INFO -                                                  '--subsuite=gpu'),
16:52:36     INFO -                           'browser-chrome-screenshots': ('--flavor=browser',
16:52:36     INFO -                                                          '--subsuite=screenshots'),
16:52:36     INFO -                           'chrome': ('--flavor=chrome',),
16:52:36     INFO -                           'chrome-chunked': ('--flavor=chrome',
16:52:36     INFO -                                              '--chunk-by-dir=4'),
16:52:36     INFO -                           'chrome-clipboard': ('--flavor=chrome',
16:52:36     INFO -                                                '--subsuite=clipboard'),
16:52:36     INFO -                           'chrome-gpu': ('--flavor=chrome', '--subsuite=gpu'),
16:52:36     INFO -                           'jetpack-addon': ('--flavor=jetpack-addon',),
16:52:36     INFO -                           'jetpack-package': ('--flavor=jetpack-package',),
16:52:36     INFO -                           'jetpack-package-clipboard': ('--flavor=jetpack-package',
16:52:36     INFO -                                                         '--subsuite=clipboard'),
16:52:36     INFO -                           'mochitest-devtools-chrome': ('--flavor=browser',
16:52:36     INFO -                                                         '--subsuite=devtools'),
16:52:36     INFO -                           'mochitest-devtools-chrome-chunked': ('--flavor=browser',
16:52:36     INFO -                                                                 '--subsuite=devtools',
16:52:36     INFO -                                                                 '--chunk-by-runtime'),
16:52:36     INFO -                           'mochitest-devtools-chrome-coverage': ('--flavor=browser',
16:52:36     INFO -                                                                  '--subsuite=devtools',
16:52:36     INFO -                                                                  '--chunk-by-runtime',
16:52:36     INFO -                                                                  '--timeout=1200'),
16:52:36     INFO -                           'mochitest-gl': ('--subsuite=webgl',),
16:52:36     INFO -                           'mochitest-media': ('--subsuite=media',),
16:52:36     INFO -                           'plain': (),
16:52:36     INFO -                           'plain-chunked': ('--chunk-by-dir=4',),
16:52:36     INFO -                           'plain-clipboard': ('--subsuite=clipboard',),
16:52:36     INFO -                           'plain-gpu': ('--subsuite=gpu',),
16:52:36     INFO -                           'valgrind-plain': ('--valgrind=/usr/bin/valgrind',
16:52:36     INFO -                                              '--valgrind-supp-files=/builds/slave/test/build/tests/mochitest/x86_64-redhat-linux-gnu.sup,/builds/slave/test/build/tests/mochitest/cross-architecture.sup',
16:52:36     INFO -                                              '--timeout=900',
16:52:36     INFO -                                              '--max-timeouts=50')},
16:52:36     INFO -  'all_mozbase_suites': {'mozbase': ()},
16:52:36     INFO -  'all_reftest_suites': {'crashtest': {'options': ('--suite=crashtest',),
16:52:36     INFO -                                       'tests': ('tests/reftest/tests/testing/crashtest/crashtests.list',)},
16:52:36     INFO -                         'jsreftest': {'options': ('--extra-profile-file=tests/jsreftest/tests/user.js',
16:52:36     INFO -                                                   '--suite=jstestbrowser'),
16:52:36     INFO -                                       'tests': ('tests/jsreftest/tests/jstests.list',)},
16:52:36     INFO -                         'reftest': {'options': ('--suite=reftest',),
16:52:36     INFO -                                     'tests': ('tests/reftest/tests/layout/reftests/reftest.list',)},
16:52:36     INFO -                         'reftest-no-accel': {'options': ('--suite=reftest',
16:52:36     INFO -                                                          '--setpref=layers.acceleration.force-enabled=disabled'),
16:52:36     INFO -                                              'tests': ('tests/reftest/tests/layout/reftests/reftest.list',)}},
16:52:36     INFO -  'all_xpcshell_suites': {'xpcshell': {'options': ('--xpcshell=%(abs_app_dir)s/xpcshell',
16:52:36     INFO -                                                   '--manifest=tests/xpcshell/tests/xpcshell.ini'),
16:52:36     INFO -                                       'tests': ()},
16:52:36     INFO -                          'xpcshell-addons': {'options': ('--xpcshell=%(abs_app_dir)s/xpcshell',
16:52:36     INFO -                                                          '--tag=addons',
16:52:36     INFO -                                                          '--manifest=tests/xpcshell/tests/xpcshell.ini'),
16:52:36     INFO -                                              'tests': ()},
16:52:36     INFO -                          'xpcshell-coverage': {'options': ('--xpcshell=%(abs_app_dir)s/xpcshell',
16:52:36     INFO -                                                            '--manifest=tests/xpcshell/tests/xpcshell.ini'),
16:52:36     INFO -                                                'tests': ()}},
16:52:36     INFO -  'allow_software_gl_layers': False,
16:52:36     INFO -  'append_to_log': False,
16:52:36     INFO -  'base_work_dir': '/builds/slave/test',
16:52:36     INFO -  'binary_path': '/builds/slave/test/build/application/firefox/firefox-bin',
16:52:36     INFO -  'blob_upload_branch': 'mozilla-esr52',
16:52:36     INFO -  'blob_uploader_auth_file': '/builds/slave/test/oauth.txt',
16:52:36     INFO -  'buildbot_json_path': 'buildprops.json',
16:52:36     INFO -  'buildbot_max_log_size': 52428800,
16:52:36     INFO -  'code_coverage': False,
16:52:36     INFO -  'config_files': ('unittests/linux_unittest.py',),
16:52:36     INFO -  'default_blob_upload_servers': ('https://blobupload.elasticbeanstalk.com',),
16:52:36     INFO -  'download_minidump_stackwalk': True,
16:52:36     INFO -  'download_nodejs': True,
16:52:36     INFO -  'download_symbols': 'ondemand',
16:52:36     INFO -  'e10s': False,
16:52:36     INFO -  'exe_suffix': '',
16:52:36     INFO -  'exes': {'python': '/tools/buildbot/bin/python',
16:52:36     INFO -           'tooltool.py': '/tools/tooltool.py',
16:52:36     INFO -           'virtualenv': ('/tools/buildbot/bin/python',
16:52:36     INFO -                          '/tools/misc-python/virtualenv.py')},
16:52:36     INFO -  'find_links': ('http://pypi.pvt.build.mozilla.org/pub',
16:52:36     INFO -                 'http://pypi.pub.build.mozilla.org/pub'),
16:52:36     INFO -  'installer_path': '/builds/slave/test/build/installer.tar.bz2',
16:52:36     INFO -  'log_level': 'info',
16:52:36     INFO -  'log_to_console': True,
16:52:36     INFO -  'minidump_save_path': '%(abs_work_dir)s/../minidumps',
16:52:36     INFO -  'minidump_stackwalk_path': 'linux64-minidump_stackwalk',
16:52:36     INFO -  'minidump_tooltool_manifest_path': 'config/tooltool-manifests/linux64/releng.manifest',
16:52:36     INFO -  'minimum_tests_zip_dirs': ('bin/*',
16:52:36     INFO -                             'certs/*',
16:52:36     INFO -                             'config/*',
16:52:36     INFO -                             'mach',
16:52:36     INFO -                             'marionette/*',
16:52:36     INFO -                             'modules/*',
16:52:36     INFO -                             'mozbase/*',
16:52:36     INFO -                             'tools/*'),
16:52:36     INFO -  'no_random': False,
16:52:36     INFO -  'nodejs_path': 'node-linux-x64/bin/node',
16:52:36     INFO -  'nodejs_tooltool_manifest_path': 'config/tooltool-manifests/linux64/nodejs.manifest',
16:52:36     INFO -  'opt_config_files': (),
16:52:36     INFO -  'pip_index': False,
16:52:36     INFO -  'preflight_run_cmd_suites': ({'architectures': ('32bit', '64bit'),
16:52:36     INFO -                                'cmd': ('xset', 's', 'off', 's', 'reset'),
16:52:36     INFO -                                'enabled': True,
16:52:36     INFO -                                'halt_on_failure': False,
16:52:36     INFO -                                'name': 'disable_screen_saver'},
16:52:36     INFO -                               {'architectures': ('32bit',),
16:52:36     INFO -                                'cmd': ('python',
16:52:36     INFO -                                        '../scripts/external_tools/mouse_and_screen_resolution.py',
16:52:36     INFO -                                        '--configuration-file',
16:52:36     INFO -                                        '../scripts/external_tools/machine-configuration.json'),
16:52:36     INFO -                                'enabled': False,
16:52:36     INFO -                                'halt_on_failure': True,
16:52:36     INFO -                                'name': 'run mouse & screen adjustment script'}),
16:52:36     INFO -  'require_test_zip': True,
16:52:36     INFO -  'run_all_suites': False,
16:52:36     INFO -  'run_cmd_checks_enabled': True,
16:52:36     INFO -  'run_file_names': {'cppunittest': 'runcppunittests.py',
16:52:36     INFO -                     'gtest': 'rungtests.py',
16:52:36     INFO -                     'jittest': 'jit_test.py',
16:52:36     INFO -                     'mochitest': 'runtests.py',
16:52:36     INFO -                     'mozbase': 'test.py',
16:52:36     INFO -                     'mozmill': 'runtestlist.py',
16:52:36     INFO -                     'reftest': 'runreftest.py',
16:52:36     INFO -                     'xpcshell': 'runxpcshelltests.py'},
16:52:36     INFO -  'specific_tests_zip_dirs': {'cppunittest': ('cppunittest/*',),
16:52:36     INFO -                              'gtest': ('gtest/*',),
16:52:36     INFO -                              'jittest': ('jit-test/*',),
16:52:36     INFO -                              'mochitest': ('mochitest/*',),
16:52:36     INFO -                              'mozbase': ('mozbase/*',),
16:52:36     INFO -                              'mozmill': ('mozmill/*',),
16:52:36     INFO -                              'reftest': ('reftest/*', 'jsreftest/*'),
16:52:36     INFO -                              'xpcshell': ('xpcshell/*',)},
16:52:36     INFO -  'specified_mochitest_suites': ('mochitest-devtools-chrome-chunked',),
16:52:36     INFO -  'strict_content_sandbox': False,
16:52:36     INFO -  'suite_definitions': {'cppunittest': {'options': ('--symbols-path=%(symbols_path)s',
16:52:36     INFO -                                                    '--xre-path=%(abs_app_dir)s'),
16:52:36     INFO -                                        'run_filename': 'runcppunittests.py',
16:52:36     INFO -                                        'testsdir': 'cppunittest'},
16:52:36     INFO -                        'gtest': {'options': ('--xre-path=%(abs_res_dir)s',
16:52:36     INFO -                                              '--cwd=%(gtest_dir)s',
16:52:36     INFO -                                              '--symbols-path=%(symbols_path)s',
16:52:36     INFO -                                              '--utility-path=tests/bin',
16:52:36     INFO -                                              '%(binary_path)s'),
16:52:36     INFO -                                  'run_filename': 'rungtests.py'},
16:52:36     INFO -                        'jittest': {'options': ('tests/bin/js',
16:52:36     INFO -                                                '--no-slow',
16:52:36     INFO -                                                '--no-progress',
16:52:36     INFO -                                                '--format=automation',
16:52:36     INFO -                                                '--jitflags=all',
16:52:36     INFO -                                                '--timeout=970'),
16:52:36     INFO -                                    'run_filename': 'jit_test.py',
16:52:36     INFO -                                    'run_timeout': 1000,
16:52:36     INFO -                                    'testsdir': 'jit-test/jit-test'},
16:52:36     INFO -                        'mochitest': {'options': ('--appname=%(binary_path)s',
16:52:36     INFO -                                                  '--utility-path=tests/bin',
16:52:36     INFO -                                                  '--extra-profile-file=tests/bin/plugins',
16:52:36     INFO -                                                  '--symbols-path=%(symbols_path)s',
16:52:36     INFO -                                                  '--certificate-path=tests/certs',
16:52:36     INFO -                                                  '--setpref=webgl.force-enabled=true',
16:52:36     INFO -                                                  '--quiet',
16:52:36     INFO -                                                  '--log-raw=%(raw_log_file)s',
16:52:36     INFO -                                                  '--log-errorsummary=%(error_summary_file)s',
16:52:36     INFO -                                                  '--use-test-media-devices',
16:52:36     INFO -                                                  '--screenshot-on-fail',
16:52:36     INFO -                                                  '--cleanup-crashes',
16:52:36     INFO -                                                  '--marionette-startup-timeout=180'),
16:52:36     INFO -                                      'run_filename': 'runtests.py',
16:52:36     INFO -                                      'testsdir': 'mochitest'},
16:52:36     INFO -                        'mozbase': {'options': ('-b', '%(binary_path)s'),
16:52:36     INFO -                                    'run_filename': 'test.py',
16:52:36     INFO -                                    'testsdir': 'mozbase'},
16:52:36     INFO -                        'mozmill': {'options': ('--binary=%(binary_path)s',
16:52:36     INFO -                                                '--testing-modules-dir=test/modules',
16:52:36     INFO -                                                '--plugins-path=%(test_plugin_path)s',
16:52:36     INFO -                                                '--symbols-path=%(symbols_path)s'),
16:52:36     INFO -                                    'run_filename': 'runtestlist.py',
16:52:36     INFO -                                    'testsdir': 'mozmill'},
16:52:36     INFO -                        'reftest': {'options': ('--appname=%(binary_path)s',
16:52:36     INFO -                                                '--utility-path=tests/bin',
16:52:36     INFO -                                                '--extra-profile-file=tests/bin/plugins',
16:52:36     INFO -                                                '--symbols-path=%(symbols_path)s',
16:52:36     INFO -                                                '--log-raw=%(raw_log_file)s',
16:52:36     INFO -                                                '--log-errorsummary=%(error_summary_file)s',
16:52:36     INFO -                                                '--cleanup-crashes'),
16:52:36     INFO -                                    'run_filename': 'runreftest.py',
16:52:36     INFO -                                    'testsdir': 'reftest'},
16:52:36     INFO -                        'xpcshell': {'options': ('--symbols-path=%(symbols_path)s',
16:52:36     INFO -                                                 '--test-plugin-path=%(test_plugin_path)s',
16:52:36     INFO -                                                 '--log-raw=%(raw_log_file)s',
16:52:36     INFO -                                                 '--log-errorsummary=%(error_summary_file)s',
16:52:36     INFO -                                                 '--utility-path=tests/bin'),
16:52:36     INFO -                                     'run_filename': 'runxpcshelltests.py',
16:52:36     INFO -                                     'testsdir': 'xpcshell'}},
16:52:36     INFO -  'this_chunk': '7',
16:52:36     INFO -  'tooltool_cache': '/builds/tooltool_cache',
16:52:36     INFO -  'total_chunks': '8',
16:52:36     INFO -  'unstructured_flavors': {'cppunittest': (),
16:52:36     INFO -                           'gtest': (),
16:52:36     INFO -                           'jittest': (),
16:52:36     INFO -                           'mochitest': ('jetpack',),
16:52:36     INFO -                           'mozbase': (),
16:52:36     INFO -                           'mozmill': (),
16:52:36     INFO -                           'xpcshell': ()},
16:52:36     INFO -  'vcs_output_timeout': 1000,
16:52:36     INFO -  'virtualenv_path': 'venv',
16:52:36     INFO -  'volatile_config': {'actions': None, 'add_actions': None, 'no_actions': None},
16:52:36     INFO -  'work_dir': 'build',
16:52:36     INFO -  'xpcshell_name': 'xpcshell'}
16:52:36     INFO - [mozharness: 2018-06-08 23:52:36.184530Z] Running clobber step.
16:52:36     INFO - Running pre-action listener: _resource_record_pre_action
16:52:36     INFO - Running main action method: clobber
16:52:36     INFO - rmtree: /builds/slave/test/build
16:52:36     INFO - Running post-action listener: _resource_record_post_action
16:52:36     INFO - [mozharness: 2018-06-08 23:52:36.199565Z] Finished clobber step (success)
16:52:36     INFO - [mozharness: 2018-06-08 23:52:36.200001Z] Running read-buildbot-config step.
16:52:36     INFO - Running pre-action listener: _resource_record_pre_action
16:52:36     INFO - Running main action method: read_buildbot_config
16:52:36     INFO - Using buildbot properties:
16:52:36     INFO - {
16:52:36     INFO -     "project": "", 
16:52:36     INFO -     "product": "firefox", 
16:52:36     INFO -     "script_repo_revision": "production", 
16:52:36     INFO -     "scheduler": "tests-mozilla-esr52-ubuntu64_vm-pgo-unittest", 
16:52:36     INFO -     "repository": "", 
16:52:36     INFO -     "buildername": "Ubuntu VM 12.04 x64 mozilla-esr52 pgo test mochitest-devtools-chrome-7", 
16:52:36     INFO -     "buildid": "20180608150819", 
16:52:36     INFO -     "pgo_build": "True", 
16:52:36     INFO -     "basedir": "/builds/slave/test", 
16:52:36     INFO -     "buildnumber": 27, 
16:52:36     INFO -     "slavename": "tst-linux64-spot-315", 
16:52:36     INFO -     "master": "http://buildbot-master54.bb.releng.usw2.mozilla.com:8201/", 
16:52:36     INFO -     "platform": "linux64", 
16:52:36     INFO -     "branch": "mozilla-esr52", 
16:52:36     INFO -     "revision": "cbfdf01aac455e0591471201c96b89dee98190b5", 
16:52:36     INFO -     "repo_path": "releases/mozilla-esr52", 
16:52:36     INFO -     "moz_repo_path": "", 
16:52:36     INFO -     "stage_platform": "linux64-pgo", 
16:52:36     INFO -     "builduid": "b298b373e93d4f8dbf92436c9ed838a2", 
16:52:36     INFO -     "slavebuilddir": "test"
16:52:36     INFO - }
16:52:36     INFO - Found installer url https://queue.taskcluster.net/v1/task/I1iAdq48Sa60c5BCPWswkg/artifacts/public/build/firefox-52.8.2.en-US.linux-x86_64.tar.bz2.
16:52:36     INFO - Found a test packages url https://queue.taskcluster.net/v1/task/I1iAdq48Sa60c5BCPWswkg/artifacts/public/build/firefox-52.8.2.en-US.linux-x86_64.test_packages.json.
16:52:36     INFO - Running post-action listener: _resource_record_post_action
16:52:36     INFO - [mozharness: 2018-06-08 23:52:36.210799Z] Finished read-buildbot-config step (success)
16:52:36     INFO - [mozharness: 2018-06-08 23:52:36.211209Z] Running download-and-extract step.
16:52:36     INFO - Running pre-action listener: _pre_download_and_extract
16:52:36  WARNING - Try message not found.
16:52:36     INFO - Running pre-action listener: _resource_record_pre_action
16:52:36     INFO - Running main action method: download_and_extract
16:52:36     INFO - mkdir: /builds/slave/test/build/tests
16:52:36     INFO - Downloading https://queue.taskcluster.net/v1/task/I1iAdq48Sa60c5BCPWswkg/artifacts/public/build/firefox-52.8.2.en-US.linux-x86_64.test_packages.json to /builds/slave/test/build/firefox-52.8.2.en-US.linux-x86_64.test_packages.json
16:52:36     INFO - retry: Calling _download_file with args: (), kwargs: {'url': 'https://queue.taskcluster.net/v1/task/I1iAdq48Sa60c5BCPWswkg/artifacts/public/build/firefox-52.8.2.en-US.linux-x86_64.test_packages.json', 'file_name': '/builds/slave/test/build/firefox-52.8.2.en-US.linux-x86_64.test_packages.json'}, attempt #1
16:52:37     INFO - Downloaded 1361 bytes.
16:52:37     INFO - Reading from file /builds/slave/test/build/firefox-52.8.2.en-US.linux-x86_64.test_packages.json
16:52:37     INFO - Using the following test package requirements:
16:52:37     INFO - {u'common': [u'firefox-52.8.2.en-US.linux-x86_64.common.tests.zip'],
16:52:37     INFO -  u'cppunittest': [u'firefox-52.8.2.en-US.linux-x86_64.common.tests.zip',
16:52:37     INFO -                   u'firefox-52.8.2.en-US.linux-x86_64.cppunittest.tests.zip'],
16:52:37     INFO -  u'gtest': [u'firefox-52.8.2.en-US.linux-x86_64.common.tests.zip',
16:52:37     INFO -             u'firefox-52.8.2.en-US.linux-x86_64.gtest.tests.zip'],
16:52:37     INFO -  u'jittest': [u'firefox-52.8.2.en-US.linux-x86_64.common.tests.zip',
16:52:37     INFO -               u'jsshell-linux-x86_64.zip'],
16:52:37     INFO -  u'mochitest': [u'firefox-52.8.2.en-US.linux-x86_64.common.tests.zip',
16:52:37     INFO -                 u'firefox-52.8.2.en-US.linux-x86_64.mochitest.tests.zip'],
16:52:37     INFO -  u'mozbase': [u'firefox-52.8.2.en-US.linux-x86_64.common.tests.zip'],
16:52:37     INFO -  u'reftest': [u'firefox-52.8.2.en-US.linux-x86_64.common.tests.zip',
16:52:37     INFO -               u'firefox-52.8.2.en-US.linux-x86_64.reftest.tests.zip'],
16:52:37     INFO -  u'talos': [u'firefox-52.8.2.en-US.linux-x86_64.common.tests.zip',
16:52:37     INFO -             u'firefox-52.8.2.en-US.linux-x86_64.talos.tests.zip'],
16:52:37     INFO -  u'web-platform': [u'firefox-52.8.2.en-US.linux-x86_64.common.tests.zip',
16:52:37     INFO -                    u'firefox-52.8.2.en-US.linux-x86_64.web-platform.tests.zip'],
16:52:37     INFO -  u'xpcshell': [u'firefox-52.8.2.en-US.linux-x86_64.common.tests.zip',
16:52:37     INFO -                u'firefox-52.8.2.en-US.linux-x86_64.xpcshell.tests.zip']}
16:52:37     INFO - Downloading packages: [u'firefox-52.8.2.en-US.linux-x86_64.common.tests.zip', u'firefox-52.8.2.en-US.linux-x86_64.mochitest.tests.zip'] for test suite category: mochitest
16:52:37     INFO - Adding 'mozinfo.json' for extraction from common.tests zip file
16:52:37     INFO - Downloading and extracting to /builds/slave/test/build/tests these dirs bin/*, certs/*, config/*, mach, marionette/*, modules/*, mozbase/*, tools/*, mochitest/*, mozinfo.json from https://queue.taskcluster.net/v1/task/I1iAdq48Sa60c5BCPWswkg/artifacts/public/build/firefox-52.8.2.en-US.linux-x86_64.common.tests.zip
16:52:37     INFO - retry: Calling fetch_url_into_memory with args: (), kwargs: {'url': u'https://queue.taskcluster.net/v1/task/I1iAdq48Sa60c5BCPWswkg/artifacts/public/build/firefox-52.8.2.en-US.linux-x86_64.common.tests.zip'}, attempt #1
16:52:37     INFO - Fetch https://queue.taskcluster.net/v1/task/I1iAdq48Sa60c5BCPWswkg/artifacts/public/build/firefox-52.8.2.en-US.linux-x86_64.common.tests.zip into memory
16:52:38     INFO - Http code: 200
16:52:38     INFO - via: 1.1 dc553909528b8b63475c922dc07d8ba6.cloudfront.net (CloudFront)
16:52:38     INFO - x-amz-cf-id: nVVt3qs-EKK95dssYCl2V6km7POvJGv7q7YEeJVt_KtH04F1nBUFjw==
16:52:38     INFO - x-amz-version-id: amyEguiG3.NEsCgIpfpr7ojoc30OcAP5
16:52:39     INFO - Expected file size: 22192748
16:52:39     INFO - Obtained file size: 22192748
16:52:40     INFO - Downloading and extracting to /builds/slave/test/build/tests these dirs bin/*, certs/*, config/*, mach, marionette/*, modules/*, mozbase/*, tools/*, mochitest/*, mozinfo.json from https://queue.taskcluster.net/v1/task/I1iAdq48Sa60c5BCPWswkg/artifacts/public/build/firefox-52.8.2.en-US.linux-x86_64.mochitest.tests.zip
16:52:40     INFO - retry: Calling fetch_url_into_memory with args: (), kwargs: {'url': u'https://queue.taskcluster.net/v1/task/I1iAdq48Sa60c5BCPWswkg/artifacts/public/build/firefox-52.8.2.en-US.linux-x86_64.mochitest.tests.zip'}, attempt #1
16:52:40     INFO - Fetch https://queue.taskcluster.net/v1/task/I1iAdq48Sa60c5BCPWswkg/artifacts/public/build/firefox-52.8.2.en-US.linux-x86_64.mochitest.tests.zip into memory
16:52:41     INFO - Http code: 200
16:52:41     INFO - via: 1.1 373880a309382d9266a9313233b86d25.cloudfront.net (CloudFront)
16:52:41     INFO - x-amz-cf-id: GGC0EgkW0gzezHZyE0qE3-TzE6du8iECe5_hXGKaH-f6Lw7vOADwMA==
16:52:41     INFO - x-amz-version-id: pVaLoGmwkPIw3WqAG.TA2Gozslw06heL
16:52:43     INFO - Expected file size: 80595071
16:52:43     INFO - Obtained file size: 80595071
16:53:09     INFO - Downloading https://queue.taskcluster.net/v1/task/I1iAdq48Sa60c5BCPWswkg/artifacts/public/build/firefox-52.8.2.en-US.linux-x86_64.tar.bz2 to /builds/slave/test/build/installer.tar.bz2
16:53:09     INFO - retry: Calling _download_file with args: (), kwargs: {'url': 'https://queue.taskcluster.net/v1/task/I1iAdq48Sa60c5BCPWswkg/artifacts/public/build/firefox-52.8.2.en-US.linux-x86_64.tar.bz2', 'file_name': '/builds/slave/test/build/installer.tar.bz2'}, attempt #1
16:53:11     INFO - Downloaded 57821935 bytes.
16:53:11     INFO - Setting buildbot property build_url to https://queue.taskcluster.net/v1/task/I1iAdq48Sa60c5BCPWswkg/artifacts/public/build/firefox-52.8.2.en-US.linux-x86_64.tar.bz2
16:53:11     INFO - mkdir: /builds/slave/test/properties
16:53:11     INFO - Writing buildbot properties ['build_url'] to /builds/slave/test/properties/build_url
16:53:11     INFO - Writing to file /builds/slave/test/properties/build_url
16:53:11     INFO - Contents:
16:53:11     INFO -  build_url:https://queue.taskcluster.net/v1/task/I1iAdq48Sa60c5BCPWswkg/artifacts/public/build/firefox-52.8.2.en-US.linux-x86_64.tar.bz2
16:53:12     INFO - Running post-action listener: _resource_record_post_action
16:53:12     INFO - Running post-action listener: set_extra_try_arguments
16:53:12     INFO - [mozharness: 2018-06-08 23:53:12.248092Z] Finished download-and-extract step (success)
16:53:12     INFO - [mozharness: 2018-06-08 23:53:12.248484Z] Running create-virtualenv step.
16:53:12     INFO - Running pre-action listener: _install_mozbase
16:53:12     INFO - Running pre-action listener: _pre_create_virtualenv
16:53:12     INFO - Running pre-action listener: _resource_record_pre_action
16:53:12     INFO - Running main action method: create_virtualenv
16:53:12     INFO - Creating virtualenv /builds/slave/test/build/venv
16:53:12     INFO - Running command: ['/tools/buildbot/bin/python', '/builds/slave/test/scripts/external_tools/virtualenv/virtualenv.py', '--always-copy', '/builds/slave/test/build/venv'] in /builds/slave/test/build
16:53:12     INFO - Copy/paste: /tools/buildbot/bin/python /builds/slave/test/scripts/external_tools/virtualenv/virtualenv.py --always-copy /builds/slave/test/build/venv
16:53:12     INFO - Using partial env: {'VIRTUALENV_NO_DOWNLOAD': '1'}
16:53:15     INFO -  Using real prefix '/usr'
16:53:15     INFO -  New python executable in /builds/slave/test/build/venv/bin/python
16:53:18     INFO -  Installing setuptools, pip, wheel...done.
16:53:18     INFO - Return code: 0
16:53:18     INFO - Installing psutil>=3.1.1 into virtualenv /builds/slave/test/build/venv
16:53:18     INFO - retry: Calling run_command with args: [['/builds/slave/test/build/venv/bin/pip', 'install', '--timeout', '120', '--no-index', '--find-links', 'http://pypi.pvt.build.mozilla.org/pub', '--find-links', 'http://pypi.pub.build.mozilla.org/pub', '--trusted-host', 'pypi.pub.build.mozilla.org', '--trusted-host', 'pypi.pvt.build.mozilla.org', 'psutil>=3.1.1']], kwargs: {'error_level': 'warning', 'error_list': [{'substr': 'not found or a compiler error:', 'level': 'warning'}, {'regex': <_sre.SRE_Pattern object at 0x7f3ca26b0110>, 'level': 'error'}, {'regex': <_sre.SRE_Pattern object at 0x7f3ca27b8e40>, 'level': 'warning'}, {'regex': <_sre.SRE_Pattern object at 0xeca3e0>, 'level': 'debug'}, {'substr': 'command not found', 'level': 'error'}, {'regex': <_sre.SRE_Pattern object at 0xec6a90>, 'level': 'warning'}, {'substr': 'Traceback (most recent call last)', 'level': 'error'}, {'substr': 'SyntaxError: ', 'level': 'error'}, {'substr': 'TypeError: ', 'level': 'error'}, {'substr': 'NameError: ', 'level': 'error'}, {'substr': 'ZeroDivisionError: ', 'level': 'error'}, {'regex': <_sre.SRE_Pattern object at 0xec83f0>, 'level': 'critical'}, {'regex': <_sre.SRE_Pattern object at 0xec8670>, 'level': 'critical'}], 'cwd': '/builds/slave/test/build', 'env': {'TMOUT': '86400', 'LOGNAME': 'cltbld', 'USER': 'cltbld', 'HOME': '/home/cltbld', 'PATH': '/usr/local/bin:/usr/local/bin:/usr/bin:/bin:/usr/local/games:/usr/games', 'DISPLAY': ':0', 'CCACHE_UMASK': '002', 'LANG': 'en_US.UTF-8', 'TERM': 'linux', 'SHELL': '/bin/bash', 'MOZ_NODE_PATH': '/usr/bin/node', 'XDG_SESSION_COOKIE': '9ca12473fbb1d023794ffd180000023c-1528501952.94634-295672137', 'SHLVL': '1', 'NO_FAIL_ON_TEST_ERRORS': '1', 'MOZ_NO_REMOTE': '1', 'MOZ_HIDE_RESULTS_TABLE': '1', 'MAIL': '/var/mail/cltbld', '_': '/tools/buildbot/bin/python', 'NODE_PATH': '/usr/lib/nodejs:/usr/lib/node_modules:/usr/share/javascript', 'PWD': '/builds/slave/test', 'PROPERTIES_FILE': '/builds/slave/test/buildprops.json', 'CCACHE_DIR': '/builds/ccache'}}, attempt #1
16:53:18     INFO - Running command: ['/builds/slave/test/build/venv/bin/pip', 'install', '--timeout', '120', '--no-index', '--find-links', 'http://pypi.pvt.build.mozilla.org/pub', '--find-links', 'http://pypi.pub.build.mozilla.org/pub', '--trusted-host', 'pypi.pub.build.mozilla.org', '--trusted-host', 'pypi.pvt.build.mozilla.org', 'psutil>=3.1.1'] in /builds/slave/test/build
16:53:18     INFO - Copy/paste: /builds/slave/test/build/venv/bin/pip install --timeout 120 --no-index --find-links http://pypi.pvt.build.mozilla.org/pub --find-links http://pypi.pub.build.mozilla.org/pub --trusted-host pypi.pub.build.mozilla.org --trusted-host pypi.pvt.build.mozilla.org psutil>=3.1.1
16:53:18     INFO - Using env: {'CCACHE_DIR': '/builds/ccache',
16:53:18     INFO -  'CCACHE_UMASK': '002',
16:53:18     INFO -  'DISPLAY': ':0',
16:53:18     INFO -  'HOME': '/home/cltbld',
16:53:18     INFO -  'LANG': 'en_US.UTF-8',
16:53:18     INFO -  'LOGNAME': 'cltbld',
16:53:18     INFO -  'MAIL': '/var/mail/cltbld',
16:53:18     INFO -  'MOZ_HIDE_RESULTS_TABLE': '1',
16:53:18     INFO -  'MOZ_NODE_PATH': '/usr/bin/node',
16:53:18     INFO -  'MOZ_NO_REMOTE': '1',
16:53:18     INFO -  'NODE_PATH': '/usr/lib/nodejs:/usr/lib/node_modules:/usr/share/javascript',
16:53:18     INFO -  'NO_FAIL_ON_TEST_ERRORS': '1',
16:53:18     INFO -  'PATH': '/usr/local/bin:/usr/local/bin:/usr/bin:/bin:/usr/local/games:/usr/games',
16:53:18     INFO -  'PROPERTIES_FILE': '/builds/slave/test/buildprops.json',
16:53:18     INFO -  'PWD': '/builds/slave/test',
16:53:18     INFO -  'SHELL': '/bin/bash',
16:53:18     INFO -  'SHLVL': '1',
16:53:18     INFO -  'TERM': 'linux',
16:53:18     INFO -  'TMOUT': '86400',
16:53:18     INFO -  'USER': 'cltbld',
16:53:18     INFO -  'XDG_SESSION_COOKIE': '9ca12473fbb1d023794ffd180000023c-1528501952.94634-295672137',
16:53:18     INFO -  '_': '/tools/buildbot/bin/python'}
16:53:19     INFO -  Ignoring indexes: https://pypi.python.org/simple
16:53:19     INFO -  Collecting psutil>=3.1.1
16:53:19     INFO -  /builds/slave/test/build/venv/lib/python2.7/site-packages/pip/_vendor/requests/packages/urllib3/util/ssl_.py:318: SNIMissingWarning: An HTTPS request has been made, but the SNI (Subject Name Indication) extension to TLS is not available on this platform. This may cause the server to present an incorrect TLS certificate, which can cause validation failures. You can upgrade to a newer version of Python to solve this. For more information, see https://urllib3.readthedocs.org/en/latest/security.html#snimissingwarning.
16:53:19     INFO -    SNIMissingWarning
16:53:19     INFO -  /builds/slave/test/build/venv/lib/python2.7/site-packages/pip/_vendor/requests/packages/urllib3/util/ssl_.py:122: InsecurePlatformWarning: A true SSLContext object is not available. This prevents urllib3 from configuring SSL appropriately and may cause certain SSL connections to fail. You can upgrade to a newer version of Python to solve this. For more information, see https://urllib3.readthedocs.org/en/latest/security.html#insecureplatformwarning.
16:53:19     INFO -    InsecurePlatformWarning
16:53:20     INFO -  /builds/slave/test/build/venv/lib/python2.7/site-packages/pip/_vendor/requests/packages/urllib3/util/ssl_.py:122: InsecurePlatformWarning: A true SSLContext object is not available. This prevents urllib3 from configuring SSL appropriately and may cause certain SSL connections to fail. You can upgrade to a newer version of Python to solve this. For more information, see https://urllib3.readthedocs.org/en/latest/security.html#insecureplatformwarning.
16:53:20     INFO -    InsecurePlatformWarning
16:53:24     INFO -    Downloading https://pypi.pvt.build.mozilla.org/pub/psutil-5.4.3.tar.gz (412kB)
16:53:25     INFO -  Building wheels for collected packages: psutil
16:53:25     INFO -    Running setup.py bdist_wheel for psutil: started
16:53:28     INFO -    Running setup.py bdist_wheel for psutil: finished with status 'done'
16:53:28     INFO -    Stored in directory: /home/cltbld/.cache/pip/wheels/30/c0/c3/5cdb2b64c0d47a81af9c62935a64d83948d2c2b3e7af3eeee2
16:53:28     INFO -  Successfully built psutil
16:53:28     INFO -  Installing collected packages: psutil
16:53:28     INFO -  Successfully installed psutil-5.4.3
16:53:28     INFO - Return code: 0
16:53:28     INFO - Installing mozsystemmonitor==0.3 into virtualenv /builds/slave/test/build/venv
16:53:28     INFO - retry: Calling run_command with args: [['/builds/slave/test/build/venv/bin/pip', 'install', '--timeout', '120', '--no-index', '--find-links', 'http://pypi.pvt.build.mozilla.org/pub', '--find-links', 'http://pypi.pub.build.mozilla.org/pub', '--trusted-host', 'pypi.pub.build.mozilla.org', '--trusted-host', 'pypi.pvt.build.mozilla.org', 'mozsystemmonitor==0.3']], kwargs: {'error_level': 'warning', 'error_list': [{'substr': 'not found or a compiler error:', 'level': 'warning'}, {'regex': <_sre.SRE_Pattern object at 0x7f3ca26b0110>, 'level': 'error'}, {'regex': <_sre.SRE_Pattern object at 0x7f3ca27b8e40>, 'level': 'warning'}, {'regex': <_sre.SRE_Pattern object at 0xeca3e0>, 'level': 'debug'}, {'substr': 'command not found', 'level': 'error'}, {'regex': <_sre.SRE_Pattern object at 0xec6a90>, 'level': 'warning'}, {'substr': 'Traceback (most recent call last)', 'level': 'error'}, {'substr': 'SyntaxError: ', 'level': 'error'}, {'substr': 'TypeError: ', 'level': 'error'}, {'substr': 'NameError: ', 'level': 'error'}, {'substr': 'ZeroDivisionError: ', 'level': 'error'}, {'regex': <_sre.SRE_Pattern object at 0xec83f0>, 'level': 'critical'}, {'regex': <_sre.SRE_Pattern object at 0xec8670>, 'level': 'critical'}], 'cwd': '/builds/slave/test/build', 'env': {'TMOUT': '86400', 'LOGNAME': 'cltbld', 'USER': 'cltbld', 'HOME': '/home/cltbld', 'PATH': '/usr/local/bin:/usr/local/bin:/usr/bin:/bin:/usr/local/games:/usr/games', 'DISPLAY': ':0', 'CCACHE_UMASK': '002', 'LANG': 'en_US.UTF-8', 'TERM': 'linux', 'SHELL': '/bin/bash', 'MOZ_NODE_PATH': '/usr/bin/node', 'XDG_SESSION_COOKIE': '9ca12473fbb1d023794ffd180000023c-1528501952.94634-295672137', 'SHLVL': '1', 'NO_FAIL_ON_TEST_ERRORS': '1', 'MOZ_NO_REMOTE': '1', 'MOZ_HIDE_RESULTS_TABLE': '1', 'MAIL': '/var/mail/cltbld', '_': '/tools/buildbot/bin/python', 'NODE_PATH': '/usr/lib/nodejs:/usr/lib/node_modules:/usr/share/javascript', 'PWD': '/builds/slave/test', 'PROPERTIES_FILE': '/builds/slave/test/buildprops.json', 'CCACHE_DIR': '/builds/ccache'}}, attempt #1
16:53:28     INFO - Running command: ['/builds/slave/test/build/venv/bin/pip', 'install', '--timeout', '120', '--no-index', '--find-links', 'http://pypi.pvt.build.mozilla.org/pub', '--find-links', 'http://pypi.pub.build.mozilla.org/pub', '--trusted-host', 'pypi.pub.build.mozilla.org', '--trusted-host', 'pypi.pvt.build.mozilla.org', 'mozsystemmonitor==0.3'] in /builds/slave/test/build
16:53:28     INFO - Copy/paste: /builds/slave/test/build/venv/bin/pip install --timeout 120 --no-index --find-links http://pypi.pvt.build.mozilla.org/pub --find-links http://pypi.pub.build.mozilla.org/pub --trusted-host pypi.pub.build.mozilla.org --trusted-host pypi.pvt.build.mozilla.org mozsystemmonitor==0.3
16:53:28     INFO - Using env: {'CCACHE_DIR': '/builds/ccache',
16:53:28     INFO -  'CCACHE_UMASK': '002',
16:53:28     INFO -  'DISPLAY': ':0',
16:53:28     INFO -  'HOME': '/home/cltbld',
16:53:28     INFO -  'LANG': 'en_US.UTF-8',
16:53:28     INFO -  'LOGNAME': 'cltbld',
16:53:28     INFO -  'MAIL': '/var/mail/cltbld',
16:53:28     INFO -  'MOZ_HIDE_RESULTS_TABLE': '1',
16:53:28     INFO -  'MOZ_NODE_PATH': '/usr/bin/node',
16:53:28     INFO -  'MOZ_NO_REMOTE': '1',
16:53:28     INFO -  'NODE_PATH': '/usr/lib/nodejs:/usr/lib/node_modules:/usr/share/javascript',
16:53:28     INFO -  'NO_FAIL_ON_TEST_ERRORS': '1',
16:53:28     INFO -  'PATH': '/usr/local/bin:/usr/local/bin:/usr/bin:/bin:/usr/local/games:/usr/games',
16:53:28     INFO -  'PROPERTIES_FILE': '/builds/slave/test/buildprops.json',
16:53:28     INFO -  'PWD': '/builds/slave/test',
16:53:28     INFO -  'SHELL': '/bin/bash',
16:53:28     INFO -  'SHLVL': '1',
16:53:28     INFO -  'TERM': 'linux',
16:53:28     INFO -  'TMOUT': '86400',
16:53:28     INFO -  'USER': 'cltbld',
16:53:28     INFO -  'XDG_SESSION_COOKIE': '9ca12473fbb1d023794ffd180000023c-1528501952.94634-295672137',
16:53:28     INFO -  '_': '/tools/buildbot/bin/python'}
16:53:29     INFO -  Ignoring indexes: https://pypi.python.org/simple
16:53:29     INFO -  Collecting mozsystemmonitor==0.3
16:53:29     INFO -  /builds/slave/test/build/venv/lib/python2.7/site-packages/pip/_vendor/requests/packages/urllib3/util/ssl_.py:318: SNIMissingWarning: An HTTPS request has been made, but the SNI (Subject Name Indication) extension to TLS is not available on this platform. This may cause the server to present an incorrect TLS certificate, which can cause validation failures. You can upgrade to a newer version of Python to solve this. For more information, see https://urllib3.readthedocs.org/en/latest/security.html#snimissingwarning.
16:53:29     INFO -    SNIMissingWarning
16:53:29     INFO -  /builds/slave/test/build/venv/lib/python2.7/site-packages/pip/_vendor/requests/packages/urllib3/util/ssl_.py:122: InsecurePlatformWarning: A true SSLContext object is not available. This prevents urllib3 from configuring SSL appropriately and may cause certain SSL connections to fail. You can upgrade to a newer version of Python to solve this. For more information, see https://urllib3.readthedocs.org/en/latest/security.html#insecureplatformwarning.
16:53:29     INFO -    InsecurePlatformWarning
16:53:31     INFO -  /builds/slave/test/build/venv/lib/python2.7/site-packages/pip/_vendor/requests/packages/urllib3/util/ssl_.py:122: InsecurePlatformWarning: A true SSLContext object is not available. This prevents urllib3 from configuring SSL appropriately and may cause certain SSL connections to fail. You can upgrade to a newer version of Python to solve this. For more information, see https://urllib3.readthedocs.org/en/latest/security.html#insecureplatformwarning.
16:53:31     INFO -    InsecurePlatformWarning
16:53:34     INFO -    Downloading https://pypi.pvt.build.mozilla.org/pub/mozsystemmonitor-0.3.tar.gz
16:53:35     INFO -  Requirement already satisfied (use --upgrade to upgrade): psutil>=3.1.1 in ./venv/lib/python2.7/site-packages (from mozsystemmonitor==0.3)
16:53:35     INFO -  Building wheels for collected packages: mozsystemmonitor
16:53:35     INFO -    Running setup.py bdist_wheel for mozsystemmonitor: started
16:53:35     INFO -    Running setup.py bdist_wheel for mozsystemmonitor: finished with status 'done'
16:53:35     INFO -    Stored in directory: /home/cltbld/.cache/pip/wheels/f4/b7/9c/8a88c92aaad7c1d8bbd68513e1d91ad7f62b7465808c516aa8
16:53:35     INFO -  Successfully built mozsystemmonitor
16:53:35     INFO -  Installing collected packages: mozsystemmonitor
16:53:35     INFO -  Successfully installed mozsystemmonitor-0.3
16:53:35     INFO - Return code: 0
16:53:35     INFO - Installing jsonschema==2.5.1 into virtualenv /builds/slave/test/build/venv
16:53:35     INFO - retry: Calling run_command with args: [['/builds/slave/test/build/venv/bin/pip', 'install', '--timeout', '120', '--no-index', '--find-links', 'http://pypi.pvt.build.mozilla.org/pub', '--find-links', 'http://pypi.pub.build.mozilla.org/pub', '--trusted-host', 'pypi.pub.build.mozilla.org', '--trusted-host', 'pypi.pvt.build.mozilla.org', 'jsonschema==2.5.1']], kwargs: {'error_level': 'warning', 'error_list': [{'substr': 'not found or a compiler error:', 'level': 'warning'}, {'regex': <_sre.SRE_Pattern object at 0x7f3ca26b0110>, 'level': 'error'}, {'regex': <_sre.SRE_Pattern object at 0x7f3ca27b8e40>, 'level': 'warning'}, {'regex': <_sre.SRE_Pattern object at 0xeca3e0>, 'level': 'debug'}, {'substr': 'command not found', 'level': 'error'}, {'regex': <_sre.SRE_Pattern object at 0xec6a90>, 'level': 'warning'}, {'substr': 'Traceback (most recent call last)', 'level': 'error'}, {'substr': 'SyntaxError: ', 'level': 'error'}, {'substr': 'TypeError: ', 'level': 'error'}, {'substr': 'NameError: ', 'level': 'error'}, {'substr': 'ZeroDivisionError: ', 'level': 'error'}, {'regex': <_sre.SRE_Pattern object at 0xec83f0>, 'level': 'critical'}, {'regex': <_sre.SRE_Pattern object at 0xec8670>, 'level': 'critical'}], 'cwd': '/builds/slave/test/build', 'env': {'TMOUT': '86400', 'LOGNAME': 'cltbld', 'USER': 'cltbld', 'HOME': '/home/cltbld', 'PATH': '/usr/local/bin:/usr/local/bin:/usr/bin:/bin:/usr/local/games:/usr/games', 'DISPLAY': ':0', 'CCACHE_UMASK': '002', 'LANG': 'en_US.UTF-8', 'TERM': 'linux', 'SHELL': '/bin/bash', 'MOZ_NODE_PATH': '/usr/bin/node', 'XDG_SESSION_COOKIE': '9ca12473fbb1d023794ffd180000023c-1528501952.94634-295672137', 'SHLVL': '1', 'NO_FAIL_ON_TEST_ERRORS': '1', 'MOZ_NO_REMOTE': '1', 'MOZ_HIDE_RESULTS_TABLE': '1', 'MAIL': '/var/mail/cltbld', '_': '/tools/buildbot/bin/python', 'NODE_PATH': '/usr/lib/nodejs:/usr/lib/node_modules:/usr/share/javascript', 'PWD': '/builds/slave/test', 'PROPERTIES_FILE': '/builds/slave/test/buildprops.json', 'CCACHE_DIR': '/builds/ccache'}}, attempt #1
16:53:35     INFO - Running command: ['/builds/slave/test/build/venv/bin/pip', 'install', '--timeout', '120', '--no-index', '--find-links', 'http://pypi.pvt.build.mozilla.org/pub', '--find-links', 'http://pypi.pub.build.mozilla.org/pub', '--trusted-host', 'pypi.pub.build.mozilla.org', '--trusted-host', 'pypi.pvt.build.mozilla.org', 'jsonschema==2.5.1'] in /builds/slave/test/build
16:53:35     INFO - Copy/paste: /builds/slave/test/build/venv/bin/pip install --timeout 120 --no-index --find-links http://pypi.pvt.build.mozilla.org/pub --find-links http://pypi.pub.build.mozilla.org/pub --trusted-host pypi.pub.build.mozilla.org --trusted-host pypi.pvt.build.mozilla.org jsonschema==2.5.1
16:53:35     INFO - Using env: {'CCACHE_DIR': '/builds/ccache',
16:53:35     INFO -  'CCACHE_UMASK': '002',
16:53:35     INFO -  'DISPLAY': ':0',
16:53:35     INFO -  'HOME': '/home/cltbld',
16:53:35     INFO -  'LANG': 'en_US.UTF-8',
16:53:35     INFO -  'LOGNAME': 'cltbld',
16:53:35     INFO -  'MAIL': '/var/mail/cltbld',
16:53:35     INFO -  'MOZ_HIDE_RESULTS_TABLE': '1',
16:53:35     INFO -  'MOZ_NODE_PATH': '/usr/bin/node',
16:53:35     INFO -  'MOZ_NO_REMOTE': '1',
16:53:35     INFO -  'NODE_PATH': '/usr/lib/nodejs:/usr/lib/node_modules:/usr/share/javascript',
16:53:35     INFO -  'NO_FAIL_ON_TEST_ERRORS': '1',
16:53:35     INFO -  'PATH': '/usr/local/bin:/usr/local/bin:/usr/bin:/bin:/usr/local/games:/usr/games',
16:53:35     INFO -  'PROPERTIES_FILE': '/builds/slave/test/buildprops.json',
16:53:35     INFO -  'PWD': '/builds/slave/test',
16:53:35     INFO -  'SHELL': '/bin/bash',
16:53:35     INFO -  'SHLVL': '1',
16:53:35     INFO -  'TERM': 'linux',
16:53:35     INFO -  'TMOUT': '86400',
16:53:35     INFO -  'USER': 'cltbld',
16:53:35     INFO -  'XDG_SESSION_COOKIE': '9ca12473fbb1d023794ffd180000023c-1528501952.94634-295672137',
16:53:35     INFO -  '_': '/tools/buildbot/bin/python'}
16:53:36     INFO -  Ignoring indexes: https://pypi.python.org/simple
16:53:36     INFO -  Collecting jsonschema==2.5.1
16:53:36     INFO -  /builds/slave/test/build/venv/lib/python2.7/site-packages/pip/_vendor/requests/packages/urllib3/util/ssl_.py:318: SNIMissingWarning: An HTTPS request has been made, but the SNI (Subject Name Indication) extension to TLS is not available on this platform. This may cause the server to present an incorrect TLS certificate, which can cause validation failures. You can upgrade to a newer version of Python to solve this. For more information, see https://urllib3.readthedocs.org/en/latest/security.html#snimissingwarning.
16:53:36     INFO -    SNIMissingWarning
16:53:36     INFO -  /builds/slave/test/build/venv/lib/python2.7/site-packages/pip/_vendor/requests/packages/urllib3/util/ssl_.py:122: InsecurePlatformWarning: A true SSLContext object is not available. This prevents urllib3 from configuring SSL appropriately and may cause certain SSL connections to fail. You can upgrade to a newer version of Python to solve this. For more information, see https://urllib3.readthedocs.org/en/latest/security.html#insecureplatformwarning.
16:53:36     INFO -    InsecurePlatformWarning
16:53:37     INFO -  /builds/slave/test/build/venv/lib/python2.7/site-packages/pip/_vendor/requests/packages/urllib3/util/ssl_.py:122: InsecurePlatformWarning: A true SSLContext object is not available. This prevents urllib3 from configuring SSL appropriately and may cause certain SSL connections to fail. You can upgrade to a newer version of Python to solve this. For more information, see https://urllib3.readthedocs.org/en/latest/security.html#insecureplatformwarning.
16:53:37     INFO -    InsecurePlatformWarning
16:53:41     INFO -    Downloading https://pypi.pvt.build.mozilla.org/pub/jsonschema-2.5.1-py2.py3-none-any.whl
16:53:41     INFO -  Collecting functools32; python_version == "2.7" (from jsonschema==2.5.1)
16:53:45     INFO -    Downloading https://pypi.pvt.build.mozilla.org/pub/functools32-3.2.3-2.tar.gz
16:53:46     INFO -  Building wheels for collected packages: functools32
16:53:46     INFO -    Running setup.py bdist_wheel for functools32: started
16:53:46     INFO -    Running setup.py bdist_wheel for functools32: finished with status 'done'
16:53:46     INFO -    Stored in directory: /home/cltbld/.cache/pip/wheels/60/8e/5c/cd0944700dbec48e57da97dbe11bcc84b1332f6b43bc89d9b7
16:53:46     INFO -  Successfully built functools32
16:53:46     INFO -  Installing collected packages: functools32, jsonschema
16:53:46     INFO -  Successfully installed functools32-3.2.3.post2 jsonschema-2.5.1
16:53:47     INFO - Return code: 0
16:53:47     INFO - Installing functools32==3.2.3-2 into virtualenv /builds/slave/test/build/venv
16:53:47     INFO - retry: Calling run_command with args: [['/builds/slave/test/build/venv/bin/pip', 'install', '--timeout', '120', '--no-index', '--find-links', 'http://pypi.pvt.build.mozilla.org/pub', '--find-links', 'http://pypi.pub.build.mozilla.org/pub', '--trusted-host', 'pypi.pub.build.mozilla.org', '--trusted-host', 'pypi.pvt.build.mozilla.org', 'functools32==3.2.3-2']], kwargs: {'error_level': 'warning', 'error_list': [{'substr': 'not found or a compiler error:', 'level': 'warning'}, {'regex': <_sre.SRE_Pattern object at 0x7f3ca26b0110>, 'level': 'error'}, {'regex': <_sre.SRE_Pattern object at 0x7f3ca27b8e40>, 'level': 'warning'}, {'regex': <_sre.SRE_Pattern object at 0xeca3e0>, 'level': 'debug'}, {'substr': 'command not found', 'level': 'error'}, {'regex': <_sre.SRE_Pattern object at 0xec6a90>, 'level': 'warning'}, {'substr': 'Traceback (most recent call last)', 'level': 'error'}, {'substr': 'SyntaxError: ', 'level': 'error'}, {'substr': 'TypeError: ', 'level': 'error'}, {'substr': 'NameError: ', 'level': 'error'}, {'substr': 'ZeroDivisionError: ', 'level': 'error'}, {'regex': <_sre.SRE_Pattern object at 0xec83f0>, 'level': 'critical'}, {'regex': <_sre.SRE_Pattern object at 0xec8670>, 'level': 'critical'}], 'cwd': '/builds/slave/test/build', 'env': {'TMOUT': '86400', 'LOGNAME': 'cltbld', 'USER': 'cltbld', 'HOME': '/home/cltbld', 'PATH': '/usr/local/bin:/usr/local/bin:/usr/bin:/bin:/usr/local/games:/usr/games', 'DISPLAY': ':0', 'CCACHE_UMASK': '002', 'LANG': 'en_US.UTF-8', 'TERM': 'linux', 'SHELL': '/bin/bash', 'MOZ_NODE_PATH': '/usr/bin/node', 'XDG_SESSION_COOKIE': '9ca12473fbb1d023794ffd180000023c-1528501952.94634-295672137', 'SHLVL': '1', 'NO_FAIL_ON_TEST_ERRORS': '1', 'MOZ_NO_REMOTE': '1', 'MOZ_HIDE_RESULTS_TABLE': '1', 'MAIL': '/var/mail/cltbld', '_': '/tools/buildbot/bin/python', 'NODE_PATH': '/usr/lib/nodejs:/usr/lib/node_modules:/usr/share/javascript', 'PWD': '/builds/slave/test', 'PROPERTIES_FILE': '/builds/slave/test/buildprops.json', 'CCACHE_DIR': '/builds/ccache'}}, attempt #1
16:53:47     INFO - Running command: ['/builds/slave/test/build/venv/bin/pip', 'install', '--timeout', '120', '--no-index', '--find-links', 'http://pypi.pvt.build.mozilla.org/pub', '--find-links', 'http://pypi.pub.build.mozilla.org/pub', '--trusted-host', 'pypi.pub.build.mozilla.org', '--trusted-host', 'pypi.pvt.build.mozilla.org', 'functools32==3.2.3-2'] in /builds/slave/test/build
16:53:47     INFO - Copy/paste: /builds/slave/test/build/venv/bin/pip install --timeout 120 --no-index --find-links http://pypi.pvt.build.mozilla.org/pub --find-links http://pypi.pub.build.mozilla.org/pub --trusted-host pypi.pub.build.mozilla.org --trusted-host pypi.pvt.build.mozilla.org functools32==3.2.3-2
16:53:47     INFO - Using env: {'CCACHE_DIR': '/builds/ccache',
16:53:47     INFO -  'CCACHE_UMASK': '002',
16:53:47     INFO -  'DISPLAY': ':0',
16:53:47     INFO -  'HOME': '/home/cltbld',
16:53:47     INFO -  'LANG': 'en_US.UTF-8',
16:53:47     INFO -  'LOGNAME': 'cltbld',
16:53:47     INFO -  'MAIL': '/var/mail/cltbld',
16:53:47     INFO -  'MOZ_HIDE_RESULTS_TABLE': '1',
16:53:47     INFO -  'MOZ_NODE_PATH': '/usr/bin/node',
16:53:47     INFO -  'MOZ_NO_REMOTE': '1',
16:53:47     INFO -  'NODE_PATH': '/usr/lib/nodejs:/usr/lib/node_modules:/usr/share/javascript',
16:53:47     INFO -  'NO_FAIL_ON_TEST_ERRORS': '1',
16:53:47     INFO -  'PATH': '/usr/local/bin:/usr/local/bin:/usr/bin:/bin:/usr/local/games:/usr/games',
16:53:47     INFO -  'PROPERTIES_FILE': '/builds/slave/test/buildprops.json',
16:53:47     INFO -  'PWD': '/builds/slave/test',
16:53:47     INFO -  'SHELL': '/bin/bash',
16:53:47     INFO -  'SHLVL': '1',
16:53:47     INFO -  'TERM': 'linux',
16:53:47     INFO -  'TMOUT': '86400',
16:53:47     INFO -  'USER': 'cltbld',
16:53:47     INFO -  'XDG_SESSION_COOKIE': '9ca12473fbb1d023794ffd180000023c-1528501952.94634-295672137',
16:53:47     INFO -  '_': '/tools/buildbot/bin/python'}
16:53:47     INFO -  Ignoring indexes: https://pypi.python.org/simple
16:53:47     INFO -  Requirement already satisfied (use --upgrade to upgrade): functools32==3.2.3-2 in ./venv/lib/python2.7/site-packages
16:53:48     INFO - Return code: 0
16:53:48     INFO - Installing blobuploader==1.2.4 into virtualenv /builds/slave/test/build/venv
16:53:48     INFO - retry: Calling run_command with args: [['/builds/slave/test/build/venv/bin/pip', 'install', '--timeout', '120', '--no-index', '--find-links', 'http://pypi.pvt.build.mozilla.org/pub', '--find-links', 'http://pypi.pub.build.mozilla.org/pub', '--trusted-host', 'pypi.pub.build.mozilla.org', '--trusted-host', 'pypi.pvt.build.mozilla.org', 'blobuploader==1.2.4']], kwargs: {'error_level': 'warning', 'error_list': [{'substr': 'not found or a compiler error:', 'level': 'warning'}, {'regex': <_sre.SRE_Pattern object at 0x7f3ca26b0110>, 'level': 'error'}, {'regex': <_sre.SRE_Pattern object at 0x7f3ca27b8e40>, 'level': 'warning'}, {'regex': <_sre.SRE_Pattern object at 0xeca3e0>, 'level': 'debug'}, {'substr': 'command not found', 'level': 'error'}, {'regex': <_sre.SRE_Pattern object at 0xec6a90>, 'level': 'warning'}, {'substr': 'Traceback (most recent call last)', 'level': 'error'}, {'substr': 'SyntaxError: ', 'level': 'error'}, {'substr': 'TypeError: ', 'level': 'error'}, {'substr': 'NameError: ', 'level': 'error'}, {'substr': 'ZeroDivisionError: ', 'level': 'error'}, {'regex': <_sre.SRE_Pattern object at 0xec83f0>, 'level': 'critical'}, {'regex': <_sre.SRE_Pattern object at 0xec8670>, 'level': 'critical'}], 'cwd': '/builds/slave/test/build', 'env': {'TMOUT': '86400', 'LOGNAME': 'cltbld', 'USER': 'cltbld', 'HOME': '/home/cltbld', 'PATH': '/usr/local/bin:/usr/local/bin:/usr/bin:/bin:/usr/local/games:/usr/games', 'DISPLAY': ':0', 'CCACHE_UMASK': '002', 'LANG': 'en_US.UTF-8', 'TERM': 'linux', 'SHELL': '/bin/bash', 'MOZ_NODE_PATH': '/usr/bin/node', 'XDG_SESSION_COOKIE': '9ca12473fbb1d023794ffd180000023c-1528501952.94634-295672137', 'SHLVL': '1', 'NO_FAIL_ON_TEST_ERRORS': '1', 'MOZ_NO_REMOTE': '1', 'MOZ_HIDE_RESULTS_TABLE': '1', 'MAIL': '/var/mail/cltbld', '_': '/tools/buildbot/bin/python', 'NODE_PATH': '/usr/lib/nodejs:/usr/lib/node_modules:/usr/share/javascript', 'PWD': '/builds/slave/test', 'PROPERTIES_FILE': '/builds/slave/test/buildprops.json', 'CCACHE_DIR': '/builds/ccache'}}, attempt #1
16:53:48     INFO - Running command: ['/builds/slave/test/build/venv/bin/pip', 'install', '--timeout', '120', '--no-index', '--find-links', 'http://pypi.pvt.build.mozilla.org/pub', '--find-links', 'http://pypi.pub.build.mozilla.org/pub', '--trusted-host', 'pypi.pub.build.mozilla.org', '--trusted-host', 'pypi.pvt.build.mozilla.org', 'blobuploader==1.2.4'] in /builds/slave/test/build
16:53:48     INFO - Copy/paste: /builds/slave/test/build/venv/bin/pip install --timeout 120 --no-index --find-links http://pypi.pvt.build.mozilla.org/pub --find-links http://pypi.pub.build.mozilla.org/pub --trusted-host pypi.pub.build.mozilla.org --trusted-host pypi.pvt.build.mozilla.org blobuploader==1.2.4
16:53:48     INFO - Using env: {'CCACHE_DIR': '/builds/ccache',
16:53:48     INFO -  'CCACHE_UMASK': '002',
16:53:48     INFO -  'DISPLAY': ':0',
16:53:48     INFO -  'HOME': '/home/cltbld',
16:53:48     INFO -  'LANG': 'en_US.UTF-8',
16:53:48     INFO -  'LOGNAME': 'cltbld',
16:53:48     INFO -  'MAIL': '/var/mail/cltbld',
16:53:48     INFO -  'MOZ_HIDE_RESULTS_TABLE': '1',
16:53:48     INFO -  'MOZ_NODE_PATH': '/usr/bin/node',
16:53:48     INFO -  'MOZ_NO_REMOTE': '1',
16:53:48     INFO -  'NODE_PATH': '/usr/lib/nodejs:/usr/lib/node_modules:/usr/share/javascript',
16:53:48     INFO -  'NO_FAIL_ON_TEST_ERRORS': '1',
16:53:48     INFO -  'PATH': '/usr/local/bin:/usr/local/bin:/usr/bin:/bin:/usr/local/games:/usr/games',
16:53:48     INFO -  'PROPERTIES_FILE': '/builds/slave/test/buildprops.json',
16:53:48     INFO -  'PWD': '/builds/slave/test',
16:53:48     INFO -  'SHELL': '/bin/bash',
16:53:48     INFO -  'SHLVL': '1',
16:53:48     INFO -  'TERM': 'linux',
16:53:48     INFO -  'TMOUT': '86400',
16:53:48     INFO -  'USER': 'cltbld',
16:53:48     INFO -  'XDG_SESSION_COOKIE': '9ca12473fbb1d023794ffd180000023c-1528501952.94634-295672137',
16:53:48     INFO -  '_': '/tools/buildbot/bin/python'}
16:53:48     INFO -  Ignoring indexes: https://pypi.python.org/simple
16:53:48     INFO -  Collecting blobuploader==1.2.4
16:53:48     INFO -  /builds/slave/test/build/venv/lib/python2.7/site-packages/pip/_vendor/requests/packages/urllib3/util/ssl_.py:318: SNIMissingWarning: An HTTPS request has been made, but the SNI (Subject Name Indication) extension to TLS is not available on this platform. This may cause the server to present an incorrect TLS certificate, which can cause validation failures. You can upgrade to a newer version of Python to solve this. For more information, see https://urllib3.readthedocs.org/en/latest/security.html#snimissingwarning.
16:53:48     INFO -    SNIMissingWarning
16:53:48     INFO -  /builds/slave/test/build/venv/lib/python2.7/site-packages/pip/_vendor/requests/packages/urllib3/util/ssl_.py:122: InsecurePlatformWarning: A true SSLContext object is not available. This prevents urllib3 from configuring SSL appropriately and may cause certain SSL connections to fail. You can upgrade to a newer version of Python to solve this. For more information, see https://urllib3.readthedocs.org/en/latest/security.html#insecureplatformwarning.
16:53:48     INFO -    InsecurePlatformWarning
16:53:50     INFO -  /builds/slave/test/build/venv/lib/python2.7/site-packages/pip/_vendor/requests/packages/urllib3/util/ssl_.py:122: InsecurePlatformWarning: A true SSLContext object is not available. This prevents urllib3 from configuring SSL appropriately and may cause certain SSL connections to fail. You can upgrade to a newer version of Python to solve this. For more information, see https://urllib3.readthedocs.org/en/latest/security.html#insecureplatformwarning.
16:53:50     INFO -    InsecurePlatformWarning
16:53:53     INFO -    Downloading https://pypi.pvt.build.mozilla.org/pub/blobuploader-1.2.4.tar.gz
16:53:54     INFO -  Collecting requests==1.2.3. (from blobuploader==1.2.4)
16:53:58     INFO -    Downloading https://pypi.pvt.build.mozilla.org/pub/requests-1.2.3.tar.gz (348kB)
16:53:59     INFO -  Collecting docopt==0.6.1 (from blobuploader==1.2.4)
16:54:03     INFO -    Downloading https://pypi.pvt.build.mozilla.org/pub/docopt-0.6.1.tar.gz
16:54:03     INFO -  Building wheels for collected packages: blobuploader, requests, docopt
16:54:03     INFO -    Running setup.py bdist_wheel for blobuploader: started
16:54:04     INFO -    Running setup.py bdist_wheel for blobuploader: finished with status 'done'
16:54:04     INFO -    Stored in directory: /home/cltbld/.cache/pip/wheels/a7/2a/47/2d3828e4129ffeb548a26f4a87889dc9bc1a58e201a0ff8655
16:54:04     INFO -    Running setup.py bdist_wheel for requests: started
16:54:05     INFO -    Running setup.py bdist_wheel for requests: finished with status 'done'
16:54:05     INFO -    Stored in directory: /home/cltbld/.cache/pip/wheels/65/bb/90/359b65a7043ffc879dde877c4ad827f452218808c6cccf2658
16:54:05     INFO -    Running setup.py bdist_wheel for docopt: started
16:54:05     INFO -    Running setup.py bdist_wheel for docopt: finished with status 'done'
16:54:05     INFO -    Stored in directory: /home/cltbld/.cache/pip/wheels/ac/8b/84/7dbe9ada02c48c352fa733c81648516f92c6436f9d5bffad41
16:54:05     INFO -  Successfully built blobuploader requests docopt
16:54:05     INFO -  Installing collected packages: requests, docopt, blobuploader
16:54:06     INFO -  Successfully installed blobuploader-1.2.4 docopt-0.6.1 requests-1.2.3
16:54:06     INFO - Return code: 0
16:54:06     INFO - Installing None into virtualenv /builds/slave/test/build/venv
16:54:06     INFO - retry: Calling run_command with args: [['/builds/slave/test/build/venv/bin/pip', 'install', '--no-deps', '--timeout', '120', '-r', '/builds/slave/test/build/tests/config/mozbase_requirements.txt', '--no-index', '--find-links', 'http://pypi.pvt.build.mozilla.org/pub', '--find-links', 'http://pypi.pub.build.mozilla.org/pub', '--trusted-host', 'pypi.pub.build.mozilla.org', '--trusted-host', 'pypi.pvt.build.mozilla.org']], kwargs: {'error_level': 'warning', 'error_list': [{'substr': 'not found or a compiler error:', 'level': 'warning'}, {'regex': <_sre.SRE_Pattern object at 0x7f3ca26b0110>, 'level': 'error'}, {'regex': <_sre.SRE_Pattern object at 0x7f3ca27b8e40>, 'level': 'warning'}, {'regex': <_sre.SRE_Pattern object at 0xeca3e0>, 'level': 'debug'}, {'substr': 'command not found', 'level': 'error'}, {'regex': <_sre.SRE_Pattern object at 0xec6a90>, 'level': 'warning'}, {'substr': 'Traceback (most recent call last)', 'level': 'error'}, {'substr': 'SyntaxError: ', 'level': 'error'}, {'substr': 'TypeError: ', 'level': 'error'}, {'substr': 'NameError: ', 'level': 'error'}, {'substr': 'ZeroDivisionError: ', 'level': 'error'}, {'regex': <_sre.SRE_Pattern object at 0xec83f0>, 'level': 'critical'}, {'regex': <_sre.SRE_Pattern object at 0xec8670>, 'level': 'critical'}], 'cwd': '/builds/slave/test/build/tests/config', 'env': {'TMOUT': '86400', 'LOGNAME': 'cltbld', 'USER': 'cltbld', 'HOME': '/home/cltbld', 'PATH': '/usr/local/bin:/usr/local/bin:/usr/bin:/bin:/usr/local/games:/usr/games', 'DISPLAY': ':0', 'CCACHE_UMASK': '002', 'LANG': 'en_US.UTF-8', 'TERM': 'linux', 'SHELL': '/bin/bash', 'MOZ_NODE_PATH': '/usr/bin/node', 'XDG_SESSION_COOKIE': '9ca12473fbb1d023794ffd180000023c-1528501952.94634-295672137', 'SHLVL': '1', 'NO_FAIL_ON_TEST_ERRORS': '1', 'MOZ_NO_REMOTE': '1', 'MOZ_HIDE_RESULTS_TABLE': '1', 'MAIL': '/var/mail/cltbld', '_': '/tools/buildbot/bin/python', 'NODE_PATH': '/usr/lib/nodejs:/usr/lib/node_modules:/usr/share/javascript', 'PWD': '/builds/slave/test', 'PROPERTIES_FILE': '/builds/slave/test/buildprops.json', 'CCACHE_DIR': '/builds/ccache'}}, attempt #1
16:54:06     INFO - Running command: ['/builds/slave/test/build/venv/bin/pip', 'install', '--no-deps', '--timeout', '120', '-r', '/builds/slave/test/build/tests/config/mozbase_requirements.txt', '--no-index', '--find-links', 'http://pypi.pvt.build.mozilla.org/pub', '--find-links', 'http://pypi.pub.build.mozilla.org/pub', '--trusted-host', 'pypi.pub.build.mozilla.org', '--trusted-host', 'pypi.pvt.build.mozilla.org'] in /builds/slave/test/build/tests/config
16:54:06     INFO - Copy/paste: /builds/slave/test/build/venv/bin/pip install --no-deps --timeout 120 -r /builds/slave/test/build/tests/config/mozbase_requirements.txt --no-index --find-links http://pypi.pvt.build.mozilla.org/pub --find-links http://pypi.pub.build.mozilla.org/pub --trusted-host pypi.pub.build.mozilla.org --trusted-host pypi.pvt.build.mozilla.org
16:54:06     INFO - Using env: {'CCACHE_DIR': '/builds/ccache',
16:54:06     INFO -  'CCACHE_UMASK': '002',
16:54:06     INFO -  'DISPLAY': ':0',
16:54:06     INFO -  'HOME': '/home/cltbld',
16:54:06     INFO -  'LANG': 'en_US.UTF-8',
16:54:06     INFO -  'LOGNAME': 'cltbld',
16:54:06     INFO -  'MAIL': '/var/mail/cltbld',
16:54:06     INFO -  'MOZ_HIDE_RESULTS_TABLE': '1',
16:54:06     INFO -  'MOZ_NODE_PATH': '/usr/bin/node',
16:54:06     INFO -  'MOZ_NO_REMOTE': '1',
16:54:06     INFO -  'NODE_PATH': '/usr/lib/nodejs:/usr/lib/node_modules:/usr/share/javascript',
16:54:06     INFO -  'NO_FAIL_ON_TEST_ERRORS': '1',
16:54:06     INFO -  'PATH': '/usr/local/bin:/usr/local/bin:/usr/bin:/bin:/usr/local/games:/usr/games',
16:54:06     INFO -  'PROPERTIES_FILE': '/builds/slave/test/buildprops.json',
16:54:06     INFO -  'PWD': '/builds/slave/test',
16:54:06     INFO -  'SHELL': '/bin/bash',
16:54:06     INFO -  'SHLVL': '1',
16:54:06     INFO -  'TERM': 'linux',
16:54:06     INFO -  'TMOUT': '86400',
16:54:06     INFO -  'USER': 'cltbld',
16:54:06     INFO -  'XDG_SESSION_COOKIE': '9ca12473fbb1d023794ffd180000023c-1528501952.94634-295672137',
16:54:06     INFO -  '_': '/tools/buildbot/bin/python'}
16:54:07     INFO -  Ignoring indexes: https://pypi.python.org/simple
16:54:07     INFO -  Processing /builds/slave/test/build/tests/mozbase/manifestparser
16:54:08     INFO -  Processing /builds/slave/test/build/tests/mozbase/mozcrash
16:54:08     INFO -  Processing /builds/slave/test/build/tests/mozbase/mozdebug
16:54:08     INFO -  Processing /builds/slave/test/build/tests/mozbase/mozdevice
16:54:09     INFO -  Processing /builds/slave/test/build/tests/mozbase/mozfile
16:54:09     INFO -  Processing /builds/slave/test/build/tests/mozbase/mozhttpd
16:54:09     INFO -  Processing /builds/slave/test/build/tests/mozbase/mozinfo
16:54:10     INFO -  Processing /builds/slave/test/build/tests/mozbase/mozinstall
16:54:10     INFO -  Processing /builds/slave/test/build/tests/mozbase/mozleak
16:54:10     INFO -  Processing /builds/slave/test/build/tests/mozbase/mozlog
16:54:11     INFO -  Processing /builds/slave/test/build/tests/mozbase/moznetwork
16:54:11     INFO -  Processing /builds/slave/test/build/tests/mozbase/mozprocess
16:54:12     INFO -  Processing /builds/slave/test/build/tests/mozbase/mozprofile
16:54:12     INFO -  Processing /builds/slave/test/build/tests/mozbase/mozrunner
16:54:12     INFO -  Processing /builds/slave/test/build/tests/mozbase/mozscreenshot
16:54:13     INFO -  Processing /builds/slave/test/build/tests/mozbase/moztest
16:54:13     INFO -  Processing /builds/slave/test/build/tests/mozbase/mozversion
16:54:13     INFO -  Installing collected packages: manifestparser, mozcrash, mozdebug, mozdevice, mozfile, mozhttpd, mozinfo, mozInstall, mozleak, mozlog, moznetwork, mozprocess, mozprofile, mozrunner, mozscreenshot, moztest, mozversion
16:54:13     INFO -    Running setup.py install for manifestparser: started
16:54:14     INFO -      Running setup.py install for manifestparser: finished with status 'done'
16:54:14     INFO -    Running setup.py install for mozcrash: started
16:54:14     INFO -      Running setup.py install for mozcrash: finished with status 'done'
16:54:14     INFO -    Running setup.py install for mozdebug: started
16:54:15     INFO -      Running setup.py install for mozdebug: finished with status 'done'
16:54:15     INFO -    Running setup.py install for mozdevice: started
16:54:15     INFO -      Running setup.py install for mozdevice: finished with status 'done'
16:54:15     INFO -    Running setup.py install for mozfile: started
16:54:15     INFO -      Running setup.py install for mozfile: finished with status 'done'
16:54:15     INFO -    Running setup.py install for mozhttpd: started
16:54:16     INFO -      Running setup.py install for mozhttpd: finished with status 'done'
16:54:16     INFO -    Running setup.py install for mozinfo: started
16:54:16     INFO -      Running setup.py install for mozinfo: finished with status 'done'
16:54:16     INFO -    Running setup.py install for mozInstall: started
16:54:17     INFO -      Running setup.py install for mozInstall: finished with status 'done'
16:54:17     INFO -    Running setup.py install for mozleak: started
16:54:17     INFO -      Running setup.py install for mozleak: finished with status 'done'
16:54:17     INFO -    Running setup.py install for mozlog: started
16:54:18     INFO -      Running setup.py install for mozlog: finished with status 'done'
16:54:18     INFO -    Running setup.py install for moznetwork: started
16:54:18     INFO -      Running setup.py install for moznetwork: finished with status 'done'
16:54:18     INFO -    Running setup.py install for mozprocess: started
16:54:18     INFO -      Running setup.py install for mozprocess: finished with status 'done'
16:54:18     INFO -    Running setup.py install for mozprofile: started
16:54:19     INFO -      Running setup.py install for mozprofile: finished with status 'done'
16:54:19     INFO -    Running setup.py install for mozrunner: started
16:54:19     INFO -      Running setup.py install for mozrunner: finished with status 'done'
16:54:19     INFO -    Running setup.py install for mozscreenshot: started
16:54:20     INFO -      Running setup.py install for mozscreenshot: finished with status 'done'
16:54:20     INFO -    Running setup.py install for moztest: started
16:54:20     INFO -      Running setup.py install for moztest: finished with status 'done'
16:54:20     INFO -    Running setup.py install for mozversion: started
16:54:21     INFO -      Running setup.py install for mozversion: finished with status 'done'
16:54:21     INFO -  Successfully installed manifestparser-1.1 mozInstall-1.12 mozcrash-1.0 mozdebug-0.1 mozdevice-0.48 mozfile-1.2 mozhttpd-0.7 mozinfo-0.9 mozleak-0.1 mozlog-3.4 moznetwork-0.27 mozprocess-0.23 mozprofile-0.28 mozrunner-6.13 mozscreenshot-0.1 moztest-0.8 mozversion-1.4
16:54:21     INFO - Return code: 0
16:54:21     INFO - Installing None into virtualenv /builds/slave/test/build/venv
16:54:21     INFO - retry: Calling run_command with args: [['/builds/slave/test/build/venv/bin/pip', 'install', '--timeout', '120', '-r', '/builds/slave/test/build/tests/config/mozbase_requirements.txt', '--no-index', '--find-links', 'http://pypi.pvt.build.mozilla.org/pub', '--find-links', 'http://pypi.pub.build.mozilla.org/pub', '--trusted-host', 'pypi.pub.build.mozilla.org', '--trusted-host', 'pypi.pvt.build.mozilla.org']], kwargs: {'error_level': 'warning', 'error_list': [{'substr': 'not found or a compiler error:', 'level': 'warning'}, {'regex': <_sre.SRE_Pattern object at 0x7f3ca26b0110>, 'level': 'error'}, {'regex': <_sre.SRE_Pattern object at 0x7f3ca27b8e40>, 'level': 'warning'}, {'regex': <_sre.SRE_Pattern object at 0xeca3e0>, 'level': 'debug'}, {'substr': 'command not found', 'level': 'error'}, {'regex': <_sre.SRE_Pattern object at 0xec6a90>, 'level': 'warning'}, {'substr': 'Traceback (most recent call last)', 'level': 'error'}, {'substr': 'SyntaxError: ', 'level': 'error'}, {'substr': 'TypeError: ', 'level': 'error'}, {'substr': 'NameError: ', 'level': 'error'}, {'substr': 'ZeroDivisionError: ', 'level': 'error'}, {'regex': <_sre.SRE_Pattern object at 0xec83f0>, 'level': 'critical'}, {'regex': <_sre.SRE_Pattern object at 0xec8670>, 'level': 'critical'}], 'cwd': '/builds/slave/test/build/tests/config', 'env': {'TMOUT': '86400', 'LOGNAME': 'cltbld', 'USER': 'cltbld', 'HOME': '/home/cltbld', 'PATH': '/usr/local/bin:/usr/local/bin:/usr/bin:/bin:/usr/local/games:/usr/games', 'DISPLAY': ':0', 'CCACHE_UMASK': '002', 'LANG': 'en_US.UTF-8', 'TERM': 'linux', 'SHELL': '/bin/bash', 'MOZ_NODE_PATH': '/usr/bin/node', 'XDG_SESSION_COOKIE': '9ca12473fbb1d023794ffd180000023c-1528501952.94634-295672137', 'SHLVL': '1', 'NO_FAIL_ON_TEST_ERRORS': '1', 'MOZ_NO_REMOTE': '1', 'MOZ_HIDE_RESULTS_TABLE': '1', 'MAIL': '/var/mail/cltbld', '_': '/tools/buildbot/bin/python', 'NODE_PATH': '/usr/lib/nodejs:/usr/lib/node_modules:/usr/share/javascript', 'PWD': '/builds/slave/test', 'PROPERTIES_FILE': '/builds/slave/test/buildprops.json', 'CCACHE_DIR': '/builds/ccache'}}, attempt #1
16:54:21     INFO - Running command: ['/builds/slave/test/build/venv/bin/pip', 'install', '--timeout', '120', '-r', '/builds/slave/test/build/tests/config/mozbase_requirements.txt', '--no-index', '--find-links', 'http://pypi.pvt.build.mozilla.org/pub', '--find-links', 'http://pypi.pub.build.mozilla.org/pub', '--trusted-host', 'pypi.pub.build.mozilla.org', '--trusted-host', 'pypi.pvt.build.mozilla.org'] in /builds/slave/test/build/tests/config
16:54:21     INFO - Copy/paste: /builds/slave/test/build/venv/bin/pip install --timeout 120 -r /builds/slave/test/build/tests/config/mozbase_requirements.txt --no-index --find-links http://pypi.pvt.build.mozilla.org/pub --find-links http://pypi.pub.build.mozilla.org/pub --trusted-host pypi.pub.build.mozilla.org --trusted-host pypi.pvt.build.mozilla.org
16:54:21     INFO - Using env: {'CCACHE_DIR': '/builds/ccache',
16:54:21     INFO -  'CCACHE_UMASK': '002',
16:54:21     INFO -  'DISPLAY': ':0',
16:54:21     INFO -  'HOME': '/home/cltbld',
16:54:21     INFO -  'LANG': 'en_US.UTF-8',
16:54:21     INFO -  'LOGNAME': 'cltbld',
16:54:21     INFO -  'MAIL': '/var/mail/cltbld',
16:54:21     INFO -  'MOZ_HIDE_RESULTS_TABLE': '1',
16:54:21     INFO -  'MOZ_NODE_PATH': '/usr/bin/node',
16:54:21     INFO -  'MOZ_NO_REMOTE': '1',
16:54:21     INFO -  'NODE_PATH': '/usr/lib/nodejs:/usr/lib/node_modules:/usr/share/javascript',
16:54:21     INFO -  'NO_FAIL_ON_TEST_ERRORS': '1',
16:54:21     INFO -  'PATH': '/usr/local/bin:/usr/local/bin:/usr/bin:/bin:/usr/local/games:/usr/games',
16:54:21     INFO -  'PROPERTIES_FILE': '/builds/slave/test/buildprops.json',
16:54:21     INFO -  'PWD': '/builds/slave/test',
16:54:21     INFO -  'SHELL': '/bin/bash',
16:54:21     INFO -  'SHLVL': '1',
16:54:21     INFO -  'TERM': 'linux',
16:54:21     INFO -  'TMOUT': '86400',
16:54:21     INFO -  'USER': 'cltbld',
16:54:21     INFO -  'XDG_SESSION_COOKIE': '9ca12473fbb1d023794ffd180000023c-1528501952.94634-295672137',
16:54:21     INFO -  '_': '/tools/buildbot/bin/python'}
16:54:22     INFO -  Ignoring indexes: https://pypi.python.org/simple
16:54:22     INFO -  Processing /builds/slave/test/build/tests/mozbase/manifestparser
16:54:23     INFO -    Requirement already satisfied (use --upgrade to upgrade): manifestparser==1.1 from file:///builds/slave/test/build/tests/mozbase/manifestparser in /builds/slave/test/build/venv/lib/python2.7/site-packages (from -r /builds/slave/test/build/tests/config/mozbase_requirements.txt (line 1))
16:54:23     INFO -  Processing /builds/slave/test/build/tests/mozbase/mozcrash
16:54:23     INFO -    Requirement already satisfied (use --upgrade to upgrade): mozcrash==1.0 from file:///builds/slave/test/build/tests/mozbase/mozcrash in /builds/slave/test/build/venv/lib/python2.7/site-packages (from -r /builds/slave/test/build/tests/config/mozbase_requirements.txt (line 2))
16:54:23     INFO -  Processing /builds/slave/test/build/tests/mozbase/mozdebug
16:54:23     INFO -    Requirement already satisfied (use --upgrade to upgrade): mozdebug==0.1 from file:///builds/slave/test/build/tests/mozbase/mozdebug in /builds/slave/test/build/venv/lib/python2.7/site-packages (from -r /builds/slave/test/build/tests/config/mozbase_requirements.txt (line 3))
16:54:23     INFO -  Processing /builds/slave/test/build/tests/mozbase/mozdevice
16:54:24     INFO -    Requirement already satisfied (use --upgrade to upgrade): mozdevice==0.48 from file:///builds/slave/test/build/tests/mozbase/mozdevice in /builds/slave/test/build/venv/lib/python2.7/site-packages (from -r /builds/slave/test/build/tests/config/mozbase_requirements.txt (line 4))
16:54:24     INFO -  Processing /builds/slave/test/build/tests/mozbase/mozfile
16:54:24     INFO -    Requirement already satisfied (use --upgrade to upgrade): mozfile==1.2 from file:///builds/slave/test/build/tests/mozbase/mozfile in /builds/slave/test/build/venv/lib/python2.7/site-packages (from -r /builds/slave/test/build/tests/config/mozbase_requirements.txt (line 5))
16:54:24     INFO -  Processing /builds/slave/test/build/tests/mozbase/mozhttpd
16:54:25     INFO -    Requirement already satisfied (use --upgrade to upgrade): mozhttpd==0.7 from file:///builds/slave/test/build/tests/mozbase/mozhttpd in /builds/slave/test/build/venv/lib/python2.7/site-packages (from -r /builds/slave/test/build/tests/config/mozbase_requirements.txt (line 6))
16:54:25     INFO -  Processing /builds/slave/test/build/tests/mozbase/mozinfo
16:54:25     INFO -    Requirement already satisfied (use --upgrade to upgrade): mozinfo==0.9 from file:///builds/slave/test/build/tests/mozbase/mozinfo in /builds/slave/test/build/venv/lib/python2.7/site-packages (from -r /builds/slave/test/build/tests/config/mozbase_requirements.txt (line 7))
16:54:25     INFO -  Processing /builds/slave/test/build/tests/mozbase/mozinstall
16:54:25     INFO -    Requirement already satisfied (use --upgrade to upgrade): mozInstall==1.12 from file:///builds/slave/test/build/tests/mozbase/mozinstall in /builds/slave/test/build/venv/lib/python2.7/site-packages (from -r /builds/slave/test/build/tests/config/mozbase_requirements.txt (line 8))
16:54:25     INFO -  Processing /builds/slave/test/build/tests/mozbase/mozleak
16:54:26     INFO -    Requirement already satisfied (use --upgrade to upgrade): mozleak==0.1 from file:///builds/slave/test/build/tests/mozbase/mozleak in /builds/slave/test/build/venv/lib/python2.7/site-packages (from -r /builds/slave/test/build/tests/config/mozbase_requirements.txt (line 9))
16:54:26     INFO -  Processing /builds/slave/test/build/tests/mozbase/mozlog
16:54:26     INFO -    Requirement already satisfied (use --upgrade to upgrade): mozlog==3.4 from file:///builds/slave/test/build/tests/mozbase/mozlog in /builds/slave/test/build/venv/lib/python2.7/site-packages (from -r /builds/slave/test/build/tests/config/mozbase_requirements.txt (line 10))
16:54:26     INFO -  Processing /builds/slave/test/build/tests/mozbase/moznetwork
16:54:26     INFO -    Requirement already satisfied (use --upgrade to upgrade): moznetwork==0.27 from file:///builds/slave/test/build/tests/mozbase/moznetwork in /builds/slave/test/build/venv/lib/python2.7/site-packages (from -r /builds/slave/test/build/tests/config/mozbase_requirements.txt (line 11))
16:54:26     INFO -  Processing /builds/slave/test/build/tests/mozbase/mozprocess
16:54:27     INFO -    Requirement already satisfied (use --upgrade to upgrade): mozprocess==0.23 from file:///builds/slave/test/build/tests/mozbase/mozprocess in /builds/slave/test/build/venv/lib/python2.7/site-packages (from -r /builds/slave/test/build/tests/config/mozbase_requirements.txt (line 12))
16:54:27     INFO -  Processing /builds/slave/test/build/tests/mozbase/mozprofile
16:54:27     INFO -    Requirement already satisfied (use --upgrade to upgrade): mozprofile==0.28 from file:///builds/slave/test/build/tests/mozbase/mozprofile in /builds/slave/test/build/venv/lib/python2.7/site-packages (from -r /builds/slave/test/build/tests/config/mozbase_requirements.txt (line 13))
16:54:27     INFO -  Processing /builds/slave/test/build/tests/mozbase/mozrunner
16:54:28     INFO -    Requirement already satisfied (use --upgrade to upgrade): mozrunner==6.13 from file:///builds/slave/test/build/tests/mozbase/mozrunner in /builds/slave/test/build/venv/lib/python2.7/site-packages (from -r /builds/slave/test/build/tests/config/mozbase_requirements.txt (line 14))
16:54:28     INFO -  Processing /builds/slave/test/build/tests/mozbase/mozscreenshot
16:54:28     INFO -    Requirement already satisfied (use --upgrade to upgrade): mozscreenshot==0.1 from file:///builds/slave/test/build/tests/mozbase/mozscreenshot in /builds/slave/test/build/venv/lib/python2.7/site-packages (from -r /builds/slave/test/build/tests/config/mozbase_requirements.txt (line 15))
16:54:28     INFO -  Processing /builds/slave/test/build/tests/mozbase/moztest
16:54:28     INFO -    Requirement already satisfied (use --upgrade to upgrade): moztest==0.8 from file:///builds/slave/test/build/tests/mozbase/moztest in /builds/slave/test/build/venv/lib/python2.7/site-packages (from -r /builds/slave/test/build/tests/config/mozbase_requirements.txt (line 16))
16:54:28     INFO -  Processing /builds/slave/test/build/tests/mozbase/mozversion
16:54:29     INFO -    Requirement already satisfied (use --upgrade to upgrade): mozversion==1.4 from file:///builds/slave/test/build/tests/mozbase/mozversion in /builds/slave/test/build/venv/lib/python2.7/site-packages (from -r /builds/slave/test/build/tests/config/mozbase_requirements.txt (line 17))
16:54:29     INFO -  Requirement already satisfied (use --upgrade to upgrade): mozfile>=1.0 in /builds/slave/test/build/venv/lib/python2.7/site-packages (from mozcrash==1.0->-r /builds/slave/test/build/tests/config/mozbase_requirements.txt (line 2))
16:54:29     INFO -  Requirement already satisfied (use --upgrade to upgrade): mozlog>=3.0 in /builds/slave/test/build/venv/lib/python2.7/site-packages (from mozcrash==1.0->-r /builds/slave/test/build/tests/config/mozbase_requirements.txt (line 2))
16:54:29     INFO -  Requirement already satisfied (use --upgrade to upgrade): mozinfo in /builds/slave/test/build/venv/lib/python2.7/site-packages (from mozdebug==0.1->-r /builds/slave/test/build/tests/config/mozbase_requirements.txt (line 3))
16:54:29     INFO -  Requirement already satisfied (use --upgrade to upgrade): moznetwork>=0.24 in /builds/slave/test/build/venv/lib/python2.7/site-packages (from mozdevice==0.48->-r /builds/slave/test/build/tests/config/mozbase_requirements.txt (line 4))
16:54:29     INFO -  Requirement already satisfied (use --upgrade to upgrade): mozprocess>=0.19 in /builds/slave/test/build/venv/lib/python2.7/site-packages (from mozdevice==0.48->-r /builds/slave/test/build/tests/config/mozbase_requirements.txt (line 4))
16:54:29     INFO -  Collecting blessings>=1.3 (from mozlog==3.4->-r /builds/slave/test/build/tests/config/mozbase_requirements.txt (line 10))
16:54:29     INFO -  /builds/slave/test/build/venv/lib/python2.7/site-packages/pip/_vendor/requests/packages/urllib3/util/ssl_.py:318: SNIMissingWarning: An HTTPS request has been made, but the SNI (Subject Name Indication) extension to TLS is not available on this platform. This may cause the server to present an incorrect TLS certificate, which can cause validation failures. You can upgrade to a newer version of Python to solve this. For more information, see https://urllib3.readthedocs.org/en/latest/security.html#snimissingwarning.
16:54:29     INFO -    SNIMissingWarning
16:54:29     INFO -  /builds/slave/test/build/venv/lib/python2.7/site-packages/pip/_vendor/requests/packages/urllib3/util/ssl_.py:122: InsecurePlatformWarning: A true SSLContext object is not available. This prevents urllib3 from configuring SSL appropriately and may cause certain SSL connections to fail. You can upgrade to a newer version of Python to solve this. For more information, see https://urllib3.readthedocs.org/en/latest/security.html#insecureplatformwarning.
16:54:29     INFO -    InsecurePlatformWarning
16:54:30     INFO -  /builds/slave/test/build/venv/lib/python2.7/site-packages/pip/_vendor/requests/packages/urllib3/util/ssl_.py:122: InsecurePlatformWarning: A true SSLContext object is not available. This prevents urllib3 from configuring SSL appropriately and may cause certain SSL connections to fail. You can upgrade to a newer version of Python to solve this. For more information, see https://urllib3.readthedocs.org/en/latest/security.html#insecureplatformwarning.
16:54:30     INFO -    InsecurePlatformWarning
16:54:34     INFO -    Downloading https://pypi.pvt.build.mozilla.org/pub/blessings-1.6.tar.gz
16:54:34     INFO -  Building wheels for collected packages: blessings
16:54:34     INFO -    Running setup.py bdist_wheel for blessings: started
16:54:35     INFO -    Running setup.py bdist_wheel for blessings: finished with status 'done'
16:54:35     INFO -    Stored in directory: /home/cltbld/.cache/pip/wheels/fb/37/ae/c6b15ed5da2ead5847df54c8319487050d4dcc950c9795eae9
16:54:35     INFO -  Successfully built blessings
16:54:35     INFO -  Installing collected packages: blessings
16:54:35     INFO -  Successfully installed blessings-1.6
16:54:35     INFO - Return code: 0
16:54:35     INFO - Installing pip>=1.5 into virtualenv /builds/slave/test/build/venv
16:54:35     INFO - retry: Calling run_command with args: [['/builds/slave/test/build/venv/bin/pip', 'install', '--timeout', '120', '--no-index', '--find-links', 'http://pypi.pvt.build.mozilla.org/pub', '--find-links', 'http://pypi.pub.build.mozilla.org/pub', '--trusted-host', 'pypi.pub.build.mozilla.org', '--trusted-host', 'pypi.pvt.build.mozilla.org', 'pip>=1.5']], kwargs: {'error_level': 'warning', 'error_list': [{'substr': 'not found or a compiler error:', 'level': 'warning'}, {'regex': <_sre.SRE_Pattern object at 0x7f3ca26b0110>, 'level': 'error'}, {'regex': <_sre.SRE_Pattern object at 0x7f3ca27b8e40>, 'level': 'warning'}, {'regex': <_sre.SRE_Pattern object at 0xeca3e0>, 'level': 'debug'}, {'substr': 'command not found', 'level': 'error'}, {'regex': <_sre.SRE_Pattern object at 0xec6a90>, 'level': 'warning'}, {'substr': 'Traceback (most recent call last)', 'level': 'error'}, {'substr': 'SyntaxError: ', 'level': 'error'}, {'substr': 'TypeError: ', 'level': 'error'}, {'substr': 'NameError: ', 'level': 'error'}, {'substr': 'ZeroDivisionError: ', 'level': 'error'}, {'regex': <_sre.SRE_Pattern object at 0xec83f0>, 'level': 'critical'}, {'regex': <_sre.SRE_Pattern object at 0xec8670>, 'level': 'critical'}], 'cwd': '/builds/slave/test/build', 'env': {'TMOUT': '86400', 'LOGNAME': 'cltbld', 'USER': 'cltbld', 'HOME': '/home/cltbld', 'PATH': '/usr/local/bin:/usr/local/bin:/usr/bin:/bin:/usr/local/games:/usr/games', 'DISPLAY': ':0', 'CCACHE_UMASK': '002', 'LANG': 'en_US.UTF-8', 'TERM': 'linux', 'SHELL': '/bin/bash', 'MOZ_NODE_PATH': '/usr/bin/node', 'XDG_SESSION_COOKIE': '9ca12473fbb1d023794ffd180000023c-1528501952.94634-295672137', 'SHLVL': '1', 'NO_FAIL_ON_TEST_ERRORS': '1', 'MOZ_NO_REMOTE': '1', 'MOZ_HIDE_RESULTS_TABLE': '1', 'MAIL': '/var/mail/cltbld', '_': '/tools/buildbot/bin/python', 'NODE_PATH': '/usr/lib/nodejs:/usr/lib/node_modules:/usr/share/javascript', 'PWD': '/builds/slave/test', 'PROPERTIES_FILE': '/builds/slave/test/buildprops.json', 'CCACHE_DIR': '/builds/ccache'}}, attempt #1
16:54:35     INFO - Running command: ['/builds/slave/test/build/venv/bin/pip', 'install', '--timeout', '120', '--no-index', '--find-links', 'http://pypi.pvt.build.mozilla.org/pub', '--find-links', 'http://pypi.pub.build.mozilla.org/pub', '--trusted-host', 'pypi.pub.build.mozilla.org', '--trusted-host', 'pypi.pvt.build.mozilla.org', 'pip>=1.5'] in /builds/slave/test/build
16:54:35     INFO - Copy/paste: /builds/slave/test/build/venv/bin/pip install --timeout 120 --no-index --find-links http://pypi.pvt.build.mozilla.org/pub --find-links http://pypi.pub.build.mozilla.org/pub --trusted-host pypi.pub.build.mozilla.org --trusted-host pypi.pvt.build.mozilla.org pip>=1.5
16:54:35     INFO - Using env: {'CCACHE_DIR': '/builds/ccache',
16:54:35     INFO -  'CCACHE_UMASK': '002',
16:54:35     INFO -  'DISPLAY': ':0',
16:54:35     INFO -  'HOME': '/home/cltbld',
16:54:35     INFO -  'LANG': 'en_US.UTF-8',
16:54:35     INFO -  'LOGNAME': 'cltbld',
16:54:35     INFO -  'MAIL': '/var/mail/cltbld',
16:54:35     INFO -  'MOZ_HIDE_RESULTS_TABLE': '1',
16:54:35     INFO -  'MOZ_NODE_PATH': '/usr/bin/node',
16:54:35     INFO -  'MOZ_NO_REMOTE': '1',
16:54:35     INFO -  'NODE_PATH': '/usr/lib/nodejs:/usr/lib/node_modules:/usr/share/javascript',
16:54:35     INFO -  'NO_FAIL_ON_TEST_ERRORS': '1',
16:54:35     INFO -  'PATH': '/usr/local/bin:/usr/local/bin:/usr/bin:/bin:/usr/local/games:/usr/games',
16:54:35     INFO -  'PROPERTIES_FILE': '/builds/slave/test/buildprops.json',
16:54:35     INFO -  'PWD': '/builds/slave/test',
16:54:35     INFO -  'SHELL': '/bin/bash',
16:54:35     INFO -  'SHLVL': '1',
16:54:35     INFO -  'TERM': 'linux',
16:54:35     INFO -  'TMOUT': '86400',
16:54:35     INFO -  'USER': 'cltbld',
16:54:35     INFO -  'XDG_SESSION_COOKIE': '9ca12473fbb1d023794ffd180000023c-1528501952.94634-295672137',
16:54:35     INFO -  '_': '/tools/buildbot/bin/python'}
16:54:36     INFO -  Ignoring indexes: https://pypi.python.org/simple
16:54:36     INFO -  Requirement already satisfied (use --upgrade to upgrade): pip>=1.5 in ./venv/lib/python2.7/site-packages
16:54:36     INFO - Return code: 0
16:54:36     INFO - Installing psutil==3.1.1 into virtualenv /builds/slave/test/build/venv
16:54:36     INFO - retry: Calling run_command with args: [['/builds/slave/test/build/venv/bin/pip', 'install', '--timeout', '120', '--no-index', '--find-links', 'http://pypi.pvt.build.mozilla.org/pub', '--find-links', 'http://pypi.pub.build.mozilla.org/pub', '--trusted-host', 'pypi.pub.build.mozilla.org', '--trusted-host', 'pypi.pvt.build.mozilla.org', 'psutil==3.1.1']], kwargs: {'error_level': 'warning', 'error_list': [{'substr': 'not found or a compiler error:', 'level': 'warning'}, {'regex': <_sre.SRE_Pattern object at 0x7f3ca26b0110>, 'level': 'error'}, {'regex': <_sre.SRE_Pattern object at 0x7f3ca27b8e40>, 'level': 'warning'}, {'regex': <_sre.SRE_Pattern object at 0xeca3e0>, 'level': 'debug'}, {'substr': 'command not found', 'level': 'error'}, {'regex': <_sre.SRE_Pattern object at 0xec6a90>, 'level': 'warning'}, {'substr': 'Traceback (most recent call last)', 'level': 'error'}, {'substr': 'SyntaxError: ', 'level': 'error'}, {'substr': 'TypeError: ', 'level': 'error'}, {'substr': 'NameError: ', 'level': 'error'}, {'substr': 'ZeroDivisionError: ', 'level': 'error'}, {'regex': <_sre.SRE_Pattern object at 0xec83f0>, 'level': 'critical'}, {'regex': <_sre.SRE_Pattern object at 0xec8670>, 'level': 'critical'}], 'cwd': '/builds/slave/test/build', 'env': {'TMOUT': '86400', 'LOGNAME': 'cltbld', 'USER': 'cltbld', 'HOME': '/home/cltbld', 'PATH': '/usr/local/bin:/usr/local/bin:/usr/bin:/bin:/usr/local/games:/usr/games', 'DISPLAY': ':0', 'CCACHE_UMASK': '002', 'LANG': 'en_US.UTF-8', 'TERM': 'linux', 'SHELL': '/bin/bash', 'MOZ_NODE_PATH': '/usr/bin/node', 'XDG_SESSION_COOKIE': '9ca12473fbb1d023794ffd180000023c-1528501952.94634-295672137', 'SHLVL': '1', 'NO_FAIL_ON_TEST_ERRORS': '1', 'MOZ_NO_REMOTE': '1', 'MOZ_HIDE_RESULTS_TABLE': '1', 'MAIL': '/var/mail/cltbld', '_': '/tools/buildbot/bin/python', 'NODE_PATH': '/usr/lib/nodejs:/usr/lib/node_modules:/usr/share/javascript', 'PWD': '/builds/slave/test', 'PROPERTIES_FILE': '/builds/slave/test/buildprops.json', 'CCACHE_DIR': '/builds/ccache'}}, attempt #1
16:54:36     INFO - Running command: ['/builds/slave/test/build/venv/bin/pip', 'install', '--timeout', '120', '--no-index', '--find-links', 'http://pypi.pvt.build.mozilla.org/pub', '--find-links', 'http://pypi.pub.build.mozilla.org/pub', '--trusted-host', 'pypi.pub.build.mozilla.org', '--trusted-host', 'pypi.pvt.build.mozilla.org', 'psutil==3.1.1'] in /builds/slave/test/build
16:54:36     INFO - Copy/paste: /builds/slave/test/build/venv/bin/pip install --timeout 120 --no-index --find-links http://pypi.pvt.build.mozilla.org/pub --find-links http://pypi.pub.build.mozilla.org/pub --trusted-host pypi.pub.build.mozilla.org --trusted-host pypi.pvt.build.mozilla.org psutil==3.1.1
16:54:36     INFO - Using env: {'CCACHE_DIR': '/builds/ccache',
16:54:36     INFO -  'CCACHE_UMASK': '002',
16:54:36     INFO -  'DISPLAY': ':0',
16:54:36     INFO -  'HOME': '/home/cltbld',
16:54:36     INFO -  'LANG': 'en_US.UTF-8',
16:54:36     INFO -  'LOGNAME': 'cltbld',
16:54:36     INFO -  'MAIL': '/var/mail/cltbld',
16:54:36     INFO -  'MOZ_HIDE_RESULTS_TABLE': '1',
16:54:36     INFO -  'MOZ_NODE_PATH': '/usr/bin/node',
16:54:36     INFO -  'MOZ_NO_REMOTE': '1',
16:54:36     INFO -  'NODE_PATH': '/usr/lib/nodejs:/usr/lib/node_modules:/usr/share/javascript',
16:54:36     INFO -  'NO_FAIL_ON_TEST_ERRORS': '1',
16:54:36     INFO -  'PATH': '/usr/local/bin:/usr/local/bin:/usr/bin:/bin:/usr/local/games:/usr/games',
16:54:36     INFO -  'PROPERTIES_FILE': '/builds/slave/test/buildprops.json',
16:54:36     INFO -  'PWD': '/builds/slave/test',
16:54:36     INFO -  'SHELL': '/bin/bash',
16:54:36     INFO -  'SHLVL': '1',
16:54:36     INFO -  'TERM': 'linux',
16:54:36     INFO -  'TMOUT': '86400',
16:54:36     INFO -  'USER': 'cltbld',
16:54:36     INFO -  'XDG_SESSION_COOKIE': '9ca12473fbb1d023794ffd180000023c-1528501952.94634-295672137',
16:54:36     INFO -  '_': '/tools/buildbot/bin/python'}
16:54:37     INFO -  Ignoring indexes: https://pypi.python.org/simple
16:54:37     INFO -  Collecting psutil==3.1.1
16:54:37     INFO -  /builds/slave/test/build/venv/lib/python2.7/site-packages/pip/_vendor/requests/packages/urllib3/util/ssl_.py:318: SNIMissingWarning: An HTTPS request has been made, but the SNI (Subject Name Indication) extension to TLS is not available on this platform. This may cause the server to present an incorrect TLS certificate, which can cause validation failures. You can upgrade to a newer version of Python to solve this. For more information, see https://urllib3.readthedocs.org/en/latest/security.html#snimissingwarning.
16:54:37     INFO -    SNIMissingWarning
16:54:37     INFO -  /builds/slave/test/build/venv/lib/python2.7/site-packages/pip/_vendor/requests/packages/urllib3/util/ssl_.py:122: InsecurePlatformWarning: A true SSLContext object is not available. This prevents urllib3 from configuring SSL appropriately and may cause certain SSL connections to fail. You can upgrade to a newer version of Python to solve this. For more information, see https://urllib3.readthedocs.org/en/latest/security.html#insecureplatformwarning.
16:54:37     INFO -    InsecurePlatformWarning
16:54:38     INFO -  /builds/slave/test/build/venv/lib/python2.7/site-packages/pip/_vendor/requests/packages/urllib3/util/ssl_.py:122: InsecurePlatformWarning: A true SSLContext object is not available. This prevents urllib3 from configuring SSL appropriately and may cause certain SSL connections to fail. You can upgrade to a newer version of Python to solve this. For more information, see https://urllib3.readthedocs.org/en/latest/security.html#insecureplatformwarning.
16:54:38     INFO -    InsecurePlatformWarning
16:54:42     INFO -    Downloading https://pypi.pvt.build.mozilla.org/pub/psutil-3.1.1.tar.gz (247kB)
16:54:42     INFO -  Building wheels for collected packages: psutil
16:54:42     INFO -    Running setup.py bdist_wheel for psutil: started
16:54:44     INFO -    Running setup.py bdist_wheel for psutil: finished with status 'done'
16:54:44     INFO -    Stored in directory: /home/cltbld/.cache/pip/wheels/1e/e6/25/f0494673fc8d727828e74362e3beb4cbaf34d8be516156ba0c
16:54:44     INFO -  Successfully built psutil
16:54:44     INFO -  Installing collected packages: psutil
16:54:44     INFO -    Found existing installation: psutil 5.4.3
16:54:44     INFO -      Uninstalling psutil-5.4.3:
16:54:44     INFO -        Successfully uninstalled psutil-5.4.3
16:54:44     INFO -  Successfully installed psutil-3.1.1
16:54:44     INFO - Return code: 0
16:54:44     INFO - Installing mock into virtualenv /builds/slave/test/build/venv
16:54:44     INFO - retry: Calling run_command with args: [['/builds/slave/test/build/venv/bin/pip', 'install', '--timeout', '120', '--no-index', '--find-links', 'http://pypi.pvt.build.mozilla.org/pub', '--find-links', 'http://pypi.pub.build.mozilla.org/pub', '--trusted-host', 'pypi.pub.build.mozilla.org', '--trusted-host', 'pypi.pvt.build.mozilla.org', 'mock']], kwargs: {'error_level': 'warning', 'error_list': [{'substr': 'not found or a compiler error:', 'level': 'warning'}, {'regex': <_sre.SRE_Pattern object at 0x7f3ca26b0110>, 'level': 'error'}, {'regex': <_sre.SRE_Pattern object at 0x7f3ca27b8e40>, 'level': 'warning'}, {'regex': <_sre.SRE_Pattern object at 0xeca3e0>, 'level': 'debug'}, {'substr': 'command not found', 'level': 'error'}, {'regex': <_sre.SRE_Pattern object at 0xec6a90>, 'level': 'warning'}, {'substr': 'Traceback (most recent call last)', 'level': 'error'}, {'substr': 'SyntaxError: ', 'level': 'error'}, {'substr': 'TypeError: ', 'level': 'error'}, {'substr': 'NameError: ', 'level': 'error'}, {'substr': 'ZeroDivisionError: ', 'level': 'error'}, {'regex': <_sre.SRE_Pattern object at 0xec83f0>, 'level': 'critical'}, {'regex': <_sre.SRE_Pattern object at 0xec8670>, 'level': 'critical'}], 'cwd': '/builds/slave/test/build', 'env': {'TMOUT': '86400', 'LOGNAME': 'cltbld', 'USER': 'cltbld', 'HOME': '/home/cltbld', 'PATH': '/usr/local/bin:/usr/local/bin:/usr/bin:/bin:/usr/local/games:/usr/games', 'DISPLAY': ':0', 'CCACHE_UMASK': '002', 'LANG': 'en_US.UTF-8', 'TERM': 'linux', 'SHELL': '/bin/bash', 'MOZ_NODE_PATH': '/usr/bin/node', 'XDG_SESSION_COOKIE': '9ca12473fbb1d023794ffd180000023c-1528501952.94634-295672137', 'SHLVL': '1', 'NO_FAIL_ON_TEST_ERRORS': '1', 'MOZ_NO_REMOTE': '1', 'MOZ_HIDE_RESULTS_TABLE': '1', 'MAIL': '/var/mail/cltbld', '_': '/tools/buildbot/bin/python', 'NODE_PATH': '/usr/lib/nodejs:/usr/lib/node_modules:/usr/share/javascript', 'PWD': '/builds/slave/test', 'PROPERTIES_FILE': '/builds/slave/test/buildprops.json', 'CCACHE_DIR': '/builds/ccache'}}, attempt #1
16:54:44     INFO - Running command: ['/builds/slave/test/build/venv/bin/pip', 'install', '--timeout', '120', '--no-index', '--find-links', 'http://pypi.pvt.build.mozilla.org/pub', '--find-links', 'http://pypi.pub.build.mozilla.org/pub', '--trusted-host', 'pypi.pub.build.mozilla.org', '--trusted-host', 'pypi.pvt.build.mozilla.org', 'mock'] in /builds/slave/test/build
16:54:44     INFO - Copy/paste: /builds/slave/test/build/venv/bin/pip install --timeout 120 --no-index --find-links http://pypi.pvt.build.mozilla.org/pub --find-links http://pypi.pub.build.mozilla.org/pub --trusted-host pypi.pub.build.mozilla.org --trusted-host pypi.pvt.build.mozilla.org mock
16:54:44     INFO - Using env: {'CCACHE_DIR': '/builds/ccache',
16:54:44     INFO -  'CCACHE_UMASK': '002',
16:54:44     INFO -  'DISPLAY': ':0',
16:54:44     INFO -  'HOME': '/home/cltbld',
16:54:44     INFO -  'LANG': 'en_US.UTF-8',
16:54:44     INFO -  'LOGNAME': 'cltbld',
16:54:44     INFO -  'MAIL': '/var/mail/cltbld',
16:54:44     INFO -  'MOZ_HIDE_RESULTS_TABLE': '1',
16:54:44     INFO -  'MOZ_NODE_PATH': '/usr/bin/node',
16:54:44     INFO -  'MOZ_NO_REMOTE': '1',
16:54:44     INFO -  'NODE_PATH': '/usr/lib/nodejs:/usr/lib/node_modules:/usr/share/javascript',
16:54:44     INFO -  'NO_FAIL_ON_TEST_ERRORS': '1',
16:54:44     INFO -  'PATH': '/usr/local/bin:/usr/local/bin:/usr/bin:/bin:/usr/local/games:/usr/games',
16:54:44     INFO -  'PROPERTIES_FILE': '/builds/slave/test/buildprops.json',
16:54:44     INFO -  'PWD': '/builds/slave/test',
16:54:44     INFO -  'SHELL': '/bin/bash',
16:54:44     INFO -  'SHLVL': '1',
16:54:44     INFO -  'TERM': 'linux',
16:54:44     INFO -  'TMOUT': '86400',
16:54:44     INFO -  'USER': 'cltbld',
16:54:44     INFO -  'XDG_SESSION_COOKIE': '9ca12473fbb1d023794ffd180000023c-1528501952.94634-295672137',
16:54:44     INFO -  '_': '/tools/buildbot/bin/python'}
16:54:45     INFO -  Ignoring indexes: https://pypi.python.org/simple
16:54:45     INFO -  Collecting mock
16:54:45     INFO -  /builds/slave/test/build/venv/lib/python2.7/site-packages/pip/_vendor/requests/packages/urllib3/util/ssl_.py:318: SNIMissingWarning: An HTTPS request has been made, but the SNI (Subject Name Indication) extension to TLS is not available on this platform. This may cause the server to present an incorrect TLS certificate, which can cause validation failures. You can upgrade to a newer version of Python to solve this. For more information, see https://urllib3.readthedocs.org/en/latest/security.html#snimissingwarning.
16:54:45     INFO -    SNIMissingWarning
16:54:45     INFO -  /builds/slave/test/build/venv/lib/python2.7/site-packages/pip/_vendor/requests/packages/urllib3/util/ssl_.py:122: InsecurePlatformWarning: A true SSLContext object is not available. This prevents urllib3 from configuring SSL appropriately and may cause certain SSL connections to fail. You can upgrade to a newer version of Python to solve this. For more information, see https://urllib3.readthedocs.org/en/latest/security.html#insecureplatformwarning.
16:54:45     INFO -    InsecurePlatformWarning
16:54:46     INFO -  /builds/slave/test/build/venv/lib/python2.7/site-packages/pip/_vendor/requests/packages/urllib3/util/ssl_.py:122: InsecurePlatformWarning: A true SSLContext object is not available. This prevents urllib3 from configuring SSL appropriately and may cause certain SSL connections to fail. You can upgrade to a newer version of Python to solve this. For more information, see https://urllib3.readthedocs.org/en/latest/security.html#insecureplatformwarning.
16:54:46     INFO -    InsecurePlatformWarning
16:54:50     INFO -    Downloading https://pypi.pvt.build.mozilla.org/pub/mock-1.0.1.tar.gz (818kB)
16:54:51     INFO -  Building wheels for collected packages: mock
16:54:51     INFO -    Running setup.py bdist_wheel for mock: started
16:54:51     INFO -    Running setup.py bdist_wheel for mock: finished with status 'done'
16:54:51     INFO -    Stored in directory: /home/cltbld/.cache/pip/wheels/42/d3/87/79283a2f50dfedbfad996edf7028483b27c5953e56856af7d0
16:54:51     INFO -  Successfully built mock
16:54:51     INFO -  Installing collected packages: mock
16:54:51     INFO -  Successfully installed mock-1.0.1
16:54:51     INFO - Return code: 0
16:54:51     INFO - Installing simplejson into virtualenv /builds/slave/test/build/venv
16:54:52     INFO - retry: Calling run_command with args: [['/builds/slave/test/build/venv/bin/pip', 'install', '--timeout', '120', '--no-index', '--find-links', 'http://pypi.pvt.build.mozilla.org/pub', '--find-links', 'http://pypi.pub.build.mozilla.org/pub', '--trusted-host', 'pypi.pub.build.mozilla.org', '--trusted-host', 'pypi.pvt.build.mozilla.org', 'simplejson']], kwargs: {'error_level': 'warning', 'error_list': [{'substr': 'not found or a compiler error:', 'level': 'warning'}, {'regex': <_sre.SRE_Pattern object at 0x7f3ca26b0110>, 'level': 'error'}, {'regex': <_sre.SRE_Pattern object at 0x7f3ca27b8e40>, 'level': 'warning'}, {'regex': <_sre.SRE_Pattern object at 0xeca3e0>, 'level': 'debug'}, {'substr': 'command not found', 'level': 'error'}, {'regex': <_sre.SRE_Pattern object at 0xec6a90>, 'level': 'warning'}, {'substr': 'Traceback (most recent call last)', 'level': 'error'}, {'substr': 'SyntaxError: ', 'level': 'error'}, {'substr': 'TypeError: ', 'level': 'error'}, {'substr': 'NameError: ', 'level': 'error'}, {'substr': 'ZeroDivisionError: ', 'level': 'error'}, {'regex': <_sre.SRE_Pattern object at 0xec83f0>, 'level': 'critical'}, {'regex': <_sre.SRE_Pattern object at 0xec8670>, 'level': 'critical'}], 'cwd': '/builds/slave/test/build', 'env': {'TMOUT': '86400', 'LOGNAME': 'cltbld', 'USER': 'cltbld', 'HOME': '/home/cltbld', 'PATH': '/usr/local/bin:/usr/local/bin:/usr/bin:/bin:/usr/local/games:/usr/games', 'DISPLAY': ':0', 'CCACHE_UMASK': '002', 'LANG': 'en_US.UTF-8', 'TERM': 'linux', 'SHELL': '/bin/bash', 'MOZ_NODE_PATH': '/usr/bin/node', 'XDG_SESSION_COOKIE': '9ca12473fbb1d023794ffd180000023c-1528501952.94634-295672137', 'SHLVL': '1', 'NO_FAIL_ON_TEST_ERRORS': '1', 'MOZ_NO_REMOTE': '1', 'MOZ_HIDE_RESULTS_TABLE': '1', 'MAIL': '/var/mail/cltbld', '_': '/tools/buildbot/bin/python', 'NODE_PATH': '/usr/lib/nodejs:/usr/lib/node_modules:/usr/share/javascript', 'PWD': '/builds/slave/test', 'PROPERTIES_FILE': '/builds/slave/test/buildprops.json', 'CCACHE_DIR': '/builds/ccache'}}, attempt #1
16:54:52     INFO - Running command: ['/builds/slave/test/build/venv/bin/pip', 'install', '--timeout', '120', '--no-index', '--find-links', 'http://pypi.pvt.build.mozilla.org/pub', '--find-links', 'http://pypi.pub.build.mozilla.org/pub', '--trusted-host', 'pypi.pub.build.mozilla.org', '--trusted-host', 'pypi.pvt.build.mozilla.org', 'simplejson'] in /builds/slave/test/build
16:54:52     INFO - Copy/paste: /builds/slave/test/build/venv/bin/pip install --timeout 120 --no-index --find-links http://pypi.pvt.build.mozilla.org/pub --find-links http://pypi.pub.build.mozilla.org/pub --trusted-host pypi.pub.build.mozilla.org --trusted-host pypi.pvt.build.mozilla.org simplejson
16:54:52     INFO - Using env: {'CCACHE_DIR': '/builds/ccache',
16:54:52     INFO -  'CCACHE_UMASK': '002',
16:54:52     INFO -  'DISPLAY': ':0',
16:54:52     INFO -  'HOME': '/home/cltbld',
16:54:52     INFO -  'LANG': 'en_US.UTF-8',
16:54:52     INFO -  'LOGNAME': 'cltbld',
16:54:52     INFO -  'MAIL': '/var/mail/cltbld',
16:54:52     INFO -  'MOZ_HIDE_RESULTS_TABLE': '1',
16:54:52     INFO -  'MOZ_NODE_PATH': '/usr/bin/node',
16:54:52     INFO -  'MOZ_NO_REMOTE': '1',
16:54:52     INFO -  'NODE_PATH': '/usr/lib/nodejs:/usr/lib/node_modules:/usr/share/javascript',
16:54:52     INFO -  'NO_FAIL_ON_TEST_ERRORS': '1',
16:54:52     INFO -  'PATH': '/usr/local/bin:/usr/local/bin:/usr/bin:/bin:/usr/local/games:/usr/games',
16:54:52     INFO -  'PROPERTIES_FILE': '/builds/slave/test/buildprops.json',
16:54:52     INFO -  'PWD': '/builds/slave/test',
16:54:52     INFO -  'SHELL': '/bin/bash',
16:54:52     INFO -  'SHLVL': '1',
16:54:52     INFO -  'TERM': 'linux',
16:54:52     INFO -  'TMOUT': '86400',
16:54:52     INFO -  'USER': 'cltbld',
16:54:52     INFO -  'XDG_SESSION_COOKIE': '9ca12473fbb1d023794ffd180000023c-1528501952.94634-295672137',
16:54:52     INFO -  '_': '/tools/buildbot/bin/python'}
16:54:52     INFO -  Ignoring indexes: https://pypi.python.org/simple
16:54:52     INFO -  Collecting simplejson
16:54:52     INFO -  /builds/slave/test/build/venv/lib/python2.7/site-packages/pip/_vendor/requests/packages/urllib3/util/ssl_.py:318: SNIMissingWarning: An HTTPS request has been made, but the SNI (Subject Name Indication) extension to TLS is not available on this platform. This may cause the server to present an incorrect TLS certificate, which can cause validation failures. You can upgrade to a newer version of Python to solve this. For more information, see https://urllib3.readthedocs.org/en/latest/security.html#snimissingwarning.
16:54:52     INFO -    SNIMissingWarning
16:54:52     INFO -  /builds/slave/test/build/venv/lib/python2.7/site-packages/pip/_vendor/requests/packages/urllib3/util/ssl_.py:122: InsecurePlatformWarning: A true SSLContext object is not available. This prevents urllib3 from configuring SSL appropriately and may cause certain SSL connections to fail. You can upgrade to a newer version of Python to solve this. For more information, see https://urllib3.readthedocs.org/en/latest/security.html#insecureplatformwarning.
16:54:52     INFO -    InsecurePlatformWarning
16:54:54     INFO -  /builds/slave/test/build/venv/lib/python2.7/site-packages/pip/_vendor/requests/packages/urllib3/util/ssl_.py:122: InsecurePlatformWarning: A true SSLContext object is not available. This prevents urllib3 from configuring SSL appropriately and may cause certain SSL connections to fail. You can upgrade to a newer version of Python to solve this. For more information, see https://urllib3.readthedocs.org/en/latest/security.html#insecureplatformwarning.
16:54:54     INFO -    InsecurePlatformWarning
16:54:57     INFO -    Downloading https://pypi.pvt.build.mozilla.org/pub/simplejson-3.3.0.tar.gz (67kB)
16:54:58     INFO -  Building wheels for collected packages: simplejson
16:54:58     INFO -    Running setup.py bdist_wheel for simplejson: started
16:55:00     INFO -    Running setup.py bdist_wheel for simplejson: finished with status 'done'
16:55:00     INFO -    Stored in directory: /home/cltbld/.cache/pip/wheels/b1/26/8f/72b2a349729d24b9c6aa399407fddd384f8814e045e6de407e
16:55:00     INFO -  Successfully built simplejson
16:55:00     INFO -  Installing collected packages: simplejson
16:55:00     INFO -  Successfully installed simplejson-3.3.0
16:55:00     INFO - Return code: 0
16:55:01     INFO - Installing None into virtualenv /builds/slave/test/build/venv
16:55:01     INFO - retry: Calling run_command with args: [['/builds/slave/test/build/venv/bin/pip', 'install', '--no-deps', '--timeout', '120', '-r', '/builds/slave/test/build/tests/config/marionette_requirements.txt', '--no-index', '--find-links', 'http://pypi.pvt.build.mozilla.org/pub', '--find-links', 'http://pypi.pub.build.mozilla.org/pub', '--trusted-host', 'pypi.pub.build.mozilla.org', '--trusted-host', 'pypi.pvt.build.mozilla.org']], kwargs: {'error_level': 'warning', 'error_list': [{'substr': 'not found or a compiler error:', 'level': 'warning'}, {'regex': <_sre.SRE_Pattern object at 0x7f3ca26b0110>, 'level': 'error'}, {'regex': <_sre.SRE_Pattern object at 0x7f3ca27b8e40>, 'level': 'warning'}, {'regex': <_sre.SRE_Pattern object at 0xeca3e0>, 'level': 'debug'}, {'substr': 'command not found', 'level': 'error'}, {'regex': <_sre.SRE_Pattern object at 0xec6a90>, 'level': 'warning'}, {'substr': 'Traceback (most recent call last)', 'level': 'error'}, {'substr': 'SyntaxError: ', 'level': 'error'}, {'substr': 'TypeError: ', 'level': 'error'}, {'substr': 'NameError: ', 'level': 'error'}, {'substr': 'ZeroDivisionError: ', 'level': 'error'}, {'regex': <_sre.SRE_Pattern object at 0xec83f0>, 'level': 'critical'}, {'regex': <_sre.SRE_Pattern object at 0xec8670>, 'level': 'critical'}], 'cwd': '/builds/slave/test/build/tests/config', 'env': {'TMOUT': '86400', 'LOGNAME': 'cltbld', 'USER': 'cltbld', 'HOME': '/home/cltbld', 'PATH': '/usr/local/bin:/usr/local/bin:/usr/bin:/bin:/usr/local/games:/usr/games', 'DISPLAY': ':0', 'CCACHE_UMASK': '002', 'LANG': 'en_US.UTF-8', 'TERM': 'linux', 'SHELL': '/bin/bash', 'MOZ_NODE_PATH': '/usr/bin/node', 'XDG_SESSION_COOKIE': '9ca12473fbb1d023794ffd180000023c-1528501952.94634-295672137', 'SHLVL': '1', 'NO_FAIL_ON_TEST_ERRORS': '1', 'MOZ_NO_REMOTE': '1', 'MOZ_HIDE_RESULTS_TABLE': '1', 'MAIL': '/var/mail/cltbld', '_': '/tools/buildbot/bin/python', 'NODE_PATH': '/usr/lib/nodejs:/usr/lib/node_modules:/usr/share/javascript', 'PWD': '/builds/slave/test', 'PROPERTIES_FILE': '/builds/slave/test/buildprops.json', 'CCACHE_DIR': '/builds/ccache'}}, attempt #1
16:55:01     INFO - Running command: ['/builds/slave/test/build/venv/bin/pip', 'install', '--no-deps', '--timeout', '120', '-r', '/builds/slave/test/build/tests/config/marionette_requirements.txt', '--no-index', '--find-links', 'http://pypi.pvt.build.mozilla.org/pub', '--find-links', 'http://pypi.pub.build.mozilla.org/pub', '--trusted-host', 'pypi.pub.build.mozilla.org', '--trusted-host', 'pypi.pvt.build.mozilla.org'] in /builds/slave/test/build/tests/config
16:55:01     INFO - Copy/paste: /builds/slave/test/build/venv/bin/pip install --no-deps --timeout 120 -r /builds/slave/test/build/tests/config/marionette_requirements.txt --no-index --find-links http://pypi.pvt.build.mozilla.org/pub --find-links http://pypi.pub.build.mozilla.org/pub --trusted-host pypi.pub.build.mozilla.org --trusted-host pypi.pvt.build.mozilla.org
16:55:01     INFO - Using env: {'CCACHE_DIR': '/builds/ccache',
16:55:01     INFO -  'CCACHE_UMASK': '002',
16:55:01     INFO -  'DISPLAY': ':0',
16:55:01     INFO -  'HOME': '/home/cltbld',
16:55:01     INFO -  'LANG': 'en_US.UTF-8',
16:55:01     INFO -  'LOGNAME': 'cltbld',
16:55:01     INFO -  'MAIL': '/var/mail/cltbld',
16:55:01     INFO -  'MOZ_HIDE_RESULTS_TABLE': '1',
16:55:01     INFO -  'MOZ_NODE_PATH': '/usr/bin/node',
16:55:01     INFO -  'MOZ_NO_REMOTE': '1',
16:55:01     INFO -  'NODE_PATH': '/usr/lib/nodejs:/usr/lib/node_modules:/usr/share/javascript',
16:55:01     INFO -  'NO_FAIL_ON_TEST_ERRORS': '1',
16:55:01     INFO -  'PATH': '/usr/local/bin:/usr/local/bin:/usr/bin:/bin:/usr/local/games:/usr/games',
16:55:01     INFO -  'PROPERTIES_FILE': '/builds/slave/test/buildprops.json',
16:55:01     INFO -  'PWD': '/builds/slave/test',
16:55:01     INFO -  'SHELL': '/bin/bash',
16:55:01     INFO -  'SHLVL': '1',
16:55:01     INFO -  'TERM': 'linux',
16:55:01     INFO -  'TMOUT': '86400',
16:55:01     INFO -  'USER': 'cltbld',
16:55:01     INFO -  'XDG_SESSION_COOKIE': '9ca12473fbb1d023794ffd180000023c-1528501952.94634-295672137',
16:55:01     INFO -  '_': '/tools/buildbot/bin/python'}
16:55:01     INFO -  Ignoring indexes: https://pypi.python.org/simple
16:55:01     INFO -  Processing /builds/slave/test/build/tests/mozbase/manifestparser
16:55:02     INFO -    Requirement already satisfied (use --upgrade to upgrade): manifestparser==1.1 from file:///builds/slave/test/build/tests/mozbase/manifestparser in /builds/slave/test/build/venv/lib/python2.7/site-packages (from -r /builds/slave/test/build/tests/config/mozbase_requirements.txt (line 1))
16:55:02     INFO -  Processing /builds/slave/test/build/tests/mozbase/mozcrash
16:55:02     INFO -    Requirement already satisfied (use --upgrade to upgrade): mozcrash==1.0 from file:///builds/slave/test/build/tests/mozbase/mozcrash in /builds/slave/test/build/venv/lib/python2.7/site-packages (from -r /builds/slave/test/build/tests/config/mozbase_requirements.txt (line 2))
16:55:02     INFO -  Processing /builds/slave/test/build/tests/mozbase/mozdebug
16:55:03     INFO -    Requirement already satisfied (use --upgrade to upgrade): mozdebug==0.1 from file:///builds/slave/test/build/tests/mozbase/mozdebug in /builds/slave/test/build/venv/lib/python2.7/site-packages (from -r /builds/slave/test/build/tests/config/mozbase_requirements.txt (line 3))
16:55:03     INFO -  Processing /builds/slave/test/build/tests/mozbase/mozdevice
16:55:03     INFO -    Requirement already satisfied (use --upgrade to upgrade): mozdevice==0.48 from file:///builds/slave/test/build/tests/mozbase/mozdevice in /builds/slave/test/build/venv/lib/python2.7/site-packages (from -r /builds/slave/test/build/tests/config/mozbase_requirements.txt (line 4))
16:55:03     INFO -  Processing /builds/slave/test/build/tests/mozbase/mozfile
16:55:04     INFO -    Requirement already satisfied (use --upgrade to upgrade): mozfile==1.2 from file:///builds/slave/test/build/tests/mozbase/mozfile in /builds/slave/test/build/venv/lib/python2.7/site-packages (from -r /builds/slave/test/build/tests/config/mozbase_requirements.txt (line 5))
16:55:04     INFO -  Processing /builds/slave/test/build/tests/mozbase/mozhttpd
16:55:04     INFO -    Requirement already satisfied (use --upgrade to upgrade): mozhttpd==0.7 from file:///builds/slave/test/build/tests/mozbase/mozhttpd in /builds/slave/test/build/venv/lib/python2.7/site-packages (from -r /builds/slave/test/build/tests/config/mozbase_requirements.txt (line 6))
16:55:04     INFO -  Processing /builds/slave/test/build/tests/mozbase/mozinfo
16:55:04     INFO -    Requirement already satisfied (use --upgrade to upgrade): mozinfo==0.9 from file:///builds/slave/test/build/tests/mozbase/mozinfo in /builds/slave/test/build/venv/lib/python2.7/site-packages (from -r /builds/slave/test/build/tests/config/mozbase_requirements.txt (line 7))
16:55:04     INFO -  Processing /builds/slave/test/build/tests/mozbase/mozinstall
16:55:05     INFO -    Requirement already satisfied (use --upgrade to upgrade): mozInstall==1.12 from file:///builds/slave/test/build/tests/mozbase/mozinstall in /builds/slave/test/build/venv/lib/python2.7/site-packages (from -r /builds/slave/test/build/tests/config/mozbase_requirements.txt (line 8))
16:55:05     INFO -  Processing /builds/slave/test/build/tests/mozbase/mozleak
16:55:05     INFO -    Requirement already satisfied (use --upgrade to upgrade): mozleak==0.1 from file:///builds/slave/test/build/tests/mozbase/mozleak in /builds/slave/test/build/venv/lib/python2.7/site-packages (from -r /builds/slave/test/build/tests/config/mozbase_requirements.txt (line 9))
16:55:05     INFO -  Processing /builds/slave/test/build/tests/mozbase/mozlog
16:55:05     INFO -    Requirement already satisfied (use --upgrade to upgrade): mozlog==3.4 from file:///builds/slave/test/build/tests/mozbase/mozlog in /builds/slave/test/build/venv/lib/python2.7/site-packages (from -r /builds/slave/test/build/tests/config/mozbase_requirements.txt (line 10))
16:55:05     INFO -  Processing /builds/slave/test/build/tests/mozbase/moznetwork
16:55:06     INFO -    Requirement already satisfied (use --upgrade to upgrade): moznetwork==0.27 from file:///builds/slave/test/build/tests/mozbase/moznetwork in /builds/slave/test/build/venv/lib/python2.7/site-packages (from -r /builds/slave/test/build/tests/config/mozbase_requirements.txt (line 11))
16:55:06     INFO -  Processing /builds/slave/test/build/tests/mozbase/mozprocess
16:55:06     INFO -    Requirement already satisfied (use --upgrade to upgrade): mozprocess==0.23 from file:///builds/slave/test/build/tests/mozbase/mozprocess in /builds/slave/test/build/venv/lib/python2.7/site-packages (from -r /builds/slave/test/build/tests/config/mozbase_requirements.txt (line 12))
16:55:06     INFO -  Processing /builds/slave/test/build/tests/mozbase/mozprofile
16:55:07     INFO -    Requirement already satisfied (use --upgrade to upgrade): mozprofile==0.28 from file:///builds/slave/test/build/tests/mozbase/mozprofile in /builds/slave/test/build/venv/lib/python2.7/site-packages (from -r /builds/slave/test/build/tests/config/mozbase_requirements.txt (line 13))
16:55:07     INFO -  Processing /builds/slave/test/build/tests/mozbase/mozrunner
16:55:07     INFO -    Requirement already satisfied (use --upgrade to upgrade): mozrunner==6.13 from file:///builds/slave/test/build/tests/mozbase/mozrunner in /builds/slave/test/build/venv/lib/python2.7/site-packages (from -r /builds/slave/test/build/tests/config/mozbase_requirements.txt (line 14))
16:55:07     INFO -  Processing /builds/slave/test/build/tests/mozbase/mozscreenshot
16:55:07     INFO -    Requirement already satisfied (use --upgrade to upgrade): mozscreenshot==0.1 from file:///builds/slave/test/build/tests/mozbase/mozscreenshot in /builds/slave/test/build/venv/lib/python2.7/site-packages (from -r /builds/slave/test/build/tests/config/mozbase_requirements.txt (line 15))
16:55:07     INFO -  Processing /builds/slave/test/build/tests/mozbase/moztest
16:55:08     INFO -    Requirement already satisfied (use --upgrade to upgrade): moztest==0.8 from file:///builds/slave/test/build/tests/mozbase/moztest in /builds/slave/test/build/venv/lib/python2.7/site-packages (from -r /builds/slave/test/build/tests/config/mozbase_requirements.txt (line 16))
16:55:08     INFO -  Processing /builds/slave/test/build/tests/mozbase/mozversion
16:55:08     INFO -    Requirement already satisfied (use --upgrade to upgrade): mozversion==1.4 from file:///builds/slave/test/build/tests/mozbase/mozversion in /builds/slave/test/build/venv/lib/python2.7/site-packages (from -r /builds/slave/test/build/tests/config/mozbase_requirements.txt (line 17))
16:55:08     INFO -  Processing /builds/slave/test/build/tests/tools/wptserve
16:55:09     INFO -  Processing /builds/slave/test/build/tests/marionette/client
16:55:09     INFO -  Processing /builds/slave/test/build/tests/marionette/harness/marionette_harness/runner/mixins/browsermob-proxy-py
16:55:09     INFO -  Processing /builds/slave/test/build/tests/marionette/harness
16:55:10     INFO -  Processing /builds/slave/test/build/tests/marionette/puppeteer/firefox
16:55:10     INFO -  Building wheels for collected packages: browsermob-proxy
16:55:10     INFO -    Running setup.py bdist_wheel for browsermob-proxy: started
16:55:11     INFO -    Running setup.py bdist_wheel for browsermob-proxy: finished with status 'done'
16:55:11     INFO -    Stored in directory: /home/cltbld/.cache/pip/wheels/10/00/c1/79bb793b6a7eb4dca9dfd244010f550ae5044951bcd23c261e
16:55:11     INFO -  Successfully built browsermob-proxy
16:55:11     INFO -  Installing collected packages: wptserve, marionette-driver, browsermob-proxy, marionette-harness, firefox-puppeteer
16:55:11     INFO -    Running setup.py install for wptserve: started
16:55:11     INFO -      Running setup.py install for wptserve: finished with status 'done'
16:55:11     INFO -    Running setup.py install for marionette-driver: started
16:55:12     INFO -      Running setup.py install for marionette-driver: finished with status 'done'
16:55:12     INFO -    Running setup.py install for marionette-harness: started
16:55:12     INFO -      Running setup.py install for marionette-harness: finished with status 'done'
16:55:12     INFO -    Running setup.py install for firefox-puppeteer: started
16:55:13     INFO -      Running setup.py install for firefox-puppeteer: finished with status 'done'
16:55:13     INFO -  Successfully installed browsermob-proxy-0.6.0 firefox-puppeteer-52.1.0 marionette-driver-2.2.0 marionette-harness-4.0.0 wptserve-1.4.0
16:55:13     INFO - Return code: 0
16:55:13     INFO - Installing None into virtualenv /builds/slave/test/build/venv
16:55:13     INFO - retry: Calling run_command with args: [['/builds/slave/test/build/venv/bin/pip', 'install', '--timeout', '120', '-r', '/builds/slave/test/build/tests/config/marionette_requirements.txt', '--no-index', '--find-links', 'http://pypi.pvt.build.mozilla.org/pub', '--find-links', 'http://pypi.pub.build.mozilla.org/pub', '--trusted-host', 'pypi.pub.build.mozilla.org', '--trusted-host', 'pypi.pvt.build.mozilla.org']], kwargs: {'error_level': 'warning', 'error_list': [{'substr': 'not found or a compiler error:', 'level': 'warning'}, {'regex': <_sre.SRE_Pattern object at 0x7f3ca26b0110>, 'level': 'error'}, {'regex': <_sre.SRE_Pattern object at 0x7f3ca27b8e40>, 'level': 'warning'}, {'regex': <_sre.SRE_Pattern object at 0xeca3e0>, 'level': 'debug'}, {'substr': 'command not found', 'level': 'error'}, {'regex': <_sre.SRE_Pattern object at 0xec6a90>, 'level': 'warning'}, {'substr': 'Traceback (most recent call last)', 'level': 'error'}, {'substr': 'SyntaxError: ', 'level': 'error'}, {'substr': 'TypeError: ', 'level': 'error'}, {'substr': 'NameError: ', 'level': 'error'}, {'substr': 'ZeroDivisionError: ', 'level': 'error'}, {'regex': <_sre.SRE_Pattern object at 0xec83f0>, 'level': 'critical'}, {'regex': <_sre.SRE_Pattern object at 0xec8670>, 'level': 'critical'}], 'cwd': '/builds/slave/test/build/tests/config', 'env': {'TMOUT': '86400', 'LOGNAME': 'cltbld', 'USER': 'cltbld', 'HOME': '/home/cltbld', 'PATH': '/usr/local/bin:/usr/local/bin:/usr/bin:/bin:/usr/local/games:/usr/games', 'DISPLAY': ':0', 'CCACHE_UMASK': '002', 'LANG': 'en_US.UTF-8', 'TERM': 'linux', 'SHELL': '/bin/bash', 'MOZ_NODE_PATH': '/usr/bin/node', 'XDG_SESSION_COOKIE': '9ca12473fbb1d023794ffd180000023c-1528501952.94634-295672137', 'SHLVL': '1', 'NO_FAIL_ON_TEST_ERRORS': '1', 'MOZ_NO_REMOTE': '1', 'MOZ_HIDE_RESULTS_TABLE': '1', 'MAIL': '/var/mail/cltbld', '_': '/tools/buildbot/bin/python', 'NODE_PATH': '/usr/lib/nodejs:/usr/lib/node_modules:/usr/share/javascript', 'PWD': '/builds/slave/test', 'PROPERTIES_FILE': '/builds/slave/test/buildprops.json', 'CCACHE_DIR': '/builds/ccache'}}, attempt #1
16:55:13     INFO - Running command: ['/builds/slave/test/build/venv/bin/pip', 'install', '--timeout', '120', '-r', '/builds/slave/test/build/tests/config/marionette_requirements.txt', '--no-index', '--find-links', 'http://pypi.pvt.build.mozilla.org/pub', '--find-links', 'http://pypi.pub.build.mozilla.org/pub', '--trusted-host', 'pypi.pub.build.mozilla.org', '--trusted-host', 'pypi.pvt.build.mozilla.org'] in /builds/slave/test/build/tests/config
16:55:13     INFO - Copy/paste: /builds/slave/test/build/venv/bin/pip install --timeout 120 -r /builds/slave/test/build/tests/config/marionette_requirements.txt --no-index --find-links http://pypi.pvt.build.mozilla.org/pub --find-links http://pypi.pub.build.mozilla.org/pub --trusted-host pypi.pub.build.mozilla.org --trusted-host pypi.pvt.build.mozilla.org
16:55:13     INFO - Using env: {'CCACHE_DIR': '/builds/ccache',
16:55:13     INFO -  'CCACHE_UMASK': '002',
16:55:13     INFO -  'DISPLAY': ':0',
16:55:13     INFO -  'HOME': '/home/cltbld',
16:55:13     INFO -  'LANG': 'en_US.UTF-8',
16:55:13     INFO -  'LOGNAME': 'cltbld',
16:55:13     INFO -  'MAIL': '/var/mail/cltbld',
16:55:13     INFO -  'MOZ_HIDE_RESULTS_TABLE': '1',
16:55:13     INFO -  'MOZ_NODE_PATH': '/usr/bin/node',
16:55:13     INFO -  'MOZ_NO_REMOTE': '1',
16:55:13     INFO -  'NODE_PATH': '/usr/lib/nodejs:/usr/lib/node_modules:/usr/share/javascript',
16:55:13     INFO -  'NO_FAIL_ON_TEST_ERRORS': '1',
16:55:13     INFO -  'PATH': '/usr/local/bin:/usr/local/bin:/usr/bin:/bin:/usr/local/games:/usr/games',
16:55:13     INFO -  'PROPERTIES_FILE': '/builds/slave/test/buildprops.json',
16:55:13     INFO -  'PWD': '/builds/slave/test',
16:55:13     INFO -  'SHELL': '/bin/bash',
16:55:13     INFO -  'SHLVL': '1',
16:55:13     INFO -  'TERM': 'linux',
16:55:13     INFO -  'TMOUT': '86400',
16:55:13     INFO -  'USER': 'cltbld',
16:55:13     INFO -  'XDG_SESSION_COOKIE': '9ca12473fbb1d023794ffd180000023c-1528501952.94634-295672137',
16:55:13     INFO -  '_': '/tools/buildbot/bin/python'}
16:55:14     INFO -  Ignoring indexes: https://pypi.python.org/simple
16:55:14     INFO -  Processing /builds/slave/test/build/tests/mozbase/manifestparser
16:55:15     INFO -    Requirement already satisfied (use --upgrade to upgrade): manifestparser==1.1 from file:///builds/slave/test/build/tests/mozbase/manifestparser in /builds/slave/test/build/venv/lib/python2.7/site-packages (from -r /builds/slave/test/build/tests/config/mozbase_requirements.txt (line 1))
16:55:15     INFO -  Processing /builds/slave/test/build/tests/mozbase/mozcrash
16:55:15     INFO -    Requirement already satisfied (use --upgrade to upgrade): mozcrash==1.0 from file:///builds/slave/test/build/tests/mozbase/mozcrash in /builds/slave/test/build/venv/lib/python2.7/site-packages (from -r /builds/slave/test/build/tests/config/mozbase_requirements.txt (line 2))
16:55:15     INFO -  Processing /builds/slave/test/build/tests/mozbase/mozdebug
16:55:16     INFO -    Requirement already satisfied (use --upgrade to upgrade): mozdebug==0.1 from file:///builds/slave/test/build/tests/mozbase/mozdebug in /builds/slave/test/build/venv/lib/python2.7/site-packages (from -r /builds/slave/test/build/tests/config/mozbase_requirements.txt (line 3))
16:55:16     INFO -  Processing /builds/slave/test/build/tests/mozbase/mozdevice
16:55:16     INFO -    Requirement already satisfied (use --upgrade to upgrade): mozdevice==0.48 from file:///builds/slave/test/build/tests/mozbase/mozdevice in /builds/slave/test/build/venv/lib/python2.7/site-packages (from -r /builds/slave/test/build/tests/config/mozbase_requirements.txt (line 4))
16:55:16     INFO -  Processing /builds/slave/test/build/tests/mozbase/mozfile
16:55:16     INFO -    Requirement already satisfied (use --upgrade to upgrade): mozfile==1.2 from file:///builds/slave/test/build/tests/mozbase/mozfile in /builds/slave/test/build/venv/lib/python2.7/site-packages (from -r /builds/slave/test/build/tests/config/mozbase_requirements.txt (line 5))
16:55:16     INFO -  Processing /builds/slave/test/build/tests/mozbase/mozhttpd
16:55:17     INFO -    Requirement already satisfied (use --upgrade to upgrade): mozhttpd==0.7 from file:///builds/slave/test/build/tests/mozbase/mozhttpd in /builds/slave/test/build/venv/lib/python2.7/site-packages (from -r /builds/slave/test/build/tests/config/mozbase_requirements.txt (line 6))
16:55:17     INFO -  Processing /builds/slave/test/build/tests/mozbase/mozinfo
16:55:17     INFO -    Requirement already satisfied (use --upgrade to upgrade): mozinfo==0.9 from file:///builds/slave/test/build/tests/mozbase/mozinfo in /builds/slave/test/build/venv/lib/python2.7/site-packages (from -r /builds/slave/test/build/tests/config/mozbase_requirements.txt (line 7))
16:55:17     INFO -  Processing /builds/slave/test/build/tests/mozbase/mozinstall
16:55:18     INFO -    Requirement already satisfied (use --upgrade to upgrade): mozInstall==1.12 from file:///builds/slave/test/build/tests/mozbase/mozinstall in /builds/slave/test/build/venv/lib/python2.7/site-packages (from -r /builds/slave/test/build/tests/config/mozbase_requirements.txt (line 8))
16:55:18     INFO -  Processing /builds/slave/test/build/tests/mozbase/mozleak
16:55:18     INFO -    Requirement already satisfied (use --upgrade to upgrade): mozleak==0.1 from file:///builds/slave/test/build/tests/mozbase/mozleak in /builds/slave/test/build/venv/lib/python2.7/site-packages (from -r /builds/slave/test/build/tests/config/mozbase_requirements.txt (line 9))
16:55:18     INFO -  Processing /builds/slave/test/build/tests/mozbase/mozlog
16:55:18     INFO -    Requirement already satisfied (use --upgrade to upgrade): mozlog==3.4 from file:///builds/slave/test/build/tests/mozbase/mozlog in /builds/slave/test/build/venv/lib/python2.7/site-packages (from -r /builds/slave/test/build/tests/config/mozbase_requirements.txt (line 10))
16:55:18     INFO -  Processing /builds/slave/test/build/tests/mozbase/moznetwork
16:55:19     INFO -    Requirement already satisfied (use --upgrade to upgrade): moznetwork==0.27 from file:///builds/slave/test/build/tests/mozbase/moznetwork in /builds/slave/test/build/venv/lib/python2.7/site-packages (from -r /builds/slave/test/build/tests/config/mozbase_requirements.txt (line 11))
16:55:19     INFO -  Processing /builds/slave/test/build/tests/mozbase/mozprocess
16:55:19     INFO -    Requirement already satisfied (use --upgrade to upgrade): mozprocess==0.23 from file:///builds/slave/test/build/tests/mozbase/mozprocess in /builds/slave/test/build/venv/lib/python2.7/site-packages (from -r /builds/slave/test/build/tests/config/mozbase_requirements.txt (line 12))
16:55:19     INFO -  Processing /builds/slave/test/build/tests/mozbase/mozprofile
16:55:19     INFO -    Requirement already satisfied (use --upgrade to upgrade): mozprofile==0.28 from file:///builds/slave/test/build/tests/mozbase/mozprofile in /builds/slave/test/build/venv/lib/python2.7/site-packages (from -r /builds/slave/test/build/tests/config/mozbase_requirements.txt (line 13))
16:55:19     INFO -  Processing /builds/slave/test/build/tests/mozbase/mozrunner
16:55:20     INFO -    Requirement already satisfied (use --upgrade to upgrade): mozrunner==6.13 from file:///builds/slave/test/build/tests/mozbase/mozrunner in /builds/slave/test/build/venv/lib/python2.7/site-packages (from -r /builds/slave/test/build/tests/config/mozbase_requirements.txt (line 14))
16:55:20     INFO -  Processing /builds/slave/test/build/tests/mozbase/mozscreenshot
16:55:20     INFO -    Requirement already satisfied (use --upgrade to upgrade): mozscreenshot==0.1 from file:///builds/slave/test/build/tests/mozbase/mozscreenshot in /builds/slave/test/build/venv/lib/python2.7/site-packages (from -r /builds/slave/test/build/tests/config/mozbase_requirements.txt (line 15))
16:55:20     INFO -  Processing /builds/slave/test/build/tests/mozbase/moztest
16:55:21     INFO -    Requirement already satisfied (use --upgrade to upgrade): moztest==0.8 from file:///builds/slave/test/build/tests/mozbase/moztest in /builds/slave/test/build/venv/lib/python2.7/site-packages (from -r /builds/slave/test/build/tests/config/mozbase_requirements.txt (line 16))
16:55:21     INFO -  Processing /builds/slave/test/build/tests/mozbase/mozversion
16:55:21     INFO -    Requirement already satisfied (use --upgrade to upgrade): mozversion==1.4 from file:///builds/slave/test/build/tests/mozbase/mozversion in /builds/slave/test/build/venv/lib/python2.7/site-packages (from -r /builds/slave/test/build/tests/config/mozbase_requirements.txt (line 17))
16:55:21     INFO -  Processing /builds/slave/test/build/tests/tools/wptserve
16:55:21     INFO -    Requirement already satisfied (use --upgrade to upgrade): wptserve==1.4.0 from file:///builds/slave/test/build/tests/tools/wptserve in /builds/slave/test/build/venv/lib/python2.7/site-packages (from -r /builds/slave/test/build/tests/config/marionette_requirements.txt (line 3))
16:55:21     INFO -  Processing /builds/slave/test/build/tests/marionette/client
16:55:22     INFO -    Requirement already satisfied (use --upgrade to upgrade): marionette-driver==2.2.0 from file:///builds/slave/test/build/tests/marionette/client in /builds/slave/test/build/venv/lib/python2.7/site-packages (from -r /builds/slave/test/build/tests/config/marionette_requirements.txt (line 4))
16:55:22     INFO -  Processing /builds/slave/test/build/tests/marionette/harness/marionette_harness/runner/mixins/browsermob-proxy-py
16:55:22     INFO -    Requirement already satisfied (use --upgrade to upgrade): browsermob-proxy==0.6.0 from file:///builds/slave/test/build/tests/marionette/harness/marionette_harness/runner/mixins/browsermob-proxy-py in /builds/slave/test/build/venv/lib/python2.7/site-packages (from -r /builds/slave/test/build/tests/config/marionette_requirements.txt (line 5))
16:55:22     INFO -  Processing /builds/slave/test/build/tests/marionette/harness
16:55:23     INFO -    Requirement already satisfied (use --upgrade to upgrade): marionette-harness==4.0.0 from file:///builds/slave/test/build/tests/marionette/harness in /builds/slave/test/build/venv/lib/python2.7/site-packages (from -r /builds/slave/test/build/tests/config/marionette_requirements.txt (line 6))
16:55:23     INFO -  Processing /builds/slave/test/build/tests/marionette/puppeteer/firefox
16:55:23     INFO -    Requirement already satisfied (use --upgrade to upgrade): firefox-puppeteer==52.1.0 from file:///builds/slave/test/build/tests/marionette/puppeteer/firefox in /builds/slave/test/build/venv/lib/python2.7/site-packages (from -r /builds/slave/test/build/tests/config/marionette_requirements.txt (line 9))
16:55:23     INFO -  Requirement already satisfied (use --upgrade to upgrade): mozfile>=1.0 in /builds/slave/test/build/venv/lib/python2.7/site-packages (from mozcrash==1.0->-r /builds/slave/test/build/tests/config/mozbase_requirements.txt (line 2))
16:55:23     INFO -  Requirement already satisfied (use --upgrade to upgrade): mozlog>=3.0 in /builds/slave/test/build/venv/lib/python2.7/site-packages (from mozcrash==1.0->-r /builds/slave/test/build/tests/config/mozbase_requirements.txt (line 2))
16:55:23     INFO -  Requirement already satisfied (use --upgrade to upgrade): mozinfo in /builds/slave/test/build/venv/lib/python2.7/site-packages (from mozdebug==0.1->-r /builds/slave/test/build/tests/config/mozbase_requirements.txt (line 3))
16:55:23     INFO -  Requirement already satisfied (use --upgrade to upgrade): moznetwork>=0.24 in /builds/slave/test/build/venv/lib/python2.7/site-packages (from mozdevice==0.48->-r /builds/slave/test/build/tests/config/mozbase_requirements.txt (line 4))
16:55:23     INFO -  Requirement already satisfied (use --upgrade to upgrade): mozprocess>=0.19 in /builds/slave/test/build/venv/lib/python2.7/site-packages (from mozdevice==0.48->-r /builds/slave/test/build/tests/config/mozbase_requirements.txt (line 4))
16:55:23     INFO -  Requirement already satisfied (use --upgrade to upgrade): blessings>=1.3 in /builds/slave/test/build/venv/lib/python2.7/site-packages (from mozlog==3.4->-r /builds/slave/test/build/tests/config/mozbase_requirements.txt (line 10))
16:55:23     INFO -  Requirement already satisfied (use --upgrade to upgrade): requests>=1.1.0 in /builds/slave/test/build/venv/lib/python2.7/site-packages (from browsermob-proxy==0.6.0->-r /builds/slave/test/build/tests/config/marionette_requirements.txt (line 5))
16:55:23     INFO -  Building wheels for collected packages: browsermob-proxy
16:55:23     INFO -    Running setup.py bdist_wheel for browsermob-proxy: started
16:55:24     INFO -    Running setup.py bdist_wheel for browsermob-proxy: finished with status 'done'
16:55:24     INFO -    Stored in directory: /home/cltbld/.cache/pip/wheels/10/00/c1/79bb793b6a7eb4dca9dfd244010f550ae5044951bcd23c261e
16:55:24     INFO -  Successfully built browsermob-proxy
16:55:24     INFO - Return code: 0
16:55:24     INFO - Installing None into virtualenv /builds/slave/test/build/venv
16:55:24     INFO - retry: Calling run_command with args: [['/builds/slave/test/build/venv/bin/pip', 'install', '--no-deps', '--timeout', '120', '-r', '/builds/slave/test/build/tests/mochitest/websocketprocessbridge/websocketprocessbridge_requirements.txt', '--no-index', '--find-links', 'http://pypi.pvt.build.mozilla.org/pub', '--find-links', 'http://pypi.pub.build.mozilla.org/pub', '--trusted-host', 'pypi.pub.build.mozilla.org', '--trusted-host', 'pypi.pvt.build.mozilla.org']], kwargs: {'error_level': 'warning', 'error_list': [{'substr': 'not found or a compiler error:', 'level': 'warning'}, {'regex': <_sre.SRE_Pattern object at 0x7f3ca26b0110>, 'level': 'error'}, {'regex': <_sre.SRE_Pattern object at 0x7f3ca27b8e40>, 'level': 'warning'}, {'regex': <_sre.SRE_Pattern object at 0xeca3e0>, 'level': 'debug'}, {'substr': 'command not found', 'level': 'error'}, {'regex': <_sre.SRE_Pattern object at 0xec6a90>, 'level': 'warning'}, {'substr': 'Traceback (most recent call last)', 'level': 'error'}, {'substr': 'SyntaxError: ', 'level': 'error'}, {'substr': 'TypeError: ', 'level': 'error'}, {'substr': 'NameError: ', 'level': 'error'}, {'substr': 'ZeroDivisionError: ', 'level': 'error'}, {'regex': <_sre.SRE_Pattern object at 0xec83f0>, 'level': 'critical'}, {'regex': <_sre.SRE_Pattern object at 0xec8670>, 'level': 'critical'}], 'cwd': '/builds/slave/test/build/tests/mochitest/websocketprocessbridge', 'env': {'TMOUT': '86400', 'LOGNAME': 'cltbld', 'USER': 'cltbld', 'HOME': '/home/cltbld', 'PATH': '/usr/local/bin:/usr/local/bin:/usr/bin:/bin:/usr/local/games:/usr/games', 'DISPLAY': ':0', 'CCACHE_UMASK': '002', 'LANG': 'en_US.UTF-8', 'TERM': 'linux', 'SHELL': '/bin/bash', 'MOZ_NODE_PATH': '/usr/bin/node', 'XDG_SESSION_COOKIE': '9ca12473fbb1d023794ffd180000023c-1528501952.94634-295672137', 'SHLVL': '1', 'NO_FAIL_ON_TEST_ERRORS': '1', 'MOZ_NO_REMOTE': '1', 'MOZ_HIDE_RESULTS_TABLE': '1', 'MAIL': '/var/mail/cltbld', '_': '/tools/buildbot/bin/python', 'NODE_PATH': '/usr/lib/nodejs:/usr/lib/node_modules:/usr/share/javascript', 'PWD': '/builds/slave/test', 'PROPERTIES_FILE': '/builds/slave/test/buildprops.json', 'CCACHE_DIR': '/builds/ccache'}}, attempt #1
16:55:24     INFO - Running command: ['/builds/slave/test/build/venv/bin/pip', 'install', '--no-deps', '--timeout', '120', '-r', '/builds/slave/test/build/tests/mochitest/websocketprocessbridge/websocketprocessbridge_requirements.txt', '--no-index', '--find-links', 'http://pypi.pvt.build.mozilla.org/pub', '--find-links', 'http://pypi.pub.build.mozilla.org/pub', '--trusted-host', 'pypi.pub.build.mozilla.org', '--trusted-host', 'pypi.pvt.build.mozilla.org'] in /builds/slave/test/build/tests/mochitest/websocketprocessbridge
16:55:24     INFO - Copy/paste: /builds/slave/test/build/venv/bin/pip install --no-deps --timeout 120 -r /builds/slave/test/build/tests/mochitest/websocketprocessbridge/websocketprocessbridge_requirements.txt --no-index --find-links http://pypi.pvt.build.mozilla.org/pub --find-links http://pypi.pub.build.mozilla.org/pub --trusted-host pypi.pub.build.mozilla.org --trusted-host pypi.pvt.build.mozilla.org
16:55:24     INFO - Using env: {'CCACHE_DIR': '/builds/ccache',
16:55:24     INFO -  'CCACHE_UMASK': '002',
16:55:24     INFO -  'DISPLAY': ':0',
16:55:24     INFO -  'HOME': '/home/cltbld',
16:55:24     INFO -  'LANG': 'en_US.UTF-8',
16:55:24     INFO -  'LOGNAME': 'cltbld',
16:55:24     INFO -  'MAIL': '/var/mail/cltbld',
16:55:24     INFO -  'MOZ_HIDE_RESULTS_TABLE': '1',
16:55:24     INFO -  'MOZ_NODE_PATH': '/usr/bin/node',
16:55:24     INFO -  'MOZ_NO_REMOTE': '1',
16:55:24     INFO -  'NODE_PATH': '/usr/lib/nodejs:/usr/lib/node_modules:/usr/share/javascript',
16:55:24     INFO -  'NO_FAIL_ON_TEST_ERRORS': '1',
16:55:24     INFO -  'PATH': '/usr/local/bin:/usr/local/bin:/usr/bin:/bin:/usr/local/games:/usr/games',
16:55:24     INFO -  'PROPERTIES_FILE': '/builds/slave/test/buildprops.json',
16:55:24     INFO -  'PWD': '/builds/slave/test',
16:55:24     INFO -  'SHELL': '/bin/bash',
16:55:24     INFO -  'SHLVL': '1',
16:55:24     INFO -  'TERM': 'linux',
16:55:24     INFO -  'TMOUT': '86400',
16:55:24     INFO -  'USER': 'cltbld',
16:55:24     INFO -  'XDG_SESSION_COOKIE': '9ca12473fbb1d023794ffd180000023c-1528501952.94634-295672137',
16:55:24     INFO -  '_': '/tools/buildbot/bin/python'}
16:55:25     INFO -  Ignoring indexes: https://pypi.python.org/simple
16:55:25     INFO -  Collecting six==1.10.0 (from -r /builds/slave/test/build/tests/mochitest/websocketprocessbridge/websocketprocessbridge_requirements.txt (line 2))
16:55:25     INFO -  /builds/slave/test/build/venv/lib/python2.7/site-packages/pip/_vendor/requests/packages/urllib3/util/ssl_.py:318: SNIMissingWarning: An HTTPS request has been made, but the SNI (Subject Name Indication) extension to TLS is not available on this platform. This may cause the server to present an incorrect TLS certificate, which can cause validation failures. You can upgrade to a newer version of Python to solve this. For more information, see https://urllib3.readthedocs.org/en/latest/security.html#snimissingwarning.
16:55:25     INFO -    SNIMissingWarning
16:55:25     INFO -  /builds/slave/test/build/venv/lib/python2.7/site-packages/pip/_vendor/requests/packages/urllib3/util/ssl_.py:122: InsecurePlatformWarning: A true SSLContext object is not available. This prevents urllib3 from configuring SSL appropriately and may cause certain SSL connections to fail. You can upgrade to a newer version of Python to solve this. For more information, see https://urllib3.readthedocs.org/en/latest/security.html#insecureplatformwarning.
16:55:25     INFO -    InsecurePlatformWarning
16:55:26     INFO -  /builds/slave/test/build/venv/lib/python2.7/site-packages/pip/_vendor/requests/packages/urllib3/util/ssl_.py:122: InsecurePlatformWarning: A true SSLContext object is not available. This prevents urllib3 from configuring SSL appropriately and may cause certain SSL connections to fail. You can upgrade to a newer version of Python to solve this. For more information, see https://urllib3.readthedocs.org/en/latest/security.html#insecureplatformwarning.
16:55:26     INFO -    InsecurePlatformWarning
16:55:30     INFO -    Downloading https://pypi.pvt.build.mozilla.org/pub/six-1.10.0-py2.py3-none-any.whl
16:55:30     INFO -  Collecting twisted==10.2.0 (from -r /builds/slave/test/build/tests/mochitest/websocketprocessbridge/websocketprocessbridge_requirements.txt (line 4))
16:55:35     INFO -    Downloading https://pypi.pvt.build.mozilla.org/pub/Twisted-10.2.0.tar.gz (1.9MB)
16:55:36     INFO -  Collecting txws==0.9.1 (from -r /builds/slave/test/build/tests/mochitest/websocketprocessbridge/websocketprocessbridge_requirements.txt (line 7))
16:55:42     INFO -    Downloading https://pypi.pvt.build.mozilla.org/pub/txWS-0.9.1.tar.gz
16:55:45     INFO -  Requirement already satisfied (use --upgrade to upgrade): psutil==3.1.1 in /builds/slave/test/build/venv/lib/python2.7/site-packages (from -r /builds/slave/test/build/tests/mochitest/websocketprocessbridge/websocketprocessbridge_requirements.txt (line 9))
16:55:45     INFO -  Collecting ipaddr==2.1.11 (from -r /builds/slave/test/build/tests/mochitest/websocketprocessbridge/websocketprocessbridge_requirements.txt (line 12))
16:55:50     INFO -    Downloading https://pypi.pvt.build.mozilla.org/pub/ipaddr-2.1.11.tar.gz
16:55:50     INFO -  Collecting passlib==1.6.5 (from -r /builds/slave/test/build/tests/mochitest/websocketprocessbridge/websocketprocessbridge_requirements.txt (line 13))
16:55:55     INFO -    Downloading https://pypi.pvt.build.mozilla.org/pub/passlib-1.6.5-py2.py3-none-any.whl (317kB)
16:55:55     INFO -  Building wheels for collected packages: twisted, txws, ipaddr
16:55:55     INFO -    Running setup.py bdist_wheel for twisted: started
16:55:58     INFO -    Running setup.py bdist_wheel for twisted: finished with status 'done'
16:55:58     INFO -    Stored in directory: /home/cltbld/.cache/pip/wheels/2a/06/64/df4bef56496f61aee018cad118db54f7a03015723d10662b26
16:55:58     INFO -    Running setup.py bdist_wheel for txws: started
16:55:59     INFO -    Running setup.py bdist_wheel for txws: finished with status 'done'
16:55:59     INFO -    Stored in directory: /home/cltbld/.cache/pip/wheels/51/f5/78/51b5dd281cb5c86337c41faadc891bd5089a07842da35b9248
16:55:59     INFO -    Running setup.py bdist_wheel for ipaddr: started
16:56:00     INFO -    Running setup.py bdist_wheel for ipaddr: finished with status 'done'
16:56:00     INFO -    Stored in directory: /home/cltbld/.cache/pip/wheels/6a/e7/d2/68af1df9a4dd7fd032c9375a12bd438c6fa81ee69d5e07993f
16:56:00     INFO -  Successfully built twisted txws ipaddr
16:56:00     INFO -  Installing collected packages: six, twisted, txws, ipaddr, passlib
16:56:04     INFO -  Successfully installed ipaddr-2.1.11 passlib-1.6.5 six-1.10.0 twisted-10.2.0 txws-0.9.1
16:56:04     INFO - Return code: 0
16:56:04     INFO - Installing None into virtualenv /builds/slave/test/build/venv
16:56:04     INFO - retry: Calling run_command with args: [['/builds/slave/test/build/venv/bin/pip', 'install', '--timeout', '120', '-r', '/builds/slave/test/build/tests/mochitest/websocketprocessbridge/websocketprocessbridge_requirements.txt', '--no-index', '--find-links', 'http://pypi.pvt.build.mozilla.org/pub', '--find-links', 'http://pypi.pub.build.mozilla.org/pub', '--trusted-host', 'pypi.pub.build.mozilla.org', '--trusted-host', 'pypi.pvt.build.mozilla.org']], kwargs: {'error_level': 'warning', 'error_list': [{'substr': 'not found or a compiler error:', 'level': 'warning'}, {'regex': <_sre.SRE_Pattern object at 0x7f3ca26b0110>, 'level': 'error'}, {'regex': <_sre.SRE_Pattern object at 0x7f3ca27b8e40>, 'level': 'warning'}, {'regex': <_sre.SRE_Pattern object at 0xeca3e0>, 'level': 'debug'}, {'substr': 'command not found', 'level': 'error'}, {'regex': <_sre.SRE_Pattern object at 0xec6a90>, 'level': 'warning'}, {'substr': 'Traceback (most recent call last)', 'level': 'error'}, {'substr': 'SyntaxError: ', 'level': 'error'}, {'substr': 'TypeError: ', 'level': 'error'}, {'substr': 'NameError: ', 'level': 'error'}, {'substr': 'ZeroDivisionError: ', 'level': 'error'}, {'regex': <_sre.SRE_Pattern object at 0xec83f0>, 'level': 'critical'}, {'regex': <_sre.SRE_Pattern object at 0xec8670>, 'level': 'critical'}], 'cwd': '/builds/slave/test/build/tests/mochitest/websocketprocessbridge', 'env': {'TMOUT': '86400', 'LOGNAME': 'cltbld', 'USER': 'cltbld', 'HOME': '/home/cltbld', 'PATH': '/usr/local/bin:/usr/local/bin:/usr/bin:/bin:/usr/local/games:/usr/games', 'DISPLAY': ':0', 'CCACHE_UMASK': '002', 'LANG': 'en_US.UTF-8', 'TERM': 'linux', 'SHELL': '/bin/bash', 'MOZ_NODE_PATH': '/usr/bin/node', 'XDG_SESSION_COOKIE': '9ca12473fbb1d023794ffd180000023c-1528501952.94634-295672137', 'SHLVL': '1', 'NO_FAIL_ON_TEST_ERRORS': '1', 'MOZ_NO_REMOTE': '1', 'MOZ_HIDE_RESULTS_TABLE': '1', 'MAIL': '/var/mail/cltbld', '_': '/tools/buildbot/bin/python', 'NODE_PATH': '/usr/lib/nodejs:/usr/lib/node_modules:/usr/share/javascript', 'PWD': '/builds/slave/test', 'PROPERTIES_FILE': '/builds/slave/test/buildprops.json', 'CCACHE_DIR': '/builds/ccache'}}, attempt #1
16:56:04     INFO - Running command: ['/builds/slave/test/build/venv/bin/pip', 'install', '--timeout', '120', '-r', '/builds/slave/test/build/tests/mochitest/websocketprocessbridge/websocketprocessbridge_requirements.txt', '--no-index', '--find-links', 'http://pypi.pvt.build.mozilla.org/pub', '--find-links', 'http://pypi.pub.build.mozilla.org/pub', '--trusted-host', 'pypi.pub.build.mozilla.org', '--trusted-host', 'pypi.pvt.build.mozilla.org'] in /builds/slave/test/build/tests/mochitest/websocketprocessbridge
16:56:04     INFO - Copy/paste: /builds/slave/test/build/venv/bin/pip install --timeout 120 -r /builds/slave/test/build/tests/mochitest/websocketprocessbridge/websocketprocessbridge_requirements.txt --no-index --find-links http://pypi.pvt.build.mozilla.org/pub --find-links http://pypi.pub.build.mozilla.org/pub --trusted-host pypi.pub.build.mozilla.org --trusted-host pypi.pvt.build.mozilla.org
16:56:04     INFO - Using env: {'CCACHE_DIR': '/builds/ccache',
16:56:04     INFO -  'CCACHE_UMASK': '002',
16:56:04     INFO -  'DISPLAY': ':0',
16:56:04     INFO -  'HOME': '/home/cltbld',
16:56:04     INFO -  'LANG': 'en_US.UTF-8',
16:56:04     INFO -  'LOGNAME': 'cltbld',
16:56:04     INFO -  'MAIL': '/var/mail/cltbld',
16:56:04     INFO -  'MOZ_HIDE_RESULTS_TABLE': '1',
16:56:04     INFO -  'MOZ_NODE_PATH': '/usr/bin/node',
16:56:04     INFO -  'MOZ_NO_REMOTE': '1',
16:56:04     INFO -  'NODE_PATH': '/usr/lib/nodejs:/usr/lib/node_modules:/usr/share/javascript',
16:56:04     INFO -  'NO_FAIL_ON_TEST_ERRORS': '1',
16:56:04     INFO -  'PATH': '/usr/local/bin:/usr/local/bin:/usr/bin:/bin:/usr/local/games:/usr/games',
16:56:04     INFO -  'PROPERTIES_FILE': '/builds/slave/test/buildprops.json',
16:56:04     INFO -  'PWD': '/builds/slave/test',
16:56:04     INFO -  'SHELL': '/bin/bash',
16:56:04     INFO -  'SHLVL': '1',
16:56:04     INFO -  'TERM': 'linux',
16:56:04     INFO -  'TMOUT': '86400',
16:56:04     INFO -  'USER': 'cltbld',
16:56:04     INFO -  'XDG_SESSION_COOKIE': '9ca12473fbb1d023794ffd180000023c-1528501952.94634-295672137',
16:56:04     INFO -  '_': '/tools/buildbot/bin/python'}
16:56:05     INFO -  Ignoring indexes: https://pypi.python.org/simple
16:56:05     INFO -  Requirement already satisfied (use --upgrade to upgrade): six==1.10.0 in /builds/slave/test/build/venv/lib/python2.7/site-packages (from -r /builds/slave/test/build/tests/mochitest/websocketprocessbridge/websocketprocessbridge_requirements.txt (line 2))
16:56:05     INFO -  Requirement already satisfied (use --upgrade to upgrade): twisted==10.2.0 in /builds/slave/test/build/venv/lib/python2.7/site-packages (from -r /builds/slave/test/build/tests/mochitest/websocketprocessbridge/websocketprocessbridge_requirements.txt (line 4))
16:56:05     INFO -  Requirement already satisfied (use --upgrade to upgrade): txws==0.9.1 in /builds/slave/test/build/venv/lib/python2.7/site-packages (from -r /builds/slave/test/build/tests/mochitest/websocketprocessbridge/websocketprocessbridge_requirements.txt (line 7))
16:56:05     INFO -  Requirement already satisfied (use --upgrade to upgrade): psutil==3.1.1 in /builds/slave/test/build/venv/lib/python2.7/site-packages (from -r /builds/slave/test/build/tests/mochitest/websocketprocessbridge/websocketprocessbridge_requirements.txt (line 9))
16:56:05     INFO -  Requirement already satisfied (use --upgrade to upgrade): ipaddr==2.1.11 in /builds/slave/test/build/venv/lib/python2.7/site-packages (from -r /builds/slave/test/build/tests/mochitest/websocketprocessbridge/websocketprocessbridge_requirements.txt (line 12))
16:56:05     INFO -  Requirement already satisfied (use --upgrade to upgrade): passlib==1.6.5 in /builds/slave/test/build/venv/lib/python2.7/site-packages (from -r /builds/slave/test/build/tests/mochitest/websocketprocessbridge/websocketprocessbridge_requirements.txt (line 13))
16:56:05     INFO -  Collecting zope.interface (from twisted==10.2.0->-r /builds/slave/test/build/tests/mochitest/websocketprocessbridge/websocketprocessbridge_requirements.txt (line 4))
16:56:05     INFO -  /builds/slave/test/build/venv/lib/python2.7/site-packages/pip/_vendor/requests/packages/urllib3/util/ssl_.py:318: SNIMissingWarning: An HTTPS request has been made, but the SNI (Subject Name Indication) extension to TLS is not available on this platform. This may cause the server to present an incorrect TLS certificate, which can cause validation failures. You can upgrade to a newer version of Python to solve this. For more information, see https://urllib3.readthedocs.org/en/latest/security.html#snimissingwarning.
16:56:05     INFO -    SNIMissingWarning
16:56:05     INFO -  /builds/slave/test/build/venv/lib/python2.7/site-packages/pip/_vendor/requests/packages/urllib3/util/ssl_.py:122: InsecurePlatformWarning: A true SSLContext object is not available. This prevents urllib3 from configuring SSL appropriately and may cause certain SSL connections to fail. You can upgrade to a newer version of Python to solve this. For more information, see https://urllib3.readthedocs.org/en/latest/security.html#insecureplatformwarning.
16:56:05     INFO -    InsecurePlatformWarning
16:56:06     INFO -  /builds/slave/test/build/venv/lib/python2.7/site-packages/pip/_vendor/requests/packages/urllib3/util/ssl_.py:122: InsecurePlatformWarning: A true SSLContext object is not available. This prevents urllib3 from configuring SSL appropriately and may cause certain SSL connections to fail. You can upgrade to a newer version of Python to solve this. For more information, see https://urllib3.readthedocs.org/en/latest/security.html#insecureplatformwarning.
16:56:06     INFO -    InsecurePlatformWarning
16:56:10     INFO -    Downloading https://pypi.pvt.build.mozilla.org/pub/zope.interface-4.0.2.tar.gz (139kB)
16:56:11     INFO -  Requirement already satisfied (use --upgrade to upgrade): setuptools in /builds/slave/test/build/venv/lib/python2.7/site-packages (from zope.interface->twisted==10.2.0->-r /builds/slave/test/build/tests/mochitest/websocketprocessbridge/websocketprocessbridge_requirements.txt (line 4))
16:56:11     INFO -  Building wheels for collected packages: zope.interface
16:56:11     INFO -    Running setup.py bdist_wheel for zope.interface: started
16:56:12     INFO -    Running setup.py bdist_wheel for zope.interface: finished with status 'done'
16:56:12     INFO -    Stored in directory: /home/cltbld/.cache/pip/wheels/54/5c/71/e718400d2babcda41f4d97864183e1268dab308acc88e22470
16:56:12     INFO -  Successfully built zope.interface
16:56:12     INFO -  Installing collected packages: zope.interface
16:56:13     INFO -  Successfully installed zope.interface-4.0.2
16:56:13     INFO - Return code: 0
16:56:13     INFO - Done creating virtualenv /builds/slave/test/build/venv.
16:56:13     INFO - Getting output from command: ['/builds/slave/test/build/venv/bin/pip', 'freeze']
16:56:13     INFO - Copy/paste: /builds/slave/test/build/venv/bin/pip freeze
16:56:14     INFO - Reading from file tmpfile_stdout
16:56:14     INFO - Reading from file tmpfile_stderr
16:56:14     INFO - Current package versions:
16:56:14     INFO -   Twisted == 10.2.0
16:56:14     INFO -   blessings == 1.6
16:56:14     INFO -   blobuploader == 1.2.4
16:56:14     INFO -   browsermob-proxy == 0.6.0
16:56:14     INFO -   docopt == 0.6.1
16:56:14     INFO -   firefox-puppeteer == 52.1.0
16:56:14     INFO -   functools32 == 3.2.3.post2
16:56:14     INFO -   ipaddr == 2.1.11
16:56:14     INFO -   jsonschema == 2.5.1
16:56:14     INFO -   manifestparser == 1.1
16:56:14     INFO -   marionette-driver == 2.2.0
16:56:14     INFO -   marionette-harness == 4.0.0
16:56:14     INFO -   mock == 1.0.1
16:56:14     INFO -   mozInstall == 1.12
16:56:14     INFO -   mozcrash == 1.0
16:56:14     INFO -   mozdebug == 0.1
16:56:14     INFO -   mozdevice == 0.48
16:56:14     INFO -   mozfile == 1.2
16:56:14     INFO -   mozhttpd == 0.7
16:56:14     INFO -   mozinfo == 0.9
16:56:14     INFO -   mozleak == 0.1
16:56:14     INFO -   mozlog == 3.4
16:56:14     INFO -   moznetwork == 0.27
16:56:14     INFO -   mozprocess == 0.23
16:56:14     INFO -   mozprofile == 0.28
16:56:14     INFO -   mozrunner == 6.13
16:56:14     INFO -   mozscreenshot == 0.1
16:56:14     INFO -   mozsystemmonitor == 0.3
16:56:14     INFO -   moztest == 0.8
16:56:14     INFO -   mozversion == 1.4
16:56:14     INFO -   passlib == 1.6.5
16:56:14     INFO -   psutil == 3.1.1
16:56:14     INFO -   requests == 1.2.3
16:56:14     INFO -   simplejson == 3.3.0
16:56:14     INFO -   six == 1.10.0
16:56:14     INFO -   txWS == 0.9.1
16:56:14     INFO -   wptserve == 1.4.0
16:56:14     INFO -   zope.interface == 4.0.2
16:56:14     INFO - Running post-action listener: _resource_record_post_action
16:56:14     INFO - Running post-action listener: _start_resource_monitoring
16:56:14     INFO - Starting resource monitoring.
16:56:14     INFO - [mozharness: 2018-06-08 23:56:14.650143Z] Finished create-virtualenv step (success)
16:56:14     INFO - [mozharness: 2018-06-08 23:56:14.656781Z] Running install step.
16:56:14     INFO - Running pre-action listener: _resource_record_pre_action
16:56:14     INFO - Running main action method: install
16:56:14     INFO - Getting output from command: ['/builds/slave/test/build/venv/bin/pip', 'freeze']
16:56:14     INFO - Copy/paste: /builds/slave/test/build/venv/bin/pip freeze
16:56:15     INFO - Reading from file tmpfile_stdout
16:56:15     INFO - Reading from file tmpfile_stderr
16:56:15     INFO - Detecting whether we're running mozinstall >=1.0...
16:56:15     INFO - Getting output from command: ['/builds/slave/test/build/venv/bin/mozinstall', '-h']
16:56:15     INFO - Copy/paste: /builds/slave/test/build/venv/bin/mozinstall -h
16:56:15     INFO - Reading from file tmpfile_stdout
16:56:15     INFO - Output received:
16:56:15     INFO -  Usage: mozinstall [options] installer
16:56:15     INFO -  Options:
16:56:15     INFO -    -h, --help            show this help message and exit
16:56:15     INFO -    -d DEST, --destination=DEST
16:56:15     INFO -                          Directory to install application into. [default:
16:56:15     INFO -                          "/builds/slave/test"]
16:56:15     INFO -    --app=APP             Application being installed. [default: firefox]
16:56:15     INFO - mkdir: /builds/slave/test/build/application
16:56:15     INFO - Getting output from command: ['/builds/slave/test/build/venv/bin/mozinstall', '/builds/slave/test/build/installer.tar.bz2', '--destination', '/builds/slave/test/build/application']
16:56:15     INFO - Copy/paste: /builds/slave/test/build/venv/bin/mozinstall /builds/slave/test/build/installer.tar.bz2 --destination /builds/slave/test/build/application
16:56:39     INFO - Reading from file tmpfile_stdout
16:56:39     INFO - Output received:
16:56:39     INFO -  /builds/slave/test/build/application/firefox/firefox
16:56:39     INFO - Running post-action listener: _resource_record_post_action
16:56:39     INFO - [mozharness: 2018-06-08 23:56:39.803812Z] Finished install step (success)
16:56:39     INFO - [mozharness: 2018-06-08 23:56:39.804247Z] Running stage-files step.
16:56:39     INFO - Running pre-action listener: _resource_record_pre_action
16:56:39     INFO - Running main action method: stage_files
16:56:39     INFO - Running post-action listener: _resource_record_post_action
16:56:39     INFO - [mozharness: 2018-06-08 23:56:39.805998Z] Finished stage-files step (success)
16:56:39     INFO - [mozharness: 2018-06-08 23:56:39.806381Z] Running run-tests step.
16:56:39     INFO - Running pre-action listener: _resource_record_pre_action
16:56:39     INFO - Running pre-action listener: _set_gcov_prefix
16:56:39     INFO - Running main action method: run_tests
16:56:39     INFO - Running pre test command disable_screen_saver with 'xset s off s reset'
16:56:39     INFO - Running command: ['xset', 's', 'off', 's', 'reset'] in /builds/slave/test/build
16:56:39     INFO - Copy/paste: xset s off s reset
16:56:39     INFO - Return code: 0
16:56:39     INFO - #### Running mochitest suites
16:56:39     INFO - Structured output parser in use for mochitest.
16:56:39     INFO - grabbing minidump binary from tooltool
16:56:39     INFO - retry: Calling run_command with args: (['/tools/tooltool.py', '--url', 'https://api.pub.build.mozilla.org/tooltool/', '--authentication-file', '/builds/relengapi.tok', 'fetch', '-m', '/builds/slave/test/build/tests/config/tooltool-manifests/linux64/releng.manifest', '-o', '-c', '/builds/tooltool_cache'],), kwargs: {'output_timeout': 600, 'error_list': [{'substr': 'command not found', 'level': 'error'}, {'regex': <_sre.SRE_Pattern object at 0xec6a90>, 'level': 'warning'}, {'substr': 'Traceback (most recent call last)', 'level': 'error'}, {'substr': 'SyntaxError: ', 'level': 'error'}, {'substr': 'TypeError: ', 'level': 'error'}, {'substr': 'NameError: ', 'level': 'error'}, {'substr': 'ZeroDivisionError: ', 'level': 'error'}, {'regex': <_sre.SRE_Pattern object at 0xec83f0>, 'level': 'critical'}, {'regex': <_sre.SRE_Pattern object at 0xec8670>, 'level': 'critical'}, {'substr': 'ERROR - ', 'level': 'error'}], 'cwd': '/builds/slave/test/build', 'privileged': False}, attempt #1
16:56:39     INFO - Running command: ['/tools/tooltool.py', '--url', 'https://api.pub.build.mozilla.org/tooltool/', '--authentication-file', '/builds/relengapi.tok', 'fetch', '-m', '/builds/slave/test/build/tests/config/tooltool-manifests/linux64/releng.manifest', '-o', '-c', '/builds/tooltool_cache'] in /builds/slave/test/build
16:56:39     INFO - Copy/paste: /tools/tooltool.py --url https://api.pub.build.mozilla.org/tooltool/ --authentication-file /builds/relengapi.tok fetch -m /builds/slave/test/build/tests/config/tooltool-manifests/linux64/releng.manifest -o -c /builds/tooltool_cache
16:56:39     INFO - Calling ['/tools/tooltool.py', '--url', 'https://api.pub.build.mozilla.org/tooltool/', '--authentication-file', '/builds/relengapi.tok', 'fetch', '-m', '/builds/slave/test/build/tests/config/tooltool-manifests/linux64/releng.manifest', '-o', '-c', '/builds/tooltool_cache'] with output_timeout 600
16:56:40     INFO -  INFO - File linux64-minidump_stackwalk not present in local cache folder /builds/tooltool_cache
16:56:40     INFO -  INFO - Attempting to fetch from 'https://api.pub.build.mozilla.org/tooltool/'...
16:56:41     INFO -  INFO - File linux64-minidump_stackwalk fetched from https://api.pub.build.mozilla.org/tooltool/ as /builds/slave/test/build/tmp92lfTi
16:56:41     INFO -  INFO - File integrity verified, renaming tmp92lfTi to linux64-minidump_stackwalk
16:56:41     INFO -  INFO - Updating local cache /builds/tooltool_cache...
16:56:41     INFO -  INFO - Local cache /builds/tooltool_cache updated with linux64-minidump_stackwalk
16:56:41     INFO - Return code: 0
16:56:41     INFO - Chmoding /builds/slave/test/build/linux64-minidump_stackwalk to 0755
16:56:41     INFO - grabbing nodejs binary from tooltool
16:56:41     INFO - retry: Calling run_command with args: (['/tools/tooltool.py', '--url', 'https://api.pub.build.mozilla.org/tooltool/', '--authentication-file', '/builds/relengapi.tok', 'fetch', '-m', '/builds/slave/test/build/tests/config/tooltool-manifests/linux64/nodejs.manifest', '-o', '-c', '/builds/tooltool_cache'],), kwargs: {'output_timeout': 600, 'error_list': [{'substr': 'command not found', 'level': 'error'}, {'regex': <_sre.SRE_Pattern object at 0xec6a90>, 'level': 'warning'}, {'substr': 'Traceback (most recent call last)', 'level': 'error'}, {'substr': 'SyntaxError: ', 'level': 'error'}, {'substr': 'TypeError: ', 'level': 'error'}, {'substr': 'NameError: ', 'level': 'error'}, {'substr': 'ZeroDivisionError: ', 'level': 'error'}, {'regex': <_sre.SRE_Pattern object at 0xec83f0>, 'level': 'critical'}, {'regex': <_sre.SRE_Pattern object at 0xec8670>, 'level': 'critical'}, {'substr': 'ERROR - ', 'level': 'error'}], 'cwd': '/builds/slave/test/build', 'privileged': False}, attempt #1
16:56:41     INFO - Running command: ['/tools/tooltool.py', '--url', 'https://api.pub.build.mozilla.org/tooltool/', '--authentication-file', '/builds/relengapi.tok', 'fetch', '-m', '/builds/slave/test/build/tests/config/tooltool-manifests/linux64/nodejs.manifest', '-o', '-c', '/builds/tooltool_cache'] in /builds/slave/test/build
16:56:41     INFO - Copy/paste: /tools/tooltool.py --url https://api.pub.build.mozilla.org/tooltool/ --authentication-file /builds/relengapi.tok fetch -m /builds/slave/test/build/tests/config/tooltool-manifests/linux64/nodejs.manifest -o -c /builds/tooltool_cache
16:56:41     INFO - Calling ['/tools/tooltool.py', '--url', 'https://api.pub.build.mozilla.org/tooltool/', '--authentication-file', '/builds/relengapi.tok', 'fetch', '-m', '/builds/slave/test/build/tests/config/tooltool-manifests/linux64/nodejs.manifest', '-o', '-c', '/builds/tooltool_cache'] with output_timeout 600
16:56:41     INFO -  INFO - File node-linux-x64.tar.gz not present in local cache folder /builds/tooltool_cache
16:56:41     INFO -  INFO - Attempting to fetch from 'https://api.pub.build.mozilla.org/tooltool/'...
16:56:42     INFO -  INFO - File node-linux-x64.tar.gz fetched from https://api.pub.build.mozilla.org/tooltool/ as /builds/slave/test/build/tmpH7o0qQ
16:56:42     INFO -  INFO - File integrity verified, renaming tmpH7o0qQ to node-linux-x64.tar.gz
16:56:42     INFO -  INFO - Updating local cache /builds/tooltool_cache...
16:56:42     INFO -  INFO - Local cache /builds/tooltool_cache updated with node-linux-x64.tar.gz
16:56:42     INFO -  INFO - untarring "node-linux-x64.tar.gz"
16:56:44     INFO - Return code: 0
16:56:44     INFO - Chmoding /builds/slave/test/build/node-linux-x64/bin/node to 0755
16:56:44     INFO - mkdir: /builds/slave/test/build/blobber_upload_dir
16:56:44     INFO - ENV: MOZ_UPLOAD_DIR is now /builds/slave/test/build/blobber_upload_dir
16:56:44     INFO - ENV: MINIDUMP_STACKWALK is now /builds/slave/test/build/linux64-minidump_stackwalk
16:56:44     INFO - ENV: MOZ_NODE_PATH is now /builds/slave/test/build/node-linux-x64/bin/node
16:56:44     INFO - ENV: MINIDUMP_SAVE_PATH is now /builds/slave/test/build/blobber_upload_dir
16:56:44     INFO - Running command: ['/builds/slave/test/build/venv/bin/python', '-u', '/builds/slave/test/build/tests/mochitest/runtests.py', '--disable-e10s', '--total-chunks', '8', '--this-chunk', '7', '--appname=/builds/slave/test/build/application/firefox/firefox', '--utility-path=tests/bin', '--extra-profile-file=tests/bin/plugins', '--symbols-path=https://queue.taskcluster.net/v1/task/I1iAdq48Sa60c5BCPWswkg/artifacts/public/build/firefox-52.8.2.en-US.linux-x86_64.crashreporter-symbols.zip', '--certificate-path=tests/certs', '--setpref=webgl.force-enabled=true', '--quiet', '--log-raw=/builds/slave/test/build/blobber_upload_dir/mochitest-devtools-chrome-chunked_raw.log', '--log-errorsummary=/builds/slave/test/build/blobber_upload_dir/mochitest-devtools-chrome-chunked_errorsummary.log', '--use-test-media-devices', '--screenshot-on-fail', '--cleanup-crashes', '--marionette-startup-timeout=180', '--log-raw=-', '--flavor=browser', '--subsuite=devtools', '--chunk-by-runtime'] in /builds/slave/test/build
16:56:44     INFO - Copy/paste: /builds/slave/test/build/venv/bin/python -u /builds/slave/test/build/tests/mochitest/runtests.py --disable-e10s --total-chunks 8 --this-chunk 7 --appname=/builds/slave/test/build/application/firefox/firefox --utility-path=tests/bin --extra-profile-file=tests/bin/plugins --symbols-path=https://queue.taskcluster.net/v1/task/I1iAdq48Sa60c5BCPWswkg/artifacts/public/build/firefox-52.8.2.en-US.linux-x86_64.crashreporter-symbols.zip --certificate-path=tests/certs --setpref=webgl.force-enabled=true --quiet --log-raw=/builds/slave/test/build/blobber_upload_dir/mochitest-devtools-chrome-chunked_raw.log --log-errorsummary=/builds/slave/test/build/blobber_upload_dir/mochitest-devtools-chrome-chunked_errorsummary.log --use-test-media-devices --screenshot-on-fail --cleanup-crashes --marionette-startup-timeout=180 --log-raw=- --flavor=browser --subsuite=devtools --chunk-by-runtime
16:56:44     INFO - Using env: {'CCACHE_DIR': '/builds/ccache',
16:56:44     INFO -  'CCACHE_UMASK': '002',
16:56:44     INFO -  'DISPLAY': ':0',
16:56:44     INFO -  'HOME': '/home/cltbld',
16:56:44     INFO -  'LANG': 'en_US.UTF-8',
16:56:44     INFO -  'LOGNAME': 'cltbld',
16:56:44     INFO -  'MAIL': '/var/mail/cltbld',
16:56:44     INFO -  'MINIDUMP_SAVE_PATH': '/builds/slave/test/build/blobber_upload_dir',
16:56:44     INFO -  'MINIDUMP_STACKWALK': '/builds/slave/test/build/linux64-minidump_stackwalk',
16:56:44     INFO -  'MOZ_HIDE_RESULTS_TABLE': '1',
16:56:44     INFO -  'MOZ_NODE_PATH': '/builds/slave/test/build/node-linux-x64/bin/node',
16:56:44     INFO -  'MOZ_NO_REMOTE': '1',
16:56:44     INFO -  'MOZ_UPLOAD_DIR': '/builds/slave/test/build/blobber_upload_dir',
16:56:44     INFO -  'NODE_PATH': '/usr/lib/nodejs:/usr/lib/node_modules:/usr/share/javascript',
16:56:44     INFO -  'NO_FAIL_ON_TEST_ERRORS': '1',
16:56:44     INFO -  'PATH': '/builds/slave/test/build/venv/bin:/usr/local/bin:/usr/local/bin:/usr/bin:/bin:/usr/local/games:/usr/games',
16:56:44     INFO -  'PROPERTIES_FILE': '/builds/slave/test/buildprops.json',
16:56:44     INFO -  'PWD': '/builds/slave/test',
16:56:44     INFO -  'SHELL': '/bin/bash',
16:56:44     INFO -  'SHLVL': '1',
16:56:44     INFO -  'TERM': 'linux',
16:56:44     INFO -  'TMOUT': '86400',
16:56:44     INFO -  'USER': 'cltbld',
16:56:44     INFO -  'XDG_SESSION_COOKIE': '9ca12473fbb1d023794ffd180000023c-1528501952.94634-295672137',
16:56:44     INFO -  '_': '/tools/buildbot/bin/python'}
16:56:44     INFO - Calling ['/builds/slave/test/build/venv/bin/python', '-u', '/builds/slave/test/build/tests/mochitest/runtests.py', '--disable-e10s', '--total-chunks', '8', '--this-chunk', '7', '--appname=/builds/slave/test/build/application/firefox/firefox', '--utility-path=tests/bin', '--extra-profile-file=tests/bin/plugins', '--symbols-path=https://queue.taskcluster.net/v1/task/I1iAdq48Sa60c5BCPWswkg/artifacts/public/build/firefox-52.8.2.en-US.linux-x86_64.crashreporter-symbols.zip', '--certificate-path=tests/certs', '--setpref=webgl.force-enabled=true', '--quiet', '--log-raw=/builds/slave/test/build/blobber_upload_dir/mochitest-devtools-chrome-chunked_raw.log', '--log-errorsummary=/builds/slave/test/build/blobber_upload_dir/mochitest-devtools-chrome-chunked_errorsummary.log', '--use-test-media-devices', '--screenshot-on-fail', '--cleanup-crashes', '--marionette-startup-timeout=180', '--log-raw=-', '--flavor=browser', '--subsuite=devtools', '--chunk-by-runtime'] with output_timeout 1000
16:56:45     INFO - Checking for orphan ssltunnel processes...
16:56:45     INFO - Checking for orphan xpcshell processes...
16:56:45     INFO - SUITE-START | Running 153 tests
16:56:45     INFO - TEST-START | devtools/client/aboutdebugging/test/browser_service_workers_timeout.js
16:56:45     INFO - TEST-SKIP | devtools/client/aboutdebugging/test/browser_service_workers_timeout.js | took 0ms
16:56:45     INFO - TEST-START | devtools/client/aboutdebugging/test/browser_tabs.js
16:56:45     INFO - TEST-SKIP | devtools/client/aboutdebugging/test/browser_tabs.js | took 0ms
16:56:45     INFO - TEST-START | devtools/client/animationinspector/test/browser_animation_controller_exposes_document_currentTime.js
16:56:45     INFO - TEST-SKIP | devtools/client/animationinspector/test/browser_animation_controller_exposes_document_currentTime.js | took 1ms
16:56:45     INFO - TEST-START | devtools/client/animationinspector/test/browser_animation_refresh_on_removed_animation.js
16:56:45     INFO - TEST-SKIP | devtools/client/animationinspector/test/browser_animation_refresh_on_removed_animation.js | took 0ms
16:56:45     INFO - TEST-START | devtools/client/framework/test/browser_toolbox_minimize.js
16:56:45     INFO - TEST-SKIP | devtools/client/framework/test/browser_toolbox_minimize.js | took 0ms
16:56:45     INFO - TEST-START | devtools/client/framework/test/browser_toolbox_remoteness_change.js
16:56:45     INFO - TEST-SKIP | devtools/client/framework/test/browser_toolbox_remoteness_change.js | took 0ms
16:56:45     INFO -  dir: browser/base/content/test/general
16:56:48     INFO -  ImportError: No module named pygtk
16:56:48     INFO -  Setting pipeline to PAUSED ...
16:56:48     INFO -  libv4l2: error getting pixformat: Invalid argument
16:56:48     INFO -  Pipeline is PREROLLING ...
16:56:49     INFO -  Pipeline is PREROLLED ...
16:56:49     INFO -  Setting pipeline to PLAYING ...
16:56:49     INFO -  New clock: GstSystemClock
16:56:49     INFO -  Got EOS from element "pipeline0".
16:56:49     INFO -  Execution ended after 32233226 ns.
16:56:49     INFO -  Setting pipeline to PAUSED ...
16:56:49     INFO -  Setting pipeline to READY ...
16:56:49     INFO -  Setting pipeline to NULL ...
16:56:49     INFO -  Freeing pipeline ...
16:56:49     INFO -  23
16:56:49     INFO -  mozprofile.addons WARNING | Could not install /builds/slave/test/build/tests/mochitest/extensions/mozscreenshots: [Errno 2] No such file or directory: '/builds/slave/test/build/tests/mochitest/extensions/mozscreenshots/install.rdf'
16:56:50     INFO -  pk12util: PKCS12 IMPORT SUCCESSFUL
16:56:50     INFO - MochitestServer : launching [u'/builds/slave/test/build/tests/bin/xpcshell', '-g', '/builds/slave/test/build/application/firefox', '-v', '170', '-f', '/builds/slave/test/build/tests/bin/components/httpd.js', '-e', "const _PROFILE_PATH = '/tmp/tmpddiw_R.mozrunner'; const _SERVER_PORT = '8888'; const _SERVER_ADDR = '127.0.0.1'; const _TEST_PREFIX = undefined; const _DISPLAY_RESULTS = false;", '-f', '/builds/slave/test/build/tests/mochitest/server.js']
16:56:50     INFO - runtests.py | Server pid: 2471
16:56:50     INFO - runtests.py | Websocket server pid: 2474
16:56:50     INFO - runtests.py | SSL tunnel pid: 2477
16:56:50     INFO - runtests.py | Running with e10s: False
16:56:50     INFO - runtests.py | Running tests: start.
16:56:50     INFO - 
16:56:50     INFO - Application command: /builds/slave/test/build/application/firefox/firefox -marionette -foreground -profile /tmp/tmpddiw_R.mozrunner
16:56:50     INFO - runtests.py | Application pid: 2499
16:56:50     INFO - TEST-INFO | started process Main app process
16:56:54     INFO - 1528502214242	Marionette	INFO	Listening on port 2828
16:56:58     INFO - *** Start BrowserChrome Test Results ***
16:56:58     INFO - checking window state
16:56:59     INFO - TEST-START | browser/base/content/test/general/browser_parsable_css.js
16:57:01     INFO - MEMORY STAT vsizeMaxContiguous not supported in this build configuration.
16:57:01     INFO - MEMORY STAT | vsize 2011MB | residentFast 255MB | heapAllocated 138MB
16:57:01     INFO - TEST-OK | browser/base/content/test/general/browser_parsable_css.js | took 2168ms
16:57:01     INFO - checking window state
16:57:04     INFO - Completed ShutdownLeaks collections in process 2499
16:57:04     INFO - TEST-START | Shutdown
16:57:04     INFO - Browser Chrome Test Summary
16:57:04     INFO - Passed:  1
16:57:04     INFO - Failed:  0
16:57:04     INFO - Todo:    0
16:57:04     INFO - Mode:    non-e10s
16:57:04     INFO - *** End BrowserChrome Test Results ***
16:57:06     INFO - TEST-INFO | Main app process: exit 0
16:57:06     INFO - runtests.py | Application ran for: 0:00:15.477921
16:57:06     INFO - zombiecheck | Reading PID log: /tmp/tmp9YFuFvpidlog
16:57:06     INFO - ==> process 2499 launched child process 2520
16:57:06     INFO - zombiecheck | Checking for orphan process with PID: 2520
16:57:06     INFO - Stopping web server
16:57:06     INFO - Stopping web socket server
16:57:06     INFO - Stopping ssltunnel
16:57:06  WARNING - leakcheck | refcount logging is off, so leaks can't be detected!
16:57:06     INFO - runtests.py | Running tests: end.
16:57:06     INFO - Buffered messages finished
16:57:06     INFO -  dir: devtools/client/aboutdebugging/test
16:57:06     INFO -  Setting pipeline to PAUSED ...
16:57:06     INFO -  Pipeline is PREROLLING ...
16:57:06     INFO -  Pipeline is PREROLLED ...
16:57:06     INFO -  Setting pipeline to PLAYING ...
16:57:06     INFO -  New clock: GstSystemClock
16:57:06     INFO -  Got EOS from element "pipeline0".
16:57:06     INFO -  Execution ended after 32672886 ns.
16:57:06     INFO -  Setting pipeline to PAUSED ...
16:57:06     INFO -  Setting pipeline to READY ...
16:57:06     INFO -  Setting pipeline to NULL ...
16:57:06     INFO -  Freeing pipeline ...
16:57:06     INFO -  mozprofile.addons WARNING | Could not install /builds/slave/test/build/tests/mochitest/extensions/mozscreenshots: [Errno 2] No such file or directory: '/builds/slave/test/build/tests/mochitest/extensions/mozscreenshots/install.rdf'
16:57:07     INFO -  pk12util: PKCS12 IMPORT SUCCESSFUL
16:57:07     INFO - MochitestServer : launching [u'/builds/slave/test/build/tests/bin/xpcshell', '-g', '/builds/slave/test/build/application/firefox', '-v', '170', '-f', '/builds/slave/test/build/tests/bin/components/httpd.js', '-e', "const _PROFILE_PATH = '/tmp/tmpm1DHNG.mozrunner'; const _SERVER_PORT = '8888'; const _SERVER_ADDR = '127.0.0.1'; const _TEST_PREFIX = undefined; const _DISPLAY_RESULTS = false;", '-f', '/builds/slave/test/build/tests/mochitest/server.js']
16:57:07     INFO - runtests.py | Server pid: 2591
16:57:07     INFO - runtests.py | Websocket server pid: 2594
16:57:07     INFO - runtests.py | SSL tunnel pid: 2597
16:57:07     INFO - runtests.py | Running with e10s: False
16:57:07     INFO - runtests.py | Running tests: start.
16:57:07     INFO - 
16:57:07     INFO - Application command: /builds/slave/test/build/application/firefox/firefox -marionette -foreground -profile /tmp/tmpm1DHNG.mozrunner
16:57:08     INFO - runtests.py | Application pid: 2619
16:57:08     INFO - TEST-INFO | started process Main app process
16:57:11     INFO - 1528502231188	Marionette	INFO	Listening on port 2828
16:57:15     INFO - *** Start BrowserChrome Test Results ***
16:57:16     INFO - checking window state
16:57:16     INFO - TEST-START | devtools/client/aboutdebugging/test/browser_addons_debug_bootstrapped.js
16:57:21     INFO - JavaScript error: resource://gre/modules/XPCOMUtils.jsm, line 191: TypeError: can't redefine non-configurable property "Services"
16:57:27     INFO - JavaScript error: resource://app/modules/BrowserUsageTelemetry.jsm, line 211: NS_ERROR_FAILURE: Component returned failure code: 0x80004005 (NS_ERROR_FAILURE) [nsIObserverService.removeObserver]
16:57:29     INFO - MEMORY STAT vsizeMaxContiguous not supported in this build configuration.
16:57:29     INFO - MEMORY STAT | vsize 2050MB | residentFast 237MB | heapAllocated 106MB
16:57:29     INFO - TEST-OK | devtools/client/aboutdebugging/test/browser_addons_debug_bootstrapped.js | took 12996ms
16:57:29     INFO - checking window state
16:57:29     INFO - TEST-START | devtools/client/aboutdebugging/test/browser_addons_debug_webextension.js
16:57:31     INFO - 1528502251886	addons.webextension.test-devtools-webextension@mozilla.org	WARN	Please specify whether you want browser_style or not in your browser_action options.
16:57:35     INFO - JavaScript error: resource://gre/modules/XPCOMUtils.jsm, line 191: TypeError: can't redefine non-configurable property "Services"
16:57:40     INFO - JavaScript error: resource://app/modules/BrowserUsageTelemetry.jsm, line 211: NS_ERROR_FAILURE: Component returned failure code: 0x80004005 (NS_ERROR_FAILURE) [nsIObserverService.removeObserver]
16:57:42     INFO - MEMORY STAT | vsize 2055MB | residentFast 248MB | heapAllocated 111MB
16:57:42     INFO - TEST-OK | devtools/client/aboutdebugging/test/browser_addons_debug_webextension.js | took 13032ms
16:57:42     INFO - checking window state
16:57:42     INFO - TEST-START | devtools/client/aboutdebugging/test/browser_addons_debug_webextension_inspector.js
16:57:44     INFO - 1528502264084	addons.webextension.test-devtools-webextension@mozilla.org	WARN	Please specify whether you want browser_style or not in your browser_action options.
16:57:47     INFO - JavaScript error: resource://gre/modules/XPCOMUtils.jsm, line 191: TypeError: can't redefine non-configurable property "Services"
16:57:53     INFO - Got a nodeActor
16:57:53     INFO - Got a nodeActor with an inline text child
16:57:53     INFO - Got the expected inline text content in the selected node
16:57:53     INFO - JavaScript error: resource://app/modules/BrowserUsageTelemetry.jsm, line 211: NS_ERROR_FAILURE: Component returned failure code: 0x80004005 (NS_ERROR_FAILURE) [nsIObserverService.removeObserver]
16:57:55     INFO - MEMORY STAT | vsize 2069MB | residentFast 260MB | heapAllocated 120MB
16:57:55     INFO - TEST-OK | devtools/client/aboutdebugging/test/browser_addons_debug_webextension_inspector.js | took 13258ms
16:57:56     INFO - checking window state
16:57:56     INFO - TEST-START | devtools/client/aboutdebugging/test/browser_addons_debug_webextension_nobg.js
16:58:00     INFO - JavaScript error: resource://gre/modules/XPCOMUtils.jsm, line 191: TypeError: can't redefine non-configurable property "Services"
16:58:06     INFO - Got a nodeActor
16:58:06     INFO - Got a nodeActor with an inline text child
16:58:06     INFO - Got the expected inline text content in the selected node
16:58:07     INFO - JavaScript error: resource://app/modules/BrowserUsageTelemetry.jsm, line 211: NS_ERROR_FAILURE: Component returned failure code: 0x80004005 (NS_ERROR_FAILURE) [nsIObserverService.removeObserver]
16:58:08     INFO - Handler function threw an exception: TypeError: threadActor is null
16:58:08     INFO - Stack: _windowReady@resource://gre/modules/commonjs/toolkit/loader.js -> resource://devtools/server/actors/webbrowser.js:1884:1
16:58:08     INFO - _changeTopLevelDocument/<@resource://gre/modules/commonjs/toolkit/loader.js -> resource://devtools/server/actors/webbrowser.js:1822:7
16:58:08     INFO - exports.makeInfallible/<@resource://gre/modules/commonjs/toolkit/loader.js -> resource://devtools/shared/ThreadSafeDevToolsUtils.js:101:14
16:58:08     INFO - Line: 1884, column: 1
16:58:08     INFO - console.error:
16:58:08     INFO -   Handler function threw an exception: TypeError: threadActor is null
16:58:08     INFO - Stack: _windowReady@resource://gre/modules/commonjs/toolkit/loader.js -> resource://devtools/server/actors/webbrowser.js:1884:1
16:58:08     INFO - _changeTopLevelDocument/<@resource://gre/modules/commonjs/toolkit/loader.js -> resource://devtools/server/actors/webbrowser.js:1822:7
16:58:08     INFO - exports.makeInfallible/<@resource://gre/modules/commonjs/toolkit/loader.js -> resource://devtools/shared/ThreadSafeDevToolsUtils.js:101:14
16:58:08     INFO - Line: 1884, column: 1
16:58:09     INFO - MEMORY STAT | vsize 2067MB | residentFast 267MB | heapAllocated 128MB
16:58:09     INFO - TEST-OK | devtools/client/aboutdebugging/test/browser_addons_debug_webextension_nobg.js | took 13132ms
16:58:09     INFO - checking window state
16:58:09     INFO - TEST-START | devtools/client/aboutdebugging/test/browser_addons_debug_webextension_popup.js
16:58:11     INFO - 1528502291106	addons.webextension.test-devtools-webextension@mozilla.org	WARN	Please specify whether you want browser_style or not in your browser_action options.
16:58:14     INFO - JavaScript error: resource://gre/modules/XPCOMUtils.jsm, line 191: TypeError: can't redefine non-configurable property "Services"
16:58:18     INFO - Clicking the noautohide button
16:58:18     INFO - Clicked the noautohide button
16:58:19     INFO - Clicking the frame list button
16:58:19     INFO - Clicked the frame list button
16:58:20     INFO - JavaScript error: resource://app/modules/BrowserUsageTelemetry.jsm, line 211: NS_ERROR_FAILURE: Component returned failure code: 0x80004005 (NS_ERROR_FAILURE) [nsIObserverService.removeObserver]
16:58:22     INFO - MEMORY STAT | vsize 2082MB | residentFast 285MB | heapAllocated 132MB
16:58:22     INFO - TEST-OK | devtools/client/aboutdebugging/test/browser_addons_debug_webextension_popup.js | took 12910ms
16:58:22     INFO - checking window state
16:58:22     INFO - TEST-START | devtools/client/aboutdebugging/test/browser_addons_debugging_initial_state.js
16:58:28     INFO - MEMORY STAT | vsize 2129MB | residentFast 345MB | heapAllocated 169MB
16:58:28     INFO - TEST-OK | devtools/client/aboutdebugging/test/browser_addons_debugging_initial_state.js | took 5926ms
16:58:28     INFO - checking window state
16:58:28     INFO - TEST-START | devtools/client/aboutdebugging/test/browser_addons_install.js
16:58:31     INFO - MEMORY STAT | vsize 2143MB | residentFast 367MB | heapAllocated 177MB
16:58:31     INFO - TEST-OK | devtools/client/aboutdebugging/test/browser_addons_install.js | took 2756ms
16:58:31     INFO - checking window state
16:58:31     INFO - TEST-START | devtools/client/aboutdebugging/test/browser_addons_reload.js
16:58:32     INFO - 1528502312742	addons.xpi	WARN	Addon with ID test-devtools@mozilla.org already installed, older version will be disabled
16:58:34     INFO - 1528502314796	addons.xpi	WARN	Addon with ID test-devtools@mozilla.org already installed, older version will be disabled
16:58:35     INFO - JavaScript error: resource://gre/modules/ExtensionContent.jsm, line 888: TypeError: extension is undefined
16:58:36     INFO - MEMORY STAT | vsize 2185MB | residentFast 385MB | heapAllocated 180MB
16:58:36     INFO - TEST-OK | devtools/client/aboutdebugging/test/browser_addons_reload.js | took 5144ms
16:58:36     INFO - checking window state
16:58:36     INFO - TEST-START | devtools/client/aboutdebugging/test/browser_addons_toggle_debug.js
16:58:38     INFO - MEMORY STAT | vsize 2190MB | residentFast 397MB | heapAllocated 190MB
16:58:38     INFO - TEST-OK | devtools/client/aboutdebugging/test/browser_addons_toggle_debug.js | took 1680ms
16:58:38     INFO - checking window state
16:58:38     INFO - TEST-START | devtools/client/aboutdebugging/test/browser_page_not_found.js
16:58:40     INFO - MEMORY STAT | vsize 2194MB | residentFast 413MB | heapAllocated 202MB
16:58:40     INFO - TEST-OK | devtools/client/aboutdebugging/test/browser_page_not_found.js | took 1340ms
16:58:40     INFO - checking window state
16:58:40     INFO - TEST-START | devtools/client/aboutdebugging/test/browser_service_workers.js
16:58:41     INFO - SW registered
16:58:42     INFO - MEMORY STAT | vsize 2203MB | residentFast 418MB | heapAllocated 198MB
16:58:42     INFO - TEST-OK | devtools/client/aboutdebugging/test/browser_service_workers.js | took 2054ms
16:58:42     INFO - checking window state
16:58:42     INFO - TEST-START | devtools/client/aboutdebugging/test/browser_service_workers_not_compatible.js
16:58:48     INFO - JavaScript error: resource://app/modules/URLBarZoom.jsm, line 24: TypeError: win is null
16:58:48     INFO - MEMORY STAT | vsize 2254MB | residentFast 402MB | heapAllocated 188MB
16:58:48     INFO - TEST-OK | devtools/client/aboutdebugging/test/browser_service_workers_not_compatible.js | took 6088ms
16:58:48     INFO - checking window state
16:58:48     INFO - TEST-START | devtools/client/aboutdebugging/test/browser_service_workers_push.js
16:58:50     INFO - SW registered
16:58:50     INFO - JavaScript error: http://example.com/browser/devtools/client/aboutdebugging/test/service-workers/push-sw.html, line 16: TypeError: registration.pushManager is undefined
16:59:20     INFO - MEMORY STAT | vsize 2264MB | residentFast 311MB | heapAllocated 128MB
16:59:20     INFO - TEST-OK | devtools/client/aboutdebugging/test/browser_service_workers_push.js | took 31914ms
16:59:20     INFO - checking window state
16:59:20     INFO - TEST-START | devtools/client/aboutdebugging/test/browser_service_workers_push_service.js
16:59:21     INFO - SW registered
16:59:21     INFO - SW subscribed to push: https://fake/endpoint
16:59:52     INFO - MEMORY STAT | vsize 2264MB | residentFast 300MB | heapAllocated 125MB
16:59:52     INFO - TEST-OK | devtools/client/aboutdebugging/test/browser_service_workers_push_service.js | took 31632ms
16:59:52     INFO - checking window state
16:59:52     INFO - TEST-START | devtools/client/aboutdebugging/test/browser_service_workers_start.js
16:59:53     INFO - SW registered
16:59:55     INFO - MEMORY STAT | vsize 2273MB | residentFast 315MB | heapAllocated 139MB
16:59:55     INFO - TEST-OK | devtools/client/aboutdebugging/test/browser_service_workers_start.js | took 2744ms
16:59:55     INFO - checking window state
16:59:55     INFO - TEST-START | devtools/client/aboutdebugging/test/browser_service_workers_status.js
16:59:56     INFO - SW registered
17:00:00     INFO - MEMORY STAT | vsize 2277MB | residentFast 326MB | heapAllocated 152MB
17:00:00     INFO - TEST-OK | devtools/client/aboutdebugging/test/browser_service_workers_status.js | took 4658ms
17:00:00     INFO - checking window state
17:00:00     INFO - TEST-START | devtools/client/aboutdebugging/test/browser_service_workers_unregister.js
17:00:01     INFO - SW registered
17:00:02     INFO - MEMORY STAT | vsize 2268MB | residentFast 320MB | heapAllocated 142MB
17:00:02     INFO - TEST-OK | devtools/client/aboutdebugging/test/browser_service_workers_unregister.js | took 2498ms
17:00:02     INFO - checking window state
17:00:08     INFO - Completed ShutdownLeaks collections in process 2619
17:00:08     INFO - TEST-START | Shutdown
17:00:08     INFO - Browser Chrome Test Summary
17:00:08     INFO - Passed:  130
17:00:08     INFO - Failed:  0
17:00:08     INFO - Todo:    0
17:00:08     INFO - Mode:    non-e10s
17:00:08     INFO - *** End BrowserChrome Test Results ***
17:00:09     INFO - TEST-INFO | Main app process: exit 0
17:00:09     INFO - runtests.py | Application ran for: 0:03:01.672410
17:00:09     INFO - zombiecheck | Reading PID log: /tmp/tmpYN6hIZpidlog
17:00:09     INFO - ==> process 2619 launched child process 2640
17:00:09     INFO - ==> process 2683 launched child process 2703
17:00:09     INFO - ==> process 2732 launched child process 2752
17:00:09     INFO - ==> process 2781 launched child process 2801
17:00:09     INFO - ==> process 2833 launched child process 2853
17:00:09     INFO - ==> process 2884 launched child process 2904
17:00:09     INFO - zombiecheck | Checking for orphan process with PID: 2640
17:00:09     INFO - zombiecheck | Checking for orphan process with PID: 2703
17:00:09     INFO - zombiecheck | Checking for orphan process with PID: 2752
17:00:09     INFO - zombiecheck | Checking for orphan process with PID: 2801
17:00:09     INFO - zombiecheck | Checking for orphan process with PID: 2853
17:00:09     INFO - zombiecheck | Checking for orphan process with PID: 2904
17:00:09     INFO - Stopping web server
17:00:09     INFO - Stopping web socket server
17:00:09     INFO - Stopping ssltunnel
17:00:09  WARNING - leakcheck | refcount logging is off, so leaks can't be detected!
17:00:09     INFO - runtests.py | Running tests: end.
17:00:09     INFO - Buffered messages finished
17:00:09     INFO -  dir: devtools/client/animationinspector/test
17:00:09     INFO -  Setting pipeline to PAUSED ...
17:00:09     INFO -  Pipeline is PREROLLING ...
17:00:09     INFO -  Pipeline is PREROLLED ...
17:00:09     INFO -  Setting pipeline to PLAYING ...
17:00:09     INFO -  New clock: GstSystemClock
17:00:09     INFO -  Got EOS from element "pipeline0".
17:00:09     INFO -  Execution ended after 32703132 ns.
17:00:09     INFO -  Setting pipeline to PAUSED ...
17:00:09     INFO -  Setting pipeline to READY ...
17:00:09     INFO -  Setting pipeline to NULL ...
17:00:09     INFO -  Freeing pipeline ...
17:00:10     INFO -  mozprofile.addons WARNING | Could not install /builds/slave/test/build/tests/mochitest/extensions/mozscreenshots: [Errno 2] No such file or directory: '/builds/slave/test/build/tests/mochitest/extensions/mozscreenshots/install.rdf'
17:00:10     INFO -  pk12util: PKCS12 IMPORT SUCCESSFUL
17:00:10     INFO - MochitestServer : launching [u'/builds/slave/test/build/tests/bin/xpcshell', '-g', '/builds/slave/test/build/application/firefox', '-v', '170', '-f', '/builds/slave/test/build/tests/bin/components/httpd.js', '-e', "const _PROFILE_PATH = '/tmp/tmpeT_zBe.mozrunner'; const _SERVER_PORT = '8888'; const _SERVER_ADDR = '127.0.0.1'; const _TEST_PREFIX = undefined; const _DISPLAY_RESULTS = false;", '-f', '/builds/slave/test/build/tests/mochitest/server.js']
17:00:10     INFO - runtests.py | Server pid: 2982
17:00:10     INFO - runtests.py | Websocket server pid: 2985
17:00:10     INFO - runtests.py | SSL tunnel pid: 2988
17:00:11     INFO - runtests.py | Running with e10s: False
17:00:11     INFO - runtests.py | Running tests: start.
17:00:11     INFO - 
17:00:11     INFO - Application command: /builds/slave/test/build/application/firefox/firefox -marionette -foreground -profile /tmp/tmpeT_zBe.mozrunner
17:00:11     INFO - runtests.py | Application pid: 3010
17:00:11     INFO - TEST-INFO | started process Main app process
17:00:14     INFO - 1528502414216	Marionette	INFO	Listening on port 2828
17:00:18     INFO - *** Start BrowserChrome Test Results ***
17:00:18     INFO - checking window state
17:00:18     INFO - TEST-START | devtools/client/animationinspector/test/browser_animation_animated_properties_displayed.js
17:00:26     INFO - MEMORY STAT vsizeMaxContiguous not supported in this build configuration.
17:00:26     INFO - MEMORY STAT | vsize 2096MB | residentFast 321MB | heapAllocated 173MB
17:00:26     INFO - TEST-OK | devtools/client/animationinspector/test/browser_animation_animated_properties_displayed.js | took 7818ms
17:00:26     INFO - checking window state
17:00:26     INFO - TEST-START | devtools/client/animationinspector/test/browser_animation_click_selects_animation.js
17:00:35     INFO - MEMORY STAT | vsize 2134MB | residentFast 320MB | heapAllocated 157MB
17:00:35     INFO - TEST-OK | devtools/client/animationinspector/test/browser_animation_click_selects_animation.js | took 8876ms
17:00:35     INFO - checking window state
17:00:35     INFO - TEST-START | devtools/client/animationinspector/test/browser_animation_empty_on_invalid_nodes.js
17:00:46     INFO - MEMORY STAT | vsize 2126MB | residentFast 308MB | heapAllocated 157MB
17:00:46     INFO - TEST-OK | devtools/client/animationinspector/test/browser_animation_empty_on_invalid_nodes.js | took 10384ms
17:00:46     INFO - checking window state
17:00:46     INFO - TEST-START | devtools/client/animationinspector/test/browser_animation_keyframe_click_to_set_time.js
17:00:51     INFO - MEMORY STAT | vsize 2142MB | residentFast 316MB | heapAllocated 159MB
17:00:51     INFO - TEST-OK | devtools/client/animationinspector/test/browser_animation_keyframe_click_to_set_time.js | took 5510ms
17:00:51     INFO - checking window state
17:00:51     INFO - TEST-START | devtools/client/animationinspector/test/browser_animation_keyframe_markers.js
17:00:56     INFO - MEMORY STAT | vsize 2145MB | residentFast 339MB | heapAllocated 178MB
17:00:56     INFO - TEST-OK | devtools/client/animationinspector/test/browser_animation_keyframe_markers.js | took 4608ms
17:00:56     INFO - checking window state
17:00:56     INFO - TEST-START | devtools/client/animationinspector/test/browser_animation_mutations_with_same_names.js
17:01:01     INFO - MEMORY STAT | vsize 2144MB | residentFast 357MB | heapAllocated 189MB
17:01:01     INFO - TEST-OK | devtools/client/animationinspector/test/browser_animation_mutations_with_same_names.js | took 4874ms
17:01:01     INFO - checking window state
17:01:01     INFO - TEST-START | devtools/client/animationinspector/test/browser_animation_panel_exists.js
17:01:05     INFO - MEMORY STAT | vsize 2149MB | residentFast 377MB | heapAllocated 200MB
17:01:05     INFO - TEST-OK | devtools/client/animationinspector/test/browser_animation_panel_exists.js | took 3684ms
17:01:05     INFO - checking window state
17:01:05     INFO - TEST-START | devtools/client/animationinspector/test/browser_animation_participate_in_inspector_update.js
17:01:16     INFO - MEMORY STAT | vsize 2164MB | residentFast 343MB | heapAllocated 166MB
17:01:16     INFO - TEST-OK | devtools/client/animationinspector/test/browser_animation_participate_in_inspector_update.js | took 11086ms
17:01:16     INFO - checking window state
17:01:16     INFO - TEST-START | devtools/client/animationinspector/test/browser_animation_playerFronts_are_refreshed.js
17:01:29     INFO - MEMORY STAT | vsize 2172MB | residentFast 323MB | heapAllocated 158MB
17:01:29     INFO - TEST-OK | devtools/client/animationinspector/test/browser_animation_playerFronts_are_refreshed.js | took 12304ms
17:01:29     INFO - checking window state
17:01:29     INFO - TEST-START | devtools/client/animationinspector/test/browser_animation_playerWidgets_appear_on_panel_init.js
17:01:34     INFO - MEMORY STAT | vsize 2186MB | residentFast 322MB | heapAllocated 155MB
17:01:34     INFO - TEST-OK | devtools/client/animationinspector/test/browser_animation_playerWidgets_appear_on_panel_init.js | took 5030ms
17:01:34     INFO - checking window state
17:01:34     INFO - TEST-START | devtools/client/animationinspector/test/browser_animation_playerWidgets_target_nodes.js
17:01:43     INFO - MEMORY STAT | vsize 2172MB | residentFast 326MB | heapAllocated 161MB
17:01:43     INFO - TEST-OK | devtools/client/animationinspector/test/browser_animation_playerWidgets_target_nodes.js | took 8980ms
17:01:43     INFO - checking window state
17:01:43     INFO - TEST-START | devtools/client/animationinspector/test/browser_animation_pseudo_elements.js
17:01:57     INFO - MEMORY STAT | vsize 2223MB | residentFast 326MB | heapAllocated 164MB
17:01:57     INFO - TEST-OK | devtools/client/animationinspector/test/browser_animation_pseudo_elements.js | took 14350ms
17:01:58     INFO - checking window state
17:01:58     INFO - TEST-START | devtools/client/animationinspector/test/browser_animation_refresh_on_added_animation.js

command interrupted, attempting to kill

command interrupted, attempting to kill
process killed by signal 9
program finished with exit code -1
elapsedTime=566.278812
The web-page 'stop build' button was pressed by 'rvandermeulen@mozilla.com': Cancelled via self-serve
The web-page 'stop build' button was pressed by 'rvandermeulen@mozilla.com': Cancelled via self-serve
========= master_lag: 0.23 =========
========= Finished '/tools/buildbot/bin/python scripts/scripts/desktop_unittest.py ...' interrupted (results: 4, elapsed: 9 mins, 26 secs) (at 2018-06-08 17:02:02.249202) =========

========= Started set props: build_url (results: 0, elapsed: 0 secs) (at 2018-06-08 17:02:02.250347) =========
bash -c 'for file in `ls -1`; do cat $file; done'
 in dir /builds/slave/test/properties (timeout 1200 secs)
 watching logfiles {}
 argv: ['bash', '-c', 'for file in `ls -1`; do cat $file; done']
 environment:
  HOME=/home/cltbld
  LANG=en_US.UTF-8
  LOGNAME=cltbld
  MAIL=/var/mail/cltbld
  NODE_PATH=/usr/lib/nodejs:/usr/lib/node_modules:/usr/share/javascript
  PATH=/usr/local/bin:/usr/local/bin:/usr/bin:/bin:/usr/local/games:/usr/games
  PWD=/builds/slave/test/properties
  SHELL=/bin/bash
  SHLVL=1
  TERM=linux
  TMOUT=86400
  USER=cltbld
  XDG_SESSION_COOKIE=9ca12473fbb1d023794ffd180000023c-1528501952.94634-295672137
  _=/tools/buildbot/bin/python
 using PTY: False
build_url:https://queue.taskcluster.net/v1/task/I1iAdq48Sa60c5BCPWswkg/artifacts/public/build/firefox-52.8.2.en-US.linux-x86_64.tar.bz2
program finished with exit code 0
elapsedTime=0.245594
build_url: 'https://queue.taskcluster.net/v1/task/I1iAdq48Sa60c5BCPWswkg/artifacts/public/build/firefox-52.8.2.en-US.linux-x86_64.tar.bz2'
========= master_lag: 0.03 =========
========= Finished set props: build_url (results: 0, elapsed: 0 secs) (at 2018-06-08 17:02:02.526623) =========

========= Started 'rm -f ...' (results: 0, elapsed: 0 secs) (at 2018-06-08 17:02:02.526989) =========
rm -f oauth.txt
 in dir /builds/slave/test/. (timeout 1200 secs)
 watching logfiles {}
 argv: ['rm', '-f', 'oauth.txt']
 environment:
  HOME=/home/cltbld
  LANG=en_US.UTF-8
  LOGNAME=cltbld
  MAIL=/var/mail/cltbld
  NODE_PATH=/usr/lib/nodejs:/usr/lib/node_modules:/usr/share/javascript
  PATH=/usr/local/bin:/usr/local/bin:/usr/bin:/bin:/usr/local/games:/usr/games
  PWD=/builds/slave/test
  SHELL=/bin/bash
  SHLVL=1
  TERM=linux
  TMOUT=86400
  USER=cltbld
  XDG_SESSION_COOKIE=9ca12473fbb1d023794ffd180000023c-1528501952.94634-295672137
  _=/tools/buildbot/bin/python
 using PTY: False
program finished with exit code 0
elapsedTime=0.115116
========= master_lag: 0.03 =========
========= Finished 'rm -f ...' (results: 0, elapsed: 0 secs) (at 2018-06-08 17:02:02.676495) =========

========= Started reboot skipped (results: 3, elapsed: 0 secs) (at 2018-06-08 17:02:02.676845) =========
========= Finished reboot skipped (results: 3, elapsed: 0 secs) (at 2018-06-08 17:02:02.677131) =========

========= Total master_lag: 0.39 =========

