builder: mozilla-esr52_ubuntu64_vm_test_pgo-web-platform-tests-5
slave: tst-linux64-spot-308
starttime: 1528501920.93
results: cancelled (6)
buildid: 20180608150819
builduid: b298b373e93d4f8dbf92436c9ed838a2
revision: cbfdf01aac455e0591471201c96b89dee98190b5

========= Started set props: master (results: 0, elapsed: 0 secs) (at 2018-06-08 16:52:00.930113) =========
master: http://buildbot-master54.bb.releng.usw2.mozilla.com:8201/
========= Finished set props: master (results: 0, elapsed: 0 secs) (at 2018-06-08 16:52:00.930616) =========

========= Started downloading to buildprops.json (results: 0, elapsed: 0 secs) (at 2018-06-08 16:52:00.930931) =========
========= Finished downloading to buildprops.json (results: 0, elapsed: 0 secs) (at 2018-06-08 16:52:00.988734) =========

========= Started 'bash -c ...' (results: 0, elapsed: 0 secs) (at 2018-06-08 16:52:00.989022) =========
bash -c 'wget -Oarchiver_client.py --no-check-certificate --tries=10 --waitretry=3 https://hg.mozilla.org/build/tools/raw-file/default/buildfarm/utils/archiver_client.py'
 in dir /builds/slave/test/. (timeout 1200 secs)
 watching logfiles {}
 argv: ['bash', '-c', 'wget -Oarchiver_client.py --no-check-certificate --tries=10 --waitretry=3 https://hg.mozilla.org/build/tools/raw-file/default/buildfarm/utils/archiver_client.py']
 environment:
  HOME=/home/cltbld
  LANG=en_US.UTF-8
  LOGNAME=cltbld
  MAIL=/var/mail/cltbld
  NODE_PATH=/usr/lib/nodejs:/usr/lib/node_modules:/usr/share/javascript
  PATH=/usr/local/bin:/usr/local/bin:/usr/bin:/bin:/usr/local/games:/usr/games
  PWD=/builds/slave/test
  SHELL=/bin/bash
  SHLVL=1
  TERM=linux
  TMOUT=86400
  USER=cltbld
  XDG_SESSION_COOKIE=9ca12473fbb1d023794ffd180000023c-1528501919.262563-915233292
  _=/tools/buildbot/bin/python
 using PTY: False
--2018-06-08 16:52:01--  https://hg.mozilla.org/build/tools/raw-file/default/buildfarm/utils/archiver_client.py
Resolving hg.mozilla.org (hg.mozilla.org)... 63.245.215.102, 63.245.215.25
Connecting to hg.mozilla.org (hg.mozilla.org)|63.245.215.102|:443... connected.
HTTP request sent, awaiting response... 200 Script output follows
Length: 12179 (12K) [text/x-python]
Saving to: `archiver_client.py'

     0K .......... .                                          100% 8.17M=0.001s

2018-06-08 16:52:01 (8.17 MB/s) - `archiver_client.py' saved [12179/12179]

program finished with exit code 0
elapsedTime=0.271129
========= master_lag: 0.01 =========
========= Finished 'bash -c ...' (results: 0, elapsed: 0 secs) (at 2018-06-08 16:52:01.273411) =========

========= Started 'rm -rf ...' (results: 0, elapsed: 0 secs) (at 2018-06-08 16:52:01.273789) =========
rm -rf scripts properties
 in dir /builds/slave/test/. (timeout 1200 secs)
 watching logfiles {}
 argv: ['rm', '-rf', 'scripts', 'properties']
 environment:
  HOME=/home/cltbld
  LANG=en_US.UTF-8
  LOGNAME=cltbld
  MAIL=/var/mail/cltbld
  NODE_PATH=/usr/lib/nodejs:/usr/lib/node_modules:/usr/share/javascript
  PATH=/usr/local/bin:/usr/local/bin:/usr/bin:/bin:/usr/local/games:/usr/games
  PWD=/builds/slave/test
  SHELL=/bin/bash
  SHLVL=1
  TERM=linux
  TMOUT=86400
  USER=cltbld
  XDG_SESSION_COOKIE=9ca12473fbb1d023794ffd180000023c-1528501919.262563-915233292
  _=/tools/buildbot/bin/python
 using PTY: False
program finished with exit code 0
elapsedTime=0.019251
========= master_lag: 0.14 =========
========= Finished 'rm -rf ...' (results: 0, elapsed: 0 secs) (at 2018-06-08 16:52:01.435331) =========

========= Started 'bash -c ...' (results: 0, elapsed: 1 secs) (at 2018-06-08 16:52:01.435707) =========
bash -c 'python archiver_client.py mozharness --repo releases/mozilla-esr52 --rev cbfdf01aac455e0591471201c96b89dee98190b5 --destination scripts --debug'
 in dir /builds/slave/test/. (timeout 1200 secs)
 watching logfiles {}
 argv: ['bash', '-c', u'python archiver_client.py mozharness --repo releases/mozilla-esr52 --rev cbfdf01aac455e0591471201c96b89dee98190b5 --destination scripts --debug']
 environment:
  HOME=/home/cltbld
  LANG=en_US.UTF-8
  LOGNAME=cltbld
  MAIL=/var/mail/cltbld
  NODE_PATH=/usr/lib/nodejs:/usr/lib/node_modules:/usr/share/javascript
  PATH=/usr/local/bin:/usr/local/bin:/usr/bin:/bin:/usr/local/games:/usr/games
  PWD=/builds/slave/test
  SHELL=/bin/bash
  SHLVL=1
  TERM=linux
  TMOUT=86400
  USER=cltbld
  XDG_SESSION_COOKIE=9ca12473fbb1d023794ffd180000023c-1528501919.262563-915233292
  _=/tools/buildbot/bin/python
 using PTY: False
2018-06-08 16:52:01,547 truncating revision to first 12 chars
2018-06-08 16:52:01,547 Setting DEBUG logging.
2018-06-08 16:52:01,548 attempt 1/10
2018-06-08 16:52:01,548 Getting archive location from https://api.pub.build.mozilla.org/archiver/hgmo/releases/mozilla-esr52/cbfdf01aac45?&preferred_region=us-west-2&suffix=tar.gz&subdir=testing/mozharness
2018-06-08 16:52:02,294 unpacking tar archive at: mozilla-esr52-cbfdf01aac45/testing/mozharness/
program finished with exit code 0
elapsedTime=1.143961
========= master_lag: 0.01 =========
========= Finished 'bash -c ...' (results: 0, elapsed: 1 secs) (at 2018-06-08 16:52:02.592770) =========

========= Started set props: script_repo_revision (results: 0, elapsed: 0 secs) (at 2018-06-08 16:52:02.593116) =========
script_repo_revision: cbfdf01aac455e0591471201c96b89dee98190b5
========= Finished set props: script_repo_revision (results: 0, elapsed: 0 secs) (at 2018-06-08 16:52:02.593534) =========

========= Started downloading to oauth.txt (results: 0, elapsed: 0 secs) (at 2018-06-08 16:52:02.593844) =========
========= Finished downloading to oauth.txt (results: 0, elapsed: 0 secs) (at 2018-06-08 16:52:02.605410) =========

========= Started '/tools/buildbot/bin/python scripts/scripts/web_platform_tests.py ...' interrupted (results: 4, elapsed: 10 mins, 7 secs) (at 2018-06-08 16:52:02.605711) =========
/tools/buildbot/bin/python scripts/scripts/web_platform_tests.py --cfg web_platform_tests/prod_config.py --test-type=testharness --total-chunks 5 --this-chunk 5 --blob-upload-branch mozilla-esr52 --download-symbols ondemand
 in dir /builds/slave/test/. (timeout 1800 secs) (maxTime 7200 secs)
 watching logfiles {}
 argv: ['/tools/buildbot/bin/python', 'scripts/scripts/web_platform_tests.py', '--cfg', 'web_platform_tests/prod_config.py', '--test-type=testharness', '--total-chunks', '5', '--this-chunk', '5', '--blob-upload-branch', 'mozilla-esr52', '--download-symbols', 'ondemand']
 environment:
  CCACHE_DIR=/builds/ccache
  CCACHE_UMASK=002
  DISPLAY=:0
  HOME=/home/cltbld
  LANG=en_US.UTF-8
  LOGNAME=cltbld
  MAIL=/var/mail/cltbld
  MOZ_HIDE_RESULTS_TABLE=1
  MOZ_NODE_PATH=/usr/bin/node
  MOZ_NO_REMOTE=1
  NODE_PATH=/usr/lib/nodejs:/usr/lib/node_modules:/usr/share/javascript
  NO_FAIL_ON_TEST_ERRORS=1
  PATH=/usr/local/bin:/usr/local/bin:/usr/bin:/bin:/usr/local/games:/usr/games
  PROPERTIES_FILE=/builds/slave/test/buildprops.json
  PWD=/builds/slave/test
  SHELL=/bin/bash
  SHLVL=1
  TERM=linux
  TMOUT=86400
  USER=cltbld
  XDG_SESSION_COOKIE=9ca12473fbb1d023794ffd180000023c-1528501919.262563-915233292
  _=/tools/buildbot/bin/python
 using PTY: False
16:52:02     INFO - MultiFileLogger online at 20180608 16:52:02 in /builds/slave/test
16:52:02     INFO - Run as scripts/scripts/web_platform_tests.py --cfg web_platform_tests/prod_config.py --test-type=testharness --total-chunks 5 --this-chunk 5 --blob-upload-branch mozilla-esr52 --download-symbols ondemand
16:52:02     INFO - Dumping config to /builds/slave/test/logs/localconfig.json.
16:52:02     INFO - {'allow_software_gl_layers': False,
16:52:02     INFO -  'append_to_log': False,
16:52:02     INFO -  'base_work_dir': '/builds/slave/test',
16:52:02     INFO -  'blob_upload_branch': 'mozilla-esr52',
16:52:02     INFO -  'blob_uploader_auth_file': '/builds/slave/test/oauth.txt',
16:52:02     INFO -  'buildbot_json_path': 'buildprops.json',
16:52:02     INFO -  'config_files': ('web_platform_tests/prod_config.py',),
16:52:02     INFO -  'default_blob_upload_servers': ('https://blobupload.elasticbeanstalk.com',),
16:52:02     INFO -  'download_minidump_stackwalk': True,
16:52:02     INFO -  'download_symbols': 'ondemand',
16:52:02     INFO -  'download_tooltool': True,
16:52:02     INFO -  'e10s': False,
16:52:02     INFO -  'exes': {'python': '/tools/buildbot/bin/python',
16:52:02     INFO -           'tooltool.py': '/tools/tooltool.py',
16:52:02     INFO -           'virtualenv': ('/tools/buildbot/bin/python',
16:52:02     INFO -                          '/tools/misc-python/virtualenv.py')},
16:52:02     INFO -  'find_links': ('http://pypi.pvt.build.mozilla.org/pub',
16:52:02     INFO -                 'http://pypi.pub.build.mozilla.org/pub'),
16:52:02     INFO -  'log_level': 'info',
16:52:02     INFO -  'log_to_console': True,
16:52:02     INFO -  'opt_config_files': (),
16:52:02     INFO -  'options': ('--prefs-root=%(test_path)s/prefs',
16:52:02     INFO -              '--processes=1',
16:52:02     INFO -              '--config=%(test_path)s/wptrunner.ini',
16:52:02     INFO -              '--ca-cert-path=%(test_path)s/certs/cacert.pem',
16:52:02     INFO -              '--host-key-path=%(test_path)s/certs/web-platform.test.key',
16:52:02     INFO -              '--host-cert-path=%(test_path)s/certs/web-platform.test.pem',
16:52:02     INFO -              '--certutil-binary=%(test_install_path)s/bin/certutil'),
16:52:02     INFO -  'pip_index': False,
16:52:02     INFO -  'require_test_zip': True,
16:52:02     INFO -  'test_type': ('testharness',),
16:52:02     INFO -  'this_chunk': '5',
16:52:02     INFO -  'tooltool_cache': '/builds/tooltool_cache',
16:52:02     INFO -  'total_chunks': '5',
16:52:02     INFO -  'virtualenv_path': 'venv',
16:52:02     INFO -  'volatile_config': {'actions': None, 'add_actions': None, 'no_actions': None},
16:52:02     INFO -  'work_dir': 'build'}
16:52:02     INFO - [mozharness: 2018-06-08 23:52:02.952748Z] Running clobber step.
16:52:02     INFO - Running pre-action listener: _resource_record_pre_action
16:52:02     INFO - Running main action method: clobber
16:52:02     INFO - rmtree: /builds/slave/test/build
16:52:02     INFO - Running post-action listener: _resource_record_post_action
16:52:02     INFO - [mozharness: 2018-06-08 23:52:02.968258Z] Finished clobber step (success)
16:52:02     INFO - [mozharness: 2018-06-08 23:52:02.968752Z] Running read-buildbot-config step.
16:52:02     INFO - Running pre-action listener: _resource_record_pre_action
16:52:02     INFO - Running main action method: read_buildbot_config
16:52:02     INFO - Using buildbot properties:
16:52:02     INFO - {
16:52:02     INFO -     "project": "", 
16:52:02     INFO -     "product": "firefox", 
16:52:02     INFO -     "script_repo_revision": "production", 
16:52:02     INFO -     "scheduler": "tests-mozilla-esr52-ubuntu64_vm-pgo-unittest", 
16:52:02     INFO -     "repository": "", 
16:52:02     INFO -     "buildername": "Ubuntu VM 12.04 x64 mozilla-esr52 pgo test web-platform-tests-5", 
16:52:02     INFO -     "buildid": "20180608150819", 
16:52:02     INFO -     "pgo_build": "True", 
16:52:02     INFO -     "basedir": "/builds/slave/test", 
16:52:02     INFO -     "buildnumber": 30, 
16:52:02     INFO -     "slavename": "tst-linux64-spot-308", 
16:52:02     INFO -     "master": "http://buildbot-master54.bb.releng.usw2.mozilla.com:8201/", 
16:52:02     INFO -     "platform": "linux64", 
16:52:02     INFO -     "branch": "mozilla-esr52", 
16:52:02     INFO -     "revision": "cbfdf01aac455e0591471201c96b89dee98190b5", 
16:52:02     INFO -     "repo_path": "releases/mozilla-esr52", 
16:52:02     INFO -     "moz_repo_path": "", 
16:52:02     INFO -     "stage_platform": "linux64-pgo", 
16:52:02     INFO -     "builduid": "b298b373e93d4f8dbf92436c9ed838a2", 
16:52:02     INFO -     "slavebuilddir": "test"
16:52:02     INFO - }
16:52:02     INFO - Found installer url https://queue.taskcluster.net/v1/task/I1iAdq48Sa60c5BCPWswkg/artifacts/public/build/firefox-52.8.2.en-US.linux-x86_64.tar.bz2.
16:52:02     INFO - Found a test packages url https://queue.taskcluster.net/v1/task/I1iAdq48Sa60c5BCPWswkg/artifacts/public/build/firefox-52.8.2.en-US.linux-x86_64.test_packages.json.
16:52:02     INFO - Running post-action listener: _resource_record_post_action
16:52:02     INFO - [mozharness: 2018-06-08 23:52:02.980126Z] Finished read-buildbot-config step (success)
16:52:02     INFO - [mozharness: 2018-06-08 23:52:02.980473Z] Running download-and-extract step.
16:52:02     INFO - Running pre-action listener: _resource_record_pre_action
16:52:02     INFO - Running main action method: download_and_extract
16:52:02     INFO - mkdir: /builds/slave/test/build/tests
16:52:02     INFO - Downloading https://queue.taskcluster.net/v1/task/I1iAdq48Sa60c5BCPWswkg/artifacts/public/build/firefox-52.8.2.en-US.linux-x86_64.test_packages.json to /builds/slave/test/build/firefox-52.8.2.en-US.linux-x86_64.test_packages.json
16:52:02     INFO - retry: Calling _download_file with args: (), kwargs: {'url': 'https://queue.taskcluster.net/v1/task/I1iAdq48Sa60c5BCPWswkg/artifacts/public/build/firefox-52.8.2.en-US.linux-x86_64.test_packages.json', 'file_name': '/builds/slave/test/build/firefox-52.8.2.en-US.linux-x86_64.test_packages.json'}, attempt #1
16:52:03     INFO - Downloaded 1361 bytes.
16:52:03     INFO - Reading from file /builds/slave/test/build/firefox-52.8.2.en-US.linux-x86_64.test_packages.json
16:52:03     INFO - Using the following test package requirements:
16:52:03     INFO - {u'common': [u'firefox-52.8.2.en-US.linux-x86_64.common.tests.zip'],
16:52:03     INFO -  u'cppunittest': [u'firefox-52.8.2.en-US.linux-x86_64.common.tests.zip',
16:52:03     INFO -                   u'firefox-52.8.2.en-US.linux-x86_64.cppunittest.tests.zip'],
16:52:03     INFO -  u'gtest': [u'firefox-52.8.2.en-US.linux-x86_64.common.tests.zip',
16:52:03     INFO -             u'firefox-52.8.2.en-US.linux-x86_64.gtest.tests.zip'],
16:52:03     INFO -  u'jittest': [u'firefox-52.8.2.en-US.linux-x86_64.common.tests.zip',
16:52:03     INFO -               u'jsshell-linux-x86_64.zip'],
16:52:03     INFO -  u'mochitest': [u'firefox-52.8.2.en-US.linux-x86_64.common.tests.zip',
16:52:03     INFO -                 u'firefox-52.8.2.en-US.linux-x86_64.mochitest.tests.zip'],
16:52:03     INFO -  u'mozbase': [u'firefox-52.8.2.en-US.linux-x86_64.common.tests.zip'],
16:52:03     INFO -  u'reftest': [u'firefox-52.8.2.en-US.linux-x86_64.common.tests.zip',
16:52:03     INFO -               u'firefox-52.8.2.en-US.linux-x86_64.reftest.tests.zip'],
16:52:03     INFO -  u'talos': [u'firefox-52.8.2.en-US.linux-x86_64.common.tests.zip',
16:52:03     INFO -             u'firefox-52.8.2.en-US.linux-x86_64.talos.tests.zip'],
16:52:03     INFO -  u'web-platform': [u'firefox-52.8.2.en-US.linux-x86_64.common.tests.zip',
16:52:03     INFO -                    u'firefox-52.8.2.en-US.linux-x86_64.web-platform.tests.zip'],
16:52:03     INFO -  u'xpcshell': [u'firefox-52.8.2.en-US.linux-x86_64.common.tests.zip',
16:52:03     INFO -                u'firefox-52.8.2.en-US.linux-x86_64.xpcshell.tests.zip']}
16:52:03     INFO - Downloading packages: [u'firefox-52.8.2.en-US.linux-x86_64.common.tests.zip', u'firefox-52.8.2.en-US.linux-x86_64.web-platform.tests.zip'] for test suite category: web-platform
16:52:03     INFO - Adding 'mach' for extraction from common.tests zip file
16:52:03     INFO - Adding 'mozinfo.json' for extraction from common.tests zip file
16:52:03     INFO - Downloading and extracting to /builds/slave/test/build/tests these dirs bin/*, config/*, mozbase/*, marionette/*, tools/wptserve/*, web-platform/*, mach, mozinfo.json from https://queue.taskcluster.net/v1/task/I1iAdq48Sa60c5BCPWswkg/artifacts/public/build/firefox-52.8.2.en-US.linux-x86_64.common.tests.zip
16:52:03     INFO - retry: Calling fetch_url_into_memory with args: (), kwargs: {'url': u'https://queue.taskcluster.net/v1/task/I1iAdq48Sa60c5BCPWswkg/artifacts/public/build/firefox-52.8.2.en-US.linux-x86_64.common.tests.zip'}, attempt #1
16:52:03     INFO - Fetch https://queue.taskcluster.net/v1/task/I1iAdq48Sa60c5BCPWswkg/artifacts/public/build/firefox-52.8.2.en-US.linux-x86_64.common.tests.zip into memory
16:52:04     INFO - Http code: 200
16:52:04     INFO - via: 1.1 515297ac55a7ae01bf8c7d03df4fecb1.cloudfront.net (CloudFront)
16:52:04     INFO - x-amz-cf-id: QvnyUpcFGCxee3DM74xi-EdN9Ng9Ul7OMWqrHrmc8dy6yvlpT7VURQ==
16:52:04     INFO - x-amz-version-id: amyEguiG3.NEsCgIpfpr7ojoc30OcAP5
16:52:05     INFO - Expected file size: 22192748
16:52:05     INFO - Obtained file size: 22192748
16:52:06     INFO - Downloading and extracting to /builds/slave/test/build/tests these dirs bin/*, config/*, mozbase/*, marionette/*, tools/wptserve/*, web-platform/*, mach, mozinfo.json from https://queue.taskcluster.net/v1/task/I1iAdq48Sa60c5BCPWswkg/artifacts/public/build/firefox-52.8.2.en-US.linux-x86_64.web-platform.tests.zip
16:52:06     INFO - retry: Calling fetch_url_into_memory with args: (), kwargs: {'url': u'https://queue.taskcluster.net/v1/task/I1iAdq48Sa60c5BCPWswkg/artifacts/public/build/firefox-52.8.2.en-US.linux-x86_64.web-platform.tests.zip'}, attempt #1
16:52:06     INFO - Fetch https://queue.taskcluster.net/v1/task/I1iAdq48Sa60c5BCPWswkg/artifacts/public/build/firefox-52.8.2.en-US.linux-x86_64.web-platform.tests.zip into memory
16:52:07     INFO - Http code: 200
16:52:07     INFO - via: 1.1 02192a27c967e955f8c815efa939bfc8.cloudfront.net (CloudFront)
16:52:07     INFO - x-amz-cf-id: pnbo2o8xIh5_EGz2l_x4X5F-ZTR-9d2JOTRblasJZkCElVVUtpVFbg==
16:52:07     INFO - x-amz-version-id: SgBsh1cJwSpSmDQtewaqhOSYk2L1_BUt
16:52:10     INFO - Expected file size: 43270017
16:52:10     INFO - Obtained file size: 43270017
16:52:27     INFO - Downloading https://queue.taskcluster.net/v1/task/I1iAdq48Sa60c5BCPWswkg/artifacts/public/build/firefox-52.8.2.en-US.linux-x86_64.tar.bz2 to /builds/slave/test/build/firefox-52.8.2.en-US.linux-x86_64.tar.bz2
16:52:27     INFO - retry: Calling _download_file with args: (), kwargs: {'url': 'https://queue.taskcluster.net/v1/task/I1iAdq48Sa60c5BCPWswkg/artifacts/public/build/firefox-52.8.2.en-US.linux-x86_64.tar.bz2', 'file_name': '/builds/slave/test/build/firefox-52.8.2.en-US.linux-x86_64.tar.bz2'}, attempt #1
16:52:30     INFO - Downloaded 57821935 bytes.
16:52:30     INFO - Setting buildbot property build_url to https://queue.taskcluster.net/v1/task/I1iAdq48Sa60c5BCPWswkg/artifacts/public/build/firefox-52.8.2.en-US.linux-x86_64.tar.bz2
16:52:30     INFO - mkdir: /builds/slave/test/properties
16:52:30     INFO - Writing buildbot properties ['build_url'] to /builds/slave/test/properties/build_url
16:52:30     INFO - Writing to file /builds/slave/test/properties/build_url
16:52:30     INFO - Contents:
16:52:30     INFO -  build_url:https://queue.taskcluster.net/v1/task/I1iAdq48Sa60c5BCPWswkg/artifacts/public/build/firefox-52.8.2.en-US.linux-x86_64.tar.bz2
16:52:31     INFO - Running post-action listener: _resource_record_post_action
16:52:31     INFO - Running post-action listener: set_extra_try_arguments
16:52:31     INFO - [mozharness: 2018-06-08 23:52:31.861938Z] Finished download-and-extract step (success)
16:52:31     INFO - [mozharness: 2018-06-08 23:52:31.862425Z] Running fetch-geckodriver step.
16:52:31     INFO - Running pre-action listener: _resource_record_pre_action
16:52:31     INFO - Running main action method: fetch_geckodriver
16:52:32     INFO - Running post-action listener: _resource_record_post_action
16:52:32     INFO - [mozharness: 2018-06-08 23:52:32.149336Z] Finished fetch-geckodriver step (success)
16:52:32     INFO - [mozharness: 2018-06-08 23:52:32.149772Z] Running create-virtualenv step.
16:52:32     INFO - Running pre-action listener: _pre_create_virtualenv
16:52:32     INFO - Running pre-action listener: _resource_record_pre_action
16:52:32     INFO - Running main action method: create_virtualenv
16:52:32     INFO - Creating virtualenv /builds/slave/test/build/venv
16:52:32     INFO - Running command: ['/tools/buildbot/bin/python', '/builds/slave/test/scripts/external_tools/virtualenv/virtualenv.py', '--always-copy', '/builds/slave/test/build/venv'] in /builds/slave/test/build
16:52:32     INFO - Copy/paste: /tools/buildbot/bin/python /builds/slave/test/scripts/external_tools/virtualenv/virtualenv.py --always-copy /builds/slave/test/build/venv
16:52:32     INFO - Using partial env: {'VIRTUALENV_NO_DOWNLOAD': '1'}
16:52:34     INFO -  Using real prefix '/usr'
16:52:34     INFO -  New python executable in /builds/slave/test/build/venv/bin/python
16:52:37     INFO -  Installing setuptools, pip, wheel...done.
16:52:37     INFO - Return code: 0
16:52:37     INFO - Installing psutil>=3.1.1 into virtualenv /builds/slave/test/build/venv
16:52:37     INFO - retry: Calling run_command with args: [['/builds/slave/test/build/venv/bin/pip', 'install', '--timeout', '120', '--no-index', '--find-links', 'http://pypi.pvt.build.mozilla.org/pub', '--find-links', 'http://pypi.pub.build.mozilla.org/pub', '--trusted-host', 'pypi.pub.build.mozilla.org', '--trusted-host', 'pypi.pvt.build.mozilla.org', 'psutil>=3.1.1']], kwargs: {'error_level': 'warning', 'error_list': [{'substr': 'not found or a compiler error:', 'level': 'warning'}, {'regex': <_sre.SRE_Pattern object at 0x2ae7110>, 'level': 'error'}, {'regex': <_sre.SRE_Pattern object at 0x294c120>, 'level': 'warning'}, {'regex': <_sre.SRE_Pattern object at 0x2c2ab60>, 'level': 'debug'}, {'substr': 'command not found', 'level': 'error'}, {'regex': <_sre.SRE_Pattern object at 0x2b3aa50>, 'level': 'warning'}, {'substr': 'Traceback (most recent call last)', 'level': 'error'}, {'substr': 'SyntaxError: ', 'level': 'error'}, {'substr': 'TypeError: ', 'level': 'error'}, {'substr': 'NameError: ', 'level': 'error'}, {'substr': 'ZeroDivisionError: ', 'level': 'error'}, {'regex': <_sre.SRE_Pattern object at 0x27e93b0>, 'level': 'critical'}, {'regex': <_sre.SRE_Pattern object at 0x2c29090>, 'level': 'critical'}], 'cwd': '/builds/slave/test/build', 'env': {'TMOUT': '86400', 'LOGNAME': 'cltbld', 'USER': 'cltbld', 'HOME': '/home/cltbld', 'PATH': '/usr/local/bin:/usr/local/bin:/usr/bin:/bin:/usr/local/games:/usr/games', 'DISPLAY': ':0', 'CCACHE_UMASK': '002', 'LANG': 'en_US.UTF-8', 'TERM': 'linux', 'SHELL': '/bin/bash', 'MOZ_NODE_PATH': '/usr/bin/node', 'XDG_SESSION_COOKIE': '9ca12473fbb1d023794ffd180000023c-1528501919.262563-915233292', 'SHLVL': '1', 'NO_FAIL_ON_TEST_ERRORS': '1', 'MOZ_NO_REMOTE': '1', 'MOZ_HIDE_RESULTS_TABLE': '1', 'MAIL': '/var/mail/cltbld', '_': '/tools/buildbot/bin/python', 'NODE_PATH': '/usr/lib/nodejs:/usr/lib/node_modules:/usr/share/javascript', 'PWD': '/builds/slave/test', 'PROPERTIES_FILE': '/builds/slave/test/buildprops.json', 'CCACHE_DIR': '/builds/ccache'}}, attempt #1
16:52:37     INFO - Running command: ['/builds/slave/test/build/venv/bin/pip', 'install', '--timeout', '120', '--no-index', '--find-links', 'http://pypi.pvt.build.mozilla.org/pub', '--find-links', 'http://pypi.pub.build.mozilla.org/pub', '--trusted-host', 'pypi.pub.build.mozilla.org', '--trusted-host', 'pypi.pvt.build.mozilla.org', 'psutil>=3.1.1'] in /builds/slave/test/build
16:52:37     INFO - Copy/paste: /builds/slave/test/build/venv/bin/pip install --timeout 120 --no-index --find-links http://pypi.pvt.build.mozilla.org/pub --find-links http://pypi.pub.build.mozilla.org/pub --trusted-host pypi.pub.build.mozilla.org --trusted-host pypi.pvt.build.mozilla.org psutil>=3.1.1
16:52:37     INFO - Using env: {'CCACHE_DIR': '/builds/ccache',
16:52:37     INFO -  'CCACHE_UMASK': '002',
16:52:37     INFO -  'DISPLAY': ':0',
16:52:37     INFO -  'HOME': '/home/cltbld',
16:52:37     INFO -  'LANG': 'en_US.UTF-8',
16:52:37     INFO -  'LOGNAME': 'cltbld',
16:52:37     INFO -  'MAIL': '/var/mail/cltbld',
16:52:37     INFO -  'MOZ_HIDE_RESULTS_TABLE': '1',
16:52:37     INFO -  'MOZ_NODE_PATH': '/usr/bin/node',
16:52:37     INFO -  'MOZ_NO_REMOTE': '1',
16:52:37     INFO -  'NODE_PATH': '/usr/lib/nodejs:/usr/lib/node_modules:/usr/share/javascript',
16:52:37     INFO -  'NO_FAIL_ON_TEST_ERRORS': '1',
16:52:37     INFO -  'PATH': '/usr/local/bin:/usr/local/bin:/usr/bin:/bin:/usr/local/games:/usr/games',
16:52:37     INFO -  'PROPERTIES_FILE': '/builds/slave/test/buildprops.json',
16:52:37     INFO -  'PWD': '/builds/slave/test',
16:52:37     INFO -  'SHELL': '/bin/bash',
16:52:37     INFO -  'SHLVL': '1',
16:52:37     INFO -  'TERM': 'linux',
16:52:37     INFO -  'TMOUT': '86400',
16:52:37     INFO -  'USER': 'cltbld',
16:52:37     INFO -  'XDG_SESSION_COOKIE': '9ca12473fbb1d023794ffd180000023c-1528501919.262563-915233292',
16:52:37     INFO -  '_': '/tools/buildbot/bin/python'}
16:52:38     INFO -  Ignoring indexes: https://pypi.python.org/simple
16:52:38     INFO -  Collecting psutil>=3.1.1
16:52:38     INFO -  /builds/slave/test/build/venv/lib/python2.7/site-packages/pip/_vendor/requests/packages/urllib3/util/ssl_.py:318: SNIMissingWarning: An HTTPS request has been made, but the SNI (Subject Name Indication) extension to TLS is not available on this platform. This may cause the server to present an incorrect TLS certificate, which can cause validation failures. You can upgrade to a newer version of Python to solve this. For more information, see https://urllib3.readthedocs.org/en/latest/security.html#snimissingwarning.
16:52:38     INFO -    SNIMissingWarning
16:52:38     INFO -  /builds/slave/test/build/venv/lib/python2.7/site-packages/pip/_vendor/requests/packages/urllib3/util/ssl_.py:122: InsecurePlatformWarning: A true SSLContext object is not available. This prevents urllib3 from configuring SSL appropriately and may cause certain SSL connections to fail. You can upgrade to a newer version of Python to solve this. For more information, see https://urllib3.readthedocs.org/en/latest/security.html#insecureplatformwarning.
16:52:38     INFO -    InsecurePlatformWarning
16:52:39     INFO -  /builds/slave/test/build/venv/lib/python2.7/site-packages/pip/_vendor/requests/packages/urllib3/util/ssl_.py:122: InsecurePlatformWarning: A true SSLContext object is not available. This prevents urllib3 from configuring SSL appropriately and may cause certain SSL connections to fail. You can upgrade to a newer version of Python to solve this. For more information, see https://urllib3.readthedocs.org/en/latest/security.html#insecureplatformwarning.
16:52:39     INFO -    InsecurePlatformWarning
16:52:43     INFO -    Downloading https://pypi.pvt.build.mozilla.org/pub/psutil-5.4.3.tar.gz (412kB)
16:52:44     INFO -  Building wheels for collected packages: psutil
16:52:44     INFO -    Running setup.py bdist_wheel for psutil: started
16:52:47     INFO -    Running setup.py bdist_wheel for psutil: finished with status 'done'
16:52:47     INFO -    Stored in directory: /home/cltbld/.cache/pip/wheels/30/c0/c3/5cdb2b64c0d47a81af9c62935a64d83948d2c2b3e7af3eeee2
16:52:47     INFO -  Successfully built psutil
16:52:47     INFO -  Installing collected packages: psutil
16:52:47     INFO -  Successfully installed psutil-5.4.3
16:52:47     INFO - Return code: 0
16:52:47     INFO - Installing mozsystemmonitor==0.3 into virtualenv /builds/slave/test/build/venv
16:52:47     INFO - retry: Calling run_command with args: [['/builds/slave/test/build/venv/bin/pip', 'install', '--timeout', '120', '--no-index', '--find-links', 'http://pypi.pvt.build.mozilla.org/pub', '--find-links', 'http://pypi.pub.build.mozilla.org/pub', '--trusted-host', 'pypi.pub.build.mozilla.org', '--trusted-host', 'pypi.pvt.build.mozilla.org', 'mozsystemmonitor==0.3']], kwargs: {'error_level': 'warning', 'error_list': [{'substr': 'not found or a compiler error:', 'level': 'warning'}, {'regex': <_sre.SRE_Pattern object at 0x2ae7110>, 'level': 'error'}, {'regex': <_sre.SRE_Pattern object at 0x294c120>, 'level': 'warning'}, {'regex': <_sre.SRE_Pattern object at 0x2c2ab60>, 'level': 'debug'}, {'substr': 'command not found', 'level': 'error'}, {'regex': <_sre.SRE_Pattern object at 0x2b3aa50>, 'level': 'warning'}, {'substr': 'Traceback (most recent call last)', 'level': 'error'}, {'substr': 'SyntaxError: ', 'level': 'error'}, {'substr': 'TypeError: ', 'level': 'error'}, {'substr': 'NameError: ', 'level': 'error'}, {'substr': 'ZeroDivisionError: ', 'level': 'error'}, {'regex': <_sre.SRE_Pattern object at 0x27e93b0>, 'level': 'critical'}, {'regex': <_sre.SRE_Pattern object at 0x2c29090>, 'level': 'critical'}], 'cwd': '/builds/slave/test/build', 'env': {'TMOUT': '86400', 'LOGNAME': 'cltbld', 'USER': 'cltbld', 'HOME': '/home/cltbld', 'PATH': '/usr/local/bin:/usr/local/bin:/usr/bin:/bin:/usr/local/games:/usr/games', 'DISPLAY': ':0', 'CCACHE_UMASK': '002', 'LANG': 'en_US.UTF-8', 'TERM': 'linux', 'SHELL': '/bin/bash', 'MOZ_NODE_PATH': '/usr/bin/node', 'XDG_SESSION_COOKIE': '9ca12473fbb1d023794ffd180000023c-1528501919.262563-915233292', 'SHLVL': '1', 'NO_FAIL_ON_TEST_ERRORS': '1', 'MOZ_NO_REMOTE': '1', 'MOZ_HIDE_RESULTS_TABLE': '1', 'MAIL': '/var/mail/cltbld', '_': '/tools/buildbot/bin/python', 'NODE_PATH': '/usr/lib/nodejs:/usr/lib/node_modules:/usr/share/javascript', 'PWD': '/builds/slave/test', 'PROPERTIES_FILE': '/builds/slave/test/buildprops.json', 'CCACHE_DIR': '/builds/ccache'}}, attempt #1
16:52:47     INFO - Running command: ['/builds/slave/test/build/venv/bin/pip', 'install', '--timeout', '120', '--no-index', '--find-links', 'http://pypi.pvt.build.mozilla.org/pub', '--find-links', 'http://pypi.pub.build.mozilla.org/pub', '--trusted-host', 'pypi.pub.build.mozilla.org', '--trusted-host', 'pypi.pvt.build.mozilla.org', 'mozsystemmonitor==0.3'] in /builds/slave/test/build
16:52:47     INFO - Copy/paste: /builds/slave/test/build/venv/bin/pip install --timeout 120 --no-index --find-links http://pypi.pvt.build.mozilla.org/pub --find-links http://pypi.pub.build.mozilla.org/pub --trusted-host pypi.pub.build.mozilla.org --trusted-host pypi.pvt.build.mozilla.org mozsystemmonitor==0.3
16:52:47     INFO - Using env: {'CCACHE_DIR': '/builds/ccache',
16:52:47     INFO -  'CCACHE_UMASK': '002',
16:52:47     INFO -  'DISPLAY': ':0',
16:52:47     INFO -  'HOME': '/home/cltbld',
16:52:47     INFO -  'LANG': 'en_US.UTF-8',
16:52:47     INFO -  'LOGNAME': 'cltbld',
16:52:47     INFO -  'MAIL': '/var/mail/cltbld',
16:52:47     INFO -  'MOZ_HIDE_RESULTS_TABLE': '1',
16:52:47     INFO -  'MOZ_NODE_PATH': '/usr/bin/node',
16:52:47     INFO -  'MOZ_NO_REMOTE': '1',
16:52:47     INFO -  'NODE_PATH': '/usr/lib/nodejs:/usr/lib/node_modules:/usr/share/javascript',
16:52:47     INFO -  'NO_FAIL_ON_TEST_ERRORS': '1',
16:52:47     INFO -  'PATH': '/usr/local/bin:/usr/local/bin:/usr/bin:/bin:/usr/local/games:/usr/games',
16:52:47     INFO -  'PROPERTIES_FILE': '/builds/slave/test/buildprops.json',
16:52:47     INFO -  'PWD': '/builds/slave/test',
16:52:47     INFO -  'SHELL': '/bin/bash',
16:52:47     INFO -  'SHLVL': '1',
16:52:47     INFO -  'TERM': 'linux',
16:52:47     INFO -  'TMOUT': '86400',
16:52:47     INFO -  'USER': 'cltbld',
16:52:47     INFO -  'XDG_SESSION_COOKIE': '9ca12473fbb1d023794ffd180000023c-1528501919.262563-915233292',
16:52:47     INFO -  '_': '/tools/buildbot/bin/python'}
16:52:48     INFO -  Ignoring indexes: https://pypi.python.org/simple
16:52:48     INFO -  Collecting mozsystemmonitor==0.3
16:52:48     INFO -  /builds/slave/test/build/venv/lib/python2.7/site-packages/pip/_vendor/requests/packages/urllib3/util/ssl_.py:318: SNIMissingWarning: An HTTPS request has been made, but the SNI (Subject Name Indication) extension to TLS is not available on this platform. This may cause the server to present an incorrect TLS certificate, which can cause validation failures. You can upgrade to a newer version of Python to solve this. For more information, see https://urllib3.readthedocs.org/en/latest/security.html#snimissingwarning.
16:52:48     INFO -    SNIMissingWarning
16:52:48     INFO -  /builds/slave/test/build/venv/lib/python2.7/site-packages/pip/_vendor/requests/packages/urllib3/util/ssl_.py:122: InsecurePlatformWarning: A true SSLContext object is not available. This prevents urllib3 from configuring SSL appropriately and may cause certain SSL connections to fail. You can upgrade to a newer version of Python to solve this. For more information, see https://urllib3.readthedocs.org/en/latest/security.html#insecureplatformwarning.
16:52:48     INFO -    InsecurePlatformWarning
16:52:49     INFO -  /builds/slave/test/build/venv/lib/python2.7/site-packages/pip/_vendor/requests/packages/urllib3/util/ssl_.py:122: InsecurePlatformWarning: A true SSLContext object is not available. This prevents urllib3 from configuring SSL appropriately and may cause certain SSL connections to fail. You can upgrade to a newer version of Python to solve this. For more information, see https://urllib3.readthedocs.org/en/latest/security.html#insecureplatformwarning.
16:52:49     INFO -    InsecurePlatformWarning
16:52:53     INFO -    Downloading https://pypi.pvt.build.mozilla.org/pub/mozsystemmonitor-0.3.tar.gz
16:52:54     INFO -  Requirement already satisfied (use --upgrade to upgrade): psutil>=3.1.1 in ./venv/lib/python2.7/site-packages (from mozsystemmonitor==0.3)
16:52:54     INFO -  Building wheels for collected packages: mozsystemmonitor
16:52:54     INFO -    Running setup.py bdist_wheel for mozsystemmonitor: started
16:52:54     INFO -    Running setup.py bdist_wheel for mozsystemmonitor: finished with status 'done'
16:52:54     INFO -    Stored in directory: /home/cltbld/.cache/pip/wheels/f4/b7/9c/8a88c92aaad7c1d8bbd68513e1d91ad7f62b7465808c516aa8
16:52:54     INFO -  Successfully built mozsystemmonitor
16:52:54     INFO -  Installing collected packages: mozsystemmonitor
16:52:55     INFO -  Successfully installed mozsystemmonitor-0.3
16:52:55     INFO - Return code: 0
16:52:55     INFO - Installing jsonschema==2.5.1 into virtualenv /builds/slave/test/build/venv
16:52:55     INFO - retry: Calling run_command with args: [['/builds/slave/test/build/venv/bin/pip', 'install', '--timeout', '120', '--no-index', '--find-links', 'http://pypi.pvt.build.mozilla.org/pub', '--find-links', 'http://pypi.pub.build.mozilla.org/pub', '--trusted-host', 'pypi.pub.build.mozilla.org', '--trusted-host', 'pypi.pvt.build.mozilla.org', 'jsonschema==2.5.1']], kwargs: {'error_level': 'warning', 'error_list': [{'substr': 'not found or a compiler error:', 'level': 'warning'}, {'regex': <_sre.SRE_Pattern object at 0x2ae7110>, 'level': 'error'}, {'regex': <_sre.SRE_Pattern object at 0x294c120>, 'level': 'warning'}, {'regex': <_sre.SRE_Pattern object at 0x2c2ab60>, 'level': 'debug'}, {'substr': 'command not found', 'level': 'error'}, {'regex': <_sre.SRE_Pattern object at 0x2b3aa50>, 'level': 'warning'}, {'substr': 'Traceback (most recent call last)', 'level': 'error'}, {'substr': 'SyntaxError: ', 'level': 'error'}, {'substr': 'TypeError: ', 'level': 'error'}, {'substr': 'NameError: ', 'level': 'error'}, {'substr': 'ZeroDivisionError: ', 'level': 'error'}, {'regex': <_sre.SRE_Pattern object at 0x27e93b0>, 'level': 'critical'}, {'regex': <_sre.SRE_Pattern object at 0x2c29090>, 'level': 'critical'}], 'cwd': '/builds/slave/test/build', 'env': {'TMOUT': '86400', 'LOGNAME': 'cltbld', 'USER': 'cltbld', 'HOME': '/home/cltbld', 'PATH': '/usr/local/bin:/usr/local/bin:/usr/bin:/bin:/usr/local/games:/usr/games', 'DISPLAY': ':0', 'CCACHE_UMASK': '002', 'LANG': 'en_US.UTF-8', 'TERM': 'linux', 'SHELL': '/bin/bash', 'MOZ_NODE_PATH': '/usr/bin/node', 'XDG_SESSION_COOKIE': '9ca12473fbb1d023794ffd180000023c-1528501919.262563-915233292', 'SHLVL': '1', 'NO_FAIL_ON_TEST_ERRORS': '1', 'MOZ_NO_REMOTE': '1', 'MOZ_HIDE_RESULTS_TABLE': '1', 'MAIL': '/var/mail/cltbld', '_': '/tools/buildbot/bin/python', 'NODE_PATH': '/usr/lib/nodejs:/usr/lib/node_modules:/usr/share/javascript', 'PWD': '/builds/slave/test', 'PROPERTIES_FILE': '/builds/slave/test/buildprops.json', 'CCACHE_DIR': '/builds/ccache'}}, attempt #1
16:52:55     INFO - Running command: ['/builds/slave/test/build/venv/bin/pip', 'install', '--timeout', '120', '--no-index', '--find-links', 'http://pypi.pvt.build.mozilla.org/pub', '--find-links', 'http://pypi.pub.build.mozilla.org/pub', '--trusted-host', 'pypi.pub.build.mozilla.org', '--trusted-host', 'pypi.pvt.build.mozilla.org', 'jsonschema==2.5.1'] in /builds/slave/test/build
16:52:55     INFO - Copy/paste: /builds/slave/test/build/venv/bin/pip install --timeout 120 --no-index --find-links http://pypi.pvt.build.mozilla.org/pub --find-links http://pypi.pub.build.mozilla.org/pub --trusted-host pypi.pub.build.mozilla.org --trusted-host pypi.pvt.build.mozilla.org jsonschema==2.5.1
16:52:55     INFO - Using env: {'CCACHE_DIR': '/builds/ccache',
16:52:55     INFO -  'CCACHE_UMASK': '002',
16:52:55     INFO -  'DISPLAY': ':0',
16:52:55     INFO -  'HOME': '/home/cltbld',
16:52:55     INFO -  'LANG': 'en_US.UTF-8',
16:52:55     INFO -  'LOGNAME': 'cltbld',
16:52:55     INFO -  'MAIL': '/var/mail/cltbld',
16:52:55     INFO -  'MOZ_HIDE_RESULTS_TABLE': '1',
16:52:55     INFO -  'MOZ_NODE_PATH': '/usr/bin/node',
16:52:55     INFO -  'MOZ_NO_REMOTE': '1',
16:52:55     INFO -  'NODE_PATH': '/usr/lib/nodejs:/usr/lib/node_modules:/usr/share/javascript',
16:52:55     INFO -  'NO_FAIL_ON_TEST_ERRORS': '1',
16:52:55     INFO -  'PATH': '/usr/local/bin:/usr/local/bin:/usr/bin:/bin:/usr/local/games:/usr/games',
16:52:55     INFO -  'PROPERTIES_FILE': '/builds/slave/test/buildprops.json',
16:52:55     INFO -  'PWD': '/builds/slave/test',
16:52:55     INFO -  'SHELL': '/bin/bash',
16:52:55     INFO -  'SHLVL': '1',
16:52:55     INFO -  'TERM': 'linux',
16:52:55     INFO -  'TMOUT': '86400',
16:52:55     INFO -  'USER': 'cltbld',
16:52:55     INFO -  'XDG_SESSION_COOKIE': '9ca12473fbb1d023794ffd180000023c-1528501919.262563-915233292',
16:52:55     INFO -  '_': '/tools/buildbot/bin/python'}
16:52:56     INFO -  Ignoring indexes: https://pypi.python.org/simple
16:52:56     INFO -  Collecting jsonschema==2.5.1
16:52:56     INFO -  /builds/slave/test/build/venv/lib/python2.7/site-packages/pip/_vendor/requests/packages/urllib3/util/ssl_.py:318: SNIMissingWarning: An HTTPS request has been made, but the SNI (Subject Name Indication) extension to TLS is not available on this platform. This may cause the server to present an incorrect TLS certificate, which can cause validation failures. You can upgrade to a newer version of Python to solve this. For more information, see https://urllib3.readthedocs.org/en/latest/security.html#snimissingwarning.
16:52:56     INFO -    SNIMissingWarning
16:52:56     INFO -  /builds/slave/test/build/venv/lib/python2.7/site-packages/pip/_vendor/requests/packages/urllib3/util/ssl_.py:122: InsecurePlatformWarning: A true SSLContext object is not available. This prevents urllib3 from configuring SSL appropriately and may cause certain SSL connections to fail. You can upgrade to a newer version of Python to solve this. For more information, see https://urllib3.readthedocs.org/en/latest/security.html#insecureplatformwarning.
16:52:56     INFO -    InsecurePlatformWarning
16:52:57     INFO -  /builds/slave/test/build/venv/lib/python2.7/site-packages/pip/_vendor/requests/packages/urllib3/util/ssl_.py:122: InsecurePlatformWarning: A true SSLContext object is not available. This prevents urllib3 from configuring SSL appropriately and may cause certain SSL connections to fail. You can upgrade to a newer version of Python to solve this. For more information, see https://urllib3.readthedocs.org/en/latest/security.html#insecureplatformwarning.
16:52:57     INFO -    InsecurePlatformWarning
16:53:01     INFO -    Downloading https://pypi.pvt.build.mozilla.org/pub/jsonschema-2.5.1-py2.py3-none-any.whl
16:53:01     INFO -  Collecting functools32; python_version == "2.7" (from jsonschema==2.5.1)
16:53:06     INFO -    Downloading https://pypi.pvt.build.mozilla.org/pub/functools32-3.2.3-2.tar.gz
16:53:07     INFO -  Building wheels for collected packages: functools32
16:53:07     INFO -    Running setup.py bdist_wheel for functools32: started
16:53:07     INFO -    Running setup.py bdist_wheel for functools32: finished with status 'done'
16:53:07     INFO -    Stored in directory: /home/cltbld/.cache/pip/wheels/60/8e/5c/cd0944700dbec48e57da97dbe11bcc84b1332f6b43bc89d9b7
16:53:07     INFO -  Successfully built functools32
16:53:07     INFO -  Installing collected packages: functools32, jsonschema
16:53:07     INFO -  Successfully installed functools32-3.2.3.post2 jsonschema-2.5.1
16:53:08     INFO - Return code: 0
16:53:08     INFO - Installing functools32==3.2.3-2 into virtualenv /builds/slave/test/build/venv
16:53:08     INFO - retry: Calling run_command with args: [['/builds/slave/test/build/venv/bin/pip', 'install', '--timeout', '120', '--no-index', '--find-links', 'http://pypi.pvt.build.mozilla.org/pub', '--find-links', 'http://pypi.pub.build.mozilla.org/pub', '--trusted-host', 'pypi.pub.build.mozilla.org', '--trusted-host', 'pypi.pvt.build.mozilla.org', 'functools32==3.2.3-2']], kwargs: {'error_level': 'warning', 'error_list': [{'substr': 'not found or a compiler error:', 'level': 'warning'}, {'regex': <_sre.SRE_Pattern object at 0x2ae7110>, 'level': 'error'}, {'regex': <_sre.SRE_Pattern object at 0x294c120>, 'level': 'warning'}, {'regex': <_sre.SRE_Pattern object at 0x2c2ab60>, 'level': 'debug'}, {'substr': 'command not found', 'level': 'error'}, {'regex': <_sre.SRE_Pattern object at 0x2b3aa50>, 'level': 'warning'}, {'substr': 'Traceback (most recent call last)', 'level': 'error'}, {'substr': 'SyntaxError: ', 'level': 'error'}, {'substr': 'TypeError: ', 'level': 'error'}, {'substr': 'NameError: ', 'level': 'error'}, {'substr': 'ZeroDivisionError: ', 'level': 'error'}, {'regex': <_sre.SRE_Pattern object at 0x27e93b0>, 'level': 'critical'}, {'regex': <_sre.SRE_Pattern object at 0x2c29090>, 'level': 'critical'}], 'cwd': '/builds/slave/test/build', 'env': {'TMOUT': '86400', 'LOGNAME': 'cltbld', 'USER': 'cltbld', 'HOME': '/home/cltbld', 'PATH': '/usr/local/bin:/usr/local/bin:/usr/bin:/bin:/usr/local/games:/usr/games', 'DISPLAY': ':0', 'CCACHE_UMASK': '002', 'LANG': 'en_US.UTF-8', 'TERM': 'linux', 'SHELL': '/bin/bash', 'MOZ_NODE_PATH': '/usr/bin/node', 'XDG_SESSION_COOKIE': '9ca12473fbb1d023794ffd180000023c-1528501919.262563-915233292', 'SHLVL': '1', 'NO_FAIL_ON_TEST_ERRORS': '1', 'MOZ_NO_REMOTE': '1', 'MOZ_HIDE_RESULTS_TABLE': '1', 'MAIL': '/var/mail/cltbld', '_': '/tools/buildbot/bin/python', 'NODE_PATH': '/usr/lib/nodejs:/usr/lib/node_modules:/usr/share/javascript', 'PWD': '/builds/slave/test', 'PROPERTIES_FILE': '/builds/slave/test/buildprops.json', 'CCACHE_DIR': '/builds/ccache'}}, attempt #1
16:53:08     INFO - Running command: ['/builds/slave/test/build/venv/bin/pip', 'install', '--timeout', '120', '--no-index', '--find-links', 'http://pypi.pvt.build.mozilla.org/pub', '--find-links', 'http://pypi.pub.build.mozilla.org/pub', '--trusted-host', 'pypi.pub.build.mozilla.org', '--trusted-host', 'pypi.pvt.build.mozilla.org', 'functools32==3.2.3-2'] in /builds/slave/test/build
16:53:08     INFO - Copy/paste: /builds/slave/test/build/venv/bin/pip install --timeout 120 --no-index --find-links http://pypi.pvt.build.mozilla.org/pub --find-links http://pypi.pub.build.mozilla.org/pub --trusted-host pypi.pub.build.mozilla.org --trusted-host pypi.pvt.build.mozilla.org functools32==3.2.3-2
16:53:08     INFO - Using env: {'CCACHE_DIR': '/builds/ccache',
16:53:08     INFO -  'CCACHE_UMASK': '002',
16:53:08     INFO -  'DISPLAY': ':0',
16:53:08     INFO -  'HOME': '/home/cltbld',
16:53:08     INFO -  'LANG': 'en_US.UTF-8',
16:53:08     INFO -  'LOGNAME': 'cltbld',
16:53:08     INFO -  'MAIL': '/var/mail/cltbld',
16:53:08     INFO -  'MOZ_HIDE_RESULTS_TABLE': '1',
16:53:08     INFO -  'MOZ_NODE_PATH': '/usr/bin/node',
16:53:08     INFO -  'MOZ_NO_REMOTE': '1',
16:53:08     INFO -  'NODE_PATH': '/usr/lib/nodejs:/usr/lib/node_modules:/usr/share/javascript',
16:53:08     INFO -  'NO_FAIL_ON_TEST_ERRORS': '1',
16:53:08     INFO -  'PATH': '/usr/local/bin:/usr/local/bin:/usr/bin:/bin:/usr/local/games:/usr/games',
16:53:08     INFO -  'PROPERTIES_FILE': '/builds/slave/test/buildprops.json',
16:53:08     INFO -  'PWD': '/builds/slave/test',
16:53:08     INFO -  'SHELL': '/bin/bash',
16:53:08     INFO -  'SHLVL': '1',
16:53:08     INFO -  'TERM': 'linux',
16:53:08     INFO -  'TMOUT': '86400',
16:53:08     INFO -  'USER': 'cltbld',
16:53:08     INFO -  'XDG_SESSION_COOKIE': '9ca12473fbb1d023794ffd180000023c-1528501919.262563-915233292',
16:53:08     INFO -  '_': '/tools/buildbot/bin/python'}
16:53:09     INFO -  Ignoring indexes: https://pypi.python.org/simple
16:53:09     INFO -  Requirement already satisfied (use --upgrade to upgrade): functools32==3.2.3-2 in ./venv/lib/python2.7/site-packages
16:53:09     INFO - Return code: 0
16:53:09     INFO - Installing blobuploader==1.2.4 into virtualenv /builds/slave/test/build/venv
16:53:09     INFO - retry: Calling run_command with args: [['/builds/slave/test/build/venv/bin/pip', 'install', '--timeout', '120', '--no-index', '--find-links', 'http://pypi.pvt.build.mozilla.org/pub', '--find-links', 'http://pypi.pub.build.mozilla.org/pub', '--trusted-host', 'pypi.pub.build.mozilla.org', '--trusted-host', 'pypi.pvt.build.mozilla.org', 'blobuploader==1.2.4']], kwargs: {'error_level': 'warning', 'error_list': [{'substr': 'not found or a compiler error:', 'level': 'warning'}, {'regex': <_sre.SRE_Pattern object at 0x2ae7110>, 'level': 'error'}, {'regex': <_sre.SRE_Pattern object at 0x294c120>, 'level': 'warning'}, {'regex': <_sre.SRE_Pattern object at 0x2c2ab60>, 'level': 'debug'}, {'substr': 'command not found', 'level': 'error'}, {'regex': <_sre.SRE_Pattern object at 0x2b3aa50>, 'level': 'warning'}, {'substr': 'Traceback (most recent call last)', 'level': 'error'}, {'substr': 'SyntaxError: ', 'level': 'error'}, {'substr': 'TypeError: ', 'level': 'error'}, {'substr': 'NameError: ', 'level': 'error'}, {'substr': 'ZeroDivisionError: ', 'level': 'error'}, {'regex': <_sre.SRE_Pattern object at 0x27e93b0>, 'level': 'critical'}, {'regex': <_sre.SRE_Pattern object at 0x2c29090>, 'level': 'critical'}], 'cwd': '/builds/slave/test/build', 'env': {'TMOUT': '86400', 'LOGNAME': 'cltbld', 'USER': 'cltbld', 'HOME': '/home/cltbld', 'PATH': '/usr/local/bin:/usr/local/bin:/usr/bin:/bin:/usr/local/games:/usr/games', 'DISPLAY': ':0', 'CCACHE_UMASK': '002', 'LANG': 'en_US.UTF-8', 'TERM': 'linux', 'SHELL': '/bin/bash', 'MOZ_NODE_PATH': '/usr/bin/node', 'XDG_SESSION_COOKIE': '9ca12473fbb1d023794ffd180000023c-1528501919.262563-915233292', 'SHLVL': '1', 'NO_FAIL_ON_TEST_ERRORS': '1', 'MOZ_NO_REMOTE': '1', 'MOZ_HIDE_RESULTS_TABLE': '1', 'MAIL': '/var/mail/cltbld', '_': '/tools/buildbot/bin/python', 'NODE_PATH': '/usr/lib/nodejs:/usr/lib/node_modules:/usr/share/javascript', 'PWD': '/builds/slave/test', 'PROPERTIES_FILE': '/builds/slave/test/buildprops.json', 'CCACHE_DIR': '/builds/ccache'}}, attempt #1
16:53:09     INFO - Running command: ['/builds/slave/test/build/venv/bin/pip', 'install', '--timeout', '120', '--no-index', '--find-links', 'http://pypi.pvt.build.mozilla.org/pub', '--find-links', 'http://pypi.pub.build.mozilla.org/pub', '--trusted-host', 'pypi.pub.build.mozilla.org', '--trusted-host', 'pypi.pvt.build.mozilla.org', 'blobuploader==1.2.4'] in /builds/slave/test/build
16:53:09     INFO - Copy/paste: /builds/slave/test/build/venv/bin/pip install --timeout 120 --no-index --find-links http://pypi.pvt.build.mozilla.org/pub --find-links http://pypi.pub.build.mozilla.org/pub --trusted-host pypi.pub.build.mozilla.org --trusted-host pypi.pvt.build.mozilla.org blobuploader==1.2.4
16:53:09     INFO - Using env: {'CCACHE_DIR': '/builds/ccache',
16:53:09     INFO -  'CCACHE_UMASK': '002',
16:53:09     INFO -  'DISPLAY': ':0',
16:53:09     INFO -  'HOME': '/home/cltbld',
16:53:09     INFO -  'LANG': 'en_US.UTF-8',
16:53:09     INFO -  'LOGNAME': 'cltbld',
16:53:09     INFO -  'MAIL': '/var/mail/cltbld',
16:53:09     INFO -  'MOZ_HIDE_RESULTS_TABLE': '1',
16:53:09     INFO -  'MOZ_NODE_PATH': '/usr/bin/node',
16:53:09     INFO -  'MOZ_NO_REMOTE': '1',
16:53:09     INFO -  'NODE_PATH': '/usr/lib/nodejs:/usr/lib/node_modules:/usr/share/javascript',
16:53:09     INFO -  'NO_FAIL_ON_TEST_ERRORS': '1',
16:53:09     INFO -  'PATH': '/usr/local/bin:/usr/local/bin:/usr/bin:/bin:/usr/local/games:/usr/games',
16:53:09     INFO -  'PROPERTIES_FILE': '/builds/slave/test/buildprops.json',
16:53:09     INFO -  'PWD': '/builds/slave/test',
16:53:09     INFO -  'SHELL': '/bin/bash',
16:53:09     INFO -  'SHLVL': '1',
16:53:09     INFO -  'TERM': 'linux',
16:53:09     INFO -  'TMOUT': '86400',
16:53:09     INFO -  'USER': 'cltbld',
16:53:09     INFO -  'XDG_SESSION_COOKIE': '9ca12473fbb1d023794ffd180000023c-1528501919.262563-915233292',
16:53:09     INFO -  '_': '/tools/buildbot/bin/python'}
16:53:10     INFO -  Ignoring indexes: https://pypi.python.org/simple
16:53:10     INFO -  Collecting blobuploader==1.2.4
16:53:10     INFO -  /builds/slave/test/build/venv/lib/python2.7/site-packages/pip/_vendor/requests/packages/urllib3/util/ssl_.py:318: SNIMissingWarning: An HTTPS request has been made, but the SNI (Subject Name Indication) extension to TLS is not available on this platform. This may cause the server to present an incorrect TLS certificate, which can cause validation failures. You can upgrade to a newer version of Python to solve this. For more information, see https://urllib3.readthedocs.org/en/latest/security.html#snimissingwarning.
16:53:10     INFO -    SNIMissingWarning
16:53:10     INFO -  /builds/slave/test/build/venv/lib/python2.7/site-packages/pip/_vendor/requests/packages/urllib3/util/ssl_.py:122: InsecurePlatformWarning: A true SSLContext object is not available. This prevents urllib3 from configuring SSL appropriately and may cause certain SSL connections to fail. You can upgrade to a newer version of Python to solve this. For more information, see https://urllib3.readthedocs.org/en/latest/security.html#insecureplatformwarning.
16:53:10     INFO -    InsecurePlatformWarning
16:53:11     INFO -  /builds/slave/test/build/venv/lib/python2.7/site-packages/pip/_vendor/requests/packages/urllib3/util/ssl_.py:122: InsecurePlatformWarning: A true SSLContext object is not available. This prevents urllib3 from configuring SSL appropriately and may cause certain SSL connections to fail. You can upgrade to a newer version of Python to solve this. For more information, see https://urllib3.readthedocs.org/en/latest/security.html#insecureplatformwarning.
16:53:11     INFO -    InsecurePlatformWarning
16:53:15     INFO -    Downloading https://pypi.pvt.build.mozilla.org/pub/blobuploader-1.2.4.tar.gz
16:53:15     INFO -  Collecting requests==1.2.3. (from blobuploader==1.2.4)
16:53:21     INFO -    Downloading https://pypi.pvt.build.mozilla.org/pub/requests-1.2.3.tar.gz (348kB)
16:53:21     INFO -  Collecting docopt==0.6.1 (from blobuploader==1.2.4)
16:53:26     INFO -    Downloading https://pypi.pvt.build.mozilla.org/pub/docopt-0.6.1.tar.gz
16:53:26     INFO -  Building wheels for collected packages: blobuploader, requests, docopt
16:53:26     INFO -    Running setup.py bdist_wheel for blobuploader: started
16:53:27     INFO -    Running setup.py bdist_wheel for blobuploader: finished with status 'done'
16:53:27     INFO -    Stored in directory: /home/cltbld/.cache/pip/wheels/a7/2a/47/2d3828e4129ffeb548a26f4a87889dc9bc1a58e201a0ff8655
16:53:27     INFO -    Running setup.py bdist_wheel for requests: started
16:53:28     INFO -    Running setup.py bdist_wheel for requests: finished with status 'done'
16:53:28     INFO -    Stored in directory: /home/cltbld/.cache/pip/wheels/65/bb/90/359b65a7043ffc879dde877c4ad827f452218808c6cccf2658
16:53:28     INFO -    Running setup.py bdist_wheel for docopt: started
16:53:28     INFO -    Running setup.py bdist_wheel for docopt: finished with status 'done'
16:53:28     INFO -    Stored in directory: /home/cltbld/.cache/pip/wheels/ac/8b/84/7dbe9ada02c48c352fa733c81648516f92c6436f9d5bffad41
16:53:28     INFO -  Successfully built blobuploader requests docopt
16:53:28     INFO -  Installing collected packages: requests, docopt, blobuploader
16:53:29     INFO -  Successfully installed blobuploader-1.2.4 docopt-0.6.1 requests-1.2.3
16:53:29     INFO - Return code: 0
16:53:29     INFO - Installing None into virtualenv /builds/slave/test/build/venv
16:53:29     INFO - retry: Calling run_command with args: [['/builds/slave/test/build/venv/bin/pip', 'install', '--no-deps', '--timeout', '120', '-r', '/builds/slave/test/build/tests/config/marionette_requirements.txt', '--no-index', '--find-links', 'http://pypi.pvt.build.mozilla.org/pub', '--find-links', 'http://pypi.pub.build.mozilla.org/pub', '--trusted-host', 'pypi.pub.build.mozilla.org', '--trusted-host', 'pypi.pvt.build.mozilla.org']], kwargs: {'error_level': 'warning', 'error_list': [{'substr': 'not found or a compiler error:', 'level': 'warning'}, {'regex': <_sre.SRE_Pattern object at 0x2ae7110>, 'level': 'error'}, {'regex': <_sre.SRE_Pattern object at 0x294c120>, 'level': 'warning'}, {'regex': <_sre.SRE_Pattern object at 0x2c2ab60>, 'level': 'debug'}, {'substr': 'command not found', 'level': 'error'}, {'regex': <_sre.SRE_Pattern object at 0x2b3aa50>, 'level': 'warning'}, {'substr': 'Traceback (most recent call last)', 'level': 'error'}, {'substr': 'SyntaxError: ', 'level': 'error'}, {'substr': 'TypeError: ', 'level': 'error'}, {'substr': 'NameError: ', 'level': 'error'}, {'substr': 'ZeroDivisionError: ', 'level': 'error'}, {'regex': <_sre.SRE_Pattern object at 0x27e93b0>, 'level': 'critical'}, {'regex': <_sre.SRE_Pattern object at 0x2c29090>, 'level': 'critical'}], 'cwd': '/builds/slave/test/build/tests/config', 'env': {'TMOUT': '86400', 'LOGNAME': 'cltbld', 'USER': 'cltbld', 'HOME': '/home/cltbld', 'PATH': '/usr/local/bin:/usr/local/bin:/usr/bin:/bin:/usr/local/games:/usr/games', 'DISPLAY': ':0', 'CCACHE_UMASK': '002', 'LANG': 'en_US.UTF-8', 'TERM': 'linux', 'SHELL': '/bin/bash', 'MOZ_NODE_PATH': '/usr/bin/node', 'XDG_SESSION_COOKIE': '9ca12473fbb1d023794ffd180000023c-1528501919.262563-915233292', 'SHLVL': '1', 'NO_FAIL_ON_TEST_ERRORS': '1', 'MOZ_NO_REMOTE': '1', 'MOZ_HIDE_RESULTS_TABLE': '1', 'MAIL': '/var/mail/cltbld', '_': '/tools/buildbot/bin/python', 'NODE_PATH': '/usr/lib/nodejs:/usr/lib/node_modules:/usr/share/javascript', 'PWD': '/builds/slave/test', 'PROPERTIES_FILE': '/builds/slave/test/buildprops.json', 'CCACHE_DIR': '/builds/ccache'}}, attempt #1
16:53:29     INFO - Running command: ['/builds/slave/test/build/venv/bin/pip', 'install', '--no-deps', '--timeout', '120', '-r', '/builds/slave/test/build/tests/config/marionette_requirements.txt', '--no-index', '--find-links', 'http://pypi.pvt.build.mozilla.org/pub', '--find-links', 'http://pypi.pub.build.mozilla.org/pub', '--trusted-host', 'pypi.pub.build.mozilla.org', '--trusted-host', 'pypi.pvt.build.mozilla.org'] in /builds/slave/test/build/tests/config
16:53:29     INFO - Copy/paste: /builds/slave/test/build/venv/bin/pip install --no-deps --timeout 120 -r /builds/slave/test/build/tests/config/marionette_requirements.txt --no-index --find-links http://pypi.pvt.build.mozilla.org/pub --find-links http://pypi.pub.build.mozilla.org/pub --trusted-host pypi.pub.build.mozilla.org --trusted-host pypi.pvt.build.mozilla.org
16:53:29     INFO - Using env: {'CCACHE_DIR': '/builds/ccache',
16:53:29     INFO -  'CCACHE_UMASK': '002',
16:53:29     INFO -  'DISPLAY': ':0',
16:53:29     INFO -  'HOME': '/home/cltbld',
16:53:29     INFO -  'LANG': 'en_US.UTF-8',
16:53:29     INFO -  'LOGNAME': 'cltbld',
16:53:29     INFO -  'MAIL': '/var/mail/cltbld',
16:53:29     INFO -  'MOZ_HIDE_RESULTS_TABLE': '1',
16:53:29     INFO -  'MOZ_NODE_PATH': '/usr/bin/node',
16:53:29     INFO -  'MOZ_NO_REMOTE': '1',
16:53:29     INFO -  'NODE_PATH': '/usr/lib/nodejs:/usr/lib/node_modules:/usr/share/javascript',
16:53:29     INFO -  'NO_FAIL_ON_TEST_ERRORS': '1',
16:53:29     INFO -  'PATH': '/usr/local/bin:/usr/local/bin:/usr/bin:/bin:/usr/local/games:/usr/games',
16:53:29     INFO -  'PROPERTIES_FILE': '/builds/slave/test/buildprops.json',
16:53:29     INFO -  'PWD': '/builds/slave/test',
16:53:29     INFO -  'SHELL': '/bin/bash',
16:53:29     INFO -  'SHLVL': '1',
16:53:29     INFO -  'TERM': 'linux',
16:53:29     INFO -  'TMOUT': '86400',
16:53:29     INFO -  'USER': 'cltbld',
16:53:29     INFO -  'XDG_SESSION_COOKIE': '9ca12473fbb1d023794ffd180000023c-1528501919.262563-915233292',
16:53:29     INFO -  '_': '/tools/buildbot/bin/python'}
16:53:30     INFO -  Ignoring indexes: https://pypi.python.org/simple
16:53:30     INFO -  Processing /builds/slave/test/build/tests/mozbase/manifestparser
16:53:30     INFO -  Processing /builds/slave/test/build/tests/mozbase/mozcrash
16:53:31     INFO -  Processing /builds/slave/test/build/tests/mozbase/mozdebug
16:53:31     INFO -  Processing /builds/slave/test/build/tests/mozbase/mozdevice
16:53:31     INFO -  Processing /builds/slave/test/build/tests/mozbase/mozfile
16:53:32     INFO -  Processing /builds/slave/test/build/tests/mozbase/mozhttpd
16:53:32     INFO -  Processing /builds/slave/test/build/tests/mozbase/mozinfo
16:53:33     INFO -  Processing /builds/slave/test/build/tests/mozbase/mozinstall
16:53:33     INFO -  Processing /builds/slave/test/build/tests/mozbase/mozleak
16:53:33     INFO -  Processing /builds/slave/test/build/tests/mozbase/mozlog
16:53:34     INFO -  Processing /builds/slave/test/build/tests/mozbase/moznetwork
16:53:34     INFO -  Processing /builds/slave/test/build/tests/mozbase/mozprocess
16:53:35     INFO -  Processing /builds/slave/test/build/tests/mozbase/mozprofile
16:53:35     INFO -  Processing /builds/slave/test/build/tests/mozbase/mozrunner
16:53:35     INFO -  Processing /builds/slave/test/build/tests/mozbase/mozscreenshot
16:53:36     INFO -  Processing /builds/slave/test/build/tests/mozbase/moztest
16:53:36     INFO -  Processing /builds/slave/test/build/tests/mozbase/mozversion
16:53:36     INFO -  Processing /builds/slave/test/build/tests/tools/wptserve
16:53:37     INFO -  Processing /builds/slave/test/build/tests/marionette/client
16:53:37     INFO -  Processing /builds/slave/test/build/tests/marionette/harness/marionette_harness/runner/mixins/browsermob-proxy-py
16:53:37     INFO -  Processing /builds/slave/test/build/tests/marionette/harness
16:53:38     INFO -  Processing /builds/slave/test/build/tests/marionette/puppeteer/firefox
16:53:38     INFO -  Building wheels for collected packages: browsermob-proxy
16:53:38     INFO -    Running setup.py bdist_wheel for browsermob-proxy: started
16:53:39     INFO -    Running setup.py bdist_wheel for browsermob-proxy: finished with status 'done'
16:53:39     INFO -    Stored in directory: /home/cltbld/.cache/pip/wheels/10/00/c1/79bb793b6a7eb4dca9dfd244010f550ae5044951bcd23c261e
16:53:39     INFO -  Successfully built browsermob-proxy
16:53:39     INFO -  Installing collected packages: manifestparser, mozcrash, mozdebug, mozdevice, mozfile, mozhttpd, mozinfo, mozInstall, mozleak, mozlog, moznetwork, mozprocess, mozprofile, mozrunner, mozscreenshot, moztest, mozversion, wptserve, marionette-driver, browsermob-proxy, marionette-harness, firefox-puppeteer
16:53:39     INFO -    Running setup.py install for manifestparser: started
16:53:39     INFO -      Running setup.py install for manifestparser: finished with status 'done'
16:53:39     INFO -    Running setup.py install for mozcrash: started
16:53:40     INFO -      Running setup.py install for mozcrash: finished with status 'done'
16:53:40     INFO -    Running setup.py install for mozdebug: started
16:53:40     INFO -      Running setup.py install for mozdebug: finished with status 'done'
16:53:40     INFO -    Running setup.py install for mozdevice: started
16:53:41     INFO -      Running setup.py install for mozdevice: finished with status 'done'
16:53:41     INFO -    Running setup.py install for mozfile: started
16:53:41     INFO -      Running setup.py install for mozfile: finished with status 'done'
16:53:41     INFO -    Running setup.py install for mozhttpd: started
16:53:41     INFO -      Running setup.py install for mozhttpd: finished with status 'done'
16:53:41     INFO -    Running setup.py install for mozinfo: started
16:53:42     INFO -      Running setup.py install for mozinfo: finished with status 'done'
16:53:42     INFO -    Running setup.py install for mozInstall: started
16:53:42     INFO -      Running setup.py install for mozInstall: finished with status 'done'
16:53:42     INFO -    Running setup.py install for mozleak: started
16:53:43     INFO -      Running setup.py install for mozleak: finished with status 'done'
16:53:43     INFO -    Running setup.py install for mozlog: started
16:53:43     INFO -      Running setup.py install for mozlog: finished with status 'done'
16:53:43     INFO -    Running setup.py install for moznetwork: started
16:53:44     INFO -      Running setup.py install for moznetwork: finished with status 'done'
16:53:44     INFO -    Running setup.py install for mozprocess: started
16:53:44     INFO -      Running setup.py install for mozprocess: finished with status 'done'
16:53:44     INFO -    Running setup.py install for mozprofile: started
16:53:45     INFO -      Running setup.py install for mozprofile: finished with status 'done'
16:53:45     INFO -    Running setup.py install for mozrunner: started
16:53:45     INFO -      Running setup.py install for mozrunner: finished with status 'done'
16:53:45     INFO -    Running setup.py install for mozscreenshot: started
16:53:46     INFO -      Running setup.py install for mozscreenshot: finished with status 'done'
16:53:46     INFO -    Running setup.py install for moztest: started
16:53:46     INFO -      Running setup.py install for moztest: finished with status 'done'
16:53:46     INFO -    Running setup.py install for mozversion: started
16:53:46     INFO -      Running setup.py install for mozversion: finished with status 'done'
16:53:46     INFO -    Running setup.py install for wptserve: started
16:53:47     INFO -      Running setup.py install for wptserve: finished with status 'done'
16:53:47     INFO -    Running setup.py install for marionette-driver: started
16:53:47     INFO -      Running setup.py install for marionette-driver: finished with status 'done'
16:53:48     INFO -    Running setup.py install for marionette-harness: started
16:53:48     INFO -      Running setup.py install for marionette-harness: finished with status 'done'
16:53:48     INFO -    Running setup.py install for firefox-puppeteer: started
16:53:49     INFO -      Running setup.py install for firefox-puppeteer: finished with status 'done'
16:53:50     INFO -  Successfully installed browsermob-proxy-0.6.0 firefox-puppeteer-52.1.0 manifestparser-1.1 marionette-driver-2.2.0 marionette-harness-4.0.0 mozInstall-1.12 mozcrash-1.0 mozdebug-0.1 mozdevice-0.48 mozfile-1.2 mozhttpd-0.7 mozinfo-0.9 mozleak-0.1 mozlog-3.4 moznetwork-0.27 mozprocess-0.23 mozprofile-0.28 mozrunner-6.13 mozscreenshot-0.1 moztest-0.8 mozversion-1.4 wptserve-1.4.0
16:53:50     INFO - Return code: 0
16:53:50     INFO - Installing None into virtualenv /builds/slave/test/build/venv
16:53:50     INFO - retry: Calling run_command with args: [['/builds/slave/test/build/venv/bin/pip', 'install', '--timeout', '120', '-r', '/builds/slave/test/build/tests/config/marionette_requirements.txt', '--no-index', '--find-links', 'http://pypi.pvt.build.mozilla.org/pub', '--find-links', 'http://pypi.pub.build.mozilla.org/pub', '--trusted-host', 'pypi.pub.build.mozilla.org', '--trusted-host', 'pypi.pvt.build.mozilla.org']], kwargs: {'error_level': 'warning', 'error_list': [{'substr': 'not found or a compiler error:', 'level': 'warning'}, {'regex': <_sre.SRE_Pattern object at 0x2ae7110>, 'level': 'error'}, {'regex': <_sre.SRE_Pattern object at 0x294c120>, 'level': 'warning'}, {'regex': <_sre.SRE_Pattern object at 0x2c2ab60>, 'level': 'debug'}, {'substr': 'command not found', 'level': 'error'}, {'regex': <_sre.SRE_Pattern object at 0x2b3aa50>, 'level': 'warning'}, {'substr': 'Traceback (most recent call last)', 'level': 'error'}, {'substr': 'SyntaxError: ', 'level': 'error'}, {'substr': 'TypeError: ', 'level': 'error'}, {'substr': 'NameError: ', 'level': 'error'}, {'substr': 'ZeroDivisionError: ', 'level': 'error'}, {'regex': <_sre.SRE_Pattern object at 0x27e93b0>, 'level': 'critical'}, {'regex': <_sre.SRE_Pattern object at 0x2c29090>, 'level': 'critical'}], 'cwd': '/builds/slave/test/build/tests/config', 'env': {'TMOUT': '86400', 'LOGNAME': 'cltbld', 'USER': 'cltbld', 'HOME': '/home/cltbld', 'PATH': '/usr/local/bin:/usr/local/bin:/usr/bin:/bin:/usr/local/games:/usr/games', 'DISPLAY': ':0', 'CCACHE_UMASK': '002', 'LANG': 'en_US.UTF-8', 'TERM': 'linux', 'SHELL': '/bin/bash', 'MOZ_NODE_PATH': '/usr/bin/node', 'XDG_SESSION_COOKIE': '9ca12473fbb1d023794ffd180000023c-1528501919.262563-915233292', 'SHLVL': '1', 'NO_FAIL_ON_TEST_ERRORS': '1', 'MOZ_NO_REMOTE': '1', 'MOZ_HIDE_RESULTS_TABLE': '1', 'MAIL': '/var/mail/cltbld', '_': '/tools/buildbot/bin/python', 'NODE_PATH': '/usr/lib/nodejs:/usr/lib/node_modules:/usr/share/javascript', 'PWD': '/builds/slave/test', 'PROPERTIES_FILE': '/builds/slave/test/buildprops.json', 'CCACHE_DIR': '/builds/ccache'}}, attempt #1
16:53:50     INFO - Running command: ['/builds/slave/test/build/venv/bin/pip', 'install', '--timeout', '120', '-r', '/builds/slave/test/build/tests/config/marionette_requirements.txt', '--no-index', '--find-links', 'http://pypi.pvt.build.mozilla.org/pub', '--find-links', 'http://pypi.pub.build.mozilla.org/pub', '--trusted-host', 'pypi.pub.build.mozilla.org', '--trusted-host', 'pypi.pvt.build.mozilla.org'] in /builds/slave/test/build/tests/config
16:53:50     INFO - Copy/paste: /builds/slave/test/build/venv/bin/pip install --timeout 120 -r /builds/slave/test/build/tests/config/marionette_requirements.txt --no-index --find-links http://pypi.pvt.build.mozilla.org/pub --find-links http://pypi.pub.build.mozilla.org/pub --trusted-host pypi.pub.build.mozilla.org --trusted-host pypi.pvt.build.mozilla.org
16:53:50     INFO - Using env: {'CCACHE_DIR': '/builds/ccache',
16:53:50     INFO -  'CCACHE_UMASK': '002',
16:53:50     INFO -  'DISPLAY': ':0',
16:53:50     INFO -  'HOME': '/home/cltbld',
16:53:50     INFO -  'LANG': 'en_US.UTF-8',
16:53:50     INFO -  'LOGNAME': 'cltbld',
16:53:50     INFO -  'MAIL': '/var/mail/cltbld',
16:53:50     INFO -  'MOZ_HIDE_RESULTS_TABLE': '1',
16:53:50     INFO -  'MOZ_NODE_PATH': '/usr/bin/node',
16:53:50     INFO -  'MOZ_NO_REMOTE': '1',
16:53:50     INFO -  'NODE_PATH': '/usr/lib/nodejs:/usr/lib/node_modules:/usr/share/javascript',
16:53:50     INFO -  'NO_FAIL_ON_TEST_ERRORS': '1',
16:53:50     INFO -  'PATH': '/usr/local/bin:/usr/local/bin:/usr/bin:/bin:/usr/local/games:/usr/games',
16:53:50     INFO -  'PROPERTIES_FILE': '/builds/slave/test/buildprops.json',
16:53:50     INFO -  'PWD': '/builds/slave/test',
16:53:50     INFO -  'SHELL': '/bin/bash',
16:53:50     INFO -  'SHLVL': '1',
16:53:50     INFO -  'TERM': 'linux',
16:53:50     INFO -  'TMOUT': '86400',
16:53:50     INFO -  'USER': 'cltbld',
16:53:50     INFO -  'XDG_SESSION_COOKIE': '9ca12473fbb1d023794ffd180000023c-1528501919.262563-915233292',
16:53:50     INFO -  '_': '/tools/buildbot/bin/python'}
16:53:51     INFO -  Ignoring indexes: https://pypi.python.org/simple
16:53:51     INFO -  Processing /builds/slave/test/build/tests/mozbase/manifestparser
16:53:51     INFO -    Requirement already satisfied (use --upgrade to upgrade): manifestparser==1.1 from file:///builds/slave/test/build/tests/mozbase/manifestparser in /builds/slave/test/build/venv/lib/python2.7/site-packages (from -r /builds/slave/test/build/tests/config/mozbase_requirements.txt (line 1))
16:53:51     INFO -  Processing /builds/slave/test/build/tests/mozbase/mozcrash
16:53:51     INFO -    Requirement already satisfied (use --upgrade to upgrade): mozcrash==1.0 from file:///builds/slave/test/build/tests/mozbase/mozcrash in /builds/slave/test/build/venv/lib/python2.7/site-packages (from -r /builds/slave/test/build/tests/config/mozbase_requirements.txt (line 2))
16:53:51     INFO -  Processing /builds/slave/test/build/tests/mozbase/mozdebug
16:53:52     INFO -    Requirement already satisfied (use --upgrade to upgrade): mozdebug==0.1 from file:///builds/slave/test/build/tests/mozbase/mozdebug in /builds/slave/test/build/venv/lib/python2.7/site-packages (from -r /builds/slave/test/build/tests/config/mozbase_requirements.txt (line 3))
16:53:52     INFO -  Processing /builds/slave/test/build/tests/mozbase/mozdevice
16:53:52     INFO -    Requirement already satisfied (use --upgrade to upgrade): mozdevice==0.48 from file:///builds/slave/test/build/tests/mozbase/mozdevice in /builds/slave/test/build/venv/lib/python2.7/site-packages (from -r /builds/slave/test/build/tests/config/mozbase_requirements.txt (line 4))
16:53:52     INFO -  Processing /builds/slave/test/build/tests/mozbase/mozfile
16:53:53     INFO -    Requirement already satisfied (use --upgrade to upgrade): mozfile==1.2 from file:///builds/slave/test/build/tests/mozbase/mozfile in /builds/slave/test/build/venv/lib/python2.7/site-packages (from -r /builds/slave/test/build/tests/config/mozbase_requirements.txt (line 5))
16:53:53     INFO -  Processing /builds/slave/test/build/tests/mozbase/mozhttpd
16:53:53     INFO -    Requirement already satisfied (use --upgrade to upgrade): mozhttpd==0.7 from file:///builds/slave/test/build/tests/mozbase/mozhttpd in /builds/slave/test/build/venv/lib/python2.7/site-packages (from -r /builds/slave/test/build/tests/config/mozbase_requirements.txt (line 6))
16:53:53     INFO -  Processing /builds/slave/test/build/tests/mozbase/mozinfo
16:53:53     INFO -    Requirement already satisfied (use --upgrade to upgrade): mozinfo==0.9 from file:///builds/slave/test/build/tests/mozbase/mozinfo in /builds/slave/test/build/venv/lib/python2.7/site-packages (from -r /builds/slave/test/build/tests/config/mozbase_requirements.txt (line 7))
16:53:53     INFO -  Processing /builds/slave/test/build/tests/mozbase/mozinstall
16:53:54     INFO -    Requirement already satisfied (use --upgrade to upgrade): mozInstall==1.12 from file:///builds/slave/test/build/tests/mozbase/mozinstall in /builds/slave/test/build/venv/lib/python2.7/site-packages (from -r /builds/slave/test/build/tests/config/mozbase_requirements.txt (line 8))
16:53:54     INFO -  Processing /builds/slave/test/build/tests/mozbase/mozleak
16:53:54     INFO -    Requirement already satisfied (use --upgrade to upgrade): mozleak==0.1 from file:///builds/slave/test/build/tests/mozbase/mozleak in /builds/slave/test/build/venv/lib/python2.7/site-packages (from -r /builds/slave/test/build/tests/config/mozbase_requirements.txt (line 9))
16:53:54     INFO -  Processing /builds/slave/test/build/tests/mozbase/mozlog
16:53:54     INFO -    Requirement already satisfied (use --upgrade to upgrade): mozlog==3.4 from file:///builds/slave/test/build/tests/mozbase/mozlog in /builds/slave/test/build/venv/lib/python2.7/site-packages (from -r /builds/slave/test/build/tests/config/mozbase_requirements.txt (line 10))
16:53:54     INFO -  Processing /builds/slave/test/build/tests/mozbase/moznetwork
16:53:55     INFO -    Requirement already satisfied (use --upgrade to upgrade): moznetwork==0.27 from file:///builds/slave/test/build/tests/mozbase/moznetwork in /builds/slave/test/build/venv/lib/python2.7/site-packages (from -r /builds/slave/test/build/tests/config/mozbase_requirements.txt (line 11))
16:53:55     INFO -  Processing /builds/slave/test/build/tests/mozbase/mozprocess
16:53:55     INFO -    Requirement already satisfied (use --upgrade to upgrade): mozprocess==0.23 from file:///builds/slave/test/build/tests/mozbase/mozprocess in /builds/slave/test/build/venv/lib/python2.7/site-packages (from -r /builds/slave/test/build/tests/config/mozbase_requirements.txt (line 12))
16:53:55     INFO -  Processing /builds/slave/test/build/tests/mozbase/mozprofile
16:53:56     INFO -    Requirement already satisfied (use --upgrade to upgrade): mozprofile==0.28 from file:///builds/slave/test/build/tests/mozbase/mozprofile in /builds/slave/test/build/venv/lib/python2.7/site-packages (from -r /builds/slave/test/build/tests/config/mozbase_requirements.txt (line 13))
16:53:56     INFO -  Processing /builds/slave/test/build/tests/mozbase/mozrunner
16:53:56     INFO -    Requirement already satisfied (use --upgrade to upgrade): mozrunner==6.13 from file:///builds/slave/test/build/tests/mozbase/mozrunner in /builds/slave/test/build/venv/lib/python2.7/site-packages (from -r /builds/slave/test/build/tests/config/mozbase_requirements.txt (line 14))
16:53:56     INFO -  Processing /builds/slave/test/build/tests/mozbase/mozscreenshot
16:53:56     INFO -    Requirement already satisfied (use --upgrade to upgrade): mozscreenshot==0.1 from file:///builds/slave/test/build/tests/mozbase/mozscreenshot in /builds/slave/test/build/venv/lib/python2.7/site-packages (from -r /builds/slave/test/build/tests/config/mozbase_requirements.txt (line 15))
16:53:56     INFO -  Processing /builds/slave/test/build/tests/mozbase/moztest
16:53:57     INFO -    Requirement already satisfied (use --upgrade to upgrade): moztest==0.8 from file:///builds/slave/test/build/tests/mozbase/moztest in /builds/slave/test/build/venv/lib/python2.7/site-packages (from -r /builds/slave/test/build/tests/config/mozbase_requirements.txt (line 16))
16:53:57     INFO -  Processing /builds/slave/test/build/tests/mozbase/mozversion
16:53:57     INFO -    Requirement already satisfied (use --upgrade to upgrade): mozversion==1.4 from file:///builds/slave/test/build/tests/mozbase/mozversion in /builds/slave/test/build/venv/lib/python2.7/site-packages (from -r /builds/slave/test/build/tests/config/mozbase_requirements.txt (line 17))
16:53:57     INFO -  Processing /builds/slave/test/build/tests/tools/wptserve
16:53:58     INFO -    Requirement already satisfied (use --upgrade to upgrade): wptserve==1.4.0 from file:///builds/slave/test/build/tests/tools/wptserve in /builds/slave/test/build/venv/lib/python2.7/site-packages (from -r /builds/slave/test/build/tests/config/marionette_requirements.txt (line 3))
16:53:58     INFO -  Processing /builds/slave/test/build/tests/marionette/client
16:53:58     INFO -    Requirement already satisfied (use --upgrade to upgrade): marionette-driver==2.2.0 from file:///builds/slave/test/build/tests/marionette/client in /builds/slave/test/build/venv/lib/python2.7/site-packages (from -r /builds/slave/test/build/tests/config/marionette_requirements.txt (line 4))
16:53:58     INFO -  Processing /builds/slave/test/build/tests/marionette/harness/marionette_harness/runner/mixins/browsermob-proxy-py
16:53:58     INFO -    Requirement already satisfied (use --upgrade to upgrade): browsermob-proxy==0.6.0 from file:///builds/slave/test/build/tests/marionette/harness/marionette_harness/runner/mixins/browsermob-proxy-py in /builds/slave/test/build/venv/lib/python2.7/site-packages (from -r /builds/slave/test/build/tests/config/marionette_requirements.txt (line 5))
16:53:58     INFO -  Processing /builds/slave/test/build/tests/marionette/harness
16:53:59     INFO -    Requirement already satisfied (use --upgrade to upgrade): marionette-harness==4.0.0 from file:///builds/slave/test/build/tests/marionette/harness in /builds/slave/test/build/venv/lib/python2.7/site-packages (from -r /builds/slave/test/build/tests/config/marionette_requirements.txt (line 6))
16:53:59     INFO -  Processing /builds/slave/test/build/tests/marionette/puppeteer/firefox
16:53:59     INFO -    Requirement already satisfied (use --upgrade to upgrade): firefox-puppeteer==52.1.0 from file:///builds/slave/test/build/tests/marionette/puppeteer/firefox in /builds/slave/test/build/venv/lib/python2.7/site-packages (from -r /builds/slave/test/build/tests/config/marionette_requirements.txt (line 9))
16:53:59     INFO -  Requirement already satisfied (use --upgrade to upgrade): mozfile>=1.0 in /builds/slave/test/build/venv/lib/python2.7/site-packages (from mozcrash==1.0->-r /builds/slave/test/build/tests/config/mozbase_requirements.txt (line 2))
16:53:59     INFO -  Requirement already satisfied (use --upgrade to upgrade): mozlog>=3.0 in /builds/slave/test/build/venv/lib/python2.7/site-packages (from mozcrash==1.0->-r /builds/slave/test/build/tests/config/mozbase_requirements.txt (line 2))
16:53:59     INFO -  Requirement already satisfied (use --upgrade to upgrade): mozinfo in /builds/slave/test/build/venv/lib/python2.7/site-packages (from mozdebug==0.1->-r /builds/slave/test/build/tests/config/mozbase_requirements.txt (line 3))
16:53:59     INFO -  Requirement already satisfied (use --upgrade to upgrade): moznetwork>=0.24 in /builds/slave/test/build/venv/lib/python2.7/site-packages (from mozdevice==0.48->-r /builds/slave/test/build/tests/config/mozbase_requirements.txt (line 4))
16:53:59     INFO -  Requirement already satisfied (use --upgrade to upgrade): mozprocess>=0.19 in /builds/slave/test/build/venv/lib/python2.7/site-packages (from mozdevice==0.48->-r /builds/slave/test/build/tests/config/mozbase_requirements.txt (line 4))
16:53:59     INFO -  Collecting blessings>=1.3 (from mozlog==3.4->-r /builds/slave/test/build/tests/config/mozbase_requirements.txt (line 10))
16:53:59     INFO -  /builds/slave/test/build/venv/lib/python2.7/site-packages/pip/_vendor/requests/packages/urllib3/util/ssl_.py:318: SNIMissingWarning: An HTTPS request has been made, but the SNI (Subject Name Indication) extension to TLS is not available on this platform. This may cause the server to present an incorrect TLS certificate, which can cause validation failures. You can upgrade to a newer version of Python to solve this. For more information, see https://urllib3.readthedocs.org/en/latest/security.html#snimissingwarning.
16:53:59     INFO -    SNIMissingWarning
16:53:59     INFO -  /builds/slave/test/build/venv/lib/python2.7/site-packages/pip/_vendor/requests/packages/urllib3/util/ssl_.py:122: InsecurePlatformWarning: A true SSLContext object is not available. This prevents urllib3 from configuring SSL appropriately and may cause certain SSL connections to fail. You can upgrade to a newer version of Python to solve this. For more information, see https://urllib3.readthedocs.org/en/latest/security.html#insecureplatformwarning.
16:53:59     INFO -    InsecurePlatformWarning
16:54:01     INFO -  /builds/slave/test/build/venv/lib/python2.7/site-packages/pip/_vendor/requests/packages/urllib3/util/ssl_.py:122: InsecurePlatformWarning: A true SSLContext object is not available. This prevents urllib3 from configuring SSL appropriately and may cause certain SSL connections to fail. You can upgrade to a newer version of Python to solve this. For more information, see https://urllib3.readthedocs.org/en/latest/security.html#insecureplatformwarning.
16:54:01     INFO -    InsecurePlatformWarning
16:54:05     INFO -    Downloading https://pypi.pvt.build.mozilla.org/pub/blessings-1.6.tar.gz
16:54:05     INFO -  Requirement already satisfied (use --upgrade to upgrade): requests>=1.1.0 in /builds/slave/test/build/venv/lib/python2.7/site-packages (from browsermob-proxy==0.6.0->-r /builds/slave/test/build/tests/config/marionette_requirements.txt (line 5))
16:54:05     INFO -  Building wheels for collected packages: blessings, browsermob-proxy
16:54:05     INFO -    Running setup.py bdist_wheel for blessings: started
16:54:06     INFO -    Running setup.py bdist_wheel for blessings: finished with status 'done'
16:54:06     INFO -    Stored in directory: /home/cltbld/.cache/pip/wheels/fb/37/ae/c6b15ed5da2ead5847df54c8319487050d4dcc950c9795eae9
16:54:06     INFO -    Running setup.py bdist_wheel for browsermob-proxy: started
16:54:06     INFO -    Running setup.py bdist_wheel for browsermob-proxy: finished with status 'done'
16:54:06     INFO -    Stored in directory: /home/cltbld/.cache/pip/wheels/10/00/c1/79bb793b6a7eb4dca9dfd244010f550ae5044951bcd23c261e
16:54:06     INFO -  Successfully built blessings browsermob-proxy
16:54:06     INFO -  Installing collected packages: blessings
16:54:07     INFO -  Successfully installed blessings-1.6
16:54:07     INFO - Return code: 0
16:54:07     INFO - Done creating virtualenv /builds/slave/test/build/venv.
16:54:07     INFO - Getting output from command: ['/builds/slave/test/build/venv/bin/pip', 'freeze']
16:54:07     INFO - Copy/paste: /builds/slave/test/build/venv/bin/pip freeze
16:54:08     INFO - Reading from file tmpfile_stdout
16:54:08     INFO - Reading from file tmpfile_stderr
16:54:08     INFO - Current package versions:
16:54:08     INFO -   blessings == 1.6
16:54:08     INFO -   blobuploader == 1.2.4
16:54:08     INFO -   browsermob-proxy == 0.6.0
16:54:08     INFO -   docopt == 0.6.1
16:54:08     INFO -   firefox-puppeteer == 52.1.0
16:54:08     INFO -   functools32 == 3.2.3.post2
16:54:08     INFO -   jsonschema == 2.5.1
16:54:08     INFO -   manifestparser == 1.1
16:54:08     INFO -   marionette-driver == 2.2.0
16:54:08     INFO -   marionette-harness == 4.0.0
16:54:08     INFO -   mozInstall == 1.12
16:54:08     INFO -   mozcrash == 1.0
16:54:08     INFO -   mozdebug == 0.1
16:54:08     INFO -   mozdevice == 0.48
16:54:08     INFO -   mozfile == 1.2
16:54:08     INFO -   mozhttpd == 0.7
16:54:08     INFO -   mozinfo == 0.9
16:54:08     INFO -   mozleak == 0.1
16:54:08     INFO -   mozlog == 3.4
16:54:08     INFO -   moznetwork == 0.27
16:54:08     INFO -   mozprocess == 0.23
16:54:08     INFO -   mozprofile == 0.28
16:54:08     INFO -   mozrunner == 6.13
16:54:08     INFO -   mozscreenshot == 0.1
16:54:08     INFO -   mozsystemmonitor == 0.3
16:54:08     INFO -   moztest == 0.8
16:54:08     INFO -   mozversion == 1.4
16:54:08     INFO -   psutil == 5.4.3
16:54:08     INFO -   requests == 1.2.3
16:54:08     INFO -   wptserve == 1.4.0
16:54:08     INFO - Running post-action listener: _resource_record_post_action
16:54:08     INFO - Running post-action listener: _start_resource_monitoring
16:54:08     INFO - Starting resource monitoring.
16:54:08     INFO - [mozharness: 2018-06-08 23:54:08.624463Z] Finished create-virtualenv step (success)
16:54:08     INFO - [mozharness: 2018-06-08 23:54:08.626960Z] Running pull step.
16:54:08     INFO - Running pre-action listener: _resource_record_pre_action
16:54:08     INFO - Running main action method: pull
16:54:08     INFO - Pull has nothing to do!
16:54:08     INFO - Running post-action listener: _resource_record_post_action
16:54:08     INFO - [mozharness: 2018-06-08 23:54:08.633159Z] Finished pull step (success)
16:54:08     INFO - [mozharness: 2018-06-08 23:54:08.633583Z] Running install step.
16:54:08     INFO - Running pre-action listener: _resource_record_pre_action
16:54:08     INFO - Running main action method: install
16:54:08     INFO - Getting output from command: ['/builds/slave/test/build/venv/bin/pip', 'freeze']
16:54:08     INFO - Copy/paste: /builds/slave/test/build/venv/bin/pip freeze
16:54:09     INFO - Reading from file tmpfile_stdout
16:54:09     INFO - Reading from file tmpfile_stderr
16:54:09     INFO - Detecting whether we're running mozinstall >=1.0...
16:54:09     INFO - Getting output from command: ['/builds/slave/test/build/venv/bin/mozinstall', '-h']
16:54:09     INFO - Copy/paste: /builds/slave/test/build/venv/bin/mozinstall -h
16:54:09     INFO - Reading from file tmpfile_stdout
16:54:09     INFO - Output received:
16:54:09     INFO -  Usage: mozinstall [options] installer
16:54:09     INFO -  Options:
16:54:09     INFO -    -h, --help            show this help message and exit
16:54:09     INFO -    -d DEST, --destination=DEST
16:54:09     INFO -                          Directory to install application into. [default:
16:54:09     INFO -                          "/builds/slave/test"]
16:54:09     INFO -    --app=APP             Application being installed. [default: firefox]
16:54:09     INFO - mkdir: /builds/slave/test/build/application
16:54:09     INFO - Getting output from command: ['/builds/slave/test/build/venv/bin/mozinstall', '/builds/slave/test/build/firefox-52.8.2.en-US.linux-x86_64.tar.bz2', '--destination', '/builds/slave/test/build/application']
16:54:09     INFO - Copy/paste: /builds/slave/test/build/venv/bin/mozinstall /builds/slave/test/build/firefox-52.8.2.en-US.linux-x86_64.tar.bz2 --destination /builds/slave/test/build/application
16:54:32     INFO - Reading from file tmpfile_stdout
16:54:32     INFO - Output received:
16:54:32     INFO -  /builds/slave/test/build/application/firefox/firefox
16:54:32     INFO - Running post-action listener: _resource_record_post_action
16:54:32     INFO - [mozharness: 2018-06-08 23:54:32.148209Z] Finished install step (success)
16:54:32     INFO - [mozharness: 2018-06-08 23:54:32.148627Z] Running run-tests step.
16:54:32     INFO - Running pre-action listener: _resource_record_pre_action
16:54:32     INFO - Running main action method: run_tests
16:54:32     INFO - mkdir: /builds/slave/test/build/blobber_upload_dir
16:54:32     INFO - Minidump filename unknown. Determining based upon platform and architecture.
16:54:32     INFO - Minidump tooltool manifest unknown. Determining based upon platform and architecture.
16:54:32     INFO - grabbing minidump binary from tooltool
16:54:32     INFO - Downloading https://raw.githubusercontent.com/mozilla/build-tooltool/master/tooltool.py to /builds/slave/test/build/tooltool.py
16:54:32     INFO - retry: Calling _download_file with args: (), kwargs: {'url': 'https://raw.githubusercontent.com/mozilla/build-tooltool/master/tooltool.py', 'file_name': '/builds/slave/test/build/tooltool.py'}, attempt #1
16:54:32     INFO - Downloaded 38066 bytes.
16:54:32     INFO - Chmoding /builds/slave/test/build/tooltool.py to 0755
16:54:32     INFO - retry: Calling run_command with args: (['/tools/buildbot/bin/python', '/builds/slave/test/build/tooltool.py', '--url', 'https://api.pub.build.mozilla.org/tooltool/', '--authentication-file', '/builds/relengapi.tok', 'fetch', '-m', '/builds/slave/test/build/tests/config/tooltool-manifests/linux64/releng.manifest', '-o', '-c', '/builds/tooltool_cache'],), kwargs: {'output_timeout': 600, 'error_list': [{'substr': 'command not found', 'level': 'error'}, {'regex': <_sre.SRE_Pattern object at 0x2b3aa50>, 'level': 'warning'}, {'substr': 'Traceback (most recent call last)', 'level': 'error'}, {'substr': 'SyntaxError: ', 'level': 'error'}, {'substr': 'TypeError: ', 'level': 'error'}, {'substr': 'NameError: ', 'level': 'error'}, {'substr': 'ZeroDivisionError: ', 'level': 'error'}, {'regex': <_sre.SRE_Pattern object at 0x27e93b0>, 'level': 'critical'}, {'regex': <_sre.SRE_Pattern object at 0x2c29090>, 'level': 'critical'}, {'substr': 'ERROR - ', 'level': 'error'}], 'cwd': '/builds/slave/test/build', 'privileged': False}, attempt #1
16:54:32     INFO - Running command: ['/tools/buildbot/bin/python', '/builds/slave/test/build/tooltool.py', '--url', 'https://api.pub.build.mozilla.org/tooltool/', '--authentication-file', '/builds/relengapi.tok', 'fetch', '-m', '/builds/slave/test/build/tests/config/tooltool-manifests/linux64/releng.manifest', '-o', '-c', '/builds/tooltool_cache'] in /builds/slave/test/build
16:54:32     INFO - Copy/paste: /tools/buildbot/bin/python /builds/slave/test/build/tooltool.py --url https://api.pub.build.mozilla.org/tooltool/ --authentication-file /builds/relengapi.tok fetch -m /builds/slave/test/build/tests/config/tooltool-manifests/linux64/releng.manifest -o -c /builds/tooltool_cache
16:54:32     INFO - Calling ['/tools/buildbot/bin/python', '/builds/slave/test/build/tooltool.py', '--url', 'https://api.pub.build.mozilla.org/tooltool/', '--authentication-file', '/builds/relengapi.tok', 'fetch', '-m', '/builds/slave/test/build/tests/config/tooltool-manifests/linux64/releng.manifest', '-o', '-c', '/builds/tooltool_cache'] with output_timeout 600
16:54:32     INFO -  INFO - File linux64-minidump_stackwalk not present in local cache folder /builds/tooltool_cache
16:54:32     INFO -  INFO - Attempting to fetch from 'https://api.pub.build.mozilla.org/tooltool/'...
16:54:34     INFO -  INFO - File linux64-minidump_stackwalk fetched from https://api.pub.build.mozilla.org/tooltool/ as /builds/slave/test/build/tmp22ag8l
16:54:34     INFO -  INFO - File integrity verified, renaming tmp22ag8l to linux64-minidump_stackwalk
16:54:34     INFO -  INFO - Updating local cache /builds/tooltool_cache...
16:54:34     INFO -  INFO - Local cache /builds/tooltool_cache updated with linux64-minidump_stackwalk
16:54:34     INFO - Return code: 0
16:54:34     INFO - Chmoding /builds/slave/test/build/linux64-minidump_stackwalk to 0755
16:54:34     INFO - ENV: MINIDUMP_SAVE_PATH is now /builds/slave/test/build/blobber_upload_dir
16:54:34     INFO - Running command: ['/builds/slave/test/build/venv/bin/python', '-u', '/builds/slave/test/build/tests/web-platform/runtests.py', '--log-raw=-', '--log-raw=/builds/slave/test/build/blobber_upload_dir/wpt_raw.log', '--log-errorsummary=/builds/slave/test/build/blobber_upload_dir/wpt_errorsummary.log', '--binary=/builds/slave/test/build/application/firefox/firefox', '--symbols-path=https://queue.taskcluster.net/v1/task/I1iAdq48Sa60c5BCPWswkg/artifacts/public/build/firefox-52.8.2.en-US.linux-x86_64.crashreporter-symbols.zip', '--stackwalk-binary=/builds/slave/test/build/linux64-minidump_stackwalk', '--stackfix-dir=/builds/slave/test/build/tests/bin', '--test-type=testharness', '--disable-e10s', '--total-chunks=5', '--this-chunk=5', '--prefs-root=/builds/slave/test/build/tests/web-platform/prefs', '--processes=1', '--config=/builds/slave/test/build/tests/web-platform/wptrunner.ini', '--ca-cert-path=/builds/slave/test/build/tests/web-platform/certs/cacert.pem', '--host-key-path=/builds/slave/test/build/tests/web-platform/certs/web-platform.test.key', '--host-cert-path=/builds/slave/test/build/tests/web-platform/certs/web-platform.test.pem', '--certutil-binary=/builds/slave/test/build/tests/bin/certutil'] in /builds/slave/test/build
16:54:34     INFO - Copy/paste: /builds/slave/test/build/venv/bin/python -u /builds/slave/test/build/tests/web-platform/runtests.py --log-raw=- --log-raw=/builds/slave/test/build/blobber_upload_dir/wpt_raw.log --log-errorsummary=/builds/slave/test/build/blobber_upload_dir/wpt_errorsummary.log --binary=/builds/slave/test/build/application/firefox/firefox --symbols-path=https://queue.taskcluster.net/v1/task/I1iAdq48Sa60c5BCPWswkg/artifacts/public/build/firefox-52.8.2.en-US.linux-x86_64.crashreporter-symbols.zip --stackwalk-binary=/builds/slave/test/build/linux64-minidump_stackwalk --stackfix-dir=/builds/slave/test/build/tests/bin --test-type=testharness --disable-e10s --total-chunks=5 --this-chunk=5 --prefs-root=/builds/slave/test/build/tests/web-platform/prefs --processes=1 --config=/builds/slave/test/build/tests/web-platform/wptrunner.ini --ca-cert-path=/builds/slave/test/build/tests/web-platform/certs/cacert.pem --host-key-path=/builds/slave/test/build/tests/web-platform/certs/web-platform.test.key --host-cert-path=/builds/slave/test/build/tests/web-platform/certs/web-platform.test.pem --certutil-binary=/builds/slave/test/build/tests/bin/certutil
16:54:34     INFO - Using env: {'CCACHE_DIR': '/builds/ccache',
16:54:34     INFO -  'CCACHE_UMASK': '002',
16:54:34     INFO -  'DISPLAY': ':0',
16:54:34     INFO -  'HOME': '/home/cltbld',
16:54:34     INFO -  'LANG': 'en_US.UTF-8',
16:54:34     INFO -  'LOGNAME': 'cltbld',
16:54:34     INFO -  'MAIL': '/var/mail/cltbld',
16:54:34     INFO -  'MINIDUMP_SAVE_PATH': '/builds/slave/test/build/blobber_upload_dir',
16:54:34     INFO -  'MOZ_HIDE_RESULTS_TABLE': '1',
16:54:34     INFO -  'MOZ_NODE_PATH': '/usr/bin/node',
16:54:34     INFO -  'MOZ_NO_REMOTE': '1',
16:54:34     INFO -  'NODE_PATH': '/usr/lib/nodejs:/usr/lib/node_modules:/usr/share/javascript',
16:54:34     INFO -  'NO_FAIL_ON_TEST_ERRORS': '1',
16:54:34     INFO -  'PATH': '/builds/slave/test/build/venv/bin:/usr/local/bin:/usr/local/bin:/usr/bin:/bin:/usr/local/games:/usr/games',
16:54:34     INFO -  'PROPERTIES_FILE': '/builds/slave/test/buildprops.json',
16:54:34     INFO -  'PWD': '/builds/slave/test',
16:54:34     INFO -  'SHELL': '/bin/bash',
16:54:34     INFO -  'SHLVL': '1',
16:54:34     INFO -  'TERM': 'linux',
16:54:34     INFO -  'TMOUT': '86400',
16:54:34     INFO -  'USER': 'cltbld',
16:54:34     INFO -  'XDG_SESSION_COOKIE': '9ca12473fbb1d023794ffd180000023c-1528501919.262563-915233292',
16:54:34     INFO -  '_': '/tools/buildbot/bin/python'}
16:54:34     INFO - Calling ['/builds/slave/test/build/venv/bin/python', '-u', '/builds/slave/test/build/tests/web-platform/runtests.py', '--log-raw=-', '--log-raw=/builds/slave/test/build/blobber_upload_dir/wpt_raw.log', '--log-errorsummary=/builds/slave/test/build/blobber_upload_dir/wpt_errorsummary.log', '--binary=/builds/slave/test/build/application/firefox/firefox', '--symbols-path=https://queue.taskcluster.net/v1/task/I1iAdq48Sa60c5BCPWswkg/artifacts/public/build/firefox-52.8.2.en-US.linux-x86_64.crashreporter-symbols.zip', '--stackwalk-binary=/builds/slave/test/build/linux64-minidump_stackwalk', '--stackfix-dir=/builds/slave/test/build/tests/bin', '--test-type=testharness', '--disable-e10s', '--total-chunks=5', '--this-chunk=5', '--prefs-root=/builds/slave/test/build/tests/web-platform/prefs', '--processes=1', '--config=/builds/slave/test/build/tests/web-platform/wptrunner.ini', '--ca-cert-path=/builds/slave/test/build/tests/web-platform/certs/cacert.pem', '--host-key-path=/builds/slave/test/build/tests/web-platform/certs/web-platform.test.key', '--host-cert-path=/builds/slave/test/build/tests/web-platform/certs/web-platform.test.pem', '--certutil-binary=/builds/slave/test/build/tests/bin/certutil'] with output_timeout 1000
16:54:35     INFO - STDERR: Opening manifest at /builds/slave/test/build/tests/web-platform/meta/MANIFEST.json
16:54:36     INFO - STDERR: Opening manifest at /builds/slave/test/build/tests/web-platform/mozilla/meta/MANIFEST.json
16:54:49     INFO - Using 1 client processes
16:54:50     INFO - wptserve Starting http server on 127.0.0.1:8000
16:54:50     INFO - wptserve Starting http server on 127.0.0.1:8001
16:54:50     INFO - wptserve Starting http server on 127.0.0.1:8443
16:54:52     INFO - SUITE-START | Running 1054 tests
16:54:52     INFO - Running testharness tests
16:54:52     INFO - TEST-START | /battery-status/battery-promise-iframe.html
16:54:52     INFO - TEST-SKIP | /battery-status/battery-promise-iframe.html | took 0ms
16:54:52     INFO - TEST-START | /battery-status/battery-promise-window.html
16:54:52     INFO - TEST-SKIP | /battery-status/battery-promise-window.html | took 1ms
16:54:52     INFO - TEST-START | /battery-status/battery-promise.html
16:54:52     INFO - TEST-SKIP | /battery-status/battery-promise.html | took 0ms
16:54:52     INFO - TEST-START | /dom/nodes/Document-contentType/contentType/contenttype_bmp.html
16:54:52     INFO - TEST-SKIP | /dom/nodes/Document-contentType/contentType/contenttype_bmp.html | took 1ms
16:54:52     INFO - TEST-START | /html/editing/focus/focus-management/focus-event-targets-simple.html
16:54:52     INFO - TEST-SKIP | /html/editing/focus/focus-management/focus-event-targets-simple.html | took 0ms
16:54:52     INFO - TEST-START | /html/infrastructure/urls/resolving-urls/query-encoding/utf-16be.html
16:54:52     INFO - TEST-SKIP | /html/infrastructure/urls/resolving-urls/query-encoding/utf-16be.html | took 1ms
16:54:52     INFO - TEST-START | /html/infrastructure/urls/resolving-urls/query-encoding/utf-16le.html
16:54:52     INFO - TEST-SKIP | /html/infrastructure/urls/resolving-urls/query-encoding/utf-16le.html | took 0ms
16:54:52     INFO - TEST-START | /html/infrastructure/urls/resolving-urls/query-encoding/utf-8.html
16:54:52     INFO - TEST-SKIP | /html/infrastructure/urls/resolving-urls/query-encoding/utf-8.html | took 1ms
16:54:52     INFO - TEST-START | /html/infrastructure/urls/resolving-urls/query-encoding/windows-1251.html
16:54:52     INFO - TEST-SKIP | /html/infrastructure/urls/resolving-urls/query-encoding/windows-1251.html | took 0ms
16:54:52     INFO - TEST-START | /html/infrastructure/urls/resolving-urls/query-encoding/windows-1252.html
16:54:52     INFO - TEST-SKIP | /html/infrastructure/urls/resolving-urls/query-encoding/windows-1252.html | took 0ms
16:54:52     INFO - TEST-START | /mixed-content/blockable/http-csp/same-host-http/form-tag/top-level/no-redirect/opt-in-blocks.https.html
16:54:52     INFO - TEST-SKIP | /mixed-content/blockable/http-csp/same-host-http/form-tag/top-level/no-redirect/opt-in-blocks.https.html | took 0ms
16:54:52     INFO - TEST-START | /mixed-content/blockable/no-opt-in/same-host-http/form-tag/top-level/keep-scheme-redirect/no-opt-in-blocks.https.html
16:54:52     INFO - TEST-SKIP | /mixed-content/blockable/no-opt-in/same-host-http/form-tag/top-level/keep-scheme-redirect/no-opt-in-blocks.https.html | took 0ms
16:54:52     INFO - TEST-START | /mixed-content/blockable/no-opt-in/same-host-http/form-tag/top-level/no-redirect/no-opt-in-blocks.https.html
16:54:52     INFO - TEST-SKIP | /mixed-content/blockable/no-opt-in/same-host-http/form-tag/top-level/no-redirect/no-opt-in-blocks.https.html | took 0ms
16:54:52     INFO - TEST-START | /referrer-policy/no-referrer/meta-referrer/cross-origin/http-http/img-tag/generic.keep-origin-redirect.http.html
16:54:52     INFO - TEST-SKIP | /referrer-policy/no-referrer/meta-referrer/cross-origin/http-http/img-tag/generic.keep-origin-redirect.http.html | took 1ms
16:54:52     INFO - TEST-START | /referrer-policy/no-referrer/meta-referrer/cross-origin/http-http/img-tag/generic.no-redirect.http.html
16:54:52     INFO - TEST-SKIP | /referrer-policy/no-referrer/meta-referrer/cross-origin/http-http/img-tag/generic.no-redirect.http.html | took 0ms
16:54:52     INFO - TEST-START | /referrer-policy/no-referrer/meta-referrer/cross-origin/http-http/img-tag/generic.swap-origin-redirect.http.html
16:54:52     INFO - TEST-SKIP | /referrer-policy/no-referrer/meta-referrer/cross-origin/http-http/img-tag/generic.swap-origin-redirect.http.html | took 0ms
16:54:52     INFO - TEST-START | /referrer-policy/no-referrer/meta-referrer/cross-origin/http-https/img-tag/generic.keep-origin-redirect.http.html
16:54:52     INFO - TEST-SKIP | /referrer-policy/no-referrer/meta-referrer/cross-origin/http-https/img-tag/generic.keep-origin-redirect.http.html | took 0ms
16:54:52     INFO - TEST-START | /referrer-policy/no-referrer/meta-referrer/cross-origin/http-https/img-tag/generic.no-redirect.http.html
16:54:52     INFO - TEST-SKIP | /referrer-policy/no-referrer/meta-referrer/cross-origin/http-https/img-tag/generic.no-redirect.http.html | took 7ms
16:54:52     INFO - TEST-START | /referrer-policy/no-referrer/meta-referrer/cross-origin/http-https/img-tag/generic.swap-origin-redirect.http.html
16:54:52     INFO - TEST-SKIP | /referrer-policy/no-referrer/meta-referrer/cross-origin/http-https/img-tag/generic.swap-origin-redirect.http.html | took 0ms
16:54:52     INFO - TEST-START | /referrer-policy/origin-when-cross-origin/meta-referrer/same-origin/http-http/img-tag/same-origin-insecure.keep-origin-redirect.http.html
16:54:52     INFO - TEST-SKIP | /referrer-policy/origin-when-cross-origin/meta-referrer/same-origin/http-http/img-tag/same-origin-insecure.keep-origin-redirect.http.html | took 0ms
16:54:52     INFO - TEST-START | /referrer-policy/origin-when-cross-origin/meta-referrer/same-origin/http-http/img-tag/same-origin-insecure.no-redirect.http.html
16:54:52     INFO - TEST-SKIP | /referrer-policy/origin-when-cross-origin/meta-referrer/same-origin/http-http/img-tag/same-origin-insecure.no-redirect.http.html | took 0ms
16:54:52     INFO - TEST-START | /referrer-policy/origin-when-cross-origin/meta-referrer/same-origin/http-http/img-tag/same-origin-insecure.swap-origin-redirect.http.html
16:54:52     INFO - TEST-SKIP | /referrer-policy/origin-when-cross-origin/meta-referrer/same-origin/http-http/img-tag/same-origin-insecure.swap-origin-redirect.http.html | took 1ms
16:54:52     INFO - TEST-START | /referrer-policy/origin-when-cross-origin/meta-referrer/same-origin/http-https/img-tag/same-origin-downgrade.keep-origin-redirect.http.html
16:54:52     INFO - TEST-SKIP | /referrer-policy/origin-when-cross-origin/meta-referrer/same-origin/http-https/img-tag/same-origin-downgrade.keep-origin-redirect.http.html | took 0ms
16:54:52     INFO - TEST-START | /referrer-policy/origin-when-cross-origin/meta-referrer/same-origin/http-https/img-tag/same-origin-downgrade.no-redirect.http.html
16:54:52     INFO - TEST-SKIP | /referrer-policy/origin-when-cross-origin/meta-referrer/same-origin/http-https/img-tag/same-origin-downgrade.no-redirect.http.html | took 1ms
16:54:52     INFO - TEST-START | /referrer-policy/origin-when-cross-origin/meta-referrer/same-origin/http-https/img-tag/same-origin-downgrade.swap-origin-redirect.http.html
16:54:52     INFO - TEST-SKIP | /referrer-policy/origin-when-cross-origin/meta-referrer/same-origin/http-https/img-tag/same-origin-downgrade.swap-origin-redirect.http.html | took 0ms
16:54:52     INFO - TEST-START | /referrer-policy/origin-when-cross-origin/meta-referrer/same-origin/http-https/img-tag/same-origin-insecure.swap-origin-redirect.http.html
16:54:52     INFO - TEST-SKIP | /referrer-policy/origin-when-cross-origin/meta-referrer/same-origin/http-https/img-tag/same-origin-insecure.swap-origin-redirect.http.html | took 0ms
16:54:52     INFO - TEST-START | /referrer-policy/origin-when-cross-origin/meta-referrer/same-origin/http-https/img-tag/same-origin-upgrade.keep-origin-redirect.http.html
16:54:52     INFO - TEST-SKIP | /referrer-policy/origin-when-cross-origin/meta-referrer/same-origin/http-https/img-tag/same-origin-upgrade.keep-origin-redirect.http.html | took 0ms
16:54:52     INFO - TEST-START | /referrer-policy/origin-when-cross-origin/meta-referrer/same-origin/http-https/img-tag/same-origin-upgrade.no-redirect.http.html
16:54:52     INFO - TEST-SKIP | /referrer-policy/origin-when-cross-origin/meta-referrer/same-origin/http-https/img-tag/same-origin-upgrade.no-redirect.http.html | took 0ms
16:54:52     INFO - TEST-START | /referrer-policy/origin-when-cross-origin/meta-referrer/same-origin/http-https/img-tag/same-origin-upgrade.swap-origin-redirect.http.html
16:54:52     INFO - TEST-SKIP | /referrer-policy/origin-when-cross-origin/meta-referrer/same-origin/http-https/img-tag/same-origin-upgrade.swap-origin-redirect.http.html | took 1ms
16:54:52     INFO - TEST-START | /referrer-policy/strict-origin-when-cross-origin/http-rp/cross-origin/http-http/iframe-tag/cross-insecure.keep-origin-redirect.http.html
16:54:52     INFO - TEST-SKIP | /referrer-policy/strict-origin-when-cross-origin/http-rp/cross-origin/http-http/iframe-tag/cross-insecure.keep-origin-redirect.http.html | took 0ms
16:54:52     INFO - TEST-START | /referrer-policy/strict-origin-when-cross-origin/http-rp/cross-origin/http-http/iframe-tag/cross-insecure.no-redirect.http.html
16:54:52     INFO - TEST-SKIP | /referrer-policy/strict-origin-when-cross-origin/http-rp/cross-origin/http-http/iframe-tag/cross-insecure.no-redirect.http.html | took 1ms
16:54:52     INFO - TEST-START | /referrer-policy/strict-origin-when-cross-origin/http-rp/cross-origin/http-http/iframe-tag/cross-insecure.swap-origin-redirect.http.html
16:54:52     INFO - TEST-SKIP | /referrer-policy/strict-origin-when-cross-origin/http-rp/cross-origin/http-http/iframe-tag/cross-insecure.swap-origin-redirect.http.html | took 0ms
16:54:52     INFO - TEST-START | /referrer-policy/strict-origin-when-cross-origin/http-rp/cross-origin/http-http/img-tag/cross-insecure.keep-origin-redirect.http.html
16:54:52     INFO - TEST-SKIP | /referrer-policy/strict-origin-when-cross-origin/http-rp/cross-origin/http-http/img-tag/cross-insecure.keep-origin-redirect.http.html | took 7ms
16:54:52     INFO - TEST-START | /referrer-policy/strict-origin-when-cross-origin/http-rp/cross-origin/http-http/img-tag/cross-insecure.no-redirect.http.html
16:54:52     INFO - TEST-SKIP | /referrer-policy/strict-origin-when-cross-origin/http-rp/cross-origin/http-http/img-tag/cross-insecure.no-redirect.http.html | took 0ms
16:54:52     INFO - TEST-START | /referrer-policy/strict-origin-when-cross-origin/http-rp/cross-origin/http-http/img-tag/cross-insecure.swap-origin-redirect.http.html
16:54:52     INFO - TEST-SKIP | /referrer-policy/strict-origin-when-cross-origin/http-rp/cross-origin/http-http/img-tag/cross-insecure.swap-origin-redirect.http.html | took 0ms
16:54:52     INFO - TEST-START | /referrer-policy/strict-origin-when-cross-origin/http-rp/cross-origin/http-https/img-tag/upgrade-protocol.keep-origin-redirect.http.html
16:54:52     INFO - TEST-SKIP | /referrer-policy/strict-origin-when-cross-origin/http-rp/cross-origin/http-https/img-tag/upgrade-protocol.keep-origin-redirect.http.html | took 0ms
16:54:52     INFO - TEST-START | /referrer-policy/strict-origin-when-cross-origin/http-rp/cross-origin/http-https/img-tag/upgrade-protocol.no-redirect.http.html
16:54:52     INFO - TEST-SKIP | /referrer-policy/strict-origin-when-cross-origin/http-rp/cross-origin/http-https/img-tag/upgrade-protocol.no-redirect.http.html | took 0ms
16:54:52     INFO - TEST-START | /referrer-policy/strict-origin-when-cross-origin/http-rp/cross-origin/http-https/img-tag/upgrade-protocol.swap-origin-redirect.http.html
16:54:52     INFO - TEST-SKIP | /referrer-policy/strict-origin-when-cross-origin/http-rp/cross-origin/http-https/img-tag/upgrade-protocol.swap-origin-redirect.http.html | took 1ms
16:54:52     INFO - TEST-START | /referrer-policy/strict-origin-when-cross-origin/http-rp/same-origin/http-http/iframe-tag/same-insecure.keep-origin-redirect.http.html
16:54:52     INFO - TEST-SKIP | /referrer-policy/strict-origin-when-cross-origin/http-rp/same-origin/http-http/iframe-tag/same-insecure.keep-origin-redirect.http.html | took 0ms
16:54:52     INFO - TEST-START | /referrer-policy/strict-origin-when-cross-origin/http-rp/same-origin/http-http/iframe-tag/same-insecure.no-redirect.http.html
16:54:52     INFO - TEST-SKIP | /referrer-policy/strict-origin-when-cross-origin/http-rp/same-origin/http-http/iframe-tag/same-insecure.no-redirect.http.html | took 1ms
16:54:52     INFO - TEST-START | /referrer-policy/strict-origin-when-cross-origin/http-rp/same-origin/http-http/iframe-tag/same-insecure.swap-origin-redirect.http.html
16:54:52     INFO - TEST-SKIP | /referrer-policy/strict-origin-when-cross-origin/http-rp/same-origin/http-http/iframe-tag/same-insecure.swap-origin-redirect.http.html | took 0ms
16:54:52     INFO - TEST-START | /referrer-policy/strict-origin-when-cross-origin/http-rp/same-origin/http-http/script-tag/same-insecure.keep-origin-redirect.http.html
16:54:52     INFO - TEST-SKIP | /referrer-policy/strict-origin-when-cross-origin/http-rp/same-origin/http-http/script-tag/same-insecure.keep-origin-redirect.http.html | took 0ms
16:54:52     INFO - TEST-START | /referrer-policy/strict-origin-when-cross-origin/http-rp/same-origin/http-http/script-tag/same-insecure.no-redirect.http.html
16:54:52     INFO - TEST-SKIP | /referrer-policy/strict-origin-when-cross-origin/http-rp/same-origin/http-http/script-tag/same-insecure.no-redirect.http.html | took 0ms
16:54:52     INFO - TEST-START | /referrer-policy/strict-origin-when-cross-origin/http-rp/same-origin/http-http/script-tag/same-insecure.swap-origin-redirect.http.html
16:54:52     INFO - TEST-SKIP | /referrer-policy/strict-origin-when-cross-origin/http-rp/same-origin/http-http/script-tag/same-insecure.swap-origin-redirect.http.html | took 0ms
16:54:52     INFO - TEST-START | /referrer-policy/strict-origin-when-cross-origin/http-rp/same-origin/http-https/iframe-tag/upgrade-protocol.keep-origin-redirect.http.html
16:54:52     INFO - TEST-SKIP | /referrer-policy/strict-origin-when-cross-origin/http-rp/same-origin/http-https/iframe-tag/upgrade-protocol.keep-origin-redirect.http.html | took 1ms
16:54:52     INFO - TEST-START | /referrer-policy/strict-origin-when-cross-origin/http-rp/same-origin/http-https/iframe-tag/upgrade-protocol.no-redirect.http.html
16:54:52     INFO - TEST-SKIP | /referrer-policy/strict-origin-when-cross-origin/http-rp/same-origin/http-https/iframe-tag/upgrade-protocol.no-redirect.http.html | took 0ms
16:54:52     INFO - TEST-START | /referrer-policy/strict-origin-when-cross-origin/http-rp/same-origin/http-https/iframe-tag/upgrade-protocol.swap-origin-redirect.http.html
16:54:52     INFO - TEST-SKIP | /referrer-policy/strict-origin-when-cross-origin/http-rp/same-origin/http-https/iframe-tag/upgrade-protocol.swap-origin-redirect.http.html | took 1ms
16:54:52     INFO - TEST-START | /referrer-policy/strict-origin-when-cross-origin/http-rp/same-origin/http-https/xhr-request/upgrade-protocol.keep-origin-redirect.http.html
16:54:52     INFO - TEST-SKIP | /referrer-policy/strict-origin-when-cross-origin/http-rp/same-origin/http-https/xhr-request/upgrade-protocol.keep-origin-redirect.http.html | took 7ms
16:54:52     INFO - TEST-START | /referrer-policy/strict-origin-when-cross-origin/http-rp/same-origin/http-https/xhr-request/upgrade-protocol.no-redirect.http.html
16:54:52     INFO - TEST-SKIP | /referrer-policy/strict-origin-when-cross-origin/http-rp/same-origin/http-https/xhr-request/upgrade-protocol.no-redirect.http.html | took 0ms
16:54:52     INFO - TEST-START | /referrer-policy/strict-origin-when-cross-origin/http-rp/same-origin/http-https/xhr-request/upgrade-protocol.swap-origin-redirect.http.html
16:54:52     INFO - TEST-SKIP | /referrer-policy/strict-origin-when-cross-origin/http-rp/same-origin/http-https/xhr-request/upgrade-protocol.swap-origin-redirect.http.html | took 0ms
16:54:52     INFO - TEST-START | /referrer-policy/strict-origin-when-cross-origin/meta-referrer/cross-origin/http-http/iframe-tag/cross-insecure.keep-origin-redirect.http.html
16:54:52     INFO - TEST-SKIP | /referrer-policy/strict-origin-when-cross-origin/meta-referrer/cross-origin/http-http/iframe-tag/cross-insecure.keep-origin-redirect.http.html | took 0ms
16:54:52     INFO - TEST-START | /referrer-policy/strict-origin-when-cross-origin/meta-referrer/cross-origin/http-http/iframe-tag/cross-insecure.no-redirect.http.html
16:54:52     INFO - TEST-SKIP | /referrer-policy/strict-origin-when-cross-origin/meta-referrer/cross-origin/http-http/iframe-tag/cross-insecure.no-redirect.http.html | took 1ms
16:54:52     INFO - TEST-START | /referrer-policy/strict-origin-when-cross-origin/meta-referrer/cross-origin/http-http/iframe-tag/cross-insecure.swap-origin-redirect.http.html
16:54:52     INFO - TEST-SKIP | /referrer-policy/strict-origin-when-cross-origin/meta-referrer/cross-origin/http-http/iframe-tag/cross-insecure.swap-origin-redirect.http.html | took 0ms
16:54:52     INFO - TEST-START | /referrer-policy/strict-origin-when-cross-origin/meta-referrer/cross-origin/http-https/script-tag/upgrade-protocol.keep-origin-redirect.http.html
16:54:52     INFO - TEST-SKIP | /referrer-policy/strict-origin-when-cross-origin/meta-referrer/cross-origin/http-https/script-tag/upgrade-protocol.keep-origin-redirect.http.html | took 0ms
16:54:52     INFO - TEST-START | /referrer-policy/strict-origin-when-cross-origin/meta-referrer/cross-origin/http-https/script-tag/upgrade-protocol.no-redirect.http.html
16:54:52     INFO - TEST-SKIP | /referrer-policy/strict-origin-when-cross-origin/meta-referrer/cross-origin/http-https/script-tag/upgrade-protocol.no-redirect.http.html | took 7ms
16:54:52     INFO - TEST-START | /referrer-policy/strict-origin-when-cross-origin/meta-referrer/cross-origin/http-https/script-tag/upgrade-protocol.swap-origin-redirect.http.html
16:54:52     INFO - TEST-SKIP | /referrer-policy/strict-origin-when-cross-origin/meta-referrer/cross-origin/http-https/script-tag/upgrade-protocol.swap-origin-redirect.http.html | took 1ms
16:54:52     INFO - TEST-START | /referrer-policy/strict-origin/attr-referrer/cross-origin/http-https/iframe-tag/upgrade-protocol.keep-origin-redirect.http.html
16:54:52     INFO - TEST-SKIP | /referrer-policy/strict-origin/attr-referrer/cross-origin/http-https/iframe-tag/upgrade-protocol.keep-origin-redirect.http.html | took 0ms
16:54:52     INFO - TEST-START | /referrer-policy/strict-origin/attr-referrer/cross-origin/http-https/iframe-tag/upgrade-protocol.no-redirect.http.html
16:54:52     INFO - TEST-SKIP | /referrer-policy/strict-origin/attr-referrer/cross-origin/http-https/iframe-tag/upgrade-protocol.no-redirect.http.html | took 1ms
16:54:52     INFO - TEST-START | /referrer-policy/strict-origin/attr-referrer/cross-origin/http-https/iframe-tag/upgrade-protocol.swap-origin-redirect.http.html
16:54:52     INFO - TEST-SKIP | /referrer-policy/strict-origin/attr-referrer/cross-origin/http-https/iframe-tag/upgrade-protocol.swap-origin-redirect.http.html | took 0ms
16:54:52     INFO - TEST-START | /referrer-policy/strict-origin/attr-referrer/same-origin/http-http/img-tag/insecure-protocol.keep-origin-redirect.http.html
16:54:52     INFO - TEST-SKIP | /referrer-policy/strict-origin/attr-referrer/same-origin/http-http/img-tag/insecure-protocol.keep-origin-redirect.http.html | took 0ms
16:54:52     INFO - TEST-START | /referrer-policy/strict-origin/attr-referrer/same-origin/http-http/img-tag/insecure-protocol.no-redirect.http.html
16:54:52     INFO - TEST-SKIP | /referrer-policy/strict-origin/attr-referrer/same-origin/http-http/img-tag/insecure-protocol.no-redirect.http.html | took 0ms
16:54:52     INFO - TEST-START | /referrer-policy/strict-origin/attr-referrer/same-origin/http-http/img-tag/insecure-protocol.swap-origin-redirect.http.html
16:54:52     INFO - TEST-SKIP | /referrer-policy/strict-origin/attr-referrer/same-origin/http-http/img-tag/insecure-protocol.swap-origin-redirect.http.html | took 0ms
16:54:52     INFO - TEST-START | /referrer-policy/strict-origin/http-rp/cross-origin/http-http/script-tag/insecure-protocol.keep-origin-redirect.http.html
16:54:52     INFO - TEST-SKIP | /referrer-policy/strict-origin/http-rp/cross-origin/http-http/script-tag/insecure-protocol.keep-origin-redirect.http.html | took 1ms
16:54:52     INFO - TEST-START | /referrer-policy/strict-origin/http-rp/cross-origin/http-http/script-tag/insecure-protocol.no-redirect.http.html
16:54:52     INFO - TEST-SKIP | /referrer-policy/strict-origin/http-rp/cross-origin/http-http/script-tag/insecure-protocol.no-redirect.http.html | took 0ms
16:54:52     INFO - TEST-START | /referrer-policy/strict-origin/http-rp/cross-origin/http-http/script-tag/insecure-protocol.swap-origin-redirect.http.html
16:54:52     INFO - TEST-SKIP | /referrer-policy/strict-origin/http-rp/cross-origin/http-http/script-tag/insecure-protocol.swap-origin-redirect.http.html | took 1ms
16:54:52     INFO - TEST-START | /referrer-policy/strict-origin/meta-referrer/cross-origin/http-http/iframe-tag/insecure-protocol.keep-origin-redirect.http.html
16:54:52     INFO - TEST-SKIP | /referrer-policy/strict-origin/meta-referrer/cross-origin/http-http/iframe-tag/insecure-protocol.keep-origin-redirect.http.html | took 0ms
16:54:52     INFO - TEST-START | /referrer-policy/strict-origin/meta-referrer/cross-origin/http-http/iframe-tag/insecure-protocol.no-redirect.http.html
16:54:52     INFO - TEST-SKIP | /referrer-policy/strict-origin/meta-referrer/cross-origin/http-http/iframe-tag/insecure-protocol.no-redirect.http.html | took 0ms
16:54:52     INFO - TEST-START | /referrer-policy/strict-origin/meta-referrer/cross-origin/http-http/iframe-tag/insecure-protocol.swap-origin-redirect.http.html
16:54:52     INFO - TEST-SKIP | /referrer-policy/strict-origin/meta-referrer/cross-origin/http-http/iframe-tag/insecure-protocol.swap-origin-redirect.http.html | took 0ms
16:54:52     INFO - TEST-START | /referrer-policy/strict-origin/meta-referrer/cross-origin/http-http/xhr-request/insecure-protocol.keep-origin-redirect.http.html
16:54:52     INFO - TEST-SKIP | /referrer-policy/strict-origin/meta-referrer/cross-origin/http-http/xhr-request/insecure-protocol.keep-origin-redirect.http.html | took 0ms
16:54:52     INFO - TEST-START | /referrer-policy/strict-origin/meta-referrer/cross-origin/http-http/xhr-request/insecure-protocol.no-redirect.http.html
16:54:52     INFO - TEST-SKIP | /referrer-policy/strict-origin/meta-referrer/cross-origin/http-http/xhr-request/insecure-protocol.no-redirect.http.html | took 7ms
16:54:52     INFO - TEST-START | /referrer-policy/strict-origin/meta-referrer/cross-origin/http-http/xhr-request/insecure-protocol.swap-origin-redirect.http.html
16:54:52     INFO - TEST-SKIP | /referrer-policy/strict-origin/meta-referrer/cross-origin/http-http/xhr-request/insecure-protocol.swap-origin-redirect.http.html | took 0ms
16:54:52     INFO - TEST-START | /referrer-policy/strict-origin/meta-referrer/cross-origin/http-https/iframe-tag/upgrade-protocol.keep-origin-redirect.http.html
16:54:52     INFO - TEST-SKIP | /referrer-policy/strict-origin/meta-referrer/cross-origin/http-https/iframe-tag/upgrade-protocol.keep-origin-redirect.http.html | took 1ms
16:54:52     INFO - TEST-START | /referrer-policy/strict-origin/meta-referrer/cross-origin/http-https/iframe-tag/upgrade-protocol.no-redirect.http.html
16:54:52     INFO - TEST-SKIP | /referrer-policy/strict-origin/meta-referrer/cross-origin/http-https/iframe-tag/upgrade-protocol.no-redirect.http.html | took 0ms
16:54:52     INFO - TEST-START | /referrer-policy/strict-origin/meta-referrer/cross-origin/http-https/iframe-tag/upgrade-protocol.swap-origin-redirect.http.html
16:54:52     INFO - TEST-SKIP | /referrer-policy/strict-origin/meta-referrer/cross-origin/http-https/iframe-tag/upgrade-protocol.swap-origin-redirect.http.html | took 1ms
16:54:52     INFO - TEST-START | /referrer-policy/strict-origin/meta-referrer/same-origin/http-https/iframe-tag/upgrade-protocol.keep-origin-redirect.http.html
16:54:52     INFO - TEST-SKIP | /referrer-policy/strict-origin/meta-referrer/same-origin/http-https/iframe-tag/upgrade-protocol.keep-origin-redirect.http.html | took 0ms
16:54:52     INFO - TEST-START | /referrer-policy/strict-origin/meta-referrer/same-origin/http-https/iframe-tag/upgrade-protocol.no-redirect.http.html
16:54:52     INFO - TEST-SKIP | /referrer-policy/strict-origin/meta-referrer/same-origin/http-https/iframe-tag/upgrade-protocol.no-redirect.http.html | took 0ms
16:54:52     INFO - TEST-START | /referrer-policy/strict-origin/meta-referrer/same-origin/http-https/iframe-tag/upgrade-protocol.swap-origin-redirect.http.html
16:54:52     INFO - TEST-SKIP | /referrer-policy/strict-origin/meta-referrer/same-origin/http-https/iframe-tag/upgrade-protocol.swap-origin-redirect.http.html | took 0ms
16:54:52     INFO - TEST-START | /referrer-policy/unsafe-url/meta-referrer/same-origin/http-https/img-tag/generic.keep-origin-redirect.http.html
16:54:52     INFO - TEST-SKIP | /referrer-policy/unsafe-url/meta-referrer/same-origin/http-https/img-tag/generic.keep-origin-redirect.http.html | took 0ms
16:54:52     INFO - TEST-START | /referrer-policy/unsafe-url/meta-referrer/same-origin/http-https/img-tag/generic.no-redirect.http.html
16:54:52     INFO - TEST-SKIP | /referrer-policy/unsafe-url/meta-referrer/same-origin/http-https/img-tag/generic.no-redirect.http.html | took 0ms
16:54:52     INFO - TEST-START | /referrer-policy/unsafe-url/meta-referrer/same-origin/http-https/img-tag/generic.swap-origin-redirect.http.html
16:54:52     INFO - TEST-SKIP | /referrer-policy/unsafe-url/meta-referrer/same-origin/http-https/img-tag/generic.swap-origin-redirect.http.html | took 0ms
16:54:52     INFO - TEST-START | /referrer-policy/unset-referrer-policy/meta-referrer/same-origin/http-https/img-tag/upgrade-protocol.keep-origin-redirect.http.html
16:54:52     INFO - TEST-SKIP | /referrer-policy/unset-referrer-policy/meta-referrer/same-origin/http-https/img-tag/upgrade-protocol.keep-origin-redirect.http.html | took 0ms
16:54:52     INFO - TEST-START | /referrer-policy/unset-referrer-policy/meta-referrer/same-origin/http-https/img-tag/upgrade-protocol.no-redirect.http.html
16:54:52     INFO - TEST-SKIP | /referrer-policy/unset-referrer-policy/meta-referrer/same-origin/http-https/img-tag/upgrade-protocol.no-redirect.http.html | took 0ms
16:54:52     INFO - TEST-START | /referrer-policy/unset-referrer-policy/meta-referrer/same-origin/http-https/img-tag/upgrade-protocol.swap-origin-redirect.http.html
16:54:52     INFO - TEST-SKIP | /referrer-policy/unset-referrer-policy/meta-referrer/same-origin/http-https/img-tag/upgrade-protocol.swap-origin-redirect.http.html | took 1ms
16:54:52     INFO - TEST-START | /webgl/conformance-1.0.3/conformance/buffers/buffer-bind-test.html
16:54:52     INFO - TEST-SKIP | /webgl/conformance-1.0.3/conformance/buffers/buffer-bind-test.html | took 0ms
16:54:52     INFO - TEST-START | /webgl/conformance-1.0.3/conformance/buffers/buffer-data-array-buffer-delete.html
16:54:52     INFO - TEST-SKIP | /webgl/conformance-1.0.3/conformance/buffers/buffer-data-array-buffer-delete.html | took 0ms
16:54:52     INFO - TEST-START | /webgl/conformance-1.0.3/conformance/buffers/buffer-data-array-buffer.html
16:54:52     INFO - TEST-SKIP | /webgl/conformance-1.0.3/conformance/buffers/buffer-data-array-buffer.html | took 1ms
16:54:52     INFO - TEST-START | /webgl/conformance-1.0.3/conformance/buffers/element-array-buffer-delete-recreate.html
16:54:52     INFO - TEST-SKIP | /webgl/conformance-1.0.3/conformance/buffers/element-array-buffer-delete-recreate.html | took 0ms
16:54:52     INFO - TEST-START | /webgl/conformance-1.0.3/conformance/buffers/index-validation-copies-indices.html
16:54:52     INFO - TEST-SKIP | /webgl/conformance-1.0.3/conformance/buffers/index-validation-copies-indices.html | took 1ms
16:54:52     INFO - TEST-START | /webgl/conformance-1.0.3/conformance/buffers/index-validation-crash-with-buffer-sub-data.html
16:54:52     INFO - TEST-SKIP | /webgl/conformance-1.0.3/conformance/buffers/index-validation-crash-with-buffer-sub-data.html | took 0ms
16:54:52     INFO - TEST-START | /webgl/conformance-1.0.3/conformance/buffers/index-validation-large-buffer.html
16:54:52     INFO - TEST-SKIP | /webgl/conformance-1.0.3/conformance/buffers/index-validation-large-buffer.html | took 1ms
16:54:52     INFO - TEST-START | /webgl/conformance-1.0.3/conformance/buffers/index-validation-verifies-too-many-indices.html
16:54:52     INFO - TEST-SKIP | /webgl/conformance-1.0.3/conformance/buffers/index-validation-verifies-too-many-indices.html | took 0ms
16:54:52     INFO - TEST-START | /webgl/conformance-1.0.3/conformance/buffers/index-validation-with-resized-buffer.html
16:54:52     INFO - TEST-SKIP | /webgl/conformance-1.0.3/conformance/buffers/index-validation-with-resized-buffer.html | took 0ms
16:54:52     INFO - TEST-START | /webgl/conformance-1.0.3/conformance/buffers/index-validation.html
16:54:52     INFO - TEST-SKIP | /webgl/conformance-1.0.3/conformance/buffers/index-validation.html | took 0ms
16:54:52     INFO - TEST-START | /webgl/conformance-1.0.3/conformance/glsl/bugs/angle-d3d11-compiler-error.html
16:54:52     INFO - TEST-SKIP | /webgl/conformance-1.0.3/conformance/glsl/bugs/angle-d3d11-compiler-error.html | took 0ms
16:54:52     INFO - TEST-START | /webgl/conformance-1.0.3/conformance/glsl/bugs/angle-dx-variable-bug.html
16:54:52     INFO - TEST-SKIP | /webgl/conformance-1.0.3/conformance/glsl/bugs/angle-dx-variable-bug.html | took 0ms
16:54:52     INFO - TEST-START | /webgl/conformance-1.0.3/conformance/glsl/bugs/array-of-struct-with-int-first-position.html
16:54:52     INFO - TEST-SKIP | /webgl/conformance-1.0.3/conformance/glsl/bugs/array-of-struct-with-int-first-position.html | took 0ms
16:54:52     INFO - TEST-START | /webgl/conformance-1.0.3/conformance/glsl/bugs/compare-loop-index-to-uniform.html
16:54:52     INFO - TEST-SKIP | /webgl/conformance-1.0.3/conformance/glsl/bugs/compare-loop-index-to-uniform.html | took 0ms
16:54:52     INFO - TEST-START | /webgl/conformance-1.0.3/conformance/glsl/bugs/complex-glsl-does-not-crash.html
16:54:52     INFO - TEST-SKIP | /webgl/conformance-1.0.3/conformance/glsl/bugs/complex-glsl-does-not-crash.html | took 0ms
16:54:52     INFO - TEST-START | /webgl/conformance-1.0.3/conformance/glsl/bugs/conditional-discard-in-loop.html
16:54:52     INFO - TEST-SKIP | /webgl/conformance-1.0.3/conformance/glsl/bugs/conditional-discard-in-loop.html | took 0ms
16:54:52     INFO - TEST-START | /webgl/conformance-1.0.3/conformance/glsl/bugs/conditional-discard-optimization.html
16:54:52     INFO - TEST-SKIP | /webgl/conformance-1.0.3/conformance/glsl/bugs/conditional-discard-optimization.html | took 0ms
16:54:52     INFO - TEST-START | /webgl/conformance-1.0.3/conformance/glsl/bugs/constant-precision-qualifier.html
16:54:52     INFO - TEST-SKIP | /webgl/conformance-1.0.3/conformance/glsl/bugs/constant-precision-qualifier.html | took 0ms
16:54:52     INFO - TEST-START | /webgl/conformance-1.0.3/conformance/glsl/bugs/essl3-shaders-with-webgl1.html
16:54:52     INFO - TEST-SKIP | /webgl/conformance-1.0.3/conformance/glsl/bugs/essl3-shaders-with-webgl1.html | took 0ms
16:54:52     INFO - TEST-START | /webgl/conformance-1.0.3/conformance/glsl/bugs/floored-division-accuracy.html
16:54:52     INFO - TEST-SKIP | /webgl/conformance-1.0.3/conformance/glsl/bugs/floored-division-accuracy.html | took 0ms
16:54:52     INFO - TEST-START | /webgl/conformance-1.0.3/conformance/glsl/bugs/fragcoord-linking-bug.html
16:54:52     INFO - TEST-SKIP | /webgl/conformance-1.0.3/conformance/glsl/bugs/fragcoord-linking-bug.html | took 0ms
16:54:52     INFO - TEST-START | /webgl/conformance-1.0.3/conformance/glsl/bugs/long-expressions-should-not-crash.html
16:54:52     INFO - TEST-SKIP | /webgl/conformance-1.0.3/conformance/glsl/bugs/long-expressions-should-not-crash.html | took 0ms
16:54:52     INFO - TEST-START | /webgl/conformance-1.0.3/conformance/glsl/bugs/modulo-arithmetic-accuracy.html
16:54:52     INFO - TEST-SKIP | /webgl/conformance-1.0.3/conformance/glsl/bugs/modulo-arithmetic-accuracy.html | took 0ms
16:54:52     INFO - TEST-START | /webgl/conformance-1.0.3/conformance/glsl/bugs/multiplication-assignment.html
16:54:52     INFO - TEST-SKIP | /webgl/conformance-1.0.3/conformance/glsl/bugs/multiplication-assignment.html | took 1ms
16:54:52     INFO - TEST-START | /webgl/conformance-1.0.3/conformance/glsl/bugs/nested-functions-should-not-crash.html
16:54:52     INFO - TEST-SKIP | /webgl/conformance-1.0.3/conformance/glsl/bugs/nested-functions-should-not-crash.html | took 0ms
16:54:52     INFO - TEST-START | /webgl/conformance-1.0.3/conformance/glsl/bugs/sampler-array-using-loop-index.html
16:54:52     INFO - TEST-SKIP | /webgl/conformance-1.0.3/conformance/glsl/bugs/sampler-array-using-loop-index.html | took 1ms
16:54:52     INFO - TEST-START | /webgl/conformance-1.0.3/conformance/glsl/bugs/temp-expressions-should-not-crash.html
16:54:52     INFO - TEST-SKIP | /webgl/conformance-1.0.3/conformance/glsl/bugs/temp-expressions-should-not-crash.html | took 0ms
16:54:52     INFO - TEST-START | /webgl/conformance-1.0.3/conformance/glsl/bugs/uniforms-should-not-lose-values.html
16:54:52     INFO - TEST-SKIP | /webgl/conformance-1.0.3/conformance/glsl/bugs/uniforms-should-not-lose-values.html | took 1ms
16:54:52     INFO - TEST-START | /webgl/conformance-1.0.3/conformance/limits/gl-max-texture-dimensions.html
16:54:52     INFO - TEST-SKIP | /webgl/conformance-1.0.3/conformance/limits/gl-max-texture-dimensions.html | took 0ms
16:54:52     INFO - TEST-START | /webgl/conformance-1.0.3/conformance/limits/gl-min-attribs.html
16:54:52     INFO - TEST-SKIP | /webgl/conformance-1.0.3/conformance/limits/gl-min-attribs.html | took 1ms
16:54:52     INFO - TEST-START | /webgl/conformance-1.0.3/conformance/limits/gl-min-textures.html
16:54:52     INFO - TEST-SKIP | /webgl/conformance-1.0.3/conformance/limits/gl-min-textures.html | took 0ms
16:54:52     INFO - TEST-START | /webgl/conformance-1.0.3/conformance/limits/gl-min-uniforms.html
16:54:52     INFO - TEST-SKIP | /webgl/conformance-1.0.3/conformance/limits/gl-min-uniforms.html | took 1ms
16:54:52     INFO - TEST-START | /webgl/conformance-1.0.3/conformance/ogles/GL/asin/asin_001_to_006.html
16:54:52     INFO - TEST-SKIP | /webgl/conformance-1.0.3/conformance/ogles/GL/asin/asin_001_to_006.html | took 0ms
16:54:52     INFO - TEST-START | /webgl/conformance-1.0.3/conformance/ogles/GL/ceil/ceil_001_to_006.html
16:54:52     INFO - TEST-SKIP | /webgl/conformance-1.0.3/conformance/ogles/GL/ceil/ceil_001_to_006.html | took 1ms
16:54:52     INFO - TEST-START | /webgl/conformance-1.0.3/conformance/ogles/GL/control_flow/control_flow_001_to_008.html
16:54:52     INFO - TEST-SKIP | /webgl/conformance-1.0.3/conformance/ogles/GL/control_flow/control_flow_001_to_008.html | took 0ms
16:54:52     INFO - TEST-START | /webgl/conformance-1.0.3/conformance/ogles/GL/control_flow/control_flow_009_to_010.html
16:54:52     INFO - TEST-SKIP | /webgl/conformance-1.0.3/conformance/ogles/GL/control_flow/control_flow_009_to_010.html | took 0ms
16:54:52     INFO - TEST-START | /webgl/conformance-1.0.3/conformance/ogles/GL/exp/exp_001_to_008.html
16:54:52     INFO - TEST-SKIP | /webgl/conformance-1.0.3/conformance/ogles/GL/exp/exp_001_to_008.html | took 0ms
16:54:52     INFO - TEST-START | /webgl/conformance-1.0.3/conformance/ogles/GL/exp/exp_009_to_012.html
16:54:52     INFO - TEST-SKIP | /webgl/conformance-1.0.3/conformance/ogles/GL/exp/exp_009_to_012.html | took 0ms
16:54:52     INFO - TEST-START | /webgl/conformance-1.0.3/conformance/ogles/GL/length/length_001_to_006.html
16:54:52     INFO - TEST-SKIP | /webgl/conformance-1.0.3/conformance/ogles/GL/length/length_001_to_006.html | took 6ms
16:54:52     INFO - TEST-START | /webgl/conformance-1.0.3/conformance/ogles/GL/lessThanEqual/lessThanEqual_001_to_008.html
16:54:52     INFO - TEST-SKIP | /webgl/conformance-1.0.3/conformance/ogles/GL/lessThanEqual/lessThanEqual_001_to_008.html | took 0ms
16:54:52     INFO - TEST-START | /webgl/conformance-1.0.3/conformance/ogles/GL/log/log_001_to_008.html
16:54:52     INFO - TEST-SKIP | /webgl/conformance-1.0.3/conformance/ogles/GL/log/log_001_to_008.html | took 1ms
16:54:52     INFO - TEST-START | /webgl/conformance-1.0.3/conformance/ogles/GL/log/log_009_to_012.html
16:54:52     INFO - TEST-SKIP | /webgl/conformance-1.0.3/conformance/ogles/GL/log/log_009_to_012.html | took 0ms
16:54:52     INFO - TEST-START | /webgl/conformance-1.0.3/conformance/ogles/GL/matrixCompMult/matrixCompMult_001_to_004.html
16:54:52     INFO - TEST-SKIP | /webgl/conformance-1.0.3/conformance/ogles/GL/matrixCompMult/matrixCompMult_001_to_004.html | took 1ms
16:54:52     INFO - TEST-START | /webgl/conformance-1.0.3/conformance/ogles/GL/sign/sign_001_to_006.html
16:54:52     INFO - TEST-SKIP | /webgl/conformance-1.0.3/conformance/ogles/GL/sign/sign_001_to_006.html | took 0ms
16:54:52     INFO - TEST-START | /webgl/conformance-1.0.3/conformance/ogles/GL/step/step_001_to_006.html
16:54:52     INFO - TEST-SKIP | /webgl/conformance-1.0.3/conformance/ogles/GL/step/step_001_to_006.html | took 0ms
16:54:52     INFO - TEST-START | /webgl/conformance-1.0.3/conformance/ogles/GL/vec3/vec3_001_to_008.html
16:54:52     INFO - TEST-SKIP | /webgl/conformance-1.0.3/conformance/ogles/GL/vec3/vec3_001_to_008.html | took 0ms
16:54:52     INFO - TEST-START | /webgl/conformance-1.0.3/conformance/state/gl-enable-enum-test.html
16:54:52     INFO - TEST-SKIP | /webgl/conformance-1.0.3/conformance/state/gl-enable-enum-test.html | took 0ms
16:54:52     INFO - TEST-START | /webgl/conformance-1.0.3/conformance/state/gl-enum-tests.html
16:54:52     INFO - TEST-SKIP | /webgl/conformance-1.0.3/conformance/state/gl-enum-tests.html | took 0ms
16:54:52     INFO - TEST-START | /webgl/conformance-1.0.3/conformance/state/gl-get-calls.html
16:54:52     INFO - TEST-SKIP | /webgl/conformance-1.0.3/conformance/state/gl-get-calls.html | took 0ms
16:54:52     INFO - TEST-START | /webgl/conformance-1.0.3/conformance/state/gl-geterror.html
16:54:52     INFO - TEST-SKIP | /webgl/conformance-1.0.3/conformance/state/gl-geterror.html | took 1ms
16:54:52     INFO - TEST-START | /webgl/conformance-1.0.3/conformance/state/gl-getstring.html
16:54:52     INFO - TEST-SKIP | /webgl/conformance-1.0.3/conformance/state/gl-getstring.html | took 0ms
16:54:52     INFO - TEST-START | /webgl/conformance-1.0.3/conformance/state/gl-object-get-calls.html
16:54:52     INFO - TEST-SKIP | /webgl/conformance-1.0.3/conformance/state/gl-object-get-calls.html | took 1ms
16:54:52     INFO - TEST-START | /webgl/conformance-1.0.3/conformance/state/state-uneffected-after-compositing.html
16:54:52     INFO - TEST-SKIP | /webgl/conformance-1.0.3/conformance/state/state-uneffected-after-compositing.html | took 0ms
16:54:52     INFO - TEST-START | /webgl/conformance-1.0.3/conformance/uniforms/gl-uniform-arrays.html
16:54:52     INFO - TEST-SKIP | /webgl/conformance-1.0.3/conformance/uniforms/gl-uniform-arrays.html | took 0ms
16:54:52     INFO - TEST-START | /webgl/conformance-1.0.3/conformance/uniforms/gl-uniform-bool.html
16:54:52     INFO - TEST-SKIP | /webgl/conformance-1.0.3/conformance/uniforms/gl-uniform-bool.html | took 0ms
16:54:52     INFO - TEST-START | /webgl/conformance-1.0.3/conformance/uniforms/gl-uniformmatrix4fv.html
16:54:52     INFO - TEST-SKIP | /webgl/conformance-1.0.3/conformance/uniforms/gl-uniformmatrix4fv.html | took 0ms
16:54:52     INFO - TEST-START | /webgl/conformance-1.0.3/conformance/uniforms/gl-unknown-uniform.html
16:54:52     INFO - TEST-SKIP | /webgl/conformance-1.0.3/conformance/uniforms/gl-unknown-uniform.html | took 0ms
16:54:52     INFO - TEST-START | /webgl/conformance-1.0.3/conformance/uniforms/null-uniform-location.html
16:54:52     INFO - TEST-SKIP | /webgl/conformance-1.0.3/conformance/uniforms/null-uniform-location.html | took 4ms
16:54:52     INFO - TEST-START | /webgl/conformance-1.0.3/conformance/uniforms/out-of-bounds-uniform-array-access.html
16:54:52     INFO - TEST-SKIP | /webgl/conformance-1.0.3/conformance/uniforms/out-of-bounds-uniform-array-access.html | took 1ms
16:54:52     INFO - TEST-START | /webgl/conformance-1.0.3/conformance/uniforms/uniform-default-values.html
16:54:52     INFO - TEST-SKIP | /webgl/conformance-1.0.3/conformance/uniforms/uniform-default-values.html | took 0ms
16:54:52     INFO - TEST-START | /webgl/conformance-1.0.3/conformance/uniforms/uniform-location.html
16:54:52     INFO - TEST-SKIP | /webgl/conformance-1.0.3/conformance/uniforms/uniform-location.html | took 1ms
16:54:52     INFO - TEST-START | /webgl/conformance-1.0.3/conformance/uniforms/uniform-samplers-test.html
16:54:52     INFO - TEST-SKIP | /webgl/conformance-1.0.3/conformance/uniforms/uniform-samplers-test.html | took 0ms
16:54:52     INFO - TEST-START | /webgl/conformance-1.0.3/conformance/uniforms/uniform-values-per-program.html
16:54:52     INFO - TEST-SKIP | /webgl/conformance-1.0.3/conformance/uniforms/uniform-values-per-program.html | took 1ms
16:54:52     INFO - TEST-START | /websockets/interfaces/WebSocket/extensions/001.html?wss
16:54:52     INFO - TEST-SKIP | /websockets/interfaces/WebSocket/extensions/001.html?wss | took 0ms
16:54:52     INFO - TEST-START | /websockets/interfaces/WebSocket/extensions/001.html
16:54:52     INFO - TEST-SKIP | /websockets/interfaces/WebSocket/extensions/001.html | took 1ms
16:54:52     INFO - TEST-START | /webstorage/storage_local_setitem_quotaexceedederr.html
16:54:52     INFO - TEST-SKIP | /webstorage/storage_local_setitem_quotaexceedederr.html | took 0ms
16:54:52     INFO - TEST-START | /webstorage/storage_session_setitem_quotaexceedederr.html
16:54:52     INFO - TEST-SKIP | /webstorage/storage_session_setitem_quotaexceedederr.html | took 0ms
16:54:52     INFO - Setting up ssl
16:54:52     INFO - PROCESS | certutil | 
16:54:52     INFO - PROCESS | certutil | 
16:54:52     INFO - PROCESS | certutil | 
16:54:52     INFO - Certificate Nickname                                         Trust Attributes
16:54:52     INFO -                                                              SSL,S/MIME,JAR/XPI
16:54:52     INFO - 
16:54:52     INFO - web-platform-tests                                           CT,, 
16:54:52     INFO - 
16:54:52     INFO - Application command: /builds/slave/test/build/application/firefox/firefox --marionette about:blank -profile /tmp/tmp9QTrGT.mozrunner
16:54:52     INFO - Starting runner
16:54:54     INFO - PROCESS | 2153 | 1528502094932	Marionette	INFO	Listening on port 2828
16:54:58     INFO - TEST-START | /2dcontext/drawing-rectangles-to-the-canvas/2d.clearRect.basic.html
16:54:59     INFO - .
16:54:59     INFO - TEST-OK | /2dcontext/drawing-rectangles-to-the-canvas/2d.clearRect.basic.html | took 687ms
16:54:59     INFO - TEST-START | /2dcontext/drawing-rectangles-to-the-canvas/2d.clearRect.clip.html
16:54:59     INFO - .
16:54:59     INFO - TEST-OK | /2dcontext/drawing-rectangles-to-the-canvas/2d.clearRect.clip.html | took 571ms
16:54:59     INFO - TEST-START | /2dcontext/drawing-rectangles-to-the-canvas/2d.clearRect.globalalpha.html
16:55:00     INFO - .
16:55:00     INFO - TEST-OK | /2dcontext/drawing-rectangles-to-the-canvas/2d.clearRect.globalalpha.html | took 476ms
16:55:00     INFO - TEST-START | /2dcontext/drawing-rectangles-to-the-canvas/2d.clearRect.globalcomposite.html
16:55:00     INFO - .
16:55:00     INFO - TEST-OK | /2dcontext/drawing-rectangles-to-the-canvas/2d.clearRect.globalcomposite.html | took 476ms
16:55:00     INFO - TEST-START | /2dcontext/drawing-rectangles-to-the-canvas/2d.clearRect.negative.html
16:55:01     INFO - .
16:55:01     INFO - TEST-OK | /2dcontext/drawing-rectangles-to-the-canvas/2d.clearRect.negative.html | took 622ms
16:55:01     INFO - TEST-START | /2dcontext/drawing-rectangles-to-the-canvas/2d.clearRect.nonfinite.html
16:55:01     INFO - .
16:55:01     INFO - TEST-OK | /2dcontext/drawing-rectangles-to-the-canvas/2d.clearRect.nonfinite.html | took 476ms
16:55:01     INFO - TEST-START | /2dcontext/drawing-rectangles-to-the-canvas/2d.clearRect.path.html
16:55:02     INFO - .
16:55:02     INFO - TEST-OK | /2dcontext/drawing-rectangles-to-the-canvas/2d.clearRect.path.html | took 532ms
16:55:02     INFO - TEST-START | /2dcontext/drawing-rectangles-to-the-canvas/2d.clearRect.shadow.html
16:55:02     INFO - .
16:55:02     INFO - TEST-OK | /2dcontext/drawing-rectangles-to-the-canvas/2d.clearRect.shadow.html | took 578ms
16:55:02     INFO - TEST-START | /2dcontext/drawing-rectangles-to-the-canvas/2d.clearRect.transform.html
16:55:03     INFO - .
16:55:03     INFO - TEST-OK | /2dcontext/drawing-rectangles-to-the-canvas/2d.clearRect.transform.html | took 484ms
16:55:03     INFO - TEST-START | /2dcontext/drawing-rectangles-to-the-canvas/2d.clearRect.zero.html
16:55:03     INFO - .
16:55:03     INFO - TEST-OK | /2dcontext/drawing-rectangles-to-the-canvas/2d.clearRect.zero.html | took 525ms
16:55:03     INFO - TEST-START | /2dcontext/drawing-rectangles-to-the-canvas/2d.fillRect.basic.html
16:55:04     INFO - .
16:55:04     INFO - TEST-OK | /2dcontext/drawing-rectangles-to-the-canvas/2d.fillRect.basic.html | took 573ms
16:55:04     INFO - TEST-START | /2dcontext/drawing-rectangles-to-the-canvas/2d.fillRect.clip.html
16:55:05     INFO - .
16:55:05     INFO - TEST-OK | /2dcontext/drawing-rectangles-to-the-canvas/2d.fillRect.clip.html | took 673ms
16:55:05     INFO - TEST-START | /2dcontext/drawing-rectangles-to-the-canvas/2d.fillRect.negative.html
16:55:06     INFO - .
16:55:06     INFO - TEST-OK | /2dcontext/drawing-rectangles-to-the-canvas/2d.fillRect.negative.html | took 877ms
16:55:06     INFO - TEST-START | /2dcontext/drawing-rectangles-to-the-canvas/2d.fillRect.nonfinite.html
16:55:06     INFO - .
16:55:06     INFO - TEST-OK | /2dcontext/drawing-rectangles-to-the-canvas/2d.fillRect.nonfinite.html | took 572ms
16:55:06     INFO - TEST-START | /2dcontext/drawing-rectangles-to-the-canvas/2d.fillRect.path.html
16:55:07     INFO - .
16:55:07     INFO - TEST-OK | /2dcontext/drawing-rectangles-to-the-canvas/2d.fillRect.path.html | took 530ms
16:55:07     INFO - TEST-START | /2dcontext/drawing-rectangles-to-the-canvas/2d.fillRect.shadow.html
16:55:07     INFO - .
16:55:07     INFO - TEST-OK | /2dcontext/drawing-rectangles-to-the-canvas/2d.fillRect.shadow.html | took 470ms
16:55:07     INFO - TEST-START | /2dcontext/drawing-rectangles-to-the-canvas/2d.fillRect.transform.html
16:55:08     INFO - .
16:55:08     INFO - TEST-OK | /2dcontext/drawing-rectangles-to-the-canvas/2d.fillRect.transform.html | took 522ms
16:55:08     INFO - TEST-START | /2dcontext/drawing-rectangles-to-the-canvas/2d.fillRect.zero.html
16:55:08     INFO - .
16:55:08     INFO - TEST-OK | /2dcontext/drawing-rectangles-to-the-canvas/2d.fillRect.zero.html | took 521ms
16:55:08     INFO - TEST-START | /2dcontext/drawing-rectangles-to-the-canvas/2d.strokeRect.basic.html
16:55:09     INFO - .
16:55:09     INFO - TEST-OK | /2dcontext/drawing-rectangles-to-the-canvas/2d.strokeRect.basic.html | took 521ms
16:55:09     INFO - TEST-START | /2dcontext/drawing-rectangles-to-the-canvas/2d.strokeRect.clip.html
16:55:09     INFO - .
16:55:09     INFO - TEST-OK | /2dcontext/drawing-rectangles-to-the-canvas/2d.strokeRect.clip.html | took 476ms
16:55:09     INFO - TEST-START | /2dcontext/drawing-rectangles-to-the-canvas/2d.strokeRect.globalalpha.html
16:55:10     INFO - .
16:55:10     INFO - TEST-OK | /2dcontext/drawing-rectangles-to-the-canvas/2d.strokeRect.globalalpha.html | took 474ms
16:55:10     INFO - TEST-START | /2dcontext/drawing-rectangles-to-the-canvas/2d.strokeRect.globalcomposite.html
16:55:10     INFO - .
16:55:10     INFO - TEST-OK | /2dcontext/drawing-rectangles-to-the-canvas/2d.strokeRect.globalcomposite.html | took 471ms
16:55:10     INFO - TEST-START | /2dcontext/drawing-rectangles-to-the-canvas/2d.strokeRect.negative.html
16:55:11     INFO - .
16:55:11     INFO - TEST-OK | /2dcontext/drawing-rectangles-to-the-canvas/2d.strokeRect.negative.html | took 487ms
16:55:11     INFO - TEST-START | /2dcontext/drawing-rectangles-to-the-canvas/2d.strokeRect.nonfinite.html
16:55:11     INFO - .
16:55:11     INFO - TEST-OK | /2dcontext/drawing-rectangles-to-the-canvas/2d.strokeRect.nonfinite.html | took 517ms
16:55:11     INFO - TEST-START | /2dcontext/drawing-rectangles-to-the-canvas/2d.strokeRect.path.html
16:55:12     INFO - .
16:55:12     INFO - TEST-OK | /2dcontext/drawing-rectangles-to-the-canvas/2d.strokeRect.path.html | took 775ms
16:55:12     INFO - TEST-START | /2dcontext/drawing-rectangles-to-the-canvas/2d.strokeRect.shadow.html
16:55:13     INFO - .
16:55:13     INFO - TEST-OK | /2dcontext/drawing-rectangles-to-the-canvas/2d.strokeRect.shadow.html | took 624ms
16:55:13     INFO - TEST-START | /2dcontext/drawing-rectangles-to-the-canvas/2d.strokeRect.transform.html
16:55:13     INFO - .
16:55:13     INFO - TEST-OK | /2dcontext/drawing-rectangles-to-the-canvas/2d.strokeRect.transform.html | took 522ms
16:55:13     INFO - TEST-START | /2dcontext/drawing-rectangles-to-the-canvas/2d.strokeRect.zero.1.html
16:55:14     INFO - .
16:55:14     INFO - TEST-OK | /2dcontext/drawing-rectangles-to-the-canvas/2d.strokeRect.zero.1.html | took 722ms
16:55:14     INFO - TEST-START | /2dcontext/drawing-rectangles-to-the-canvas/2d.strokeRect.zero.2.html
16:55:14     INFO - .
16:55:14     INFO - TEST-OK | /2dcontext/drawing-rectangles-to-the-canvas/2d.strokeRect.zero.2.html | took 470ms
16:55:14     INFO - TEST-START | /2dcontext/drawing-rectangles-to-the-canvas/2d.strokeRect.zero.3.html
16:55:15     INFO - .
16:55:15     INFO - TEST-OK | /2dcontext/drawing-rectangles-to-the-canvas/2d.strokeRect.zero.3.html | took 480ms
16:55:15     INFO - TEST-START | /2dcontext/drawing-rectangles-to-the-canvas/2d.strokeRect.zero.4.html
16:55:15     INFO - .
16:55:15     INFO - TEST-OK | /2dcontext/drawing-rectangles-to-the-canvas/2d.strokeRect.zero.4.html | took 470ms
16:55:15     INFO - TEST-START | /2dcontext/drawing-rectangles-to-the-canvas/2d.strokeRect.zero.5.html
16:55:16     INFO - .
16:55:16     INFO - TEST-OK | /2dcontext/drawing-rectangles-to-the-canvas/2d.strokeRect.zero.5.html | took 582ms
16:55:16     INFO - TEST-START | /WebCryptoAPI/sign_verify/ecdsa.worker
16:55:18     INFO - ........................................................................................................................................................................
16:55:18     INFO - TEST-OK | /WebCryptoAPI/sign_verify/ecdsa.worker | took 1963ms
16:55:18     INFO - TEST-START | /WebCryptoAPI/sign_verify/hmac.worker
16:55:19     INFO - ........................................
16:55:19     INFO - TEST-OK | /WebCryptoAPI/sign_verify/hmac.worker | took 746ms
16:55:19     INFO - TEST-START | /WebCryptoAPI/sign_verify/rsa_pkcs.worker
16:55:20     INFO - ............................................
16:55:20     INFO - TEST-OK | /WebCryptoAPI/sign_verify/rsa_pkcs.worker | took 793ms
16:55:20     INFO - TEST-START | /WebCryptoAPI/sign_verify/rsa_pss.worker
16:55:21     INFO - ........................................................................................
16:55:21     INFO - TEST-OK | /WebCryptoAPI/sign_verify/rsa_pss.worker | took 1105ms
16:55:21     INFO - TEST-START | /WebCryptoAPI/sign_verify/test_ecdsa.html
16:55:21     INFO - PROCESS | 2153 | JavaScript warning: http://web-platform.test:8000/WebCryptoAPI/sign_verify/ecdsa.js, line 478: unreachable code after return statement
16:55:21     INFO - PROCESS | 2153 | JavaScript warning: http://web-platform.test:8000/WebCryptoAPI/sign_verify/ecdsa.js, line 478: unreachable code after return statement
16:55:22     INFO - .........................................................
16:55:22     INFO - TEST-OK | /WebCryptoAPI/sign_verify/test_ecdsa.html | took 1118ms
16:55:22     INFO - TEST-START | /WebCryptoAPI/sign_verify/test_hmac.html
16:55:22     INFO - PROCESS | 2153 | JavaScript warning: http://web-platform.test:8000/WebCryptoAPI/sign_verify/hmac.js, line 346: unreachable code after return statement
16:55:22     INFO - PROCESS | 2153 | JavaScript warning: http://web-platform.test:8000/WebCryptoAPI/sign_verify/hmac.js, line 346: unreachable code after return statement
16:55:22     INFO - ........................................
16:55:22     INFO - TEST-OK | /WebCryptoAPI/sign_verify/test_hmac.html | took 534ms
16:55:22     INFO - TEST-START | /WebCryptoAPI/sign_verify/test_rsa_pkcs.html
16:55:23     INFO - ............................................
16:55:23     INFO - TEST-OK | /WebCryptoAPI/sign_verify/test_rsa_pkcs.html | took 748ms
16:55:23     INFO - TEST-START | /WebCryptoAPI/sign_verify/test_rsa_pss.html
16:55:24     INFO - ........................................................................................
16:55:24     INFO - TEST-OK | /WebCryptoAPI/sign_verify/test_rsa_pss.html | took 919ms
16:55:24     INFO - TEST-START | /battery-status/battery-interface-idlharness.html
16:55:25     INFO - .
16:55:25     INFO - TEST-OK | /battery-status/battery-interface-idlharness.html | took 823ms
16:55:25     INFO - TEST-START | /content-security-policy/generic/generic-0_1-img-src.html
16:55:26     INFO - ..
16:55:26     INFO - TEST-OK | /content-security-policy/generic/generic-0_1-img-src.html | took 973ms
16:55:26     INFO - TEST-START | /content-security-policy/generic/generic-0_1-script-src.html
16:55:27     INFO - ...
16:55:27     INFO - TEST-OK | /content-security-policy/generic/generic-0_1-script-src.html | took 969ms
16:55:27     INFO - TEST-START | /content-security-policy/generic/generic-0_10.html
16:55:32     INFO - .
16:55:32     INFO - TEST-OK | /content-security-policy/generic/generic-0_10.html | took 5492ms
16:55:32     INFO - TEST-START | /content-security-policy/generic/generic-0_10_1.sub.html
16:55:33     INFO - ..
16:55:33     INFO - TEST-OK | /content-security-policy/generic/generic-0_10_1.sub.html | took 972ms
16:55:33     INFO - TEST-START | /content-security-policy/generic/generic-0_2.html
16:55:39     INFO - ..
16:55:39     INFO - TEST-OK | /content-security-policy/generic/generic-0_2.html | took 5492ms
16:55:39     INFO - TEST-START | /content-security-policy/generic/generic-0_2_2.sub.html
16:55:40     INFO - ..
16:55:40     INFO - TEST-OK | /content-security-policy/generic/generic-0_2_2.sub.html | took 978ms
16:55:40     INFO - TEST-START | /content-security-policy/generic/generic-0_2_3.html
16:55:41     INFO - ..
16:55:41     INFO - TEST-OK | /content-security-policy/generic/generic-0_2_3.html | took 972ms
16:55:41     INFO - TEST-START | /content-security-policy/generic/generic-0_8.html
16:55:46     INFO - ..
16:55:46     INFO - TEST-OK | /content-security-policy/generic/generic-0_8.html | took 5487ms
16:55:46     INFO - TEST-START | /content-security-policy/generic/generic-0_8_1.sub.html
16:55:47     INFO - ..
16:55:47     INFO - TEST-OK | /content-security-policy/generic/generic-0_8_1.sub.html | took 975ms
16:55:47     INFO - TEST-START | /content-security-policy/generic/generic-0_9.sub.html
16:55:53     INFO - ..
16:55:53     INFO - TEST-OK | /content-security-policy/generic/generic-0_9.sub.html | took 5437ms
16:55:53     INFO - TEST-START | /content-security-policy/generic/no-default-src.sub.html
16:55:58     INFO - ..
16:55:58     INFO - TEST-OK | /content-security-policy/generic/no-default-src.sub.html | took 5489ms
16:55:58     INFO - TEST-START | /cookies/secure/set-from-dom.https.sub.html
16:55:59     INFO - ..
16:55:59     INFO - TEST-OK | /cookies/secure/set-from-dom.https.sub.html | took 805ms
16:55:59     INFO - TEST-START | /cookies/secure/set-from-dom.sub.html
16:56:00     INFO - ..
16:56:00     INFO - TEST-OK | /cookies/secure/set-from-dom.sub.html | took 744ms
16:56:00     INFO - TEST-START | /cookies/secure/set-from-http.https.sub.html
16:56:01     INFO - ..
16:56:01     INFO - TEST-OK | /cookies/secure/set-from-http.https.sub.html | took 1135ms
16:56:01     INFO - TEST-START | /cookies/secure/set-from-http.sub.html
16:56:02     INFO - ..
16:56:02     INFO - TEST-OK | /cookies/secure/set-from-http.sub.html | took 661ms
16:56:02     INFO - TEST-START | /cookies/secure/set-from-ws.https.sub.html
16:56:02     INFO - .
16:56:02     INFO - TEST-OK | /cookies/secure/set-from-ws.https.sub.html | took 680ms
16:56:02     INFO - TEST-START | /cookies/secure/set-from-wss.https.sub.html
16:56:03     INFO - .
16:56:03     INFO - TEST-OK | /cookies/secure/set-from-wss.https.sub.html | took 535ms
16:56:03     INFO - TEST-START | /dom/historical.html
16:56:03     INFO - ................................................
16:56:03     INFO - TEST-OK | /dom/historical.html | took 668ms
16:56:03     INFO - TEST-START | /dom/interface-objects.html
16:56:04     INFO - .....................
16:56:04     INFO - TEST-OK | /dom/interface-objects.html | took 484ms
16:56:04     INFO - TEST-START | /dom/interfaces.html
16:56:04     INFO - Setting pref dom.node.rootNode.enabled (true)
16:56:07     INFO - .........................................................................................................................................................................................................................................................................................................................................................................................................................................................................................................................................................................................................................................................................................................................................................................................................................................................................................................................................................................................................................................................................................................................................................................................................................................................................................................................................................................................................................................................................................................................................................................................................................................................................
16:56:07     INFO - TEST-OK | /dom/interfaces.html | took 2830ms
16:56:07     INFO - TEST-START | /dom/nodes/CharacterData-appendChild.html
16:56:07     INFO - Clearing pref dom.node.rootNode.enabled
16:56:07     INFO - .........
16:56:07     INFO - TEST-OK | /dom/nodes/CharacterData-appendChild.html | took 556ms
16:56:07     INFO - TEST-START | /dom/nodes/CharacterData-appendData.html
16:56:08     INFO - ..............
16:56:08     INFO - TEST-OK | /dom/nodes/CharacterData-appendData.html | took 488ms
16:56:08     INFO - TEST-START | /dom/nodes/CharacterData-data.html
16:56:08     INFO - ................
16:56:08     INFO - TEST-OK | /dom/nodes/CharacterData-data.html | took 424ms
16:56:08     INFO - TEST-START | /dom/nodes/CharacterData-deleteData.html
16:56:09     INFO - ..................
16:56:09     INFO - TEST-OK | /dom/nodes/CharacterData-deleteData.html | took 482ms
16:56:09     INFO - TEST-START | /dom/nodes/CharacterData-insertData.html
16:56:09     INFO - ..................
16:56:09     INFO - TEST-OK | /dom/nodes/CharacterData-insertData.html | took 573ms
16:56:09     INFO - TEST-START | /dom/nodes/CharacterData-remove.html
16:56:10     INFO - ............
16:56:10     INFO - TEST-OK | /dom/nodes/CharacterData-remove.html | took 576ms
16:56:10     INFO - TEST-START | /dom/nodes/CharacterData-replaceData.html
16:56:11     INFO - ..................................
16:56:11     INFO - TEST-OK | /dom/nodes/CharacterData-replaceData.html | took 651ms
16:56:11     INFO - TEST-START | /dom/nodes/CharacterData-substringData.html
16:56:11     INFO - ............................
16:56:11     INFO - TEST-OK | /dom/nodes/CharacterData-substringData.html | took 639ms
16:56:11     INFO - TEST-START | /dom/nodes/CharacterData-surrogates.html
16:56:12     INFO - ........
16:56:12     INFO - TEST-OK | /dom/nodes/CharacterData-surrogates.html | took 531ms
16:56:12     INFO - TEST-START | /dom/nodes/ChildNode-after.html
16:56:12     INFO - .............................................
16:56:12     INFO - TEST-OK | /dom/nodes/ChildNode-after.html | took 441ms
16:56:12     INFO - TEST-START | /dom/nodes/ChildNode-before.html
16:56:13     INFO - .............................................
16:56:13     INFO - TEST-OK | /dom/nodes/ChildNode-before.html | took 590ms
16:56:13     INFO - TEST-START | /dom/nodes/ChildNode-replaceWith.html
16:56:14     INFO - .................................
16:56:14     INFO - TEST-OK | /dom/nodes/ChildNode-replaceWith.html | took 680ms
16:56:14     INFO - TEST-START | /dom/nodes/Comment-constructor.html
16:56:14     INFO - ................
16:56:14     INFO - TEST-OK | /dom/nodes/Comment-constructor.html | took 887ms
16:56:14     INFO - TEST-START | /dom/nodes/DOMImplementation-createDocument.html
16:56:16     INFO - ...........................................................................................................................................................................................................................................................................................................................................................................................................
16:56:16     INFO - TEST-OK | /dom/nodes/DOMImplementation-createDocument.html | took 1083ms
16:56:16     INFO - TEST-START | /dom/nodes/DOMImplementation-createDocumentType.html
16:56:16     INFO - ..................................................................................
16:56:16     INFO - TEST-OK | /dom/nodes/DOMImplementation-createDocumentType.html | took 658ms
16:56:16     INFO - TEST-START | /dom/nodes/DOMImplementation-createHTMLDocument.html
16:56:17     INFO - ............
16:56:17     INFO - TEST-OK | /dom/nodes/DOMImplementation-createHTMLDocument.html | took 728ms
16:56:17     INFO - TEST-START | /dom/nodes/DOMImplementation-hasFeature.html
16:56:18     INFO - .........................................................................................................................................
16:56:18     INFO - TEST-OK | /dom/nodes/DOMImplementation-hasFeature.html | took 1015ms
16:56:18     INFO - TEST-START | /dom/nodes/Document-URL.sub.html
16:56:19     INFO - .
16:56:19     INFO - TEST-OK | /dom/nodes/Document-URL.sub.html | took 729ms
16:56:19     INFO - TEST-START | /dom/nodes/Document-adoptNode.html
16:56:19     INFO - ....
16:56:19     INFO - TEST-OK | /dom/nodes/Document-adoptNode.html | took 417ms
16:56:19     INFO - TEST-START | /dom/nodes/Document-characterSet-normalization.html
16:56:24     INFO - ..............................................................................................................................................................................................................................................................................................................................................................................................................................................................................................................................................................................................................................................................................
16:56:24     INFO - TEST-OK | /dom/nodes/Document-characterSet-normalization.html | took 4633ms
16:56:24     INFO - TEST-START | /dom/nodes/Document-constructor.html
16:56:25     INFO - .....
16:56:25     INFO - TEST-OK | /dom/nodes/Document-constructor.html | took 684ms
16:56:25     INFO - TEST-START | /dom/nodes/Document-contentType/contentType/contenttype_css.html
16:56:25     INFO - .
16:56:25     INFO - TEST-OK | /dom/nodes/Document-contentType/contentType/contenttype_css.html | took 526ms
16:56:25     INFO - TEST-START | /dom/nodes/Document-contentType/contentType/contenttype_datauri_01.html
16:56:26     INFO - .
16:56:26     INFO - TEST-OK | /dom/nodes/Document-contentType/contentType/contenttype_datauri_01.html | took 519ms
16:56:26     INFO - TEST-START | /dom/nodes/Document-contentType/contentType/contenttype_datauri_02.html
16:56:26     INFO - .
16:56:26     INFO - TEST-OK | /dom/nodes/Document-contentType/contentType/contenttype_datauri_02.html | took 468ms
16:56:26     INFO - TEST-START | /dom/nodes/Document-contentType/contentType/contenttype_gif.html
16:56:27     INFO - .
16:56:27     INFO - TEST-OK | /dom/nodes/Document-contentType/contentType/contenttype_gif.html | took 474ms
16:56:27     INFO - TEST-START | /dom/nodes/Document-contentType/contentType/contenttype_html.html
16:56:27     INFO - .
16:56:27     INFO - TEST-OK | /dom/nodes/Document-contentType/contentType/contenttype_html.html | took 622ms
16:56:27     INFO - TEST-START | /dom/nodes/Document-contentType/contentType/contenttype_javascripturi.html
16:56:28     INFO - .
16:56:28     INFO - TEST-OK | /dom/nodes/Document-contentType/contentType/contenttype_javascripturi.html | took 430ms
16:56:28     INFO - TEST-START | /dom/nodes/Document-contentType/contentType/contenttype_jpg.html
16:56:28     INFO - .
16:56:28     INFO - TEST-OK | /dom/nodes/Document-contentType/contentType/contenttype_jpg.html | took 472ms
16:56:28     INFO - TEST-START | /dom/nodes/Document-contentType/contentType/contenttype_mimeheader_01.html
16:56:29     INFO - .
16:56:29     INFO - TEST-OK | /dom/nodes/Document-contentType/contentType/contenttype_mimeheader_01.html | took 477ms
16:56:29     INFO - TEST-START | /dom/nodes/Document-contentType/contentType/contenttype_mimeheader_02.html
16:56:29     INFO - .
16:56:29     INFO - TEST-OK | /dom/nodes/Document-contentType/contentType/contenttype_mimeheader_02.html | took 428ms
16:56:29     INFO - TEST-START | /dom/nodes/Document-contentType/contentType/contenttype_png.html
16:56:30     INFO - .
16:56:30     INFO - TEST-OK | /dom/nodes/Document-contentType/contentType/contenttype_png.html | took 568ms
16:56:30     INFO - TEST-START | /dom/nodes/Document-contentType/contentType/contenttype_txt.html
16:56:30     INFO - .
16:56:30     INFO - TEST-OK | /dom/nodes/Document-contentType/contentType/contenttype_txt.html | took 471ms
16:56:30     INFO - TEST-START | /dom/nodes/Document-contentType/contentType/contenttype_xml.html
16:56:31     INFO - .
16:56:31     INFO - TEST-OK | /dom/nodes/Document-contentType/contentType/contenttype_xml.html | took 577ms
16:56:31     INFO - TEST-START | /dom/nodes/Document-contentType/contentType/createDocument.html
16:56:31     INFO - .
16:56:31     INFO - TEST-OK | /dom/nodes/Document-contentType/contentType/createDocument.html | took 571ms
16:56:31     INFO - TEST-START | /dom/nodes/Document-contentType/contentType/createHTMLDocument.html
16:56:32     INFO - .
16:56:32     INFO - TEST-OK | /dom/nodes/Document-contentType/contentType/createHTMLDocument.html | took 718ms
16:56:32     INFO - TEST-START | /dom/nodes/Document-contentType/contentType/xhr_responseType_document.html
16:56:33     INFO - .
16:56:33     INFO - TEST-OK | /dom/nodes/Document-contentType/contentType/xhr_responseType_document.html | took 576ms
16:56:33     INFO - TEST-START | /dom/nodes/Document-createAttribute.html
16:56:33     INFO - ......................
16:56:33     INFO - TEST-OK | /dom/nodes/Document-createAttribute.html | took 525ms
16:56:33     INFO - TEST-START | /dom/nodes/Document-createComment.html
16:56:34     INFO - ......
16:56:34     INFO - TEST-OK | /dom/nodes/Document-createComment.html | took 476ms
16:56:34     INFO - TEST-START | /dom/nodes/Document-createElement-namespace.html
16:56:35     INFO - ...................................................
16:56:35     INFO - TEST-OK | /dom/nodes/Document-createElement-namespace.html | took 1603ms
16:56:35     INFO - TEST-START | /dom/nodes/Document-createElement.html
16:56:36     INFO - ...................................................................................................................................................
16:56:36     INFO - TEST-OK | /dom/nodes/Document-createElement.html | took 894ms
16:56:36     INFO - TEST-START | /dom/nodes/Document-createElementNS.html
16:56:38     INFO - ..............................................................................................................................................................................................................................................................................................................................................................................................................................................................................................................................................................................................................
16:56:38     INFO - TEST-OK | /dom/nodes/Document-createElementNS.html | took 1505ms
16:56:38     INFO - TEST-START | /dom/nodes/Document-createEvent.html
16:56:38     INFO - ..........................................................................................................................................................................................................................................................................................................................................................
16:56:38     INFO - TEST-OK | /dom/nodes/Document-createEvent.html | took 774ms
16:56:38     INFO - TEST-START | /dom/nodes/Document-createProcessingInstruction-xhtml.xhtml
16:56:39     INFO - ............
16:56:39     INFO - TEST-OK | /dom/nodes/Document-createProcessingInstruction-xhtml.xhtml | took 580ms
16:56:39     INFO - TEST-START | /dom/nodes/Document-createProcessingInstruction.html
16:56:40     INFO - ............
16:56:40     INFO - TEST-OK | /dom/nodes/Document-createProcessingInstruction.html | took 578ms
16:56:40     INFO - TEST-START | /dom/nodes/Document-createTextNode.html
16:56:40     INFO - ......
16:56:40     INFO - TEST-OK | /dom/nodes/Document-createTextNode.html | took 680ms
16:56:40     INFO - TEST-START | /dom/nodes/Document-createTreeWalker.html
16:56:41     INFO - .....
16:56:41     INFO - TEST-OK | /dom/nodes/Document-createTreeWalker.html | took 671ms
16:56:41     INFO - TEST-START | /dom/nodes/Document-doctype.html
16:56:41     INFO - ..
16:56:41     INFO - TEST-OK | /dom/nodes/Document-doctype.html | took 477ms
16:56:41     INFO - TEST-START | /dom/nodes/Document-getElementById.html
16:56:42     INFO - ..................
16:56:42     INFO - TEST-OK | /dom/nodes/Document-getElementById.html | took 471ms
16:56:42     INFO - TEST-START | /dom/nodes/Document-getElementsByTagName-xhtml.xhtml
16:56:42     INFO - ..........
16:56:42     INFO - TEST-OK | /dom/nodes/Document-getElementsByTagName-xhtml.xhtml | took 469ms
16:56:42     INFO - TEST-START | /dom/nodes/Document-getElementsByTagName.html
16:56:43     INFO - .................
16:56:43     INFO - TEST-OK | /dom/nodes/Document-getElementsByTagName.html | took 521ms
16:56:43     INFO - TEST-START | /dom/nodes/Document-getElementsByTagNameNS.html
16:56:43     INFO - .............
16:56:43     INFO - TEST-OK | /dom/nodes/Document-getElementsByTagNameNS.html | took 581ms
16:56:43     INFO - TEST-START | /dom/nodes/Document-implementation.html
16:56:44     INFO - ..
16:56:44     INFO - TEST-OK | /dom/nodes/Document-implementation.html | took 524ms
16:56:44     INFO - TEST-START | /dom/nodes/Document-importNode.html
16:56:44     INFO - ....
16:56:44     INFO - TEST-OK | /dom/nodes/Document-importNode.html | took 470ms
16:56:44     INFO - TEST-START | /dom/nodes/DocumentType-literal-xhtml.xhtml
16:56:45     INFO - .
16:56:45     INFO - TEST-OK | /dom/nodes/DocumentType-literal-xhtml.xhtml | took 371ms
16:56:45     INFO - TEST-START | /dom/nodes/DocumentType-literal.html
16:56:45     INFO - .
16:56:45     INFO - TEST-OK | /dom/nodes/DocumentType-literal.html | took 422ms
16:56:45     INFO - TEST-START | /dom/nodes/DocumentType-remove.html
16:56:46     INFO - ....
16:56:46     INFO - TEST-OK | /dom/nodes/DocumentType-remove.html | took 423ms
16:56:46     INFO - TEST-START | /dom/nodes/Element-childElement-null-svg.svg
16:56:46     INFO - .
16:56:46     INFO - TEST-OK | /dom/nodes/Element-childElement-null-svg.svg | took 424ms
16:56:46     INFO - TEST-START | /dom/nodes/Element-childElement-null-xhtml.xhtml
16:56:47     INFO - .
16:56:47     INFO - TEST-OK | /dom/nodes/Element-childElement-null-xhtml.xhtml | took 422ms
16:56:47     INFO - TEST-START | /dom/nodes/Element-childElement-null.html
16:56:47     INFO - .
16:56:47     INFO - TEST-OK | /dom/nodes/Element-childElement-null.html | took 619ms
16:56:47     INFO - TEST-START | /dom/nodes/Element-childElementCount-dynamic-add-svg.svg
16:56:48     INFO - .
16:56:48     INFO - TEST-OK | /dom/nodes/Element-childElementCount-dynamic-add-svg.svg | took 630ms
16:56:48     INFO - TEST-START | /dom/nodes/Element-childElementCount-dynamic-add-xhtml.xhtml
16:56:48     INFO - .
16:56:48     INFO - TEST-OK | /dom/nodes/Element-childElementCount-dynamic-add-xhtml.xhtml | took 621ms
16:56:48     INFO - TEST-START | /dom/nodes/Element-childElementCount-dynamic-add.html
16:56:49     INFO - .
16:56:49     INFO - TEST-OK | /dom/nodes/Element-childElementCount-dynamic-add.html | took 832ms
16:56:49     INFO - TEST-START | /dom/nodes/Element-childElementCount-dynamic-remove-svg.svg
16:56:50     INFO - .
16:56:50     INFO - TEST-OK | /dom/nodes/Element-childElementCount-dynamic-remove-svg.svg | took 526ms
16:56:50     INFO - TEST-START | /dom/nodes/Element-childElementCount-dynamic-remove-xhtml.xhtml
16:56:50     INFO - .
16:56:50     INFO - TEST-OK | /dom/nodes/Element-childElementCount-dynamic-remove-xhtml.xhtml | took 473ms
16:56:50     INFO - TEST-START | /dom/nodes/Element-childElementCount-dynamic-remove.html
16:56:51     INFO - .
16:56:51     INFO - TEST-OK | /dom/nodes/Element-childElementCount-dynamic-remove.html | took 478ms
16:56:51     INFO - TEST-START | /dom/nodes/Element-childElementCount-nochild-svg.svg
16:56:51     INFO - .
16:56:51     INFO - TEST-OK | /dom/nodes/Element-childElementCount-nochild-svg.svg | took 520ms
16:56:51     INFO - TEST-START | /dom/nodes/Element-childElementCount-nochild-xhtml.xhtml
16:56:52     INFO - .
16:56:52     INFO - TEST-OK | /dom/nodes/Element-childElementCount-nochild-xhtml.xhtml | took 472ms
16:56:52     INFO - TEST-START | /dom/nodes/Element-childElementCount-nochild.html
16:56:52     INFO - .
16:56:52     INFO - TEST-OK | /dom/nodes/Element-childElementCount-nochild.html | took 526ms
16:56:52     INFO - TEST-START | /dom/nodes/Element-childElementCount-svg.svg
16:56:53     INFO - .
16:56:53     INFO - TEST-OK | /dom/nodes/Element-childElementCount-svg.svg | took 531ms
16:56:53     INFO - TEST-START | /dom/nodes/Element-childElementCount-xhtml.xhtml
16:56:53     INFO - .
16:56:53     INFO - TEST-OK | /dom/nodes/Element-childElementCount-xhtml.xhtml | took 436ms
16:56:53     INFO - TEST-START | /dom/nodes/Element-childElementCount.html
16:56:54     INFO - .
16:56:54     INFO - TEST-OK | /dom/nodes/Element-childElementCount.html | took 429ms
16:56:54     INFO - TEST-START | /dom/nodes/Element-children.html
16:56:54     INFO - ..
16:56:54     INFO - TEST-OK | /dom/nodes/Element-children.html | took 423ms
16:56:54     INFO - TEST-START | /dom/nodes/Element-classlist.html
16:56:55     INFO - ..............................................................................
16:56:55     INFO - TEST-OK | /dom/nodes/Element-classlist.html | took 605ms
16:56:55     INFO - TEST-START | /dom/nodes/Element-closest.html
16:56:55     INFO - .............................
16:56:55     INFO - TEST-OK | /dom/nodes/Element-closest.html | took 683ms
16:56:55     INFO - TEST-START | /dom/nodes/Element-firstElementChild-entity-xhtml.xhtml
16:56:56     INFO - .
16:56:56     INFO - TEST-OK | /dom/nodes/Element-firstElementChild-entity-xhtml.xhtml | took 672ms
16:56:56     INFO - TEST-START | /dom/nodes/Element-firstElementChild-entity.svg
16:56:57     INFO - .
16:56:57     INFO - TEST-OK | /dom/nodes/Element-firstElementChild-entity.svg | took 526ms
16:56:57     INFO - TEST-START | /dom/nodes/Element-firstElementChild-namespace-svg.svg
16:56:57     INFO - .
16:56:57     INFO - TEST-OK | /dom/nodes/Element-firstElementChild-namespace-svg.svg | took 476ms
16:56:57     INFO - TEST-START | /dom/nodes/Element-firstElementChild-namespace-xhtml.xhtml
16:56:58     INFO - .
16:56:58     INFO - TEST-OK | /dom/nodes/Element-firstElementChild-namespace-xhtml.xhtml | took 473ms
16:56:58     INFO - TEST-START | /dom/nodes/Element-firstElementChild-namespace.html
16:56:58     INFO - .
16:56:58     INFO - TEST-OK | /dom/nodes/Element-firstElementChild-namespace.html | took 521ms
16:56:58     INFO - TEST-START | /dom/nodes/Element-firstElementChild-svg.svg
16:56:59     INFO - .
16:56:59     INFO - TEST-OK | /dom/nodes/Element-firstElementChild-svg.svg | took 489ms
16:56:59     INFO - TEST-START | /dom/nodes/Element-firstElementChild-xhtml.xhtml
16:56:59     INFO - .
16:56:59     INFO - TEST-OK | /dom/nodes/Element-firstElementChild-xhtml.xhtml | took 518ms
16:56:59     INFO - TEST-START | /dom/nodes/Element-firstElementChild.html
16:57:00     INFO - .
16:57:00     INFO - TEST-OK | /dom/nodes/Element-firstElementChild.html | took 479ms
16:57:00     INFO - TEST-START | /dom/nodes/Element-getElementsByClassName.html
16:57:00     INFO - ..
16:57:00     INFO - TEST-OK | /dom/nodes/Element-getElementsByClassName.html | took 426ms
16:57:00     INFO - TEST-START | /dom/nodes/Element-getElementsByTagName-change-document-HTMLNess.html
16:57:01     INFO - .
16:57:01     INFO - TEST-OK | /dom/nodes/Element-getElementsByTagName-change-document-HTMLNess.html | took 479ms
16:57:01     INFO - TEST-START | /dom/nodes/Element-getElementsByTagName.html
16:57:01     INFO - ..................
16:57:01     INFO - TEST-OK | /dom/nodes/Element-getElementsByTagName.html | took 530ms
16:57:01     INFO - TEST-START | /dom/nodes/Element-getElementsByTagNameNS.html
16:57:02     INFO - ...............
16:57:02     INFO - TEST-OK | /dom/nodes/Element-getElementsByTagNameNS.html | took 491ms
16:57:02     INFO - TEST-START | /dom/nodes/Element-hasAttributes.html
16:57:02     INFO - ..
16:57:02     INFO - TEST-OK | /dom/nodes/Element-hasAttributes.html | took 569ms
16:57:02     INFO - TEST-START | /dom/nodes/Element-insertAdjacentElement.html
16:57:03     INFO - ......
16:57:03     INFO - TEST-OK | /dom/nodes/Element-insertAdjacentElement.html | took 570ms
16:57:03     INFO - TEST-START | /dom/nodes/Element-insertAdjacentText.html
16:57:03     INFO - ......
16:57:03     INFO - TEST-OK | /dom/nodes/Element-insertAdjacentText.html | took 625ms
16:57:03     INFO - TEST-START | /dom/nodes/Element-lastElementChild-svg.svg
16:57:04     INFO - .
16:57:04     INFO - TEST-OK | /dom/nodes/Element-lastElementChild-svg.svg | took 727ms
16:57:04     INFO - TEST-START | /dom/nodes/Element-lastElementChild-xhtml.xhtml
16:57:05     INFO - .
16:57:05     INFO - TEST-OK | /dom/nodes/Element-lastElementChild-xhtml.xhtml | took 522ms
16:57:05     INFO - TEST-START | /dom/nodes/Element-lastElementChild.html
16:57:05     INFO - .
16:57:05     INFO - TEST-OK | /dom/nodes/Element-lastElementChild.html | took 432ms
16:57:05     INFO - TEST-START | /dom/nodes/Element-matches.html
16:57:07     INFO - ..........................................................................................................................................................................................................................................................................................................................................................................................................................................................................................................................................................................................................................................................................................
16:57:07     INFO - TEST-OK | /dom/nodes/Element-matches.html | took 1637ms
16:57:07     INFO - TEST-START | /dom/nodes/Element-nextElementSibling-svg.svg
16:57:08     INFO - .
16:57:08     INFO - TEST-OK | /dom/nodes/Element-nextElementSibling-svg.svg | took 726ms
16:57:08     INFO - TEST-START | /dom/nodes/Element-nextElementSibling-xhtml.xhtml
16:57:08     INFO - .
16:57:08     INFO - TEST-OK | /dom/nodes/Element-nextElementSibling-xhtml.xhtml | took 474ms
16:57:08     INFO - TEST-START | /dom/nodes/Element-nextElementSibling.html
16:57:09     INFO - .
16:57:09     INFO - TEST-OK | /dom/nodes/Element-nextElementSibling.html | took 526ms
16:57:09     INFO - TEST-START | /dom/nodes/Element-previousElementSibling-svg.svg
16:57:09     INFO - .
16:57:09     INFO - TEST-OK | /dom/nodes/Element-previousElementSibling-svg.svg | took 480ms
16:57:09     INFO - TEST-START | /dom/nodes/Element-previousElementSibling-xhtml.xhtml
16:57:10     INFO - .
16:57:10     INFO - TEST-OK | /dom/nodes/Element-previousElementSibling-xhtml.xhtml | took 519ms
16:57:10     INFO - TEST-START | /dom/nodes/Element-previousElementSibling.html
16:57:10     INFO - .
16:57:10     INFO - TEST-OK | /dom/nodes/Element-previousElementSibling.html | took 521ms
16:57:10     INFO - TEST-START | /dom/nodes/Element-remove.html
16:57:11     INFO - ....
16:57:11     INFO - TEST-OK | /dom/nodes/Element-remove.html | took 469ms
16:57:11     INFO - TEST-START | /dom/nodes/Element-removeAttributeNS.html
16:57:11     INFO - .
16:57:11     INFO - TEST-OK | /dom/nodes/Element-removeAttributeNS.html | took 418ms
16:57:11     INFO - TEST-START | /dom/nodes/Element-siblingElement-null-svg.svg
16:57:12     INFO - .
16:57:12     INFO - TEST-OK | /dom/nodes/Element-siblingElement-null-svg.svg | took 423ms
16:57:12     INFO - TEST-START | /dom/nodes/Element-siblingElement-null-xhtml.xhtml
16:57:12     INFO - .
16:57:12     INFO - TEST-OK | /dom/nodes/Element-siblingElement-null-xhtml.xhtml | took 419ms
16:57:12     INFO - TEST-START | /dom/nodes/Element-siblingElement-null.html
16:57:13     INFO - .
16:57:13     INFO - TEST-OK | /dom/nodes/Element-siblingElement-null.html | took 421ms
16:57:13     INFO - TEST-START | /dom/nodes/Element-tagName.html
16:57:13     INFO - .....
16:57:13     INFO - TEST-OK | /dom/nodes/Element-tagName.html | took 470ms
16:57:13     INFO - TEST-START | /dom/nodes/MutationObserver-attributes.html
16:57:14     INFO - ..........................................
16:57:14     INFO - TEST-OK | /dom/nodes/MutationObserver-attributes.html | took 494ms
16:57:14     INFO - TEST-START | /dom/nodes/MutationObserver-characterData.html
16:57:14     INFO - .......................
16:57:14     INFO - TEST-OK | /dom/nodes/MutationObserver-characterData.html | took 732ms
16:57:14     INFO - TEST-START | /dom/nodes/MutationObserver-childList.html
16:57:15     INFO - ......................................
16:57:15     INFO - TEST-OK | /dom/nodes/MutationObserver-childList.html | took 844ms
16:57:15     INFO - TEST-START | /dom/nodes/MutationObserver-disconnect.html
16:57:16     INFO - ..
16:57:16     INFO - TEST-OK | /dom/nodes/MutationObserver-disconnect.html | took 624ms
16:57:16     INFO - TEST-START | /dom/nodes/MutationObserver-document.html
16:57:16     INFO - ....
16:57:16     INFO - TEST-OK | /dom/nodes/MutationObserver-document.html | took 476ms
16:57:16     INFO - TEST-START | /dom/nodes/MutationObserver-inner-outer.html
16:57:17     INFO - ...
16:57:17     INFO - TEST-OK | /dom/nodes/MutationObserver-inner-outer.html | took 526ms
16:57:17     INFO - TEST-START | /dom/nodes/MutationObserver-takeRecords.html
16:57:17     INFO - ...
16:57:17     INFO - TEST-OK | /dom/nodes/MutationObserver-takeRecords.html | took 475ms
16:57:17     INFO - TEST-START | /dom/nodes/Node-appendChild.html
16:57:18     INFO - ...........
16:57:18     INFO - TEST-OK | /dom/nodes/Node-appendChild.html | took 523ms
16:57:18     INFO - TEST-START | /dom/nodes/Node-baseURI.html
16:57:18     INFO - ....
16:57:18     INFO - TEST-OK | /dom/nodes/Node-baseURI.html | took 520ms
16:57:18     INFO - TEST-START | /dom/nodes/Node-childNodes.html
16:57:19     INFO - .....
16:57:19     INFO - TEST-OK | /dom/nodes/Node-childNodes.html | took 469ms
16:57:19     INFO - TEST-START | /dom/nodes/Node-cloneNode.html
16:57:19     INFO - ........................................
16:57:19     INFO - TEST-OK | /dom/nodes/Node-cloneNode.html | took 492ms
16:57:19     INFO - TEST-START | /dom/nodes/Node-compareDocumentPosition.html
16:57:21     INFO - .........................................................................................................................................................................................................................................................................................................................................................................................................................................................................................................................................................................................................................................................................................................................................................................................................................................................................................................................................................................................................................................................................................................................................................................................................................................................................................................................................................................................................................
16:57:21     INFO - TEST-OK | /dom/nodes/Node-compareDocumentPosition.html | took 1626ms
16:57:21     INFO - TEST-START | /dom/nodes/Node-constants.html
16:57:21     INFO - ........
16:57:21     INFO - TEST-OK | /dom/nodes/Node-constants.html | took 427ms
16:57:21     INFO - TEST-START | /dom/nodes/Node-contains-xml.xml
16:57:22     INFO - ........
16:57:22     INFO - TEST-OK | /dom/nodes/Node-contains-xml.xml | took 625ms
16:57:22     INFO - TEST-START | /dom/nodes/Node-contains.html
16:57:24     INFO - ..............................................................................................................................................................................................................................................................................................................................................................................................................................................................................................................................................................................................................................................................................................................................................................................................................................................................................................................................................................................................................................................................................................................................................................................................................................................................................................................................................................................................................................................................
16:57:24     INFO - TEST-OK | /dom/nodes/Node-contains.html | took 1743ms
16:57:24     INFO - TEST-START | /dom/nodes/Node-insertBefore.html
16:57:25     INFO - ..........................
16:57:25     INFO - TEST-OK | /dom/nodes/Node-insertBefore.html | took 834ms
16:57:25     INFO - TEST-START | /dom/nodes/Node-isConnected.html
16:57:25     INFO - ..
16:57:25     INFO - TEST-OK | /dom/nodes/Node-isConnected.html | took 519ms
16:57:25     INFO - TEST-START | /dom/nodes/Node-isEqualNode-xhtml.xhtml
16:57:26     INFO - ..............
16:57:26     INFO - TEST-OK | /dom/nodes/Node-isEqualNode-xhtml.xhtml | took 575ms
16:57:26     INFO - TEST-START | /dom/nodes/Node-isEqualNode.html
16:57:26     INFO - .........
16:57:26     INFO - TEST-OK | /dom/nodes/Node-isEqualNode.html | took 533ms
16:57:26     INFO - TEST-START | /dom/nodes/Node-isSameNode.html
16:57:27     INFO - ........
16:57:27     INFO - TEST-OK | /dom/nodes/Node-isSameNode.html | took 522ms
16:57:27     INFO - TEST-START | /dom/nodes/Node-lookupNamespaceURI.html
16:57:27     INFO - ..........................................................
16:57:27     INFO - TEST-OK | /dom/nodes/Node-lookupNamespaceURI.html | took 608ms
16:57:27     INFO - TEST-START | /dom/nodes/Node-lookupPrefix.xhtml
16:57:28     INFO - ...........
16:57:28     INFO - TEST-OK | /dom/nodes/Node-lookupPrefix.xhtml | took 571ms
16:57:28     INFO - TEST-START | /dom/nodes/Node-nodeName-xhtml.xhtml
16:57:28     INFO - .......
16:57:28     INFO - TEST-OK | /dom/nodes/Node-nodeName-xhtml.xhtml | took 425ms
16:57:28     INFO - TEST-START | /dom/nodes/Node-nodeName.html
16:57:29     INFO - ......
16:57:29     INFO - TEST-OK | /dom/nodes/Node-nodeName.html | took 430ms
16:57:29     INFO - TEST-START | /dom/nodes/Node-nodeValue.html
16:57:29     INFO - .......
16:57:29     INFO - TEST-OK | /dom/nodes/Node-nodeValue.html | took 386ms
16:57:29     INFO - TEST-START | /dom/nodes/Node-normalize.html
16:57:30     INFO - ...
16:57:30     INFO - TEST-OK | /dom/nodes/Node-normalize.html | took 430ms
16:57:30     INFO - TEST-START | /dom/nodes/Node-parentElement.html
16:57:30     INFO - ............
16:57:30     INFO - TEST-OK | /dom/nodes/Node-parentElement.html | took 636ms
16:57:30     INFO - TEST-START | /dom/nodes/Node-parentNode.html
16:57:31     INFO - .....
16:57:31     INFO - TEST-OK | /dom/nodes/Node-parentNode.html | took 875ms
16:57:31     INFO - TEST-START | /dom/nodes/Node-properties.html
16:57:32     INFO - ...........................................................................................................................................................................................................................................................................................................................................................................................................................................................................................................................................................................................................................................................................................................................
16:57:32     INFO - TEST-OK | /dom/nodes/Node-properties.html | took 1099ms
16:57:32     INFO - TEST-START | /dom/nodes/Node-removeChild.html
16:57:33     INFO - ............................
16:57:33     INFO - TEST-OK | /dom/nodes/Node-removeChild.html | took 624ms
16:57:33     INFO - TEST-START | /dom/nodes/Node-replaceChild.html
16:57:34     INFO - ........................
16:57:34     INFO - TEST-OK | /dom/nodes/Node-replaceChild.html | took 597ms
16:57:34     INFO - TEST-START | /dom/nodes/Node-textContent.html
16:57:34     INFO - .................................................................................
16:57:34     INFO - TEST-OK | /dom/nodes/Node-textContent.html | took 659ms
16:57:34     INFO - TEST-START | /dom/nodes/NodeList-Iterable.html
16:57:35     INFO - ......
16:57:35     INFO - TEST-OK | /dom/nodes/NodeList-Iterable.html | took 583ms
16:57:35     INFO - TEST-START | /dom/nodes/ParentNode-append.html
16:57:35     INFO - ..............
16:57:35     INFO - TEST-OK | /dom/nodes/ParentNode-append.html | took 482ms
16:57:35     INFO - TEST-START | /dom/nodes/ParentNode-prepend.html
16:57:36     INFO - ..............
16:57:36     INFO - TEST-OK | /dom/nodes/ParentNode-prepend.html | took 431ms
16:57:36     INFO - TEST-START | /dom/nodes/ParentNode-querySelector-All-xht.xht
16:57:38     INFO - .......................................................................................................................................................................................................................................................................................................................................................................................................................................................................................................................................................................................................................................................................................................................................................................................................................................................................................................................................................................................................................................................................................................................................................................................................................................................................................................................................................................................................................................................................................................................................................................................................................................................................................................................................................................................................................................................................................................................................
16:57:38     INFO - TEST-OK | /dom/nodes/ParentNode-querySelector-All-xht.xht | took 2426ms
16:57:38     INFO - TEST-START | /dom/nodes/ParentNode-querySelector-All.html
16:57:41     INFO - .......................................................................................................................................................................................................................................................................................................................................................................................................................................................................................................................................................................................................................................................................................................................................................................................................................................................................................................................................................................................................................................................................................................................................................................................................................................................................................................................................................................................................................................................................................................................................................................................................................................................................................................................................................................................................................................................................................................................................
16:57:41     INFO - TEST-OK | /dom/nodes/ParentNode-querySelector-All.html | took 2610ms
16:57:41     INFO - TEST-START | /dom/nodes/ProcessingInstruction-escapes-1.xhtml
16:57:41     INFO - .
16:57:41     INFO - TEST-OK | /dom/nodes/ProcessingInstruction-escapes-1.xhtml | took 483ms
16:57:41     INFO - TEST-START | /dom/nodes/ProcessingInstruction-literal-1.xhtml
16:57:42     INFO - .
16:57:42     INFO - TEST-OK | /dom/nodes/ProcessingInstruction-literal-1.xhtml | took 518ms
16:57:42     INFO - TEST-START | /dom/nodes/ProcessingInstruction-literal-2.xhtml
16:57:42     INFO - .
16:57:42     INFO - TEST-OK | /dom/nodes/ProcessingInstruction-literal-2.xhtml | took 571ms
16:57:42     INFO - TEST-START | /dom/nodes/Text-constructor.html
16:57:43     INFO - ................
16:57:43     INFO - TEST-OK | /dom/nodes/Text-constructor.html | took 583ms
16:57:43     INFO - TEST-START | /dom/nodes/Text-splitText.html
16:57:43     INFO - ......
16:57:43     INFO - TEST-OK | /dom/nodes/Text-splitText.html | took 478ms
16:57:43     INFO - TEST-START | /dom/nodes/append-on-Document.html
16:57:44     INFO - .....
16:57:44     INFO - TEST-OK | /dom/nodes/append-on-Document.html | took 468ms
16:57:44     INFO - TEST-START | /dom/nodes/attributes.html
16:57:45     INFO - ........................................................
16:57:45     INFO - TEST-OK | /dom/nodes/attributes.html | took 539ms
16:57:45     INFO - TEST-START | /dom/nodes/case.html
16:57:45     INFO - PROCESS | 2153 | JavaScript warning: http://web-platform.test:8000/dom/nodes/case.js, line 168: unreachable code after return statement
16:57:45     INFO - PROCESS | 2153 | JavaScript warning: http://web-platform.test:8000/dom/nodes/case.js, line 168: unreachable code after return statement
16:57:45     INFO - .............................................................................................................................................................................................................................................................................................
16:57:45     INFO - TEST-OK | /dom/nodes/case.html | took 782ms
16:57:45     INFO - TEST-START | /dom/nodes/getElementsByClassName-01.htm
16:57:46     INFO - .
16:57:46     INFO - TEST-OK | /dom/nodes/getElementsByClassName-01.htm | took 519ms
16:57:46     INFO - TEST-START | /dom/nodes/getElementsByClassName-02.htm
16:57:46     INFO - .
16:57:46     INFO - TEST-OK | /dom/nodes/getElementsByClassName-02.htm | took 575ms
16:57:46     INFO - TEST-START | /dom/nodes/getElementsByClassName-03.htm
16:57:47     INFO - .
16:57:47     INFO - TEST-OK | /dom/nodes/getElementsByClassName-03.htm | took 587ms
16:57:47     INFO - TEST-START | /dom/nodes/getElementsByClassName-04.htm
16:57:48     INFO - .
16:57:48     INFO - TEST-OK | /dom/nodes/getElementsByClassName-04.htm | took 971ms
16:57:48     INFO - TEST-START | /dom/nodes/getElementsByClassName-05.htm
16:57:48     INFO - .
16:57:48     INFO - TEST-OK | /dom/nodes/getElementsByClassName-05.htm | took 478ms
16:57:48     INFO - TEST-START | /dom/nodes/getElementsByClassName-06.htm
16:57:49     INFO - .
16:57:49     INFO - TEST-OK | /dom/nodes/getElementsByClassName-06.htm | took 471ms
16:57:49     INFO - TEST-START | /dom/nodes/getElementsByClassName-07.htm
16:57:49     INFO - .
16:57:49     INFO - TEST-OK | /dom/nodes/getElementsByClassName-07.htm | took 419ms
16:57:49     INFO - TEST-START | /dom/nodes/getElementsByClassName-08.htm
16:57:50     INFO - .
16:57:50     INFO - TEST-OK | /dom/nodes/getElementsByClassName-08.htm | took 534ms
16:57:50     INFO - TEST-START | /dom/nodes/getElementsByClassName-09.htm
16:57:50     INFO - .
16:57:50     INFO - TEST-OK | /dom/nodes/getElementsByClassName-09.htm | took 486ms
16:57:50     INFO - TEST-START | /dom/nodes/getElementsByClassName-10.xml
16:57:51     INFO - .
16:57:51     INFO - TEST-OK | /dom/nodes/getElementsByClassName-10.xml | took 522ms
16:57:51     INFO - TEST-START | /dom/nodes/getElementsByClassName-11.xml
16:57:51     INFO - .
16:57:51     INFO - TEST-OK | /dom/nodes/getElementsByClassName-11.xml | took 520ms
16:57:51     INFO - TEST-START | /dom/nodes/getElementsByClassName-12.htm
16:57:52     INFO - .
16:57:52     INFO - TEST-OK | /dom/nodes/getElementsByClassName-12.htm | took 425ms
16:57:52     INFO - TEST-START | /dom/nodes/getElementsByClassName-13.htm
16:57:52     INFO - .
16:57:52     INFO - TEST-OK | /dom/nodes/getElementsByClassName-13.htm | took 379ms
16:57:52     INFO - TEST-START | /dom/nodes/getElementsByClassName-14.htm
16:57:53     INFO - .
16:57:53     INFO - TEST-OK | /dom/nodes/getElementsByClassName-14.htm | took 429ms
16:57:53     INFO - TEST-START | /dom/nodes/getElementsByClassName-15.htm
16:57:53     INFO - .
16:57:53     INFO - TEST-OK | /dom/nodes/getElementsByClassName-15.htm | took 469ms
16:57:53     INFO - TEST-START | /dom/nodes/getElementsByClassName-16.htm
16:57:54     INFO - .
16:57:54     INFO - TEST-OK | /dom/nodes/getElementsByClassName-16.htm | took 526ms
16:57:54     INFO - TEST-START | /dom/nodes/getElementsByClassName-17.htm
16:57:55     INFO - .
16:57:55     INFO - TEST-OK | /dom/nodes/getElementsByClassName-17.htm | took 775ms
16:57:55     INFO - TEST-START | /dom/nodes/getElementsByClassName-18.htm
16:57:55     INFO - .
16:57:55     INFO - TEST-OK | /dom/nodes/getElementsByClassName-18.htm | took 572ms
16:57:55     INFO - TEST-START | /dom/nodes/getElementsByClassName-19.htm
16:57:56     INFO - .
16:57:56     INFO - TEST-OK | /dom/nodes/getElementsByClassName-19.htm | took 523ms
16:57:56     INFO - TEST-START | /dom/nodes/getElementsByClassName-20.htm
16:57:56     INFO - .
16:57:56     INFO - TEST-OK | /dom/nodes/getElementsByClassName-20.htm | took 477ms
16:57:56     INFO - TEST-START | /dom/nodes/getElementsByClassName-21.htm
16:57:57     INFO - .
16:57:57     INFO - TEST-OK | /dom/nodes/getElementsByClassName-21.htm | took 473ms
16:57:57     INFO - TEST-START | /dom/nodes/getElementsByClassName-22.htm
16:57:57     INFO - .
16:57:57     INFO - TEST-OK | /dom/nodes/getElementsByClassName-22.htm | took 486ms
16:57:57     INFO - TEST-START | /dom/nodes/getElementsByClassName-23.htm
16:57:58     INFO - .
16:57:58     INFO - TEST-OK | /dom/nodes/getElementsByClassName-23.htm | took 525ms
16:57:58     INFO - TEST-START | /dom/nodes/getElementsByClassName-24.htm
16:57:58     INFO - .
16:57:58     INFO - TEST-OK | /dom/nodes/getElementsByClassName-24.htm | took 673ms
16:57:58     INFO - TEST-START | /dom/nodes/getElementsByClassName-25.htm
16:57:59     INFO - .
16:57:59     INFO - TEST-OK | /dom/nodes/getElementsByClassName-25.htm | took 420ms
16:57:59     INFO - TEST-START | /dom/nodes/getElementsByClassName-26.htm
16:57:59     INFO - .
16:57:59     INFO - TEST-OK | /dom/nodes/getElementsByClassName-26.htm | took 421ms
16:57:59     INFO - TEST-START | /dom/nodes/getElementsByClassName-27.htm
16:58:00     INFO - .
16:58:00     INFO - TEST-OK | /dom/nodes/getElementsByClassName-27.htm | took 472ms
16:58:00     INFO - TEST-START | /dom/nodes/getElementsByClassName-28.htm
16:58:00     INFO - .
16:58:00     INFO - TEST-OK | /dom/nodes/getElementsByClassName-28.htm | took 524ms
16:58:00     INFO - TEST-START | /dom/nodes/getElementsByClassName-29.htm
16:58:01     INFO - .
16:58:01     INFO - TEST-OK | /dom/nodes/getElementsByClassName-29.htm | took 521ms
16:58:01     INFO - TEST-START | /dom/nodes/getElementsByClassName-30.htm
16:58:02     INFO - .
16:58:02     INFO - TEST-OK | /dom/nodes/getElementsByClassName-30.htm | took 783ms
16:58:02     INFO - TEST-START | /dom/nodes/getElementsByClassName-31.htm
16:58:02     INFO - .
16:58:02     INFO - TEST-OK | /dom/nodes/getElementsByClassName-31.htm | took 669ms
16:58:02     INFO - TEST-START | /dom/nodes/insert-adjacent.html
16:58:03     INFO - ..............
16:58:03     INFO - TEST-OK | /dom/nodes/insert-adjacent.html | took 1027ms
16:58:03     INFO - TEST-START | /dom/nodes/prepend-on-Document.html
16:58:04     INFO - .....
16:58:04     INFO - TEST-OK | /dom/nodes/prepend-on-Document.html | took 527ms
16:58:04     INFO - TEST-START | /dom/nodes/remove-unscopable.html
16:58:04     INFO - ......
16:58:04     INFO - TEST-OK | /dom/nodes/remove-unscopable.html | took 469ms
16:58:04     INFO - TEST-START | /dom/nodes/rootNode.html
16:58:04     INFO - Setting pref dom.node.rootNode.enabled (true)
16:58:05     INFO - ....
16:58:05     INFO - TEST-OK | /dom/nodes/rootNode.html | took 513ms
16:58:05     INFO - TEST-START | /eventsource/shared-worker/eventsource-close.htm
16:58:05     INFO - Clearing pref dom.node.rootNode.enabled
16:58:05     INFO - .
16:58:05     INFO - TEST-OK | /eventsource/shared-worker/eventsource-close.htm | took 537ms
16:58:05     INFO - TEST-START | /eventsource/shared-worker/eventsource-constructor-non-same-origin.htm
16:58:06     INFO - ......
16:58:06     INFO - TEST-OK | /eventsource/shared-worker/eventsource-constructor-non-same-origin.htm | took 783ms
16:58:06     INFO - TEST-START | /eventsource/shared-worker/eventsource-constructor-url-bogus.htm
16:58:07     INFO - .
16:58:07     INFO - TEST-OK | /eventsource/shared-worker/eventsource-constructor-url-bogus.htm | took 689ms
16:58:07     INFO - TEST-START | /eventsource/shared-worker/eventsource-eventtarget.htm
16:58:07     INFO - .
16:58:07     INFO - TEST-OK | /eventsource/shared-worker/eventsource-eventtarget.htm | took 425ms
16:58:07     INFO - TEST-START | /eventsource/shared-worker/eventsource-onmesage.htm
16:58:08     INFO - .
16:58:08     INFO - TEST-OK | /eventsource/shared-worker/eventsource-onmesage.htm | took 475ms
16:58:08     INFO - TEST-START | /eventsource/shared-worker/eventsource-onopen.htm
16:58:09     INFO - .
16:58:09     INFO - TEST-OK | /eventsource/shared-worker/eventsource-onopen.htm | took 824ms
16:58:09     INFO - TEST-START | /eventsource/shared-worker/eventsource-prototype.htm
16:58:09     INFO - .
16:58:09     INFO - TEST-OK | /eventsource/shared-worker/eventsource-prototype.htm | took 624ms
16:58:09     INFO - TEST-START | /eventsource/shared-worker/eventsource-url.htm
16:58:10     INFO - .
16:58:10     INFO - TEST-OK | /eventsource/shared-worker/eventsource-url.htm | took 573ms
16:58:10     INFO - TEST-START | /fetch/api/cors/cors-basic-worker.html
16:58:11     INFO - ...............
16:58:11     INFO - TEST-OK | /fetch/api/cors/cors-basic-worker.html | took 974ms
16:58:11     INFO - TEST-START | /fetch/api/cors/cors-basic.html
16:58:12     INFO - ...............
16:58:12     INFO - TEST-OK | /fetch/api/cors/cors-basic.html | took 776ms
16:58:12     INFO - TEST-START | /fetch/api/cors/cors-cookies-worker.html
16:58:12     INFO - ......
16:58:12     INFO - TEST-OK | /fetch/api/cors/cors-cookies-worker.html | took 687ms
16:58:12     INFO - TEST-START | /fetch/api/cors/cors-cookies.html
16:58:13     INFO - ......
16:58:13     INFO - TEST-OK | /fetch/api/cors/cors-cookies.html | took 678ms
16:58:13     INFO - TEST-START | /fetch/api/cors/cors-filtering-worker.html
16:58:14     INFO - ................
16:58:14     INFO - TEST-OK | /fetch/api/cors/cors-filtering-worker.html | took 737ms
16:58:14     INFO - TEST-START | /fetch/api/cors/cors-filtering.html
16:58:14     INFO - ................
16:58:14     INFO - TEST-OK | /fetch/api/cors/cors-filtering.html | took 675ms
16:58:14     INFO - TEST-START | /fetch/api/cors/cors-multiple-origins-worker.html
16:58:16     INFO - ......
16:58:16     INFO - TEST-OK | /fetch/api/cors/cors-multiple-origins-worker.html | took 1083ms
16:58:16     INFO - TEST-START | /fetch/api/cors/cors-multiple-origins.html
16:58:16     INFO - ......
16:58:16     INFO - TEST-OK | /fetch/api/cors/cors-multiple-origins.html | took 870ms
16:58:16     INFO - TEST-START | /fetch/api/cors/cors-no-preflight-worker.html
16:58:18     INFO - ...............
16:58:18     INFO - TEST-OK | /fetch/api/cors/cors-no-preflight-worker.html | took 1483ms
16:58:18     INFO - TEST-START | /fetch/api/cors/cors-no-preflight.html
16:58:19     INFO - ...............
16:58:19     INFO - TEST-OK | /fetch/api/cors/cors-no-preflight.html | took 1374ms
16:58:19     INFO - TEST-START | /fetch/api/cors/cors-origin-worker.html
16:58:21     INFO - .................
16:58:21     INFO - TEST-OK | /fetch/api/cors/cors-origin-worker.html | took 1637ms
16:58:21     INFO - TEST-START | /fetch/api/cors/cors-origin.html
16:58:22     INFO - .................
16:58:22     INFO - TEST-OK | /fetch/api/cors/cors-origin.html | took 1536ms
16:58:22     INFO - TEST-START | /fetch/api/cors/cors-preflight-redirect-worker.html
16:58:24     INFO - ..........
16:58:24     INFO - TEST-OK | /fetch/api/cors/cors-preflight-redirect-worker.html | took 1025ms
16:58:24     INFO - TEST-START | /fetch/api/cors/cors-preflight-redirect.html
16:58:24     INFO - ..........
16:58:24     INFO - TEST-OK | /fetch/api/cors/cors-preflight-redirect.html | took 842ms
16:58:24     INFO - TEST-START | /fetch/api/cors/cors-preflight-referrer-worker.html
16:58:25     INFO - ..........
16:58:25     INFO - TEST-OK | /fetch/api/cors/cors-preflight-referrer-worker.html | took 1038ms
16:58:25     INFO - TEST-START | /fetch/api/cors/cors-preflight-referrer.html
16:58:26     INFO - ..........
16:58:26     INFO - TEST-OK | /fetch/api/cors/cors-preflight-referrer.html | took 833ms
16:58:26     INFO - TEST-START | /fetch/api/cors/cors-preflight-status-worker.html
16:58:27     INFO - ...........................
16:58:27     INFO - TEST-OK | /fetch/api/cors/cors-preflight-status-worker.html | took 851ms
16:58:27     INFO - TEST-START | /fetch/api/cors/cors-preflight-status.html
16:58:28     INFO - ...........................
16:58:28     INFO - TEST-OK | /fetch/api/cors/cors-preflight-status.html | took 984ms
16:58:28     INFO - TEST-START | /fetch/api/cors/cors-preflight-worker.html
16:58:29     INFO - ..............
16:58:29     INFO - TEST-OK | /fetch/api/cors/cors-preflight-worker.html | took 1082ms
16:58:29     INFO - TEST-START | /fetch/api/cors/cors-preflight.html
16:58:31     INFO - ..............
16:58:31     INFO - TEST-OK | /fetch/api/cors/cors-preflight.html | took 1292ms
16:58:31     INFO - TEST-START | /fetch/api/cors/cors-redirect-credentials-worker.html
16:58:34     INFO - ............................................................
16:58:34     INFO - TEST-OK | /fetch/api/cors/cors-redirect-credentials-worker.html | took 3410ms
16:58:34     INFO - TEST-START | /fetch/api/cors/cors-redirect-credentials.html
16:58:37     INFO - ............................................................
16:58:37     INFO - TEST-OK | /fetch/api/cors/cors-redirect-credentials.html | took 3203ms
16:58:37     INFO - TEST-START | /fetch/api/cors/cors-redirect-preflight-worker.html
16:58:39     INFO - ..............................
16:58:39     INFO - TEST-OK | /fetch/api/cors/cors-redirect-preflight-worker.html | took 1694ms
16:58:39     INFO - TEST-START | /fetch/api/cors/cors-redirect-preflight.html
16:58:40     INFO - ..............................
16:58:40     INFO - TEST-OK | /fetch/api/cors/cors-redirect-preflight.html | took 1490ms
16:58:40     INFO - TEST-START | /fetch/api/cors/cors-redirect-worker.html
16:58:41     INFO - ....................
16:58:41     INFO - TEST-OK | /fetch/api/cors/cors-redirect-worker.html | took 939ms
16:58:41     INFO - TEST-START | /fetch/api/cors/cors-redirect.html
16:58:42     INFO - ....................
16:58:42     INFO - TEST-OK | /fetch/api/cors/cors-redirect.html | took 1091ms
16:58:43     INFO - TEST-START | /fetch/api/headers/headers-basic.html
16:58:43     INFO - ..................
16:58:43     INFO - TEST-OK | /fetch/api/headers/headers-basic.html | took 479ms
16:58:43     INFO - TEST-START | /fetch/api/headers/headers-casing.html
16:58:44     INFO - ....
16:58:44     INFO - TEST-OK | /fetch/api/headers/headers-casing.html | took 569ms
16:58:44     INFO - TEST-START | /fetch/api/headers/headers-combine.html
16:58:44     INFO - ....
16:58:44     INFO - TEST-OK | /fetch/api/headers/headers-combine.html | took 574ms
16:58:44     INFO - TEST-START | /fetch/api/headers/headers-errors.html
16:58:45     INFO - ..................
16:58:45     INFO - TEST-OK | /fetch/api/headers/headers-errors.html | took 726ms
16:58:45     INFO - TEST-START | /fetch/api/headers/headers-idl.html
16:58:46     INFO - ......................
16:58:46     INFO - TEST-OK | /fetch/api/headers/headers-idl.html | took 626ms
16:58:46     INFO - TEST-START | /fetch/api/headers/headers-normalize.html
16:58:46     INFO - ...
16:58:46     INFO - TEST-OK | /fetch/api/headers/headers-normalize.html | took 475ms
16:58:46     INFO - TEST-START | /fetch/api/headers/headers-structure.html
16:58:46     INFO - ........
16:58:46     INFO - TEST-OK | /fetch/api/headers/headers-structure.html | took 436ms
16:58:46     INFO - TEST-START | /fetch/api/policies/csp-blocked-worker.html
16:58:47     INFO - .
16:58:47     INFO - TEST-OK | /fetch/api/policies/csp-blocked-worker.html | took 521ms
16:58:47     INFO - TEST-START | /fetch/api/policies/csp-blocked.html
16:58:47     INFO - .
16:58:47     INFO - TEST-OK | /fetch/api/policies/csp-blocked.html | took 519ms
16:58:48     INFO - TEST-START | /fetch/api/policies/referrer-no-referrer-worker.html
16:58:48     INFO - .
16:58:48     INFO - TEST-OK | /fetch/api/policies/referrer-no-referrer-worker.html | took 518ms
16:58:48     INFO - TEST-START | /fetch/api/policies/referrer-no-referrer.html
16:58:48     INFO - .
16:58:48     INFO - TEST-OK | /fetch/api/policies/referrer-no-referrer.html | took 426ms
16:58:48     INFO - TEST-START | /fetch/api/policies/referrer-origin-when-cross-origin-worker.html
16:58:49     INFO - .
16:58:49     INFO - TEST-OK | /fetch/api/policies/referrer-origin-when-cross-origin-worker.html | took 475ms
16:58:49     INFO - TEST-START | /fetch/api/policies/referrer-origin-when-cross-origin.html
16:58:49     INFO - .
16:58:49     INFO - TEST-OK | /fetch/api/policies/referrer-origin-when-cross-origin.html | took 421ms
16:58:49     INFO - TEST-START | /fetch/api/policies/referrer-origin-worker.html
16:58:50     INFO - ..
16:58:50     INFO - TEST-OK | /fetch/api/policies/referrer-origin-worker.html | took 520ms
16:58:50     INFO - TEST-START | /fetch/api/policies/referrer-origin.html
16:58:50     INFO - ..
16:58:50     INFO - TEST-OK | /fetch/api/policies/referrer-origin.html | took 475ms
16:58:50     INFO - TEST-START | /fetch/api/policies/referrer-unsafe-url-worker.html
16:58:51     INFO - .
16:58:51     INFO - TEST-OK | /fetch/api/policies/referrer-unsafe-url-worker.html | took 518ms
16:58:51     INFO - TEST-START | /fetch/api/policies/referrer-unsafe-url.html
16:58:52     INFO - .
16:58:52     INFO - TEST-OK | /fetch/api/policies/referrer-unsafe-url.html | took 618ms
16:58:52     INFO - TEST-START | /fetch/api/response/response-cancel-stream.html
16:58:58     INFO - ......
16:58:58     INFO - TEST-OK | /fetch/api/response/response-cancel-stream.html | took 6745ms
16:58:58     INFO - TEST-START | /fetch/api/response/response-clone.html
16:59:02     INFO - .......
16:59:02     INFO - TEST-OK | /fetch/api/response/response-clone.html | took 3591ms
16:59:02     INFO - TEST-START | /fetch/api/response/response-consume-empty.html
16:59:02     INFO - .........
16:59:02     INFO - TEST-OK | /fetch/api/response/response-consume-empty.html | took 539ms
16:59:02     INFO - TEST-START | /fetch/api/response/response-consume-stream.html
16:59:03     INFO - ........
16:59:03     INFO - TEST-OK | /fetch/api/response/response-consume-stream.html | took 523ms
16:59:03     INFO - TEST-START | /fetch/api/response/response-consume.html
16:59:04     INFO - ................
16:59:04     INFO - TEST-OK | /fetch/api/response/response-consume.html | took 588ms
16:59:04     INFO - TEST-START | /fetch/api/response/response-error.html
16:59:04     INFO - ..........
16:59:04     INFO - TEST-OK | /fetch/api/response/response-error.html | took 481ms
16:59:04     INFO - TEST-START | /fetch/api/response/response-idl.html
16:59:05     INFO - ........................................
16:59:05     INFO - TEST-OK | /fetch/api/response/response-idl.html | took 689ms
16:59:05     INFO - TEST-START | /fetch/api/response/response-init-001.html
16:59:05     INFO - ........
16:59:05     INFO - TEST-OK | /fetch/api/response/response-init-001.html | took 469ms
16:59:05     INFO - TEST-START | /fetch/api/response/response-init-002.html
16:59:06     INFO - .......
16:59:06     INFO - TEST-OK | /fetch/api/response/response-init-002.html | took 671ms
16:59:06     INFO - TEST-START | /fetch/api/response/response-static-error.html
16:59:06     INFO - .
16:59:06     INFO - TEST-OK | /fetch/api/response/response-static-error.html | took 577ms
16:59:06     INFO - TEST-START | /fetch/api/response/response-static-redirect.html
16:59:07     INFO - ...........
16:59:07     INFO - TEST-OK | /fetch/api/response/response-static-redirect.html | took 478ms
16:59:07     INFO - TEST-START | /fetch/api/response/response-stream-disturbed-1.html
16:59:08     INFO - ....
16:59:08     INFO - TEST-OK | /fetch/api/response/response-stream-disturbed-1.html | took 520ms
16:59:08     INFO - TEST-START | /fetch/api/response/response-stream-disturbed-2.html
16:59:08     INFO - ....
16:59:08     INFO - TEST-OK | /fetch/api/response/response-stream-disturbed-2.html | took 523ms
16:59:08     INFO - TEST-START | /fetch/api/response/response-stream-disturbed-3.html
16:59:09     INFO - ....
16:59:09     INFO - TEST-OK | /fetch/api/response/response-stream-disturbed-3.html | took 527ms
16:59:09     INFO - TEST-START | /fetch/api/response/response-stream-disturbed-4.html
16:59:09     INFO - ....
16:59:09     INFO - TEST-OK | /fetch/api/response/response-stream-disturbed-4.html | took 477ms
16:59:09     INFO - TEST-START | /fetch/api/response/response-stream-disturbed-5.html
16:59:09     INFO - ....
16:59:09     INFO - TEST-OK | /fetch/api/response/response-stream-disturbed-5.html | took 421ms
16:59:09     INFO - TEST-START | /hr-time/basic.html
16:59:12     INFO - .....
16:59:12     INFO - TEST-OK | /hr-time/basic.html | took 2381ms
16:59:12     INFO - TEST-START | /hr-time/basic.worker
16:59:12     INFO - ...
16:59:12     INFO - TEST-OK | /hr-time/basic.worker | took 619ms
16:59:12     INFO - TEST-START | /hr-time/idlharness.html
16:59:13     INFO - ....
16:59:13     INFO - TEST-OK | /hr-time/idlharness.html | took 688ms
16:59:13     INFO - TEST-START | /hr-time/monotonic-clock.html
16:59:14     INFO - ..
16:59:14     INFO - TEST-OK | /hr-time/monotonic-clock.html | took 528ms
16:59:14     INFO - TEST-START | /hr-time/test_cross_frame_start.html
16:59:15     INFO - .....
16:59:15     INFO - TEST-OK | /hr-time/test_cross_frame_start.html | took 1530ms
16:59:15     INFO - TEST-START | /html-imports/html-link-element/import-attribute.html
16:59:16     INFO - ....
16:59:16     INFO - TEST-OK | /html-imports/html-link-element/import-attribute.html | took 576ms
16:59:16     INFO - TEST-START | /html/browsers/browsing-the-web/history-traversal/persisted-user-state-restoration/resume-timer-on-history-back.html
16:59:20     INFO - ..
16:59:20     INFO - TEST-OK | /html/browsers/browsing-the-web/history-traversal/persisted-user-state-restoration/resume-timer-on-history-back.html | took 4405ms
16:59:20     INFO - TEST-START | /html/browsers/browsing-the-web/history-traversal/persisted-user-state-restoration/scroll-restoration-basic.html
16:59:21     INFO - ...
16:59:21     INFO - TEST-OK | /html/browsers/browsing-the-web/history-traversal/persisted-user-state-restoration/scroll-restoration-basic.html | took 571ms
16:59:21     INFO - TEST-START | /html/browsers/browsing-the-web/history-traversal/persisted-user-state-restoration/scroll-restoration-fragment-scrolling-cross-origin.html
16:59:22     INFO - PROCESS | 2153 | JavaScript error: , line 0: Error: assert_equals: navigating back should retain scrollRestoration value expected "manual" but got "auto"
17:00:21     INFO - PROCESS | 2153 | MARIONETTE LOG: INFO: Timeout fired
17:00:21     INFO - .
17:00:21     INFO - TEST-ERROR | /html/browsers/browsing-the-web/history-traversal/persisted-user-state-restoration/scroll-restoration-fragment-scrolling-cross-origin.html | took 60364ms
17:00:21     INFO - TEST-START | /html/browsers/browsing-the-web/history-traversal/persisted-user-state-restoration/scroll-restoration-fragment-scrolling-samedoc.html
17:00:22     INFO - .
17:00:22     INFO - TEST-OK | /html/browsers/browsing-the-web/history-traversal/persisted-user-state-restoration/scroll-restoration-fragment-scrolling-samedoc.html | took 681ms
17:00:22     INFO - TEST-START | /html/browsers/browsing-the-web/history-traversal/persisted-user-state-restoration/scroll-restoration-navigation-cross-origin.html
17:00:23     INFO - .
17:00:23     INFO - TEST-OK | /html/browsers/browsing-the-web/history-traversal/persisted-user-state-restoration/scroll-restoration-navigation-cross-origin.html | took 876ms
17:00:23     INFO - TEST-START | /html/browsers/browsing-the-web/history-traversal/persisted-user-state-restoration/scroll-restoration-navigation-samedoc.html
17:00:24     INFO - .
17:00:24     INFO - TEST-OK | /html/browsers/browsing-the-web/history-traversal/persisted-user-state-restoration/scroll-restoration-navigation-samedoc.html | took 881ms
17:00:24     INFO - TEST-START | /html/browsers/browsing-the-web/navigating-across-documents/001.html
17:00:24     INFO - .
17:00:24     INFO - TEST-OK | /html/browsers/browsing-the-web/navigating-across-documents/001.html | took 622ms
17:00:24     INFO - TEST-START | /html/browsers/browsing-the-web/navigating-across-documents/002.html
17:00:25     INFO - .
17:00:25     INFO - TEST-OK | /html/browsers/browsing-the-web/navigating-across-documents/002.html | took 1084ms
17:00:25     INFO - TEST-START | /html/browsers/browsing-the-web/navigating-across-documents/003.html
17:00:26     INFO - .
17:00:26     INFO - TEST-OK | /html/browsers/browsing-the-web/navigating-across-documents/003.html | took 834ms
17:00:26     INFO - TEST-START | /html/browsers/browsing-the-web/navigating-across-documents/004.html
17:00:27     INFO - .
17:00:27     INFO - TEST-OK | /html/browsers/browsing-the-web/navigating-across-documents/004.html | took 740ms
17:00:27     INFO - TEST-START | /html/browsers/browsing-the-web/navigating-across-documents/005.html
17:00:28     INFO - .
17:00:28     INFO - TEST-OK | /html/browsers/browsing-the-web/navigating-across-documents/005.html | took 627ms
17:00:28     INFO - TEST-START | /html/browsers/browsing-the-web/navigating-across-documents/006.html
17:00:29     INFO - .
17:00:29     INFO - TEST-OK | /html/browsers/browsing-the-web/navigating-across-documents/006.html | took 886ms
17:00:29     INFO - TEST-START | /html/browsers/browsing-the-web/navigating-across-documents/007.html
17:00:29     INFO - .
17:00:29     INFO - TEST-OK | /html/browsers/browsing-the-web/navigating-across-documents/007.html | took 619ms
17:00:29     INFO - TEST-START | /html/browsers/browsing-the-web/navigating-across-documents/008.html
17:00:30     INFO - .
17:00:30     INFO - TEST-OK | /html/browsers/browsing-the-web/navigating-across-documents/008.html | took 568ms
17:00:30     INFO - TEST-START | /html/browsers/browsing-the-web/navigating-across-documents/009.html
17:00:30     INFO - .
17:00:30     INFO - TEST-OK | /html/browsers/browsing-the-web/navigating-across-documents/009.html | took 574ms
17:00:30     INFO - TEST-START | /html/browsers/browsing-the-web/navigating-across-documents/010.html
17:00:31     INFO - PROCESS | 2153 | JavaScript error: javascript:(function()%20{var%20x%20=%20new%20XMLHttpRequest();%20x.open('GET',%20'blank.html?pipe=trickle(d2)',%20false);%20x.send();%20document.write('<script>parent.postMessage("write",%20"*")</script>');%20return%20'<script>parent.postMessage("click",%20"*")</script>'})(), line 1: NetworkError: A network error occurred.
17:00:31     INFO - .
17:00:31     INFO - TEST-OK | /html/browsers/browsing-the-web/navigating-across-documents/010.html | took 674ms
17:00:31     INFO - TEST-START | /html/browsers/browsing-the-web/navigating-across-documents/011.html
17:00:32     INFO - .
17:00:32     INFO - TEST-OK | /html/browsers/browsing-the-web/navigating-across-documents/011.html | took 730ms
17:00:32     INFO - TEST-START | /html/browsers/browsing-the-web/navigating-across-documents/012.html
17:00:34     INFO - .
17:00:34     INFO - TEST-OK | /html/browsers/browsing-the-web/navigating-across-documents/012.html | took 2496ms
17:00:34     INFO - TEST-START | /html/browsers/browsing-the-web/navigating-across-documents/013.html
17:00:35     INFO - .
17:00:35     INFO - TEST-OK | /html/browsers/browsing-the-web/navigating-across-documents/013.html | took 723ms
17:00:35     INFO - TEST-START | /html/browsers/browsing-the-web/navigating-across-documents/014.html
17:00:36     INFO - .
17:00:36     INFO - TEST-OK | /html/browsers/browsing-the-web/navigating-across-documents/014.html | took 720ms
17:00:36     INFO - TEST-START | /html/browsers/browsing-the-web/navigating-across-documents/015.html
17:00:36     INFO - .
17:00:36     INFO - TEST-OK | /html/browsers/browsing-the-web/navigating-across-documents/015.html | took 575ms
17:00:36     INFO - TEST-START | /html/browsers/browsing-the-web/navigating-across-documents/child_navigates_parent_location.html
17:00:37     INFO - .
17:00:37     INFO - TEST-OK | /html/browsers/browsing-the-web/navigating-across-documents/child_navigates_parent_location.html | took 672ms
17:00:37     INFO - TEST-START | /html/browsers/browsing-the-web/navigating-across-documents/child_navigates_parent_submit.html
17:00:38     INFO - .
17:00:38     INFO - TEST-OK | /html/browsers/browsing-the-web/navigating-across-documents/child_navigates_parent_submit.html | took 719ms
17:00:38     INFO - TEST-START | /html/browsers/browsing-the-web/navigating-across-documents/empty_fragment.html
17:00:40     INFO - .
17:00:40     INFO - TEST-OK | /html/browsers/browsing-the-web/navigating-across-documents/empty_fragment.html | took 2478ms
17:00:40     INFO - TEST-START | /html/browsers/browsing-the-web/navigating-across-documents/javascript-url-query-fragment-components.html
17:00:41     INFO - .
17:00:41     INFO - TEST-OK | /html/browsers/browsing-the-web/navigating-across-documents/javascript-url-query-fragment-components.html | took 522ms
17:00:41     INFO - TEST-START | /html/browsers/browsing-the-web/navigating-across-documents/javascript-url-return-value-handling.html
17:00:41     INFO - .
17:00:41     INFO - TEST-OK | /html/browsers/browsing-the-web/navigating-across-documents/javascript-url-return-value-handling.html | took 675ms
17:00:41     INFO - TEST-START | /html/browsers/browsing-the-web/navigating-across-documents/navigation_unload_data_url.html
17:00:43     INFO - .
17:00:43     INFO - TEST-OK | /html/browsers/browsing-the-web/navigating-across-documents/navigation_unload_data_url.html | took 1078ms
17:00:43     INFO - TEST-START | /html/browsers/browsing-the-web/navigating-across-documents/navigation_unload_same_origin.html
17:00:43     INFO - .
17:00:43     INFO - TEST-OK | /html/browsers/browsing-the-web/navigating-across-documents/navigation_unload_same_origin.html | took 670ms
17:00:43     INFO - TEST-START | /html/browsers/browsing-the-web/read-media/pageload-image.html
17:00:44     INFO - .
17:00:44     INFO - TEST-OK | /html/browsers/browsing-the-web/read-media/pageload-image.html | took 526ms
17:00:44     INFO - TEST-START | /html/browsers/browsing-the-web/read-media/pageload-video.html
17:00:44     INFO - .
17:00:44     INFO - TEST-OK | /html/browsers/browsing-the-web/read-media/pageload-video.html | took 673ms
17:00:44     INFO - TEST-START | /html/browsers/browsing-the-web/unloading-documents/unload/001.html
17:00:45     INFO - .
17:00:45     INFO - TEST-OK | /html/browsers/browsing-the-web/unloading-documents/unload/001.html | took 874ms
17:00:45     INFO - TEST-START | /html/browsers/browsing-the-web/unloading-documents/unload/002.html
17:00:46     INFO - PROCESS | 2153 | JavaScript error: http://web-platform.test:8000/html/browsers/browsing-the-web/unloading-documents/unload/002-1.html?0.564487426237886, line 3: TypeError: parent.do_test is not a function
17:00:46     INFO - .
17:00:46     INFO - TEST-OK | /html/browsers/browsing-the-web/unloading-documents/unload/002.html | took 778ms
17:00:46     INFO - TEST-START | /html/browsers/browsing-the-web/unloading-documents/unload/003.html
17:00:47     INFO - .
17:00:47     INFO - TEST-OK | /html/browsers/browsing-the-web/unloading-documents/unload/003.html | took 780ms
17:00:47     INFO - TEST-START | /html/browsers/browsing-the-web/unloading-documents/unload/004.html
17:00:48     INFO - .
17:00:48     INFO - TEST-OK | /html/browsers/browsing-the-web/unloading-documents/unload/004.html | took 723ms
17:00:48     INFO - TEST-START | /html/browsers/browsing-the-web/unloading-documents/unload/006.html
17:00:58     INFO - PROCESS | 2153 | MARIONETTE LOG: INFO: Timeout fired
17:00:58     INFO - .
17:00:58     INFO - TEST-TIMEOUT | /html/browsers/browsing-the-web/unloading-documents/unload/006.html | took 10265ms
17:00:58     INFO - TEST-START | /html/browsers/browsing-the-web/unloading-documents/unload/007.html
17:01:00     INFO - .
17:01:00     INFO - TEST-OK | /html/browsers/browsing-the-web/unloading-documents/unload/007.html | took 1873ms
17:01:00     INFO - TEST-START | /html/browsers/browsing-the-web/unloading-documents/unload/008.html
17:01:00     INFO - .
17:01:00     INFO - TEST-OK | /html/browsers/browsing-the-web/unloading-documents/unload/008.html | took 618ms
17:01:00     INFO - TEST-START | /html/browsers/browsing-the-web/unloading-documents/unload/009.html
17:01:01     INFO - .
17:01:01     INFO - TEST-OK | /html/browsers/browsing-the-web/unloading-documents/unload/009.html | took 674ms
17:01:01     INFO - TEST-START | /html/browsers/history/the-history-interface/joint_session_history/001.html
17:01:11     INFO - PROCESS | 2153 | MARIONETTE LOG: INFO: Timeout fired
17:01:11     INFO - .......
17:01:11     INFO - TEST-TIMEOUT | /html/browsers/history/the-history-interface/joint_session_history/001.html | took 10313ms
17:01:11     INFO - TEST-START | /html/browsers/history/the-history-interface/joint_session_history/002.html
17:01:22     INFO - PROCESS | 2153 | MARIONETTE LOG: INFO: Timeout fired
17:01:22     INFO - ...
17:01:22     INFO - TEST-TIMEOUT | /html/browsers/history/the-history-interface/joint_session_history/002.html | took 10361ms
17:01:22     INFO - TEST-START | /html/browsers/offline/introduction-4/event_cached.html
17:01:22     INFO - .
17:01:22     INFO - TEST-OK | /html/browsers/offline/introduction-4/event_cached.html | took 569ms
17:01:22     INFO - TEST-START | /html/browsers/offline/introduction-4/event_checking.html
17:01:23     INFO - .
17:01:23     INFO - TEST-OK | /html/browsers/offline/introduction-4/event_checking.html | took 472ms
17:01:23     INFO - TEST-START | /html/browsers/offline/introduction-4/event_noupdate.html
17:01:23     INFO - PROCESS | 2153 | JavaScript error: chrome://browser/content/content.js, line 1496: NS_ERROR_ILLEGAL_VALUE: Component returned failure code: 0x80070057 (NS_ERROR_ILLEGAL_VALUE) [nsIMessageSender.sendAsyncMessage]
17:01:23     INFO - PROCESS | 2153 | JavaScript error: chrome://browser/content/content.js, line 1496: NS_ERROR_ILLEGAL_VALUE: Component returned failure code: 0x80070057 (NS_ERROR_ILLEGAL_VALUE) [nsIMessageSender.sendAsyncMessage]
17:01:23     INFO - PROCESS | 2153 | JavaScript error: chrome://browser/content/content.js, line 1496: NS_ERROR_ILLEGAL_VALUE: Component returned failure code: 0x80070057 (NS_ERROR_ILLEGAL_VALUE) [nsIMessageSender.sendAsyncMessage]
17:01:23     INFO - .
17:01:23     INFO - TEST-OK | /html/browsers/offline/introduction-4/event_noupdate.html | took 479ms
17:01:23     INFO - TEST-START | /html/browsers/offline/introduction-4/event_progress.html
17:01:24     INFO - PROCESS | 2153 | JavaScript error: chrome://browser/content/content.js, line 1496: NS_ERROR_ILLEGAL_VALUE: Component returned failure code: 0x80070057 (NS_ERROR_ILLEGAL_VALUE) [nsIMessageSender.sendAsyncMessage]
17:01:24     INFO - PROCESS | 2153 | JavaScript error: chrome://browser/content/content.js, line 1496: NS_ERROR_ILLEGAL_VALUE: Component returned failure code: 0x80070057 (NS_ERROR_ILLEGAL_VALUE) [nsIMessageSender.sendAsyncMessage]
17:01:24     INFO - PROCESS | 2153 | JavaScript error: chrome://browser/content/content.js, line 1496: NS_ERROR_ILLEGAL_VALUE: Component returned failure code: 0x80070057 (NS_ERROR_ILLEGAL_VALUE) [nsIMessageSender.sendAsyncMessage]
17:01:24     INFO - .
17:01:24     INFO - TEST-OK | /html/browsers/offline/introduction-4/event_progress.html | took 474ms
17:01:24     INFO - TEST-START | /html/browsers/the-window-object/named-access-on-the-window-object/named-objects.html
17:01:24     INFO - ......
17:01:24     INFO - TEST-OK | /html/browsers/the-window-object/named-access-on-the-window-object/named-objects.html | took 524ms
17:01:24     INFO - TEST-START | /html/browsers/the-window-object/named-access-on-the-window-object/window-null-names.html
17:01:25     INFO - .
17:01:25     INFO - TEST-OK | /html/browsers/the-window-object/named-access-on-the-window-object/window-null-names.html | took 480ms
17:01:25     INFO - TEST-START | /html/browsers/the-window-object/security-window/window-security.sub.html
17:01:26     INFO - ...............................................................................................................................
17:01:26     INFO - TEST-OK | /html/browsers/the-window-object/security-window/window-security.sub.html | took 784ms
17:01:26     INFO - TEST-START | /html/dom/dynamic-markup-insertion/document-writeln/document.writeln-01.xhtml
17:01:26     INFO - .
17:01:26     INFO - TEST-OK | /html/dom/dynamic-markup-insertion/document-writeln/document.writeln-01.xhtml | took 430ms
17:01:26     INFO - TEST-START | /html/dom/dynamic-markup-insertion/document-writeln/document.writeln-02.html
17:01:27     INFO - ...
17:01:27     INFO - TEST-OK | /html/dom/dynamic-markup-insertion/document-writeln/document.writeln-02.html | took 424ms
17:01:27     INFO - TEST-START | /html/dom/dynamic-markup-insertion/document-writeln/document.writeln-03.html
17:01:27     INFO - .
17:01:27     INFO - TEST-OK | /html/dom/dynamic-markup-insertion/document-writeln/document.writeln-03.html | took 484ms
17:01:27     INFO - TEST-START | /html/editing/focus/focus-management/focus-events.html
17:01:28     INFO - ..
17:01:28     INFO - TEST-OK | /html/editing/focus/focus-management/focus-events.html | took 474ms
17:01:28     INFO - TEST-START | /html/rendering/replaced-elements/svg-inline-sizing/svg-inline.html
17:01:29     INFO - ........................................................................................................................................................................................................................................................................................................................................................................................................................................................................................................................................................................................................................................................................
17:01:29     INFO - TEST-OK | /html/rendering/replaced-elements/svg-inline-sizing/svg-inline.html | took 1813ms
17:01:29     INFO - TEST-START | /html/semantics/document-metadata/the-base-element/base_about_blank.html
17:01:30     INFO - .
17:01:30     INFO - TEST-OK | /html/semantics/document-metadata/the-base-element/base_about_blank.html | took 535ms
17:01:30     INFO - TEST-START | /html/semantics/document-metadata/the-base-element/base_href_empty.html
17:01:30     INFO - ..
17:01:30     INFO - TEST-OK | /html/semantics/document-metadata/the-base-element/base_href_empty.html | took 468ms
17:01:30     INFO - TEST-START | /html/semantics/document-metadata/the-base-element/base_href_invalid.html
17:01:31     INFO - .
17:01:31     INFO - TEST-OK | /html/semantics/document-metadata/the-base-element/base_href_invalid.html | took 475ms
17:01:31     INFO - TEST-START | /html/semantics/document-metadata/the-base-element/base_href_specified.sub.html
17:01:31     INFO - ..
17:01:31     INFO - TEST-OK | /html/semantics/document-metadata/the-base-element/base_href_specified.sub.html | took 521ms
17:01:31     INFO - TEST-START | /html/semantics/document-metadata/the-base-element/base_href_unspecified.html
17:01:32     INFO - ..
17:01:32     INFO - TEST-OK | /html/semantics/document-metadata/the-base-element/base_href_unspecified.html | took 527ms
17:01:32     INFO - TEST-START | /html/semantics/document-metadata/the-base-element/base_multiple.html
17:01:32     INFO - .
17:01:32     INFO - TEST-OK | /html/semantics/document-metadata/the-base-element/base_multiple.html | took 572ms
17:01:32     INFO - TEST-START | /html/semantics/document-metadata/the-base-element/base_srcdoc.html
17:01:33     INFO - .
17:01:33     INFO - TEST-OK | /html/semantics/document-metadata/the-base-element/base_srcdoc.html | took 484ms
17:01:33     INFO - TEST-START | /html/semantics/embedded-content/media-elements/seeking/seek-to-currentTime.html
17:01:33     INFO - .
17:01:33     INFO - TEST-OK | /html/semantics/embedded-content/media-elements/seeking/seek-to-currentTime.html | took 481ms
17:01:33     INFO - TEST-START | /html/semantics/embedded-content/media-elements/seeking/seek-to-max-value.htm
17:01:34     INFO - .
17:01:34     INFO - TEST-OK | /html/semantics/embedded-content/media-elements/seeking/seek-to-max-value.htm | took 469ms
17:01:34     INFO - TEST-START | /html/semantics/embedded-content/media-elements/seeking/seek-to-negative-time.htm
17:01:34     INFO - .
17:01:34     INFO - TEST-OK | /html/semantics/embedded-content/media-elements/seeking/seek-to-negative-time.htm | took 429ms
17:01:34     INFO - TEST-START | /html/semantics/embedded-content/media-elements/track/track-element/cloneNode.html
17:01:37     INFO - ....
17:01:37     INFO - TEST-OK | /html/semantics/embedded-content/media-elements/track/track-element/cloneNode.html | took 2593ms
17:01:37     INFO - TEST-START | /html/semantics/embedded-content/media-elements/track/track-element/src-clear-cues.html
17:01:38     INFO - ...
17:01:38     INFO - TEST-OK | /html/semantics/embedded-content/media-elements/track/track-element/src-clear-cues.html | took 627ms
17:01:38     INFO - TEST-START | /html/semantics/embedded-content/media-elements/track/track-element/track-api-texttracks.html
17:01:38     INFO - ...
17:01:38     INFO - TEST-OK | /html/semantics/embedded-content/media-elements/track/track-element/track-api-texttracks.html | took 771ms
17:01:38     INFO - TEST-START | /html/semantics/embedded-content/the-audio-element/audio_constructor.html
17:01:39     INFO - ..........
17:01:39     INFO - TEST-OK | /html/semantics/embedded-content/the-audio-element/audio_constructor.html | took 524ms
17:01:39     INFO - TEST-START | /html/semantics/embedded-content/the-img-element/environment-changes/viewport-change.html
17:01:40     INFO - ............................................
17:01:40     INFO - TEST-OK | /html/semantics/embedded-content/the-img-element/environment-changes/viewport-change.html | took 1438ms
17:01:40     INFO - TEST-START | /html/semantics/embedded-content/the-img-element/sizes/parse-a-sizes-attribute.html
17:01:45     INFO - ................................................................................................................................................................................................................................................................................................................................................................................................................................................................................................................................................................................................................................................................
17:01:45     INFO - TEST-OK | /html/semantics/embedded-content/the-img-element/sizes/parse-a-sizes-attribute.html | took 4287ms
17:01:45     INFO - TEST-START | /html/semantics/embedded-content/the-img-element/update-the-image-data/fail-to-resolve.html
17:01:45     INFO - ....
17:01:45     INFO - TEST-OK | /html/semantics/embedded-content/the-img-element/update-the-image-data/fail-to-resolve.html | took 730ms
17:01:45     INFO - TEST-START | /html/semantics/forms/the-label-element/label-attributes.html
17:01:46     INFO - .............
17:01:46     INFO - TEST-OK | /html/semantics/forms/the-label-element/label-attributes.html | took 739ms
17:01:46     INFO - TEST-START | /html/semantics/forms/the-label-element/labelable-elements.html
17:01:47     INFO - ..........................
17:01:47     INFO - TEST-OK | /html/semantics/forms/the-label-element/labelable-elements.html | took 586ms
17:01:47     INFO - TEST-START | /html/semantics/forms/the-output-element/output.html
17:01:47     INFO - .
17:01:47     INFO - TEST-OK | /html/semantics/forms/the-output-element/output.html | took 571ms
17:01:47     INFO - TEST-START | /html/semantics/forms/the-textarea-element/cloning-steps.html
17:01:48     INFO - ..
17:01:48     INFO - TEST-OK | /html/semantics/forms/the-textarea-element/cloning-steps.html | took 569ms
17:01:48     INFO - TEST-START | /html/semantics/forms/the-textarea-element/textarea-type.html
17:01:48     INFO - .
17:01:48     INFO - TEST-OK | /html/semantics/forms/the-textarea-element/textarea-type.html | took 568ms
17:01:49     INFO - TEST-START | /html/semantics/grouping-content/the-dd-element/grouping-dd.html
17:01:49     INFO - .
17:01:49     INFO - TEST-OK | /html/semantics/grouping-content/the-dd-element/grouping-dd.html | took 620ms
17:01:49     INFO - TEST-START | /html/semantics/grouping-content/the-dl-element/grouping-dl.html
17:01:50     INFO - .
17:01:50     INFO - TEST-OK | /html/semantics/grouping-content/the-dl-element/grouping-dl.html | took 474ms
17:01:50     INFO - TEST-START | /html/semantics/grouping-content/the-figcaption-element/grouping-figcaption.html
17:01:50     INFO - .
17:01:50     INFO - TEST-OK | /html/semantics/grouping-content/the-figcaption-element/grouping-figcaption.html | took 470ms
17:01:50     INFO - TEST-START | /html/semantics/grouping-content/the-hr-element/grouping-hr.html
17:01:51     INFO - .
17:01:51     INFO - TEST-OK | /html/semantics/grouping-content/the-hr-element/grouping-hr.html | took 422ms
17:01:51     INFO - TEST-START | /html/semantics/grouping-content/the-li-element/grouping-li.html
17:01:51     INFO - ..........
17:01:51     INFO - TEST-OK | /html/semantics/grouping-content/the-li-element/grouping-li.html | took 473ms
17:01:51     INFO - TEST-START | /html/semantics/grouping-content/the-ol-element/grouping-ol.html
17:01:52     INFO - .........................
17:01:52     INFO - TEST-OK | /html/semantics/grouping-content/the-ol-element/grouping-ol.html | took 587ms
17:01:52     INFO - TEST-START | /html/semantics/grouping-content/the-ol-element/ol.start-reflection-1.html
17:01:52     INFO - .
17:01:52     INFO - TEST-OK | /html/semantics/grouping-content/the-ol-element/ol.start-reflection-1.html | took 876ms
17:01:52     INFO - TEST-START | /html/semantics/grouping-content/the-ol-element/ol.start-reflection-2.html
17:01:53     INFO - .
17:01:53     INFO - TEST-OK | /html/semantics/grouping-content/the-ol-element/ol.start-reflection-2.html | took 670ms
17:01:53     INFO - TEST-START | /html/semantics/interactive-elements/the-dialog-element/dialog-close.html
17:01:54     INFO - .....
17:01:54     INFO - TEST-OK | /html/semantics/interactive-elements/the-dialog-element/dialog-close.html | took 522ms
17:01:54     INFO - TEST-START | /html/semantics/interactive-elements/the-dialog-element/dialog-open.html
17:01:54     INFO - ..
17:01:54     INFO - TEST-OK | /html/semantics/interactive-elements/the-dialog-element/dialog-open.html | took 477ms
17:01:54     INFO - TEST-START | /html/semantics/interactive-elements/the-dialog-element/dialog-showModal.html
17:01:55     INFO - .......
17:01:55     INFO - TEST-OK | /html/semantics/interactive-elements/the-dialog-element/dialog-showModal.html | took 519ms
17:01:55     INFO - TEST-START | /html/semantics/scripting-1/the-template-element/definitions/template-contents-owner-document-type.html
17:01:55     INFO - ....
17:01:55     INFO - TEST-OK | /html/semantics/scripting-1/the-template-element/definitions/template-contents-owner-document-type.html | took 676ms
17:01:55     INFO - TEST-START | /html/semantics/scripting-1/the-template-element/definitions/template-contents-owner-test-001.html
17:01:56     INFO - ..
17:01:56     INFO - TEST-OK | /html/semantics/scripting-1/the-template-element/definitions/template-contents-owner-test-001.html | took 424ms
17:01:56     INFO - TEST-START | /html/semantics/scripting-1/the-template-element/definitions/template-contents-owner-test-002.html
17:01:56     INFO - ...
17:01:56     INFO - TEST-OK | /html/semantics/scripting-1/the-template-element/definitions/template-contents-owner-test-002.html | took 484ms
17:01:56     INFO - TEST-START | /html/semantics/scripting-1/the-template-element/definitions/template-contents.html
17:01:57     INFO - .........
17:01:57     INFO - TEST-OK | /html/semantics/scripting-1/the-template-element/definitions/template-contents.html | took 539ms
17:01:57     INFO - TEST-START | /html/semantics/text-level-semantics/the-data-element/data.value-001.html
17:01:57     INFO - .........
17:01:57     INFO - TEST-OK | /html/semantics/text-level-semantics/the-data-element/data.value-001.html | took 428ms
17:01:57     INFO - TEST-START | /html/syntax/parsing/template/clearing-the-stack-back-to-a-given-context/clearing-stack-back-to-a-table-body-context.html
17:01:58     INFO - .................................
17:01:58     INFO - TEST-OK | /html/syntax/parsing/template/clearing-the-stack-back-to-a-given-context/clearing-stack-back-to-a-table-body-context.html | took 488ms
17:01:58     INFO - TEST-START | /html/syntax/parsing/template/clearing-the-stack-back-to-a-given-context/clearing-stack-back-to-a-table-context.html
17:01:58     INFO - ......
17:01:58     INFO - TEST-OK | /html/syntax/parsing/template/clearing-the-stack-back-to-a-given-context/clearing-stack-back-to-a-table-context.html | took 469ms
17:01:58     INFO - TEST-START | /html/syntax/parsing/template/clearing-the-stack-back-to-a-given-context/clearing-stack-back-to-a-table-row-context.html
17:01:59     INFO - ...
17:01:59     INFO - TEST-OK | /html/syntax/parsing/template/clearing-the-stack-back-to-a-given-context/clearing-stack-back-to-a-table-row-context.html | took 528ms
17:01:59     INFO - TEST-START | /html/webappapis/timers/evil-spec-example.html
17:01:59     INFO - .
17:01:59     INFO - TEST-OK | /html/webappapis/timers/evil-spec-example.html | took 670ms
17:01:59     INFO - TEST-START | /http/content_length.html
17:02:00     INFO - .
17:02:00     INFO - TEST-OK | /http/content_length.html | took 669ms
17:02:00     INFO - TEST-START | /js/behaviours/SetPrototypeOf-window.html
17:02:01     INFO - ....
17:02:01     INFO - TEST-OK | /js/behaviours/SetPrototypeOf-window.html | took 578ms
17:02:01     INFO - TEST-START | /mediacapture-streams/GUM-api.https.html
17:02:02     INFO - .
17:02:02     INFO - TEST-OK | /mediacapture-streams/GUM-api.https.html | took 1015ms
17:02:02     INFO - TEST-START | /mediacapture-streams/GUM-deny.https.html
17:02:03     INFO - .
17:02:03     INFO - TEST-OK | /mediacapture-streams/GUM-deny.https.html | took 775ms
17:02:03     INFO - TEST-START | /mediacapture-streams/GUM-empty-option-param.https.html
17:02:03     INFO - .
17:02:03     INFO - TEST-OK | /mediacapture-streams/GUM-empty-option-param.https.html | took 625ms
17:02:03     INFO - TEST-START | /mediacapture-streams/GUM-impossible-constraint.https.html
17:02:04     INFO - .
17:02:04     INFO - TEST-OK | /mediacapture-streams/GUM-impossible-constraint.https.html | took 625ms
17:02:04     INFO - TEST-START | /mediacapture-streams/GUM-optional-constraint.https.html
17:02:05     INFO - .
17:02:05     INFO - TEST-OK | /mediacapture-streams/GUM-optional-constraint.https.html | took 522ms
17:02:05     INFO - TEST-START | /mediacapture-streams/GUM-trivial-constraint.https.html
17:02:05     INFO - .
17:02:05     INFO - TEST-OK | /mediacapture-streams/GUM-trivial-constraint.https.html | took 470ms
17:02:05     INFO - TEST-START | /mediacapture-streams/GUM-unknownkey-option-param.https.html
17:02:06     INFO - .
17:02:06     INFO - TEST-OK | /mediacapture-streams/GUM-unknownkey-option-param.https.html | took 585ms
17:02:06     INFO - TEST-START | /mediacapture-streams/MediaDevices-enumerateDevices.https.html
17:02:06     INFO - .
17:02:06     INFO - TEST-OK | /mediacapture-streams/MediaDevices-enumerateDevices.https.html | took 569ms
17:02:06     INFO - TEST-START | /mediacapture-streams/MediaDevices-getUserMedia.https.html
17:02:07     INFO - .
17:02:07     INFO - TEST-OK | /mediacapture-streams/MediaDevices-getUserMedia.https.html | took 771ms
17:02:07     INFO - TEST-START | /mediacapture-streams/MediaStream-MediaElement-preload-none.https.html
17:02:08     INFO - ..
17:02:08     INFO - TEST-OK | /mediacapture-streams/MediaStream-MediaElement-preload-none.https.html | took 676ms
17:02:08     INFO - TEST-START | /mediacapture-streams/MediaStream-MediaElement-srcObject.https.html
17:02:08     INFO - .
17:02:08     INFO - TEST-OK | /mediacapture-streams/MediaStream-MediaElement-srcObject.https.html | took 571ms
17:02:08     INFO - TEST-START | /mediacapture-streams/MediaStream-add-audio-track.https.html
17:02:09     INFO - .
17:02:09     INFO - TEST-OK | /mediacapture-streams/MediaStream-add-audio-track.https.html | took 526ms
17:02:09     INFO - TEST-START | /mediacapture-streams/MediaStream-audio-only.https.html
17:02:09     INFO - .
17:02:09     INFO - TEST-OK | /mediacapture-streams/MediaStream-audio-only.https.html | took 532ms
17:02:09     INFO - TEST-START | /mediacapture-streams/MediaStream-finished-add.https.html

command interrupted, attempting to kill
process killed by signal 9
program finished with exit code -1
elapsedTime=607.562500
The web-page 'stop build' button was pressed by 'rvandermeulen@mozilla.com': Cancelled via self-serve
========= master_lag: 0.11 =========
========= Finished '/tools/buildbot/bin/python scripts/scripts/web_platform_tests.py ...' interrupted (results: 4, elapsed: 10 mins, 7 secs) (at 2018-06-08 17:02:10.276176) =========

========= Started set props: build_url (results: 0, elapsed: 0 secs) (at 2018-06-08 17:02:10.290388) =========
bash -c 'for file in `ls -1`; do cat $file; done'
 in dir /builds/slave/test/properties (timeout 1200 secs)
 watching logfiles {}
 argv: ['bash', '-c', 'for file in `ls -1`; do cat $file; done']
 environment:
  HOME=/home/cltbld
  LANG=en_US.UTF-8
  LOGNAME=cltbld
  MAIL=/var/mail/cltbld
  NODE_PATH=/usr/lib/nodejs:/usr/lib/node_modules:/usr/share/javascript
  PATH=/usr/local/bin:/usr/local/bin:/usr/bin:/bin:/usr/local/games:/usr/games
  PWD=/builds/slave/test/properties
  SHELL=/bin/bash
  SHLVL=1
  TERM=linux
  TMOUT=86400
  USER=cltbld
  XDG_SESSION_COOKIE=9ca12473fbb1d023794ffd180000023c-1528501919.262563-915233292
  _=/tools/buildbot/bin/python
 using PTY: False
build_url:https://queue.taskcluster.net/v1/task/I1iAdq48Sa60c5BCPWswkg/artifacts/public/build/firefox-52.8.2.en-US.linux-x86_64.tar.bz2
program finished with exit code 0
elapsedTime=0.078207
build_url: 'https://queue.taskcluster.net/v1/task/I1iAdq48Sa60c5BCPWswkg/artifacts/public/build/firefox-52.8.2.en-US.linux-x86_64.tar.bz2'
========= master_lag: 0.02 =========
========= Finished set props: build_url (results: 0, elapsed: 0 secs) (at 2018-06-08 17:02:10.389240) =========

========= Started 'rm -f ...' (results: 0, elapsed: 0 secs) (at 2018-06-08 17:02:10.389879) =========
rm -f oauth.txt
 in dir /builds/slave/test/. (timeout 1200 secs)
 watching logfiles {}
 argv: ['rm', '-f', 'oauth.txt']
 environment:
  HOME=/home/cltbld
  LANG=en_US.UTF-8
  LOGNAME=cltbld
  MAIL=/var/mail/cltbld
  NODE_PATH=/usr/lib/nodejs:/usr/lib/node_modules:/usr/share/javascript
  PATH=/usr/local/bin:/usr/local/bin:/usr/bin:/bin:/usr/local/games:/usr/games
  PWD=/builds/slave/test
  SHELL=/bin/bash
  SHLVL=1
  TERM=linux
  TMOUT=86400
  USER=cltbld
  XDG_SESSION_COOKIE=9ca12473fbb1d023794ffd180000023c-1528501919.262563-915233292
  _=/tools/buildbot/bin/python
 using PTY: False
program finished with exit code 0
elapsedTime=0.029013
========= master_lag: 0.05 =========
========= Finished 'rm -f ...' (results: 0, elapsed: 0 secs) (at 2018-06-08 17:02:10.467203) =========

========= Started reboot skipped (results: 3, elapsed: 0 secs) (at 2018-06-08 17:02:10.467731) =========
========= Finished reboot skipped (results: 3, elapsed: 0 secs) (at 2018-06-08 17:02:10.468170) =========

========= Total master_lag: 0.35 =========

