builder: mozilla-esr52_win8_64_test_pgo-web-platform-tests-3
slave: t-w864-ix-029
starttime: 1528502358.91
results: cancelled (6)
buildid: 20180608150819
builduid: b298b373e93d4f8dbf92436c9ed838a2
revision: cbfdf01aac455e0591471201c96b89dee98190b5

========= Started set props: master (results: 0, elapsed: 0 secs) (at 2018-06-08 16:59:18.908199) =========
master: http://buildbot-master110.bb.releng.scl3.mozilla.com:8201/
========= Finished set props: master (results: 0, elapsed: 0 secs) (at 2018-06-08 16:59:18.908703) =========

========= Started downloading to buildprops.json (results: 0, elapsed: 0 secs) (at 2018-06-08 16:59:18.909063) =========
========= Finished downloading to buildprops.json (results: 0, elapsed: 0 secs) (at 2018-06-08 16:59:18.989691) =========

========= Started 'bash -c ...' (results: 0, elapsed: 1 secs) (at 2018-06-08 16:59:18.990148) =========
'bash' '-c' 'wget -Oarchiver_client.py --no-check-certificate --tries=10 --waitretry=3 https://hg.mozilla.org/build/tools/raw-file/default/buildfarm/utils/archiver_client.py'
 in dir C:\slave\test\. (timeout 1200 secs)
 watching logfiles {}
 argv: ['bash', '-c', 'wget -Oarchiver_client.py --no-check-certificate --tries=10 --waitretry=3 https://hg.mozilla.org/build/tools/raw-file/default/buildfarm/utils/archiver_client.py']
 environment:
  ALLUSERSPROFILE=C:\ProgramData
  APPDATA=C:\Users\cltbld.T-W864-IX-029\AppData\Roaming
  COMMONPROGRAMFILES=C:\Program Files (x86)\Common Files
  COMMONPROGRAMFILES(X86)=C:\Program Files (x86)\Common Files
  COMMONPROGRAMW6432=C:\Program Files\Common Files
  COMPUTERNAME=T-W864-IX-029
  COMSPEC=C:\windows\system32\cmd.exe
  DCLOCATION=SCL3
  DNSSUFFIX=wintest.releng.scl3.mozilla.com
  FP_NO_HOST_CHECK=NO
  HOMEDRIVE=C:
  HOMEPATH=\Users\cltbld.T-W864-IX-029
  KTS_HOME=C:\Program Files\KTS
  KTS_VERSION=1.19c
  LOCALAPPDATA=C:\Users\cltbld.T-W864-IX-029\AppData\Local
  LOGONSERVER=\\T-W864-IX-029
  MONDIR=C:\Monitor_config\
  MOZBUILDDIR=C:\mozilla-build\
  NUMBER_OF_PROCESSORS=8
  OS=Windows_NT
  OURDRIVE=C:
  PATH=C:\Program Files (x86)\NVIDIA Corporation\PhysX\Common;C:\windows\system32;C:\windows;C:\windows\System32\Wbem;C:\windows\System32\WindowsPowerShell\v1.0\;C:\mozilla-build\python27;C:\mozilla-build\python27\Scripts;C:\mozilla-build\msys\bin;C:\mozilla-build\vim\vim72;C:\mozilla-build\wget;C:\mozilla-build\info-zip;C:\CoreUtils\bin;C:\mozilla-build\buildbotve\scripts;C:\mozilla-build\hg
  PATHEXT=.COM;.EXE;.BAT;.CMD;.VBS;.VBE;.JS;.JSE;.WSF;.WSH;.MSC
  PROCESSOR_ARCHITECTURE=x86
  PROCESSOR_ARCHITEW6432=AMD64
  PROCESSOR_IDENTIFIER=Intel64 Family 6 Model 30 Stepping 5, GenuineIntel
  PROCESSOR_LEVEL=6
  PROCESSOR_REVISION=1e05
  PROGRAMDATA=C:\ProgramData
  PROGRAMFILES=C:\Program Files (x86)
  PROGRAMFILES(X86)=C:\Program Files (x86)
  PROGRAMW6432=C:\Program Files
  PROMPT=$P$G
  PSMODULEPATH=C:\windows\system32\WindowsPowerShell\v1.0\Modules\
  PUBLIC=C:\Users\Public
  PWD=C:\slave\test
  RUNLOGFILE=C:\slave\\runslave.log
  SLAVEDIR=C:\slave\
  SYSTEMDRIVE=C:
  SYSTEMROOT=C:\windows
  TEMP=C:\Users\CLTBLD~1.T-W\AppData\Local\Temp
  TEST1=testie
  TMP=C:\Users\CLTBLD~1.T-W\AppData\Local\Temp
  USERDOMAIN=T-W864-IX-029
  USERDOMAIN_ROAMINGPROFILE=T-W864-IX-029
  USERNAME=cltbld
  USERPROFILE=C:\Users\cltbld.T-W864-IX-029
  WINDIR=C:\windows
 using PTY: False
--16:59:20--  https://hg.mozilla.org/build/tools/raw-file/default/buildfarm/utils/archiver_client.py
           => `archiver_client.py'
Resolving hg.mozilla.org... 63.245.215.102, 63.245.215.25
Connecting to hg.mozilla.org|63.245.215.102|:443... connected.
WARNING: Certificate verification error for hg.mozilla.org: certificate signature failure
HTTP request sent, awaiting response... 200 Script output follows
Length: 12,179 (12K) [text/x-python]

    0K .......... .                                          100%   16.26 MB/s

16:59:21 (16.26 MB/s) - `archiver_client.py' saved [12179/12179]

program finished with exit code 0
elapsedTime=1.934000
========= master_lag: 0.06 =========
========= Finished 'bash -c ...' (results: 0, elapsed: 1 secs) (at 2018-06-08 16:59:20.981694) =========

========= Started 'rm -rf ...' (results: 0, elapsed: 3 secs) (at 2018-06-08 16:59:20.982053) =========
'rm' '-rf' 'scripts' 'properties'
 in dir C:\slave\test\. (timeout 1200 secs)
 watching logfiles {}
 argv: ['rm', '-rf', 'scripts', 'properties']
 environment:
  ALLUSERSPROFILE=C:\ProgramData
  APPDATA=C:\Users\cltbld.T-W864-IX-029\AppData\Roaming
  COMMONPROGRAMFILES=C:\Program Files (x86)\Common Files
  COMMONPROGRAMFILES(X86)=C:\Program Files (x86)\Common Files
  COMMONPROGRAMW6432=C:\Program Files\Common Files
  COMPUTERNAME=T-W864-IX-029
  COMSPEC=C:\windows\system32\cmd.exe
  DCLOCATION=SCL3
  DNSSUFFIX=wintest.releng.scl3.mozilla.com
  FP_NO_HOST_CHECK=NO
  HOMEDRIVE=C:
  HOMEPATH=\Users\cltbld.T-W864-IX-029
  KTS_HOME=C:\Program Files\KTS
  KTS_VERSION=1.19c
  LOCALAPPDATA=C:\Users\cltbld.T-W864-IX-029\AppData\Local
  LOGONSERVER=\\T-W864-IX-029
  MONDIR=C:\Monitor_config\
  MOZBUILDDIR=C:\mozilla-build\
  NUMBER_OF_PROCESSORS=8
  OS=Windows_NT
  OURDRIVE=C:
  PATH=C:\Program Files (x86)\NVIDIA Corporation\PhysX\Common;C:\windows\system32;C:\windows;C:\windows\System32\Wbem;C:\windows\System32\WindowsPowerShell\v1.0\;C:\mozilla-build\python27;C:\mozilla-build\python27\Scripts;C:\mozilla-build\msys\bin;C:\mozilla-build\vim\vim72;C:\mozilla-build\wget;C:\mozilla-build\info-zip;C:\CoreUtils\bin;C:\mozilla-build\buildbotve\scripts;C:\mozilla-build\hg
  PATHEXT=.COM;.EXE;.BAT;.CMD;.VBS;.VBE;.JS;.JSE;.WSF;.WSH;.MSC
  PROCESSOR_ARCHITECTURE=x86
  PROCESSOR_ARCHITEW6432=AMD64
  PROCESSOR_IDENTIFIER=Intel64 Family 6 Model 30 Stepping 5, GenuineIntel
  PROCESSOR_LEVEL=6
  PROCESSOR_REVISION=1e05
  PROGRAMDATA=C:\ProgramData
  PROGRAMFILES=C:\Program Files (x86)
  PROGRAMFILES(X86)=C:\Program Files (x86)
  PROGRAMW6432=C:\Program Files
  PROMPT=$P$G
  PSMODULEPATH=C:\windows\system32\WindowsPowerShell\v1.0\Modules\
  PUBLIC=C:\Users\Public
  PWD=C:\slave\test
  RUNLOGFILE=C:\slave\\runslave.log
  SLAVEDIR=C:\slave\
  SYSTEMDRIVE=C:
  SYSTEMROOT=C:\windows
  TEMP=C:\Users\CLTBLD~1.T-W\AppData\Local\Temp
  TEST1=testie
  TMP=C:\Users\CLTBLD~1.T-W\AppData\Local\Temp
  USERDOMAIN=T-W864-IX-029
  USERDOMAIN_ROAMINGPROFILE=T-W864-IX-029
  USERNAME=cltbld
  USERPROFILE=C:\Users\cltbld.T-W864-IX-029
  WINDIR=C:\windows
 using PTY: False
program finished with exit code 0
elapsedTime=3.615000
========= master_lag: 0.01 =========
========= Finished 'rm -rf ...' (results: 0, elapsed: 3 secs) (at 2018-06-08 16:59:24.607595) =========

========= Started 'bash -c ...' (results: 0, elapsed: 2 secs) (at 2018-06-08 16:59:24.608065) =========
'bash' '-c' u'python archiver_client.py mozharness --repo releases/mozilla-esr52 --rev cbfdf01aac455e0591471201c96b89dee98190b5 --destination scripts --debug'
 in dir C:\slave\test\. (timeout 1200 secs)
 watching logfiles {}
 argv: ['bash', '-c', u'python archiver_client.py mozharness --repo releases/mozilla-esr52 --rev cbfdf01aac455e0591471201c96b89dee98190b5 --destination scripts --debug']
 environment:
  ALLUSERSPROFILE=C:\ProgramData
  APPDATA=C:\Users\cltbld.T-W864-IX-029\AppData\Roaming
  COMMONPROGRAMFILES=C:\Program Files (x86)\Common Files
  COMMONPROGRAMFILES(X86)=C:\Program Files (x86)\Common Files
  COMMONPROGRAMW6432=C:\Program Files\Common Files
  COMPUTERNAME=T-W864-IX-029
  COMSPEC=C:\windows\system32\cmd.exe
  DCLOCATION=SCL3
  DNSSUFFIX=wintest.releng.scl3.mozilla.com
  FP_NO_HOST_CHECK=NO
  HOMEDRIVE=C:
  HOMEPATH=\Users\cltbld.T-W864-IX-029
  KTS_HOME=C:\Program Files\KTS
  KTS_VERSION=1.19c
  LOCALAPPDATA=C:\Users\cltbld.T-W864-IX-029\AppData\Local
  LOGONSERVER=\\T-W864-IX-029
  MONDIR=C:\Monitor_config\
  MOZBUILDDIR=C:\mozilla-build\
  NUMBER_OF_PROCESSORS=8
  OS=Windows_NT
  OURDRIVE=C:
  PATH=C:\Program Files (x86)\NVIDIA Corporation\PhysX\Common;C:\windows\system32;C:\windows;C:\windows\System32\Wbem;C:\windows\System32\WindowsPowerShell\v1.0\;C:\mozilla-build\python27;C:\mozilla-build\python27\Scripts;C:\mozilla-build\msys\bin;C:\mozilla-build\vim\vim72;C:\mozilla-build\wget;C:\mozilla-build\info-zip;C:\CoreUtils\bin;C:\mozilla-build\buildbotve\scripts;C:\mozilla-build\hg
  PATHEXT=.COM;.EXE;.BAT;.CMD;.VBS;.VBE;.JS;.JSE;.WSF;.WSH;.MSC
  PROCESSOR_ARCHITECTURE=x86
  PROCESSOR_ARCHITEW6432=AMD64
  PROCESSOR_IDENTIFIER=Intel64 Family 6 Model 30 Stepping 5, GenuineIntel
  PROCESSOR_LEVEL=6
  PROCESSOR_REVISION=1e05
  PROGRAMDATA=C:\ProgramData
  PROGRAMFILES=C:\Program Files (x86)
  PROGRAMFILES(X86)=C:\Program Files (x86)
  PROGRAMW6432=C:\Program Files
  PROMPT=$P$G
  PSMODULEPATH=C:\windows\system32\WindowsPowerShell\v1.0\Modules\
  PUBLIC=C:\Users\Public
  PWD=C:\slave\test
  RUNLOGFILE=C:\slave\\runslave.log
  SLAVEDIR=C:\slave\
  SYSTEMDRIVE=C:
  SYSTEMROOT=C:\windows
  TEMP=C:\Users\CLTBLD~1.T-W\AppData\Local\Temp
  TEST1=testie
  TMP=C:\Users\CLTBLD~1.T-W\AppData\Local\Temp
  USERDOMAIN=T-W864-IX-029
  USERDOMAIN_ROAMINGPROFILE=T-W864-IX-029
  USERNAME=cltbld
  USERPROFILE=C:\Users\cltbld.T-W864-IX-029
  WINDIR=C:\windows
 using PTY: False
2018-06-08 16:59:25,213 truncating revision to first 12 chars
2018-06-08 16:59:25,213 Setting DEBUG logging.
2018-06-08 16:59:25,213 attempt 1/10
2018-06-08 16:59:25,213 Getting archive location from https://api.pub.build.mozilla.org/archiver/hgmo/releases/mozilla-esr52/cbfdf01aac45?&preferred_region=us-west-2&suffix=tar.gz&subdir=testing/mozharness
2018-06-08 16:59:26,256 unpacking tar archive at: mozilla-esr52-cbfdf01aac45/testing/mozharness/
2018-06-08 16:59:26,359 skipping symlink on windows: configs/single_locale/linux32.py
program finished with exit code 0
elapsedTime=1.977000
========= master_lag: 0.05 =========
========= Finished 'bash -c ...' (results: 0, elapsed: 2 secs) (at 2018-06-08 16:59:26.630546) =========

========= Started set props: script_repo_revision (results: 0, elapsed: 0 secs) (at 2018-06-08 16:59:26.630908) =========
script_repo_revision: cbfdf01aac455e0591471201c96b89dee98190b5
========= Finished set props: script_repo_revision (results: 0, elapsed: 0 secs) (at 2018-06-08 16:59:26.631357) =========

========= Started downloading to oauth.txt (results: 0, elapsed: 0 secs) (at 2018-06-08 16:59:26.631656) =========
========= Finished downloading to oauth.txt (results: 0, elapsed: 0 secs) (at 2018-06-08 16:59:26.640510) =========

========= Started 'c:/mozilla-build/python27/python -u ...' interrupted (results: 4, elapsed: 3 mins, 51 secs) (at 2018-06-08 16:59:26.640801) =========
'c:/mozilla-build/python27/python' '-u' 'scripts/scripts/web_platform_tests.py' '--cfg' 'web_platform_tests/prod_config_windows.py' '--test-type=testharness' '--total-chunks' '5' '--this-chunk' '3' '--blob-upload-branch' 'mozilla-esr52' '--download-symbols' 'ondemand'
 in dir C:\slave\test\. (timeout 1800 secs) (maxTime 7200 secs)
 watching logfiles {}
 argv: ['c:/mozilla-build/python27/python', '-u', 'scripts/scripts/web_platform_tests.py', '--cfg', 'web_platform_tests/prod_config_windows.py', '--test-type=testharness', '--total-chunks', '5', '--this-chunk', '3', '--blob-upload-branch', 'mozilla-esr52', '--download-symbols', 'ondemand']
 environment:
  ALLUSERSPROFILE=C:\ProgramData
  APPDATA=C:\Users\cltbld.T-W864-IX-029\AppData\Roaming
  COMMONPROGRAMFILES=C:\Program Files (x86)\Common Files
  COMMONPROGRAMFILES(X86)=C:\Program Files (x86)\Common Files
  COMMONPROGRAMW6432=C:\Program Files\Common Files
  COMPUTERNAME=T-W864-IX-029
  COMSPEC=C:\windows\system32\cmd.exe
  DCLOCATION=SCL3
  DNSSUFFIX=wintest.releng.scl3.mozilla.com
  FP_NO_HOST_CHECK=NO
  HOMEDRIVE=C:
  HOMEPATH=\Users\cltbld.T-W864-IX-029
  KTS_HOME=C:\Program Files\KTS
  KTS_VERSION=1.19c
  LOCALAPPDATA=C:\Users\cltbld.T-W864-IX-029\AppData\Local
  LOGONSERVER=\\T-W864-IX-029
  MONDIR=C:\Monitor_config\
  MOZBUILDDIR=C:\mozilla-build\
  MOZ_CRASHREPORTER_NO_REPORT=1
  MOZ_HIDE_RESULTS_TABLE=1
  MOZ_NO_REMOTE=1
  NO_EM_RESTART=1
  NO_FAIL_ON_TEST_ERRORS=1
  NUMBER_OF_PROCESSORS=8
  OS=Windows_NT
  OURDRIVE=C:
  PATH=C:\Program Files (x86)\NVIDIA Corporation\PhysX\Common;C:\windows\system32;C:\windows;C:\windows\System32\Wbem;C:\windows\System32\WindowsPowerShell\v1.0\;C:\mozilla-build\python27;C:\mozilla-build\python27\Scripts;C:\mozilla-build\msys\bin;C:\mozilla-build\vim\vim72;C:\mozilla-build\wget;C:\mozilla-build\info-zip;C:\CoreUtils\bin;C:\mozilla-build\buildbotve\scripts;C:\mozilla-build\hg
  PATHEXT=.COM;.EXE;.BAT;.CMD;.VBS;.VBE;.JS;.JSE;.WSF;.WSH;.MSC
  PROCESSOR_ARCHITECTURE=x86
  PROCESSOR_ARCHITEW6432=AMD64
  PROCESSOR_IDENTIFIER=Intel64 Family 6 Model 30 Stepping 5, GenuineIntel
  PROCESSOR_LEVEL=6
  PROCESSOR_REVISION=1e05
  PROGRAMDATA=C:\ProgramData
  PROGRAMFILES=C:\Program Files (x86)
  PROGRAMFILES(X86)=C:\Program Files (x86)
  PROGRAMW6432=C:\Program Files
  PROMPT=$P$G
  PROPERTIES_FILE=C:\slave\test/buildprops.json
  PSMODULEPATH=C:\windows\system32\WindowsPowerShell\v1.0\Modules\
  PUBLIC=C:\Users\Public
  PWD=C:\slave\test
  RUNLOGFILE=C:\slave\\runslave.log
  SLAVEDIR=C:\slave\
  SYSTEMDRIVE=C:
  SYSTEMROOT=C:\windows
  TEMP=C:\Users\CLTBLD~1.T-W\AppData\Local\Temp
  TEST1=testie
  TMP=C:\Users\CLTBLD~1.T-W\AppData\Local\Temp
  USERDOMAIN=T-W864-IX-029
  USERDOMAIN_ROAMINGPROFILE=T-W864-IX-029
  USERNAME=cltbld
  USERPROFILE=C:\Users\cltbld.T-W864-IX-029
  WINDIR=C:\windows
  XPCOM_DEBUG_BREAK=warn
 using PTY: False
16:59:27     INFO - MultiFileLogger online at 20180608 16:59:27 in C:\slave\test
16:59:27     INFO - Run as scripts/scripts/web_platform_tests.py --cfg web_platform_tests/prod_config_windows.py --test-type=testharness --total-chunks 5 --this-chunk 3 --blob-upload-branch mozilla-esr52 --download-symbols ondemand
16:59:27     INFO - Dumping config to C:\slave\test\logs\localconfig.json.
16:59:27     INFO - {'allow_software_gl_layers': False,
16:59:27     INFO -  'append_to_log': False,
16:59:27     INFO -  'base_work_dir': 'C:\\slave\\test',
16:59:27     INFO -  'blob_upload_branch': 'mozilla-esr52',
16:59:27     INFO -  'blob_uploader_auth_file': 'C:\\slave\\test\\oauth.txt',
16:59:27     INFO -  'buildbot_json_path': 'buildprops.json',
16:59:27     INFO -  'config_files': ('web_platform_tests/prod_config_windows.py',),
16:59:27     INFO -  'default_blob_upload_servers': ('https://blobupload.elasticbeanstalk.com',),
16:59:27     INFO -  'download_minidump_stackwalk': True,
16:59:27     INFO -  'download_symbols': 'ondemand',
16:59:27     INFO -  'e10s': False,
16:59:27     INFO -  'exes': {'hg': 'c:/mozilla-build/hg/hg',
16:59:27     INFO -           'mozinstall': ('C:\\slave\\test/build/venv/scripts/python',
16:59:27     INFO -                          'C:\\slave\\test/build/venv/scripts/mozinstall-script.py'),
16:59:27     INFO -           'python': 'c:\\mozilla-build\\python27\\python.exe',
16:59:27     INFO -           'tooltool.py': ('c:\\mozilla-build\\python27\\python.exe',
16:59:27     INFO -                           'C:/mozilla-build/tooltool.py'),
16:59:27     INFO -           'virtualenv': ('c:\\mozilla-build\\python27\\python.exe',
16:59:27     INFO -                          'c:/mozilla-build/buildbotve/virtualenv.py')},
16:59:27     INFO -  'find_links': ('http://pypi.pvt.build.mozilla.org/pub',
16:59:27     INFO -                 'http://pypi.pub.build.mozilla.org/pub'),
16:59:27     INFO -  'log_level': 'info',
16:59:27     INFO -  'log_to_console': True,
16:59:27     INFO -  'opt_config_files': (),
16:59:27     INFO -  'options': ('--prefs-root=%(test_path)s/prefs',
16:59:27     INFO -              '--processes=1',
16:59:27     INFO -              '--config=%(test_path)s/wptrunner.ini',
16:59:27     INFO -              '--ca-cert-path=%(test_path)s/certs/cacert.pem',
16:59:27     INFO -              '--host-key-path=%(test_path)s/certs/web-platform.test.key',
16:59:27     INFO -              '--host-cert-path=%(test_path)s/certs/web-platform.test.pem',
16:59:27     INFO -              '--certutil-binary=%(test_install_path)s/bin/certutil'),
16:59:27     INFO -  'pip_index': False,
16:59:27     INFO -  'require_test_zip': True,
16:59:27     INFO -  'test_type': ('testharness',),
16:59:27     INFO -  'this_chunk': '3',
16:59:27     INFO -  'total_chunks': '5',
16:59:27     INFO -  'virtualenv_path': 'venv',
16:59:27     INFO -  'volatile_config': {'actions': None, 'add_actions': None, 'no_actions': None},
16:59:27     INFO -  'work_dir': 'build'}
16:59:27     INFO - [mozharness: 2018-06-08 23:59:27.230000Z] Running clobber step.
16:59:27     INFO - Running pre-action listener: _resource_record_pre_action
16:59:27     INFO - Running main action method: clobber
16:59:27     INFO - rmtree: C:\slave\test\build
16:59:27     INFO - Using _rmtree_windows ...
16:59:27     INFO - retry: Calling _rmtree_windows with args: ('C:\\slave\\test\\build',), kwargs: {}, attempt #1
17:01:10     INFO - Running post-action listener: _resource_record_post_action
17:01:10     INFO - [mozharness: 2018-06-09 00:01:10.970000Z] Finished clobber step (success)
17:01:10     INFO - [mozharness: 2018-06-09 00:01:10.970000Z] Running read-buildbot-config step.
17:01:10     INFO - Running pre-action listener: _resource_record_pre_action
17:01:10     INFO - Running main action method: read_buildbot_config
17:01:10     INFO - Using buildbot properties:
17:01:10     INFO - {
17:01:10     INFO -     "project": "", 
17:01:10     INFO -     "product": "firefox", 
17:01:10     INFO -     "script_repo_revision": "production", 
17:01:10     INFO -     "scheduler": "tests-mozilla-esr52-win8_64-pgo-unittest", 
17:01:10     INFO -     "repository": "", 
17:01:10     INFO -     "buildername": "Windows 8 64-bit mozilla-esr52 pgo test web-platform-tests-3", 
17:01:10     INFO -     "buildid": "20180608150819", 
17:01:10     INFO -     "pgo_build": "True", 
17:01:10     INFO -     "basedir": "C:\\slave\\test", 
17:01:10     INFO -     "buildnumber": 2, 
17:01:10     INFO -     "slavename": "t-w864-ix-029", 
17:01:10     INFO -     "revision": "cbfdf01aac455e0591471201c96b89dee98190b5", 
17:01:10     INFO -     "master": "http://buildbot-master110.bb.releng.scl3.mozilla.com:8201/", 
17:01:10     INFO -     "platform": "win64", 
17:01:10     INFO -     "branch": "mozilla-esr52", 
17:01:10     INFO -     "repo_path": "releases/mozilla-esr52", 
17:01:10     INFO -     "moz_repo_path": "", 
17:01:10     INFO -     "stage_platform": "win64-pgo", 
17:01:10     INFO -     "builduid": "b298b373e93d4f8dbf92436c9ed838a2", 
17:01:10     INFO -     "slavebuilddir": "test"
17:01:10     INFO - }
17:01:10     INFO - Found a test packages url https://queue.taskcluster.net/v1/task/VAgbWLphTjmdh4hh8yTyVw/artifacts/public/build/firefox-52.8.2.en-US.win64.test_packages.json.
17:01:10     INFO - Found installer url https://queue.taskcluster.net/v1/task/VAgbWLphTjmdh4hh8yTyVw/artifacts/public/build/firefox-52.8.2.en-US.win64.zip.
17:01:10     INFO - Running post-action listener: _resource_record_post_action
17:01:10     INFO - [mozharness: 2018-06-09 00:01:10.974000Z] Finished read-buildbot-config step (success)
17:01:10     INFO - [mozharness: 2018-06-09 00:01:10.974000Z] Running download-and-extract step.
17:01:10     INFO - Running pre-action listener: _resource_record_pre_action
17:01:10     INFO - Running main action method: download_and_extract
17:01:10     INFO - mkdir: C:\slave\test\build\tests
17:01:10     INFO - Downloading https://queue.taskcluster.net/v1/task/VAgbWLphTjmdh4hh8yTyVw/artifacts/public/build/firefox-52.8.2.en-US.win64.test_packages.json to C:\slave\test\build\firefox-52.8.2.en-US.win64.test_packages.json
17:01:10     INFO - retry: Calling _download_file with args: (), kwargs: {'url': 'https://queue.taskcluster.net/v1/task/VAgbWLphTjmdh4hh8yTyVw/artifacts/public/build/firefox-52.8.2.en-US.win64.test_packages.json', 'file_name': 'C:\\slave\\test\\build\\firefox-52.8.2.en-US.win64.test_packages.json'}, attempt #1
17:01:11     INFO - Downloaded 1218 bytes.
17:01:11     INFO - Reading from file C:\slave\test\build\firefox-52.8.2.en-US.win64.test_packages.json
17:01:11     INFO - Using the following test package requirements:
17:01:11     INFO - {u'common': [u'firefox-52.8.2.en-US.win64.common.tests.zip'],
17:01:11     INFO -  u'cppunittest': [u'firefox-52.8.2.en-US.win64.common.tests.zip',
17:01:11     INFO -                   u'firefox-52.8.2.en-US.win64.cppunittest.tests.zip'],
17:01:11     INFO -  u'gtest': [u'firefox-52.8.2.en-US.win64.common.tests.zip'],
17:01:11     INFO -  u'jittest': [u'firefox-52.8.2.en-US.win64.common.tests.zip',
17:01:11     INFO -               u'jsshell-win64.zip'],
17:01:11     INFO -  u'mochitest': [u'firefox-52.8.2.en-US.win64.common.tests.zip',
17:01:11     INFO -                 u'firefox-52.8.2.en-US.win64.mochitest.tests.zip'],
17:01:11     INFO -  u'mozbase': [u'firefox-52.8.2.en-US.win64.common.tests.zip'],
17:01:11     INFO -  u'reftest': [u'firefox-52.8.2.en-US.win64.common.tests.zip',
17:01:11     INFO -               u'firefox-52.8.2.en-US.win64.reftest.tests.zip'],
17:01:11     INFO -  u'talos': [u'firefox-52.8.2.en-US.win64.common.tests.zip',
17:01:11     INFO -             u'firefox-52.8.2.en-US.win64.talos.tests.zip'],
17:01:11     INFO -  u'web-platform': [u'firefox-52.8.2.en-US.win64.common.tests.zip',
17:01:11     INFO -                    u'firefox-52.8.2.en-US.win64.web-platform.tests.zip'],
17:01:11     INFO -  u'xpcshell': [u'firefox-52.8.2.en-US.win64.common.tests.zip',
17:01:11     INFO -                u'firefox-52.8.2.en-US.win64.xpcshell.tests.zip']}
17:01:11     INFO - Downloading packages: [u'firefox-52.8.2.en-US.win64.common.tests.zip', u'firefox-52.8.2.en-US.win64.web-platform.tests.zip'] for test suite category: web-platform
17:01:11     INFO - Adding 'mach' for extraction from common.tests zip file
17:01:11     INFO - Adding 'mozinfo.json' for extraction from common.tests zip file
17:01:11     INFO - Downloading and extracting to C:\slave\test\build\tests these dirs bin/*, config/*, mozbase/*, marionette/*, tools/wptserve/*, web-platform/*, mach, mozinfo.json from https://queue.taskcluster.net/v1/task/VAgbWLphTjmdh4hh8yTyVw/artifacts/public/build/firefox-52.8.2.en-US.win64.common.tests.zip
17:01:11     INFO - retry: Calling fetch_url_into_memory with args: (), kwargs: {'url': u'https://queue.taskcluster.net/v1/task/VAgbWLphTjmdh4hh8yTyVw/artifacts/public/build/firefox-52.8.2.en-US.win64.common.tests.zip'}, attempt #1
17:01:11     INFO - Fetch https://queue.taskcluster.net/v1/task/VAgbWLphTjmdh4hh8yTyVw/artifacts/public/build/firefox-52.8.2.en-US.win64.common.tests.zip into memory
17:01:12     INFO - Http code: 200
17:01:12     INFO - via: 1.1 81871f1c889cc44b6c25e3ef722a3801.cloudfront.net (CloudFront)
17:01:12     INFO - x-amz-cf-id: GVlCOM3LCa-OD2fbCOMjhGtf9dGz3fnGeHbdyXDkMfvhoO_ni5tcPg==
17:01:12     INFO - x-amz-version-id: PWIf.SJCY7_2cY1I6UgZuHaMt7l.wuxG
17:01:12     INFO - Expected file size: 17259713
17:01:12     INFO - Obtained file size: 17259713
17:01:13     INFO - Downloading and extracting to C:\slave\test\build\tests these dirs bin/*, config/*, mozbase/*, marionette/*, tools/wptserve/*, web-platform/*, mach, mozinfo.json from https://queue.taskcluster.net/v1/task/VAgbWLphTjmdh4hh8yTyVw/artifacts/public/build/firefox-52.8.2.en-US.win64.web-platform.tests.zip
17:01:13     INFO - retry: Calling fetch_url_into_memory with args: (), kwargs: {'url': u'https://queue.taskcluster.net/v1/task/VAgbWLphTjmdh4hh8yTyVw/artifacts/public/build/firefox-52.8.2.en-US.win64.web-platform.tests.zip'}, attempt #1
17:01:13     INFO - Fetch https://queue.taskcluster.net/v1/task/VAgbWLphTjmdh4hh8yTyVw/artifacts/public/build/firefox-52.8.2.en-US.win64.web-platform.tests.zip into memory
17:01:14     INFO - Http code: 200
17:01:14     INFO - via: 1.1 6e65abb04cb818a6ec78111935b507f7.cloudfront.net (CloudFront)
17:01:14     INFO - x-amz-cf-id: 3DgP18Na-dR21cGcTh3TzhlkO97BL1G5IQVmuU0yU9esnQKgc4JIpg==
17:01:14     INFO - x-amz-version-id: j.1SDNsp04m2KmgBBvC_m2hcjBILX4fz
17:01:14     INFO - Expected file size: 43270029
17:01:14     INFO - Obtained file size: 43270029
17:01:52     INFO - Downloading https://queue.taskcluster.net/v1/task/VAgbWLphTjmdh4hh8yTyVw/artifacts/public/build/firefox-52.8.2.en-US.win64.zip to C:\slave\test\build\firefox-52.8.2.en-US.win64.zip
17:01:52     INFO - retry: Calling _download_file with args: (), kwargs: {'url': 'https://queue.taskcluster.net/v1/task/VAgbWLphTjmdh4hh8yTyVw/artifacts/public/build/firefox-52.8.2.en-US.win64.zip', 'file_name': 'C:\\slave\\test\\build\\firefox-52.8.2.en-US.win64.zip'}, attempt #1
17:01:54     INFO - Downloaded 59133206 bytes.
17:01:54     INFO - Setting buildbot property build_url to https://queue.taskcluster.net/v1/task/VAgbWLphTjmdh4hh8yTyVw/artifacts/public/build/firefox-52.8.2.en-US.win64.zip
17:01:54     INFO - mkdir: C:\slave\test\properties
17:01:54     INFO - Writing buildbot properties ['build_url'] to C:\slave\test\properties\build_url
17:01:54     INFO - Writing to file C:\slave\test\properties\build_url
17:01:54     INFO - Contents:
17:01:54     INFO -  build_url:https://queue.taskcluster.net/v1/task/VAgbWLphTjmdh4hh8yTyVw/artifacts/public/build/firefox-52.8.2.en-US.win64.zip
17:01:54     INFO - Running post-action listener: _resource_record_post_action
17:01:54     INFO - Running post-action listener: set_extra_try_arguments
17:01:54     INFO - [mozharness: 2018-06-09 00:01:54.653000Z] Finished download-and-extract step (success)
17:01:54     INFO - [mozharness: 2018-06-09 00:01:54.653000Z] Running fetch-geckodriver step.
17:01:54     INFO - Running pre-action listener: _resource_record_pre_action
17:01:54     INFO - Running main action method: fetch_geckodriver
17:01:54     INFO - Running post-action listener: _resource_record_post_action
17:01:54     INFO - [mozharness: 2018-06-09 00:01:54.653000Z] Finished fetch-geckodriver step (success)
17:01:54     INFO - [mozharness: 2018-06-09 00:01:54.653000Z] Running create-virtualenv step.
17:01:54     INFO - Running pre-action listener: _pre_create_virtualenv
17:01:54     INFO - Running pre-action listener: _resource_record_pre_action
17:01:54     INFO - Running main action method: create_virtualenv
17:01:54     INFO - Creating virtualenv C:\slave\test\build\venv
17:01:54     INFO - Running command: ['c:\\mozilla-build\\python27\\python.exe', 'C:\\slave\\test\\scripts\\external_tools\\virtualenv\\virtualenv.py', '--always-copy', 'C:\\slave\\test\\build\\venv'] in C:\slave\test\build
17:01:54     INFO - Copy/paste: c:\mozilla-build\python27\python.exe C:\slave\test\scripts\external_tools\virtualenv\virtualenv.py --always-copy C:\slave\test\build\venv
17:01:54     INFO - Using partial env: {'VIRTUALENV_NO_DOWNLOAD': '1'}
17:02:03     INFO -  New python executable in C:\slave\test\build\venv\Scripts\python.exe
17:02:10     INFO -  Installing setuptools, pip, wheel...done.
17:02:10     INFO - Return code: 0
17:02:10     INFO - Installing psutil>=3.1.1 into virtualenv C:\slave\test\build\venv
17:02:10     INFO - retry: Calling run_command with args: [['C:\\slave\\test\\build\\venv\\Scripts\\pip', 'install', '--timeout', '120', '--no-index', '--find-links', 'http://pypi.pvt.build.mozilla.org/pub', '--find-links', 'http://pypi.pub.build.mozilla.org/pub', '--trusted-host', 'pypi.pub.build.mozilla.org', '--trusted-host', 'pypi.pvt.build.mozilla.org', 'psutil>=3.1.1']], kwargs: {'error_level': 'warning', 'error_list': [{'substr': 'not found or a compiler error:', 'level': 'warning'}, {'regex': <_sre.SRE_Pattern object at 0x02616250>, 'level': 'error'}, {'regex': <_sre.SRE_Pattern object at 0x0262B188>, 'level': 'warning'}, {'regex': <_sre.SRE_Pattern object at 0x025E1800>, 'level': 'debug'}, {'substr': 'command not found', 'level': 'error'}, {'regex': <_sre.SRE_Pattern object at 0x01D48DE8>, 'level': 'warning'}, {'substr': 'Traceback (most recent call last)', 'level': 'error'}, {'substr': 'SyntaxError: ', 'level': 'error'}, {'substr': 'TypeError: ', 'level': 'error'}, {'substr': 'NameError: ', 'level': 'error'}, {'substr': 'ZeroDivisionError: ', 'level': 'error'}, {'regex': <_sre.SRE_Pattern object at 0x025A1230>, 'level': 'critical'}, {'regex': <_sre.SRE_Pattern object at 0x0261F520>, 'level': 'critical'}], 'cwd': 'C:\\slave\\test\\build', 'env': {'TMP': 'C:\\Users\\CLTBLD~1.T-W\\AppData\\Local\\Temp', 'TEST1': 'testie', 'COMPUTERNAME': 'T-W864-IX-029', 'USERDOMAIN': 'T-W864-IX-029', 'KTS_VERSION': '1.19c', 'PSMODULEPATH': 'C:\\windows\\system32\\WindowsPowerShell\\v1.0\\Modules\\', 'COMMONPROGRAMFILES': 'C:\\Program Files (x86)\\Common Files', 'PROCESSOR_IDENTIFIER': 'Intel64 Family 6 Model 30 Stepping 5, GenuineIntel', 'PROGRAMFILES': 'C:\\Program Files (x86)', 'PROCESSOR_REVISION': '1e05', 'DNSSUFFIX': 'wintest.releng.scl3.mozilla.com', 'SYSTEMROOT': 'C:\\windows', 'NO_EM_RESTART': '1', 'PROGRAMFILES(X86)': 'C:\\Program Files (x86)', 'OURDRIVE': 'C:', 'MOZ_HIDE_RESULTS_TABLE': '1', 'XPCOM_DEBUG_BREAK': 'warn', 'MONDIR': 'C:\\Monitor_config\\', 'TEMP': 'C:\\Users\\CLTBLD~1.T-W\\AppData\\Local\\Temp', 'COMMONPROGRAMFILES(X86)': 'C:\\Program Files (x86)\\Common Files', 'RUNLOGFILE': 'C:\\slave\\\\runslave.log', 'PROCESSOR_ARCHITECTURE': 'x86', 'ALLUSERSPROFILE': 'C:\\ProgramData', 'USERPROFILE': 'C:\\Users\\cltbld.T-W864-IX-029', 'LOCALAPPDATA': 'C:\\Users\\cltbld.T-W864-IX-029\\AppData\\Local', 'HOMEPATH': '\\Users\\cltbld.T-W864-IX-029', 'USERDOMAIN_ROAMINGPROFILE': 'T-W864-IX-029', 'MOZBUILDDIR': 'C:\\mozilla-build\\', 'PROGRAMW6432': 'C:\\Program Files', 'USERNAME': 'cltbld', 'LOGONSERVER': '\\\\T-W864-IX-029', 'MOZ_NO_REMOTE': '1', 'COMSPEC': 'C:\\windows\\system32\\cmd.exe', 'PROGRAMDATA': 'C:\\ProgramData', 'PROPERTIES_FILE': 'C:\\slave\\test/buildprops.json', 'PATH': 'C:\\Program Files (x86)\\NVIDIA Corporation\\PhysX\\Common;C:\\windows\\system32;C:\\windows;C:\\windows\\System32\\Wbem;C:\\windows\\System32\\WindowsPowerShell\\v1.0\\;C:\\mozilla-build\\python27;C:\\mozilla-build\\python27\\Scripts;C:\\mozilla-build\\msys\\bin;C:\\mozilla-build\\vim\\vim72;C:\\mozilla-build\\wget;C:\\mozilla-build\\info-zip;C:\\CoreUtils\\bin;C:\\mozilla-build\\buildbotve\\scripts;C:\\mozilla-build\\hg', 'PROMPT': '$P$G', 'NO_FAIL_ON_TEST_ERRORS': '1', 'PATHEXT': '.COM;.EXE;.BAT;.CMD;.VBS;.VBE;.JS;.JSE;.WSF;.WSH;.MSC', 'FP_NO_HOST_CHECK': 'NO', 'DCLOCATION': 'SCL3', 'APPDATA': 'C:\\Users\\cltbld.T-W864-IX-029\\AppData\\Roaming', 'HOMEDRIVE': 'C:', 'SYSTEMDRIVE': 'C:', 'SLAVEDIR': 'C:\\slave\\', 'NUMBER_OF_PROCESSORS': '8', 'PWD': 'C:\\slave\\test', 'PROCESSOR_LEVEL': '6', 'KTS_HOME': 'C:\\Program Files\\KTS', 'PROCESSOR_ARCHITEW6432': 'AMD64', 'MOZ_CRASHREPORTER_NO_REPORT': '1', 'COMMONPROGRAMW6432': 'C:\\Program Files\\Common Files', 'OS': 'Windows_NT', 'PUBLIC': 'C:\\Users\\Public', 'WINDIR': 'C:\\windows'}}, attempt #1
17:02:10     INFO - Running command: ['C:\\slave\\test\\build\\venv\\Scripts\\pip', 'install', '--timeout', '120', '--no-index', '--find-links', 'http://pypi.pvt.build.mozilla.org/pub', '--find-links', 'http://pypi.pub.build.mozilla.org/pub', '--trusted-host', 'pypi.pub.build.mozilla.org', '--trusted-host', 'pypi.pvt.build.mozilla.org', 'psutil>=3.1.1'] in C:\slave\test\build
17:02:10     INFO - Copy/paste: C:\slave\test\build\venv\Scripts\pip install --timeout 120 --no-index --find-links http://pypi.pvt.build.mozilla.org/pub --find-links http://pypi.pub.build.mozilla.org/pub --trusted-host pypi.pub.build.mozilla.org --trusted-host pypi.pvt.build.mozilla.org psutil>=3.1.1
17:02:10     INFO - Using env: {'ALLUSERSPROFILE': 'C:\\ProgramData',
17:02:10     INFO -  'APPDATA': 'C:\\Users\\cltbld.T-W864-IX-029\\AppData\\Roaming',
17:02:10     INFO -  'COMMONPROGRAMFILES': 'C:\\Program Files (x86)\\Common Files',
17:02:10     INFO -  'COMMONPROGRAMFILES(X86)': 'C:\\Program Files (x86)\\Common Files',
17:02:10     INFO -  'COMMONPROGRAMW6432': 'C:\\Program Files\\Common Files',
17:02:10     INFO -  'COMPUTERNAME': 'T-W864-IX-029',
17:02:10     INFO -  'COMSPEC': 'C:\\windows\\system32\\cmd.exe',
17:02:10     INFO -  'DCLOCATION': 'SCL3',
17:02:10     INFO -  'DNSSUFFIX': 'wintest.releng.scl3.mozilla.com',
17:02:10     INFO -  'FP_NO_HOST_CHECK': 'NO',
17:02:10     INFO -  'HOMEDRIVE': 'C:',
17:02:10     INFO -  'HOMEPATH': '\\Users\\cltbld.T-W864-IX-029',
17:02:10     INFO -  'KTS_HOME': 'C:\\Program Files\\KTS',
17:02:10     INFO -  'KTS_VERSION': '1.19c',
17:02:10     INFO -  'LOCALAPPDATA': 'C:\\Users\\cltbld.T-W864-IX-029\\AppData\\Local',
17:02:10     INFO -  'LOGONSERVER': '\\\\T-W864-IX-029',
17:02:10     INFO -  'MONDIR': 'C:\\Monitor_config\\',
17:02:10     INFO -  'MOZBUILDDIR': 'C:\\mozilla-build\\',
17:02:10     INFO -  'MOZ_CRASHREPORTER_NO_REPORT': '1',
17:02:10     INFO -  'MOZ_HIDE_RESULTS_TABLE': '1',
17:02:10     INFO -  'MOZ_NO_REMOTE': '1',
17:02:10     INFO -  'NO_EM_RESTART': '1',
17:02:10     INFO -  'NO_FAIL_ON_TEST_ERRORS': '1',
17:02:10     INFO -  'NUMBER_OF_PROCESSORS': '8',
17:02:10     INFO -  'OS': 'Windows_NT',
17:02:10     INFO -  'OURDRIVE': 'C:',
17:02:10     INFO -  'PATH': 'C:\\Program Files (x86)\\NVIDIA Corporation\\PhysX\\Common;C:\\windows\\system32;C:\\windows;C:\\windows\\System32\\Wbem;C:\\windows\\System32\\WindowsPowerShell\\v1.0\\;C:\\mozilla-build\\python27;C:\\mozilla-build\\python27\\Scripts;C:\\mozilla-build\\msys\\bin;C:\\mozilla-build\\vim\\vim72;C:\\mozilla-build\\wget;C:\\mozilla-build\\info-zip;C:\\CoreUtils\\bin;C:\\mozilla-build\\buildbotve\\scripts;C:\\mozilla-build\\hg',
17:02:10     INFO -  'PATHEXT': '.COM;.EXE;.BAT;.CMD;.VBS;.VBE;.JS;.JSE;.WSF;.WSH;.MSC',
17:02:10     INFO -  'PROCESSOR_ARCHITECTURE': 'x86',
17:02:10     INFO -  'PROCESSOR_ARCHITEW6432': 'AMD64',
17:02:10     INFO -  'PROCESSOR_IDENTIFIER': 'Intel64 Family 6 Model 30 Stepping 5, GenuineIntel',
17:02:10     INFO -  'PROCESSOR_LEVEL': '6',
17:02:10     INFO -  'PROCESSOR_REVISION': '1e05',
17:02:10     INFO -  'PROGRAMDATA': 'C:\\ProgramData',
17:02:10     INFO -  'PROGRAMFILES': 'C:\\Program Files (x86)',
17:02:10     INFO -  'PROGRAMFILES(X86)': 'C:\\Program Files (x86)',
17:02:10     INFO -  'PROGRAMW6432': 'C:\\Program Files',
17:02:10     INFO -  'PROMPT': '$P$G',
17:02:10     INFO -  'PROPERTIES_FILE': 'C:\\slave\\test/buildprops.json',
17:02:10     INFO -  'PSMODULEPATH': 'C:\\windows\\system32\\WindowsPowerShell\\v1.0\\Modules\\',
17:02:10     INFO -  'PUBLIC': 'C:\\Users\\Public',
17:02:10     INFO -  'PWD': 'C:\\slave\\test',
17:02:10     INFO -  'RUNLOGFILE': 'C:\\slave\\\\runslave.log',
17:02:10     INFO -  'SLAVEDIR': 'C:\\slave\\',
17:02:10     INFO -  'SYSTEMDRIVE': 'C:',
17:02:10     INFO -  'SYSTEMROOT': 'C:\\windows',
17:02:10     INFO -  'TEMP': 'C:\\Users\\CLTBLD~1.T-W\\AppData\\Local\\Temp',
17:02:10     INFO -  'TEST1': 'testie',
17:02:10     INFO -  'TMP': 'C:\\Users\\CLTBLD~1.T-W\\AppData\\Local\\Temp',
17:02:10     INFO -  'USERDOMAIN': 'T-W864-IX-029',
17:02:10     INFO -  'USERDOMAIN_ROAMINGPROFILE': 'T-W864-IX-029',
17:02:10     INFO -  'USERNAME': 'cltbld',
17:02:10     INFO -  'USERPROFILE': 'C:\\Users\\cltbld.T-W864-IX-029',
17:02:10     INFO -  'WINDIR': 'C:\\windows',
17:02:10     INFO -  'XPCOM_DEBUG_BREAK': 'warn'}
17:02:10     INFO -  Ignoring indexes: https://pypi.python.org/simple
17:02:10     INFO -  Collecting psutil>=3.1.1
17:02:12     INFO -    Downloading http://pypi.pvt.build.mozilla.org/pub/psutil-5.4.3-cp27-none-win32.whl (220kB)
17:02:12     INFO -  Installing collected packages: psutil
17:02:12     INFO -  Successfully installed psutil-5.4.3
17:02:12     INFO - Return code: 0
17:02:12     INFO - Installing mozsystemmonitor==0.3 into virtualenv C:\slave\test\build\venv
17:02:12     INFO - retry: Calling run_command with args: [['C:\\slave\\test\\build\\venv\\Scripts\\pip', 'install', '--timeout', '120', '--no-index', '--find-links', 'http://pypi.pvt.build.mozilla.org/pub', '--find-links', 'http://pypi.pub.build.mozilla.org/pub', '--trusted-host', 'pypi.pub.build.mozilla.org', '--trusted-host', 'pypi.pvt.build.mozilla.org', 'mozsystemmonitor==0.3']], kwargs: {'error_level': 'warning', 'error_list': [{'substr': 'not found or a compiler error:', 'level': 'warning'}, {'regex': <_sre.SRE_Pattern object at 0x02616250>, 'level': 'error'}, {'regex': <_sre.SRE_Pattern object at 0x0262B188>, 'level': 'warning'}, {'regex': <_sre.SRE_Pattern object at 0x025E1800>, 'level': 'debug'}, {'substr': 'command not found', 'level': 'error'}, {'regex': <_sre.SRE_Pattern object at 0x01D48DE8>, 'level': 'warning'}, {'substr': 'Traceback (most recent call last)', 'level': 'error'}, {'substr': 'SyntaxError: ', 'level': 'error'}, {'substr': 'TypeError: ', 'level': 'error'}, {'substr': 'NameError: ', 'level': 'error'}, {'substr': 'ZeroDivisionError: ', 'level': 'error'}, {'regex': <_sre.SRE_Pattern object at 0x025A1230>, 'level': 'critical'}, {'regex': <_sre.SRE_Pattern object at 0x0261F520>, 'level': 'critical'}], 'cwd': 'C:\\slave\\test\\build', 'env': {'TMP': 'C:\\Users\\CLTBLD~1.T-W\\AppData\\Local\\Temp', 'TEST1': 'testie', 'COMPUTERNAME': 'T-W864-IX-029', 'USERDOMAIN': 'T-W864-IX-029', 'KTS_VERSION': '1.19c', 'PSMODULEPATH': 'C:\\windows\\system32\\WindowsPowerShell\\v1.0\\Modules\\', 'COMMONPROGRAMFILES': 'C:\\Program Files (x86)\\Common Files', 'PROCESSOR_IDENTIFIER': 'Intel64 Family 6 Model 30 Stepping 5, GenuineIntel', 'PROGRAMFILES': 'C:\\Program Files (x86)', 'PROCESSOR_REVISION': '1e05', 'DNSSUFFIX': 'wintest.releng.scl3.mozilla.com', 'SYSTEMROOT': 'C:\\windows', 'NO_EM_RESTART': '1', 'PROGRAMFILES(X86)': 'C:\\Program Files (x86)', 'OURDRIVE': 'C:', 'MOZ_HIDE_RESULTS_TABLE': '1', 'XPCOM_DEBUG_BREAK': 'warn', 'MONDIR': 'C:\\Monitor_config\\', 'TEMP': 'C:\\Users\\CLTBLD~1.T-W\\AppData\\Local\\Temp', 'COMMONPROGRAMFILES(X86)': 'C:\\Program Files (x86)\\Common Files', 'RUNLOGFILE': 'C:\\slave\\\\runslave.log', 'PROCESSOR_ARCHITECTURE': 'x86', 'ALLUSERSPROFILE': 'C:\\ProgramData', 'USERPROFILE': 'C:\\Users\\cltbld.T-W864-IX-029', 'LOCALAPPDATA': 'C:\\Users\\cltbld.T-W864-IX-029\\AppData\\Local', 'HOMEPATH': '\\Users\\cltbld.T-W864-IX-029', 'USERDOMAIN_ROAMINGPROFILE': 'T-W864-IX-029', 'MOZBUILDDIR': 'C:\\mozilla-build\\', 'PROGRAMW6432': 'C:\\Program Files', 'USERNAME': 'cltbld', 'LOGONSERVER': '\\\\T-W864-IX-029', 'MOZ_NO_REMOTE': '1', 'COMSPEC': 'C:\\windows\\system32\\cmd.exe', 'PROGRAMDATA': 'C:\\ProgramData', 'PROPERTIES_FILE': 'C:\\slave\\test/buildprops.json', 'PATH': 'C:\\Program Files (x86)\\NVIDIA Corporation\\PhysX\\Common;C:\\windows\\system32;C:\\windows;C:\\windows\\System32\\Wbem;C:\\windows\\System32\\WindowsPowerShell\\v1.0\\;C:\\mozilla-build\\python27;C:\\mozilla-build\\python27\\Scripts;C:\\mozilla-build\\msys\\bin;C:\\mozilla-build\\vim\\vim72;C:\\mozilla-build\\wget;C:\\mozilla-build\\info-zip;C:\\CoreUtils\\bin;C:\\mozilla-build\\buildbotve\\scripts;C:\\mozilla-build\\hg', 'PROMPT': '$P$G', 'NO_FAIL_ON_TEST_ERRORS': '1', 'PATHEXT': '.COM;.EXE;.BAT;.CMD;.VBS;.VBE;.JS;.JSE;.WSF;.WSH;.MSC', 'FP_NO_HOST_CHECK': 'NO', 'DCLOCATION': 'SCL3', 'APPDATA': 'C:\\Users\\cltbld.T-W864-IX-029\\AppData\\Roaming', 'HOMEDRIVE': 'C:', 'SYSTEMDRIVE': 'C:', 'SLAVEDIR': 'C:\\slave\\', 'NUMBER_OF_PROCESSORS': '8', 'PWD': 'C:\\slave\\test', 'PROCESSOR_LEVEL': '6', 'KTS_HOME': 'C:\\Program Files\\KTS', 'PROCESSOR_ARCHITEW6432': 'AMD64', 'MOZ_CRASHREPORTER_NO_REPORT': '1', 'COMMONPROGRAMW6432': 'C:\\Program Files\\Common Files', 'OS': 'Windows_NT', 'PUBLIC': 'C:\\Users\\Public', 'WINDIR': 'C:\\windows'}}, attempt #1
17:02:12     INFO - Running command: ['C:\\slave\\test\\build\\venv\\Scripts\\pip', 'install', '--timeout', '120', '--no-index', '--find-links', 'http://pypi.pvt.build.mozilla.org/pub', '--find-links', 'http://pypi.pub.build.mozilla.org/pub', '--trusted-host', 'pypi.pub.build.mozilla.org', '--trusted-host', 'pypi.pvt.build.mozilla.org', 'mozsystemmonitor==0.3'] in C:\slave\test\build
17:02:12     INFO - Copy/paste: C:\slave\test\build\venv\Scripts\pip install --timeout 120 --no-index --find-links http://pypi.pvt.build.mozilla.org/pub --find-links http://pypi.pub.build.mozilla.org/pub --trusted-host pypi.pub.build.mozilla.org --trusted-host pypi.pvt.build.mozilla.org mozsystemmonitor==0.3
17:02:12     INFO - Using env: {'ALLUSERSPROFILE': 'C:\\ProgramData',
17:02:12     INFO -  'APPDATA': 'C:\\Users\\cltbld.T-W864-IX-029\\AppData\\Roaming',
17:02:12     INFO -  'COMMONPROGRAMFILES': 'C:\\Program Files (x86)\\Common Files',
17:02:12     INFO -  'COMMONPROGRAMFILES(X86)': 'C:\\Program Files (x86)\\Common Files',
17:02:12     INFO -  'COMMONPROGRAMW6432': 'C:\\Program Files\\Common Files',
17:02:12     INFO -  'COMPUTERNAME': 'T-W864-IX-029',
17:02:12     INFO -  'COMSPEC': 'C:\\windows\\system32\\cmd.exe',
17:02:12     INFO -  'DCLOCATION': 'SCL3',
17:02:12     INFO -  'DNSSUFFIX': 'wintest.releng.scl3.mozilla.com',
17:02:12     INFO -  'FP_NO_HOST_CHECK': 'NO',
17:02:12     INFO -  'HOMEDRIVE': 'C:',
17:02:12     INFO -  'HOMEPATH': '\\Users\\cltbld.T-W864-IX-029',
17:02:12     INFO -  'KTS_HOME': 'C:\\Program Files\\KTS',
17:02:12     INFO -  'KTS_VERSION': '1.19c',
17:02:12     INFO -  'LOCALAPPDATA': 'C:\\Users\\cltbld.T-W864-IX-029\\AppData\\Local',
17:02:12     INFO -  'LOGONSERVER': '\\\\T-W864-IX-029',
17:02:12     INFO -  'MONDIR': 'C:\\Monitor_config\\',
17:02:12     INFO -  'MOZBUILDDIR': 'C:\\mozilla-build\\',
17:02:12     INFO -  'MOZ_CRASHREPORTER_NO_REPORT': '1',
17:02:12     INFO -  'MOZ_HIDE_RESULTS_TABLE': '1',
17:02:12     INFO -  'MOZ_NO_REMOTE': '1',
17:02:12     INFO -  'NO_EM_RESTART': '1',
17:02:12     INFO -  'NO_FAIL_ON_TEST_ERRORS': '1',
17:02:12     INFO -  'NUMBER_OF_PROCESSORS': '8',
17:02:12     INFO -  'OS': 'Windows_NT',
17:02:12     INFO -  'OURDRIVE': 'C:',
17:02:12     INFO -  'PATH': 'C:\\Program Files (x86)\\NVIDIA Corporation\\PhysX\\Common;C:\\windows\\system32;C:\\windows;C:\\windows\\System32\\Wbem;C:\\windows\\System32\\WindowsPowerShell\\v1.0\\;C:\\mozilla-build\\python27;C:\\mozilla-build\\python27\\Scripts;C:\\mozilla-build\\msys\\bin;C:\\mozilla-build\\vim\\vim72;C:\\mozilla-build\\wget;C:\\mozilla-build\\info-zip;C:\\CoreUtils\\bin;C:\\mozilla-build\\buildbotve\\scripts;C:\\mozilla-build\\hg',
17:02:12     INFO -  'PATHEXT': '.COM;.EXE;.BAT;.CMD;.VBS;.VBE;.JS;.JSE;.WSF;.WSH;.MSC',
17:02:12     INFO -  'PROCESSOR_ARCHITECTURE': 'x86',
17:02:12     INFO -  'PROCESSOR_ARCHITEW6432': 'AMD64',
17:02:12     INFO -  'PROCESSOR_IDENTIFIER': 'Intel64 Family 6 Model 30 Stepping 5, GenuineIntel',
17:02:12     INFO -  'PROCESSOR_LEVEL': '6',
17:02:12     INFO -  'PROCESSOR_REVISION': '1e05',
17:02:12     INFO -  'PROGRAMDATA': 'C:\\ProgramData',
17:02:12     INFO -  'PROGRAMFILES': 'C:\\Program Files (x86)',
17:02:12     INFO -  'PROGRAMFILES(X86)': 'C:\\Program Files (x86)',
17:02:12     INFO -  'PROGRAMW6432': 'C:\\Program Files',
17:02:12     INFO -  'PROMPT': '$P$G',
17:02:12     INFO -  'PROPERTIES_FILE': 'C:\\slave\\test/buildprops.json',
17:02:12     INFO -  'PSMODULEPATH': 'C:\\windows\\system32\\WindowsPowerShell\\v1.0\\Modules\\',
17:02:12     INFO -  'PUBLIC': 'C:\\Users\\Public',
17:02:12     INFO -  'PWD': 'C:\\slave\\test',
17:02:12     INFO -  'RUNLOGFILE': 'C:\\slave\\\\runslave.log',
17:02:12     INFO -  'SLAVEDIR': 'C:\\slave\\',
17:02:12     INFO -  'SYSTEMDRIVE': 'C:',
17:02:12     INFO -  'SYSTEMROOT': 'C:\\windows',
17:02:12     INFO -  'TEMP': 'C:\\Users\\CLTBLD~1.T-W\\AppData\\Local\\Temp',
17:02:12     INFO -  'TEST1': 'testie',
17:02:12     INFO -  'TMP': 'C:\\Users\\CLTBLD~1.T-W\\AppData\\Local\\Temp',
17:02:12     INFO -  'USERDOMAIN': 'T-W864-IX-029',
17:02:12     INFO -  'USERDOMAIN_ROAMINGPROFILE': 'T-W864-IX-029',
17:02:12     INFO -  'USERNAME': 'cltbld',
17:02:12     INFO -  'USERPROFILE': 'C:\\Users\\cltbld.T-W864-IX-029',
17:02:12     INFO -  'WINDIR': 'C:\\windows',
17:02:12     INFO -  'XPCOM_DEBUG_BREAK': 'warn'}
17:02:12     INFO -  Ignoring indexes: https://pypi.python.org/simple
17:02:12     INFO -  Collecting mozsystemmonitor==0.3
17:02:14     INFO -  Requirement already satisfied (use --upgrade to upgrade): psutil>=3.1.1 in c:\slave\test\build\venv\lib\site-packages (from mozsystemmonitor==0.3)
17:02:14     INFO -  Installing collected packages: mozsystemmonitor
17:02:14     INFO -  Successfully installed mozsystemmonitor-0.3
17:02:14     INFO - Return code: 0
17:02:14     INFO - Installing jsonschema==2.5.1 into virtualenv C:\slave\test\build\venv
17:02:14     INFO - retry: Calling run_command with args: [['C:\\slave\\test\\build\\venv\\Scripts\\pip', 'install', '--timeout', '120', '--no-index', '--find-links', 'http://pypi.pvt.build.mozilla.org/pub', '--find-links', 'http://pypi.pub.build.mozilla.org/pub', '--trusted-host', 'pypi.pub.build.mozilla.org', '--trusted-host', 'pypi.pvt.build.mozilla.org', 'jsonschema==2.5.1']], kwargs: {'error_level': 'warning', 'error_list': [{'substr': 'not found or a compiler error:', 'level': 'warning'}, {'regex': <_sre.SRE_Pattern object at 0x02616250>, 'level': 'error'}, {'regex': <_sre.SRE_Pattern object at 0x0262B188>, 'level': 'warning'}, {'regex': <_sre.SRE_Pattern object at 0x025E1800>, 'level': 'debug'}, {'substr': 'command not found', 'level': 'error'}, {'regex': <_sre.SRE_Pattern object at 0x01D48DE8>, 'level': 'warning'}, {'substr': 'Traceback (most recent call last)', 'level': 'error'}, {'substr': 'SyntaxError: ', 'level': 'error'}, {'substr': 'TypeError: ', 'level': 'error'}, {'substr': 'NameError: ', 'level': 'error'}, {'substr': 'ZeroDivisionError: ', 'level': 'error'}, {'regex': <_sre.SRE_Pattern object at 0x025A1230>, 'level': 'critical'}, {'regex': <_sre.SRE_Pattern object at 0x0261F520>, 'level': 'critical'}], 'cwd': 'C:\\slave\\test\\build', 'env': {'TMP': 'C:\\Users\\CLTBLD~1.T-W\\AppData\\Local\\Temp', 'TEST1': 'testie', 'COMPUTERNAME': 'T-W864-IX-029', 'USERDOMAIN': 'T-W864-IX-029', 'KTS_VERSION': '1.19c', 'PSMODULEPATH': 'C:\\windows\\system32\\WindowsPowerShell\\v1.0\\Modules\\', 'COMMONPROGRAMFILES': 'C:\\Program Files (x86)\\Common Files', 'PROCESSOR_IDENTIFIER': 'Intel64 Family 6 Model 30 Stepping 5, GenuineIntel', 'PROGRAMFILES': 'C:\\Program Files (x86)', 'PROCESSOR_REVISION': '1e05', 'DNSSUFFIX': 'wintest.releng.scl3.mozilla.com', 'SYSTEMROOT': 'C:\\windows', 'NO_EM_RESTART': '1', 'PROGRAMFILES(X86)': 'C:\\Program Files (x86)', 'OURDRIVE': 'C:', 'MOZ_HIDE_RESULTS_TABLE': '1', 'XPCOM_DEBUG_BREAK': 'warn', 'MONDIR': 'C:\\Monitor_config\\', 'TEMP': 'C:\\Users\\CLTBLD~1.T-W\\AppData\\Local\\Temp', 'COMMONPROGRAMFILES(X86)': 'C:\\Program Files (x86)\\Common Files', 'RUNLOGFILE': 'C:\\slave\\\\runslave.log', 'PROCESSOR_ARCHITECTURE': 'x86', 'ALLUSERSPROFILE': 'C:\\ProgramData', 'USERPROFILE': 'C:\\Users\\cltbld.T-W864-IX-029', 'LOCALAPPDATA': 'C:\\Users\\cltbld.T-W864-IX-029\\AppData\\Local', 'HOMEPATH': '\\Users\\cltbld.T-W864-IX-029', 'USERDOMAIN_ROAMINGPROFILE': 'T-W864-IX-029', 'MOZBUILDDIR': 'C:\\mozilla-build\\', 'PROGRAMW6432': 'C:\\Program Files', 'USERNAME': 'cltbld', 'LOGONSERVER': '\\\\T-W864-IX-029', 'MOZ_NO_REMOTE': '1', 'COMSPEC': 'C:\\windows\\system32\\cmd.exe', 'PROGRAMDATA': 'C:\\ProgramData', 'PROPERTIES_FILE': 'C:\\slave\\test/buildprops.json', 'PATH': 'C:\\Program Files (x86)\\NVIDIA Corporation\\PhysX\\Common;C:\\windows\\system32;C:\\windows;C:\\windows\\System32\\Wbem;C:\\windows\\System32\\WindowsPowerShell\\v1.0\\;C:\\mozilla-build\\python27;C:\\mozilla-build\\python27\\Scripts;C:\\mozilla-build\\msys\\bin;C:\\mozilla-build\\vim\\vim72;C:\\mozilla-build\\wget;C:\\mozilla-build\\info-zip;C:\\CoreUtils\\bin;C:\\mozilla-build\\buildbotve\\scripts;C:\\mozilla-build\\hg', 'PROMPT': '$P$G', 'NO_FAIL_ON_TEST_ERRORS': '1', 'PATHEXT': '.COM;.EXE;.BAT;.CMD;.VBS;.VBE;.JS;.JSE;.WSF;.WSH;.MSC', 'FP_NO_HOST_CHECK': 'NO', 'DCLOCATION': 'SCL3', 'APPDATA': 'C:\\Users\\cltbld.T-W864-IX-029\\AppData\\Roaming', 'HOMEDRIVE': 'C:', 'SYSTEMDRIVE': 'C:', 'SLAVEDIR': 'C:\\slave\\', 'NUMBER_OF_PROCESSORS': '8', 'PWD': 'C:\\slave\\test', 'PROCESSOR_LEVEL': '6', 'KTS_HOME': 'C:\\Program Files\\KTS', 'PROCESSOR_ARCHITEW6432': 'AMD64', 'MOZ_CRASHREPORTER_NO_REPORT': '1', 'COMMONPROGRAMW6432': 'C:\\Program Files\\Common Files', 'OS': 'Windows_NT', 'PUBLIC': 'C:\\Users\\Public', 'WINDIR': 'C:\\windows'}}, attempt #1
17:02:14     INFO - Running command: ['C:\\slave\\test\\build\\venv\\Scripts\\pip', 'install', '--timeout', '120', '--no-index', '--find-links', 'http://pypi.pvt.build.mozilla.org/pub', '--find-links', 'http://pypi.pub.build.mozilla.org/pub', '--trusted-host', 'pypi.pub.build.mozilla.org', '--trusted-host', 'pypi.pvt.build.mozilla.org', 'jsonschema==2.5.1'] in C:\slave\test\build
17:02:14     INFO - Copy/paste: C:\slave\test\build\venv\Scripts\pip install --timeout 120 --no-index --find-links http://pypi.pvt.build.mozilla.org/pub --find-links http://pypi.pub.build.mozilla.org/pub --trusted-host pypi.pub.build.mozilla.org --trusted-host pypi.pvt.build.mozilla.org jsonschema==2.5.1
17:02:14     INFO - Using env: {'ALLUSERSPROFILE': 'C:\\ProgramData',
17:02:14     INFO -  'APPDATA': 'C:\\Users\\cltbld.T-W864-IX-029\\AppData\\Roaming',
17:02:14     INFO -  'COMMONPROGRAMFILES': 'C:\\Program Files (x86)\\Common Files',
17:02:14     INFO -  'COMMONPROGRAMFILES(X86)': 'C:\\Program Files (x86)\\Common Files',
17:02:14     INFO -  'COMMONPROGRAMW6432': 'C:\\Program Files\\Common Files',
17:02:14     INFO -  'COMPUTERNAME': 'T-W864-IX-029',
17:02:14     INFO -  'COMSPEC': 'C:\\windows\\system32\\cmd.exe',
17:02:14     INFO -  'DCLOCATION': 'SCL3',
17:02:14     INFO -  'DNSSUFFIX': 'wintest.releng.scl3.mozilla.com',
17:02:14     INFO -  'FP_NO_HOST_CHECK': 'NO',
17:02:14     INFO -  'HOMEDRIVE': 'C:',
17:02:14     INFO -  'HOMEPATH': '\\Users\\cltbld.T-W864-IX-029',
17:02:14     INFO -  'KTS_HOME': 'C:\\Program Files\\KTS',
17:02:14     INFO -  'KTS_VERSION': '1.19c',
17:02:14     INFO -  'LOCALAPPDATA': 'C:\\Users\\cltbld.T-W864-IX-029\\AppData\\Local',
17:02:14     INFO -  'LOGONSERVER': '\\\\T-W864-IX-029',
17:02:14     INFO -  'MONDIR': 'C:\\Monitor_config\\',
17:02:14     INFO -  'MOZBUILDDIR': 'C:\\mozilla-build\\',
17:02:14     INFO -  'MOZ_CRASHREPORTER_NO_REPORT': '1',
17:02:14     INFO -  'MOZ_HIDE_RESULTS_TABLE': '1',
17:02:14     INFO -  'MOZ_NO_REMOTE': '1',
17:02:14     INFO -  'NO_EM_RESTART': '1',
17:02:14     INFO -  'NO_FAIL_ON_TEST_ERRORS': '1',
17:02:14     INFO -  'NUMBER_OF_PROCESSORS': '8',
17:02:14     INFO -  'OS': 'Windows_NT',
17:02:14     INFO -  'OURDRIVE': 'C:',
17:02:14     INFO -  'PATH': 'C:\\Program Files (x86)\\NVIDIA Corporation\\PhysX\\Common;C:\\windows\\system32;C:\\windows;C:\\windows\\System32\\Wbem;C:\\windows\\System32\\WindowsPowerShell\\v1.0\\;C:\\mozilla-build\\python27;C:\\mozilla-build\\python27\\Scripts;C:\\mozilla-build\\msys\\bin;C:\\mozilla-build\\vim\\vim72;C:\\mozilla-build\\wget;C:\\mozilla-build\\info-zip;C:\\CoreUtils\\bin;C:\\mozilla-build\\buildbotve\\scripts;C:\\mozilla-build\\hg',
17:02:14     INFO -  'PATHEXT': '.COM;.EXE;.BAT;.CMD;.VBS;.VBE;.JS;.JSE;.WSF;.WSH;.MSC',
17:02:14     INFO -  'PROCESSOR_ARCHITECTURE': 'x86',
17:02:14     INFO -  'PROCESSOR_ARCHITEW6432': 'AMD64',
17:02:14     INFO -  'PROCESSOR_IDENTIFIER': 'Intel64 Family 6 Model 30 Stepping 5, GenuineIntel',
17:02:14     INFO -  'PROCESSOR_LEVEL': '6',
17:02:14     INFO -  'PROCESSOR_REVISION': '1e05',
17:02:14     INFO -  'PROGRAMDATA': 'C:\\ProgramData',
17:02:14     INFO -  'PROGRAMFILES': 'C:\\Program Files (x86)',
17:02:14     INFO -  'PROGRAMFILES(X86)': 'C:\\Program Files (x86)',
17:02:14     INFO -  'PROGRAMW6432': 'C:\\Program Files',
17:02:14     INFO -  'PROMPT': '$P$G',
17:02:14     INFO -  'PROPERTIES_FILE': 'C:\\slave\\test/buildprops.json',
17:02:14     INFO -  'PSMODULEPATH': 'C:\\windows\\system32\\WindowsPowerShell\\v1.0\\Modules\\',
17:02:14     INFO -  'PUBLIC': 'C:\\Users\\Public',
17:02:14     INFO -  'PWD': 'C:\\slave\\test',
17:02:14     INFO -  'RUNLOGFILE': 'C:\\slave\\\\runslave.log',
17:02:14     INFO -  'SLAVEDIR': 'C:\\slave\\',
17:02:14     INFO -  'SYSTEMDRIVE': 'C:',
17:02:14     INFO -  'SYSTEMROOT': 'C:\\windows',
17:02:14     INFO -  'TEMP': 'C:\\Users\\CLTBLD~1.T-W\\AppData\\Local\\Temp',
17:02:14     INFO -  'TEST1': 'testie',
17:02:14     INFO -  'TMP': 'C:\\Users\\CLTBLD~1.T-W\\AppData\\Local\\Temp',
17:02:14     INFO -  'USERDOMAIN': 'T-W864-IX-029',
17:02:14     INFO -  'USERDOMAIN_ROAMINGPROFILE': 'T-W864-IX-029',
17:02:14     INFO -  'USERNAME': 'cltbld',
17:02:14     INFO -  'USERPROFILE': 'C:\\Users\\cltbld.T-W864-IX-029',
17:02:14     INFO -  'WINDIR': 'C:\\windows',
17:02:14     INFO -  'XPCOM_DEBUG_BREAK': 'warn'}
17:02:14     INFO -  Ignoring indexes: https://pypi.python.org/simple
17:02:14     INFO -  Collecting jsonschema==2.5.1
17:02:16     INFO -    Downloading http://pypi.pvt.build.mozilla.org/pub/jsonschema-2.5.1-py2.py3-none-any.whl
17:02:16     INFO -  Collecting functools32; python_version == "2.7" (from jsonschema==2.5.1)
17:02:17     INFO -  Installing collected packages: functools32, jsonschema
17:02:17     INFO -  Successfully installed functools32-3.2.3.post2 jsonschema-2.5.1
17:02:17     INFO - Return code: 0
17:02:17     INFO - Installing functools32==3.2.3-2 into virtualenv C:\slave\test\build\venv
17:02:17     INFO - retry: Calling run_command with args: [['C:\\slave\\test\\build\\venv\\Scripts\\pip', 'install', '--timeout', '120', '--no-index', '--find-links', 'http://pypi.pvt.build.mozilla.org/pub', '--find-links', 'http://pypi.pub.build.mozilla.org/pub', '--trusted-host', 'pypi.pub.build.mozilla.org', '--trusted-host', 'pypi.pvt.build.mozilla.org', 'functools32==3.2.3-2']], kwargs: {'error_level': 'warning', 'error_list': [{'substr': 'not found or a compiler error:', 'level': 'warning'}, {'regex': <_sre.SRE_Pattern object at 0x02616250>, 'level': 'error'}, {'regex': <_sre.SRE_Pattern object at 0x0262B188>, 'level': 'warning'}, {'regex': <_sre.SRE_Pattern object at 0x025E1800>, 'level': 'debug'}, {'substr': 'command not found', 'level': 'error'}, {'regex': <_sre.SRE_Pattern object at 0x01D48DE8>, 'level': 'warning'}, {'substr': 'Traceback (most recent call last)', 'level': 'error'}, {'substr': 'SyntaxError: ', 'level': 'error'}, {'substr': 'TypeError: ', 'level': 'error'}, {'substr': 'NameError: ', 'level': 'error'}, {'substr': 'ZeroDivisionError: ', 'level': 'error'}, {'regex': <_sre.SRE_Pattern object at 0x025A1230>, 'level': 'critical'}, {'regex': <_sre.SRE_Pattern object at 0x0261F520>, 'level': 'critical'}], 'cwd': 'C:\\slave\\test\\build', 'env': {'TMP': 'C:\\Users\\CLTBLD~1.T-W\\AppData\\Local\\Temp', 'TEST1': 'testie', 'COMPUTERNAME': 'T-W864-IX-029', 'USERDOMAIN': 'T-W864-IX-029', 'KTS_VERSION': '1.19c', 'PSMODULEPATH': 'C:\\windows\\system32\\WindowsPowerShell\\v1.0\\Modules\\', 'COMMONPROGRAMFILES': 'C:\\Program Files (x86)\\Common Files', 'PROCESSOR_IDENTIFIER': 'Intel64 Family 6 Model 30 Stepping 5, GenuineIntel', 'PROGRAMFILES': 'C:\\Program Files (x86)', 'PROCESSOR_REVISION': '1e05', 'DNSSUFFIX': 'wintest.releng.scl3.mozilla.com', 'SYSTEMROOT': 'C:\\windows', 'NO_EM_RESTART': '1', 'PROGRAMFILES(X86)': 'C:\\Program Files (x86)', 'OURDRIVE': 'C:', 'MOZ_HIDE_RESULTS_TABLE': '1', 'XPCOM_DEBUG_BREAK': 'warn', 'MONDIR': 'C:\\Monitor_config\\', 'TEMP': 'C:\\Users\\CLTBLD~1.T-W\\AppData\\Local\\Temp', 'COMMONPROGRAMFILES(X86)': 'C:\\Program Files (x86)\\Common Files', 'RUNLOGFILE': 'C:\\slave\\\\runslave.log', 'PROCESSOR_ARCHITECTURE': 'x86', 'ALLUSERSPROFILE': 'C:\\ProgramData', 'USERPROFILE': 'C:\\Users\\cltbld.T-W864-IX-029', 'LOCALAPPDATA': 'C:\\Users\\cltbld.T-W864-IX-029\\AppData\\Local', 'HOMEPATH': '\\Users\\cltbld.T-W864-IX-029', 'USERDOMAIN_ROAMINGPROFILE': 'T-W864-IX-029', 'MOZBUILDDIR': 'C:\\mozilla-build\\', 'PROGRAMW6432': 'C:\\Program Files', 'USERNAME': 'cltbld', 'LOGONSERVER': '\\\\T-W864-IX-029', 'MOZ_NO_REMOTE': '1', 'COMSPEC': 'C:\\windows\\system32\\cmd.exe', 'PROGRAMDATA': 'C:\\ProgramData', 'PROPERTIES_FILE': 'C:\\slave\\test/buildprops.json', 'PATH': 'C:\\Program Files (x86)\\NVIDIA Corporation\\PhysX\\Common;C:\\windows\\system32;C:\\windows;C:\\windows\\System32\\Wbem;C:\\windows\\System32\\WindowsPowerShell\\v1.0\\;C:\\mozilla-build\\python27;C:\\mozilla-build\\python27\\Scripts;C:\\mozilla-build\\msys\\bin;C:\\mozilla-build\\vim\\vim72;C:\\mozilla-build\\wget;C:\\mozilla-build\\info-zip;C:\\CoreUtils\\bin;C:\\mozilla-build\\buildbotve\\scripts;C:\\mozilla-build\\hg', 'PROMPT': '$P$G', 'NO_FAIL_ON_TEST_ERRORS': '1', 'PATHEXT': '.COM;.EXE;.BAT;.CMD;.VBS;.VBE;.JS;.JSE;.WSF;.WSH;.MSC', 'FP_NO_HOST_CHECK': 'NO', 'DCLOCATION': 'SCL3', 'APPDATA': 'C:\\Users\\cltbld.T-W864-IX-029\\AppData\\Roaming', 'HOMEDRIVE': 'C:', 'SYSTEMDRIVE': 'C:', 'SLAVEDIR': 'C:\\slave\\', 'NUMBER_OF_PROCESSORS': '8', 'PWD': 'C:\\slave\\test', 'PROCESSOR_LEVEL': '6', 'KTS_HOME': 'C:\\Program Files\\KTS', 'PROCESSOR_ARCHITEW6432': 'AMD64', 'MOZ_CRASHREPORTER_NO_REPORT': '1', 'COMMONPROGRAMW6432': 'C:\\Program Files\\Common Files', 'OS': 'Windows_NT', 'PUBLIC': 'C:\\Users\\Public', 'WINDIR': 'C:\\windows'}}, attempt #1
17:02:17     INFO - Running command: ['C:\\slave\\test\\build\\venv\\Scripts\\pip', 'install', '--timeout', '120', '--no-index', '--find-links', 'http://pypi.pvt.build.mozilla.org/pub', '--find-links', 'http://pypi.pub.build.mozilla.org/pub', '--trusted-host', 'pypi.pub.build.mozilla.org', '--trusted-host', 'pypi.pvt.build.mozilla.org', 'functools32==3.2.3-2'] in C:\slave\test\build
17:02:17     INFO - Copy/paste: C:\slave\test\build\venv\Scripts\pip install --timeout 120 --no-index --find-links http://pypi.pvt.build.mozilla.org/pub --find-links http://pypi.pub.build.mozilla.org/pub --trusted-host pypi.pub.build.mozilla.org --trusted-host pypi.pvt.build.mozilla.org functools32==3.2.3-2
17:02:17     INFO - Using env: {'ALLUSERSPROFILE': 'C:\\ProgramData',
17:02:17     INFO -  'APPDATA': 'C:\\Users\\cltbld.T-W864-IX-029\\AppData\\Roaming',
17:02:17     INFO -  'COMMONPROGRAMFILES': 'C:\\Program Files (x86)\\Common Files',
17:02:17     INFO -  'COMMONPROGRAMFILES(X86)': 'C:\\Program Files (x86)\\Common Files',
17:02:17     INFO -  'COMMONPROGRAMW6432': 'C:\\Program Files\\Common Files',
17:02:17     INFO -  'COMPUTERNAME': 'T-W864-IX-029',
17:02:17     INFO -  'COMSPEC': 'C:\\windows\\system32\\cmd.exe',
17:02:17     INFO -  'DCLOCATION': 'SCL3',
17:02:17     INFO -  'DNSSUFFIX': 'wintest.releng.scl3.mozilla.com',
17:02:17     INFO -  'FP_NO_HOST_CHECK': 'NO',
17:02:17     INFO -  'HOMEDRIVE': 'C:',
17:02:17     INFO -  'HOMEPATH': '\\Users\\cltbld.T-W864-IX-029',
17:02:17     INFO -  'KTS_HOME': 'C:\\Program Files\\KTS',
17:02:17     INFO -  'KTS_VERSION': '1.19c',
17:02:17     INFO -  'LOCALAPPDATA': 'C:\\Users\\cltbld.T-W864-IX-029\\AppData\\Local',
17:02:17     INFO -  'LOGONSERVER': '\\\\T-W864-IX-029',
17:02:17     INFO -  'MONDIR': 'C:\\Monitor_config\\',
17:02:17     INFO -  'MOZBUILDDIR': 'C:\\mozilla-build\\',
17:02:17     INFO -  'MOZ_CRASHREPORTER_NO_REPORT': '1',
17:02:17     INFO -  'MOZ_HIDE_RESULTS_TABLE': '1',
17:02:17     INFO -  'MOZ_NO_REMOTE': '1',
17:02:17     INFO -  'NO_EM_RESTART': '1',
17:02:17     INFO -  'NO_FAIL_ON_TEST_ERRORS': '1',
17:02:17     INFO -  'NUMBER_OF_PROCESSORS': '8',
17:02:17     INFO -  'OS': 'Windows_NT',
17:02:17     INFO -  'OURDRIVE': 'C:',
17:02:17     INFO -  'PATH': 'C:\\Program Files (x86)\\NVIDIA Corporation\\PhysX\\Common;C:\\windows\\system32;C:\\windows;C:\\windows\\System32\\Wbem;C:\\windows\\System32\\WindowsPowerShell\\v1.0\\;C:\\mozilla-build\\python27;C:\\mozilla-build\\python27\\Scripts;C:\\mozilla-build\\msys\\bin;C:\\mozilla-build\\vim\\vim72;C:\\mozilla-build\\wget;C:\\mozilla-build\\info-zip;C:\\CoreUtils\\bin;C:\\mozilla-build\\buildbotve\\scripts;C:\\mozilla-build\\hg',
17:02:17     INFO -  'PATHEXT': '.COM;.EXE;.BAT;.CMD;.VBS;.VBE;.JS;.JSE;.WSF;.WSH;.MSC',
17:02:17     INFO -  'PROCESSOR_ARCHITECTURE': 'x86',
17:02:17     INFO -  'PROCESSOR_ARCHITEW6432': 'AMD64',
17:02:17     INFO -  'PROCESSOR_IDENTIFIER': 'Intel64 Family 6 Model 30 Stepping 5, GenuineIntel',
17:02:17     INFO -  'PROCESSOR_LEVEL': '6',
17:02:17     INFO -  'PROCESSOR_REVISION': '1e05',
17:02:17     INFO -  'PROGRAMDATA': 'C:\\ProgramData',
17:02:17     INFO -  'PROGRAMFILES': 'C:\\Program Files (x86)',
17:02:17     INFO -  'PROGRAMFILES(X86)': 'C:\\Program Files (x86)',
17:02:17     INFO -  'PROGRAMW6432': 'C:\\Program Files',
17:02:17     INFO -  'PROMPT': '$P$G',
17:02:17     INFO -  'PROPERTIES_FILE': 'C:\\slave\\test/buildprops.json',
17:02:17     INFO -  'PSMODULEPATH': 'C:\\windows\\system32\\WindowsPowerShell\\v1.0\\Modules\\',
17:02:17     INFO -  'PUBLIC': 'C:\\Users\\Public',
17:02:17     INFO -  'PWD': 'C:\\slave\\test',
17:02:17     INFO -  'RUNLOGFILE': 'C:\\slave\\\\runslave.log',
17:02:17     INFO -  'SLAVEDIR': 'C:\\slave\\',
17:02:17     INFO -  'SYSTEMDRIVE': 'C:',
17:02:17     INFO -  'SYSTEMROOT': 'C:\\windows',
17:02:17     INFO -  'TEMP': 'C:\\Users\\CLTBLD~1.T-W\\AppData\\Local\\Temp',
17:02:17     INFO -  'TEST1': 'testie',
17:02:17     INFO -  'TMP': 'C:\\Users\\CLTBLD~1.T-W\\AppData\\Local\\Temp',
17:02:17     INFO -  'USERDOMAIN': 'T-W864-IX-029',
17:02:17     INFO -  'USERDOMAIN_ROAMINGPROFILE': 'T-W864-IX-029',
17:02:17     INFO -  'USERNAME': 'cltbld',
17:02:17     INFO -  'USERPROFILE': 'C:\\Users\\cltbld.T-W864-IX-029',
17:02:17     INFO -  'WINDIR': 'C:\\windows',
17:02:17     INFO -  'XPCOM_DEBUG_BREAK': 'warn'}
17:02:18     INFO -  Ignoring indexes: https://pypi.python.org/simple
17:02:18     INFO -  Requirement already satisfied (use --upgrade to upgrade): functools32==3.2.3-2 in c:\slave\test\build\venv\lib\site-packages
17:02:18     INFO - Return code: 0
17:02:18     INFO - Installing blobuploader==1.2.4 into virtualenv C:\slave\test\build\venv
17:02:18     INFO - retry: Calling run_command with args: [['C:\\slave\\test\\build\\venv\\Scripts\\pip', 'install', '--timeout', '120', '--no-index', '--find-links', 'http://pypi.pvt.build.mozilla.org/pub', '--find-links', 'http://pypi.pub.build.mozilla.org/pub', '--trusted-host', 'pypi.pub.build.mozilla.org', '--trusted-host', 'pypi.pvt.build.mozilla.org', 'blobuploader==1.2.4']], kwargs: {'error_level': 'warning', 'error_list': [{'substr': 'not found or a compiler error:', 'level': 'warning'}, {'regex': <_sre.SRE_Pattern object at 0x02616250>, 'level': 'error'}, {'regex': <_sre.SRE_Pattern object at 0x0262B188>, 'level': 'warning'}, {'regex': <_sre.SRE_Pattern object at 0x025E1800>, 'level': 'debug'}, {'substr': 'command not found', 'level': 'error'}, {'regex': <_sre.SRE_Pattern object at 0x01D48DE8>, 'level': 'warning'}, {'substr': 'Traceback (most recent call last)', 'level': 'error'}, {'substr': 'SyntaxError: ', 'level': 'error'}, {'substr': 'TypeError: ', 'level': 'error'}, {'substr': 'NameError: ', 'level': 'error'}, {'substr': 'ZeroDivisionError: ', 'level': 'error'}, {'regex': <_sre.SRE_Pattern object at 0x025A1230>, 'level': 'critical'}, {'regex': <_sre.SRE_Pattern object at 0x0261F520>, 'level': 'critical'}], 'cwd': 'C:\\slave\\test\\build', 'env': {'TMP': 'C:\\Users\\CLTBLD~1.T-W\\AppData\\Local\\Temp', 'TEST1': 'testie', 'COMPUTERNAME': 'T-W864-IX-029', 'USERDOMAIN': 'T-W864-IX-029', 'KTS_VERSION': '1.19c', 'PSMODULEPATH': 'C:\\windows\\system32\\WindowsPowerShell\\v1.0\\Modules\\', 'COMMONPROGRAMFILES': 'C:\\Program Files (x86)\\Common Files', 'PROCESSOR_IDENTIFIER': 'Intel64 Family 6 Model 30 Stepping 5, GenuineIntel', 'PROGRAMFILES': 'C:\\Program Files (x86)', 'PROCESSOR_REVISION': '1e05', 'DNSSUFFIX': 'wintest.releng.scl3.mozilla.com', 'SYSTEMROOT': 'C:\\windows', 'NO_EM_RESTART': '1', 'PROGRAMFILES(X86)': 'C:\\Program Files (x86)', 'OURDRIVE': 'C:', 'MOZ_HIDE_RESULTS_TABLE': '1', 'XPCOM_DEBUG_BREAK': 'warn', 'MONDIR': 'C:\\Monitor_config\\', 'TEMP': 'C:\\Users\\CLTBLD~1.T-W\\AppData\\Local\\Temp', 'COMMONPROGRAMFILES(X86)': 'C:\\Program Files (x86)\\Common Files', 'RUNLOGFILE': 'C:\\slave\\\\runslave.log', 'PROCESSOR_ARCHITECTURE': 'x86', 'ALLUSERSPROFILE': 'C:\\ProgramData', 'USERPROFILE': 'C:\\Users\\cltbld.T-W864-IX-029', 'LOCALAPPDATA': 'C:\\Users\\cltbld.T-W864-IX-029\\AppData\\Local', 'HOMEPATH': '\\Users\\cltbld.T-W864-IX-029', 'USERDOMAIN_ROAMINGPROFILE': 'T-W864-IX-029', 'MOZBUILDDIR': 'C:\\mozilla-build\\', 'PROGRAMW6432': 'C:\\Program Files', 'USERNAME': 'cltbld', 'LOGONSERVER': '\\\\T-W864-IX-029', 'MOZ_NO_REMOTE': '1', 'COMSPEC': 'C:\\windows\\system32\\cmd.exe', 'PROGRAMDATA': 'C:\\ProgramData', 'PROPERTIES_FILE': 'C:\\slave\\test/buildprops.json', 'PATH': 'C:\\Program Files (x86)\\NVIDIA Corporation\\PhysX\\Common;C:\\windows\\system32;C:\\windows;C:\\windows\\System32\\Wbem;C:\\windows\\System32\\WindowsPowerShell\\v1.0\\;C:\\mozilla-build\\python27;C:\\mozilla-build\\python27\\Scripts;C:\\mozilla-build\\msys\\bin;C:\\mozilla-build\\vim\\vim72;C:\\mozilla-build\\wget;C:\\mozilla-build\\info-zip;C:\\CoreUtils\\bin;C:\\mozilla-build\\buildbotve\\scripts;C:\\mozilla-build\\hg', 'PROMPT': '$P$G', 'NO_FAIL_ON_TEST_ERRORS': '1', 'PATHEXT': '.COM;.EXE;.BAT;.CMD;.VBS;.VBE;.JS;.JSE;.WSF;.WSH;.MSC', 'FP_NO_HOST_CHECK': 'NO', 'DCLOCATION': 'SCL3', 'APPDATA': 'C:\\Users\\cltbld.T-W864-IX-029\\AppData\\Roaming', 'HOMEDRIVE': 'C:', 'SYSTEMDRIVE': 'C:', 'SLAVEDIR': 'C:\\slave\\', 'NUMBER_OF_PROCESSORS': '8', 'PWD': 'C:\\slave\\test', 'PROCESSOR_LEVEL': '6', 'KTS_HOME': 'C:\\Program Files\\KTS', 'PROCESSOR_ARCHITEW6432': 'AMD64', 'MOZ_CRASHREPORTER_NO_REPORT': '1', 'COMMONPROGRAMW6432': 'C:\\Program Files\\Common Files', 'OS': 'Windows_NT', 'PUBLIC': 'C:\\Users\\Public', 'WINDIR': 'C:\\windows'}}, attempt #1
17:02:18     INFO - Running command: ['C:\\slave\\test\\build\\venv\\Scripts\\pip', 'install', '--timeout', '120', '--no-index', '--find-links', 'http://pypi.pvt.build.mozilla.org/pub', '--find-links', 'http://pypi.pub.build.mozilla.org/pub', '--trusted-host', 'pypi.pub.build.mozilla.org', '--trusted-host', 'pypi.pvt.build.mozilla.org', 'blobuploader==1.2.4'] in C:\slave\test\build
17:02:18     INFO - Copy/paste: C:\slave\test\build\venv\Scripts\pip install --timeout 120 --no-index --find-links http://pypi.pvt.build.mozilla.org/pub --find-links http://pypi.pub.build.mozilla.org/pub --trusted-host pypi.pub.build.mozilla.org --trusted-host pypi.pvt.build.mozilla.org blobuploader==1.2.4
17:02:18     INFO - Using env: {'ALLUSERSPROFILE': 'C:\\ProgramData',
17:02:18     INFO -  'APPDATA': 'C:\\Users\\cltbld.T-W864-IX-029\\AppData\\Roaming',
17:02:18     INFO -  'COMMONPROGRAMFILES': 'C:\\Program Files (x86)\\Common Files',
17:02:18     INFO -  'COMMONPROGRAMFILES(X86)': 'C:\\Program Files (x86)\\Common Files',
17:02:18     INFO -  'COMMONPROGRAMW6432': 'C:\\Program Files\\Common Files',
17:02:18     INFO -  'COMPUTERNAME': 'T-W864-IX-029',
17:02:18     INFO -  'COMSPEC': 'C:\\windows\\system32\\cmd.exe',
17:02:18     INFO -  'DCLOCATION': 'SCL3',
17:02:18     INFO -  'DNSSUFFIX': 'wintest.releng.scl3.mozilla.com',
17:02:18     INFO -  'FP_NO_HOST_CHECK': 'NO',
17:02:18     INFO -  'HOMEDRIVE': 'C:',
17:02:18     INFO -  'HOMEPATH': '\\Users\\cltbld.T-W864-IX-029',
17:02:18     INFO -  'KTS_HOME': 'C:\\Program Files\\KTS',
17:02:18     INFO -  'KTS_VERSION': '1.19c',
17:02:18     INFO -  'LOCALAPPDATA': 'C:\\Users\\cltbld.T-W864-IX-029\\AppData\\Local',
17:02:18     INFO -  'LOGONSERVER': '\\\\T-W864-IX-029',
17:02:18     INFO -  'MONDIR': 'C:\\Monitor_config\\',
17:02:18     INFO -  'MOZBUILDDIR': 'C:\\mozilla-build\\',
17:02:18     INFO -  'MOZ_CRASHREPORTER_NO_REPORT': '1',
17:02:18     INFO -  'MOZ_HIDE_RESULTS_TABLE': '1',
17:02:18     INFO -  'MOZ_NO_REMOTE': '1',
17:02:18     INFO -  'NO_EM_RESTART': '1',
17:02:18     INFO -  'NO_FAIL_ON_TEST_ERRORS': '1',
17:02:18     INFO -  'NUMBER_OF_PROCESSORS': '8',
17:02:18     INFO -  'OS': 'Windows_NT',
17:02:18     INFO -  'OURDRIVE': 'C:',
17:02:18     INFO -  'PATH': 'C:\\Program Files (x86)\\NVIDIA Corporation\\PhysX\\Common;C:\\windows\\system32;C:\\windows;C:\\windows\\System32\\Wbem;C:\\windows\\System32\\WindowsPowerShell\\v1.0\\;C:\\mozilla-build\\python27;C:\\mozilla-build\\python27\\Scripts;C:\\mozilla-build\\msys\\bin;C:\\mozilla-build\\vim\\vim72;C:\\mozilla-build\\wget;C:\\mozilla-build\\info-zip;C:\\CoreUtils\\bin;C:\\mozilla-build\\buildbotve\\scripts;C:\\mozilla-build\\hg',
17:02:18     INFO -  'PATHEXT': '.COM;.EXE;.BAT;.CMD;.VBS;.VBE;.JS;.JSE;.WSF;.WSH;.MSC',
17:02:18     INFO -  'PROCESSOR_ARCHITECTURE': 'x86',
17:02:18     INFO -  'PROCESSOR_ARCHITEW6432': 'AMD64',
17:02:18     INFO -  'PROCESSOR_IDENTIFIER': 'Intel64 Family 6 Model 30 Stepping 5, GenuineIntel',
17:02:18     INFO -  'PROCESSOR_LEVEL': '6',
17:02:18     INFO -  'PROCESSOR_REVISION': '1e05',
17:02:18     INFO -  'PROGRAMDATA': 'C:\\ProgramData',
17:02:18     INFO -  'PROGRAMFILES': 'C:\\Program Files (x86)',
17:02:18     INFO -  'PROGRAMFILES(X86)': 'C:\\Program Files (x86)',
17:02:18     INFO -  'PROGRAMW6432': 'C:\\Program Files',
17:02:18     INFO -  'PROMPT': '$P$G',
17:02:18     INFO -  'PROPERTIES_FILE': 'C:\\slave\\test/buildprops.json',
17:02:18     INFO -  'PSMODULEPATH': 'C:\\windows\\system32\\WindowsPowerShell\\v1.0\\Modules\\',
17:02:18     INFO -  'PUBLIC': 'C:\\Users\\Public',
17:02:18     INFO -  'PWD': 'C:\\slave\\test',
17:02:18     INFO -  'RUNLOGFILE': 'C:\\slave\\\\runslave.log',
17:02:18     INFO -  'SLAVEDIR': 'C:\\slave\\',
17:02:18     INFO -  'SYSTEMDRIVE': 'C:',
17:02:18     INFO -  'SYSTEMROOT': 'C:\\windows',
17:02:18     INFO -  'TEMP': 'C:\\Users\\CLTBLD~1.T-W\\AppData\\Local\\Temp',
17:02:18     INFO -  'TEST1': 'testie',
17:02:18     INFO -  'TMP': 'C:\\Users\\CLTBLD~1.T-W\\AppData\\Local\\Temp',
17:02:18     INFO -  'USERDOMAIN': 'T-W864-IX-029',
17:02:18     INFO -  'USERDOMAIN_ROAMINGPROFILE': 'T-W864-IX-029',
17:02:18     INFO -  'USERNAME': 'cltbld',
17:02:18     INFO -  'USERPROFILE': 'C:\\Users\\cltbld.T-W864-IX-029',
17:02:18     INFO -  'WINDIR': 'C:\\windows',
17:02:18     INFO -  'XPCOM_DEBUG_BREAK': 'warn'}
17:02:18     INFO -  Ignoring indexes: https://pypi.python.org/simple
17:02:18     INFO -  Collecting blobuploader==1.2.4
17:02:19     INFO -  Collecting docopt==0.6.1 (from blobuploader==1.2.4)
17:02:20     INFO -  Collecting requests==1.2.3. (from blobuploader==1.2.4)
17:02:22     INFO -  Installing collected packages: docopt, requests, blobuploader
17:02:22     INFO -  Successfully installed blobuploader-1.2.4 docopt-0.6.1 requests-1.2.3
17:02:23     INFO - Return code: 0
17:02:23     INFO - Installing None into virtualenv C:\slave\test\build\venv
17:02:23     INFO - retry: Calling run_command with args: [['C:\\slave\\test\\build\\venv\\Scripts\\pip', 'install', '--no-deps', '--timeout', '120', '-r', 'C:\\slave\\test\\build\\tests\\config\\marionette_requirements.txt', '--no-index', '--find-links', 'http://pypi.pvt.build.mozilla.org/pub', '--find-links', 'http://pypi.pub.build.mozilla.org/pub', '--trusted-host', 'pypi.pub.build.mozilla.org', '--trusted-host', 'pypi.pvt.build.mozilla.org']], kwargs: {'error_level': 'warning', 'error_list': [{'substr': 'not found or a compiler error:', 'level': 'warning'}, {'regex': <_sre.SRE_Pattern object at 0x02616250>, 'level': 'error'}, {'regex': <_sre.SRE_Pattern object at 0x0262B188>, 'level': 'warning'}, {'regex': <_sre.SRE_Pattern object at 0x025E1800>, 'level': 'debug'}, {'substr': 'command not found', 'level': 'error'}, {'regex': <_sre.SRE_Pattern object at 0x01D48DE8>, 'level': 'warning'}, {'substr': 'Traceback (most recent call last)', 'level': 'error'}, {'substr': 'SyntaxError: ', 'level': 'error'}, {'substr': 'TypeError: ', 'level': 'error'}, {'substr': 'NameError: ', 'level': 'error'}, {'substr': 'ZeroDivisionError: ', 'level': 'error'}, {'regex': <_sre.SRE_Pattern object at 0x025A1230>, 'level': 'critical'}, {'regex': <_sre.SRE_Pattern object at 0x0261F520>, 'level': 'critical'}], 'cwd': 'C:\\slave\\test\\build\\tests\\config', 'env': {'TMP': 'C:\\Users\\CLTBLD~1.T-W\\AppData\\Local\\Temp', 'TEST1': 'testie', 'COMPUTERNAME': 'T-W864-IX-029', 'USERDOMAIN': 'T-W864-IX-029', 'KTS_VERSION': '1.19c', 'PSMODULEPATH': 'C:\\windows\\system32\\WindowsPowerShell\\v1.0\\Modules\\', 'COMMONPROGRAMFILES': 'C:\\Program Files (x86)\\Common Files', 'PROCESSOR_IDENTIFIER': 'Intel64 Family 6 Model 30 Stepping 5, GenuineIntel', 'PROGRAMFILES': 'C:\\Program Files (x86)', 'PROCESSOR_REVISION': '1e05', 'DNSSUFFIX': 'wintest.releng.scl3.mozilla.com', 'SYSTEMROOT': 'C:\\windows', 'NO_EM_RESTART': '1', 'PROGRAMFILES(X86)': 'C:\\Program Files (x86)', 'OURDRIVE': 'C:', 'MOZ_HIDE_RESULTS_TABLE': '1', 'XPCOM_DEBUG_BREAK': 'warn', 'MONDIR': 'C:\\Monitor_config\\', 'TEMP': 'C:\\Users\\CLTBLD~1.T-W\\AppData\\Local\\Temp', 'COMMONPROGRAMFILES(X86)': 'C:\\Program Files (x86)\\Common Files', 'RUNLOGFILE': 'C:\\slave\\\\runslave.log', 'PROCESSOR_ARCHITECTURE': 'x86', 'ALLUSERSPROFILE': 'C:\\ProgramData', 'USERPROFILE': 'C:\\Users\\cltbld.T-W864-IX-029', 'LOCALAPPDATA': 'C:\\Users\\cltbld.T-W864-IX-029\\AppData\\Local', 'HOMEPATH': '\\Users\\cltbld.T-W864-IX-029', 'USERDOMAIN_ROAMINGPROFILE': 'T-W864-IX-029', 'MOZBUILDDIR': 'C:\\mozilla-build\\', 'PROGRAMW6432': 'C:\\Program Files', 'USERNAME': 'cltbld', 'LOGONSERVER': '\\\\T-W864-IX-029', 'MOZ_NO_REMOTE': '1', 'COMSPEC': 'C:\\windows\\system32\\cmd.exe', 'PROGRAMDATA': 'C:\\ProgramData', 'PROPERTIES_FILE': 'C:\\slave\\test/buildprops.json', 'PATH': 'C:\\Program Files (x86)\\NVIDIA Corporation\\PhysX\\Common;C:\\windows\\system32;C:\\windows;C:\\windows\\System32\\Wbem;C:\\windows\\System32\\WindowsPowerShell\\v1.0\\;C:\\mozilla-build\\python27;C:\\mozilla-build\\python27\\Scripts;C:\\mozilla-build\\msys\\bin;C:\\mozilla-build\\vim\\vim72;C:\\mozilla-build\\wget;C:\\mozilla-build\\info-zip;C:\\CoreUtils\\bin;C:\\mozilla-build\\buildbotve\\scripts;C:\\mozilla-build\\hg', 'PROMPT': '$P$G', 'NO_FAIL_ON_TEST_ERRORS': '1', 'PATHEXT': '.COM;.EXE;.BAT;.CMD;.VBS;.VBE;.JS;.JSE;.WSF;.WSH;.MSC', 'FP_NO_HOST_CHECK': 'NO', 'DCLOCATION': 'SCL3', 'APPDATA': 'C:\\Users\\cltbld.T-W864-IX-029\\AppData\\Roaming', 'HOMEDRIVE': 'C:', 'SYSTEMDRIVE': 'C:', 'SLAVEDIR': 'C:\\slave\\', 'NUMBER_OF_PROCESSORS': '8', 'PWD': 'C:\\slave\\test', 'PROCESSOR_LEVEL': '6', 'KTS_HOME': 'C:\\Program Files\\KTS', 'PROCESSOR_ARCHITEW6432': 'AMD64', 'MOZ_CRASHREPORTER_NO_REPORT': '1', 'COMMONPROGRAMW6432': 'C:\\Program Files\\Common Files', 'OS': 'Windows_NT', 'PUBLIC': 'C:\\Users\\Public', 'WINDIR': 'C:\\windows'}}, attempt #1
17:02:23     INFO - Running command: ['C:\\slave\\test\\build\\venv\\Scripts\\pip', 'install', '--no-deps', '--timeout', '120', '-r', 'C:\\slave\\test\\build\\tests\\config\\marionette_requirements.txt', '--no-index', '--find-links', 'http://pypi.pvt.build.mozilla.org/pub', '--find-links', 'http://pypi.pub.build.mozilla.org/pub', '--trusted-host', 'pypi.pub.build.mozilla.org', '--trusted-host', 'pypi.pvt.build.mozilla.org'] in C:\slave\test\build\tests\config
17:02:23     INFO - Copy/paste: C:\slave\test\build\venv\Scripts\pip install --no-deps --timeout 120 -r C:\slave\test\build\tests\config\marionette_requirements.txt --no-index --find-links http://pypi.pvt.build.mozilla.org/pub --find-links http://pypi.pub.build.mozilla.org/pub --trusted-host pypi.pub.build.mozilla.org --trusted-host pypi.pvt.build.mozilla.org
17:02:23     INFO - Using env: {'ALLUSERSPROFILE': 'C:\\ProgramData',
17:02:23     INFO -  'APPDATA': 'C:\\Users\\cltbld.T-W864-IX-029\\AppData\\Roaming',
17:02:23     INFO -  'COMMONPROGRAMFILES': 'C:\\Program Files (x86)\\Common Files',
17:02:23     INFO -  'COMMONPROGRAMFILES(X86)': 'C:\\Program Files (x86)\\Common Files',
17:02:23     INFO -  'COMMONPROGRAMW6432': 'C:\\Program Files\\Common Files',
17:02:23     INFO -  'COMPUTERNAME': 'T-W864-IX-029',
17:02:23     INFO -  'COMSPEC': 'C:\\windows\\system32\\cmd.exe',
17:02:23     INFO -  'DCLOCATION': 'SCL3',
17:02:23     INFO -  'DNSSUFFIX': 'wintest.releng.scl3.mozilla.com',
17:02:23     INFO -  'FP_NO_HOST_CHECK': 'NO',
17:02:23     INFO -  'HOMEDRIVE': 'C:',
17:02:23     INFO -  'HOMEPATH': '\\Users\\cltbld.T-W864-IX-029',
17:02:23     INFO -  'KTS_HOME': 'C:\\Program Files\\KTS',
17:02:23     INFO -  'KTS_VERSION': '1.19c',
17:02:23     INFO -  'LOCALAPPDATA': 'C:\\Users\\cltbld.T-W864-IX-029\\AppData\\Local',
17:02:23     INFO -  'LOGONSERVER': '\\\\T-W864-IX-029',
17:02:23     INFO -  'MONDIR': 'C:\\Monitor_config\\',
17:02:23     INFO -  'MOZBUILDDIR': 'C:\\mozilla-build\\',
17:02:23     INFO -  'MOZ_CRASHREPORTER_NO_REPORT': '1',
17:02:23     INFO -  'MOZ_HIDE_RESULTS_TABLE': '1',
17:02:23     INFO -  'MOZ_NO_REMOTE': '1',
17:02:23     INFO -  'NO_EM_RESTART': '1',
17:02:23     INFO -  'NO_FAIL_ON_TEST_ERRORS': '1',
17:02:23     INFO -  'NUMBER_OF_PROCESSORS': '8',
17:02:23     INFO -  'OS': 'Windows_NT',
17:02:23     INFO -  'OURDRIVE': 'C:',
17:02:23     INFO -  'PATH': 'C:\\Program Files (x86)\\NVIDIA Corporation\\PhysX\\Common;C:\\windows\\system32;C:\\windows;C:\\windows\\System32\\Wbem;C:\\windows\\System32\\WindowsPowerShell\\v1.0\\;C:\\mozilla-build\\python27;C:\\mozilla-build\\python27\\Scripts;C:\\mozilla-build\\msys\\bin;C:\\mozilla-build\\vim\\vim72;C:\\mozilla-build\\wget;C:\\mozilla-build\\info-zip;C:\\CoreUtils\\bin;C:\\mozilla-build\\buildbotve\\scripts;C:\\mozilla-build\\hg',
17:02:23     INFO -  'PATHEXT': '.COM;.EXE;.BAT;.CMD;.VBS;.VBE;.JS;.JSE;.WSF;.WSH;.MSC',
17:02:23     INFO -  'PROCESSOR_ARCHITECTURE': 'x86',
17:02:23     INFO -  'PROCESSOR_ARCHITEW6432': 'AMD64',
17:02:23     INFO -  'PROCESSOR_IDENTIFIER': 'Intel64 Family 6 Model 30 Stepping 5, GenuineIntel',
17:02:23     INFO -  'PROCESSOR_LEVEL': '6',
17:02:23     INFO -  'PROCESSOR_REVISION': '1e05',
17:02:23     INFO -  'PROGRAMDATA': 'C:\\ProgramData',
17:02:23     INFO -  'PROGRAMFILES': 'C:\\Program Files (x86)',
17:02:23     INFO -  'PROGRAMFILES(X86)': 'C:\\Program Files (x86)',
17:02:23     INFO -  'PROGRAMW6432': 'C:\\Program Files',
17:02:23     INFO -  'PROMPT': '$P$G',
17:02:23     INFO -  'PROPERTIES_FILE': 'C:\\slave\\test/buildprops.json',
17:02:23     INFO -  'PSMODULEPATH': 'C:\\windows\\system32\\WindowsPowerShell\\v1.0\\Modules\\',
17:02:23     INFO -  'PUBLIC': 'C:\\Users\\Public',
17:02:23     INFO -  'PWD': 'C:\\slave\\test',
17:02:23     INFO -  'RUNLOGFILE': 'C:\\slave\\\\runslave.log',
17:02:23     INFO -  'SLAVEDIR': 'C:\\slave\\',
17:02:23     INFO -  'SYSTEMDRIVE': 'C:',
17:02:23     INFO -  'SYSTEMROOT': 'C:\\windows',
17:02:23     INFO -  'TEMP': 'C:\\Users\\CLTBLD~1.T-W\\AppData\\Local\\Temp',
17:02:23     INFO -  'TEST1': 'testie',
17:02:23     INFO -  'TMP': 'C:\\Users\\CLTBLD~1.T-W\\AppData\\Local\\Temp',
17:02:23     INFO -  'USERDOMAIN': 'T-W864-IX-029',
17:02:23     INFO -  'USERDOMAIN_ROAMINGPROFILE': 'T-W864-IX-029',
17:02:23     INFO -  'USERNAME': 'cltbld',
17:02:23     INFO -  'USERPROFILE': 'C:\\Users\\cltbld.T-W864-IX-029',
17:02:23     INFO -  'WINDIR': 'C:\\windows',
17:02:23     INFO -  'XPCOM_DEBUG_BREAK': 'warn'}
17:02:23     INFO -  Ignoring indexes: https://pypi.python.org/simple
17:02:23     INFO -  Processing c:\slave\test\build\tests\mozbase\manifestparser
17:02:24     INFO -  Processing c:\slave\test\build\tests\mozbase\mozcrash
17:02:24     INFO -  Processing c:\slave\test\build\tests\mozbase\mozdebug
17:02:24     INFO -  Processing c:\slave\test\build\tests\mozbase\mozdevice
17:02:24     INFO -  Processing c:\slave\test\build\tests\mozbase\mozfile
17:02:25     INFO -  Processing c:\slave\test\build\tests\mozbase\mozhttpd
17:02:25     INFO -  Processing c:\slave\test\build\tests\mozbase\mozinfo
17:02:25     INFO -  Processing c:\slave\test\build\tests\mozbase\mozinstall
17:02:25     INFO -  Processing c:\slave\test\build\tests\mozbase\mozleak
17:02:26     INFO -  Processing c:\slave\test\build\tests\mozbase\mozlog
17:02:26     INFO -  Processing c:\slave\test\build\tests\mozbase\moznetwork
17:02:26     INFO -  Processing c:\slave\test\build\tests\mozbase\mozprocess
17:02:26     INFO -  Processing c:\slave\test\build\tests\mozbase\mozprofile
17:02:27     INFO -  Processing c:\slave\test\build\tests\mozbase\mozrunner
17:02:27     INFO -  Processing c:\slave\test\build\tests\mozbase\mozscreenshot
17:02:27     INFO -  Processing c:\slave\test\build\tests\mozbase\moztest
17:02:28     INFO -  Processing c:\slave\test\build\tests\mozbase\mozversion
17:02:28     INFO -  Processing c:\slave\test\build\tests\tools\wptserve
17:02:28     INFO -  Processing c:\slave\test\build\tests\marionette\client
17:02:29     INFO -  Processing c:\slave\test\build\tests\marionette\harness\marionette_harness\runner\mixins\browsermob-proxy-py
17:02:29     INFO -  Processing c:\slave\test\build\tests\marionette\harness
17:02:29     INFO -  Processing c:\slave\test\build\tests\marionette\puppeteer\firefox
17:02:29     INFO -  Building wheels for collected packages: browsermob-proxy
17:02:29     INFO -    Running setup.py bdist_wheel for browsermob-proxy: started
17:02:30     INFO -    Running setup.py bdist_wheel for browsermob-proxy: finished with status 'done'
17:02:30     INFO -    Stored in directory: C:\Users\cltbld.T-W864-IX-029\AppData\Local\pip\Cache\wheels\08\c0\29\e3a3f32d6ca19470885c6032e6c0a54976e207f709e0326988
17:02:31     INFO -  Successfully built browsermob-proxy
17:02:31     INFO -  Installing collected packages: manifestparser, mozcrash, mozdebug, mozdevice, mozfile, mozhttpd, mozinfo, mozInstall, mozleak, mozlog, moznetwork, mozprocess, mozprofile, mozrunner, mozscreenshot, moztest, mozversion, wptserve, marionette-driver, browsermob-proxy, marionette-harness, firefox-puppeteer
17:02:31     INFO -    Running setup.py install for manifestparser: started
17:02:31     INFO -      Running setup.py install for manifestparser: finished with status 'done'
17:02:31     INFO -    Running setup.py install for mozcrash: started
17:02:32     INFO -      Running setup.py install for mozcrash: finished with status 'done'
17:02:32     INFO -    Running setup.py install for mozdebug: started
17:02:32     INFO -      Running setup.py install for mozdebug: finished with status 'done'
17:02:32     INFO -    Running setup.py install for mozdevice: started
17:02:33     INFO -      Running setup.py install for mozdevice: finished with status 'done'
17:02:33     INFO -    Running setup.py install for mozfile: started
17:02:34     INFO -      Running setup.py install for mozfile: finished with status 'done'
17:02:34     INFO -    Running setup.py install for mozhttpd: started
17:02:34     INFO -      Running setup.py install for mozhttpd: finished with status 'done'
17:02:34     INFO -    Running setup.py install for mozinfo: started
17:02:35     INFO -      Running setup.py install for mozinfo: finished with status 'done'
17:02:35     INFO -    Running setup.py install for mozInstall: started
17:02:35     INFO -      Running setup.py install for mozInstall: finished with status 'done'
17:02:35     INFO -    Running setup.py install for mozleak: started
17:02:36     INFO -      Running setup.py install for mozleak: finished with status 'done'
17:02:36     INFO -    Running setup.py install for mozlog: started
17:02:36     INFO -      Running setup.py install for mozlog: finished with status 'done'
17:02:37     INFO -    Running setup.py install for moznetwork: started
17:02:37     INFO -      Running setup.py install for moznetwork: finished with status 'done'
17:02:37     INFO -    Running setup.py install for mozprocess: started
17:02:38     INFO -      Running setup.py install for mozprocess: finished with status 'done'
17:02:38     INFO -    Running setup.py install for mozprofile: started
17:02:38     INFO -      Running setup.py install for mozprofile: finished with status 'done'
17:02:39     INFO -    Running setup.py install for mozrunner: started
17:02:39     INFO -      Running setup.py install for mozrunner: finished with status 'done'
17:02:40     INFO -    Running setup.py install for mozscreenshot: started
17:02:40     INFO -      Running setup.py install for mozscreenshot: finished with status 'done'
17:02:40     INFO -    Running setup.py install for moztest: started
17:02:40     INFO -      Running setup.py install for moztest: finished with status 'done'
17:02:41     INFO -    Running setup.py install for mozversion: started
17:02:41     INFO -      Running setup.py install for mozversion: finished with status 'done'
17:02:41     INFO -    Running setup.py install for wptserve: started
17:02:41     INFO -      Running setup.py install for wptserve: finished with status 'done'
17:02:42     INFO -    Running setup.py install for marionette-driver: started
17:02:43     INFO -      Running setup.py install for marionette-driver: finished with status 'done'
17:02:43     INFO -    Running setup.py install for marionette-harness: started
17:02:43     INFO -      Running setup.py install for marionette-harness: finished with status 'done'
17:02:44     INFO -    Running setup.py install for firefox-puppeteer: started
17:02:45     INFO -      Running setup.py install for firefox-puppeteer: finished with status 'done'
17:02:46     INFO -  Successfully installed browsermob-proxy-0.6.0 firefox-puppeteer-52.1.0 manifestparser-1.1 marionette-driver-2.2.0 marionette-harness-4.0.0 mozInstall-1.12 mozcrash-1.0 mozdebug-0.1 mozdevice-0.48 mozfile-1.2 mozhttpd-0.7 mozinfo-0.9 mozleak-0.1 mozlog-3.4 moznetwork-0.27 mozprocess-0.23 mozprofile-0.28 mozrunner-6.13 mozscreenshot-0.1 moztest-0.8 mozversion-1.4 wptserve-1.4.0
17:02:46     INFO - Return code: 0
17:02:46     INFO - Installing None into virtualenv C:\slave\test\build\venv
17:02:46     INFO - retry: Calling run_command with args: [['C:\\slave\\test\\build\\venv\\Scripts\\pip', 'install', '--timeout', '120', '-r', 'C:\\slave\\test\\build\\tests\\config\\marionette_requirements.txt', '--no-index', '--find-links', 'http://pypi.pvt.build.mozilla.org/pub', '--find-links', 'http://pypi.pub.build.mozilla.org/pub', '--trusted-host', 'pypi.pub.build.mozilla.org', '--trusted-host', 'pypi.pvt.build.mozilla.org']], kwargs: {'error_level': 'warning', 'error_list': [{'substr': 'not found or a compiler error:', 'level': 'warning'}, {'regex': <_sre.SRE_Pattern object at 0x02616250>, 'level': 'error'}, {'regex': <_sre.SRE_Pattern object at 0x0262B188>, 'level': 'warning'}, {'regex': <_sre.SRE_Pattern object at 0x025E1800>, 'level': 'debug'}, {'substr': 'command not found', 'level': 'error'}, {'regex': <_sre.SRE_Pattern object at 0x01D48DE8>, 'level': 'warning'}, {'substr': 'Traceback (most recent call last)', 'level': 'error'}, {'substr': 'SyntaxError: ', 'level': 'error'}, {'substr': 'TypeError: ', 'level': 'error'}, {'substr': 'NameError: ', 'level': 'error'}, {'substr': 'ZeroDivisionError: ', 'level': 'error'}, {'regex': <_sre.SRE_Pattern object at 0x025A1230>, 'level': 'critical'}, {'regex': <_sre.SRE_Pattern object at 0x0261F520>, 'level': 'critical'}], 'cwd': 'C:\\slave\\test\\build\\tests\\config', 'env': {'TMP': 'C:\\Users\\CLTBLD~1.T-W\\AppData\\Local\\Temp', 'TEST1': 'testie', 'COMPUTERNAME': 'T-W864-IX-029', 'USERDOMAIN': 'T-W864-IX-029', 'KTS_VERSION': '1.19c', 'PSMODULEPATH': 'C:\\windows\\system32\\WindowsPowerShell\\v1.0\\Modules\\', 'COMMONPROGRAMFILES': 'C:\\Program Files (x86)\\Common Files', 'PROCESSOR_IDENTIFIER': 'Intel64 Family 6 Model 30 Stepping 5, GenuineIntel', 'PROGRAMFILES': 'C:\\Program Files (x86)', 'PROCESSOR_REVISION': '1e05', 'DNSSUFFIX': 'wintest.releng.scl3.mozilla.com', 'SYSTEMROOT': 'C:\\windows', 'NO_EM_RESTART': '1', 'PROGRAMFILES(X86)': 'C:\\Program Files (x86)', 'OURDRIVE': 'C:', 'MOZ_HIDE_RESULTS_TABLE': '1', 'XPCOM_DEBUG_BREAK': 'warn', 'MONDIR': 'C:\\Monitor_config\\', 'TEMP': 'C:\\Users\\CLTBLD~1.T-W\\AppData\\Local\\Temp', 'COMMONPROGRAMFILES(X86)': 'C:\\Program Files (x86)\\Common Files', 'RUNLOGFILE': 'C:\\slave\\\\runslave.log', 'PROCESSOR_ARCHITECTURE': 'x86', 'ALLUSERSPROFILE': 'C:\\ProgramData', 'USERPROFILE': 'C:\\Users\\cltbld.T-W864-IX-029', 'LOCALAPPDATA': 'C:\\Users\\cltbld.T-W864-IX-029\\AppData\\Local', 'HOMEPATH': '\\Users\\cltbld.T-W864-IX-029', 'USERDOMAIN_ROAMINGPROFILE': 'T-W864-IX-029', 'MOZBUILDDIR': 'C:\\mozilla-build\\', 'PROGRAMW6432': 'C:\\Program Files', 'USERNAME': 'cltbld', 'LOGONSERVER': '\\\\T-W864-IX-029', 'MOZ_NO_REMOTE': '1', 'COMSPEC': 'C:\\windows\\system32\\cmd.exe', 'PROGRAMDATA': 'C:\\ProgramData', 'PROPERTIES_FILE': 'C:\\slave\\test/buildprops.json', 'PATH': 'C:\\Program Files (x86)\\NVIDIA Corporation\\PhysX\\Common;C:\\windows\\system32;C:\\windows;C:\\windows\\System32\\Wbem;C:\\windows\\System32\\WindowsPowerShell\\v1.0\\;C:\\mozilla-build\\python27;C:\\mozilla-build\\python27\\Scripts;C:\\mozilla-build\\msys\\bin;C:\\mozilla-build\\vim\\vim72;C:\\mozilla-build\\wget;C:\\mozilla-build\\info-zip;C:\\CoreUtils\\bin;C:\\mozilla-build\\buildbotve\\scripts;C:\\mozilla-build\\hg', 'PROMPT': '$P$G', 'NO_FAIL_ON_TEST_ERRORS': '1', 'PATHEXT': '.COM;.EXE;.BAT;.CMD;.VBS;.VBE;.JS;.JSE;.WSF;.WSH;.MSC', 'FP_NO_HOST_CHECK': 'NO', 'DCLOCATION': 'SCL3', 'APPDATA': 'C:\\Users\\cltbld.T-W864-IX-029\\AppData\\Roaming', 'HOMEDRIVE': 'C:', 'SYSTEMDRIVE': 'C:', 'SLAVEDIR': 'C:\\slave\\', 'NUMBER_OF_PROCESSORS': '8', 'PWD': 'C:\\slave\\test', 'PROCESSOR_LEVEL': '6', 'KTS_HOME': 'C:\\Program Files\\KTS', 'PROCESSOR_ARCHITEW6432': 'AMD64', 'MOZ_CRASHREPORTER_NO_REPORT': '1', 'COMMONPROGRAMW6432': 'C:\\Program Files\\Common Files', 'OS': 'Windows_NT', 'PUBLIC': 'C:\\Users\\Public', 'WINDIR': 'C:\\windows'}}, attempt #1
17:02:46     INFO - Running command: ['C:\\slave\\test\\build\\venv\\Scripts\\pip', 'install', '--timeout', '120', '-r', 'C:\\slave\\test\\build\\tests\\config\\marionette_requirements.txt', '--no-index', '--find-links', 'http://pypi.pvt.build.mozilla.org/pub', '--find-links', 'http://pypi.pub.build.mozilla.org/pub', '--trusted-host', 'pypi.pub.build.mozilla.org', '--trusted-host', 'pypi.pvt.build.mozilla.org'] in C:\slave\test\build\tests\config
17:02:46     INFO - Copy/paste: C:\slave\test\build\venv\Scripts\pip install --timeout 120 -r C:\slave\test\build\tests\config\marionette_requirements.txt --no-index --find-links http://pypi.pvt.build.mozilla.org/pub --find-links http://pypi.pub.build.mozilla.org/pub --trusted-host pypi.pub.build.mozilla.org --trusted-host pypi.pvt.build.mozilla.org
17:02:46     INFO - Using env: {'ALLUSERSPROFILE': 'C:\\ProgramData',
17:02:46     INFO -  'APPDATA': 'C:\\Users\\cltbld.T-W864-IX-029\\AppData\\Roaming',
17:02:46     INFO -  'COMMONPROGRAMFILES': 'C:\\Program Files (x86)\\Common Files',
17:02:46     INFO -  'COMMONPROGRAMFILES(X86)': 'C:\\Program Files (x86)\\Common Files',
17:02:46     INFO -  'COMMONPROGRAMW6432': 'C:\\Program Files\\Common Files',
17:02:46     INFO -  'COMPUTERNAME': 'T-W864-IX-029',
17:02:46     INFO -  'COMSPEC': 'C:\\windows\\system32\\cmd.exe',
17:02:46     INFO -  'DCLOCATION': 'SCL3',
17:02:46     INFO -  'DNSSUFFIX': 'wintest.releng.scl3.mozilla.com',
17:02:46     INFO -  'FP_NO_HOST_CHECK': 'NO',
17:02:46     INFO -  'HOMEDRIVE': 'C:',
17:02:46     INFO -  'HOMEPATH': '\\Users\\cltbld.T-W864-IX-029',
17:02:46     INFO -  'KTS_HOME': 'C:\\Program Files\\KTS',
17:02:46     INFO -  'KTS_VERSION': '1.19c',
17:02:46     INFO -  'LOCALAPPDATA': 'C:\\Users\\cltbld.T-W864-IX-029\\AppData\\Local',
17:02:46     INFO -  'LOGONSERVER': '\\\\T-W864-IX-029',
17:02:46     INFO -  'MONDIR': 'C:\\Monitor_config\\',
17:02:46     INFO -  'MOZBUILDDIR': 'C:\\mozilla-build\\',
17:02:46     INFO -  'MOZ_CRASHREPORTER_NO_REPORT': '1',
17:02:46     INFO -  'MOZ_HIDE_RESULTS_TABLE': '1',
17:02:46     INFO -  'MOZ_NO_REMOTE': '1',
17:02:46     INFO -  'NO_EM_RESTART': '1',
17:02:46     INFO -  'NO_FAIL_ON_TEST_ERRORS': '1',
17:02:46     INFO -  'NUMBER_OF_PROCESSORS': '8',
17:02:46     INFO -  'OS': 'Windows_NT',
17:02:46     INFO -  'OURDRIVE': 'C:',
17:02:46     INFO -  'PATH': 'C:\\Program Files (x86)\\NVIDIA Corporation\\PhysX\\Common;C:\\windows\\system32;C:\\windows;C:\\windows\\System32\\Wbem;C:\\windows\\System32\\WindowsPowerShell\\v1.0\\;C:\\mozilla-build\\python27;C:\\mozilla-build\\python27\\Scripts;C:\\mozilla-build\\msys\\bin;C:\\mozilla-build\\vim\\vim72;C:\\mozilla-build\\wget;C:\\mozilla-build\\info-zip;C:\\CoreUtils\\bin;C:\\mozilla-build\\buildbotve\\scripts;C:\\mozilla-build\\hg',
17:02:46     INFO -  'PATHEXT': '.COM;.EXE;.BAT;.CMD;.VBS;.VBE;.JS;.JSE;.WSF;.WSH;.MSC',
17:02:46     INFO -  'PROCESSOR_ARCHITECTURE': 'x86',
17:02:46     INFO -  'PROCESSOR_ARCHITEW6432': 'AMD64',
17:02:46     INFO -  'PROCESSOR_IDENTIFIER': 'Intel64 Family 6 Model 30 Stepping 5, GenuineIntel',
17:02:46     INFO -  'PROCESSOR_LEVEL': '6',
17:02:46     INFO -  'PROCESSOR_REVISION': '1e05',
17:02:46     INFO -  'PROGRAMDATA': 'C:\\ProgramData',
17:02:46     INFO -  'PROGRAMFILES': 'C:\\Program Files (x86)',
17:02:46     INFO -  'PROGRAMFILES(X86)': 'C:\\Program Files (x86)',
17:02:46     INFO -  'PROGRAMW6432': 'C:\\Program Files',
17:02:46     INFO -  'PROMPT': '$P$G',
17:02:46     INFO -  'PROPERTIES_FILE': 'C:\\slave\\test/buildprops.json',
17:02:46     INFO -  'PSMODULEPATH': 'C:\\windows\\system32\\WindowsPowerShell\\v1.0\\Modules\\',
17:02:46     INFO -  'PUBLIC': 'C:\\Users\\Public',
17:02:46     INFO -  'PWD': 'C:\\slave\\test',
17:02:46     INFO -  'RUNLOGFILE': 'C:\\slave\\\\runslave.log',
17:02:46     INFO -  'SLAVEDIR': 'C:\\slave\\',
17:02:46     INFO -  'SYSTEMDRIVE': 'C:',
17:02:46     INFO -  'SYSTEMROOT': 'C:\\windows',
17:02:46     INFO -  'TEMP': 'C:\\Users\\CLTBLD~1.T-W\\AppData\\Local\\Temp',
17:02:46     INFO -  'TEST1': 'testie',
17:02:46     INFO -  'TMP': 'C:\\Users\\CLTBLD~1.T-W\\AppData\\Local\\Temp',
17:02:46     INFO -  'USERDOMAIN': 'T-W864-IX-029',
17:02:46     INFO -  'USERDOMAIN_ROAMINGPROFILE': 'T-W864-IX-029',
17:02:46     INFO -  'USERNAME': 'cltbld',
17:02:46     INFO -  'USERPROFILE': 'C:\\Users\\cltbld.T-W864-IX-029',
17:02:46     INFO -  'WINDIR': 'C:\\windows',
17:02:46     INFO -  'XPCOM_DEBUG_BREAK': 'warn'}
17:02:46     INFO -  Ignoring indexes: https://pypi.python.org/simple
17:02:46     INFO -  Processing c:\slave\test\build\tests\mozbase\manifestparser
17:02:47     INFO -    Requirement already satisfied (use --upgrade to upgrade): manifestparser==1.1 from file:///C:/slave/test/build/tests/mozbase/manifestparser in c:\slave\test\build\venv\lib\site-packages (from -r C:\slave\test\build\tests\config\mozbase_requirements.txt (line 1))
17:02:47     INFO -  Processing c:\slave\test\build\tests\mozbase\mozcrash
17:02:47     INFO -    Requirement already satisfied (use --upgrade to upgrade): mozcrash==1.0 from file:///C:/slave/test/build/tests/mozbase/mozcrash in c:\slave\test\build\venv\lib\site-packages (from -r C:\slave\test\build\tests\config\mozbase_requirements.txt (line 2))
17:02:47     INFO -  Processing c:\slave\test\build\tests\mozbase\mozdebug
17:02:47     INFO -    Requirement already satisfied (use --upgrade to upgrade): mozdebug==0.1 from file:///C:/slave/test/build/tests/mozbase/mozdebug in c:\slave\test\build\venv\lib\site-packages (from -r C:\slave\test\build\tests\config\mozbase_requirements.txt (line 3))
17:02:47     INFO -  Processing c:\slave\test\build\tests\mozbase\mozdevice
17:02:48     INFO -    Requirement already satisfied (use --upgrade to upgrade): mozdevice==0.48 from file:///C:/slave/test/build/tests/mozbase/mozdevice in c:\slave\test\build\venv\lib\site-packages (from -r C:\slave\test\build\tests\config\mozbase_requirements.txt (line 4))
17:02:48     INFO -  Processing c:\slave\test\build\tests\mozbase\mozfile
17:02:49     INFO -    Requirement already satisfied (use --upgrade to upgrade): mozfile==1.2 from file:///C:/slave/test/build/tests/mozbase/mozfile in c:\slave\test\build\venv\lib\site-packages (from -r C:\slave\test\build\tests\config\mozbase_requirements.txt (line 5))
17:02:49     INFO -  Processing c:\slave\test\build\tests\mozbase\mozhttpd
17:02:49     INFO -    Requirement already satisfied (use --upgrade to upgrade): mozhttpd==0.7 from file:///C:/slave/test/build/tests/mozbase/mozhttpd in c:\slave\test\build\venv\lib\site-packages (from -r C:\slave\test\build\tests\config\mozbase_requirements.txt (line 6))
17:02:49     INFO -  Processing c:\slave\test\build\tests\mozbase\mozinfo
17:02:49     INFO -    Requirement already satisfied (use --upgrade to upgrade): mozinfo==0.9 from file:///C:/slave/test/build/tests/mozbase/mozinfo in c:\slave\test\build\venv\lib\site-packages (from -r C:\slave\test\build\tests\config\mozbase_requirements.txt (line 7))
17:02:49     INFO -  Processing c:\slave\test\build\tests\mozbase\mozinstall
17:02:50     INFO -    Requirement already satisfied (use --upgrade to upgrade): mozInstall==1.12 from file:///C:/slave/test/build/tests/mozbase/mozinstall in c:\slave\test\build\venv\lib\site-packages (from -r C:\slave\test\build\tests\config\mozbase_requirements.txt (line 8))
17:02:50     INFO -  Processing c:\slave\test\build\tests\mozbase\mozleak
17:02:50     INFO -    Requirement already satisfied (use --upgrade to upgrade): mozleak==0.1 from file:///C:/slave/test/build/tests/mozbase/mozleak in c:\slave\test\build\venv\lib\site-packages (from -r C:\slave\test\build\tests\config\mozbase_requirements.txt (line 9))
17:02:50     INFO -  Processing c:\slave\test\build\tests\mozbase\mozlog
17:02:50     INFO -    Requirement already satisfied (use --upgrade to upgrade): mozlog==3.4 from file:///C:/slave/test/build/tests/mozbase/mozlog in c:\slave\test\build\venv\lib\site-packages (from -r C:\slave\test\build\tests\config\mozbase_requirements.txt (line 10))
17:02:50     INFO -  Processing c:\slave\test\build\tests\mozbase\moznetwork
17:02:50     INFO -    Requirement already satisfied (use --upgrade to upgrade): moznetwork==0.27 from file:///C:/slave/test/build/tests/mozbase/moznetwork in c:\slave\test\build\venv\lib\site-packages (from -r C:\slave\test\build\tests\config\mozbase_requirements.txt (line 11))
17:02:50     INFO -  Processing c:\slave\test\build\tests\mozbase\mozprocess
17:02:51     INFO -    Requirement already satisfied (use --upgrade to upgrade): mozprocess==0.23 from file:///C:/slave/test/build/tests/mozbase/mozprocess in c:\slave\test\build\venv\lib\site-packages (from -r C:\slave\test\build\tests\config\mozbase_requirements.txt (line 12))
17:02:51     INFO -  Processing c:\slave\test\build\tests\mozbase\mozprofile
17:02:51     INFO -    Requirement already satisfied (use --upgrade to upgrade): mozprofile==0.28 from file:///C:/slave/test/build/tests/mozbase/mozprofile in c:\slave\test\build\venv\lib\site-packages (from -r C:\slave\test\build\tests\config\mozbase_requirements.txt (line 13))
17:02:51     INFO -  Processing c:\slave\test\build\tests\mozbase\mozrunner
17:02:51     INFO -    Requirement already satisfied (use --upgrade to upgrade): mozrunner==6.13 from file:///C:/slave/test/build/tests/mozbase/mozrunner in c:\slave\test\build\venv\lib\site-packages (from -r C:\slave\test\build\tests\config\mozbase_requirements.txt (line 14))
17:02:51     INFO -  Processing c:\slave\test\build\tests\mozbase\mozscreenshot
17:02:51     INFO -    Requirement already satisfied (use --upgrade to upgrade): mozscreenshot==0.1 from file:///C:/slave/test/build/tests/mozbase/mozscreenshot in c:\slave\test\build\venv\lib\site-packages (from -r C:\slave\test\build\tests\config\mozbase_requirements.txt (line 15))
17:02:51     INFO -  Processing c:\slave\test\build\tests\mozbase\moztest
17:02:52     INFO -    Requirement already satisfied (use --upgrade to upgrade): moztest==0.8 from file:///C:/slave/test/build/tests/mozbase/moztest in c:\slave\test\build\venv\lib\site-packages (from -r C:\slave\test\build\tests\config\mozbase_requirements.txt (line 16))
17:02:52     INFO -  Processing c:\slave\test\build\tests\mozbase\mozversion
17:02:52     INFO -    Requirement already satisfied (use --upgrade to upgrade): mozversion==1.4 from file:///C:/slave/test/build/tests/mozbase/mozversion in c:\slave\test\build\venv\lib\site-packages (from -r C:\slave\test\build\tests\config\mozbase_requirements.txt (line 17))
17:02:52     INFO -  Processing c:\slave\test\build\tests\tools\wptserve
17:02:52     INFO -    Requirement already satisfied (use --upgrade to upgrade): wptserve==1.4.0 from file:///C:/slave/test/build/tests/tools/wptserve in c:\slave\test\build\venv\lib\site-packages (from -r C:\slave\test\build\tests\config\marionette_requirements.txt (line 3))
17:02:52     INFO -  Processing c:\slave\test\build\tests\marionette\client
17:02:53     INFO -    Requirement already satisfied (use --upgrade to upgrade): marionette-driver==2.2.0 from file:///C:/slave/test/build/tests/marionette/client in c:\slave\test\build\venv\lib\site-packages (from -r C:\slave\test\build\tests\config\marionette_requirements.txt (line 4))
17:02:53     INFO -  Processing c:\slave\test\build\tests\marionette\harness\marionette_harness\runner\mixins\browsermob-proxy-py
17:02:53     INFO -    Requirement already satisfied (use --upgrade to upgrade): browsermob-proxy==0.6.0 from file:///C:/slave/test/build/tests/marionette/harness/marionette_harness/runner/mixins/browsermob-proxy-py in c:\slave\test\build\venv\lib\site-packages (from -r C:\slave\test\build\tests\config\marionette_requirements.txt (line 5))
17:02:53     INFO -  Processing c:\slave\test\build\tests\marionette\harness
17:02:53     INFO -    Requirement already satisfied (use --upgrade to upgrade): marionette-harness==4.0.0 from file:///C:/slave/test/build/tests/marionette/harness in c:\slave\test\build\venv\lib\site-packages (from -r C:\slave\test\build\tests\config\marionette_requirements.txt (line 6))
17:02:53     INFO -  Processing c:\slave\test\build\tests\marionette\puppeteer\firefox
17:02:54     INFO -    Requirement already satisfied (use --upgrade to upgrade): firefox-puppeteer==52.1.0 from file:///C:/slave/test/build/tests/marionette/puppeteer/firefox in c:\slave\test\build\venv\lib\site-packages (from -r C:\slave\test\build\tests\config\marionette_requirements.txt (line 9))
17:02:54     INFO -  Requirement already satisfied (use --upgrade to upgrade): mozfile>=1.0 in c:\slave\test\build\venv\lib\site-packages (from mozcrash==1.0->-r C:\slave\test\build\tests\config\mozbase_requirements.txt (line 2))
17:02:54     INFO -  Requirement already satisfied (use --upgrade to upgrade): mozlog>=3.0 in c:\slave\test\build\venv\lib\site-packages (from mozcrash==1.0->-r C:\slave\test\build\tests\config\mozbase_requirements.txt (line 2))
17:02:54     INFO -  Requirement already satisfied (use --upgrade to upgrade): mozinfo in c:\slave\test\build\venv\lib\site-packages (from mozdebug==0.1->-r C:\slave\test\build\tests\config\mozbase_requirements.txt (line 3))
17:02:54     INFO -  Requirement already satisfied (use --upgrade to upgrade): moznetwork>=0.24 in c:\slave\test\build\venv\lib\site-packages (from mozdevice==0.48->-r C:\slave\test\build\tests\config\mozbase_requirements.txt (line 4))
17:02:54     INFO -  Requirement already satisfied (use --upgrade to upgrade): mozprocess>=0.19 in c:\slave\test\build\venv\lib\site-packages (from mozdevice==0.48->-r C:\slave\test\build\tests\config\mozbase_requirements.txt (line 4))
17:02:54     INFO -  Collecting blessings>=1.3 (from mozlog==3.4->-r C:\slave\test\build\tests\config\mozbase_requirements.txt (line 10))
17:02:55     INFO -  Requirement already satisfied (use --upgrade to upgrade): requests>=1.1.0 in c:\slave\test\build\venv\lib\site-packages (from browsermob-proxy==0.6.0->-r C:\slave\test\build\tests\config\marionette_requirements.txt (line 5))
17:02:55     INFO -  Building wheels for collected packages: browsermob-proxy
17:02:55     INFO -    Running setup.py bdist_wheel for browsermob-proxy: started
17:02:55     INFO -    Running setup.py bdist_wheel for browsermob-proxy: finished with status 'done'
17:02:55     INFO -    Stored in directory: C:\Users\cltbld.T-W864-IX-029\AppData\Local\pip\Cache\wheels\08\c0\29\e3a3f32d6ca19470885c6032e6c0a54976e207f709e0326988
17:02:56     INFO -  Successfully built browsermob-proxy
17:02:56     INFO -  Installing collected packages: blessings
17:02:56     INFO -  Successfully installed blessings-1.6
17:03:01     INFO - Return code: 0
17:03:01     INFO - Done creating virtualenv C:\slave\test\build\venv.
17:03:01     INFO - Getting output from command: ['C:\\slave\\test\\build\\venv\\Scripts\\pip', 'freeze']
17:03:01     INFO - Copy/paste: C:\slave\test\build\venv\Scripts\pip freeze
17:03:01     INFO - Reading from file tmpfile_stdout
17:03:01     INFO - Reading from file tmpfile_stderr
17:03:01     INFO - Using _rmtree_windows ...
17:03:01     INFO - Using _rmtree_windows ...
17:03:01     INFO - Current package versions:
17:03:01     INFO -   blessings == 1.6
17:03:01     INFO -   blobuploader == 1.2.4
17:03:01     INFO -   browsermob-proxy == 0.6.0
17:03:01     INFO -   docopt == 0.6.1
17:03:01     INFO -   firefox-puppeteer == 52.1.0
17:03:01     INFO -   functools32 == 3.2.3.post2
17:03:01     INFO -   jsonschema == 2.5.1
17:03:01     INFO -   manifestparser == 1.1
17:03:01     INFO -   marionette-driver == 2.2.0
17:03:01     INFO -   marionette-harness == 4.0.0
17:03:01     INFO -   mozInstall == 1.12
17:03:01     INFO -   mozcrash == 1.0
17:03:01     INFO -   mozdebug == 0.1
17:03:01     INFO -   mozdevice == 0.48
17:03:01     INFO -   mozfile == 1.2
17:03:01     INFO -   mozhttpd == 0.7
17:03:01     INFO -   mozinfo == 0.9
17:03:01     INFO -   mozleak == 0.1
17:03:01     INFO -   mozlog == 3.4
17:03:01     INFO -   moznetwork == 0.27
17:03:01     INFO -   mozprocess == 0.23
17:03:01     INFO -   mozprofile == 0.28
17:03:01     INFO -   mozrunner == 6.13
17:03:01     INFO -   mozscreenshot == 0.1
17:03:01     INFO -   mozsystemmonitor == 0.3
17:03:01     INFO -   moztest == 0.8
17:03:01     INFO -   mozversion == 1.4
17:03:01     INFO -   psutil == 5.4.3
17:03:01     INFO -   requests == 1.2.3
17:03:01     INFO -   wptserve == 1.4.0
17:03:01     INFO - Running post-action listener: _resource_record_post_action
17:03:01     INFO - Running post-action listener: _start_resource_monitoring
17:03:02     INFO - Starting resource monitoring.
17:03:02     INFO - [mozharness: 2018-06-09 00:03:02.126000Z] Finished create-virtualenv step (success)
17:03:02     INFO - [mozharness: 2018-06-09 00:03:02.127000Z] Running pull step.
17:03:02     INFO - Running pre-action listener: _resource_record_pre_action
17:03:02     INFO - Running main action method: pull
17:03:02     INFO - Pull has nothing to do!
17:03:02     INFO - Running post-action listener: _resource_record_post_action
17:03:02     INFO - [mozharness: 2018-06-09 00:03:02.127000Z] Finished pull step (success)
17:03:02     INFO - [mozharness: 2018-06-09 00:03:02.127000Z] Running install step.
17:03:02     INFO - Running pre-action listener: _resource_record_pre_action
17:03:02     INFO - Running main action method: install
17:03:02     INFO - Getting output from command: ['C:\\slave\\test\\build\\venv\\Scripts\\pip', 'freeze']
17:03:02     INFO - Copy/paste: C:\slave\test\build\venv\Scripts\pip freeze
17:03:02     INFO - Reading from file tmpfile_stdout
17:03:02     INFO - Reading from file tmpfile_stderr
17:03:02     INFO - Using _rmtree_windows ...
17:03:02     INFO - Using _rmtree_windows ...
17:03:02     INFO - Detecting whether we're running mozinstall >=1.0...
17:03:02     INFO - Getting output from command: ['C:\\slave\\test/build/venv/scripts/python', 'C:\\slave\\test/build/venv/scripts/mozinstall-script.py', '-h']
17:03:02     INFO - Copy/paste: C:\slave\test/build/venv/scripts/python C:\slave\test/build/venv/scripts/mozinstall-script.py -h
17:03:02     INFO - Reading from file tmpfile_stdout
17:03:02     INFO - Output received:
17:03:02     INFO -  Usage: mozinstall-script.py [options] installer
17:03:02     INFO -  Options:
17:03:02     INFO -    -h, --help            show this help message and exit
17:03:02     INFO -    -d DEST, --destination=DEST
17:03:02     INFO -                          Directory to install application into. [default:
17:03:02     INFO -                          "C:\slave\test"]
17:03:02     INFO -    --app=APP             Application being installed. [default: firefox]
17:03:02     INFO - Using _rmtree_windows ...
17:03:02     INFO - Using _rmtree_windows ...
17:03:02     INFO - mkdir: C:\slave\test\build\application
17:03:02     INFO - Getting output from command: ['C:\\slave\\test/build/venv/scripts/python', 'C:\\slave\\test/build/venv/scripts/mozinstall-script.py', 'C:\\slave\\test\\build\\firefox-52.8.2.en-US.win64.zip', '--destination', 'C:\\slave\\test\\build\\application']
17:03:02     INFO - Copy/paste: C:\slave\test/build/venv/scripts/python C:\slave\test/build/venv/scripts/mozinstall-script.py C:\slave\test\build\firefox-52.8.2.en-US.win64.zip --destination C:\slave\test\build\application
ProcessManager NOT managing child processes
17:03:04     INFO - Reading from file tmpfile_stdout
17:03:04     INFO - Output received:
17:03:04     INFO -  C:\slave\test\build\application\firefox\firefox.exe
17:03:04     INFO - Using _rmtree_windows ...
17:03:04     INFO - Using _rmtree_windows ...
17:03:04     INFO - Running post-action listener: _resource_record_post_action
17:03:04     INFO - [mozharness: 2018-06-09 00:03:04.539000Z] Finished install step (success)
17:03:04     INFO - [mozharness: 2018-06-09 00:03:04.540000Z] Running run-tests step.
17:03:04     INFO - Running pre-action listener: _resource_record_pre_action
17:03:04     INFO - Running main action method: run_tests
17:03:04     INFO - mkdir: C:\slave\test\build\blobber_upload_dir
17:03:04     INFO - Minidump filename unknown. Determining based upon platform and architecture.
17:03:04     INFO - Minidump tooltool manifest unknown. Determining based upon platform and architecture.
17:03:04     INFO - grabbing minidump binary from tooltool
17:03:04     INFO - retry: Calling run_command with args: (['c:\\mozilla-build\\python27\\python.exe', 'C:/mozilla-build/tooltool.py', '--url', 'https://api.pub.build.mozilla.org/tooltool/', '--authentication-file', 'c:\\builds\\relengapi.tok', 'fetch', '-m', 'C:\\slave\\test\\build\\tests\\config/tooltool-manifests/win32/releng.manifest', '-o'],), kwargs: {'output_timeout': 600, 'error_list': [{'substr': 'command not found', 'level': 'error'}, {'regex': <_sre.SRE_Pattern object at 0x01D48DE8>, 'level': 'warning'}, {'substr': 'Traceback (most recent call last)', 'level': 'error'}, {'substr': 'SyntaxError: ', 'level': 'error'}, {'substr': 'TypeError: ', 'level': 'error'}, {'substr': 'NameError: ', 'level': 'error'}, {'substr': 'ZeroDivisionError: ', 'level': 'error'}, {'regex': <_sre.SRE_Pattern object at 0x025A1230>, 'level': 'critical'}, {'regex': <_sre.SRE_Pattern object at 0x0261F520>, 'level': 'critical'}, {'substr': 'ERROR - ', 'level': 'error'}], 'cwd': 'C:\\slave\\test\\build', 'privileged': False}, attempt #1
17:03:04     INFO - Running command: ['c:\\mozilla-build\\python27\\python.exe', 'C:/mozilla-build/tooltool.py', '--url', 'https://api.pub.build.mozilla.org/tooltool/', '--authentication-file', 'c:\\builds\\relengapi.tok', 'fetch', '-m', 'C:\\slave\\test\\build\\tests\\config/tooltool-manifests/win32/releng.manifest', '-o'] in C:\slave\test\build
17:03:04     INFO - Copy/paste: c:\mozilla-build\python27\python.exe C:/mozilla-build/tooltool.py --url https://api.pub.build.mozilla.org/tooltool/ --authentication-file c:\builds\relengapi.tok fetch -m C:\slave\test\build\tests\config/tooltool-manifests/win32/releng.manifest -o
17:03:04     INFO - Calling ['c:\\mozilla-build\\python27\\python.exe', 'C:/mozilla-build/tooltool.py', '--url', 'https://api.pub.build.mozilla.org/tooltool/', '--authentication-file', 'c:\\builds\\relengapi.tok', 'fetch', '-m', 'C:\\slave\\test\\build\\tests\\config/tooltool-manifests/win32/releng.manifest', '-o'] with output_timeout 600
ProcessManager UNABLE to use job objects to manage child processes
17:03:04     INFO -  INFO - Attempting to fetch from 'https://api.pub.build.mozilla.org/tooltool/'...
17:03:05     INFO -  INFO - File win32-minidump_stackwalk.exe fetched from https://api.pub.build.mozilla.org/tooltool/ as C:\slave\test\build\tmp1_ls7l
17:03:05     INFO -  INFO - File integrity verified, renaming tmp1_ls7l to win32-minidump_stackwalk.exe
17:03:05     INFO - Return code: 0
17:03:05     INFO - Chmoding C:\slave\test\build\win32-minidump_stackwalk.exe to 0755
17:03:05     INFO - ENV: MINIDUMP_SAVE_PATH is now C:\slave\test\build\blobber_upload_dir
17:03:05     INFO - Running command: ['C:\\slave\\test\\build\\venv\\Scripts\\python', '-u', 'C:\\slave\\test\\build\\tests\\web-platform\\runtests.py', '--log-raw=-', '--log-raw=C:\\slave\\test\\build\\blobber_upload_dir\\wpt_raw.log', '--log-errorsummary=C:\\slave\\test\\build\\blobber_upload_dir\\wpt_errorsummary.log', '--binary=C:\\slave\\test\\build\\application\\firefox\\firefox.exe', '--symbols-path=https://queue.taskcluster.net/v1/task/VAgbWLphTjmdh4hh8yTyVw/artifacts/public/build/firefox-52.8.2.en-US.win64.crashreporter-symbols.zip', '--stackwalk-binary=C:\\slave\\test\\build\\win32-minidump_stackwalk.exe', '--stackfix-dir=C:\\slave\\test\\build\\tests\\bin', '--test-type=testharness', '--disable-e10s', '--total-chunks=5', '--this-chunk=3', '--prefs-root=C:\\slave\\test\\build\\tests\\web-platform/prefs', '--processes=1', '--config=C:\\slave\\test\\build\\tests\\web-platform/wptrunner.ini', '--ca-cert-path=C:\\slave\\test\\build\\tests\\web-platform/certs/cacert.pem', '--host-key-path=C:\\slave\\test\\build\\tests\\web-platform/certs/web-platform.test.key', '--host-cert-path=C:\\slave\\test\\build\\tests\\web-platform/certs/web-platform.test.pem', '--certutil-binary=C:\\slave\\test\\build\\tests/bin/certutil'] in C:\slave\test\build
17:03:05     INFO - Copy/paste: C:\slave\test\build\venv\Scripts\python -u C:\slave\test\build\tests\web-platform\runtests.py --log-raw=- --log-raw=C:\slave\test\build\blobber_upload_dir\wpt_raw.log --log-errorsummary=C:\slave\test\build\blobber_upload_dir\wpt_errorsummary.log --binary=C:\slave\test\build\application\firefox\firefox.exe --symbols-path=https://queue.taskcluster.net/v1/task/VAgbWLphTjmdh4hh8yTyVw/artifacts/public/build/firefox-52.8.2.en-US.win64.crashreporter-symbols.zip --stackwalk-binary=C:\slave\test\build\win32-minidump_stackwalk.exe --stackfix-dir=C:\slave\test\build\tests\bin --test-type=testharness --disable-e10s --total-chunks=5 --this-chunk=3 --prefs-root=C:\slave\test\build\tests\web-platform/prefs --processes=1 --config=C:\slave\test\build\tests\web-platform/wptrunner.ini --ca-cert-path=C:\slave\test\build\tests\web-platform/certs/cacert.pem --host-key-path=C:\slave\test\build\tests\web-platform/certs/web-platform.test.key --host-cert-path=C:\slave\test\build\tests\web-platform/certs/web-platform.test.pem --certutil-binary=C:\slave\test\build\tests/bin/certutil
17:03:05     INFO - Using env: {'ALLUSERSPROFILE': 'C:\\ProgramData',
17:03:05     INFO -  'APPDATA': 'C:\\Users\\cltbld.T-W864-IX-029\\AppData\\Roaming',
17:03:05     INFO -  'COMMONPROGRAMFILES': 'C:\\Program Files (x86)\\Common Files',
17:03:05     INFO -  'COMMONPROGRAMFILES(X86)': 'C:\\Program Files (x86)\\Common Files',
17:03:05     INFO -  'COMMONPROGRAMW6432': 'C:\\Program Files\\Common Files',
17:03:05     INFO -  'COMPUTERNAME': 'T-W864-IX-029',
17:03:05     INFO -  'COMSPEC': 'C:\\windows\\system32\\cmd.exe',
17:03:05     INFO -  'DCLOCATION': 'SCL3',
17:03:05     INFO -  'DNSSUFFIX': 'wintest.releng.scl3.mozilla.com',
17:03:05     INFO -  'FP_NO_HOST_CHECK': 'NO',
17:03:05     INFO -  'HOMEDRIVE': 'C:',
17:03:05     INFO -  'HOMEPATH': '\\Users\\cltbld.T-W864-IX-029',
17:03:05     INFO -  'KTS_HOME': 'C:\\Program Files\\KTS',
17:03:05     INFO -  'KTS_VERSION': '1.19c',
17:03:05     INFO -  'LOCALAPPDATA': 'C:\\Users\\cltbld.T-W864-IX-029\\AppData\\Local',
17:03:05     INFO -  'LOGONSERVER': '\\\\T-W864-IX-029',
17:03:05     INFO -  'MINIDUMP_SAVE_PATH': 'C:\\slave\\test\\build\\blobber_upload_dir',
17:03:05     INFO -  'MONDIR': 'C:\\Monitor_config\\',
17:03:05     INFO -  'MOZBUILDDIR': 'C:\\mozilla-build\\',
17:03:05     INFO -  'MOZ_CRASHREPORTER_NO_REPORT': '1',
17:03:05     INFO -  'MOZ_HIDE_RESULTS_TABLE': '1',
17:03:05     INFO -  'MOZ_NO_REMOTE': '1',
17:03:05     INFO -  'NO_EM_RESTART': '1',
17:03:05     INFO -  'NO_FAIL_ON_TEST_ERRORS': '1',
17:03:05     INFO -  'NUMBER_OF_PROCESSORS': '8',
17:03:05     INFO -  'OS': 'Windows_NT',
17:03:05     INFO -  'OURDRIVE': 'C:',
17:03:05     INFO -  'PATH': 'C:\\slave\\test\\build\\venv\\Scripts;C:\\Program Files (x86)\\NVIDIA Corporation\\PhysX\\Common;C:\\windows\\system32;C:\\windows;C:\\windows\\System32\\Wbem;C:\\windows\\System32\\WindowsPowerShell\\v1.0\\;C:\\mozilla-build\\python27;C:\\mozilla-build\\python27\\Scripts;C:\\mozilla-build\\msys\\bin;C:\\mozilla-build\\vim\\vim72;C:\\mozilla-build\\wget;C:\\mozilla-build\\info-zip;C:\\CoreUtils\\bin;C:\\mozilla-build\\buildbotve\\scripts;C:\\mozilla-build\\hg',
17:03:05     INFO -  'PATHEXT': '.COM;.EXE;.BAT;.CMD;.VBS;.VBE;.JS;.JSE;.WSF;.WSH;.MSC',
17:03:05     INFO -  'PROCESSOR_ARCHITECTURE': 'x86',
17:03:05     INFO -  'PROCESSOR_ARCHITEW6432': 'AMD64',
17:03:05     INFO -  'PROCESSOR_IDENTIFIER': 'Intel64 Family 6 Model 30 Stepping 5, GenuineIntel',
17:03:05     INFO -  'PROCESSOR_LEVEL': '6',
17:03:05     INFO -  'PROCESSOR_REVISION': '1e05',
17:03:05     INFO -  'PROGRAMDATA': 'C:\\ProgramData',
17:03:05     INFO -  'PROGRAMFILES': 'C:\\Program Files (x86)',
17:03:05     INFO -  'PROGRAMFILES(X86)': 'C:\\Program Files (x86)',
17:03:05     INFO -  'PROGRAMW6432': 'C:\\Program Files',
17:03:05     INFO -  'PROMPT': '$P$G',
17:03:05     INFO -  'PROPERTIES_FILE': 'C:\\slave\\test/buildprops.json',
17:03:05     INFO -  'PSMODULEPATH': 'C:\\windows\\system32\\WindowsPowerShell\\v1.0\\Modules\\',
17:03:05     INFO -  'PUBLIC': 'C:\\Users\\Public',
17:03:05     INFO -  'PWD': 'C:\\slave\\test',
17:03:05     INFO -  'RUNLOGFILE': 'C:\\slave\\\\runslave.log',
17:03:05     INFO -  'SLAVEDIR': 'C:\\slave\\',
17:03:05     INFO -  'SYSTEMDRIVE': 'C:',
17:03:05     INFO -  'SYSTEMROOT': 'C:\\windows',
17:03:05     INFO -  'TEMP': 'C:\\Users\\CLTBLD~1.T-W\\AppData\\Local\\Temp',
17:03:05     INFO -  'TEST1': 'testie',
17:03:05     INFO -  'TMP': 'C:\\Users\\CLTBLD~1.T-W\\AppData\\Local\\Temp',
17:03:05     INFO -  'USERDOMAIN': 'T-W864-IX-029',
17:03:05     INFO -  'USERDOMAIN_ROAMINGPROFILE': 'T-W864-IX-029',
17:03:05     INFO -  'USERNAME': 'cltbld',
17:03:05     INFO -  'USERPROFILE': 'C:\\Users\\cltbld.T-W864-IX-029',
17:03:05     INFO -  'WINDIR': 'C:\\windows',
17:03:05     INFO -  'XPCOM_DEBUG_BREAK': 'warn'}
17:03:05     INFO - Calling ['C:\\slave\\test\\build\\venv\\Scripts\\python', '-u', 'C:\\slave\\test\\build\\tests\\web-platform\\runtests.py', '--log-raw=-', '--log-raw=C:\\slave\\test\\build\\blobber_upload_dir\\wpt_raw.log', '--log-errorsummary=C:\\slave\\test\\build\\blobber_upload_dir\\wpt_errorsummary.log', '--binary=C:\\slave\\test\\build\\application\\firefox\\firefox.exe', '--symbols-path=https://queue.taskcluster.net/v1/task/VAgbWLphTjmdh4hh8yTyVw/artifacts/public/build/firefox-52.8.2.en-US.win64.crashreporter-symbols.zip', '--stackwalk-binary=C:\\slave\\test\\build\\win32-minidump_stackwalk.exe', '--stackfix-dir=C:\\slave\\test\\build\\tests\\bin', '--test-type=testharness', '--disable-e10s', '--total-chunks=5', '--this-chunk=3', '--prefs-root=C:\\slave\\test\\build\\tests\\web-platform/prefs', '--processes=1', '--config=C:\\slave\\test\\build\\tests\\web-platform/wptrunner.ini', '--ca-cert-path=C:\\slave\\test\\build\\tests\\web-platform/certs/cacert.pem', '--host-key-path=C:\\slave\\test\\build\\tests\\web-platform/certs/web-platform.test.key', '--host-cert-path=C:\\slave\\test\\build\\tests\\web-platform/certs/web-platform.test.pem', '--certutil-binary=C:\\slave\\test\\build\\tests/bin/certutil'] with output_timeout 1000
ProcessManager NOT managing child processes
ProcessManager UNABLE to use job objects to manage child processes
17:03:07     INFO - STDERR: Opening manifest at C:\slave\test\build\tests\web-platform\meta\MANIFEST.json
17:03:08     INFO - STDERR: Opening manifest at C:\slave\test\build\tests\web-platform\mozilla\meta\MANIFEST.json
17:03:09     INFO - Using 1 client processes
17:03:11     INFO - SUITE-START | Running 1635 tests
17:03:11     INFO - Running testharness tests
17:03:11     INFO - TEST-START | /content-security-policy/media-src/media-src-7_1.html
17:03:11     INFO - TEST-SKIP | /content-security-policy/media-src/media-src-7_1.html | took 0ms
17:03:11     INFO - TEST-START | /content-security-policy/media-src/media-src-7_3_2.html
17:03:11     INFO - TEST-SKIP | /content-security-policy/media-src/media-src-7_3_2.html | took 0ms
17:03:11     INFO - TEST-START | /custom-elements/v0/concepts/custom-elements-type-allowed-chars-first-char.html
17:03:11     INFO - TEST-SKIP | /custom-elements/v0/concepts/custom-elements-type-allowed-chars-first-char.html | took 0ms
17:03:11     INFO - TEST-START | /custom-elements/v0/concepts/custom-elements-type-allowed-chars.html
17:03:11     INFO - TEST-SKIP | /custom-elements/v0/concepts/custom-elements-type-allowed-chars.html | took 0ms
17:03:11     INFO - TEST-START | /custom-elements/v0/concepts/custom-elements-type-naming.html
17:03:11     INFO - TEST-SKIP | /custom-elements/v0/concepts/custom-elements-type-naming.html | took 1ms
17:03:11     INFO - TEST-START | /custom-elements/v0/custom-element-lifecycle/enqueuing-and-invoking-callbacks/invoke-callbacks.html
17:03:11     INFO - TEST-SKIP | /custom-elements/v0/custom-element-lifecycle/enqueuing-and-invoking-callbacks/invoke-callbacks.html | took 0ms
17:03:11     INFO - TEST-START | /eventsource/format-data-before-final-empty-line.htm
17:03:11     INFO - TEST-SKIP | /eventsource/format-data-before-final-empty-line.htm | took 0ms
17:03:11     INFO - TEST-START | /eventsource/format-field-retry-bogus.htm
17:03:11     INFO - TEST-SKIP | /eventsource/format-field-retry-bogus.htm | took 0ms
17:03:11     INFO - TEST-START | /eventsource/format-field-retry.htm
17:03:11     INFO - TEST-SKIP | /eventsource/format-field-retry.htm | took 0ms
17:03:11     INFO - TEST-START | /html/semantics/selectors/pseudo-classes/focus-autofocus.html
17:03:11     INFO - TEST-SKIP | /html/semantics/selectors/pseudo-classes/focus-autofocus.html | took 0ms
17:03:11     INFO - TEST-START | /html/semantics/selectors/pseudo-classes/focus.html
17:03:11     INFO - TEST-SKIP | /html/semantics/selectors/pseudo-classes/focus.html | took 0ms
17:03:11     INFO - TEST-START | /html/syntax/parsing/DOMContentLoaded-defer.html
17:03:11     INFO - TEST-SKIP | /html/syntax/parsing/DOMContentLoaded-defer.html | took 0ms
17:03:11     INFO - TEST-START | /mixed-content/blockable/no-opt-in/same-host-http/form-tag/top-level/no-redirect/no-opt-in-blocks.https.html
17:03:11     INFO - TEST-SKIP | /mixed-content/blockable/no-opt-in/same-host-http/form-tag/top-level/no-redirect/no-opt-in-blocks.https.html | took 0ms
17:03:11     INFO - TEST-START | /mixed-content/blockable/no-opt-in/same-host-http/form-tag/top-level/swap-scheme-redirect/no-opt-in-blocks.https.html
17:03:11     INFO - TEST-SKIP | /mixed-content/blockable/no-opt-in/same-host-http/form-tag/top-level/swap-scheme-redirect/no-opt-in-blocks.https.html | took 0ms
17:03:11     INFO - TEST-START | /old-tests/submission/Opera/script_scheduling/031.html
17:03:11     INFO - TEST-SKIP | /old-tests/submission/Opera/script_scheduling/031.html | took 0ms
17:03:11     INFO - TEST-START | /referrer-policy/no-referrer/meta-referrer/cross-origin/http-http/img-tag/generic.keep-origin-redirect.http.html
17:03:11     INFO - TEST-SKIP | /referrer-policy/no-referrer/meta-referrer/cross-origin/http-http/img-tag/generic.keep-origin-redirect.http.html | took 1ms
17:03:11     INFO - TEST-START | /referrer-policy/no-referrer/meta-referrer/cross-origin/http-http/img-tag/generic.no-redirect.http.html
17:03:11     INFO - TEST-SKIP | /referrer-policy/no-referrer/meta-referrer/cross-origin/http-http/img-tag/generic.no-redirect.http.html | took 0ms
17:03:11     INFO - TEST-START | /referrer-policy/no-referrer/meta-referrer/cross-origin/http-http/img-tag/generic.swap-origin-redirect.http.html
17:03:11     INFO - TEST-SKIP | /referrer-policy/no-referrer/meta-referrer/cross-origin/http-http/img-tag/generic.swap-origin-redirect.http.html | took 0ms
17:03:12     INFO - TEST-START | /referrer-policy/no-referrer/meta-referrer/same-origin/http-http/img-tag/generic.keep-origin-redirect.http.html
17:03:12     INFO - TEST-SKIP | /referrer-policy/no-referrer/meta-referrer/same-origin/http-http/img-tag/generic.keep-origin-redirect.http.html | took 1ms
17:03:12     INFO - TEST-START | /referrer-policy/no-referrer/meta-referrer/same-origin/http-http/img-tag/generic.no-redirect.http.html
17:03:12     INFO - TEST-SKIP | /referrer-policy/no-referrer/meta-referrer/same-origin/http-http/img-tag/generic.no-redirect.http.html | took 0ms
17:03:12     INFO - TEST-START | /referrer-policy/no-referrer/meta-referrer/same-origin/http-http/img-tag/generic.swap-origin-redirect.http.html
17:03:12     INFO - TEST-SKIP | /referrer-policy/no-referrer/meta-referrer/same-origin/http-http/img-tag/generic.swap-origin-redirect.http.html | took 0ms
17:03:12     INFO - TEST-START | /referrer-policy/no-referrer/meta-referrer/same-origin/http-https/img-tag/generic.keep-origin-redirect.http.html
17:03:12     INFO - TEST-SKIP | /referrer-policy/no-referrer/meta-referrer/same-origin/http-https/img-tag/generic.keep-origin-redirect.http.html | took 1ms
17:03:12     INFO - TEST-START | /referrer-policy/no-referrer/meta-referrer/same-origin/http-https/img-tag/generic.no-redirect.http.html
17:03:12     INFO - TEST-SKIP | /referrer-policy/no-referrer/meta-referrer/same-origin/http-https/img-tag/generic.no-redirect.http.html | took 0ms
17:03:12     INFO - TEST-START | /referrer-policy/no-referrer/meta-referrer/same-origin/http-https/img-tag/generic.swap-origin-redirect.http.html
17:03:12     INFO - TEST-SKIP | /referrer-policy/no-referrer/meta-referrer/same-origin/http-https/img-tag/generic.swap-origin-redirect.http.html | took 0ms
17:03:12     INFO - TEST-START | /referrer-policy/unset-referrer-policy/meta-referrer/cross-origin/http-http/img-tag/insecure-protocol.keep-origin-redirect.http.html
17:03:12     INFO - TEST-SKIP | /referrer-policy/unset-referrer-policy/meta-referrer/cross-origin/http-http/img-tag/insecure-protocol.keep-origin-redirect.http.html | took 1ms
17:03:12     INFO - TEST-START | /referrer-policy/unset-referrer-policy/meta-referrer/cross-origin/http-http/img-tag/insecure-protocol.no-redirect.http.html
17:03:12     INFO - TEST-SKIP | /referrer-policy/unset-referrer-policy/meta-referrer/cross-origin/http-http/img-tag/insecure-protocol.no-redirect.http.html | took 0ms
17:03:12     INFO - TEST-START | /referrer-policy/unset-referrer-policy/meta-referrer/cross-origin/http-http/img-tag/insecure-protocol.swap-origin-redirect.http.html
17:03:12     INFO - TEST-SKIP | /referrer-policy/unset-referrer-policy/meta-referrer/cross-origin/http-http/img-tag/insecure-protocol.swap-origin-redirect.http.html | took 82ms
17:03:12     INFO - TEST-START | /referrer-policy/unset-referrer-policy/meta-referrer/cross-origin/http-https/img-tag/upgrade-protocol.keep-origin-redirect.http.html
17:03:12     INFO - TEST-SKIP | /referrer-policy/unset-referrer-policy/meta-referrer/cross-origin/http-https/img-tag/upgrade-protocol.keep-origin-redirect.http.html | took 1ms
17:03:12     INFO - TEST-START | /referrer-policy/unset-referrer-policy/meta-referrer/cross-origin/http-https/img-tag/upgrade-protocol.no-redirect.http.html
17:03:12     INFO - TEST-SKIP | /referrer-policy/unset-referrer-policy/meta-referrer/cross-origin/http-https/img-tag/upgrade-protocol.no-redirect.http.html | took 0ms
17:03:12     INFO - TEST-START | /referrer-policy/unset-referrer-policy/meta-referrer/cross-origin/http-https/img-tag/upgrade-protocol.swap-origin-redirect.http.html
17:03:12     INFO - TEST-SKIP | /referrer-policy/unset-referrer-policy/meta-referrer/cross-origin/http-https/img-tag/upgrade-protocol.swap-origin-redirect.http.html | took 1ms
17:03:12     INFO - TEST-START | /webgl/conformance-1.0.3/conformance/buffers/buffer-bind-test.html
17:03:12     INFO - TEST-SKIP | /webgl/conformance-1.0.3/conformance/buffers/buffer-bind-test.html | took 1ms
17:03:12     INFO - TEST-START | /webgl/conformance-1.0.3/conformance/buffers/buffer-data-array-buffer-delete.html
17:03:12     INFO - TEST-SKIP | /webgl/conformance-1.0.3/conformance/buffers/buffer-data-array-buffer-delete.html | took 0ms
17:03:12     INFO - TEST-START | /webgl/conformance-1.0.3/conformance/buffers/buffer-data-array-buffer.html
17:03:12     INFO - TEST-SKIP | /webgl/conformance-1.0.3/conformance/buffers/buffer-data-array-buffer.html | took 0ms
17:03:12     INFO - TEST-START | /webgl/conformance-1.0.3/conformance/buffers/element-array-buffer-delete-recreate.html
17:03:12     INFO - TEST-SKIP | /webgl/conformance-1.0.3/conformance/buffers/element-array-buffer-delete-recreate.html | took 0ms
17:03:12     INFO - TEST-START | /webgl/conformance-1.0.3/conformance/buffers/index-validation-copies-indices.html
17:03:12     INFO - TEST-SKIP | /webgl/conformance-1.0.3/conformance/buffers/index-validation-copies-indices.html | took 0ms
17:03:12     INFO - TEST-START | /webgl/conformance-1.0.3/conformance/buffers/index-validation-crash-with-buffer-sub-data.html
17:03:12     INFO - TEST-SKIP | /webgl/conformance-1.0.3/conformance/buffers/index-validation-crash-with-buffer-sub-data.html | took 0ms
17:03:12     INFO - TEST-START | /webgl/conformance-1.0.3/conformance/buffers/index-validation-large-buffer.html
17:03:12     INFO - TEST-SKIP | /webgl/conformance-1.0.3/conformance/buffers/index-validation-large-buffer.html | took 0ms
17:03:12     INFO - TEST-START | /webgl/conformance-1.0.3/conformance/buffers/index-validation-verifies-too-many-indices.html
17:03:12     INFO - TEST-SKIP | /webgl/conformance-1.0.3/conformance/buffers/index-validation-verifies-too-many-indices.html | took 1ms
17:03:12     INFO - TEST-START | /webgl/conformance-1.0.3/conformance/buffers/index-validation-with-resized-buffer.html
17:03:12     INFO - TEST-SKIP | /webgl/conformance-1.0.3/conformance/buffers/index-validation-with-resized-buffer.html | took 1ms
17:03:12     INFO - TEST-START | /webgl/conformance-1.0.3/conformance/buffers/index-validation.html
17:03:12     INFO - TEST-SKIP | /webgl/conformance-1.0.3/conformance/buffers/index-validation.html | took 0ms
17:03:12     INFO - TEST-START | /webgl/conformance-1.0.3/conformance/glsl/misc/attrib-location-length-limits.html
17:03:12     INFO - TEST-SKIP | /webgl/conformance-1.0.3/conformance/glsl/misc/attrib-location-length-limits.html | took 0ms
17:03:12     INFO - TEST-START | /webgl/conformance-1.0.3/conformance/glsl/misc/boolean_precision.html
17:03:12     INFO - TEST-SKIP | /webgl/conformance-1.0.3/conformance/glsl/misc/boolean_precision.html | took 0ms
17:03:12     INFO - TEST-START | /webgl/conformance-1.0.3/conformance/glsl/misc/embedded-struct-definitions-forbidden.html
17:03:12     INFO - TEST-SKIP | /webgl/conformance-1.0.3/conformance/glsl/misc/embedded-struct-definitions-forbidden.html | took 0ms
17:03:12     INFO - TEST-START | /webgl/conformance-1.0.3/conformance/glsl/misc/empty_main.vert.html
17:03:12     INFO - TEST-SKIP | /webgl/conformance-1.0.3/conformance/glsl/misc/empty_main.vert.html | took 1ms
17:03:12     INFO - TEST-START | /webgl/conformance-1.0.3/conformance/glsl/misc/expression-list-in-declarator-initializer.html
17:03:12     INFO - TEST-SKIP | /webgl/conformance-1.0.3/conformance/glsl/misc/expression-list-in-declarator-initializer.html | took 1ms
17:03:12     INFO - TEST-START | /webgl/conformance-1.0.3/conformance/glsl/misc/gl_position_unset.vert.html
17:03:12     INFO - TEST-SKIP | /webgl/conformance-1.0.3/conformance/glsl/misc/gl_position_unset.vert.html | took 1ms
17:03:12     INFO - TEST-START | /webgl/conformance-1.0.3/conformance/glsl/misc/glsl-function-nodes.html
17:03:12     INFO - TEST-SKIP | /webgl/conformance-1.0.3/conformance/glsl/misc/glsl-function-nodes.html | took 0ms
17:03:12     INFO - TEST-START | /webgl/conformance-1.0.3/conformance/glsl/misc/glsl-long-variable-names.html
17:03:12     INFO - TEST-SKIP | /webgl/conformance-1.0.3/conformance/glsl/misc/glsl-long-variable-names.html | took 1ms
17:03:12     INFO - TEST-START | /webgl/conformance-1.0.3/conformance/glsl/misc/glsl-vertex-branch.html
17:03:12     INFO - TEST-SKIP | /webgl/conformance-1.0.3/conformance/glsl/misc/glsl-vertex-branch.html | took 1ms
17:03:12     INFO - TEST-START | /webgl/conformance-1.0.3/conformance/glsl/misc/large-loop-compile.html
17:03:12     INFO - TEST-SKIP | /webgl/conformance-1.0.3/conformance/glsl/misc/large-loop-compile.html | took 1ms
17:03:12     INFO - TEST-START | /webgl/conformance-1.0.3/conformance/glsl/misc/non-ascii-comments.vert.html
17:03:12     INFO - TEST-SKIP | /webgl/conformance-1.0.3/conformance/glsl/misc/non-ascii-comments.vert.html | took 0ms
17:03:12     INFO - TEST-START | /webgl/conformance-1.0.3/conformance/glsl/misc/non-ascii.vert.html
17:03:12     INFO - TEST-SKIP | /webgl/conformance-1.0.3/conformance/glsl/misc/non-ascii.vert.html | took 0ms
17:03:12     INFO - TEST-START | /webgl/conformance-1.0.3/conformance/glsl/misc/re-compile-re-link.html
17:03:12     INFO - TEST-SKIP | /webgl/conformance-1.0.3/conformance/glsl/misc/re-compile-re-link.html | took 1ms
17:03:12     INFO - TEST-START | /webgl/conformance-1.0.3/conformance/glsl/misc/shader-precision-format-obeyed.html
17:03:12     INFO - TEST-SKIP | /webgl/conformance-1.0.3/conformance/glsl/misc/shader-precision-format-obeyed.html | took 0ms
17:03:12     INFO - TEST-START | /webgl/conformance-1.0.3/conformance/glsl/misc/shader-struct-scope.html
17:03:12     INFO - TEST-SKIP | /webgl/conformance-1.0.3/conformance/glsl/misc/shader-struct-scope.html | took 0ms
17:03:12     INFO - TEST-START | /webgl/conformance-1.0.3/conformance/glsl/misc/shader-uniform-packing-restrictions.html
17:03:12     INFO - TEST-SKIP | /webgl/conformance-1.0.3/conformance/glsl/misc/shader-uniform-packing-restrictions.html | took 1ms
17:03:12     INFO - TEST-START | /webgl/conformance-1.0.3/conformance/glsl/misc/shader-varying-packing-restrictions.html
17:03:12     INFO - TEST-SKIP | /webgl/conformance-1.0.3/conformance/glsl/misc/shader-varying-packing-restrictions.html | took 0ms
17:03:12     INFO - TEST-START | /webgl/conformance-1.0.3/conformance/glsl/misc/shader-with-256-character-define.html
17:03:12     INFO - TEST-SKIP | /webgl/conformance-1.0.3/conformance/glsl/misc/shader-with-256-character-define.html | took 0ms
17:03:12     INFO - TEST-START | /webgl/conformance-1.0.3/conformance/glsl/misc/shader-with-256-character-identifier.frag.html
17:03:12     INFO - TEST-SKIP | /webgl/conformance-1.0.3/conformance/glsl/misc/shader-with-256-character-identifier.frag.html | took 1ms
17:03:12     INFO - TEST-START | /webgl/conformance-1.0.3/conformance/glsl/misc/shader-with-257-character-define.html
17:03:12     INFO - TEST-SKIP | /webgl/conformance-1.0.3/conformance/glsl/misc/shader-with-257-character-define.html | took 1ms
17:03:12     INFO - TEST-START | /webgl/conformance-1.0.3/conformance/glsl/misc/shader-with-257-character-identifier.frag.html
17:03:12     INFO - TEST-SKIP | /webgl/conformance-1.0.3/conformance/glsl/misc/shader-with-257-character-identifier.frag.html | took 0ms
17:03:12     INFO - TEST-START | /webgl/conformance-1.0.3/conformance/glsl/misc/shader-with-_webgl-identifier.vert.html
17:03:12     INFO - TEST-SKIP | /webgl/conformance-1.0.3/conformance/glsl/misc/shader-with-_webgl-identifier.vert.html | took 0ms
17:03:12     INFO - TEST-START | /webgl/conformance-1.0.3/conformance/glsl/misc/shader-with-arbitrary-indexing.frag.html
17:03:12     INFO - TEST-SKIP | /webgl/conformance-1.0.3/conformance/glsl/misc/shader-with-arbitrary-indexing.frag.html | took 1ms
17:03:12     INFO - TEST-START | /webgl/conformance-1.0.3/conformance/glsl/misc/shader-with-arbitrary-indexing.vert.html
17:03:12     INFO - TEST-SKIP | /webgl/conformance-1.0.3/conformance/glsl/misc/shader-with-arbitrary-indexing.vert.html | took 0ms
17:03:12     INFO - TEST-START | /webgl/conformance-1.0.3/conformance/glsl/misc/shader-with-array-of-structs-containing-arrays.html
17:03:12     INFO - TEST-SKIP | /webgl/conformance-1.0.3/conformance/glsl/misc/shader-with-array-of-structs-containing-arrays.html | took 0ms
17:03:12     INFO - TEST-START | /webgl/conformance-1.0.3/conformance/glsl/misc/shader-with-array-of-structs-uniform.html
17:03:12     INFO - TEST-SKIP | /webgl/conformance-1.0.3/conformance/glsl/misc/shader-with-array-of-structs-uniform.html | took 1ms
17:03:12     INFO - TEST-START | /webgl/conformance-1.0.3/conformance/glsl/misc/shader-with-attrib-array.vert.html
17:03:12     INFO - TEST-SKIP | /webgl/conformance-1.0.3/conformance/glsl/misc/shader-with-attrib-array.vert.html | took 0ms
17:03:12     INFO - TEST-START | /webgl/conformance-1.0.3/conformance/glsl/misc/shader-with-attrib-struct.vert.html
17:03:12     INFO - TEST-SKIP | /webgl/conformance-1.0.3/conformance/glsl/misc/shader-with-attrib-struct.vert.html | took 0ms
17:03:12     INFO - TEST-START | /webgl/conformance-1.0.3/conformance/glsl/misc/shader-with-clipvertex.vert.html
17:03:12     INFO - TEST-SKIP | /webgl/conformance-1.0.3/conformance/glsl/misc/shader-with-clipvertex.vert.html | took 1ms
17:03:12     INFO - TEST-START | /webgl/conformance-1.0.3/conformance/glsl/misc/shader-with-comma-assignment.html
17:03:12     INFO - TEST-SKIP | /webgl/conformance-1.0.3/conformance/glsl/misc/shader-with-comma-assignment.html | took 0ms
17:03:12     INFO - TEST-START | /webgl/conformance-1.0.3/conformance/glsl/misc/shader-with-comma-conditional-assignment.html
17:03:12     INFO - TEST-SKIP | /webgl/conformance-1.0.3/conformance/glsl/misc/shader-with-comma-conditional-assignment.html | took 0ms
17:03:12     INFO - TEST-START | /webgl/conformance-1.0.3/conformance/glsl/misc/shader-with-conditional-scoping-negative.html
17:03:12     INFO - TEST-SKIP | /webgl/conformance-1.0.3/conformance/glsl/misc/shader-with-conditional-scoping-negative.html | took 1ms
17:03:12     INFO - TEST-START | /webgl/conformance-1.0.3/conformance/glsl/misc/shader-with-conditional-scoping.html
17:03:12     INFO - TEST-SKIP | /webgl/conformance-1.0.3/conformance/glsl/misc/shader-with-conditional-scoping.html | took 0ms
17:03:12     INFO - TEST-START | /webgl/conformance-1.0.3/conformance/glsl/misc/shader-with-default-precision.frag.html
17:03:12     INFO - TEST-SKIP | /webgl/conformance-1.0.3/conformance/glsl/misc/shader-with-default-precision.frag.html | took 0ms
17:03:12     INFO - TEST-START | /webgl/conformance-1.0.3/conformance/glsl/misc/shader-with-default-precision.vert.html
17:03:12     INFO - TEST-SKIP | /webgl/conformance-1.0.3/conformance/glsl/misc/shader-with-default-precision.vert.html | took 1ms
17:03:12     INFO - TEST-START | /webgl/conformance-1.0.3/conformance/glsl/misc/shader-with-define-line-continuation.frag.html
17:03:12     INFO - TEST-SKIP | /webgl/conformance-1.0.3/conformance/glsl/misc/shader-with-define-line-continuation.frag.html | took 0ms
17:03:12     INFO - TEST-START | /webgl/conformance-1.0.3/conformance/glsl/misc/shader-with-dfdx-no-ext.frag.html
17:03:12     INFO - TEST-SKIP | /webgl/conformance-1.0.3/conformance/glsl/misc/shader-with-dfdx-no-ext.frag.html | took 0ms
17:03:12     INFO - TEST-START | /webgl/conformance-1.0.3/conformance/glsl/misc/shader-with-dfdx.frag.html
17:03:12     INFO - TEST-SKIP | /webgl/conformance-1.0.3/conformance/glsl/misc/shader-with-dfdx.frag.html | took 1ms
17:03:12     INFO - TEST-START | /webgl/conformance-1.0.3/conformance/glsl/misc/shader-with-do-loop.html
17:03:12     INFO - TEST-SKIP | /webgl/conformance-1.0.3/conformance/glsl/misc/shader-with-do-loop.html | took 0ms
17:03:12     INFO - TEST-START | /webgl/conformance-1.0.3/conformance/glsl/misc/shader-with-error-directive.html
17:03:12     INFO - TEST-SKIP | /webgl/conformance-1.0.3/conformance/glsl/misc/shader-with-error-directive.html | took 1ms
17:03:12     INFO - TEST-START | /webgl/conformance-1.0.3/conformance/glsl/misc/shader-with-explicit-int-cast.vert.html
17:03:12     INFO - TEST-SKIP | /webgl/conformance-1.0.3/conformance/glsl/misc/shader-with-explicit-int-cast.vert.html | took 0ms
17:03:12     INFO - TEST-START | /webgl/conformance-1.0.3/conformance/glsl/misc/shader-with-float-return-value.frag.html
17:03:12     INFO - TEST-SKIP | /webgl/conformance-1.0.3/conformance/glsl/misc/shader-with-float-return-value.frag.html | took 0ms
17:03:12     INFO - TEST-START | /webgl/conformance-1.0.3/conformance/glsl/misc/shader-with-for-loop.html
17:03:12     INFO - TEST-SKIP | /webgl/conformance-1.0.3/conformance/glsl/misc/shader-with-for-loop.html | took 1ms
17:03:12     INFO - TEST-START | /webgl/conformance-1.0.3/conformance/glsl/misc/shader-with-for-scoping.html
17:03:12     INFO - TEST-SKIP | /webgl/conformance-1.0.3/conformance/glsl/misc/shader-with-for-scoping.html | took 0ms
17:03:12     INFO - TEST-START | /webgl/conformance-1.0.3/conformance/glsl/misc/shader-with-frag-depth.frag.html
17:03:12     INFO - TEST-SKIP | /webgl/conformance-1.0.3/conformance/glsl/misc/shader-with-frag-depth.frag.html | took 0ms
17:03:12     INFO - TEST-START | /webgl/conformance-1.0.3/conformance/glsl/misc/shader-with-function-recursion.frag.html
17:03:12     INFO - TEST-SKIP | /webgl/conformance-1.0.3/conformance/glsl/misc/shader-with-function-recursion.frag.html | took 1ms
17:03:12     INFO - TEST-START | /webgl/conformance-1.0.3/conformance/glsl/misc/shader-with-function-scoped-struct.html
17:03:12     INFO - TEST-SKIP | /webgl/conformance-1.0.3/conformance/glsl/misc/shader-with-function-scoped-struct.html | took 0ms
17:03:12     INFO - TEST-START | /webgl/conformance-1.0.3/conformance/glsl/misc/shader-with-functional-scoping.html
17:03:12     INFO - TEST-SKIP | /webgl/conformance-1.0.3/conformance/glsl/misc/shader-with-functional-scoping.html | took 0ms
17:03:12     INFO - TEST-START | /webgl/conformance-1.0.3/conformance/glsl/misc/shader-with-glcolor.vert.html
17:03:12     INFO - TEST-SKIP | /webgl/conformance-1.0.3/conformance/glsl/misc/shader-with-glcolor.vert.html | took 1ms
17:03:12     INFO - TEST-START | /webgl/conformance-1.0.3/conformance/glsl/misc/shader-with-gles-1.frag.html
17:03:12     INFO - TEST-SKIP | /webgl/conformance-1.0.3/conformance/glsl/misc/shader-with-gles-1.frag.html | took 0ms
17:03:12     INFO - TEST-START | /webgl/conformance-1.0.3/conformance/glsl/misc/shader-with-gles-symbol.frag.html
17:03:12     INFO - TEST-SKIP | /webgl/conformance-1.0.3/conformance/glsl/misc/shader-with-gles-symbol.frag.html | took 0ms
17:03:12     INFO - TEST-START | /webgl/conformance-1.0.3/conformance/glsl/misc/shader-with-global-variable-precision-mismatch.html
17:03:12     INFO - TEST-SKIP | /webgl/conformance-1.0.3/conformance/glsl/misc/shader-with-global-variable-precision-mismatch.html | took 1ms
17:03:12     INFO - TEST-START | /webgl/conformance-1.0.3/conformance/glsl/misc/shader-with-glprojectionmatrix.vert.html
17:03:12     INFO - TEST-SKIP | /webgl/conformance-1.0.3/conformance/glsl/misc/shader-with-glprojectionmatrix.vert.html | took 0ms
17:03:12     INFO - TEST-START | /webgl/conformance-1.0.3/conformance/glsl/misc/shader-with-hex-int-constant-macro.html
17:03:12     INFO - TEST-SKIP | /webgl/conformance-1.0.3/conformance/glsl/misc/shader-with-hex-int-constant-macro.html | took 0ms
17:03:12     INFO - TEST-START | /webgl/conformance-1.0.3/conformance/glsl/misc/shader-with-implicit-vec3-to-vec4-cast.vert.html
17:03:12     INFO - TEST-SKIP | /webgl/conformance-1.0.3/conformance/glsl/misc/shader-with-implicit-vec3-to-vec4-cast.vert.html | took 1ms
17:03:12     INFO - TEST-START | /webgl/conformance-1.0.3/conformance/glsl/misc/shader-with-include.vert.html
17:03:12     INFO - TEST-SKIP | /webgl/conformance-1.0.3/conformance/glsl/misc/shader-with-include.vert.html | took 0ms
17:03:12     INFO - TEST-START | /webgl/conformance-1.0.3/conformance/glsl/misc/shader-with-int-return-value.frag.html
17:03:12     INFO - TEST-SKIP | /webgl/conformance-1.0.3/conformance/glsl/misc/shader-with-int-return-value.frag.html | took 0ms
17:03:12     INFO - TEST-START | /webgl/conformance-1.0.3/conformance/glsl/misc/shader-with-invalid-identifier.frag.html
17:03:12     INFO - TEST-SKIP | /webgl/conformance-1.0.3/conformance/glsl/misc/shader-with-invalid-identifier.frag.html | took 1ms
17:03:12     INFO - TEST-START | /webgl/conformance-1.0.3/conformance/glsl/misc/shader-with-ivec2-return-value.frag.html
17:03:12     INFO - TEST-SKIP | /webgl/conformance-1.0.3/conformance/glsl/misc/shader-with-ivec2-return-value.frag.html | took 0ms
17:03:12     INFO - TEST-START | /webgl/conformance-1.0.3/conformance/glsl/misc/shader-with-ivec3-return-value.frag.html
17:03:12     INFO - TEST-SKIP | /webgl/conformance-1.0.3/conformance/glsl/misc/shader-with-ivec3-return-value.frag.html | took 0ms
17:03:12     INFO - TEST-START | /webgl/conformance-1.0.3/conformance/glsl/misc/shader-with-ivec4-return-value.frag.html
17:03:12     INFO - TEST-SKIP | /webgl/conformance-1.0.3/conformance/glsl/misc/shader-with-ivec4-return-value.frag.html | took 1ms
17:03:12     INFO - TEST-START | /webgl/conformance-1.0.3/conformance/glsl/misc/shader-with-limited-indexing.frag.html
17:03:12     INFO - TEST-SKIP | /webgl/conformance-1.0.3/conformance/glsl/misc/shader-with-limited-indexing.frag.html | took 0ms
17:03:12     INFO - TEST-START | /webgl/conformance-1.0.3/conformance/glsl/misc/shader-with-long-line.html
17:03:12     INFO - TEST-SKIP | /webgl/conformance-1.0.3/conformance/glsl/misc/shader-with-long-line.html | took 0ms
17:03:12     INFO - TEST-START | /webgl/conformance-1.0.3/conformance/glsl/misc/shader-with-non-ascii-error.frag.html
17:03:12     INFO - TEST-SKIP | /webgl/conformance-1.0.3/conformance/glsl/misc/shader-with-non-ascii-error.frag.html | took 1ms
17:03:12     INFO - TEST-START | /webgl/conformance-1.0.3/conformance/glsl/misc/shader-with-non-reserved-words.html
17:03:12     INFO - TEST-SKIP | /webgl/conformance-1.0.3/conformance/glsl/misc/shader-with-non-reserved-words.html | took 0ms
17:03:12     INFO - TEST-START | /webgl/conformance-1.0.3/conformance/glsl/misc/shader-with-precision.frag.html
17:03:12     INFO - TEST-SKIP | /webgl/conformance-1.0.3/conformance/glsl/misc/shader-with-precision.frag.html | took 0ms
17:03:12     INFO - TEST-START | /webgl/conformance-1.0.3/conformance/glsl/misc/shader-with-preprocessor-whitespace.html
17:03:12     INFO - TEST-SKIP | /webgl/conformance-1.0.3/conformance/glsl/misc/shader-with-preprocessor-whitespace.html | took 1ms
17:03:12     INFO - TEST-START | /webgl/conformance-1.0.3/conformance/glsl/misc/shader-with-quoted-error.frag.html
17:03:12     INFO - TEST-SKIP | /webgl/conformance-1.0.3/conformance/glsl/misc/shader-with-quoted-error.frag.html | took 0ms
17:03:12     INFO - TEST-START | /webgl/conformance-1.0.3/conformance/glsl/misc/shader-with-reserved-words.html
17:03:12     INFO - TEST-SKIP | /webgl/conformance-1.0.3/conformance/glsl/misc/shader-with-reserved-words.html | took 0ms
17:03:12     INFO - TEST-START | /webgl/conformance-1.0.3/conformance/glsl/misc/shader-with-short-circuiting-operators.html
17:03:12     INFO - TEST-SKIP | /webgl/conformance-1.0.3/conformance/glsl/misc/shader-with-short-circuiting-operators.html | took 1ms
17:03:12     INFO - TEST-START | /webgl/conformance-1.0.3/conformance/glsl/misc/shader-with-similar-uniform-array-names.html
17:03:12     INFO - TEST-SKIP | /webgl/conformance-1.0.3/conformance/glsl/misc/shader-with-similar-uniform-array-names.html | took 0ms
17:03:12     INFO - TEST-START | /webgl/conformance-1.0.3/conformance/glsl/misc/shader-with-too-many-uniforms.html
17:03:12     INFO - TEST-SKIP | /webgl/conformance-1.0.3/conformance/glsl/misc/shader-with-too-many-uniforms.html | took 0ms
17:03:12     INFO - TEST-START | /webgl/conformance-1.0.3/conformance/glsl/misc/shader-with-undefined-preprocessor-symbol.frag.html
17:03:12     INFO - TEST-SKIP | /webgl/conformance-1.0.3/conformance/glsl/misc/shader-with-undefined-preprocessor-symbol.frag.html | took 1ms
17:03:12     INFO - TEST-START | /webgl/conformance-1.0.3/conformance/glsl/misc/shader-with-uniform-in-loop-condition.vert.html
17:03:12     INFO - TEST-SKIP | /webgl/conformance-1.0.3/conformance/glsl/misc/shader-with-uniform-in-loop-condition.vert.html | took 0ms
17:03:12     INFO - TEST-START | /webgl/conformance-1.0.3/conformance/glsl/misc/shader-with-vec2-return-value.frag.html
17:03:12     INFO - TEST-SKIP | /webgl/conformance-1.0.3/conformance/glsl/misc/shader-with-vec2-return-value.frag.html | took 0ms
17:03:12     INFO - TEST-START | /webgl/conformance-1.0.3/conformance/glsl/misc/shader-with-vec3-return-value.frag.html
17:03:12     INFO - TEST-SKIP | /webgl/conformance-1.0.3/conformance/glsl/misc/shader-with-vec3-return-value.frag.html | took 1ms
17:03:12     INFO - TEST-START | /webgl/conformance-1.0.3/conformance/glsl/misc/shader-with-vec4-return-value.frag.html
17:03:12     INFO - TEST-SKIP | /webgl/conformance-1.0.3/conformance/glsl/misc/shader-with-vec4-return-value.frag.html | took 0ms
17:03:12     INFO - TEST-START | /webgl/conformance-1.0.3/conformance/glsl/misc/shader-with-vec4-vec3-vec4-conditional.html
17:03:12     INFO - TEST-SKIP | /webgl/conformance-1.0.3/conformance/glsl/misc/shader-with-vec4-vec3-vec4-conditional.html | took 0ms
17:03:12     INFO - TEST-START | /webgl/conformance-1.0.3/conformance/glsl/misc/shader-with-version-100.frag.html
17:03:12     INFO - TEST-SKIP | /webgl/conformance-1.0.3/conformance/glsl/misc/shader-with-version-100.frag.html | took 1ms
17:03:12     INFO - TEST-START | /webgl/conformance-1.0.3/conformance/glsl/misc/shader-with-version-100.vert.html
17:03:12     INFO - TEST-SKIP | /webgl/conformance-1.0.3/conformance/glsl/misc/shader-with-version-100.vert.html | took 0ms
17:03:12     INFO - TEST-START | /webgl/conformance-1.0.3/conformance/glsl/misc/shader-with-version-120.vert.html
17:03:12     INFO - TEST-SKIP | /webgl/conformance-1.0.3/conformance/glsl/misc/shader-with-version-120.vert.html | took 0ms
17:03:12     INFO - TEST-START | /webgl/conformance-1.0.3/conformance/glsl/misc/shader-with-version-130.vert.html
17:03:12     INFO - TEST-SKIP | /webgl/conformance-1.0.3/conformance/glsl/misc/shader-with-version-130.vert.html | took 1ms
17:03:12     INFO - TEST-START | /webgl/conformance-1.0.3/conformance/glsl/misc/shader-with-webgl-identifier.vert.html
17:03:12     INFO - TEST-SKIP | /webgl/conformance-1.0.3/conformance/glsl/misc/shader-with-webgl-identifier.vert.html | took 0ms
17:03:12     INFO - TEST-START | /webgl/conformance-1.0.3/conformance/glsl/misc/shader-with-while-loop.html
17:03:12     INFO - TEST-SKIP | /webgl/conformance-1.0.3/conformance/glsl/misc/shader-with-while-loop.html | took 0ms
17:03:12     INFO - TEST-START | /webgl/conformance-1.0.3/conformance/glsl/misc/shader-without-precision.frag.html
17:03:12     INFO - TEST-SKIP | /webgl/conformance-1.0.3/conformance/glsl/misc/shader-without-precision.frag.html | took 1ms
17:03:12     INFO - TEST-START | /webgl/conformance-1.0.3/conformance/glsl/misc/shaders-with-constant-expression-loop-conditions.html
17:03:12     INFO - TEST-SKIP | /webgl/conformance-1.0.3/conformance/glsl/misc/shaders-with-constant-expression-loop-conditions.html | took 0ms
17:03:12     INFO - TEST-START | /webgl/conformance-1.0.3/conformance/glsl/misc/shaders-with-invariance.html
17:03:12     INFO - TEST-SKIP | /webgl/conformance-1.0.3/conformance/glsl/misc/shaders-with-invariance.html | took 0ms
17:03:12     INFO - TEST-START | /webgl/conformance-1.0.3/conformance/glsl/misc/shaders-with-mis-matching-uniforms.html
17:03:12     INFO - TEST-SKIP | /webgl/conformance-1.0.3/conformance/glsl/misc/shaders-with-mis-matching-uniforms.html | took 1ms
17:03:12     INFO - TEST-START | /webgl/conformance-1.0.3/conformance/glsl/misc/shaders-with-mis-matching-varyings.html
17:03:12     INFO - TEST-SKIP | /webgl/conformance-1.0.3/conformance/glsl/misc/shaders-with-mis-matching-varyings.html | took 0ms
17:03:12     INFO - TEST-START | /webgl/conformance-1.0.3/conformance/glsl/misc/shaders-with-missing-varyings.html
17:03:12     INFO - TEST-SKIP | /webgl/conformance-1.0.3/conformance/glsl/misc/shaders-with-missing-varyings.html | took 1ms
17:03:12     INFO - TEST-START | /webgl/conformance-1.0.3/conformance/glsl/misc/shaders-with-name-conflicts.html
17:03:12     INFO - TEST-SKIP | /webgl/conformance-1.0.3/conformance/glsl/misc/shaders-with-name-conflicts.html | took 0ms
17:03:12     INFO - TEST-START | /webgl/conformance-1.0.3/conformance/glsl/misc/shaders-with-uniform-structs.html
17:03:12     INFO - TEST-SKIP | /webgl/conformance-1.0.3/conformance/glsl/misc/shaders-with-uniform-structs.html | took 1ms
17:03:12     INFO - TEST-START | /webgl/conformance-1.0.3/conformance/glsl/misc/shaders-with-varyings.html
17:03:12     INFO - TEST-SKIP | /webgl/conformance-1.0.3/conformance/glsl/misc/shaders-with-varyings.html | took 0ms
17:03:12     INFO - TEST-START | /webgl/conformance-1.0.3/conformance/glsl/misc/shared.html
17:03:12     INFO - TEST-SKIP | /webgl/conformance-1.0.3/conformance/glsl/misc/shared.html | took 0ms
17:03:12     INFO - TEST-START | /webgl/conformance-1.0.3/conformance/glsl/misc/struct-equals.html
17:03:12     INFO - TEST-SKIP | /webgl/conformance-1.0.3/conformance/glsl/misc/struct-equals.html | took 0ms
17:03:12     INFO - TEST-START | /webgl/conformance-1.0.3/conformance/glsl/misc/struct-mixed-array-declarators.html
17:03:12     INFO - TEST-SKIP | /webgl/conformance-1.0.3/conformance/glsl/misc/struct-mixed-array-declarators.html | took 1ms
17:03:12     INFO - TEST-START | /webgl/conformance-1.0.3/conformance/glsl/misc/struct-nesting-exceeds-maximum.html
17:03:12     INFO - TEST-SKIP | /webgl/conformance-1.0.3/conformance/glsl/misc/struct-nesting-exceeds-maximum.html | took 0ms
17:03:12     INFO - TEST-START | /webgl/conformance-1.0.3/conformance/glsl/misc/struct-nesting-of-variable-names.html
17:03:12     INFO - TEST-SKIP | /webgl/conformance-1.0.3/conformance/glsl/misc/struct-nesting-of-variable-names.html | took 0ms
17:03:12     INFO - TEST-START | /webgl/conformance-1.0.3/conformance/glsl/misc/struct-nesting-under-maximum.html
17:03:12     INFO - TEST-SKIP | /webgl/conformance-1.0.3/conformance/glsl/misc/struct-nesting-under-maximum.html | took 0ms
17:03:12     INFO - TEST-START | /webgl/conformance-1.0.3/conformance/glsl/misc/struct-specifiers-in-uniforms.html
17:03:12     INFO - TEST-SKIP | /webgl/conformance-1.0.3/conformance/glsl/misc/struct-specifiers-in-uniforms.html | took 0ms
17:03:12     INFO - TEST-START | /webgl/conformance-1.0.3/conformance/glsl/misc/struct-unary-operators.html
17:03:12     INFO - TEST-SKIP | /webgl/conformance-1.0.3/conformance/glsl/misc/struct-unary-operators.html | took 0ms
17:03:12     INFO - TEST-START | /webgl/conformance-1.0.3/conformance/glsl/misc/ternary-operators-in-global-initializers.html
17:03:12     INFO - TEST-SKIP | /webgl/conformance-1.0.3/conformance/glsl/misc/ternary-operators-in-global-initializers.html | took 0ms
17:03:12     INFO - TEST-START | /webgl/conformance-1.0.3/conformance/glsl/misc/ternary-operators-in-initializers.html
17:03:12     INFO - TEST-SKIP | /webgl/conformance-1.0.3/conformance/glsl/misc/ternary-operators-in-initializers.html | took 1ms
17:03:12     INFO - TEST-START | /webgl/conformance-1.0.3/conformance/glsl/misc/uniform-location-length-limits.html
17:03:12     INFO - TEST-SKIP | /webgl/conformance-1.0.3/conformance/glsl/misc/uniform-location-length-limits.html | took 0ms
17:03:12     INFO - TEST-START | /webgl/conformance-1.0.3/conformance/glsl/samplers/glsl-function-texture2d-bias.html
17:03:12     INFO - TEST-SKIP | /webgl/conformance-1.0.3/conformance/glsl/samplers/glsl-function-texture2d-bias.html | took 0ms
17:03:12     INFO - TEST-START | /webgl/conformance-1.0.3/conformance/glsl/samplers/glsl-function-texture2dlod.html
17:03:12     INFO - TEST-SKIP | /webgl/conformance-1.0.3/conformance/glsl/samplers/glsl-function-texture2dlod.html | took 0ms
17:03:12     INFO - TEST-START | /webgl/conformance-1.0.3/conformance/glsl/samplers/glsl-function-texture2dproj.html
17:03:12     INFO - TEST-SKIP | /webgl/conformance-1.0.3/conformance/glsl/samplers/glsl-function-texture2dproj.html | took 0ms
17:03:12     INFO - TEST-START | /webgl/conformance-1.0.3/conformance/glsl/samplers/glsl-function-texture2dprojlod.html
17:03:12     INFO - TEST-SKIP | /webgl/conformance-1.0.3/conformance/glsl/samplers/glsl-function-texture2dprojlod.html | took 0ms
17:03:12     INFO - TEST-START | /webgl/conformance-1.0.3/conformance/more/conformance/constants.html
17:03:12     INFO - TEST-SKIP | /webgl/conformance-1.0.3/conformance/more/conformance/constants.html | took 0ms
17:03:12     INFO - TEST-START | /webgl/conformance-1.0.3/conformance/more/conformance/getContext.html
17:03:12     INFO - TEST-SKIP | /webgl/conformance-1.0.3/conformance/more/conformance/getContext.html | took 1ms
17:03:12     INFO - TEST-START | /webgl/conformance-1.0.3/conformance/more/conformance/methods.html
17:03:12     INFO - TEST-SKIP | /webgl/conformance-1.0.3/conformance/more/conformance/methods.html | took 0ms
17:03:12     INFO - TEST-START | /webgl/conformance-1.0.3/conformance/more/conformance/quickCheckAPI-A.html
17:03:12     INFO - TEST-SKIP | /webgl/conformance-1.0.3/conformance/more/conformance/quickCheckAPI-A.html | took 0ms
17:03:12     INFO - TEST-START | /webgl/conformance-1.0.3/conformance/more/conformance/quickCheckAPI-B1.html
17:03:12     INFO - TEST-SKIP | /webgl/conformance-1.0.3/conformance/more/conformance/quickCheckAPI-B1.html | took 0ms
17:03:12     INFO - TEST-START | /webgl/conformance-1.0.3/conformance/more/conformance/quickCheckAPI-B2.html
17:03:12     INFO - TEST-SKIP | /webgl/conformance-1.0.3/conformance/more/conformance/quickCheckAPI-B2.html | took 1ms
17:03:12     INFO - TEST-START | /webgl/conformance-1.0.3/conformance/more/conformance/quickCheckAPI-B3.html
17:03:12     INFO - TEST-SKIP | /webgl/conformance-1.0.3/conformance/more/conformance/quickCheckAPI-B3.html | took 0ms
17:03:12     INFO - TEST-START | /webgl/conformance-1.0.3/conformance/more/conformance/quickCheckAPI-B4.html
17:03:12     INFO - TEST-SKIP | /webgl/conformance-1.0.3/conformance/more/conformance/quickCheckAPI-B4.html | took 1ms
17:03:12     INFO - TEST-START | /webgl/conformance-1.0.3/conformance/more/conformance/quickCheckAPI-C.html
17:03:12     INFO - TEST-SKIP | /webgl/conformance-1.0.3/conformance/more/conformance/quickCheckAPI-C.html | took 0ms
17:03:12     INFO - TEST-START | /webgl/conformance-1.0.3/conformance/more/conformance/quickCheckAPI-D_G.html
17:03:12     INFO - TEST-SKIP | /webgl/conformance-1.0.3/conformance/more/conformance/quickCheckAPI-D_G.html | took 1ms
17:03:12     INFO - TEST-START | /webgl/conformance-1.0.3/conformance/more/conformance/quickCheckAPI-G_I.html
17:03:12     INFO - TEST-SKIP | /webgl/conformance-1.0.3/conformance/more/conformance/quickCheckAPI-G_I.html | took 0ms
17:03:12     INFO - TEST-START | /webgl/conformance-1.0.3/conformance/more/conformance/quickCheckAPI-L_S.html
17:03:12     INFO - TEST-SKIP | /webgl/conformance-1.0.3/conformance/more/conformance/quickCheckAPI-L_S.html | took 0ms
17:03:12     INFO - TEST-START | /webgl/conformance-1.0.3/conformance/more/conformance/quickCheckAPI-S_V.html
17:03:12     INFO - TEST-SKIP | /webgl/conformance-1.0.3/conformance/more/conformance/quickCheckAPI-S_V.html | took 0ms
17:03:12     INFO - TEST-START | /webgl/conformance-1.0.3/conformance/more/conformance/webGLArrays.html
17:03:12     INFO - TEST-SKIP | /webgl/conformance-1.0.3/conformance/more/conformance/webGLArrays.html | took 0ms
17:03:12     INFO - TEST-START | /webgl/conformance-1.0.3/conformance/more/glsl/arrayOutOfBounds.html
17:03:12     INFO - TEST-SKIP | /webgl/conformance-1.0.3/conformance/more/glsl/arrayOutOfBounds.html | took 0ms
17:03:12     INFO - TEST-START | /webgl/conformance-1.0.3/conformance/more/glsl/uniformOutOfBounds.html
17:03:12     INFO - TEST-SKIP | /webgl/conformance-1.0.3/conformance/more/glsl/uniformOutOfBounds.html | took 0ms
17:03:12     INFO - TEST-START | /webgl/conformance-1.0.3/conformance/ogles/GL/ceil/ceil_001_to_006.html
17:03:12     INFO - TEST-SKIP | /webgl/conformance-1.0.3/conformance/ogles/GL/ceil/ceil_001_to_006.html | took 1ms
17:03:12     INFO - TEST-START | /webgl/conformance-1.0.3/conformance/ogles/GL/cos/cos_001_to_006.html
17:03:12     INFO - TEST-SKIP | /webgl/conformance-1.0.3/conformance/ogles/GL/cos/cos_001_to_006.html | took 0ms
17:03:12     INFO - TEST-START | /webgl/conformance-1.0.3/conformance/ogles/GL/default/default_001_to_001.html
17:03:12     INFO - TEST-SKIP | /webgl/conformance-1.0.3/conformance/ogles/GL/default/default_001_to_001.html | took 1ms
17:03:12     INFO - TEST-START | /webgl/conformance-1.0.3/conformance/ogles/GL/degrees/degrees_001_to_006.html
17:03:12     INFO - TEST-SKIP | /webgl/conformance-1.0.3/conformance/ogles/GL/degrees/degrees_001_to_006.html | took 0ms
17:03:12     INFO - TEST-START | /webgl/conformance-1.0.3/conformance/ogles/GL/dot/dot_001_to_006.html
17:03:12     INFO - TEST-SKIP | /webgl/conformance-1.0.3/conformance/ogles/GL/dot/dot_001_to_006.html | took 1ms
17:03:12     INFO - TEST-START | /webgl/conformance-1.0.3/conformance/ogles/GL/gl_FragCoord/gl_FragCoord_001_to_003.html
17:03:12     INFO - TEST-SKIP | /webgl/conformance-1.0.3/conformance/ogles/GL/gl_FragCoord/gl_FragCoord_001_to_003.html | took 0ms
17:03:12     INFO - TEST-START | /webgl/conformance-1.0.3/conformance/ogles/GL/gl_FrontFacing/gl_FrontFacing_001_to_001.html
17:03:12     INFO - TEST-SKIP | /webgl/conformance-1.0.3/conformance/ogles/GL/gl_FrontFacing/gl_FrontFacing_001_to_001.html | took 0ms
17:03:12     INFO - TEST-START | /webgl/conformance-1.0.3/conformance/ogles/GL/greaterThan/greaterThan_001_to_008.html
17:03:12     INFO - TEST-SKIP | /webgl/conformance-1.0.3/conformance/ogles/GL/greaterThan/greaterThan_001_to_008.html | took 0ms
17:03:12     INFO - TEST-START | /webgl/conformance-1.0.3/conformance/ogles/GL/mat/mat_001_to_008.html
17:03:12     INFO - TEST-SKIP | /webgl/conformance-1.0.3/conformance/ogles/GL/mat/mat_001_to_008.html | took 0ms
17:03:12     INFO - TEST-START | /webgl/conformance-1.0.3/conformance/ogles/GL/mat/mat_009_to_016.html
17:03:12     INFO - TEST-SKIP | /webgl/conformance-1.0.3/conformance/ogles/GL/mat/mat_009_to_016.html | took 0ms
17:03:12     INFO - TEST-START | /webgl/conformance-1.0.3/conformance/ogles/GL/mat/mat_017_to_024.html
17:03:12     INFO - TEST-SKIP | /webgl/conformance-1.0.3/conformance/ogles/GL/mat/mat_017_to_024.html | took 0ms
17:03:12     INFO - TEST-START | /webgl/conformance-1.0.3/conformance/ogles/GL/mat/mat_025_to_032.html
17:03:12     INFO - TEST-SKIP | /webgl/conformance-1.0.3/conformance/ogles/GL/mat/mat_025_to_032.html | took 0ms
17:03:12     INFO - TEST-START | /webgl/conformance-1.0.3/conformance/ogles/GL/mat/mat_033_to_040.html
17:03:12     INFO - TEST-SKIP | /webgl/conformance-1.0.3/conformance/ogles/GL/mat/mat_033_to_040.html | took 0ms
17:03:12     INFO - TEST-START | /webgl/conformance-1.0.3/conformance/ogles/GL/mat/mat_041_to_046.html
17:03:12     INFO - TEST-SKIP | /webgl/conformance-1.0.3/conformance/ogles/GL/mat/mat_041_to_046.html | took 1ms
17:03:12     INFO - TEST-START | /webgl/conformance-1.0.3/conformance/ogles/GL/normalize/normalize_001_to_006.html
17:03:12     INFO - TEST-SKIP | /webgl/conformance-1.0.3/conformance/ogles/GL/normalize/normalize_001_to_006.html | took 0ms
17:03:12     INFO - TEST-START | /webgl/conformance-1.0.3/conformance/ogles/GL/not/not_001_to_004.html
17:03:12     INFO - TEST-SKIP | /webgl/conformance-1.0.3/conformance/ogles/GL/not/not_001_to_004.html | took 1ms
17:03:12     INFO - TEST-START | /webgl/conformance-1.0.3/conformance/ogles/GL/operators/operators_001_to_008.html
17:03:12     INFO - TEST-SKIP | /webgl/conformance-1.0.3/conformance/ogles/GL/operators/operators_001_to_008.html | took 0ms
17:03:12     INFO - TEST-START | /webgl/conformance-1.0.3/conformance/ogles/GL/operators/operators_009_to_016.html
17:03:12     INFO - TEST-SKIP | /webgl/conformance-1.0.3/conformance/ogles/GL/operators/operators_009_to_016.html | took 1ms
17:03:12     INFO - TEST-START | /webgl/conformance-1.0.3/conformance/ogles/GL/operators/operators_017_to_024.html
17:03:12     INFO - TEST-SKIP | /webgl/conformance-1.0.3/conformance/ogles/GL/operators/operators_017_to_024.html | took 0ms
17:03:12     INFO - TEST-START | /webgl/conformance-1.0.3/conformance/ogles/GL/operators/operators_025_to_026.html
17:03:12     INFO - TEST-SKIP | /webgl/conformance-1.0.3/conformance/ogles/GL/operators/operators_025_to_026.html | took 0ms
17:03:12     INFO - TEST-START | /webgl/conformance-1.0.3/conformance/ogles/GL/pow/pow_001_to_008.html
17:03:12     INFO - TEST-SKIP | /webgl/conformance-1.0.3/conformance/ogles/GL/pow/pow_001_to_008.html | took 0ms
17:03:12     INFO - TEST-START | /webgl/conformance-1.0.3/conformance/ogles/GL/pow/pow_009_to_016.html
17:03:12     INFO - TEST-SKIP | /webgl/conformance-1.0.3/conformance/ogles/GL/pow/pow_009_to_016.html | took 0ms
17:03:12     INFO - TEST-START | /webgl/conformance-1.0.3/conformance/ogles/GL/pow/pow_017_to_024.html
17:03:12     INFO - TEST-SKIP | /webgl/conformance-1.0.3/conformance/ogles/GL/pow/pow_017_to_024.html | took 0ms
17:03:12     INFO - TEST-START | /webgl/conformance-1.0.3/conformance/ogles/GL/sin/sin_001_to_006.html
17:03:12     INFO - TEST-SKIP | /webgl/conformance-1.0.3/conformance/ogles/GL/sin/sin_001_to_006.html | took 0ms
17:03:12     INFO - TEST-START | /webgl/conformance-1.0.3/conformance/ogles/GL/sqrt/sqrt_001_to_006.html
17:03:12     INFO - TEST-SKIP | /webgl/conformance-1.0.3/conformance/ogles/GL/sqrt/sqrt_001_to_006.html | took 0ms
17:03:12     INFO - TEST-START | /webgl/conformance-1.0.3/conformance/typedarrays/array-buffer-crash.html
17:03:12     INFO - TEST-SKIP | /webgl/conformance-1.0.3/conformance/typedarrays/array-buffer-crash.html | took 0ms
17:03:12     INFO - TEST-START | /webgl/conformance-1.0.3/conformance/typedarrays/array-buffer-view-crash.html
17:03:12     INFO - TEST-SKIP | /webgl/conformance-1.0.3/conformance/typedarrays/array-buffer-view-crash.html | took 1ms
17:03:12     INFO - TEST-START | /webgl/conformance-1.0.3/conformance/typedarrays/array-large-array-tests.html
17:03:12     INFO - TEST-SKIP | /webgl/conformance-1.0.3/conformance/typedarrays/array-large-array-tests.html | took 0ms
17:03:12     INFO - TEST-START | /webgl/conformance-1.0.3/conformance/typedarrays/array-unit-tests.html
17:03:12     INFO - TEST-SKIP | /webgl/conformance-1.0.3/conformance/typedarrays/array-unit-tests.html | took 1ms
17:03:12     INFO - TEST-START | /webgl/conformance-1.0.3/conformance/typedarrays/data-view-crash.html
17:03:12     INFO - TEST-SKIP | /webgl/conformance-1.0.3/conformance/typedarrays/data-view-crash.html | took 0ms
17:03:12     INFO - TEST-START | /webgl/conformance-1.0.3/conformance/typedarrays/data-view-test.html
17:03:12     INFO - TEST-SKIP | /webgl/conformance-1.0.3/conformance/typedarrays/data-view-test.html | took 1ms
17:03:12     INFO - TEST-START | /webgl/conformance-1.0.3/conformance/typedarrays/typed-arrays-in-workers.html
17:03:12     INFO - TEST-SKIP | /webgl/conformance-1.0.3/conformance/typedarrays/typed-arrays-in-workers.html | took 0ms
17:03:12     INFO - TEST-START | /websockets/interfaces/WebSocket/events/001.html
17:03:12     INFO - TEST-SKIP | /websockets/interfaces/WebSocket/events/001.html | took 1ms
17:03:12     INFO - TEST-START | /websockets/interfaces/WebSocket/events/001.html?wss
17:03:12     INFO - TEST-SKIP | /websockets/interfaces/WebSocket/events/001.html?wss | took 0ms
17:03:12     INFO - TEST-START | /websockets/interfaces/WebSocket/events/002.html?wss
17:03:12     INFO - TEST-SKIP | /websockets/interfaces/WebSocket/events/002.html?wss | took 0ms
17:03:12     INFO - TEST-START | /websockets/interfaces/WebSocket/events/002.html
17:03:12     INFO - TEST-SKIP | /websockets/interfaces/WebSocket/events/002.html | took 0ms
17:03:12     INFO - TEST-START | /websockets/interfaces/WebSocket/events/003.html?wss
17:03:12     INFO - TEST-SKIP | /websockets/interfaces/WebSocket/events/003.html?wss | took 1ms
17:03:12     INFO - TEST-START | /websockets/interfaces/WebSocket/events/003.html
17:03:12     INFO - TEST-SKIP | /websockets/interfaces/WebSocket/events/003.html | took 0ms
17:03:12     INFO - TEST-START | /websockets/interfaces/WebSocket/events/004.html?wss
17:03:12     INFO - TEST-SKIP | /websockets/interfaces/WebSocket/events/004.html?wss | took 1ms
17:03:12     INFO - TEST-START | /websockets/interfaces/WebSocket/events/004.html
17:03:12     INFO - TEST-SKIP | /websockets/interfaces/WebSocket/events/004.html | took 0ms
17:03:12     INFO - TEST-START | /websockets/interfaces/WebSocket/events/006.html
17:03:12     INFO - TEST-SKIP | /websockets/interfaces/WebSocket/events/006.html | took 1ms
17:03:12     INFO - TEST-START | /websockets/interfaces/WebSocket/events/006.html?wss
17:03:12     INFO - TEST-SKIP | /websockets/interfaces/WebSocket/events/006.html?wss | took 0ms
17:03:12     INFO - TEST-START | /websockets/interfaces/WebSocket/events/007.html
17:03:12     INFO - TEST-SKIP | /websockets/interfaces/WebSocket/events/007.html | took 1ms
17:03:12     INFO - TEST-START | /websockets/interfaces/WebSocket/events/007.html?wss
17:03:12     INFO - TEST-SKIP | /websockets/interfaces/WebSocket/events/007.html?wss | took 0ms
17:03:12     INFO - TEST-START | /websockets/interfaces/WebSocket/events/008.html
17:03:12     INFO - TEST-SKIP | /websockets/interfaces/WebSocket/events/008.html | took 1ms
17:03:12     INFO - TEST-START | /websockets/interfaces/WebSocket/events/008.html?wss
17:03:12     INFO - TEST-SKIP | /websockets/interfaces/WebSocket/events/008.html?wss | took 0ms
17:03:12     INFO - TEST-START | /websockets/interfaces/WebSocket/events/009.html
17:03:12     INFO - TEST-SKIP | /websockets/interfaces/WebSocket/events/009.html | took 1ms
17:03:12     INFO - TEST-START | /websockets/interfaces/WebSocket/events/009.html?wss
17:03:12     INFO - TEST-SKIP | /websockets/interfaces/WebSocket/events/009.html?wss | took 0ms
17:03:12     INFO - TEST-START | /websockets/interfaces/WebSocket/events/010.html?wss
17:03:12     INFO - TEST-SKIP | /websockets/interfaces/WebSocket/events/010.html?wss | took 0ms
17:03:12     INFO - TEST-START | /websockets/interfaces/WebSocket/events/010.html
17:03:12     INFO - TEST-SKIP | /websockets/interfaces/WebSocket/events/010.html | took 0ms
17:03:12     INFO - TEST-START | /websockets/interfaces/WebSocket/events/011.html?wss
17:03:12     INFO - TEST-SKIP | /websockets/interfaces/WebSocket/events/011.html?wss | took 0ms
17:03:12     INFO - TEST-START | /websockets/interfaces/WebSocket/events/011.html
17:03:12     INFO - TEST-SKIP | /websockets/interfaces/WebSocket/events/011.html | took 0ms
17:03:12     INFO - TEST-START | /websockets/interfaces/WebSocket/events/012.html
17:03:12     INFO - TEST-SKIP | /websockets/interfaces/WebSocket/events/012.html | took 0ms
17:03:12     INFO - TEST-START | /websockets/interfaces/WebSocket/events/012.html?wss
17:03:12     INFO - TEST-SKIP | /websockets/interfaces/WebSocket/events/012.html?wss | took 0ms
17:03:12     INFO - TEST-START | /websockets/interfaces/WebSocket/events/013.html
17:03:12     INFO - TEST-SKIP | /websockets/interfaces/WebSocket/events/013.html | took 0ms
17:03:12     INFO - TEST-START | /websockets/interfaces/WebSocket/events/013.html?wss
17:03:12     INFO - TEST-SKIP | /websockets/interfaces/WebSocket/events/013.html?wss | took 1ms
17:03:12     INFO - TEST-START | /websockets/interfaces/WebSocket/events/014.html
17:03:12     INFO - TEST-SKIP | /websockets/interfaces/WebSocket/events/014.html | took 0ms
17:03:12     INFO - TEST-START | /websockets/interfaces/WebSocket/events/014.html?wss
17:03:12     INFO - TEST-SKIP | /websockets/interfaces/WebSocket/events/014.html?wss | took 1ms
17:03:12     INFO - TEST-START | /websockets/interfaces/WebSocket/events/015.html
17:03:12     INFO - TEST-SKIP | /websockets/interfaces/WebSocket/events/015.html | took 0ms
17:03:12     INFO - TEST-START | /websockets/interfaces/WebSocket/events/015.html?wss
17:03:12     INFO - TEST-SKIP | /websockets/interfaces/WebSocket/events/015.html?wss | took 1ms
17:03:12     INFO - TEST-START | /websockets/interfaces/WebSocket/events/016.html
17:03:12     INFO - TEST-SKIP | /websockets/interfaces/WebSocket/events/016.html | took 0ms
17:03:12     INFO - TEST-START | /websockets/interfaces/WebSocket/events/016.html?wss
17:03:12     INFO - TEST-SKIP | /websockets/interfaces/WebSocket/events/016.html?wss | took 0ms
17:03:12     INFO - TEST-START | /websockets/interfaces/WebSocket/events/017.html?wss
17:03:12     INFO - TEST-SKIP | /websockets/interfaces/WebSocket/events/017.html?wss | took 0ms
17:03:12     INFO - TEST-START | /websockets/interfaces/WebSocket/events/017.html
17:03:12     INFO - TEST-SKIP | /websockets/interfaces/WebSocket/events/017.html | took 0ms
17:03:12     INFO - TEST-START | /websockets/interfaces/WebSocket/events/018.html?wss
17:03:12     INFO - TEST-SKIP | /websockets/interfaces/WebSocket/events/018.html?wss | took 0ms
17:03:12     INFO - TEST-START | /websockets/interfaces/WebSocket/events/018.html
17:03:12     INFO - TEST-SKIP | /websockets/interfaces/WebSocket/events/018.html | took 0ms
17:03:12     INFO - TEST-START | /websockets/interfaces/WebSocket/events/019.html?wss
17:03:12     INFO - TEST-SKIP | /websockets/interfaces/WebSocket/events/019.html?wss | took 0ms
17:03:12     INFO - TEST-START | /websockets/interfaces/WebSocket/events/019.html
17:03:12     INFO - TEST-SKIP | /websockets/interfaces/WebSocket/events/019.html | took 0ms
17:03:12     INFO - TEST-START | /websockets/interfaces/WebSocket/events/020.html?wss
17:03:12     INFO - TEST-SKIP | /websockets/interfaces/WebSocket/events/020.html?wss | took 1ms
17:03:12     INFO - TEST-START | /websockets/interfaces/WebSocket/events/020.html
17:03:12     INFO - TEST-SKIP | /websockets/interfaces/WebSocket/events/020.html | took 0ms
17:03:12     INFO - TEST-START | /websockets/interfaces/WebSocket/send/001.html
17:03:12     INFO - TEST-SKIP | /websockets/interfaces/WebSocket/send/001.html | took 1ms
17:03:12     INFO - TEST-START | /websockets/interfaces/WebSocket/send/001.html?wss
17:03:12     INFO - TEST-SKIP | /websockets/interfaces/WebSocket/send/001.html?wss | took 0ms
17:03:12     INFO - TEST-START | /websockets/interfaces/WebSocket/send/002.html
17:03:12     INFO - TEST-SKIP | /websockets/interfaces/WebSocket/send/002.html | took 1ms
17:03:12     INFO - TEST-START | /websockets/interfaces/WebSocket/send/002.html?wss
17:03:12     INFO - TEST-SKIP | /websockets/interfaces/WebSocket/send/002.html?wss | took 0ms
17:03:12     INFO - TEST-START | /websockets/interfaces/WebSocket/send/003.html?wss
17:03:12     INFO - TEST-SKIP | /websockets/interfaces/WebSocket/send/003.html?wss | took 1ms
17:03:12     INFO - TEST-START | /websockets/interfaces/WebSocket/send/003.html
17:03:12     INFO - TEST-SKIP | /websockets/interfaces/WebSocket/send/003.html | took 0ms
17:03:12     INFO - TEST-START | /websockets/interfaces/WebSocket/send/004.html?wss
17:03:12     INFO - TEST-SKIP | /websockets/interfaces/WebSocket/send/004.html?wss | took 1ms
17:03:12     INFO - TEST-START | /websockets/interfaces/WebSocket/send/004.html
17:03:12     INFO - TEST-SKIP | /websockets/interfaces/WebSocket/send/004.html | took 0ms
17:03:12     INFO - TEST-START | /websockets/interfaces/WebSocket/send/005.html?wss
17:03:12     INFO - TEST-SKIP | /websockets/interfaces/WebSocket/send/005.html?wss | took 1ms
17:03:12     INFO - TEST-START | /websockets/interfaces/WebSocket/send/005.html
17:03:12     INFO - TEST-SKIP | /websockets/interfaces/WebSocket/send/005.html | took 0ms
17:03:12     INFO - TEST-START | /websockets/interfaces/WebSocket/send/006.html
17:03:12     INFO - TEST-SKIP | /websockets/interfaces/WebSocket/send/006.html | took 0ms
17:03:12     INFO - TEST-START | /websockets/interfaces/WebSocket/send/006.html?wss
17:03:12     INFO - TEST-SKIP | /websockets/interfaces/WebSocket/send/006.html?wss | took 0ms
17:03:12     INFO - TEST-START | /websockets/interfaces/WebSocket/send/007.html
17:03:12     INFO - TEST-SKIP | /websockets/interfaces/WebSocket/send/007.html | took 0ms
17:03:12     INFO - TEST-START | /websockets/interfaces/WebSocket/send/007.html?wss
17:03:12     INFO - TEST-SKIP | /websockets/interfaces/WebSocket/send/007.html?wss | took 0ms
17:03:12     INFO - TEST-START | /websockets/interfaces/WebSocket/send/008.html?wss
17:03:12     INFO - TEST-SKIP | /websockets/interfaces/WebSocket/send/008.html?wss | took 0ms
17:03:12     INFO - TEST-START | /websockets/interfaces/WebSocket/send/008.html
17:03:12     INFO - TEST-SKIP | /websockets/interfaces/WebSocket/send/008.html | took 1ms
17:03:12     INFO - TEST-START | /websockets/interfaces/WebSocket/send/009.html
17:03:12     INFO - TEST-SKIP | /websockets/interfaces/WebSocket/send/009.html | took 0ms
17:03:12     INFO - TEST-START | /websockets/interfaces/WebSocket/send/009.html?wss
17:03:12     INFO - TEST-SKIP | /websockets/interfaces/WebSocket/send/009.html?wss | took 1ms
17:03:12     INFO - TEST-START | /websockets/interfaces/WebSocket/send/010.html
17:03:12     INFO - TEST-SKIP | /websockets/interfaces/WebSocket/send/010.html | took 0ms
17:03:12     INFO - TEST-START | /websockets/interfaces/WebSocket/send/010.html?wss
17:03:12     INFO - TEST-SKIP | /websockets/interfaces/WebSocket/send/010.html?wss | took 1ms
17:03:12     INFO - TEST-START | /websockets/interfaces/WebSocket/send/011.html
17:03:12     INFO - TEST-SKIP | /websockets/interfaces/WebSocket/send/011.html | took 0ms
17:03:12     INFO - TEST-START | /websockets/interfaces/WebSocket/send/011.html?wss
17:03:12     INFO - TEST-SKIP | /websockets/interfaces/WebSocket/send/011.html?wss | took 0ms
17:03:12     INFO - TEST-START | /websockets/interfaces/WebSocket/send/012.html?wss
17:03:12     INFO - TEST-SKIP | /websockets/interfaces/WebSocket/send/012.html?wss | took 0ms
17:03:12     INFO - TEST-START | /websockets/interfaces/WebSocket/send/012.html
17:03:12     INFO - TEST-SKIP | /websockets/interfaces/WebSocket/send/012.html | took 0ms
17:03:12     INFO - TEST-START | /workers/semantics/structured-clone/dedicated.html
17:03:12     INFO - TEST-SKIP | /workers/semantics/structured-clone/dedicated.html | took 0ms
17:03:12     INFO - TEST-START | /workers/semantics/structured-clone/shared.html
17:03:12     INFO - TEST-SKIP | /workers/semantics/structured-clone/shared.html | took 0ms
17:03:12     INFO - Setting up ssl
17:03:13     INFO - PROCESS | certutil | 
17:03:13     INFO - PROCESS | certutil | 
17:03:13     INFO - PROCESS | certutil | 
17:03:13     INFO - Certificate Nickname                                         Trust Attributes
17:03:13     INFO -                                                              SSL,S/MIME,JAR/XPI
17:03:13     INFO - 
17:03:13     INFO - web-platform-tests                                           CT,, 
17:03:13     INFO - 
17:03:13     INFO - Application command: C:\slave\test\build\application\firefox\firefox.exe -marionette about:blank -profile c:\users\cltbld~1.t-w\appdata\local\temp\tmps1wiat.mozrunner
17:03:13     INFO - Starting runner
17:03:15     INFO - PROCESS | 3556 | 1528502595540	Marionette	INFO	Listening on port 2828

command interrupted, attempting to kill

command interrupted, attempting to kill
program finished with exit code 1
elapsedTime=231.148000
The web-page 'stop build' button was pressed by 'rvandermeulen@mozilla.com': Cancelled via self-serve
The web-page 'stop build' button was pressed by 'rvandermeulen@mozilla.com': Cancelled via self-serve
========= master_lag: 0.13 =========
========= Finished 'c:/mozilla-build/python27/python -u ...' interrupted (results: 4, elapsed: 3 mins, 51 secs) (at 2018-06-08 17:03:17.922938) =========

========= Started set props: build_url (results: 0, elapsed: 0 secs) (at 2018-06-08 17:03:17.928553) =========
'cmd' '/C' 'for' '%f' 'in' '(*)' 'do' '@type' '%f'
 in dir C:\slave\test\properties (timeout 1200 secs)
 watching logfiles {}
 argv: ['cmd', '/C', 'for', '%f', 'in', '(*)', 'do', '@type', '%f']
 environment:
  ALLUSERSPROFILE=C:\ProgramData
  APPDATA=C:\Users\cltbld.T-W864-IX-029\AppData\Roaming
  COMMONPROGRAMFILES=C:\Program Files (x86)\Common Files
  COMMONPROGRAMFILES(X86)=C:\Program Files (x86)\Common Files
  COMMONPROGRAMW6432=C:\Program Files\Common Files
  COMPUTERNAME=T-W864-IX-029
  COMSPEC=C:\windows\system32\cmd.exe
  DCLOCATION=SCL3
  DNSSUFFIX=wintest.releng.scl3.mozilla.com
  FP_NO_HOST_CHECK=NO
  HOMEDRIVE=C:
  HOMEPATH=\Users\cltbld.T-W864-IX-029
  KTS_HOME=C:\Program Files\KTS
  KTS_VERSION=1.19c
  LOCALAPPDATA=C:\Users\cltbld.T-W864-IX-029\AppData\Local
  LOGONSERVER=\\T-W864-IX-029
  MONDIR=C:\Monitor_config\
  MOZBUILDDIR=C:\mozilla-build\
  NUMBER_OF_PROCESSORS=8
  OS=Windows_NT
  OURDRIVE=C:
  PATH=C:\Program Files (x86)\NVIDIA Corporation\PhysX\Common;C:\windows\system32;C:\windows;C:\windows\System32\Wbem;C:\windows\System32\WindowsPowerShell\v1.0\;C:\mozilla-build\python27;C:\mozilla-build\python27\Scripts;C:\mozilla-build\msys\bin;C:\mozilla-build\vim\vim72;C:\mozilla-build\wget;C:\mozilla-build\info-zip;C:\CoreUtils\bin;C:\mozilla-build\buildbotve\scripts;C:\mozilla-build\hg
  PATHEXT=.COM;.EXE;.BAT;.CMD;.VBS;.VBE;.JS;.JSE;.WSF;.WSH;.MSC
  PROCESSOR_ARCHITECTURE=x86
  PROCESSOR_ARCHITEW6432=AMD64
  PROCESSOR_IDENTIFIER=Intel64 Family 6 Model 30 Stepping 5, GenuineIntel
  PROCESSOR_LEVEL=6
  PROCESSOR_REVISION=1e05
  PROGRAMDATA=C:\ProgramData
  PROGRAMFILES=C:\Program Files (x86)
  PROGRAMFILES(X86)=C:\Program Files (x86)
  PROGRAMW6432=C:\Program Files
  PROMPT=$P$G
  PSMODULEPATH=C:\windows\system32\WindowsPowerShell\v1.0\Modules\
  PUBLIC=C:\Users\Public
  PWD=C:\slave\test\properties
  RUNLOGFILE=C:\slave\\runslave.log
  SLAVEDIR=C:\slave\
  SYSTEMDRIVE=C:
  SYSTEMROOT=C:\windows
  TEMP=C:\Users\CLTBLD~1.T-W\AppData\Local\Temp
  TEST1=testie
  TMP=C:\Users\CLTBLD~1.T-W\AppData\Local\Temp
  USERDOMAIN=T-W864-IX-029
  USERDOMAIN_ROAMINGPROFILE=T-W864-IX-029
  USERNAME=cltbld
  USERPROFILE=C:\Users\cltbld.T-W864-IX-029
  WINDIR=C:\windows
 using PTY: False
build_url:https://queue.taskcluster.net/v1/task/VAgbWLphTjmdh4hh8yTyVw/artifacts/public/build/firefox-52.8.2.en-US.win64.zip
program finished with exit code 0
elapsedTime=0.101000
build_url: 'https://queue.taskcluster.net/v1/task/VAgbWLphTjmdh4hh8yTyVw/artifacts/public/build/firefox-52.8.2.en-US.win64.zip'
========= master_lag: 0.01 =========
========= Finished set props: build_url (results: 0, elapsed: 0 secs) (at 2018-06-08 17:03:18.040576) =========

========= Started 'rm -f ...' (results: 0, elapsed: 0 secs) (at 2018-06-08 17:03:18.040929) =========
'rm' '-f' 'oauth.txt'
 in dir C:\slave\test\. (timeout 1200 secs)
 watching logfiles {}
 argv: ['rm', '-f', 'oauth.txt']
 environment:
  ALLUSERSPROFILE=C:\ProgramData
  APPDATA=C:\Users\cltbld.T-W864-IX-029\AppData\Roaming
  COMMONPROGRAMFILES=C:\Program Files (x86)\Common Files
  COMMONPROGRAMFILES(X86)=C:\Program Files (x86)\Common Files
  COMMONPROGRAMW6432=C:\Program Files\Common Files
  COMPUTERNAME=T-W864-IX-029
  COMSPEC=C:\windows\system32\cmd.exe
  DCLOCATION=SCL3
  DNSSUFFIX=wintest.releng.scl3.mozilla.com
  FP_NO_HOST_CHECK=NO
  HOMEDRIVE=C:
  HOMEPATH=\Users\cltbld.T-W864-IX-029
  KTS_HOME=C:\Program Files\KTS
  KTS_VERSION=1.19c
  LOCALAPPDATA=C:\Users\cltbld.T-W864-IX-029\AppData\Local
  LOGONSERVER=\\T-W864-IX-029
  MONDIR=C:\Monitor_config\
  MOZBUILDDIR=C:\mozilla-build\
  NUMBER_OF_PROCESSORS=8
  OS=Windows_NT
  OURDRIVE=C:
  PATH=C:\Program Files (x86)\NVIDIA Corporation\PhysX\Common;C:\windows\system32;C:\windows;C:\windows\System32\Wbem;C:\windows\System32\WindowsPowerShell\v1.0\;C:\mozilla-build\python27;C:\mozilla-build\python27\Scripts;C:\mozilla-build\msys\bin;C:\mozilla-build\vim\vim72;C:\mozilla-build\wget;C:\mozilla-build\info-zip;C:\CoreUtils\bin;C:\mozilla-build\buildbotve\scripts;C:\mozilla-build\hg
  PATHEXT=.COM;.EXE;.BAT;.CMD;.VBS;.VBE;.JS;.JSE;.WSF;.WSH;.MSC
  PROCESSOR_ARCHITECTURE=x86
  PROCESSOR_ARCHITEW6432=AMD64
  PROCESSOR_IDENTIFIER=Intel64 Family 6 Model 30 Stepping 5, GenuineIntel
  PROCESSOR_LEVEL=6
  PROCESSOR_REVISION=1e05
  PROGRAMDATA=C:\ProgramData
  PROGRAMFILES=C:\Program Files (x86)
  PROGRAMFILES(X86)=C:\Program Files (x86)
  PROGRAMW6432=C:\Program Files
  PROMPT=$P$G
  PSMODULEPATH=C:\windows\system32\WindowsPowerShell\v1.0\Modules\
  PUBLIC=C:\Users\Public
  PWD=C:\slave\test
  RUNLOGFILE=C:\slave\\runslave.log
  SLAVEDIR=C:\slave\
  SYSTEMDRIVE=C:
  SYSTEMROOT=C:\windows
  TEMP=C:\Users\CLTBLD~1.T-W\AppData\Local\Temp
  TEST1=testie
  TMP=C:\Users\CLTBLD~1.T-W\AppData\Local\Temp
  USERDOMAIN=T-W864-IX-029
  USERDOMAIN_ROAMINGPROFILE=T-W864-IX-029
  USERNAME=cltbld
  USERPROFILE=C:\Users\cltbld.T-W864-IX-029
  WINDIR=C:\windows
 using PTY: False
program finished with exit code 0
elapsedTime=0.102000
========= master_lag: 0.01 =========
========= Finished 'rm -f ...' (results: 0, elapsed: 0 secs) (at 2018-06-08 17:03:18.151351) =========

========= Started reboot slave lost (results: 0, elapsed: 0 secs) (at 2018-06-08 17:03:18.151667) =========

========= Finished reboot slave lost (results: 0, elapsed: 0 secs) (at 2018-06-08 17:03:18.468284) =========

========= Total master_lag: 0.27 =========

