builder: mozilla-esr52_ubuntu64_vm_test_pgo-mochitest-devtools-chrome-5
slave: tst-linux64-spot-012
starttime: 1528501962.62
results: cancelled (6)
buildid: 20180608150819
builduid: b298b373e93d4f8dbf92436c9ed838a2
revision: cbfdf01aac455e0591471201c96b89dee98190b5

========= Started set props: master (results: 0, elapsed: 0 secs) (at 2018-06-08 16:52:42.619547) =========
master: http://buildbot-master52.bb.releng.use1.mozilla.com:8201/
========= Finished set props: master (results: 0, elapsed: 0 secs) (at 2018-06-08 16:52:42.619958) =========

========= Started downloading to buildprops.json (results: 0, elapsed: 0 secs) (at 2018-06-08 16:52:42.620254) =========
========= Finished downloading to buildprops.json (results: 0, elapsed: 0 secs) (at 2018-06-08 16:52:42.774546) =========

========= Started 'bash -c ...' (results: 0, elapsed: 0 secs) (at 2018-06-08 16:52:42.774838) =========
bash -c 'wget -Oarchiver_client.py --no-check-certificate --tries=10 --waitretry=3 https://hg.mozilla.org/build/tools/raw-file/default/buildfarm/utils/archiver_client.py'
 in dir /builds/slave/test/. (timeout 1200 secs)
 watching logfiles {}
 argv: ['bash', '-c', 'wget -Oarchiver_client.py --no-check-certificate --tries=10 --waitretry=3 https://hg.mozilla.org/build/tools/raw-file/default/buildfarm/utils/archiver_client.py']
 environment:
  HOME=/home/cltbld
  LANG=en_US.UTF-8
  LOGNAME=cltbld
  MAIL=/var/mail/cltbld
  NODE_PATH=/usr/lib/nodejs:/usr/lib/node_modules:/usr/share/javascript
  PATH=/usr/local/bin:/usr/local/bin:/usr/bin:/bin:/usr/local/games:/usr/games
  PWD=/builds/slave/test
  SHELL=/bin/bash
  SHLVL=1
  TERM=linux
  TMOUT=86400
  USER=cltbld
  XDG_SESSION_COOKIE=9ca12473fbb1d023794ffd180000023c-1528501959.94107-1795216115
  _=/tools/buildbot/bin/python
 using PTY: False
--2018-06-08 16:52:42--  https://hg.mozilla.org/build/tools/raw-file/default/buildfarm/utils/archiver_client.py
Resolving hg.mozilla.org (hg.mozilla.org)... 63.245.215.102, 63.245.215.25
Connecting to hg.mozilla.org (hg.mozilla.org)|63.245.215.102|:443... connected.
HTTP request sent, awaiting response... 200 Script output follows
Length: 12179 (12K) [text/x-python]
Saving to: `archiver_client.py'

     0K .......... .                                          100%  173K=0.07s

2018-06-08 16:52:43 (173 KB/s) - `archiver_client.py' saved [12179/12179]

program finished with exit code 0
elapsedTime=0.649750
========= master_lag: 0.01 =========
========= Finished 'bash -c ...' (results: 0, elapsed: 0 secs) (at 2018-06-08 16:52:43.437997) =========

========= Started 'rm -rf ...' (results: 0, elapsed: 0 secs) (at 2018-06-08 16:52:43.438314) =========
rm -rf scripts properties
 in dir /builds/slave/test/. (timeout 1200 secs)
 watching logfiles {}
 argv: ['rm', '-rf', 'scripts', 'properties']
 environment:
  HOME=/home/cltbld
  LANG=en_US.UTF-8
  LOGNAME=cltbld
  MAIL=/var/mail/cltbld
  NODE_PATH=/usr/lib/nodejs:/usr/lib/node_modules:/usr/share/javascript
  PATH=/usr/local/bin:/usr/local/bin:/usr/bin:/bin:/usr/local/games:/usr/games
  PWD=/builds/slave/test
  SHELL=/bin/bash
  SHLVL=1
  TERM=linux
  TMOUT=86400
  USER=cltbld
  XDG_SESSION_COOKIE=9ca12473fbb1d023794ffd180000023c-1528501959.94107-1795216115
  _=/tools/buildbot/bin/python
 using PTY: False
program finished with exit code 0
elapsedTime=0.018272
========= master_lag: 0.04 =========
========= Finished 'rm -rf ...' (results: 0, elapsed: 0 secs) (at 2018-06-08 16:52:43.498941) =========

========= Started 'bash -c ...' (results: 0, elapsed: 2 secs) (at 2018-06-08 16:52:43.499262) =========
bash -c 'python archiver_client.py mozharness --repo releases/mozilla-esr52 --rev cbfdf01aac455e0591471201c96b89dee98190b5 --destination scripts --debug'
 in dir /builds/slave/test/. (timeout 1200 secs)
 watching logfiles {}
 argv: ['bash', '-c', u'python archiver_client.py mozharness --repo releases/mozilla-esr52 --rev cbfdf01aac455e0591471201c96b89dee98190b5 --destination scripts --debug']
 environment:
  HOME=/home/cltbld
  LANG=en_US.UTF-8
  LOGNAME=cltbld
  MAIL=/var/mail/cltbld
  NODE_PATH=/usr/lib/nodejs:/usr/lib/node_modules:/usr/share/javascript
  PATH=/usr/local/bin:/usr/local/bin:/usr/bin:/bin:/usr/local/games:/usr/games
  PWD=/builds/slave/test
  SHELL=/bin/bash
  SHLVL=1
  TERM=linux
  TMOUT=86400
  USER=cltbld
  XDG_SESSION_COOKIE=9ca12473fbb1d023794ffd180000023c-1528501959.94107-1795216115
  _=/tools/buildbot/bin/python
 using PTY: False
2018-06-08 16:52:43,606 truncating revision to first 12 chars
2018-06-08 16:52:43,607 Setting DEBUG logging.
2018-06-08 16:52:43,607 attempt 1/10
2018-06-08 16:52:43,607 Getting archive location from https://api.pub.build.mozilla.org/archiver/hgmo/releases/mozilla-esr52/cbfdf01aac45?&preferred_region=us-west-2&suffix=tar.gz&subdir=testing/mozharness
2018-06-08 16:52:45,449 unpacking tar archive at: mozilla-esr52-cbfdf01aac45/testing/mozharness/
program finished with exit code 0
elapsedTime=2.927604
========= master_lag: 0.01 =========
========= Finished 'bash -c ...' (results: 0, elapsed: 2 secs) (at 2018-06-08 16:52:46.438735) =========

========= Started set props: script_repo_revision (results: 0, elapsed: 0 secs) (at 2018-06-08 16:52:46.439079) =========
script_repo_revision: cbfdf01aac455e0591471201c96b89dee98190b5
========= Finished set props: script_repo_revision (results: 0, elapsed: 0 secs) (at 2018-06-08 16:52:46.439472) =========

========= Started downloading to oauth.txt (results: 0, elapsed: 0 secs) (at 2018-06-08 16:52:46.439752) =========
========= Finished downloading to oauth.txt (results: 0, elapsed: 0 secs) (at 2018-06-08 16:52:46.449755) =========

========= Started '/tools/buildbot/bin/python scripts/scripts/desktop_unittest.py ...' interrupted (results: 4, elapsed: 9 mins, 13 secs) (at 2018-06-08 16:52:46.450050) =========
/tools/buildbot/bin/python scripts/scripts/desktop_unittest.py --cfg unittests/linux_unittest.py --mochitest-suite mochitest-devtools-chrome-chunked --total-chunks 8 --this-chunk 5 --blob-upload-branch mozilla-esr52 --download-symbols ondemand
 in dir /builds/slave/test/. (timeout 1800 secs) (maxTime 4800 secs)
 watching logfiles {}
 argv: ['/tools/buildbot/bin/python', 'scripts/scripts/desktop_unittest.py', '--cfg', 'unittests/linux_unittest.py', '--mochitest-suite', 'mochitest-devtools-chrome-chunked', '--total-chunks', '8', '--this-chunk', '5', '--blob-upload-branch', 'mozilla-esr52', '--download-symbols', 'ondemand']
 environment:
  CCACHE_DIR=/builds/ccache
  CCACHE_UMASK=002
  DISPLAY=:0
  HOME=/home/cltbld
  LANG=en_US.UTF-8
  LOGNAME=cltbld
  MAIL=/var/mail/cltbld
  MOZ_HIDE_RESULTS_TABLE=1
  MOZ_NODE_PATH=/usr/bin/node
  MOZ_NO_REMOTE=1
  NODE_PATH=/usr/lib/nodejs:/usr/lib/node_modules:/usr/share/javascript
  NO_FAIL_ON_TEST_ERRORS=1
  PATH=/usr/local/bin:/usr/local/bin:/usr/bin:/bin:/usr/local/games:/usr/games
  PROPERTIES_FILE=/builds/slave/test/buildprops.json
  PWD=/builds/slave/test
  SHELL=/bin/bash
  SHLVL=1
  TERM=linux
  TMOUT=86400
  USER=cltbld
  XDG_SESSION_COOKIE=9ca12473fbb1d023794ffd180000023c-1528501959.94107-1795216115
  _=/tools/buildbot/bin/python
 using PTY: False
16:52:46     INFO - MultiFileLogger online at 20180608 16:52:46 in /builds/slave/test
16:52:46     INFO - Run as scripts/scripts/desktop_unittest.py --cfg unittests/linux_unittest.py --mochitest-suite mochitest-devtools-chrome-chunked --total-chunks 8 --this-chunk 5 --blob-upload-branch mozilla-esr52 --download-symbols ondemand
16:52:46     INFO - Dumping config to /builds/slave/test/logs/localconfig.json.
16:52:46     INFO - {'all_cppunittest_suites': {'cppunittest': {'tests': ('tests/cppunittest',)}},
16:52:46     INFO -  'all_gtest_suites': {'gtest': ()},
16:52:46     INFO -  'all_jittest_suites': {'jittest': (),
16:52:46     INFO -                         'jittest-chunked': (),
16:52:46     INFO -                         'jittest1': ('--total-chunks=2', '--this-chunk=1'),
16:52:46     INFO -                         'jittest2': ('--total-chunks=2', '--this-chunk=2')},
16:52:46     INFO -  'all_mochitest_suites': {'a11y': ('--flavor=a11y',),
16:52:46     INFO -                           'browser-chrome': ('--flavor=browser',),
16:52:46     INFO -                           'browser-chrome-addons': ('--flavor=browser',
16:52:46     INFO -                                                     '--chunk-by-runtime',
16:52:46     INFO -                                                     '--tag=addons'),
16:52:46     INFO -                           'browser-chrome-chunked': ('--flavor=browser',
16:52:46     INFO -                                                      '--chunk-by-runtime'),
16:52:46     INFO -                           'browser-chrome-clipboard': ('--flavor=browser',
16:52:46     INFO -                                                        '--subsuite=clipboard'),
16:52:46     INFO -                           'browser-chrome-coverage': ('--flavor=browser',
16:52:46     INFO -                                                       '--chunk-by-runtime',
16:52:46     INFO -                                                       '--timeout=1200'),
16:52:46     INFO -                           'browser-chrome-gpu': ('--flavor=browser',
16:52:46     INFO -                                                  '--subsuite=gpu'),
16:52:46     INFO -                           'browser-chrome-screenshots': ('--flavor=browser',
16:52:46     INFO -                                                          '--subsuite=screenshots'),
16:52:46     INFO -                           'chrome': ('--flavor=chrome',),
16:52:46     INFO -                           'chrome-chunked': ('--flavor=chrome',
16:52:46     INFO -                                              '--chunk-by-dir=4'),
16:52:46     INFO -                           'chrome-clipboard': ('--flavor=chrome',
16:52:46     INFO -                                                '--subsuite=clipboard'),
16:52:46     INFO -                           'chrome-gpu': ('--flavor=chrome', '--subsuite=gpu'),
16:52:46     INFO -                           'jetpack-addon': ('--flavor=jetpack-addon',),
16:52:46     INFO -                           'jetpack-package': ('--flavor=jetpack-package',),
16:52:46     INFO -                           'jetpack-package-clipboard': ('--flavor=jetpack-package',
16:52:46     INFO -                                                         '--subsuite=clipboard'),
16:52:46     INFO -                           'mochitest-devtools-chrome': ('--flavor=browser',
16:52:46     INFO -                                                         '--subsuite=devtools'),
16:52:46     INFO -                           'mochitest-devtools-chrome-chunked': ('--flavor=browser',
16:52:46     INFO -                                                                 '--subsuite=devtools',
16:52:46     INFO -                                                                 '--chunk-by-runtime'),
16:52:46     INFO -                           'mochitest-devtools-chrome-coverage': ('--flavor=browser',
16:52:46     INFO -                                                                  '--subsuite=devtools',
16:52:46     INFO -                                                                  '--chunk-by-runtime',
16:52:46     INFO -                                                                  '--timeout=1200'),
16:52:46     INFO -                           'mochitest-gl': ('--subsuite=webgl',),
16:52:46     INFO -                           'mochitest-media': ('--subsuite=media',),
16:52:46     INFO -                           'plain': (),
16:52:46     INFO -                           'plain-chunked': ('--chunk-by-dir=4',),
16:52:46     INFO -                           'plain-clipboard': ('--subsuite=clipboard',),
16:52:46     INFO -                           'plain-gpu': ('--subsuite=gpu',),
16:52:46     INFO -                           'valgrind-plain': ('--valgrind=/usr/bin/valgrind',
16:52:46     INFO -                                              '--valgrind-supp-files=/builds/slave/test/build/tests/mochitest/x86_64-redhat-linux-gnu.sup,/builds/slave/test/build/tests/mochitest/cross-architecture.sup',
16:52:46     INFO -                                              '--timeout=900',
16:52:46     INFO -                                              '--max-timeouts=50')},
16:52:46     INFO -  'all_mozbase_suites': {'mozbase': ()},
16:52:46     INFO -  'all_reftest_suites': {'crashtest': {'options': ('--suite=crashtest',),
16:52:46     INFO -                                       'tests': ('tests/reftest/tests/testing/crashtest/crashtests.list',)},
16:52:46     INFO -                         'jsreftest': {'options': ('--extra-profile-file=tests/jsreftest/tests/user.js',
16:52:46     INFO -                                                   '--suite=jstestbrowser'),
16:52:46     INFO -                                       'tests': ('tests/jsreftest/tests/jstests.list',)},
16:52:46     INFO -                         'reftest': {'options': ('--suite=reftest',),
16:52:46     INFO -                                     'tests': ('tests/reftest/tests/layout/reftests/reftest.list',)},
16:52:46     INFO -                         'reftest-no-accel': {'options': ('--suite=reftest',
16:52:46     INFO -                                                          '--setpref=layers.acceleration.force-enabled=disabled'),
16:52:46     INFO -                                              'tests': ('tests/reftest/tests/layout/reftests/reftest.list',)}},
16:52:46     INFO -  'all_xpcshell_suites': {'xpcshell': {'options': ('--xpcshell=%(abs_app_dir)s/xpcshell',
16:52:46     INFO -                                                   '--manifest=tests/xpcshell/tests/xpcshell.ini'),
16:52:46     INFO -                                       'tests': ()},
16:52:46     INFO -                          'xpcshell-addons': {'options': ('--xpcshell=%(abs_app_dir)s/xpcshell',
16:52:46     INFO -                                                          '--tag=addons',
16:52:46     INFO -                                                          '--manifest=tests/xpcshell/tests/xpcshell.ini'),
16:52:46     INFO -                                              'tests': ()},
16:52:46     INFO -                          'xpcshell-coverage': {'options': ('--xpcshell=%(abs_app_dir)s/xpcshell',
16:52:46     INFO -                                                            '--manifest=tests/xpcshell/tests/xpcshell.ini'),
16:52:46     INFO -                                                'tests': ()}},
16:52:46     INFO -  'allow_software_gl_layers': False,
16:52:46     INFO -  'append_to_log': False,
16:52:46     INFO -  'base_work_dir': '/builds/slave/test',
16:52:46     INFO -  'binary_path': '/builds/slave/test/build/application/firefox/firefox-bin',
16:52:46     INFO -  'blob_upload_branch': 'mozilla-esr52',
16:52:46     INFO -  'blob_uploader_auth_file': '/builds/slave/test/oauth.txt',
16:52:46     INFO -  'buildbot_json_path': 'buildprops.json',
16:52:46     INFO -  'buildbot_max_log_size': 52428800,
16:52:46     INFO -  'code_coverage': False,
16:52:46     INFO -  'config_files': ('unittests/linux_unittest.py',),
16:52:46     INFO -  'default_blob_upload_servers': ('https://blobupload.elasticbeanstalk.com',),
16:52:46     INFO -  'download_minidump_stackwalk': True,
16:52:46     INFO -  'download_nodejs': True,
16:52:46     INFO -  'download_symbols': 'ondemand',
16:52:46     INFO -  'e10s': False,
16:52:46     INFO -  'exe_suffix': '',
16:52:46     INFO -  'exes': {'python': '/tools/buildbot/bin/python',
16:52:46     INFO -           'tooltool.py': '/tools/tooltool.py',
16:52:46     INFO -           'virtualenv': ('/tools/buildbot/bin/python',
16:52:46     INFO -                          '/tools/misc-python/virtualenv.py')},
16:52:46     INFO -  'find_links': ('http://pypi.pvt.build.mozilla.org/pub',
16:52:46     INFO -                 'http://pypi.pub.build.mozilla.org/pub'),
16:52:46     INFO -  'installer_path': '/builds/slave/test/build/installer.tar.bz2',
16:52:46     INFO -  'log_level': 'info',
16:52:46     INFO -  'log_to_console': True,
16:52:46     INFO -  'minidump_save_path': '%(abs_work_dir)s/../minidumps',
16:52:46     INFO -  'minidump_stackwalk_path': 'linux64-minidump_stackwalk',
16:52:46     INFO -  'minidump_tooltool_manifest_path': 'config/tooltool-manifests/linux64/releng.manifest',
16:52:46     INFO -  'minimum_tests_zip_dirs': ('bin/*',
16:52:46     INFO -                             'certs/*',
16:52:46     INFO -                             'config/*',
16:52:46     INFO -                             'mach',
16:52:46     INFO -                             'marionette/*',
16:52:46     INFO -                             'modules/*',
16:52:46     INFO -                             'mozbase/*',
16:52:46     INFO -                             'tools/*'),
16:52:46     INFO -  'no_random': False,
16:52:46     INFO -  'nodejs_path': 'node-linux-x64/bin/node',
16:52:46     INFO -  'nodejs_tooltool_manifest_path': 'config/tooltool-manifests/linux64/nodejs.manifest',
16:52:46     INFO -  'opt_config_files': (),
16:52:46     INFO -  'pip_index': False,
16:52:46     INFO -  'preflight_run_cmd_suites': ({'architectures': ('32bit', '64bit'),
16:52:46     INFO -                                'cmd': ('xset', 's', 'off', 's', 'reset'),
16:52:46     INFO -                                'enabled': True,
16:52:46     INFO -                                'halt_on_failure': False,
16:52:46     INFO -                                'name': 'disable_screen_saver'},
16:52:46     INFO -                               {'architectures': ('32bit',),
16:52:46     INFO -                                'cmd': ('python',
16:52:46     INFO -                                        '../scripts/external_tools/mouse_and_screen_resolution.py',
16:52:46     INFO -                                        '--configuration-file',
16:52:46     INFO -                                        '../scripts/external_tools/machine-configuration.json'),
16:52:46     INFO -                                'enabled': False,
16:52:46     INFO -                                'halt_on_failure': True,
16:52:46     INFO -                                'name': 'run mouse & screen adjustment script'}),
16:52:46     INFO -  'require_test_zip': True,
16:52:46     INFO -  'run_all_suites': False,
16:52:46     INFO -  'run_cmd_checks_enabled': True,
16:52:46     INFO -  'run_file_names': {'cppunittest': 'runcppunittests.py',
16:52:46     INFO -                     'gtest': 'rungtests.py',
16:52:46     INFO -                     'jittest': 'jit_test.py',
16:52:46     INFO -                     'mochitest': 'runtests.py',
16:52:46     INFO -                     'mozbase': 'test.py',
16:52:46     INFO -                     'mozmill': 'runtestlist.py',
16:52:46     INFO -                     'reftest': 'runreftest.py',
16:52:46     INFO -                     'xpcshell': 'runxpcshelltests.py'},
16:52:46     INFO -  'specific_tests_zip_dirs': {'cppunittest': ('cppunittest/*',),
16:52:46     INFO -                              'gtest': ('gtest/*',),
16:52:46     INFO -                              'jittest': ('jit-test/*',),
16:52:46     INFO -                              'mochitest': ('mochitest/*',),
16:52:46     INFO -                              'mozbase': ('mozbase/*',),
16:52:46     INFO -                              'mozmill': ('mozmill/*',),
16:52:46     INFO -                              'reftest': ('reftest/*', 'jsreftest/*'),
16:52:46     INFO -                              'xpcshell': ('xpcshell/*',)},
16:52:46     INFO -  'specified_mochitest_suites': ('mochitest-devtools-chrome-chunked',),
16:52:46     INFO -  'strict_content_sandbox': False,
16:52:46     INFO -  'suite_definitions': {'cppunittest': {'options': ('--symbols-path=%(symbols_path)s',
16:52:46     INFO -                                                    '--xre-path=%(abs_app_dir)s'),
16:52:46     INFO -                                        'run_filename': 'runcppunittests.py',
16:52:46     INFO -                                        'testsdir': 'cppunittest'},
16:52:46     INFO -                        'gtest': {'options': ('--xre-path=%(abs_res_dir)s',
16:52:46     INFO -                                              '--cwd=%(gtest_dir)s',
16:52:46     INFO -                                              '--symbols-path=%(symbols_path)s',
16:52:46     INFO -                                              '--utility-path=tests/bin',
16:52:46     INFO -                                              '%(binary_path)s'),
16:52:46     INFO -                                  'run_filename': 'rungtests.py'},
16:52:46     INFO -                        'jittest': {'options': ('tests/bin/js',
16:52:46     INFO -                                                '--no-slow',
16:52:46     INFO -                                                '--no-progress',
16:52:46     INFO -                                                '--format=automation',
16:52:46     INFO -                                                '--jitflags=all',
16:52:46     INFO -                                                '--timeout=970'),
16:52:46     INFO -                                    'run_filename': 'jit_test.py',
16:52:46     INFO -                                    'run_timeout': 1000,
16:52:46     INFO -                                    'testsdir': 'jit-test/jit-test'},
16:52:46     INFO -                        'mochitest': {'options': ('--appname=%(binary_path)s',
16:52:46     INFO -                                                  '--utility-path=tests/bin',
16:52:46     INFO -                                                  '--extra-profile-file=tests/bin/plugins',
16:52:46     INFO -                                                  '--symbols-path=%(symbols_path)s',
16:52:46     INFO -                                                  '--certificate-path=tests/certs',
16:52:46     INFO -                                                  '--setpref=webgl.force-enabled=true',
16:52:46     INFO -                                                  '--quiet',
16:52:46     INFO -                                                  '--log-raw=%(raw_log_file)s',
16:52:46     INFO -                                                  '--log-errorsummary=%(error_summary_file)s',
16:52:46     INFO -                                                  '--use-test-media-devices',
16:52:46     INFO -                                                  '--screenshot-on-fail',
16:52:46     INFO -                                                  '--cleanup-crashes',
16:52:46     INFO -                                                  '--marionette-startup-timeout=180'),
16:52:46     INFO -                                      'run_filename': 'runtests.py',
16:52:46     INFO -                                      'testsdir': 'mochitest'},
16:52:46     INFO -                        'mozbase': {'options': ('-b', '%(binary_path)s'),
16:52:46     INFO -                                    'run_filename': 'test.py',
16:52:46     INFO -                                    'testsdir': 'mozbase'},
16:52:46     INFO -                        'mozmill': {'options': ('--binary=%(binary_path)s',
16:52:46     INFO -                                                '--testing-modules-dir=test/modules',
16:52:46     INFO -                                                '--plugins-path=%(test_plugin_path)s',
16:52:46     INFO -                                                '--symbols-path=%(symbols_path)s'),
16:52:46     INFO -                                    'run_filename': 'runtestlist.py',
16:52:46     INFO -                                    'testsdir': 'mozmill'},
16:52:46     INFO -                        'reftest': {'options': ('--appname=%(binary_path)s',
16:52:46     INFO -                                                '--utility-path=tests/bin',
16:52:46     INFO -                                                '--extra-profile-file=tests/bin/plugins',
16:52:46     INFO -                                                '--symbols-path=%(symbols_path)s',
16:52:46     INFO -                                                '--log-raw=%(raw_log_file)s',
16:52:46     INFO -                                                '--log-errorsummary=%(error_summary_file)s',
16:52:46     INFO -                                                '--cleanup-crashes'),
16:52:46     INFO -                                    'run_filename': 'runreftest.py',
16:52:46     INFO -                                    'testsdir': 'reftest'},
16:52:46     INFO -                        'xpcshell': {'options': ('--symbols-path=%(symbols_path)s',
16:52:46     INFO -                                                 '--test-plugin-path=%(test_plugin_path)s',
16:52:46     INFO -                                                 '--log-raw=%(raw_log_file)s',
16:52:46     INFO -                                                 '--log-errorsummary=%(error_summary_file)s',
16:52:46     INFO -                                                 '--utility-path=tests/bin'),
16:52:46     INFO -                                     'run_filename': 'runxpcshelltests.py',
16:52:46     INFO -                                     'testsdir': 'xpcshell'}},
16:52:46     INFO -  'this_chunk': '5',
16:52:46     INFO -  'tooltool_cache': '/builds/tooltool_cache',
16:52:46     INFO -  'total_chunks': '8',
16:52:46     INFO -  'unstructured_flavors': {'cppunittest': (),
16:52:46     INFO -                           'gtest': (),
16:52:46     INFO -                           'jittest': (),
16:52:46     INFO -                           'mochitest': ('jetpack',),
16:52:46     INFO -                           'mozbase': (),
16:52:46     INFO -                           'mozmill': (),
16:52:46     INFO -                           'xpcshell': ()},
16:52:46     INFO -  'vcs_output_timeout': 1000,
16:52:46     INFO -  'virtualenv_path': 'venv',
16:52:46     INFO -  'volatile_config': {'actions': None, 'add_actions': None, 'no_actions': None},
16:52:46     INFO -  'work_dir': 'build',
16:52:46     INFO -  'xpcshell_name': 'xpcshell'}
16:52:46     INFO - [mozharness: 2018-06-08 23:52:46.848624Z] Running clobber step.
16:52:46     INFO - Running pre-action listener: _resource_record_pre_action
16:52:46     INFO - Running main action method: clobber
16:52:46     INFO - rmtree: /builds/slave/test/build
16:52:46     INFO - Running post-action listener: _resource_record_post_action
16:52:46     INFO - [mozharness: 2018-06-08 23:52:46.862489Z] Finished clobber step (success)
16:52:46     INFO - [mozharness: 2018-06-08 23:52:46.862887Z] Running read-buildbot-config step.
16:52:46     INFO - Running pre-action listener: _resource_record_pre_action
16:52:46     INFO - Running main action method: read_buildbot_config
16:52:46     INFO - Using buildbot properties:
16:52:46     INFO - {
16:52:46     INFO -     "project": "", 
16:52:46     INFO -     "product": "firefox", 
16:52:46     INFO -     "script_repo_revision": "production", 
16:52:46     INFO -     "scheduler": "tests-mozilla-esr52-ubuntu64_vm-pgo-unittest", 
16:52:46     INFO -     "repository": "", 
16:52:46     INFO -     "buildername": "Ubuntu VM 12.04 x64 mozilla-esr52 pgo test mochitest-devtools-chrome-5", 
16:52:46     INFO -     "buildid": "20180608150819", 
16:52:46     INFO -     "pgo_build": "True", 
16:52:46     INFO -     "basedir": "/builds/slave/test", 
16:52:46     INFO -     "buildnumber": 48, 
16:52:46     INFO -     "slavename": "tst-linux64-spot-012", 
16:52:46     INFO -     "master": "http://buildbot-master52.bb.releng.use1.mozilla.com:8201/", 
16:52:46     INFO -     "platform": "linux64", 
16:52:46     INFO -     "branch": "mozilla-esr52", 
16:52:46     INFO -     "revision": "cbfdf01aac455e0591471201c96b89dee98190b5", 
16:52:46     INFO -     "repo_path": "releases/mozilla-esr52", 
16:52:46     INFO -     "moz_repo_path": "", 
16:52:46     INFO -     "stage_platform": "linux64-pgo", 
16:52:46     INFO -     "builduid": "b298b373e93d4f8dbf92436c9ed838a2", 
16:52:46     INFO -     "slavebuilddir": "test"
16:52:46     INFO - }
16:52:46     INFO - Found installer url https://queue.taskcluster.net/v1/task/I1iAdq48Sa60c5BCPWswkg/artifacts/public/build/firefox-52.8.2.en-US.linux-x86_64.tar.bz2.
16:52:46     INFO - Found a test packages url https://queue.taskcluster.net/v1/task/I1iAdq48Sa60c5BCPWswkg/artifacts/public/build/firefox-52.8.2.en-US.linux-x86_64.test_packages.json.
16:52:46     INFO - Running post-action listener: _resource_record_post_action
16:52:46     INFO - [mozharness: 2018-06-08 23:52:46.872991Z] Finished read-buildbot-config step (success)
16:52:46     INFO - [mozharness: 2018-06-08 23:52:46.873335Z] Running download-and-extract step.
16:52:46     INFO - Running pre-action listener: _pre_download_and_extract
16:52:46  WARNING - Try message not found.
16:52:46     INFO - Running pre-action listener: _resource_record_pre_action
16:52:46     INFO - Running main action method: download_and_extract
16:52:46     INFO - mkdir: /builds/slave/test/build/tests
16:52:46     INFO - Downloading https://queue.taskcluster.net/v1/task/I1iAdq48Sa60c5BCPWswkg/artifacts/public/build/firefox-52.8.2.en-US.linux-x86_64.test_packages.json to /builds/slave/test/build/firefox-52.8.2.en-US.linux-x86_64.test_packages.json
16:52:46     INFO - retry: Calling _download_file with args: (), kwargs: {'url': 'https://queue.taskcluster.net/v1/task/I1iAdq48Sa60c5BCPWswkg/artifacts/public/build/firefox-52.8.2.en-US.linux-x86_64.test_packages.json', 'file_name': '/builds/slave/test/build/firefox-52.8.2.en-US.linux-x86_64.test_packages.json'}, attempt #1
16:52:48     INFO - Downloaded 1361 bytes.
16:52:48     INFO - Reading from file /builds/slave/test/build/firefox-52.8.2.en-US.linux-x86_64.test_packages.json
16:52:48     INFO - Using the following test package requirements:
16:52:48     INFO - {u'common': [u'firefox-52.8.2.en-US.linux-x86_64.common.tests.zip'],
16:52:48     INFO -  u'cppunittest': [u'firefox-52.8.2.en-US.linux-x86_64.common.tests.zip',
16:52:48     INFO -                   u'firefox-52.8.2.en-US.linux-x86_64.cppunittest.tests.zip'],
16:52:48     INFO -  u'gtest': [u'firefox-52.8.2.en-US.linux-x86_64.common.tests.zip',
16:52:48     INFO -             u'firefox-52.8.2.en-US.linux-x86_64.gtest.tests.zip'],
16:52:48     INFO -  u'jittest': [u'firefox-52.8.2.en-US.linux-x86_64.common.tests.zip',
16:52:48     INFO -               u'jsshell-linux-x86_64.zip'],
16:52:48     INFO -  u'mochitest': [u'firefox-52.8.2.en-US.linux-x86_64.common.tests.zip',
16:52:48     INFO -                 u'firefox-52.8.2.en-US.linux-x86_64.mochitest.tests.zip'],
16:52:48     INFO -  u'mozbase': [u'firefox-52.8.2.en-US.linux-x86_64.common.tests.zip'],
16:52:48     INFO -  u'reftest': [u'firefox-52.8.2.en-US.linux-x86_64.common.tests.zip',
16:52:48     INFO -               u'firefox-52.8.2.en-US.linux-x86_64.reftest.tests.zip'],
16:52:48     INFO -  u'talos': [u'firefox-52.8.2.en-US.linux-x86_64.common.tests.zip',
16:52:48     INFO -             u'firefox-52.8.2.en-US.linux-x86_64.talos.tests.zip'],
16:52:48     INFO -  u'web-platform': [u'firefox-52.8.2.en-US.linux-x86_64.common.tests.zip',
16:52:48     INFO -                    u'firefox-52.8.2.en-US.linux-x86_64.web-platform.tests.zip'],
16:52:48     INFO -  u'xpcshell': [u'firefox-52.8.2.en-US.linux-x86_64.common.tests.zip',
16:52:48     INFO -                u'firefox-52.8.2.en-US.linux-x86_64.xpcshell.tests.zip']}
16:52:48     INFO - Downloading packages: [u'firefox-52.8.2.en-US.linux-x86_64.common.tests.zip', u'firefox-52.8.2.en-US.linux-x86_64.mochitest.tests.zip'] for test suite category: mochitest
16:52:48     INFO - Adding 'mozinfo.json' for extraction from common.tests zip file
16:52:48     INFO - Downloading and extracting to /builds/slave/test/build/tests these dirs bin/*, certs/*, config/*, mach, marionette/*, modules/*, mozbase/*, tools/*, mochitest/*, mozinfo.json from https://queue.taskcluster.net/v1/task/I1iAdq48Sa60c5BCPWswkg/artifacts/public/build/firefox-52.8.2.en-US.linux-x86_64.common.tests.zip
16:52:48     INFO - retry: Calling fetch_url_into_memory with args: (), kwargs: {'url': u'https://queue.taskcluster.net/v1/task/I1iAdq48Sa60c5BCPWswkg/artifacts/public/build/firefox-52.8.2.en-US.linux-x86_64.common.tests.zip'}, attempt #1
16:52:48     INFO - Fetch https://queue.taskcluster.net/v1/task/I1iAdq48Sa60c5BCPWswkg/artifacts/public/build/firefox-52.8.2.en-US.linux-x86_64.common.tests.zip into memory
16:52:49     INFO - Http code: 200
16:52:49     INFO - via: 1.1 fc7da6323a08a2c16d48dd4939ce0898.cloudfront.net (CloudFront)
16:52:49     INFO - x-amz-cf-id: hZb5kiTSqlNk5m2jM6q_W7szVFFAT4OybD_GKGv_tJtQ17lGr8VjAQ==
16:52:49     INFO - x-amz-version-id: amyEguiG3.NEsCgIpfpr7ojoc30OcAP5
16:52:51     INFO - Expected file size: 22192748
16:52:51     INFO - Obtained file size: 22192748
16:52:52     INFO - Downloading and extracting to /builds/slave/test/build/tests these dirs bin/*, certs/*, config/*, mach, marionette/*, modules/*, mozbase/*, tools/*, mochitest/*, mozinfo.json from https://queue.taskcluster.net/v1/task/I1iAdq48Sa60c5BCPWswkg/artifacts/public/build/firefox-52.8.2.en-US.linux-x86_64.mochitest.tests.zip
16:52:52     INFO - retry: Calling fetch_url_into_memory with args: (), kwargs: {'url': u'https://queue.taskcluster.net/v1/task/I1iAdq48Sa60c5BCPWswkg/artifacts/public/build/firefox-52.8.2.en-US.linux-x86_64.mochitest.tests.zip'}, attempt #1
16:52:52     INFO - Fetch https://queue.taskcluster.net/v1/task/I1iAdq48Sa60c5BCPWswkg/artifacts/public/build/firefox-52.8.2.en-US.linux-x86_64.mochitest.tests.zip into memory
16:52:54     INFO - Http code: 200
16:52:54     INFO - via: 1.1 9767e262e4af15c8d83a726bb0f44fa5.cloudfront.net (CloudFront)
16:52:54     INFO - x-amz-cf-id: 4ZF71a9BfuwI-zUi-oVX1fke_19Il9OWAq_-2MqUFMWPcbgsDctcMw==
16:52:54     INFO - x-amz-version-id: pVaLoGmwkPIw3WqAG.TA2Gozslw06heL
16:53:02     INFO - Expected file size: 80595071
16:53:02     INFO - Obtained file size: 80595071
16:53:24     INFO - Downloading https://queue.taskcluster.net/v1/task/I1iAdq48Sa60c5BCPWswkg/artifacts/public/build/firefox-52.8.2.en-US.linux-x86_64.tar.bz2 to /builds/slave/test/build/installer.tar.bz2
16:53:24     INFO - retry: Calling _download_file with args: (), kwargs: {'url': 'https://queue.taskcluster.net/v1/task/I1iAdq48Sa60c5BCPWswkg/artifacts/public/build/firefox-52.8.2.en-US.linux-x86_64.tar.bz2', 'file_name': '/builds/slave/test/build/installer.tar.bz2'}, attempt #1
16:53:29     INFO - Downloaded 57821935 bytes.
16:53:29     INFO - Setting buildbot property build_url to https://queue.taskcluster.net/v1/task/I1iAdq48Sa60c5BCPWswkg/artifacts/public/build/firefox-52.8.2.en-US.linux-x86_64.tar.bz2
16:53:29     INFO - mkdir: /builds/slave/test/properties
16:53:29     INFO - Writing buildbot properties ['build_url'] to /builds/slave/test/properties/build_url
16:53:29     INFO - Writing to file /builds/slave/test/properties/build_url
16:53:29     INFO - Contents:
16:53:29     INFO -  build_url:https://queue.taskcluster.net/v1/task/I1iAdq48Sa60c5BCPWswkg/artifacts/public/build/firefox-52.8.2.en-US.linux-x86_64.tar.bz2
16:53:31     INFO - Running post-action listener: _resource_record_post_action
16:53:31     INFO - Running post-action listener: set_extra_try_arguments
16:53:31     INFO - [mozharness: 2018-06-08 23:53:31.402728Z] Finished download-and-extract step (success)
16:53:31     INFO - [mozharness: 2018-06-08 23:53:31.403087Z] Running create-virtualenv step.
16:53:31     INFO - Running pre-action listener: _install_mozbase
16:53:31     INFO - Running pre-action listener: _pre_create_virtualenv
16:53:31     INFO - Running pre-action listener: _resource_record_pre_action
16:53:31     INFO - Running main action method: create_virtualenv
16:53:31     INFO - Creating virtualenv /builds/slave/test/build/venv
16:53:31     INFO - Running command: ['/tools/buildbot/bin/python', '/builds/slave/test/scripts/external_tools/virtualenv/virtualenv.py', '--always-copy', '/builds/slave/test/build/venv'] in /builds/slave/test/build
16:53:31     INFO - Copy/paste: /tools/buildbot/bin/python /builds/slave/test/scripts/external_tools/virtualenv/virtualenv.py --always-copy /builds/slave/test/build/venv
16:53:31     INFO - Using partial env: {'VIRTUALENV_NO_DOWNLOAD': '1'}
16:53:33     INFO -  Using real prefix '/usr'
16:53:33     INFO -  New python executable in /builds/slave/test/build/venv/bin/python
16:53:36     INFO -  Installing setuptools, pip, wheel...done.
16:53:36     INFO - Return code: 0
16:53:36     INFO - Installing psutil>=3.1.1 into virtualenv /builds/slave/test/build/venv
16:53:37     INFO - retry: Calling run_command with args: [['/builds/slave/test/build/venv/bin/pip', 'install', '--timeout', '120', '--no-index', '--find-links', 'http://pypi.pvt.build.mozilla.org/pub', '--find-links', 'http://pypi.pub.build.mozilla.org/pub', '--trusted-host', 'pypi.pub.build.mozilla.org', '--trusted-host', 'pypi.pvt.build.mozilla.org', 'psutil>=3.1.1']], kwargs: {'error_level': 'warning', 'error_list': [{'substr': 'not found or a compiler error:', 'level': 'warning'}, {'regex': <_sre.SRE_Pattern object at 0x7fbed321e110>, 'level': 'error'}, {'regex': <_sre.SRE_Pattern object at 0x7fbed3326e40>, 'level': 'warning'}, {'regex': <_sre.SRE_Pattern object at 0x197c3e0>, 'level': 'debug'}, {'substr': 'command not found', 'level': 'error'}, {'regex': <_sre.SRE_Pattern object at 0x1978a90>, 'level': 'warning'}, {'substr': 'Traceback (most recent call last)', 'level': 'error'}, {'substr': 'SyntaxError: ', 'level': 'error'}, {'substr': 'TypeError: ', 'level': 'error'}, {'substr': 'NameError: ', 'level': 'error'}, {'substr': 'ZeroDivisionError: ', 'level': 'error'}, {'regex': <_sre.SRE_Pattern object at 0x197a3f0>, 'level': 'critical'}, {'regex': <_sre.SRE_Pattern object at 0x197a670>, 'level': 'critical'}], 'cwd': '/builds/slave/test/build', 'env': {'TMOUT': '86400', 'LOGNAME': 'cltbld', 'USER': 'cltbld', 'HOME': '/home/cltbld', 'PATH': '/usr/local/bin:/usr/local/bin:/usr/bin:/bin:/usr/local/games:/usr/games', 'DISPLAY': ':0', 'CCACHE_UMASK': '002', 'LANG': 'en_US.UTF-8', 'TERM': 'linux', 'SHELL': '/bin/bash', 'MOZ_NODE_PATH': '/usr/bin/node', 'XDG_SESSION_COOKIE': '9ca12473fbb1d023794ffd180000023c-1528501959.94107-1795216115', 'SHLVL': '1', 'NO_FAIL_ON_TEST_ERRORS': '1', 'MOZ_NO_REMOTE': '1', 'MOZ_HIDE_RESULTS_TABLE': '1', 'MAIL': '/var/mail/cltbld', '_': '/tools/buildbot/bin/python', 'NODE_PATH': '/usr/lib/nodejs:/usr/lib/node_modules:/usr/share/javascript', 'PWD': '/builds/slave/test', 'PROPERTIES_FILE': '/builds/slave/test/buildprops.json', 'CCACHE_DIR': '/builds/ccache'}}, attempt #1
16:53:37     INFO - Running command: ['/builds/slave/test/build/venv/bin/pip', 'install', '--timeout', '120', '--no-index', '--find-links', 'http://pypi.pvt.build.mozilla.org/pub', '--find-links', 'http://pypi.pub.build.mozilla.org/pub', '--trusted-host', 'pypi.pub.build.mozilla.org', '--trusted-host', 'pypi.pvt.build.mozilla.org', 'psutil>=3.1.1'] in /builds/slave/test/build
16:53:37     INFO - Copy/paste: /builds/slave/test/build/venv/bin/pip install --timeout 120 --no-index --find-links http://pypi.pvt.build.mozilla.org/pub --find-links http://pypi.pub.build.mozilla.org/pub --trusted-host pypi.pub.build.mozilla.org --trusted-host pypi.pvt.build.mozilla.org psutil>=3.1.1
16:53:37     INFO - Using env: {'CCACHE_DIR': '/builds/ccache',
16:53:37     INFO -  'CCACHE_UMASK': '002',
16:53:37     INFO -  'DISPLAY': ':0',
16:53:37     INFO -  'HOME': '/home/cltbld',
16:53:37     INFO -  'LANG': 'en_US.UTF-8',
16:53:37     INFO -  'LOGNAME': 'cltbld',
16:53:37     INFO -  'MAIL': '/var/mail/cltbld',
16:53:37     INFO -  'MOZ_HIDE_RESULTS_TABLE': '1',
16:53:37     INFO -  'MOZ_NODE_PATH': '/usr/bin/node',
16:53:37     INFO -  'MOZ_NO_REMOTE': '1',
16:53:37     INFO -  'NODE_PATH': '/usr/lib/nodejs:/usr/lib/node_modules:/usr/share/javascript',
16:53:37     INFO -  'NO_FAIL_ON_TEST_ERRORS': '1',
16:53:37     INFO -  'PATH': '/usr/local/bin:/usr/local/bin:/usr/bin:/bin:/usr/local/games:/usr/games',
16:53:37     INFO -  'PROPERTIES_FILE': '/builds/slave/test/buildprops.json',
16:53:37     INFO -  'PWD': '/builds/slave/test',
16:53:37     INFO -  'SHELL': '/bin/bash',
16:53:37     INFO -  'SHLVL': '1',
16:53:37     INFO -  'TERM': 'linux',
16:53:37     INFO -  'TMOUT': '86400',
16:53:37     INFO -  'USER': 'cltbld',
16:53:37     INFO -  'XDG_SESSION_COOKIE': '9ca12473fbb1d023794ffd180000023c-1528501959.94107-1795216115',
16:53:37     INFO -  '_': '/tools/buildbot/bin/python'}
16:53:38     INFO -  Ignoring indexes: https://pypi.python.org/simple
16:53:38     INFO -  Collecting psutil>=3.1.1
16:53:38     INFO -  /builds/slave/test/build/venv/lib/python2.7/site-packages/pip/_vendor/requests/packages/urllib3/util/ssl_.py:318: SNIMissingWarning: An HTTPS request has been made, but the SNI (Subject Name Indication) extension to TLS is not available on this platform. This may cause the server to present an incorrect TLS certificate, which can cause validation failures. You can upgrade to a newer version of Python to solve this. For more information, see https://urllib3.readthedocs.org/en/latest/security.html#snimissingwarning.
16:53:38     INFO -    SNIMissingWarning
16:53:38     INFO -  /builds/slave/test/build/venv/lib/python2.7/site-packages/pip/_vendor/requests/packages/urllib3/util/ssl_.py:122: InsecurePlatformWarning: A true SSLContext object is not available. This prevents urllib3 from configuring SSL appropriately and may cause certain SSL connections to fail. You can upgrade to a newer version of Python to solve this. For more information, see https://urllib3.readthedocs.org/en/latest/security.html#insecureplatformwarning.
16:53:38     INFO -    InsecurePlatformWarning
16:53:40     INFO -  /builds/slave/test/build/venv/lib/python2.7/site-packages/pip/_vendor/requests/packages/urllib3/util/ssl_.py:122: InsecurePlatformWarning: A true SSLContext object is not available. This prevents urllib3 from configuring SSL appropriately and may cause certain SSL connections to fail. You can upgrade to a newer version of Python to solve this. For more information, see https://urllib3.readthedocs.org/en/latest/security.html#insecureplatformwarning.
16:53:40     INFO -    InsecurePlatformWarning
16:53:45     INFO -    Downloading https://pypi.pvt.build.mozilla.org/pub/psutil-5.4.3.tar.gz (412kB)
16:53:46     INFO -  Building wheels for collected packages: psutil
16:53:46     INFO -    Running setup.py bdist_wheel for psutil: started
16:53:49     INFO -    Running setup.py bdist_wheel for psutil: finished with status 'done'
16:53:49     INFO -    Stored in directory: /home/cltbld/.cache/pip/wheels/30/c0/c3/5cdb2b64c0d47a81af9c62935a64d83948d2c2b3e7af3eeee2
16:53:49     INFO -  Successfully built psutil
16:53:49     INFO -  Installing collected packages: psutil
16:53:49     INFO -  Successfully installed psutil-5.4.3
16:53:49     INFO - Return code: 0
16:53:49     INFO - Installing mozsystemmonitor==0.3 into virtualenv /builds/slave/test/build/venv
16:53:50     INFO - retry: Calling run_command with args: [['/builds/slave/test/build/venv/bin/pip', 'install', '--timeout', '120', '--no-index', '--find-links', 'http://pypi.pvt.build.mozilla.org/pub', '--find-links', 'http://pypi.pub.build.mozilla.org/pub', '--trusted-host', 'pypi.pub.build.mozilla.org', '--trusted-host', 'pypi.pvt.build.mozilla.org', 'mozsystemmonitor==0.3']], kwargs: {'error_level': 'warning', 'error_list': [{'substr': 'not found or a compiler error:', 'level': 'warning'}, {'regex': <_sre.SRE_Pattern object at 0x7fbed321e110>, 'level': 'error'}, {'regex': <_sre.SRE_Pattern object at 0x7fbed3326e40>, 'level': 'warning'}, {'regex': <_sre.SRE_Pattern object at 0x197c3e0>, 'level': 'debug'}, {'substr': 'command not found', 'level': 'error'}, {'regex': <_sre.SRE_Pattern object at 0x1978a90>, 'level': 'warning'}, {'substr': 'Traceback (most recent call last)', 'level': 'error'}, {'substr': 'SyntaxError: ', 'level': 'error'}, {'substr': 'TypeError: ', 'level': 'error'}, {'substr': 'NameError: ', 'level': 'error'}, {'substr': 'ZeroDivisionError: ', 'level': 'error'}, {'regex': <_sre.SRE_Pattern object at 0x197a3f0>, 'level': 'critical'}, {'regex': <_sre.SRE_Pattern object at 0x197a670>, 'level': 'critical'}], 'cwd': '/builds/slave/test/build', 'env': {'TMOUT': '86400', 'LOGNAME': 'cltbld', 'USER': 'cltbld', 'HOME': '/home/cltbld', 'PATH': '/usr/local/bin:/usr/local/bin:/usr/bin:/bin:/usr/local/games:/usr/games', 'DISPLAY': ':0', 'CCACHE_UMASK': '002', 'LANG': 'en_US.UTF-8', 'TERM': 'linux', 'SHELL': '/bin/bash', 'MOZ_NODE_PATH': '/usr/bin/node', 'XDG_SESSION_COOKIE': '9ca12473fbb1d023794ffd180000023c-1528501959.94107-1795216115', 'SHLVL': '1', 'NO_FAIL_ON_TEST_ERRORS': '1', 'MOZ_NO_REMOTE': '1', 'MOZ_HIDE_RESULTS_TABLE': '1', 'MAIL': '/var/mail/cltbld', '_': '/tools/buildbot/bin/python', 'NODE_PATH': '/usr/lib/nodejs:/usr/lib/node_modules:/usr/share/javascript', 'PWD': '/builds/slave/test', 'PROPERTIES_FILE': '/builds/slave/test/buildprops.json', 'CCACHE_DIR': '/builds/ccache'}}, attempt #1
16:53:50     INFO - Running command: ['/builds/slave/test/build/venv/bin/pip', 'install', '--timeout', '120', '--no-index', '--find-links', 'http://pypi.pvt.build.mozilla.org/pub', '--find-links', 'http://pypi.pub.build.mozilla.org/pub', '--trusted-host', 'pypi.pub.build.mozilla.org', '--trusted-host', 'pypi.pvt.build.mozilla.org', 'mozsystemmonitor==0.3'] in /builds/slave/test/build
16:53:50     INFO - Copy/paste: /builds/slave/test/build/venv/bin/pip install --timeout 120 --no-index --find-links http://pypi.pvt.build.mozilla.org/pub --find-links http://pypi.pub.build.mozilla.org/pub --trusted-host pypi.pub.build.mozilla.org --trusted-host pypi.pvt.build.mozilla.org mozsystemmonitor==0.3
16:53:50     INFO - Using env: {'CCACHE_DIR': '/builds/ccache',
16:53:50     INFO -  'CCACHE_UMASK': '002',
16:53:50     INFO -  'DISPLAY': ':0',
16:53:50     INFO -  'HOME': '/home/cltbld',
16:53:50     INFO -  'LANG': 'en_US.UTF-8',
16:53:50     INFO -  'LOGNAME': 'cltbld',
16:53:50     INFO -  'MAIL': '/var/mail/cltbld',
16:53:50     INFO -  'MOZ_HIDE_RESULTS_TABLE': '1',
16:53:50     INFO -  'MOZ_NODE_PATH': '/usr/bin/node',
16:53:50     INFO -  'MOZ_NO_REMOTE': '1',
16:53:50     INFO -  'NODE_PATH': '/usr/lib/nodejs:/usr/lib/node_modules:/usr/share/javascript',
16:53:50     INFO -  'NO_FAIL_ON_TEST_ERRORS': '1',
16:53:50     INFO -  'PATH': '/usr/local/bin:/usr/local/bin:/usr/bin:/bin:/usr/local/games:/usr/games',
16:53:50     INFO -  'PROPERTIES_FILE': '/builds/slave/test/buildprops.json',
16:53:50     INFO -  'PWD': '/builds/slave/test',
16:53:50     INFO -  'SHELL': '/bin/bash',
16:53:50     INFO -  'SHLVL': '1',
16:53:50     INFO -  'TERM': 'linux',
16:53:50     INFO -  'TMOUT': '86400',
16:53:50     INFO -  'USER': 'cltbld',
16:53:50     INFO -  'XDG_SESSION_COOKIE': '9ca12473fbb1d023794ffd180000023c-1528501959.94107-1795216115',
16:53:50     INFO -  '_': '/tools/buildbot/bin/python'}
16:53:50     INFO -  Ignoring indexes: https://pypi.python.org/simple
16:53:50     INFO -  Collecting mozsystemmonitor==0.3
16:53:51     INFO -  /builds/slave/test/build/venv/lib/python2.7/site-packages/pip/_vendor/requests/packages/urllib3/util/ssl_.py:318: SNIMissingWarning: An HTTPS request has been made, but the SNI (Subject Name Indication) extension to TLS is not available on this platform. This may cause the server to present an incorrect TLS certificate, which can cause validation failures. You can upgrade to a newer version of Python to solve this. For more information, see https://urllib3.readthedocs.org/en/latest/security.html#snimissingwarning.
16:53:51     INFO -    SNIMissingWarning
16:53:51     INFO -  /builds/slave/test/build/venv/lib/python2.7/site-packages/pip/_vendor/requests/packages/urllib3/util/ssl_.py:122: InsecurePlatformWarning: A true SSLContext object is not available. This prevents urllib3 from configuring SSL appropriately and may cause certain SSL connections to fail. You can upgrade to a newer version of Python to solve this. For more information, see https://urllib3.readthedocs.org/en/latest/security.html#insecureplatformwarning.
16:53:51     INFO -    InsecurePlatformWarning
16:53:52     INFO -  /builds/slave/test/build/venv/lib/python2.7/site-packages/pip/_vendor/requests/packages/urllib3/util/ssl_.py:122: InsecurePlatformWarning: A true SSLContext object is not available. This prevents urllib3 from configuring SSL appropriately and may cause certain SSL connections to fail. You can upgrade to a newer version of Python to solve this. For more information, see https://urllib3.readthedocs.org/en/latest/security.html#insecureplatformwarning.
16:53:52     INFO -    InsecurePlatformWarning
16:53:57     INFO -    Downloading https://pypi.pvt.build.mozilla.org/pub/mozsystemmonitor-0.3.tar.gz
16:53:58     INFO -  Requirement already satisfied (use --upgrade to upgrade): psutil>=3.1.1 in ./venv/lib/python2.7/site-packages (from mozsystemmonitor==0.3)
16:53:58     INFO -  Building wheels for collected packages: mozsystemmonitor
16:53:58     INFO -    Running setup.py bdist_wheel for mozsystemmonitor: started
16:53:58     INFO -    Running setup.py bdist_wheel for mozsystemmonitor: finished with status 'done'
16:53:58     INFO -    Stored in directory: /home/cltbld/.cache/pip/wheels/f4/b7/9c/8a88c92aaad7c1d8bbd68513e1d91ad7f62b7465808c516aa8
16:53:58     INFO -  Successfully built mozsystemmonitor
16:53:58     INFO -  Installing collected packages: mozsystemmonitor
16:53:59     INFO -  Successfully installed mozsystemmonitor-0.3
16:53:59     INFO - Return code: 0
16:53:59     INFO - Installing jsonschema==2.5.1 into virtualenv /builds/slave/test/build/venv
16:53:59     INFO - retry: Calling run_command with args: [['/builds/slave/test/build/venv/bin/pip', 'install', '--timeout', '120', '--no-index', '--find-links', 'http://pypi.pvt.build.mozilla.org/pub', '--find-links', 'http://pypi.pub.build.mozilla.org/pub', '--trusted-host', 'pypi.pub.build.mozilla.org', '--trusted-host', 'pypi.pvt.build.mozilla.org', 'jsonschema==2.5.1']], kwargs: {'error_level': 'warning', 'error_list': [{'substr': 'not found or a compiler error:', 'level': 'warning'}, {'regex': <_sre.SRE_Pattern object at 0x7fbed321e110>, 'level': 'error'}, {'regex': <_sre.SRE_Pattern object at 0x7fbed3326e40>, 'level': 'warning'}, {'regex': <_sre.SRE_Pattern object at 0x197c3e0>, 'level': 'debug'}, {'substr': 'command not found', 'level': 'error'}, {'regex': <_sre.SRE_Pattern object at 0x1978a90>, 'level': 'warning'}, {'substr': 'Traceback (most recent call last)', 'level': 'error'}, {'substr': 'SyntaxError: ', 'level': 'error'}, {'substr': 'TypeError: ', 'level': 'error'}, {'substr': 'NameError: ', 'level': 'error'}, {'substr': 'ZeroDivisionError: ', 'level': 'error'}, {'regex': <_sre.SRE_Pattern object at 0x197a3f0>, 'level': 'critical'}, {'regex': <_sre.SRE_Pattern object at 0x197a670>, 'level': 'critical'}], 'cwd': '/builds/slave/test/build', 'env': {'TMOUT': '86400', 'LOGNAME': 'cltbld', 'USER': 'cltbld', 'HOME': '/home/cltbld', 'PATH': '/usr/local/bin:/usr/local/bin:/usr/bin:/bin:/usr/local/games:/usr/games', 'DISPLAY': ':0', 'CCACHE_UMASK': '002', 'LANG': 'en_US.UTF-8', 'TERM': 'linux', 'SHELL': '/bin/bash', 'MOZ_NODE_PATH': '/usr/bin/node', 'XDG_SESSION_COOKIE': '9ca12473fbb1d023794ffd180000023c-1528501959.94107-1795216115', 'SHLVL': '1', 'NO_FAIL_ON_TEST_ERRORS': '1', 'MOZ_NO_REMOTE': '1', 'MOZ_HIDE_RESULTS_TABLE': '1', 'MAIL': '/var/mail/cltbld', '_': '/tools/buildbot/bin/python', 'NODE_PATH': '/usr/lib/nodejs:/usr/lib/node_modules:/usr/share/javascript', 'PWD': '/builds/slave/test', 'PROPERTIES_FILE': '/builds/slave/test/buildprops.json', 'CCACHE_DIR': '/builds/ccache'}}, attempt #1
16:53:59     INFO - Running command: ['/builds/slave/test/build/venv/bin/pip', 'install', '--timeout', '120', '--no-index', '--find-links', 'http://pypi.pvt.build.mozilla.org/pub', '--find-links', 'http://pypi.pub.build.mozilla.org/pub', '--trusted-host', 'pypi.pub.build.mozilla.org', '--trusted-host', 'pypi.pvt.build.mozilla.org', 'jsonschema==2.5.1'] in /builds/slave/test/build
16:53:59     INFO - Copy/paste: /builds/slave/test/build/venv/bin/pip install --timeout 120 --no-index --find-links http://pypi.pvt.build.mozilla.org/pub --find-links http://pypi.pub.build.mozilla.org/pub --trusted-host pypi.pub.build.mozilla.org --trusted-host pypi.pvt.build.mozilla.org jsonschema==2.5.1
16:53:59     INFO - Using env: {'CCACHE_DIR': '/builds/ccache',
16:53:59     INFO -  'CCACHE_UMASK': '002',
16:53:59     INFO -  'DISPLAY': ':0',
16:53:59     INFO -  'HOME': '/home/cltbld',
16:53:59     INFO -  'LANG': 'en_US.UTF-8',
16:53:59     INFO -  'LOGNAME': 'cltbld',
16:53:59     INFO -  'MAIL': '/var/mail/cltbld',
16:53:59     INFO -  'MOZ_HIDE_RESULTS_TABLE': '1',
16:53:59     INFO -  'MOZ_NODE_PATH': '/usr/bin/node',
16:53:59     INFO -  'MOZ_NO_REMOTE': '1',
16:53:59     INFO -  'NODE_PATH': '/usr/lib/nodejs:/usr/lib/node_modules:/usr/share/javascript',
16:53:59     INFO -  'NO_FAIL_ON_TEST_ERRORS': '1',
16:53:59     INFO -  'PATH': '/usr/local/bin:/usr/local/bin:/usr/bin:/bin:/usr/local/games:/usr/games',
16:53:59     INFO -  'PROPERTIES_FILE': '/builds/slave/test/buildprops.json',
16:53:59     INFO -  'PWD': '/builds/slave/test',
16:53:59     INFO -  'SHELL': '/bin/bash',
16:53:59     INFO -  'SHLVL': '1',
16:53:59     INFO -  'TERM': 'linux',
16:53:59     INFO -  'TMOUT': '86400',
16:53:59     INFO -  'USER': 'cltbld',
16:53:59     INFO -  'XDG_SESSION_COOKIE': '9ca12473fbb1d023794ffd180000023c-1528501959.94107-1795216115',
16:53:59     INFO -  '_': '/tools/buildbot/bin/python'}
16:54:00     INFO -  Ignoring indexes: https://pypi.python.org/simple
16:54:00     INFO -  Collecting jsonschema==2.5.1
16:54:00     INFO -  /builds/slave/test/build/venv/lib/python2.7/site-packages/pip/_vendor/requests/packages/urllib3/util/ssl_.py:318: SNIMissingWarning: An HTTPS request has been made, but the SNI (Subject Name Indication) extension to TLS is not available on this platform. This may cause the server to present an incorrect TLS certificate, which can cause validation failures. You can upgrade to a newer version of Python to solve this. For more information, see https://urllib3.readthedocs.org/en/latest/security.html#snimissingwarning.
16:54:00     INFO -    SNIMissingWarning
16:54:00     INFO -  /builds/slave/test/build/venv/lib/python2.7/site-packages/pip/_vendor/requests/packages/urllib3/util/ssl_.py:122: InsecurePlatformWarning: A true SSLContext object is not available. This prevents urllib3 from configuring SSL appropriately and may cause certain SSL connections to fail. You can upgrade to a newer version of Python to solve this. For more information, see https://urllib3.readthedocs.org/en/latest/security.html#insecureplatformwarning.
16:54:00     INFO -    InsecurePlatformWarning
16:54:02     INFO -  /builds/slave/test/build/venv/lib/python2.7/site-packages/pip/_vendor/requests/packages/urllib3/util/ssl_.py:122: InsecurePlatformWarning: A true SSLContext object is not available. This prevents urllib3 from configuring SSL appropriately and may cause certain SSL connections to fail. You can upgrade to a newer version of Python to solve this. For more information, see https://urllib3.readthedocs.org/en/latest/security.html#insecureplatformwarning.
16:54:02     INFO -    InsecurePlatformWarning
16:54:07     INFO -    Downloading https://pypi.pvt.build.mozilla.org/pub/jsonschema-2.5.1-py2.py3-none-any.whl
16:54:07     INFO -  Collecting functools32; python_version == "2.7" (from jsonschema==2.5.1)
16:54:13     INFO -    Downloading https://pypi.pvt.build.mozilla.org/pub/functools32-3.2.3-2.tar.gz
16:54:13     INFO -  Building wheels for collected packages: functools32
16:54:13     INFO -    Running setup.py bdist_wheel for functools32: started
16:54:14     INFO -    Running setup.py bdist_wheel for functools32: finished with status 'done'
16:54:14     INFO -    Stored in directory: /home/cltbld/.cache/pip/wheels/60/8e/5c/cd0944700dbec48e57da97dbe11bcc84b1332f6b43bc89d9b7
16:54:14     INFO -  Successfully built functools32
16:54:14     INFO -  Installing collected packages: functools32, jsonschema
16:54:14     INFO -  Successfully installed functools32-3.2.3.post2 jsonschema-2.5.1
16:54:14     INFO - Return code: 0
16:54:14     INFO - Installing functools32==3.2.3-2 into virtualenv /builds/slave/test/build/venv
16:54:14     INFO - retry: Calling run_command with args: [['/builds/slave/test/build/venv/bin/pip', 'install', '--timeout', '120', '--no-index', '--find-links', 'http://pypi.pvt.build.mozilla.org/pub', '--find-links', 'http://pypi.pub.build.mozilla.org/pub', '--trusted-host', 'pypi.pub.build.mozilla.org', '--trusted-host', 'pypi.pvt.build.mozilla.org', 'functools32==3.2.3-2']], kwargs: {'error_level': 'warning', 'error_list': [{'substr': 'not found or a compiler error:', 'level': 'warning'}, {'regex': <_sre.SRE_Pattern object at 0x7fbed321e110>, 'level': 'error'}, {'regex': <_sre.SRE_Pattern object at 0x7fbed3326e40>, 'level': 'warning'}, {'regex': <_sre.SRE_Pattern object at 0x197c3e0>, 'level': 'debug'}, {'substr': 'command not found', 'level': 'error'}, {'regex': <_sre.SRE_Pattern object at 0x1978a90>, 'level': 'warning'}, {'substr': 'Traceback (most recent call last)', 'level': 'error'}, {'substr': 'SyntaxError: ', 'level': 'error'}, {'substr': 'TypeError: ', 'level': 'error'}, {'substr': 'NameError: ', 'level': 'error'}, {'substr': 'ZeroDivisionError: ', 'level': 'error'}, {'regex': <_sre.SRE_Pattern object at 0x197a3f0>, 'level': 'critical'}, {'regex': <_sre.SRE_Pattern object at 0x197a670>, 'level': 'critical'}], 'cwd': '/builds/slave/test/build', 'env': {'TMOUT': '86400', 'LOGNAME': 'cltbld', 'USER': 'cltbld', 'HOME': '/home/cltbld', 'PATH': '/usr/local/bin:/usr/local/bin:/usr/bin:/bin:/usr/local/games:/usr/games', 'DISPLAY': ':0', 'CCACHE_UMASK': '002', 'LANG': 'en_US.UTF-8', 'TERM': 'linux', 'SHELL': '/bin/bash', 'MOZ_NODE_PATH': '/usr/bin/node', 'XDG_SESSION_COOKIE': '9ca12473fbb1d023794ffd180000023c-1528501959.94107-1795216115', 'SHLVL': '1', 'NO_FAIL_ON_TEST_ERRORS': '1', 'MOZ_NO_REMOTE': '1', 'MOZ_HIDE_RESULTS_TABLE': '1', 'MAIL': '/var/mail/cltbld', '_': '/tools/buildbot/bin/python', 'NODE_PATH': '/usr/lib/nodejs:/usr/lib/node_modules:/usr/share/javascript', 'PWD': '/builds/slave/test', 'PROPERTIES_FILE': '/builds/slave/test/buildprops.json', 'CCACHE_DIR': '/builds/ccache'}}, attempt #1
16:54:14     INFO - Running command: ['/builds/slave/test/build/venv/bin/pip', 'install', '--timeout', '120', '--no-index', '--find-links', 'http://pypi.pvt.build.mozilla.org/pub', '--find-links', 'http://pypi.pub.build.mozilla.org/pub', '--trusted-host', 'pypi.pub.build.mozilla.org', '--trusted-host', 'pypi.pvt.build.mozilla.org', 'functools32==3.2.3-2'] in /builds/slave/test/build
16:54:14     INFO - Copy/paste: /builds/slave/test/build/venv/bin/pip install --timeout 120 --no-index --find-links http://pypi.pvt.build.mozilla.org/pub --find-links http://pypi.pub.build.mozilla.org/pub --trusted-host pypi.pub.build.mozilla.org --trusted-host pypi.pvt.build.mozilla.org functools32==3.2.3-2
16:54:14     INFO - Using env: {'CCACHE_DIR': '/builds/ccache',
16:54:14     INFO -  'CCACHE_UMASK': '002',
16:54:14     INFO -  'DISPLAY': ':0',
16:54:14     INFO -  'HOME': '/home/cltbld',
16:54:14     INFO -  'LANG': 'en_US.UTF-8',
16:54:14     INFO -  'LOGNAME': 'cltbld',
16:54:14     INFO -  'MAIL': '/var/mail/cltbld',
16:54:14     INFO -  'MOZ_HIDE_RESULTS_TABLE': '1',
16:54:14     INFO -  'MOZ_NODE_PATH': '/usr/bin/node',
16:54:14     INFO -  'MOZ_NO_REMOTE': '1',
16:54:14     INFO -  'NODE_PATH': '/usr/lib/nodejs:/usr/lib/node_modules:/usr/share/javascript',
16:54:14     INFO -  'NO_FAIL_ON_TEST_ERRORS': '1',
16:54:14     INFO -  'PATH': '/usr/local/bin:/usr/local/bin:/usr/bin:/bin:/usr/local/games:/usr/games',
16:54:14     INFO -  'PROPERTIES_FILE': '/builds/slave/test/buildprops.json',
16:54:14     INFO -  'PWD': '/builds/slave/test',
16:54:14     INFO -  'SHELL': '/bin/bash',
16:54:14     INFO -  'SHLVL': '1',
16:54:14     INFO -  'TERM': 'linux',
16:54:14     INFO -  'TMOUT': '86400',
16:54:14     INFO -  'USER': 'cltbld',
16:54:14     INFO -  'XDG_SESSION_COOKIE': '9ca12473fbb1d023794ffd180000023c-1528501959.94107-1795216115',
16:54:14     INFO -  '_': '/tools/buildbot/bin/python'}
16:54:15     INFO -  Ignoring indexes: https://pypi.python.org/simple
16:54:15     INFO -  Requirement already satisfied (use --upgrade to upgrade): functools32==3.2.3-2 in ./venv/lib/python2.7/site-packages
16:54:15     INFO - Return code: 0
16:54:15     INFO - Installing blobuploader==1.2.4 into virtualenv /builds/slave/test/build/venv
16:54:15     INFO - retry: Calling run_command with args: [['/builds/slave/test/build/venv/bin/pip', 'install', '--timeout', '120', '--no-index', '--find-links', 'http://pypi.pvt.build.mozilla.org/pub', '--find-links', 'http://pypi.pub.build.mozilla.org/pub', '--trusted-host', 'pypi.pub.build.mozilla.org', '--trusted-host', 'pypi.pvt.build.mozilla.org', 'blobuploader==1.2.4']], kwargs: {'error_level': 'warning', 'error_list': [{'substr': 'not found or a compiler error:', 'level': 'warning'}, {'regex': <_sre.SRE_Pattern object at 0x7fbed321e110>, 'level': 'error'}, {'regex': <_sre.SRE_Pattern object at 0x7fbed3326e40>, 'level': 'warning'}, {'regex': <_sre.SRE_Pattern object at 0x197c3e0>, 'level': 'debug'}, {'substr': 'command not found', 'level': 'error'}, {'regex': <_sre.SRE_Pattern object at 0x1978a90>, 'level': 'warning'}, {'substr': 'Traceback (most recent call last)', 'level': 'error'}, {'substr': 'SyntaxError: ', 'level': 'error'}, {'substr': 'TypeError: ', 'level': 'error'}, {'substr': 'NameError: ', 'level': 'error'}, {'substr': 'ZeroDivisionError: ', 'level': 'error'}, {'regex': <_sre.SRE_Pattern object at 0x197a3f0>, 'level': 'critical'}, {'regex': <_sre.SRE_Pattern object at 0x197a670>, 'level': 'critical'}], 'cwd': '/builds/slave/test/build', 'env': {'TMOUT': '86400', 'LOGNAME': 'cltbld', 'USER': 'cltbld', 'HOME': '/home/cltbld', 'PATH': '/usr/local/bin:/usr/local/bin:/usr/bin:/bin:/usr/local/games:/usr/games', 'DISPLAY': ':0', 'CCACHE_UMASK': '002', 'LANG': 'en_US.UTF-8', 'TERM': 'linux', 'SHELL': '/bin/bash', 'MOZ_NODE_PATH': '/usr/bin/node', 'XDG_SESSION_COOKIE': '9ca12473fbb1d023794ffd180000023c-1528501959.94107-1795216115', 'SHLVL': '1', 'NO_FAIL_ON_TEST_ERRORS': '1', 'MOZ_NO_REMOTE': '1', 'MOZ_HIDE_RESULTS_TABLE': '1', 'MAIL': '/var/mail/cltbld', '_': '/tools/buildbot/bin/python', 'NODE_PATH': '/usr/lib/nodejs:/usr/lib/node_modules:/usr/share/javascript', 'PWD': '/builds/slave/test', 'PROPERTIES_FILE': '/builds/slave/test/buildprops.json', 'CCACHE_DIR': '/builds/ccache'}}, attempt #1
16:54:15     INFO - Running command: ['/builds/slave/test/build/venv/bin/pip', 'install', '--timeout', '120', '--no-index', '--find-links', 'http://pypi.pvt.build.mozilla.org/pub', '--find-links', 'http://pypi.pub.build.mozilla.org/pub', '--trusted-host', 'pypi.pub.build.mozilla.org', '--trusted-host', 'pypi.pvt.build.mozilla.org', 'blobuploader==1.2.4'] in /builds/slave/test/build
16:54:15     INFO - Copy/paste: /builds/slave/test/build/venv/bin/pip install --timeout 120 --no-index --find-links http://pypi.pvt.build.mozilla.org/pub --find-links http://pypi.pub.build.mozilla.org/pub --trusted-host pypi.pub.build.mozilla.org --trusted-host pypi.pvt.build.mozilla.org blobuploader==1.2.4
16:54:15     INFO - Using env: {'CCACHE_DIR': '/builds/ccache',
16:54:15     INFO -  'CCACHE_UMASK': '002',
16:54:15     INFO -  'DISPLAY': ':0',
16:54:15     INFO -  'HOME': '/home/cltbld',
16:54:15     INFO -  'LANG': 'en_US.UTF-8',
16:54:15     INFO -  'LOGNAME': 'cltbld',
16:54:15     INFO -  'MAIL': '/var/mail/cltbld',
16:54:15     INFO -  'MOZ_HIDE_RESULTS_TABLE': '1',
16:54:15     INFO -  'MOZ_NODE_PATH': '/usr/bin/node',
16:54:15     INFO -  'MOZ_NO_REMOTE': '1',
16:54:15     INFO -  'NODE_PATH': '/usr/lib/nodejs:/usr/lib/node_modules:/usr/share/javascript',
16:54:15     INFO -  'NO_FAIL_ON_TEST_ERRORS': '1',
16:54:15     INFO -  'PATH': '/usr/local/bin:/usr/local/bin:/usr/bin:/bin:/usr/local/games:/usr/games',
16:54:15     INFO -  'PROPERTIES_FILE': '/builds/slave/test/buildprops.json',
16:54:15     INFO -  'PWD': '/builds/slave/test',
16:54:15     INFO -  'SHELL': '/bin/bash',
16:54:15     INFO -  'SHLVL': '1',
16:54:15     INFO -  'TERM': 'linux',
16:54:15     INFO -  'TMOUT': '86400',
16:54:15     INFO -  'USER': 'cltbld',
16:54:15     INFO -  'XDG_SESSION_COOKIE': '9ca12473fbb1d023794ffd180000023c-1528501959.94107-1795216115',
16:54:15     INFO -  '_': '/tools/buildbot/bin/python'}
16:54:16     INFO -  Ignoring indexes: https://pypi.python.org/simple
16:54:16     INFO -  Collecting blobuploader==1.2.4
16:54:16     INFO -  /builds/slave/test/build/venv/lib/python2.7/site-packages/pip/_vendor/requests/packages/urllib3/util/ssl_.py:318: SNIMissingWarning: An HTTPS request has been made, but the SNI (Subject Name Indication) extension to TLS is not available on this platform. This may cause the server to present an incorrect TLS certificate, which can cause validation failures. You can upgrade to a newer version of Python to solve this. For more information, see https://urllib3.readthedocs.org/en/latest/security.html#snimissingwarning.
16:54:16     INFO -    SNIMissingWarning
16:54:16     INFO -  /builds/slave/test/build/venv/lib/python2.7/site-packages/pip/_vendor/requests/packages/urllib3/util/ssl_.py:122: InsecurePlatformWarning: A true SSLContext object is not available. This prevents urllib3 from configuring SSL appropriately and may cause certain SSL connections to fail. You can upgrade to a newer version of Python to solve this. For more information, see https://urllib3.readthedocs.org/en/latest/security.html#insecureplatformwarning.
16:54:16     INFO -    InsecurePlatformWarning
16:54:18     INFO -  /builds/slave/test/build/venv/lib/python2.7/site-packages/pip/_vendor/requests/packages/urllib3/util/ssl_.py:122: InsecurePlatformWarning: A true SSLContext object is not available. This prevents urllib3 from configuring SSL appropriately and may cause certain SSL connections to fail. You can upgrade to a newer version of Python to solve this. For more information, see https://urllib3.readthedocs.org/en/latest/security.html#insecureplatformwarning.
16:54:18     INFO -    InsecurePlatformWarning
16:54:23     INFO -    Downloading https://pypi.pvt.build.mozilla.org/pub/blobuploader-1.2.4.tar.gz
16:54:24     INFO -  Collecting requests==1.2.3. (from blobuploader==1.2.4)
16:54:29     INFO -    Downloading https://pypi.pvt.build.mozilla.org/pub/requests-1.2.3.tar.gz (348kB)
16:54:31     INFO -  Collecting docopt==0.6.1 (from blobuploader==1.2.4)
16:54:36     INFO -    Downloading https://pypi.pvt.build.mozilla.org/pub/docopt-0.6.1.tar.gz
16:54:36     INFO -  Building wheels for collected packages: blobuploader, requests, docopt
16:54:36     INFO -    Running setup.py bdist_wheel for blobuploader: started
16:54:37     INFO -    Running setup.py bdist_wheel for blobuploader: finished with status 'done'
16:54:37     INFO -    Stored in directory: /home/cltbld/.cache/pip/wheels/a7/2a/47/2d3828e4129ffeb548a26f4a87889dc9bc1a58e201a0ff8655
16:54:37     INFO -    Running setup.py bdist_wheel for requests: started
16:54:38     INFO -    Running setup.py bdist_wheel for requests: finished with status 'done'
16:54:38     INFO -    Stored in directory: /home/cltbld/.cache/pip/wheels/65/bb/90/359b65a7043ffc879dde877c4ad827f452218808c6cccf2658
16:54:38     INFO -    Running setup.py bdist_wheel for docopt: started
16:54:38     INFO -    Running setup.py bdist_wheel for docopt: finished with status 'done'
16:54:38     INFO -    Stored in directory: /home/cltbld/.cache/pip/wheels/ac/8b/84/7dbe9ada02c48c352fa733c81648516f92c6436f9d5bffad41
16:54:38     INFO -  Successfully built blobuploader requests docopt
16:54:38     INFO -  Installing collected packages: requests, docopt, blobuploader
16:54:39     INFO -  Successfully installed blobuploader-1.2.4 docopt-0.6.1 requests-1.2.3
16:54:39     INFO - Return code: 0
16:54:39     INFO - Installing None into virtualenv /builds/slave/test/build/venv
16:54:39     INFO - retry: Calling run_command with args: [['/builds/slave/test/build/venv/bin/pip', 'install', '--no-deps', '--timeout', '120', '-r', '/builds/slave/test/build/tests/config/mozbase_requirements.txt', '--no-index', '--find-links', 'http://pypi.pvt.build.mozilla.org/pub', '--find-links', 'http://pypi.pub.build.mozilla.org/pub', '--trusted-host', 'pypi.pub.build.mozilla.org', '--trusted-host', 'pypi.pvt.build.mozilla.org']], kwargs: {'error_level': 'warning', 'error_list': [{'substr': 'not found or a compiler error:', 'level': 'warning'}, {'regex': <_sre.SRE_Pattern object at 0x7fbed321e110>, 'level': 'error'}, {'regex': <_sre.SRE_Pattern object at 0x7fbed3326e40>, 'level': 'warning'}, {'regex': <_sre.SRE_Pattern object at 0x197c3e0>, 'level': 'debug'}, {'substr': 'command not found', 'level': 'error'}, {'regex': <_sre.SRE_Pattern object at 0x1978a90>, 'level': 'warning'}, {'substr': 'Traceback (most recent call last)', 'level': 'error'}, {'substr': 'SyntaxError: ', 'level': 'error'}, {'substr': 'TypeError: ', 'level': 'error'}, {'substr': 'NameError: ', 'level': 'error'}, {'substr': 'ZeroDivisionError: ', 'level': 'error'}, {'regex': <_sre.SRE_Pattern object at 0x197a3f0>, 'level': 'critical'}, {'regex': <_sre.SRE_Pattern object at 0x197a670>, 'level': 'critical'}], 'cwd': '/builds/slave/test/build/tests/config', 'env': {'TMOUT': '86400', 'LOGNAME': 'cltbld', 'USER': 'cltbld', 'HOME': '/home/cltbld', 'PATH': '/usr/local/bin:/usr/local/bin:/usr/bin:/bin:/usr/local/games:/usr/games', 'DISPLAY': ':0', 'CCACHE_UMASK': '002', 'LANG': 'en_US.UTF-8', 'TERM': 'linux', 'SHELL': '/bin/bash', 'MOZ_NODE_PATH': '/usr/bin/node', 'XDG_SESSION_COOKIE': '9ca12473fbb1d023794ffd180000023c-1528501959.94107-1795216115', 'SHLVL': '1', 'NO_FAIL_ON_TEST_ERRORS': '1', 'MOZ_NO_REMOTE': '1', 'MOZ_HIDE_RESULTS_TABLE': '1', 'MAIL': '/var/mail/cltbld', '_': '/tools/buildbot/bin/python', 'NODE_PATH': '/usr/lib/nodejs:/usr/lib/node_modules:/usr/share/javascript', 'PWD': '/builds/slave/test', 'PROPERTIES_FILE': '/builds/slave/test/buildprops.json', 'CCACHE_DIR': '/builds/ccache'}}, attempt #1
16:54:39     INFO - Running command: ['/builds/slave/test/build/venv/bin/pip', 'install', '--no-deps', '--timeout', '120', '-r', '/builds/slave/test/build/tests/config/mozbase_requirements.txt', '--no-index', '--find-links', 'http://pypi.pvt.build.mozilla.org/pub', '--find-links', 'http://pypi.pub.build.mozilla.org/pub', '--trusted-host', 'pypi.pub.build.mozilla.org', '--trusted-host', 'pypi.pvt.build.mozilla.org'] in /builds/slave/test/build/tests/config
16:54:39     INFO - Copy/paste: /builds/slave/test/build/venv/bin/pip install --no-deps --timeout 120 -r /builds/slave/test/build/tests/config/mozbase_requirements.txt --no-index --find-links http://pypi.pvt.build.mozilla.org/pub --find-links http://pypi.pub.build.mozilla.org/pub --trusted-host pypi.pub.build.mozilla.org --trusted-host pypi.pvt.build.mozilla.org
16:54:39     INFO - Using env: {'CCACHE_DIR': '/builds/ccache',
16:54:39     INFO -  'CCACHE_UMASK': '002',
16:54:39     INFO -  'DISPLAY': ':0',
16:54:39     INFO -  'HOME': '/home/cltbld',
16:54:39     INFO -  'LANG': 'en_US.UTF-8',
16:54:39     INFO -  'LOGNAME': 'cltbld',
16:54:39     INFO -  'MAIL': '/var/mail/cltbld',
16:54:39     INFO -  'MOZ_HIDE_RESULTS_TABLE': '1',
16:54:39     INFO -  'MOZ_NODE_PATH': '/usr/bin/node',
16:54:39     INFO -  'MOZ_NO_REMOTE': '1',
16:54:39     INFO -  'NODE_PATH': '/usr/lib/nodejs:/usr/lib/node_modules:/usr/share/javascript',
16:54:39     INFO -  'NO_FAIL_ON_TEST_ERRORS': '1',
16:54:39     INFO -  'PATH': '/usr/local/bin:/usr/local/bin:/usr/bin:/bin:/usr/local/games:/usr/games',
16:54:39     INFO -  'PROPERTIES_FILE': '/builds/slave/test/buildprops.json',
16:54:39     INFO -  'PWD': '/builds/slave/test',
16:54:39     INFO -  'SHELL': '/bin/bash',
16:54:39     INFO -  'SHLVL': '1',
16:54:39     INFO -  'TERM': 'linux',
16:54:39     INFO -  'TMOUT': '86400',
16:54:39     INFO -  'USER': 'cltbld',
16:54:39     INFO -  'XDG_SESSION_COOKIE': '9ca12473fbb1d023794ffd180000023c-1528501959.94107-1795216115',
16:54:39     INFO -  '_': '/tools/buildbot/bin/python'}
16:54:40     INFO -  Ignoring indexes: https://pypi.python.org/simple
16:54:40     INFO -  Processing /builds/slave/test/build/tests/mozbase/manifestparser
16:54:41     INFO -  Processing /builds/slave/test/build/tests/mozbase/mozcrash
16:54:41     INFO -  Processing /builds/slave/test/build/tests/mozbase/mozdebug
16:54:41     INFO -  Processing /builds/slave/test/build/tests/mozbase/mozdevice
16:54:42     INFO -  Processing /builds/slave/test/build/tests/mozbase/mozfile
16:54:42     INFO -  Processing /builds/slave/test/build/tests/mozbase/mozhttpd
16:54:42     INFO -  Processing /builds/slave/test/build/tests/mozbase/mozinfo
16:54:43     INFO -  Processing /builds/slave/test/build/tests/mozbase/mozinstall
16:54:43     INFO -  Processing /builds/slave/test/build/tests/mozbase/mozleak
16:54:43     INFO -  Processing /builds/slave/test/build/tests/mozbase/mozlog
16:54:44     INFO -  Processing /builds/slave/test/build/tests/mozbase/moznetwork
16:54:44     INFO -  Processing /builds/slave/test/build/tests/mozbase/mozprocess
16:54:44     INFO -  Processing /builds/slave/test/build/tests/mozbase/mozprofile
16:54:45     INFO -  Processing /builds/slave/test/build/tests/mozbase/mozrunner
16:54:45     INFO -  Processing /builds/slave/test/build/tests/mozbase/mozscreenshot
16:54:45     INFO -  Processing /builds/slave/test/build/tests/mozbase/moztest
16:54:46     INFO -  Processing /builds/slave/test/build/tests/mozbase/mozversion
16:54:46     INFO -  Installing collected packages: manifestparser, mozcrash, mozdebug, mozdevice, mozfile, mozhttpd, mozinfo, mozInstall, mozleak, mozlog, moznetwork, mozprocess, mozprofile, mozrunner, mozscreenshot, moztest, mozversion
16:54:46     INFO -    Running setup.py install for manifestparser: started
16:54:47     INFO -      Running setup.py install for manifestparser: finished with status 'done'
16:54:47     INFO -    Running setup.py install for mozcrash: started
16:54:47     INFO -      Running setup.py install for mozcrash: finished with status 'done'
16:54:47     INFO -    Running setup.py install for mozdebug: started
16:54:47     INFO -      Running setup.py install for mozdebug: finished with status 'done'
16:54:47     INFO -    Running setup.py install for mozdevice: started
16:54:48     INFO -      Running setup.py install for mozdevice: finished with status 'done'
16:54:48     INFO -    Running setup.py install for mozfile: started
16:54:48     INFO -      Running setup.py install for mozfile: finished with status 'done'
16:54:48     INFO -    Running setup.py install for mozhttpd: started
16:54:49     INFO -      Running setup.py install for mozhttpd: finished with status 'done'
16:54:49     INFO -    Running setup.py install for mozinfo: started
16:54:49     INFO -      Running setup.py install for mozinfo: finished with status 'done'
16:54:49     INFO -    Running setup.py install for mozInstall: started
16:54:49     INFO -      Running setup.py install for mozInstall: finished with status 'done'
16:54:49     INFO -    Running setup.py install for mozleak: started
16:54:50     INFO -      Running setup.py install for mozleak: finished with status 'done'
16:54:50     INFO -    Running setup.py install for mozlog: started
16:54:50     INFO -      Running setup.py install for mozlog: finished with status 'done'
16:54:50     INFO -    Running setup.py install for moznetwork: started
16:54:51     INFO -      Running setup.py install for moznetwork: finished with status 'done'
16:54:51     INFO -    Running setup.py install for mozprocess: started
16:54:51     INFO -      Running setup.py install for mozprocess: finished with status 'done'
16:54:51     INFO -    Running setup.py install for mozprofile: started
16:54:52     INFO -      Running setup.py install for mozprofile: finished with status 'done'
16:54:52     INFO -    Running setup.py install for mozrunner: started
16:54:52     INFO -      Running setup.py install for mozrunner: finished with status 'done'
16:54:52     INFO -    Running setup.py install for mozscreenshot: started
16:54:53     INFO -      Running setup.py install for mozscreenshot: finished with status 'done'
16:54:53     INFO -    Running setup.py install for moztest: started
16:54:53     INFO -      Running setup.py install for moztest: finished with status 'done'
16:54:53     INFO -    Running setup.py install for mozversion: started
16:54:53     INFO -      Running setup.py install for mozversion: finished with status 'done'
16:54:54     INFO -  Successfully installed manifestparser-1.1 mozInstall-1.12 mozcrash-1.0 mozdebug-0.1 mozdevice-0.48 mozfile-1.2 mozhttpd-0.7 mozinfo-0.9 mozleak-0.1 mozlog-3.4 moznetwork-0.27 mozprocess-0.23 mozprofile-0.28 mozrunner-6.13 mozscreenshot-0.1 moztest-0.8 mozversion-1.4
16:54:54     INFO - Return code: 0
16:54:54     INFO - Installing None into virtualenv /builds/slave/test/build/venv
16:54:54     INFO - retry: Calling run_command with args: [['/builds/slave/test/build/venv/bin/pip', 'install', '--timeout', '120', '-r', '/builds/slave/test/build/tests/config/mozbase_requirements.txt', '--no-index', '--find-links', 'http://pypi.pvt.build.mozilla.org/pub', '--find-links', 'http://pypi.pub.build.mozilla.org/pub', '--trusted-host', 'pypi.pub.build.mozilla.org', '--trusted-host', 'pypi.pvt.build.mozilla.org']], kwargs: {'error_level': 'warning', 'error_list': [{'substr': 'not found or a compiler error:', 'level': 'warning'}, {'regex': <_sre.SRE_Pattern object at 0x7fbed321e110>, 'level': 'error'}, {'regex': <_sre.SRE_Pattern object at 0x7fbed3326e40>, 'level': 'warning'}, {'regex': <_sre.SRE_Pattern object at 0x197c3e0>, 'level': 'debug'}, {'substr': 'command not found', 'level': 'error'}, {'regex': <_sre.SRE_Pattern object at 0x1978a90>, 'level': 'warning'}, {'substr': 'Traceback (most recent call last)', 'level': 'error'}, {'substr': 'SyntaxError: ', 'level': 'error'}, {'substr': 'TypeError: ', 'level': 'error'}, {'substr': 'NameError: ', 'level': 'error'}, {'substr': 'ZeroDivisionError: ', 'level': 'error'}, {'regex': <_sre.SRE_Pattern object at 0x197a3f0>, 'level': 'critical'}, {'regex': <_sre.SRE_Pattern object at 0x197a670>, 'level': 'critical'}], 'cwd': '/builds/slave/test/build/tests/config', 'env': {'TMOUT': '86400', 'LOGNAME': 'cltbld', 'USER': 'cltbld', 'HOME': '/home/cltbld', 'PATH': '/usr/local/bin:/usr/local/bin:/usr/bin:/bin:/usr/local/games:/usr/games', 'DISPLAY': ':0', 'CCACHE_UMASK': '002', 'LANG': 'en_US.UTF-8', 'TERM': 'linux', 'SHELL': '/bin/bash', 'MOZ_NODE_PATH': '/usr/bin/node', 'XDG_SESSION_COOKIE': '9ca12473fbb1d023794ffd180000023c-1528501959.94107-1795216115', 'SHLVL': '1', 'NO_FAIL_ON_TEST_ERRORS': '1', 'MOZ_NO_REMOTE': '1', 'MOZ_HIDE_RESULTS_TABLE': '1', 'MAIL': '/var/mail/cltbld', '_': '/tools/buildbot/bin/python', 'NODE_PATH': '/usr/lib/nodejs:/usr/lib/node_modules:/usr/share/javascript', 'PWD': '/builds/slave/test', 'PROPERTIES_FILE': '/builds/slave/test/buildprops.json', 'CCACHE_DIR': '/builds/ccache'}}, attempt #1
16:54:54     INFO - Running command: ['/builds/slave/test/build/venv/bin/pip', 'install', '--timeout', '120', '-r', '/builds/slave/test/build/tests/config/mozbase_requirements.txt', '--no-index', '--find-links', 'http://pypi.pvt.build.mozilla.org/pub', '--find-links', 'http://pypi.pub.build.mozilla.org/pub', '--trusted-host', 'pypi.pub.build.mozilla.org', '--trusted-host', 'pypi.pvt.build.mozilla.org'] in /builds/slave/test/build/tests/config
16:54:54     INFO - Copy/paste: /builds/slave/test/build/venv/bin/pip install --timeout 120 -r /builds/slave/test/build/tests/config/mozbase_requirements.txt --no-index --find-links http://pypi.pvt.build.mozilla.org/pub --find-links http://pypi.pub.build.mozilla.org/pub --trusted-host pypi.pub.build.mozilla.org --trusted-host pypi.pvt.build.mozilla.org
16:54:54     INFO - Using env: {'CCACHE_DIR': '/builds/ccache',
16:54:54     INFO -  'CCACHE_UMASK': '002',
16:54:54     INFO -  'DISPLAY': ':0',
16:54:54     INFO -  'HOME': '/home/cltbld',
16:54:54     INFO -  'LANG': 'en_US.UTF-8',
16:54:54     INFO -  'LOGNAME': 'cltbld',
16:54:54     INFO -  'MAIL': '/var/mail/cltbld',
16:54:54     INFO -  'MOZ_HIDE_RESULTS_TABLE': '1',
16:54:54     INFO -  'MOZ_NODE_PATH': '/usr/bin/node',
16:54:54     INFO -  'MOZ_NO_REMOTE': '1',
16:54:54     INFO -  'NODE_PATH': '/usr/lib/nodejs:/usr/lib/node_modules:/usr/share/javascript',
16:54:54     INFO -  'NO_FAIL_ON_TEST_ERRORS': '1',
16:54:54     INFO -  'PATH': '/usr/local/bin:/usr/local/bin:/usr/bin:/bin:/usr/local/games:/usr/games',
16:54:54     INFO -  'PROPERTIES_FILE': '/builds/slave/test/buildprops.json',
16:54:54     INFO -  'PWD': '/builds/slave/test',
16:54:54     INFO -  'SHELL': '/bin/bash',
16:54:54     INFO -  'SHLVL': '1',
16:54:54     INFO -  'TERM': 'linux',
16:54:54     INFO -  'TMOUT': '86400',
16:54:54     INFO -  'USER': 'cltbld',
16:54:54     INFO -  'XDG_SESSION_COOKIE': '9ca12473fbb1d023794ffd180000023c-1528501959.94107-1795216115',
16:54:54     INFO -  '_': '/tools/buildbot/bin/python'}
16:54:55     INFO -  Ignoring indexes: https://pypi.python.org/simple
16:54:55     INFO -  Processing /builds/slave/test/build/tests/mozbase/manifestparser
16:54:56     INFO -    Requirement already satisfied (use --upgrade to upgrade): manifestparser==1.1 from file:///builds/slave/test/build/tests/mozbase/manifestparser in /builds/slave/test/build/venv/lib/python2.7/site-packages (from -r /builds/slave/test/build/tests/config/mozbase_requirements.txt (line 1))
16:54:56     INFO -  Processing /builds/slave/test/build/tests/mozbase/mozcrash
16:54:56     INFO -    Requirement already satisfied (use --upgrade to upgrade): mozcrash==1.0 from file:///builds/slave/test/build/tests/mozbase/mozcrash in /builds/slave/test/build/venv/lib/python2.7/site-packages (from -r /builds/slave/test/build/tests/config/mozbase_requirements.txt (line 2))
16:54:56     INFO -  Processing /builds/slave/test/build/tests/mozbase/mozdebug
16:54:56     INFO -    Requirement already satisfied (use --upgrade to upgrade): mozdebug==0.1 from file:///builds/slave/test/build/tests/mozbase/mozdebug in /builds/slave/test/build/venv/lib/python2.7/site-packages (from -r /builds/slave/test/build/tests/config/mozbase_requirements.txt (line 3))
16:54:56     INFO -  Processing /builds/slave/test/build/tests/mozbase/mozdevice
16:54:57     INFO -    Requirement already satisfied (use --upgrade to upgrade): mozdevice==0.48 from file:///builds/slave/test/build/tests/mozbase/mozdevice in /builds/slave/test/build/venv/lib/python2.7/site-packages (from -r /builds/slave/test/build/tests/config/mozbase_requirements.txt (line 4))
16:54:57     INFO -  Processing /builds/slave/test/build/tests/mozbase/mozfile
16:54:57     INFO -    Requirement already satisfied (use --upgrade to upgrade): mozfile==1.2 from file:///builds/slave/test/build/tests/mozbase/mozfile in /builds/slave/test/build/venv/lib/python2.7/site-packages (from -r /builds/slave/test/build/tests/config/mozbase_requirements.txt (line 5))
16:54:57     INFO -  Processing /builds/slave/test/build/tests/mozbase/mozhttpd
16:54:57     INFO -    Requirement already satisfied (use --upgrade to upgrade): mozhttpd==0.7 from file:///builds/slave/test/build/tests/mozbase/mozhttpd in /builds/slave/test/build/venv/lib/python2.7/site-packages (from -r /builds/slave/test/build/tests/config/mozbase_requirements.txt (line 6))
16:54:57     INFO -  Processing /builds/slave/test/build/tests/mozbase/mozinfo
16:54:58     INFO -    Requirement already satisfied (use --upgrade to upgrade): mozinfo==0.9 from file:///builds/slave/test/build/tests/mozbase/mozinfo in /builds/slave/test/build/venv/lib/python2.7/site-packages (from -r /builds/slave/test/build/tests/config/mozbase_requirements.txt (line 7))
16:54:58     INFO -  Processing /builds/slave/test/build/tests/mozbase/mozinstall
16:54:58     INFO -    Requirement already satisfied (use --upgrade to upgrade): mozInstall==1.12 from file:///builds/slave/test/build/tests/mozbase/mozinstall in /builds/slave/test/build/venv/lib/python2.7/site-packages (from -r /builds/slave/test/build/tests/config/mozbase_requirements.txt (line 8))
16:54:58     INFO -  Processing /builds/slave/test/build/tests/mozbase/mozleak
16:54:58     INFO -    Requirement already satisfied (use --upgrade to upgrade): mozleak==0.1 from file:///builds/slave/test/build/tests/mozbase/mozleak in /builds/slave/test/build/venv/lib/python2.7/site-packages (from -r /builds/slave/test/build/tests/config/mozbase_requirements.txt (line 9))
16:54:58     INFO -  Processing /builds/slave/test/build/tests/mozbase/mozlog
16:54:59     INFO -    Requirement already satisfied (use --upgrade to upgrade): mozlog==3.4 from file:///builds/slave/test/build/tests/mozbase/mozlog in /builds/slave/test/build/venv/lib/python2.7/site-packages (from -r /builds/slave/test/build/tests/config/mozbase_requirements.txt (line 10))
16:54:59     INFO -  Processing /builds/slave/test/build/tests/mozbase/moznetwork
16:54:59     INFO -    Requirement already satisfied (use --upgrade to upgrade): moznetwork==0.27 from file:///builds/slave/test/build/tests/mozbase/moznetwork in /builds/slave/test/build/venv/lib/python2.7/site-packages (from -r /builds/slave/test/build/tests/config/mozbase_requirements.txt (line 11))
16:54:59     INFO -  Processing /builds/slave/test/build/tests/mozbase/mozprocess
16:55:00     INFO -    Requirement already satisfied (use --upgrade to upgrade): mozprocess==0.23 from file:///builds/slave/test/build/tests/mozbase/mozprocess in /builds/slave/test/build/venv/lib/python2.7/site-packages (from -r /builds/slave/test/build/tests/config/mozbase_requirements.txt (line 12))
16:55:00     INFO -  Processing /builds/slave/test/build/tests/mozbase/mozprofile
16:55:00     INFO -    Requirement already satisfied (use --upgrade to upgrade): mozprofile==0.28 from file:///builds/slave/test/build/tests/mozbase/mozprofile in /builds/slave/test/build/venv/lib/python2.7/site-packages (from -r /builds/slave/test/build/tests/config/mozbase_requirements.txt (line 13))
16:55:00     INFO -  Processing /builds/slave/test/build/tests/mozbase/mozrunner
16:55:00     INFO -    Requirement already satisfied (use --upgrade to upgrade): mozrunner==6.13 from file:///builds/slave/test/build/tests/mozbase/mozrunner in /builds/slave/test/build/venv/lib/python2.7/site-packages (from -r /builds/slave/test/build/tests/config/mozbase_requirements.txt (line 14))
16:55:00     INFO -  Processing /builds/slave/test/build/tests/mozbase/mozscreenshot
16:55:01     INFO -    Requirement already satisfied (use --upgrade to upgrade): mozscreenshot==0.1 from file:///builds/slave/test/build/tests/mozbase/mozscreenshot in /builds/slave/test/build/venv/lib/python2.7/site-packages (from -r /builds/slave/test/build/tests/config/mozbase_requirements.txt (line 15))
16:55:01     INFO -  Processing /builds/slave/test/build/tests/mozbase/moztest
16:55:01     INFO -    Requirement already satisfied (use --upgrade to upgrade): moztest==0.8 from file:///builds/slave/test/build/tests/mozbase/moztest in /builds/slave/test/build/venv/lib/python2.7/site-packages (from -r /builds/slave/test/build/tests/config/mozbase_requirements.txt (line 16))
16:55:01     INFO -  Processing /builds/slave/test/build/tests/mozbase/mozversion
16:55:02     INFO -    Requirement already satisfied (use --upgrade to upgrade): mozversion==1.4 from file:///builds/slave/test/build/tests/mozbase/mozversion in /builds/slave/test/build/venv/lib/python2.7/site-packages (from -r /builds/slave/test/build/tests/config/mozbase_requirements.txt (line 17))
16:55:02     INFO -  Requirement already satisfied (use --upgrade to upgrade): mozfile>=1.0 in /builds/slave/test/build/venv/lib/python2.7/site-packages (from mozcrash==1.0->-r /builds/slave/test/build/tests/config/mozbase_requirements.txt (line 2))
16:55:02     INFO -  Requirement already satisfied (use --upgrade to upgrade): mozlog>=3.0 in /builds/slave/test/build/venv/lib/python2.7/site-packages (from mozcrash==1.0->-r /builds/slave/test/build/tests/config/mozbase_requirements.txt (line 2))
16:55:02     INFO -  Requirement already satisfied (use --upgrade to upgrade): mozinfo in /builds/slave/test/build/venv/lib/python2.7/site-packages (from mozdebug==0.1->-r /builds/slave/test/build/tests/config/mozbase_requirements.txt (line 3))
16:55:02     INFO -  Requirement already satisfied (use --upgrade to upgrade): moznetwork>=0.24 in /builds/slave/test/build/venv/lib/python2.7/site-packages (from mozdevice==0.48->-r /builds/slave/test/build/tests/config/mozbase_requirements.txt (line 4))
16:55:02     INFO -  Requirement already satisfied (use --upgrade to upgrade): mozprocess>=0.19 in /builds/slave/test/build/venv/lib/python2.7/site-packages (from mozdevice==0.48->-r /builds/slave/test/build/tests/config/mozbase_requirements.txt (line 4))
16:55:02     INFO -  Collecting blessings>=1.3 (from mozlog==3.4->-r /builds/slave/test/build/tests/config/mozbase_requirements.txt (line 10))
16:55:02     INFO -  /builds/slave/test/build/venv/lib/python2.7/site-packages/pip/_vendor/requests/packages/urllib3/util/ssl_.py:318: SNIMissingWarning: An HTTPS request has been made, but the SNI (Subject Name Indication) extension to TLS is not available on this platform. This may cause the server to present an incorrect TLS certificate, which can cause validation failures. You can upgrade to a newer version of Python to solve this. For more information, see https://urllib3.readthedocs.org/en/latest/security.html#snimissingwarning.
16:55:02     INFO -    SNIMissingWarning
16:55:02     INFO -  /builds/slave/test/build/venv/lib/python2.7/site-packages/pip/_vendor/requests/packages/urllib3/util/ssl_.py:122: InsecurePlatformWarning: A true SSLContext object is not available. This prevents urllib3 from configuring SSL appropriately and may cause certain SSL connections to fail. You can upgrade to a newer version of Python to solve this. For more information, see https://urllib3.readthedocs.org/en/latest/security.html#insecureplatformwarning.
16:55:02     INFO -    InsecurePlatformWarning
16:55:04     INFO -  /builds/slave/test/build/venv/lib/python2.7/site-packages/pip/_vendor/requests/packages/urllib3/util/ssl_.py:122: InsecurePlatformWarning: A true SSLContext object is not available. This prevents urllib3 from configuring SSL appropriately and may cause certain SSL connections to fail. You can upgrade to a newer version of Python to solve this. For more information, see https://urllib3.readthedocs.org/en/latest/security.html#insecureplatformwarning.
16:55:04     INFO -    InsecurePlatformWarning
16:55:09     INFO -    Downloading https://pypi.pvt.build.mozilla.org/pub/blessings-1.6.tar.gz
16:55:09     INFO -  Building wheels for collected packages: blessings
16:55:09     INFO -    Running setup.py bdist_wheel for blessings: started
16:55:10     INFO -    Running setup.py bdist_wheel for blessings: finished with status 'done'
16:55:10     INFO -    Stored in directory: /home/cltbld/.cache/pip/wheels/fb/37/ae/c6b15ed5da2ead5847df54c8319487050d4dcc950c9795eae9
16:55:10     INFO -  Successfully built blessings
16:55:10     INFO -  Installing collected packages: blessings
16:55:10     INFO -  Successfully installed blessings-1.6
16:55:10     INFO - Return code: 0
16:55:10     INFO - Installing pip>=1.5 into virtualenv /builds/slave/test/build/venv
16:55:11     INFO - retry: Calling run_command with args: [['/builds/slave/test/build/venv/bin/pip', 'install', '--timeout', '120', '--no-index', '--find-links', 'http://pypi.pvt.build.mozilla.org/pub', '--find-links', 'http://pypi.pub.build.mozilla.org/pub', '--trusted-host', 'pypi.pub.build.mozilla.org', '--trusted-host', 'pypi.pvt.build.mozilla.org', 'pip>=1.5']], kwargs: {'error_level': 'warning', 'error_list': [{'substr': 'not found or a compiler error:', 'level': 'warning'}, {'regex': <_sre.SRE_Pattern object at 0x7fbed321e110>, 'level': 'error'}, {'regex': <_sre.SRE_Pattern object at 0x7fbed3326e40>, 'level': 'warning'}, {'regex': <_sre.SRE_Pattern object at 0x197c3e0>, 'level': 'debug'}, {'substr': 'command not found', 'level': 'error'}, {'regex': <_sre.SRE_Pattern object at 0x1978a90>, 'level': 'warning'}, {'substr': 'Traceback (most recent call last)', 'level': 'error'}, {'substr': 'SyntaxError: ', 'level': 'error'}, {'substr': 'TypeError: ', 'level': 'error'}, {'substr': 'NameError: ', 'level': 'error'}, {'substr': 'ZeroDivisionError: ', 'level': 'error'}, {'regex': <_sre.SRE_Pattern object at 0x197a3f0>, 'level': 'critical'}, {'regex': <_sre.SRE_Pattern object at 0x197a670>, 'level': 'critical'}], 'cwd': '/builds/slave/test/build', 'env': {'TMOUT': '86400', 'LOGNAME': 'cltbld', 'USER': 'cltbld', 'HOME': '/home/cltbld', 'PATH': '/usr/local/bin:/usr/local/bin:/usr/bin:/bin:/usr/local/games:/usr/games', 'DISPLAY': ':0', 'CCACHE_UMASK': '002', 'LANG': 'en_US.UTF-8', 'TERM': 'linux', 'SHELL': '/bin/bash', 'MOZ_NODE_PATH': '/usr/bin/node', 'XDG_SESSION_COOKIE': '9ca12473fbb1d023794ffd180000023c-1528501959.94107-1795216115', 'SHLVL': '1', 'NO_FAIL_ON_TEST_ERRORS': '1', 'MOZ_NO_REMOTE': '1', 'MOZ_HIDE_RESULTS_TABLE': '1', 'MAIL': '/var/mail/cltbld', '_': '/tools/buildbot/bin/python', 'NODE_PATH': '/usr/lib/nodejs:/usr/lib/node_modules:/usr/share/javascript', 'PWD': '/builds/slave/test', 'PROPERTIES_FILE': '/builds/slave/test/buildprops.json', 'CCACHE_DIR': '/builds/ccache'}}, attempt #1
16:55:11     INFO - Running command: ['/builds/slave/test/build/venv/bin/pip', 'install', '--timeout', '120', '--no-index', '--find-links', 'http://pypi.pvt.build.mozilla.org/pub', '--find-links', 'http://pypi.pub.build.mozilla.org/pub', '--trusted-host', 'pypi.pub.build.mozilla.org', '--trusted-host', 'pypi.pvt.build.mozilla.org', 'pip>=1.5'] in /builds/slave/test/build
16:55:11     INFO - Copy/paste: /builds/slave/test/build/venv/bin/pip install --timeout 120 --no-index --find-links http://pypi.pvt.build.mozilla.org/pub --find-links http://pypi.pub.build.mozilla.org/pub --trusted-host pypi.pub.build.mozilla.org --trusted-host pypi.pvt.build.mozilla.org pip>=1.5
16:55:11     INFO - Using env: {'CCACHE_DIR': '/builds/ccache',
16:55:11     INFO -  'CCACHE_UMASK': '002',
16:55:11     INFO -  'DISPLAY': ':0',
16:55:11     INFO -  'HOME': '/home/cltbld',
16:55:11     INFO -  'LANG': 'en_US.UTF-8',
16:55:11     INFO -  'LOGNAME': 'cltbld',
16:55:11     INFO -  'MAIL': '/var/mail/cltbld',
16:55:11     INFO -  'MOZ_HIDE_RESULTS_TABLE': '1',
16:55:11     INFO -  'MOZ_NODE_PATH': '/usr/bin/node',
16:55:11     INFO -  'MOZ_NO_REMOTE': '1',
16:55:11     INFO -  'NODE_PATH': '/usr/lib/nodejs:/usr/lib/node_modules:/usr/share/javascript',
16:55:11     INFO -  'NO_FAIL_ON_TEST_ERRORS': '1',
16:55:11     INFO -  'PATH': '/usr/local/bin:/usr/local/bin:/usr/bin:/bin:/usr/local/games:/usr/games',
16:55:11     INFO -  'PROPERTIES_FILE': '/builds/slave/test/buildprops.json',
16:55:11     INFO -  'PWD': '/builds/slave/test',
16:55:11     INFO -  'SHELL': '/bin/bash',
16:55:11     INFO -  'SHLVL': '1',
16:55:11     INFO -  'TERM': 'linux',
16:55:11     INFO -  'TMOUT': '86400',
16:55:11     INFO -  'USER': 'cltbld',
16:55:11     INFO -  'XDG_SESSION_COOKIE': '9ca12473fbb1d023794ffd180000023c-1528501959.94107-1795216115',
16:55:11     INFO -  '_': '/tools/buildbot/bin/python'}
16:55:11     INFO -  Ignoring indexes: https://pypi.python.org/simple
16:55:11     INFO -  Requirement already satisfied (use --upgrade to upgrade): pip>=1.5 in ./venv/lib/python2.7/site-packages
16:55:11     INFO - Return code: 0
16:55:11     INFO - Installing psutil==3.1.1 into virtualenv /builds/slave/test/build/venv
16:55:12     INFO - retry: Calling run_command with args: [['/builds/slave/test/build/venv/bin/pip', 'install', '--timeout', '120', '--no-index', '--find-links', 'http://pypi.pvt.build.mozilla.org/pub', '--find-links', 'http://pypi.pub.build.mozilla.org/pub', '--trusted-host', 'pypi.pub.build.mozilla.org', '--trusted-host', 'pypi.pvt.build.mozilla.org', 'psutil==3.1.1']], kwargs: {'error_level': 'warning', 'error_list': [{'substr': 'not found or a compiler error:', 'level': 'warning'}, {'regex': <_sre.SRE_Pattern object at 0x7fbed321e110>, 'level': 'error'}, {'regex': <_sre.SRE_Pattern object at 0x7fbed3326e40>, 'level': 'warning'}, {'regex': <_sre.SRE_Pattern object at 0x197c3e0>, 'level': 'debug'}, {'substr': 'command not found', 'level': 'error'}, {'regex': <_sre.SRE_Pattern object at 0x1978a90>, 'level': 'warning'}, {'substr': 'Traceback (most recent call last)', 'level': 'error'}, {'substr': 'SyntaxError: ', 'level': 'error'}, {'substr': 'TypeError: ', 'level': 'error'}, {'substr': 'NameError: ', 'level': 'error'}, {'substr': 'ZeroDivisionError: ', 'level': 'error'}, {'regex': <_sre.SRE_Pattern object at 0x197a3f0>, 'level': 'critical'}, {'regex': <_sre.SRE_Pattern object at 0x197a670>, 'level': 'critical'}], 'cwd': '/builds/slave/test/build', 'env': {'TMOUT': '86400', 'LOGNAME': 'cltbld', 'USER': 'cltbld', 'HOME': '/home/cltbld', 'PATH': '/usr/local/bin:/usr/local/bin:/usr/bin:/bin:/usr/local/games:/usr/games', 'DISPLAY': ':0', 'CCACHE_UMASK': '002', 'LANG': 'en_US.UTF-8', 'TERM': 'linux', 'SHELL': '/bin/bash', 'MOZ_NODE_PATH': '/usr/bin/node', 'XDG_SESSION_COOKIE': '9ca12473fbb1d023794ffd180000023c-1528501959.94107-1795216115', 'SHLVL': '1', 'NO_FAIL_ON_TEST_ERRORS': '1', 'MOZ_NO_REMOTE': '1', 'MOZ_HIDE_RESULTS_TABLE': '1', 'MAIL': '/var/mail/cltbld', '_': '/tools/buildbot/bin/python', 'NODE_PATH': '/usr/lib/nodejs:/usr/lib/node_modules:/usr/share/javascript', 'PWD': '/builds/slave/test', 'PROPERTIES_FILE': '/builds/slave/test/buildprops.json', 'CCACHE_DIR': '/builds/ccache'}}, attempt #1
16:55:12     INFO - Running command: ['/builds/slave/test/build/venv/bin/pip', 'install', '--timeout', '120', '--no-index', '--find-links', 'http://pypi.pvt.build.mozilla.org/pub', '--find-links', 'http://pypi.pub.build.mozilla.org/pub', '--trusted-host', 'pypi.pub.build.mozilla.org', '--trusted-host', 'pypi.pvt.build.mozilla.org', 'psutil==3.1.1'] in /builds/slave/test/build
16:55:12     INFO - Copy/paste: /builds/slave/test/build/venv/bin/pip install --timeout 120 --no-index --find-links http://pypi.pvt.build.mozilla.org/pub --find-links http://pypi.pub.build.mozilla.org/pub --trusted-host pypi.pub.build.mozilla.org --trusted-host pypi.pvt.build.mozilla.org psutil==3.1.1
16:55:12     INFO - Using env: {'CCACHE_DIR': '/builds/ccache',
16:55:12     INFO -  'CCACHE_UMASK': '002',
16:55:12     INFO -  'DISPLAY': ':0',
16:55:12     INFO -  'HOME': '/home/cltbld',
16:55:12     INFO -  'LANG': 'en_US.UTF-8',
16:55:12     INFO -  'LOGNAME': 'cltbld',
16:55:12     INFO -  'MAIL': '/var/mail/cltbld',
16:55:12     INFO -  'MOZ_HIDE_RESULTS_TABLE': '1',
16:55:12     INFO -  'MOZ_NODE_PATH': '/usr/bin/node',
16:55:12     INFO -  'MOZ_NO_REMOTE': '1',
16:55:12     INFO -  'NODE_PATH': '/usr/lib/nodejs:/usr/lib/node_modules:/usr/share/javascript',
16:55:12     INFO -  'NO_FAIL_ON_TEST_ERRORS': '1',
16:55:12     INFO -  'PATH': '/usr/local/bin:/usr/local/bin:/usr/bin:/bin:/usr/local/games:/usr/games',
16:55:12     INFO -  'PROPERTIES_FILE': '/builds/slave/test/buildprops.json',
16:55:12     INFO -  'PWD': '/builds/slave/test',
16:55:12     INFO -  'SHELL': '/bin/bash',
16:55:12     INFO -  'SHLVL': '1',
16:55:12     INFO -  'TERM': 'linux',
16:55:12     INFO -  'TMOUT': '86400',
16:55:12     INFO -  'USER': 'cltbld',
16:55:12     INFO -  'XDG_SESSION_COOKIE': '9ca12473fbb1d023794ffd180000023c-1528501959.94107-1795216115',
16:55:12     INFO -  '_': '/tools/buildbot/bin/python'}
16:55:13     INFO -  Ignoring indexes: https://pypi.python.org/simple
16:55:13     INFO -  Collecting psutil==3.1.1
16:55:13     INFO -  /builds/slave/test/build/venv/lib/python2.7/site-packages/pip/_vendor/requests/packages/urllib3/util/ssl_.py:318: SNIMissingWarning: An HTTPS request has been made, but the SNI (Subject Name Indication) extension to TLS is not available on this platform. This may cause the server to present an incorrect TLS certificate, which can cause validation failures. You can upgrade to a newer version of Python to solve this. For more information, see https://urllib3.readthedocs.org/en/latest/security.html#snimissingwarning.
16:55:13     INFO -    SNIMissingWarning
16:55:13     INFO -  /builds/slave/test/build/venv/lib/python2.7/site-packages/pip/_vendor/requests/packages/urllib3/util/ssl_.py:122: InsecurePlatformWarning: A true SSLContext object is not available. This prevents urllib3 from configuring SSL appropriately and may cause certain SSL connections to fail. You can upgrade to a newer version of Python to solve this. For more information, see https://urllib3.readthedocs.org/en/latest/security.html#insecureplatformwarning.
16:55:13     INFO -    InsecurePlatformWarning
16:55:15     INFO -  /builds/slave/test/build/venv/lib/python2.7/site-packages/pip/_vendor/requests/packages/urllib3/util/ssl_.py:122: InsecurePlatformWarning: A true SSLContext object is not available. This prevents urllib3 from configuring SSL appropriately and may cause certain SSL connections to fail. You can upgrade to a newer version of Python to solve this. For more information, see https://urllib3.readthedocs.org/en/latest/security.html#insecureplatformwarning.
16:55:15     INFO -    InsecurePlatformWarning
16:55:20     INFO -    Downloading https://pypi.pvt.build.mozilla.org/pub/psutil-3.1.1.tar.gz (247kB)
16:55:21     INFO -  Building wheels for collected packages: psutil
16:55:21     INFO -    Running setup.py bdist_wheel for psutil: started
16:55:22     INFO -    Running setup.py bdist_wheel for psutil: finished with status 'done'
16:55:22     INFO -    Stored in directory: /home/cltbld/.cache/pip/wheels/1e/e6/25/f0494673fc8d727828e74362e3beb4cbaf34d8be516156ba0c
16:55:22     INFO -  Successfully built psutil
16:55:22     INFO -  Installing collected packages: psutil
16:55:22     INFO -    Found existing installation: psutil 5.4.3
16:55:22     INFO -      Uninstalling psutil-5.4.3:
16:55:22     INFO -        Successfully uninstalled psutil-5.4.3
16:55:23     INFO -  Successfully installed psutil-3.1.1
16:55:23     INFO - Return code: 0
16:55:23     INFO - Installing mock into virtualenv /builds/slave/test/build/venv
16:55:23     INFO - retry: Calling run_command with args: [['/builds/slave/test/build/venv/bin/pip', 'install', '--timeout', '120', '--no-index', '--find-links', 'http://pypi.pvt.build.mozilla.org/pub', '--find-links', 'http://pypi.pub.build.mozilla.org/pub', '--trusted-host', 'pypi.pub.build.mozilla.org', '--trusted-host', 'pypi.pvt.build.mozilla.org', 'mock']], kwargs: {'error_level': 'warning', 'error_list': [{'substr': 'not found or a compiler error:', 'level': 'warning'}, {'regex': <_sre.SRE_Pattern object at 0x7fbed321e110>, 'level': 'error'}, {'regex': <_sre.SRE_Pattern object at 0x7fbed3326e40>, 'level': 'warning'}, {'regex': <_sre.SRE_Pattern object at 0x197c3e0>, 'level': 'debug'}, {'substr': 'command not found', 'level': 'error'}, {'regex': <_sre.SRE_Pattern object at 0x1978a90>, 'level': 'warning'}, {'substr': 'Traceback (most recent call last)', 'level': 'error'}, {'substr': 'SyntaxError: ', 'level': 'error'}, {'substr': 'TypeError: ', 'level': 'error'}, {'substr': 'NameError: ', 'level': 'error'}, {'substr': 'ZeroDivisionError: ', 'level': 'error'}, {'regex': <_sre.SRE_Pattern object at 0x197a3f0>, 'level': 'critical'}, {'regex': <_sre.SRE_Pattern object at 0x197a670>, 'level': 'critical'}], 'cwd': '/builds/slave/test/build', 'env': {'TMOUT': '86400', 'LOGNAME': 'cltbld', 'USER': 'cltbld', 'HOME': '/home/cltbld', 'PATH': '/usr/local/bin:/usr/local/bin:/usr/bin:/bin:/usr/local/games:/usr/games', 'DISPLAY': ':0', 'CCACHE_UMASK': '002', 'LANG': 'en_US.UTF-8', 'TERM': 'linux', 'SHELL': '/bin/bash', 'MOZ_NODE_PATH': '/usr/bin/node', 'XDG_SESSION_COOKIE': '9ca12473fbb1d023794ffd180000023c-1528501959.94107-1795216115', 'SHLVL': '1', 'NO_FAIL_ON_TEST_ERRORS': '1', 'MOZ_NO_REMOTE': '1', 'MOZ_HIDE_RESULTS_TABLE': '1', 'MAIL': '/var/mail/cltbld', '_': '/tools/buildbot/bin/python', 'NODE_PATH': '/usr/lib/nodejs:/usr/lib/node_modules:/usr/share/javascript', 'PWD': '/builds/slave/test', 'PROPERTIES_FILE': '/builds/slave/test/buildprops.json', 'CCACHE_DIR': '/builds/ccache'}}, attempt #1
16:55:23     INFO - Running command: ['/builds/slave/test/build/venv/bin/pip', 'install', '--timeout', '120', '--no-index', '--find-links', 'http://pypi.pvt.build.mozilla.org/pub', '--find-links', 'http://pypi.pub.build.mozilla.org/pub', '--trusted-host', 'pypi.pub.build.mozilla.org', '--trusted-host', 'pypi.pvt.build.mozilla.org', 'mock'] in /builds/slave/test/build
16:55:23     INFO - Copy/paste: /builds/slave/test/build/venv/bin/pip install --timeout 120 --no-index --find-links http://pypi.pvt.build.mozilla.org/pub --find-links http://pypi.pub.build.mozilla.org/pub --trusted-host pypi.pub.build.mozilla.org --trusted-host pypi.pvt.build.mozilla.org mock
16:55:23     INFO - Using env: {'CCACHE_DIR': '/builds/ccache',
16:55:23     INFO -  'CCACHE_UMASK': '002',
16:55:23     INFO -  'DISPLAY': ':0',
16:55:23     INFO -  'HOME': '/home/cltbld',
16:55:23     INFO -  'LANG': 'en_US.UTF-8',
16:55:23     INFO -  'LOGNAME': 'cltbld',
16:55:23     INFO -  'MAIL': '/var/mail/cltbld',
16:55:23     INFO -  'MOZ_HIDE_RESULTS_TABLE': '1',
16:55:23     INFO -  'MOZ_NODE_PATH': '/usr/bin/node',
16:55:23     INFO -  'MOZ_NO_REMOTE': '1',
16:55:23     INFO -  'NODE_PATH': '/usr/lib/nodejs:/usr/lib/node_modules:/usr/share/javascript',
16:55:23     INFO -  'NO_FAIL_ON_TEST_ERRORS': '1',
16:55:23     INFO -  'PATH': '/usr/local/bin:/usr/local/bin:/usr/bin:/bin:/usr/local/games:/usr/games',
16:55:23     INFO -  'PROPERTIES_FILE': '/builds/slave/test/buildprops.json',
16:55:23     INFO -  'PWD': '/builds/slave/test',
16:55:23     INFO -  'SHELL': '/bin/bash',
16:55:23     INFO -  'SHLVL': '1',
16:55:23     INFO -  'TERM': 'linux',
16:55:23     INFO -  'TMOUT': '86400',
16:55:23     INFO -  'USER': 'cltbld',
16:55:23     INFO -  'XDG_SESSION_COOKIE': '9ca12473fbb1d023794ffd180000023c-1528501959.94107-1795216115',
16:55:23     INFO -  '_': '/tools/buildbot/bin/python'}
16:55:24     INFO -  Ignoring indexes: https://pypi.python.org/simple
16:55:24     INFO -  Collecting mock
16:55:24     INFO -  /builds/slave/test/build/venv/lib/python2.7/site-packages/pip/_vendor/requests/packages/urllib3/util/ssl_.py:318: SNIMissingWarning: An HTTPS request has been made, but the SNI (Subject Name Indication) extension to TLS is not available on this platform. This may cause the server to present an incorrect TLS certificate, which can cause validation failures. You can upgrade to a newer version of Python to solve this. For more information, see https://urllib3.readthedocs.org/en/latest/security.html#snimissingwarning.
16:55:24     INFO -    SNIMissingWarning
16:55:24     INFO -  /builds/slave/test/build/venv/lib/python2.7/site-packages/pip/_vendor/requests/packages/urllib3/util/ssl_.py:122: InsecurePlatformWarning: A true SSLContext object is not available. This prevents urllib3 from configuring SSL appropriately and may cause certain SSL connections to fail. You can upgrade to a newer version of Python to solve this. For more information, see https://urllib3.readthedocs.org/en/latest/security.html#insecureplatformwarning.
16:55:24     INFO -    InsecurePlatformWarning
16:55:26     INFO -  /builds/slave/test/build/venv/lib/python2.7/site-packages/pip/_vendor/requests/packages/urllib3/util/ssl_.py:122: InsecurePlatformWarning: A true SSLContext object is not available. This prevents urllib3 from configuring SSL appropriately and may cause certain SSL connections to fail. You can upgrade to a newer version of Python to solve this. For more information, see https://urllib3.readthedocs.org/en/latest/security.html#insecureplatformwarning.
16:55:26     INFO -    InsecurePlatformWarning
16:55:31     INFO -    Downloading https://pypi.pvt.build.mozilla.org/pub/mock-1.0.1.tar.gz (818kB)
16:55:32     INFO -  Building wheels for collected packages: mock
16:55:32     INFO -    Running setup.py bdist_wheel for mock: started
16:55:33     INFO -    Running setup.py bdist_wheel for mock: finished with status 'done'
16:55:33     INFO -    Stored in directory: /home/cltbld/.cache/pip/wheels/42/d3/87/79283a2f50dfedbfad996edf7028483b27c5953e56856af7d0
16:55:33     INFO -  Successfully built mock
16:55:33     INFO -  Installing collected packages: mock
16:55:33     INFO -  Successfully installed mock-1.0.1
16:55:33     INFO - Return code: 0
16:55:33     INFO - Installing simplejson into virtualenv /builds/slave/test/build/venv
16:55:33     INFO - retry: Calling run_command with args: [['/builds/slave/test/build/venv/bin/pip', 'install', '--timeout', '120', '--no-index', '--find-links', 'http://pypi.pvt.build.mozilla.org/pub', '--find-links', 'http://pypi.pub.build.mozilla.org/pub', '--trusted-host', 'pypi.pub.build.mozilla.org', '--trusted-host', 'pypi.pvt.build.mozilla.org', 'simplejson']], kwargs: {'error_level': 'warning', 'error_list': [{'substr': 'not found or a compiler error:', 'level': 'warning'}, {'regex': <_sre.SRE_Pattern object at 0x7fbed321e110>, 'level': 'error'}, {'regex': <_sre.SRE_Pattern object at 0x7fbed3326e40>, 'level': 'warning'}, {'regex': <_sre.SRE_Pattern object at 0x197c3e0>, 'level': 'debug'}, {'substr': 'command not found', 'level': 'error'}, {'regex': <_sre.SRE_Pattern object at 0x1978a90>, 'level': 'warning'}, {'substr': 'Traceback (most recent call last)', 'level': 'error'}, {'substr': 'SyntaxError: ', 'level': 'error'}, {'substr': 'TypeError: ', 'level': 'error'}, {'substr': 'NameError: ', 'level': 'error'}, {'substr': 'ZeroDivisionError: ', 'level': 'error'}, {'regex': <_sre.SRE_Pattern object at 0x197a3f0>, 'level': 'critical'}, {'regex': <_sre.SRE_Pattern object at 0x197a670>, 'level': 'critical'}], 'cwd': '/builds/slave/test/build', 'env': {'TMOUT': '86400', 'LOGNAME': 'cltbld', 'USER': 'cltbld', 'HOME': '/home/cltbld', 'PATH': '/usr/local/bin:/usr/local/bin:/usr/bin:/bin:/usr/local/games:/usr/games', 'DISPLAY': ':0', 'CCACHE_UMASK': '002', 'LANG': 'en_US.UTF-8', 'TERM': 'linux', 'SHELL': '/bin/bash', 'MOZ_NODE_PATH': '/usr/bin/node', 'XDG_SESSION_COOKIE': '9ca12473fbb1d023794ffd180000023c-1528501959.94107-1795216115', 'SHLVL': '1', 'NO_FAIL_ON_TEST_ERRORS': '1', 'MOZ_NO_REMOTE': '1', 'MOZ_HIDE_RESULTS_TABLE': '1', 'MAIL': '/var/mail/cltbld', '_': '/tools/buildbot/bin/python', 'NODE_PATH': '/usr/lib/nodejs:/usr/lib/node_modules:/usr/share/javascript', 'PWD': '/builds/slave/test', 'PROPERTIES_FILE': '/builds/slave/test/buildprops.json', 'CCACHE_DIR': '/builds/ccache'}}, attempt #1
16:55:33     INFO - Running command: ['/builds/slave/test/build/venv/bin/pip', 'install', '--timeout', '120', '--no-index', '--find-links', 'http://pypi.pvt.build.mozilla.org/pub', '--find-links', 'http://pypi.pub.build.mozilla.org/pub', '--trusted-host', 'pypi.pub.build.mozilla.org', '--trusted-host', 'pypi.pvt.build.mozilla.org', 'simplejson'] in /builds/slave/test/build
16:55:33     INFO - Copy/paste: /builds/slave/test/build/venv/bin/pip install --timeout 120 --no-index --find-links http://pypi.pvt.build.mozilla.org/pub --find-links http://pypi.pub.build.mozilla.org/pub --trusted-host pypi.pub.build.mozilla.org --trusted-host pypi.pvt.build.mozilla.org simplejson
16:55:33     INFO - Using env: {'CCACHE_DIR': '/builds/ccache',
16:55:33     INFO -  'CCACHE_UMASK': '002',
16:55:33     INFO -  'DISPLAY': ':0',
16:55:33     INFO -  'HOME': '/home/cltbld',
16:55:33     INFO -  'LANG': 'en_US.UTF-8',
16:55:33     INFO -  'LOGNAME': 'cltbld',
16:55:33     INFO -  'MAIL': '/var/mail/cltbld',
16:55:33     INFO -  'MOZ_HIDE_RESULTS_TABLE': '1',
16:55:33     INFO -  'MOZ_NODE_PATH': '/usr/bin/node',
16:55:33     INFO -  'MOZ_NO_REMOTE': '1',
16:55:33     INFO -  'NODE_PATH': '/usr/lib/nodejs:/usr/lib/node_modules:/usr/share/javascript',
16:55:33     INFO -  'NO_FAIL_ON_TEST_ERRORS': '1',
16:55:33     INFO -  'PATH': '/usr/local/bin:/usr/local/bin:/usr/bin:/bin:/usr/local/games:/usr/games',
16:55:33     INFO -  'PROPERTIES_FILE': '/builds/slave/test/buildprops.json',
16:55:33     INFO -  'PWD': '/builds/slave/test',
16:55:33     INFO -  'SHELL': '/bin/bash',
16:55:33     INFO -  'SHLVL': '1',
16:55:33     INFO -  'TERM': 'linux',
16:55:33     INFO -  'TMOUT': '86400',
16:55:33     INFO -  'USER': 'cltbld',
16:55:33     INFO -  'XDG_SESSION_COOKIE': '9ca12473fbb1d023794ffd180000023c-1528501959.94107-1795216115',
16:55:33     INFO -  '_': '/tools/buildbot/bin/python'}
16:55:34     INFO -  Ignoring indexes: https://pypi.python.org/simple
16:55:34     INFO -  Collecting simplejson
16:55:34     INFO -  /builds/slave/test/build/venv/lib/python2.7/site-packages/pip/_vendor/requests/packages/urllib3/util/ssl_.py:318: SNIMissingWarning: An HTTPS request has been made, but the SNI (Subject Name Indication) extension to TLS is not available on this platform. This may cause the server to present an incorrect TLS certificate, which can cause validation failures. You can upgrade to a newer version of Python to solve this. For more information, see https://urllib3.readthedocs.org/en/latest/security.html#snimissingwarning.
16:55:34     INFO -    SNIMissingWarning
16:55:34     INFO -  /builds/slave/test/build/venv/lib/python2.7/site-packages/pip/_vendor/requests/packages/urllib3/util/ssl_.py:122: InsecurePlatformWarning: A true SSLContext object is not available. This prevents urllib3 from configuring SSL appropriately and may cause certain SSL connections to fail. You can upgrade to a newer version of Python to solve this. For more information, see https://urllib3.readthedocs.org/en/latest/security.html#insecureplatformwarning.
16:55:34     INFO -    InsecurePlatformWarning
16:55:36     INFO -  /builds/slave/test/build/venv/lib/python2.7/site-packages/pip/_vendor/requests/packages/urllib3/util/ssl_.py:122: InsecurePlatformWarning: A true SSLContext object is not available. This prevents urllib3 from configuring SSL appropriately and may cause certain SSL connections to fail. You can upgrade to a newer version of Python to solve this. For more information, see https://urllib3.readthedocs.org/en/latest/security.html#insecureplatformwarning.
16:55:36     INFO -    InsecurePlatformWarning
16:55:42     INFO -    Downloading https://pypi.pvt.build.mozilla.org/pub/simplejson-3.3.0.tar.gz (67kB)
16:55:42     INFO -  Building wheels for collected packages: simplejson
16:55:42     INFO -    Running setup.py bdist_wheel for simplejson: started
16:55:45     INFO -    Running setup.py bdist_wheel for simplejson: finished with status 'done'
16:55:45     INFO -    Stored in directory: /home/cltbld/.cache/pip/wheels/b1/26/8f/72b2a349729d24b9c6aa399407fddd384f8814e045e6de407e
16:55:45     INFO -  Successfully built simplejson
16:55:45     INFO -  Installing collected packages: simplejson
16:55:45     INFO -  Successfully installed simplejson-3.3.0
16:55:45     INFO - Return code: 0
16:55:45     INFO - Installing None into virtualenv /builds/slave/test/build/venv
16:55:45     INFO - retry: Calling run_command with args: [['/builds/slave/test/build/venv/bin/pip', 'install', '--no-deps', '--timeout', '120', '-r', '/builds/slave/test/build/tests/config/marionette_requirements.txt', '--no-index', '--find-links', 'http://pypi.pvt.build.mozilla.org/pub', '--find-links', 'http://pypi.pub.build.mozilla.org/pub', '--trusted-host', 'pypi.pub.build.mozilla.org', '--trusted-host', 'pypi.pvt.build.mozilla.org']], kwargs: {'error_level': 'warning', 'error_list': [{'substr': 'not found or a compiler error:', 'level': 'warning'}, {'regex': <_sre.SRE_Pattern object at 0x7fbed321e110>, 'level': 'error'}, {'regex': <_sre.SRE_Pattern object at 0x7fbed3326e40>, 'level': 'warning'}, {'regex': <_sre.SRE_Pattern object at 0x197c3e0>, 'level': 'debug'}, {'substr': 'command not found', 'level': 'error'}, {'regex': <_sre.SRE_Pattern object at 0x1978a90>, 'level': 'warning'}, {'substr': 'Traceback (most recent call last)', 'level': 'error'}, {'substr': 'SyntaxError: ', 'level': 'error'}, {'substr': 'TypeError: ', 'level': 'error'}, {'substr': 'NameError: ', 'level': 'error'}, {'substr': 'ZeroDivisionError: ', 'level': 'error'}, {'regex': <_sre.SRE_Pattern object at 0x197a3f0>, 'level': 'critical'}, {'regex': <_sre.SRE_Pattern object at 0x197a670>, 'level': 'critical'}], 'cwd': '/builds/slave/test/build/tests/config', 'env': {'TMOUT': '86400', 'LOGNAME': 'cltbld', 'USER': 'cltbld', 'HOME': '/home/cltbld', 'PATH': '/usr/local/bin:/usr/local/bin:/usr/bin:/bin:/usr/local/games:/usr/games', 'DISPLAY': ':0', 'CCACHE_UMASK': '002', 'LANG': 'en_US.UTF-8', 'TERM': 'linux', 'SHELL': '/bin/bash', 'MOZ_NODE_PATH': '/usr/bin/node', 'XDG_SESSION_COOKIE': '9ca12473fbb1d023794ffd180000023c-1528501959.94107-1795216115', 'SHLVL': '1', 'NO_FAIL_ON_TEST_ERRORS': '1', 'MOZ_NO_REMOTE': '1', 'MOZ_HIDE_RESULTS_TABLE': '1', 'MAIL': '/var/mail/cltbld', '_': '/tools/buildbot/bin/python', 'NODE_PATH': '/usr/lib/nodejs:/usr/lib/node_modules:/usr/share/javascript', 'PWD': '/builds/slave/test', 'PROPERTIES_FILE': '/builds/slave/test/buildprops.json', 'CCACHE_DIR': '/builds/ccache'}}, attempt #1
16:55:45     INFO - Running command: ['/builds/slave/test/build/venv/bin/pip', 'install', '--no-deps', '--timeout', '120', '-r', '/builds/slave/test/build/tests/config/marionette_requirements.txt', '--no-index', '--find-links', 'http://pypi.pvt.build.mozilla.org/pub', '--find-links', 'http://pypi.pub.build.mozilla.org/pub', '--trusted-host', 'pypi.pub.build.mozilla.org', '--trusted-host', 'pypi.pvt.build.mozilla.org'] in /builds/slave/test/build/tests/config
16:55:45     INFO - Copy/paste: /builds/slave/test/build/venv/bin/pip install --no-deps --timeout 120 -r /builds/slave/test/build/tests/config/marionette_requirements.txt --no-index --find-links http://pypi.pvt.build.mozilla.org/pub --find-links http://pypi.pub.build.mozilla.org/pub --trusted-host pypi.pub.build.mozilla.org --trusted-host pypi.pvt.build.mozilla.org
16:55:45     INFO - Using env: {'CCACHE_DIR': '/builds/ccache',
16:55:45     INFO -  'CCACHE_UMASK': '002',
16:55:45     INFO -  'DISPLAY': ':0',
16:55:45     INFO -  'HOME': '/home/cltbld',
16:55:45     INFO -  'LANG': 'en_US.UTF-8',
16:55:45     INFO -  'LOGNAME': 'cltbld',
16:55:45     INFO -  'MAIL': '/var/mail/cltbld',
16:55:45     INFO -  'MOZ_HIDE_RESULTS_TABLE': '1',
16:55:45     INFO -  'MOZ_NODE_PATH': '/usr/bin/node',
16:55:45     INFO -  'MOZ_NO_REMOTE': '1',
16:55:45     INFO -  'NODE_PATH': '/usr/lib/nodejs:/usr/lib/node_modules:/usr/share/javascript',
16:55:45     INFO -  'NO_FAIL_ON_TEST_ERRORS': '1',
16:55:45     INFO -  'PATH': '/usr/local/bin:/usr/local/bin:/usr/bin:/bin:/usr/local/games:/usr/games',
16:55:45     INFO -  'PROPERTIES_FILE': '/builds/slave/test/buildprops.json',
16:55:45     INFO -  'PWD': '/builds/slave/test',
16:55:45     INFO -  'SHELL': '/bin/bash',
16:55:45     INFO -  'SHLVL': '1',
16:55:45     INFO -  'TERM': 'linux',
16:55:45     INFO -  'TMOUT': '86400',
16:55:45     INFO -  'USER': 'cltbld',
16:55:45     INFO -  'XDG_SESSION_COOKIE': '9ca12473fbb1d023794ffd180000023c-1528501959.94107-1795216115',
16:55:45     INFO -  '_': '/tools/buildbot/bin/python'}
16:55:46     INFO -  Ignoring indexes: https://pypi.python.org/simple
16:55:46     INFO -  Processing /builds/slave/test/build/tests/mozbase/manifestparser
16:55:47     INFO -    Requirement already satisfied (use --upgrade to upgrade): manifestparser==1.1 from file:///builds/slave/test/build/tests/mozbase/manifestparser in /builds/slave/test/build/venv/lib/python2.7/site-packages (from -r /builds/slave/test/build/tests/config/mozbase_requirements.txt (line 1))
16:55:47     INFO -  Processing /builds/slave/test/build/tests/mozbase/mozcrash
16:55:47     INFO -    Requirement already satisfied (use --upgrade to upgrade): mozcrash==1.0 from file:///builds/slave/test/build/tests/mozbase/mozcrash in /builds/slave/test/build/venv/lib/python2.7/site-packages (from -r /builds/slave/test/build/tests/config/mozbase_requirements.txt (line 2))
16:55:47     INFO -  Processing /builds/slave/test/build/tests/mozbase/mozdebug
16:55:47     INFO -    Requirement already satisfied (use --upgrade to upgrade): mozdebug==0.1 from file:///builds/slave/test/build/tests/mozbase/mozdebug in /builds/slave/test/build/venv/lib/python2.7/site-packages (from -r /builds/slave/test/build/tests/config/mozbase_requirements.txt (line 3))
16:55:47     INFO -  Processing /builds/slave/test/build/tests/mozbase/mozdevice
16:55:48     INFO -    Requirement already satisfied (use --upgrade to upgrade): mozdevice==0.48 from file:///builds/slave/test/build/tests/mozbase/mozdevice in /builds/slave/test/build/venv/lib/python2.7/site-packages (from -r /builds/slave/test/build/tests/config/mozbase_requirements.txt (line 4))
16:55:48     INFO -  Processing /builds/slave/test/build/tests/mozbase/mozfile
16:55:48     INFO -    Requirement already satisfied (use --upgrade to upgrade): mozfile==1.2 from file:///builds/slave/test/build/tests/mozbase/mozfile in /builds/slave/test/build/venv/lib/python2.7/site-packages (from -r /builds/slave/test/build/tests/config/mozbase_requirements.txt (line 5))
16:55:48     INFO -  Processing /builds/slave/test/build/tests/mozbase/mozhttpd
16:55:48     INFO -    Requirement already satisfied (use --upgrade to upgrade): mozhttpd==0.7 from file:///builds/slave/test/build/tests/mozbase/mozhttpd in /builds/slave/test/build/venv/lib/python2.7/site-packages (from -r /builds/slave/test/build/tests/config/mozbase_requirements.txt (line 6))
16:55:48     INFO -  Processing /builds/slave/test/build/tests/mozbase/mozinfo
16:55:49     INFO -    Requirement already satisfied (use --upgrade to upgrade): mozinfo==0.9 from file:///builds/slave/test/build/tests/mozbase/mozinfo in /builds/slave/test/build/venv/lib/python2.7/site-packages (from -r /builds/slave/test/build/tests/config/mozbase_requirements.txt (line 7))
16:55:49     INFO -  Processing /builds/slave/test/build/tests/mozbase/mozinstall
16:55:49     INFO -    Requirement already satisfied (use --upgrade to upgrade): mozInstall==1.12 from file:///builds/slave/test/build/tests/mozbase/mozinstall in /builds/slave/test/build/venv/lib/python2.7/site-packages (from -r /builds/slave/test/build/tests/config/mozbase_requirements.txt (line 8))
16:55:49     INFO -  Processing /builds/slave/test/build/tests/mozbase/mozleak
16:55:50     INFO -    Requirement already satisfied (use --upgrade to upgrade): mozleak==0.1 from file:///builds/slave/test/build/tests/mozbase/mozleak in /builds/slave/test/build/venv/lib/python2.7/site-packages (from -r /builds/slave/test/build/tests/config/mozbase_requirements.txt (line 9))
16:55:50     INFO -  Processing /builds/slave/test/build/tests/mozbase/mozlog
16:55:50     INFO -    Requirement already satisfied (use --upgrade to upgrade): mozlog==3.4 from file:///builds/slave/test/build/tests/mozbase/mozlog in /builds/slave/test/build/venv/lib/python2.7/site-packages (from -r /builds/slave/test/build/tests/config/mozbase_requirements.txt (line 10))
16:55:50     INFO -  Processing /builds/slave/test/build/tests/mozbase/moznetwork
16:55:50     INFO -    Requirement already satisfied (use --upgrade to upgrade): moznetwork==0.27 from file:///builds/slave/test/build/tests/mozbase/moznetwork in /builds/slave/test/build/venv/lib/python2.7/site-packages (from -r /builds/slave/test/build/tests/config/mozbase_requirements.txt (line 11))
16:55:50     INFO -  Processing /builds/slave/test/build/tests/mozbase/mozprocess
16:55:51     INFO -    Requirement already satisfied (use --upgrade to upgrade): mozprocess==0.23 from file:///builds/slave/test/build/tests/mozbase/mozprocess in /builds/slave/test/build/venv/lib/python2.7/site-packages (from -r /builds/slave/test/build/tests/config/mozbase_requirements.txt (line 12))
16:55:51     INFO -  Processing /builds/slave/test/build/tests/mozbase/mozprofile
16:55:51     INFO -    Requirement already satisfied (use --upgrade to upgrade): mozprofile==0.28 from file:///builds/slave/test/build/tests/mozbase/mozprofile in /builds/slave/test/build/venv/lib/python2.7/site-packages (from -r /builds/slave/test/build/tests/config/mozbase_requirements.txt (line 13))
16:55:51     INFO -  Processing /builds/slave/test/build/tests/mozbase/mozrunner
16:55:51     INFO -    Requirement already satisfied (use --upgrade to upgrade): mozrunner==6.13 from file:///builds/slave/test/build/tests/mozbase/mozrunner in /builds/slave/test/build/venv/lib/python2.7/site-packages (from -r /builds/slave/test/build/tests/config/mozbase_requirements.txt (line 14))
16:55:51     INFO -  Processing /builds/slave/test/build/tests/mozbase/mozscreenshot
16:55:52     INFO -    Requirement already satisfied (use --upgrade to upgrade): mozscreenshot==0.1 from file:///builds/slave/test/build/tests/mozbase/mozscreenshot in /builds/slave/test/build/venv/lib/python2.7/site-packages (from -r /builds/slave/test/build/tests/config/mozbase_requirements.txt (line 15))
16:55:52     INFO -  Processing /builds/slave/test/build/tests/mozbase/moztest
16:55:52     INFO -    Requirement already satisfied (use --upgrade to upgrade): moztest==0.8 from file:///builds/slave/test/build/tests/mozbase/moztest in /builds/slave/test/build/venv/lib/python2.7/site-packages (from -r /builds/slave/test/build/tests/config/mozbase_requirements.txt (line 16))
16:55:52     INFO -  Processing /builds/slave/test/build/tests/mozbase/mozversion
16:55:53     INFO -    Requirement already satisfied (use --upgrade to upgrade): mozversion==1.4 from file:///builds/slave/test/build/tests/mozbase/mozversion in /builds/slave/test/build/venv/lib/python2.7/site-packages (from -r /builds/slave/test/build/tests/config/mozbase_requirements.txt (line 17))
16:55:53     INFO -  Processing /builds/slave/test/build/tests/tools/wptserve
16:55:53     INFO -  Processing /builds/slave/test/build/tests/marionette/client
16:55:53     INFO -  Processing /builds/slave/test/build/tests/marionette/harness/marionette_harness/runner/mixins/browsermob-proxy-py
16:55:54     INFO -  Processing /builds/slave/test/build/tests/marionette/harness
16:55:54     INFO -  Processing /builds/slave/test/build/tests/marionette/puppeteer/firefox
16:55:55     INFO -  Building wheels for collected packages: browsermob-proxy
16:55:55     INFO -    Running setup.py bdist_wheel for browsermob-proxy: started
16:55:55     INFO -    Running setup.py bdist_wheel for browsermob-proxy: finished with status 'done'
16:55:55     INFO -    Stored in directory: /home/cltbld/.cache/pip/wheels/10/00/c1/79bb793b6a7eb4dca9dfd244010f550ae5044951bcd23c261e
16:55:55     INFO -  Successfully built browsermob-proxy
16:55:55     INFO -  Installing collected packages: wptserve, marionette-driver, browsermob-proxy, marionette-harness, firefox-puppeteer
16:55:55     INFO -    Running setup.py install for wptserve: started
16:55:56     INFO -      Running setup.py install for wptserve: finished with status 'done'
16:55:56     INFO -    Running setup.py install for marionette-driver: started
16:55:56     INFO -      Running setup.py install for marionette-driver: finished with status 'done'
16:55:56     INFO -    Running setup.py install for marionette-harness: started
16:55:57     INFO -      Running setup.py install for marionette-harness: finished with status 'done'
16:55:57     INFO -    Running setup.py install for firefox-puppeteer: started
16:55:57     INFO -      Running setup.py install for firefox-puppeteer: finished with status 'done'
16:55:58     INFO -  Successfully installed browsermob-proxy-0.6.0 firefox-puppeteer-52.1.0 marionette-driver-2.2.0 marionette-harness-4.0.0 wptserve-1.4.0
16:55:58     INFO - Return code: 0
16:55:58     INFO - Installing None into virtualenv /builds/slave/test/build/venv
16:55:58     INFO - retry: Calling run_command with args: [['/builds/slave/test/build/venv/bin/pip', 'install', '--timeout', '120', '-r', '/builds/slave/test/build/tests/config/marionette_requirements.txt', '--no-index', '--find-links', 'http://pypi.pvt.build.mozilla.org/pub', '--find-links', 'http://pypi.pub.build.mozilla.org/pub', '--trusted-host', 'pypi.pub.build.mozilla.org', '--trusted-host', 'pypi.pvt.build.mozilla.org']], kwargs: {'error_level': 'warning', 'error_list': [{'substr': 'not found or a compiler error:', 'level': 'warning'}, {'regex': <_sre.SRE_Pattern object at 0x7fbed321e110>, 'level': 'error'}, {'regex': <_sre.SRE_Pattern object at 0x7fbed3326e40>, 'level': 'warning'}, {'regex': <_sre.SRE_Pattern object at 0x197c3e0>, 'level': 'debug'}, {'substr': 'command not found', 'level': 'error'}, {'regex': <_sre.SRE_Pattern object at 0x1978a90>, 'level': 'warning'}, {'substr': 'Traceback (most recent call last)', 'level': 'error'}, {'substr': 'SyntaxError: ', 'level': 'error'}, {'substr': 'TypeError: ', 'level': 'error'}, {'substr': 'NameError: ', 'level': 'error'}, {'substr': 'ZeroDivisionError: ', 'level': 'error'}, {'regex': <_sre.SRE_Pattern object at 0x197a3f0>, 'level': 'critical'}, {'regex': <_sre.SRE_Pattern object at 0x197a670>, 'level': 'critical'}], 'cwd': '/builds/slave/test/build/tests/config', 'env': {'TMOUT': '86400', 'LOGNAME': 'cltbld', 'USER': 'cltbld', 'HOME': '/home/cltbld', 'PATH': '/usr/local/bin:/usr/local/bin:/usr/bin:/bin:/usr/local/games:/usr/games', 'DISPLAY': ':0', 'CCACHE_UMASK': '002', 'LANG': 'en_US.UTF-8', 'TERM': 'linux', 'SHELL': '/bin/bash', 'MOZ_NODE_PATH': '/usr/bin/node', 'XDG_SESSION_COOKIE': '9ca12473fbb1d023794ffd180000023c-1528501959.94107-1795216115', 'SHLVL': '1', 'NO_FAIL_ON_TEST_ERRORS': '1', 'MOZ_NO_REMOTE': '1', 'MOZ_HIDE_RESULTS_TABLE': '1', 'MAIL': '/var/mail/cltbld', '_': '/tools/buildbot/bin/python', 'NODE_PATH': '/usr/lib/nodejs:/usr/lib/node_modules:/usr/share/javascript', 'PWD': '/builds/slave/test', 'PROPERTIES_FILE': '/builds/slave/test/buildprops.json', 'CCACHE_DIR': '/builds/ccache'}}, attempt #1
16:55:58     INFO - Running command: ['/builds/slave/test/build/venv/bin/pip', 'install', '--timeout', '120', '-r', '/builds/slave/test/build/tests/config/marionette_requirements.txt', '--no-index', '--find-links', 'http://pypi.pvt.build.mozilla.org/pub', '--find-links', 'http://pypi.pub.build.mozilla.org/pub', '--trusted-host', 'pypi.pub.build.mozilla.org', '--trusted-host', 'pypi.pvt.build.mozilla.org'] in /builds/slave/test/build/tests/config
16:55:58     INFO - Copy/paste: /builds/slave/test/build/venv/bin/pip install --timeout 120 -r /builds/slave/test/build/tests/config/marionette_requirements.txt --no-index --find-links http://pypi.pvt.build.mozilla.org/pub --find-links http://pypi.pub.build.mozilla.org/pub --trusted-host pypi.pub.build.mozilla.org --trusted-host pypi.pvt.build.mozilla.org
16:55:58     INFO - Using env: {'CCACHE_DIR': '/builds/ccache',
16:55:58     INFO -  'CCACHE_UMASK': '002',
16:55:58     INFO -  'DISPLAY': ':0',
16:55:58     INFO -  'HOME': '/home/cltbld',
16:55:58     INFO -  'LANG': 'en_US.UTF-8',
16:55:58     INFO -  'LOGNAME': 'cltbld',
16:55:58     INFO -  'MAIL': '/var/mail/cltbld',
16:55:58     INFO -  'MOZ_HIDE_RESULTS_TABLE': '1',
16:55:58     INFO -  'MOZ_NODE_PATH': '/usr/bin/node',
16:55:58     INFO -  'MOZ_NO_REMOTE': '1',
16:55:58     INFO -  'NODE_PATH': '/usr/lib/nodejs:/usr/lib/node_modules:/usr/share/javascript',
16:55:58     INFO -  'NO_FAIL_ON_TEST_ERRORS': '1',
16:55:58     INFO -  'PATH': '/usr/local/bin:/usr/local/bin:/usr/bin:/bin:/usr/local/games:/usr/games',
16:55:58     INFO -  'PROPERTIES_FILE': '/builds/slave/test/buildprops.json',
16:55:58     INFO -  'PWD': '/builds/slave/test',
16:55:58     INFO -  'SHELL': '/bin/bash',
16:55:58     INFO -  'SHLVL': '1',
16:55:58     INFO -  'TERM': 'linux',
16:55:58     INFO -  'TMOUT': '86400',
16:55:58     INFO -  'USER': 'cltbld',
16:55:58     INFO -  'XDG_SESSION_COOKIE': '9ca12473fbb1d023794ffd180000023c-1528501959.94107-1795216115',
16:55:58     INFO -  '_': '/tools/buildbot/bin/python'}
16:55:59     INFO -  Ignoring indexes: https://pypi.python.org/simple
16:55:59     INFO -  Processing /builds/slave/test/build/tests/mozbase/manifestparser
16:55:59     INFO -    Requirement already satisfied (use --upgrade to upgrade): manifestparser==1.1 from file:///builds/slave/test/build/tests/mozbase/manifestparser in /builds/slave/test/build/venv/lib/python2.7/site-packages (from -r /builds/slave/test/build/tests/config/mozbase_requirements.txt (line 1))
16:55:59     INFO -  Processing /builds/slave/test/build/tests/mozbase/mozcrash
16:56:00     INFO -    Requirement already satisfied (use --upgrade to upgrade): mozcrash==1.0 from file:///builds/slave/test/build/tests/mozbase/mozcrash in /builds/slave/test/build/venv/lib/python2.7/site-packages (from -r /builds/slave/test/build/tests/config/mozbase_requirements.txt (line 2))
16:56:00     INFO -  Processing /builds/slave/test/build/tests/mozbase/mozdebug
16:56:00     INFO -    Requirement already satisfied (use --upgrade to upgrade): mozdebug==0.1 from file:///builds/slave/test/build/tests/mozbase/mozdebug in /builds/slave/test/build/venv/lib/python2.7/site-packages (from -r /builds/slave/test/build/tests/config/mozbase_requirements.txt (line 3))
16:56:00     INFO -  Processing /builds/slave/test/build/tests/mozbase/mozdevice
16:56:00     INFO -    Requirement already satisfied (use --upgrade to upgrade): mozdevice==0.48 from file:///builds/slave/test/build/tests/mozbase/mozdevice in /builds/slave/test/build/venv/lib/python2.7/site-packages (from -r /builds/slave/test/build/tests/config/mozbase_requirements.txt (line 4))
16:56:00     INFO -  Processing /builds/slave/test/build/tests/mozbase/mozfile
16:56:01     INFO -    Requirement already satisfied (use --upgrade to upgrade): mozfile==1.2 from file:///builds/slave/test/build/tests/mozbase/mozfile in /builds/slave/test/build/venv/lib/python2.7/site-packages (from -r /builds/slave/test/build/tests/config/mozbase_requirements.txt (line 5))
16:56:01     INFO -  Processing /builds/slave/test/build/tests/mozbase/mozhttpd
16:56:01     INFO -    Requirement already satisfied (use --upgrade to upgrade): mozhttpd==0.7 from file:///builds/slave/test/build/tests/mozbase/mozhttpd in /builds/slave/test/build/venv/lib/python2.7/site-packages (from -r /builds/slave/test/build/tests/config/mozbase_requirements.txt (line 6))
16:56:01     INFO -  Processing /builds/slave/test/build/tests/mozbase/mozinfo
16:56:02     INFO -    Requirement already satisfied (use --upgrade to upgrade): mozinfo==0.9 from file:///builds/slave/test/build/tests/mozbase/mozinfo in /builds/slave/test/build/venv/lib/python2.7/site-packages (from -r /builds/slave/test/build/tests/config/mozbase_requirements.txt (line 7))
16:56:02     INFO -  Processing /builds/slave/test/build/tests/mozbase/mozinstall
16:56:02     INFO -    Requirement already satisfied (use --upgrade to upgrade): mozInstall==1.12 from file:///builds/slave/test/build/tests/mozbase/mozinstall in /builds/slave/test/build/venv/lib/python2.7/site-packages (from -r /builds/slave/test/build/tests/config/mozbase_requirements.txt (line 8))
16:56:02     INFO -  Processing /builds/slave/test/build/tests/mozbase/mozleak
16:56:02     INFO -    Requirement already satisfied (use --upgrade to upgrade): mozleak==0.1 from file:///builds/slave/test/build/tests/mozbase/mozleak in /builds/slave/test/build/venv/lib/python2.7/site-packages (from -r /builds/slave/test/build/tests/config/mozbase_requirements.txt (line 9))
16:56:02     INFO -  Processing /builds/slave/test/build/tests/mozbase/mozlog
16:56:03     INFO -    Requirement already satisfied (use --upgrade to upgrade): mozlog==3.4 from file:///builds/slave/test/build/tests/mozbase/mozlog in /builds/slave/test/build/venv/lib/python2.7/site-packages (from -r /builds/slave/test/build/tests/config/mozbase_requirements.txt (line 10))
16:56:03     INFO -  Processing /builds/slave/test/build/tests/mozbase/moznetwork
16:56:03     INFO -    Requirement already satisfied (use --upgrade to upgrade): moznetwork==0.27 from file:///builds/slave/test/build/tests/mozbase/moznetwork in /builds/slave/test/build/venv/lib/python2.7/site-packages (from -r /builds/slave/test/build/tests/config/mozbase_requirements.txt (line 11))
16:56:03     INFO -  Processing /builds/slave/test/build/tests/mozbase/mozprocess
16:56:04     INFO -    Requirement already satisfied (use --upgrade to upgrade): mozprocess==0.23 from file:///builds/slave/test/build/tests/mozbase/mozprocess in /builds/slave/test/build/venv/lib/python2.7/site-packages (from -r /builds/slave/test/build/tests/config/mozbase_requirements.txt (line 12))
16:56:04     INFO -  Processing /builds/slave/test/build/tests/mozbase/mozprofile
16:56:04     INFO -    Requirement already satisfied (use --upgrade to upgrade): mozprofile==0.28 from file:///builds/slave/test/build/tests/mozbase/mozprofile in /builds/slave/test/build/venv/lib/python2.7/site-packages (from -r /builds/slave/test/build/tests/config/mozbase_requirements.txt (line 13))
16:56:04     INFO -  Processing /builds/slave/test/build/tests/mozbase/mozrunner
16:56:04     INFO -    Requirement already satisfied (use --upgrade to upgrade): mozrunner==6.13 from file:///builds/slave/test/build/tests/mozbase/mozrunner in /builds/slave/test/build/venv/lib/python2.7/site-packages (from -r /builds/slave/test/build/tests/config/mozbase_requirements.txt (line 14))
16:56:04     INFO -  Processing /builds/slave/test/build/tests/mozbase/mozscreenshot
16:56:05     INFO -    Requirement already satisfied (use --upgrade to upgrade): mozscreenshot==0.1 from file:///builds/slave/test/build/tests/mozbase/mozscreenshot in /builds/slave/test/build/venv/lib/python2.7/site-packages (from -r /builds/slave/test/build/tests/config/mozbase_requirements.txt (line 15))
16:56:05     INFO -  Processing /builds/slave/test/build/tests/mozbase/moztest
16:56:05     INFO -    Requirement already satisfied (use --upgrade to upgrade): moztest==0.8 from file:///builds/slave/test/build/tests/mozbase/moztest in /builds/slave/test/build/venv/lib/python2.7/site-packages (from -r /builds/slave/test/build/tests/config/mozbase_requirements.txt (line 16))
16:56:05     INFO -  Processing /builds/slave/test/build/tests/mozbase/mozversion
16:56:05     INFO -    Requirement already satisfied (use --upgrade to upgrade): mozversion==1.4 from file:///builds/slave/test/build/tests/mozbase/mozversion in /builds/slave/test/build/venv/lib/python2.7/site-packages (from -r /builds/slave/test/build/tests/config/mozbase_requirements.txt (line 17))
16:56:05     INFO -  Processing /builds/slave/test/build/tests/tools/wptserve
16:56:06     INFO -    Requirement already satisfied (use --upgrade to upgrade): wptserve==1.4.0 from file:///builds/slave/test/build/tests/tools/wptserve in /builds/slave/test/build/venv/lib/python2.7/site-packages (from -r /builds/slave/test/build/tests/config/marionette_requirements.txt (line 3))
16:56:06     INFO -  Processing /builds/slave/test/build/tests/marionette/client
16:56:06     INFO -    Requirement already satisfied (use --upgrade to upgrade): marionette-driver==2.2.0 from file:///builds/slave/test/build/tests/marionette/client in /builds/slave/test/build/venv/lib/python2.7/site-packages (from -r /builds/slave/test/build/tests/config/marionette_requirements.txt (line 4))
16:56:06     INFO -  Processing /builds/slave/test/build/tests/marionette/harness/marionette_harness/runner/mixins/browsermob-proxy-py
16:56:07     INFO -    Requirement already satisfied (use --upgrade to upgrade): browsermob-proxy==0.6.0 from file:///builds/slave/test/build/tests/marionette/harness/marionette_harness/runner/mixins/browsermob-proxy-py in /builds/slave/test/build/venv/lib/python2.7/site-packages (from -r /builds/slave/test/build/tests/config/marionette_requirements.txt (line 5))
16:56:07     INFO -  Processing /builds/slave/test/build/tests/marionette/harness
16:56:07     INFO -    Requirement already satisfied (use --upgrade to upgrade): marionette-harness==4.0.0 from file:///builds/slave/test/build/tests/marionette/harness in /builds/slave/test/build/venv/lib/python2.7/site-packages (from -r /builds/slave/test/build/tests/config/marionette_requirements.txt (line 6))
16:56:07     INFO -  Processing /builds/slave/test/build/tests/marionette/puppeteer/firefox
16:56:07     INFO -    Requirement already satisfied (use --upgrade to upgrade): firefox-puppeteer==52.1.0 from file:///builds/slave/test/build/tests/marionette/puppeteer/firefox in /builds/slave/test/build/venv/lib/python2.7/site-packages (from -r /builds/slave/test/build/tests/config/marionette_requirements.txt (line 9))
16:56:07     INFO -  Requirement already satisfied (use --upgrade to upgrade): mozfile>=1.0 in /builds/slave/test/build/venv/lib/python2.7/site-packages (from mozcrash==1.0->-r /builds/slave/test/build/tests/config/mozbase_requirements.txt (line 2))
16:56:07     INFO -  Requirement already satisfied (use --upgrade to upgrade): mozlog>=3.0 in /builds/slave/test/build/venv/lib/python2.7/site-packages (from mozcrash==1.0->-r /builds/slave/test/build/tests/config/mozbase_requirements.txt (line 2))
16:56:08     INFO -  Requirement already satisfied (use --upgrade to upgrade): mozinfo in /builds/slave/test/build/venv/lib/python2.7/site-packages (from mozdebug==0.1->-r /builds/slave/test/build/tests/config/mozbase_requirements.txt (line 3))
16:56:08     INFO -  Requirement already satisfied (use --upgrade to upgrade): moznetwork>=0.24 in /builds/slave/test/build/venv/lib/python2.7/site-packages (from mozdevice==0.48->-r /builds/slave/test/build/tests/config/mozbase_requirements.txt (line 4))
16:56:08     INFO -  Requirement already satisfied (use --upgrade to upgrade): mozprocess>=0.19 in /builds/slave/test/build/venv/lib/python2.7/site-packages (from mozdevice==0.48->-r /builds/slave/test/build/tests/config/mozbase_requirements.txt (line 4))
16:56:08     INFO -  Requirement already satisfied (use --upgrade to upgrade): blessings>=1.3 in /builds/slave/test/build/venv/lib/python2.7/site-packages (from mozlog==3.4->-r /builds/slave/test/build/tests/config/mozbase_requirements.txt (line 10))
16:56:08     INFO -  Requirement already satisfied (use --upgrade to upgrade): requests>=1.1.0 in /builds/slave/test/build/venv/lib/python2.7/site-packages (from browsermob-proxy==0.6.0->-r /builds/slave/test/build/tests/config/marionette_requirements.txt (line 5))
16:56:08     INFO -  Building wheels for collected packages: browsermob-proxy
16:56:08     INFO -    Running setup.py bdist_wheel for browsermob-proxy: started
16:56:08     INFO -    Running setup.py bdist_wheel for browsermob-proxy: finished with status 'done'
16:56:08     INFO -    Stored in directory: /home/cltbld/.cache/pip/wheels/10/00/c1/79bb793b6a7eb4dca9dfd244010f550ae5044951bcd23c261e
16:56:08     INFO -  Successfully built browsermob-proxy
16:56:08     INFO - Return code: 0
16:56:08     INFO - Installing None into virtualenv /builds/slave/test/build/venv
16:56:08     INFO - retry: Calling run_command with args: [['/builds/slave/test/build/venv/bin/pip', 'install', '--no-deps', '--timeout', '120', '-r', '/builds/slave/test/build/tests/mochitest/websocketprocessbridge/websocketprocessbridge_requirements.txt', '--no-index', '--find-links', 'http://pypi.pvt.build.mozilla.org/pub', '--find-links', 'http://pypi.pub.build.mozilla.org/pub', '--trusted-host', 'pypi.pub.build.mozilla.org', '--trusted-host', 'pypi.pvt.build.mozilla.org']], kwargs: {'error_level': 'warning', 'error_list': [{'substr': 'not found or a compiler error:', 'level': 'warning'}, {'regex': <_sre.SRE_Pattern object at 0x7fbed321e110>, 'level': 'error'}, {'regex': <_sre.SRE_Pattern object at 0x7fbed3326e40>, 'level': 'warning'}, {'regex': <_sre.SRE_Pattern object at 0x197c3e0>, 'level': 'debug'}, {'substr': 'command not found', 'level': 'error'}, {'regex': <_sre.SRE_Pattern object at 0x1978a90>, 'level': 'warning'}, {'substr': 'Traceback (most recent call last)', 'level': 'error'}, {'substr': 'SyntaxError: ', 'level': 'error'}, {'substr': 'TypeError: ', 'level': 'error'}, {'substr': 'NameError: ', 'level': 'error'}, {'substr': 'ZeroDivisionError: ', 'level': 'error'}, {'regex': <_sre.SRE_Pattern object at 0x197a3f0>, 'level': 'critical'}, {'regex': <_sre.SRE_Pattern object at 0x197a670>, 'level': 'critical'}], 'cwd': '/builds/slave/test/build/tests/mochitest/websocketprocessbridge', 'env': {'TMOUT': '86400', 'LOGNAME': 'cltbld', 'USER': 'cltbld', 'HOME': '/home/cltbld', 'PATH': '/usr/local/bin:/usr/local/bin:/usr/bin:/bin:/usr/local/games:/usr/games', 'DISPLAY': ':0', 'CCACHE_UMASK': '002', 'LANG': 'en_US.UTF-8', 'TERM': 'linux', 'SHELL': '/bin/bash', 'MOZ_NODE_PATH': '/usr/bin/node', 'XDG_SESSION_COOKIE': '9ca12473fbb1d023794ffd180000023c-1528501959.94107-1795216115', 'SHLVL': '1', 'NO_FAIL_ON_TEST_ERRORS': '1', 'MOZ_NO_REMOTE': '1', 'MOZ_HIDE_RESULTS_TABLE': '1', 'MAIL': '/var/mail/cltbld', '_': '/tools/buildbot/bin/python', 'NODE_PATH': '/usr/lib/nodejs:/usr/lib/node_modules:/usr/share/javascript', 'PWD': '/builds/slave/test', 'PROPERTIES_FILE': '/builds/slave/test/buildprops.json', 'CCACHE_DIR': '/builds/ccache'}}, attempt #1
16:56:08     INFO - Running command: ['/builds/slave/test/build/venv/bin/pip', 'install', '--no-deps', '--timeout', '120', '-r', '/builds/slave/test/build/tests/mochitest/websocketprocessbridge/websocketprocessbridge_requirements.txt', '--no-index', '--find-links', 'http://pypi.pvt.build.mozilla.org/pub', '--find-links', 'http://pypi.pub.build.mozilla.org/pub', '--trusted-host', 'pypi.pub.build.mozilla.org', '--trusted-host', 'pypi.pvt.build.mozilla.org'] in /builds/slave/test/build/tests/mochitest/websocketprocessbridge
16:56:08     INFO - Copy/paste: /builds/slave/test/build/venv/bin/pip install --no-deps --timeout 120 -r /builds/slave/test/build/tests/mochitest/websocketprocessbridge/websocketprocessbridge_requirements.txt --no-index --find-links http://pypi.pvt.build.mozilla.org/pub --find-links http://pypi.pub.build.mozilla.org/pub --trusted-host pypi.pub.build.mozilla.org --trusted-host pypi.pvt.build.mozilla.org
16:56:08     INFO - Using env: {'CCACHE_DIR': '/builds/ccache',
16:56:08     INFO -  'CCACHE_UMASK': '002',
16:56:08     INFO -  'DISPLAY': ':0',
16:56:08     INFO -  'HOME': '/home/cltbld',
16:56:08     INFO -  'LANG': 'en_US.UTF-8',
16:56:08     INFO -  'LOGNAME': 'cltbld',
16:56:08     INFO -  'MAIL': '/var/mail/cltbld',
16:56:08     INFO -  'MOZ_HIDE_RESULTS_TABLE': '1',
16:56:08     INFO -  'MOZ_NODE_PATH': '/usr/bin/node',
16:56:08     INFO -  'MOZ_NO_REMOTE': '1',
16:56:08     INFO -  'NODE_PATH': '/usr/lib/nodejs:/usr/lib/node_modules:/usr/share/javascript',
16:56:08     INFO -  'NO_FAIL_ON_TEST_ERRORS': '1',
16:56:08     INFO -  'PATH': '/usr/local/bin:/usr/local/bin:/usr/bin:/bin:/usr/local/games:/usr/games',
16:56:08     INFO -  'PROPERTIES_FILE': '/builds/slave/test/buildprops.json',
16:56:08     INFO -  'PWD': '/builds/slave/test',
16:56:08     INFO -  'SHELL': '/bin/bash',
16:56:08     INFO -  'SHLVL': '1',
16:56:08     INFO -  'TERM': 'linux',
16:56:08     INFO -  'TMOUT': '86400',
16:56:08     INFO -  'USER': 'cltbld',
16:56:08     INFO -  'XDG_SESSION_COOKIE': '9ca12473fbb1d023794ffd180000023c-1528501959.94107-1795216115',
16:56:08     INFO -  '_': '/tools/buildbot/bin/python'}
16:56:09     INFO -  Ignoring indexes: https://pypi.python.org/simple
16:56:09     INFO -  Collecting six==1.10.0 (from -r /builds/slave/test/build/tests/mochitest/websocketprocessbridge/websocketprocessbridge_requirements.txt (line 2))
16:56:10     INFO -  /builds/slave/test/build/venv/lib/python2.7/site-packages/pip/_vendor/requests/packages/urllib3/util/ssl_.py:318: SNIMissingWarning: An HTTPS request has been made, but the SNI (Subject Name Indication) extension to TLS is not available on this platform. This may cause the server to present an incorrect TLS certificate, which can cause validation failures. You can upgrade to a newer version of Python to solve this. For more information, see https://urllib3.readthedocs.org/en/latest/security.html#snimissingwarning.
16:56:10     INFO -    SNIMissingWarning
16:56:10     INFO -  /builds/slave/test/build/venv/lib/python2.7/site-packages/pip/_vendor/requests/packages/urllib3/util/ssl_.py:122: InsecurePlatformWarning: A true SSLContext object is not available. This prevents urllib3 from configuring SSL appropriately and may cause certain SSL connections to fail. You can upgrade to a newer version of Python to solve this. For more information, see https://urllib3.readthedocs.org/en/latest/security.html#insecureplatformwarning.
16:56:10     INFO -    InsecurePlatformWarning
16:56:11     INFO -  /builds/slave/test/build/venv/lib/python2.7/site-packages/pip/_vendor/requests/packages/urllib3/util/ssl_.py:122: InsecurePlatformWarning: A true SSLContext object is not available. This prevents urllib3 from configuring SSL appropriately and may cause certain SSL connections to fail. You can upgrade to a newer version of Python to solve this. For more information, see https://urllib3.readthedocs.org/en/latest/security.html#insecureplatformwarning.
16:56:11     INFO -    InsecurePlatformWarning
16:56:17     INFO -    Downloading https://pypi.pvt.build.mozilla.org/pub/six-1.10.0-py2.py3-none-any.whl
16:56:17     INFO -  Collecting twisted==10.2.0 (from -r /builds/slave/test/build/tests/mochitest/websocketprocessbridge/websocketprocessbridge_requirements.txt (line 4))
16:56:22     INFO -    Downloading https://pypi.pvt.build.mozilla.org/pub/Twisted-10.2.0.tar.gz (1.9MB)
16:56:26     INFO -  Collecting txws==0.9.1 (from -r /builds/slave/test/build/tests/mochitest/websocketprocessbridge/websocketprocessbridge_requirements.txt (line 7))
16:56:32     INFO -    Downloading https://pypi.pvt.build.mozilla.org/pub/txWS-0.9.1.tar.gz
16:56:36     INFO -  Requirement already satisfied (use --upgrade to upgrade): psutil==3.1.1 in /builds/slave/test/build/venv/lib/python2.7/site-packages (from -r /builds/slave/test/build/tests/mochitest/websocketprocessbridge/websocketprocessbridge_requirements.txt (line 9))
16:56:36     INFO -  Collecting ipaddr==2.1.11 (from -r /builds/slave/test/build/tests/mochitest/websocketprocessbridge/websocketprocessbridge_requirements.txt (line 12))
16:56:42     INFO -    Downloading https://pypi.pvt.build.mozilla.org/pub/ipaddr-2.1.11.tar.gz
16:56:42     INFO -  Collecting passlib==1.6.5 (from -r /builds/slave/test/build/tests/mochitest/websocketprocessbridge/websocketprocessbridge_requirements.txt (line 13))
16:56:48     INFO -    Downloading https://pypi.pvt.build.mozilla.org/pub/passlib-1.6.5-py2.py3-none-any.whl (317kB)
16:56:49     INFO -  Building wheels for collected packages: twisted, txws, ipaddr
16:56:49     INFO -    Running setup.py bdist_wheel for twisted: started
16:56:51     INFO -    Running setup.py bdist_wheel for twisted: finished with status 'done'
16:56:51     INFO -    Stored in directory: /home/cltbld/.cache/pip/wheels/2a/06/64/df4bef56496f61aee018cad118db54f7a03015723d10662b26
16:56:52     INFO -    Running setup.py bdist_wheel for txws: started
16:56:52     INFO -    Running setup.py bdist_wheel for txws: finished with status 'done'
16:56:52     INFO -    Stored in directory: /home/cltbld/.cache/pip/wheels/51/f5/78/51b5dd281cb5c86337c41faadc891bd5089a07842da35b9248
16:56:52     INFO -    Running setup.py bdist_wheel for ipaddr: started
16:56:53     INFO -    Running setup.py bdist_wheel for ipaddr: finished with status 'done'
16:56:53     INFO -    Stored in directory: /home/cltbld/.cache/pip/wheels/6a/e7/d2/68af1df9a4dd7fd032c9375a12bd438c6fa81ee69d5e07993f
16:56:53     INFO -  Successfully built twisted txws ipaddr
16:56:53     INFO -  Installing collected packages: six, twisted, txws, ipaddr, passlib
16:56:57     INFO -  Successfully installed ipaddr-2.1.11 passlib-1.6.5 six-1.10.0 twisted-10.2.0 txws-0.9.1
16:56:57     INFO - Return code: 0
16:56:57     INFO - Installing None into virtualenv /builds/slave/test/build/venv
16:56:57     INFO - retry: Calling run_command with args: [['/builds/slave/test/build/venv/bin/pip', 'install', '--timeout', '120', '-r', '/builds/slave/test/build/tests/mochitest/websocketprocessbridge/websocketprocessbridge_requirements.txt', '--no-index', '--find-links', 'http://pypi.pvt.build.mozilla.org/pub', '--find-links', 'http://pypi.pub.build.mozilla.org/pub', '--trusted-host', 'pypi.pub.build.mozilla.org', '--trusted-host', 'pypi.pvt.build.mozilla.org']], kwargs: {'error_level': 'warning', 'error_list': [{'substr': 'not found or a compiler error:', 'level': 'warning'}, {'regex': <_sre.SRE_Pattern object at 0x7fbed321e110>, 'level': 'error'}, {'regex': <_sre.SRE_Pattern object at 0x7fbed3326e40>, 'level': 'warning'}, {'regex': <_sre.SRE_Pattern object at 0x197c3e0>, 'level': 'debug'}, {'substr': 'command not found', 'level': 'error'}, {'regex': <_sre.SRE_Pattern object at 0x1978a90>, 'level': 'warning'}, {'substr': 'Traceback (most recent call last)', 'level': 'error'}, {'substr': 'SyntaxError: ', 'level': 'error'}, {'substr': 'TypeError: ', 'level': 'error'}, {'substr': 'NameError: ', 'level': 'error'}, {'substr': 'ZeroDivisionError: ', 'level': 'error'}, {'regex': <_sre.SRE_Pattern object at 0x197a3f0>, 'level': 'critical'}, {'regex': <_sre.SRE_Pattern object at 0x197a670>, 'level': 'critical'}], 'cwd': '/builds/slave/test/build/tests/mochitest/websocketprocessbridge', 'env': {'TMOUT': '86400', 'LOGNAME': 'cltbld', 'USER': 'cltbld', 'HOME': '/home/cltbld', 'PATH': '/usr/local/bin:/usr/local/bin:/usr/bin:/bin:/usr/local/games:/usr/games', 'DISPLAY': ':0', 'CCACHE_UMASK': '002', 'LANG': 'en_US.UTF-8', 'TERM': 'linux', 'SHELL': '/bin/bash', 'MOZ_NODE_PATH': '/usr/bin/node', 'XDG_SESSION_COOKIE': '9ca12473fbb1d023794ffd180000023c-1528501959.94107-1795216115', 'SHLVL': '1', 'NO_FAIL_ON_TEST_ERRORS': '1', 'MOZ_NO_REMOTE': '1', 'MOZ_HIDE_RESULTS_TABLE': '1', 'MAIL': '/var/mail/cltbld', '_': '/tools/buildbot/bin/python', 'NODE_PATH': '/usr/lib/nodejs:/usr/lib/node_modules:/usr/share/javascript', 'PWD': '/builds/slave/test', 'PROPERTIES_FILE': '/builds/slave/test/buildprops.json', 'CCACHE_DIR': '/builds/ccache'}}, attempt #1
16:56:57     INFO - Running command: ['/builds/slave/test/build/venv/bin/pip', 'install', '--timeout', '120', '-r', '/builds/slave/test/build/tests/mochitest/websocketprocessbridge/websocketprocessbridge_requirements.txt', '--no-index', '--find-links', 'http://pypi.pvt.build.mozilla.org/pub', '--find-links', 'http://pypi.pub.build.mozilla.org/pub', '--trusted-host', 'pypi.pub.build.mozilla.org', '--trusted-host', 'pypi.pvt.build.mozilla.org'] in /builds/slave/test/build/tests/mochitest/websocketprocessbridge
16:56:57     INFO - Copy/paste: /builds/slave/test/build/venv/bin/pip install --timeout 120 -r /builds/slave/test/build/tests/mochitest/websocketprocessbridge/websocketprocessbridge_requirements.txt --no-index --find-links http://pypi.pvt.build.mozilla.org/pub --find-links http://pypi.pub.build.mozilla.org/pub --trusted-host pypi.pub.build.mozilla.org --trusted-host pypi.pvt.build.mozilla.org
16:56:57     INFO - Using env: {'CCACHE_DIR': '/builds/ccache',
16:56:57     INFO -  'CCACHE_UMASK': '002',
16:56:57     INFO -  'DISPLAY': ':0',
16:56:57     INFO -  'HOME': '/home/cltbld',
16:56:57     INFO -  'LANG': 'en_US.UTF-8',
16:56:57     INFO -  'LOGNAME': 'cltbld',
16:56:57     INFO -  'MAIL': '/var/mail/cltbld',
16:56:57     INFO -  'MOZ_HIDE_RESULTS_TABLE': '1',
16:56:57     INFO -  'MOZ_NODE_PATH': '/usr/bin/node',
16:56:57     INFO -  'MOZ_NO_REMOTE': '1',
16:56:57     INFO -  'NODE_PATH': '/usr/lib/nodejs:/usr/lib/node_modules:/usr/share/javascript',
16:56:57     INFO -  'NO_FAIL_ON_TEST_ERRORS': '1',
16:56:57     INFO -  'PATH': '/usr/local/bin:/usr/local/bin:/usr/bin:/bin:/usr/local/games:/usr/games',
16:56:57     INFO -  'PROPERTIES_FILE': '/builds/slave/test/buildprops.json',
16:56:57     INFO -  'PWD': '/builds/slave/test',
16:56:57     INFO -  'SHELL': '/bin/bash',
16:56:57     INFO -  'SHLVL': '1',
16:56:57     INFO -  'TERM': 'linux',
16:56:57     INFO -  'TMOUT': '86400',
16:56:57     INFO -  'USER': 'cltbld',
16:56:57     INFO -  'XDG_SESSION_COOKIE': '9ca12473fbb1d023794ffd180000023c-1528501959.94107-1795216115',
16:56:57     INFO -  '_': '/tools/buildbot/bin/python'}
16:56:58     INFO -  Ignoring indexes: https://pypi.python.org/simple
16:56:58     INFO -  Requirement already satisfied (use --upgrade to upgrade): six==1.10.0 in /builds/slave/test/build/venv/lib/python2.7/site-packages (from -r /builds/slave/test/build/tests/mochitest/websocketprocessbridge/websocketprocessbridge_requirements.txt (line 2))
16:56:58     INFO -  Requirement already satisfied (use --upgrade to upgrade): twisted==10.2.0 in /builds/slave/test/build/venv/lib/python2.7/site-packages (from -r /builds/slave/test/build/tests/mochitest/websocketprocessbridge/websocketprocessbridge_requirements.txt (line 4))
16:56:58     INFO -  Requirement already satisfied (use --upgrade to upgrade): txws==0.9.1 in /builds/slave/test/build/venv/lib/python2.7/site-packages (from -r /builds/slave/test/build/tests/mochitest/websocketprocessbridge/websocketprocessbridge_requirements.txt (line 7))
16:56:58     INFO -  Requirement already satisfied (use --upgrade to upgrade): psutil==3.1.1 in /builds/slave/test/build/venv/lib/python2.7/site-packages (from -r /builds/slave/test/build/tests/mochitest/websocketprocessbridge/websocketprocessbridge_requirements.txt (line 9))
16:56:58     INFO -  Requirement already satisfied (use --upgrade to upgrade): ipaddr==2.1.11 in /builds/slave/test/build/venv/lib/python2.7/site-packages (from -r /builds/slave/test/build/tests/mochitest/websocketprocessbridge/websocketprocessbridge_requirements.txt (line 12))
16:56:58     INFO -  Requirement already satisfied (use --upgrade to upgrade): passlib==1.6.5 in /builds/slave/test/build/venv/lib/python2.7/site-packages (from -r /builds/slave/test/build/tests/mochitest/websocketprocessbridge/websocketprocessbridge_requirements.txt (line 13))
16:56:58     INFO -  Collecting zope.interface (from twisted==10.2.0->-r /builds/slave/test/build/tests/mochitest/websocketprocessbridge/websocketprocessbridge_requirements.txt (line 4))
16:56:58     INFO -  /builds/slave/test/build/venv/lib/python2.7/site-packages/pip/_vendor/requests/packages/urllib3/util/ssl_.py:318: SNIMissingWarning: An HTTPS request has been made, but the SNI (Subject Name Indication) extension to TLS is not available on this platform. This may cause the server to present an incorrect TLS certificate, which can cause validation failures. You can upgrade to a newer version of Python to solve this. For more information, see https://urllib3.readthedocs.org/en/latest/security.html#snimissingwarning.
16:56:58     INFO -    SNIMissingWarning
16:56:58     INFO -  /builds/slave/test/build/venv/lib/python2.7/site-packages/pip/_vendor/requests/packages/urllib3/util/ssl_.py:122: InsecurePlatformWarning: A true SSLContext object is not available. This prevents urllib3 from configuring SSL appropriately and may cause certain SSL connections to fail. You can upgrade to a newer version of Python to solve this. For more information, see https://urllib3.readthedocs.org/en/latest/security.html#insecureplatformwarning.
16:56:58     INFO -    InsecurePlatformWarning
16:57:00     INFO -  /builds/slave/test/build/venv/lib/python2.7/site-packages/pip/_vendor/requests/packages/urllib3/util/ssl_.py:122: InsecurePlatformWarning: A true SSLContext object is not available. This prevents urllib3 from configuring SSL appropriately and may cause certain SSL connections to fail. You can upgrade to a newer version of Python to solve this. For more information, see https://urllib3.readthedocs.org/en/latest/security.html#insecureplatformwarning.
16:57:00     INFO -    InsecurePlatformWarning
16:57:05     INFO -    Downloading https://pypi.pvt.build.mozilla.org/pub/zope.interface-4.0.2.tar.gz (139kB)
16:57:06     INFO -  Requirement already satisfied (use --upgrade to upgrade): setuptools in /builds/slave/test/build/venv/lib/python2.7/site-packages (from zope.interface->twisted==10.2.0->-r /builds/slave/test/build/tests/mochitest/websocketprocessbridge/websocketprocessbridge_requirements.txt (line 4))
16:57:06     INFO -  Building wheels for collected packages: zope.interface
16:57:06     INFO -    Running setup.py bdist_wheel for zope.interface: started
16:57:08     INFO -    Running setup.py bdist_wheel for zope.interface: finished with status 'done'
16:57:08     INFO -    Stored in directory: /home/cltbld/.cache/pip/wheels/54/5c/71/e718400d2babcda41f4d97864183e1268dab308acc88e22470
16:57:08     INFO -  Successfully built zope.interface
16:57:08     INFO -  Installing collected packages: zope.interface
16:57:08     INFO -  Successfully installed zope.interface-4.0.2
16:57:08     INFO - Return code: 0
16:57:08     INFO - Done creating virtualenv /builds/slave/test/build/venv.
16:57:08     INFO - Getting output from command: ['/builds/slave/test/build/venv/bin/pip', 'freeze']
16:57:08     INFO - Copy/paste: /builds/slave/test/build/venv/bin/pip freeze
16:57:10     INFO - Reading from file tmpfile_stdout
16:57:10     INFO - Reading from file tmpfile_stderr
16:57:10     INFO - Current package versions:
16:57:10     INFO -   Twisted == 10.2.0
16:57:10     INFO -   blessings == 1.6
16:57:10     INFO -   blobuploader == 1.2.4
16:57:10     INFO -   browsermob-proxy == 0.6.0
16:57:10     INFO -   docopt == 0.6.1
16:57:10     INFO -   firefox-puppeteer == 52.1.0
16:57:10     INFO -   functools32 == 3.2.3.post2
16:57:10     INFO -   ipaddr == 2.1.11
16:57:10     INFO -   jsonschema == 2.5.1
16:57:10     INFO -   manifestparser == 1.1
16:57:10     INFO -   marionette-driver == 2.2.0
16:57:10     INFO -   marionette-harness == 4.0.0
16:57:10     INFO -   mock == 1.0.1
16:57:10     INFO -   mozInstall == 1.12
16:57:10     INFO -   mozcrash == 1.0
16:57:10     INFO -   mozdebug == 0.1
16:57:10     INFO -   mozdevice == 0.48
16:57:10     INFO -   mozfile == 1.2
16:57:10     INFO -   mozhttpd == 0.7
16:57:10     INFO -   mozinfo == 0.9
16:57:10     INFO -   mozleak == 0.1
16:57:10     INFO -   mozlog == 3.4
16:57:10     INFO -   moznetwork == 0.27
16:57:10     INFO -   mozprocess == 0.23
16:57:10     INFO -   mozprofile == 0.28
16:57:10     INFO -   mozrunner == 6.13
16:57:10     INFO -   mozscreenshot == 0.1
16:57:10     INFO -   mozsystemmonitor == 0.3
16:57:10     INFO -   moztest == 0.8
16:57:10     INFO -   mozversion == 1.4
16:57:10     INFO -   passlib == 1.6.5
16:57:10     INFO -   psutil == 3.1.1
16:57:10     INFO -   requests == 1.2.3
16:57:10     INFO -   simplejson == 3.3.0
16:57:10     INFO -   six == 1.10.0
16:57:10     INFO -   txWS == 0.9.1
16:57:10     INFO -   wptserve == 1.4.0
16:57:10     INFO -   zope.interface == 4.0.2
16:57:10     INFO - Running post-action listener: _resource_record_post_action
16:57:10     INFO - Running post-action listener: _start_resource_monitoring
16:57:10     INFO - Starting resource monitoring.
16:57:10     INFO - [mozharness: 2018-06-08 23:57:10.697236Z] Finished create-virtualenv step (success)
16:57:10     INFO - [mozharness: 2018-06-08 23:57:10.699532Z] Running install step.
16:57:10     INFO - Running pre-action listener: _resource_record_pre_action
16:57:10     INFO - Running main action method: install
16:57:10     INFO - Getting output from command: ['/builds/slave/test/build/venv/bin/pip', 'freeze']
16:57:10     INFO - Copy/paste: /builds/slave/test/build/venv/bin/pip freeze
16:57:11     INFO - Reading from file tmpfile_stdout
16:57:11     INFO - Reading from file tmpfile_stderr
16:57:11     INFO - Detecting whether we're running mozinstall >=1.0...
16:57:11     INFO - Getting output from command: ['/builds/slave/test/build/venv/bin/mozinstall', '-h']
16:57:11     INFO - Copy/paste: /builds/slave/test/build/venv/bin/mozinstall -h
16:57:11     INFO - Reading from file tmpfile_stdout
16:57:11     INFO - Output received:
16:57:11     INFO -  Usage: mozinstall [options] installer
16:57:11     INFO -  Options:
16:57:11     INFO -    -h, --help            show this help message and exit
16:57:11     INFO -    -d DEST, --destination=DEST
16:57:11     INFO -                          Directory to install application into. [default:
16:57:11     INFO -                          "/builds/slave/test"]
16:57:11     INFO -    --app=APP             Application being installed. [default: firefox]
16:57:11     INFO - mkdir: /builds/slave/test/build/application
16:57:11     INFO - Getting output from command: ['/builds/slave/test/build/venv/bin/mozinstall', '/builds/slave/test/build/installer.tar.bz2', '--destination', '/builds/slave/test/build/application']
16:57:11     INFO - Copy/paste: /builds/slave/test/build/venv/bin/mozinstall /builds/slave/test/build/installer.tar.bz2 --destination /builds/slave/test/build/application
16:57:34     INFO - Reading from file tmpfile_stdout
16:57:34     INFO - Output received:
16:57:34     INFO -  /builds/slave/test/build/application/firefox/firefox
16:57:34     INFO - Running post-action listener: _resource_record_post_action
16:57:34     INFO - [mozharness: 2018-06-08 23:57:34.219539Z] Finished install step (success)
16:57:34     INFO - [mozharness: 2018-06-08 23:57:34.219937Z] Running stage-files step.
16:57:34     INFO - Running pre-action listener: _resource_record_pre_action
16:57:34     INFO - Running main action method: stage_files
16:57:34     INFO - Running post-action listener: _resource_record_post_action
16:57:34     INFO - [mozharness: 2018-06-08 23:57:34.221721Z] Finished stage-files step (success)
16:57:34     INFO - [mozharness: 2018-06-08 23:57:34.222071Z] Running run-tests step.
16:57:34     INFO - Running pre-action listener: _resource_record_pre_action
16:57:34     INFO - Running pre-action listener: _set_gcov_prefix
16:57:34     INFO - Running main action method: run_tests
16:57:34     INFO - Running pre test command disable_screen_saver with 'xset s off s reset'
16:57:34     INFO - Running command: ['xset', 's', 'off', 's', 'reset'] in /builds/slave/test/build
16:57:34     INFO - Copy/paste: xset s off s reset
16:57:34     INFO - Return code: 0
16:57:34     INFO - #### Running mochitest suites
16:57:34     INFO - Structured output parser in use for mochitest.
16:57:34     INFO - grabbing minidump binary from tooltool
16:57:34     INFO - retry: Calling run_command with args: (['/tools/tooltool.py', '--url', 'https://api.pub.build.mozilla.org/tooltool/', '--authentication-file', '/builds/relengapi.tok', 'fetch', '-m', '/builds/slave/test/build/tests/config/tooltool-manifests/linux64/releng.manifest', '-o', '-c', '/builds/tooltool_cache'],), kwargs: {'output_timeout': 600, 'error_list': [{'substr': 'command not found', 'level': 'error'}, {'regex': <_sre.SRE_Pattern object at 0x1978a90>, 'level': 'warning'}, {'substr': 'Traceback (most recent call last)', 'level': 'error'}, {'substr': 'SyntaxError: ', 'level': 'error'}, {'substr': 'TypeError: ', 'level': 'error'}, {'substr': 'NameError: ', 'level': 'error'}, {'substr': 'ZeroDivisionError: ', 'level': 'error'}, {'regex': <_sre.SRE_Pattern object at 0x197a3f0>, 'level': 'critical'}, {'regex': <_sre.SRE_Pattern object at 0x197a670>, 'level': 'critical'}, {'substr': 'ERROR - ', 'level': 'error'}], 'cwd': '/builds/slave/test/build', 'privileged': False}, attempt #1
16:57:34     INFO - Running command: ['/tools/tooltool.py', '--url', 'https://api.pub.build.mozilla.org/tooltool/', '--authentication-file', '/builds/relengapi.tok', 'fetch', '-m', '/builds/slave/test/build/tests/config/tooltool-manifests/linux64/releng.manifest', '-o', '-c', '/builds/tooltool_cache'] in /builds/slave/test/build
16:57:34     INFO - Copy/paste: /tools/tooltool.py --url https://api.pub.build.mozilla.org/tooltool/ --authentication-file /builds/relengapi.tok fetch -m /builds/slave/test/build/tests/config/tooltool-manifests/linux64/releng.manifest -o -c /builds/tooltool_cache
16:57:34     INFO - Calling ['/tools/tooltool.py', '--url', 'https://api.pub.build.mozilla.org/tooltool/', '--authentication-file', '/builds/relengapi.tok', 'fetch', '-m', '/builds/slave/test/build/tests/config/tooltool-manifests/linux64/releng.manifest', '-o', '-c', '/builds/tooltool_cache'] with output_timeout 600
16:57:34     INFO -  INFO - File linux64-minidump_stackwalk not present in local cache folder /builds/tooltool_cache
16:57:34     INFO -  INFO - Attempting to fetch from 'https://api.pub.build.mozilla.org/tooltool/'...
16:57:36     INFO -  INFO - File linux64-minidump_stackwalk fetched from https://api.pub.build.mozilla.org/tooltool/ as /builds/slave/test/build/tmp9kA8u1
16:57:36     INFO -  INFO - File integrity verified, renaming tmp9kA8u1 to linux64-minidump_stackwalk
16:57:36     INFO -  INFO - Updating local cache /builds/tooltool_cache...
16:57:36     INFO -  INFO - Local cache /builds/tooltool_cache updated with linux64-minidump_stackwalk
16:57:36     INFO - Return code: 0
16:57:36     INFO - Chmoding /builds/slave/test/build/linux64-minidump_stackwalk to 0755
16:57:36     INFO - grabbing nodejs binary from tooltool
16:57:36     INFO - retry: Calling run_command with args: (['/tools/tooltool.py', '--url', 'https://api.pub.build.mozilla.org/tooltool/', '--authentication-file', '/builds/relengapi.tok', 'fetch', '-m', '/builds/slave/test/build/tests/config/tooltool-manifests/linux64/nodejs.manifest', '-o', '-c', '/builds/tooltool_cache'],), kwargs: {'output_timeout': 600, 'error_list': [{'substr': 'command not found', 'level': 'error'}, {'regex': <_sre.SRE_Pattern object at 0x1978a90>, 'level': 'warning'}, {'substr': 'Traceback (most recent call last)', 'level': 'error'}, {'substr': 'SyntaxError: ', 'level': 'error'}, {'substr': 'TypeError: ', 'level': 'error'}, {'substr': 'NameError: ', 'level': 'error'}, {'substr': 'ZeroDivisionError: ', 'level': 'error'}, {'regex': <_sre.SRE_Pattern object at 0x197a3f0>, 'level': 'critical'}, {'regex': <_sre.SRE_Pattern object at 0x197a670>, 'level': 'critical'}, {'substr': 'ERROR - ', 'level': 'error'}], 'cwd': '/builds/slave/test/build', 'privileged': False}, attempt #1
16:57:36     INFO - Running command: ['/tools/tooltool.py', '--url', 'https://api.pub.build.mozilla.org/tooltool/', '--authentication-file', '/builds/relengapi.tok', 'fetch', '-m', '/builds/slave/test/build/tests/config/tooltool-manifests/linux64/nodejs.manifest', '-o', '-c', '/builds/tooltool_cache'] in /builds/slave/test/build
16:57:36     INFO - Copy/paste: /tools/tooltool.py --url https://api.pub.build.mozilla.org/tooltool/ --authentication-file /builds/relengapi.tok fetch -m /builds/slave/test/build/tests/config/tooltool-manifests/linux64/nodejs.manifest -o -c /builds/tooltool_cache
16:57:36     INFO - Calling ['/tools/tooltool.py', '--url', 'https://api.pub.build.mozilla.org/tooltool/', '--authentication-file', '/builds/relengapi.tok', 'fetch', '-m', '/builds/slave/test/build/tests/config/tooltool-manifests/linux64/nodejs.manifest', '-o', '-c', '/builds/tooltool_cache'] with output_timeout 600
16:57:36     INFO -  INFO - File node-linux-x64.tar.gz not present in local cache folder /builds/tooltool_cache
16:57:36     INFO -  INFO - Attempting to fetch from 'https://api.pub.build.mozilla.org/tooltool/'...
16:57:38     INFO -  INFO - File node-linux-x64.tar.gz fetched from https://api.pub.build.mozilla.org/tooltool/ as /builds/slave/test/build/tmpH2RWgN
16:57:38     INFO -  INFO - File integrity verified, renaming tmpH2RWgN to node-linux-x64.tar.gz
16:57:38     INFO -  INFO - Updating local cache /builds/tooltool_cache...
16:57:38     INFO -  INFO - Local cache /builds/tooltool_cache updated with node-linux-x64.tar.gz
16:57:38     INFO -  INFO - untarring "node-linux-x64.tar.gz"
16:57:40     INFO - Return code: 0
16:57:40     INFO - Chmoding /builds/slave/test/build/node-linux-x64/bin/node to 0755
16:57:40     INFO - mkdir: /builds/slave/test/build/blobber_upload_dir
16:57:40     INFO - ENV: MOZ_UPLOAD_DIR is now /builds/slave/test/build/blobber_upload_dir
16:57:40     INFO - ENV: MINIDUMP_STACKWALK is now /builds/slave/test/build/linux64-minidump_stackwalk
16:57:40     INFO - ENV: MOZ_NODE_PATH is now /builds/slave/test/build/node-linux-x64/bin/node
16:57:40     INFO - ENV: MINIDUMP_SAVE_PATH is now /builds/slave/test/build/blobber_upload_dir
16:57:40     INFO - Running command: ['/builds/slave/test/build/venv/bin/python', '-u', '/builds/slave/test/build/tests/mochitest/runtests.py', '--disable-e10s', '--total-chunks', '8', '--this-chunk', '5', '--appname=/builds/slave/test/build/application/firefox/firefox', '--utility-path=tests/bin', '--extra-profile-file=tests/bin/plugins', '--symbols-path=https://queue.taskcluster.net/v1/task/I1iAdq48Sa60c5BCPWswkg/artifacts/public/build/firefox-52.8.2.en-US.linux-x86_64.crashreporter-symbols.zip', '--certificate-path=tests/certs', '--setpref=webgl.force-enabled=true', '--quiet', '--log-raw=/builds/slave/test/build/blobber_upload_dir/mochitest-devtools-chrome-chunked_raw.log', '--log-errorsummary=/builds/slave/test/build/blobber_upload_dir/mochitest-devtools-chrome-chunked_errorsummary.log', '--use-test-media-devices', '--screenshot-on-fail', '--cleanup-crashes', '--marionette-startup-timeout=180', '--log-raw=-', '--flavor=browser', '--subsuite=devtools', '--chunk-by-runtime'] in /builds/slave/test/build
16:57:40     INFO - Copy/paste: /builds/slave/test/build/venv/bin/python -u /builds/slave/test/build/tests/mochitest/runtests.py --disable-e10s --total-chunks 8 --this-chunk 5 --appname=/builds/slave/test/build/application/firefox/firefox --utility-path=tests/bin --extra-profile-file=tests/bin/plugins --symbols-path=https://queue.taskcluster.net/v1/task/I1iAdq48Sa60c5BCPWswkg/artifacts/public/build/firefox-52.8.2.en-US.linux-x86_64.crashreporter-symbols.zip --certificate-path=tests/certs --setpref=webgl.force-enabled=true --quiet --log-raw=/builds/slave/test/build/blobber_upload_dir/mochitest-devtools-chrome-chunked_raw.log --log-errorsummary=/builds/slave/test/build/blobber_upload_dir/mochitest-devtools-chrome-chunked_errorsummary.log --use-test-media-devices --screenshot-on-fail --cleanup-crashes --marionette-startup-timeout=180 --log-raw=- --flavor=browser --subsuite=devtools --chunk-by-runtime
16:57:40     INFO - Using env: {'CCACHE_DIR': '/builds/ccache',
16:57:40     INFO -  'CCACHE_UMASK': '002',
16:57:40     INFO -  'DISPLAY': ':0',
16:57:40     INFO -  'HOME': '/home/cltbld',
16:57:40     INFO -  'LANG': 'en_US.UTF-8',
16:57:40     INFO -  'LOGNAME': 'cltbld',
16:57:40     INFO -  'MAIL': '/var/mail/cltbld',
16:57:40     INFO -  'MINIDUMP_SAVE_PATH': '/builds/slave/test/build/blobber_upload_dir',
16:57:40     INFO -  'MINIDUMP_STACKWALK': '/builds/slave/test/build/linux64-minidump_stackwalk',
16:57:40     INFO -  'MOZ_HIDE_RESULTS_TABLE': '1',
16:57:40     INFO -  'MOZ_NODE_PATH': '/builds/slave/test/build/node-linux-x64/bin/node',
16:57:40     INFO -  'MOZ_NO_REMOTE': '1',
16:57:40     INFO -  'MOZ_UPLOAD_DIR': '/builds/slave/test/build/blobber_upload_dir',
16:57:40     INFO -  'NODE_PATH': '/usr/lib/nodejs:/usr/lib/node_modules:/usr/share/javascript',
16:57:40     INFO -  'NO_FAIL_ON_TEST_ERRORS': '1',
16:57:40     INFO -  'PATH': '/builds/slave/test/build/venv/bin:/usr/local/bin:/usr/local/bin:/usr/bin:/bin:/usr/local/games:/usr/games',
16:57:40     INFO -  'PROPERTIES_FILE': '/builds/slave/test/buildprops.json',
16:57:40     INFO -  'PWD': '/builds/slave/test',
16:57:40     INFO -  'SHELL': '/bin/bash',
16:57:40     INFO -  'SHLVL': '1',
16:57:40     INFO -  'TERM': 'linux',
16:57:40     INFO -  'TMOUT': '86400',
16:57:40     INFO -  'USER': 'cltbld',
16:57:40     INFO -  'XDG_SESSION_COOKIE': '9ca12473fbb1d023794ffd180000023c-1528501959.94107-1795216115',
16:57:40     INFO -  '_': '/tools/buildbot/bin/python'}
16:57:40     INFO - Calling ['/builds/slave/test/build/venv/bin/python', '-u', '/builds/slave/test/build/tests/mochitest/runtests.py', '--disable-e10s', '--total-chunks', '8', '--this-chunk', '5', '--appname=/builds/slave/test/build/application/firefox/firefox', '--utility-path=tests/bin', '--extra-profile-file=tests/bin/plugins', '--symbols-path=https://queue.taskcluster.net/v1/task/I1iAdq48Sa60c5BCPWswkg/artifacts/public/build/firefox-52.8.2.en-US.linux-x86_64.crashreporter-symbols.zip', '--certificate-path=tests/certs', '--setpref=webgl.force-enabled=true', '--quiet', '--log-raw=/builds/slave/test/build/blobber_upload_dir/mochitest-devtools-chrome-chunked_raw.log', '--log-errorsummary=/builds/slave/test/build/blobber_upload_dir/mochitest-devtools-chrome-chunked_errorsummary.log', '--use-test-media-devices', '--screenshot-on-fail', '--cleanup-crashes', '--marionette-startup-timeout=180', '--log-raw=-', '--flavor=browser', '--subsuite=devtools', '--chunk-by-runtime'] with output_timeout 1000
16:57:41     INFO - Checking for orphan ssltunnel processes...
16:57:41     INFO - Checking for orphan xpcshell processes...
16:57:41     INFO - SUITE-START | Running 214 tests
16:57:41     INFO - TEST-START | devtools/client/projecteditor/test/browser_projecteditor_contextmenu_02.js
16:57:41     INFO - TEST-SKIP | devtools/client/projecteditor/test/browser_projecteditor_contextmenu_02.js | took 0ms
16:57:41     INFO - TEST-START | devtools/client/projecteditor/test/browser_projecteditor_menubar_02.js
16:57:41     INFO - TEST-SKIP | devtools/client/projecteditor/test/browser_projecteditor_menubar_02.js | took 1ms
16:57:41     INFO -  dir: devtools/client/inspector/fonts/test
16:57:44     INFO -  ImportError: No module named pygtk
16:57:44     INFO -  Setting pipeline to PAUSED ...
16:57:44     INFO -  libv4l2: error getting pixformat: Invalid argument
16:57:44     INFO -  Pipeline is PREROLLING ...
16:57:45     INFO -  Pipeline is PREROLLED ...
16:57:45     INFO -  Setting pipeline to PLAYING ...
16:57:45     INFO -  New clock: GstSystemClock
16:57:45     INFO -  Got EOS from element "pipeline0".
16:57:45     INFO -  Execution ended after 32223025 ns.
16:57:45     INFO -  Setting pipeline to PAUSED ...
16:57:45     INFO -  Setting pipeline to READY ...
16:57:45     INFO -  Setting pipeline to NULL ...
16:57:45     INFO -  Freeing pipeline ...
16:57:45     INFO -  23
16:57:45     INFO -  mozprofile.addons WARNING | Could not install /builds/slave/test/build/tests/mochitest/extensions/mozscreenshots: [Errno 2] No such file or directory: '/builds/slave/test/build/tests/mochitest/extensions/mozscreenshots/install.rdf'
16:57:46     INFO -  pk12util: PKCS12 IMPORT SUCCESSFUL
16:57:46     INFO - MochitestServer : launching [u'/builds/slave/test/build/tests/bin/xpcshell', '-g', '/builds/slave/test/build/application/firefox', '-v', '170', '-f', '/builds/slave/test/build/tests/bin/components/httpd.js', '-e', "const _PROFILE_PATH = '/tmp/tmpbsXwZ4.mozrunner'; const _SERVER_PORT = '8888'; const _SERVER_ADDR = '127.0.0.1'; const _TEST_PREFIX = undefined; const _DISPLAY_RESULTS = false;", '-f', '/builds/slave/test/build/tests/mochitest/server.js']
16:57:46     INFO - runtests.py | Server pid: 2409
16:57:46     INFO - runtests.py | Websocket server pid: 2412
16:57:46     INFO - runtests.py | SSL tunnel pid: 2415
16:57:46     INFO - runtests.py | Running with e10s: False
16:57:46     INFO - runtests.py | Running tests: start.
16:57:46     INFO - 
16:57:46     INFO - Application command: /builds/slave/test/build/application/firefox/firefox -marionette -foreground -profile /tmp/tmpbsXwZ4.mozrunner
16:57:46     INFO - runtests.py | Application pid: 2437
16:57:46     INFO - TEST-INFO | started process Main app process
16:57:49     INFO - 1528502269856	Marionette	INFO	Listening on port 2828
16:57:53     INFO - *** Start BrowserChrome Test Results ***
16:57:54     INFO - checking window state
16:57:54     INFO - TEST-START | devtools/client/inspector/fonts/test/browser_fontinspector.js
16:58:00     INFO - MEMORY STAT vsizeMaxContiguous not supported in this build configuration.
16:58:00     INFO - MEMORY STAT | vsize 2116MB | residentFast 326MB | heapAllocated 174MB
16:58:00     INFO - TEST-OK | devtools/client/inspector/fonts/test/browser_fontinspector.js | took 6626ms
16:58:00     INFO - checking window state
16:58:00     INFO - TEST-START | devtools/client/inspector/fonts/test/browser_fontinspector_edit-previews-show-all.js
16:58:04     INFO - MEMORY STAT | vsize 2129MB | residentFast 351MB | heapAllocated 196MB
16:58:04     INFO - TEST-OK | devtools/client/inspector/fonts/test/browser_fontinspector_edit-previews-show-all.js | took 3900ms
16:58:04     INFO - checking window state
16:58:05     INFO - TEST-START | devtools/client/inspector/fonts/test/browser_fontinspector_edit-previews.js
16:58:09     INFO - MEMORY STAT | vsize 2163MB | residentFast 360MB | heapAllocated 188MB
16:58:09     INFO - TEST-OK | devtools/client/inspector/fonts/test/browser_fontinspector_edit-previews.js | took 4548ms
16:58:09     INFO - checking window state
16:58:09     INFO - TEST-START | devtools/client/inspector/fonts/test/browser_fontinspector_theme-change.js
16:58:14     INFO - MEMORY STAT | vsize 2149MB | residentFast 324MB | heapAllocated 164MB
16:58:14     INFO - TEST-OK | devtools/client/inspector/fonts/test/browser_fontinspector_theme-change.js | took 4822ms
16:58:14     INFO - checking window state
16:58:19     INFO - Completed ShutdownLeaks collections in process 2437
16:58:19     INFO - TEST-START | Shutdown
16:58:19     INFO - Browser Chrome Test Summary
16:58:19     INFO - Passed:  68
16:58:19     INFO - Failed:  0
16:58:19     INFO - Todo:    0
16:58:19     INFO - Mode:    non-e10s
16:58:19     INFO - *** End BrowserChrome Test Results ***
16:58:21     INFO - TEST-INFO | Main app process: exit 0
16:58:21     INFO - runtests.py | Application ran for: 0:00:34.577860
16:58:21     INFO - zombiecheck | Reading PID log: /tmp/tmpqoYLBvpidlog
16:58:21     INFO - ==> process 2437 launched child process 2458
16:58:21     INFO - zombiecheck | Checking for orphan process with PID: 2458
16:58:21     INFO - Stopping web server
16:58:21     INFO - Stopping web socket server
16:58:21     INFO - Stopping ssltunnel
16:58:21  WARNING - leakcheck | refcount logging is off, so leaks can't be detected!
16:58:21     INFO - runtests.py | Running tests: end.
16:58:21     INFO - Buffered messages finished
16:58:21     INFO -  dir: devtools/client/inspector/test
16:58:21     INFO -  Setting pipeline to PAUSED ...
16:58:21     INFO -  Pipeline is PREROLLING ...
16:58:21     INFO -  Pipeline is PREROLLED ...
16:58:21     INFO -  Setting pipeline to PLAYING ...
16:58:21     INFO -  New clock: GstSystemClock
16:58:21     INFO -  Got EOS from element "pipeline0".
16:58:21     INFO -  Execution ended after 32580573 ns.
16:58:21     INFO -  Setting pipeline to PAUSED ...
16:58:21     INFO -  Setting pipeline to READY ...
16:58:21     INFO -  Setting pipeline to NULL ...
16:58:21     INFO -  Freeing pipeline ...
16:58:21     INFO -  mozprofile.addons WARNING | Could not install /builds/slave/test/build/tests/mochitest/extensions/mozscreenshots: [Errno 2] No such file or directory: '/builds/slave/test/build/tests/mochitest/extensions/mozscreenshots/install.rdf'
16:58:22     INFO -  pk12util: PKCS12 IMPORT SUCCESSFUL
16:58:22     INFO - MochitestServer : launching [u'/builds/slave/test/build/tests/bin/xpcshell', '-g', '/builds/slave/test/build/application/firefox', '-v', '170', '-f', '/builds/slave/test/build/tests/bin/components/httpd.js', '-e', "const _PROFILE_PATH = '/tmp/tmpphBU03.mozrunner'; const _SERVER_PORT = '8888'; const _SERVER_ADDR = '127.0.0.1'; const _TEST_PREFIX = undefined; const _DISPLAY_RESULTS = false;", '-f', '/builds/slave/test/build/tests/mochitest/server.js']
16:58:22     INFO - runtests.py | Server pid: 2532
16:58:22     INFO - runtests.py | Websocket server pid: 2535
16:58:22     INFO - runtests.py | SSL tunnel pid: 2538
16:58:22     INFO - runtests.py | Running with e10s: False
16:58:22     INFO - runtests.py | Running tests: start.
16:58:22     INFO - 
16:58:22     INFO - Application command: /builds/slave/test/build/application/firefox/firefox -marionette -foreground -profile /tmp/tmpphBU03.mozrunner
16:58:22     INFO - runtests.py | Application pid: 2560
16:58:22     INFO - TEST-INFO | started process Main app process
16:58:25     INFO - 1528502305654	Marionette	INFO	Listening on port 2828
16:58:29     INFO - *** Start BrowserChrome Test Results ***
16:58:29     INFO - checking window state
16:58:29     INFO - TEST-START | devtools/client/inspector/test/browser_inspector_addNode_01.js
16:58:35     INFO - MEMORY STAT vsizeMaxContiguous not supported in this build configuration.
16:58:35     INFO - MEMORY STAT | vsize 2177MB | residentFast 308MB | heapAllocated 160MB
16:58:35     INFO - TEST-OK | devtools/client/inspector/test/browser_inspector_addNode_01.js | took 5602ms
16:58:35     INFO - checking window state
16:58:35     INFO - TEST-START | devtools/client/inspector/test/browser_inspector_addNode_02.js
16:58:40     INFO - MEMORY STAT | vsize 2181MB | residentFast 329MB | heapAllocated 176MB
16:58:40     INFO - TEST-OK | devtools/client/inspector/test/browser_inspector_addNode_02.js | took 4346ms
16:58:40     INFO - checking window state
16:58:40     INFO - TEST-START | devtools/client/inspector/test/browser_inspector_addNode_03.js
16:58:47     INFO - MEMORY STAT | vsize 2225MB | residentFast 319MB | heapAllocated 161MB
16:58:47     INFO - TEST-OK | devtools/client/inspector/test/browser_inspector_addNode_03.js | took 7752ms
16:58:48     INFO - checking window state
16:58:48     INFO - TEST-START | devtools/client/inspector/test/browser_inspector_addSidebarTab.js
16:58:50     INFO - MEMORY STAT | vsize 2213MB | residentFast 327MB | heapAllocated 170MB
16:58:50     INFO - TEST-OK | devtools/client/inspector/test/browser_inspector_addSidebarTab.js | took 2846ms
16:58:51     INFO - checking window state
16:58:51     INFO - TEST-START | devtools/client/inspector/test/browser_inspector_breadcrumbs.js
16:58:58     INFO - MEMORY STAT | vsize 2221MB | residentFast 334MB | heapAllocated 169MB
16:58:58     INFO - TEST-OK | devtools/client/inspector/test/browser_inspector_breadcrumbs.js | took 7180ms
16:58:58     INFO - checking window state
16:58:58     INFO - TEST-START | devtools/client/inspector/test/browser_inspector_breadcrumbs_highlight_hover.js
16:59:01     INFO - MEMORY STAT | vsize 2228MB | residentFast 355MB | heapAllocated 187MB
16:59:01     INFO - TEST-OK | devtools/client/inspector/test/browser_inspector_breadcrumbs_highlight_hover.js | took 3428ms
16:59:02     INFO - checking window state
16:59:02     INFO - TEST-START | devtools/client/inspector/test/browser_inspector_breadcrumbs_keybinding.js
16:59:07     INFO - MEMORY STAT | vsize 2238MB | residentFast 356MB | heapAllocated 178MB
16:59:07     INFO - TEST-OK | devtools/client/inspector/test/browser_inspector_breadcrumbs_keybinding.js | took 5064ms
16:59:07     INFO - checking window state
16:59:07     INFO - TEST-START | devtools/client/inspector/test/browser_inspector_breadcrumbs_keyboard_trap.js
16:59:11     INFO - MEMORY STAT | vsize 2247MB | residentFast 371MB | heapAllocated 187MB
16:59:11     INFO - TEST-OK | devtools/client/inspector/test/browser_inspector_breadcrumbs_keyboard_trap.js | took 3942ms
16:59:11     INFO - checking window state
16:59:11     INFO - TEST-START | devtools/client/inspector/test/browser_inspector_breadcrumbs_mutations.js
16:59:17     INFO - MEMORY STAT | vsize 2261MB | residentFast 382MB | heapAllocated 192MB
16:59:17     INFO - TEST-OK | devtools/client/inspector/test/browser_inspector_breadcrumbs_mutations.js | took 6032ms
16:59:17     INFO - checking window state
16:59:17     INFO - TEST-START | devtools/client/inspector/test/browser_inspector_breadcrumbs_namespaced.js
16:59:20     INFO - MEMORY STAT | vsize 2266MB | residentFast 394MB | heapAllocated 202MB
16:59:20     INFO - TEST-OK | devtools/client/inspector/test/browser_inspector_breadcrumbs_namespaced.js | took 2982ms
16:59:20     INFO - checking window state
16:59:20     INFO - TEST-START | devtools/client/inspector/test/browser_inspector_breadcrumbs_visibility.js
16:59:26     INFO - MEMORY STAT | vsize 2265MB | residentFast 365MB | heapAllocated 168MB
16:59:26     INFO - TEST-OK | devtools/client/inspector/test/browser_inspector_breadcrumbs_visibility.js | took 6124ms
16:59:26     INFO - checking window state
16:59:27     INFO - TEST-START | devtools/client/inspector/test/browser_inspector_delete-selected-node-01.js
16:59:31     INFO - MEMORY STAT | vsize 2279MB | residentFast 387MB | heapAllocated 186MB
16:59:31     INFO - TEST-OK | devtools/client/inspector/test/browser_inspector_delete-selected-node-01.js | took 4690ms
16:59:31     INFO - checking window state
16:59:31     INFO - TEST-START | devtools/client/inspector/test/browser_inspector_delete-selected-node-02.js
16:59:42     INFO - MEMORY STAT | vsize 2271MB | residentFast 308MB | heapAllocated 147MB
16:59:42     INFO - TEST-OK | devtools/client/inspector/test/browser_inspector_delete-selected-node-02.js | took 11046ms
16:59:43     INFO - checking window state
16:59:43     INFO - TEST-START | devtools/client/inspector/test/browser_inspector_delete-selected-node-03.js
16:59:47     INFO - MEMORY STAT | vsize 2277MB | residentFast 321MB | heapAllocated 158MB
16:59:47     INFO - TEST-OK | devtools/client/inspector/test/browser_inspector_delete-selected-node-03.js | took 4408ms
16:59:47     INFO - checking window state
16:59:47     INFO - TEST-START | devtools/client/inspector/test/browser_inspector_destroy-after-navigation.js
16:59:52     INFO - MEMORY STAT | vsize 2285MB | residentFast 328MB | heapAllocated 158MB
16:59:52     INFO - TEST-OK | devtools/client/inspector/test/browser_inspector_destroy-after-navigation.js | took 4404ms
16:59:52     INFO - checking window state
16:59:52     INFO - TEST-START | devtools/client/inspector/test/browser_inspector_destroy-before-ready.js
16:59:55     INFO - MEMORY STAT | vsize 2285MB | residentFast 349MB | heapAllocated 179MB
16:59:55     INFO - TEST-OK | devtools/client/inspector/test/browser_inspector_destroy-before-ready.js | took 3256ms
16:59:55     INFO - checking window state
16:59:55     INFO - TEST-START | devtools/client/inspector/test/browser_inspector_expand-collapse.js
16:59:59     INFO - MEMORY STAT | vsize 2317MB | residentFast 340MB | heapAllocated 165MB
16:59:59     INFO - TEST-OK | devtools/client/inspector/test/browser_inspector_expand-collapse.js | took 4032ms
16:59:59     INFO - checking window state
16:59:59     INFO - TEST-START | devtools/client/inspector/test/browser_inspector_gcli-inspect-command.js
17:00:05     INFO - MEMORY STAT | vsize 2326MB | residentFast 363MB | heapAllocated 185MB
17:00:05     INFO - TEST-OK | devtools/client/inspector/test/browser_inspector_gcli-inspect-command.js | took 5238ms
17:00:05     INFO - checking window state
17:00:05     INFO - TEST-START | devtools/client/inspector/test/browser_inspector_highlighter-01.js
17:00:08     INFO - MEMORY STAT | vsize 2326MB | residentFast 354MB | heapAllocated 177MB
17:00:08     INFO - TEST-OK | devtools/client/inspector/test/browser_inspector_highlighter-01.js | took 3758ms
17:00:09     INFO - checking window state
17:00:09     INFO - TEST-START | devtools/client/inspector/test/browser_inspector_highlighter-02.js
17:00:16     INFO - MEMORY STAT | vsize 2314MB | residentFast 339MB | heapAllocated 164MB
17:00:16     INFO - TEST-OK | devtools/client/inspector/test/browser_inspector_highlighter-02.js | took 7744ms
17:00:16     INFO - checking window state
17:00:17     INFO - TEST-START | devtools/client/inspector/test/browser_inspector_highlighter-03.js
17:00:21     INFO - MEMORY STAT | vsize 2326MB | residentFast 335MB | heapAllocated 167MB
17:00:21     INFO - TEST-OK | devtools/client/inspector/test/browser_inspector_highlighter-03.js | took 4822ms
17:00:21     INFO - checking window state
17:00:21     INFO - TEST-START | devtools/client/inspector/test/browser_inspector_highlighter-04.js
17:00:24     INFO - MEMORY STAT | vsize 2326MB | residentFast 352MB | heapAllocated 183MB
17:00:24     INFO - TEST-OK | devtools/client/inspector/test/browser_inspector_highlighter-04.js | took 2814ms
17:00:24     INFO - checking window state
17:00:24     INFO - TEST-START | devtools/client/inspector/test/browser_inspector_highlighter-by-type.js
17:00:27     INFO - MEMORY STAT | vsize 2326MB | residentFast 366MB | heapAllocated 189MB
17:00:27     INFO - TEST-OK | devtools/client/inspector/test/browser_inspector_highlighter-by-type.js | took 2856ms
17:00:27     INFO - checking window state
17:00:27     INFO - TEST-START | devtools/client/inspector/test/browser_inspector_highlighter-cancel.js
17:00:34     INFO - MEMORY STAT | vsize 2318MB | residentFast 379MB | heapAllocated 197MB
17:00:34     INFO - TEST-OK | devtools/client/inspector/test/browser_inspector_highlighter-cancel.js | took 6236ms
17:00:34     INFO - checking window state
17:00:34     INFO - TEST-START | devtools/client/inspector/test/browser_inspector_highlighter-comments.js
17:00:40     INFO - MEMORY STAT | vsize 2314MB | residentFast 365MB | heapAllocated 177MB
17:00:40     INFO - TEST-OK | devtools/client/inspector/test/browser_inspector_highlighter-comments.js | took 5998ms
17:00:40     INFO - checking window state
17:00:40     INFO - TEST-START | devtools/client/inspector/test/browser_inspector_highlighter-cssgrid_01.js
17:00:43     INFO - MEMORY STAT | vsize 2326MB | residentFast 386MB | heapAllocated 195MB
17:00:43     INFO - TEST-OK | devtools/client/inspector/test/browser_inspector_highlighter-cssgrid_01.js | took 3472ms
17:00:44     INFO - checking window state
17:00:44     INFO - TEST-START | devtools/client/inspector/test/browser_inspector_highlighter-csstransform_01.js
17:00:48     INFO - MEMORY STAT | vsize 2319MB | residentFast 355MB | heapAllocated 170MB
17:00:48     INFO - TEST-OK | devtools/client/inspector/test/browser_inspector_highlighter-csstransform_01.js | took 4288ms
17:00:48     INFO - checking window state
17:00:48     INFO - TEST-START | devtools/client/inspector/test/browser_inspector_highlighter-csstransform_02.js
17:00:51     INFO - MEMORY STAT | vsize 2322MB | residentFast 366MB | heapAllocated 180MB
17:00:51     INFO - TEST-OK | devtools/client/inspector/test/browser_inspector_highlighter-csstransform_02.js | took 3238ms
17:00:51     INFO - checking window state
17:00:52     INFO - TEST-START | devtools/client/inspector/test/browser_inspector_highlighter-embed.js
17:00:55     INFO - MEMORY STAT | vsize 2326MB | residentFast 371MB | heapAllocated 182MB
17:00:55     INFO - TEST-OK | devtools/client/inspector/test/browser_inspector_highlighter-embed.js | took 3856ms
17:00:55     INFO - checking window state
17:00:56     INFO - TEST-START | devtools/client/inspector/test/browser_inspector_highlighter-eyedropper-csp.js
17:01:00     INFO - MEMORY STAT | vsize 2324MB | residentFast 378MB | heapAllocated 201MB
17:01:00     INFO - TEST-OK | devtools/client/inspector/test/browser_inspector_highlighter-eyedropper-csp.js | took 4264ms
17:01:00     INFO - checking window state
17:01:00     INFO - TEST-START | devtools/client/inspector/test/browser_inspector_highlighter-eyedropper-events.js
17:01:05     INFO - MEMORY STAT | vsize 2344MB | residentFast 381MB | heapAllocated 200MB
17:01:05     INFO - TEST-OK | devtools/client/inspector/test/browser_inspector_highlighter-eyedropper-events.js | took 4572ms
17:01:05     INFO - checking window state
17:01:05     INFO - TEST-START | devtools/client/inspector/test/browser_inspector_highlighter-eyedropper-label.js
17:01:09     INFO - MEMORY STAT | vsize 2344MB | residentFast 398MB | heapAllocated 217MB
17:01:09     INFO - TEST-OK | devtools/client/inspector/test/browser_inspector_highlighter-eyedropper-label.js | took 3972ms
17:01:09     INFO - checking window state
17:01:09     INFO - TEST-START | devtools/client/inspector/test/browser_inspector_highlighter-eyedropper-show-hide.js
17:01:12     INFO - MEMORY STAT | vsize 2356MB | residentFast 417MB | heapAllocated 233MB
17:01:12     INFO - TEST-OK | devtools/client/inspector/test/browser_inspector_highlighter-eyedropper-show-hide.js | took 2920ms
17:01:12     INFO - checking window state
17:01:12     INFO - TEST-START | devtools/client/inspector/test/browser_inspector_highlighter-eyedropper-xul.js
17:01:14     INFO - console.error:
17:01:14     INFO -   Error writing response to: getUniqueSelector
17:01:14     INFO - console.error:
17:01:14     INFO -   Message: Error: undefined passed where a value is required
17:01:14     INFO -   Stack:
17:01:14     INFO -     identityWrite@resource://gre/modules/commonjs/toolkit/loader.js -> resource://devtools/shared/protocol.js:109:11
17:01:14     INFO - RetVal<.write@resource://gre/modules/commonjs/toolkit/loader.js -> resource://devtools/shared/protocol.js:528:12
17:01:14     INFO - Response<.write/<@resource://gre/modules/commonjs/toolkit/loader.js -> resource://devtools/shared/protocol.js:681:16
17:01:14     INFO - Response<.write@resource://gre/modules/commonjs/toolkit/loader.js -> resource://devtools/shared/protocol.js:679:23
17:01:14     INFO - generateRequestHandlers/</handler/sendReturn@resource://gre/modules/commonjs/toolkit/loader.js -> resource://devtools/shared/protocol.js:1052:24
17:01:14     INFO - Handler.prototype.process@resource://gre/modules/Promise.jsm -> resource://gre/modules/Promise-backend.js:932:23
17:01:14     INFO - this.PromiseWalker.walkerLoop@resource://gre/modules/Promise.jsm -> resource://gre/modules/Promise-backend.js:813:7
17:01:14     INFO - this.PromiseWalker.scheduleWalkerLoop/<@resource://gre/modules/Promise.jsm -> resource://gre/modules/Promise-backend.js:747:11
17:01:14     INFO - identityWrite@resource://gre/modules/commonjs/toolkit/loader.js -> resource://devtools/shared/protocol.js:109:11
17:01:14     INFO - RetVal<.write@resource://gre/modules/commonjs/toolkit/loader.js -> resource://devtools/shared/protocol.js:528:12
17:01:14     INFO - Response<.write/<@resource://gre/modules/commonjs/toolkit/loader.js -> resource://devtools/shared/protocol.js:681:16
17:01:14     INFO - Response<.write@resource://gre/modules/commonjs/toolkit/loader.js -> resource://devtools/shared/protocol.js:679:23
17:01:14     INFO - generateRequestHandlers/</handler/sendReturn@resource://gre/modules/commonjs/toolkit/loader.js -> resource://devtools/shared/protocol.js:1052:24
17:01:14     INFO - Handler.prototype.process@resource://gre/modules/Promise.jsm -> resource://gre/modules/Promise-backend.js:932:23
17:01:14     INFO - this.PromiseWalker.walkerLoop@resource://gre/modules/Promise.jsm -> resource://gre/modules/Promise-backend.js:813:7
17:01:14     INFO - this.PromiseWalker.scheduleWalkerLoop/<@resource://gre/modules/Promise.jsm -> resource://gre/modules/Promise-backend.js:747:11
17:01:16     INFO - [2560] WARNING: gtk_window_resize: assertion `height > 0' failed: 'glib warning', file /builds/slave/m-esr52-l64-000000000000000000/build/src/toolkit/xre/nsSigHandlers.cpp, line 142
17:01:16     INFO - (firefox:2560): Gtk-CRITICAL **: gtk_window_resize: assertion `height > 0' failed
17:01:17     INFO - MEMORY STAT | vsize 2348MB | residentFast 408MB | heapAllocated 218MB
17:01:17     INFO - TEST-OK | devtools/client/inspector/test/browser_inspector_highlighter-eyedropper-xul.js | took 4936ms
17:01:17     INFO - checking window state
17:01:17     INFO - TEST-START | devtools/client/inspector/test/browser_inspector_highlighter-geometry_01.js
17:01:19     INFO - console.warn: The element does not have editable geometry properties
17:01:20     INFO - MEMORY STAT | vsize 2356MB | residentFast 421MB | heapAllocated 220MB
17:01:20     INFO - TEST-OK | devtools/client/inspector/test/browser_inspector_highlighter-geometry_01.js | took 3098ms
17:01:20     INFO - checking window state
17:01:20     INFO - TEST-START | devtools/client/inspector/test/browser_inspector_highlighter-geometry_02.js
17:01:25     INFO - MEMORY STAT | vsize 2353MB | residentFast 380MB | heapAllocated 184MB
17:01:25     INFO - TEST-OK | devtools/client/inspector/test/browser_inspector_highlighter-geometry_02.js | took 5016ms
17:01:25     INFO - checking window state
17:01:25     INFO - TEST-START | devtools/client/inspector/test/browser_inspector_highlighter-geometry_03.js
17:01:30     INFO - MEMORY STAT | vsize 2368MB | residentFast 397MB | heapAllocated 195MB
17:01:30     INFO - TEST-OK | devtools/client/inspector/test/browser_inspector_highlighter-geometry_03.js | took 4188ms
17:01:30     INFO - checking window state
17:01:30     INFO - TEST-START | devtools/client/inspector/test/browser_inspector_highlighter-geometry_04.js
17:01:35     INFO - MEMORY STAT | vsize 2364MB | residentFast 364MB | heapAllocated 169MB
17:01:35     INFO - TEST-OK | devtools/client/inspector/test/browser_inspector_highlighter-geometry_04.js | took 5044ms
17:01:35     INFO - checking window state
17:01:35     INFO - TEST-START | devtools/client/inspector/test/browser_inspector_highlighter-geometry_05.js
17:01:38     INFO - console.warn: The element does not have editable geometry properties
17:01:38     INFO - console.warn: The element does not have editable geometry properties
17:01:39     INFO - console.warn: The element does not have editable geometry properties
17:01:39     INFO - MEMORY STAT | vsize 2372MB | residentFast 380MB | heapAllocated 186MB
17:01:39     INFO - TEST-OK | devtools/client/inspector/test/browser_inspector_highlighter-geometry_05.js | took 4448ms
17:01:40     INFO - checking window state
17:01:40     INFO - TEST-START | devtools/client/inspector/test/browser_inspector_highlighter-geometry_06.js
17:01:46     INFO - MEMORY STAT | vsize 2364MB | residentFast 369MB | heapAllocated 181MB
17:01:46     INFO - TEST-OK | devtools/client/inspector/test/browser_inspector_highlighter-geometry_06.js | took 6028ms
17:01:46     INFO - checking window state
17:01:46     INFO - TEST-START | devtools/client/inspector/test/browser_inspector_highlighter-hover_01.js
17:01:51     INFO - MEMORY STAT | vsize 2372MB | residentFast 358MB | heapAllocated 169MB
17:01:51     INFO - TEST-OK | devtools/client/inspector/test/browser_inspector_highlighter-hover_01.js | took 4714ms
17:01:51     INFO - checking window state
17:01:51     INFO - TEST-START | devtools/client/inspector/test/browser_inspector_highlighter-hover_02.js
17:01:54     INFO - MEMORY STAT | vsize 2372MB | residentFast 373MB | heapAllocated 187MB
17:01:54     INFO - TEST-OK | devtools/client/inspector/test/browser_inspector_highlighter-hover_02.js | took 3112ms
17:01:54     INFO - checking window state
17:01:54     INFO - TEST-START | devtools/client/inspector/test/browser_inspector_highlighter-hover_03.js
17:01:59     INFO - MEMORY STAT | vsize 2358MB | residentFast 352MB | heapAllocated 168MB
17:01:59     INFO - TEST-OK | devtools/client/inspector/test/browser_inspector_highlighter-hover_03.js | took 5004ms
17:01:59     INFO - checking window state
17:01:59     INFO - TEST-START | devtools/client/inspector/test/browser_inspector_highlighter-iframes_01.js

command interrupted, attempting to kill

command interrupted, attempting to kill
process killed by signal 9
program finished with exit code -1
elapsedTime=553.410938
The web-page 'stop build' button was pressed by 'rvandermeulen@mozilla.com': Cancelled via self-serve
The web-page 'stop build' button was pressed by 'rvandermeulen@mozilla.com': Cancelled via self-serve
========= master_lag: 0.02 =========
========= Finished '/tools/buildbot/bin/python scripts/scripts/desktop_unittest.py ...' interrupted (results: 4, elapsed: 9 mins, 13 secs) (at 2018-06-08 17:01:59.885735) =========

========= Started 'bash -c ...' interrupted (results: 4, elapsed: 0 secs) (at 2018-06-08 17:01:59.886826) =========
bash -c 'for file in `ls -1`; do cat $file; done'
 in dir /builds/slave/test/properties (timeout 1200 secs)
 watching logfiles {}
 argv: ['bash', '-c', 'for file in `ls -1`; do cat $file; done']
 environment:
  HOME=/home/cltbld
  LANG=en_US.UTF-8
  LOGNAME=cltbld
  MAIL=/var/mail/cltbld
  NODE_PATH=/usr/lib/nodejs:/usr/lib/node_modules:/usr/share/javascript
  PATH=/usr/local/bin:/usr/local/bin:/usr/bin:/bin:/usr/local/games:/usr/games
  PWD=/builds/slave/test/properties
  SHELL=/bin/bash
  SHLVL=1
  TERM=linux
  TMOUT=86400
  USER=cltbld
  XDG_SESSION_COOKIE=9ca12473fbb1d023794ffd180000023c-1528501959.94107-1795216115
  _=/tools/buildbot/bin/python
 using PTY: False

command interrupted, attempting to kill
process killed by signal 9
program finished with exit code -1
elapsedTime=0.036659
The web-page 'stop build' button was pressed by 'rvandermeulen@mozilla.com': Cancelled via self-serve

========= master_lag: 0.02 =========
========= Finished 'bash -c ...' interrupted (results: 4, elapsed: 0 secs) (at 2018-06-08 17:01:59.938858) =========

========= Started 'rm -f ...' (results: 0, elapsed: 0 secs) (at 2018-06-08 17:01:59.939196) =========
rm -f oauth.txt
 in dir /builds/slave/test/. (timeout 1200 secs)
 watching logfiles {}
 argv: ['rm', '-f', 'oauth.txt']
 environment:
  HOME=/home/cltbld
  LANG=en_US.UTF-8
  LOGNAME=cltbld
  MAIL=/var/mail/cltbld
  NODE_PATH=/usr/lib/nodejs:/usr/lib/node_modules:/usr/share/javascript
  PATH=/usr/local/bin:/usr/local/bin:/usr/bin:/bin:/usr/local/games:/usr/games
  PWD=/builds/slave/test
  SHELL=/bin/bash
  SHLVL=1
  TERM=linux
  TMOUT=86400
  USER=cltbld
  XDG_SESSION_COOKIE=9ca12473fbb1d023794ffd180000023c-1528501959.94107-1795216115
  _=/tools/buildbot/bin/python
 using PTY: False
program finished with exit code 0
elapsedTime=0.048196
========= master_lag: 0.02 =========
========= Finished 'rm -f ...' (results: 0, elapsed: 0 secs) (at 2018-06-08 17:02:00.009094) =========

========= Started reboot skipped (results: 3, elapsed: 0 secs) (at 2018-06-08 17:02:00.009390) =========
========= Finished reboot skipped (results: 3, elapsed: 0 secs) (at 2018-06-08 17:02:00.009645) =========

========= Total master_lag: 0.13 =========

