builder: mozilla-esr52_ubuntu64_vm_test_pgo-xpcshell
slave: tst-linux64-spot-302
starttime: 1528501917.94
results: cancelled (6)
buildid: 20180608150819
builduid: b298b373e93d4f8dbf92436c9ed838a2
revision: cbfdf01aac455e0591471201c96b89dee98190b5

========= Started set props: master (results: 0, elapsed: 0 secs) (at 2018-06-08 16:51:57.942403) =========
master: http://buildbot-master53.bb.releng.usw2.mozilla.com:8201/
========= Finished set props: master (results: 0, elapsed: 0 secs) (at 2018-06-08 16:51:57.942859) =========

========= Started downloading to buildprops.json (results: 0, elapsed: 0 secs) (at 2018-06-08 16:51:57.943141) =========
========= Finished downloading to buildprops.json (results: 0, elapsed: 0 secs) (at 2018-06-08 16:51:58.001864) =========

========= Started 'bash -c ...' (results: 0, elapsed: 0 secs) (at 2018-06-08 16:51:58.002130) =========
bash -c 'wget -Oarchiver_client.py --no-check-certificate --tries=10 --waitretry=3 https://hg.mozilla.org/build/tools/raw-file/default/buildfarm/utils/archiver_client.py'
 in dir /builds/slave/test/. (timeout 1200 secs)
 watching logfiles {}
 argv: ['bash', '-c', 'wget -Oarchiver_client.py --no-check-certificate --tries=10 --waitretry=3 https://hg.mozilla.org/build/tools/raw-file/default/buildfarm/utils/archiver_client.py']
 environment:
  HOME=/home/cltbld
  LANG=en_US.UTF-8
  LOGNAME=cltbld
  MAIL=/var/mail/cltbld
  NODE_PATH=/usr/lib/nodejs:/usr/lib/node_modules:/usr/share/javascript
  PATH=/usr/local/bin:/usr/local/bin:/usr/bin:/bin:/usr/local/games:/usr/games
  PWD=/builds/slave/test
  SHELL=/bin/bash
  SHLVL=1
  TERM=linux
  TMOUT=86400
  USER=cltbld
  XDG_SESSION_COOKIE=9ca12473fbb1d023794ffd180000023c-1528501916.320615-1747881629
  _=/tools/buildbot/bin/python
 using PTY: False
--2018-06-08 16:51:58--  https://hg.mozilla.org/build/tools/raw-file/default/buildfarm/utils/archiver_client.py
Resolving hg.mozilla.org (hg.mozilla.org)... 63.245.215.102, 63.245.215.25
Connecting to hg.mozilla.org (hg.mozilla.org)|63.245.215.102|:443... connected.
HTTP request sent, awaiting response... 200 Script output follows
Length: 12179 (12K) [text/x-python]
Saving to: `archiver_client.py'

     0K .......... .                                          100% 9.06M=0.001s

2018-06-08 16:51:58 (9.06 MB/s) - `archiver_client.py' saved [12179/12179]

program finished with exit code 0
elapsedTime=0.285543
========= master_lag: 0.01 =========
========= Finished 'bash -c ...' (results: 0, elapsed: 0 secs) (at 2018-06-08 16:51:58.300305) =========

========= Started 'rm -rf ...' (results: 0, elapsed: 0 secs) (at 2018-06-08 16:51:58.300627) =========
rm -rf scripts properties
 in dir /builds/slave/test/. (timeout 1200 secs)
 watching logfiles {}
 argv: ['rm', '-rf', 'scripts', 'properties']
 environment:
  HOME=/home/cltbld
  LANG=en_US.UTF-8
  LOGNAME=cltbld
  MAIL=/var/mail/cltbld
  NODE_PATH=/usr/lib/nodejs:/usr/lib/node_modules:/usr/share/javascript
  PATH=/usr/local/bin:/usr/local/bin:/usr/bin:/bin:/usr/local/games:/usr/games
  PWD=/builds/slave/test
  SHELL=/bin/bash
  SHLVL=1
  TERM=linux
  TMOUT=86400
  USER=cltbld
  XDG_SESSION_COOKIE=9ca12473fbb1d023794ffd180000023c-1528501916.320615-1747881629
  _=/tools/buildbot/bin/python
 using PTY: False
program finished with exit code 0
elapsedTime=0.018088
========= master_lag: 0.05 =========
========= Finished 'rm -rf ...' (results: 0, elapsed: 0 secs) (at 2018-06-08 16:51:58.363896) =========

========= Started 'bash -c ...' (results: 0, elapsed: 1 secs) (at 2018-06-08 16:51:58.364213) =========
bash -c 'python archiver_client.py mozharness --repo releases/mozilla-esr52 --rev cbfdf01aac455e0591471201c96b89dee98190b5 --destination scripts --debug'
 in dir /builds/slave/test/. (timeout 1200 secs)
 watching logfiles {}
 argv: ['bash', '-c', u'python archiver_client.py mozharness --repo releases/mozilla-esr52 --rev cbfdf01aac455e0591471201c96b89dee98190b5 --destination scripts --debug']
 environment:
  HOME=/home/cltbld
  LANG=en_US.UTF-8
  LOGNAME=cltbld
  MAIL=/var/mail/cltbld
  NODE_PATH=/usr/lib/nodejs:/usr/lib/node_modules:/usr/share/javascript
  PATH=/usr/local/bin:/usr/local/bin:/usr/bin:/bin:/usr/local/games:/usr/games
  PWD=/builds/slave/test
  SHELL=/bin/bash
  SHLVL=1
  TERM=linux
  TMOUT=86400
  USER=cltbld
  XDG_SESSION_COOKIE=9ca12473fbb1d023794ffd180000023c-1528501916.320615-1747881629
  _=/tools/buildbot/bin/python
 using PTY: False
2018-06-08 16:51:58,474 truncating revision to first 12 chars
2018-06-08 16:51:58,474 Setting DEBUG logging.
2018-06-08 16:51:58,474 attempt 1/10
2018-06-08 16:51:58,475 Getting archive location from https://api.pub.build.mozilla.org/archiver/hgmo/releases/mozilla-esr52/cbfdf01aac45?&preferred_region=us-west-2&suffix=tar.gz&subdir=testing/mozharness
2018-06-08 16:51:59,137 unpacking tar archive at: mozilla-esr52-cbfdf01aac45/testing/mozharness/
program finished with exit code 0
elapsedTime=1.064651
========= master_lag: 0.01 =========
========= Finished 'bash -c ...' (results: 0, elapsed: 1 secs) (at 2018-06-08 16:51:59.440431) =========

========= Started set props: script_repo_revision (results: 0, elapsed: 0 secs) (at 2018-06-08 16:51:59.440775) =========
script_repo_revision: cbfdf01aac455e0591471201c96b89dee98190b5
========= Finished set props: script_repo_revision (results: 0, elapsed: 0 secs) (at 2018-06-08 16:51:59.441167) =========

========= Started downloading to oauth.txt (results: 0, elapsed: 0 secs) (at 2018-06-08 16:51:59.441458) =========
========= Finished downloading to oauth.txt (results: 0, elapsed: 0 secs) (at 2018-06-08 16:51:59.449592) =========

========= Started '/tools/buildbot/bin/python scripts/scripts/desktop_unittest.py ...' interrupted (results: 4, elapsed: 10 mins, 44 secs) (at 2018-06-08 16:51:59.449868) =========
/tools/buildbot/bin/python scripts/scripts/desktop_unittest.py --cfg unittests/linux_unittest.py --xpcshell-suite xpcshell --blob-upload-branch mozilla-esr52 --download-symbols ondemand
 in dir /builds/slave/test/. (timeout 1800 secs) (maxTime 7200 secs)
 watching logfiles {}
 argv: ['/tools/buildbot/bin/python', 'scripts/scripts/desktop_unittest.py', '--cfg', 'unittests/linux_unittest.py', '--xpcshell-suite', 'xpcshell', '--blob-upload-branch', 'mozilla-esr52', '--download-symbols', 'ondemand']
 environment:
  CCACHE_DIR=/builds/ccache
  CCACHE_UMASK=002
  DISPLAY=:0
  HOME=/home/cltbld
  LANG=en_US.UTF-8
  LOGNAME=cltbld
  MAIL=/var/mail/cltbld
  MOZ_HIDE_RESULTS_TABLE=1
  MOZ_NODE_PATH=/usr/bin/node
  MOZ_NO_REMOTE=1
  NODE_PATH=/usr/lib/nodejs:/usr/lib/node_modules:/usr/share/javascript
  NO_FAIL_ON_TEST_ERRORS=1
  PATH=/usr/local/bin:/usr/local/bin:/usr/bin:/bin:/usr/local/games:/usr/games
  PROPERTIES_FILE=/builds/slave/test/buildprops.json
  PWD=/builds/slave/test
  SHELL=/bin/bash
  SHLVL=1
  TERM=linux
  TMOUT=86400
  USER=cltbld
  XDG_SESSION_COOKIE=9ca12473fbb1d023794ffd180000023c-1528501916.320615-1747881629
  _=/tools/buildbot/bin/python
 using PTY: False
16:51:59     INFO - MultiFileLogger online at 20180608 16:51:59 in /builds/slave/test
16:51:59     INFO - Run as scripts/scripts/desktop_unittest.py --cfg unittests/linux_unittest.py --xpcshell-suite xpcshell --blob-upload-branch mozilla-esr52 --download-symbols ondemand
16:51:59     INFO - Dumping config to /builds/slave/test/logs/localconfig.json.
16:51:59     INFO - {'all_cppunittest_suites': {'cppunittest': {'tests': ('tests/cppunittest',)}},
16:51:59     INFO -  'all_gtest_suites': {'gtest': ()},
16:51:59     INFO -  'all_jittest_suites': {'jittest': (),
16:51:59     INFO -                         'jittest-chunked': (),
16:51:59     INFO -                         'jittest1': ('--total-chunks=2', '--this-chunk=1'),
16:51:59     INFO -                         'jittest2': ('--total-chunks=2', '--this-chunk=2')},
16:51:59     INFO -  'all_mochitest_suites': {'a11y': ('--flavor=a11y',),
16:51:59     INFO -                           'browser-chrome': ('--flavor=browser',),
16:51:59     INFO -                           'browser-chrome-addons': ('--flavor=browser',
16:51:59     INFO -                                                     '--chunk-by-runtime',
16:51:59     INFO -                                                     '--tag=addons'),
16:51:59     INFO -                           'browser-chrome-chunked': ('--flavor=browser',
16:51:59     INFO -                                                      '--chunk-by-runtime'),
16:51:59     INFO -                           'browser-chrome-clipboard': ('--flavor=browser',
16:51:59     INFO -                                                        '--subsuite=clipboard'),
16:51:59     INFO -                           'browser-chrome-coverage': ('--flavor=browser',
16:51:59     INFO -                                                       '--chunk-by-runtime',
16:51:59     INFO -                                                       '--timeout=1200'),
16:51:59     INFO -                           'browser-chrome-gpu': ('--flavor=browser',
16:51:59     INFO -                                                  '--subsuite=gpu'),
16:51:59     INFO -                           'browser-chrome-screenshots': ('--flavor=browser',
16:51:59     INFO -                                                          '--subsuite=screenshots'),
16:51:59     INFO -                           'chrome': ('--flavor=chrome',),
16:51:59     INFO -                           'chrome-chunked': ('--flavor=chrome',
16:51:59     INFO -                                              '--chunk-by-dir=4'),
16:51:59     INFO -                           'chrome-clipboard': ('--flavor=chrome',
16:51:59     INFO -                                                '--subsuite=clipboard'),
16:51:59     INFO -                           'chrome-gpu': ('--flavor=chrome', '--subsuite=gpu'),
16:51:59     INFO -                           'jetpack-addon': ('--flavor=jetpack-addon',),
16:51:59     INFO -                           'jetpack-package': ('--flavor=jetpack-package',),
16:51:59     INFO -                           'jetpack-package-clipboard': ('--flavor=jetpack-package',
16:51:59     INFO -                                                         '--subsuite=clipboard'),
16:51:59     INFO -                           'mochitest-devtools-chrome': ('--flavor=browser',
16:51:59     INFO -                                                         '--subsuite=devtools'),
16:51:59     INFO -                           'mochitest-devtools-chrome-chunked': ('--flavor=browser',
16:51:59     INFO -                                                                 '--subsuite=devtools',
16:51:59     INFO -                                                                 '--chunk-by-runtime'),
16:51:59     INFO -                           'mochitest-devtools-chrome-coverage': ('--flavor=browser',
16:51:59     INFO -                                                                  '--subsuite=devtools',
16:51:59     INFO -                                                                  '--chunk-by-runtime',
16:51:59     INFO -                                                                  '--timeout=1200'),
16:51:59     INFO -                           'mochitest-gl': ('--subsuite=webgl',),
16:51:59     INFO -                           'mochitest-media': ('--subsuite=media',),
16:51:59     INFO -                           'plain': (),
16:51:59     INFO -                           'plain-chunked': ('--chunk-by-dir=4',),
16:51:59     INFO -                           'plain-clipboard': ('--subsuite=clipboard',),
16:51:59     INFO -                           'plain-gpu': ('--subsuite=gpu',),
16:51:59     INFO -                           'valgrind-plain': ('--valgrind=/usr/bin/valgrind',
16:51:59     INFO -                                              '--valgrind-supp-files=/builds/slave/test/build/tests/mochitest/x86_64-redhat-linux-gnu.sup,/builds/slave/test/build/tests/mochitest/cross-architecture.sup',
16:51:59     INFO -                                              '--timeout=900',
16:51:59     INFO -                                              '--max-timeouts=50')},
16:51:59     INFO -  'all_mozbase_suites': {'mozbase': ()},
16:51:59     INFO -  'all_reftest_suites': {'crashtest': {'options': ('--suite=crashtest',),
16:51:59     INFO -                                       'tests': ('tests/reftest/tests/testing/crashtest/crashtests.list',)},
16:51:59     INFO -                         'jsreftest': {'options': ('--extra-profile-file=tests/jsreftest/tests/user.js',
16:51:59     INFO -                                                   '--suite=jstestbrowser'),
16:51:59     INFO -                                       'tests': ('tests/jsreftest/tests/jstests.list',)},
16:51:59     INFO -                         'reftest': {'options': ('--suite=reftest',),
16:51:59     INFO -                                     'tests': ('tests/reftest/tests/layout/reftests/reftest.list',)},
16:51:59     INFO -                         'reftest-no-accel': {'options': ('--suite=reftest',
16:51:59     INFO -                                                          '--setpref=layers.acceleration.force-enabled=disabled'),
16:51:59     INFO -                                              'tests': ('tests/reftest/tests/layout/reftests/reftest.list',)}},
16:51:59     INFO -  'all_xpcshell_suites': {'xpcshell': {'options': ('--xpcshell=%(abs_app_dir)s/xpcshell',
16:51:59     INFO -                                                   '--manifest=tests/xpcshell/tests/xpcshell.ini'),
16:51:59     INFO -                                       'tests': ()},
16:51:59     INFO -                          'xpcshell-addons': {'options': ('--xpcshell=%(abs_app_dir)s/xpcshell',
16:51:59     INFO -                                                          '--tag=addons',
16:51:59     INFO -                                                          '--manifest=tests/xpcshell/tests/xpcshell.ini'),
16:51:59     INFO -                                              'tests': ()},
16:51:59     INFO -                          'xpcshell-coverage': {'options': ('--xpcshell=%(abs_app_dir)s/xpcshell',
16:51:59     INFO -                                                            '--manifest=tests/xpcshell/tests/xpcshell.ini'),
16:51:59     INFO -                                                'tests': ()}},
16:51:59     INFO -  'allow_software_gl_layers': False,
16:51:59     INFO -  'append_to_log': False,
16:51:59     INFO -  'base_work_dir': '/builds/slave/test',
16:51:59     INFO -  'binary_path': '/builds/slave/test/build/application/firefox/firefox-bin',
16:51:59     INFO -  'blob_upload_branch': 'mozilla-esr52',
16:51:59     INFO -  'blob_uploader_auth_file': '/builds/slave/test/oauth.txt',
16:51:59     INFO -  'buildbot_json_path': 'buildprops.json',
16:51:59     INFO -  'buildbot_max_log_size': 52428800,
16:51:59     INFO -  'code_coverage': False,
16:51:59     INFO -  'config_files': ('unittests/linux_unittest.py',),
16:51:59     INFO -  'default_blob_upload_servers': ('https://blobupload.elasticbeanstalk.com',),
16:51:59     INFO -  'download_minidump_stackwalk': True,
16:51:59     INFO -  'download_nodejs': True,
16:51:59     INFO -  'download_symbols': 'ondemand',
16:51:59     INFO -  'e10s': False,
16:51:59     INFO -  'exe_suffix': '',
16:51:59     INFO -  'exes': {'python': '/tools/buildbot/bin/python',
16:51:59     INFO -           'tooltool.py': '/tools/tooltool.py',
16:51:59     INFO -           'virtualenv': ('/tools/buildbot/bin/python',
16:51:59     INFO -                          '/tools/misc-python/virtualenv.py')},
16:51:59     INFO -  'find_links': ('http://pypi.pvt.build.mozilla.org/pub',
16:51:59     INFO -                 'http://pypi.pub.build.mozilla.org/pub'),
16:51:59     INFO -  'installer_path': '/builds/slave/test/build/installer.tar.bz2',
16:51:59     INFO -  'log_level': 'info',
16:51:59     INFO -  'log_to_console': True,
16:51:59     INFO -  'minidump_save_path': '%(abs_work_dir)s/../minidumps',
16:51:59     INFO -  'minidump_stackwalk_path': 'linux64-minidump_stackwalk',
16:51:59     INFO -  'minidump_tooltool_manifest_path': 'config/tooltool-manifests/linux64/releng.manifest',
16:51:59     INFO -  'minimum_tests_zip_dirs': ('bin/*',
16:51:59     INFO -                             'certs/*',
16:51:59     INFO -                             'config/*',
16:51:59     INFO -                             'mach',
16:51:59     INFO -                             'marionette/*',
16:51:59     INFO -                             'modules/*',
16:51:59     INFO -                             'mozbase/*',
16:51:59     INFO -                             'tools/*'),
16:51:59     INFO -  'no_random': False,
16:51:59     INFO -  'nodejs_path': 'node-linux-x64/bin/node',
16:51:59     INFO -  'nodejs_tooltool_manifest_path': 'config/tooltool-manifests/linux64/nodejs.manifest',
16:51:59     INFO -  'opt_config_files': (),
16:51:59     INFO -  'pip_index': False,
16:51:59     INFO -  'preflight_run_cmd_suites': ({'architectures': ('32bit', '64bit'),
16:51:59     INFO -                                'cmd': ('xset', 's', 'off', 's', 'reset'),
16:51:59     INFO -                                'enabled': True,
16:51:59     INFO -                                'halt_on_failure': False,
16:51:59     INFO -                                'name': 'disable_screen_saver'},
16:51:59     INFO -                               {'architectures': ('32bit',),
16:51:59     INFO -                                'cmd': ('python',
16:51:59     INFO -                                        '../scripts/external_tools/mouse_and_screen_resolution.py',
16:51:59     INFO -                                        '--configuration-file',
16:51:59     INFO -                                        '../scripts/external_tools/machine-configuration.json'),
16:51:59     INFO -                                'enabled': False,
16:51:59     INFO -                                'halt_on_failure': True,
16:51:59     INFO -                                'name': 'run mouse & screen adjustment script'}),
16:51:59     INFO -  'require_test_zip': True,
16:51:59     INFO -  'run_all_suites': False,
16:51:59     INFO -  'run_cmd_checks_enabled': True,
16:51:59     INFO -  'run_file_names': {'cppunittest': 'runcppunittests.py',
16:51:59     INFO -                     'gtest': 'rungtests.py',
16:51:59     INFO -                     'jittest': 'jit_test.py',
16:51:59     INFO -                     'mochitest': 'runtests.py',
16:51:59     INFO -                     'mozbase': 'test.py',
16:51:59     INFO -                     'mozmill': 'runtestlist.py',
16:51:59     INFO -                     'reftest': 'runreftest.py',
16:51:59     INFO -                     'xpcshell': 'runxpcshelltests.py'},
16:51:59     INFO -  'specific_tests_zip_dirs': {'cppunittest': ('cppunittest/*',),
16:51:59     INFO -                              'gtest': ('gtest/*',),
16:51:59     INFO -                              'jittest': ('jit-test/*',),
16:51:59     INFO -                              'mochitest': ('mochitest/*',),
16:51:59     INFO -                              'mozbase': ('mozbase/*',),
16:51:59     INFO -                              'mozmill': ('mozmill/*',),
16:51:59     INFO -                              'reftest': ('reftest/*', 'jsreftest/*'),
16:51:59     INFO -                              'xpcshell': ('xpcshell/*',)},
16:51:59     INFO -  'specified_xpcshell_suites': ('xpcshell',),
16:51:59     INFO -  'strict_content_sandbox': False,
16:51:59     INFO -  'suite_definitions': {'cppunittest': {'options': ('--symbols-path=%(symbols_path)s',
16:51:59     INFO -                                                    '--xre-path=%(abs_app_dir)s'),
16:51:59     INFO -                                        'run_filename': 'runcppunittests.py',
16:51:59     INFO -                                        'testsdir': 'cppunittest'},
16:51:59     INFO -                        'gtest': {'options': ('--xre-path=%(abs_res_dir)s',
16:51:59     INFO -                                              '--cwd=%(gtest_dir)s',
16:51:59     INFO -                                              '--symbols-path=%(symbols_path)s',
16:51:59     INFO -                                              '--utility-path=tests/bin',
16:51:59     INFO -                                              '%(binary_path)s'),
16:51:59     INFO -                                  'run_filename': 'rungtests.py'},
16:51:59     INFO -                        'jittest': {'options': ('tests/bin/js',
16:51:59     INFO -                                                '--no-slow',
16:51:59     INFO -                                                '--no-progress',
16:51:59     INFO -                                                '--format=automation',
16:51:59     INFO -                                                '--jitflags=all',
16:51:59     INFO -                                                '--timeout=970'),
16:51:59     INFO -                                    'run_filename': 'jit_test.py',
16:51:59     INFO -                                    'run_timeout': 1000,
16:51:59     INFO -                                    'testsdir': 'jit-test/jit-test'},
16:51:59     INFO -                        'mochitest': {'options': ('--appname=%(binary_path)s',
16:51:59     INFO -                                                  '--utility-path=tests/bin',
16:51:59     INFO -                                                  '--extra-profile-file=tests/bin/plugins',
16:51:59     INFO -                                                  '--symbols-path=%(symbols_path)s',
16:51:59     INFO -                                                  '--certificate-path=tests/certs',
16:51:59     INFO -                                                  '--setpref=webgl.force-enabled=true',
16:51:59     INFO -                                                  '--quiet',
16:51:59     INFO -                                                  '--log-raw=%(raw_log_file)s',
16:51:59     INFO -                                                  '--log-errorsummary=%(error_summary_file)s',
16:51:59     INFO -                                                  '--use-test-media-devices',
16:51:59     INFO -                                                  '--screenshot-on-fail',
16:51:59     INFO -                                                  '--cleanup-crashes',
16:51:59     INFO -                                                  '--marionette-startup-timeout=180'),
16:51:59     INFO -                                      'run_filename': 'runtests.py',
16:51:59     INFO -                                      'testsdir': 'mochitest'},
16:51:59     INFO -                        'mozbase': {'options': ('-b', '%(binary_path)s'),
16:51:59     INFO -                                    'run_filename': 'test.py',
16:51:59     INFO -                                    'testsdir': 'mozbase'},
16:51:59     INFO -                        'mozmill': {'options': ('--binary=%(binary_path)s',
16:51:59     INFO -                                                '--testing-modules-dir=test/modules',
16:51:59     INFO -                                                '--plugins-path=%(test_plugin_path)s',
16:51:59     INFO -                                                '--symbols-path=%(symbols_path)s'),
16:51:59     INFO -                                    'run_filename': 'runtestlist.py',
16:51:59     INFO -                                    'testsdir': 'mozmill'},
16:51:59     INFO -                        'reftest': {'options': ('--appname=%(binary_path)s',
16:51:59     INFO -                                                '--utility-path=tests/bin',
16:51:59     INFO -                                                '--extra-profile-file=tests/bin/plugins',
16:51:59     INFO -                                                '--symbols-path=%(symbols_path)s',
16:51:59     INFO -                                                '--log-raw=%(raw_log_file)s',
16:51:59     INFO -                                                '--log-errorsummary=%(error_summary_file)s',
16:51:59     INFO -                                                '--cleanup-crashes'),
16:51:59     INFO -                                    'run_filename': 'runreftest.py',
16:51:59     INFO -                                    'testsdir': 'reftest'},
16:51:59     INFO -                        'xpcshell': {'options': ('--symbols-path=%(symbols_path)s',
16:51:59     INFO -                                                 '--test-plugin-path=%(test_plugin_path)s',
16:51:59     INFO -                                                 '--log-raw=%(raw_log_file)s',
16:51:59     INFO -                                                 '--log-errorsummary=%(error_summary_file)s',
16:51:59     INFO -                                                 '--utility-path=tests/bin'),
16:51:59     INFO -                                     'run_filename': 'runxpcshelltests.py',
16:51:59     INFO -                                     'testsdir': 'xpcshell'}},
16:51:59     INFO -  'tooltool_cache': '/builds/tooltool_cache',
16:51:59     INFO -  'unstructured_flavors': {'cppunittest': (),
16:51:59     INFO -                           'gtest': (),
16:51:59     INFO -                           'jittest': (),
16:51:59     INFO -                           'mochitest': ('jetpack',),
16:51:59     INFO -                           'mozbase': (),
16:51:59     INFO -                           'mozmill': (),
16:51:59     INFO -                           'xpcshell': ()},
16:51:59     INFO -  'vcs_output_timeout': 1000,
16:51:59     INFO -  'virtualenv_path': 'venv',
16:51:59     INFO -  'volatile_config': {'actions': None, 'add_actions': None, 'no_actions': None},
16:51:59     INFO -  'work_dir': 'build',
16:51:59     INFO -  'xpcshell_name': 'xpcshell'}
16:51:59     INFO - [mozharness: 2018-06-08 23:51:59.818741Z] Running clobber step.
16:51:59     INFO - Running pre-action listener: _resource_record_pre_action
16:51:59     INFO - Running main action method: clobber
16:51:59     INFO - rmtree: /builds/slave/test/build
16:51:59     INFO - Running post-action listener: _resource_record_post_action
16:51:59     INFO - [mozharness: 2018-06-08 23:51:59.832579Z] Finished clobber step (success)
16:51:59     INFO - [mozharness: 2018-06-08 23:51:59.832971Z] Running read-buildbot-config step.
16:51:59     INFO - Running pre-action listener: _resource_record_pre_action
16:51:59     INFO - Running main action method: read_buildbot_config
16:51:59     INFO - Using buildbot properties:
16:51:59     INFO - {
16:51:59     INFO -     "project": "", 
16:51:59     INFO -     "product": "firefox", 
16:51:59     INFO -     "script_repo_revision": "production", 
16:51:59     INFO -     "scheduler": "tests-mozilla-esr52-ubuntu64_vm-pgo-unittest", 
16:51:59     INFO -     "repository": "", 
16:51:59     INFO -     "buildername": "Ubuntu VM 12.04 x64 mozilla-esr52 pgo test xpcshell", 
16:51:59     INFO -     "buildid": "20180608150819", 
16:51:59     INFO -     "pgo_build": "True", 
16:51:59     INFO -     "basedir": "/builds/slave/test", 
16:51:59     INFO -     "buildnumber": 2, 
16:51:59     INFO -     "slavename": "tst-linux64-spot-302", 
16:51:59     INFO -     "master": "http://buildbot-master53.bb.releng.usw2.mozilla.com:8201/", 
16:51:59     INFO -     "platform": "linux64", 
16:51:59     INFO -     "branch": "mozilla-esr52", 
16:51:59     INFO -     "revision": "cbfdf01aac455e0591471201c96b89dee98190b5", 
16:51:59     INFO -     "repo_path": "releases/mozilla-esr52", 
16:51:59     INFO -     "moz_repo_path": "", 
16:51:59     INFO -     "stage_platform": "linux64-pgo", 
16:51:59     INFO -     "builduid": "b298b373e93d4f8dbf92436c9ed838a2", 
16:51:59     INFO -     "slavebuilddir": "test"
16:51:59     INFO - }
16:51:59     INFO - Found installer url https://queue.taskcluster.net/v1/task/I1iAdq48Sa60c5BCPWswkg/artifacts/public/build/firefox-52.8.2.en-US.linux-x86_64.tar.bz2.
16:51:59     INFO - Found a test packages url https://queue.taskcluster.net/v1/task/I1iAdq48Sa60c5BCPWswkg/artifacts/public/build/firefox-52.8.2.en-US.linux-x86_64.test_packages.json.
16:51:59     INFO - Running post-action listener: _resource_record_post_action
16:51:59     INFO - [mozharness: 2018-06-08 23:51:59.843133Z] Finished read-buildbot-config step (success)
16:51:59     INFO - [mozharness: 2018-06-08 23:51:59.843461Z] Running download-and-extract step.
16:51:59     INFO - Running pre-action listener: _pre_download_and_extract
16:51:59  WARNING - Try message not found.
16:51:59     INFO - Running pre-action listener: _resource_record_pre_action
16:51:59     INFO - Running main action method: download_and_extract
16:51:59     INFO - mkdir: /builds/slave/test/build/tests
16:51:59     INFO - Downloading https://queue.taskcluster.net/v1/task/I1iAdq48Sa60c5BCPWswkg/artifacts/public/build/firefox-52.8.2.en-US.linux-x86_64.test_packages.json to /builds/slave/test/build/firefox-52.8.2.en-US.linux-x86_64.test_packages.json
16:51:59     INFO - retry: Calling _download_file with args: (), kwargs: {'url': 'https://queue.taskcluster.net/v1/task/I1iAdq48Sa60c5BCPWswkg/artifacts/public/build/firefox-52.8.2.en-US.linux-x86_64.test_packages.json', 'file_name': '/builds/slave/test/build/firefox-52.8.2.en-US.linux-x86_64.test_packages.json'}, attempt #1
16:52:00     INFO - Downloaded 1361 bytes.
16:52:00     INFO - Reading from file /builds/slave/test/build/firefox-52.8.2.en-US.linux-x86_64.test_packages.json
16:52:00     INFO - Using the following test package requirements:
16:52:00     INFO - {u'common': [u'firefox-52.8.2.en-US.linux-x86_64.common.tests.zip'],
16:52:00     INFO -  u'cppunittest': [u'firefox-52.8.2.en-US.linux-x86_64.common.tests.zip',
16:52:00     INFO -                   u'firefox-52.8.2.en-US.linux-x86_64.cppunittest.tests.zip'],
16:52:00     INFO -  u'gtest': [u'firefox-52.8.2.en-US.linux-x86_64.common.tests.zip',
16:52:00     INFO -             u'firefox-52.8.2.en-US.linux-x86_64.gtest.tests.zip'],
16:52:00     INFO -  u'jittest': [u'firefox-52.8.2.en-US.linux-x86_64.common.tests.zip',
16:52:00     INFO -               u'jsshell-linux-x86_64.zip'],
16:52:00     INFO -  u'mochitest': [u'firefox-52.8.2.en-US.linux-x86_64.common.tests.zip',
16:52:00     INFO -                 u'firefox-52.8.2.en-US.linux-x86_64.mochitest.tests.zip'],
16:52:00     INFO -  u'mozbase': [u'firefox-52.8.2.en-US.linux-x86_64.common.tests.zip'],
16:52:00     INFO -  u'reftest': [u'firefox-52.8.2.en-US.linux-x86_64.common.tests.zip',
16:52:00     INFO -               u'firefox-52.8.2.en-US.linux-x86_64.reftest.tests.zip'],
16:52:00     INFO -  u'talos': [u'firefox-52.8.2.en-US.linux-x86_64.common.tests.zip',
16:52:00     INFO -             u'firefox-52.8.2.en-US.linux-x86_64.talos.tests.zip'],
16:52:00     INFO -  u'web-platform': [u'firefox-52.8.2.en-US.linux-x86_64.common.tests.zip',
16:52:00     INFO -                    u'firefox-52.8.2.en-US.linux-x86_64.web-platform.tests.zip'],
16:52:00     INFO -  u'xpcshell': [u'firefox-52.8.2.en-US.linux-x86_64.common.tests.zip',
16:52:00     INFO -                u'firefox-52.8.2.en-US.linux-x86_64.xpcshell.tests.zip']}
16:52:00     INFO - Downloading packages: [u'firefox-52.8.2.en-US.linux-x86_64.common.tests.zip', u'firefox-52.8.2.en-US.linux-x86_64.xpcshell.tests.zip'] for test suite category: xpcshell
16:52:00     INFO - Adding 'mozinfo.json' for extraction from common.tests zip file
16:52:00     INFO - Downloading and extracting to /builds/slave/test/build/tests these dirs bin/*, certs/*, config/*, mach, marionette/*, modules/*, mozbase/*, tools/*, xpcshell/*, mozinfo.json from https://queue.taskcluster.net/v1/task/I1iAdq48Sa60c5BCPWswkg/artifacts/public/build/firefox-52.8.2.en-US.linux-x86_64.common.tests.zip
16:52:00     INFO - retry: Calling fetch_url_into_memory with args: (), kwargs: {'url': u'https://queue.taskcluster.net/v1/task/I1iAdq48Sa60c5BCPWswkg/artifacts/public/build/firefox-52.8.2.en-US.linux-x86_64.common.tests.zip'}, attempt #1
16:52:00     INFO - Fetch https://queue.taskcluster.net/v1/task/I1iAdq48Sa60c5BCPWswkg/artifacts/public/build/firefox-52.8.2.en-US.linux-x86_64.common.tests.zip into memory
16:52:01     INFO - Http code: 200
16:52:01     INFO - via: 1.1 fc7da6323a08a2c16d48dd4939ce0898.cloudfront.net (CloudFront)
16:52:01     INFO - x-amz-cf-id: aBavVwxKY7dNIHpvr5Q41CcZd9wy1x8J_DNC49fZg19K8slU8loIYw==
16:52:01     INFO - x-amz-version-id: amyEguiG3.NEsCgIpfpr7ojoc30OcAP5
16:52:03     INFO - Expected file size: 22192748
16:52:03     INFO - Obtained file size: 22192748
16:52:04     INFO - Downloading and extracting to /builds/slave/test/build/tests these dirs bin/*, certs/*, config/*, mach, marionette/*, modules/*, mozbase/*, tools/*, xpcshell/*, mozinfo.json from https://queue.taskcluster.net/v1/task/I1iAdq48Sa60c5BCPWswkg/artifacts/public/build/firefox-52.8.2.en-US.linux-x86_64.xpcshell.tests.zip
16:52:04     INFO - retry: Calling fetch_url_into_memory with args: (), kwargs: {'url': u'https://queue.taskcluster.net/v1/task/I1iAdq48Sa60c5BCPWswkg/artifacts/public/build/firefox-52.8.2.en-US.linux-x86_64.xpcshell.tests.zip'}, attempt #1
16:52:04     INFO - Fetch https://queue.taskcluster.net/v1/task/I1iAdq48Sa60c5BCPWswkg/artifacts/public/build/firefox-52.8.2.en-US.linux-x86_64.xpcshell.tests.zip into memory
16:52:05     INFO - Http code: 200
16:52:05     INFO - via: 1.1 4a55d86b7263f73c6817c7c25d4b3643.cloudfront.net (CloudFront)
16:52:05     INFO - x-amz-cf-id: gcUJ4grkSKBd7C6geeVeBnNhb4q6cs0JEBdVmgBCjvOMiyC4mjXXSA==
16:52:05     INFO - x-amz-version-id: jYTonDJi9tW81kOteKaBVKxC2x4TOOnd
16:52:06     INFO - Expected file size: 11653044
16:52:06     INFO - Obtained file size: 11653044
16:52:10     INFO - Downloading https://queue.taskcluster.net/v1/task/I1iAdq48Sa60c5BCPWswkg/artifacts/public/build/firefox-52.8.2.en-US.linux-x86_64.tar.bz2 to /builds/slave/test/build/installer.tar.bz2
16:52:10     INFO - retry: Calling _download_file with args: (), kwargs: {'url': 'https://queue.taskcluster.net/v1/task/I1iAdq48Sa60c5BCPWswkg/artifacts/public/build/firefox-52.8.2.en-US.linux-x86_64.tar.bz2', 'file_name': '/builds/slave/test/build/installer.tar.bz2'}, attempt #1
16:52:13     INFO - Downloaded 57821935 bytes.
16:52:13     INFO - Setting buildbot property build_url to https://queue.taskcluster.net/v1/task/I1iAdq48Sa60c5BCPWswkg/artifacts/public/build/firefox-52.8.2.en-US.linux-x86_64.tar.bz2
16:52:13     INFO - mkdir: /builds/slave/test/properties
16:52:13     INFO - Writing buildbot properties ['build_url'] to /builds/slave/test/properties/build_url
16:52:13     INFO - Writing to file /builds/slave/test/properties/build_url
16:52:13     INFO - Contents:
16:52:13     INFO -  build_url:https://queue.taskcluster.net/v1/task/I1iAdq48Sa60c5BCPWswkg/artifacts/public/build/firefox-52.8.2.en-US.linux-x86_64.tar.bz2
16:52:14     INFO - Running post-action listener: _resource_record_post_action
16:52:14     INFO - Running post-action listener: set_extra_try_arguments
16:52:14     INFO - [mozharness: 2018-06-08 23:52:14.517272Z] Finished download-and-extract step (success)
16:52:14     INFO - [mozharness: 2018-06-08 23:52:14.517655Z] Running create-virtualenv step.
16:52:14     INFO - Running pre-action listener: _install_mozbase
16:52:14     INFO - Running pre-action listener: _pre_create_virtualenv
16:52:14     INFO - Running pre-action listener: _resource_record_pre_action
16:52:14     INFO - Running main action method: create_virtualenv
16:52:14     INFO - Creating virtualenv /builds/slave/test/build/venv
16:52:14     INFO - Running command: ['/tools/buildbot/bin/python', '/builds/slave/test/scripts/external_tools/virtualenv/virtualenv.py', '--always-copy', '/builds/slave/test/build/venv'] in /builds/slave/test/build
16:52:14     INFO - Copy/paste: /tools/buildbot/bin/python /builds/slave/test/scripts/external_tools/virtualenv/virtualenv.py --always-copy /builds/slave/test/build/venv
16:52:14     INFO - Using partial env: {'VIRTUALENV_NO_DOWNLOAD': '1'}
16:52:15     INFO -  Using real prefix '/usr'
16:52:15     INFO -  New python executable in /builds/slave/test/build/venv/bin/python
16:52:19     INFO -  Installing setuptools, pip, wheel...done.
16:52:19     INFO - Return code: 0
16:52:19     INFO - Installing psutil>=3.1.1 into virtualenv /builds/slave/test/build/venv
16:52:19     INFO - retry: Calling run_command with args: [['/builds/slave/test/build/venv/bin/pip', 'install', '--timeout', '120', '--no-index', '--find-links', 'http://pypi.pvt.build.mozilla.org/pub', '--find-links', 'http://pypi.pub.build.mozilla.org/pub', '--trusted-host', 'pypi.pub.build.mozilla.org', '--trusted-host', 'pypi.pvt.build.mozilla.org', 'psutil>=3.1.1']], kwargs: {'error_level': 'warning', 'error_list': [{'substr': 'not found or a compiler error:', 'level': 'warning'}, {'regex': <_sre.SRE_Pattern object at 0x7ff9a648b110>, 'level': 'error'}, {'regex': <_sre.SRE_Pattern object at 0x7ff9a6593e40>, 'level': 'warning'}, {'regex': <_sre.SRE_Pattern object at 0x22903e0>, 'level': 'debug'}, {'substr': 'command not found', 'level': 'error'}, {'regex': <_sre.SRE_Pattern object at 0x228ca90>, 'level': 'warning'}, {'substr': 'Traceback (most recent call last)', 'level': 'error'}, {'substr': 'SyntaxError: ', 'level': 'error'}, {'substr': 'TypeError: ', 'level': 'error'}, {'substr': 'NameError: ', 'level': 'error'}, {'substr': 'ZeroDivisionError: ', 'level': 'error'}, {'regex': <_sre.SRE_Pattern object at 0x228e3f0>, 'level': 'critical'}, {'regex': <_sre.SRE_Pattern object at 0x228e670>, 'level': 'critical'}], 'cwd': '/builds/slave/test/build', 'env': {'TMOUT': '86400', 'LOGNAME': 'cltbld', 'USER': 'cltbld', 'HOME': '/home/cltbld', 'PATH': '/usr/local/bin:/usr/local/bin:/usr/bin:/bin:/usr/local/games:/usr/games', 'DISPLAY': ':0', 'CCACHE_UMASK': '002', 'LANG': 'en_US.UTF-8', 'TERM': 'linux', 'SHELL': '/bin/bash', 'MOZ_NODE_PATH': '/usr/bin/node', 'XDG_SESSION_COOKIE': '9ca12473fbb1d023794ffd180000023c-1528501916.320615-1747881629', 'SHLVL': '1', 'NO_FAIL_ON_TEST_ERRORS': '1', 'MOZ_NO_REMOTE': '1', 'MOZ_HIDE_RESULTS_TABLE': '1', 'MAIL': '/var/mail/cltbld', '_': '/tools/buildbot/bin/python', 'NODE_PATH': '/usr/lib/nodejs:/usr/lib/node_modules:/usr/share/javascript', 'PWD': '/builds/slave/test', 'PROPERTIES_FILE': '/builds/slave/test/buildprops.json', 'CCACHE_DIR': '/builds/ccache'}}, attempt #1
16:52:19     INFO - Running command: ['/builds/slave/test/build/venv/bin/pip', 'install', '--timeout', '120', '--no-index', '--find-links', 'http://pypi.pvt.build.mozilla.org/pub', '--find-links', 'http://pypi.pub.build.mozilla.org/pub', '--trusted-host', 'pypi.pub.build.mozilla.org', '--trusted-host', 'pypi.pvt.build.mozilla.org', 'psutil>=3.1.1'] in /builds/slave/test/build
16:52:19     INFO - Copy/paste: /builds/slave/test/build/venv/bin/pip install --timeout 120 --no-index --find-links http://pypi.pvt.build.mozilla.org/pub --find-links http://pypi.pub.build.mozilla.org/pub --trusted-host pypi.pub.build.mozilla.org --trusted-host pypi.pvt.build.mozilla.org psutil>=3.1.1
16:52:19     INFO - Using env: {'CCACHE_DIR': '/builds/ccache',
16:52:19     INFO -  'CCACHE_UMASK': '002',
16:52:19     INFO -  'DISPLAY': ':0',
16:52:19     INFO -  'HOME': '/home/cltbld',
16:52:19     INFO -  'LANG': 'en_US.UTF-8',
16:52:19     INFO -  'LOGNAME': 'cltbld',
16:52:19     INFO -  'MAIL': '/var/mail/cltbld',
16:52:19     INFO -  'MOZ_HIDE_RESULTS_TABLE': '1',
16:52:19     INFO -  'MOZ_NODE_PATH': '/usr/bin/node',
16:52:19     INFO -  'MOZ_NO_REMOTE': '1',
16:52:19     INFO -  'NODE_PATH': '/usr/lib/nodejs:/usr/lib/node_modules:/usr/share/javascript',
16:52:19     INFO -  'NO_FAIL_ON_TEST_ERRORS': '1',
16:52:19     INFO -  'PATH': '/usr/local/bin:/usr/local/bin:/usr/bin:/bin:/usr/local/games:/usr/games',
16:52:19     INFO -  'PROPERTIES_FILE': '/builds/slave/test/buildprops.json',
16:52:19     INFO -  'PWD': '/builds/slave/test',
16:52:19     INFO -  'SHELL': '/bin/bash',
16:52:19     INFO -  'SHLVL': '1',
16:52:19     INFO -  'TERM': 'linux',
16:52:19     INFO -  'TMOUT': '86400',
16:52:19     INFO -  'USER': 'cltbld',
16:52:19     INFO -  'XDG_SESSION_COOKIE': '9ca12473fbb1d023794ffd180000023c-1528501916.320615-1747881629',
16:52:19     INFO -  '_': '/tools/buildbot/bin/python'}
16:52:20     INFO -  Ignoring indexes: https://pypi.python.org/simple
16:52:20     INFO -  Collecting psutil>=3.1.1
16:52:20     INFO -  /builds/slave/test/build/venv/lib/python2.7/site-packages/pip/_vendor/requests/packages/urllib3/util/ssl_.py:318: SNIMissingWarning: An HTTPS request has been made, but the SNI (Subject Name Indication) extension to TLS is not available on this platform. This may cause the server to present an incorrect TLS certificate, which can cause validation failures. You can upgrade to a newer version of Python to solve this. For more information, see https://urllib3.readthedocs.org/en/latest/security.html#snimissingwarning.
16:52:20     INFO -    SNIMissingWarning
16:52:20     INFO -  /builds/slave/test/build/venv/lib/python2.7/site-packages/pip/_vendor/requests/packages/urllib3/util/ssl_.py:122: InsecurePlatformWarning: A true SSLContext object is not available. This prevents urllib3 from configuring SSL appropriately and may cause certain SSL connections to fail. You can upgrade to a newer version of Python to solve this. For more information, see https://urllib3.readthedocs.org/en/latest/security.html#insecureplatformwarning.
16:52:20     INFO -    InsecurePlatformWarning
16:52:21     INFO -  /builds/slave/test/build/venv/lib/python2.7/site-packages/pip/_vendor/requests/packages/urllib3/util/ssl_.py:122: InsecurePlatformWarning: A true SSLContext object is not available. This prevents urllib3 from configuring SSL appropriately and may cause certain SSL connections to fail. You can upgrade to a newer version of Python to solve this. For more information, see https://urllib3.readthedocs.org/en/latest/security.html#insecureplatformwarning.
16:52:21     INFO -    InsecurePlatformWarning
16:52:27     INFO -    Downloading https://pypi.pvt.build.mozilla.org/pub/psutil-5.4.3.tar.gz (412kB)
16:52:29     INFO -  Building wheels for collected packages: psutil
16:52:29     INFO -    Running setup.py bdist_wheel for psutil: started
16:52:33     INFO -    Running setup.py bdist_wheel for psutil: finished with status 'done'
16:52:33     INFO -    Stored in directory: /home/cltbld/.cache/pip/wheels/30/c0/c3/5cdb2b64c0d47a81af9c62935a64d83948d2c2b3e7af3eeee2
16:52:33     INFO -  Successfully built psutil
16:52:33     INFO -  Installing collected packages: psutil
16:52:33     INFO -  Successfully installed psutil-5.4.3
16:52:33     INFO - Return code: 0
16:52:33     INFO - Installing mozsystemmonitor==0.3 into virtualenv /builds/slave/test/build/venv
16:52:33     INFO - retry: Calling run_command with args: [['/builds/slave/test/build/venv/bin/pip', 'install', '--timeout', '120', '--no-index', '--find-links', 'http://pypi.pvt.build.mozilla.org/pub', '--find-links', 'http://pypi.pub.build.mozilla.org/pub', '--trusted-host', 'pypi.pub.build.mozilla.org', '--trusted-host', 'pypi.pvt.build.mozilla.org', 'mozsystemmonitor==0.3']], kwargs: {'error_level': 'warning', 'error_list': [{'substr': 'not found or a compiler error:', 'level': 'warning'}, {'regex': <_sre.SRE_Pattern object at 0x7ff9a648b110>, 'level': 'error'}, {'regex': <_sre.SRE_Pattern object at 0x7ff9a6593e40>, 'level': 'warning'}, {'regex': <_sre.SRE_Pattern object at 0x22903e0>, 'level': 'debug'}, {'substr': 'command not found', 'level': 'error'}, {'regex': <_sre.SRE_Pattern object at 0x228ca90>, 'level': 'warning'}, {'substr': 'Traceback (most recent call last)', 'level': 'error'}, {'substr': 'SyntaxError: ', 'level': 'error'}, {'substr': 'TypeError: ', 'level': 'error'}, {'substr': 'NameError: ', 'level': 'error'}, {'substr': 'ZeroDivisionError: ', 'level': 'error'}, {'regex': <_sre.SRE_Pattern object at 0x228e3f0>, 'level': 'critical'}, {'regex': <_sre.SRE_Pattern object at 0x228e670>, 'level': 'critical'}], 'cwd': '/builds/slave/test/build', 'env': {'TMOUT': '86400', 'LOGNAME': 'cltbld', 'USER': 'cltbld', 'HOME': '/home/cltbld', 'PATH': '/usr/local/bin:/usr/local/bin:/usr/bin:/bin:/usr/local/games:/usr/games', 'DISPLAY': ':0', 'CCACHE_UMASK': '002', 'LANG': 'en_US.UTF-8', 'TERM': 'linux', 'SHELL': '/bin/bash', 'MOZ_NODE_PATH': '/usr/bin/node', 'XDG_SESSION_COOKIE': '9ca12473fbb1d023794ffd180000023c-1528501916.320615-1747881629', 'SHLVL': '1', 'NO_FAIL_ON_TEST_ERRORS': '1', 'MOZ_NO_REMOTE': '1', 'MOZ_HIDE_RESULTS_TABLE': '1', 'MAIL': '/var/mail/cltbld', '_': '/tools/buildbot/bin/python', 'NODE_PATH': '/usr/lib/nodejs:/usr/lib/node_modules:/usr/share/javascript', 'PWD': '/builds/slave/test', 'PROPERTIES_FILE': '/builds/slave/test/buildprops.json', 'CCACHE_DIR': '/builds/ccache'}}, attempt #1
16:52:33     INFO - Running command: ['/builds/slave/test/build/venv/bin/pip', 'install', '--timeout', '120', '--no-index', '--find-links', 'http://pypi.pvt.build.mozilla.org/pub', '--find-links', 'http://pypi.pub.build.mozilla.org/pub', '--trusted-host', 'pypi.pub.build.mozilla.org', '--trusted-host', 'pypi.pvt.build.mozilla.org', 'mozsystemmonitor==0.3'] in /builds/slave/test/build
16:52:33     INFO - Copy/paste: /builds/slave/test/build/venv/bin/pip install --timeout 120 --no-index --find-links http://pypi.pvt.build.mozilla.org/pub --find-links http://pypi.pub.build.mozilla.org/pub --trusted-host pypi.pub.build.mozilla.org --trusted-host pypi.pvt.build.mozilla.org mozsystemmonitor==0.3
16:52:33     INFO - Using env: {'CCACHE_DIR': '/builds/ccache',
16:52:33     INFO -  'CCACHE_UMASK': '002',
16:52:33     INFO -  'DISPLAY': ':0',
16:52:33     INFO -  'HOME': '/home/cltbld',
16:52:33     INFO -  'LANG': 'en_US.UTF-8',
16:52:33     INFO -  'LOGNAME': 'cltbld',
16:52:33     INFO -  'MAIL': '/var/mail/cltbld',
16:52:33     INFO -  'MOZ_HIDE_RESULTS_TABLE': '1',
16:52:33     INFO -  'MOZ_NODE_PATH': '/usr/bin/node',
16:52:33     INFO -  'MOZ_NO_REMOTE': '1',
16:52:33     INFO -  'NODE_PATH': '/usr/lib/nodejs:/usr/lib/node_modules:/usr/share/javascript',
16:52:33     INFO -  'NO_FAIL_ON_TEST_ERRORS': '1',
16:52:33     INFO -  'PATH': '/usr/local/bin:/usr/local/bin:/usr/bin:/bin:/usr/local/games:/usr/games',
16:52:33     INFO -  'PROPERTIES_FILE': '/builds/slave/test/buildprops.json',
16:52:33     INFO -  'PWD': '/builds/slave/test',
16:52:33     INFO -  'SHELL': '/bin/bash',
16:52:33     INFO -  'SHLVL': '1',
16:52:33     INFO -  'TERM': 'linux',
16:52:33     INFO -  'TMOUT': '86400',
16:52:33     INFO -  'USER': 'cltbld',
16:52:33     INFO -  'XDG_SESSION_COOKIE': '9ca12473fbb1d023794ffd180000023c-1528501916.320615-1747881629',
16:52:33     INFO -  '_': '/tools/buildbot/bin/python'}
16:52:34     INFO -  Ignoring indexes: https://pypi.python.org/simple
16:52:34     INFO -  Collecting mozsystemmonitor==0.3
16:52:34     INFO -  /builds/slave/test/build/venv/lib/python2.7/site-packages/pip/_vendor/requests/packages/urllib3/util/ssl_.py:318: SNIMissingWarning: An HTTPS request has been made, but the SNI (Subject Name Indication) extension to TLS is not available on this platform. This may cause the server to present an incorrect TLS certificate, which can cause validation failures. You can upgrade to a newer version of Python to solve this. For more information, see https://urllib3.readthedocs.org/en/latest/security.html#snimissingwarning.
16:52:34     INFO -    SNIMissingWarning
16:52:34     INFO -  /builds/slave/test/build/venv/lib/python2.7/site-packages/pip/_vendor/requests/packages/urllib3/util/ssl_.py:122: InsecurePlatformWarning: A true SSLContext object is not available. This prevents urllib3 from configuring SSL appropriately and may cause certain SSL connections to fail. You can upgrade to a newer version of Python to solve this. For more information, see https://urllib3.readthedocs.org/en/latest/security.html#insecureplatformwarning.
16:52:34     INFO -    InsecurePlatformWarning
16:52:35     INFO -  /builds/slave/test/build/venv/lib/python2.7/site-packages/pip/_vendor/requests/packages/urllib3/util/ssl_.py:122: InsecurePlatformWarning: A true SSLContext object is not available. This prevents urllib3 from configuring SSL appropriately and may cause certain SSL connections to fail. You can upgrade to a newer version of Python to solve this. For more information, see https://urllib3.readthedocs.org/en/latest/security.html#insecureplatformwarning.
16:52:35     INFO -    InsecurePlatformWarning
16:52:39     INFO -    Downloading https://pypi.pvt.build.mozilla.org/pub/mozsystemmonitor-0.3.tar.gz
16:52:39     INFO -  Requirement already satisfied (use --upgrade to upgrade): psutil>=3.1.1 in ./venv/lib/python2.7/site-packages (from mozsystemmonitor==0.3)
16:52:39     INFO -  Building wheels for collected packages: mozsystemmonitor
16:52:39     INFO -    Running setup.py bdist_wheel for mozsystemmonitor: started
16:52:40     INFO -    Running setup.py bdist_wheel for mozsystemmonitor: finished with status 'done'
16:52:40     INFO -    Stored in directory: /home/cltbld/.cache/pip/wheels/f4/b7/9c/8a88c92aaad7c1d8bbd68513e1d91ad7f62b7465808c516aa8
16:52:40     INFO -  Successfully built mozsystemmonitor
16:52:40     INFO -  Installing collected packages: mozsystemmonitor
16:52:40     INFO -  Successfully installed mozsystemmonitor-0.3
16:52:40     INFO - Return code: 0
16:52:40     INFO - Installing jsonschema==2.5.1 into virtualenv /builds/slave/test/build/venv
16:52:40     INFO - retry: Calling run_command with args: [['/builds/slave/test/build/venv/bin/pip', 'install', '--timeout', '120', '--no-index', '--find-links', 'http://pypi.pvt.build.mozilla.org/pub', '--find-links', 'http://pypi.pub.build.mozilla.org/pub', '--trusted-host', 'pypi.pub.build.mozilla.org', '--trusted-host', 'pypi.pvt.build.mozilla.org', 'jsonschema==2.5.1']], kwargs: {'error_level': 'warning', 'error_list': [{'substr': 'not found or a compiler error:', 'level': 'warning'}, {'regex': <_sre.SRE_Pattern object at 0x7ff9a648b110>, 'level': 'error'}, {'regex': <_sre.SRE_Pattern object at 0x7ff9a6593e40>, 'level': 'warning'}, {'regex': <_sre.SRE_Pattern object at 0x22903e0>, 'level': 'debug'}, {'substr': 'command not found', 'level': 'error'}, {'regex': <_sre.SRE_Pattern object at 0x228ca90>, 'level': 'warning'}, {'substr': 'Traceback (most recent call last)', 'level': 'error'}, {'substr': 'SyntaxError: ', 'level': 'error'}, {'substr': 'TypeError: ', 'level': 'error'}, {'substr': 'NameError: ', 'level': 'error'}, {'substr': 'ZeroDivisionError: ', 'level': 'error'}, {'regex': <_sre.SRE_Pattern object at 0x228e3f0>, 'level': 'critical'}, {'regex': <_sre.SRE_Pattern object at 0x228e670>, 'level': 'critical'}], 'cwd': '/builds/slave/test/build', 'env': {'TMOUT': '86400', 'LOGNAME': 'cltbld', 'USER': 'cltbld', 'HOME': '/home/cltbld', 'PATH': '/usr/local/bin:/usr/local/bin:/usr/bin:/bin:/usr/local/games:/usr/games', 'DISPLAY': ':0', 'CCACHE_UMASK': '002', 'LANG': 'en_US.UTF-8', 'TERM': 'linux', 'SHELL': '/bin/bash', 'MOZ_NODE_PATH': '/usr/bin/node', 'XDG_SESSION_COOKIE': '9ca12473fbb1d023794ffd180000023c-1528501916.320615-1747881629', 'SHLVL': '1', 'NO_FAIL_ON_TEST_ERRORS': '1', 'MOZ_NO_REMOTE': '1', 'MOZ_HIDE_RESULTS_TABLE': '1', 'MAIL': '/var/mail/cltbld', '_': '/tools/buildbot/bin/python', 'NODE_PATH': '/usr/lib/nodejs:/usr/lib/node_modules:/usr/share/javascript', 'PWD': '/builds/slave/test', 'PROPERTIES_FILE': '/builds/slave/test/buildprops.json', 'CCACHE_DIR': '/builds/ccache'}}, attempt #1
16:52:40     INFO - Running command: ['/builds/slave/test/build/venv/bin/pip', 'install', '--timeout', '120', '--no-index', '--find-links', 'http://pypi.pvt.build.mozilla.org/pub', '--find-links', 'http://pypi.pub.build.mozilla.org/pub', '--trusted-host', 'pypi.pub.build.mozilla.org', '--trusted-host', 'pypi.pvt.build.mozilla.org', 'jsonschema==2.5.1'] in /builds/slave/test/build
16:52:40     INFO - Copy/paste: /builds/slave/test/build/venv/bin/pip install --timeout 120 --no-index --find-links http://pypi.pvt.build.mozilla.org/pub --find-links http://pypi.pub.build.mozilla.org/pub --trusted-host pypi.pub.build.mozilla.org --trusted-host pypi.pvt.build.mozilla.org jsonschema==2.5.1
16:52:40     INFO - Using env: {'CCACHE_DIR': '/builds/ccache',
16:52:40     INFO -  'CCACHE_UMASK': '002',
16:52:40     INFO -  'DISPLAY': ':0',
16:52:40     INFO -  'HOME': '/home/cltbld',
16:52:40     INFO -  'LANG': 'en_US.UTF-8',
16:52:40     INFO -  'LOGNAME': 'cltbld',
16:52:40     INFO -  'MAIL': '/var/mail/cltbld',
16:52:40     INFO -  'MOZ_HIDE_RESULTS_TABLE': '1',
16:52:40     INFO -  'MOZ_NODE_PATH': '/usr/bin/node',
16:52:40     INFO -  'MOZ_NO_REMOTE': '1',
16:52:40     INFO -  'NODE_PATH': '/usr/lib/nodejs:/usr/lib/node_modules:/usr/share/javascript',
16:52:40     INFO -  'NO_FAIL_ON_TEST_ERRORS': '1',
16:52:40     INFO -  'PATH': '/usr/local/bin:/usr/local/bin:/usr/bin:/bin:/usr/local/games:/usr/games',
16:52:40     INFO -  'PROPERTIES_FILE': '/builds/slave/test/buildprops.json',
16:52:40     INFO -  'PWD': '/builds/slave/test',
16:52:40     INFO -  'SHELL': '/bin/bash',
16:52:40     INFO -  'SHLVL': '1',
16:52:40     INFO -  'TERM': 'linux',
16:52:40     INFO -  'TMOUT': '86400',
16:52:40     INFO -  'USER': 'cltbld',
16:52:40     INFO -  'XDG_SESSION_COOKIE': '9ca12473fbb1d023794ffd180000023c-1528501916.320615-1747881629',
16:52:40     INFO -  '_': '/tools/buildbot/bin/python'}
16:52:41     INFO -  Ignoring indexes: https://pypi.python.org/simple
16:52:41     INFO -  Collecting jsonschema==2.5.1
16:52:41     INFO -  /builds/slave/test/build/venv/lib/python2.7/site-packages/pip/_vendor/requests/packages/urllib3/util/ssl_.py:318: SNIMissingWarning: An HTTPS request has been made, but the SNI (Subject Name Indication) extension to TLS is not available on this platform. This may cause the server to present an incorrect TLS certificate, which can cause validation failures. You can upgrade to a newer version of Python to solve this. For more information, see https://urllib3.readthedocs.org/en/latest/security.html#snimissingwarning.
16:52:41     INFO -    SNIMissingWarning
16:52:41     INFO -  /builds/slave/test/build/venv/lib/python2.7/site-packages/pip/_vendor/requests/packages/urllib3/util/ssl_.py:122: InsecurePlatformWarning: A true SSLContext object is not available. This prevents urllib3 from configuring SSL appropriately and may cause certain SSL connections to fail. You can upgrade to a newer version of Python to solve this. For more information, see https://urllib3.readthedocs.org/en/latest/security.html#insecureplatformwarning.
16:52:41     INFO -    InsecurePlatformWarning
16:52:42     INFO -  /builds/slave/test/build/venv/lib/python2.7/site-packages/pip/_vendor/requests/packages/urllib3/util/ssl_.py:122: InsecurePlatformWarning: A true SSLContext object is not available. This prevents urllib3 from configuring SSL appropriately and may cause certain SSL connections to fail. You can upgrade to a newer version of Python to solve this. For more information, see https://urllib3.readthedocs.org/en/latest/security.html#insecureplatformwarning.
16:52:42     INFO -    InsecurePlatformWarning
16:52:46     INFO -    Downloading https://pypi.pvt.build.mozilla.org/pub/jsonschema-2.5.1-py2.py3-none-any.whl
16:52:46     INFO -  Collecting functools32; python_version == "2.7" (from jsonschema==2.5.1)
16:52:50     INFO -    Downloading https://pypi.pvt.build.mozilla.org/pub/functools32-3.2.3-2.tar.gz
16:52:51     INFO -  Building wheels for collected packages: functools32
16:52:51     INFO -    Running setup.py bdist_wheel for functools32: started
16:52:51     INFO -    Running setup.py bdist_wheel for functools32: finished with status 'done'
16:52:51     INFO -    Stored in directory: /home/cltbld/.cache/pip/wheels/60/8e/5c/cd0944700dbec48e57da97dbe11bcc84b1332f6b43bc89d9b7
16:52:51     INFO -  Successfully built functools32
16:52:51     INFO -  Installing collected packages: functools32, jsonschema
16:52:51     INFO -  Successfully installed functools32-3.2.3.post2 jsonschema-2.5.1
16:52:51     INFO - Return code: 0
16:52:51     INFO - Installing functools32==3.2.3-2 into virtualenv /builds/slave/test/build/venv
16:52:52     INFO - retry: Calling run_command with args: [['/builds/slave/test/build/venv/bin/pip', 'install', '--timeout', '120', '--no-index', '--find-links', 'http://pypi.pvt.build.mozilla.org/pub', '--find-links', 'http://pypi.pub.build.mozilla.org/pub', '--trusted-host', 'pypi.pub.build.mozilla.org', '--trusted-host', 'pypi.pvt.build.mozilla.org', 'functools32==3.2.3-2']], kwargs: {'error_level': 'warning', 'error_list': [{'substr': 'not found or a compiler error:', 'level': 'warning'}, {'regex': <_sre.SRE_Pattern object at 0x7ff9a648b110>, 'level': 'error'}, {'regex': <_sre.SRE_Pattern object at 0x7ff9a6593e40>, 'level': 'warning'}, {'regex': <_sre.SRE_Pattern object at 0x22903e0>, 'level': 'debug'}, {'substr': 'command not found', 'level': 'error'}, {'regex': <_sre.SRE_Pattern object at 0x228ca90>, 'level': 'warning'}, {'substr': 'Traceback (most recent call last)', 'level': 'error'}, {'substr': 'SyntaxError: ', 'level': 'error'}, {'substr': 'TypeError: ', 'level': 'error'}, {'substr': 'NameError: ', 'level': 'error'}, {'substr': 'ZeroDivisionError: ', 'level': 'error'}, {'regex': <_sre.SRE_Pattern object at 0x228e3f0>, 'level': 'critical'}, {'regex': <_sre.SRE_Pattern object at 0x228e670>, 'level': 'critical'}], 'cwd': '/builds/slave/test/build', 'env': {'TMOUT': '86400', 'LOGNAME': 'cltbld', 'USER': 'cltbld', 'HOME': '/home/cltbld', 'PATH': '/usr/local/bin:/usr/local/bin:/usr/bin:/bin:/usr/local/games:/usr/games', 'DISPLAY': ':0', 'CCACHE_UMASK': '002', 'LANG': 'en_US.UTF-8', 'TERM': 'linux', 'SHELL': '/bin/bash', 'MOZ_NODE_PATH': '/usr/bin/node', 'XDG_SESSION_COOKIE': '9ca12473fbb1d023794ffd180000023c-1528501916.320615-1747881629', 'SHLVL': '1', 'NO_FAIL_ON_TEST_ERRORS': '1', 'MOZ_NO_REMOTE': '1', 'MOZ_HIDE_RESULTS_TABLE': '1', 'MAIL': '/var/mail/cltbld', '_': '/tools/buildbot/bin/python', 'NODE_PATH': '/usr/lib/nodejs:/usr/lib/node_modules:/usr/share/javascript', 'PWD': '/builds/slave/test', 'PROPERTIES_FILE': '/builds/slave/test/buildprops.json', 'CCACHE_DIR': '/builds/ccache'}}, attempt #1
16:52:52     INFO - Running command: ['/builds/slave/test/build/venv/bin/pip', 'install', '--timeout', '120', '--no-index', '--find-links', 'http://pypi.pvt.build.mozilla.org/pub', '--find-links', 'http://pypi.pub.build.mozilla.org/pub', '--trusted-host', 'pypi.pub.build.mozilla.org', '--trusted-host', 'pypi.pvt.build.mozilla.org', 'functools32==3.2.3-2'] in /builds/slave/test/build
16:52:52     INFO - Copy/paste: /builds/slave/test/build/venv/bin/pip install --timeout 120 --no-index --find-links http://pypi.pvt.build.mozilla.org/pub --find-links http://pypi.pub.build.mozilla.org/pub --trusted-host pypi.pub.build.mozilla.org --trusted-host pypi.pvt.build.mozilla.org functools32==3.2.3-2
16:52:52     INFO - Using env: {'CCACHE_DIR': '/builds/ccache',
16:52:52     INFO -  'CCACHE_UMASK': '002',
16:52:52     INFO -  'DISPLAY': ':0',
16:52:52     INFO -  'HOME': '/home/cltbld',
16:52:52     INFO -  'LANG': 'en_US.UTF-8',
16:52:52     INFO -  'LOGNAME': 'cltbld',
16:52:52     INFO -  'MAIL': '/var/mail/cltbld',
16:52:52     INFO -  'MOZ_HIDE_RESULTS_TABLE': '1',
16:52:52     INFO -  'MOZ_NODE_PATH': '/usr/bin/node',
16:52:52     INFO -  'MOZ_NO_REMOTE': '1',
16:52:52     INFO -  'NODE_PATH': '/usr/lib/nodejs:/usr/lib/node_modules:/usr/share/javascript',
16:52:52     INFO -  'NO_FAIL_ON_TEST_ERRORS': '1',
16:52:52     INFO -  'PATH': '/usr/local/bin:/usr/local/bin:/usr/bin:/bin:/usr/local/games:/usr/games',
16:52:52     INFO -  'PROPERTIES_FILE': '/builds/slave/test/buildprops.json',
16:52:52     INFO -  'PWD': '/builds/slave/test',
16:52:52     INFO -  'SHELL': '/bin/bash',
16:52:52     INFO -  'SHLVL': '1',
16:52:52     INFO -  'TERM': 'linux',
16:52:52     INFO -  'TMOUT': '86400',
16:52:52     INFO -  'USER': 'cltbld',
16:52:52     INFO -  'XDG_SESSION_COOKIE': '9ca12473fbb1d023794ffd180000023c-1528501916.320615-1747881629',
16:52:52     INFO -  '_': '/tools/buildbot/bin/python'}
16:52:52     INFO -  Ignoring indexes: https://pypi.python.org/simple
16:52:52     INFO -  Requirement already satisfied (use --upgrade to upgrade): functools32==3.2.3-2 in ./venv/lib/python2.7/site-packages
16:52:52     INFO - Return code: 0
16:52:52     INFO - Installing blobuploader==1.2.4 into virtualenv /builds/slave/test/build/venv
16:52:53     INFO - retry: Calling run_command with args: [['/builds/slave/test/build/venv/bin/pip', 'install', '--timeout', '120', '--no-index', '--find-links', 'http://pypi.pvt.build.mozilla.org/pub', '--find-links', 'http://pypi.pub.build.mozilla.org/pub', '--trusted-host', 'pypi.pub.build.mozilla.org', '--trusted-host', 'pypi.pvt.build.mozilla.org', 'blobuploader==1.2.4']], kwargs: {'error_level': 'warning', 'error_list': [{'substr': 'not found or a compiler error:', 'level': 'warning'}, {'regex': <_sre.SRE_Pattern object at 0x7ff9a648b110>, 'level': 'error'}, {'regex': <_sre.SRE_Pattern object at 0x7ff9a6593e40>, 'level': 'warning'}, {'regex': <_sre.SRE_Pattern object at 0x22903e0>, 'level': 'debug'}, {'substr': 'command not found', 'level': 'error'}, {'regex': <_sre.SRE_Pattern object at 0x228ca90>, 'level': 'warning'}, {'substr': 'Traceback (most recent call last)', 'level': 'error'}, {'substr': 'SyntaxError: ', 'level': 'error'}, {'substr': 'TypeError: ', 'level': 'error'}, {'substr': 'NameError: ', 'level': 'error'}, {'substr': 'ZeroDivisionError: ', 'level': 'error'}, {'regex': <_sre.SRE_Pattern object at 0x228e3f0>, 'level': 'critical'}, {'regex': <_sre.SRE_Pattern object at 0x228e670>, 'level': 'critical'}], 'cwd': '/builds/slave/test/build', 'env': {'TMOUT': '86400', 'LOGNAME': 'cltbld', 'USER': 'cltbld', 'HOME': '/home/cltbld', 'PATH': '/usr/local/bin:/usr/local/bin:/usr/bin:/bin:/usr/local/games:/usr/games', 'DISPLAY': ':0', 'CCACHE_UMASK': '002', 'LANG': 'en_US.UTF-8', 'TERM': 'linux', 'SHELL': '/bin/bash', 'MOZ_NODE_PATH': '/usr/bin/node', 'XDG_SESSION_COOKIE': '9ca12473fbb1d023794ffd180000023c-1528501916.320615-1747881629', 'SHLVL': '1', 'NO_FAIL_ON_TEST_ERRORS': '1', 'MOZ_NO_REMOTE': '1', 'MOZ_HIDE_RESULTS_TABLE': '1', 'MAIL': '/var/mail/cltbld', '_': '/tools/buildbot/bin/python', 'NODE_PATH': '/usr/lib/nodejs:/usr/lib/node_modules:/usr/share/javascript', 'PWD': '/builds/slave/test', 'PROPERTIES_FILE': '/builds/slave/test/buildprops.json', 'CCACHE_DIR': '/builds/ccache'}}, attempt #1
16:52:53     INFO - Running command: ['/builds/slave/test/build/venv/bin/pip', 'install', '--timeout', '120', '--no-index', '--find-links', 'http://pypi.pvt.build.mozilla.org/pub', '--find-links', 'http://pypi.pub.build.mozilla.org/pub', '--trusted-host', 'pypi.pub.build.mozilla.org', '--trusted-host', 'pypi.pvt.build.mozilla.org', 'blobuploader==1.2.4'] in /builds/slave/test/build
16:52:53     INFO - Copy/paste: /builds/slave/test/build/venv/bin/pip install --timeout 120 --no-index --find-links http://pypi.pvt.build.mozilla.org/pub --find-links http://pypi.pub.build.mozilla.org/pub --trusted-host pypi.pub.build.mozilla.org --trusted-host pypi.pvt.build.mozilla.org blobuploader==1.2.4
16:52:53     INFO - Using env: {'CCACHE_DIR': '/builds/ccache',
16:52:53     INFO -  'CCACHE_UMASK': '002',
16:52:53     INFO -  'DISPLAY': ':0',
16:52:53     INFO -  'HOME': '/home/cltbld',
16:52:53     INFO -  'LANG': 'en_US.UTF-8',
16:52:53     INFO -  'LOGNAME': 'cltbld',
16:52:53     INFO -  'MAIL': '/var/mail/cltbld',
16:52:53     INFO -  'MOZ_HIDE_RESULTS_TABLE': '1',
16:52:53     INFO -  'MOZ_NODE_PATH': '/usr/bin/node',
16:52:53     INFO -  'MOZ_NO_REMOTE': '1',
16:52:53     INFO -  'NODE_PATH': '/usr/lib/nodejs:/usr/lib/node_modules:/usr/share/javascript',
16:52:53     INFO -  'NO_FAIL_ON_TEST_ERRORS': '1',
16:52:53     INFO -  'PATH': '/usr/local/bin:/usr/local/bin:/usr/bin:/bin:/usr/local/games:/usr/games',
16:52:53     INFO -  'PROPERTIES_FILE': '/builds/slave/test/buildprops.json',
16:52:53     INFO -  'PWD': '/builds/slave/test',
16:52:53     INFO -  'SHELL': '/bin/bash',
16:52:53     INFO -  'SHLVL': '1',
16:52:53     INFO -  'TERM': 'linux',
16:52:53     INFO -  'TMOUT': '86400',
16:52:53     INFO -  'USER': 'cltbld',
16:52:53     INFO -  'XDG_SESSION_COOKIE': '9ca12473fbb1d023794ffd180000023c-1528501916.320615-1747881629',
16:52:53     INFO -  '_': '/tools/buildbot/bin/python'}
16:52:53     INFO -  Ignoring indexes: https://pypi.python.org/simple
16:52:53     INFO -  Collecting blobuploader==1.2.4
16:52:53     INFO -  /builds/slave/test/build/venv/lib/python2.7/site-packages/pip/_vendor/requests/packages/urllib3/util/ssl_.py:318: SNIMissingWarning: An HTTPS request has been made, but the SNI (Subject Name Indication) extension to TLS is not available on this platform. This may cause the server to present an incorrect TLS certificate, which can cause validation failures. You can upgrade to a newer version of Python to solve this. For more information, see https://urllib3.readthedocs.org/en/latest/security.html#snimissingwarning.
16:52:53     INFO -    SNIMissingWarning
16:52:53     INFO -  /builds/slave/test/build/venv/lib/python2.7/site-packages/pip/_vendor/requests/packages/urllib3/util/ssl_.py:122: InsecurePlatformWarning: A true SSLContext object is not available. This prevents urllib3 from configuring SSL appropriately and may cause certain SSL connections to fail. You can upgrade to a newer version of Python to solve this. For more information, see https://urllib3.readthedocs.org/en/latest/security.html#insecureplatformwarning.
16:52:53     INFO -    InsecurePlatformWarning
16:52:55     INFO -  /builds/slave/test/build/venv/lib/python2.7/site-packages/pip/_vendor/requests/packages/urllib3/util/ssl_.py:122: InsecurePlatformWarning: A true SSLContext object is not available. This prevents urllib3 from configuring SSL appropriately and may cause certain SSL connections to fail. You can upgrade to a newer version of Python to solve this. For more information, see https://urllib3.readthedocs.org/en/latest/security.html#insecureplatformwarning.
16:52:55     INFO -    InsecurePlatformWarning
16:52:58     INFO -    Downloading https://pypi.pvt.build.mozilla.org/pub/blobuploader-1.2.4.tar.gz
16:52:59     INFO -  Collecting requests==1.2.3. (from blobuploader==1.2.4)
16:53:03     INFO -    Downloading https://pypi.pvt.build.mozilla.org/pub/requests-1.2.3.tar.gz (348kB)
16:53:04     INFO -  Collecting docopt==0.6.1 (from blobuploader==1.2.4)
16:53:08     INFO -    Downloading https://pypi.pvt.build.mozilla.org/pub/docopt-0.6.1.tar.gz
16:53:09     INFO -  Building wheels for collected packages: blobuploader, requests, docopt
16:53:09     INFO -    Running setup.py bdist_wheel for blobuploader: started
16:53:09     INFO -    Running setup.py bdist_wheel for blobuploader: finished with status 'done'
16:53:09     INFO -    Stored in directory: /home/cltbld/.cache/pip/wheels/a7/2a/47/2d3828e4129ffeb548a26f4a87889dc9bc1a58e201a0ff8655
16:53:09     INFO -    Running setup.py bdist_wheel for requests: started
16:53:10     INFO -    Running setup.py bdist_wheel for requests: finished with status 'done'
16:53:10     INFO -    Stored in directory: /home/cltbld/.cache/pip/wheels/65/bb/90/359b65a7043ffc879dde877c4ad827f452218808c6cccf2658
16:53:10     INFO -    Running setup.py bdist_wheel for docopt: started
16:53:10     INFO -    Running setup.py bdist_wheel for docopt: finished with status 'done'
16:53:10     INFO -    Stored in directory: /home/cltbld/.cache/pip/wheels/ac/8b/84/7dbe9ada02c48c352fa733c81648516f92c6436f9d5bffad41
16:53:10     INFO -  Successfully built blobuploader requests docopt
16:53:11     INFO -  Installing collected packages: requests, docopt, blobuploader
16:53:11     INFO -  Successfully installed blobuploader-1.2.4 docopt-0.6.1 requests-1.2.3
16:53:11     INFO - Return code: 0
16:53:11     INFO - Installing None into virtualenv /builds/slave/test/build/venv
16:53:11     INFO - retry: Calling run_command with args: [['/builds/slave/test/build/venv/bin/pip', 'install', '--no-deps', '--timeout', '120', '-r', '/builds/slave/test/build/tests/config/mozbase_requirements.txt', '--no-index', '--find-links', 'http://pypi.pvt.build.mozilla.org/pub', '--find-links', 'http://pypi.pub.build.mozilla.org/pub', '--trusted-host', 'pypi.pub.build.mozilla.org', '--trusted-host', 'pypi.pvt.build.mozilla.org']], kwargs: {'error_level': 'warning', 'error_list': [{'substr': 'not found or a compiler error:', 'level': 'warning'}, {'regex': <_sre.SRE_Pattern object at 0x7ff9a648b110>, 'level': 'error'}, {'regex': <_sre.SRE_Pattern object at 0x7ff9a6593e40>, 'level': 'warning'}, {'regex': <_sre.SRE_Pattern object at 0x22903e0>, 'level': 'debug'}, {'substr': 'command not found', 'level': 'error'}, {'regex': <_sre.SRE_Pattern object at 0x228ca90>, 'level': 'warning'}, {'substr': 'Traceback (most recent call last)', 'level': 'error'}, {'substr': 'SyntaxError: ', 'level': 'error'}, {'substr': 'TypeError: ', 'level': 'error'}, {'substr': 'NameError: ', 'level': 'error'}, {'substr': 'ZeroDivisionError: ', 'level': 'error'}, {'regex': <_sre.SRE_Pattern object at 0x228e3f0>, 'level': 'critical'}, {'regex': <_sre.SRE_Pattern object at 0x228e670>, 'level': 'critical'}], 'cwd': '/builds/slave/test/build/tests/config', 'env': {'TMOUT': '86400', 'LOGNAME': 'cltbld', 'USER': 'cltbld', 'HOME': '/home/cltbld', 'PATH': '/usr/local/bin:/usr/local/bin:/usr/bin:/bin:/usr/local/games:/usr/games', 'DISPLAY': ':0', 'CCACHE_UMASK': '002', 'LANG': 'en_US.UTF-8', 'TERM': 'linux', 'SHELL': '/bin/bash', 'MOZ_NODE_PATH': '/usr/bin/node', 'XDG_SESSION_COOKIE': '9ca12473fbb1d023794ffd180000023c-1528501916.320615-1747881629', 'SHLVL': '1', 'NO_FAIL_ON_TEST_ERRORS': '1', 'MOZ_NO_REMOTE': '1', 'MOZ_HIDE_RESULTS_TABLE': '1', 'MAIL': '/var/mail/cltbld', '_': '/tools/buildbot/bin/python', 'NODE_PATH': '/usr/lib/nodejs:/usr/lib/node_modules:/usr/share/javascript', 'PWD': '/builds/slave/test', 'PROPERTIES_FILE': '/builds/slave/test/buildprops.json', 'CCACHE_DIR': '/builds/ccache'}}, attempt #1
16:53:11     INFO - Running command: ['/builds/slave/test/build/venv/bin/pip', 'install', '--no-deps', '--timeout', '120', '-r', '/builds/slave/test/build/tests/config/mozbase_requirements.txt', '--no-index', '--find-links', 'http://pypi.pvt.build.mozilla.org/pub', '--find-links', 'http://pypi.pub.build.mozilla.org/pub', '--trusted-host', 'pypi.pub.build.mozilla.org', '--trusted-host', 'pypi.pvt.build.mozilla.org'] in /builds/slave/test/build/tests/config
16:53:11     INFO - Copy/paste: /builds/slave/test/build/venv/bin/pip install --no-deps --timeout 120 -r /builds/slave/test/build/tests/config/mozbase_requirements.txt --no-index --find-links http://pypi.pvt.build.mozilla.org/pub --find-links http://pypi.pub.build.mozilla.org/pub --trusted-host pypi.pub.build.mozilla.org --trusted-host pypi.pvt.build.mozilla.org
16:53:11     INFO - Using env: {'CCACHE_DIR': '/builds/ccache',
16:53:11     INFO -  'CCACHE_UMASK': '002',
16:53:11     INFO -  'DISPLAY': ':0',
16:53:11     INFO -  'HOME': '/home/cltbld',
16:53:11     INFO -  'LANG': 'en_US.UTF-8',
16:53:11     INFO -  'LOGNAME': 'cltbld',
16:53:11     INFO -  'MAIL': '/var/mail/cltbld',
16:53:11     INFO -  'MOZ_HIDE_RESULTS_TABLE': '1',
16:53:11     INFO -  'MOZ_NODE_PATH': '/usr/bin/node',
16:53:11     INFO -  'MOZ_NO_REMOTE': '1',
16:53:11     INFO -  'NODE_PATH': '/usr/lib/nodejs:/usr/lib/node_modules:/usr/share/javascript',
16:53:11     INFO -  'NO_FAIL_ON_TEST_ERRORS': '1',
16:53:11     INFO -  'PATH': '/usr/local/bin:/usr/local/bin:/usr/bin:/bin:/usr/local/games:/usr/games',
16:53:11     INFO -  'PROPERTIES_FILE': '/builds/slave/test/buildprops.json',
16:53:11     INFO -  'PWD': '/builds/slave/test',
16:53:11     INFO -  'SHELL': '/bin/bash',
16:53:11     INFO -  'SHLVL': '1',
16:53:11     INFO -  'TERM': 'linux',
16:53:11     INFO -  'TMOUT': '86400',
16:53:11     INFO -  'USER': 'cltbld',
16:53:11     INFO -  'XDG_SESSION_COOKIE': '9ca12473fbb1d023794ffd180000023c-1528501916.320615-1747881629',
16:53:11     INFO -  '_': '/tools/buildbot/bin/python'}
16:53:12     INFO -  Ignoring indexes: https://pypi.python.org/simple
16:53:12     INFO -  Processing /builds/slave/test/build/tests/mozbase/manifestparser
16:53:13     INFO -  Processing /builds/slave/test/build/tests/mozbase/mozcrash
16:53:13     INFO -  Processing /builds/slave/test/build/tests/mozbase/mozdebug
16:53:13     INFO -  Processing /builds/slave/test/build/tests/mozbase/mozdevice
16:53:14     INFO -  Processing /builds/slave/test/build/tests/mozbase/mozfile
16:53:14     INFO -  Processing /builds/slave/test/build/tests/mozbase/mozhttpd
16:53:14     INFO -  Processing /builds/slave/test/build/tests/mozbase/mozinfo
16:53:15     INFO -  Processing /builds/slave/test/build/tests/mozbase/mozinstall
16:53:15     INFO -  Processing /builds/slave/test/build/tests/mozbase/mozleak
16:53:15     INFO -  Processing /builds/slave/test/build/tests/mozbase/mozlog
16:53:16     INFO -  Processing /builds/slave/test/build/tests/mozbase/moznetwork
16:53:16     INFO -  Processing /builds/slave/test/build/tests/mozbase/mozprocess
16:53:16     INFO -  Processing /builds/slave/test/build/tests/mozbase/mozprofile
16:53:17     INFO -  Processing /builds/slave/test/build/tests/mozbase/mozrunner
16:53:17     INFO -  Processing /builds/slave/test/build/tests/mozbase/mozscreenshot
16:53:17     INFO -  Processing /builds/slave/test/build/tests/mozbase/moztest
16:53:18     INFO -  Processing /builds/slave/test/build/tests/mozbase/mozversion
16:53:18     INFO -  Installing collected packages: manifestparser, mozcrash, mozdebug, mozdevice, mozfile, mozhttpd, mozinfo, mozInstall, mozleak, mozlog, moznetwork, mozprocess, mozprofile, mozrunner, mozscreenshot, moztest, mozversion
16:53:18     INFO -    Running setup.py install for manifestparser: started
16:53:19     INFO -      Running setup.py install for manifestparser: finished with status 'done'
16:53:19     INFO -    Running setup.py install for mozcrash: started
16:53:19     INFO -      Running setup.py install for mozcrash: finished with status 'done'
16:53:19     INFO -    Running setup.py install for mozdebug: started
16:53:19     INFO -      Running setup.py install for mozdebug: finished with status 'done'
16:53:19     INFO -    Running setup.py install for mozdevice: started
16:53:20     INFO -      Running setup.py install for mozdevice: finished with status 'done'
16:53:20     INFO -    Running setup.py install for mozfile: started
16:53:20     INFO -      Running setup.py install for mozfile: finished with status 'done'
16:53:20     INFO -    Running setup.py install for mozhttpd: started
16:53:21     INFO -      Running setup.py install for mozhttpd: finished with status 'done'
16:53:21     INFO -    Running setup.py install for mozinfo: started
16:53:21     INFO -      Running setup.py install for mozinfo: finished with status 'done'
16:53:21     INFO -    Running setup.py install for mozInstall: started
16:53:21     INFO -      Running setup.py install for mozInstall: finished with status 'done'
16:53:21     INFO -    Running setup.py install for mozleak: started
16:53:22     INFO -      Running setup.py install for mozleak: finished with status 'done'
16:53:22     INFO -    Running setup.py install for mozlog: started
16:53:22     INFO -      Running setup.py install for mozlog: finished with status 'done'
16:53:22     INFO -    Running setup.py install for moznetwork: started
16:53:23     INFO -      Running setup.py install for moznetwork: finished with status 'done'
16:53:23     INFO -    Running setup.py install for mozprocess: started
16:53:23     INFO -      Running setup.py install for mozprocess: finished with status 'done'
16:53:23     INFO -    Running setup.py install for mozprofile: started
16:53:24     INFO -      Running setup.py install for mozprofile: finished with status 'done'
16:53:24     INFO -    Running setup.py install for mozrunner: started
16:53:24     INFO -      Running setup.py install for mozrunner: finished with status 'done'
16:53:24     INFO -    Running setup.py install for mozscreenshot: started
16:53:25     INFO -      Running setup.py install for mozscreenshot: finished with status 'done'
16:53:25     INFO -    Running setup.py install for moztest: started
16:53:25     INFO -      Running setup.py install for moztest: finished with status 'done'
16:53:25     INFO -    Running setup.py install for mozversion: started
16:53:25     INFO -      Running setup.py install for mozversion: finished with status 'done'
16:53:26     INFO -  Successfully installed manifestparser-1.1 mozInstall-1.12 mozcrash-1.0 mozdebug-0.1 mozdevice-0.48 mozfile-1.2 mozhttpd-0.7 mozinfo-0.9 mozleak-0.1 mozlog-3.4 moznetwork-0.27 mozprocess-0.23 mozprofile-0.28 mozrunner-6.13 mozscreenshot-0.1 moztest-0.8 mozversion-1.4
16:53:26     INFO - Return code: 0
16:53:26     INFO - Installing None into virtualenv /builds/slave/test/build/venv
16:53:26     INFO - retry: Calling run_command with args: [['/builds/slave/test/build/venv/bin/pip', 'install', '--timeout', '120', '-r', '/builds/slave/test/build/tests/config/mozbase_requirements.txt', '--no-index', '--find-links', 'http://pypi.pvt.build.mozilla.org/pub', '--find-links', 'http://pypi.pub.build.mozilla.org/pub', '--trusted-host', 'pypi.pub.build.mozilla.org', '--trusted-host', 'pypi.pvt.build.mozilla.org']], kwargs: {'error_level': 'warning', 'error_list': [{'substr': 'not found or a compiler error:', 'level': 'warning'}, {'regex': <_sre.SRE_Pattern object at 0x7ff9a648b110>, 'level': 'error'}, {'regex': <_sre.SRE_Pattern object at 0x7ff9a6593e40>, 'level': 'warning'}, {'regex': <_sre.SRE_Pattern object at 0x22903e0>, 'level': 'debug'}, {'substr': 'command not found', 'level': 'error'}, {'regex': <_sre.SRE_Pattern object at 0x228ca90>, 'level': 'warning'}, {'substr': 'Traceback (most recent call last)', 'level': 'error'}, {'substr': 'SyntaxError: ', 'level': 'error'}, {'substr': 'TypeError: ', 'level': 'error'}, {'substr': 'NameError: ', 'level': 'error'}, {'substr': 'ZeroDivisionError: ', 'level': 'error'}, {'regex': <_sre.SRE_Pattern object at 0x228e3f0>, 'level': 'critical'}, {'regex': <_sre.SRE_Pattern object at 0x228e670>, 'level': 'critical'}], 'cwd': '/builds/slave/test/build/tests/config', 'env': {'TMOUT': '86400', 'LOGNAME': 'cltbld', 'USER': 'cltbld', 'HOME': '/home/cltbld', 'PATH': '/usr/local/bin:/usr/local/bin:/usr/bin:/bin:/usr/local/games:/usr/games', 'DISPLAY': ':0', 'CCACHE_UMASK': '002', 'LANG': 'en_US.UTF-8', 'TERM': 'linux', 'SHELL': '/bin/bash', 'MOZ_NODE_PATH': '/usr/bin/node', 'XDG_SESSION_COOKIE': '9ca12473fbb1d023794ffd180000023c-1528501916.320615-1747881629', 'SHLVL': '1', 'NO_FAIL_ON_TEST_ERRORS': '1', 'MOZ_NO_REMOTE': '1', 'MOZ_HIDE_RESULTS_TABLE': '1', 'MAIL': '/var/mail/cltbld', '_': '/tools/buildbot/bin/python', 'NODE_PATH': '/usr/lib/nodejs:/usr/lib/node_modules:/usr/share/javascript', 'PWD': '/builds/slave/test', 'PROPERTIES_FILE': '/builds/slave/test/buildprops.json', 'CCACHE_DIR': '/builds/ccache'}}, attempt #1
16:53:26     INFO - Running command: ['/builds/slave/test/build/venv/bin/pip', 'install', '--timeout', '120', '-r', '/builds/slave/test/build/tests/config/mozbase_requirements.txt', '--no-index', '--find-links', 'http://pypi.pvt.build.mozilla.org/pub', '--find-links', 'http://pypi.pub.build.mozilla.org/pub', '--trusted-host', 'pypi.pub.build.mozilla.org', '--trusted-host', 'pypi.pvt.build.mozilla.org'] in /builds/slave/test/build/tests/config
16:53:26     INFO - Copy/paste: /builds/slave/test/build/venv/bin/pip install --timeout 120 -r /builds/slave/test/build/tests/config/mozbase_requirements.txt --no-index --find-links http://pypi.pvt.build.mozilla.org/pub --find-links http://pypi.pub.build.mozilla.org/pub --trusted-host pypi.pub.build.mozilla.org --trusted-host pypi.pvt.build.mozilla.org
16:53:26     INFO - Using env: {'CCACHE_DIR': '/builds/ccache',
16:53:26     INFO -  'CCACHE_UMASK': '002',
16:53:26     INFO -  'DISPLAY': ':0',
16:53:26     INFO -  'HOME': '/home/cltbld',
16:53:26     INFO -  'LANG': 'en_US.UTF-8',
16:53:26     INFO -  'LOGNAME': 'cltbld',
16:53:26     INFO -  'MAIL': '/var/mail/cltbld',
16:53:26     INFO -  'MOZ_HIDE_RESULTS_TABLE': '1',
16:53:26     INFO -  'MOZ_NODE_PATH': '/usr/bin/node',
16:53:26     INFO -  'MOZ_NO_REMOTE': '1',
16:53:26     INFO -  'NODE_PATH': '/usr/lib/nodejs:/usr/lib/node_modules:/usr/share/javascript',
16:53:26     INFO -  'NO_FAIL_ON_TEST_ERRORS': '1',
16:53:26     INFO -  'PATH': '/usr/local/bin:/usr/local/bin:/usr/bin:/bin:/usr/local/games:/usr/games',
16:53:26     INFO -  'PROPERTIES_FILE': '/builds/slave/test/buildprops.json',
16:53:26     INFO -  'PWD': '/builds/slave/test',
16:53:26     INFO -  'SHELL': '/bin/bash',
16:53:26     INFO -  'SHLVL': '1',
16:53:26     INFO -  'TERM': 'linux',
16:53:26     INFO -  'TMOUT': '86400',
16:53:26     INFO -  'USER': 'cltbld',
16:53:26     INFO -  'XDG_SESSION_COOKIE': '9ca12473fbb1d023794ffd180000023c-1528501916.320615-1747881629',
16:53:26     INFO -  '_': '/tools/buildbot/bin/python'}
16:53:27     INFO -  Ignoring indexes: https://pypi.python.org/simple
16:53:27     INFO -  Processing /builds/slave/test/build/tests/mozbase/manifestparser
16:53:27     INFO -    Requirement already satisfied (use --upgrade to upgrade): manifestparser==1.1 from file:///builds/slave/test/build/tests/mozbase/manifestparser in /builds/slave/test/build/venv/lib/python2.7/site-packages (from -r /builds/slave/test/build/tests/config/mozbase_requirements.txt (line 1))
16:53:27     INFO -  Processing /builds/slave/test/build/tests/mozbase/mozcrash
16:53:28     INFO -    Requirement already satisfied (use --upgrade to upgrade): mozcrash==1.0 from file:///builds/slave/test/build/tests/mozbase/mozcrash in /builds/slave/test/build/venv/lib/python2.7/site-packages (from -r /builds/slave/test/build/tests/config/mozbase_requirements.txt (line 2))
16:53:28     INFO -  Processing /builds/slave/test/build/tests/mozbase/mozdebug
16:53:28     INFO -    Requirement already satisfied (use --upgrade to upgrade): mozdebug==0.1 from file:///builds/slave/test/build/tests/mozbase/mozdebug in /builds/slave/test/build/venv/lib/python2.7/site-packages (from -r /builds/slave/test/build/tests/config/mozbase_requirements.txt (line 3))
16:53:28     INFO -  Processing /builds/slave/test/build/tests/mozbase/mozdevice
16:53:29     INFO -    Requirement already satisfied (use --upgrade to upgrade): mozdevice==0.48 from file:///builds/slave/test/build/tests/mozbase/mozdevice in /builds/slave/test/build/venv/lib/python2.7/site-packages (from -r /builds/slave/test/build/tests/config/mozbase_requirements.txt (line 4))
16:53:29     INFO -  Processing /builds/slave/test/build/tests/mozbase/mozfile
16:53:29     INFO -    Requirement already satisfied (use --upgrade to upgrade): mozfile==1.2 from file:///builds/slave/test/build/tests/mozbase/mozfile in /builds/slave/test/build/venv/lib/python2.7/site-packages (from -r /builds/slave/test/build/tests/config/mozbase_requirements.txt (line 5))
16:53:29     INFO -  Processing /builds/slave/test/build/tests/mozbase/mozhttpd
16:53:29     INFO -    Requirement already satisfied (use --upgrade to upgrade): mozhttpd==0.7 from file:///builds/slave/test/build/tests/mozbase/mozhttpd in /builds/slave/test/build/venv/lib/python2.7/site-packages (from -r /builds/slave/test/build/tests/config/mozbase_requirements.txt (line 6))
16:53:29     INFO -  Processing /builds/slave/test/build/tests/mozbase/mozinfo
16:53:30     INFO -    Requirement already satisfied (use --upgrade to upgrade): mozinfo==0.9 from file:///builds/slave/test/build/tests/mozbase/mozinfo in /builds/slave/test/build/venv/lib/python2.7/site-packages (from -r /builds/slave/test/build/tests/config/mozbase_requirements.txt (line 7))
16:53:30     INFO -  Processing /builds/slave/test/build/tests/mozbase/mozinstall
16:53:30     INFO -    Requirement already satisfied (use --upgrade to upgrade): mozInstall==1.12 from file:///builds/slave/test/build/tests/mozbase/mozinstall in /builds/slave/test/build/venv/lib/python2.7/site-packages (from -r /builds/slave/test/build/tests/config/mozbase_requirements.txt (line 8))
16:53:30     INFO -  Processing /builds/slave/test/build/tests/mozbase/mozleak
16:53:30     INFO -    Requirement already satisfied (use --upgrade to upgrade): mozleak==0.1 from file:///builds/slave/test/build/tests/mozbase/mozleak in /builds/slave/test/build/venv/lib/python2.7/site-packages (from -r /builds/slave/test/build/tests/config/mozbase_requirements.txt (line 9))
16:53:30     INFO -  Processing /builds/slave/test/build/tests/mozbase/mozlog
16:53:31     INFO -    Requirement already satisfied (use --upgrade to upgrade): mozlog==3.4 from file:///builds/slave/test/build/tests/mozbase/mozlog in /builds/slave/test/build/venv/lib/python2.7/site-packages (from -r /builds/slave/test/build/tests/config/mozbase_requirements.txt (line 10))
16:53:31     INFO -  Processing /builds/slave/test/build/tests/mozbase/moznetwork
16:53:31     INFO -    Requirement already satisfied (use --upgrade to upgrade): moznetwork==0.27 from file:///builds/slave/test/build/tests/mozbase/moznetwork in /builds/slave/test/build/venv/lib/python2.7/site-packages (from -r /builds/slave/test/build/tests/config/mozbase_requirements.txt (line 11))
16:53:31     INFO -  Processing /builds/slave/test/build/tests/mozbase/mozprocess
16:53:31     INFO -    Requirement already satisfied (use --upgrade to upgrade): mozprocess==0.23 from file:///builds/slave/test/build/tests/mozbase/mozprocess in /builds/slave/test/build/venv/lib/python2.7/site-packages (from -r /builds/slave/test/build/tests/config/mozbase_requirements.txt (line 12))
16:53:31     INFO -  Processing /builds/slave/test/build/tests/mozbase/mozprofile
16:53:32     INFO -    Requirement already satisfied (use --upgrade to upgrade): mozprofile==0.28 from file:///builds/slave/test/build/tests/mozbase/mozprofile in /builds/slave/test/build/venv/lib/python2.7/site-packages (from -r /builds/slave/test/build/tests/config/mozbase_requirements.txt (line 13))
16:53:32     INFO -  Processing /builds/slave/test/build/tests/mozbase/mozrunner
16:53:32     INFO -    Requirement already satisfied (use --upgrade to upgrade): mozrunner==6.13 from file:///builds/slave/test/build/tests/mozbase/mozrunner in /builds/slave/test/build/venv/lib/python2.7/site-packages (from -r /builds/slave/test/build/tests/config/mozbase_requirements.txt (line 14))
16:53:32     INFO -  Processing /builds/slave/test/build/tests/mozbase/mozscreenshot
16:53:33     INFO -    Requirement already satisfied (use --upgrade to upgrade): mozscreenshot==0.1 from file:///builds/slave/test/build/tests/mozbase/mozscreenshot in /builds/slave/test/build/venv/lib/python2.7/site-packages (from -r /builds/slave/test/build/tests/config/mozbase_requirements.txt (line 15))
16:53:33     INFO -  Processing /builds/slave/test/build/tests/mozbase/moztest
16:53:33     INFO -    Requirement already satisfied (use --upgrade to upgrade): moztest==0.8 from file:///builds/slave/test/build/tests/mozbase/moztest in /builds/slave/test/build/venv/lib/python2.7/site-packages (from -r /builds/slave/test/build/tests/config/mozbase_requirements.txt (line 16))
16:53:33     INFO -  Processing /builds/slave/test/build/tests/mozbase/mozversion
16:53:33     INFO -    Requirement already satisfied (use --upgrade to upgrade): mozversion==1.4 from file:///builds/slave/test/build/tests/mozbase/mozversion in /builds/slave/test/build/venv/lib/python2.7/site-packages (from -r /builds/slave/test/build/tests/config/mozbase_requirements.txt (line 17))
16:53:33     INFO -  Requirement already satisfied (use --upgrade to upgrade): mozfile>=1.0 in /builds/slave/test/build/venv/lib/python2.7/site-packages (from mozcrash==1.0->-r /builds/slave/test/build/tests/config/mozbase_requirements.txt (line 2))
16:53:33     INFO -  Requirement already satisfied (use --upgrade to upgrade): mozlog>=3.0 in /builds/slave/test/build/venv/lib/python2.7/site-packages (from mozcrash==1.0->-r /builds/slave/test/build/tests/config/mozbase_requirements.txt (line 2))
16:53:33     INFO -  Requirement already satisfied (use --upgrade to upgrade): mozinfo in /builds/slave/test/build/venv/lib/python2.7/site-packages (from mozdebug==0.1->-r /builds/slave/test/build/tests/config/mozbase_requirements.txt (line 3))
16:53:33     INFO -  Requirement already satisfied (use --upgrade to upgrade): moznetwork>=0.24 in /builds/slave/test/build/venv/lib/python2.7/site-packages (from mozdevice==0.48->-r /builds/slave/test/build/tests/config/mozbase_requirements.txt (line 4))
16:53:33     INFO -  Requirement already satisfied (use --upgrade to upgrade): mozprocess>=0.19 in /builds/slave/test/build/venv/lib/python2.7/site-packages (from mozdevice==0.48->-r /builds/slave/test/build/tests/config/mozbase_requirements.txt (line 4))
16:53:33     INFO -  Collecting blessings>=1.3 (from mozlog==3.4->-r /builds/slave/test/build/tests/config/mozbase_requirements.txt (line 10))
16:53:33     INFO -  /builds/slave/test/build/venv/lib/python2.7/site-packages/pip/_vendor/requests/packages/urllib3/util/ssl_.py:318: SNIMissingWarning: An HTTPS request has been made, but the SNI (Subject Name Indication) extension to TLS is not available on this platform. This may cause the server to present an incorrect TLS certificate, which can cause validation failures. You can upgrade to a newer version of Python to solve this. For more information, see https://urllib3.readthedocs.org/en/latest/security.html#snimissingwarning.
16:53:33     INFO -    SNIMissingWarning
16:53:33     INFO -  /builds/slave/test/build/venv/lib/python2.7/site-packages/pip/_vendor/requests/packages/urllib3/util/ssl_.py:122: InsecurePlatformWarning: A true SSLContext object is not available. This prevents urllib3 from configuring SSL appropriately and may cause certain SSL connections to fail. You can upgrade to a newer version of Python to solve this. For more information, see https://urllib3.readthedocs.org/en/latest/security.html#insecureplatformwarning.
16:53:33     INFO -    InsecurePlatformWarning
16:53:35     INFO -  /builds/slave/test/build/venv/lib/python2.7/site-packages/pip/_vendor/requests/packages/urllib3/util/ssl_.py:122: InsecurePlatformWarning: A true SSLContext object is not available. This prevents urllib3 from configuring SSL appropriately and may cause certain SSL connections to fail. You can upgrade to a newer version of Python to solve this. For more information, see https://urllib3.readthedocs.org/en/latest/security.html#insecureplatformwarning.
16:53:35     INFO -    InsecurePlatformWarning
16:53:38     INFO -    Downloading https://pypi.pvt.build.mozilla.org/pub/blessings-1.6.tar.gz
16:53:39     INFO -  Building wheels for collected packages: blessings
16:53:39     INFO -    Running setup.py bdist_wheel for blessings: started
16:53:39     INFO -    Running setup.py bdist_wheel for blessings: finished with status 'done'
16:53:39     INFO -    Stored in directory: /home/cltbld/.cache/pip/wheels/fb/37/ae/c6b15ed5da2ead5847df54c8319487050d4dcc950c9795eae9
16:53:39     INFO -  Successfully built blessings
16:53:39     INFO -  Installing collected packages: blessings
16:53:39     INFO -  Successfully installed blessings-1.6
16:53:39     INFO - Return code: 0
16:53:39     INFO - Installing pip>=1.5 into virtualenv /builds/slave/test/build/venv
16:53:40     INFO - retry: Calling run_command with args: [['/builds/slave/test/build/venv/bin/pip', 'install', '--timeout', '120', '--no-index', '--find-links', 'http://pypi.pvt.build.mozilla.org/pub', '--find-links', 'http://pypi.pub.build.mozilla.org/pub', '--trusted-host', 'pypi.pub.build.mozilla.org', '--trusted-host', 'pypi.pvt.build.mozilla.org', 'pip>=1.5']], kwargs: {'error_level': 'warning', 'error_list': [{'substr': 'not found or a compiler error:', 'level': 'warning'}, {'regex': <_sre.SRE_Pattern object at 0x7ff9a648b110>, 'level': 'error'}, {'regex': <_sre.SRE_Pattern object at 0x7ff9a6593e40>, 'level': 'warning'}, {'regex': <_sre.SRE_Pattern object at 0x22903e0>, 'level': 'debug'}, {'substr': 'command not found', 'level': 'error'}, {'regex': <_sre.SRE_Pattern object at 0x228ca90>, 'level': 'warning'}, {'substr': 'Traceback (most recent call last)', 'level': 'error'}, {'substr': 'SyntaxError: ', 'level': 'error'}, {'substr': 'TypeError: ', 'level': 'error'}, {'substr': 'NameError: ', 'level': 'error'}, {'substr': 'ZeroDivisionError: ', 'level': 'error'}, {'regex': <_sre.SRE_Pattern object at 0x228e3f0>, 'level': 'critical'}, {'regex': <_sre.SRE_Pattern object at 0x228e670>, 'level': 'critical'}], 'cwd': '/builds/slave/test/build', 'env': {'TMOUT': '86400', 'LOGNAME': 'cltbld', 'USER': 'cltbld', 'HOME': '/home/cltbld', 'PATH': '/usr/local/bin:/usr/local/bin:/usr/bin:/bin:/usr/local/games:/usr/games', 'DISPLAY': ':0', 'CCACHE_UMASK': '002', 'LANG': 'en_US.UTF-8', 'TERM': 'linux', 'SHELL': '/bin/bash', 'MOZ_NODE_PATH': '/usr/bin/node', 'XDG_SESSION_COOKIE': '9ca12473fbb1d023794ffd180000023c-1528501916.320615-1747881629', 'SHLVL': '1', 'NO_FAIL_ON_TEST_ERRORS': '1', 'MOZ_NO_REMOTE': '1', 'MOZ_HIDE_RESULTS_TABLE': '1', 'MAIL': '/var/mail/cltbld', '_': '/tools/buildbot/bin/python', 'NODE_PATH': '/usr/lib/nodejs:/usr/lib/node_modules:/usr/share/javascript', 'PWD': '/builds/slave/test', 'PROPERTIES_FILE': '/builds/slave/test/buildprops.json', 'CCACHE_DIR': '/builds/ccache'}}, attempt #1
16:53:40     INFO - Running command: ['/builds/slave/test/build/venv/bin/pip', 'install', '--timeout', '120', '--no-index', '--find-links', 'http://pypi.pvt.build.mozilla.org/pub', '--find-links', 'http://pypi.pub.build.mozilla.org/pub', '--trusted-host', 'pypi.pub.build.mozilla.org', '--trusted-host', 'pypi.pvt.build.mozilla.org', 'pip>=1.5'] in /builds/slave/test/build
16:53:40     INFO - Copy/paste: /builds/slave/test/build/venv/bin/pip install --timeout 120 --no-index --find-links http://pypi.pvt.build.mozilla.org/pub --find-links http://pypi.pub.build.mozilla.org/pub --trusted-host pypi.pub.build.mozilla.org --trusted-host pypi.pvt.build.mozilla.org pip>=1.5
16:53:40     INFO - Using env: {'CCACHE_DIR': '/builds/ccache',
16:53:40     INFO -  'CCACHE_UMASK': '002',
16:53:40     INFO -  'DISPLAY': ':0',
16:53:40     INFO -  'HOME': '/home/cltbld',
16:53:40     INFO -  'LANG': 'en_US.UTF-8',
16:53:40     INFO -  'LOGNAME': 'cltbld',
16:53:40     INFO -  'MAIL': '/var/mail/cltbld',
16:53:40     INFO -  'MOZ_HIDE_RESULTS_TABLE': '1',
16:53:40     INFO -  'MOZ_NODE_PATH': '/usr/bin/node',
16:53:40     INFO -  'MOZ_NO_REMOTE': '1',
16:53:40     INFO -  'NODE_PATH': '/usr/lib/nodejs:/usr/lib/node_modules:/usr/share/javascript',
16:53:40     INFO -  'NO_FAIL_ON_TEST_ERRORS': '1',
16:53:40     INFO -  'PATH': '/usr/local/bin:/usr/local/bin:/usr/bin:/bin:/usr/local/games:/usr/games',
16:53:40     INFO -  'PROPERTIES_FILE': '/builds/slave/test/buildprops.json',
16:53:40     INFO -  'PWD': '/builds/slave/test',
16:53:40     INFO -  'SHELL': '/bin/bash',
16:53:40     INFO -  'SHLVL': '1',
16:53:40     INFO -  'TERM': 'linux',
16:53:40     INFO -  'TMOUT': '86400',
16:53:40     INFO -  'USER': 'cltbld',
16:53:40     INFO -  'XDG_SESSION_COOKIE': '9ca12473fbb1d023794ffd180000023c-1528501916.320615-1747881629',
16:53:40     INFO -  '_': '/tools/buildbot/bin/python'}
16:53:40     INFO -  Ignoring indexes: https://pypi.python.org/simple
16:53:40     INFO -  Requirement already satisfied (use --upgrade to upgrade): pip>=1.5 in ./venv/lib/python2.7/site-packages
16:53:40     INFO - Return code: 0
16:53:40     INFO - Installing psutil==3.1.1 into virtualenv /builds/slave/test/build/venv
16:53:41     INFO - retry: Calling run_command with args: [['/builds/slave/test/build/venv/bin/pip', 'install', '--timeout', '120', '--no-index', '--find-links', 'http://pypi.pvt.build.mozilla.org/pub', '--find-links', 'http://pypi.pub.build.mozilla.org/pub', '--trusted-host', 'pypi.pub.build.mozilla.org', '--trusted-host', 'pypi.pvt.build.mozilla.org', 'psutil==3.1.1']], kwargs: {'error_level': 'warning', 'error_list': [{'substr': 'not found or a compiler error:', 'level': 'warning'}, {'regex': <_sre.SRE_Pattern object at 0x7ff9a648b110>, 'level': 'error'}, {'regex': <_sre.SRE_Pattern object at 0x7ff9a6593e40>, 'level': 'warning'}, {'regex': <_sre.SRE_Pattern object at 0x22903e0>, 'level': 'debug'}, {'substr': 'command not found', 'level': 'error'}, {'regex': <_sre.SRE_Pattern object at 0x228ca90>, 'level': 'warning'}, {'substr': 'Traceback (most recent call last)', 'level': 'error'}, {'substr': 'SyntaxError: ', 'level': 'error'}, {'substr': 'TypeError: ', 'level': 'error'}, {'substr': 'NameError: ', 'level': 'error'}, {'substr': 'ZeroDivisionError: ', 'level': 'error'}, {'regex': <_sre.SRE_Pattern object at 0x228e3f0>, 'level': 'critical'}, {'regex': <_sre.SRE_Pattern object at 0x228e670>, 'level': 'critical'}], 'cwd': '/builds/slave/test/build', 'env': {'TMOUT': '86400', 'LOGNAME': 'cltbld', 'USER': 'cltbld', 'HOME': '/home/cltbld', 'PATH': '/usr/local/bin:/usr/local/bin:/usr/bin:/bin:/usr/local/games:/usr/games', 'DISPLAY': ':0', 'CCACHE_UMASK': '002', 'LANG': 'en_US.UTF-8', 'TERM': 'linux', 'SHELL': '/bin/bash', 'MOZ_NODE_PATH': '/usr/bin/node', 'XDG_SESSION_COOKIE': '9ca12473fbb1d023794ffd180000023c-1528501916.320615-1747881629', 'SHLVL': '1', 'NO_FAIL_ON_TEST_ERRORS': '1', 'MOZ_NO_REMOTE': '1', 'MOZ_HIDE_RESULTS_TABLE': '1', 'MAIL': '/var/mail/cltbld', '_': '/tools/buildbot/bin/python', 'NODE_PATH': '/usr/lib/nodejs:/usr/lib/node_modules:/usr/share/javascript', 'PWD': '/builds/slave/test', 'PROPERTIES_FILE': '/builds/slave/test/buildprops.json', 'CCACHE_DIR': '/builds/ccache'}}, attempt #1
16:53:41     INFO - Running command: ['/builds/slave/test/build/venv/bin/pip', 'install', '--timeout', '120', '--no-index', '--find-links', 'http://pypi.pvt.build.mozilla.org/pub', '--find-links', 'http://pypi.pub.build.mozilla.org/pub', '--trusted-host', 'pypi.pub.build.mozilla.org', '--trusted-host', 'pypi.pvt.build.mozilla.org', 'psutil==3.1.1'] in /builds/slave/test/build
16:53:41     INFO - Copy/paste: /builds/slave/test/build/venv/bin/pip install --timeout 120 --no-index --find-links http://pypi.pvt.build.mozilla.org/pub --find-links http://pypi.pub.build.mozilla.org/pub --trusted-host pypi.pub.build.mozilla.org --trusted-host pypi.pvt.build.mozilla.org psutil==3.1.1
16:53:41     INFO - Using env: {'CCACHE_DIR': '/builds/ccache',
16:53:41     INFO -  'CCACHE_UMASK': '002',
16:53:41     INFO -  'DISPLAY': ':0',
16:53:41     INFO -  'HOME': '/home/cltbld',
16:53:41     INFO -  'LANG': 'en_US.UTF-8',
16:53:41     INFO -  'LOGNAME': 'cltbld',
16:53:41     INFO -  'MAIL': '/var/mail/cltbld',
16:53:41     INFO -  'MOZ_HIDE_RESULTS_TABLE': '1',
16:53:41     INFO -  'MOZ_NODE_PATH': '/usr/bin/node',
16:53:41     INFO -  'MOZ_NO_REMOTE': '1',
16:53:41     INFO -  'NODE_PATH': '/usr/lib/nodejs:/usr/lib/node_modules:/usr/share/javascript',
16:53:41     INFO -  'NO_FAIL_ON_TEST_ERRORS': '1',
16:53:41     INFO -  'PATH': '/usr/local/bin:/usr/local/bin:/usr/bin:/bin:/usr/local/games:/usr/games',
16:53:41     INFO -  'PROPERTIES_FILE': '/builds/slave/test/buildprops.json',
16:53:41     INFO -  'PWD': '/builds/slave/test',
16:53:41     INFO -  'SHELL': '/bin/bash',
16:53:41     INFO -  'SHLVL': '1',
16:53:41     INFO -  'TERM': 'linux',
16:53:41     INFO -  'TMOUT': '86400',
16:53:41     INFO -  'USER': 'cltbld',
16:53:41     INFO -  'XDG_SESSION_COOKIE': '9ca12473fbb1d023794ffd180000023c-1528501916.320615-1747881629',
16:53:41     INFO -  '_': '/tools/buildbot/bin/python'}
16:53:41     INFO -  Ignoring indexes: https://pypi.python.org/simple
16:53:41     INFO -  Collecting psutil==3.1.1
16:53:41     INFO -  /builds/slave/test/build/venv/lib/python2.7/site-packages/pip/_vendor/requests/packages/urllib3/util/ssl_.py:318: SNIMissingWarning: An HTTPS request has been made, but the SNI (Subject Name Indication) extension to TLS is not available on this platform. This may cause the server to present an incorrect TLS certificate, which can cause validation failures. You can upgrade to a newer version of Python to solve this. For more information, see https://urllib3.readthedocs.org/en/latest/security.html#snimissingwarning.
16:53:41     INFO -    SNIMissingWarning
16:53:41     INFO -  /builds/slave/test/build/venv/lib/python2.7/site-packages/pip/_vendor/requests/packages/urllib3/util/ssl_.py:122: InsecurePlatformWarning: A true SSLContext object is not available. This prevents urllib3 from configuring SSL appropriately and may cause certain SSL connections to fail. You can upgrade to a newer version of Python to solve this. For more information, see https://urllib3.readthedocs.org/en/latest/security.html#insecureplatformwarning.
16:53:41     INFO -    InsecurePlatformWarning
16:53:43     INFO -  /builds/slave/test/build/venv/lib/python2.7/site-packages/pip/_vendor/requests/packages/urllib3/util/ssl_.py:122: InsecurePlatformWarning: A true SSLContext object is not available. This prevents urllib3 from configuring SSL appropriately and may cause certain SSL connections to fail. You can upgrade to a newer version of Python to solve this. For more information, see https://urllib3.readthedocs.org/en/latest/security.html#insecureplatformwarning.
16:53:43     INFO -    InsecurePlatformWarning
16:53:46     INFO -    Downloading https://pypi.pvt.build.mozilla.org/pub/psutil-3.1.1.tar.gz (247kB)
16:53:47     INFO -  Building wheels for collected packages: psutil
16:53:47     INFO -    Running setup.py bdist_wheel for psutil: started
16:53:48     INFO -    Running setup.py bdist_wheel for psutil: finished with status 'done'
16:53:48     INFO -    Stored in directory: /home/cltbld/.cache/pip/wheels/1e/e6/25/f0494673fc8d727828e74362e3beb4cbaf34d8be516156ba0c
16:53:48     INFO -  Successfully built psutil
16:53:48     INFO -  Installing collected packages: psutil
16:53:48     INFO -    Found existing installation: psutil 5.4.3
16:53:48     INFO -      Uninstalling psutil-5.4.3:
16:53:48     INFO -        Successfully uninstalled psutil-5.4.3
16:53:48     INFO -  Successfully installed psutil-3.1.1
16:53:49     INFO - Return code: 0
16:53:49     INFO - Installing mock into virtualenv /builds/slave/test/build/venv
16:53:49     INFO - retry: Calling run_command with args: [['/builds/slave/test/build/venv/bin/pip', 'install', '--timeout', '120', '--no-index', '--find-links', 'http://pypi.pvt.build.mozilla.org/pub', '--find-links', 'http://pypi.pub.build.mozilla.org/pub', '--trusted-host', 'pypi.pub.build.mozilla.org', '--trusted-host', 'pypi.pvt.build.mozilla.org', 'mock']], kwargs: {'error_level': 'warning', 'error_list': [{'substr': 'not found or a compiler error:', 'level': 'warning'}, {'regex': <_sre.SRE_Pattern object at 0x7ff9a648b110>, 'level': 'error'}, {'regex': <_sre.SRE_Pattern object at 0x7ff9a6593e40>, 'level': 'warning'}, {'regex': <_sre.SRE_Pattern object at 0x22903e0>, 'level': 'debug'}, {'substr': 'command not found', 'level': 'error'}, {'regex': <_sre.SRE_Pattern object at 0x228ca90>, 'level': 'warning'}, {'substr': 'Traceback (most recent call last)', 'level': 'error'}, {'substr': 'SyntaxError: ', 'level': 'error'}, {'substr': 'TypeError: ', 'level': 'error'}, {'substr': 'NameError: ', 'level': 'error'}, {'substr': 'ZeroDivisionError: ', 'level': 'error'}, {'regex': <_sre.SRE_Pattern object at 0x228e3f0>, 'level': 'critical'}, {'regex': <_sre.SRE_Pattern object at 0x228e670>, 'level': 'critical'}], 'cwd': '/builds/slave/test/build', 'env': {'TMOUT': '86400', 'LOGNAME': 'cltbld', 'USER': 'cltbld', 'HOME': '/home/cltbld', 'PATH': '/usr/local/bin:/usr/local/bin:/usr/bin:/bin:/usr/local/games:/usr/games', 'DISPLAY': ':0', 'CCACHE_UMASK': '002', 'LANG': 'en_US.UTF-8', 'TERM': 'linux', 'SHELL': '/bin/bash', 'MOZ_NODE_PATH': '/usr/bin/node', 'XDG_SESSION_COOKIE': '9ca12473fbb1d023794ffd180000023c-1528501916.320615-1747881629', 'SHLVL': '1', 'NO_FAIL_ON_TEST_ERRORS': '1', 'MOZ_NO_REMOTE': '1', 'MOZ_HIDE_RESULTS_TABLE': '1', 'MAIL': '/var/mail/cltbld', '_': '/tools/buildbot/bin/python', 'NODE_PATH': '/usr/lib/nodejs:/usr/lib/node_modules:/usr/share/javascript', 'PWD': '/builds/slave/test', 'PROPERTIES_FILE': '/builds/slave/test/buildprops.json', 'CCACHE_DIR': '/builds/ccache'}}, attempt #1
16:53:49     INFO - Running command: ['/builds/slave/test/build/venv/bin/pip', 'install', '--timeout', '120', '--no-index', '--find-links', 'http://pypi.pvt.build.mozilla.org/pub', '--find-links', 'http://pypi.pub.build.mozilla.org/pub', '--trusted-host', 'pypi.pub.build.mozilla.org', '--trusted-host', 'pypi.pvt.build.mozilla.org', 'mock'] in /builds/slave/test/build
16:53:49     INFO - Copy/paste: /builds/slave/test/build/venv/bin/pip install --timeout 120 --no-index --find-links http://pypi.pvt.build.mozilla.org/pub --find-links http://pypi.pub.build.mozilla.org/pub --trusted-host pypi.pub.build.mozilla.org --trusted-host pypi.pvt.build.mozilla.org mock
16:53:49     INFO - Using env: {'CCACHE_DIR': '/builds/ccache',
16:53:49     INFO -  'CCACHE_UMASK': '002',
16:53:49     INFO -  'DISPLAY': ':0',
16:53:49     INFO -  'HOME': '/home/cltbld',
16:53:49     INFO -  'LANG': 'en_US.UTF-8',
16:53:49     INFO -  'LOGNAME': 'cltbld',
16:53:49     INFO -  'MAIL': '/var/mail/cltbld',
16:53:49     INFO -  'MOZ_HIDE_RESULTS_TABLE': '1',
16:53:49     INFO -  'MOZ_NODE_PATH': '/usr/bin/node',
16:53:49     INFO -  'MOZ_NO_REMOTE': '1',
16:53:49     INFO -  'NODE_PATH': '/usr/lib/nodejs:/usr/lib/node_modules:/usr/share/javascript',
16:53:49     INFO -  'NO_FAIL_ON_TEST_ERRORS': '1',
16:53:49     INFO -  'PATH': '/usr/local/bin:/usr/local/bin:/usr/bin:/bin:/usr/local/games:/usr/games',
16:53:49     INFO -  'PROPERTIES_FILE': '/builds/slave/test/buildprops.json',
16:53:49     INFO -  'PWD': '/builds/slave/test',
16:53:49     INFO -  'SHELL': '/bin/bash',
16:53:49     INFO -  'SHLVL': '1',
16:53:49     INFO -  'TERM': 'linux',
16:53:49     INFO -  'TMOUT': '86400',
16:53:49     INFO -  'USER': 'cltbld',
16:53:49     INFO -  'XDG_SESSION_COOKIE': '9ca12473fbb1d023794ffd180000023c-1528501916.320615-1747881629',
16:53:49     INFO -  '_': '/tools/buildbot/bin/python'}
16:53:50     INFO -  Ignoring indexes: https://pypi.python.org/simple
16:53:50     INFO -  Collecting mock
16:53:50     INFO -  /builds/slave/test/build/venv/lib/python2.7/site-packages/pip/_vendor/requests/packages/urllib3/util/ssl_.py:318: SNIMissingWarning: An HTTPS request has been made, but the SNI (Subject Name Indication) extension to TLS is not available on this platform. This may cause the server to present an incorrect TLS certificate, which can cause validation failures. You can upgrade to a newer version of Python to solve this. For more information, see https://urllib3.readthedocs.org/en/latest/security.html#snimissingwarning.
16:53:50     INFO -    SNIMissingWarning
16:53:50     INFO -  /builds/slave/test/build/venv/lib/python2.7/site-packages/pip/_vendor/requests/packages/urllib3/util/ssl_.py:122: InsecurePlatformWarning: A true SSLContext object is not available. This prevents urllib3 from configuring SSL appropriately and may cause certain SSL connections to fail. You can upgrade to a newer version of Python to solve this. For more information, see https://urllib3.readthedocs.org/en/latest/security.html#insecureplatformwarning.
16:53:50     INFO -    InsecurePlatformWarning
16:53:51     INFO -  /builds/slave/test/build/venv/lib/python2.7/site-packages/pip/_vendor/requests/packages/urllib3/util/ssl_.py:122: InsecurePlatformWarning: A true SSLContext object is not available. This prevents urllib3 from configuring SSL appropriately and may cause certain SSL connections to fail. You can upgrade to a newer version of Python to solve this. For more information, see https://urllib3.readthedocs.org/en/latest/security.html#insecureplatformwarning.
16:53:51     INFO -    InsecurePlatformWarning
16:53:55     INFO -    Downloading https://pypi.pvt.build.mozilla.org/pub/mock-1.0.1.tar.gz (818kB)
16:53:56     INFO -  Building wheels for collected packages: mock
16:53:56     INFO -    Running setup.py bdist_wheel for mock: started
16:53:56     INFO -    Running setup.py bdist_wheel for mock: finished with status 'done'
16:53:56     INFO -    Stored in directory: /home/cltbld/.cache/pip/wheels/42/d3/87/79283a2f50dfedbfad996edf7028483b27c5953e56856af7d0
16:53:56     INFO -  Successfully built mock
16:53:56     INFO -  Installing collected packages: mock
16:53:57     INFO -  Successfully installed mock-1.0.1
16:53:57     INFO - Return code: 0
16:53:57     INFO - Installing simplejson into virtualenv /builds/slave/test/build/venv
16:53:57     INFO - retry: Calling run_command with args: [['/builds/slave/test/build/venv/bin/pip', 'install', '--timeout', '120', '--no-index', '--find-links', 'http://pypi.pvt.build.mozilla.org/pub', '--find-links', 'http://pypi.pub.build.mozilla.org/pub', '--trusted-host', 'pypi.pub.build.mozilla.org', '--trusted-host', 'pypi.pvt.build.mozilla.org', 'simplejson']], kwargs: {'error_level': 'warning', 'error_list': [{'substr': 'not found or a compiler error:', 'level': 'warning'}, {'regex': <_sre.SRE_Pattern object at 0x7ff9a648b110>, 'level': 'error'}, {'regex': <_sre.SRE_Pattern object at 0x7ff9a6593e40>, 'level': 'warning'}, {'regex': <_sre.SRE_Pattern object at 0x22903e0>, 'level': 'debug'}, {'substr': 'command not found', 'level': 'error'}, {'regex': <_sre.SRE_Pattern object at 0x228ca90>, 'level': 'warning'}, {'substr': 'Traceback (most recent call last)', 'level': 'error'}, {'substr': 'SyntaxError: ', 'level': 'error'}, {'substr': 'TypeError: ', 'level': 'error'}, {'substr': 'NameError: ', 'level': 'error'}, {'substr': 'ZeroDivisionError: ', 'level': 'error'}, {'regex': <_sre.SRE_Pattern object at 0x228e3f0>, 'level': 'critical'}, {'regex': <_sre.SRE_Pattern object at 0x228e670>, 'level': 'critical'}], 'cwd': '/builds/slave/test/build', 'env': {'TMOUT': '86400', 'LOGNAME': 'cltbld', 'USER': 'cltbld', 'HOME': '/home/cltbld', 'PATH': '/usr/local/bin:/usr/local/bin:/usr/bin:/bin:/usr/local/games:/usr/games', 'DISPLAY': ':0', 'CCACHE_UMASK': '002', 'LANG': 'en_US.UTF-8', 'TERM': 'linux', 'SHELL': '/bin/bash', 'MOZ_NODE_PATH': '/usr/bin/node', 'XDG_SESSION_COOKIE': '9ca12473fbb1d023794ffd180000023c-1528501916.320615-1747881629', 'SHLVL': '1', 'NO_FAIL_ON_TEST_ERRORS': '1', 'MOZ_NO_REMOTE': '1', 'MOZ_HIDE_RESULTS_TABLE': '1', 'MAIL': '/var/mail/cltbld', '_': '/tools/buildbot/bin/python', 'NODE_PATH': '/usr/lib/nodejs:/usr/lib/node_modules:/usr/share/javascript', 'PWD': '/builds/slave/test', 'PROPERTIES_FILE': '/builds/slave/test/buildprops.json', 'CCACHE_DIR': '/builds/ccache'}}, attempt #1
16:53:57     INFO - Running command: ['/builds/slave/test/build/venv/bin/pip', 'install', '--timeout', '120', '--no-index', '--find-links', 'http://pypi.pvt.build.mozilla.org/pub', '--find-links', 'http://pypi.pub.build.mozilla.org/pub', '--trusted-host', 'pypi.pub.build.mozilla.org', '--trusted-host', 'pypi.pvt.build.mozilla.org', 'simplejson'] in /builds/slave/test/build
16:53:57     INFO - Copy/paste: /builds/slave/test/build/venv/bin/pip install --timeout 120 --no-index --find-links http://pypi.pvt.build.mozilla.org/pub --find-links http://pypi.pub.build.mozilla.org/pub --trusted-host pypi.pub.build.mozilla.org --trusted-host pypi.pvt.build.mozilla.org simplejson
16:53:57     INFO - Using env: {'CCACHE_DIR': '/builds/ccache',
16:53:57     INFO -  'CCACHE_UMASK': '002',
16:53:57     INFO -  'DISPLAY': ':0',
16:53:57     INFO -  'HOME': '/home/cltbld',
16:53:57     INFO -  'LANG': 'en_US.UTF-8',
16:53:57     INFO -  'LOGNAME': 'cltbld',
16:53:57     INFO -  'MAIL': '/var/mail/cltbld',
16:53:57     INFO -  'MOZ_HIDE_RESULTS_TABLE': '1',
16:53:57     INFO -  'MOZ_NODE_PATH': '/usr/bin/node',
16:53:57     INFO -  'MOZ_NO_REMOTE': '1',
16:53:57     INFO -  'NODE_PATH': '/usr/lib/nodejs:/usr/lib/node_modules:/usr/share/javascript',
16:53:57     INFO -  'NO_FAIL_ON_TEST_ERRORS': '1',
16:53:57     INFO -  'PATH': '/usr/local/bin:/usr/local/bin:/usr/bin:/bin:/usr/local/games:/usr/games',
16:53:57     INFO -  'PROPERTIES_FILE': '/builds/slave/test/buildprops.json',
16:53:57     INFO -  'PWD': '/builds/slave/test',
16:53:57     INFO -  'SHELL': '/bin/bash',
16:53:57     INFO -  'SHLVL': '1',
16:53:57     INFO -  'TERM': 'linux',
16:53:57     INFO -  'TMOUT': '86400',
16:53:57     INFO -  'USER': 'cltbld',
16:53:57     INFO -  'XDG_SESSION_COOKIE': '9ca12473fbb1d023794ffd180000023c-1528501916.320615-1747881629',
16:53:57     INFO -  '_': '/tools/buildbot/bin/python'}
16:53:58     INFO -  Ignoring indexes: https://pypi.python.org/simple
16:53:58     INFO -  Collecting simplejson
16:53:58     INFO -  /builds/slave/test/build/venv/lib/python2.7/site-packages/pip/_vendor/requests/packages/urllib3/util/ssl_.py:318: SNIMissingWarning: An HTTPS request has been made, but the SNI (Subject Name Indication) extension to TLS is not available on this platform. This may cause the server to present an incorrect TLS certificate, which can cause validation failures. You can upgrade to a newer version of Python to solve this. For more information, see https://urllib3.readthedocs.org/en/latest/security.html#snimissingwarning.
16:53:58     INFO -    SNIMissingWarning
16:53:58     INFO -  /builds/slave/test/build/venv/lib/python2.7/site-packages/pip/_vendor/requests/packages/urllib3/util/ssl_.py:122: InsecurePlatformWarning: A true SSLContext object is not available. This prevents urllib3 from configuring SSL appropriately and may cause certain SSL connections to fail. You can upgrade to a newer version of Python to solve this. For more information, see https://urllib3.readthedocs.org/en/latest/security.html#insecureplatformwarning.
16:53:58     INFO -    InsecurePlatformWarning
16:53:59     INFO -  /builds/slave/test/build/venv/lib/python2.7/site-packages/pip/_vendor/requests/packages/urllib3/util/ssl_.py:122: InsecurePlatformWarning: A true SSLContext object is not available. This prevents urllib3 from configuring SSL appropriately and may cause certain SSL connections to fail. You can upgrade to a newer version of Python to solve this. For more information, see https://urllib3.readthedocs.org/en/latest/security.html#insecureplatformwarning.
16:53:59     INFO -    InsecurePlatformWarning
16:54:03     INFO -    Downloading https://pypi.pvt.build.mozilla.org/pub/simplejson-3.3.0.tar.gz (67kB)
16:54:03     INFO -  Building wheels for collected packages: simplejson
16:54:03     INFO -    Running setup.py bdist_wheel for simplejson: started
16:54:06     INFO -    Running setup.py bdist_wheel for simplejson: finished with status 'done'
16:54:06     INFO -    Stored in directory: /home/cltbld/.cache/pip/wheels/b1/26/8f/72b2a349729d24b9c6aa399407fddd384f8814e045e6de407e
16:54:06     INFO -  Successfully built simplejson
16:54:06     INFO -  Installing collected packages: simplejson
16:54:06     INFO -  Successfully installed simplejson-3.3.0
16:54:06     INFO - Return code: 0
16:54:06     INFO - Installing None into virtualenv /builds/slave/test/build/venv
16:54:06     INFO - retry: Calling run_command with args: [['/builds/slave/test/build/venv/bin/pip', 'install', '--no-deps', '--timeout', '120', '-r', '/builds/slave/test/build/tests/config/marionette_requirements.txt', '--no-index', '--find-links', 'http://pypi.pvt.build.mozilla.org/pub', '--find-links', 'http://pypi.pub.build.mozilla.org/pub', '--trusted-host', 'pypi.pub.build.mozilla.org', '--trusted-host', 'pypi.pvt.build.mozilla.org']], kwargs: {'error_level': 'warning', 'error_list': [{'substr': 'not found or a compiler error:', 'level': 'warning'}, {'regex': <_sre.SRE_Pattern object at 0x7ff9a648b110>, 'level': 'error'}, {'regex': <_sre.SRE_Pattern object at 0x7ff9a6593e40>, 'level': 'warning'}, {'regex': <_sre.SRE_Pattern object at 0x22903e0>, 'level': 'debug'}, {'substr': 'command not found', 'level': 'error'}, {'regex': <_sre.SRE_Pattern object at 0x228ca90>, 'level': 'warning'}, {'substr': 'Traceback (most recent call last)', 'level': 'error'}, {'substr': 'SyntaxError: ', 'level': 'error'}, {'substr': 'TypeError: ', 'level': 'error'}, {'substr': 'NameError: ', 'level': 'error'}, {'substr': 'ZeroDivisionError: ', 'level': 'error'}, {'regex': <_sre.SRE_Pattern object at 0x228e3f0>, 'level': 'critical'}, {'regex': <_sre.SRE_Pattern object at 0x228e670>, 'level': 'critical'}], 'cwd': '/builds/slave/test/build/tests/config', 'env': {'TMOUT': '86400', 'LOGNAME': 'cltbld', 'USER': 'cltbld', 'HOME': '/home/cltbld', 'PATH': '/usr/local/bin:/usr/local/bin:/usr/bin:/bin:/usr/local/games:/usr/games', 'DISPLAY': ':0', 'CCACHE_UMASK': '002', 'LANG': 'en_US.UTF-8', 'TERM': 'linux', 'SHELL': '/bin/bash', 'MOZ_NODE_PATH': '/usr/bin/node', 'XDG_SESSION_COOKIE': '9ca12473fbb1d023794ffd180000023c-1528501916.320615-1747881629', 'SHLVL': '1', 'NO_FAIL_ON_TEST_ERRORS': '1', 'MOZ_NO_REMOTE': '1', 'MOZ_HIDE_RESULTS_TABLE': '1', 'MAIL': '/var/mail/cltbld', '_': '/tools/buildbot/bin/python', 'NODE_PATH': '/usr/lib/nodejs:/usr/lib/node_modules:/usr/share/javascript', 'PWD': '/builds/slave/test', 'PROPERTIES_FILE': '/builds/slave/test/buildprops.json', 'CCACHE_DIR': '/builds/ccache'}}, attempt #1
16:54:06     INFO - Running command: ['/builds/slave/test/build/venv/bin/pip', 'install', '--no-deps', '--timeout', '120', '-r', '/builds/slave/test/build/tests/config/marionette_requirements.txt', '--no-index', '--find-links', 'http://pypi.pvt.build.mozilla.org/pub', '--find-links', 'http://pypi.pub.build.mozilla.org/pub', '--trusted-host', 'pypi.pub.build.mozilla.org', '--trusted-host', 'pypi.pvt.build.mozilla.org'] in /builds/slave/test/build/tests/config
16:54:06     INFO - Copy/paste: /builds/slave/test/build/venv/bin/pip install --no-deps --timeout 120 -r /builds/slave/test/build/tests/config/marionette_requirements.txt --no-index --find-links http://pypi.pvt.build.mozilla.org/pub --find-links http://pypi.pub.build.mozilla.org/pub --trusted-host pypi.pub.build.mozilla.org --trusted-host pypi.pvt.build.mozilla.org
16:54:06     INFO - Using env: {'CCACHE_DIR': '/builds/ccache',
16:54:06     INFO -  'CCACHE_UMASK': '002',
16:54:06     INFO -  'DISPLAY': ':0',
16:54:06     INFO -  'HOME': '/home/cltbld',
16:54:06     INFO -  'LANG': 'en_US.UTF-8',
16:54:06     INFO -  'LOGNAME': 'cltbld',
16:54:06     INFO -  'MAIL': '/var/mail/cltbld',
16:54:06     INFO -  'MOZ_HIDE_RESULTS_TABLE': '1',
16:54:06     INFO -  'MOZ_NODE_PATH': '/usr/bin/node',
16:54:06     INFO -  'MOZ_NO_REMOTE': '1',
16:54:06     INFO -  'NODE_PATH': '/usr/lib/nodejs:/usr/lib/node_modules:/usr/share/javascript',
16:54:06     INFO -  'NO_FAIL_ON_TEST_ERRORS': '1',
16:54:06     INFO -  'PATH': '/usr/local/bin:/usr/local/bin:/usr/bin:/bin:/usr/local/games:/usr/games',
16:54:06     INFO -  'PROPERTIES_FILE': '/builds/slave/test/buildprops.json',
16:54:06     INFO -  'PWD': '/builds/slave/test',
16:54:06     INFO -  'SHELL': '/bin/bash',
16:54:06     INFO -  'SHLVL': '1',
16:54:06     INFO -  'TERM': 'linux',
16:54:06     INFO -  'TMOUT': '86400',
16:54:06     INFO -  'USER': 'cltbld',
16:54:06     INFO -  'XDG_SESSION_COOKIE': '9ca12473fbb1d023794ffd180000023c-1528501916.320615-1747881629',
16:54:06     INFO -  '_': '/tools/buildbot/bin/python'}
16:54:07     INFO -  Ignoring indexes: https://pypi.python.org/simple
16:54:07     INFO -  Processing /builds/slave/test/build/tests/mozbase/manifestparser
16:54:07     INFO -    Requirement already satisfied (use --upgrade to upgrade): manifestparser==1.1 from file:///builds/slave/test/build/tests/mozbase/manifestparser in /builds/slave/test/build/venv/lib/python2.7/site-packages (from -r /builds/slave/test/build/tests/config/mozbase_requirements.txt (line 1))
16:54:07     INFO -  Processing /builds/slave/test/build/tests/mozbase/mozcrash
16:54:08     INFO -    Requirement already satisfied (use --upgrade to upgrade): mozcrash==1.0 from file:///builds/slave/test/build/tests/mozbase/mozcrash in /builds/slave/test/build/venv/lib/python2.7/site-packages (from -r /builds/slave/test/build/tests/config/mozbase_requirements.txt (line 2))
16:54:08     INFO -  Processing /builds/slave/test/build/tests/mozbase/mozdebug
16:54:08     INFO -    Requirement already satisfied (use --upgrade to upgrade): mozdebug==0.1 from file:///builds/slave/test/build/tests/mozbase/mozdebug in /builds/slave/test/build/venv/lib/python2.7/site-packages (from -r /builds/slave/test/build/tests/config/mozbase_requirements.txt (line 3))
16:54:08     INFO -  Processing /builds/slave/test/build/tests/mozbase/mozdevice
16:54:09     INFO -    Requirement already satisfied (use --upgrade to upgrade): mozdevice==0.48 from file:///builds/slave/test/build/tests/mozbase/mozdevice in /builds/slave/test/build/venv/lib/python2.7/site-packages (from -r /builds/slave/test/build/tests/config/mozbase_requirements.txt (line 4))
16:54:09     INFO -  Processing /builds/slave/test/build/tests/mozbase/mozfile
16:54:09     INFO -    Requirement already satisfied (use --upgrade to upgrade): mozfile==1.2 from file:///builds/slave/test/build/tests/mozbase/mozfile in /builds/slave/test/build/venv/lib/python2.7/site-packages (from -r /builds/slave/test/build/tests/config/mozbase_requirements.txt (line 5))
16:54:09     INFO -  Processing /builds/slave/test/build/tests/mozbase/mozhttpd
16:54:09     INFO -    Requirement already satisfied (use --upgrade to upgrade): mozhttpd==0.7 from file:///builds/slave/test/build/tests/mozbase/mozhttpd in /builds/slave/test/build/venv/lib/python2.7/site-packages (from -r /builds/slave/test/build/tests/config/mozbase_requirements.txt (line 6))
16:54:09     INFO -  Processing /builds/slave/test/build/tests/mozbase/mozinfo
16:54:10     INFO -    Requirement already satisfied (use --upgrade to upgrade): mozinfo==0.9 from file:///builds/slave/test/build/tests/mozbase/mozinfo in /builds/slave/test/build/venv/lib/python2.7/site-packages (from -r /builds/slave/test/build/tests/config/mozbase_requirements.txt (line 7))
16:54:10     INFO -  Processing /builds/slave/test/build/tests/mozbase/mozinstall
16:54:10     INFO -    Requirement already satisfied (use --upgrade to upgrade): mozInstall==1.12 from file:///builds/slave/test/build/tests/mozbase/mozinstall in /builds/slave/test/build/venv/lib/python2.7/site-packages (from -r /builds/slave/test/build/tests/config/mozbase_requirements.txt (line 8))
16:54:10     INFO -  Processing /builds/slave/test/build/tests/mozbase/mozleak
16:54:10     INFO -    Requirement already satisfied (use --upgrade to upgrade): mozleak==0.1 from file:///builds/slave/test/build/tests/mozbase/mozleak in /builds/slave/test/build/venv/lib/python2.7/site-packages (from -r /builds/slave/test/build/tests/config/mozbase_requirements.txt (line 9))
16:54:10     INFO -  Processing /builds/slave/test/build/tests/mozbase/mozlog
16:54:11     INFO -    Requirement already satisfied (use --upgrade to upgrade): mozlog==3.4 from file:///builds/slave/test/build/tests/mozbase/mozlog in /builds/slave/test/build/venv/lib/python2.7/site-packages (from -r /builds/slave/test/build/tests/config/mozbase_requirements.txt (line 10))
16:54:11     INFO -  Processing /builds/slave/test/build/tests/mozbase/moznetwork
16:54:11     INFO -    Requirement already satisfied (use --upgrade to upgrade): moznetwork==0.27 from file:///builds/slave/test/build/tests/mozbase/moznetwork in /builds/slave/test/build/venv/lib/python2.7/site-packages (from -r /builds/slave/test/build/tests/config/mozbase_requirements.txt (line 11))
16:54:11     INFO -  Processing /builds/slave/test/build/tests/mozbase/mozprocess
16:54:12     INFO -    Requirement already satisfied (use --upgrade to upgrade): mozprocess==0.23 from file:///builds/slave/test/build/tests/mozbase/mozprocess in /builds/slave/test/build/venv/lib/python2.7/site-packages (from -r /builds/slave/test/build/tests/config/mozbase_requirements.txt (line 12))
16:54:12     INFO -  Processing /builds/slave/test/build/tests/mozbase/mozprofile
16:54:12     INFO -    Requirement already satisfied (use --upgrade to upgrade): mozprofile==0.28 from file:///builds/slave/test/build/tests/mozbase/mozprofile in /builds/slave/test/build/venv/lib/python2.7/site-packages (from -r /builds/slave/test/build/tests/config/mozbase_requirements.txt (line 13))
16:54:12     INFO -  Processing /builds/slave/test/build/tests/mozbase/mozrunner
16:54:12     INFO -    Requirement already satisfied (use --upgrade to upgrade): mozrunner==6.13 from file:///builds/slave/test/build/tests/mozbase/mozrunner in /builds/slave/test/build/venv/lib/python2.7/site-packages (from -r /builds/slave/test/build/tests/config/mozbase_requirements.txt (line 14))
16:54:12     INFO -  Processing /builds/slave/test/build/tests/mozbase/mozscreenshot
16:54:13     INFO -    Requirement already satisfied (use --upgrade to upgrade): mozscreenshot==0.1 from file:///builds/slave/test/build/tests/mozbase/mozscreenshot in /builds/slave/test/build/venv/lib/python2.7/site-packages (from -r /builds/slave/test/build/tests/config/mozbase_requirements.txt (line 15))
16:54:13     INFO -  Processing /builds/slave/test/build/tests/mozbase/moztest
16:54:13     INFO -    Requirement already satisfied (use --upgrade to upgrade): moztest==0.8 from file:///builds/slave/test/build/tests/mozbase/moztest in /builds/slave/test/build/venv/lib/python2.7/site-packages (from -r /builds/slave/test/build/tests/config/mozbase_requirements.txt (line 16))
16:54:13     INFO -  Processing /builds/slave/test/build/tests/mozbase/mozversion
16:54:14     INFO -    Requirement already satisfied (use --upgrade to upgrade): mozversion==1.4 from file:///builds/slave/test/build/tests/mozbase/mozversion in /builds/slave/test/build/venv/lib/python2.7/site-packages (from -r /builds/slave/test/build/tests/config/mozbase_requirements.txt (line 17))
16:54:14     INFO -  Processing /builds/slave/test/build/tests/tools/wptserve
16:54:14     INFO -  Processing /builds/slave/test/build/tests/marionette/client
16:54:14     INFO -  Processing /builds/slave/test/build/tests/marionette/harness/marionette_harness/runner/mixins/browsermob-proxy-py
16:54:15     INFO -  Processing /builds/slave/test/build/tests/marionette/harness
16:54:15     INFO -  Processing /builds/slave/test/build/tests/marionette/puppeteer/firefox
16:54:16     INFO -  Building wheels for collected packages: browsermob-proxy
16:54:16     INFO -    Running setup.py bdist_wheel for browsermob-proxy: started
16:54:16     INFO -    Running setup.py bdist_wheel for browsermob-proxy: finished with status 'done'
16:54:16     INFO -    Stored in directory: /home/cltbld/.cache/pip/wheels/10/00/c1/79bb793b6a7eb4dca9dfd244010f550ae5044951bcd23c261e
16:54:16     INFO -  Successfully built browsermob-proxy
16:54:16     INFO -  Installing collected packages: wptserve, marionette-driver, browsermob-proxy, marionette-harness, firefox-puppeteer
16:54:16     INFO -    Running setup.py install for wptserve: started
16:54:17     INFO -      Running setup.py install for wptserve: finished with status 'done'
16:54:17     INFO -    Running setup.py install for marionette-driver: started
16:54:17     INFO -      Running setup.py install for marionette-driver: finished with status 'done'
16:54:17     INFO -    Running setup.py install for marionette-harness: started
16:54:18     INFO -      Running setup.py install for marionette-harness: finished with status 'done'
16:54:18     INFO -    Running setup.py install for firefox-puppeteer: started
16:54:18     INFO -      Running setup.py install for firefox-puppeteer: finished with status 'done'
16:54:19     INFO -  Successfully installed browsermob-proxy-0.6.0 firefox-puppeteer-52.1.0 marionette-driver-2.2.0 marionette-harness-4.0.0 wptserve-1.4.0
16:54:19     INFO - Return code: 0
16:54:19     INFO - Installing None into virtualenv /builds/slave/test/build/venv
16:54:19     INFO - retry: Calling run_command with args: [['/builds/slave/test/build/venv/bin/pip', 'install', '--timeout', '120', '-r', '/builds/slave/test/build/tests/config/marionette_requirements.txt', '--no-index', '--find-links', 'http://pypi.pvt.build.mozilla.org/pub', '--find-links', 'http://pypi.pub.build.mozilla.org/pub', '--trusted-host', 'pypi.pub.build.mozilla.org', '--trusted-host', 'pypi.pvt.build.mozilla.org']], kwargs: {'error_level': 'warning', 'error_list': [{'substr': 'not found or a compiler error:', 'level': 'warning'}, {'regex': <_sre.SRE_Pattern object at 0x7ff9a648b110>, 'level': 'error'}, {'regex': <_sre.SRE_Pattern object at 0x7ff9a6593e40>, 'level': 'warning'}, {'regex': <_sre.SRE_Pattern object at 0x22903e0>, 'level': 'debug'}, {'substr': 'command not found', 'level': 'error'}, {'regex': <_sre.SRE_Pattern object at 0x228ca90>, 'level': 'warning'}, {'substr': 'Traceback (most recent call last)', 'level': 'error'}, {'substr': 'SyntaxError: ', 'level': 'error'}, {'substr': 'TypeError: ', 'level': 'error'}, {'substr': 'NameError: ', 'level': 'error'}, {'substr': 'ZeroDivisionError: ', 'level': 'error'}, {'regex': <_sre.SRE_Pattern object at 0x228e3f0>, 'level': 'critical'}, {'regex': <_sre.SRE_Pattern object at 0x228e670>, 'level': 'critical'}], 'cwd': '/builds/slave/test/build/tests/config', 'env': {'TMOUT': '86400', 'LOGNAME': 'cltbld', 'USER': 'cltbld', 'HOME': '/home/cltbld', 'PATH': '/usr/local/bin:/usr/local/bin:/usr/bin:/bin:/usr/local/games:/usr/games', 'DISPLAY': ':0', 'CCACHE_UMASK': '002', 'LANG': 'en_US.UTF-8', 'TERM': 'linux', 'SHELL': '/bin/bash', 'MOZ_NODE_PATH': '/usr/bin/node', 'XDG_SESSION_COOKIE': '9ca12473fbb1d023794ffd180000023c-1528501916.320615-1747881629', 'SHLVL': '1', 'NO_FAIL_ON_TEST_ERRORS': '1', 'MOZ_NO_REMOTE': '1', 'MOZ_HIDE_RESULTS_TABLE': '1', 'MAIL': '/var/mail/cltbld', '_': '/tools/buildbot/bin/python', 'NODE_PATH': '/usr/lib/nodejs:/usr/lib/node_modules:/usr/share/javascript', 'PWD': '/builds/slave/test', 'PROPERTIES_FILE': '/builds/slave/test/buildprops.json', 'CCACHE_DIR': '/builds/ccache'}}, attempt #1
16:54:19     INFO - Running command: ['/builds/slave/test/build/venv/bin/pip', 'install', '--timeout', '120', '-r', '/builds/slave/test/build/tests/config/marionette_requirements.txt', '--no-index', '--find-links', 'http://pypi.pvt.build.mozilla.org/pub', '--find-links', 'http://pypi.pub.build.mozilla.org/pub', '--trusted-host', 'pypi.pub.build.mozilla.org', '--trusted-host', 'pypi.pvt.build.mozilla.org'] in /builds/slave/test/build/tests/config
16:54:19     INFO - Copy/paste: /builds/slave/test/build/venv/bin/pip install --timeout 120 -r /builds/slave/test/build/tests/config/marionette_requirements.txt --no-index --find-links http://pypi.pvt.build.mozilla.org/pub --find-links http://pypi.pub.build.mozilla.org/pub --trusted-host pypi.pub.build.mozilla.org --trusted-host pypi.pvt.build.mozilla.org
16:54:19     INFO - Using env: {'CCACHE_DIR': '/builds/ccache',
16:54:19     INFO -  'CCACHE_UMASK': '002',
16:54:19     INFO -  'DISPLAY': ':0',
16:54:19     INFO -  'HOME': '/home/cltbld',
16:54:19     INFO -  'LANG': 'en_US.UTF-8',
16:54:19     INFO -  'LOGNAME': 'cltbld',
16:54:19     INFO -  'MAIL': '/var/mail/cltbld',
16:54:19     INFO -  'MOZ_HIDE_RESULTS_TABLE': '1',
16:54:19     INFO -  'MOZ_NODE_PATH': '/usr/bin/node',
16:54:19     INFO -  'MOZ_NO_REMOTE': '1',
16:54:19     INFO -  'NODE_PATH': '/usr/lib/nodejs:/usr/lib/node_modules:/usr/share/javascript',
16:54:19     INFO -  'NO_FAIL_ON_TEST_ERRORS': '1',
16:54:19     INFO -  'PATH': '/usr/local/bin:/usr/local/bin:/usr/bin:/bin:/usr/local/games:/usr/games',
16:54:19     INFO -  'PROPERTIES_FILE': '/builds/slave/test/buildprops.json',
16:54:19     INFO -  'PWD': '/builds/slave/test',
16:54:19     INFO -  'SHELL': '/bin/bash',
16:54:19     INFO -  'SHLVL': '1',
16:54:19     INFO -  'TERM': 'linux',
16:54:19     INFO -  'TMOUT': '86400',
16:54:19     INFO -  'USER': 'cltbld',
16:54:19     INFO -  'XDG_SESSION_COOKIE': '9ca12473fbb1d023794ffd180000023c-1528501916.320615-1747881629',
16:54:19     INFO -  '_': '/tools/buildbot/bin/python'}
16:54:20     INFO -  Ignoring indexes: https://pypi.python.org/simple
16:54:20     INFO -  Processing /builds/slave/test/build/tests/mozbase/manifestparser
16:54:20     INFO -    Requirement already satisfied (use --upgrade to upgrade): manifestparser==1.1 from file:///builds/slave/test/build/tests/mozbase/manifestparser in /builds/slave/test/build/venv/lib/python2.7/site-packages (from -r /builds/slave/test/build/tests/config/mozbase_requirements.txt (line 1))
16:54:20     INFO -  Processing /builds/slave/test/build/tests/mozbase/mozcrash
16:54:20     INFO -    Requirement already satisfied (use --upgrade to upgrade): mozcrash==1.0 from file:///builds/slave/test/build/tests/mozbase/mozcrash in /builds/slave/test/build/venv/lib/python2.7/site-packages (from -r /builds/slave/test/build/tests/config/mozbase_requirements.txt (line 2))
16:54:20     INFO -  Processing /builds/slave/test/build/tests/mozbase/mozdebug
16:54:21     INFO -    Requirement already satisfied (use --upgrade to upgrade): mozdebug==0.1 from file:///builds/slave/test/build/tests/mozbase/mozdebug in /builds/slave/test/build/venv/lib/python2.7/site-packages (from -r /builds/slave/test/build/tests/config/mozbase_requirements.txt (line 3))
16:54:21     INFO -  Processing /builds/slave/test/build/tests/mozbase/mozdevice
16:54:21     INFO -    Requirement already satisfied (use --upgrade to upgrade): mozdevice==0.48 from file:///builds/slave/test/build/tests/mozbase/mozdevice in /builds/slave/test/build/venv/lib/python2.7/site-packages (from -r /builds/slave/test/build/tests/config/mozbase_requirements.txt (line 4))
16:54:21     INFO -  Processing /builds/slave/test/build/tests/mozbase/mozfile
16:54:22     INFO -    Requirement already satisfied (use --upgrade to upgrade): mozfile==1.2 from file:///builds/slave/test/build/tests/mozbase/mozfile in /builds/slave/test/build/venv/lib/python2.7/site-packages (from -r /builds/slave/test/build/tests/config/mozbase_requirements.txt (line 5))
16:54:22     INFO -  Processing /builds/slave/test/build/tests/mozbase/mozhttpd
16:54:22     INFO -    Requirement already satisfied (use --upgrade to upgrade): mozhttpd==0.7 from file:///builds/slave/test/build/tests/mozbase/mozhttpd in /builds/slave/test/build/venv/lib/python2.7/site-packages (from -r /builds/slave/test/build/tests/config/mozbase_requirements.txt (line 6))
16:54:22     INFO -  Processing /builds/slave/test/build/tests/mozbase/mozinfo
16:54:22     INFO -    Requirement already satisfied (use --upgrade to upgrade): mozinfo==0.9 from file:///builds/slave/test/build/tests/mozbase/mozinfo in /builds/slave/test/build/venv/lib/python2.7/site-packages (from -r /builds/slave/test/build/tests/config/mozbase_requirements.txt (line 7))
16:54:22     INFO -  Processing /builds/slave/test/build/tests/mozbase/mozinstall
16:54:23     INFO -    Requirement already satisfied (use --upgrade to upgrade): mozInstall==1.12 from file:///builds/slave/test/build/tests/mozbase/mozinstall in /builds/slave/test/build/venv/lib/python2.7/site-packages (from -r /builds/slave/test/build/tests/config/mozbase_requirements.txt (line 8))
16:54:23     INFO -  Processing /builds/slave/test/build/tests/mozbase/mozleak
16:54:23     INFO -    Requirement already satisfied (use --upgrade to upgrade): mozleak==0.1 from file:///builds/slave/test/build/tests/mozbase/mozleak in /builds/slave/test/build/venv/lib/python2.7/site-packages (from -r /builds/slave/test/build/tests/config/mozbase_requirements.txt (line 9))
16:54:23     INFO -  Processing /builds/slave/test/build/tests/mozbase/mozlog
16:54:23     INFO -    Requirement already satisfied (use --upgrade to upgrade): mozlog==3.4 from file:///builds/slave/test/build/tests/mozbase/mozlog in /builds/slave/test/build/venv/lib/python2.7/site-packages (from -r /builds/slave/test/build/tests/config/mozbase_requirements.txt (line 10))
16:54:23     INFO -  Processing /builds/slave/test/build/tests/mozbase/moznetwork
16:54:24     INFO -    Requirement already satisfied (use --upgrade to upgrade): moznetwork==0.27 from file:///builds/slave/test/build/tests/mozbase/moznetwork in /builds/slave/test/build/venv/lib/python2.7/site-packages (from -r /builds/slave/test/build/tests/config/mozbase_requirements.txt (line 11))
16:54:24     INFO -  Processing /builds/slave/test/build/tests/mozbase/mozprocess
16:54:24     INFO -    Requirement already satisfied (use --upgrade to upgrade): mozprocess==0.23 from file:///builds/slave/test/build/tests/mozbase/mozprocess in /builds/slave/test/build/venv/lib/python2.7/site-packages (from -r /builds/slave/test/build/tests/config/mozbase_requirements.txt (line 12))
16:54:24     INFO -  Processing /builds/slave/test/build/tests/mozbase/mozprofile
16:54:25     INFO -    Requirement already satisfied (use --upgrade to upgrade): mozprofile==0.28 from file:///builds/slave/test/build/tests/mozbase/mozprofile in /builds/slave/test/build/venv/lib/python2.7/site-packages (from -r /builds/slave/test/build/tests/config/mozbase_requirements.txt (line 13))
16:54:25     INFO -  Processing /builds/slave/test/build/tests/mozbase/mozrunner
16:54:25     INFO -    Requirement already satisfied (use --upgrade to upgrade): mozrunner==6.13 from file:///builds/slave/test/build/tests/mozbase/mozrunner in /builds/slave/test/build/venv/lib/python2.7/site-packages (from -r /builds/slave/test/build/tests/config/mozbase_requirements.txt (line 14))
16:54:25     INFO -  Processing /builds/slave/test/build/tests/mozbase/mozscreenshot
16:54:25     INFO -    Requirement already satisfied (use --upgrade to upgrade): mozscreenshot==0.1 from file:///builds/slave/test/build/tests/mozbase/mozscreenshot in /builds/slave/test/build/venv/lib/python2.7/site-packages (from -r /builds/slave/test/build/tests/config/mozbase_requirements.txt (line 15))
16:54:25     INFO -  Processing /builds/slave/test/build/tests/mozbase/moztest
16:54:26     INFO -    Requirement already satisfied (use --upgrade to upgrade): moztest==0.8 from file:///builds/slave/test/build/tests/mozbase/moztest in /builds/slave/test/build/venv/lib/python2.7/site-packages (from -r /builds/slave/test/build/tests/config/mozbase_requirements.txt (line 16))
16:54:26     INFO -  Processing /builds/slave/test/build/tests/mozbase/mozversion
16:54:26     INFO -    Requirement already satisfied (use --upgrade to upgrade): mozversion==1.4 from file:///builds/slave/test/build/tests/mozbase/mozversion in /builds/slave/test/build/venv/lib/python2.7/site-packages (from -r /builds/slave/test/build/tests/config/mozbase_requirements.txt (line 17))
16:54:26     INFO -  Processing /builds/slave/test/build/tests/tools/wptserve
16:54:26     INFO -    Requirement already satisfied (use --upgrade to upgrade): wptserve==1.4.0 from file:///builds/slave/test/build/tests/tools/wptserve in /builds/slave/test/build/venv/lib/python2.7/site-packages (from -r /builds/slave/test/build/tests/config/marionette_requirements.txt (line 3))
16:54:26     INFO -  Processing /builds/slave/test/build/tests/marionette/client
16:54:27     INFO -    Requirement already satisfied (use --upgrade to upgrade): marionette-driver==2.2.0 from file:///builds/slave/test/build/tests/marionette/client in /builds/slave/test/build/venv/lib/python2.7/site-packages (from -r /builds/slave/test/build/tests/config/marionette_requirements.txt (line 4))
16:54:27     INFO -  Processing /builds/slave/test/build/tests/marionette/harness/marionette_harness/runner/mixins/browsermob-proxy-py
16:54:27     INFO -    Requirement already satisfied (use --upgrade to upgrade): browsermob-proxy==0.6.0 from file:///builds/slave/test/build/tests/marionette/harness/marionette_harness/runner/mixins/browsermob-proxy-py in /builds/slave/test/build/venv/lib/python2.7/site-packages (from -r /builds/slave/test/build/tests/config/marionette_requirements.txt (line 5))
16:54:27     INFO -  Processing /builds/slave/test/build/tests/marionette/harness
16:54:28     INFO -    Requirement already satisfied (use --upgrade to upgrade): marionette-harness==4.0.0 from file:///builds/slave/test/build/tests/marionette/harness in /builds/slave/test/build/venv/lib/python2.7/site-packages (from -r /builds/slave/test/build/tests/config/marionette_requirements.txt (line 6))
16:54:28     INFO -  Processing /builds/slave/test/build/tests/marionette/puppeteer/firefox
16:54:28     INFO -    Requirement already satisfied (use --upgrade to upgrade): firefox-puppeteer==52.1.0 from file:///builds/slave/test/build/tests/marionette/puppeteer/firefox in /builds/slave/test/build/venv/lib/python2.7/site-packages (from -r /builds/slave/test/build/tests/config/marionette_requirements.txt (line 9))
16:54:28     INFO -  Requirement already satisfied (use --upgrade to upgrade): mozfile>=1.0 in /builds/slave/test/build/venv/lib/python2.7/site-packages (from mozcrash==1.0->-r /builds/slave/test/build/tests/config/mozbase_requirements.txt (line 2))
16:54:28     INFO -  Requirement already satisfied (use --upgrade to upgrade): mozlog>=3.0 in /builds/slave/test/build/venv/lib/python2.7/site-packages (from mozcrash==1.0->-r /builds/slave/test/build/tests/config/mozbase_requirements.txt (line 2))
16:54:28     INFO -  Requirement already satisfied (use --upgrade to upgrade): mozinfo in /builds/slave/test/build/venv/lib/python2.7/site-packages (from mozdebug==0.1->-r /builds/slave/test/build/tests/config/mozbase_requirements.txt (line 3))
16:54:28     INFO -  Requirement already satisfied (use --upgrade to upgrade): moznetwork>=0.24 in /builds/slave/test/build/venv/lib/python2.7/site-packages (from mozdevice==0.48->-r /builds/slave/test/build/tests/config/mozbase_requirements.txt (line 4))
16:54:28     INFO -  Requirement already satisfied (use --upgrade to upgrade): mozprocess>=0.19 in /builds/slave/test/build/venv/lib/python2.7/site-packages (from mozdevice==0.48->-r /builds/slave/test/build/tests/config/mozbase_requirements.txt (line 4))
16:54:28     INFO -  Requirement already satisfied (use --upgrade to upgrade): blessings>=1.3 in /builds/slave/test/build/venv/lib/python2.7/site-packages (from mozlog==3.4->-r /builds/slave/test/build/tests/config/mozbase_requirements.txt (line 10))
16:54:28     INFO -  Requirement already satisfied (use --upgrade to upgrade): requests>=1.1.0 in /builds/slave/test/build/venv/lib/python2.7/site-packages (from browsermob-proxy==0.6.0->-r /builds/slave/test/build/tests/config/marionette_requirements.txt (line 5))
16:54:28     INFO -  Building wheels for collected packages: browsermob-proxy
16:54:28     INFO -    Running setup.py bdist_wheel for browsermob-proxy: started
16:54:29     INFO -    Running setup.py bdist_wheel for browsermob-proxy: finished with status 'done'
16:54:29     INFO -    Stored in directory: /home/cltbld/.cache/pip/wheels/10/00/c1/79bb793b6a7eb4dca9dfd244010f550ae5044951bcd23c261e
16:54:29     INFO -  Successfully built browsermob-proxy
16:54:29     INFO - Return code: 0
16:54:29     INFO - Done creating virtualenv /builds/slave/test/build/venv.
16:54:29     INFO - Getting output from command: ['/builds/slave/test/build/venv/bin/pip', 'freeze']
16:54:29     INFO - Copy/paste: /builds/slave/test/build/venv/bin/pip freeze
16:54:30     INFO - Reading from file tmpfile_stdout
16:54:30     INFO - Reading from file tmpfile_stderr
16:54:30     INFO - Current package versions:
16:54:30     INFO -   blessings == 1.6
16:54:30     INFO -   blobuploader == 1.2.4
16:54:30     INFO -   browsermob-proxy == 0.6.0
16:54:30     INFO -   docopt == 0.6.1
16:54:30     INFO -   firefox-puppeteer == 52.1.0
16:54:30     INFO -   functools32 == 3.2.3.post2
16:54:30     INFO -   jsonschema == 2.5.1
16:54:30     INFO -   manifestparser == 1.1
16:54:30     INFO -   marionette-driver == 2.2.0
16:54:30     INFO -   marionette-harness == 4.0.0
16:54:30     INFO -   mock == 1.0.1
16:54:30     INFO -   mozInstall == 1.12
16:54:30     INFO -   mozcrash == 1.0
16:54:30     INFO -   mozdebug == 0.1
16:54:30     INFO -   mozdevice == 0.48
16:54:30     INFO -   mozfile == 1.2
16:54:30     INFO -   mozhttpd == 0.7
16:54:30     INFO -   mozinfo == 0.9
16:54:30     INFO -   mozleak == 0.1
16:54:30     INFO -   mozlog == 3.4
16:54:30     INFO -   moznetwork == 0.27
16:54:30     INFO -   mozprocess == 0.23
16:54:30     INFO -   mozprofile == 0.28
16:54:30     INFO -   mozrunner == 6.13
16:54:30     INFO -   mozscreenshot == 0.1
16:54:30     INFO -   mozsystemmonitor == 0.3
16:54:30     INFO -   moztest == 0.8
16:54:30     INFO -   mozversion == 1.4
16:54:30     INFO -   psutil == 3.1.1
16:54:30     INFO -   requests == 1.2.3
16:54:30     INFO -   simplejson == 3.3.0
16:54:30     INFO -   wptserve == 1.4.0
16:54:30     INFO - Running post-action listener: _resource_record_post_action
16:54:30     INFO - Running post-action listener: _start_resource_monitoring
16:54:30     INFO - Starting resource monitoring.
16:54:30     INFO - [mozharness: 2018-06-08 23:54:30.637825Z] Finished create-virtualenv step (success)
16:54:30     INFO - [mozharness: 2018-06-08 23:54:30.644104Z] Running install step.
16:54:30     INFO - Running pre-action listener: _resource_record_pre_action
16:54:30     INFO - Running main action method: install
16:54:30     INFO - Getting output from command: ['/builds/slave/test/build/venv/bin/pip', 'freeze']
16:54:30     INFO - Copy/paste: /builds/slave/test/build/venv/bin/pip freeze
16:54:31     INFO - Reading from file tmpfile_stdout
16:54:31     INFO - Reading from file tmpfile_stderr
16:54:31     INFO - Detecting whether we're running mozinstall >=1.0...
16:54:31     INFO - Getting output from command: ['/builds/slave/test/build/venv/bin/mozinstall', '-h']
16:54:31     INFO - Copy/paste: /builds/slave/test/build/venv/bin/mozinstall -h
16:54:31     INFO - Reading from file tmpfile_stdout
16:54:31     INFO - Output received:
16:54:31     INFO -  Usage: mozinstall [options] installer
16:54:31     INFO -  Options:
16:54:31     INFO -    -h, --help            show this help message and exit
16:54:31     INFO -    -d DEST, --destination=DEST
16:54:31     INFO -                          Directory to install application into. [default:
16:54:31     INFO -                          "/builds/slave/test"]
16:54:31     INFO -    --app=APP             Application being installed. [default: firefox]
16:54:31     INFO - mkdir: /builds/slave/test/build/application
16:54:31     INFO - Getting output from command: ['/builds/slave/test/build/venv/bin/mozinstall', '/builds/slave/test/build/installer.tar.bz2', '--destination', '/builds/slave/test/build/application']
16:54:31     INFO - Copy/paste: /builds/slave/test/build/venv/bin/mozinstall /builds/slave/test/build/installer.tar.bz2 --destination /builds/slave/test/build/application
16:54:54     INFO - Reading from file tmpfile_stdout
16:54:54     INFO - Output received:
16:54:54     INFO -  /builds/slave/test/build/application/firefox/firefox
16:54:54     INFO - Running post-action listener: _resource_record_post_action
16:54:54     INFO - [mozharness: 2018-06-08 23:54:54.061574Z] Finished install step (success)
16:54:54     INFO - [mozharness: 2018-06-08 23:54:54.061982Z] Running stage-files step.
16:54:54     INFO - Running pre-action listener: _resource_record_pre_action
16:54:54     INFO - Running main action method: stage_files
16:54:54     INFO - copying /builds/slave/test/build/tests/bin/xpcshell to /builds/slave/test/build/application/firefox/xpcshell
16:54:54     INFO - copying tree: /builds/slave/test/build/tests/bin/components to /builds/slave/test/build/application/firefox/components
16:54:54     INFO - rmtree: /builds/slave/test/build/application/firefox/components
16:54:54     INFO - mkdir: /builds/slave/test/build/application/firefox/plugins
16:54:54     INFO - copying tree: /builds/slave/test/build/tests/bin/plugins to /builds/slave/test/build/application/firefox/plugins
16:54:54     INFO - mkdir: /builds/slave/test/build/application/firefox/plugins/gmp-fakeopenh264
16:54:54     INFO - copying tree: /builds/slave/test/build/tests/bin/plugins/gmp-fakeopenh264 to /builds/slave/test/build/application/firefox/plugins/gmp-fakeopenh264
16:54:54     INFO - rmtree: /builds/slave/test/build/application/firefox/plugins/gmp-fakeopenh264
16:54:54     INFO - retry: Calling rmtree with args: ('/builds/slave/test/build/application/firefox/plugins/gmp-fakeopenh264',), kwargs: {}, attempt #1
16:54:54     INFO - mkdir: /builds/slave/test/build/application/firefox/plugins/gmp-fake
16:54:54     INFO - copying tree: /builds/slave/test/build/tests/bin/plugins/gmp-fake to /builds/slave/test/build/application/firefox/plugins/gmp-fake
16:54:54     INFO - rmtree: /builds/slave/test/build/application/firefox/plugins/gmp-fake
16:54:54     INFO - retry: Calling rmtree with args: ('/builds/slave/test/build/application/firefox/plugins/gmp-fake',), kwargs: {}, attempt #1
16:54:54     INFO - mkdir: /builds/slave/test/build/application/firefox/plugins/gmp-clearkey
16:54:54     INFO - copying tree: /builds/slave/test/build/tests/bin/plugins/gmp-clearkey to /builds/slave/test/build/application/firefox/plugins/gmp-clearkey
16:54:54     INFO - rmtree: /builds/slave/test/build/application/firefox/plugins/gmp-clearkey
16:54:54     INFO - retry: Calling rmtree with args: ('/builds/slave/test/build/application/firefox/plugins/gmp-clearkey',), kwargs: {}, attempt #1
16:54:54     INFO - Running post-action listener: _resource_record_post_action
16:54:54     INFO - [mozharness: 2018-06-08 23:54:54.097352Z] Finished stage-files step (success)
16:54:54     INFO - [mozharness: 2018-06-08 23:54:54.097705Z] Running run-tests step.
16:54:54     INFO - Running pre-action listener: _resource_record_pre_action
16:54:54     INFO - Running pre-action listener: _set_gcov_prefix
16:54:54     INFO - Running main action method: run_tests
16:54:54     INFO - Running pre test command disable_screen_saver with 'xset s off s reset'
16:54:54     INFO - Running command: ['xset', 's', 'off', 's', 'reset'] in /builds/slave/test/build
16:54:54     INFO - Copy/paste: xset s off s reset
16:54:54     INFO - Return code: 0
16:54:54     INFO - #### Running xpcshell suites
16:54:54     INFO - grabbing minidump binary from tooltool
16:54:54     INFO - retry: Calling run_command with args: (['/tools/tooltool.py', '--url', 'https://api.pub.build.mozilla.org/tooltool/', '--authentication-file', '/builds/relengapi.tok', 'fetch', '-m', '/builds/slave/test/build/tests/config/tooltool-manifests/linux64/releng.manifest', '-o', '-c', '/builds/tooltool_cache'],), kwargs: {'output_timeout': 600, 'error_list': [{'substr': 'command not found', 'level': 'error'}, {'regex': <_sre.SRE_Pattern object at 0x228ca90>, 'level': 'warning'}, {'substr': 'Traceback (most recent call last)', 'level': 'error'}, {'substr': 'SyntaxError: ', 'level': 'error'}, {'substr': 'TypeError: ', 'level': 'error'}, {'substr': 'NameError: ', 'level': 'error'}, {'substr': 'ZeroDivisionError: ', 'level': 'error'}, {'regex': <_sre.SRE_Pattern object at 0x228e3f0>, 'level': 'critical'}, {'regex': <_sre.SRE_Pattern object at 0x228e670>, 'level': 'critical'}, {'substr': 'ERROR - ', 'level': 'error'}], 'cwd': '/builds/slave/test/build', 'privileged': False}, attempt #1
16:54:54     INFO - Running command: ['/tools/tooltool.py', '--url', 'https://api.pub.build.mozilla.org/tooltool/', '--authentication-file', '/builds/relengapi.tok', 'fetch', '-m', '/builds/slave/test/build/tests/config/tooltool-manifests/linux64/releng.manifest', '-o', '-c', '/builds/tooltool_cache'] in /builds/slave/test/build
16:54:54     INFO - Copy/paste: /tools/tooltool.py --url https://api.pub.build.mozilla.org/tooltool/ --authentication-file /builds/relengapi.tok fetch -m /builds/slave/test/build/tests/config/tooltool-manifests/linux64/releng.manifest -o -c /builds/tooltool_cache
16:54:54     INFO - Calling ['/tools/tooltool.py', '--url', 'https://api.pub.build.mozilla.org/tooltool/', '--authentication-file', '/builds/relengapi.tok', 'fetch', '-m', '/builds/slave/test/build/tests/config/tooltool-manifests/linux64/releng.manifest', '-o', '-c', '/builds/tooltool_cache'] with output_timeout 600
16:54:54     INFO -  INFO - File linux64-minidump_stackwalk not present in local cache folder /builds/tooltool_cache
16:54:54     INFO -  INFO - Attempting to fetch from 'https://api.pub.build.mozilla.org/tooltool/'...
16:54:55     INFO -  INFO - File linux64-minidump_stackwalk fetched from https://api.pub.build.mozilla.org/tooltool/ as /builds/slave/test/build/tmp0vWGwx
16:54:55     INFO -  INFO - File integrity verified, renaming tmp0vWGwx to linux64-minidump_stackwalk
16:54:55     INFO -  INFO - Updating local cache /builds/tooltool_cache...
16:54:55     INFO -  INFO - Local cache /builds/tooltool_cache updated with linux64-minidump_stackwalk
16:54:55     INFO - Return code: 0
16:54:55     INFO - Chmoding /builds/slave/test/build/linux64-minidump_stackwalk to 0755
16:54:55     INFO - grabbing nodejs binary from tooltool
16:54:55     INFO - retry: Calling run_command with args: (['/tools/tooltool.py', '--url', 'https://api.pub.build.mozilla.org/tooltool/', '--authentication-file', '/builds/relengapi.tok', 'fetch', '-m', '/builds/slave/test/build/tests/config/tooltool-manifests/linux64/nodejs.manifest', '-o', '-c', '/builds/tooltool_cache'],), kwargs: {'output_timeout': 600, 'error_list': [{'substr': 'command not found', 'level': 'error'}, {'regex': <_sre.SRE_Pattern object at 0x228ca90>, 'level': 'warning'}, {'substr': 'Traceback (most recent call last)', 'level': 'error'}, {'substr': 'SyntaxError: ', 'level': 'error'}, {'substr': 'TypeError: ', 'level': 'error'}, {'substr': 'NameError: ', 'level': 'error'}, {'substr': 'ZeroDivisionError: ', 'level': 'error'}, {'regex': <_sre.SRE_Pattern object at 0x228e3f0>, 'level': 'critical'}, {'regex': <_sre.SRE_Pattern object at 0x228e670>, 'level': 'critical'}, {'substr': 'ERROR - ', 'level': 'error'}], 'cwd': '/builds/slave/test/build', 'privileged': False}, attempt #1
16:54:55     INFO - Running command: ['/tools/tooltool.py', '--url', 'https://api.pub.build.mozilla.org/tooltool/', '--authentication-file', '/builds/relengapi.tok', 'fetch', '-m', '/builds/slave/test/build/tests/config/tooltool-manifests/linux64/nodejs.manifest', '-o', '-c', '/builds/tooltool_cache'] in /builds/slave/test/build
16:54:55     INFO - Copy/paste: /tools/tooltool.py --url https://api.pub.build.mozilla.org/tooltool/ --authentication-file /builds/relengapi.tok fetch -m /builds/slave/test/build/tests/config/tooltool-manifests/linux64/nodejs.manifest -o -c /builds/tooltool_cache
16:54:55     INFO - Calling ['/tools/tooltool.py', '--url', 'https://api.pub.build.mozilla.org/tooltool/', '--authentication-file', '/builds/relengapi.tok', 'fetch', '-m', '/builds/slave/test/build/tests/config/tooltool-manifests/linux64/nodejs.manifest', '-o', '-c', '/builds/tooltool_cache'] with output_timeout 600
16:54:55     INFO -  INFO - File node-linux-x64.tar.gz not present in local cache folder /builds/tooltool_cache
16:54:55     INFO -  INFO - Attempting to fetch from 'https://api.pub.build.mozilla.org/tooltool/'...
16:54:56     INFO -  INFO - File node-linux-x64.tar.gz fetched from https://api.pub.build.mozilla.org/tooltool/ as /builds/slave/test/build/tmpeD_U3C
16:54:56     INFO -  INFO - File integrity verified, renaming tmpeD_U3C to node-linux-x64.tar.gz
16:54:56     INFO -  INFO - Updating local cache /builds/tooltool_cache...
16:54:56     INFO -  INFO - Local cache /builds/tooltool_cache updated with node-linux-x64.tar.gz
16:54:56     INFO -  INFO - untarring "node-linux-x64.tar.gz"
16:54:58     INFO - Return code: 0
16:54:58     INFO - Chmoding /builds/slave/test/build/node-linux-x64/bin/node to 0755
16:54:58     INFO - mkdir: /builds/slave/test/build/blobber_upload_dir
16:54:58     INFO - ENV: MOZ_UPLOAD_DIR is now /builds/slave/test/build/blobber_upload_dir
16:54:58     INFO - ENV: MINIDUMP_STACKWALK is now /builds/slave/test/build/linux64-minidump_stackwalk
16:54:58     INFO - ENV: MOZ_NODE_PATH is now /builds/slave/test/build/node-linux-x64/bin/node
16:54:58     INFO - ENV: MINIDUMP_SAVE_PATH is now /builds/slave/test/build/blobber_upload_dir
16:54:58     INFO - Running command: ['/builds/slave/test/build/venv/bin/python', '-u', '/builds/slave/test/build/tests/xpcshell/runxpcshelltests.py', '--symbols-path=https://queue.taskcluster.net/v1/task/I1iAdq48Sa60c5BCPWswkg/artifacts/public/build/firefox-52.8.2.en-US.linux-x86_64.crashreporter-symbols.zip', '--test-plugin-path=/builds/slave/test/build/application/firefox/plugins', '--log-raw=/builds/slave/test/build/blobber_upload_dir/xpcshell_raw.log', '--log-errorsummary=/builds/slave/test/build/blobber_upload_dir/xpcshell_errorsummary.log', '--utility-path=tests/bin', '--xpcshell=/builds/slave/test/build/application/firefox/xpcshell', '--manifest=tests/xpcshell/tests/xpcshell.ini'] in /builds/slave/test/build
16:54:58     INFO - Copy/paste: /builds/slave/test/build/venv/bin/python -u /builds/slave/test/build/tests/xpcshell/runxpcshelltests.py --symbols-path=https://queue.taskcluster.net/v1/task/I1iAdq48Sa60c5BCPWswkg/artifacts/public/build/firefox-52.8.2.en-US.linux-x86_64.crashreporter-symbols.zip --test-plugin-path=/builds/slave/test/build/application/firefox/plugins --log-raw=/builds/slave/test/build/blobber_upload_dir/xpcshell_raw.log --log-errorsummary=/builds/slave/test/build/blobber_upload_dir/xpcshell_errorsummary.log --utility-path=tests/bin --xpcshell=/builds/slave/test/build/application/firefox/xpcshell --manifest=tests/xpcshell/tests/xpcshell.ini
16:54:58     INFO - Using env: {'CCACHE_DIR': '/builds/ccache',
16:54:58     INFO -  'CCACHE_UMASK': '002',
16:54:58     INFO -  'DISPLAY': ':0',
16:54:58     INFO -  'HOME': '/home/cltbld',
16:54:58     INFO -  'LANG': 'en_US.UTF-8',
16:54:58     INFO -  'LOGNAME': 'cltbld',
16:54:58     INFO -  'MAIL': '/var/mail/cltbld',
16:54:58     INFO -  'MINIDUMP_SAVE_PATH': '/builds/slave/test/build/blobber_upload_dir',
16:54:58     INFO -  'MINIDUMP_STACKWALK': '/builds/slave/test/build/linux64-minidump_stackwalk',
16:54:58     INFO -  'MOZ_HIDE_RESULTS_TABLE': '1',
16:54:58     INFO -  'MOZ_NODE_PATH': '/builds/slave/test/build/node-linux-x64/bin/node',
16:54:58     INFO -  'MOZ_NO_REMOTE': '1',
16:54:58     INFO -  'MOZ_UPLOAD_DIR': '/builds/slave/test/build/blobber_upload_dir',
16:54:58     INFO -  'NODE_PATH': '/usr/lib/nodejs:/usr/lib/node_modules:/usr/share/javascript',
16:54:58     INFO -  'NO_FAIL_ON_TEST_ERRORS': '1',
16:54:58     INFO -  'PATH': '/builds/slave/test/build/venv/bin:/usr/local/bin:/usr/local/bin:/usr/bin:/bin:/usr/local/games:/usr/games',
16:54:58     INFO -  'PROPERTIES_FILE': '/builds/slave/test/buildprops.json',
16:54:58     INFO -  'PWD': '/builds/slave/test',
16:54:58     INFO -  'SHELL': '/bin/bash',
16:54:58     INFO -  'SHLVL': '1',
16:54:58     INFO -  'TERM': 'linux',
16:54:58     INFO -  'TMOUT': '86400',
16:54:58     INFO -  'USER': 'cltbld',
16:54:58     INFO -  'XDG_SESSION_COOKIE': '9ca12473fbb1d023794ffd180000023c-1528501916.320615-1747881629',
16:54:58     INFO -  '_': '/tools/buildbot/bin/python'}
16:54:58     INFO - Calling ['/builds/slave/test/build/venv/bin/python', '-u', '/builds/slave/test/build/tests/xpcshell/runxpcshelltests.py', '--symbols-path=https://queue.taskcluster.net/v1/task/I1iAdq48Sa60c5BCPWswkg/artifacts/public/build/firefox-52.8.2.en-US.linux-x86_64.crashreporter-symbols.zip', '--test-plugin-path=/builds/slave/test/build/application/firefox/plugins', '--log-raw=/builds/slave/test/build/blobber_upload_dir/xpcshell_raw.log', '--log-errorsummary=/builds/slave/test/build/blobber_upload_dir/xpcshell_errorsummary.log', '--utility-path=tests/bin', '--xpcshell=/builds/slave/test/build/application/firefox/xpcshell', '--manifest=tests/xpcshell/tests/xpcshell.ini'] with output_timeout 1000
16:54:59     INFO -  Found node at /builds/slave/test/build/node-linux-x64/bin/node
16:54:59     INFO -  Found moz-http2 at /builds/slave/test/build/tests/xpcshell/moz-http2/moz-http2.js
16:55:00     INFO -  Using at most 4 threads.
16:55:00     INFO -  SUITE-START | Running 3113 tests
16:55:00     INFO -  TEST-START | browser/components/extensions/test/xpcshell/test_ext_manifest_commands.js
16:55:00     INFO -  TEST-START | browser/components/extensions/test/xpcshell/test_ext_bookmarks.js
16:55:00     INFO -  TEST-START | browser/components/downloads/test/unit/test_DownloadsCommon.js
16:55:00     INFO -  TEST-START | browser/components/extensions/test/xpcshell/test_ext_history.js
16:55:02     INFO -  TEST-PASS | browser/components/downloads/test/unit/test_DownloadsCommon.js | took 1517ms
16:55:02     INFO -  TEST-START | browser/components/extensions/test/xpcshell/test_ext_manifest_omnibox.js
16:55:04     INFO -  TEST-PASS | browser/components/extensions/test/xpcshell/test_ext_manifest_commands.js | took 4258ms
16:55:05     INFO -  TEST-START | browser/components/extensions/test/xpcshell/test_ext_manifest_permissions.js
16:55:06     INFO -  TEST-PASS | browser/components/extensions/test/xpcshell/test_ext_manifest_omnibox.js | took 4655ms
16:55:07     INFO -  TEST-START | browser/components/feeds/test/unit/test_355473.js
16:55:08     INFO -  TEST-PASS | browser/components/feeds/test/unit/test_355473.js | took 1715ms
16:55:09     INFO -  TEST-START | browser/components/feeds/test/unit/test_758990.js
16:55:10     INFO -  TEST-PASS | browser/components/feeds/test/unit/test_758990.js | took 1558ms
16:55:10     INFO -  TEST-START | browser/components/migration/tests/unit/test_automigration.js
16:55:12     INFO -  TEST-PASS | browser/components/extensions/test/xpcshell/test_ext_history.js | took 12082ms
16:55:12     INFO -  TEST-START | browser/components/migration/tests/unit/test_Chrome_cookies.js
16:55:12     INFO -  TEST-SKIP | browser/components/migration/tests/unit/test_Chrome_cookies.js | took 3ms
16:55:12     INFO -  TEST-START | browser/components/migration/tests/unit/test_Chrome_passwords.js
16:55:12     INFO -  TEST-SKIP | browser/components/migration/tests/unit/test_Chrome_passwords.js | took 1ms
16:55:12     INFO -  TEST-START | browser/components/migration/tests/unit/test_Edge_availability.js
16:55:13     INFO -  TEST-PASS | browser/components/extensions/test/xpcshell/test_ext_manifest_permissions.js | took 8269ms
16:55:13     INFO -  TEST-START | browser/components/migration/tests/unit/test_Edge_db_migration.js
16:55:13     INFO -  TEST-SKIP | browser/components/migration/tests/unit/test_Edge_db_migration.js | took 1ms
16:55:13     INFO -  TEST-START | browser/components/migration/tests/unit/test_fx_telemetry.js
16:55:14     INFO -  TEST-PASS | browser/components/migration/tests/unit/test_Edge_availability.js | took 1787ms
16:55:14     INFO -  TEST-START | browser/components/migration/tests/unit/test_IE_bookmarks.js
16:55:14     INFO -  TEST-SKIP | browser/components/migration/tests/unit/test_IE_bookmarks.js | took 2ms
16:55:14     INFO -  TEST-START | browser/components/migration/tests/unit/test_IE_cookies.js
16:55:14     INFO -  TEST-SKIP | browser/components/migration/tests/unit/test_IE_cookies.js | took 1ms
16:55:14     INFO -  TEST-START | browser/components/migration/tests/unit/test_IE7_passwords.js
16:55:14     INFO -  TEST-SKIP | browser/components/migration/tests/unit/test_IE7_passwords.js | took 1ms
16:55:14     INFO -  TEST-START | browser/components/migration/tests/unit/test_Safari_bookmarks.js
16:55:14     INFO -  TEST-SKIP | browser/components/migration/tests/unit/test_Safari_bookmarks.js | took 1ms
16:55:14     INFO -  TEST-START | browser/components/newtab/tests/xpcshell/test_AboutNewTabService.js
16:55:15     INFO -  TEST-PASS | browser/components/extensions/test/xpcshell/test_ext_bookmarks.js | took 14887ms
16:55:15     INFO -  TEST-START | browser/components/newtab/tests/xpcshell/test_NewTabPrefsProvider.js
16:55:16     INFO -  TEST-PASS | browser/components/migration/tests/unit/test_fx_telemetry.js | took 3235ms
16:55:16     INFO -  TEST-START | browser/components/newtab/tests/xpcshell/test_NewTabSearchProvider.js
16:55:17     INFO -  TEST-PASS | browser/components/newtab/tests/xpcshell/test_AboutNewTabService.js | took 2190ms
16:55:17     INFO -  TEST-START | browser/components/newtab/tests/xpcshell/test_NewTabURL.js
16:55:17     INFO -  TEST-PASS | browser/components/newtab/tests/xpcshell/test_NewTabPrefsProvider.js | took 1977ms
16:55:17     INFO -  TEST-START | browser/components/newtab/tests/xpcshell/test_PlacesProvider.js
16:55:19     INFO -  TEST-PASS | browser/components/newtab/tests/xpcshell/test_NewTabURL.js | took 1823ms
16:55:19     INFO -  TEST-START | browser/components/places/tests/unit/test_421483.js
16:55:19     INFO -  TEST-PASS | browser/components/migration/tests/unit/test_automigration.js | took 8833ms
16:55:19     INFO -  TEST-START | browser/components/places/tests/unit/test_browserGlue_bookmarkshtml.js
16:55:20     INFO -  TEST-PASS | browser/components/newtab/tests/xpcshell/test_NewTabSearchProvider.js | took 3811ms
16:55:20     INFO -  TEST-START | browser/components/places/tests/unit/test_browserGlue_corrupt.js
16:55:22     INFO -  TEST-PASS | browser/components/newtab/tests/xpcshell/test_PlacesProvider.js | took 4428ms
16:55:22     INFO -  TEST-START | browser/components/places/tests/unit/test_browserGlue_corrupt_nobackup.js
16:55:23     INFO -  TEST-PASS | browser/components/places/tests/unit/test_browserGlue_bookmarkshtml.js | took 3364ms
16:55:23     INFO -  TEST-START | browser/components/places/tests/unit/test_browserGlue_corrupt_nobackup_default.js
16:55:24     INFO -  TEST-PASS | browser/components/places/tests/unit/test_421483.js | took 4943ms
16:55:24     INFO -  TEST-START | browser/components/places/tests/unit/test_browserGlue_distribution.js
16:55:25     INFO -  TEST-PASS | browser/components/places/tests/unit/test_browserGlue_corrupt.js | took 4521ms
16:55:25     INFO -  TEST-START | browser/components/places/tests/unit/test_browserGlue_migrate.js
16:55:26     INFO -  TEST-PASS | browser/components/places/tests/unit/test_browserGlue_corrupt_nobackup.js | took 4056ms
16:55:26     INFO -  TEST-START | browser/components/places/tests/unit/test_browserGlue_prefs.js
16:55:27     INFO -  TEST-PASS | browser/components/places/tests/unit/test_browserGlue_corrupt_nobackup_default.js | took 4118ms
16:55:27     INFO -  TEST-START | browser/components/places/tests/unit/test_browserGlue_restore.js
16:55:29     INFO -  TEST-PASS | browser/components/places/tests/unit/test_browserGlue_migrate.js | took 3851ms
16:55:29     INFO -  TEST-START | browser/components/places/tests/unit/test_browserGlue_smartBookmarks.js
16:55:30     INFO -  TEST-PASS | browser/components/places/tests/unit/test_browserGlue_distribution.js | took 5878ms
16:55:30     INFO -  TEST-START | browser/components/places/tests/unit/test_browserGlue_urlbar_defaultbehavior_migration.js
16:55:31     INFO -  TEST-PASS | browser/components/places/tests/unit/test_browserGlue_restore.js | took 4008ms
16:55:31     INFO -  TEST-START | browser/components/places/tests/unit/test_clearHistory_shutdown.js
16:55:33     INFO -  TEST-PASS | browser/components/places/tests/unit/test_browserGlue_urlbar_defaultbehavior_migration.js | took 3536ms
16:55:34     INFO -  TEST-START | browser/components/places/tests/unit/test_leftpane_corruption_handling.js
16:55:34     INFO -  TEST-PASS | browser/components/places/tests/unit/test_browserGlue_prefs.js | took 7599ms
16:55:34     INFO -  TEST-START | browser/components/places/tests/unit/test_PUIU_makeTransaction.js
16:55:37     INFO -  TEST-PASS | browser/components/places/tests/unit/test_PUIU_makeTransaction.js | took 2976ms
16:55:37     INFO -  TEST-PASS | browser/components/places/tests/unit/test_browserGlue_smartBookmarks.js | took 7915ms
16:55:37     INFO -  TEST-START | browser/components/sessionstore/test/unit/test_backup_once.js
16:55:37     INFO -  TEST-START | browser/components/sessionstore/test/unit/test_histogram_corrupt_files.js
16:55:39     INFO -  TEST-PASS | browser/components/places/tests/unit/test_clearHistory_shutdown.js | took 7381ms
16:55:39     INFO -  TEST-START | browser/components/sessionstore/test/unit/test_shutdown_cleanup.js
16:55:40     INFO -  TEST-PASS | browser/components/places/tests/unit/test_leftpane_corruption_handling.js | took 6262ms
16:55:40     INFO -  TEST-START | browser/components/sessionstore/test/unit/test_startup_nosession_async.js
16:55:41     INFO -  TEST-PASS | browser/components/sessionstore/test/unit/test_backup_once.js | took 3484ms
16:55:41     INFO -  TEST-START | browser/components/sessionstore/test/unit/test_startup_session_async.js
16:55:42     INFO -  TEST-PASS | browser/components/sessionstore/test/unit/test_shutdown_cleanup.js | took 2827ms
16:55:42     INFO -  TEST-START | browser/components/sessionstore/test/unit/test_startup_invalid_session.js
16:55:43     INFO -  TEST-PASS | browser/components/sessionstore/test/unit/test_startup_session_async.js | took 1880ms
16:55:43     INFO -  TEST-START | browser/components/shell/test/unit/test_421977.js
16:55:43     INFO -  TEST-PASS | browser/components/shell/test/unit/test_421977.js | took 665ms
16:55:43     INFO -  TEST-START | browser/components/syncedtabs/test/xpcshell/test_EventEmitter.js
16:55:44     INFO -  TEST-PASS | browser/components/syncedtabs/test/xpcshell/test_EventEmitter.js | took 447ms
16:55:44     INFO -  TEST-START | browser/components/syncedtabs/test/xpcshell/test_SyncedTabsDeckStore.js
16:55:44     INFO -  TEST-PASS | browser/components/syncedtabs/test/xpcshell/test_SyncedTabsDeckStore.js | took 461ms
16:55:44     INFO -  TEST-START | browser/components/syncedtabs/test/xpcshell/test_SyncedTabsListStore.js
16:55:45     INFO -  TEST-PASS | browser/components/syncedtabs/test/xpcshell/test_SyncedTabsListStore.js | took 604ms
16:55:45     INFO -  TEST-START | browser/components/syncedtabs/test/xpcshell/test_SyncedTabsDeckComponent.js
16:55:46     INFO -  TEST-PASS | browser/components/sessionstore/test/unit/test_histogram_corrupt_files.js | took 8325ms
16:55:46     INFO -  TEST-START | browser/components/syncedtabs/test/xpcshell/test_TabListComponent.js
16:55:46     INFO -  TEST-PASS | browser/components/syncedtabs/test/xpcshell/test_SyncedTabsDeckComponent.js | took 796ms
16:55:46     INFO -  TEST-START | browser/components/tests/unit/test_distribution.js
16:55:47     INFO -  TEST-PASS | browser/components/syncedtabs/test/xpcshell/test_TabListComponent.js | took 1195ms
16:55:47     INFO -  TEST-START | browser/components/tests/unit/test_browserGlue_migration_loop_cleanup.js
16:55:47     INFO -  TEST-PASS | browser/components/sessionstore/test/unit/test_startup_nosession_async.js | took 7130ms
16:55:47     INFO -  TEST-START | browser/components/translation/test/unit/test_cld2.js
16:55:48     INFO -  TEST-PASS | browser/components/tests/unit/test_distribution.js | took 2238ms
16:55:48     INFO -  TEST-START | browser/experiments/test/xpcshell/test_activate.js
16:55:49     INFO -  TEST-PASS | browser/components/sessionstore/test/unit/test_startup_invalid_session.js | took 6729ms
16:55:49     INFO -  TEST-START | browser/experiments/test/xpcshell/test_api.js
16:55:49     INFO -  TEST-PASS | browser/components/tests/unit/test_browserGlue_migration_loop_cleanup.js | took 1885ms
16:55:49     INFO -  TEST-START | browser/experiments/test/xpcshell/test_cache.js
16:55:55     INFO -  TEST-PASS | browser/components/translation/test/unit/test_cld2.js | took 7191ms
16:55:55     INFO -  TEST-START | browser/experiments/test/xpcshell/test_cacherace.js
16:55:57     INFO -  TEST-PASS | browser/experiments/test/xpcshell/test_activate.js | took 8934ms
16:55:58     INFO -  TEST-START | browser/experiments/test/xpcshell/test_conditions.js
16:56:04     INFO -  TEST-PASS | browser/experiments/test/xpcshell/test_cacherace.js | took 9030ms
16:56:04     INFO -  TEST-START | browser/experiments/test/xpcshell/test_disableExperiments.js
16:56:10     INFO -  TEST-PASS | browser/experiments/test/xpcshell/test_conditions.js | took 12178ms
16:56:10     INFO -  TEST-START | browser/experiments/test/xpcshell/test_fetch.js
16:56:11     INFO -  TEST-PASS | browser/experiments/test/xpcshell/test_cache.js | took 22398ms
16:56:12     INFO -  TEST-START | browser/experiments/test/xpcshell/test_telemetry.js
16:56:13     INFO -  TEST-PASS | browser/experiments/test/xpcshell/test_disableExperiments.js | took 9272ms
16:56:13     INFO -  TEST-START | browser/experiments/test/xpcshell/test_telemetry_disabled.js
16:56:18     INFO -  TEST-PASS | browser/experiments/test/xpcshell/test_fetch.js | took 8374ms
16:56:18     INFO -  TEST-PASS | browser/experiments/test/xpcshell/test_telemetry_disabled.js | took 5007ms
16:56:18     INFO -  TEST-START | browser/experiments/test/xpcshell/test_previous_provider.js
16:56:19     INFO -  TEST-START | browser/experiments/test/xpcshell/test_upgrade.js
16:56:21     INFO -  TEST-PASS | browser/experiments/test/xpcshell/test_upgrade.js | took 2698ms
16:56:21     INFO -  TEST-START | browser/experiments/test/xpcshell/test_nethang_bug1012924.js
16:56:26     INFO -  TEST-PASS | browser/experiments/test/xpcshell/test_telemetry.js | took 14872ms
16:56:27     INFO -  TEST-START | browser/modules/test/unit/social/test_social.js
16:56:27     INFO -  TEST-PASS | browser/experiments/test/xpcshell/test_nethang_bug1012924.js | took 5608ms
16:56:27     INFO -  TEST-START | browser/modules/test/unit/social/test_socialDisabledStartup.js
16:56:28     INFO -  TEST-PASS | browser/experiments/test/xpcshell/test_previous_provider.js | took 9719ms
16:56:28     INFO -  TEST-START | browser/modules/test/unit/social/test_SocialService.js
16:56:31     INFO -  TEST-PASS | browser/modules/test/unit/social/test_social.js | took 3904ms
16:56:31     INFO -  TEST-START | browser/modules/test/unit/social/test_SocialServiceMigration21.js
16:56:31     INFO -  TEST-PASS | browser/modules/test/unit/social/test_socialDisabledStartup.js | took 3764ms
16:56:31     INFO -  TEST-START | browser/modules/test/unit/social/test_SocialServiceMigration22.js
16:56:33     INFO -  TEST-PASS | browser/modules/test/unit/social/test_SocialService.js | took 4550ms
16:56:33     INFO -  TEST-START | browser/modules/test/unit/social/test_SocialServiceMigration29.js
16:56:34     INFO -  TEST-PASS | browser/modules/test/unit/social/test_SocialServiceMigration21.js | took 3506ms
16:56:34     INFO -  TEST-START | browser/modules/test/xpcshell/test_AttributionCode.js
16:56:34     INFO -  TEST-SKIP | browser/modules/test/xpcshell/test_AttributionCode.js | took 3ms
16:56:34     INFO -  TEST-START | browser/modules/test/xpcshell/test_DirectoryLinksProvider.js
16:56:35     INFO -  TEST-PASS | browser/modules/test/unit/social/test_SocialServiceMigration22.js | took 3486ms
16:56:35     INFO -  TEST-START | browser/modules/test/xpcshell/test_SitePermissions.js
16:56:36     INFO -  TEST-PASS | browser/modules/test/unit/social/test_SocialServiceMigration29.js | took 3383ms
16:56:37     INFO -  TEST-START | browser/modules/test/xpcshell/test_LaterRun.js
16:56:37     INFO -  TEST-PASS | browser/modules/test/xpcshell/test_SitePermissions.js | took 1777ms
16:56:37     INFO -  TEST-START | caps/tests/unit/test_origin.js
16:56:39     INFO -  TEST-PASS | browser/modules/test/xpcshell/test_LaterRun.js | took 2142ms
16:56:39     INFO -  TEST-START | chrome/test/unit/test_abi.js
16:56:41     INFO -  TEST-PASS | caps/tests/unit/test_origin.js | took 3610ms
16:56:41     INFO -  TEST-PASS | chrome/test/unit/test_abi.js | took 1738ms
16:56:41     INFO -  TEST-START | chrome/test/unit/test_bug292789.js
16:56:41     INFO -  TEST-START | chrome/test/unit/test_bug380398.js
16:56:42     INFO -  TEST-PASS | chrome/test/unit/test_bug292789.js | took 1525ms
16:56:42     INFO -  TEST-START | chrome/test/unit/test_bug397073.js
16:56:43     INFO -  TEST-PASS | chrome/test/unit/test_bug380398.js | took 1688ms
16:56:43     INFO -  TEST-START | chrome/test/unit/test_bug399707.js
16:56:44     INFO -  TEST-PASS | chrome/test/unit/test_bug397073.js | took 1600ms
16:56:44     INFO -  TEST-START | chrome/test/unit/test_bug401153.js
16:56:44     INFO -  TEST-PASS | chrome/test/unit/test_bug399707.js | took 1640ms
16:56:45     INFO -  TEST-START | chrome/test/unit/test_bug415367.js
16:56:46     INFO -  TEST-PASS | chrome/test/unit/test_bug401153.js | took 1635ms
16:56:46     INFO -  TEST-START | chrome/test/unit/test_bug519468.js
16:56:46     INFO -  TEST-PASS | chrome/test/unit/test_bug415367.js | took 1534ms
16:56:46     INFO -  TEST-START | chrome/test/unit/test_bug564667.js
16:56:47     INFO -  TEST-PASS | chrome/test/unit/test_bug519468.js | took 1305ms
16:56:48     INFO -  TEST-START | chrome/test/unit/test_bug848297.js
16:56:48     INFO -  TEST-PASS | chrome/test/unit/test_bug564667.js | took 1344ms
16:56:48     INFO -  TEST-START | chrome/test/unit/test_crlf.js
16:56:49     INFO -  TEST-PASS | chrome/test/unit/test_bug848297.js | took 1138ms
16:56:49     INFO -  TEST-START | chrome/test/unit/test_data_protocol_registration.js
16:56:49     INFO -  TEST-PASS | chrome/test/unit/test_crlf.js | took 1243ms
16:56:49     INFO -  TEST-START | chrome/test/unit/test_no_remote_registration.js
16:56:50     INFO -  TEST-PASS | chrome/test/unit/test_data_protocol_registration.js | took 1367ms
16:56:50     INFO -  TEST-START | chrome/test/unit/test_resolve_uris.js
16:56:51     INFO -  TEST-PASS | chrome/test/unit/test_no_remote_registration.js | took 1475ms
16:56:51     INFO -  TEST-START | chrome/test/unit_ipc/test_resolve_uris_ipc.js
16:56:52     INFO -  TEST-PASS | chrome/test/unit/test_resolve_uris.js | took 1537ms
16:56:52     INFO -  TEST-START | devtools/client/animationinspector/test/unit/test_findOptimalTimeInterval.js
16:56:54     INFO -  TEST-PASS | devtools/client/animationinspector/test/unit/test_findOptimalTimeInterval.js | took 2114ms
16:56:54     INFO -  TEST-START | devtools/client/animationinspector/test/unit/test_formatStopwatchTime.js
16:56:55     INFO -  TEST-PASS | chrome/test/unit_ipc/test_resolve_uris_ipc.js | took 3907ms
16:56:55     INFO -  TEST-START | devtools/client/animationinspector/test/unit/test_getCssPropertyName.js
16:56:56     INFO -  TEST-PASS | browser/modules/test/xpcshell/test_DirectoryLinksProvider.js | took 21249ms
16:56:56     INFO -  TEST-START | devtools/client/animationinspector/test/unit/test_timeScale.js
16:56:56     INFO -  TEST-PASS | browser/experiments/test/xpcshell/test_api.js | took 67718ms
16:56:56     INFO -  TEST-PASS | devtools/client/animationinspector/test/unit/test_formatStopwatchTime.js | took 2050ms
16:56:57     INFO -  TEST-START | devtools/client/animationinspector/test/unit/test_timeScale_dimensions.js
16:56:57     INFO -  TEST-START | devtools/client/memory/test/unit/test_action_diffing_01.js
16:56:57     INFO -  TEST-PASS | devtools/client/animationinspector/test/unit/test_getCssPropertyName.js | took 2019ms
16:56:57     INFO -  TEST-START | devtools/client/memory/test/unit/test_action_diffing_02.js
16:56:58     INFO -  TEST-PASS | devtools/client/animationinspector/test/unit/test_timeScale.js | took 2089ms
16:56:58     INFO -  TEST-START | devtools/client/memory/test/unit/test_action_diffing_03.js
16:56:58     INFO -  TEST-PASS | devtools/client/animationinspector/test/unit/test_timeScale_dimensions.js | took 1732ms
16:56:59     INFO -  TEST-START | devtools/client/memory/test/unit/test_action_diffing_04.js
16:57:00     INFO -  TEST-PASS | devtools/client/memory/test/unit/test_action_diffing_01.js | took 3337ms
16:57:00     INFO -  TEST-START | devtools/client/memory/test/unit/test_action_diffing_05.js
16:57:13     INFO -  TEST-PASS | devtools/client/memory/test/unit/test_action_diffing_03.js | took 14583ms
16:57:13     INFO -  TEST-START | devtools/client/memory/test/unit/test_action-clear-snapshots_01.js
16:57:16     INFO -  TEST-PASS | devtools/client/memory/test/unit/test_action_diffing_02.js | took 18420ms
16:57:16     INFO -  TEST-START | devtools/client/memory/test/unit/test_action-clear-snapshots_02.js
16:57:16     INFO -  TEST-PASS | devtools/client/memory/test/unit/test_action_diffing_04.js | took 17479ms
16:57:16     INFO -  TEST-START | devtools/client/memory/test/unit/test_action-clear-snapshots_03.js
16:57:22     INFO -  TEST-PASS | devtools/client/memory/test/unit/test_action_diffing_05.js | took 21261ms
16:57:22     INFO -  TEST-PASS | devtools/client/memory/test/unit/test_action-clear-snapshots_01.js | took 8784ms
16:57:22     INFO -  TEST-START | devtools/client/memory/test/unit/test_action-clear-snapshots_04.js
16:57:22     INFO -  TEST-START | devtools/client/memory/test/unit/test_action-clear-snapshots_05.js
16:57:25     INFO -  TEST-PASS | devtools/client/memory/test/unit/test_action-clear-snapshots_03.js | took 8668ms
16:57:25     INFO -  TEST-START | devtools/client/memory/test/unit/test_action-clear-snapshots_06.js
16:57:27     INFO -  TEST-PASS | devtools/client/memory/test/unit/test_action-clear-snapshots_02.js | took 11644ms
16:57:28     INFO -  TEST-START | devtools/client/memory/test/unit/test_action-export-snapshot.js
16:57:35     INFO -  TEST-PASS | devtools/client/memory/test/unit/test_action-clear-snapshots_05.js | took 13354ms
16:57:35     INFO -  TEST-START | devtools/client/memory/test/unit/test_action-filter-01.js
16:57:36     INFO -  TEST-PASS | devtools/client/memory/test/unit/test_action-export-snapshot.js | took 8772ms
16:57:37     INFO -  TEST-START | devtools/client/memory/test/unit/test_action-filter-02.js
16:57:39     INFO -  TEST-PASS | devtools/client/memory/test/unit/test_action-filter-01.js | took 3236ms
16:57:39     INFO -  TEST-START | devtools/client/memory/test/unit/test_action-filter-03.js
16:57:40     INFO -  TEST-PASS | devtools/client/memory/test/unit/test_action-clear-snapshots_06.js | took 15275ms
16:57:40     INFO -  TEST-PASS | devtools/client/memory/test/unit/test_action-clear-snapshots_04.js | took 18739ms
16:57:40     INFO -  TEST-START | devtools/client/memory/test/unit/test_action-import-snapshot-and-census.js
16:57:41     INFO -  TEST-START | devtools/client/memory/test/unit/test_action-import-snapshot-dominator-tree.js
16:57:49     INFO -  TEST-PASS | devtools/client/memory/test/unit/test_action-filter-03.js | took 10524ms
16:57:49     INFO -  TEST-START | devtools/client/memory/test/unit/test_action-select-snapshot.js
16:57:52     INFO -  TEST-PASS | devtools/client/memory/test/unit/test_action-import-snapshot-and-census.js | took 11220ms
16:57:52     INFO -  TEST-START | devtools/client/memory/test/unit/test_action-set-display.js
16:57:55     INFO -  TEST-PASS | devtools/client/memory/test/unit/test_action-import-snapshot-dominator-tree.js | took 13949ms
16:57:55     INFO -  TEST-START | devtools/client/memory/test/unit/test_action-set-display-and-refresh-01.js
16:57:57     INFO -  TEST-PASS | devtools/client/memory/test/unit/test_action-filter-02.js | took 20530ms
16:57:57     INFO -  TEST-START | devtools/client/memory/test/unit/test_action-set-display-and-refresh-02.js
16:58:00     INFO -  TEST-PASS | devtools/client/memory/test/unit/test_action-set-display.js | took 8485ms
16:58:00     INFO -  TEST-START | devtools/client/memory/test/unit/test_action-take-census.js
16:58:06     INFO -  TEST-PASS | devtools/client/memory/test/unit/test_action-set-display-and-refresh-02.js | took 8261ms
16:58:06     INFO -  TEST-START | devtools/client/memory/test/unit/test_action-take-snapshot.js
16:58:08     INFO -  TEST-PASS | devtools/client/memory/test/unit/test_action-select-snapshot.js | took 18052ms
16:58:08     INFO -  TEST-START | devtools/client/memory/test/unit/test_action-take-snapshot-and-census.js
16:58:16     INFO -  TEST-PASS | devtools/client/memory/test/unit/test_action-take-snapshot-and-census.js | took 8372ms
16:58:16     INFO -  TEST-PASS | devtools/client/memory/test/unit/test_action-take-census.js | took 15617ms
16:58:16     INFO -  TEST-START | devtools/client/memory/test/unit/test_action-toggle-inverted.js
16:58:16     INFO -  TEST-START | devtools/client/memory/test/unit/test_action-toggle-inverted-and-refresh-01.js
16:58:17     INFO -  TEST-PASS | devtools/client/memory/test/unit/test_action-set-display-and-refresh-01.js | took 22203ms
16:58:17     INFO -  TEST-START | devtools/client/memory/test/unit/test_action-toggle-inverted-and-refresh-02.js
16:58:19     INFO -  TEST-PASS | devtools/client/memory/test/unit/test_action-toggle-inverted.js | took 3027ms
16:58:19     INFO -  TEST-START | devtools/client/memory/test/unit/test_action-toggle-recording-allocations.js
16:58:21     INFO -  TEST-PASS | devtools/client/memory/test/unit/test_action-take-snapshot.js | took 15339ms
16:58:21     INFO -  TEST-START | devtools/client/memory/test/unit/test_dominator_trees_01.js
16:58:22     INFO -  TEST-PASS | devtools/client/memory/test/unit/test_action-toggle-recording-allocations.js | took 3048ms
16:58:23     INFO -  TEST-START | devtools/client/memory/test/unit/test_dominator_trees_02.js
16:58:26     INFO -  TEST-PASS | devtools/client/memory/test/unit/test_action-toggle-inverted-and-refresh-02.js | took 9103ms
16:58:26     INFO -  TEST-START | devtools/client/memory/test/unit/test_dominator_trees_03.js
16:58:35     INFO -  TEST-PASS | devtools/client/memory/test/unit/test_action-toggle-inverted-and-refresh-01.js | took 18674ms
16:58:35     INFO -  TEST-START | devtools/client/memory/test/unit/test_dominator_trees_04.js
16:58:36     INFO -  TEST-PASS | devtools/client/memory/test/unit/test_dominator_trees_01.js | took 14967ms
16:58:36     INFO -  TEST-START | devtools/client/memory/test/unit/test_dominator_trees_05.js
16:58:38     INFO -  TEST-PASS | devtools/client/memory/test/unit/test_dominator_trees_02.js | took 15100ms
16:58:38     INFO -  TEST-START | devtools/client/memory/test/unit/test_dominator_trees_06.js
16:58:41     INFO -  TEST-PASS | devtools/client/memory/test/unit/test_dominator_trees_03.js | took 15004ms
16:58:41     INFO -  TEST-START | devtools/client/memory/test/unit/test_dominator_trees_07.js
16:58:53     INFO -  TEST-PASS | devtools/client/memory/test/unit/test_dominator_trees_06.js | took 15403ms
16:58:53     INFO -  TEST-START | devtools/client/memory/test/unit/test_dominator_trees_08.js
16:58:58     INFO -  TEST-PASS | devtools/client/memory/test/unit/test_dominator_trees_07.js | took 16372ms
16:58:58     INFO -  TEST-START | devtools/client/memory/test/unit/test_dominator_trees_09.js
16:59:00     INFO -  TEST-PASS | devtools/client/memory/test/unit/test_dominator_trees_05.js | took 23691ms
16:59:00     INFO -  TEST-START | devtools/client/memory/test/unit/test_dominator_trees_10.js
16:59:11     INFO -  TEST-PASS | devtools/client/memory/test/unit/test_dominator_trees_08.js | took 18012ms
16:59:12     INFO -  TEST-START | devtools/client/memory/test/unit/test_individuals_01.js
16:59:16     INFO -  TEST-PASS | devtools/client/memory/test/unit/test_dominator_trees_09.js | took 17829ms
16:59:16     INFO -  TEST-START | devtools/client/memory/test/unit/test_individuals_02.js
16:59:22     INFO -  TEST-PASS | devtools/client/memory/test/unit/test_dominator_trees_10.js | took 21729ms
16:59:22     INFO -  TEST-START | devtools/client/memory/test/unit/test_individuals_03.js
16:59:25     INFO -  TEST-PASS | devtools/client/memory/test/unit/test_dominator_trees_04.js | took 49916ms
16:59:25     INFO -  TEST-START | devtools/client/memory/test/unit/test_individuals_04.js
16:59:34     INFO -  TEST-PASS | devtools/client/memory/test/unit/test_individuals_01.js | took 22168ms
16:59:34     INFO -  TEST-START | devtools/client/memory/test/unit/test_individuals_05.js
16:59:38     INFO -  TEST-PASS | devtools/client/memory/test/unit/test_individuals_02.js | took 22293ms
16:59:38     INFO -  TEST-START | devtools/client/memory/test/unit/test_individuals_06.js
16:59:44     INFO -  TEST-PASS | devtools/client/memory/test/unit/test_individuals_04.js | took 18800ms
16:59:44     INFO -  TEST-START | devtools/client/memory/test/unit/test_pop_view_01.js
16:59:48     INFO -  TEST-PASS | devtools/client/memory/test/unit/test_individuals_03.js | took 25888ms
16:59:48     INFO -  TEST-START | devtools/client/memory/test/unit/test_tree-map-01.js
16:59:51     INFO -  TEST-PASS | devtools/client/memory/test/unit/test_tree-map-01.js | took 3064ms
16:59:51     INFO -  TEST-START | devtools/client/memory/test/unit/test_tree-map-02.js
16:59:54     INFO -  TEST-PASS | devtools/client/memory/test/unit/test_tree-map-02.js | took 3040ms
16:59:54     INFO -  TEST-START | devtools/client/memory/test/unit/test_utils.js
16:59:58     INFO -  TEST-PASS | devtools/client/memory/test/unit/test_utils.js | took 3068ms
16:59:58     INFO -  TEST-START | devtools/client/memory/test/unit/test_utils-get-snapshot-totals.js
17:00:01     INFO -  TEST-PASS | devtools/client/memory/test/unit/test_individuals_06.js | took 22757ms
17:00:01     INFO -  TEST-START | devtools/client/performance/test/unit/test_frame-utils-01.js
17:00:03     INFO -  TEST-PASS | devtools/client/memory/test/unit/test_pop_view_01.js | took 19195ms
17:00:04     INFO -  TEST-START | devtools/client/performance/test/unit/test_frame-utils-02.js
17:00:06     INFO -  TEST-PASS | devtools/client/memory/test/unit/test_individuals_05.js | took 31850ms
17:00:06     INFO -  TEST-PASS | devtools/client/performance/test/unit/test_frame-utils-01.js | took 4592ms
17:00:06     INFO -  TEST-START | devtools/client/performance/test/unit/test_marker-blueprint.js
17:00:06     INFO -  TEST-START | devtools/client/performance/test/unit/test_marker-utils.js
17:00:08     INFO -  TEST-PASS | devtools/client/performance/test/unit/test_frame-utils-02.js | took 4126ms
17:00:08     INFO -  TEST-START | devtools/client/performance/test/unit/test_profiler-categories.js
17:00:08     INFO -  TEST-PASS | devtools/client/memory/test/unit/test_utils-get-snapshot-totals.js | took 10444ms
17:00:08     INFO -  TEST-START | devtools/client/performance/test/unit/test_jit-graph-data.js
17:00:09     INFO -  TEST-PASS | devtools/client/performance/test/unit/test_marker-blueprint.js | took 2580ms
17:00:09     INFO -  TEST-START | devtools/client/performance/test/unit/test_jit-model-01.js
17:00:09     INFO -  TEST-PASS | devtools/client/performance/test/unit/test_marker-utils.js | took 2644ms
17:00:09     INFO -  TEST-START | devtools/client/performance/test/unit/test_jit-model-02.js
17:00:10     INFO -  TEST-PASS | devtools/client/performance/test/unit/test_profiler-categories.js | took 2408ms
17:00:11     INFO -  TEST-START | devtools/client/performance/test/unit/test_perf-utils-allocations-to-samples.js
17:00:11     INFO -  TEST-PASS | devtools/client/performance/test/unit/test_jit-model-01.js | took 1912ms
17:00:11     INFO -  TEST-START | devtools/client/performance/test/unit/test_tree-model-01.js
17:00:11     INFO -  TEST-PASS | devtools/client/performance/test/unit/test_jit-model-02.js | took 2080ms
17:00:11     INFO -  TEST-START | devtools/client/performance/test/unit/test_tree-model-02.js
17:00:13     INFO -  TEST-PASS | devtools/client/performance/test/unit/test_perf-utils-allocations-to-samples.js | took 2151ms
17:00:13     INFO -  TEST-START | devtools/client/performance/test/unit/test_tree-model-03.js
17:00:13     INFO -  TEST-PASS | devtools/client/performance/test/unit/test_jit-graph-data.js | took 4717ms
17:00:13     INFO -  TEST-START | devtools/client/performance/test/unit/test_tree-model-04.js
17:00:15     INFO -  TEST-PASS | devtools/client/performance/test/unit/test_tree-model-01.js | took 4513ms
17:00:16     INFO -  TEST-START | devtools/client/performance/test/unit/test_tree-model-05.js
17:00:16     INFO -  TEST-PASS | devtools/client/performance/test/unit/test_tree-model-02.js | took 4328ms
17:00:16     INFO -  TEST-START | devtools/client/performance/test/unit/test_tree-model-06.js
17:00:17     INFO -  TEST-PASS | devtools/client/performance/test/unit/test_tree-model-03.js | took 4440ms
17:00:17     INFO -  TEST-START | devtools/client/performance/test/unit/test_tree-model-07.js
17:00:18     INFO -  TEST-PASS | devtools/client/performance/test/unit/test_tree-model-04.js | took 4386ms
17:00:18     INFO -  TEST-START | devtools/client/performance/test/unit/test_tree-model-08.js
17:00:20     INFO -  TEST-PASS | devtools/client/performance/test/unit/test_tree-model-05.js | took 4277ms
17:00:20     INFO -  TEST-START | devtools/client/performance/test/unit/test_tree-model-09.js
17:00:20     INFO -  TEST-PASS | devtools/client/performance/test/unit/test_tree-model-06.js | took 4234ms
17:00:20     INFO -  TEST-START | devtools/client/performance/test/unit/test_tree-model-10.js
17:00:22     INFO -  TEST-PASS | devtools/client/performance/test/unit/test_tree-model-07.js | took 4344ms
17:00:22     INFO -  TEST-START | devtools/client/performance/test/unit/test_tree-model-11.js
17:00:22     INFO -  TEST-PASS | devtools/client/performance/test/unit/test_tree-model-08.js | took 4620ms
17:00:23     INFO -  TEST-START | devtools/client/performance/test/unit/test_tree-model-12.js
17:00:24     INFO -  TEST-PASS | devtools/client/performance/test/unit/test_tree-model-09.js | took 4336ms
17:00:25     INFO -  TEST-START | devtools/client/performance/test/unit/test_tree-model-13.js
17:00:25     INFO -  TEST-PASS | devtools/client/performance/test/unit/test_tree-model-10.js | took 4314ms
17:00:25     INFO -  TEST-START | devtools/client/performance/test/unit/test_tree-model-allocations-01.js
17:00:26     INFO -  TEST-PASS | devtools/client/performance/test/unit/test_tree-model-11.js | took 4349ms
17:00:27     INFO -  TEST-START | devtools/client/performance/test/unit/test_tree-model-allocations-02.js
17:00:27     INFO -  TEST-PASS | devtools/client/performance/test/unit/test_tree-model-12.js | took 4298ms
17:00:27     INFO -  TEST-START | devtools/client/performance/test/unit/test_waterfall-utils-collapse-01.js
17:00:29     INFO -  TEST-PASS | devtools/client/performance/test/unit/test_tree-model-13.js | took 4209ms
17:00:29     INFO -  TEST-START | devtools/client/performance/test/unit/test_waterfall-utils-collapse-02.js
17:00:29     INFO -  TEST-PASS | devtools/client/performance/test/unit/test_tree-model-allocations-01.js | took 4284ms
17:00:29     INFO -  TEST-START | devtools/client/performance/test/unit/test_waterfall-utils-collapse-03.js
17:00:30     INFO -  TEST-PASS | devtools/client/performance/test/unit/test_waterfall-utils-collapse-01.js | took 2854ms
17:00:30     INFO -  TEST-START | devtools/client/performance/test/unit/test_waterfall-utils-collapse-04.js
17:00:31     INFO -  TEST-PASS | devtools/client/performance/test/unit/test_tree-model-allocations-02.js | took 4251ms
17:00:31     INFO -  TEST-START | devtools/client/performance/test/unit/test_waterfall-utils-collapse-05.js
17:00:32     INFO -  TEST-PASS | devtools/client/performance/test/unit/test_waterfall-utils-collapse-02.js | took 2583ms
17:00:32     INFO -  TEST-START | devtools/client/responsive.html/test/unit/test_add_device.js
17:00:32     INFO -  TEST-PASS | devtools/client/performance/test/unit/test_waterfall-utils-collapse-03.js | took 2473ms
17:00:32     INFO -  TEST-START | devtools/client/responsive.html/test/unit/test_add_device_type.js
17:00:33     INFO -  TEST-PASS | devtools/client/performance/test/unit/test_waterfall-utils-collapse-04.js | took 2560ms
17:00:33     INFO -  TEST-START | devtools/client/responsive.html/test/unit/test_add_viewport.js
17:00:33     INFO -  TEST-PASS | devtools/client/performance/test/unit/test_waterfall-utils-collapse-05.js | took 2495ms
17:00:34     INFO -  TEST-START | devtools/client/responsive.html/test/unit/test_change_device.js
17:00:35     INFO -  TEST-PASS | devtools/client/responsive.html/test/unit/test_add_device.js | took 2988ms
17:00:35     INFO -  TEST-START | devtools/client/responsive.html/test/unit/test_change_display_pixel_ratio.js
17:00:35     INFO -  TEST-PASS | devtools/client/responsive.html/test/unit/test_add_device_type.js | took 3019ms
17:00:35     INFO -  TEST-START | devtools/client/responsive.html/test/unit/test_change_location.js
17:00:36     INFO -  TEST-PASS | devtools/client/responsive.html/test/unit/test_add_viewport.js | took 2917ms
17:00:36     INFO -  TEST-START | devtools/client/responsive.html/test/unit/test_change_network_throttling.js
17:00:37     INFO -  TEST-PASS | devtools/client/responsive.html/test/unit/test_change_device.js | took 2970ms
17:00:37     INFO -  TEST-START | devtools/client/responsive.html/test/unit/test_change_pixel_ratio.js
17:00:38     INFO -  TEST-PASS | devtools/client/responsive.html/test/unit/test_change_display_pixel_ratio.js | took 2858ms
17:00:38     INFO -  TEST-START | devtools/client/responsive.html/test/unit/test_resize_viewport.js
17:00:38     INFO -  TEST-PASS | devtools/client/responsive.html/test/unit/test_change_location.js | took 2860ms
17:00:38     INFO -  TEST-START | devtools/client/responsive.html/test/unit/test_rotate_viewport.js
17:00:39     INFO -  TEST-PASS | devtools/client/responsive.html/test/unit/test_change_network_throttling.js | took 2868ms
17:00:39     INFO -  TEST-START | devtools/client/responsive.html/test/unit/test_update_device_displayed.js
17:00:40     INFO -  TEST-PASS | devtools/client/responsive.html/test/unit/test_change_pixel_ratio.js | took 2826ms
17:00:40     INFO -  TEST-START | devtools/client/responsive.html/test/unit/test_update_touch_simulation_enabled.js
17:00:41     INFO -  TEST-PASS | devtools/client/responsive.html/test/unit/test_resize_viewport.js | took 2846ms
17:00:41     INFO -  TEST-START | devtools/client/shared/redux/middleware/test/test_middleware-task-01.js
17:00:41     INFO -  TEST-PASS | devtools/client/responsive.html/test/unit/test_rotate_viewport.js | took 2886ms
17:00:41     INFO -  TEST-START | devtools/client/shared/redux/middleware/test/test_middleware-task-02.js
17:00:42     INFO -  TEST-PASS | devtools/client/responsive.html/test/unit/test_update_device_displayed.js | took 2922ms
17:00:42     INFO -  TEST-START | devtools/client/shared/redux/middleware/test/test_middleware-task-03.js
17:00:43     INFO -  TEST-PASS | devtools/client/responsive.html/test/unit/test_update_touch_simulation_enabled.js | took 2867ms
17:00:43     INFO -  TEST-START | devtools/client/shared/test/unit/test_advanceValidate.js
17:00:43     INFO -  TEST-PASS | devtools/client/shared/redux/middleware/test/test_middleware-task-01.js | took 2002ms
17:00:43     INFO -  TEST-START | devtools/client/shared/test/unit/test_attribute-parsing-01.js
17:00:43     INFO -  TEST-PASS | devtools/client/shared/redux/middleware/test/test_middleware-task-02.js | took 2090ms
17:00:43     INFO -  TEST-START | devtools/client/shared/test/unit/test_attribute-parsing-02.js
17:00:44     INFO -  TEST-PASS | devtools/client/shared/redux/middleware/test/test_middleware-task-03.js | took 2092ms
17:00:44     INFO -  TEST-START | devtools/client/shared/test/unit/test_bezierCanvas.js
17:00:45     INFO -  TEST-PASS | devtools/client/shared/test/unit/test_advanceValidate.js | took 2101ms
17:00:45     INFO -  TEST-PASS | devtools/client/shared/test/unit/test_attribute-parsing-01.js | took 1910ms
17:00:45     INFO -  TEST-START | devtools/client/shared/test/unit/test_cssAngle.js
17:00:45     INFO -  TEST-START | devtools/client/shared/test/unit/test_cssColor-01.js
17:00:45     INFO -  TEST-PASS | devtools/client/shared/test/unit/test_attribute-parsing-02.js | took 2038ms
17:00:46     INFO -  TEST-START | devtools/client/shared/test/unit/test_cssColor-02.js
17:00:46     INFO -  TEST-PASS | devtools/client/shared/test/unit/test_bezierCanvas.js | took 2052ms
17:00:47     INFO -  TEST-START | devtools/client/shared/test/unit/test_cssColor-03.js
17:00:47     INFO -  TEST-PASS | devtools/client/shared/test/unit/test_cssAngle.js | took 1847ms
17:00:47     INFO -  TEST-START | devtools/client/shared/test/unit/test_cssColorDatabase.js
17:00:48     INFO -  TEST-PASS | devtools/client/shared/test/unit/test_cssColor-01.js | took 2639ms
17:00:48     INFO -  TEST-START | devtools/client/shared/test/unit/test_cubicBezier.js
17:00:49     INFO -  TEST-PASS | devtools/client/shared/test/unit/test_cssColor-03.js | took 2406ms
17:00:49     INFO -  TEST-START | devtools/client/shared/test/unit/test_escapeCSSComment.js
17:00:50     INFO -  TEST-PASS | devtools/client/shared/test/unit/test_cubicBezier.js | took 2314ms
17:00:50     INFO -  TEST-START | devtools/client/shared/test/unit/test_parseDeclarations.js
17:00:51     INFO -  TEST-PASS | devtools/client/shared/test/unit/test_escapeCSSComment.js | took 2116ms
17:00:51     INFO -  TEST-START | devtools/client/shared/test/unit/test_parsePseudoClassesAndAttributes.js
17:00:54     INFO -  TEST-PASS | devtools/client/shared/test/unit/test_cssColorDatabase.js | took 7010ms
17:00:54     INFO -  TEST-PASS | devtools/client/shared/test/unit/test_parsePseudoClassesAndAttributes.js | took 2741ms
17:00:54     INFO -  TEST-START | devtools/client/shared/test/unit/test_parseSingleValue.js
17:00:54     INFO -  TEST-START | devtools/client/shared/test/unit/test_rewriteDeclarations.js
17:00:55     INFO -  TEST-PASS | devtools/client/shared/test/unit/test_parseDeclarations.js | took 4059ms
17:00:55     INFO -  TEST-START | devtools/client/shared/test/unit/test_source-utils.js
17:00:57     INFO -  TEST-PASS | devtools/client/shared/test/unit/test_parseSingleValue.js | took 2518ms
17:00:57     INFO -  TEST-PASS | devtools/client/shared/test/unit/test_source-utils.js | took 2128ms
17:00:57     INFO -  TEST-START | devtools/client/shared/test/unit/test_suggestion-picker.js
17:00:57     INFO -  TEST-START | devtools/client/shared/test/unit/test_undoStack.js
17:00:58     INFO -  TEST-PASS | devtools/client/shared/test/unit/test_rewriteDeclarations.js | took 3516ms
17:00:58     INFO -  TEST-START | devtools/client/shared/test/unit/test_VariablesView_filtering-without-controller.js
17:00:59     INFO -  TEST-PASS | devtools/client/shared/test/unit/test_suggestion-picker.js | took 1807ms
17:00:59     INFO -  TEST-PASS | devtools/client/shared/test/unit/test_undoStack.js | took 1719ms
17:00:59     INFO -  TEST-START | devtools/client/shared/test/unit/test_VariablesView_getString_promise.js
17:00:59     INFO -  TEST-START | devtools/client/sourceeditor/tern/tests/unit/test_autocompletion.js
17:01:00     INFO -  TEST-PASS | devtools/client/shared/test/unit/test_VariablesView_filtering-without-controller.js | took 2388ms
17:01:01     INFO -  TEST-START | devtools/client/sourceeditor/tern/tests/unit/test_import_tern.js
17:01:01     INFO -  TEST-PASS | devtools/client/shared/test/unit/test_VariablesView_getString_promise.js | took 2312ms
17:01:01     INFO -  TEST-START | devtools/client/webconsole/net/test/unit/test_json-utils.js
17:01:02     INFO -  TEST-PASS | devtools/client/sourceeditor/tern/tests/unit/test_autocompletion.js | took 3000ms
17:01:02     INFO -  TEST-START | devtools/client/webconsole/net/test/unit/test_net-utils.js
17:01:03     INFO -  TEST-PASS | devtools/client/sourceeditor/tern/tests/unit/test_import_tern.js | took 2341ms
17:01:03     INFO -  TEST-PASS | devtools/client/webconsole/net/test/unit/test_json-utils.js | took 1822ms
17:01:03     INFO -  TEST-START | devtools/server/tests/unit/test_addon_reload.js
17:01:03     INFO -  TEST-START | devtools/server/tests/unit/test_addons_actor.js
17:01:04     INFO -  TEST-PASS | devtools/client/webconsole/net/test/unit/test_net-utils.js | took 1812ms
17:01:04     INFO -  TEST-START | devtools/server/tests/unit/test_animation_name.js
17:01:07     INFO -  TEST-PASS | devtools/server/tests/unit/test_animation_name.js | took 3170ms
17:01:07     INFO -  TEST-START | devtools/server/tests/unit/test_animation_type.js
17:01:11     INFO -  TEST-PASS | devtools/server/tests/unit/test_animation_type.js | took 3263ms
17:01:11     INFO -  TEST-START | devtools/server/tests/unit/test_actor-registry-actor.js
17:01:15     INFO -  TEST-PASS | devtools/server/tests/unit/test_addons_actor.js | took 11181ms
17:01:15     INFO -  TEST-START | devtools/server/tests/unit/test_nesting-01.js
17:01:15     INFO -  TEST-PASS | devtools/server/tests/unit/test_actor-registry-actor.js | took 4148ms
17:01:15     INFO -  TEST-START | devtools/server/tests/unit/test_nesting-02.js
17:01:16     INFO -  TEST-PASS | devtools/server/tests/unit/test_addon_reload.js | took 12619ms
17:01:16     INFO -  TEST-START | devtools/server/tests/unit/test_nesting-03.js
17:01:18     INFO -  TEST-PASS | devtools/server/tests/unit/test_nesting-01.js | took 3516ms
17:01:18     INFO -  TEST-START | devtools/server/tests/unit/test_forwardingprefix.js
17:01:19     INFO -  TEST-PASS | devtools/server/tests/unit/test_nesting-02.js | took 3545ms
17:01:19     INFO -  TEST-START | devtools/server/tests/unit/test_getyoungestframe.js
17:01:20     INFO -  TEST-PASS | devtools/server/tests/unit/test_nesting-03.js | took 3681ms
17:01:20     INFO -  TEST-START | devtools/server/tests/unit/test_nsjsinspector.js
17:01:22     INFO -  TEST-PASS | devtools/server/tests/unit/test_getyoungestframe.js | took 2983ms
17:01:22     INFO -  TEST-START | devtools/server/tests/unit/test_dbgactor.js
17:01:22     INFO -  TEST-PASS | devtools/server/tests/unit/test_forwardingprefix.js | took 3787ms
17:01:22     INFO -  TEST-START | devtools/server/tests/unit/test_dbgglobal.js
17:01:23     INFO -  TEST-PASS | devtools/server/tests/unit/test_nsjsinspector.js | took 3300ms
17:01:23     INFO -  TEST-START | devtools/server/tests/unit/test_dbgclient_debuggerstatement.js
17:01:26     INFO -  TEST-PASS | devtools/server/tests/unit/test_dbgactor.js | took 3754ms
17:01:26     INFO -  TEST-PASS | devtools/server/tests/unit/test_dbgglobal.js | took 3537ms
17:01:26     INFO -  TEST-START | devtools/server/tests/unit/test_MemoryActor_saveHeapSnapshot_01.js
17:01:26     INFO -  TEST-START | devtools/server/tests/unit/test_attach.js
17:01:27     INFO -  TEST-PASS | devtools/server/tests/unit/test_dbgclient_debuggerstatement.js | took 3724ms
17:01:27     INFO -  TEST-START | devtools/server/tests/unit/test_MemoryActor_saveHeapSnapshot_02.js
17:01:29     INFO -  TEST-PASS | devtools/server/tests/unit/test_attach.js | took 3370ms
17:01:30     INFO -  TEST-START | devtools/server/tests/unit/test_MemoryActor_saveHeapSnapshot_03.js
17:01:31     INFO -  TEST-PASS | devtools/server/tests/unit/test_MemoryActor_saveHeapSnapshot_01.js | took 4641ms
17:01:31     INFO -  TEST-START | devtools/server/tests/unit/test_reattach-thread.js
17:01:32     INFO -  TEST-PASS | devtools/server/tests/unit/test_MemoryActor_saveHeapSnapshot_02.js | took 4844ms
17:01:32     INFO -  TEST-START | devtools/server/tests/unit/test_blackboxing-01.js
17:01:34     INFO -  TEST-PASS | devtools/client/shared/test/unit/test_cssColor-02.js | took 48228ms
17:01:34     INFO -  TEST-START | devtools/server/tests/unit/test_blackboxing-02.js
17:01:34     INFO -  TEST-PASS | devtools/server/tests/unit/test_reattach-thread.js | took 3496ms
17:01:34     INFO -  TEST-START | devtools/server/tests/unit/test_blackboxing-03.js
17:01:39     INFO -  TEST-PASS | devtools/server/tests/unit/test_blackboxing-02.js | took 4863ms
17:01:39     INFO -  TEST-START | devtools/server/tests/unit/test_blackboxing-04.js
17:01:39     INFO -  TEST-PASS | devtools/server/tests/unit/test_blackboxing-03.js | took 4746ms
17:01:39     INFO -  TEST-START | devtools/server/tests/unit/test_blackboxing-05.js
17:01:40     INFO -  TEST-PASS | devtools/server/tests/unit/test_blackboxing-01.js | took 7516ms
17:01:40     INFO -  TEST-START | devtools/server/tests/unit/test_blackboxing-06.js
17:01:40     INFO -  TEST-PASS | devtools/server/tests/unit/test_MemoryActor_saveHeapSnapshot_03.js | took 10762ms
17:01:40     INFO -  TEST-START | devtools/server/tests/unit/test_blackboxing-07.js
17:01:43     INFO -  TEST-PASS | devtools/server/tests/unit/test_blackboxing-04.js | took 4013ms
17:01:43     INFO -  TEST-START | devtools/server/tests/unit/test_frameactor-01.js
17:01:43     INFO -  TEST-PASS | devtools/server/tests/unit/test_blackboxing-05.js | took 4012ms
17:01:44     INFO -  TEST-START | devtools/server/tests/unit/test_frameactor-02.js
17:01:44     INFO -  TEST-PASS | devtools/server/tests/unit/test_blackboxing-06.js | took 4166ms
17:01:44     INFO -  TEST-START | devtools/server/tests/unit/test_frameactor-03.js
17:01:44     INFO -  TEST-PASS | devtools/server/tests/unit/test_blackboxing-07.js | took 3928ms
17:01:45     INFO -  TEST-START | devtools/server/tests/unit/test_frameactor-04.js
17:01:47     INFO -  TEST-PASS | devtools/server/tests/unit/test_frameactor-01.js | took 3817ms
17:01:47     INFO -  TEST-START | devtools/server/tests/unit/test_frameactor-05.js
17:01:47     INFO -  TEST-PASS | devtools/server/tests/unit/test_frameactor-02.js | took 3927ms
17:01:48     INFO -  TEST-START | devtools/server/tests/unit/test_framearguments-01.js
17:01:48     INFO -  TEST-PASS | devtools/server/tests/unit/test_frameactor-03.js | took 3944ms
17:01:48     INFO -  TEST-START | devtools/server/tests/unit/test_getRuleText.js
17:01:50     INFO -  TEST-PASS | devtools/server/tests/unit/test_frameactor-04.js | took 5274ms
17:01:50     INFO -  TEST-START | devtools/server/tests/unit/test_getTextAtLineColumn.js
17:01:52     INFO -  TEST-PASS | devtools/server/tests/unit/test_frameactor-05.js | took 4617ms
17:01:52     INFO -  TEST-PASS | devtools/server/tests/unit/test_framearguments-01.js | took 4246ms
17:01:52     INFO -  TEST-START | devtools/server/tests/unit/test_pauselifetime-01.js
17:01:52     INFO -  TEST-START | devtools/server/tests/unit/test_pauselifetime-02.js
17:01:52     INFO -  TEST-PASS | devtools/server/tests/unit/test_getRuleText.js | took 3991ms
17:01:52     INFO -  TEST-START | devtools/server/tests/unit/test_pauselifetime-03.js
17:01:54     INFO -  TEST-PASS | devtools/server/tests/unit/test_getTextAtLineColumn.js | took 3732ms
17:01:54     INFO -  TEST-START | devtools/server/tests/unit/test_pauselifetime-04.js
17:01:56     INFO -  TEST-PASS | devtools/server/tests/unit/test_pauselifetime-01.js | took 3709ms
17:01:56     INFO -  TEST-START | devtools/server/tests/unit/test_threadlifetime-01.js
17:01:56     INFO -  TEST-PASS | devtools/server/tests/unit/test_pauselifetime-02.js | took 3833ms
17:01:56     INFO -  TEST-START | devtools/server/tests/unit/test_threadlifetime-02.js
17:01:56     INFO -  TEST-PASS | devtools/server/tests/unit/test_pauselifetime-03.js | took 3811ms
17:01:56     INFO -  TEST-START | devtools/server/tests/unit/test_threadlifetime-03.js
17:01:58     INFO -  TEST-PASS | devtools/server/tests/unit/test_pauselifetime-04.js | took 3980ms
17:01:58     INFO -  TEST-START | devtools/server/tests/unit/test_threadlifetime-04.js
17:02:00     INFO -  TEST-PASS | devtools/server/tests/unit/test_threadlifetime-01.js | took 4099ms
17:02:00     INFO -  TEST-START | devtools/server/tests/unit/test_threadlifetime-05.js
17:02:00     INFO -  TEST-PASS | devtools/server/tests/unit/test_threadlifetime-02.js | took 4165ms
17:02:01     INFO -  TEST-START | devtools/server/tests/unit/test_threadlifetime-06.js
17:02:01     INFO -  TEST-PASS | devtools/server/tests/unit/test_threadlifetime-03.js | took 4190ms
17:02:01     INFO -  TEST-START | devtools/server/tests/unit/test_functiongrips-01.js
17:02:02     INFO -  TEST-PASS | devtools/server/tests/unit/test_threadlifetime-04.js | took 4193ms
17:02:02     INFO -  TEST-START | devtools/server/tests/unit/test_frameclient-01.js
17:02:04     INFO -  TEST-PASS | devtools/server/tests/unit/test_threadlifetime-05.js | took 4303ms
17:02:05     INFO -  TEST-START | devtools/server/tests/unit/test_frameclient-02.js
17:02:05     INFO -  TEST-PASS | devtools/server/tests/unit/test_threadlifetime-06.js | took 4469ms
17:02:05     INFO -  TEST-START | devtools/server/tests/unit/test_nativewrappers.js
17:02:06     INFO -  TEST-PASS | devtools/server/tests/unit/test_functiongrips-01.js | took 4775ms
17:02:06     INFO -  TEST-START | devtools/server/tests/unit/test_nodelistactor.js
17:02:07     INFO -  TEST-PASS | devtools/server/tests/unit/test_frameclient-01.js | took 4730ms
17:02:07     INFO -  TEST-START | devtools/server/tests/unit/test_eval-01.js
17:02:08     INFO -  TEST-PASS | devtools/server/tests/unit/test_nativewrappers.js | took 3102ms
17:02:08     INFO -  TEST-START | devtools/server/tests/unit/test_eval-02.js
17:02:09     INFO -  TEST-PASS | devtools/server/tests/unit/test_frameclient-02.js | took 4222ms
17:02:09     INFO -  TEST-START | devtools/server/tests/unit/test_eval-03.js
17:02:10     INFO -  TEST-PASS | devtools/server/tests/unit/test_nodelistactor.js | took 4273ms
17:02:10     INFO -  TEST-START | devtools/server/tests/unit/test_eval-04.js
17:02:11     INFO -  TEST-PASS | devtools/server/tests/unit/test_eval-01.js | took 3959ms
17:02:11     INFO -  TEST-START | devtools/server/tests/unit/test_eval-05.js
17:02:13     INFO -  TEST-PASS | devtools/server/tests/unit/test_eval-02.js | took 4024ms
17:02:13     INFO -  TEST-START | devtools/server/tests/unit/test_promises_actor_attach.js
17:02:13     INFO -  TEST-PASS | devtools/server/tests/unit/test_eval-03.js | took 4008ms
17:02:13     INFO -  TEST-START | devtools/server/tests/unit/test_promises_actor_exist.js
17:02:15     INFO -  TEST-PASS | devtools/server/tests/unit/test_eval-04.js | took 4475ms
17:02:15     INFO -  TEST-START | devtools/server/tests/unit/test_promises_actor_list_promises.js
17:02:16     INFO -  TEST-PASS | devtools/server/tests/unit/test_eval-05.js | took 4356ms
17:02:16     INFO -  TEST-START | devtools/server/tests/unit/test_promises_actor_onnewpromise.js
17:02:17     INFO -  TEST-PASS | devtools/server/tests/unit/test_promises_actor_exist.js | took 3845ms
17:02:17     INFO -  TEST-START | devtools/server/tests/unit/test_promises_actor_onpromisesettled.js
17:02:18     INFO -  TEST-PASS | devtools/server/tests/unit/test_promises_actor_attach.js | took 5152ms
17:02:18     INFO -  TEST-START | devtools/server/tests/unit/test_promises_client_getdependentpromises.js
17:02:20     INFO -  TEST-PASS | devtools/server/tests/unit/test_promises_actor_list_promises.js | took 5052ms
17:02:20     INFO -  TEST-START | devtools/server/tests/unit/test_promises_object_creationtimestamp.js
17:02:21     INFO -  TEST-PASS | devtools/server/tests/unit/test_promises_actor_onnewpromise.js | took 5134ms
17:02:21     INFO -  TEST-START | devtools/server/tests/unit/test_promises_object_timetosettle-01.js
17:02:23     INFO -  TEST-PASS | devtools/server/tests/unit/test_promises_actor_onpromisesettled.js | took 5361ms
17:02:23     INFO -  TEST-START | devtools/server/tests/unit/test_promises_object_timetosettle-02.js
17:02:23     INFO -  TEST-PASS | devtools/server/tests/unit/test_promises_client_getdependentpromises.js | took 5410ms
17:02:24     INFO -  TEST-START | devtools/server/tests/unit/test_protocol_abort.js
17:02:25     INFO -  TEST-PASS | devtools/server/tests/unit/test_promises_object_creationtimestamp.js | took 5207ms
17:02:25     INFO -  TEST-START | devtools/server/tests/unit/test_protocol_async.js
17:02:26     INFO -  TEST-PASS | devtools/server/tests/unit/test_promises_object_timetosettle-01.js | took 5190ms
17:02:26     INFO -  TEST-START | devtools/server/tests/unit/test_protocol_children.js
17:02:27     INFO -  TEST-PASS | devtools/server/tests/unit/test_protocol_abort.js | took 3109ms
17:02:27     INFO -  TEST-START | devtools/server/tests/unit/test_protocol_formtype.js
17:02:28     INFO -  TEST-PASS | devtools/server/tests/unit/test_promises_object_timetosettle-02.js | took 5436ms
17:02:28     INFO -  TEST-START | devtools/server/tests/unit/test_protocol_longstring.js
17:02:29     INFO -  TEST-PASS | devtools/server/tests/unit/test_protocol_async.js | took 3540ms
17:02:29     INFO -  TEST-START | devtools/server/tests/unit/test_protocol_simple.js
17:02:30     INFO -  TEST-PASS | devtools/server/tests/unit/test_protocol_formtype.js | took 3409ms
17:02:30     INFO -  TEST-START | devtools/server/tests/unit/test_protocol_stack.js
17:02:31     INFO -  TEST-PASS | devtools/server/tests/unit/test_protocol_children.js | took 4222ms
17:02:31     INFO -  TEST-START | devtools/server/tests/unit/test_protocol_unregister.js
17:02:32     INFO -  TEST-PASS | devtools/server/tests/unit/test_protocol_longstring.js | took 3868ms
17:02:32     INFO -  TEST-START | devtools/server/tests/unit/test_breakpoint-01.js
17:02:33     INFO -  TEST-PASS | devtools/server/tests/unit/test_protocol_simple.js | took 3976ms
17:02:33     INFO -  TEST-START | devtools/server/tests/unit/test_register_actor.js
17:02:34     INFO -  TEST-PASS | devtools/server/tests/unit/test_protocol_stack.js | took 3072ms
17:02:34     INFO -  TEST-START | devtools/server/tests/unit/test_breakpoint-02.js
17:02:34     INFO -  TEST-PASS | devtools/server/tests/unit/test_protocol_unregister.js | took 3077ms
17:02:34     INFO -  TEST-START | devtools/server/tests/unit/test_breakpoint-03.js
17:02:37     INFO -  TEST-PASS | devtools/server/tests/unit/test_register_actor.js | took 3740ms
17:02:37     INFO -  TEST-START | devtools/server/tests/unit/test_breakpoint-04.js
17:02:38     INFO -  TEST-PASS | devtools/server/tests/unit/test_breakpoint-01.js | took 5189ms
17:02:38     INFO -  TEST-START | devtools/server/tests/unit/test_breakpoint-05.js
17:02:39     INFO -  TEST-PASS | devtools/server/tests/unit/test_breakpoint-02.js | took 5118ms
17:02:39     INFO -  TEST-START | devtools/server/tests/unit/test_breakpoint-06.js
17:02:40     INFO -  TEST-PASS | devtools/server/tests/unit/test_breakpoint-03.js | took 5548ms
17:02:40     INFO -  TEST-START | devtools/server/tests/unit/test_breakpoint-07.js
17:02:43     INFO -  TEST-PASS | devtools/server/tests/unit/test_breakpoint-04.js | took 5672ms
17:02:43     INFO -  TEST-START | devtools/server/tests/unit/test_breakpoint-08.js
17:02:43     INFO -  TEST-PASS | devtools/server/tests/unit/test_breakpoint-05.js | took 5705ms

command interrupted, attempting to kill
process killed by signal 9
program finished with exit code -1
elapsedTime=644.577450
The web-page 'stop build' button was pressed by 'rvandermeulen@mozilla.com': Cancelled via self-serve
========= master_lag: 0.03 =========
========= Finished '/tools/buildbot/bin/python scripts/scripts/desktop_unittest.py ...' interrupted (results: 4, elapsed: 10 mins, 44 secs) (at 2018-06-08 17:02:44.054789) =========

========= Started 'bash -c ...' interrupted (results: 4, elapsed: 0 secs) (at 2018-06-08 17:02:44.055626) =========
bash -c 'for file in `ls -1`; do cat $file; done'
 in dir /builds/slave/test/properties (timeout 1200 secs)
 watching logfiles {}
 argv: ['bash', '-c', 'for file in `ls -1`; do cat $file; done']
 environment:
  HOME=/home/cltbld
  LANG=en_US.UTF-8
  LOGNAME=cltbld
  MAIL=/var/mail/cltbld
  NODE_PATH=/usr/lib/nodejs:/usr/lib/node_modules:/usr/share/javascript
  PATH=/usr/local/bin:/usr/local/bin:/usr/bin:/bin:/usr/local/games:/usr/games
  PWD=/builds/slave/test/properties
  SHELL=/bin/bash
  SHLVL=1
  TERM=linux
  TMOUT=86400
  USER=cltbld
  XDG_SESSION_COOKIE=9ca12473fbb1d023794ffd180000023c-1528501916.320615-1747881629
  _=/tools/buildbot/bin/python
 using PTY: False

command interrupted, attempting to kill
process killed by signal 9
program finished with exit code -1
elapsedTime=0.097370
The web-page 'stop build' button was pressed by 'rvandermeulen@mozilla.com': Cancelled via self-serve

========= master_lag: 0.01 =========
========= Finished 'bash -c ...' interrupted (results: 4, elapsed: 0 secs) (at 2018-06-08 17:02:44.163769) =========

========= Started 'rm -f ...' (results: 0, elapsed: 0 secs) (at 2018-06-08 17:02:44.164078) =========
rm -f oauth.txt
 in dir /builds/slave/test/. (timeout 1200 secs)
 watching logfiles {}
 argv: ['rm', '-f', 'oauth.txt']
 environment:
  HOME=/home/cltbld
  LANG=en_US.UTF-8
  LOGNAME=cltbld
  MAIL=/var/mail/cltbld
  NODE_PATH=/usr/lib/nodejs:/usr/lib/node_modules:/usr/share/javascript
  PATH=/usr/local/bin:/usr/local/bin:/usr/bin:/bin:/usr/local/games:/usr/games
  PWD=/builds/slave/test
  SHELL=/bin/bash
  SHLVL=1
  TERM=linux
  TMOUT=86400
  USER=cltbld
  XDG_SESSION_COOKIE=9ca12473fbb1d023794ffd180000023c-1528501916.320615-1747881629
  _=/tools/buildbot/bin/python
 using PTY: False
program finished with exit code 0
elapsedTime=0.103597
========= master_lag: 0.03 =========
========= Finished 'rm -f ...' (results: 0, elapsed: 0 secs) (at 2018-06-08 17:02:44.293973) =========

========= Started reboot skipped (results: 3, elapsed: 0 secs) (at 2018-06-08 17:02:44.294279) =========
========= Finished reboot skipped (results: 3, elapsed: 0 secs) (at 2018-06-08 17:02:44.294540) =========

========= Total master_lag: 0.13 =========

