builder: mozilla-esr52_ubuntu64_vm_test_pgo-mochitest-e10s-3
slave: tst-linux64-spot-018
starttime: 1528501981.81
results: cancelled (6)
buildid: 20180608150819
builduid: b298b373e93d4f8dbf92436c9ed838a2
revision: cbfdf01aac455e0591471201c96b89dee98190b5

========= Started set props: master (results: 0, elapsed: 0 secs) (at 2018-06-08 16:53:01.813516) =========
master: http://buildbot-master52.bb.releng.use1.mozilla.com:8201/
========= Finished set props: master (results: 0, elapsed: 0 secs) (at 2018-06-08 16:53:01.814121) =========

========= Started downloading to buildprops.json (results: 0, elapsed: 0 secs) (at 2018-06-08 16:53:01.814560) =========
========= Finished downloading to buildprops.json (results: 0, elapsed: 0 secs) (at 2018-06-08 16:53:01.972162) =========

========= Started 'bash -c ...' (results: 0, elapsed: 0 secs) (at 2018-06-08 16:53:01.972527) =========
bash -c 'wget -Oarchiver_client.py --no-check-certificate --tries=10 --waitretry=3 https://hg.mozilla.org/build/tools/raw-file/default/buildfarm/utils/archiver_client.py'
 in dir /builds/slave/test/. (timeout 1200 secs)
 watching logfiles {}
 argv: ['bash', '-c', 'wget -Oarchiver_client.py --no-check-certificate --tries=10 --waitretry=3 https://hg.mozilla.org/build/tools/raw-file/default/buildfarm/utils/archiver_client.py']
 environment:
  HOME=/home/cltbld
  LANG=en_US.UTF-8
  LOGNAME=cltbld
  MAIL=/var/mail/cltbld
  NODE_PATH=/usr/lib/nodejs:/usr/lib/node_modules:/usr/share/javascript
  PATH=/usr/local/bin:/usr/local/bin:/usr/bin:/bin:/usr/local/games:/usr/games
  PWD=/builds/slave/test
  SHELL=/bin/bash
  SHLVL=1
  TERM=linux
  TMOUT=86400
  USER=cltbld
  XDG_SESSION_COOKIE=9ca12473fbb1d023794ffd180000023c-1528501978.105210-1127364131
  _=/tools/buildbot/bin/python
 using PTY: False
--2018-06-08 16:53:02--  https://hg.mozilla.org/build/tools/raw-file/default/buildfarm/utils/archiver_client.py
Resolving hg.mozilla.org (hg.mozilla.org)... 63.245.215.25, 63.245.215.102
Connecting to hg.mozilla.org (hg.mozilla.org)|63.245.215.25|:443... connected.
HTTP request sent, awaiting response... 200 Script output follows
Length: 12179 (12K) [text/x-python]
Saving to: `archiver_client.py'

     0K .......... .                                          100% 8.50M=0.001s

2018-06-08 16:53:02 (8.50 MB/s) - `archiver_client.py' saved [12179/12179]

program finished with exit code 0
elapsedTime=0.615909
========= master_lag: 0.15 =========
========= Finished 'bash -c ...' (results: 0, elapsed: 0 secs) (at 2018-06-08 16:53:02.739144) =========

========= Started 'rm -rf ...' (results: 0, elapsed: 0 secs) (at 2018-06-08 16:53:02.739437) =========
rm -rf scripts properties
 in dir /builds/slave/test/. (timeout 1200 secs)
 watching logfiles {}
 argv: ['rm', '-rf', 'scripts', 'properties']
 environment:
  HOME=/home/cltbld
  LANG=en_US.UTF-8
  LOGNAME=cltbld
  MAIL=/var/mail/cltbld
  NODE_PATH=/usr/lib/nodejs:/usr/lib/node_modules:/usr/share/javascript
  PATH=/usr/local/bin:/usr/local/bin:/usr/bin:/bin:/usr/local/games:/usr/games
  PWD=/builds/slave/test
  SHELL=/bin/bash
  SHLVL=1
  TERM=linux
  TMOUT=86400
  USER=cltbld
  XDG_SESSION_COOKIE=9ca12473fbb1d023794ffd180000023c-1528501978.105210-1127364131
  _=/tools/buildbot/bin/python
 using PTY: False
program finished with exit code 0
elapsedTime=0.018155
========= master_lag: 0.01 =========
========= Finished 'rm -rf ...' (results: 0, elapsed: 0 secs) (at 2018-06-08 16:53:02.768440) =========

========= Started 'bash -c ...' (results: 0, elapsed: 2 secs) (at 2018-06-08 16:53:02.768754) =========
bash -c 'python archiver_client.py mozharness --repo releases/mozilla-esr52 --rev cbfdf01aac455e0591471201c96b89dee98190b5 --destination scripts --debug'
 in dir /builds/slave/test/. (timeout 1200 secs)
 watching logfiles {}
 argv: ['bash', '-c', u'python archiver_client.py mozharness --repo releases/mozilla-esr52 --rev cbfdf01aac455e0591471201c96b89dee98190b5 --destination scripts --debug']
 environment:
  HOME=/home/cltbld
  LANG=en_US.UTF-8
  LOGNAME=cltbld
  MAIL=/var/mail/cltbld
  NODE_PATH=/usr/lib/nodejs:/usr/lib/node_modules:/usr/share/javascript
  PATH=/usr/local/bin:/usr/local/bin:/usr/bin:/bin:/usr/local/games:/usr/games
  PWD=/builds/slave/test
  SHELL=/bin/bash
  SHLVL=1
  TERM=linux
  TMOUT=86400
  USER=cltbld
  XDG_SESSION_COOKIE=9ca12473fbb1d023794ffd180000023c-1528501978.105210-1127364131
  _=/tools/buildbot/bin/python
 using PTY: False
2018-06-08 16:53:02,875 truncating revision to first 12 chars
2018-06-08 16:53:02,876 Setting DEBUG logging.
2018-06-08 16:53:02,876 attempt 1/10
2018-06-08 16:53:02,876 Getting archive location from https://api.pub.build.mozilla.org/archiver/hgmo/releases/mozilla-esr52/cbfdf01aac45?&preferred_region=us-west-2&suffix=tar.gz&subdir=testing/mozharness
2018-06-08 16:53:04,394 unpacking tar archive at: mozilla-esr52-cbfdf01aac45/testing/mozharness/
program finished with exit code 0
elapsedTime=2.551194
========= master_lag: 0.01 =========
========= Finished 'bash -c ...' (results: 0, elapsed: 2 secs) (at 2018-06-08 16:53:05.331746) =========

========= Started set props: script_repo_revision (results: 0, elapsed: 0 secs) (at 2018-06-08 16:53:05.332050) =========
script_repo_revision: cbfdf01aac455e0591471201c96b89dee98190b5
========= Finished set props: script_repo_revision (results: 0, elapsed: 0 secs) (at 2018-06-08 16:53:05.332443) =========

========= Started downloading to oauth.txt (results: 0, elapsed: 0 secs) (at 2018-06-08 16:53:05.332723) =========
========= Finished downloading to oauth.txt (results: 0, elapsed: 0 secs) (at 2018-06-08 16:53:05.343070) =========

========= Started '/tools/buildbot/bin/python scripts/scripts/desktop_unittest.py ...' interrupted (results: 4, elapsed: 9 mins, 29 secs) (at 2018-06-08 16:53:05.343354) =========
/tools/buildbot/bin/python scripts/scripts/desktop_unittest.py --cfg unittests/linux_unittest.py --mochitest-suite plain-chunked --e10s --total-chunks 5 --this-chunk 3 --blob-upload-branch mozilla-esr52 --download-symbols ondemand
 in dir /builds/slave/test/. (timeout 1800 secs) (maxTime 7200 secs)
 watching logfiles {}
 argv: ['/tools/buildbot/bin/python', 'scripts/scripts/desktop_unittest.py', '--cfg', 'unittests/linux_unittest.py', '--mochitest-suite', 'plain-chunked', '--e10s', '--total-chunks', '5', '--this-chunk', '3', '--blob-upload-branch', 'mozilla-esr52', '--download-symbols', 'ondemand']
 environment:
  CCACHE_DIR=/builds/ccache
  CCACHE_UMASK=002
  DISPLAY=:0
  HOME=/home/cltbld
  LANG=en_US.UTF-8
  LOGNAME=cltbld
  MAIL=/var/mail/cltbld
  MOZ_HIDE_RESULTS_TABLE=1
  MOZ_NODE_PATH=/usr/bin/node
  MOZ_NO_REMOTE=1
  NODE_PATH=/usr/lib/nodejs:/usr/lib/node_modules:/usr/share/javascript
  NO_FAIL_ON_TEST_ERRORS=1
  PATH=/usr/local/bin:/usr/local/bin:/usr/bin:/bin:/usr/local/games:/usr/games
  PROPERTIES_FILE=/builds/slave/test/buildprops.json
  PWD=/builds/slave/test
  SHELL=/bin/bash
  SHLVL=1
  TERM=linux
  TMOUT=86400
  USER=cltbld
  XDG_SESSION_COOKIE=9ca12473fbb1d023794ffd180000023c-1528501978.105210-1127364131
  _=/tools/buildbot/bin/python
 using PTY: False
16:53:05     INFO - MultiFileLogger online at 20180608 16:53:05 in /builds/slave/test
16:53:05     INFO - Run as scripts/scripts/desktop_unittest.py --cfg unittests/linux_unittest.py --mochitest-suite plain-chunked --e10s --total-chunks 5 --this-chunk 3 --blob-upload-branch mozilla-esr52 --download-symbols ondemand
16:53:05     INFO - Dumping config to /builds/slave/test/logs/localconfig.json.
16:53:05     INFO - {'all_cppunittest_suites': {'cppunittest': {'tests': ('tests/cppunittest',)}},
16:53:05     INFO -  'all_gtest_suites': {'gtest': ()},
16:53:05     INFO -  'all_jittest_suites': {'jittest': (),
16:53:05     INFO -                         'jittest-chunked': (),
16:53:05     INFO -                         'jittest1': ('--total-chunks=2', '--this-chunk=1'),
16:53:05     INFO -                         'jittest2': ('--total-chunks=2', '--this-chunk=2')},
16:53:05     INFO -  'all_mochitest_suites': {'a11y': ('--flavor=a11y',),
16:53:05     INFO -                           'browser-chrome': ('--flavor=browser',),
16:53:05     INFO -                           'browser-chrome-addons': ('--flavor=browser',
16:53:05     INFO -                                                     '--chunk-by-runtime',
16:53:05     INFO -                                                     '--tag=addons'),
16:53:05     INFO -                           'browser-chrome-chunked': ('--flavor=browser',
16:53:05     INFO -                                                      '--chunk-by-runtime'),
16:53:05     INFO -                           'browser-chrome-clipboard': ('--flavor=browser',
16:53:05     INFO -                                                        '--subsuite=clipboard'),
16:53:05     INFO -                           'browser-chrome-coverage': ('--flavor=browser',
16:53:05     INFO -                                                       '--chunk-by-runtime',
16:53:05     INFO -                                                       '--timeout=1200'),
16:53:05     INFO -                           'browser-chrome-gpu': ('--flavor=browser',
16:53:05     INFO -                                                  '--subsuite=gpu'),
16:53:05     INFO -                           'browser-chrome-screenshots': ('--flavor=browser',
16:53:05     INFO -                                                          '--subsuite=screenshots'),
16:53:05     INFO -                           'chrome': ('--flavor=chrome',),
16:53:05     INFO -                           'chrome-chunked': ('--flavor=chrome',
16:53:05     INFO -                                              '--chunk-by-dir=4'),
16:53:05     INFO -                           'chrome-clipboard': ('--flavor=chrome',
16:53:05     INFO -                                                '--subsuite=clipboard'),
16:53:05     INFO -                           'chrome-gpu': ('--flavor=chrome', '--subsuite=gpu'),
16:53:05     INFO -                           'jetpack-addon': ('--flavor=jetpack-addon',),
16:53:05     INFO -                           'jetpack-package': ('--flavor=jetpack-package',),
16:53:05     INFO -                           'jetpack-package-clipboard': ('--flavor=jetpack-package',
16:53:05     INFO -                                                         '--subsuite=clipboard'),
16:53:05     INFO -                           'mochitest-devtools-chrome': ('--flavor=browser',
16:53:05     INFO -                                                         '--subsuite=devtools'),
16:53:05     INFO -                           'mochitest-devtools-chrome-chunked': ('--flavor=browser',
16:53:05     INFO -                                                                 '--subsuite=devtools',
16:53:05     INFO -                                                                 '--chunk-by-runtime'),
16:53:05     INFO -                           'mochitest-devtools-chrome-coverage': ('--flavor=browser',
16:53:05     INFO -                                                                  '--subsuite=devtools',
16:53:05     INFO -                                                                  '--chunk-by-runtime',
16:53:05     INFO -                                                                  '--timeout=1200'),
16:53:05     INFO -                           'mochitest-gl': ('--subsuite=webgl',),
16:53:05     INFO -                           'mochitest-media': ('--subsuite=media',),
16:53:05     INFO -                           'plain': (),
16:53:05     INFO -                           'plain-chunked': ('--chunk-by-dir=4',),
16:53:05     INFO -                           'plain-clipboard': ('--subsuite=clipboard',),
16:53:05     INFO -                           'plain-gpu': ('--subsuite=gpu',),
16:53:05     INFO -                           'valgrind-plain': ('--valgrind=/usr/bin/valgrind',
16:53:05     INFO -                                              '--valgrind-supp-files=/builds/slave/test/build/tests/mochitest/x86_64-redhat-linux-gnu.sup,/builds/slave/test/build/tests/mochitest/cross-architecture.sup',
16:53:05     INFO -                                              '--timeout=900',
16:53:05     INFO -                                              '--max-timeouts=50')},
16:53:05     INFO -  'all_mozbase_suites': {'mozbase': ()},
16:53:05     INFO -  'all_reftest_suites': {'crashtest': {'options': ('--suite=crashtest',),
16:53:05     INFO -                                       'tests': ('tests/reftest/tests/testing/crashtest/crashtests.list',)},
16:53:05     INFO -                         'jsreftest': {'options': ('--extra-profile-file=tests/jsreftest/tests/user.js',
16:53:05     INFO -                                                   '--suite=jstestbrowser'),
16:53:05     INFO -                                       'tests': ('tests/jsreftest/tests/jstests.list',)},
16:53:05     INFO -                         'reftest': {'options': ('--suite=reftest',),
16:53:05     INFO -                                     'tests': ('tests/reftest/tests/layout/reftests/reftest.list',)},
16:53:05     INFO -                         'reftest-no-accel': {'options': ('--suite=reftest',
16:53:05     INFO -                                                          '--setpref=layers.acceleration.force-enabled=disabled'),
16:53:05     INFO -                                              'tests': ('tests/reftest/tests/layout/reftests/reftest.list',)}},
16:53:05     INFO -  'all_xpcshell_suites': {'xpcshell': {'options': ('--xpcshell=%(abs_app_dir)s/xpcshell',
16:53:05     INFO -                                                   '--manifest=tests/xpcshell/tests/xpcshell.ini'),
16:53:05     INFO -                                       'tests': ()},
16:53:05     INFO -                          'xpcshell-addons': {'options': ('--xpcshell=%(abs_app_dir)s/xpcshell',
16:53:05     INFO -                                                          '--tag=addons',
16:53:05     INFO -                                                          '--manifest=tests/xpcshell/tests/xpcshell.ini'),
16:53:05     INFO -                                              'tests': ()},
16:53:05     INFO -                          'xpcshell-coverage': {'options': ('--xpcshell=%(abs_app_dir)s/xpcshell',
16:53:05     INFO -                                                            '--manifest=tests/xpcshell/tests/xpcshell.ini'),
16:53:05     INFO -                                                'tests': ()}},
16:53:05     INFO -  'allow_software_gl_layers': False,
16:53:05     INFO -  'append_to_log': False,
16:53:05     INFO -  'base_work_dir': '/builds/slave/test',
16:53:05     INFO -  'binary_path': '/builds/slave/test/build/application/firefox/firefox-bin',
16:53:05     INFO -  'blob_upload_branch': 'mozilla-esr52',
16:53:05     INFO -  'blob_uploader_auth_file': '/builds/slave/test/oauth.txt',
16:53:05     INFO -  'buildbot_json_path': 'buildprops.json',
16:53:05     INFO -  'buildbot_max_log_size': 52428800,
16:53:05     INFO -  'code_coverage': False,
16:53:05     INFO -  'config_files': ('unittests/linux_unittest.py',),
16:53:05     INFO -  'default_blob_upload_servers': ('https://blobupload.elasticbeanstalk.com',),
16:53:05     INFO -  'download_minidump_stackwalk': True,
16:53:05     INFO -  'download_nodejs': True,
16:53:05     INFO -  'download_symbols': 'ondemand',
16:53:05     INFO -  'e10s': True,
16:53:05     INFO -  'exe_suffix': '',
16:53:05     INFO -  'exes': {'python': '/tools/buildbot/bin/python',
16:53:05     INFO -           'tooltool.py': '/tools/tooltool.py',
16:53:05     INFO -           'virtualenv': ('/tools/buildbot/bin/python',
16:53:05     INFO -                          '/tools/misc-python/virtualenv.py')},
16:53:05     INFO -  'find_links': ('http://pypi.pvt.build.mozilla.org/pub',
16:53:05     INFO -                 'http://pypi.pub.build.mozilla.org/pub'),
16:53:05     INFO -  'installer_path': '/builds/slave/test/build/installer.tar.bz2',
16:53:05     INFO -  'log_level': 'info',
16:53:05     INFO -  'log_to_console': True,
16:53:05     INFO -  'minidump_save_path': '%(abs_work_dir)s/../minidumps',
16:53:05     INFO -  'minidump_stackwalk_path': 'linux64-minidump_stackwalk',
16:53:05     INFO -  'minidump_tooltool_manifest_path': 'config/tooltool-manifests/linux64/releng.manifest',
16:53:05     INFO -  'minimum_tests_zip_dirs': ('bin/*',
16:53:05     INFO -                             'certs/*',
16:53:05     INFO -                             'config/*',
16:53:05     INFO -                             'mach',
16:53:05     INFO -                             'marionette/*',
16:53:05     INFO -                             'modules/*',
16:53:05     INFO -                             'mozbase/*',
16:53:05     INFO -                             'tools/*'),
16:53:05     INFO -  'no_random': False,
16:53:05     INFO -  'nodejs_path': 'node-linux-x64/bin/node',
16:53:05     INFO -  'nodejs_tooltool_manifest_path': 'config/tooltool-manifests/linux64/nodejs.manifest',
16:53:05     INFO -  'opt_config_files': (),
16:53:05     INFO -  'pip_index': False,
16:53:05     INFO -  'preflight_run_cmd_suites': ({'architectures': ('32bit', '64bit'),
16:53:05     INFO -                                'cmd': ('xset', 's', 'off', 's', 'reset'),
16:53:05     INFO -                                'enabled': True,
16:53:05     INFO -                                'halt_on_failure': False,
16:53:05     INFO -                                'name': 'disable_screen_saver'},
16:53:05     INFO -                               {'architectures': ('32bit',),
16:53:05     INFO -                                'cmd': ('python',
16:53:05     INFO -                                        '../scripts/external_tools/mouse_and_screen_resolution.py',
16:53:05     INFO -                                        '--configuration-file',
16:53:05     INFO -                                        '../scripts/external_tools/machine-configuration.json'),
16:53:05     INFO -                                'enabled': False,
16:53:05     INFO -                                'halt_on_failure': True,
16:53:05     INFO -                                'name': 'run mouse & screen adjustment script'}),
16:53:05     INFO -  'require_test_zip': True,
16:53:05     INFO -  'run_all_suites': False,
16:53:05     INFO -  'run_cmd_checks_enabled': True,
16:53:05     INFO -  'run_file_names': {'cppunittest': 'runcppunittests.py',
16:53:05     INFO -                     'gtest': 'rungtests.py',
16:53:05     INFO -                     'jittest': 'jit_test.py',
16:53:05     INFO -                     'mochitest': 'runtests.py',
16:53:05     INFO -                     'mozbase': 'test.py',
16:53:05     INFO -                     'mozmill': 'runtestlist.py',
16:53:05     INFO -                     'reftest': 'runreftest.py',
16:53:05     INFO -                     'xpcshell': 'runxpcshelltests.py'},
16:53:05     INFO -  'specific_tests_zip_dirs': {'cppunittest': ('cppunittest/*',),
16:53:05     INFO -                              'gtest': ('gtest/*',),
16:53:05     INFO -                              'jittest': ('jit-test/*',),
16:53:05     INFO -                              'mochitest': ('mochitest/*',),
16:53:05     INFO -                              'mozbase': ('mozbase/*',),
16:53:05     INFO -                              'mozmill': ('mozmill/*',),
16:53:05     INFO -                              'reftest': ('reftest/*', 'jsreftest/*'),
16:53:05     INFO -                              'xpcshell': ('xpcshell/*',)},
16:53:05     INFO -  'specified_mochitest_suites': ('plain-chunked',),
16:53:05     INFO -  'strict_content_sandbox': False,
16:53:05     INFO -  'suite_definitions': {'cppunittest': {'options': ('--symbols-path=%(symbols_path)s',
16:53:05     INFO -                                                    '--xre-path=%(abs_app_dir)s'),
16:53:05     INFO -                                        'run_filename': 'runcppunittests.py',
16:53:05     INFO -                                        'testsdir': 'cppunittest'},
16:53:05     INFO -                        'gtest': {'options': ('--xre-path=%(abs_res_dir)s',
16:53:05     INFO -                                              '--cwd=%(gtest_dir)s',
16:53:05     INFO -                                              '--symbols-path=%(symbols_path)s',
16:53:05     INFO -                                              '--utility-path=tests/bin',
16:53:05     INFO -                                              '%(binary_path)s'),
16:53:05     INFO -                                  'run_filename': 'rungtests.py'},
16:53:05     INFO -                        'jittest': {'options': ('tests/bin/js',
16:53:05     INFO -                                                '--no-slow',
16:53:05     INFO -                                                '--no-progress',
16:53:05     INFO -                                                '--format=automation',
16:53:05     INFO -                                                '--jitflags=all',
16:53:05     INFO -                                                '--timeout=970'),
16:53:05     INFO -                                    'run_filename': 'jit_test.py',
16:53:05     INFO -                                    'run_timeout': 1000,
16:53:05     INFO -                                    'testsdir': 'jit-test/jit-test'},
16:53:05     INFO -                        'mochitest': {'options': ('--appname=%(binary_path)s',
16:53:05     INFO -                                                  '--utility-path=tests/bin',
16:53:05     INFO -                                                  '--extra-profile-file=tests/bin/plugins',
16:53:05     INFO -                                                  '--symbols-path=%(symbols_path)s',
16:53:05     INFO -                                                  '--certificate-path=tests/certs',
16:53:05     INFO -                                                  '--setpref=webgl.force-enabled=true',
16:53:05     INFO -                                                  '--quiet',
16:53:05     INFO -                                                  '--log-raw=%(raw_log_file)s',
16:53:05     INFO -                                                  '--log-errorsummary=%(error_summary_file)s',
16:53:05     INFO -                                                  '--use-test-media-devices',
16:53:05     INFO -                                                  '--screenshot-on-fail',
16:53:05     INFO -                                                  '--cleanup-crashes',
16:53:05     INFO -                                                  '--marionette-startup-timeout=180'),
16:53:05     INFO -                                      'run_filename': 'runtests.py',
16:53:05     INFO -                                      'testsdir': 'mochitest'},
16:53:05     INFO -                        'mozbase': {'options': ('-b', '%(binary_path)s'),
16:53:05     INFO -                                    'run_filename': 'test.py',
16:53:05     INFO -                                    'testsdir': 'mozbase'},
16:53:05     INFO -                        'mozmill': {'options': ('--binary=%(binary_path)s',
16:53:05     INFO -                                                '--testing-modules-dir=test/modules',
16:53:05     INFO -                                                '--plugins-path=%(test_plugin_path)s',
16:53:05     INFO -                                                '--symbols-path=%(symbols_path)s'),
16:53:05     INFO -                                    'run_filename': 'runtestlist.py',
16:53:05     INFO -                                    'testsdir': 'mozmill'},
16:53:05     INFO -                        'reftest': {'options': ('--appname=%(binary_path)s',
16:53:05     INFO -                                                '--utility-path=tests/bin',
16:53:05     INFO -                                                '--extra-profile-file=tests/bin/plugins',
16:53:05     INFO -                                                '--symbols-path=%(symbols_path)s',
16:53:05     INFO -                                                '--log-raw=%(raw_log_file)s',
16:53:05     INFO -                                                '--log-errorsummary=%(error_summary_file)s',
16:53:05     INFO -                                                '--cleanup-crashes'),
16:53:05     INFO -                                    'run_filename': 'runreftest.py',
16:53:05     INFO -                                    'testsdir': 'reftest'},
16:53:05     INFO -                        'xpcshell': {'options': ('--symbols-path=%(symbols_path)s',
16:53:05     INFO -                                                 '--test-plugin-path=%(test_plugin_path)s',
16:53:05     INFO -                                                 '--log-raw=%(raw_log_file)s',
16:53:05     INFO -                                                 '--log-errorsummary=%(error_summary_file)s',
16:53:05     INFO -                                                 '--utility-path=tests/bin'),
16:53:05     INFO -                                     'run_filename': 'runxpcshelltests.py',
16:53:05     INFO -                                     'testsdir': 'xpcshell'}},
16:53:05     INFO -  'this_chunk': '3',
16:53:05     INFO -  'tooltool_cache': '/builds/tooltool_cache',
16:53:05     INFO -  'total_chunks': '5',
16:53:05     INFO -  'unstructured_flavors': {'cppunittest': (),
16:53:05     INFO -                           'gtest': (),
16:53:05     INFO -                           'jittest': (),
16:53:05     INFO -                           'mochitest': ('jetpack',),
16:53:05     INFO -                           'mozbase': (),
16:53:05     INFO -                           'mozmill': (),
16:53:05     INFO -                           'xpcshell': ()},
16:53:05     INFO -  'vcs_output_timeout': 1000,
16:53:05     INFO -  'virtualenv_path': 'venv',
16:53:05     INFO -  'volatile_config': {'actions': None, 'add_actions': None, 'no_actions': None},
16:53:05     INFO -  'work_dir': 'build',
16:53:05     INFO -  'xpcshell_name': 'xpcshell'}
16:53:05     INFO - [mozharness: 2018-06-08 23:53:05.771702Z] Running clobber step.
16:53:05     INFO - Running pre-action listener: _resource_record_pre_action
16:53:05     INFO - Running main action method: clobber
16:53:05     INFO - rmtree: /builds/slave/test/build
16:53:05     INFO - Running post-action listener: _resource_record_post_action
16:53:05     INFO - [mozharness: 2018-06-08 23:53:05.785425Z] Finished clobber step (success)
16:53:05     INFO - [mozharness: 2018-06-08 23:53:05.785826Z] Running read-buildbot-config step.
16:53:05     INFO - Running pre-action listener: _resource_record_pre_action
16:53:05     INFO - Running main action method: read_buildbot_config
16:53:05     INFO - Using buildbot properties:
16:53:05     INFO - {
16:53:05     INFO -     "project": "", 
16:53:05     INFO -     "product": "firefox", 
16:53:05     INFO -     "script_repo_revision": "production", 
16:53:05     INFO -     "scheduler": "tests-mozilla-esr52-ubuntu64_vm-pgo-unittest", 
16:53:05     INFO -     "repository": "", 
16:53:05     INFO -     "buildername": "Ubuntu VM 12.04 x64 mozilla-esr52 pgo test mochitest-e10s-3", 
16:53:05     INFO -     "buildid": "20180608150819", 
16:53:05     INFO -     "pgo_build": "True", 
16:53:05     INFO -     "basedir": "/builds/slave/test", 
16:53:05     INFO -     "buildnumber": 113, 
16:53:05     INFO -     "slavename": "tst-linux64-spot-018", 
16:53:05     INFO -     "master": "http://buildbot-master52.bb.releng.use1.mozilla.com:8201/", 
16:53:05     INFO -     "platform": "linux64", 
16:53:05     INFO -     "branch": "mozilla-esr52", 
16:53:05     INFO -     "revision": "cbfdf01aac455e0591471201c96b89dee98190b5", 
16:53:05     INFO -     "repo_path": "releases/mozilla-esr52", 
16:53:05     INFO -     "moz_repo_path": "", 
16:53:05     INFO -     "stage_platform": "linux64-pgo", 
16:53:05     INFO -     "builduid": "b298b373e93d4f8dbf92436c9ed838a2", 
16:53:05     INFO -     "slavebuilddir": "test"
16:53:05     INFO - }
16:53:05     INFO - Found installer url https://queue.taskcluster.net/v1/task/I1iAdq48Sa60c5BCPWswkg/artifacts/public/build/firefox-52.8.2.en-US.linux-x86_64.tar.bz2.
16:53:05     INFO - Found a test packages url https://queue.taskcluster.net/v1/task/I1iAdq48Sa60c5BCPWswkg/artifacts/public/build/firefox-52.8.2.en-US.linux-x86_64.test_packages.json.
16:53:05     INFO - Running post-action listener: _resource_record_post_action
16:53:05     INFO - [mozharness: 2018-06-08 23:53:05.795941Z] Finished read-buildbot-config step (success)
16:53:05     INFO - [mozharness: 2018-06-08 23:53:05.796328Z] Running download-and-extract step.
16:53:05     INFO - Running pre-action listener: _pre_download_and_extract
16:53:05  WARNING - Try message not found.
16:53:05     INFO - Running pre-action listener: _resource_record_pre_action
16:53:05     INFO - Running main action method: download_and_extract
16:53:05     INFO - mkdir: /builds/slave/test/build/tests
16:53:05     INFO - Downloading https://queue.taskcluster.net/v1/task/I1iAdq48Sa60c5BCPWswkg/artifacts/public/build/firefox-52.8.2.en-US.linux-x86_64.test_packages.json to /builds/slave/test/build/firefox-52.8.2.en-US.linux-x86_64.test_packages.json
16:53:05     INFO - retry: Calling _download_file with args: (), kwargs: {'url': 'https://queue.taskcluster.net/v1/task/I1iAdq48Sa60c5BCPWswkg/artifacts/public/build/firefox-52.8.2.en-US.linux-x86_64.test_packages.json', 'file_name': '/builds/slave/test/build/firefox-52.8.2.en-US.linux-x86_64.test_packages.json'}, attempt #1
16:53:07     INFO - Downloaded 1361 bytes.
16:53:07     INFO - Reading from file /builds/slave/test/build/firefox-52.8.2.en-US.linux-x86_64.test_packages.json
16:53:07     INFO - Using the following test package requirements:
16:53:07     INFO - {u'common': [u'firefox-52.8.2.en-US.linux-x86_64.common.tests.zip'],
16:53:07     INFO -  u'cppunittest': [u'firefox-52.8.2.en-US.linux-x86_64.common.tests.zip',
16:53:07     INFO -                   u'firefox-52.8.2.en-US.linux-x86_64.cppunittest.tests.zip'],
16:53:07     INFO -  u'gtest': [u'firefox-52.8.2.en-US.linux-x86_64.common.tests.zip',
16:53:07     INFO -             u'firefox-52.8.2.en-US.linux-x86_64.gtest.tests.zip'],
16:53:07     INFO -  u'jittest': [u'firefox-52.8.2.en-US.linux-x86_64.common.tests.zip',
16:53:07     INFO -               u'jsshell-linux-x86_64.zip'],
16:53:07     INFO -  u'mochitest': [u'firefox-52.8.2.en-US.linux-x86_64.common.tests.zip',
16:53:07     INFO -                 u'firefox-52.8.2.en-US.linux-x86_64.mochitest.tests.zip'],
16:53:07     INFO -  u'mozbase': [u'firefox-52.8.2.en-US.linux-x86_64.common.tests.zip'],
16:53:07     INFO -  u'reftest': [u'firefox-52.8.2.en-US.linux-x86_64.common.tests.zip',
16:53:07     INFO -               u'firefox-52.8.2.en-US.linux-x86_64.reftest.tests.zip'],
16:53:07     INFO -  u'talos': [u'firefox-52.8.2.en-US.linux-x86_64.common.tests.zip',
16:53:07     INFO -             u'firefox-52.8.2.en-US.linux-x86_64.talos.tests.zip'],
16:53:07     INFO -  u'web-platform': [u'firefox-52.8.2.en-US.linux-x86_64.common.tests.zip',
16:53:07     INFO -                    u'firefox-52.8.2.en-US.linux-x86_64.web-platform.tests.zip'],
16:53:07     INFO -  u'xpcshell': [u'firefox-52.8.2.en-US.linux-x86_64.common.tests.zip',
16:53:07     INFO -                u'firefox-52.8.2.en-US.linux-x86_64.xpcshell.tests.zip']}
16:53:07     INFO - Downloading packages: [u'firefox-52.8.2.en-US.linux-x86_64.common.tests.zip', u'firefox-52.8.2.en-US.linux-x86_64.mochitest.tests.zip'] for test suite category: mochitest
16:53:07     INFO - Adding 'mozinfo.json' for extraction from common.tests zip file
16:53:07     INFO - Downloading and extracting to /builds/slave/test/build/tests these dirs bin/*, certs/*, config/*, mach, marionette/*, modules/*, mozbase/*, tools/*, mochitest/*, mozinfo.json from https://queue.taskcluster.net/v1/task/I1iAdq48Sa60c5BCPWswkg/artifacts/public/build/firefox-52.8.2.en-US.linux-x86_64.common.tests.zip
16:53:07     INFO - retry: Calling fetch_url_into_memory with args: (), kwargs: {'url': u'https://queue.taskcluster.net/v1/task/I1iAdq48Sa60c5BCPWswkg/artifacts/public/build/firefox-52.8.2.en-US.linux-x86_64.common.tests.zip'}, attempt #1
16:53:07     INFO - Fetch https://queue.taskcluster.net/v1/task/I1iAdq48Sa60c5BCPWswkg/artifacts/public/build/firefox-52.8.2.en-US.linux-x86_64.common.tests.zip into memory
16:53:08     INFO - Http code: 200
16:53:08     INFO - via: 1.1 02192a27c967e955f8c815efa939bfc8.cloudfront.net (CloudFront)
16:53:08     INFO - x-amz-cf-id: hjvsjeRre5B_l2Yht2ugvgzUc_of6isX_mOL0ozHuV1BZ1WxKwxP_g==
16:53:08     INFO - x-amz-version-id: amyEguiG3.NEsCgIpfpr7ojoc30OcAP5
16:53:10     INFO - Expected file size: 22192748
16:53:10     INFO - Obtained file size: 22192748
16:53:12     INFO - Downloading and extracting to /builds/slave/test/build/tests these dirs bin/*, certs/*, config/*, mach, marionette/*, modules/*, mozbase/*, tools/*, mochitest/*, mozinfo.json from https://queue.taskcluster.net/v1/task/I1iAdq48Sa60c5BCPWswkg/artifacts/public/build/firefox-52.8.2.en-US.linux-x86_64.mochitest.tests.zip
16:53:12     INFO - retry: Calling fetch_url_into_memory with args: (), kwargs: {'url': u'https://queue.taskcluster.net/v1/task/I1iAdq48Sa60c5BCPWswkg/artifacts/public/build/firefox-52.8.2.en-US.linux-x86_64.mochitest.tests.zip'}, attempt #1
16:53:12     INFO - Fetch https://queue.taskcluster.net/v1/task/I1iAdq48Sa60c5BCPWswkg/artifacts/public/build/firefox-52.8.2.en-US.linux-x86_64.mochitest.tests.zip into memory
16:53:13     INFO - Http code: 200
16:53:13     INFO - via: 1.1 9767e262e4af15c8d83a726bb0f44fa5.cloudfront.net (CloudFront)
16:53:13     INFO - x-amz-cf-id: 5ArbPcX0S_VDk6veRc6dWyqqjAmIaMzJDTbwaI1-BKrMHuDBU0KxuA==
16:53:13     INFO - x-amz-version-id: pVaLoGmwkPIw3WqAG.TA2Gozslw06heL
16:53:18     INFO - Expected file size: 80595071
16:53:18     INFO - Obtained file size: 80595071
16:53:40     INFO - Downloading https://queue.taskcluster.net/v1/task/I1iAdq48Sa60c5BCPWswkg/artifacts/public/build/firefox-52.8.2.en-US.linux-x86_64.tar.bz2 to /builds/slave/test/build/installer.tar.bz2
16:53:40     INFO - retry: Calling _download_file with args: (), kwargs: {'url': 'https://queue.taskcluster.net/v1/task/I1iAdq48Sa60c5BCPWswkg/artifacts/public/build/firefox-52.8.2.en-US.linux-x86_64.tar.bz2', 'file_name': '/builds/slave/test/build/installer.tar.bz2'}, attempt #1
16:53:45     INFO - Downloaded 57821935 bytes.
16:53:45     INFO - Setting buildbot property build_url to https://queue.taskcluster.net/v1/task/I1iAdq48Sa60c5BCPWswkg/artifacts/public/build/firefox-52.8.2.en-US.linux-x86_64.tar.bz2
16:53:45     INFO - mkdir: /builds/slave/test/properties
16:53:45     INFO - Writing buildbot properties ['build_url'] to /builds/slave/test/properties/build_url
16:53:45     INFO - Writing to file /builds/slave/test/properties/build_url
16:53:45     INFO - Contents:
16:53:45     INFO -  build_url:https://queue.taskcluster.net/v1/task/I1iAdq48Sa60c5BCPWswkg/artifacts/public/build/firefox-52.8.2.en-US.linux-x86_64.tar.bz2
16:53:46     INFO - Running post-action listener: _resource_record_post_action
16:53:46     INFO - Running post-action listener: set_extra_try_arguments
16:53:46     INFO - [mozharness: 2018-06-08 23:53:46.716261Z] Finished download-and-extract step (success)
16:53:46     INFO - [mozharness: 2018-06-08 23:53:46.716623Z] Running create-virtualenv step.
16:53:46     INFO - Running pre-action listener: _install_mozbase
16:53:46     INFO - Running pre-action listener: _pre_create_virtualenv
16:53:46     INFO - Running pre-action listener: _resource_record_pre_action
16:53:46     INFO - Running main action method: create_virtualenv
16:53:46     INFO - Creating virtualenv /builds/slave/test/build/venv
16:53:46     INFO - Running command: ['/tools/buildbot/bin/python', '/builds/slave/test/scripts/external_tools/virtualenv/virtualenv.py', '--always-copy', '/builds/slave/test/build/venv'] in /builds/slave/test/build
16:53:46     INFO - Copy/paste: /tools/buildbot/bin/python /builds/slave/test/scripts/external_tools/virtualenv/virtualenv.py --always-copy /builds/slave/test/build/venv
16:53:46     INFO - Using partial env: {'VIRTUALENV_NO_DOWNLOAD': '1'}
16:53:50     INFO -  Using real prefix '/usr'
16:53:50     INFO -  New python executable in /builds/slave/test/build/venv/bin/python
16:53:54     INFO -  Installing setuptools, pip, wheel...done.
16:53:54     INFO - Return code: 0
16:53:54     INFO - Installing psutil>=3.1.1 into virtualenv /builds/slave/test/build/venv
16:53:54     INFO - retry: Calling run_command with args: [['/builds/slave/test/build/venv/bin/pip', 'install', '--timeout', '120', '--no-index', '--find-links', 'http://pypi.pvt.build.mozilla.org/pub', '--find-links', 'http://pypi.pub.build.mozilla.org/pub', '--trusted-host', 'pypi.pub.build.mozilla.org', '--trusted-host', 'pypi.pvt.build.mozilla.org', 'psutil>=3.1.1']], kwargs: {'error_level': 'warning', 'error_list': [{'substr': 'not found or a compiler error:', 'level': 'warning'}, {'regex': <_sre.SRE_Pattern object at 0x7fbb0f14d110>, 'level': 'error'}, {'regex': <_sre.SRE_Pattern object at 0x7fbb0f255e40>, 'level': 'warning'}, {'regex': <_sre.SRE_Pattern object at 0xdbb3e0>, 'level': 'debug'}, {'substr': 'command not found', 'level': 'error'}, {'regex': <_sre.SRE_Pattern object at 0xdb7a90>, 'level': 'warning'}, {'substr': 'Traceback (most recent call last)', 'level': 'error'}, {'substr': 'SyntaxError: ', 'level': 'error'}, {'substr': 'TypeError: ', 'level': 'error'}, {'substr': 'NameError: ', 'level': 'error'}, {'substr': 'ZeroDivisionError: ', 'level': 'error'}, {'regex': <_sre.SRE_Pattern object at 0xdb93f0>, 'level': 'critical'}, {'regex': <_sre.SRE_Pattern object at 0xdb9670>, 'level': 'critical'}], 'cwd': '/builds/slave/test/build', 'env': {'TMOUT': '86400', 'LOGNAME': 'cltbld', 'USER': 'cltbld', 'HOME': '/home/cltbld', 'PATH': '/usr/local/bin:/usr/local/bin:/usr/bin:/bin:/usr/local/games:/usr/games', 'DISPLAY': ':0', 'CCACHE_UMASK': '002', 'LANG': 'en_US.UTF-8', 'TERM': 'linux', 'SHELL': '/bin/bash', 'MOZ_NODE_PATH': '/usr/bin/node', 'XDG_SESSION_COOKIE': '9ca12473fbb1d023794ffd180000023c-1528501978.105210-1127364131', 'SHLVL': '1', 'NO_FAIL_ON_TEST_ERRORS': '1', 'MOZ_NO_REMOTE': '1', 'MOZ_HIDE_RESULTS_TABLE': '1', 'MAIL': '/var/mail/cltbld', '_': '/tools/buildbot/bin/python', 'NODE_PATH': '/usr/lib/nodejs:/usr/lib/node_modules:/usr/share/javascript', 'PWD': '/builds/slave/test', 'PROPERTIES_FILE': '/builds/slave/test/buildprops.json', 'CCACHE_DIR': '/builds/ccache'}}, attempt #1
16:53:54     INFO - Running command: ['/builds/slave/test/build/venv/bin/pip', 'install', '--timeout', '120', '--no-index', '--find-links', 'http://pypi.pvt.build.mozilla.org/pub', '--find-links', 'http://pypi.pub.build.mozilla.org/pub', '--trusted-host', 'pypi.pub.build.mozilla.org', '--trusted-host', 'pypi.pvt.build.mozilla.org', 'psutil>=3.1.1'] in /builds/slave/test/build
16:53:54     INFO - Copy/paste: /builds/slave/test/build/venv/bin/pip install --timeout 120 --no-index --find-links http://pypi.pvt.build.mozilla.org/pub --find-links http://pypi.pub.build.mozilla.org/pub --trusted-host pypi.pub.build.mozilla.org --trusted-host pypi.pvt.build.mozilla.org psutil>=3.1.1
16:53:54     INFO - Using env: {'CCACHE_DIR': '/builds/ccache',
16:53:54     INFO -  'CCACHE_UMASK': '002',
16:53:54     INFO -  'DISPLAY': ':0',
16:53:54     INFO -  'HOME': '/home/cltbld',
16:53:54     INFO -  'LANG': 'en_US.UTF-8',
16:53:54     INFO -  'LOGNAME': 'cltbld',
16:53:54     INFO -  'MAIL': '/var/mail/cltbld',
16:53:54     INFO -  'MOZ_HIDE_RESULTS_TABLE': '1',
16:53:54     INFO -  'MOZ_NODE_PATH': '/usr/bin/node',
16:53:54     INFO -  'MOZ_NO_REMOTE': '1',
16:53:54     INFO -  'NODE_PATH': '/usr/lib/nodejs:/usr/lib/node_modules:/usr/share/javascript',
16:53:54     INFO -  'NO_FAIL_ON_TEST_ERRORS': '1',
16:53:54     INFO -  'PATH': '/usr/local/bin:/usr/local/bin:/usr/bin:/bin:/usr/local/games:/usr/games',
16:53:54     INFO -  'PROPERTIES_FILE': '/builds/slave/test/buildprops.json',
16:53:54     INFO -  'PWD': '/builds/slave/test',
16:53:54     INFO -  'SHELL': '/bin/bash',
16:53:54     INFO -  'SHLVL': '1',
16:53:54     INFO -  'TERM': 'linux',
16:53:54     INFO -  'TMOUT': '86400',
16:53:54     INFO -  'USER': 'cltbld',
16:53:54     INFO -  'XDG_SESSION_COOKIE': '9ca12473fbb1d023794ffd180000023c-1528501978.105210-1127364131',
16:53:54     INFO -  '_': '/tools/buildbot/bin/python'}
16:53:55     INFO -  Ignoring indexes: https://pypi.python.org/simple
16:53:55     INFO -  Collecting psutil>=3.1.1
16:53:55     INFO -  /builds/slave/test/build/venv/lib/python2.7/site-packages/pip/_vendor/requests/packages/urllib3/util/ssl_.py:318: SNIMissingWarning: An HTTPS request has been made, but the SNI (Subject Name Indication) extension to TLS is not available on this platform. This may cause the server to present an incorrect TLS certificate, which can cause validation failures. You can upgrade to a newer version of Python to solve this. For more information, see https://urllib3.readthedocs.org/en/latest/security.html#snimissingwarning.
16:53:55     INFO -    SNIMissingWarning
16:53:55     INFO -  /builds/slave/test/build/venv/lib/python2.7/site-packages/pip/_vendor/requests/packages/urllib3/util/ssl_.py:122: InsecurePlatformWarning: A true SSLContext object is not available. This prevents urllib3 from configuring SSL appropriately and may cause certain SSL connections to fail. You can upgrade to a newer version of Python to solve this. For more information, see https://urllib3.readthedocs.org/en/latest/security.html#insecureplatformwarning.
16:53:55     INFO -    InsecurePlatformWarning
16:53:57     INFO -  /builds/slave/test/build/venv/lib/python2.7/site-packages/pip/_vendor/requests/packages/urllib3/util/ssl_.py:122: InsecurePlatformWarning: A true SSLContext object is not available. This prevents urllib3 from configuring SSL appropriately and may cause certain SSL connections to fail. You can upgrade to a newer version of Python to solve this. For more information, see https://urllib3.readthedocs.org/en/latest/security.html#insecureplatformwarning.
16:53:57     INFO -    InsecurePlatformWarning
16:54:02     INFO -    Downloading https://pypi.pvt.build.mozilla.org/pub/psutil-5.4.3.tar.gz (412kB)
16:54:04     INFO -  Building wheels for collected packages: psutil
16:54:04     INFO -    Running setup.py bdist_wheel for psutil: started
16:54:06     INFO -    Running setup.py bdist_wheel for psutil: finished with status 'done'
16:54:06     INFO -    Stored in directory: /home/cltbld/.cache/pip/wheels/30/c0/c3/5cdb2b64c0d47a81af9c62935a64d83948d2c2b3e7af3eeee2
16:54:06     INFO -  Successfully built psutil
16:54:06     INFO -  Installing collected packages: psutil
16:54:07     INFO -  Successfully installed psutil-5.4.3
16:54:07     INFO - Return code: 0
16:54:07     INFO - Installing mozsystemmonitor==0.3 into virtualenv /builds/slave/test/build/venv
16:54:07     INFO - retry: Calling run_command with args: [['/builds/slave/test/build/venv/bin/pip', 'install', '--timeout', '120', '--no-index', '--find-links', 'http://pypi.pvt.build.mozilla.org/pub', '--find-links', 'http://pypi.pub.build.mozilla.org/pub', '--trusted-host', 'pypi.pub.build.mozilla.org', '--trusted-host', 'pypi.pvt.build.mozilla.org', 'mozsystemmonitor==0.3']], kwargs: {'error_level': 'warning', 'error_list': [{'substr': 'not found or a compiler error:', 'level': 'warning'}, {'regex': <_sre.SRE_Pattern object at 0x7fbb0f14d110>, 'level': 'error'}, {'regex': <_sre.SRE_Pattern object at 0x7fbb0f255e40>, 'level': 'warning'}, {'regex': <_sre.SRE_Pattern object at 0xdbb3e0>, 'level': 'debug'}, {'substr': 'command not found', 'level': 'error'}, {'regex': <_sre.SRE_Pattern object at 0xdb7a90>, 'level': 'warning'}, {'substr': 'Traceback (most recent call last)', 'level': 'error'}, {'substr': 'SyntaxError: ', 'level': 'error'}, {'substr': 'TypeError: ', 'level': 'error'}, {'substr': 'NameError: ', 'level': 'error'}, {'substr': 'ZeroDivisionError: ', 'level': 'error'}, {'regex': <_sre.SRE_Pattern object at 0xdb93f0>, 'level': 'critical'}, {'regex': <_sre.SRE_Pattern object at 0xdb9670>, 'level': 'critical'}], 'cwd': '/builds/slave/test/build', 'env': {'TMOUT': '86400', 'LOGNAME': 'cltbld', 'USER': 'cltbld', 'HOME': '/home/cltbld', 'PATH': '/usr/local/bin:/usr/local/bin:/usr/bin:/bin:/usr/local/games:/usr/games', 'DISPLAY': ':0', 'CCACHE_UMASK': '002', 'LANG': 'en_US.UTF-8', 'TERM': 'linux', 'SHELL': '/bin/bash', 'MOZ_NODE_PATH': '/usr/bin/node', 'XDG_SESSION_COOKIE': '9ca12473fbb1d023794ffd180000023c-1528501978.105210-1127364131', 'SHLVL': '1', 'NO_FAIL_ON_TEST_ERRORS': '1', 'MOZ_NO_REMOTE': '1', 'MOZ_HIDE_RESULTS_TABLE': '1', 'MAIL': '/var/mail/cltbld', '_': '/tools/buildbot/bin/python', 'NODE_PATH': '/usr/lib/nodejs:/usr/lib/node_modules:/usr/share/javascript', 'PWD': '/builds/slave/test', 'PROPERTIES_FILE': '/builds/slave/test/buildprops.json', 'CCACHE_DIR': '/builds/ccache'}}, attempt #1
16:54:07     INFO - Running command: ['/builds/slave/test/build/venv/bin/pip', 'install', '--timeout', '120', '--no-index', '--find-links', 'http://pypi.pvt.build.mozilla.org/pub', '--find-links', 'http://pypi.pub.build.mozilla.org/pub', '--trusted-host', 'pypi.pub.build.mozilla.org', '--trusted-host', 'pypi.pvt.build.mozilla.org', 'mozsystemmonitor==0.3'] in /builds/slave/test/build
16:54:07     INFO - Copy/paste: /builds/slave/test/build/venv/bin/pip install --timeout 120 --no-index --find-links http://pypi.pvt.build.mozilla.org/pub --find-links http://pypi.pub.build.mozilla.org/pub --trusted-host pypi.pub.build.mozilla.org --trusted-host pypi.pvt.build.mozilla.org mozsystemmonitor==0.3
16:54:07     INFO - Using env: {'CCACHE_DIR': '/builds/ccache',
16:54:07     INFO -  'CCACHE_UMASK': '002',
16:54:07     INFO -  'DISPLAY': ':0',
16:54:07     INFO -  'HOME': '/home/cltbld',
16:54:07     INFO -  'LANG': 'en_US.UTF-8',
16:54:07     INFO -  'LOGNAME': 'cltbld',
16:54:07     INFO -  'MAIL': '/var/mail/cltbld',
16:54:07     INFO -  'MOZ_HIDE_RESULTS_TABLE': '1',
16:54:07     INFO -  'MOZ_NODE_PATH': '/usr/bin/node',
16:54:07     INFO -  'MOZ_NO_REMOTE': '1',
16:54:07     INFO -  'NODE_PATH': '/usr/lib/nodejs:/usr/lib/node_modules:/usr/share/javascript',
16:54:07     INFO -  'NO_FAIL_ON_TEST_ERRORS': '1',
16:54:07     INFO -  'PATH': '/usr/local/bin:/usr/local/bin:/usr/bin:/bin:/usr/local/games:/usr/games',
16:54:07     INFO -  'PROPERTIES_FILE': '/builds/slave/test/buildprops.json',
16:54:07     INFO -  'PWD': '/builds/slave/test',
16:54:07     INFO -  'SHELL': '/bin/bash',
16:54:07     INFO -  'SHLVL': '1',
16:54:07     INFO -  'TERM': 'linux',
16:54:07     INFO -  'TMOUT': '86400',
16:54:07     INFO -  'USER': 'cltbld',
16:54:07     INFO -  'XDG_SESSION_COOKIE': '9ca12473fbb1d023794ffd180000023c-1528501978.105210-1127364131',
16:54:07     INFO -  '_': '/tools/buildbot/bin/python'}
16:54:08     INFO -  Ignoring indexes: https://pypi.python.org/simple
16:54:08     INFO -  Collecting mozsystemmonitor==0.3
16:54:08     INFO -  /builds/slave/test/build/venv/lib/python2.7/site-packages/pip/_vendor/requests/packages/urllib3/util/ssl_.py:318: SNIMissingWarning: An HTTPS request has been made, but the SNI (Subject Name Indication) extension to TLS is not available on this platform. This may cause the server to present an incorrect TLS certificate, which can cause validation failures. You can upgrade to a newer version of Python to solve this. For more information, see https://urllib3.readthedocs.org/en/latest/security.html#snimissingwarning.
16:54:08     INFO -    SNIMissingWarning
16:54:08     INFO -  /builds/slave/test/build/venv/lib/python2.7/site-packages/pip/_vendor/requests/packages/urllib3/util/ssl_.py:122: InsecurePlatformWarning: A true SSLContext object is not available. This prevents urllib3 from configuring SSL appropriately and may cause certain SSL connections to fail. You can upgrade to a newer version of Python to solve this. For more information, see https://urllib3.readthedocs.org/en/latest/security.html#insecureplatformwarning.
16:54:08     INFO -    InsecurePlatformWarning
16:54:10     INFO -  /builds/slave/test/build/venv/lib/python2.7/site-packages/pip/_vendor/requests/packages/urllib3/util/ssl_.py:122: InsecurePlatformWarning: A true SSLContext object is not available. This prevents urllib3 from configuring SSL appropriately and may cause certain SSL connections to fail. You can upgrade to a newer version of Python to solve this. For more information, see https://urllib3.readthedocs.org/en/latest/security.html#insecureplatformwarning.
16:54:10     INFO -    InsecurePlatformWarning
16:54:15     INFO -    Downloading https://pypi.pvt.build.mozilla.org/pub/mozsystemmonitor-0.3.tar.gz
16:54:16     INFO -  Requirement already satisfied (use --upgrade to upgrade): psutil>=3.1.1 in ./venv/lib/python2.7/site-packages (from mozsystemmonitor==0.3)
16:54:16     INFO -  Building wheels for collected packages: mozsystemmonitor
16:54:16     INFO -    Running setup.py bdist_wheel for mozsystemmonitor: started
16:54:16     INFO -    Running setup.py bdist_wheel for mozsystemmonitor: finished with status 'done'
16:54:16     INFO -    Stored in directory: /home/cltbld/.cache/pip/wheels/f4/b7/9c/8a88c92aaad7c1d8bbd68513e1d91ad7f62b7465808c516aa8
16:54:16     INFO -  Successfully built mozsystemmonitor
16:54:16     INFO -  Installing collected packages: mozsystemmonitor
16:54:16     INFO -  Successfully installed mozsystemmonitor-0.3
16:54:16     INFO - Return code: 0
16:54:16     INFO - Installing jsonschema==2.5.1 into virtualenv /builds/slave/test/build/venv
16:54:17     INFO - retry: Calling run_command with args: [['/builds/slave/test/build/venv/bin/pip', 'install', '--timeout', '120', '--no-index', '--find-links', 'http://pypi.pvt.build.mozilla.org/pub', '--find-links', 'http://pypi.pub.build.mozilla.org/pub', '--trusted-host', 'pypi.pub.build.mozilla.org', '--trusted-host', 'pypi.pvt.build.mozilla.org', 'jsonschema==2.5.1']], kwargs: {'error_level': 'warning', 'error_list': [{'substr': 'not found or a compiler error:', 'level': 'warning'}, {'regex': <_sre.SRE_Pattern object at 0x7fbb0f14d110>, 'level': 'error'}, {'regex': <_sre.SRE_Pattern object at 0x7fbb0f255e40>, 'level': 'warning'}, {'regex': <_sre.SRE_Pattern object at 0xdbb3e0>, 'level': 'debug'}, {'substr': 'command not found', 'level': 'error'}, {'regex': <_sre.SRE_Pattern object at 0xdb7a90>, 'level': 'warning'}, {'substr': 'Traceback (most recent call last)', 'level': 'error'}, {'substr': 'SyntaxError: ', 'level': 'error'}, {'substr': 'TypeError: ', 'level': 'error'}, {'substr': 'NameError: ', 'level': 'error'}, {'substr': 'ZeroDivisionError: ', 'level': 'error'}, {'regex': <_sre.SRE_Pattern object at 0xdb93f0>, 'level': 'critical'}, {'regex': <_sre.SRE_Pattern object at 0xdb9670>, 'level': 'critical'}], 'cwd': '/builds/slave/test/build', 'env': {'TMOUT': '86400', 'LOGNAME': 'cltbld', 'USER': 'cltbld', 'HOME': '/home/cltbld', 'PATH': '/usr/local/bin:/usr/local/bin:/usr/bin:/bin:/usr/local/games:/usr/games', 'DISPLAY': ':0', 'CCACHE_UMASK': '002', 'LANG': 'en_US.UTF-8', 'TERM': 'linux', 'SHELL': '/bin/bash', 'MOZ_NODE_PATH': '/usr/bin/node', 'XDG_SESSION_COOKIE': '9ca12473fbb1d023794ffd180000023c-1528501978.105210-1127364131', 'SHLVL': '1', 'NO_FAIL_ON_TEST_ERRORS': '1', 'MOZ_NO_REMOTE': '1', 'MOZ_HIDE_RESULTS_TABLE': '1', 'MAIL': '/var/mail/cltbld', '_': '/tools/buildbot/bin/python', 'NODE_PATH': '/usr/lib/nodejs:/usr/lib/node_modules:/usr/share/javascript', 'PWD': '/builds/slave/test', 'PROPERTIES_FILE': '/builds/slave/test/buildprops.json', 'CCACHE_DIR': '/builds/ccache'}}, attempt #1
16:54:17     INFO - Running command: ['/builds/slave/test/build/venv/bin/pip', 'install', '--timeout', '120', '--no-index', '--find-links', 'http://pypi.pvt.build.mozilla.org/pub', '--find-links', 'http://pypi.pub.build.mozilla.org/pub', '--trusted-host', 'pypi.pub.build.mozilla.org', '--trusted-host', 'pypi.pvt.build.mozilla.org', 'jsonschema==2.5.1'] in /builds/slave/test/build
16:54:17     INFO - Copy/paste: /builds/slave/test/build/venv/bin/pip install --timeout 120 --no-index --find-links http://pypi.pvt.build.mozilla.org/pub --find-links http://pypi.pub.build.mozilla.org/pub --trusted-host pypi.pub.build.mozilla.org --trusted-host pypi.pvt.build.mozilla.org jsonschema==2.5.1
16:54:17     INFO - Using env: {'CCACHE_DIR': '/builds/ccache',
16:54:17     INFO -  'CCACHE_UMASK': '002',
16:54:17     INFO -  'DISPLAY': ':0',
16:54:17     INFO -  'HOME': '/home/cltbld',
16:54:17     INFO -  'LANG': 'en_US.UTF-8',
16:54:17     INFO -  'LOGNAME': 'cltbld',
16:54:17     INFO -  'MAIL': '/var/mail/cltbld',
16:54:17     INFO -  'MOZ_HIDE_RESULTS_TABLE': '1',
16:54:17     INFO -  'MOZ_NODE_PATH': '/usr/bin/node',
16:54:17     INFO -  'MOZ_NO_REMOTE': '1',
16:54:17     INFO -  'NODE_PATH': '/usr/lib/nodejs:/usr/lib/node_modules:/usr/share/javascript',
16:54:17     INFO -  'NO_FAIL_ON_TEST_ERRORS': '1',
16:54:17     INFO -  'PATH': '/usr/local/bin:/usr/local/bin:/usr/bin:/bin:/usr/local/games:/usr/games',
16:54:17     INFO -  'PROPERTIES_FILE': '/builds/slave/test/buildprops.json',
16:54:17     INFO -  'PWD': '/builds/slave/test',
16:54:17     INFO -  'SHELL': '/bin/bash',
16:54:17     INFO -  'SHLVL': '1',
16:54:17     INFO -  'TERM': 'linux',
16:54:17     INFO -  'TMOUT': '86400',
16:54:17     INFO -  'USER': 'cltbld',
16:54:17     INFO -  'XDG_SESSION_COOKIE': '9ca12473fbb1d023794ffd180000023c-1528501978.105210-1127364131',
16:54:17     INFO -  '_': '/tools/buildbot/bin/python'}
16:54:17     INFO -  Ignoring indexes: https://pypi.python.org/simple
16:54:17     INFO -  Collecting jsonschema==2.5.1
16:54:18     INFO -  /builds/slave/test/build/venv/lib/python2.7/site-packages/pip/_vendor/requests/packages/urllib3/util/ssl_.py:318: SNIMissingWarning: An HTTPS request has been made, but the SNI (Subject Name Indication) extension to TLS is not available on this platform. This may cause the server to present an incorrect TLS certificate, which can cause validation failures. You can upgrade to a newer version of Python to solve this. For more information, see https://urllib3.readthedocs.org/en/latest/security.html#snimissingwarning.
16:54:18     INFO -    SNIMissingWarning
16:54:18     INFO -  /builds/slave/test/build/venv/lib/python2.7/site-packages/pip/_vendor/requests/packages/urllib3/util/ssl_.py:122: InsecurePlatformWarning: A true SSLContext object is not available. This prevents urllib3 from configuring SSL appropriately and may cause certain SSL connections to fail. You can upgrade to a newer version of Python to solve this. For more information, see https://urllib3.readthedocs.org/en/latest/security.html#insecureplatformwarning.
16:54:18     INFO -    InsecurePlatformWarning
16:54:20     INFO -  /builds/slave/test/build/venv/lib/python2.7/site-packages/pip/_vendor/requests/packages/urllib3/util/ssl_.py:122: InsecurePlatformWarning: A true SSLContext object is not available. This prevents urllib3 from configuring SSL appropriately and may cause certain SSL connections to fail. You can upgrade to a newer version of Python to solve this. For more information, see https://urllib3.readthedocs.org/en/latest/security.html#insecureplatformwarning.
16:54:20     INFO -    InsecurePlatformWarning
16:54:25     INFO -    Downloading https://pypi.pvt.build.mozilla.org/pub/jsonschema-2.5.1-py2.py3-none-any.whl
16:54:25     INFO -  Collecting functools32; python_version == "2.7" (from jsonschema==2.5.1)
16:54:30     INFO -    Downloading https://pypi.pvt.build.mozilla.org/pub/functools32-3.2.3-2.tar.gz
16:54:31     INFO -  Building wheels for collected packages: functools32
16:54:31     INFO -    Running setup.py bdist_wheel for functools32: started
16:54:31     INFO -    Running setup.py bdist_wheel for functools32: finished with status 'done'
16:54:31     INFO -    Stored in directory: /home/cltbld/.cache/pip/wheels/60/8e/5c/cd0944700dbec48e57da97dbe11bcc84b1332f6b43bc89d9b7
16:54:31     INFO -  Successfully built functools32
16:54:31     INFO -  Installing collected packages: functools32, jsonschema
16:54:32     INFO -  Successfully installed functools32-3.2.3.post2 jsonschema-2.5.1
16:54:32     INFO - Return code: 0
16:54:32     INFO - Installing functools32==3.2.3-2 into virtualenv /builds/slave/test/build/venv
16:54:32     INFO - retry: Calling run_command with args: [['/builds/slave/test/build/venv/bin/pip', 'install', '--timeout', '120', '--no-index', '--find-links', 'http://pypi.pvt.build.mozilla.org/pub', '--find-links', 'http://pypi.pub.build.mozilla.org/pub', '--trusted-host', 'pypi.pub.build.mozilla.org', '--trusted-host', 'pypi.pvt.build.mozilla.org', 'functools32==3.2.3-2']], kwargs: {'error_level': 'warning', 'error_list': [{'substr': 'not found or a compiler error:', 'level': 'warning'}, {'regex': <_sre.SRE_Pattern object at 0x7fbb0f14d110>, 'level': 'error'}, {'regex': <_sre.SRE_Pattern object at 0x7fbb0f255e40>, 'level': 'warning'}, {'regex': <_sre.SRE_Pattern object at 0xdbb3e0>, 'level': 'debug'}, {'substr': 'command not found', 'level': 'error'}, {'regex': <_sre.SRE_Pattern object at 0xdb7a90>, 'level': 'warning'}, {'substr': 'Traceback (most recent call last)', 'level': 'error'}, {'substr': 'SyntaxError: ', 'level': 'error'}, {'substr': 'TypeError: ', 'level': 'error'}, {'substr': 'NameError: ', 'level': 'error'}, {'substr': 'ZeroDivisionError: ', 'level': 'error'}, {'regex': <_sre.SRE_Pattern object at 0xdb93f0>, 'level': 'critical'}, {'regex': <_sre.SRE_Pattern object at 0xdb9670>, 'level': 'critical'}], 'cwd': '/builds/slave/test/build', 'env': {'TMOUT': '86400', 'LOGNAME': 'cltbld', 'USER': 'cltbld', 'HOME': '/home/cltbld', 'PATH': '/usr/local/bin:/usr/local/bin:/usr/bin:/bin:/usr/local/games:/usr/games', 'DISPLAY': ':0', 'CCACHE_UMASK': '002', 'LANG': 'en_US.UTF-8', 'TERM': 'linux', 'SHELL': '/bin/bash', 'MOZ_NODE_PATH': '/usr/bin/node', 'XDG_SESSION_COOKIE': '9ca12473fbb1d023794ffd180000023c-1528501978.105210-1127364131', 'SHLVL': '1', 'NO_FAIL_ON_TEST_ERRORS': '1', 'MOZ_NO_REMOTE': '1', 'MOZ_HIDE_RESULTS_TABLE': '1', 'MAIL': '/var/mail/cltbld', '_': '/tools/buildbot/bin/python', 'NODE_PATH': '/usr/lib/nodejs:/usr/lib/node_modules:/usr/share/javascript', 'PWD': '/builds/slave/test', 'PROPERTIES_FILE': '/builds/slave/test/buildprops.json', 'CCACHE_DIR': '/builds/ccache'}}, attempt #1
16:54:32     INFO - Running command: ['/builds/slave/test/build/venv/bin/pip', 'install', '--timeout', '120', '--no-index', '--find-links', 'http://pypi.pvt.build.mozilla.org/pub', '--find-links', 'http://pypi.pub.build.mozilla.org/pub', '--trusted-host', 'pypi.pub.build.mozilla.org', '--trusted-host', 'pypi.pvt.build.mozilla.org', 'functools32==3.2.3-2'] in /builds/slave/test/build
16:54:32     INFO - Copy/paste: /builds/slave/test/build/venv/bin/pip install --timeout 120 --no-index --find-links http://pypi.pvt.build.mozilla.org/pub --find-links http://pypi.pub.build.mozilla.org/pub --trusted-host pypi.pub.build.mozilla.org --trusted-host pypi.pvt.build.mozilla.org functools32==3.2.3-2
16:54:32     INFO - Using env: {'CCACHE_DIR': '/builds/ccache',
16:54:32     INFO -  'CCACHE_UMASK': '002',
16:54:32     INFO -  'DISPLAY': ':0',
16:54:32     INFO -  'HOME': '/home/cltbld',
16:54:32     INFO -  'LANG': 'en_US.UTF-8',
16:54:32     INFO -  'LOGNAME': 'cltbld',
16:54:32     INFO -  'MAIL': '/var/mail/cltbld',
16:54:32     INFO -  'MOZ_HIDE_RESULTS_TABLE': '1',
16:54:32     INFO -  'MOZ_NODE_PATH': '/usr/bin/node',
16:54:32     INFO -  'MOZ_NO_REMOTE': '1',
16:54:32     INFO -  'NODE_PATH': '/usr/lib/nodejs:/usr/lib/node_modules:/usr/share/javascript',
16:54:32     INFO -  'NO_FAIL_ON_TEST_ERRORS': '1',
16:54:32     INFO -  'PATH': '/usr/local/bin:/usr/local/bin:/usr/bin:/bin:/usr/local/games:/usr/games',
16:54:32     INFO -  'PROPERTIES_FILE': '/builds/slave/test/buildprops.json',
16:54:32     INFO -  'PWD': '/builds/slave/test',
16:54:32     INFO -  'SHELL': '/bin/bash',
16:54:32     INFO -  'SHLVL': '1',
16:54:32     INFO -  'TERM': 'linux',
16:54:32     INFO -  'TMOUT': '86400',
16:54:32     INFO -  'USER': 'cltbld',
16:54:32     INFO -  'XDG_SESSION_COOKIE': '9ca12473fbb1d023794ffd180000023c-1528501978.105210-1127364131',
16:54:32     INFO -  '_': '/tools/buildbot/bin/python'}
16:54:33     INFO -  Ignoring indexes: https://pypi.python.org/simple
16:54:33     INFO -  Requirement already satisfied (use --upgrade to upgrade): functools32==3.2.3-2 in ./venv/lib/python2.7/site-packages
16:54:33     INFO - Return code: 0
16:54:33     INFO - Installing blobuploader==1.2.4 into virtualenv /builds/slave/test/build/venv
16:54:33     INFO - retry: Calling run_command with args: [['/builds/slave/test/build/venv/bin/pip', 'install', '--timeout', '120', '--no-index', '--find-links', 'http://pypi.pvt.build.mozilla.org/pub', '--find-links', 'http://pypi.pub.build.mozilla.org/pub', '--trusted-host', 'pypi.pub.build.mozilla.org', '--trusted-host', 'pypi.pvt.build.mozilla.org', 'blobuploader==1.2.4']], kwargs: {'error_level': 'warning', 'error_list': [{'substr': 'not found or a compiler error:', 'level': 'warning'}, {'regex': <_sre.SRE_Pattern object at 0x7fbb0f14d110>, 'level': 'error'}, {'regex': <_sre.SRE_Pattern object at 0x7fbb0f255e40>, 'level': 'warning'}, {'regex': <_sre.SRE_Pattern object at 0xdbb3e0>, 'level': 'debug'}, {'substr': 'command not found', 'level': 'error'}, {'regex': <_sre.SRE_Pattern object at 0xdb7a90>, 'level': 'warning'}, {'substr': 'Traceback (most recent call last)', 'level': 'error'}, {'substr': 'SyntaxError: ', 'level': 'error'}, {'substr': 'TypeError: ', 'level': 'error'}, {'substr': 'NameError: ', 'level': 'error'}, {'substr': 'ZeroDivisionError: ', 'level': 'error'}, {'regex': <_sre.SRE_Pattern object at 0xdb93f0>, 'level': 'critical'}, {'regex': <_sre.SRE_Pattern object at 0xdb9670>, 'level': 'critical'}], 'cwd': '/builds/slave/test/build', 'env': {'TMOUT': '86400', 'LOGNAME': 'cltbld', 'USER': 'cltbld', 'HOME': '/home/cltbld', 'PATH': '/usr/local/bin:/usr/local/bin:/usr/bin:/bin:/usr/local/games:/usr/games', 'DISPLAY': ':0', 'CCACHE_UMASK': '002', 'LANG': 'en_US.UTF-8', 'TERM': 'linux', 'SHELL': '/bin/bash', 'MOZ_NODE_PATH': '/usr/bin/node', 'XDG_SESSION_COOKIE': '9ca12473fbb1d023794ffd180000023c-1528501978.105210-1127364131', 'SHLVL': '1', 'NO_FAIL_ON_TEST_ERRORS': '1', 'MOZ_NO_REMOTE': '1', 'MOZ_HIDE_RESULTS_TABLE': '1', 'MAIL': '/var/mail/cltbld', '_': '/tools/buildbot/bin/python', 'NODE_PATH': '/usr/lib/nodejs:/usr/lib/node_modules:/usr/share/javascript', 'PWD': '/builds/slave/test', 'PROPERTIES_FILE': '/builds/slave/test/buildprops.json', 'CCACHE_DIR': '/builds/ccache'}}, attempt #1
16:54:33     INFO - Running command: ['/builds/slave/test/build/venv/bin/pip', 'install', '--timeout', '120', '--no-index', '--find-links', 'http://pypi.pvt.build.mozilla.org/pub', '--find-links', 'http://pypi.pub.build.mozilla.org/pub', '--trusted-host', 'pypi.pub.build.mozilla.org', '--trusted-host', 'pypi.pvt.build.mozilla.org', 'blobuploader==1.2.4'] in /builds/slave/test/build
16:54:33     INFO - Copy/paste: /builds/slave/test/build/venv/bin/pip install --timeout 120 --no-index --find-links http://pypi.pvt.build.mozilla.org/pub --find-links http://pypi.pub.build.mozilla.org/pub --trusted-host pypi.pub.build.mozilla.org --trusted-host pypi.pvt.build.mozilla.org blobuploader==1.2.4
16:54:33     INFO - Using env: {'CCACHE_DIR': '/builds/ccache',
16:54:33     INFO -  'CCACHE_UMASK': '002',
16:54:33     INFO -  'DISPLAY': ':0',
16:54:33     INFO -  'HOME': '/home/cltbld',
16:54:33     INFO -  'LANG': 'en_US.UTF-8',
16:54:33     INFO -  'LOGNAME': 'cltbld',
16:54:33     INFO -  'MAIL': '/var/mail/cltbld',
16:54:33     INFO -  'MOZ_HIDE_RESULTS_TABLE': '1',
16:54:33     INFO -  'MOZ_NODE_PATH': '/usr/bin/node',
16:54:33     INFO -  'MOZ_NO_REMOTE': '1',
16:54:33     INFO -  'NODE_PATH': '/usr/lib/nodejs:/usr/lib/node_modules:/usr/share/javascript',
16:54:33     INFO -  'NO_FAIL_ON_TEST_ERRORS': '1',
16:54:33     INFO -  'PATH': '/usr/local/bin:/usr/local/bin:/usr/bin:/bin:/usr/local/games:/usr/games',
16:54:33     INFO -  'PROPERTIES_FILE': '/builds/slave/test/buildprops.json',
16:54:33     INFO -  'PWD': '/builds/slave/test',
16:54:33     INFO -  'SHELL': '/bin/bash',
16:54:33     INFO -  'SHLVL': '1',
16:54:33     INFO -  'TERM': 'linux',
16:54:33     INFO -  'TMOUT': '86400',
16:54:33     INFO -  'USER': 'cltbld',
16:54:33     INFO -  'XDG_SESSION_COOKIE': '9ca12473fbb1d023794ffd180000023c-1528501978.105210-1127364131',
16:54:33     INFO -  '_': '/tools/buildbot/bin/python'}
16:54:34     INFO -  Ignoring indexes: https://pypi.python.org/simple
16:54:34     INFO -  Collecting blobuploader==1.2.4
16:54:34     INFO -  /builds/slave/test/build/venv/lib/python2.7/site-packages/pip/_vendor/requests/packages/urllib3/util/ssl_.py:318: SNIMissingWarning: An HTTPS request has been made, but the SNI (Subject Name Indication) extension to TLS is not available on this platform. This may cause the server to present an incorrect TLS certificate, which can cause validation failures. You can upgrade to a newer version of Python to solve this. For more information, see https://urllib3.readthedocs.org/en/latest/security.html#snimissingwarning.
16:54:34     INFO -    SNIMissingWarning
16:54:34     INFO -  /builds/slave/test/build/venv/lib/python2.7/site-packages/pip/_vendor/requests/packages/urllib3/util/ssl_.py:122: InsecurePlatformWarning: A true SSLContext object is not available. This prevents urllib3 from configuring SSL appropriately and may cause certain SSL connections to fail. You can upgrade to a newer version of Python to solve this. For more information, see https://urllib3.readthedocs.org/en/latest/security.html#insecureplatformwarning.
16:54:34     INFO -    InsecurePlatformWarning
16:54:36     INFO -  /builds/slave/test/build/venv/lib/python2.7/site-packages/pip/_vendor/requests/packages/urllib3/util/ssl_.py:122: InsecurePlatformWarning: A true SSLContext object is not available. This prevents urllib3 from configuring SSL appropriately and may cause certain SSL connections to fail. You can upgrade to a newer version of Python to solve this. For more information, see https://urllib3.readthedocs.org/en/latest/security.html#insecureplatformwarning.
16:54:36     INFO -    InsecurePlatformWarning
16:54:41     INFO -    Downloading https://pypi.pvt.build.mozilla.org/pub/blobuploader-1.2.4.tar.gz
16:54:42     INFO -  Collecting requests==1.2.3. (from blobuploader==1.2.4)
16:54:47     INFO -    Downloading https://pypi.pvt.build.mozilla.org/pub/requests-1.2.3.tar.gz (348kB)
16:54:48     INFO -  Collecting docopt==0.6.1 (from blobuploader==1.2.4)
16:54:54     INFO -    Downloading https://pypi.pvt.build.mozilla.org/pub/docopt-0.6.1.tar.gz
16:54:55     INFO -  Building wheels for collected packages: blobuploader, requests, docopt
16:54:55     INFO -    Running setup.py bdist_wheel for blobuploader: started
16:54:55     INFO -    Running setup.py bdist_wheel for blobuploader: finished with status 'done'
16:54:55     INFO -    Stored in directory: /home/cltbld/.cache/pip/wheels/a7/2a/47/2d3828e4129ffeb548a26f4a87889dc9bc1a58e201a0ff8655
16:54:55     INFO -    Running setup.py bdist_wheel for requests: started
16:54:56     INFO -    Running setup.py bdist_wheel for requests: finished with status 'done'
16:54:56     INFO -    Stored in directory: /home/cltbld/.cache/pip/wheels/65/bb/90/359b65a7043ffc879dde877c4ad827f452218808c6cccf2658
16:54:56     INFO -    Running setup.py bdist_wheel for docopt: started
16:54:56     INFO -    Running setup.py bdist_wheel for docopt: finished with status 'done'
16:54:56     INFO -    Stored in directory: /home/cltbld/.cache/pip/wheels/ac/8b/84/7dbe9ada02c48c352fa733c81648516f92c6436f9d5bffad41
16:54:56     INFO -  Successfully built blobuploader requests docopt
16:54:56     INFO -  Installing collected packages: requests, docopt, blobuploader
16:54:57     INFO -  Successfully installed blobuploader-1.2.4 docopt-0.6.1 requests-1.2.3
16:54:57     INFO - Return code: 0
16:54:57     INFO - Installing None into virtualenv /builds/slave/test/build/venv
16:54:57     INFO - retry: Calling run_command with args: [['/builds/slave/test/build/venv/bin/pip', 'install', '--no-deps', '--timeout', '120', '-r', '/builds/slave/test/build/tests/config/mozbase_requirements.txt', '--no-index', '--find-links', 'http://pypi.pvt.build.mozilla.org/pub', '--find-links', 'http://pypi.pub.build.mozilla.org/pub', '--trusted-host', 'pypi.pub.build.mozilla.org', '--trusted-host', 'pypi.pvt.build.mozilla.org']], kwargs: {'error_level': 'warning', 'error_list': [{'substr': 'not found or a compiler error:', 'level': 'warning'}, {'regex': <_sre.SRE_Pattern object at 0x7fbb0f14d110>, 'level': 'error'}, {'regex': <_sre.SRE_Pattern object at 0x7fbb0f255e40>, 'level': 'warning'}, {'regex': <_sre.SRE_Pattern object at 0xdbb3e0>, 'level': 'debug'}, {'substr': 'command not found', 'level': 'error'}, {'regex': <_sre.SRE_Pattern object at 0xdb7a90>, 'level': 'warning'}, {'substr': 'Traceback (most recent call last)', 'level': 'error'}, {'substr': 'SyntaxError: ', 'level': 'error'}, {'substr': 'TypeError: ', 'level': 'error'}, {'substr': 'NameError: ', 'level': 'error'}, {'substr': 'ZeroDivisionError: ', 'level': 'error'}, {'regex': <_sre.SRE_Pattern object at 0xdb93f0>, 'level': 'critical'}, {'regex': <_sre.SRE_Pattern object at 0xdb9670>, 'level': 'critical'}], 'cwd': '/builds/slave/test/build/tests/config', 'env': {'TMOUT': '86400', 'LOGNAME': 'cltbld', 'USER': 'cltbld', 'HOME': '/home/cltbld', 'PATH': '/usr/local/bin:/usr/local/bin:/usr/bin:/bin:/usr/local/games:/usr/games', 'DISPLAY': ':0', 'CCACHE_UMASK': '002', 'LANG': 'en_US.UTF-8', 'TERM': 'linux', 'SHELL': '/bin/bash', 'MOZ_NODE_PATH': '/usr/bin/node', 'XDG_SESSION_COOKIE': '9ca12473fbb1d023794ffd180000023c-1528501978.105210-1127364131', 'SHLVL': '1', 'NO_FAIL_ON_TEST_ERRORS': '1', 'MOZ_NO_REMOTE': '1', 'MOZ_HIDE_RESULTS_TABLE': '1', 'MAIL': '/var/mail/cltbld', '_': '/tools/buildbot/bin/python', 'NODE_PATH': '/usr/lib/nodejs:/usr/lib/node_modules:/usr/share/javascript', 'PWD': '/builds/slave/test', 'PROPERTIES_FILE': '/builds/slave/test/buildprops.json', 'CCACHE_DIR': '/builds/ccache'}}, attempt #1
16:54:57     INFO - Running command: ['/builds/slave/test/build/venv/bin/pip', 'install', '--no-deps', '--timeout', '120', '-r', '/builds/slave/test/build/tests/config/mozbase_requirements.txt', '--no-index', '--find-links', 'http://pypi.pvt.build.mozilla.org/pub', '--find-links', 'http://pypi.pub.build.mozilla.org/pub', '--trusted-host', 'pypi.pub.build.mozilla.org', '--trusted-host', 'pypi.pvt.build.mozilla.org'] in /builds/slave/test/build/tests/config
16:54:57     INFO - Copy/paste: /builds/slave/test/build/venv/bin/pip install --no-deps --timeout 120 -r /builds/slave/test/build/tests/config/mozbase_requirements.txt --no-index --find-links http://pypi.pvt.build.mozilla.org/pub --find-links http://pypi.pub.build.mozilla.org/pub --trusted-host pypi.pub.build.mozilla.org --trusted-host pypi.pvt.build.mozilla.org
16:54:57     INFO - Using env: {'CCACHE_DIR': '/builds/ccache',
16:54:57     INFO -  'CCACHE_UMASK': '002',
16:54:57     INFO -  'DISPLAY': ':0',
16:54:57     INFO -  'HOME': '/home/cltbld',
16:54:57     INFO -  'LANG': 'en_US.UTF-8',
16:54:57     INFO -  'LOGNAME': 'cltbld',
16:54:57     INFO -  'MAIL': '/var/mail/cltbld',
16:54:57     INFO -  'MOZ_HIDE_RESULTS_TABLE': '1',
16:54:57     INFO -  'MOZ_NODE_PATH': '/usr/bin/node',
16:54:57     INFO -  'MOZ_NO_REMOTE': '1',
16:54:57     INFO -  'NODE_PATH': '/usr/lib/nodejs:/usr/lib/node_modules:/usr/share/javascript',
16:54:57     INFO -  'NO_FAIL_ON_TEST_ERRORS': '1',
16:54:57     INFO -  'PATH': '/usr/local/bin:/usr/local/bin:/usr/bin:/bin:/usr/local/games:/usr/games',
16:54:57     INFO -  'PROPERTIES_FILE': '/builds/slave/test/buildprops.json',
16:54:57     INFO -  'PWD': '/builds/slave/test',
16:54:57     INFO -  'SHELL': '/bin/bash',
16:54:57     INFO -  'SHLVL': '1',
16:54:57     INFO -  'TERM': 'linux',
16:54:57     INFO -  'TMOUT': '86400',
16:54:57     INFO -  'USER': 'cltbld',
16:54:57     INFO -  'XDG_SESSION_COOKIE': '9ca12473fbb1d023794ffd180000023c-1528501978.105210-1127364131',
16:54:57     INFO -  '_': '/tools/buildbot/bin/python'}
16:54:58     INFO -  Ignoring indexes: https://pypi.python.org/simple
16:54:58     INFO -  Processing /builds/slave/test/build/tests/mozbase/manifestparser
16:54:59     INFO -  Processing /builds/slave/test/build/tests/mozbase/mozcrash
16:54:59     INFO -  Processing /builds/slave/test/build/tests/mozbase/mozdebug
16:54:59     INFO -  Processing /builds/slave/test/build/tests/mozbase/mozdevice
16:55:00     INFO -  Processing /builds/slave/test/build/tests/mozbase/mozfile
16:55:00     INFO -  Processing /builds/slave/test/build/tests/mozbase/mozhttpd
16:55:00     INFO -  Processing /builds/slave/test/build/tests/mozbase/mozinfo
16:55:01     INFO -  Processing /builds/slave/test/build/tests/mozbase/mozinstall
16:55:01     INFO -  Processing /builds/slave/test/build/tests/mozbase/mozleak
16:55:01     INFO -  Processing /builds/slave/test/build/tests/mozbase/mozlog
16:55:02     INFO -  Processing /builds/slave/test/build/tests/mozbase/moznetwork
16:55:02     INFO -  Processing /builds/slave/test/build/tests/mozbase/mozprocess
16:55:03     INFO -  Processing /builds/slave/test/build/tests/mozbase/mozprofile
16:55:03     INFO -  Processing /builds/slave/test/build/tests/mozbase/mozrunner
16:55:03     INFO -  Processing /builds/slave/test/build/tests/mozbase/mozscreenshot
16:55:04     INFO -  Processing /builds/slave/test/build/tests/mozbase/moztest
16:55:04     INFO -  Processing /builds/slave/test/build/tests/mozbase/mozversion
16:55:04     INFO -  Installing collected packages: manifestparser, mozcrash, mozdebug, mozdevice, mozfile, mozhttpd, mozinfo, mozInstall, mozleak, mozlog, moznetwork, mozprocess, mozprofile, mozrunner, mozscreenshot, moztest, mozversion
16:55:04     INFO -    Running setup.py install for manifestparser: started
16:55:05     INFO -      Running setup.py install for manifestparser: finished with status 'done'
16:55:05     INFO -    Running setup.py install for mozcrash: started
16:55:05     INFO -      Running setup.py install for mozcrash: finished with status 'done'
16:55:05     INFO -    Running setup.py install for mozdebug: started
16:55:05     INFO -      Running setup.py install for mozdebug: finished with status 'done'
16:55:05     INFO -    Running setup.py install for mozdevice: started
16:55:06     INFO -      Running setup.py install for mozdevice: finished with status 'done'
16:55:06     INFO -    Running setup.py install for mozfile: started
16:55:06     INFO -      Running setup.py install for mozfile: finished with status 'done'
16:55:06     INFO -    Running setup.py install for mozhttpd: started
16:55:07     INFO -      Running setup.py install for mozhttpd: finished with status 'done'
16:55:07     INFO -    Running setup.py install for mozinfo: started
16:55:07     INFO -      Running setup.py install for mozinfo: finished with status 'done'
16:55:07     INFO -    Running setup.py install for mozInstall: started
16:55:08     INFO -      Running setup.py install for mozInstall: finished with status 'done'
16:55:08     INFO -    Running setup.py install for mozleak: started
16:55:08     INFO -      Running setup.py install for mozleak: finished with status 'done'
16:55:08     INFO -    Running setup.py install for mozlog: started
16:55:08     INFO -      Running setup.py install for mozlog: finished with status 'done'
16:55:08     INFO -    Running setup.py install for moznetwork: started
16:55:09     INFO -      Running setup.py install for moznetwork: finished with status 'done'
16:55:09     INFO -    Running setup.py install for mozprocess: started
16:55:09     INFO -      Running setup.py install for mozprocess: finished with status 'done'
16:55:09     INFO -    Running setup.py install for mozprofile: started
16:55:10     INFO -      Running setup.py install for mozprofile: finished with status 'done'
16:55:10     INFO -    Running setup.py install for mozrunner: started
16:55:10     INFO -      Running setup.py install for mozrunner: finished with status 'done'
16:55:10     INFO -    Running setup.py install for mozscreenshot: started
16:55:11     INFO -      Running setup.py install for mozscreenshot: finished with status 'done'
16:55:11     INFO -    Running setup.py install for moztest: started
16:55:11     INFO -      Running setup.py install for moztest: finished with status 'done'
16:55:11     INFO -    Running setup.py install for mozversion: started
16:55:11     INFO -      Running setup.py install for mozversion: finished with status 'done'
16:55:12     INFO -  Successfully installed manifestparser-1.1 mozInstall-1.12 mozcrash-1.0 mozdebug-0.1 mozdevice-0.48 mozfile-1.2 mozhttpd-0.7 mozinfo-0.9 mozleak-0.1 mozlog-3.4 moznetwork-0.27 mozprocess-0.23 mozprofile-0.28 mozrunner-6.13 mozscreenshot-0.1 moztest-0.8 mozversion-1.4
16:55:12     INFO - Return code: 0
16:55:12     INFO - Installing None into virtualenv /builds/slave/test/build/venv
16:55:12     INFO - retry: Calling run_command with args: [['/builds/slave/test/build/venv/bin/pip', 'install', '--timeout', '120', '-r', '/builds/slave/test/build/tests/config/mozbase_requirements.txt', '--no-index', '--find-links', 'http://pypi.pvt.build.mozilla.org/pub', '--find-links', 'http://pypi.pub.build.mozilla.org/pub', '--trusted-host', 'pypi.pub.build.mozilla.org', '--trusted-host', 'pypi.pvt.build.mozilla.org']], kwargs: {'error_level': 'warning', 'error_list': [{'substr': 'not found or a compiler error:', 'level': 'warning'}, {'regex': <_sre.SRE_Pattern object at 0x7fbb0f14d110>, 'level': 'error'}, {'regex': <_sre.SRE_Pattern object at 0x7fbb0f255e40>, 'level': 'warning'}, {'regex': <_sre.SRE_Pattern object at 0xdbb3e0>, 'level': 'debug'}, {'substr': 'command not found', 'level': 'error'}, {'regex': <_sre.SRE_Pattern object at 0xdb7a90>, 'level': 'warning'}, {'substr': 'Traceback (most recent call last)', 'level': 'error'}, {'substr': 'SyntaxError: ', 'level': 'error'}, {'substr': 'TypeError: ', 'level': 'error'}, {'substr': 'NameError: ', 'level': 'error'}, {'substr': 'ZeroDivisionError: ', 'level': 'error'}, {'regex': <_sre.SRE_Pattern object at 0xdb93f0>, 'level': 'critical'}, {'regex': <_sre.SRE_Pattern object at 0xdb9670>, 'level': 'critical'}], 'cwd': '/builds/slave/test/build/tests/config', 'env': {'TMOUT': '86400', 'LOGNAME': 'cltbld', 'USER': 'cltbld', 'HOME': '/home/cltbld', 'PATH': '/usr/local/bin:/usr/local/bin:/usr/bin:/bin:/usr/local/games:/usr/games', 'DISPLAY': ':0', 'CCACHE_UMASK': '002', 'LANG': 'en_US.UTF-8', 'TERM': 'linux', 'SHELL': '/bin/bash', 'MOZ_NODE_PATH': '/usr/bin/node', 'XDG_SESSION_COOKIE': '9ca12473fbb1d023794ffd180000023c-1528501978.105210-1127364131', 'SHLVL': '1', 'NO_FAIL_ON_TEST_ERRORS': '1', 'MOZ_NO_REMOTE': '1', 'MOZ_HIDE_RESULTS_TABLE': '1', 'MAIL': '/var/mail/cltbld', '_': '/tools/buildbot/bin/python', 'NODE_PATH': '/usr/lib/nodejs:/usr/lib/node_modules:/usr/share/javascript', 'PWD': '/builds/slave/test', 'PROPERTIES_FILE': '/builds/slave/test/buildprops.json', 'CCACHE_DIR': '/builds/ccache'}}, attempt #1
16:55:12     INFO - Running command: ['/builds/slave/test/build/venv/bin/pip', 'install', '--timeout', '120', '-r', '/builds/slave/test/build/tests/config/mozbase_requirements.txt', '--no-index', '--find-links', 'http://pypi.pvt.build.mozilla.org/pub', '--find-links', 'http://pypi.pub.build.mozilla.org/pub', '--trusted-host', 'pypi.pub.build.mozilla.org', '--trusted-host', 'pypi.pvt.build.mozilla.org'] in /builds/slave/test/build/tests/config
16:55:12     INFO - Copy/paste: /builds/slave/test/build/venv/bin/pip install --timeout 120 -r /builds/slave/test/build/tests/config/mozbase_requirements.txt --no-index --find-links http://pypi.pvt.build.mozilla.org/pub --find-links http://pypi.pub.build.mozilla.org/pub --trusted-host pypi.pub.build.mozilla.org --trusted-host pypi.pvt.build.mozilla.org
16:55:12     INFO - Using env: {'CCACHE_DIR': '/builds/ccache',
16:55:12     INFO -  'CCACHE_UMASK': '002',
16:55:12     INFO -  'DISPLAY': ':0',
16:55:12     INFO -  'HOME': '/home/cltbld',
16:55:12     INFO -  'LANG': 'en_US.UTF-8',
16:55:12     INFO -  'LOGNAME': 'cltbld',
16:55:12     INFO -  'MAIL': '/var/mail/cltbld',
16:55:12     INFO -  'MOZ_HIDE_RESULTS_TABLE': '1',
16:55:12     INFO -  'MOZ_NODE_PATH': '/usr/bin/node',
16:55:12     INFO -  'MOZ_NO_REMOTE': '1',
16:55:12     INFO -  'NODE_PATH': '/usr/lib/nodejs:/usr/lib/node_modules:/usr/share/javascript',
16:55:12     INFO -  'NO_FAIL_ON_TEST_ERRORS': '1',
16:55:12     INFO -  'PATH': '/usr/local/bin:/usr/local/bin:/usr/bin:/bin:/usr/local/games:/usr/games',
16:55:12     INFO -  'PROPERTIES_FILE': '/builds/slave/test/buildprops.json',
16:55:12     INFO -  'PWD': '/builds/slave/test',
16:55:12     INFO -  'SHELL': '/bin/bash',
16:55:12     INFO -  'SHLVL': '1',
16:55:12     INFO -  'TERM': 'linux',
16:55:12     INFO -  'TMOUT': '86400',
16:55:12     INFO -  'USER': 'cltbld',
16:55:12     INFO -  'XDG_SESSION_COOKIE': '9ca12473fbb1d023794ffd180000023c-1528501978.105210-1127364131',
16:55:12     INFO -  '_': '/tools/buildbot/bin/python'}
16:55:13     INFO -  Ignoring indexes: https://pypi.python.org/simple
16:55:13     INFO -  Processing /builds/slave/test/build/tests/mozbase/manifestparser
16:55:14     INFO -    Requirement already satisfied (use --upgrade to upgrade): manifestparser==1.1 from file:///builds/slave/test/build/tests/mozbase/manifestparser in /builds/slave/test/build/venv/lib/python2.7/site-packages (from -r /builds/slave/test/build/tests/config/mozbase_requirements.txt (line 1))
16:55:14     INFO -  Processing /builds/slave/test/build/tests/mozbase/mozcrash
16:55:14     INFO -    Requirement already satisfied (use --upgrade to upgrade): mozcrash==1.0 from file:///builds/slave/test/build/tests/mozbase/mozcrash in /builds/slave/test/build/venv/lib/python2.7/site-packages (from -r /builds/slave/test/build/tests/config/mozbase_requirements.txt (line 2))
16:55:14     INFO -  Processing /builds/slave/test/build/tests/mozbase/mozdebug
16:55:14     INFO -    Requirement already satisfied (use --upgrade to upgrade): mozdebug==0.1 from file:///builds/slave/test/build/tests/mozbase/mozdebug in /builds/slave/test/build/venv/lib/python2.7/site-packages (from -r /builds/slave/test/build/tests/config/mozbase_requirements.txt (line 3))
16:55:14     INFO -  Processing /builds/slave/test/build/tests/mozbase/mozdevice
16:55:15     INFO -    Requirement already satisfied (use --upgrade to upgrade): mozdevice==0.48 from file:///builds/slave/test/build/tests/mozbase/mozdevice in /builds/slave/test/build/venv/lib/python2.7/site-packages (from -r /builds/slave/test/build/tests/config/mozbase_requirements.txt (line 4))
16:55:15     INFO -  Processing /builds/slave/test/build/tests/mozbase/mozfile
16:55:15     INFO -    Requirement already satisfied (use --upgrade to upgrade): mozfile==1.2 from file:///builds/slave/test/build/tests/mozbase/mozfile in /builds/slave/test/build/venv/lib/python2.7/site-packages (from -r /builds/slave/test/build/tests/config/mozbase_requirements.txt (line 5))
16:55:15     INFO -  Processing /builds/slave/test/build/tests/mozbase/mozhttpd
16:55:16     INFO -    Requirement already satisfied (use --upgrade to upgrade): mozhttpd==0.7 from file:///builds/slave/test/build/tests/mozbase/mozhttpd in /builds/slave/test/build/venv/lib/python2.7/site-packages (from -r /builds/slave/test/build/tests/config/mozbase_requirements.txt (line 6))
16:55:16     INFO -  Processing /builds/slave/test/build/tests/mozbase/mozinfo
16:55:16     INFO -    Requirement already satisfied (use --upgrade to upgrade): mozinfo==0.9 from file:///builds/slave/test/build/tests/mozbase/mozinfo in /builds/slave/test/build/venv/lib/python2.7/site-packages (from -r /builds/slave/test/build/tests/config/mozbase_requirements.txt (line 7))
16:55:16     INFO -  Processing /builds/slave/test/build/tests/mozbase/mozinstall
16:55:16     INFO -    Requirement already satisfied (use --upgrade to upgrade): mozInstall==1.12 from file:///builds/slave/test/build/tests/mozbase/mozinstall in /builds/slave/test/build/venv/lib/python2.7/site-packages (from -r /builds/slave/test/build/tests/config/mozbase_requirements.txt (line 8))
16:55:16     INFO -  Processing /builds/slave/test/build/tests/mozbase/mozleak
16:55:17     INFO -    Requirement already satisfied (use --upgrade to upgrade): mozleak==0.1 from file:///builds/slave/test/build/tests/mozbase/mozleak in /builds/slave/test/build/venv/lib/python2.7/site-packages (from -r /builds/slave/test/build/tests/config/mozbase_requirements.txt (line 9))
16:55:17     INFO -  Processing /builds/slave/test/build/tests/mozbase/mozlog
16:55:17     INFO -    Requirement already satisfied (use --upgrade to upgrade): mozlog==3.4 from file:///builds/slave/test/build/tests/mozbase/mozlog in /builds/slave/test/build/venv/lib/python2.7/site-packages (from -r /builds/slave/test/build/tests/config/mozbase_requirements.txt (line 10))
16:55:17     INFO -  Processing /builds/slave/test/build/tests/mozbase/moznetwork
16:55:17     INFO -    Requirement already satisfied (use --upgrade to upgrade): moznetwork==0.27 from file:///builds/slave/test/build/tests/mozbase/moznetwork in /builds/slave/test/build/venv/lib/python2.7/site-packages (from -r /builds/slave/test/build/tests/config/mozbase_requirements.txt (line 11))
16:55:17     INFO -  Processing /builds/slave/test/build/tests/mozbase/mozprocess
16:55:18     INFO -    Requirement already satisfied (use --upgrade to upgrade): mozprocess==0.23 from file:///builds/slave/test/build/tests/mozbase/mozprocess in /builds/slave/test/build/venv/lib/python2.7/site-packages (from -r /builds/slave/test/build/tests/config/mozbase_requirements.txt (line 12))
16:55:18     INFO -  Processing /builds/slave/test/build/tests/mozbase/mozprofile
16:55:18     INFO -    Requirement already satisfied (use --upgrade to upgrade): mozprofile==0.28 from file:///builds/slave/test/build/tests/mozbase/mozprofile in /builds/slave/test/build/venv/lib/python2.7/site-packages (from -r /builds/slave/test/build/tests/config/mozbase_requirements.txt (line 13))
16:55:18     INFO -  Processing /builds/slave/test/build/tests/mozbase/mozrunner
16:55:19     INFO -    Requirement already satisfied (use --upgrade to upgrade): mozrunner==6.13 from file:///builds/slave/test/build/tests/mozbase/mozrunner in /builds/slave/test/build/venv/lib/python2.7/site-packages (from -r /builds/slave/test/build/tests/config/mozbase_requirements.txt (line 14))
16:55:19     INFO -  Processing /builds/slave/test/build/tests/mozbase/mozscreenshot
16:55:19     INFO -    Requirement already satisfied (use --upgrade to upgrade): mozscreenshot==0.1 from file:///builds/slave/test/build/tests/mozbase/mozscreenshot in /builds/slave/test/build/venv/lib/python2.7/site-packages (from -r /builds/slave/test/build/tests/config/mozbase_requirements.txt (line 15))
16:55:19     INFO -  Processing /builds/slave/test/build/tests/mozbase/moztest
16:55:19     INFO -    Requirement already satisfied (use --upgrade to upgrade): moztest==0.8 from file:///builds/slave/test/build/tests/mozbase/moztest in /builds/slave/test/build/venv/lib/python2.7/site-packages (from -r /builds/slave/test/build/tests/config/mozbase_requirements.txt (line 16))
16:55:19     INFO -  Processing /builds/slave/test/build/tests/mozbase/mozversion
16:55:20     INFO -    Requirement already satisfied (use --upgrade to upgrade): mozversion==1.4 from file:///builds/slave/test/build/tests/mozbase/mozversion in /builds/slave/test/build/venv/lib/python2.7/site-packages (from -r /builds/slave/test/build/tests/config/mozbase_requirements.txt (line 17))
16:55:20     INFO -  Requirement already satisfied (use --upgrade to upgrade): mozfile>=1.0 in /builds/slave/test/build/venv/lib/python2.7/site-packages (from mozcrash==1.0->-r /builds/slave/test/build/tests/config/mozbase_requirements.txt (line 2))
16:55:20     INFO -  Requirement already satisfied (use --upgrade to upgrade): mozlog>=3.0 in /builds/slave/test/build/venv/lib/python2.7/site-packages (from mozcrash==1.0->-r /builds/slave/test/build/tests/config/mozbase_requirements.txt (line 2))
16:55:20     INFO -  Requirement already satisfied (use --upgrade to upgrade): mozinfo in /builds/slave/test/build/venv/lib/python2.7/site-packages (from mozdebug==0.1->-r /builds/slave/test/build/tests/config/mozbase_requirements.txt (line 3))
16:55:20     INFO -  Requirement already satisfied (use --upgrade to upgrade): moznetwork>=0.24 in /builds/slave/test/build/venv/lib/python2.7/site-packages (from mozdevice==0.48->-r /builds/slave/test/build/tests/config/mozbase_requirements.txt (line 4))
16:55:20     INFO -  Requirement already satisfied (use --upgrade to upgrade): mozprocess>=0.19 in /builds/slave/test/build/venv/lib/python2.7/site-packages (from mozdevice==0.48->-r /builds/slave/test/build/tests/config/mozbase_requirements.txt (line 4))
16:55:20     INFO -  Collecting blessings>=1.3 (from mozlog==3.4->-r /builds/slave/test/build/tests/config/mozbase_requirements.txt (line 10))
16:55:20     INFO -  /builds/slave/test/build/venv/lib/python2.7/site-packages/pip/_vendor/requests/packages/urllib3/util/ssl_.py:318: SNIMissingWarning: An HTTPS request has been made, but the SNI (Subject Name Indication) extension to TLS is not available on this platform. This may cause the server to present an incorrect TLS certificate, which can cause validation failures. You can upgrade to a newer version of Python to solve this. For more information, see https://urllib3.readthedocs.org/en/latest/security.html#snimissingwarning.
16:55:20     INFO -    SNIMissingWarning
16:55:20     INFO -  /builds/slave/test/build/venv/lib/python2.7/site-packages/pip/_vendor/requests/packages/urllib3/util/ssl_.py:122: InsecurePlatformWarning: A true SSLContext object is not available. This prevents urllib3 from configuring SSL appropriately and may cause certain SSL connections to fail. You can upgrade to a newer version of Python to solve this. For more information, see https://urllib3.readthedocs.org/en/latest/security.html#insecureplatformwarning.
16:55:20     INFO -    InsecurePlatformWarning
16:55:22     INFO -  /builds/slave/test/build/venv/lib/python2.7/site-packages/pip/_vendor/requests/packages/urllib3/util/ssl_.py:122: InsecurePlatformWarning: A true SSLContext object is not available. This prevents urllib3 from configuring SSL appropriately and may cause certain SSL connections to fail. You can upgrade to a newer version of Python to solve this. For more information, see https://urllib3.readthedocs.org/en/latest/security.html#insecureplatformwarning.
16:55:22     INFO -    InsecurePlatformWarning
16:55:27     INFO -    Downloading https://pypi.pvt.build.mozilla.org/pub/blessings-1.6.tar.gz
16:55:27     INFO -  Building wheels for collected packages: blessings
16:55:27     INFO -    Running setup.py bdist_wheel for blessings: started
16:55:28     INFO -    Running setup.py bdist_wheel for blessings: finished with status 'done'
16:55:28     INFO -    Stored in directory: /home/cltbld/.cache/pip/wheels/fb/37/ae/c6b15ed5da2ead5847df54c8319487050d4dcc950c9795eae9
16:55:28     INFO -  Successfully built blessings
16:55:28     INFO -  Installing collected packages: blessings
16:55:28     INFO -  Successfully installed blessings-1.6
16:55:28     INFO - Return code: 0
16:55:28     INFO - Installing pip>=1.5 into virtualenv /builds/slave/test/build/venv
16:55:29     INFO - retry: Calling run_command with args: [['/builds/slave/test/build/venv/bin/pip', 'install', '--timeout', '120', '--no-index', '--find-links', 'http://pypi.pvt.build.mozilla.org/pub', '--find-links', 'http://pypi.pub.build.mozilla.org/pub', '--trusted-host', 'pypi.pub.build.mozilla.org', '--trusted-host', 'pypi.pvt.build.mozilla.org', 'pip>=1.5']], kwargs: {'error_level': 'warning', 'error_list': [{'substr': 'not found or a compiler error:', 'level': 'warning'}, {'regex': <_sre.SRE_Pattern object at 0x7fbb0f14d110>, 'level': 'error'}, {'regex': <_sre.SRE_Pattern object at 0x7fbb0f255e40>, 'level': 'warning'}, {'regex': <_sre.SRE_Pattern object at 0xdbb3e0>, 'level': 'debug'}, {'substr': 'command not found', 'level': 'error'}, {'regex': <_sre.SRE_Pattern object at 0xdb7a90>, 'level': 'warning'}, {'substr': 'Traceback (most recent call last)', 'level': 'error'}, {'substr': 'SyntaxError: ', 'level': 'error'}, {'substr': 'TypeError: ', 'level': 'error'}, {'substr': 'NameError: ', 'level': 'error'}, {'substr': 'ZeroDivisionError: ', 'level': 'error'}, {'regex': <_sre.SRE_Pattern object at 0xdb93f0>, 'level': 'critical'}, {'regex': <_sre.SRE_Pattern object at 0xdb9670>, 'level': 'critical'}], 'cwd': '/builds/slave/test/build', 'env': {'TMOUT': '86400', 'LOGNAME': 'cltbld', 'USER': 'cltbld', 'HOME': '/home/cltbld', 'PATH': '/usr/local/bin:/usr/local/bin:/usr/bin:/bin:/usr/local/games:/usr/games', 'DISPLAY': ':0', 'CCACHE_UMASK': '002', 'LANG': 'en_US.UTF-8', 'TERM': 'linux', 'SHELL': '/bin/bash', 'MOZ_NODE_PATH': '/usr/bin/node', 'XDG_SESSION_COOKIE': '9ca12473fbb1d023794ffd180000023c-1528501978.105210-1127364131', 'SHLVL': '1', 'NO_FAIL_ON_TEST_ERRORS': '1', 'MOZ_NO_REMOTE': '1', 'MOZ_HIDE_RESULTS_TABLE': '1', 'MAIL': '/var/mail/cltbld', '_': '/tools/buildbot/bin/python', 'NODE_PATH': '/usr/lib/nodejs:/usr/lib/node_modules:/usr/share/javascript', 'PWD': '/builds/slave/test', 'PROPERTIES_FILE': '/builds/slave/test/buildprops.json', 'CCACHE_DIR': '/builds/ccache'}}, attempt #1
16:55:29     INFO - Running command: ['/builds/slave/test/build/venv/bin/pip', 'install', '--timeout', '120', '--no-index', '--find-links', 'http://pypi.pvt.build.mozilla.org/pub', '--find-links', 'http://pypi.pub.build.mozilla.org/pub', '--trusted-host', 'pypi.pub.build.mozilla.org', '--trusted-host', 'pypi.pvt.build.mozilla.org', 'pip>=1.5'] in /builds/slave/test/build
16:55:29     INFO - Copy/paste: /builds/slave/test/build/venv/bin/pip install --timeout 120 --no-index --find-links http://pypi.pvt.build.mozilla.org/pub --find-links http://pypi.pub.build.mozilla.org/pub --trusted-host pypi.pub.build.mozilla.org --trusted-host pypi.pvt.build.mozilla.org pip>=1.5
16:55:29     INFO - Using env: {'CCACHE_DIR': '/builds/ccache',
16:55:29     INFO -  'CCACHE_UMASK': '002',
16:55:29     INFO -  'DISPLAY': ':0',
16:55:29     INFO -  'HOME': '/home/cltbld',
16:55:29     INFO -  'LANG': 'en_US.UTF-8',
16:55:29     INFO -  'LOGNAME': 'cltbld',
16:55:29     INFO -  'MAIL': '/var/mail/cltbld',
16:55:29     INFO -  'MOZ_HIDE_RESULTS_TABLE': '1',
16:55:29     INFO -  'MOZ_NODE_PATH': '/usr/bin/node',
16:55:29     INFO -  'MOZ_NO_REMOTE': '1',
16:55:29     INFO -  'NODE_PATH': '/usr/lib/nodejs:/usr/lib/node_modules:/usr/share/javascript',
16:55:29     INFO -  'NO_FAIL_ON_TEST_ERRORS': '1',
16:55:29     INFO -  'PATH': '/usr/local/bin:/usr/local/bin:/usr/bin:/bin:/usr/local/games:/usr/games',
16:55:29     INFO -  'PROPERTIES_FILE': '/builds/slave/test/buildprops.json',
16:55:29     INFO -  'PWD': '/builds/slave/test',
16:55:29     INFO -  'SHELL': '/bin/bash',
16:55:29     INFO -  'SHLVL': '1',
16:55:29     INFO -  'TERM': 'linux',
16:55:29     INFO -  'TMOUT': '86400',
16:55:29     INFO -  'USER': 'cltbld',
16:55:29     INFO -  'XDG_SESSION_COOKIE': '9ca12473fbb1d023794ffd180000023c-1528501978.105210-1127364131',
16:55:29     INFO -  '_': '/tools/buildbot/bin/python'}
16:55:29     INFO -  Ignoring indexes: https://pypi.python.org/simple
16:55:29     INFO -  Requirement already satisfied (use --upgrade to upgrade): pip>=1.5 in ./venv/lib/python2.7/site-packages
16:55:29     INFO - Return code: 0
16:55:29     INFO - Installing psutil==3.1.1 into virtualenv /builds/slave/test/build/venv
16:55:30     INFO - retry: Calling run_command with args: [['/builds/slave/test/build/venv/bin/pip', 'install', '--timeout', '120', '--no-index', '--find-links', 'http://pypi.pvt.build.mozilla.org/pub', '--find-links', 'http://pypi.pub.build.mozilla.org/pub', '--trusted-host', 'pypi.pub.build.mozilla.org', '--trusted-host', 'pypi.pvt.build.mozilla.org', 'psutil==3.1.1']], kwargs: {'error_level': 'warning', 'error_list': [{'substr': 'not found or a compiler error:', 'level': 'warning'}, {'regex': <_sre.SRE_Pattern object at 0x7fbb0f14d110>, 'level': 'error'}, {'regex': <_sre.SRE_Pattern object at 0x7fbb0f255e40>, 'level': 'warning'}, {'regex': <_sre.SRE_Pattern object at 0xdbb3e0>, 'level': 'debug'}, {'substr': 'command not found', 'level': 'error'}, {'regex': <_sre.SRE_Pattern object at 0xdb7a90>, 'level': 'warning'}, {'substr': 'Traceback (most recent call last)', 'level': 'error'}, {'substr': 'SyntaxError: ', 'level': 'error'}, {'substr': 'TypeError: ', 'level': 'error'}, {'substr': 'NameError: ', 'level': 'error'}, {'substr': 'ZeroDivisionError: ', 'level': 'error'}, {'regex': <_sre.SRE_Pattern object at 0xdb93f0>, 'level': 'critical'}, {'regex': <_sre.SRE_Pattern object at 0xdb9670>, 'level': 'critical'}], 'cwd': '/builds/slave/test/build', 'env': {'TMOUT': '86400', 'LOGNAME': 'cltbld', 'USER': 'cltbld', 'HOME': '/home/cltbld', 'PATH': '/usr/local/bin:/usr/local/bin:/usr/bin:/bin:/usr/local/games:/usr/games', 'DISPLAY': ':0', 'CCACHE_UMASK': '002', 'LANG': 'en_US.UTF-8', 'TERM': 'linux', 'SHELL': '/bin/bash', 'MOZ_NODE_PATH': '/usr/bin/node', 'XDG_SESSION_COOKIE': '9ca12473fbb1d023794ffd180000023c-1528501978.105210-1127364131', 'SHLVL': '1', 'NO_FAIL_ON_TEST_ERRORS': '1', 'MOZ_NO_REMOTE': '1', 'MOZ_HIDE_RESULTS_TABLE': '1', 'MAIL': '/var/mail/cltbld', '_': '/tools/buildbot/bin/python', 'NODE_PATH': '/usr/lib/nodejs:/usr/lib/node_modules:/usr/share/javascript', 'PWD': '/builds/slave/test', 'PROPERTIES_FILE': '/builds/slave/test/buildprops.json', 'CCACHE_DIR': '/builds/ccache'}}, attempt #1
16:55:30     INFO - Running command: ['/builds/slave/test/build/venv/bin/pip', 'install', '--timeout', '120', '--no-index', '--find-links', 'http://pypi.pvt.build.mozilla.org/pub', '--find-links', 'http://pypi.pub.build.mozilla.org/pub', '--trusted-host', 'pypi.pub.build.mozilla.org', '--trusted-host', 'pypi.pvt.build.mozilla.org', 'psutil==3.1.1'] in /builds/slave/test/build
16:55:30     INFO - Copy/paste: /builds/slave/test/build/venv/bin/pip install --timeout 120 --no-index --find-links http://pypi.pvt.build.mozilla.org/pub --find-links http://pypi.pub.build.mozilla.org/pub --trusted-host pypi.pub.build.mozilla.org --trusted-host pypi.pvt.build.mozilla.org psutil==3.1.1
16:55:30     INFO - Using env: {'CCACHE_DIR': '/builds/ccache',
16:55:30     INFO -  'CCACHE_UMASK': '002',
16:55:30     INFO -  'DISPLAY': ':0',
16:55:30     INFO -  'HOME': '/home/cltbld',
16:55:30     INFO -  'LANG': 'en_US.UTF-8',
16:55:30     INFO -  'LOGNAME': 'cltbld',
16:55:30     INFO -  'MAIL': '/var/mail/cltbld',
16:55:30     INFO -  'MOZ_HIDE_RESULTS_TABLE': '1',
16:55:30     INFO -  'MOZ_NODE_PATH': '/usr/bin/node',
16:55:30     INFO -  'MOZ_NO_REMOTE': '1',
16:55:30     INFO -  'NODE_PATH': '/usr/lib/nodejs:/usr/lib/node_modules:/usr/share/javascript',
16:55:30     INFO -  'NO_FAIL_ON_TEST_ERRORS': '1',
16:55:30     INFO -  'PATH': '/usr/local/bin:/usr/local/bin:/usr/bin:/bin:/usr/local/games:/usr/games',
16:55:30     INFO -  'PROPERTIES_FILE': '/builds/slave/test/buildprops.json',
16:55:30     INFO -  'PWD': '/builds/slave/test',
16:55:30     INFO -  'SHELL': '/bin/bash',
16:55:30     INFO -  'SHLVL': '1',
16:55:30     INFO -  'TERM': 'linux',
16:55:30     INFO -  'TMOUT': '86400',
16:55:30     INFO -  'USER': 'cltbld',
16:55:30     INFO -  'XDG_SESSION_COOKIE': '9ca12473fbb1d023794ffd180000023c-1528501978.105210-1127364131',
16:55:30     INFO -  '_': '/tools/buildbot/bin/python'}
16:55:30     INFO -  Ignoring indexes: https://pypi.python.org/simple
16:55:30     INFO -  Collecting psutil==3.1.1
16:55:31     INFO -  /builds/slave/test/build/venv/lib/python2.7/site-packages/pip/_vendor/requests/packages/urllib3/util/ssl_.py:318: SNIMissingWarning: An HTTPS request has been made, but the SNI (Subject Name Indication) extension to TLS is not available on this platform. This may cause the server to present an incorrect TLS certificate, which can cause validation failures. You can upgrade to a newer version of Python to solve this. For more information, see https://urllib3.readthedocs.org/en/latest/security.html#snimissingwarning.
16:55:31     INFO -    SNIMissingWarning
16:55:31     INFO -  /builds/slave/test/build/venv/lib/python2.7/site-packages/pip/_vendor/requests/packages/urllib3/util/ssl_.py:122: InsecurePlatformWarning: A true SSLContext object is not available. This prevents urllib3 from configuring SSL appropriately and may cause certain SSL connections to fail. You can upgrade to a newer version of Python to solve this. For more information, see https://urllib3.readthedocs.org/en/latest/security.html#insecureplatformwarning.
16:55:31     INFO -    InsecurePlatformWarning
16:55:32     INFO -  /builds/slave/test/build/venv/lib/python2.7/site-packages/pip/_vendor/requests/packages/urllib3/util/ssl_.py:122: InsecurePlatformWarning: A true SSLContext object is not available. This prevents urllib3 from configuring SSL appropriately and may cause certain SSL connections to fail. You can upgrade to a newer version of Python to solve this. For more information, see https://urllib3.readthedocs.org/en/latest/security.html#insecureplatformwarning.
16:55:32     INFO -    InsecurePlatformWarning
16:55:38     INFO -    Downloading https://pypi.pvt.build.mozilla.org/pub/psutil-3.1.1.tar.gz (247kB)
16:55:39     INFO -  Building wheels for collected packages: psutil
16:55:39     INFO -    Running setup.py bdist_wheel for psutil: started
16:55:40     INFO -    Running setup.py bdist_wheel for psutil: finished with status 'done'
16:55:40     INFO -    Stored in directory: /home/cltbld/.cache/pip/wheels/1e/e6/25/f0494673fc8d727828e74362e3beb4cbaf34d8be516156ba0c
16:55:40     INFO -  Successfully built psutil
16:55:40     INFO -  Installing collected packages: psutil
16:55:40     INFO -    Found existing installation: psutil 5.4.3
16:55:40     INFO -      Uninstalling psutil-5.4.3:
16:55:40     INFO -        Successfully uninstalled psutil-5.4.3
16:55:40     INFO -  Successfully installed psutil-3.1.1
16:55:40     INFO - Return code: 0
16:55:40     INFO - Installing mock into virtualenv /builds/slave/test/build/venv
16:55:41     INFO - retry: Calling run_command with args: [['/builds/slave/test/build/venv/bin/pip', 'install', '--timeout', '120', '--no-index', '--find-links', 'http://pypi.pvt.build.mozilla.org/pub', '--find-links', 'http://pypi.pub.build.mozilla.org/pub', '--trusted-host', 'pypi.pub.build.mozilla.org', '--trusted-host', 'pypi.pvt.build.mozilla.org', 'mock']], kwargs: {'error_level': 'warning', 'error_list': [{'substr': 'not found or a compiler error:', 'level': 'warning'}, {'regex': <_sre.SRE_Pattern object at 0x7fbb0f14d110>, 'level': 'error'}, {'regex': <_sre.SRE_Pattern object at 0x7fbb0f255e40>, 'level': 'warning'}, {'regex': <_sre.SRE_Pattern object at 0xdbb3e0>, 'level': 'debug'}, {'substr': 'command not found', 'level': 'error'}, {'regex': <_sre.SRE_Pattern object at 0xdb7a90>, 'level': 'warning'}, {'substr': 'Traceback (most recent call last)', 'level': 'error'}, {'substr': 'SyntaxError: ', 'level': 'error'}, {'substr': 'TypeError: ', 'level': 'error'}, {'substr': 'NameError: ', 'level': 'error'}, {'substr': 'ZeroDivisionError: ', 'level': 'error'}, {'regex': <_sre.SRE_Pattern object at 0xdb93f0>, 'level': 'critical'}, {'regex': <_sre.SRE_Pattern object at 0xdb9670>, 'level': 'critical'}], 'cwd': '/builds/slave/test/build', 'env': {'TMOUT': '86400', 'LOGNAME': 'cltbld', 'USER': 'cltbld', 'HOME': '/home/cltbld', 'PATH': '/usr/local/bin:/usr/local/bin:/usr/bin:/bin:/usr/local/games:/usr/games', 'DISPLAY': ':0', 'CCACHE_UMASK': '002', 'LANG': 'en_US.UTF-8', 'TERM': 'linux', 'SHELL': '/bin/bash', 'MOZ_NODE_PATH': '/usr/bin/node', 'XDG_SESSION_COOKIE': '9ca12473fbb1d023794ffd180000023c-1528501978.105210-1127364131', 'SHLVL': '1', 'NO_FAIL_ON_TEST_ERRORS': '1', 'MOZ_NO_REMOTE': '1', 'MOZ_HIDE_RESULTS_TABLE': '1', 'MAIL': '/var/mail/cltbld', '_': '/tools/buildbot/bin/python', 'NODE_PATH': '/usr/lib/nodejs:/usr/lib/node_modules:/usr/share/javascript', 'PWD': '/builds/slave/test', 'PROPERTIES_FILE': '/builds/slave/test/buildprops.json', 'CCACHE_DIR': '/builds/ccache'}}, attempt #1
16:55:41     INFO - Running command: ['/builds/slave/test/build/venv/bin/pip', 'install', '--timeout', '120', '--no-index', '--find-links', 'http://pypi.pvt.build.mozilla.org/pub', '--find-links', 'http://pypi.pub.build.mozilla.org/pub', '--trusted-host', 'pypi.pub.build.mozilla.org', '--trusted-host', 'pypi.pvt.build.mozilla.org', 'mock'] in /builds/slave/test/build
16:55:41     INFO - Copy/paste: /builds/slave/test/build/venv/bin/pip install --timeout 120 --no-index --find-links http://pypi.pvt.build.mozilla.org/pub --find-links http://pypi.pub.build.mozilla.org/pub --trusted-host pypi.pub.build.mozilla.org --trusted-host pypi.pvt.build.mozilla.org mock
16:55:41     INFO - Using env: {'CCACHE_DIR': '/builds/ccache',
16:55:41     INFO -  'CCACHE_UMASK': '002',
16:55:41     INFO -  'DISPLAY': ':0',
16:55:41     INFO -  'HOME': '/home/cltbld',
16:55:41     INFO -  'LANG': 'en_US.UTF-8',
16:55:41     INFO -  'LOGNAME': 'cltbld',
16:55:41     INFO -  'MAIL': '/var/mail/cltbld',
16:55:41     INFO -  'MOZ_HIDE_RESULTS_TABLE': '1',
16:55:41     INFO -  'MOZ_NODE_PATH': '/usr/bin/node',
16:55:41     INFO -  'MOZ_NO_REMOTE': '1',
16:55:41     INFO -  'NODE_PATH': '/usr/lib/nodejs:/usr/lib/node_modules:/usr/share/javascript',
16:55:41     INFO -  'NO_FAIL_ON_TEST_ERRORS': '1',
16:55:41     INFO -  'PATH': '/usr/local/bin:/usr/local/bin:/usr/bin:/bin:/usr/local/games:/usr/games',
16:55:41     INFO -  'PROPERTIES_FILE': '/builds/slave/test/buildprops.json',
16:55:41     INFO -  'PWD': '/builds/slave/test',
16:55:41     INFO -  'SHELL': '/bin/bash',
16:55:41     INFO -  'SHLVL': '1',
16:55:41     INFO -  'TERM': 'linux',
16:55:41     INFO -  'TMOUT': '86400',
16:55:41     INFO -  'USER': 'cltbld',
16:55:41     INFO -  'XDG_SESSION_COOKIE': '9ca12473fbb1d023794ffd180000023c-1528501978.105210-1127364131',
16:55:41     INFO -  '_': '/tools/buildbot/bin/python'}
16:55:42     INFO -  Ignoring indexes: https://pypi.python.org/simple
16:55:42     INFO -  Collecting mock
16:55:42     INFO -  /builds/slave/test/build/venv/lib/python2.7/site-packages/pip/_vendor/requests/packages/urllib3/util/ssl_.py:318: SNIMissingWarning: An HTTPS request has been made, but the SNI (Subject Name Indication) extension to TLS is not available on this platform. This may cause the server to present an incorrect TLS certificate, which can cause validation failures. You can upgrade to a newer version of Python to solve this. For more information, see https://urllib3.readthedocs.org/en/latest/security.html#snimissingwarning.
16:55:42     INFO -    SNIMissingWarning
16:55:42     INFO -  /builds/slave/test/build/venv/lib/python2.7/site-packages/pip/_vendor/requests/packages/urllib3/util/ssl_.py:122: InsecurePlatformWarning: A true SSLContext object is not available. This prevents urllib3 from configuring SSL appropriately and may cause certain SSL connections to fail. You can upgrade to a newer version of Python to solve this. For more information, see https://urllib3.readthedocs.org/en/latest/security.html#insecureplatformwarning.
16:55:42     INFO -    InsecurePlatformWarning
16:55:44     INFO -  /builds/slave/test/build/venv/lib/python2.7/site-packages/pip/_vendor/requests/packages/urllib3/util/ssl_.py:122: InsecurePlatformWarning: A true SSLContext object is not available. This prevents urllib3 from configuring SSL appropriately and may cause certain SSL connections to fail. You can upgrade to a newer version of Python to solve this. For more information, see https://urllib3.readthedocs.org/en/latest/security.html#insecureplatformwarning.
16:55:44     INFO -    InsecurePlatformWarning
16:55:49     INFO -    Downloading https://pypi.pvt.build.mozilla.org/pub/mock-1.0.1.tar.gz (818kB)
16:55:50     INFO -  Building wheels for collected packages: mock
16:55:50     INFO -    Running setup.py bdist_wheel for mock: started
16:55:51     INFO -    Running setup.py bdist_wheel for mock: finished with status 'done'
16:55:51     INFO -    Stored in directory: /home/cltbld/.cache/pip/wheels/42/d3/87/79283a2f50dfedbfad996edf7028483b27c5953e56856af7d0
16:55:51     INFO -  Successfully built mock
16:55:51     INFO -  Installing collected packages: mock
16:55:51     INFO -  Successfully installed mock-1.0.1
16:55:51     INFO - Return code: 0
16:55:51     INFO - Installing simplejson into virtualenv /builds/slave/test/build/venv
16:55:52     INFO - retry: Calling run_command with args: [['/builds/slave/test/build/venv/bin/pip', 'install', '--timeout', '120', '--no-index', '--find-links', 'http://pypi.pvt.build.mozilla.org/pub', '--find-links', 'http://pypi.pub.build.mozilla.org/pub', '--trusted-host', 'pypi.pub.build.mozilla.org', '--trusted-host', 'pypi.pvt.build.mozilla.org', 'simplejson']], kwargs: {'error_level': 'warning', 'error_list': [{'substr': 'not found or a compiler error:', 'level': 'warning'}, {'regex': <_sre.SRE_Pattern object at 0x7fbb0f14d110>, 'level': 'error'}, {'regex': <_sre.SRE_Pattern object at 0x7fbb0f255e40>, 'level': 'warning'}, {'regex': <_sre.SRE_Pattern object at 0xdbb3e0>, 'level': 'debug'}, {'substr': 'command not found', 'level': 'error'}, {'regex': <_sre.SRE_Pattern object at 0xdb7a90>, 'level': 'warning'}, {'substr': 'Traceback (most recent call last)', 'level': 'error'}, {'substr': 'SyntaxError: ', 'level': 'error'}, {'substr': 'TypeError: ', 'level': 'error'}, {'substr': 'NameError: ', 'level': 'error'}, {'substr': 'ZeroDivisionError: ', 'level': 'error'}, {'regex': <_sre.SRE_Pattern object at 0xdb93f0>, 'level': 'critical'}, {'regex': <_sre.SRE_Pattern object at 0xdb9670>, 'level': 'critical'}], 'cwd': '/builds/slave/test/build', 'env': {'TMOUT': '86400', 'LOGNAME': 'cltbld', 'USER': 'cltbld', 'HOME': '/home/cltbld', 'PATH': '/usr/local/bin:/usr/local/bin:/usr/bin:/bin:/usr/local/games:/usr/games', 'DISPLAY': ':0', 'CCACHE_UMASK': '002', 'LANG': 'en_US.UTF-8', 'TERM': 'linux', 'SHELL': '/bin/bash', 'MOZ_NODE_PATH': '/usr/bin/node', 'XDG_SESSION_COOKIE': '9ca12473fbb1d023794ffd180000023c-1528501978.105210-1127364131', 'SHLVL': '1', 'NO_FAIL_ON_TEST_ERRORS': '1', 'MOZ_NO_REMOTE': '1', 'MOZ_HIDE_RESULTS_TABLE': '1', 'MAIL': '/var/mail/cltbld', '_': '/tools/buildbot/bin/python', 'NODE_PATH': '/usr/lib/nodejs:/usr/lib/node_modules:/usr/share/javascript', 'PWD': '/builds/slave/test', 'PROPERTIES_FILE': '/builds/slave/test/buildprops.json', 'CCACHE_DIR': '/builds/ccache'}}, attempt #1
16:55:52     INFO - Running command: ['/builds/slave/test/build/venv/bin/pip', 'install', '--timeout', '120', '--no-index', '--find-links', 'http://pypi.pvt.build.mozilla.org/pub', '--find-links', 'http://pypi.pub.build.mozilla.org/pub', '--trusted-host', 'pypi.pub.build.mozilla.org', '--trusted-host', 'pypi.pvt.build.mozilla.org', 'simplejson'] in /builds/slave/test/build
16:55:52     INFO - Copy/paste: /builds/slave/test/build/venv/bin/pip install --timeout 120 --no-index --find-links http://pypi.pvt.build.mozilla.org/pub --find-links http://pypi.pub.build.mozilla.org/pub --trusted-host pypi.pub.build.mozilla.org --trusted-host pypi.pvt.build.mozilla.org simplejson
16:55:52     INFO - Using env: {'CCACHE_DIR': '/builds/ccache',
16:55:52     INFO -  'CCACHE_UMASK': '002',
16:55:52     INFO -  'DISPLAY': ':0',
16:55:52     INFO -  'HOME': '/home/cltbld',
16:55:52     INFO -  'LANG': 'en_US.UTF-8',
16:55:52     INFO -  'LOGNAME': 'cltbld',
16:55:52     INFO -  'MAIL': '/var/mail/cltbld',
16:55:52     INFO -  'MOZ_HIDE_RESULTS_TABLE': '1',
16:55:52     INFO -  'MOZ_NODE_PATH': '/usr/bin/node',
16:55:52     INFO -  'MOZ_NO_REMOTE': '1',
16:55:52     INFO -  'NODE_PATH': '/usr/lib/nodejs:/usr/lib/node_modules:/usr/share/javascript',
16:55:52     INFO -  'NO_FAIL_ON_TEST_ERRORS': '1',
16:55:52     INFO -  'PATH': '/usr/local/bin:/usr/local/bin:/usr/bin:/bin:/usr/local/games:/usr/games',
16:55:52     INFO -  'PROPERTIES_FILE': '/builds/slave/test/buildprops.json',
16:55:52     INFO -  'PWD': '/builds/slave/test',
16:55:52     INFO -  'SHELL': '/bin/bash',
16:55:52     INFO -  'SHLVL': '1',
16:55:52     INFO -  'TERM': 'linux',
16:55:52     INFO -  'TMOUT': '86400',
16:55:52     INFO -  'USER': 'cltbld',
16:55:52     INFO -  'XDG_SESSION_COOKIE': '9ca12473fbb1d023794ffd180000023c-1528501978.105210-1127364131',
16:55:52     INFO -  '_': '/tools/buildbot/bin/python'}
16:55:52     INFO -  Ignoring indexes: https://pypi.python.org/simple
16:55:52     INFO -  Collecting simplejson
16:55:53     INFO -  /builds/slave/test/build/venv/lib/python2.7/site-packages/pip/_vendor/requests/packages/urllib3/util/ssl_.py:318: SNIMissingWarning: An HTTPS request has been made, but the SNI (Subject Name Indication) extension to TLS is not available on this platform. This may cause the server to present an incorrect TLS certificate, which can cause validation failures. You can upgrade to a newer version of Python to solve this. For more information, see https://urllib3.readthedocs.org/en/latest/security.html#snimissingwarning.
16:55:53     INFO -    SNIMissingWarning
16:55:53     INFO -  /builds/slave/test/build/venv/lib/python2.7/site-packages/pip/_vendor/requests/packages/urllib3/util/ssl_.py:122: InsecurePlatformWarning: A true SSLContext object is not available. This prevents urllib3 from configuring SSL appropriately and may cause certain SSL connections to fail. You can upgrade to a newer version of Python to solve this. For more information, see https://urllib3.readthedocs.org/en/latest/security.html#insecureplatformwarning.
16:55:53     INFO -    InsecurePlatformWarning
16:55:55     INFO -  /builds/slave/test/build/venv/lib/python2.7/site-packages/pip/_vendor/requests/packages/urllib3/util/ssl_.py:122: InsecurePlatformWarning: A true SSLContext object is not available. This prevents urllib3 from configuring SSL appropriately and may cause certain SSL connections to fail. You can upgrade to a newer version of Python to solve this. For more information, see https://urllib3.readthedocs.org/en/latest/security.html#insecureplatformwarning.
16:55:55     INFO -    InsecurePlatformWarning
16:56:00     INFO -    Downloading https://pypi.pvt.build.mozilla.org/pub/simplejson-3.3.0.tar.gz (67kB)
16:56:00     INFO -  Building wheels for collected packages: simplejson
16:56:00     INFO -    Running setup.py bdist_wheel for simplejson: started
16:56:02     INFO -    Running setup.py bdist_wheel for simplejson: finished with status 'done'
16:56:02     INFO -    Stored in directory: /home/cltbld/.cache/pip/wheels/b1/26/8f/72b2a349729d24b9c6aa399407fddd384f8814e045e6de407e
16:56:03     INFO -  Successfully built simplejson
16:56:03     INFO -  Installing collected packages: simplejson
16:56:03     INFO -  Successfully installed simplejson-3.3.0
16:56:03     INFO - Return code: 0
16:56:03     INFO - Installing None into virtualenv /builds/slave/test/build/venv
16:56:03     INFO - retry: Calling run_command with args: [['/builds/slave/test/build/venv/bin/pip', 'install', '--no-deps', '--timeout', '120', '-r', '/builds/slave/test/build/tests/config/marionette_requirements.txt', '--no-index', '--find-links', 'http://pypi.pvt.build.mozilla.org/pub', '--find-links', 'http://pypi.pub.build.mozilla.org/pub', '--trusted-host', 'pypi.pub.build.mozilla.org', '--trusted-host', 'pypi.pvt.build.mozilla.org']], kwargs: {'error_level': 'warning', 'error_list': [{'substr': 'not found or a compiler error:', 'level': 'warning'}, {'regex': <_sre.SRE_Pattern object at 0x7fbb0f14d110>, 'level': 'error'}, {'regex': <_sre.SRE_Pattern object at 0x7fbb0f255e40>, 'level': 'warning'}, {'regex': <_sre.SRE_Pattern object at 0xdbb3e0>, 'level': 'debug'}, {'substr': 'command not found', 'level': 'error'}, {'regex': <_sre.SRE_Pattern object at 0xdb7a90>, 'level': 'warning'}, {'substr': 'Traceback (most recent call last)', 'level': 'error'}, {'substr': 'SyntaxError: ', 'level': 'error'}, {'substr': 'TypeError: ', 'level': 'error'}, {'substr': 'NameError: ', 'level': 'error'}, {'substr': 'ZeroDivisionError: ', 'level': 'error'}, {'regex': <_sre.SRE_Pattern object at 0xdb93f0>, 'level': 'critical'}, {'regex': <_sre.SRE_Pattern object at 0xdb9670>, 'level': 'critical'}], 'cwd': '/builds/slave/test/build/tests/config', 'env': {'TMOUT': '86400', 'LOGNAME': 'cltbld', 'USER': 'cltbld', 'HOME': '/home/cltbld', 'PATH': '/usr/local/bin:/usr/local/bin:/usr/bin:/bin:/usr/local/games:/usr/games', 'DISPLAY': ':0', 'CCACHE_UMASK': '002', 'LANG': 'en_US.UTF-8', 'TERM': 'linux', 'SHELL': '/bin/bash', 'MOZ_NODE_PATH': '/usr/bin/node', 'XDG_SESSION_COOKIE': '9ca12473fbb1d023794ffd180000023c-1528501978.105210-1127364131', 'SHLVL': '1', 'NO_FAIL_ON_TEST_ERRORS': '1', 'MOZ_NO_REMOTE': '1', 'MOZ_HIDE_RESULTS_TABLE': '1', 'MAIL': '/var/mail/cltbld', '_': '/tools/buildbot/bin/python', 'NODE_PATH': '/usr/lib/nodejs:/usr/lib/node_modules:/usr/share/javascript', 'PWD': '/builds/slave/test', 'PROPERTIES_FILE': '/builds/slave/test/buildprops.json', 'CCACHE_DIR': '/builds/ccache'}}, attempt #1
16:56:03     INFO - Running command: ['/builds/slave/test/build/venv/bin/pip', 'install', '--no-deps', '--timeout', '120', '-r', '/builds/slave/test/build/tests/config/marionette_requirements.txt', '--no-index', '--find-links', 'http://pypi.pvt.build.mozilla.org/pub', '--find-links', 'http://pypi.pub.build.mozilla.org/pub', '--trusted-host', 'pypi.pub.build.mozilla.org', '--trusted-host', 'pypi.pvt.build.mozilla.org'] in /builds/slave/test/build/tests/config
16:56:03     INFO - Copy/paste: /builds/slave/test/build/venv/bin/pip install --no-deps --timeout 120 -r /builds/slave/test/build/tests/config/marionette_requirements.txt --no-index --find-links http://pypi.pvt.build.mozilla.org/pub --find-links http://pypi.pub.build.mozilla.org/pub --trusted-host pypi.pub.build.mozilla.org --trusted-host pypi.pvt.build.mozilla.org
16:56:03     INFO - Using env: {'CCACHE_DIR': '/builds/ccache',
16:56:03     INFO -  'CCACHE_UMASK': '002',
16:56:03     INFO -  'DISPLAY': ':0',
16:56:03     INFO -  'HOME': '/home/cltbld',
16:56:03     INFO -  'LANG': 'en_US.UTF-8',
16:56:03     INFO -  'LOGNAME': 'cltbld',
16:56:03     INFO -  'MAIL': '/var/mail/cltbld',
16:56:03     INFO -  'MOZ_HIDE_RESULTS_TABLE': '1',
16:56:03     INFO -  'MOZ_NODE_PATH': '/usr/bin/node',
16:56:03     INFO -  'MOZ_NO_REMOTE': '1',
16:56:03     INFO -  'NODE_PATH': '/usr/lib/nodejs:/usr/lib/node_modules:/usr/share/javascript',
16:56:03     INFO -  'NO_FAIL_ON_TEST_ERRORS': '1',
16:56:03     INFO -  'PATH': '/usr/local/bin:/usr/local/bin:/usr/bin:/bin:/usr/local/games:/usr/games',
16:56:03     INFO -  'PROPERTIES_FILE': '/builds/slave/test/buildprops.json',
16:56:03     INFO -  'PWD': '/builds/slave/test',
16:56:03     INFO -  'SHELL': '/bin/bash',
16:56:03     INFO -  'SHLVL': '1',
16:56:03     INFO -  'TERM': 'linux',
16:56:03     INFO -  'TMOUT': '86400',
16:56:03     INFO -  'USER': 'cltbld',
16:56:03     INFO -  'XDG_SESSION_COOKIE': '9ca12473fbb1d023794ffd180000023c-1528501978.105210-1127364131',
16:56:03     INFO -  '_': '/tools/buildbot/bin/python'}
16:56:04     INFO -  Ignoring indexes: https://pypi.python.org/simple
16:56:04     INFO -  Processing /builds/slave/test/build/tests/mozbase/manifestparser
16:56:04     INFO -    Requirement already satisfied (use --upgrade to upgrade): manifestparser==1.1 from file:///builds/slave/test/build/tests/mozbase/manifestparser in /builds/slave/test/build/venv/lib/python2.7/site-packages (from -r /builds/slave/test/build/tests/config/mozbase_requirements.txt (line 1))
16:56:04     INFO -  Processing /builds/slave/test/build/tests/mozbase/mozcrash
16:56:05     INFO -    Requirement already satisfied (use --upgrade to upgrade): mozcrash==1.0 from file:///builds/slave/test/build/tests/mozbase/mozcrash in /builds/slave/test/build/venv/lib/python2.7/site-packages (from -r /builds/slave/test/build/tests/config/mozbase_requirements.txt (line 2))
16:56:05     INFO -  Processing /builds/slave/test/build/tests/mozbase/mozdebug
16:56:05     INFO -    Requirement already satisfied (use --upgrade to upgrade): mozdebug==0.1 from file:///builds/slave/test/build/tests/mozbase/mozdebug in /builds/slave/test/build/venv/lib/python2.7/site-packages (from -r /builds/slave/test/build/tests/config/mozbase_requirements.txt (line 3))
16:56:05     INFO -  Processing /builds/slave/test/build/tests/mozbase/mozdevice
16:56:06     INFO -    Requirement already satisfied (use --upgrade to upgrade): mozdevice==0.48 from file:///builds/slave/test/build/tests/mozbase/mozdevice in /builds/slave/test/build/venv/lib/python2.7/site-packages (from -r /builds/slave/test/build/tests/config/mozbase_requirements.txt (line 4))
16:56:06     INFO -  Processing /builds/slave/test/build/tests/mozbase/mozfile
16:56:06     INFO -    Requirement already satisfied (use --upgrade to upgrade): mozfile==1.2 from file:///builds/slave/test/build/tests/mozbase/mozfile in /builds/slave/test/build/venv/lib/python2.7/site-packages (from -r /builds/slave/test/build/tests/config/mozbase_requirements.txt (line 5))
16:56:06     INFO -  Processing /builds/slave/test/build/tests/mozbase/mozhttpd
16:56:06     INFO -    Requirement already satisfied (use --upgrade to upgrade): mozhttpd==0.7 from file:///builds/slave/test/build/tests/mozbase/mozhttpd in /builds/slave/test/build/venv/lib/python2.7/site-packages (from -r /builds/slave/test/build/tests/config/mozbase_requirements.txt (line 6))
16:56:06     INFO -  Processing /builds/slave/test/build/tests/mozbase/mozinfo
16:56:07     INFO -    Requirement already satisfied (use --upgrade to upgrade): mozinfo==0.9 from file:///builds/slave/test/build/tests/mozbase/mozinfo in /builds/slave/test/build/venv/lib/python2.7/site-packages (from -r /builds/slave/test/build/tests/config/mozbase_requirements.txt (line 7))
16:56:07     INFO -  Processing /builds/slave/test/build/tests/mozbase/mozinstall
16:56:07     INFO -    Requirement already satisfied (use --upgrade to upgrade): mozInstall==1.12 from file:///builds/slave/test/build/tests/mozbase/mozinstall in /builds/slave/test/build/venv/lib/python2.7/site-packages (from -r /builds/slave/test/build/tests/config/mozbase_requirements.txt (line 8))
16:56:07     INFO -  Processing /builds/slave/test/build/tests/mozbase/mozleak
16:56:07     INFO -    Requirement already satisfied (use --upgrade to upgrade): mozleak==0.1 from file:///builds/slave/test/build/tests/mozbase/mozleak in /builds/slave/test/build/venv/lib/python2.7/site-packages (from -r /builds/slave/test/build/tests/config/mozbase_requirements.txt (line 9))
16:56:07     INFO -  Processing /builds/slave/test/build/tests/mozbase/mozlog
16:56:08     INFO -    Requirement already satisfied (use --upgrade to upgrade): mozlog==3.4 from file:///builds/slave/test/build/tests/mozbase/mozlog in /builds/slave/test/build/venv/lib/python2.7/site-packages (from -r /builds/slave/test/build/tests/config/mozbase_requirements.txt (line 10))
16:56:08     INFO -  Processing /builds/slave/test/build/tests/mozbase/moznetwork
16:56:08     INFO -    Requirement already satisfied (use --upgrade to upgrade): moznetwork==0.27 from file:///builds/slave/test/build/tests/mozbase/moznetwork in /builds/slave/test/build/venv/lib/python2.7/site-packages (from -r /builds/slave/test/build/tests/config/mozbase_requirements.txt (line 11))
16:56:08     INFO -  Processing /builds/slave/test/build/tests/mozbase/mozprocess
16:56:09     INFO -    Requirement already satisfied (use --upgrade to upgrade): mozprocess==0.23 from file:///builds/slave/test/build/tests/mozbase/mozprocess in /builds/slave/test/build/venv/lib/python2.7/site-packages (from -r /builds/slave/test/build/tests/config/mozbase_requirements.txt (line 12))
16:56:09     INFO -  Processing /builds/slave/test/build/tests/mozbase/mozprofile
16:56:09     INFO -    Requirement already satisfied (use --upgrade to upgrade): mozprofile==0.28 from file:///builds/slave/test/build/tests/mozbase/mozprofile in /builds/slave/test/build/venv/lib/python2.7/site-packages (from -r /builds/slave/test/build/tests/config/mozbase_requirements.txt (line 13))
16:56:09     INFO -  Processing /builds/slave/test/build/tests/mozbase/mozrunner
16:56:09     INFO -    Requirement already satisfied (use --upgrade to upgrade): mozrunner==6.13 from file:///builds/slave/test/build/tests/mozbase/mozrunner in /builds/slave/test/build/venv/lib/python2.7/site-packages (from -r /builds/slave/test/build/tests/config/mozbase_requirements.txt (line 14))
16:56:09     INFO -  Processing /builds/slave/test/build/tests/mozbase/mozscreenshot
16:56:10     INFO -    Requirement already satisfied (use --upgrade to upgrade): mozscreenshot==0.1 from file:///builds/slave/test/build/tests/mozbase/mozscreenshot in /builds/slave/test/build/venv/lib/python2.7/site-packages (from -r /builds/slave/test/build/tests/config/mozbase_requirements.txt (line 15))
16:56:10     INFO -  Processing /builds/slave/test/build/tests/mozbase/moztest
16:56:10     INFO -    Requirement already satisfied (use --upgrade to upgrade): moztest==0.8 from file:///builds/slave/test/build/tests/mozbase/moztest in /builds/slave/test/build/venv/lib/python2.7/site-packages (from -r /builds/slave/test/build/tests/config/mozbase_requirements.txt (line 16))
16:56:10     INFO -  Processing /builds/slave/test/build/tests/mozbase/mozversion
16:56:10     INFO -    Requirement already satisfied (use --upgrade to upgrade): mozversion==1.4 from file:///builds/slave/test/build/tests/mozbase/mozversion in /builds/slave/test/build/venv/lib/python2.7/site-packages (from -r /builds/slave/test/build/tests/config/mozbase_requirements.txt (line 17))
16:56:10     INFO -  Processing /builds/slave/test/build/tests/tools/wptserve
16:56:11     INFO -  Processing /builds/slave/test/build/tests/marionette/client
16:56:11     INFO -  Processing /builds/slave/test/build/tests/marionette/harness/marionette_harness/runner/mixins/browsermob-proxy-py
16:56:12     INFO -  Processing /builds/slave/test/build/tests/marionette/harness
16:56:12     INFO -  Processing /builds/slave/test/build/tests/marionette/puppeteer/firefox
16:56:12     INFO -  Building wheels for collected packages: browsermob-proxy
16:56:12     INFO -    Running setup.py bdist_wheel for browsermob-proxy: started
16:56:13     INFO -    Running setup.py bdist_wheel for browsermob-proxy: finished with status 'done'
16:56:13     INFO -    Stored in directory: /home/cltbld/.cache/pip/wheels/10/00/c1/79bb793b6a7eb4dca9dfd244010f550ae5044951bcd23c261e
16:56:13     INFO -  Successfully built browsermob-proxy
16:56:13     INFO -  Installing collected packages: wptserve, marionette-driver, browsermob-proxy, marionette-harness, firefox-puppeteer
16:56:13     INFO -    Running setup.py install for wptserve: started
16:56:13     INFO -      Running setup.py install for wptserve: finished with status 'done'
16:56:13     INFO -    Running setup.py install for marionette-driver: started
16:56:14     INFO -      Running setup.py install for marionette-driver: finished with status 'done'
16:56:14     INFO -    Running setup.py install for marionette-harness: started
16:56:15     INFO -      Running setup.py install for marionette-harness: finished with status 'done'
16:56:15     INFO -    Running setup.py install for firefox-puppeteer: started
16:56:15     INFO -      Running setup.py install for firefox-puppeteer: finished with status 'done'
16:56:15     INFO -  Successfully installed browsermob-proxy-0.6.0 firefox-puppeteer-52.1.0 marionette-driver-2.2.0 marionette-harness-4.0.0 wptserve-1.4.0
16:56:15     INFO - Return code: 0
16:56:15     INFO - Installing None into virtualenv /builds/slave/test/build/venv
16:56:16     INFO - retry: Calling run_command with args: [['/builds/slave/test/build/venv/bin/pip', 'install', '--timeout', '120', '-r', '/builds/slave/test/build/tests/config/marionette_requirements.txt', '--no-index', '--find-links', 'http://pypi.pvt.build.mozilla.org/pub', '--find-links', 'http://pypi.pub.build.mozilla.org/pub', '--trusted-host', 'pypi.pub.build.mozilla.org', '--trusted-host', 'pypi.pvt.build.mozilla.org']], kwargs: {'error_level': 'warning', 'error_list': [{'substr': 'not found or a compiler error:', 'level': 'warning'}, {'regex': <_sre.SRE_Pattern object at 0x7fbb0f14d110>, 'level': 'error'}, {'regex': <_sre.SRE_Pattern object at 0x7fbb0f255e40>, 'level': 'warning'}, {'regex': <_sre.SRE_Pattern object at 0xdbb3e0>, 'level': 'debug'}, {'substr': 'command not found', 'level': 'error'}, {'regex': <_sre.SRE_Pattern object at 0xdb7a90>, 'level': 'warning'}, {'substr': 'Traceback (most recent call last)', 'level': 'error'}, {'substr': 'SyntaxError: ', 'level': 'error'}, {'substr': 'TypeError: ', 'level': 'error'}, {'substr': 'NameError: ', 'level': 'error'}, {'substr': 'ZeroDivisionError: ', 'level': 'error'}, {'regex': <_sre.SRE_Pattern object at 0xdb93f0>, 'level': 'critical'}, {'regex': <_sre.SRE_Pattern object at 0xdb9670>, 'level': 'critical'}], 'cwd': '/builds/slave/test/build/tests/config', 'env': {'TMOUT': '86400', 'LOGNAME': 'cltbld', 'USER': 'cltbld', 'HOME': '/home/cltbld', 'PATH': '/usr/local/bin:/usr/local/bin:/usr/bin:/bin:/usr/local/games:/usr/games', 'DISPLAY': ':0', 'CCACHE_UMASK': '002', 'LANG': 'en_US.UTF-8', 'TERM': 'linux', 'SHELL': '/bin/bash', 'MOZ_NODE_PATH': '/usr/bin/node', 'XDG_SESSION_COOKIE': '9ca12473fbb1d023794ffd180000023c-1528501978.105210-1127364131', 'SHLVL': '1', 'NO_FAIL_ON_TEST_ERRORS': '1', 'MOZ_NO_REMOTE': '1', 'MOZ_HIDE_RESULTS_TABLE': '1', 'MAIL': '/var/mail/cltbld', '_': '/tools/buildbot/bin/python', 'NODE_PATH': '/usr/lib/nodejs:/usr/lib/node_modules:/usr/share/javascript', 'PWD': '/builds/slave/test', 'PROPERTIES_FILE': '/builds/slave/test/buildprops.json', 'CCACHE_DIR': '/builds/ccache'}}, attempt #1
16:56:16     INFO - Running command: ['/builds/slave/test/build/venv/bin/pip', 'install', '--timeout', '120', '-r', '/builds/slave/test/build/tests/config/marionette_requirements.txt', '--no-index', '--find-links', 'http://pypi.pvt.build.mozilla.org/pub', '--find-links', 'http://pypi.pub.build.mozilla.org/pub', '--trusted-host', 'pypi.pub.build.mozilla.org', '--trusted-host', 'pypi.pvt.build.mozilla.org'] in /builds/slave/test/build/tests/config
16:56:16     INFO - Copy/paste: /builds/slave/test/build/venv/bin/pip install --timeout 120 -r /builds/slave/test/build/tests/config/marionette_requirements.txt --no-index --find-links http://pypi.pvt.build.mozilla.org/pub --find-links http://pypi.pub.build.mozilla.org/pub --trusted-host pypi.pub.build.mozilla.org --trusted-host pypi.pvt.build.mozilla.org
16:56:16     INFO - Using env: {'CCACHE_DIR': '/builds/ccache',
16:56:16     INFO -  'CCACHE_UMASK': '002',
16:56:16     INFO -  'DISPLAY': ':0',
16:56:16     INFO -  'HOME': '/home/cltbld',
16:56:16     INFO -  'LANG': 'en_US.UTF-8',
16:56:16     INFO -  'LOGNAME': 'cltbld',
16:56:16     INFO -  'MAIL': '/var/mail/cltbld',
16:56:16     INFO -  'MOZ_HIDE_RESULTS_TABLE': '1',
16:56:16     INFO -  'MOZ_NODE_PATH': '/usr/bin/node',
16:56:16     INFO -  'MOZ_NO_REMOTE': '1',
16:56:16     INFO -  'NODE_PATH': '/usr/lib/nodejs:/usr/lib/node_modules:/usr/share/javascript',
16:56:16     INFO -  'NO_FAIL_ON_TEST_ERRORS': '1',
16:56:16     INFO -  'PATH': '/usr/local/bin:/usr/local/bin:/usr/bin:/bin:/usr/local/games:/usr/games',
16:56:16     INFO -  'PROPERTIES_FILE': '/builds/slave/test/buildprops.json',
16:56:16     INFO -  'PWD': '/builds/slave/test',
16:56:16     INFO -  'SHELL': '/bin/bash',
16:56:16     INFO -  'SHLVL': '1',
16:56:16     INFO -  'TERM': 'linux',
16:56:16     INFO -  'TMOUT': '86400',
16:56:16     INFO -  'USER': 'cltbld',
16:56:16     INFO -  'XDG_SESSION_COOKIE': '9ca12473fbb1d023794ffd180000023c-1528501978.105210-1127364131',
16:56:16     INFO -  '_': '/tools/buildbot/bin/python'}
16:56:17     INFO -  Ignoring indexes: https://pypi.python.org/simple
16:56:17     INFO -  Processing /builds/slave/test/build/tests/mozbase/manifestparser
16:56:17     INFO -    Requirement already satisfied (use --upgrade to upgrade): manifestparser==1.1 from file:///builds/slave/test/build/tests/mozbase/manifestparser in /builds/slave/test/build/venv/lib/python2.7/site-packages (from -r /builds/slave/test/build/tests/config/mozbase_requirements.txt (line 1))
16:56:17     INFO -  Processing /builds/slave/test/build/tests/mozbase/mozcrash
16:56:17     INFO -    Requirement already satisfied (use --upgrade to upgrade): mozcrash==1.0 from file:///builds/slave/test/build/tests/mozbase/mozcrash in /builds/slave/test/build/venv/lib/python2.7/site-packages (from -r /builds/slave/test/build/tests/config/mozbase_requirements.txt (line 2))
16:56:17     INFO -  Processing /builds/slave/test/build/tests/mozbase/mozdebug
16:56:18     INFO -    Requirement already satisfied (use --upgrade to upgrade): mozdebug==0.1 from file:///builds/slave/test/build/tests/mozbase/mozdebug in /builds/slave/test/build/venv/lib/python2.7/site-packages (from -r /builds/slave/test/build/tests/config/mozbase_requirements.txt (line 3))
16:56:18     INFO -  Processing /builds/slave/test/build/tests/mozbase/mozdevice
16:56:18     INFO -    Requirement already satisfied (use --upgrade to upgrade): mozdevice==0.48 from file:///builds/slave/test/build/tests/mozbase/mozdevice in /builds/slave/test/build/venv/lib/python2.7/site-packages (from -r /builds/slave/test/build/tests/config/mozbase_requirements.txt (line 4))
16:56:18     INFO -  Processing /builds/slave/test/build/tests/mozbase/mozfile
16:56:19     INFO -    Requirement already satisfied (use --upgrade to upgrade): mozfile==1.2 from file:///builds/slave/test/build/tests/mozbase/mozfile in /builds/slave/test/build/venv/lib/python2.7/site-packages (from -r /builds/slave/test/build/tests/config/mozbase_requirements.txt (line 5))
16:56:19     INFO -  Processing /builds/slave/test/build/tests/mozbase/mozhttpd
16:56:19     INFO -    Requirement already satisfied (use --upgrade to upgrade): mozhttpd==0.7 from file:///builds/slave/test/build/tests/mozbase/mozhttpd in /builds/slave/test/build/venv/lib/python2.7/site-packages (from -r /builds/slave/test/build/tests/config/mozbase_requirements.txt (line 6))
16:56:19     INFO -  Processing /builds/slave/test/build/tests/mozbase/mozinfo
16:56:19     INFO -    Requirement already satisfied (use --upgrade to upgrade): mozinfo==0.9 from file:///builds/slave/test/build/tests/mozbase/mozinfo in /builds/slave/test/build/venv/lib/python2.7/site-packages (from -r /builds/slave/test/build/tests/config/mozbase_requirements.txt (line 7))
16:56:19     INFO -  Processing /builds/slave/test/build/tests/mozbase/mozinstall
16:56:20     INFO -    Requirement already satisfied (use --upgrade to upgrade): mozInstall==1.12 from file:///builds/slave/test/build/tests/mozbase/mozinstall in /builds/slave/test/build/venv/lib/python2.7/site-packages (from -r /builds/slave/test/build/tests/config/mozbase_requirements.txt (line 8))
16:56:20     INFO -  Processing /builds/slave/test/build/tests/mozbase/mozleak
16:56:20     INFO -    Requirement already satisfied (use --upgrade to upgrade): mozleak==0.1 from file:///builds/slave/test/build/tests/mozbase/mozleak in /builds/slave/test/build/venv/lib/python2.7/site-packages (from -r /builds/slave/test/build/tests/config/mozbase_requirements.txt (line 9))
16:56:20     INFO -  Processing /builds/slave/test/build/tests/mozbase/mozlog
16:56:21     INFO -    Requirement already satisfied (use --upgrade to upgrade): mozlog==3.4 from file:///builds/slave/test/build/tests/mozbase/mozlog in /builds/slave/test/build/venv/lib/python2.7/site-packages (from -r /builds/slave/test/build/tests/config/mozbase_requirements.txt (line 10))
16:56:21     INFO -  Processing /builds/slave/test/build/tests/mozbase/moznetwork
16:56:21     INFO -    Requirement already satisfied (use --upgrade to upgrade): moznetwork==0.27 from file:///builds/slave/test/build/tests/mozbase/moznetwork in /builds/slave/test/build/venv/lib/python2.7/site-packages (from -r /builds/slave/test/build/tests/config/mozbase_requirements.txt (line 11))
16:56:21     INFO -  Processing /builds/slave/test/build/tests/mozbase/mozprocess
16:56:21     INFO -    Requirement already satisfied (use --upgrade to upgrade): mozprocess==0.23 from file:///builds/slave/test/build/tests/mozbase/mozprocess in /builds/slave/test/build/venv/lib/python2.7/site-packages (from -r /builds/slave/test/build/tests/config/mozbase_requirements.txt (line 12))
16:56:21     INFO -  Processing /builds/slave/test/build/tests/mozbase/mozprofile
16:56:22     INFO -    Requirement already satisfied (use --upgrade to upgrade): mozprofile==0.28 from file:///builds/slave/test/build/tests/mozbase/mozprofile in /builds/slave/test/build/venv/lib/python2.7/site-packages (from -r /builds/slave/test/build/tests/config/mozbase_requirements.txt (line 13))
16:56:22     INFO -  Processing /builds/slave/test/build/tests/mozbase/mozrunner
16:56:22     INFO -    Requirement already satisfied (use --upgrade to upgrade): mozrunner==6.13 from file:///builds/slave/test/build/tests/mozbase/mozrunner in /builds/slave/test/build/venv/lib/python2.7/site-packages (from -r /builds/slave/test/build/tests/config/mozbase_requirements.txt (line 14))
16:56:22     INFO -  Processing /builds/slave/test/build/tests/mozbase/mozscreenshot
16:56:23     INFO -    Requirement already satisfied (use --upgrade to upgrade): mozscreenshot==0.1 from file:///builds/slave/test/build/tests/mozbase/mozscreenshot in /builds/slave/test/build/venv/lib/python2.7/site-packages (from -r /builds/slave/test/build/tests/config/mozbase_requirements.txt (line 15))
16:56:23     INFO -  Processing /builds/slave/test/build/tests/mozbase/moztest
16:56:23     INFO -    Requirement already satisfied (use --upgrade to upgrade): moztest==0.8 from file:///builds/slave/test/build/tests/mozbase/moztest in /builds/slave/test/build/venv/lib/python2.7/site-packages (from -r /builds/slave/test/build/tests/config/mozbase_requirements.txt (line 16))
16:56:23     INFO -  Processing /builds/slave/test/build/tests/mozbase/mozversion
16:56:23     INFO -    Requirement already satisfied (use --upgrade to upgrade): mozversion==1.4 from file:///builds/slave/test/build/tests/mozbase/mozversion in /builds/slave/test/build/venv/lib/python2.7/site-packages (from -r /builds/slave/test/build/tests/config/mozbase_requirements.txt (line 17))
16:56:23     INFO -  Processing /builds/slave/test/build/tests/tools/wptserve
16:56:24     INFO -    Requirement already satisfied (use --upgrade to upgrade): wptserve==1.4.0 from file:///builds/slave/test/build/tests/tools/wptserve in /builds/slave/test/build/venv/lib/python2.7/site-packages (from -r /builds/slave/test/build/tests/config/marionette_requirements.txt (line 3))
16:56:24     INFO -  Processing /builds/slave/test/build/tests/marionette/client
16:56:24     INFO -    Requirement already satisfied (use --upgrade to upgrade): marionette-driver==2.2.0 from file:///builds/slave/test/build/tests/marionette/client in /builds/slave/test/build/venv/lib/python2.7/site-packages (from -r /builds/slave/test/build/tests/config/marionette_requirements.txt (line 4))
16:56:24     INFO -  Processing /builds/slave/test/build/tests/marionette/harness/marionette_harness/runner/mixins/browsermob-proxy-py
16:56:25     INFO -    Requirement already satisfied (use --upgrade to upgrade): browsermob-proxy==0.6.0 from file:///builds/slave/test/build/tests/marionette/harness/marionette_harness/runner/mixins/browsermob-proxy-py in /builds/slave/test/build/venv/lib/python2.7/site-packages (from -r /builds/slave/test/build/tests/config/marionette_requirements.txt (line 5))
16:56:25     INFO -  Processing /builds/slave/test/build/tests/marionette/harness
16:56:25     INFO -    Requirement already satisfied (use --upgrade to upgrade): marionette-harness==4.0.0 from file:///builds/slave/test/build/tests/marionette/harness in /builds/slave/test/build/venv/lib/python2.7/site-packages (from -r /builds/slave/test/build/tests/config/marionette_requirements.txt (line 6))
16:56:25     INFO -  Processing /builds/slave/test/build/tests/marionette/puppeteer/firefox
16:56:25     INFO -    Requirement already satisfied (use --upgrade to upgrade): firefox-puppeteer==52.1.0 from file:///builds/slave/test/build/tests/marionette/puppeteer/firefox in /builds/slave/test/build/venv/lib/python2.7/site-packages (from -r /builds/slave/test/build/tests/config/marionette_requirements.txt (line 9))
16:56:25     INFO -  Requirement already satisfied (use --upgrade to upgrade): mozfile>=1.0 in /builds/slave/test/build/venv/lib/python2.7/site-packages (from mozcrash==1.0->-r /builds/slave/test/build/tests/config/mozbase_requirements.txt (line 2))
16:56:25     INFO -  Requirement already satisfied (use --upgrade to upgrade): mozlog>=3.0 in /builds/slave/test/build/venv/lib/python2.7/site-packages (from mozcrash==1.0->-r /builds/slave/test/build/tests/config/mozbase_requirements.txt (line 2))
16:56:25     INFO -  Requirement already satisfied (use --upgrade to upgrade): mozinfo in /builds/slave/test/build/venv/lib/python2.7/site-packages (from mozdebug==0.1->-r /builds/slave/test/build/tests/config/mozbase_requirements.txt (line 3))
16:56:25     INFO -  Requirement already satisfied (use --upgrade to upgrade): moznetwork>=0.24 in /builds/slave/test/build/venv/lib/python2.7/site-packages (from mozdevice==0.48->-r /builds/slave/test/build/tests/config/mozbase_requirements.txt (line 4))
16:56:26     INFO -  Requirement already satisfied (use --upgrade to upgrade): mozprocess>=0.19 in /builds/slave/test/build/venv/lib/python2.7/site-packages (from mozdevice==0.48->-r /builds/slave/test/build/tests/config/mozbase_requirements.txt (line 4))
16:56:26     INFO -  Requirement already satisfied (use --upgrade to upgrade): blessings>=1.3 in /builds/slave/test/build/venv/lib/python2.7/site-packages (from mozlog==3.4->-r /builds/slave/test/build/tests/config/mozbase_requirements.txt (line 10))
16:56:26     INFO -  Requirement already satisfied (use --upgrade to upgrade): requests>=1.1.0 in /builds/slave/test/build/venv/lib/python2.7/site-packages (from browsermob-proxy==0.6.0->-r /builds/slave/test/build/tests/config/marionette_requirements.txt (line 5))
16:56:26     INFO -  Building wheels for collected packages: browsermob-proxy
16:56:26     INFO -    Running setup.py bdist_wheel for browsermob-proxy: started
16:56:26     INFO -    Running setup.py bdist_wheel for browsermob-proxy: finished with status 'done'
16:56:26     INFO -    Stored in directory: /home/cltbld/.cache/pip/wheels/10/00/c1/79bb793b6a7eb4dca9dfd244010f550ae5044951bcd23c261e
16:56:26     INFO -  Successfully built browsermob-proxy
16:56:26     INFO - Return code: 0
16:56:26     INFO - Installing None into virtualenv /builds/slave/test/build/venv
16:56:26     INFO - retry: Calling run_command with args: [['/builds/slave/test/build/venv/bin/pip', 'install', '--no-deps', '--timeout', '120', '-r', '/builds/slave/test/build/tests/mochitest/websocketprocessbridge/websocketprocessbridge_requirements.txt', '--no-index', '--find-links', 'http://pypi.pvt.build.mozilla.org/pub', '--find-links', 'http://pypi.pub.build.mozilla.org/pub', '--trusted-host', 'pypi.pub.build.mozilla.org', '--trusted-host', 'pypi.pvt.build.mozilla.org']], kwargs: {'error_level': 'warning', 'error_list': [{'substr': 'not found or a compiler error:', 'level': 'warning'}, {'regex': <_sre.SRE_Pattern object at 0x7fbb0f14d110>, 'level': 'error'}, {'regex': <_sre.SRE_Pattern object at 0x7fbb0f255e40>, 'level': 'warning'}, {'regex': <_sre.SRE_Pattern object at 0xdbb3e0>, 'level': 'debug'}, {'substr': 'command not found', 'level': 'error'}, {'regex': <_sre.SRE_Pattern object at 0xdb7a90>, 'level': 'warning'}, {'substr': 'Traceback (most recent call last)', 'level': 'error'}, {'substr': 'SyntaxError: ', 'level': 'error'}, {'substr': 'TypeError: ', 'level': 'error'}, {'substr': 'NameError: ', 'level': 'error'}, {'substr': 'ZeroDivisionError: ', 'level': 'error'}, {'regex': <_sre.SRE_Pattern object at 0xdb93f0>, 'level': 'critical'}, {'regex': <_sre.SRE_Pattern object at 0xdb9670>, 'level': 'critical'}], 'cwd': '/builds/slave/test/build/tests/mochitest/websocketprocessbridge', 'env': {'TMOUT': '86400', 'LOGNAME': 'cltbld', 'USER': 'cltbld', 'HOME': '/home/cltbld', 'PATH': '/usr/local/bin:/usr/local/bin:/usr/bin:/bin:/usr/local/games:/usr/games', 'DISPLAY': ':0', 'CCACHE_UMASK': '002', 'LANG': 'en_US.UTF-8', 'TERM': 'linux', 'SHELL': '/bin/bash', 'MOZ_NODE_PATH': '/usr/bin/node', 'XDG_SESSION_COOKIE': '9ca12473fbb1d023794ffd180000023c-1528501978.105210-1127364131', 'SHLVL': '1', 'NO_FAIL_ON_TEST_ERRORS': '1', 'MOZ_NO_REMOTE': '1', 'MOZ_HIDE_RESULTS_TABLE': '1', 'MAIL': '/var/mail/cltbld', '_': '/tools/buildbot/bin/python', 'NODE_PATH': '/usr/lib/nodejs:/usr/lib/node_modules:/usr/share/javascript', 'PWD': '/builds/slave/test', 'PROPERTIES_FILE': '/builds/slave/test/buildprops.json', 'CCACHE_DIR': '/builds/ccache'}}, attempt #1
16:56:26     INFO - Running command: ['/builds/slave/test/build/venv/bin/pip', 'install', '--no-deps', '--timeout', '120', '-r', '/builds/slave/test/build/tests/mochitest/websocketprocessbridge/websocketprocessbridge_requirements.txt', '--no-index', '--find-links', 'http://pypi.pvt.build.mozilla.org/pub', '--find-links', 'http://pypi.pub.build.mozilla.org/pub', '--trusted-host', 'pypi.pub.build.mozilla.org', '--trusted-host', 'pypi.pvt.build.mozilla.org'] in /builds/slave/test/build/tests/mochitest/websocketprocessbridge
16:56:26     INFO - Copy/paste: /builds/slave/test/build/venv/bin/pip install --no-deps --timeout 120 -r /builds/slave/test/build/tests/mochitest/websocketprocessbridge/websocketprocessbridge_requirements.txt --no-index --find-links http://pypi.pvt.build.mozilla.org/pub --find-links http://pypi.pub.build.mozilla.org/pub --trusted-host pypi.pub.build.mozilla.org --trusted-host pypi.pvt.build.mozilla.org
16:56:26     INFO - Using env: {'CCACHE_DIR': '/builds/ccache',
16:56:26     INFO -  'CCACHE_UMASK': '002',
16:56:26     INFO -  'DISPLAY': ':0',
16:56:26     INFO -  'HOME': '/home/cltbld',
16:56:26     INFO -  'LANG': 'en_US.UTF-8',
16:56:26     INFO -  'LOGNAME': 'cltbld',
16:56:26     INFO -  'MAIL': '/var/mail/cltbld',
16:56:26     INFO -  'MOZ_HIDE_RESULTS_TABLE': '1',
16:56:26     INFO -  'MOZ_NODE_PATH': '/usr/bin/node',
16:56:26     INFO -  'MOZ_NO_REMOTE': '1',
16:56:26     INFO -  'NODE_PATH': '/usr/lib/nodejs:/usr/lib/node_modules:/usr/share/javascript',
16:56:26     INFO -  'NO_FAIL_ON_TEST_ERRORS': '1',
16:56:26     INFO -  'PATH': '/usr/local/bin:/usr/local/bin:/usr/bin:/bin:/usr/local/games:/usr/games',
16:56:26     INFO -  'PROPERTIES_FILE': '/builds/slave/test/buildprops.json',
16:56:26     INFO -  'PWD': '/builds/slave/test',
16:56:26     INFO -  'SHELL': '/bin/bash',
16:56:26     INFO -  'SHLVL': '1',
16:56:26     INFO -  'TERM': 'linux',
16:56:26     INFO -  'TMOUT': '86400',
16:56:26     INFO -  'USER': 'cltbld',
16:56:26     INFO -  'XDG_SESSION_COOKIE': '9ca12473fbb1d023794ffd180000023c-1528501978.105210-1127364131',
16:56:26     INFO -  '_': '/tools/buildbot/bin/python'}
16:56:27     INFO -  Ignoring indexes: https://pypi.python.org/simple
16:56:27     INFO -  Collecting six==1.10.0 (from -r /builds/slave/test/build/tests/mochitest/websocketprocessbridge/websocketprocessbridge_requirements.txt (line 2))
16:56:28     INFO -  /builds/slave/test/build/venv/lib/python2.7/site-packages/pip/_vendor/requests/packages/urllib3/util/ssl_.py:318: SNIMissingWarning: An HTTPS request has been made, but the SNI (Subject Name Indication) extension to TLS is not available on this platform. This may cause the server to present an incorrect TLS certificate, which can cause validation failures. You can upgrade to a newer version of Python to solve this. For more information, see https://urllib3.readthedocs.org/en/latest/security.html#snimissingwarning.
16:56:28     INFO -    SNIMissingWarning
16:56:28     INFO -  /builds/slave/test/build/venv/lib/python2.7/site-packages/pip/_vendor/requests/packages/urllib3/util/ssl_.py:122: InsecurePlatformWarning: A true SSLContext object is not available. This prevents urllib3 from configuring SSL appropriately and may cause certain SSL connections to fail. You can upgrade to a newer version of Python to solve this. For more information, see https://urllib3.readthedocs.org/en/latest/security.html#insecureplatformwarning.
16:56:28     INFO -    InsecurePlatformWarning
16:56:29     INFO -  /builds/slave/test/build/venv/lib/python2.7/site-packages/pip/_vendor/requests/packages/urllib3/util/ssl_.py:122: InsecurePlatformWarning: A true SSLContext object is not available. This prevents urllib3 from configuring SSL appropriately and may cause certain SSL connections to fail. You can upgrade to a newer version of Python to solve this. For more information, see https://urllib3.readthedocs.org/en/latest/security.html#insecureplatformwarning.
16:56:29     INFO -    InsecurePlatformWarning
16:56:35     INFO -    Downloading https://pypi.pvt.build.mozilla.org/pub/six-1.10.0-py2.py3-none-any.whl
16:56:35     INFO -  Collecting twisted==10.2.0 (from -r /builds/slave/test/build/tests/mochitest/websocketprocessbridge/websocketprocessbridge_requirements.txt (line 4))
16:56:40     INFO -    Downloading https://pypi.pvt.build.mozilla.org/pub/Twisted-10.2.0.tar.gz (1.9MB)
16:56:43     INFO -  Collecting txws==0.9.1 (from -r /builds/slave/test/build/tests/mochitest/websocketprocessbridge/websocketprocessbridge_requirements.txt (line 7))
16:56:48     INFO -    Downloading https://pypi.pvt.build.mozilla.org/pub/txWS-0.9.1.tar.gz
16:56:53     INFO -  Requirement already satisfied (use --upgrade to upgrade): psutil==3.1.1 in /builds/slave/test/build/venv/lib/python2.7/site-packages (from -r /builds/slave/test/build/tests/mochitest/websocketprocessbridge/websocketprocessbridge_requirements.txt (line 9))
16:56:53     INFO -  Collecting ipaddr==2.1.11 (from -r /builds/slave/test/build/tests/mochitest/websocketprocessbridge/websocketprocessbridge_requirements.txt (line 12))
16:56:58     INFO -    Downloading https://pypi.pvt.build.mozilla.org/pub/ipaddr-2.1.11.tar.gz
16:56:59     INFO -  Collecting passlib==1.6.5 (from -r /builds/slave/test/build/tests/mochitest/websocketprocessbridge/websocketprocessbridge_requirements.txt (line 13))
16:57:04     INFO -    Downloading https://pypi.pvt.build.mozilla.org/pub/passlib-1.6.5-py2.py3-none-any.whl (317kB)
16:57:05     INFO -  Building wheels for collected packages: twisted, txws, ipaddr
16:57:05     INFO -    Running setup.py bdist_wheel for twisted: started
16:57:08     INFO -    Running setup.py bdist_wheel for twisted: finished with status 'done'
16:57:08     INFO -    Stored in directory: /home/cltbld/.cache/pip/wheels/2a/06/64/df4bef56496f61aee018cad118db54f7a03015723d10662b26
16:57:08     INFO -    Running setup.py bdist_wheel for txws: started
16:57:09     INFO -    Running setup.py bdist_wheel for txws: finished with status 'done'
16:57:09     INFO -    Stored in directory: /home/cltbld/.cache/pip/wheels/51/f5/78/51b5dd281cb5c86337c41faadc891bd5089a07842da35b9248
16:57:09     INFO -    Running setup.py bdist_wheel for ipaddr: started
16:57:09     INFO -    Running setup.py bdist_wheel for ipaddr: finished with status 'done'
16:57:09     INFO -    Stored in directory: /home/cltbld/.cache/pip/wheels/6a/e7/d2/68af1df9a4dd7fd032c9375a12bd438c6fa81ee69d5e07993f
16:57:09     INFO -  Successfully built twisted txws ipaddr
16:57:09     INFO -  Installing collected packages: six, twisted, txws, ipaddr, passlib
16:57:13     INFO -  Successfully installed ipaddr-2.1.11 passlib-1.6.5 six-1.10.0 twisted-10.2.0 txws-0.9.1
16:57:13     INFO - Return code: 0
16:57:13     INFO - Installing None into virtualenv /builds/slave/test/build/venv
16:57:13     INFO - retry: Calling run_command with args: [['/builds/slave/test/build/venv/bin/pip', 'install', '--timeout', '120', '-r', '/builds/slave/test/build/tests/mochitest/websocketprocessbridge/websocketprocessbridge_requirements.txt', '--no-index', '--find-links', 'http://pypi.pvt.build.mozilla.org/pub', '--find-links', 'http://pypi.pub.build.mozilla.org/pub', '--trusted-host', 'pypi.pub.build.mozilla.org', '--trusted-host', 'pypi.pvt.build.mozilla.org']], kwargs: {'error_level': 'warning', 'error_list': [{'substr': 'not found or a compiler error:', 'level': 'warning'}, {'regex': <_sre.SRE_Pattern object at 0x7fbb0f14d110>, 'level': 'error'}, {'regex': <_sre.SRE_Pattern object at 0x7fbb0f255e40>, 'level': 'warning'}, {'regex': <_sre.SRE_Pattern object at 0xdbb3e0>, 'level': 'debug'}, {'substr': 'command not found', 'level': 'error'}, {'regex': <_sre.SRE_Pattern object at 0xdb7a90>, 'level': 'warning'}, {'substr': 'Traceback (most recent call last)', 'level': 'error'}, {'substr': 'SyntaxError: ', 'level': 'error'}, {'substr': 'TypeError: ', 'level': 'error'}, {'substr': 'NameError: ', 'level': 'error'}, {'substr': 'ZeroDivisionError: ', 'level': 'error'}, {'regex': <_sre.SRE_Pattern object at 0xdb93f0>, 'level': 'critical'}, {'regex': <_sre.SRE_Pattern object at 0xdb9670>, 'level': 'critical'}], 'cwd': '/builds/slave/test/build/tests/mochitest/websocketprocessbridge', 'env': {'TMOUT': '86400', 'LOGNAME': 'cltbld', 'USER': 'cltbld', 'HOME': '/home/cltbld', 'PATH': '/usr/local/bin:/usr/local/bin:/usr/bin:/bin:/usr/local/games:/usr/games', 'DISPLAY': ':0', 'CCACHE_UMASK': '002', 'LANG': 'en_US.UTF-8', 'TERM': 'linux', 'SHELL': '/bin/bash', 'MOZ_NODE_PATH': '/usr/bin/node', 'XDG_SESSION_COOKIE': '9ca12473fbb1d023794ffd180000023c-1528501978.105210-1127364131', 'SHLVL': '1', 'NO_FAIL_ON_TEST_ERRORS': '1', 'MOZ_NO_REMOTE': '1', 'MOZ_HIDE_RESULTS_TABLE': '1', 'MAIL': '/var/mail/cltbld', '_': '/tools/buildbot/bin/python', 'NODE_PATH': '/usr/lib/nodejs:/usr/lib/node_modules:/usr/share/javascript', 'PWD': '/builds/slave/test', 'PROPERTIES_FILE': '/builds/slave/test/buildprops.json', 'CCACHE_DIR': '/builds/ccache'}}, attempt #1
16:57:13     INFO - Running command: ['/builds/slave/test/build/venv/bin/pip', 'install', '--timeout', '120', '-r', '/builds/slave/test/build/tests/mochitest/websocketprocessbridge/websocketprocessbridge_requirements.txt', '--no-index', '--find-links', 'http://pypi.pvt.build.mozilla.org/pub', '--find-links', 'http://pypi.pub.build.mozilla.org/pub', '--trusted-host', 'pypi.pub.build.mozilla.org', '--trusted-host', 'pypi.pvt.build.mozilla.org'] in /builds/slave/test/build/tests/mochitest/websocketprocessbridge
16:57:13     INFO - Copy/paste: /builds/slave/test/build/venv/bin/pip install --timeout 120 -r /builds/slave/test/build/tests/mochitest/websocketprocessbridge/websocketprocessbridge_requirements.txt --no-index --find-links http://pypi.pvt.build.mozilla.org/pub --find-links http://pypi.pub.build.mozilla.org/pub --trusted-host pypi.pub.build.mozilla.org --trusted-host pypi.pvt.build.mozilla.org
16:57:13     INFO - Using env: {'CCACHE_DIR': '/builds/ccache',
16:57:13     INFO -  'CCACHE_UMASK': '002',
16:57:13     INFO -  'DISPLAY': ':0',
16:57:13     INFO -  'HOME': '/home/cltbld',
16:57:13     INFO -  'LANG': 'en_US.UTF-8',
16:57:13     INFO -  'LOGNAME': 'cltbld',
16:57:13     INFO -  'MAIL': '/var/mail/cltbld',
16:57:13     INFO -  'MOZ_HIDE_RESULTS_TABLE': '1',
16:57:13     INFO -  'MOZ_NODE_PATH': '/usr/bin/node',
16:57:13     INFO -  'MOZ_NO_REMOTE': '1',
16:57:13     INFO -  'NODE_PATH': '/usr/lib/nodejs:/usr/lib/node_modules:/usr/share/javascript',
16:57:13     INFO -  'NO_FAIL_ON_TEST_ERRORS': '1',
16:57:13     INFO -  'PATH': '/usr/local/bin:/usr/local/bin:/usr/bin:/bin:/usr/local/games:/usr/games',
16:57:13     INFO -  'PROPERTIES_FILE': '/builds/slave/test/buildprops.json',
16:57:13     INFO -  'PWD': '/builds/slave/test',
16:57:13     INFO -  'SHELL': '/bin/bash',
16:57:13     INFO -  'SHLVL': '1',
16:57:13     INFO -  'TERM': 'linux',
16:57:13     INFO -  'TMOUT': '86400',
16:57:13     INFO -  'USER': 'cltbld',
16:57:13     INFO -  'XDG_SESSION_COOKIE': '9ca12473fbb1d023794ffd180000023c-1528501978.105210-1127364131',
16:57:13     INFO -  '_': '/tools/buildbot/bin/python'}
16:57:14     INFO -  Ignoring indexes: https://pypi.python.org/simple
16:57:14     INFO -  Requirement already satisfied (use --upgrade to upgrade): six==1.10.0 in /builds/slave/test/build/venv/lib/python2.7/site-packages (from -r /builds/slave/test/build/tests/mochitest/websocketprocessbridge/websocketprocessbridge_requirements.txt (line 2))
16:57:14     INFO -  Requirement already satisfied (use --upgrade to upgrade): twisted==10.2.0 in /builds/slave/test/build/venv/lib/python2.7/site-packages (from -r /builds/slave/test/build/tests/mochitest/websocketprocessbridge/websocketprocessbridge_requirements.txt (line 4))
16:57:14     INFO -  Requirement already satisfied (use --upgrade to upgrade): txws==0.9.1 in /builds/slave/test/build/venv/lib/python2.7/site-packages (from -r /builds/slave/test/build/tests/mochitest/websocketprocessbridge/websocketprocessbridge_requirements.txt (line 7))
16:57:14     INFO -  Requirement already satisfied (use --upgrade to upgrade): psutil==3.1.1 in /builds/slave/test/build/venv/lib/python2.7/site-packages (from -r /builds/slave/test/build/tests/mochitest/websocketprocessbridge/websocketprocessbridge_requirements.txt (line 9))
16:57:14     INFO -  Requirement already satisfied (use --upgrade to upgrade): ipaddr==2.1.11 in /builds/slave/test/build/venv/lib/python2.7/site-packages (from -r /builds/slave/test/build/tests/mochitest/websocketprocessbridge/websocketprocessbridge_requirements.txt (line 12))
16:57:14     INFO -  Requirement already satisfied (use --upgrade to upgrade): passlib==1.6.5 in /builds/slave/test/build/venv/lib/python2.7/site-packages (from -r /builds/slave/test/build/tests/mochitest/websocketprocessbridge/websocketprocessbridge_requirements.txt (line 13))
16:57:14     INFO -  Collecting zope.interface (from twisted==10.2.0->-r /builds/slave/test/build/tests/mochitest/websocketprocessbridge/websocketprocessbridge_requirements.txt (line 4))
16:57:14     INFO -  /builds/slave/test/build/venv/lib/python2.7/site-packages/pip/_vendor/requests/packages/urllib3/util/ssl_.py:318: SNIMissingWarning: An HTTPS request has been made, but the SNI (Subject Name Indication) extension to TLS is not available on this platform. This may cause the server to present an incorrect TLS certificate, which can cause validation failures. You can upgrade to a newer version of Python to solve this. For more information, see https://urllib3.readthedocs.org/en/latest/security.html#snimissingwarning.
16:57:14     INFO -    SNIMissingWarning
16:57:14     INFO -  /builds/slave/test/build/venv/lib/python2.7/site-packages/pip/_vendor/requests/packages/urllib3/util/ssl_.py:122: InsecurePlatformWarning: A true SSLContext object is not available. This prevents urllib3 from configuring SSL appropriately and may cause certain SSL connections to fail. You can upgrade to a newer version of Python to solve this. For more information, see https://urllib3.readthedocs.org/en/latest/security.html#insecureplatformwarning.
16:57:14     INFO -    InsecurePlatformWarning
16:57:16     INFO -  /builds/slave/test/build/venv/lib/python2.7/site-packages/pip/_vendor/requests/packages/urllib3/util/ssl_.py:122: InsecurePlatformWarning: A true SSLContext object is not available. This prevents urllib3 from configuring SSL appropriately and may cause certain SSL connections to fail. You can upgrade to a newer version of Python to solve this. For more information, see https://urllib3.readthedocs.org/en/latest/security.html#insecureplatformwarning.
16:57:16     INFO -    InsecurePlatformWarning
16:57:22     INFO -    Downloading https://pypi.pvt.build.mozilla.org/pub/zope.interface-4.0.2.tar.gz (139kB)
16:57:22     INFO -  Requirement already satisfied (use --upgrade to upgrade): setuptools in /builds/slave/test/build/venv/lib/python2.7/site-packages (from zope.interface->twisted==10.2.0->-r /builds/slave/test/build/tests/mochitest/websocketprocessbridge/websocketprocessbridge_requirements.txt (line 4))
16:57:22     INFO -  Building wheels for collected packages: zope.interface
16:57:22     INFO -    Running setup.py bdist_wheel for zope.interface: started
16:57:24     INFO -    Running setup.py bdist_wheel for zope.interface: finished with status 'done'
16:57:24     INFO -    Stored in directory: /home/cltbld/.cache/pip/wheels/54/5c/71/e718400d2babcda41f4d97864183e1268dab308acc88e22470
16:57:24     INFO -  Successfully built zope.interface
16:57:24     INFO -  Installing collected packages: zope.interface
16:57:24     INFO -  Successfully installed zope.interface-4.0.2
16:57:24     INFO - Return code: 0
16:57:24     INFO - Done creating virtualenv /builds/slave/test/build/venv.
16:57:24     INFO - Getting output from command: ['/builds/slave/test/build/venv/bin/pip', 'freeze']
16:57:24     INFO - Copy/paste: /builds/slave/test/build/venv/bin/pip freeze
16:57:26     INFO - Reading from file tmpfile_stdout
16:57:26     INFO - Reading from file tmpfile_stderr
16:57:26     INFO - Current package versions:
16:57:26     INFO -   Twisted == 10.2.0
16:57:26     INFO -   blessings == 1.6
16:57:26     INFO -   blobuploader == 1.2.4
16:57:26     INFO -   browsermob-proxy == 0.6.0
16:57:26     INFO -   docopt == 0.6.1
16:57:26     INFO -   firefox-puppeteer == 52.1.0
16:57:26     INFO -   functools32 == 3.2.3.post2
16:57:26     INFO -   ipaddr == 2.1.11
16:57:26     INFO -   jsonschema == 2.5.1
16:57:26     INFO -   manifestparser == 1.1
16:57:26     INFO -   marionette-driver == 2.2.0
16:57:26     INFO -   marionette-harness == 4.0.0
16:57:26     INFO -   mock == 1.0.1
16:57:26     INFO -   mozInstall == 1.12
16:57:26     INFO -   mozcrash == 1.0
16:57:26     INFO -   mozdebug == 0.1
16:57:26     INFO -   mozdevice == 0.48
16:57:26     INFO -   mozfile == 1.2
16:57:26     INFO -   mozhttpd == 0.7
16:57:26     INFO -   mozinfo == 0.9
16:57:26     INFO -   mozleak == 0.1
16:57:26     INFO -   mozlog == 3.4
16:57:26     INFO -   moznetwork == 0.27
16:57:26     INFO -   mozprocess == 0.23
16:57:26     INFO -   mozprofile == 0.28
16:57:26     INFO -   mozrunner == 6.13
16:57:26     INFO -   mozscreenshot == 0.1
16:57:26     INFO -   mozsystemmonitor == 0.3
16:57:26     INFO -   moztest == 0.8
16:57:26     INFO -   mozversion == 1.4
16:57:26     INFO -   passlib == 1.6.5
16:57:26     INFO -   psutil == 3.1.1
16:57:26     INFO -   requests == 1.2.3
16:57:26     INFO -   simplejson == 3.3.0
16:57:26     INFO -   six == 1.10.0
16:57:26     INFO -   txWS == 0.9.1
16:57:26     INFO -   wptserve == 1.4.0
16:57:26     INFO -   zope.interface == 4.0.2
16:57:26     INFO - Running post-action listener: _resource_record_post_action
16:57:26     INFO - Running post-action listener: _start_resource_monitoring
16:57:26     INFO - Starting resource monitoring.
16:57:26     INFO - [mozharness: 2018-06-08 23:57:26.807842Z] Finished create-virtualenv step (success)
16:57:26     INFO - [mozharness: 2018-06-08 23:57:26.814264Z] Running install step.
16:57:26     INFO - Running pre-action listener: _resource_record_pre_action
16:57:26     INFO - Running main action method: install
16:57:26     INFO - Getting output from command: ['/builds/slave/test/build/venv/bin/pip', 'freeze']
16:57:26     INFO - Copy/paste: /builds/slave/test/build/venv/bin/pip freeze
16:57:27     INFO - Reading from file tmpfile_stdout
16:57:27     INFO - Reading from file tmpfile_stderr
16:57:27     INFO - Detecting whether we're running mozinstall >=1.0...
16:57:27     INFO - Getting output from command: ['/builds/slave/test/build/venv/bin/mozinstall', '-h']
16:57:27     INFO - Copy/paste: /builds/slave/test/build/venv/bin/mozinstall -h
16:57:28     INFO - Reading from file tmpfile_stdout
16:57:28     INFO - Output received:
16:57:28     INFO -  Usage: mozinstall [options] installer
16:57:28     INFO -  Options:
16:57:28     INFO -    -h, --help            show this help message and exit
16:57:28     INFO -    -d DEST, --destination=DEST
16:57:28     INFO -                          Directory to install application into. [default:
16:57:28     INFO -                          "/builds/slave/test"]
16:57:28     INFO -    --app=APP             Application being installed. [default: firefox]
16:57:28     INFO - mkdir: /builds/slave/test/build/application
16:57:28     INFO - Getting output from command: ['/builds/slave/test/build/venv/bin/mozinstall', '/builds/slave/test/build/installer.tar.bz2', '--destination', '/builds/slave/test/build/application']
16:57:28     INFO - Copy/paste: /builds/slave/test/build/venv/bin/mozinstall /builds/slave/test/build/installer.tar.bz2 --destination /builds/slave/test/build/application
16:57:50     INFO - Reading from file tmpfile_stdout
16:57:50     INFO - Output received:
16:57:50     INFO -  /builds/slave/test/build/application/firefox/firefox
16:57:50     INFO - Running post-action listener: _resource_record_post_action
16:57:50     INFO - [mozharness: 2018-06-08 23:57:50.794116Z] Finished install step (success)
16:57:50     INFO - [mozharness: 2018-06-08 23:57:50.794512Z] Running stage-files step.
16:57:50     INFO - Running pre-action listener: _resource_record_pre_action
16:57:50     INFO - Running main action method: stage_files
16:57:50     INFO - Running post-action listener: _resource_record_post_action
16:57:50     INFO - [mozharness: 2018-06-08 23:57:50.796168Z] Finished stage-files step (success)
16:57:50     INFO - [mozharness: 2018-06-08 23:57:50.796552Z] Running run-tests step.
16:57:50     INFO - Running pre-action listener: _resource_record_pre_action
16:57:50     INFO - Running pre-action listener: _set_gcov_prefix
16:57:50     INFO - Running main action method: run_tests
16:57:50     INFO - Running pre test command disable_screen_saver with 'xset s off s reset'
16:57:50     INFO - Running command: ['xset', 's', 'off', 's', 'reset'] in /builds/slave/test/build
16:57:50     INFO - Copy/paste: xset s off s reset
16:57:50     INFO - Return code: 0
16:57:50     INFO - #### Running mochitest suites
16:57:50     INFO - Structured output parser in use for mochitest.
16:57:50     INFO - grabbing minidump binary from tooltool
16:57:50     INFO - retry: Calling run_command with args: (['/tools/tooltool.py', '--url', 'https://api.pub.build.mozilla.org/tooltool/', '--authentication-file', '/builds/relengapi.tok', 'fetch', '-m', '/builds/slave/test/build/tests/config/tooltool-manifests/linux64/releng.manifest', '-o', '-c', '/builds/tooltool_cache'],), kwargs: {'output_timeout': 600, 'error_list': [{'substr': 'command not found', 'level': 'error'}, {'regex': <_sre.SRE_Pattern object at 0xdb7a90>, 'level': 'warning'}, {'substr': 'Traceback (most recent call last)', 'level': 'error'}, {'substr': 'SyntaxError: ', 'level': 'error'}, {'substr': 'TypeError: ', 'level': 'error'}, {'substr': 'NameError: ', 'level': 'error'}, {'substr': 'ZeroDivisionError: ', 'level': 'error'}, {'regex': <_sre.SRE_Pattern object at 0xdb93f0>, 'level': 'critical'}, {'regex': <_sre.SRE_Pattern object at 0xdb9670>, 'level': 'critical'}, {'substr': 'ERROR - ', 'level': 'error'}], 'cwd': '/builds/slave/test/build', 'privileged': False}, attempt #1
16:57:50     INFO - Running command: ['/tools/tooltool.py', '--url', 'https://api.pub.build.mozilla.org/tooltool/', '--authentication-file', '/builds/relengapi.tok', 'fetch', '-m', '/builds/slave/test/build/tests/config/tooltool-manifests/linux64/releng.manifest', '-o', '-c', '/builds/tooltool_cache'] in /builds/slave/test/build
16:57:50     INFO - Copy/paste: /tools/tooltool.py --url https://api.pub.build.mozilla.org/tooltool/ --authentication-file /builds/relengapi.tok fetch -m /builds/slave/test/build/tests/config/tooltool-manifests/linux64/releng.manifest -o -c /builds/tooltool_cache
16:57:50     INFO - Calling ['/tools/tooltool.py', '--url', 'https://api.pub.build.mozilla.org/tooltool/', '--authentication-file', '/builds/relengapi.tok', 'fetch', '-m', '/builds/slave/test/build/tests/config/tooltool-manifests/linux64/releng.manifest', '-o', '-c', '/builds/tooltool_cache'] with output_timeout 600
16:57:51     INFO -  INFO - File linux64-minidump_stackwalk not present in local cache folder /builds/tooltool_cache
16:57:51     INFO -  INFO - Attempting to fetch from 'https://api.pub.build.mozilla.org/tooltool/'...
16:57:53     INFO -  INFO - File linux64-minidump_stackwalk fetched from https://api.pub.build.mozilla.org/tooltool/ as /builds/slave/test/build/tmplebyy8
16:57:53     INFO -  INFO - File integrity verified, renaming tmplebyy8 to linux64-minidump_stackwalk
16:57:53     INFO -  INFO - Updating local cache /builds/tooltool_cache...
16:57:53     INFO -  INFO - Local cache /builds/tooltool_cache updated with linux64-minidump_stackwalk
16:57:53     INFO - Return code: 0
16:57:53     INFO - Chmoding /builds/slave/test/build/linux64-minidump_stackwalk to 0755
16:57:53     INFO - grabbing nodejs binary from tooltool
16:57:53     INFO - retry: Calling run_command with args: (['/tools/tooltool.py', '--url', 'https://api.pub.build.mozilla.org/tooltool/', '--authentication-file', '/builds/relengapi.tok', 'fetch', '-m', '/builds/slave/test/build/tests/config/tooltool-manifests/linux64/nodejs.manifest', '-o', '-c', '/builds/tooltool_cache'],), kwargs: {'output_timeout': 600, 'error_list': [{'substr': 'command not found', 'level': 'error'}, {'regex': <_sre.SRE_Pattern object at 0xdb7a90>, 'level': 'warning'}, {'substr': 'Traceback (most recent call last)', 'level': 'error'}, {'substr': 'SyntaxError: ', 'level': 'error'}, {'substr': 'TypeError: ', 'level': 'error'}, {'substr': 'NameError: ', 'level': 'error'}, {'substr': 'ZeroDivisionError: ', 'level': 'error'}, {'regex': <_sre.SRE_Pattern object at 0xdb93f0>, 'level': 'critical'}, {'regex': <_sre.SRE_Pattern object at 0xdb9670>, 'level': 'critical'}, {'substr': 'ERROR - ', 'level': 'error'}], 'cwd': '/builds/slave/test/build', 'privileged': False}, attempt #1
16:57:53     INFO - Running command: ['/tools/tooltool.py', '--url', 'https://api.pub.build.mozilla.org/tooltool/', '--authentication-file', '/builds/relengapi.tok', 'fetch', '-m', '/builds/slave/test/build/tests/config/tooltool-manifests/linux64/nodejs.manifest', '-o', '-c', '/builds/tooltool_cache'] in /builds/slave/test/build
16:57:53     INFO - Copy/paste: /tools/tooltool.py --url https://api.pub.build.mozilla.org/tooltool/ --authentication-file /builds/relengapi.tok fetch -m /builds/slave/test/build/tests/config/tooltool-manifests/linux64/nodejs.manifest -o -c /builds/tooltool_cache
16:57:53     INFO - Calling ['/tools/tooltool.py', '--url', 'https://api.pub.build.mozilla.org/tooltool/', '--authentication-file', '/builds/relengapi.tok', 'fetch', '-m', '/builds/slave/test/build/tests/config/tooltool-manifests/linux64/nodejs.manifest', '-o', '-c', '/builds/tooltool_cache'] with output_timeout 600
16:57:53     INFO -  INFO - File node-linux-x64.tar.gz not present in local cache folder /builds/tooltool_cache
16:57:53     INFO -  INFO - Attempting to fetch from 'https://api.pub.build.mozilla.org/tooltool/'...
16:57:55     INFO -  INFO - File node-linux-x64.tar.gz fetched from https://api.pub.build.mozilla.org/tooltool/ as /builds/slave/test/build/tmp8I6kXM
16:57:55     INFO -  INFO - File integrity verified, renaming tmp8I6kXM to node-linux-x64.tar.gz
16:57:55     INFO -  INFO - Updating local cache /builds/tooltool_cache...
16:57:55     INFO -  INFO - Local cache /builds/tooltool_cache updated with node-linux-x64.tar.gz
16:57:55     INFO -  INFO - untarring "node-linux-x64.tar.gz"
16:57:57     INFO - Return code: 0
16:57:57     INFO - Chmoding /builds/slave/test/build/node-linux-x64/bin/node to 0755
16:57:57     INFO - mkdir: /builds/slave/test/build/blobber_upload_dir
16:57:57     INFO - ENV: MOZ_UPLOAD_DIR is now /builds/slave/test/build/blobber_upload_dir
16:57:57     INFO - ENV: MINIDUMP_STACKWALK is now /builds/slave/test/build/linux64-minidump_stackwalk
16:57:57     INFO - ENV: MOZ_NODE_PATH is now /builds/slave/test/build/node-linux-x64/bin/node
16:57:57     INFO - ENV: MINIDUMP_SAVE_PATH is now /builds/slave/test/build/blobber_upload_dir
16:57:57     INFO - Running command: ['/builds/slave/test/build/venv/bin/python', '-u', '/builds/slave/test/build/tests/mochitest/runtests.py', '--total-chunks', '5', '--this-chunk', '3', '--appname=/builds/slave/test/build/application/firefox/firefox', '--utility-path=tests/bin', '--extra-profile-file=tests/bin/plugins', '--symbols-path=https://queue.taskcluster.net/v1/task/I1iAdq48Sa60c5BCPWswkg/artifacts/public/build/firefox-52.8.2.en-US.linux-x86_64.crashreporter-symbols.zip', '--certificate-path=tests/certs', '--setpref=webgl.force-enabled=true', '--quiet', '--log-raw=/builds/slave/test/build/blobber_upload_dir/plain-chunked_raw.log', '--log-errorsummary=/builds/slave/test/build/blobber_upload_dir/plain-chunked_errorsummary.log', '--use-test-media-devices', '--screenshot-on-fail', '--cleanup-crashes', '--marionette-startup-timeout=180', '--log-raw=-', '--chunk-by-dir=4'] in /builds/slave/test/build
16:57:57     INFO - Copy/paste: /builds/slave/test/build/venv/bin/python -u /builds/slave/test/build/tests/mochitest/runtests.py --total-chunks 5 --this-chunk 3 --appname=/builds/slave/test/build/application/firefox/firefox --utility-path=tests/bin --extra-profile-file=tests/bin/plugins --symbols-path=https://queue.taskcluster.net/v1/task/I1iAdq48Sa60c5BCPWswkg/artifacts/public/build/firefox-52.8.2.en-US.linux-x86_64.crashreporter-symbols.zip --certificate-path=tests/certs --setpref=webgl.force-enabled=true --quiet --log-raw=/builds/slave/test/build/blobber_upload_dir/plain-chunked_raw.log --log-errorsummary=/builds/slave/test/build/blobber_upload_dir/plain-chunked_errorsummary.log --use-test-media-devices --screenshot-on-fail --cleanup-crashes --marionette-startup-timeout=180 --log-raw=- --chunk-by-dir=4
16:57:57     INFO - Using env: {'CCACHE_DIR': '/builds/ccache',
16:57:57     INFO -  'CCACHE_UMASK': '002',
16:57:57     INFO -  'DISPLAY': ':0',
16:57:57     INFO -  'HOME': '/home/cltbld',
16:57:57     INFO -  'LANG': 'en_US.UTF-8',
16:57:57     INFO -  'LOGNAME': 'cltbld',
16:57:57     INFO -  'MAIL': '/var/mail/cltbld',
16:57:57     INFO -  'MINIDUMP_SAVE_PATH': '/builds/slave/test/build/blobber_upload_dir',
16:57:57     INFO -  'MINIDUMP_STACKWALK': '/builds/slave/test/build/linux64-minidump_stackwalk',
16:57:57     INFO -  'MOZ_HIDE_RESULTS_TABLE': '1',
16:57:57     INFO -  'MOZ_NODE_PATH': '/builds/slave/test/build/node-linux-x64/bin/node',
16:57:57     INFO -  'MOZ_NO_REMOTE': '1',
16:57:57     INFO -  'MOZ_UPLOAD_DIR': '/builds/slave/test/build/blobber_upload_dir',
16:57:57     INFO -  'NODE_PATH': '/usr/lib/nodejs:/usr/lib/node_modules:/usr/share/javascript',
16:57:57     INFO -  'NO_FAIL_ON_TEST_ERRORS': '1',
16:57:57     INFO -  'PATH': '/builds/slave/test/build/venv/bin:/usr/local/bin:/usr/local/bin:/usr/bin:/bin:/usr/local/games:/usr/games',
16:57:57     INFO -  'PROPERTIES_FILE': '/builds/slave/test/buildprops.json',
16:57:57     INFO -  'PWD': '/builds/slave/test',
16:57:57     INFO -  'SHELL': '/bin/bash',
16:57:57     INFO -  'SHLVL': '1',
16:57:57     INFO -  'TERM': 'linux',
16:57:57     INFO -  'TMOUT': '86400',
16:57:57     INFO -  'USER': 'cltbld',
16:57:57     INFO -  'XDG_SESSION_COOKIE': '9ca12473fbb1d023794ffd180000023c-1528501978.105210-1127364131',
16:57:57     INFO -  '_': '/tools/buildbot/bin/python'}
16:57:57     INFO - Calling ['/builds/slave/test/build/venv/bin/python', '-u', '/builds/slave/test/build/tests/mochitest/runtests.py', '--total-chunks', '5', '--this-chunk', '3', '--appname=/builds/slave/test/build/application/firefox/firefox', '--utility-path=tests/bin', '--extra-profile-file=tests/bin/plugins', '--symbols-path=https://queue.taskcluster.net/v1/task/I1iAdq48Sa60c5BCPWswkg/artifacts/public/build/firefox-52.8.2.en-US.linux-x86_64.crashreporter-symbols.zip', '--certificate-path=tests/certs', '--setpref=webgl.force-enabled=true', '--quiet', '--log-raw=/builds/slave/test/build/blobber_upload_dir/plain-chunked_raw.log', '--log-errorsummary=/builds/slave/test/build/blobber_upload_dir/plain-chunked_errorsummary.log', '--use-test-media-devices', '--screenshot-on-fail', '--cleanup-crashes', '--marionette-startup-timeout=180', '--log-raw=-', '--chunk-by-dir=4'] with output_timeout 1000
16:57:58     INFO - Checking for orphan ssltunnel processes...
16:57:58     INFO - Checking for orphan xpcshell processes...
16:57:59     INFO - SUITE-START | Running 1959 tests
16:57:59     INFO - TEST-START | dom/promise/tests/test_promise_uncatchable_exception.html
16:57:59     INFO - TEST-SKIP | dom/promise/tests/test_promise_uncatchable_exception.html | took 1ms
16:57:59     INFO - TEST-START | dom/svg/test/test_lang.xhtml
16:57:59     INFO - TEST-SKIP | dom/svg/test/test_lang.xhtml | took 0ms
16:57:59     INFO - TEST-START | dom/system/tests/test_system_update_enabled.html
16:57:59     INFO - TEST-SKIP | dom/system/tests/test_system_update_enabled.html | took 0ms
16:57:59     INFO - TEST-START | dom/tests/mochitest/ajax/offline/test_badManifestMagic.html
16:57:59     INFO - TEST-SKIP | dom/tests/mochitest/ajax/offline/test_badManifestMagic.html | took 0ms
16:57:59     INFO - TEST-START | dom/tests/mochitest/ajax/offline/test_bug445544.html
16:57:59     INFO - TEST-SKIP | dom/tests/mochitest/ajax/offline/test_bug445544.html | took 0ms
16:57:59     INFO - TEST-START | dom/tests/mochitest/ajax/offline/test_bug460353.html
16:57:59     INFO - TEST-SKIP | dom/tests/mochitest/ajax/offline/test_bug460353.html | took 0ms
16:57:59     INFO - TEST-START | dom/tests/mochitest/ajax/offline/test_bug474696.html
16:57:59     INFO - TEST-SKIP | dom/tests/mochitest/ajax/offline/test_bug474696.html | took 0ms
16:57:59     INFO - TEST-START | dom/tests/mochitest/ajax/offline/test_bug544462.html
16:57:59     INFO - TEST-SKIP | dom/tests/mochitest/ajax/offline/test_bug544462.html | took 0ms
16:57:59     INFO - TEST-START | dom/tests/mochitest/ajax/offline/test_bug744719-cancel.html
16:57:59     INFO - TEST-SKIP | dom/tests/mochitest/ajax/offline/test_bug744719-cancel.html | took 0ms
16:57:59     INFO - TEST-START | dom/tests/mochitest/ajax/offline/test_bug744719.html
16:57:59     INFO - TEST-SKIP | dom/tests/mochitest/ajax/offline/test_bug744719.html | took 0ms
16:57:59     INFO - TEST-START | dom/tests/mochitest/ajax/offline/test_bug765203.html
16:57:59     INFO - TEST-SKIP | dom/tests/mochitest/ajax/offline/test_bug765203.html | took 0ms
16:57:59     INFO - TEST-START | dom/tests/mochitest/ajax/offline/test_bypass.html
16:57:59     INFO - TEST-SKIP | dom/tests/mochitest/ajax/offline/test_bypass.html | took 1ms
16:57:59     INFO - TEST-START | dom/tests/mochitest/ajax/offline/test_cancelOfflineCache.html
16:57:59     INFO - TEST-SKIP | dom/tests/mochitest/ajax/offline/test_cancelOfflineCache.html | took 0ms
16:57:59     INFO - TEST-START | dom/tests/mochitest/ajax/offline/test_changingManifest.html
16:57:59     INFO - TEST-SKIP | dom/tests/mochitest/ajax/offline/test_changingManifest.html | took 0ms
16:57:59     INFO - TEST-START | dom/tests/mochitest/ajax/offline/test_fallback.html
16:57:59     INFO - TEST-SKIP | dom/tests/mochitest/ajax/offline/test_fallback.html | took 0ms
16:57:59     INFO - TEST-START | dom/tests/mochitest/ajax/offline/test_foreign.html
16:57:59     INFO - TEST-SKIP | dom/tests/mochitest/ajax/offline/test_foreign.html | took 1ms
16:57:59     INFO - TEST-START | dom/tests/mochitest/ajax/offline/test_identicalManifest.html
16:57:59     INFO - TEST-SKIP | dom/tests/mochitest/ajax/offline/test_identicalManifest.html | took 0ms
16:57:59     INFO - TEST-START | dom/tests/mochitest/ajax/offline/test_lowDeviceStorage.html
16:57:59     INFO - TEST-SKIP | dom/tests/mochitest/ajax/offline/test_lowDeviceStorage.html | took 0ms
16:57:59     INFO - TEST-START | dom/tests/mochitest/ajax/offline/test_lowDeviceStorageDuringUpdate.html
16:57:59     INFO - TEST-SKIP | dom/tests/mochitest/ajax/offline/test_lowDeviceStorageDuringUpdate.html | took 0ms
16:57:59     INFO - TEST-START | dom/tests/mochitest/ajax/offline/test_missingFile.html
16:57:59     INFO - TEST-SKIP | dom/tests/mochitest/ajax/offline/test_missingFile.html | took 1ms
16:57:59     INFO - TEST-START | dom/tests/mochitest/ajax/offline/test_missingManifest.html
16:57:59     INFO - TEST-SKIP | dom/tests/mochitest/ajax/offline/test_missingManifest.html | took 0ms
16:57:59     INFO - TEST-START | dom/tests/mochitest/ajax/offline/test_noManifest.html
16:57:59     INFO - TEST-SKIP | dom/tests/mochitest/ajax/offline/test_noManifest.html | took 0ms
16:57:59     INFO - TEST-START | dom/tests/mochitest/ajax/offline/test_obsolete.html
16:57:59     INFO - TEST-SKIP | dom/tests/mochitest/ajax/offline/test_obsolete.html | took 0ms
16:57:59     INFO - TEST-START | dom/tests/mochitest/ajax/offline/test_offlineIFrame.html
16:57:59     INFO - TEST-SKIP | dom/tests/mochitest/ajax/offline/test_offlineIFrame.html | took 0ms
16:57:59     INFO - TEST-START | dom/tests/mochitest/ajax/offline/test_offlineMode.html
16:57:59     INFO - TEST-SKIP | dom/tests/mochitest/ajax/offline/test_offlineMode.html | took 0ms
16:57:59     INFO - TEST-START | dom/tests/mochitest/ajax/offline/test_overlap.html
16:57:59     INFO - TEST-SKIP | dom/tests/mochitest/ajax/offline/test_overlap.html | took 0ms
16:57:59     INFO - TEST-START | dom/tests/mochitest/ajax/offline/test_redirectManifest.html
16:57:59     INFO - TEST-SKIP | dom/tests/mochitest/ajax/offline/test_redirectManifest.html | took 0ms
16:57:59     INFO - TEST-START | dom/tests/mochitest/ajax/offline/test_redirectUpdateItem.html
16:57:59     INFO - TEST-SKIP | dom/tests/mochitest/ajax/offline/test_redirectUpdateItem.html | took 1ms
16:57:59     INFO - TEST-START | dom/tests/mochitest/ajax/offline/test_refetchManifest.html
16:57:59     INFO - TEST-SKIP | dom/tests/mochitest/ajax/offline/test_refetchManifest.html | took 0ms
16:57:59     INFO - TEST-START | dom/tests/mochitest/ajax/offline/test_simpleManifest.html
16:57:59     INFO - TEST-SKIP | dom/tests/mochitest/ajax/offline/test_simpleManifest.html | took 0ms
16:57:59     INFO - TEST-START | dom/tests/mochitest/ajax/offline/test_updateCheck.html
16:57:59     INFO - TEST-SKIP | dom/tests/mochitest/ajax/offline/test_updateCheck.html | took 0ms
16:57:59     INFO - TEST-START | dom/tests/mochitest/ajax/offline/test_updatingManifest.html
16:57:59     INFO - TEST-SKIP | dom/tests/mochitest/ajax/offline/test_updatingManifest.html | took 0ms
16:57:59     INFO - TEST-START | dom/tests/mochitest/ajax/offline/test_xhtmlManifest.xhtml
16:57:59     INFO - TEST-SKIP | dom/tests/mochitest/ajax/offline/test_xhtmlManifest.xhtml | took 0ms
16:57:59     INFO - TEST-START | dom/tests/mochitest/bugs/test_resize_move_windows.html
16:57:59     INFO - TEST-SKIP | dom/tests/mochitest/bugs/test_resize_move_windows.html | took 0ms
16:57:59     INFO - TEST-START | dom/tests/mochitest/general/test_network_events.html
16:57:59     INFO - TEST-SKIP | dom/tests/mochitest/general/test_network_events.html | took 1ms
16:57:59     INFO - TEST-START | dom/tests/mochitest/general/test_showModalDialog.html
16:57:59     INFO - TEST-SKIP | dom/tests/mochitest/general/test_showModalDialog.html | took 0ms
16:57:59     INFO - TEST-START | dom/tests/mochitest/localstorage/test_localStorageBase.html
16:57:59     INFO - TEST-SKIP | dom/tests/mochitest/localstorage/test_localStorageBase.html | took 0ms
16:57:59     INFO -  dir: dom/promise/tests
16:58:03     INFO -  ImportError: No module named pygtk
16:58:04     INFO -  Setting pipeline to PAUSED ...
16:58:04     INFO -  libv4l2: error getting pixformat: Invalid argument
16:58:04     INFO -  Pipeline is PREROLLING ...
16:58:05     INFO -  Pipeline is PREROLLED ...
16:58:05     INFO -  Setting pipeline to PLAYING ...
16:58:05     INFO -  New clock: GstSystemClock
16:58:05     INFO -  Got EOS from element "pipeline0".
16:58:05     INFO -  Execution ended after 32296695 ns.
16:58:05     INFO -  Setting pipeline to PAUSED ...
16:58:05     INFO -  Setting pipeline to READY ...
16:58:05     INFO -  Setting pipeline to NULL ...
16:58:05     INFO -  Freeing pipeline ...
16:58:05     INFO -  23
16:58:05     INFO -  mozprofile.addons WARNING | Could not install /builds/slave/test/build/tests/mochitest/extensions/mozscreenshots: [Errno 2] No such file or directory: '/builds/slave/test/build/tests/mochitest/extensions/mozscreenshots/install.rdf'
16:58:06     INFO -  pk12util: PKCS12 IMPORT SUCCESSFUL
16:58:06     INFO - MochitestServer : launching [u'/builds/slave/test/build/tests/bin/xpcshell', '-g', '/builds/slave/test/build/application/firefox', '-v', '170', '-f', '/builds/slave/test/build/tests/bin/components/httpd.js', '-e', "const _PROFILE_PATH = '/tmp/tmpTDGvJp.mozrunner'; const _SERVER_PORT = '8888'; const _SERVER_ADDR = '127.0.0.1'; const _TEST_PREFIX = undefined; const _DISPLAY_RESULTS = false;", '-f', '/builds/slave/test/build/tests/mochitest/server.js']
16:58:06     INFO - runtests.py | Server pid: 2398
16:58:06     INFO - runtests.py | Websocket server pid: 2401
16:58:06     INFO - runtests.py | SSL tunnel pid: 2404
16:58:06     INFO - runtests.py | Running with e10s: True
16:58:06     INFO - runtests.py | Running tests: start.
16:58:06     INFO - 
16:58:06     INFO - Application command: /builds/slave/test/build/application/firefox/firefox -marionette -foreground -profile /tmp/tmpTDGvJp.mozrunner
16:58:06     INFO - runtests.py | Application pid: 2426
16:58:06     INFO - TEST-INFO | started process Main app process
16:58:09     INFO - 1528502289804	Marionette	INFO	Listening on port 2828
16:58:15     INFO - SimpleTest START
16:58:15     INFO - TEST-START | dom/promise/tests/test_bug883683.html
16:58:16     INFO - MEMORY STAT vsizeMaxContiguous not supported in this build configuration.
16:58:16     INFO - MEMORY STAT | vsize 1549MB | residentFast 77MB | heapAllocated 22MB
16:58:16     INFO - TEST-OK | dom/promise/tests/test_bug883683.html | took 1258ms
16:58:17     INFO - TEST-START | dom/promise/tests/test_promise.html
16:58:17     INFO - JavaScript error: , line 0: uncaught exception: 42
16:58:17     INFO - JavaScript error: http://mochi.test:8888/tests/dom/promise/tests/test_promise.html, line 70: ReferenceError: noSuchMethod is not defined
16:58:18     INFO - MEMORY STAT | vsize 1554MB | residentFast 81MB | heapAllocated 21MB
16:58:18     INFO - TEST-OK | dom/promise/tests/test_promise.html | took 1582ms
16:58:18     INFO - TEST-START | dom/promise/tests/test_promise_and_timeout_ordering.html
16:58:18     INFO - MEMORY STAT | vsize 1554MB | residentFast 81MB | heapAllocated 21MB
16:58:19     INFO - TEST-OK | dom/promise/tests/test_promise_and_timeout_ordering.html | took 314ms
16:58:19     INFO - TEST-START | dom/promise/tests/test_promise_and_timeout_ordering_workers.html
16:58:19     INFO - MEMORY STAT | vsize 1558MB | residentFast 82MB | heapAllocated 22MB
16:58:19     INFO - TEST-OK | dom/promise/tests/test_promise_and_timeout_ordering_workers.html | took 244ms
16:58:19     INFO - TEST-START | dom/promise/tests/test_promise_utils.html
16:58:19     INFO - MEMORY STAT | vsize 1558MB | residentFast 83MB | heapAllocated 22MB
16:58:19     INFO - TEST-OK | dom/promise/tests/test_promise_utils.html | took 358ms
16:58:19     INFO - TEST-START | dom/promise/tests/test_resolve.html
16:58:19     INFO - MEMORY STAT | vsize 1558MB | residentFast 83MB | heapAllocated 23MB
16:58:20     INFO - TEST-OK | dom/promise/tests/test_resolve.html | took 354ms
16:58:20     INFO - TEST-START | dom/promise/tests/test_resolver_return_value.html
16:58:20     INFO - MEMORY STAT | vsize 1558MB | residentFast 83MB | heapAllocated 22MB
16:58:20     INFO - TEST-OK | dom/promise/tests/test_resolver_return_value.html | took 180ms
16:58:20     INFO - TEST-START | dom/promise/tests/test_species_getter.html
16:58:20     INFO - MEMORY STAT | vsize 1558MB | residentFast 84MB | heapAllocated 22MB
16:58:20     INFO - TEST-OK | dom/promise/tests/test_species_getter.html | took 200ms
16:58:20     INFO - TEST-START | dom/promise/tests/test_thenable_vs_promise_ordering.html
16:58:20     INFO - MEMORY STAT | vsize 1558MB | residentFast 84MB | heapAllocated 23MB
16:58:20     INFO - TEST-OK | dom/promise/tests/test_thenable_vs_promise_ordering.html | took 180ms
16:58:20     INFO - TEST-START | dom/promise/tests/test_webassembly_compile.html
16:58:21     INFO - MEMORY STAT | vsize 1565MB | residentFast 85MB | heapAllocated 24MB
16:58:21     INFO - TEST-OK | dom/promise/tests/test_webassembly_compile.html | took 598ms
16:58:21     INFO - TEST-START | Shutdown
16:58:21     INFO - Passed:  501
16:58:21     INFO - Failed:  0
16:58:21     INFO - Todo:    14
16:58:21     INFO - Mode:    e10s
16:58:21     INFO - Slowest: 1582ms - /tests/dom/promise/tests/test_promise.html
16:58:21     INFO - SimpleTest FINISHED
16:58:21     INFO - TEST-INFO | Ran 1 Loops
16:58:21     INFO - SimpleTest FINISHED
16:58:23     INFO - TEST-INFO | Main app process: exit 0
16:58:23     INFO - runtests.py | Application ran for: 0:00:16.417356
16:58:23     INFO - zombiecheck | Reading PID log: /tmp/tmpXYG9GTpidlog
16:58:23     INFO - ==> process 2426 launched child process 2447
16:58:23     INFO - ==> process 2426 launched child process 2483
16:58:23     INFO - zombiecheck | Checking for orphan process with PID: 2447
16:58:23     INFO - zombiecheck | Checking for orphan process with PID: 2483
16:58:23     INFO - Stopping web server
16:58:23     INFO - Stopping web socket server
16:58:23     INFO - Stopping ssltunnel
16:58:23  WARNING - leakcheck | refcount logging is off, so leaks can't be detected!
16:58:23     INFO - runtests.py | Running tests: end.
16:58:23     INFO - Buffered messages finished
16:58:23     INFO -  dir: dom/push/test
16:58:23     INFO -  Setting pipeline to PAUSED ...
16:58:23     INFO -  Pipeline is PREROLLING ...
16:58:23     INFO -  Pipeline is PREROLLED ...
16:58:23     INFO -  Setting pipeline to PLAYING ...
16:58:23     INFO -  New clock: GstSystemClock
16:58:23     INFO -  Got EOS from element "pipeline0".
16:58:23     INFO -  Execution ended after 32563405 ns.
16:58:23     INFO -  Setting pipeline to PAUSED ...
16:58:23     INFO -  Setting pipeline to READY ...
16:58:23     INFO -  Setting pipeline to NULL ...
16:58:23     INFO -  Freeing pipeline ...
16:58:23     INFO -  mozprofile.addons WARNING | Could not install /builds/slave/test/build/tests/mochitest/extensions/mozscreenshots: [Errno 2] No such file or directory: '/builds/slave/test/build/tests/mochitest/extensions/mozscreenshots/install.rdf'
16:58:23     INFO -  pk12util: PKCS12 IMPORT SUCCESSFUL
16:58:24     INFO - MochitestServer : launching [u'/builds/slave/test/build/tests/bin/xpcshell', '-g', '/builds/slave/test/build/application/firefox', '-v', '170', '-f', '/builds/slave/test/build/tests/bin/components/httpd.js', '-e', "const _PROFILE_PATH = '/tmp/tmpuvjcPN.mozrunner'; const _SERVER_PORT = '8888'; const _SERVER_ADDR = '127.0.0.1'; const _TEST_PREFIX = undefined; const _DISPLAY_RESULTS = false;", '-f', '/builds/slave/test/build/tests/mochitest/server.js']
16:58:24     INFO - runtests.py | Server pid: 2548
16:58:24     INFO - runtests.py | Websocket server pid: 2551
16:58:24     INFO - runtests.py | SSL tunnel pid: 2554
16:58:24     INFO - runtests.py | Running with e10s: True
16:58:24     INFO - runtests.py | Running tests: start.
16:58:24     INFO - 
16:58:24     INFO - Application command: /builds/slave/test/build/application/firefox/firefox -marionette -foreground -profile /tmp/tmpuvjcPN.mozrunner
16:58:24     INFO - runtests.py | Application pid: 2576
16:58:24     INFO - TEST-INFO | started process Main app process
16:58:27     INFO - 1528502307654	Marionette	INFO	Listening on port 2828
16:58:33     INFO - SimpleTest START
16:58:33     INFO - TEST-START | dom/push/test/test_data.html
16:58:35     INFO - MEMORY STAT vsizeMaxContiguous not supported in this build configuration.
16:58:35     INFO - MEMORY STAT | vsize 1593MB | residentFast 83MB | heapAllocated 24MB
16:58:35     INFO - TEST-OK | dom/push/test/test_data.html | took 2214ms
16:58:35     INFO - TEST-START | dom/push/test/test_error_reporting.html
16:58:36     INFO - MEMORY STAT | vsize 1595MB | residentFast 85MB | heapAllocated 26MB
16:58:36     INFO - TEST-OK | dom/push/test/test_error_reporting.html | took 486ms
16:58:36     INFO - TEST-START | dom/push/test/test_has_permissions.html
16:58:36     INFO - MEMORY STAT | vsize 1597MB | residentFast 87MB | heapAllocated 26MB
16:58:36     INFO - TEST-OK | dom/push/test/test_has_permissions.html | took 300ms
16:58:36     INFO - TEST-START | dom/push/test/test_multiple_register.html
16:58:36     INFO - MEMORY STAT | vsize 1599MB | residentFast 88MB | heapAllocated 27MB
16:58:36     INFO - TEST-OK | dom/push/test/test_multiple_register.html | took 474ms
16:58:36     INFO - TEST-START | dom/push/test/test_multiple_register_different_scope.html
16:58:37     INFO - MEMORY STAT | vsize 1604MB | residentFast 89MB | heapAllocated 28MB
16:58:37     INFO - TEST-OK | dom/push/test/test_multiple_register_different_scope.html | took 908ms
16:58:37     INFO - TEST-START | dom/push/test/test_multiple_register_during_service_activation.html
16:58:38     INFO - MEMORY STAT | vsize 1605MB | residentFast 90MB | heapAllocated 28MB
16:58:38     INFO - TEST-OK | dom/push/test/test_multiple_register_during_service_activation.html | took 580ms
16:58:38     INFO - TEST-START | dom/push/test/test_permissions.html
16:58:39     INFO - MEMORY STAT | vsize 1607MB | residentFast 87MB | heapAllocated 23MB
16:58:39     INFO - TEST-OK | dom/push/test/test_permissions.html | took 646ms
16:58:39     INFO - TEST-START | dom/push/test/test_register.html
16:58:39     INFO - MEMORY STAT | vsize 1608MB | residentFast 88MB | heapAllocated 24MB
16:58:39     INFO - TEST-OK | dom/push/test/test_register.html | took 688ms
16:58:39     INFO - TEST-START | dom/push/test/test_register_key.html
16:58:40     INFO - MEMORY STAT | vsize 1611MB | residentFast 90MB | heapAllocated 26MB
16:58:40     INFO - TEST-OK | dom/push/test/test_register_key.html | took 560ms
16:58:40     INFO - TEST-START | dom/push/test/test_serviceworker_lifetime.html
16:58:41     INFO - JavaScript error: , line 0: TypeError: NetworkError when attempting to fetch resource.
16:58:41     INFO - JavaScript error: , line 0: TypeError: NetworkError when attempting to fetch resource.
16:58:41     INFO - JavaScript error: , line 0: TypeError: NetworkError when attempting to fetch resource.
16:58:41     INFO - JavaScript error: , line 0: TypeError: NetworkError when attempting to fetch resource.
16:58:41     INFO - JavaScript error: , line 0: TypeError: NetworkError when attempting to fetch resource.
16:58:41     INFO - JavaScript error: , line 0: TypeError: NetworkError when attempting to fetch resource.
16:58:42     INFO - MEMORY STAT | vsize 1624MB | residentFast 93MB | heapAllocated 27MB
16:58:42     INFO - TEST-OK | dom/push/test/test_serviceworker_lifetime.html | took 1514ms
16:58:42     INFO - TEST-START | dom/push/test/test_subscription_change.html
16:58:42     INFO - MEMORY STAT | vsize 1625MB | residentFast 94MB | heapAllocated 28MB
16:58:42     INFO - TEST-OK | dom/push/test/test_subscription_change.html | took 634ms
16:58:42     INFO - TEST-START | dom/push/test/test_try_registering_offline_disabled.html
16:58:44     INFO - MEMORY STAT | vsize 1633MB | residentFast 96MB | heapAllocated 29MB
16:58:44     INFO - TEST-OK | dom/push/test/test_try_registering_offline_disabled.html | took 1632ms
16:58:44     INFO - TEST-START | dom/push/test/test_unregister.html
16:58:45     INFO - MEMORY STAT | vsize 1637MB | residentFast 97MB | heapAllocated 30MB
16:58:45     INFO - TEST-OK | dom/push/test/test_unregister.html | took 692ms
16:58:45     INFO - TEST-START | Shutdown
16:58:45     INFO - Passed:  210
16:58:45     INFO - Failed:  0
16:58:45     INFO - Todo:    0
16:58:45     INFO - Mode:    e10s
16:58:45     INFO - Slowest: 2214ms - /tests/dom/push/test/test_data.html
16:58:45     INFO - SimpleTest FINISHED
16:58:45     INFO - TEST-INFO | Ran 1 Loops
16:58:45     INFO - SimpleTest FINISHED
16:58:45     INFO - 1528502325374	addons.xpi	WARN	Exception running bootstrap method shutdown on special-powers@mozilla.org: [Exception... "Component returned failure code: 0x80070057 (NS_ERROR_ILLEGAL_VALUE) [nsIObserverService.removeObserver]"  nsresult: "0x80070057 (NS_ERROR_ILLEGAL_VALUE)"  location: "JS frame :: resource://gre/modules/RemoteAddonsParent.jsm :: ObserverInterposition.methods.removeObserver :: line 407"  data: no] Stack trace: ObserverInterposition.methods.removeObserver()@resource://gre/modules/RemoteAddonsParent.jsm:407 < AddonInterpositionService.prototype.interposeProperty/desc.value()@resource://gre/components/multiprocessShims.js:159 < SpecialPowersObserver.prototype.uninit/<()@SpecialPowersObserver.jsm:138 < SpecialPowersObserver.prototype.uninit()@SpecialPowersObserver.jsm:137 < shutdown()@resource://gre/modules/addons/XPIProvider.jsm -> file:///builds/slave/test/build/tests/mochitest/extensions/specialpowers/bootstrap.js:35 < this.XPIProvider.callBootstrapMethod()@resource://gre/modules/addons/XPIProvider.jsm:4968 < this.XPIProvider.startup/<.observe()@resource://gre/modules/addons/XPIProvider.jsm:2924 < SpecialPowersObserver.prototype.receiveMessage()@SpecialPowersObserver.jsm:246 < permitUnload()@remote-browser.xml:352 < CanCloseWindow()@browser.js:6272 < canClose()@browser.js:5082 < SpecialPowersObserver.prototype.receiveMessage()@SpecialPowersObserver.jsm:246
16:58:46     INFO - TEST-INFO | Main app process: exit 0
16:58:46     INFO - runtests.py | Application ran for: 0:00:22.263593
16:58:46     INFO - zombiecheck | Reading PID log: /tmp/tmprvHq6vpidlog
16:58:46     INFO - ==> process 2576 launched child process 2597
16:58:46     INFO - ==> process 2576 launched child process 2630
16:58:46     INFO - zombiecheck | Checking for orphan process with PID: 2597
16:58:46     INFO - zombiecheck | Checking for orphan process with PID: 2630
16:58:46     INFO - Stopping web server
16:58:46     INFO - Stopping web socket server
16:58:46     INFO - Stopping ssltunnel
16:58:46  WARNING - leakcheck | refcount logging is off, so leaks can't be detected!
16:58:46     INFO - runtests.py | Running tests: end.
16:58:46     INFO - Buffered messages finished
16:58:47     INFO -  dir: dom/security/test/cors
16:58:47     INFO -  Setting pipeline to PAUSED ...
16:58:47     INFO -  Pipeline is PREROLLING ...
16:58:47     INFO -  Pipeline is PREROLLED ...
16:58:47     INFO -  Setting pipeline to PLAYING ...
16:58:47     INFO -  New clock: GstSystemClock
16:58:47     INFO -  Got EOS from element "pipeline0".
16:58:47     INFO -  Execution ended after 32694804 ns.
16:58:47     INFO -  Setting pipeline to PAUSED ...
16:58:47     INFO -  Setting pipeline to READY ...
16:58:47     INFO -  Setting pipeline to NULL ...
16:58:47     INFO -  Freeing pipeline ...
16:58:47     INFO -  mozprofile.addons WARNING | Could not install /builds/slave/test/build/tests/mochitest/extensions/mozscreenshots: [Errno 2] No such file or directory: '/builds/slave/test/build/tests/mochitest/extensions/mozscreenshots/install.rdf'
16:58:47     INFO -  pk12util: PKCS12 IMPORT SUCCESSFUL
16:58:47     INFO - MochitestServer : launching [u'/builds/slave/test/build/tests/bin/xpcshell', '-g', '/builds/slave/test/build/application/firefox', '-v', '170', '-f', '/builds/slave/test/build/tests/bin/components/httpd.js', '-e', "const _PROFILE_PATH = '/tmp/tmpYKlNcL.mozrunner'; const _SERVER_PORT = '8888'; const _SERVER_ADDR = '127.0.0.1'; const _TEST_PREFIX = undefined; const _DISPLAY_RESULTS = false;", '-f', '/builds/slave/test/build/tests/mochitest/server.js']
16:58:47     INFO - runtests.py | Server pid: 2747
16:58:47     INFO - runtests.py | Websocket server pid: 2750
16:58:47     INFO - runtests.py | SSL tunnel pid: 2753
16:58:48     INFO - runtests.py | Running with e10s: True
16:58:48     INFO - runtests.py | Running tests: start.
16:58:48     INFO - 
16:58:48     INFO - Application command: /builds/slave/test/build/application/firefox/firefox -marionette -foreground -profile /tmp/tmpYKlNcL.mozrunner
16:58:48     INFO - runtests.py | Application pid: 2775
16:58:48     INFO - TEST-INFO | started process Main app process
16:58:51     INFO - 1528502331420	Marionette	INFO	Listening on port 2828
16:58:56     INFO - SimpleTest START
16:58:56     INFO - TEST-START | dom/security/test/cors/test_CrossSiteXHR.html
16:59:07     INFO - MEMORY STAT vsizeMaxContiguous not supported in this build configuration.
16:59:07     INFO - MEMORY STAT | vsize 1559MB | residentFast 85MB | heapAllocated 24MB
16:59:07     INFO - TEST-OK | dom/security/test/cors/test_CrossSiteXHR.html | took 10740ms
16:59:07     INFO - TEST-START | dom/security/test/cors/test_CrossSiteXHR_cache.html
16:59:39     INFO - MEMORY STAT | vsize 1559MB | residentFast 83MB | heapAllocated 24MB
16:59:40     INFO - TEST-OK | dom/security/test/cors/test_CrossSiteXHR_cache.html | took 32206ms
16:59:40     INFO - TEST-START | dom/security/test/cors/test_CrossSiteXHR_origin.html
16:59:53     INFO - MEMORY STAT | vsize 1560MB | residentFast 87MB | heapAllocated 23MB
16:59:53     INFO - TEST-OK | dom/security/test/cors/test_CrossSiteXHR_origin.html | took 13894ms
16:59:54     INFO - TEST-START | Shutdown
16:59:54     INFO - Passed:  3986
16:59:54     INFO - Failed:  0
16:59:54     INFO - Todo:    7
16:59:54     INFO - Mode:    e10s
16:59:54     INFO - Slowest: 32206ms - /tests/dom/security/test/cors/test_CrossSiteXHR_cache.html
16:59:54     INFO - SimpleTest FINISHED
16:59:54     INFO - TEST-INFO | Ran 1 Loops
16:59:54     INFO - SimpleTest FINISHED
16:59:55     INFO - TEST-INFO | Main app process: exit 0
16:59:55     INFO - runtests.py | Application ran for: 0:01:07.119378
16:59:55     INFO - zombiecheck | Reading PID log: /tmp/tmphVeRIspidlog
16:59:55     INFO - ==> process 2775 launched child process 2796
16:59:55     INFO - ==> process 2775 launched child process 2828
16:59:55     INFO - zombiecheck | Checking for orphan process with PID: 2796
16:59:55     INFO - zombiecheck | Checking for orphan process with PID: 2828
16:59:55     INFO - Stopping web server
16:59:55     INFO - Stopping web socket server
16:59:55     INFO - Stopping ssltunnel
16:59:55  WARNING - leakcheck | refcount logging is off, so leaks can't be detected!
16:59:55     INFO - runtests.py | Running tests: end.
16:59:55     INFO - Buffered messages finished
16:59:55     INFO -  dir: dom/security/test/csp
16:59:55     INFO -  Setting pipeline to PAUSED ...
16:59:55     INFO -  Pipeline is PREROLLING ...
16:59:55     INFO -  Pipeline is PREROLLED ...
16:59:55     INFO -  Setting pipeline to PLAYING ...
16:59:55     INFO -  New clock: GstSystemClock
16:59:55     INFO -  Got EOS from element "pipeline0".
16:59:55     INFO -  Execution ended after 32592904 ns.
16:59:55     INFO -  Setting pipeline to PAUSED ...
16:59:55     INFO -  Setting pipeline to READY ...
16:59:55     INFO -  Setting pipeline to NULL ...
16:59:55     INFO -  Freeing pipeline ...
16:59:55     INFO -  mozprofile.addons WARNING | Could not install /builds/slave/test/build/tests/mochitest/extensions/mozscreenshots: [Errno 2] No such file or directory: '/builds/slave/test/build/tests/mochitest/extensions/mozscreenshots/install.rdf'
16:59:56     INFO -  pk12util: PKCS12 IMPORT SUCCESSFUL
16:59:56     INFO - MochitestServer : launching [u'/builds/slave/test/build/tests/bin/xpcshell', '-g', '/builds/slave/test/build/application/firefox', '-v', '170', '-f', '/builds/slave/test/build/tests/bin/components/httpd.js', '-e', "const _PROFILE_PATH = '/tmp/tmpRkPzyJ.mozrunner'; const _SERVER_PORT = '8888'; const _SERVER_ADDR = '127.0.0.1'; const _TEST_PREFIX = undefined; const _DISPLAY_RESULTS = false;", '-f', '/builds/slave/test/build/tests/mochitest/server.js']
16:59:56     INFO - runtests.py | Server pid: 2894
16:59:56     INFO - runtests.py | Websocket server pid: 2897
16:59:56     INFO - runtests.py | SSL tunnel pid: 2901
16:59:57     INFO - runtests.py | Running with e10s: True
16:59:57     INFO - runtests.py | Running tests: start.
16:59:57     INFO - 
16:59:57     INFO - Application command: /builds/slave/test/build/application/firefox/firefox -marionette -foreground -profile /tmp/tmpRkPzyJ.mozrunner
16:59:57     INFO - runtests.py | Application pid: 2922
16:59:57     INFO - TEST-INFO | started process Main app process
17:00:00     INFO - 1528502400068	Marionette	INFO	Listening on port 2828
17:00:05     INFO - SimpleTest START
17:00:05     INFO - TEST-START | dom/security/test/csp/test_301_redirect.html
17:00:07     INFO - MEMORY STAT vsizeMaxContiguous not supported in this build configuration.
17:00:07     INFO - MEMORY STAT | vsize 1550MB | residentFast 78MB | heapAllocated 23MB
17:00:07     INFO - TEST-OK | dom/security/test/csp/test_301_redirect.html | took 1360ms
17:00:07     INFO - TEST-START | dom/security/test/csp/test_302_redirect.html
17:00:07     INFO - MEMORY STAT | vsize 1551MB | residentFast 80MB | heapAllocated 24MB
17:00:07     INFO - TEST-OK | dom/security/test/csp/test_302_redirect.html | took 262ms
17:00:07     INFO - TEST-START | dom/security/test/csp/test_303_redirect.html
17:00:07     INFO - MEMORY STAT | vsize 1552MB | residentFast 81MB | heapAllocated 25MB
17:00:07     INFO - TEST-OK | dom/security/test/csp/test_303_redirect.html | took 220ms
17:00:07     INFO - TEST-START | dom/security/test/csp/test_307_redirect.html
17:00:08     INFO - MEMORY STAT | vsize 1553MB | residentFast 82MB | heapAllocated 25MB
17:00:08     INFO - TEST-OK | dom/security/test/csp/test_307_redirect.html | took 316ms
17:00:08     INFO - TEST-START | dom/security/test/csp/test_CSP.html
17:00:08     INFO - JavaScript error: http://mochi.test:8888/tests/dom/security/test/csp/file_main.js, line 16: TypeError: NetworkError when attempting to fetch resource.
17:00:09     INFO - JavaScript error: , line 0: TypeError: NetworkError when attempting to fetch resource.
17:00:09     INFO - JavaScript error: , line 0: TypeError: NetworkError when attempting to fetch resource.
17:00:09     INFO - MEMORY STAT | vsize 1592MB | residentFast 93MB | heapAllocated 31MB
17:00:09     INFO - JavaScript error: , line 0: TypeError: NetworkError when attempting to fetch resource.
17:00:09     INFO - TEST-OK | dom/security/test/csp/test_CSP.html | took 1468ms
17:00:09     INFO - TEST-START | dom/security/test/csp/test_allow_https_schemes.html
17:00:10     INFO - MEMORY STAT | vsize 1592MB | residentFast 94MB | heapAllocated 32MB
17:00:10     INFO - TEST-OK | dom/security/test/csp/test_allow_https_schemes.html | took 896ms
17:00:10     INFO - TEST-START | dom/security/test/csp/test_base-uri.html
17:00:11     INFO - MEMORY STAT | vsize 1594MB | residentFast 93MB | heapAllocated 27MB
17:00:11     INFO - TEST-OK | dom/security/test/csp/test_base-uri.html | took 1014ms
17:00:11     INFO - TEST-START | dom/security/test/csp/test_blob_data_schemes.html
17:00:12     INFO - MEMORY STAT | vsize 1595MB | residentFast 95MB | heapAllocated 29MB
17:00:12     INFO - TEST-OK | dom/security/test/csp/test_blob_data_schemes.html | took 388ms
17:00:12     INFO - TEST-START | dom/security/test/csp/test_block_all_mixed_content.html
17:00:13     INFO - MEMORY STAT | vsize 1595MB | residentFast 96MB | heapAllocated 29MB
17:00:13     INFO - TEST-OK | dom/security/test/csp/test_block_all_mixed_content.html | took 920ms
17:00:13     INFO - TEST-START | dom/security/test/csp/test_block_all_mixed_content_frame_navigation.html
17:00:13     INFO - MEMORY STAT | vsize 1597MB | residentFast 97MB | heapAllocated 30MB
17:00:13     INFO - TEST-OK | dom/security/test/csp/test_block_all_mixed_content_frame_navigation.html | took 306ms
17:00:13     INFO - TEST-START | dom/security/test/csp/test_blocked_uri_in_reports.html
17:00:13     INFO - MEMORY STAT | vsize 1597MB | residentFast 98MB | heapAllocated 31MB
17:00:13     INFO - TEST-OK | dom/security/test/csp/test_blocked_uri_in_reports.html | took 258ms
17:00:13     INFO - TEST-START | dom/security/test/csp/test_bug1229639.html
17:00:14     INFO - MEMORY STAT | vsize 1598MB | residentFast 98MB | heapAllocated 31MB
17:00:14     INFO - TEST-OK | dom/security/test/csp/test_bug1229639.html | took 194ms
17:00:14     INFO - TEST-START | dom/security/test/csp/test_bug1242019.html
17:00:14     INFO - MEMORY STAT | vsize 1596MB | residentFast 98MB | heapAllocated 30MB
17:00:14     INFO - TEST-OK | dom/security/test/csp/test_bug1242019.html | took 274ms
17:00:14     INFO - TEST-START | dom/security/test/csp/test_bug1312272.html
17:00:14     INFO - MEMORY STAT | vsize 1592MB | residentFast 97MB | heapAllocated 29MB
17:00:14     INFO - TEST-OK | dom/security/test/csp/test_bug1312272.html | took 338ms
17:00:14     INFO - TEST-START | dom/security/test/csp/test_bug663567.html
17:00:15     INFO - MEMORY STAT | vsize 1593MB | residentFast 98MB | heapAllocated 29MB
17:00:15     INFO - TEST-OK | dom/security/test/csp/test_bug663567.html | took 382ms
17:00:15     INFO - TEST-START | dom/security/test/csp/test_bug802872.html
17:00:15     INFO - MEMORY STAT | vsize 1593MB | residentFast 99MB | heapAllocated 30MB
17:00:15     INFO - TEST-OK | dom/security/test/csp/test_bug802872.html | took 320ms
17:00:15     INFO - TEST-START | dom/security/test/csp/test_bug836922_npolicies.html
17:00:16     INFO - MEMORY STAT | vsize 1594MB | residentFast 100MB | heapAllocated 30MB
17:00:16     INFO - TEST-OK | dom/security/test/csp/test_bug836922_npolicies.html | took 654ms
17:00:16     INFO - TEST-START | dom/security/test/csp/test_bug885433.html
17:00:16     INFO - MEMORY STAT | vsize 1595MB | residentFast 102MB | heapAllocated 31MB
17:00:16     INFO - TEST-OK | dom/security/test/csp/test_bug885433.html | took 322ms
17:00:16     INFO - TEST-START | dom/security/test/csp/test_bug886164.html
17:00:17     INFO - MEMORY STAT | vsize 1600MB | residentFast 107MB | heapAllocated 33MB
17:00:17     INFO - TEST-OK | dom/security/test/csp/test_bug886164.html | took 1022ms
17:00:17     INFO - TEST-START | dom/security/test/csp/test_bug888172.html
17:00:18     INFO - MEMORY STAT | vsize 1601MB | residentFast 103MB | heapAllocated 29MB
17:00:18     INFO - TEST-OK | dom/security/test/csp/test_bug888172.html | took 524ms
17:00:18     INFO - TEST-START | dom/security/test/csp/test_bug909029.html
17:00:18     INFO - MEMORY STAT | vsize 1601MB | residentFast 105MB | heapAllocated 30MB
17:00:19     INFO - TEST-OK | dom/security/test/csp/test_bug909029.html | took 474ms
17:00:19     INFO - TEST-START | dom/security/test/csp/test_bug910139.html
17:00:19     INFO - MEMORY STAT | vsize 1601MB | residentFast 106MB | heapAllocated 31MB
17:00:19     INFO - TEST-OK | dom/security/test/csp/test_bug910139.html | took 348ms
17:00:19     INFO - TEST-START | dom/security/test/csp/test_bug941404.html
17:00:19     INFO - MEMORY STAT | vsize 1601MB | residentFast 106MB | heapAllocated 31MB
17:00:19     INFO - TEST-OK | dom/security/test/csp/test_bug941404.html | took 300ms
17:00:19     INFO - TEST-START | dom/security/test/csp/test_child-src_iframe.html
17:00:21     INFO - MEMORY STAT | vsize 1606MB | residentFast 115MB | heapAllocated 39MB
17:00:21     INFO - TEST-OK | dom/security/test/csp/test_child-src_iframe.html | took 1214ms
17:00:21     INFO - TEST-START | dom/security/test/csp/test_child-src_worker-redirect.html
17:00:22     INFO - MEMORY STAT | vsize 1628MB | residentFast 119MB | heapAllocated 38MB
17:00:22     INFO - TEST-OK | dom/security/test/csp/test_child-src_worker-redirect.html | took 1364ms
17:00:22     INFO - TEST-START | dom/security/test/csp/test_child-src_worker.html
17:00:24     INFO - MEMORY STAT | vsize 1643MB | residentFast 123MB | heapAllocated 41MB
17:00:24     INFO - TEST-OK | dom/security/test/csp/test_child-src_worker.html | took 1910ms
17:00:24     INFO - TEST-START | dom/security/test/csp/test_child-src_worker_data.html
17:00:26     INFO - MEMORY STAT | vsize 1669MB | residentFast 118MB | heapAllocated 36MB
17:00:26     INFO - TEST-OK | dom/security/test/csp/test_child-src_worker_data.html | took 1502ms
17:00:26     INFO - TEST-START | dom/security/test/csp/test_connect-src.html
17:00:26     INFO - JavaScript error: , line 0: TypeError: NetworkError when attempting to fetch resource.
17:00:27     INFO - JavaScript error: , line 0: TypeError: NetworkError when attempting to fetch resource.
17:00:27     INFO - MEMORY STAT | vsize 1664MB | residentFast 116MB | heapAllocated 35MB
17:00:27     INFO - JavaScript error: http://mochi.test:8888/tests/dom/security/test/csp/file_testserver.sjs?file=tests/dom/security/test/csp/file_connect-src-fetch.html&csp=default-src%20%27none%27%3B%20script-src%20%27unsafe-inline%27%3B%20connect-src%20http%3A//www.example.com, line 12: TypeError: NetworkError when attempting to fetch resource.
17:00:27     INFO - TEST-OK | dom/security/test/csp/test_connect-src.html | took 1008ms
17:00:27     INFO - TEST-START | dom/security/test/csp/test_docwrite_meta.html
17:00:27     INFO - MEMORY STAT | vsize 1664MB | residentFast 117MB | heapAllocated 36MB
17:00:27     INFO - TEST-OK | dom/security/test/csp/test_docwrite_meta.html | took 552ms
17:00:27     INFO - TEST-START | dom/security/test/csp/test_dual_header.html
17:00:28     INFO - MEMORY STAT | vsize 1669MB | residentFast 123MB | heapAllocated 42MB
17:00:28     INFO - TEST-OK | dom/security/test/csp/test_dual_header.html | took 332ms
17:00:28     INFO - TEST-START | dom/security/test/csp/test_evalscript.html
17:00:28     INFO - JavaScript error: , line 0: Error: call to eval() blocked by CSP
17:00:28     INFO - MEMORY STAT | vsize 1676MB | residentFast 129MB | heapAllocated 47MB
17:00:28     INFO - TEST-OK | dom/security/test/csp/test_evalscript.html | took 504ms
17:00:28     INFO - TEST-START | dom/security/test/csp/test_fontloader.html
17:00:29     INFO - MEMORY STAT | vsize 1671MB | residentFast 120MB | heapAllocated 38MB
17:00:29     INFO - TEST-OK | dom/security/test/csp/test_fontloader.html | took 904ms
17:00:29     INFO - TEST-START | dom/security/test/csp/test_form-action.html
17:00:30     INFO - JavaScript error: resource://gre/modules/LoginManagerParent.jsm, line 106: TypeError: this._recipeManager is null
17:00:30     INFO - MEMORY STAT | vsize 1671MB | residentFast 122MB | heapAllocated 39MB
17:00:30     INFO - TEST-OK | dom/security/test/csp/test_form-action.html | took 494ms
17:00:30     INFO - TEST-START | dom/security/test/csp/test_form_action_blocks_url.html
17:00:30     INFO - MEMORY STAT | vsize 1670MB | residentFast 122MB | heapAllocated 39MB
17:00:30     INFO - TEST-OK | dom/security/test/csp/test_form_action_blocks_url.html | took 480ms
17:00:30     INFO - TEST-START | dom/security/test/csp/test_frameancestors.html
17:00:32     INFO - MEMORY STAT | vsize 1669MB | residentFast 127MB | heapAllocated 40MB
17:00:33     INFO - TEST-OK | dom/security/test/csp/test_frameancestors.html | took 2268ms
17:00:33     INFO - TEST-START | dom/security/test/csp/test_hash_source.html
17:00:33     INFO - MEMORY STAT | vsize 1674MB | residentFast 122MB | heapAllocated 38MB
17:00:33     INFO - TEST-OK | dom/security/test/csp/test_hash_source.html | took 442ms
17:00:34     INFO - TEST-START | dom/security/test/csp/test_iframe_sandbox.html
17:00:35     INFO - MEMORY STAT | vsize 1672MB | residentFast 128MB | heapAllocated 46MB
17:00:35     INFO - TEST-OK | dom/security/test/csp/test_iframe_sandbox.html | took 1604ms
17:00:35     INFO - TEST-START | dom/security/test/csp/test_iframe_sandbox_srcdoc.html
17:00:36     INFO - MEMORY STAT | vsize 1672MB | residentFast 121MB | heapAllocated 37MB
17:00:36     INFO - TEST-OK | dom/security/test/csp/test_iframe_sandbox_srcdoc.html | took 336ms
17:00:36     INFO - TEST-START | dom/security/test/csp/test_iframe_sandbox_top_1.html
17:00:36     INFO - MEMORY STAT | vsize 1673MB | residentFast 120MB | heapAllocated 37MB
17:00:36     INFO - TEST-OK | dom/security/test/csp/test_iframe_sandbox_top_1.html | took 144ms
17:00:36     INFO - TEST-START | dom/security/test/csp/test_iframe_srcdoc.html
17:00:37     INFO - MEMORY STAT | vsize 1673MB | residentFast 123MB | heapAllocated 38MB
17:00:37     INFO - TEST-OK | dom/security/test/csp/test_iframe_srcdoc.html | took 1006ms
17:00:37     INFO - TEST-START | dom/security/test/csp/test_ignore_unsafe_inline.html
17:00:38     INFO - MEMORY STAT | vsize 1672MB | residentFast 124MB | heapAllocated 39MB
17:00:38     INFO - TEST-OK | dom/security/test/csp/test_ignore_unsafe_inline.html | took 628ms
17:00:38     INFO - TEST-START | dom/security/test/csp/test_inlinescript.html
17:00:38     INFO - MEMORY STAT | vsize 1672MB | residentFast 126MB | heapAllocated 40MB
17:00:38     INFO - TEST-OK | dom/security/test/csp/test_inlinescript.html | took 368ms
17:00:38     INFO - TEST-START | dom/security/test/csp/test_inlinestyle.html
17:00:39     INFO - MEMORY STAT | vsize 1673MB | residentFast 125MB | heapAllocated 35MB
17:00:39     INFO - TEST-OK | dom/security/test/csp/test_inlinestyle.html | took 812ms
17:00:39     INFO - TEST-START | dom/security/test/csp/test_invalid_source_expression.html
17:00:39     INFO - MEMORY STAT | vsize 1673MB | residentFast 116MB | heapAllocated 32MB
17:00:39     INFO - TEST-OK | dom/security/test/csp/test_invalid_source_expression.html | took 238ms
17:00:39     INFO - TEST-START | dom/security/test/csp/test_leading_wildcard.html
17:00:40     INFO - MEMORY STAT | vsize 1673MB | residentFast 117MB | heapAllocated 33MB
17:00:40     INFO - TEST-OK | dom/security/test/csp/test_leading_wildcard.html | took 296ms
17:00:40     INFO - TEST-START | dom/security/test/csp/test_meta_element.html
17:00:40     INFO - MEMORY STAT | vsize 1673MB | residentFast 117MB | heapAllocated 33MB
17:00:40     INFO - TEST-OK | dom/security/test/csp/test_meta_element.html | took 248ms
17:00:40     INFO - TEST-START | dom/security/test/csp/test_meta_header_dual.html
17:00:41     INFO - MEMORY STAT | vsize 1673MB | residentFast 127MB | heapAllocated 43MB
17:00:41     INFO - TEST-OK | dom/security/test/csp/test_meta_header_dual.html | took 1230ms
17:00:41     INFO - TEST-START | dom/security/test/csp/test_meta_whitespace_skipping.html
17:00:41     INFO - MEMORY STAT | vsize 1673MB | residentFast 129MB | heapAllocated 45MB
17:00:42     INFO - TEST-OK | dom/security/test/csp/test_meta_whitespace_skipping.html | took 236ms
17:00:42     INFO - TEST-START | dom/security/test/csp/test_multi_policy_injection_bypass.html
17:00:42     INFO - MEMORY STAT | vsize 1673MB | residentFast 120MB | heapAllocated 35MB
17:00:42     INFO - TEST-OK | dom/security/test/csp/test_multi_policy_injection_bypass.html | took 352ms
17:00:42     INFO - TEST-START | dom/security/test/csp/test_multipartchannel.html
17:00:42     INFO - JavaScript error: http://mochi.test:8888/tests/dom/security/test/csp/file_multipart_testserver.sjs?doc, line 10: TypeError: document.body is null
17:00:42     INFO - MEMORY STAT | vsize 1673MB | residentFast 121MB | heapAllocated 35MB
17:00:42     INFO - TEST-OK | dom/security/test/csp/test_multipartchannel.html | took 344ms
17:00:42     INFO - TEST-START | dom/security/test/csp/test_nonce_source.html
17:00:43     INFO - MEMORY STAT | vsize 1673MB | residentFast 120MB | heapAllocated 33MB
17:00:43     INFO - TEST-OK | dom/security/test/csp/test_nonce_source.html | took 724ms
17:00:43     INFO - TEST-START | dom/security/test/csp/test_null_baseuri.html
17:00:44     INFO - MEMORY STAT | vsize 1673MB | residentFast 110MB | heapAllocated 29MB
17:00:44     INFO - TEST-OK | dom/security/test/csp/test_null_baseuri.html | took 338ms
17:00:44     INFO - TEST-START | dom/security/test/csp/test_path_matching.html
17:00:46     INFO - MEMORY STAT | vsize 1673MB | residentFast 115MB | heapAllocated 32MB
17:00:46     INFO - TEST-OK | dom/security/test/csp/test_path_matching.html | took 2860ms
17:00:47     INFO - TEST-START | dom/security/test/csp/test_path_matching_redirect.html
17:00:47     INFO - MEMORY STAT | vsize 1673MB | residentFast 116MB | heapAllocated 33MB
17:00:47     INFO - TEST-OK | dom/security/test/csp/test_path_matching_redirect.html | took 656ms
17:00:47     INFO - TEST-START | dom/security/test/csp/test_ping.html
17:00:48     INFO - MEMORY STAT | vsize 1673MB | residentFast 117MB | heapAllocated 33MB
17:00:48     INFO - TEST-OK | dom/security/test/csp/test_ping.html | took 430ms
17:00:48     INFO - TEST-START | dom/security/test/csp/test_policyuri_regression_from_multipolicy.html
17:00:48     INFO - MEMORY STAT | vsize 1673MB | residentFast 117MB | heapAllocated 34MB
17:00:48     INFO - TEST-OK | dom/security/test/csp/test_policyuri_regression_from_multipolicy.html | took 260ms
17:00:48     INFO - TEST-START | dom/security/test/csp/test_redirects.html
17:00:48     INFO - JavaScript warning: http://mochi.test:8888/tests/dom/security/test/csp/test_redirects.html, line 23: unreachable code after return statement
17:00:48     INFO - JavaScript warning: http://mochi.test:8888/tests/dom/security/test/csp/test_redirects.html, line 23: unreachable code after return statement
17:00:50     INFO - JavaScript error: http://example.com/tests/dom/security/test/csp/file_redirects_resource.sjs?res=script&testid=script-src-redir-from-worker, line 1: SyntaxError: missing ; before statement
17:00:50     INFO - MEMORY STAT | vsize 1680MB | residentFast 114MB | heapAllocated 32MB
17:00:50     INFO - TEST-OK | dom/security/test/csp/test_redirects.html | took 1922ms
17:00:50     INFO - JavaScript error: , line 0: TypeError: NetworkError when attempting to fetch resource.
17:00:50     INFO - TEST-START | dom/security/test/csp/test_referrerdirective.html
17:00:52     INFO - MEMORY STAT | vsize 1678MB | residentFast 119MB | heapAllocated 39MB
17:00:52     INFO - TEST-OK | dom/security/test/csp/test_referrerdirective.html | took 1880ms
17:00:52     INFO - TEST-START | dom/security/test/csp/test_report.html
17:00:52     INFO - MEMORY STAT | vsize 1678MB | residentFast 113MB | heapAllocated 33MB
17:00:52     INFO - TEST-OK | dom/security/test/csp/test_report.html | took 308ms
17:00:53     INFO - TEST-START | dom/security/test/csp/test_report_for_import.html
17:00:53     INFO - MEMORY STAT | vsize 1678MB | residentFast 114MB | heapAllocated 33MB
17:00:53     INFO - TEST-OK | dom/security/test/csp/test_report_for_import.html | took 370ms
17:00:53     INFO - TEST-START | dom/security/test/csp/test_report_uri_missing_in_report_only_header.html
17:00:53     INFO - MEMORY STAT | vsize 1678MB | residentFast 115MB | heapAllocated 34MB
17:00:53     INFO - TEST-OK | dom/security/test/csp/test_report_uri_missing_in_report_only_header.html | took 398ms
17:00:53     INFO - TEST-START | dom/security/test/csp/test_require_sri_meta.html
17:00:54     INFO - MEMORY STAT | vsize 1678MB | residentFast 116MB | heapAllocated 34MB
17:00:54     INFO - TEST-OK | dom/security/test/csp/test_require_sri_meta.html | took 492ms
17:00:54     INFO - TEST-START | dom/security/test/csp/test_sandbox.html
17:00:56     INFO - MEMORY STAT | vsize 1676MB | residentFast 110MB | heapAllocated 30MB
17:00:56     INFO - TEST-OK | dom/security/test/csp/test_sandbox.html | took 1758ms
17:00:56     INFO - TEST-START | dom/security/test/csp/test_sandbox_allow_scripts.html
17:00:56     INFO - MEMORY STAT | vsize 1676MB | residentFast 110MB | heapAllocated 30MB
17:00:56     INFO - TEST-OK | dom/security/test/csp/test_sandbox_allow_scripts.html | took 366ms
17:00:56     INFO - TEST-START | dom/security/test/csp/test_scheme_relative_sources.html
17:00:57     INFO - MEMORY STAT | vsize 1676MB | residentFast 111MB | heapAllocated 31MB
17:00:57     INFO - TEST-OK | dom/security/test/csp/test_scheme_relative_sources.html | took 626ms
17:00:57     INFO - TEST-START | dom/security/test/csp/test_self_none_as_hostname_confusion.html
17:00:57     INFO - MEMORY STAT | vsize 1676MB | residentFast 111MB | heapAllocated 31MB
17:00:57     INFO - TEST-OK | dom/security/test/csp/test_self_none_as_hostname_confusion.html | took 204ms
17:00:57     INFO - TEST-START | dom/security/test/csp/test_sendbeacon.html
17:00:57     INFO - MEMORY STAT | vsize 1676MB | residentFast 113MB | heapAllocated 34MB
17:00:57     INFO - TEST-OK | dom/security/test/csp/test_sendbeacon.html | took 264ms
17:00:58     INFO - TEST-START | dom/security/test/csp/test_service_worker.html
17:00:58     INFO - MEMORY STAT | vsize 1676MB | residentFast 117MB | heapAllocated 37MB
17:00:58     INFO - TEST-OK | dom/security/test/csp/test_service_worker.html | took 330ms
17:00:58     INFO - TEST-START | dom/security/test/csp/test_shouldprocess.html
17:00:58     INFO - MEMORY STAT | vsize 1676MB | residentFast 113MB | heapAllocated 32MB
17:00:58     INFO - TEST-OK | dom/security/test/csp/test_shouldprocess.html | took 310ms
17:00:58     INFO - TEST-START | dom/security/test/csp/test_strict_dynamic.html
17:01:00     INFO - MEMORY STAT | vsize 1676MB | residentFast 115MB | heapAllocated 34MB
17:01:00     INFO - TEST-OK | dom/security/test/csp/test_strict_dynamic.html | took 1324ms
17:01:00     INFO - TEST-START | dom/security/test/csp/test_strict_dynamic_default_src.html
17:01:01     INFO - MEMORY STAT | vsize 1676MB | residentFast 108MB | heapAllocated 29MB
17:01:01     INFO - TEST-OK | dom/security/test/csp/test_strict_dynamic_default_src.html | took 1140ms
17:01:01     INFO - TEST-START | dom/security/test/csp/test_strict_dynamic_parser_inserted.html
17:01:01     INFO - MEMORY STAT | vsize 1676MB | residentFast 109MB | heapAllocated 30MB
17:01:01     INFO - TEST-OK | dom/security/test/csp/test_strict_dynamic_parser_inserted.html | took 498ms
17:01:01     INFO - TEST-START | dom/security/test/csp/test_subframe_run_js_if_allowed.html
17:01:02     INFO - MEMORY STAT | vsize 1676MB | residentFast 109MB | heapAllocated 30MB
17:01:02     INFO - TEST-OK | dom/security/test/csp/test_subframe_run_js_if_allowed.html | took 228ms
17:01:02     INFO - TEST-START | dom/security/test/csp/test_upgrade_insecure.html
17:01:02     INFO - JavaScript error: resource://gre/modules/LoginManagerParent.jsm, line 106: TypeError: this._recipeManager is null
17:01:03     INFO - JavaScript error: resource://gre/modules/LoginManagerParent.jsm, line 106: TypeError: this._recipeManager is null
17:01:04     INFO - JavaScript error: resource://gre/modules/LoginManagerParent.jsm, line 106: TypeError: this._recipeManager is null
17:01:05     INFO - JavaScript error: resource://gre/modules/LoginManagerParent.jsm, line 106: TypeError: this._recipeManager is null
17:01:06     INFO - JavaScript error: resource://gre/modules/LoginManagerParent.jsm, line 106: TypeError: this._recipeManager is null
17:01:07     INFO - MEMORY STAT | vsize 1677MB | residentFast 107MB | heapAllocated 27MB
17:01:07     INFO - TEST-OK | dom/security/test/csp/test_upgrade_insecure.html | took 5616ms
17:01:07     INFO - TEST-START | dom/security/test/csp/test_upgrade_insecure_cors.html
17:01:08     INFO - MEMORY STAT | vsize 1676MB | residentFast 106MB | heapAllocated 28MB
17:01:08     INFO - TEST-OK | dom/security/test/csp/test_upgrade_insecure_cors.html | took 850ms
17:01:08     INFO - TEST-START | dom/security/test/csp/test_upgrade_insecure_docwrite_iframe.html
17:01:09     INFO - MEMORY STAT | vsize 1676MB | residentFast 106MB | heapAllocated 28MB
17:01:09     INFO - TEST-OK | dom/security/test/csp/test_upgrade_insecure_docwrite_iframe.html | took 300ms
17:01:09     INFO - TEST-START | dom/security/test/csp/test_upgrade_insecure_referrer.html
17:01:10     INFO - MEMORY STAT | vsize 1676MB | residentFast 107MB | heapAllocated 29MB
17:01:10     INFO - TEST-OK | dom/security/test/csp/test_upgrade_insecure_referrer.html | took 990ms
17:01:10     INFO - TEST-START | dom/security/test/csp/test_upgrade_insecure_reporting.html
17:01:10     INFO - MEMORY STAT | vsize 1676MB | residentFast 107MB | heapAllocated 28MB
17:01:10     INFO - TEST-OK | dom/security/test/csp/test_upgrade_insecure_reporting.html | took 450ms
17:01:10     INFO - TEST-START | Shutdown
17:01:10     INFO - Passed:  702
17:01:10     INFO - Failed:  0
17:01:10     INFO - Todo:    6
17:01:10     INFO - Mode:    e10s
17:01:10     INFO - Slowest: 5616ms - /tests/dom/security/test/csp/test_upgrade_insecure.html
17:01:10     INFO - SimpleTest FINISHED
17:01:10     INFO - TEST-INFO | Ran 1 Loops
17:01:10     INFO - SimpleTest FINISHED
17:01:12     INFO - TEST-INFO | Main app process: exit 0
17:01:12     INFO - runtests.py | Application ran for: 0:01:15.184312
17:01:12     INFO - zombiecheck | Reading PID log: /tmp/tmpLXfekopidlog
17:01:12     INFO - ==> process 2922 launched child process 2943
17:01:12     INFO - ==> process 2922 launched child process 2976
17:01:12     INFO - zombiecheck | Checking for orphan process with PID: 2943
17:01:12     INFO - zombiecheck | Checking for orphan process with PID: 2976
17:01:12     INFO - Stopping web server
17:01:12     INFO - Stopping web socket server
17:01:12     INFO - Stopping ssltunnel
17:01:12  WARNING - leakcheck | refcount logging is off, so leaks can't be detected!
17:01:12     INFO - runtests.py | Running tests: end.
17:01:12     INFO - Buffered messages finished
17:01:12     INFO -  dir: dom/security/test/general
17:01:12     INFO -  Setting pipeline to PAUSED ...
17:01:12     INFO -  Pipeline is PREROLLING ...
17:01:12     INFO -  Pipeline is PREROLLED ...
17:01:12     INFO -  Setting pipeline to PLAYING ...
17:01:12     INFO -  New clock: GstSystemClock
17:01:12     INFO -  Got EOS from element "pipeline0".
17:01:12     INFO -  Execution ended after 32509983 ns.
17:01:12     INFO -  Setting pipeline to PAUSED ...
17:01:12     INFO -  Setting pipeline to READY ...
17:01:12     INFO -  Setting pipeline to NULL ...
17:01:12     INFO -  Freeing pipeline ...
17:01:12     INFO -  mozprofile.addons WARNING | Could not install /builds/slave/test/build/tests/mochitest/extensions/mozscreenshots: [Errno 2] No such file or directory: '/builds/slave/test/build/tests/mochitest/extensions/mozscreenshots/install.rdf'
17:01:13     INFO -  pk12util: PKCS12 IMPORT SUCCESSFUL
17:01:13     INFO - MochitestServer : launching [u'/builds/slave/test/build/tests/bin/xpcshell', '-g', '/builds/slave/test/build/application/firefox', '-v', '170', '-f', '/builds/slave/test/build/tests/bin/components/httpd.js', '-e', "const _PROFILE_PATH = '/tmp/tmpPyiPdO.mozrunner'; const _SERVER_PORT = '8888'; const _SERVER_ADDR = '127.0.0.1'; const _TEST_PREFIX = undefined; const _DISPLAY_RESULTS = false;", '-f', '/builds/slave/test/build/tests/mochitest/server.js']
17:01:13     INFO - runtests.py | Server pid: 3075
17:01:13     INFO - runtests.py | Websocket server pid: 3078
17:01:13     INFO - runtests.py | SSL tunnel pid: 3083
17:01:13     INFO - runtests.py | Running with e10s: True
17:01:13     INFO - runtests.py | Running tests: start.
17:01:13     INFO - 
17:01:13     INFO - Application command: /builds/slave/test/build/application/firefox/firefox -marionette -foreground -profile /tmp/tmpPyiPdO.mozrunner
17:01:13     INFO - runtests.py | Application pid: 3103
17:01:13     INFO - TEST-INFO | started process Main app process
17:01:16     INFO - 1528502476942	Marionette	INFO	Listening on port 2828
17:01:22     INFO - SimpleTest START
17:01:22     INFO - TEST-START | dom/security/test/general/test_block_script_wrong_mime.html
17:01:25     INFO - MEMORY STAT vsizeMaxContiguous not supported in this build configuration.
17:01:25     INFO - MEMORY STAT | vsize 1631MB | residentFast 91MB | heapAllocated 32MB
17:01:25     INFO - TEST-OK | dom/security/test/general/test_block_script_wrong_mime.html | took 2828ms
17:01:25     INFO - TEST-START | dom/security/test/general/test_contentpolicytype_targeted_link_iframe.html
17:01:25     INFO - MEMORY STAT | vsize 1632MB | residentFast 93MB | heapAllocated 33MB
17:01:25     INFO - TEST-OK | dom/security/test/general/test_contentpolicytype_targeted_link_iframe.html | took 252ms
17:01:26     INFO - TEST-START | dom/security/test/general/test_nosniff.html
17:01:26     INFO - MEMORY STAT | vsize 1633MB | residentFast 95MB | heapAllocated 34MB
17:01:26     INFO - TEST-OK | dom/security/test/general/test_nosniff.html | took 470ms
17:01:26     INFO - TEST-START | Shutdown
17:01:26     INFO - Passed:  52
17:01:26     INFO - Failed:  0
17:01:26     INFO - Todo:    0
17:01:26     INFO - Mode:    e10s
17:01:26     INFO - Slowest: 2828ms - /tests/dom/security/test/general/test_block_script_wrong_mime.html
17:01:26     INFO - SimpleTest FINISHED
17:01:26     INFO - TEST-INFO | Ran 1 Loops
17:01:26     INFO - SimpleTest FINISHED
17:01:28     INFO - TEST-INFO | Main app process: exit 0
17:01:28     INFO - runtests.py | Application ran for: 0:00:14.499442
17:01:28     INFO - zombiecheck | Reading PID log: /tmp/tmpu9YmMopidlog
17:01:28     INFO - ==> process 3103 launched child process 3124
17:01:28     INFO - ==> process 3103 launched child process 3159
17:01:28     INFO - zombiecheck | Checking for orphan process with PID: 3124
17:01:28     INFO - zombiecheck | Checking for orphan process with PID: 3159
17:01:28     INFO - Stopping web server
17:01:28     INFO - Stopping web socket server
17:01:28     INFO - Stopping ssltunnel
17:01:28  WARNING - leakcheck | refcount logging is off, so leaks can't be detected!
17:01:28     INFO - runtests.py | Running tests: end.
17:01:28     INFO - Buffered messages finished
17:01:28     INFO -  dir: dom/security/test/mixedcontentblocker
17:01:28     INFO -  Setting pipeline to PAUSED ...
17:01:28     INFO -  Pipeline is PREROLLING ...
17:01:28     INFO -  Pipeline is PREROLLED ...
17:01:28     INFO -  Setting pipeline to PLAYING ...
17:01:28     INFO -  New clock: GstSystemClock
17:01:28     INFO -  Got EOS from element "pipeline0".
17:01:28     INFO -  Execution ended after 32709440 ns.
17:01:28     INFO -  Setting pipeline to PAUSED ...
17:01:28     INFO -  Setting pipeline to READY ...
17:01:28     INFO -  Setting pipeline to NULL ...
17:01:28     INFO -  Freeing pipeline ...
17:01:28     INFO -  mozprofile.addons WARNING | Could not install /builds/slave/test/build/tests/mochitest/extensions/mozscreenshots: [Errno 2] No such file or directory: '/builds/slave/test/build/tests/mochitest/extensions/mozscreenshots/install.rdf'
17:01:29     INFO -  pk12util: PKCS12 IMPORT SUCCESSFUL
17:01:29     INFO - MochitestServer : launching [u'/builds/slave/test/build/tests/bin/xpcshell', '-g', '/builds/slave/test/build/application/firefox', '-v', '170', '-f', '/builds/slave/test/build/tests/bin/components/httpd.js', '-e', "const _PROFILE_PATH = '/tmp/tmphJWfiT.mozrunner'; const _SERVER_PORT = '8888'; const _SERVER_ADDR = '127.0.0.1'; const _TEST_PREFIX = undefined; const _DISPLAY_RESULTS = false;", '-f', '/builds/slave/test/build/tests/mochitest/server.js']
17:01:29     INFO - runtests.py | Server pid: 3240
17:01:29     INFO - runtests.py | Websocket server pid: 3243
17:01:29     INFO - runtests.py | SSL tunnel pid: 3247
17:01:29     INFO - runtests.py | Running with e10s: True
17:01:29     INFO - runtests.py | Running tests: start.
17:01:29     INFO - 
17:01:29     INFO - Application command: /builds/slave/test/build/application/firefox/firefox -marionette -foreground -profile /tmp/tmphJWfiT.mozrunner
17:01:29     INFO - runtests.py | Application pid: 3268
17:01:29     INFO - TEST-INFO | started process Main app process
17:01:33     INFO - 1528502493086	Marionette	INFO	Listening on port 2828
17:01:38     INFO - SimpleTest START
17:01:38     INFO - TEST-START | dom/security/test/mixedcontentblocker/test_bug803225.html
17:01:44     INFO - MEMORY STAT vsizeMaxContiguous not supported in this build configuration.
17:01:44     INFO - MEMORY STAT | vsize 1589MB | residentFast 93MB | heapAllocated 31MB
17:01:44     INFO - TEST-OK | dom/security/test/mixedcontentblocker/test_bug803225.html | took 5408ms
17:01:44     INFO - TEST-START | dom/security/test/mixedcontentblocker/test_frameNavigation.html
17:01:51     INFO - MEMORY STAT | vsize 1595MB | residentFast 97MB | heapAllocated 29MB
17:01:52     INFO - TEST-OK | dom/security/test/mixedcontentblocker/test_frameNavigation.html | took 7672ms
17:01:52     INFO - TEST-START | dom/security/test/mixedcontentblocker/test_main.html
17:02:03     INFO - Xlib:  extension "RANDR" missing on display ":0".
17:02:14     INFO - MEMORY STAT | vsize 1643MB | residentFast 91MB | heapAllocated 27MB
17:02:14     INFO - TEST-OK | dom/security/test/mixedcontentblocker/test_main.html | took 22616ms
17:02:14     INFO - TEST-START | Shutdown
17:02:14     INFO - Passed:  88
17:02:14     INFO - Failed:  0
17:02:14     INFO - Todo:    0
17:02:14     INFO - Mode:    e10s
17:02:14     INFO - Slowest: 22616ms - /tests/dom/security/test/mixedcontentblocker/test_main.html
17:02:14     INFO - SimpleTest FINISHED
17:02:14     INFO - TEST-INFO | Ran 1 Loops
17:02:14     INFO - SimpleTest FINISHED
17:02:16     INFO - TEST-INFO | Main app process: exit 0
17:02:16     INFO - runtests.py | Application ran for: 0:00:46.533041
17:02:16     INFO - zombiecheck | Reading PID log: /tmp/tmpOSn48wpidlog
17:02:16     INFO - ==> process 3268 launched child process 3289
17:02:16     INFO - ==> process 3268 launched child process 3321
17:02:16     INFO - ==> process 3268 launched child process 3363
17:02:16     INFO - zombiecheck | Checking for orphan process with PID: 3289
17:02:16     INFO - zombiecheck | Checking for orphan process with PID: 3321
17:02:16     INFO - zombiecheck | Checking for orphan process with PID: 3363
17:02:16     INFO - Stopping web server
17:02:16     INFO - Stopping web socket server
17:02:16     INFO - Stopping ssltunnel
17:02:16  WARNING - leakcheck | refcount logging is off, so leaks can't be detected!
17:02:16     INFO - runtests.py | Running tests: end.
17:02:16     INFO - Buffered messages finished
17:02:16     INFO -  dir: dom/security/test/sri
17:02:16     INFO -  Setting pipeline to PAUSED ...
17:02:16     INFO -  Pipeline is PREROLLING ...
17:02:16     INFO -  Pipeline is PREROLLED ...
17:02:16     INFO -  Setting pipeline to PLAYING ...
17:02:16     INFO -  New clock: GstSystemClock
17:02:16     INFO -  Got EOS from element "pipeline0".
17:02:16     INFO -  Execution ended after 32596985 ns.
17:02:16     INFO -  Setting pipeline to PAUSED ...
17:02:16     INFO -  Setting pipeline to READY ...
17:02:16     INFO -  Setting pipeline to NULL ...
17:02:16     INFO -  Freeing pipeline ...
17:02:16     INFO -  mozprofile.addons WARNING | Could not install /builds/slave/test/build/tests/mochitest/extensions/mozscreenshots: [Errno 2] No such file or directory: '/builds/slave/test/build/tests/mochitest/extensions/mozscreenshots/install.rdf'
17:02:17     INFO -  pk12util: PKCS12 IMPORT SUCCESSFUL
17:02:17     INFO - MochitestServer : launching [u'/builds/slave/test/build/tests/bin/xpcshell', '-g', '/builds/slave/test/build/application/firefox', '-v', '170', '-f', '/builds/slave/test/build/tests/bin/components/httpd.js', '-e', "const _PROFILE_PATH = '/tmp/tmp43NZ4U.mozrunner'; const _SERVER_PORT = '8888'; const _SERVER_ADDR = '127.0.0.1'; const _TEST_PREFIX = undefined; const _DISPLAY_RESULTS = false;", '-f', '/builds/slave/test/build/tests/mochitest/server.js']
17:02:17     INFO - runtests.py | Server pid: 3401
17:02:17     INFO - runtests.py | Websocket server pid: 3404
17:02:17     INFO - runtests.py | SSL tunnel pid: 3408
17:02:18     INFO - runtests.py | Running with e10s: True
17:02:18     INFO - runtests.py | Running tests: start.
17:02:18     INFO - 
17:02:18     INFO - Application command: /builds/slave/test/build/application/firefox/firefox -marionette -foreground -profile /tmp/tmp43NZ4U.mozrunner
17:02:18     INFO - runtests.py | Application pid: 3429
17:02:18     INFO - TEST-INFO | started process Main app process
17:02:21     INFO - 1528502541016	Marionette	INFO	Listening on port 2828
17:02:26     INFO - SimpleTest START
17:02:26     INFO - TEST-START | dom/security/test/sri/test_bug_1271796.html
17:02:27     INFO - MEMORY STAT vsizeMaxContiguous not supported in this build configuration.
17:02:27     INFO - MEMORY STAT | vsize 1554MB | residentFast 78MB | heapAllocated 23MB
17:02:27     INFO - TEST-OK | dom/security/test/sri/test_bug_1271796.html | took 1280ms
17:02:27     INFO - TEST-START | dom/security/test/sri/test_csp_directive_style_imports.html
17:02:28     INFO - MEMORY STAT | vsize 1555MB | residentFast 80MB | heapAllocated 24MB
17:02:28     INFO - TEST-OK | dom/security/test/sri/test_csp_directive_style_imports.html | took 316ms
17:02:28     INFO - TEST-START | dom/security/test/sri/test_require-sri-for_csp_directive.html
17:02:29     INFO - MEMORY STAT | vsize 1567MB | residentFast 85MB | heapAllocated 26MB
17:02:29     INFO - TEST-OK | dom/security/test/sri/test_require-sri-for_csp_directive.html | took 722ms
17:02:29     INFO - TEST-START | dom/security/test/sri/test_require-sri-for_csp_directive_disabled.html
17:02:29     INFO - MEMORY STAT | vsize 1572MB | residentFast 87MB | heapAllocated 27MB
17:02:29     INFO - TEST-OK | dom/security/test/sri/test_require-sri-for_csp_directive_disabled.html | took 270ms
17:02:29     INFO - TEST-START | dom/security/test/sri/test_script_crossdomain.html
17:02:29     INFO - MEMORY STAT | vsize 1573MB | residentFast 88MB | heapAllocated 28MB
17:02:29     INFO - TEST-OK | dom/security/test/sri/test_script_crossdomain.html | took 332ms
17:02:29     INFO - TEST-START | dom/security/test/sri/test_script_sameorigin.html
17:02:30     INFO - MEMORY STAT | vsize 1574MB | residentFast 90MB | heapAllocated 29MB
17:02:30     INFO - TEST-OK | dom/security/test/sri/test_script_sameorigin.html | took 444ms
17:02:30     INFO - TEST-START | dom/security/test/sri/test_sri_disabled.html
17:02:30     INFO - MEMORY STAT | vsize 1574MB | residentFast 89MB | heapAllocated 27MB
17:02:30     INFO - TEST-OK | dom/security/test/sri/test_sri_disabled.html | took 400ms
17:02:30     INFO - TEST-START | dom/security/test/sri/test_style_crossdomain.html
17:02:31     INFO - MEMORY STAT | vsize 1574MB | residentFast 88MB | heapAllocated 24MB
17:02:31     INFO - TEST-OK | dom/security/test/sri/test_style_crossdomain.html | took 510ms
17:02:31     INFO - TEST-START | dom/security/test/sri/test_style_sameorigin.html
17:02:31     INFO - MEMORY STAT | vsize 1575MB | residentFast 89MB | heapAllocated 25MB
17:02:31     INFO - TEST-OK | dom/security/test/sri/test_style_sameorigin.html | took 530ms
17:02:31     INFO - TEST-START | Shutdown
17:02:31     INFO - Passed:  65
17:02:31     INFO - Failed:  0
17:02:31     INFO - Todo:    1
17:02:32     INFO - Mode:    e10s
17:02:32     INFO - Slowest: 1278ms - /tests/dom/security/test/sri/test_bug_1271796.html
17:02:32     INFO - SimpleTest FINISHED
17:02:32     INFO - TEST-INFO | Ran 1 Loops
17:02:32     INFO - SimpleTest FINISHED
17:02:33     INFO - TEST-INFO | Main app process: exit 0
17:02:33     INFO - runtests.py | Application ran for: 0:00:15.504341
17:02:33     INFO - zombiecheck | Reading PID log: /tmp/tmpp6DIXIpidlog
17:02:33     INFO - ==> process 3429 launched child process 3450
17:02:33     INFO - ==> process 3429 launched child process 3482
17:02:33     INFO - zombiecheck | Checking for orphan process with PID: 3450
17:02:33     INFO - zombiecheck | Checking for orphan process with PID: 3482
17:02:33     INFO - Stopping web server
17:02:33     INFO - Stopping web socket server
17:02:33     INFO - Stopping ssltunnel
17:02:33  WARNING - leakcheck | refcount logging is off, so leaks can't be detected!
17:02:33     INFO - runtests.py | Running tests: end.
17:02:33     INFO - Buffered messages finished
17:02:33     INFO -  dir: dom/smil/test
17:02:33     INFO -  Setting pipeline to PAUSED ...
17:02:33     INFO -  Pipeline is PREROLLING ...
17:02:33     INFO -  Pipeline is PREROLLED ...
17:02:33     INFO -  Setting pipeline to PLAYING ...
17:02:33     INFO -  New clock: GstSystemClock
17:02:33     INFO -  Got EOS from element "pipeline0".
17:02:33     INFO -  Execution ended after 32683162 ns.
17:02:33     INFO -  Setting pipeline to PAUSED ...
17:02:33     INFO -  Setting pipeline to READY ...
17:02:33     INFO -  Setting pipeline to NULL ...
17:02:33     INFO -  Freeing pipeline ...
17:02:33     INFO -  mozprofile.addons WARNING | Could not install /builds/slave/test/build/tests/mochitest/extensions/mozscreenshots: [Errno 2] No such file or directory: '/builds/slave/test/build/tests/mochitest/extensions/mozscreenshots/install.rdf'
17:02:34     INFO -  pk12util: PKCS12 IMPORT SUCCESSFUL
17:02:34     INFO - MochitestServer : launching [u'/builds/slave/test/build/tests/bin/xpcshell', '-g', '/builds/slave/test/build/application/firefox', '-v', '170', '-f', '/builds/slave/test/build/tests/bin/components/httpd.js', '-e', "const _PROFILE_PATH = '/tmp/tmpX9PGDc.mozrunner'; const _SERVER_PORT = '8888'; const _SERVER_ADDR = '127.0.0.1'; const _TEST_PREFIX = undefined; const _DISPLAY_RESULTS = false;", '-f', '/builds/slave/test/build/tests/mochitest/server.js']
17:02:34     INFO - runtests.py | Server pid: 3548
17:02:34     INFO - runtests.py | Websocket server pid: 3551

command interrupted, attempting to kill
process killed by signal 9
program finished with exit code -1
elapsedTime=569.253497
The web-page 'stop build' button was pressed by 'rvandermeulen@mozilla.com': Cancelled via self-serve
========= master_lag: 0.04 =========
========= Finished '/tools/buildbot/bin/python scripts/scripts/desktop_unittest.py ...' interrupted (results: 4, elapsed: 9 mins, 29 secs) (at 2018-06-08 17:02:34.634065) =========

========= Started 'bash -c ...' interrupted (results: 4, elapsed: 0 secs) (at 2018-06-08 17:02:34.635075) =========
bash -c 'for file in `ls -1`; do cat $file; done'
 in dir /builds/slave/test/properties (timeout 1200 secs)
 watching logfiles {}
 argv: ['bash', '-c', 'for file in `ls -1`; do cat $file; done']
 environment:
  HOME=/home/cltbld
  LANG=en_US.UTF-8
  LOGNAME=cltbld
  MAIL=/var/mail/cltbld
  NODE_PATH=/usr/lib/nodejs:/usr/lib/node_modules:/usr/share/javascript
  PATH=/usr/local/bin:/usr/local/bin:/usr/bin:/bin:/usr/local/games:/usr/games
  PWD=/builds/slave/test/properties
  SHELL=/bin/bash
  SHLVL=1
  TERM=linux
  TMOUT=86400
  USER=cltbld
  XDG_SESSION_COOKIE=9ca12473fbb1d023794ffd180000023c-1528501978.105210-1127364131
  _=/tools/buildbot/bin/python
 using PTY: False

command interrupted, attempting to kill
process killed by signal 9
program finished with exit code -1
elapsedTime=0.101439
The web-page 'stop build' button was pressed by 'rvandermeulen@mozilla.com': Cancelled via self-serve

========= master_lag: 0.01 =========
========= Finished 'bash -c ...' interrupted (results: 4, elapsed: 0 secs) (at 2018-06-08 17:02:34.749907) =========

========= Started 'rm -f ...' interrupted (results: 4, elapsed: 0 secs) (at 2018-06-08 17:02:34.750433) =========
rm -f oauth.txt
 in dir /builds/slave/test/. (timeout 1200 secs)
 watching logfiles {}
 argv: ['rm', '-f', 'oauth.txt']
 environment:
  HOME=/home/cltbld
  LANG=en_US.UTF-8
  LOGNAME=cltbld
  MAIL=/var/mail/cltbld
  NODE_PATH=/usr/lib/nodejs:/usr/lib/node_modules:/usr/share/javascript
  PATH=/usr/local/bin:/usr/local/bin:/usr/bin:/bin:/usr/local/games:/usr/games
  PWD=/builds/slave/test
  SHELL=/bin/bash
  SHLVL=1
  TERM=linux
  TMOUT=86400
  USER=cltbld
  XDG_SESSION_COOKIE=9ca12473fbb1d023794ffd180000023c-1528501978.105210-1127364131
  _=/tools/buildbot/bin/python
 using PTY: False

command interrupted, attempting to kill
process killed by signal 9
program finished with exit code -1
elapsedTime=0.082599
The web-page 'stop build' button was pressed by 'rvandermeulen@mozilla.com': Cancelled via self-serve
========= master_lag: 0.01 =========
========= Finished 'rm -f ...' interrupted (results: 4, elapsed: 0 secs) (at 2018-06-08 17:02:34.845041) =========

========= Started reboot skipped (results: 3, elapsed: 0 secs) (at 2018-06-08 17:02:34.845541) =========
========= Finished reboot skipped (results: 3, elapsed: 0 secs) (at 2018-06-08 17:02:34.845959) =========

========= Total master_lag: 0.24 =========

