builder: mozilla-esr52_yosemite_r7-debug_test-mochitest-gl-e10s-1
slave: t-yosemite-r7-0001
starttime: 1528588499.73
results: failure (2)
buildid: 20180609145619
builduid: b1c96505513c43fda408cdf95090aab8
revision: 1e9a9a6b6e74d8eafe01f87850eb3d85bfba88d8

========= Started set props: master (results: 0, elapsed: 0 secs) (at 2018-06-09 16:54:59.734072) =========
master: http://buildbot-master106.bb.releng.scl3.mozilla.com:8201/
========= Finished set props: master (results: 0, elapsed: 0 secs) (at 2018-06-09 16:54:59.734533) =========

========= Started downloading to buildprops.json (results: 0, elapsed: 0 secs) (at 2018-06-09 16:54:59.734810) =========
========= Finished downloading to buildprops.json (results: 0, elapsed: 0 secs) (at 2018-06-09 16:54:59.748980) =========

========= Started 'bash -c ...' (results: 0, elapsed: 0 secs) (at 2018-06-09 16:54:59.749245) =========
bash -c 'wget -Oarchiver_client.py --no-check-certificate --tries=10 --waitretry=3 https://hg.mozilla.org/build/tools/raw-file/default/buildfarm/utils/archiver_client.py'
 in dir /builds/slave/test/. (timeout 1200 secs)
 watching logfiles {}
 argv: ['bash', '-c', 'wget -Oarchiver_client.py --no-check-certificate --tries=10 --waitretry=3 https://hg.mozilla.org/build/tools/raw-file/default/buildfarm/utils/archiver_client.py']
 environment:
  Apple_PubSub_Socket_Render=/private/tmp/com.apple.launchd.II46PipCf3/Render
  GIT_SHARE_BASE_DIR=/builds/git-shared
  HG_SHARE_BASE_DIR=/builds/hg-shared
  HOME=/Users/cltbld
  IDLEIZER_DISABLE_SHUTDOWN=true
  LOGNAME=cltbld
  PATH=/usr/local/sbin:/usr/local/bin:/usr/sbin:/usr/bin:/sbin:/bin:/usr/bin/X11
  PWD=/builds/slave/test
  RUNNER_CONFIG_CMD=/opt/runner/bin/python2.7 /opt/runner/bin/runner -c /opt/runner/runner.cfg
  SHELL=/bin/bash
  SSH_AUTH_SOCK=/private/tmp/com.apple.launchd.XsBny7RYLA/Listeners
  TMPDIR=/var/folders/n0/6tpw2p6j3vx8fzyb0wrmlcwc00000w/T/
  TWISTD_LOG_PATH=/builds/slave/twistd.log
  USER=cltbld
  VERSIONER_PYTHON_PREFER_32_BIT=no
  VERSIONER_PYTHON_VERSION=2.7
  XPC_FLAGS=0x0
  XPC_SERVICE_NAME=0
  __CF_USER_TEXT_ENCODING=0x1C:0:0
 using PTY: False
--2018-06-09 16:54:59--  https://hg.mozilla.org/build/tools/raw-file/default/buildfarm/utils/archiver_client.py
Resolving hg.mozilla.org... 63.245.215.25, 63.245.215.102
Connecting to hg.mozilla.org|63.245.215.25|:443... connected.
HTTP request sent, awaiting response... 200 Script output follows
Length: 12179 (12K) [text/x-python]
Saving to: 'archiver_client.py'

     0K .......... .                                          100% 43.5M=0s

2018-06-09 16:54:59 (43.5 MB/s) - 'archiver_client.py' saved [12179/12179]

program finished with exit code 0
elapsedTime=0.091054
========= master_lag: 0.01 =========
========= Finished 'bash -c ...' (results: 0, elapsed: 0 secs) (at 2018-06-09 16:54:59.853585) =========

========= Started 'rm -rf ...' (results: 0, elapsed: 0 secs) (at 2018-06-09 16:54:59.853903) =========
rm -rf scripts properties
 in dir /builds/slave/test/. (timeout 1200 secs)
 watching logfiles {}
 argv: ['rm', '-rf', 'scripts', 'properties']
 environment:
  Apple_PubSub_Socket_Render=/private/tmp/com.apple.launchd.II46PipCf3/Render
  GIT_SHARE_BASE_DIR=/builds/git-shared
  HG_SHARE_BASE_DIR=/builds/hg-shared
  HOME=/Users/cltbld
  IDLEIZER_DISABLE_SHUTDOWN=true
  LOGNAME=cltbld
  PATH=/usr/local/sbin:/usr/local/bin:/usr/sbin:/usr/bin:/sbin:/bin:/usr/bin/X11
  PWD=/builds/slave/test
  RUNNER_CONFIG_CMD=/opt/runner/bin/python2.7 /opt/runner/bin/runner -c /opt/runner/runner.cfg
  SHELL=/bin/bash
  SSH_AUTH_SOCK=/private/tmp/com.apple.launchd.XsBny7RYLA/Listeners
  TMPDIR=/var/folders/n0/6tpw2p6j3vx8fzyb0wrmlcwc00000w/T/
  TWISTD_LOG_PATH=/builds/slave/twistd.log
  USER=cltbld
  VERSIONER_PYTHON_PREFER_32_BIT=no
  VERSIONER_PYTHON_VERSION=2.7
  XPC_FLAGS=0x0
  XPC_SERVICE_NAME=0
  __CF_USER_TEXT_ENCODING=0x1C:0:0
 using PTY: False
program finished with exit code 0
elapsedTime=0.028392
========= master_lag: 0.02 =========
========= Finished 'rm -rf ...' (results: 0, elapsed: 0 secs) (at 2018-06-09 16:54:59.904103) =========

========= Started 'bash -c ...' (results: 0, elapsed: 1 secs) (at 2018-06-09 16:54:59.904419) =========
bash -c 'python archiver_client.py mozharness --repo releases/mozilla-esr52 --rev 1e9a9a6b6e74d8eafe01f87850eb3d85bfba88d8 --destination scripts --debug'
 in dir /builds/slave/test/. (timeout 1200 secs)
 watching logfiles {}
 argv: ['bash', '-c', u'python archiver_client.py mozharness --repo releases/mozilla-esr52 --rev 1e9a9a6b6e74d8eafe01f87850eb3d85bfba88d8 --destination scripts --debug']
 environment:
  Apple_PubSub_Socket_Render=/private/tmp/com.apple.launchd.II46PipCf3/Render
  GIT_SHARE_BASE_DIR=/builds/git-shared
  HG_SHARE_BASE_DIR=/builds/hg-shared
  HOME=/Users/cltbld
  IDLEIZER_DISABLE_SHUTDOWN=true
  LOGNAME=cltbld
  PATH=/usr/local/sbin:/usr/local/bin:/usr/sbin:/usr/bin:/sbin:/bin:/usr/bin/X11
  PWD=/builds/slave/test
  RUNNER_CONFIG_CMD=/opt/runner/bin/python2.7 /opt/runner/bin/runner -c /opt/runner/runner.cfg
  SHELL=/bin/bash
  SSH_AUTH_SOCK=/private/tmp/com.apple.launchd.XsBny7RYLA/Listeners
  TMPDIR=/var/folders/n0/6tpw2p6j3vx8fzyb0wrmlcwc00000w/T/
  TWISTD_LOG_PATH=/builds/slave/twistd.log
  USER=cltbld
  VERSIONER_PYTHON_PREFER_32_BIT=no
  VERSIONER_PYTHON_VERSION=2.7
  XPC_FLAGS=0x0
  XPC_SERVICE_NAME=0
  __CF_USER_TEXT_ENCODING=0x1C:0:0
 using PTY: False
2018-06-09 16:54:59,980 truncating revision to first 12 chars
2018-06-09 16:54:59,980 Setting DEBUG logging.
2018-06-09 16:54:59,980 attempt 1/10
2018-06-09 16:54:59,980 Getting archive location from https://api.pub.build.mozilla.org/archiver/hgmo/releases/mozilla-esr52/1e9a9a6b6e74?&preferred_region=us-west-2&suffix=tar.gz&subdir=testing/mozharness
2018-06-09 16:55:01,067 unpacking tar archive at: mozilla-esr52-1e9a9a6b6e74/testing/mozharness/
program finished with exit code 0
elapsedTime=1.515217
========= master_lag: 0.01 =========
========= Finished 'bash -c ...' (results: 0, elapsed: 1 secs) (at 2018-06-09 16:55:01.432186) =========

========= Started set props: script_repo_revision (results: 0, elapsed: 0 secs) (at 2018-06-09 16:55:01.432719) =========
script_repo_revision: 1e9a9a6b6e74d8eafe01f87850eb3d85bfba88d8
========= Finished set props: script_repo_revision (results: 0, elapsed: 0 secs) (at 2018-06-09 16:55:01.433306) =========

========= Started downloading to oauth.txt (results: 0, elapsed: 0 secs) (at 2018-06-09 16:55:01.433734) =========
========= Finished downloading to oauth.txt (results: 0, elapsed: 0 secs) (at 2018-06-09 16:55:01.442992) =========

========= Started '/tools/buildbot/bin/python -u ...' failed (results: 2, elapsed: 2 mins, 26 secs) (at 2018-06-09 16:55:01.443316) =========
/tools/buildbot/bin/python -u scripts/scripts/desktop_unittest.py --cfg unittests/mac_unittest.py --mochitest-suite mochitest-gl --e10s --total-chunks 3 --this-chunk 1 --blob-upload-branch mozilla-esr52 --download-symbols true
 in dir /builds/slave/test/. (timeout 1800 secs) (maxTime 5400 secs)
 watching logfiles {}
 argv: ['/tools/buildbot/bin/python', '-u', 'scripts/scripts/desktop_unittest.py', '--cfg', 'unittests/mac_unittest.py', '--mochitest-suite', 'mochitest-gl', '--e10s', '--total-chunks', '3', '--this-chunk', '1', '--blob-upload-branch', 'mozilla-esr52', '--download-symbols', 'true']
 environment:
  Apple_PubSub_Socket_Render=/private/tmp/com.apple.launchd.II46PipCf3/Render
  GIT_SHARE_BASE_DIR=/builds/git-shared
  HG_SHARE_BASE_DIR=/builds/hg-shared
  HOME=/Users/cltbld
  IDLEIZER_DISABLE_SHUTDOWN=true
  LOGNAME=cltbld
  MOZ_HIDE_RESULTS_TABLE=1
  MOZ_NODE_PATH=/usr/local/bin/node
  MOZ_NO_REMOTE=1
  NO_EM_RESTART=1
  NO_FAIL_ON_TEST_ERRORS=1
  PATH=/usr/local/sbin:/usr/local/bin:/usr/sbin:/usr/bin:/sbin:/bin:/usr/bin/X11
  PROPERTIES_FILE=/builds/slave/test/buildprops.json
  PWD=/builds/slave/test
  RUNNER_CONFIG_CMD=/opt/runner/bin/python2.7 /opt/runner/bin/runner -c /opt/runner/runner.cfg
  SHELL=/bin/bash
  SSH_AUTH_SOCK=/private/tmp/com.apple.launchd.XsBny7RYLA/Listeners
  TMPDIR=/var/folders/n0/6tpw2p6j3vx8fzyb0wrmlcwc00000w/T/
  TWISTD_LOG_PATH=/builds/slave/twistd.log
  USER=cltbld
  VERSIONER_PYTHON_PREFER_32_BIT=no
  VERSIONER_PYTHON_VERSION=2.7
  XPCOM_DEBUG_BREAK=warn
  XPC_FLAGS=0x0
  XPC_SERVICE_NAME=0
  __CF_USER_TEXT_ENCODING=0x1C:0:0
 using PTY: False
16:55:01     INFO - MultiFileLogger online at 20180609 16:55:01 in /builds/slave/test
16:55:01     INFO - Run as scripts/scripts/desktop_unittest.py --cfg unittests/mac_unittest.py --mochitest-suite mochitest-gl --e10s --total-chunks 3 --this-chunk 1 --blob-upload-branch mozilla-esr52 --download-symbols true
16:55:01     INFO - Dumping config to /builds/slave/test/logs/localconfig.json.
16:55:01     INFO - {'all_cppunittest_suites': {'cppunittest': ('tests/cppunittest',)},
16:55:01     INFO -  'all_gtest_suites': {'gtest': ()},
16:55:01     INFO -  'all_jittest_suites': {'jittest': ()},
16:55:01     INFO -  'all_mochitest_suites': {'a11y': ('--flavor=a11y',),
16:55:01     INFO -                           'browser-chrome': ('--flavor=browser',),
16:55:01     INFO -                           'browser-chrome-addons': ('--flavor=browser',
16:55:01     INFO -                                                     '--chunk-by-runtime',
16:55:01     INFO -                                                     '--tag=addons'),
16:55:01     INFO -                           'browser-chrome-chunked': ('--flavor=browser',
16:55:01     INFO -                                                      '--chunk-by-runtime'),
16:55:01     INFO -                           'browser-chrome-clipboard': ('--flavor=browser',
16:55:01     INFO -                                                        '--subsuite=clipboard'),
16:55:01     INFO -                           'browser-chrome-gpu': ('--flavor=browser',
16:55:01     INFO -                                                  '--subsuite=gpu'),
16:55:01     INFO -                           'browser-chrome-screenshots': ('--flavor=browser',
16:55:01     INFO -                                                          '--subsuite=screenshots'),
16:55:01     INFO -                           'chrome': ('--flavor=chrome',),
16:55:01     INFO -                           'chrome-chunked': ('--flavor=chrome',
16:55:01     INFO -                                              '--chunk-by-dir=4'),
16:55:01     INFO -                           'chrome-clipboard': ('--flavor=chrome',
16:55:01     INFO -                                                '--subsuite=clipboard'),
16:55:01     INFO -                           'chrome-gpu': ('--flavor=chrome', '--subsuite=gpu'),
16:55:01     INFO -                           'jetpack-addon': ('--flavor=jetpack-addon',),
16:55:01     INFO -                           'jetpack-package': ('--flavor=jetpack-package',),
16:55:01     INFO -                           'jetpack-package-clipboard': ('--flavor=jetpack-package',
16:55:01     INFO -                                                         '--subsuite=clipboard'),
16:55:01     INFO -                           'mochitest-devtools-chrome': ('--flavor=browser',
16:55:01     INFO -                                                         '--subsuite=devtools'),
16:55:01     INFO -                           'mochitest-devtools-chrome-chunked': ('--flavor=browser',
16:55:01     INFO -                                                                 '--subsuite=devtools',
16:55:01     INFO -                                                                 '--chunk-by-runtime'),
16:55:01     INFO -                           'mochitest-gl': ('--subsuite=webgl',),
16:55:01     INFO -                           'mochitest-media': ('--subsuite=media',),
16:55:01     INFO -                           'plain': (),
16:55:01     INFO -                           'plain-chunked': ('--chunk-by-dir=4',),
16:55:01     INFO -                           'plain-clipboard': ('--subsuite=clipboard',),
16:55:01     INFO -                           'plain-gpu': ('--subsuite=gpu',)},
16:55:01     INFO -  'all_mozbase_suites': {'mozbase': ()},
16:55:01     INFO -  'all_reftest_suites': {'crashtest': {'options': ('--suite=crashtest',),
16:55:01     INFO -                                       'tests': ('tests/reftest/tests/testing/crashtest/crashtests.list',)},
16:55:01     INFO -                         'jsreftest': {'options': ('--extra-profile-file=tests/jsreftest/tests/user.js',),
16:55:01     INFO -                                       'tests': ('tests/jsreftest/tests/jstests.list',)},
16:55:01     INFO -                         'reftest': {'options': ('--suite=reftest',),
16:55:01     INFO -                                     'tests': ('tests/reftest/tests/layout/reftests/reftest.list',)}},
16:55:01     INFO -  'all_xpcshell_suites': {'xpcshell': {'options': ('--xpcshell=%(abs_app_dir)s/xpcshell',
16:55:01     INFO -                                                   '--manifest=tests/xpcshell/tests/xpcshell.ini'),
16:55:01     INFO -                                       'tests': ()},
16:55:01     INFO -                          'xpcshell-addons': {'options': ('--xpcshell=%(abs_app_dir)s/xpcshell',
16:55:01     INFO -                                                          '--tag=addons',
16:55:01     INFO -                                                          '--manifest=tests/xpcshell/tests/xpcshell.ini'),
16:55:01     INFO -                                              'tests': ()}},
16:55:01     INFO -  'allow_software_gl_layers': False,
16:55:01     INFO -  'append_to_log': False,
16:55:01     INFO -  'base_work_dir': '/builds/slave/test',
16:55:01     INFO -  'blob_upload_branch': 'mozilla-esr52',
16:55:01     INFO -  'blob_uploader_auth_file': '/builds/slave/test/oauth.txt',
16:55:01     INFO -  'buildbot_json_path': 'buildprops.json',
16:55:01     INFO -  'buildbot_max_log_size': 52428800,
16:55:01     INFO -  'code_coverage': False,
16:55:01     INFO -  'config_files': ('unittests/mac_unittest.py',),
16:55:01     INFO -  'default_blob_upload_servers': ('https://blobupload.elasticbeanstalk.com',),
16:55:01     INFO -  'download_minidump_stackwalk': True,
16:55:01     INFO -  'download_nodejs': True,
16:55:01     INFO -  'download_symbols': 'true',
16:55:01     INFO -  'e10s': True,
16:55:01     INFO -  'exe_suffix': '',
16:55:01     INFO -  'exes': {'python': '/tools/buildbot/bin/python',
16:55:01     INFO -           'tooltool.py': '/tools/tooltool.py',
16:55:01     INFO -           'virtualenv': ('/tools/buildbot/bin/python',
16:55:01     INFO -                          '/tools/misc-python/virtualenv.py')},
16:55:01     INFO -  'find_links': ('http://pypi.pvt.build.mozilla.org/pub',
16:55:01     INFO -                 'http://pypi.pub.build.mozilla.org/pub'),
16:55:01     INFO -  'installer_path': '/builds/slave/test/installer.dmg',
16:55:01     INFO -  'log_level': 'info',
16:55:01     INFO -  'log_to_console': True,
16:55:01     INFO -  'minidump_save_path': '%(abs_work_dir)s/../minidumps',
16:55:01     INFO -  'minidump_stackwalk_path': 'macosx64-minidump_stackwalk',
16:55:01     INFO -  'minidump_tooltool_manifest_path': 'config/tooltool-manifests/macosx64/releng.manifest',
16:55:01     INFO -  'minimum_tests_zip_dirs': ('bin/*',
16:55:01     INFO -                             'certs/*',
16:55:01     INFO -                             'config/*',
16:55:01     INFO -                             'mach',
16:55:01     INFO -                             'marionette/*',
16:55:01     INFO -                             'modules/*',
16:55:01     INFO -                             'mozbase/*',
16:55:01     INFO -                             'tools/*'),
16:55:01     INFO -  'no_random': False,
16:55:01     INFO -  'nodejs_path': 'node-osx/bin/node',
16:55:01     INFO -  'nodejs_tooltool_manifest_path': 'config/tooltool-manifests/macosx64/nodejs.manifest',
16:55:01     INFO -  'opt_config_files': (),
16:55:01     INFO -  'pip_index': False,
16:55:01     INFO -  'preflight_run_cmd_suites': ({'architectures': ('32bit', '64bit'),
16:55:01     INFO -                                'cmd': ('xset', 's', 'off', 's', 'reset'),
16:55:01     INFO -                                'enabled': False,
16:55:01     INFO -                                'halt_on_failure': False,
16:55:01     INFO -                                'name': 'disable_screen_saver'},
16:55:01     INFO -                               {'architectures': ('32bit',),
16:55:01     INFO -                                'cmd': ('python',
16:55:01     INFO -                                        '../scripts/external_tools/mouse_and_screen_resolution.py',
16:55:01     INFO -                                        '--configuration-file',
16:55:01     INFO -                                        '../scripts/external_tools/machine-configuration.json'),
16:55:01     INFO -                                'enabled': False,
16:55:01     INFO -                                'halt_on_failure': True,
16:55:01     INFO -                                'name': 'run mouse & screen adjustment script'}),
16:55:01     INFO -  'require_test_zip': True,
16:55:01     INFO -  'run_all_suites': False,
16:55:01     INFO -  'run_cmd_checks_enabled': True,
16:55:01     INFO -  'run_file_names': {'cppunittest': 'runcppunittests.py',
16:55:01     INFO -                     'gtest': 'rungtests.py',
16:55:01     INFO -                     'jittest': 'jit_test.py',
16:55:01     INFO -                     'mochitest': 'runtests.py',
16:55:01     INFO -                     'mozbase': 'test.py',
16:55:01     INFO -                     'mozmill': 'runtestlist.py',
16:55:01     INFO -                     'reftest': 'runreftest.py',
16:55:01     INFO -                     'xpcshell': 'runxpcshelltests.py'},
16:55:01     INFO -  'specific_tests_zip_dirs': {'cppunittest': ('cppunittest/*',),
16:55:01     INFO -                              'gtest': ('gtest/*',),
16:55:01     INFO -                              'jittest': ('jit-test/*',),
16:55:01     INFO -                              'mochitest': ('mochitest/*',),
16:55:01     INFO -                              'mozbase': ('mozbase/*',),
16:55:01     INFO -                              'mozmill': ('mozmill/*',),
16:55:01     INFO -                              'reftest': ('reftest/*', 'jsreftest/*'),
16:55:01     INFO -                              'xpcshell': ('xpcshell/*',)},
16:55:01     INFO -  'specified_mochitest_suites': ('mochitest-gl',),
16:55:01     INFO -  'strict_content_sandbox': False,
16:55:01     INFO -  'suite_definitions': {'cppunittest': {'options': ('--symbols-path=%(symbols_path)s',
16:55:01     INFO -                                                    '--xre-path=%(abs_res_dir)s'),
16:55:01     INFO -                                        'run_filename': 'runcppunittests.py',
16:55:01     INFO -                                        'testsdir': 'cppunittest'},
16:55:01     INFO -                        'gtest': {'options': ('--xre-path=%(abs_res_dir)s',
16:55:01     INFO -                                              '--cwd=%(gtest_dir)s',
16:55:01     INFO -                                              '--symbols-path=%(symbols_path)s',
16:55:01     INFO -                                              '--utility-path=tests/bin',
16:55:01     INFO -                                              '%(binary_path)s'),
16:55:01     INFO -                                  'run_filename': 'rungtests.py'},
16:55:01     INFO -                        'jittest': {'options': ('tests/bin/js',
16:55:01     INFO -                                                '--no-slow',
16:55:01     INFO -                                                '--no-progress',
16:55:01     INFO -                                                '--format=automation',
16:55:01     INFO -                                                '--jitflags=all',
16:55:01     INFO -                                                '--timeout=970'),
16:55:01     INFO -                                    'run_filename': 'jit_test.py',
16:55:01     INFO -                                    'run_timeout': 1000,
16:55:01     INFO -                                    'testsdir': 'jit-test/jit-test'},
16:55:01     INFO -                        'mochitest': {'options': ('--appname=%(binary_path)s',
16:55:01     INFO -                                                  '--utility-path=tests/bin',
16:55:01     INFO -                                                  '--extra-profile-file=tests/bin/plugins',
16:55:01     INFO -                                                  '--symbols-path=%(symbols_path)s',
16:55:01     INFO -                                                  '--certificate-path=tests/certs',
16:55:01     INFO -                                                  '--quiet',
16:55:01     INFO -                                                  '--log-raw=%(raw_log_file)s',
16:55:01     INFO -                                                  '--log-errorsummary=%(error_summary_file)s',
16:55:01     INFO -                                                  '--screenshot-on-fail',
16:55:01     INFO -                                                  '--cleanup-crashes'),
16:55:01     INFO -                                      'run_filename': 'runtests.py',
16:55:01     INFO -                                      'testsdir': 'mochitest'},
16:55:01     INFO -                        'mozbase': {'options': ('-b', '%(binary_path)s'),
16:55:01     INFO -                                    'run_filename': 'test.py',
16:55:01     INFO -                                    'testsdir': 'mozbase'},
16:55:01     INFO -                        'mozmill': {'options': ('--binary=%(binary_path)s',
16:55:01     INFO -                                                '--testing-modules-dir=test/modules',
16:55:01     INFO -                                                '--plugins-path=%(test_plugin_path)s',
16:55:01     INFO -                                                '--symbols-path=%(symbols_path)s'),
16:55:01     INFO -                                    'run_filename': 'runtestlist.py',
16:55:01     INFO -                                    'testsdir': 'mozmill'},
16:55:01     INFO -                        'reftest': {'options': ('--appname=%(binary_path)s',
16:55:01     INFO -                                                '--utility-path=tests/bin',
16:55:01     INFO -                                                '--extra-profile-file=tests/bin/plugins',
16:55:01     INFO -                                                '--symbols-path=%(symbols_path)s',
16:55:01     INFO -                                                '--log-raw=%(raw_log_file)s',
16:55:01     INFO -                                                '--log-errorsummary=%(error_summary_file)s',
16:55:01     INFO -                                                '--cleanup-crashes'),
16:55:01     INFO -                                    'run_filename': 'runreftest.py',
16:55:01     INFO -                                    'testsdir': 'reftest'},
16:55:01     INFO -                        'xpcshell': {'options': ('--symbols-path=%(symbols_path)s',
16:55:01     INFO -                                                 '--test-plugin-path=%(test_plugin_path)s',
16:55:01     INFO -                                                 '--log-raw=%(raw_log_file)s',
16:55:01     INFO -                                                 '--log-errorsummary=%(error_summary_file)s',
16:55:01     INFO -                                                 '--utility-path=tests/bin'),
16:55:01     INFO -                                     'run_filename': 'runxpcshelltests.py',
16:55:01     INFO -                                     'testsdir': 'xpcshell'}},
16:55:01     INFO -  'this_chunk': '1',
16:55:01     INFO -  'tooltool_cache': '/builds/tooltool_cache',
16:55:01     INFO -  'total_chunks': '3',
16:55:01     INFO -  'unstructured_flavors': {'cppunittest': (),
16:55:01     INFO -                           'gtest': (),
16:55:01     INFO -                           'jittest': (),
16:55:01     INFO -                           'mochitest': ('jetpack',),
16:55:01     INFO -                           'mozbase': (),
16:55:01     INFO -                           'mozmill': (),
16:55:01     INFO -                           'xpcshell': ()},
16:55:01     INFO -  'vcs_output_timeout': 1000,
16:55:01     INFO -  'virtualenv_modules': ('six==1.10.0', 'vcversioner==2.16.0.0'),
16:55:01     INFO -  'virtualenv_path': 'venv',
16:55:01     INFO -  'volatile_config': {'actions': None, 'add_actions': None, 'no_actions': None},
16:55:01     INFO -  'work_dir': 'build',
16:55:01     INFO -  'xpcshell_name': 'xpcshell'}
16:55:01     INFO - [mozharness: 2018-06-09 23:55:01.690278Z] Running clobber step.
16:55:01     INFO - Running pre-action listener: _resource_record_pre_action
16:55:01     INFO - Running main action method: clobber
16:55:01     INFO - rmtree: /builds/slave/test/build
16:55:01     INFO - retry: Calling rmtree with args: ('/builds/slave/test/build',), kwargs: {}, attempt #1
16:55:04     INFO - Running post-action listener: _resource_record_post_action
16:55:04     INFO - [mozharness: 2018-06-09 23:55:04.817052Z] Finished clobber step (success)
16:55:04     INFO - [mozharness: 2018-06-09 23:55:04.817178Z] Running read-buildbot-config step.
16:55:04     INFO - Running pre-action listener: _resource_record_pre_action
16:55:04     INFO - Running main action method: read_buildbot_config
16:55:04     INFO - Using buildbot properties:
16:55:04     INFO - {
16:55:04     INFO -     "project": "", 
16:55:04     INFO -     "product": "firefox", 
16:55:04     INFO -     "script_repo_revision": "production", 
16:55:04     INFO -     "scheduler": "tests-mozilla-esr52-yosemite_r7-debug-unittest", 
16:55:04     INFO -     "repository": "", 
16:55:04     INFO -     "buildername": "Rev7 MacOSX Yosemite 10.10.5 mozilla-esr52 debug test mochitest-gl-e10s-1", 
16:55:04     INFO -     "buildid": "20180609145619", 
16:55:04     INFO -     "pgo_build": "False", 
16:55:04     INFO -     "basedir": "/builds/slave/test", 
16:55:04     INFO -     "buildnumber": 62, 
16:55:04     INFO -     "slavename": "t-yosemite-r7-0001", 
16:55:04     INFO -     "master": "http://buildbot-master106.bb.releng.scl3.mozilla.com:8201/", 
16:55:04     INFO -     "platform": "macosx64", 
16:55:04     INFO -     "branch": "mozilla-esr52", 
16:55:04     INFO -     "revision": "1e9a9a6b6e74d8eafe01f87850eb3d85bfba88d8", 
16:55:04     INFO -     "repo_path": "releases/mozilla-esr52", 
16:55:04     INFO -     "moz_repo_path": "", 
16:55:04     INFO -     "stage_platform": "macosx64", 
16:55:04     INFO -     "builduid": "b1c96505513c43fda408cdf95090aab8", 
16:55:04     INFO -     "slavebuilddir": "test"
16:55:04     INFO - }
16:55:04     INFO - Found installer url https://queue.taskcluster.net/v1/task/U74IA3KDSVKgDGcrcGz4FQ/artifacts/public/build/firefox-52.8.2.en-US.mac64.dmg.
16:55:04     INFO - Found a test packages url https://queue.taskcluster.net/v1/task/U74IA3KDSVKgDGcrcGz4FQ/artifacts/public/build/firefox-52.8.2.en-US.mac64.test_packages.json.
16:55:04     INFO - Running post-action listener: _resource_record_post_action
16:55:04     INFO - [mozharness: 2018-06-09 23:55:04.820484Z] Finished read-buildbot-config step (success)
16:55:04     INFO - [mozharness: 2018-06-09 23:55:04.820606Z] Running download-and-extract step.
16:55:04     INFO - Running pre-action listener: _pre_download_and_extract
16:55:04  WARNING - Try message not found.
16:55:04     INFO - Running pre-action listener: _resource_record_pre_action
16:55:04     INFO - Running main action method: download_and_extract
16:55:04     INFO - mkdir: /builds/slave/test/build/tests
16:55:04     INFO - Downloading https://queue.taskcluster.net/v1/task/U74IA3KDSVKgDGcrcGz4FQ/artifacts/public/build/firefox-52.8.2.en-US.mac64.test_packages.json to /builds/slave/test/build/firefox-52.8.2.en-US.mac64.test_packages.json
16:55:04     INFO - retry: Calling _download_file with args: (), kwargs: {'url': 'https://queue.taskcluster.net/v1/task/U74IA3KDSVKgDGcrcGz4FQ/artifacts/public/build/firefox-52.8.2.en-US.mac64.test_packages.json', 'file_name': '/builds/slave/test/build/firefox-52.8.2.en-US.mac64.test_packages.json'}, attempt #1
16:55:05     INFO - Downloaded 1235 bytes.
16:55:05     INFO - Reading from file /builds/slave/test/build/firefox-52.8.2.en-US.mac64.test_packages.json
16:55:05     INFO - Using the following test package requirements:
16:55:05     INFO - {u'common': [u'firefox-52.8.2.en-US.mac64.common.tests.zip'],
16:55:05     INFO -  u'cppunittest': [u'firefox-52.8.2.en-US.mac64.common.tests.zip',
16:55:05     INFO -                   u'firefox-52.8.2.en-US.mac64.cppunittest.tests.zip'],
16:55:05     INFO -  u'gtest': [u'firefox-52.8.2.en-US.mac64.common.tests.zip',
16:55:05     INFO -             u'firefox-52.8.2.en-US.mac64.gtest.tests.zip'],
16:55:05     INFO -  u'jittest': [u'firefox-52.8.2.en-US.mac64.common.tests.zip',
16:55:05     INFO -               u'jsshell-mac64.zip'],
16:55:05     INFO -  u'mochitest': [u'firefox-52.8.2.en-US.mac64.common.tests.zip',
16:55:05     INFO -                 u'firefox-52.8.2.en-US.mac64.mochitest.tests.zip'],
16:55:05     INFO -  u'mozbase': [u'firefox-52.8.2.en-US.mac64.common.tests.zip'],
16:55:05     INFO -  u'reftest': [u'firefox-52.8.2.en-US.mac64.common.tests.zip',
16:55:05     INFO -               u'firefox-52.8.2.en-US.mac64.reftest.tests.zip'],
16:55:05     INFO -  u'talos': [u'firefox-52.8.2.en-US.mac64.common.tests.zip',
16:55:05     INFO -             u'firefox-52.8.2.en-US.mac64.talos.tests.zip'],
16:55:05     INFO -  u'web-platform': [u'firefox-52.8.2.en-US.mac64.common.tests.zip',
16:55:05     INFO -                    u'firefox-52.8.2.en-US.mac64.web-platform.tests.zip'],
16:55:05     INFO -  u'xpcshell': [u'firefox-52.8.2.en-US.mac64.common.tests.zip',
16:55:05     INFO -                u'firefox-52.8.2.en-US.mac64.xpcshell.tests.zip']}
16:55:05     INFO - Downloading packages: [u'firefox-52.8.2.en-US.mac64.common.tests.zip', u'firefox-52.8.2.en-US.mac64.mochitest.tests.zip'] for test suite category: mochitest
16:55:05     INFO - Adding 'mozinfo.json' for extraction from common.tests zip file
16:55:05     INFO - Downloading and extracting to /builds/slave/test/build/tests these dirs bin/*, certs/*, config/*, mach, marionette/*, modules/*, mozbase/*, tools/*, mochitest/*, mozinfo.json from https://queue.taskcluster.net/v1/task/U74IA3KDSVKgDGcrcGz4FQ/artifacts/public/build/firefox-52.8.2.en-US.mac64.common.tests.zip
16:55:05     INFO - retry: Calling fetch_url_into_memory with args: (), kwargs: {'url': u'https://queue.taskcluster.net/v1/task/U74IA3KDSVKgDGcrcGz4FQ/artifacts/public/build/firefox-52.8.2.en-US.mac64.common.tests.zip'}, attempt #1
16:55:05     INFO - Fetch https://queue.taskcluster.net/v1/task/U74IA3KDSVKgDGcrcGz4FQ/artifacts/public/build/firefox-52.8.2.en-US.mac64.common.tests.zip into memory
16:55:06     INFO - Http code: 200
16:55:06     INFO - via: 1.1 4a7b695b8ae560fe9087da065a2b7812.cloudfront.net (CloudFront)
16:55:06     INFO - x-amz-cf-id: _wHT7L8jeCnz_NZfqq-H8x0PSusrHm5b6co3xAJ-QHUwMFBplHE3JQ==
16:55:06     INFO - x-amz-version-id: idLv8DtLHg5_oRjpobYp9IdWmnxnAAFi
16:55:06     INFO - Expected file size: 16096421
16:55:06     INFO - Obtained file size: 16096421
16:55:07     INFO - Downloading and extracting to /builds/slave/test/build/tests these dirs bin/*, certs/*, config/*, mach, marionette/*, modules/*, mozbase/*, tools/*, mochitest/*, mozinfo.json from https://queue.taskcluster.net/v1/task/U74IA3KDSVKgDGcrcGz4FQ/artifacts/public/build/firefox-52.8.2.en-US.mac64.mochitest.tests.zip
16:55:07     INFO - retry: Calling fetch_url_into_memory with args: (), kwargs: {'url': u'https://queue.taskcluster.net/v1/task/U74IA3KDSVKgDGcrcGz4FQ/artifacts/public/build/firefox-52.8.2.en-US.mac64.mochitest.tests.zip'}, attempt #1
16:55:07     INFO - Fetch https://queue.taskcluster.net/v1/task/U74IA3KDSVKgDGcrcGz4FQ/artifacts/public/build/firefox-52.8.2.en-US.mac64.mochitest.tests.zip into memory
16:55:08     INFO - Http code: 200
16:55:08     INFO - via: 1.1 6e65abb04cb818a6ec78111935b507f7.cloudfront.net (CloudFront)
16:55:08     INFO - x-amz-cf-id: 2xVY_Y61h9KwzNxZdkv_uc-5IAIR57zFeqtwkNSCOBSUdB3vAh48jQ==
16:55:08     INFO - x-amz-version-id: EfJaoMFvlqaRTfWf3rQlqPXUvkHI3vUL
16:55:10     INFO - Expected file size: 80327817
16:55:10     INFO - Obtained file size: 80327817
16:55:23     INFO - Downloading https://queue.taskcluster.net/v1/task/U74IA3KDSVKgDGcrcGz4FQ/artifacts/public/build/firefox-52.8.2.en-US.mac64.dmg to /builds/slave/test/installer.dmg
16:55:23     INFO - retry: Calling _download_file with args: (), kwargs: {'url': 'https://queue.taskcluster.net/v1/task/U74IA3KDSVKgDGcrcGz4FQ/artifacts/public/build/firefox-52.8.2.en-US.mac64.dmg', 'file_name': '/builds/slave/test/installer.dmg'}, attempt #1
16:55:26     INFO - Downloaded 75546977 bytes.
16:55:26     INFO - Setting buildbot property build_url to https://queue.taskcluster.net/v1/task/U74IA3KDSVKgDGcrcGz4FQ/artifacts/public/build/firefox-52.8.2.en-US.mac64.dmg
16:55:26     INFO - mkdir: /builds/slave/test/properties
16:55:26     INFO - Writing buildbot properties ['build_url'] to /builds/slave/test/properties/build_url
16:55:26     INFO - Writing to file /builds/slave/test/properties/build_url
16:55:26     INFO - Contents:
16:55:26     INFO -  build_url:https://queue.taskcluster.net/v1/task/U74IA3KDSVKgDGcrcGz4FQ/artifacts/public/build/firefox-52.8.2.en-US.mac64.dmg
16:55:26     INFO - retry: Calling query_symbols_url with args: (), kwargs: {'raise_on_failure': True}, attempt #1
16:55:27     INFO - Setting buildbot property symbols_url to https://queue.taskcluster.net/v1/task/U74IA3KDSVKgDGcrcGz4FQ/artifacts/public/build/firefox-52.8.2.en-US.mac64.crashreporter-symbols.zip
16:55:27     INFO - Writing buildbot properties ['symbols_url'] to /builds/slave/test/properties/symbols_url
16:55:27     INFO - Writing to file /builds/slave/test/properties/symbols_url
16:55:27     INFO - Contents:
16:55:27     INFO -  symbols_url:https://queue.taskcluster.net/v1/task/U74IA3KDSVKgDGcrcGz4FQ/artifacts/public/build/firefox-52.8.2.en-US.mac64.crashreporter-symbols.zip
16:55:27     INFO - Downloading and extracting to /builds/slave/test/build/symbols these dirs * from https://queue.taskcluster.net/v1/task/U74IA3KDSVKgDGcrcGz4FQ/artifacts/public/build/firefox-52.8.2.en-US.mac64.crashreporter-symbols.zip
16:55:27     INFO - retry: Calling fetch_url_into_memory with args: (), kwargs: {'url': 'https://queue.taskcluster.net/v1/task/U74IA3KDSVKgDGcrcGz4FQ/artifacts/public/build/firefox-52.8.2.en-US.mac64.crashreporter-symbols.zip'}, attempt #1
16:55:27     INFO - Fetch https://queue.taskcluster.net/v1/task/U74IA3KDSVKgDGcrcGz4FQ/artifacts/public/build/firefox-52.8.2.en-US.mac64.crashreporter-symbols.zip into memory
16:55:27     INFO - Http code: 200
16:55:27     INFO - via: 1.1 8e86372eaaa62fc64b70e7bcde725dd9.cloudfront.net (CloudFront)
16:55:27     INFO - x-amz-cf-id: YyLPua1Rkq_iXh6skMjilhVmKgt10EriQ961TNHKK0LW72EO_GQPzQ==
16:55:27     INFO - x-amz-version-id: 2wQNY7IQ7h2m3LMajU6YiRI3LHUtqvmv
16:55:31     INFO - Expected file size: 137467282
16:55:31     INFO - Obtained file size: 137467282
16:55:35     INFO - Running post-action listener: _resource_record_post_action
16:55:35     INFO - Running post-action listener: set_extra_try_arguments
16:55:35     INFO - [mozharness: 2018-06-09 23:55:35.236605Z] Finished download-and-extract step (success)
16:55:35     INFO - [mozharness: 2018-06-09 23:55:35.236774Z] Running create-virtualenv step.
16:55:35     INFO - Running pre-action listener: _install_mozbase
16:55:35     INFO - Running pre-action listener: _pre_create_virtualenv
16:55:35     INFO - Running pre-action listener: _resource_record_pre_action
16:55:35     INFO - Running main action method: create_virtualenv
16:55:35     INFO - Creating virtualenv /builds/slave/test/build/venv
16:55:35     INFO - Running command: ['/tools/buildbot/bin/python', '/builds/slave/test/scripts/external_tools/virtualenv/virtualenv.py', '--always-copy', '/builds/slave/test/build/venv'] in /builds/slave/test/build
16:55:35     INFO - Copy/paste: /tools/buildbot/bin/python /builds/slave/test/scripts/external_tools/virtualenv/virtualenv.py --always-copy /builds/slave/test/build/venv
16:55:35     INFO - Using partial env: {'VIRTUALENV_NO_DOWNLOAD': '1'}
16:55:35     INFO -  Using real prefix '/tools/python27'
16:55:35     INFO -  New python executable in /builds/slave/test/build/venv/bin/python
16:55:37     INFO -  Installing setuptools, pip, wheel...done.
16:55:37     INFO - Return code: 0
16:55:37     INFO - Installing six==1.10.0 into virtualenv /builds/slave/test/build/venv
16:55:37     INFO - retry: Calling run_command with args: [['/builds/slave/test/build/venv/bin/pip', 'install', '--timeout', '120', '--no-index', '--find-links', 'http://pypi.pvt.build.mozilla.org/pub', '--find-links', 'http://pypi.pub.build.mozilla.org/pub', '--trusted-host', 'pypi.pub.build.mozilla.org', '--trusted-host', 'pypi.pvt.build.mozilla.org', 'six==1.10.0']], kwargs: {'error_level': 'warning', 'error_list': [{'substr': 'not found or a compiler error:', 'level': 'warning'}, {'regex': <_sre.SRE_Pattern object at 0x109156170>, 'level': 'error'}, {'regex': <_sre.SRE_Pattern object at 0x1091f8960>, 'level': 'warning'}, {'regex': <_sre.SRE_Pattern object at 0x7fd833d48770>, 'level': 'debug'}, {'substr': 'command not found', 'level': 'error'}, {'regex': <_sre.SRE_Pattern object at 0x1090e91d0>, 'level': 'warning'}, {'substr': 'Traceback (most recent call last)', 'level': 'error'}, {'substr': 'SyntaxError: ', 'level': 'error'}, {'substr': 'TypeError: ', 'level': 'error'}, {'substr': 'NameError: ', 'level': 'error'}, {'substr': 'ZeroDivisionError: ', 'level': 'error'}, {'regex': <_sre.SRE_Pattern object at 0x1090c4108>, 'level': 'critical'}, {'regex': <_sre.SRE_Pattern object at 0x1090de030>, 'level': 'critical'}], 'cwd': '/builds/slave/test/build', 'env': {'VERSIONER_PYTHON_PREFER_32_BIT': 'no', 'LOGNAME': 'cltbld', 'USER': 'cltbld', 'XPC_SERVICE_NAME': '0', 'PATH': '/usr/local/sbin:/usr/local/bin:/usr/sbin:/usr/bin:/sbin:/bin:/usr/bin/X11', 'HOME': '/Users/cltbld', 'NO_EM_RESTART': '1', 'IDLEIZER_DISABLE_SHUTDOWN': 'true', 'XPCOM_DEBUG_BREAK': 'warn', 'Apple_PubSub_Socket_Render': '/private/tmp/com.apple.launchd.II46PipCf3/Render', 'MOZ_NODE_PATH': '/usr/local/bin/node', 'TWISTD_LOG_PATH': '/builds/slave/twistd.log', 'GIT_SHARE_BASE_DIR': '/builds/git-shared', 'VERSIONER_PYTHON_VERSION': '2.7', 'XPC_FLAGS': '0x0', 'NO_FAIL_ON_TEST_ERRORS': '1', 'HG_SHARE_BASE_DIR': '/builds/hg-shared', 'RUNNER_CONFIG_CMD': '/opt/runner/bin/python2.7 /opt/runner/bin/runner -c /opt/runner/runner.cfg', 'MOZ_NO_REMOTE': '1', 'MOZ_HIDE_RESULTS_TABLE': '1', 'SSH_AUTH_SOCK': '/private/tmp/com.apple.launchd.XsBny7RYLA/Listeners', 'SHELL': '/bin/bash', 'TMPDIR': '/var/folders/n0/6tpw2p6j3vx8fzyb0wrmlcwc00000w/T/', '__CF_USER_TEXT_ENCODING': '0x1C:0:0', 'PWD': '/builds/slave/test', 'PROPERTIES_FILE': '/builds/slave/test/buildprops.json'}}, attempt #1
16:55:37     INFO - Running command: ['/builds/slave/test/build/venv/bin/pip', 'install', '--timeout', '120', '--no-index', '--find-links', 'http://pypi.pvt.build.mozilla.org/pub', '--find-links', 'http://pypi.pub.build.mozilla.org/pub', '--trusted-host', 'pypi.pub.build.mozilla.org', '--trusted-host', 'pypi.pvt.build.mozilla.org', 'six==1.10.0'] in /builds/slave/test/build
16:55:37     INFO - Copy/paste: /builds/slave/test/build/venv/bin/pip install --timeout 120 --no-index --find-links http://pypi.pvt.build.mozilla.org/pub --find-links http://pypi.pub.build.mozilla.org/pub --trusted-host pypi.pub.build.mozilla.org --trusted-host pypi.pvt.build.mozilla.org six==1.10.0
16:55:37     INFO - Using env: {'Apple_PubSub_Socket_Render': '/private/tmp/com.apple.launchd.II46PipCf3/Render',
16:55:37     INFO -  'GIT_SHARE_BASE_DIR': '/builds/git-shared',
16:55:37     INFO -  'HG_SHARE_BASE_DIR': '/builds/hg-shared',
16:55:37     INFO -  'HOME': '/Users/cltbld',
16:55:37     INFO -  'IDLEIZER_DISABLE_SHUTDOWN': 'true',
16:55:37     INFO -  'LOGNAME': 'cltbld',
16:55:37     INFO -  'MOZ_HIDE_RESULTS_TABLE': '1',
16:55:37     INFO -  'MOZ_NODE_PATH': '/usr/local/bin/node',
16:55:37     INFO -  'MOZ_NO_REMOTE': '1',
16:55:37     INFO -  'NO_EM_RESTART': '1',
16:55:37     INFO -  'NO_FAIL_ON_TEST_ERRORS': '1',
16:55:37     INFO -  'PATH': '/usr/local/sbin:/usr/local/bin:/usr/sbin:/usr/bin:/sbin:/bin:/usr/bin/X11',
16:55:37     INFO -  'PROPERTIES_FILE': '/builds/slave/test/buildprops.json',
16:55:37     INFO -  'PWD': '/builds/slave/test',
16:55:37     INFO -  'RUNNER_CONFIG_CMD': '/opt/runner/bin/python2.7 /opt/runner/bin/runner -c /opt/runner/runner.cfg',
16:55:37     INFO -  'SHELL': '/bin/bash',
16:55:37     INFO -  'SSH_AUTH_SOCK': '/private/tmp/com.apple.launchd.XsBny7RYLA/Listeners',
16:55:37     INFO -  'TMPDIR': '/var/folders/n0/6tpw2p6j3vx8fzyb0wrmlcwc00000w/T/',
16:55:37     INFO -  'TWISTD_LOG_PATH': '/builds/slave/twistd.log',
16:55:37     INFO -  'USER': 'cltbld',
16:55:37     INFO -  'VERSIONER_PYTHON_PREFER_32_BIT': 'no',
16:55:37     INFO -  'VERSIONER_PYTHON_VERSION': '2.7',
16:55:37     INFO -  'XPCOM_DEBUG_BREAK': 'warn',
16:55:37     INFO -  'XPC_FLAGS': '0x0',
16:55:37     INFO -  'XPC_SERVICE_NAME': '0',
16:55:37     INFO -  '__CF_USER_TEXT_ENCODING': '0x1C:0:0'}
16:55:38     INFO -  Ignoring indexes: https://pypi.python.org/simple
16:55:38     INFO -  Collecting six==1.10.0
16:55:38     INFO -  /builds/slave/test/build/venv/lib/python2.7/site-packages/pip/_vendor/requests/packages/urllib3/util/ssl_.py:318: SNIMissingWarning: An HTTPS request has been made, but the SNI (Subject Name Indication) extension to TLS is not available on this platform. This may cause the server to present an incorrect TLS certificate, which can cause validation failures. You can upgrade to a newer version of Python to solve this. For more information, see https://urllib3.readthedocs.org/en/latest/security.html#snimissingwarning.
16:55:38     INFO -    SNIMissingWarning
16:55:38     INFO -  /builds/slave/test/build/venv/lib/python2.7/site-packages/pip/_vendor/requests/packages/urllib3/util/ssl_.py:122: InsecurePlatformWarning: A true SSLContext object is not available. This prevents urllib3 from configuring SSL appropriately and may cause certain SSL connections to fail. You can upgrade to a newer version of Python to solve this. For more information, see https://urllib3.readthedocs.org/en/latest/security.html#insecureplatformwarning.
16:55:38     INFO -    InsecurePlatformWarning
16:55:39     INFO -  /builds/slave/test/build/venv/lib/python2.7/site-packages/pip/_vendor/requests/packages/urllib3/util/ssl_.py:122: InsecurePlatformWarning: A true SSLContext object is not available. This prevents urllib3 from configuring SSL appropriately and may cause certain SSL connections to fail. You can upgrade to a newer version of Python to solve this. For more information, see https://urllib3.readthedocs.org/en/latest/security.html#insecureplatformwarning.
16:55:39     INFO -    InsecurePlatformWarning
16:55:40     INFO -    Downloading https://pypi.pvt.build.mozilla.org/pub/six-1.10.0-py2.py3-none-any.whl
16:55:40     INFO -  Installing collected packages: six
16:55:40     INFO -  Successfully installed six-1.10.0
16:55:41     INFO - Return code: 0
16:55:41     INFO - Installing vcversioner==2.16.0.0 into virtualenv /builds/slave/test/build/venv
16:55:41     INFO - retry: Calling run_command with args: [['/builds/slave/test/build/venv/bin/pip', 'install', '--timeout', '120', '--no-index', '--find-links', 'http://pypi.pvt.build.mozilla.org/pub', '--find-links', 'http://pypi.pub.build.mozilla.org/pub', '--trusted-host', 'pypi.pub.build.mozilla.org', '--trusted-host', 'pypi.pvt.build.mozilla.org', 'vcversioner==2.16.0.0']], kwargs: {'error_level': 'warning', 'error_list': [{'substr': 'not found or a compiler error:', 'level': 'warning'}, {'regex': <_sre.SRE_Pattern object at 0x109156170>, 'level': 'error'}, {'regex': <_sre.SRE_Pattern object at 0x1091f8960>, 'level': 'warning'}, {'regex': <_sre.SRE_Pattern object at 0x7fd833d48770>, 'level': 'debug'}, {'substr': 'command not found', 'level': 'error'}, {'regex': <_sre.SRE_Pattern object at 0x1090e91d0>, 'level': 'warning'}, {'substr': 'Traceback (most recent call last)', 'level': 'error'}, {'substr': 'SyntaxError: ', 'level': 'error'}, {'substr': 'TypeError: ', 'level': 'error'}, {'substr': 'NameError: ', 'level': 'error'}, {'substr': 'ZeroDivisionError: ', 'level': 'error'}, {'regex': <_sre.SRE_Pattern object at 0x1090c4108>, 'level': 'critical'}, {'regex': <_sre.SRE_Pattern object at 0x1090de030>, 'level': 'critical'}], 'cwd': '/builds/slave/test/build', 'env': {'VERSIONER_PYTHON_PREFER_32_BIT': 'no', 'LOGNAME': 'cltbld', 'USER': 'cltbld', 'XPC_SERVICE_NAME': '0', 'PATH': '/usr/local/sbin:/usr/local/bin:/usr/sbin:/usr/bin:/sbin:/bin:/usr/bin/X11', 'HOME': '/Users/cltbld', 'NO_EM_RESTART': '1', 'IDLEIZER_DISABLE_SHUTDOWN': 'true', 'XPCOM_DEBUG_BREAK': 'warn', 'Apple_PubSub_Socket_Render': '/private/tmp/com.apple.launchd.II46PipCf3/Render', 'MOZ_NODE_PATH': '/usr/local/bin/node', 'TWISTD_LOG_PATH': '/builds/slave/twistd.log', 'GIT_SHARE_BASE_DIR': '/builds/git-shared', 'VERSIONER_PYTHON_VERSION': '2.7', 'XPC_FLAGS': '0x0', 'NO_FAIL_ON_TEST_ERRORS': '1', 'HG_SHARE_BASE_DIR': '/builds/hg-shared', 'RUNNER_CONFIG_CMD': '/opt/runner/bin/python2.7 /opt/runner/bin/runner -c /opt/runner/runner.cfg', 'MOZ_NO_REMOTE': '1', 'MOZ_HIDE_RESULTS_TABLE': '1', 'SSH_AUTH_SOCK': '/private/tmp/com.apple.launchd.XsBny7RYLA/Listeners', 'SHELL': '/bin/bash', 'TMPDIR': '/var/folders/n0/6tpw2p6j3vx8fzyb0wrmlcwc00000w/T/', '__CF_USER_TEXT_ENCODING': '0x1C:0:0', 'PWD': '/builds/slave/test', 'PROPERTIES_FILE': '/builds/slave/test/buildprops.json'}}, attempt #1
16:55:41     INFO - Running command: ['/builds/slave/test/build/venv/bin/pip', 'install', '--timeout', '120', '--no-index', '--find-links', 'http://pypi.pvt.build.mozilla.org/pub', '--find-links', 'http://pypi.pub.build.mozilla.org/pub', '--trusted-host', 'pypi.pub.build.mozilla.org', '--trusted-host', 'pypi.pvt.build.mozilla.org', 'vcversioner==2.16.0.0'] in /builds/slave/test/build
16:55:41     INFO - Copy/paste: /builds/slave/test/build/venv/bin/pip install --timeout 120 --no-index --find-links http://pypi.pvt.build.mozilla.org/pub --find-links http://pypi.pub.build.mozilla.org/pub --trusted-host pypi.pub.build.mozilla.org --trusted-host pypi.pvt.build.mozilla.org vcversioner==2.16.0.0
16:55:41     INFO - Using env: {'Apple_PubSub_Socket_Render': '/private/tmp/com.apple.launchd.II46PipCf3/Render',
16:55:41     INFO -  'GIT_SHARE_BASE_DIR': '/builds/git-shared',
16:55:41     INFO -  'HG_SHARE_BASE_DIR': '/builds/hg-shared',
16:55:41     INFO -  'HOME': '/Users/cltbld',
16:55:41     INFO -  'IDLEIZER_DISABLE_SHUTDOWN': 'true',
16:55:41     INFO -  'LOGNAME': 'cltbld',
16:55:41     INFO -  'MOZ_HIDE_RESULTS_TABLE': '1',
16:55:41     INFO -  'MOZ_NODE_PATH': '/usr/local/bin/node',
16:55:41     INFO -  'MOZ_NO_REMOTE': '1',
16:55:41     INFO -  'NO_EM_RESTART': '1',
16:55:41     INFO -  'NO_FAIL_ON_TEST_ERRORS': '1',
16:55:41     INFO -  'PATH': '/usr/local/sbin:/usr/local/bin:/usr/sbin:/usr/bin:/sbin:/bin:/usr/bin/X11',
16:55:41     INFO -  'PROPERTIES_FILE': '/builds/slave/test/buildprops.json',
16:55:41     INFO -  'PWD': '/builds/slave/test',
16:55:41     INFO -  'RUNNER_CONFIG_CMD': '/opt/runner/bin/python2.7 /opt/runner/bin/runner -c /opt/runner/runner.cfg',
16:55:41     INFO -  'SHELL': '/bin/bash',
16:55:41     INFO -  'SSH_AUTH_SOCK': '/private/tmp/com.apple.launchd.XsBny7RYLA/Listeners',
16:55:41     INFO -  'TMPDIR': '/var/folders/n0/6tpw2p6j3vx8fzyb0wrmlcwc00000w/T/',
16:55:41     INFO -  'TWISTD_LOG_PATH': '/builds/slave/twistd.log',
16:55:41     INFO -  'USER': 'cltbld',
16:55:41     INFO -  'VERSIONER_PYTHON_PREFER_32_BIT': 'no',
16:55:41     INFO -  'VERSIONER_PYTHON_VERSION': '2.7',
16:55:41     INFO -  'XPCOM_DEBUG_BREAK': 'warn',
16:55:41     INFO -  'XPC_FLAGS': '0x0',
16:55:41     INFO -  'XPC_SERVICE_NAME': '0',
16:55:41     INFO -  '__CF_USER_TEXT_ENCODING': '0x1C:0:0'}
16:55:41     INFO -  Ignoring indexes: https://pypi.python.org/simple
16:55:41     INFO -  Collecting vcversioner==2.16.0.0
16:55:41     INFO -  /builds/slave/test/build/venv/lib/python2.7/site-packages/pip/_vendor/requests/packages/urllib3/util/ssl_.py:318: SNIMissingWarning: An HTTPS request has been made, but the SNI (Subject Name Indication) extension to TLS is not available on this platform. This may cause the server to present an incorrect TLS certificate, which can cause validation failures. You can upgrade to a newer version of Python to solve this. For more information, see https://urllib3.readthedocs.org/en/latest/security.html#snimissingwarning.
16:55:41     INFO -    SNIMissingWarning
16:55:41     INFO -  /builds/slave/test/build/venv/lib/python2.7/site-packages/pip/_vendor/requests/packages/urllib3/util/ssl_.py:122: InsecurePlatformWarning: A true SSLContext object is not available. This prevents urllib3 from configuring SSL appropriately and may cause certain SSL connections to fail. You can upgrade to a newer version of Python to solve this. For more information, see https://urllib3.readthedocs.org/en/latest/security.html#insecureplatformwarning.
16:55:41     INFO -    InsecurePlatformWarning
16:55:41     INFO -  /builds/slave/test/build/venv/lib/python2.7/site-packages/pip/_vendor/requests/packages/urllib3/util/ssl_.py:122: InsecurePlatformWarning: A true SSLContext object is not available. This prevents urllib3 from configuring SSL appropriately and may cause certain SSL connections to fail. You can upgrade to a newer version of Python to solve this. For more information, see https://urllib3.readthedocs.org/en/latest/security.html#insecureplatformwarning.
16:55:41     INFO -    InsecurePlatformWarning
16:55:43     INFO -  Installing collected packages: vcversioner
16:55:43     INFO -  Successfully installed vcversioner-2.16.0.0
16:55:44     INFO - Return code: 0
16:55:44     INFO - Installing psutil>=3.1.1 into virtualenv /builds/slave/test/build/venv
16:55:44     INFO - retry: Calling run_command with args: [['/builds/slave/test/build/venv/bin/pip', 'install', '--timeout', '120', '--no-index', '--find-links', 'http://pypi.pvt.build.mozilla.org/pub', '--find-links', 'http://pypi.pub.build.mozilla.org/pub', '--trusted-host', 'pypi.pub.build.mozilla.org', '--trusted-host', 'pypi.pvt.build.mozilla.org', 'psutil>=3.1.1']], kwargs: {'error_level': 'warning', 'error_list': [{'substr': 'not found or a compiler error:', 'level': 'warning'}, {'regex': <_sre.SRE_Pattern object at 0x109156170>, 'level': 'error'}, {'regex': <_sre.SRE_Pattern object at 0x1091f8960>, 'level': 'warning'}, {'regex': <_sre.SRE_Pattern object at 0x7fd833d48770>, 'level': 'debug'}, {'substr': 'command not found', 'level': 'error'}, {'regex': <_sre.SRE_Pattern object at 0x1090e91d0>, 'level': 'warning'}, {'substr': 'Traceback (most recent call last)', 'level': 'error'}, {'substr': 'SyntaxError: ', 'level': 'error'}, {'substr': 'TypeError: ', 'level': 'error'}, {'substr': 'NameError: ', 'level': 'error'}, {'substr': 'ZeroDivisionError: ', 'level': 'error'}, {'regex': <_sre.SRE_Pattern object at 0x1090c4108>, 'level': 'critical'}, {'regex': <_sre.SRE_Pattern object at 0x1090de030>, 'level': 'critical'}], 'cwd': '/builds/slave/test/build', 'env': {'VERSIONER_PYTHON_PREFER_32_BIT': 'no', 'LOGNAME': 'cltbld', 'USER': 'cltbld', 'XPC_SERVICE_NAME': '0', 'PATH': '/usr/local/sbin:/usr/local/bin:/usr/sbin:/usr/bin:/sbin:/bin:/usr/bin/X11', 'HOME': '/Users/cltbld', 'NO_EM_RESTART': '1', 'IDLEIZER_DISABLE_SHUTDOWN': 'true', 'XPCOM_DEBUG_BREAK': 'warn', 'Apple_PubSub_Socket_Render': '/private/tmp/com.apple.launchd.II46PipCf3/Render', 'MOZ_NODE_PATH': '/usr/local/bin/node', 'TWISTD_LOG_PATH': '/builds/slave/twistd.log', 'GIT_SHARE_BASE_DIR': '/builds/git-shared', 'VERSIONER_PYTHON_VERSION': '2.7', 'XPC_FLAGS': '0x0', 'NO_FAIL_ON_TEST_ERRORS': '1', 'HG_SHARE_BASE_DIR': '/builds/hg-shared', 'RUNNER_CONFIG_CMD': '/opt/runner/bin/python2.7 /opt/runner/bin/runner -c /opt/runner/runner.cfg', 'MOZ_NO_REMOTE': '1', 'MOZ_HIDE_RESULTS_TABLE': '1', 'SSH_AUTH_SOCK': '/private/tmp/com.apple.launchd.XsBny7RYLA/Listeners', 'SHELL': '/bin/bash', 'TMPDIR': '/var/folders/n0/6tpw2p6j3vx8fzyb0wrmlcwc00000w/T/', '__CF_USER_TEXT_ENCODING': '0x1C:0:0', 'PWD': '/builds/slave/test', 'PROPERTIES_FILE': '/builds/slave/test/buildprops.json'}}, attempt #1
16:55:44     INFO - Running command: ['/builds/slave/test/build/venv/bin/pip', 'install', '--timeout', '120', '--no-index', '--find-links', 'http://pypi.pvt.build.mozilla.org/pub', '--find-links', 'http://pypi.pub.build.mozilla.org/pub', '--trusted-host', 'pypi.pub.build.mozilla.org', '--trusted-host', 'pypi.pvt.build.mozilla.org', 'psutil>=3.1.1'] in /builds/slave/test/build
16:55:44     INFO - Copy/paste: /builds/slave/test/build/venv/bin/pip install --timeout 120 --no-index --find-links http://pypi.pvt.build.mozilla.org/pub --find-links http://pypi.pub.build.mozilla.org/pub --trusted-host pypi.pub.build.mozilla.org --trusted-host pypi.pvt.build.mozilla.org psutil>=3.1.1
16:55:44     INFO - Using env: {'Apple_PubSub_Socket_Render': '/private/tmp/com.apple.launchd.II46PipCf3/Render',
16:55:44     INFO -  'GIT_SHARE_BASE_DIR': '/builds/git-shared',
16:55:44     INFO -  'HG_SHARE_BASE_DIR': '/builds/hg-shared',
16:55:44     INFO -  'HOME': '/Users/cltbld',
16:55:44     INFO -  'IDLEIZER_DISABLE_SHUTDOWN': 'true',
16:55:44     INFO -  'LOGNAME': 'cltbld',
16:55:44     INFO -  'MOZ_HIDE_RESULTS_TABLE': '1',
16:55:44     INFO -  'MOZ_NODE_PATH': '/usr/local/bin/node',
16:55:44     INFO -  'MOZ_NO_REMOTE': '1',
16:55:44     INFO -  'NO_EM_RESTART': '1',
16:55:44     INFO -  'NO_FAIL_ON_TEST_ERRORS': '1',
16:55:44     INFO -  'PATH': '/usr/local/sbin:/usr/local/bin:/usr/sbin:/usr/bin:/sbin:/bin:/usr/bin/X11',
16:55:44     INFO -  'PROPERTIES_FILE': '/builds/slave/test/buildprops.json',
16:55:44     INFO -  'PWD': '/builds/slave/test',
16:55:44     INFO -  'RUNNER_CONFIG_CMD': '/opt/runner/bin/python2.7 /opt/runner/bin/runner -c /opt/runner/runner.cfg',
16:55:44     INFO -  'SHELL': '/bin/bash',
16:55:44     INFO -  'SSH_AUTH_SOCK': '/private/tmp/com.apple.launchd.XsBny7RYLA/Listeners',
16:55:44     INFO -  'TMPDIR': '/var/folders/n0/6tpw2p6j3vx8fzyb0wrmlcwc00000w/T/',
16:55:44     INFO -  'TWISTD_LOG_PATH': '/builds/slave/twistd.log',
16:55:44     INFO -  'USER': 'cltbld',
16:55:44     INFO -  'VERSIONER_PYTHON_PREFER_32_BIT': 'no',
16:55:44     INFO -  'VERSIONER_PYTHON_VERSION': '2.7',
16:55:44     INFO -  'XPCOM_DEBUG_BREAK': 'warn',
16:55:44     INFO -  'XPC_FLAGS': '0x0',
16:55:44     INFO -  'XPC_SERVICE_NAME': '0',
16:55:44     INFO -  '__CF_USER_TEXT_ENCODING': '0x1C:0:0'}
16:55:44     INFO -  Ignoring indexes: https://pypi.python.org/simple
16:55:44     INFO -  Collecting psutil>=3.1.1
16:55:44     INFO -  /builds/slave/test/build/venv/lib/python2.7/site-packages/pip/_vendor/requests/packages/urllib3/util/ssl_.py:318: SNIMissingWarning: An HTTPS request has been made, but the SNI (Subject Name Indication) extension to TLS is not available on this platform. This may cause the server to present an incorrect TLS certificate, which can cause validation failures. You can upgrade to a newer version of Python to solve this. For more information, see https://urllib3.readthedocs.org/en/latest/security.html#snimissingwarning.
16:55:44     INFO -    SNIMissingWarning
16:55:44     INFO -  /builds/slave/test/build/venv/lib/python2.7/site-packages/pip/_vendor/requests/packages/urllib3/util/ssl_.py:122: InsecurePlatformWarning: A true SSLContext object is not available. This prevents urllib3 from configuring SSL appropriately and may cause certain SSL connections to fail. You can upgrade to a newer version of Python to solve this. For more information, see https://urllib3.readthedocs.org/en/latest/security.html#insecureplatformwarning.
16:55:44     INFO -    InsecurePlatformWarning
16:55:44     INFO -  /builds/slave/test/build/venv/lib/python2.7/site-packages/pip/_vendor/requests/packages/urllib3/util/ssl_.py:122: InsecurePlatformWarning: A true SSLContext object is not available. This prevents urllib3 from configuring SSL appropriately and may cause certain SSL connections to fail. You can upgrade to a newer version of Python to solve this. For more information, see https://urllib3.readthedocs.org/en/latest/security.html#insecureplatformwarning.
16:55:44     INFO -    InsecurePlatformWarning
16:55:46     INFO -  Installing collected packages: psutil
16:55:47     INFO -  Successfully installed psutil-5.4.3
16:55:47     INFO - Return code: 0
16:55:47     INFO - Installing mozsystemmonitor==0.3 into virtualenv /builds/slave/test/build/venv
16:55:47     INFO - retry: Calling run_command with args: [['/builds/slave/test/build/venv/bin/pip', 'install', '--timeout', '120', '--no-index', '--find-links', 'http://pypi.pvt.build.mozilla.org/pub', '--find-links', 'http://pypi.pub.build.mozilla.org/pub', '--trusted-host', 'pypi.pub.build.mozilla.org', '--trusted-host', 'pypi.pvt.build.mozilla.org', 'mozsystemmonitor==0.3']], kwargs: {'error_level': 'warning', 'error_list': [{'substr': 'not found or a compiler error:', 'level': 'warning'}, {'regex': <_sre.SRE_Pattern object at 0x109156170>, 'level': 'error'}, {'regex': <_sre.SRE_Pattern object at 0x1091f8960>, 'level': 'warning'}, {'regex': <_sre.SRE_Pattern object at 0x7fd833d48770>, 'level': 'debug'}, {'substr': 'command not found', 'level': 'error'}, {'regex': <_sre.SRE_Pattern object at 0x1090e91d0>, 'level': 'warning'}, {'substr': 'Traceback (most recent call last)', 'level': 'error'}, {'substr': 'SyntaxError: ', 'level': 'error'}, {'substr': 'TypeError: ', 'level': 'error'}, {'substr': 'NameError: ', 'level': 'error'}, {'substr': 'ZeroDivisionError: ', 'level': 'error'}, {'regex': <_sre.SRE_Pattern object at 0x1090c4108>, 'level': 'critical'}, {'regex': <_sre.SRE_Pattern object at 0x1090de030>, 'level': 'critical'}], 'cwd': '/builds/slave/test/build', 'env': {'VERSIONER_PYTHON_PREFER_32_BIT': 'no', 'LOGNAME': 'cltbld', 'USER': 'cltbld', 'XPC_SERVICE_NAME': '0', 'PATH': '/usr/local/sbin:/usr/local/bin:/usr/sbin:/usr/bin:/sbin:/bin:/usr/bin/X11', 'HOME': '/Users/cltbld', 'NO_EM_RESTART': '1', 'IDLEIZER_DISABLE_SHUTDOWN': 'true', 'XPCOM_DEBUG_BREAK': 'warn', 'Apple_PubSub_Socket_Render': '/private/tmp/com.apple.launchd.II46PipCf3/Render', 'MOZ_NODE_PATH': '/usr/local/bin/node', 'TWISTD_LOG_PATH': '/builds/slave/twistd.log', 'GIT_SHARE_BASE_DIR': '/builds/git-shared', 'VERSIONER_PYTHON_VERSION': '2.7', 'XPC_FLAGS': '0x0', 'NO_FAIL_ON_TEST_ERRORS': '1', 'HG_SHARE_BASE_DIR': '/builds/hg-shared', 'RUNNER_CONFIG_CMD': '/opt/runner/bin/python2.7 /opt/runner/bin/runner -c /opt/runner/runner.cfg', 'MOZ_NO_REMOTE': '1', 'MOZ_HIDE_RESULTS_TABLE': '1', 'SSH_AUTH_SOCK': '/private/tmp/com.apple.launchd.XsBny7RYLA/Listeners', 'SHELL': '/bin/bash', 'TMPDIR': '/var/folders/n0/6tpw2p6j3vx8fzyb0wrmlcwc00000w/T/', '__CF_USER_TEXT_ENCODING': '0x1C:0:0', 'PWD': '/builds/slave/test', 'PROPERTIES_FILE': '/builds/slave/test/buildprops.json'}}, attempt #1
16:55:47     INFO - Running command: ['/builds/slave/test/build/venv/bin/pip', 'install', '--timeout', '120', '--no-index', '--find-links', 'http://pypi.pvt.build.mozilla.org/pub', '--find-links', 'http://pypi.pub.build.mozilla.org/pub', '--trusted-host', 'pypi.pub.build.mozilla.org', '--trusted-host', 'pypi.pvt.build.mozilla.org', 'mozsystemmonitor==0.3'] in /builds/slave/test/build
16:55:47     INFO - Copy/paste: /builds/slave/test/build/venv/bin/pip install --timeout 120 --no-index --find-links http://pypi.pvt.build.mozilla.org/pub --find-links http://pypi.pub.build.mozilla.org/pub --trusted-host pypi.pub.build.mozilla.org --trusted-host pypi.pvt.build.mozilla.org mozsystemmonitor==0.3
16:55:47     INFO - Using env: {'Apple_PubSub_Socket_Render': '/private/tmp/com.apple.launchd.II46PipCf3/Render',
16:55:47     INFO -  'GIT_SHARE_BASE_DIR': '/builds/git-shared',
16:55:47     INFO -  'HG_SHARE_BASE_DIR': '/builds/hg-shared',
16:55:47     INFO -  'HOME': '/Users/cltbld',
16:55:47     INFO -  'IDLEIZER_DISABLE_SHUTDOWN': 'true',
16:55:47     INFO -  'LOGNAME': 'cltbld',
16:55:47     INFO -  'MOZ_HIDE_RESULTS_TABLE': '1',
16:55:47     INFO -  'MOZ_NODE_PATH': '/usr/local/bin/node',
16:55:47     INFO -  'MOZ_NO_REMOTE': '1',
16:55:47     INFO -  'NO_EM_RESTART': '1',
16:55:47     INFO -  'NO_FAIL_ON_TEST_ERRORS': '1',
16:55:47     INFO -  'PATH': '/usr/local/sbin:/usr/local/bin:/usr/sbin:/usr/bin:/sbin:/bin:/usr/bin/X11',
16:55:47     INFO -  'PROPERTIES_FILE': '/builds/slave/test/buildprops.json',
16:55:47     INFO -  'PWD': '/builds/slave/test',
16:55:47     INFO -  'RUNNER_CONFIG_CMD': '/opt/runner/bin/python2.7 /opt/runner/bin/runner -c /opt/runner/runner.cfg',
16:55:47     INFO -  'SHELL': '/bin/bash',
16:55:47     INFO -  'SSH_AUTH_SOCK': '/private/tmp/com.apple.launchd.XsBny7RYLA/Listeners',
16:55:47     INFO -  'TMPDIR': '/var/folders/n0/6tpw2p6j3vx8fzyb0wrmlcwc00000w/T/',
16:55:47     INFO -  'TWISTD_LOG_PATH': '/builds/slave/twistd.log',
16:55:47     INFO -  'USER': 'cltbld',
16:55:47     INFO -  'VERSIONER_PYTHON_PREFER_32_BIT': 'no',
16:55:47     INFO -  'VERSIONER_PYTHON_VERSION': '2.7',
16:55:47     INFO -  'XPCOM_DEBUG_BREAK': 'warn',
16:55:47     INFO -  'XPC_FLAGS': '0x0',
16:55:47     INFO -  'XPC_SERVICE_NAME': '0',
16:55:47     INFO -  '__CF_USER_TEXT_ENCODING': '0x1C:0:0'}
16:55:47     INFO -  Ignoring indexes: https://pypi.python.org/simple
16:55:47     INFO -  Collecting mozsystemmonitor==0.3
16:55:47     INFO -  /builds/slave/test/build/venv/lib/python2.7/site-packages/pip/_vendor/requests/packages/urllib3/util/ssl_.py:318: SNIMissingWarning: An HTTPS request has been made, but the SNI (Subject Name Indication) extension to TLS is not available on this platform. This may cause the server to present an incorrect TLS certificate, which can cause validation failures. You can upgrade to a newer version of Python to solve this. For more information, see https://urllib3.readthedocs.org/en/latest/security.html#snimissingwarning.
16:55:47     INFO -    SNIMissingWarning
16:55:47     INFO -  /builds/slave/test/build/venv/lib/python2.7/site-packages/pip/_vendor/requests/packages/urllib3/util/ssl_.py:122: InsecurePlatformWarning: A true SSLContext object is not available. This prevents urllib3 from configuring SSL appropriately and may cause certain SSL connections to fail. You can upgrade to a newer version of Python to solve this. For more information, see https://urllib3.readthedocs.org/en/latest/security.html#insecureplatformwarning.
16:55:47     INFO -    InsecurePlatformWarning
16:55:47     INFO -  /builds/slave/test/build/venv/lib/python2.7/site-packages/pip/_vendor/requests/packages/urllib3/util/ssl_.py:122: InsecurePlatformWarning: A true SSLContext object is not available. This prevents urllib3 from configuring SSL appropriately and may cause certain SSL connections to fail. You can upgrade to a newer version of Python to solve this. For more information, see https://urllib3.readthedocs.org/en/latest/security.html#insecureplatformwarning.
16:55:47     INFO -    InsecurePlatformWarning
16:55:49     INFO -  Requirement already satisfied (use --upgrade to upgrade): psutil>=3.1.1 in ./venv/lib/python2.7/site-packages (from mozsystemmonitor==0.3)
16:55:49     INFO -  Installing collected packages: mozsystemmonitor
16:55:49     INFO -  Successfully installed mozsystemmonitor-0.3
16:55:49     INFO - Return code: 0
16:55:49     INFO - Installing jsonschema==2.5.1 into virtualenv /builds/slave/test/build/venv
16:55:49     INFO - retry: Calling run_command with args: [['/builds/slave/test/build/venv/bin/pip', 'install', '--timeout', '120', '--no-index', '--find-links', 'http://pypi.pvt.build.mozilla.org/pub', '--find-links', 'http://pypi.pub.build.mozilla.org/pub', '--trusted-host', 'pypi.pub.build.mozilla.org', '--trusted-host', 'pypi.pvt.build.mozilla.org', 'jsonschema==2.5.1']], kwargs: {'error_level': 'warning', 'error_list': [{'substr': 'not found or a compiler error:', 'level': 'warning'}, {'regex': <_sre.SRE_Pattern object at 0x109156170>, 'level': 'error'}, {'regex': <_sre.SRE_Pattern object at 0x1091f8960>, 'level': 'warning'}, {'regex': <_sre.SRE_Pattern object at 0x7fd833d48770>, 'level': 'debug'}, {'substr': 'command not found', 'level': 'error'}, {'regex': <_sre.SRE_Pattern object at 0x1090e91d0>, 'level': 'warning'}, {'substr': 'Traceback (most recent call last)', 'level': 'error'}, {'substr': 'SyntaxError: ', 'level': 'error'}, {'substr': 'TypeError: ', 'level': 'error'}, {'substr': 'NameError: ', 'level': 'error'}, {'substr': 'ZeroDivisionError: ', 'level': 'error'}, {'regex': <_sre.SRE_Pattern object at 0x1090c4108>, 'level': 'critical'}, {'regex': <_sre.SRE_Pattern object at 0x1090de030>, 'level': 'critical'}], 'cwd': '/builds/slave/test/build', 'env': {'VERSIONER_PYTHON_PREFER_32_BIT': 'no', 'LOGNAME': 'cltbld', 'USER': 'cltbld', 'XPC_SERVICE_NAME': '0', 'PATH': '/usr/local/sbin:/usr/local/bin:/usr/sbin:/usr/bin:/sbin:/bin:/usr/bin/X11', 'HOME': '/Users/cltbld', 'NO_EM_RESTART': '1', 'IDLEIZER_DISABLE_SHUTDOWN': 'true', 'XPCOM_DEBUG_BREAK': 'warn', 'Apple_PubSub_Socket_Render': '/private/tmp/com.apple.launchd.II46PipCf3/Render', 'MOZ_NODE_PATH': '/usr/local/bin/node', 'TWISTD_LOG_PATH': '/builds/slave/twistd.log', 'GIT_SHARE_BASE_DIR': '/builds/git-shared', 'VERSIONER_PYTHON_VERSION': '2.7', 'XPC_FLAGS': '0x0', 'NO_FAIL_ON_TEST_ERRORS': '1', 'HG_SHARE_BASE_DIR': '/builds/hg-shared', 'RUNNER_CONFIG_CMD': '/opt/runner/bin/python2.7 /opt/runner/bin/runner -c /opt/runner/runner.cfg', 'MOZ_NO_REMOTE': '1', 'MOZ_HIDE_RESULTS_TABLE': '1', 'SSH_AUTH_SOCK': '/private/tmp/com.apple.launchd.XsBny7RYLA/Listeners', 'SHELL': '/bin/bash', 'TMPDIR': '/var/folders/n0/6tpw2p6j3vx8fzyb0wrmlcwc00000w/T/', '__CF_USER_TEXT_ENCODING': '0x1C:0:0', 'PWD': '/builds/slave/test', 'PROPERTIES_FILE': '/builds/slave/test/buildprops.json'}}, attempt #1
16:55:49     INFO - Running command: ['/builds/slave/test/build/venv/bin/pip', 'install', '--timeout', '120', '--no-index', '--find-links', 'http://pypi.pvt.build.mozilla.org/pub', '--find-links', 'http://pypi.pub.build.mozilla.org/pub', '--trusted-host', 'pypi.pub.build.mozilla.org', '--trusted-host', 'pypi.pvt.build.mozilla.org', 'jsonschema==2.5.1'] in /builds/slave/test/build
16:55:49     INFO - Copy/paste: /builds/slave/test/build/venv/bin/pip install --timeout 120 --no-index --find-links http://pypi.pvt.build.mozilla.org/pub --find-links http://pypi.pub.build.mozilla.org/pub --trusted-host pypi.pub.build.mozilla.org --trusted-host pypi.pvt.build.mozilla.org jsonschema==2.5.1
16:55:49     INFO - Using env: {'Apple_PubSub_Socket_Render': '/private/tmp/com.apple.launchd.II46PipCf3/Render',
16:55:49     INFO -  'GIT_SHARE_BASE_DIR': '/builds/git-shared',
16:55:49     INFO -  'HG_SHARE_BASE_DIR': '/builds/hg-shared',
16:55:49     INFO -  'HOME': '/Users/cltbld',
16:55:49     INFO -  'IDLEIZER_DISABLE_SHUTDOWN': 'true',
16:55:49     INFO -  'LOGNAME': 'cltbld',
16:55:49     INFO -  'MOZ_HIDE_RESULTS_TABLE': '1',
16:55:49     INFO -  'MOZ_NODE_PATH': '/usr/local/bin/node',
16:55:49     INFO -  'MOZ_NO_REMOTE': '1',
16:55:49     INFO -  'NO_EM_RESTART': '1',
16:55:49     INFO -  'NO_FAIL_ON_TEST_ERRORS': '1',
16:55:49     INFO -  'PATH': '/usr/local/sbin:/usr/local/bin:/usr/sbin:/usr/bin:/sbin:/bin:/usr/bin/X11',
16:55:49     INFO -  'PROPERTIES_FILE': '/builds/slave/test/buildprops.json',
16:55:49     INFO -  'PWD': '/builds/slave/test',
16:55:49     INFO -  'RUNNER_CONFIG_CMD': '/opt/runner/bin/python2.7 /opt/runner/bin/runner -c /opt/runner/runner.cfg',
16:55:49     INFO -  'SHELL': '/bin/bash',
16:55:49     INFO -  'SSH_AUTH_SOCK': '/private/tmp/com.apple.launchd.XsBny7RYLA/Listeners',
16:55:49     INFO -  'TMPDIR': '/var/folders/n0/6tpw2p6j3vx8fzyb0wrmlcwc00000w/T/',
16:55:49     INFO -  'TWISTD_LOG_PATH': '/builds/slave/twistd.log',
16:55:49     INFO -  'USER': 'cltbld',
16:55:49     INFO -  'VERSIONER_PYTHON_PREFER_32_BIT': 'no',
16:55:49     INFO -  'VERSIONER_PYTHON_VERSION': '2.7',
16:55:49     INFO -  'XPCOM_DEBUG_BREAK': 'warn',
16:55:49     INFO -  'XPC_FLAGS': '0x0',
16:55:49     INFO -  'XPC_SERVICE_NAME': '0',
16:55:49     INFO -  '__CF_USER_TEXT_ENCODING': '0x1C:0:0'}
16:55:50     INFO -  Ignoring indexes: https://pypi.python.org/simple
16:55:50     INFO -  Collecting jsonschema==2.5.1
16:55:50     INFO -  /builds/slave/test/build/venv/lib/python2.7/site-packages/pip/_vendor/requests/packages/urllib3/util/ssl_.py:318: SNIMissingWarning: An HTTPS request has been made, but the SNI (Subject Name Indication) extension to TLS is not available on this platform. This may cause the server to present an incorrect TLS certificate, which can cause validation failures. You can upgrade to a newer version of Python to solve this. For more information, see https://urllib3.readthedocs.org/en/latest/security.html#snimissingwarning.
16:55:50     INFO -    SNIMissingWarning
16:55:50     INFO -  /builds/slave/test/build/venv/lib/python2.7/site-packages/pip/_vendor/requests/packages/urllib3/util/ssl_.py:122: InsecurePlatformWarning: A true SSLContext object is not available. This prevents urllib3 from configuring SSL appropriately and may cause certain SSL connections to fail. You can upgrade to a newer version of Python to solve this. For more information, see https://urllib3.readthedocs.org/en/latest/security.html#insecureplatformwarning.
16:55:50     INFO -    InsecurePlatformWarning
16:55:50     INFO -  /builds/slave/test/build/venv/lib/python2.7/site-packages/pip/_vendor/requests/packages/urllib3/util/ssl_.py:122: InsecurePlatformWarning: A true SSLContext object is not available. This prevents urllib3 from configuring SSL appropriately and may cause certain SSL connections to fail. You can upgrade to a newer version of Python to solve this. For more information, see https://urllib3.readthedocs.org/en/latest/security.html#insecureplatformwarning.
16:55:50     INFO -    InsecurePlatformWarning
16:55:52     INFO -    Downloading https://pypi.pvt.build.mozilla.org/pub/jsonschema-2.5.1-py2.py3-none-any.whl
16:55:52     INFO -  Collecting functools32; python_version == "2.7" (from jsonschema==2.5.1)
16:55:55     INFO -  Installing collected packages: functools32, jsonschema
16:55:55     INFO -  Successfully installed functools32-3.2.3.post2 jsonschema-2.5.1
16:55:55     INFO - Return code: 0
16:55:55     INFO - Installing functools32==3.2.3-2 into virtualenv /builds/slave/test/build/venv
16:55:55     INFO - retry: Calling run_command with args: [['/builds/slave/test/build/venv/bin/pip', 'install', '--timeout', '120', '--no-index', '--find-links', 'http://pypi.pvt.build.mozilla.org/pub', '--find-links', 'http://pypi.pub.build.mozilla.org/pub', '--trusted-host', 'pypi.pub.build.mozilla.org', '--trusted-host', 'pypi.pvt.build.mozilla.org', 'functools32==3.2.3-2']], kwargs: {'error_level': 'warning', 'error_list': [{'substr': 'not found or a compiler error:', 'level': 'warning'}, {'regex': <_sre.SRE_Pattern object at 0x109156170>, 'level': 'error'}, {'regex': <_sre.SRE_Pattern object at 0x1091f8960>, 'level': 'warning'}, {'regex': <_sre.SRE_Pattern object at 0x7fd833d48770>, 'level': 'debug'}, {'substr': 'command not found', 'level': 'error'}, {'regex': <_sre.SRE_Pattern object at 0x1090e91d0>, 'level': 'warning'}, {'substr': 'Traceback (most recent call last)', 'level': 'error'}, {'substr': 'SyntaxError: ', 'level': 'error'}, {'substr': 'TypeError: ', 'level': 'error'}, {'substr': 'NameError: ', 'level': 'error'}, {'substr': 'ZeroDivisionError: ', 'level': 'error'}, {'regex': <_sre.SRE_Pattern object at 0x1090c4108>, 'level': 'critical'}, {'regex': <_sre.SRE_Pattern object at 0x1090de030>, 'level': 'critical'}], 'cwd': '/builds/slave/test/build', 'env': {'VERSIONER_PYTHON_PREFER_32_BIT': 'no', 'LOGNAME': 'cltbld', 'USER': 'cltbld', 'XPC_SERVICE_NAME': '0', 'PATH': '/usr/local/sbin:/usr/local/bin:/usr/sbin:/usr/bin:/sbin:/bin:/usr/bin/X11', 'HOME': '/Users/cltbld', 'NO_EM_RESTART': '1', 'IDLEIZER_DISABLE_SHUTDOWN': 'true', 'XPCOM_DEBUG_BREAK': 'warn', 'Apple_PubSub_Socket_Render': '/private/tmp/com.apple.launchd.II46PipCf3/Render', 'MOZ_NODE_PATH': '/usr/local/bin/node', 'TWISTD_LOG_PATH': '/builds/slave/twistd.log', 'GIT_SHARE_BASE_DIR': '/builds/git-shared', 'VERSIONER_PYTHON_VERSION': '2.7', 'XPC_FLAGS': '0x0', 'NO_FAIL_ON_TEST_ERRORS': '1', 'HG_SHARE_BASE_DIR': '/builds/hg-shared', 'RUNNER_CONFIG_CMD': '/opt/runner/bin/python2.7 /opt/runner/bin/runner -c /opt/runner/runner.cfg', 'MOZ_NO_REMOTE': '1', 'MOZ_HIDE_RESULTS_TABLE': '1', 'SSH_AUTH_SOCK': '/private/tmp/com.apple.launchd.XsBny7RYLA/Listeners', 'SHELL': '/bin/bash', 'TMPDIR': '/var/folders/n0/6tpw2p6j3vx8fzyb0wrmlcwc00000w/T/', '__CF_USER_TEXT_ENCODING': '0x1C:0:0', 'PWD': '/builds/slave/test', 'PROPERTIES_FILE': '/builds/slave/test/buildprops.json'}}, attempt #1
16:55:55     INFO - Running command: ['/builds/slave/test/build/venv/bin/pip', 'install', '--timeout', '120', '--no-index', '--find-links', 'http://pypi.pvt.build.mozilla.org/pub', '--find-links', 'http://pypi.pub.build.mozilla.org/pub', '--trusted-host', 'pypi.pub.build.mozilla.org', '--trusted-host', 'pypi.pvt.build.mozilla.org', 'functools32==3.2.3-2'] in /builds/slave/test/build
16:55:55     INFO - Copy/paste: /builds/slave/test/build/venv/bin/pip install --timeout 120 --no-index --find-links http://pypi.pvt.build.mozilla.org/pub --find-links http://pypi.pub.build.mozilla.org/pub --trusted-host pypi.pub.build.mozilla.org --trusted-host pypi.pvt.build.mozilla.org functools32==3.2.3-2
16:55:55     INFO - Using env: {'Apple_PubSub_Socket_Render': '/private/tmp/com.apple.launchd.II46PipCf3/Render',
16:55:55     INFO -  'GIT_SHARE_BASE_DIR': '/builds/git-shared',
16:55:55     INFO -  'HG_SHARE_BASE_DIR': '/builds/hg-shared',
16:55:55     INFO -  'HOME': '/Users/cltbld',
16:55:55     INFO -  'IDLEIZER_DISABLE_SHUTDOWN': 'true',
16:55:55     INFO -  'LOGNAME': 'cltbld',
16:55:55     INFO -  'MOZ_HIDE_RESULTS_TABLE': '1',
16:55:55     INFO -  'MOZ_NODE_PATH': '/usr/local/bin/node',
16:55:55     INFO -  'MOZ_NO_REMOTE': '1',
16:55:55     INFO -  'NO_EM_RESTART': '1',
16:55:55     INFO -  'NO_FAIL_ON_TEST_ERRORS': '1',
16:55:55     INFO -  'PATH': '/usr/local/sbin:/usr/local/bin:/usr/sbin:/usr/bin:/sbin:/bin:/usr/bin/X11',
16:55:55     INFO -  'PROPERTIES_FILE': '/builds/slave/test/buildprops.json',
16:55:55     INFO -  'PWD': '/builds/slave/test',
16:55:55     INFO -  'RUNNER_CONFIG_CMD': '/opt/runner/bin/python2.7 /opt/runner/bin/runner -c /opt/runner/runner.cfg',
16:55:55     INFO -  'SHELL': '/bin/bash',
16:55:55     INFO -  'SSH_AUTH_SOCK': '/private/tmp/com.apple.launchd.XsBny7RYLA/Listeners',
16:55:55     INFO -  'TMPDIR': '/var/folders/n0/6tpw2p6j3vx8fzyb0wrmlcwc00000w/T/',
16:55:55     INFO -  'TWISTD_LOG_PATH': '/builds/slave/twistd.log',
16:55:55     INFO -  'USER': 'cltbld',
16:55:55     INFO -  'VERSIONER_PYTHON_PREFER_32_BIT': 'no',
16:55:55     INFO -  'VERSIONER_PYTHON_VERSION': '2.7',
16:55:55     INFO -  'XPCOM_DEBUG_BREAK': 'warn',
16:55:55     INFO -  'XPC_FLAGS': '0x0',
16:55:55     INFO -  'XPC_SERVICE_NAME': '0',
16:55:55     INFO -  '__CF_USER_TEXT_ENCODING': '0x1C:0:0'}
16:55:55     INFO -  Ignoring indexes: https://pypi.python.org/simple
16:55:55     INFO -  Requirement already satisfied (use --upgrade to upgrade): functools32==3.2.3-2 in ./venv/lib/python2.7/site-packages
16:55:55     INFO - Return code: 0
16:55:55     INFO - Installing blobuploader==1.2.4 into virtualenv /builds/slave/test/build/venv
16:55:55     INFO - retry: Calling run_command with args: [['/builds/slave/test/build/venv/bin/pip', 'install', '--timeout', '120', '--no-index', '--find-links', 'http://pypi.pvt.build.mozilla.org/pub', '--find-links', 'http://pypi.pub.build.mozilla.org/pub', '--trusted-host', 'pypi.pub.build.mozilla.org', '--trusted-host', 'pypi.pvt.build.mozilla.org', 'blobuploader==1.2.4']], kwargs: {'error_level': 'warning', 'error_list': [{'substr': 'not found or a compiler error:', 'level': 'warning'}, {'regex': <_sre.SRE_Pattern object at 0x109156170>, 'level': 'error'}, {'regex': <_sre.SRE_Pattern object at 0x1091f8960>, 'level': 'warning'}, {'regex': <_sre.SRE_Pattern object at 0x7fd833d48770>, 'level': 'debug'}, {'substr': 'command not found', 'level': 'error'}, {'regex': <_sre.SRE_Pattern object at 0x1090e91d0>, 'level': 'warning'}, {'substr': 'Traceback (most recent call last)', 'level': 'error'}, {'substr': 'SyntaxError: ', 'level': 'error'}, {'substr': 'TypeError: ', 'level': 'error'}, {'substr': 'NameError: ', 'level': 'error'}, {'substr': 'ZeroDivisionError: ', 'level': 'error'}, {'regex': <_sre.SRE_Pattern object at 0x1090c4108>, 'level': 'critical'}, {'regex': <_sre.SRE_Pattern object at 0x1090de030>, 'level': 'critical'}], 'cwd': '/builds/slave/test/build', 'env': {'VERSIONER_PYTHON_PREFER_32_BIT': 'no', 'LOGNAME': 'cltbld', 'USER': 'cltbld', 'XPC_SERVICE_NAME': '0', 'PATH': '/usr/local/sbin:/usr/local/bin:/usr/sbin:/usr/bin:/sbin:/bin:/usr/bin/X11', 'HOME': '/Users/cltbld', 'NO_EM_RESTART': '1', 'IDLEIZER_DISABLE_SHUTDOWN': 'true', 'XPCOM_DEBUG_BREAK': 'warn', 'Apple_PubSub_Socket_Render': '/private/tmp/com.apple.launchd.II46PipCf3/Render', 'MOZ_NODE_PATH': '/usr/local/bin/node', 'TWISTD_LOG_PATH': '/builds/slave/twistd.log', 'GIT_SHARE_BASE_DIR': '/builds/git-shared', 'VERSIONER_PYTHON_VERSION': '2.7', 'XPC_FLAGS': '0x0', 'NO_FAIL_ON_TEST_ERRORS': '1', 'HG_SHARE_BASE_DIR': '/builds/hg-shared', 'RUNNER_CONFIG_CMD': '/opt/runner/bin/python2.7 /opt/runner/bin/runner -c /opt/runner/runner.cfg', 'MOZ_NO_REMOTE': '1', 'MOZ_HIDE_RESULTS_TABLE': '1', 'SSH_AUTH_SOCK': '/private/tmp/com.apple.launchd.XsBny7RYLA/Listeners', 'SHELL': '/bin/bash', 'TMPDIR': '/var/folders/n0/6tpw2p6j3vx8fzyb0wrmlcwc00000w/T/', '__CF_USER_TEXT_ENCODING': '0x1C:0:0', 'PWD': '/builds/slave/test', 'PROPERTIES_FILE': '/builds/slave/test/buildprops.json'}}, attempt #1
16:55:55     INFO - Running command: ['/builds/slave/test/build/venv/bin/pip', 'install', '--timeout', '120', '--no-index', '--find-links', 'http://pypi.pvt.build.mozilla.org/pub', '--find-links', 'http://pypi.pub.build.mozilla.org/pub', '--trusted-host', 'pypi.pub.build.mozilla.org', '--trusted-host', 'pypi.pvt.build.mozilla.org', 'blobuploader==1.2.4'] in /builds/slave/test/build
16:55:55     INFO - Copy/paste: /builds/slave/test/build/venv/bin/pip install --timeout 120 --no-index --find-links http://pypi.pvt.build.mozilla.org/pub --find-links http://pypi.pub.build.mozilla.org/pub --trusted-host pypi.pub.build.mozilla.org --trusted-host pypi.pvt.build.mozilla.org blobuploader==1.2.4
16:55:55     INFO - Using env: {'Apple_PubSub_Socket_Render': '/private/tmp/com.apple.launchd.II46PipCf3/Render',
16:55:55     INFO -  'GIT_SHARE_BASE_DIR': '/builds/git-shared',
16:55:55     INFO -  'HG_SHARE_BASE_DIR': '/builds/hg-shared',
16:55:55     INFO -  'HOME': '/Users/cltbld',
16:55:55     INFO -  'IDLEIZER_DISABLE_SHUTDOWN': 'true',
16:55:55     INFO -  'LOGNAME': 'cltbld',
16:55:55     INFO -  'MOZ_HIDE_RESULTS_TABLE': '1',
16:55:55     INFO -  'MOZ_NODE_PATH': '/usr/local/bin/node',
16:55:55     INFO -  'MOZ_NO_REMOTE': '1',
16:55:55     INFO -  'NO_EM_RESTART': '1',
16:55:55     INFO -  'NO_FAIL_ON_TEST_ERRORS': '1',
16:55:55     INFO -  'PATH': '/usr/local/sbin:/usr/local/bin:/usr/sbin:/usr/bin:/sbin:/bin:/usr/bin/X11',
16:55:55     INFO -  'PROPERTIES_FILE': '/builds/slave/test/buildprops.json',
16:55:55     INFO -  'PWD': '/builds/slave/test',
16:55:55     INFO -  'RUNNER_CONFIG_CMD': '/opt/runner/bin/python2.7 /opt/runner/bin/runner -c /opt/runner/runner.cfg',
16:55:55     INFO -  'SHELL': '/bin/bash',
16:55:55     INFO -  'SSH_AUTH_SOCK': '/private/tmp/com.apple.launchd.XsBny7RYLA/Listeners',
16:55:55     INFO -  'TMPDIR': '/var/folders/n0/6tpw2p6j3vx8fzyb0wrmlcwc00000w/T/',
16:55:55     INFO -  'TWISTD_LOG_PATH': '/builds/slave/twistd.log',
16:55:55     INFO -  'USER': 'cltbld',
16:55:55     INFO -  'VERSIONER_PYTHON_PREFER_32_BIT': 'no',
16:55:55     INFO -  'VERSIONER_PYTHON_VERSION': '2.7',
16:55:55     INFO -  'XPCOM_DEBUG_BREAK': 'warn',
16:55:55     INFO -  'XPC_FLAGS': '0x0',
16:55:55     INFO -  'XPC_SERVICE_NAME': '0',
16:55:55     INFO -  '__CF_USER_TEXT_ENCODING': '0x1C:0:0'}
16:55:56     INFO -  Ignoring indexes: https://pypi.python.org/simple
16:55:56     INFO -  Collecting blobuploader==1.2.4
16:55:56     INFO -  /builds/slave/test/build/venv/lib/python2.7/site-packages/pip/_vendor/requests/packages/urllib3/util/ssl_.py:318: SNIMissingWarning: An HTTPS request has been made, but the SNI (Subject Name Indication) extension to TLS is not available on this platform. This may cause the server to present an incorrect TLS certificate, which can cause validation failures. You can upgrade to a newer version of Python to solve this. For more information, see https://urllib3.readthedocs.org/en/latest/security.html#snimissingwarning.
16:55:56     INFO -    SNIMissingWarning
16:55:56     INFO -  /builds/slave/test/build/venv/lib/python2.7/site-packages/pip/_vendor/requests/packages/urllib3/util/ssl_.py:122: InsecurePlatformWarning: A true SSLContext object is not available. This prevents urllib3 from configuring SSL appropriately and may cause certain SSL connections to fail. You can upgrade to a newer version of Python to solve this. For more information, see https://urllib3.readthedocs.org/en/latest/security.html#insecureplatformwarning.
16:55:56     INFO -    InsecurePlatformWarning
16:55:56     INFO -  /builds/slave/test/build/venv/lib/python2.7/site-packages/pip/_vendor/requests/packages/urllib3/util/ssl_.py:122: InsecurePlatformWarning: A true SSLContext object is not available. This prevents urllib3 from configuring SSL appropriately and may cause certain SSL connections to fail. You can upgrade to a newer version of Python to solve this. For more information, see https://urllib3.readthedocs.org/en/latest/security.html#insecureplatformwarning.
16:55:56     INFO -    InsecurePlatformWarning
16:55:58     INFO -  Collecting docopt==0.6.1 (from blobuploader==1.2.4)
16:56:01     INFO -  Collecting requests==1.2.3. (from blobuploader==1.2.4)
16:56:04     INFO -  Installing collected packages: docopt, requests, blobuploader
16:56:04     INFO -  Successfully installed blobuploader-1.2.4 docopt-0.6.1 requests-1.2.3
16:56:04     INFO - Return code: 0
16:56:04     INFO - Installing None into virtualenv /builds/slave/test/build/venv
16:56:04     INFO - retry: Calling run_command with args: [['/builds/slave/test/build/venv/bin/pip', 'install', '--no-deps', '--timeout', '120', '-r', '/builds/slave/test/build/tests/config/mozbase_requirements.txt', '--no-index', '--find-links', 'http://pypi.pvt.build.mozilla.org/pub', '--find-links', 'http://pypi.pub.build.mozilla.org/pub', '--trusted-host', 'pypi.pub.build.mozilla.org', '--trusted-host', 'pypi.pvt.build.mozilla.org']], kwargs: {'error_level': 'warning', 'error_list': [{'substr': 'not found or a compiler error:', 'level': 'warning'}, {'regex': <_sre.SRE_Pattern object at 0x109156170>, 'level': 'error'}, {'regex': <_sre.SRE_Pattern object at 0x1091f8960>, 'level': 'warning'}, {'regex': <_sre.SRE_Pattern object at 0x7fd833d48770>, 'level': 'debug'}, {'substr': 'command not found', 'level': 'error'}, {'regex': <_sre.SRE_Pattern object at 0x1090e91d0>, 'level': 'warning'}, {'substr': 'Traceback (most recent call last)', 'level': 'error'}, {'substr': 'SyntaxError: ', 'level': 'error'}, {'substr': 'TypeError: ', 'level': 'error'}, {'substr': 'NameError: ', 'level': 'error'}, {'substr': 'ZeroDivisionError: ', 'level': 'error'}, {'regex': <_sre.SRE_Pattern object at 0x1090c4108>, 'level': 'critical'}, {'regex': <_sre.SRE_Pattern object at 0x1090de030>, 'level': 'critical'}], 'cwd': '/builds/slave/test/build/tests/config', 'env': {'VERSIONER_PYTHON_PREFER_32_BIT': 'no', 'LOGNAME': 'cltbld', 'USER': 'cltbld', 'XPC_SERVICE_NAME': '0', 'PATH': '/usr/local/sbin:/usr/local/bin:/usr/sbin:/usr/bin:/sbin:/bin:/usr/bin/X11', 'HOME': '/Users/cltbld', 'NO_EM_RESTART': '1', 'IDLEIZER_DISABLE_SHUTDOWN': 'true', 'XPCOM_DEBUG_BREAK': 'warn', 'Apple_PubSub_Socket_Render': '/private/tmp/com.apple.launchd.II46PipCf3/Render', 'MOZ_NODE_PATH': '/usr/local/bin/node', 'TWISTD_LOG_PATH': '/builds/slave/twistd.log', 'GIT_SHARE_BASE_DIR': '/builds/git-shared', 'VERSIONER_PYTHON_VERSION': '2.7', 'XPC_FLAGS': '0x0', 'NO_FAIL_ON_TEST_ERRORS': '1', 'HG_SHARE_BASE_DIR': '/builds/hg-shared', 'RUNNER_CONFIG_CMD': '/opt/runner/bin/python2.7 /opt/runner/bin/runner -c /opt/runner/runner.cfg', 'MOZ_NO_REMOTE': '1', 'MOZ_HIDE_RESULTS_TABLE': '1', 'SSH_AUTH_SOCK': '/private/tmp/com.apple.launchd.XsBny7RYLA/Listeners', 'SHELL': '/bin/bash', 'TMPDIR': '/var/folders/n0/6tpw2p6j3vx8fzyb0wrmlcwc00000w/T/', '__CF_USER_TEXT_ENCODING': '0x1C:0:0', 'PWD': '/builds/slave/test', 'PROPERTIES_FILE': '/builds/slave/test/buildprops.json'}}, attempt #1
16:56:04     INFO - Running command: ['/builds/slave/test/build/venv/bin/pip', 'install', '--no-deps', '--timeout', '120', '-r', '/builds/slave/test/build/tests/config/mozbase_requirements.txt', '--no-index', '--find-links', 'http://pypi.pvt.build.mozilla.org/pub', '--find-links', 'http://pypi.pub.build.mozilla.org/pub', '--trusted-host', 'pypi.pub.build.mozilla.org', '--trusted-host', 'pypi.pvt.build.mozilla.org'] in /builds/slave/test/build/tests/config
16:56:04     INFO - Copy/paste: /builds/slave/test/build/venv/bin/pip install --no-deps --timeout 120 -r /builds/slave/test/build/tests/config/mozbase_requirements.txt --no-index --find-links http://pypi.pvt.build.mozilla.org/pub --find-links http://pypi.pub.build.mozilla.org/pub --trusted-host pypi.pub.build.mozilla.org --trusted-host pypi.pvt.build.mozilla.org
16:56:04     INFO - Using env: {'Apple_PubSub_Socket_Render': '/private/tmp/com.apple.launchd.II46PipCf3/Render',
16:56:04     INFO -  'GIT_SHARE_BASE_DIR': '/builds/git-shared',
16:56:04     INFO -  'HG_SHARE_BASE_DIR': '/builds/hg-shared',
16:56:04     INFO -  'HOME': '/Users/cltbld',
16:56:04     INFO -  'IDLEIZER_DISABLE_SHUTDOWN': 'true',
16:56:04     INFO -  'LOGNAME': 'cltbld',
16:56:04     INFO -  'MOZ_HIDE_RESULTS_TABLE': '1',
16:56:04     INFO -  'MOZ_NODE_PATH': '/usr/local/bin/node',
16:56:04     INFO -  'MOZ_NO_REMOTE': '1',
16:56:04     INFO -  'NO_EM_RESTART': '1',
16:56:04     INFO -  'NO_FAIL_ON_TEST_ERRORS': '1',
16:56:04     INFO -  'PATH': '/usr/local/sbin:/usr/local/bin:/usr/sbin:/usr/bin:/sbin:/bin:/usr/bin/X11',
16:56:04     INFO -  'PROPERTIES_FILE': '/builds/slave/test/buildprops.json',
16:56:04     INFO -  'PWD': '/builds/slave/test',
16:56:04     INFO -  'RUNNER_CONFIG_CMD': '/opt/runner/bin/python2.7 /opt/runner/bin/runner -c /opt/runner/runner.cfg',
16:56:04     INFO -  'SHELL': '/bin/bash',
16:56:04     INFO -  'SSH_AUTH_SOCK': '/private/tmp/com.apple.launchd.XsBny7RYLA/Listeners',
16:56:04     INFO -  'TMPDIR': '/var/folders/n0/6tpw2p6j3vx8fzyb0wrmlcwc00000w/T/',
16:56:04     INFO -  'TWISTD_LOG_PATH': '/builds/slave/twistd.log',
16:56:04     INFO -  'USER': 'cltbld',
16:56:04     INFO -  'VERSIONER_PYTHON_PREFER_32_BIT': 'no',
16:56:04     INFO -  'VERSIONER_PYTHON_VERSION': '2.7',
16:56:04     INFO -  'XPCOM_DEBUG_BREAK': 'warn',
16:56:04     INFO -  'XPC_FLAGS': '0x0',
16:56:04     INFO -  'XPC_SERVICE_NAME': '0',
16:56:04     INFO -  '__CF_USER_TEXT_ENCODING': '0x1C:0:0'}
16:56:05     INFO -  Ignoring indexes: https://pypi.python.org/simple
16:56:05     INFO -  Processing /builds/slave/test/build/tests/mozbase/manifestparser
16:56:05     INFO -  Processing /builds/slave/test/build/tests/mozbase/mozcrash
16:56:05     INFO -  Processing /builds/slave/test/build/tests/mozbase/mozdebug
16:56:05     INFO -  Processing /builds/slave/test/build/tests/mozbase/mozdevice
16:56:06     INFO -  Processing /builds/slave/test/build/tests/mozbase/mozfile
16:56:06     INFO -  Processing /builds/slave/test/build/tests/mozbase/mozhttpd
16:56:06     INFO -  Processing /builds/slave/test/build/tests/mozbase/mozinfo
16:56:06     INFO -  Processing /builds/slave/test/build/tests/mozbase/mozinstall
16:56:06     INFO -  Processing /builds/slave/test/build/tests/mozbase/mozleak
16:56:06     INFO -  Processing /builds/slave/test/build/tests/mozbase/mozlog
16:56:07     INFO -  Processing /builds/slave/test/build/tests/mozbase/moznetwork
16:56:07     INFO -  Processing /builds/slave/test/build/tests/mozbase/mozprocess
16:56:07     INFO -  Processing /builds/slave/test/build/tests/mozbase/mozprofile
16:56:07     INFO -  Processing /builds/slave/test/build/tests/mozbase/mozrunner
16:56:07     INFO -  Processing /builds/slave/test/build/tests/mozbase/mozscreenshot
16:56:08     INFO -  Processing /builds/slave/test/build/tests/mozbase/moztest
16:56:08     INFO -  Processing /builds/slave/test/build/tests/mozbase/mozversion
16:56:08     INFO -  Installing collected packages: manifestparser, mozcrash, mozdebug, mozdevice, mozfile, mozhttpd, mozinfo, mozInstall, mozleak, mozlog, moznetwork, mozprocess, mozprofile, mozrunner, mozscreenshot, moztest, mozversion
16:56:08     INFO -    Running setup.py install for manifestparser: started
16:56:08     INFO -      Running setup.py install for manifestparser: finished with status 'done'
16:56:08     INFO -    Running setup.py install for mozcrash: started
16:56:09     INFO -      Running setup.py install for mozcrash: finished with status 'done'
16:56:09     INFO -    Running setup.py install for mozdebug: started
16:56:09     INFO -      Running setup.py install for mozdebug: finished with status 'done'
16:56:09     INFO -    Running setup.py install for mozdevice: started
16:56:09     INFO -      Running setup.py install for mozdevice: finished with status 'done'
16:56:09     INFO -    Running setup.py install for mozfile: started
16:56:09     INFO -      Running setup.py install for mozfile: finished with status 'done'
16:56:09     INFO -    Running setup.py install for mozhttpd: started
16:56:10     INFO -      Running setup.py install for mozhttpd: finished with status 'done'
16:56:10     INFO -    Running setup.py install for mozinfo: started
16:56:10     INFO -      Running setup.py install for mozinfo: finished with status 'done'
16:56:10     INFO -    Running setup.py install for mozInstall: started
16:56:10     INFO -      Running setup.py install for mozInstall: finished with status 'done'
16:56:10     INFO -    Running setup.py install for mozleak: started
16:56:10     INFO -      Running setup.py install for mozleak: finished with status 'done'
16:56:10     INFO -    Running setup.py install for mozlog: started
16:56:11     INFO -      Running setup.py install for mozlog: finished with status 'done'
16:56:11     INFO -    Running setup.py install for moznetwork: started
16:56:11     INFO -      Running setup.py install for moznetwork: finished with status 'done'
16:56:11     INFO -    Running setup.py install for mozprocess: started
16:56:11     INFO -      Running setup.py install for mozprocess: finished with status 'done'
16:56:11     INFO -    Running setup.py install for mozprofile: started
16:56:11     INFO -      Running setup.py install for mozprofile: finished with status 'done'
16:56:11     INFO -    Running setup.py install for mozrunner: started
16:56:12     INFO -      Running setup.py install for mozrunner: finished with status 'done'
16:56:12     INFO -    Running setup.py install for mozscreenshot: started
16:56:12     INFO -      Running setup.py install for mozscreenshot: finished with status 'done'
16:56:12     INFO -    Running setup.py install for moztest: started
16:56:12     INFO -      Running setup.py install for moztest: finished with status 'done'
16:56:12     INFO -    Running setup.py install for mozversion: started
16:56:12     INFO -      Running setup.py install for mozversion: finished with status 'done'
16:56:13     INFO -  Successfully installed manifestparser-1.1 mozInstall-1.12 mozcrash-1.0 mozdebug-0.1 mozdevice-0.48 mozfile-1.2 mozhttpd-0.7 mozinfo-0.9 mozleak-0.1 mozlog-3.4 moznetwork-0.27 mozprocess-0.23 mozprofile-0.28 mozrunner-6.13 mozscreenshot-0.1 moztest-0.8 mozversion-1.4
16:56:13     INFO - Return code: 0
16:56:13     INFO - Installing None into virtualenv /builds/slave/test/build/venv
16:56:13     INFO - retry: Calling run_command with args: [['/builds/slave/test/build/venv/bin/pip', 'install', '--timeout', '120', '-r', '/builds/slave/test/build/tests/config/mozbase_requirements.txt', '--no-index', '--find-links', 'http://pypi.pvt.build.mozilla.org/pub', '--find-links', 'http://pypi.pub.build.mozilla.org/pub', '--trusted-host', 'pypi.pub.build.mozilla.org', '--trusted-host', 'pypi.pvt.build.mozilla.org']], kwargs: {'error_level': 'warning', 'error_list': [{'substr': 'not found or a compiler error:', 'level': 'warning'}, {'regex': <_sre.SRE_Pattern object at 0x109156170>, 'level': 'error'}, {'regex': <_sre.SRE_Pattern object at 0x1091f8960>, 'level': 'warning'}, {'regex': <_sre.SRE_Pattern object at 0x7fd833d48770>, 'level': 'debug'}, {'substr': 'command not found', 'level': 'error'}, {'regex': <_sre.SRE_Pattern object at 0x1090e91d0>, 'level': 'warning'}, {'substr': 'Traceback (most recent call last)', 'level': 'error'}, {'substr': 'SyntaxError: ', 'level': 'error'}, {'substr': 'TypeError: ', 'level': 'error'}, {'substr': 'NameError: ', 'level': 'error'}, {'substr': 'ZeroDivisionError: ', 'level': 'error'}, {'regex': <_sre.SRE_Pattern object at 0x1090c4108>, 'level': 'critical'}, {'regex': <_sre.SRE_Pattern object at 0x1090de030>, 'level': 'critical'}], 'cwd': '/builds/slave/test/build/tests/config', 'env': {'VERSIONER_PYTHON_PREFER_32_BIT': 'no', 'LOGNAME': 'cltbld', 'USER': 'cltbld', 'XPC_SERVICE_NAME': '0', 'PATH': '/usr/local/sbin:/usr/local/bin:/usr/sbin:/usr/bin:/sbin:/bin:/usr/bin/X11', 'HOME': '/Users/cltbld', 'NO_EM_RESTART': '1', 'IDLEIZER_DISABLE_SHUTDOWN': 'true', 'XPCOM_DEBUG_BREAK': 'warn', 'Apple_PubSub_Socket_Render': '/private/tmp/com.apple.launchd.II46PipCf3/Render', 'MOZ_NODE_PATH': '/usr/local/bin/node', 'TWISTD_LOG_PATH': '/builds/slave/twistd.log', 'GIT_SHARE_BASE_DIR': '/builds/git-shared', 'VERSIONER_PYTHON_VERSION': '2.7', 'XPC_FLAGS': '0x0', 'NO_FAIL_ON_TEST_ERRORS': '1', 'HG_SHARE_BASE_DIR': '/builds/hg-shared', 'RUNNER_CONFIG_CMD': '/opt/runner/bin/python2.7 /opt/runner/bin/runner -c /opt/runner/runner.cfg', 'MOZ_NO_REMOTE': '1', 'MOZ_HIDE_RESULTS_TABLE': '1', 'SSH_AUTH_SOCK': '/private/tmp/com.apple.launchd.XsBny7RYLA/Listeners', 'SHELL': '/bin/bash', 'TMPDIR': '/var/folders/n0/6tpw2p6j3vx8fzyb0wrmlcwc00000w/T/', '__CF_USER_TEXT_ENCODING': '0x1C:0:0', 'PWD': '/builds/slave/test', 'PROPERTIES_FILE': '/builds/slave/test/buildprops.json'}}, attempt #1
16:56:13     INFO - Running command: ['/builds/slave/test/build/venv/bin/pip', 'install', '--timeout', '120', '-r', '/builds/slave/test/build/tests/config/mozbase_requirements.txt', '--no-index', '--find-links', 'http://pypi.pvt.build.mozilla.org/pub', '--find-links', 'http://pypi.pub.build.mozilla.org/pub', '--trusted-host', 'pypi.pub.build.mozilla.org', '--trusted-host', 'pypi.pvt.build.mozilla.org'] in /builds/slave/test/build/tests/config
16:56:13     INFO - Copy/paste: /builds/slave/test/build/venv/bin/pip install --timeout 120 -r /builds/slave/test/build/tests/config/mozbase_requirements.txt --no-index --find-links http://pypi.pvt.build.mozilla.org/pub --find-links http://pypi.pub.build.mozilla.org/pub --trusted-host pypi.pub.build.mozilla.org --trusted-host pypi.pvt.build.mozilla.org
16:56:13     INFO - Using env: {'Apple_PubSub_Socket_Render': '/private/tmp/com.apple.launchd.II46PipCf3/Render',
16:56:13     INFO -  'GIT_SHARE_BASE_DIR': '/builds/git-shared',
16:56:13     INFO -  'HG_SHARE_BASE_DIR': '/builds/hg-shared',
16:56:13     INFO -  'HOME': '/Users/cltbld',
16:56:13     INFO -  'IDLEIZER_DISABLE_SHUTDOWN': 'true',
16:56:13     INFO -  'LOGNAME': 'cltbld',
16:56:13     INFO -  'MOZ_HIDE_RESULTS_TABLE': '1',
16:56:13     INFO -  'MOZ_NODE_PATH': '/usr/local/bin/node',
16:56:13     INFO -  'MOZ_NO_REMOTE': '1',
16:56:13     INFO -  'NO_EM_RESTART': '1',
16:56:13     INFO -  'NO_FAIL_ON_TEST_ERRORS': '1',
16:56:13     INFO -  'PATH': '/usr/local/sbin:/usr/local/bin:/usr/sbin:/usr/bin:/sbin:/bin:/usr/bin/X11',
16:56:13     INFO -  'PROPERTIES_FILE': '/builds/slave/test/buildprops.json',
16:56:13     INFO -  'PWD': '/builds/slave/test',
16:56:13     INFO -  'RUNNER_CONFIG_CMD': '/opt/runner/bin/python2.7 /opt/runner/bin/runner -c /opt/runner/runner.cfg',
16:56:13     INFO -  'SHELL': '/bin/bash',
16:56:13     INFO -  'SSH_AUTH_SOCK': '/private/tmp/com.apple.launchd.XsBny7RYLA/Listeners',
16:56:13     INFO -  'TMPDIR': '/var/folders/n0/6tpw2p6j3vx8fzyb0wrmlcwc00000w/T/',
16:56:13     INFO -  'TWISTD_LOG_PATH': '/builds/slave/twistd.log',
16:56:13     INFO -  'USER': 'cltbld',
16:56:13     INFO -  'VERSIONER_PYTHON_PREFER_32_BIT': 'no',
16:56:13     INFO -  'VERSIONER_PYTHON_VERSION': '2.7',
16:56:13     INFO -  'XPCOM_DEBUG_BREAK': 'warn',
16:56:13     INFO -  'XPC_FLAGS': '0x0',
16:56:13     INFO -  'XPC_SERVICE_NAME': '0',
16:56:13     INFO -  '__CF_USER_TEXT_ENCODING': '0x1C:0:0'}
16:56:13     INFO -  Ignoring indexes: https://pypi.python.org/simple
16:56:13     INFO -  Processing /builds/slave/test/build/tests/mozbase/manifestparser
16:56:14     INFO -    Requirement already satisfied (use --upgrade to upgrade): manifestparser==1.1 from file:///builds/slave/test/build/tests/mozbase/manifestparser in /builds/slave/test/build/venv/lib/python2.7/site-packages (from -r /builds/slave/test/build/tests/config/mozbase_requirements.txt (line 1))
16:56:14     INFO -  Processing /builds/slave/test/build/tests/mozbase/mozcrash
16:56:14     INFO -    Requirement already satisfied (use --upgrade to upgrade): mozcrash==1.0 from file:///builds/slave/test/build/tests/mozbase/mozcrash in /builds/slave/test/build/venv/lib/python2.7/site-packages (from -r /builds/slave/test/build/tests/config/mozbase_requirements.txt (line 2))
16:56:14     INFO -  Processing /builds/slave/test/build/tests/mozbase/mozdebug
16:56:14     INFO -    Requirement already satisfied (use --upgrade to upgrade): mozdebug==0.1 from file:///builds/slave/test/build/tests/mozbase/mozdebug in /builds/slave/test/build/venv/lib/python2.7/site-packages (from -r /builds/slave/test/build/tests/config/mozbase_requirements.txt (line 3))
16:56:14     INFO -  Processing /builds/slave/test/build/tests/mozbase/mozdevice
16:56:14     INFO -    Requirement already satisfied (use --upgrade to upgrade): mozdevice==0.48 from file:///builds/slave/test/build/tests/mozbase/mozdevice in /builds/slave/test/build/venv/lib/python2.7/site-packages (from -r /builds/slave/test/build/tests/config/mozbase_requirements.txt (line 4))
16:56:14     INFO -  Processing /builds/slave/test/build/tests/mozbase/mozfile
16:56:15     INFO -    Requirement already satisfied (use --upgrade to upgrade): mozfile==1.2 from file:///builds/slave/test/build/tests/mozbase/mozfile in /builds/slave/test/build/venv/lib/python2.7/site-packages (from -r /builds/slave/test/build/tests/config/mozbase_requirements.txt (line 5))
16:56:15     INFO -  Processing /builds/slave/test/build/tests/mozbase/mozhttpd
16:56:15     INFO -    Requirement already satisfied (use --upgrade to upgrade): mozhttpd==0.7 from file:///builds/slave/test/build/tests/mozbase/mozhttpd in /builds/slave/test/build/venv/lib/python2.7/site-packages (from -r /builds/slave/test/build/tests/config/mozbase_requirements.txt (line 6))
16:56:15     INFO -  Processing /builds/slave/test/build/tests/mozbase/mozinfo
16:56:15     INFO -    Requirement already satisfied (use --upgrade to upgrade): mozinfo==0.9 from file:///builds/slave/test/build/tests/mozbase/mozinfo in /builds/slave/test/build/venv/lib/python2.7/site-packages (from -r /builds/slave/test/build/tests/config/mozbase_requirements.txt (line 7))
16:56:15     INFO -  Processing /builds/slave/test/build/tests/mozbase/mozinstall
16:56:15     INFO -    Requirement already satisfied (use --upgrade to upgrade): mozInstall==1.12 from file:///builds/slave/test/build/tests/mozbase/mozinstall in /builds/slave/test/build/venv/lib/python2.7/site-packages (from -r /builds/slave/test/build/tests/config/mozbase_requirements.txt (line 8))
16:56:15     INFO -  Processing /builds/slave/test/build/tests/mozbase/mozleak
16:56:15     INFO -    Requirement already satisfied (use --upgrade to upgrade): mozleak==0.1 from file:///builds/slave/test/build/tests/mozbase/mozleak in /builds/slave/test/build/venv/lib/python2.7/site-packages (from -r /builds/slave/test/build/tests/config/mozbase_requirements.txt (line 9))
16:56:15     INFO -  Processing /builds/slave/test/build/tests/mozbase/mozlog
16:56:16     INFO -    Requirement already satisfied (use --upgrade to upgrade): mozlog==3.4 from file:///builds/slave/test/build/tests/mozbase/mozlog in /builds/slave/test/build/venv/lib/python2.7/site-packages (from -r /builds/slave/test/build/tests/config/mozbase_requirements.txt (line 10))
16:56:16     INFO -  Processing /builds/slave/test/build/tests/mozbase/moznetwork
16:56:16     INFO -    Requirement already satisfied (use --upgrade to upgrade): moznetwork==0.27 from file:///builds/slave/test/build/tests/mozbase/moznetwork in /builds/slave/test/build/venv/lib/python2.7/site-packages (from -r /builds/slave/test/build/tests/config/mozbase_requirements.txt (line 11))
16:56:16     INFO -  Processing /builds/slave/test/build/tests/mozbase/mozprocess
16:56:16     INFO -    Requirement already satisfied (use --upgrade to upgrade): mozprocess==0.23 from file:///builds/slave/test/build/tests/mozbase/mozprocess in /builds/slave/test/build/venv/lib/python2.7/site-packages (from -r /builds/slave/test/build/tests/config/mozbase_requirements.txt (line 12))
16:56:16     INFO -  Processing /builds/slave/test/build/tests/mozbase/mozprofile
16:56:16     INFO -    Requirement already satisfied (use --upgrade to upgrade): mozprofile==0.28 from file:///builds/slave/test/build/tests/mozbase/mozprofile in /builds/slave/test/build/venv/lib/python2.7/site-packages (from -r /builds/slave/test/build/tests/config/mozbase_requirements.txt (line 13))
16:56:16     INFO -  Processing /builds/slave/test/build/tests/mozbase/mozrunner
16:56:16     INFO -    Requirement already satisfied (use --upgrade to upgrade): mozrunner==6.13 from file:///builds/slave/test/build/tests/mozbase/mozrunner in /builds/slave/test/build/venv/lib/python2.7/site-packages (from -r /builds/slave/test/build/tests/config/mozbase_requirements.txt (line 14))
16:56:16     INFO -  Processing /builds/slave/test/build/tests/mozbase/mozscreenshot
16:56:17     INFO -    Requirement already satisfied (use --upgrade to upgrade): mozscreenshot==0.1 from file:///builds/slave/test/build/tests/mozbase/mozscreenshot in /builds/slave/test/build/venv/lib/python2.7/site-packages (from -r /builds/slave/test/build/tests/config/mozbase_requirements.txt (line 15))
16:56:17     INFO -  Processing /builds/slave/test/build/tests/mozbase/moztest
16:56:17     INFO -    Requirement already satisfied (use --upgrade to upgrade): moztest==0.8 from file:///builds/slave/test/build/tests/mozbase/moztest in /builds/slave/test/build/venv/lib/python2.7/site-packages (from -r /builds/slave/test/build/tests/config/mozbase_requirements.txt (line 16))
16:56:17     INFO -  Processing /builds/slave/test/build/tests/mozbase/mozversion
16:56:17     INFO -    Requirement already satisfied (use --upgrade to upgrade): mozversion==1.4 from file:///builds/slave/test/build/tests/mozbase/mozversion in /builds/slave/test/build/venv/lib/python2.7/site-packages (from -r /builds/slave/test/build/tests/config/mozbase_requirements.txt (line 17))
16:56:17     INFO -  Requirement already satisfied (use --upgrade to upgrade): mozfile>=1.0 in /builds/slave/test/build/venv/lib/python2.7/site-packages (from mozcrash==1.0->-r /builds/slave/test/build/tests/config/mozbase_requirements.txt (line 2))
16:56:17     INFO -  Requirement already satisfied (use --upgrade to upgrade): mozlog>=3.0 in /builds/slave/test/build/venv/lib/python2.7/site-packages (from mozcrash==1.0->-r /builds/slave/test/build/tests/config/mozbase_requirements.txt (line 2))
16:56:17     INFO -  Requirement already satisfied (use --upgrade to upgrade): mozinfo in /builds/slave/test/build/venv/lib/python2.7/site-packages (from mozdebug==0.1->-r /builds/slave/test/build/tests/config/mozbase_requirements.txt (line 3))
16:56:17     INFO -  Requirement already satisfied (use --upgrade to upgrade): moznetwork>=0.24 in /builds/slave/test/build/venv/lib/python2.7/site-packages (from mozdevice==0.48->-r /builds/slave/test/build/tests/config/mozbase_requirements.txt (line 4))
16:56:17     INFO -  Requirement already satisfied (use --upgrade to upgrade): mozprocess>=0.19 in /builds/slave/test/build/venv/lib/python2.7/site-packages (from mozdevice==0.48->-r /builds/slave/test/build/tests/config/mozbase_requirements.txt (line 4))
16:56:17     INFO -  Collecting blessings>=1.3 (from mozlog==3.4->-r /builds/slave/test/build/tests/config/mozbase_requirements.txt (line 10))
16:56:17     INFO -  /builds/slave/test/build/venv/lib/python2.7/site-packages/pip/_vendor/requests/packages/urllib3/util/ssl_.py:318: SNIMissingWarning: An HTTPS request has been made, but the SNI (Subject Name Indication) extension to TLS is not available on this platform. This may cause the server to present an incorrect TLS certificate, which can cause validation failures. You can upgrade to a newer version of Python to solve this. For more information, see https://urllib3.readthedocs.org/en/latest/security.html#snimissingwarning.
16:56:17     INFO -    SNIMissingWarning
16:56:17     INFO -  /builds/slave/test/build/venv/lib/python2.7/site-packages/pip/_vendor/requests/packages/urllib3/util/ssl_.py:122: InsecurePlatformWarning: A true SSLContext object is not available. This prevents urllib3 from configuring SSL appropriately and may cause certain SSL connections to fail. You can upgrade to a newer version of Python to solve this. For more information, see https://urllib3.readthedocs.org/en/latest/security.html#insecureplatformwarning.
16:56:17     INFO -    InsecurePlatformWarning
16:56:18     INFO -  /builds/slave/test/build/venv/lib/python2.7/site-packages/pip/_vendor/requests/packages/urllib3/util/ssl_.py:122: InsecurePlatformWarning: A true SSLContext object is not available. This prevents urllib3 from configuring SSL appropriately and may cause certain SSL connections to fail. You can upgrade to a newer version of Python to solve this. For more information, see https://urllib3.readthedocs.org/en/latest/security.html#insecureplatformwarning.
16:56:18     INFO -    InsecurePlatformWarning
16:56:20     INFO -  Installing collected packages: blessings
16:56:20     INFO -  Successfully installed blessings-1.6
16:56:20     INFO - Return code: 0
16:56:20     INFO - Installing pip>=1.5 into virtualenv /builds/slave/test/build/venv
16:56:20     INFO - retry: Calling run_command with args: [['/builds/slave/test/build/venv/bin/pip', 'install', '--timeout', '120', '--no-index', '--find-links', 'http://pypi.pvt.build.mozilla.org/pub', '--find-links', 'http://pypi.pub.build.mozilla.org/pub', '--trusted-host', 'pypi.pub.build.mozilla.org', '--trusted-host', 'pypi.pvt.build.mozilla.org', 'pip>=1.5']], kwargs: {'error_level': 'warning', 'error_list': [{'substr': 'not found or a compiler error:', 'level': 'warning'}, {'regex': <_sre.SRE_Pattern object at 0x109156170>, 'level': 'error'}, {'regex': <_sre.SRE_Pattern object at 0x1091f8960>, 'level': 'warning'}, {'regex': <_sre.SRE_Pattern object at 0x7fd833d48770>, 'level': 'debug'}, {'substr': 'command not found', 'level': 'error'}, {'regex': <_sre.SRE_Pattern object at 0x1090e91d0>, 'level': 'warning'}, {'substr': 'Traceback (most recent call last)', 'level': 'error'}, {'substr': 'SyntaxError: ', 'level': 'error'}, {'substr': 'TypeError: ', 'level': 'error'}, {'substr': 'NameError: ', 'level': 'error'}, {'substr': 'ZeroDivisionError: ', 'level': 'error'}, {'regex': <_sre.SRE_Pattern object at 0x1090c4108>, 'level': 'critical'}, {'regex': <_sre.SRE_Pattern object at 0x1090de030>, 'level': 'critical'}], 'cwd': '/builds/slave/test/build', 'env': {'VERSIONER_PYTHON_PREFER_32_BIT': 'no', 'LOGNAME': 'cltbld', 'USER': 'cltbld', 'XPC_SERVICE_NAME': '0', 'PATH': '/usr/local/sbin:/usr/local/bin:/usr/sbin:/usr/bin:/sbin:/bin:/usr/bin/X11', 'HOME': '/Users/cltbld', 'NO_EM_RESTART': '1', 'IDLEIZER_DISABLE_SHUTDOWN': 'true', 'XPCOM_DEBUG_BREAK': 'warn', 'Apple_PubSub_Socket_Render': '/private/tmp/com.apple.launchd.II46PipCf3/Render', 'MOZ_NODE_PATH': '/usr/local/bin/node', 'TWISTD_LOG_PATH': '/builds/slave/twistd.log', 'GIT_SHARE_BASE_DIR': '/builds/git-shared', 'VERSIONER_PYTHON_VERSION': '2.7', 'XPC_FLAGS': '0x0', 'NO_FAIL_ON_TEST_ERRORS': '1', 'HG_SHARE_BASE_DIR': '/builds/hg-shared', 'RUNNER_CONFIG_CMD': '/opt/runner/bin/python2.7 /opt/runner/bin/runner -c /opt/runner/runner.cfg', 'MOZ_NO_REMOTE': '1', 'MOZ_HIDE_RESULTS_TABLE': '1', 'SSH_AUTH_SOCK': '/private/tmp/com.apple.launchd.XsBny7RYLA/Listeners', 'SHELL': '/bin/bash', 'TMPDIR': '/var/folders/n0/6tpw2p6j3vx8fzyb0wrmlcwc00000w/T/', '__CF_USER_TEXT_ENCODING': '0x1C:0:0', 'PWD': '/builds/slave/test', 'PROPERTIES_FILE': '/builds/slave/test/buildprops.json'}}, attempt #1
16:56:20     INFO - Running command: ['/builds/slave/test/build/venv/bin/pip', 'install', '--timeout', '120', '--no-index', '--find-links', 'http://pypi.pvt.build.mozilla.org/pub', '--find-links', 'http://pypi.pub.build.mozilla.org/pub', '--trusted-host', 'pypi.pub.build.mozilla.org', '--trusted-host', 'pypi.pvt.build.mozilla.org', 'pip>=1.5'] in /builds/slave/test/build
16:56:20     INFO - Copy/paste: /builds/slave/test/build/venv/bin/pip install --timeout 120 --no-index --find-links http://pypi.pvt.build.mozilla.org/pub --find-links http://pypi.pub.build.mozilla.org/pub --trusted-host pypi.pub.build.mozilla.org --trusted-host pypi.pvt.build.mozilla.org pip>=1.5
16:56:20     INFO - Using env: {'Apple_PubSub_Socket_Render': '/private/tmp/com.apple.launchd.II46PipCf3/Render',
16:56:20     INFO -  'GIT_SHARE_BASE_DIR': '/builds/git-shared',
16:56:20     INFO -  'HG_SHARE_BASE_DIR': '/builds/hg-shared',
16:56:20     INFO -  'HOME': '/Users/cltbld',
16:56:20     INFO -  'IDLEIZER_DISABLE_SHUTDOWN': 'true',
16:56:20     INFO -  'LOGNAME': 'cltbld',
16:56:20     INFO -  'MOZ_HIDE_RESULTS_TABLE': '1',
16:56:20     INFO -  'MOZ_NODE_PATH': '/usr/local/bin/node',
16:56:20     INFO -  'MOZ_NO_REMOTE': '1',
16:56:20     INFO -  'NO_EM_RESTART': '1',
16:56:20     INFO -  'NO_FAIL_ON_TEST_ERRORS': '1',
16:56:20     INFO -  'PATH': '/usr/local/sbin:/usr/local/bin:/usr/sbin:/usr/bin:/sbin:/bin:/usr/bin/X11',
16:56:20     INFO -  'PROPERTIES_FILE': '/builds/slave/test/buildprops.json',
16:56:20     INFO -  'PWD': '/builds/slave/test',
16:56:20     INFO -  'RUNNER_CONFIG_CMD': '/opt/runner/bin/python2.7 /opt/runner/bin/runner -c /opt/runner/runner.cfg',
16:56:20     INFO -  'SHELL': '/bin/bash',
16:56:20     INFO -  'SSH_AUTH_SOCK': '/private/tmp/com.apple.launchd.XsBny7RYLA/Listeners',
16:56:20     INFO -  'TMPDIR': '/var/folders/n0/6tpw2p6j3vx8fzyb0wrmlcwc00000w/T/',
16:56:20     INFO -  'TWISTD_LOG_PATH': '/builds/slave/twistd.log',
16:56:20     INFO -  'USER': 'cltbld',
16:56:20     INFO -  'VERSIONER_PYTHON_PREFER_32_BIT': 'no',
16:56:20     INFO -  'VERSIONER_PYTHON_VERSION': '2.7',
16:56:20     INFO -  'XPCOM_DEBUG_BREAK': 'warn',
16:56:20     INFO -  'XPC_FLAGS': '0x0',
16:56:20     INFO -  'XPC_SERVICE_NAME': '0',
16:56:20     INFO -  '__CF_USER_TEXT_ENCODING': '0x1C:0:0'}
16:56:20     INFO -  Ignoring indexes: https://pypi.python.org/simple
16:56:20     INFO -  Requirement already satisfied (use --upgrade to upgrade): pip>=1.5 in ./venv/lib/python2.7/site-packages
16:56:20     INFO - Return code: 0
16:56:20     INFO - Installing psutil==3.1.1 into virtualenv /builds/slave/test/build/venv
16:56:20     INFO - retry: Calling run_command with args: [['/builds/slave/test/build/venv/bin/pip', 'install', '--timeout', '120', '--no-index', '--find-links', 'http://pypi.pvt.build.mozilla.org/pub', '--find-links', 'http://pypi.pub.build.mozilla.org/pub', '--trusted-host', 'pypi.pub.build.mozilla.org', '--trusted-host', 'pypi.pvt.build.mozilla.org', 'psutil==3.1.1']], kwargs: {'error_level': 'warning', 'error_list': [{'substr': 'not found or a compiler error:', 'level': 'warning'}, {'regex': <_sre.SRE_Pattern object at 0x109156170>, 'level': 'error'}, {'regex': <_sre.SRE_Pattern object at 0x1091f8960>, 'level': 'warning'}, {'regex': <_sre.SRE_Pattern object at 0x7fd833d48770>, 'level': 'debug'}, {'substr': 'command not found', 'level': 'error'}, {'regex': <_sre.SRE_Pattern object at 0x1090e91d0>, 'level': 'warning'}, {'substr': 'Traceback (most recent call last)', 'level': 'error'}, {'substr': 'SyntaxError: ', 'level': 'error'}, {'substr': 'TypeError: ', 'level': 'error'}, {'substr': 'NameError: ', 'level': 'error'}, {'substr': 'ZeroDivisionError: ', 'level': 'error'}, {'regex': <_sre.SRE_Pattern object at 0x1090c4108>, 'level': 'critical'}, {'regex': <_sre.SRE_Pattern object at 0x1090de030>, 'level': 'critical'}], 'cwd': '/builds/slave/test/build', 'env': {'VERSIONER_PYTHON_PREFER_32_BIT': 'no', 'LOGNAME': 'cltbld', 'USER': 'cltbld', 'XPC_SERVICE_NAME': '0', 'PATH': '/usr/local/sbin:/usr/local/bin:/usr/sbin:/usr/bin:/sbin:/bin:/usr/bin/X11', 'HOME': '/Users/cltbld', 'NO_EM_RESTART': '1', 'IDLEIZER_DISABLE_SHUTDOWN': 'true', 'XPCOM_DEBUG_BREAK': 'warn', 'Apple_PubSub_Socket_Render': '/private/tmp/com.apple.launchd.II46PipCf3/Render', 'MOZ_NODE_PATH': '/usr/local/bin/node', 'TWISTD_LOG_PATH': '/builds/slave/twistd.log', 'GIT_SHARE_BASE_DIR': '/builds/git-shared', 'VERSIONER_PYTHON_VERSION': '2.7', 'XPC_FLAGS': '0x0', 'NO_FAIL_ON_TEST_ERRORS': '1', 'HG_SHARE_BASE_DIR': '/builds/hg-shared', 'RUNNER_CONFIG_CMD': '/opt/runner/bin/python2.7 /opt/runner/bin/runner -c /opt/runner/runner.cfg', 'MOZ_NO_REMOTE': '1', 'MOZ_HIDE_RESULTS_TABLE': '1', 'SSH_AUTH_SOCK': '/private/tmp/com.apple.launchd.XsBny7RYLA/Listeners', 'SHELL': '/bin/bash', 'TMPDIR': '/var/folders/n0/6tpw2p6j3vx8fzyb0wrmlcwc00000w/T/', '__CF_USER_TEXT_ENCODING': '0x1C:0:0', 'PWD': '/builds/slave/test', 'PROPERTIES_FILE': '/builds/slave/test/buildprops.json'}}, attempt #1
16:56:20     INFO - Running command: ['/builds/slave/test/build/venv/bin/pip', 'install', '--timeout', '120', '--no-index', '--find-links', 'http://pypi.pvt.build.mozilla.org/pub', '--find-links', 'http://pypi.pub.build.mozilla.org/pub', '--trusted-host', 'pypi.pub.build.mozilla.org', '--trusted-host', 'pypi.pvt.build.mozilla.org', 'psutil==3.1.1'] in /builds/slave/test/build
16:56:20     INFO - Copy/paste: /builds/slave/test/build/venv/bin/pip install --timeout 120 --no-index --find-links http://pypi.pvt.build.mozilla.org/pub --find-links http://pypi.pub.build.mozilla.org/pub --trusted-host pypi.pub.build.mozilla.org --trusted-host pypi.pvt.build.mozilla.org psutil==3.1.1
16:56:20     INFO - Using env: {'Apple_PubSub_Socket_Render': '/private/tmp/com.apple.launchd.II46PipCf3/Render',
16:56:20     INFO -  'GIT_SHARE_BASE_DIR': '/builds/git-shared',
16:56:20     INFO -  'HG_SHARE_BASE_DIR': '/builds/hg-shared',
16:56:20     INFO -  'HOME': '/Users/cltbld',
16:56:20     INFO -  'IDLEIZER_DISABLE_SHUTDOWN': 'true',
16:56:20     INFO -  'LOGNAME': 'cltbld',
16:56:20     INFO -  'MOZ_HIDE_RESULTS_TABLE': '1',
16:56:20     INFO -  'MOZ_NODE_PATH': '/usr/local/bin/node',
16:56:20     INFO -  'MOZ_NO_REMOTE': '1',
16:56:20     INFO -  'NO_EM_RESTART': '1',
16:56:20     INFO -  'NO_FAIL_ON_TEST_ERRORS': '1',
16:56:20     INFO -  'PATH': '/usr/local/sbin:/usr/local/bin:/usr/sbin:/usr/bin:/sbin:/bin:/usr/bin/X11',
16:56:20     INFO -  'PROPERTIES_FILE': '/builds/slave/test/buildprops.json',
16:56:20     INFO -  'PWD': '/builds/slave/test',
16:56:20     INFO -  'RUNNER_CONFIG_CMD': '/opt/runner/bin/python2.7 /opt/runner/bin/runner -c /opt/runner/runner.cfg',
16:56:20     INFO -  'SHELL': '/bin/bash',
16:56:20     INFO -  'SSH_AUTH_SOCK': '/private/tmp/com.apple.launchd.XsBny7RYLA/Listeners',
16:56:20     INFO -  'TMPDIR': '/var/folders/n0/6tpw2p6j3vx8fzyb0wrmlcwc00000w/T/',
16:56:20     INFO -  'TWISTD_LOG_PATH': '/builds/slave/twistd.log',
16:56:20     INFO -  'USER': 'cltbld',
16:56:20     INFO -  'VERSIONER_PYTHON_PREFER_32_BIT': 'no',
16:56:20     INFO -  'VERSIONER_PYTHON_VERSION': '2.7',
16:56:20     INFO -  'XPCOM_DEBUG_BREAK': 'warn',
16:56:20     INFO -  'XPC_FLAGS': '0x0',
16:56:20     INFO -  'XPC_SERVICE_NAME': '0',
16:56:20     INFO -  '__CF_USER_TEXT_ENCODING': '0x1C:0:0'}
16:56:21     INFO -  Ignoring indexes: https://pypi.python.org/simple
16:56:21     INFO -  Collecting psutil==3.1.1
16:56:21     INFO -  /builds/slave/test/build/venv/lib/python2.7/site-packages/pip/_vendor/requests/packages/urllib3/util/ssl_.py:318: SNIMissingWarning: An HTTPS request has been made, but the SNI (Subject Name Indication) extension to TLS is not available on this platform. This may cause the server to present an incorrect TLS certificate, which can cause validation failures. You can upgrade to a newer version of Python to solve this. For more information, see https://urllib3.readthedocs.org/en/latest/security.html#snimissingwarning.
16:56:21     INFO -    SNIMissingWarning
16:56:21     INFO -  /builds/slave/test/build/venv/lib/python2.7/site-packages/pip/_vendor/requests/packages/urllib3/util/ssl_.py:122: InsecurePlatformWarning: A true SSLContext object is not available. This prevents urllib3 from configuring SSL appropriately and may cause certain SSL connections to fail. You can upgrade to a newer version of Python to solve this. For more information, see https://urllib3.readthedocs.org/en/latest/security.html#insecureplatformwarning.
16:56:21     INFO -    InsecurePlatformWarning
16:56:21     INFO -  /builds/slave/test/build/venv/lib/python2.7/site-packages/pip/_vendor/requests/packages/urllib3/util/ssl_.py:122: InsecurePlatformWarning: A true SSLContext object is not available. This prevents urllib3 from configuring SSL appropriately and may cause certain SSL connections to fail. You can upgrade to a newer version of Python to solve this. For more information, see https://urllib3.readthedocs.org/en/latest/security.html#insecureplatformwarning.
16:56:21     INFO -    InsecurePlatformWarning
16:56:23     INFO -  Installing collected packages: psutil
16:56:23     INFO -    Found existing installation: psutil 5.4.3
16:56:23     INFO -      Uninstalling psutil-5.4.3:
16:56:23     INFO -        Successfully uninstalled psutil-5.4.3
16:56:23     INFO -  Successfully installed psutil-3.1.1
16:56:23     INFO - Return code: 0
16:56:23     INFO - Installing mock into virtualenv /builds/slave/test/build/venv
16:56:23     INFO - retry: Calling run_command with args: [['/builds/slave/test/build/venv/bin/pip', 'install', '--timeout', '120', '--no-index', '--find-links', 'http://pypi.pvt.build.mozilla.org/pub', '--find-links', 'http://pypi.pub.build.mozilla.org/pub', '--trusted-host', 'pypi.pub.build.mozilla.org', '--trusted-host', 'pypi.pvt.build.mozilla.org', 'mock']], kwargs: {'error_level': 'warning', 'error_list': [{'substr': 'not found or a compiler error:', 'level': 'warning'}, {'regex': <_sre.SRE_Pattern object at 0x109156170>, 'level': 'error'}, {'regex': <_sre.SRE_Pattern object at 0x1091f8960>, 'level': 'warning'}, {'regex': <_sre.SRE_Pattern object at 0x7fd833d48770>, 'level': 'debug'}, {'substr': 'command not found', 'level': 'error'}, {'regex': <_sre.SRE_Pattern object at 0x1090e91d0>, 'level': 'warning'}, {'substr': 'Traceback (most recent call last)', 'level': 'error'}, {'substr': 'SyntaxError: ', 'level': 'error'}, {'substr': 'TypeError: ', 'level': 'error'}, {'substr': 'NameError: ', 'level': 'error'}, {'substr': 'ZeroDivisionError: ', 'level': 'error'}, {'regex': <_sre.SRE_Pattern object at 0x1090c4108>, 'level': 'critical'}, {'regex': <_sre.SRE_Pattern object at 0x1090de030>, 'level': 'critical'}], 'cwd': '/builds/slave/test/build', 'env': {'VERSIONER_PYTHON_PREFER_32_BIT': 'no', 'LOGNAME': 'cltbld', 'USER': 'cltbld', 'XPC_SERVICE_NAME': '0', 'PATH': '/usr/local/sbin:/usr/local/bin:/usr/sbin:/usr/bin:/sbin:/bin:/usr/bin/X11', 'HOME': '/Users/cltbld', 'NO_EM_RESTART': '1', 'IDLEIZER_DISABLE_SHUTDOWN': 'true', 'XPCOM_DEBUG_BREAK': 'warn', 'Apple_PubSub_Socket_Render': '/private/tmp/com.apple.launchd.II46PipCf3/Render', 'MOZ_NODE_PATH': '/usr/local/bin/node', 'TWISTD_LOG_PATH': '/builds/slave/twistd.log', 'GIT_SHARE_BASE_DIR': '/builds/git-shared', 'VERSIONER_PYTHON_VERSION': '2.7', 'XPC_FLAGS': '0x0', 'NO_FAIL_ON_TEST_ERRORS': '1', 'HG_SHARE_BASE_DIR': '/builds/hg-shared', 'RUNNER_CONFIG_CMD': '/opt/runner/bin/python2.7 /opt/runner/bin/runner -c /opt/runner/runner.cfg', 'MOZ_NO_REMOTE': '1', 'MOZ_HIDE_RESULTS_TABLE': '1', 'SSH_AUTH_SOCK': '/private/tmp/com.apple.launchd.XsBny7RYLA/Listeners', 'SHELL': '/bin/bash', 'TMPDIR': '/var/folders/n0/6tpw2p6j3vx8fzyb0wrmlcwc00000w/T/', '__CF_USER_TEXT_ENCODING': '0x1C:0:0', 'PWD': '/builds/slave/test', 'PROPERTIES_FILE': '/builds/slave/test/buildprops.json'}}, attempt #1
16:56:23     INFO - Running command: ['/builds/slave/test/build/venv/bin/pip', 'install', '--timeout', '120', '--no-index', '--find-links', 'http://pypi.pvt.build.mozilla.org/pub', '--find-links', 'http://pypi.pub.build.mozilla.org/pub', '--trusted-host', 'pypi.pub.build.mozilla.org', '--trusted-host', 'pypi.pvt.build.mozilla.org', 'mock'] in /builds/slave/test/build
16:56:23     INFO - Copy/paste: /builds/slave/test/build/venv/bin/pip install --timeout 120 --no-index --find-links http://pypi.pvt.build.mozilla.org/pub --find-links http://pypi.pub.build.mozilla.org/pub --trusted-host pypi.pub.build.mozilla.org --trusted-host pypi.pvt.build.mozilla.org mock
16:56:23     INFO - Using env: {'Apple_PubSub_Socket_Render': '/private/tmp/com.apple.launchd.II46PipCf3/Render',
16:56:23     INFO -  'GIT_SHARE_BASE_DIR': '/builds/git-shared',
16:56:23     INFO -  'HG_SHARE_BASE_DIR': '/builds/hg-shared',
16:56:23     INFO -  'HOME': '/Users/cltbld',
16:56:23     INFO -  'IDLEIZER_DISABLE_SHUTDOWN': 'true',
16:56:23     INFO -  'LOGNAME': 'cltbld',
16:56:23     INFO -  'MOZ_HIDE_RESULTS_TABLE': '1',
16:56:23     INFO -  'MOZ_NODE_PATH': '/usr/local/bin/node',
16:56:23     INFO -  'MOZ_NO_REMOTE': '1',
16:56:23     INFO -  'NO_EM_RESTART': '1',
16:56:23     INFO -  'NO_FAIL_ON_TEST_ERRORS': '1',
16:56:23     INFO -  'PATH': '/usr/local/sbin:/usr/local/bin:/usr/sbin:/usr/bin:/sbin:/bin:/usr/bin/X11',
16:56:23     INFO -  'PROPERTIES_FILE': '/builds/slave/test/buildprops.json',
16:56:23     INFO -  'PWD': '/builds/slave/test',
16:56:23     INFO -  'RUNNER_CONFIG_CMD': '/opt/runner/bin/python2.7 /opt/runner/bin/runner -c /opt/runner/runner.cfg',
16:56:23     INFO -  'SHELL': '/bin/bash',
16:56:23     INFO -  'SSH_AUTH_SOCK': '/private/tmp/com.apple.launchd.XsBny7RYLA/Listeners',
16:56:23     INFO -  'TMPDIR': '/var/folders/n0/6tpw2p6j3vx8fzyb0wrmlcwc00000w/T/',
16:56:23     INFO -  'TWISTD_LOG_PATH': '/builds/slave/twistd.log',
16:56:23     INFO -  'USER': 'cltbld',
16:56:23     INFO -  'VERSIONER_PYTHON_PREFER_32_BIT': 'no',
16:56:23     INFO -  'VERSIONER_PYTHON_VERSION': '2.7',
16:56:23     INFO -  'XPCOM_DEBUG_BREAK': 'warn',
16:56:23     INFO -  'XPC_FLAGS': '0x0',
16:56:23     INFO -  'XPC_SERVICE_NAME': '0',
16:56:23     INFO -  '__CF_USER_TEXT_ENCODING': '0x1C:0:0'}
16:56:24     INFO -  Ignoring indexes: https://pypi.python.org/simple
16:56:24     INFO -  Collecting mock
16:56:24     INFO -  /builds/slave/test/build/venv/lib/python2.7/site-packages/pip/_vendor/requests/packages/urllib3/util/ssl_.py:318: SNIMissingWarning: An HTTPS request has been made, but the SNI (Subject Name Indication) extension to TLS is not available on this platform. This may cause the server to present an incorrect TLS certificate, which can cause validation failures. You can upgrade to a newer version of Python to solve this. For more information, see https://urllib3.readthedocs.org/en/latest/security.html#snimissingwarning.
16:56:24     INFO -    SNIMissingWarning
16:56:24     INFO -  /builds/slave/test/build/venv/lib/python2.7/site-packages/pip/_vendor/requests/packages/urllib3/util/ssl_.py:122: InsecurePlatformWarning: A true SSLContext object is not available. This prevents urllib3 from configuring SSL appropriately and may cause certain SSL connections to fail. You can upgrade to a newer version of Python to solve this. For more information, see https://urllib3.readthedocs.org/en/latest/security.html#insecureplatformwarning.
16:56:24     INFO -    InsecurePlatformWarning
16:56:24     INFO -  /builds/slave/test/build/venv/lib/python2.7/site-packages/pip/_vendor/requests/packages/urllib3/util/ssl_.py:122: InsecurePlatformWarning: A true SSLContext object is not available. This prevents urllib3 from configuring SSL appropriately and may cause certain SSL connections to fail. You can upgrade to a newer version of Python to solve this. For more information, see https://urllib3.readthedocs.org/en/latest/security.html#insecureplatformwarning.
16:56:24     INFO -    InsecurePlatformWarning
16:56:27     INFO -  Installing collected packages: mock
16:56:27     INFO -  Successfully installed mock-1.0.1
16:56:27     INFO - Return code: 0
16:56:27     INFO - Installing simplejson into virtualenv /builds/slave/test/build/venv
16:56:27     INFO - retry: Calling run_command with args: [['/builds/slave/test/build/venv/bin/pip', 'install', '--timeout', '120', '--no-index', '--find-links', 'http://pypi.pvt.build.mozilla.org/pub', '--find-links', 'http://pypi.pub.build.mozilla.org/pub', '--trusted-host', 'pypi.pub.build.mozilla.org', '--trusted-host', 'pypi.pvt.build.mozilla.org', 'simplejson']], kwargs: {'error_level': 'warning', 'error_list': [{'substr': 'not found or a compiler error:', 'level': 'warning'}, {'regex': <_sre.SRE_Pattern object at 0x109156170>, 'level': 'error'}, {'regex': <_sre.SRE_Pattern object at 0x1091f8960>, 'level': 'warning'}, {'regex': <_sre.SRE_Pattern object at 0x7fd833d48770>, 'level': 'debug'}, {'substr': 'command not found', 'level': 'error'}, {'regex': <_sre.SRE_Pattern object at 0x1090e91d0>, 'level': 'warning'}, {'substr': 'Traceback (most recent call last)', 'level': 'error'}, {'substr': 'SyntaxError: ', 'level': 'error'}, {'substr': 'TypeError: ', 'level': 'error'}, {'substr': 'NameError: ', 'level': 'error'}, {'substr': 'ZeroDivisionError: ', 'level': 'error'}, {'regex': <_sre.SRE_Pattern object at 0x1090c4108>, 'level': 'critical'}, {'regex': <_sre.SRE_Pattern object at 0x1090de030>, 'level': 'critical'}], 'cwd': '/builds/slave/test/build', 'env': {'VERSIONER_PYTHON_PREFER_32_BIT': 'no', 'LOGNAME': 'cltbld', 'USER': 'cltbld', 'XPC_SERVICE_NAME': '0', 'PATH': '/usr/local/sbin:/usr/local/bin:/usr/sbin:/usr/bin:/sbin:/bin:/usr/bin/X11', 'HOME': '/Users/cltbld', 'NO_EM_RESTART': '1', 'IDLEIZER_DISABLE_SHUTDOWN': 'true', 'XPCOM_DEBUG_BREAK': 'warn', 'Apple_PubSub_Socket_Render': '/private/tmp/com.apple.launchd.II46PipCf3/Render', 'MOZ_NODE_PATH': '/usr/local/bin/node', 'TWISTD_LOG_PATH': '/builds/slave/twistd.log', 'GIT_SHARE_BASE_DIR': '/builds/git-shared', 'VERSIONER_PYTHON_VERSION': '2.7', 'XPC_FLAGS': '0x0', 'NO_FAIL_ON_TEST_ERRORS': '1', 'HG_SHARE_BASE_DIR': '/builds/hg-shared', 'RUNNER_CONFIG_CMD': '/opt/runner/bin/python2.7 /opt/runner/bin/runner -c /opt/runner/runner.cfg', 'MOZ_NO_REMOTE': '1', 'MOZ_HIDE_RESULTS_TABLE': '1', 'SSH_AUTH_SOCK': '/private/tmp/com.apple.launchd.XsBny7RYLA/Listeners', 'SHELL': '/bin/bash', 'TMPDIR': '/var/folders/n0/6tpw2p6j3vx8fzyb0wrmlcwc00000w/T/', '__CF_USER_TEXT_ENCODING': '0x1C:0:0', 'PWD': '/builds/slave/test', 'PROPERTIES_FILE': '/builds/slave/test/buildprops.json'}}, attempt #1
16:56:27     INFO - Running command: ['/builds/slave/test/build/venv/bin/pip', 'install', '--timeout', '120', '--no-index', '--find-links', 'http://pypi.pvt.build.mozilla.org/pub', '--find-links', 'http://pypi.pub.build.mozilla.org/pub', '--trusted-host', 'pypi.pub.build.mozilla.org', '--trusted-host', 'pypi.pvt.build.mozilla.org', 'simplejson'] in /builds/slave/test/build
16:56:27     INFO - Copy/paste: /builds/slave/test/build/venv/bin/pip install --timeout 120 --no-index --find-links http://pypi.pvt.build.mozilla.org/pub --find-links http://pypi.pub.build.mozilla.org/pub --trusted-host pypi.pub.build.mozilla.org --trusted-host pypi.pvt.build.mozilla.org simplejson
16:56:27     INFO - Using env: {'Apple_PubSub_Socket_Render': '/private/tmp/com.apple.launchd.II46PipCf3/Render',
16:56:27     INFO -  'GIT_SHARE_BASE_DIR': '/builds/git-shared',
16:56:27     INFO -  'HG_SHARE_BASE_DIR': '/builds/hg-shared',
16:56:27     INFO -  'HOME': '/Users/cltbld',
16:56:27     INFO -  'IDLEIZER_DISABLE_SHUTDOWN': 'true',
16:56:27     INFO -  'LOGNAME': 'cltbld',
16:56:27     INFO -  'MOZ_HIDE_RESULTS_TABLE': '1',
16:56:27     INFO -  'MOZ_NODE_PATH': '/usr/local/bin/node',
16:56:27     INFO -  'MOZ_NO_REMOTE': '1',
16:56:27     INFO -  'NO_EM_RESTART': '1',
16:56:27     INFO -  'NO_FAIL_ON_TEST_ERRORS': '1',
16:56:27     INFO -  'PATH': '/usr/local/sbin:/usr/local/bin:/usr/sbin:/usr/bin:/sbin:/bin:/usr/bin/X11',
16:56:27     INFO -  'PROPERTIES_FILE': '/builds/slave/test/buildprops.json',
16:56:27     INFO -  'PWD': '/builds/slave/test',
16:56:27     INFO -  'RUNNER_CONFIG_CMD': '/opt/runner/bin/python2.7 /opt/runner/bin/runner -c /opt/runner/runner.cfg',
16:56:27     INFO -  'SHELL': '/bin/bash',
16:56:27     INFO -  'SSH_AUTH_SOCK': '/private/tmp/com.apple.launchd.XsBny7RYLA/Listeners',
16:56:27     INFO -  'TMPDIR': '/var/folders/n0/6tpw2p6j3vx8fzyb0wrmlcwc00000w/T/',
16:56:27     INFO -  'TWISTD_LOG_PATH': '/builds/slave/twistd.log',
16:56:27     INFO -  'USER': 'cltbld',
16:56:27     INFO -  'VERSIONER_PYTHON_PREFER_32_BIT': 'no',
16:56:27     INFO -  'VERSIONER_PYTHON_VERSION': '2.7',
16:56:27     INFO -  'XPCOM_DEBUG_BREAK': 'warn',
16:56:27     INFO -  'XPC_FLAGS': '0x0',
16:56:27     INFO -  'XPC_SERVICE_NAME': '0',
16:56:27     INFO -  '__CF_USER_TEXT_ENCODING': '0x1C:0:0'}
16:56:27     INFO -  Ignoring indexes: https://pypi.python.org/simple
16:56:27     INFO -  Collecting simplejson
16:56:27     INFO -  /builds/slave/test/build/venv/lib/python2.7/site-packages/pip/_vendor/requests/packages/urllib3/util/ssl_.py:318: SNIMissingWarning: An HTTPS request has been made, but the SNI (Subject Name Indication) extension to TLS is not available on this platform. This may cause the server to present an incorrect TLS certificate, which can cause validation failures. You can upgrade to a newer version of Python to solve this. For more information, see https://urllib3.readthedocs.org/en/latest/security.html#snimissingwarning.
16:56:27     INFO -    SNIMissingWarning
16:56:27     INFO -  /builds/slave/test/build/venv/lib/python2.7/site-packages/pip/_vendor/requests/packages/urllib3/util/ssl_.py:122: InsecurePlatformWarning: A true SSLContext object is not available. This prevents urllib3 from configuring SSL appropriately and may cause certain SSL connections to fail. You can upgrade to a newer version of Python to solve this. For more information, see https://urllib3.readthedocs.org/en/latest/security.html#insecureplatformwarning.
16:56:27     INFO -    InsecurePlatformWarning
16:56:27     INFO -  /builds/slave/test/build/venv/lib/python2.7/site-packages/pip/_vendor/requests/packages/urllib3/util/ssl_.py:122: InsecurePlatformWarning: A true SSLContext object is not available. This prevents urllib3 from configuring SSL appropriately and may cause certain SSL connections to fail. You can upgrade to a newer version of Python to solve this. For more information, see https://urllib3.readthedocs.org/en/latest/security.html#insecureplatformwarning.
16:56:27     INFO -    InsecurePlatformWarning
16:56:29     INFO -  Installing collected packages: simplejson
16:56:29     INFO -  Successfully installed simplejson-3.3.0
16:56:29     INFO - Return code: 0
16:56:29     INFO - Installing None into virtualenv /builds/slave/test/build/venv
16:56:29     INFO - retry: Calling run_command with args: [['/builds/slave/test/build/venv/bin/pip', 'install', '--no-deps', '--timeout', '120', '-r', '/builds/slave/test/build/tests/config/marionette_requirements.txt', '--no-index', '--find-links', 'http://pypi.pvt.build.mozilla.org/pub', '--find-links', 'http://pypi.pub.build.mozilla.org/pub', '--trusted-host', 'pypi.pub.build.mozilla.org', '--trusted-host', 'pypi.pvt.build.mozilla.org']], kwargs: {'error_level': 'warning', 'error_list': [{'substr': 'not found or a compiler error:', 'level': 'warning'}, {'regex': <_sre.SRE_Pattern object at 0x109156170>, 'level': 'error'}, {'regex': <_sre.SRE_Pattern object at 0x1091f8960>, 'level': 'warning'}, {'regex': <_sre.SRE_Pattern object at 0x7fd833d48770>, 'level': 'debug'}, {'substr': 'command not found', 'level': 'error'}, {'regex': <_sre.SRE_Pattern object at 0x1090e91d0>, 'level': 'warning'}, {'substr': 'Traceback (most recent call last)', 'level': 'error'}, {'substr': 'SyntaxError: ', 'level': 'error'}, {'substr': 'TypeError: ', 'level': 'error'}, {'substr': 'NameError: ', 'level': 'error'}, {'substr': 'ZeroDivisionError: ', 'level': 'error'}, {'regex': <_sre.SRE_Pattern object at 0x1090c4108>, 'level': 'critical'}, {'regex': <_sre.SRE_Pattern object at 0x1090de030>, 'level': 'critical'}], 'cwd': '/builds/slave/test/build/tests/config', 'env': {'VERSIONER_PYTHON_PREFER_32_BIT': 'no', 'LOGNAME': 'cltbld', 'USER': 'cltbld', 'XPC_SERVICE_NAME': '0', 'PATH': '/usr/local/sbin:/usr/local/bin:/usr/sbin:/usr/bin:/sbin:/bin:/usr/bin/X11', 'HOME': '/Users/cltbld', 'NO_EM_RESTART': '1', 'IDLEIZER_DISABLE_SHUTDOWN': 'true', 'XPCOM_DEBUG_BREAK': 'warn', 'Apple_PubSub_Socket_Render': '/private/tmp/com.apple.launchd.II46PipCf3/Render', 'MOZ_NODE_PATH': '/usr/local/bin/node', 'TWISTD_LOG_PATH': '/builds/slave/twistd.log', 'GIT_SHARE_BASE_DIR': '/builds/git-shared', 'VERSIONER_PYTHON_VERSION': '2.7', 'XPC_FLAGS': '0x0', 'NO_FAIL_ON_TEST_ERRORS': '1', 'HG_SHARE_BASE_DIR': '/builds/hg-shared', 'RUNNER_CONFIG_CMD': '/opt/runner/bin/python2.7 /opt/runner/bin/runner -c /opt/runner/runner.cfg', 'MOZ_NO_REMOTE': '1', 'MOZ_HIDE_RESULTS_TABLE': '1', 'SSH_AUTH_SOCK': '/private/tmp/com.apple.launchd.XsBny7RYLA/Listeners', 'SHELL': '/bin/bash', 'TMPDIR': '/var/folders/n0/6tpw2p6j3vx8fzyb0wrmlcwc00000w/T/', '__CF_USER_TEXT_ENCODING': '0x1C:0:0', 'PWD': '/builds/slave/test', 'PROPERTIES_FILE': '/builds/slave/test/buildprops.json'}}, attempt #1
16:56:29     INFO - Running command: ['/builds/slave/test/build/venv/bin/pip', 'install', '--no-deps', '--timeout', '120', '-r', '/builds/slave/test/build/tests/config/marionette_requirements.txt', '--no-index', '--find-links', 'http://pypi.pvt.build.mozilla.org/pub', '--find-links', 'http://pypi.pub.build.mozilla.org/pub', '--trusted-host', 'pypi.pub.build.mozilla.org', '--trusted-host', 'pypi.pvt.build.mozilla.org'] in /builds/slave/test/build/tests/config
16:56:29     INFO - Copy/paste: /builds/slave/test/build/venv/bin/pip install --no-deps --timeout 120 -r /builds/slave/test/build/tests/config/marionette_requirements.txt --no-index --find-links http://pypi.pvt.build.mozilla.org/pub --find-links http://pypi.pub.build.mozilla.org/pub --trusted-host pypi.pub.build.mozilla.org --trusted-host pypi.pvt.build.mozilla.org
16:56:29     INFO - Using env: {'Apple_PubSub_Socket_Render': '/private/tmp/com.apple.launchd.II46PipCf3/Render',
16:56:29     INFO -  'GIT_SHARE_BASE_DIR': '/builds/git-shared',
16:56:29     INFO -  'HG_SHARE_BASE_DIR': '/builds/hg-shared',
16:56:29     INFO -  'HOME': '/Users/cltbld',
16:56:29     INFO -  'IDLEIZER_DISABLE_SHUTDOWN': 'true',
16:56:29     INFO -  'LOGNAME': 'cltbld',
16:56:29     INFO -  'MOZ_HIDE_RESULTS_TABLE': '1',
16:56:29     INFO -  'MOZ_NODE_PATH': '/usr/local/bin/node',
16:56:29     INFO -  'MOZ_NO_REMOTE': '1',
16:56:29     INFO -  'NO_EM_RESTART': '1',
16:56:29     INFO -  'NO_FAIL_ON_TEST_ERRORS': '1',
16:56:29     INFO -  'PATH': '/usr/local/sbin:/usr/local/bin:/usr/sbin:/usr/bin:/sbin:/bin:/usr/bin/X11',
16:56:29     INFO -  'PROPERTIES_FILE': '/builds/slave/test/buildprops.json',
16:56:29     INFO -  'PWD': '/builds/slave/test',
16:56:29     INFO -  'RUNNER_CONFIG_CMD': '/opt/runner/bin/python2.7 /opt/runner/bin/runner -c /opt/runner/runner.cfg',
16:56:29     INFO -  'SHELL': '/bin/bash',
16:56:29     INFO -  'SSH_AUTH_SOCK': '/private/tmp/com.apple.launchd.XsBny7RYLA/Listeners',
16:56:29     INFO -  'TMPDIR': '/var/folders/n0/6tpw2p6j3vx8fzyb0wrmlcwc00000w/T/',
16:56:29     INFO -  'TWISTD_LOG_PATH': '/builds/slave/twistd.log',
16:56:29     INFO -  'USER': 'cltbld',
16:56:29     INFO -  'VERSIONER_PYTHON_PREFER_32_BIT': 'no',
16:56:29     INFO -  'VERSIONER_PYTHON_VERSION': '2.7',
16:56:29     INFO -  'XPCOM_DEBUG_BREAK': 'warn',
16:56:29     INFO -  'XPC_FLAGS': '0x0',
16:56:29     INFO -  'XPC_SERVICE_NAME': '0',
16:56:29     INFO -  '__CF_USER_TEXT_ENCODING': '0x1C:0:0'}
16:56:30     INFO -  Ignoring indexes: https://pypi.python.org/simple
16:56:30     INFO -  Processing /builds/slave/test/build/tests/mozbase/manifestparser
16:56:30     INFO -    Requirement already satisfied (use --upgrade to upgrade): manifestparser==1.1 from file:///builds/slave/test/build/tests/mozbase/manifestparser in /builds/slave/test/build/venv/lib/python2.7/site-packages (from -r /builds/slave/test/build/tests/config/mozbase_requirements.txt (line 1))
16:56:30     INFO -  Processing /builds/slave/test/build/tests/mozbase/mozcrash
16:56:30     INFO -    Requirement already satisfied (use --upgrade to upgrade): mozcrash==1.0 from file:///builds/slave/test/build/tests/mozbase/mozcrash in /builds/slave/test/build/venv/lib/python2.7/site-packages (from -r /builds/slave/test/build/tests/config/mozbase_requirements.txt (line 2))
16:56:30     INFO -  Processing /builds/slave/test/build/tests/mozbase/mozdebug
16:56:30     INFO -    Requirement already satisfied (use --upgrade to upgrade): mozdebug==0.1 from file:///builds/slave/test/build/tests/mozbase/mozdebug in /builds/slave/test/build/venv/lib/python2.7/site-packages (from -r /builds/slave/test/build/tests/config/mozbase_requirements.txt (line 3))
16:56:30     INFO -  Processing /builds/slave/test/build/tests/mozbase/mozdevice
16:56:31     INFO -    Requirement already satisfied (use --upgrade to upgrade): mozdevice==0.48 from file:///builds/slave/test/build/tests/mozbase/mozdevice in /builds/slave/test/build/venv/lib/python2.7/site-packages (from -r /builds/slave/test/build/tests/config/mozbase_requirements.txt (line 4))
16:56:31     INFO -  Processing /builds/slave/test/build/tests/mozbase/mozfile
16:56:31     INFO -    Requirement already satisfied (use --upgrade to upgrade): mozfile==1.2 from file:///builds/slave/test/build/tests/mozbase/mozfile in /builds/slave/test/build/venv/lib/python2.7/site-packages (from -r /builds/slave/test/build/tests/config/mozbase_requirements.txt (line 5))
16:56:31     INFO -  Processing /builds/slave/test/build/tests/mozbase/mozhttpd
16:56:31     INFO -    Requirement already satisfied (use --upgrade to upgrade): mozhttpd==0.7 from file:///builds/slave/test/build/tests/mozbase/mozhttpd in /builds/slave/test/build/venv/lib/python2.7/site-packages (from -r /builds/slave/test/build/tests/config/mozbase_requirements.txt (line 6))
16:56:31     INFO -  Processing /builds/slave/test/build/tests/mozbase/mozinfo
16:56:31     INFO -    Requirement already satisfied (use --upgrade to upgrade): mozinfo==0.9 from file:///builds/slave/test/build/tests/mozbase/mozinfo in /builds/slave/test/build/venv/lib/python2.7/site-packages (from -r /builds/slave/test/build/tests/config/mozbase_requirements.txt (line 7))
16:56:31     INFO -  Processing /builds/slave/test/build/tests/mozbase/mozinstall
16:56:31     INFO -    Requirement already satisfied (use --upgrade to upgrade): mozInstall==1.12 from file:///builds/slave/test/build/tests/mozbase/mozinstall in /builds/slave/test/build/venv/lib/python2.7/site-packages (from -r /builds/slave/test/build/tests/config/mozbase_requirements.txt (line 8))
16:56:31     INFO -  Processing /builds/slave/test/build/tests/mozbase/mozleak
16:56:32     INFO -    Requirement already satisfied (use --upgrade to upgrade): mozleak==0.1 from file:///builds/slave/test/build/tests/mozbase/mozleak in /builds/slave/test/build/venv/lib/python2.7/site-packages (from -r /builds/slave/test/build/tests/config/mozbase_requirements.txt (line 9))
16:56:32     INFO -  Processing /builds/slave/test/build/tests/mozbase/mozlog
16:56:32     INFO -    Requirement already satisfied (use --upgrade to upgrade): mozlog==3.4 from file:///builds/slave/test/build/tests/mozbase/mozlog in /builds/slave/test/build/venv/lib/python2.7/site-packages (from -r /builds/slave/test/build/tests/config/mozbase_requirements.txt (line 10))
16:56:32     INFO -  Processing /builds/slave/test/build/tests/mozbase/moznetwork
16:56:32     INFO -    Requirement already satisfied (use --upgrade to upgrade): moznetwork==0.27 from file:///builds/slave/test/build/tests/mozbase/moznetwork in /builds/slave/test/build/venv/lib/python2.7/site-packages (from -r /builds/slave/test/build/tests/config/mozbase_requirements.txt (line 11))
16:56:32     INFO -  Processing /builds/slave/test/build/tests/mozbase/mozprocess
16:56:32     INFO -    Requirement already satisfied (use --upgrade to upgrade): mozprocess==0.23 from file:///builds/slave/test/build/tests/mozbase/mozprocess in /builds/slave/test/build/venv/lib/python2.7/site-packages (from -r /builds/slave/test/build/tests/config/mozbase_requirements.txt (line 12))
16:56:32     INFO -  Processing /builds/slave/test/build/tests/mozbase/mozprofile
16:56:32     INFO -    Requirement already satisfied (use --upgrade to upgrade): mozprofile==0.28 from file:///builds/slave/test/build/tests/mozbase/mozprofile in /builds/slave/test/build/venv/lib/python2.7/site-packages (from -r /builds/slave/test/build/tests/config/mozbase_requirements.txt (line 13))
16:56:32     INFO -  Processing /builds/slave/test/build/tests/mozbase/mozrunner
16:56:33     INFO -    Requirement already satisfied (use --upgrade to upgrade): mozrunner==6.13 from file:///builds/slave/test/build/tests/mozbase/mozrunner in /builds/slave/test/build/venv/lib/python2.7/site-packages (from -r /builds/slave/test/build/tests/config/mozbase_requirements.txt (line 14))
16:56:33     INFO -  Processing /builds/slave/test/build/tests/mozbase/mozscreenshot
16:56:33     INFO -    Requirement already satisfied (use --upgrade to upgrade): mozscreenshot==0.1 from file:///builds/slave/test/build/tests/mozbase/mozscreenshot in /builds/slave/test/build/venv/lib/python2.7/site-packages (from -r /builds/slave/test/build/tests/config/mozbase_requirements.txt (line 15))
16:56:33     INFO -  Processing /builds/slave/test/build/tests/mozbase/moztest
16:56:33     INFO -    Requirement already satisfied (use --upgrade to upgrade): moztest==0.8 from file:///builds/slave/test/build/tests/mozbase/moztest in /builds/slave/test/build/venv/lib/python2.7/site-packages (from -r /builds/slave/test/build/tests/config/mozbase_requirements.txt (line 16))
16:56:33     INFO -  Processing /builds/slave/test/build/tests/mozbase/mozversion
16:56:33     INFO -    Requirement already satisfied (use --upgrade to upgrade): mozversion==1.4 from file:///builds/slave/test/build/tests/mozbase/mozversion in /builds/slave/test/build/venv/lib/python2.7/site-packages (from -r /builds/slave/test/build/tests/config/mozbase_requirements.txt (line 17))
16:56:33     INFO -  Processing /builds/slave/test/build/tests/tools/wptserve
16:56:33     INFO -  Processing /builds/slave/test/build/tests/marionette/client
16:56:34     INFO -  Processing /builds/slave/test/build/tests/marionette/harness/marionette_harness/runner/mixins/browsermob-proxy-py
16:56:34     INFO -  Processing /builds/slave/test/build/tests/marionette/harness
16:56:34     INFO -  Processing /builds/slave/test/build/tests/marionette/puppeteer/firefox
16:56:34     INFO -  Building wheels for collected packages: browsermob-proxy
16:56:34     INFO -    Running setup.py bdist_wheel for browsermob-proxy: started
16:56:35     INFO -    Running setup.py bdist_wheel for browsermob-proxy: finished with status 'done'
16:56:35     INFO -    Stored in directory: /Users/cltbld/Library/Caches/pip/wheels/10/00/c1/79bb793b6a7eb4dca9dfd244010f550ae5044951bcd23c261e
16:56:35     INFO -  Successfully built browsermob-proxy
16:56:35     INFO -  Installing collected packages: wptserve, marionette-driver, browsermob-proxy, marionette-harness, firefox-puppeteer
16:56:35     INFO -    Running setup.py install for wptserve: started
16:56:35     INFO -      Running setup.py install for wptserve: finished with status 'done'
16:56:35     INFO -    Running setup.py install for marionette-driver: started
16:56:35     INFO -      Running setup.py install for marionette-driver: finished with status 'done'
16:56:35     INFO -    Running setup.py install for marionette-harness: started
16:56:35     INFO -      Running setup.py install for marionette-harness: finished with status 'done'
16:56:35     INFO -    Running setup.py install for firefox-puppeteer: started
16:56:36     INFO -      Running setup.py install for firefox-puppeteer: finished with status 'done'
16:56:36     INFO -  Successfully installed browsermob-proxy-0.6.0 firefox-puppeteer-52.1.0 marionette-driver-2.2.0 marionette-harness-4.0.0 wptserve-1.4.0
16:56:36     INFO - Return code: 0
16:56:36     INFO - Installing None into virtualenv /builds/slave/test/build/venv
16:56:36     INFO - retry: Calling run_command with args: [['/builds/slave/test/build/venv/bin/pip', 'install', '--timeout', '120', '-r', '/builds/slave/test/build/tests/config/marionette_requirements.txt', '--no-index', '--find-links', 'http://pypi.pvt.build.mozilla.org/pub', '--find-links', 'http://pypi.pub.build.mozilla.org/pub', '--trusted-host', 'pypi.pub.build.mozilla.org', '--trusted-host', 'pypi.pvt.build.mozilla.org']], kwargs: {'error_level': 'warning', 'error_list': [{'substr': 'not found or a compiler error:', 'level': 'warning'}, {'regex': <_sre.SRE_Pattern object at 0x109156170>, 'level': 'error'}, {'regex': <_sre.SRE_Pattern object at 0x1091f8960>, 'level': 'warning'}, {'regex': <_sre.SRE_Pattern object at 0x7fd833d48770>, 'level': 'debug'}, {'substr': 'command not found', 'level': 'error'}, {'regex': <_sre.SRE_Pattern object at 0x1090e91d0>, 'level': 'warning'}, {'substr': 'Traceback (most recent call last)', 'level': 'error'}, {'substr': 'SyntaxError: ', 'level': 'error'}, {'substr': 'TypeError: ', 'level': 'error'}, {'substr': 'NameError: ', 'level': 'error'}, {'substr': 'ZeroDivisionError: ', 'level': 'error'}, {'regex': <_sre.SRE_Pattern object at 0x1090c4108>, 'level': 'critical'}, {'regex': <_sre.SRE_Pattern object at 0x1090de030>, 'level': 'critical'}], 'cwd': '/builds/slave/test/build/tests/config', 'env': {'VERSIONER_PYTHON_PREFER_32_BIT': 'no', 'LOGNAME': 'cltbld', 'USER': 'cltbld', 'XPC_SERVICE_NAME': '0', 'PATH': '/usr/local/sbin:/usr/local/bin:/usr/sbin:/usr/bin:/sbin:/bin:/usr/bin/X11', 'HOME': '/Users/cltbld', 'NO_EM_RESTART': '1', 'IDLEIZER_DISABLE_SHUTDOWN': 'true', 'XPCOM_DEBUG_BREAK': 'warn', 'Apple_PubSub_Socket_Render': '/private/tmp/com.apple.launchd.II46PipCf3/Render', 'MOZ_NODE_PATH': '/usr/local/bin/node', 'TWISTD_LOG_PATH': '/builds/slave/twistd.log', 'GIT_SHARE_BASE_DIR': '/builds/git-shared', 'VERSIONER_PYTHON_VERSION': '2.7', 'XPC_FLAGS': '0x0', 'NO_FAIL_ON_TEST_ERRORS': '1', 'HG_SHARE_BASE_DIR': '/builds/hg-shared', 'RUNNER_CONFIG_CMD': '/opt/runner/bin/python2.7 /opt/runner/bin/runner -c /opt/runner/runner.cfg', 'MOZ_NO_REMOTE': '1', 'MOZ_HIDE_RESULTS_TABLE': '1', 'SSH_AUTH_SOCK': '/private/tmp/com.apple.launchd.XsBny7RYLA/Listeners', 'SHELL': '/bin/bash', 'TMPDIR': '/var/folders/n0/6tpw2p6j3vx8fzyb0wrmlcwc00000w/T/', '__CF_USER_TEXT_ENCODING': '0x1C:0:0', 'PWD': '/builds/slave/test', 'PROPERTIES_FILE': '/builds/slave/test/buildprops.json'}}, attempt #1
16:56:36     INFO - Running command: ['/builds/slave/test/build/venv/bin/pip', 'install', '--timeout', '120', '-r', '/builds/slave/test/build/tests/config/marionette_requirements.txt', '--no-index', '--find-links', 'http://pypi.pvt.build.mozilla.org/pub', '--find-links', 'http://pypi.pub.build.mozilla.org/pub', '--trusted-host', 'pypi.pub.build.mozilla.org', '--trusted-host', 'pypi.pvt.build.mozilla.org'] in /builds/slave/test/build/tests/config
16:56:36     INFO - Copy/paste: /builds/slave/test/build/venv/bin/pip install --timeout 120 -r /builds/slave/test/build/tests/config/marionette_requirements.txt --no-index --find-links http://pypi.pvt.build.mozilla.org/pub --find-links http://pypi.pub.build.mozilla.org/pub --trusted-host pypi.pub.build.mozilla.org --trusted-host pypi.pvt.build.mozilla.org
16:56:36     INFO - Using env: {'Apple_PubSub_Socket_Render': '/private/tmp/com.apple.launchd.II46PipCf3/Render',
16:56:36     INFO -  'GIT_SHARE_BASE_DIR': '/builds/git-shared',
16:56:36     INFO -  'HG_SHARE_BASE_DIR': '/builds/hg-shared',
16:56:36     INFO -  'HOME': '/Users/cltbld',
16:56:36     INFO -  'IDLEIZER_DISABLE_SHUTDOWN': 'true',
16:56:36     INFO -  'LOGNAME': 'cltbld',
16:56:36     INFO -  'MOZ_HIDE_RESULTS_TABLE': '1',
16:56:36     INFO -  'MOZ_NODE_PATH': '/usr/local/bin/node',
16:56:36     INFO -  'MOZ_NO_REMOTE': '1',
16:56:36     INFO -  'NO_EM_RESTART': '1',
16:56:36     INFO -  'NO_FAIL_ON_TEST_ERRORS': '1',
16:56:36     INFO -  'PATH': '/usr/local/sbin:/usr/local/bin:/usr/sbin:/usr/bin:/sbin:/bin:/usr/bin/X11',
16:56:36     INFO -  'PROPERTIES_FILE': '/builds/slave/test/buildprops.json',
16:56:36     INFO -  'PWD': '/builds/slave/test',
16:56:36     INFO -  'RUNNER_CONFIG_CMD': '/opt/runner/bin/python2.7 /opt/runner/bin/runner -c /opt/runner/runner.cfg',
16:56:36     INFO -  'SHELL': '/bin/bash',
16:56:36     INFO -  'SSH_AUTH_SOCK': '/private/tmp/com.apple.launchd.XsBny7RYLA/Listeners',
16:56:36     INFO -  'TMPDIR': '/var/folders/n0/6tpw2p6j3vx8fzyb0wrmlcwc00000w/T/',
16:56:36     INFO -  'TWISTD_LOG_PATH': '/builds/slave/twistd.log',
16:56:36     INFO -  'USER': 'cltbld',
16:56:36     INFO -  'VERSIONER_PYTHON_PREFER_32_BIT': 'no',
16:56:36     INFO -  'VERSIONER_PYTHON_VERSION': '2.7',
16:56:36     INFO -  'XPCOM_DEBUG_BREAK': 'warn',
16:56:36     INFO -  'XPC_FLAGS': '0x0',
16:56:36     INFO -  'XPC_SERVICE_NAME': '0',
16:56:36     INFO -  '__CF_USER_TEXT_ENCODING': '0x1C:0:0'}
16:56:36     INFO -  Ignoring indexes: https://pypi.python.org/simple
16:56:36     INFO -  Processing /builds/slave/test/build/tests/mozbase/manifestparser
16:56:36     INFO -    Requirement already satisfied (use --upgrade to upgrade): manifestparser==1.1 from file:///builds/slave/test/build/tests/mozbase/manifestparser in /builds/slave/test/build/venv/lib/python2.7/site-packages (from -r /builds/slave/test/build/tests/config/mozbase_requirements.txt (line 1))
16:56:36     INFO -  Processing /builds/slave/test/build/tests/mozbase/mozcrash
16:56:37     INFO -    Requirement already satisfied (use --upgrade to upgrade): mozcrash==1.0 from file:///builds/slave/test/build/tests/mozbase/mozcrash in /builds/slave/test/build/venv/lib/python2.7/site-packages (from -r /builds/slave/test/build/tests/config/mozbase_requirements.txt (line 2))
16:56:37     INFO -  Processing /builds/slave/test/build/tests/mozbase/mozdebug
16:56:37     INFO -    Requirement already satisfied (use --upgrade to upgrade): mozdebug==0.1 from file:///builds/slave/test/build/tests/mozbase/mozdebug in /builds/slave/test/build/venv/lib/python2.7/site-packages (from -r /builds/slave/test/build/tests/config/mozbase_requirements.txt (line 3))
16:56:37     INFO -  Processing /builds/slave/test/build/tests/mozbase/mozdevice
16:56:37     INFO -    Requirement already satisfied (use --upgrade to upgrade): mozdevice==0.48 from file:///builds/slave/test/build/tests/mozbase/mozdevice in /builds/slave/test/build/venv/lib/python2.7/site-packages (from -r /builds/slave/test/build/tests/config/mozbase_requirements.txt (line 4))
16:56:37     INFO -  Processing /builds/slave/test/build/tests/mozbase/mozfile
16:56:37     INFO -    Requirement already satisfied (use --upgrade to upgrade): mozfile==1.2 from file:///builds/slave/test/build/tests/mozbase/mozfile in /builds/slave/test/build/venv/lib/python2.7/site-packages (from -r /builds/slave/test/build/tests/config/mozbase_requirements.txt (line 5))
16:56:37     INFO -  Processing /builds/slave/test/build/tests/mozbase/mozhttpd
16:56:37     INFO -    Requirement already satisfied (use --upgrade to upgrade): mozhttpd==0.7 from file:///builds/slave/test/build/tests/mozbase/mozhttpd in /builds/slave/test/build/venv/lib/python2.7/site-packages (from -r /builds/slave/test/build/tests/config/mozbase_requirements.txt (line 6))
16:56:37     INFO -  Processing /builds/slave/test/build/tests/mozbase/mozinfo
16:56:38     INFO -    Requirement already satisfied (use --upgrade to upgrade): mozinfo==0.9 from file:///builds/slave/test/build/tests/mozbase/mozinfo in /builds/slave/test/build/venv/lib/python2.7/site-packages (from -r /builds/slave/test/build/tests/config/mozbase_requirements.txt (line 7))
16:56:38     INFO -  Processing /builds/slave/test/build/tests/mozbase/mozinstall
16:56:38     INFO -    Requirement already satisfied (use --upgrade to upgrade): mozInstall==1.12 from file:///builds/slave/test/build/tests/mozbase/mozinstall in /builds/slave/test/build/venv/lib/python2.7/site-packages (from -r /builds/slave/test/build/tests/config/mozbase_requirements.txt (line 8))
16:56:38     INFO -  Processing /builds/slave/test/build/tests/mozbase/mozleak
16:56:38     INFO -    Requirement already satisfied (use --upgrade to upgrade): mozleak==0.1 from file:///builds/slave/test/build/tests/mozbase/mozleak in /builds/slave/test/build/venv/lib/python2.7/site-packages (from -r /builds/slave/test/build/tests/config/mozbase_requirements.txt (line 9))
16:56:38     INFO -  Processing /builds/slave/test/build/tests/mozbase/mozlog
16:56:38     INFO -    Requirement already satisfied (use --upgrade to upgrade): mozlog==3.4 from file:///builds/slave/test/build/tests/mozbase/mozlog in /builds/slave/test/build/venv/lib/python2.7/site-packages (from -r /builds/slave/test/build/tests/config/mozbase_requirements.txt (line 10))
16:56:38     INFO -  Processing /builds/slave/test/build/tests/mozbase/moznetwork
16:56:39     INFO -    Requirement already satisfied (use --upgrade to upgrade): moznetwork==0.27 from file:///builds/slave/test/build/tests/mozbase/moznetwork in /builds/slave/test/build/venv/lib/python2.7/site-packages (from -r /builds/slave/test/build/tests/config/mozbase_requirements.txt (line 11))
16:56:39     INFO -  Processing /builds/slave/test/build/tests/mozbase/mozprocess
16:56:39     INFO -    Requirement already satisfied (use --upgrade to upgrade): mozprocess==0.23 from file:///builds/slave/test/build/tests/mozbase/mozprocess in /builds/slave/test/build/venv/lib/python2.7/site-packages (from -r /builds/slave/test/build/tests/config/mozbase_requirements.txt (line 12))
16:56:39     INFO -  Processing /builds/slave/test/build/tests/mozbase/mozprofile
16:56:39     INFO -    Requirement already satisfied (use --upgrade to upgrade): mozprofile==0.28 from file:///builds/slave/test/build/tests/mozbase/mozprofile in /builds/slave/test/build/venv/lib/python2.7/site-packages (from -r /builds/slave/test/build/tests/config/mozbase_requirements.txt (line 13))
16:56:39     INFO -  Processing /builds/slave/test/build/tests/mozbase/mozrunner
16:56:39     INFO -    Requirement already satisfied (use --upgrade to upgrade): mozrunner==6.13 from file:///builds/slave/test/build/tests/mozbase/mozrunner in /builds/slave/test/build/venv/lib/python2.7/site-packages (from -r /builds/slave/test/build/tests/config/mozbase_requirements.txt (line 14))
16:56:39     INFO -  Processing /builds/slave/test/build/tests/mozbase/mozscreenshot
16:56:39     INFO -    Requirement already satisfied (use --upgrade to upgrade): mozscreenshot==0.1 from file:///builds/slave/test/build/tests/mozbase/mozscreenshot in /builds/slave/test/build/venv/lib/python2.7/site-packages (from -r /builds/slave/test/build/tests/config/mozbase_requirements.txt (line 15))
16:56:39     INFO -  Processing /builds/slave/test/build/tests/mozbase/moztest
16:56:40     INFO -    Requirement already satisfied (use --upgrade to upgrade): moztest==0.8 from file:///builds/slave/test/build/tests/mozbase/moztest in /builds/slave/test/build/venv/lib/python2.7/site-packages (from -r /builds/slave/test/build/tests/config/mozbase_requirements.txt (line 16))
16:56:40     INFO -  Processing /builds/slave/test/build/tests/mozbase/mozversion
16:56:40     INFO -    Requirement already satisfied (use --upgrade to upgrade): mozversion==1.4 from file:///builds/slave/test/build/tests/mozbase/mozversion in /builds/slave/test/build/venv/lib/python2.7/site-packages (from -r /builds/slave/test/build/tests/config/mozbase_requirements.txt (line 17))
16:56:40     INFO -  Processing /builds/slave/test/build/tests/tools/wptserve
16:56:40     INFO -    Requirement already satisfied (use --upgrade to upgrade): wptserve==1.4.0 from file:///builds/slave/test/build/tests/tools/wptserve in /builds/slave/test/build/venv/lib/python2.7/site-packages (from -r /builds/slave/test/build/tests/config/marionette_requirements.txt (line 3))
16:56:40     INFO -  Processing /builds/slave/test/build/tests/marionette/client
16:56:40     INFO -    Requirement already satisfied (use --upgrade to upgrade): marionette-driver==2.2.0 from file:///builds/slave/test/build/tests/marionette/client in /builds/slave/test/build/venv/lib/python2.7/site-packages (from -r /builds/slave/test/build/tests/config/marionette_requirements.txt (line 4))
16:56:40     INFO -  Processing /builds/slave/test/build/tests/marionette/harness/marionette_harness/runner/mixins/browsermob-proxy-py
16:56:40     INFO -    Requirement already satisfied (use --upgrade to upgrade): browsermob-proxy==0.6.0 from file:///builds/slave/test/build/tests/marionette/harness/marionette_harness/runner/mixins/browsermob-proxy-py in /builds/slave/test/build/venv/lib/python2.7/site-packages (from -r /builds/slave/test/build/tests/config/marionette_requirements.txt (line 5))
16:56:40     INFO -  Processing /builds/slave/test/build/tests/marionette/harness
16:56:41     INFO -    Requirement already satisfied (use --upgrade to upgrade): marionette-harness==4.0.0 from file:///builds/slave/test/build/tests/marionette/harness in /builds/slave/test/build/venv/lib/python2.7/site-packages (from -r /builds/slave/test/build/tests/config/marionette_requirements.txt (line 6))
16:56:41     INFO -  Processing /builds/slave/test/build/tests/marionette/puppeteer/firefox
16:56:41     INFO -    Requirement already satisfied (use --upgrade to upgrade): firefox-puppeteer==52.1.0 from file:///builds/slave/test/build/tests/marionette/puppeteer/firefox in /builds/slave/test/build/venv/lib/python2.7/site-packages (from -r /builds/slave/test/build/tests/config/marionette_requirements.txt (line 9))
16:56:41     INFO -  Requirement already satisfied (use --upgrade to upgrade): mozfile>=1.0 in /builds/slave/test/build/venv/lib/python2.7/site-packages (from mozcrash==1.0->-r /builds/slave/test/build/tests/config/mozbase_requirements.txt (line 2))
16:56:41     INFO -  Requirement already satisfied (use --upgrade to upgrade): mozlog>=3.0 in /builds/slave/test/build/venv/lib/python2.7/site-packages (from mozcrash==1.0->-r /builds/slave/test/build/tests/config/mozbase_requirements.txt (line 2))
16:56:41     INFO -  Requirement already satisfied (use --upgrade to upgrade): mozinfo in /builds/slave/test/build/venv/lib/python2.7/site-packages (from mozdebug==0.1->-r /builds/slave/test/build/tests/config/mozbase_requirements.txt (line 3))
16:56:41     INFO -  Requirement already satisfied (use --upgrade to upgrade): moznetwork>=0.24 in /builds/slave/test/build/venv/lib/python2.7/site-packages (from mozdevice==0.48->-r /builds/slave/test/build/tests/config/mozbase_requirements.txt (line 4))
16:56:41     INFO -  Requirement already satisfied (use --upgrade to upgrade): mozprocess>=0.19 in /builds/slave/test/build/venv/lib/python2.7/site-packages (from mozdevice==0.48->-r /builds/slave/test/build/tests/config/mozbase_requirements.txt (line 4))
16:56:41     INFO -  Requirement already satisfied (use --upgrade to upgrade): blessings>=1.3 in /builds/slave/test/build/venv/lib/python2.7/site-packages (from mozlog==3.4->-r /builds/slave/test/build/tests/config/mozbase_requirements.txt (line 10))
16:56:41     INFO -  Requirement already satisfied (use --upgrade to upgrade): requests>=1.1.0 in /builds/slave/test/build/venv/lib/python2.7/site-packages (from browsermob-proxy==0.6.0->-r /builds/slave/test/build/tests/config/marionette_requirements.txt (line 5))
16:56:41     INFO -  Building wheels for collected packages: browsermob-proxy
16:56:41     INFO -    Running setup.py bdist_wheel for browsermob-proxy: started
16:56:41     INFO -    Running setup.py bdist_wheel for browsermob-proxy: finished with status 'done'
16:56:41     INFO -    Stored in directory: /Users/cltbld/Library/Caches/pip/wheels/10/00/c1/79bb793b6a7eb4dca9dfd244010f550ae5044951bcd23c261e
16:56:41     INFO -  Successfully built browsermob-proxy
16:56:41     INFO - Return code: 0
16:56:41     INFO - Installing None into virtualenv /builds/slave/test/build/venv
16:56:42     INFO - retry: Calling run_command with args: [['/builds/slave/test/build/venv/bin/pip', 'install', '--no-deps', '--timeout', '120', '-r', '/builds/slave/test/build/tests/mochitest/websocketprocessbridge/websocketprocessbridge_requirements.txt', '--no-index', '--find-links', 'http://pypi.pvt.build.mozilla.org/pub', '--find-links', 'http://pypi.pub.build.mozilla.org/pub', '--trusted-host', 'pypi.pub.build.mozilla.org', '--trusted-host', 'pypi.pvt.build.mozilla.org']], kwargs: {'error_level': 'warning', 'error_list': [{'substr': 'not found or a compiler error:', 'level': 'warning'}, {'regex': <_sre.SRE_Pattern object at 0x109156170>, 'level': 'error'}, {'regex': <_sre.SRE_Pattern object at 0x1091f8960>, 'level': 'warning'}, {'regex': <_sre.SRE_Pattern object at 0x7fd833d48770>, 'level': 'debug'}, {'substr': 'command not found', 'level': 'error'}, {'regex': <_sre.SRE_Pattern object at 0x1090e91d0>, 'level': 'warning'}, {'substr': 'Traceback (most recent call last)', 'level': 'error'}, {'substr': 'SyntaxError: ', 'level': 'error'}, {'substr': 'TypeError: ', 'level': 'error'}, {'substr': 'NameError: ', 'level': 'error'}, {'substr': 'ZeroDivisionError: ', 'level': 'error'}, {'regex': <_sre.SRE_Pattern object at 0x1090c4108>, 'level': 'critical'}, {'regex': <_sre.SRE_Pattern object at 0x1090de030>, 'level': 'critical'}], 'cwd': '/builds/slave/test/build/tests/mochitest/websocketprocessbridge', 'env': {'VERSIONER_PYTHON_PREFER_32_BIT': 'no', 'LOGNAME': 'cltbld', 'USER': 'cltbld', 'XPC_SERVICE_NAME': '0', 'PATH': '/usr/local/sbin:/usr/local/bin:/usr/sbin:/usr/bin:/sbin:/bin:/usr/bin/X11', 'HOME': '/Users/cltbld', 'NO_EM_RESTART': '1', 'IDLEIZER_DISABLE_SHUTDOWN': 'true', 'XPCOM_DEBUG_BREAK': 'warn', 'Apple_PubSub_Socket_Render': '/private/tmp/com.apple.launchd.II46PipCf3/Render', 'MOZ_NODE_PATH': '/usr/local/bin/node', 'TWISTD_LOG_PATH': '/builds/slave/twistd.log', 'GIT_SHARE_BASE_DIR': '/builds/git-shared', 'VERSIONER_PYTHON_VERSION': '2.7', 'XPC_FLAGS': '0x0', 'NO_FAIL_ON_TEST_ERRORS': '1', 'HG_SHARE_BASE_DIR': '/builds/hg-shared', 'RUNNER_CONFIG_CMD': '/opt/runner/bin/python2.7 /opt/runner/bin/runner -c /opt/runner/runner.cfg', 'MOZ_NO_REMOTE': '1', 'MOZ_HIDE_RESULTS_TABLE': '1', 'SSH_AUTH_SOCK': '/private/tmp/com.apple.launchd.XsBny7RYLA/Listeners', 'SHELL': '/bin/bash', 'TMPDIR': '/var/folders/n0/6tpw2p6j3vx8fzyb0wrmlcwc00000w/T/', '__CF_USER_TEXT_ENCODING': '0x1C:0:0', 'PWD': '/builds/slave/test', 'PROPERTIES_FILE': '/builds/slave/test/buildprops.json'}}, attempt #1
16:56:42     INFO - Running command: ['/builds/slave/test/build/venv/bin/pip', 'install', '--no-deps', '--timeout', '120', '-r', '/builds/slave/test/build/tests/mochitest/websocketprocessbridge/websocketprocessbridge_requirements.txt', '--no-index', '--find-links', 'http://pypi.pvt.build.mozilla.org/pub', '--find-links', 'http://pypi.pub.build.mozilla.org/pub', '--trusted-host', 'pypi.pub.build.mozilla.org', '--trusted-host', 'pypi.pvt.build.mozilla.org'] in /builds/slave/test/build/tests/mochitest/websocketprocessbridge
16:56:42     INFO - Copy/paste: /builds/slave/test/build/venv/bin/pip install --no-deps --timeout 120 -r /builds/slave/test/build/tests/mochitest/websocketprocessbridge/websocketprocessbridge_requirements.txt --no-index --find-links http://pypi.pvt.build.mozilla.org/pub --find-links http://pypi.pub.build.mozilla.org/pub --trusted-host pypi.pub.build.mozilla.org --trusted-host pypi.pvt.build.mozilla.org
16:56:42     INFO - Using env: {'Apple_PubSub_Socket_Render': '/private/tmp/com.apple.launchd.II46PipCf3/Render',
16:56:42     INFO -  'GIT_SHARE_BASE_DIR': '/builds/git-shared',
16:56:42     INFO -  'HG_SHARE_BASE_DIR': '/builds/hg-shared',
16:56:42     INFO -  'HOME': '/Users/cltbld',
16:56:42     INFO -  'IDLEIZER_DISABLE_SHUTDOWN': 'true',
16:56:42     INFO -  'LOGNAME': 'cltbld',
16:56:42     INFO -  'MOZ_HIDE_RESULTS_TABLE': '1',
16:56:42     INFO -  'MOZ_NODE_PATH': '/usr/local/bin/node',
16:56:42     INFO -  'MOZ_NO_REMOTE': '1',
16:56:42     INFO -  'NO_EM_RESTART': '1',
16:56:42     INFO -  'NO_FAIL_ON_TEST_ERRORS': '1',
16:56:42     INFO -  'PATH': '/usr/local/sbin:/usr/local/bin:/usr/sbin:/usr/bin:/sbin:/bin:/usr/bin/X11',
16:56:42     INFO -  'PROPERTIES_FILE': '/builds/slave/test/buildprops.json',
16:56:42     INFO -  'PWD': '/builds/slave/test',
16:56:42     INFO -  'RUNNER_CONFIG_CMD': '/opt/runner/bin/python2.7 /opt/runner/bin/runner -c /opt/runner/runner.cfg',
16:56:42     INFO -  'SHELL': '/bin/bash',
16:56:42     INFO -  'SSH_AUTH_SOCK': '/private/tmp/com.apple.launchd.XsBny7RYLA/Listeners',
16:56:42     INFO -  'TMPDIR': '/var/folders/n0/6tpw2p6j3vx8fzyb0wrmlcwc00000w/T/',
16:56:42     INFO -  'TWISTD_LOG_PATH': '/builds/slave/twistd.log',
16:56:42     INFO -  'USER': 'cltbld',
16:56:42     INFO -  'VERSIONER_PYTHON_PREFER_32_BIT': 'no',
16:56:42     INFO -  'VERSIONER_PYTHON_VERSION': '2.7',
16:56:42     INFO -  'XPCOM_DEBUG_BREAK': 'warn',
16:56:42     INFO -  'XPC_FLAGS': '0x0',
16:56:42     INFO -  'XPC_SERVICE_NAME': '0',
16:56:42     INFO -  '__CF_USER_TEXT_ENCODING': '0x1C:0:0'}
16:56:42     INFO -  Ignoring indexes: https://pypi.python.org/simple
16:56:42     INFO -  Requirement already satisfied (use --upgrade to upgrade): six==1.10.0 in /builds/slave/test/build/venv/lib/python2.7/site-packages (from -r /builds/slave/test/build/tests/mochitest/websocketprocessbridge/websocketprocessbridge_requirements.txt (line 2))
16:56:42     INFO -  Collecting twisted==10.2.0 (from -r /builds/slave/test/build/tests/mochitest/websocketprocessbridge/websocketprocessbridge_requirements.txt (line 4))
16:56:42     INFO -  /builds/slave/test/build/venv/lib/python2.7/site-packages/pip/_vendor/requests/packages/urllib3/util/ssl_.py:318: SNIMissingWarning: An HTTPS request has been made, but the SNI (Subject Name Indication) extension to TLS is not available on this platform. This may cause the server to present an incorrect TLS certificate, which can cause validation failures. You can upgrade to a newer version of Python to solve this. For more information, see https://urllib3.readthedocs.org/en/latest/security.html#snimissingwarning.
16:56:42     INFO -    SNIMissingWarning
16:56:42     INFO -  /builds/slave/test/build/venv/lib/python2.7/site-packages/pip/_vendor/requests/packages/urllib3/util/ssl_.py:122: InsecurePlatformWarning: A true SSLContext object is not available. This prevents urllib3 from configuring SSL appropriately and may cause certain SSL connections to fail. You can upgrade to a newer version of Python to solve this. For more information, see https://urllib3.readthedocs.org/en/latest/security.html#insecureplatformwarning.
16:56:42     INFO -    InsecurePlatformWarning
16:56:43     INFO -  /builds/slave/test/build/venv/lib/python2.7/site-packages/pip/_vendor/requests/packages/urllib3/util/ssl_.py:122: InsecurePlatformWarning: A true SSLContext object is not available. This prevents urllib3 from configuring SSL appropriately and may cause certain SSL connections to fail. You can upgrade to a newer version of Python to solve this. For more information, see https://urllib3.readthedocs.org/en/latest/security.html#insecureplatformwarning.
16:56:43     INFO -    InsecurePlatformWarning
16:56:45     INFO -  Collecting txws==0.9.1 (from -r /builds/slave/test/build/tests/mochitest/websocketprocessbridge/websocketprocessbridge_requirements.txt (line 7))
16:56:48     INFO -  Requirement already satisfied (use --upgrade to upgrade): psutil==3.1.1 in /builds/slave/test/build/venv/lib/python2.7/site-packages (from -r /builds/slave/test/build/tests/mochitest/websocketprocessbridge/websocketprocessbridge_requirements.txt (line 9))
16:56:48     INFO -  Collecting ipaddr==2.1.11 (from -r /builds/slave/test/build/tests/mochitest/websocketprocessbridge/websocketprocessbridge_requirements.txt (line 12))
16:56:50     INFO -  Collecting passlib==1.6.5 (from -r /builds/slave/test/build/tests/mochitest/websocketprocessbridge/websocketprocessbridge_requirements.txt (line 13))
16:56:53     INFO -    Downloading https://pypi.pvt.build.mozilla.org/pub/passlib-1.6.5-py2.py3-none-any.whl (317kB)
16:56:53     INFO -  Installing collected packages: twisted, txws, ipaddr, passlib
16:56:56     INFO -  Successfully installed ipaddr-2.1.11 passlib-1.6.5 twisted-10.2.0 txws-0.9.1
16:56:57     INFO - Return code: 0
16:56:57     INFO - Installing None into virtualenv /builds/slave/test/build/venv
16:56:57     INFO - retry: Calling run_command with args: [['/builds/slave/test/build/venv/bin/pip', 'install', '--timeout', '120', '-r', '/builds/slave/test/build/tests/mochitest/websocketprocessbridge/websocketprocessbridge_requirements.txt', '--no-index', '--find-links', 'http://pypi.pvt.build.mozilla.org/pub', '--find-links', 'http://pypi.pub.build.mozilla.org/pub', '--trusted-host', 'pypi.pub.build.mozilla.org', '--trusted-host', 'pypi.pvt.build.mozilla.org']], kwargs: {'error_level': 'warning', 'error_list': [{'substr': 'not found or a compiler error:', 'level': 'warning'}, {'regex': <_sre.SRE_Pattern object at 0x109156170>, 'level': 'error'}, {'regex': <_sre.SRE_Pattern object at 0x1091f8960>, 'level': 'warning'}, {'regex': <_sre.SRE_Pattern object at 0x7fd833d48770>, 'level': 'debug'}, {'substr': 'command not found', 'level': 'error'}, {'regex': <_sre.SRE_Pattern object at 0x1090e91d0>, 'level': 'warning'}, {'substr': 'Traceback (most recent call last)', 'level': 'error'}, {'substr': 'SyntaxError: ', 'level': 'error'}, {'substr': 'TypeError: ', 'level': 'error'}, {'substr': 'NameError: ', 'level': 'error'}, {'substr': 'ZeroDivisionError: ', 'level': 'error'}, {'regex': <_sre.SRE_Pattern object at 0x1090c4108>, 'level': 'critical'}, {'regex': <_sre.SRE_Pattern object at 0x1090de030>, 'level': 'critical'}], 'cwd': '/builds/slave/test/build/tests/mochitest/websocketprocessbridge', 'env': {'VERSIONER_PYTHON_PREFER_32_BIT': 'no', 'LOGNAME': 'cltbld', 'USER': 'cltbld', 'XPC_SERVICE_NAME': '0', 'PATH': '/usr/local/sbin:/usr/local/bin:/usr/sbin:/usr/bin:/sbin:/bin:/usr/bin/X11', 'HOME': '/Users/cltbld', 'NO_EM_RESTART': '1', 'IDLEIZER_DISABLE_SHUTDOWN': 'true', 'XPCOM_DEBUG_BREAK': 'warn', 'Apple_PubSub_Socket_Render': '/private/tmp/com.apple.launchd.II46PipCf3/Render', 'MOZ_NODE_PATH': '/usr/local/bin/node', 'TWISTD_LOG_PATH': '/builds/slave/twistd.log', 'GIT_SHARE_BASE_DIR': '/builds/git-shared', 'VERSIONER_PYTHON_VERSION': '2.7', 'XPC_FLAGS': '0x0', 'NO_FAIL_ON_TEST_ERRORS': '1', 'HG_SHARE_BASE_DIR': '/builds/hg-shared', 'RUNNER_CONFIG_CMD': '/opt/runner/bin/python2.7 /opt/runner/bin/runner -c /opt/runner/runner.cfg', 'MOZ_NO_REMOTE': '1', 'MOZ_HIDE_RESULTS_TABLE': '1', 'SSH_AUTH_SOCK': '/private/tmp/com.apple.launchd.XsBny7RYLA/Listeners', 'SHELL': '/bin/bash', 'TMPDIR': '/var/folders/n0/6tpw2p6j3vx8fzyb0wrmlcwc00000w/T/', '__CF_USER_TEXT_ENCODING': '0x1C:0:0', 'PWD': '/builds/slave/test', 'PROPERTIES_FILE': '/builds/slave/test/buildprops.json'}}, attempt #1
16:56:57     INFO - Running command: ['/builds/slave/test/build/venv/bin/pip', 'install', '--timeout', '120', '-r', '/builds/slave/test/build/tests/mochitest/websocketprocessbridge/websocketprocessbridge_requirements.txt', '--no-index', '--find-links', 'http://pypi.pvt.build.mozilla.org/pub', '--find-links', 'http://pypi.pub.build.mozilla.org/pub', '--trusted-host', 'pypi.pub.build.mozilla.org', '--trusted-host', 'pypi.pvt.build.mozilla.org'] in /builds/slave/test/build/tests/mochitest/websocketprocessbridge
16:56:57     INFO - Copy/paste: /builds/slave/test/build/venv/bin/pip install --timeout 120 -r /builds/slave/test/build/tests/mochitest/websocketprocessbridge/websocketprocessbridge_requirements.txt --no-index --find-links http://pypi.pvt.build.mozilla.org/pub --find-links http://pypi.pub.build.mozilla.org/pub --trusted-host pypi.pub.build.mozilla.org --trusted-host pypi.pvt.build.mozilla.org
16:56:57     INFO - Using env: {'Apple_PubSub_Socket_Render': '/private/tmp/com.apple.launchd.II46PipCf3/Render',
16:56:57     INFO -  'GIT_SHARE_BASE_DIR': '/builds/git-shared',
16:56:57     INFO -  'HG_SHARE_BASE_DIR': '/builds/hg-shared',
16:56:57     INFO -  'HOME': '/Users/cltbld',
16:56:57     INFO -  'IDLEIZER_DISABLE_SHUTDOWN': 'true',
16:56:57     INFO -  'LOGNAME': 'cltbld',
16:56:57     INFO -  'MOZ_HIDE_RESULTS_TABLE': '1',
16:56:57     INFO -  'MOZ_NODE_PATH': '/usr/local/bin/node',
16:56:57     INFO -  'MOZ_NO_REMOTE': '1',
16:56:57     INFO -  'NO_EM_RESTART': '1',
16:56:57     INFO -  'NO_FAIL_ON_TEST_ERRORS': '1',
16:56:57     INFO -  'PATH': '/usr/local/sbin:/usr/local/bin:/usr/sbin:/usr/bin:/sbin:/bin:/usr/bin/X11',
16:56:57     INFO -  'PROPERTIES_FILE': '/builds/slave/test/buildprops.json',
16:56:57     INFO -  'PWD': '/builds/slave/test',
16:56:57     INFO -  'RUNNER_CONFIG_CMD': '/opt/runner/bin/python2.7 /opt/runner/bin/runner -c /opt/runner/runner.cfg',
16:56:57     INFO -  'SHELL': '/bin/bash',
16:56:57     INFO -  'SSH_AUTH_SOCK': '/private/tmp/com.apple.launchd.XsBny7RYLA/Listeners',
16:56:57     INFO -  'TMPDIR': '/var/folders/n0/6tpw2p6j3vx8fzyb0wrmlcwc00000w/T/',
16:56:57     INFO -  'TWISTD_LOG_PATH': '/builds/slave/twistd.log',
16:56:57     INFO -  'USER': 'cltbld',
16:56:57     INFO -  'VERSIONER_PYTHON_PREFER_32_BIT': 'no',
16:56:57     INFO -  'VERSIONER_PYTHON_VERSION': '2.7',
16:56:57     INFO -  'XPCOM_DEBUG_BREAK': 'warn',
16:56:57     INFO -  'XPC_FLAGS': '0x0',
16:56:57     INFO -  'XPC_SERVICE_NAME': '0',
16:56:57     INFO -  '__CF_USER_TEXT_ENCODING': '0x1C:0:0'}
16:56:57     INFO -  Ignoring indexes: https://pypi.python.org/simple
16:56:57     INFO -  Requirement already satisfied (use --upgrade to upgrade): six==1.10.0 in /builds/slave/test/build/venv/lib/python2.7/site-packages (from -r /builds/slave/test/build/tests/mochitest/websocketprocessbridge/websocketprocessbridge_requirements.txt (line 2))
16:56:57     INFO -  Requirement already satisfied (use --upgrade to upgrade): twisted==10.2.0 in /builds/slave/test/build/venv/lib/python2.7/site-packages (from -r /builds/slave/test/build/tests/mochitest/websocketprocessbridge/websocketprocessbridge_requirements.txt (line 4))
16:56:57     INFO -  Requirement already satisfied (use --upgrade to upgrade): txws==0.9.1 in /builds/slave/test/build/venv/lib/python2.7/site-packages (from -r /builds/slave/test/build/tests/mochitest/websocketprocessbridge/websocketprocessbridge_requirements.txt (line 7))
16:56:57     INFO -  Requirement already satisfied (use --upgrade to upgrade): psutil==3.1.1 in /builds/slave/test/build/venv/lib/python2.7/site-packages (from -r /builds/slave/test/build/tests/mochitest/websocketprocessbridge/websocketprocessbridge_requirements.txt (line 9))
16:56:57     INFO -  Requirement already satisfied (use --upgrade to upgrade): ipaddr==2.1.11 in /builds/slave/test/build/venv/lib/python2.7/site-packages (from -r /builds/slave/test/build/tests/mochitest/websocketprocessbridge/websocketprocessbridge_requirements.txt (line 12))
16:56:57     INFO -  Requirement already satisfied (use --upgrade to upgrade): passlib==1.6.5 in /builds/slave/test/build/venv/lib/python2.7/site-packages (from -r /builds/slave/test/build/tests/mochitest/websocketprocessbridge/websocketprocessbridge_requirements.txt (line 13))
16:56:57     INFO -  Collecting zope.interface (from twisted==10.2.0->-r /builds/slave/test/build/tests/mochitest/websocketprocessbridge/websocketprocessbridge_requirements.txt (line 4))
16:56:57     INFO -  /builds/slave/test/build/venv/lib/python2.7/site-packages/pip/_vendor/requests/packages/urllib3/util/ssl_.py:318: SNIMissingWarning: An HTTPS request has been made, but the SNI (Subject Name Indication) extension to TLS is not available on this platform. This may cause the server to present an incorrect TLS certificate, which can cause validation failures. You can upgrade to a newer version of Python to solve this. For more information, see https://urllib3.readthedocs.org/en/latest/security.html#snimissingwarning.
16:56:57     INFO -    SNIMissingWarning
16:56:57     INFO -  /builds/slave/test/build/venv/lib/python2.7/site-packages/pip/_vendor/requests/packages/urllib3/util/ssl_.py:122: InsecurePlatformWarning: A true SSLContext object is not available. This prevents urllib3 from configuring SSL appropriately and may cause certain SSL connections to fail. You can upgrade to a newer version of Python to solve this. For more information, see https://urllib3.readthedocs.org/en/latest/security.html#insecureplatformwarning.
16:56:57     INFO -    InsecurePlatformWarning
16:56:58     INFO -  /builds/slave/test/build/venv/lib/python2.7/site-packages/pip/_vendor/requests/packages/urllib3/util/ssl_.py:122: InsecurePlatformWarning: A true SSLContext object is not available. This prevents urllib3 from configuring SSL appropriately and may cause certain SSL connections to fail. You can upgrade to a newer version of Python to solve this. For more information, see https://urllib3.readthedocs.org/en/latest/security.html#insecureplatformwarning.
16:56:58     INFO -    InsecurePlatformWarning
16:57:00     INFO -  Requirement already satisfied (use --upgrade to upgrade): setuptools in /builds/slave/test/build/venv/lib/python2.7/site-packages (from zope.interface->twisted==10.2.0->-r /builds/slave/test/build/tests/mochitest/websocketprocessbridge/websocketprocessbridge_requirements.txt (line 4))
16:57:00     INFO -  Installing collected packages: zope.interface
16:57:00     INFO -  Successfully installed zope.interface-4.0.2
16:57:00     INFO - Return code: 0
16:57:00     INFO - Done creating virtualenv /builds/slave/test/build/venv.
16:57:00     INFO - Getting output from command: ['/builds/slave/test/build/venv/bin/pip', 'freeze']
16:57:00     INFO - Copy/paste: /builds/slave/test/build/venv/bin/pip freeze
16:57:01     INFO - Reading from file tmpfile_stdout
16:57:01     INFO - Reading from file tmpfile_stderr
16:57:01     INFO - Current package versions:
16:57:01     INFO -   Twisted == 10.2.0
16:57:01     INFO -   blessings == 1.6
16:57:01     INFO -   blobuploader == 1.2.4
16:57:01     INFO -   browsermob-proxy == 0.6.0
16:57:01     INFO -   docopt == 0.6.1
16:57:01     INFO -   firefox-puppeteer == 52.1.0
16:57:01     INFO -   functools32 == 3.2.3.post2
16:57:01     INFO -   ipaddr == 2.1.11
16:57:01     INFO -   jsonschema == 2.5.1
16:57:01     INFO -   manifestparser == 1.1
16:57:01     INFO -   marionette-driver == 2.2.0
16:57:01     INFO -   marionette-harness == 4.0.0
16:57:01     INFO -   mock == 1.0.1
16:57:01     INFO -   mozInstall == 1.12
16:57:01     INFO -   mozcrash == 1.0
16:57:01     INFO -   mozdebug == 0.1
16:57:01     INFO -   mozdevice == 0.48
16:57:01     INFO -   mozfile == 1.2
16:57:01     INFO -   mozhttpd == 0.7
16:57:01     INFO -   mozinfo == 0.9
16:57:01     INFO -   mozleak == 0.1
16:57:01     INFO -   mozlog == 3.4
16:57:01     INFO -   moznetwork == 0.27
16:57:01     INFO -   mozprocess == 0.23
16:57:01     INFO -   mozprofile == 0.28
16:57:01     INFO -   mozrunner == 6.13
16:57:01     INFO -   mozscreenshot == 0.1
16:57:01     INFO -   mozsystemmonitor == 0.3
16:57:01     INFO -   moztest == 0.8
16:57:01     INFO -   mozversion == 1.4
16:57:01     INFO -   passlib == 1.6.5
16:57:01     INFO -   psutil == 3.1.1
16:57:01     INFO -   requests == 1.2.3
16:57:01     INFO -   simplejson == 3.3.0
16:57:01     INFO -   six == 1.10.0
16:57:01     INFO -   txWS == 0.9.1
16:57:01     INFO -   vcversioner == 2.16.0.0
16:57:01     INFO -   wptserve == 1.4.0
16:57:01     INFO -   zope.interface == 4.0.2
16:57:01     INFO - Running post-action listener: _resource_record_post_action
16:57:01     INFO - Running post-action listener: _start_resource_monitoring
16:57:01     INFO - Starting resource monitoring.
16:57:01     INFO - [mozharness: 2018-06-09 23:57:01.295994Z] Finished create-virtualenv step (success)
16:57:01     INFO - [mozharness: 2018-06-09 23:57:01.296922Z] Running install step.
16:57:01     INFO - Running pre-action listener: _resource_record_pre_action
16:57:01     INFO - Running main action method: install
16:57:01     INFO - Getting output from command: ['/builds/slave/test/build/venv/bin/pip', 'freeze']
16:57:01     INFO - Copy/paste: /builds/slave/test/build/venv/bin/pip freeze
16:57:01     INFO - Reading from file tmpfile_stdout
16:57:01     INFO - Reading from file tmpfile_stderr
16:57:01     INFO - Detecting whether we're running mozinstall >=1.0...
16:57:01     INFO - Getting output from command: ['/builds/slave/test/build/venv/bin/mozinstall', '-h']
16:57:01     INFO - Copy/paste: /builds/slave/test/build/venv/bin/mozinstall -h
16:57:01     INFO - Reading from file tmpfile_stdout
16:57:01     INFO - Output received:
16:57:01     INFO -  Usage: mozinstall [options] installer
16:57:01     INFO -  Options:
16:57:01     INFO -    -h, --help            show this help message and exit
16:57:01     INFO -    -d DEST, --destination=DEST
16:57:01     INFO -                          Directory to install application into. [default:
16:57:01     INFO -                          "/builds/slave/test"]
16:57:01     INFO -    --app=APP             Application being installed. [default: firefox]
16:57:01     INFO - mkdir: /builds/slave/test/build/application
16:57:01     INFO - Getting output from command: ['/builds/slave/test/build/venv/bin/mozinstall', '/builds/slave/test/installer.dmg', '--destination', '/builds/slave/test/build/application']
16:57:01     INFO - Copy/paste: /builds/slave/test/build/venv/bin/mozinstall /builds/slave/test/installer.dmg --destination /builds/slave/test/build/application
16:57:22     INFO - Reading from file tmpfile_stdout
16:57:22     INFO - Output received:
16:57:22     INFO -  /builds/slave/test/build/application/NightlyDebug.app/Contents/MacOS/firefox
16:57:22     INFO - Running post-action listener: _resource_record_post_action
16:57:22     INFO - [mozharness: 2018-06-09 23:57:22.167623Z] Finished install step (success)
16:57:22     INFO - [mozharness: 2018-06-09 23:57:22.167803Z] Running stage-files step.
16:57:22     INFO - Running pre-action listener: _resource_record_pre_action
16:57:22     INFO - Running main action method: stage_files
16:57:22     INFO - Running post-action listener: _resource_record_post_action
16:57:22     INFO - [mozharness: 2018-06-09 23:57:22.168481Z] Finished stage-files step (success)
16:57:22     INFO - [mozharness: 2018-06-09 23:57:22.168604Z] Running run-tests step.
16:57:22     INFO - Running pre-action listener: _resource_record_pre_action
16:57:22     INFO - Running pre-action listener: _set_gcov_prefix
16:57:22     INFO - Running main action method: run_tests
16:57:22     INFO - #### Running mochitest suites
16:57:22     INFO - Structured output parser in use for mochitest.
16:57:22     INFO - grabbing minidump binary from tooltool
16:57:22     INFO - retry: Calling run_command with args: (['/tools/tooltool.py', '--url', 'https://api.pub.build.mozilla.org/tooltool/', '--authentication-file', '/builds/relengapi.tok', 'fetch', '-m', '/builds/slave/test/build/tests/config/tooltool-manifests/macosx64/releng.manifest', '-o', '-c', '/builds/tooltool_cache'],), kwargs: {'output_timeout': 600, 'error_list': [{'substr': 'command not found', 'level': 'error'}, {'regex': <_sre.SRE_Pattern object at 0x1090e91d0>, 'level': 'warning'}, {'substr': 'Traceback (most recent call last)', 'level': 'error'}, {'substr': 'SyntaxError: ', 'level': 'error'}, {'substr': 'TypeError: ', 'level': 'error'}, {'substr': 'NameError: ', 'level': 'error'}, {'substr': 'ZeroDivisionError: ', 'level': 'error'}, {'regex': <_sre.SRE_Pattern object at 0x1090c4108>, 'level': 'critical'}, {'regex': <_sre.SRE_Pattern object at 0x1090de030>, 'level': 'critical'}, {'substr': 'ERROR - ', 'level': 'error'}], 'cwd': '/builds/slave/test/build', 'privileged': False}, attempt #1
16:57:22     INFO - Running command: ['/tools/tooltool.py', '--url', 'https://api.pub.build.mozilla.org/tooltool/', '--authentication-file', '/builds/relengapi.tok', 'fetch', '-m', '/builds/slave/test/build/tests/config/tooltool-manifests/macosx64/releng.manifest', '-o', '-c', '/builds/tooltool_cache'] in /builds/slave/test/build
16:57:22     INFO - Copy/paste: /tools/tooltool.py --url https://api.pub.build.mozilla.org/tooltool/ --authentication-file /builds/relengapi.tok fetch -m /builds/slave/test/build/tests/config/tooltool-manifests/macosx64/releng.manifest -o -c /builds/tooltool_cache
16:57:22     INFO - Calling ['/tools/tooltool.py', '--url', 'https://api.pub.build.mozilla.org/tooltool/', '--authentication-file', '/builds/relengapi.tok', 'fetch', '-m', '/builds/slave/test/build/tests/config/tooltool-manifests/macosx64/releng.manifest', '-o', '-c', '/builds/tooltool_cache'] with output_timeout 600
16:57:22     INFO -  INFO - File macosx64-minidump_stackwalk retrieved from local cache /builds/tooltool_cache
16:57:22     INFO - Return code: 0
16:57:22     INFO - Chmoding /builds/slave/test/build/macosx64-minidump_stackwalk to 0755
16:57:22     INFO - grabbing nodejs binary from tooltool
16:57:22     INFO - retry: Calling run_command with args: (['/tools/tooltool.py', '--url', 'https://api.pub.build.mozilla.org/tooltool/', '--authentication-file', '/builds/relengapi.tok', 'fetch', '-m', '/builds/slave/test/build/tests/config/tooltool-manifests/macosx64/nodejs.manifest', '-o', '-c', '/builds/tooltool_cache'],), kwargs: {'output_timeout': 600, 'error_list': [{'substr': 'command not found', 'level': 'error'}, {'regex': <_sre.SRE_Pattern object at 0x1090e91d0>, 'level': 'warning'}, {'substr': 'Traceback (most recent call last)', 'level': 'error'}, {'substr': 'SyntaxError: ', 'level': 'error'}, {'substr': 'TypeError: ', 'level': 'error'}, {'substr': 'NameError: ', 'level': 'error'}, {'substr': 'ZeroDivisionError: ', 'level': 'error'}, {'regex': <_sre.SRE_Pattern object at 0x1090c4108>, 'level': 'critical'}, {'regex': <_sre.SRE_Pattern object at 0x1090de030>, 'level': 'critical'}, {'substr': 'ERROR - ', 'level': 'error'}], 'cwd': '/builds/slave/test/build', 'privileged': False}, attempt #1
16:57:22     INFO - Running command: ['/tools/tooltool.py', '--url', 'https://api.pub.build.mozilla.org/tooltool/', '--authentication-file', '/builds/relengapi.tok', 'fetch', '-m', '/builds/slave/test/build/tests/config/tooltool-manifests/macosx64/nodejs.manifest', '-o', '-c', '/builds/tooltool_cache'] in /builds/slave/test/build
16:57:22     INFO - Copy/paste: /tools/tooltool.py --url https://api.pub.build.mozilla.org/tooltool/ --authentication-file /builds/relengapi.tok fetch -m /builds/slave/test/build/tests/config/tooltool-manifests/macosx64/nodejs.manifest -o -c /builds/tooltool_cache
16:57:22     INFO - Calling ['/tools/tooltool.py', '--url', 'https://api.pub.build.mozilla.org/tooltool/', '--authentication-file', '/builds/relengapi.tok', 'fetch', '-m', '/builds/slave/test/build/tests/config/tooltool-manifests/macosx64/nodejs.manifest', '-o', '-c', '/builds/tooltool_cache'] with output_timeout 600
16:57:22     INFO -  INFO - File node-osx.tar.gz retrieved from local cache /builds/tooltool_cache
16:57:22     INFO -  INFO - untarring "node-osx.tar.gz"
16:57:24     INFO - Return code: 0
16:57:24     INFO - Chmoding /builds/slave/test/build/node-osx/bin/node to 0755
16:57:24     INFO - mkdir: /builds/slave/test/build/blobber_upload_dir
16:57:24     INFO - ENV: MOZ_UPLOAD_DIR is now /builds/slave/test/build/blobber_upload_dir
16:57:24     INFO - ENV: MINIDUMP_STACKWALK is now /builds/slave/test/build/macosx64-minidump_stackwalk
16:57:24     INFO - ENV: MOZ_NODE_PATH is now /builds/slave/test/build/node-osx/bin/node
16:57:24     INFO - ENV: MINIDUMP_SAVE_PATH is now /builds/slave/test/build/blobber_upload_dir
16:57:24     INFO - Running command: ['/builds/slave/test/build/venv/bin/python', '-u', '/builds/slave/test/build/tests/mochitest/runtests.py', '--total-chunks', '3', '--this-chunk', '1', '--appname=/builds/slave/test/build/application/NightlyDebug.app/Contents/MacOS/firefox', '--utility-path=tests/bin', '--extra-profile-file=tests/bin/plugins', '--symbols-path=/builds/slave/test/build/symbols', '--certificate-path=tests/certs', '--quiet', '--log-raw=/builds/slave/test/build/blobber_upload_dir/mochitest-gl_raw.log', '--log-errorsummary=/builds/slave/test/build/blobber_upload_dir/mochitest-gl_errorsummary.log', '--screenshot-on-fail', '--cleanup-crashes', '--log-raw=-', '--subsuite=webgl'] in /builds/slave/test/build
16:57:24     INFO - Copy/paste: /builds/slave/test/build/venv/bin/python -u /builds/slave/test/build/tests/mochitest/runtests.py --total-chunks 3 --this-chunk 1 --appname=/builds/slave/test/build/application/NightlyDebug.app/Contents/MacOS/firefox --utility-path=tests/bin --extra-profile-file=tests/bin/plugins --symbols-path=/builds/slave/test/build/symbols --certificate-path=tests/certs --quiet --log-raw=/builds/slave/test/build/blobber_upload_dir/mochitest-gl_raw.log --log-errorsummary=/builds/slave/test/build/blobber_upload_dir/mochitest-gl_errorsummary.log --screenshot-on-fail --cleanup-crashes --log-raw=- --subsuite=webgl
16:57:24     INFO - Using env: {'Apple_PubSub_Socket_Render': '/private/tmp/com.apple.launchd.II46PipCf3/Render',
16:57:24     INFO -  'GIT_SHARE_BASE_DIR': '/builds/git-shared',
16:57:24     INFO -  'HG_SHARE_BASE_DIR': '/builds/hg-shared',
16:57:24     INFO -  'HOME': '/Users/cltbld',
16:57:24     INFO -  'IDLEIZER_DISABLE_SHUTDOWN': 'true',
16:57:24     INFO -  'LOGNAME': 'cltbld',
16:57:24     INFO -  'MINIDUMP_SAVE_PATH': '/builds/slave/test/build/blobber_upload_dir',
16:57:24     INFO -  'MINIDUMP_STACKWALK': '/builds/slave/test/build/macosx64-minidump_stackwalk',
16:57:24     INFO -  'MOZ_HIDE_RESULTS_TABLE': '1',
16:57:24     INFO -  'MOZ_NODE_PATH': '/builds/slave/test/build/node-osx/bin/node',
16:57:24     INFO -  'MOZ_NO_REMOTE': '1',
16:57:24     INFO -  'MOZ_UPLOAD_DIR': '/builds/slave/test/build/blobber_upload_dir',
16:57:24     INFO -  'NO_EM_RESTART': '1',
16:57:24     INFO -  'NO_FAIL_ON_TEST_ERRORS': '1',
16:57:24     INFO -  'PATH': '/builds/slave/test/build/venv/bin:/usr/local/sbin:/usr/local/bin:/usr/sbin:/usr/bin:/sbin:/bin:/usr/bin/X11',
16:57:24     INFO -  'PROPERTIES_FILE': '/builds/slave/test/buildprops.json',
16:57:24     INFO -  'PWD': '/builds/slave/test',
16:57:24     INFO -  'RUNNER_CONFIG_CMD': '/opt/runner/bin/python2.7 /opt/runner/bin/runner -c /opt/runner/runner.cfg',
16:57:24     INFO -  'SHELL': '/bin/bash',
16:57:24     INFO -  'SSH_AUTH_SOCK': '/private/tmp/com.apple.launchd.XsBny7RYLA/Listeners',
16:57:24     INFO -  'TMPDIR': '/var/folders/n0/6tpw2p6j3vx8fzyb0wrmlcwc00000w/T/',
16:57:24     INFO -  'TWISTD_LOG_PATH': '/builds/slave/twistd.log',
16:57:24     INFO -  'USER': 'cltbld',
16:57:24     INFO -  'VERSIONER_PYTHON_PREFER_32_BIT': 'no',
16:57:24     INFO -  'VERSIONER_PYTHON_VERSION': '2.7',
16:57:24     INFO -  'XPCOM_DEBUG_BREAK': 'warn',
16:57:24     INFO -  'XPC_FLAGS': '0x0',
16:57:24     INFO -  'XPC_SERVICE_NAME': '0',
16:57:24     INFO -  '__CF_USER_TEXT_ENCODING': '0x1C:0:0'}
16:57:24     INFO - Calling ['/builds/slave/test/build/venv/bin/python', '-u', '/builds/slave/test/build/tests/mochitest/runtests.py', '--total-chunks', '3', '--this-chunk', '1', '--appname=/builds/slave/test/build/application/NightlyDebug.app/Contents/MacOS/firefox', '--utility-path=tests/bin', '--extra-profile-file=tests/bin/plugins', '--symbols-path=/builds/slave/test/build/symbols', '--certificate-path=tests/certs', '--quiet', '--log-raw=/builds/slave/test/build/blobber_upload_dir/mochitest-gl_raw.log', '--log-errorsummary=/builds/slave/test/build/blobber_upload_dir/mochitest-gl_errorsummary.log', '--screenshot-on-fail', '--cleanup-crashes', '--log-raw=-', '--subsuite=webgl'] with output_timeout 1000
16:57:24     INFO - Checking for orphan ssltunnel processes...
16:57:24     INFO -  Traceback (most recent call last):
16:57:24     INFO -    File "/builds/slave/test/build/tests/mochitest/runtests.py", line 2738, in <module>
16:57:24     INFO -      sys.exit(cli())
16:57:24     INFO -    File "/builds/slave/test/build/tests/mochitest/runtests.py", line 2735, in cli
16:57:24     INFO -      return run_test_harness(parser, options)
16:57:24     INFO -    File "/builds/slave/test/build/tests/mochitest/runtests.py", line 2704, in run_test_harness
16:57:24     INFO -      result = runner.runTests(options)
16:57:24     INFO -    File "/builds/slave/test/build/tests/mochitest/runtests.py", line 2202, in runTests
16:57:24     INFO -      self.killNamedOrphans('ssltunnel')
16:57:24     INFO -    File "/builds/slave/test/build/tests/mochitest/runtests.py", line 1539, in killNamedOrphans
16:57:24     INFO -      process.run()
16:57:24     INFO -    File "/builds/slave/test/build/venv/lib/python2.7/site-packages/mozprocess/processhandler.py", line 742, in run
16:57:24     INFO -      self.proc.pgid = os.getpgid(self.proc.pid)
16:57:24     INFO -  OSError: [Errno 3] No such process
16:57:24    ERROR - Return code: 1
16:57:24    ERROR - No checks run.
16:57:24    ERROR - No suite end message was emitted by this harness.
16:57:24     INFO - TinderboxPrint: mochitest-mochitest-gl<br/><em class="testfail">T-FAIL</em>
16:57:24    ERROR - # TBPL FAILURE #
16:57:24  WARNING - setting return code to 2
16:57:24    ERROR - The mochitest suite: mochitest-gl ran with return status: FAILURE
16:57:24     INFO - Running post-action listener: _package_coverage_data
16:57:24     INFO - Running post-action listener: _resource_record_post_action
16:57:24     INFO - [mozharness: 2018-06-09 23:57:24.375331Z] Finished run-tests step (success)
16:57:24     INFO - Running post-run listener: _resource_record_post_run
16:57:24  WARNING - error reading instance_metadata: Traceback (most recent call last):
16:57:24  WARNING -   File "/builds/slave/test/scripts/mozharness/base/python.py", line 456, in perfherder_resource_options
16:57:24  WARNING -     instance = im['aws_instance_type'].encode('ascii')
16:57:24  WARNING - KeyError: 'aws_instance_type'
16:57:24     INFO - Validating Perfherder data against /builds/slave/test/scripts/external_tools/performance-artifact-schema.json
16:57:24     INFO - PERFHERDER_DATA: {"framework": {"name": "job_resource_usage"}, "suites": [{"subtests": [{"name": "cpu_percent", "value": 71.56521739130434}, {"name": "io_write_bytes", "value": 225357824}, {"name": "io.read_bytes", "value": 19552256}, {"name": "io_write_time", "value": 592}, {"name": "io_read_time", "value": 122}], "extraOptions": ["e10s", "buildbot-unknown"], "name": "mochitest.mochitest-gl.1.overall"}, {"subtests": [{"name": "time", "value": 20.870330810546875}, {"name": "cpu_percent", "value": 71.81184210526315}], "name": "mochitest.mochitest-gl.1.install"}, {"subtests": [{"name": "time", "value": 0.0003409385681152344}], "name": "mochitest.mochitest-gl.1.stage-files"}, {"subtests": [{"name": "time", "value": 2.2064390182495117}, {"name": "cpu_percent", "value": 71.21249999999999}], "name": "mochitest.mochitest-gl.1.run-tests"}]}
16:57:24     INFO - Total resource usage - Wall time: 23s; CPU: 71.0%; Read bytes: 19552256; Write bytes: 225357824; Read time: 122; Write time: 592
16:57:24     INFO - TinderboxPrint: CPU usage<br/>71.2%
16:57:24     INFO - TinderboxPrint: I/O read bytes / time<br/>19,552,256 / 122
16:57:24     INFO - TinderboxPrint: I/O write bytes / time<br/>225,357,824 / 592
16:57:24     INFO - TinderboxPrint: CPU idle<br/>26.2 (28.4%)
16:57:24     INFO - TinderboxPrint: CPU system<br/>32.6 (35.5%)
16:57:24     INFO - TinderboxPrint: CPU user<br/>33.2 (36.1%)
16:57:24     INFO - TinderboxPrint: Swap in / out<br/>184,086,528 / 0
16:57:24     INFO - install - Wall time: 21s; CPU: 72.0%; Read bytes: 158278144; Write bytes: 151498752; Read time: 15255; Write time: 327
16:57:24     INFO - stage-files - Wall time: 0s; CPU: Can't collect data; Read bytes: 0; Write bytes: 0; Read time: 0; Write time: 0
16:57:24     INFO - run-tests - Wall time: 2s; CPU: 71.0%; Read bytes: 8667136; Write bytes: 62902272; Read time: 31; Write time: 229
16:57:24     INFO - Running post-run listener: _upload_blobber_files
16:57:24     INFO - Blob upload gear active.
16:57:24     INFO - Preparing to upload files from /builds/slave/test/build/blobber_upload_dir.
16:57:24     INFO - Files from /builds/slave/test/build/blobber_upload_dir are to be uploaded with <mozilla-esr52> branch at the following location(s): https://blobupload.elasticbeanstalk.com
16:57:24     INFO - Running command: ['/builds/slave/test/build/venv/bin/python', '/builds/slave/test/build/venv/bin/blobberc.py', '-u', 'https://blobupload.elasticbeanstalk.com', '-a', '/builds/slave/test/oauth.txt', '-b', 'mozilla-esr52', '-d', '/builds/slave/test/build/blobber_upload_dir', '--output-manifest', '/builds/slave/test/build/uploaded_files.json']
16:57:24     INFO - Copy/paste: /builds/slave/test/build/venv/bin/python /builds/slave/test/build/venv/bin/blobberc.py -u https://blobupload.elasticbeanstalk.com -a /builds/slave/test/oauth.txt -b mozilla-esr52 -d /builds/slave/test/build/blobber_upload_dir --output-manifest /builds/slave/test/build/uploaded_files.json
16:57:24     INFO -  (blobuploader) - INFO - Open directory for files ...
16:57:24     INFO -  (blobuploader) - INFO - Uploading /builds/slave/test/build/blobber_upload_dir/mochitest-gl_errorsummary.log ...
16:57:24     INFO -  (blobuploader) - INFO - Using https://blobupload.elasticbeanstalk.com
16:57:24     INFO -  (blobuploader) - INFO - Uploading, attempt #1.
16:57:25     INFO -  (blobuploader) - INFO - TinderboxPrint: <a href='https://mozilla-releng-blobs.s3.amazonaws.com/blobs/mozilla-esr52/sha512/cc2d17eb92cac2931581bd754a884943192ad00380ab18995271478808cb685bb3c4433fb351cd490899dc48c3b47a672fe65c7f6c35b42385200b18114962d0'>mochitest-gl_errorsummary.log</a>: uploaded
16:57:25     INFO -  (blobuploader) - INFO - Blobserver returned 202. File uploaded!
16:57:25     INFO -  (blobuploader) - INFO - Done attempting.
16:57:25     INFO -  (blobuploader) - INFO - Uploading /builds/slave/test/build/blobber_upload_dir/mochitest-gl_raw.log ...
16:57:25     INFO -  (blobuploader) - INFO - Using https://blobupload.elasticbeanstalk.com
16:57:25     INFO -  (blobuploader) - INFO - Uploading, attempt #1.
16:57:26     INFO -  (blobuploader) - INFO - TinderboxPrint: <a href='https://mozilla-releng-blobs.s3.amazonaws.com/blobs/mozilla-esr52/sha512/73ba33d3175776d1478503b091ae9c2b0b848353621d90cdbaf7d5a57c539cd9e094af639e954d5a9c8e2c6387370aff91024b9dacb40d95cff1931ca3257114'>mochitest-gl_raw.log</a>: uploaded
16:57:26     INFO -  (blobuploader) - INFO - Blobserver returned 202. File uploaded!
16:57:26     INFO -  (blobuploader) - INFO - Done attempting.
16:57:26     INFO -  (blobuploader) - INFO - Uploading /builds/slave/test/build/blobber_upload_dir/resource-usage.json ...
16:57:26     INFO -  (blobuploader) - INFO - Using https://blobupload.elasticbeanstalk.com
16:57:26     INFO -  (blobuploader) - INFO - Uploading, attempt #1.
16:57:27     INFO -  (blobuploader) - INFO - TinderboxPrint: <a href='https://mozilla-releng-blobs.s3.amazonaws.com/blobs/mozilla-esr52/sha512/b7810dd9812323b4dfebd2fe30f0530d902f89d93c6a86e6f4d0bd929104518fe77aff5e872eba269a5d68aac69ce4fe080d4b640abcdcf425d0171f19b236d7'>resource-usage.json</a>: uploaded
16:57:27     INFO -  (blobuploader) - INFO - Blobserver returned 202. File uploaded!
16:57:27     INFO -  (blobuploader) - INFO - Done attempting.
16:57:27     INFO -  (blobuploader) - INFO - Iteration through files over.
16:57:27     INFO - Return code: 0
16:57:27     INFO - rmtree: /builds/slave/test/build/uploaded_files.json
16:57:27     INFO - retry: Calling remove with args: ('/builds/slave/test/build/uploaded_files.json',), kwargs: {}, attempt #1
16:57:27     INFO - Setting buildbot property blobber_files to {"resource-usage.json": "https://mozilla-releng-blobs.s3.amazonaws.com/blobs/mozilla-esr52/sha512/b7810dd9812323b4dfebd2fe30f0530d902f89d93c6a86e6f4d0bd929104518fe77aff5e872eba269a5d68aac69ce4fe080d4b640abcdcf425d0171f19b236d7", "mochitest-gl_raw.log": "https://mozilla-releng-blobs.s3.amazonaws.com/blobs/mozilla-esr52/sha512/73ba33d3175776d1478503b091ae9c2b0b848353621d90cdbaf7d5a57c539cd9e094af639e954d5a9c8e2c6387370aff91024b9dacb40d95cff1931ca3257114", "mochitest-gl_errorsummary.log": "https://mozilla-releng-blobs.s3.amazonaws.com/blobs/mozilla-esr52/sha512/cc2d17eb92cac2931581bd754a884943192ad00380ab18995271478808cb685bb3c4433fb351cd490899dc48c3b47a672fe65c7f6c35b42385200b18114962d0"}
16:57:27     INFO - Writing buildbot properties ['blobber_files'] to /builds/slave/test/properties/blobber_files
16:57:27     INFO - Writing to file /builds/slave/test/properties/blobber_files
16:57:27     INFO - Contents:
16:57:27     INFO -  blobber_files:{"resource-usage.json": "https://mozilla-releng-blobs.s3.amazonaws.com/blobs/mozilla-esr52/sha512/b7810dd9812323b4dfebd2fe30f0530d902f89d93c6a86e6f4d0bd929104518fe77aff5e872eba269a5d68aac69ce4fe080d4b640abcdcf425d0171f19b236d7", "mochitest-gl_raw.log": "https://mozilla-releng-blobs.s3.amazonaws.com/blobs/mozilla-esr52/sha512/73ba33d3175776d1478503b091ae9c2b0b848353621d90cdbaf7d5a57c539cd9e094af639e954d5a9c8e2c6387370aff91024b9dacb40d95cff1931ca3257114", "mochitest-gl_errorsummary.log": "https://mozilla-releng-blobs.s3.amazonaws.com/blobs/mozilla-esr52/sha512/cc2d17eb92cac2931581bd754a884943192ad00380ab18995271478808cb685bb3c4433fb351cd490899dc48c3b47a672fe65c7f6c35b42385200b18114962d0"}
16:57:27     INFO - Running post-run listener: copy_logs_to_upload_dir
16:57:27     INFO - Copying logs to upload dir...
16:57:27     INFO - mkdir: /builds/slave/test/build/upload/logs
16:57:27     INFO - Copying logs to upload dir...
16:57:27  WARNING - returning nonzero exit status 2
program finished with exit code 2
elapsedTime=146.510044
========= master_lag: 0.02 =========
========= Finished '/tools/buildbot/bin/python -u ...' failed (results: 2, elapsed: 2 mins, 26 secs) (at 2018-06-09 16:57:27.977936) =========

========= Started set props: build_url blobber_files symbols_url (results: 0, elapsed: 0 secs) (at 2018-06-09 16:57:27.981856) =========
bash -c 'for file in `ls -1`; do cat $file; done'
 in dir /builds/slave/test/properties (timeout 1200 secs)
 watching logfiles {}
 argv: ['bash', '-c', 'for file in `ls -1`; do cat $file; done']
 environment:
  Apple_PubSub_Socket_Render=/private/tmp/com.apple.launchd.II46PipCf3/Render
  GIT_SHARE_BASE_DIR=/builds/git-shared
  HG_SHARE_BASE_DIR=/builds/hg-shared
  HOME=/Users/cltbld
  IDLEIZER_DISABLE_SHUTDOWN=true
  LOGNAME=cltbld
  PATH=/usr/local/sbin:/usr/local/bin:/usr/sbin:/usr/bin:/sbin:/bin:/usr/bin/X11
  PWD=/builds/slave/test/properties
  RUNNER_CONFIG_CMD=/opt/runner/bin/python2.7 /opt/runner/bin/runner -c /opt/runner/runner.cfg
  SHELL=/bin/bash
  SSH_AUTH_SOCK=/private/tmp/com.apple.launchd.XsBny7RYLA/Listeners
  TMPDIR=/var/folders/n0/6tpw2p6j3vx8fzyb0wrmlcwc00000w/T/
  TWISTD_LOG_PATH=/builds/slave/twistd.log
  USER=cltbld
  VERSIONER_PYTHON_PREFER_32_BIT=no
  VERSIONER_PYTHON_VERSION=2.7
  XPC_FLAGS=0x0
  XPC_SERVICE_NAME=0
  __CF_USER_TEXT_ENCODING=0x1C:0:0
 using PTY: False
blobber_files:{"resource-usage.json": "https://mozilla-releng-blobs.s3.amazonaws.com/blobs/mozilla-esr52/sha512/b7810dd9812323b4dfebd2fe30f0530d902f89d93c6a86e6f4d0bd929104518fe77aff5e872eba269a5d68aac69ce4fe080d4b640abcdcf425d0171f19b236d7", "mochitest-gl_raw.log": "https://mozilla-releng-blobs.s3.amazonaws.com/blobs/mozilla-esr52/sha512/73ba33d3175776d1478503b091ae9c2b0b848353621d90cdbaf7d5a57c539cd9e094af639e954d5a9c8e2c6387370aff91024b9dacb40d95cff1931ca3257114", "mochitest-gl_errorsummary.log": "https://mozilla-releng-blobs.s3.amazonaws.com/blobs/mozilla-esr52/sha512/cc2d17eb92cac2931581bd754a884943192ad00380ab18995271478808cb685bb3c4433fb351cd490899dc48c3b47a672fe65c7f6c35b42385200b18114962d0"}
build_url:https://queue.taskcluster.net/v1/task/U74IA3KDSVKgDGcrcGz4FQ/artifacts/public/build/firefox-52.8.2.en-US.mac64.dmg
symbols_url:https://queue.taskcluster.net/v1/task/U74IA3KDSVKgDGcrcGz4FQ/artifacts/public/build/firefox-52.8.2.en-US.mac64.crashreporter-symbols.zip
program finished with exit code 0
elapsedTime=0.013013
build_url: 'https://queue.taskcluster.net/v1/task/U74IA3KDSVKgDGcrcGz4FQ/artifacts/public/build/firefox-52.8.2.en-US.mac64.dmg'
blobber_files: '{"resource-usage.json": "https://mozilla-releng-blobs.s3.amazonaws.com/blobs/mozilla-esr52/sha512/b7810dd9812323b4dfebd2fe30f0530d902f89d93c6a86e6f4d0bd929104518fe77aff5e872eba269a5d68aac69ce4fe080d4b640abcdcf425d0171f19b236d7", "mochitest-gl_raw.log": "https://mozilla-releng-blobs.s3.amazonaws.com/blobs/mozilla-esr52/sha512/73ba33d3175776d1478503b091ae9c2b0b848353621d90cdbaf7d5a57c539cd9e094af639e954d5a9c8e2c6387370aff91024b9dacb40d95cff1931ca3257114", "mochitest-gl_errorsummary.log": "https://mozilla-releng-blobs.s3.amazonaws.com/blobs/mozilla-esr52/sha512/cc2d17eb92cac2931581bd754a884943192ad00380ab18995271478808cb685bb3c4433fb351cd490899dc48c3b47a672fe65c7f6c35b42385200b18114962d0"}'
symbols_url: 'https://queue.taskcluster.net/v1/task/U74IA3KDSVKgDGcrcGz4FQ/artifacts/public/build/firefox-52.8.2.en-US.mac64.crashreporter-symbols.zip'
========= master_lag: 0.01 =========
========= Finished set props: build_url blobber_files symbols_url (results: 0, elapsed: 0 secs) (at 2018-06-09 16:57:28.006076) =========

========= Started 'rm -f ...' (results: 0, elapsed: 0 secs) (at 2018-06-09 16:57:28.006401) =========
rm -f oauth.txt
 in dir /builds/slave/test/. (timeout 1200 secs)
 watching logfiles {}
 argv: ['rm', '-f', 'oauth.txt']
 environment:
  Apple_PubSub_Socket_Render=/private/tmp/com.apple.launchd.II46PipCf3/Render
  GIT_SHARE_BASE_DIR=/builds/git-shared
  HG_SHARE_BASE_DIR=/builds/hg-shared
  HOME=/Users/cltbld
  IDLEIZER_DISABLE_SHUTDOWN=true
  LOGNAME=cltbld
  PATH=/usr/local/sbin:/usr/local/bin:/usr/sbin:/usr/bin:/sbin:/bin:/usr/bin/X11
  PWD=/builds/slave/test
  RUNNER_CONFIG_CMD=/opt/runner/bin/python2.7 /opt/runner/bin/runner -c /opt/runner/runner.cfg
  SHELL=/bin/bash
  SSH_AUTH_SOCK=/private/tmp/com.apple.launchd.XsBny7RYLA/Listeners
  TMPDIR=/var/folders/n0/6tpw2p6j3vx8fzyb0wrmlcwc00000w/T/
  TWISTD_LOG_PATH=/builds/slave/twistd.log
  USER=cltbld
  VERSIONER_PYTHON_PREFER_32_BIT=no
  VERSIONER_PYTHON_VERSION=2.7
  XPC_FLAGS=0x0
  XPC_SERVICE_NAME=0
  __CF_USER_TEXT_ENCODING=0x1C:0:0
 using PTY: False
program finished with exit code 0
elapsedTime=0.004969
========= master_lag: 0.04 =========
========= Finished 'rm -f ...' (results: 0, elapsed: 0 secs) (at 2018-06-09 16:57:28.055268) =========

========= Started reboot skipped (results: 3, elapsed: 0 secs) (at 2018-06-09 16:57:28.055575) =========
========= Finished reboot skipped (results: 3, elapsed: 0 secs) (at 2018-06-09 16:57:28.055835) =========

========= Total master_lag: 0.13 =========

