builder: mozilla-esr52_ubuntu64_vm_test_pgo-mochitest-e10s-browser-chrome-2
slave: tst-linux64-spot-325
starttime: 1528501931.84
results: cancelled (6)
buildid: 20180608150819
builduid: b298b373e93d4f8dbf92436c9ed838a2
revision: cbfdf01aac455e0591471201c96b89dee98190b5

========= Started set props: master (results: 0, elapsed: 0 secs) (at 2018-06-08 16:52:11.835440) =========
master: http://buildbot-master54.bb.releng.usw2.mozilla.com:8201/
========= Finished set props: master (results: 0, elapsed: 0 secs) (at 2018-06-08 16:52:11.835882) =========

========= Started downloading to buildprops.json (results: 0, elapsed: 0 secs) (at 2018-06-08 16:52:11.836179) =========
========= Finished downloading to buildprops.json (results: 0, elapsed: 0 secs) (at 2018-06-08 16:52:11.893979) =========

========= Started 'bash -c ...' (results: 0, elapsed: 0 secs) (at 2018-06-08 16:52:11.894255) =========
bash -c 'wget -Oarchiver_client.py --no-check-certificate --tries=10 --waitretry=3 https://hg.mozilla.org/build/tools/raw-file/default/buildfarm/utils/archiver_client.py'
 in dir /builds/slave/test/. (timeout 1200 secs)
 watching logfiles {}
 argv: ['bash', '-c', 'wget -Oarchiver_client.py --no-check-certificate --tries=10 --waitretry=3 https://hg.mozilla.org/build/tools/raw-file/default/buildfarm/utils/archiver_client.py']
 environment:
  HOME=/home/cltbld
  LANG=en_US.UTF-8
  LOGNAME=cltbld
  MAIL=/var/mail/cltbld
  NODE_PATH=/usr/lib/nodejs:/usr/lib/node_modules:/usr/share/javascript
  PATH=/usr/local/bin:/usr/local/bin:/usr/bin:/bin:/usr/local/games:/usr/games
  PWD=/builds/slave/test
  SHELL=/bin/bash
  SHLVL=1
  TERM=linux
  TMOUT=86400
  USER=cltbld
  XDG_SESSION_COOKIE=9ca12473fbb1d023794ffd180000023c-1528501930.480850-1865863142
  _=/tools/buildbot/bin/python
 using PTY: False
--2018-06-08 16:52:11--  https://hg.mozilla.org/build/tools/raw-file/default/buildfarm/utils/archiver_client.py
Resolving hg.mozilla.org (hg.mozilla.org)... 63.245.215.102, 63.245.215.25
Connecting to hg.mozilla.org (hg.mozilla.org)|63.245.215.102|:443... connected.
HTTP request sent, awaiting response... 200 Script output follows
Length: 12179 (12K) [text/x-python]
Saving to: `archiver_client.py'

     0K .......... .                                          100% 1.87M=0.006s

2018-06-08 16:52:12 (1.87 MB/s) - `archiver_client.py' saved [12179/12179]

program finished with exit code 0
elapsedTime=0.624420
========= master_lag: 0.01 =========
========= Finished 'bash -c ...' (results: 0, elapsed: 0 secs) (at 2018-06-08 16:52:12.531093) =========

========= Started 'rm -rf ...' (results: 0, elapsed: 0 secs) (at 2018-06-08 16:52:12.531430) =========
rm -rf scripts properties
 in dir /builds/slave/test/. (timeout 1200 secs)
 watching logfiles {}
 argv: ['rm', '-rf', 'scripts', 'properties']
 environment:
  HOME=/home/cltbld
  LANG=en_US.UTF-8
  LOGNAME=cltbld
  MAIL=/var/mail/cltbld
  NODE_PATH=/usr/lib/nodejs:/usr/lib/node_modules:/usr/share/javascript
  PATH=/usr/local/bin:/usr/local/bin:/usr/bin:/bin:/usr/local/games:/usr/games
  PWD=/builds/slave/test
  SHELL=/bin/bash
  SHLVL=1
  TERM=linux
  TMOUT=86400
  USER=cltbld
  XDG_SESSION_COOKIE=9ca12473fbb1d023794ffd180000023c-1528501930.480850-1865863142
  _=/tools/buildbot/bin/python
 using PTY: False
program finished with exit code 0
elapsedTime=0.019252
========= master_lag: 0.04 =========
========= Finished 'rm -rf ...' (results: 0, elapsed: 0 secs) (at 2018-06-08 16:52:12.592419) =========

========= Started 'bash -c ...' (results: 0, elapsed: 0 secs) (at 2018-06-08 16:52:12.592804) =========
bash -c 'python archiver_client.py mozharness --repo releases/mozilla-esr52 --rev cbfdf01aac455e0591471201c96b89dee98190b5 --destination scripts --debug'
 in dir /builds/slave/test/. (timeout 1200 secs)
 watching logfiles {}
 argv: ['bash', '-c', u'python archiver_client.py mozharness --repo releases/mozilla-esr52 --rev cbfdf01aac455e0591471201c96b89dee98190b5 --destination scripts --debug']
 environment:
  HOME=/home/cltbld
  LANG=en_US.UTF-8
  LOGNAME=cltbld
  MAIL=/var/mail/cltbld
  NODE_PATH=/usr/lib/nodejs:/usr/lib/node_modules:/usr/share/javascript
  PATH=/usr/local/bin:/usr/local/bin:/usr/bin:/bin:/usr/local/games:/usr/games
  PWD=/builds/slave/test
  SHELL=/bin/bash
  SHLVL=1
  TERM=linux
  TMOUT=86400
  USER=cltbld
  XDG_SESSION_COOKIE=9ca12473fbb1d023794ffd180000023c-1528501930.480850-1865863142
  _=/tools/buildbot/bin/python
 using PTY: False
2018-06-08 16:52:12,655 truncating revision to first 12 chars
2018-06-08 16:52:12,656 Setting DEBUG logging.
2018-06-08 16:52:12,656 attempt 1/10
2018-06-08 16:52:12,656 Getting archive location from https://api.pub.build.mozilla.org/archiver/hgmo/releases/mozilla-esr52/cbfdf01aac45?&preferred_region=us-west-2&suffix=tar.gz&subdir=testing/mozharness
2018-06-08 16:52:13,101 unpacking tar archive at: mozilla-esr52-cbfdf01aac45/testing/mozharness/
program finished with exit code 0
elapsedTime=0.825936
========= master_lag: 0.01 =========
========= Finished 'bash -c ...' (results: 0, elapsed: 0 secs) (at 2018-06-08 16:52:13.429895) =========

========= Started set props: script_repo_revision (results: 0, elapsed: 0 secs) (at 2018-06-08 16:52:13.430201) =========
script_repo_revision: cbfdf01aac455e0591471201c96b89dee98190b5
========= Finished set props: script_repo_revision (results: 0, elapsed: 0 secs) (at 2018-06-08 16:52:13.430598) =========

========= Started downloading to oauth.txt (results: 0, elapsed: 0 secs) (at 2018-06-08 16:52:13.430909) =========
========= Finished downloading to oauth.txt (results: 0, elapsed: 0 secs) (at 2018-06-08 16:52:13.439200) =========

========= Started '/tools/buildbot/bin/python scripts/scripts/desktop_unittest.py ...' interrupted (results: 4, elapsed: 10 mins, 2 secs) (at 2018-06-08 16:52:13.439483) =========
/tools/buildbot/bin/python scripts/scripts/desktop_unittest.py --cfg unittests/linux_unittest.py --mochitest-suite browser-chrome-chunked --e10s --total-chunks 7 --this-chunk 2 --blob-upload-branch mozilla-esr52 --download-symbols ondemand
 in dir /builds/slave/test/. (timeout 1800 secs) (maxTime 12000 secs)
 watching logfiles {}
 argv: ['/tools/buildbot/bin/python', 'scripts/scripts/desktop_unittest.py', '--cfg', 'unittests/linux_unittest.py', '--mochitest-suite', 'browser-chrome-chunked', '--e10s', '--total-chunks', '7', '--this-chunk', '2', '--blob-upload-branch', 'mozilla-esr52', '--download-symbols', 'ondemand']
 environment:
  CCACHE_DIR=/builds/ccache
  CCACHE_UMASK=002
  DISPLAY=:0
  HOME=/home/cltbld
  LANG=en_US.UTF-8
  LOGNAME=cltbld
  MAIL=/var/mail/cltbld
  MOZ_HIDE_RESULTS_TABLE=1
  MOZ_NODE_PATH=/usr/bin/node
  MOZ_NO_REMOTE=1
  NODE_PATH=/usr/lib/nodejs:/usr/lib/node_modules:/usr/share/javascript
  NO_FAIL_ON_TEST_ERRORS=1
  PATH=/usr/local/bin:/usr/local/bin:/usr/bin:/bin:/usr/local/games:/usr/games
  PROPERTIES_FILE=/builds/slave/test/buildprops.json
  PWD=/builds/slave/test
  SHELL=/bin/bash
  SHLVL=1
  TERM=linux
  TMOUT=86400
  USER=cltbld
  XDG_SESSION_COOKIE=9ca12473fbb1d023794ffd180000023c-1528501930.480850-1865863142
  _=/tools/buildbot/bin/python
 using PTY: False
16:52:13     INFO - MultiFileLogger online at 20180608 16:52:13 in /builds/slave/test
16:52:13     INFO - Run as scripts/scripts/desktop_unittest.py --cfg unittests/linux_unittest.py --mochitest-suite browser-chrome-chunked --e10s --total-chunks 7 --this-chunk 2 --blob-upload-branch mozilla-esr52 --download-symbols ondemand
16:52:13     INFO - Dumping config to /builds/slave/test/logs/localconfig.json.
16:52:13     INFO - {'all_cppunittest_suites': {'cppunittest': {'tests': ('tests/cppunittest',)}},
16:52:13     INFO -  'all_gtest_suites': {'gtest': ()},
16:52:13     INFO -  'all_jittest_suites': {'jittest': (),
16:52:13     INFO -                         'jittest-chunked': (),
16:52:13     INFO -                         'jittest1': ('--total-chunks=2', '--this-chunk=1'),
16:52:13     INFO -                         'jittest2': ('--total-chunks=2', '--this-chunk=2')},
16:52:13     INFO -  'all_mochitest_suites': {'a11y': ('--flavor=a11y',),
16:52:13     INFO -                           'browser-chrome': ('--flavor=browser',),
16:52:13     INFO -                           'browser-chrome-addons': ('--flavor=browser',
16:52:13     INFO -                                                     '--chunk-by-runtime',
16:52:13     INFO -                                                     '--tag=addons'),
16:52:13     INFO -                           'browser-chrome-chunked': ('--flavor=browser',
16:52:13     INFO -                                                      '--chunk-by-runtime'),
16:52:13     INFO -                           'browser-chrome-clipboard': ('--flavor=browser',
16:52:13     INFO -                                                        '--subsuite=clipboard'),
16:52:13     INFO -                           'browser-chrome-coverage': ('--flavor=browser',
16:52:13     INFO -                                                       '--chunk-by-runtime',
16:52:13     INFO -                                                       '--timeout=1200'),
16:52:13     INFO -                           'browser-chrome-gpu': ('--flavor=browser',
16:52:13     INFO -                                                  '--subsuite=gpu'),
16:52:13     INFO -                           'browser-chrome-screenshots': ('--flavor=browser',
16:52:13     INFO -                                                          '--subsuite=screenshots'),
16:52:13     INFO -                           'chrome': ('--flavor=chrome',),
16:52:13     INFO -                           'chrome-chunked': ('--flavor=chrome',
16:52:13     INFO -                                              '--chunk-by-dir=4'),
16:52:13     INFO -                           'chrome-clipboard': ('--flavor=chrome',
16:52:13     INFO -                                                '--subsuite=clipboard'),
16:52:13     INFO -                           'chrome-gpu': ('--flavor=chrome', '--subsuite=gpu'),
16:52:13     INFO -                           'jetpack-addon': ('--flavor=jetpack-addon',),
16:52:13     INFO -                           'jetpack-package': ('--flavor=jetpack-package',),
16:52:13     INFO -                           'jetpack-package-clipboard': ('--flavor=jetpack-package',
16:52:13     INFO -                                                         '--subsuite=clipboard'),
16:52:13     INFO -                           'mochitest-devtools-chrome': ('--flavor=browser',
16:52:13     INFO -                                                         '--subsuite=devtools'),
16:52:13     INFO -                           'mochitest-devtools-chrome-chunked': ('--flavor=browser',
16:52:13     INFO -                                                                 '--subsuite=devtools',
16:52:13     INFO -                                                                 '--chunk-by-runtime'),
16:52:13     INFO -                           'mochitest-devtools-chrome-coverage': ('--flavor=browser',
16:52:13     INFO -                                                                  '--subsuite=devtools',
16:52:13     INFO -                                                                  '--chunk-by-runtime',
16:52:13     INFO -                                                                  '--timeout=1200'),
16:52:13     INFO -                           'mochitest-gl': ('--subsuite=webgl',),
16:52:13     INFO -                           'mochitest-media': ('--subsuite=media',),
16:52:13     INFO -                           'plain': (),
16:52:13     INFO -                           'plain-chunked': ('--chunk-by-dir=4',),
16:52:13     INFO -                           'plain-clipboard': ('--subsuite=clipboard',),
16:52:13     INFO -                           'plain-gpu': ('--subsuite=gpu',),
16:52:13     INFO -                           'valgrind-plain': ('--valgrind=/usr/bin/valgrind',
16:52:13     INFO -                                              '--valgrind-supp-files=/builds/slave/test/build/tests/mochitest/x86_64-redhat-linux-gnu.sup,/builds/slave/test/build/tests/mochitest/cross-architecture.sup',
16:52:13     INFO -                                              '--timeout=900',
16:52:13     INFO -                                              '--max-timeouts=50')},
16:52:13     INFO -  'all_mozbase_suites': {'mozbase': ()},
16:52:13     INFO -  'all_reftest_suites': {'crashtest': {'options': ('--suite=crashtest',),
16:52:13     INFO -                                       'tests': ('tests/reftest/tests/testing/crashtest/crashtests.list',)},
16:52:13     INFO -                         'jsreftest': {'options': ('--extra-profile-file=tests/jsreftest/tests/user.js',
16:52:13     INFO -                                                   '--suite=jstestbrowser'),
16:52:13     INFO -                                       'tests': ('tests/jsreftest/tests/jstests.list',)},
16:52:13     INFO -                         'reftest': {'options': ('--suite=reftest',),
16:52:13     INFO -                                     'tests': ('tests/reftest/tests/layout/reftests/reftest.list',)},
16:52:13     INFO -                         'reftest-no-accel': {'options': ('--suite=reftest',
16:52:13     INFO -                                                          '--setpref=layers.acceleration.force-enabled=disabled'),
16:52:13     INFO -                                              'tests': ('tests/reftest/tests/layout/reftests/reftest.list',)}},
16:52:13     INFO -  'all_xpcshell_suites': {'xpcshell': {'options': ('--xpcshell=%(abs_app_dir)s/xpcshell',
16:52:13     INFO -                                                   '--manifest=tests/xpcshell/tests/xpcshell.ini'),
16:52:13     INFO -                                       'tests': ()},
16:52:13     INFO -                          'xpcshell-addons': {'options': ('--xpcshell=%(abs_app_dir)s/xpcshell',
16:52:13     INFO -                                                          '--tag=addons',
16:52:13     INFO -                                                          '--manifest=tests/xpcshell/tests/xpcshell.ini'),
16:52:13     INFO -                                              'tests': ()},
16:52:13     INFO -                          'xpcshell-coverage': {'options': ('--xpcshell=%(abs_app_dir)s/xpcshell',
16:52:13     INFO -                                                            '--manifest=tests/xpcshell/tests/xpcshell.ini'),
16:52:13     INFO -                                                'tests': ()}},
16:52:13     INFO -  'allow_software_gl_layers': False,
16:52:13     INFO -  'append_to_log': False,
16:52:13     INFO -  'base_work_dir': '/builds/slave/test',
16:52:13     INFO -  'binary_path': '/builds/slave/test/build/application/firefox/firefox-bin',
16:52:13     INFO -  'blob_upload_branch': 'mozilla-esr52',
16:52:13     INFO -  'blob_uploader_auth_file': '/builds/slave/test/oauth.txt',
16:52:13     INFO -  'buildbot_json_path': 'buildprops.json',
16:52:13     INFO -  'buildbot_max_log_size': 52428800,
16:52:13     INFO -  'code_coverage': False,
16:52:13     INFO -  'config_files': ('unittests/linux_unittest.py',),
16:52:13     INFO -  'default_blob_upload_servers': ('https://blobupload.elasticbeanstalk.com',),
16:52:13     INFO -  'download_minidump_stackwalk': True,
16:52:13     INFO -  'download_nodejs': True,
16:52:13     INFO -  'download_symbols': 'ondemand',
16:52:13     INFO -  'e10s': True,
16:52:13     INFO -  'exe_suffix': '',
16:52:13     INFO -  'exes': {'python': '/tools/buildbot/bin/python',
16:52:13     INFO -           'tooltool.py': '/tools/tooltool.py',
16:52:13     INFO -           'virtualenv': ('/tools/buildbot/bin/python',
16:52:13     INFO -                          '/tools/misc-python/virtualenv.py')},
16:52:13     INFO -  'find_links': ('http://pypi.pvt.build.mozilla.org/pub',
16:52:13     INFO -                 'http://pypi.pub.build.mozilla.org/pub'),
16:52:13     INFO -  'installer_path': '/builds/slave/test/build/installer.tar.bz2',
16:52:13     INFO -  'log_level': 'info',
16:52:13     INFO -  'log_to_console': True,
16:52:13     INFO -  'minidump_save_path': '%(abs_work_dir)s/../minidumps',
16:52:13     INFO -  'minidump_stackwalk_path': 'linux64-minidump_stackwalk',
16:52:13     INFO -  'minidump_tooltool_manifest_path': 'config/tooltool-manifests/linux64/releng.manifest',
16:52:13     INFO -  'minimum_tests_zip_dirs': ('bin/*',
16:52:13     INFO -                             'certs/*',
16:52:13     INFO -                             'config/*',
16:52:13     INFO -                             'mach',
16:52:13     INFO -                             'marionette/*',
16:52:13     INFO -                             'modules/*',
16:52:13     INFO -                             'mozbase/*',
16:52:13     INFO -                             'tools/*'),
16:52:13     INFO -  'no_random': False,
16:52:13     INFO -  'nodejs_path': 'node-linux-x64/bin/node',
16:52:13     INFO -  'nodejs_tooltool_manifest_path': 'config/tooltool-manifests/linux64/nodejs.manifest',
16:52:13     INFO -  'opt_config_files': (),
16:52:13     INFO -  'pip_index': False,
16:52:13     INFO -  'preflight_run_cmd_suites': ({'architectures': ('32bit', '64bit'),
16:52:13     INFO -                                'cmd': ('xset', 's', 'off', 's', 'reset'),
16:52:13     INFO -                                'enabled': True,
16:52:13     INFO -                                'halt_on_failure': False,
16:52:13     INFO -                                'name': 'disable_screen_saver'},
16:52:13     INFO -                               {'architectures': ('32bit',),
16:52:13     INFO -                                'cmd': ('python',
16:52:13     INFO -                                        '../scripts/external_tools/mouse_and_screen_resolution.py',
16:52:13     INFO -                                        '--configuration-file',
16:52:13     INFO -                                        '../scripts/external_tools/machine-configuration.json'),
16:52:13     INFO -                                'enabled': False,
16:52:13     INFO -                                'halt_on_failure': True,
16:52:13     INFO -                                'name': 'run mouse & screen adjustment script'}),
16:52:13     INFO -  'require_test_zip': True,
16:52:13     INFO -  'run_all_suites': False,
16:52:13     INFO -  'run_cmd_checks_enabled': True,
16:52:13     INFO -  'run_file_names': {'cppunittest': 'runcppunittests.py',
16:52:13     INFO -                     'gtest': 'rungtests.py',
16:52:13     INFO -                     'jittest': 'jit_test.py',
16:52:13     INFO -                     'mochitest': 'runtests.py',
16:52:13     INFO -                     'mozbase': 'test.py',
16:52:13     INFO -                     'mozmill': 'runtestlist.py',
16:52:13     INFO -                     'reftest': 'runreftest.py',
16:52:13     INFO -                     'xpcshell': 'runxpcshelltests.py'},
16:52:13     INFO -  'specific_tests_zip_dirs': {'cppunittest': ('cppunittest/*',),
16:52:13     INFO -                              'gtest': ('gtest/*',),
16:52:13     INFO -                              'jittest': ('jit-test/*',),
16:52:13     INFO -                              'mochitest': ('mochitest/*',),
16:52:13     INFO -                              'mozbase': ('mozbase/*',),
16:52:13     INFO -                              'mozmill': ('mozmill/*',),
16:52:13     INFO -                              'reftest': ('reftest/*', 'jsreftest/*'),
16:52:13     INFO -                              'xpcshell': ('xpcshell/*',)},
16:52:13     INFO -  'specified_mochitest_suites': ('browser-chrome-chunked',),
16:52:13     INFO -  'strict_content_sandbox': False,
16:52:13     INFO -  'suite_definitions': {'cppunittest': {'options': ('--symbols-path=%(symbols_path)s',
16:52:13     INFO -                                                    '--xre-path=%(abs_app_dir)s'),
16:52:13     INFO -                                        'run_filename': 'runcppunittests.py',
16:52:13     INFO -                                        'testsdir': 'cppunittest'},
16:52:13     INFO -                        'gtest': {'options': ('--xre-path=%(abs_res_dir)s',
16:52:13     INFO -                                              '--cwd=%(gtest_dir)s',
16:52:13     INFO -                                              '--symbols-path=%(symbols_path)s',
16:52:13     INFO -                                              '--utility-path=tests/bin',
16:52:13     INFO -                                              '%(binary_path)s'),
16:52:13     INFO -                                  'run_filename': 'rungtests.py'},
16:52:13     INFO -                        'jittest': {'options': ('tests/bin/js',
16:52:13     INFO -                                                '--no-slow',
16:52:13     INFO -                                                '--no-progress',
16:52:13     INFO -                                                '--format=automation',
16:52:13     INFO -                                                '--jitflags=all',
16:52:13     INFO -                                                '--timeout=970'),
16:52:13     INFO -                                    'run_filename': 'jit_test.py',
16:52:13     INFO -                                    'run_timeout': 1000,
16:52:13     INFO -                                    'testsdir': 'jit-test/jit-test'},
16:52:13     INFO -                        'mochitest': {'options': ('--appname=%(binary_path)s',
16:52:13     INFO -                                                  '--utility-path=tests/bin',
16:52:13     INFO -                                                  '--extra-profile-file=tests/bin/plugins',
16:52:13     INFO -                                                  '--symbols-path=%(symbols_path)s',
16:52:13     INFO -                                                  '--certificate-path=tests/certs',
16:52:13     INFO -                                                  '--setpref=webgl.force-enabled=true',
16:52:13     INFO -                                                  '--quiet',
16:52:13     INFO -                                                  '--log-raw=%(raw_log_file)s',
16:52:13     INFO -                                                  '--log-errorsummary=%(error_summary_file)s',
16:52:13     INFO -                                                  '--use-test-media-devices',
16:52:13     INFO -                                                  '--screenshot-on-fail',
16:52:13     INFO -                                                  '--cleanup-crashes',
16:52:13     INFO -                                                  '--marionette-startup-timeout=180'),
16:52:13     INFO -                                      'run_filename': 'runtests.py',
16:52:13     INFO -                                      'testsdir': 'mochitest'},
16:52:13     INFO -                        'mozbase': {'options': ('-b', '%(binary_path)s'),
16:52:13     INFO -                                    'run_filename': 'test.py',
16:52:13     INFO -                                    'testsdir': 'mozbase'},
16:52:13     INFO -                        'mozmill': {'options': ('--binary=%(binary_path)s',
16:52:13     INFO -                                                '--testing-modules-dir=test/modules',
16:52:13     INFO -                                                '--plugins-path=%(test_plugin_path)s',
16:52:13     INFO -                                                '--symbols-path=%(symbols_path)s'),
16:52:13     INFO -                                    'run_filename': 'runtestlist.py',
16:52:13     INFO -                                    'testsdir': 'mozmill'},
16:52:13     INFO -                        'reftest': {'options': ('--appname=%(binary_path)s',
16:52:13     INFO -                                                '--utility-path=tests/bin',
16:52:13     INFO -                                                '--extra-profile-file=tests/bin/plugins',
16:52:13     INFO -                                                '--symbols-path=%(symbols_path)s',
16:52:13     INFO -                                                '--log-raw=%(raw_log_file)s',
16:52:13     INFO -                                                '--log-errorsummary=%(error_summary_file)s',
16:52:13     INFO -                                                '--cleanup-crashes'),
16:52:13     INFO -                                    'run_filename': 'runreftest.py',
16:52:13     INFO -                                    'testsdir': 'reftest'},
16:52:13     INFO -                        'xpcshell': {'options': ('--symbols-path=%(symbols_path)s',
16:52:13     INFO -                                                 '--test-plugin-path=%(test_plugin_path)s',
16:52:13     INFO -                                                 '--log-raw=%(raw_log_file)s',
16:52:13     INFO -                                                 '--log-errorsummary=%(error_summary_file)s',
16:52:13     INFO -                                                 '--utility-path=tests/bin'),
16:52:13     INFO -                                     'run_filename': 'runxpcshelltests.py',
16:52:13     INFO -                                     'testsdir': 'xpcshell'}},
16:52:13     INFO -  'this_chunk': '2',
16:52:13     INFO -  'tooltool_cache': '/builds/tooltool_cache',
16:52:13     INFO -  'total_chunks': '7',
16:52:13     INFO -  'unstructured_flavors': {'cppunittest': (),
16:52:13     INFO -                           'gtest': (),
16:52:13     INFO -                           'jittest': (),
16:52:13     INFO -                           'mochitest': ('jetpack',),
16:52:13     INFO -                           'mozbase': (),
16:52:13     INFO -                           'mozmill': (),
16:52:13     INFO -                           'xpcshell': ()},
16:52:13     INFO -  'vcs_output_timeout': 1000,
16:52:13     INFO -  'virtualenv_path': 'venv',
16:52:13     INFO -  'volatile_config': {'actions': None, 'add_actions': None, 'no_actions': None},
16:52:13     INFO -  'work_dir': 'build',
16:52:13     INFO -  'xpcshell_name': 'xpcshell'}
16:52:13     INFO - [mozharness: 2018-06-08 23:52:13.765792Z] Running clobber step.
16:52:13     INFO - Running pre-action listener: _resource_record_pre_action
16:52:13     INFO - Running main action method: clobber
16:52:13     INFO - rmtree: /builds/slave/test/build
16:52:13     INFO - Running post-action listener: _resource_record_post_action
16:52:13     INFO - [mozharness: 2018-06-08 23:52:13.779876Z] Finished clobber step (success)
16:52:13     INFO - [mozharness: 2018-06-08 23:52:13.780291Z] Running read-buildbot-config step.
16:52:13     INFO - Running pre-action listener: _resource_record_pre_action
16:52:13     INFO - Running main action method: read_buildbot_config
16:52:13     INFO - Using buildbot properties:
16:52:13     INFO - {
16:52:13     INFO -     "project": "", 
16:52:13     INFO -     "product": "firefox", 
16:52:13     INFO -     "script_repo_revision": "production", 
16:52:13     INFO -     "scheduler": "tests-mozilla-esr52-ubuntu64_vm-pgo-unittest", 
16:52:13     INFO -     "repository": "", 
16:52:13     INFO -     "buildername": "Ubuntu VM 12.04 x64 mozilla-esr52 pgo test mochitest-e10s-browser-chrome-2", 
16:52:13     INFO -     "buildid": "20180608150819", 
16:52:13     INFO -     "pgo_build": "True", 
16:52:13     INFO -     "basedir": "/builds/slave/test", 
16:52:13     INFO -     "buildnumber": 7, 
16:52:13     INFO -     "slavename": "tst-linux64-spot-325", 
16:52:13     INFO -     "master": "http://buildbot-master54.bb.releng.usw2.mozilla.com:8201/", 
16:52:13     INFO -     "platform": "linux64", 
16:52:13     INFO -     "branch": "mozilla-esr52", 
16:52:13     INFO -     "revision": "cbfdf01aac455e0591471201c96b89dee98190b5", 
16:52:13     INFO -     "repo_path": "releases/mozilla-esr52", 
16:52:13     INFO -     "moz_repo_path": "", 
16:52:13     INFO -     "stage_platform": "linux64-pgo", 
16:52:13     INFO -     "builduid": "b298b373e93d4f8dbf92436c9ed838a2", 
16:52:13     INFO -     "slavebuilddir": "test"
16:52:13     INFO - }
16:52:13     INFO - Found installer url https://queue.taskcluster.net/v1/task/I1iAdq48Sa60c5BCPWswkg/artifacts/public/build/firefox-52.8.2.en-US.linux-x86_64.tar.bz2.
16:52:13     INFO - Found a test packages url https://queue.taskcluster.net/v1/task/I1iAdq48Sa60c5BCPWswkg/artifacts/public/build/firefox-52.8.2.en-US.linux-x86_64.test_packages.json.
16:52:13     INFO - Running post-action listener: _resource_record_post_action
16:52:13     INFO - [mozharness: 2018-06-08 23:52:13.791075Z] Finished read-buildbot-config step (success)
16:52:13     INFO - [mozharness: 2018-06-08 23:52:13.791438Z] Running download-and-extract step.
16:52:13     INFO - Running pre-action listener: _pre_download_and_extract
16:52:13  WARNING - Try message not found.
16:52:13     INFO - Running pre-action listener: _resource_record_pre_action
16:52:13     INFO - Running main action method: download_and_extract
16:52:13     INFO - mkdir: /builds/slave/test/build/tests
16:52:13     INFO - Downloading https://queue.taskcluster.net/v1/task/I1iAdq48Sa60c5BCPWswkg/artifacts/public/build/firefox-52.8.2.en-US.linux-x86_64.test_packages.json to /builds/slave/test/build/firefox-52.8.2.en-US.linux-x86_64.test_packages.json
16:52:13     INFO - retry: Calling _download_file with args: (), kwargs: {'url': 'https://queue.taskcluster.net/v1/task/I1iAdq48Sa60c5BCPWswkg/artifacts/public/build/firefox-52.8.2.en-US.linux-x86_64.test_packages.json', 'file_name': '/builds/slave/test/build/firefox-52.8.2.en-US.linux-x86_64.test_packages.json'}, attempt #1
16:52:14     INFO - Downloaded 1361 bytes.
16:52:14     INFO - Reading from file /builds/slave/test/build/firefox-52.8.2.en-US.linux-x86_64.test_packages.json
16:52:14     INFO - Using the following test package requirements:
16:52:14     INFO - {u'common': [u'firefox-52.8.2.en-US.linux-x86_64.common.tests.zip'],
16:52:14     INFO -  u'cppunittest': [u'firefox-52.8.2.en-US.linux-x86_64.common.tests.zip',
16:52:14     INFO -                   u'firefox-52.8.2.en-US.linux-x86_64.cppunittest.tests.zip'],
16:52:14     INFO -  u'gtest': [u'firefox-52.8.2.en-US.linux-x86_64.common.tests.zip',
16:52:14     INFO -             u'firefox-52.8.2.en-US.linux-x86_64.gtest.tests.zip'],
16:52:14     INFO -  u'jittest': [u'firefox-52.8.2.en-US.linux-x86_64.common.tests.zip',
16:52:14     INFO -               u'jsshell-linux-x86_64.zip'],
16:52:14     INFO -  u'mochitest': [u'firefox-52.8.2.en-US.linux-x86_64.common.tests.zip',
16:52:14     INFO -                 u'firefox-52.8.2.en-US.linux-x86_64.mochitest.tests.zip'],
16:52:14     INFO -  u'mozbase': [u'firefox-52.8.2.en-US.linux-x86_64.common.tests.zip'],
16:52:14     INFO -  u'reftest': [u'firefox-52.8.2.en-US.linux-x86_64.common.tests.zip',
16:52:14     INFO -               u'firefox-52.8.2.en-US.linux-x86_64.reftest.tests.zip'],
16:52:14     INFO -  u'talos': [u'firefox-52.8.2.en-US.linux-x86_64.common.tests.zip',
16:52:14     INFO -             u'firefox-52.8.2.en-US.linux-x86_64.talos.tests.zip'],
16:52:14     INFO -  u'web-platform': [u'firefox-52.8.2.en-US.linux-x86_64.common.tests.zip',
16:52:14     INFO -                    u'firefox-52.8.2.en-US.linux-x86_64.web-platform.tests.zip'],
16:52:14     INFO -  u'xpcshell': [u'firefox-52.8.2.en-US.linux-x86_64.common.tests.zip',
16:52:14     INFO -                u'firefox-52.8.2.en-US.linux-x86_64.xpcshell.tests.zip']}
16:52:14     INFO - Downloading packages: [u'firefox-52.8.2.en-US.linux-x86_64.common.tests.zip', u'firefox-52.8.2.en-US.linux-x86_64.mochitest.tests.zip'] for test suite category: mochitest
16:52:14     INFO - Adding 'mozinfo.json' for extraction from common.tests zip file
16:52:14     INFO - Downloading and extracting to /builds/slave/test/build/tests these dirs bin/*, certs/*, config/*, mach, marionette/*, modules/*, mozbase/*, tools/*, mochitest/*, mozinfo.json from https://queue.taskcluster.net/v1/task/I1iAdq48Sa60c5BCPWswkg/artifacts/public/build/firefox-52.8.2.en-US.linux-x86_64.common.tests.zip
16:52:14     INFO - retry: Calling fetch_url_into_memory with args: (), kwargs: {'url': u'https://queue.taskcluster.net/v1/task/I1iAdq48Sa60c5BCPWswkg/artifacts/public/build/firefox-52.8.2.en-US.linux-x86_64.common.tests.zip'}, attempt #1
16:52:14     INFO - Fetch https://queue.taskcluster.net/v1/task/I1iAdq48Sa60c5BCPWswkg/artifacts/public/build/firefox-52.8.2.en-US.linux-x86_64.common.tests.zip into memory
16:52:15     INFO - Http code: 200
16:52:15     INFO - via: 1.1 296faebadd40feee8b2eb0e10d5786d2.cloudfront.net (CloudFront)
16:52:15     INFO - x-amz-cf-id: 4HRdx0t0WOSZEnRldhn7Ptg4JBLFS7CDvRiMASjXHgcL4DyUuLU4zA==
16:52:15     INFO - x-amz-version-id: amyEguiG3.NEsCgIpfpr7ojoc30OcAP5
16:52:16     INFO - Expected file size: 22192748
16:52:16     INFO - Obtained file size: 22192748
16:52:17     INFO - Downloading and extracting to /builds/slave/test/build/tests these dirs bin/*, certs/*, config/*, mach, marionette/*, modules/*, mozbase/*, tools/*, mochitest/*, mozinfo.json from https://queue.taskcluster.net/v1/task/I1iAdq48Sa60c5BCPWswkg/artifacts/public/build/firefox-52.8.2.en-US.linux-x86_64.mochitest.tests.zip
16:52:17     INFO - retry: Calling fetch_url_into_memory with args: (), kwargs: {'url': u'https://queue.taskcluster.net/v1/task/I1iAdq48Sa60c5BCPWswkg/artifacts/public/build/firefox-52.8.2.en-US.linux-x86_64.mochitest.tests.zip'}, attempt #1
16:52:17     INFO - Fetch https://queue.taskcluster.net/v1/task/I1iAdq48Sa60c5BCPWswkg/artifacts/public/build/firefox-52.8.2.en-US.linux-x86_64.mochitest.tests.zip into memory
16:52:18     INFO - Http code: 200
16:52:18     INFO - via: 1.1 296faebadd40feee8b2eb0e10d5786d2.cloudfront.net (CloudFront)
16:52:18     INFO - x-amz-cf-id: AfSMeVtJPhp8xh_Lu73wXJLHxF0d5x31fPUXAdXtHUAfzHUrw0aGzA==
16:52:18     INFO - x-amz-version-id: pVaLoGmwkPIw3WqAG.TA2Gozslw06heL
16:52:20     INFO - Expected file size: 80595071
16:52:20     INFO - Obtained file size: 80595071
16:52:45     INFO - Downloading https://queue.taskcluster.net/v1/task/I1iAdq48Sa60c5BCPWswkg/artifacts/public/build/firefox-52.8.2.en-US.linux-x86_64.tar.bz2 to /builds/slave/test/build/installer.tar.bz2
16:52:45     INFO - retry: Calling _download_file with args: (), kwargs: {'url': 'https://queue.taskcluster.net/v1/task/I1iAdq48Sa60c5BCPWswkg/artifacts/public/build/firefox-52.8.2.en-US.linux-x86_64.tar.bz2', 'file_name': '/builds/slave/test/build/installer.tar.bz2'}, attempt #1
16:52:47     INFO - Downloaded 57821935 bytes.
16:52:47     INFO - Setting buildbot property build_url to https://queue.taskcluster.net/v1/task/I1iAdq48Sa60c5BCPWswkg/artifacts/public/build/firefox-52.8.2.en-US.linux-x86_64.tar.bz2
16:52:47     INFO - mkdir: /builds/slave/test/properties
16:52:47     INFO - Writing buildbot properties ['build_url'] to /builds/slave/test/properties/build_url
16:52:47     INFO - Writing to file /builds/slave/test/properties/build_url
16:52:47     INFO - Contents:
16:52:47     INFO -  build_url:https://queue.taskcluster.net/v1/task/I1iAdq48Sa60c5BCPWswkg/artifacts/public/build/firefox-52.8.2.en-US.linux-x86_64.tar.bz2
16:52:48     INFO - Running post-action listener: _resource_record_post_action
16:52:48     INFO - Running post-action listener: set_extra_try_arguments
16:52:48     INFO - [mozharness: 2018-06-08 23:52:48.504315Z] Finished download-and-extract step (success)
16:52:48     INFO - [mozharness: 2018-06-08 23:52:48.504789Z] Running create-virtualenv step.
16:52:48     INFO - Running pre-action listener: _install_mozbase
16:52:48     INFO - Running pre-action listener: _pre_create_virtualenv
16:52:48     INFO - Running pre-action listener: _resource_record_pre_action
16:52:48     INFO - Running main action method: create_virtualenv
16:52:48     INFO - Creating virtualenv /builds/slave/test/build/venv
16:52:48     INFO - Running command: ['/tools/buildbot/bin/python', '/builds/slave/test/scripts/external_tools/virtualenv/virtualenv.py', '--always-copy', '/builds/slave/test/build/venv'] in /builds/slave/test/build
16:52:48     INFO - Copy/paste: /tools/buildbot/bin/python /builds/slave/test/scripts/external_tools/virtualenv/virtualenv.py --always-copy /builds/slave/test/build/venv
16:52:48     INFO - Using partial env: {'VIRTUALENV_NO_DOWNLOAD': '1'}
16:52:50     INFO -  Using real prefix '/usr'
16:52:50     INFO -  New python executable in /builds/slave/test/build/venv/bin/python
16:52:53     INFO -  Installing setuptools, pip, wheel...done.
16:52:53     INFO - Return code: 0
16:52:53     INFO - Installing psutil>=3.1.1 into virtualenv /builds/slave/test/build/venv
16:52:54     INFO - retry: Calling run_command with args: [['/builds/slave/test/build/venv/bin/pip', 'install', '--timeout', '120', '--no-index', '--find-links', 'http://pypi.pvt.build.mozilla.org/pub', '--find-links', 'http://pypi.pub.build.mozilla.org/pub', '--trusted-host', 'pypi.pub.build.mozilla.org', '--trusted-host', 'pypi.pvt.build.mozilla.org', 'psutil>=3.1.1']], kwargs: {'error_level': 'warning', 'error_list': [{'substr': 'not found or a compiler error:', 'level': 'warning'}, {'regex': <_sre.SRE_Pattern object at 0x7f3e12b38110>, 'level': 'error'}, {'regex': <_sre.SRE_Pattern object at 0x7f3e12c40e40>, 'level': 'warning'}, {'regex': <_sre.SRE_Pattern object at 0x15c03e0>, 'level': 'debug'}, {'substr': 'command not found', 'level': 'error'}, {'regex': <_sre.SRE_Pattern object at 0x15bca90>, 'level': 'warning'}, {'substr': 'Traceback (most recent call last)', 'level': 'error'}, {'substr': 'SyntaxError: ', 'level': 'error'}, {'substr': 'TypeError: ', 'level': 'error'}, {'substr': 'NameError: ', 'level': 'error'}, {'substr': 'ZeroDivisionError: ', 'level': 'error'}, {'regex': <_sre.SRE_Pattern object at 0x15be3f0>, 'level': 'critical'}, {'regex': <_sre.SRE_Pattern object at 0x15be670>, 'level': 'critical'}], 'cwd': '/builds/slave/test/build', 'env': {'TMOUT': '86400', 'LOGNAME': 'cltbld', 'USER': 'cltbld', 'HOME': '/home/cltbld', 'PATH': '/usr/local/bin:/usr/local/bin:/usr/bin:/bin:/usr/local/games:/usr/games', 'DISPLAY': ':0', 'CCACHE_UMASK': '002', 'LANG': 'en_US.UTF-8', 'TERM': 'linux', 'SHELL': '/bin/bash', 'MOZ_NODE_PATH': '/usr/bin/node', 'XDG_SESSION_COOKIE': '9ca12473fbb1d023794ffd180000023c-1528501930.480850-1865863142', 'SHLVL': '1', 'NO_FAIL_ON_TEST_ERRORS': '1', 'MOZ_NO_REMOTE': '1', 'MOZ_HIDE_RESULTS_TABLE': '1', 'MAIL': '/var/mail/cltbld', '_': '/tools/buildbot/bin/python', 'NODE_PATH': '/usr/lib/nodejs:/usr/lib/node_modules:/usr/share/javascript', 'PWD': '/builds/slave/test', 'PROPERTIES_FILE': '/builds/slave/test/buildprops.json', 'CCACHE_DIR': '/builds/ccache'}}, attempt #1
16:52:54     INFO - Running command: ['/builds/slave/test/build/venv/bin/pip', 'install', '--timeout', '120', '--no-index', '--find-links', 'http://pypi.pvt.build.mozilla.org/pub', '--find-links', 'http://pypi.pub.build.mozilla.org/pub', '--trusted-host', 'pypi.pub.build.mozilla.org', '--trusted-host', 'pypi.pvt.build.mozilla.org', 'psutil>=3.1.1'] in /builds/slave/test/build
16:52:54     INFO - Copy/paste: /builds/slave/test/build/venv/bin/pip install --timeout 120 --no-index --find-links http://pypi.pvt.build.mozilla.org/pub --find-links http://pypi.pub.build.mozilla.org/pub --trusted-host pypi.pub.build.mozilla.org --trusted-host pypi.pvt.build.mozilla.org psutil>=3.1.1
16:52:54     INFO - Using env: {'CCACHE_DIR': '/builds/ccache',
16:52:54     INFO -  'CCACHE_UMASK': '002',
16:52:54     INFO -  'DISPLAY': ':0',
16:52:54     INFO -  'HOME': '/home/cltbld',
16:52:54     INFO -  'LANG': 'en_US.UTF-8',
16:52:54     INFO -  'LOGNAME': 'cltbld',
16:52:54     INFO -  'MAIL': '/var/mail/cltbld',
16:52:54     INFO -  'MOZ_HIDE_RESULTS_TABLE': '1',
16:52:54     INFO -  'MOZ_NODE_PATH': '/usr/bin/node',
16:52:54     INFO -  'MOZ_NO_REMOTE': '1',
16:52:54     INFO -  'NODE_PATH': '/usr/lib/nodejs:/usr/lib/node_modules:/usr/share/javascript',
16:52:54     INFO -  'NO_FAIL_ON_TEST_ERRORS': '1',
16:52:54     INFO -  'PATH': '/usr/local/bin:/usr/local/bin:/usr/bin:/bin:/usr/local/games:/usr/games',
16:52:54     INFO -  'PROPERTIES_FILE': '/builds/slave/test/buildprops.json',
16:52:54     INFO -  'PWD': '/builds/slave/test',
16:52:54     INFO -  'SHELL': '/bin/bash',
16:52:54     INFO -  'SHLVL': '1',
16:52:54     INFO -  'TERM': 'linux',
16:52:54     INFO -  'TMOUT': '86400',
16:52:54     INFO -  'USER': 'cltbld',
16:52:54     INFO -  'XDG_SESSION_COOKIE': '9ca12473fbb1d023794ffd180000023c-1528501930.480850-1865863142',
16:52:54     INFO -  '_': '/tools/buildbot/bin/python'}
16:52:54     INFO -  Ignoring indexes: https://pypi.python.org/simple
16:52:54     INFO -  Collecting psutil>=3.1.1
16:52:54     INFO -  /builds/slave/test/build/venv/lib/python2.7/site-packages/pip/_vendor/requests/packages/urllib3/util/ssl_.py:318: SNIMissingWarning: An HTTPS request has been made, but the SNI (Subject Name Indication) extension to TLS is not available on this platform. This may cause the server to present an incorrect TLS certificate, which can cause validation failures. You can upgrade to a newer version of Python to solve this. For more information, see https://urllib3.readthedocs.org/en/latest/security.html#snimissingwarning.
16:52:54     INFO -    SNIMissingWarning
16:52:54     INFO -  /builds/slave/test/build/venv/lib/python2.7/site-packages/pip/_vendor/requests/packages/urllib3/util/ssl_.py:122: InsecurePlatformWarning: A true SSLContext object is not available. This prevents urllib3 from configuring SSL appropriately and may cause certain SSL connections to fail. You can upgrade to a newer version of Python to solve this. For more information, see https://urllib3.readthedocs.org/en/latest/security.html#insecureplatformwarning.
16:52:54     INFO -    InsecurePlatformWarning
16:52:56     INFO -  /builds/slave/test/build/venv/lib/python2.7/site-packages/pip/_vendor/requests/packages/urllib3/util/ssl_.py:122: InsecurePlatformWarning: A true SSLContext object is not available. This prevents urllib3 from configuring SSL appropriately and may cause certain SSL connections to fail. You can upgrade to a newer version of Python to solve this. For more information, see https://urllib3.readthedocs.org/en/latest/security.html#insecureplatformwarning.
16:52:56     INFO -    InsecurePlatformWarning
16:52:59     INFO -    Downloading https://pypi.pvt.build.mozilla.org/pub/psutil-5.4.3.tar.gz (412kB)
16:53:01     INFO -  Building wheels for collected packages: psutil
16:53:01     INFO -    Running setup.py bdist_wheel for psutil: started
16:53:03     INFO -    Running setup.py bdist_wheel for psutil: finished with status 'done'
16:53:03     INFO -    Stored in directory: /home/cltbld/.cache/pip/wheels/30/c0/c3/5cdb2b64c0d47a81af9c62935a64d83948d2c2b3e7af3eeee2
16:53:03     INFO -  Successfully built psutil
16:53:03     INFO -  Installing collected packages: psutil
16:53:04     INFO -  Successfully installed psutil-5.4.3
16:53:04     INFO - Return code: 0
16:53:04     INFO - Installing mozsystemmonitor==0.3 into virtualenv /builds/slave/test/build/venv
16:53:04     INFO - retry: Calling run_command with args: [['/builds/slave/test/build/venv/bin/pip', 'install', '--timeout', '120', '--no-index', '--find-links', 'http://pypi.pvt.build.mozilla.org/pub', '--find-links', 'http://pypi.pub.build.mozilla.org/pub', '--trusted-host', 'pypi.pub.build.mozilla.org', '--trusted-host', 'pypi.pvt.build.mozilla.org', 'mozsystemmonitor==0.3']], kwargs: {'error_level': 'warning', 'error_list': [{'substr': 'not found or a compiler error:', 'level': 'warning'}, {'regex': <_sre.SRE_Pattern object at 0x7f3e12b38110>, 'level': 'error'}, {'regex': <_sre.SRE_Pattern object at 0x7f3e12c40e40>, 'level': 'warning'}, {'regex': <_sre.SRE_Pattern object at 0x15c03e0>, 'level': 'debug'}, {'substr': 'command not found', 'level': 'error'}, {'regex': <_sre.SRE_Pattern object at 0x15bca90>, 'level': 'warning'}, {'substr': 'Traceback (most recent call last)', 'level': 'error'}, {'substr': 'SyntaxError: ', 'level': 'error'}, {'substr': 'TypeError: ', 'level': 'error'}, {'substr': 'NameError: ', 'level': 'error'}, {'substr': 'ZeroDivisionError: ', 'level': 'error'}, {'regex': <_sre.SRE_Pattern object at 0x15be3f0>, 'level': 'critical'}, {'regex': <_sre.SRE_Pattern object at 0x15be670>, 'level': 'critical'}], 'cwd': '/builds/slave/test/build', 'env': {'TMOUT': '86400', 'LOGNAME': 'cltbld', 'USER': 'cltbld', 'HOME': '/home/cltbld', 'PATH': '/usr/local/bin:/usr/local/bin:/usr/bin:/bin:/usr/local/games:/usr/games', 'DISPLAY': ':0', 'CCACHE_UMASK': '002', 'LANG': 'en_US.UTF-8', 'TERM': 'linux', 'SHELL': '/bin/bash', 'MOZ_NODE_PATH': '/usr/bin/node', 'XDG_SESSION_COOKIE': '9ca12473fbb1d023794ffd180000023c-1528501930.480850-1865863142', 'SHLVL': '1', 'NO_FAIL_ON_TEST_ERRORS': '1', 'MOZ_NO_REMOTE': '1', 'MOZ_HIDE_RESULTS_TABLE': '1', 'MAIL': '/var/mail/cltbld', '_': '/tools/buildbot/bin/python', 'NODE_PATH': '/usr/lib/nodejs:/usr/lib/node_modules:/usr/share/javascript', 'PWD': '/builds/slave/test', 'PROPERTIES_FILE': '/builds/slave/test/buildprops.json', 'CCACHE_DIR': '/builds/ccache'}}, attempt #1
16:53:04     INFO - Running command: ['/builds/slave/test/build/venv/bin/pip', 'install', '--timeout', '120', '--no-index', '--find-links', 'http://pypi.pvt.build.mozilla.org/pub', '--find-links', 'http://pypi.pub.build.mozilla.org/pub', '--trusted-host', 'pypi.pub.build.mozilla.org', '--trusted-host', 'pypi.pvt.build.mozilla.org', 'mozsystemmonitor==0.3'] in /builds/slave/test/build
16:53:04     INFO - Copy/paste: /builds/slave/test/build/venv/bin/pip install --timeout 120 --no-index --find-links http://pypi.pvt.build.mozilla.org/pub --find-links http://pypi.pub.build.mozilla.org/pub --trusted-host pypi.pub.build.mozilla.org --trusted-host pypi.pvt.build.mozilla.org mozsystemmonitor==0.3
16:53:04     INFO - Using env: {'CCACHE_DIR': '/builds/ccache',
16:53:04     INFO -  'CCACHE_UMASK': '002',
16:53:04     INFO -  'DISPLAY': ':0',
16:53:04     INFO -  'HOME': '/home/cltbld',
16:53:04     INFO -  'LANG': 'en_US.UTF-8',
16:53:04     INFO -  'LOGNAME': 'cltbld',
16:53:04     INFO -  'MAIL': '/var/mail/cltbld',
16:53:04     INFO -  'MOZ_HIDE_RESULTS_TABLE': '1',
16:53:04     INFO -  'MOZ_NODE_PATH': '/usr/bin/node',
16:53:04     INFO -  'MOZ_NO_REMOTE': '1',
16:53:04     INFO -  'NODE_PATH': '/usr/lib/nodejs:/usr/lib/node_modules:/usr/share/javascript',
16:53:04     INFO -  'NO_FAIL_ON_TEST_ERRORS': '1',
16:53:04     INFO -  'PATH': '/usr/local/bin:/usr/local/bin:/usr/bin:/bin:/usr/local/games:/usr/games',
16:53:04     INFO -  'PROPERTIES_FILE': '/builds/slave/test/buildprops.json',
16:53:04     INFO -  'PWD': '/builds/slave/test',
16:53:04     INFO -  'SHELL': '/bin/bash',
16:53:04     INFO -  'SHLVL': '1',
16:53:04     INFO -  'TERM': 'linux',
16:53:04     INFO -  'TMOUT': '86400',
16:53:04     INFO -  'USER': 'cltbld',
16:53:04     INFO -  'XDG_SESSION_COOKIE': '9ca12473fbb1d023794ffd180000023c-1528501930.480850-1865863142',
16:53:04     INFO -  '_': '/tools/buildbot/bin/python'}
16:53:05     INFO -  Ignoring indexes: https://pypi.python.org/simple
16:53:05     INFO -  Collecting mozsystemmonitor==0.3
16:53:05     INFO -  /builds/slave/test/build/venv/lib/python2.7/site-packages/pip/_vendor/requests/packages/urllib3/util/ssl_.py:318: SNIMissingWarning: An HTTPS request has been made, but the SNI (Subject Name Indication) extension to TLS is not available on this platform. This may cause the server to present an incorrect TLS certificate, which can cause validation failures. You can upgrade to a newer version of Python to solve this. For more information, see https://urllib3.readthedocs.org/en/latest/security.html#snimissingwarning.
16:53:05     INFO -    SNIMissingWarning
16:53:05     INFO -  /builds/slave/test/build/venv/lib/python2.7/site-packages/pip/_vendor/requests/packages/urllib3/util/ssl_.py:122: InsecurePlatformWarning: A true SSLContext object is not available. This prevents urllib3 from configuring SSL appropriately and may cause certain SSL connections to fail. You can upgrade to a newer version of Python to solve this. For more information, see https://urllib3.readthedocs.org/en/latest/security.html#insecureplatformwarning.
16:53:05     INFO -    InsecurePlatformWarning
16:53:06     INFO -  /builds/slave/test/build/venv/lib/python2.7/site-packages/pip/_vendor/requests/packages/urllib3/util/ssl_.py:122: InsecurePlatformWarning: A true SSLContext object is not available. This prevents urllib3 from configuring SSL appropriately and may cause certain SSL connections to fail. You can upgrade to a newer version of Python to solve this. For more information, see https://urllib3.readthedocs.org/en/latest/security.html#insecureplatformwarning.
16:53:06     INFO -    InsecurePlatformWarning
16:53:10     INFO -    Downloading https://pypi.pvt.build.mozilla.org/pub/mozsystemmonitor-0.3.tar.gz
16:53:10     INFO -  Requirement already satisfied (use --upgrade to upgrade): psutil>=3.1.1 in ./venv/lib/python2.7/site-packages (from mozsystemmonitor==0.3)
16:53:10     INFO -  Building wheels for collected packages: mozsystemmonitor
16:53:10     INFO -    Running setup.py bdist_wheel for mozsystemmonitor: started
16:53:11     INFO -    Running setup.py bdist_wheel for mozsystemmonitor: finished with status 'done'
16:53:11     INFO -    Stored in directory: /home/cltbld/.cache/pip/wheels/f4/b7/9c/8a88c92aaad7c1d8bbd68513e1d91ad7f62b7465808c516aa8
16:53:11     INFO -  Successfully built mozsystemmonitor
16:53:11     INFO -  Installing collected packages: mozsystemmonitor
16:53:11     INFO -  Successfully installed mozsystemmonitor-0.3
16:53:11     INFO - Return code: 0
16:53:11     INFO - Installing jsonschema==2.5.1 into virtualenv /builds/slave/test/build/venv
16:53:11     INFO - retry: Calling run_command with args: [['/builds/slave/test/build/venv/bin/pip', 'install', '--timeout', '120', '--no-index', '--find-links', 'http://pypi.pvt.build.mozilla.org/pub', '--find-links', 'http://pypi.pub.build.mozilla.org/pub', '--trusted-host', 'pypi.pub.build.mozilla.org', '--trusted-host', 'pypi.pvt.build.mozilla.org', 'jsonschema==2.5.1']], kwargs: {'error_level': 'warning', 'error_list': [{'substr': 'not found or a compiler error:', 'level': 'warning'}, {'regex': <_sre.SRE_Pattern object at 0x7f3e12b38110>, 'level': 'error'}, {'regex': <_sre.SRE_Pattern object at 0x7f3e12c40e40>, 'level': 'warning'}, {'regex': <_sre.SRE_Pattern object at 0x15c03e0>, 'level': 'debug'}, {'substr': 'command not found', 'level': 'error'}, {'regex': <_sre.SRE_Pattern object at 0x15bca90>, 'level': 'warning'}, {'substr': 'Traceback (most recent call last)', 'level': 'error'}, {'substr': 'SyntaxError: ', 'level': 'error'}, {'substr': 'TypeError: ', 'level': 'error'}, {'substr': 'NameError: ', 'level': 'error'}, {'substr': 'ZeroDivisionError: ', 'level': 'error'}, {'regex': <_sre.SRE_Pattern object at 0x15be3f0>, 'level': 'critical'}, {'regex': <_sre.SRE_Pattern object at 0x15be670>, 'level': 'critical'}], 'cwd': '/builds/slave/test/build', 'env': {'TMOUT': '86400', 'LOGNAME': 'cltbld', 'USER': 'cltbld', 'HOME': '/home/cltbld', 'PATH': '/usr/local/bin:/usr/local/bin:/usr/bin:/bin:/usr/local/games:/usr/games', 'DISPLAY': ':0', 'CCACHE_UMASK': '002', 'LANG': 'en_US.UTF-8', 'TERM': 'linux', 'SHELL': '/bin/bash', 'MOZ_NODE_PATH': '/usr/bin/node', 'XDG_SESSION_COOKIE': '9ca12473fbb1d023794ffd180000023c-1528501930.480850-1865863142', 'SHLVL': '1', 'NO_FAIL_ON_TEST_ERRORS': '1', 'MOZ_NO_REMOTE': '1', 'MOZ_HIDE_RESULTS_TABLE': '1', 'MAIL': '/var/mail/cltbld', '_': '/tools/buildbot/bin/python', 'NODE_PATH': '/usr/lib/nodejs:/usr/lib/node_modules:/usr/share/javascript', 'PWD': '/builds/slave/test', 'PROPERTIES_FILE': '/builds/slave/test/buildprops.json', 'CCACHE_DIR': '/builds/ccache'}}, attempt #1
16:53:11     INFO - Running command: ['/builds/slave/test/build/venv/bin/pip', 'install', '--timeout', '120', '--no-index', '--find-links', 'http://pypi.pvt.build.mozilla.org/pub', '--find-links', 'http://pypi.pub.build.mozilla.org/pub', '--trusted-host', 'pypi.pub.build.mozilla.org', '--trusted-host', 'pypi.pvt.build.mozilla.org', 'jsonschema==2.5.1'] in /builds/slave/test/build
16:53:11     INFO - Copy/paste: /builds/slave/test/build/venv/bin/pip install --timeout 120 --no-index --find-links http://pypi.pvt.build.mozilla.org/pub --find-links http://pypi.pub.build.mozilla.org/pub --trusted-host pypi.pub.build.mozilla.org --trusted-host pypi.pvt.build.mozilla.org jsonschema==2.5.1
16:53:11     INFO - Using env: {'CCACHE_DIR': '/builds/ccache',
16:53:11     INFO -  'CCACHE_UMASK': '002',
16:53:11     INFO -  'DISPLAY': ':0',
16:53:11     INFO -  'HOME': '/home/cltbld',
16:53:11     INFO -  'LANG': 'en_US.UTF-8',
16:53:11     INFO -  'LOGNAME': 'cltbld',
16:53:11     INFO -  'MAIL': '/var/mail/cltbld',
16:53:11     INFO -  'MOZ_HIDE_RESULTS_TABLE': '1',
16:53:11     INFO -  'MOZ_NODE_PATH': '/usr/bin/node',
16:53:11     INFO -  'MOZ_NO_REMOTE': '1',
16:53:11     INFO -  'NODE_PATH': '/usr/lib/nodejs:/usr/lib/node_modules:/usr/share/javascript',
16:53:11     INFO -  'NO_FAIL_ON_TEST_ERRORS': '1',
16:53:11     INFO -  'PATH': '/usr/local/bin:/usr/local/bin:/usr/bin:/bin:/usr/local/games:/usr/games',
16:53:11     INFO -  'PROPERTIES_FILE': '/builds/slave/test/buildprops.json',
16:53:11     INFO -  'PWD': '/builds/slave/test',
16:53:11     INFO -  'SHELL': '/bin/bash',
16:53:11     INFO -  'SHLVL': '1',
16:53:11     INFO -  'TERM': 'linux',
16:53:11     INFO -  'TMOUT': '86400',
16:53:11     INFO -  'USER': 'cltbld',
16:53:11     INFO -  'XDG_SESSION_COOKIE': '9ca12473fbb1d023794ffd180000023c-1528501930.480850-1865863142',
16:53:11     INFO -  '_': '/tools/buildbot/bin/python'}
16:53:12     INFO -  Ignoring indexes: https://pypi.python.org/simple
16:53:12     INFO -  Collecting jsonschema==2.5.1
16:53:12     INFO -  /builds/slave/test/build/venv/lib/python2.7/site-packages/pip/_vendor/requests/packages/urllib3/util/ssl_.py:318: SNIMissingWarning: An HTTPS request has been made, but the SNI (Subject Name Indication) extension to TLS is not available on this platform. This may cause the server to present an incorrect TLS certificate, which can cause validation failures. You can upgrade to a newer version of Python to solve this. For more information, see https://urllib3.readthedocs.org/en/latest/security.html#snimissingwarning.
16:53:12     INFO -    SNIMissingWarning
16:53:12     INFO -  /builds/slave/test/build/venv/lib/python2.7/site-packages/pip/_vendor/requests/packages/urllib3/util/ssl_.py:122: InsecurePlatformWarning: A true SSLContext object is not available. This prevents urllib3 from configuring SSL appropriately and may cause certain SSL connections to fail. You can upgrade to a newer version of Python to solve this. For more information, see https://urllib3.readthedocs.org/en/latest/security.html#insecureplatformwarning.
16:53:12     INFO -    InsecurePlatformWarning
16:53:13     INFO -  /builds/slave/test/build/venv/lib/python2.7/site-packages/pip/_vendor/requests/packages/urllib3/util/ssl_.py:122: InsecurePlatformWarning: A true SSLContext object is not available. This prevents urllib3 from configuring SSL appropriately and may cause certain SSL connections to fail. You can upgrade to a newer version of Python to solve this. For more information, see https://urllib3.readthedocs.org/en/latest/security.html#insecureplatformwarning.
16:53:13     INFO -    InsecurePlatformWarning
16:53:17     INFO -    Downloading https://pypi.pvt.build.mozilla.org/pub/jsonschema-2.5.1-py2.py3-none-any.whl
16:53:17     INFO -  Collecting functools32; python_version == "2.7" (from jsonschema==2.5.1)
16:53:21     INFO -    Downloading https://pypi.pvt.build.mozilla.org/pub/functools32-3.2.3-2.tar.gz
16:53:22     INFO -  Building wheels for collected packages: functools32
16:53:22     INFO -    Running setup.py bdist_wheel for functools32: started
16:53:22     INFO -    Running setup.py bdist_wheel for functools32: finished with status 'done'
16:53:22     INFO -    Stored in directory: /home/cltbld/.cache/pip/wheels/60/8e/5c/cd0944700dbec48e57da97dbe11bcc84b1332f6b43bc89d9b7
16:53:22     INFO -  Successfully built functools32
16:53:22     INFO -  Installing collected packages: functools32, jsonschema
16:53:23     INFO -  Successfully installed functools32-3.2.3.post2 jsonschema-2.5.1
16:53:23     INFO - Return code: 0
16:53:23     INFO - Installing functools32==3.2.3-2 into virtualenv /builds/slave/test/build/venv
16:53:23     INFO - retry: Calling run_command with args: [['/builds/slave/test/build/venv/bin/pip', 'install', '--timeout', '120', '--no-index', '--find-links', 'http://pypi.pvt.build.mozilla.org/pub', '--find-links', 'http://pypi.pub.build.mozilla.org/pub', '--trusted-host', 'pypi.pub.build.mozilla.org', '--trusted-host', 'pypi.pvt.build.mozilla.org', 'functools32==3.2.3-2']], kwargs: {'error_level': 'warning', 'error_list': [{'substr': 'not found or a compiler error:', 'level': 'warning'}, {'regex': <_sre.SRE_Pattern object at 0x7f3e12b38110>, 'level': 'error'}, {'regex': <_sre.SRE_Pattern object at 0x7f3e12c40e40>, 'level': 'warning'}, {'regex': <_sre.SRE_Pattern object at 0x15c03e0>, 'level': 'debug'}, {'substr': 'command not found', 'level': 'error'}, {'regex': <_sre.SRE_Pattern object at 0x15bca90>, 'level': 'warning'}, {'substr': 'Traceback (most recent call last)', 'level': 'error'}, {'substr': 'SyntaxError: ', 'level': 'error'}, {'substr': 'TypeError: ', 'level': 'error'}, {'substr': 'NameError: ', 'level': 'error'}, {'substr': 'ZeroDivisionError: ', 'level': 'error'}, {'regex': <_sre.SRE_Pattern object at 0x15be3f0>, 'level': 'critical'}, {'regex': <_sre.SRE_Pattern object at 0x15be670>, 'level': 'critical'}], 'cwd': '/builds/slave/test/build', 'env': {'TMOUT': '86400', 'LOGNAME': 'cltbld', 'USER': 'cltbld', 'HOME': '/home/cltbld', 'PATH': '/usr/local/bin:/usr/local/bin:/usr/bin:/bin:/usr/local/games:/usr/games', 'DISPLAY': ':0', 'CCACHE_UMASK': '002', 'LANG': 'en_US.UTF-8', 'TERM': 'linux', 'SHELL': '/bin/bash', 'MOZ_NODE_PATH': '/usr/bin/node', 'XDG_SESSION_COOKIE': '9ca12473fbb1d023794ffd180000023c-1528501930.480850-1865863142', 'SHLVL': '1', 'NO_FAIL_ON_TEST_ERRORS': '1', 'MOZ_NO_REMOTE': '1', 'MOZ_HIDE_RESULTS_TABLE': '1', 'MAIL': '/var/mail/cltbld', '_': '/tools/buildbot/bin/python', 'NODE_PATH': '/usr/lib/nodejs:/usr/lib/node_modules:/usr/share/javascript', 'PWD': '/builds/slave/test', 'PROPERTIES_FILE': '/builds/slave/test/buildprops.json', 'CCACHE_DIR': '/builds/ccache'}}, attempt #1
16:53:23     INFO - Running command: ['/builds/slave/test/build/venv/bin/pip', 'install', '--timeout', '120', '--no-index', '--find-links', 'http://pypi.pvt.build.mozilla.org/pub', '--find-links', 'http://pypi.pub.build.mozilla.org/pub', '--trusted-host', 'pypi.pub.build.mozilla.org', '--trusted-host', 'pypi.pvt.build.mozilla.org', 'functools32==3.2.3-2'] in /builds/slave/test/build
16:53:23     INFO - Copy/paste: /builds/slave/test/build/venv/bin/pip install --timeout 120 --no-index --find-links http://pypi.pvt.build.mozilla.org/pub --find-links http://pypi.pub.build.mozilla.org/pub --trusted-host pypi.pub.build.mozilla.org --trusted-host pypi.pvt.build.mozilla.org functools32==3.2.3-2
16:53:23     INFO - Using env: {'CCACHE_DIR': '/builds/ccache',
16:53:23     INFO -  'CCACHE_UMASK': '002',
16:53:23     INFO -  'DISPLAY': ':0',
16:53:23     INFO -  'HOME': '/home/cltbld',
16:53:23     INFO -  'LANG': 'en_US.UTF-8',
16:53:23     INFO -  'LOGNAME': 'cltbld',
16:53:23     INFO -  'MAIL': '/var/mail/cltbld',
16:53:23     INFO -  'MOZ_HIDE_RESULTS_TABLE': '1',
16:53:23     INFO -  'MOZ_NODE_PATH': '/usr/bin/node',
16:53:23     INFO -  'MOZ_NO_REMOTE': '1',
16:53:23     INFO -  'NODE_PATH': '/usr/lib/nodejs:/usr/lib/node_modules:/usr/share/javascript',
16:53:23     INFO -  'NO_FAIL_ON_TEST_ERRORS': '1',
16:53:23     INFO -  'PATH': '/usr/local/bin:/usr/local/bin:/usr/bin:/bin:/usr/local/games:/usr/games',
16:53:23     INFO -  'PROPERTIES_FILE': '/builds/slave/test/buildprops.json',
16:53:23     INFO -  'PWD': '/builds/slave/test',
16:53:23     INFO -  'SHELL': '/bin/bash',
16:53:23     INFO -  'SHLVL': '1',
16:53:23     INFO -  'TERM': 'linux',
16:53:23     INFO -  'TMOUT': '86400',
16:53:23     INFO -  'USER': 'cltbld',
16:53:23     INFO -  'XDG_SESSION_COOKIE': '9ca12473fbb1d023794ffd180000023c-1528501930.480850-1865863142',
16:53:23     INFO -  '_': '/tools/buildbot/bin/python'}
16:53:24     INFO -  Ignoring indexes: https://pypi.python.org/simple
16:53:24     INFO -  Requirement already satisfied (use --upgrade to upgrade): functools32==3.2.3-2 in ./venv/lib/python2.7/site-packages
16:53:24     INFO - Return code: 0
16:53:24     INFO - Installing blobuploader==1.2.4 into virtualenv /builds/slave/test/build/venv
16:53:24     INFO - retry: Calling run_command with args: [['/builds/slave/test/build/venv/bin/pip', 'install', '--timeout', '120', '--no-index', '--find-links', 'http://pypi.pvt.build.mozilla.org/pub', '--find-links', 'http://pypi.pub.build.mozilla.org/pub', '--trusted-host', 'pypi.pub.build.mozilla.org', '--trusted-host', 'pypi.pvt.build.mozilla.org', 'blobuploader==1.2.4']], kwargs: {'error_level': 'warning', 'error_list': [{'substr': 'not found or a compiler error:', 'level': 'warning'}, {'regex': <_sre.SRE_Pattern object at 0x7f3e12b38110>, 'level': 'error'}, {'regex': <_sre.SRE_Pattern object at 0x7f3e12c40e40>, 'level': 'warning'}, {'regex': <_sre.SRE_Pattern object at 0x15c03e0>, 'level': 'debug'}, {'substr': 'command not found', 'level': 'error'}, {'regex': <_sre.SRE_Pattern object at 0x15bca90>, 'level': 'warning'}, {'substr': 'Traceback (most recent call last)', 'level': 'error'}, {'substr': 'SyntaxError: ', 'level': 'error'}, {'substr': 'TypeError: ', 'level': 'error'}, {'substr': 'NameError: ', 'level': 'error'}, {'substr': 'ZeroDivisionError: ', 'level': 'error'}, {'regex': <_sre.SRE_Pattern object at 0x15be3f0>, 'level': 'critical'}, {'regex': <_sre.SRE_Pattern object at 0x15be670>, 'level': 'critical'}], 'cwd': '/builds/slave/test/build', 'env': {'TMOUT': '86400', 'LOGNAME': 'cltbld', 'USER': 'cltbld', 'HOME': '/home/cltbld', 'PATH': '/usr/local/bin:/usr/local/bin:/usr/bin:/bin:/usr/local/games:/usr/games', 'DISPLAY': ':0', 'CCACHE_UMASK': '002', 'LANG': 'en_US.UTF-8', 'TERM': 'linux', 'SHELL': '/bin/bash', 'MOZ_NODE_PATH': '/usr/bin/node', 'XDG_SESSION_COOKIE': '9ca12473fbb1d023794ffd180000023c-1528501930.480850-1865863142', 'SHLVL': '1', 'NO_FAIL_ON_TEST_ERRORS': '1', 'MOZ_NO_REMOTE': '1', 'MOZ_HIDE_RESULTS_TABLE': '1', 'MAIL': '/var/mail/cltbld', '_': '/tools/buildbot/bin/python', 'NODE_PATH': '/usr/lib/nodejs:/usr/lib/node_modules:/usr/share/javascript', 'PWD': '/builds/slave/test', 'PROPERTIES_FILE': '/builds/slave/test/buildprops.json', 'CCACHE_DIR': '/builds/ccache'}}, attempt #1
16:53:24     INFO - Running command: ['/builds/slave/test/build/venv/bin/pip', 'install', '--timeout', '120', '--no-index', '--find-links', 'http://pypi.pvt.build.mozilla.org/pub', '--find-links', 'http://pypi.pub.build.mozilla.org/pub', '--trusted-host', 'pypi.pub.build.mozilla.org', '--trusted-host', 'pypi.pvt.build.mozilla.org', 'blobuploader==1.2.4'] in /builds/slave/test/build
16:53:24     INFO - Copy/paste: /builds/slave/test/build/venv/bin/pip install --timeout 120 --no-index --find-links http://pypi.pvt.build.mozilla.org/pub --find-links http://pypi.pub.build.mozilla.org/pub --trusted-host pypi.pub.build.mozilla.org --trusted-host pypi.pvt.build.mozilla.org blobuploader==1.2.4
16:53:24     INFO - Using env: {'CCACHE_DIR': '/builds/ccache',
16:53:24     INFO -  'CCACHE_UMASK': '002',
16:53:24     INFO -  'DISPLAY': ':0',
16:53:24     INFO -  'HOME': '/home/cltbld',
16:53:24     INFO -  'LANG': 'en_US.UTF-8',
16:53:24     INFO -  'LOGNAME': 'cltbld',
16:53:24     INFO -  'MAIL': '/var/mail/cltbld',
16:53:24     INFO -  'MOZ_HIDE_RESULTS_TABLE': '1',
16:53:24     INFO -  'MOZ_NODE_PATH': '/usr/bin/node',
16:53:24     INFO -  'MOZ_NO_REMOTE': '1',
16:53:24     INFO -  'NODE_PATH': '/usr/lib/nodejs:/usr/lib/node_modules:/usr/share/javascript',
16:53:24     INFO -  'NO_FAIL_ON_TEST_ERRORS': '1',
16:53:24     INFO -  'PATH': '/usr/local/bin:/usr/local/bin:/usr/bin:/bin:/usr/local/games:/usr/games',
16:53:24     INFO -  'PROPERTIES_FILE': '/builds/slave/test/buildprops.json',
16:53:24     INFO -  'PWD': '/builds/slave/test',
16:53:24     INFO -  'SHELL': '/bin/bash',
16:53:24     INFO -  'SHLVL': '1',
16:53:24     INFO -  'TERM': 'linux',
16:53:24     INFO -  'TMOUT': '86400',
16:53:24     INFO -  'USER': 'cltbld',
16:53:24     INFO -  'XDG_SESSION_COOKIE': '9ca12473fbb1d023794ffd180000023c-1528501930.480850-1865863142',
16:53:24     INFO -  '_': '/tools/buildbot/bin/python'}
16:53:24     INFO -  Ignoring indexes: https://pypi.python.org/simple
16:53:24     INFO -  Collecting blobuploader==1.2.4
16:53:25     INFO -  /builds/slave/test/build/venv/lib/python2.7/site-packages/pip/_vendor/requests/packages/urllib3/util/ssl_.py:318: SNIMissingWarning: An HTTPS request has been made, but the SNI (Subject Name Indication) extension to TLS is not available on this platform. This may cause the server to present an incorrect TLS certificate, which can cause validation failures. You can upgrade to a newer version of Python to solve this. For more information, see https://urllib3.readthedocs.org/en/latest/security.html#snimissingwarning.
16:53:25     INFO -    SNIMissingWarning
16:53:25     INFO -  /builds/slave/test/build/venv/lib/python2.7/site-packages/pip/_vendor/requests/packages/urllib3/util/ssl_.py:122: InsecurePlatformWarning: A true SSLContext object is not available. This prevents urllib3 from configuring SSL appropriately and may cause certain SSL connections to fail. You can upgrade to a newer version of Python to solve this. For more information, see https://urllib3.readthedocs.org/en/latest/security.html#insecureplatformwarning.
16:53:25     INFO -    InsecurePlatformWarning
16:53:26     INFO -  /builds/slave/test/build/venv/lib/python2.7/site-packages/pip/_vendor/requests/packages/urllib3/util/ssl_.py:122: InsecurePlatformWarning: A true SSLContext object is not available. This prevents urllib3 from configuring SSL appropriately and may cause certain SSL connections to fail. You can upgrade to a newer version of Python to solve this. For more information, see https://urllib3.readthedocs.org/en/latest/security.html#insecureplatformwarning.
16:53:26     INFO -    InsecurePlatformWarning
16:53:29     INFO -    Downloading https://pypi.pvt.build.mozilla.org/pub/blobuploader-1.2.4.tar.gz
16:53:30     INFO -  Collecting requests==1.2.3. (from blobuploader==1.2.4)
16:53:34     INFO -    Downloading https://pypi.pvt.build.mozilla.org/pub/requests-1.2.3.tar.gz (348kB)
16:53:35     INFO -  Collecting docopt==0.6.1 (from blobuploader==1.2.4)
16:53:39     INFO -    Downloading https://pypi.pvt.build.mozilla.org/pub/docopt-0.6.1.tar.gz
16:53:40     INFO -  Building wheels for collected packages: blobuploader, requests, docopt
16:53:40     INFO -    Running setup.py bdist_wheel for blobuploader: started
16:53:40     INFO -    Running setup.py bdist_wheel for blobuploader: finished with status 'done'
16:53:40     INFO -    Stored in directory: /home/cltbld/.cache/pip/wheels/a7/2a/47/2d3828e4129ffeb548a26f4a87889dc9bc1a58e201a0ff8655
16:53:40     INFO -    Running setup.py bdist_wheel for requests: started
16:53:41     INFO -    Running setup.py bdist_wheel for requests: finished with status 'done'
16:53:41     INFO -    Stored in directory: /home/cltbld/.cache/pip/wheels/65/bb/90/359b65a7043ffc879dde877c4ad827f452218808c6cccf2658
16:53:41     INFO -    Running setup.py bdist_wheel for docopt: started
16:53:41     INFO -    Running setup.py bdist_wheel for docopt: finished with status 'done'
16:53:41     INFO -    Stored in directory: /home/cltbld/.cache/pip/wheels/ac/8b/84/7dbe9ada02c48c352fa733c81648516f92c6436f9d5bffad41
16:53:42     INFO -  Successfully built blobuploader requests docopt
16:53:42     INFO -  Installing collected packages: requests, docopt, blobuploader
16:53:42     INFO -  Successfully installed blobuploader-1.2.4 docopt-0.6.1 requests-1.2.3
16:53:42     INFO - Return code: 0
16:53:42     INFO - Installing None into virtualenv /builds/slave/test/build/venv
16:53:42     INFO - retry: Calling run_command with args: [['/builds/slave/test/build/venv/bin/pip', 'install', '--no-deps', '--timeout', '120', '-r', '/builds/slave/test/build/tests/config/mozbase_requirements.txt', '--no-index', '--find-links', 'http://pypi.pvt.build.mozilla.org/pub', '--find-links', 'http://pypi.pub.build.mozilla.org/pub', '--trusted-host', 'pypi.pub.build.mozilla.org', '--trusted-host', 'pypi.pvt.build.mozilla.org']], kwargs: {'error_level': 'warning', 'error_list': [{'substr': 'not found or a compiler error:', 'level': 'warning'}, {'regex': <_sre.SRE_Pattern object at 0x7f3e12b38110>, 'level': 'error'}, {'regex': <_sre.SRE_Pattern object at 0x7f3e12c40e40>, 'level': 'warning'}, {'regex': <_sre.SRE_Pattern object at 0x15c03e0>, 'level': 'debug'}, {'substr': 'command not found', 'level': 'error'}, {'regex': <_sre.SRE_Pattern object at 0x15bca90>, 'level': 'warning'}, {'substr': 'Traceback (most recent call last)', 'level': 'error'}, {'substr': 'SyntaxError: ', 'level': 'error'}, {'substr': 'TypeError: ', 'level': 'error'}, {'substr': 'NameError: ', 'level': 'error'}, {'substr': 'ZeroDivisionError: ', 'level': 'error'}, {'regex': <_sre.SRE_Pattern object at 0x15be3f0>, 'level': 'critical'}, {'regex': <_sre.SRE_Pattern object at 0x15be670>, 'level': 'critical'}], 'cwd': '/builds/slave/test/build/tests/config', 'env': {'TMOUT': '86400', 'LOGNAME': 'cltbld', 'USER': 'cltbld', 'HOME': '/home/cltbld', 'PATH': '/usr/local/bin:/usr/local/bin:/usr/bin:/bin:/usr/local/games:/usr/games', 'DISPLAY': ':0', 'CCACHE_UMASK': '002', 'LANG': 'en_US.UTF-8', 'TERM': 'linux', 'SHELL': '/bin/bash', 'MOZ_NODE_PATH': '/usr/bin/node', 'XDG_SESSION_COOKIE': '9ca12473fbb1d023794ffd180000023c-1528501930.480850-1865863142', 'SHLVL': '1', 'NO_FAIL_ON_TEST_ERRORS': '1', 'MOZ_NO_REMOTE': '1', 'MOZ_HIDE_RESULTS_TABLE': '1', 'MAIL': '/var/mail/cltbld', '_': '/tools/buildbot/bin/python', 'NODE_PATH': '/usr/lib/nodejs:/usr/lib/node_modules:/usr/share/javascript', 'PWD': '/builds/slave/test', 'PROPERTIES_FILE': '/builds/slave/test/buildprops.json', 'CCACHE_DIR': '/builds/ccache'}}, attempt #1
16:53:42     INFO - Running command: ['/builds/slave/test/build/venv/bin/pip', 'install', '--no-deps', '--timeout', '120', '-r', '/builds/slave/test/build/tests/config/mozbase_requirements.txt', '--no-index', '--find-links', 'http://pypi.pvt.build.mozilla.org/pub', '--find-links', 'http://pypi.pub.build.mozilla.org/pub', '--trusted-host', 'pypi.pub.build.mozilla.org', '--trusted-host', 'pypi.pvt.build.mozilla.org'] in /builds/slave/test/build/tests/config
16:53:42     INFO - Copy/paste: /builds/slave/test/build/venv/bin/pip install --no-deps --timeout 120 -r /builds/slave/test/build/tests/config/mozbase_requirements.txt --no-index --find-links http://pypi.pvt.build.mozilla.org/pub --find-links http://pypi.pub.build.mozilla.org/pub --trusted-host pypi.pub.build.mozilla.org --trusted-host pypi.pvt.build.mozilla.org
16:53:42     INFO - Using env: {'CCACHE_DIR': '/builds/ccache',
16:53:42     INFO -  'CCACHE_UMASK': '002',
16:53:42     INFO -  'DISPLAY': ':0',
16:53:42     INFO -  'HOME': '/home/cltbld',
16:53:42     INFO -  'LANG': 'en_US.UTF-8',
16:53:42     INFO -  'LOGNAME': 'cltbld',
16:53:42     INFO -  'MAIL': '/var/mail/cltbld',
16:53:42     INFO -  'MOZ_HIDE_RESULTS_TABLE': '1',
16:53:42     INFO -  'MOZ_NODE_PATH': '/usr/bin/node',
16:53:42     INFO -  'MOZ_NO_REMOTE': '1',
16:53:42     INFO -  'NODE_PATH': '/usr/lib/nodejs:/usr/lib/node_modules:/usr/share/javascript',
16:53:42     INFO -  'NO_FAIL_ON_TEST_ERRORS': '1',
16:53:42     INFO -  'PATH': '/usr/local/bin:/usr/local/bin:/usr/bin:/bin:/usr/local/games:/usr/games',
16:53:42     INFO -  'PROPERTIES_FILE': '/builds/slave/test/buildprops.json',
16:53:42     INFO -  'PWD': '/builds/slave/test',
16:53:42     INFO -  'SHELL': '/bin/bash',
16:53:42     INFO -  'SHLVL': '1',
16:53:42     INFO -  'TERM': 'linux',
16:53:42     INFO -  'TMOUT': '86400',
16:53:42     INFO -  'USER': 'cltbld',
16:53:42     INFO -  'XDG_SESSION_COOKIE': '9ca12473fbb1d023794ffd180000023c-1528501930.480850-1865863142',
16:53:42     INFO -  '_': '/tools/buildbot/bin/python'}
16:53:43     INFO -  Ignoring indexes: https://pypi.python.org/simple
16:53:43     INFO -  Processing /builds/slave/test/build/tests/mozbase/manifestparser
16:53:44     INFO -  Processing /builds/slave/test/build/tests/mozbase/mozcrash
16:53:44     INFO -  Processing /builds/slave/test/build/tests/mozbase/mozdebug
16:53:44     INFO -  Processing /builds/slave/test/build/tests/mozbase/mozdevice
16:53:45     INFO -  Processing /builds/slave/test/build/tests/mozbase/mozfile
16:53:45     INFO -  Processing /builds/slave/test/build/tests/mozbase/mozhttpd
16:53:45     INFO -  Processing /builds/slave/test/build/tests/mozbase/mozinfo
16:53:46     INFO -  Processing /builds/slave/test/build/tests/mozbase/mozinstall
16:53:46     INFO -  Processing /builds/slave/test/build/tests/mozbase/mozleak
16:53:46     INFO -  Processing /builds/slave/test/build/tests/mozbase/mozlog
16:53:47     INFO -  Processing /builds/slave/test/build/tests/mozbase/moznetwork
16:53:47     INFO -  Processing /builds/slave/test/build/tests/mozbase/mozprocess
16:53:48     INFO -  Processing /builds/slave/test/build/tests/mozbase/mozprofile
16:53:48     INFO -  Processing /builds/slave/test/build/tests/mozbase/mozrunner
16:53:48     INFO -  Processing /builds/slave/test/build/tests/mozbase/mozscreenshot
16:53:49     INFO -  Processing /builds/slave/test/build/tests/mozbase/moztest
16:53:49     INFO -  Processing /builds/slave/test/build/tests/mozbase/mozversion
16:53:49     INFO -  Installing collected packages: manifestparser, mozcrash, mozdebug, mozdevice, mozfile, mozhttpd, mozinfo, mozInstall, mozleak, mozlog, moznetwork, mozprocess, mozprofile, mozrunner, mozscreenshot, moztest, mozversion
16:53:49     INFO -    Running setup.py install for manifestparser: started
16:53:50     INFO -      Running setup.py install for manifestparser: finished with status 'done'
16:53:50     INFO -    Running setup.py install for mozcrash: started
16:53:50     INFO -      Running setup.py install for mozcrash: finished with status 'done'
16:53:50     INFO -    Running setup.py install for mozdebug: started
16:53:51     INFO -      Running setup.py install for mozdebug: finished with status 'done'
16:53:51     INFO -    Running setup.py install for mozdevice: started
16:53:51     INFO -      Running setup.py install for mozdevice: finished with status 'done'
16:53:51     INFO -    Running setup.py install for mozfile: started
16:53:52     INFO -      Running setup.py install for mozfile: finished with status 'done'
16:53:52     INFO -    Running setup.py install for mozhttpd: started
16:53:52     INFO -      Running setup.py install for mozhttpd: finished with status 'done'
16:53:52     INFO -    Running setup.py install for mozinfo: started
16:53:52     INFO -      Running setup.py install for mozinfo: finished with status 'done'
16:53:52     INFO -    Running setup.py install for mozInstall: started
16:53:53     INFO -      Running setup.py install for mozInstall: finished with status 'done'
16:53:53     INFO -    Running setup.py install for mozleak: started
16:53:53     INFO -      Running setup.py install for mozleak: finished with status 'done'
16:53:53     INFO -    Running setup.py install for mozlog: started
16:53:54     INFO -      Running setup.py install for mozlog: finished with status 'done'
16:53:54     INFO -    Running setup.py install for moznetwork: started
16:53:54     INFO -      Running setup.py install for moznetwork: finished with status 'done'
16:53:54     INFO -    Running setup.py install for mozprocess: started
16:53:55     INFO -      Running setup.py install for mozprocess: finished with status 'done'
16:53:55     INFO -    Running setup.py install for mozprofile: started
16:53:55     INFO -      Running setup.py install for mozprofile: finished with status 'done'
16:53:55     INFO -    Running setup.py install for mozrunner: started
16:53:56     INFO -      Running setup.py install for mozrunner: finished with status 'done'
16:53:56     INFO -    Running setup.py install for mozscreenshot: started
16:53:56     INFO -      Running setup.py install for mozscreenshot: finished with status 'done'
16:53:56     INFO -    Running setup.py install for moztest: started
16:53:57     INFO -      Running setup.py install for moztest: finished with status 'done'
16:53:57     INFO -    Running setup.py install for mozversion: started
16:53:57     INFO -      Running setup.py install for mozversion: finished with status 'done'
16:53:58     INFO -  Successfully installed manifestparser-1.1 mozInstall-1.12 mozcrash-1.0 mozdebug-0.1 mozdevice-0.48 mozfile-1.2 mozhttpd-0.7 mozinfo-0.9 mozleak-0.1 mozlog-3.4 moznetwork-0.27 mozprocess-0.23 mozprofile-0.28 mozrunner-6.13 mozscreenshot-0.1 moztest-0.8 mozversion-1.4
16:53:58     INFO - Return code: 0
16:53:58     INFO - Installing None into virtualenv /builds/slave/test/build/venv
16:53:58     INFO - retry: Calling run_command with args: [['/builds/slave/test/build/venv/bin/pip', 'install', '--timeout', '120', '-r', '/builds/slave/test/build/tests/config/mozbase_requirements.txt', '--no-index', '--find-links', 'http://pypi.pvt.build.mozilla.org/pub', '--find-links', 'http://pypi.pub.build.mozilla.org/pub', '--trusted-host', 'pypi.pub.build.mozilla.org', '--trusted-host', 'pypi.pvt.build.mozilla.org']], kwargs: {'error_level': 'warning', 'error_list': [{'substr': 'not found or a compiler error:', 'level': 'warning'}, {'regex': <_sre.SRE_Pattern object at 0x7f3e12b38110>, 'level': 'error'}, {'regex': <_sre.SRE_Pattern object at 0x7f3e12c40e40>, 'level': 'warning'}, {'regex': <_sre.SRE_Pattern object at 0x15c03e0>, 'level': 'debug'}, {'substr': 'command not found', 'level': 'error'}, {'regex': <_sre.SRE_Pattern object at 0x15bca90>, 'level': 'warning'}, {'substr': 'Traceback (most recent call last)', 'level': 'error'}, {'substr': 'SyntaxError: ', 'level': 'error'}, {'substr': 'TypeError: ', 'level': 'error'}, {'substr': 'NameError: ', 'level': 'error'}, {'substr': 'ZeroDivisionError: ', 'level': 'error'}, {'regex': <_sre.SRE_Pattern object at 0x15be3f0>, 'level': 'critical'}, {'regex': <_sre.SRE_Pattern object at 0x15be670>, 'level': 'critical'}], 'cwd': '/builds/slave/test/build/tests/config', 'env': {'TMOUT': '86400', 'LOGNAME': 'cltbld', 'USER': 'cltbld', 'HOME': '/home/cltbld', 'PATH': '/usr/local/bin:/usr/local/bin:/usr/bin:/bin:/usr/local/games:/usr/games', 'DISPLAY': ':0', 'CCACHE_UMASK': '002', 'LANG': 'en_US.UTF-8', 'TERM': 'linux', 'SHELL': '/bin/bash', 'MOZ_NODE_PATH': '/usr/bin/node', 'XDG_SESSION_COOKIE': '9ca12473fbb1d023794ffd180000023c-1528501930.480850-1865863142', 'SHLVL': '1', 'NO_FAIL_ON_TEST_ERRORS': '1', 'MOZ_NO_REMOTE': '1', 'MOZ_HIDE_RESULTS_TABLE': '1', 'MAIL': '/var/mail/cltbld', '_': '/tools/buildbot/bin/python', 'NODE_PATH': '/usr/lib/nodejs:/usr/lib/node_modules:/usr/share/javascript', 'PWD': '/builds/slave/test', 'PROPERTIES_FILE': '/builds/slave/test/buildprops.json', 'CCACHE_DIR': '/builds/ccache'}}, attempt #1
16:53:58     INFO - Running command: ['/builds/slave/test/build/venv/bin/pip', 'install', '--timeout', '120', '-r', '/builds/slave/test/build/tests/config/mozbase_requirements.txt', '--no-index', '--find-links', 'http://pypi.pvt.build.mozilla.org/pub', '--find-links', 'http://pypi.pub.build.mozilla.org/pub', '--trusted-host', 'pypi.pub.build.mozilla.org', '--trusted-host', 'pypi.pvt.build.mozilla.org'] in /builds/slave/test/build/tests/config
16:53:58     INFO - Copy/paste: /builds/slave/test/build/venv/bin/pip install --timeout 120 -r /builds/slave/test/build/tests/config/mozbase_requirements.txt --no-index --find-links http://pypi.pvt.build.mozilla.org/pub --find-links http://pypi.pub.build.mozilla.org/pub --trusted-host pypi.pub.build.mozilla.org --trusted-host pypi.pvt.build.mozilla.org
16:53:58     INFO - Using env: {'CCACHE_DIR': '/builds/ccache',
16:53:58     INFO -  'CCACHE_UMASK': '002',
16:53:58     INFO -  'DISPLAY': ':0',
16:53:58     INFO -  'HOME': '/home/cltbld',
16:53:58     INFO -  'LANG': 'en_US.UTF-8',
16:53:58     INFO -  'LOGNAME': 'cltbld',
16:53:58     INFO -  'MAIL': '/var/mail/cltbld',
16:53:58     INFO -  'MOZ_HIDE_RESULTS_TABLE': '1',
16:53:58     INFO -  'MOZ_NODE_PATH': '/usr/bin/node',
16:53:58     INFO -  'MOZ_NO_REMOTE': '1',
16:53:58     INFO -  'NODE_PATH': '/usr/lib/nodejs:/usr/lib/node_modules:/usr/share/javascript',
16:53:58     INFO -  'NO_FAIL_ON_TEST_ERRORS': '1',
16:53:58     INFO -  'PATH': '/usr/local/bin:/usr/local/bin:/usr/bin:/bin:/usr/local/games:/usr/games',
16:53:58     INFO -  'PROPERTIES_FILE': '/builds/slave/test/buildprops.json',
16:53:58     INFO -  'PWD': '/builds/slave/test',
16:53:58     INFO -  'SHELL': '/bin/bash',
16:53:58     INFO -  'SHLVL': '1',
16:53:58     INFO -  'TERM': 'linux',
16:53:58     INFO -  'TMOUT': '86400',
16:53:58     INFO -  'USER': 'cltbld',
16:53:58     INFO -  'XDG_SESSION_COOKIE': '9ca12473fbb1d023794ffd180000023c-1528501930.480850-1865863142',
16:53:58     INFO -  '_': '/tools/buildbot/bin/python'}
16:53:59     INFO -  Ignoring indexes: https://pypi.python.org/simple
16:53:59     INFO -  Processing /builds/slave/test/build/tests/mozbase/manifestparser
16:53:59     INFO -    Requirement already satisfied (use --upgrade to upgrade): manifestparser==1.1 from file:///builds/slave/test/build/tests/mozbase/manifestparser in /builds/slave/test/build/venv/lib/python2.7/site-packages (from -r /builds/slave/test/build/tests/config/mozbase_requirements.txt (line 1))
16:53:59     INFO -  Processing /builds/slave/test/build/tests/mozbase/mozcrash
16:54:00     INFO -    Requirement already satisfied (use --upgrade to upgrade): mozcrash==1.0 from file:///builds/slave/test/build/tests/mozbase/mozcrash in /builds/slave/test/build/venv/lib/python2.7/site-packages (from -r /builds/slave/test/build/tests/config/mozbase_requirements.txt (line 2))
16:54:00     INFO -  Processing /builds/slave/test/build/tests/mozbase/mozdebug
16:54:01     INFO -    Requirement already satisfied (use --upgrade to upgrade): mozdebug==0.1 from file:///builds/slave/test/build/tests/mozbase/mozdebug in /builds/slave/test/build/venv/lib/python2.7/site-packages (from -r /builds/slave/test/build/tests/config/mozbase_requirements.txt (line 3))
16:54:01     INFO -  Processing /builds/slave/test/build/tests/mozbase/mozdevice
16:54:01     INFO -    Requirement already satisfied (use --upgrade to upgrade): mozdevice==0.48 from file:///builds/slave/test/build/tests/mozbase/mozdevice in /builds/slave/test/build/venv/lib/python2.7/site-packages (from -r /builds/slave/test/build/tests/config/mozbase_requirements.txt (line 4))
16:54:01     INFO -  Processing /builds/slave/test/build/tests/mozbase/mozfile
16:54:02     INFO -    Requirement already satisfied (use --upgrade to upgrade): mozfile==1.2 from file:///builds/slave/test/build/tests/mozbase/mozfile in /builds/slave/test/build/venv/lib/python2.7/site-packages (from -r /builds/slave/test/build/tests/config/mozbase_requirements.txt (line 5))
16:54:02     INFO -  Processing /builds/slave/test/build/tests/mozbase/mozhttpd
16:54:02     INFO -    Requirement already satisfied (use --upgrade to upgrade): mozhttpd==0.7 from file:///builds/slave/test/build/tests/mozbase/mozhttpd in /builds/slave/test/build/venv/lib/python2.7/site-packages (from -r /builds/slave/test/build/tests/config/mozbase_requirements.txt (line 6))
16:54:02     INFO -  Processing /builds/slave/test/build/tests/mozbase/mozinfo
16:54:02     INFO -    Requirement already satisfied (use --upgrade to upgrade): mozinfo==0.9 from file:///builds/slave/test/build/tests/mozbase/mozinfo in /builds/slave/test/build/venv/lib/python2.7/site-packages (from -r /builds/slave/test/build/tests/config/mozbase_requirements.txt (line 7))
16:54:02     INFO -  Processing /builds/slave/test/build/tests/mozbase/mozinstall
16:54:03     INFO -    Requirement already satisfied (use --upgrade to upgrade): mozInstall==1.12 from file:///builds/slave/test/build/tests/mozbase/mozinstall in /builds/slave/test/build/venv/lib/python2.7/site-packages (from -r /builds/slave/test/build/tests/config/mozbase_requirements.txt (line 8))
16:54:03     INFO -  Processing /builds/slave/test/build/tests/mozbase/mozleak
16:54:03     INFO -    Requirement already satisfied (use --upgrade to upgrade): mozleak==0.1 from file:///builds/slave/test/build/tests/mozbase/mozleak in /builds/slave/test/build/venv/lib/python2.7/site-packages (from -r /builds/slave/test/build/tests/config/mozbase_requirements.txt (line 9))
16:54:03     INFO -  Processing /builds/slave/test/build/tests/mozbase/mozlog
16:54:04     INFO -    Requirement already satisfied (use --upgrade to upgrade): mozlog==3.4 from file:///builds/slave/test/build/tests/mozbase/mozlog in /builds/slave/test/build/venv/lib/python2.7/site-packages (from -r /builds/slave/test/build/tests/config/mozbase_requirements.txt (line 10))
16:54:04     INFO -  Processing /builds/slave/test/build/tests/mozbase/moznetwork
16:54:04     INFO -    Requirement already satisfied (use --upgrade to upgrade): moznetwork==0.27 from file:///builds/slave/test/build/tests/mozbase/moznetwork in /builds/slave/test/build/venv/lib/python2.7/site-packages (from -r /builds/slave/test/build/tests/config/mozbase_requirements.txt (line 11))
16:54:04     INFO -  Processing /builds/slave/test/build/tests/mozbase/mozprocess
16:54:04     INFO -    Requirement already satisfied (use --upgrade to upgrade): mozprocess==0.23 from file:///builds/slave/test/build/tests/mozbase/mozprocess in /builds/slave/test/build/venv/lib/python2.7/site-packages (from -r /builds/slave/test/build/tests/config/mozbase_requirements.txt (line 12))
16:54:04     INFO -  Processing /builds/slave/test/build/tests/mozbase/mozprofile
16:54:05     INFO -    Requirement already satisfied (use --upgrade to upgrade): mozprofile==0.28 from file:///builds/slave/test/build/tests/mozbase/mozprofile in /builds/slave/test/build/venv/lib/python2.7/site-packages (from -r /builds/slave/test/build/tests/config/mozbase_requirements.txt (line 13))
16:54:05     INFO -  Processing /builds/slave/test/build/tests/mozbase/mozrunner
16:54:05     INFO -    Requirement already satisfied (use --upgrade to upgrade): mozrunner==6.13 from file:///builds/slave/test/build/tests/mozbase/mozrunner in /builds/slave/test/build/venv/lib/python2.7/site-packages (from -r /builds/slave/test/build/tests/config/mozbase_requirements.txt (line 14))
16:54:05     INFO -  Processing /builds/slave/test/build/tests/mozbase/mozscreenshot
16:54:06     INFO -    Requirement already satisfied (use --upgrade to upgrade): mozscreenshot==0.1 from file:///builds/slave/test/build/tests/mozbase/mozscreenshot in /builds/slave/test/build/venv/lib/python2.7/site-packages (from -r /builds/slave/test/build/tests/config/mozbase_requirements.txt (line 15))
16:54:06     INFO -  Processing /builds/slave/test/build/tests/mozbase/moztest
16:54:06     INFO -    Requirement already satisfied (use --upgrade to upgrade): moztest==0.8 from file:///builds/slave/test/build/tests/mozbase/moztest in /builds/slave/test/build/venv/lib/python2.7/site-packages (from -r /builds/slave/test/build/tests/config/mozbase_requirements.txt (line 16))
16:54:06     INFO -  Processing /builds/slave/test/build/tests/mozbase/mozversion
16:54:06     INFO -    Requirement already satisfied (use --upgrade to upgrade): mozversion==1.4 from file:///builds/slave/test/build/tests/mozbase/mozversion in /builds/slave/test/build/venv/lib/python2.7/site-packages (from -r /builds/slave/test/build/tests/config/mozbase_requirements.txt (line 17))
16:54:06     INFO -  Requirement already satisfied (use --upgrade to upgrade): mozfile>=1.0 in /builds/slave/test/build/venv/lib/python2.7/site-packages (from mozcrash==1.0->-r /builds/slave/test/build/tests/config/mozbase_requirements.txt (line 2))
16:54:06     INFO -  Requirement already satisfied (use --upgrade to upgrade): mozlog>=3.0 in /builds/slave/test/build/venv/lib/python2.7/site-packages (from mozcrash==1.0->-r /builds/slave/test/build/tests/config/mozbase_requirements.txt (line 2))
16:54:06     INFO -  Requirement already satisfied (use --upgrade to upgrade): mozinfo in /builds/slave/test/build/venv/lib/python2.7/site-packages (from mozdebug==0.1->-r /builds/slave/test/build/tests/config/mozbase_requirements.txt (line 3))
16:54:06     INFO -  Requirement already satisfied (use --upgrade to upgrade): moznetwork>=0.24 in /builds/slave/test/build/venv/lib/python2.7/site-packages (from mozdevice==0.48->-r /builds/slave/test/build/tests/config/mozbase_requirements.txt (line 4))
16:54:06     INFO -  Requirement already satisfied (use --upgrade to upgrade): mozprocess>=0.19 in /builds/slave/test/build/venv/lib/python2.7/site-packages (from mozdevice==0.48->-r /builds/slave/test/build/tests/config/mozbase_requirements.txt (line 4))
16:54:06     INFO -  Collecting blessings>=1.3 (from mozlog==3.4->-r /builds/slave/test/build/tests/config/mozbase_requirements.txt (line 10))
16:54:07     INFO -  /builds/slave/test/build/venv/lib/python2.7/site-packages/pip/_vendor/requests/packages/urllib3/util/ssl_.py:318: SNIMissingWarning: An HTTPS request has been made, but the SNI (Subject Name Indication) extension to TLS is not available on this platform. This may cause the server to present an incorrect TLS certificate, which can cause validation failures. You can upgrade to a newer version of Python to solve this. For more information, see https://urllib3.readthedocs.org/en/latest/security.html#snimissingwarning.
16:54:07     INFO -    SNIMissingWarning
16:54:07     INFO -  /builds/slave/test/build/venv/lib/python2.7/site-packages/pip/_vendor/requests/packages/urllib3/util/ssl_.py:122: InsecurePlatformWarning: A true SSLContext object is not available. This prevents urllib3 from configuring SSL appropriately and may cause certain SSL connections to fail. You can upgrade to a newer version of Python to solve this. For more information, see https://urllib3.readthedocs.org/en/latest/security.html#insecureplatformwarning.
16:54:07     INFO -    InsecurePlatformWarning
16:54:08     INFO -  /builds/slave/test/build/venv/lib/python2.7/site-packages/pip/_vendor/requests/packages/urllib3/util/ssl_.py:122: InsecurePlatformWarning: A true SSLContext object is not available. This prevents urllib3 from configuring SSL appropriately and may cause certain SSL connections to fail. You can upgrade to a newer version of Python to solve this. For more information, see https://urllib3.readthedocs.org/en/latest/security.html#insecureplatformwarning.
16:54:08     INFO -    InsecurePlatformWarning
16:54:12     INFO -    Downloading https://pypi.pvt.build.mozilla.org/pub/blessings-1.6.tar.gz
16:54:13     INFO -  Building wheels for collected packages: blessings
16:54:13     INFO -    Running setup.py bdist_wheel for blessings: started
16:54:13     INFO -    Running setup.py bdist_wheel for blessings: finished with status 'done'
16:54:13     INFO -    Stored in directory: /home/cltbld/.cache/pip/wheels/fb/37/ae/c6b15ed5da2ead5847df54c8319487050d4dcc950c9795eae9
16:54:13     INFO -  Successfully built blessings
16:54:13     INFO -  Installing collected packages: blessings
16:54:13     INFO -  Successfully installed blessings-1.6
16:54:13     INFO - Return code: 0
16:54:13     INFO - Installing pip>=1.5 into virtualenv /builds/slave/test/build/venv
16:54:14     INFO - retry: Calling run_command with args: [['/builds/slave/test/build/venv/bin/pip', 'install', '--timeout', '120', '--no-index', '--find-links', 'http://pypi.pvt.build.mozilla.org/pub', '--find-links', 'http://pypi.pub.build.mozilla.org/pub', '--trusted-host', 'pypi.pub.build.mozilla.org', '--trusted-host', 'pypi.pvt.build.mozilla.org', 'pip>=1.5']], kwargs: {'error_level': 'warning', 'error_list': [{'substr': 'not found or a compiler error:', 'level': 'warning'}, {'regex': <_sre.SRE_Pattern object at 0x7f3e12b38110>, 'level': 'error'}, {'regex': <_sre.SRE_Pattern object at 0x7f3e12c40e40>, 'level': 'warning'}, {'regex': <_sre.SRE_Pattern object at 0x15c03e0>, 'level': 'debug'}, {'substr': 'command not found', 'level': 'error'}, {'regex': <_sre.SRE_Pattern object at 0x15bca90>, 'level': 'warning'}, {'substr': 'Traceback (most recent call last)', 'level': 'error'}, {'substr': 'SyntaxError: ', 'level': 'error'}, {'substr': 'TypeError: ', 'level': 'error'}, {'substr': 'NameError: ', 'level': 'error'}, {'substr': 'ZeroDivisionError: ', 'level': 'error'}, {'regex': <_sre.SRE_Pattern object at 0x15be3f0>, 'level': 'critical'}, {'regex': <_sre.SRE_Pattern object at 0x15be670>, 'level': 'critical'}], 'cwd': '/builds/slave/test/build', 'env': {'TMOUT': '86400', 'LOGNAME': 'cltbld', 'USER': 'cltbld', 'HOME': '/home/cltbld', 'PATH': '/usr/local/bin:/usr/local/bin:/usr/bin:/bin:/usr/local/games:/usr/games', 'DISPLAY': ':0', 'CCACHE_UMASK': '002', 'LANG': 'en_US.UTF-8', 'TERM': 'linux', 'SHELL': '/bin/bash', 'MOZ_NODE_PATH': '/usr/bin/node', 'XDG_SESSION_COOKIE': '9ca12473fbb1d023794ffd180000023c-1528501930.480850-1865863142', 'SHLVL': '1', 'NO_FAIL_ON_TEST_ERRORS': '1', 'MOZ_NO_REMOTE': '1', 'MOZ_HIDE_RESULTS_TABLE': '1', 'MAIL': '/var/mail/cltbld', '_': '/tools/buildbot/bin/python', 'NODE_PATH': '/usr/lib/nodejs:/usr/lib/node_modules:/usr/share/javascript', 'PWD': '/builds/slave/test', 'PROPERTIES_FILE': '/builds/slave/test/buildprops.json', 'CCACHE_DIR': '/builds/ccache'}}, attempt #1
16:54:14     INFO - Running command: ['/builds/slave/test/build/venv/bin/pip', 'install', '--timeout', '120', '--no-index', '--find-links', 'http://pypi.pvt.build.mozilla.org/pub', '--find-links', 'http://pypi.pub.build.mozilla.org/pub', '--trusted-host', 'pypi.pub.build.mozilla.org', '--trusted-host', 'pypi.pvt.build.mozilla.org', 'pip>=1.5'] in /builds/slave/test/build
16:54:14     INFO - Copy/paste: /builds/slave/test/build/venv/bin/pip install --timeout 120 --no-index --find-links http://pypi.pvt.build.mozilla.org/pub --find-links http://pypi.pub.build.mozilla.org/pub --trusted-host pypi.pub.build.mozilla.org --trusted-host pypi.pvt.build.mozilla.org pip>=1.5
16:54:14     INFO - Using env: {'CCACHE_DIR': '/builds/ccache',
16:54:14     INFO -  'CCACHE_UMASK': '002',
16:54:14     INFO -  'DISPLAY': ':0',
16:54:14     INFO -  'HOME': '/home/cltbld',
16:54:14     INFO -  'LANG': 'en_US.UTF-8',
16:54:14     INFO -  'LOGNAME': 'cltbld',
16:54:14     INFO -  'MAIL': '/var/mail/cltbld',
16:54:14     INFO -  'MOZ_HIDE_RESULTS_TABLE': '1',
16:54:14     INFO -  'MOZ_NODE_PATH': '/usr/bin/node',
16:54:14     INFO -  'MOZ_NO_REMOTE': '1',
16:54:14     INFO -  'NODE_PATH': '/usr/lib/nodejs:/usr/lib/node_modules:/usr/share/javascript',
16:54:14     INFO -  'NO_FAIL_ON_TEST_ERRORS': '1',
16:54:14     INFO -  'PATH': '/usr/local/bin:/usr/local/bin:/usr/bin:/bin:/usr/local/games:/usr/games',
16:54:14     INFO -  'PROPERTIES_FILE': '/builds/slave/test/buildprops.json',
16:54:14     INFO -  'PWD': '/builds/slave/test',
16:54:14     INFO -  'SHELL': '/bin/bash',
16:54:14     INFO -  'SHLVL': '1',
16:54:14     INFO -  'TERM': 'linux',
16:54:14     INFO -  'TMOUT': '86400',
16:54:14     INFO -  'USER': 'cltbld',
16:54:14     INFO -  'XDG_SESSION_COOKIE': '9ca12473fbb1d023794ffd180000023c-1528501930.480850-1865863142',
16:54:14     INFO -  '_': '/tools/buildbot/bin/python'}
16:54:14     INFO -  Ignoring indexes: https://pypi.python.org/simple
16:54:14     INFO -  Requirement already satisfied (use --upgrade to upgrade): pip>=1.5 in ./venv/lib/python2.7/site-packages
16:54:14     INFO - Return code: 0
16:54:14     INFO - Installing psutil==3.1.1 into virtualenv /builds/slave/test/build/venv
16:54:14     INFO - retry: Calling run_command with args: [['/builds/slave/test/build/venv/bin/pip', 'install', '--timeout', '120', '--no-index', '--find-links', 'http://pypi.pvt.build.mozilla.org/pub', '--find-links', 'http://pypi.pub.build.mozilla.org/pub', '--trusted-host', 'pypi.pub.build.mozilla.org', '--trusted-host', 'pypi.pvt.build.mozilla.org', 'psutil==3.1.1']], kwargs: {'error_level': 'warning', 'error_list': [{'substr': 'not found or a compiler error:', 'level': 'warning'}, {'regex': <_sre.SRE_Pattern object at 0x7f3e12b38110>, 'level': 'error'}, {'regex': <_sre.SRE_Pattern object at 0x7f3e12c40e40>, 'level': 'warning'}, {'regex': <_sre.SRE_Pattern object at 0x15c03e0>, 'level': 'debug'}, {'substr': 'command not found', 'level': 'error'}, {'regex': <_sre.SRE_Pattern object at 0x15bca90>, 'level': 'warning'}, {'substr': 'Traceback (most recent call last)', 'level': 'error'}, {'substr': 'SyntaxError: ', 'level': 'error'}, {'substr': 'TypeError: ', 'level': 'error'}, {'substr': 'NameError: ', 'level': 'error'}, {'substr': 'ZeroDivisionError: ', 'level': 'error'}, {'regex': <_sre.SRE_Pattern object at 0x15be3f0>, 'level': 'critical'}, {'regex': <_sre.SRE_Pattern object at 0x15be670>, 'level': 'critical'}], 'cwd': '/builds/slave/test/build', 'env': {'TMOUT': '86400', 'LOGNAME': 'cltbld', 'USER': 'cltbld', 'HOME': '/home/cltbld', 'PATH': '/usr/local/bin:/usr/local/bin:/usr/bin:/bin:/usr/local/games:/usr/games', 'DISPLAY': ':0', 'CCACHE_UMASK': '002', 'LANG': 'en_US.UTF-8', 'TERM': 'linux', 'SHELL': '/bin/bash', 'MOZ_NODE_PATH': '/usr/bin/node', 'XDG_SESSION_COOKIE': '9ca12473fbb1d023794ffd180000023c-1528501930.480850-1865863142', 'SHLVL': '1', 'NO_FAIL_ON_TEST_ERRORS': '1', 'MOZ_NO_REMOTE': '1', 'MOZ_HIDE_RESULTS_TABLE': '1', 'MAIL': '/var/mail/cltbld', '_': '/tools/buildbot/bin/python', 'NODE_PATH': '/usr/lib/nodejs:/usr/lib/node_modules:/usr/share/javascript', 'PWD': '/builds/slave/test', 'PROPERTIES_FILE': '/builds/slave/test/buildprops.json', 'CCACHE_DIR': '/builds/ccache'}}, attempt #1
16:54:14     INFO - Running command: ['/builds/slave/test/build/venv/bin/pip', 'install', '--timeout', '120', '--no-index', '--find-links', 'http://pypi.pvt.build.mozilla.org/pub', '--find-links', 'http://pypi.pub.build.mozilla.org/pub', '--trusted-host', 'pypi.pub.build.mozilla.org', '--trusted-host', 'pypi.pvt.build.mozilla.org', 'psutil==3.1.1'] in /builds/slave/test/build
16:54:14     INFO - Copy/paste: /builds/slave/test/build/venv/bin/pip install --timeout 120 --no-index --find-links http://pypi.pvt.build.mozilla.org/pub --find-links http://pypi.pub.build.mozilla.org/pub --trusted-host pypi.pub.build.mozilla.org --trusted-host pypi.pvt.build.mozilla.org psutil==3.1.1
16:54:14     INFO - Using env: {'CCACHE_DIR': '/builds/ccache',
16:54:14     INFO -  'CCACHE_UMASK': '002',
16:54:14     INFO -  'DISPLAY': ':0',
16:54:14     INFO -  'HOME': '/home/cltbld',
16:54:14     INFO -  'LANG': 'en_US.UTF-8',
16:54:14     INFO -  'LOGNAME': 'cltbld',
16:54:14     INFO -  'MAIL': '/var/mail/cltbld',
16:54:14     INFO -  'MOZ_HIDE_RESULTS_TABLE': '1',
16:54:14     INFO -  'MOZ_NODE_PATH': '/usr/bin/node',
16:54:14     INFO -  'MOZ_NO_REMOTE': '1',
16:54:14     INFO -  'NODE_PATH': '/usr/lib/nodejs:/usr/lib/node_modules:/usr/share/javascript',
16:54:14     INFO -  'NO_FAIL_ON_TEST_ERRORS': '1',
16:54:14     INFO -  'PATH': '/usr/local/bin:/usr/local/bin:/usr/bin:/bin:/usr/local/games:/usr/games',
16:54:14     INFO -  'PROPERTIES_FILE': '/builds/slave/test/buildprops.json',
16:54:14     INFO -  'PWD': '/builds/slave/test',
16:54:14     INFO -  'SHELL': '/bin/bash',
16:54:14     INFO -  'SHLVL': '1',
16:54:14     INFO -  'TERM': 'linux',
16:54:14     INFO -  'TMOUT': '86400',
16:54:14     INFO -  'USER': 'cltbld',
16:54:14     INFO -  'XDG_SESSION_COOKIE': '9ca12473fbb1d023794ffd180000023c-1528501930.480850-1865863142',
16:54:14     INFO -  '_': '/tools/buildbot/bin/python'}
16:54:15     INFO -  Ignoring indexes: https://pypi.python.org/simple
16:54:15     INFO -  Collecting psutil==3.1.1
16:54:15     INFO -  /builds/slave/test/build/venv/lib/python2.7/site-packages/pip/_vendor/requests/packages/urllib3/util/ssl_.py:318: SNIMissingWarning: An HTTPS request has been made, but the SNI (Subject Name Indication) extension to TLS is not available on this platform. This may cause the server to present an incorrect TLS certificate, which can cause validation failures. You can upgrade to a newer version of Python to solve this. For more information, see https://urllib3.readthedocs.org/en/latest/security.html#snimissingwarning.
16:54:15     INFO -    SNIMissingWarning
16:54:15     INFO -  /builds/slave/test/build/venv/lib/python2.7/site-packages/pip/_vendor/requests/packages/urllib3/util/ssl_.py:122: InsecurePlatformWarning: A true SSLContext object is not available. This prevents urllib3 from configuring SSL appropriately and may cause certain SSL connections to fail. You can upgrade to a newer version of Python to solve this. For more information, see https://urllib3.readthedocs.org/en/latest/security.html#insecureplatformwarning.
16:54:15     INFO -    InsecurePlatformWarning
16:54:17     INFO -  /builds/slave/test/build/venv/lib/python2.7/site-packages/pip/_vendor/requests/packages/urllib3/util/ssl_.py:122: InsecurePlatformWarning: A true SSLContext object is not available. This prevents urllib3 from configuring SSL appropriately and may cause certain SSL connections to fail. You can upgrade to a newer version of Python to solve this. For more information, see https://urllib3.readthedocs.org/en/latest/security.html#insecureplatformwarning.
16:54:17     INFO -    InsecurePlatformWarning
16:54:20     INFO -    Downloading https://pypi.pvt.build.mozilla.org/pub/psutil-3.1.1.tar.gz (247kB)
16:54:21     INFO -  Building wheels for collected packages: psutil
16:54:21     INFO -    Running setup.py bdist_wheel for psutil: started
16:54:22     INFO -    Running setup.py bdist_wheel for psutil: finished with status 'done'
16:54:22     INFO -    Stored in directory: /home/cltbld/.cache/pip/wheels/1e/e6/25/f0494673fc8d727828e74362e3beb4cbaf34d8be516156ba0c
16:54:22     INFO -  Successfully built psutil
16:54:22     INFO -  Installing collected packages: psutil
16:54:22     INFO -    Found existing installation: psutil 5.4.3
16:54:22     INFO -      Uninstalling psutil-5.4.3:
16:54:22     INFO -        Successfully uninstalled psutil-5.4.3
16:54:22     INFO -  Successfully installed psutil-3.1.1
16:54:23     INFO - Return code: 0
16:54:23     INFO - Installing mock into virtualenv /builds/slave/test/build/venv
16:54:23     INFO - retry: Calling run_command with args: [['/builds/slave/test/build/venv/bin/pip', 'install', '--timeout', '120', '--no-index', '--find-links', 'http://pypi.pvt.build.mozilla.org/pub', '--find-links', 'http://pypi.pub.build.mozilla.org/pub', '--trusted-host', 'pypi.pub.build.mozilla.org', '--trusted-host', 'pypi.pvt.build.mozilla.org', 'mock']], kwargs: {'error_level': 'warning', 'error_list': [{'substr': 'not found or a compiler error:', 'level': 'warning'}, {'regex': <_sre.SRE_Pattern object at 0x7f3e12b38110>, 'level': 'error'}, {'regex': <_sre.SRE_Pattern object at 0x7f3e12c40e40>, 'level': 'warning'}, {'regex': <_sre.SRE_Pattern object at 0x15c03e0>, 'level': 'debug'}, {'substr': 'command not found', 'level': 'error'}, {'regex': <_sre.SRE_Pattern object at 0x15bca90>, 'level': 'warning'}, {'substr': 'Traceback (most recent call last)', 'level': 'error'}, {'substr': 'SyntaxError: ', 'level': 'error'}, {'substr': 'TypeError: ', 'level': 'error'}, {'substr': 'NameError: ', 'level': 'error'}, {'substr': 'ZeroDivisionError: ', 'level': 'error'}, {'regex': <_sre.SRE_Pattern object at 0x15be3f0>, 'level': 'critical'}, {'regex': <_sre.SRE_Pattern object at 0x15be670>, 'level': 'critical'}], 'cwd': '/builds/slave/test/build', 'env': {'TMOUT': '86400', 'LOGNAME': 'cltbld', 'USER': 'cltbld', 'HOME': '/home/cltbld', 'PATH': '/usr/local/bin:/usr/local/bin:/usr/bin:/bin:/usr/local/games:/usr/games', 'DISPLAY': ':0', 'CCACHE_UMASK': '002', 'LANG': 'en_US.UTF-8', 'TERM': 'linux', 'SHELL': '/bin/bash', 'MOZ_NODE_PATH': '/usr/bin/node', 'XDG_SESSION_COOKIE': '9ca12473fbb1d023794ffd180000023c-1528501930.480850-1865863142', 'SHLVL': '1', 'NO_FAIL_ON_TEST_ERRORS': '1', 'MOZ_NO_REMOTE': '1', 'MOZ_HIDE_RESULTS_TABLE': '1', 'MAIL': '/var/mail/cltbld', '_': '/tools/buildbot/bin/python', 'NODE_PATH': '/usr/lib/nodejs:/usr/lib/node_modules:/usr/share/javascript', 'PWD': '/builds/slave/test', 'PROPERTIES_FILE': '/builds/slave/test/buildprops.json', 'CCACHE_DIR': '/builds/ccache'}}, attempt #1
16:54:23     INFO - Running command: ['/builds/slave/test/build/venv/bin/pip', 'install', '--timeout', '120', '--no-index', '--find-links', 'http://pypi.pvt.build.mozilla.org/pub', '--find-links', 'http://pypi.pub.build.mozilla.org/pub', '--trusted-host', 'pypi.pub.build.mozilla.org', '--trusted-host', 'pypi.pvt.build.mozilla.org', 'mock'] in /builds/slave/test/build
16:54:23     INFO - Copy/paste: /builds/slave/test/build/venv/bin/pip install --timeout 120 --no-index --find-links http://pypi.pvt.build.mozilla.org/pub --find-links http://pypi.pub.build.mozilla.org/pub --trusted-host pypi.pub.build.mozilla.org --trusted-host pypi.pvt.build.mozilla.org mock
16:54:23     INFO - Using env: {'CCACHE_DIR': '/builds/ccache',
16:54:23     INFO -  'CCACHE_UMASK': '002',
16:54:23     INFO -  'DISPLAY': ':0',
16:54:23     INFO -  'HOME': '/home/cltbld',
16:54:23     INFO -  'LANG': 'en_US.UTF-8',
16:54:23     INFO -  'LOGNAME': 'cltbld',
16:54:23     INFO -  'MAIL': '/var/mail/cltbld',
16:54:23     INFO -  'MOZ_HIDE_RESULTS_TABLE': '1',
16:54:23     INFO -  'MOZ_NODE_PATH': '/usr/bin/node',
16:54:23     INFO -  'MOZ_NO_REMOTE': '1',
16:54:23     INFO -  'NODE_PATH': '/usr/lib/nodejs:/usr/lib/node_modules:/usr/share/javascript',
16:54:23     INFO -  'NO_FAIL_ON_TEST_ERRORS': '1',
16:54:23     INFO -  'PATH': '/usr/local/bin:/usr/local/bin:/usr/bin:/bin:/usr/local/games:/usr/games',
16:54:23     INFO -  'PROPERTIES_FILE': '/builds/slave/test/buildprops.json',
16:54:23     INFO -  'PWD': '/builds/slave/test',
16:54:23     INFO -  'SHELL': '/bin/bash',
16:54:23     INFO -  'SHLVL': '1',
16:54:23     INFO -  'TERM': 'linux',
16:54:23     INFO -  'TMOUT': '86400',
16:54:23     INFO -  'USER': 'cltbld',
16:54:23     INFO -  'XDG_SESSION_COOKIE': '9ca12473fbb1d023794ffd180000023c-1528501930.480850-1865863142',
16:54:23     INFO -  '_': '/tools/buildbot/bin/python'}
16:54:23     INFO -  Ignoring indexes: https://pypi.python.org/simple
16:54:23     INFO -  Collecting mock
16:54:24     INFO -  /builds/slave/test/build/venv/lib/python2.7/site-packages/pip/_vendor/requests/packages/urllib3/util/ssl_.py:318: SNIMissingWarning: An HTTPS request has been made, but the SNI (Subject Name Indication) extension to TLS is not available on this platform. This may cause the server to present an incorrect TLS certificate, which can cause validation failures. You can upgrade to a newer version of Python to solve this. For more information, see https://urllib3.readthedocs.org/en/latest/security.html#snimissingwarning.
16:54:24     INFO -    SNIMissingWarning
16:54:24     INFO -  /builds/slave/test/build/venv/lib/python2.7/site-packages/pip/_vendor/requests/packages/urllib3/util/ssl_.py:122: InsecurePlatformWarning: A true SSLContext object is not available. This prevents urllib3 from configuring SSL appropriately and may cause certain SSL connections to fail. You can upgrade to a newer version of Python to solve this. For more information, see https://urllib3.readthedocs.org/en/latest/security.html#insecureplatformwarning.
16:54:24     INFO -    InsecurePlatformWarning
16:54:25     INFO -  /builds/slave/test/build/venv/lib/python2.7/site-packages/pip/_vendor/requests/packages/urllib3/util/ssl_.py:122: InsecurePlatformWarning: A true SSLContext object is not available. This prevents urllib3 from configuring SSL appropriately and may cause certain SSL connections to fail. You can upgrade to a newer version of Python to solve this. For more information, see https://urllib3.readthedocs.org/en/latest/security.html#insecureplatformwarning.
16:54:25     INFO -    InsecurePlatformWarning
16:54:28     INFO -    Downloading https://pypi.pvt.build.mozilla.org/pub/mock-1.0.1.tar.gz (818kB)
16:54:29     INFO -  Building wheels for collected packages: mock
16:54:29     INFO -    Running setup.py bdist_wheel for mock: started
16:54:30     INFO -    Running setup.py bdist_wheel for mock: finished with status 'done'
16:54:30     INFO -    Stored in directory: /home/cltbld/.cache/pip/wheels/42/d3/87/79283a2f50dfedbfad996edf7028483b27c5953e56856af7d0
16:54:30     INFO -  Successfully built mock
16:54:30     INFO -  Installing collected packages: mock
16:54:30     INFO -  Successfully installed mock-1.0.1
16:54:30     INFO - Return code: 0
16:54:30     INFO - Installing simplejson into virtualenv /builds/slave/test/build/venv
16:54:30     INFO - retry: Calling run_command with args: [['/builds/slave/test/build/venv/bin/pip', 'install', '--timeout', '120', '--no-index', '--find-links', 'http://pypi.pvt.build.mozilla.org/pub', '--find-links', 'http://pypi.pub.build.mozilla.org/pub', '--trusted-host', 'pypi.pub.build.mozilla.org', '--trusted-host', 'pypi.pvt.build.mozilla.org', 'simplejson']], kwargs: {'error_level': 'warning', 'error_list': [{'substr': 'not found or a compiler error:', 'level': 'warning'}, {'regex': <_sre.SRE_Pattern object at 0x7f3e12b38110>, 'level': 'error'}, {'regex': <_sre.SRE_Pattern object at 0x7f3e12c40e40>, 'level': 'warning'}, {'regex': <_sre.SRE_Pattern object at 0x15c03e0>, 'level': 'debug'}, {'substr': 'command not found', 'level': 'error'}, {'regex': <_sre.SRE_Pattern object at 0x15bca90>, 'level': 'warning'}, {'substr': 'Traceback (most recent call last)', 'level': 'error'}, {'substr': 'SyntaxError: ', 'level': 'error'}, {'substr': 'TypeError: ', 'level': 'error'}, {'substr': 'NameError: ', 'level': 'error'}, {'substr': 'ZeroDivisionError: ', 'level': 'error'}, {'regex': <_sre.SRE_Pattern object at 0x15be3f0>, 'level': 'critical'}, {'regex': <_sre.SRE_Pattern object at 0x15be670>, 'level': 'critical'}], 'cwd': '/builds/slave/test/build', 'env': {'TMOUT': '86400', 'LOGNAME': 'cltbld', 'USER': 'cltbld', 'HOME': '/home/cltbld', 'PATH': '/usr/local/bin:/usr/local/bin:/usr/bin:/bin:/usr/local/games:/usr/games', 'DISPLAY': ':0', 'CCACHE_UMASK': '002', 'LANG': 'en_US.UTF-8', 'TERM': 'linux', 'SHELL': '/bin/bash', 'MOZ_NODE_PATH': '/usr/bin/node', 'XDG_SESSION_COOKIE': '9ca12473fbb1d023794ffd180000023c-1528501930.480850-1865863142', 'SHLVL': '1', 'NO_FAIL_ON_TEST_ERRORS': '1', 'MOZ_NO_REMOTE': '1', 'MOZ_HIDE_RESULTS_TABLE': '1', 'MAIL': '/var/mail/cltbld', '_': '/tools/buildbot/bin/python', 'NODE_PATH': '/usr/lib/nodejs:/usr/lib/node_modules:/usr/share/javascript', 'PWD': '/builds/slave/test', 'PROPERTIES_FILE': '/builds/slave/test/buildprops.json', 'CCACHE_DIR': '/builds/ccache'}}, attempt #1
16:54:30     INFO - Running command: ['/builds/slave/test/build/venv/bin/pip', 'install', '--timeout', '120', '--no-index', '--find-links', 'http://pypi.pvt.build.mozilla.org/pub', '--find-links', 'http://pypi.pub.build.mozilla.org/pub', '--trusted-host', 'pypi.pub.build.mozilla.org', '--trusted-host', 'pypi.pvt.build.mozilla.org', 'simplejson'] in /builds/slave/test/build
16:54:30     INFO - Copy/paste: /builds/slave/test/build/venv/bin/pip install --timeout 120 --no-index --find-links http://pypi.pvt.build.mozilla.org/pub --find-links http://pypi.pub.build.mozilla.org/pub --trusted-host pypi.pub.build.mozilla.org --trusted-host pypi.pvt.build.mozilla.org simplejson
16:54:30     INFO - Using env: {'CCACHE_DIR': '/builds/ccache',
16:54:30     INFO -  'CCACHE_UMASK': '002',
16:54:30     INFO -  'DISPLAY': ':0',
16:54:30     INFO -  'HOME': '/home/cltbld',
16:54:30     INFO -  'LANG': 'en_US.UTF-8',
16:54:30     INFO -  'LOGNAME': 'cltbld',
16:54:30     INFO -  'MAIL': '/var/mail/cltbld',
16:54:30     INFO -  'MOZ_HIDE_RESULTS_TABLE': '1',
16:54:30     INFO -  'MOZ_NODE_PATH': '/usr/bin/node',
16:54:30     INFO -  'MOZ_NO_REMOTE': '1',
16:54:30     INFO -  'NODE_PATH': '/usr/lib/nodejs:/usr/lib/node_modules:/usr/share/javascript',
16:54:30     INFO -  'NO_FAIL_ON_TEST_ERRORS': '1',
16:54:30     INFO -  'PATH': '/usr/local/bin:/usr/local/bin:/usr/bin:/bin:/usr/local/games:/usr/games',
16:54:30     INFO -  'PROPERTIES_FILE': '/builds/slave/test/buildprops.json',
16:54:30     INFO -  'PWD': '/builds/slave/test',
16:54:30     INFO -  'SHELL': '/bin/bash',
16:54:30     INFO -  'SHLVL': '1',
16:54:30     INFO -  'TERM': 'linux',
16:54:30     INFO -  'TMOUT': '86400',
16:54:30     INFO -  'USER': 'cltbld',
16:54:30     INFO -  'XDG_SESSION_COOKIE': '9ca12473fbb1d023794ffd180000023c-1528501930.480850-1865863142',
16:54:30     INFO -  '_': '/tools/buildbot/bin/python'}
16:54:31     INFO -  Ignoring indexes: https://pypi.python.org/simple
16:54:31     INFO -  Collecting simplejson
16:54:31     INFO -  /builds/slave/test/build/venv/lib/python2.7/site-packages/pip/_vendor/requests/packages/urllib3/util/ssl_.py:318: SNIMissingWarning: An HTTPS request has been made, but the SNI (Subject Name Indication) extension to TLS is not available on this platform. This may cause the server to present an incorrect TLS certificate, which can cause validation failures. You can upgrade to a newer version of Python to solve this. For more information, see https://urllib3.readthedocs.org/en/latest/security.html#snimissingwarning.
16:54:31     INFO -    SNIMissingWarning
16:54:31     INFO -  /builds/slave/test/build/venv/lib/python2.7/site-packages/pip/_vendor/requests/packages/urllib3/util/ssl_.py:122: InsecurePlatformWarning: A true SSLContext object is not available. This prevents urllib3 from configuring SSL appropriately and may cause certain SSL connections to fail. You can upgrade to a newer version of Python to solve this. For more information, see https://urllib3.readthedocs.org/en/latest/security.html#insecureplatformwarning.
16:54:31     INFO -    InsecurePlatformWarning
16:54:32     INFO -  /builds/slave/test/build/venv/lib/python2.7/site-packages/pip/_vendor/requests/packages/urllib3/util/ssl_.py:122: InsecurePlatformWarning: A true SSLContext object is not available. This prevents urllib3 from configuring SSL appropriately and may cause certain SSL connections to fail. You can upgrade to a newer version of Python to solve this. For more information, see https://urllib3.readthedocs.org/en/latest/security.html#insecureplatformwarning.
16:54:32     INFO -    InsecurePlatformWarning
16:54:36     INFO -    Downloading https://pypi.pvt.build.mozilla.org/pub/simplejson-3.3.0.tar.gz (67kB)
16:54:37     INFO -  Building wheels for collected packages: simplejson
16:54:37     INFO -    Running setup.py bdist_wheel for simplejson: started
16:54:39     INFO -    Running setup.py bdist_wheel for simplejson: finished with status 'done'
16:54:39     INFO -    Stored in directory: /home/cltbld/.cache/pip/wheels/b1/26/8f/72b2a349729d24b9c6aa399407fddd384f8814e045e6de407e
16:54:39     INFO -  Successfully built simplejson
16:54:39     INFO -  Installing collected packages: simplejson
16:54:39     INFO -  Successfully installed simplejson-3.3.0
16:54:39     INFO - Return code: 0
16:54:39     INFO - Installing None into virtualenv /builds/slave/test/build/venv
16:54:39     INFO - retry: Calling run_command with args: [['/builds/slave/test/build/venv/bin/pip', 'install', '--no-deps', '--timeout', '120', '-r', '/builds/slave/test/build/tests/config/marionette_requirements.txt', '--no-index', '--find-links', 'http://pypi.pvt.build.mozilla.org/pub', '--find-links', 'http://pypi.pub.build.mozilla.org/pub', '--trusted-host', 'pypi.pub.build.mozilla.org', '--trusted-host', 'pypi.pvt.build.mozilla.org']], kwargs: {'error_level': 'warning', 'error_list': [{'substr': 'not found or a compiler error:', 'level': 'warning'}, {'regex': <_sre.SRE_Pattern object at 0x7f3e12b38110>, 'level': 'error'}, {'regex': <_sre.SRE_Pattern object at 0x7f3e12c40e40>, 'level': 'warning'}, {'regex': <_sre.SRE_Pattern object at 0x15c03e0>, 'level': 'debug'}, {'substr': 'command not found', 'level': 'error'}, {'regex': <_sre.SRE_Pattern object at 0x15bca90>, 'level': 'warning'}, {'substr': 'Traceback (most recent call last)', 'level': 'error'}, {'substr': 'SyntaxError: ', 'level': 'error'}, {'substr': 'TypeError: ', 'level': 'error'}, {'substr': 'NameError: ', 'level': 'error'}, {'substr': 'ZeroDivisionError: ', 'level': 'error'}, {'regex': <_sre.SRE_Pattern object at 0x15be3f0>, 'level': 'critical'}, {'regex': <_sre.SRE_Pattern object at 0x15be670>, 'level': 'critical'}], 'cwd': '/builds/slave/test/build/tests/config', 'env': {'TMOUT': '86400', 'LOGNAME': 'cltbld', 'USER': 'cltbld', 'HOME': '/home/cltbld', 'PATH': '/usr/local/bin:/usr/local/bin:/usr/bin:/bin:/usr/local/games:/usr/games', 'DISPLAY': ':0', 'CCACHE_UMASK': '002', 'LANG': 'en_US.UTF-8', 'TERM': 'linux', 'SHELL': '/bin/bash', 'MOZ_NODE_PATH': '/usr/bin/node', 'XDG_SESSION_COOKIE': '9ca12473fbb1d023794ffd180000023c-1528501930.480850-1865863142', 'SHLVL': '1', 'NO_FAIL_ON_TEST_ERRORS': '1', 'MOZ_NO_REMOTE': '1', 'MOZ_HIDE_RESULTS_TABLE': '1', 'MAIL': '/var/mail/cltbld', '_': '/tools/buildbot/bin/python', 'NODE_PATH': '/usr/lib/nodejs:/usr/lib/node_modules:/usr/share/javascript', 'PWD': '/builds/slave/test', 'PROPERTIES_FILE': '/builds/slave/test/buildprops.json', 'CCACHE_DIR': '/builds/ccache'}}, attempt #1
16:54:39     INFO - Running command: ['/builds/slave/test/build/venv/bin/pip', 'install', '--no-deps', '--timeout', '120', '-r', '/builds/slave/test/build/tests/config/marionette_requirements.txt', '--no-index', '--find-links', 'http://pypi.pvt.build.mozilla.org/pub', '--find-links', 'http://pypi.pub.build.mozilla.org/pub', '--trusted-host', 'pypi.pub.build.mozilla.org', '--trusted-host', 'pypi.pvt.build.mozilla.org'] in /builds/slave/test/build/tests/config
16:54:39     INFO - Copy/paste: /builds/slave/test/build/venv/bin/pip install --no-deps --timeout 120 -r /builds/slave/test/build/tests/config/marionette_requirements.txt --no-index --find-links http://pypi.pvt.build.mozilla.org/pub --find-links http://pypi.pub.build.mozilla.org/pub --trusted-host pypi.pub.build.mozilla.org --trusted-host pypi.pvt.build.mozilla.org
16:54:39     INFO - Using env: {'CCACHE_DIR': '/builds/ccache',
16:54:39     INFO -  'CCACHE_UMASK': '002',
16:54:39     INFO -  'DISPLAY': ':0',
16:54:39     INFO -  'HOME': '/home/cltbld',
16:54:39     INFO -  'LANG': 'en_US.UTF-8',
16:54:39     INFO -  'LOGNAME': 'cltbld',
16:54:39     INFO -  'MAIL': '/var/mail/cltbld',
16:54:39     INFO -  'MOZ_HIDE_RESULTS_TABLE': '1',
16:54:39     INFO -  'MOZ_NODE_PATH': '/usr/bin/node',
16:54:39     INFO -  'MOZ_NO_REMOTE': '1',
16:54:39     INFO -  'NODE_PATH': '/usr/lib/nodejs:/usr/lib/node_modules:/usr/share/javascript',
16:54:39     INFO -  'NO_FAIL_ON_TEST_ERRORS': '1',
16:54:39     INFO -  'PATH': '/usr/local/bin:/usr/local/bin:/usr/bin:/bin:/usr/local/games:/usr/games',
16:54:39     INFO -  'PROPERTIES_FILE': '/builds/slave/test/buildprops.json',
16:54:39     INFO -  'PWD': '/builds/slave/test',
16:54:39     INFO -  'SHELL': '/bin/bash',
16:54:39     INFO -  'SHLVL': '1',
16:54:39     INFO -  'TERM': 'linux',
16:54:39     INFO -  'TMOUT': '86400',
16:54:39     INFO -  'USER': 'cltbld',
16:54:39     INFO -  'XDG_SESSION_COOKIE': '9ca12473fbb1d023794ffd180000023c-1528501930.480850-1865863142',
16:54:39     INFO -  '_': '/tools/buildbot/bin/python'}
16:54:40     INFO -  Ignoring indexes: https://pypi.python.org/simple
16:54:40     INFO -  Processing /builds/slave/test/build/tests/mozbase/manifestparser
16:54:41     INFO -    Requirement already satisfied (use --upgrade to upgrade): manifestparser==1.1 from file:///builds/slave/test/build/tests/mozbase/manifestparser in /builds/slave/test/build/venv/lib/python2.7/site-packages (from -r /builds/slave/test/build/tests/config/mozbase_requirements.txt (line 1))
16:54:41     INFO -  Processing /builds/slave/test/build/tests/mozbase/mozcrash
16:54:41     INFO -    Requirement already satisfied (use --upgrade to upgrade): mozcrash==1.0 from file:///builds/slave/test/build/tests/mozbase/mozcrash in /builds/slave/test/build/venv/lib/python2.7/site-packages (from -r /builds/slave/test/build/tests/config/mozbase_requirements.txt (line 2))
16:54:41     INFO -  Processing /builds/slave/test/build/tests/mozbase/mozdebug
16:54:41     INFO -    Requirement already satisfied (use --upgrade to upgrade): mozdebug==0.1 from file:///builds/slave/test/build/tests/mozbase/mozdebug in /builds/slave/test/build/venv/lib/python2.7/site-packages (from -r /builds/slave/test/build/tests/config/mozbase_requirements.txt (line 3))
16:54:41     INFO -  Processing /builds/slave/test/build/tests/mozbase/mozdevice
16:54:42     INFO -    Requirement already satisfied (use --upgrade to upgrade): mozdevice==0.48 from file:///builds/slave/test/build/tests/mozbase/mozdevice in /builds/slave/test/build/venv/lib/python2.7/site-packages (from -r /builds/slave/test/build/tests/config/mozbase_requirements.txt (line 4))
16:54:42     INFO -  Processing /builds/slave/test/build/tests/mozbase/mozfile
16:54:42     INFO -    Requirement already satisfied (use --upgrade to upgrade): mozfile==1.2 from file:///builds/slave/test/build/tests/mozbase/mozfile in /builds/slave/test/build/venv/lib/python2.7/site-packages (from -r /builds/slave/test/build/tests/config/mozbase_requirements.txt (line 5))
16:54:42     INFO -  Processing /builds/slave/test/build/tests/mozbase/mozhttpd
16:54:42     INFO -    Requirement already satisfied (use --upgrade to upgrade): mozhttpd==0.7 from file:///builds/slave/test/build/tests/mozbase/mozhttpd in /builds/slave/test/build/venv/lib/python2.7/site-packages (from -r /builds/slave/test/build/tests/config/mozbase_requirements.txt (line 6))
16:54:42     INFO -  Processing /builds/slave/test/build/tests/mozbase/mozinfo
16:54:43     INFO -    Requirement already satisfied (use --upgrade to upgrade): mozinfo==0.9 from file:///builds/slave/test/build/tests/mozbase/mozinfo in /builds/slave/test/build/venv/lib/python2.7/site-packages (from -r /builds/slave/test/build/tests/config/mozbase_requirements.txt (line 7))
16:54:43     INFO -  Processing /builds/slave/test/build/tests/mozbase/mozinstall
16:54:43     INFO -    Requirement already satisfied (use --upgrade to upgrade): mozInstall==1.12 from file:///builds/slave/test/build/tests/mozbase/mozinstall in /builds/slave/test/build/venv/lib/python2.7/site-packages (from -r /builds/slave/test/build/tests/config/mozbase_requirements.txt (line 8))
16:54:43     INFO -  Processing /builds/slave/test/build/tests/mozbase/mozleak
16:54:44     INFO -    Requirement already satisfied (use --upgrade to upgrade): mozleak==0.1 from file:///builds/slave/test/build/tests/mozbase/mozleak in /builds/slave/test/build/venv/lib/python2.7/site-packages (from -r /builds/slave/test/build/tests/config/mozbase_requirements.txt (line 9))
16:54:44     INFO -  Processing /builds/slave/test/build/tests/mozbase/mozlog
16:54:44     INFO -    Requirement already satisfied (use --upgrade to upgrade): mozlog==3.4 from file:///builds/slave/test/build/tests/mozbase/mozlog in /builds/slave/test/build/venv/lib/python2.7/site-packages (from -r /builds/slave/test/build/tests/config/mozbase_requirements.txt (line 10))
16:54:44     INFO -  Processing /builds/slave/test/build/tests/mozbase/moznetwork
16:54:44     INFO -    Requirement already satisfied (use --upgrade to upgrade): moznetwork==0.27 from file:///builds/slave/test/build/tests/mozbase/moznetwork in /builds/slave/test/build/venv/lib/python2.7/site-packages (from -r /builds/slave/test/build/tests/config/mozbase_requirements.txt (line 11))
16:54:44     INFO -  Processing /builds/slave/test/build/tests/mozbase/mozprocess
16:54:45     INFO -    Requirement already satisfied (use --upgrade to upgrade): mozprocess==0.23 from file:///builds/slave/test/build/tests/mozbase/mozprocess in /builds/slave/test/build/venv/lib/python2.7/site-packages (from -r /builds/slave/test/build/tests/config/mozbase_requirements.txt (line 12))
16:54:45     INFO -  Processing /builds/slave/test/build/tests/mozbase/mozprofile
16:54:45     INFO -    Requirement already satisfied (use --upgrade to upgrade): mozprofile==0.28 from file:///builds/slave/test/build/tests/mozbase/mozprofile in /builds/slave/test/build/venv/lib/python2.7/site-packages (from -r /builds/slave/test/build/tests/config/mozbase_requirements.txt (line 13))
16:54:45     INFO -  Processing /builds/slave/test/build/tests/mozbase/mozrunner
16:54:45     INFO -    Requirement already satisfied (use --upgrade to upgrade): mozrunner==6.13 from file:///builds/slave/test/build/tests/mozbase/mozrunner in /builds/slave/test/build/venv/lib/python2.7/site-packages (from -r /builds/slave/test/build/tests/config/mozbase_requirements.txt (line 14))
16:54:45     INFO -  Processing /builds/slave/test/build/tests/mozbase/mozscreenshot
16:54:46     INFO -    Requirement already satisfied (use --upgrade to upgrade): mozscreenshot==0.1 from file:///builds/slave/test/build/tests/mozbase/mozscreenshot in /builds/slave/test/build/venv/lib/python2.7/site-packages (from -r /builds/slave/test/build/tests/config/mozbase_requirements.txt (line 15))
16:54:46     INFO -  Processing /builds/slave/test/build/tests/mozbase/moztest
16:54:46     INFO -    Requirement already satisfied (use --upgrade to upgrade): moztest==0.8 from file:///builds/slave/test/build/tests/mozbase/moztest in /builds/slave/test/build/venv/lib/python2.7/site-packages (from -r /builds/slave/test/build/tests/config/mozbase_requirements.txt (line 16))
16:54:46     INFO -  Processing /builds/slave/test/build/tests/mozbase/mozversion
16:54:47     INFO -    Requirement already satisfied (use --upgrade to upgrade): mozversion==1.4 from file:///builds/slave/test/build/tests/mozbase/mozversion in /builds/slave/test/build/venv/lib/python2.7/site-packages (from -r /builds/slave/test/build/tests/config/mozbase_requirements.txt (line 17))
16:54:47     INFO -  Processing /builds/slave/test/build/tests/tools/wptserve
16:54:47     INFO -  Processing /builds/slave/test/build/tests/marionette/client
16:54:47     INFO -  Processing /builds/slave/test/build/tests/marionette/harness/marionette_harness/runner/mixins/browsermob-proxy-py
16:54:48     INFO -  Processing /builds/slave/test/build/tests/marionette/harness
16:54:48     INFO -  Processing /builds/slave/test/build/tests/marionette/puppeteer/firefox
16:54:49     INFO -  Building wheels for collected packages: browsermob-proxy
16:54:49     INFO -    Running setup.py bdist_wheel for browsermob-proxy: started
16:54:49     INFO -    Running setup.py bdist_wheel for browsermob-proxy: finished with status 'done'
16:54:49     INFO -    Stored in directory: /home/cltbld/.cache/pip/wheels/10/00/c1/79bb793b6a7eb4dca9dfd244010f550ae5044951bcd23c261e
16:54:49     INFO -  Successfully built browsermob-proxy
16:54:49     INFO -  Installing collected packages: wptserve, marionette-driver, browsermob-proxy, marionette-harness, firefox-puppeteer
16:54:49     INFO -    Running setup.py install for wptserve: started
16:54:50     INFO -      Running setup.py install for wptserve: finished with status 'done'
16:54:50     INFO -    Running setup.py install for marionette-driver: started
16:54:50     INFO -      Running setup.py install for marionette-driver: finished with status 'done'
16:54:50     INFO -    Running setup.py install for marionette-harness: started
16:54:51     INFO -      Running setup.py install for marionette-harness: finished with status 'done'
16:54:51     INFO -    Running setup.py install for firefox-puppeteer: started
16:54:51     INFO -      Running setup.py install for firefox-puppeteer: finished with status 'done'
16:54:52     INFO -  Successfully installed browsermob-proxy-0.6.0 firefox-puppeteer-52.1.0 marionette-driver-2.2.0 marionette-harness-4.0.0 wptserve-1.4.0
16:54:52     INFO - Return code: 0
16:54:52     INFO - Installing None into virtualenv /builds/slave/test/build/venv
16:54:52     INFO - retry: Calling run_command with args: [['/builds/slave/test/build/venv/bin/pip', 'install', '--timeout', '120', '-r', '/builds/slave/test/build/tests/config/marionette_requirements.txt', '--no-index', '--find-links', 'http://pypi.pvt.build.mozilla.org/pub', '--find-links', 'http://pypi.pub.build.mozilla.org/pub', '--trusted-host', 'pypi.pub.build.mozilla.org', '--trusted-host', 'pypi.pvt.build.mozilla.org']], kwargs: {'error_level': 'warning', 'error_list': [{'substr': 'not found or a compiler error:', 'level': 'warning'}, {'regex': <_sre.SRE_Pattern object at 0x7f3e12b38110>, 'level': 'error'}, {'regex': <_sre.SRE_Pattern object at 0x7f3e12c40e40>, 'level': 'warning'}, {'regex': <_sre.SRE_Pattern object at 0x15c03e0>, 'level': 'debug'}, {'substr': 'command not found', 'level': 'error'}, {'regex': <_sre.SRE_Pattern object at 0x15bca90>, 'level': 'warning'}, {'substr': 'Traceback (most recent call last)', 'level': 'error'}, {'substr': 'SyntaxError: ', 'level': 'error'}, {'substr': 'TypeError: ', 'level': 'error'}, {'substr': 'NameError: ', 'level': 'error'}, {'substr': 'ZeroDivisionError: ', 'level': 'error'}, {'regex': <_sre.SRE_Pattern object at 0x15be3f0>, 'level': 'critical'}, {'regex': <_sre.SRE_Pattern object at 0x15be670>, 'level': 'critical'}], 'cwd': '/builds/slave/test/build/tests/config', 'env': {'TMOUT': '86400', 'LOGNAME': 'cltbld', 'USER': 'cltbld', 'HOME': '/home/cltbld', 'PATH': '/usr/local/bin:/usr/local/bin:/usr/bin:/bin:/usr/local/games:/usr/games', 'DISPLAY': ':0', 'CCACHE_UMASK': '002', 'LANG': 'en_US.UTF-8', 'TERM': 'linux', 'SHELL': '/bin/bash', 'MOZ_NODE_PATH': '/usr/bin/node', 'XDG_SESSION_COOKIE': '9ca12473fbb1d023794ffd180000023c-1528501930.480850-1865863142', 'SHLVL': '1', 'NO_FAIL_ON_TEST_ERRORS': '1', 'MOZ_NO_REMOTE': '1', 'MOZ_HIDE_RESULTS_TABLE': '1', 'MAIL': '/var/mail/cltbld', '_': '/tools/buildbot/bin/python', 'NODE_PATH': '/usr/lib/nodejs:/usr/lib/node_modules:/usr/share/javascript', 'PWD': '/builds/slave/test', 'PROPERTIES_FILE': '/builds/slave/test/buildprops.json', 'CCACHE_DIR': '/builds/ccache'}}, attempt #1
16:54:52     INFO - Running command: ['/builds/slave/test/build/venv/bin/pip', 'install', '--timeout', '120', '-r', '/builds/slave/test/build/tests/config/marionette_requirements.txt', '--no-index', '--find-links', 'http://pypi.pvt.build.mozilla.org/pub', '--find-links', 'http://pypi.pub.build.mozilla.org/pub', '--trusted-host', 'pypi.pub.build.mozilla.org', '--trusted-host', 'pypi.pvt.build.mozilla.org'] in /builds/slave/test/build/tests/config
16:54:52     INFO - Copy/paste: /builds/slave/test/build/venv/bin/pip install --timeout 120 -r /builds/slave/test/build/tests/config/marionette_requirements.txt --no-index --find-links http://pypi.pvt.build.mozilla.org/pub --find-links http://pypi.pub.build.mozilla.org/pub --trusted-host pypi.pub.build.mozilla.org --trusted-host pypi.pvt.build.mozilla.org
16:54:52     INFO - Using env: {'CCACHE_DIR': '/builds/ccache',
16:54:52     INFO -  'CCACHE_UMASK': '002',
16:54:52     INFO -  'DISPLAY': ':0',
16:54:52     INFO -  'HOME': '/home/cltbld',
16:54:52     INFO -  'LANG': 'en_US.UTF-8',
16:54:52     INFO -  'LOGNAME': 'cltbld',
16:54:52     INFO -  'MAIL': '/var/mail/cltbld',
16:54:52     INFO -  'MOZ_HIDE_RESULTS_TABLE': '1',
16:54:52     INFO -  'MOZ_NODE_PATH': '/usr/bin/node',
16:54:52     INFO -  'MOZ_NO_REMOTE': '1',
16:54:52     INFO -  'NODE_PATH': '/usr/lib/nodejs:/usr/lib/node_modules:/usr/share/javascript',
16:54:52     INFO -  'NO_FAIL_ON_TEST_ERRORS': '1',
16:54:52     INFO -  'PATH': '/usr/local/bin:/usr/local/bin:/usr/bin:/bin:/usr/local/games:/usr/games',
16:54:52     INFO -  'PROPERTIES_FILE': '/builds/slave/test/buildprops.json',
16:54:52     INFO -  'PWD': '/builds/slave/test',
16:54:52     INFO -  'SHELL': '/bin/bash',
16:54:52     INFO -  'SHLVL': '1',
16:54:52     INFO -  'TERM': 'linux',
16:54:52     INFO -  'TMOUT': '86400',
16:54:52     INFO -  'USER': 'cltbld',
16:54:52     INFO -  'XDG_SESSION_COOKIE': '9ca12473fbb1d023794ffd180000023c-1528501930.480850-1865863142',
16:54:52     INFO -  '_': '/tools/buildbot/bin/python'}
16:54:53     INFO -  Ignoring indexes: https://pypi.python.org/simple
16:54:53     INFO -  Processing /builds/slave/test/build/tests/mozbase/manifestparser
16:54:53     INFO -    Requirement already satisfied (use --upgrade to upgrade): manifestparser==1.1 from file:///builds/slave/test/build/tests/mozbase/manifestparser in /builds/slave/test/build/venv/lib/python2.7/site-packages (from -r /builds/slave/test/build/tests/config/mozbase_requirements.txt (line 1))
16:54:53     INFO -  Processing /builds/slave/test/build/tests/mozbase/mozcrash
16:54:53     INFO -    Requirement already satisfied (use --upgrade to upgrade): mozcrash==1.0 from file:///builds/slave/test/build/tests/mozbase/mozcrash in /builds/slave/test/build/venv/lib/python2.7/site-packages (from -r /builds/slave/test/build/tests/config/mozbase_requirements.txt (line 2))
16:54:53     INFO -  Processing /builds/slave/test/build/tests/mozbase/mozdebug
16:54:54     INFO -    Requirement already satisfied (use --upgrade to upgrade): mozdebug==0.1 from file:///builds/slave/test/build/tests/mozbase/mozdebug in /builds/slave/test/build/venv/lib/python2.7/site-packages (from -r /builds/slave/test/build/tests/config/mozbase_requirements.txt (line 3))
16:54:54     INFO -  Processing /builds/slave/test/build/tests/mozbase/mozdevice
16:54:54     INFO -    Requirement already satisfied (use --upgrade to upgrade): mozdevice==0.48 from file:///builds/slave/test/build/tests/mozbase/mozdevice in /builds/slave/test/build/venv/lib/python2.7/site-packages (from -r /builds/slave/test/build/tests/config/mozbase_requirements.txt (line 4))
16:54:54     INFO -  Processing /builds/slave/test/build/tests/mozbase/mozfile
16:54:55     INFO -    Requirement already satisfied (use --upgrade to upgrade): mozfile==1.2 from file:///builds/slave/test/build/tests/mozbase/mozfile in /builds/slave/test/build/venv/lib/python2.7/site-packages (from -r /builds/slave/test/build/tests/config/mozbase_requirements.txt (line 5))
16:54:55     INFO -  Processing /builds/slave/test/build/tests/mozbase/mozhttpd
16:54:55     INFO -    Requirement already satisfied (use --upgrade to upgrade): mozhttpd==0.7 from file:///builds/slave/test/build/tests/mozbase/mozhttpd in /builds/slave/test/build/venv/lib/python2.7/site-packages (from -r /builds/slave/test/build/tests/config/mozbase_requirements.txt (line 6))
16:54:55     INFO -  Processing /builds/slave/test/build/tests/mozbase/mozinfo
16:54:55     INFO -    Requirement already satisfied (use --upgrade to upgrade): mozinfo==0.9 from file:///builds/slave/test/build/tests/mozbase/mozinfo in /builds/slave/test/build/venv/lib/python2.7/site-packages (from -r /builds/slave/test/build/tests/config/mozbase_requirements.txt (line 7))
16:54:55     INFO -  Processing /builds/slave/test/build/tests/mozbase/mozinstall
16:54:56     INFO -    Requirement already satisfied (use --upgrade to upgrade): mozInstall==1.12 from file:///builds/slave/test/build/tests/mozbase/mozinstall in /builds/slave/test/build/venv/lib/python2.7/site-packages (from -r /builds/slave/test/build/tests/config/mozbase_requirements.txt (line 8))
16:54:56     INFO -  Processing /builds/slave/test/build/tests/mozbase/mozleak
16:54:56     INFO -    Requirement already satisfied (use --upgrade to upgrade): mozleak==0.1 from file:///builds/slave/test/build/tests/mozbase/mozleak in /builds/slave/test/build/venv/lib/python2.7/site-packages (from -r /builds/slave/test/build/tests/config/mozbase_requirements.txt (line 9))
16:54:56     INFO -  Processing /builds/slave/test/build/tests/mozbase/mozlog
16:54:57     INFO -    Requirement already satisfied (use --upgrade to upgrade): mozlog==3.4 from file:///builds/slave/test/build/tests/mozbase/mozlog in /builds/slave/test/build/venv/lib/python2.7/site-packages (from -r /builds/slave/test/build/tests/config/mozbase_requirements.txt (line 10))
16:54:57     INFO -  Processing /builds/slave/test/build/tests/mozbase/moznetwork
16:54:57     INFO -    Requirement already satisfied (use --upgrade to upgrade): moznetwork==0.27 from file:///builds/slave/test/build/tests/mozbase/moznetwork in /builds/slave/test/build/venv/lib/python2.7/site-packages (from -r /builds/slave/test/build/tests/config/mozbase_requirements.txt (line 11))
16:54:57     INFO -  Processing /builds/slave/test/build/tests/mozbase/mozprocess
16:54:57     INFO -    Requirement already satisfied (use --upgrade to upgrade): mozprocess==0.23 from file:///builds/slave/test/build/tests/mozbase/mozprocess in /builds/slave/test/build/venv/lib/python2.7/site-packages (from -r /builds/slave/test/build/tests/config/mozbase_requirements.txt (line 12))
16:54:57     INFO -  Processing /builds/slave/test/build/tests/mozbase/mozprofile
16:54:58     INFO -    Requirement already satisfied (use --upgrade to upgrade): mozprofile==0.28 from file:///builds/slave/test/build/tests/mozbase/mozprofile in /builds/slave/test/build/venv/lib/python2.7/site-packages (from -r /builds/slave/test/build/tests/config/mozbase_requirements.txt (line 13))
16:54:58     INFO -  Processing /builds/slave/test/build/tests/mozbase/mozrunner
16:54:58     INFO -    Requirement already satisfied (use --upgrade to upgrade): mozrunner==6.13 from file:///builds/slave/test/build/tests/mozbase/mozrunner in /builds/slave/test/build/venv/lib/python2.7/site-packages (from -r /builds/slave/test/build/tests/config/mozbase_requirements.txt (line 14))
16:54:58     INFO -  Processing /builds/slave/test/build/tests/mozbase/mozscreenshot
16:54:59     INFO -    Requirement already satisfied (use --upgrade to upgrade): mozscreenshot==0.1 from file:///builds/slave/test/build/tests/mozbase/mozscreenshot in /builds/slave/test/build/venv/lib/python2.7/site-packages (from -r /builds/slave/test/build/tests/config/mozbase_requirements.txt (line 15))
16:54:59     INFO -  Processing /builds/slave/test/build/tests/mozbase/moztest
16:54:59     INFO -    Requirement already satisfied (use --upgrade to upgrade): moztest==0.8 from file:///builds/slave/test/build/tests/mozbase/moztest in /builds/slave/test/build/venv/lib/python2.7/site-packages (from -r /builds/slave/test/build/tests/config/mozbase_requirements.txt (line 16))
16:54:59     INFO -  Processing /builds/slave/test/build/tests/mozbase/mozversion
16:54:59     INFO -    Requirement already satisfied (use --upgrade to upgrade): mozversion==1.4 from file:///builds/slave/test/build/tests/mozbase/mozversion in /builds/slave/test/build/venv/lib/python2.7/site-packages (from -r /builds/slave/test/build/tests/config/mozbase_requirements.txt (line 17))
16:54:59     INFO -  Processing /builds/slave/test/build/tests/tools/wptserve
16:55:00     INFO -    Requirement already satisfied (use --upgrade to upgrade): wptserve==1.4.0 from file:///builds/slave/test/build/tests/tools/wptserve in /builds/slave/test/build/venv/lib/python2.7/site-packages (from -r /builds/slave/test/build/tests/config/marionette_requirements.txt (line 3))
16:55:00     INFO -  Processing /builds/slave/test/build/tests/marionette/client
16:55:00     INFO -    Requirement already satisfied (use --upgrade to upgrade): marionette-driver==2.2.0 from file:///builds/slave/test/build/tests/marionette/client in /builds/slave/test/build/venv/lib/python2.7/site-packages (from -r /builds/slave/test/build/tests/config/marionette_requirements.txt (line 4))
16:55:00     INFO -  Processing /builds/slave/test/build/tests/marionette/harness/marionette_harness/runner/mixins/browsermob-proxy-py
16:55:01     INFO -    Requirement already satisfied (use --upgrade to upgrade): browsermob-proxy==0.6.0 from file:///builds/slave/test/build/tests/marionette/harness/marionette_harness/runner/mixins/browsermob-proxy-py in /builds/slave/test/build/venv/lib/python2.7/site-packages (from -r /builds/slave/test/build/tests/config/marionette_requirements.txt (line 5))
16:55:01     INFO -  Processing /builds/slave/test/build/tests/marionette/harness
16:55:01     INFO -    Requirement already satisfied (use --upgrade to upgrade): marionette-harness==4.0.0 from file:///builds/slave/test/build/tests/marionette/harness in /builds/slave/test/build/venv/lib/python2.7/site-packages (from -r /builds/slave/test/build/tests/config/marionette_requirements.txt (line 6))
16:55:01     INFO -  Processing /builds/slave/test/build/tests/marionette/puppeteer/firefox
16:55:01     INFO -    Requirement already satisfied (use --upgrade to upgrade): firefox-puppeteer==52.1.0 from file:///builds/slave/test/build/tests/marionette/puppeteer/firefox in /builds/slave/test/build/venv/lib/python2.7/site-packages (from -r /builds/slave/test/build/tests/config/marionette_requirements.txt (line 9))
16:55:01     INFO -  Requirement already satisfied (use --upgrade to upgrade): mozfile>=1.0 in /builds/slave/test/build/venv/lib/python2.7/site-packages (from mozcrash==1.0->-r /builds/slave/test/build/tests/config/mozbase_requirements.txt (line 2))
16:55:01     INFO -  Requirement already satisfied (use --upgrade to upgrade): mozlog>=3.0 in /builds/slave/test/build/venv/lib/python2.7/site-packages (from mozcrash==1.0->-r /builds/slave/test/build/tests/config/mozbase_requirements.txt (line 2))
16:55:01     INFO -  Requirement already satisfied (use --upgrade to upgrade): mozinfo in /builds/slave/test/build/venv/lib/python2.7/site-packages (from mozdebug==0.1->-r /builds/slave/test/build/tests/config/mozbase_requirements.txt (line 3))
16:55:02     INFO -  Requirement already satisfied (use --upgrade to upgrade): moznetwork>=0.24 in /builds/slave/test/build/venv/lib/python2.7/site-packages (from mozdevice==0.48->-r /builds/slave/test/build/tests/config/mozbase_requirements.txt (line 4))
16:55:02     INFO -  Requirement already satisfied (use --upgrade to upgrade): mozprocess>=0.19 in /builds/slave/test/build/venv/lib/python2.7/site-packages (from mozdevice==0.48->-r /builds/slave/test/build/tests/config/mozbase_requirements.txt (line 4))
16:55:02     INFO -  Requirement already satisfied (use --upgrade to upgrade): blessings>=1.3 in /builds/slave/test/build/venv/lib/python2.7/site-packages (from mozlog==3.4->-r /builds/slave/test/build/tests/config/mozbase_requirements.txt (line 10))
16:55:02     INFO -  Requirement already satisfied (use --upgrade to upgrade): requests>=1.1.0 in /builds/slave/test/build/venv/lib/python2.7/site-packages (from browsermob-proxy==0.6.0->-r /builds/slave/test/build/tests/config/marionette_requirements.txt (line 5))
16:55:02     INFO -  Building wheels for collected packages: browsermob-proxy
16:55:02     INFO -    Running setup.py bdist_wheel for browsermob-proxy: started
16:55:02     INFO -    Running setup.py bdist_wheel for browsermob-proxy: finished with status 'done'
16:55:02     INFO -    Stored in directory: /home/cltbld/.cache/pip/wheels/10/00/c1/79bb793b6a7eb4dca9dfd244010f550ae5044951bcd23c261e
16:55:02     INFO -  Successfully built browsermob-proxy
16:55:02     INFO - Return code: 0
16:55:02     INFO - Installing None into virtualenv /builds/slave/test/build/venv
16:55:02     INFO - retry: Calling run_command with args: [['/builds/slave/test/build/venv/bin/pip', 'install', '--no-deps', '--timeout', '120', '-r', '/builds/slave/test/build/tests/mochitest/websocketprocessbridge/websocketprocessbridge_requirements.txt', '--no-index', '--find-links', 'http://pypi.pvt.build.mozilla.org/pub', '--find-links', 'http://pypi.pub.build.mozilla.org/pub', '--trusted-host', 'pypi.pub.build.mozilla.org', '--trusted-host', 'pypi.pvt.build.mozilla.org']], kwargs: {'error_level': 'warning', 'error_list': [{'substr': 'not found or a compiler error:', 'level': 'warning'}, {'regex': <_sre.SRE_Pattern object at 0x7f3e12b38110>, 'level': 'error'}, {'regex': <_sre.SRE_Pattern object at 0x7f3e12c40e40>, 'level': 'warning'}, {'regex': <_sre.SRE_Pattern object at 0x15c03e0>, 'level': 'debug'}, {'substr': 'command not found', 'level': 'error'}, {'regex': <_sre.SRE_Pattern object at 0x15bca90>, 'level': 'warning'}, {'substr': 'Traceback (most recent call last)', 'level': 'error'}, {'substr': 'SyntaxError: ', 'level': 'error'}, {'substr': 'TypeError: ', 'level': 'error'}, {'substr': 'NameError: ', 'level': 'error'}, {'substr': 'ZeroDivisionError: ', 'level': 'error'}, {'regex': <_sre.SRE_Pattern object at 0x15be3f0>, 'level': 'critical'}, {'regex': <_sre.SRE_Pattern object at 0x15be670>, 'level': 'critical'}], 'cwd': '/builds/slave/test/build/tests/mochitest/websocketprocessbridge', 'env': {'TMOUT': '86400', 'LOGNAME': 'cltbld', 'USER': 'cltbld', 'HOME': '/home/cltbld', 'PATH': '/usr/local/bin:/usr/local/bin:/usr/bin:/bin:/usr/local/games:/usr/games', 'DISPLAY': ':0', 'CCACHE_UMASK': '002', 'LANG': 'en_US.UTF-8', 'TERM': 'linux', 'SHELL': '/bin/bash', 'MOZ_NODE_PATH': '/usr/bin/node', 'XDG_SESSION_COOKIE': '9ca12473fbb1d023794ffd180000023c-1528501930.480850-1865863142', 'SHLVL': '1', 'NO_FAIL_ON_TEST_ERRORS': '1', 'MOZ_NO_REMOTE': '1', 'MOZ_HIDE_RESULTS_TABLE': '1', 'MAIL': '/var/mail/cltbld', '_': '/tools/buildbot/bin/python', 'NODE_PATH': '/usr/lib/nodejs:/usr/lib/node_modules:/usr/share/javascript', 'PWD': '/builds/slave/test', 'PROPERTIES_FILE': '/builds/slave/test/buildprops.json', 'CCACHE_DIR': '/builds/ccache'}}, attempt #1
16:55:02     INFO - Running command: ['/builds/slave/test/build/venv/bin/pip', 'install', '--no-deps', '--timeout', '120', '-r', '/builds/slave/test/build/tests/mochitest/websocketprocessbridge/websocketprocessbridge_requirements.txt', '--no-index', '--find-links', 'http://pypi.pvt.build.mozilla.org/pub', '--find-links', 'http://pypi.pub.build.mozilla.org/pub', '--trusted-host', 'pypi.pub.build.mozilla.org', '--trusted-host', 'pypi.pvt.build.mozilla.org'] in /builds/slave/test/build/tests/mochitest/websocketprocessbridge
16:55:02     INFO - Copy/paste: /builds/slave/test/build/venv/bin/pip install --no-deps --timeout 120 -r /builds/slave/test/build/tests/mochitest/websocketprocessbridge/websocketprocessbridge_requirements.txt --no-index --find-links http://pypi.pvt.build.mozilla.org/pub --find-links http://pypi.pub.build.mozilla.org/pub --trusted-host pypi.pub.build.mozilla.org --trusted-host pypi.pvt.build.mozilla.org
16:55:02     INFO - Using env: {'CCACHE_DIR': '/builds/ccache',
16:55:02     INFO -  'CCACHE_UMASK': '002',
16:55:02     INFO -  'DISPLAY': ':0',
16:55:02     INFO -  'HOME': '/home/cltbld',
16:55:02     INFO -  'LANG': 'en_US.UTF-8',
16:55:02     INFO -  'LOGNAME': 'cltbld',
16:55:02     INFO -  'MAIL': '/var/mail/cltbld',
16:55:02     INFO -  'MOZ_HIDE_RESULTS_TABLE': '1',
16:55:02     INFO -  'MOZ_NODE_PATH': '/usr/bin/node',
16:55:02     INFO -  'MOZ_NO_REMOTE': '1',
16:55:02     INFO -  'NODE_PATH': '/usr/lib/nodejs:/usr/lib/node_modules:/usr/share/javascript',
16:55:02     INFO -  'NO_FAIL_ON_TEST_ERRORS': '1',
16:55:02     INFO -  'PATH': '/usr/local/bin:/usr/local/bin:/usr/bin:/bin:/usr/local/games:/usr/games',
16:55:02     INFO -  'PROPERTIES_FILE': '/builds/slave/test/buildprops.json',
16:55:02     INFO -  'PWD': '/builds/slave/test',
16:55:02     INFO -  'SHELL': '/bin/bash',
16:55:02     INFO -  'SHLVL': '1',
16:55:02     INFO -  'TERM': 'linux',
16:55:02     INFO -  'TMOUT': '86400',
16:55:02     INFO -  'USER': 'cltbld',
16:55:02     INFO -  'XDG_SESSION_COOKIE': '9ca12473fbb1d023794ffd180000023c-1528501930.480850-1865863142',
16:55:02     INFO -  '_': '/tools/buildbot/bin/python'}
16:55:03     INFO -  Ignoring indexes: https://pypi.python.org/simple
16:55:03     INFO -  Collecting six==1.10.0 (from -r /builds/slave/test/build/tests/mochitest/websocketprocessbridge/websocketprocessbridge_requirements.txt (line 2))
16:55:03     INFO -  /builds/slave/test/build/venv/lib/python2.7/site-packages/pip/_vendor/requests/packages/urllib3/util/ssl_.py:318: SNIMissingWarning: An HTTPS request has been made, but the SNI (Subject Name Indication) extension to TLS is not available on this platform. This may cause the server to present an incorrect TLS certificate, which can cause validation failures. You can upgrade to a newer version of Python to solve this. For more information, see https://urllib3.readthedocs.org/en/latest/security.html#snimissingwarning.
16:55:03     INFO -    SNIMissingWarning
16:55:03     INFO -  /builds/slave/test/build/venv/lib/python2.7/site-packages/pip/_vendor/requests/packages/urllib3/util/ssl_.py:122: InsecurePlatformWarning: A true SSLContext object is not available. This prevents urllib3 from configuring SSL appropriately and may cause certain SSL connections to fail. You can upgrade to a newer version of Python to solve this. For more information, see https://urllib3.readthedocs.org/en/latest/security.html#insecureplatformwarning.
16:55:03     INFO -    InsecurePlatformWarning
16:55:04     INFO -  /builds/slave/test/build/venv/lib/python2.7/site-packages/pip/_vendor/requests/packages/urllib3/util/ssl_.py:122: InsecurePlatformWarning: A true SSLContext object is not available. This prevents urllib3 from configuring SSL appropriately and may cause certain SSL connections to fail. You can upgrade to a newer version of Python to solve this. For more information, see https://urllib3.readthedocs.org/en/latest/security.html#insecureplatformwarning.
16:55:04     INFO -    InsecurePlatformWarning
16:55:08     INFO -    Downloading https://pypi.pvt.build.mozilla.org/pub/six-1.10.0-py2.py3-none-any.whl
16:55:08     INFO -  Collecting twisted==10.2.0 (from -r /builds/slave/test/build/tests/mochitest/websocketprocessbridge/websocketprocessbridge_requirements.txt (line 4))
16:55:13     INFO -    Downloading https://pypi.pvt.build.mozilla.org/pub/Twisted-10.2.0.tar.gz (1.9MB)
16:55:15     INFO -  Collecting txws==0.9.1 (from -r /builds/slave/test/build/tests/mochitest/websocketprocessbridge/websocketprocessbridge_requirements.txt (line 7))
16:55:19     INFO -    Downloading https://pypi.pvt.build.mozilla.org/pub/txWS-0.9.1.tar.gz
16:55:22     INFO -  Requirement already satisfied (use --upgrade to upgrade): psutil==3.1.1 in /builds/slave/test/build/venv/lib/python2.7/site-packages (from -r /builds/slave/test/build/tests/mochitest/websocketprocessbridge/websocketprocessbridge_requirements.txt (line 9))
16:55:22     INFO -  Collecting ipaddr==2.1.11 (from -r /builds/slave/test/build/tests/mochitest/websocketprocessbridge/websocketprocessbridge_requirements.txt (line 12))
16:55:26     INFO -    Downloading https://pypi.pvt.build.mozilla.org/pub/ipaddr-2.1.11.tar.gz
16:55:27     INFO -  Collecting passlib==1.6.5 (from -r /builds/slave/test/build/tests/mochitest/websocketprocessbridge/websocketprocessbridge_requirements.txt (line 13))
16:55:31     INFO -    Downloading https://pypi.pvt.build.mozilla.org/pub/passlib-1.6.5-py2.py3-none-any.whl (317kB)
16:55:31     INFO -  Building wheels for collected packages: twisted, txws, ipaddr
16:55:31     INFO -    Running setup.py bdist_wheel for twisted: started
16:55:34     INFO -    Running setup.py bdist_wheel for twisted: finished with status 'done'
16:55:34     INFO -    Stored in directory: /home/cltbld/.cache/pip/wheels/2a/06/64/df4bef56496f61aee018cad118db54f7a03015723d10662b26
16:55:35     INFO -    Running setup.py bdist_wheel for txws: started
16:55:35     INFO -    Running setup.py bdist_wheel for txws: finished with status 'done'
16:55:35     INFO -    Stored in directory: /home/cltbld/.cache/pip/wheels/51/f5/78/51b5dd281cb5c86337c41faadc891bd5089a07842da35b9248
16:55:35     INFO -    Running setup.py bdist_wheel for ipaddr: started
16:55:36     INFO -    Running setup.py bdist_wheel for ipaddr: finished with status 'done'
16:55:36     INFO -    Stored in directory: /home/cltbld/.cache/pip/wheels/6a/e7/d2/68af1df9a4dd7fd032c9375a12bd438c6fa81ee69d5e07993f
16:55:36     INFO -  Successfully built twisted txws ipaddr
16:55:36     INFO -  Installing collected packages: six, twisted, txws, ipaddr, passlib
16:55:40     INFO -  Successfully installed ipaddr-2.1.11 passlib-1.6.5 six-1.10.0 twisted-10.2.0 txws-0.9.1
16:55:40     INFO - Return code: 0
16:55:40     INFO - Installing None into virtualenv /builds/slave/test/build/venv
16:55:40     INFO - retry: Calling run_command with args: [['/builds/slave/test/build/venv/bin/pip', 'install', '--timeout', '120', '-r', '/builds/slave/test/build/tests/mochitest/websocketprocessbridge/websocketprocessbridge_requirements.txt', '--no-index', '--find-links', 'http://pypi.pvt.build.mozilla.org/pub', '--find-links', 'http://pypi.pub.build.mozilla.org/pub', '--trusted-host', 'pypi.pub.build.mozilla.org', '--trusted-host', 'pypi.pvt.build.mozilla.org']], kwargs: {'error_level': 'warning', 'error_list': [{'substr': 'not found or a compiler error:', 'level': 'warning'}, {'regex': <_sre.SRE_Pattern object at 0x7f3e12b38110>, 'level': 'error'}, {'regex': <_sre.SRE_Pattern object at 0x7f3e12c40e40>, 'level': 'warning'}, {'regex': <_sre.SRE_Pattern object at 0x15c03e0>, 'level': 'debug'}, {'substr': 'command not found', 'level': 'error'}, {'regex': <_sre.SRE_Pattern object at 0x15bca90>, 'level': 'warning'}, {'substr': 'Traceback (most recent call last)', 'level': 'error'}, {'substr': 'SyntaxError: ', 'level': 'error'}, {'substr': 'TypeError: ', 'level': 'error'}, {'substr': 'NameError: ', 'level': 'error'}, {'substr': 'ZeroDivisionError: ', 'level': 'error'}, {'regex': <_sre.SRE_Pattern object at 0x15be3f0>, 'level': 'critical'}, {'regex': <_sre.SRE_Pattern object at 0x15be670>, 'level': 'critical'}], 'cwd': '/builds/slave/test/build/tests/mochitest/websocketprocessbridge', 'env': {'TMOUT': '86400', 'LOGNAME': 'cltbld', 'USER': 'cltbld', 'HOME': '/home/cltbld', 'PATH': '/usr/local/bin:/usr/local/bin:/usr/bin:/bin:/usr/local/games:/usr/games', 'DISPLAY': ':0', 'CCACHE_UMASK': '002', 'LANG': 'en_US.UTF-8', 'TERM': 'linux', 'SHELL': '/bin/bash', 'MOZ_NODE_PATH': '/usr/bin/node', 'XDG_SESSION_COOKIE': '9ca12473fbb1d023794ffd180000023c-1528501930.480850-1865863142', 'SHLVL': '1', 'NO_FAIL_ON_TEST_ERRORS': '1', 'MOZ_NO_REMOTE': '1', 'MOZ_HIDE_RESULTS_TABLE': '1', 'MAIL': '/var/mail/cltbld', '_': '/tools/buildbot/bin/python', 'NODE_PATH': '/usr/lib/nodejs:/usr/lib/node_modules:/usr/share/javascript', 'PWD': '/builds/slave/test', 'PROPERTIES_FILE': '/builds/slave/test/buildprops.json', 'CCACHE_DIR': '/builds/ccache'}}, attempt #1
16:55:40     INFO - Running command: ['/builds/slave/test/build/venv/bin/pip', 'install', '--timeout', '120', '-r', '/builds/slave/test/build/tests/mochitest/websocketprocessbridge/websocketprocessbridge_requirements.txt', '--no-index', '--find-links', 'http://pypi.pvt.build.mozilla.org/pub', '--find-links', 'http://pypi.pub.build.mozilla.org/pub', '--trusted-host', 'pypi.pub.build.mozilla.org', '--trusted-host', 'pypi.pvt.build.mozilla.org'] in /builds/slave/test/build/tests/mochitest/websocketprocessbridge
16:55:40     INFO - Copy/paste: /builds/slave/test/build/venv/bin/pip install --timeout 120 -r /builds/slave/test/build/tests/mochitest/websocketprocessbridge/websocketprocessbridge_requirements.txt --no-index --find-links http://pypi.pvt.build.mozilla.org/pub --find-links http://pypi.pub.build.mozilla.org/pub --trusted-host pypi.pub.build.mozilla.org --trusted-host pypi.pvt.build.mozilla.org
16:55:40     INFO - Using env: {'CCACHE_DIR': '/builds/ccache',
16:55:40     INFO -  'CCACHE_UMASK': '002',
16:55:40     INFO -  'DISPLAY': ':0',
16:55:40     INFO -  'HOME': '/home/cltbld',
16:55:40     INFO -  'LANG': 'en_US.UTF-8',
16:55:40     INFO -  'LOGNAME': 'cltbld',
16:55:40     INFO -  'MAIL': '/var/mail/cltbld',
16:55:40     INFO -  'MOZ_HIDE_RESULTS_TABLE': '1',
16:55:40     INFO -  'MOZ_NODE_PATH': '/usr/bin/node',
16:55:40     INFO -  'MOZ_NO_REMOTE': '1',
16:55:40     INFO -  'NODE_PATH': '/usr/lib/nodejs:/usr/lib/node_modules:/usr/share/javascript',
16:55:40     INFO -  'NO_FAIL_ON_TEST_ERRORS': '1',
16:55:40     INFO -  'PATH': '/usr/local/bin:/usr/local/bin:/usr/bin:/bin:/usr/local/games:/usr/games',
16:55:40     INFO -  'PROPERTIES_FILE': '/builds/slave/test/buildprops.json',
16:55:40     INFO -  'PWD': '/builds/slave/test',
16:55:40     INFO -  'SHELL': '/bin/bash',
16:55:40     INFO -  'SHLVL': '1',
16:55:40     INFO -  'TERM': 'linux',
16:55:40     INFO -  'TMOUT': '86400',
16:55:40     INFO -  'USER': 'cltbld',
16:55:40     INFO -  'XDG_SESSION_COOKIE': '9ca12473fbb1d023794ffd180000023c-1528501930.480850-1865863142',
16:55:40     INFO -  '_': '/tools/buildbot/bin/python'}
16:55:41     INFO -  Ignoring indexes: https://pypi.python.org/simple
16:55:41     INFO -  Requirement already satisfied (use --upgrade to upgrade): six==1.10.0 in /builds/slave/test/build/venv/lib/python2.7/site-packages (from -r /builds/slave/test/build/tests/mochitest/websocketprocessbridge/websocketprocessbridge_requirements.txt (line 2))
16:55:41     INFO -  Requirement already satisfied (use --upgrade to upgrade): twisted==10.2.0 in /builds/slave/test/build/venv/lib/python2.7/site-packages (from -r /builds/slave/test/build/tests/mochitest/websocketprocessbridge/websocketprocessbridge_requirements.txt (line 4))
16:55:41     INFO -  Requirement already satisfied (use --upgrade to upgrade): txws==0.9.1 in /builds/slave/test/build/venv/lib/python2.7/site-packages (from -r /builds/slave/test/build/tests/mochitest/websocketprocessbridge/websocketprocessbridge_requirements.txt (line 7))
16:55:41     INFO -  Requirement already satisfied (use --upgrade to upgrade): psutil==3.1.1 in /builds/slave/test/build/venv/lib/python2.7/site-packages (from -r /builds/slave/test/build/tests/mochitest/websocketprocessbridge/websocketprocessbridge_requirements.txt (line 9))
16:55:41     INFO -  Requirement already satisfied (use --upgrade to upgrade): ipaddr==2.1.11 in /builds/slave/test/build/venv/lib/python2.7/site-packages (from -r /builds/slave/test/build/tests/mochitest/websocketprocessbridge/websocketprocessbridge_requirements.txt (line 12))
16:55:41     INFO -  Requirement already satisfied (use --upgrade to upgrade): passlib==1.6.5 in /builds/slave/test/build/venv/lib/python2.7/site-packages (from -r /builds/slave/test/build/tests/mochitest/websocketprocessbridge/websocketprocessbridge_requirements.txt (line 13))
16:55:41     INFO -  Collecting zope.interface (from twisted==10.2.0->-r /builds/slave/test/build/tests/mochitest/websocketprocessbridge/websocketprocessbridge_requirements.txt (line 4))
16:55:41     INFO -  /builds/slave/test/build/venv/lib/python2.7/site-packages/pip/_vendor/requests/packages/urllib3/util/ssl_.py:318: SNIMissingWarning: An HTTPS request has been made, but the SNI (Subject Name Indication) extension to TLS is not available on this platform. This may cause the server to present an incorrect TLS certificate, which can cause validation failures. You can upgrade to a newer version of Python to solve this. For more information, see https://urllib3.readthedocs.org/en/latest/security.html#snimissingwarning.
16:55:41     INFO -    SNIMissingWarning
16:55:41     INFO -  /builds/slave/test/build/venv/lib/python2.7/site-packages/pip/_vendor/requests/packages/urllib3/util/ssl_.py:122: InsecurePlatformWarning: A true SSLContext object is not available. This prevents urllib3 from configuring SSL appropriately and may cause certain SSL connections to fail. You can upgrade to a newer version of Python to solve this. For more information, see https://urllib3.readthedocs.org/en/latest/security.html#insecureplatformwarning.
16:55:41     INFO -    InsecurePlatformWarning
16:55:43     INFO -  /builds/slave/test/build/venv/lib/python2.7/site-packages/pip/_vendor/requests/packages/urllib3/util/ssl_.py:122: InsecurePlatformWarning: A true SSLContext object is not available. This prevents urllib3 from configuring SSL appropriately and may cause certain SSL connections to fail. You can upgrade to a newer version of Python to solve this. For more information, see https://urllib3.readthedocs.org/en/latest/security.html#insecureplatformwarning.
16:55:43     INFO -    InsecurePlatformWarning
16:55:47     INFO -    Downloading https://pypi.pvt.build.mozilla.org/pub/zope.interface-4.0.2.tar.gz (139kB)
16:55:48     INFO -  Requirement already satisfied (use --upgrade to upgrade): setuptools in /builds/slave/test/build/venv/lib/python2.7/site-packages (from zope.interface->twisted==10.2.0->-r /builds/slave/test/build/tests/mochitest/websocketprocessbridge/websocketprocessbridge_requirements.txt (line 4))
16:55:48     INFO -  Building wheels for collected packages: zope.interface
16:55:48     INFO -    Running setup.py bdist_wheel for zope.interface: started
16:55:50     INFO -    Running setup.py bdist_wheel for zope.interface: finished with status 'done'
16:55:50     INFO -    Stored in directory: /home/cltbld/.cache/pip/wheels/54/5c/71/e718400d2babcda41f4d97864183e1268dab308acc88e22470
16:55:50     INFO -  Successfully built zope.interface
16:55:50     INFO -  Installing collected packages: zope.interface
16:55:50     INFO -  Successfully installed zope.interface-4.0.2
16:55:50     INFO - Return code: 0
16:55:50     INFO - Done creating virtualenv /builds/slave/test/build/venv.
16:55:50     INFO - Getting output from command: ['/builds/slave/test/build/venv/bin/pip', 'freeze']
16:55:50     INFO - Copy/paste: /builds/slave/test/build/venv/bin/pip freeze
16:55:51     INFO - Reading from file tmpfile_stdout
16:55:51     INFO - Reading from file tmpfile_stderr
16:55:51     INFO - Current package versions:
16:55:51     INFO -   Twisted == 10.2.0
16:55:51     INFO -   blessings == 1.6
16:55:51     INFO -   blobuploader == 1.2.4
16:55:51     INFO -   browsermob-proxy == 0.6.0
16:55:51     INFO -   docopt == 0.6.1
16:55:51     INFO -   firefox-puppeteer == 52.1.0
16:55:51     INFO -   functools32 == 3.2.3.post2
16:55:51     INFO -   ipaddr == 2.1.11
16:55:51     INFO -   jsonschema == 2.5.1
16:55:51     INFO -   manifestparser == 1.1
16:55:51     INFO -   marionette-driver == 2.2.0
16:55:51     INFO -   marionette-harness == 4.0.0
16:55:51     INFO -   mock == 1.0.1
16:55:51     INFO -   mozInstall == 1.12
16:55:51     INFO -   mozcrash == 1.0
16:55:51     INFO -   mozdebug == 0.1
16:55:51     INFO -   mozdevice == 0.48
16:55:51     INFO -   mozfile == 1.2
16:55:51     INFO -   mozhttpd == 0.7
16:55:51     INFO -   mozinfo == 0.9
16:55:51     INFO -   mozleak == 0.1
16:55:51     INFO -   mozlog == 3.4
16:55:51     INFO -   moznetwork == 0.27
16:55:51     INFO -   mozprocess == 0.23
16:55:51     INFO -   mozprofile == 0.28
16:55:51     INFO -   mozrunner == 6.13
16:55:51     INFO -   mozscreenshot == 0.1
16:55:51     INFO -   mozsystemmonitor == 0.3
16:55:51     INFO -   moztest == 0.8
16:55:51     INFO -   mozversion == 1.4
16:55:51     INFO -   passlib == 1.6.5
16:55:51     INFO -   psutil == 3.1.1
16:55:51     INFO -   requests == 1.2.3
16:55:51     INFO -   simplejson == 3.3.0
16:55:51     INFO -   six == 1.10.0
16:55:51     INFO -   txWS == 0.9.1
16:55:51     INFO -   wptserve == 1.4.0
16:55:51     INFO -   zope.interface == 4.0.2
16:55:51     INFO - Running post-action listener: _resource_record_post_action
16:55:51     INFO - Running post-action listener: _start_resource_monitoring
16:55:52     INFO - Starting resource monitoring.
16:55:52     INFO - [mozharness: 2018-06-08 23:55:52.033172Z] Finished create-virtualenv step (success)
16:55:52     INFO - [mozharness: 2018-06-08 23:55:52.035530Z] Running install step.
16:55:52     INFO - Running pre-action listener: _resource_record_pre_action
16:55:52     INFO - Running main action method: install
16:55:52     INFO - Getting output from command: ['/builds/slave/test/build/venv/bin/pip', 'freeze']
16:55:52     INFO - Copy/paste: /builds/slave/test/build/venv/bin/pip freeze
16:55:52     INFO - Reading from file tmpfile_stdout
16:55:52     INFO - Reading from file tmpfile_stderr
16:55:52     INFO - Detecting whether we're running mozinstall >=1.0...
16:55:52     INFO - Getting output from command: ['/builds/slave/test/build/venv/bin/mozinstall', '-h']
16:55:52     INFO - Copy/paste: /builds/slave/test/build/venv/bin/mozinstall -h
16:55:53     INFO - Reading from file tmpfile_stdout
16:55:53     INFO - Output received:
16:55:53     INFO -  Usage: mozinstall [options] installer
16:55:53     INFO -  Options:
16:55:53     INFO -    -h, --help            show this help message and exit
16:55:53     INFO -    -d DEST, --destination=DEST
16:55:53     INFO -                          Directory to install application into. [default:
16:55:53     INFO -                          "/builds/slave/test"]
16:55:53     INFO -    --app=APP             Application being installed. [default: firefox]
16:55:53     INFO - mkdir: /builds/slave/test/build/application
16:55:53     INFO - Getting output from command: ['/builds/slave/test/build/venv/bin/mozinstall', '/builds/slave/test/build/installer.tar.bz2', '--destination', '/builds/slave/test/build/application']
16:55:53     INFO - Copy/paste: /builds/slave/test/build/venv/bin/mozinstall /builds/slave/test/build/installer.tar.bz2 --destination /builds/slave/test/build/application
16:56:16     INFO - Reading from file tmpfile_stdout
16:56:16     INFO - Output received:
16:56:16     INFO -  /builds/slave/test/build/application/firefox/firefox
16:56:16     INFO - Running post-action listener: _resource_record_post_action
16:56:16     INFO - [mozharness: 2018-06-08 23:56:16.278614Z] Finished install step (success)
16:56:16     INFO - [mozharness: 2018-06-08 23:56:16.279113Z] Running stage-files step.
16:56:16     INFO - Running pre-action listener: _resource_record_pre_action
16:56:16     INFO - Running main action method: stage_files
16:56:16     INFO - Running post-action listener: _resource_record_post_action
16:56:16     INFO - [mozharness: 2018-06-08 23:56:16.281643Z] Finished stage-files step (success)
16:56:16     INFO - [mozharness: 2018-06-08 23:56:16.282031Z] Running run-tests step.
16:56:16     INFO - Running pre-action listener: _resource_record_pre_action
16:56:16     INFO - Running pre-action listener: _set_gcov_prefix
16:56:16     INFO - Running main action method: run_tests
16:56:16     INFO - Running pre test command disable_screen_saver with 'xset s off s reset'
16:56:16     INFO - Running command: ['xset', 's', 'off', 's', 'reset'] in /builds/slave/test/build
16:56:16     INFO - Copy/paste: xset s off s reset
16:56:16     INFO - Return code: 0
16:56:16     INFO - #### Running mochitest suites
16:56:16     INFO - Structured output parser in use for mochitest.
16:56:16     INFO - grabbing minidump binary from tooltool
16:56:16     INFO - retry: Calling run_command with args: (['/tools/tooltool.py', '--url', 'https://api.pub.build.mozilla.org/tooltool/', '--authentication-file', '/builds/relengapi.tok', 'fetch', '-m', '/builds/slave/test/build/tests/config/tooltool-manifests/linux64/releng.manifest', '-o', '-c', '/builds/tooltool_cache'],), kwargs: {'output_timeout': 600, 'error_list': [{'substr': 'command not found', 'level': 'error'}, {'regex': <_sre.SRE_Pattern object at 0x15bca90>, 'level': 'warning'}, {'substr': 'Traceback (most recent call last)', 'level': 'error'}, {'substr': 'SyntaxError: ', 'level': 'error'}, {'substr': 'TypeError: ', 'level': 'error'}, {'substr': 'NameError: ', 'level': 'error'}, {'substr': 'ZeroDivisionError: ', 'level': 'error'}, {'regex': <_sre.SRE_Pattern object at 0x15be3f0>, 'level': 'critical'}, {'regex': <_sre.SRE_Pattern object at 0x15be670>, 'level': 'critical'}, {'substr': 'ERROR - ', 'level': 'error'}], 'cwd': '/builds/slave/test/build', 'privileged': False}, attempt #1
16:56:16     INFO - Running command: ['/tools/tooltool.py', '--url', 'https://api.pub.build.mozilla.org/tooltool/', '--authentication-file', '/builds/relengapi.tok', 'fetch', '-m', '/builds/slave/test/build/tests/config/tooltool-manifests/linux64/releng.manifest', '-o', '-c', '/builds/tooltool_cache'] in /builds/slave/test/build
16:56:16     INFO - Copy/paste: /tools/tooltool.py --url https://api.pub.build.mozilla.org/tooltool/ --authentication-file /builds/relengapi.tok fetch -m /builds/slave/test/build/tests/config/tooltool-manifests/linux64/releng.manifest -o -c /builds/tooltool_cache
16:56:16     INFO - Calling ['/tools/tooltool.py', '--url', 'https://api.pub.build.mozilla.org/tooltool/', '--authentication-file', '/builds/relengapi.tok', 'fetch', '-m', '/builds/slave/test/build/tests/config/tooltool-manifests/linux64/releng.manifest', '-o', '-c', '/builds/tooltool_cache'] with output_timeout 600
16:56:16     INFO -  INFO - File linux64-minidump_stackwalk not present in local cache folder /builds/tooltool_cache
16:56:16     INFO -  INFO - Attempting to fetch from 'https://api.pub.build.mozilla.org/tooltool/'...
16:56:17     INFO -  INFO - File linux64-minidump_stackwalk fetched from https://api.pub.build.mozilla.org/tooltool/ as /builds/slave/test/build/tmplhqWwh
16:56:17     INFO -  INFO - File integrity verified, renaming tmplhqWwh to linux64-minidump_stackwalk
16:56:17     INFO -  INFO - Updating local cache /builds/tooltool_cache...
16:56:17     INFO -  INFO - Local cache /builds/tooltool_cache updated with linux64-minidump_stackwalk
16:56:17     INFO - Return code: 0
16:56:17     INFO - Chmoding /builds/slave/test/build/linux64-minidump_stackwalk to 0755
16:56:17     INFO - grabbing nodejs binary from tooltool
16:56:17     INFO - retry: Calling run_command with args: (['/tools/tooltool.py', '--url', 'https://api.pub.build.mozilla.org/tooltool/', '--authentication-file', '/builds/relengapi.tok', 'fetch', '-m', '/builds/slave/test/build/tests/config/tooltool-manifests/linux64/nodejs.manifest', '-o', '-c', '/builds/tooltool_cache'],), kwargs: {'output_timeout': 600, 'error_list': [{'substr': 'command not found', 'level': 'error'}, {'regex': <_sre.SRE_Pattern object at 0x15bca90>, 'level': 'warning'}, {'substr': 'Traceback (most recent call last)', 'level': 'error'}, {'substr': 'SyntaxError: ', 'level': 'error'}, {'substr': 'TypeError: ', 'level': 'error'}, {'substr': 'NameError: ', 'level': 'error'}, {'substr': 'ZeroDivisionError: ', 'level': 'error'}, {'regex': <_sre.SRE_Pattern object at 0x15be3f0>, 'level': 'critical'}, {'regex': <_sre.SRE_Pattern object at 0x15be670>, 'level': 'critical'}, {'substr': 'ERROR - ', 'level': 'error'}], 'cwd': '/builds/slave/test/build', 'privileged': False}, attempt #1
16:56:17     INFO - Running command: ['/tools/tooltool.py', '--url', 'https://api.pub.build.mozilla.org/tooltool/', '--authentication-file', '/builds/relengapi.tok', 'fetch', '-m', '/builds/slave/test/build/tests/config/tooltool-manifests/linux64/nodejs.manifest', '-o', '-c', '/builds/tooltool_cache'] in /builds/slave/test/build
16:56:17     INFO - Copy/paste: /tools/tooltool.py --url https://api.pub.build.mozilla.org/tooltool/ --authentication-file /builds/relengapi.tok fetch -m /builds/slave/test/build/tests/config/tooltool-manifests/linux64/nodejs.manifest -o -c /builds/tooltool_cache
16:56:17     INFO - Calling ['/tools/tooltool.py', '--url', 'https://api.pub.build.mozilla.org/tooltool/', '--authentication-file', '/builds/relengapi.tok', 'fetch', '-m', '/builds/slave/test/build/tests/config/tooltool-manifests/linux64/nodejs.manifest', '-o', '-c', '/builds/tooltool_cache'] with output_timeout 600
16:56:17     INFO -  INFO - File node-linux-x64.tar.gz not present in local cache folder /builds/tooltool_cache
16:56:17     INFO -  INFO - Attempting to fetch from 'https://api.pub.build.mozilla.org/tooltool/'...
16:56:19     INFO -  INFO - File node-linux-x64.tar.gz fetched from https://api.pub.build.mozilla.org/tooltool/ as /builds/slave/test/build/tmpajvEyW
16:56:19     INFO -  INFO - File integrity verified, renaming tmpajvEyW to node-linux-x64.tar.gz
16:56:19     INFO -  INFO - Updating local cache /builds/tooltool_cache...
16:56:19     INFO -  INFO - Local cache /builds/tooltool_cache updated with node-linux-x64.tar.gz
16:56:19     INFO -  INFO - untarring "node-linux-x64.tar.gz"
16:56:21     INFO - Return code: 0
16:56:21     INFO - Chmoding /builds/slave/test/build/node-linux-x64/bin/node to 0755
16:56:21     INFO - mkdir: /builds/slave/test/build/blobber_upload_dir
16:56:21     INFO - ENV: MOZ_UPLOAD_DIR is now /builds/slave/test/build/blobber_upload_dir
16:56:21     INFO - ENV: MINIDUMP_STACKWALK is now /builds/slave/test/build/linux64-minidump_stackwalk
16:56:21     INFO - ENV: MOZ_NODE_PATH is now /builds/slave/test/build/node-linux-x64/bin/node
16:56:21     INFO - ENV: MINIDUMP_SAVE_PATH is now /builds/slave/test/build/blobber_upload_dir
16:56:21     INFO - Running command: ['/builds/slave/test/build/venv/bin/python', '-u', '/builds/slave/test/build/tests/mochitest/runtests.py', '--total-chunks', '7', '--this-chunk', '2', '--appname=/builds/slave/test/build/application/firefox/firefox', '--utility-path=tests/bin', '--extra-profile-file=tests/bin/plugins', '--symbols-path=https://queue.taskcluster.net/v1/task/I1iAdq48Sa60c5BCPWswkg/artifacts/public/build/firefox-52.8.2.en-US.linux-x86_64.crashreporter-symbols.zip', '--certificate-path=tests/certs', '--setpref=webgl.force-enabled=true', '--quiet', '--log-raw=/builds/slave/test/build/blobber_upload_dir/browser-chrome-chunked_raw.log', '--log-errorsummary=/builds/slave/test/build/blobber_upload_dir/browser-chrome-chunked_errorsummary.log', '--use-test-media-devices', '--screenshot-on-fail', '--cleanup-crashes', '--marionette-startup-timeout=180', '--log-raw=-', '--flavor=browser', '--chunk-by-runtime'] in /builds/slave/test/build
16:56:21     INFO - Copy/paste: /builds/slave/test/build/venv/bin/python -u /builds/slave/test/build/tests/mochitest/runtests.py --total-chunks 7 --this-chunk 2 --appname=/builds/slave/test/build/application/firefox/firefox --utility-path=tests/bin --extra-profile-file=tests/bin/plugins --symbols-path=https://queue.taskcluster.net/v1/task/I1iAdq48Sa60c5BCPWswkg/artifacts/public/build/firefox-52.8.2.en-US.linux-x86_64.crashreporter-symbols.zip --certificate-path=tests/certs --setpref=webgl.force-enabled=true --quiet --log-raw=/builds/slave/test/build/blobber_upload_dir/browser-chrome-chunked_raw.log --log-errorsummary=/builds/slave/test/build/blobber_upload_dir/browser-chrome-chunked_errorsummary.log --use-test-media-devices --screenshot-on-fail --cleanup-crashes --marionette-startup-timeout=180 --log-raw=- --flavor=browser --chunk-by-runtime
16:56:21     INFO - Using env: {'CCACHE_DIR': '/builds/ccache',
16:56:21     INFO -  'CCACHE_UMASK': '002',
16:56:21     INFO -  'DISPLAY': ':0',
16:56:21     INFO -  'HOME': '/home/cltbld',
16:56:21     INFO -  'LANG': 'en_US.UTF-8',
16:56:21     INFO -  'LOGNAME': 'cltbld',
16:56:21     INFO -  'MAIL': '/var/mail/cltbld',
16:56:21     INFO -  'MINIDUMP_SAVE_PATH': '/builds/slave/test/build/blobber_upload_dir',
16:56:21     INFO -  'MINIDUMP_STACKWALK': '/builds/slave/test/build/linux64-minidump_stackwalk',
16:56:21     INFO -  'MOZ_HIDE_RESULTS_TABLE': '1',
16:56:21     INFO -  'MOZ_NODE_PATH': '/builds/slave/test/build/node-linux-x64/bin/node',
16:56:21     INFO -  'MOZ_NO_REMOTE': '1',
16:56:21     INFO -  'MOZ_UPLOAD_DIR': '/builds/slave/test/build/blobber_upload_dir',
16:56:21     INFO -  'NODE_PATH': '/usr/lib/nodejs:/usr/lib/node_modules:/usr/share/javascript',
16:56:21     INFO -  'NO_FAIL_ON_TEST_ERRORS': '1',
16:56:21     INFO -  'PATH': '/builds/slave/test/build/venv/bin:/usr/local/bin:/usr/local/bin:/usr/bin:/bin:/usr/local/games:/usr/games',
16:56:21     INFO -  'PROPERTIES_FILE': '/builds/slave/test/buildprops.json',
16:56:21     INFO -  'PWD': '/builds/slave/test',
16:56:21     INFO -  'SHELL': '/bin/bash',
16:56:21     INFO -  'SHLVL': '1',
16:56:21     INFO -  'TERM': 'linux',
16:56:21     INFO -  'TMOUT': '86400',
16:56:21     INFO -  'USER': 'cltbld',
16:56:21     INFO -  'XDG_SESSION_COOKIE': '9ca12473fbb1d023794ffd180000023c-1528501930.480850-1865863142',
16:56:21     INFO -  '_': '/tools/buildbot/bin/python'}
16:56:21     INFO - Calling ['/builds/slave/test/build/venv/bin/python', '-u', '/builds/slave/test/build/tests/mochitest/runtests.py', '--total-chunks', '7', '--this-chunk', '2', '--appname=/builds/slave/test/build/application/firefox/firefox', '--utility-path=tests/bin', '--extra-profile-file=tests/bin/plugins', '--symbols-path=https://queue.taskcluster.net/v1/task/I1iAdq48Sa60c5BCPWswkg/artifacts/public/build/firefox-52.8.2.en-US.linux-x86_64.crashreporter-symbols.zip', '--certificate-path=tests/certs', '--setpref=webgl.force-enabled=true', '--quiet', '--log-raw=/builds/slave/test/build/blobber_upload_dir/browser-chrome-chunked_raw.log', '--log-errorsummary=/builds/slave/test/build/blobber_upload_dir/browser-chrome-chunked_errorsummary.log', '--use-test-media-devices', '--screenshot-on-fail', '--cleanup-crashes', '--marionette-startup-timeout=180', '--log-raw=-', '--flavor=browser', '--chunk-by-runtime'] with output_timeout 1000
16:56:21     INFO - Checking for orphan ssltunnel processes...
16:56:22     INFO - Checking for orphan xpcshell processes...
16:56:22     INFO - SUITE-START | Running 158 tests
16:56:22     INFO - TEST-START | browser/components/search/test/browser_abouthome_behavior.js
16:56:22     INFO - TEST-SKIP | browser/components/search/test/browser_abouthome_behavior.js | took 1ms
16:56:22     INFO - TEST-START | browser/components/search/test/browser_searchbar_openpopup.js
16:56:22     INFO - TEST-SKIP | browser/components/search/test/browser_searchbar_openpopup.js | took 0ms
16:56:22     INFO - TEST-START | browser/components/uitour/test/browser_UITour.js
16:56:22     INFO - TEST-SKIP | browser/components/uitour/test/browser_UITour.js | took 0ms
16:56:22     INFO - TEST-START | browser/components/uitour/test/browser_UITour3.js
16:56:22     INFO - TEST-SKIP | browser/components/uitour/test/browser_UITour3.js | took 0ms
16:56:22     INFO - TEST-START | browser/components/uitour/test/browser_UITour_modalDialog.js
16:56:22     INFO - TEST-SKIP | browser/components/uitour/test/browser_UITour_modalDialog.js | took 0ms
16:56:22     INFO - TEST-START | browser/components/uitour/test/browser_UITour_panel_close_annotation.js
16:56:22     INFO - TEST-SKIP | browser/components/uitour/test/browser_UITour_panel_close_annotation.js | took 0ms
16:56:22     INFO - TEST-START | browser/components/uitour/test/browser_UITour_pocket.js
16:56:22     INFO - TEST-SKIP | browser/components/uitour/test/browser_UITour_pocket.js | took 0ms
16:56:22     INFO - TEST-START | browser/components/uitour/test/browser_openSearchPanel.js
16:56:22     INFO - TEST-SKIP | browser/components/uitour/test/browser_openSearchPanel.js | took 0ms
16:56:22     INFO - TEST-START | browser/components/uitour/test/browser_trackingProtection.js
16:56:22     INFO - TEST-SKIP | browser/components/uitour/test/browser_trackingProtection.js | took 0ms
16:56:22     INFO - TEST-START | dom/base/test/browser_pagehide_on_tab_close.js
16:56:22     INFO - TEST-SKIP | dom/base/test/browser_pagehide_on_tab_close.js | took 0ms
16:56:22     INFO - TEST-START | dom/base/test/browser_state_notifications.js
16:56:22     INFO - TEST-SKIP | dom/base/test/browser_state_notifications.js | took 1ms
16:56:22     INFO - TEST-START | toolkit/components/perfmonitoring/tests/browser/browser_compartments.js
16:56:22     INFO - TEST-SKIP | toolkit/components/perfmonitoring/tests/browser/browser_compartments.js | took 0ms
16:56:22     INFO - TEST-START | toolkit/mozapps/extensions/test/browser/browser_about.js
16:56:22     INFO - TEST-SKIP | toolkit/mozapps/extensions/test/browser/browser_about.js | took 0ms
16:56:22     INFO - TEST-START | toolkit/mozapps/extensions/test/browser/browser_bug593535.js
16:56:22     INFO - TEST-SKIP | toolkit/mozapps/extensions/test/browser/browser_bug593535.js | took 0ms
16:56:22     INFO -  dir: browser/base/content/test/captivePortal
16:56:23     INFO -  ImportError: No module named pygtk
16:56:24     INFO -  Setting pipeline to PAUSED ...
16:56:24     INFO -  libv4l2: error getting pixformat: Invalid argument
16:56:24     INFO -  Pipeline is PREROLLING ...
16:56:25     INFO -  Pipeline is PREROLLED ...
16:56:25     INFO -  Setting pipeline to PLAYING ...
16:56:25     INFO -  New clock: GstSystemClock
16:56:25     INFO -  Got EOS from element "pipeline0".
16:56:25     INFO -  Execution ended after 32236323 ns.
16:56:25     INFO -  Setting pipeline to PAUSED ...
16:56:25     INFO -  Setting pipeline to READY ...
16:56:25     INFO -  Setting pipeline to NULL ...
16:56:25     INFO -  Freeing pipeline ...
16:56:25     INFO -  23
16:56:25     INFO -  mozprofile.addons WARNING | Could not install /builds/slave/test/build/tests/mochitest/extensions/mozscreenshots: [Errno 2] No such file or directory: '/builds/slave/test/build/tests/mochitest/extensions/mozscreenshots/install.rdf'
16:56:25     INFO -  pk12util: PKCS12 IMPORT SUCCESSFUL
16:56:25     INFO - MochitestServer : launching [u'/builds/slave/test/build/tests/bin/xpcshell', '-g', '/builds/slave/test/build/application/firefox', '-v', '170', '-f', '/builds/slave/test/build/tests/bin/components/httpd.js', '-e', "const _PROFILE_PATH = '/tmp/tmpGkUC4G.mozrunner'; const _SERVER_PORT = '8888'; const _SERVER_ADDR = '127.0.0.1'; const _TEST_PREFIX = undefined; const _DISPLAY_RESULTS = false;", '-f', '/builds/slave/test/build/tests/mochitest/server.js']
16:56:25     INFO - runtests.py | Server pid: 2451
16:56:25     INFO - runtests.py | Websocket server pid: 2454
16:56:25     INFO - runtests.py | SSL tunnel pid: 2457
16:56:26     INFO - runtests.py | Running with e10s: True
16:56:26     INFO - runtests.py | Running tests: start.
16:56:26     INFO - 
16:56:26     INFO - Application command: /builds/slave/test/build/application/firefox/firefox -marionette -foreground -profile /tmp/tmpGkUC4G.mozrunner
16:56:26     INFO - runtests.py | Application pid: 2479
16:56:26     INFO - TEST-INFO | started process Main app process
16:56:29     INFO - 1528502189430	Marionette	INFO	Listening on port 2828
16:56:35     INFO - *** Start BrowserChrome Test Results ***
16:56:35     INFO - checking window state
16:56:35     INFO - TEST-START | browser/base/content/test/captivePortal/browser_CaptivePortalWatcher.js
16:57:01     INFO - MEMORY STAT vsizeMaxContiguous not supported in this build configuration.
16:57:01     INFO - MEMORY STAT | vsize 2095MB | residentFast 282MB | heapAllocated 126MB
16:57:01     INFO - TEST-OK | browser/base/content/test/captivePortal/browser_CaptivePortalWatcher.js | took 26148ms
16:57:01     INFO - checking window state
16:57:01     INFO - TEST-START | browser/base/content/test/captivePortal/browser_CaptivePortalWatcher_1.js
16:57:07     INFO - MEMORY STAT | vsize 2102MB | residentFast 301MB | heapAllocated 137MB
16:57:07     INFO - TEST-OK | browser/base/content/test/captivePortal/browser_CaptivePortalWatcher_1.js | took 5850ms
16:57:07     INFO - checking window state
16:57:07     INFO - TEST-START | browser/base/content/test/captivePortal/browser_captivePortal_certErrorUI.js
16:57:10     INFO - MEMORY STAT | vsize 2101MB | residentFast 295MB | heapAllocated 132MB
16:57:10     INFO - TEST-OK | browser/base/content/test/captivePortal/browser_captivePortal_certErrorUI.js | took 2924ms
16:57:10     INFO - checking window state
16:57:15     INFO - Completed ShutdownLeaks collections in process 2532
16:57:17     INFO - Completed ShutdownLeaks collections in process 2479
16:57:17     INFO - TEST-START | Shutdown
16:57:17     INFO - Browser Chrome Test Summary
16:57:17     INFO - Passed:  80
16:57:17     INFO - Failed:  0
16:57:17     INFO - Todo:    0
16:57:17     INFO - Mode:    e10s
16:57:17     INFO - *** End BrowserChrome Test Results ***
16:57:18     INFO - TEST-INFO | Main app process: exit 0
16:57:18     INFO - runtests.py | Application ran for: 0:00:52.491065
16:57:18     INFO - zombiecheck | Reading PID log: /tmp/tmp7FaZpwpidlog
16:57:18     INFO - ==> process 2479 launched child process 2500
16:57:18     INFO - ==> process 2479 launched child process 2532
16:57:18     INFO - zombiecheck | Checking for orphan process with PID: 2500
16:57:18     INFO - zombiecheck | Checking for orphan process with PID: 2532
16:57:18     INFO - Stopping web server
16:57:18     INFO - Stopping web socket server
16:57:18     INFO - Stopping ssltunnel
16:57:18  WARNING - leakcheck | refcount logging is off, so leaks can't be detected!
16:57:18     INFO - runtests.py | Running tests: end.
16:57:18     INFO - Buffered messages finished
16:57:18     INFO -  dir: browser/components/search/test
16:57:19     INFO -  Setting pipeline to PAUSED ...
16:57:19     INFO -  Pipeline is PREROLLING ...
16:57:19     INFO -  Pipeline is PREROLLED ...
16:57:19     INFO -  Setting pipeline to PLAYING ...
16:57:19     INFO -  New clock: GstSystemClock
16:57:19     INFO -  Got EOS from element "pipeline0".
16:57:19     INFO -  Execution ended after 32625369 ns.
16:57:19     INFO -  Setting pipeline to PAUSED ...
16:57:19     INFO -  Setting pipeline to READY ...
16:57:19     INFO -  Setting pipeline to NULL ...
16:57:19     INFO -  Freeing pipeline ...
16:57:19     INFO -  mozprofile.addons WARNING | Could not install /builds/slave/test/build/tests/mochitest/extensions/mozscreenshots: [Errno 2] No such file or directory: '/builds/slave/test/build/tests/mochitest/extensions/mozscreenshots/install.rdf'
16:57:19     INFO -  pk12util: PKCS12 IMPORT SUCCESSFUL
16:57:19     INFO - MochitestServer : launching [u'/builds/slave/test/build/tests/bin/xpcshell', '-g', '/builds/slave/test/build/application/firefox', '-v', '170', '-f', '/builds/slave/test/build/tests/bin/components/httpd.js', '-e', "const _PROFILE_PATH = '/tmp/tmpeWUrz0.mozrunner'; const _SERVER_PORT = '8888'; const _SERVER_ADDR = '127.0.0.1'; const _TEST_PREFIX = undefined; const _DISPLAY_RESULTS = false;", '-f', '/builds/slave/test/build/tests/mochitest/server.js']
16:57:19     INFO - runtests.py | Server pid: 2598
16:57:19     INFO - runtests.py | Websocket server pid: 2601
16:57:19     INFO - runtests.py | SSL tunnel pid: 2604
16:57:20     INFO - runtests.py | Running with e10s: True
16:57:20     INFO - runtests.py | Running tests: start.
16:57:20     INFO - 
16:57:20     INFO - Application command: /builds/slave/test/build/application/firefox/firefox -marionette -foreground -profile /tmp/tmpeWUrz0.mozrunner
16:57:20     INFO - runtests.py | Application pid: 2626
16:57:20     INFO - TEST-INFO | started process Main app process
16:57:23     INFO - 1528502243584	Marionette	INFO	Listening on port 2828
16:57:30     INFO - *** Start BrowserChrome Test Results ***
16:57:30     INFO - checking window state
16:57:30     INFO - TEST-START | browser/components/search/test/browser_426329.js
16:57:38     INFO - MEMORY STAT vsizeMaxContiguous not supported in this build configuration.
16:57:38     INFO - MEMORY STAT | vsize 2021MB | residentFast 221MB | heapAllocated 102MB
16:57:38     INFO - TEST-OK | browser/components/search/test/browser_426329.js | took 7822ms
16:57:38     INFO - checking window state
16:57:38     INFO - TEST-START | browser/components/search/test/browser_483086.js
16:57:38     INFO - MEMORY STAT | vsize 2021MB | residentFast 223MB | heapAllocated 104MB
16:57:38     INFO - TEST-OK | browser/components/search/test/browser_483086.js | took 310ms
16:57:39     INFO - checking window state
16:57:39     INFO - TEST-START | browser/components/search/test/browser_aboutSearchReset.js
16:57:43     INFO - MEMORY STAT | vsize 2041MB | residentFast 241MB | heapAllocated 120MB
16:57:43     INFO - TEST-OK | browser/components/search/test/browser_aboutSearchReset.js | took 4020ms
16:57:43     INFO - checking window state
16:57:43     INFO - TEST-START | browser/components/search/test/browser_addEngine.js
16:57:43     INFO - MEMORY STAT | vsize 2041MB | residentFast 243MB | heapAllocated 122MB
16:57:43     INFO - TEST-OK | browser/components/search/test/browser_addEngine.js | took 230ms
16:57:43     INFO - checking window state
16:57:43     INFO - TEST-START | browser/components/search/test/browser_amazon.js
16:57:43     INFO - MEMORY STAT | vsize 2041MB | residentFast 243MB | heapAllocated 122MB
16:57:43     INFO - TEST-OK | browser/components/search/test/browser_amazon.js | took 160ms
16:57:43     INFO - checking window state
16:57:43     INFO - TEST-START | browser/components/search/test/browser_amazon_behavior.js
16:57:45     INFO - MEMORY STAT | vsize 2042MB | residentFast 247MB | heapAllocated 122MB
16:57:45     INFO - TEST-OK | browser/components/search/test/browser_amazon_behavior.js | took 2024ms
16:57:45     INFO - checking window state
16:57:46     INFO - TEST-START | browser/components/search/test/browser_bing.js
16:57:46     INFO - MEMORY STAT | vsize 2042MB | residentFast 238MB | heapAllocated 110MB
16:57:46     INFO - TEST-OK | browser/components/search/test/browser_bing.js | took 468ms
16:57:46     INFO - checking window state
16:57:46     INFO - TEST-START | browser/components/search/test/browser_bing_behavior.js
16:57:48     INFO - MEMORY STAT | vsize 2042MB | residentFast 243MB | heapAllocated 115MB
16:57:48     INFO - TEST-OK | browser/components/search/test/browser_bing_behavior.js | took 1862ms
16:57:48     INFO - checking window state
16:57:48     INFO - TEST-START | browser/components/search/test/browser_contextSearchTabPosition.js
16:57:50     INFO - MEMORY STAT | vsize 2042MB | residentFast 244MB | heapAllocated 115MB
16:57:50     INFO - TEST-OK | browser/components/search/test/browser_contextSearchTabPosition.js | took 1466ms
16:57:50     INFO - checking window state
16:57:50     INFO - TEST-START | browser/components/search/test/browser_contextmenu.js
16:57:52     INFO - MEMORY STAT | vsize 2119MB | residentFast 253MB | heapAllocated 124MB
16:57:52     INFO - TEST-OK | browser/components/search/test/browser_contextmenu.js | took 2412ms
16:57:52     INFO - checking window state
16:57:52     INFO - TEST-START | browser/components/search/test/browser_google.js
16:57:52     INFO - MEMORY STAT | vsize 2119MB | residentFast 254MB | heapAllocated 125MB
16:57:52     INFO - TEST-OK | browser/components/search/test/browser_google.js | took 226ms
16:57:53     INFO - checking window state
16:57:53     INFO - TEST-START | browser/components/search/test/browser_google_behavior.js
16:57:54     INFO - MEMORY STAT | vsize 2119MB | residentFast 249MB | heapAllocated 120MB
16:57:54     INFO - TEST-OK | browser/components/search/test/browser_google_behavior.js | took 1902ms
16:57:55     INFO - checking window state
16:57:55     INFO - TEST-START | browser/components/search/test/browser_google_codes.js
16:57:55     INFO - MEMORY STAT | vsize 2119MB | residentFast 251MB | heapAllocated 122MB
16:57:55     INFO - TEST-OK | browser/components/search/test/browser_google_codes.js | took 304ms
16:57:55     INFO - checking window state
16:57:55     INFO - TEST-START | browser/components/search/test/browser_healthreport.js
16:57:56     INFO - MEMORY STAT | vsize 2119MB | residentFast 253MB | heapAllocated 125MB
16:57:56     INFO - TEST-OK | browser/components/search/test/browser_healthreport.js | took 554ms
16:57:56     INFO - checking window state
16:57:56     INFO - TEST-START | browser/components/search/test/browser_hiddenOneOffs_cleanup.js
16:57:56     INFO - MEMORY STAT | vsize 2119MB | residentFast 253MB | heapAllocated 125MB
16:57:56     INFO - TEST-OK | browser/components/search/test/browser_hiddenOneOffs_cleanup.js | took 288ms
16:57:56     INFO - checking window state
16:57:56     INFO - TEST-START | browser/components/search/test/browser_hiddenOneOffs_diacritics.js
16:57:57     INFO - MEMORY STAT | vsize 2119MB | residentFast 255MB | heapAllocated 127MB
16:57:57     INFO - TEST-OK | browser/components/search/test/browser_hiddenOneOffs_diacritics.js | took 428ms
16:57:57     INFO - checking window state
16:57:57     INFO - TEST-START | browser/components/search/test/browser_oneOffContextMenu.js
16:57:58     INFO - MEMORY STAT | vsize 2119MB | residentFast 262MB | heapAllocated 133MB
16:57:58     INFO - TEST-OK | browser/components/search/test/browser_oneOffContextMenu.js | took 1630ms
16:57:58     INFO - checking window state
16:57:58     INFO - TEST-START | browser/components/search/test/browser_oneOffContextMenu_setDefault.js
16:57:59     INFO - MEMORY STAT | vsize 2124MB | residentFast 269MB | heapAllocated 138MB
16:57:59     INFO - TEST-OK | browser/components/search/test/browser_oneOffContextMenu_setDefault.js | took 810ms
16:57:59     INFO - checking window state
16:57:59     INFO - TEST-START | browser/components/search/test/browser_oneOffHeader.js
16:58:01     INFO - MEMORY STAT | vsize 2124MB | residentFast 249MB | heapAllocated 118MB
16:58:01     INFO - TEST-OK | browser/components/search/test/browser_oneOffHeader.js | took 2064ms
16:58:02     INFO - checking window state
16:58:02     INFO - TEST-START | browser/components/search/test/browser_private_search_perwindowpb.js
16:58:07     INFO - MEMORY STAT | vsize 2154MB | residentFast 271MB | heapAllocated 137MB
16:58:07     INFO - TEST-OK | browser/components/search/test/browser_private_search_perwindowpb.js | took 5298ms
16:58:07     INFO - checking window state
16:58:07     INFO - TEST-START | browser/components/search/test/browser_searchbar_keyboard_navigation.js
16:58:10     INFO - MEMORY STAT | vsize 2155MB | residentFast 263MB | heapAllocated 127MB
16:58:10     INFO - TEST-OK | browser/components/search/test/browser_searchbar_keyboard_navigation.js | took 2412ms
16:58:10     INFO - checking window state
16:58:10     INFO - TEST-START | browser/components/search/test/browser_searchbar_smallpanel_keyboard_navigation.js
16:58:12     INFO - MEMORY STAT | vsize 2158MB | residentFast 273MB | heapAllocated 138MB
16:58:12     INFO - TEST-OK | browser/components/search/test/browser_searchbar_smallpanel_keyboard_navigation.js | took 1788ms
16:58:12     INFO - checking window state
16:58:12     INFO - TEST-START | browser/components/search/test/browser_webapi.js
16:58:18     INFO - MEMORY STAT | vsize 2162MB | residentFast 263MB | heapAllocated 121MB
16:58:18     INFO - TEST-OK | browser/components/search/test/browser_webapi.js | took 6588ms
16:58:18     INFO - checking window state
16:58:21     INFO - Completed ShutdownLeaks collections in process 2680
16:58:23     INFO - Completed ShutdownLeaks collections in process 2626
16:58:23     INFO - TEST-START | Shutdown
16:58:23     INFO - Browser Chrome Test Summary
16:58:23     INFO - Passed:  584
16:58:23     INFO - Failed:  0
16:58:23     INFO - Todo:    0
16:58:23     INFO - Mode:    e10s
16:58:24     INFO - *** End BrowserChrome Test Results ***
16:58:25     INFO - TEST-INFO | Main app process: exit 0
16:58:25     INFO - runtests.py | Application ran for: 0:01:05.235671
16:58:25     INFO - zombiecheck | Reading PID log: /tmp/tmpygHegXpidlog
16:58:25     INFO - ==> process 2626 launched child process 2647
16:58:25     INFO - ==> process 2626 launched child process 2680
16:58:25     INFO - zombiecheck | Checking for orphan process with PID: 2647
16:58:25     INFO - zombiecheck | Checking for orphan process with PID: 2680
16:58:25     INFO - Stopping web server
16:58:25     INFO - Stopping web socket server
16:58:25     INFO - Stopping ssltunnel
16:58:25  WARNING - leakcheck | refcount logging is off, so leaks can't be detected!
16:58:25     INFO - runtests.py | Running tests: end.
16:58:25     INFO - Buffered messages finished
16:58:25     INFO -  dir: browser/components/syncedtabs/test/browser
16:58:25     INFO -  Setting pipeline to PAUSED ...
16:58:25     INFO -  Pipeline is PREROLLING ...
16:58:25     INFO -  Pipeline is PREROLLED ...
16:58:25     INFO -  Setting pipeline to PLAYING ...
16:58:25     INFO -  New clock: GstSystemClock
16:58:25     INFO -  Got EOS from element "pipeline0".
16:58:25     INFO -  Execution ended after 32620559 ns.
16:58:25     INFO -  Setting pipeline to PAUSED ...
16:58:25     INFO -  Setting pipeline to READY ...
16:58:25     INFO -  Setting pipeline to NULL ...
16:58:25     INFO -  Freeing pipeline ...
16:58:25     INFO -  mozprofile.addons WARNING | Could not install /builds/slave/test/build/tests/mochitest/extensions/mozscreenshots: [Errno 2] No such file or directory: '/builds/slave/test/build/tests/mochitest/extensions/mozscreenshots/install.rdf'
16:58:26     INFO -  pk12util: PKCS12 IMPORT SUCCESSFUL
16:58:26     INFO - MochitestServer : launching [u'/builds/slave/test/build/tests/bin/xpcshell', '-g', '/builds/slave/test/build/application/firefox', '-v', '170', '-f', '/builds/slave/test/build/tests/bin/components/httpd.js', '-e', "const _PROFILE_PATH = '/tmp/tmpQoY11M.mozrunner'; const _SERVER_PORT = '8888'; const _SERVER_ADDR = '127.0.0.1'; const _TEST_PREFIX = undefined; const _DISPLAY_RESULTS = false;", '-f', '/builds/slave/test/build/tests/mochitest/server.js']
16:58:26     INFO - runtests.py | Server pid: 2747
16:58:26     INFO - runtests.py | Websocket server pid: 2750
16:58:26     INFO - runtests.py | SSL tunnel pid: 2753
16:58:27     INFO - runtests.py | Running with e10s: True
16:58:27     INFO - runtests.py | Running tests: start.
16:58:27     INFO - 
16:58:27     INFO - Application command: /builds/slave/test/build/application/firefox/firefox -marionette -foreground -profile /tmp/tmpQoY11M.mozrunner
16:58:27     INFO - runtests.py | Application pid: 2775
16:58:27     INFO - TEST-INFO | started process Main app process
16:58:30     INFO - 1528502310108	Marionette	INFO	Listening on port 2828
16:58:35     INFO - *** Start BrowserChrome Test Results ***
16:58:36     INFO - checking window state
16:58:36     INFO - TEST-START | browser/components/syncedtabs/test/browser/browser_sidebar_syncedtabslist.js
16:58:38     INFO - MEMORY STAT vsizeMaxContiguous not supported in this build configuration.
16:58:38     INFO - MEMORY STAT | vsize 2108MB | residentFast 263MB | heapAllocated 140MB
16:58:38     INFO - TEST-OK | browser/components/syncedtabs/test/browser/browser_sidebar_syncedtabslist.js | took 1724ms
16:58:38     INFO - checking window state
16:58:40     INFO - Completed ShutdownLeaks collections in process 2828
16:58:42     INFO - Completed ShutdownLeaks collections in process 2775
16:58:42     INFO - TEST-START | Shutdown
16:58:42     INFO - Browser Chrome Test Summary
16:58:42     INFO - Passed:  172
16:58:42     INFO - Failed:  0
16:58:42     INFO - Todo:    0
16:58:42     INFO - Mode:    e10s
16:58:42     INFO - *** End BrowserChrome Test Results ***
16:58:43     INFO - TEST-INFO | Main app process: exit 0
16:58:43     INFO - runtests.py | Application ran for: 0:00:16.702913
16:58:43     INFO - zombiecheck | Reading PID log: /tmp/tmpbi5Z6Rpidlog
16:58:43     INFO - ==> process 2775 launched child process 2796
16:58:43     INFO - ==> process 2775 launched child process 2828
16:58:43     INFO - zombiecheck | Checking for orphan process with PID: 2796
16:58:43     INFO - zombiecheck | Checking for orphan process with PID: 2828
16:58:43     INFO - Stopping web server
16:58:43     INFO - Stopping web socket server
16:58:43     INFO - Stopping ssltunnel
16:58:43  WARNING - leakcheck | refcount logging is off, so leaks can't be detected!
16:58:43     INFO - runtests.py | Running tests: end.
16:58:43     INFO - Buffered messages finished
16:58:43     INFO -  dir: browser/components/uitour/test
16:58:43     INFO -  Setting pipeline to PAUSED ...
16:58:43     INFO -  Pipeline is PREROLLING ...
16:58:43     INFO -  Pipeline is PREROLLED ...
16:58:43     INFO -  Setting pipeline to PLAYING ...
16:58:43     INFO -  New clock: GstSystemClock
16:58:44     INFO -  Got EOS from element "pipeline0".
16:58:44     INFO -  Execution ended after 32634294 ns.
16:58:44     INFO -  Setting pipeline to PAUSED ...
16:58:44     INFO -  Setting pipeline to READY ...
16:58:44     INFO -  Setting pipeline to NULL ...
16:58:44     INFO -  Freeing pipeline ...
16:58:44     INFO -  mozprofile.addons WARNING | Could not install /builds/slave/test/build/tests/mochitest/extensions/mozscreenshots: [Errno 2] No such file or directory: '/builds/slave/test/build/tests/mochitest/extensions/mozscreenshots/install.rdf'
16:58:44     INFO -  pk12util: PKCS12 IMPORT SUCCESSFUL
16:58:44     INFO - MochitestServer : launching [u'/builds/slave/test/build/tests/bin/xpcshell', '-g', '/builds/slave/test/build/application/firefox', '-v', '170', '-f', '/builds/slave/test/build/tests/bin/components/httpd.js', '-e', "const _PROFILE_PATH = '/tmp/tmpt0TMiZ.mozrunner'; const _SERVER_PORT = '8888'; const _SERVER_ADDR = '127.0.0.1'; const _TEST_PREFIX = undefined; const _DISPLAY_RESULTS = false;", '-f', '/builds/slave/test/build/tests/mochitest/server.js']
16:58:44     INFO - runtests.py | Server pid: 2890
16:58:44     INFO - runtests.py | Websocket server pid: 2893
16:58:44     INFO - runtests.py | SSL tunnel pid: 2896
16:58:45     INFO - runtests.py | Running with e10s: True
16:58:45     INFO - runtests.py | Running tests: start.
16:58:45     INFO - 
16:58:45     INFO - Application command: /builds/slave/test/build/application/firefox/firefox -marionette -foreground -profile /tmp/tmpt0TMiZ.mozrunner
16:58:45     INFO - runtests.py | Application pid: 2918
16:58:45     INFO - TEST-INFO | started process Main app process
16:58:48     INFO - 1528502328258	Marionette	INFO	Listening on port 2828
16:58:53     INFO - *** Start BrowserChrome Test Results ***
16:58:54     INFO - checking window state
16:58:54     INFO - TEST-START | browser/components/uitour/test/browser_UITour2.js
16:58:58     INFO - MEMORY STAT vsizeMaxContiguous not supported in this build configuration.
16:58:58     INFO - MEMORY STAT | vsize 2121MB | residentFast 231MB | heapAllocated 109MB
16:58:58     INFO - TEST-OK | browser/components/uitour/test/browser_UITour2.js | took 4682ms
16:58:59     INFO - checking window state
16:58:59     INFO - TEST-START | browser/components/uitour/test/browser_UITour_annotation_size_attributes.js
16:59:01     INFO - MEMORY STAT | vsize 2113MB | residentFast 225MB | heapAllocated 103MB
16:59:01     INFO - TEST-OK | browser/components/uitour/test/browser_UITour_annotation_size_attributes.js | took 2526ms
16:59:01     INFO - checking window state
16:59:01     INFO - must wait for focus
16:59:01     INFO - TEST-START | browser/components/uitour/test/browser_UITour_availableTargets.js
16:59:03     INFO - 1528502343150	addons.xpi	WARN	Attempting to activate an already active default theme
16:59:03     INFO - 1528502343856	addons.xpi	WARN	Attempting to activate an already active default theme
16:59:04     INFO - MEMORY STAT | vsize 2112MB | residentFast 228MB | heapAllocated 107MB
16:59:04     INFO - TEST-OK | browser/components/uitour/test/browser_UITour_availableTargets.js | took 2162ms
16:59:04     INFO - checking window state
16:59:04     INFO - TEST-START | browser/components/uitour/test/browser_UITour_defaultBrowser.js
16:59:04     INFO - MEMORY STAT | vsize 2112MB | residentFast 229MB | heapAllocated 108MB
16:59:04     INFO - TEST-OK | browser/components/uitour/test/browser_UITour_defaultBrowser.js | took 738ms
16:59:05     INFO - checking window state
16:59:05     INFO - TEST-START | browser/components/uitour/test/browser_UITour_detach_tab.js
16:59:07     INFO - MEMORY STAT | vsize 2132MB | residentFast 234MB | heapAllocated 111MB
16:59:07     INFO - TEST-OK | browser/components/uitour/test/browser_UITour_detach_tab.js | took 2578ms
16:59:07     INFO - checking window state
16:59:07     INFO - must wait for focus
16:59:08     INFO - TEST-START | browser/components/uitour/test/browser_UITour_forceReaderMode.js
16:59:08     INFO - MEMORY STAT | vsize 2132MB | residentFast 235MB | heapAllocated 111MB
16:59:08     INFO - TEST-OK | browser/components/uitour/test/browser_UITour_forceReaderMode.js | took 648ms
16:59:08     INFO - checking window state
16:59:08     INFO - TEST-START | browser/components/uitour/test/browser_UITour_heartbeat.js
16:59:09     INFO - console.error: UITour:
16:59:09     INFO -   showHeartbeat: Invalid learnMore URL specified.
16:59:10     INFO - console.error: UITour:
16:59:10     INFO -   showHeartbeat: Invalid learnMore URL specified.
16:59:12     INFO - console.error: UITour:
16:59:12     INFO -   showHeartbeat: Invalid learnMore URL specified.
16:59:12     INFO - console.error: UITour:
16:59:12     INFO -   showHeartbeat: Invalid URL specified.
16:59:16     INFO - console.error: UITour:
16:59:16     INFO -   showHeartbeat: Invalid learnMore URL specified.
16:59:16     INFO - console.error: UITour:
16:59:16     INFO -   showHeartbeat: Invalid URL specified.
16:59:20     INFO - console.error: UITour:
16:59:20     INFO -   showHeartbeat: Invalid learnMore URL specified.
16:59:20     INFO - console.error: UITour:
16:59:20     INFO -   showHeartbeat: Invalid URL specified.
16:59:24     INFO - console.error: UITour:
16:59:24     INFO -   showHeartbeat: Invalid learnMore URL specified.
16:59:29     INFO - console.error: UITour:
16:59:29     INFO -   showHeartbeat: Invalid learnMore URL specified.
16:59:35     INFO - console.error: UITour:
16:59:35     INFO -   showHeartbeat: Invalid engagementButtonLabel specified
16:59:38     INFO - console.error: UITour:
16:59:38     INFO -   showHeartbeat: Invalid learnMore URL specified.
16:59:43     INFO - console.error: UITour:
16:59:43     INFO -   showHeartbeat: Invalid learnMore URL specified.
16:59:45     INFO - console.error: UITour:
16:59:45     INFO -   showHeartbeat: Invalid learnMore URL specified.
16:59:46     INFO - MEMORY STAT | vsize 2144MB | residentFast 239MB | heapAllocated 109MB
16:59:46     INFO - TEST-OK | browser/components/uitour/test/browser_UITour_heartbeat.js | took 37840ms
16:59:46     INFO - checking window state
16:59:46     INFO - TEST-START | browser/components/uitour/test/browser_UITour_observe.js
16:59:51     INFO - MEMORY STAT | vsize 2144MB | residentFast 245MB | heapAllocated 115MB
16:59:51     INFO - TEST-OK | browser/components/uitour/test/browser_UITour_observe.js | took 4868ms
16:59:51     INFO - checking window state
16:59:51     INFO - TEST-START | browser/components/uitour/test/browser_UITour_registerPageID.js
16:59:54     INFO - MEMORY STAT | vsize 2144MB | residentFast 245MB | heapAllocated 115MB
16:59:54     INFO - TEST-OK | browser/components/uitour/test/browser_UITour_registerPageID.js | took 2428ms
16:59:54     INFO - checking window state
16:59:54     INFO - TEST-START | browser/components/uitour/test/browser_UITour_resetProfile.js
16:59:55     INFO - MEMORY STAT | vsize 2144MB | residentFast 247MB | heapAllocated 116MB
16:59:55     INFO - TEST-OK | browser/components/uitour/test/browser_UITour_resetProfile.js | took 1318ms
16:59:55     INFO - checking window state
16:59:55     INFO - TEST-START | browser/components/uitour/test/browser_UITour_showNewTab.js
16:59:57     INFO - MEMORY STAT | vsize 2142MB | residentFast 246MB | heapAllocated 114MB
16:59:57     INFO - TEST-OK | browser/components/uitour/test/browser_UITour_showNewTab.js | took 1474ms
16:59:57     INFO - checking window state
16:59:57     INFO - TEST-START | browser/components/uitour/test/browser_UITour_sync.js
17:00:14     INFO - MEMORY STAT | vsize 2146MB | residentFast 229MB | heapAllocated 103MB
17:00:14     INFO - TEST-OK | browser/components/uitour/test/browser_UITour_sync.js | took 17244ms
17:00:14     INFO - checking window state
17:00:15     INFO - TEST-START | browser/components/uitour/test/browser_UITour_toggleReaderMode.js
17:00:16     INFO - MEMORY STAT | vsize 2146MB | residentFast 231MB | heapAllocated 105MB
17:00:16     INFO - TEST-OK | browser/components/uitour/test/browser_UITour_toggleReaderMode.js | took 1072ms
17:00:16     INFO - checking window state
17:00:16     INFO - TEST-START | browser/components/uitour/test/browser_backgroundTab.js
17:00:24     INFO - MEMORY STAT | vsize 2187MB | residentFast 234MB | heapAllocated 105MB
17:00:24     INFO - TEST-OK | browser/components/uitour/test/browser_backgroundTab.js | took 7866ms
17:00:24     INFO - checking window state
17:00:24     INFO - TEST-START | browser/components/uitour/test/browser_closeTab.js
17:00:25     INFO - MEMORY STAT | vsize 2187MB | residentFast 230MB | heapAllocated 102MB
17:00:25     INFO - TEST-OK | browser/components/uitour/test/browser_closeTab.js | took 984ms
17:00:25     INFO - checking window state
17:00:25     INFO - TEST-START | browser/components/uitour/test/browser_fxa.js
17:00:28     INFO - MEMORY STAT | vsize 2187MB | residentFast 235MB | heapAllocated 107MB
17:00:28     INFO - TEST-OK | browser/components/uitour/test/browser_fxa.js | took 2696ms
17:00:28     INFO - checking window state
17:00:28     INFO - must wait for focus
17:00:28     INFO - TEST-START | browser/components/uitour/test/browser_no_tabs.js
17:00:28     INFO - MEMORY STAT | vsize 2187MB | residentFast 237MB | heapAllocated 109MB
17:00:28     INFO - TEST-OK | browser/components/uitour/test/browser_no_tabs.js | took 242ms
17:00:28     INFO - checking window state
17:00:29     INFO - TEST-START | browser/components/uitour/test/browser_openPreferences.js
17:00:35     INFO - MEMORY STAT | vsize 2187MB | residentFast 240MB | heapAllocated 113MB
17:00:35     INFO - TEST-OK | browser/components/uitour/test/browser_openPreferences.js | took 6258ms
17:00:35     INFO - checking window state
17:00:35     INFO - TEST-START | browser/components/uitour/test/browser_showMenu_controlCenter.js
17:00:38     INFO - MEMORY STAT | vsize 2189MB | residentFast 239MB | heapAllocated 110MB
17:00:38     INFO - TEST-OK | browser/components/uitour/test/browser_showMenu_controlCenter.js | took 3012ms
17:00:38     INFO - checking window state
17:00:38     INFO - must wait for focus
17:00:38     INFO - TEST-START | browser/components/uitour/test/browser_trackingProtection_tour.js
17:00:43     INFO - MEMORY STAT | vsize 2188MB | residentFast 240MB | heapAllocated 109MB
17:00:43     INFO - TEST-OK | browser/components/uitour/test/browser_trackingProtection_tour.js | took 4594ms
17:00:43     INFO - checking window state
17:00:43     INFO - must wait for focus
17:00:46     INFO - Completed ShutdownLeaks collections in process 2972
17:00:48     INFO - Completed ShutdownLeaks collections in process 2918
17:00:48     INFO - TEST-START | Shutdown
17:00:48     INFO - Browser Chrome Test Summary
17:00:48     INFO - Passed:  772
17:00:48     INFO - Failed:  0
17:00:48     INFO - Todo:    0
17:00:48     INFO - Mode:    e10s
17:00:48     INFO - *** End BrowserChrome Test Results ***
17:00:49     INFO - 1528502449100	FirefoxAccounts	ERROR	error POSTing /certificate/sign: {"error":{},"errorString":"[Exception... \"NS_ERROR_ABORT\"  nsresult: \"0x80004004 (NS_ERROR_ABORT)\"  location: \"JS frame :: resource://services-common/rest.js :: onStopRequest :: line 483\"  data: no]","message":null,"code":null,"errno":null}
17:00:49     INFO - 1528502449106	FirefoxAccounts	ERROR	HAWK.signCertificate error: {"error":{},"errorString":"[Exception... \"NS_ERROR_ABORT\"  nsresult: \"0x80004004 (NS_ERROR_ABORT)\"  location: \"JS frame :: resource://services-common/rest.js :: onStopRequest :: line 483\"  data: no]","message":null,"code":null,"errno":null}
17:00:49     INFO - 1528502449110	FirefoxAccounts	ERROR	FxA rejecting with error UNKNOWN_ERROR, details: {"error":{},"errorString":"[Exception... \"NS_ERROR_ABORT\"  nsresult: \"0x80004004 (NS_ERROR_ABORT)\"  location: \"JS frame :: resource://services-common/rest.js :: onStopRequest :: line 483\"  data: no]","message":null,"code":null,"errno":null}
17:00:49     INFO - 1528502449132	FirefoxAccounts	ERROR	Could not retrieve profile data: Error: UNKNOWN_ERROR (resource://gre/modules/FxAccounts.jsm:1484:18) JS Stack trace: FxAccountsInternal.prototype._error@FxAccounts.jsm:1484:18 < FxAccountsInternal.prototype._errorToErrorClass@FxAccounts.jsm:1479:12 < FxAccountsInternal.prototype.getOAuthToken<@FxAccounts.jsm:1415:13 < this.FxAccountsProfileClient.prototype._createRequest<@FxAccountsProfileClient.jsm:87:21 < this.FxAccountsProfileClient.prototype.fetchProfile@FxAccountsProfileClient.jsm:197:12 < this.FxAccountsProfile.prototype._fetchAndCacheProfile@FxAccountsProfile.jsm:147:35 < this.FxAccountsProfile.prototype.getProfile/<@FxAccountsProfile.jsm:180:16
17:00:49     INFO - 1528502449138	FirefoxAccounts	ERROR	Could not retrieve profile data: Error: UNKNOWN_ERROR (resource://gre/modules/FxAccounts.jsm:1484:18) JS Stack trace: FxAccountsInternal.prototype._error@FxAccounts.jsm:1484:18 < FxAccountsInternal.prototype._errorToErrorClass@FxAccounts.jsm:1479:12 < FxAccountsInternal.prototype.getOAuthToken<@FxAccounts.jsm:1415:13 < this.FxAccountsProfileClient.prototype._createRequest<@FxAccountsProfileClient.jsm:87:21 < this.FxAccountsProfileClient.prototype.fetchProfile@FxAccountsProfileClient.jsm:197:12 < this.FxAccountsProfile.prototype._fetchAndCacheProfile@FxAccountsProfile.jsm:147:35 < this.FxAccountsProfile.prototype.getProfile/<@FxAccountsProfile.jsm:180:16
17:00:49     INFO - 1528502449148	FirefoxAccounts	ERROR	FxA rejecting with error UNKNOWN_ERROR, details: Error: A different user signed in (resource://gre/modules/FxAccounts.jsm:188:29) JS Stack trace: AccountState.prototype.reject@FxAccounts.jsm:188:29 < FxAccountsInternal.prototype.getSignedInUserProfile/<@FxAccounts.jsm:1522:16
17:00:49     INFO - 1528502449154	FirefoxAccounts	ERROR	FxA rejecting with error UNKNOWN_ERROR, details: Error: A different user signed in (resource://gre/modules/FxAccounts.jsm:188:29) JS Stack trace: AccountState.prototype.reject@FxAccounts.jsm:188:29 < FxAccountsInternal.prototype.getSignedInUserProfile/<@FxAccounts.jsm:1522:16
17:00:50     INFO - TEST-INFO | Main app process: exit 0
17:00:50     INFO - runtests.py | Application ran for: 0:02:04.909207
17:00:50     INFO - zombiecheck | Reading PID log: /tmp/tmpJnWtrxpidlog
17:00:50     INFO - ==> process 2918 launched child process 2939
17:00:50     INFO - ==> process 2918 launched child process 2972
17:00:50     INFO - zombiecheck | Checking for orphan process with PID: 2939
17:00:50     INFO - zombiecheck | Checking for orphan process with PID: 2972
17:00:50     INFO - Stopping web server
17:00:50     INFO - Stopping web socket server
17:00:50     INFO - Stopping ssltunnel
17:00:50  WARNING - leakcheck | refcount logging is off, so leaks can't be detected!
17:00:50     INFO - runtests.py | Running tests: end.
17:00:50     INFO - Buffered messages finished
17:00:50     INFO -  dir: browser/extensions/pdfjs/test
17:00:50     INFO -  Setting pipeline to PAUSED ...
17:00:50     INFO -  Pipeline is PREROLLING ...
17:00:50     INFO -  Pipeline is PREROLLED ...
17:00:50     INFO -  Setting pipeline to PLAYING ...
17:00:50     INFO -  New clock: GstSystemClock
17:00:50     INFO -  Got EOS from element "pipeline0".
17:00:50     INFO -  Execution ended after 32708430 ns.
17:00:50     INFO -  Setting pipeline to PAUSED ...
17:00:50     INFO -  Setting pipeline to READY ...
17:00:50     INFO -  Setting pipeline to NULL ...
17:00:50     INFO -  Freeing pipeline ...
17:00:50     INFO -  mozprofile.addons WARNING | Could not install /builds/slave/test/build/tests/mochitest/extensions/mozscreenshots: [Errno 2] No such file or directory: '/builds/slave/test/build/tests/mochitest/extensions/mozscreenshots/install.rdf'
17:00:50     INFO -  pk12util: PKCS12 IMPORT SUCCESSFUL
17:00:50     INFO - MochitestServer : launching [u'/builds/slave/test/build/tests/bin/xpcshell', '-g', '/builds/slave/test/build/application/firefox', '-v', '170', '-f', '/builds/slave/test/build/tests/bin/components/httpd.js', '-e', "const _PROFILE_PATH = '/tmp/tmp_OJHu8.mozrunner'; const _SERVER_PORT = '8888'; const _SERVER_ADDR = '127.0.0.1'; const _TEST_PREFIX = undefined; const _DISPLAY_RESULTS = false;", '-f', '/builds/slave/test/build/tests/mochitest/server.js']
17:00:50     INFO - runtests.py | Server pid: 3046
17:00:51     INFO - runtests.py | Websocket server pid: 3049
17:00:51     INFO - runtests.py | SSL tunnel pid: 3052
17:00:51     INFO - runtests.py | Running with e10s: True
17:00:51     INFO - runtests.py | Running tests: start.
17:00:51     INFO - 
17:00:51     INFO - Application command: /builds/slave/test/build/application/firefox/firefox -marionette -foreground -profile /tmp/tmp_OJHu8.mozrunner
17:00:51     INFO - runtests.py | Application pid: 3074
17:00:51     INFO - TEST-INFO | started process Main app process
17:00:54     INFO - 1528502454792	Marionette	INFO	Listening on port 2828
17:01:00     INFO - *** Start BrowserChrome Test Results ***
17:01:00     INFO - checking window state
17:01:00     INFO - TEST-START | browser/extensions/pdfjs/test/browser_pdfjs_main.js
17:01:05     INFO - MEMORY STAT vsizeMaxContiguous not supported in this build configuration.
17:01:05     INFO - MEMORY STAT | vsize 2010MB | residentFast 216MB | heapAllocated 98MB
17:01:05     INFO - TEST-OK | browser/extensions/pdfjs/test/browser_pdfjs_main.js | took 4992ms
17:01:06     INFO - checking window state
17:01:06     INFO - TEST-START | browser/extensions/pdfjs/test/browser_pdfjs_navigation.js
17:01:12     INFO - MEMORY STAT | vsize 2006MB | residentFast 209MB | heapAllocated 94MB
17:01:12     INFO - TEST-OK | browser/extensions/pdfjs/test/browser_pdfjs_navigation.js | took 6814ms
17:01:13     INFO - checking window state
17:01:13     INFO - TEST-START | browser/extensions/pdfjs/test/browser_pdfjs_savedialog.js
17:01:14     INFO - MEMORY STAT | vsize 2023MB | residentFast 212MB | heapAllocated 97MB
17:01:14     INFO - TEST-OK | browser/extensions/pdfjs/test/browser_pdfjs_savedialog.js | took 1022ms
17:01:14     INFO - checking window state
17:01:14     INFO - TEST-START | browser/extensions/pdfjs/test/browser_pdfjs_views.js
17:01:18     INFO - MEMORY STAT | vsize 2023MB | residentFast 208MB | heapAllocated 92MB
17:01:18     INFO - TEST-OK | browser/extensions/pdfjs/test/browser_pdfjs_views.js | took 4136ms
17:01:18     INFO - checking window state
17:01:18     INFO - TEST-START | browser/extensions/pdfjs/test/browser_pdfjs_zoom.js
17:01:26     INFO - MEMORY STAT | vsize 2023MB | residentFast 207MB | heapAllocated 91MB
17:01:26     INFO - TEST-OK | browser/extensions/pdfjs/test/browser_pdfjs_zoom.js | took 8274ms
17:01:26     INFO - checking window state
17:01:28     INFO - Completed ShutdownLeaks collections in process 3127
17:01:30     INFO - Completed ShutdownLeaks collections in process 3074
17:01:30     INFO - TEST-START | Shutdown
17:01:30     INFO - Browser Chrome Test Summary
17:01:30     INFO - Passed:  77
17:01:30     INFO - Failed:  0
17:01:30     INFO - Todo:    0
17:01:30     INFO - Mode:    e10s
17:01:30     INFO - *** End BrowserChrome Test Results ***
17:01:32     INFO - TEST-INFO | Main app process: exit 0
17:01:32     INFO - runtests.py | Application ran for: 0:00:40.787251
17:01:32     INFO - zombiecheck | Reading PID log: /tmp/tmpdyWzVXpidlog
17:01:32     INFO - ==> process 3074 launched child process 3095
17:01:32     INFO - ==> process 3074 launched child process 3127
17:01:32     INFO - zombiecheck | Checking for orphan process with PID: 3095
17:01:32     INFO - zombiecheck | Checking for orphan process with PID: 3127
17:01:32     INFO - Stopping web server
17:01:32     INFO - Stopping web socket server
17:01:32     INFO - Stopping ssltunnel
17:01:32  WARNING - leakcheck | refcount logging is off, so leaks can't be detected!
17:01:32     INFO - runtests.py | Running tests: end.
17:01:32     INFO - Buffered messages finished
17:01:32     INFO -  dir: dom/base/test
17:01:32     INFO -  Setting pipeline to PAUSED ...
17:01:32     INFO -  Pipeline is PREROLLING ...
17:01:32     INFO -  Pipeline is PREROLLED ...
17:01:32     INFO -  Setting pipeline to PLAYING ...
17:01:32     INFO -  New clock: GstSystemClock
17:01:32     INFO -  Got EOS from element "pipeline0".
17:01:32     INFO -  Execution ended after 32545453 ns.
17:01:32     INFO -  Setting pipeline to PAUSED ...
17:01:32     INFO -  Setting pipeline to READY ...
17:01:32     INFO -  Setting pipeline to NULL ...
17:01:32     INFO -  Freeing pipeline ...
17:01:32     INFO -  mozprofile.addons WARNING | Could not install /builds/slave/test/build/tests/mochitest/extensions/mozscreenshots: [Errno 2] No such file or directory: '/builds/slave/test/build/tests/mochitest/extensions/mozscreenshots/install.rdf'
17:01:33     INFO -  pk12util: PKCS12 IMPORT SUCCESSFUL
17:01:33     INFO - MochitestServer : launching [u'/builds/slave/test/build/tests/bin/xpcshell', '-g', '/builds/slave/test/build/application/firefox', '-v', '170', '-f', '/builds/slave/test/build/tests/bin/components/httpd.js', '-e', "const _PROFILE_PATH = '/tmp/tmpfqNd7P.mozrunner'; const _SERVER_PORT = '8888'; const _SERVER_ADDR = '127.0.0.1'; const _TEST_PREFIX = undefined; const _DISPLAY_RESULTS = false;", '-f', '/builds/slave/test/build/tests/mochitest/server.js']
17:01:33     INFO - runtests.py | Server pid: 3195
17:01:33     INFO - runtests.py | Websocket server pid: 3198
17:01:33     INFO - runtests.py | SSL tunnel pid: 3201
17:01:33     INFO - runtests.py | Running with e10s: True
17:01:33     INFO - runtests.py | Running tests: start.
17:01:33     INFO - 
17:01:33     INFO - Application command: /builds/slave/test/build/application/firefox/firefox -marionette -foreground -profile /tmp/tmpfqNd7P.mozrunner
17:01:33     INFO - runtests.py | Application pid: 3223
17:01:33     INFO - TEST-INFO | started process Main app process
17:01:36     INFO - 1528502496944	Marionette	INFO	Listening on port 2828
17:01:42     INFO - *** Start BrowserChrome Test Results ***
17:01:42     INFO - checking window state
17:01:43     INFO - TEST-START | dom/base/test/browser_bug1011748.js
17:01:43     INFO - MEMORY STAT vsizeMaxContiguous not supported in this build configuration.
17:01:43     INFO - MEMORY STAT | vsize 2002MB | residentFast 237MB | heapAllocated 124MB
17:01:43     INFO - TEST-OK | dom/base/test/browser_bug1011748.js | took 334ms
17:01:43     INFO - checking window state
17:01:43     INFO - TEST-START | dom/base/test/browser_bug1058164.js
17:01:45     INFO - JavaScript error: resource://app/modules/URLBarZoom.jsm, line 24: TypeError: win is null
17:01:45     INFO - JavaScript error: resource://app/modules/URLBarZoom.jsm, line 24: TypeError: win is null
17:01:46     INFO - MEMORY STAT | vsize 2045MB | residentFast 259MB | heapAllocated 136MB
17:01:46     INFO - TEST-OK | dom/base/test/browser_bug1058164.js | took 2540ms
17:01:46     INFO - checking window state
17:01:46     INFO - TEST-START | dom/base/test/browser_bug1307747.js
17:01:48     INFO - MEMORY STAT | vsize 2054MB | residentFast 256MB | heapAllocated 133MB
17:01:48     INFO - TEST-OK | dom/base/test/browser_bug1307747.js | took 2854ms
17:01:49     INFO - checking window state
17:01:49     INFO - TEST-START | dom/base/test/browser_bug593387.js
17:01:50     INFO - MEMORY STAT | vsize 2056MB | residentFast 260MB | heapAllocated 137MB
17:01:50     INFO - TEST-OK | dom/base/test/browser_bug593387.js | took 1808ms
17:01:51     INFO - checking window state
17:01:51     INFO - TEST-START | dom/base/test/browser_bug902350.js
17:01:52     INFO - MEMORY STAT | vsize 2064MB | residentFast 262MB | heapAllocated 139MB
17:01:52     INFO - TEST-OK | dom/base/test/browser_bug902350.js | took 1530ms
17:01:52     INFO - checking window state
17:01:52     INFO - TEST-START | dom/base/test/browser_messagemanager_loadprocessscript.js
17:01:54     INFO - MEMORY STAT | vsize 2064MB | residentFast 263MB | heapAllocated 140MB
17:01:54     INFO - TEST-OK | dom/base/test/browser_messagemanager_loadprocessscript.js | took 1970ms
17:01:54     INFO - checking window state
17:01:54     INFO - TEST-START | dom/base/test/browser_messagemanager_targetframeloader.js
17:01:55     INFO - MEMORY STAT | vsize 2064MB | residentFast 265MB | heapAllocated 142MB
17:01:55     INFO - TEST-OK | dom/base/test/browser_messagemanager_targetframeloader.js | took 396ms
17:01:55     INFO - checking window state
17:01:55     INFO - TEST-START | dom/base/test/browser_messagemanager_unload.js
17:01:56     INFO - MEMORY STAT | vsize 2064MB | residentFast 262MB | heapAllocated 138MB
17:01:56     INFO - TEST-OK | dom/base/test/browser_messagemanager_unload.js | took 778ms
17:01:56     INFO - checking window state
17:01:56     INFO - TEST-START | dom/base/test/browser_use_counters.js

command interrupted, attempting to kill
process killed by signal 9
program finished with exit code -1
elapsedTime=602.598090
The web-page 'stop build' button was pressed by 'rvandermeulen@mozilla.com': Cancelled via self-serve
========= master_lag: -0.09 =========
========= Finished '/tools/buildbot/bin/python scripts/scripts/desktop_unittest.py ...' interrupted (results: 4, elapsed: 10 mins, 2 secs) (at 2018-06-08 17:02:15.947763) =========

========= Started set props: build_url (results: 0, elapsed: 0 secs) (at 2018-06-08 17:02:15.948977) =========
bash -c 'for file in `ls -1`; do cat $file; done'
 in dir /builds/slave/test/properties (timeout 1200 secs)
 watching logfiles {}
 argv: ['bash', '-c', 'for file in `ls -1`; do cat $file; done']
 environment:
  HOME=/home/cltbld
  LANG=en_US.UTF-8
  LOGNAME=cltbld
  MAIL=/var/mail/cltbld
  NODE_PATH=/usr/lib/nodejs:/usr/lib/node_modules:/usr/share/javascript
  PATH=/usr/local/bin:/usr/local/bin:/usr/bin:/bin:/usr/local/games:/usr/games
  PWD=/builds/slave/test/properties
  SHELL=/bin/bash
  SHLVL=1
  TERM=linux
  TMOUT=86400
  USER=cltbld
  XDG_SESSION_COOKIE=9ca12473fbb1d023794ffd180000023c-1528501930.480850-1865863142
  _=/tools/buildbot/bin/python
 using PTY: False
build_url:https://queue.taskcluster.net/v1/task/I1iAdq48Sa60c5BCPWswkg/artifacts/public/build/firefox-52.8.2.en-US.linux-x86_64.tar.bz2
program finished with exit code 0
elapsedTime=0.065351
build_url: 'https://queue.taskcluster.net/v1/task/I1iAdq48Sa60c5BCPWswkg/artifacts/public/build/firefox-52.8.2.en-US.linux-x86_64.tar.bz2'
========= master_lag: 0.02 =========
========= Finished set props: build_url (results: 0, elapsed: 0 secs) (at 2018-06-08 17:02:16.032802) =========

========= Started 'rm -f ...' (results: 0, elapsed: 0 secs) (at 2018-06-08 17:02:16.033343) =========
rm -f oauth.txt
 in dir /builds/slave/test/. (timeout 1200 secs)
 watching logfiles {}
 argv: ['rm', '-f', 'oauth.txt']
 environment:
  HOME=/home/cltbld
  LANG=en_US.UTF-8
  LOGNAME=cltbld
  MAIL=/var/mail/cltbld
  NODE_PATH=/usr/lib/nodejs:/usr/lib/node_modules:/usr/share/javascript
  PATH=/usr/local/bin:/usr/local/bin:/usr/bin:/bin:/usr/local/games:/usr/games
  PWD=/builds/slave/test
  SHELL=/bin/bash
  SHLVL=1
  TERM=linux
  TMOUT=86400
  USER=cltbld
  XDG_SESSION_COOKIE=9ca12473fbb1d023794ffd180000023c-1528501930.480850-1865863142
  _=/tools/buildbot/bin/python
 using PTY: False
program finished with exit code 0
elapsedTime=0.022798
========= master_lag: 0.05 =========
========= Finished 'rm -f ...' (results: 0, elapsed: 0 secs) (at 2018-06-08 17:02:16.103388) =========

========= Started reboot skipped (results: 3, elapsed: 0 secs) (at 2018-06-08 17:02:16.103919) =========
========= Finished reboot skipped (results: 3, elapsed: 0 secs) (at 2018-06-08 17:02:16.104349) =========

========= Total master_lag: 0.04 =========

