builder: mozilla-esr52_ubuntu64_vm_test_pgo-mochitest-devtools-chrome-2
slave: tst-linux64-spot-013
starttime: 1528501965.27
results: cancelled (6)
buildid: 20180608150819
builduid: b298b373e93d4f8dbf92436c9ed838a2
revision: cbfdf01aac455e0591471201c96b89dee98190b5

========= Started set props: master (results: 0, elapsed: 0 secs) (at 2018-06-08 16:52:45.273124) =========
master: http://buildbot-master52.bb.releng.use1.mozilla.com:8201/
========= Finished set props: master (results: 0, elapsed: 0 secs) (at 2018-06-08 16:52:45.273573) =========

========= Started downloading to buildprops.json (results: 0, elapsed: 0 secs) (at 2018-06-08 16:52:45.273863) =========
========= Finished downloading to buildprops.json (results: 0, elapsed: 0 secs) (at 2018-06-08 16:52:45.428704) =========

========= Started 'bash -c ...' (results: 0, elapsed: 0 secs) (at 2018-06-08 16:52:45.429006) =========
bash -c 'wget -Oarchiver_client.py --no-check-certificate --tries=10 --waitretry=3 https://hg.mozilla.org/build/tools/raw-file/default/buildfarm/utils/archiver_client.py'
 in dir /builds/slave/test/. (timeout 1200 secs)
 watching logfiles {}
 argv: ['bash', '-c', 'wget -Oarchiver_client.py --no-check-certificate --tries=10 --waitretry=3 https://hg.mozilla.org/build/tools/raw-file/default/buildfarm/utils/archiver_client.py']
 environment:
  HOME=/home/cltbld
  LANG=en_US.UTF-8
  LOGNAME=cltbld
  MAIL=/var/mail/cltbld
  NODE_PATH=/usr/lib/nodejs:/usr/lib/node_modules:/usr/share/javascript
  PATH=/usr/local/bin:/usr/local/bin:/usr/bin:/bin:/usr/local/games:/usr/games
  PWD=/builds/slave/test
  SHELL=/bin/bash
  SHLVL=1
  TERM=linux
  TMOUT=86400
  USER=cltbld
  XDG_SESSION_COOKIE=9ca12473fbb1d023794ffd180000023c-1528501962.423676-1463798326
  _=/tools/buildbot/bin/python
 using PTY: False
--2018-06-08 16:52:45--  https://hg.mozilla.org/build/tools/raw-file/default/buildfarm/utils/archiver_client.py
Resolving hg.mozilla.org (hg.mozilla.org)... 63.245.215.102, 63.245.215.25
Connecting to hg.mozilla.org (hg.mozilla.org)|63.245.215.102|:443... connected.
HTTP request sent, awaiting response... 200 Script output follows
Length: 12179 (12K) [text/x-python]
Saving to: `archiver_client.py'

     0K .......... .                                          100%  173K=0.07s

2018-06-08 16:52:46 (173 KB/s) - `archiver_client.py' saved [12179/12179]

program finished with exit code 0
elapsedTime=0.638608
========= master_lag: 0.01 =========
========= Finished 'bash -c ...' (results: 0, elapsed: 0 secs) (at 2018-06-08 16:52:46.081146) =========

========= Started 'rm -rf ...' (results: 0, elapsed: 0 secs) (at 2018-06-08 16:52:46.081460) =========
rm -rf scripts properties
 in dir /builds/slave/test/. (timeout 1200 secs)
 watching logfiles {}
 argv: ['rm', '-rf', 'scripts', 'properties']
 environment:
  HOME=/home/cltbld
  LANG=en_US.UTF-8
  LOGNAME=cltbld
  MAIL=/var/mail/cltbld
  NODE_PATH=/usr/lib/nodejs:/usr/lib/node_modules:/usr/share/javascript
  PATH=/usr/local/bin:/usr/local/bin:/usr/bin:/bin:/usr/local/games:/usr/games
  PWD=/builds/slave/test
  SHELL=/bin/bash
  SHLVL=1
  TERM=linux
  TMOUT=86400
  USER=cltbld
  XDG_SESSION_COOKIE=9ca12473fbb1d023794ffd180000023c-1528501962.423676-1463798326
  _=/tools/buildbot/bin/python
 using PTY: False
program finished with exit code 0
elapsedTime=0.018651
========= master_lag: 0.04 =========
========= Finished 'rm -rf ...' (results: 0, elapsed: 0 secs) (at 2018-06-08 16:52:46.138990) =========

========= Started 'bash -c ...' (results: 0, elapsed: 2 secs) (at 2018-06-08 16:52:46.139316) =========
bash -c 'python archiver_client.py mozharness --repo releases/mozilla-esr52 --rev cbfdf01aac455e0591471201c96b89dee98190b5 --destination scripts --debug'
 in dir /builds/slave/test/. (timeout 1200 secs)
 watching logfiles {}
 argv: ['bash', '-c', u'python archiver_client.py mozharness --repo releases/mozilla-esr52 --rev cbfdf01aac455e0591471201c96b89dee98190b5 --destination scripts --debug']
 environment:
  HOME=/home/cltbld
  LANG=en_US.UTF-8
  LOGNAME=cltbld
  MAIL=/var/mail/cltbld
  NODE_PATH=/usr/lib/nodejs:/usr/lib/node_modules:/usr/share/javascript
  PATH=/usr/local/bin:/usr/local/bin:/usr/bin:/bin:/usr/local/games:/usr/games
  PWD=/builds/slave/test
  SHELL=/bin/bash
  SHLVL=1
  TERM=linux
  TMOUT=86400
  USER=cltbld
  XDG_SESSION_COOKIE=9ca12473fbb1d023794ffd180000023c-1528501962.423676-1463798326
  _=/tools/buildbot/bin/python
 using PTY: False
2018-06-08 16:52:46,247 truncating revision to first 12 chars
2018-06-08 16:52:46,247 Setting DEBUG logging.
2018-06-08 16:52:46,248 attempt 1/10
2018-06-08 16:52:46,248 Getting archive location from https://api.pub.build.mozilla.org/archiver/hgmo/releases/mozilla-esr52/cbfdf01aac45?&preferred_region=us-west-2&suffix=tar.gz&subdir=testing/mozharness
2018-06-08 16:52:47,999 unpacking tar archive at: mozilla-esr52-cbfdf01aac45/testing/mozharness/
program finished with exit code 0
elapsedTime=2.848621
========= master_lag: 0.01 =========
========= Finished 'bash -c ...' (results: 0, elapsed: 2 secs) (at 2018-06-08 16:52:49.000090) =========

========= Started set props: script_repo_revision (results: 0, elapsed: 0 secs) (at 2018-06-08 16:52:49.000409) =========
script_repo_revision: cbfdf01aac455e0591471201c96b89dee98190b5
========= Finished set props: script_repo_revision (results: 0, elapsed: 0 secs) (at 2018-06-08 16:52:49.000819) =========

========= Started downloading to oauth.txt (results: 0, elapsed: 0 secs) (at 2018-06-08 16:52:49.001119) =========
========= Finished downloading to oauth.txt (results: 0, elapsed: 0 secs) (at 2018-06-08 16:52:49.011279) =========

========= Started '/tools/buildbot/bin/python scripts/scripts/desktop_unittest.py ...' interrupted (results: 4, elapsed: 9 mins, 6 secs) (at 2018-06-08 16:52:49.011561) =========
/tools/buildbot/bin/python scripts/scripts/desktop_unittest.py --cfg unittests/linux_unittest.py --mochitest-suite mochitest-devtools-chrome-chunked --total-chunks 8 --this-chunk 2 --blob-upload-branch mozilla-esr52 --download-symbols ondemand
 in dir /builds/slave/test/. (timeout 1800 secs) (maxTime 4800 secs)
 watching logfiles {}
 argv: ['/tools/buildbot/bin/python', 'scripts/scripts/desktop_unittest.py', '--cfg', 'unittests/linux_unittest.py', '--mochitest-suite', 'mochitest-devtools-chrome-chunked', '--total-chunks', '8', '--this-chunk', '2', '--blob-upload-branch', 'mozilla-esr52', '--download-symbols', 'ondemand']
 environment:
  CCACHE_DIR=/builds/ccache
  CCACHE_UMASK=002
  DISPLAY=:0
  HOME=/home/cltbld
  LANG=en_US.UTF-8
  LOGNAME=cltbld
  MAIL=/var/mail/cltbld
  MOZ_HIDE_RESULTS_TABLE=1
  MOZ_NODE_PATH=/usr/bin/node
  MOZ_NO_REMOTE=1
  NODE_PATH=/usr/lib/nodejs:/usr/lib/node_modules:/usr/share/javascript
  NO_FAIL_ON_TEST_ERRORS=1
  PATH=/usr/local/bin:/usr/local/bin:/usr/bin:/bin:/usr/local/games:/usr/games
  PROPERTIES_FILE=/builds/slave/test/buildprops.json
  PWD=/builds/slave/test
  SHELL=/bin/bash
  SHLVL=1
  TERM=linux
  TMOUT=86400
  USER=cltbld
  XDG_SESSION_COOKIE=9ca12473fbb1d023794ffd180000023c-1528501962.423676-1463798326
  _=/tools/buildbot/bin/python
 using PTY: False
16:52:49     INFO - MultiFileLogger online at 20180608 16:52:49 in /builds/slave/test
16:52:49     INFO - Run as scripts/scripts/desktop_unittest.py --cfg unittests/linux_unittest.py --mochitest-suite mochitest-devtools-chrome-chunked --total-chunks 8 --this-chunk 2 --blob-upload-branch mozilla-esr52 --download-symbols ondemand
16:52:49     INFO - Dumping config to /builds/slave/test/logs/localconfig.json.
16:52:49     INFO - {'all_cppunittest_suites': {'cppunittest': {'tests': ('tests/cppunittest',)}},
16:52:49     INFO -  'all_gtest_suites': {'gtest': ()},
16:52:49     INFO -  'all_jittest_suites': {'jittest': (),
16:52:49     INFO -                         'jittest-chunked': (),
16:52:49     INFO -                         'jittest1': ('--total-chunks=2', '--this-chunk=1'),
16:52:49     INFO -                         'jittest2': ('--total-chunks=2', '--this-chunk=2')},
16:52:49     INFO -  'all_mochitest_suites': {'a11y': ('--flavor=a11y',),
16:52:49     INFO -                           'browser-chrome': ('--flavor=browser',),
16:52:49     INFO -                           'browser-chrome-addons': ('--flavor=browser',
16:52:49     INFO -                                                     '--chunk-by-runtime',
16:52:49     INFO -                                                     '--tag=addons'),
16:52:49     INFO -                           'browser-chrome-chunked': ('--flavor=browser',
16:52:49     INFO -                                                      '--chunk-by-runtime'),
16:52:49     INFO -                           'browser-chrome-clipboard': ('--flavor=browser',
16:52:49     INFO -                                                        '--subsuite=clipboard'),
16:52:49     INFO -                           'browser-chrome-coverage': ('--flavor=browser',
16:52:49     INFO -                                                       '--chunk-by-runtime',
16:52:49     INFO -                                                       '--timeout=1200'),
16:52:49     INFO -                           'browser-chrome-gpu': ('--flavor=browser',
16:52:49     INFO -                                                  '--subsuite=gpu'),
16:52:49     INFO -                           'browser-chrome-screenshots': ('--flavor=browser',
16:52:49     INFO -                                                          '--subsuite=screenshots'),
16:52:49     INFO -                           'chrome': ('--flavor=chrome',),
16:52:49     INFO -                           'chrome-chunked': ('--flavor=chrome',
16:52:49     INFO -                                              '--chunk-by-dir=4'),
16:52:49     INFO -                           'chrome-clipboard': ('--flavor=chrome',
16:52:49     INFO -                                                '--subsuite=clipboard'),
16:52:49     INFO -                           'chrome-gpu': ('--flavor=chrome', '--subsuite=gpu'),
16:52:49     INFO -                           'jetpack-addon': ('--flavor=jetpack-addon',),
16:52:49     INFO -                           'jetpack-package': ('--flavor=jetpack-package',),
16:52:49     INFO -                           'jetpack-package-clipboard': ('--flavor=jetpack-package',
16:52:49     INFO -                                                         '--subsuite=clipboard'),
16:52:49     INFO -                           'mochitest-devtools-chrome': ('--flavor=browser',
16:52:49     INFO -                                                         '--subsuite=devtools'),
16:52:49     INFO -                           'mochitest-devtools-chrome-chunked': ('--flavor=browser',
16:52:49     INFO -                                                                 '--subsuite=devtools',
16:52:49     INFO -                                                                 '--chunk-by-runtime'),
16:52:49     INFO -                           'mochitest-devtools-chrome-coverage': ('--flavor=browser',
16:52:49     INFO -                                                                  '--subsuite=devtools',
16:52:49     INFO -                                                                  '--chunk-by-runtime',
16:52:49     INFO -                                                                  '--timeout=1200'),
16:52:49     INFO -                           'mochitest-gl': ('--subsuite=webgl',),
16:52:49     INFO -                           'mochitest-media': ('--subsuite=media',),
16:52:49     INFO -                           'plain': (),
16:52:49     INFO -                           'plain-chunked': ('--chunk-by-dir=4',),
16:52:49     INFO -                           'plain-clipboard': ('--subsuite=clipboard',),
16:52:49     INFO -                           'plain-gpu': ('--subsuite=gpu',),
16:52:49     INFO -                           'valgrind-plain': ('--valgrind=/usr/bin/valgrind',
16:52:49     INFO -                                              '--valgrind-supp-files=/builds/slave/test/build/tests/mochitest/x86_64-redhat-linux-gnu.sup,/builds/slave/test/build/tests/mochitest/cross-architecture.sup',
16:52:49     INFO -                                              '--timeout=900',
16:52:49     INFO -                                              '--max-timeouts=50')},
16:52:49     INFO -  'all_mozbase_suites': {'mozbase': ()},
16:52:49     INFO -  'all_reftest_suites': {'crashtest': {'options': ('--suite=crashtest',),
16:52:49     INFO -                                       'tests': ('tests/reftest/tests/testing/crashtest/crashtests.list',)},
16:52:49     INFO -                         'jsreftest': {'options': ('--extra-profile-file=tests/jsreftest/tests/user.js',
16:52:49     INFO -                                                   '--suite=jstestbrowser'),
16:52:49     INFO -                                       'tests': ('tests/jsreftest/tests/jstests.list',)},
16:52:49     INFO -                         'reftest': {'options': ('--suite=reftest',),
16:52:49     INFO -                                     'tests': ('tests/reftest/tests/layout/reftests/reftest.list',)},
16:52:49     INFO -                         'reftest-no-accel': {'options': ('--suite=reftest',
16:52:49     INFO -                                                          '--setpref=layers.acceleration.force-enabled=disabled'),
16:52:49     INFO -                                              'tests': ('tests/reftest/tests/layout/reftests/reftest.list',)}},
16:52:49     INFO -  'all_xpcshell_suites': {'xpcshell': {'options': ('--xpcshell=%(abs_app_dir)s/xpcshell',
16:52:49     INFO -                                                   '--manifest=tests/xpcshell/tests/xpcshell.ini'),
16:52:49     INFO -                                       'tests': ()},
16:52:49     INFO -                          'xpcshell-addons': {'options': ('--xpcshell=%(abs_app_dir)s/xpcshell',
16:52:49     INFO -                                                          '--tag=addons',
16:52:49     INFO -                                                          '--manifest=tests/xpcshell/tests/xpcshell.ini'),
16:52:49     INFO -                                              'tests': ()},
16:52:49     INFO -                          'xpcshell-coverage': {'options': ('--xpcshell=%(abs_app_dir)s/xpcshell',
16:52:49     INFO -                                                            '--manifest=tests/xpcshell/tests/xpcshell.ini'),
16:52:49     INFO -                                                'tests': ()}},
16:52:49     INFO -  'allow_software_gl_layers': False,
16:52:49     INFO -  'append_to_log': False,
16:52:49     INFO -  'base_work_dir': '/builds/slave/test',
16:52:49     INFO -  'binary_path': '/builds/slave/test/build/application/firefox/firefox-bin',
16:52:49     INFO -  'blob_upload_branch': 'mozilla-esr52',
16:52:49     INFO -  'blob_uploader_auth_file': '/builds/slave/test/oauth.txt',
16:52:49     INFO -  'buildbot_json_path': 'buildprops.json',
16:52:49     INFO -  'buildbot_max_log_size': 52428800,
16:52:49     INFO -  'code_coverage': False,
16:52:49     INFO -  'config_files': ('unittests/linux_unittest.py',),
16:52:49     INFO -  'default_blob_upload_servers': ('https://blobupload.elasticbeanstalk.com',),
16:52:49     INFO -  'download_minidump_stackwalk': True,
16:52:49     INFO -  'download_nodejs': True,
16:52:49     INFO -  'download_symbols': 'ondemand',
16:52:49     INFO -  'e10s': False,
16:52:49     INFO -  'exe_suffix': '',
16:52:49     INFO -  'exes': {'python': '/tools/buildbot/bin/python',
16:52:49     INFO -           'tooltool.py': '/tools/tooltool.py',
16:52:49     INFO -           'virtualenv': ('/tools/buildbot/bin/python',
16:52:49     INFO -                          '/tools/misc-python/virtualenv.py')},
16:52:49     INFO -  'find_links': ('http://pypi.pvt.build.mozilla.org/pub',
16:52:49     INFO -                 'http://pypi.pub.build.mozilla.org/pub'),
16:52:49     INFO -  'installer_path': '/builds/slave/test/build/installer.tar.bz2',
16:52:49     INFO -  'log_level': 'info',
16:52:49     INFO -  'log_to_console': True,
16:52:49     INFO -  'minidump_save_path': '%(abs_work_dir)s/../minidumps',
16:52:49     INFO -  'minidump_stackwalk_path': 'linux64-minidump_stackwalk',
16:52:49     INFO -  'minidump_tooltool_manifest_path': 'config/tooltool-manifests/linux64/releng.manifest',
16:52:49     INFO -  'minimum_tests_zip_dirs': ('bin/*',
16:52:49     INFO -                             'certs/*',
16:52:49     INFO -                             'config/*',
16:52:49     INFO -                             'mach',
16:52:49     INFO -                             'marionette/*',
16:52:49     INFO -                             'modules/*',
16:52:49     INFO -                             'mozbase/*',
16:52:49     INFO -                             'tools/*'),
16:52:49     INFO -  'no_random': False,
16:52:49     INFO -  'nodejs_path': 'node-linux-x64/bin/node',
16:52:49     INFO -  'nodejs_tooltool_manifest_path': 'config/tooltool-manifests/linux64/nodejs.manifest',
16:52:49     INFO -  'opt_config_files': (),
16:52:49     INFO -  'pip_index': False,
16:52:49     INFO -  'preflight_run_cmd_suites': ({'architectures': ('32bit', '64bit'),
16:52:49     INFO -                                'cmd': ('xset', 's', 'off', 's', 'reset'),
16:52:49     INFO -                                'enabled': True,
16:52:49     INFO -                                'halt_on_failure': False,
16:52:49     INFO -                                'name': 'disable_screen_saver'},
16:52:49     INFO -                               {'architectures': ('32bit',),
16:52:49     INFO -                                'cmd': ('python',
16:52:49     INFO -                                        '../scripts/external_tools/mouse_and_screen_resolution.py',
16:52:49     INFO -                                        '--configuration-file',
16:52:49     INFO -                                        '../scripts/external_tools/machine-configuration.json'),
16:52:49     INFO -                                'enabled': False,
16:52:49     INFO -                                'halt_on_failure': True,
16:52:49     INFO -                                'name': 'run mouse & screen adjustment script'}),
16:52:49     INFO -  'require_test_zip': True,
16:52:49     INFO -  'run_all_suites': False,
16:52:49     INFO -  'run_cmd_checks_enabled': True,
16:52:49     INFO -  'run_file_names': {'cppunittest': 'runcppunittests.py',
16:52:49     INFO -                     'gtest': 'rungtests.py',
16:52:49     INFO -                     'jittest': 'jit_test.py',
16:52:49     INFO -                     'mochitest': 'runtests.py',
16:52:49     INFO -                     'mozbase': 'test.py',
16:52:49     INFO -                     'mozmill': 'runtestlist.py',
16:52:49     INFO -                     'reftest': 'runreftest.py',
16:52:49     INFO -                     'xpcshell': 'runxpcshelltests.py'},
16:52:49     INFO -  'specific_tests_zip_dirs': {'cppunittest': ('cppunittest/*',),
16:52:49     INFO -                              'gtest': ('gtest/*',),
16:52:49     INFO -                              'jittest': ('jit-test/*',),
16:52:49     INFO -                              'mochitest': ('mochitest/*',),
16:52:49     INFO -                              'mozbase': ('mozbase/*',),
16:52:49     INFO -                              'mozmill': ('mozmill/*',),
16:52:49     INFO -                              'reftest': ('reftest/*', 'jsreftest/*'),
16:52:49     INFO -                              'xpcshell': ('xpcshell/*',)},
16:52:49     INFO -  'specified_mochitest_suites': ('mochitest-devtools-chrome-chunked',),
16:52:49     INFO -  'strict_content_sandbox': False,
16:52:49     INFO -  'suite_definitions': {'cppunittest': {'options': ('--symbols-path=%(symbols_path)s',
16:52:49     INFO -                                                    '--xre-path=%(abs_app_dir)s'),
16:52:49     INFO -                                        'run_filename': 'runcppunittests.py',
16:52:49     INFO -                                        'testsdir': 'cppunittest'},
16:52:49     INFO -                        'gtest': {'options': ('--xre-path=%(abs_res_dir)s',
16:52:49     INFO -                                              '--cwd=%(gtest_dir)s',
16:52:49     INFO -                                              '--symbols-path=%(symbols_path)s',
16:52:49     INFO -                                              '--utility-path=tests/bin',
16:52:49     INFO -                                              '%(binary_path)s'),
16:52:49     INFO -                                  'run_filename': 'rungtests.py'},
16:52:49     INFO -                        'jittest': {'options': ('tests/bin/js',
16:52:49     INFO -                                                '--no-slow',
16:52:49     INFO -                                                '--no-progress',
16:52:49     INFO -                                                '--format=automation',
16:52:49     INFO -                                                '--jitflags=all',
16:52:49     INFO -                                                '--timeout=970'),
16:52:49     INFO -                                    'run_filename': 'jit_test.py',
16:52:49     INFO -                                    'run_timeout': 1000,
16:52:49     INFO -                                    'testsdir': 'jit-test/jit-test'},
16:52:49     INFO -                        'mochitest': {'options': ('--appname=%(binary_path)s',
16:52:49     INFO -                                                  '--utility-path=tests/bin',
16:52:49     INFO -                                                  '--extra-profile-file=tests/bin/plugins',
16:52:49     INFO -                                                  '--symbols-path=%(symbols_path)s',
16:52:49     INFO -                                                  '--certificate-path=tests/certs',
16:52:49     INFO -                                                  '--setpref=webgl.force-enabled=true',
16:52:49     INFO -                                                  '--quiet',
16:52:49     INFO -                                                  '--log-raw=%(raw_log_file)s',
16:52:49     INFO -                                                  '--log-errorsummary=%(error_summary_file)s',
16:52:49     INFO -                                                  '--use-test-media-devices',
16:52:49     INFO -                                                  '--screenshot-on-fail',
16:52:49     INFO -                                                  '--cleanup-crashes',
16:52:49     INFO -                                                  '--marionette-startup-timeout=180'),
16:52:49     INFO -                                      'run_filename': 'runtests.py',
16:52:49     INFO -                                      'testsdir': 'mochitest'},
16:52:49     INFO -                        'mozbase': {'options': ('-b', '%(binary_path)s'),
16:52:49     INFO -                                    'run_filename': 'test.py',
16:52:49     INFO -                                    'testsdir': 'mozbase'},
16:52:49     INFO -                        'mozmill': {'options': ('--binary=%(binary_path)s',
16:52:49     INFO -                                                '--testing-modules-dir=test/modules',
16:52:49     INFO -                                                '--plugins-path=%(test_plugin_path)s',
16:52:49     INFO -                                                '--symbols-path=%(symbols_path)s'),
16:52:49     INFO -                                    'run_filename': 'runtestlist.py',
16:52:49     INFO -                                    'testsdir': 'mozmill'},
16:52:49     INFO -                        'reftest': {'options': ('--appname=%(binary_path)s',
16:52:49     INFO -                                                '--utility-path=tests/bin',
16:52:49     INFO -                                                '--extra-profile-file=tests/bin/plugins',
16:52:49     INFO -                                                '--symbols-path=%(symbols_path)s',
16:52:49     INFO -                                                '--log-raw=%(raw_log_file)s',
16:52:49     INFO -                                                '--log-errorsummary=%(error_summary_file)s',
16:52:49     INFO -                                                '--cleanup-crashes'),
16:52:49     INFO -                                    'run_filename': 'runreftest.py',
16:52:49     INFO -                                    'testsdir': 'reftest'},
16:52:49     INFO -                        'xpcshell': {'options': ('--symbols-path=%(symbols_path)s',
16:52:49     INFO -                                                 '--test-plugin-path=%(test_plugin_path)s',
16:52:49     INFO -                                                 '--log-raw=%(raw_log_file)s',
16:52:49     INFO -                                                 '--log-errorsummary=%(error_summary_file)s',
16:52:49     INFO -                                                 '--utility-path=tests/bin'),
16:52:49     INFO -                                     'run_filename': 'runxpcshelltests.py',
16:52:49     INFO -                                     'testsdir': 'xpcshell'}},
16:52:49     INFO -  'this_chunk': '2',
16:52:49     INFO -  'tooltool_cache': '/builds/tooltool_cache',
16:52:49     INFO -  'total_chunks': '8',
16:52:49     INFO -  'unstructured_flavors': {'cppunittest': (),
16:52:49     INFO -                           'gtest': (),
16:52:49     INFO -                           'jittest': (),
16:52:49     INFO -                           'mochitest': ('jetpack',),
16:52:49     INFO -                           'mozbase': (),
16:52:49     INFO -                           'mozmill': (),
16:52:49     INFO -                           'xpcshell': ()},
16:52:49     INFO -  'vcs_output_timeout': 1000,
16:52:49     INFO -  'virtualenv_path': 'venv',
16:52:49     INFO -  'volatile_config': {'actions': None, 'add_actions': None, 'no_actions': None},
16:52:49     INFO -  'work_dir': 'build',
16:52:49     INFO -  'xpcshell_name': 'xpcshell'}
16:52:49     INFO - [mozharness: 2018-06-08 23:52:49.390013Z] Running clobber step.
16:52:49     INFO - Running pre-action listener: _resource_record_pre_action
16:52:49     INFO - Running main action method: clobber
16:52:49     INFO - rmtree: /builds/slave/test/build
16:52:49     INFO - Running post-action listener: _resource_record_post_action
16:52:49     INFO - [mozharness: 2018-06-08 23:52:49.404977Z] Finished clobber step (success)
16:52:49     INFO - [mozharness: 2018-06-08 23:52:49.405384Z] Running read-buildbot-config step.
16:52:49     INFO - Running pre-action listener: _resource_record_pre_action
16:52:49     INFO - Running main action method: read_buildbot_config
16:52:49     INFO - Using buildbot properties:
16:52:49     INFO - {
16:52:49     INFO -     "project": "", 
16:52:49     INFO -     "product": "firefox", 
16:52:49     INFO -     "script_repo_revision": "production", 
16:52:49     INFO -     "scheduler": "tests-mozilla-esr52-ubuntu64_vm-pgo-unittest", 
16:52:49     INFO -     "repository": "", 
16:52:49     INFO -     "buildername": "Ubuntu VM 12.04 x64 mozilla-esr52 pgo test mochitest-devtools-chrome-2", 
16:52:49     INFO -     "buildid": "20180608150819", 
16:52:49     INFO -     "pgo_build": "True", 
16:52:49     INFO -     "basedir": "/builds/slave/test", 
16:52:49     INFO -     "buildnumber": 124, 
16:52:49     INFO -     "slavename": "tst-linux64-spot-013", 
16:52:49     INFO -     "master": "http://buildbot-master52.bb.releng.use1.mozilla.com:8201/", 
16:52:49     INFO -     "platform": "linux64", 
16:52:49     INFO -     "branch": "mozilla-esr52", 
16:52:49     INFO -     "revision": "cbfdf01aac455e0591471201c96b89dee98190b5", 
16:52:49     INFO -     "repo_path": "releases/mozilla-esr52", 
16:52:49     INFO -     "moz_repo_path": "", 
16:52:49     INFO -     "stage_platform": "linux64-pgo", 
16:52:49     INFO -     "builduid": "b298b373e93d4f8dbf92436c9ed838a2", 
16:52:49     INFO -     "slavebuilddir": "test"
16:52:49     INFO - }
16:52:49     INFO - Found installer url https://queue.taskcluster.net/v1/task/I1iAdq48Sa60c5BCPWswkg/artifacts/public/build/firefox-52.8.2.en-US.linux-x86_64.tar.bz2.
16:52:49     INFO - Found a test packages url https://queue.taskcluster.net/v1/task/I1iAdq48Sa60c5BCPWswkg/artifacts/public/build/firefox-52.8.2.en-US.linux-x86_64.test_packages.json.
16:52:49     INFO - Running post-action listener: _resource_record_post_action
16:52:49     INFO - [mozharness: 2018-06-08 23:52:49.415749Z] Finished read-buildbot-config step (success)
16:52:49     INFO - [mozharness: 2018-06-08 23:52:49.416100Z] Running download-and-extract step.
16:52:49     INFO - Running pre-action listener: _pre_download_and_extract
16:52:49  WARNING - Try message not found.
16:52:49     INFO - Running pre-action listener: _resource_record_pre_action
16:52:49     INFO - Running main action method: download_and_extract
16:52:49     INFO - mkdir: /builds/slave/test/build/tests
16:52:49     INFO - Downloading https://queue.taskcluster.net/v1/task/I1iAdq48Sa60c5BCPWswkg/artifacts/public/build/firefox-52.8.2.en-US.linux-x86_64.test_packages.json to /builds/slave/test/build/firefox-52.8.2.en-US.linux-x86_64.test_packages.json
16:52:49     INFO - retry: Calling _download_file with args: (), kwargs: {'url': 'https://queue.taskcluster.net/v1/task/I1iAdq48Sa60c5BCPWswkg/artifacts/public/build/firefox-52.8.2.en-US.linux-x86_64.test_packages.json', 'file_name': '/builds/slave/test/build/firefox-52.8.2.en-US.linux-x86_64.test_packages.json'}, attempt #1
16:52:50     INFO - Downloaded 1361 bytes.
16:52:50     INFO - Reading from file /builds/slave/test/build/firefox-52.8.2.en-US.linux-x86_64.test_packages.json
16:52:50     INFO - Using the following test package requirements:
16:52:50     INFO - {u'common': [u'firefox-52.8.2.en-US.linux-x86_64.common.tests.zip'],
16:52:50     INFO -  u'cppunittest': [u'firefox-52.8.2.en-US.linux-x86_64.common.tests.zip',
16:52:50     INFO -                   u'firefox-52.8.2.en-US.linux-x86_64.cppunittest.tests.zip'],
16:52:50     INFO -  u'gtest': [u'firefox-52.8.2.en-US.linux-x86_64.common.tests.zip',
16:52:50     INFO -             u'firefox-52.8.2.en-US.linux-x86_64.gtest.tests.zip'],
16:52:50     INFO -  u'jittest': [u'firefox-52.8.2.en-US.linux-x86_64.common.tests.zip',
16:52:50     INFO -               u'jsshell-linux-x86_64.zip'],
16:52:50     INFO -  u'mochitest': [u'firefox-52.8.2.en-US.linux-x86_64.common.tests.zip',
16:52:50     INFO -                 u'firefox-52.8.2.en-US.linux-x86_64.mochitest.tests.zip'],
16:52:50     INFO -  u'mozbase': [u'firefox-52.8.2.en-US.linux-x86_64.common.tests.zip'],
16:52:50     INFO -  u'reftest': [u'firefox-52.8.2.en-US.linux-x86_64.common.tests.zip',
16:52:50     INFO -               u'firefox-52.8.2.en-US.linux-x86_64.reftest.tests.zip'],
16:52:50     INFO -  u'talos': [u'firefox-52.8.2.en-US.linux-x86_64.common.tests.zip',
16:52:50     INFO -             u'firefox-52.8.2.en-US.linux-x86_64.talos.tests.zip'],
16:52:50     INFO -  u'web-platform': [u'firefox-52.8.2.en-US.linux-x86_64.common.tests.zip',
16:52:50     INFO -                    u'firefox-52.8.2.en-US.linux-x86_64.web-platform.tests.zip'],
16:52:50     INFO -  u'xpcshell': [u'firefox-52.8.2.en-US.linux-x86_64.common.tests.zip',
16:52:50     INFO -                u'firefox-52.8.2.en-US.linux-x86_64.xpcshell.tests.zip']}
16:52:50     INFO - Downloading packages: [u'firefox-52.8.2.en-US.linux-x86_64.common.tests.zip', u'firefox-52.8.2.en-US.linux-x86_64.mochitest.tests.zip'] for test suite category: mochitest
16:52:50     INFO - Adding 'mozinfo.json' for extraction from common.tests zip file
16:52:50     INFO - Downloading and extracting to /builds/slave/test/build/tests these dirs bin/*, certs/*, config/*, mach, marionette/*, modules/*, mozbase/*, tools/*, mochitest/*, mozinfo.json from https://queue.taskcluster.net/v1/task/I1iAdq48Sa60c5BCPWswkg/artifacts/public/build/firefox-52.8.2.en-US.linux-x86_64.common.tests.zip
16:52:50     INFO - retry: Calling fetch_url_into_memory with args: (), kwargs: {'url': u'https://queue.taskcluster.net/v1/task/I1iAdq48Sa60c5BCPWswkg/artifacts/public/build/firefox-52.8.2.en-US.linux-x86_64.common.tests.zip'}, attempt #1
16:52:50     INFO - Fetch https://queue.taskcluster.net/v1/task/I1iAdq48Sa60c5BCPWswkg/artifacts/public/build/firefox-52.8.2.en-US.linux-x86_64.common.tests.zip into memory
16:52:52     INFO - Http code: 200
16:52:52     INFO - via: 1.1 95da1452a75435200220a7075ca3893f.cloudfront.net (CloudFront)
16:52:52     INFO - x-amz-cf-id: vmuRZefDFUhqb9C2qMn-7J-C2SthABssEjafXjWbCVGS3509tpXpjQ==
16:52:52     INFO - x-amz-version-id: amyEguiG3.NEsCgIpfpr7ojoc30OcAP5
16:52:54     INFO - Expected file size: 22192748
16:52:54     INFO - Obtained file size: 22192748
16:52:55     INFO - Downloading and extracting to /builds/slave/test/build/tests these dirs bin/*, certs/*, config/*, mach, marionette/*, modules/*, mozbase/*, tools/*, mochitest/*, mozinfo.json from https://queue.taskcluster.net/v1/task/I1iAdq48Sa60c5BCPWswkg/artifacts/public/build/firefox-52.8.2.en-US.linux-x86_64.mochitest.tests.zip
16:52:55     INFO - retry: Calling fetch_url_into_memory with args: (), kwargs: {'url': u'https://queue.taskcluster.net/v1/task/I1iAdq48Sa60c5BCPWswkg/artifacts/public/build/firefox-52.8.2.en-US.linux-x86_64.mochitest.tests.zip'}, attempt #1
16:52:55     INFO - Fetch https://queue.taskcluster.net/v1/task/I1iAdq48Sa60c5BCPWswkg/artifacts/public/build/firefox-52.8.2.en-US.linux-x86_64.mochitest.tests.zip into memory
16:52:56     INFO - Http code: 200
16:52:56     INFO - via: 1.1 30bb04916f91d64c600e15c15000042d.cloudfront.net (CloudFront)
16:52:56     INFO - x-amz-cf-id: WsiV9DEwUfTGGw5Lapsb4Y2gIeQUG_rE9ubsOp5shf_8eLvsj96sKw==
16:52:56     INFO - x-amz-version-id: pVaLoGmwkPIw3WqAG.TA2Gozslw06heL
16:53:02     INFO - Expected file size: 80595071
16:53:02     INFO - Obtained file size: 80595071
16:53:23     INFO - Downloading https://queue.taskcluster.net/v1/task/I1iAdq48Sa60c5BCPWswkg/artifacts/public/build/firefox-52.8.2.en-US.linux-x86_64.tar.bz2 to /builds/slave/test/build/installer.tar.bz2
16:53:23     INFO - retry: Calling _download_file with args: (), kwargs: {'url': 'https://queue.taskcluster.net/v1/task/I1iAdq48Sa60c5BCPWswkg/artifacts/public/build/firefox-52.8.2.en-US.linux-x86_64.tar.bz2', 'file_name': '/builds/slave/test/build/installer.tar.bz2'}, attempt #1
16:53:28     INFO - Downloaded 57821935 bytes.
16:53:28     INFO - Setting buildbot property build_url to https://queue.taskcluster.net/v1/task/I1iAdq48Sa60c5BCPWswkg/artifacts/public/build/firefox-52.8.2.en-US.linux-x86_64.tar.bz2
16:53:28     INFO - mkdir: /builds/slave/test/properties
16:53:28     INFO - Writing buildbot properties ['build_url'] to /builds/slave/test/properties/build_url
16:53:28     INFO - Writing to file /builds/slave/test/properties/build_url
16:53:28     INFO - Contents:
16:53:28     INFO -  build_url:https://queue.taskcluster.net/v1/task/I1iAdq48Sa60c5BCPWswkg/artifacts/public/build/firefox-52.8.2.en-US.linux-x86_64.tar.bz2
16:53:30     INFO - Running post-action listener: _resource_record_post_action
16:53:30     INFO - Running post-action listener: set_extra_try_arguments
16:53:30     INFO - [mozharness: 2018-06-08 23:53:30.253160Z] Finished download-and-extract step (success)
16:53:30     INFO - [mozharness: 2018-06-08 23:53:30.253585Z] Running create-virtualenv step.
16:53:30     INFO - Running pre-action listener: _install_mozbase
16:53:30     INFO - Running pre-action listener: _pre_create_virtualenv
16:53:30     INFO - Running pre-action listener: _resource_record_pre_action
16:53:30     INFO - Running main action method: create_virtualenv
16:53:30     INFO - Creating virtualenv /builds/slave/test/build/venv
16:53:30     INFO - Running command: ['/tools/buildbot/bin/python', '/builds/slave/test/scripts/external_tools/virtualenv/virtualenv.py', '--always-copy', '/builds/slave/test/build/venv'] in /builds/slave/test/build
16:53:30     INFO - Copy/paste: /tools/buildbot/bin/python /builds/slave/test/scripts/external_tools/virtualenv/virtualenv.py --always-copy /builds/slave/test/build/venv
16:53:30     INFO - Using partial env: {'VIRTUALENV_NO_DOWNLOAD': '1'}
16:53:31     INFO -  Using real prefix '/usr'
16:53:31     INFO -  New python executable in /builds/slave/test/build/venv/bin/python
16:53:35     INFO -  Installing setuptools, pip, wheel...done.
16:53:35     INFO - Return code: 0
16:53:35     INFO - Installing psutil>=3.1.1 into virtualenv /builds/slave/test/build/venv
16:53:35     INFO - retry: Calling run_command with args: [['/builds/slave/test/build/venv/bin/pip', 'install', '--timeout', '120', '--no-index', '--find-links', 'http://pypi.pvt.build.mozilla.org/pub', '--find-links', 'http://pypi.pub.build.mozilla.org/pub', '--trusted-host', 'pypi.pub.build.mozilla.org', '--trusted-host', 'pypi.pvt.build.mozilla.org', 'psutil>=3.1.1']], kwargs: {'error_level': 'warning', 'error_list': [{'substr': 'not found or a compiler error:', 'level': 'warning'}, {'regex': <_sre.SRE_Pattern object at 0x7f43176b7110>, 'level': 'error'}, {'regex': <_sre.SRE_Pattern object at 0x7f43177bfe40>, 'level': 'warning'}, {'regex': <_sre.SRE_Pattern object at 0x13d83e0>, 'level': 'debug'}, {'substr': 'command not found', 'level': 'error'}, {'regex': <_sre.SRE_Pattern object at 0x13d4a90>, 'level': 'warning'}, {'substr': 'Traceback (most recent call last)', 'level': 'error'}, {'substr': 'SyntaxError: ', 'level': 'error'}, {'substr': 'TypeError: ', 'level': 'error'}, {'substr': 'NameError: ', 'level': 'error'}, {'substr': 'ZeroDivisionError: ', 'level': 'error'}, {'regex': <_sre.SRE_Pattern object at 0x13d63f0>, 'level': 'critical'}, {'regex': <_sre.SRE_Pattern object at 0x13d6670>, 'level': 'critical'}], 'cwd': '/builds/slave/test/build', 'env': {'TMOUT': '86400', 'LOGNAME': 'cltbld', 'USER': 'cltbld', 'HOME': '/home/cltbld', 'PATH': '/usr/local/bin:/usr/local/bin:/usr/bin:/bin:/usr/local/games:/usr/games', 'DISPLAY': ':0', 'CCACHE_UMASK': '002', 'LANG': 'en_US.UTF-8', 'TERM': 'linux', 'SHELL': '/bin/bash', 'MOZ_NODE_PATH': '/usr/bin/node', 'XDG_SESSION_COOKIE': '9ca12473fbb1d023794ffd180000023c-1528501962.423676-1463798326', 'SHLVL': '1', 'NO_FAIL_ON_TEST_ERRORS': '1', 'MOZ_NO_REMOTE': '1', 'MOZ_HIDE_RESULTS_TABLE': '1', 'MAIL': '/var/mail/cltbld', '_': '/tools/buildbot/bin/python', 'NODE_PATH': '/usr/lib/nodejs:/usr/lib/node_modules:/usr/share/javascript', 'PWD': '/builds/slave/test', 'PROPERTIES_FILE': '/builds/slave/test/buildprops.json', 'CCACHE_DIR': '/builds/ccache'}}, attempt #1
16:53:35     INFO - Running command: ['/builds/slave/test/build/venv/bin/pip', 'install', '--timeout', '120', '--no-index', '--find-links', 'http://pypi.pvt.build.mozilla.org/pub', '--find-links', 'http://pypi.pub.build.mozilla.org/pub', '--trusted-host', 'pypi.pub.build.mozilla.org', '--trusted-host', 'pypi.pvt.build.mozilla.org', 'psutil>=3.1.1'] in /builds/slave/test/build
16:53:35     INFO - Copy/paste: /builds/slave/test/build/venv/bin/pip install --timeout 120 --no-index --find-links http://pypi.pvt.build.mozilla.org/pub --find-links http://pypi.pub.build.mozilla.org/pub --trusted-host pypi.pub.build.mozilla.org --trusted-host pypi.pvt.build.mozilla.org psutil>=3.1.1
16:53:35     INFO - Using env: {'CCACHE_DIR': '/builds/ccache',
16:53:35     INFO -  'CCACHE_UMASK': '002',
16:53:35     INFO -  'DISPLAY': ':0',
16:53:35     INFO -  'HOME': '/home/cltbld',
16:53:35     INFO -  'LANG': 'en_US.UTF-8',
16:53:35     INFO -  'LOGNAME': 'cltbld',
16:53:35     INFO -  'MAIL': '/var/mail/cltbld',
16:53:35     INFO -  'MOZ_HIDE_RESULTS_TABLE': '1',
16:53:35     INFO -  'MOZ_NODE_PATH': '/usr/bin/node',
16:53:35     INFO -  'MOZ_NO_REMOTE': '1',
16:53:35     INFO -  'NODE_PATH': '/usr/lib/nodejs:/usr/lib/node_modules:/usr/share/javascript',
16:53:35     INFO -  'NO_FAIL_ON_TEST_ERRORS': '1',
16:53:35     INFO -  'PATH': '/usr/local/bin:/usr/local/bin:/usr/bin:/bin:/usr/local/games:/usr/games',
16:53:35     INFO -  'PROPERTIES_FILE': '/builds/slave/test/buildprops.json',
16:53:35     INFO -  'PWD': '/builds/slave/test',
16:53:35     INFO -  'SHELL': '/bin/bash',
16:53:35     INFO -  'SHLVL': '1',
16:53:35     INFO -  'TERM': 'linux',
16:53:35     INFO -  'TMOUT': '86400',
16:53:35     INFO -  'USER': 'cltbld',
16:53:35     INFO -  'XDG_SESSION_COOKIE': '9ca12473fbb1d023794ffd180000023c-1528501962.423676-1463798326',
16:53:35     INFO -  '_': '/tools/buildbot/bin/python'}
16:53:36     INFO -  Ignoring indexes: https://pypi.python.org/simple
16:53:36     INFO -  Collecting psutil>=3.1.1
16:53:36     INFO -  /builds/slave/test/build/venv/lib/python2.7/site-packages/pip/_vendor/requests/packages/urllib3/util/ssl_.py:318: SNIMissingWarning: An HTTPS request has been made, but the SNI (Subject Name Indication) extension to TLS is not available on this platform. This may cause the server to present an incorrect TLS certificate, which can cause validation failures. You can upgrade to a newer version of Python to solve this. For more information, see https://urllib3.readthedocs.org/en/latest/security.html#snimissingwarning.
16:53:36     INFO -    SNIMissingWarning
16:53:36     INFO -  /builds/slave/test/build/venv/lib/python2.7/site-packages/pip/_vendor/requests/packages/urllib3/util/ssl_.py:122: InsecurePlatformWarning: A true SSLContext object is not available. This prevents urllib3 from configuring SSL appropriately and may cause certain SSL connections to fail. You can upgrade to a newer version of Python to solve this. For more information, see https://urllib3.readthedocs.org/en/latest/security.html#insecureplatformwarning.
16:53:36     INFO -    InsecurePlatformWarning
16:53:38     INFO -  /builds/slave/test/build/venv/lib/python2.7/site-packages/pip/_vendor/requests/packages/urllib3/util/ssl_.py:122: InsecurePlatformWarning: A true SSLContext object is not available. This prevents urllib3 from configuring SSL appropriately and may cause certain SSL connections to fail. You can upgrade to a newer version of Python to solve this. For more information, see https://urllib3.readthedocs.org/en/latest/security.html#insecureplatformwarning.
16:53:38     INFO -    InsecurePlatformWarning
16:53:43     INFO -    Downloading https://pypi.pvt.build.mozilla.org/pub/psutil-5.4.3.tar.gz (412kB)
16:53:45     INFO -  Building wheels for collected packages: psutil
16:53:45     INFO -    Running setup.py bdist_wheel for psutil: started
16:53:47     INFO -    Running setup.py bdist_wheel for psutil: finished with status 'done'
16:53:47     INFO -    Stored in directory: /home/cltbld/.cache/pip/wheels/30/c0/c3/5cdb2b64c0d47a81af9c62935a64d83948d2c2b3e7af3eeee2
16:53:47     INFO -  Successfully built psutil
16:53:47     INFO -  Installing collected packages: psutil
16:53:47     INFO -  Successfully installed psutil-5.4.3
16:53:47     INFO - Return code: 0
16:53:47     INFO - Installing mozsystemmonitor==0.3 into virtualenv /builds/slave/test/build/venv
16:53:48     INFO - retry: Calling run_command with args: [['/builds/slave/test/build/venv/bin/pip', 'install', '--timeout', '120', '--no-index', '--find-links', 'http://pypi.pvt.build.mozilla.org/pub', '--find-links', 'http://pypi.pub.build.mozilla.org/pub', '--trusted-host', 'pypi.pub.build.mozilla.org', '--trusted-host', 'pypi.pvt.build.mozilla.org', 'mozsystemmonitor==0.3']], kwargs: {'error_level': 'warning', 'error_list': [{'substr': 'not found or a compiler error:', 'level': 'warning'}, {'regex': <_sre.SRE_Pattern object at 0x7f43176b7110>, 'level': 'error'}, {'regex': <_sre.SRE_Pattern object at 0x7f43177bfe40>, 'level': 'warning'}, {'regex': <_sre.SRE_Pattern object at 0x13d83e0>, 'level': 'debug'}, {'substr': 'command not found', 'level': 'error'}, {'regex': <_sre.SRE_Pattern object at 0x13d4a90>, 'level': 'warning'}, {'substr': 'Traceback (most recent call last)', 'level': 'error'}, {'substr': 'SyntaxError: ', 'level': 'error'}, {'substr': 'TypeError: ', 'level': 'error'}, {'substr': 'NameError: ', 'level': 'error'}, {'substr': 'ZeroDivisionError: ', 'level': 'error'}, {'regex': <_sre.SRE_Pattern object at 0x13d63f0>, 'level': 'critical'}, {'regex': <_sre.SRE_Pattern object at 0x13d6670>, 'level': 'critical'}], 'cwd': '/builds/slave/test/build', 'env': {'TMOUT': '86400', 'LOGNAME': 'cltbld', 'USER': 'cltbld', 'HOME': '/home/cltbld', 'PATH': '/usr/local/bin:/usr/local/bin:/usr/bin:/bin:/usr/local/games:/usr/games', 'DISPLAY': ':0', 'CCACHE_UMASK': '002', 'LANG': 'en_US.UTF-8', 'TERM': 'linux', 'SHELL': '/bin/bash', 'MOZ_NODE_PATH': '/usr/bin/node', 'XDG_SESSION_COOKIE': '9ca12473fbb1d023794ffd180000023c-1528501962.423676-1463798326', 'SHLVL': '1', 'NO_FAIL_ON_TEST_ERRORS': '1', 'MOZ_NO_REMOTE': '1', 'MOZ_HIDE_RESULTS_TABLE': '1', 'MAIL': '/var/mail/cltbld', '_': '/tools/buildbot/bin/python', 'NODE_PATH': '/usr/lib/nodejs:/usr/lib/node_modules:/usr/share/javascript', 'PWD': '/builds/slave/test', 'PROPERTIES_FILE': '/builds/slave/test/buildprops.json', 'CCACHE_DIR': '/builds/ccache'}}, attempt #1
16:53:48     INFO - Running command: ['/builds/slave/test/build/venv/bin/pip', 'install', '--timeout', '120', '--no-index', '--find-links', 'http://pypi.pvt.build.mozilla.org/pub', '--find-links', 'http://pypi.pub.build.mozilla.org/pub', '--trusted-host', 'pypi.pub.build.mozilla.org', '--trusted-host', 'pypi.pvt.build.mozilla.org', 'mozsystemmonitor==0.3'] in /builds/slave/test/build
16:53:48     INFO - Copy/paste: /builds/slave/test/build/venv/bin/pip install --timeout 120 --no-index --find-links http://pypi.pvt.build.mozilla.org/pub --find-links http://pypi.pub.build.mozilla.org/pub --trusted-host pypi.pub.build.mozilla.org --trusted-host pypi.pvt.build.mozilla.org mozsystemmonitor==0.3
16:53:48     INFO - Using env: {'CCACHE_DIR': '/builds/ccache',
16:53:48     INFO -  'CCACHE_UMASK': '002',
16:53:48     INFO -  'DISPLAY': ':0',
16:53:48     INFO -  'HOME': '/home/cltbld',
16:53:48     INFO -  'LANG': 'en_US.UTF-8',
16:53:48     INFO -  'LOGNAME': 'cltbld',
16:53:48     INFO -  'MAIL': '/var/mail/cltbld',
16:53:48     INFO -  'MOZ_HIDE_RESULTS_TABLE': '1',
16:53:48     INFO -  'MOZ_NODE_PATH': '/usr/bin/node',
16:53:48     INFO -  'MOZ_NO_REMOTE': '1',
16:53:48     INFO -  'NODE_PATH': '/usr/lib/nodejs:/usr/lib/node_modules:/usr/share/javascript',
16:53:48     INFO -  'NO_FAIL_ON_TEST_ERRORS': '1',
16:53:48     INFO -  'PATH': '/usr/local/bin:/usr/local/bin:/usr/bin:/bin:/usr/local/games:/usr/games',
16:53:48     INFO -  'PROPERTIES_FILE': '/builds/slave/test/buildprops.json',
16:53:48     INFO -  'PWD': '/builds/slave/test',
16:53:48     INFO -  'SHELL': '/bin/bash',
16:53:48     INFO -  'SHLVL': '1',
16:53:48     INFO -  'TERM': 'linux',
16:53:48     INFO -  'TMOUT': '86400',
16:53:48     INFO -  'USER': 'cltbld',
16:53:48     INFO -  'XDG_SESSION_COOKIE': '9ca12473fbb1d023794ffd180000023c-1528501962.423676-1463798326',
16:53:48     INFO -  '_': '/tools/buildbot/bin/python'}
16:53:48     INFO -  Ignoring indexes: https://pypi.python.org/simple
16:53:49     INFO -  Collecting mozsystemmonitor==0.3
16:53:49     INFO -  /builds/slave/test/build/venv/lib/python2.7/site-packages/pip/_vendor/requests/packages/urllib3/util/ssl_.py:318: SNIMissingWarning: An HTTPS request has been made, but the SNI (Subject Name Indication) extension to TLS is not available on this platform. This may cause the server to present an incorrect TLS certificate, which can cause validation failures. You can upgrade to a newer version of Python to solve this. For more information, see https://urllib3.readthedocs.org/en/latest/security.html#snimissingwarning.
16:53:49     INFO -    SNIMissingWarning
16:53:49     INFO -  /builds/slave/test/build/venv/lib/python2.7/site-packages/pip/_vendor/requests/packages/urllib3/util/ssl_.py:122: InsecurePlatformWarning: A true SSLContext object is not available. This prevents urllib3 from configuring SSL appropriately and may cause certain SSL connections to fail. You can upgrade to a newer version of Python to solve this. For more information, see https://urllib3.readthedocs.org/en/latest/security.html#insecureplatformwarning.
16:53:49     INFO -    InsecurePlatformWarning
16:53:51     INFO -  /builds/slave/test/build/venv/lib/python2.7/site-packages/pip/_vendor/requests/packages/urllib3/util/ssl_.py:122: InsecurePlatformWarning: A true SSLContext object is not available. This prevents urllib3 from configuring SSL appropriately and may cause certain SSL connections to fail. You can upgrade to a newer version of Python to solve this. For more information, see https://urllib3.readthedocs.org/en/latest/security.html#insecureplatformwarning.
16:53:51     INFO -    InsecurePlatformWarning
16:53:56     INFO -    Downloading https://pypi.pvt.build.mozilla.org/pub/mozsystemmonitor-0.3.tar.gz
16:53:56     INFO -  Requirement already satisfied (use --upgrade to upgrade): psutil>=3.1.1 in ./venv/lib/python2.7/site-packages (from mozsystemmonitor==0.3)
16:53:56     INFO -  Building wheels for collected packages: mozsystemmonitor
16:53:56     INFO -    Running setup.py bdist_wheel for mozsystemmonitor: started
16:53:57     INFO -    Running setup.py bdist_wheel for mozsystemmonitor: finished with status 'done'
16:53:57     INFO -    Stored in directory: /home/cltbld/.cache/pip/wheels/f4/b7/9c/8a88c92aaad7c1d8bbd68513e1d91ad7f62b7465808c516aa8
16:53:57     INFO -  Successfully built mozsystemmonitor
16:53:57     INFO -  Installing collected packages: mozsystemmonitor
16:53:57     INFO -  Successfully installed mozsystemmonitor-0.3
16:53:57     INFO - Return code: 0
16:53:57     INFO - Installing jsonschema==2.5.1 into virtualenv /builds/slave/test/build/venv
16:53:57     INFO - retry: Calling run_command with args: [['/builds/slave/test/build/venv/bin/pip', 'install', '--timeout', '120', '--no-index', '--find-links', 'http://pypi.pvt.build.mozilla.org/pub', '--find-links', 'http://pypi.pub.build.mozilla.org/pub', '--trusted-host', 'pypi.pub.build.mozilla.org', '--trusted-host', 'pypi.pvt.build.mozilla.org', 'jsonschema==2.5.1']], kwargs: {'error_level': 'warning', 'error_list': [{'substr': 'not found or a compiler error:', 'level': 'warning'}, {'regex': <_sre.SRE_Pattern object at 0x7f43176b7110>, 'level': 'error'}, {'regex': <_sre.SRE_Pattern object at 0x7f43177bfe40>, 'level': 'warning'}, {'regex': <_sre.SRE_Pattern object at 0x13d83e0>, 'level': 'debug'}, {'substr': 'command not found', 'level': 'error'}, {'regex': <_sre.SRE_Pattern object at 0x13d4a90>, 'level': 'warning'}, {'substr': 'Traceback (most recent call last)', 'level': 'error'}, {'substr': 'SyntaxError: ', 'level': 'error'}, {'substr': 'TypeError: ', 'level': 'error'}, {'substr': 'NameError: ', 'level': 'error'}, {'substr': 'ZeroDivisionError: ', 'level': 'error'}, {'regex': <_sre.SRE_Pattern object at 0x13d63f0>, 'level': 'critical'}, {'regex': <_sre.SRE_Pattern object at 0x13d6670>, 'level': 'critical'}], 'cwd': '/builds/slave/test/build', 'env': {'TMOUT': '86400', 'LOGNAME': 'cltbld', 'USER': 'cltbld', 'HOME': '/home/cltbld', 'PATH': '/usr/local/bin:/usr/local/bin:/usr/bin:/bin:/usr/local/games:/usr/games', 'DISPLAY': ':0', 'CCACHE_UMASK': '002', 'LANG': 'en_US.UTF-8', 'TERM': 'linux', 'SHELL': '/bin/bash', 'MOZ_NODE_PATH': '/usr/bin/node', 'XDG_SESSION_COOKIE': '9ca12473fbb1d023794ffd180000023c-1528501962.423676-1463798326', 'SHLVL': '1', 'NO_FAIL_ON_TEST_ERRORS': '1', 'MOZ_NO_REMOTE': '1', 'MOZ_HIDE_RESULTS_TABLE': '1', 'MAIL': '/var/mail/cltbld', '_': '/tools/buildbot/bin/python', 'NODE_PATH': '/usr/lib/nodejs:/usr/lib/node_modules:/usr/share/javascript', 'PWD': '/builds/slave/test', 'PROPERTIES_FILE': '/builds/slave/test/buildprops.json', 'CCACHE_DIR': '/builds/ccache'}}, attempt #1
16:53:57     INFO - Running command: ['/builds/slave/test/build/venv/bin/pip', 'install', '--timeout', '120', '--no-index', '--find-links', 'http://pypi.pvt.build.mozilla.org/pub', '--find-links', 'http://pypi.pub.build.mozilla.org/pub', '--trusted-host', 'pypi.pub.build.mozilla.org', '--trusted-host', 'pypi.pvt.build.mozilla.org', 'jsonschema==2.5.1'] in /builds/slave/test/build
16:53:57     INFO - Copy/paste: /builds/slave/test/build/venv/bin/pip install --timeout 120 --no-index --find-links http://pypi.pvt.build.mozilla.org/pub --find-links http://pypi.pub.build.mozilla.org/pub --trusted-host pypi.pub.build.mozilla.org --trusted-host pypi.pvt.build.mozilla.org jsonschema==2.5.1
16:53:57     INFO - Using env: {'CCACHE_DIR': '/builds/ccache',
16:53:57     INFO -  'CCACHE_UMASK': '002',
16:53:57     INFO -  'DISPLAY': ':0',
16:53:57     INFO -  'HOME': '/home/cltbld',
16:53:57     INFO -  'LANG': 'en_US.UTF-8',
16:53:57     INFO -  'LOGNAME': 'cltbld',
16:53:57     INFO -  'MAIL': '/var/mail/cltbld',
16:53:57     INFO -  'MOZ_HIDE_RESULTS_TABLE': '1',
16:53:57     INFO -  'MOZ_NODE_PATH': '/usr/bin/node',
16:53:57     INFO -  'MOZ_NO_REMOTE': '1',
16:53:57     INFO -  'NODE_PATH': '/usr/lib/nodejs:/usr/lib/node_modules:/usr/share/javascript',
16:53:57     INFO -  'NO_FAIL_ON_TEST_ERRORS': '1',
16:53:57     INFO -  'PATH': '/usr/local/bin:/usr/local/bin:/usr/bin:/bin:/usr/local/games:/usr/games',
16:53:57     INFO -  'PROPERTIES_FILE': '/builds/slave/test/buildprops.json',
16:53:57     INFO -  'PWD': '/builds/slave/test',
16:53:57     INFO -  'SHELL': '/bin/bash',
16:53:57     INFO -  'SHLVL': '1',
16:53:57     INFO -  'TERM': 'linux',
16:53:57     INFO -  'TMOUT': '86400',
16:53:57     INFO -  'USER': 'cltbld',
16:53:57     INFO -  'XDG_SESSION_COOKIE': '9ca12473fbb1d023794ffd180000023c-1528501962.423676-1463798326',
16:53:57     INFO -  '_': '/tools/buildbot/bin/python'}
16:53:58     INFO -  Ignoring indexes: https://pypi.python.org/simple
16:53:58     INFO -  Collecting jsonschema==2.5.1
16:53:58     INFO -  /builds/slave/test/build/venv/lib/python2.7/site-packages/pip/_vendor/requests/packages/urllib3/util/ssl_.py:318: SNIMissingWarning: An HTTPS request has been made, but the SNI (Subject Name Indication) extension to TLS is not available on this platform. This may cause the server to present an incorrect TLS certificate, which can cause validation failures. You can upgrade to a newer version of Python to solve this. For more information, see https://urllib3.readthedocs.org/en/latest/security.html#snimissingwarning.
16:53:58     INFO -    SNIMissingWarning
16:53:58     INFO -  /builds/slave/test/build/venv/lib/python2.7/site-packages/pip/_vendor/requests/packages/urllib3/util/ssl_.py:122: InsecurePlatformWarning: A true SSLContext object is not available. This prevents urllib3 from configuring SSL appropriately and may cause certain SSL connections to fail. You can upgrade to a newer version of Python to solve this. For more information, see https://urllib3.readthedocs.org/en/latest/security.html#insecureplatformwarning.
16:53:58     INFO -    InsecurePlatformWarning
16:54:00     INFO -  /builds/slave/test/build/venv/lib/python2.7/site-packages/pip/_vendor/requests/packages/urllib3/util/ssl_.py:122: InsecurePlatformWarning: A true SSLContext object is not available. This prevents urllib3 from configuring SSL appropriately and may cause certain SSL connections to fail. You can upgrade to a newer version of Python to solve this. For more information, see https://urllib3.readthedocs.org/en/latest/security.html#insecureplatformwarning.
16:54:00     INFO -    InsecurePlatformWarning
16:54:05     INFO -    Downloading https://pypi.pvt.build.mozilla.org/pub/jsonschema-2.5.1-py2.py3-none-any.whl
16:54:05     INFO -  Collecting functools32; python_version == "2.7" (from jsonschema==2.5.1)
16:54:11     INFO -    Downloading https://pypi.pvt.build.mozilla.org/pub/functools32-3.2.3-2.tar.gz
16:54:11     INFO -  Building wheels for collected packages: functools32
16:54:11     INFO -    Running setup.py bdist_wheel for functools32: started
16:54:12     INFO -    Running setup.py bdist_wheel for functools32: finished with status 'done'
16:54:12     INFO -    Stored in directory: /home/cltbld/.cache/pip/wheels/60/8e/5c/cd0944700dbec48e57da97dbe11bcc84b1332f6b43bc89d9b7
16:54:12     INFO -  Successfully built functools32
16:54:12     INFO -  Installing collected packages: functools32, jsonschema
16:54:12     INFO -  Successfully installed functools32-3.2.3.post2 jsonschema-2.5.1
16:54:12     INFO - Return code: 0
16:54:12     INFO - Installing functools32==3.2.3-2 into virtualenv /builds/slave/test/build/venv
16:54:13     INFO - retry: Calling run_command with args: [['/builds/slave/test/build/venv/bin/pip', 'install', '--timeout', '120', '--no-index', '--find-links', 'http://pypi.pvt.build.mozilla.org/pub', '--find-links', 'http://pypi.pub.build.mozilla.org/pub', '--trusted-host', 'pypi.pub.build.mozilla.org', '--trusted-host', 'pypi.pvt.build.mozilla.org', 'functools32==3.2.3-2']], kwargs: {'error_level': 'warning', 'error_list': [{'substr': 'not found or a compiler error:', 'level': 'warning'}, {'regex': <_sre.SRE_Pattern object at 0x7f43176b7110>, 'level': 'error'}, {'regex': <_sre.SRE_Pattern object at 0x7f43177bfe40>, 'level': 'warning'}, {'regex': <_sre.SRE_Pattern object at 0x13d83e0>, 'level': 'debug'}, {'substr': 'command not found', 'level': 'error'}, {'regex': <_sre.SRE_Pattern object at 0x13d4a90>, 'level': 'warning'}, {'substr': 'Traceback (most recent call last)', 'level': 'error'}, {'substr': 'SyntaxError: ', 'level': 'error'}, {'substr': 'TypeError: ', 'level': 'error'}, {'substr': 'NameError: ', 'level': 'error'}, {'substr': 'ZeroDivisionError: ', 'level': 'error'}, {'regex': <_sre.SRE_Pattern object at 0x13d63f0>, 'level': 'critical'}, {'regex': <_sre.SRE_Pattern object at 0x13d6670>, 'level': 'critical'}], 'cwd': '/builds/slave/test/build', 'env': {'TMOUT': '86400', 'LOGNAME': 'cltbld', 'USER': 'cltbld', 'HOME': '/home/cltbld', 'PATH': '/usr/local/bin:/usr/local/bin:/usr/bin:/bin:/usr/local/games:/usr/games', 'DISPLAY': ':0', 'CCACHE_UMASK': '002', 'LANG': 'en_US.UTF-8', 'TERM': 'linux', 'SHELL': '/bin/bash', 'MOZ_NODE_PATH': '/usr/bin/node', 'XDG_SESSION_COOKIE': '9ca12473fbb1d023794ffd180000023c-1528501962.423676-1463798326', 'SHLVL': '1', 'NO_FAIL_ON_TEST_ERRORS': '1', 'MOZ_NO_REMOTE': '1', 'MOZ_HIDE_RESULTS_TABLE': '1', 'MAIL': '/var/mail/cltbld', '_': '/tools/buildbot/bin/python', 'NODE_PATH': '/usr/lib/nodejs:/usr/lib/node_modules:/usr/share/javascript', 'PWD': '/builds/slave/test', 'PROPERTIES_FILE': '/builds/slave/test/buildprops.json', 'CCACHE_DIR': '/builds/ccache'}}, attempt #1
16:54:13     INFO - Running command: ['/builds/slave/test/build/venv/bin/pip', 'install', '--timeout', '120', '--no-index', '--find-links', 'http://pypi.pvt.build.mozilla.org/pub', '--find-links', 'http://pypi.pub.build.mozilla.org/pub', '--trusted-host', 'pypi.pub.build.mozilla.org', '--trusted-host', 'pypi.pvt.build.mozilla.org', 'functools32==3.2.3-2'] in /builds/slave/test/build
16:54:13     INFO - Copy/paste: /builds/slave/test/build/venv/bin/pip install --timeout 120 --no-index --find-links http://pypi.pvt.build.mozilla.org/pub --find-links http://pypi.pub.build.mozilla.org/pub --trusted-host pypi.pub.build.mozilla.org --trusted-host pypi.pvt.build.mozilla.org functools32==3.2.3-2
16:54:13     INFO - Using env: {'CCACHE_DIR': '/builds/ccache',
16:54:13     INFO -  'CCACHE_UMASK': '002',
16:54:13     INFO -  'DISPLAY': ':0',
16:54:13     INFO -  'HOME': '/home/cltbld',
16:54:13     INFO -  'LANG': 'en_US.UTF-8',
16:54:13     INFO -  'LOGNAME': 'cltbld',
16:54:13     INFO -  'MAIL': '/var/mail/cltbld',
16:54:13     INFO -  'MOZ_HIDE_RESULTS_TABLE': '1',
16:54:13     INFO -  'MOZ_NODE_PATH': '/usr/bin/node',
16:54:13     INFO -  'MOZ_NO_REMOTE': '1',
16:54:13     INFO -  'NODE_PATH': '/usr/lib/nodejs:/usr/lib/node_modules:/usr/share/javascript',
16:54:13     INFO -  'NO_FAIL_ON_TEST_ERRORS': '1',
16:54:13     INFO -  'PATH': '/usr/local/bin:/usr/local/bin:/usr/bin:/bin:/usr/local/games:/usr/games',
16:54:13     INFO -  'PROPERTIES_FILE': '/builds/slave/test/buildprops.json',
16:54:13     INFO -  'PWD': '/builds/slave/test',
16:54:13     INFO -  'SHELL': '/bin/bash',
16:54:13     INFO -  'SHLVL': '1',
16:54:13     INFO -  'TERM': 'linux',
16:54:13     INFO -  'TMOUT': '86400',
16:54:13     INFO -  'USER': 'cltbld',
16:54:13     INFO -  'XDG_SESSION_COOKIE': '9ca12473fbb1d023794ffd180000023c-1528501962.423676-1463798326',
16:54:13     INFO -  '_': '/tools/buildbot/bin/python'}
16:54:13     INFO -  Ignoring indexes: https://pypi.python.org/simple
16:54:13     INFO -  Requirement already satisfied (use --upgrade to upgrade): functools32==3.2.3-2 in ./venv/lib/python2.7/site-packages
16:54:13     INFO - Return code: 0
16:54:13     INFO - Installing blobuploader==1.2.4 into virtualenv /builds/slave/test/build/venv
16:54:14     INFO - retry: Calling run_command with args: [['/builds/slave/test/build/venv/bin/pip', 'install', '--timeout', '120', '--no-index', '--find-links', 'http://pypi.pvt.build.mozilla.org/pub', '--find-links', 'http://pypi.pub.build.mozilla.org/pub', '--trusted-host', 'pypi.pub.build.mozilla.org', '--trusted-host', 'pypi.pvt.build.mozilla.org', 'blobuploader==1.2.4']], kwargs: {'error_level': 'warning', 'error_list': [{'substr': 'not found or a compiler error:', 'level': 'warning'}, {'regex': <_sre.SRE_Pattern object at 0x7f43176b7110>, 'level': 'error'}, {'regex': <_sre.SRE_Pattern object at 0x7f43177bfe40>, 'level': 'warning'}, {'regex': <_sre.SRE_Pattern object at 0x13d83e0>, 'level': 'debug'}, {'substr': 'command not found', 'level': 'error'}, {'regex': <_sre.SRE_Pattern object at 0x13d4a90>, 'level': 'warning'}, {'substr': 'Traceback (most recent call last)', 'level': 'error'}, {'substr': 'SyntaxError: ', 'level': 'error'}, {'substr': 'TypeError: ', 'level': 'error'}, {'substr': 'NameError: ', 'level': 'error'}, {'substr': 'ZeroDivisionError: ', 'level': 'error'}, {'regex': <_sre.SRE_Pattern object at 0x13d63f0>, 'level': 'critical'}, {'regex': <_sre.SRE_Pattern object at 0x13d6670>, 'level': 'critical'}], 'cwd': '/builds/slave/test/build', 'env': {'TMOUT': '86400', 'LOGNAME': 'cltbld', 'USER': 'cltbld', 'HOME': '/home/cltbld', 'PATH': '/usr/local/bin:/usr/local/bin:/usr/bin:/bin:/usr/local/games:/usr/games', 'DISPLAY': ':0', 'CCACHE_UMASK': '002', 'LANG': 'en_US.UTF-8', 'TERM': 'linux', 'SHELL': '/bin/bash', 'MOZ_NODE_PATH': '/usr/bin/node', 'XDG_SESSION_COOKIE': '9ca12473fbb1d023794ffd180000023c-1528501962.423676-1463798326', 'SHLVL': '1', 'NO_FAIL_ON_TEST_ERRORS': '1', 'MOZ_NO_REMOTE': '1', 'MOZ_HIDE_RESULTS_TABLE': '1', 'MAIL': '/var/mail/cltbld', '_': '/tools/buildbot/bin/python', 'NODE_PATH': '/usr/lib/nodejs:/usr/lib/node_modules:/usr/share/javascript', 'PWD': '/builds/slave/test', 'PROPERTIES_FILE': '/builds/slave/test/buildprops.json', 'CCACHE_DIR': '/builds/ccache'}}, attempt #1
16:54:14     INFO - Running command: ['/builds/slave/test/build/venv/bin/pip', 'install', '--timeout', '120', '--no-index', '--find-links', 'http://pypi.pvt.build.mozilla.org/pub', '--find-links', 'http://pypi.pub.build.mozilla.org/pub', '--trusted-host', 'pypi.pub.build.mozilla.org', '--trusted-host', 'pypi.pvt.build.mozilla.org', 'blobuploader==1.2.4'] in /builds/slave/test/build
16:54:14     INFO - Copy/paste: /builds/slave/test/build/venv/bin/pip install --timeout 120 --no-index --find-links http://pypi.pvt.build.mozilla.org/pub --find-links http://pypi.pub.build.mozilla.org/pub --trusted-host pypi.pub.build.mozilla.org --trusted-host pypi.pvt.build.mozilla.org blobuploader==1.2.4
16:54:14     INFO - Using env: {'CCACHE_DIR': '/builds/ccache',
16:54:14     INFO -  'CCACHE_UMASK': '002',
16:54:14     INFO -  'DISPLAY': ':0',
16:54:14     INFO -  'HOME': '/home/cltbld',
16:54:14     INFO -  'LANG': 'en_US.UTF-8',
16:54:14     INFO -  'LOGNAME': 'cltbld',
16:54:14     INFO -  'MAIL': '/var/mail/cltbld',
16:54:14     INFO -  'MOZ_HIDE_RESULTS_TABLE': '1',
16:54:14     INFO -  'MOZ_NODE_PATH': '/usr/bin/node',
16:54:14     INFO -  'MOZ_NO_REMOTE': '1',
16:54:14     INFO -  'NODE_PATH': '/usr/lib/nodejs:/usr/lib/node_modules:/usr/share/javascript',
16:54:14     INFO -  'NO_FAIL_ON_TEST_ERRORS': '1',
16:54:14     INFO -  'PATH': '/usr/local/bin:/usr/local/bin:/usr/bin:/bin:/usr/local/games:/usr/games',
16:54:14     INFO -  'PROPERTIES_FILE': '/builds/slave/test/buildprops.json',
16:54:14     INFO -  'PWD': '/builds/slave/test',
16:54:14     INFO -  'SHELL': '/bin/bash',
16:54:14     INFO -  'SHLVL': '1',
16:54:14     INFO -  'TERM': 'linux',
16:54:14     INFO -  'TMOUT': '86400',
16:54:14     INFO -  'USER': 'cltbld',
16:54:14     INFO -  'XDG_SESSION_COOKIE': '9ca12473fbb1d023794ffd180000023c-1528501962.423676-1463798326',
16:54:14     INFO -  '_': '/tools/buildbot/bin/python'}
16:54:14     INFO -  Ignoring indexes: https://pypi.python.org/simple
16:54:14     INFO -  Collecting blobuploader==1.2.4
16:54:15     INFO -  /builds/slave/test/build/venv/lib/python2.7/site-packages/pip/_vendor/requests/packages/urllib3/util/ssl_.py:318: SNIMissingWarning: An HTTPS request has been made, but the SNI (Subject Name Indication) extension to TLS is not available on this platform. This may cause the server to present an incorrect TLS certificate, which can cause validation failures. You can upgrade to a newer version of Python to solve this. For more information, see https://urllib3.readthedocs.org/en/latest/security.html#snimissingwarning.
16:54:15     INFO -    SNIMissingWarning
16:54:15     INFO -  /builds/slave/test/build/venv/lib/python2.7/site-packages/pip/_vendor/requests/packages/urllib3/util/ssl_.py:122: InsecurePlatformWarning: A true SSLContext object is not available. This prevents urllib3 from configuring SSL appropriately and may cause certain SSL connections to fail. You can upgrade to a newer version of Python to solve this. For more information, see https://urllib3.readthedocs.org/en/latest/security.html#insecureplatformwarning.
16:54:15     INFO -    InsecurePlatformWarning
16:54:16     INFO -  /builds/slave/test/build/venv/lib/python2.7/site-packages/pip/_vendor/requests/packages/urllib3/util/ssl_.py:122: InsecurePlatformWarning: A true SSLContext object is not available. This prevents urllib3 from configuring SSL appropriately and may cause certain SSL connections to fail. You can upgrade to a newer version of Python to solve this. For more information, see https://urllib3.readthedocs.org/en/latest/security.html#insecureplatformwarning.
16:54:16     INFO -    InsecurePlatformWarning
16:54:22     INFO -    Downloading https://pypi.pvt.build.mozilla.org/pub/blobuploader-1.2.4.tar.gz
16:54:22     INFO -  Collecting requests==1.2.3. (from blobuploader==1.2.4)
16:54:28     INFO -    Downloading https://pypi.pvt.build.mozilla.org/pub/requests-1.2.3.tar.gz (348kB)
16:54:29     INFO -  Collecting docopt==0.6.1 (from blobuploader==1.2.4)
16:54:35     INFO -    Downloading https://pypi.pvt.build.mozilla.org/pub/docopt-0.6.1.tar.gz
16:54:35     INFO -  Building wheels for collected packages: blobuploader, requests, docopt
16:54:35     INFO -    Running setup.py bdist_wheel for blobuploader: started
16:54:36     INFO -    Running setup.py bdist_wheel for blobuploader: finished with status 'done'
16:54:36     INFO -    Stored in directory: /home/cltbld/.cache/pip/wheels/a7/2a/47/2d3828e4129ffeb548a26f4a87889dc9bc1a58e201a0ff8655
16:54:36     INFO -    Running setup.py bdist_wheel for requests: started
16:54:36     INFO -    Running setup.py bdist_wheel for requests: finished with status 'done'
16:54:36     INFO -    Stored in directory: /home/cltbld/.cache/pip/wheels/65/bb/90/359b65a7043ffc879dde877c4ad827f452218808c6cccf2658
16:54:36     INFO -    Running setup.py bdist_wheel for docopt: started
16:54:37     INFO -    Running setup.py bdist_wheel for docopt: finished with status 'done'
16:54:37     INFO -    Stored in directory: /home/cltbld/.cache/pip/wheels/ac/8b/84/7dbe9ada02c48c352fa733c81648516f92c6436f9d5bffad41
16:54:37     INFO -  Successfully built blobuploader requests docopt
16:54:37     INFO -  Installing collected packages: requests, docopt, blobuploader
16:54:37     INFO -  Successfully installed blobuploader-1.2.4 docopt-0.6.1 requests-1.2.3
16:54:38     INFO - Return code: 0
16:54:38     INFO - Installing None into virtualenv /builds/slave/test/build/venv
16:54:38     INFO - retry: Calling run_command with args: [['/builds/slave/test/build/venv/bin/pip', 'install', '--no-deps', '--timeout', '120', '-r', '/builds/slave/test/build/tests/config/mozbase_requirements.txt', '--no-index', '--find-links', 'http://pypi.pvt.build.mozilla.org/pub', '--find-links', 'http://pypi.pub.build.mozilla.org/pub', '--trusted-host', 'pypi.pub.build.mozilla.org', '--trusted-host', 'pypi.pvt.build.mozilla.org']], kwargs: {'error_level': 'warning', 'error_list': [{'substr': 'not found or a compiler error:', 'level': 'warning'}, {'regex': <_sre.SRE_Pattern object at 0x7f43176b7110>, 'level': 'error'}, {'regex': <_sre.SRE_Pattern object at 0x7f43177bfe40>, 'level': 'warning'}, {'regex': <_sre.SRE_Pattern object at 0x13d83e0>, 'level': 'debug'}, {'substr': 'command not found', 'level': 'error'}, {'regex': <_sre.SRE_Pattern object at 0x13d4a90>, 'level': 'warning'}, {'substr': 'Traceback (most recent call last)', 'level': 'error'}, {'substr': 'SyntaxError: ', 'level': 'error'}, {'substr': 'TypeError: ', 'level': 'error'}, {'substr': 'NameError: ', 'level': 'error'}, {'substr': 'ZeroDivisionError: ', 'level': 'error'}, {'regex': <_sre.SRE_Pattern object at 0x13d63f0>, 'level': 'critical'}, {'regex': <_sre.SRE_Pattern object at 0x13d6670>, 'level': 'critical'}], 'cwd': '/builds/slave/test/build/tests/config', 'env': {'TMOUT': '86400', 'LOGNAME': 'cltbld', 'USER': 'cltbld', 'HOME': '/home/cltbld', 'PATH': '/usr/local/bin:/usr/local/bin:/usr/bin:/bin:/usr/local/games:/usr/games', 'DISPLAY': ':0', 'CCACHE_UMASK': '002', 'LANG': 'en_US.UTF-8', 'TERM': 'linux', 'SHELL': '/bin/bash', 'MOZ_NODE_PATH': '/usr/bin/node', 'XDG_SESSION_COOKIE': '9ca12473fbb1d023794ffd180000023c-1528501962.423676-1463798326', 'SHLVL': '1', 'NO_FAIL_ON_TEST_ERRORS': '1', 'MOZ_NO_REMOTE': '1', 'MOZ_HIDE_RESULTS_TABLE': '1', 'MAIL': '/var/mail/cltbld', '_': '/tools/buildbot/bin/python', 'NODE_PATH': '/usr/lib/nodejs:/usr/lib/node_modules:/usr/share/javascript', 'PWD': '/builds/slave/test', 'PROPERTIES_FILE': '/builds/slave/test/buildprops.json', 'CCACHE_DIR': '/builds/ccache'}}, attempt #1
16:54:38     INFO - Running command: ['/builds/slave/test/build/venv/bin/pip', 'install', '--no-deps', '--timeout', '120', '-r', '/builds/slave/test/build/tests/config/mozbase_requirements.txt', '--no-index', '--find-links', 'http://pypi.pvt.build.mozilla.org/pub', '--find-links', 'http://pypi.pub.build.mozilla.org/pub', '--trusted-host', 'pypi.pub.build.mozilla.org', '--trusted-host', 'pypi.pvt.build.mozilla.org'] in /builds/slave/test/build/tests/config
16:54:38     INFO - Copy/paste: /builds/slave/test/build/venv/bin/pip install --no-deps --timeout 120 -r /builds/slave/test/build/tests/config/mozbase_requirements.txt --no-index --find-links http://pypi.pvt.build.mozilla.org/pub --find-links http://pypi.pub.build.mozilla.org/pub --trusted-host pypi.pub.build.mozilla.org --trusted-host pypi.pvt.build.mozilla.org
16:54:38     INFO - Using env: {'CCACHE_DIR': '/builds/ccache',
16:54:38     INFO -  'CCACHE_UMASK': '002',
16:54:38     INFO -  'DISPLAY': ':0',
16:54:38     INFO -  'HOME': '/home/cltbld',
16:54:38     INFO -  'LANG': 'en_US.UTF-8',
16:54:38     INFO -  'LOGNAME': 'cltbld',
16:54:38     INFO -  'MAIL': '/var/mail/cltbld',
16:54:38     INFO -  'MOZ_HIDE_RESULTS_TABLE': '1',
16:54:38     INFO -  'MOZ_NODE_PATH': '/usr/bin/node',
16:54:38     INFO -  'MOZ_NO_REMOTE': '1',
16:54:38     INFO -  'NODE_PATH': '/usr/lib/nodejs:/usr/lib/node_modules:/usr/share/javascript',
16:54:38     INFO -  'NO_FAIL_ON_TEST_ERRORS': '1',
16:54:38     INFO -  'PATH': '/usr/local/bin:/usr/local/bin:/usr/bin:/bin:/usr/local/games:/usr/games',
16:54:38     INFO -  'PROPERTIES_FILE': '/builds/slave/test/buildprops.json',
16:54:38     INFO -  'PWD': '/builds/slave/test',
16:54:38     INFO -  'SHELL': '/bin/bash',
16:54:38     INFO -  'SHLVL': '1',
16:54:38     INFO -  'TERM': 'linux',
16:54:38     INFO -  'TMOUT': '86400',
16:54:38     INFO -  'USER': 'cltbld',
16:54:38     INFO -  'XDG_SESSION_COOKIE': '9ca12473fbb1d023794ffd180000023c-1528501962.423676-1463798326',
16:54:38     INFO -  '_': '/tools/buildbot/bin/python'}
16:54:39     INFO -  Ignoring indexes: https://pypi.python.org/simple
16:54:39     INFO -  Processing /builds/slave/test/build/tests/mozbase/manifestparser
16:54:39     INFO -  Processing /builds/slave/test/build/tests/mozbase/mozcrash
16:54:40     INFO -  Processing /builds/slave/test/build/tests/mozbase/mozdebug
16:54:40     INFO -  Processing /builds/slave/test/build/tests/mozbase/mozdevice
16:54:40     INFO -  Processing /builds/slave/test/build/tests/mozbase/mozfile
16:54:41     INFO -  Processing /builds/slave/test/build/tests/mozbase/mozhttpd
16:54:41     INFO -  Processing /builds/slave/test/build/tests/mozbase/mozinfo
16:54:41     INFO -  Processing /builds/slave/test/build/tests/mozbase/mozinstall
16:54:42     INFO -  Processing /builds/slave/test/build/tests/mozbase/mozleak
16:54:42     INFO -  Processing /builds/slave/test/build/tests/mozbase/mozlog
16:54:42     INFO -  Processing /builds/slave/test/build/tests/mozbase/moznetwork
16:54:43     INFO -  Processing /builds/slave/test/build/tests/mozbase/mozprocess
16:54:43     INFO -  Processing /builds/slave/test/build/tests/mozbase/mozprofile
16:54:43     INFO -  Processing /builds/slave/test/build/tests/mozbase/mozrunner
16:54:44     INFO -  Processing /builds/slave/test/build/tests/mozbase/mozscreenshot
16:54:44     INFO -  Processing /builds/slave/test/build/tests/mozbase/moztest
16:54:44     INFO -  Processing /builds/slave/test/build/tests/mozbase/mozversion
16:54:45     INFO -  Installing collected packages: manifestparser, mozcrash, mozdebug, mozdevice, mozfile, mozhttpd, mozinfo, mozInstall, mozleak, mozlog, moznetwork, mozprocess, mozprofile, mozrunner, mozscreenshot, moztest, mozversion
16:54:45     INFO -    Running setup.py install for manifestparser: started
16:54:45     INFO -      Running setup.py install for manifestparser: finished with status 'done'
16:54:45     INFO -    Running setup.py install for mozcrash: started
16:54:46     INFO -      Running setup.py install for mozcrash: finished with status 'done'
16:54:46     INFO -    Running setup.py install for mozdebug: started
16:54:46     INFO -      Running setup.py install for mozdebug: finished with status 'done'
16:54:46     INFO -    Running setup.py install for mozdevice: started
16:54:47     INFO -      Running setup.py install for mozdevice: finished with status 'done'
16:54:47     INFO -    Running setup.py install for mozfile: started
16:54:47     INFO -      Running setup.py install for mozfile: finished with status 'done'
16:54:47     INFO -    Running setup.py install for mozhttpd: started
16:54:47     INFO -      Running setup.py install for mozhttpd: finished with status 'done'
16:54:47     INFO -    Running setup.py install for mozinfo: started
16:54:48     INFO -      Running setup.py install for mozinfo: finished with status 'done'
16:54:48     INFO -    Running setup.py install for mozInstall: started
16:54:48     INFO -      Running setup.py install for mozInstall: finished with status 'done'
16:54:48     INFO -    Running setup.py install for mozleak: started
16:54:49     INFO -      Running setup.py install for mozleak: finished with status 'done'
16:54:49     INFO -    Running setup.py install for mozlog: started
16:54:49     INFO -      Running setup.py install for mozlog: finished with status 'done'
16:54:49     INFO -    Running setup.py install for moznetwork: started
16:54:49     INFO -      Running setup.py install for moznetwork: finished with status 'done'
16:54:50     INFO -    Running setup.py install for mozprocess: started
16:54:50     INFO -      Running setup.py install for mozprocess: finished with status 'done'
16:54:50     INFO -    Running setup.py install for mozprofile: started
16:54:50     INFO -      Running setup.py install for mozprofile: finished with status 'done'
16:54:50     INFO -    Running setup.py install for mozrunner: started
16:54:51     INFO -      Running setup.py install for mozrunner: finished with status 'done'
16:54:51     INFO -    Running setup.py install for mozscreenshot: started
16:54:51     INFO -      Running setup.py install for mozscreenshot: finished with status 'done'
16:54:51     INFO -    Running setup.py install for moztest: started
16:54:52     INFO -      Running setup.py install for moztest: finished with status 'done'
16:54:52     INFO -    Running setup.py install for mozversion: started
16:54:52     INFO -      Running setup.py install for mozversion: finished with status 'done'
16:54:53     INFO -  Successfully installed manifestparser-1.1 mozInstall-1.12 mozcrash-1.0 mozdebug-0.1 mozdevice-0.48 mozfile-1.2 mozhttpd-0.7 mozinfo-0.9 mozleak-0.1 mozlog-3.4 moznetwork-0.27 mozprocess-0.23 mozprofile-0.28 mozrunner-6.13 mozscreenshot-0.1 moztest-0.8 mozversion-1.4
16:54:53     INFO - Return code: 0
16:54:53     INFO - Installing None into virtualenv /builds/slave/test/build/venv
16:54:53     INFO - retry: Calling run_command with args: [['/builds/slave/test/build/venv/bin/pip', 'install', '--timeout', '120', '-r', '/builds/slave/test/build/tests/config/mozbase_requirements.txt', '--no-index', '--find-links', 'http://pypi.pvt.build.mozilla.org/pub', '--find-links', 'http://pypi.pub.build.mozilla.org/pub', '--trusted-host', 'pypi.pub.build.mozilla.org', '--trusted-host', 'pypi.pvt.build.mozilla.org']], kwargs: {'error_level': 'warning', 'error_list': [{'substr': 'not found or a compiler error:', 'level': 'warning'}, {'regex': <_sre.SRE_Pattern object at 0x7f43176b7110>, 'level': 'error'}, {'regex': <_sre.SRE_Pattern object at 0x7f43177bfe40>, 'level': 'warning'}, {'regex': <_sre.SRE_Pattern object at 0x13d83e0>, 'level': 'debug'}, {'substr': 'command not found', 'level': 'error'}, {'regex': <_sre.SRE_Pattern object at 0x13d4a90>, 'level': 'warning'}, {'substr': 'Traceback (most recent call last)', 'level': 'error'}, {'substr': 'SyntaxError: ', 'level': 'error'}, {'substr': 'TypeError: ', 'level': 'error'}, {'substr': 'NameError: ', 'level': 'error'}, {'substr': 'ZeroDivisionError: ', 'level': 'error'}, {'regex': <_sre.SRE_Pattern object at 0x13d63f0>, 'level': 'critical'}, {'regex': <_sre.SRE_Pattern object at 0x13d6670>, 'level': 'critical'}], 'cwd': '/builds/slave/test/build/tests/config', 'env': {'TMOUT': '86400', 'LOGNAME': 'cltbld', 'USER': 'cltbld', 'HOME': '/home/cltbld', 'PATH': '/usr/local/bin:/usr/local/bin:/usr/bin:/bin:/usr/local/games:/usr/games', 'DISPLAY': ':0', 'CCACHE_UMASK': '002', 'LANG': 'en_US.UTF-8', 'TERM': 'linux', 'SHELL': '/bin/bash', 'MOZ_NODE_PATH': '/usr/bin/node', 'XDG_SESSION_COOKIE': '9ca12473fbb1d023794ffd180000023c-1528501962.423676-1463798326', 'SHLVL': '1', 'NO_FAIL_ON_TEST_ERRORS': '1', 'MOZ_NO_REMOTE': '1', 'MOZ_HIDE_RESULTS_TABLE': '1', 'MAIL': '/var/mail/cltbld', '_': '/tools/buildbot/bin/python', 'NODE_PATH': '/usr/lib/nodejs:/usr/lib/node_modules:/usr/share/javascript', 'PWD': '/builds/slave/test', 'PROPERTIES_FILE': '/builds/slave/test/buildprops.json', 'CCACHE_DIR': '/builds/ccache'}}, attempt #1
16:54:53     INFO - Running command: ['/builds/slave/test/build/venv/bin/pip', 'install', '--timeout', '120', '-r', '/builds/slave/test/build/tests/config/mozbase_requirements.txt', '--no-index', '--find-links', 'http://pypi.pvt.build.mozilla.org/pub', '--find-links', 'http://pypi.pub.build.mozilla.org/pub', '--trusted-host', 'pypi.pub.build.mozilla.org', '--trusted-host', 'pypi.pvt.build.mozilla.org'] in /builds/slave/test/build/tests/config
16:54:53     INFO - Copy/paste: /builds/slave/test/build/venv/bin/pip install --timeout 120 -r /builds/slave/test/build/tests/config/mozbase_requirements.txt --no-index --find-links http://pypi.pvt.build.mozilla.org/pub --find-links http://pypi.pub.build.mozilla.org/pub --trusted-host pypi.pub.build.mozilla.org --trusted-host pypi.pvt.build.mozilla.org
16:54:53     INFO - Using env: {'CCACHE_DIR': '/builds/ccache',
16:54:53     INFO -  'CCACHE_UMASK': '002',
16:54:53     INFO -  'DISPLAY': ':0',
16:54:53     INFO -  'HOME': '/home/cltbld',
16:54:53     INFO -  'LANG': 'en_US.UTF-8',
16:54:53     INFO -  'LOGNAME': 'cltbld',
16:54:53     INFO -  'MAIL': '/var/mail/cltbld',
16:54:53     INFO -  'MOZ_HIDE_RESULTS_TABLE': '1',
16:54:53     INFO -  'MOZ_NODE_PATH': '/usr/bin/node',
16:54:53     INFO -  'MOZ_NO_REMOTE': '1',
16:54:53     INFO -  'NODE_PATH': '/usr/lib/nodejs:/usr/lib/node_modules:/usr/share/javascript',
16:54:53     INFO -  'NO_FAIL_ON_TEST_ERRORS': '1',
16:54:53     INFO -  'PATH': '/usr/local/bin:/usr/local/bin:/usr/bin:/bin:/usr/local/games:/usr/games',
16:54:53     INFO -  'PROPERTIES_FILE': '/builds/slave/test/buildprops.json',
16:54:53     INFO -  'PWD': '/builds/slave/test',
16:54:53     INFO -  'SHELL': '/bin/bash',
16:54:53     INFO -  'SHLVL': '1',
16:54:53     INFO -  'TERM': 'linux',
16:54:53     INFO -  'TMOUT': '86400',
16:54:53     INFO -  'USER': 'cltbld',
16:54:53     INFO -  'XDG_SESSION_COOKIE': '9ca12473fbb1d023794ffd180000023c-1528501962.423676-1463798326',
16:54:53     INFO -  '_': '/tools/buildbot/bin/python'}
16:54:54     INFO -  Ignoring indexes: https://pypi.python.org/simple
16:54:54     INFO -  Processing /builds/slave/test/build/tests/mozbase/manifestparser
16:54:54     INFO -    Requirement already satisfied (use --upgrade to upgrade): manifestparser==1.1 from file:///builds/slave/test/build/tests/mozbase/manifestparser in /builds/slave/test/build/venv/lib/python2.7/site-packages (from -r /builds/slave/test/build/tests/config/mozbase_requirements.txt (line 1))
16:54:54     INFO -  Processing /builds/slave/test/build/tests/mozbase/mozcrash
16:54:55     INFO -    Requirement already satisfied (use --upgrade to upgrade): mozcrash==1.0 from file:///builds/slave/test/build/tests/mozbase/mozcrash in /builds/slave/test/build/venv/lib/python2.7/site-packages (from -r /builds/slave/test/build/tests/config/mozbase_requirements.txt (line 2))
16:54:55     INFO -  Processing /builds/slave/test/build/tests/mozbase/mozdebug
16:54:55     INFO -    Requirement already satisfied (use --upgrade to upgrade): mozdebug==0.1 from file:///builds/slave/test/build/tests/mozbase/mozdebug in /builds/slave/test/build/venv/lib/python2.7/site-packages (from -r /builds/slave/test/build/tests/config/mozbase_requirements.txt (line 3))
16:54:55     INFO -  Processing /builds/slave/test/build/tests/mozbase/mozdevice
16:54:56     INFO -    Requirement already satisfied (use --upgrade to upgrade): mozdevice==0.48 from file:///builds/slave/test/build/tests/mozbase/mozdevice in /builds/slave/test/build/venv/lib/python2.7/site-packages (from -r /builds/slave/test/build/tests/config/mozbase_requirements.txt (line 4))
16:54:56     INFO -  Processing /builds/slave/test/build/tests/mozbase/mozfile
16:54:56     INFO -    Requirement already satisfied (use --upgrade to upgrade): mozfile==1.2 from file:///builds/slave/test/build/tests/mozbase/mozfile in /builds/slave/test/build/venv/lib/python2.7/site-packages (from -r /builds/slave/test/build/tests/config/mozbase_requirements.txt (line 5))
16:54:56     INFO -  Processing /builds/slave/test/build/tests/mozbase/mozhttpd
16:54:56     INFO -    Requirement already satisfied (use --upgrade to upgrade): mozhttpd==0.7 from file:///builds/slave/test/build/tests/mozbase/mozhttpd in /builds/slave/test/build/venv/lib/python2.7/site-packages (from -r /builds/slave/test/build/tests/config/mozbase_requirements.txt (line 6))
16:54:56     INFO -  Processing /builds/slave/test/build/tests/mozbase/mozinfo
16:54:57     INFO -    Requirement already satisfied (use --upgrade to upgrade): mozinfo==0.9 from file:///builds/slave/test/build/tests/mozbase/mozinfo in /builds/slave/test/build/venv/lib/python2.7/site-packages (from -r /builds/slave/test/build/tests/config/mozbase_requirements.txt (line 7))
16:54:57     INFO -  Processing /builds/slave/test/build/tests/mozbase/mozinstall
16:54:57     INFO -    Requirement already satisfied (use --upgrade to upgrade): mozInstall==1.12 from file:///builds/slave/test/build/tests/mozbase/mozinstall in /builds/slave/test/build/venv/lib/python2.7/site-packages (from -r /builds/slave/test/build/tests/config/mozbase_requirements.txt (line 8))
16:54:57     INFO -  Processing /builds/slave/test/build/tests/mozbase/mozleak
16:54:57     INFO -    Requirement already satisfied (use --upgrade to upgrade): mozleak==0.1 from file:///builds/slave/test/build/tests/mozbase/mozleak in /builds/slave/test/build/venv/lib/python2.7/site-packages (from -r /builds/slave/test/build/tests/config/mozbase_requirements.txt (line 9))
16:54:57     INFO -  Processing /builds/slave/test/build/tests/mozbase/mozlog
16:54:58     INFO -    Requirement already satisfied (use --upgrade to upgrade): mozlog==3.4 from file:///builds/slave/test/build/tests/mozbase/mozlog in /builds/slave/test/build/venv/lib/python2.7/site-packages (from -r /builds/slave/test/build/tests/config/mozbase_requirements.txt (line 10))
16:54:58     INFO -  Processing /builds/slave/test/build/tests/mozbase/moznetwork
16:54:58     INFO -    Requirement already satisfied (use --upgrade to upgrade): moznetwork==0.27 from file:///builds/slave/test/build/tests/mozbase/moznetwork in /builds/slave/test/build/venv/lib/python2.7/site-packages (from -r /builds/slave/test/build/tests/config/mozbase_requirements.txt (line 11))
16:54:58     INFO -  Processing /builds/slave/test/build/tests/mozbase/mozprocess
16:54:59     INFO -    Requirement already satisfied (use --upgrade to upgrade): mozprocess==0.23 from file:///builds/slave/test/build/tests/mozbase/mozprocess in /builds/slave/test/build/venv/lib/python2.7/site-packages (from -r /builds/slave/test/build/tests/config/mozbase_requirements.txt (line 12))
16:54:59     INFO -  Processing /builds/slave/test/build/tests/mozbase/mozprofile
16:54:59     INFO -    Requirement already satisfied (use --upgrade to upgrade): mozprofile==0.28 from file:///builds/slave/test/build/tests/mozbase/mozprofile in /builds/slave/test/build/venv/lib/python2.7/site-packages (from -r /builds/slave/test/build/tests/config/mozbase_requirements.txt (line 13))
16:54:59     INFO -  Processing /builds/slave/test/build/tests/mozbase/mozrunner
16:54:59     INFO -    Requirement already satisfied (use --upgrade to upgrade): mozrunner==6.13 from file:///builds/slave/test/build/tests/mozbase/mozrunner in /builds/slave/test/build/venv/lib/python2.7/site-packages (from -r /builds/slave/test/build/tests/config/mozbase_requirements.txt (line 14))
16:54:59     INFO -  Processing /builds/slave/test/build/tests/mozbase/mozscreenshot
16:55:00     INFO -    Requirement already satisfied (use --upgrade to upgrade): mozscreenshot==0.1 from file:///builds/slave/test/build/tests/mozbase/mozscreenshot in /builds/slave/test/build/venv/lib/python2.7/site-packages (from -r /builds/slave/test/build/tests/config/mozbase_requirements.txt (line 15))
16:55:00     INFO -  Processing /builds/slave/test/build/tests/mozbase/moztest
16:55:00     INFO -    Requirement already satisfied (use --upgrade to upgrade): moztest==0.8 from file:///builds/slave/test/build/tests/mozbase/moztest in /builds/slave/test/build/venv/lib/python2.7/site-packages (from -r /builds/slave/test/build/tests/config/mozbase_requirements.txt (line 16))
16:55:00     INFO -  Processing /builds/slave/test/build/tests/mozbase/mozversion
16:55:00     INFO -    Requirement already satisfied (use --upgrade to upgrade): mozversion==1.4 from file:///builds/slave/test/build/tests/mozbase/mozversion in /builds/slave/test/build/venv/lib/python2.7/site-packages (from -r /builds/slave/test/build/tests/config/mozbase_requirements.txt (line 17))
16:55:00     INFO -  Requirement already satisfied (use --upgrade to upgrade): mozfile>=1.0 in /builds/slave/test/build/venv/lib/python2.7/site-packages (from mozcrash==1.0->-r /builds/slave/test/build/tests/config/mozbase_requirements.txt (line 2))
16:55:00     INFO -  Requirement already satisfied (use --upgrade to upgrade): mozlog>=3.0 in /builds/slave/test/build/venv/lib/python2.7/site-packages (from mozcrash==1.0->-r /builds/slave/test/build/tests/config/mozbase_requirements.txt (line 2))
16:55:01     INFO -  Requirement already satisfied (use --upgrade to upgrade): mozinfo in /builds/slave/test/build/venv/lib/python2.7/site-packages (from mozdebug==0.1->-r /builds/slave/test/build/tests/config/mozbase_requirements.txt (line 3))
16:55:01     INFO -  Requirement already satisfied (use --upgrade to upgrade): moznetwork>=0.24 in /builds/slave/test/build/venv/lib/python2.7/site-packages (from mozdevice==0.48->-r /builds/slave/test/build/tests/config/mozbase_requirements.txt (line 4))
16:55:01     INFO -  Requirement already satisfied (use --upgrade to upgrade): mozprocess>=0.19 in /builds/slave/test/build/venv/lib/python2.7/site-packages (from mozdevice==0.48->-r /builds/slave/test/build/tests/config/mozbase_requirements.txt (line 4))
16:55:01     INFO -  Collecting blessings>=1.3 (from mozlog==3.4->-r /builds/slave/test/build/tests/config/mozbase_requirements.txt (line 10))
16:55:01     INFO -  /builds/slave/test/build/venv/lib/python2.7/site-packages/pip/_vendor/requests/packages/urllib3/util/ssl_.py:318: SNIMissingWarning: An HTTPS request has been made, but the SNI (Subject Name Indication) extension to TLS is not available on this platform. This may cause the server to present an incorrect TLS certificate, which can cause validation failures. You can upgrade to a newer version of Python to solve this. For more information, see https://urllib3.readthedocs.org/en/latest/security.html#snimissingwarning.
16:55:01     INFO -    SNIMissingWarning
16:55:01     INFO -  /builds/slave/test/build/venv/lib/python2.7/site-packages/pip/_vendor/requests/packages/urllib3/util/ssl_.py:122: InsecurePlatformWarning: A true SSLContext object is not available. This prevents urllib3 from configuring SSL appropriately and may cause certain SSL connections to fail. You can upgrade to a newer version of Python to solve this. For more information, see https://urllib3.readthedocs.org/en/latest/security.html#insecureplatformwarning.
16:55:01     INFO -    InsecurePlatformWarning
16:55:03     INFO -  /builds/slave/test/build/venv/lib/python2.7/site-packages/pip/_vendor/requests/packages/urllib3/util/ssl_.py:122: InsecurePlatformWarning: A true SSLContext object is not available. This prevents urllib3 from configuring SSL appropriately and may cause certain SSL connections to fail. You can upgrade to a newer version of Python to solve this. For more information, see https://urllib3.readthedocs.org/en/latest/security.html#insecureplatformwarning.
16:55:03     INFO -    InsecurePlatformWarning
16:55:08     INFO -    Downloading https://pypi.pvt.build.mozilla.org/pub/blessings-1.6.tar.gz
16:55:09     INFO -  Building wheels for collected packages: blessings
16:55:09     INFO -    Running setup.py bdist_wheel for blessings: started
16:55:09     INFO -    Running setup.py bdist_wheel for blessings: finished with status 'done'
16:55:09     INFO -    Stored in directory: /home/cltbld/.cache/pip/wheels/fb/37/ae/c6b15ed5da2ead5847df54c8319487050d4dcc950c9795eae9
16:55:09     INFO -  Successfully built blessings
16:55:09     INFO -  Installing collected packages: blessings
16:55:09     INFO -  Successfully installed blessings-1.6
16:55:10     INFO - Return code: 0
16:55:10     INFO - Installing pip>=1.5 into virtualenv /builds/slave/test/build/venv
16:55:10     INFO - retry: Calling run_command with args: [['/builds/slave/test/build/venv/bin/pip', 'install', '--timeout', '120', '--no-index', '--find-links', 'http://pypi.pvt.build.mozilla.org/pub', '--find-links', 'http://pypi.pub.build.mozilla.org/pub', '--trusted-host', 'pypi.pub.build.mozilla.org', '--trusted-host', 'pypi.pvt.build.mozilla.org', 'pip>=1.5']], kwargs: {'error_level': 'warning', 'error_list': [{'substr': 'not found or a compiler error:', 'level': 'warning'}, {'regex': <_sre.SRE_Pattern object at 0x7f43176b7110>, 'level': 'error'}, {'regex': <_sre.SRE_Pattern object at 0x7f43177bfe40>, 'level': 'warning'}, {'regex': <_sre.SRE_Pattern object at 0x13d83e0>, 'level': 'debug'}, {'substr': 'command not found', 'level': 'error'}, {'regex': <_sre.SRE_Pattern object at 0x13d4a90>, 'level': 'warning'}, {'substr': 'Traceback (most recent call last)', 'level': 'error'}, {'substr': 'SyntaxError: ', 'level': 'error'}, {'substr': 'TypeError: ', 'level': 'error'}, {'substr': 'NameError: ', 'level': 'error'}, {'substr': 'ZeroDivisionError: ', 'level': 'error'}, {'regex': <_sre.SRE_Pattern object at 0x13d63f0>, 'level': 'critical'}, {'regex': <_sre.SRE_Pattern object at 0x13d6670>, 'level': 'critical'}], 'cwd': '/builds/slave/test/build', 'env': {'TMOUT': '86400', 'LOGNAME': 'cltbld', 'USER': 'cltbld', 'HOME': '/home/cltbld', 'PATH': '/usr/local/bin:/usr/local/bin:/usr/bin:/bin:/usr/local/games:/usr/games', 'DISPLAY': ':0', 'CCACHE_UMASK': '002', 'LANG': 'en_US.UTF-8', 'TERM': 'linux', 'SHELL': '/bin/bash', 'MOZ_NODE_PATH': '/usr/bin/node', 'XDG_SESSION_COOKIE': '9ca12473fbb1d023794ffd180000023c-1528501962.423676-1463798326', 'SHLVL': '1', 'NO_FAIL_ON_TEST_ERRORS': '1', 'MOZ_NO_REMOTE': '1', 'MOZ_HIDE_RESULTS_TABLE': '1', 'MAIL': '/var/mail/cltbld', '_': '/tools/buildbot/bin/python', 'NODE_PATH': '/usr/lib/nodejs:/usr/lib/node_modules:/usr/share/javascript', 'PWD': '/builds/slave/test', 'PROPERTIES_FILE': '/builds/slave/test/buildprops.json', 'CCACHE_DIR': '/builds/ccache'}}, attempt #1
16:55:10     INFO - Running command: ['/builds/slave/test/build/venv/bin/pip', 'install', '--timeout', '120', '--no-index', '--find-links', 'http://pypi.pvt.build.mozilla.org/pub', '--find-links', 'http://pypi.pub.build.mozilla.org/pub', '--trusted-host', 'pypi.pub.build.mozilla.org', '--trusted-host', 'pypi.pvt.build.mozilla.org', 'pip>=1.5'] in /builds/slave/test/build
16:55:10     INFO - Copy/paste: /builds/slave/test/build/venv/bin/pip install --timeout 120 --no-index --find-links http://pypi.pvt.build.mozilla.org/pub --find-links http://pypi.pub.build.mozilla.org/pub --trusted-host pypi.pub.build.mozilla.org --trusted-host pypi.pvt.build.mozilla.org pip>=1.5
16:55:10     INFO - Using env: {'CCACHE_DIR': '/builds/ccache',
16:55:10     INFO -  'CCACHE_UMASK': '002',
16:55:10     INFO -  'DISPLAY': ':0',
16:55:10     INFO -  'HOME': '/home/cltbld',
16:55:10     INFO -  'LANG': 'en_US.UTF-8',
16:55:10     INFO -  'LOGNAME': 'cltbld',
16:55:10     INFO -  'MAIL': '/var/mail/cltbld',
16:55:10     INFO -  'MOZ_HIDE_RESULTS_TABLE': '1',
16:55:10     INFO -  'MOZ_NODE_PATH': '/usr/bin/node',
16:55:10     INFO -  'MOZ_NO_REMOTE': '1',
16:55:10     INFO -  'NODE_PATH': '/usr/lib/nodejs:/usr/lib/node_modules:/usr/share/javascript',
16:55:10     INFO -  'NO_FAIL_ON_TEST_ERRORS': '1',
16:55:10     INFO -  'PATH': '/usr/local/bin:/usr/local/bin:/usr/bin:/bin:/usr/local/games:/usr/games',
16:55:10     INFO -  'PROPERTIES_FILE': '/builds/slave/test/buildprops.json',
16:55:10     INFO -  'PWD': '/builds/slave/test',
16:55:10     INFO -  'SHELL': '/bin/bash',
16:55:10     INFO -  'SHLVL': '1',
16:55:10     INFO -  'TERM': 'linux',
16:55:10     INFO -  'TMOUT': '86400',
16:55:10     INFO -  'USER': 'cltbld',
16:55:10     INFO -  'XDG_SESSION_COOKIE': '9ca12473fbb1d023794ffd180000023c-1528501962.423676-1463798326',
16:55:10     INFO -  '_': '/tools/buildbot/bin/python'}
16:55:11     INFO -  Ignoring indexes: https://pypi.python.org/simple
16:55:11     INFO -  Requirement already satisfied (use --upgrade to upgrade): pip>=1.5 in ./venv/lib/python2.7/site-packages
16:55:11     INFO - Return code: 0
16:55:11     INFO - Installing psutil==3.1.1 into virtualenv /builds/slave/test/build/venv
16:55:11     INFO - retry: Calling run_command with args: [['/builds/slave/test/build/venv/bin/pip', 'install', '--timeout', '120', '--no-index', '--find-links', 'http://pypi.pvt.build.mozilla.org/pub', '--find-links', 'http://pypi.pub.build.mozilla.org/pub', '--trusted-host', 'pypi.pub.build.mozilla.org', '--trusted-host', 'pypi.pvt.build.mozilla.org', 'psutil==3.1.1']], kwargs: {'error_level': 'warning', 'error_list': [{'substr': 'not found or a compiler error:', 'level': 'warning'}, {'regex': <_sre.SRE_Pattern object at 0x7f43176b7110>, 'level': 'error'}, {'regex': <_sre.SRE_Pattern object at 0x7f43177bfe40>, 'level': 'warning'}, {'regex': <_sre.SRE_Pattern object at 0x13d83e0>, 'level': 'debug'}, {'substr': 'command not found', 'level': 'error'}, {'regex': <_sre.SRE_Pattern object at 0x13d4a90>, 'level': 'warning'}, {'substr': 'Traceback (most recent call last)', 'level': 'error'}, {'substr': 'SyntaxError: ', 'level': 'error'}, {'substr': 'TypeError: ', 'level': 'error'}, {'substr': 'NameError: ', 'level': 'error'}, {'substr': 'ZeroDivisionError: ', 'level': 'error'}, {'regex': <_sre.SRE_Pattern object at 0x13d63f0>, 'level': 'critical'}, {'regex': <_sre.SRE_Pattern object at 0x13d6670>, 'level': 'critical'}], 'cwd': '/builds/slave/test/build', 'env': {'TMOUT': '86400', 'LOGNAME': 'cltbld', 'USER': 'cltbld', 'HOME': '/home/cltbld', 'PATH': '/usr/local/bin:/usr/local/bin:/usr/bin:/bin:/usr/local/games:/usr/games', 'DISPLAY': ':0', 'CCACHE_UMASK': '002', 'LANG': 'en_US.UTF-8', 'TERM': 'linux', 'SHELL': '/bin/bash', 'MOZ_NODE_PATH': '/usr/bin/node', 'XDG_SESSION_COOKIE': '9ca12473fbb1d023794ffd180000023c-1528501962.423676-1463798326', 'SHLVL': '1', 'NO_FAIL_ON_TEST_ERRORS': '1', 'MOZ_NO_REMOTE': '1', 'MOZ_HIDE_RESULTS_TABLE': '1', 'MAIL': '/var/mail/cltbld', '_': '/tools/buildbot/bin/python', 'NODE_PATH': '/usr/lib/nodejs:/usr/lib/node_modules:/usr/share/javascript', 'PWD': '/builds/slave/test', 'PROPERTIES_FILE': '/builds/slave/test/buildprops.json', 'CCACHE_DIR': '/builds/ccache'}}, attempt #1
16:55:11     INFO - Running command: ['/builds/slave/test/build/venv/bin/pip', 'install', '--timeout', '120', '--no-index', '--find-links', 'http://pypi.pvt.build.mozilla.org/pub', '--find-links', 'http://pypi.pub.build.mozilla.org/pub', '--trusted-host', 'pypi.pub.build.mozilla.org', '--trusted-host', 'pypi.pvt.build.mozilla.org', 'psutil==3.1.1'] in /builds/slave/test/build
16:55:11     INFO - Copy/paste: /builds/slave/test/build/venv/bin/pip install --timeout 120 --no-index --find-links http://pypi.pvt.build.mozilla.org/pub --find-links http://pypi.pub.build.mozilla.org/pub --trusted-host pypi.pub.build.mozilla.org --trusted-host pypi.pvt.build.mozilla.org psutil==3.1.1
16:55:11     INFO - Using env: {'CCACHE_DIR': '/builds/ccache',
16:55:11     INFO -  'CCACHE_UMASK': '002',
16:55:11     INFO -  'DISPLAY': ':0',
16:55:11     INFO -  'HOME': '/home/cltbld',
16:55:11     INFO -  'LANG': 'en_US.UTF-8',
16:55:11     INFO -  'LOGNAME': 'cltbld',
16:55:11     INFO -  'MAIL': '/var/mail/cltbld',
16:55:11     INFO -  'MOZ_HIDE_RESULTS_TABLE': '1',
16:55:11     INFO -  'MOZ_NODE_PATH': '/usr/bin/node',
16:55:11     INFO -  'MOZ_NO_REMOTE': '1',
16:55:11     INFO -  'NODE_PATH': '/usr/lib/nodejs:/usr/lib/node_modules:/usr/share/javascript',
16:55:11     INFO -  'NO_FAIL_ON_TEST_ERRORS': '1',
16:55:11     INFO -  'PATH': '/usr/local/bin:/usr/local/bin:/usr/bin:/bin:/usr/local/games:/usr/games',
16:55:11     INFO -  'PROPERTIES_FILE': '/builds/slave/test/buildprops.json',
16:55:11     INFO -  'PWD': '/builds/slave/test',
16:55:11     INFO -  'SHELL': '/bin/bash',
16:55:11     INFO -  'SHLVL': '1',
16:55:11     INFO -  'TERM': 'linux',
16:55:11     INFO -  'TMOUT': '86400',
16:55:11     INFO -  'USER': 'cltbld',
16:55:11     INFO -  'XDG_SESSION_COOKIE': '9ca12473fbb1d023794ffd180000023c-1528501962.423676-1463798326',
16:55:11     INFO -  '_': '/tools/buildbot/bin/python'}
16:55:12     INFO -  Ignoring indexes: https://pypi.python.org/simple
16:55:12     INFO -  Collecting psutil==3.1.1
16:55:12     INFO -  /builds/slave/test/build/venv/lib/python2.7/site-packages/pip/_vendor/requests/packages/urllib3/util/ssl_.py:318: SNIMissingWarning: An HTTPS request has been made, but the SNI (Subject Name Indication) extension to TLS is not available on this platform. This may cause the server to present an incorrect TLS certificate, which can cause validation failures. You can upgrade to a newer version of Python to solve this. For more information, see https://urllib3.readthedocs.org/en/latest/security.html#snimissingwarning.
16:55:12     INFO -    SNIMissingWarning
16:55:12     INFO -  /builds/slave/test/build/venv/lib/python2.7/site-packages/pip/_vendor/requests/packages/urllib3/util/ssl_.py:122: InsecurePlatformWarning: A true SSLContext object is not available. This prevents urllib3 from configuring SSL appropriately and may cause certain SSL connections to fail. You can upgrade to a newer version of Python to solve this. For more information, see https://urllib3.readthedocs.org/en/latest/security.html#insecureplatformwarning.
16:55:12     INFO -    InsecurePlatformWarning
16:55:14     INFO -  /builds/slave/test/build/venv/lib/python2.7/site-packages/pip/_vendor/requests/packages/urllib3/util/ssl_.py:122: InsecurePlatformWarning: A true SSLContext object is not available. This prevents urllib3 from configuring SSL appropriately and may cause certain SSL connections to fail. You can upgrade to a newer version of Python to solve this. For more information, see https://urllib3.readthedocs.org/en/latest/security.html#insecureplatformwarning.
16:55:14     INFO -    InsecurePlatformWarning
16:55:19     INFO -    Downloading https://pypi.pvt.build.mozilla.org/pub/psutil-3.1.1.tar.gz (247kB)
16:55:20     INFO -  Building wheels for collected packages: psutil
16:55:20     INFO -    Running setup.py bdist_wheel for psutil: started
16:55:22     INFO -    Running setup.py bdist_wheel for psutil: finished with status 'done'
16:55:22     INFO -    Stored in directory: /home/cltbld/.cache/pip/wheels/1e/e6/25/f0494673fc8d727828e74362e3beb4cbaf34d8be516156ba0c
16:55:22     INFO -  Successfully built psutil
16:55:22     INFO -  Installing collected packages: psutil
16:55:22     INFO -    Found existing installation: psutil 5.4.3
16:55:22     INFO -      Uninstalling psutil-5.4.3:
16:55:22     INFO -        Successfully uninstalled psutil-5.4.3
16:55:22     INFO -  Successfully installed psutil-3.1.1
16:55:22     INFO - Return code: 0
16:55:22     INFO - Installing mock into virtualenv /builds/slave/test/build/venv
16:55:22     INFO - retry: Calling run_command with args: [['/builds/slave/test/build/venv/bin/pip', 'install', '--timeout', '120', '--no-index', '--find-links', 'http://pypi.pvt.build.mozilla.org/pub', '--find-links', 'http://pypi.pub.build.mozilla.org/pub', '--trusted-host', 'pypi.pub.build.mozilla.org', '--trusted-host', 'pypi.pvt.build.mozilla.org', 'mock']], kwargs: {'error_level': 'warning', 'error_list': [{'substr': 'not found or a compiler error:', 'level': 'warning'}, {'regex': <_sre.SRE_Pattern object at 0x7f43176b7110>, 'level': 'error'}, {'regex': <_sre.SRE_Pattern object at 0x7f43177bfe40>, 'level': 'warning'}, {'regex': <_sre.SRE_Pattern object at 0x13d83e0>, 'level': 'debug'}, {'substr': 'command not found', 'level': 'error'}, {'regex': <_sre.SRE_Pattern object at 0x13d4a90>, 'level': 'warning'}, {'substr': 'Traceback (most recent call last)', 'level': 'error'}, {'substr': 'SyntaxError: ', 'level': 'error'}, {'substr': 'TypeError: ', 'level': 'error'}, {'substr': 'NameError: ', 'level': 'error'}, {'substr': 'ZeroDivisionError: ', 'level': 'error'}, {'regex': <_sre.SRE_Pattern object at 0x13d63f0>, 'level': 'critical'}, {'regex': <_sre.SRE_Pattern object at 0x13d6670>, 'level': 'critical'}], 'cwd': '/builds/slave/test/build', 'env': {'TMOUT': '86400', 'LOGNAME': 'cltbld', 'USER': 'cltbld', 'HOME': '/home/cltbld', 'PATH': '/usr/local/bin:/usr/local/bin:/usr/bin:/bin:/usr/local/games:/usr/games', 'DISPLAY': ':0', 'CCACHE_UMASK': '002', 'LANG': 'en_US.UTF-8', 'TERM': 'linux', 'SHELL': '/bin/bash', 'MOZ_NODE_PATH': '/usr/bin/node', 'XDG_SESSION_COOKIE': '9ca12473fbb1d023794ffd180000023c-1528501962.423676-1463798326', 'SHLVL': '1', 'NO_FAIL_ON_TEST_ERRORS': '1', 'MOZ_NO_REMOTE': '1', 'MOZ_HIDE_RESULTS_TABLE': '1', 'MAIL': '/var/mail/cltbld', '_': '/tools/buildbot/bin/python', 'NODE_PATH': '/usr/lib/nodejs:/usr/lib/node_modules:/usr/share/javascript', 'PWD': '/builds/slave/test', 'PROPERTIES_FILE': '/builds/slave/test/buildprops.json', 'CCACHE_DIR': '/builds/ccache'}}, attempt #1
16:55:22     INFO - Running command: ['/builds/slave/test/build/venv/bin/pip', 'install', '--timeout', '120', '--no-index', '--find-links', 'http://pypi.pvt.build.mozilla.org/pub', '--find-links', 'http://pypi.pub.build.mozilla.org/pub', '--trusted-host', 'pypi.pub.build.mozilla.org', '--trusted-host', 'pypi.pvt.build.mozilla.org', 'mock'] in /builds/slave/test/build
16:55:22     INFO - Copy/paste: /builds/slave/test/build/venv/bin/pip install --timeout 120 --no-index --find-links http://pypi.pvt.build.mozilla.org/pub --find-links http://pypi.pub.build.mozilla.org/pub --trusted-host pypi.pub.build.mozilla.org --trusted-host pypi.pvt.build.mozilla.org mock
16:55:22     INFO - Using env: {'CCACHE_DIR': '/builds/ccache',
16:55:22     INFO -  'CCACHE_UMASK': '002',
16:55:22     INFO -  'DISPLAY': ':0',
16:55:22     INFO -  'HOME': '/home/cltbld',
16:55:22     INFO -  'LANG': 'en_US.UTF-8',
16:55:22     INFO -  'LOGNAME': 'cltbld',
16:55:22     INFO -  'MAIL': '/var/mail/cltbld',
16:55:22     INFO -  'MOZ_HIDE_RESULTS_TABLE': '1',
16:55:22     INFO -  'MOZ_NODE_PATH': '/usr/bin/node',
16:55:22     INFO -  'MOZ_NO_REMOTE': '1',
16:55:22     INFO -  'NODE_PATH': '/usr/lib/nodejs:/usr/lib/node_modules:/usr/share/javascript',
16:55:22     INFO -  'NO_FAIL_ON_TEST_ERRORS': '1',
16:55:22     INFO -  'PATH': '/usr/local/bin:/usr/local/bin:/usr/bin:/bin:/usr/local/games:/usr/games',
16:55:22     INFO -  'PROPERTIES_FILE': '/builds/slave/test/buildprops.json',
16:55:22     INFO -  'PWD': '/builds/slave/test',
16:55:22     INFO -  'SHELL': '/bin/bash',
16:55:22     INFO -  'SHLVL': '1',
16:55:22     INFO -  'TERM': 'linux',
16:55:22     INFO -  'TMOUT': '86400',
16:55:22     INFO -  'USER': 'cltbld',
16:55:22     INFO -  'XDG_SESSION_COOKIE': '9ca12473fbb1d023794ffd180000023c-1528501962.423676-1463798326',
16:55:22     INFO -  '_': '/tools/buildbot/bin/python'}
16:55:23     INFO -  Ignoring indexes: https://pypi.python.org/simple
16:55:23     INFO -  Collecting mock
16:55:23     INFO -  /builds/slave/test/build/venv/lib/python2.7/site-packages/pip/_vendor/requests/packages/urllib3/util/ssl_.py:318: SNIMissingWarning: An HTTPS request has been made, but the SNI (Subject Name Indication) extension to TLS is not available on this platform. This may cause the server to present an incorrect TLS certificate, which can cause validation failures. You can upgrade to a newer version of Python to solve this. For more information, see https://urllib3.readthedocs.org/en/latest/security.html#snimissingwarning.
16:55:23     INFO -    SNIMissingWarning
16:55:23     INFO -  /builds/slave/test/build/venv/lib/python2.7/site-packages/pip/_vendor/requests/packages/urllib3/util/ssl_.py:122: InsecurePlatformWarning: A true SSLContext object is not available. This prevents urllib3 from configuring SSL appropriately and may cause certain SSL connections to fail. You can upgrade to a newer version of Python to solve this. For more information, see https://urllib3.readthedocs.org/en/latest/security.html#insecureplatformwarning.
16:55:23     INFO -    InsecurePlatformWarning
16:55:25     INFO -  /builds/slave/test/build/venv/lib/python2.7/site-packages/pip/_vendor/requests/packages/urllib3/util/ssl_.py:122: InsecurePlatformWarning: A true SSLContext object is not available. This prevents urllib3 from configuring SSL appropriately and may cause certain SSL connections to fail. You can upgrade to a newer version of Python to solve this. For more information, see https://urllib3.readthedocs.org/en/latest/security.html#insecureplatformwarning.
16:55:25     INFO -    InsecurePlatformWarning
16:55:30     INFO -    Downloading https://pypi.pvt.build.mozilla.org/pub/mock-1.0.1.tar.gz (818kB)
16:55:32     INFO -  Building wheels for collected packages: mock
16:55:32     INFO -    Running setup.py bdist_wheel for mock: started
16:55:32     INFO -    Running setup.py bdist_wheel for mock: finished with status 'done'
16:55:32     INFO -    Stored in directory: /home/cltbld/.cache/pip/wheels/42/d3/87/79283a2f50dfedbfad996edf7028483b27c5953e56856af7d0
16:55:32     INFO -  Successfully built mock
16:55:32     INFO -  Installing collected packages: mock
16:55:33     INFO -  Successfully installed mock-1.0.1
16:55:33     INFO - Return code: 0
16:55:33     INFO - Installing simplejson into virtualenv /builds/slave/test/build/venv
16:55:33     INFO - retry: Calling run_command with args: [['/builds/slave/test/build/venv/bin/pip', 'install', '--timeout', '120', '--no-index', '--find-links', 'http://pypi.pvt.build.mozilla.org/pub', '--find-links', 'http://pypi.pub.build.mozilla.org/pub', '--trusted-host', 'pypi.pub.build.mozilla.org', '--trusted-host', 'pypi.pvt.build.mozilla.org', 'simplejson']], kwargs: {'error_level': 'warning', 'error_list': [{'substr': 'not found or a compiler error:', 'level': 'warning'}, {'regex': <_sre.SRE_Pattern object at 0x7f43176b7110>, 'level': 'error'}, {'regex': <_sre.SRE_Pattern object at 0x7f43177bfe40>, 'level': 'warning'}, {'regex': <_sre.SRE_Pattern object at 0x13d83e0>, 'level': 'debug'}, {'substr': 'command not found', 'level': 'error'}, {'regex': <_sre.SRE_Pattern object at 0x13d4a90>, 'level': 'warning'}, {'substr': 'Traceback (most recent call last)', 'level': 'error'}, {'substr': 'SyntaxError: ', 'level': 'error'}, {'substr': 'TypeError: ', 'level': 'error'}, {'substr': 'NameError: ', 'level': 'error'}, {'substr': 'ZeroDivisionError: ', 'level': 'error'}, {'regex': <_sre.SRE_Pattern object at 0x13d63f0>, 'level': 'critical'}, {'regex': <_sre.SRE_Pattern object at 0x13d6670>, 'level': 'critical'}], 'cwd': '/builds/slave/test/build', 'env': {'TMOUT': '86400', 'LOGNAME': 'cltbld', 'USER': 'cltbld', 'HOME': '/home/cltbld', 'PATH': '/usr/local/bin:/usr/local/bin:/usr/bin:/bin:/usr/local/games:/usr/games', 'DISPLAY': ':0', 'CCACHE_UMASK': '002', 'LANG': 'en_US.UTF-8', 'TERM': 'linux', 'SHELL': '/bin/bash', 'MOZ_NODE_PATH': '/usr/bin/node', 'XDG_SESSION_COOKIE': '9ca12473fbb1d023794ffd180000023c-1528501962.423676-1463798326', 'SHLVL': '1', 'NO_FAIL_ON_TEST_ERRORS': '1', 'MOZ_NO_REMOTE': '1', 'MOZ_HIDE_RESULTS_TABLE': '1', 'MAIL': '/var/mail/cltbld', '_': '/tools/buildbot/bin/python', 'NODE_PATH': '/usr/lib/nodejs:/usr/lib/node_modules:/usr/share/javascript', 'PWD': '/builds/slave/test', 'PROPERTIES_FILE': '/builds/slave/test/buildprops.json', 'CCACHE_DIR': '/builds/ccache'}}, attempt #1
16:55:33     INFO - Running command: ['/builds/slave/test/build/venv/bin/pip', 'install', '--timeout', '120', '--no-index', '--find-links', 'http://pypi.pvt.build.mozilla.org/pub', '--find-links', 'http://pypi.pub.build.mozilla.org/pub', '--trusted-host', 'pypi.pub.build.mozilla.org', '--trusted-host', 'pypi.pvt.build.mozilla.org', 'simplejson'] in /builds/slave/test/build
16:55:33     INFO - Copy/paste: /builds/slave/test/build/venv/bin/pip install --timeout 120 --no-index --find-links http://pypi.pvt.build.mozilla.org/pub --find-links http://pypi.pub.build.mozilla.org/pub --trusted-host pypi.pub.build.mozilla.org --trusted-host pypi.pvt.build.mozilla.org simplejson
16:55:33     INFO - Using env: {'CCACHE_DIR': '/builds/ccache',
16:55:33     INFO -  'CCACHE_UMASK': '002',
16:55:33     INFO -  'DISPLAY': ':0',
16:55:33     INFO -  'HOME': '/home/cltbld',
16:55:33     INFO -  'LANG': 'en_US.UTF-8',
16:55:33     INFO -  'LOGNAME': 'cltbld',
16:55:33     INFO -  'MAIL': '/var/mail/cltbld',
16:55:33     INFO -  'MOZ_HIDE_RESULTS_TABLE': '1',
16:55:33     INFO -  'MOZ_NODE_PATH': '/usr/bin/node',
16:55:33     INFO -  'MOZ_NO_REMOTE': '1',
16:55:33     INFO -  'NODE_PATH': '/usr/lib/nodejs:/usr/lib/node_modules:/usr/share/javascript',
16:55:33     INFO -  'NO_FAIL_ON_TEST_ERRORS': '1',
16:55:33     INFO -  'PATH': '/usr/local/bin:/usr/local/bin:/usr/bin:/bin:/usr/local/games:/usr/games',
16:55:33     INFO -  'PROPERTIES_FILE': '/builds/slave/test/buildprops.json',
16:55:33     INFO -  'PWD': '/builds/slave/test',
16:55:33     INFO -  'SHELL': '/bin/bash',
16:55:33     INFO -  'SHLVL': '1',
16:55:33     INFO -  'TERM': 'linux',
16:55:33     INFO -  'TMOUT': '86400',
16:55:33     INFO -  'USER': 'cltbld',
16:55:33     INFO -  'XDG_SESSION_COOKIE': '9ca12473fbb1d023794ffd180000023c-1528501962.423676-1463798326',
16:55:33     INFO -  '_': '/tools/buildbot/bin/python'}
16:55:34     INFO -  Ignoring indexes: https://pypi.python.org/simple
16:55:34     INFO -  Collecting simplejson
16:55:34     INFO -  /builds/slave/test/build/venv/lib/python2.7/site-packages/pip/_vendor/requests/packages/urllib3/util/ssl_.py:318: SNIMissingWarning: An HTTPS request has been made, but the SNI (Subject Name Indication) extension to TLS is not available on this platform. This may cause the server to present an incorrect TLS certificate, which can cause validation failures. You can upgrade to a newer version of Python to solve this. For more information, see https://urllib3.readthedocs.org/en/latest/security.html#snimissingwarning.
16:55:34     INFO -    SNIMissingWarning
16:55:34     INFO -  /builds/slave/test/build/venv/lib/python2.7/site-packages/pip/_vendor/requests/packages/urllib3/util/ssl_.py:122: InsecurePlatformWarning: A true SSLContext object is not available. This prevents urllib3 from configuring SSL appropriately and may cause certain SSL connections to fail. You can upgrade to a newer version of Python to solve this. For more information, see https://urllib3.readthedocs.org/en/latest/security.html#insecureplatformwarning.
16:55:34     INFO -    InsecurePlatformWarning
16:55:36     INFO -  /builds/slave/test/build/venv/lib/python2.7/site-packages/pip/_vendor/requests/packages/urllib3/util/ssl_.py:122: InsecurePlatformWarning: A true SSLContext object is not available. This prevents urllib3 from configuring SSL appropriately and may cause certain SSL connections to fail. You can upgrade to a newer version of Python to solve this. For more information, see https://urllib3.readthedocs.org/en/latest/security.html#insecureplatformwarning.
16:55:36     INFO -    InsecurePlatformWarning
16:55:41     INFO -    Downloading https://pypi.pvt.build.mozilla.org/pub/simplejson-3.3.0.tar.gz (67kB)
16:55:42     INFO -  Building wheels for collected packages: simplejson
16:55:42     INFO -    Running setup.py bdist_wheel for simplejson: started
16:55:44     INFO -    Running setup.py bdist_wheel for simplejson: finished with status 'done'
16:55:44     INFO -    Stored in directory: /home/cltbld/.cache/pip/wheels/b1/26/8f/72b2a349729d24b9c6aa399407fddd384f8814e045e6de407e
16:55:44     INFO -  Successfully built simplejson
16:55:44     INFO -  Installing collected packages: simplejson
16:55:44     INFO -  Successfully installed simplejson-3.3.0
16:55:44     INFO - Return code: 0
16:55:44     INFO - Installing None into virtualenv /builds/slave/test/build/venv
16:55:45     INFO - retry: Calling run_command with args: [['/builds/slave/test/build/venv/bin/pip', 'install', '--no-deps', '--timeout', '120', '-r', '/builds/slave/test/build/tests/config/marionette_requirements.txt', '--no-index', '--find-links', 'http://pypi.pvt.build.mozilla.org/pub', '--find-links', 'http://pypi.pub.build.mozilla.org/pub', '--trusted-host', 'pypi.pub.build.mozilla.org', '--trusted-host', 'pypi.pvt.build.mozilla.org']], kwargs: {'error_level': 'warning', 'error_list': [{'substr': 'not found or a compiler error:', 'level': 'warning'}, {'regex': <_sre.SRE_Pattern object at 0x7f43176b7110>, 'level': 'error'}, {'regex': <_sre.SRE_Pattern object at 0x7f43177bfe40>, 'level': 'warning'}, {'regex': <_sre.SRE_Pattern object at 0x13d83e0>, 'level': 'debug'}, {'substr': 'command not found', 'level': 'error'}, {'regex': <_sre.SRE_Pattern object at 0x13d4a90>, 'level': 'warning'}, {'substr': 'Traceback (most recent call last)', 'level': 'error'}, {'substr': 'SyntaxError: ', 'level': 'error'}, {'substr': 'TypeError: ', 'level': 'error'}, {'substr': 'NameError: ', 'level': 'error'}, {'substr': 'ZeroDivisionError: ', 'level': 'error'}, {'regex': <_sre.SRE_Pattern object at 0x13d63f0>, 'level': 'critical'}, {'regex': <_sre.SRE_Pattern object at 0x13d6670>, 'level': 'critical'}], 'cwd': '/builds/slave/test/build/tests/config', 'env': {'TMOUT': '86400', 'LOGNAME': 'cltbld', 'USER': 'cltbld', 'HOME': '/home/cltbld', 'PATH': '/usr/local/bin:/usr/local/bin:/usr/bin:/bin:/usr/local/games:/usr/games', 'DISPLAY': ':0', 'CCACHE_UMASK': '002', 'LANG': 'en_US.UTF-8', 'TERM': 'linux', 'SHELL': '/bin/bash', 'MOZ_NODE_PATH': '/usr/bin/node', 'XDG_SESSION_COOKIE': '9ca12473fbb1d023794ffd180000023c-1528501962.423676-1463798326', 'SHLVL': '1', 'NO_FAIL_ON_TEST_ERRORS': '1', 'MOZ_NO_REMOTE': '1', 'MOZ_HIDE_RESULTS_TABLE': '1', 'MAIL': '/var/mail/cltbld', '_': '/tools/buildbot/bin/python', 'NODE_PATH': '/usr/lib/nodejs:/usr/lib/node_modules:/usr/share/javascript', 'PWD': '/builds/slave/test', 'PROPERTIES_FILE': '/builds/slave/test/buildprops.json', 'CCACHE_DIR': '/builds/ccache'}}, attempt #1
16:55:45     INFO - Running command: ['/builds/slave/test/build/venv/bin/pip', 'install', '--no-deps', '--timeout', '120', '-r', '/builds/slave/test/build/tests/config/marionette_requirements.txt', '--no-index', '--find-links', 'http://pypi.pvt.build.mozilla.org/pub', '--find-links', 'http://pypi.pub.build.mozilla.org/pub', '--trusted-host', 'pypi.pub.build.mozilla.org', '--trusted-host', 'pypi.pvt.build.mozilla.org'] in /builds/slave/test/build/tests/config
16:55:45     INFO - Copy/paste: /builds/slave/test/build/venv/bin/pip install --no-deps --timeout 120 -r /builds/slave/test/build/tests/config/marionette_requirements.txt --no-index --find-links http://pypi.pvt.build.mozilla.org/pub --find-links http://pypi.pub.build.mozilla.org/pub --trusted-host pypi.pub.build.mozilla.org --trusted-host pypi.pvt.build.mozilla.org
16:55:45     INFO - Using env: {'CCACHE_DIR': '/builds/ccache',
16:55:45     INFO -  'CCACHE_UMASK': '002',
16:55:45     INFO -  'DISPLAY': ':0',
16:55:45     INFO -  'HOME': '/home/cltbld',
16:55:45     INFO -  'LANG': 'en_US.UTF-8',
16:55:45     INFO -  'LOGNAME': 'cltbld',
16:55:45     INFO -  'MAIL': '/var/mail/cltbld',
16:55:45     INFO -  'MOZ_HIDE_RESULTS_TABLE': '1',
16:55:45     INFO -  'MOZ_NODE_PATH': '/usr/bin/node',
16:55:45     INFO -  'MOZ_NO_REMOTE': '1',
16:55:45     INFO -  'NODE_PATH': '/usr/lib/nodejs:/usr/lib/node_modules:/usr/share/javascript',
16:55:45     INFO -  'NO_FAIL_ON_TEST_ERRORS': '1',
16:55:45     INFO -  'PATH': '/usr/local/bin:/usr/local/bin:/usr/bin:/bin:/usr/local/games:/usr/games',
16:55:45     INFO -  'PROPERTIES_FILE': '/builds/slave/test/buildprops.json',
16:55:45     INFO -  'PWD': '/builds/slave/test',
16:55:45     INFO -  'SHELL': '/bin/bash',
16:55:45     INFO -  'SHLVL': '1',
16:55:45     INFO -  'TERM': 'linux',
16:55:45     INFO -  'TMOUT': '86400',
16:55:45     INFO -  'USER': 'cltbld',
16:55:45     INFO -  'XDG_SESSION_COOKIE': '9ca12473fbb1d023794ffd180000023c-1528501962.423676-1463798326',
16:55:45     INFO -  '_': '/tools/buildbot/bin/python'}
16:55:45     INFO -  Ignoring indexes: https://pypi.python.org/simple
16:55:46     INFO -  Processing /builds/slave/test/build/tests/mozbase/manifestparser
16:55:46     INFO -    Requirement already satisfied (use --upgrade to upgrade): manifestparser==1.1 from file:///builds/slave/test/build/tests/mozbase/manifestparser in /builds/slave/test/build/venv/lib/python2.7/site-packages (from -r /builds/slave/test/build/tests/config/mozbase_requirements.txt (line 1))
16:55:46     INFO -  Processing /builds/slave/test/build/tests/mozbase/mozcrash
16:55:46     INFO -    Requirement already satisfied (use --upgrade to upgrade): mozcrash==1.0 from file:///builds/slave/test/build/tests/mozbase/mozcrash in /builds/slave/test/build/venv/lib/python2.7/site-packages (from -r /builds/slave/test/build/tests/config/mozbase_requirements.txt (line 2))
16:55:46     INFO -  Processing /builds/slave/test/build/tests/mozbase/mozdebug
16:55:47     INFO -    Requirement already satisfied (use --upgrade to upgrade): mozdebug==0.1 from file:///builds/slave/test/build/tests/mozbase/mozdebug in /builds/slave/test/build/venv/lib/python2.7/site-packages (from -r /builds/slave/test/build/tests/config/mozbase_requirements.txt (line 3))
16:55:47     INFO -  Processing /builds/slave/test/build/tests/mozbase/mozdevice
16:55:47     INFO -    Requirement already satisfied (use --upgrade to upgrade): mozdevice==0.48 from file:///builds/slave/test/build/tests/mozbase/mozdevice in /builds/slave/test/build/venv/lib/python2.7/site-packages (from -r /builds/slave/test/build/tests/config/mozbase_requirements.txt (line 4))
16:55:47     INFO -  Processing /builds/slave/test/build/tests/mozbase/mozfile
16:55:48     INFO -    Requirement already satisfied (use --upgrade to upgrade): mozfile==1.2 from file:///builds/slave/test/build/tests/mozbase/mozfile in /builds/slave/test/build/venv/lib/python2.7/site-packages (from -r /builds/slave/test/build/tests/config/mozbase_requirements.txt (line 5))
16:55:48     INFO -  Processing /builds/slave/test/build/tests/mozbase/mozhttpd
16:55:48     INFO -    Requirement already satisfied (use --upgrade to upgrade): mozhttpd==0.7 from file:///builds/slave/test/build/tests/mozbase/mozhttpd in /builds/slave/test/build/venv/lib/python2.7/site-packages (from -r /builds/slave/test/build/tests/config/mozbase_requirements.txt (line 6))
16:55:48     INFO -  Processing /builds/slave/test/build/tests/mozbase/mozinfo
16:55:48     INFO -    Requirement already satisfied (use --upgrade to upgrade): mozinfo==0.9 from file:///builds/slave/test/build/tests/mozbase/mozinfo in /builds/slave/test/build/venv/lib/python2.7/site-packages (from -r /builds/slave/test/build/tests/config/mozbase_requirements.txt (line 7))
16:55:48     INFO -  Processing /builds/slave/test/build/tests/mozbase/mozinstall
16:55:49     INFO -    Requirement already satisfied (use --upgrade to upgrade): mozInstall==1.12 from file:///builds/slave/test/build/tests/mozbase/mozinstall in /builds/slave/test/build/venv/lib/python2.7/site-packages (from -r /builds/slave/test/build/tests/config/mozbase_requirements.txt (line 8))
16:55:49     INFO -  Processing /builds/slave/test/build/tests/mozbase/mozleak
16:55:49     INFO -    Requirement already satisfied (use --upgrade to upgrade): mozleak==0.1 from file:///builds/slave/test/build/tests/mozbase/mozleak in /builds/slave/test/build/venv/lib/python2.7/site-packages (from -r /builds/slave/test/build/tests/config/mozbase_requirements.txt (line 9))
16:55:49     INFO -  Processing /builds/slave/test/build/tests/mozbase/mozlog
16:55:49     INFO -    Requirement already satisfied (use --upgrade to upgrade): mozlog==3.4 from file:///builds/slave/test/build/tests/mozbase/mozlog in /builds/slave/test/build/venv/lib/python2.7/site-packages (from -r /builds/slave/test/build/tests/config/mozbase_requirements.txt (line 10))
16:55:49     INFO -  Processing /builds/slave/test/build/tests/mozbase/moznetwork
16:55:50     INFO -    Requirement already satisfied (use --upgrade to upgrade): moznetwork==0.27 from file:///builds/slave/test/build/tests/mozbase/moznetwork in /builds/slave/test/build/venv/lib/python2.7/site-packages (from -r /builds/slave/test/build/tests/config/mozbase_requirements.txt (line 11))
16:55:50     INFO -  Processing /builds/slave/test/build/tests/mozbase/mozprocess
16:55:50     INFO -    Requirement already satisfied (use --upgrade to upgrade): mozprocess==0.23 from file:///builds/slave/test/build/tests/mozbase/mozprocess in /builds/slave/test/build/venv/lib/python2.7/site-packages (from -r /builds/slave/test/build/tests/config/mozbase_requirements.txt (line 12))
16:55:50     INFO -  Processing /builds/slave/test/build/tests/mozbase/mozprofile
16:55:51     INFO -    Requirement already satisfied (use --upgrade to upgrade): mozprofile==0.28 from file:///builds/slave/test/build/tests/mozbase/mozprofile in /builds/slave/test/build/venv/lib/python2.7/site-packages (from -r /builds/slave/test/build/tests/config/mozbase_requirements.txt (line 13))
16:55:51     INFO -  Processing /builds/slave/test/build/tests/mozbase/mozrunner
16:55:51     INFO -    Requirement already satisfied (use --upgrade to upgrade): mozrunner==6.13 from file:///builds/slave/test/build/tests/mozbase/mozrunner in /builds/slave/test/build/venv/lib/python2.7/site-packages (from -r /builds/slave/test/build/tests/config/mozbase_requirements.txt (line 14))
16:55:51     INFO -  Processing /builds/slave/test/build/tests/mozbase/mozscreenshot
16:55:51     INFO -    Requirement already satisfied (use --upgrade to upgrade): mozscreenshot==0.1 from file:///builds/slave/test/build/tests/mozbase/mozscreenshot in /builds/slave/test/build/venv/lib/python2.7/site-packages (from -r /builds/slave/test/build/tests/config/mozbase_requirements.txt (line 15))
16:55:51     INFO -  Processing /builds/slave/test/build/tests/mozbase/moztest
16:55:52     INFO -    Requirement already satisfied (use --upgrade to upgrade): moztest==0.8 from file:///builds/slave/test/build/tests/mozbase/moztest in /builds/slave/test/build/venv/lib/python2.7/site-packages (from -r /builds/slave/test/build/tests/config/mozbase_requirements.txt (line 16))
16:55:52     INFO -  Processing /builds/slave/test/build/tests/mozbase/mozversion
16:55:52     INFO -    Requirement already satisfied (use --upgrade to upgrade): mozversion==1.4 from file:///builds/slave/test/build/tests/mozbase/mozversion in /builds/slave/test/build/venv/lib/python2.7/site-packages (from -r /builds/slave/test/build/tests/config/mozbase_requirements.txt (line 17))
16:55:52     INFO -  Processing /builds/slave/test/build/tests/tools/wptserve
16:55:52     INFO -  Processing /builds/slave/test/build/tests/marionette/client
16:55:53     INFO -  Processing /builds/slave/test/build/tests/marionette/harness/marionette_harness/runner/mixins/browsermob-proxy-py
16:55:53     INFO -  Processing /builds/slave/test/build/tests/marionette/harness
16:55:54     INFO -  Processing /builds/slave/test/build/tests/marionette/puppeteer/firefox
16:55:54     INFO -  Building wheels for collected packages: browsermob-proxy
16:55:54     INFO -    Running setup.py bdist_wheel for browsermob-proxy: started
16:55:54     INFO -    Running setup.py bdist_wheel for browsermob-proxy: finished with status 'done'
16:55:54     INFO -    Stored in directory: /home/cltbld/.cache/pip/wheels/10/00/c1/79bb793b6a7eb4dca9dfd244010f550ae5044951bcd23c261e
16:55:54     INFO -  Successfully built browsermob-proxy
16:55:54     INFO -  Installing collected packages: wptserve, marionette-driver, browsermob-proxy, marionette-harness, firefox-puppeteer
16:55:54     INFO -    Running setup.py install for wptserve: started
16:55:55     INFO -      Running setup.py install for wptserve: finished with status 'done'
16:55:55     INFO -    Running setup.py install for marionette-driver: started
16:55:55     INFO -      Running setup.py install for marionette-driver: finished with status 'done'
16:55:56     INFO -    Running setup.py install for marionette-harness: started
16:55:56     INFO -      Running setup.py install for marionette-harness: finished with status 'done'
16:55:56     INFO -    Running setup.py install for firefox-puppeteer: started
16:55:57     INFO -      Running setup.py install for firefox-puppeteer: finished with status 'done'
16:55:57     INFO -  Successfully installed browsermob-proxy-0.6.0 firefox-puppeteer-52.1.0 marionette-driver-2.2.0 marionette-harness-4.0.0 wptserve-1.4.0
16:55:57     INFO - Return code: 0
16:55:57     INFO - Installing None into virtualenv /builds/slave/test/build/venv
16:55:57     INFO - retry: Calling run_command with args: [['/builds/slave/test/build/venv/bin/pip', 'install', '--timeout', '120', '-r', '/builds/slave/test/build/tests/config/marionette_requirements.txt', '--no-index', '--find-links', 'http://pypi.pvt.build.mozilla.org/pub', '--find-links', 'http://pypi.pub.build.mozilla.org/pub', '--trusted-host', 'pypi.pub.build.mozilla.org', '--trusted-host', 'pypi.pvt.build.mozilla.org']], kwargs: {'error_level': 'warning', 'error_list': [{'substr': 'not found or a compiler error:', 'level': 'warning'}, {'regex': <_sre.SRE_Pattern object at 0x7f43176b7110>, 'level': 'error'}, {'regex': <_sre.SRE_Pattern object at 0x7f43177bfe40>, 'level': 'warning'}, {'regex': <_sre.SRE_Pattern object at 0x13d83e0>, 'level': 'debug'}, {'substr': 'command not found', 'level': 'error'}, {'regex': <_sre.SRE_Pattern object at 0x13d4a90>, 'level': 'warning'}, {'substr': 'Traceback (most recent call last)', 'level': 'error'}, {'substr': 'SyntaxError: ', 'level': 'error'}, {'substr': 'TypeError: ', 'level': 'error'}, {'substr': 'NameError: ', 'level': 'error'}, {'substr': 'ZeroDivisionError: ', 'level': 'error'}, {'regex': <_sre.SRE_Pattern object at 0x13d63f0>, 'level': 'critical'}, {'regex': <_sre.SRE_Pattern object at 0x13d6670>, 'level': 'critical'}], 'cwd': '/builds/slave/test/build/tests/config', 'env': {'TMOUT': '86400', 'LOGNAME': 'cltbld', 'USER': 'cltbld', 'HOME': '/home/cltbld', 'PATH': '/usr/local/bin:/usr/local/bin:/usr/bin:/bin:/usr/local/games:/usr/games', 'DISPLAY': ':0', 'CCACHE_UMASK': '002', 'LANG': 'en_US.UTF-8', 'TERM': 'linux', 'SHELL': '/bin/bash', 'MOZ_NODE_PATH': '/usr/bin/node', 'XDG_SESSION_COOKIE': '9ca12473fbb1d023794ffd180000023c-1528501962.423676-1463798326', 'SHLVL': '1', 'NO_FAIL_ON_TEST_ERRORS': '1', 'MOZ_NO_REMOTE': '1', 'MOZ_HIDE_RESULTS_TABLE': '1', 'MAIL': '/var/mail/cltbld', '_': '/tools/buildbot/bin/python', 'NODE_PATH': '/usr/lib/nodejs:/usr/lib/node_modules:/usr/share/javascript', 'PWD': '/builds/slave/test', 'PROPERTIES_FILE': '/builds/slave/test/buildprops.json', 'CCACHE_DIR': '/builds/ccache'}}, attempt #1
16:55:57     INFO - Running command: ['/builds/slave/test/build/venv/bin/pip', 'install', '--timeout', '120', '-r', '/builds/slave/test/build/tests/config/marionette_requirements.txt', '--no-index', '--find-links', 'http://pypi.pvt.build.mozilla.org/pub', '--find-links', 'http://pypi.pub.build.mozilla.org/pub', '--trusted-host', 'pypi.pub.build.mozilla.org', '--trusted-host', 'pypi.pvt.build.mozilla.org'] in /builds/slave/test/build/tests/config
16:55:57     INFO - Copy/paste: /builds/slave/test/build/venv/bin/pip install --timeout 120 -r /builds/slave/test/build/tests/config/marionette_requirements.txt --no-index --find-links http://pypi.pvt.build.mozilla.org/pub --find-links http://pypi.pub.build.mozilla.org/pub --trusted-host pypi.pub.build.mozilla.org --trusted-host pypi.pvt.build.mozilla.org
16:55:57     INFO - Using env: {'CCACHE_DIR': '/builds/ccache',
16:55:57     INFO -  'CCACHE_UMASK': '002',
16:55:57     INFO -  'DISPLAY': ':0',
16:55:57     INFO -  'HOME': '/home/cltbld',
16:55:57     INFO -  'LANG': 'en_US.UTF-8',
16:55:57     INFO -  'LOGNAME': 'cltbld',
16:55:57     INFO -  'MAIL': '/var/mail/cltbld',
16:55:57     INFO -  'MOZ_HIDE_RESULTS_TABLE': '1',
16:55:57     INFO -  'MOZ_NODE_PATH': '/usr/bin/node',
16:55:57     INFO -  'MOZ_NO_REMOTE': '1',
16:55:57     INFO -  'NODE_PATH': '/usr/lib/nodejs:/usr/lib/node_modules:/usr/share/javascript',
16:55:57     INFO -  'NO_FAIL_ON_TEST_ERRORS': '1',
16:55:57     INFO -  'PATH': '/usr/local/bin:/usr/local/bin:/usr/bin:/bin:/usr/local/games:/usr/games',
16:55:57     INFO -  'PROPERTIES_FILE': '/builds/slave/test/buildprops.json',
16:55:57     INFO -  'PWD': '/builds/slave/test',
16:55:57     INFO -  'SHELL': '/bin/bash',
16:55:57     INFO -  'SHLVL': '1',
16:55:57     INFO -  'TERM': 'linux',
16:55:57     INFO -  'TMOUT': '86400',
16:55:57     INFO -  'USER': 'cltbld',
16:55:57     INFO -  'XDG_SESSION_COOKIE': '9ca12473fbb1d023794ffd180000023c-1528501962.423676-1463798326',
16:55:57     INFO -  '_': '/tools/buildbot/bin/python'}
16:55:58     INFO -  Ignoring indexes: https://pypi.python.org/simple
16:55:58     INFO -  Processing /builds/slave/test/build/tests/mozbase/manifestparser
16:55:59     INFO -    Requirement already satisfied (use --upgrade to upgrade): manifestparser==1.1 from file:///builds/slave/test/build/tests/mozbase/manifestparser in /builds/slave/test/build/venv/lib/python2.7/site-packages (from -r /builds/slave/test/build/tests/config/mozbase_requirements.txt (line 1))
16:55:59     INFO -  Processing /builds/slave/test/build/tests/mozbase/mozcrash
16:55:59     INFO -    Requirement already satisfied (use --upgrade to upgrade): mozcrash==1.0 from file:///builds/slave/test/build/tests/mozbase/mozcrash in /builds/slave/test/build/venv/lib/python2.7/site-packages (from -r /builds/slave/test/build/tests/config/mozbase_requirements.txt (line 2))
16:55:59     INFO -  Processing /builds/slave/test/build/tests/mozbase/mozdebug
16:55:59     INFO -    Requirement already satisfied (use --upgrade to upgrade): mozdebug==0.1 from file:///builds/slave/test/build/tests/mozbase/mozdebug in /builds/slave/test/build/venv/lib/python2.7/site-packages (from -r /builds/slave/test/build/tests/config/mozbase_requirements.txt (line 3))
16:55:59     INFO -  Processing /builds/slave/test/build/tests/mozbase/mozdevice
16:56:00     INFO -    Requirement already satisfied (use --upgrade to upgrade): mozdevice==0.48 from file:///builds/slave/test/build/tests/mozbase/mozdevice in /builds/slave/test/build/venv/lib/python2.7/site-packages (from -r /builds/slave/test/build/tests/config/mozbase_requirements.txt (line 4))
16:56:00     INFO -  Processing /builds/slave/test/build/tests/mozbase/mozfile
16:56:00     INFO -    Requirement already satisfied (use --upgrade to upgrade): mozfile==1.2 from file:///builds/slave/test/build/tests/mozbase/mozfile in /builds/slave/test/build/venv/lib/python2.7/site-packages (from -r /builds/slave/test/build/tests/config/mozbase_requirements.txt (line 5))
16:56:00     INFO -  Processing /builds/slave/test/build/tests/mozbase/mozhttpd
16:56:01     INFO -    Requirement already satisfied (use --upgrade to upgrade): mozhttpd==0.7 from file:///builds/slave/test/build/tests/mozbase/mozhttpd in /builds/slave/test/build/venv/lib/python2.7/site-packages (from -r /builds/slave/test/build/tests/config/mozbase_requirements.txt (line 6))
16:56:01     INFO -  Processing /builds/slave/test/build/tests/mozbase/mozinfo
16:56:01     INFO -    Requirement already satisfied (use --upgrade to upgrade): mozinfo==0.9 from file:///builds/slave/test/build/tests/mozbase/mozinfo in /builds/slave/test/build/venv/lib/python2.7/site-packages (from -r /builds/slave/test/build/tests/config/mozbase_requirements.txt (line 7))
16:56:01     INFO -  Processing /builds/slave/test/build/tests/mozbase/mozinstall
16:56:01     INFO -    Requirement already satisfied (use --upgrade to upgrade): mozInstall==1.12 from file:///builds/slave/test/build/tests/mozbase/mozinstall in /builds/slave/test/build/venv/lib/python2.7/site-packages (from -r /builds/slave/test/build/tests/config/mozbase_requirements.txt (line 8))
16:56:01     INFO -  Processing /builds/slave/test/build/tests/mozbase/mozleak
16:56:02     INFO -    Requirement already satisfied (use --upgrade to upgrade): mozleak==0.1 from file:///builds/slave/test/build/tests/mozbase/mozleak in /builds/slave/test/build/venv/lib/python2.7/site-packages (from -r /builds/slave/test/build/tests/config/mozbase_requirements.txt (line 9))
16:56:02     INFO -  Processing /builds/slave/test/build/tests/mozbase/mozlog
16:56:02     INFO -    Requirement already satisfied (use --upgrade to upgrade): mozlog==3.4 from file:///builds/slave/test/build/tests/mozbase/mozlog in /builds/slave/test/build/venv/lib/python2.7/site-packages (from -r /builds/slave/test/build/tests/config/mozbase_requirements.txt (line 10))
16:56:02     INFO -  Processing /builds/slave/test/build/tests/mozbase/moznetwork
16:56:02     INFO -    Requirement already satisfied (use --upgrade to upgrade): moznetwork==0.27 from file:///builds/slave/test/build/tests/mozbase/moznetwork in /builds/slave/test/build/venv/lib/python2.7/site-packages (from -r /builds/slave/test/build/tests/config/mozbase_requirements.txt (line 11))
16:56:02     INFO -  Processing /builds/slave/test/build/tests/mozbase/mozprocess
16:56:03     INFO -    Requirement already satisfied (use --upgrade to upgrade): mozprocess==0.23 from file:///builds/slave/test/build/tests/mozbase/mozprocess in /builds/slave/test/build/venv/lib/python2.7/site-packages (from -r /builds/slave/test/build/tests/config/mozbase_requirements.txt (line 12))
16:56:03     INFO -  Processing /builds/slave/test/build/tests/mozbase/mozprofile
16:56:03     INFO -    Requirement already satisfied (use --upgrade to upgrade): mozprofile==0.28 from file:///builds/slave/test/build/tests/mozbase/mozprofile in /builds/slave/test/build/venv/lib/python2.7/site-packages (from -r /builds/slave/test/build/tests/config/mozbase_requirements.txt (line 13))
16:56:03     INFO -  Processing /builds/slave/test/build/tests/mozbase/mozrunner
16:56:04     INFO -    Requirement already satisfied (use --upgrade to upgrade): mozrunner==6.13 from file:///builds/slave/test/build/tests/mozbase/mozrunner in /builds/slave/test/build/venv/lib/python2.7/site-packages (from -r /builds/slave/test/build/tests/config/mozbase_requirements.txt (line 14))
16:56:04     INFO -  Processing /builds/slave/test/build/tests/mozbase/mozscreenshot
16:56:04     INFO -    Requirement already satisfied (use --upgrade to upgrade): mozscreenshot==0.1 from file:///builds/slave/test/build/tests/mozbase/mozscreenshot in /builds/slave/test/build/venv/lib/python2.7/site-packages (from -r /builds/slave/test/build/tests/config/mozbase_requirements.txt (line 15))
16:56:04     INFO -  Processing /builds/slave/test/build/tests/mozbase/moztest
16:56:04     INFO -    Requirement already satisfied (use --upgrade to upgrade): moztest==0.8 from file:///builds/slave/test/build/tests/mozbase/moztest in /builds/slave/test/build/venv/lib/python2.7/site-packages (from -r /builds/slave/test/build/tests/config/mozbase_requirements.txt (line 16))
16:56:04     INFO -  Processing /builds/slave/test/build/tests/mozbase/mozversion
16:56:05     INFO -    Requirement already satisfied (use --upgrade to upgrade): mozversion==1.4 from file:///builds/slave/test/build/tests/mozbase/mozversion in /builds/slave/test/build/venv/lib/python2.7/site-packages (from -r /builds/slave/test/build/tests/config/mozbase_requirements.txt (line 17))
16:56:05     INFO -  Processing /builds/slave/test/build/tests/tools/wptserve
16:56:05     INFO -    Requirement already satisfied (use --upgrade to upgrade): wptserve==1.4.0 from file:///builds/slave/test/build/tests/tools/wptserve in /builds/slave/test/build/venv/lib/python2.7/site-packages (from -r /builds/slave/test/build/tests/config/marionette_requirements.txt (line 3))
16:56:05     INFO -  Processing /builds/slave/test/build/tests/marionette/client
16:56:06     INFO -    Requirement already satisfied (use --upgrade to upgrade): marionette-driver==2.2.0 from file:///builds/slave/test/build/tests/marionette/client in /builds/slave/test/build/venv/lib/python2.7/site-packages (from -r /builds/slave/test/build/tests/config/marionette_requirements.txt (line 4))
16:56:06     INFO -  Processing /builds/slave/test/build/tests/marionette/harness/marionette_harness/runner/mixins/browsermob-proxy-py
16:56:06     INFO -    Requirement already satisfied (use --upgrade to upgrade): browsermob-proxy==0.6.0 from file:///builds/slave/test/build/tests/marionette/harness/marionette_harness/runner/mixins/browsermob-proxy-py in /builds/slave/test/build/venv/lib/python2.7/site-packages (from -r /builds/slave/test/build/tests/config/marionette_requirements.txt (line 5))
16:56:06     INFO -  Processing /builds/slave/test/build/tests/marionette/harness
16:56:06     INFO -    Requirement already satisfied (use --upgrade to upgrade): marionette-harness==4.0.0 from file:///builds/slave/test/build/tests/marionette/harness in /builds/slave/test/build/venv/lib/python2.7/site-packages (from -r /builds/slave/test/build/tests/config/marionette_requirements.txt (line 6))
16:56:06     INFO -  Processing /builds/slave/test/build/tests/marionette/puppeteer/firefox
16:56:07     INFO -    Requirement already satisfied (use --upgrade to upgrade): firefox-puppeteer==52.1.0 from file:///builds/slave/test/build/tests/marionette/puppeteer/firefox in /builds/slave/test/build/venv/lib/python2.7/site-packages (from -r /builds/slave/test/build/tests/config/marionette_requirements.txt (line 9))
16:56:07     INFO -  Requirement already satisfied (use --upgrade to upgrade): mozfile>=1.0 in /builds/slave/test/build/venv/lib/python2.7/site-packages (from mozcrash==1.0->-r /builds/slave/test/build/tests/config/mozbase_requirements.txt (line 2))
16:56:07     INFO -  Requirement already satisfied (use --upgrade to upgrade): mozlog>=3.0 in /builds/slave/test/build/venv/lib/python2.7/site-packages (from mozcrash==1.0->-r /builds/slave/test/build/tests/config/mozbase_requirements.txt (line 2))
16:56:07     INFO -  Requirement already satisfied (use --upgrade to upgrade): mozinfo in /builds/slave/test/build/venv/lib/python2.7/site-packages (from mozdebug==0.1->-r /builds/slave/test/build/tests/config/mozbase_requirements.txt (line 3))
16:56:07     INFO -  Requirement already satisfied (use --upgrade to upgrade): moznetwork>=0.24 in /builds/slave/test/build/venv/lib/python2.7/site-packages (from mozdevice==0.48->-r /builds/slave/test/build/tests/config/mozbase_requirements.txt (line 4))
16:56:07     INFO -  Requirement already satisfied (use --upgrade to upgrade): mozprocess>=0.19 in /builds/slave/test/build/venv/lib/python2.7/site-packages (from mozdevice==0.48->-r /builds/slave/test/build/tests/config/mozbase_requirements.txt (line 4))
16:56:07     INFO -  Requirement already satisfied (use --upgrade to upgrade): blessings>=1.3 in /builds/slave/test/build/venv/lib/python2.7/site-packages (from mozlog==3.4->-r /builds/slave/test/build/tests/config/mozbase_requirements.txt (line 10))
16:56:07     INFO -  Requirement already satisfied (use --upgrade to upgrade): requests>=1.1.0 in /builds/slave/test/build/venv/lib/python2.7/site-packages (from browsermob-proxy==0.6.0->-r /builds/slave/test/build/tests/config/marionette_requirements.txt (line 5))
16:56:07     INFO -  Building wheels for collected packages: browsermob-proxy
16:56:07     INFO -    Running setup.py bdist_wheel for browsermob-proxy: started
16:56:07     INFO -    Running setup.py bdist_wheel for browsermob-proxy: finished with status 'done'
16:56:07     INFO -    Stored in directory: /home/cltbld/.cache/pip/wheels/10/00/c1/79bb793b6a7eb4dca9dfd244010f550ae5044951bcd23c261e
16:56:07     INFO -  Successfully built browsermob-proxy
16:56:08     INFO - Return code: 0
16:56:08     INFO - Installing None into virtualenv /builds/slave/test/build/venv
16:56:08     INFO - retry: Calling run_command with args: [['/builds/slave/test/build/venv/bin/pip', 'install', '--no-deps', '--timeout', '120', '-r', '/builds/slave/test/build/tests/mochitest/websocketprocessbridge/websocketprocessbridge_requirements.txt', '--no-index', '--find-links', 'http://pypi.pvt.build.mozilla.org/pub', '--find-links', 'http://pypi.pub.build.mozilla.org/pub', '--trusted-host', 'pypi.pub.build.mozilla.org', '--trusted-host', 'pypi.pvt.build.mozilla.org']], kwargs: {'error_level': 'warning', 'error_list': [{'substr': 'not found or a compiler error:', 'level': 'warning'}, {'regex': <_sre.SRE_Pattern object at 0x7f43176b7110>, 'level': 'error'}, {'regex': <_sre.SRE_Pattern object at 0x7f43177bfe40>, 'level': 'warning'}, {'regex': <_sre.SRE_Pattern object at 0x13d83e0>, 'level': 'debug'}, {'substr': 'command not found', 'level': 'error'}, {'regex': <_sre.SRE_Pattern object at 0x13d4a90>, 'level': 'warning'}, {'substr': 'Traceback (most recent call last)', 'level': 'error'}, {'substr': 'SyntaxError: ', 'level': 'error'}, {'substr': 'TypeError: ', 'level': 'error'}, {'substr': 'NameError: ', 'level': 'error'}, {'substr': 'ZeroDivisionError: ', 'level': 'error'}, {'regex': <_sre.SRE_Pattern object at 0x13d63f0>, 'level': 'critical'}, {'regex': <_sre.SRE_Pattern object at 0x13d6670>, 'level': 'critical'}], 'cwd': '/builds/slave/test/build/tests/mochitest/websocketprocessbridge', 'env': {'TMOUT': '86400', 'LOGNAME': 'cltbld', 'USER': 'cltbld', 'HOME': '/home/cltbld', 'PATH': '/usr/local/bin:/usr/local/bin:/usr/bin:/bin:/usr/local/games:/usr/games', 'DISPLAY': ':0', 'CCACHE_UMASK': '002', 'LANG': 'en_US.UTF-8', 'TERM': 'linux', 'SHELL': '/bin/bash', 'MOZ_NODE_PATH': '/usr/bin/node', 'XDG_SESSION_COOKIE': '9ca12473fbb1d023794ffd180000023c-1528501962.423676-1463798326', 'SHLVL': '1', 'NO_FAIL_ON_TEST_ERRORS': '1', 'MOZ_NO_REMOTE': '1', 'MOZ_HIDE_RESULTS_TABLE': '1', 'MAIL': '/var/mail/cltbld', '_': '/tools/buildbot/bin/python', 'NODE_PATH': '/usr/lib/nodejs:/usr/lib/node_modules:/usr/share/javascript', 'PWD': '/builds/slave/test', 'PROPERTIES_FILE': '/builds/slave/test/buildprops.json', 'CCACHE_DIR': '/builds/ccache'}}, attempt #1
16:56:08     INFO - Running command: ['/builds/slave/test/build/venv/bin/pip', 'install', '--no-deps', '--timeout', '120', '-r', '/builds/slave/test/build/tests/mochitest/websocketprocessbridge/websocketprocessbridge_requirements.txt', '--no-index', '--find-links', 'http://pypi.pvt.build.mozilla.org/pub', '--find-links', 'http://pypi.pub.build.mozilla.org/pub', '--trusted-host', 'pypi.pub.build.mozilla.org', '--trusted-host', 'pypi.pvt.build.mozilla.org'] in /builds/slave/test/build/tests/mochitest/websocketprocessbridge
16:56:08     INFO - Copy/paste: /builds/slave/test/build/venv/bin/pip install --no-deps --timeout 120 -r /builds/slave/test/build/tests/mochitest/websocketprocessbridge/websocketprocessbridge_requirements.txt --no-index --find-links http://pypi.pvt.build.mozilla.org/pub --find-links http://pypi.pub.build.mozilla.org/pub --trusted-host pypi.pub.build.mozilla.org --trusted-host pypi.pvt.build.mozilla.org
16:56:08     INFO - Using env: {'CCACHE_DIR': '/builds/ccache',
16:56:08     INFO -  'CCACHE_UMASK': '002',
16:56:08     INFO -  'DISPLAY': ':0',
16:56:08     INFO -  'HOME': '/home/cltbld',
16:56:08     INFO -  'LANG': 'en_US.UTF-8',
16:56:08     INFO -  'LOGNAME': 'cltbld',
16:56:08     INFO -  'MAIL': '/var/mail/cltbld',
16:56:08     INFO -  'MOZ_HIDE_RESULTS_TABLE': '1',
16:56:08     INFO -  'MOZ_NODE_PATH': '/usr/bin/node',
16:56:08     INFO -  'MOZ_NO_REMOTE': '1',
16:56:08     INFO -  'NODE_PATH': '/usr/lib/nodejs:/usr/lib/node_modules:/usr/share/javascript',
16:56:08     INFO -  'NO_FAIL_ON_TEST_ERRORS': '1',
16:56:08     INFO -  'PATH': '/usr/local/bin:/usr/local/bin:/usr/bin:/bin:/usr/local/games:/usr/games',
16:56:08     INFO -  'PROPERTIES_FILE': '/builds/slave/test/buildprops.json',
16:56:08     INFO -  'PWD': '/builds/slave/test',
16:56:08     INFO -  'SHELL': '/bin/bash',
16:56:08     INFO -  'SHLVL': '1',
16:56:08     INFO -  'TERM': 'linux',
16:56:08     INFO -  'TMOUT': '86400',
16:56:08     INFO -  'USER': 'cltbld',
16:56:08     INFO -  'XDG_SESSION_COOKIE': '9ca12473fbb1d023794ffd180000023c-1528501962.423676-1463798326',
16:56:08     INFO -  '_': '/tools/buildbot/bin/python'}
16:56:09     INFO -  Ignoring indexes: https://pypi.python.org/simple
16:56:09     INFO -  Collecting six==1.10.0 (from -r /builds/slave/test/build/tests/mochitest/websocketprocessbridge/websocketprocessbridge_requirements.txt (line 2))
16:56:09     INFO -  /builds/slave/test/build/venv/lib/python2.7/site-packages/pip/_vendor/requests/packages/urllib3/util/ssl_.py:318: SNIMissingWarning: An HTTPS request has been made, but the SNI (Subject Name Indication) extension to TLS is not available on this platform. This may cause the server to present an incorrect TLS certificate, which can cause validation failures. You can upgrade to a newer version of Python to solve this. For more information, see https://urllib3.readthedocs.org/en/latest/security.html#snimissingwarning.
16:56:09     INFO -    SNIMissingWarning
16:56:09     INFO -  /builds/slave/test/build/venv/lib/python2.7/site-packages/pip/_vendor/requests/packages/urllib3/util/ssl_.py:122: InsecurePlatformWarning: A true SSLContext object is not available. This prevents urllib3 from configuring SSL appropriately and may cause certain SSL connections to fail. You can upgrade to a newer version of Python to solve this. For more information, see https://urllib3.readthedocs.org/en/latest/security.html#insecureplatformwarning.
16:56:09     INFO -    InsecurePlatformWarning
16:56:11     INFO -  /builds/slave/test/build/venv/lib/python2.7/site-packages/pip/_vendor/requests/packages/urllib3/util/ssl_.py:122: InsecurePlatformWarning: A true SSLContext object is not available. This prevents urllib3 from configuring SSL appropriately and may cause certain SSL connections to fail. You can upgrade to a newer version of Python to solve this. For more information, see https://urllib3.readthedocs.org/en/latest/security.html#insecureplatformwarning.
16:56:11     INFO -    InsecurePlatformWarning
16:56:16     INFO -    Downloading https://pypi.pvt.build.mozilla.org/pub/six-1.10.0-py2.py3-none-any.whl
16:56:16     INFO -  Collecting twisted==10.2.0 (from -r /builds/slave/test/build/tests/mochitest/websocketprocessbridge/websocketprocessbridge_requirements.txt (line 4))
16:56:21     INFO -    Downloading https://pypi.pvt.build.mozilla.org/pub/Twisted-10.2.0.tar.gz (1.9MB)
16:56:24     INFO -  Collecting txws==0.9.1 (from -r /builds/slave/test/build/tests/mochitest/websocketprocessbridge/websocketprocessbridge_requirements.txt (line 7))
16:56:29     INFO -    Downloading https://pypi.pvt.build.mozilla.org/pub/txWS-0.9.1.tar.gz
16:56:33     INFO -  Requirement already satisfied (use --upgrade to upgrade): psutil==3.1.1 in /builds/slave/test/build/venv/lib/python2.7/site-packages (from -r /builds/slave/test/build/tests/mochitest/websocketprocessbridge/websocketprocessbridge_requirements.txt (line 9))
16:56:33     INFO -  Collecting ipaddr==2.1.11 (from -r /builds/slave/test/build/tests/mochitest/websocketprocessbridge/websocketprocessbridge_requirements.txt (line 12))
16:56:39     INFO -    Downloading https://pypi.pvt.build.mozilla.org/pub/ipaddr-2.1.11.tar.gz
16:56:39     INFO -  Collecting passlib==1.6.5 (from -r /builds/slave/test/build/tests/mochitest/websocketprocessbridge/websocketprocessbridge_requirements.txt (line 13))
16:56:45     INFO -    Downloading https://pypi.pvt.build.mozilla.org/pub/passlib-1.6.5-py2.py3-none-any.whl (317kB)
16:56:46     INFO -  Building wheels for collected packages: twisted, txws, ipaddr
16:56:46     INFO -    Running setup.py bdist_wheel for twisted: started
16:56:48     INFO -    Running setup.py bdist_wheel for twisted: finished with status 'done'
16:56:48     INFO -    Stored in directory: /home/cltbld/.cache/pip/wheels/2a/06/64/df4bef56496f61aee018cad118db54f7a03015723d10662b26
16:56:49     INFO -    Running setup.py bdist_wheel for txws: started
16:56:49     INFO -    Running setup.py bdist_wheel for txws: finished with status 'done'
16:56:49     INFO -    Stored in directory: /home/cltbld/.cache/pip/wheels/51/f5/78/51b5dd281cb5c86337c41faadc891bd5089a07842da35b9248
16:56:49     INFO -    Running setup.py bdist_wheel for ipaddr: started
16:56:50     INFO -    Running setup.py bdist_wheel for ipaddr: finished with status 'done'
16:56:50     INFO -    Stored in directory: /home/cltbld/.cache/pip/wheels/6a/e7/d2/68af1df9a4dd7fd032c9375a12bd438c6fa81ee69d5e07993f
16:56:50     INFO -  Successfully built twisted txws ipaddr
16:56:50     INFO -  Installing collected packages: six, twisted, txws, ipaddr, passlib
16:56:54     INFO -  Successfully installed ipaddr-2.1.11 passlib-1.6.5 six-1.10.0 twisted-10.2.0 txws-0.9.1
16:56:54     INFO - Return code: 0
16:56:54     INFO - Installing None into virtualenv /builds/slave/test/build/venv
16:56:54     INFO - retry: Calling run_command with args: [['/builds/slave/test/build/venv/bin/pip', 'install', '--timeout', '120', '-r', '/builds/slave/test/build/tests/mochitest/websocketprocessbridge/websocketprocessbridge_requirements.txt', '--no-index', '--find-links', 'http://pypi.pvt.build.mozilla.org/pub', '--find-links', 'http://pypi.pub.build.mozilla.org/pub', '--trusted-host', 'pypi.pub.build.mozilla.org', '--trusted-host', 'pypi.pvt.build.mozilla.org']], kwargs: {'error_level': 'warning', 'error_list': [{'substr': 'not found or a compiler error:', 'level': 'warning'}, {'regex': <_sre.SRE_Pattern object at 0x7f43176b7110>, 'level': 'error'}, {'regex': <_sre.SRE_Pattern object at 0x7f43177bfe40>, 'level': 'warning'}, {'regex': <_sre.SRE_Pattern object at 0x13d83e0>, 'level': 'debug'}, {'substr': 'command not found', 'level': 'error'}, {'regex': <_sre.SRE_Pattern object at 0x13d4a90>, 'level': 'warning'}, {'substr': 'Traceback (most recent call last)', 'level': 'error'}, {'substr': 'SyntaxError: ', 'level': 'error'}, {'substr': 'TypeError: ', 'level': 'error'}, {'substr': 'NameError: ', 'level': 'error'}, {'substr': 'ZeroDivisionError: ', 'level': 'error'}, {'regex': <_sre.SRE_Pattern object at 0x13d63f0>, 'level': 'critical'}, {'regex': <_sre.SRE_Pattern object at 0x13d6670>, 'level': 'critical'}], 'cwd': '/builds/slave/test/build/tests/mochitest/websocketprocessbridge', 'env': {'TMOUT': '86400', 'LOGNAME': 'cltbld', 'USER': 'cltbld', 'HOME': '/home/cltbld', 'PATH': '/usr/local/bin:/usr/local/bin:/usr/bin:/bin:/usr/local/games:/usr/games', 'DISPLAY': ':0', 'CCACHE_UMASK': '002', 'LANG': 'en_US.UTF-8', 'TERM': 'linux', 'SHELL': '/bin/bash', 'MOZ_NODE_PATH': '/usr/bin/node', 'XDG_SESSION_COOKIE': '9ca12473fbb1d023794ffd180000023c-1528501962.423676-1463798326', 'SHLVL': '1', 'NO_FAIL_ON_TEST_ERRORS': '1', 'MOZ_NO_REMOTE': '1', 'MOZ_HIDE_RESULTS_TABLE': '1', 'MAIL': '/var/mail/cltbld', '_': '/tools/buildbot/bin/python', 'NODE_PATH': '/usr/lib/nodejs:/usr/lib/node_modules:/usr/share/javascript', 'PWD': '/builds/slave/test', 'PROPERTIES_FILE': '/builds/slave/test/buildprops.json', 'CCACHE_DIR': '/builds/ccache'}}, attempt #1
16:56:54     INFO - Running command: ['/builds/slave/test/build/venv/bin/pip', 'install', '--timeout', '120', '-r', '/builds/slave/test/build/tests/mochitest/websocketprocessbridge/websocketprocessbridge_requirements.txt', '--no-index', '--find-links', 'http://pypi.pvt.build.mozilla.org/pub', '--find-links', 'http://pypi.pub.build.mozilla.org/pub', '--trusted-host', 'pypi.pub.build.mozilla.org', '--trusted-host', 'pypi.pvt.build.mozilla.org'] in /builds/slave/test/build/tests/mochitest/websocketprocessbridge
16:56:54     INFO - Copy/paste: /builds/slave/test/build/venv/bin/pip install --timeout 120 -r /builds/slave/test/build/tests/mochitest/websocketprocessbridge/websocketprocessbridge_requirements.txt --no-index --find-links http://pypi.pvt.build.mozilla.org/pub --find-links http://pypi.pub.build.mozilla.org/pub --trusted-host pypi.pub.build.mozilla.org --trusted-host pypi.pvt.build.mozilla.org
16:56:54     INFO - Using env: {'CCACHE_DIR': '/builds/ccache',
16:56:54     INFO -  'CCACHE_UMASK': '002',
16:56:54     INFO -  'DISPLAY': ':0',
16:56:54     INFO -  'HOME': '/home/cltbld',
16:56:54     INFO -  'LANG': 'en_US.UTF-8',
16:56:54     INFO -  'LOGNAME': 'cltbld',
16:56:54     INFO -  'MAIL': '/var/mail/cltbld',
16:56:54     INFO -  'MOZ_HIDE_RESULTS_TABLE': '1',
16:56:54     INFO -  'MOZ_NODE_PATH': '/usr/bin/node',
16:56:54     INFO -  'MOZ_NO_REMOTE': '1',
16:56:54     INFO -  'NODE_PATH': '/usr/lib/nodejs:/usr/lib/node_modules:/usr/share/javascript',
16:56:54     INFO -  'NO_FAIL_ON_TEST_ERRORS': '1',
16:56:54     INFO -  'PATH': '/usr/local/bin:/usr/local/bin:/usr/bin:/bin:/usr/local/games:/usr/games',
16:56:54     INFO -  'PROPERTIES_FILE': '/builds/slave/test/buildprops.json',
16:56:54     INFO -  'PWD': '/builds/slave/test',
16:56:54     INFO -  'SHELL': '/bin/bash',
16:56:54     INFO -  'SHLVL': '1',
16:56:54     INFO -  'TERM': 'linux',
16:56:54     INFO -  'TMOUT': '86400',
16:56:54     INFO -  'USER': 'cltbld',
16:56:54     INFO -  'XDG_SESSION_COOKIE': '9ca12473fbb1d023794ffd180000023c-1528501962.423676-1463798326',
16:56:54     INFO -  '_': '/tools/buildbot/bin/python'}
16:56:55     INFO -  Ignoring indexes: https://pypi.python.org/simple
16:56:55     INFO -  Requirement already satisfied (use --upgrade to upgrade): six==1.10.0 in /builds/slave/test/build/venv/lib/python2.7/site-packages (from -r /builds/slave/test/build/tests/mochitest/websocketprocessbridge/websocketprocessbridge_requirements.txt (line 2))
16:56:55     INFO -  Requirement already satisfied (use --upgrade to upgrade): twisted==10.2.0 in /builds/slave/test/build/venv/lib/python2.7/site-packages (from -r /builds/slave/test/build/tests/mochitest/websocketprocessbridge/websocketprocessbridge_requirements.txt (line 4))
16:56:55     INFO -  Requirement already satisfied (use --upgrade to upgrade): txws==0.9.1 in /builds/slave/test/build/venv/lib/python2.7/site-packages (from -r /builds/slave/test/build/tests/mochitest/websocketprocessbridge/websocketprocessbridge_requirements.txt (line 7))
16:56:55     INFO -  Requirement already satisfied (use --upgrade to upgrade): psutil==3.1.1 in /builds/slave/test/build/venv/lib/python2.7/site-packages (from -r /builds/slave/test/build/tests/mochitest/websocketprocessbridge/websocketprocessbridge_requirements.txt (line 9))
16:56:55     INFO -  Requirement already satisfied (use --upgrade to upgrade): ipaddr==2.1.11 in /builds/slave/test/build/venv/lib/python2.7/site-packages (from -r /builds/slave/test/build/tests/mochitest/websocketprocessbridge/websocketprocessbridge_requirements.txt (line 12))
16:56:55     INFO -  Requirement already satisfied (use --upgrade to upgrade): passlib==1.6.5 in /builds/slave/test/build/venv/lib/python2.7/site-packages (from -r /builds/slave/test/build/tests/mochitest/websocketprocessbridge/websocketprocessbridge_requirements.txt (line 13))
16:56:55     INFO -  Collecting zope.interface (from twisted==10.2.0->-r /builds/slave/test/build/tests/mochitest/websocketprocessbridge/websocketprocessbridge_requirements.txt (line 4))
16:56:55     INFO -  /builds/slave/test/build/venv/lib/python2.7/site-packages/pip/_vendor/requests/packages/urllib3/util/ssl_.py:318: SNIMissingWarning: An HTTPS request has been made, but the SNI (Subject Name Indication) extension to TLS is not available on this platform. This may cause the server to present an incorrect TLS certificate, which can cause validation failures. You can upgrade to a newer version of Python to solve this. For more information, see https://urllib3.readthedocs.org/en/latest/security.html#snimissingwarning.
16:56:55     INFO -    SNIMissingWarning
16:56:55     INFO -  /builds/slave/test/build/venv/lib/python2.7/site-packages/pip/_vendor/requests/packages/urllib3/util/ssl_.py:122: InsecurePlatformWarning: A true SSLContext object is not available. This prevents urllib3 from configuring SSL appropriately and may cause certain SSL connections to fail. You can upgrade to a newer version of Python to solve this. For more information, see https://urllib3.readthedocs.org/en/latest/security.html#insecureplatformwarning.
16:56:55     INFO -    InsecurePlatformWarning
16:56:57     INFO -  /builds/slave/test/build/venv/lib/python2.7/site-packages/pip/_vendor/requests/packages/urllib3/util/ssl_.py:122: InsecurePlatformWarning: A true SSLContext object is not available. This prevents urllib3 from configuring SSL appropriately and may cause certain SSL connections to fail. You can upgrade to a newer version of Python to solve this. For more information, see https://urllib3.readthedocs.org/en/latest/security.html#insecureplatformwarning.
16:56:57     INFO -    InsecurePlatformWarning
16:57:02     INFO -    Downloading https://pypi.pvt.build.mozilla.org/pub/zope.interface-4.0.2.tar.gz (139kB)
16:57:03     INFO -  Requirement already satisfied (use --upgrade to upgrade): setuptools in /builds/slave/test/build/venv/lib/python2.7/site-packages (from zope.interface->twisted==10.2.0->-r /builds/slave/test/build/tests/mochitest/websocketprocessbridge/websocketprocessbridge_requirements.txt (line 4))
16:57:03     INFO -  Building wheels for collected packages: zope.interface
16:57:03     INFO -    Running setup.py bdist_wheel for zope.interface: started
16:57:05     INFO -    Running setup.py bdist_wheel for zope.interface: finished with status 'done'
16:57:05     INFO -    Stored in directory: /home/cltbld/.cache/pip/wheels/54/5c/71/e718400d2babcda41f4d97864183e1268dab308acc88e22470
16:57:05     INFO -  Successfully built zope.interface
16:57:05     INFO -  Installing collected packages: zope.interface
16:57:05     INFO -  Successfully installed zope.interface-4.0.2
16:57:05     INFO - Return code: 0
16:57:05     INFO - Done creating virtualenv /builds/slave/test/build/venv.
16:57:05     INFO - Getting output from command: ['/builds/slave/test/build/venv/bin/pip', 'freeze']
16:57:05     INFO - Copy/paste: /builds/slave/test/build/venv/bin/pip freeze
16:57:07     INFO - Reading from file tmpfile_stdout
16:57:07     INFO - Reading from file tmpfile_stderr
16:57:07     INFO - Current package versions:
16:57:07     INFO -   Twisted == 10.2.0
16:57:07     INFO -   blessings == 1.6
16:57:07     INFO -   blobuploader == 1.2.4
16:57:07     INFO -   browsermob-proxy == 0.6.0
16:57:07     INFO -   docopt == 0.6.1
16:57:07     INFO -   firefox-puppeteer == 52.1.0
16:57:07     INFO -   functools32 == 3.2.3.post2
16:57:07     INFO -   ipaddr == 2.1.11
16:57:07     INFO -   jsonschema == 2.5.1
16:57:07     INFO -   manifestparser == 1.1
16:57:07     INFO -   marionette-driver == 2.2.0
16:57:07     INFO -   marionette-harness == 4.0.0
16:57:07     INFO -   mock == 1.0.1
16:57:07     INFO -   mozInstall == 1.12
16:57:07     INFO -   mozcrash == 1.0
16:57:07     INFO -   mozdebug == 0.1
16:57:07     INFO -   mozdevice == 0.48
16:57:07     INFO -   mozfile == 1.2
16:57:07     INFO -   mozhttpd == 0.7
16:57:07     INFO -   mozinfo == 0.9
16:57:07     INFO -   mozleak == 0.1
16:57:07     INFO -   mozlog == 3.4
16:57:07     INFO -   moznetwork == 0.27
16:57:07     INFO -   mozprocess == 0.23
16:57:07     INFO -   mozprofile == 0.28
16:57:07     INFO -   mozrunner == 6.13
16:57:07     INFO -   mozscreenshot == 0.1
16:57:07     INFO -   mozsystemmonitor == 0.3
16:57:07     INFO -   moztest == 0.8
16:57:07     INFO -   mozversion == 1.4
16:57:07     INFO -   passlib == 1.6.5
16:57:07     INFO -   psutil == 3.1.1
16:57:07     INFO -   requests == 1.2.3
16:57:07     INFO -   simplejson == 3.3.0
16:57:07     INFO -   six == 1.10.0
16:57:07     INFO -   txWS == 0.9.1
16:57:07     INFO -   wptserve == 1.4.0
16:57:07     INFO -   zope.interface == 4.0.2
16:57:07     INFO - Running post-action listener: _resource_record_post_action
16:57:07     INFO - Running post-action listener: _start_resource_monitoring
16:57:07     INFO - Starting resource monitoring.
16:57:07     INFO - [mozharness: 2018-06-08 23:57:07.912448Z] Finished create-virtualenv step (success)
16:57:07     INFO - [mozharness: 2018-06-08 23:57:07.922835Z] Running install step.
16:57:07     INFO - Running pre-action listener: _resource_record_pre_action
16:57:07     INFO - Running main action method: install
16:57:07     INFO - Getting output from command: ['/builds/slave/test/build/venv/bin/pip', 'freeze']
16:57:07     INFO - Copy/paste: /builds/slave/test/build/venv/bin/pip freeze
16:57:08     INFO - Reading from file tmpfile_stdout
16:57:08     INFO - Reading from file tmpfile_stderr
16:57:08     INFO - Detecting whether we're running mozinstall >=1.0...
16:57:08     INFO - Getting output from command: ['/builds/slave/test/build/venv/bin/mozinstall', '-h']
16:57:08     INFO - Copy/paste: /builds/slave/test/build/venv/bin/mozinstall -h
16:57:09     INFO - Reading from file tmpfile_stdout
16:57:09     INFO - Output received:
16:57:09     INFO -  Usage: mozinstall [options] installer
16:57:09     INFO -  Options:
16:57:09     INFO -    -h, --help            show this help message and exit
16:57:09     INFO -    -d DEST, --destination=DEST
16:57:09     INFO -                          Directory to install application into. [default:
16:57:09     INFO -                          "/builds/slave/test"]
16:57:09     INFO -    --app=APP             Application being installed. [default: firefox]
16:57:09     INFO - mkdir: /builds/slave/test/build/application
16:57:09     INFO - Getting output from command: ['/builds/slave/test/build/venv/bin/mozinstall', '/builds/slave/test/build/installer.tar.bz2', '--destination', '/builds/slave/test/build/application']
16:57:09     INFO - Copy/paste: /builds/slave/test/build/venv/bin/mozinstall /builds/slave/test/build/installer.tar.bz2 --destination /builds/slave/test/build/application
16:57:31     INFO - Reading from file tmpfile_stdout
16:57:31     INFO - Output received:
16:57:31     INFO -  /builds/slave/test/build/application/firefox/firefox
16:57:31     INFO - Running post-action listener: _resource_record_post_action
16:57:31     INFO - [mozharness: 2018-06-08 23:57:31.726959Z] Finished install step (success)
16:57:31     INFO - [mozharness: 2018-06-08 23:57:31.727358Z] Running stage-files step.
16:57:31     INFO - Running pre-action listener: _resource_record_pre_action
16:57:31     INFO - Running main action method: stage_files
16:57:31     INFO - Running post-action listener: _resource_record_post_action
16:57:31     INFO - [mozharness: 2018-06-08 23:57:31.729044Z] Finished stage-files step (success)
16:57:31     INFO - [mozharness: 2018-06-08 23:57:31.729400Z] Running run-tests step.
16:57:31     INFO - Running pre-action listener: _resource_record_pre_action
16:57:31     INFO - Running pre-action listener: _set_gcov_prefix
16:57:31     INFO - Running main action method: run_tests
16:57:31     INFO - Running pre test command disable_screen_saver with 'xset s off s reset'
16:57:31     INFO - Running command: ['xset', 's', 'off', 's', 'reset'] in /builds/slave/test/build
16:57:31     INFO - Copy/paste: xset s off s reset
16:57:31     INFO - Return code: 0
16:57:31     INFO - #### Running mochitest suites
16:57:31     INFO - Structured output parser in use for mochitest.
16:57:31     INFO - grabbing minidump binary from tooltool
16:57:31     INFO - retry: Calling run_command with args: (['/tools/tooltool.py', '--url', 'https://api.pub.build.mozilla.org/tooltool/', '--authentication-file', '/builds/relengapi.tok', 'fetch', '-m', '/builds/slave/test/build/tests/config/tooltool-manifests/linux64/releng.manifest', '-o', '-c', '/builds/tooltool_cache'],), kwargs: {'output_timeout': 600, 'error_list': [{'substr': 'command not found', 'level': 'error'}, {'regex': <_sre.SRE_Pattern object at 0x13d4a90>, 'level': 'warning'}, {'substr': 'Traceback (most recent call last)', 'level': 'error'}, {'substr': 'SyntaxError: ', 'level': 'error'}, {'substr': 'TypeError: ', 'level': 'error'}, {'substr': 'NameError: ', 'level': 'error'}, {'substr': 'ZeroDivisionError: ', 'level': 'error'}, {'regex': <_sre.SRE_Pattern object at 0x13d63f0>, 'level': 'critical'}, {'regex': <_sre.SRE_Pattern object at 0x13d6670>, 'level': 'critical'}, {'substr': 'ERROR - ', 'level': 'error'}], 'cwd': '/builds/slave/test/build', 'privileged': False}, attempt #1
16:57:31     INFO - Running command: ['/tools/tooltool.py', '--url', 'https://api.pub.build.mozilla.org/tooltool/', '--authentication-file', '/builds/relengapi.tok', 'fetch', '-m', '/builds/slave/test/build/tests/config/tooltool-manifests/linux64/releng.manifest', '-o', '-c', '/builds/tooltool_cache'] in /builds/slave/test/build
16:57:31     INFO - Copy/paste: /tools/tooltool.py --url https://api.pub.build.mozilla.org/tooltool/ --authentication-file /builds/relengapi.tok fetch -m /builds/slave/test/build/tests/config/tooltool-manifests/linux64/releng.manifest -o -c /builds/tooltool_cache
16:57:31     INFO - Calling ['/tools/tooltool.py', '--url', 'https://api.pub.build.mozilla.org/tooltool/', '--authentication-file', '/builds/relengapi.tok', 'fetch', '-m', '/builds/slave/test/build/tests/config/tooltool-manifests/linux64/releng.manifest', '-o', '-c', '/builds/tooltool_cache'] with output_timeout 600
16:57:31     INFO -  INFO - File linux64-minidump_stackwalk not present in local cache folder /builds/tooltool_cache
16:57:31     INFO -  INFO - Attempting to fetch from 'https://api.pub.build.mozilla.org/tooltool/'...
16:57:34     INFO -  INFO - File linux64-minidump_stackwalk fetched from https://api.pub.build.mozilla.org/tooltool/ as /builds/slave/test/build/tmp9TyuGY
16:57:34     INFO -  INFO - File integrity verified, renaming tmp9TyuGY to linux64-minidump_stackwalk
16:57:34     INFO -  INFO - Updating local cache /builds/tooltool_cache...
16:57:34     INFO -  INFO - Local cache /builds/tooltool_cache updated with linux64-minidump_stackwalk
16:57:34     INFO - Return code: 0
16:57:34     INFO - Chmoding /builds/slave/test/build/linux64-minidump_stackwalk to 0755
16:57:34     INFO - grabbing nodejs binary from tooltool
16:57:34     INFO - retry: Calling run_command with args: (['/tools/tooltool.py', '--url', 'https://api.pub.build.mozilla.org/tooltool/', '--authentication-file', '/builds/relengapi.tok', 'fetch', '-m', '/builds/slave/test/build/tests/config/tooltool-manifests/linux64/nodejs.manifest', '-o', '-c', '/builds/tooltool_cache'],), kwargs: {'output_timeout': 600, 'error_list': [{'substr': 'command not found', 'level': 'error'}, {'regex': <_sre.SRE_Pattern object at 0x13d4a90>, 'level': 'warning'}, {'substr': 'Traceback (most recent call last)', 'level': 'error'}, {'substr': 'SyntaxError: ', 'level': 'error'}, {'substr': 'TypeError: ', 'level': 'error'}, {'substr': 'NameError: ', 'level': 'error'}, {'substr': 'ZeroDivisionError: ', 'level': 'error'}, {'regex': <_sre.SRE_Pattern object at 0x13d63f0>, 'level': 'critical'}, {'regex': <_sre.SRE_Pattern object at 0x13d6670>, 'level': 'critical'}, {'substr': 'ERROR - ', 'level': 'error'}], 'cwd': '/builds/slave/test/build', 'privileged': False}, attempt #1
16:57:34     INFO - Running command: ['/tools/tooltool.py', '--url', 'https://api.pub.build.mozilla.org/tooltool/', '--authentication-file', '/builds/relengapi.tok', 'fetch', '-m', '/builds/slave/test/build/tests/config/tooltool-manifests/linux64/nodejs.manifest', '-o', '-c', '/builds/tooltool_cache'] in /builds/slave/test/build
16:57:34     INFO - Copy/paste: /tools/tooltool.py --url https://api.pub.build.mozilla.org/tooltool/ --authentication-file /builds/relengapi.tok fetch -m /builds/slave/test/build/tests/config/tooltool-manifests/linux64/nodejs.manifest -o -c /builds/tooltool_cache
16:57:34     INFO - Calling ['/tools/tooltool.py', '--url', 'https://api.pub.build.mozilla.org/tooltool/', '--authentication-file', '/builds/relengapi.tok', 'fetch', '-m', '/builds/slave/test/build/tests/config/tooltool-manifests/linux64/nodejs.manifest', '-o', '-c', '/builds/tooltool_cache'] with output_timeout 600
16:57:34     INFO -  INFO - File node-linux-x64.tar.gz not present in local cache folder /builds/tooltool_cache
16:57:34     INFO -  INFO - Attempting to fetch from 'https://api.pub.build.mozilla.org/tooltool/'...
16:57:39     INFO -  INFO - File node-linux-x64.tar.gz fetched from https://api.pub.build.mozilla.org/tooltool/ as /builds/slave/test/build/tmpXlCQSe
16:57:39     INFO -  INFO - File integrity verified, renaming tmpXlCQSe to node-linux-x64.tar.gz
16:57:39     INFO -  INFO - Updating local cache /builds/tooltool_cache...
16:57:39     INFO -  INFO - Local cache /builds/tooltool_cache updated with node-linux-x64.tar.gz
16:57:39     INFO -  INFO - untarring "node-linux-x64.tar.gz"
16:57:41     INFO - Return code: 0
16:57:41     INFO - Chmoding /builds/slave/test/build/node-linux-x64/bin/node to 0755
16:57:41     INFO - mkdir: /builds/slave/test/build/blobber_upload_dir
16:57:41     INFO - ENV: MOZ_UPLOAD_DIR is now /builds/slave/test/build/blobber_upload_dir
16:57:41     INFO - ENV: MINIDUMP_STACKWALK is now /builds/slave/test/build/linux64-minidump_stackwalk
16:57:41     INFO - ENV: MOZ_NODE_PATH is now /builds/slave/test/build/node-linux-x64/bin/node
16:57:41     INFO - ENV: MINIDUMP_SAVE_PATH is now /builds/slave/test/build/blobber_upload_dir
16:57:41     INFO - Running command: ['/builds/slave/test/build/venv/bin/python', '-u', '/builds/slave/test/build/tests/mochitest/runtests.py', '--disable-e10s', '--total-chunks', '8', '--this-chunk', '2', '--appname=/builds/slave/test/build/application/firefox/firefox', '--utility-path=tests/bin', '--extra-profile-file=tests/bin/plugins', '--symbols-path=https://queue.taskcluster.net/v1/task/I1iAdq48Sa60c5BCPWswkg/artifacts/public/build/firefox-52.8.2.en-US.linux-x86_64.crashreporter-symbols.zip', '--certificate-path=tests/certs', '--setpref=webgl.force-enabled=true', '--quiet', '--log-raw=/builds/slave/test/build/blobber_upload_dir/mochitest-devtools-chrome-chunked_raw.log', '--log-errorsummary=/builds/slave/test/build/blobber_upload_dir/mochitest-devtools-chrome-chunked_errorsummary.log', '--use-test-media-devices', '--screenshot-on-fail', '--cleanup-crashes', '--marionette-startup-timeout=180', '--log-raw=-', '--flavor=browser', '--subsuite=devtools', '--chunk-by-runtime'] in /builds/slave/test/build
16:57:41     INFO - Copy/paste: /builds/slave/test/build/venv/bin/python -u /builds/slave/test/build/tests/mochitest/runtests.py --disable-e10s --total-chunks 8 --this-chunk 2 --appname=/builds/slave/test/build/application/firefox/firefox --utility-path=tests/bin --extra-profile-file=tests/bin/plugins --symbols-path=https://queue.taskcluster.net/v1/task/I1iAdq48Sa60c5BCPWswkg/artifacts/public/build/firefox-52.8.2.en-US.linux-x86_64.crashreporter-symbols.zip --certificate-path=tests/certs --setpref=webgl.force-enabled=true --quiet --log-raw=/builds/slave/test/build/blobber_upload_dir/mochitest-devtools-chrome-chunked_raw.log --log-errorsummary=/builds/slave/test/build/blobber_upload_dir/mochitest-devtools-chrome-chunked_errorsummary.log --use-test-media-devices --screenshot-on-fail --cleanup-crashes --marionette-startup-timeout=180 --log-raw=- --flavor=browser --subsuite=devtools --chunk-by-runtime
16:57:41     INFO - Using env: {'CCACHE_DIR': '/builds/ccache',
16:57:41     INFO -  'CCACHE_UMASK': '002',
16:57:41     INFO -  'DISPLAY': ':0',
16:57:41     INFO -  'HOME': '/home/cltbld',
16:57:41     INFO -  'LANG': 'en_US.UTF-8',
16:57:41     INFO -  'LOGNAME': 'cltbld',
16:57:41     INFO -  'MAIL': '/var/mail/cltbld',
16:57:41     INFO -  'MINIDUMP_SAVE_PATH': '/builds/slave/test/build/blobber_upload_dir',
16:57:41     INFO -  'MINIDUMP_STACKWALK': '/builds/slave/test/build/linux64-minidump_stackwalk',
16:57:41     INFO -  'MOZ_HIDE_RESULTS_TABLE': '1',
16:57:41     INFO -  'MOZ_NODE_PATH': '/builds/slave/test/build/node-linux-x64/bin/node',
16:57:41     INFO -  'MOZ_NO_REMOTE': '1',
16:57:41     INFO -  'MOZ_UPLOAD_DIR': '/builds/slave/test/build/blobber_upload_dir',
16:57:41     INFO -  'NODE_PATH': '/usr/lib/nodejs:/usr/lib/node_modules:/usr/share/javascript',
16:57:41     INFO -  'NO_FAIL_ON_TEST_ERRORS': '1',
16:57:41     INFO -  'PATH': '/builds/slave/test/build/venv/bin:/usr/local/bin:/usr/local/bin:/usr/bin:/bin:/usr/local/games:/usr/games',
16:57:41     INFO -  'PROPERTIES_FILE': '/builds/slave/test/buildprops.json',
16:57:41     INFO -  'PWD': '/builds/slave/test',
16:57:41     INFO -  'SHELL': '/bin/bash',
16:57:41     INFO -  'SHLVL': '1',
16:57:41     INFO -  'TERM': 'linux',
16:57:41     INFO -  'TMOUT': '86400',
16:57:41     INFO -  'USER': 'cltbld',
16:57:41     INFO -  'XDG_SESSION_COOKIE': '9ca12473fbb1d023794ffd180000023c-1528501962.423676-1463798326',
16:57:41     INFO -  '_': '/tools/buildbot/bin/python'}
16:57:41     INFO - Calling ['/builds/slave/test/build/venv/bin/python', '-u', '/builds/slave/test/build/tests/mochitest/runtests.py', '--disable-e10s', '--total-chunks', '8', '--this-chunk', '2', '--appname=/builds/slave/test/build/application/firefox/firefox', '--utility-path=tests/bin', '--extra-profile-file=tests/bin/plugins', '--symbols-path=https://queue.taskcluster.net/v1/task/I1iAdq48Sa60c5BCPWswkg/artifacts/public/build/firefox-52.8.2.en-US.linux-x86_64.crashreporter-symbols.zip', '--certificate-path=tests/certs', '--setpref=webgl.force-enabled=true', '--quiet', '--log-raw=/builds/slave/test/build/blobber_upload_dir/mochitest-devtools-chrome-chunked_raw.log', '--log-errorsummary=/builds/slave/test/build/blobber_upload_dir/mochitest-devtools-chrome-chunked_errorsummary.log', '--use-test-media-devices', '--screenshot-on-fail', '--cleanup-crashes', '--marionette-startup-timeout=180', '--log-raw=-', '--flavor=browser', '--subsuite=devtools', '--chunk-by-runtime'] with output_timeout 1000
16:57:42     INFO - Checking for orphan ssltunnel processes...
16:57:42     INFO - Checking for orphan xpcshell processes...
16:57:42     INFO - SUITE-START | Running 282 tests
16:57:42     INFO - TEST-START | devtools/client/debugger/test/mochitest/browser_dbg_bfcache.js
16:57:42     INFO - TEST-SKIP | devtools/client/debugger/test/mochitest/browser_dbg_bfcache.js | took 0ms
16:57:42     INFO - TEST-START | devtools/client/debugger/test/mochitest/browser_dbg_clean-exit-window.js
16:57:42     INFO - TEST-SKIP | devtools/client/debugger/test/mochitest/browser_dbg_clean-exit-window.js | took 0ms
16:57:42     INFO - TEST-START | devtools/client/debugger/test/mochitest/browser_dbg_clean-exit.js
16:57:42     INFO - TEST-SKIP | devtools/client/debugger/test/mochitest/browser_dbg_clean-exit.js | took 1ms
16:57:42     INFO - TEST-START | devtools/client/debugger/test/mochitest/browser_dbg_listtabs-02.js
16:57:42     INFO - TEST-SKIP | devtools/client/debugger/test/mochitest/browser_dbg_listtabs-02.js | took 0ms
16:57:42     INFO - TEST-START | devtools/client/debugger/test/mochitest/browser_dbg_on-pause-raise.js
16:57:42     INFO - TEST-SKIP | devtools/client/debugger/test/mochitest/browser_dbg_on-pause-raise.js | took 0ms
16:57:42     INFO - TEST-START | devtools/client/debugger/test/mochitest/browser_dbg_promises-chrome-allocation-stack.js
16:57:42     INFO - TEST-SKIP | devtools/client/debugger/test/mochitest/browser_dbg_promises-chrome-allocation-stack.js | took 0ms
16:57:42     INFO - TEST-START | devtools/client/debugger/test/mochitest/browser_dbg_search-symbols.js
16:57:42     INFO - TEST-SKIP | devtools/client/debugger/test/mochitest/browser_dbg_search-symbols.js | took 1ms
16:57:42     INFO - TEST-START | devtools/client/debugger/test/mochitest/browser_dbg_sources-eval-01.js
16:57:42     INFO - TEST-SKIP | devtools/client/debugger/test/mochitest/browser_dbg_sources-eval-01.js | took 0ms
16:57:42     INFO - TEST-START | devtools/client/debugger/test/mochitest/browser_dbg_split-console-paused-reload.js
16:57:42     INFO - TEST-SKIP | devtools/client/debugger/test/mochitest/browser_dbg_split-console-paused-reload.js | took 0ms
16:57:42     INFO - TEST-START | devtools/client/debugger/test/mochitest/browser_dbg_variables-view-popup-14.js
16:57:42     INFO - TEST-SKIP | devtools/client/debugger/test/mochitest/browser_dbg_variables-view-popup-14.js | took 0ms
16:57:42     INFO -  dir: devtools/client/debugger/test/mochitest
16:57:44     INFO -  ImportError: No module named pygtk
16:57:45     INFO -  Setting pipeline to PAUSED ...
16:57:45     INFO -  libv4l2: error getting pixformat: Invalid argument
16:57:45     INFO -  Pipeline is PREROLLING ...
16:57:45     INFO -  Pipeline is PREROLLED ...
16:57:45     INFO -  Setting pipeline to PLAYING ...
16:57:45     INFO -  New clock: GstSystemClock
16:57:45     INFO -  Got EOS from element "pipeline0".
16:57:45     INFO -  Execution ended after 32172841 ns.
16:57:45     INFO -  Setting pipeline to PAUSED ...
16:57:45     INFO -  Setting pipeline to READY ...
16:57:45     INFO -  Setting pipeline to NULL ...
16:57:45     INFO -  Freeing pipeline ...
16:57:45     INFO -  23
16:57:46     INFO -  mozprofile.addons WARNING | Could not install /builds/slave/test/build/tests/mochitest/extensions/mozscreenshots: [Errno 2] No such file or directory: '/builds/slave/test/build/tests/mochitest/extensions/mozscreenshots/install.rdf'
16:57:46     INFO -  pk12util: PKCS12 IMPORT SUCCESSFUL
16:57:46     INFO - MochitestServer : launching [u'/builds/slave/test/build/tests/bin/xpcshell', '-g', '/builds/slave/test/build/application/firefox', '-v', '170', '-f', '/builds/slave/test/build/tests/bin/components/httpd.js', '-e', "const _PROFILE_PATH = '/tmp/tmpl5dZZm.mozrunner'; const _SERVER_PORT = '8888'; const _SERVER_ADDR = '127.0.0.1'; const _TEST_PREFIX = undefined; const _DISPLAY_RESULTS = false;", '-f', '/builds/slave/test/build/tests/mochitest/server.js']
16:57:46     INFO - runtests.py | Server pid: 2393
16:57:46     INFO - runtests.py | Websocket server pid: 2396
16:57:46     INFO - runtests.py | SSL tunnel pid: 2399
16:57:46     INFO - runtests.py | Running with e10s: False
16:57:46     INFO - runtests.py | Running tests: start.
16:57:46     INFO - 
16:57:46     INFO - Application command: /builds/slave/test/build/application/firefox/firefox -marionette -foreground -profile /tmp/tmpl5dZZm.mozrunner
16:57:47     INFO - runtests.py | Application pid: 2421
16:57:47     INFO - TEST-INFO | started process Main app process
16:57:50     INFO - 1528502270080	Marionette	INFO	Listening on port 2828
16:57:54     INFO - *** Start BrowserChrome Test Results ***
16:57:54     INFO - checking window state
16:57:54     INFO - TEST-START | devtools/client/debugger/test/mochitest/browser_dbg_WorkerActor.attach.js
16:57:54     INFO - Frame script loaded.
16:57:55     INFO - Creating worker with url 'code_WorkerActor.attach-worker1.js'.
16:57:55     INFO - Creating worker with url 'code_WorkerActor.attach-worker2.js'.
16:57:56     INFO - MEMORY STAT vsizeMaxContiguous not supported in this build configuration.
16:57:56     INFO - MEMORY STAT | vsize 2011MB | residentFast 246MB | heapAllocated 124MB
16:57:56     INFO - TEST-OK | devtools/client/debugger/test/mochitest/browser_dbg_WorkerActor.attach.js | took 1768ms
16:57:56     INFO - checking window state
16:57:56     INFO - TEST-START | devtools/client/debugger/test/mochitest/browser_dbg_WorkerActor.attachThread.js
16:57:56     INFO - Frame script loaded.
16:57:56     INFO - Creating worker with url 'code_WorkerActor.attachThread-worker.js'.
16:57:57     INFO - EMITTING: emit(connectionchange, opened, [object Object]) from
16:57:57     INFO - EMITTING: emit(newGlobal, [object Object]) from
16:57:57     INFO - EMITTING: emit(newSource, [Actor source/server1.conn0.child2/28/4]) from
16:57:57     INFO - EMITTING: emit(connectionchange, opened, [object Object]) from
16:57:57     INFO - EMITTING: emit(newGlobal, [object Object]) from
16:57:57     INFO - EMITTING: emit(newSource, [Actor source/server1.conn1.child2/28/4]) from
16:57:57     INFO - Posting message to worker with url 'code_WorkerActor.attachThread-worker.js'.
16:57:57     INFO - Terminating worker with url 'code_WorkerActor.attachThread-worker.js'.
16:57:57     INFO - MEMORY STAT | vsize 2011MB | residentFast 244MB | heapAllocated 119MB
16:57:57     INFO - TEST-OK | devtools/client/debugger/test/mochitest/browser_dbg_WorkerActor.attachThread.js | took 1376ms
16:57:57     INFO - checking window state
16:57:57     INFO - TEST-START | devtools/client/debugger/test/mochitest/browser_dbg_aaa_run_first_leaktest.js
16:57:57     INFO - Frame script loaded.
16:58:02     INFO - Calling function with name firstCall.
16:58:02     INFO - args []
16:58:04     INFO - MEMORY STAT | vsize 2080MB | residentFast 259MB | heapAllocated 129MB
16:58:04     INFO - TEST-OK | devtools/client/debugger/test/mochitest/browser_dbg_aaa_run_first_leaktest.js | took 6130ms
16:58:04     INFO - checking window state
16:58:04     INFO - TEST-START | devtools/client/debugger/test/mochitest/browser_dbg_addon-console.js
16:58:04     INFO - 1528502284244	addons.xpi	WARN	Add-on browser_dbg_addon4@tests.mozilla.org is missing bootstrap method install
16:58:04     INFO - console.log: {"msg":"Hello from the test add-on"}
16:58:06     INFO - console.log: Bad message
16:58:06     INFO - console.log: {"msg":"Hello again"}
16:58:06     INFO - 1528502286432	addons.xpi	WARN	Add-on browser_dbg_addon4@tests.mozilla.org is missing bootstrap method uninstall
16:58:06     INFO - MEMORY STAT | vsize 2093MB | residentFast 243MB | heapAllocated 110MB
16:58:06     INFO - TEST-OK | devtools/client/debugger/test/mochitest/browser_dbg_addon-console.js | took 2802ms
16:58:07     INFO - checking window state
16:58:07     INFO - TEST-START | devtools/client/debugger/test/mochitest/browser_dbg_addon-modules-unpacked.js
16:58:07     INFO - 1528502287206	addons.xpi	WARN	Add-on browser_dbg_addon5@tests.mozilla.org is missing bootstrap method install
16:58:07     INFO - Frame script loaded.
16:58:09     INFO - Frame script loaded.
16:58:10     INFO - 1528502290418	addons.xpi	WARN	Add-on browser_dbg_addon5@tests.mozilla.org is missing bootstrap method uninstall
16:58:10     INFO - MEMORY STAT | vsize 2093MB | residentFast 255MB | heapAllocated 116MB
16:58:10     INFO - TEST-OK | devtools/client/debugger/test/mochitest/browser_dbg_addon-modules-unpacked.js | took 3834ms
16:58:11     INFO - checking window state
16:58:11     INFO - TEST-START | devtools/client/debugger/test/mochitest/browser_dbg_addon-modules.js
16:58:11     INFO - 1528502291242	addons.xpi	WARN	Add-on browser_dbg_addon4@tests.mozilla.org is missing bootstrap method install
16:58:11     INFO - console.log: {"msg":"Hello from the test add-on"}
16:58:11     INFO - Frame script loaded.
16:58:13     INFO - Frame script loaded.
16:58:14     INFO - 1528502294672	addons.xpi	WARN	Add-on browser_dbg_addon4@tests.mozilla.org is missing bootstrap method uninstall
16:58:15     INFO - MEMORY STAT | vsize 2096MB | residentFast 262MB | heapAllocated 119MB
16:58:15     INFO - TEST-OK | devtools/client/debugger/test/mochitest/browser_dbg_addon-modules.js | took 4092ms
16:58:15     INFO - checking window state
16:58:15     INFO - TEST-START | devtools/client/debugger/test/mochitest/browser_dbg_addon-panels.js
16:58:19     INFO - MEMORY STAT | vsize 2099MB | residentFast 255MB | heapAllocated 116MB
16:58:19     INFO - TEST-OK | devtools/client/debugger/test/mochitest/browser_dbg_addon-panels.js | took 4428ms
16:58:19     INFO - checking window state
16:58:20     INFO - TEST-START | devtools/client/debugger/test/mochitest/browser_dbg_addon-sources.js
16:58:20     INFO - JavaScript error: resource://gre/modules/addons/XPIProvider.jsm -> jar:file:///builds/slave/test/build/tests/mochitest/browser/devtools/client/debugger/test/mochitest/addon3.xpi!/bootstrap.js, line 292: NS_ERROR_ILLEGAL_VALUE: Component returned failure code: 0x80070057 (NS_ERROR_ILLEGAL_VALUE) [nsIXPCComponents_Utils.nukeSandbox]
16:58:25     INFO - MEMORY STAT | vsize 2095MB | residentFast 259MB | heapAllocated 117MB
16:58:25     INFO - TEST-OK | devtools/client/debugger/test/mochitest/browser_dbg_addon-sources.js | took 5380ms
16:58:25     INFO - checking window state
16:58:25     INFO - TEST-START | devtools/client/debugger/test/mochitest/browser_dbg_addon-workers-dbg-enabled.js
16:58:26     INFO - JavaScript error: resource://gre/modules/addons/XPIProvider.jsm -> jar:file:///builds/slave/test/build/tests/mochitest/browser/devtools/client/debugger/test/mochitest/addon3.xpi!/bootstrap.js, line 292: NS_ERROR_ILLEGAL_VALUE: Component returned failure code: 0x80070057 (NS_ERROR_ILLEGAL_VALUE) [nsIXPCComponents_Utils.nukeSandbox]
16:58:31     INFO - MEMORY STAT | vsize 2098MB | residentFast 262MB | heapAllocated 117MB
16:58:31     INFO - TEST-OK | devtools/client/debugger/test/mochitest/browser_dbg_addon-workers-dbg-enabled.js | took 6046ms
16:58:31     INFO - checking window state
16:58:31     INFO - TEST-START | devtools/client/debugger/test/mochitest/browser_dbg_addonactor.js
16:58:32     INFO - JavaScript error: resource://gre/modules/addons/XPIProvider.jsm -> jar:file:///builds/slave/test/build/tests/mochitest/browser/devtools/client/debugger/test/mochitest/addon3.xpi!/bootstrap.js, line 292: NS_ERROR_ILLEGAL_VALUE: Component returned failure code: 0x80070057 (NS_ERROR_ILLEGAL_VALUE) [nsIXPCComponents_Utils.nukeSandbox]
16:58:33     INFO - MEMORY STAT | vsize 2098MB | residentFast 269MB | heapAllocated 124MB
16:58:33     INFO - TEST-OK | devtools/client/debugger/test/mochitest/browser_dbg_addonactor.js | took 2172ms
16:58:34     INFO - checking window state
16:58:34     INFO - TEST-START | devtools/client/debugger/test/mochitest/browser_dbg_auto-pretty-print-01.js
16:58:34     INFO - Frame script loaded.
16:58:34     INFO - JavaScript error: resource://gre/modules/addons/XPIProvider.jsm -> jar:file:///builds/slave/test/build/tests/mochitest/browser/devtools/client/debugger/test/mochitest/addon3.xpi!/bootstrap.js, line 292: NS_ERROR_ILLEGAL_VALUE: Component returned failure code: 0x80070057 (NS_ERROR_ILLEGAL_VALUE) [nsIXPCComponents_Utils.nukeSandbox]
16:58:39     INFO - MEMORY STAT | vsize 2092MB | residentFast 255MB | heapAllocated 116MB
16:58:39     INFO - TEST-OK | devtools/client/debugger/test/mochitest/browser_dbg_auto-pretty-print-01.js | took 5428ms
16:58:39     INFO - checking window state
16:58:39     INFO - TEST-START | devtools/client/debugger/test/mochitest/browser_dbg_auto-pretty-print-02.js
16:58:39     INFO - Frame script loaded.
16:58:43     INFO - MEMORY STAT | vsize 2093MB | residentFast 256MB | heapAllocated 117MB
16:58:43     INFO - TEST-OK | devtools/client/debugger/test/mochitest/browser_dbg_auto-pretty-print-02.js | took 3674ms
16:58:43     INFO - checking window state
16:58:43     INFO - TEST-START | devtools/client/debugger/test/mochitest/browser_dbg_auto-pretty-print-03.js
16:58:43     INFO - Frame script loaded.
16:58:46     INFO - MEMORY STAT | vsize 2093MB | residentFast 257MB | heapAllocated 118MB
16:58:46     INFO - TEST-OK | devtools/client/debugger/test/mochitest/browser_dbg_auto-pretty-print-03.js | took 3130ms
16:58:46     INFO - checking window state
16:58:46     INFO - TEST-START | devtools/client/debugger/test/mochitest/browser_dbg_blackboxing-01.js
16:58:46     INFO - Frame script loaded.
16:58:50     INFO - MEMORY STAT | vsize 2091MB | residentFast 256MB | heapAllocated 119MB
16:58:50     INFO - TEST-OK | devtools/client/debugger/test/mochitest/browser_dbg_blackboxing-01.js | took 3668ms
16:58:50     INFO - checking window state
16:58:50     INFO - TEST-START | devtools/client/debugger/test/mochitest/browser_dbg_blackboxing-02.js
16:58:50     INFO - Frame script loaded.
16:58:53     INFO - Calling function with name runTest.
16:58:53     INFO - args []
16:58:54     INFO - MEMORY STAT | vsize 2093MB | residentFast 257MB | heapAllocated 120MB
16:58:54     INFO - TEST-OK | devtools/client/debugger/test/mochitest/browser_dbg_blackboxing-02.js | took 4346ms
16:58:54     INFO - checking window state
16:58:54     INFO - TEST-START | devtools/client/debugger/test/mochitest/browser_dbg_blackboxing-03.js
16:58:55     INFO - Frame script loaded.
16:58:57     INFO - Calling function with name runTest.
16:58:57     INFO - args []
16:58:59     INFO - MEMORY STAT | vsize 2091MB | residentFast 257MB | heapAllocated 119MB
16:58:59     INFO - TEST-OK | devtools/client/debugger/test/mochitest/browser_dbg_blackboxing-03.js | took 4210ms
16:58:59     INFO - checking window state
16:58:59     INFO - TEST-START | devtools/client/debugger/test/mochitest/browser_dbg_blackboxing-04.js
16:58:59     INFO - Frame script loaded.
16:59:01     INFO - Calling function with name one.
16:59:01     INFO - args []
16:59:03     INFO - MEMORY STAT | vsize 2093MB | residentFast 257MB | heapAllocated 120MB
16:59:03     INFO - TEST-OK | devtools/client/debugger/test/mochitest/browser_dbg_blackboxing-04.js | took 4366ms
16:59:03     INFO - checking window state
16:59:03     INFO - TEST-START | devtools/client/debugger/test/mochitest/browser_dbg_blackboxing-05.js
16:59:03     INFO - Frame script loaded.
16:59:07     INFO - MEMORY STAT | vsize 2093MB | residentFast 256MB | heapAllocated 119MB
16:59:07     INFO - TEST-OK | devtools/client/debugger/test/mochitest/browser_dbg_blackboxing-05.js | took 3364ms
16:59:07     INFO - checking window state
16:59:07     INFO - TEST-START | devtools/client/debugger/test/mochitest/browser_dbg_blackboxing-06.js
16:59:07     INFO - Frame script loaded.
16:59:09     INFO - Calling function with name runTest.
16:59:09     INFO - args []
16:59:11     INFO - MEMORY STAT | vsize 2091MB | residentFast 257MB | heapAllocated 120MB
16:59:11     INFO - TEST-OK | devtools/client/debugger/test/mochitest/browser_dbg_blackboxing-06.js | took 4326ms
16:59:11     INFO - checking window state
16:59:11     INFO - TEST-START | devtools/client/debugger/test/mochitest/browser_dbg_blackboxing-07.js
16:59:11     INFO - Frame script loaded.
16:59:15     INFO - MEMORY STAT | vsize 2093MB | residentFast 255MB | heapAllocated 119MB
16:59:15     INFO - TEST-OK | devtools/client/debugger/test/mochitest/browser_dbg_blackboxing-07.js | took 3500ms
16:59:15     INFO - checking window state
16:59:15     INFO - TEST-START | devtools/client/debugger/test/mochitest/browser_dbg_breadcrumbs-access.js
16:59:15     INFO - Frame script loaded.
16:59:17     INFO - Calling function with name firstCall.
16:59:17     INFO - args []
16:59:19     INFO - MEMORY STAT | vsize 2089MB | residentFast 256MB | heapAllocated 120MB
16:59:19     INFO - TEST-OK | devtools/client/debugger/test/mochitest/browser_dbg_breadcrumbs-access.js | took 4576ms
16:59:20     INFO - checking window state
16:59:20     INFO - TEST-START | devtools/client/debugger/test/mochitest/browser_dbg_break-in-anon.js
16:59:20     INFO - Frame script loaded.
16:59:22     INFO - Calling function with name evalSourceWithDebugger.
16:59:22     INFO - args []
16:59:24     INFO - MEMORY STAT | vsize 2136MB | residentFast 256MB | heapAllocated 119MB
16:59:24     INFO - TEST-OK | devtools/client/debugger/test/mochitest/browser_dbg_break-in-anon.js | took 4186ms
16:59:24     INFO - checking window state
16:59:24     INFO - TEST-START | devtools/client/debugger/test/mochitest/browser_dbg_break-on-dom-01.js
16:59:24     INFO - Frame script loaded.
16:59:28     INFO - MEMORY STAT | vsize 2137MB | residentFast 255MB | heapAllocated 120MB
16:59:28     INFO - TEST-OK | devtools/client/debugger/test/mochitest/browser_dbg_break-on-dom-01.js | took 3994ms
16:59:28     INFO - checking window state
16:59:28     INFO - TEST-START | devtools/client/debugger/test/mochitest/browser_dbg_break-on-dom-02.js
16:59:28     INFO - Frame script loaded.
16:59:35     INFO - MEMORY STAT | vsize 2137MB | residentFast 256MB | heapAllocated 120MB
16:59:35     INFO - TEST-OK | devtools/client/debugger/test/mochitest/browser_dbg_break-on-dom-02.js | took 6638ms
16:59:35     INFO - checking window state
16:59:35     INFO - TEST-START | devtools/client/debugger/test/mochitest/browser_dbg_break-on-dom-03.js
16:59:35     INFO - Frame script loaded.
16:59:39     INFO - MEMORY STAT | vsize 2139MB | residentFast 257MB | heapAllocated 120MB
16:59:39     INFO - TEST-OK | devtools/client/debugger/test/mochitest/browser_dbg_break-on-dom-03.js | took 3808ms
16:59:39     INFO - checking window state
16:59:39     INFO - TEST-START | devtools/client/debugger/test/mochitest/browser_dbg_break-on-dom-04.js
16:59:39     INFO - Frame script loaded.
16:59:43     INFO - MEMORY STAT | vsize 2143MB | residentFast 259MB | heapAllocated 121MB
16:59:43     INFO - TEST-OK | devtools/client/debugger/test/mochitest/browser_dbg_break-on-dom-04.js | took 4080ms
16:59:43     INFO - checking window state
16:59:43     INFO - TEST-START | devtools/client/debugger/test/mochitest/browser_dbg_break-on-dom-05.js
16:59:43     INFO - Frame script loaded.
16:59:47     INFO - MEMORY STAT | vsize 2143MB | residentFast 257MB | heapAllocated 121MB
16:59:47     INFO - TEST-OK | devtools/client/debugger/test/mochitest/browser_dbg_break-on-dom-05.js | took 4224ms
16:59:47     INFO - checking window state
16:59:47     INFO - TEST-START | devtools/client/debugger/test/mochitest/browser_dbg_break-on-dom-06.js
16:59:47     INFO - Frame script loaded.
16:59:53     INFO - MEMORY STAT | vsize 2140MB | residentFast 264MB | heapAllocated 121MB
16:59:53     INFO - TEST-OK | devtools/client/debugger/test/mochitest/browser_dbg_break-on-dom-06.js | took 6170ms
16:59:53     INFO - checking window state
16:59:53     INFO - TEST-START | devtools/client/debugger/test/mochitest/browser_dbg_break-on-dom-07.js
16:59:54     INFO - Frame script loaded.
16:59:56     INFO - MEMORY STAT | vsize 2143MB | residentFast 253MB | heapAllocated 116MB
16:59:56     INFO - TEST-OK | devtools/client/debugger/test/mochitest/browser_dbg_break-on-dom-07.js | took 2732ms
16:59:56     INFO - checking window state
16:59:56     INFO - TEST-START | devtools/client/debugger/test/mochitest/browser_dbg_break-on-dom-08.js
16:59:56     INFO - Frame script loaded.
16:59:59     INFO - Calling function with name addBodyClickEventListener.
16:59:59     INFO - args []
16:59:59     INFO - Generating mouse click.
17:00:01     INFO - MEMORY STAT | vsize 2139MB | residentFast 257MB | heapAllocated 120MB
17:00:01     INFO - TEST-OK | devtools/client/debugger/test/mochitest/browser_dbg_break-on-dom-08.js | took 4420ms
17:00:01     INFO - checking window state
17:00:01     INFO - TEST-START | devtools/client/debugger/test/mochitest/browser_dbg_break-on-dom-event-01.js
17:00:01     INFO - Frame script loaded.
17:00:03     INFO - MEMORY STAT | vsize 2141MB | residentFast 266MB | heapAllocated 127MB
17:00:03     INFO - TEST-OK | devtools/client/debugger/test/mochitest/browser_dbg_break-on-dom-event-01.js | took 1922ms
17:00:03     INFO - checking window state
17:00:03     INFO - TEST-START | devtools/client/debugger/test/mochitest/browser_dbg_break-on-dom-event-02.js
17:00:03     INFO - Frame script loaded.
17:00:04     INFO - MEMORY STAT | vsize 2141MB | residentFast 259MB | heapAllocated 119MB
17:00:04     INFO - TEST-OK | devtools/client/debugger/test/mochitest/browser_dbg_break-on-dom-event-02.js | took 1208ms
17:00:04     INFO - checking window state
17:00:04     INFO - TEST-START | devtools/client/debugger/test/mochitest/browser_dbg_break-on-dom-event-03.js
17:00:04     INFO - Frame script loaded.
17:00:06     INFO - MEMORY STAT | vsize 2139MB | residentFast 267MB | heapAllocated 125MB
17:00:06     INFO - TEST-OK | devtools/client/debugger/test/mochitest/browser_dbg_break-on-dom-event-03.js | took 1468ms
17:00:06     INFO - checking window state
17:00:06     INFO - TEST-START | devtools/client/debugger/test/mochitest/browser_dbg_break-on-next-console.js
17:00:06     INFO - Frame script loaded.
17:00:11     INFO - MEMORY STAT | vsize 2154MB | residentFast 273MB | heapAllocated 130MB
17:00:11     INFO - TEST-OK | devtools/client/debugger/test/mochitest/browser_dbg_break-on-next-console.js | took 5382ms
17:00:12     INFO - checking window state
17:00:12     INFO - TEST-START | devtools/client/debugger/test/mochitest/browser_dbg_break-on-next.js
17:00:12     INFO - Frame script loaded.
17:00:14     INFO - Evalling string.
17:00:14     INFO - Evalling string.
17:00:14     INFO - JavaScript warning: chrome://mochitests/content/browser/devtools/client/debugger/test/mochitest/code_frame-script.js, line 33: DebuggeeWouldRun: debuggee `eval line 3 > eval:1' would run
17:00:15     INFO - Generating mouse click.
17:00:16     INFO - MEMORY STAT | vsize 2153MB | residentFast 270MB | heapAllocated 127MB
17:00:16     INFO - TEST-OK | devtools/client/debugger/test/mochitest/browser_dbg_break-on-next.js | took 4906ms
17:00:17     INFO - checking window state
17:00:17     INFO - TEST-START | devtools/client/debugger/test/mochitest/browser_dbg_break-unselected.js
17:00:17     INFO - Frame script loaded.
17:00:18     INFO - Calling function with name runDebuggerStatement.
17:00:18     INFO - args []
17:00:21     INFO - MEMORY STAT | vsize 2155MB | residentFast 269MB | heapAllocated 126MB
17:00:21     INFO - TEST-OK | devtools/client/debugger/test/mochitest/browser_dbg_break-unselected.js | took 4466ms
17:00:21     INFO - checking window state
17:00:21     INFO - TEST-START | devtools/client/debugger/test/mochitest/browser_dbg_breakpoints-actual-location.js
17:00:21     INFO - Frame script loaded.
17:00:24     INFO - Calling function with name firstCall.
17:00:24     INFO - args []
17:00:25     INFO - MEMORY STAT | vsize 2151MB | residentFast 266MB | heapAllocated 126MB
17:00:25     INFO - TEST-OK | devtools/client/debugger/test/mochitest/browser_dbg_breakpoints-actual-location.js | took 4286ms
17:00:26     INFO - checking window state
17:00:26     INFO - TEST-START | devtools/client/debugger/test/mochitest/browser_dbg_breakpoints-actual-location2.js
17:00:26     INFO - Frame script loaded.
17:00:28     INFO - Calling function with name ermahgerd.
17:00:28     INFO - args []
17:00:29     INFO - Calling function with name ermahgerd.
17:00:29     INFO - args []
17:00:31     INFO - MEMORY STAT | vsize 2157MB | residentFast 267MB | heapAllocated 126MB
17:00:31     INFO - TEST-OK | devtools/client/debugger/test/mochitest/browser_dbg_breakpoints-actual-location2.js | took 5016ms
17:00:31     INFO - checking window state
17:00:31     INFO - TEST-START | devtools/client/debugger/test/mochitest/browser_dbg_breakpoints-break-on-last-line-of-script-on-reload.js
17:00:31     INFO - Frame script loaded.
17:00:36     INFO - JavaScript error: resource://gre/modules/commonjs/toolkit/loader.js -> resource://devtools/shared/webconsole/network-monitor.js, line 499: TypeError: this.sink is null
17:00:37     INFO - MEMORY STAT | vsize 2157MB | residentFast 270MB | heapAllocated 127MB
17:00:37     INFO - TEST-OK | devtools/client/debugger/test/mochitest/browser_dbg_breakpoints-break-on-last-line-of-script-on-reload.js | took 6322ms
17:00:37     INFO - checking window state
17:00:37     INFO - TEST-START | devtools/client/debugger/test/mochitest/browser_dbg_breakpoints-button-01.js
17:00:37     INFO - Frame script loaded.
17:00:41     INFO - MEMORY STAT | vsize 2157MB | residentFast 266MB | heapAllocated 125MB
17:00:41     INFO - TEST-OK | devtools/client/debugger/test/mochitest/browser_dbg_breakpoints-button-01.js | took 3914ms
17:00:41     INFO - checking window state
17:00:41     INFO - TEST-START | devtools/client/debugger/test/mochitest/browser_dbg_breakpoints-button-02.js
17:00:41     INFO - Frame script loaded.
17:00:45     INFO - MEMORY STAT | vsize 2157MB | residentFast 266MB | heapAllocated 126MB
17:00:45     INFO - TEST-OK | devtools/client/debugger/test/mochitest/browser_dbg_breakpoints-button-02.js | took 3812ms
17:00:45     INFO - checking window state
17:00:45     INFO - TEST-START | devtools/client/debugger/test/mochitest/browser_dbg_breakpoints-condition-thrown-message.js
17:00:45     INFO - Frame script loaded.
17:00:47     INFO - Calling function with name ermahgerd.
17:00:47     INFO - args []
17:00:51     INFO - MEMORY STAT | vsize 2157MB | residentFast 267MB | heapAllocated 127MB
17:00:51     INFO - TEST-OK | devtools/client/debugger/test/mochitest/browser_dbg_breakpoints-condition-thrown-message.js | took 5562ms
17:00:51     INFO - checking window state
17:00:51     INFO - TEST-START | devtools/client/debugger/test/mochitest/browser_dbg_breakpoints-contextmenu-add.js
17:00:51     INFO - Frame script loaded.
17:00:53     INFO - Calling function with name firstCall.
17:00:53     INFO - args []
17:00:56     INFO - MEMORY STAT | vsize 2241MB | residentFast 269MB | heapAllocated 127MB
17:00:56     INFO - TEST-OK | devtools/client/debugger/test/mochitest/browser_dbg_breakpoints-contextmenu-add.js | took 5016ms
17:00:56     INFO - checking window state
17:00:56     INFO - TEST-START | devtools/client/debugger/test/mochitest/browser_dbg_breakpoints-contextmenu.js
17:00:56     INFO - Frame script loaded.
17:01:04     INFO - Generating mouse click.
17:01:08     INFO - MEMORY STAT | vsize 2237MB | residentFast 270MB | heapAllocated 127MB
17:01:08     INFO - TEST-OK | devtools/client/debugger/test/mochitest/browser_dbg_breakpoints-contextmenu.js | took 12262ms
17:01:08     INFO - checking window state
17:01:08     INFO - TEST-START | devtools/client/debugger/test/mochitest/browser_dbg_breakpoints-disabled-reload.js
17:01:08     INFO - Frame script loaded.
17:01:11     INFO - Calling function with name firstCall.
17:01:11     INFO - args []
17:01:13     INFO - Calling function with name firstCall.
17:01:13     INFO - args []
17:01:14     INFO - Calling function with name firstCall.
17:01:14     INFO - args []
17:01:15     INFO - Calling function with name firstCall.
17:01:15     INFO - args []
17:01:17     INFO - MEMORY STAT | vsize 2237MB | residentFast 274MB | heapAllocated 129MB
17:01:17     INFO - TEST-OK | devtools/client/debugger/test/mochitest/browser_dbg_breakpoints-disabled-reload.js | took 8578ms
17:01:17     INFO - checking window state
17:01:17     INFO - TEST-START | devtools/client/debugger/test/mochitest/browser_dbg_breakpoints-editor.js
17:01:17     INFO - Frame script loaded.
17:01:19     INFO - Calling function with name firstCall.
17:01:19     INFO - args []
17:01:22     INFO - MEMORY STAT | vsize 2237MB | residentFast 270MB | heapAllocated 128MB
17:01:22     INFO - TEST-OK | devtools/client/debugger/test/mochitest/browser_dbg_breakpoints-editor.js | took 4702ms
17:01:22     INFO - checking window state
17:01:22     INFO - TEST-START | devtools/client/debugger/test/mochitest/browser_dbg_breakpoints-eval.js
17:01:22     INFO - Frame script loaded.
17:01:24     INFO - Calling function with name evalSourceWithSourceURL.
17:01:24     INFO - args []
17:01:24     INFO - Calling function with name bar.
17:01:24     INFO - args []
17:01:26     INFO - MEMORY STAT | vsize 2238MB | residentFast 269MB | heapAllocated 127MB
17:01:26     INFO - TEST-OK | devtools/client/debugger/test/mochitest/browser_dbg_breakpoints-eval.js | took 3858ms
17:01:26     INFO - checking window state
17:01:26     INFO - TEST-START | devtools/client/debugger/test/mochitest/browser_dbg_breakpoints-highlight.js
17:01:26     INFO - Frame script loaded.
17:01:30     INFO - MEMORY STAT | vsize 2241MB | residentFast 269MB | heapAllocated 128MB
17:01:30     INFO - TEST-OK | devtools/client/debugger/test/mochitest/browser_dbg_breakpoints-highlight.js | took 4056ms
17:01:30     INFO - checking window state
17:01:30     INFO - TEST-START | devtools/client/debugger/test/mochitest/browser_dbg_breakpoints-new-script.js
17:01:30     INFO - Frame script loaded.
17:01:32     INFO - Calling function with name runDebuggerStatement.
17:01:32     INFO - args []
17:01:33     INFO - Generating mouse click.
17:01:35     INFO - MEMORY STAT | vsize 2237MB | residentFast 270MB | heapAllocated 128MB
17:01:35     INFO - TEST-OK | devtools/client/debugger/test/mochitest/browser_dbg_breakpoints-new-script.js | took 4724ms
17:01:35     INFO - checking window state
17:01:35     INFO - TEST-START | devtools/client/debugger/test/mochitest/browser_dbg_breakpoints-other-tabs.js
17:01:35     INFO - Frame script loaded.
17:01:37     INFO - Frame script loaded.
17:01:40     INFO - Calling function with name testCase.
17:01:40     INFO - args []
17:01:42     INFO - MEMORY STAT | vsize 2240MB | residentFast 278MB | heapAllocated 133MB
17:01:42     INFO - TEST-OK | devtools/client/debugger/test/mochitest/browser_dbg_breakpoints-other-tabs.js | took 6780ms
17:01:42     INFO - checking window state
17:01:42     INFO - TEST-START | devtools/client/debugger/test/mochitest/browser_dbg_breakpoints-pane.js
17:01:42     INFO - Frame script loaded.
17:01:44     INFO - Calling function with name firstCall.
17:01:44     INFO - args []
17:01:47     INFO - MEMORY STAT | vsize 2237MB | residentFast 270MB | heapAllocated 127MB
17:01:47     INFO - TEST-OK | devtools/client/debugger/test/mochitest/browser_dbg_breakpoints-pane.js | took 5282ms
17:01:47     INFO - checking window state
17:01:47     INFO - TEST-START | devtools/client/debugger/test/mochitest/browser_dbg_breakpoints-reload.js
17:01:47     INFO - Frame script loaded.
17:01:52     INFO - MEMORY STAT | vsize 2237MB | residentFast 271MB | heapAllocated 129MB
17:01:52     INFO - TEST-OK | devtools/client/debugger/test/mochitest/browser_dbg_breakpoints-reload.js | took 4516ms
17:01:52     INFO - checking window state
17:01:52     INFO - TEST-START | devtools/client/debugger/test/mochitest/browser_dbg_bug-896139.js
17:01:52     INFO - Frame script loaded.
17:01:54     INFO - Calling function with name f.
17:01:54     INFO - args []

command interrupted, attempting to kill
process killed by signal 9
program finished with exit code -1
elapsedTime=546.803849
The web-page 'stop build' button was pressed by 'rvandermeulen@mozilla.com': Cancelled via self-serve
========= master_lag: 0.03 =========
========= Finished '/tools/buildbot/bin/python scripts/scripts/desktop_unittest.py ...' interrupted (results: 4, elapsed: 9 mins, 6 secs) (at 2018-06-08 17:01:55.841119) =========

========= Started set props: build_url (results: 0, elapsed: 0 secs) (at 2018-06-08 17:01:55.842028) =========
bash -c 'for file in `ls -1`; do cat $file; done'
 in dir /builds/slave/test/properties (timeout 1200 secs)
 watching logfiles {}
 argv: ['bash', '-c', 'for file in `ls -1`; do cat $file; done']
 environment:
  HOME=/home/cltbld
  LANG=en_US.UTF-8
  LOGNAME=cltbld
  MAIL=/var/mail/cltbld
  NODE_PATH=/usr/lib/nodejs:/usr/lib/node_modules:/usr/share/javascript
  PATH=/usr/local/bin:/usr/local/bin:/usr/bin:/bin:/usr/local/games:/usr/games
  PWD=/builds/slave/test/properties
  SHELL=/bin/bash
  SHLVL=1
  TERM=linux
  TMOUT=86400
  USER=cltbld
  XDG_SESSION_COOKIE=9ca12473fbb1d023794ffd180000023c-1528501962.423676-1463798326
  _=/tools/buildbot/bin/python
 using PTY: False
build_url:https://queue.taskcluster.net/v1/task/I1iAdq48Sa60c5BCPWswkg/artifacts/public/build/firefox-52.8.2.en-US.linux-x86_64.tar.bz2
program finished with exit code 0
elapsedTime=0.065454
build_url: 'https://queue.taskcluster.net/v1/task/I1iAdq48Sa60c5BCPWswkg/artifacts/public/build/firefox-52.8.2.en-US.linux-x86_64.tar.bz2'
========= master_lag: 0.01 =========
========= Finished set props: build_url (results: 0, elapsed: 0 secs) (at 2018-06-08 17:01:55.921678) =========

========= Started 'rm -f ...' (results: 0, elapsed: 0 secs) (at 2018-06-08 17:01:55.922009) =========
rm -f oauth.txt
 in dir /builds/slave/test/. (timeout 1200 secs)
 watching logfiles {}
 argv: ['rm', '-f', 'oauth.txt']
 environment:
  HOME=/home/cltbld
  LANG=en_US.UTF-8
  LOGNAME=cltbld
  MAIL=/var/mail/cltbld
  NODE_PATH=/usr/lib/nodejs:/usr/lib/node_modules:/usr/share/javascript
  PATH=/usr/local/bin:/usr/local/bin:/usr/bin:/bin:/usr/local/games:/usr/games
  PWD=/builds/slave/test
  SHELL=/bin/bash
  SHLVL=1
  TERM=linux
  TMOUT=86400
  USER=cltbld
  XDG_SESSION_COOKIE=9ca12473fbb1d023794ffd180000023c-1528501962.423676-1463798326
  _=/tools/buildbot/bin/python
 using PTY: False
program finished with exit code 0
elapsedTime=0.047348
========= master_lag: 0.03 =========
========= Finished 'rm -f ...' (results: 0, elapsed: 0 secs) (at 2018-06-08 17:01:55.998440) =========

========= Started reboot skipped (results: 3, elapsed: 0 secs) (at 2018-06-08 17:01:55.998733) =========
========= Finished reboot skipped (results: 3, elapsed: 0 secs) (at 2018-06-08 17:01:55.999007) =========

========= Total master_lag: 0.13 =========

