builder: mozilla-esr52_win8_64_test_pgo-marionette-e10s
slave: t-w864-ix-019
starttime: 1528502419.8
results: cancelled (6)
buildid: 20180608150819
builduid: b298b373e93d4f8dbf92436c9ed838a2
revision: cbfdf01aac455e0591471201c96b89dee98190b5

========= Started set props: master (results: 0, elapsed: 0 secs) (at 2018-06-08 17:00:19.803685) =========
master: http://buildbot-master110.bb.releng.scl3.mozilla.com:8201/
========= Finished set props: master (results: 0, elapsed: 0 secs) (at 2018-06-08 17:00:19.804199) =========

========= Started downloading to buildprops.json (results: 0, elapsed: 0 secs) (at 2018-06-08 17:00:19.804495) =========
========= Finished downloading to buildprops.json (results: 0, elapsed: 0 secs) (at 2018-06-08 17:00:19.892697) =========

========= Started 'bash -c ...' (results: 0, elapsed: 3 secs) (at 2018-06-08 17:00:19.893117) =========
'bash' '-c' 'wget -Oarchiver_client.py --no-check-certificate --tries=10 --waitretry=3 https://hg.mozilla.org/build/tools/raw-file/default/buildfarm/utils/archiver_client.py'
 in dir C:\slave\test\. (timeout 1200 secs)
 watching logfiles {}
 argv: ['bash', '-c', 'wget -Oarchiver_client.py --no-check-certificate --tries=10 --waitretry=3 https://hg.mozilla.org/build/tools/raw-file/default/buildfarm/utils/archiver_client.py']
 environment:
  ALLUSERSPROFILE=C:\ProgramData
  APPDATA=C:\Users\cltbld.T-W864-IX-019.001\AppData\Roaming
  COMMONPROGRAMFILES=C:\Program Files (x86)\Common Files
  COMMONPROGRAMFILES(X86)=C:\Program Files (x86)\Common Files
  COMMONPROGRAMW6432=C:\Program Files\Common Files
  COMPUTERNAME=T-W864-IX-019
  COMSPEC=C:\windows\system32\cmd.exe
  DCLOCATION=SCL3
  DNSSUFFIX=wintest.releng.scl3.mozilla.com
  FP_NO_HOST_CHECK=NO
  HOMEDRIVE=C:
  HOMEPATH=\Users\cltbld.T-W864-IX-019.001
  KTS_HOME=C:\Program Files\KTS
  KTS_VERSION=1.19c
  LOCALAPPDATA=C:\Users\cltbld.T-W864-IX-019.001\AppData\Local
  LOGONSERVER=\\T-W864-IX-019
  MONDIR=C:\Monitor_config\
  MOZBUILDDIR=C:\mozilla-build\
  NUMBER_OF_PROCESSORS=8
  OS=Windows_NT
  OURDRIVE=C:
  PATH=C:\Program Files (x86)\NVIDIA Corporation\PhysX\Common;C:\windows\system32;C:\windows;C:\windows\System32\Wbem;C:\windows\System32\WindowsPowerShell\v1.0\;C:\mozilla-build\python27;C:\mozilla-build\python27\Scripts;C:\mozilla-build\msys\bin;C:\mozilla-build\vim\vim72;C:\mozilla-build\wget;C:\mozilla-build\info-zip;C:\CoreUtils\bin;C:\mozilla-build\buildbotve\scripts;C:\mozilla-build\hg
  PATHEXT=.COM;.EXE;.BAT;.CMD;.VBS;.VBE;.JS;.JSE;.WSF;.WSH;.MSC
  PROCESSOR_ARCHITECTURE=x86
  PROCESSOR_ARCHITEW6432=AMD64
  PROCESSOR_IDENTIFIER=Intel64 Family 6 Model 30 Stepping 5, GenuineIntel
  PROCESSOR_LEVEL=6
  PROCESSOR_REVISION=1e05
  PROGRAMDATA=C:\ProgramData
  PROGRAMFILES=C:\Program Files (x86)
  PROGRAMFILES(X86)=C:\Program Files (x86)
  PROGRAMW6432=C:\Program Files
  PROMPT=$P$G
  PSMODULEPATH=C:\windows\system32\WindowsPowerShell\v1.0\Modules\
  PUBLIC=C:\Users\Public
  PWD=C:\slave\test
  RUNLOGFILE=C:\slave\\runslave.log
  SLAVEDIR=C:\slave\
  SYSTEMDRIVE=C:
  SYSTEMROOT=C:\windows
  TEMP=C:\Users\CLTBLD~1.001\AppData\Local\Temp
  TEST1=testie
  TMP=C:\Users\CLTBLD~1.001\AppData\Local\Temp
  USERDOMAIN=T-W864-IX-019
  USERDOMAIN_ROAMINGPROFILE=T-W864-IX-019
  USERNAME=cltbld
  USERPROFILE=C:\Users\cltbld.T-W864-IX-019.001
  WINDIR=C:\windows
 using PTY: False
--17:00:22--  https://hg.mozilla.org/build/tools/raw-file/default/buildfarm/utils/archiver_client.py
           => `archiver_client.py'
Resolving hg.mozilla.org... 63.245.215.102, 63.245.215.25
Connecting to hg.mozilla.org|63.245.215.102|:443... connected.
WARNING: Certificate verification error for hg.mozilla.org: certificate signature failure
HTTP request sent, awaiting response... 200 Script output follows
Length: 12,179 (12K) [text/x-python]

    0K .......... .                                          100%   26.21 MB/s

17:00:23 (26.21 MB/s) - `archiver_client.py' saved [12179/12179]

program finished with exit code 0
elapsedTime=3.056000
========= master_lag: 0.08 =========
========= Finished 'bash -c ...' (results: 0, elapsed: 3 secs) (at 2018-06-08 17:00:23.028020) =========

========= Started 'rm -rf ...' (results: 0, elapsed: 4 secs) (at 2018-06-08 17:00:23.028445) =========
'rm' '-rf' 'scripts' 'properties'
 in dir C:\slave\test\. (timeout 1200 secs)
 watching logfiles {}
 argv: ['rm', '-rf', 'scripts', 'properties']
 environment:
  ALLUSERSPROFILE=C:\ProgramData
  APPDATA=C:\Users\cltbld.T-W864-IX-019.001\AppData\Roaming
  COMMONPROGRAMFILES=C:\Program Files (x86)\Common Files
  COMMONPROGRAMFILES(X86)=C:\Program Files (x86)\Common Files
  COMMONPROGRAMW6432=C:\Program Files\Common Files
  COMPUTERNAME=T-W864-IX-019
  COMSPEC=C:\windows\system32\cmd.exe
  DCLOCATION=SCL3
  DNSSUFFIX=wintest.releng.scl3.mozilla.com
  FP_NO_HOST_CHECK=NO
  HOMEDRIVE=C:
  HOMEPATH=\Users\cltbld.T-W864-IX-019.001
  KTS_HOME=C:\Program Files\KTS
  KTS_VERSION=1.19c
  LOCALAPPDATA=C:\Users\cltbld.T-W864-IX-019.001\AppData\Local
  LOGONSERVER=\\T-W864-IX-019
  MONDIR=C:\Monitor_config\
  MOZBUILDDIR=C:\mozilla-build\
  NUMBER_OF_PROCESSORS=8
  OS=Windows_NT
  OURDRIVE=C:
  PATH=C:\Program Files (x86)\NVIDIA Corporation\PhysX\Common;C:\windows\system32;C:\windows;C:\windows\System32\Wbem;C:\windows\System32\WindowsPowerShell\v1.0\;C:\mozilla-build\python27;C:\mozilla-build\python27\Scripts;C:\mozilla-build\msys\bin;C:\mozilla-build\vim\vim72;C:\mozilla-build\wget;C:\mozilla-build\info-zip;C:\CoreUtils\bin;C:\mozilla-build\buildbotve\scripts;C:\mozilla-build\hg
  PATHEXT=.COM;.EXE;.BAT;.CMD;.VBS;.VBE;.JS;.JSE;.WSF;.WSH;.MSC
  PROCESSOR_ARCHITECTURE=x86
  PROCESSOR_ARCHITEW6432=AMD64
  PROCESSOR_IDENTIFIER=Intel64 Family 6 Model 30 Stepping 5, GenuineIntel
  PROCESSOR_LEVEL=6
  PROCESSOR_REVISION=1e05
  PROGRAMDATA=C:\ProgramData
  PROGRAMFILES=C:\Program Files (x86)
  PROGRAMFILES(X86)=C:\Program Files (x86)
  PROGRAMW6432=C:\Program Files
  PROMPT=$P$G
  PSMODULEPATH=C:\windows\system32\WindowsPowerShell\v1.0\Modules\
  PUBLIC=C:\Users\Public
  PWD=C:\slave\test
  RUNLOGFILE=C:\slave\\runslave.log
  SLAVEDIR=C:\slave\
  SYSTEMDRIVE=C:
  SYSTEMROOT=C:\windows
  TEMP=C:\Users\CLTBLD~1.001\AppData\Local\Temp
  TEST1=testie
  TMP=C:\Users\CLTBLD~1.001\AppData\Local\Temp
  USERDOMAIN=T-W864-IX-019
  USERDOMAIN_ROAMINGPROFILE=T-W864-IX-019
  USERNAME=cltbld
  USERPROFILE=C:\Users\cltbld.T-W864-IX-019.001
  WINDIR=C:\windows
 using PTY: False
program finished with exit code 0
elapsedTime=4.211000
========= master_lag: 0.01 =========
========= Finished 'rm -rf ...' (results: 0, elapsed: 4 secs) (at 2018-06-08 17:00:27.253679) =========

========= Started 'bash -c ...' (results: 0, elapsed: 2 secs) (at 2018-06-08 17:00:27.254062) =========
'bash' '-c' u'python archiver_client.py mozharness --repo releases/mozilla-esr52 --rev cbfdf01aac455e0591471201c96b89dee98190b5 --destination scripts --debug'
 in dir C:\slave\test\. (timeout 1200 secs)
 watching logfiles {}
 argv: ['bash', '-c', u'python archiver_client.py mozharness --repo releases/mozilla-esr52 --rev cbfdf01aac455e0591471201c96b89dee98190b5 --destination scripts --debug']
 environment:
  ALLUSERSPROFILE=C:\ProgramData
  APPDATA=C:\Users\cltbld.T-W864-IX-019.001\AppData\Roaming
  COMMONPROGRAMFILES=C:\Program Files (x86)\Common Files
  COMMONPROGRAMFILES(X86)=C:\Program Files (x86)\Common Files
  COMMONPROGRAMW6432=C:\Program Files\Common Files
  COMPUTERNAME=T-W864-IX-019
  COMSPEC=C:\windows\system32\cmd.exe
  DCLOCATION=SCL3
  DNSSUFFIX=wintest.releng.scl3.mozilla.com
  FP_NO_HOST_CHECK=NO
  HOMEDRIVE=C:
  HOMEPATH=\Users\cltbld.T-W864-IX-019.001
  KTS_HOME=C:\Program Files\KTS
  KTS_VERSION=1.19c
  LOCALAPPDATA=C:\Users\cltbld.T-W864-IX-019.001\AppData\Local
  LOGONSERVER=\\T-W864-IX-019
  MONDIR=C:\Monitor_config\
  MOZBUILDDIR=C:\mozilla-build\
  NUMBER_OF_PROCESSORS=8
  OS=Windows_NT
  OURDRIVE=C:
  PATH=C:\Program Files (x86)\NVIDIA Corporation\PhysX\Common;C:\windows\system32;C:\windows;C:\windows\System32\Wbem;C:\windows\System32\WindowsPowerShell\v1.0\;C:\mozilla-build\python27;C:\mozilla-build\python27\Scripts;C:\mozilla-build\msys\bin;C:\mozilla-build\vim\vim72;C:\mozilla-build\wget;C:\mozilla-build\info-zip;C:\CoreUtils\bin;C:\mozilla-build\buildbotve\scripts;C:\mozilla-build\hg
  PATHEXT=.COM;.EXE;.BAT;.CMD;.VBS;.VBE;.JS;.JSE;.WSF;.WSH;.MSC
  PROCESSOR_ARCHITECTURE=x86
  PROCESSOR_ARCHITEW6432=AMD64
  PROCESSOR_IDENTIFIER=Intel64 Family 6 Model 30 Stepping 5, GenuineIntel
  PROCESSOR_LEVEL=6
  PROCESSOR_REVISION=1e05
  PROGRAMDATA=C:\ProgramData
  PROGRAMFILES=C:\Program Files (x86)
  PROGRAMFILES(X86)=C:\Program Files (x86)
  PROGRAMW6432=C:\Program Files
  PROMPT=$P$G
  PSMODULEPATH=C:\windows\system32\WindowsPowerShell\v1.0\Modules\
  PUBLIC=C:\Users\Public
  PWD=C:\slave\test
  RUNLOGFILE=C:\slave\\runslave.log
  SLAVEDIR=C:\slave\
  SYSTEMDRIVE=C:
  SYSTEMROOT=C:\windows
  TEMP=C:\Users\CLTBLD~1.001\AppData\Local\Temp
  TEST1=testie
  TMP=C:\Users\CLTBLD~1.001\AppData\Local\Temp
  USERDOMAIN=T-W864-IX-019
  USERDOMAIN_ROAMINGPROFILE=T-W864-IX-019
  USERNAME=cltbld
  USERPROFILE=C:\Users\cltbld.T-W864-IX-019.001
  WINDIR=C:\windows
 using PTY: False
2018-06-08 17:00:28,111 truncating revision to first 12 chars
2018-06-08 17:00:28,111 Setting DEBUG logging.
2018-06-08 17:00:28,111 attempt 1/10
2018-06-08 17:00:28,111 Getting archive location from https://api.pub.build.mozilla.org/archiver/hgmo/releases/mozilla-esr52/cbfdf01aac45?&preferred_region=us-west-2&suffix=tar.gz&subdir=testing/mozharness
2018-06-08 17:00:29,147 unpacking tar archive at: mozilla-esr52-cbfdf01aac45/testing/mozharness/
2018-06-08 17:00:29,335 skipping symlink on windows: configs/single_locale/linux32.py
program finished with exit code 0
elapsedTime=2.035000
========= master_lag: 0.06 =========
========= Finished 'bash -c ...' (results: 0, elapsed: 2 secs) (at 2018-06-08 17:00:29.349084) =========

========= Started set props: script_repo_revision (results: 0, elapsed: 0 secs) (at 2018-06-08 17:00:29.349596) =========
script_repo_revision: cbfdf01aac455e0591471201c96b89dee98190b5
========= Finished set props: script_repo_revision (results: 0, elapsed: 0 secs) (at 2018-06-08 17:00:29.350131) =========

========= Started downloading to oauth.txt (results: 0, elapsed: 0 secs) (at 2018-06-08 17:00:29.350440) =========
========= Finished downloading to oauth.txt (results: 0, elapsed: 0 secs) (at 2018-06-08 17:00:29.360264) =========

========= Started 'c:/mozilla-build/python27/python -u ...' interrupted (results: 4, elapsed: 2 mins, 53 secs) (at 2018-06-08 17:00:29.360731) =========
'c:/mozilla-build/python27/python' '-u' 'scripts/scripts/marionette.py' '--cfg' 'marionette/windows_config.py' '--e10s' '--blob-upload-branch' 'mozilla-esr52'
 in dir C:\slave\test\. (timeout 1800 secs) (maxTime 7200 secs)
 watching logfiles {}
 argv: ['c:/mozilla-build/python27/python', '-u', 'scripts/scripts/marionette.py', '--cfg', 'marionette/windows_config.py', '--e10s', '--blob-upload-branch', 'mozilla-esr52']
 environment:
  ALLUSERSPROFILE=C:\ProgramData
  APPDATA=C:\Users\cltbld.T-W864-IX-019.001\AppData\Roaming
  COMMONPROGRAMFILES=C:\Program Files (x86)\Common Files
  COMMONPROGRAMFILES(X86)=C:\Program Files (x86)\Common Files
  COMMONPROGRAMW6432=C:\Program Files\Common Files
  COMPUTERNAME=T-W864-IX-019
  COMSPEC=C:\windows\system32\cmd.exe
  DCLOCATION=SCL3
  DNSSUFFIX=wintest.releng.scl3.mozilla.com
  FP_NO_HOST_CHECK=NO
  HOMEDRIVE=C:
  HOMEPATH=\Users\cltbld.T-W864-IX-019.001
  KTS_HOME=C:\Program Files\KTS
  KTS_VERSION=1.19c
  LOCALAPPDATA=C:\Users\cltbld.T-W864-IX-019.001\AppData\Local
  LOGONSERVER=\\T-W864-IX-019
  MONDIR=C:\Monitor_config\
  MOZBUILDDIR=C:\mozilla-build\
  MOZ_CRASHREPORTER_NO_REPORT=1
  MOZ_HIDE_RESULTS_TABLE=1
  MOZ_NO_REMOTE=1
  NO_EM_RESTART=1
  NO_FAIL_ON_TEST_ERRORS=1
  NUMBER_OF_PROCESSORS=8
  OS=Windows_NT
  OURDRIVE=C:
  PATH=C:\Program Files (x86)\NVIDIA Corporation\PhysX\Common;C:\windows\system32;C:\windows;C:\windows\System32\Wbem;C:\windows\System32\WindowsPowerShell\v1.0\;C:\mozilla-build\python27;C:\mozilla-build\python27\Scripts;C:\mozilla-build\msys\bin;C:\mozilla-build\vim\vim72;C:\mozilla-build\wget;C:\mozilla-build\info-zip;C:\CoreUtils\bin;C:\mozilla-build\buildbotve\scripts;C:\mozilla-build\hg
  PATHEXT=.COM;.EXE;.BAT;.CMD;.VBS;.VBE;.JS;.JSE;.WSF;.WSH;.MSC
  PROCESSOR_ARCHITECTURE=x86
  PROCESSOR_ARCHITEW6432=AMD64
  PROCESSOR_IDENTIFIER=Intel64 Family 6 Model 30 Stepping 5, GenuineIntel
  PROCESSOR_LEVEL=6
  PROCESSOR_REVISION=1e05
  PROGRAMDATA=C:\ProgramData
  PROGRAMFILES=C:\Program Files (x86)
  PROGRAMFILES(X86)=C:\Program Files (x86)
  PROGRAMW6432=C:\Program Files
  PROMPT=$P$G
  PROPERTIES_FILE=C:\slave\test/buildprops.json
  PSMODULEPATH=C:\windows\system32\WindowsPowerShell\v1.0\Modules\
  PUBLIC=C:\Users\Public
  PWD=C:\slave\test
  RUNLOGFILE=C:\slave\\runslave.log
  SLAVEDIR=C:\slave\
  SYSTEMDRIVE=C:
  SYSTEMROOT=C:\windows
  TEMP=C:\Users\CLTBLD~1.001\AppData\Local\Temp
  TEST1=testie
  TMP=C:\Users\CLTBLD~1.001\AppData\Local\Temp
  USERDOMAIN=T-W864-IX-019
  USERDOMAIN_ROAMINGPROFILE=T-W864-IX-019
  USERNAME=cltbld
  USERPROFILE=C:\Users\cltbld.T-W864-IX-019.001
  WINDIR=C:\windows
  XPCOM_DEBUG_BREAK=warn
 using PTY: False
17:00:30     INFO - MultiFileLogger online at 20180608 17:00:30 in C:\slave\test
17:00:30     INFO - Run as scripts/scripts/marionette.py --cfg marionette/windows_config.py --e10s --blob-upload-branch mozilla-esr52
17:00:30     INFO - Dumping config to C:\slave\test\logs\localconfig.json.
17:00:30     INFO - {'allow_software_gl_layers': False,
17:00:30     INFO -  'append_to_log': False,
17:00:30     INFO -  'base_work_dir': 'C:\\slave\\test',
17:00:30     INFO -  'blob_upload_branch': 'mozilla-esr52',
17:00:30     INFO -  'blob_uploader_auth_file': 'C:\\slave\\test\\oauth.txt',
17:00:30     INFO -  'buildbot_json_path': 'buildprops.json',
17:00:30     INFO -  'config_files': ('marionette/windows_config.py',),
17:00:30     INFO -  'default_actions': ('clobber',
17:00:30     INFO -                      'read-buildbot-config',
17:00:30     INFO -                      'download-and-extract',
17:00:30     INFO -                      'create-virtualenv',
17:00:30     INFO -                      'install',
17:00:30     INFO -                      'run-tests'),
17:00:30     INFO -  'default_blob_upload_servers': ('https://blobupload.elasticbeanstalk.com',),
17:00:30     INFO -  'download_minidump_stackwalk': True,
17:00:30     INFO -  'download_symbols': 'ondemand',
17:00:30     INFO -  'e10s': True,
17:00:30     INFO -  'exes': {'hg': 'c:/mozilla-build/hg/hg',
17:00:30     INFO -           'mozinstall': ('C:\\slave\\test/build/venv/scripts/python',
17:00:30     INFO -                          'C:\\slave\\test/build/venv/scripts/mozinstall-script.py'),
17:00:30     INFO -           'python': 'c:/mozilla-build/python27/python',
17:00:30     INFO -           'tooltool.py': ('c:\\mozilla-build\\python27\\python.exe',
17:00:30     INFO -                           'C:/mozilla-build/tooltool.py'),
17:00:30     INFO -           'virtualenv': ('c:/mozilla-build/python27/python',
17:00:30     INFO -                          'c:/mozilla-build/buildbotve/virtualenv.py')},
17:00:30     INFO -  'find_links': ('http://pypi.pvt.build.mozilla.org/pub',
17:00:30     INFO -                 'http://pypi.pub.build.mozilla.org/pub'),
17:00:30     INFO -  'log_level': 'info',
17:00:30     INFO -  'log_to_console': True,
17:00:30     INFO -  'marionette_address': 'localhost:2828',
17:00:30     INFO -  'opt_config_files': (),
17:00:30     INFO -  'pip_index': False,
17:00:30     INFO -  'require_test_zip': True,
17:00:30     INFO -  'suite_definitions': {'marionette_desktop': {'options': ('--log-raw=%(raw_log_file)s',
17:00:30     INFO -                                                           '--log-errorsummary=%(error_summary_file)s',
17:00:30     INFO -                                                           '--log-html=%(html_report_file)s',
17:00:30     INFO -                                                           '--binary=%(binary)s',
17:00:30     INFO -                                                           '--address=%(address)s',
17:00:30     INFO -                                                           '--symbols-path=%(symbols_path)s'),
17:00:30     INFO -                                               'run_filename': '',
17:00:30     INFO -                                               'testsdir': ''}},
17:00:30     INFO -  'test_manifest': 'unit-tests.ini',
17:00:30     INFO -  'virtualenv_path': 'venv',
17:00:30     INFO -  'virtualenv_python_dll': 'c:/mozilla-build/python27/python27.dll',
17:00:30     INFO -  'volatile_config': {'actions': None, 'add_actions': None, 'no_actions': None},
17:00:30     INFO -  'work_dir': 'build'}
17:00:30     INFO - [mozharness: 2018-06-09 00:00:30.473000Z] Running clobber step.
17:00:30     INFO - Running pre-action listener: _resource_record_pre_action
17:00:30     INFO - Running main action method: clobber
17:00:30     INFO - rmtree: C:\slave\test\build
17:00:30     INFO - Using _rmtree_windows ...
17:00:30     INFO - retry: Calling _rmtree_windows with args: ('C:\\slave\\test\\build',), kwargs: {}, attempt #1
17:02:16     INFO - Running post-action listener: _resource_record_post_action
17:02:16     INFO - [mozharness: 2018-06-09 00:02:16.433000Z] Finished clobber step (success)
17:02:16     INFO - [mozharness: 2018-06-09 00:02:16.433000Z] Running read-buildbot-config step.
17:02:16     INFO - Running pre-action listener: _resource_record_pre_action
17:02:16     INFO - Running main action method: read_buildbot_config
17:02:16     INFO - Using buildbot properties:
17:02:16     INFO - {
17:02:16     INFO -     "project": "", 
17:02:16     INFO -     "product": "firefox", 
17:02:16     INFO -     "script_repo_revision": "production", 
17:02:16     INFO -     "scheduler": "tests-mozilla-esr52-win8_64-pgo-unittest", 
17:02:16     INFO -     "repository": "", 
17:02:16     INFO -     "buildername": "Windows 8 64-bit mozilla-esr52 pgo test marionette-e10s", 
17:02:16     INFO -     "buildid": "20180608150819", 
17:02:16     INFO -     "pgo_build": "True", 
17:02:16     INFO -     "basedir": "C:\\slave\\test", 
17:02:16     INFO -     "buildnumber": 0, 
17:02:16     INFO -     "slavename": "t-w864-ix-019", 
17:02:16     INFO -     "revision": "cbfdf01aac455e0591471201c96b89dee98190b5", 
17:02:16     INFO -     "master": "http://buildbot-master110.bb.releng.scl3.mozilla.com:8201/", 
17:02:16     INFO -     "platform": "win64", 
17:02:16     INFO -     "branch": "mozilla-esr52", 
17:02:16     INFO -     "repo_path": "releases/mozilla-esr52", 
17:02:16     INFO -     "moz_repo_path": "", 
17:02:16     INFO -     "stage_platform": "win64-pgo", 
17:02:16     INFO -     "builduid": "b298b373e93d4f8dbf92436c9ed838a2", 
17:02:16     INFO -     "slavebuilddir": "test"
17:02:16     INFO - }
17:02:16     INFO - Found a test packages url https://queue.taskcluster.net/v1/task/VAgbWLphTjmdh4hh8yTyVw/artifacts/public/build/firefox-52.8.2.en-US.win64.test_packages.json.
17:02:16     INFO - Found installer url https://queue.taskcluster.net/v1/task/VAgbWLphTjmdh4hh8yTyVw/artifacts/public/build/firefox-52.8.2.en-US.win64.zip.
17:02:16     INFO - Running post-action listener: _resource_record_post_action
17:02:16     INFO - [mozharness: 2018-06-09 00:02:16.437000Z] Finished read-buildbot-config step (success)
17:02:16     INFO - [mozharness: 2018-06-09 00:02:16.437000Z] Skipping pull step.
17:02:16     INFO - [mozharness: 2018-06-09 00:02:16.437000Z] Running download-and-extract step.
17:02:16     INFO - Running pre-action listener: _resource_record_pre_action
17:02:16     INFO - Running main action method: download_and_extract
17:02:16     INFO - mkdir: C:\slave\test\build\tests
17:02:16     INFO - Downloading https://queue.taskcluster.net/v1/task/VAgbWLphTjmdh4hh8yTyVw/artifacts/public/build/firefox-52.8.2.en-US.win64.test_packages.json to C:\slave\test\build\firefox-52.8.2.en-US.win64.test_packages.json
17:02:16     INFO - retry: Calling _download_file with args: (), kwargs: {'url': 'https://queue.taskcluster.net/v1/task/VAgbWLphTjmdh4hh8yTyVw/artifacts/public/build/firefox-52.8.2.en-US.win64.test_packages.json', 'file_name': 'C:\\slave\\test\\build\\firefox-52.8.2.en-US.win64.test_packages.json'}, attempt #1
17:02:17     INFO - Downloaded 1218 bytes.
17:02:17     INFO - Reading from file C:\slave\test\build\firefox-52.8.2.en-US.win64.test_packages.json
17:02:17     INFO - Using the following test package requirements:
17:02:17     INFO - {u'common': [u'firefox-52.8.2.en-US.win64.common.tests.zip'],
17:02:17     INFO -  u'cppunittest': [u'firefox-52.8.2.en-US.win64.common.tests.zip',
17:02:17     INFO -                   u'firefox-52.8.2.en-US.win64.cppunittest.tests.zip'],
17:02:17     INFO -  u'gtest': [u'firefox-52.8.2.en-US.win64.common.tests.zip'],
17:02:17     INFO -  u'jittest': [u'firefox-52.8.2.en-US.win64.common.tests.zip',
17:02:17     INFO -               u'jsshell-win64.zip'],
17:02:17     INFO -  u'mochitest': [u'firefox-52.8.2.en-US.win64.common.tests.zip',
17:02:17     INFO -                 u'firefox-52.8.2.en-US.win64.mochitest.tests.zip'],
17:02:17     INFO -  u'mozbase': [u'firefox-52.8.2.en-US.win64.common.tests.zip'],
17:02:17     INFO -  u'reftest': [u'firefox-52.8.2.en-US.win64.common.tests.zip',
17:02:17     INFO -               u'firefox-52.8.2.en-US.win64.reftest.tests.zip'],
17:02:17     INFO -  u'talos': [u'firefox-52.8.2.en-US.win64.common.tests.zip',
17:02:17     INFO -             u'firefox-52.8.2.en-US.win64.talos.tests.zip'],
17:02:17     INFO -  u'web-platform': [u'firefox-52.8.2.en-US.win64.common.tests.zip',
17:02:17     INFO -                    u'firefox-52.8.2.en-US.win64.web-platform.tests.zip'],
17:02:17     INFO -  u'xpcshell': [u'firefox-52.8.2.en-US.win64.common.tests.zip',
17:02:17     INFO -                u'firefox-52.8.2.en-US.win64.xpcshell.tests.zip']}
17:02:17     INFO - Downloading packages: [u'firefox-52.8.2.en-US.win64.common.tests.zip'] for test suite category: common
17:02:17     INFO - Downloading and extracting to C:\slave\test\build\tests these dirs * from https://queue.taskcluster.net/v1/task/VAgbWLphTjmdh4hh8yTyVw/artifacts/public/build/firefox-52.8.2.en-US.win64.common.tests.zip
17:02:17     INFO - retry: Calling fetch_url_into_memory with args: (), kwargs: {'url': u'https://queue.taskcluster.net/v1/task/VAgbWLphTjmdh4hh8yTyVw/artifacts/public/build/firefox-52.8.2.en-US.win64.common.tests.zip'}, attempt #1
17:02:17     INFO - Fetch https://queue.taskcluster.net/v1/task/VAgbWLphTjmdh4hh8yTyVw/artifacts/public/build/firefox-52.8.2.en-US.win64.common.tests.zip into memory
17:02:17     INFO - Http code: 200
17:02:17     INFO - via: 1.1 939ea9d62ec616846d41b16cea0dc65b.cloudfront.net (CloudFront)
17:02:17     INFO - x-amz-cf-id: xIkf4m9zugYk78H3HtNd_RSAfoHslIZnToNzNINqNRSFrhKl7tY03A==
17:02:17     INFO - x-amz-version-id: PWIf.SJCY7_2cY1I6UgZuHaMt7l.wuxG
17:02:18     INFO - Expected file size: 17259713
17:02:18     INFO - Obtained file size: 17259713
17:02:44     INFO - Downloading https://queue.taskcluster.net/v1/task/VAgbWLphTjmdh4hh8yTyVw/artifacts/public/build/firefox-52.8.2.en-US.win64.zip to C:\slave\test\build\firefox-52.8.2.en-US.win64.zip
17:02:44     INFO - retry: Calling _download_file with args: (), kwargs: {'url': 'https://queue.taskcluster.net/v1/task/VAgbWLphTjmdh4hh8yTyVw/artifacts/public/build/firefox-52.8.2.en-US.win64.zip', 'file_name': 'C:\\slave\\test\\build\\firefox-52.8.2.en-US.win64.zip'}, attempt #1
17:02:45     INFO - Downloaded 59133206 bytes.
17:02:45     INFO - Setting buildbot property build_url to https://queue.taskcluster.net/v1/task/VAgbWLphTjmdh4hh8yTyVw/artifacts/public/build/firefox-52.8.2.en-US.win64.zip
17:02:45     INFO - mkdir: C:\slave\test\properties
17:02:45     INFO - Writing buildbot properties ['build_url'] to C:\slave\test\properties\build_url
17:02:45     INFO - Writing to file C:\slave\test\properties\build_url
17:02:45     INFO - Contents:
17:02:45     INFO -  build_url:https://queue.taskcluster.net/v1/task/VAgbWLphTjmdh4hh8yTyVw/artifacts/public/build/firefox-52.8.2.en-US.win64.zip
17:02:46     INFO - Running post-action listener: _resource_record_post_action
17:02:46     INFO - Running post-action listener: set_extra_try_arguments
17:02:46     INFO - [mozharness: 2018-06-09 00:02:46.494000Z] Finished download-and-extract step (success)
17:02:46     INFO - [mozharness: 2018-06-09 00:02:46.494000Z] Running create-virtualenv step.
17:02:46     INFO - Running pre-action listener: _configure_marionette_virtualenv
17:02:46     INFO - Running pre-action listener: _resource_record_pre_action
17:02:46     INFO - Running main action method: create_virtualenv
17:02:46     INFO - Creating virtualenv C:\slave\test\build\venv
17:02:46     INFO - Running command: ['c:\\mozilla-build\\python27\\python.exe', 'C:\\slave\\test\\scripts\\external_tools\\virtualenv\\virtualenv.py', '--always-copy', 'C:\\slave\\test\\build\\venv'] in C:\slave\test\build
17:02:46     INFO - Copy/paste: c:\mozilla-build\python27\python.exe C:\slave\test\scripts\external_tools\virtualenv\virtualenv.py --always-copy C:\slave\test\build\venv
17:02:46     INFO - Using partial env: {'VIRTUALENV_NO_DOWNLOAD': '1'}
17:02:54     INFO -  New python executable in C:\slave\test\build\venv\Scripts\python.exe
17:03:04     INFO -  Installing setuptools, pip, wheel...done.
17:03:04     INFO - Return code: 0
17:03:04     INFO - Installing psutil>=3.1.1 into virtualenv C:\slave\test\build\venv
17:03:04     INFO - retry: Calling run_command with args: [['C:\\slave\\test\\build\\venv\\Scripts\\pip', 'install', '--timeout', '120', '--no-index', '--find-links', 'http://pypi.pvt.build.mozilla.org/pub', '--find-links', 'http://pypi.pub.build.mozilla.org/pub', '--trusted-host', 'pypi.pub.build.mozilla.org', '--trusted-host', 'pypi.pvt.build.mozilla.org', 'psutil>=3.1.1']], kwargs: {'error_level': 'warning', 'error_list': [{'substr': 'not found or a compiler error:', 'level': 'warning'}, {'regex': <_sre.SRE_Pattern object at 0x01CCEE90>, 'level': 'error'}, {'regex': <_sre.SRE_Pattern object at 0x01D6A9F8>, 'level': 'warning'}, {'regex': <_sre.SRE_Pattern object at 0x022C0070>, 'level': 'debug'}, {'substr': 'command not found', 'level': 'error'}, {'regex': <_sre.SRE_Pattern object at 0x02272368>, 'level': 'warning'}, {'substr': 'Traceback (most recent call last)', 'level': 'error'}, {'substr': 'SyntaxError: ', 'level': 'error'}, {'substr': 'TypeError: ', 'level': 'error'}, {'substr': 'NameError: ', 'level': 'error'}, {'substr': 'ZeroDivisionError: ', 'level': 'error'}, {'regex': <_sre.SRE_Pattern object at 0x01CFA700>, 'level': 'critical'}, {'regex': <_sre.SRE_Pattern object at 0x022712A0>, 'level': 'critical'}], 'cwd': 'C:\\slave\\test\\build', 'env': {'TMP': 'C:\\Users\\CLTBLD~1.001\\AppData\\Local\\Temp', 'TEST1': 'testie', 'COMPUTERNAME': 'T-W864-IX-019', 'USERDOMAIN': 'T-W864-IX-019', 'KTS_VERSION': '1.19c', 'PSMODULEPATH': 'C:\\windows\\system32\\WindowsPowerShell\\v1.0\\Modules\\', 'COMMONPROGRAMFILES': 'C:\\Program Files (x86)\\Common Files', 'PROCESSOR_IDENTIFIER': 'Intel64 Family 6 Model 30 Stepping 5, GenuineIntel', 'PROGRAMFILES': 'C:\\Program Files (x86)', 'PROCESSOR_REVISION': '1e05', 'DNSSUFFIX': 'wintest.releng.scl3.mozilla.com', 'SYSTEMROOT': 'C:\\windows', 'NO_EM_RESTART': '1', 'PROGRAMFILES(X86)': 'C:\\Program Files (x86)', 'OURDRIVE': 'C:', 'MOZ_HIDE_RESULTS_TABLE': '1', 'XPCOM_DEBUG_BREAK': 'warn', 'MONDIR': 'C:\\Monitor_config\\', 'TEMP': 'C:\\Users\\CLTBLD~1.001\\AppData\\Local\\Temp', 'COMMONPROGRAMFILES(X86)': 'C:\\Program Files (x86)\\Common Files', 'RUNLOGFILE': 'C:\\slave\\\\runslave.log', 'PROCESSOR_ARCHITECTURE': 'x86', 'ALLUSERSPROFILE': 'C:\\ProgramData', 'USERPROFILE': 'C:\\Users\\cltbld.T-W864-IX-019.001', 'LOCALAPPDATA': 'C:\\Users\\cltbld.T-W864-IX-019.001\\AppData\\Local', 'HOMEPATH': '\\Users\\cltbld.T-W864-IX-019.001', 'USERDOMAIN_ROAMINGPROFILE': 'T-W864-IX-019', 'MOZBUILDDIR': 'C:\\mozilla-build\\', 'PROGRAMW6432': 'C:\\Program Files', 'USERNAME': 'cltbld', 'LOGONSERVER': '\\\\T-W864-IX-019', 'MOZ_NO_REMOTE': '1', 'COMSPEC': 'C:\\windows\\system32\\cmd.exe', 'PROGRAMDATA': 'C:\\ProgramData', 'PROPERTIES_FILE': 'C:\\slave\\test/buildprops.json', 'PATH': 'C:\\Program Files (x86)\\NVIDIA Corporation\\PhysX\\Common;C:\\windows\\system32;C:\\windows;C:\\windows\\System32\\Wbem;C:\\windows\\System32\\WindowsPowerShell\\v1.0\\;C:\\mozilla-build\\python27;C:\\mozilla-build\\python27\\Scripts;C:\\mozilla-build\\msys\\bin;C:\\mozilla-build\\vim\\vim72;C:\\mozilla-build\\wget;C:\\mozilla-build\\info-zip;C:\\CoreUtils\\bin;C:\\mozilla-build\\buildbotve\\scripts;C:\\mozilla-build\\hg', 'PROMPT': '$P$G', 'NO_FAIL_ON_TEST_ERRORS': '1', 'PATHEXT': '.COM;.EXE;.BAT;.CMD;.VBS;.VBE;.JS;.JSE;.WSF;.WSH;.MSC', 'FP_NO_HOST_CHECK': 'NO', 'DCLOCATION': 'SCL3', 'APPDATA': 'C:\\Users\\cltbld.T-W864-IX-019.001\\AppData\\Roaming', 'HOMEDRIVE': 'C:', 'SYSTEMDRIVE': 'C:', 'SLAVEDIR': 'C:\\slave\\', 'NUMBER_OF_PROCESSORS': '8', 'PWD': 'C:\\slave\\test', 'PROCESSOR_LEVEL': '6', 'KTS_HOME': 'C:\\Program Files\\KTS', 'PROCESSOR_ARCHITEW6432': 'AMD64', 'MOZ_CRASHREPORTER_NO_REPORT': '1', 'COMMONPROGRAMW6432': 'C:\\Program Files\\Common Files', 'OS': 'Windows_NT', 'PUBLIC': 'C:\\Users\\Public', 'WINDIR': 'C:\\windows'}}, attempt #1
17:03:04     INFO - Running command: ['C:\\slave\\test\\build\\venv\\Scripts\\pip', 'install', '--timeout', '120', '--no-index', '--find-links', 'http://pypi.pvt.build.mozilla.org/pub', '--find-links', 'http://pypi.pub.build.mozilla.org/pub', '--trusted-host', 'pypi.pub.build.mozilla.org', '--trusted-host', 'pypi.pvt.build.mozilla.org', 'psutil>=3.1.1'] in C:\slave\test\build
17:03:04     INFO - Copy/paste: C:\slave\test\build\venv\Scripts\pip install --timeout 120 --no-index --find-links http://pypi.pvt.build.mozilla.org/pub --find-links http://pypi.pub.build.mozilla.org/pub --trusted-host pypi.pub.build.mozilla.org --trusted-host pypi.pvt.build.mozilla.org psutil>=3.1.1
17:03:04     INFO - Using env: {'ALLUSERSPROFILE': 'C:\\ProgramData',
17:03:04     INFO -  'APPDATA': 'C:\\Users\\cltbld.T-W864-IX-019.001\\AppData\\Roaming',
17:03:04     INFO -  'COMMONPROGRAMFILES': 'C:\\Program Files (x86)\\Common Files',
17:03:04     INFO -  'COMMONPROGRAMFILES(X86)': 'C:\\Program Files (x86)\\Common Files',
17:03:04     INFO -  'COMMONPROGRAMW6432': 'C:\\Program Files\\Common Files',
17:03:04     INFO -  'COMPUTERNAME': 'T-W864-IX-019',
17:03:04     INFO -  'COMSPEC': 'C:\\windows\\system32\\cmd.exe',
17:03:04     INFO -  'DCLOCATION': 'SCL3',
17:03:04     INFO -  'DNSSUFFIX': 'wintest.releng.scl3.mozilla.com',
17:03:04     INFO -  'FP_NO_HOST_CHECK': 'NO',
17:03:04     INFO -  'HOMEDRIVE': 'C:',
17:03:04     INFO -  'HOMEPATH': '\\Users\\cltbld.T-W864-IX-019.001',
17:03:04     INFO -  'KTS_HOME': 'C:\\Program Files\\KTS',
17:03:04     INFO -  'KTS_VERSION': '1.19c',
17:03:04     INFO -  'LOCALAPPDATA': 'C:\\Users\\cltbld.T-W864-IX-019.001\\AppData\\Local',
17:03:04     INFO -  'LOGONSERVER': '\\\\T-W864-IX-019',
17:03:04     INFO -  'MONDIR': 'C:\\Monitor_config\\',
17:03:04     INFO -  'MOZBUILDDIR': 'C:\\mozilla-build\\',
17:03:04     INFO -  'MOZ_CRASHREPORTER_NO_REPORT': '1',
17:03:04     INFO -  'MOZ_HIDE_RESULTS_TABLE': '1',
17:03:04     INFO -  'MOZ_NO_REMOTE': '1',
17:03:04     INFO -  'NO_EM_RESTART': '1',
17:03:04     INFO -  'NO_FAIL_ON_TEST_ERRORS': '1',
17:03:04     INFO -  'NUMBER_OF_PROCESSORS': '8',
17:03:04     INFO -  'OS': 'Windows_NT',
17:03:04     INFO -  'OURDRIVE': 'C:',
17:03:04     INFO -  'PATH': 'C:\\Program Files (x86)\\NVIDIA Corporation\\PhysX\\Common;C:\\windows\\system32;C:\\windows;C:\\windows\\System32\\Wbem;C:\\windows\\System32\\WindowsPowerShell\\v1.0\\;C:\\mozilla-build\\python27;C:\\mozilla-build\\python27\\Scripts;C:\\mozilla-build\\msys\\bin;C:\\mozilla-build\\vim\\vim72;C:\\mozilla-build\\wget;C:\\mozilla-build\\info-zip;C:\\CoreUtils\\bin;C:\\mozilla-build\\buildbotve\\scripts;C:\\mozilla-build\\hg',
17:03:04     INFO -  'PATHEXT': '.COM;.EXE;.BAT;.CMD;.VBS;.VBE;.JS;.JSE;.WSF;.WSH;.MSC',
17:03:04     INFO -  'PROCESSOR_ARCHITECTURE': 'x86',
17:03:04     INFO -  'PROCESSOR_ARCHITEW6432': 'AMD64',
17:03:04     INFO -  'PROCESSOR_IDENTIFIER': 'Intel64 Family 6 Model 30 Stepping 5, GenuineIntel',
17:03:04     INFO -  'PROCESSOR_LEVEL': '6',
17:03:04     INFO -  'PROCESSOR_REVISION': '1e05',
17:03:04     INFO -  'PROGRAMDATA': 'C:\\ProgramData',
17:03:04     INFO -  'PROGRAMFILES': 'C:\\Program Files (x86)',
17:03:04     INFO -  'PROGRAMFILES(X86)': 'C:\\Program Files (x86)',
17:03:04     INFO -  'PROGRAMW6432': 'C:\\Program Files',
17:03:04     INFO -  'PROMPT': '$P$G',
17:03:04     INFO -  'PROPERTIES_FILE': 'C:\\slave\\test/buildprops.json',
17:03:04     INFO -  'PSMODULEPATH': 'C:\\windows\\system32\\WindowsPowerShell\\v1.0\\Modules\\',
17:03:04     INFO -  'PUBLIC': 'C:\\Users\\Public',
17:03:04     INFO -  'PWD': 'C:\\slave\\test',
17:03:04     INFO -  'RUNLOGFILE': 'C:\\slave\\\\runslave.log',
17:03:04     INFO -  'SLAVEDIR': 'C:\\slave\\',
17:03:04     INFO -  'SYSTEMDRIVE': 'C:',
17:03:04     INFO -  'SYSTEMROOT': 'C:\\windows',
17:03:04     INFO -  'TEMP': 'C:\\Users\\CLTBLD~1.001\\AppData\\Local\\Temp',
17:03:04     INFO -  'TEST1': 'testie',
17:03:04     INFO -  'TMP': 'C:\\Users\\CLTBLD~1.001\\AppData\\Local\\Temp',
17:03:04     INFO -  'USERDOMAIN': 'T-W864-IX-019',
17:03:04     INFO -  'USERDOMAIN_ROAMINGPROFILE': 'T-W864-IX-019',
17:03:04     INFO -  'USERNAME': 'cltbld',
17:03:04     INFO -  'USERPROFILE': 'C:\\Users\\cltbld.T-W864-IX-019.001',
17:03:04     INFO -  'WINDIR': 'C:\\windows',
17:03:04     INFO -  'XPCOM_DEBUG_BREAK': 'warn'}
17:03:04     INFO -  Ignoring indexes: https://pypi.python.org/simple
17:03:04     INFO -  Collecting psutil>=3.1.1
17:03:05     INFO -    Downloading http://pypi.pvt.build.mozilla.org/pub/psutil-5.4.3-cp27-none-win32.whl (220kB)
17:03:06     INFO -  Installing collected packages: psutil
17:03:06     INFO -  Successfully installed psutil-5.4.3
17:03:06     INFO - Return code: 0
17:03:06     INFO - Installing mozsystemmonitor==0.3 into virtualenv C:\slave\test\build\venv
17:03:06     INFO - retry: Calling run_command with args: [['C:\\slave\\test\\build\\venv\\Scripts\\pip', 'install', '--timeout', '120', '--no-index', '--find-links', 'http://pypi.pvt.build.mozilla.org/pub', '--find-links', 'http://pypi.pub.build.mozilla.org/pub', '--trusted-host', 'pypi.pub.build.mozilla.org', '--trusted-host', 'pypi.pvt.build.mozilla.org', 'mozsystemmonitor==0.3']], kwargs: {'error_level': 'warning', 'error_list': [{'substr': 'not found or a compiler error:', 'level': 'warning'}, {'regex': <_sre.SRE_Pattern object at 0x01CCEE90>, 'level': 'error'}, {'regex': <_sre.SRE_Pattern object at 0x01D6A9F8>, 'level': 'warning'}, {'regex': <_sre.SRE_Pattern object at 0x022C0070>, 'level': 'debug'}, {'substr': 'command not found', 'level': 'error'}, {'regex': <_sre.SRE_Pattern object at 0x02272368>, 'level': 'warning'}, {'substr': 'Traceback (most recent call last)', 'level': 'error'}, {'substr': 'SyntaxError: ', 'level': 'error'}, {'substr': 'TypeError: ', 'level': 'error'}, {'substr': 'NameError: ', 'level': 'error'}, {'substr': 'ZeroDivisionError: ', 'level': 'error'}, {'regex': <_sre.SRE_Pattern object at 0x01CFA700>, 'level': 'critical'}, {'regex': <_sre.SRE_Pattern object at 0x022712A0>, 'level': 'critical'}], 'cwd': 'C:\\slave\\test\\build', 'env': {'TMP': 'C:\\Users\\CLTBLD~1.001\\AppData\\Local\\Temp', 'TEST1': 'testie', 'COMPUTERNAME': 'T-W864-IX-019', 'USERDOMAIN': 'T-W864-IX-019', 'KTS_VERSION': '1.19c', 'PSMODULEPATH': 'C:\\windows\\system32\\WindowsPowerShell\\v1.0\\Modules\\', 'COMMONPROGRAMFILES': 'C:\\Program Files (x86)\\Common Files', 'PROCESSOR_IDENTIFIER': 'Intel64 Family 6 Model 30 Stepping 5, GenuineIntel', 'PROGRAMFILES': 'C:\\Program Files (x86)', 'PROCESSOR_REVISION': '1e05', 'DNSSUFFIX': 'wintest.releng.scl3.mozilla.com', 'SYSTEMROOT': 'C:\\windows', 'NO_EM_RESTART': '1', 'PROGRAMFILES(X86)': 'C:\\Program Files (x86)', 'OURDRIVE': 'C:', 'MOZ_HIDE_RESULTS_TABLE': '1', 'XPCOM_DEBUG_BREAK': 'warn', 'MONDIR': 'C:\\Monitor_config\\', 'TEMP': 'C:\\Users\\CLTBLD~1.001\\AppData\\Local\\Temp', 'COMMONPROGRAMFILES(X86)': 'C:\\Program Files (x86)\\Common Files', 'RUNLOGFILE': 'C:\\slave\\\\runslave.log', 'PROCESSOR_ARCHITECTURE': 'x86', 'ALLUSERSPROFILE': 'C:\\ProgramData', 'USERPROFILE': 'C:\\Users\\cltbld.T-W864-IX-019.001', 'LOCALAPPDATA': 'C:\\Users\\cltbld.T-W864-IX-019.001\\AppData\\Local', 'HOMEPATH': '\\Users\\cltbld.T-W864-IX-019.001', 'USERDOMAIN_ROAMINGPROFILE': 'T-W864-IX-019', 'MOZBUILDDIR': 'C:\\mozilla-build\\', 'PROGRAMW6432': 'C:\\Program Files', 'USERNAME': 'cltbld', 'LOGONSERVER': '\\\\T-W864-IX-019', 'MOZ_NO_REMOTE': '1', 'COMSPEC': 'C:\\windows\\system32\\cmd.exe', 'PROGRAMDATA': 'C:\\ProgramData', 'PROPERTIES_FILE': 'C:\\slave\\test/buildprops.json', 'PATH': 'C:\\Program Files (x86)\\NVIDIA Corporation\\PhysX\\Common;C:\\windows\\system32;C:\\windows;C:\\windows\\System32\\Wbem;C:\\windows\\System32\\WindowsPowerShell\\v1.0\\;C:\\mozilla-build\\python27;C:\\mozilla-build\\python27\\Scripts;C:\\mozilla-build\\msys\\bin;C:\\mozilla-build\\vim\\vim72;C:\\mozilla-build\\wget;C:\\mozilla-build\\info-zip;C:\\CoreUtils\\bin;C:\\mozilla-build\\buildbotve\\scripts;C:\\mozilla-build\\hg', 'PROMPT': '$P$G', 'NO_FAIL_ON_TEST_ERRORS': '1', 'PATHEXT': '.COM;.EXE;.BAT;.CMD;.VBS;.VBE;.JS;.JSE;.WSF;.WSH;.MSC', 'FP_NO_HOST_CHECK': 'NO', 'DCLOCATION': 'SCL3', 'APPDATA': 'C:\\Users\\cltbld.T-W864-IX-019.001\\AppData\\Roaming', 'HOMEDRIVE': 'C:', 'SYSTEMDRIVE': 'C:', 'SLAVEDIR': 'C:\\slave\\', 'NUMBER_OF_PROCESSORS': '8', 'PWD': 'C:\\slave\\test', 'PROCESSOR_LEVEL': '6', 'KTS_HOME': 'C:\\Program Files\\KTS', 'PROCESSOR_ARCHITEW6432': 'AMD64', 'MOZ_CRASHREPORTER_NO_REPORT': '1', 'COMMONPROGRAMW6432': 'C:\\Program Files\\Common Files', 'OS': 'Windows_NT', 'PUBLIC': 'C:\\Users\\Public', 'WINDIR': 'C:\\windows'}}, attempt #1
17:03:06     INFO - Running command: ['C:\\slave\\test\\build\\venv\\Scripts\\pip', 'install', '--timeout', '120', '--no-index', '--find-links', 'http://pypi.pvt.build.mozilla.org/pub', '--find-links', 'http://pypi.pub.build.mozilla.org/pub', '--trusted-host', 'pypi.pub.build.mozilla.org', '--trusted-host', 'pypi.pvt.build.mozilla.org', 'mozsystemmonitor==0.3'] in C:\slave\test\build
17:03:06     INFO - Copy/paste: C:\slave\test\build\venv\Scripts\pip install --timeout 120 --no-index --find-links http://pypi.pvt.build.mozilla.org/pub --find-links http://pypi.pub.build.mozilla.org/pub --trusted-host pypi.pub.build.mozilla.org --trusted-host pypi.pvt.build.mozilla.org mozsystemmonitor==0.3
17:03:06     INFO - Using env: {'ALLUSERSPROFILE': 'C:\\ProgramData',
17:03:06     INFO -  'APPDATA': 'C:\\Users\\cltbld.T-W864-IX-019.001\\AppData\\Roaming',
17:03:06     INFO -  'COMMONPROGRAMFILES': 'C:\\Program Files (x86)\\Common Files',
17:03:06     INFO -  'COMMONPROGRAMFILES(X86)': 'C:\\Program Files (x86)\\Common Files',
17:03:06     INFO -  'COMMONPROGRAMW6432': 'C:\\Program Files\\Common Files',
17:03:06     INFO -  'COMPUTERNAME': 'T-W864-IX-019',
17:03:06     INFO -  'COMSPEC': 'C:\\windows\\system32\\cmd.exe',
17:03:06     INFO -  'DCLOCATION': 'SCL3',
17:03:06     INFO -  'DNSSUFFIX': 'wintest.releng.scl3.mozilla.com',
17:03:06     INFO -  'FP_NO_HOST_CHECK': 'NO',
17:03:06     INFO -  'HOMEDRIVE': 'C:',
17:03:06     INFO -  'HOMEPATH': '\\Users\\cltbld.T-W864-IX-019.001',
17:03:06     INFO -  'KTS_HOME': 'C:\\Program Files\\KTS',
17:03:06     INFO -  'KTS_VERSION': '1.19c',
17:03:06     INFO -  'LOCALAPPDATA': 'C:\\Users\\cltbld.T-W864-IX-019.001\\AppData\\Local',
17:03:06     INFO -  'LOGONSERVER': '\\\\T-W864-IX-019',
17:03:06     INFO -  'MONDIR': 'C:\\Monitor_config\\',
17:03:06     INFO -  'MOZBUILDDIR': 'C:\\mozilla-build\\',
17:03:06     INFO -  'MOZ_CRASHREPORTER_NO_REPORT': '1',
17:03:06     INFO -  'MOZ_HIDE_RESULTS_TABLE': '1',
17:03:06     INFO -  'MOZ_NO_REMOTE': '1',
17:03:06     INFO -  'NO_EM_RESTART': '1',
17:03:06     INFO -  'NO_FAIL_ON_TEST_ERRORS': '1',
17:03:06     INFO -  'NUMBER_OF_PROCESSORS': '8',
17:03:06     INFO -  'OS': 'Windows_NT',
17:03:06     INFO -  'OURDRIVE': 'C:',
17:03:06     INFO -  'PATH': 'C:\\Program Files (x86)\\NVIDIA Corporation\\PhysX\\Common;C:\\windows\\system32;C:\\windows;C:\\windows\\System32\\Wbem;C:\\windows\\System32\\WindowsPowerShell\\v1.0\\;C:\\mozilla-build\\python27;C:\\mozilla-build\\python27\\Scripts;C:\\mozilla-build\\msys\\bin;C:\\mozilla-build\\vim\\vim72;C:\\mozilla-build\\wget;C:\\mozilla-build\\info-zip;C:\\CoreUtils\\bin;C:\\mozilla-build\\buildbotve\\scripts;C:\\mozilla-build\\hg',
17:03:06     INFO -  'PATHEXT': '.COM;.EXE;.BAT;.CMD;.VBS;.VBE;.JS;.JSE;.WSF;.WSH;.MSC',
17:03:06     INFO -  'PROCESSOR_ARCHITECTURE': 'x86',
17:03:06     INFO -  'PROCESSOR_ARCHITEW6432': 'AMD64',
17:03:06     INFO -  'PROCESSOR_IDENTIFIER': 'Intel64 Family 6 Model 30 Stepping 5, GenuineIntel',
17:03:06     INFO -  'PROCESSOR_LEVEL': '6',
17:03:06     INFO -  'PROCESSOR_REVISION': '1e05',
17:03:06     INFO -  'PROGRAMDATA': 'C:\\ProgramData',
17:03:06     INFO -  'PROGRAMFILES': 'C:\\Program Files (x86)',
17:03:06     INFO -  'PROGRAMFILES(X86)': 'C:\\Program Files (x86)',
17:03:06     INFO -  'PROGRAMW6432': 'C:\\Program Files',
17:03:06     INFO -  'PROMPT': '$P$G',
17:03:06     INFO -  'PROPERTIES_FILE': 'C:\\slave\\test/buildprops.json',
17:03:06     INFO -  'PSMODULEPATH': 'C:\\windows\\system32\\WindowsPowerShell\\v1.0\\Modules\\',
17:03:06     INFO -  'PUBLIC': 'C:\\Users\\Public',
17:03:06     INFO -  'PWD': 'C:\\slave\\test',
17:03:06     INFO -  'RUNLOGFILE': 'C:\\slave\\\\runslave.log',
17:03:06     INFO -  'SLAVEDIR': 'C:\\slave\\',
17:03:06     INFO -  'SYSTEMDRIVE': 'C:',
17:03:06     INFO -  'SYSTEMROOT': 'C:\\windows',
17:03:06     INFO -  'TEMP': 'C:\\Users\\CLTBLD~1.001\\AppData\\Local\\Temp',
17:03:06     INFO -  'TEST1': 'testie',
17:03:06     INFO -  'TMP': 'C:\\Users\\CLTBLD~1.001\\AppData\\Local\\Temp',
17:03:06     INFO -  'USERDOMAIN': 'T-W864-IX-019',
17:03:06     INFO -  'USERDOMAIN_ROAMINGPROFILE': 'T-W864-IX-019',
17:03:06     INFO -  'USERNAME': 'cltbld',
17:03:06     INFO -  'USERPROFILE': 'C:\\Users\\cltbld.T-W864-IX-019.001',
17:03:06     INFO -  'WINDIR': 'C:\\windows',
17:03:06     INFO -  'XPCOM_DEBUG_BREAK': 'warn'}
17:03:07     INFO -  Ignoring indexes: https://pypi.python.org/simple
17:03:07     INFO -  Collecting mozsystemmonitor==0.3
17:03:08     INFO -  Requirement already satisfied (use --upgrade to upgrade): psutil>=3.1.1 in c:\slave\test\build\venv\lib\site-packages (from mozsystemmonitor==0.3)
17:03:08     INFO -  Installing collected packages: mozsystemmonitor
17:03:08     INFO -  Successfully installed mozsystemmonitor-0.3
17:03:08     INFO - Return code: 0
17:03:08     INFO - Installing jsonschema==2.5.1 into virtualenv C:\slave\test\build\venv
17:03:08     INFO - retry: Calling run_command with args: [['C:\\slave\\test\\build\\venv\\Scripts\\pip', 'install', '--timeout', '120', '--no-index', '--find-links', 'http://pypi.pvt.build.mozilla.org/pub', '--find-links', 'http://pypi.pub.build.mozilla.org/pub', '--trusted-host', 'pypi.pub.build.mozilla.org', '--trusted-host', 'pypi.pvt.build.mozilla.org', 'jsonschema==2.5.1']], kwargs: {'error_level': 'warning', 'error_list': [{'substr': 'not found or a compiler error:', 'level': 'warning'}, {'regex': <_sre.SRE_Pattern object at 0x01CCEE90>, 'level': 'error'}, {'regex': <_sre.SRE_Pattern object at 0x01D6A9F8>, 'level': 'warning'}, {'regex': <_sre.SRE_Pattern object at 0x022C0070>, 'level': 'debug'}, {'substr': 'command not found', 'level': 'error'}, {'regex': <_sre.SRE_Pattern object at 0x02272368>, 'level': 'warning'}, {'substr': 'Traceback (most recent call last)', 'level': 'error'}, {'substr': 'SyntaxError: ', 'level': 'error'}, {'substr': 'TypeError: ', 'level': 'error'}, {'substr': 'NameError: ', 'level': 'error'}, {'substr': 'ZeroDivisionError: ', 'level': 'error'}, {'regex': <_sre.SRE_Pattern object at 0x01CFA700>, 'level': 'critical'}, {'regex': <_sre.SRE_Pattern object at 0x022712A0>, 'level': 'critical'}], 'cwd': 'C:\\slave\\test\\build', 'env': {'TMP': 'C:\\Users\\CLTBLD~1.001\\AppData\\Local\\Temp', 'TEST1': 'testie', 'COMPUTERNAME': 'T-W864-IX-019', 'USERDOMAIN': 'T-W864-IX-019', 'KTS_VERSION': '1.19c', 'PSMODULEPATH': 'C:\\windows\\system32\\WindowsPowerShell\\v1.0\\Modules\\', 'COMMONPROGRAMFILES': 'C:\\Program Files (x86)\\Common Files', 'PROCESSOR_IDENTIFIER': 'Intel64 Family 6 Model 30 Stepping 5, GenuineIntel', 'PROGRAMFILES': 'C:\\Program Files (x86)', 'PROCESSOR_REVISION': '1e05', 'DNSSUFFIX': 'wintest.releng.scl3.mozilla.com', 'SYSTEMROOT': 'C:\\windows', 'NO_EM_RESTART': '1', 'PROGRAMFILES(X86)': 'C:\\Program Files (x86)', 'OURDRIVE': 'C:', 'MOZ_HIDE_RESULTS_TABLE': '1', 'XPCOM_DEBUG_BREAK': 'warn', 'MONDIR': 'C:\\Monitor_config\\', 'TEMP': 'C:\\Users\\CLTBLD~1.001\\AppData\\Local\\Temp', 'COMMONPROGRAMFILES(X86)': 'C:\\Program Files (x86)\\Common Files', 'RUNLOGFILE': 'C:\\slave\\\\runslave.log', 'PROCESSOR_ARCHITECTURE': 'x86', 'ALLUSERSPROFILE': 'C:\\ProgramData', 'USERPROFILE': 'C:\\Users\\cltbld.T-W864-IX-019.001', 'LOCALAPPDATA': 'C:\\Users\\cltbld.T-W864-IX-019.001\\AppData\\Local', 'HOMEPATH': '\\Users\\cltbld.T-W864-IX-019.001', 'USERDOMAIN_ROAMINGPROFILE': 'T-W864-IX-019', 'MOZBUILDDIR': 'C:\\mozilla-build\\', 'PROGRAMW6432': 'C:\\Program Files', 'USERNAME': 'cltbld', 'LOGONSERVER': '\\\\T-W864-IX-019', 'MOZ_NO_REMOTE': '1', 'COMSPEC': 'C:\\windows\\system32\\cmd.exe', 'PROGRAMDATA': 'C:\\ProgramData', 'PROPERTIES_FILE': 'C:\\slave\\test/buildprops.json', 'PATH': 'C:\\Program Files (x86)\\NVIDIA Corporation\\PhysX\\Common;C:\\windows\\system32;C:\\windows;C:\\windows\\System32\\Wbem;C:\\windows\\System32\\WindowsPowerShell\\v1.0\\;C:\\mozilla-build\\python27;C:\\mozilla-build\\python27\\Scripts;C:\\mozilla-build\\msys\\bin;C:\\mozilla-build\\vim\\vim72;C:\\mozilla-build\\wget;C:\\mozilla-build\\info-zip;C:\\CoreUtils\\bin;C:\\mozilla-build\\buildbotve\\scripts;C:\\mozilla-build\\hg', 'PROMPT': '$P$G', 'NO_FAIL_ON_TEST_ERRORS': '1', 'PATHEXT': '.COM;.EXE;.BAT;.CMD;.VBS;.VBE;.JS;.JSE;.WSF;.WSH;.MSC', 'FP_NO_HOST_CHECK': 'NO', 'DCLOCATION': 'SCL3', 'APPDATA': 'C:\\Users\\cltbld.T-W864-IX-019.001\\AppData\\Roaming', 'HOMEDRIVE': 'C:', 'SYSTEMDRIVE': 'C:', 'SLAVEDIR': 'C:\\slave\\', 'NUMBER_OF_PROCESSORS': '8', 'PWD': 'C:\\slave\\test', 'PROCESSOR_LEVEL': '6', 'KTS_HOME': 'C:\\Program Files\\KTS', 'PROCESSOR_ARCHITEW6432': 'AMD64', 'MOZ_CRASHREPORTER_NO_REPORT': '1', 'COMMONPROGRAMW6432': 'C:\\Program Files\\Common Files', 'OS': 'Windows_NT', 'PUBLIC': 'C:\\Users\\Public', 'WINDIR': 'C:\\windows'}}, attempt #1
17:03:08     INFO - Running command: ['C:\\slave\\test\\build\\venv\\Scripts\\pip', 'install', '--timeout', '120', '--no-index', '--find-links', 'http://pypi.pvt.build.mozilla.org/pub', '--find-links', 'http://pypi.pub.build.mozilla.org/pub', '--trusted-host', 'pypi.pub.build.mozilla.org', '--trusted-host', 'pypi.pvt.build.mozilla.org', 'jsonschema==2.5.1'] in C:\slave\test\build
17:03:08     INFO - Copy/paste: C:\slave\test\build\venv\Scripts\pip install --timeout 120 --no-index --find-links http://pypi.pvt.build.mozilla.org/pub --find-links http://pypi.pub.build.mozilla.org/pub --trusted-host pypi.pub.build.mozilla.org --trusted-host pypi.pvt.build.mozilla.org jsonschema==2.5.1
17:03:08     INFO - Using env: {'ALLUSERSPROFILE': 'C:\\ProgramData',
17:03:08     INFO -  'APPDATA': 'C:\\Users\\cltbld.T-W864-IX-019.001\\AppData\\Roaming',
17:03:08     INFO -  'COMMONPROGRAMFILES': 'C:\\Program Files (x86)\\Common Files',
17:03:08     INFO -  'COMMONPROGRAMFILES(X86)': 'C:\\Program Files (x86)\\Common Files',
17:03:08     INFO -  'COMMONPROGRAMW6432': 'C:\\Program Files\\Common Files',
17:03:08     INFO -  'COMPUTERNAME': 'T-W864-IX-019',
17:03:08     INFO -  'COMSPEC': 'C:\\windows\\system32\\cmd.exe',
17:03:08     INFO -  'DCLOCATION': 'SCL3',
17:03:08     INFO -  'DNSSUFFIX': 'wintest.releng.scl3.mozilla.com',
17:03:08     INFO -  'FP_NO_HOST_CHECK': 'NO',
17:03:08     INFO -  'HOMEDRIVE': 'C:',
17:03:08     INFO -  'HOMEPATH': '\\Users\\cltbld.T-W864-IX-019.001',
17:03:08     INFO -  'KTS_HOME': 'C:\\Program Files\\KTS',
17:03:08     INFO -  'KTS_VERSION': '1.19c',
17:03:08     INFO -  'LOCALAPPDATA': 'C:\\Users\\cltbld.T-W864-IX-019.001\\AppData\\Local',
17:03:08     INFO -  'LOGONSERVER': '\\\\T-W864-IX-019',
17:03:08     INFO -  'MONDIR': 'C:\\Monitor_config\\',
17:03:08     INFO -  'MOZBUILDDIR': 'C:\\mozilla-build\\',
17:03:08     INFO -  'MOZ_CRASHREPORTER_NO_REPORT': '1',
17:03:08     INFO -  'MOZ_HIDE_RESULTS_TABLE': '1',
17:03:08     INFO -  'MOZ_NO_REMOTE': '1',
17:03:08     INFO -  'NO_EM_RESTART': '1',
17:03:08     INFO -  'NO_FAIL_ON_TEST_ERRORS': '1',
17:03:08     INFO -  'NUMBER_OF_PROCESSORS': '8',
17:03:08     INFO -  'OS': 'Windows_NT',
17:03:08     INFO -  'OURDRIVE': 'C:',
17:03:08     INFO -  'PATH': 'C:\\Program Files (x86)\\NVIDIA Corporation\\PhysX\\Common;C:\\windows\\system32;C:\\windows;C:\\windows\\System32\\Wbem;C:\\windows\\System32\\WindowsPowerShell\\v1.0\\;C:\\mozilla-build\\python27;C:\\mozilla-build\\python27\\Scripts;C:\\mozilla-build\\msys\\bin;C:\\mozilla-build\\vim\\vim72;C:\\mozilla-build\\wget;C:\\mozilla-build\\info-zip;C:\\CoreUtils\\bin;C:\\mozilla-build\\buildbotve\\scripts;C:\\mozilla-build\\hg',
17:03:08     INFO -  'PATHEXT': '.COM;.EXE;.BAT;.CMD;.VBS;.VBE;.JS;.JSE;.WSF;.WSH;.MSC',
17:03:08     INFO -  'PROCESSOR_ARCHITECTURE': 'x86',
17:03:08     INFO -  'PROCESSOR_ARCHITEW6432': 'AMD64',
17:03:08     INFO -  'PROCESSOR_IDENTIFIER': 'Intel64 Family 6 Model 30 Stepping 5, GenuineIntel',
17:03:08     INFO -  'PROCESSOR_LEVEL': '6',
17:03:08     INFO -  'PROCESSOR_REVISION': '1e05',
17:03:08     INFO -  'PROGRAMDATA': 'C:\\ProgramData',
17:03:08     INFO -  'PROGRAMFILES': 'C:\\Program Files (x86)',
17:03:08     INFO -  'PROGRAMFILES(X86)': 'C:\\Program Files (x86)',
17:03:08     INFO -  'PROGRAMW6432': 'C:\\Program Files',
17:03:08     INFO -  'PROMPT': '$P$G',
17:03:08     INFO -  'PROPERTIES_FILE': 'C:\\slave\\test/buildprops.json',
17:03:08     INFO -  'PSMODULEPATH': 'C:\\windows\\system32\\WindowsPowerShell\\v1.0\\Modules\\',
17:03:08     INFO -  'PUBLIC': 'C:\\Users\\Public',
17:03:08     INFO -  'PWD': 'C:\\slave\\test',
17:03:08     INFO -  'RUNLOGFILE': 'C:\\slave\\\\runslave.log',
17:03:08     INFO -  'SLAVEDIR': 'C:\\slave\\',
17:03:08     INFO -  'SYSTEMDRIVE': 'C:',
17:03:08     INFO -  'SYSTEMROOT': 'C:\\windows',
17:03:08     INFO -  'TEMP': 'C:\\Users\\CLTBLD~1.001\\AppData\\Local\\Temp',
17:03:08     INFO -  'TEST1': 'testie',
17:03:08     INFO -  'TMP': 'C:\\Users\\CLTBLD~1.001\\AppData\\Local\\Temp',
17:03:08     INFO -  'USERDOMAIN': 'T-W864-IX-019',
17:03:08     INFO -  'USERDOMAIN_ROAMINGPROFILE': 'T-W864-IX-019',
17:03:08     INFO -  'USERNAME': 'cltbld',
17:03:08     INFO -  'USERPROFILE': 'C:\\Users\\cltbld.T-W864-IX-019.001',
17:03:08     INFO -  'WINDIR': 'C:\\windows',
17:03:08     INFO -  'XPCOM_DEBUG_BREAK': 'warn'}
17:03:09     INFO -  Ignoring indexes: https://pypi.python.org/simple
17:03:09     INFO -  Collecting jsonschema==2.5.1
17:03:10     INFO -    Downloading http://pypi.pvt.build.mozilla.org/pub/jsonschema-2.5.1-py2.py3-none-any.whl
17:03:10     INFO -  Collecting functools32; python_version == "2.7" (from jsonschema==2.5.1)
17:03:11     INFO -  Installing collected packages: functools32, jsonschema
17:03:11     INFO -  Successfully installed functools32-3.2.3.post2 jsonschema-2.5.1
17:03:12     INFO - Return code: 0
17:03:12     INFO - Installing functools32==3.2.3-2 into virtualenv C:\slave\test\build\venv
17:03:12     INFO - retry: Calling run_command with args: [['C:\\slave\\test\\build\\venv\\Scripts\\pip', 'install', '--timeout', '120', '--no-index', '--find-links', 'http://pypi.pvt.build.mozilla.org/pub', '--find-links', 'http://pypi.pub.build.mozilla.org/pub', '--trusted-host', 'pypi.pub.build.mozilla.org', '--trusted-host', 'pypi.pvt.build.mozilla.org', 'functools32==3.2.3-2']], kwargs: {'error_level': 'warning', 'error_list': [{'substr': 'not found or a compiler error:', 'level': 'warning'}, {'regex': <_sre.SRE_Pattern object at 0x01CCEE90>, 'level': 'error'}, {'regex': <_sre.SRE_Pattern object at 0x01D6A9F8>, 'level': 'warning'}, {'regex': <_sre.SRE_Pattern object at 0x022C0070>, 'level': 'debug'}, {'substr': 'command not found', 'level': 'error'}, {'regex': <_sre.SRE_Pattern object at 0x02272368>, 'level': 'warning'}, {'substr': 'Traceback (most recent call last)', 'level': 'error'}, {'substr': 'SyntaxError: ', 'level': 'error'}, {'substr': 'TypeError: ', 'level': 'error'}, {'substr': 'NameError: ', 'level': 'error'}, {'substr': 'ZeroDivisionError: ', 'level': 'error'}, {'regex': <_sre.SRE_Pattern object at 0x01CFA700>, 'level': 'critical'}, {'regex': <_sre.SRE_Pattern object at 0x022712A0>, 'level': 'critical'}], 'cwd': 'C:\\slave\\test\\build', 'env': {'TMP': 'C:\\Users\\CLTBLD~1.001\\AppData\\Local\\Temp', 'TEST1': 'testie', 'COMPUTERNAME': 'T-W864-IX-019', 'USERDOMAIN': 'T-W864-IX-019', 'KTS_VERSION': '1.19c', 'PSMODULEPATH': 'C:\\windows\\system32\\WindowsPowerShell\\v1.0\\Modules\\', 'COMMONPROGRAMFILES': 'C:\\Program Files (x86)\\Common Files', 'PROCESSOR_IDENTIFIER': 'Intel64 Family 6 Model 30 Stepping 5, GenuineIntel', 'PROGRAMFILES': 'C:\\Program Files (x86)', 'PROCESSOR_REVISION': '1e05', 'DNSSUFFIX': 'wintest.releng.scl3.mozilla.com', 'SYSTEMROOT': 'C:\\windows', 'NO_EM_RESTART': '1', 'PROGRAMFILES(X86)': 'C:\\Program Files (x86)', 'OURDRIVE': 'C:', 'MOZ_HIDE_RESULTS_TABLE': '1', 'XPCOM_DEBUG_BREAK': 'warn', 'MONDIR': 'C:\\Monitor_config\\', 'TEMP': 'C:\\Users\\CLTBLD~1.001\\AppData\\Local\\Temp', 'COMMONPROGRAMFILES(X86)': 'C:\\Program Files (x86)\\Common Files', 'RUNLOGFILE': 'C:\\slave\\\\runslave.log', 'PROCESSOR_ARCHITECTURE': 'x86', 'ALLUSERSPROFILE': 'C:\\ProgramData', 'USERPROFILE': 'C:\\Users\\cltbld.T-W864-IX-019.001', 'LOCALAPPDATA': 'C:\\Users\\cltbld.T-W864-IX-019.001\\AppData\\Local', 'HOMEPATH': '\\Users\\cltbld.T-W864-IX-019.001', 'USERDOMAIN_ROAMINGPROFILE': 'T-W864-IX-019', 'MOZBUILDDIR': 'C:\\mozilla-build\\', 'PROGRAMW6432': 'C:\\Program Files', 'USERNAME': 'cltbld', 'LOGONSERVER': '\\\\T-W864-IX-019', 'MOZ_NO_REMOTE': '1', 'COMSPEC': 'C:\\windows\\system32\\cmd.exe', 'PROGRAMDATA': 'C:\\ProgramData', 'PROPERTIES_FILE': 'C:\\slave\\test/buildprops.json', 'PATH': 'C:\\Program Files (x86)\\NVIDIA Corporation\\PhysX\\Common;C:\\windows\\system32;C:\\windows;C:\\windows\\System32\\Wbem;C:\\windows\\System32\\WindowsPowerShell\\v1.0\\;C:\\mozilla-build\\python27;C:\\mozilla-build\\python27\\Scripts;C:\\mozilla-build\\msys\\bin;C:\\mozilla-build\\vim\\vim72;C:\\mozilla-build\\wget;C:\\mozilla-build\\info-zip;C:\\CoreUtils\\bin;C:\\mozilla-build\\buildbotve\\scripts;C:\\mozilla-build\\hg', 'PROMPT': '$P$G', 'NO_FAIL_ON_TEST_ERRORS': '1', 'PATHEXT': '.COM;.EXE;.BAT;.CMD;.VBS;.VBE;.JS;.JSE;.WSF;.WSH;.MSC', 'FP_NO_HOST_CHECK': 'NO', 'DCLOCATION': 'SCL3', 'APPDATA': 'C:\\Users\\cltbld.T-W864-IX-019.001\\AppData\\Roaming', 'HOMEDRIVE': 'C:', 'SYSTEMDRIVE': 'C:', 'SLAVEDIR': 'C:\\slave\\', 'NUMBER_OF_PROCESSORS': '8', 'PWD': 'C:\\slave\\test', 'PROCESSOR_LEVEL': '6', 'KTS_HOME': 'C:\\Program Files\\KTS', 'PROCESSOR_ARCHITEW6432': 'AMD64', 'MOZ_CRASHREPORTER_NO_REPORT': '1', 'COMMONPROGRAMW6432': 'C:\\Program Files\\Common Files', 'OS': 'Windows_NT', 'PUBLIC': 'C:\\Users\\Public', 'WINDIR': 'C:\\windows'}}, attempt #1
17:03:12     INFO - Running command: ['C:\\slave\\test\\build\\venv\\Scripts\\pip', 'install', '--timeout', '120', '--no-index', '--find-links', 'http://pypi.pvt.build.mozilla.org/pub', '--find-links', 'http://pypi.pub.build.mozilla.org/pub', '--trusted-host', 'pypi.pub.build.mozilla.org', '--trusted-host', 'pypi.pvt.build.mozilla.org', 'functools32==3.2.3-2'] in C:\slave\test\build
17:03:12     INFO - Copy/paste: C:\slave\test\build\venv\Scripts\pip install --timeout 120 --no-index --find-links http://pypi.pvt.build.mozilla.org/pub --find-links http://pypi.pub.build.mozilla.org/pub --trusted-host pypi.pub.build.mozilla.org --trusted-host pypi.pvt.build.mozilla.org functools32==3.2.3-2
17:03:12     INFO - Using env: {'ALLUSERSPROFILE': 'C:\\ProgramData',
17:03:12     INFO -  'APPDATA': 'C:\\Users\\cltbld.T-W864-IX-019.001\\AppData\\Roaming',
17:03:12     INFO -  'COMMONPROGRAMFILES': 'C:\\Program Files (x86)\\Common Files',
17:03:12     INFO -  'COMMONPROGRAMFILES(X86)': 'C:\\Program Files (x86)\\Common Files',
17:03:12     INFO -  'COMMONPROGRAMW6432': 'C:\\Program Files\\Common Files',
17:03:12     INFO -  'COMPUTERNAME': 'T-W864-IX-019',
17:03:12     INFO -  'COMSPEC': 'C:\\windows\\system32\\cmd.exe',
17:03:12     INFO -  'DCLOCATION': 'SCL3',
17:03:12     INFO -  'DNSSUFFIX': 'wintest.releng.scl3.mozilla.com',
17:03:12     INFO -  'FP_NO_HOST_CHECK': 'NO',
17:03:12     INFO -  'HOMEDRIVE': 'C:',
17:03:12     INFO -  'HOMEPATH': '\\Users\\cltbld.T-W864-IX-019.001',
17:03:12     INFO -  'KTS_HOME': 'C:\\Program Files\\KTS',
17:03:12     INFO -  'KTS_VERSION': '1.19c',
17:03:12     INFO -  'LOCALAPPDATA': 'C:\\Users\\cltbld.T-W864-IX-019.001\\AppData\\Local',
17:03:12     INFO -  'LOGONSERVER': '\\\\T-W864-IX-019',
17:03:12     INFO -  'MONDIR': 'C:\\Monitor_config\\',
17:03:12     INFO -  'MOZBUILDDIR': 'C:\\mozilla-build\\',
17:03:12     INFO -  'MOZ_CRASHREPORTER_NO_REPORT': '1',
17:03:12     INFO -  'MOZ_HIDE_RESULTS_TABLE': '1',
17:03:12     INFO -  'MOZ_NO_REMOTE': '1',
17:03:12     INFO -  'NO_EM_RESTART': '1',
17:03:12     INFO -  'NO_FAIL_ON_TEST_ERRORS': '1',
17:03:12     INFO -  'NUMBER_OF_PROCESSORS': '8',
17:03:12     INFO -  'OS': 'Windows_NT',
17:03:12     INFO -  'OURDRIVE': 'C:',
17:03:12     INFO -  'PATH': 'C:\\Program Files (x86)\\NVIDIA Corporation\\PhysX\\Common;C:\\windows\\system32;C:\\windows;C:\\windows\\System32\\Wbem;C:\\windows\\System32\\WindowsPowerShell\\v1.0\\;C:\\mozilla-build\\python27;C:\\mozilla-build\\python27\\Scripts;C:\\mozilla-build\\msys\\bin;C:\\mozilla-build\\vim\\vim72;C:\\mozilla-build\\wget;C:\\mozilla-build\\info-zip;C:\\CoreUtils\\bin;C:\\mozilla-build\\buildbotve\\scripts;C:\\mozilla-build\\hg',
17:03:12     INFO -  'PATHEXT': '.COM;.EXE;.BAT;.CMD;.VBS;.VBE;.JS;.JSE;.WSF;.WSH;.MSC',
17:03:12     INFO -  'PROCESSOR_ARCHITECTURE': 'x86',
17:03:12     INFO -  'PROCESSOR_ARCHITEW6432': 'AMD64',
17:03:12     INFO -  'PROCESSOR_IDENTIFIER': 'Intel64 Family 6 Model 30 Stepping 5, GenuineIntel',
17:03:12     INFO -  'PROCESSOR_LEVEL': '6',
17:03:12     INFO -  'PROCESSOR_REVISION': '1e05',
17:03:12     INFO -  'PROGRAMDATA': 'C:\\ProgramData',
17:03:12     INFO -  'PROGRAMFILES': 'C:\\Program Files (x86)',
17:03:12     INFO -  'PROGRAMFILES(X86)': 'C:\\Program Files (x86)',
17:03:12     INFO -  'PROGRAMW6432': 'C:\\Program Files',
17:03:12     INFO -  'PROMPT': '$P$G',
17:03:12     INFO -  'PROPERTIES_FILE': 'C:\\slave\\test/buildprops.json',
17:03:12     INFO -  'PSMODULEPATH': 'C:\\windows\\system32\\WindowsPowerShell\\v1.0\\Modules\\',
17:03:12     INFO -  'PUBLIC': 'C:\\Users\\Public',
17:03:12     INFO -  'PWD': 'C:\\slave\\test',
17:03:12     INFO -  'RUNLOGFILE': 'C:\\slave\\\\runslave.log',
17:03:12     INFO -  'SLAVEDIR': 'C:\\slave\\',
17:03:12     INFO -  'SYSTEMDRIVE': 'C:',
17:03:12     INFO -  'SYSTEMROOT': 'C:\\windows',
17:03:12     INFO -  'TEMP': 'C:\\Users\\CLTBLD~1.001\\AppData\\Local\\Temp',
17:03:12     INFO -  'TEST1': 'testie',
17:03:12     INFO -  'TMP': 'C:\\Users\\CLTBLD~1.001\\AppData\\Local\\Temp',
17:03:12     INFO -  'USERDOMAIN': 'T-W864-IX-019',
17:03:12     INFO -  'USERDOMAIN_ROAMINGPROFILE': 'T-W864-IX-019',
17:03:12     INFO -  'USERNAME': 'cltbld',
17:03:12     INFO -  'USERPROFILE': 'C:\\Users\\cltbld.T-W864-IX-019.001',
17:03:12     INFO -  'WINDIR': 'C:\\windows',
17:03:12     INFO -  'XPCOM_DEBUG_BREAK': 'warn'}
17:03:12     INFO -  Ignoring indexes: https://pypi.python.org/simple
17:03:12     INFO -  Requirement already satisfied (use --upgrade to upgrade): functools32==3.2.3-2 in c:\slave\test\build\venv\lib\site-packages
17:03:12     INFO - Return code: 0
17:03:12     INFO - Installing blobuploader==1.2.4 into virtualenv C:\slave\test\build\venv
17:03:12     INFO - retry: Calling run_command with args: [['C:\\slave\\test\\build\\venv\\Scripts\\pip', 'install', '--timeout', '120', '--no-index', '--find-links', 'http://pypi.pvt.build.mozilla.org/pub', '--find-links', 'http://pypi.pub.build.mozilla.org/pub', '--trusted-host', 'pypi.pub.build.mozilla.org', '--trusted-host', 'pypi.pvt.build.mozilla.org', 'blobuploader==1.2.4']], kwargs: {'error_level': 'warning', 'error_list': [{'substr': 'not found or a compiler error:', 'level': 'warning'}, {'regex': <_sre.SRE_Pattern object at 0x01CCEE90>, 'level': 'error'}, {'regex': <_sre.SRE_Pattern object at 0x01D6A9F8>, 'level': 'warning'}, {'regex': <_sre.SRE_Pattern object at 0x022C0070>, 'level': 'debug'}, {'substr': 'command not found', 'level': 'error'}, {'regex': <_sre.SRE_Pattern object at 0x02272368>, 'level': 'warning'}, {'substr': 'Traceback (most recent call last)', 'level': 'error'}, {'substr': 'SyntaxError: ', 'level': 'error'}, {'substr': 'TypeError: ', 'level': 'error'}, {'substr': 'NameError: ', 'level': 'error'}, {'substr': 'ZeroDivisionError: ', 'level': 'error'}, {'regex': <_sre.SRE_Pattern object at 0x01CFA700>, 'level': 'critical'}, {'regex': <_sre.SRE_Pattern object at 0x022712A0>, 'level': 'critical'}], 'cwd': 'C:\\slave\\test\\build', 'env': {'TMP': 'C:\\Users\\CLTBLD~1.001\\AppData\\Local\\Temp', 'TEST1': 'testie', 'COMPUTERNAME': 'T-W864-IX-019', 'USERDOMAIN': 'T-W864-IX-019', 'KTS_VERSION': '1.19c', 'PSMODULEPATH': 'C:\\windows\\system32\\WindowsPowerShell\\v1.0\\Modules\\', 'COMMONPROGRAMFILES': 'C:\\Program Files (x86)\\Common Files', 'PROCESSOR_IDENTIFIER': 'Intel64 Family 6 Model 30 Stepping 5, GenuineIntel', 'PROGRAMFILES': 'C:\\Program Files (x86)', 'PROCESSOR_REVISION': '1e05', 'DNSSUFFIX': 'wintest.releng.scl3.mozilla.com', 'SYSTEMROOT': 'C:\\windows', 'NO_EM_RESTART': '1', 'PROGRAMFILES(X86)': 'C:\\Program Files (x86)', 'OURDRIVE': 'C:', 'MOZ_HIDE_RESULTS_TABLE': '1', 'XPCOM_DEBUG_BREAK': 'warn', 'MONDIR': 'C:\\Monitor_config\\', 'TEMP': 'C:\\Users\\CLTBLD~1.001\\AppData\\Local\\Temp', 'COMMONPROGRAMFILES(X86)': 'C:\\Program Files (x86)\\Common Files', 'RUNLOGFILE': 'C:\\slave\\\\runslave.log', 'PROCESSOR_ARCHITECTURE': 'x86', 'ALLUSERSPROFILE': 'C:\\ProgramData', 'USERPROFILE': 'C:\\Users\\cltbld.T-W864-IX-019.001', 'LOCALAPPDATA': 'C:\\Users\\cltbld.T-W864-IX-019.001\\AppData\\Local', 'HOMEPATH': '\\Users\\cltbld.T-W864-IX-019.001', 'USERDOMAIN_ROAMINGPROFILE': 'T-W864-IX-019', 'MOZBUILDDIR': 'C:\\mozilla-build\\', 'PROGRAMW6432': 'C:\\Program Files', 'USERNAME': 'cltbld', 'LOGONSERVER': '\\\\T-W864-IX-019', 'MOZ_NO_REMOTE': '1', 'COMSPEC': 'C:\\windows\\system32\\cmd.exe', 'PROGRAMDATA': 'C:\\ProgramData', 'PROPERTIES_FILE': 'C:\\slave\\test/buildprops.json', 'PATH': 'C:\\Program Files (x86)\\NVIDIA Corporation\\PhysX\\Common;C:\\windows\\system32;C:\\windows;C:\\windows\\System32\\Wbem;C:\\windows\\System32\\WindowsPowerShell\\v1.0\\;C:\\mozilla-build\\python27;C:\\mozilla-build\\python27\\Scripts;C:\\mozilla-build\\msys\\bin;C:\\mozilla-build\\vim\\vim72;C:\\mozilla-build\\wget;C:\\mozilla-build\\info-zip;C:\\CoreUtils\\bin;C:\\mozilla-build\\buildbotve\\scripts;C:\\mozilla-build\\hg', 'PROMPT': '$P$G', 'NO_FAIL_ON_TEST_ERRORS': '1', 'PATHEXT': '.COM;.EXE;.BAT;.CMD;.VBS;.VBE;.JS;.JSE;.WSF;.WSH;.MSC', 'FP_NO_HOST_CHECK': 'NO', 'DCLOCATION': 'SCL3', 'APPDATA': 'C:\\Users\\cltbld.T-W864-IX-019.001\\AppData\\Roaming', 'HOMEDRIVE': 'C:', 'SYSTEMDRIVE': 'C:', 'SLAVEDIR': 'C:\\slave\\', 'NUMBER_OF_PROCESSORS': '8', 'PWD': 'C:\\slave\\test', 'PROCESSOR_LEVEL': '6', 'KTS_HOME': 'C:\\Program Files\\KTS', 'PROCESSOR_ARCHITEW6432': 'AMD64', 'MOZ_CRASHREPORTER_NO_REPORT': '1', 'COMMONPROGRAMW6432': 'C:\\Program Files\\Common Files', 'OS': 'Windows_NT', 'PUBLIC': 'C:\\Users\\Public', 'WINDIR': 'C:\\windows'}}, attempt #1
17:03:12     INFO - Running command: ['C:\\slave\\test\\build\\venv\\Scripts\\pip', 'install', '--timeout', '120', '--no-index', '--find-links', 'http://pypi.pvt.build.mozilla.org/pub', '--find-links', 'http://pypi.pub.build.mozilla.org/pub', '--trusted-host', 'pypi.pub.build.mozilla.org', '--trusted-host', 'pypi.pvt.build.mozilla.org', 'blobuploader==1.2.4'] in C:\slave\test\build
17:03:12     INFO - Copy/paste: C:\slave\test\build\venv\Scripts\pip install --timeout 120 --no-index --find-links http://pypi.pvt.build.mozilla.org/pub --find-links http://pypi.pub.build.mozilla.org/pub --trusted-host pypi.pub.build.mozilla.org --trusted-host pypi.pvt.build.mozilla.org blobuploader==1.2.4
17:03:12     INFO - Using env: {'ALLUSERSPROFILE': 'C:\\ProgramData',
17:03:12     INFO -  'APPDATA': 'C:\\Users\\cltbld.T-W864-IX-019.001\\AppData\\Roaming',
17:03:12     INFO -  'COMMONPROGRAMFILES': 'C:\\Program Files (x86)\\Common Files',
17:03:12     INFO -  'COMMONPROGRAMFILES(X86)': 'C:\\Program Files (x86)\\Common Files',
17:03:12     INFO -  'COMMONPROGRAMW6432': 'C:\\Program Files\\Common Files',
17:03:12     INFO -  'COMPUTERNAME': 'T-W864-IX-019',
17:03:12     INFO -  'COMSPEC': 'C:\\windows\\system32\\cmd.exe',
17:03:12     INFO -  'DCLOCATION': 'SCL3',
17:03:12     INFO -  'DNSSUFFIX': 'wintest.releng.scl3.mozilla.com',
17:03:12     INFO -  'FP_NO_HOST_CHECK': 'NO',
17:03:12     INFO -  'HOMEDRIVE': 'C:',
17:03:12     INFO -  'HOMEPATH': '\\Users\\cltbld.T-W864-IX-019.001',
17:03:12     INFO -  'KTS_HOME': 'C:\\Program Files\\KTS',
17:03:12     INFO -  'KTS_VERSION': '1.19c',
17:03:12     INFO -  'LOCALAPPDATA': 'C:\\Users\\cltbld.T-W864-IX-019.001\\AppData\\Local',
17:03:12     INFO -  'LOGONSERVER': '\\\\T-W864-IX-019',
17:03:12     INFO -  'MONDIR': 'C:\\Monitor_config\\',
17:03:12     INFO -  'MOZBUILDDIR': 'C:\\mozilla-build\\',
17:03:12     INFO -  'MOZ_CRASHREPORTER_NO_REPORT': '1',
17:03:12     INFO -  'MOZ_HIDE_RESULTS_TABLE': '1',
17:03:12     INFO -  'MOZ_NO_REMOTE': '1',
17:03:12     INFO -  'NO_EM_RESTART': '1',
17:03:12     INFO -  'NO_FAIL_ON_TEST_ERRORS': '1',
17:03:12     INFO -  'NUMBER_OF_PROCESSORS': '8',
17:03:12     INFO -  'OS': 'Windows_NT',
17:03:12     INFO -  'OURDRIVE': 'C:',
17:03:12     INFO -  'PATH': 'C:\\Program Files (x86)\\NVIDIA Corporation\\PhysX\\Common;C:\\windows\\system32;C:\\windows;C:\\windows\\System32\\Wbem;C:\\windows\\System32\\WindowsPowerShell\\v1.0\\;C:\\mozilla-build\\python27;C:\\mozilla-build\\python27\\Scripts;C:\\mozilla-build\\msys\\bin;C:\\mozilla-build\\vim\\vim72;C:\\mozilla-build\\wget;C:\\mozilla-build\\info-zip;C:\\CoreUtils\\bin;C:\\mozilla-build\\buildbotve\\scripts;C:\\mozilla-build\\hg',
17:03:12     INFO -  'PATHEXT': '.COM;.EXE;.BAT;.CMD;.VBS;.VBE;.JS;.JSE;.WSF;.WSH;.MSC',
17:03:12     INFO -  'PROCESSOR_ARCHITECTURE': 'x86',
17:03:12     INFO -  'PROCESSOR_ARCHITEW6432': 'AMD64',
17:03:12     INFO -  'PROCESSOR_IDENTIFIER': 'Intel64 Family 6 Model 30 Stepping 5, GenuineIntel',
17:03:12     INFO -  'PROCESSOR_LEVEL': '6',
17:03:12     INFO -  'PROCESSOR_REVISION': '1e05',
17:03:12     INFO -  'PROGRAMDATA': 'C:\\ProgramData',
17:03:12     INFO -  'PROGRAMFILES': 'C:\\Program Files (x86)',
17:03:12     INFO -  'PROGRAMFILES(X86)': 'C:\\Program Files (x86)',
17:03:12     INFO -  'PROGRAMW6432': 'C:\\Program Files',
17:03:12     INFO -  'PROMPT': '$P$G',
17:03:12     INFO -  'PROPERTIES_FILE': 'C:\\slave\\test/buildprops.json',
17:03:12     INFO -  'PSMODULEPATH': 'C:\\windows\\system32\\WindowsPowerShell\\v1.0\\Modules\\',
17:03:12     INFO -  'PUBLIC': 'C:\\Users\\Public',
17:03:12     INFO -  'PWD': 'C:\\slave\\test',
17:03:12     INFO -  'RUNLOGFILE': 'C:\\slave\\\\runslave.log',
17:03:12     INFO -  'SLAVEDIR': 'C:\\slave\\',
17:03:12     INFO -  'SYSTEMDRIVE': 'C:',
17:03:12     INFO -  'SYSTEMROOT': 'C:\\windows',
17:03:12     INFO -  'TEMP': 'C:\\Users\\CLTBLD~1.001\\AppData\\Local\\Temp',
17:03:12     INFO -  'TEST1': 'testie',
17:03:12     INFO -  'TMP': 'C:\\Users\\CLTBLD~1.001\\AppData\\Local\\Temp',
17:03:12     INFO -  'USERDOMAIN': 'T-W864-IX-019',
17:03:12     INFO -  'USERDOMAIN_ROAMINGPROFILE': 'T-W864-IX-019',
17:03:12     INFO -  'USERNAME': 'cltbld',
17:03:12     INFO -  'USERPROFILE': 'C:\\Users\\cltbld.T-W864-IX-019.001',
17:03:12     INFO -  'WINDIR': 'C:\\windows',
17:03:12     INFO -  'XPCOM_DEBUG_BREAK': 'warn'}
17:03:12     INFO -  Ignoring indexes: https://pypi.python.org/simple
17:03:12     INFO -  Collecting blobuploader==1.2.4
17:03:14     INFO -  Collecting docopt==0.6.1 (from blobuploader==1.2.4)
17:03:15     INFO -  Collecting requests==1.2.3. (from blobuploader==1.2.4)
17:03:16     INFO -  Installing collected packages: docopt, requests, blobuploader
17:03:17     INFO -  Successfully installed blobuploader-1.2.4 docopt-0.6.1 requests-1.2.3
17:03:17     INFO - Return code: 0
17:03:17     INFO - Installing None into virtualenv C:\slave\test\build\venv
17:03:17     INFO - retry: Calling run_command with args: [['C:\\slave\\test\\build\\venv\\Scripts\\pip', 'install', '--no-deps', '--timeout', '120', '-r', 'C:\\slave\\test\\build\\tests\\config\\marionette_requirements.txt', '--no-index', '--find-links', 'http://pypi.pvt.build.mozilla.org/pub', '--find-links', 'http://pypi.pub.build.mozilla.org/pub', '--trusted-host', 'pypi.pub.build.mozilla.org', '--trusted-host', 'pypi.pvt.build.mozilla.org']], kwargs: {'error_level': 'warning', 'error_list': [{'substr': 'not found or a compiler error:', 'level': 'warning'}, {'regex': <_sre.SRE_Pattern object at 0x01CCEE90>, 'level': 'error'}, {'regex': <_sre.SRE_Pattern object at 0x01D6A9F8>, 'level': 'warning'}, {'regex': <_sre.SRE_Pattern object at 0x022C0070>, 'level': 'debug'}, {'substr': 'command not found', 'level': 'error'}, {'regex': <_sre.SRE_Pattern object at 0x02272368>, 'level': 'warning'}, {'substr': 'Traceback (most recent call last)', 'level': 'error'}, {'substr': 'SyntaxError: ', 'level': 'error'}, {'substr': 'TypeError: ', 'level': 'error'}, {'substr': 'NameError: ', 'level': 'error'}, {'substr': 'ZeroDivisionError: ', 'level': 'error'}, {'regex': <_sre.SRE_Pattern object at 0x01CFA700>, 'level': 'critical'}, {'regex': <_sre.SRE_Pattern object at 0x022712A0>, 'level': 'critical'}], 'cwd': 'C:\\slave\\test\\build\\tests\\config', 'env': {'TMP': 'C:\\Users\\CLTBLD~1.001\\AppData\\Local\\Temp', 'TEST1': 'testie', 'COMPUTERNAME': 'T-W864-IX-019', 'USERDOMAIN': 'T-W864-IX-019', 'KTS_VERSION': '1.19c', 'PSMODULEPATH': 'C:\\windows\\system32\\WindowsPowerShell\\v1.0\\Modules\\', 'COMMONPROGRAMFILES': 'C:\\Program Files (x86)\\Common Files', 'PROCESSOR_IDENTIFIER': 'Intel64 Family 6 Model 30 Stepping 5, GenuineIntel', 'PROGRAMFILES': 'C:\\Program Files (x86)', 'PROCESSOR_REVISION': '1e05', 'DNSSUFFIX': 'wintest.releng.scl3.mozilla.com', 'SYSTEMROOT': 'C:\\windows', 'NO_EM_RESTART': '1', 'PROGRAMFILES(X86)': 'C:\\Program Files (x86)', 'OURDRIVE': 'C:', 'MOZ_HIDE_RESULTS_TABLE': '1', 'XPCOM_DEBUG_BREAK': 'warn', 'MONDIR': 'C:\\Monitor_config\\', 'TEMP': 'C:\\Users\\CLTBLD~1.001\\AppData\\Local\\Temp', 'COMMONPROGRAMFILES(X86)': 'C:\\Program Files (x86)\\Common Files', 'RUNLOGFILE': 'C:\\slave\\\\runslave.log', 'PROCESSOR_ARCHITECTURE': 'x86', 'ALLUSERSPROFILE': 'C:\\ProgramData', 'USERPROFILE': 'C:\\Users\\cltbld.T-W864-IX-019.001', 'LOCALAPPDATA': 'C:\\Users\\cltbld.T-W864-IX-019.001\\AppData\\Local', 'HOMEPATH': '\\Users\\cltbld.T-W864-IX-019.001', 'USERDOMAIN_ROAMINGPROFILE': 'T-W864-IX-019', 'MOZBUILDDIR': 'C:\\mozilla-build\\', 'PROGRAMW6432': 'C:\\Program Files', 'USERNAME': 'cltbld', 'LOGONSERVER': '\\\\T-W864-IX-019', 'MOZ_NO_REMOTE': '1', 'COMSPEC': 'C:\\windows\\system32\\cmd.exe', 'PROGRAMDATA': 'C:\\ProgramData', 'PROPERTIES_FILE': 'C:\\slave\\test/buildprops.json', 'PATH': 'C:\\Program Files (x86)\\NVIDIA Corporation\\PhysX\\Common;C:\\windows\\system32;C:\\windows;C:\\windows\\System32\\Wbem;C:\\windows\\System32\\WindowsPowerShell\\v1.0\\;C:\\mozilla-build\\python27;C:\\mozilla-build\\python27\\Scripts;C:\\mozilla-build\\msys\\bin;C:\\mozilla-build\\vim\\vim72;C:\\mozilla-build\\wget;C:\\mozilla-build\\info-zip;C:\\CoreUtils\\bin;C:\\mozilla-build\\buildbotve\\scripts;C:\\mozilla-build\\hg', 'PROMPT': '$P$G', 'NO_FAIL_ON_TEST_ERRORS': '1', 'PATHEXT': '.COM;.EXE;.BAT;.CMD;.VBS;.VBE;.JS;.JSE;.WSF;.WSH;.MSC', 'FP_NO_HOST_CHECK': 'NO', 'DCLOCATION': 'SCL3', 'APPDATA': 'C:\\Users\\cltbld.T-W864-IX-019.001\\AppData\\Roaming', 'HOMEDRIVE': 'C:', 'SYSTEMDRIVE': 'C:', 'SLAVEDIR': 'C:\\slave\\', 'NUMBER_OF_PROCESSORS': '8', 'PWD': 'C:\\slave\\test', 'PROCESSOR_LEVEL': '6', 'KTS_HOME': 'C:\\Program Files\\KTS', 'PROCESSOR_ARCHITEW6432': 'AMD64', 'MOZ_CRASHREPORTER_NO_REPORT': '1', 'COMMONPROGRAMW6432': 'C:\\Program Files\\Common Files', 'OS': 'Windows_NT', 'PUBLIC': 'C:\\Users\\Public', 'WINDIR': 'C:\\windows'}}, attempt #1
17:03:17     INFO - Running command: ['C:\\slave\\test\\build\\venv\\Scripts\\pip', 'install', '--no-deps', '--timeout', '120', '-r', 'C:\\slave\\test\\build\\tests\\config\\marionette_requirements.txt', '--no-index', '--find-links', 'http://pypi.pvt.build.mozilla.org/pub', '--find-links', 'http://pypi.pub.build.mozilla.org/pub', '--trusted-host', 'pypi.pub.build.mozilla.org', '--trusted-host', 'pypi.pvt.build.mozilla.org'] in C:\slave\test\build\tests\config
17:03:17     INFO - Copy/paste: C:\slave\test\build\venv\Scripts\pip install --no-deps --timeout 120 -r C:\slave\test\build\tests\config\marionette_requirements.txt --no-index --find-links http://pypi.pvt.build.mozilla.org/pub --find-links http://pypi.pub.build.mozilla.org/pub --trusted-host pypi.pub.build.mozilla.org --trusted-host pypi.pvt.build.mozilla.org
17:03:17     INFO - Using env: {'ALLUSERSPROFILE': 'C:\\ProgramData',
17:03:17     INFO -  'APPDATA': 'C:\\Users\\cltbld.T-W864-IX-019.001\\AppData\\Roaming',
17:03:17     INFO -  'COMMONPROGRAMFILES': 'C:\\Program Files (x86)\\Common Files',
17:03:17     INFO -  'COMMONPROGRAMFILES(X86)': 'C:\\Program Files (x86)\\Common Files',
17:03:17     INFO -  'COMMONPROGRAMW6432': 'C:\\Program Files\\Common Files',
17:03:17     INFO -  'COMPUTERNAME': 'T-W864-IX-019',
17:03:17     INFO -  'COMSPEC': 'C:\\windows\\system32\\cmd.exe',
17:03:17     INFO -  'DCLOCATION': 'SCL3',
17:03:17     INFO -  'DNSSUFFIX': 'wintest.releng.scl3.mozilla.com',
17:03:17     INFO -  'FP_NO_HOST_CHECK': 'NO',
17:03:17     INFO -  'HOMEDRIVE': 'C:',
17:03:17     INFO -  'HOMEPATH': '\\Users\\cltbld.T-W864-IX-019.001',
17:03:17     INFO -  'KTS_HOME': 'C:\\Program Files\\KTS',
17:03:17     INFO -  'KTS_VERSION': '1.19c',
17:03:17     INFO -  'LOCALAPPDATA': 'C:\\Users\\cltbld.T-W864-IX-019.001\\AppData\\Local',
17:03:17     INFO -  'LOGONSERVER': '\\\\T-W864-IX-019',
17:03:17     INFO -  'MONDIR': 'C:\\Monitor_config\\',
17:03:17     INFO -  'MOZBUILDDIR': 'C:\\mozilla-build\\',
17:03:17     INFO -  'MOZ_CRASHREPORTER_NO_REPORT': '1',
17:03:17     INFO -  'MOZ_HIDE_RESULTS_TABLE': '1',
17:03:17     INFO -  'MOZ_NO_REMOTE': '1',
17:03:17     INFO -  'NO_EM_RESTART': '1',
17:03:17     INFO -  'NO_FAIL_ON_TEST_ERRORS': '1',
17:03:17     INFO -  'NUMBER_OF_PROCESSORS': '8',
17:03:17     INFO -  'OS': 'Windows_NT',
17:03:17     INFO -  'OURDRIVE': 'C:',
17:03:17     INFO -  'PATH': 'C:\\Program Files (x86)\\NVIDIA Corporation\\PhysX\\Common;C:\\windows\\system32;C:\\windows;C:\\windows\\System32\\Wbem;C:\\windows\\System32\\WindowsPowerShell\\v1.0\\;C:\\mozilla-build\\python27;C:\\mozilla-build\\python27\\Scripts;C:\\mozilla-build\\msys\\bin;C:\\mozilla-build\\vim\\vim72;C:\\mozilla-build\\wget;C:\\mozilla-build\\info-zip;C:\\CoreUtils\\bin;C:\\mozilla-build\\buildbotve\\scripts;C:\\mozilla-build\\hg',
17:03:17     INFO -  'PATHEXT': '.COM;.EXE;.BAT;.CMD;.VBS;.VBE;.JS;.JSE;.WSF;.WSH;.MSC',
17:03:17     INFO -  'PROCESSOR_ARCHITECTURE': 'x86',
17:03:17     INFO -  'PROCESSOR_ARCHITEW6432': 'AMD64',
17:03:17     INFO -  'PROCESSOR_IDENTIFIER': 'Intel64 Family 6 Model 30 Stepping 5, GenuineIntel',
17:03:17     INFO -  'PROCESSOR_LEVEL': '6',
17:03:17     INFO -  'PROCESSOR_REVISION': '1e05',
17:03:17     INFO -  'PROGRAMDATA': 'C:\\ProgramData',
17:03:17     INFO -  'PROGRAMFILES': 'C:\\Program Files (x86)',
17:03:17     INFO -  'PROGRAMFILES(X86)': 'C:\\Program Files (x86)',
17:03:17     INFO -  'PROGRAMW6432': 'C:\\Program Files',
17:03:17     INFO -  'PROMPT': '$P$G',
17:03:17     INFO -  'PROPERTIES_FILE': 'C:\\slave\\test/buildprops.json',
17:03:17     INFO -  'PSMODULEPATH': 'C:\\windows\\system32\\WindowsPowerShell\\v1.0\\Modules\\',
17:03:17     INFO -  'PUBLIC': 'C:\\Users\\Public',
17:03:17     INFO -  'PWD': 'C:\\slave\\test',
17:03:17     INFO -  'RUNLOGFILE': 'C:\\slave\\\\runslave.log',
17:03:17     INFO -  'SLAVEDIR': 'C:\\slave\\',
17:03:17     INFO -  'SYSTEMDRIVE': 'C:',
17:03:17     INFO -  'SYSTEMROOT': 'C:\\windows',
17:03:17     INFO -  'TEMP': 'C:\\Users\\CLTBLD~1.001\\AppData\\Local\\Temp',
17:03:17     INFO -  'TEST1': 'testie',
17:03:17     INFO -  'TMP': 'C:\\Users\\CLTBLD~1.001\\AppData\\Local\\Temp',
17:03:17     INFO -  'USERDOMAIN': 'T-W864-IX-019',
17:03:17     INFO -  'USERDOMAIN_ROAMINGPROFILE': 'T-W864-IX-019',
17:03:17     INFO -  'USERNAME': 'cltbld',
17:03:17     INFO -  'USERPROFILE': 'C:\\Users\\cltbld.T-W864-IX-019.001',
17:03:17     INFO -  'WINDIR': 'C:\\windows',
17:03:17     INFO -  'XPCOM_DEBUG_BREAK': 'warn'}
17:03:18     INFO -  Ignoring indexes: https://pypi.python.org/simple
17:03:18     INFO -  Processing c:\slave\test\build\tests\mozbase\manifestparser
17:03:18     INFO -  Processing c:\slave\test\build\tests\mozbase\mozcrash
17:03:18     INFO -  Processing c:\slave\test\build\tests\mozbase\mozdebug
17:03:19     INFO -  Processing c:\slave\test\build\tests\mozbase\mozdevice
17:03:19     INFO -  Processing c:\slave\test\build\tests\mozbase\mozfile
17:03:19     INFO -  Processing c:\slave\test\build\tests\mozbase\mozhttpd
17:03:19     INFO -  Processing c:\slave\test\build\tests\mozbase\mozinfo
17:03:20     INFO -  Processing c:\slave\test\build\tests\mozbase\mozinstall
17:03:20     INFO -  Processing c:\slave\test\build\tests\mozbase\mozleak
17:03:20     INFO -  Processing c:\slave\test\build\tests\mozbase\mozlog
17:03:20     INFO -  Processing c:\slave\test\build\tests\mozbase\moznetwork
17:03:21     INFO -  Processing c:\slave\test\build\tests\mozbase\mozprocess
17:03:21     INFO -  Processing c:\slave\test\build\tests\mozbase\mozprofile
17:03:21     INFO -  Processing c:\slave\test\build\tests\mozbase\mozrunner
17:03:21     INFO -  Processing c:\slave\test\build\tests\mozbase\mozscreenshot
17:03:22     INFO -  Processing c:\slave\test\build\tests\mozbase\moztest
17:03:22     INFO -  Processing c:\slave\test\build\tests\mozbase\mozversion

command interrupted, attempting to kill
17:03:22     INFO -  Processing c:\slave\test\build\tests\tools\wptserve
program finished with exit code 1
elapsedTime=173.194000
The web-page 'stop build' button was pressed by 'rvandermeulen@mozilla.com': Cancelled via self-serve
========= master_lag: 0.21 =========
========= Finished 'c:/mozilla-build/python27/python -u ...' interrupted (results: 4, elapsed: 2 mins, 53 secs) (at 2018-06-08 17:03:22.763857) =========

========= Started set props: build_url (results: 0, elapsed: 0 secs) (at 2018-06-08 17:03:22.767089) =========
'cmd' '/C' 'for' '%f' 'in' '(*)' 'do' '@type' '%f'
 in dir C:\slave\test\properties (timeout 1200 secs)
 watching logfiles {}
 argv: ['cmd', '/C', 'for', '%f', 'in', '(*)', 'do', '@type', '%f']
 environment:
  ALLUSERSPROFILE=C:\ProgramData
  APPDATA=C:\Users\cltbld.T-W864-IX-019.001\AppData\Roaming
  COMMONPROGRAMFILES=C:\Program Files (x86)\Common Files
  COMMONPROGRAMFILES(X86)=C:\Program Files (x86)\Common Files
  COMMONPROGRAMW6432=C:\Program Files\Common Files
  COMPUTERNAME=T-W864-IX-019
  COMSPEC=C:\windows\system32\cmd.exe
  DCLOCATION=SCL3
  DNSSUFFIX=wintest.releng.scl3.mozilla.com
  FP_NO_HOST_CHECK=NO
  HOMEDRIVE=C:
  HOMEPATH=\Users\cltbld.T-W864-IX-019.001
  KTS_HOME=C:\Program Files\KTS
  KTS_VERSION=1.19c
  LOCALAPPDATA=C:\Users\cltbld.T-W864-IX-019.001\AppData\Local
  LOGONSERVER=\\T-W864-IX-019
  MONDIR=C:\Monitor_config\
  MOZBUILDDIR=C:\mozilla-build\
  NUMBER_OF_PROCESSORS=8
  OS=Windows_NT
  OURDRIVE=C:
  PATH=C:\Program Files (x86)\NVIDIA Corporation\PhysX\Common;C:\windows\system32;C:\windows;C:\windows\System32\Wbem;C:\windows\System32\WindowsPowerShell\v1.0\;C:\mozilla-build\python27;C:\mozilla-build\python27\Scripts;C:\mozilla-build\msys\bin;C:\mozilla-build\vim\vim72;C:\mozilla-build\wget;C:\mozilla-build\info-zip;C:\CoreUtils\bin;C:\mozilla-build\buildbotve\scripts;C:\mozilla-build\hg
  PATHEXT=.COM;.EXE;.BAT;.CMD;.VBS;.VBE;.JS;.JSE;.WSF;.WSH;.MSC
  PROCESSOR_ARCHITECTURE=x86
  PROCESSOR_ARCHITEW6432=AMD64
  PROCESSOR_IDENTIFIER=Intel64 Family 6 Model 30 Stepping 5, GenuineIntel
  PROCESSOR_LEVEL=6
  PROCESSOR_REVISION=1e05
  PROGRAMDATA=C:\ProgramData
  PROGRAMFILES=C:\Program Files (x86)
  PROGRAMFILES(X86)=C:\Program Files (x86)
  PROGRAMW6432=C:\Program Files
  PROMPT=$P$G
  PSMODULEPATH=C:\windows\system32\WindowsPowerShell\v1.0\Modules\
  PUBLIC=C:\Users\Public
  PWD=C:\slave\test\properties
  RUNLOGFILE=C:\slave\\runslave.log
  SLAVEDIR=C:\slave\
  SYSTEMDRIVE=C:
  SYSTEMROOT=C:\windows
  TEMP=C:\Users\CLTBLD~1.001\AppData\Local\Temp
  TEST1=testie
  TMP=C:\Users\CLTBLD~1.001\AppData\Local\Temp
  USERDOMAIN=T-W864-IX-019
  USERDOMAIN_ROAMINGPROFILE=T-W864-IX-019
  USERNAME=cltbld
  USERPROFILE=C:\Users\cltbld.T-W864-IX-019.001
  WINDIR=C:\windows
 using PTY: False
build_url:https://queue.taskcluster.net/v1/task/VAgbWLphTjmdh4hh8yTyVw/artifacts/public/build/firefox-52.8.2.en-US.win64.zip
program finished with exit code 0
elapsedTime=0.102000
build_url: 'https://queue.taskcluster.net/v1/task/VAgbWLphTjmdh4hh8yTyVw/artifacts/public/build/firefox-52.8.2.en-US.win64.zip'
========= master_lag: 0.01 =========
========= Finished set props: build_url (results: 0, elapsed: 0 secs) (at 2018-06-08 17:03:22.878917) =========

========= Started 'rm -f ...' (results: 0, elapsed: 0 secs) (at 2018-06-08 17:03:22.879268) =========
'rm' '-f' 'oauth.txt'
 in dir C:\slave\test\. (timeout 1200 secs)
 watching logfiles {}
 argv: ['rm', '-f', 'oauth.txt']
 environment:
  ALLUSERSPROFILE=C:\ProgramData
  APPDATA=C:\Users\cltbld.T-W864-IX-019.001\AppData\Roaming
  COMMONPROGRAMFILES=C:\Program Files (x86)\Common Files
  COMMONPROGRAMFILES(X86)=C:\Program Files (x86)\Common Files
  COMMONPROGRAMW6432=C:\Program Files\Common Files
  COMPUTERNAME=T-W864-IX-019
  COMSPEC=C:\windows\system32\cmd.exe
  DCLOCATION=SCL3
  DNSSUFFIX=wintest.releng.scl3.mozilla.com
  FP_NO_HOST_CHECK=NO
  HOMEDRIVE=C:
  HOMEPATH=\Users\cltbld.T-W864-IX-019.001
  KTS_HOME=C:\Program Files\KTS
  KTS_VERSION=1.19c
  LOCALAPPDATA=C:\Users\cltbld.T-W864-IX-019.001\AppData\Local
  LOGONSERVER=\\T-W864-IX-019
  MONDIR=C:\Monitor_config\
  MOZBUILDDIR=C:\mozilla-build\
  NUMBER_OF_PROCESSORS=8
  OS=Windows_NT
  OURDRIVE=C:
  PATH=C:\Program Files (x86)\NVIDIA Corporation\PhysX\Common;C:\windows\system32;C:\windows;C:\windows\System32\Wbem;C:\windows\System32\WindowsPowerShell\v1.0\;C:\mozilla-build\python27;C:\mozilla-build\python27\Scripts;C:\mozilla-build\msys\bin;C:\mozilla-build\vim\vim72;C:\mozilla-build\wget;C:\mozilla-build\info-zip;C:\CoreUtils\bin;C:\mozilla-build\buildbotve\scripts;C:\mozilla-build\hg
  PATHEXT=.COM;.EXE;.BAT;.CMD;.VBS;.VBE;.JS;.JSE;.WSF;.WSH;.MSC
  PROCESSOR_ARCHITECTURE=x86
  PROCESSOR_ARCHITEW6432=AMD64
  PROCESSOR_IDENTIFIER=Intel64 Family 6 Model 30 Stepping 5, GenuineIntel
  PROCESSOR_LEVEL=6
  PROCESSOR_REVISION=1e05
  PROGRAMDATA=C:\ProgramData
  PROGRAMFILES=C:\Program Files (x86)
  PROGRAMFILES(X86)=C:\Program Files (x86)
  PROGRAMW6432=C:\Program Files
  PROMPT=$P$G
  PSMODULEPATH=C:\windows\system32\WindowsPowerShell\v1.0\Modules\
  PUBLIC=C:\Users\Public
  PWD=C:\slave\test
  RUNLOGFILE=C:\slave\\runslave.log
  SLAVEDIR=C:\slave\
  SYSTEMDRIVE=C:
  SYSTEMROOT=C:\windows
  TEMP=C:\Users\CLTBLD~1.001\AppData\Local\Temp
  TEST1=testie
  TMP=C:\Users\CLTBLD~1.001\AppData\Local\Temp
  USERDOMAIN=T-W864-IX-019
  USERDOMAIN_ROAMINGPROFILE=T-W864-IX-019
  USERNAME=cltbld
  USERPROFILE=C:\Users\cltbld.T-W864-IX-019.001
  WINDIR=C:\windows
 using PTY: False
program finished with exit code 0
elapsedTime=0.101000
========= master_lag: 0.01 =========
========= Finished 'rm -f ...' (results: 0, elapsed: 0 secs) (at 2018-06-08 17:03:22.988848) =========

========= Started reboot slave lost (results: 0, elapsed: 0 secs) (at 2018-06-08 17:03:22.989188) =========

========= Finished reboot slave lost (results: 0, elapsed: 0 secs) (at 2018-06-08 17:03:23.142510) =========

========= Total master_lag: 0.38 =========

