builder: mozilla-esr52_yosemite_r7_test-web-platform-tests-5
slave: t-yosemite-r7-0002
starttime: 1528502250.44
results: cancelled (6)
buildid: 20180608150819
builduid: b298b373e93d4f8dbf92436c9ed838a2
revision: cbfdf01aac455e0591471201c96b89dee98190b5

========= Started set props: master (results: 0, elapsed: 0 secs) (at 2018-06-08 16:57:30.442029) =========
master: http://buildbot-master107.bb.releng.scl3.mozilla.com:8201/
========= Finished set props: master (results: 0, elapsed: 0 secs) (at 2018-06-08 16:57:30.442496) =========

========= Started downloading to buildprops.json (results: 0, elapsed: 0 secs) (at 2018-06-08 16:57:30.442829) =========
========= Finished downloading to buildprops.json (results: 0, elapsed: 0 secs) (at 2018-06-08 16:57:30.456212) =========

========= Started 'bash -c ...' (results: 0, elapsed: 0 secs) (at 2018-06-08 16:57:30.456480) =========
bash -c 'wget -Oarchiver_client.py --no-check-certificate --tries=10 --waitretry=3 https://hg.mozilla.org/build/tools/raw-file/default/buildfarm/utils/archiver_client.py'
 in dir /builds/slave/test/. (timeout 1200 secs)
 watching logfiles {}
 argv: ['bash', '-c', 'wget -Oarchiver_client.py --no-check-certificate --tries=10 --waitretry=3 https://hg.mozilla.org/build/tools/raw-file/default/buildfarm/utils/archiver_client.py']
 environment:
  Apple_PubSub_Socket_Render=/private/tmp/com.apple.launchd.KAtAQzAhUx/Render
  GIT_SHARE_BASE_DIR=/builds/git-shared
  HG_SHARE_BASE_DIR=/builds/hg-shared
  HOME=/Users/cltbld
  IDLEIZER_DISABLE_SHUTDOWN=true
  LOGNAME=cltbld
  PATH=/usr/local/sbin:/usr/local/bin:/usr/sbin:/usr/bin:/sbin:/bin:/usr/bin/X11
  PWD=/builds/slave/test
  RUNNER_CONFIG_CMD=/opt/runner/bin/python2.7 /opt/runner/bin/runner -c /opt/runner/runner.cfg
  SHELL=/bin/bash
  SSH_AUTH_SOCK=/private/tmp/com.apple.launchd.09URtPM7rY/Listeners
  TMPDIR=/var/folders/zn/cd1kk5_j395_6yk0j171qxfh00000w/T/
  TWISTD_LOG_PATH=/builds/slave/twistd.log
  USER=cltbld
  VERSIONER_PYTHON_PREFER_32_BIT=no
  VERSIONER_PYTHON_VERSION=2.7
  XPC_FLAGS=0x0
  XPC_SERVICE_NAME=0
  __CF_USER_TEXT_ENCODING=0x1C:0:0
 using PTY: False
--2018-06-08 16:57:30--  https://hg.mozilla.org/build/tools/raw-file/default/buildfarm/utils/archiver_client.py
Resolving hg.mozilla.org... 63.245.215.102, 63.245.215.25
Connecting to hg.mozilla.org|63.245.215.102|:443... connected.
HTTP request sent, awaiting response... 200 Script output follows
Length: 12179 (12K) [text/x-python]
Saving to: 'archiver_client.py'

     0K .......... .                                          100% 76.9M=0s

2018-06-08 16:57:30 (76.9 MB/s) - 'archiver_client.py' saved [12179/12179]

program finished with exit code 0
elapsedTime=0.109085
========= master_lag: 0.01 =========
========= Finished 'bash -c ...' (results: 0, elapsed: 0 secs) (at 2018-06-08 16:57:30.577274) =========

========= Started 'rm -rf ...' (results: 0, elapsed: 0 secs) (at 2018-06-08 16:57:30.577594) =========
rm -rf scripts properties
 in dir /builds/slave/test/. (timeout 1200 secs)
 watching logfiles {}
 argv: ['rm', '-rf', 'scripts', 'properties']
 environment:
  Apple_PubSub_Socket_Render=/private/tmp/com.apple.launchd.KAtAQzAhUx/Render
  GIT_SHARE_BASE_DIR=/builds/git-shared
  HG_SHARE_BASE_DIR=/builds/hg-shared
  HOME=/Users/cltbld
  IDLEIZER_DISABLE_SHUTDOWN=true
  LOGNAME=cltbld
  PATH=/usr/local/sbin:/usr/local/bin:/usr/sbin:/usr/bin:/sbin:/bin:/usr/bin/X11
  PWD=/builds/slave/test
  RUNNER_CONFIG_CMD=/opt/runner/bin/python2.7 /opt/runner/bin/runner -c /opt/runner/runner.cfg
  SHELL=/bin/bash
  SSH_AUTH_SOCK=/private/tmp/com.apple.launchd.09URtPM7rY/Listeners
  TMPDIR=/var/folders/zn/cd1kk5_j395_6yk0j171qxfh00000w/T/
  TWISTD_LOG_PATH=/builds/slave/twistd.log
  USER=cltbld
  VERSIONER_PYTHON_PREFER_32_BIT=no
  VERSIONER_PYTHON_VERSION=2.7
  XPC_FLAGS=0x0
  XPC_SERVICE_NAME=0
  __CF_USER_TEXT_ENCODING=0x1C:0:0
 using PTY: False
program finished with exit code 0
elapsedTime=0.028985
========= master_lag: 0.02 =========
========= Finished 'rm -rf ...' (results: 0, elapsed: 0 secs) (at 2018-06-08 16:57:30.625503) =========

========= Started 'bash -c ...' (results: 0, elapsed: 1 secs) (at 2018-06-08 16:57:30.625852) =========
bash -c 'python archiver_client.py mozharness --repo releases/mozilla-esr52 --rev cbfdf01aac455e0591471201c96b89dee98190b5 --destination scripts --debug'
 in dir /builds/slave/test/. (timeout 1200 secs)
 watching logfiles {}
 argv: ['bash', '-c', u'python archiver_client.py mozharness --repo releases/mozilla-esr52 --rev cbfdf01aac455e0591471201c96b89dee98190b5 --destination scripts --debug']
 environment:
  Apple_PubSub_Socket_Render=/private/tmp/com.apple.launchd.KAtAQzAhUx/Render
  GIT_SHARE_BASE_DIR=/builds/git-shared
  HG_SHARE_BASE_DIR=/builds/hg-shared
  HOME=/Users/cltbld
  IDLEIZER_DISABLE_SHUTDOWN=true
  LOGNAME=cltbld
  PATH=/usr/local/sbin:/usr/local/bin:/usr/sbin:/usr/bin:/sbin:/bin:/usr/bin/X11
  PWD=/builds/slave/test
  RUNNER_CONFIG_CMD=/opt/runner/bin/python2.7 /opt/runner/bin/runner -c /opt/runner/runner.cfg
  SHELL=/bin/bash
  SSH_AUTH_SOCK=/private/tmp/com.apple.launchd.09URtPM7rY/Listeners
  TMPDIR=/var/folders/zn/cd1kk5_j395_6yk0j171qxfh00000w/T/
  TWISTD_LOG_PATH=/builds/slave/twistd.log
  USER=cltbld
  VERSIONER_PYTHON_PREFER_32_BIT=no
  VERSIONER_PYTHON_VERSION=2.7
  XPC_FLAGS=0x0
  XPC_SERVICE_NAME=0
  __CF_USER_TEXT_ENCODING=0x1C:0:0
 using PTY: False
2018-06-08 16:57:30,717 truncating revision to first 12 chars
2018-06-08 16:57:30,717 Setting DEBUG logging.
2018-06-08 16:57:30,718 attempt 1/10
2018-06-08 16:57:30,718 Getting archive location from https://api.pub.build.mozilla.org/archiver/hgmo/releases/mozilla-esr52/cbfdf01aac45?&preferred_region=us-west-2&suffix=tar.gz&subdir=testing/mozharness
2018-06-08 16:57:31,758 unpacking tar archive at: mozilla-esr52-cbfdf01aac45/testing/mozharness/
program finished with exit code 0
elapsedTime=1.475506
========= master_lag: 0.01 =========
========= Finished 'bash -c ...' (results: 0, elapsed: 1 secs) (at 2018-06-08 16:57:32.112804) =========

========= Started set props: script_repo_revision (results: 0, elapsed: 0 secs) (at 2018-06-08 16:57:32.113108) =========
script_repo_revision: cbfdf01aac455e0591471201c96b89dee98190b5
========= Finished set props: script_repo_revision (results: 0, elapsed: 0 secs) (at 2018-06-08 16:57:32.113492) =========

========= Started downloading to oauth.txt (results: 0, elapsed: 0 secs) (at 2018-06-08 16:57:32.113774) =========
========= Finished downloading to oauth.txt (results: 0, elapsed: 0 secs) (at 2018-06-08 16:57:32.122175) =========

========= Started '/tools/buildbot/bin/python -u ...' interrupted (results: 4, elapsed: 3 mins, 52 secs) (at 2018-06-08 16:57:32.122443) =========
/tools/buildbot/bin/python -u scripts/scripts/web_platform_tests.py --cfg web_platform_tests/prod_config.py --test-type=testharness --total-chunks 5 --this-chunk 5 --blob-upload-branch mozilla-esr52 --download-symbols ondemand
 in dir /builds/slave/test/. (timeout 1800 secs) (maxTime 7200 secs)
 watching logfiles {}
 argv: ['/tools/buildbot/bin/python', '-u', 'scripts/scripts/web_platform_tests.py', '--cfg', 'web_platform_tests/prod_config.py', '--test-type=testharness', '--total-chunks', '5', '--this-chunk', '5', '--blob-upload-branch', 'mozilla-esr52', '--download-symbols', 'ondemand']
 environment:
  Apple_PubSub_Socket_Render=/private/tmp/com.apple.launchd.KAtAQzAhUx/Render
  GIT_SHARE_BASE_DIR=/builds/git-shared
  HG_SHARE_BASE_DIR=/builds/hg-shared
  HOME=/Users/cltbld
  IDLEIZER_DISABLE_SHUTDOWN=true
  LOGNAME=cltbld
  MOZ_HIDE_RESULTS_TABLE=1
  MOZ_NODE_PATH=/usr/local/bin/node
  MOZ_NO_REMOTE=1
  NO_EM_RESTART=1
  NO_FAIL_ON_TEST_ERRORS=1
  PATH=/usr/local/sbin:/usr/local/bin:/usr/sbin:/usr/bin:/sbin:/bin:/usr/bin/X11
  PROPERTIES_FILE=/builds/slave/test/buildprops.json
  PWD=/builds/slave/test
  RUNNER_CONFIG_CMD=/opt/runner/bin/python2.7 /opt/runner/bin/runner -c /opt/runner/runner.cfg
  SHELL=/bin/bash
  SSH_AUTH_SOCK=/private/tmp/com.apple.launchd.09URtPM7rY/Listeners
  TMPDIR=/var/folders/zn/cd1kk5_j395_6yk0j171qxfh00000w/T/
  TWISTD_LOG_PATH=/builds/slave/twistd.log
  USER=cltbld
  VERSIONER_PYTHON_PREFER_32_BIT=no
  VERSIONER_PYTHON_VERSION=2.7
  XPCOM_DEBUG_BREAK=warn
  XPC_FLAGS=0x0
  XPC_SERVICE_NAME=0
  __CF_USER_TEXT_ENCODING=0x1C:0:0
 using PTY: False
16:57:32     INFO - MultiFileLogger online at 20180608 16:57:32 in /builds/slave/test
16:57:32     INFO - Run as scripts/scripts/web_platform_tests.py --cfg web_platform_tests/prod_config.py --test-type=testharness --total-chunks 5 --this-chunk 5 --blob-upload-branch mozilla-esr52 --download-symbols ondemand
16:57:32     INFO - Dumping config to /builds/slave/test/logs/localconfig.json.
16:57:32     INFO - {'allow_software_gl_layers': False,
16:57:32     INFO -  'append_to_log': False,
16:57:32     INFO -  'base_work_dir': '/builds/slave/test',
16:57:32     INFO -  'blob_upload_branch': 'mozilla-esr52',
16:57:32     INFO -  'blob_uploader_auth_file': '/builds/slave/test/oauth.txt',
16:57:32     INFO -  'buildbot_json_path': 'buildprops.json',
16:57:32     INFO -  'config_files': ('web_platform_tests/prod_config.py',),
16:57:32     INFO -  'default_blob_upload_servers': ('https://blobupload.elasticbeanstalk.com',),
16:57:32     INFO -  'download_minidump_stackwalk': True,
16:57:32     INFO -  'download_symbols': 'ondemand',
16:57:32     INFO -  'download_tooltool': True,
16:57:32     INFO -  'e10s': False,
16:57:32     INFO -  'exes': {'python': '/tools/buildbot/bin/python',
16:57:32     INFO -           'tooltool.py': '/tools/tooltool.py',
16:57:32     INFO -           'virtualenv': ('/tools/buildbot/bin/python',
16:57:32     INFO -                          '/tools/misc-python/virtualenv.py')},
16:57:32     INFO -  'find_links': ('http://pypi.pvt.build.mozilla.org/pub',
16:57:32     INFO -                 'http://pypi.pub.build.mozilla.org/pub'),
16:57:32     INFO -  'log_level': 'info',
16:57:32     INFO -  'log_to_console': True,
16:57:32     INFO -  'opt_config_files': (),
16:57:32     INFO -  'options': ('--prefs-root=%(test_path)s/prefs',
16:57:32     INFO -              '--processes=1',
16:57:32     INFO -              '--config=%(test_path)s/wptrunner.ini',
16:57:32     INFO -              '--ca-cert-path=%(test_path)s/certs/cacert.pem',
16:57:32     INFO -              '--host-key-path=%(test_path)s/certs/web-platform.test.key',
16:57:32     INFO -              '--host-cert-path=%(test_path)s/certs/web-platform.test.pem',
16:57:32     INFO -              '--certutil-binary=%(test_install_path)s/bin/certutil'),
16:57:32     INFO -  'pip_index': False,
16:57:32     INFO -  'require_test_zip': True,
16:57:32     INFO -  'test_type': ('testharness',),
16:57:32     INFO -  'this_chunk': '5',
16:57:32     INFO -  'tooltool_cache': '/builds/tooltool_cache',
16:57:32     INFO -  'total_chunks': '5',
16:57:32     INFO -  'virtualenv_path': 'venv',
16:57:32     INFO -  'volatile_config': {'actions': None, 'add_actions': None, 'no_actions': None},
16:57:32     INFO -  'work_dir': 'build'}
16:57:32     INFO - [mozharness: 2018-06-08 23:57:32.325320Z] Running clobber step.
16:57:32     INFO - Running pre-action listener: _resource_record_pre_action
16:57:32     INFO - Running main action method: clobber
16:57:32     INFO - rmtree: /builds/slave/test/build
16:57:32     INFO - retry: Calling rmtree with args: ('/builds/slave/test/build',), kwargs: {}, attempt #1
16:57:34     INFO - Running post-action listener: _resource_record_post_action
16:57:34     INFO - [mozharness: 2018-06-08 23:57:34.948439Z] Finished clobber step (success)
16:57:34     INFO - [mozharness: 2018-06-08 23:57:34.948545Z] Running read-buildbot-config step.
16:57:34     INFO - Running pre-action listener: _resource_record_pre_action
16:57:34     INFO - Running main action method: read_buildbot_config
16:57:34     INFO - Using buildbot properties:
16:57:34     INFO - {
16:57:34     INFO -     "project": "", 
16:57:34     INFO -     "product": "firefox", 
16:57:34     INFO -     "script_repo_revision": "production", 
16:57:34     INFO -     "scheduler": "tests-mozilla-esr52-yosemite_r7-opt-unittest", 
16:57:34     INFO -     "repository": "", 
16:57:34     INFO -     "buildername": "Rev7 MacOSX Yosemite 10.10.5 mozilla-esr52 opt test web-platform-tests-5", 
16:57:34     INFO -     "buildid": "20180608150819", 
16:57:34     INFO -     "pgo_build": "False", 
16:57:34     INFO -     "basedir": "/builds/slave/test", 
16:57:34     INFO -     "buildnumber": 0, 
16:57:34     INFO -     "slavename": "t-yosemite-r7-0002", 
16:57:34     INFO -     "master": "http://buildbot-master107.bb.releng.scl3.mozilla.com:8201/", 
16:57:34     INFO -     "platform": "macosx64", 
16:57:34     INFO -     "branch": "mozilla-esr52", 
16:57:34     INFO -     "revision": "cbfdf01aac455e0591471201c96b89dee98190b5", 
16:57:34     INFO -     "repo_path": "releases/mozilla-esr52", 
16:57:34     INFO -     "moz_repo_path": "", 
16:57:34     INFO -     "stage_platform": "macosx64", 
16:57:34     INFO -     "builduid": "b298b373e93d4f8dbf92436c9ed838a2", 
16:57:34     INFO -     "slavebuilddir": "test"
16:57:34     INFO - }
16:57:34     INFO - Found installer url https://queue.taskcluster.net/v1/task/HHn8t6C8SBmHWYIFt5uc2A/artifacts/public/build/firefox-52.8.2.en-US.mac.dmg.
16:57:34     INFO - Found a test packages url https://queue.taskcluster.net/v1/task/HHn8t6C8SBmHWYIFt5uc2A/artifacts/public/build/firefox-52.8.2.en-US.mac.test_packages.json.
16:57:34     INFO - Running post-action listener: _resource_record_post_action
16:57:34     INFO - [mozharness: 2018-06-08 23:57:34.951998Z] Finished read-buildbot-config step (success)
16:57:34     INFO - [mozharness: 2018-06-08 23:57:34.952090Z] Running download-and-extract step.
16:57:34     INFO - Running pre-action listener: _resource_record_pre_action
16:57:34     INFO - Running main action method: download_and_extract
16:57:34     INFO - mkdir: /builds/slave/test/build/tests
16:57:34     INFO - Downloading https://queue.taskcluster.net/v1/task/HHn8t6C8SBmHWYIFt5uc2A/artifacts/public/build/firefox-52.8.2.en-US.mac.test_packages.json to /builds/slave/test/build/firefox-52.8.2.en-US.mac.test_packages.json
16:57:34     INFO - retry: Calling _download_file with args: (), kwargs: {'url': 'https://queue.taskcluster.net/v1/task/HHn8t6C8SBmHWYIFt5uc2A/artifacts/public/build/firefox-52.8.2.en-US.mac.test_packages.json', 'file_name': '/builds/slave/test/build/firefox-52.8.2.en-US.mac.test_packages.json'}, attempt #1
16:57:35     INFO - Downloaded 1199 bytes.
16:57:35     INFO - Reading from file /builds/slave/test/build/firefox-52.8.2.en-US.mac.test_packages.json
16:57:35     INFO - Using the following test package requirements:
16:57:35     INFO - {u'common': [u'firefox-52.8.2.en-US.mac.common.tests.zip'],
16:57:35     INFO -  u'cppunittest': [u'firefox-52.8.2.en-US.mac.common.tests.zip',
16:57:35     INFO -                   u'firefox-52.8.2.en-US.mac.cppunittest.tests.zip'],
16:57:35     INFO -  u'gtest': [u'firefox-52.8.2.en-US.mac.common.tests.zip',
16:57:35     INFO -             u'firefox-52.8.2.en-US.mac.gtest.tests.zip'],
16:57:35     INFO -  u'jittest': [u'firefox-52.8.2.en-US.mac.common.tests.zip',
16:57:35     INFO -               u'jsshell-mac.zip'],
16:57:35     INFO -  u'mochitest': [u'firefox-52.8.2.en-US.mac.common.tests.zip',
16:57:35     INFO -                 u'firefox-52.8.2.en-US.mac.mochitest.tests.zip'],
16:57:35     INFO -  u'mozbase': [u'firefox-52.8.2.en-US.mac.common.tests.zip'],
16:57:35     INFO -  u'reftest': [u'firefox-52.8.2.en-US.mac.common.tests.zip',
16:57:35     INFO -               u'firefox-52.8.2.en-US.mac.reftest.tests.zip'],
16:57:35     INFO -  u'talos': [u'firefox-52.8.2.en-US.mac.common.tests.zip',
16:57:35     INFO -             u'firefox-52.8.2.en-US.mac.talos.tests.zip'],
16:57:35     INFO -  u'web-platform': [u'firefox-52.8.2.en-US.mac.common.tests.zip',
16:57:35     INFO -                    u'firefox-52.8.2.en-US.mac.web-platform.tests.zip'],
16:57:35     INFO -  u'xpcshell': [u'firefox-52.8.2.en-US.mac.common.tests.zip',
16:57:35     INFO -                u'firefox-52.8.2.en-US.mac.xpcshell.tests.zip']}
16:57:35     INFO - Downloading packages: [u'firefox-52.8.2.en-US.mac.common.tests.zip', u'firefox-52.8.2.en-US.mac.web-platform.tests.zip'] for test suite category: web-platform
16:57:35     INFO - Adding 'mach' for extraction from common.tests zip file
16:57:35     INFO - Adding 'mozinfo.json' for extraction from common.tests zip file
16:57:35     INFO - Downloading and extracting to /builds/slave/test/build/tests these dirs bin/*, config/*, mozbase/*, marionette/*, tools/wptserve/*, web-platform/*, mach, mozinfo.json from https://queue.taskcluster.net/v1/task/HHn8t6C8SBmHWYIFt5uc2A/artifacts/public/build/firefox-52.8.2.en-US.mac.common.tests.zip
16:57:35     INFO - retry: Calling fetch_url_into_memory with args: (), kwargs: {'url': u'https://queue.taskcluster.net/v1/task/HHn8t6C8SBmHWYIFt5uc2A/artifacts/public/build/firefox-52.8.2.en-US.mac.common.tests.zip'}, attempt #1
16:57:35     INFO - Fetch https://queue.taskcluster.net/v1/task/HHn8t6C8SBmHWYIFt5uc2A/artifacts/public/build/firefox-52.8.2.en-US.mac.common.tests.zip into memory
16:57:36     INFO - Http code: 200
16:57:36     INFO - via: 1.1 0576b942ae9f4fc9c0b62b0736e9bfd6.cloudfront.net (CloudFront)
16:57:36     INFO - x-amz-cf-id: NV-KA_8KUVYrjwOVasfgR-Rg-1Q3KXv8o9e2O7DZc7oDoFKBdv64xA==
16:57:36     INFO - x-amz-version-id: UkqyOZq8WNz45.a28JfbTxANLCd8IcMh
16:57:36     INFO - Expected file size: 16042780
16:57:36     INFO - Obtained file size: 16042780
16:57:37     INFO - Downloading and extracting to /builds/slave/test/build/tests these dirs bin/*, config/*, mozbase/*, marionette/*, tools/wptserve/*, web-platform/*, mach, mozinfo.json from https://queue.taskcluster.net/v1/task/HHn8t6C8SBmHWYIFt5uc2A/artifacts/public/build/firefox-52.8.2.en-US.mac.web-platform.tests.zip
16:57:37     INFO - retry: Calling fetch_url_into_memory with args: (), kwargs: {'url': u'https://queue.taskcluster.net/v1/task/HHn8t6C8SBmHWYIFt5uc2A/artifacts/public/build/firefox-52.8.2.en-US.mac.web-platform.tests.zip'}, attempt #1
16:57:37     INFO - Fetch https://queue.taskcluster.net/v1/task/HHn8t6C8SBmHWYIFt5uc2A/artifacts/public/build/firefox-52.8.2.en-US.mac.web-platform.tests.zip into memory
16:57:37     INFO - Http code: 200
16:57:37     INFO - via: 1.1 d01884a3320364227d925bce1a38f0ad.cloudfront.net (CloudFront)
16:57:37     INFO - x-amz-cf-id: 2h2F0f24zSFtjd2CvkeV9VtxpjVjZjXUvHAQue5VEI9My3fVJiZrzQ==
16:57:37     INFO - x-amz-version-id: LYQjhaKRipphfuxVrkIeZK5Lu4qhd5f6
16:57:38     INFO - Expected file size: 43270020
16:57:38     INFO - Obtained file size: 43270020
16:57:49     INFO - Downloading https://queue.taskcluster.net/v1/task/HHn8t6C8SBmHWYIFt5uc2A/artifacts/public/build/firefox-52.8.2.en-US.mac.dmg to /builds/slave/test/build/firefox-52.8.2.en-US.mac.dmg
16:57:49     INFO - retry: Calling _download_file with args: (), kwargs: {'url': 'https://queue.taskcluster.net/v1/task/HHn8t6C8SBmHWYIFt5uc2A/artifacts/public/build/firefox-52.8.2.en-US.mac.dmg', 'file_name': '/builds/slave/test/build/firefox-52.8.2.en-US.mac.dmg'}, attempt #1
16:57:51     INFO - Downloaded 82824028 bytes.
16:57:51     INFO - Setting buildbot property build_url to https://queue.taskcluster.net/v1/task/HHn8t6C8SBmHWYIFt5uc2A/artifacts/public/build/firefox-52.8.2.en-US.mac.dmg
16:57:51     INFO - mkdir: /builds/slave/test/properties
16:57:51     INFO - Writing buildbot properties ['build_url'] to /builds/slave/test/properties/build_url
16:57:51     INFO - Writing to file /builds/slave/test/properties/build_url
16:57:51     INFO - Contents:
16:57:51     INFO -  build_url:https://queue.taskcluster.net/v1/task/HHn8t6C8SBmHWYIFt5uc2A/artifacts/public/build/firefox-52.8.2.en-US.mac.dmg
16:57:52     INFO - Running post-action listener: _resource_record_post_action
16:57:52     INFO - Running post-action listener: set_extra_try_arguments
16:57:52     INFO - [mozharness: 2018-06-08 23:57:52.572060Z] Finished download-and-extract step (success)
16:57:52     INFO - [mozharness: 2018-06-08 23:57:52.572177Z] Running fetch-geckodriver step.
16:57:52     INFO - Running pre-action listener: _resource_record_pre_action
16:57:52     INFO - Running main action method: fetch_geckodriver
16:57:52     INFO - Running post-action listener: _resource_record_post_action
16:57:52     INFO - [mozharness: 2018-06-08 23:57:52.572709Z] Finished fetch-geckodriver step (success)
16:57:52     INFO - [mozharness: 2018-06-08 23:57:52.572838Z] Running create-virtualenv step.
16:57:52     INFO - Running pre-action listener: _pre_create_virtualenv
16:57:52     INFO - Running pre-action listener: _resource_record_pre_action
16:57:52     INFO - Running main action method: create_virtualenv
16:57:52     INFO - Creating virtualenv /builds/slave/test/build/venv
16:57:52     INFO - Running command: ['/tools/buildbot/bin/python', '/builds/slave/test/scripts/external_tools/virtualenv/virtualenv.py', '--always-copy', '/builds/slave/test/build/venv'] in /builds/slave/test/build
16:57:52     INFO - Copy/paste: /tools/buildbot/bin/python /builds/slave/test/scripts/external_tools/virtualenv/virtualenv.py --always-copy /builds/slave/test/build/venv
16:57:52     INFO - Using partial env: {'VIRTUALENV_NO_DOWNLOAD': '1'}
16:57:53     INFO -  Using real prefix '/tools/python27'
16:57:53     INFO -  New python executable in /builds/slave/test/build/venv/bin/python
16:57:55     INFO -  Installing setuptools, pip, wheel...done.
16:57:55     INFO - Return code: 0
16:57:55     INFO - Installing psutil>=3.1.1 into virtualenv /builds/slave/test/build/venv
16:57:55     INFO - retry: Calling run_command with args: [['/builds/slave/test/build/venv/bin/pip', 'install', '--timeout', '120', '--no-index', '--find-links', 'http://pypi.pvt.build.mozilla.org/pub', '--find-links', 'http://pypi.pub.build.mozilla.org/pub', '--trusted-host', 'pypi.pub.build.mozilla.org', '--trusted-host', 'pypi.pvt.build.mozilla.org', 'psutil>=3.1.1']], kwargs: {'error_level': 'warning', 'error_list': [{'substr': 'not found or a compiler error:', 'level': 'warning'}, {'regex': <_sre.SRE_Pattern object at 0x10c9b3b70>, 'level': 'error'}, {'regex': <_sre.SRE_Pattern object at 0x10c9c3d50>, 'level': 'warning'}, {'regex': <_sre.SRE_Pattern object at 0x7fdbdb4bf670>, 'level': 'debug'}, {'substr': 'command not found', 'level': 'error'}, {'regex': <_sre.SRE_Pattern object at 0x10c9dc5e0>, 'level': 'warning'}, {'substr': 'Traceback (most recent call last)', 'level': 'error'}, {'substr': 'SyntaxError: ', 'level': 'error'}, {'substr': 'TypeError: ', 'level': 'error'}, {'substr': 'NameError: ', 'level': 'error'}, {'substr': 'ZeroDivisionError: ', 'level': 'error'}, {'regex': <_sre.SRE_Pattern object at 0x10c9b1540>, 'level': 'critical'}, {'regex': <_sre.SRE_Pattern object at 0x10c93be40>, 'level': 'critical'}], 'cwd': '/builds/slave/test/build', 'env': {'VERSIONER_PYTHON_PREFER_32_BIT': 'no', 'LOGNAME': 'cltbld', 'USER': 'cltbld', 'XPC_SERVICE_NAME': '0', 'PATH': '/usr/local/sbin:/usr/local/bin:/usr/sbin:/usr/bin:/sbin:/bin:/usr/bin/X11', 'HOME': '/Users/cltbld', 'NO_EM_RESTART': '1', 'IDLEIZER_DISABLE_SHUTDOWN': 'true', 'XPCOM_DEBUG_BREAK': 'warn', 'Apple_PubSub_Socket_Render': '/private/tmp/com.apple.launchd.KAtAQzAhUx/Render', 'MOZ_NODE_PATH': '/usr/local/bin/node', 'TWISTD_LOG_PATH': '/builds/slave/twistd.log', 'GIT_SHARE_BASE_DIR': '/builds/git-shared', 'VERSIONER_PYTHON_VERSION': '2.7', 'XPC_FLAGS': '0x0', 'NO_FAIL_ON_TEST_ERRORS': '1', 'HG_SHARE_BASE_DIR': '/builds/hg-shared', 'RUNNER_CONFIG_CMD': '/opt/runner/bin/python2.7 /opt/runner/bin/runner -c /opt/runner/runner.cfg', 'MOZ_NO_REMOTE': '1', 'MOZ_HIDE_RESULTS_TABLE': '1', 'SSH_AUTH_SOCK': '/private/tmp/com.apple.launchd.09URtPM7rY/Listeners', 'SHELL': '/bin/bash', 'TMPDIR': '/var/folders/zn/cd1kk5_j395_6yk0j171qxfh00000w/T/', '__CF_USER_TEXT_ENCODING': '0x1C:0:0', 'PWD': '/builds/slave/test', 'PROPERTIES_FILE': '/builds/slave/test/buildprops.json'}}, attempt #1
16:57:55     INFO - Running command: ['/builds/slave/test/build/venv/bin/pip', 'install', '--timeout', '120', '--no-index', '--find-links', 'http://pypi.pvt.build.mozilla.org/pub', '--find-links', 'http://pypi.pub.build.mozilla.org/pub', '--trusted-host', 'pypi.pub.build.mozilla.org', '--trusted-host', 'pypi.pvt.build.mozilla.org', 'psutil>=3.1.1'] in /builds/slave/test/build
16:57:55     INFO - Copy/paste: /builds/slave/test/build/venv/bin/pip install --timeout 120 --no-index --find-links http://pypi.pvt.build.mozilla.org/pub --find-links http://pypi.pub.build.mozilla.org/pub --trusted-host pypi.pub.build.mozilla.org --trusted-host pypi.pvt.build.mozilla.org psutil>=3.1.1
16:57:55     INFO - Using env: {'Apple_PubSub_Socket_Render': '/private/tmp/com.apple.launchd.KAtAQzAhUx/Render',
16:57:55     INFO -  'GIT_SHARE_BASE_DIR': '/builds/git-shared',
16:57:55     INFO -  'HG_SHARE_BASE_DIR': '/builds/hg-shared',
16:57:55     INFO -  'HOME': '/Users/cltbld',
16:57:55     INFO -  'IDLEIZER_DISABLE_SHUTDOWN': 'true',
16:57:55     INFO -  'LOGNAME': 'cltbld',
16:57:55     INFO -  'MOZ_HIDE_RESULTS_TABLE': '1',
16:57:55     INFO -  'MOZ_NODE_PATH': '/usr/local/bin/node',
16:57:55     INFO -  'MOZ_NO_REMOTE': '1',
16:57:55     INFO -  'NO_EM_RESTART': '1',
16:57:55     INFO -  'NO_FAIL_ON_TEST_ERRORS': '1',
16:57:55     INFO -  'PATH': '/usr/local/sbin:/usr/local/bin:/usr/sbin:/usr/bin:/sbin:/bin:/usr/bin/X11',
16:57:55     INFO -  'PROPERTIES_FILE': '/builds/slave/test/buildprops.json',
16:57:55     INFO -  'PWD': '/builds/slave/test',
16:57:55     INFO -  'RUNNER_CONFIG_CMD': '/opt/runner/bin/python2.7 /opt/runner/bin/runner -c /opt/runner/runner.cfg',
16:57:55     INFO -  'SHELL': '/bin/bash',
16:57:55     INFO -  'SSH_AUTH_SOCK': '/private/tmp/com.apple.launchd.09URtPM7rY/Listeners',
16:57:55     INFO -  'TMPDIR': '/var/folders/zn/cd1kk5_j395_6yk0j171qxfh00000w/T/',
16:57:55     INFO -  'TWISTD_LOG_PATH': '/builds/slave/twistd.log',
16:57:55     INFO -  'USER': 'cltbld',
16:57:55     INFO -  'VERSIONER_PYTHON_PREFER_32_BIT': 'no',
16:57:55     INFO -  'VERSIONER_PYTHON_VERSION': '2.7',
16:57:55     INFO -  'XPCOM_DEBUG_BREAK': 'warn',
16:57:55     INFO -  'XPC_FLAGS': '0x0',
16:57:55     INFO -  'XPC_SERVICE_NAME': '0',
16:57:55     INFO -  '__CF_USER_TEXT_ENCODING': '0x1C:0:0'}
16:57:55     INFO -  Ignoring indexes: https://pypi.python.org/simple
16:57:55     INFO -  Collecting psutil>=3.1.1
16:57:55     INFO -  /builds/slave/test/build/venv/lib/python2.7/site-packages/pip/_vendor/requests/packages/urllib3/util/ssl_.py:318: SNIMissingWarning: An HTTPS request has been made, but the SNI (Subject Name Indication) extension to TLS is not available on this platform. This may cause the server to present an incorrect TLS certificate, which can cause validation failures. You can upgrade to a newer version of Python to solve this. For more information, see https://urllib3.readthedocs.org/en/latest/security.html#snimissingwarning.
16:57:55     INFO -    SNIMissingWarning
16:57:55     INFO -  /builds/slave/test/build/venv/lib/python2.7/site-packages/pip/_vendor/requests/packages/urllib3/util/ssl_.py:122: InsecurePlatformWarning: A true SSLContext object is not available. This prevents urllib3 from configuring SSL appropriately and may cause certain SSL connections to fail. You can upgrade to a newer version of Python to solve this. For more information, see https://urllib3.readthedocs.org/en/latest/security.html#insecureplatformwarning.
16:57:55     INFO -    InsecurePlatformWarning
16:57:56     INFO -  /builds/slave/test/build/venv/lib/python2.7/site-packages/pip/_vendor/requests/packages/urllib3/util/ssl_.py:122: InsecurePlatformWarning: A true SSLContext object is not available. This prevents urllib3 from configuring SSL appropriately and may cause certain SSL connections to fail. You can upgrade to a newer version of Python to solve this. For more information, see https://urllib3.readthedocs.org/en/latest/security.html#insecureplatformwarning.
16:57:56     INFO -    InsecurePlatformWarning
16:57:58     INFO -  Installing collected packages: psutil
16:57:58     INFO -  Successfully installed psutil-5.4.3
16:57:58     INFO - Return code: 0
16:57:58     INFO - Installing mozsystemmonitor==0.3 into virtualenv /builds/slave/test/build/venv
16:57:58     INFO - retry: Calling run_command with args: [['/builds/slave/test/build/venv/bin/pip', 'install', '--timeout', '120', '--no-index', '--find-links', 'http://pypi.pvt.build.mozilla.org/pub', '--find-links', 'http://pypi.pub.build.mozilla.org/pub', '--trusted-host', 'pypi.pub.build.mozilla.org', '--trusted-host', 'pypi.pvt.build.mozilla.org', 'mozsystemmonitor==0.3']], kwargs: {'error_level': 'warning', 'error_list': [{'substr': 'not found or a compiler error:', 'level': 'warning'}, {'regex': <_sre.SRE_Pattern object at 0x10c9b3b70>, 'level': 'error'}, {'regex': <_sre.SRE_Pattern object at 0x10c9c3d50>, 'level': 'warning'}, {'regex': <_sre.SRE_Pattern object at 0x7fdbdb4bf670>, 'level': 'debug'}, {'substr': 'command not found', 'level': 'error'}, {'regex': <_sre.SRE_Pattern object at 0x10c9dc5e0>, 'level': 'warning'}, {'substr': 'Traceback (most recent call last)', 'level': 'error'}, {'substr': 'SyntaxError: ', 'level': 'error'}, {'substr': 'TypeError: ', 'level': 'error'}, {'substr': 'NameError: ', 'level': 'error'}, {'substr': 'ZeroDivisionError: ', 'level': 'error'}, {'regex': <_sre.SRE_Pattern object at 0x10c9b1540>, 'level': 'critical'}, {'regex': <_sre.SRE_Pattern object at 0x10c93be40>, 'level': 'critical'}], 'cwd': '/builds/slave/test/build', 'env': {'VERSIONER_PYTHON_PREFER_32_BIT': 'no', 'LOGNAME': 'cltbld', 'USER': 'cltbld', 'XPC_SERVICE_NAME': '0', 'PATH': '/usr/local/sbin:/usr/local/bin:/usr/sbin:/usr/bin:/sbin:/bin:/usr/bin/X11', 'HOME': '/Users/cltbld', 'NO_EM_RESTART': '1', 'IDLEIZER_DISABLE_SHUTDOWN': 'true', 'XPCOM_DEBUG_BREAK': 'warn', 'Apple_PubSub_Socket_Render': '/private/tmp/com.apple.launchd.KAtAQzAhUx/Render', 'MOZ_NODE_PATH': '/usr/local/bin/node', 'TWISTD_LOG_PATH': '/builds/slave/twistd.log', 'GIT_SHARE_BASE_DIR': '/builds/git-shared', 'VERSIONER_PYTHON_VERSION': '2.7', 'XPC_FLAGS': '0x0', 'NO_FAIL_ON_TEST_ERRORS': '1', 'HG_SHARE_BASE_DIR': '/builds/hg-shared', 'RUNNER_CONFIG_CMD': '/opt/runner/bin/python2.7 /opt/runner/bin/runner -c /opt/runner/runner.cfg', 'MOZ_NO_REMOTE': '1', 'MOZ_HIDE_RESULTS_TABLE': '1', 'SSH_AUTH_SOCK': '/private/tmp/com.apple.launchd.09URtPM7rY/Listeners', 'SHELL': '/bin/bash', 'TMPDIR': '/var/folders/zn/cd1kk5_j395_6yk0j171qxfh00000w/T/', '__CF_USER_TEXT_ENCODING': '0x1C:0:0', 'PWD': '/builds/slave/test', 'PROPERTIES_FILE': '/builds/slave/test/buildprops.json'}}, attempt #1
16:57:58     INFO - Running command: ['/builds/slave/test/build/venv/bin/pip', 'install', '--timeout', '120', '--no-index', '--find-links', 'http://pypi.pvt.build.mozilla.org/pub', '--find-links', 'http://pypi.pub.build.mozilla.org/pub', '--trusted-host', 'pypi.pub.build.mozilla.org', '--trusted-host', 'pypi.pvt.build.mozilla.org', 'mozsystemmonitor==0.3'] in /builds/slave/test/build
16:57:58     INFO - Copy/paste: /builds/slave/test/build/venv/bin/pip install --timeout 120 --no-index --find-links http://pypi.pvt.build.mozilla.org/pub --find-links http://pypi.pub.build.mozilla.org/pub --trusted-host pypi.pub.build.mozilla.org --trusted-host pypi.pvt.build.mozilla.org mozsystemmonitor==0.3
16:57:58     INFO - Using env: {'Apple_PubSub_Socket_Render': '/private/tmp/com.apple.launchd.KAtAQzAhUx/Render',
16:57:58     INFO -  'GIT_SHARE_BASE_DIR': '/builds/git-shared',
16:57:58     INFO -  'HG_SHARE_BASE_DIR': '/builds/hg-shared',
16:57:58     INFO -  'HOME': '/Users/cltbld',
16:57:58     INFO -  'IDLEIZER_DISABLE_SHUTDOWN': 'true',
16:57:58     INFO -  'LOGNAME': 'cltbld',
16:57:58     INFO -  'MOZ_HIDE_RESULTS_TABLE': '1',
16:57:58     INFO -  'MOZ_NODE_PATH': '/usr/local/bin/node',
16:57:58     INFO -  'MOZ_NO_REMOTE': '1',
16:57:58     INFO -  'NO_EM_RESTART': '1',
16:57:58     INFO -  'NO_FAIL_ON_TEST_ERRORS': '1',
16:57:58     INFO -  'PATH': '/usr/local/sbin:/usr/local/bin:/usr/sbin:/usr/bin:/sbin:/bin:/usr/bin/X11',
16:57:58     INFO -  'PROPERTIES_FILE': '/builds/slave/test/buildprops.json',
16:57:58     INFO -  'PWD': '/builds/slave/test',
16:57:58     INFO -  'RUNNER_CONFIG_CMD': '/opt/runner/bin/python2.7 /opt/runner/bin/runner -c /opt/runner/runner.cfg',
16:57:58     INFO -  'SHELL': '/bin/bash',
16:57:58     INFO -  'SSH_AUTH_SOCK': '/private/tmp/com.apple.launchd.09URtPM7rY/Listeners',
16:57:58     INFO -  'TMPDIR': '/var/folders/zn/cd1kk5_j395_6yk0j171qxfh00000w/T/',
16:57:58     INFO -  'TWISTD_LOG_PATH': '/builds/slave/twistd.log',
16:57:58     INFO -  'USER': 'cltbld',
16:57:58     INFO -  'VERSIONER_PYTHON_PREFER_32_BIT': 'no',
16:57:58     INFO -  'VERSIONER_PYTHON_VERSION': '2.7',
16:57:58     INFO -  'XPCOM_DEBUG_BREAK': 'warn',
16:57:58     INFO -  'XPC_FLAGS': '0x0',
16:57:58     INFO -  'XPC_SERVICE_NAME': '0',
16:57:58     INFO -  '__CF_USER_TEXT_ENCODING': '0x1C:0:0'}
16:57:59     INFO -  Ignoring indexes: https://pypi.python.org/simple
16:57:59     INFO -  Collecting mozsystemmonitor==0.3
16:57:59     INFO -  /builds/slave/test/build/venv/lib/python2.7/site-packages/pip/_vendor/requests/packages/urllib3/util/ssl_.py:318: SNIMissingWarning: An HTTPS request has been made, but the SNI (Subject Name Indication) extension to TLS is not available on this platform. This may cause the server to present an incorrect TLS certificate, which can cause validation failures. You can upgrade to a newer version of Python to solve this. For more information, see https://urllib3.readthedocs.org/en/latest/security.html#snimissingwarning.
16:57:59     INFO -    SNIMissingWarning
16:57:59     INFO -  /builds/slave/test/build/venv/lib/python2.7/site-packages/pip/_vendor/requests/packages/urllib3/util/ssl_.py:122: InsecurePlatformWarning: A true SSLContext object is not available. This prevents urllib3 from configuring SSL appropriately and may cause certain SSL connections to fail. You can upgrade to a newer version of Python to solve this. For more information, see https://urllib3.readthedocs.org/en/latest/security.html#insecureplatformwarning.
16:57:59     INFO -    InsecurePlatformWarning
16:57:59     INFO -  /builds/slave/test/build/venv/lib/python2.7/site-packages/pip/_vendor/requests/packages/urllib3/util/ssl_.py:122: InsecurePlatformWarning: A true SSLContext object is not available. This prevents urllib3 from configuring SSL appropriately and may cause certain SSL connections to fail. You can upgrade to a newer version of Python to solve this. For more information, see https://urllib3.readthedocs.org/en/latest/security.html#insecureplatformwarning.
16:57:59     INFO -    InsecurePlatformWarning
16:58:01     INFO -  Requirement already satisfied (use --upgrade to upgrade): psutil>=3.1.1 in ./venv/lib/python2.7/site-packages (from mozsystemmonitor==0.3)
16:58:01     INFO -  Installing collected packages: mozsystemmonitor
16:58:01     INFO -  Successfully installed mozsystemmonitor-0.3
16:58:01     INFO - Return code: 0
16:58:01     INFO - Installing jsonschema==2.5.1 into virtualenv /builds/slave/test/build/venv
16:58:01     INFO - retry: Calling run_command with args: [['/builds/slave/test/build/venv/bin/pip', 'install', '--timeout', '120', '--no-index', '--find-links', 'http://pypi.pvt.build.mozilla.org/pub', '--find-links', 'http://pypi.pub.build.mozilla.org/pub', '--trusted-host', 'pypi.pub.build.mozilla.org', '--trusted-host', 'pypi.pvt.build.mozilla.org', 'jsonschema==2.5.1']], kwargs: {'error_level': 'warning', 'error_list': [{'substr': 'not found or a compiler error:', 'level': 'warning'}, {'regex': <_sre.SRE_Pattern object at 0x10c9b3b70>, 'level': 'error'}, {'regex': <_sre.SRE_Pattern object at 0x10c9c3d50>, 'level': 'warning'}, {'regex': <_sre.SRE_Pattern object at 0x7fdbdb4bf670>, 'level': 'debug'}, {'substr': 'command not found', 'level': 'error'}, {'regex': <_sre.SRE_Pattern object at 0x10c9dc5e0>, 'level': 'warning'}, {'substr': 'Traceback (most recent call last)', 'level': 'error'}, {'substr': 'SyntaxError: ', 'level': 'error'}, {'substr': 'TypeError: ', 'level': 'error'}, {'substr': 'NameError: ', 'level': 'error'}, {'substr': 'ZeroDivisionError: ', 'level': 'error'}, {'regex': <_sre.SRE_Pattern object at 0x10c9b1540>, 'level': 'critical'}, {'regex': <_sre.SRE_Pattern object at 0x10c93be40>, 'level': 'critical'}], 'cwd': '/builds/slave/test/build', 'env': {'VERSIONER_PYTHON_PREFER_32_BIT': 'no', 'LOGNAME': 'cltbld', 'USER': 'cltbld', 'XPC_SERVICE_NAME': '0', 'PATH': '/usr/local/sbin:/usr/local/bin:/usr/sbin:/usr/bin:/sbin:/bin:/usr/bin/X11', 'HOME': '/Users/cltbld', 'NO_EM_RESTART': '1', 'IDLEIZER_DISABLE_SHUTDOWN': 'true', 'XPCOM_DEBUG_BREAK': 'warn', 'Apple_PubSub_Socket_Render': '/private/tmp/com.apple.launchd.KAtAQzAhUx/Render', 'MOZ_NODE_PATH': '/usr/local/bin/node', 'TWISTD_LOG_PATH': '/builds/slave/twistd.log', 'GIT_SHARE_BASE_DIR': '/builds/git-shared', 'VERSIONER_PYTHON_VERSION': '2.7', 'XPC_FLAGS': '0x0', 'NO_FAIL_ON_TEST_ERRORS': '1', 'HG_SHARE_BASE_DIR': '/builds/hg-shared', 'RUNNER_CONFIG_CMD': '/opt/runner/bin/python2.7 /opt/runner/bin/runner -c /opt/runner/runner.cfg', 'MOZ_NO_REMOTE': '1', 'MOZ_HIDE_RESULTS_TABLE': '1', 'SSH_AUTH_SOCK': '/private/tmp/com.apple.launchd.09URtPM7rY/Listeners', 'SHELL': '/bin/bash', 'TMPDIR': '/var/folders/zn/cd1kk5_j395_6yk0j171qxfh00000w/T/', '__CF_USER_TEXT_ENCODING': '0x1C:0:0', 'PWD': '/builds/slave/test', 'PROPERTIES_FILE': '/builds/slave/test/buildprops.json'}}, attempt #1
16:58:01     INFO - Running command: ['/builds/slave/test/build/venv/bin/pip', 'install', '--timeout', '120', '--no-index', '--find-links', 'http://pypi.pvt.build.mozilla.org/pub', '--find-links', 'http://pypi.pub.build.mozilla.org/pub', '--trusted-host', 'pypi.pub.build.mozilla.org', '--trusted-host', 'pypi.pvt.build.mozilla.org', 'jsonschema==2.5.1'] in /builds/slave/test/build
16:58:01     INFO - Copy/paste: /builds/slave/test/build/venv/bin/pip install --timeout 120 --no-index --find-links http://pypi.pvt.build.mozilla.org/pub --find-links http://pypi.pub.build.mozilla.org/pub --trusted-host pypi.pub.build.mozilla.org --trusted-host pypi.pvt.build.mozilla.org jsonschema==2.5.1
16:58:01     INFO - Using env: {'Apple_PubSub_Socket_Render': '/private/tmp/com.apple.launchd.KAtAQzAhUx/Render',
16:58:01     INFO -  'GIT_SHARE_BASE_DIR': '/builds/git-shared',
16:58:01     INFO -  'HG_SHARE_BASE_DIR': '/builds/hg-shared',
16:58:01     INFO -  'HOME': '/Users/cltbld',
16:58:01     INFO -  'IDLEIZER_DISABLE_SHUTDOWN': 'true',
16:58:01     INFO -  'LOGNAME': 'cltbld',
16:58:01     INFO -  'MOZ_HIDE_RESULTS_TABLE': '1',
16:58:01     INFO -  'MOZ_NODE_PATH': '/usr/local/bin/node',
16:58:01     INFO -  'MOZ_NO_REMOTE': '1',
16:58:01     INFO -  'NO_EM_RESTART': '1',
16:58:01     INFO -  'NO_FAIL_ON_TEST_ERRORS': '1',
16:58:01     INFO -  'PATH': '/usr/local/sbin:/usr/local/bin:/usr/sbin:/usr/bin:/sbin:/bin:/usr/bin/X11',
16:58:01     INFO -  'PROPERTIES_FILE': '/builds/slave/test/buildprops.json',
16:58:01     INFO -  'PWD': '/builds/slave/test',
16:58:01     INFO -  'RUNNER_CONFIG_CMD': '/opt/runner/bin/python2.7 /opt/runner/bin/runner -c /opt/runner/runner.cfg',
16:58:01     INFO -  'SHELL': '/bin/bash',
16:58:01     INFO -  'SSH_AUTH_SOCK': '/private/tmp/com.apple.launchd.09URtPM7rY/Listeners',
16:58:01     INFO -  'TMPDIR': '/var/folders/zn/cd1kk5_j395_6yk0j171qxfh00000w/T/',
16:58:01     INFO -  'TWISTD_LOG_PATH': '/builds/slave/twistd.log',
16:58:01     INFO -  'USER': 'cltbld',
16:58:01     INFO -  'VERSIONER_PYTHON_PREFER_32_BIT': 'no',
16:58:01     INFO -  'VERSIONER_PYTHON_VERSION': '2.7',
16:58:01     INFO -  'XPCOM_DEBUG_BREAK': 'warn',
16:58:02     INFO -  'XPC_FLAGS': '0x0',
16:58:02     INFO -  'XPC_SERVICE_NAME': '0',
16:58:02     INFO -  '__CF_USER_TEXT_ENCODING': '0x1C:0:0'}
16:58:02     INFO -  Ignoring indexes: https://pypi.python.org/simple
16:58:02     INFO -  Collecting jsonschema==2.5.1
16:58:02     INFO -  /builds/slave/test/build/venv/lib/python2.7/site-packages/pip/_vendor/requests/packages/urllib3/util/ssl_.py:318: SNIMissingWarning: An HTTPS request has been made, but the SNI (Subject Name Indication) extension to TLS is not available on this platform. This may cause the server to present an incorrect TLS certificate, which can cause validation failures. You can upgrade to a newer version of Python to solve this. For more information, see https://urllib3.readthedocs.org/en/latest/security.html#snimissingwarning.
16:58:02     INFO -    SNIMissingWarning
16:58:02     INFO -  /builds/slave/test/build/venv/lib/python2.7/site-packages/pip/_vendor/requests/packages/urllib3/util/ssl_.py:122: InsecurePlatformWarning: A true SSLContext object is not available. This prevents urllib3 from configuring SSL appropriately and may cause certain SSL connections to fail. You can upgrade to a newer version of Python to solve this. For more information, see https://urllib3.readthedocs.org/en/latest/security.html#insecureplatformwarning.
16:58:02     INFO -    InsecurePlatformWarning
16:58:02     INFO -  /builds/slave/test/build/venv/lib/python2.7/site-packages/pip/_vendor/requests/packages/urllib3/util/ssl_.py:122: InsecurePlatformWarning: A true SSLContext object is not available. This prevents urllib3 from configuring SSL appropriately and may cause certain SSL connections to fail. You can upgrade to a newer version of Python to solve this. For more information, see https://urllib3.readthedocs.org/en/latest/security.html#insecureplatformwarning.
16:58:02     INFO -    InsecurePlatformWarning
16:58:05     INFO -    Downloading https://pypi.pvt.build.mozilla.org/pub/jsonschema-2.5.1-py2.py3-none-any.whl
16:58:05     INFO -  Collecting functools32; python_version == "2.7" (from jsonschema==2.5.1)
16:58:07     INFO -  Installing collected packages: functools32, jsonschema
16:58:07     INFO -  Successfully installed functools32-3.2.3.post2 jsonschema-2.5.1
16:58:07     INFO - Return code: 0
16:58:07     INFO - Installing functools32==3.2.3-2 into virtualenv /builds/slave/test/build/venv
16:58:07     INFO - retry: Calling run_command with args: [['/builds/slave/test/build/venv/bin/pip', 'install', '--timeout', '120', '--no-index', '--find-links', 'http://pypi.pvt.build.mozilla.org/pub', '--find-links', 'http://pypi.pub.build.mozilla.org/pub', '--trusted-host', 'pypi.pub.build.mozilla.org', '--trusted-host', 'pypi.pvt.build.mozilla.org', 'functools32==3.2.3-2']], kwargs: {'error_level': 'warning', 'error_list': [{'substr': 'not found or a compiler error:', 'level': 'warning'}, {'regex': <_sre.SRE_Pattern object at 0x10c9b3b70>, 'level': 'error'}, {'regex': <_sre.SRE_Pattern object at 0x10c9c3d50>, 'level': 'warning'}, {'regex': <_sre.SRE_Pattern object at 0x7fdbdb4bf670>, 'level': 'debug'}, {'substr': 'command not found', 'level': 'error'}, {'regex': <_sre.SRE_Pattern object at 0x10c9dc5e0>, 'level': 'warning'}, {'substr': 'Traceback (most recent call last)', 'level': 'error'}, {'substr': 'SyntaxError: ', 'level': 'error'}, {'substr': 'TypeError: ', 'level': 'error'}, {'substr': 'NameError: ', 'level': 'error'}, {'substr': 'ZeroDivisionError: ', 'level': 'error'}, {'regex': <_sre.SRE_Pattern object at 0x10c9b1540>, 'level': 'critical'}, {'regex': <_sre.SRE_Pattern object at 0x10c93be40>, 'level': 'critical'}], 'cwd': '/builds/slave/test/build', 'env': {'VERSIONER_PYTHON_PREFER_32_BIT': 'no', 'LOGNAME': 'cltbld', 'USER': 'cltbld', 'XPC_SERVICE_NAME': '0', 'PATH': '/usr/local/sbin:/usr/local/bin:/usr/sbin:/usr/bin:/sbin:/bin:/usr/bin/X11', 'HOME': '/Users/cltbld', 'NO_EM_RESTART': '1', 'IDLEIZER_DISABLE_SHUTDOWN': 'true', 'XPCOM_DEBUG_BREAK': 'warn', 'Apple_PubSub_Socket_Render': '/private/tmp/com.apple.launchd.KAtAQzAhUx/Render', 'MOZ_NODE_PATH': '/usr/local/bin/node', 'TWISTD_LOG_PATH': '/builds/slave/twistd.log', 'GIT_SHARE_BASE_DIR': '/builds/git-shared', 'VERSIONER_PYTHON_VERSION': '2.7', 'XPC_FLAGS': '0x0', 'NO_FAIL_ON_TEST_ERRORS': '1', 'HG_SHARE_BASE_DIR': '/builds/hg-shared', 'RUNNER_CONFIG_CMD': '/opt/runner/bin/python2.7 /opt/runner/bin/runner -c /opt/runner/runner.cfg', 'MOZ_NO_REMOTE': '1', 'MOZ_HIDE_RESULTS_TABLE': '1', 'SSH_AUTH_SOCK': '/private/tmp/com.apple.launchd.09URtPM7rY/Listeners', 'SHELL': '/bin/bash', 'TMPDIR': '/var/folders/zn/cd1kk5_j395_6yk0j171qxfh00000w/T/', '__CF_USER_TEXT_ENCODING': '0x1C:0:0', 'PWD': '/builds/slave/test', 'PROPERTIES_FILE': '/builds/slave/test/buildprops.json'}}, attempt #1
16:58:07     INFO - Running command: ['/builds/slave/test/build/venv/bin/pip', 'install', '--timeout', '120', '--no-index', '--find-links', 'http://pypi.pvt.build.mozilla.org/pub', '--find-links', 'http://pypi.pub.build.mozilla.org/pub', '--trusted-host', 'pypi.pub.build.mozilla.org', '--trusted-host', 'pypi.pvt.build.mozilla.org', 'functools32==3.2.3-2'] in /builds/slave/test/build
16:58:07     INFO - Copy/paste: /builds/slave/test/build/venv/bin/pip install --timeout 120 --no-index --find-links http://pypi.pvt.build.mozilla.org/pub --find-links http://pypi.pub.build.mozilla.org/pub --trusted-host pypi.pub.build.mozilla.org --trusted-host pypi.pvt.build.mozilla.org functools32==3.2.3-2
16:58:07     INFO - Using env: {'Apple_PubSub_Socket_Render': '/private/tmp/com.apple.launchd.KAtAQzAhUx/Render',
16:58:07     INFO -  'GIT_SHARE_BASE_DIR': '/builds/git-shared',
16:58:07     INFO -  'HG_SHARE_BASE_DIR': '/builds/hg-shared',
16:58:07     INFO -  'HOME': '/Users/cltbld',
16:58:07     INFO -  'IDLEIZER_DISABLE_SHUTDOWN': 'true',
16:58:07     INFO -  'LOGNAME': 'cltbld',
16:58:07     INFO -  'MOZ_HIDE_RESULTS_TABLE': '1',
16:58:07     INFO -  'MOZ_NODE_PATH': '/usr/local/bin/node',
16:58:07     INFO -  'MOZ_NO_REMOTE': '1',
16:58:07     INFO -  'NO_EM_RESTART': '1',
16:58:07     INFO -  'NO_FAIL_ON_TEST_ERRORS': '1',
16:58:07     INFO -  'PATH': '/usr/local/sbin:/usr/local/bin:/usr/sbin:/usr/bin:/sbin:/bin:/usr/bin/X11',
16:58:07     INFO -  'PROPERTIES_FILE': '/builds/slave/test/buildprops.json',
16:58:07     INFO -  'PWD': '/builds/slave/test',
16:58:07     INFO -  'RUNNER_CONFIG_CMD': '/opt/runner/bin/python2.7 /opt/runner/bin/runner -c /opt/runner/runner.cfg',
16:58:07     INFO -  'SHELL': '/bin/bash',
16:58:07     INFO -  'SSH_AUTH_SOCK': '/private/tmp/com.apple.launchd.09URtPM7rY/Listeners',
16:58:07     INFO -  'TMPDIR': '/var/folders/zn/cd1kk5_j395_6yk0j171qxfh00000w/T/',
16:58:07     INFO -  'TWISTD_LOG_PATH': '/builds/slave/twistd.log',
16:58:07     INFO -  'USER': 'cltbld',
16:58:07     INFO -  'VERSIONER_PYTHON_PREFER_32_BIT': 'no',
16:58:07     INFO -  'VERSIONER_PYTHON_VERSION': '2.7',
16:58:07     INFO -  'XPCOM_DEBUG_BREAK': 'warn',
16:58:07     INFO -  'XPC_FLAGS': '0x0',
16:58:07     INFO -  'XPC_SERVICE_NAME': '0',
16:58:07     INFO -  '__CF_USER_TEXT_ENCODING': '0x1C:0:0'}
16:58:08     INFO -  Ignoring indexes: https://pypi.python.org/simple
16:58:08     INFO -  Requirement already satisfied (use --upgrade to upgrade): functools32==3.2.3-2 in ./venv/lib/python2.7/site-packages
16:58:08     INFO - Return code: 0
16:58:08     INFO - Installing blobuploader==1.2.4 into virtualenv /builds/slave/test/build/venv
16:58:08     INFO - retry: Calling run_command with args: [['/builds/slave/test/build/venv/bin/pip', 'install', '--timeout', '120', '--no-index', '--find-links', 'http://pypi.pvt.build.mozilla.org/pub', '--find-links', 'http://pypi.pub.build.mozilla.org/pub', '--trusted-host', 'pypi.pub.build.mozilla.org', '--trusted-host', 'pypi.pvt.build.mozilla.org', 'blobuploader==1.2.4']], kwargs: {'error_level': 'warning', 'error_list': [{'substr': 'not found or a compiler error:', 'level': 'warning'}, {'regex': <_sre.SRE_Pattern object at 0x10c9b3b70>, 'level': 'error'}, {'regex': <_sre.SRE_Pattern object at 0x10c9c3d50>, 'level': 'warning'}, {'regex': <_sre.SRE_Pattern object at 0x7fdbdb4bf670>, 'level': 'debug'}, {'substr': 'command not found', 'level': 'error'}, {'regex': <_sre.SRE_Pattern object at 0x10c9dc5e0>, 'level': 'warning'}, {'substr': 'Traceback (most recent call last)', 'level': 'error'}, {'substr': 'SyntaxError: ', 'level': 'error'}, {'substr': 'TypeError: ', 'level': 'error'}, {'substr': 'NameError: ', 'level': 'error'}, {'substr': 'ZeroDivisionError: ', 'level': 'error'}, {'regex': <_sre.SRE_Pattern object at 0x10c9b1540>, 'level': 'critical'}, {'regex': <_sre.SRE_Pattern object at 0x10c93be40>, 'level': 'critical'}], 'cwd': '/builds/slave/test/build', 'env': {'VERSIONER_PYTHON_PREFER_32_BIT': 'no', 'LOGNAME': 'cltbld', 'USER': 'cltbld', 'XPC_SERVICE_NAME': '0', 'PATH': '/usr/local/sbin:/usr/local/bin:/usr/sbin:/usr/bin:/sbin:/bin:/usr/bin/X11', 'HOME': '/Users/cltbld', 'NO_EM_RESTART': '1', 'IDLEIZER_DISABLE_SHUTDOWN': 'true', 'XPCOM_DEBUG_BREAK': 'warn', 'Apple_PubSub_Socket_Render': '/private/tmp/com.apple.launchd.KAtAQzAhUx/Render', 'MOZ_NODE_PATH': '/usr/local/bin/node', 'TWISTD_LOG_PATH': '/builds/slave/twistd.log', 'GIT_SHARE_BASE_DIR': '/builds/git-shared', 'VERSIONER_PYTHON_VERSION': '2.7', 'XPC_FLAGS': '0x0', 'NO_FAIL_ON_TEST_ERRORS': '1', 'HG_SHARE_BASE_DIR': '/builds/hg-shared', 'RUNNER_CONFIG_CMD': '/opt/runner/bin/python2.7 /opt/runner/bin/runner -c /opt/runner/runner.cfg', 'MOZ_NO_REMOTE': '1', 'MOZ_HIDE_RESULTS_TABLE': '1', 'SSH_AUTH_SOCK': '/private/tmp/com.apple.launchd.09URtPM7rY/Listeners', 'SHELL': '/bin/bash', 'TMPDIR': '/var/folders/zn/cd1kk5_j395_6yk0j171qxfh00000w/T/', '__CF_USER_TEXT_ENCODING': '0x1C:0:0', 'PWD': '/builds/slave/test', 'PROPERTIES_FILE': '/builds/slave/test/buildprops.json'}}, attempt #1
16:58:08     INFO - Running command: ['/builds/slave/test/build/venv/bin/pip', 'install', '--timeout', '120', '--no-index', '--find-links', 'http://pypi.pvt.build.mozilla.org/pub', '--find-links', 'http://pypi.pub.build.mozilla.org/pub', '--trusted-host', 'pypi.pub.build.mozilla.org', '--trusted-host', 'pypi.pvt.build.mozilla.org', 'blobuploader==1.2.4'] in /builds/slave/test/build
16:58:08     INFO - Copy/paste: /builds/slave/test/build/venv/bin/pip install --timeout 120 --no-index --find-links http://pypi.pvt.build.mozilla.org/pub --find-links http://pypi.pub.build.mozilla.org/pub --trusted-host pypi.pub.build.mozilla.org --trusted-host pypi.pvt.build.mozilla.org blobuploader==1.2.4
16:58:08     INFO - Using env: {'Apple_PubSub_Socket_Render': '/private/tmp/com.apple.launchd.KAtAQzAhUx/Render',
16:58:08     INFO -  'GIT_SHARE_BASE_DIR': '/builds/git-shared',
16:58:08     INFO -  'HG_SHARE_BASE_DIR': '/builds/hg-shared',
16:58:08     INFO -  'HOME': '/Users/cltbld',
16:58:08     INFO -  'IDLEIZER_DISABLE_SHUTDOWN': 'true',
16:58:08     INFO -  'LOGNAME': 'cltbld',
16:58:08     INFO -  'MOZ_HIDE_RESULTS_TABLE': '1',
16:58:08     INFO -  'MOZ_NODE_PATH': '/usr/local/bin/node',
16:58:08     INFO -  'MOZ_NO_REMOTE': '1',
16:58:08     INFO -  'NO_EM_RESTART': '1',
16:58:08     INFO -  'NO_FAIL_ON_TEST_ERRORS': '1',
16:58:08     INFO -  'PATH': '/usr/local/sbin:/usr/local/bin:/usr/sbin:/usr/bin:/sbin:/bin:/usr/bin/X11',
16:58:08     INFO -  'PROPERTIES_FILE': '/builds/slave/test/buildprops.json',
16:58:08     INFO -  'PWD': '/builds/slave/test',
16:58:08     INFO -  'RUNNER_CONFIG_CMD': '/opt/runner/bin/python2.7 /opt/runner/bin/runner -c /opt/runner/runner.cfg',
16:58:08     INFO -  'SHELL': '/bin/bash',
16:58:08     INFO -  'SSH_AUTH_SOCK': '/private/tmp/com.apple.launchd.09URtPM7rY/Listeners',
16:58:08     INFO -  'TMPDIR': '/var/folders/zn/cd1kk5_j395_6yk0j171qxfh00000w/T/',
16:58:08     INFO -  'TWISTD_LOG_PATH': '/builds/slave/twistd.log',
16:58:08     INFO -  'USER': 'cltbld',
16:58:08     INFO -  'VERSIONER_PYTHON_PREFER_32_BIT': 'no',
16:58:08     INFO -  'VERSIONER_PYTHON_VERSION': '2.7',
16:58:08     INFO -  'XPCOM_DEBUG_BREAK': 'warn',
16:58:08     INFO -  'XPC_FLAGS': '0x0',
16:58:08     INFO -  'XPC_SERVICE_NAME': '0',
16:58:08     INFO -  '__CF_USER_TEXT_ENCODING': '0x1C:0:0'}
16:58:08     INFO -  Ignoring indexes: https://pypi.python.org/simple
16:58:08     INFO -  Collecting blobuploader==1.2.4
16:58:08     INFO -  /builds/slave/test/build/venv/lib/python2.7/site-packages/pip/_vendor/requests/packages/urllib3/util/ssl_.py:318: SNIMissingWarning: An HTTPS request has been made, but the SNI (Subject Name Indication) extension to TLS is not available on this platform. This may cause the server to present an incorrect TLS certificate, which can cause validation failures. You can upgrade to a newer version of Python to solve this. For more information, see https://urllib3.readthedocs.org/en/latest/security.html#snimissingwarning.
16:58:08     INFO -    SNIMissingWarning
16:58:08     INFO -  /builds/slave/test/build/venv/lib/python2.7/site-packages/pip/_vendor/requests/packages/urllib3/util/ssl_.py:122: InsecurePlatformWarning: A true SSLContext object is not available. This prevents urllib3 from configuring SSL appropriately and may cause certain SSL connections to fail. You can upgrade to a newer version of Python to solve this. For more information, see https://urllib3.readthedocs.org/en/latest/security.html#insecureplatformwarning.
16:58:08     INFO -    InsecurePlatformWarning
16:58:09     INFO -  /builds/slave/test/build/venv/lib/python2.7/site-packages/pip/_vendor/requests/packages/urllib3/util/ssl_.py:122: InsecurePlatformWarning: A true SSLContext object is not available. This prevents urllib3 from configuring SSL appropriately and may cause certain SSL connections to fail. You can upgrade to a newer version of Python to solve this. For more information, see https://urllib3.readthedocs.org/en/latest/security.html#insecureplatformwarning.
16:58:09     INFO -    InsecurePlatformWarning
16:58:11     INFO -  Collecting docopt==0.6.1 (from blobuploader==1.2.4)
16:58:14     INFO -  Collecting requests==1.2.3. (from blobuploader==1.2.4)
16:58:17     INFO -  Installing collected packages: docopt, requests, blobuploader
16:58:17     INFO -  Successfully installed blobuploader-1.2.4 docopt-0.6.1 requests-1.2.3
16:58:17     INFO - Return code: 0
16:58:17     INFO - Installing None into virtualenv /builds/slave/test/build/venv
16:58:17     INFO - retry: Calling run_command with args: [['/builds/slave/test/build/venv/bin/pip', 'install', '--no-deps', '--timeout', '120', '-r', '/builds/slave/test/build/tests/config/marionette_requirements.txt', '--no-index', '--find-links', 'http://pypi.pvt.build.mozilla.org/pub', '--find-links', 'http://pypi.pub.build.mozilla.org/pub', '--trusted-host', 'pypi.pub.build.mozilla.org', '--trusted-host', 'pypi.pvt.build.mozilla.org']], kwargs: {'error_level': 'warning', 'error_list': [{'substr': 'not found or a compiler error:', 'level': 'warning'}, {'regex': <_sre.SRE_Pattern object at 0x10c9b3b70>, 'level': 'error'}, {'regex': <_sre.SRE_Pattern object at 0x10c9c3d50>, 'level': 'warning'}, {'regex': <_sre.SRE_Pattern object at 0x7fdbdb4bf670>, 'level': 'debug'}, {'substr': 'command not found', 'level': 'error'}, {'regex': <_sre.SRE_Pattern object at 0x10c9dc5e0>, 'level': 'warning'}, {'substr': 'Traceback (most recent call last)', 'level': 'error'}, {'substr': 'SyntaxError: ', 'level': 'error'}, {'substr': 'TypeError: ', 'level': 'error'}, {'substr': 'NameError: ', 'level': 'error'}, {'substr': 'ZeroDivisionError: ', 'level': 'error'}, {'regex': <_sre.SRE_Pattern object at 0x10c9b1540>, 'level': 'critical'}, {'regex': <_sre.SRE_Pattern object at 0x10c93be40>, 'level': 'critical'}], 'cwd': '/builds/slave/test/build/tests/config', 'env': {'VERSIONER_PYTHON_PREFER_32_BIT': 'no', 'LOGNAME': 'cltbld', 'USER': 'cltbld', 'XPC_SERVICE_NAME': '0', 'PATH': '/usr/local/sbin:/usr/local/bin:/usr/sbin:/usr/bin:/sbin:/bin:/usr/bin/X11', 'HOME': '/Users/cltbld', 'NO_EM_RESTART': '1', 'IDLEIZER_DISABLE_SHUTDOWN': 'true', 'XPCOM_DEBUG_BREAK': 'warn', 'Apple_PubSub_Socket_Render': '/private/tmp/com.apple.launchd.KAtAQzAhUx/Render', 'MOZ_NODE_PATH': '/usr/local/bin/node', 'TWISTD_LOG_PATH': '/builds/slave/twistd.log', 'GIT_SHARE_BASE_DIR': '/builds/git-shared', 'VERSIONER_PYTHON_VERSION': '2.7', 'XPC_FLAGS': '0x0', 'NO_FAIL_ON_TEST_ERRORS': '1', 'HG_SHARE_BASE_DIR': '/builds/hg-shared', 'RUNNER_CONFIG_CMD': '/opt/runner/bin/python2.7 /opt/runner/bin/runner -c /opt/runner/runner.cfg', 'MOZ_NO_REMOTE': '1', 'MOZ_HIDE_RESULTS_TABLE': '1', 'SSH_AUTH_SOCK': '/private/tmp/com.apple.launchd.09URtPM7rY/Listeners', 'SHELL': '/bin/bash', 'TMPDIR': '/var/folders/zn/cd1kk5_j395_6yk0j171qxfh00000w/T/', '__CF_USER_TEXT_ENCODING': '0x1C:0:0', 'PWD': '/builds/slave/test', 'PROPERTIES_FILE': '/builds/slave/test/buildprops.json'}}, attempt #1
16:58:17     INFO - Running command: ['/builds/slave/test/build/venv/bin/pip', 'install', '--no-deps', '--timeout', '120', '-r', '/builds/slave/test/build/tests/config/marionette_requirements.txt', '--no-index', '--find-links', 'http://pypi.pvt.build.mozilla.org/pub', '--find-links', 'http://pypi.pub.build.mozilla.org/pub', '--trusted-host', 'pypi.pub.build.mozilla.org', '--trusted-host', 'pypi.pvt.build.mozilla.org'] in /builds/slave/test/build/tests/config
16:58:17     INFO - Copy/paste: /builds/slave/test/build/venv/bin/pip install --no-deps --timeout 120 -r /builds/slave/test/build/tests/config/marionette_requirements.txt --no-index --find-links http://pypi.pvt.build.mozilla.org/pub --find-links http://pypi.pub.build.mozilla.org/pub --trusted-host pypi.pub.build.mozilla.org --trusted-host pypi.pvt.build.mozilla.org
16:58:17     INFO - Using env: {'Apple_PubSub_Socket_Render': '/private/tmp/com.apple.launchd.KAtAQzAhUx/Render',
16:58:17     INFO -  'GIT_SHARE_BASE_DIR': '/builds/git-shared',
16:58:17     INFO -  'HG_SHARE_BASE_DIR': '/builds/hg-shared',
16:58:17     INFO -  'HOME': '/Users/cltbld',
16:58:17     INFO -  'IDLEIZER_DISABLE_SHUTDOWN': 'true',
16:58:17     INFO -  'LOGNAME': 'cltbld',
16:58:17     INFO -  'MOZ_HIDE_RESULTS_TABLE': '1',
16:58:17     INFO -  'MOZ_NODE_PATH': '/usr/local/bin/node',
16:58:17     INFO -  'MOZ_NO_REMOTE': '1',
16:58:17     INFO -  'NO_EM_RESTART': '1',
16:58:17     INFO -  'NO_FAIL_ON_TEST_ERRORS': '1',
16:58:17     INFO -  'PATH': '/usr/local/sbin:/usr/local/bin:/usr/sbin:/usr/bin:/sbin:/bin:/usr/bin/X11',
16:58:17     INFO -  'PROPERTIES_FILE': '/builds/slave/test/buildprops.json',
16:58:17     INFO -  'PWD': '/builds/slave/test',
16:58:17     INFO -  'RUNNER_CONFIG_CMD': '/opt/runner/bin/python2.7 /opt/runner/bin/runner -c /opt/runner/runner.cfg',
16:58:17     INFO -  'SHELL': '/bin/bash',
16:58:17     INFO -  'SSH_AUTH_SOCK': '/private/tmp/com.apple.launchd.09URtPM7rY/Listeners',
16:58:17     INFO -  'TMPDIR': '/var/folders/zn/cd1kk5_j395_6yk0j171qxfh00000w/T/',
16:58:17     INFO -  'TWISTD_LOG_PATH': '/builds/slave/twistd.log',
16:58:17     INFO -  'USER': 'cltbld',
16:58:17     INFO -  'VERSIONER_PYTHON_PREFER_32_BIT': 'no',
16:58:17     INFO -  'VERSIONER_PYTHON_VERSION': '2.7',
16:58:17     INFO -  'XPCOM_DEBUG_BREAK': 'warn',
16:58:17     INFO -  'XPC_FLAGS': '0x0',
16:58:17     INFO -  'XPC_SERVICE_NAME': '0',
16:58:17     INFO -  '__CF_USER_TEXT_ENCODING': '0x1C:0:0'}
16:58:17     INFO -  Ignoring indexes: https://pypi.python.org/simple
16:58:17     INFO -  Processing /builds/slave/test/build/tests/mozbase/manifestparser
16:58:18     INFO -  Processing /builds/slave/test/build/tests/mozbase/mozcrash
16:58:18     INFO -  Processing /builds/slave/test/build/tests/mozbase/mozdebug
16:58:18     INFO -  Processing /builds/slave/test/build/tests/mozbase/mozdevice
16:58:18     INFO -  Processing /builds/slave/test/build/tests/mozbase/mozfile
16:58:19     INFO -  Processing /builds/slave/test/build/tests/mozbase/mozhttpd
16:58:19     INFO -  Processing /builds/slave/test/build/tests/mozbase/mozinfo
16:58:19     INFO -  Processing /builds/slave/test/build/tests/mozbase/mozinstall
16:58:19     INFO -  Processing /builds/slave/test/build/tests/mozbase/mozleak
16:58:20     INFO -  Processing /builds/slave/test/build/tests/mozbase/mozlog
16:58:20     INFO -  Processing /builds/slave/test/build/tests/mozbase/moznetwork
16:58:20     INFO -  Processing /builds/slave/test/build/tests/mozbase/mozprocess
16:58:20     INFO -  Processing /builds/slave/test/build/tests/mozbase/mozprofile
16:58:21     INFO -  Processing /builds/slave/test/build/tests/mozbase/mozrunner
16:58:21     INFO -  Processing /builds/slave/test/build/tests/mozbase/mozscreenshot
16:58:21     INFO -  Processing /builds/slave/test/build/tests/mozbase/moztest
16:58:21     INFO -  Processing /builds/slave/test/build/tests/mozbase/mozversion
16:58:22     INFO -  Processing /builds/slave/test/build/tests/tools/wptserve
16:58:22     INFO -  Processing /builds/slave/test/build/tests/marionette/client
16:58:22     INFO -  Processing /builds/slave/test/build/tests/marionette/harness/marionette_harness/runner/mixins/browsermob-proxy-py
16:58:22     INFO -  Processing /builds/slave/test/build/tests/marionette/harness
16:58:23     INFO -  Processing /builds/slave/test/build/tests/marionette/puppeteer/firefox
16:58:23     INFO -  Building wheels for collected packages: browsermob-proxy
16:58:23     INFO -    Running setup.py bdist_wheel for browsermob-proxy: started
16:58:23     INFO -    Running setup.py bdist_wheel for browsermob-proxy: finished with status 'done'
16:58:23     INFO -    Stored in directory: /Users/cltbld/Library/Caches/pip/wheels/10/00/c1/79bb793b6a7eb4dca9dfd244010f550ae5044951bcd23c261e
16:58:23     INFO -  Successfully built browsermob-proxy
16:58:23     INFO -  Installing collected packages: manifestparser, mozcrash, mozdebug, mozdevice, mozfile, mozhttpd, mozinfo, mozInstall, mozleak, mozlog, moznetwork, mozprocess, mozprofile, mozrunner, mozscreenshot, moztest, mozversion, wptserve, marionette-driver, browsermob-proxy, marionette-harness, firefox-puppeteer
16:58:23     INFO -    Running setup.py install for manifestparser: started
16:58:23     INFO -      Running setup.py install for manifestparser: finished with status 'done'
16:58:23     INFO -    Running setup.py install for mozcrash: started
16:58:24     INFO -      Running setup.py install for mozcrash: finished with status 'done'
16:58:24     INFO -    Running setup.py install for mozdebug: started
16:58:24     INFO -      Running setup.py install for mozdebug: finished with status 'done'
16:58:24     INFO -    Running setup.py install for mozdevice: started
16:58:24     INFO -      Running setup.py install for mozdevice: finished with status 'done'
16:58:24     INFO -    Running setup.py install for mozfile: started
16:58:25     INFO -      Running setup.py install for mozfile: finished with status 'done'
16:58:25     INFO -    Running setup.py install for mozhttpd: started
16:58:25     INFO -      Running setup.py install for mozhttpd: finished with status 'done'
16:58:25     INFO -    Running setup.py install for mozinfo: started
16:58:25     INFO -      Running setup.py install for mozinfo: finished with status 'done'
16:58:25     INFO -    Running setup.py install for mozInstall: started
16:58:25     INFO -      Running setup.py install for mozInstall: finished with status 'done'
16:58:25     INFO -    Running setup.py install for mozleak: started
16:58:26     INFO -      Running setup.py install for mozleak: finished with status 'done'
16:58:26     INFO -    Running setup.py install for mozlog: started
16:58:26     INFO -      Running setup.py install for mozlog: finished with status 'done'
16:58:26     INFO -    Running setup.py install for moznetwork: started
16:58:26     INFO -      Running setup.py install for moznetwork: finished with status 'done'
16:58:26     INFO -    Running setup.py install for mozprocess: started
16:58:27     INFO -      Running setup.py install for mozprocess: finished with status 'done'
16:58:27     INFO -    Running setup.py install for mozprofile: started
16:58:27     INFO -      Running setup.py install for mozprofile: finished with status 'done'
16:58:27     INFO -    Running setup.py install for mozrunner: started
16:58:27     INFO -      Running setup.py install for mozrunner: finished with status 'done'
16:58:27     INFO -    Running setup.py install for mozscreenshot: started
16:58:27     INFO -      Running setup.py install for mozscreenshot: finished with status 'done'
16:58:27     INFO -    Running setup.py install for moztest: started
16:58:28     INFO -      Running setup.py install for moztest: finished with status 'done'
16:58:28     INFO -    Running setup.py install for mozversion: started
16:58:28     INFO -      Running setup.py install for mozversion: finished with status 'done'
16:58:28     INFO -    Running setup.py install for wptserve: started
16:58:28     INFO -      Running setup.py install for wptserve: finished with status 'done'
16:58:28     INFO -    Running setup.py install for marionette-driver: started
16:58:29     INFO -      Running setup.py install for marionette-driver: finished with status 'done'
16:58:29     INFO -    Running setup.py install for marionette-harness: started
16:58:29     INFO -      Running setup.py install for marionette-harness: finished with status 'done'
16:58:29     INFO -    Running setup.py install for firefox-puppeteer: started
16:58:29     INFO -      Running setup.py install for firefox-puppeteer: finished with status 'done'
16:58:30     INFO -  Successfully installed browsermob-proxy-0.6.0 firefox-puppeteer-52.1.0 manifestparser-1.1 marionette-driver-2.2.0 marionette-harness-4.0.0 mozInstall-1.12 mozcrash-1.0 mozdebug-0.1 mozdevice-0.48 mozfile-1.2 mozhttpd-0.7 mozinfo-0.9 mozleak-0.1 mozlog-3.4 moznetwork-0.27 mozprocess-0.23 mozprofile-0.28 mozrunner-6.13 mozscreenshot-0.1 moztest-0.8 mozversion-1.4 wptserve-1.4.0
16:58:30     INFO - Return code: 0
16:58:30     INFO - Installing None into virtualenv /builds/slave/test/build/venv
16:58:31     INFO - retry: Calling run_command with args: [['/builds/slave/test/build/venv/bin/pip', 'install', '--timeout', '120', '-r', '/builds/slave/test/build/tests/config/marionette_requirements.txt', '--no-index', '--find-links', 'http://pypi.pvt.build.mozilla.org/pub', '--find-links', 'http://pypi.pub.build.mozilla.org/pub', '--trusted-host', 'pypi.pub.build.mozilla.org', '--trusted-host', 'pypi.pvt.build.mozilla.org']], kwargs: {'error_level': 'warning', 'error_list': [{'substr': 'not found or a compiler error:', 'level': 'warning'}, {'regex': <_sre.SRE_Pattern object at 0x10c9b3b70>, 'level': 'error'}, {'regex': <_sre.SRE_Pattern object at 0x10c9c3d50>, 'level': 'warning'}, {'regex': <_sre.SRE_Pattern object at 0x7fdbdb4bf670>, 'level': 'debug'}, {'substr': 'command not found', 'level': 'error'}, {'regex': <_sre.SRE_Pattern object at 0x10c9dc5e0>, 'level': 'warning'}, {'substr': 'Traceback (most recent call last)', 'level': 'error'}, {'substr': 'SyntaxError: ', 'level': 'error'}, {'substr': 'TypeError: ', 'level': 'error'}, {'substr': 'NameError: ', 'level': 'error'}, {'substr': 'ZeroDivisionError: ', 'level': 'error'}, {'regex': <_sre.SRE_Pattern object at 0x10c9b1540>, 'level': 'critical'}, {'regex': <_sre.SRE_Pattern object at 0x10c93be40>, 'level': 'critical'}], 'cwd': '/builds/slave/test/build/tests/config', 'env': {'VERSIONER_PYTHON_PREFER_32_BIT': 'no', 'LOGNAME': 'cltbld', 'USER': 'cltbld', 'XPC_SERVICE_NAME': '0', 'PATH': '/usr/local/sbin:/usr/local/bin:/usr/sbin:/usr/bin:/sbin:/bin:/usr/bin/X11', 'HOME': '/Users/cltbld', 'NO_EM_RESTART': '1', 'IDLEIZER_DISABLE_SHUTDOWN': 'true', 'XPCOM_DEBUG_BREAK': 'warn', 'Apple_PubSub_Socket_Render': '/private/tmp/com.apple.launchd.KAtAQzAhUx/Render', 'MOZ_NODE_PATH': '/usr/local/bin/node', 'TWISTD_LOG_PATH': '/builds/slave/twistd.log', 'GIT_SHARE_BASE_DIR': '/builds/git-shared', 'VERSIONER_PYTHON_VERSION': '2.7', 'XPC_FLAGS': '0x0', 'NO_FAIL_ON_TEST_ERRORS': '1', 'HG_SHARE_BASE_DIR': '/builds/hg-shared', 'RUNNER_CONFIG_CMD': '/opt/runner/bin/python2.7 /opt/runner/bin/runner -c /opt/runner/runner.cfg', 'MOZ_NO_REMOTE': '1', 'MOZ_HIDE_RESULTS_TABLE': '1', 'SSH_AUTH_SOCK': '/private/tmp/com.apple.launchd.09URtPM7rY/Listeners', 'SHELL': '/bin/bash', 'TMPDIR': '/var/folders/zn/cd1kk5_j395_6yk0j171qxfh00000w/T/', '__CF_USER_TEXT_ENCODING': '0x1C:0:0', 'PWD': '/builds/slave/test', 'PROPERTIES_FILE': '/builds/slave/test/buildprops.json'}}, attempt #1
16:58:31     INFO - Running command: ['/builds/slave/test/build/venv/bin/pip', 'install', '--timeout', '120', '-r', '/builds/slave/test/build/tests/config/marionette_requirements.txt', '--no-index', '--find-links', 'http://pypi.pvt.build.mozilla.org/pub', '--find-links', 'http://pypi.pub.build.mozilla.org/pub', '--trusted-host', 'pypi.pub.build.mozilla.org', '--trusted-host', 'pypi.pvt.build.mozilla.org'] in /builds/slave/test/build/tests/config
16:58:31     INFO - Copy/paste: /builds/slave/test/build/venv/bin/pip install --timeout 120 -r /builds/slave/test/build/tests/config/marionette_requirements.txt --no-index --find-links http://pypi.pvt.build.mozilla.org/pub --find-links http://pypi.pub.build.mozilla.org/pub --trusted-host pypi.pub.build.mozilla.org --trusted-host pypi.pvt.build.mozilla.org
16:58:31     INFO - Using env: {'Apple_PubSub_Socket_Render': '/private/tmp/com.apple.launchd.KAtAQzAhUx/Render',
16:58:31     INFO -  'GIT_SHARE_BASE_DIR': '/builds/git-shared',
16:58:31     INFO -  'HG_SHARE_BASE_DIR': '/builds/hg-shared',
16:58:31     INFO -  'HOME': '/Users/cltbld',
16:58:31     INFO -  'IDLEIZER_DISABLE_SHUTDOWN': 'true',
16:58:31     INFO -  'LOGNAME': 'cltbld',
16:58:31     INFO -  'MOZ_HIDE_RESULTS_TABLE': '1',
16:58:31     INFO -  'MOZ_NODE_PATH': '/usr/local/bin/node',
16:58:31     INFO -  'MOZ_NO_REMOTE': '1',
16:58:31     INFO -  'NO_EM_RESTART': '1',
16:58:31     INFO -  'NO_FAIL_ON_TEST_ERRORS': '1',
16:58:31     INFO -  'PATH': '/usr/local/sbin:/usr/local/bin:/usr/sbin:/usr/bin:/sbin:/bin:/usr/bin/X11',
16:58:31     INFO -  'PROPERTIES_FILE': '/builds/slave/test/buildprops.json',
16:58:31     INFO -  'PWD': '/builds/slave/test',
16:58:31     INFO -  'RUNNER_CONFIG_CMD': '/opt/runner/bin/python2.7 /opt/runner/bin/runner -c /opt/runner/runner.cfg',
16:58:31     INFO -  'SHELL': '/bin/bash',
16:58:31     INFO -  'SSH_AUTH_SOCK': '/private/tmp/com.apple.launchd.09URtPM7rY/Listeners',
16:58:31     INFO -  'TMPDIR': '/var/folders/zn/cd1kk5_j395_6yk0j171qxfh00000w/T/',
16:58:31     INFO -  'TWISTD_LOG_PATH': '/builds/slave/twistd.log',
16:58:31     INFO -  'USER': 'cltbld',
16:58:31     INFO -  'VERSIONER_PYTHON_PREFER_32_BIT': 'no',
16:58:31     INFO -  'VERSIONER_PYTHON_VERSION': '2.7',
16:58:31     INFO -  'XPCOM_DEBUG_BREAK': 'warn',
16:58:31     INFO -  'XPC_FLAGS': '0x0',
16:58:31     INFO -  'XPC_SERVICE_NAME': '0',
16:58:31     INFO -  '__CF_USER_TEXT_ENCODING': '0x1C:0:0'}
16:58:31     INFO -  Ignoring indexes: https://pypi.python.org/simple
16:58:31     INFO -  Processing /builds/slave/test/build/tests/mozbase/manifestparser
16:58:31     INFO -    Requirement already satisfied (use --upgrade to upgrade): manifestparser==1.1 from file:///builds/slave/test/build/tests/mozbase/manifestparser in /builds/slave/test/build/venv/lib/python2.7/site-packages (from -r /builds/slave/test/build/tests/config/mozbase_requirements.txt (line 1))
16:58:31     INFO -  Processing /builds/slave/test/build/tests/mozbase/mozcrash
16:58:32     INFO -    Requirement already satisfied (use --upgrade to upgrade): mozcrash==1.0 from file:///builds/slave/test/build/tests/mozbase/mozcrash in /builds/slave/test/build/venv/lib/python2.7/site-packages (from -r /builds/slave/test/build/tests/config/mozbase_requirements.txt (line 2))
16:58:32     INFO -  Processing /builds/slave/test/build/tests/mozbase/mozdebug
16:58:32     INFO -    Requirement already satisfied (use --upgrade to upgrade): mozdebug==0.1 from file:///builds/slave/test/build/tests/mozbase/mozdebug in /builds/slave/test/build/venv/lib/python2.7/site-packages (from -r /builds/slave/test/build/tests/config/mozbase_requirements.txt (line 3))
16:58:32     INFO -  Processing /builds/slave/test/build/tests/mozbase/mozdevice
16:58:32     INFO -    Requirement already satisfied (use --upgrade to upgrade): mozdevice==0.48 from file:///builds/slave/test/build/tests/mozbase/mozdevice in /builds/slave/test/build/venv/lib/python2.7/site-packages (from -r /builds/slave/test/build/tests/config/mozbase_requirements.txt (line 4))
16:58:32     INFO -  Processing /builds/slave/test/build/tests/mozbase/mozfile
16:58:32     INFO -    Requirement already satisfied (use --upgrade to upgrade): mozfile==1.2 from file:///builds/slave/test/build/tests/mozbase/mozfile in /builds/slave/test/build/venv/lib/python2.7/site-packages (from -r /builds/slave/test/build/tests/config/mozbase_requirements.txt (line 5))
16:58:32     INFO -  Processing /builds/slave/test/build/tests/mozbase/mozhttpd
16:58:33     INFO -    Requirement already satisfied (use --upgrade to upgrade): mozhttpd==0.7 from file:///builds/slave/test/build/tests/mozbase/mozhttpd in /builds/slave/test/build/venv/lib/python2.7/site-packages (from -r /builds/slave/test/build/tests/config/mozbase_requirements.txt (line 6))
16:58:33     INFO -  Processing /builds/slave/test/build/tests/mozbase/mozinfo
16:58:33     INFO -    Requirement already satisfied (use --upgrade to upgrade): mozinfo==0.9 from file:///builds/slave/test/build/tests/mozbase/mozinfo in /builds/slave/test/build/venv/lib/python2.7/site-packages (from -r /builds/slave/test/build/tests/config/mozbase_requirements.txt (line 7))
16:58:33     INFO -  Processing /builds/slave/test/build/tests/mozbase/mozinstall
16:58:33     INFO -    Requirement already satisfied (use --upgrade to upgrade): mozInstall==1.12 from file:///builds/slave/test/build/tests/mozbase/mozinstall in /builds/slave/test/build/venv/lib/python2.7/site-packages (from -r /builds/slave/test/build/tests/config/mozbase_requirements.txt (line 8))
16:58:33     INFO -  Processing /builds/slave/test/build/tests/mozbase/mozleak
16:58:33     INFO -    Requirement already satisfied (use --upgrade to upgrade): mozleak==0.1 from file:///builds/slave/test/build/tests/mozbase/mozleak in /builds/slave/test/build/venv/lib/python2.7/site-packages (from -r /builds/slave/test/build/tests/config/mozbase_requirements.txt (line 9))
16:58:33     INFO -  Processing /builds/slave/test/build/tests/mozbase/mozlog
16:58:34     INFO -    Requirement already satisfied (use --upgrade to upgrade): mozlog==3.4 from file:///builds/slave/test/build/tests/mozbase/mozlog in /builds/slave/test/build/venv/lib/python2.7/site-packages (from -r /builds/slave/test/build/tests/config/mozbase_requirements.txt (line 10))
16:58:34     INFO -  Processing /builds/slave/test/build/tests/mozbase/moznetwork
16:58:34     INFO -    Requirement already satisfied (use --upgrade to upgrade): moznetwork==0.27 from file:///builds/slave/test/build/tests/mozbase/moznetwork in /builds/slave/test/build/venv/lib/python2.7/site-packages (from -r /builds/slave/test/build/tests/config/mozbase_requirements.txt (line 11))
16:58:34     INFO -  Processing /builds/slave/test/build/tests/mozbase/mozprocess
16:58:34     INFO -    Requirement already satisfied (use --upgrade to upgrade): mozprocess==0.23 from file:///builds/slave/test/build/tests/mozbase/mozprocess in /builds/slave/test/build/venv/lib/python2.7/site-packages (from -r /builds/slave/test/build/tests/config/mozbase_requirements.txt (line 12))
16:58:34     INFO -  Processing /builds/slave/test/build/tests/mozbase/mozprofile
16:58:34     INFO -    Requirement already satisfied (use --upgrade to upgrade): mozprofile==0.28 from file:///builds/slave/test/build/tests/mozbase/mozprofile in /builds/slave/test/build/venv/lib/python2.7/site-packages (from -r /builds/slave/test/build/tests/config/mozbase_requirements.txt (line 13))
16:58:34     INFO -  Processing /builds/slave/test/build/tests/mozbase/mozrunner
16:58:35     INFO -    Requirement already satisfied (use --upgrade to upgrade): mozrunner==6.13 from file:///builds/slave/test/build/tests/mozbase/mozrunner in /builds/slave/test/build/venv/lib/python2.7/site-packages (from -r /builds/slave/test/build/tests/config/mozbase_requirements.txt (line 14))
16:58:35     INFO -  Processing /builds/slave/test/build/tests/mozbase/mozscreenshot
16:58:35     INFO -    Requirement already satisfied (use --upgrade to upgrade): mozscreenshot==0.1 from file:///builds/slave/test/build/tests/mozbase/mozscreenshot in /builds/slave/test/build/venv/lib/python2.7/site-packages (from -r /builds/slave/test/build/tests/config/mozbase_requirements.txt (line 15))
16:58:35     INFO -  Processing /builds/slave/test/build/tests/mozbase/moztest
16:58:35     INFO -    Requirement already satisfied (use --upgrade to upgrade): moztest==0.8 from file:///builds/slave/test/build/tests/mozbase/moztest in /builds/slave/test/build/venv/lib/python2.7/site-packages (from -r /builds/slave/test/build/tests/config/mozbase_requirements.txt (line 16))
16:58:35     INFO -  Processing /builds/slave/test/build/tests/mozbase/mozversion
16:58:36     INFO -    Requirement already satisfied (use --upgrade to upgrade): mozversion==1.4 from file:///builds/slave/test/build/tests/mozbase/mozversion in /builds/slave/test/build/venv/lib/python2.7/site-packages (from -r /builds/slave/test/build/tests/config/mozbase_requirements.txt (line 17))
16:58:36     INFO -  Processing /builds/slave/test/build/tests/tools/wptserve
16:58:36     INFO -    Requirement already satisfied (use --upgrade to upgrade): wptserve==1.4.0 from file:///builds/slave/test/build/tests/tools/wptserve in /builds/slave/test/build/venv/lib/python2.7/site-packages (from -r /builds/slave/test/build/tests/config/marionette_requirements.txt (line 3))
16:58:36     INFO -  Processing /builds/slave/test/build/tests/marionette/client
16:58:36     INFO -    Requirement already satisfied (use --upgrade to upgrade): marionette-driver==2.2.0 from file:///builds/slave/test/build/tests/marionette/client in /builds/slave/test/build/venv/lib/python2.7/site-packages (from -r /builds/slave/test/build/tests/config/marionette_requirements.txt (line 4))
16:58:36     INFO -  Processing /builds/slave/test/build/tests/marionette/harness/marionette_harness/runner/mixins/browsermob-proxy-py
16:58:36     INFO -    Requirement already satisfied (use --upgrade to upgrade): browsermob-proxy==0.6.0 from file:///builds/slave/test/build/tests/marionette/harness/marionette_harness/runner/mixins/browsermob-proxy-py in /builds/slave/test/build/venv/lib/python2.7/site-packages (from -r /builds/slave/test/build/tests/config/marionette_requirements.txt (line 5))
16:58:36     INFO -  Processing /builds/slave/test/build/tests/marionette/harness
16:58:37     INFO -    Requirement already satisfied (use --upgrade to upgrade): marionette-harness==4.0.0 from file:///builds/slave/test/build/tests/marionette/harness in /builds/slave/test/build/venv/lib/python2.7/site-packages (from -r /builds/slave/test/build/tests/config/marionette_requirements.txt (line 6))
16:58:37     INFO -  Processing /builds/slave/test/build/tests/marionette/puppeteer/firefox
16:58:37     INFO -    Requirement already satisfied (use --upgrade to upgrade): firefox-puppeteer==52.1.0 from file:///builds/slave/test/build/tests/marionette/puppeteer/firefox in /builds/slave/test/build/venv/lib/python2.7/site-packages (from -r /builds/slave/test/build/tests/config/marionette_requirements.txt (line 9))
16:58:37     INFO -  Requirement already satisfied (use --upgrade to upgrade): mozfile>=1.0 in /builds/slave/test/build/venv/lib/python2.7/site-packages (from mozcrash==1.0->-r /builds/slave/test/build/tests/config/mozbase_requirements.txt (line 2))
16:58:37     INFO -  Requirement already satisfied (use --upgrade to upgrade): mozlog>=3.0 in /builds/slave/test/build/venv/lib/python2.7/site-packages (from mozcrash==1.0->-r /builds/slave/test/build/tests/config/mozbase_requirements.txt (line 2))
16:58:37     INFO -  Requirement already satisfied (use --upgrade to upgrade): mozinfo in /builds/slave/test/build/venv/lib/python2.7/site-packages (from mozdebug==0.1->-r /builds/slave/test/build/tests/config/mozbase_requirements.txt (line 3))
16:58:37     INFO -  Requirement already satisfied (use --upgrade to upgrade): moznetwork>=0.24 in /builds/slave/test/build/venv/lib/python2.7/site-packages (from mozdevice==0.48->-r /builds/slave/test/build/tests/config/mozbase_requirements.txt (line 4))
16:58:37     INFO -  Requirement already satisfied (use --upgrade to upgrade): mozprocess>=0.19 in /builds/slave/test/build/venv/lib/python2.7/site-packages (from mozdevice==0.48->-r /builds/slave/test/build/tests/config/mozbase_requirements.txt (line 4))
16:58:37     INFO -  Collecting blessings>=1.3 (from mozlog==3.4->-r /builds/slave/test/build/tests/config/mozbase_requirements.txt (line 10))
16:58:37     INFO -  /builds/slave/test/build/venv/lib/python2.7/site-packages/pip/_vendor/requests/packages/urllib3/util/ssl_.py:318: SNIMissingWarning: An HTTPS request has been made, but the SNI (Subject Name Indication) extension to TLS is not available on this platform. This may cause the server to present an incorrect TLS certificate, which can cause validation failures. You can upgrade to a newer version of Python to solve this. For more information, see https://urllib3.readthedocs.org/en/latest/security.html#snimissingwarning.
16:58:37     INFO -    SNIMissingWarning
16:58:37     INFO -  /builds/slave/test/build/venv/lib/python2.7/site-packages/pip/_vendor/requests/packages/urllib3/util/ssl_.py:122: InsecurePlatformWarning: A true SSLContext object is not available. This prevents urllib3 from configuring SSL appropriately and may cause certain SSL connections to fail. You can upgrade to a newer version of Python to solve this. For more information, see https://urllib3.readthedocs.org/en/latest/security.html#insecureplatformwarning.
16:58:37     INFO -    InsecurePlatformWarning
16:58:38     INFO -  /builds/slave/test/build/venv/lib/python2.7/site-packages/pip/_vendor/requests/packages/urllib3/util/ssl_.py:122: InsecurePlatformWarning: A true SSLContext object is not available. This prevents urllib3 from configuring SSL appropriately and may cause certain SSL connections to fail. You can upgrade to a newer version of Python to solve this. For more information, see https://urllib3.readthedocs.org/en/latest/security.html#insecureplatformwarning.
16:58:38     INFO -    InsecurePlatformWarning
16:58:40     INFO -  Requirement already satisfied (use --upgrade to upgrade): requests>=1.1.0 in /builds/slave/test/build/venv/lib/python2.7/site-packages (from browsermob-proxy==0.6.0->-r /builds/slave/test/build/tests/config/marionette_requirements.txt (line 5))
16:58:40     INFO -  Building wheels for collected packages: browsermob-proxy
16:58:40     INFO -    Running setup.py bdist_wheel for browsermob-proxy: started
16:58:40     INFO -    Running setup.py bdist_wheel for browsermob-proxy: finished with status 'done'
16:58:40     INFO -    Stored in directory: /Users/cltbld/Library/Caches/pip/wheels/10/00/c1/79bb793b6a7eb4dca9dfd244010f550ae5044951bcd23c261e
16:58:40     INFO -  Successfully built browsermob-proxy
16:58:40     INFO -  Installing collected packages: blessings
16:58:40     INFO -  Successfully installed blessings-1.6
16:58:40     INFO - Return code: 0
16:58:40     INFO - Done creating virtualenv /builds/slave/test/build/venv.
16:58:40     INFO - Getting output from command: ['/builds/slave/test/build/venv/bin/pip', 'freeze']
16:58:40     INFO - Copy/paste: /builds/slave/test/build/venv/bin/pip freeze
16:58:41     INFO - Reading from file tmpfile_stdout
16:58:41     INFO - Reading from file tmpfile_stderr
16:58:41     INFO - Current package versions:
16:58:41     INFO -   blessings == 1.6
16:58:41     INFO -   blobuploader == 1.2.4
16:58:41     INFO -   browsermob-proxy == 0.6.0
16:58:41     INFO -   docopt == 0.6.1
16:58:41     INFO -   firefox-puppeteer == 52.1.0
16:58:41     INFO -   functools32 == 3.2.3.post2
16:58:41     INFO -   jsonschema == 2.5.1
16:58:41     INFO -   manifestparser == 1.1
16:58:41     INFO -   marionette-driver == 2.2.0
16:58:41     INFO -   marionette-harness == 4.0.0
16:58:41     INFO -   mozInstall == 1.12
16:58:41     INFO -   mozcrash == 1.0
16:58:41     INFO -   mozdebug == 0.1
16:58:41     INFO -   mozdevice == 0.48
16:58:41     INFO -   mozfile == 1.2
16:58:41     INFO -   mozhttpd == 0.7
16:58:41     INFO -   mozinfo == 0.9
16:58:41     INFO -   mozleak == 0.1
16:58:41     INFO -   mozlog == 3.4
16:58:41     INFO -   moznetwork == 0.27
16:58:41     INFO -   mozprocess == 0.23
16:58:41     INFO -   mozprofile == 0.28
16:58:41     INFO -   mozrunner == 6.13
16:58:41     INFO -   mozscreenshot == 0.1
16:58:41     INFO -   mozsystemmonitor == 0.3
16:58:41     INFO -   moztest == 0.8
16:58:41     INFO -   mozversion == 1.4
16:58:41     INFO -   psutil == 5.4.3
16:58:41     INFO -   requests == 1.2.3
16:58:41     INFO -   wptserve == 1.4.0
16:58:41     INFO - Running post-action listener: _resource_record_post_action
16:58:41     INFO - Running post-action listener: _start_resource_monitoring
16:58:41     INFO - Starting resource monitoring.
16:58:41     INFO - [mozharness: 2018-06-08 23:58:41.253788Z] Finished create-virtualenv step (success)
16:58:41     INFO - [mozharness: 2018-06-08 23:58:41.254738Z] Running pull step.
16:58:41     INFO - Running pre-action listener: _resource_record_pre_action
16:58:41     INFO - Running main action method: pull
16:58:41     INFO - Pull has nothing to do!
16:58:41     INFO - Running post-action listener: _resource_record_post_action
16:58:41     INFO - [mozharness: 2018-06-08 23:58:41.255517Z] Finished pull step (success)
16:58:41     INFO - [mozharness: 2018-06-08 23:58:41.255662Z] Running install step.
16:58:41     INFO - Running pre-action listener: _resource_record_pre_action
16:58:41     INFO - Running main action method: install
16:58:41     INFO - Getting output from command: ['/builds/slave/test/build/venv/bin/pip', 'freeze']
16:58:41     INFO - Copy/paste: /builds/slave/test/build/venv/bin/pip freeze
16:58:41     INFO - Reading from file tmpfile_stdout
16:58:41     INFO - Reading from file tmpfile_stderr
16:58:41     INFO - Detecting whether we're running mozinstall >=1.0...
16:58:41     INFO - Getting output from command: ['/builds/slave/test/build/venv/bin/mozinstall', '-h']
16:58:41     INFO - Copy/paste: /builds/slave/test/build/venv/bin/mozinstall -h
16:58:41     INFO - Reading from file tmpfile_stdout
16:58:41     INFO - Output received:
16:58:41     INFO -  Usage: mozinstall [options] installer
16:58:41     INFO -  Options:
16:58:41     INFO -    -h, --help            show this help message and exit
16:58:41     INFO -    -d DEST, --destination=DEST
16:58:41     INFO -                          Directory to install application into. [default:
16:58:41     INFO -                          "/builds/slave/test"]
16:58:41     INFO -    --app=APP             Application being installed. [default: firefox]
16:58:41     INFO - mkdir: /builds/slave/test/build/application
16:58:41     INFO - Getting output from command: ['/builds/slave/test/build/venv/bin/mozinstall', '/builds/slave/test/build/firefox-52.8.2.en-US.mac.dmg', '--destination', '/builds/slave/test/build/application']
16:58:41     INFO - Copy/paste: /builds/slave/test/build/venv/bin/mozinstall /builds/slave/test/build/firefox-52.8.2.en-US.mac.dmg --destination /builds/slave/test/build/application
16:59:03     INFO - Reading from file tmpfile_stdout
16:59:03     INFO - Output received:
16:59:03     INFO -  /builds/slave/test/build/application/Firefox.app/Contents/MacOS/firefox
16:59:03     INFO - Running post-action listener: _resource_record_post_action
16:59:03     INFO - [mozharness: 2018-06-08 23:59:03.498690Z] Finished install step (success)
16:59:03     INFO - [mozharness: 2018-06-08 23:59:03.498814Z] Running run-tests step.
16:59:03     INFO - Running pre-action listener: _resource_record_pre_action
16:59:03     INFO - Running main action method: run_tests
16:59:03     INFO - mkdir: /builds/slave/test/build/blobber_upload_dir
16:59:03     INFO - Minidump filename unknown. Determining based upon platform and architecture.
16:59:03     INFO - Minidump tooltool manifest unknown. Determining based upon platform and architecture.
16:59:03     INFO - grabbing minidump binary from tooltool
16:59:03     INFO - Downloading https://raw.githubusercontent.com/mozilla/build-tooltool/master/tooltool.py to /builds/slave/test/build/tooltool.py
16:59:03     INFO - retry: Calling _download_file with args: (), kwargs: {'url': 'https://raw.githubusercontent.com/mozilla/build-tooltool/master/tooltool.py', 'file_name': '/builds/slave/test/build/tooltool.py'}, attempt #1
16:59:03     INFO - Downloaded 38066 bytes.
16:59:03     INFO - Chmoding /builds/slave/test/build/tooltool.py to 0755
16:59:03     INFO - retry: Calling run_command with args: (['/tools/buildbot/bin/python', '/builds/slave/test/build/tooltool.py', '--url', 'https://api.pub.build.mozilla.org/tooltool/', '--authentication-file', '/builds/relengapi.tok', 'fetch', '-m', '/builds/slave/test/build/tests/config/tooltool-manifests/macosx64/releng.manifest', '-o', '-c', '/builds/tooltool_cache'],), kwargs: {'output_timeout': 600, 'error_list': [{'substr': 'command not found', 'level': 'error'}, {'regex': <_sre.SRE_Pattern object at 0x10c9dc5e0>, 'level': 'warning'}, {'substr': 'Traceback (most recent call last)', 'level': 'error'}, {'substr': 'SyntaxError: ', 'level': 'error'}, {'substr': 'TypeError: ', 'level': 'error'}, {'substr': 'NameError: ', 'level': 'error'}, {'substr': 'ZeroDivisionError: ', 'level': 'error'}, {'regex': <_sre.SRE_Pattern object at 0x10c9b1540>, 'level': 'critical'}, {'regex': <_sre.SRE_Pattern object at 0x10c93be40>, 'level': 'critical'}, {'substr': 'ERROR - ', 'level': 'error'}], 'cwd': '/builds/slave/test/build', 'privileged': False}, attempt #1
16:59:03     INFO - Running command: ['/tools/buildbot/bin/python', '/builds/slave/test/build/tooltool.py', '--url', 'https://api.pub.build.mozilla.org/tooltool/', '--authentication-file', '/builds/relengapi.tok', 'fetch', '-m', '/builds/slave/test/build/tests/config/tooltool-manifests/macosx64/releng.manifest', '-o', '-c', '/builds/tooltool_cache'] in /builds/slave/test/build
16:59:03     INFO - Copy/paste: /tools/buildbot/bin/python /builds/slave/test/build/tooltool.py --url https://api.pub.build.mozilla.org/tooltool/ --authentication-file /builds/relengapi.tok fetch -m /builds/slave/test/build/tests/config/tooltool-manifests/macosx64/releng.manifest -o -c /builds/tooltool_cache
16:59:03     INFO - Calling ['/tools/buildbot/bin/python', '/builds/slave/test/build/tooltool.py', '--url', 'https://api.pub.build.mozilla.org/tooltool/', '--authentication-file', '/builds/relengapi.tok', 'fetch', '-m', '/builds/slave/test/build/tests/config/tooltool-manifests/macosx64/releng.manifest', '-o', '-c', '/builds/tooltool_cache'] with output_timeout 600
16:59:03     INFO -  INFO - File macosx64-minidump_stackwalk retrieved from local cache /builds/tooltool_cache
16:59:04     INFO - Return code: 0
16:59:04     INFO - Chmoding /builds/slave/test/build/macosx64-minidump_stackwalk to 0755
16:59:04     INFO - ENV: MINIDUMP_SAVE_PATH is now /builds/slave/test/build/blobber_upload_dir
16:59:04     INFO - Running command: ['/builds/slave/test/build/venv/bin/python', '-u', '/builds/slave/test/build/tests/web-platform/runtests.py', '--log-raw=-', '--log-raw=/builds/slave/test/build/blobber_upload_dir/wpt_raw.log', '--log-errorsummary=/builds/slave/test/build/blobber_upload_dir/wpt_errorsummary.log', '--binary=/builds/slave/test/build/application/Firefox.app/Contents/MacOS/firefox', '--symbols-path=https://queue.taskcluster.net/v1/task/HHn8t6C8SBmHWYIFt5uc2A/artifacts/public/build/firefox-52.8.2.en-US.mac.crashreporter-symbols.zip', '--stackwalk-binary=/builds/slave/test/build/macosx64-minidump_stackwalk', '--stackfix-dir=/builds/slave/test/build/tests/bin', '--test-type=testharness', '--disable-e10s', '--total-chunks=5', '--this-chunk=5', '--prefs-root=/builds/slave/test/build/tests/web-platform/prefs', '--processes=1', '--config=/builds/slave/test/build/tests/web-platform/wptrunner.ini', '--ca-cert-path=/builds/slave/test/build/tests/web-platform/certs/cacert.pem', '--host-key-path=/builds/slave/test/build/tests/web-platform/certs/web-platform.test.key', '--host-cert-path=/builds/slave/test/build/tests/web-platform/certs/web-platform.test.pem', '--certutil-binary=/builds/slave/test/build/tests/bin/certutil'] in /builds/slave/test/build
16:59:04     INFO - Copy/paste: /builds/slave/test/build/venv/bin/python -u /builds/slave/test/build/tests/web-platform/runtests.py --log-raw=- --log-raw=/builds/slave/test/build/blobber_upload_dir/wpt_raw.log --log-errorsummary=/builds/slave/test/build/blobber_upload_dir/wpt_errorsummary.log --binary=/builds/slave/test/build/application/Firefox.app/Contents/MacOS/firefox --symbols-path=https://queue.taskcluster.net/v1/task/HHn8t6C8SBmHWYIFt5uc2A/artifacts/public/build/firefox-52.8.2.en-US.mac.crashreporter-symbols.zip --stackwalk-binary=/builds/slave/test/build/macosx64-minidump_stackwalk --stackfix-dir=/builds/slave/test/build/tests/bin --test-type=testharness --disable-e10s --total-chunks=5 --this-chunk=5 --prefs-root=/builds/slave/test/build/tests/web-platform/prefs --processes=1 --config=/builds/slave/test/build/tests/web-platform/wptrunner.ini --ca-cert-path=/builds/slave/test/build/tests/web-platform/certs/cacert.pem --host-key-path=/builds/slave/test/build/tests/web-platform/certs/web-platform.test.key --host-cert-path=/builds/slave/test/build/tests/web-platform/certs/web-platform.test.pem --certutil-binary=/builds/slave/test/build/tests/bin/certutil
16:59:04     INFO - Using env: {'Apple_PubSub_Socket_Render': '/private/tmp/com.apple.launchd.KAtAQzAhUx/Render',
16:59:04     INFO -  'GIT_SHARE_BASE_DIR': '/builds/git-shared',
16:59:04     INFO -  'HG_SHARE_BASE_DIR': '/builds/hg-shared',
16:59:04     INFO -  'HOME': '/Users/cltbld',
16:59:04     INFO -  'IDLEIZER_DISABLE_SHUTDOWN': 'true',
16:59:04     INFO -  'LOGNAME': 'cltbld',
16:59:04     INFO -  'MINIDUMP_SAVE_PATH': '/builds/slave/test/build/blobber_upload_dir',
16:59:04     INFO -  'MOZ_HIDE_RESULTS_TABLE': '1',
16:59:04     INFO -  'MOZ_NODE_PATH': '/usr/local/bin/node',
16:59:04     INFO -  'MOZ_NO_REMOTE': '1',
16:59:04     INFO -  'NO_EM_RESTART': '1',
16:59:04     INFO -  'NO_FAIL_ON_TEST_ERRORS': '1',
16:59:04     INFO -  'PATH': '/builds/slave/test/build/venv/bin:/usr/local/sbin:/usr/local/bin:/usr/sbin:/usr/bin:/sbin:/bin:/usr/bin/X11',
16:59:04     INFO -  'PROPERTIES_FILE': '/builds/slave/test/buildprops.json',
16:59:04     INFO -  'PWD': '/builds/slave/test',
16:59:04     INFO -  'RUNNER_CONFIG_CMD': '/opt/runner/bin/python2.7 /opt/runner/bin/runner -c /opt/runner/runner.cfg',
16:59:04     INFO -  'SHELL': '/bin/bash',
16:59:04     INFO -  'SSH_AUTH_SOCK': '/private/tmp/com.apple.launchd.09URtPM7rY/Listeners',
16:59:04     INFO -  'TMPDIR': '/var/folders/zn/cd1kk5_j395_6yk0j171qxfh00000w/T/',
16:59:04     INFO -  'TWISTD_LOG_PATH': '/builds/slave/twistd.log',
16:59:04     INFO -  'USER': 'cltbld',
16:59:04     INFO -  'VERSIONER_PYTHON_PREFER_32_BIT': 'no',
16:59:04     INFO -  'VERSIONER_PYTHON_VERSION': '2.7',
16:59:04     INFO -  'XPCOM_DEBUG_BREAK': 'warn',
16:59:04     INFO -  'XPC_FLAGS': '0x0',
16:59:04     INFO -  'XPC_SERVICE_NAME': '0',
16:59:04     INFO -  '__CF_USER_TEXT_ENCODING': '0x1C:0:0'}
16:59:04     INFO - Calling ['/builds/slave/test/build/venv/bin/python', '-u', '/builds/slave/test/build/tests/web-platform/runtests.py', '--log-raw=-', '--log-raw=/builds/slave/test/build/blobber_upload_dir/wpt_raw.log', '--log-errorsummary=/builds/slave/test/build/blobber_upload_dir/wpt_errorsummary.log', '--binary=/builds/slave/test/build/application/Firefox.app/Contents/MacOS/firefox', '--symbols-path=https://queue.taskcluster.net/v1/task/HHn8t6C8SBmHWYIFt5uc2A/artifacts/public/build/firefox-52.8.2.en-US.mac.crashreporter-symbols.zip', '--stackwalk-binary=/builds/slave/test/build/macosx64-minidump_stackwalk', '--stackfix-dir=/builds/slave/test/build/tests/bin', '--test-type=testharness', '--disable-e10s', '--total-chunks=5', '--this-chunk=5', '--prefs-root=/builds/slave/test/build/tests/web-platform/prefs', '--processes=1', '--config=/builds/slave/test/build/tests/web-platform/wptrunner.ini', '--ca-cert-path=/builds/slave/test/build/tests/web-platform/certs/cacert.pem', '--host-key-path=/builds/slave/test/build/tests/web-platform/certs/web-platform.test.key', '--host-cert-path=/builds/slave/test/build/tests/web-platform/certs/web-platform.test.pem', '--certutil-binary=/builds/slave/test/build/tests/bin/certutil'] with output_timeout 1000
16:59:04     INFO - STDERR: Opening manifest at /builds/slave/test/build/tests/web-platform/meta/MANIFEST.json
16:59:05     INFO - STDERR: Opening manifest at /builds/slave/test/build/tests/web-platform/mozilla/meta/MANIFEST.json
16:59:15     INFO - Using 1 client processes
16:59:15     INFO - wptserve Starting http server on 127.0.0.1:8001
16:59:15     INFO - wptserve Starting http server on 127.0.0.1:8000
16:59:15     INFO - wptserve Starting http server on 127.0.0.1:8443
16:59:17     INFO - SUITE-START | Running 1054 tests
16:59:17     INFO - Running testharness tests
16:59:17     INFO - TEST-START | /battery-status/battery-promise-iframe.html
16:59:17     INFO - TEST-SKIP | /battery-status/battery-promise-iframe.html | took 0ms
16:59:17     INFO - TEST-START | /battery-status/battery-promise-window.html
16:59:17     INFO - TEST-SKIP | /battery-status/battery-promise-window.html | took 0ms
16:59:17     INFO - TEST-START | /battery-status/battery-promise.html
16:59:17     INFO - TEST-SKIP | /battery-status/battery-promise.html | took 0ms
16:59:17     INFO - TEST-START | /dom/nodes/Document-contentType/contentType/contenttype_bmp.html
16:59:17     INFO - TEST-SKIP | /dom/nodes/Document-contentType/contentType/contenttype_bmp.html | took 0ms
16:59:17     INFO - TEST-START | /html/editing/focus/focus-management/focus-event-targets-simple.html
16:59:17     INFO - TEST-SKIP | /html/editing/focus/focus-management/focus-event-targets-simple.html | took 1ms
16:59:17     INFO - TEST-START | /html/infrastructure/urls/resolving-urls/query-encoding/utf-16be.html
16:59:17     INFO - TEST-SKIP | /html/infrastructure/urls/resolving-urls/query-encoding/utf-16be.html | took 0ms
16:59:17     INFO - TEST-START | /html/infrastructure/urls/resolving-urls/query-encoding/utf-16le.html
16:59:17     INFO - TEST-SKIP | /html/infrastructure/urls/resolving-urls/query-encoding/utf-16le.html | took 0ms
16:59:17     INFO - TEST-START | /html/infrastructure/urls/resolving-urls/query-encoding/utf-8.html
16:59:17     INFO - TEST-SKIP | /html/infrastructure/urls/resolving-urls/query-encoding/utf-8.html | took 0ms
16:59:17     INFO - TEST-START | /html/infrastructure/urls/resolving-urls/query-encoding/windows-1251.html
16:59:17     INFO - TEST-SKIP | /html/infrastructure/urls/resolving-urls/query-encoding/windows-1251.html | took 0ms
16:59:17     INFO - TEST-START | /html/infrastructure/urls/resolving-urls/query-encoding/windows-1252.html
16:59:17     INFO - TEST-SKIP | /html/infrastructure/urls/resolving-urls/query-encoding/windows-1252.html | took 0ms
16:59:17     INFO - TEST-START | /mixed-content/blockable/http-csp/same-host-http/form-tag/top-level/no-redirect/opt-in-blocks.https.html
16:59:17     INFO - TEST-SKIP | /mixed-content/blockable/http-csp/same-host-http/form-tag/top-level/no-redirect/opt-in-blocks.https.html | took 0ms
16:59:17     INFO - TEST-START | /mixed-content/blockable/no-opt-in/same-host-http/form-tag/top-level/keep-scheme-redirect/no-opt-in-blocks.https.html
16:59:17     INFO - TEST-SKIP | /mixed-content/blockable/no-opt-in/same-host-http/form-tag/top-level/keep-scheme-redirect/no-opt-in-blocks.https.html | took 0ms
16:59:17     INFO - TEST-START | /mixed-content/blockable/no-opt-in/same-host-http/form-tag/top-level/no-redirect/no-opt-in-blocks.https.html
16:59:17     INFO - TEST-SKIP | /mixed-content/blockable/no-opt-in/same-host-http/form-tag/top-level/no-redirect/no-opt-in-blocks.https.html | took 0ms
16:59:17     INFO - TEST-START | /referrer-policy/no-referrer/meta-referrer/cross-origin/http-http/img-tag/generic.keep-origin-redirect.http.html
16:59:17     INFO - TEST-SKIP | /referrer-policy/no-referrer/meta-referrer/cross-origin/http-http/img-tag/generic.keep-origin-redirect.http.html | took 0ms
16:59:17     INFO - TEST-START | /referrer-policy/no-referrer/meta-referrer/cross-origin/http-http/img-tag/generic.no-redirect.http.html
16:59:17     INFO - TEST-SKIP | /referrer-policy/no-referrer/meta-referrer/cross-origin/http-http/img-tag/generic.no-redirect.http.html | took 0ms
16:59:17     INFO - TEST-START | /referrer-policy/no-referrer/meta-referrer/cross-origin/http-http/img-tag/generic.swap-origin-redirect.http.html
16:59:17     INFO - TEST-SKIP | /referrer-policy/no-referrer/meta-referrer/cross-origin/http-http/img-tag/generic.swap-origin-redirect.http.html | took 0ms
16:59:17     INFO - TEST-START | /referrer-policy/no-referrer/meta-referrer/cross-origin/http-https/img-tag/generic.keep-origin-redirect.http.html
16:59:17     INFO - TEST-SKIP | /referrer-policy/no-referrer/meta-referrer/cross-origin/http-https/img-tag/generic.keep-origin-redirect.http.html | took 0ms
16:59:17     INFO - TEST-START | /referrer-policy/no-referrer/meta-referrer/cross-origin/http-https/img-tag/generic.no-redirect.http.html
16:59:17     INFO - TEST-SKIP | /referrer-policy/no-referrer/meta-referrer/cross-origin/http-https/img-tag/generic.no-redirect.http.html | took 9ms
16:59:17     INFO - TEST-START | /referrer-policy/no-referrer/meta-referrer/cross-origin/http-https/img-tag/generic.swap-origin-redirect.http.html
16:59:17     INFO - TEST-SKIP | /referrer-policy/no-referrer/meta-referrer/cross-origin/http-https/img-tag/generic.swap-origin-redirect.http.html | took 0ms
16:59:17     INFO - TEST-START | /referrer-policy/origin-when-cross-origin/meta-referrer/same-origin/http-http/img-tag/same-origin-insecure.keep-origin-redirect.http.html
16:59:17     INFO - TEST-SKIP | /referrer-policy/origin-when-cross-origin/meta-referrer/same-origin/http-http/img-tag/same-origin-insecure.keep-origin-redirect.http.html | took 0ms
16:59:17     INFO - TEST-START | /referrer-policy/origin-when-cross-origin/meta-referrer/same-origin/http-http/img-tag/same-origin-insecure.no-redirect.http.html
16:59:17     INFO - TEST-SKIP | /referrer-policy/origin-when-cross-origin/meta-referrer/same-origin/http-http/img-tag/same-origin-insecure.no-redirect.http.html | took 0ms
16:59:17     INFO - TEST-START | /referrer-policy/origin-when-cross-origin/meta-referrer/same-origin/http-http/img-tag/same-origin-insecure.swap-origin-redirect.http.html
16:59:17     INFO - TEST-SKIP | /referrer-policy/origin-when-cross-origin/meta-referrer/same-origin/http-http/img-tag/same-origin-insecure.swap-origin-redirect.http.html | took 1ms
16:59:17     INFO - TEST-START | /referrer-policy/origin-when-cross-origin/meta-referrer/same-origin/http-https/img-tag/same-origin-downgrade.keep-origin-redirect.http.html
16:59:17     INFO - TEST-SKIP | /referrer-policy/origin-when-cross-origin/meta-referrer/same-origin/http-https/img-tag/same-origin-downgrade.keep-origin-redirect.http.html | took 0ms
16:59:17     INFO - TEST-START | /referrer-policy/origin-when-cross-origin/meta-referrer/same-origin/http-https/img-tag/same-origin-downgrade.no-redirect.http.html
16:59:17     INFO - TEST-SKIP | /referrer-policy/origin-when-cross-origin/meta-referrer/same-origin/http-https/img-tag/same-origin-downgrade.no-redirect.http.html | took 0ms
16:59:17     INFO - TEST-START | /referrer-policy/origin-when-cross-origin/meta-referrer/same-origin/http-https/img-tag/same-origin-downgrade.swap-origin-redirect.http.html
16:59:17     INFO - TEST-SKIP | /referrer-policy/origin-when-cross-origin/meta-referrer/same-origin/http-https/img-tag/same-origin-downgrade.swap-origin-redirect.http.html | took 0ms
16:59:17     INFO - TEST-START | /referrer-policy/origin-when-cross-origin/meta-referrer/same-origin/http-https/img-tag/same-origin-insecure.swap-origin-redirect.http.html
16:59:17     INFO - TEST-SKIP | /referrer-policy/origin-when-cross-origin/meta-referrer/same-origin/http-https/img-tag/same-origin-insecure.swap-origin-redirect.http.html | took 9ms
16:59:17     INFO - TEST-START | /referrer-policy/origin-when-cross-origin/meta-referrer/same-origin/http-https/img-tag/same-origin-upgrade.keep-origin-redirect.http.html
16:59:17     INFO - TEST-SKIP | /referrer-policy/origin-when-cross-origin/meta-referrer/same-origin/http-https/img-tag/same-origin-upgrade.keep-origin-redirect.http.html | took 0ms
16:59:17     INFO - TEST-START | /referrer-policy/origin-when-cross-origin/meta-referrer/same-origin/http-https/img-tag/same-origin-upgrade.no-redirect.http.html
16:59:17     INFO - TEST-SKIP | /referrer-policy/origin-when-cross-origin/meta-referrer/same-origin/http-https/img-tag/same-origin-upgrade.no-redirect.http.html | took 0ms
16:59:17     INFO - TEST-START | /referrer-policy/origin-when-cross-origin/meta-referrer/same-origin/http-https/img-tag/same-origin-upgrade.swap-origin-redirect.http.html
16:59:17     INFO - TEST-SKIP | /referrer-policy/origin-when-cross-origin/meta-referrer/same-origin/http-https/img-tag/same-origin-upgrade.swap-origin-redirect.http.html | took 0ms
16:59:17     INFO - TEST-START | /referrer-policy/unsafe-url/meta-referrer/same-origin/http-https/img-tag/generic.keep-origin-redirect.http.html
16:59:17     INFO - TEST-SKIP | /referrer-policy/unsafe-url/meta-referrer/same-origin/http-https/img-tag/generic.keep-origin-redirect.http.html | took 0ms
16:59:17     INFO - TEST-START | /referrer-policy/unsafe-url/meta-referrer/same-origin/http-https/img-tag/generic.no-redirect.http.html
16:59:17     INFO - TEST-SKIP | /referrer-policy/unsafe-url/meta-referrer/same-origin/http-https/img-tag/generic.no-redirect.http.html | took 0ms
16:59:17     INFO - TEST-START | /referrer-policy/unsafe-url/meta-referrer/same-origin/http-https/img-tag/generic.swap-origin-redirect.http.html
16:59:17     INFO - TEST-SKIP | /referrer-policy/unsafe-url/meta-referrer/same-origin/http-https/img-tag/generic.swap-origin-redirect.http.html | took 0ms
16:59:17     INFO - TEST-START | /referrer-policy/unset-referrer-policy/meta-referrer/same-origin/http-https/img-tag/upgrade-protocol.keep-origin-redirect.http.html
16:59:17     INFO - TEST-SKIP | /referrer-policy/unset-referrer-policy/meta-referrer/same-origin/http-https/img-tag/upgrade-protocol.keep-origin-redirect.http.html | took 0ms
16:59:17     INFO - TEST-START | /referrer-policy/unset-referrer-policy/meta-referrer/same-origin/http-https/img-tag/upgrade-protocol.no-redirect.http.html
16:59:17     INFO - TEST-SKIP | /referrer-policy/unset-referrer-policy/meta-referrer/same-origin/http-https/img-tag/upgrade-protocol.no-redirect.http.html | took 0ms
16:59:17     INFO - TEST-START | /referrer-policy/unset-referrer-policy/meta-referrer/same-origin/http-https/img-tag/upgrade-protocol.swap-origin-redirect.http.html
16:59:17     INFO - TEST-SKIP | /referrer-policy/unset-referrer-policy/meta-referrer/same-origin/http-https/img-tag/upgrade-protocol.swap-origin-redirect.http.html | took 0ms
16:59:17     INFO - TEST-START | /webgl/conformance-1.0.3/conformance/buffers/buffer-bind-test.html
16:59:17     INFO - TEST-SKIP | /webgl/conformance-1.0.3/conformance/buffers/buffer-bind-test.html | took 0ms
16:59:17     INFO - TEST-START | /webgl/conformance-1.0.3/conformance/buffers/buffer-data-array-buffer-delete.html
16:59:17     INFO - TEST-SKIP | /webgl/conformance-1.0.3/conformance/buffers/buffer-data-array-buffer-delete.html | took 0ms
16:59:17     INFO - TEST-START | /webgl/conformance-1.0.3/conformance/buffers/buffer-data-array-buffer.html
16:59:17     INFO - TEST-SKIP | /webgl/conformance-1.0.3/conformance/buffers/buffer-data-array-buffer.html | took 0ms
16:59:17     INFO - TEST-START | /webgl/conformance-1.0.3/conformance/buffers/element-array-buffer-delete-recreate.html
16:59:17     INFO - TEST-SKIP | /webgl/conformance-1.0.3/conformance/buffers/element-array-buffer-delete-recreate.html | took 0ms
16:59:17     INFO - TEST-START | /webgl/conformance-1.0.3/conformance/buffers/index-validation-copies-indices.html
16:59:17     INFO - TEST-SKIP | /webgl/conformance-1.0.3/conformance/buffers/index-validation-copies-indices.html | took 0ms
16:59:17     INFO - TEST-START | /webgl/conformance-1.0.3/conformance/buffers/index-validation-crash-with-buffer-sub-data.html
16:59:17     INFO - TEST-SKIP | /webgl/conformance-1.0.3/conformance/buffers/index-validation-crash-with-buffer-sub-data.html | took 0ms
16:59:17     INFO - TEST-START | /webgl/conformance-1.0.3/conformance/buffers/index-validation-large-buffer.html
16:59:17     INFO - TEST-SKIP | /webgl/conformance-1.0.3/conformance/buffers/index-validation-large-buffer.html | took 0ms
16:59:17     INFO - TEST-START | /webgl/conformance-1.0.3/conformance/buffers/index-validation-verifies-too-many-indices.html
16:59:17     INFO - TEST-SKIP | /webgl/conformance-1.0.3/conformance/buffers/index-validation-verifies-too-many-indices.html | took 0ms
16:59:17     INFO - TEST-START | /webgl/conformance-1.0.3/conformance/buffers/index-validation-with-resized-buffer.html
16:59:17     INFO - TEST-SKIP | /webgl/conformance-1.0.3/conformance/buffers/index-validation-with-resized-buffer.html | took 0ms
16:59:17     INFO - TEST-START | /webgl/conformance-1.0.3/conformance/buffers/index-validation.html
16:59:17     INFO - TEST-SKIP | /webgl/conformance-1.0.3/conformance/buffers/index-validation.html | took 0ms
16:59:17     INFO - TEST-START | /webgl/conformance-1.0.3/conformance/glsl/bugs/angle-d3d11-compiler-error.html
16:59:17     INFO - TEST-SKIP | /webgl/conformance-1.0.3/conformance/glsl/bugs/angle-d3d11-compiler-error.html | took 0ms
16:59:17     INFO - TEST-START | /webgl/conformance-1.0.3/conformance/glsl/bugs/angle-dx-variable-bug.html
16:59:17     INFO - TEST-SKIP | /webgl/conformance-1.0.3/conformance/glsl/bugs/angle-dx-variable-bug.html | took 0ms
16:59:17     INFO - TEST-START | /webgl/conformance-1.0.3/conformance/glsl/bugs/array-of-struct-with-int-first-position.html
16:59:17     INFO - TEST-SKIP | /webgl/conformance-1.0.3/conformance/glsl/bugs/array-of-struct-with-int-first-position.html | took 0ms
16:59:17     INFO - TEST-START | /webgl/conformance-1.0.3/conformance/glsl/bugs/compare-loop-index-to-uniform.html
16:59:17     INFO - TEST-SKIP | /webgl/conformance-1.0.3/conformance/glsl/bugs/compare-loop-index-to-uniform.html | took 0ms
16:59:17     INFO - TEST-START | /webgl/conformance-1.0.3/conformance/glsl/bugs/complex-glsl-does-not-crash.html
16:59:17     INFO - TEST-SKIP | /webgl/conformance-1.0.3/conformance/glsl/bugs/complex-glsl-does-not-crash.html | took 0ms
16:59:17     INFO - TEST-START | /webgl/conformance-1.0.3/conformance/glsl/bugs/conditional-discard-in-loop.html
16:59:17     INFO - TEST-SKIP | /webgl/conformance-1.0.3/conformance/glsl/bugs/conditional-discard-in-loop.html | took 0ms
16:59:17     INFO - TEST-START | /webgl/conformance-1.0.3/conformance/glsl/bugs/conditional-discard-optimization.html
16:59:17     INFO - TEST-SKIP | /webgl/conformance-1.0.3/conformance/glsl/bugs/conditional-discard-optimization.html | took 8ms
16:59:17     INFO - TEST-START | /webgl/conformance-1.0.3/conformance/glsl/bugs/constant-precision-qualifier.html
16:59:17     INFO - TEST-SKIP | /webgl/conformance-1.0.3/conformance/glsl/bugs/constant-precision-qualifier.html | took 0ms
16:59:17     INFO - TEST-START | /webgl/conformance-1.0.3/conformance/glsl/bugs/essl3-shaders-with-webgl1.html
16:59:17     INFO - TEST-SKIP | /webgl/conformance-1.0.3/conformance/glsl/bugs/essl3-shaders-with-webgl1.html | took 1ms
16:59:17     INFO - TEST-START | /webgl/conformance-1.0.3/conformance/glsl/bugs/floored-division-accuracy.html
16:59:17     INFO - TEST-SKIP | /webgl/conformance-1.0.3/conformance/glsl/bugs/floored-division-accuracy.html | took 0ms
16:59:17     INFO - TEST-START | /webgl/conformance-1.0.3/conformance/glsl/bugs/fragcoord-linking-bug.html
16:59:17     INFO - TEST-SKIP | /webgl/conformance-1.0.3/conformance/glsl/bugs/fragcoord-linking-bug.html | took 0ms
16:59:17     INFO - TEST-START | /webgl/conformance-1.0.3/conformance/glsl/bugs/long-expressions-should-not-crash.html
16:59:17     INFO - TEST-SKIP | /webgl/conformance-1.0.3/conformance/glsl/bugs/long-expressions-should-not-crash.html | took 0ms
16:59:17     INFO - TEST-START | /webgl/conformance-1.0.3/conformance/glsl/bugs/modulo-arithmetic-accuracy.html
16:59:17     INFO - TEST-SKIP | /webgl/conformance-1.0.3/conformance/glsl/bugs/modulo-arithmetic-accuracy.html | took 0ms
16:59:17     INFO - TEST-START | /webgl/conformance-1.0.3/conformance/glsl/bugs/multiplication-assignment.html
16:59:17     INFO - TEST-SKIP | /webgl/conformance-1.0.3/conformance/glsl/bugs/multiplication-assignment.html | took 0ms
16:59:17     INFO - TEST-START | /webgl/conformance-1.0.3/conformance/glsl/bugs/nested-functions-should-not-crash.html
16:59:17     INFO - TEST-SKIP | /webgl/conformance-1.0.3/conformance/glsl/bugs/nested-functions-should-not-crash.html | took 0ms
16:59:17     INFO - TEST-START | /webgl/conformance-1.0.3/conformance/glsl/bugs/sampler-array-using-loop-index.html
16:59:17     INFO - TEST-SKIP | /webgl/conformance-1.0.3/conformance/glsl/bugs/sampler-array-using-loop-index.html | took 0ms
16:59:17     INFO - TEST-START | /webgl/conformance-1.0.3/conformance/glsl/bugs/temp-expressions-should-not-crash.html
16:59:17     INFO - TEST-SKIP | /webgl/conformance-1.0.3/conformance/glsl/bugs/temp-expressions-should-not-crash.html | took 0ms
16:59:17     INFO - TEST-START | /webgl/conformance-1.0.3/conformance/glsl/bugs/uniforms-should-not-lose-values.html
16:59:17     INFO - TEST-SKIP | /webgl/conformance-1.0.3/conformance/glsl/bugs/uniforms-should-not-lose-values.html | took 1ms
16:59:17     INFO - TEST-START | /webgl/conformance-1.0.3/conformance/limits/gl-max-texture-dimensions.html
16:59:17     INFO - TEST-SKIP | /webgl/conformance-1.0.3/conformance/limits/gl-max-texture-dimensions.html | took 0ms
16:59:17     INFO - TEST-START | /webgl/conformance-1.0.3/conformance/limits/gl-min-attribs.html
16:59:17     INFO - TEST-SKIP | /webgl/conformance-1.0.3/conformance/limits/gl-min-attribs.html | took 0ms
16:59:17     INFO - TEST-START | /webgl/conformance-1.0.3/conformance/limits/gl-min-textures.html
16:59:17     INFO - TEST-SKIP | /webgl/conformance-1.0.3/conformance/limits/gl-min-textures.html | took 0ms
16:59:17     INFO - TEST-START | /webgl/conformance-1.0.3/conformance/limits/gl-min-uniforms.html
16:59:17     INFO - TEST-SKIP | /webgl/conformance-1.0.3/conformance/limits/gl-min-uniforms.html | took 0ms
16:59:17     INFO - TEST-START | /webgl/conformance-1.0.3/conformance/ogles/GL/asin/asin_001_to_006.html
16:59:17     INFO - TEST-SKIP | /webgl/conformance-1.0.3/conformance/ogles/GL/asin/asin_001_to_006.html | took 0ms
16:59:17     INFO - TEST-START | /webgl/conformance-1.0.3/conformance/ogles/GL/ceil/ceil_001_to_006.html
16:59:17     INFO - TEST-SKIP | /webgl/conformance-1.0.3/conformance/ogles/GL/ceil/ceil_001_to_006.html | took 0ms
16:59:17     INFO - TEST-START | /webgl/conformance-1.0.3/conformance/ogles/GL/control_flow/control_flow_001_to_008.html
16:59:17     INFO - TEST-SKIP | /webgl/conformance-1.0.3/conformance/ogles/GL/control_flow/control_flow_001_to_008.html | took 0ms
16:59:17     INFO - TEST-START | /webgl/conformance-1.0.3/conformance/ogles/GL/control_flow/control_flow_009_to_010.html
16:59:17     INFO - TEST-SKIP | /webgl/conformance-1.0.3/conformance/ogles/GL/control_flow/control_flow_009_to_010.html | took 0ms
16:59:17     INFO - TEST-START | /webgl/conformance-1.0.3/conformance/ogles/GL/exp/exp_001_to_008.html
16:59:17     INFO - TEST-SKIP | /webgl/conformance-1.0.3/conformance/ogles/GL/exp/exp_001_to_008.html | took 1ms
16:59:17     INFO - TEST-START | /webgl/conformance-1.0.3/conformance/ogles/GL/exp/exp_009_to_012.html
16:59:17     INFO - TEST-SKIP | /webgl/conformance-1.0.3/conformance/ogles/GL/exp/exp_009_to_012.html | took 0ms
16:59:17     INFO - TEST-START | /webgl/conformance-1.0.3/conformance/ogles/GL/length/length_001_to_006.html
16:59:17     INFO - TEST-SKIP | /webgl/conformance-1.0.3/conformance/ogles/GL/length/length_001_to_006.html | took 0ms
16:59:17     INFO - TEST-START | /webgl/conformance-1.0.3/conformance/ogles/GL/lessThanEqual/lessThanEqual_001_to_008.html
16:59:17     INFO - TEST-SKIP | /webgl/conformance-1.0.3/conformance/ogles/GL/lessThanEqual/lessThanEqual_001_to_008.html | took 0ms
16:59:17     INFO - TEST-START | /webgl/conformance-1.0.3/conformance/ogles/GL/log/log_001_to_008.html
16:59:17     INFO - TEST-SKIP | /webgl/conformance-1.0.3/conformance/ogles/GL/log/log_001_to_008.html | took 0ms
16:59:17     INFO - TEST-START | /webgl/conformance-1.0.3/conformance/ogles/GL/log/log_009_to_012.html
16:59:17     INFO - TEST-SKIP | /webgl/conformance-1.0.3/conformance/ogles/GL/log/log_009_to_012.html | took 0ms
16:59:17     INFO - TEST-START | /webgl/conformance-1.0.3/conformance/ogles/GL/matrixCompMult/matrixCompMult_001_to_004.html
16:59:17     INFO - TEST-SKIP | /webgl/conformance-1.0.3/conformance/ogles/GL/matrixCompMult/matrixCompMult_001_to_004.html | took 0ms
16:59:17     INFO - TEST-START | /webgl/conformance-1.0.3/conformance/ogles/GL/sign/sign_001_to_006.html
16:59:17     INFO - TEST-SKIP | /webgl/conformance-1.0.3/conformance/ogles/GL/sign/sign_001_to_006.html | took 0ms
16:59:17     INFO - TEST-START | /webgl/conformance-1.0.3/conformance/ogles/GL/step/step_001_to_006.html
16:59:17     INFO - TEST-SKIP | /webgl/conformance-1.0.3/conformance/ogles/GL/step/step_001_to_006.html | took 0ms
16:59:17     INFO - TEST-START | /webgl/conformance-1.0.3/conformance/ogles/GL/vec3/vec3_001_to_008.html
16:59:17     INFO - TEST-SKIP | /webgl/conformance-1.0.3/conformance/ogles/GL/vec3/vec3_001_to_008.html | took 8ms
16:59:17     INFO - TEST-START | /webgl/conformance-1.0.3/conformance/state/gl-enable-enum-test.html
16:59:17     INFO - TEST-SKIP | /webgl/conformance-1.0.3/conformance/state/gl-enable-enum-test.html | took 0ms
16:59:17     INFO - TEST-START | /webgl/conformance-1.0.3/conformance/state/gl-enum-tests.html
16:59:17     INFO - TEST-SKIP | /webgl/conformance-1.0.3/conformance/state/gl-enum-tests.html | took 0ms
16:59:17     INFO - TEST-START | /webgl/conformance-1.0.3/conformance/state/gl-get-calls.html
16:59:17     INFO - TEST-SKIP | /webgl/conformance-1.0.3/conformance/state/gl-get-calls.html | took 0ms
16:59:17     INFO - TEST-START | /webgl/conformance-1.0.3/conformance/state/gl-geterror.html
16:59:17     INFO - TEST-SKIP | /webgl/conformance-1.0.3/conformance/state/gl-geterror.html | took 0ms
16:59:17     INFO - TEST-START | /webgl/conformance-1.0.3/conformance/state/gl-getstring.html
16:59:17     INFO - TEST-SKIP | /webgl/conformance-1.0.3/conformance/state/gl-getstring.html | took 0ms
16:59:17     INFO - TEST-START | /webgl/conformance-1.0.3/conformance/state/gl-object-get-calls.html
16:59:17     INFO - TEST-SKIP | /webgl/conformance-1.0.3/conformance/state/gl-object-get-calls.html | took 0ms
16:59:17     INFO - TEST-START | /webgl/conformance-1.0.3/conformance/state/state-uneffected-after-compositing.html
16:59:17     INFO - TEST-SKIP | /webgl/conformance-1.0.3/conformance/state/state-uneffected-after-compositing.html | took 0ms
16:59:17     INFO - TEST-START | /webgl/conformance-1.0.3/conformance/uniforms/gl-uniform-arrays.html
16:59:17     INFO - TEST-SKIP | /webgl/conformance-1.0.3/conformance/uniforms/gl-uniform-arrays.html | took 0ms
16:59:17     INFO - TEST-START | /webgl/conformance-1.0.3/conformance/uniforms/gl-uniform-bool.html
16:59:17     INFO - TEST-SKIP | /webgl/conformance-1.0.3/conformance/uniforms/gl-uniform-bool.html | took 0ms
16:59:17     INFO - TEST-START | /webgl/conformance-1.0.3/conformance/uniforms/gl-uniformmatrix4fv.html
16:59:17     INFO - TEST-SKIP | /webgl/conformance-1.0.3/conformance/uniforms/gl-uniformmatrix4fv.html | took 9ms
16:59:17     INFO - TEST-START | /webgl/conformance-1.0.3/conformance/uniforms/gl-unknown-uniform.html
16:59:17     INFO - TEST-SKIP | /webgl/conformance-1.0.3/conformance/uniforms/gl-unknown-uniform.html | took 0ms
16:59:17     INFO - TEST-START | /webgl/conformance-1.0.3/conformance/uniforms/null-uniform-location.html
16:59:17     INFO - TEST-SKIP | /webgl/conformance-1.0.3/conformance/uniforms/null-uniform-location.html | took 0ms
16:59:17     INFO - TEST-START | /webgl/conformance-1.0.3/conformance/uniforms/out-of-bounds-uniform-array-access.html
16:59:17     INFO - TEST-SKIP | /webgl/conformance-1.0.3/conformance/uniforms/out-of-bounds-uniform-array-access.html | took 0ms
16:59:17     INFO - TEST-START | /webgl/conformance-1.0.3/conformance/uniforms/uniform-default-values.html
16:59:17     INFO - TEST-SKIP | /webgl/conformance-1.0.3/conformance/uniforms/uniform-default-values.html | took 0ms
16:59:17     INFO - TEST-START | /webgl/conformance-1.0.3/conformance/uniforms/uniform-location.html
16:59:17     INFO - TEST-SKIP | /webgl/conformance-1.0.3/conformance/uniforms/uniform-location.html | took 0ms
16:59:17     INFO - TEST-START | /webgl/conformance-1.0.3/conformance/uniforms/uniform-samplers-test.html
16:59:17     INFO - TEST-SKIP | /webgl/conformance-1.0.3/conformance/uniforms/uniform-samplers-test.html | took 1ms
16:59:17     INFO - TEST-START | /webgl/conformance-1.0.3/conformance/uniforms/uniform-values-per-program.html
16:59:17     INFO - TEST-SKIP | /webgl/conformance-1.0.3/conformance/uniforms/uniform-values-per-program.html | took 0ms
16:59:17     INFO - TEST-START | /websockets/interfaces/WebSocket/extensions/001.html?wss
16:59:17     INFO - TEST-SKIP | /websockets/interfaces/WebSocket/extensions/001.html?wss | took 0ms
16:59:17     INFO - TEST-START | /websockets/interfaces/WebSocket/extensions/001.html
16:59:17     INFO - TEST-SKIP | /websockets/interfaces/WebSocket/extensions/001.html | took 0ms
16:59:17     INFO - TEST-START | /webstorage/storage_local_setitem_quotaexceedederr.html
16:59:17     INFO - TEST-SKIP | /webstorage/storage_local_setitem_quotaexceedederr.html | took 9ms
16:59:17     INFO - TEST-START | /webstorage/storage_session_setitem_quotaexceedederr.html
16:59:17     INFO - TEST-SKIP | /webstorage/storage_session_setitem_quotaexceedederr.html | took 0ms
16:59:17     INFO - Setting up ssl
16:59:17     INFO - PROCESS | certutil | 
16:59:17     INFO - PROCESS | certutil | 
16:59:17     INFO - PROCESS | certutil | 
16:59:17     INFO - Certificate Nickname                                         Trust Attributes
16:59:17     INFO -                                                              SSL,S/MIME,JAR/XPI
16:59:17     INFO - 
16:59:17     INFO - web-platform-tests                                           CT,, 
16:59:17     INFO - 
16:59:17     INFO - Application command: /builds/slave/test/build/application/Firefox.app/Contents/MacOS/firefox --marionette about:blank -foreground -profile /var/folders/zn/cd1kk5_j395_6yk0j171qxfh00000w/T/tmp1mufL_.mozrunner
16:59:17     INFO - Starting runner
16:59:18     INFO - PROCESS | 686 | 1528502358856	Marionette	INFO	Listening on port 2828
16:59:20     INFO - TEST-START | /2dcontext/drawing-rectangles-to-the-canvas/2d.clearRect.basic.html
16:59:21     INFO - .
16:59:21     INFO - TEST-OK | /2dcontext/drawing-rectangles-to-the-canvas/2d.clearRect.basic.html | took 368ms
16:59:21     INFO - TEST-START | /2dcontext/drawing-rectangles-to-the-canvas/2d.clearRect.clip.html
16:59:21     INFO - .
16:59:21     INFO - TEST-OK | /2dcontext/drawing-rectangles-to-the-canvas/2d.clearRect.clip.html | took 264ms
16:59:21     INFO - TEST-START | /2dcontext/drawing-rectangles-to-the-canvas/2d.clearRect.globalalpha.html
16:59:21     INFO - .
16:59:21     INFO - TEST-OK | /2dcontext/drawing-rectangles-to-the-canvas/2d.clearRect.globalalpha.html | took 215ms
16:59:21     INFO - TEST-START | /2dcontext/drawing-rectangles-to-the-canvas/2d.clearRect.globalcomposite.html
16:59:22     INFO - .
16:59:22     INFO - TEST-OK | /2dcontext/drawing-rectangles-to-the-canvas/2d.clearRect.globalcomposite.html | took 215ms
16:59:22     INFO - TEST-START | /2dcontext/drawing-rectangles-to-the-canvas/2d.clearRect.negative.html
16:59:22     INFO - .
16:59:22     INFO - TEST-OK | /2dcontext/drawing-rectangles-to-the-canvas/2d.clearRect.negative.html | took 215ms
16:59:22     INFO - TEST-START | /2dcontext/drawing-rectangles-to-the-canvas/2d.clearRect.nonfinite.html
16:59:22     INFO - .
16:59:22     INFO - TEST-OK | /2dcontext/drawing-rectangles-to-the-canvas/2d.clearRect.nonfinite.html | took 265ms
16:59:22     INFO - TEST-START | /2dcontext/drawing-rectangles-to-the-canvas/2d.clearRect.path.html
16:59:22     INFO - .
16:59:22     INFO - TEST-OK | /2dcontext/drawing-rectangles-to-the-canvas/2d.clearRect.path.html | took 214ms
16:59:22     INFO - TEST-START | /2dcontext/drawing-rectangles-to-the-canvas/2d.clearRect.shadow.html
16:59:22     INFO - .
16:59:22     INFO - TEST-OK | /2dcontext/drawing-rectangles-to-the-canvas/2d.clearRect.shadow.html | took 215ms
16:59:22     INFO - TEST-START | /2dcontext/drawing-rectangles-to-the-canvas/2d.clearRect.transform.html
16:59:23     INFO - .
16:59:23     INFO - TEST-OK | /2dcontext/drawing-rectangles-to-the-canvas/2d.clearRect.transform.html | took 214ms
16:59:23     INFO - TEST-START | /2dcontext/drawing-rectangles-to-the-canvas/2d.clearRect.zero.html
16:59:23     INFO - .
16:59:23     INFO - TEST-OK | /2dcontext/drawing-rectangles-to-the-canvas/2d.clearRect.zero.html | took 214ms
16:59:23     INFO - TEST-START | /2dcontext/drawing-rectangles-to-the-canvas/2d.fillRect.basic.html
16:59:23     INFO - .
16:59:23     INFO - TEST-OK | /2dcontext/drawing-rectangles-to-the-canvas/2d.fillRect.basic.html | took 214ms
16:59:23     INFO - TEST-START | /2dcontext/drawing-rectangles-to-the-canvas/2d.fillRect.clip.html
16:59:23     INFO - .
16:59:23     INFO - TEST-OK | /2dcontext/drawing-rectangles-to-the-canvas/2d.fillRect.clip.html | took 214ms
16:59:23     INFO - TEST-START | /2dcontext/drawing-rectangles-to-the-canvas/2d.fillRect.negative.html
16:59:24     INFO - .
16:59:24     INFO - TEST-OK | /2dcontext/drawing-rectangles-to-the-canvas/2d.fillRect.negative.html | took 214ms
16:59:24     INFO - TEST-START | /2dcontext/drawing-rectangles-to-the-canvas/2d.fillRect.nonfinite.html
16:59:24     INFO - .
16:59:24     INFO - TEST-OK | /2dcontext/drawing-rectangles-to-the-canvas/2d.fillRect.nonfinite.html | took 214ms
16:59:24     INFO - TEST-START | /2dcontext/drawing-rectangles-to-the-canvas/2d.fillRect.path.html
16:59:24     INFO - .
16:59:24     INFO - TEST-OK | /2dcontext/drawing-rectangles-to-the-canvas/2d.fillRect.path.html | took 214ms
16:59:24     INFO - TEST-START | /2dcontext/drawing-rectangles-to-the-canvas/2d.fillRect.shadow.html
16:59:24     INFO - .
16:59:24     INFO - TEST-OK | /2dcontext/drawing-rectangles-to-the-canvas/2d.fillRect.shadow.html | took 215ms
16:59:24     INFO - TEST-START | /2dcontext/drawing-rectangles-to-the-canvas/2d.fillRect.transform.html
16:59:24     INFO - .
16:59:24     INFO - TEST-OK | /2dcontext/drawing-rectangles-to-the-canvas/2d.fillRect.transform.html | took 214ms
16:59:24     INFO - TEST-START | /2dcontext/drawing-rectangles-to-the-canvas/2d.fillRect.zero.html
16:59:25     INFO - .
16:59:25     INFO - TEST-OK | /2dcontext/drawing-rectangles-to-the-canvas/2d.fillRect.zero.html | took 264ms
16:59:25     INFO - TEST-START | /2dcontext/drawing-rectangles-to-the-canvas/2d.strokeRect.basic.html
16:59:25     INFO - .
16:59:25     INFO - TEST-OK | /2dcontext/drawing-rectangles-to-the-canvas/2d.strokeRect.basic.html | took 314ms
16:59:25     INFO - TEST-START | /2dcontext/drawing-rectangles-to-the-canvas/2d.strokeRect.clip.html
16:59:25     INFO - .
16:59:25     INFO - TEST-OK | /2dcontext/drawing-rectangles-to-the-canvas/2d.strokeRect.clip.html | took 265ms
16:59:25     INFO - TEST-START | /2dcontext/drawing-rectangles-to-the-canvas/2d.strokeRect.globalalpha.html
16:59:26     INFO - .
16:59:26     INFO - TEST-OK | /2dcontext/drawing-rectangles-to-the-canvas/2d.strokeRect.globalalpha.html | took 215ms
16:59:26     INFO - TEST-START | /2dcontext/drawing-rectangles-to-the-canvas/2d.strokeRect.globalcomposite.html
16:59:26     INFO - .
16:59:26     INFO - TEST-OK | /2dcontext/drawing-rectangles-to-the-canvas/2d.strokeRect.globalcomposite.html | took 215ms
16:59:26     INFO - TEST-START | /2dcontext/drawing-rectangles-to-the-canvas/2d.strokeRect.negative.html
16:59:26     INFO - .
16:59:26     INFO - TEST-OK | /2dcontext/drawing-rectangles-to-the-canvas/2d.strokeRect.negative.html | took 215ms
16:59:26     INFO - TEST-START | /2dcontext/drawing-rectangles-to-the-canvas/2d.strokeRect.nonfinite.html
16:59:26     INFO - .
16:59:26     INFO - TEST-OK | /2dcontext/drawing-rectangles-to-the-canvas/2d.strokeRect.nonfinite.html | took 215ms
16:59:26     INFO - TEST-START | /2dcontext/drawing-rectangles-to-the-canvas/2d.strokeRect.path.html
16:59:26     INFO - .
16:59:26     INFO - TEST-OK | /2dcontext/drawing-rectangles-to-the-canvas/2d.strokeRect.path.html | took 266ms
16:59:26     INFO - TEST-START | /2dcontext/drawing-rectangles-to-the-canvas/2d.strokeRect.shadow.html
16:59:27     INFO - .
16:59:27     INFO - TEST-OK | /2dcontext/drawing-rectangles-to-the-canvas/2d.strokeRect.shadow.html | took 216ms
16:59:27     INFO - TEST-START | /2dcontext/drawing-rectangles-to-the-canvas/2d.strokeRect.transform.html
16:59:27     INFO - .
16:59:27     INFO - TEST-OK | /2dcontext/drawing-rectangles-to-the-canvas/2d.strokeRect.transform.html | took 215ms
16:59:27     INFO - TEST-START | /2dcontext/drawing-rectangles-to-the-canvas/2d.strokeRect.zero.1.html
16:59:27     INFO - .
16:59:27     INFO - TEST-OK | /2dcontext/drawing-rectangles-to-the-canvas/2d.strokeRect.zero.1.html | took 214ms
16:59:27     INFO - TEST-START | /2dcontext/drawing-rectangles-to-the-canvas/2d.strokeRect.zero.2.html
16:59:27     INFO - .
16:59:27     INFO - TEST-OK | /2dcontext/drawing-rectangles-to-the-canvas/2d.strokeRect.zero.2.html | took 214ms
16:59:27     INFO - TEST-START | /2dcontext/drawing-rectangles-to-the-canvas/2d.strokeRect.zero.3.html
16:59:28     INFO - .
16:59:28     INFO - TEST-OK | /2dcontext/drawing-rectangles-to-the-canvas/2d.strokeRect.zero.3.html | took 214ms
16:59:28     INFO - TEST-START | /2dcontext/drawing-rectangles-to-the-canvas/2d.strokeRect.zero.4.html
16:59:28     INFO - .
16:59:28     INFO - TEST-OK | /2dcontext/drawing-rectangles-to-the-canvas/2d.strokeRect.zero.4.html | took 215ms
16:59:28     INFO - TEST-START | /2dcontext/drawing-rectangles-to-the-canvas/2d.strokeRect.zero.5.html
16:59:28     INFO - .
16:59:28     INFO - TEST-OK | /2dcontext/drawing-rectangles-to-the-canvas/2d.strokeRect.zero.5.html | took 214ms
16:59:28     INFO - TEST-START | /WebCryptoAPI/sign_verify/ecdsa.worker
16:59:29     INFO - ........................................................................................................................................................................
16:59:29     INFO - TEST-OK | /WebCryptoAPI/sign_verify/ecdsa.worker | took 1186ms
16:59:29     INFO - TEST-START | /WebCryptoAPI/sign_verify/hmac.worker
16:59:30     INFO - ........................................
16:59:30     INFO - TEST-OK | /WebCryptoAPI/sign_verify/hmac.worker | took 320ms
16:59:30     INFO - TEST-START | /WebCryptoAPI/sign_verify/rsa_pkcs.worker
16:59:30     INFO - ............................................
16:59:30     INFO - TEST-OK | /WebCryptoAPI/sign_verify/rsa_pkcs.worker | took 420ms
16:59:30     INFO - TEST-START | /WebCryptoAPI/sign_verify/rsa_pss.worker
16:59:31     INFO - ........................................................................................
16:59:31     INFO - TEST-OK | /WebCryptoAPI/sign_verify/rsa_pss.worker | took 529ms
16:59:31     INFO - TEST-START | /WebCryptoAPI/sign_verify/test_ecdsa.html
16:59:31     INFO - PROCESS | 686 | JavaScript warning: http://web-platform.test:8000/WebCryptoAPI/sign_verify/ecdsa.js, line 478: unreachable code after return statement
16:59:31     INFO - PROCESS | 686 | JavaScript warning: http://web-platform.test:8000/WebCryptoAPI/sign_verify/ecdsa.js, line 478: unreachable code after return statement
16:59:31     INFO - ...........
16:59:31     INFO - TEST-OK | /WebCryptoAPI/sign_verify/test_ecdsa.html | took 370ms
16:59:31     INFO - TEST-START | /WebCryptoAPI/sign_verify/test_hmac.html
16:59:31     INFO - PROCESS | 686 | JavaScript warning: http://web-platform.test:8000/WebCryptoAPI/sign_verify/hmac.js, line 346: unreachable code after return statement
16:59:31     INFO - PROCESS | 686 | JavaScript warning: http://web-platform.test:8000/WebCryptoAPI/sign_verify/hmac.js, line 346: unreachable code after return statement
16:59:31     INFO - ........................................
16:59:31     INFO - TEST-OK | /WebCryptoAPI/sign_verify/test_hmac.html | took 271ms
16:59:31     INFO - TEST-START | /WebCryptoAPI/sign_verify/test_rsa_pkcs.html
16:59:31     INFO - ............................................
16:59:31     INFO - TEST-OK | /WebCryptoAPI/sign_verify/test_rsa_pkcs.html | took 320ms
16:59:31     INFO - TEST-START | /WebCryptoAPI/sign_verify/test_rsa_pss.html
16:59:32     INFO - ........................................................................................
16:59:32     INFO - TEST-OK | /WebCryptoAPI/sign_verify/test_rsa_pss.html | took 376ms
16:59:32     INFO - TEST-START | /battery-status/battery-interface-idlharness.html
16:59:32     INFO - .
16:59:32     INFO - TEST-OK | /battery-status/battery-interface-idlharness.html | took 267ms
16:59:32     INFO - TEST-START | /content-security-policy/generic/generic-0_1-img-src.html
16:59:33     INFO - ..
16:59:33     INFO - TEST-OK | /content-security-policy/generic/generic-0_1-img-src.html | took 716ms
16:59:33     INFO - TEST-START | /content-security-policy/generic/generic-0_1-script-src.html
16:59:34     INFO - ...
16:59:34     INFO - TEST-OK | /content-security-policy/generic/generic-0_1-script-src.html | took 716ms
16:59:34     INFO - TEST-START | /content-security-policy/generic/generic-0_10.html
16:59:39     INFO - .
16:59:39     INFO - TEST-OK | /content-security-policy/generic/generic-0_10.html | took 5222ms
16:59:39     INFO - TEST-START | /content-security-policy/generic/generic-0_10_1.sub.html
16:59:40     INFO - ..
16:59:40     INFO - TEST-OK | /content-security-policy/generic/generic-0_10_1.sub.html | took 765ms
16:59:40     INFO - TEST-START | /content-security-policy/generic/generic-0_2.html
16:59:45     INFO - ..
16:59:45     INFO - TEST-OK | /content-security-policy/generic/generic-0_2.html | took 5219ms
16:59:45     INFO - TEST-START | /content-security-policy/generic/generic-0_2_2.sub.html
16:59:46     INFO - ..
16:59:46     INFO - TEST-OK | /content-security-policy/generic/generic-0_2_2.sub.html | took 767ms
16:59:46     INFO - TEST-START | /content-security-policy/generic/generic-0_2_3.html
16:59:46     INFO - ..
16:59:46     INFO - TEST-OK | /content-security-policy/generic/generic-0_2_3.html | took 715ms
16:59:46     INFO - TEST-START | /content-security-policy/generic/generic-0_8.html
16:59:52     INFO - ..
16:59:52     INFO - TEST-OK | /content-security-policy/generic/generic-0_8.html | took 5224ms
16:59:52     INFO - TEST-START | /content-security-policy/generic/generic-0_8_1.sub.html
16:59:52     INFO - ..
16:59:52     INFO - TEST-OK | /content-security-policy/generic/generic-0_8_1.sub.html | took 716ms
16:59:52     INFO - TEST-START | /content-security-policy/generic/generic-0_9.sub.html
16:59:57     INFO - ..
16:59:57     INFO - TEST-OK | /content-security-policy/generic/generic-0_9.sub.html | took 5222ms
16:59:57     INFO - TEST-START | /content-security-policy/generic/no-default-src.sub.html
17:00:03     INFO - ..
17:00:03     INFO - TEST-OK | /content-security-policy/generic/no-default-src.sub.html | took 5222ms
17:00:03     INFO - TEST-START | /cookies/secure/set-from-dom.https.sub.html
17:00:03     INFO - ..
17:00:03     INFO - TEST-OK | /cookies/secure/set-from-dom.https.sub.html | took 416ms
17:00:03     INFO - TEST-START | /cookies/secure/set-from-dom.sub.html
17:00:04     INFO - ..
17:00:04     INFO - TEST-OK | /cookies/secure/set-from-dom.sub.html | took 489ms
17:00:04     INFO - TEST-START | /cookies/secure/set-from-http.https.sub.html
17:00:04     INFO - ..
17:00:04     INFO - TEST-OK | /cookies/secure/set-from-http.https.sub.html | took 403ms
17:00:04     INFO - TEST-START | /cookies/secure/set-from-http.sub.html
17:00:04     INFO - ..
17:00:04     INFO - TEST-OK | /cookies/secure/set-from-http.sub.html | took 356ms
17:00:04     INFO - TEST-START | /cookies/secure/set-from-ws.https.sub.html
17:00:05     INFO - .
17:00:05     INFO - TEST-OK | /cookies/secure/set-from-ws.https.sub.html | took 360ms
17:00:05     INFO - TEST-START | /cookies/secure/set-from-wss.https.sub.html
17:00:05     INFO - .
17:00:05     INFO - TEST-OK | /cookies/secure/set-from-wss.https.sub.html | took 264ms
17:00:05     INFO - TEST-START | /dom/historical.html
17:00:05     INFO - ................................................
17:00:05     INFO - TEST-OK | /dom/historical.html | took 489ms
17:00:05     INFO - TEST-START | /dom/interface-objects.html
17:00:06     INFO - .....................
17:00:06     INFO - TEST-OK | /dom/interface-objects.html | took 266ms
17:00:06     INFO - TEST-START | /dom/interfaces.html
17:00:06     INFO - Setting pref dom.node.rootNode.enabled (true)
17:00:07     INFO - .........................................................................................................................................................................................................................................................................................................................................................................................................................................................................................................................................................................................................................................................................................................................................................................................................................................................................................................................................................................................................................................................................................................................................................................................................................................................................................................................................................................................................................................................................................................................................................................................................................................................................
17:00:07     INFO - TEST-OK | /dom/interfaces.html | took 931ms
17:00:07     INFO - TEST-START | /dom/nodes/CharacterData-appendChild.html
17:00:07     INFO - Clearing pref dom.node.rootNode.enabled
17:00:07     INFO - .........
17:00:07     INFO - TEST-OK | /dom/nodes/CharacterData-appendChild.html | took 221ms
17:00:07     INFO - TEST-START | /dom/nodes/CharacterData-appendData.html
17:00:07     INFO - ..............
17:00:07     INFO - TEST-OK | /dom/nodes/CharacterData-appendData.html | took 217ms
17:00:07     INFO - TEST-START | /dom/nodes/CharacterData-data.html
17:00:07     INFO - ................
17:00:07     INFO - TEST-OK | /dom/nodes/CharacterData-data.html | took 216ms
17:00:07     INFO - TEST-START | /dom/nodes/CharacterData-deleteData.html
17:00:08     INFO - ..................
17:00:08     INFO - TEST-OK | /dom/nodes/CharacterData-deleteData.html | took 217ms
17:00:08     INFO - TEST-START | /dom/nodes/CharacterData-insertData.html
17:00:08     INFO - ..................
17:00:08     INFO - TEST-OK | /dom/nodes/CharacterData-insertData.html | took 217ms
17:00:08     INFO - TEST-START | /dom/nodes/CharacterData-remove.html
17:00:08     INFO - ............
17:00:08     INFO - TEST-OK | /dom/nodes/CharacterData-remove.html | took 216ms
17:00:08     INFO - TEST-START | /dom/nodes/CharacterData-replaceData.html
17:00:08     INFO - ..................................
17:00:08     INFO - TEST-OK | /dom/nodes/CharacterData-replaceData.html | took 219ms
17:00:08     INFO - TEST-START | /dom/nodes/CharacterData-substringData.html
17:00:08     INFO - ............................
17:00:08     INFO - TEST-OK | /dom/nodes/CharacterData-substringData.html | took 219ms
17:00:08     INFO - TEST-START | /dom/nodes/CharacterData-surrogates.html
17:00:09     INFO - ........
17:00:09     INFO - TEST-OK | /dom/nodes/CharacterData-surrogates.html | took 216ms
17:00:09     INFO - TEST-START | /dom/nodes/ChildNode-after.html
17:00:09     INFO - .............................................
17:00:09     INFO - TEST-OK | /dom/nodes/ChildNode-after.html | took 220ms
17:00:09     INFO - TEST-START | /dom/nodes/ChildNode-before.html
17:00:09     INFO - .............................................
17:00:09     INFO - TEST-OK | /dom/nodes/ChildNode-before.html | took 320ms
17:00:09     INFO - TEST-START | /dom/nodes/ChildNode-replaceWith.html
17:00:10     INFO - .................................
17:00:10     INFO - TEST-OK | /dom/nodes/ChildNode-replaceWith.html | took 371ms
17:00:10     INFO - TEST-START | /dom/nodes/Comment-constructor.html
17:00:10     INFO - ................
17:00:10     INFO - TEST-OK | /dom/nodes/Comment-constructor.html | took 367ms
17:00:10     INFO - TEST-START | /dom/nodes/DOMImplementation-createDocument.html
17:00:10     INFO - ...........................................................................................................................................................................................................................................................................................................................................................................................................
17:00:10     INFO - TEST-OK | /dom/nodes/DOMImplementation-createDocument.html | took 471ms
17:00:10     INFO - TEST-START | /dom/nodes/DOMImplementation-createDocumentType.html
17:00:11     INFO - ..................................................................................
17:00:11     INFO - TEST-OK | /dom/nodes/DOMImplementation-createDocumentType.html | took 275ms
17:00:11     INFO - TEST-START | /dom/nodes/DOMImplementation-createHTMLDocument.html
17:00:11     INFO - ............
17:00:11     INFO - TEST-OK | /dom/nodes/DOMImplementation-createHTMLDocument.html | took 217ms
17:00:11     INFO - TEST-START | /dom/nodes/DOMImplementation-hasFeature.html
17:00:11     INFO - .........................................................................................................................................
17:00:11     INFO - TEST-OK | /dom/nodes/DOMImplementation-hasFeature.html | took 282ms
17:00:11     INFO - TEST-START | /dom/nodes/Document-URL.sub.html
17:00:11     INFO - .
17:00:11     INFO - TEST-OK | /dom/nodes/Document-URL.sub.html | took 214ms
17:00:11     INFO - TEST-START | /dom/nodes/Document-adoptNode.html
17:00:12     INFO - ....
17:00:12     INFO - TEST-OK | /dom/nodes/Document-adoptNode.html | took 265ms
17:00:12     INFO - TEST-START | /dom/nodes/Document-characterSet-normalization.html
17:00:15     INFO - ..............................................................................................................................................................................................................................................................................................................................................................................................................................................................................................................................................................................................................................................................................
17:00:15     INFO - TEST-OK | /dom/nodes/Document-characterSet-normalization.html | took 2912ms
17:00:15     INFO - TEST-START | /dom/nodes/Document-constructor.html
17:00:15     INFO - .....
17:00:15     INFO - TEST-OK | /dom/nodes/Document-constructor.html | took 219ms
17:00:15     INFO - TEST-START | /dom/nodes/Document-contentType/contentType/contenttype_css.html
17:00:15     INFO - .
17:00:15     INFO - TEST-OK | /dom/nodes/Document-contentType/contentType/contenttype_css.html | took 365ms
17:00:15     INFO - TEST-START | /dom/nodes/Document-contentType/contentType/contenttype_datauri_01.html
17:00:16     INFO - .
17:00:16     INFO - TEST-OK | /dom/nodes/Document-contentType/contentType/contenttype_datauri_01.html | took 364ms
17:00:16     INFO - TEST-START | /dom/nodes/Document-contentType/contentType/contenttype_datauri_02.html
17:00:16     INFO - .
17:00:16     INFO - TEST-OK | /dom/nodes/Document-contentType/contentType/contenttype_datauri_02.html | took 364ms
17:00:16     INFO - TEST-START | /dom/nodes/Document-contentType/contentType/contenttype_gif.html
17:00:17     INFO - .
17:00:17     INFO - TEST-OK | /dom/nodes/Document-contentType/contentType/contenttype_gif.html | took 767ms
17:00:17     INFO - TEST-START | /dom/nodes/Document-contentType/contentType/contenttype_html.html
17:00:17     INFO - .
17:00:17     INFO - TEST-OK | /dom/nodes/Document-contentType/contentType/contenttype_html.html | took 265ms
17:00:17     INFO - TEST-START | /dom/nodes/Document-contentType/contentType/contenttype_javascripturi.html
17:00:17     INFO - .
17:00:17     INFO - TEST-OK | /dom/nodes/Document-contentType/contentType/contenttype_javascripturi.html | took 215ms
17:00:17     INFO - TEST-START | /dom/nodes/Document-contentType/contentType/contenttype_jpg.html
17:00:18     INFO - .
17:00:18     INFO - TEST-OK | /dom/nodes/Document-contentType/contentType/contenttype_jpg.html | took 265ms
17:00:18     INFO - TEST-START | /dom/nodes/Document-contentType/contentType/contenttype_mimeheader_01.html
17:00:18     INFO - .
17:00:18     INFO - TEST-OK | /dom/nodes/Document-contentType/contentType/contenttype_mimeheader_01.html | took 214ms
17:00:18     INFO - TEST-START | /dom/nodes/Document-contentType/contentType/contenttype_mimeheader_02.html
17:00:18     INFO - .
17:00:18     INFO - TEST-OK | /dom/nodes/Document-contentType/contentType/contenttype_mimeheader_02.html | took 214ms
17:00:18     INFO - TEST-START | /dom/nodes/Document-contentType/contentType/contenttype_png.html
17:00:18     INFO - .
17:00:18     INFO - TEST-OK | /dom/nodes/Document-contentType/contentType/contenttype_png.html | took 264ms
17:00:18     INFO - TEST-START | /dom/nodes/Document-contentType/contentType/contenttype_txt.html
17:00:18     INFO - .
17:00:18     INFO - TEST-OK | /dom/nodes/Document-contentType/contentType/contenttype_txt.html | took 264ms
17:00:18     INFO - TEST-START | /dom/nodes/Document-contentType/contentType/contenttype_xml.html
17:00:19     INFO - .
17:00:19     INFO - TEST-OK | /dom/nodes/Document-contentType/contentType/contenttype_xml.html | took 265ms
17:00:19     INFO - TEST-START | /dom/nodes/Document-contentType/contentType/createDocument.html
17:00:19     INFO - .
17:00:19     INFO - TEST-OK | /dom/nodes/Document-contentType/contentType/createDocument.html | took 214ms
17:00:19     INFO - TEST-START | /dom/nodes/Document-contentType/contentType/createHTMLDocument.html
17:00:19     INFO - .
17:00:19     INFO - TEST-OK | /dom/nodes/Document-contentType/contentType/createHTMLDocument.html | took 215ms
17:00:19     INFO - TEST-START | /dom/nodes/Document-contentType/contentType/xhr_responseType_document.html
17:00:19     INFO - .
17:00:19     INFO - TEST-OK | /dom/nodes/Document-contentType/contentType/xhr_responseType_document.html | took 215ms
17:00:19     INFO - TEST-START | /dom/nodes/Document-createAttribute.html
17:00:20     INFO - ......................
17:00:20     INFO - TEST-OK | /dom/nodes/Document-createAttribute.html | took 218ms
17:00:20     INFO - TEST-START | /dom/nodes/Document-createComment.html
17:00:20     INFO - ......
17:00:20     INFO - TEST-OK | /dom/nodes/Document-createComment.html | took 216ms
17:00:20     INFO - TEST-START | /dom/nodes/Document-createElement-namespace.html
17:00:21     INFO - ...................................................
17:00:21     INFO - TEST-OK | /dom/nodes/Document-createElement-namespace.html | took 1172ms
17:00:21     INFO - TEST-START | /dom/nodes/Document-createElement.html
17:00:22     INFO - ...................................................................................................................................................
17:00:22     INFO - TEST-OK | /dom/nodes/Document-createElement.html | took 535ms
17:00:22     INFO - TEST-START | /dom/nodes/Document-createElementNS.html
17:00:22     INFO - ..............................................................................................................................................................................................................................................................................................................................................................................................................................................................................................................................................................................................................
17:00:22     INFO - TEST-OK | /dom/nodes/Document-createElementNS.html | took 599ms
17:00:22     INFO - TEST-START | /dom/nodes/Document-createEvent.html
17:00:23     INFO - ..........................................................................................................................................................................................................................................................................................................................................................
17:00:23     INFO - TEST-OK | /dom/nodes/Document-createEvent.html | took 366ms
17:00:23     INFO - TEST-START | /dom/nodes/Document-createProcessingInstruction-xhtml.xhtml
17:00:23     INFO - ............
17:00:23     INFO - TEST-OK | /dom/nodes/Document-createProcessingInstruction-xhtml.xhtml | took 265ms
17:00:23     INFO - TEST-START | /dom/nodes/Document-createProcessingInstruction.html
17:00:23     INFO - ............
17:00:23     INFO - TEST-OK | /dom/nodes/Document-createProcessingInstruction.html | took 266ms
17:00:23     INFO - TEST-START | /dom/nodes/Document-createTextNode.html
17:00:23     INFO - ......
17:00:23     INFO - TEST-OK | /dom/nodes/Document-createTextNode.html | took 217ms
17:00:23     INFO - TEST-START | /dom/nodes/Document-createTreeWalker.html
17:00:24     INFO - .....
17:00:24     INFO - TEST-OK | /dom/nodes/Document-createTreeWalker.html | took 265ms
17:00:24     INFO - TEST-START | /dom/nodes/Document-doctype.html
17:00:24     INFO - ..
17:00:24     INFO - TEST-OK | /dom/nodes/Document-doctype.html | took 266ms
17:00:24     INFO - TEST-START | /dom/nodes/Document-getElementById.html
17:00:24     INFO - ..................
17:00:24     INFO - TEST-OK | /dom/nodes/Document-getElementById.html | took 219ms
17:00:24     INFO - TEST-START | /dom/nodes/Document-getElementsByTagName-xhtml.xhtml
17:00:24     INFO - ..........
17:00:24     INFO - TEST-OK | /dom/nodes/Document-getElementsByTagName-xhtml.xhtml | took 216ms
17:00:24     INFO - TEST-START | /dom/nodes/Document-getElementsByTagName.html
17:00:25     INFO - .................
17:00:25     INFO - TEST-OK | /dom/nodes/Document-getElementsByTagName.html | took 216ms
17:00:25     INFO - TEST-START | /dom/nodes/Document-getElementsByTagNameNS.html
17:00:25     INFO - .............
17:00:25     INFO - TEST-OK | /dom/nodes/Document-getElementsByTagNameNS.html | took 216ms
17:00:25     INFO - TEST-START | /dom/nodes/Document-implementation.html
17:00:25     INFO - ..
17:00:25     INFO - TEST-OK | /dom/nodes/Document-implementation.html | took 214ms
17:00:25     INFO - TEST-START | /dom/nodes/Document-importNode.html
17:00:25     INFO - ....
17:00:25     INFO - TEST-OK | /dom/nodes/Document-importNode.html | took 217ms
17:00:25     INFO - TEST-START | /dom/nodes/DocumentType-literal-xhtml.xhtml
17:00:25     INFO - .
17:00:25     INFO - TEST-OK | /dom/nodes/DocumentType-literal-xhtml.xhtml | took 215ms
17:00:25     INFO - TEST-START | /dom/nodes/DocumentType-literal.html
17:00:26     INFO - .
17:00:26     INFO - TEST-OK | /dom/nodes/DocumentType-literal.html | took 216ms
17:00:26     INFO - TEST-START | /dom/nodes/DocumentType-remove.html
17:00:26     INFO - ....
17:00:26     INFO - TEST-OK | /dom/nodes/DocumentType-remove.html | took 215ms
17:00:26     INFO - TEST-START | /dom/nodes/Element-childElement-null-svg.svg
17:00:26     INFO - .
17:00:26     INFO - TEST-OK | /dom/nodes/Element-childElement-null-svg.svg | took 214ms
17:00:26     INFO - TEST-START | /dom/nodes/Element-childElement-null-xhtml.xhtml
17:00:26     INFO - .
17:00:26     INFO - TEST-OK | /dom/nodes/Element-childElement-null-xhtml.xhtml | took 214ms
17:00:26     INFO - TEST-START | /dom/nodes/Element-childElement-null.html
17:00:26     INFO - .
17:00:26     INFO - TEST-OK | /dom/nodes/Element-childElement-null.html | took 215ms
17:00:26     INFO - TEST-START | /dom/nodes/Element-childElementCount-dynamic-add-svg.svg
17:00:27     INFO - .
17:00:27     INFO - TEST-OK | /dom/nodes/Element-childElementCount-dynamic-add-svg.svg | took 214ms
17:00:27     INFO - TEST-START | /dom/nodes/Element-childElementCount-dynamic-add-xhtml.xhtml
17:00:27     INFO - .
17:00:27     INFO - TEST-OK | /dom/nodes/Element-childElementCount-dynamic-add-xhtml.xhtml | took 214ms
17:00:27     INFO - TEST-START | /dom/nodes/Element-childElementCount-dynamic-add.html
17:00:27     INFO - .
17:00:27     INFO - TEST-OK | /dom/nodes/Element-childElementCount-dynamic-add.html | took 314ms
17:00:27     INFO - TEST-START | /dom/nodes/Element-childElementCount-dynamic-remove-svg.svg
17:00:28     INFO - .
17:00:28     INFO - TEST-OK | /dom/nodes/Element-childElementCount-dynamic-remove-svg.svg | took 365ms
17:00:28     INFO - TEST-START | /dom/nodes/Element-childElementCount-dynamic-remove-xhtml.xhtml
17:00:28     INFO - .
17:00:28     INFO - TEST-OK | /dom/nodes/Element-childElementCount-dynamic-remove-xhtml.xhtml | took 314ms
17:00:28     INFO - TEST-START | /dom/nodes/Element-childElementCount-dynamic-remove.html
17:00:28     INFO - .
17:00:28     INFO - TEST-OK | /dom/nodes/Element-childElementCount-dynamic-remove.html | took 215ms
17:00:28     INFO - TEST-START | /dom/nodes/Element-childElementCount-nochild-svg.svg
17:00:28     INFO - .
17:00:28     INFO - TEST-OK | /dom/nodes/Element-childElementCount-nochild-svg.svg | took 215ms
17:00:28     INFO - TEST-START | /dom/nodes/Element-childElementCount-nochild-xhtml.xhtml
17:00:29     INFO - .
17:00:29     INFO - TEST-OK | /dom/nodes/Element-childElementCount-nochild-xhtml.xhtml | took 214ms
17:00:29     INFO - TEST-START | /dom/nodes/Element-childElementCount-nochild.html
17:00:29     INFO - .
17:00:29     INFO - TEST-OK | /dom/nodes/Element-childElementCount-nochild.html | took 214ms
17:00:29     INFO - TEST-START | /dom/nodes/Element-childElementCount-svg.svg
17:00:29     INFO - .
17:00:29     INFO - TEST-OK | /dom/nodes/Element-childElementCount-svg.svg | took 214ms
17:00:29     INFO - TEST-START | /dom/nodes/Element-childElementCount-xhtml.xhtml
17:00:29     INFO - .
17:00:29     INFO - TEST-OK | /dom/nodes/Element-childElementCount-xhtml.xhtml | took 215ms
17:00:29     INFO - TEST-START | /dom/nodes/Element-childElementCount.html
17:00:29     INFO - .
17:00:29     INFO - TEST-OK | /dom/nodes/Element-childElementCount.html | took 264ms
17:00:29     INFO - TEST-START | /dom/nodes/Element-children.html
17:00:30     INFO - ..
17:00:30     INFO - TEST-OK | /dom/nodes/Element-children.html | took 214ms
17:00:30     INFO - TEST-START | /dom/nodes/Element-classlist.html
17:00:30     INFO - ..............................................................................
17:00:30     INFO - TEST-OK | /dom/nodes/Element-classlist.html | took 275ms
17:00:30     INFO - TEST-START | /dom/nodes/Element-closest.html
17:00:30     INFO - .............................
17:00:30     INFO - TEST-OK | /dom/nodes/Element-closest.html | took 269ms
17:00:30     INFO - TEST-START | /dom/nodes/Element-firstElementChild-entity-xhtml.xhtml
17:00:30     INFO - .
17:00:30     INFO - TEST-OK | /dom/nodes/Element-firstElementChild-entity-xhtml.xhtml | took 214ms
17:00:30     INFO - TEST-START | /dom/nodes/Element-firstElementChild-entity.svg
17:00:31     INFO - .
17:00:31     INFO - TEST-OK | /dom/nodes/Element-firstElementChild-entity.svg | took 265ms
17:00:31     INFO - TEST-START | /dom/nodes/Element-firstElementChild-namespace-svg.svg
17:00:31     INFO - .
17:00:31     INFO - TEST-OK | /dom/nodes/Element-firstElementChild-namespace-svg.svg | took 214ms
17:00:31     INFO - TEST-START | /dom/nodes/Element-firstElementChild-namespace-xhtml.xhtml
17:00:31     INFO - .
17:00:31     INFO - TEST-OK | /dom/nodes/Element-firstElementChild-namespace-xhtml.xhtml | took 264ms
17:00:31     INFO - TEST-START | /dom/nodes/Element-firstElementChild-namespace.html
17:00:32     INFO - .
17:00:32     INFO - TEST-OK | /dom/nodes/Element-firstElementChild-namespace.html | took 314ms
17:00:32     INFO - TEST-START | /dom/nodes/Element-firstElementChild-svg.svg
17:00:32     INFO - .
17:00:32     INFO - TEST-OK | /dom/nodes/Element-firstElementChild-svg.svg | took 214ms
17:00:32     INFO - TEST-START | /dom/nodes/Element-firstElementChild-xhtml.xhtml
17:00:32     INFO - .
17:00:32     INFO - TEST-OK | /dom/nodes/Element-firstElementChild-xhtml.xhtml | took 215ms
17:00:32     INFO - TEST-START | /dom/nodes/Element-firstElementChild.html
17:00:32     INFO - .
17:00:32     INFO - TEST-OK | /dom/nodes/Element-firstElementChild.html | took 265ms
17:00:32     INFO - TEST-START | /dom/nodes/Element-getElementsByClassName.html
17:00:32     INFO - ..
17:00:32     INFO - TEST-OK | /dom/nodes/Element-getElementsByClassName.html | took 215ms
17:00:32     INFO - TEST-START | /dom/nodes/Element-getElementsByTagName-change-document-HTMLNess.html
17:00:33     INFO - .
17:00:33     INFO - TEST-OK | /dom/nodes/Element-getElementsByTagName-change-document-HTMLNess.html | took 216ms
17:00:33     INFO - TEST-START | /dom/nodes/Element-getElementsByTagName.html
17:00:33     INFO - ..................
17:00:33     INFO - TEST-OK | /dom/nodes/Element-getElementsByTagName.html | took 217ms
17:00:33     INFO - TEST-START | /dom/nodes/Element-getElementsByTagNameNS.html
17:00:33     INFO - ...............
17:00:33     INFO - TEST-OK | /dom/nodes/Element-getElementsByTagNameNS.html | took 216ms
17:00:33     INFO - TEST-START | /dom/nodes/Element-hasAttributes.html
17:00:33     INFO - ..
17:00:33     INFO - TEST-OK | /dom/nodes/Element-hasAttributes.html | took 315ms
17:00:33     INFO - TEST-START | /dom/nodes/Element-insertAdjacentElement.html
17:00:34     INFO - ......
17:00:34     INFO - TEST-OK | /dom/nodes/Element-insertAdjacentElement.html | took 365ms
17:00:34     INFO - TEST-START | /dom/nodes/Element-insertAdjacentText.html
17:00:34     INFO - ......
17:00:34     INFO - TEST-OK | /dom/nodes/Element-insertAdjacentText.html | took 315ms
17:00:34     INFO - TEST-START | /dom/nodes/Element-lastElementChild-svg.svg
17:00:35     INFO - .
17:00:35     INFO - TEST-OK | /dom/nodes/Element-lastElementChild-svg.svg | took 366ms
17:00:35     INFO - TEST-START | /dom/nodes/Element-lastElementChild-xhtml.xhtml
17:00:35     INFO - .
17:00:35     INFO - TEST-OK | /dom/nodes/Element-lastElementChild-xhtml.xhtml | took 214ms
17:00:35     INFO - TEST-START | /dom/nodes/Element-lastElementChild.html
17:00:35     INFO - .
17:00:35     INFO - TEST-OK | /dom/nodes/Element-lastElementChild.html | took 215ms
17:00:35     INFO - TEST-START | /dom/nodes/Element-matches.html
17:00:36     INFO - ..........................................................................................................................................................................................................................................................................................................................................................................................................................................................................................................................................................................................................................................................................................
17:00:36     INFO - TEST-OK | /dom/nodes/Element-matches.html | took 562ms
17:00:36     INFO - TEST-START | /dom/nodes/Element-nextElementSibling-svg.svg
17:00:36     INFO - .
17:00:36     INFO - TEST-OK | /dom/nodes/Element-nextElementSibling-svg.svg | took 214ms
17:00:36     INFO - TEST-START | /dom/nodes/Element-nextElementSibling-xhtml.xhtml
17:00:36     INFO - .
17:00:36     INFO - TEST-OK | /dom/nodes/Element-nextElementSibling-xhtml.xhtml | took 214ms
17:00:36     INFO - TEST-START | /dom/nodes/Element-nextElementSibling.html
17:00:36     INFO - .
17:00:36     INFO - TEST-OK | /dom/nodes/Element-nextElementSibling.html | took 264ms
17:00:36     INFO - TEST-START | /dom/nodes/Element-previousElementSibling-svg.svg
17:00:36     INFO - .
17:00:36     INFO - TEST-OK | /dom/nodes/Element-previousElementSibling-svg.svg | took 214ms
17:00:36     INFO - TEST-START | /dom/nodes/Element-previousElementSibling-xhtml.xhtml
17:00:37     INFO - .
17:00:37     INFO - TEST-OK | /dom/nodes/Element-previousElementSibling-xhtml.xhtml | took 214ms
17:00:37     INFO - TEST-START | /dom/nodes/Element-previousElementSibling.html
17:00:37     INFO - .
17:00:37     INFO - TEST-OK | /dom/nodes/Element-previousElementSibling.html | took 264ms
17:00:37     INFO - TEST-START | /dom/nodes/Element-remove.html
17:00:37     INFO - ....
17:00:37     INFO - TEST-OK | /dom/nodes/Element-remove.html | took 265ms
17:00:37     INFO - TEST-START | /dom/nodes/Element-removeAttributeNS.html
17:00:37     INFO - .
17:00:37     INFO - TEST-OK | /dom/nodes/Element-removeAttributeNS.html | took 215ms
17:00:37     INFO - TEST-START | /dom/nodes/Element-siblingElement-null-svg.svg
17:00:38     INFO - .
17:00:38     INFO - TEST-OK | /dom/nodes/Element-siblingElement-null-svg.svg | took 215ms
17:00:38     INFO - TEST-START | /dom/nodes/Element-siblingElement-null-xhtml.xhtml
17:00:38     INFO - .
17:00:38     INFO - TEST-OK | /dom/nodes/Element-siblingElement-null-xhtml.xhtml | took 215ms
17:00:38     INFO - TEST-START | /dom/nodes/Element-siblingElement-null.html
17:00:38     INFO - .
17:00:38     INFO - TEST-OK | /dom/nodes/Element-siblingElement-null.html | took 215ms
17:00:38     INFO - TEST-START | /dom/nodes/Element-tagName.html
17:00:38     INFO - .....
17:00:38     INFO - TEST-OK | /dom/nodes/Element-tagName.html | took 215ms
17:00:38     INFO - TEST-START | /dom/nodes/MutationObserver-attributes.html
17:00:39     INFO - ..........................................
17:00:39     INFO - TEST-OK | /dom/nodes/MutationObserver-attributes.html | took 219ms
17:00:39     INFO - TEST-START | /dom/nodes/MutationObserver-characterData.html
17:00:39     INFO - .......................
17:00:39     INFO - TEST-OK | /dom/nodes/MutationObserver-characterData.html | took 222ms
17:00:39     INFO - TEST-START | /dom/nodes/MutationObserver-childList.html
17:00:39     INFO - ......................................
17:00:39     INFO - TEST-OK | /dom/nodes/MutationObserver-childList.html | took 221ms
17:00:39     INFO - TEST-START | /dom/nodes/MutationObserver-disconnect.html
17:00:39     INFO - ..
17:00:39     INFO - TEST-OK | /dom/nodes/MutationObserver-disconnect.html | took 216ms
17:00:39     INFO - TEST-START | /dom/nodes/MutationObserver-document.html
17:00:39     INFO - ....
17:00:39     INFO - TEST-OK | /dom/nodes/MutationObserver-document.html | took 217ms
17:00:39     INFO - TEST-START | /dom/nodes/MutationObserver-inner-outer.html
17:00:40     INFO - ...
17:00:40     INFO - TEST-OK | /dom/nodes/MutationObserver-inner-outer.html | took 215ms
17:00:40     INFO - TEST-START | /dom/nodes/MutationObserver-takeRecords.html
17:00:40     INFO - ...
17:00:40     INFO - TEST-OK | /dom/nodes/MutationObserver-takeRecords.html | took 315ms
17:00:40     INFO - TEST-START | /dom/nodes/Node-appendChild.html
17:00:40     INFO - ...........
17:00:40     INFO - TEST-OK | /dom/nodes/Node-appendChild.html | took 416ms
17:00:40     INFO - TEST-START | /dom/nodes/Node-baseURI.html
17:00:41     INFO - ....
17:00:41     INFO - TEST-OK | /dom/nodes/Node-baseURI.html | took 269ms
17:00:41     INFO - TEST-START | /dom/nodes/Node-childNodes.html
17:00:41     INFO - .....
17:00:41     INFO - TEST-OK | /dom/nodes/Node-childNodes.html | took 215ms
17:00:41     INFO - TEST-START | /dom/nodes/Node-cloneNode.html
17:00:41     INFO - ........................................
17:00:41     INFO - TEST-OK | /dom/nodes/Node-cloneNode.html | took 270ms
17:00:41     INFO - TEST-START | /dom/nodes/Node-compareDocumentPosition.html
17:00:42     INFO - .........................................................................................................................................................................................................................................................................................................................................................................................................................................................................................................................................................................................................................................................................................................................................................................................................................................................................................................................................................................................................................................................................................................................................................................................................................................................................................................................................................................................................................
17:00:42     INFO - TEST-OK | /dom/nodes/Node-compareDocumentPosition.html | took 735ms
17:00:42     INFO - TEST-START | /dom/nodes/Node-constants.html
17:00:42     INFO - ........
17:00:42     INFO - TEST-OK | /dom/nodes/Node-constants.html | took 266ms
17:00:42     INFO - TEST-START | /dom/nodes/Node-contains-xml.xml
17:00:42     INFO - ........
17:00:42     INFO - TEST-OK | /dom/nodes/Node-contains-xml.xml | took 265ms
17:00:42     INFO - TEST-START | /dom/nodes/Node-contains.html
17:00:43     INFO - ..............................................................................................................................................................................................................................................................................................................................................................................................................................................................................................................................................................................................................................................................................................................................................................................................................................................................................................................................................................................................................................................................................................................................................................................................................................................................................................................................................................................................................................................................
17:00:43     INFO - TEST-OK | /dom/nodes/Node-contains.html | took 638ms
17:00:43     INFO - TEST-START | /dom/nodes/Node-insertBefore.html
17:00:43     INFO - ..........................
17:00:43     INFO - TEST-OK | /dom/nodes/Node-insertBefore.html | took 316ms
17:00:43     INFO - TEST-START | /dom/nodes/Node-isConnected.html
17:00:44     INFO - ..
17:00:44     INFO - TEST-OK | /dom/nodes/Node-isConnected.html | took 264ms
17:00:44     INFO - TEST-START | /dom/nodes/Node-isEqualNode-xhtml.xhtml
17:00:44     INFO - ..............
17:00:44     INFO - TEST-OK | /dom/nodes/Node-isEqualNode-xhtml.xhtml | took 266ms
17:00:44     INFO - TEST-START | /dom/nodes/Node-isEqualNode.html
17:00:44     INFO - .........
17:00:44     INFO - TEST-OK | /dom/nodes/Node-isEqualNode.html | took 215ms
17:00:44     INFO - TEST-START | /dom/nodes/Node-isSameNode.html
17:00:44     INFO - ........
17:00:44     INFO - TEST-OK | /dom/nodes/Node-isSameNode.html | took 216ms
17:00:44     INFO - TEST-START | /dom/nodes/Node-lookupNamespaceURI.html
17:00:45     INFO - ..........................................................
17:00:45     INFO - TEST-OK | /dom/nodes/Node-lookupNamespaceURI.html | took 226ms
17:00:45     INFO - TEST-START | /dom/nodes/Node-lookupPrefix.xhtml
17:00:45     INFO - ...........
17:00:45     INFO - TEST-OK | /dom/nodes/Node-lookupPrefix.xhtml | took 216ms
17:00:45     INFO - TEST-START | /dom/nodes/Node-nodeName-xhtml.xhtml
17:00:45     INFO - .......
17:00:45     INFO - TEST-OK | /dom/nodes/Node-nodeName-xhtml.xhtml | took 215ms
17:00:45     INFO - TEST-START | /dom/nodes/Node-nodeName.html
17:00:45     INFO - ......
17:00:45     INFO - TEST-OK | /dom/nodes/Node-nodeName.html | took 217ms
17:00:45     INFO - TEST-START | /dom/nodes/Node-nodeValue.html
17:00:45     INFO - .......
17:00:45     INFO - TEST-OK | /dom/nodes/Node-nodeValue.html | took 215ms
17:00:45     INFO - TEST-START | /dom/nodes/Node-normalize.html
17:00:46     INFO - ...
17:00:46     INFO - TEST-OK | /dom/nodes/Node-normalize.html | took 214ms
17:00:46     INFO - TEST-START | /dom/nodes/Node-parentElement.html
17:00:46     INFO - ............
17:00:46     INFO - TEST-OK | /dom/nodes/Node-parentElement.html | took 216ms
17:00:46     INFO - TEST-START | /dom/nodes/Node-parentNode.html
17:00:46     INFO - .....
17:00:46     INFO - TEST-OK | /dom/nodes/Node-parentNode.html | took 315ms
17:00:46     INFO - TEST-START | /dom/nodes/Node-properties.html
17:00:47     INFO - ...........................................................................................................................................................................................................................................................................................................................................................................................................................................................................................................................................................................................................................................................................................................................
17:00:47     INFO - TEST-OK | /dom/nodes/Node-properties.html | took 547ms
17:00:47     INFO - TEST-START | /dom/nodes/Node-removeChild.html
17:00:47     INFO - ............................
17:00:47     INFO - TEST-OK | /dom/nodes/Node-removeChild.html | took 518ms
17:00:47     INFO - TEST-START | /dom/nodes/Node-replaceChild.html
17:00:48     INFO - ........................
17:00:48     INFO - TEST-OK | /dom/nodes/Node-replaceChild.html | took 270ms
17:00:48     INFO - TEST-START | /dom/nodes/Node-textContent.html
17:00:48     INFO - .................................................................................
17:00:48     INFO - TEST-OK | /dom/nodes/Node-textContent.html | took 275ms
17:00:48     INFO - TEST-START | /dom/nodes/NodeList-Iterable.html
17:00:48     INFO - ......
17:00:48     INFO - TEST-OK | /dom/nodes/NodeList-Iterable.html | took 218ms
17:00:48     INFO - TEST-START | /dom/nodes/ParentNode-append.html
17:00:48     INFO - ..............
17:00:48     INFO - TEST-OK | /dom/nodes/ParentNode-append.html | took 216ms
17:00:48     INFO - TEST-START | /dom/nodes/ParentNode-prepend.html
17:00:48     INFO - ..............
17:00:48     INFO - TEST-OK | /dom/nodes/ParentNode-prepend.html | took 216ms
17:00:49     INFO - TEST-START | /dom/nodes/ParentNode-querySelector-All-xht.xht
17:00:49     INFO - .......................................................................................................................................................................................................................................................................................................................................................................................................................................................................................................................................................................................................................................................................................................................................................................................................................................................................................................................................................................................................................................................................................................................................................................................................................................................................................................................................................................................................................................................................................................................................................................................................................................................................................................................................................................................................................................................................................................................................
17:00:49     INFO - TEST-OK | /dom/nodes/ParentNode-querySelector-All-xht.xht | took 924ms
17:00:49     INFO - TEST-START | /dom/nodes/ParentNode-querySelector-All.html
17:00:50     INFO - .......................................................................................................................................................................................................................................................................................................................................................................................................................................................................................................................................................................................................................................................................................................................................................................................................................................................................................................................................................................................................................................................................................................................................................................................................................................................................................................................................................................................................................................................................................................................................................................................................................................................................................................................................................................................................................................................................................................................................
17:00:50     INFO - TEST-OK | /dom/nodes/ParentNode-querySelector-All.html | took 1034ms
17:00:50     INFO - TEST-START | /dom/nodes/ProcessingInstruction-escapes-1.xhtml
17:00:51     INFO - .
17:00:51     INFO - TEST-OK | /dom/nodes/ProcessingInstruction-escapes-1.xhtml | took 214ms
17:00:51     INFO - TEST-START | /dom/nodes/ProcessingInstruction-literal-1.xhtml
17:00:51     INFO - .
17:00:51     INFO - TEST-OK | /dom/nodes/ProcessingInstruction-literal-1.xhtml | took 215ms
17:00:51     INFO - TEST-START | /dom/nodes/ProcessingInstruction-literal-2.xhtml
17:00:51     INFO - .
17:00:51     INFO - TEST-OK | /dom/nodes/ProcessingInstruction-literal-2.xhtml | took 214ms
17:00:51     INFO - TEST-START | /dom/nodes/Text-constructor.html
17:00:51     INFO - ................
17:00:51     INFO - TEST-OK | /dom/nodes/Text-constructor.html | took 267ms
17:00:51     INFO - TEST-START | /dom/nodes/Text-splitText.html
17:00:52     INFO - ......
17:00:52     INFO - TEST-OK | /dom/nodes/Text-splitText.html | took 214ms
17:00:52     INFO - TEST-START | /dom/nodes/append-on-Document.html
17:00:52     INFO - .....
17:00:52     INFO - TEST-OK | /dom/nodes/append-on-Document.html | took 266ms
17:00:52     INFO - TEST-START | /dom/nodes/attributes.html
17:00:52     INFO - ........................................................
17:00:52     INFO - TEST-OK | /dom/nodes/attributes.html | took 324ms
17:00:52     INFO - TEST-START | /dom/nodes/case.html
17:00:52     INFO - PROCESS | 686 | JavaScript warning: http://web-platform.test:8000/dom/nodes/case.js, line 168: unreachable code after return statement
17:00:52     INFO - PROCESS | 686 | JavaScript warning: http://web-platform.test:8000/dom/nodes/case.js, line 168: unreachable code after return statement
17:00:53     INFO - .............................................................................................................................................................................................................................................................................................
17:00:53     INFO - TEST-OK | /dom/nodes/case.html | took 300ms
17:00:53     INFO - TEST-START | /dom/nodes/getElementsByClassName-01.htm
17:00:53     INFO - .
17:00:53     INFO - TEST-OK | /dom/nodes/getElementsByClassName-01.htm | took 214ms
17:00:53     INFO - TEST-START | /dom/nodes/getElementsByClassName-02.htm
17:00:53     INFO - .
17:00:53     INFO - TEST-OK | /dom/nodes/getElementsByClassName-02.htm | took 214ms
17:00:53     INFO - TEST-START | /dom/nodes/getElementsByClassName-03.htm
17:00:53     INFO - .
17:00:53     INFO - TEST-OK | /dom/nodes/getElementsByClassName-03.htm | took 465ms
17:00:53     INFO - TEST-START | /dom/nodes/getElementsByClassName-04.htm
17:00:54     INFO - .
17:00:54     INFO - TEST-OK | /dom/nodes/getElementsByClassName-04.htm | took 264ms
17:00:54     INFO - TEST-START | /dom/nodes/getElementsByClassName-05.htm
17:00:54     INFO - .
17:00:54     INFO - TEST-OK | /dom/nodes/getElementsByClassName-05.htm | took 214ms
17:00:54     INFO - TEST-START | /dom/nodes/getElementsByClassName-06.htm
17:00:54     INFO - .
17:00:54     INFO - TEST-OK | /dom/nodes/getElementsByClassName-06.htm | took 214ms
17:00:54     INFO - TEST-START | /dom/nodes/getElementsByClassName-07.htm
17:00:54     INFO - .
17:00:54     INFO - TEST-OK | /dom/nodes/getElementsByClassName-07.htm | took 215ms
17:00:54     INFO - TEST-START | /dom/nodes/getElementsByClassName-08.htm
17:00:55     INFO - .
17:00:55     INFO - TEST-OK | /dom/nodes/getElementsByClassName-08.htm | took 215ms
17:00:55     INFO - TEST-START | /dom/nodes/getElementsByClassName-09.htm
17:00:55     INFO - .
17:00:55     INFO - TEST-OK | /dom/nodes/getElementsByClassName-09.htm | took 214ms
17:00:55     INFO - TEST-START | /dom/nodes/getElementsByClassName-10.xml
17:00:55     INFO - .
17:00:55     INFO - TEST-OK | /dom/nodes/getElementsByClassName-10.xml | took 215ms
17:00:55     INFO - TEST-START | /dom/nodes/getElementsByClassName-11.xml
17:00:55     INFO - .
17:00:55     INFO - TEST-OK | /dom/nodes/getElementsByClassName-11.xml | took 315ms
17:00:55     INFO - TEST-START | /dom/nodes/getElementsByClassName-12.htm
17:00:56     INFO - .
17:00:56     INFO - TEST-OK | /dom/nodes/getElementsByClassName-12.htm | took 365ms
17:00:56     INFO - TEST-START | /dom/nodes/getElementsByClassName-13.htm
17:00:56     INFO - .
17:00:56     INFO - TEST-OK | /dom/nodes/getElementsByClassName-13.htm | took 215ms
17:00:56     INFO - TEST-START | /dom/nodes/getElementsByClassName-14.htm
17:00:56     INFO - .
17:00:56     INFO - TEST-OK | /dom/nodes/getElementsByClassName-14.htm | took 265ms
17:00:56     INFO - TEST-START | /dom/nodes/getElementsByClassName-15.htm
17:00:56     INFO - .
17:00:56     INFO - TEST-OK | /dom/nodes/getElementsByClassName-15.htm | took 264ms
17:00:56     INFO - TEST-START | /dom/nodes/getElementsByClassName-16.htm
17:00:57     INFO - .
17:00:57     INFO - TEST-OK | /dom/nodes/getElementsByClassName-16.htm | took 215ms
17:00:57     INFO - TEST-START | /dom/nodes/getElementsByClassName-17.htm
17:00:57     INFO - .
17:00:57     INFO - TEST-OK | /dom/nodes/getElementsByClassName-17.htm | took 215ms
17:00:57     INFO - TEST-START | /dom/nodes/getElementsByClassName-18.htm
17:00:57     INFO - .
17:00:57     INFO - TEST-OK | /dom/nodes/getElementsByClassName-18.htm | took 215ms
17:00:57     INFO - TEST-START | /dom/nodes/getElementsByClassName-19.htm
17:00:57     INFO - .
17:00:57     INFO - TEST-OK | /dom/nodes/getElementsByClassName-19.htm | took 215ms
17:00:57     INFO - TEST-START | /dom/nodes/getElementsByClassName-20.htm
17:00:58     INFO - .
17:00:58     INFO - TEST-OK | /dom/nodes/getElementsByClassName-20.htm | took 215ms
17:00:58     INFO - TEST-START | /dom/nodes/getElementsByClassName-21.htm
17:00:58     INFO - .
17:00:58     INFO - TEST-OK | /dom/nodes/getElementsByClassName-21.htm | took 215ms
17:00:58     INFO - TEST-START | /dom/nodes/getElementsByClassName-22.htm
17:00:58     INFO - .
17:00:58     INFO - TEST-OK | /dom/nodes/getElementsByClassName-22.htm | took 265ms
17:00:58     INFO - TEST-START | /dom/nodes/getElementsByClassName-23.htm
17:00:58     INFO - .
17:00:58     INFO - TEST-OK | /dom/nodes/getElementsByClassName-23.htm | took 265ms
17:00:58     INFO - TEST-START | /dom/nodes/getElementsByClassName-24.htm
17:00:59     INFO - .
17:00:59     INFO - TEST-OK | /dom/nodes/getElementsByClassName-24.htm | took 215ms
17:00:59     INFO - TEST-START | /dom/nodes/getElementsByClassName-25.htm
17:00:59     INFO - .
17:00:59     INFO - TEST-OK | /dom/nodes/getElementsByClassName-25.htm | took 214ms
17:00:59     INFO - TEST-START | /dom/nodes/getElementsByClassName-26.htm
17:00:59     INFO - .
17:00:59     INFO - TEST-OK | /dom/nodes/getElementsByClassName-26.htm | took 264ms
17:00:59     INFO - TEST-START | /dom/nodes/getElementsByClassName-27.htm
17:00:59     INFO - .
17:00:59     INFO - TEST-OK | /dom/nodes/getElementsByClassName-27.htm | took 315ms
17:00:59     INFO - TEST-START | /dom/nodes/getElementsByClassName-28.htm
17:01:00     INFO - .
17:01:00     INFO - TEST-OK | /dom/nodes/getElementsByClassName-28.htm | took 364ms
17:01:00     INFO - TEST-START | /dom/nodes/getElementsByClassName-29.htm
17:01:00     INFO - .
17:01:00     INFO - TEST-OK | /dom/nodes/getElementsByClassName-29.htm | took 515ms
17:01:00     INFO - TEST-START | /dom/nodes/getElementsByClassName-30.htm
17:01:01     INFO - .
17:01:01     INFO - TEST-OK | /dom/nodes/getElementsByClassName-30.htm | took 265ms
17:01:01     INFO - TEST-START | /dom/nodes/getElementsByClassName-31.htm
17:01:01     INFO - .
17:01:01     INFO - TEST-OK | /dom/nodes/getElementsByClassName-31.htm | took 215ms
17:01:01     INFO - TEST-START | /dom/nodes/insert-adjacent.html
17:01:01     INFO - ..............
17:01:01     INFO - TEST-OK | /dom/nodes/insert-adjacent.html | took 217ms
17:01:01     INFO - TEST-START | /dom/nodes/prepend-on-Document.html
17:01:01     INFO - .....
17:01:01     INFO - TEST-OK | /dom/nodes/prepend-on-Document.html | took 215ms
17:01:01     INFO - TEST-START | /dom/nodes/remove-unscopable.html
17:01:01     INFO - ......
17:01:01     INFO - TEST-OK | /dom/nodes/remove-unscopable.html | took 216ms
17:01:01     INFO - TEST-START | /dom/nodes/rootNode.html
17:01:01     INFO - Setting pref dom.node.rootNode.enabled (true)
17:01:02     INFO - ....
17:01:02     INFO - TEST-OK | /dom/nodes/rootNode.html | took 247ms
17:01:02     INFO - TEST-START | /eventsource/shared-worker/eventsource-close.htm
17:01:02     INFO - Clearing pref dom.node.rootNode.enabled
17:01:02     INFO - .
17:01:02     INFO - TEST-OK | /eventsource/shared-worker/eventsource-close.htm | took 227ms
17:01:02     INFO - TEST-START | /eventsource/shared-worker/eventsource-constructor-non-same-origin.htm
17:01:02     INFO - ......
17:01:02     INFO - TEST-OK | /eventsource/shared-worker/eventsource-constructor-non-same-origin.htm | took 317ms
17:01:02     INFO - TEST-START | /eventsource/shared-worker/eventsource-constructor-url-bogus.htm
17:01:03     INFO - .
17:01:03     INFO - TEST-OK | /eventsource/shared-worker/eventsource-constructor-url-bogus.htm | took 367ms
17:01:03     INFO - TEST-START | /eventsource/shared-worker/eventsource-eventtarget.htm
17:01:03     INFO - .
17:01:03     INFO - TEST-OK | /eventsource/shared-worker/eventsource-eventtarget.htm | took 315ms
17:01:03     INFO - TEST-START | /eventsource/shared-worker/eventsource-onmesage.htm
17:01:03     INFO - .
17:01:03     INFO - TEST-OK | /eventsource/shared-worker/eventsource-onmesage.htm | took 265ms
17:01:03     INFO - TEST-START | /eventsource/shared-worker/eventsource-onopen.htm
17:01:03     INFO - .
17:01:03     INFO - TEST-OK | /eventsource/shared-worker/eventsource-onopen.htm | took 215ms
17:01:03     INFO - TEST-START | /eventsource/shared-worker/eventsource-prototype.htm
17:01:04     INFO - .
17:01:04     INFO - TEST-OK | /eventsource/shared-worker/eventsource-prototype.htm | took 414ms
17:01:04     INFO - TEST-START | /eventsource/shared-worker/eventsource-url.htm
17:01:04     INFO - .
17:01:04     INFO - TEST-OK | /eventsource/shared-worker/eventsource-url.htm | took 465ms
17:01:04     INFO - TEST-START | /fetch/api/cors/cors-basic-worker.html
17:01:05     INFO - ...............
17:01:05     INFO - TEST-OK | /fetch/api/cors/cors-basic-worker.html | took 517ms
17:01:05     INFO - TEST-START | /fetch/api/cors/cors-basic.html
17:01:05     INFO - ...............
17:01:05     INFO - TEST-OK | /fetch/api/cors/cors-basic.html | took 317ms
17:01:05     INFO - TEST-START | /fetch/api/cors/cors-cookies-worker.html
17:01:05     INFO - ......
17:01:05     INFO - TEST-OK | /fetch/api/cors/cors-cookies-worker.html | took 315ms
17:01:05     INFO - TEST-START | /fetch/api/cors/cors-cookies.html
17:01:06     INFO - ......
17:01:06     INFO - TEST-OK | /fetch/api/cors/cors-cookies.html | took 265ms
17:01:06     INFO - TEST-START | /fetch/api/cors/cors-filtering-worker.html
17:01:06     INFO - ..................
17:01:06     INFO - TEST-OK | /fetch/api/cors/cors-filtering-worker.html | took 317ms
17:01:06     INFO - TEST-START | /fetch/api/cors/cors-filtering.html
17:01:06     INFO - ..................
17:01:06     INFO - TEST-OK | /fetch/api/cors/cors-filtering.html | took 316ms
17:01:06     INFO - TEST-START | /fetch/api/cors/cors-multiple-origins-worker.html
17:01:07     INFO - ......
17:01:07     INFO - TEST-OK | /fetch/api/cors/cors-multiple-origins-worker.html | took 418ms
17:01:07     INFO - TEST-START | /fetch/api/cors/cors-multiple-origins.html
17:01:07     INFO - ......
17:01:07     INFO - TEST-OK | /fetch/api/cors/cors-multiple-origins.html | took 265ms
17:01:07     INFO - TEST-START | /fetch/api/cors/cors-no-preflight-worker.html
17:01:07     INFO - ...............
17:01:07     INFO - TEST-OK | /fetch/api/cors/cors-no-preflight-worker.html | took 416ms
17:01:07     INFO - TEST-START | /fetch/api/cors/cors-no-preflight.html
17:01:08     INFO - ...............
17:01:08     INFO - TEST-OK | /fetch/api/cors/cors-no-preflight.html | took 316ms
17:01:08     INFO - TEST-START | /fetch/api/cors/cors-origin-worker.html
17:01:08     INFO - .................
17:01:08     INFO - TEST-OK | /fetch/api/cors/cors-origin-worker.html | took 368ms
17:01:08     INFO - TEST-START | /fetch/api/cors/cors-origin.html
17:01:08     INFO - .................
17:01:08     INFO - TEST-OK | /fetch/api/cors/cors-origin.html | took 315ms
17:01:08     INFO - TEST-START | /fetch/api/cors/cors-preflight-redirect-worker.html
17:01:09     INFO - ..........
17:01:09     INFO - TEST-OK | /fetch/api/cors/cors-preflight-redirect-worker.html | took 268ms
17:01:09     INFO - TEST-START | /fetch/api/cors/cors-preflight-redirect.html
17:01:09     INFO - ..........
17:01:09     INFO - TEST-OK | /fetch/api/cors/cors-preflight-redirect.html | took 315ms
17:01:09     INFO - TEST-START | /fetch/api/cors/cors-preflight-referrer-worker.html
17:01:10     INFO - ..........
17:01:10     INFO - TEST-OK | /fetch/api/cors/cors-preflight-referrer-worker.html | took 465ms
17:01:10     INFO - TEST-START | /fetch/api/cors/cors-preflight-referrer.html
17:01:10     INFO - ..........
17:01:10     INFO - TEST-OK | /fetch/api/cors/cors-preflight-referrer.html | took 365ms
17:01:10     INFO - TEST-START | /fetch/api/cors/cors-preflight-status-worker.html
17:01:10     INFO - ...........................
17:01:10     INFO - TEST-OK | /fetch/api/cors/cors-preflight-status-worker.html | took 418ms
17:01:10     INFO - TEST-START | /fetch/api/cors/cors-preflight-status.html
17:01:11     INFO - ...........................
17:01:11     INFO - TEST-OK | /fetch/api/cors/cors-preflight-status.html | took 568ms
17:01:11     INFO - TEST-START | /fetch/api/cors/cors-preflight-worker.html
17:01:11     INFO - ..............
17:01:11     INFO - TEST-OK | /fetch/api/cors/cors-preflight-worker.html | took 466ms
17:01:11     INFO - TEST-START | /fetch/api/cors/cors-preflight.html
17:01:12     INFO - ..............
17:01:12     INFO - TEST-OK | /fetch/api/cors/cors-preflight.html | took 367ms
17:01:12     INFO - TEST-START | /fetch/api/cors/cors-redirect-credentials-worker.html
17:01:12     INFO - ............................................................
17:01:12     INFO - TEST-OK | /fetch/api/cors/cors-redirect-credentials-worker.html | took 623ms
17:01:12     INFO - TEST-START | /fetch/api/cors/cors-redirect-credentials.html
17:01:13     INFO - ............................................................
17:01:13     INFO - TEST-OK | /fetch/api/cors/cors-redirect-credentials.html | took 422ms
17:01:13     INFO - TEST-START | /fetch/api/cors/cors-redirect-preflight-worker.html
17:01:14     INFO - ..............................
17:01:14     INFO - TEST-OK | /fetch/api/cors/cors-redirect-preflight-worker.html | took 769ms
17:01:14     INFO - TEST-START | /fetch/api/cors/cors-redirect-preflight.html
17:01:14     INFO - ..............................
17:01:14     INFO - TEST-OK | /fetch/api/cors/cors-redirect-preflight.html | took 518ms
17:01:14     INFO - TEST-START | /fetch/api/cors/cors-redirect-worker.html
17:01:14     INFO - ....................
17:01:14     INFO - TEST-OK | /fetch/api/cors/cors-redirect-worker.html | took 267ms
17:01:14     INFO - TEST-START | /fetch/api/cors/cors-redirect.html
17:01:15     INFO - ....................
17:01:15     INFO - TEST-OK | /fetch/api/cors/cors-redirect.html | took 318ms
17:01:15     INFO - TEST-START | /fetch/api/headers/headers-basic.html
17:01:15     INFO - ..................
17:01:15     INFO - TEST-OK | /fetch/api/headers/headers-basic.html | took 318ms
17:01:15     INFO - TEST-START | /fetch/api/headers/headers-casing.html
17:01:15     INFO - ....
17:01:15     INFO - TEST-OK | /fetch/api/headers/headers-casing.html | took 266ms
17:01:15     INFO - TEST-START | /fetch/api/headers/headers-combine.html
17:01:15     INFO - ....
17:01:15     INFO - TEST-OK | /fetch/api/headers/headers-combine.html | took 216ms
17:01:15     INFO - TEST-START | /fetch/api/headers/headers-errors.html
17:01:16     INFO - ..................
17:01:16     INFO - TEST-OK | /fetch/api/headers/headers-errors.html | took 217ms
17:01:16     INFO - TEST-START | /fetch/api/headers/headers-idl.html
17:01:16     INFO - ......................
17:01:16     INFO - TEST-OK | /fetch/api/headers/headers-idl.html | took 317ms
17:01:16     INFO - TEST-START | /fetch/api/headers/headers-normalize.html
17:01:16     INFO - ...
17:01:16     INFO - TEST-OK | /fetch/api/headers/headers-normalize.html | took 316ms
17:01:16     INFO - TEST-START | /fetch/api/headers/headers-structure.html
17:01:17     INFO - ........
17:01:17     INFO - TEST-OK | /fetch/api/headers/headers-structure.html | took 215ms
17:01:17     INFO - TEST-START | /fetch/api/policies/csp-blocked-worker.html
17:01:17     INFO - .
17:01:17     INFO - TEST-OK | /fetch/api/policies/csp-blocked-worker.html | took 265ms
17:01:17     INFO - TEST-START | /fetch/api/policies/csp-blocked.html
17:01:17     INFO - .
17:01:17     INFO - TEST-OK | /fetch/api/policies/csp-blocked.html | took 365ms
17:01:17     INFO - TEST-START | /fetch/api/policies/referrer-no-referrer-worker.html
17:01:18     INFO - .
17:01:18     INFO - TEST-OK | /fetch/api/policies/referrer-no-referrer-worker.html | took 414ms
17:01:18     INFO - TEST-START | /fetch/api/policies/referrer-no-referrer.html
17:01:18     INFO - .
17:01:18     INFO - TEST-OK | /fetch/api/policies/referrer-no-referrer.html | took 367ms
17:01:18     INFO - TEST-START | /fetch/api/policies/referrer-origin-when-cross-origin-worker.html
17:01:18     INFO - .
17:01:18     INFO - TEST-OK | /fetch/api/policies/referrer-origin-when-cross-origin-worker.html | took 415ms
17:01:18     INFO - TEST-START | /fetch/api/policies/referrer-origin-when-cross-origin.html
17:01:19     INFO - .
17:01:19     INFO - TEST-OK | /fetch/api/policies/referrer-origin-when-cross-origin.html | took 214ms
17:01:19     INFO - TEST-START | /fetch/api/policies/referrer-origin-worker.html
17:01:19     INFO - ..
17:01:19     INFO - TEST-OK | /fetch/api/policies/referrer-origin-worker.html | took 265ms
17:01:19     INFO - TEST-START | /fetch/api/policies/referrer-origin.html
17:01:19     INFO - ..
17:01:19     INFO - TEST-OK | /fetch/api/policies/referrer-origin.html | took 216ms
17:01:19     INFO - TEST-START | /fetch/api/policies/referrer-unsafe-url-worker.html
17:01:19     INFO - .
17:01:19     INFO - TEST-OK | /fetch/api/policies/referrer-unsafe-url-worker.html | took 265ms
17:01:19     INFO - TEST-START | /fetch/api/policies/referrer-unsafe-url.html
17:01:20     INFO - .
17:01:20     INFO - TEST-OK | /fetch/api/policies/referrer-unsafe-url.html | took 215ms
17:01:20     INFO - TEST-START | /fetch/api/response/response-cancel-stream.html

command interrupted, attempting to kill
process killed by signal 9
program finished with exit code -1
elapsedTime=232.910113
The web-page 'stop build' button was pressed by 'rvandermeulen@mozilla.com': Cancelled via self-serve
========= master_lag: 0.05 =========
========= Finished '/tools/buildbot/bin/python -u ...' interrupted (results: 4, elapsed: 3 mins, 52 secs) (at 2018-06-08 17:01:25.080591) =========

========= Started set props: build_url (results: 0, elapsed: 0 secs) (at 2018-06-08 17:01:25.087383) =========
bash -c 'for file in `ls -1`; do cat $file; done'
 in dir /builds/slave/test/properties (timeout 1200 secs)
 watching logfiles {}
 argv: ['bash', '-c', 'for file in `ls -1`; do cat $file; done']
 environment:
  Apple_PubSub_Socket_Render=/private/tmp/com.apple.launchd.KAtAQzAhUx/Render
  GIT_SHARE_BASE_DIR=/builds/git-shared
  HG_SHARE_BASE_DIR=/builds/hg-shared
  HOME=/Users/cltbld
  IDLEIZER_DISABLE_SHUTDOWN=true
  LOGNAME=cltbld
  PATH=/usr/local/sbin:/usr/local/bin:/usr/sbin:/usr/bin:/sbin:/bin:/usr/bin/X11
  PWD=/builds/slave/test/properties
  RUNNER_CONFIG_CMD=/opt/runner/bin/python2.7 /opt/runner/bin/runner -c /opt/runner/runner.cfg
  SHELL=/bin/bash
  SSH_AUTH_SOCK=/private/tmp/com.apple.launchd.09URtPM7rY/Listeners
  TMPDIR=/var/folders/zn/cd1kk5_j395_6yk0j171qxfh00000w/T/
  TWISTD_LOG_PATH=/builds/slave/twistd.log
  USER=cltbld
  VERSIONER_PYTHON_PREFER_32_BIT=no
  VERSIONER_PYTHON_VERSION=2.7
  XPC_FLAGS=0x0
  XPC_SERVICE_NAME=0
  __CF_USER_TEXT_ENCODING=0x1C:0:0
 using PTY: False
build_url:https://queue.taskcluster.net/v1/task/HHn8t6C8SBmHWYIFt5uc2A/artifacts/public/build/firefox-52.8.2.en-US.mac.dmg
program finished with exit code 0
elapsedTime=0.010482
build_url: 'https://queue.taskcluster.net/v1/task/HHn8t6C8SBmHWYIFt5uc2A/artifacts/public/build/firefox-52.8.2.en-US.mac.dmg'
========= master_lag: 0.02 =========
========= Finished set props: build_url (results: 0, elapsed: 0 secs) (at 2018-06-08 17:01:25.113894) =========

========= Started 'rm -f ...' (results: 0, elapsed: 0 secs) (at 2018-06-08 17:01:25.114270) =========
rm -f oauth.txt
 in dir /builds/slave/test/. (timeout 1200 secs)
 watching logfiles {}
 argv: ['rm', '-f', 'oauth.txt']
 environment:
  Apple_PubSub_Socket_Render=/private/tmp/com.apple.launchd.KAtAQzAhUx/Render
  GIT_SHARE_BASE_DIR=/builds/git-shared
  HG_SHARE_BASE_DIR=/builds/hg-shared
  HOME=/Users/cltbld
  IDLEIZER_DISABLE_SHUTDOWN=true
  LOGNAME=cltbld
  PATH=/usr/local/sbin:/usr/local/bin:/usr/sbin:/usr/bin:/sbin:/bin:/usr/bin/X11
  PWD=/builds/slave/test
  RUNNER_CONFIG_CMD=/opt/runner/bin/python2.7 /opt/runner/bin/runner -c /opt/runner/runner.cfg
  SHELL=/bin/bash
  SSH_AUTH_SOCK=/private/tmp/com.apple.launchd.09URtPM7rY/Listeners
  TMPDIR=/var/folders/zn/cd1kk5_j395_6yk0j171qxfh00000w/T/
  TWISTD_LOG_PATH=/builds/slave/twistd.log
  USER=cltbld
  VERSIONER_PYTHON_PREFER_32_BIT=no
  VERSIONER_PYTHON_VERSION=2.7
  XPC_FLAGS=0x0
  XPC_SERVICE_NAME=0
  __CF_USER_TEXT_ENCODING=0x1C:0:0
 using PTY: False
program finished with exit code 0
elapsedTime=0.007053
========= master_lag: 0.04 =========
========= Finished 'rm -f ...' (results: 0, elapsed: 0 secs) (at 2018-06-08 17:01:25.162954) =========

========= Started reboot skipped (results: 3, elapsed: 0 secs) (at 2018-06-08 17:01:25.163278) =========
========= Finished reboot skipped (results: 3, elapsed: 0 secs) (at 2018-06-08 17:01:25.163557) =========

========= Total master_lag: 0.15 =========

