builder: mozilla-esr52_ubuntu64_vm_test_pgo-mochitest-devtools-chrome-3
slave: tst-linux64-spot-022
starttime: 1528501966.77
results: cancelled (6)
buildid: 20180608150819
builduid: b298b373e93d4f8dbf92436c9ed838a2
revision: cbfdf01aac455e0591471201c96b89dee98190b5

========= Started set props: master (results: 0, elapsed: 0 secs) (at 2018-06-08 16:52:46.772234) =========
master: http://buildbot-master52.bb.releng.use1.mozilla.com:8201/
========= Finished set props: master (results: 0, elapsed: 0 secs) (at 2018-06-08 16:52:46.772660) =========

========= Started downloading to buildprops.json (results: 0, elapsed: 0 secs) (at 2018-06-08 16:52:46.772967) =========
========= Finished downloading to buildprops.json (results: 0, elapsed: 0 secs) (at 2018-06-08 16:52:46.927359) =========

========= Started 'bash -c ...' (results: 0, elapsed: 0 secs) (at 2018-06-08 16:52:46.927639) =========
bash -c 'wget -Oarchiver_client.py --no-check-certificate --tries=10 --waitretry=3 https://hg.mozilla.org/build/tools/raw-file/default/buildfarm/utils/archiver_client.py'
 in dir /builds/slave/test/. (timeout 1200 secs)
 watching logfiles {}
 argv: ['bash', '-c', 'wget -Oarchiver_client.py --no-check-certificate --tries=10 --waitretry=3 https://hg.mozilla.org/build/tools/raw-file/default/buildfarm/utils/archiver_client.py']
 environment:
  HOME=/home/cltbld
  LANG=en_US.UTF-8
  LOGNAME=cltbld
  MAIL=/var/mail/cltbld
  NODE_PATH=/usr/lib/nodejs:/usr/lib/node_modules:/usr/share/javascript
  PATH=/usr/local/bin:/usr/local/bin:/usr/bin:/bin:/usr/local/games:/usr/games
  PWD=/builds/slave/test
  SHELL=/bin/bash
  SHLVL=1
  TERM=linux
  TMOUT=86400
  USER=cltbld
  XDG_SESSION_COOKIE=9ca12473fbb1d023794ffd180000023c-1528501964.186023-644782249
  _=/tools/buildbot/bin/python
 using PTY: False
--2018-06-08 16:52:47--  https://hg.mozilla.org/build/tools/raw-file/default/buildfarm/utils/archiver_client.py
Resolving hg.mozilla.org (hg.mozilla.org)... 63.245.215.25, 63.245.215.102
Connecting to hg.mozilla.org (hg.mozilla.org)|63.245.215.25|:443... connected.
HTTP request sent, awaiting response... 200 Script output follows
Length: 12179 (12K) [text/x-python]
Saving to: `archiver_client.py'

     0K .......... .                                          100% 7.72M=0.002s

2018-06-08 16:52:47 (7.72 MB/s) - `archiver_client.py' saved [12179/12179]

program finished with exit code 0
elapsedTime=0.592446
========= master_lag: 0.01 =========
========= Finished 'bash -c ...' (results: 0, elapsed: 0 secs) (at 2018-06-08 16:52:47.533467) =========

========= Started 'rm -rf ...' (results: 0, elapsed: 0 secs) (at 2018-06-08 16:52:47.533822) =========
rm -rf scripts properties
 in dir /builds/slave/test/. (timeout 1200 secs)
 watching logfiles {}
 argv: ['rm', '-rf', 'scripts', 'properties']
 environment:
  HOME=/home/cltbld
  LANG=en_US.UTF-8
  LOGNAME=cltbld
  MAIL=/var/mail/cltbld
  NODE_PATH=/usr/lib/nodejs:/usr/lib/node_modules:/usr/share/javascript
  PATH=/usr/local/bin:/usr/local/bin:/usr/bin:/bin:/usr/local/games:/usr/games
  PWD=/builds/slave/test
  SHELL=/bin/bash
  SHLVL=1
  TERM=linux
  TMOUT=86400
  USER=cltbld
  XDG_SESSION_COOKIE=9ca12473fbb1d023794ffd180000023c-1528501964.186023-644782249
  _=/tools/buildbot/bin/python
 using PTY: False
program finished with exit code 0
elapsedTime=0.018528
========= master_lag: 0.04 =========
========= Finished 'rm -rf ...' (results: 0, elapsed: 0 secs) (at 2018-06-08 16:52:47.594980) =========

========= Started 'bash -c ...' (results: 0, elapsed: 2 secs) (at 2018-06-08 16:52:47.595306) =========
bash -c 'python archiver_client.py mozharness --repo releases/mozilla-esr52 --rev cbfdf01aac455e0591471201c96b89dee98190b5 --destination scripts --debug'
 in dir /builds/slave/test/. (timeout 1200 secs)
 watching logfiles {}
 argv: ['bash', '-c', u'python archiver_client.py mozharness --repo releases/mozilla-esr52 --rev cbfdf01aac455e0591471201c96b89dee98190b5 --destination scripts --debug']
 environment:
  HOME=/home/cltbld
  LANG=en_US.UTF-8
  LOGNAME=cltbld
  MAIL=/var/mail/cltbld
  NODE_PATH=/usr/lib/nodejs:/usr/lib/node_modules:/usr/share/javascript
  PATH=/usr/local/bin:/usr/local/bin:/usr/bin:/bin:/usr/local/games:/usr/games
  PWD=/builds/slave/test
  SHELL=/bin/bash
  SHLVL=1
  TERM=linux
  TMOUT=86400
  USER=cltbld
  XDG_SESSION_COOKIE=9ca12473fbb1d023794ffd180000023c-1528501964.186023-644782249
  _=/tools/buildbot/bin/python
 using PTY: False
2018-06-08 16:52:47,703 truncating revision to first 12 chars
2018-06-08 16:52:47,704 Setting DEBUG logging.
2018-06-08 16:52:47,704 attempt 1/10
2018-06-08 16:52:47,704 Getting archive location from https://api.pub.build.mozilla.org/archiver/hgmo/releases/mozilla-esr52/cbfdf01aac45?&preferred_region=us-west-2&suffix=tar.gz&subdir=testing/mozharness
2018-06-08 16:52:49,375 unpacking tar archive at: mozilla-esr52-cbfdf01aac45/testing/mozharness/
program finished with exit code 0
elapsedTime=2.977064
========= master_lag: 0.01 =========
========= Finished 'bash -c ...' (results: 0, elapsed: 2 secs) (at 2018-06-08 16:52:50.584834) =========

========= Started set props: script_repo_revision (results: 0, elapsed: 0 secs) (at 2018-06-08 16:52:50.585145) =========
script_repo_revision: cbfdf01aac455e0591471201c96b89dee98190b5
========= Finished set props: script_repo_revision (results: 0, elapsed: 0 secs) (at 2018-06-08 16:52:50.585530) =========

========= Started downloading to oauth.txt (results: 0, elapsed: 0 secs) (at 2018-06-08 16:52:50.585811) =========
========= Finished downloading to oauth.txt (results: 0, elapsed: 0 secs) (at 2018-06-08 16:52:50.596777) =========

========= Started '/tools/buildbot/bin/python scripts/scripts/desktop_unittest.py ...' interrupted (results: 4, elapsed: 9 mins, 6 secs) (at 2018-06-08 16:52:50.597075) =========
/tools/buildbot/bin/python scripts/scripts/desktop_unittest.py --cfg unittests/linux_unittest.py --mochitest-suite mochitest-devtools-chrome-chunked --total-chunks 8 --this-chunk 3 --blob-upload-branch mozilla-esr52 --download-symbols ondemand
 in dir /builds/slave/test/. (timeout 1800 secs) (maxTime 4800 secs)
 watching logfiles {}
 argv: ['/tools/buildbot/bin/python', 'scripts/scripts/desktop_unittest.py', '--cfg', 'unittests/linux_unittest.py', '--mochitest-suite', 'mochitest-devtools-chrome-chunked', '--total-chunks', '8', '--this-chunk', '3', '--blob-upload-branch', 'mozilla-esr52', '--download-symbols', 'ondemand']
 environment:
  CCACHE_DIR=/builds/ccache
  CCACHE_UMASK=002
  DISPLAY=:0
  HOME=/home/cltbld
  LANG=en_US.UTF-8
  LOGNAME=cltbld
  MAIL=/var/mail/cltbld
  MOZ_HIDE_RESULTS_TABLE=1
  MOZ_NODE_PATH=/usr/bin/node
  MOZ_NO_REMOTE=1
  NODE_PATH=/usr/lib/nodejs:/usr/lib/node_modules:/usr/share/javascript
  NO_FAIL_ON_TEST_ERRORS=1
  PATH=/usr/local/bin:/usr/local/bin:/usr/bin:/bin:/usr/local/games:/usr/games
  PROPERTIES_FILE=/builds/slave/test/buildprops.json
  PWD=/builds/slave/test
  SHELL=/bin/bash
  SHLVL=1
  TERM=linux
  TMOUT=86400
  USER=cltbld
  XDG_SESSION_COOKIE=9ca12473fbb1d023794ffd180000023c-1528501964.186023-644782249
  _=/tools/buildbot/bin/python
 using PTY: False
16:52:50     INFO - MultiFileLogger online at 20180608 16:52:50 in /builds/slave/test
16:52:50     INFO - Run as scripts/scripts/desktop_unittest.py --cfg unittests/linux_unittest.py --mochitest-suite mochitest-devtools-chrome-chunked --total-chunks 8 --this-chunk 3 --blob-upload-branch mozilla-esr52 --download-symbols ondemand
16:52:50     INFO - Dumping config to /builds/slave/test/logs/localconfig.json.
16:52:50     INFO - {'all_cppunittest_suites': {'cppunittest': {'tests': ('tests/cppunittest',)}},
16:52:50     INFO -  'all_gtest_suites': {'gtest': ()},
16:52:50     INFO -  'all_jittest_suites': {'jittest': (),
16:52:50     INFO -                         'jittest-chunked': (),
16:52:50     INFO -                         'jittest1': ('--total-chunks=2', '--this-chunk=1'),
16:52:50     INFO -                         'jittest2': ('--total-chunks=2', '--this-chunk=2')},
16:52:50     INFO -  'all_mochitest_suites': {'a11y': ('--flavor=a11y',),
16:52:50     INFO -                           'browser-chrome': ('--flavor=browser',),
16:52:50     INFO -                           'browser-chrome-addons': ('--flavor=browser',
16:52:50     INFO -                                                     '--chunk-by-runtime',
16:52:50     INFO -                                                     '--tag=addons'),
16:52:50     INFO -                           'browser-chrome-chunked': ('--flavor=browser',
16:52:50     INFO -                                                      '--chunk-by-runtime'),
16:52:50     INFO -                           'browser-chrome-clipboard': ('--flavor=browser',
16:52:50     INFO -                                                        '--subsuite=clipboard'),
16:52:50     INFO -                           'browser-chrome-coverage': ('--flavor=browser',
16:52:50     INFO -                                                       '--chunk-by-runtime',
16:52:50     INFO -                                                       '--timeout=1200'),
16:52:50     INFO -                           'browser-chrome-gpu': ('--flavor=browser',
16:52:50     INFO -                                                  '--subsuite=gpu'),
16:52:50     INFO -                           'browser-chrome-screenshots': ('--flavor=browser',
16:52:50     INFO -                                                          '--subsuite=screenshots'),
16:52:50     INFO -                           'chrome': ('--flavor=chrome',),
16:52:50     INFO -                           'chrome-chunked': ('--flavor=chrome',
16:52:50     INFO -                                              '--chunk-by-dir=4'),
16:52:50     INFO -                           'chrome-clipboard': ('--flavor=chrome',
16:52:50     INFO -                                                '--subsuite=clipboard'),
16:52:50     INFO -                           'chrome-gpu': ('--flavor=chrome', '--subsuite=gpu'),
16:52:50     INFO -                           'jetpack-addon': ('--flavor=jetpack-addon',),
16:52:50     INFO -                           'jetpack-package': ('--flavor=jetpack-package',),
16:52:50     INFO -                           'jetpack-package-clipboard': ('--flavor=jetpack-package',
16:52:50     INFO -                                                         '--subsuite=clipboard'),
16:52:50     INFO -                           'mochitest-devtools-chrome': ('--flavor=browser',
16:52:50     INFO -                                                         '--subsuite=devtools'),
16:52:50     INFO -                           'mochitest-devtools-chrome-chunked': ('--flavor=browser',
16:52:50     INFO -                                                                 '--subsuite=devtools',
16:52:50     INFO -                                                                 '--chunk-by-runtime'),
16:52:50     INFO -                           'mochitest-devtools-chrome-coverage': ('--flavor=browser',
16:52:50     INFO -                                                                  '--subsuite=devtools',
16:52:50     INFO -                                                                  '--chunk-by-runtime',
16:52:50     INFO -                                                                  '--timeout=1200'),
16:52:50     INFO -                           'mochitest-gl': ('--subsuite=webgl',),
16:52:50     INFO -                           'mochitest-media': ('--subsuite=media',),
16:52:50     INFO -                           'plain': (),
16:52:50     INFO -                           'plain-chunked': ('--chunk-by-dir=4',),
16:52:50     INFO -                           'plain-clipboard': ('--subsuite=clipboard',),
16:52:50     INFO -                           'plain-gpu': ('--subsuite=gpu',),
16:52:50     INFO -                           'valgrind-plain': ('--valgrind=/usr/bin/valgrind',
16:52:50     INFO -                                              '--valgrind-supp-files=/builds/slave/test/build/tests/mochitest/x86_64-redhat-linux-gnu.sup,/builds/slave/test/build/tests/mochitest/cross-architecture.sup',
16:52:50     INFO -                                              '--timeout=900',
16:52:50     INFO -                                              '--max-timeouts=50')},
16:52:50     INFO -  'all_mozbase_suites': {'mozbase': ()},
16:52:50     INFO -  'all_reftest_suites': {'crashtest': {'options': ('--suite=crashtest',),
16:52:50     INFO -                                       'tests': ('tests/reftest/tests/testing/crashtest/crashtests.list',)},
16:52:50     INFO -                         'jsreftest': {'options': ('--extra-profile-file=tests/jsreftest/tests/user.js',
16:52:50     INFO -                                                   '--suite=jstestbrowser'),
16:52:50     INFO -                                       'tests': ('tests/jsreftest/tests/jstests.list',)},
16:52:50     INFO -                         'reftest': {'options': ('--suite=reftest',),
16:52:50     INFO -                                     'tests': ('tests/reftest/tests/layout/reftests/reftest.list',)},
16:52:50     INFO -                         'reftest-no-accel': {'options': ('--suite=reftest',
16:52:50     INFO -                                                          '--setpref=layers.acceleration.force-enabled=disabled'),
16:52:50     INFO -                                              'tests': ('tests/reftest/tests/layout/reftests/reftest.list',)}},
16:52:50     INFO -  'all_xpcshell_suites': {'xpcshell': {'options': ('--xpcshell=%(abs_app_dir)s/xpcshell',
16:52:50     INFO -                                                   '--manifest=tests/xpcshell/tests/xpcshell.ini'),
16:52:50     INFO -                                       'tests': ()},
16:52:50     INFO -                          'xpcshell-addons': {'options': ('--xpcshell=%(abs_app_dir)s/xpcshell',
16:52:50     INFO -                                                          '--tag=addons',
16:52:50     INFO -                                                          '--manifest=tests/xpcshell/tests/xpcshell.ini'),
16:52:50     INFO -                                              'tests': ()},
16:52:50     INFO -                          'xpcshell-coverage': {'options': ('--xpcshell=%(abs_app_dir)s/xpcshell',
16:52:50     INFO -                                                            '--manifest=tests/xpcshell/tests/xpcshell.ini'),
16:52:50     INFO -                                                'tests': ()}},
16:52:50     INFO -  'allow_software_gl_layers': False,
16:52:50     INFO -  'append_to_log': False,
16:52:50     INFO -  'base_work_dir': '/builds/slave/test',
16:52:50     INFO -  'binary_path': '/builds/slave/test/build/application/firefox/firefox-bin',
16:52:50     INFO -  'blob_upload_branch': 'mozilla-esr52',
16:52:50     INFO -  'blob_uploader_auth_file': '/builds/slave/test/oauth.txt',
16:52:50     INFO -  'buildbot_json_path': 'buildprops.json',
16:52:50     INFO -  'buildbot_max_log_size': 52428800,
16:52:50     INFO -  'code_coverage': False,
16:52:50     INFO -  'config_files': ('unittests/linux_unittest.py',),
16:52:50     INFO -  'default_blob_upload_servers': ('https://blobupload.elasticbeanstalk.com',),
16:52:50     INFO -  'download_minidump_stackwalk': True,
16:52:50     INFO -  'download_nodejs': True,
16:52:50     INFO -  'download_symbols': 'ondemand',
16:52:50     INFO -  'e10s': False,
16:52:50     INFO -  'exe_suffix': '',
16:52:50     INFO -  'exes': {'python': '/tools/buildbot/bin/python',
16:52:50     INFO -           'tooltool.py': '/tools/tooltool.py',
16:52:50     INFO -           'virtualenv': ('/tools/buildbot/bin/python',
16:52:50     INFO -                          '/tools/misc-python/virtualenv.py')},
16:52:50     INFO -  'find_links': ('http://pypi.pvt.build.mozilla.org/pub',
16:52:50     INFO -                 'http://pypi.pub.build.mozilla.org/pub'),
16:52:50     INFO -  'installer_path': '/builds/slave/test/build/installer.tar.bz2',
16:52:50     INFO -  'log_level': 'info',
16:52:50     INFO -  'log_to_console': True,
16:52:50     INFO -  'minidump_save_path': '%(abs_work_dir)s/../minidumps',
16:52:50     INFO -  'minidump_stackwalk_path': 'linux64-minidump_stackwalk',
16:52:50     INFO -  'minidump_tooltool_manifest_path': 'config/tooltool-manifests/linux64/releng.manifest',
16:52:50     INFO -  'minimum_tests_zip_dirs': ('bin/*',
16:52:50     INFO -                             'certs/*',
16:52:50     INFO -                             'config/*',
16:52:50     INFO -                             'mach',
16:52:50     INFO -                             'marionette/*',
16:52:50     INFO -                             'modules/*',
16:52:50     INFO -                             'mozbase/*',
16:52:50     INFO -                             'tools/*'),
16:52:50     INFO -  'no_random': False,
16:52:50     INFO -  'nodejs_path': 'node-linux-x64/bin/node',
16:52:50     INFO -  'nodejs_tooltool_manifest_path': 'config/tooltool-manifests/linux64/nodejs.manifest',
16:52:50     INFO -  'opt_config_files': (),
16:52:50     INFO -  'pip_index': False,
16:52:50     INFO -  'preflight_run_cmd_suites': ({'architectures': ('32bit', '64bit'),
16:52:50     INFO -                                'cmd': ('xset', 's', 'off', 's', 'reset'),
16:52:50     INFO -                                'enabled': True,
16:52:50     INFO -                                'halt_on_failure': False,
16:52:50     INFO -                                'name': 'disable_screen_saver'},
16:52:50     INFO -                               {'architectures': ('32bit',),
16:52:50     INFO -                                'cmd': ('python',
16:52:50     INFO -                                        '../scripts/external_tools/mouse_and_screen_resolution.py',
16:52:50     INFO -                                        '--configuration-file',
16:52:50     INFO -                                        '../scripts/external_tools/machine-configuration.json'),
16:52:50     INFO -                                'enabled': False,
16:52:50     INFO -                                'halt_on_failure': True,
16:52:50     INFO -                                'name': 'run mouse & screen adjustment script'}),
16:52:50     INFO -  'require_test_zip': True,
16:52:50     INFO -  'run_all_suites': False,
16:52:50     INFO -  'run_cmd_checks_enabled': True,
16:52:50     INFO -  'run_file_names': {'cppunittest': 'runcppunittests.py',
16:52:50     INFO -                     'gtest': 'rungtests.py',
16:52:50     INFO -                     'jittest': 'jit_test.py',
16:52:50     INFO -                     'mochitest': 'runtests.py',
16:52:50     INFO -                     'mozbase': 'test.py',
16:52:50     INFO -                     'mozmill': 'runtestlist.py',
16:52:50     INFO -                     'reftest': 'runreftest.py',
16:52:50     INFO -                     'xpcshell': 'runxpcshelltests.py'},
16:52:50     INFO -  'specific_tests_zip_dirs': {'cppunittest': ('cppunittest/*',),
16:52:50     INFO -                              'gtest': ('gtest/*',),
16:52:50     INFO -                              'jittest': ('jit-test/*',),
16:52:50     INFO -                              'mochitest': ('mochitest/*',),
16:52:50     INFO -                              'mozbase': ('mozbase/*',),
16:52:50     INFO -                              'mozmill': ('mozmill/*',),
16:52:50     INFO -                              'reftest': ('reftest/*', 'jsreftest/*'),
16:52:50     INFO -                              'xpcshell': ('xpcshell/*',)},
16:52:50     INFO -  'specified_mochitest_suites': ('mochitest-devtools-chrome-chunked',),
16:52:50     INFO -  'strict_content_sandbox': False,
16:52:50     INFO -  'suite_definitions': {'cppunittest': {'options': ('--symbols-path=%(symbols_path)s',
16:52:50     INFO -                                                    '--xre-path=%(abs_app_dir)s'),
16:52:50     INFO -                                        'run_filename': 'runcppunittests.py',
16:52:50     INFO -                                        'testsdir': 'cppunittest'},
16:52:50     INFO -                        'gtest': {'options': ('--xre-path=%(abs_res_dir)s',
16:52:50     INFO -                                              '--cwd=%(gtest_dir)s',
16:52:50     INFO -                                              '--symbols-path=%(symbols_path)s',
16:52:50     INFO -                                              '--utility-path=tests/bin',
16:52:50     INFO -                                              '%(binary_path)s'),
16:52:50     INFO -                                  'run_filename': 'rungtests.py'},
16:52:50     INFO -                        'jittest': {'options': ('tests/bin/js',
16:52:50     INFO -                                                '--no-slow',
16:52:50     INFO -                                                '--no-progress',
16:52:50     INFO -                                                '--format=automation',
16:52:50     INFO -                                                '--jitflags=all',
16:52:50     INFO -                                                '--timeout=970'),
16:52:50     INFO -                                    'run_filename': 'jit_test.py',
16:52:50     INFO -                                    'run_timeout': 1000,
16:52:50     INFO -                                    'testsdir': 'jit-test/jit-test'},
16:52:50     INFO -                        'mochitest': {'options': ('--appname=%(binary_path)s',
16:52:50     INFO -                                                  '--utility-path=tests/bin',
16:52:50     INFO -                                                  '--extra-profile-file=tests/bin/plugins',
16:52:50     INFO -                                                  '--symbols-path=%(symbols_path)s',
16:52:50     INFO -                                                  '--certificate-path=tests/certs',
16:52:50     INFO -                                                  '--setpref=webgl.force-enabled=true',
16:52:50     INFO -                                                  '--quiet',
16:52:50     INFO -                                                  '--log-raw=%(raw_log_file)s',
16:52:50     INFO -                                                  '--log-errorsummary=%(error_summary_file)s',
16:52:50     INFO -                                                  '--use-test-media-devices',
16:52:50     INFO -                                                  '--screenshot-on-fail',
16:52:50     INFO -                                                  '--cleanup-crashes',
16:52:50     INFO -                                                  '--marionette-startup-timeout=180'),
16:52:50     INFO -                                      'run_filename': 'runtests.py',
16:52:50     INFO -                                      'testsdir': 'mochitest'},
16:52:50     INFO -                        'mozbase': {'options': ('-b', '%(binary_path)s'),
16:52:50     INFO -                                    'run_filename': 'test.py',
16:52:50     INFO -                                    'testsdir': 'mozbase'},
16:52:50     INFO -                        'mozmill': {'options': ('--binary=%(binary_path)s',
16:52:50     INFO -                                                '--testing-modules-dir=test/modules',
16:52:50     INFO -                                                '--plugins-path=%(test_plugin_path)s',
16:52:50     INFO -                                                '--symbols-path=%(symbols_path)s'),
16:52:50     INFO -                                    'run_filename': 'runtestlist.py',
16:52:50     INFO -                                    'testsdir': 'mozmill'},
16:52:50     INFO -                        'reftest': {'options': ('--appname=%(binary_path)s',
16:52:50     INFO -                                                '--utility-path=tests/bin',
16:52:50     INFO -                                                '--extra-profile-file=tests/bin/plugins',
16:52:50     INFO -                                                '--symbols-path=%(symbols_path)s',
16:52:50     INFO -                                                '--log-raw=%(raw_log_file)s',
16:52:51     INFO -                                                '--log-errorsummary=%(error_summary_file)s',
16:52:51     INFO -                                                '--cleanup-crashes'),
16:52:51     INFO -                                    'run_filename': 'runreftest.py',
16:52:51     INFO -                                    'testsdir': 'reftest'},
16:52:51     INFO -                        'xpcshell': {'options': ('--symbols-path=%(symbols_path)s',
16:52:51     INFO -                                                 '--test-plugin-path=%(test_plugin_path)s',
16:52:51     INFO -                                                 '--log-raw=%(raw_log_file)s',
16:52:51     INFO -                                                 '--log-errorsummary=%(error_summary_file)s',
16:52:51     INFO -                                                 '--utility-path=tests/bin'),
16:52:51     INFO -                                     'run_filename': 'runxpcshelltests.py',
16:52:51     INFO -                                     'testsdir': 'xpcshell'}},
16:52:51     INFO -  'this_chunk': '3',
16:52:51     INFO -  'tooltool_cache': '/builds/tooltool_cache',
16:52:51     INFO -  'total_chunks': '8',
16:52:51     INFO -  'unstructured_flavors': {'cppunittest': (),
16:52:51     INFO -                           'gtest': (),
16:52:51     INFO -                           'jittest': (),
16:52:51     INFO -                           'mochitest': ('jetpack',),
16:52:51     INFO -                           'mozbase': (),
16:52:51     INFO -                           'mozmill': (),
16:52:51     INFO -                           'xpcshell': ()},
16:52:51     INFO -  'vcs_output_timeout': 1000,
16:52:51     INFO -  'virtualenv_path': 'venv',
16:52:51     INFO -  'volatile_config': {'actions': None, 'add_actions': None, 'no_actions': None},
16:52:51     INFO -  'work_dir': 'build',
16:52:51     INFO -  'xpcshell_name': 'xpcshell'}
16:52:51     INFO - [mozharness: 2018-06-08 23:52:51.009897Z] Running clobber step.
16:52:51     INFO - Running pre-action listener: _resource_record_pre_action
16:52:51     INFO - Running main action method: clobber
16:52:51     INFO - rmtree: /builds/slave/test/build
16:52:51     INFO - Running post-action listener: _resource_record_post_action
16:52:51     INFO - [mozharness: 2018-06-08 23:52:51.027102Z] Finished clobber step (success)
16:52:51     INFO - [mozharness: 2018-06-08 23:52:51.027700Z] Running read-buildbot-config step.
16:52:51     INFO - Running pre-action listener: _resource_record_pre_action
16:52:51     INFO - Running main action method: read_buildbot_config
16:52:51     INFO - Using buildbot properties:
16:52:51     INFO - {
16:52:51     INFO -     "project": "", 
16:52:51     INFO -     "product": "firefox", 
16:52:51     INFO -     "script_repo_revision": "production", 
16:52:51     INFO -     "scheduler": "tests-mozilla-esr52-ubuntu64_vm-pgo-unittest", 
16:52:51     INFO -     "repository": "", 
16:52:51     INFO -     "buildername": "Ubuntu VM 12.04 x64 mozilla-esr52 pgo test mochitest-devtools-chrome-3", 
16:52:51     INFO -     "buildid": "20180608150819", 
16:52:51     INFO -     "pgo_build": "True", 
16:52:51     INFO -     "basedir": "/builds/slave/test", 
16:52:51     INFO -     "buildnumber": 91, 
16:52:51     INFO -     "slavename": "tst-linux64-spot-022", 
16:52:51     INFO -     "master": "http://buildbot-master52.bb.releng.use1.mozilla.com:8201/", 
16:52:51     INFO -     "platform": "linux64", 
16:52:51     INFO -     "branch": "mozilla-esr52", 
16:52:51     INFO -     "revision": "cbfdf01aac455e0591471201c96b89dee98190b5", 
16:52:51     INFO -     "repo_path": "releases/mozilla-esr52", 
16:52:51     INFO -     "moz_repo_path": "", 
16:52:51     INFO -     "stage_platform": "linux64-pgo", 
16:52:51     INFO -     "builduid": "b298b373e93d4f8dbf92436c9ed838a2", 
16:52:51     INFO -     "slavebuilddir": "test"
16:52:51     INFO - }
16:52:51     INFO - Found installer url https://queue.taskcluster.net/v1/task/I1iAdq48Sa60c5BCPWswkg/artifacts/public/build/firefox-52.8.2.en-US.linux-x86_64.tar.bz2.
16:52:51     INFO - Found a test packages url https://queue.taskcluster.net/v1/task/I1iAdq48Sa60c5BCPWswkg/artifacts/public/build/firefox-52.8.2.en-US.linux-x86_64.test_packages.json.
16:52:51     INFO - Running post-action listener: _resource_record_post_action
16:52:51     INFO - [mozharness: 2018-06-08 23:52:51.040250Z] Finished read-buildbot-config step (success)
16:52:51     INFO - [mozharness: 2018-06-08 23:52:51.040668Z] Running download-and-extract step.
16:52:51     INFO - Running pre-action listener: _pre_download_and_extract
16:52:51  WARNING - Try message not found.
16:52:51     INFO - Running pre-action listener: _resource_record_pre_action
16:52:51     INFO - Running main action method: download_and_extract
16:52:51     INFO - mkdir: /builds/slave/test/build/tests
16:52:51     INFO - Downloading https://queue.taskcluster.net/v1/task/I1iAdq48Sa60c5BCPWswkg/artifacts/public/build/firefox-52.8.2.en-US.linux-x86_64.test_packages.json to /builds/slave/test/build/firefox-52.8.2.en-US.linux-x86_64.test_packages.json
16:52:51     INFO - retry: Calling _download_file with args: (), kwargs: {'url': 'https://queue.taskcluster.net/v1/task/I1iAdq48Sa60c5BCPWswkg/artifacts/public/build/firefox-52.8.2.en-US.linux-x86_64.test_packages.json', 'file_name': '/builds/slave/test/build/firefox-52.8.2.en-US.linux-x86_64.test_packages.json'}, attempt #1
16:52:52     INFO - Downloaded 1361 bytes.
16:52:52     INFO - Reading from file /builds/slave/test/build/firefox-52.8.2.en-US.linux-x86_64.test_packages.json
16:52:52     INFO - Using the following test package requirements:
16:52:52     INFO - {u'common': [u'firefox-52.8.2.en-US.linux-x86_64.common.tests.zip'],
16:52:52     INFO -  u'cppunittest': [u'firefox-52.8.2.en-US.linux-x86_64.common.tests.zip',
16:52:52     INFO -                   u'firefox-52.8.2.en-US.linux-x86_64.cppunittest.tests.zip'],
16:52:52     INFO -  u'gtest': [u'firefox-52.8.2.en-US.linux-x86_64.common.tests.zip',
16:52:52     INFO -             u'firefox-52.8.2.en-US.linux-x86_64.gtest.tests.zip'],
16:52:52     INFO -  u'jittest': [u'firefox-52.8.2.en-US.linux-x86_64.common.tests.zip',
16:52:52     INFO -               u'jsshell-linux-x86_64.zip'],
16:52:52     INFO -  u'mochitest': [u'firefox-52.8.2.en-US.linux-x86_64.common.tests.zip',
16:52:52     INFO -                 u'firefox-52.8.2.en-US.linux-x86_64.mochitest.tests.zip'],
16:52:52     INFO -  u'mozbase': [u'firefox-52.8.2.en-US.linux-x86_64.common.tests.zip'],
16:52:52     INFO -  u'reftest': [u'firefox-52.8.2.en-US.linux-x86_64.common.tests.zip',
16:52:52     INFO -               u'firefox-52.8.2.en-US.linux-x86_64.reftest.tests.zip'],
16:52:52     INFO -  u'talos': [u'firefox-52.8.2.en-US.linux-x86_64.common.tests.zip',
16:52:52     INFO -             u'firefox-52.8.2.en-US.linux-x86_64.talos.tests.zip'],
16:52:52     INFO -  u'web-platform': [u'firefox-52.8.2.en-US.linux-x86_64.common.tests.zip',
16:52:52     INFO -                    u'firefox-52.8.2.en-US.linux-x86_64.web-platform.tests.zip'],
16:52:52     INFO -  u'xpcshell': [u'firefox-52.8.2.en-US.linux-x86_64.common.tests.zip',
16:52:52     INFO -                u'firefox-52.8.2.en-US.linux-x86_64.xpcshell.tests.zip']}
16:52:52     INFO - Downloading packages: [u'firefox-52.8.2.en-US.linux-x86_64.common.tests.zip', u'firefox-52.8.2.en-US.linux-x86_64.mochitest.tests.zip'] for test suite category: mochitest
16:52:52     INFO - Adding 'mozinfo.json' for extraction from common.tests zip file
16:52:52     INFO - Downloading and extracting to /builds/slave/test/build/tests these dirs bin/*, certs/*, config/*, mach, marionette/*, modules/*, mozbase/*, tools/*, mochitest/*, mozinfo.json from https://queue.taskcluster.net/v1/task/I1iAdq48Sa60c5BCPWswkg/artifacts/public/build/firefox-52.8.2.en-US.linux-x86_64.common.tests.zip
16:52:52     INFO - retry: Calling fetch_url_into_memory with args: (), kwargs: {'url': u'https://queue.taskcluster.net/v1/task/I1iAdq48Sa60c5BCPWswkg/artifacts/public/build/firefox-52.8.2.en-US.linux-x86_64.common.tests.zip'}, attempt #1
16:52:52     INFO - Fetch https://queue.taskcluster.net/v1/task/I1iAdq48Sa60c5BCPWswkg/artifacts/public/build/firefox-52.8.2.en-US.linux-x86_64.common.tests.zip into memory
16:52:54     INFO - Http code: 200
16:52:54     INFO - via: 1.1 6e65abb04cb818a6ec78111935b507f7.cloudfront.net (CloudFront)
16:52:54     INFO - x-amz-cf-id: u4bvZHEucUGt3ujKLO561Z8ereopc-sgpTXUaVQU1Lv2dGhnM9PP4g==
16:52:54     INFO - x-amz-version-id: amyEguiG3.NEsCgIpfpr7ojoc30OcAP5
16:52:57     INFO - Expected file size: 22192748
16:52:57     INFO - Obtained file size: 22192748
16:52:58     INFO - Downloading and extracting to /builds/slave/test/build/tests these dirs bin/*, certs/*, config/*, mach, marionette/*, modules/*, mozbase/*, tools/*, mochitest/*, mozinfo.json from https://queue.taskcluster.net/v1/task/I1iAdq48Sa60c5BCPWswkg/artifacts/public/build/firefox-52.8.2.en-US.linux-x86_64.mochitest.tests.zip
16:52:58     INFO - retry: Calling fetch_url_into_memory with args: (), kwargs: {'url': u'https://queue.taskcluster.net/v1/task/I1iAdq48Sa60c5BCPWswkg/artifacts/public/build/firefox-52.8.2.en-US.linux-x86_64.mochitest.tests.zip'}, attempt #1
16:52:58     INFO - Fetch https://queue.taskcluster.net/v1/task/I1iAdq48Sa60c5BCPWswkg/artifacts/public/build/firefox-52.8.2.en-US.linux-x86_64.mochitest.tests.zip into memory
16:53:00     INFO - Http code: 200
16:53:00     INFO - via: 1.1 30bb04916f91d64c600e15c15000042d.cloudfront.net (CloudFront)
16:53:00     INFO - x-amz-cf-id: VO5EDALiQv-tNW7ZCTSTEVyavTnk1d_K7R6O6pnzZw3w0vENyg9sJA==
16:53:00     INFO - x-amz-version-id: pVaLoGmwkPIw3WqAG.TA2Gozslw06heL
16:53:05     INFO - Expected file size: 80595071
16:53:05     INFO - Obtained file size: 80595071
16:53:26     INFO - Downloading https://queue.taskcluster.net/v1/task/I1iAdq48Sa60c5BCPWswkg/artifacts/public/build/firefox-52.8.2.en-US.linux-x86_64.tar.bz2 to /builds/slave/test/build/installer.tar.bz2
16:53:26     INFO - retry: Calling _download_file with args: (), kwargs: {'url': 'https://queue.taskcluster.net/v1/task/I1iAdq48Sa60c5BCPWswkg/artifacts/public/build/firefox-52.8.2.en-US.linux-x86_64.tar.bz2', 'file_name': '/builds/slave/test/build/installer.tar.bz2'}, attempt #1
16:53:32     INFO - Downloaded 57821935 bytes.
16:53:32     INFO - Setting buildbot property build_url to https://queue.taskcluster.net/v1/task/I1iAdq48Sa60c5BCPWswkg/artifacts/public/build/firefox-52.8.2.en-US.linux-x86_64.tar.bz2
16:53:32     INFO - mkdir: /builds/slave/test/properties
16:53:32     INFO - Writing buildbot properties ['build_url'] to /builds/slave/test/properties/build_url
16:53:32     INFO - Writing to file /builds/slave/test/properties/build_url
16:53:32     INFO - Contents:
16:53:32     INFO -  build_url:https://queue.taskcluster.net/v1/task/I1iAdq48Sa60c5BCPWswkg/artifacts/public/build/firefox-52.8.2.en-US.linux-x86_64.tar.bz2
16:53:34     INFO - Running post-action listener: _resource_record_post_action
16:53:34     INFO - Running post-action listener: set_extra_try_arguments
16:53:34     INFO - [mozharness: 2018-06-08 23:53:34.516723Z] Finished download-and-extract step (success)
16:53:34     INFO - [mozharness: 2018-06-08 23:53:34.517146Z] Running create-virtualenv step.
16:53:34     INFO - Running pre-action listener: _install_mozbase
16:53:34     INFO - Running pre-action listener: _pre_create_virtualenv
16:53:34     INFO - Running pre-action listener: _resource_record_pre_action
16:53:34     INFO - Running main action method: create_virtualenv
16:53:34     INFO - Creating virtualenv /builds/slave/test/build/venv
16:53:34     INFO - Running command: ['/tools/buildbot/bin/python', '/builds/slave/test/scripts/external_tools/virtualenv/virtualenv.py', '--always-copy', '/builds/slave/test/build/venv'] in /builds/slave/test/build
16:53:34     INFO - Copy/paste: /tools/buildbot/bin/python /builds/slave/test/scripts/external_tools/virtualenv/virtualenv.py --always-copy /builds/slave/test/build/venv
16:53:34     INFO - Using partial env: {'VIRTUALENV_NO_DOWNLOAD': '1'}
16:53:37     INFO -  Using real prefix '/usr'
16:53:37     INFO -  New python executable in /builds/slave/test/build/venv/bin/python
16:53:39     INFO -  Installing setuptools, pip, wheel...done.
16:53:39     INFO - Return code: 0
16:53:39     INFO - Installing psutil>=3.1.1 into virtualenv /builds/slave/test/build/venv
16:53:40     INFO - retry: Calling run_command with args: [['/builds/slave/test/build/venv/bin/pip', 'install', '--timeout', '120', '--no-index', '--find-links', 'http://pypi.pvt.build.mozilla.org/pub', '--find-links', 'http://pypi.pub.build.mozilla.org/pub', '--trusted-host', 'pypi.pub.build.mozilla.org', '--trusted-host', 'pypi.pvt.build.mozilla.org', 'psutil>=3.1.1']], kwargs: {'error_level': 'warning', 'error_list': [{'substr': 'not found or a compiler error:', 'level': 'warning'}, {'regex': <_sre.SRE_Pattern object at 0x7f7c27269110>, 'level': 'error'}, {'regex': <_sre.SRE_Pattern object at 0x7f7c27371e40>, 'level': 'warning'}, {'regex': <_sre.SRE_Pattern object at 0x25443e0>, 'level': 'debug'}, {'substr': 'command not found', 'level': 'error'}, {'regex': <_sre.SRE_Pattern object at 0x2540a90>, 'level': 'warning'}, {'substr': 'Traceback (most recent call last)', 'level': 'error'}, {'substr': 'SyntaxError: ', 'level': 'error'}, {'substr': 'TypeError: ', 'level': 'error'}, {'substr': 'NameError: ', 'level': 'error'}, {'substr': 'ZeroDivisionError: ', 'level': 'error'}, {'regex': <_sre.SRE_Pattern object at 0x25423f0>, 'level': 'critical'}, {'regex': <_sre.SRE_Pattern object at 0x2542670>, 'level': 'critical'}], 'cwd': '/builds/slave/test/build', 'env': {'TMOUT': '86400', 'LOGNAME': 'cltbld', 'USER': 'cltbld', 'HOME': '/home/cltbld', 'PATH': '/usr/local/bin:/usr/local/bin:/usr/bin:/bin:/usr/local/games:/usr/games', 'DISPLAY': ':0', 'CCACHE_UMASK': '002', 'LANG': 'en_US.UTF-8', 'TERM': 'linux', 'SHELL': '/bin/bash', 'MOZ_NODE_PATH': '/usr/bin/node', 'XDG_SESSION_COOKIE': '9ca12473fbb1d023794ffd180000023c-1528501964.186023-644782249', 'SHLVL': '1', 'NO_FAIL_ON_TEST_ERRORS': '1', 'MOZ_NO_REMOTE': '1', 'MOZ_HIDE_RESULTS_TABLE': '1', 'MAIL': '/var/mail/cltbld', '_': '/tools/buildbot/bin/python', 'NODE_PATH': '/usr/lib/nodejs:/usr/lib/node_modules:/usr/share/javascript', 'PWD': '/builds/slave/test', 'PROPERTIES_FILE': '/builds/slave/test/buildprops.json', 'CCACHE_DIR': '/builds/ccache'}}, attempt #1
16:53:40     INFO - Running command: ['/builds/slave/test/build/venv/bin/pip', 'install', '--timeout', '120', '--no-index', '--find-links', 'http://pypi.pvt.build.mozilla.org/pub', '--find-links', 'http://pypi.pub.build.mozilla.org/pub', '--trusted-host', 'pypi.pub.build.mozilla.org', '--trusted-host', 'pypi.pvt.build.mozilla.org', 'psutil>=3.1.1'] in /builds/slave/test/build
16:53:40     INFO - Copy/paste: /builds/slave/test/build/venv/bin/pip install --timeout 120 --no-index --find-links http://pypi.pvt.build.mozilla.org/pub --find-links http://pypi.pub.build.mozilla.org/pub --trusted-host pypi.pub.build.mozilla.org --trusted-host pypi.pvt.build.mozilla.org psutil>=3.1.1
16:53:40     INFO - Using env: {'CCACHE_DIR': '/builds/ccache',
16:53:40     INFO -  'CCACHE_UMASK': '002',
16:53:40     INFO -  'DISPLAY': ':0',
16:53:40     INFO -  'HOME': '/home/cltbld',
16:53:40     INFO -  'LANG': 'en_US.UTF-8',
16:53:40     INFO -  'LOGNAME': 'cltbld',
16:53:40     INFO -  'MAIL': '/var/mail/cltbld',
16:53:40     INFO -  'MOZ_HIDE_RESULTS_TABLE': '1',
16:53:40     INFO -  'MOZ_NODE_PATH': '/usr/bin/node',
16:53:40     INFO -  'MOZ_NO_REMOTE': '1',
16:53:40     INFO -  'NODE_PATH': '/usr/lib/nodejs:/usr/lib/node_modules:/usr/share/javascript',
16:53:40     INFO -  'NO_FAIL_ON_TEST_ERRORS': '1',
16:53:40     INFO -  'PATH': '/usr/local/bin:/usr/local/bin:/usr/bin:/bin:/usr/local/games:/usr/games',
16:53:40     INFO -  'PROPERTIES_FILE': '/builds/slave/test/buildprops.json',
16:53:40     INFO -  'PWD': '/builds/slave/test',
16:53:40     INFO -  'SHELL': '/bin/bash',
16:53:40     INFO -  'SHLVL': '1',
16:53:40     INFO -  'TERM': 'linux',
16:53:40     INFO -  'TMOUT': '86400',
16:53:40     INFO -  'USER': 'cltbld',
16:53:40     INFO -  'XDG_SESSION_COOKIE': '9ca12473fbb1d023794ffd180000023c-1528501964.186023-644782249',
16:53:40     INFO -  '_': '/tools/buildbot/bin/python'}
16:53:41     INFO -  Ignoring indexes: https://pypi.python.org/simple
16:53:41     INFO -  Collecting psutil>=3.1.1
16:53:41     INFO -  /builds/slave/test/build/venv/lib/python2.7/site-packages/pip/_vendor/requests/packages/urllib3/util/ssl_.py:318: SNIMissingWarning: An HTTPS request has been made, but the SNI (Subject Name Indication) extension to TLS is not available on this platform. This may cause the server to present an incorrect TLS certificate, which can cause validation failures. You can upgrade to a newer version of Python to solve this. For more information, see https://urllib3.readthedocs.org/en/latest/security.html#snimissingwarning.
16:53:41     INFO -    SNIMissingWarning
16:53:41     INFO -  /builds/slave/test/build/venv/lib/python2.7/site-packages/pip/_vendor/requests/packages/urllib3/util/ssl_.py:122: InsecurePlatformWarning: A true SSLContext object is not available. This prevents urllib3 from configuring SSL appropriately and may cause certain SSL connections to fail. You can upgrade to a newer version of Python to solve this. For more information, see https://urllib3.readthedocs.org/en/latest/security.html#insecureplatformwarning.
16:53:41     INFO -    InsecurePlatformWarning
16:53:43     INFO -  /builds/slave/test/build/venv/lib/python2.7/site-packages/pip/_vendor/requests/packages/urllib3/util/ssl_.py:122: InsecurePlatformWarning: A true SSLContext object is not available. This prevents urllib3 from configuring SSL appropriately and may cause certain SSL connections to fail. You can upgrade to a newer version of Python to solve this. For more information, see https://urllib3.readthedocs.org/en/latest/security.html#insecureplatformwarning.
16:53:43     INFO -    InsecurePlatformWarning
16:53:48     INFO -    Downloading https://pypi.pvt.build.mozilla.org/pub/psutil-5.4.3.tar.gz (412kB)
16:53:49     INFO -  Building wheels for collected packages: psutil
16:53:49     INFO -    Running setup.py bdist_wheel for psutil: started
16:53:51     INFO -    Running setup.py bdist_wheel for psutil: finished with status 'done'
16:53:51     INFO -    Stored in directory: /home/cltbld/.cache/pip/wheels/30/c0/c3/5cdb2b64c0d47a81af9c62935a64d83948d2c2b3e7af3eeee2
16:53:52     INFO -  Successfully built psutil
16:53:52     INFO -  Installing collected packages: psutil
16:53:52     INFO -  Successfully installed psutil-5.4.3
16:53:52     INFO - Return code: 0
16:53:52     INFO - Installing mozsystemmonitor==0.3 into virtualenv /builds/slave/test/build/venv
16:53:52     INFO - retry: Calling run_command with args: [['/builds/slave/test/build/venv/bin/pip', 'install', '--timeout', '120', '--no-index', '--find-links', 'http://pypi.pvt.build.mozilla.org/pub', '--find-links', 'http://pypi.pub.build.mozilla.org/pub', '--trusted-host', 'pypi.pub.build.mozilla.org', '--trusted-host', 'pypi.pvt.build.mozilla.org', 'mozsystemmonitor==0.3']], kwargs: {'error_level': 'warning', 'error_list': [{'substr': 'not found or a compiler error:', 'level': 'warning'}, {'regex': <_sre.SRE_Pattern object at 0x7f7c27269110>, 'level': 'error'}, {'regex': <_sre.SRE_Pattern object at 0x7f7c27371e40>, 'level': 'warning'}, {'regex': <_sre.SRE_Pattern object at 0x25443e0>, 'level': 'debug'}, {'substr': 'command not found', 'level': 'error'}, {'regex': <_sre.SRE_Pattern object at 0x2540a90>, 'level': 'warning'}, {'substr': 'Traceback (most recent call last)', 'level': 'error'}, {'substr': 'SyntaxError: ', 'level': 'error'}, {'substr': 'TypeError: ', 'level': 'error'}, {'substr': 'NameError: ', 'level': 'error'}, {'substr': 'ZeroDivisionError: ', 'level': 'error'}, {'regex': <_sre.SRE_Pattern object at 0x25423f0>, 'level': 'critical'}, {'regex': <_sre.SRE_Pattern object at 0x2542670>, 'level': 'critical'}], 'cwd': '/builds/slave/test/build', 'env': {'TMOUT': '86400', 'LOGNAME': 'cltbld', 'USER': 'cltbld', 'HOME': '/home/cltbld', 'PATH': '/usr/local/bin:/usr/local/bin:/usr/bin:/bin:/usr/local/games:/usr/games', 'DISPLAY': ':0', 'CCACHE_UMASK': '002', 'LANG': 'en_US.UTF-8', 'TERM': 'linux', 'SHELL': '/bin/bash', 'MOZ_NODE_PATH': '/usr/bin/node', 'XDG_SESSION_COOKIE': '9ca12473fbb1d023794ffd180000023c-1528501964.186023-644782249', 'SHLVL': '1', 'NO_FAIL_ON_TEST_ERRORS': '1', 'MOZ_NO_REMOTE': '1', 'MOZ_HIDE_RESULTS_TABLE': '1', 'MAIL': '/var/mail/cltbld', '_': '/tools/buildbot/bin/python', 'NODE_PATH': '/usr/lib/nodejs:/usr/lib/node_modules:/usr/share/javascript', 'PWD': '/builds/slave/test', 'PROPERTIES_FILE': '/builds/slave/test/buildprops.json', 'CCACHE_DIR': '/builds/ccache'}}, attempt #1
16:53:52     INFO - Running command: ['/builds/slave/test/build/venv/bin/pip', 'install', '--timeout', '120', '--no-index', '--find-links', 'http://pypi.pvt.build.mozilla.org/pub', '--find-links', 'http://pypi.pub.build.mozilla.org/pub', '--trusted-host', 'pypi.pub.build.mozilla.org', '--trusted-host', 'pypi.pvt.build.mozilla.org', 'mozsystemmonitor==0.3'] in /builds/slave/test/build
16:53:52     INFO - Copy/paste: /builds/slave/test/build/venv/bin/pip install --timeout 120 --no-index --find-links http://pypi.pvt.build.mozilla.org/pub --find-links http://pypi.pub.build.mozilla.org/pub --trusted-host pypi.pub.build.mozilla.org --trusted-host pypi.pvt.build.mozilla.org mozsystemmonitor==0.3
16:53:52     INFO - Using env: {'CCACHE_DIR': '/builds/ccache',
16:53:52     INFO -  'CCACHE_UMASK': '002',
16:53:52     INFO -  'DISPLAY': ':0',
16:53:52     INFO -  'HOME': '/home/cltbld',
16:53:52     INFO -  'LANG': 'en_US.UTF-8',
16:53:52     INFO -  'LOGNAME': 'cltbld',
16:53:52     INFO -  'MAIL': '/var/mail/cltbld',
16:53:52     INFO -  'MOZ_HIDE_RESULTS_TABLE': '1',
16:53:52     INFO -  'MOZ_NODE_PATH': '/usr/bin/node',
16:53:52     INFO -  'MOZ_NO_REMOTE': '1',
16:53:52     INFO -  'NODE_PATH': '/usr/lib/nodejs:/usr/lib/node_modules:/usr/share/javascript',
16:53:52     INFO -  'NO_FAIL_ON_TEST_ERRORS': '1',
16:53:52     INFO -  'PATH': '/usr/local/bin:/usr/local/bin:/usr/bin:/bin:/usr/local/games:/usr/games',
16:53:52     INFO -  'PROPERTIES_FILE': '/builds/slave/test/buildprops.json',
16:53:52     INFO -  'PWD': '/builds/slave/test',
16:53:52     INFO -  'SHELL': '/bin/bash',
16:53:52     INFO -  'SHLVL': '1',
16:53:52     INFO -  'TERM': 'linux',
16:53:52     INFO -  'TMOUT': '86400',
16:53:52     INFO -  'USER': 'cltbld',
16:53:52     INFO -  'XDG_SESSION_COOKIE': '9ca12473fbb1d023794ffd180000023c-1528501964.186023-644782249',
16:53:52     INFO -  '_': '/tools/buildbot/bin/python'}
16:53:53     INFO -  Ignoring indexes: https://pypi.python.org/simple
16:53:53     INFO -  Collecting mozsystemmonitor==0.3
16:53:53     INFO -  /builds/slave/test/build/venv/lib/python2.7/site-packages/pip/_vendor/requests/packages/urllib3/util/ssl_.py:318: SNIMissingWarning: An HTTPS request has been made, but the SNI (Subject Name Indication) extension to TLS is not available on this platform. This may cause the server to present an incorrect TLS certificate, which can cause validation failures. You can upgrade to a newer version of Python to solve this. For more information, see https://urllib3.readthedocs.org/en/latest/security.html#snimissingwarning.
16:53:53     INFO -    SNIMissingWarning
16:53:53     INFO -  /builds/slave/test/build/venv/lib/python2.7/site-packages/pip/_vendor/requests/packages/urllib3/util/ssl_.py:122: InsecurePlatformWarning: A true SSLContext object is not available. This prevents urllib3 from configuring SSL appropriately and may cause certain SSL connections to fail. You can upgrade to a newer version of Python to solve this. For more information, see https://urllib3.readthedocs.org/en/latest/security.html#insecureplatformwarning.
16:53:53     INFO -    InsecurePlatformWarning
16:53:55     INFO -  /builds/slave/test/build/venv/lib/python2.7/site-packages/pip/_vendor/requests/packages/urllib3/util/ssl_.py:122: InsecurePlatformWarning: A true SSLContext object is not available. This prevents urllib3 from configuring SSL appropriately and may cause certain SSL connections to fail. You can upgrade to a newer version of Python to solve this. For more information, see https://urllib3.readthedocs.org/en/latest/security.html#insecureplatformwarning.
16:53:55     INFO -    InsecurePlatformWarning
16:54:01     INFO -    Downloading https://pypi.pvt.build.mozilla.org/pub/mozsystemmonitor-0.3.tar.gz
16:54:01     INFO -  Requirement already satisfied (use --upgrade to upgrade): psutil>=3.1.1 in ./venv/lib/python2.7/site-packages (from mozsystemmonitor==0.3)
16:54:01     INFO -  Building wheels for collected packages: mozsystemmonitor
16:54:01     INFO -    Running setup.py bdist_wheel for mozsystemmonitor: started
16:54:02     INFO -    Running setup.py bdist_wheel for mozsystemmonitor: finished with status 'done'
16:54:02     INFO -    Stored in directory: /home/cltbld/.cache/pip/wheels/f4/b7/9c/8a88c92aaad7c1d8bbd68513e1d91ad7f62b7465808c516aa8
16:54:02     INFO -  Successfully built mozsystemmonitor
16:54:02     INFO -  Installing collected packages: mozsystemmonitor
16:54:02     INFO -  Successfully installed mozsystemmonitor-0.3
16:54:02     INFO - Return code: 0
16:54:02     INFO - Installing jsonschema==2.5.1 into virtualenv /builds/slave/test/build/venv
16:54:02     INFO - retry: Calling run_command with args: [['/builds/slave/test/build/venv/bin/pip', 'install', '--timeout', '120', '--no-index', '--find-links', 'http://pypi.pvt.build.mozilla.org/pub', '--find-links', 'http://pypi.pub.build.mozilla.org/pub', '--trusted-host', 'pypi.pub.build.mozilla.org', '--trusted-host', 'pypi.pvt.build.mozilla.org', 'jsonschema==2.5.1']], kwargs: {'error_level': 'warning', 'error_list': [{'substr': 'not found or a compiler error:', 'level': 'warning'}, {'regex': <_sre.SRE_Pattern object at 0x7f7c27269110>, 'level': 'error'}, {'regex': <_sre.SRE_Pattern object at 0x7f7c27371e40>, 'level': 'warning'}, {'regex': <_sre.SRE_Pattern object at 0x25443e0>, 'level': 'debug'}, {'substr': 'command not found', 'level': 'error'}, {'regex': <_sre.SRE_Pattern object at 0x2540a90>, 'level': 'warning'}, {'substr': 'Traceback (most recent call last)', 'level': 'error'}, {'substr': 'SyntaxError: ', 'level': 'error'}, {'substr': 'TypeError: ', 'level': 'error'}, {'substr': 'NameError: ', 'level': 'error'}, {'substr': 'ZeroDivisionError: ', 'level': 'error'}, {'regex': <_sre.SRE_Pattern object at 0x25423f0>, 'level': 'critical'}, {'regex': <_sre.SRE_Pattern object at 0x2542670>, 'level': 'critical'}], 'cwd': '/builds/slave/test/build', 'env': {'TMOUT': '86400', 'LOGNAME': 'cltbld', 'USER': 'cltbld', 'HOME': '/home/cltbld', 'PATH': '/usr/local/bin:/usr/local/bin:/usr/bin:/bin:/usr/local/games:/usr/games', 'DISPLAY': ':0', 'CCACHE_UMASK': '002', 'LANG': 'en_US.UTF-8', 'TERM': 'linux', 'SHELL': '/bin/bash', 'MOZ_NODE_PATH': '/usr/bin/node', 'XDG_SESSION_COOKIE': '9ca12473fbb1d023794ffd180000023c-1528501964.186023-644782249', 'SHLVL': '1', 'NO_FAIL_ON_TEST_ERRORS': '1', 'MOZ_NO_REMOTE': '1', 'MOZ_HIDE_RESULTS_TABLE': '1', 'MAIL': '/var/mail/cltbld', '_': '/tools/buildbot/bin/python', 'NODE_PATH': '/usr/lib/nodejs:/usr/lib/node_modules:/usr/share/javascript', 'PWD': '/builds/slave/test', 'PROPERTIES_FILE': '/builds/slave/test/buildprops.json', 'CCACHE_DIR': '/builds/ccache'}}, attempt #1
16:54:02     INFO - Running command: ['/builds/slave/test/build/venv/bin/pip', 'install', '--timeout', '120', '--no-index', '--find-links', 'http://pypi.pvt.build.mozilla.org/pub', '--find-links', 'http://pypi.pub.build.mozilla.org/pub', '--trusted-host', 'pypi.pub.build.mozilla.org', '--trusted-host', 'pypi.pvt.build.mozilla.org', 'jsonschema==2.5.1'] in /builds/slave/test/build
16:54:02     INFO - Copy/paste: /builds/slave/test/build/venv/bin/pip install --timeout 120 --no-index --find-links http://pypi.pvt.build.mozilla.org/pub --find-links http://pypi.pub.build.mozilla.org/pub --trusted-host pypi.pub.build.mozilla.org --trusted-host pypi.pvt.build.mozilla.org jsonschema==2.5.1
16:54:02     INFO - Using env: {'CCACHE_DIR': '/builds/ccache',
16:54:02     INFO -  'CCACHE_UMASK': '002',
16:54:02     INFO -  'DISPLAY': ':0',
16:54:02     INFO -  'HOME': '/home/cltbld',
16:54:02     INFO -  'LANG': 'en_US.UTF-8',
16:54:02     INFO -  'LOGNAME': 'cltbld',
16:54:02     INFO -  'MAIL': '/var/mail/cltbld',
16:54:02     INFO -  'MOZ_HIDE_RESULTS_TABLE': '1',
16:54:02     INFO -  'MOZ_NODE_PATH': '/usr/bin/node',
16:54:02     INFO -  'MOZ_NO_REMOTE': '1',
16:54:02     INFO -  'NODE_PATH': '/usr/lib/nodejs:/usr/lib/node_modules:/usr/share/javascript',
16:54:02     INFO -  'NO_FAIL_ON_TEST_ERRORS': '1',
16:54:02     INFO -  'PATH': '/usr/local/bin:/usr/local/bin:/usr/bin:/bin:/usr/local/games:/usr/games',
16:54:02     INFO -  'PROPERTIES_FILE': '/builds/slave/test/buildprops.json',
16:54:02     INFO -  'PWD': '/builds/slave/test',
16:54:02     INFO -  'SHELL': '/bin/bash',
16:54:02     INFO -  'SHLVL': '1',
16:54:02     INFO -  'TERM': 'linux',
16:54:02     INFO -  'TMOUT': '86400',
16:54:02     INFO -  'USER': 'cltbld',
16:54:02     INFO -  'XDG_SESSION_COOKIE': '9ca12473fbb1d023794ffd180000023c-1528501964.186023-644782249',
16:54:02     INFO -  '_': '/tools/buildbot/bin/python'}
16:54:03     INFO -  Ignoring indexes: https://pypi.python.org/simple
16:54:03     INFO -  Collecting jsonschema==2.5.1
16:54:03     INFO -  /builds/slave/test/build/venv/lib/python2.7/site-packages/pip/_vendor/requests/packages/urllib3/util/ssl_.py:318: SNIMissingWarning: An HTTPS request has been made, but the SNI (Subject Name Indication) extension to TLS is not available on this platform. This may cause the server to present an incorrect TLS certificate, which can cause validation failures. You can upgrade to a newer version of Python to solve this. For more information, see https://urllib3.readthedocs.org/en/latest/security.html#snimissingwarning.
16:54:03     INFO -    SNIMissingWarning
16:54:03     INFO -  /builds/slave/test/build/venv/lib/python2.7/site-packages/pip/_vendor/requests/packages/urllib3/util/ssl_.py:122: InsecurePlatformWarning: A true SSLContext object is not available. This prevents urllib3 from configuring SSL appropriately and may cause certain SSL connections to fail. You can upgrade to a newer version of Python to solve this. For more information, see https://urllib3.readthedocs.org/en/latest/security.html#insecureplatformwarning.
16:54:03     INFO -    InsecurePlatformWarning
16:54:05     INFO -  /builds/slave/test/build/venv/lib/python2.7/site-packages/pip/_vendor/requests/packages/urllib3/util/ssl_.py:122: InsecurePlatformWarning: A true SSLContext object is not available. This prevents urllib3 from configuring SSL appropriately and may cause certain SSL connections to fail. You can upgrade to a newer version of Python to solve this. For more information, see https://urllib3.readthedocs.org/en/latest/security.html#insecureplatformwarning.
16:54:05     INFO -    InsecurePlatformWarning
16:54:11     INFO -    Downloading https://pypi.pvt.build.mozilla.org/pub/jsonschema-2.5.1-py2.py3-none-any.whl
16:54:11     INFO -  Collecting functools32; python_version == "2.7" (from jsonschema==2.5.1)
16:54:17     INFO -    Downloading https://pypi.pvt.build.mozilla.org/pub/functools32-3.2.3-2.tar.gz
16:54:17     INFO -  Building wheels for collected packages: functools32
16:54:17     INFO -    Running setup.py bdist_wheel for functools32: started
16:54:18     INFO -    Running setup.py bdist_wheel for functools32: finished with status 'done'
16:54:18     INFO -    Stored in directory: /home/cltbld/.cache/pip/wheels/60/8e/5c/cd0944700dbec48e57da97dbe11bcc84b1332f6b43bc89d9b7
16:54:18     INFO -  Successfully built functools32
16:54:18     INFO -  Installing collected packages: functools32, jsonschema
16:54:18     INFO -  Successfully installed functools32-3.2.3.post2 jsonschema-2.5.1
16:54:18     INFO - Return code: 0
16:54:18     INFO - Installing functools32==3.2.3-2 into virtualenv /builds/slave/test/build/venv
16:54:18     INFO - retry: Calling run_command with args: [['/builds/slave/test/build/venv/bin/pip', 'install', '--timeout', '120', '--no-index', '--find-links', 'http://pypi.pvt.build.mozilla.org/pub', '--find-links', 'http://pypi.pub.build.mozilla.org/pub', '--trusted-host', 'pypi.pub.build.mozilla.org', '--trusted-host', 'pypi.pvt.build.mozilla.org', 'functools32==3.2.3-2']], kwargs: {'error_level': 'warning', 'error_list': [{'substr': 'not found or a compiler error:', 'level': 'warning'}, {'regex': <_sre.SRE_Pattern object at 0x7f7c27269110>, 'level': 'error'}, {'regex': <_sre.SRE_Pattern object at 0x7f7c27371e40>, 'level': 'warning'}, {'regex': <_sre.SRE_Pattern object at 0x25443e0>, 'level': 'debug'}, {'substr': 'command not found', 'level': 'error'}, {'regex': <_sre.SRE_Pattern object at 0x2540a90>, 'level': 'warning'}, {'substr': 'Traceback (most recent call last)', 'level': 'error'}, {'substr': 'SyntaxError: ', 'level': 'error'}, {'substr': 'TypeError: ', 'level': 'error'}, {'substr': 'NameError: ', 'level': 'error'}, {'substr': 'ZeroDivisionError: ', 'level': 'error'}, {'regex': <_sre.SRE_Pattern object at 0x25423f0>, 'level': 'critical'}, {'regex': <_sre.SRE_Pattern object at 0x2542670>, 'level': 'critical'}], 'cwd': '/builds/slave/test/build', 'env': {'TMOUT': '86400', 'LOGNAME': 'cltbld', 'USER': 'cltbld', 'HOME': '/home/cltbld', 'PATH': '/usr/local/bin:/usr/local/bin:/usr/bin:/bin:/usr/local/games:/usr/games', 'DISPLAY': ':0', 'CCACHE_UMASK': '002', 'LANG': 'en_US.UTF-8', 'TERM': 'linux', 'SHELL': '/bin/bash', 'MOZ_NODE_PATH': '/usr/bin/node', 'XDG_SESSION_COOKIE': '9ca12473fbb1d023794ffd180000023c-1528501964.186023-644782249', 'SHLVL': '1', 'NO_FAIL_ON_TEST_ERRORS': '1', 'MOZ_NO_REMOTE': '1', 'MOZ_HIDE_RESULTS_TABLE': '1', 'MAIL': '/var/mail/cltbld', '_': '/tools/buildbot/bin/python', 'NODE_PATH': '/usr/lib/nodejs:/usr/lib/node_modules:/usr/share/javascript', 'PWD': '/builds/slave/test', 'PROPERTIES_FILE': '/builds/slave/test/buildprops.json', 'CCACHE_DIR': '/builds/ccache'}}, attempt #1
16:54:18     INFO - Running command: ['/builds/slave/test/build/venv/bin/pip', 'install', '--timeout', '120', '--no-index', '--find-links', 'http://pypi.pvt.build.mozilla.org/pub', '--find-links', 'http://pypi.pub.build.mozilla.org/pub', '--trusted-host', 'pypi.pub.build.mozilla.org', '--trusted-host', 'pypi.pvt.build.mozilla.org', 'functools32==3.2.3-2'] in /builds/slave/test/build
16:54:18     INFO - Copy/paste: /builds/slave/test/build/venv/bin/pip install --timeout 120 --no-index --find-links http://pypi.pvt.build.mozilla.org/pub --find-links http://pypi.pub.build.mozilla.org/pub --trusted-host pypi.pub.build.mozilla.org --trusted-host pypi.pvt.build.mozilla.org functools32==3.2.3-2
16:54:18     INFO - Using env: {'CCACHE_DIR': '/builds/ccache',
16:54:18     INFO -  'CCACHE_UMASK': '002',
16:54:18     INFO -  'DISPLAY': ':0',
16:54:18     INFO -  'HOME': '/home/cltbld',
16:54:18     INFO -  'LANG': 'en_US.UTF-8',
16:54:18     INFO -  'LOGNAME': 'cltbld',
16:54:18     INFO -  'MAIL': '/var/mail/cltbld',
16:54:18     INFO -  'MOZ_HIDE_RESULTS_TABLE': '1',
16:54:18     INFO -  'MOZ_NODE_PATH': '/usr/bin/node',
16:54:18     INFO -  'MOZ_NO_REMOTE': '1',
16:54:18     INFO -  'NODE_PATH': '/usr/lib/nodejs:/usr/lib/node_modules:/usr/share/javascript',
16:54:18     INFO -  'NO_FAIL_ON_TEST_ERRORS': '1',
16:54:18     INFO -  'PATH': '/usr/local/bin:/usr/local/bin:/usr/bin:/bin:/usr/local/games:/usr/games',
16:54:18     INFO -  'PROPERTIES_FILE': '/builds/slave/test/buildprops.json',
16:54:18     INFO -  'PWD': '/builds/slave/test',
16:54:18     INFO -  'SHELL': '/bin/bash',
16:54:18     INFO -  'SHLVL': '1',
16:54:18     INFO -  'TERM': 'linux',
16:54:18     INFO -  'TMOUT': '86400',
16:54:18     INFO -  'USER': 'cltbld',
16:54:18     INFO -  'XDG_SESSION_COOKIE': '9ca12473fbb1d023794ffd180000023c-1528501964.186023-644782249',
16:54:18     INFO -  '_': '/tools/buildbot/bin/python'}
16:54:19     INFO -  Ignoring indexes: https://pypi.python.org/simple
16:54:19     INFO -  Requirement already satisfied (use --upgrade to upgrade): functools32==3.2.3-2 in ./venv/lib/python2.7/site-packages
16:54:19     INFO - Return code: 0
16:54:19     INFO - Installing blobuploader==1.2.4 into virtualenv /builds/slave/test/build/venv
16:54:19     INFO - retry: Calling run_command with args: [['/builds/slave/test/build/venv/bin/pip', 'install', '--timeout', '120', '--no-index', '--find-links', 'http://pypi.pvt.build.mozilla.org/pub', '--find-links', 'http://pypi.pub.build.mozilla.org/pub', '--trusted-host', 'pypi.pub.build.mozilla.org', '--trusted-host', 'pypi.pvt.build.mozilla.org', 'blobuploader==1.2.4']], kwargs: {'error_level': 'warning', 'error_list': [{'substr': 'not found or a compiler error:', 'level': 'warning'}, {'regex': <_sre.SRE_Pattern object at 0x7f7c27269110>, 'level': 'error'}, {'regex': <_sre.SRE_Pattern object at 0x7f7c27371e40>, 'level': 'warning'}, {'regex': <_sre.SRE_Pattern object at 0x25443e0>, 'level': 'debug'}, {'substr': 'command not found', 'level': 'error'}, {'regex': <_sre.SRE_Pattern object at 0x2540a90>, 'level': 'warning'}, {'substr': 'Traceback (most recent call last)', 'level': 'error'}, {'substr': 'SyntaxError: ', 'level': 'error'}, {'substr': 'TypeError: ', 'level': 'error'}, {'substr': 'NameError: ', 'level': 'error'}, {'substr': 'ZeroDivisionError: ', 'level': 'error'}, {'regex': <_sre.SRE_Pattern object at 0x25423f0>, 'level': 'critical'}, {'regex': <_sre.SRE_Pattern object at 0x2542670>, 'level': 'critical'}], 'cwd': '/builds/slave/test/build', 'env': {'TMOUT': '86400', 'LOGNAME': 'cltbld', 'USER': 'cltbld', 'HOME': '/home/cltbld', 'PATH': '/usr/local/bin:/usr/local/bin:/usr/bin:/bin:/usr/local/games:/usr/games', 'DISPLAY': ':0', 'CCACHE_UMASK': '002', 'LANG': 'en_US.UTF-8', 'TERM': 'linux', 'SHELL': '/bin/bash', 'MOZ_NODE_PATH': '/usr/bin/node', 'XDG_SESSION_COOKIE': '9ca12473fbb1d023794ffd180000023c-1528501964.186023-644782249', 'SHLVL': '1', 'NO_FAIL_ON_TEST_ERRORS': '1', 'MOZ_NO_REMOTE': '1', 'MOZ_HIDE_RESULTS_TABLE': '1', 'MAIL': '/var/mail/cltbld', '_': '/tools/buildbot/bin/python', 'NODE_PATH': '/usr/lib/nodejs:/usr/lib/node_modules:/usr/share/javascript', 'PWD': '/builds/slave/test', 'PROPERTIES_FILE': '/builds/slave/test/buildprops.json', 'CCACHE_DIR': '/builds/ccache'}}, attempt #1
16:54:19     INFO - Running command: ['/builds/slave/test/build/venv/bin/pip', 'install', '--timeout', '120', '--no-index', '--find-links', 'http://pypi.pvt.build.mozilla.org/pub', '--find-links', 'http://pypi.pub.build.mozilla.org/pub', '--trusted-host', 'pypi.pub.build.mozilla.org', '--trusted-host', 'pypi.pvt.build.mozilla.org', 'blobuploader==1.2.4'] in /builds/slave/test/build
16:54:19     INFO - Copy/paste: /builds/slave/test/build/venv/bin/pip install --timeout 120 --no-index --find-links http://pypi.pvt.build.mozilla.org/pub --find-links http://pypi.pub.build.mozilla.org/pub --trusted-host pypi.pub.build.mozilla.org --trusted-host pypi.pvt.build.mozilla.org blobuploader==1.2.4
16:54:19     INFO - Using env: {'CCACHE_DIR': '/builds/ccache',
16:54:19     INFO -  'CCACHE_UMASK': '002',
16:54:19     INFO -  'DISPLAY': ':0',
16:54:19     INFO -  'HOME': '/home/cltbld',
16:54:19     INFO -  'LANG': 'en_US.UTF-8',
16:54:19     INFO -  'LOGNAME': 'cltbld',
16:54:19     INFO -  'MAIL': '/var/mail/cltbld',
16:54:19     INFO -  'MOZ_HIDE_RESULTS_TABLE': '1',
16:54:19     INFO -  'MOZ_NODE_PATH': '/usr/bin/node',
16:54:19     INFO -  'MOZ_NO_REMOTE': '1',
16:54:19     INFO -  'NODE_PATH': '/usr/lib/nodejs:/usr/lib/node_modules:/usr/share/javascript',
16:54:19     INFO -  'NO_FAIL_ON_TEST_ERRORS': '1',
16:54:19     INFO -  'PATH': '/usr/local/bin:/usr/local/bin:/usr/bin:/bin:/usr/local/games:/usr/games',
16:54:19     INFO -  'PROPERTIES_FILE': '/builds/slave/test/buildprops.json',
16:54:19     INFO -  'PWD': '/builds/slave/test',
16:54:19     INFO -  'SHELL': '/bin/bash',
16:54:19     INFO -  'SHLVL': '1',
16:54:19     INFO -  'TERM': 'linux',
16:54:19     INFO -  'TMOUT': '86400',
16:54:19     INFO -  'USER': 'cltbld',
16:54:19     INFO -  'XDG_SESSION_COOKIE': '9ca12473fbb1d023794ffd180000023c-1528501964.186023-644782249',
16:54:19     INFO -  '_': '/tools/buildbot/bin/python'}
16:54:20     INFO -  Ignoring indexes: https://pypi.python.org/simple
16:54:20     INFO -  Collecting blobuploader==1.2.4
16:54:20     INFO -  /builds/slave/test/build/venv/lib/python2.7/site-packages/pip/_vendor/requests/packages/urllib3/util/ssl_.py:318: SNIMissingWarning: An HTTPS request has been made, but the SNI (Subject Name Indication) extension to TLS is not available on this platform. This may cause the server to present an incorrect TLS certificate, which can cause validation failures. You can upgrade to a newer version of Python to solve this. For more information, see https://urllib3.readthedocs.org/en/latest/security.html#snimissingwarning.
16:54:20     INFO -    SNIMissingWarning
16:54:20     INFO -  /builds/slave/test/build/venv/lib/python2.7/site-packages/pip/_vendor/requests/packages/urllib3/util/ssl_.py:122: InsecurePlatformWarning: A true SSLContext object is not available. This prevents urllib3 from configuring SSL appropriately and may cause certain SSL connections to fail. You can upgrade to a newer version of Python to solve this. For more information, see https://urllib3.readthedocs.org/en/latest/security.html#insecureplatformwarning.
16:54:20     INFO -    InsecurePlatformWarning
16:54:22     INFO -  /builds/slave/test/build/venv/lib/python2.7/site-packages/pip/_vendor/requests/packages/urllib3/util/ssl_.py:122: InsecurePlatformWarning: A true SSLContext object is not available. This prevents urllib3 from configuring SSL appropriately and may cause certain SSL connections to fail. You can upgrade to a newer version of Python to solve this. For more information, see https://urllib3.readthedocs.org/en/latest/security.html#insecureplatformwarning.
16:54:22     INFO -    InsecurePlatformWarning
16:54:28     INFO -    Downloading https://pypi.pvt.build.mozilla.org/pub/blobuploader-1.2.4.tar.gz
16:54:28     INFO -  Collecting requests==1.2.3. (from blobuploader==1.2.4)
16:54:34     INFO -    Downloading https://pypi.pvt.build.mozilla.org/pub/requests-1.2.3.tar.gz (348kB)
16:54:35     INFO -  Collecting docopt==0.6.1 (from blobuploader==1.2.4)
16:54:41     INFO -    Downloading https://pypi.pvt.build.mozilla.org/pub/docopt-0.6.1.tar.gz
16:54:41     INFO -  Building wheels for collected packages: blobuploader, requests, docopt
16:54:41     INFO -    Running setup.py bdist_wheel for blobuploader: started
16:54:42     INFO -    Running setup.py bdist_wheel for blobuploader: finished with status 'done'
16:54:42     INFO -    Stored in directory: /home/cltbld/.cache/pip/wheels/a7/2a/47/2d3828e4129ffeb548a26f4a87889dc9bc1a58e201a0ff8655
16:54:42     INFO -    Running setup.py bdist_wheel for requests: started
16:54:42     INFO -    Running setup.py bdist_wheel for requests: finished with status 'done'
16:54:42     INFO -    Stored in directory: /home/cltbld/.cache/pip/wheels/65/bb/90/359b65a7043ffc879dde877c4ad827f452218808c6cccf2658
16:54:42     INFO -    Running setup.py bdist_wheel for docopt: started
16:54:43     INFO -    Running setup.py bdist_wheel for docopt: finished with status 'done'
16:54:43     INFO -    Stored in directory: /home/cltbld/.cache/pip/wheels/ac/8b/84/7dbe9ada02c48c352fa733c81648516f92c6436f9d5bffad41
16:54:43     INFO -  Successfully built blobuploader requests docopt
16:54:43     INFO -  Installing collected packages: requests, docopt, blobuploader
16:54:44     INFO -  Successfully installed blobuploader-1.2.4 docopt-0.6.1 requests-1.2.3
16:54:44     INFO - Return code: 0
16:54:44     INFO - Installing None into virtualenv /builds/slave/test/build/venv
16:54:44     INFO - retry: Calling run_command with args: [['/builds/slave/test/build/venv/bin/pip', 'install', '--no-deps', '--timeout', '120', '-r', '/builds/slave/test/build/tests/config/mozbase_requirements.txt', '--no-index', '--find-links', 'http://pypi.pvt.build.mozilla.org/pub', '--find-links', 'http://pypi.pub.build.mozilla.org/pub', '--trusted-host', 'pypi.pub.build.mozilla.org', '--trusted-host', 'pypi.pvt.build.mozilla.org']], kwargs: {'error_level': 'warning', 'error_list': [{'substr': 'not found or a compiler error:', 'level': 'warning'}, {'regex': <_sre.SRE_Pattern object at 0x7f7c27269110>, 'level': 'error'}, {'regex': <_sre.SRE_Pattern object at 0x7f7c27371e40>, 'level': 'warning'}, {'regex': <_sre.SRE_Pattern object at 0x25443e0>, 'level': 'debug'}, {'substr': 'command not found', 'level': 'error'}, {'regex': <_sre.SRE_Pattern object at 0x2540a90>, 'level': 'warning'}, {'substr': 'Traceback (most recent call last)', 'level': 'error'}, {'substr': 'SyntaxError: ', 'level': 'error'}, {'substr': 'TypeError: ', 'level': 'error'}, {'substr': 'NameError: ', 'level': 'error'}, {'substr': 'ZeroDivisionError: ', 'level': 'error'}, {'regex': <_sre.SRE_Pattern object at 0x25423f0>, 'level': 'critical'}, {'regex': <_sre.SRE_Pattern object at 0x2542670>, 'level': 'critical'}], 'cwd': '/builds/slave/test/build/tests/config', 'env': {'TMOUT': '86400', 'LOGNAME': 'cltbld', 'USER': 'cltbld', 'HOME': '/home/cltbld', 'PATH': '/usr/local/bin:/usr/local/bin:/usr/bin:/bin:/usr/local/games:/usr/games', 'DISPLAY': ':0', 'CCACHE_UMASK': '002', 'LANG': 'en_US.UTF-8', 'TERM': 'linux', 'SHELL': '/bin/bash', 'MOZ_NODE_PATH': '/usr/bin/node', 'XDG_SESSION_COOKIE': '9ca12473fbb1d023794ffd180000023c-1528501964.186023-644782249', 'SHLVL': '1', 'NO_FAIL_ON_TEST_ERRORS': '1', 'MOZ_NO_REMOTE': '1', 'MOZ_HIDE_RESULTS_TABLE': '1', 'MAIL': '/var/mail/cltbld', '_': '/tools/buildbot/bin/python', 'NODE_PATH': '/usr/lib/nodejs:/usr/lib/node_modules:/usr/share/javascript', 'PWD': '/builds/slave/test', 'PROPERTIES_FILE': '/builds/slave/test/buildprops.json', 'CCACHE_DIR': '/builds/ccache'}}, attempt #1
16:54:44     INFO - Running command: ['/builds/slave/test/build/venv/bin/pip', 'install', '--no-deps', '--timeout', '120', '-r', '/builds/slave/test/build/tests/config/mozbase_requirements.txt', '--no-index', '--find-links', 'http://pypi.pvt.build.mozilla.org/pub', '--find-links', 'http://pypi.pub.build.mozilla.org/pub', '--trusted-host', 'pypi.pub.build.mozilla.org', '--trusted-host', 'pypi.pvt.build.mozilla.org'] in /builds/slave/test/build/tests/config
16:54:44     INFO - Copy/paste: /builds/slave/test/build/venv/bin/pip install --no-deps --timeout 120 -r /builds/slave/test/build/tests/config/mozbase_requirements.txt --no-index --find-links http://pypi.pvt.build.mozilla.org/pub --find-links http://pypi.pub.build.mozilla.org/pub --trusted-host pypi.pub.build.mozilla.org --trusted-host pypi.pvt.build.mozilla.org
16:54:44     INFO - Using env: {'CCACHE_DIR': '/builds/ccache',
16:54:44     INFO -  'CCACHE_UMASK': '002',
16:54:44     INFO -  'DISPLAY': ':0',
16:54:44     INFO -  'HOME': '/home/cltbld',
16:54:44     INFO -  'LANG': 'en_US.UTF-8',
16:54:44     INFO -  'LOGNAME': 'cltbld',
16:54:44     INFO -  'MAIL': '/var/mail/cltbld',
16:54:44     INFO -  'MOZ_HIDE_RESULTS_TABLE': '1',
16:54:44     INFO -  'MOZ_NODE_PATH': '/usr/bin/node',
16:54:44     INFO -  'MOZ_NO_REMOTE': '1',
16:54:44     INFO -  'NODE_PATH': '/usr/lib/nodejs:/usr/lib/node_modules:/usr/share/javascript',
16:54:44     INFO -  'NO_FAIL_ON_TEST_ERRORS': '1',
16:54:44     INFO -  'PATH': '/usr/local/bin:/usr/local/bin:/usr/bin:/bin:/usr/local/games:/usr/games',
16:54:44     INFO -  'PROPERTIES_FILE': '/builds/slave/test/buildprops.json',
16:54:44     INFO -  'PWD': '/builds/slave/test',
16:54:44     INFO -  'SHELL': '/bin/bash',
16:54:44     INFO -  'SHLVL': '1',
16:54:44     INFO -  'TERM': 'linux',
16:54:44     INFO -  'TMOUT': '86400',
16:54:44     INFO -  'USER': 'cltbld',
16:54:44     INFO -  'XDG_SESSION_COOKIE': '9ca12473fbb1d023794ffd180000023c-1528501964.186023-644782249',
16:54:44     INFO -  '_': '/tools/buildbot/bin/python'}
16:54:45     INFO -  Ignoring indexes: https://pypi.python.org/simple
16:54:45     INFO -  Processing /builds/slave/test/build/tests/mozbase/manifestparser
16:54:45     INFO -  Processing /builds/slave/test/build/tests/mozbase/mozcrash
16:54:46     INFO -  Processing /builds/slave/test/build/tests/mozbase/mozdebug
16:54:46     INFO -  Processing /builds/slave/test/build/tests/mozbase/mozdevice
16:54:46     INFO -  Processing /builds/slave/test/build/tests/mozbase/mozfile
16:54:47     INFO -  Processing /builds/slave/test/build/tests/mozbase/mozhttpd
16:54:47     INFO -  Processing /builds/slave/test/build/tests/mozbase/mozinfo
16:54:47     INFO -  Processing /builds/slave/test/build/tests/mozbase/mozinstall
16:54:48     INFO -  Processing /builds/slave/test/build/tests/mozbase/mozleak
16:54:48     INFO -  Processing /builds/slave/test/build/tests/mozbase/mozlog
16:54:48     INFO -  Processing /builds/slave/test/build/tests/mozbase/moznetwork
16:54:49     INFO -  Processing /builds/slave/test/build/tests/mozbase/mozprocess
16:54:49     INFO -  Processing /builds/slave/test/build/tests/mozbase/mozprofile
16:54:49     INFO -  Processing /builds/slave/test/build/tests/mozbase/mozrunner
16:54:50     INFO -  Processing /builds/slave/test/build/tests/mozbase/mozscreenshot
16:54:50     INFO -  Processing /builds/slave/test/build/tests/mozbase/moztest
16:54:50     INFO -  Processing /builds/slave/test/build/tests/mozbase/mozversion
16:54:51     INFO -  Installing collected packages: manifestparser, mozcrash, mozdebug, mozdevice, mozfile, mozhttpd, mozinfo, mozInstall, mozleak, mozlog, moznetwork, mozprocess, mozprofile, mozrunner, mozscreenshot, moztest, mozversion
16:54:51     INFO -    Running setup.py install for manifestparser: started
16:54:51     INFO -      Running setup.py install for manifestparser: finished with status 'done'
16:54:51     INFO -    Running setup.py install for mozcrash: started
16:54:52     INFO -      Running setup.py install for mozcrash: finished with status 'done'
16:54:52     INFO -    Running setup.py install for mozdebug: started
16:54:52     INFO -      Running setup.py install for mozdebug: finished with status 'done'
16:54:52     INFO -    Running setup.py install for mozdevice: started
16:54:52     INFO -      Running setup.py install for mozdevice: finished with status 'done'
16:54:52     INFO -    Running setup.py install for mozfile: started
16:54:53     INFO -      Running setup.py install for mozfile: finished with status 'done'
16:54:53     INFO -    Running setup.py install for mozhttpd: started
16:54:53     INFO -      Running setup.py install for mozhttpd: finished with status 'done'
16:54:53     INFO -    Running setup.py install for mozinfo: started
16:54:54     INFO -      Running setup.py install for mozinfo: finished with status 'done'
16:54:54     INFO -    Running setup.py install for mozInstall: started
16:54:54     INFO -      Running setup.py install for mozInstall: finished with status 'done'
16:54:54     INFO -    Running setup.py install for mozleak: started
16:54:54     INFO -      Running setup.py install for mozleak: finished with status 'done'
16:54:54     INFO -    Running setup.py install for mozlog: started
16:54:55     INFO -      Running setup.py install for mozlog: finished with status 'done'
16:54:55     INFO -    Running setup.py install for moznetwork: started
16:54:55     INFO -      Running setup.py install for moznetwork: finished with status 'done'
16:54:55     INFO -    Running setup.py install for mozprocess: started
16:54:56     INFO -      Running setup.py install for mozprocess: finished with status 'done'
16:54:56     INFO -    Running setup.py install for mozprofile: started
16:54:56     INFO -      Running setup.py install for mozprofile: finished with status 'done'
16:54:56     INFO -    Running setup.py install for mozrunner: started
16:54:57     INFO -      Running setup.py install for mozrunner: finished with status 'done'
16:54:57     INFO -    Running setup.py install for mozscreenshot: started
16:54:57     INFO -      Running setup.py install for mozscreenshot: finished with status 'done'
16:54:57     INFO -    Running setup.py install for moztest: started
16:54:58     INFO -      Running setup.py install for moztest: finished with status 'done'
16:54:58     INFO -    Running setup.py install for mozversion: started
16:54:58     INFO -      Running setup.py install for mozversion: finished with status 'done'
16:54:59     INFO -  Successfully installed manifestparser-1.1 mozInstall-1.12 mozcrash-1.0 mozdebug-0.1 mozdevice-0.48 mozfile-1.2 mozhttpd-0.7 mozinfo-0.9 mozleak-0.1 mozlog-3.4 moznetwork-0.27 mozprocess-0.23 mozprofile-0.28 mozrunner-6.13 mozscreenshot-0.1 moztest-0.8 mozversion-1.4
16:54:59     INFO - Return code: 0
16:54:59     INFO - Installing None into virtualenv /builds/slave/test/build/venv
16:54:59     INFO - retry: Calling run_command with args: [['/builds/slave/test/build/venv/bin/pip', 'install', '--timeout', '120', '-r', '/builds/slave/test/build/tests/config/mozbase_requirements.txt', '--no-index', '--find-links', 'http://pypi.pvt.build.mozilla.org/pub', '--find-links', 'http://pypi.pub.build.mozilla.org/pub', '--trusted-host', 'pypi.pub.build.mozilla.org', '--trusted-host', 'pypi.pvt.build.mozilla.org']], kwargs: {'error_level': 'warning', 'error_list': [{'substr': 'not found or a compiler error:', 'level': 'warning'}, {'regex': <_sre.SRE_Pattern object at 0x7f7c27269110>, 'level': 'error'}, {'regex': <_sre.SRE_Pattern object at 0x7f7c27371e40>, 'level': 'warning'}, {'regex': <_sre.SRE_Pattern object at 0x25443e0>, 'level': 'debug'}, {'substr': 'command not found', 'level': 'error'}, {'regex': <_sre.SRE_Pattern object at 0x2540a90>, 'level': 'warning'}, {'substr': 'Traceback (most recent call last)', 'level': 'error'}, {'substr': 'SyntaxError: ', 'level': 'error'}, {'substr': 'TypeError: ', 'level': 'error'}, {'substr': 'NameError: ', 'level': 'error'}, {'substr': 'ZeroDivisionError: ', 'level': 'error'}, {'regex': <_sre.SRE_Pattern object at 0x25423f0>, 'level': 'critical'}, {'regex': <_sre.SRE_Pattern object at 0x2542670>, 'level': 'critical'}], 'cwd': '/builds/slave/test/build/tests/config', 'env': {'TMOUT': '86400', 'LOGNAME': 'cltbld', 'USER': 'cltbld', 'HOME': '/home/cltbld', 'PATH': '/usr/local/bin:/usr/local/bin:/usr/bin:/bin:/usr/local/games:/usr/games', 'DISPLAY': ':0', 'CCACHE_UMASK': '002', 'LANG': 'en_US.UTF-8', 'TERM': 'linux', 'SHELL': '/bin/bash', 'MOZ_NODE_PATH': '/usr/bin/node', 'XDG_SESSION_COOKIE': '9ca12473fbb1d023794ffd180000023c-1528501964.186023-644782249', 'SHLVL': '1', 'NO_FAIL_ON_TEST_ERRORS': '1', 'MOZ_NO_REMOTE': '1', 'MOZ_HIDE_RESULTS_TABLE': '1', 'MAIL': '/var/mail/cltbld', '_': '/tools/buildbot/bin/python', 'NODE_PATH': '/usr/lib/nodejs:/usr/lib/node_modules:/usr/share/javascript', 'PWD': '/builds/slave/test', 'PROPERTIES_FILE': '/builds/slave/test/buildprops.json', 'CCACHE_DIR': '/builds/ccache'}}, attempt #1
16:54:59     INFO - Running command: ['/builds/slave/test/build/venv/bin/pip', 'install', '--timeout', '120', '-r', '/builds/slave/test/build/tests/config/mozbase_requirements.txt', '--no-index', '--find-links', 'http://pypi.pvt.build.mozilla.org/pub', '--find-links', 'http://pypi.pub.build.mozilla.org/pub', '--trusted-host', 'pypi.pub.build.mozilla.org', '--trusted-host', 'pypi.pvt.build.mozilla.org'] in /builds/slave/test/build/tests/config
16:54:59     INFO - Copy/paste: /builds/slave/test/build/venv/bin/pip install --timeout 120 -r /builds/slave/test/build/tests/config/mozbase_requirements.txt --no-index --find-links http://pypi.pvt.build.mozilla.org/pub --find-links http://pypi.pub.build.mozilla.org/pub --trusted-host pypi.pub.build.mozilla.org --trusted-host pypi.pvt.build.mozilla.org
16:54:59     INFO - Using env: {'CCACHE_DIR': '/builds/ccache',
16:54:59     INFO -  'CCACHE_UMASK': '002',
16:54:59     INFO -  'DISPLAY': ':0',
16:54:59     INFO -  'HOME': '/home/cltbld',
16:54:59     INFO -  'LANG': 'en_US.UTF-8',
16:54:59     INFO -  'LOGNAME': 'cltbld',
16:54:59     INFO -  'MAIL': '/var/mail/cltbld',
16:54:59     INFO -  'MOZ_HIDE_RESULTS_TABLE': '1',
16:54:59     INFO -  'MOZ_NODE_PATH': '/usr/bin/node',
16:54:59     INFO -  'MOZ_NO_REMOTE': '1',
16:54:59     INFO -  'NODE_PATH': '/usr/lib/nodejs:/usr/lib/node_modules:/usr/share/javascript',
16:54:59     INFO -  'NO_FAIL_ON_TEST_ERRORS': '1',
16:54:59     INFO -  'PATH': '/usr/local/bin:/usr/local/bin:/usr/bin:/bin:/usr/local/games:/usr/games',
16:54:59     INFO -  'PROPERTIES_FILE': '/builds/slave/test/buildprops.json',
16:54:59     INFO -  'PWD': '/builds/slave/test',
16:54:59     INFO -  'SHELL': '/bin/bash',
16:54:59     INFO -  'SHLVL': '1',
16:54:59     INFO -  'TERM': 'linux',
16:54:59     INFO -  'TMOUT': '86400',
16:54:59     INFO -  'USER': 'cltbld',
16:54:59     INFO -  'XDG_SESSION_COOKIE': '9ca12473fbb1d023794ffd180000023c-1528501964.186023-644782249',
16:54:59     INFO -  '_': '/tools/buildbot/bin/python'}
16:55:00     INFO -  Ignoring indexes: https://pypi.python.org/simple
16:55:00     INFO -  Processing /builds/slave/test/build/tests/mozbase/manifestparser
16:55:00     INFO -    Requirement already satisfied (use --upgrade to upgrade): manifestparser==1.1 from file:///builds/slave/test/build/tests/mozbase/manifestparser in /builds/slave/test/build/venv/lib/python2.7/site-packages (from -r /builds/slave/test/build/tests/config/mozbase_requirements.txt (line 1))
16:55:00     INFO -  Processing /builds/slave/test/build/tests/mozbase/mozcrash
16:55:01     INFO -    Requirement already satisfied (use --upgrade to upgrade): mozcrash==1.0 from file:///builds/slave/test/build/tests/mozbase/mozcrash in /builds/slave/test/build/venv/lib/python2.7/site-packages (from -r /builds/slave/test/build/tests/config/mozbase_requirements.txt (line 2))
16:55:01     INFO -  Processing /builds/slave/test/build/tests/mozbase/mozdebug
16:55:01     INFO -    Requirement already satisfied (use --upgrade to upgrade): mozdebug==0.1 from file:///builds/slave/test/build/tests/mozbase/mozdebug in /builds/slave/test/build/venv/lib/python2.7/site-packages (from -r /builds/slave/test/build/tests/config/mozbase_requirements.txt (line 3))
16:55:01     INFO -  Processing /builds/slave/test/build/tests/mozbase/mozdevice
16:55:01     INFO -    Requirement already satisfied (use --upgrade to upgrade): mozdevice==0.48 from file:///builds/slave/test/build/tests/mozbase/mozdevice in /builds/slave/test/build/venv/lib/python2.7/site-packages (from -r /builds/slave/test/build/tests/config/mozbase_requirements.txt (line 4))
16:55:01     INFO -  Processing /builds/slave/test/build/tests/mozbase/mozfile
16:55:02     INFO -    Requirement already satisfied (use --upgrade to upgrade): mozfile==1.2 from file:///builds/slave/test/build/tests/mozbase/mozfile in /builds/slave/test/build/venv/lib/python2.7/site-packages (from -r /builds/slave/test/build/tests/config/mozbase_requirements.txt (line 5))
16:55:02     INFO -  Processing /builds/slave/test/build/tests/mozbase/mozhttpd
16:55:02     INFO -    Requirement already satisfied (use --upgrade to upgrade): mozhttpd==0.7 from file:///builds/slave/test/build/tests/mozbase/mozhttpd in /builds/slave/test/build/venv/lib/python2.7/site-packages (from -r /builds/slave/test/build/tests/config/mozbase_requirements.txt (line 6))
16:55:02     INFO -  Processing /builds/slave/test/build/tests/mozbase/mozinfo
16:55:03     INFO -    Requirement already satisfied (use --upgrade to upgrade): mozinfo==0.9 from file:///builds/slave/test/build/tests/mozbase/mozinfo in /builds/slave/test/build/venv/lib/python2.7/site-packages (from -r /builds/slave/test/build/tests/config/mozbase_requirements.txt (line 7))
16:55:03     INFO -  Processing /builds/slave/test/build/tests/mozbase/mozinstall
16:55:03     INFO -    Requirement already satisfied (use --upgrade to upgrade): mozInstall==1.12 from file:///builds/slave/test/build/tests/mozbase/mozinstall in /builds/slave/test/build/venv/lib/python2.7/site-packages (from -r /builds/slave/test/build/tests/config/mozbase_requirements.txt (line 8))
16:55:03     INFO -  Processing /builds/slave/test/build/tests/mozbase/mozleak
16:55:03     INFO -    Requirement already satisfied (use --upgrade to upgrade): mozleak==0.1 from file:///builds/slave/test/build/tests/mozbase/mozleak in /builds/slave/test/build/venv/lib/python2.7/site-packages (from -r /builds/slave/test/build/tests/config/mozbase_requirements.txt (line 9))
16:55:03     INFO -  Processing /builds/slave/test/build/tests/mozbase/mozlog
16:55:04     INFO -    Requirement already satisfied (use --upgrade to upgrade): mozlog==3.4 from file:///builds/slave/test/build/tests/mozbase/mozlog in /builds/slave/test/build/venv/lib/python2.7/site-packages (from -r /builds/slave/test/build/tests/config/mozbase_requirements.txt (line 10))
16:55:04     INFO -  Processing /builds/slave/test/build/tests/mozbase/moznetwork
16:55:04     INFO -    Requirement already satisfied (use --upgrade to upgrade): moznetwork==0.27 from file:///builds/slave/test/build/tests/mozbase/moznetwork in /builds/slave/test/build/venv/lib/python2.7/site-packages (from -r /builds/slave/test/build/tests/config/mozbase_requirements.txt (line 11))
16:55:04     INFO -  Processing /builds/slave/test/build/tests/mozbase/mozprocess
16:55:04     INFO -    Requirement already satisfied (use --upgrade to upgrade): mozprocess==0.23 from file:///builds/slave/test/build/tests/mozbase/mozprocess in /builds/slave/test/build/venv/lib/python2.7/site-packages (from -r /builds/slave/test/build/tests/config/mozbase_requirements.txt (line 12))
16:55:04     INFO -  Processing /builds/slave/test/build/tests/mozbase/mozprofile
16:55:05     INFO -    Requirement already satisfied (use --upgrade to upgrade): mozprofile==0.28 from file:///builds/slave/test/build/tests/mozbase/mozprofile in /builds/slave/test/build/venv/lib/python2.7/site-packages (from -r /builds/slave/test/build/tests/config/mozbase_requirements.txt (line 13))
16:55:05     INFO -  Processing /builds/slave/test/build/tests/mozbase/mozrunner
16:55:05     INFO -    Requirement already satisfied (use --upgrade to upgrade): mozrunner==6.13 from file:///builds/slave/test/build/tests/mozbase/mozrunner in /builds/slave/test/build/venv/lib/python2.7/site-packages (from -r /builds/slave/test/build/tests/config/mozbase_requirements.txt (line 14))
16:55:05     INFO -  Processing /builds/slave/test/build/tests/mozbase/mozscreenshot
16:55:06     INFO -    Requirement already satisfied (use --upgrade to upgrade): mozscreenshot==0.1 from file:///builds/slave/test/build/tests/mozbase/mozscreenshot in /builds/slave/test/build/venv/lib/python2.7/site-packages (from -r /builds/slave/test/build/tests/config/mozbase_requirements.txt (line 15))
16:55:06     INFO -  Processing /builds/slave/test/build/tests/mozbase/moztest
16:55:06     INFO -    Requirement already satisfied (use --upgrade to upgrade): moztest==0.8 from file:///builds/slave/test/build/tests/mozbase/moztest in /builds/slave/test/build/venv/lib/python2.7/site-packages (from -r /builds/slave/test/build/tests/config/mozbase_requirements.txt (line 16))
16:55:06     INFO -  Processing /builds/slave/test/build/tests/mozbase/mozversion
16:55:06     INFO -    Requirement already satisfied (use --upgrade to upgrade): mozversion==1.4 from file:///builds/slave/test/build/tests/mozbase/mozversion in /builds/slave/test/build/venv/lib/python2.7/site-packages (from -r /builds/slave/test/build/tests/config/mozbase_requirements.txt (line 17))
16:55:06     INFO -  Requirement already satisfied (use --upgrade to upgrade): mozfile>=1.0 in /builds/slave/test/build/venv/lib/python2.7/site-packages (from mozcrash==1.0->-r /builds/slave/test/build/tests/config/mozbase_requirements.txt (line 2))
16:55:06     INFO -  Requirement already satisfied (use --upgrade to upgrade): mozlog>=3.0 in /builds/slave/test/build/venv/lib/python2.7/site-packages (from mozcrash==1.0->-r /builds/slave/test/build/tests/config/mozbase_requirements.txt (line 2))
16:55:06     INFO -  Requirement already satisfied (use --upgrade to upgrade): mozinfo in /builds/slave/test/build/venv/lib/python2.7/site-packages (from mozdebug==0.1->-r /builds/slave/test/build/tests/config/mozbase_requirements.txt (line 3))
16:55:06     INFO -  Requirement already satisfied (use --upgrade to upgrade): moznetwork>=0.24 in /builds/slave/test/build/venv/lib/python2.7/site-packages (from mozdevice==0.48->-r /builds/slave/test/build/tests/config/mozbase_requirements.txt (line 4))
16:55:06     INFO -  Requirement already satisfied (use --upgrade to upgrade): mozprocess>=0.19 in /builds/slave/test/build/venv/lib/python2.7/site-packages (from mozdevice==0.48->-r /builds/slave/test/build/tests/config/mozbase_requirements.txt (line 4))
16:55:06     INFO -  Collecting blessings>=1.3 (from mozlog==3.4->-r /builds/slave/test/build/tests/config/mozbase_requirements.txt (line 10))
16:55:07     INFO -  /builds/slave/test/build/venv/lib/python2.7/site-packages/pip/_vendor/requests/packages/urllib3/util/ssl_.py:318: SNIMissingWarning: An HTTPS request has been made, but the SNI (Subject Name Indication) extension to TLS is not available on this platform. This may cause the server to present an incorrect TLS certificate, which can cause validation failures. You can upgrade to a newer version of Python to solve this. For more information, see https://urllib3.readthedocs.org/en/latest/security.html#snimissingwarning.
16:55:07     INFO -    SNIMissingWarning
16:55:07     INFO -  /builds/slave/test/build/venv/lib/python2.7/site-packages/pip/_vendor/requests/packages/urllib3/util/ssl_.py:122: InsecurePlatformWarning: A true SSLContext object is not available. This prevents urllib3 from configuring SSL appropriately and may cause certain SSL connections to fail. You can upgrade to a newer version of Python to solve this. For more information, see https://urllib3.readthedocs.org/en/latest/security.html#insecureplatformwarning.
16:55:07     INFO -    InsecurePlatformWarning
16:55:08     INFO -  /builds/slave/test/build/venv/lib/python2.7/site-packages/pip/_vendor/requests/packages/urllib3/util/ssl_.py:122: InsecurePlatformWarning: A true SSLContext object is not available. This prevents urllib3 from configuring SSL appropriately and may cause certain SSL connections to fail. You can upgrade to a newer version of Python to solve this. For more information, see https://urllib3.readthedocs.org/en/latest/security.html#insecureplatformwarning.
16:55:08     INFO -    InsecurePlatformWarning
16:55:13     INFO -    Downloading https://pypi.pvt.build.mozilla.org/pub/blessings-1.6.tar.gz
16:55:14     INFO -  Building wheels for collected packages: blessings
16:55:14     INFO -    Running setup.py bdist_wheel for blessings: started
16:55:14     INFO -    Running setup.py bdist_wheel for blessings: finished with status 'done'
16:55:14     INFO -    Stored in directory: /home/cltbld/.cache/pip/wheels/fb/37/ae/c6b15ed5da2ead5847df54c8319487050d4dcc950c9795eae9
16:55:14     INFO -  Successfully built blessings
16:55:14     INFO -  Installing collected packages: blessings
16:55:15     INFO -  Successfully installed blessings-1.6
16:55:15     INFO - Return code: 0
16:55:15     INFO - Installing pip>=1.5 into virtualenv /builds/slave/test/build/venv
16:55:15     INFO - retry: Calling run_command with args: [['/builds/slave/test/build/venv/bin/pip', 'install', '--timeout', '120', '--no-index', '--find-links', 'http://pypi.pvt.build.mozilla.org/pub', '--find-links', 'http://pypi.pub.build.mozilla.org/pub', '--trusted-host', 'pypi.pub.build.mozilla.org', '--trusted-host', 'pypi.pvt.build.mozilla.org', 'pip>=1.5']], kwargs: {'error_level': 'warning', 'error_list': [{'substr': 'not found or a compiler error:', 'level': 'warning'}, {'regex': <_sre.SRE_Pattern object at 0x7f7c27269110>, 'level': 'error'}, {'regex': <_sre.SRE_Pattern object at 0x7f7c27371e40>, 'level': 'warning'}, {'regex': <_sre.SRE_Pattern object at 0x25443e0>, 'level': 'debug'}, {'substr': 'command not found', 'level': 'error'}, {'regex': <_sre.SRE_Pattern object at 0x2540a90>, 'level': 'warning'}, {'substr': 'Traceback (most recent call last)', 'level': 'error'}, {'substr': 'SyntaxError: ', 'level': 'error'}, {'substr': 'TypeError: ', 'level': 'error'}, {'substr': 'NameError: ', 'level': 'error'}, {'substr': 'ZeroDivisionError: ', 'level': 'error'}, {'regex': <_sre.SRE_Pattern object at 0x25423f0>, 'level': 'critical'}, {'regex': <_sre.SRE_Pattern object at 0x2542670>, 'level': 'critical'}], 'cwd': '/builds/slave/test/build', 'env': {'TMOUT': '86400', 'LOGNAME': 'cltbld', 'USER': 'cltbld', 'HOME': '/home/cltbld', 'PATH': '/usr/local/bin:/usr/local/bin:/usr/bin:/bin:/usr/local/games:/usr/games', 'DISPLAY': ':0', 'CCACHE_UMASK': '002', 'LANG': 'en_US.UTF-8', 'TERM': 'linux', 'SHELL': '/bin/bash', 'MOZ_NODE_PATH': '/usr/bin/node', 'XDG_SESSION_COOKIE': '9ca12473fbb1d023794ffd180000023c-1528501964.186023-644782249', 'SHLVL': '1', 'NO_FAIL_ON_TEST_ERRORS': '1', 'MOZ_NO_REMOTE': '1', 'MOZ_HIDE_RESULTS_TABLE': '1', 'MAIL': '/var/mail/cltbld', '_': '/tools/buildbot/bin/python', 'NODE_PATH': '/usr/lib/nodejs:/usr/lib/node_modules:/usr/share/javascript', 'PWD': '/builds/slave/test', 'PROPERTIES_FILE': '/builds/slave/test/buildprops.json', 'CCACHE_DIR': '/builds/ccache'}}, attempt #1
16:55:15     INFO - Running command: ['/builds/slave/test/build/venv/bin/pip', 'install', '--timeout', '120', '--no-index', '--find-links', 'http://pypi.pvt.build.mozilla.org/pub', '--find-links', 'http://pypi.pub.build.mozilla.org/pub', '--trusted-host', 'pypi.pub.build.mozilla.org', '--trusted-host', 'pypi.pvt.build.mozilla.org', 'pip>=1.5'] in /builds/slave/test/build
16:55:15     INFO - Copy/paste: /builds/slave/test/build/venv/bin/pip install --timeout 120 --no-index --find-links http://pypi.pvt.build.mozilla.org/pub --find-links http://pypi.pub.build.mozilla.org/pub --trusted-host pypi.pub.build.mozilla.org --trusted-host pypi.pvt.build.mozilla.org pip>=1.5
16:55:15     INFO - Using env: {'CCACHE_DIR': '/builds/ccache',
16:55:15     INFO -  'CCACHE_UMASK': '002',
16:55:15     INFO -  'DISPLAY': ':0',
16:55:15     INFO -  'HOME': '/home/cltbld',
16:55:15     INFO -  'LANG': 'en_US.UTF-8',
16:55:15     INFO -  'LOGNAME': 'cltbld',
16:55:15     INFO -  'MAIL': '/var/mail/cltbld',
16:55:15     INFO -  'MOZ_HIDE_RESULTS_TABLE': '1',
16:55:15     INFO -  'MOZ_NODE_PATH': '/usr/bin/node',
16:55:15     INFO -  'MOZ_NO_REMOTE': '1',
16:55:15     INFO -  'NODE_PATH': '/usr/lib/nodejs:/usr/lib/node_modules:/usr/share/javascript',
16:55:15     INFO -  'NO_FAIL_ON_TEST_ERRORS': '1',
16:55:15     INFO -  'PATH': '/usr/local/bin:/usr/local/bin:/usr/bin:/bin:/usr/local/games:/usr/games',
16:55:15     INFO -  'PROPERTIES_FILE': '/builds/slave/test/buildprops.json',
16:55:15     INFO -  'PWD': '/builds/slave/test',
16:55:15     INFO -  'SHELL': '/bin/bash',
16:55:15     INFO -  'SHLVL': '1',
16:55:15     INFO -  'TERM': 'linux',
16:55:15     INFO -  'TMOUT': '86400',
16:55:15     INFO -  'USER': 'cltbld',
16:55:15     INFO -  'XDG_SESSION_COOKIE': '9ca12473fbb1d023794ffd180000023c-1528501964.186023-644782249',
16:55:15     INFO -  '_': '/tools/buildbot/bin/python'}
16:55:16     INFO -  Ignoring indexes: https://pypi.python.org/simple
16:55:16     INFO -  Requirement already satisfied (use --upgrade to upgrade): pip>=1.5 in ./venv/lib/python2.7/site-packages
16:55:16     INFO - Return code: 0
16:55:16     INFO - Installing psutil==3.1.1 into virtualenv /builds/slave/test/build/venv
16:55:16     INFO - retry: Calling run_command with args: [['/builds/slave/test/build/venv/bin/pip', 'install', '--timeout', '120', '--no-index', '--find-links', 'http://pypi.pvt.build.mozilla.org/pub', '--find-links', 'http://pypi.pub.build.mozilla.org/pub', '--trusted-host', 'pypi.pub.build.mozilla.org', '--trusted-host', 'pypi.pvt.build.mozilla.org', 'psutil==3.1.1']], kwargs: {'error_level': 'warning', 'error_list': [{'substr': 'not found or a compiler error:', 'level': 'warning'}, {'regex': <_sre.SRE_Pattern object at 0x7f7c27269110>, 'level': 'error'}, {'regex': <_sre.SRE_Pattern object at 0x7f7c27371e40>, 'level': 'warning'}, {'regex': <_sre.SRE_Pattern object at 0x25443e0>, 'level': 'debug'}, {'substr': 'command not found', 'level': 'error'}, {'regex': <_sre.SRE_Pattern object at 0x2540a90>, 'level': 'warning'}, {'substr': 'Traceback (most recent call last)', 'level': 'error'}, {'substr': 'SyntaxError: ', 'level': 'error'}, {'substr': 'TypeError: ', 'level': 'error'}, {'substr': 'NameError: ', 'level': 'error'}, {'substr': 'ZeroDivisionError: ', 'level': 'error'}, {'regex': <_sre.SRE_Pattern object at 0x25423f0>, 'level': 'critical'}, {'regex': <_sre.SRE_Pattern object at 0x2542670>, 'level': 'critical'}], 'cwd': '/builds/slave/test/build', 'env': {'TMOUT': '86400', 'LOGNAME': 'cltbld', 'USER': 'cltbld', 'HOME': '/home/cltbld', 'PATH': '/usr/local/bin:/usr/local/bin:/usr/bin:/bin:/usr/local/games:/usr/games', 'DISPLAY': ':0', 'CCACHE_UMASK': '002', 'LANG': 'en_US.UTF-8', 'TERM': 'linux', 'SHELL': '/bin/bash', 'MOZ_NODE_PATH': '/usr/bin/node', 'XDG_SESSION_COOKIE': '9ca12473fbb1d023794ffd180000023c-1528501964.186023-644782249', 'SHLVL': '1', 'NO_FAIL_ON_TEST_ERRORS': '1', 'MOZ_NO_REMOTE': '1', 'MOZ_HIDE_RESULTS_TABLE': '1', 'MAIL': '/var/mail/cltbld', '_': '/tools/buildbot/bin/python', 'NODE_PATH': '/usr/lib/nodejs:/usr/lib/node_modules:/usr/share/javascript', 'PWD': '/builds/slave/test', 'PROPERTIES_FILE': '/builds/slave/test/buildprops.json', 'CCACHE_DIR': '/builds/ccache'}}, attempt #1
16:55:16     INFO - Running command: ['/builds/slave/test/build/venv/bin/pip', 'install', '--timeout', '120', '--no-index', '--find-links', 'http://pypi.pvt.build.mozilla.org/pub', '--find-links', 'http://pypi.pub.build.mozilla.org/pub', '--trusted-host', 'pypi.pub.build.mozilla.org', '--trusted-host', 'pypi.pvt.build.mozilla.org', 'psutil==3.1.1'] in /builds/slave/test/build
16:55:16     INFO - Copy/paste: /builds/slave/test/build/venv/bin/pip install --timeout 120 --no-index --find-links http://pypi.pvt.build.mozilla.org/pub --find-links http://pypi.pub.build.mozilla.org/pub --trusted-host pypi.pub.build.mozilla.org --trusted-host pypi.pvt.build.mozilla.org psutil==3.1.1
16:55:16     INFO - Using env: {'CCACHE_DIR': '/builds/ccache',
16:55:16     INFO -  'CCACHE_UMASK': '002',
16:55:16     INFO -  'DISPLAY': ':0',
16:55:16     INFO -  'HOME': '/home/cltbld',
16:55:16     INFO -  'LANG': 'en_US.UTF-8',
16:55:16     INFO -  'LOGNAME': 'cltbld',
16:55:16     INFO -  'MAIL': '/var/mail/cltbld',
16:55:16     INFO -  'MOZ_HIDE_RESULTS_TABLE': '1',
16:55:16     INFO -  'MOZ_NODE_PATH': '/usr/bin/node',
16:55:16     INFO -  'MOZ_NO_REMOTE': '1',
16:55:16     INFO -  'NODE_PATH': '/usr/lib/nodejs:/usr/lib/node_modules:/usr/share/javascript',
16:55:16     INFO -  'NO_FAIL_ON_TEST_ERRORS': '1',
16:55:16     INFO -  'PATH': '/usr/local/bin:/usr/local/bin:/usr/bin:/bin:/usr/local/games:/usr/games',
16:55:16     INFO -  'PROPERTIES_FILE': '/builds/slave/test/buildprops.json',
16:55:16     INFO -  'PWD': '/builds/slave/test',
16:55:16     INFO -  'SHELL': '/bin/bash',
16:55:16     INFO -  'SHLVL': '1',
16:55:16     INFO -  'TERM': 'linux',
16:55:16     INFO -  'TMOUT': '86400',
16:55:16     INFO -  'USER': 'cltbld',
16:55:16     INFO -  'XDG_SESSION_COOKIE': '9ca12473fbb1d023794ffd180000023c-1528501964.186023-644782249',
16:55:16     INFO -  '_': '/tools/buildbot/bin/python'}
16:55:17     INFO -  Ignoring indexes: https://pypi.python.org/simple
16:55:17     INFO -  Collecting psutil==3.1.1
16:55:17     INFO -  /builds/slave/test/build/venv/lib/python2.7/site-packages/pip/_vendor/requests/packages/urllib3/util/ssl_.py:318: SNIMissingWarning: An HTTPS request has been made, but the SNI (Subject Name Indication) extension to TLS is not available on this platform. This may cause the server to present an incorrect TLS certificate, which can cause validation failures. You can upgrade to a newer version of Python to solve this. For more information, see https://urllib3.readthedocs.org/en/latest/security.html#snimissingwarning.
16:55:17     INFO -    SNIMissingWarning
16:55:17     INFO -  /builds/slave/test/build/venv/lib/python2.7/site-packages/pip/_vendor/requests/packages/urllib3/util/ssl_.py:122: InsecurePlatformWarning: A true SSLContext object is not available. This prevents urllib3 from configuring SSL appropriately and may cause certain SSL connections to fail. You can upgrade to a newer version of Python to solve this. For more information, see https://urllib3.readthedocs.org/en/latest/security.html#insecureplatformwarning.
16:55:17     INFO -    InsecurePlatformWarning
16:55:19     INFO -  /builds/slave/test/build/venv/lib/python2.7/site-packages/pip/_vendor/requests/packages/urllib3/util/ssl_.py:122: InsecurePlatformWarning: A true SSLContext object is not available. This prevents urllib3 from configuring SSL appropriately and may cause certain SSL connections to fail. You can upgrade to a newer version of Python to solve this. For more information, see https://urllib3.readthedocs.org/en/latest/security.html#insecureplatformwarning.
16:55:19     INFO -    InsecurePlatformWarning
16:55:24     INFO -    Downloading https://pypi.pvt.build.mozilla.org/pub/psutil-3.1.1.tar.gz (247kB)
16:55:25     INFO -  Building wheels for collected packages: psutil
16:55:25     INFO -    Running setup.py bdist_wheel for psutil: started
16:55:27     INFO -    Running setup.py bdist_wheel for psutil: finished with status 'done'
16:55:27     INFO -    Stored in directory: /home/cltbld/.cache/pip/wheels/1e/e6/25/f0494673fc8d727828e74362e3beb4cbaf34d8be516156ba0c
16:55:27     INFO -  Successfully built psutil
16:55:27     INFO -  Installing collected packages: psutil
16:55:27     INFO -    Found existing installation: psutil 5.4.3
16:55:27     INFO -      Uninstalling psutil-5.4.3:
16:55:27     INFO -        Successfully uninstalled psutil-5.4.3
16:55:27     INFO -  Successfully installed psutil-3.1.1
16:55:27     INFO - Return code: 0
16:55:27     INFO - Installing mock into virtualenv /builds/slave/test/build/venv
16:55:27     INFO - retry: Calling run_command with args: [['/builds/slave/test/build/venv/bin/pip', 'install', '--timeout', '120', '--no-index', '--find-links', 'http://pypi.pvt.build.mozilla.org/pub', '--find-links', 'http://pypi.pub.build.mozilla.org/pub', '--trusted-host', 'pypi.pub.build.mozilla.org', '--trusted-host', 'pypi.pvt.build.mozilla.org', 'mock']], kwargs: {'error_level': 'warning', 'error_list': [{'substr': 'not found or a compiler error:', 'level': 'warning'}, {'regex': <_sre.SRE_Pattern object at 0x7f7c27269110>, 'level': 'error'}, {'regex': <_sre.SRE_Pattern object at 0x7f7c27371e40>, 'level': 'warning'}, {'regex': <_sre.SRE_Pattern object at 0x25443e0>, 'level': 'debug'}, {'substr': 'command not found', 'level': 'error'}, {'regex': <_sre.SRE_Pattern object at 0x2540a90>, 'level': 'warning'}, {'substr': 'Traceback (most recent call last)', 'level': 'error'}, {'substr': 'SyntaxError: ', 'level': 'error'}, {'substr': 'TypeError: ', 'level': 'error'}, {'substr': 'NameError: ', 'level': 'error'}, {'substr': 'ZeroDivisionError: ', 'level': 'error'}, {'regex': <_sre.SRE_Pattern object at 0x25423f0>, 'level': 'critical'}, {'regex': <_sre.SRE_Pattern object at 0x2542670>, 'level': 'critical'}], 'cwd': '/builds/slave/test/build', 'env': {'TMOUT': '86400', 'LOGNAME': 'cltbld', 'USER': 'cltbld', 'HOME': '/home/cltbld', 'PATH': '/usr/local/bin:/usr/local/bin:/usr/bin:/bin:/usr/local/games:/usr/games', 'DISPLAY': ':0', 'CCACHE_UMASK': '002', 'LANG': 'en_US.UTF-8', 'TERM': 'linux', 'SHELL': '/bin/bash', 'MOZ_NODE_PATH': '/usr/bin/node', 'XDG_SESSION_COOKIE': '9ca12473fbb1d023794ffd180000023c-1528501964.186023-644782249', 'SHLVL': '1', 'NO_FAIL_ON_TEST_ERRORS': '1', 'MOZ_NO_REMOTE': '1', 'MOZ_HIDE_RESULTS_TABLE': '1', 'MAIL': '/var/mail/cltbld', '_': '/tools/buildbot/bin/python', 'NODE_PATH': '/usr/lib/nodejs:/usr/lib/node_modules:/usr/share/javascript', 'PWD': '/builds/slave/test', 'PROPERTIES_FILE': '/builds/slave/test/buildprops.json', 'CCACHE_DIR': '/builds/ccache'}}, attempt #1
16:55:27     INFO - Running command: ['/builds/slave/test/build/venv/bin/pip', 'install', '--timeout', '120', '--no-index', '--find-links', 'http://pypi.pvt.build.mozilla.org/pub', '--find-links', 'http://pypi.pub.build.mozilla.org/pub', '--trusted-host', 'pypi.pub.build.mozilla.org', '--trusted-host', 'pypi.pvt.build.mozilla.org', 'mock'] in /builds/slave/test/build
16:55:27     INFO - Copy/paste: /builds/slave/test/build/venv/bin/pip install --timeout 120 --no-index --find-links http://pypi.pvt.build.mozilla.org/pub --find-links http://pypi.pub.build.mozilla.org/pub --trusted-host pypi.pub.build.mozilla.org --trusted-host pypi.pvt.build.mozilla.org mock
16:55:27     INFO - Using env: {'CCACHE_DIR': '/builds/ccache',
16:55:27     INFO -  'CCACHE_UMASK': '002',
16:55:27     INFO -  'DISPLAY': ':0',
16:55:27     INFO -  'HOME': '/home/cltbld',
16:55:27     INFO -  'LANG': 'en_US.UTF-8',
16:55:27     INFO -  'LOGNAME': 'cltbld',
16:55:27     INFO -  'MAIL': '/var/mail/cltbld',
16:55:27     INFO -  'MOZ_HIDE_RESULTS_TABLE': '1',
16:55:27     INFO -  'MOZ_NODE_PATH': '/usr/bin/node',
16:55:27     INFO -  'MOZ_NO_REMOTE': '1',
16:55:27     INFO -  'NODE_PATH': '/usr/lib/nodejs:/usr/lib/node_modules:/usr/share/javascript',
16:55:27     INFO -  'NO_FAIL_ON_TEST_ERRORS': '1',
16:55:27     INFO -  'PATH': '/usr/local/bin:/usr/local/bin:/usr/bin:/bin:/usr/local/games:/usr/games',
16:55:27     INFO -  'PROPERTIES_FILE': '/builds/slave/test/buildprops.json',
16:55:27     INFO -  'PWD': '/builds/slave/test',
16:55:27     INFO -  'SHELL': '/bin/bash',
16:55:27     INFO -  'SHLVL': '1',
16:55:27     INFO -  'TERM': 'linux',
16:55:27     INFO -  'TMOUT': '86400',
16:55:27     INFO -  'USER': 'cltbld',
16:55:27     INFO -  'XDG_SESSION_COOKIE': '9ca12473fbb1d023794ffd180000023c-1528501964.186023-644782249',
16:55:27     INFO -  '_': '/tools/buildbot/bin/python'}
16:55:28     INFO -  Ignoring indexes: https://pypi.python.org/simple
16:55:28     INFO -  Collecting mock
16:55:28     INFO -  /builds/slave/test/build/venv/lib/python2.7/site-packages/pip/_vendor/requests/packages/urllib3/util/ssl_.py:318: SNIMissingWarning: An HTTPS request has been made, but the SNI (Subject Name Indication) extension to TLS is not available on this platform. This may cause the server to present an incorrect TLS certificate, which can cause validation failures. You can upgrade to a newer version of Python to solve this. For more information, see https://urllib3.readthedocs.org/en/latest/security.html#snimissingwarning.
16:55:28     INFO -    SNIMissingWarning
16:55:28     INFO -  /builds/slave/test/build/venv/lib/python2.7/site-packages/pip/_vendor/requests/packages/urllib3/util/ssl_.py:122: InsecurePlatformWarning: A true SSLContext object is not available. This prevents urllib3 from configuring SSL appropriately and may cause certain SSL connections to fail. You can upgrade to a newer version of Python to solve this. For more information, see https://urllib3.readthedocs.org/en/latest/security.html#insecureplatformwarning.
16:55:28     INFO -    InsecurePlatformWarning
16:55:30     INFO -  /builds/slave/test/build/venv/lib/python2.7/site-packages/pip/_vendor/requests/packages/urllib3/util/ssl_.py:122: InsecurePlatformWarning: A true SSLContext object is not available. This prevents urllib3 from configuring SSL appropriately and may cause certain SSL connections to fail. You can upgrade to a newer version of Python to solve this. For more information, see https://urllib3.readthedocs.org/en/latest/security.html#insecureplatformwarning.
16:55:30     INFO -    InsecurePlatformWarning
16:55:35     INFO -    Downloading https://pypi.pvt.build.mozilla.org/pub/mock-1.0.1.tar.gz (818kB)
16:55:37     INFO -  Building wheels for collected packages: mock
16:55:37     INFO -    Running setup.py bdist_wheel for mock: started
16:55:37     INFO -    Running setup.py bdist_wheel for mock: finished with status 'done'
16:55:37     INFO -    Stored in directory: /home/cltbld/.cache/pip/wheels/42/d3/87/79283a2f50dfedbfad996edf7028483b27c5953e56856af7d0
16:55:37     INFO -  Successfully built mock
16:55:37     INFO -  Installing collected packages: mock
16:55:37     INFO -  Successfully installed mock-1.0.1
16:55:38     INFO - Return code: 0
16:55:38     INFO - Installing simplejson into virtualenv /builds/slave/test/build/venv
16:55:38     INFO - retry: Calling run_command with args: [['/builds/slave/test/build/venv/bin/pip', 'install', '--timeout', '120', '--no-index', '--find-links', 'http://pypi.pvt.build.mozilla.org/pub', '--find-links', 'http://pypi.pub.build.mozilla.org/pub', '--trusted-host', 'pypi.pub.build.mozilla.org', '--trusted-host', 'pypi.pvt.build.mozilla.org', 'simplejson']], kwargs: {'error_level': 'warning', 'error_list': [{'substr': 'not found or a compiler error:', 'level': 'warning'}, {'regex': <_sre.SRE_Pattern object at 0x7f7c27269110>, 'level': 'error'}, {'regex': <_sre.SRE_Pattern object at 0x7f7c27371e40>, 'level': 'warning'}, {'regex': <_sre.SRE_Pattern object at 0x25443e0>, 'level': 'debug'}, {'substr': 'command not found', 'level': 'error'}, {'regex': <_sre.SRE_Pattern object at 0x2540a90>, 'level': 'warning'}, {'substr': 'Traceback (most recent call last)', 'level': 'error'}, {'substr': 'SyntaxError: ', 'level': 'error'}, {'substr': 'TypeError: ', 'level': 'error'}, {'substr': 'NameError: ', 'level': 'error'}, {'substr': 'ZeroDivisionError: ', 'level': 'error'}, {'regex': <_sre.SRE_Pattern object at 0x25423f0>, 'level': 'critical'}, {'regex': <_sre.SRE_Pattern object at 0x2542670>, 'level': 'critical'}], 'cwd': '/builds/slave/test/build', 'env': {'TMOUT': '86400', 'LOGNAME': 'cltbld', 'USER': 'cltbld', 'HOME': '/home/cltbld', 'PATH': '/usr/local/bin:/usr/local/bin:/usr/bin:/bin:/usr/local/games:/usr/games', 'DISPLAY': ':0', 'CCACHE_UMASK': '002', 'LANG': 'en_US.UTF-8', 'TERM': 'linux', 'SHELL': '/bin/bash', 'MOZ_NODE_PATH': '/usr/bin/node', 'XDG_SESSION_COOKIE': '9ca12473fbb1d023794ffd180000023c-1528501964.186023-644782249', 'SHLVL': '1', 'NO_FAIL_ON_TEST_ERRORS': '1', 'MOZ_NO_REMOTE': '1', 'MOZ_HIDE_RESULTS_TABLE': '1', 'MAIL': '/var/mail/cltbld', '_': '/tools/buildbot/bin/python', 'NODE_PATH': '/usr/lib/nodejs:/usr/lib/node_modules:/usr/share/javascript', 'PWD': '/builds/slave/test', 'PROPERTIES_FILE': '/builds/slave/test/buildprops.json', 'CCACHE_DIR': '/builds/ccache'}}, attempt #1
16:55:38     INFO - Running command: ['/builds/slave/test/build/venv/bin/pip', 'install', '--timeout', '120', '--no-index', '--find-links', 'http://pypi.pvt.build.mozilla.org/pub', '--find-links', 'http://pypi.pub.build.mozilla.org/pub', '--trusted-host', 'pypi.pub.build.mozilla.org', '--trusted-host', 'pypi.pvt.build.mozilla.org', 'simplejson'] in /builds/slave/test/build
16:55:38     INFO - Copy/paste: /builds/slave/test/build/venv/bin/pip install --timeout 120 --no-index --find-links http://pypi.pvt.build.mozilla.org/pub --find-links http://pypi.pub.build.mozilla.org/pub --trusted-host pypi.pub.build.mozilla.org --trusted-host pypi.pvt.build.mozilla.org simplejson
16:55:38     INFO - Using env: {'CCACHE_DIR': '/builds/ccache',
16:55:38     INFO -  'CCACHE_UMASK': '002',
16:55:38     INFO -  'DISPLAY': ':0',
16:55:38     INFO -  'HOME': '/home/cltbld',
16:55:38     INFO -  'LANG': 'en_US.UTF-8',
16:55:38     INFO -  'LOGNAME': 'cltbld',
16:55:38     INFO -  'MAIL': '/var/mail/cltbld',
16:55:38     INFO -  'MOZ_HIDE_RESULTS_TABLE': '1',
16:55:38     INFO -  'MOZ_NODE_PATH': '/usr/bin/node',
16:55:38     INFO -  'MOZ_NO_REMOTE': '1',
16:55:38     INFO -  'NODE_PATH': '/usr/lib/nodejs:/usr/lib/node_modules:/usr/share/javascript',
16:55:38     INFO -  'NO_FAIL_ON_TEST_ERRORS': '1',
16:55:38     INFO -  'PATH': '/usr/local/bin:/usr/local/bin:/usr/bin:/bin:/usr/local/games:/usr/games',
16:55:38     INFO -  'PROPERTIES_FILE': '/builds/slave/test/buildprops.json',
16:55:38     INFO -  'PWD': '/builds/slave/test',
16:55:38     INFO -  'SHELL': '/bin/bash',
16:55:38     INFO -  'SHLVL': '1',
16:55:38     INFO -  'TERM': 'linux',
16:55:38     INFO -  'TMOUT': '86400',
16:55:38     INFO -  'USER': 'cltbld',
16:55:38     INFO -  'XDG_SESSION_COOKIE': '9ca12473fbb1d023794ffd180000023c-1528501964.186023-644782249',
16:55:38     INFO -  '_': '/tools/buildbot/bin/python'}
16:55:39     INFO -  Ignoring indexes: https://pypi.python.org/simple
16:55:39     INFO -  Collecting simplejson
16:55:39     INFO -  /builds/slave/test/build/venv/lib/python2.7/site-packages/pip/_vendor/requests/packages/urllib3/util/ssl_.py:318: SNIMissingWarning: An HTTPS request has been made, but the SNI (Subject Name Indication) extension to TLS is not available on this platform. This may cause the server to present an incorrect TLS certificate, which can cause validation failures. You can upgrade to a newer version of Python to solve this. For more information, see https://urllib3.readthedocs.org/en/latest/security.html#snimissingwarning.
16:55:39     INFO -    SNIMissingWarning
16:55:39     INFO -  /builds/slave/test/build/venv/lib/python2.7/site-packages/pip/_vendor/requests/packages/urllib3/util/ssl_.py:122: InsecurePlatformWarning: A true SSLContext object is not available. This prevents urllib3 from configuring SSL appropriately and may cause certain SSL connections to fail. You can upgrade to a newer version of Python to solve this. For more information, see https://urllib3.readthedocs.org/en/latest/security.html#insecureplatformwarning.
16:55:39     INFO -    InsecurePlatformWarning
16:55:41     INFO -  /builds/slave/test/build/venv/lib/python2.7/site-packages/pip/_vendor/requests/packages/urllib3/util/ssl_.py:122: InsecurePlatformWarning: A true SSLContext object is not available. This prevents urllib3 from configuring SSL appropriately and may cause certain SSL connections to fail. You can upgrade to a newer version of Python to solve this. For more information, see https://urllib3.readthedocs.org/en/latest/security.html#insecureplatformwarning.
16:55:41     INFO -    InsecurePlatformWarning
16:55:46     INFO -    Downloading https://pypi.pvt.build.mozilla.org/pub/simplejson-3.3.0.tar.gz (67kB)
16:55:47     INFO -  Building wheels for collected packages: simplejson
16:55:47     INFO -    Running setup.py bdist_wheel for simplejson: started
16:55:49     INFO -    Running setup.py bdist_wheel for simplejson: finished with status 'done'
16:55:49     INFO -    Stored in directory: /home/cltbld/.cache/pip/wheels/b1/26/8f/72b2a349729d24b9c6aa399407fddd384f8814e045e6de407e
16:55:49     INFO -  Successfully built simplejson
16:55:49     INFO -  Installing collected packages: simplejson
16:55:49     INFO -  Successfully installed simplejson-3.3.0
16:55:49     INFO - Return code: 0
16:55:49     INFO - Installing None into virtualenv /builds/slave/test/build/venv
16:55:50     INFO - retry: Calling run_command with args: [['/builds/slave/test/build/venv/bin/pip', 'install', '--no-deps', '--timeout', '120', '-r', '/builds/slave/test/build/tests/config/marionette_requirements.txt', '--no-index', '--find-links', 'http://pypi.pvt.build.mozilla.org/pub', '--find-links', 'http://pypi.pub.build.mozilla.org/pub', '--trusted-host', 'pypi.pub.build.mozilla.org', '--trusted-host', 'pypi.pvt.build.mozilla.org']], kwargs: {'error_level': 'warning', 'error_list': [{'substr': 'not found or a compiler error:', 'level': 'warning'}, {'regex': <_sre.SRE_Pattern object at 0x7f7c27269110>, 'level': 'error'}, {'regex': <_sre.SRE_Pattern object at 0x7f7c27371e40>, 'level': 'warning'}, {'regex': <_sre.SRE_Pattern object at 0x25443e0>, 'level': 'debug'}, {'substr': 'command not found', 'level': 'error'}, {'regex': <_sre.SRE_Pattern object at 0x2540a90>, 'level': 'warning'}, {'substr': 'Traceback (most recent call last)', 'level': 'error'}, {'substr': 'SyntaxError: ', 'level': 'error'}, {'substr': 'TypeError: ', 'level': 'error'}, {'substr': 'NameError: ', 'level': 'error'}, {'substr': 'ZeroDivisionError: ', 'level': 'error'}, {'regex': <_sre.SRE_Pattern object at 0x25423f0>, 'level': 'critical'}, {'regex': <_sre.SRE_Pattern object at 0x2542670>, 'level': 'critical'}], 'cwd': '/builds/slave/test/build/tests/config', 'env': {'TMOUT': '86400', 'LOGNAME': 'cltbld', 'USER': 'cltbld', 'HOME': '/home/cltbld', 'PATH': '/usr/local/bin:/usr/local/bin:/usr/bin:/bin:/usr/local/games:/usr/games', 'DISPLAY': ':0', 'CCACHE_UMASK': '002', 'LANG': 'en_US.UTF-8', 'TERM': 'linux', 'SHELL': '/bin/bash', 'MOZ_NODE_PATH': '/usr/bin/node', 'XDG_SESSION_COOKIE': '9ca12473fbb1d023794ffd180000023c-1528501964.186023-644782249', 'SHLVL': '1', 'NO_FAIL_ON_TEST_ERRORS': '1', 'MOZ_NO_REMOTE': '1', 'MOZ_HIDE_RESULTS_TABLE': '1', 'MAIL': '/var/mail/cltbld', '_': '/tools/buildbot/bin/python', 'NODE_PATH': '/usr/lib/nodejs:/usr/lib/node_modules:/usr/share/javascript', 'PWD': '/builds/slave/test', 'PROPERTIES_FILE': '/builds/slave/test/buildprops.json', 'CCACHE_DIR': '/builds/ccache'}}, attempt #1
16:55:50     INFO - Running command: ['/builds/slave/test/build/venv/bin/pip', 'install', '--no-deps', '--timeout', '120', '-r', '/builds/slave/test/build/tests/config/marionette_requirements.txt', '--no-index', '--find-links', 'http://pypi.pvt.build.mozilla.org/pub', '--find-links', 'http://pypi.pub.build.mozilla.org/pub', '--trusted-host', 'pypi.pub.build.mozilla.org', '--trusted-host', 'pypi.pvt.build.mozilla.org'] in /builds/slave/test/build/tests/config
16:55:50     INFO - Copy/paste: /builds/slave/test/build/venv/bin/pip install --no-deps --timeout 120 -r /builds/slave/test/build/tests/config/marionette_requirements.txt --no-index --find-links http://pypi.pvt.build.mozilla.org/pub --find-links http://pypi.pub.build.mozilla.org/pub --trusted-host pypi.pub.build.mozilla.org --trusted-host pypi.pvt.build.mozilla.org
16:55:50     INFO - Using env: {'CCACHE_DIR': '/builds/ccache',
16:55:50     INFO -  'CCACHE_UMASK': '002',
16:55:50     INFO -  'DISPLAY': ':0',
16:55:50     INFO -  'HOME': '/home/cltbld',
16:55:50     INFO -  'LANG': 'en_US.UTF-8',
16:55:50     INFO -  'LOGNAME': 'cltbld',
16:55:50     INFO -  'MAIL': '/var/mail/cltbld',
16:55:50     INFO -  'MOZ_HIDE_RESULTS_TABLE': '1',
16:55:50     INFO -  'MOZ_NODE_PATH': '/usr/bin/node',
16:55:50     INFO -  'MOZ_NO_REMOTE': '1',
16:55:50     INFO -  'NODE_PATH': '/usr/lib/nodejs:/usr/lib/node_modules:/usr/share/javascript',
16:55:50     INFO -  'NO_FAIL_ON_TEST_ERRORS': '1',
16:55:50     INFO -  'PATH': '/usr/local/bin:/usr/local/bin:/usr/bin:/bin:/usr/local/games:/usr/games',
16:55:50     INFO -  'PROPERTIES_FILE': '/builds/slave/test/buildprops.json',
16:55:50     INFO -  'PWD': '/builds/slave/test',
16:55:50     INFO -  'SHELL': '/bin/bash',
16:55:50     INFO -  'SHLVL': '1',
16:55:50     INFO -  'TERM': 'linux',
16:55:50     INFO -  'TMOUT': '86400',
16:55:50     INFO -  'USER': 'cltbld',
16:55:50     INFO -  'XDG_SESSION_COOKIE': '9ca12473fbb1d023794ffd180000023c-1528501964.186023-644782249',
16:55:50     INFO -  '_': '/tools/buildbot/bin/python'}
16:55:50     INFO -  Ignoring indexes: https://pypi.python.org/simple
16:55:50     INFO -  Processing /builds/slave/test/build/tests/mozbase/manifestparser
16:55:51     INFO -    Requirement already satisfied (use --upgrade to upgrade): manifestparser==1.1 from file:///builds/slave/test/build/tests/mozbase/manifestparser in /builds/slave/test/build/venv/lib/python2.7/site-packages (from -r /builds/slave/test/build/tests/config/mozbase_requirements.txt (line 1))
16:55:51     INFO -  Processing /builds/slave/test/build/tests/mozbase/mozcrash
16:55:51     INFO -    Requirement already satisfied (use --upgrade to upgrade): mozcrash==1.0 from file:///builds/slave/test/build/tests/mozbase/mozcrash in /builds/slave/test/build/venv/lib/python2.7/site-packages (from -r /builds/slave/test/build/tests/config/mozbase_requirements.txt (line 2))
16:55:51     INFO -  Processing /builds/slave/test/build/tests/mozbase/mozdebug
16:55:52     INFO -    Requirement already satisfied (use --upgrade to upgrade): mozdebug==0.1 from file:///builds/slave/test/build/tests/mozbase/mozdebug in /builds/slave/test/build/venv/lib/python2.7/site-packages (from -r /builds/slave/test/build/tests/config/mozbase_requirements.txt (line 3))
16:55:52     INFO -  Processing /builds/slave/test/build/tests/mozbase/mozdevice
16:55:52     INFO -    Requirement already satisfied (use --upgrade to upgrade): mozdevice==0.48 from file:///builds/slave/test/build/tests/mozbase/mozdevice in /builds/slave/test/build/venv/lib/python2.7/site-packages (from -r /builds/slave/test/build/tests/config/mozbase_requirements.txt (line 4))
16:55:52     INFO -  Processing /builds/slave/test/build/tests/mozbase/mozfile
16:55:52     INFO -    Requirement already satisfied (use --upgrade to upgrade): mozfile==1.2 from file:///builds/slave/test/build/tests/mozbase/mozfile in /builds/slave/test/build/venv/lib/python2.7/site-packages (from -r /builds/slave/test/build/tests/config/mozbase_requirements.txt (line 5))
16:55:52     INFO -  Processing /builds/slave/test/build/tests/mozbase/mozhttpd
16:55:53     INFO -    Requirement already satisfied (use --upgrade to upgrade): mozhttpd==0.7 from file:///builds/slave/test/build/tests/mozbase/mozhttpd in /builds/slave/test/build/venv/lib/python2.7/site-packages (from -r /builds/slave/test/build/tests/config/mozbase_requirements.txt (line 6))
16:55:53     INFO -  Processing /builds/slave/test/build/tests/mozbase/mozinfo
16:55:53     INFO -    Requirement already satisfied (use --upgrade to upgrade): mozinfo==0.9 from file:///builds/slave/test/build/tests/mozbase/mozinfo in /builds/slave/test/build/venv/lib/python2.7/site-packages (from -r /builds/slave/test/build/tests/config/mozbase_requirements.txt (line 7))
16:55:53     INFO -  Processing /builds/slave/test/build/tests/mozbase/mozinstall
16:55:54     INFO -    Requirement already satisfied (use --upgrade to upgrade): mozInstall==1.12 from file:///builds/slave/test/build/tests/mozbase/mozinstall in /builds/slave/test/build/venv/lib/python2.7/site-packages (from -r /builds/slave/test/build/tests/config/mozbase_requirements.txt (line 8))
16:55:54     INFO -  Processing /builds/slave/test/build/tests/mozbase/mozleak
16:55:54     INFO -    Requirement already satisfied (use --upgrade to upgrade): mozleak==0.1 from file:///builds/slave/test/build/tests/mozbase/mozleak in /builds/slave/test/build/venv/lib/python2.7/site-packages (from -r /builds/slave/test/build/tests/config/mozbase_requirements.txt (line 9))
16:55:54     INFO -  Processing /builds/slave/test/build/tests/mozbase/mozlog
16:55:54     INFO -    Requirement already satisfied (use --upgrade to upgrade): mozlog==3.4 from file:///builds/slave/test/build/tests/mozbase/mozlog in /builds/slave/test/build/venv/lib/python2.7/site-packages (from -r /builds/slave/test/build/tests/config/mozbase_requirements.txt (line 10))
16:55:54     INFO -  Processing /builds/slave/test/build/tests/mozbase/moznetwork
16:55:55     INFO -    Requirement already satisfied (use --upgrade to upgrade): moznetwork==0.27 from file:///builds/slave/test/build/tests/mozbase/moznetwork in /builds/slave/test/build/venv/lib/python2.7/site-packages (from -r /builds/slave/test/build/tests/config/mozbase_requirements.txt (line 11))
16:55:55     INFO -  Processing /builds/slave/test/build/tests/mozbase/mozprocess
16:55:55     INFO -    Requirement already satisfied (use --upgrade to upgrade): mozprocess==0.23 from file:///builds/slave/test/build/tests/mozbase/mozprocess in /builds/slave/test/build/venv/lib/python2.7/site-packages (from -r /builds/slave/test/build/tests/config/mozbase_requirements.txt (line 12))
16:55:55     INFO -  Processing /builds/slave/test/build/tests/mozbase/mozprofile
16:55:55     INFO -    Requirement already satisfied (use --upgrade to upgrade): mozprofile==0.28 from file:///builds/slave/test/build/tests/mozbase/mozprofile in /builds/slave/test/build/venv/lib/python2.7/site-packages (from -r /builds/slave/test/build/tests/config/mozbase_requirements.txt (line 13))
16:55:55     INFO -  Processing /builds/slave/test/build/tests/mozbase/mozrunner
16:55:56     INFO -    Requirement already satisfied (use --upgrade to upgrade): mozrunner==6.13 from file:///builds/slave/test/build/tests/mozbase/mozrunner in /builds/slave/test/build/venv/lib/python2.7/site-packages (from -r /builds/slave/test/build/tests/config/mozbase_requirements.txt (line 14))
16:55:56     INFO -  Processing /builds/slave/test/build/tests/mozbase/mozscreenshot
16:55:56     INFO -    Requirement already satisfied (use --upgrade to upgrade): mozscreenshot==0.1 from file:///builds/slave/test/build/tests/mozbase/mozscreenshot in /builds/slave/test/build/venv/lib/python2.7/site-packages (from -r /builds/slave/test/build/tests/config/mozbase_requirements.txt (line 15))
16:55:56     INFO -  Processing /builds/slave/test/build/tests/mozbase/moztest
16:55:56     INFO -    Requirement already satisfied (use --upgrade to upgrade): moztest==0.8 from file:///builds/slave/test/build/tests/mozbase/moztest in /builds/slave/test/build/venv/lib/python2.7/site-packages (from -r /builds/slave/test/build/tests/config/mozbase_requirements.txt (line 16))
16:55:56     INFO -  Processing /builds/slave/test/build/tests/mozbase/mozversion
16:55:57     INFO -    Requirement already satisfied (use --upgrade to upgrade): mozversion==1.4 from file:///builds/slave/test/build/tests/mozbase/mozversion in /builds/slave/test/build/venv/lib/python2.7/site-packages (from -r /builds/slave/test/build/tests/config/mozbase_requirements.txt (line 17))
16:55:57     INFO -  Processing /builds/slave/test/build/tests/tools/wptserve
16:55:57     INFO -  Processing /builds/slave/test/build/tests/marionette/client
16:55:58     INFO -  Processing /builds/slave/test/build/tests/marionette/harness/marionette_harness/runner/mixins/browsermob-proxy-py
16:55:58     INFO -  Processing /builds/slave/test/build/tests/marionette/harness
16:55:58     INFO -  Processing /builds/slave/test/build/tests/marionette/puppeteer/firefox
16:55:59     INFO -  Building wheels for collected packages: browsermob-proxy
16:55:59     INFO -    Running setup.py bdist_wheel for browsermob-proxy: started
16:55:59     INFO -    Running setup.py bdist_wheel for browsermob-proxy: finished with status 'done'
16:55:59     INFO -    Stored in directory: /home/cltbld/.cache/pip/wheels/10/00/c1/79bb793b6a7eb4dca9dfd244010f550ae5044951bcd23c261e
16:55:59     INFO -  Successfully built browsermob-proxy
16:55:59     INFO -  Installing collected packages: wptserve, marionette-driver, browsermob-proxy, marionette-harness, firefox-puppeteer
16:55:59     INFO -    Running setup.py install for wptserve: started
16:56:00     INFO -      Running setup.py install for wptserve: finished with status 'done'
16:56:00     INFO -    Running setup.py install for marionette-driver: started
16:56:00     INFO -      Running setup.py install for marionette-driver: finished with status 'done'
16:56:00     INFO -    Running setup.py install for marionette-harness: started
16:56:01     INFO -      Running setup.py install for marionette-harness: finished with status 'done'
16:56:01     INFO -    Running setup.py install for firefox-puppeteer: started
16:56:02     INFO -      Running setup.py install for firefox-puppeteer: finished with status 'done'
16:56:02     INFO -  Successfully installed browsermob-proxy-0.6.0 firefox-puppeteer-52.1.0 marionette-driver-2.2.0 marionette-harness-4.0.0 wptserve-1.4.0
16:56:02     INFO - Return code: 0
16:56:02     INFO - Installing None into virtualenv /builds/slave/test/build/venv
16:56:02     INFO - retry: Calling run_command with args: [['/builds/slave/test/build/venv/bin/pip', 'install', '--timeout', '120', '-r', '/builds/slave/test/build/tests/config/marionette_requirements.txt', '--no-index', '--find-links', 'http://pypi.pvt.build.mozilla.org/pub', '--find-links', 'http://pypi.pub.build.mozilla.org/pub', '--trusted-host', 'pypi.pub.build.mozilla.org', '--trusted-host', 'pypi.pvt.build.mozilla.org']], kwargs: {'error_level': 'warning', 'error_list': [{'substr': 'not found or a compiler error:', 'level': 'warning'}, {'regex': <_sre.SRE_Pattern object at 0x7f7c27269110>, 'level': 'error'}, {'regex': <_sre.SRE_Pattern object at 0x7f7c27371e40>, 'level': 'warning'}, {'regex': <_sre.SRE_Pattern object at 0x25443e0>, 'level': 'debug'}, {'substr': 'command not found', 'level': 'error'}, {'regex': <_sre.SRE_Pattern object at 0x2540a90>, 'level': 'warning'}, {'substr': 'Traceback (most recent call last)', 'level': 'error'}, {'substr': 'SyntaxError: ', 'level': 'error'}, {'substr': 'TypeError: ', 'level': 'error'}, {'substr': 'NameError: ', 'level': 'error'}, {'substr': 'ZeroDivisionError: ', 'level': 'error'}, {'regex': <_sre.SRE_Pattern object at 0x25423f0>, 'level': 'critical'}, {'regex': <_sre.SRE_Pattern object at 0x2542670>, 'level': 'critical'}], 'cwd': '/builds/slave/test/build/tests/config', 'env': {'TMOUT': '86400', 'LOGNAME': 'cltbld', 'USER': 'cltbld', 'HOME': '/home/cltbld', 'PATH': '/usr/local/bin:/usr/local/bin:/usr/bin:/bin:/usr/local/games:/usr/games', 'DISPLAY': ':0', 'CCACHE_UMASK': '002', 'LANG': 'en_US.UTF-8', 'TERM': 'linux', 'SHELL': '/bin/bash', 'MOZ_NODE_PATH': '/usr/bin/node', 'XDG_SESSION_COOKIE': '9ca12473fbb1d023794ffd180000023c-1528501964.186023-644782249', 'SHLVL': '1', 'NO_FAIL_ON_TEST_ERRORS': '1', 'MOZ_NO_REMOTE': '1', 'MOZ_HIDE_RESULTS_TABLE': '1', 'MAIL': '/var/mail/cltbld', '_': '/tools/buildbot/bin/python', 'NODE_PATH': '/usr/lib/nodejs:/usr/lib/node_modules:/usr/share/javascript', 'PWD': '/builds/slave/test', 'PROPERTIES_FILE': '/builds/slave/test/buildprops.json', 'CCACHE_DIR': '/builds/ccache'}}, attempt #1
16:56:02     INFO - Running command: ['/builds/slave/test/build/venv/bin/pip', 'install', '--timeout', '120', '-r', '/builds/slave/test/build/tests/config/marionette_requirements.txt', '--no-index', '--find-links', 'http://pypi.pvt.build.mozilla.org/pub', '--find-links', 'http://pypi.pub.build.mozilla.org/pub', '--trusted-host', 'pypi.pub.build.mozilla.org', '--trusted-host', 'pypi.pvt.build.mozilla.org'] in /builds/slave/test/build/tests/config
16:56:02     INFO - Copy/paste: /builds/slave/test/build/venv/bin/pip install --timeout 120 -r /builds/slave/test/build/tests/config/marionette_requirements.txt --no-index --find-links http://pypi.pvt.build.mozilla.org/pub --find-links http://pypi.pub.build.mozilla.org/pub --trusted-host pypi.pub.build.mozilla.org --trusted-host pypi.pvt.build.mozilla.org
16:56:02     INFO - Using env: {'CCACHE_DIR': '/builds/ccache',
16:56:02     INFO -  'CCACHE_UMASK': '002',
16:56:02     INFO -  'DISPLAY': ':0',
16:56:02     INFO -  'HOME': '/home/cltbld',
16:56:02     INFO -  'LANG': 'en_US.UTF-8',
16:56:02     INFO -  'LOGNAME': 'cltbld',
16:56:02     INFO -  'MAIL': '/var/mail/cltbld',
16:56:02     INFO -  'MOZ_HIDE_RESULTS_TABLE': '1',
16:56:02     INFO -  'MOZ_NODE_PATH': '/usr/bin/node',
16:56:02     INFO -  'MOZ_NO_REMOTE': '1',
16:56:02     INFO -  'NODE_PATH': '/usr/lib/nodejs:/usr/lib/node_modules:/usr/share/javascript',
16:56:02     INFO -  'NO_FAIL_ON_TEST_ERRORS': '1',
16:56:02     INFO -  'PATH': '/usr/local/bin:/usr/local/bin:/usr/bin:/bin:/usr/local/games:/usr/games',
16:56:02     INFO -  'PROPERTIES_FILE': '/builds/slave/test/buildprops.json',
16:56:02     INFO -  'PWD': '/builds/slave/test',
16:56:02     INFO -  'SHELL': '/bin/bash',
16:56:02     INFO -  'SHLVL': '1',
16:56:02     INFO -  'TERM': 'linux',
16:56:02     INFO -  'TMOUT': '86400',
16:56:02     INFO -  'USER': 'cltbld',
16:56:02     INFO -  'XDG_SESSION_COOKIE': '9ca12473fbb1d023794ffd180000023c-1528501964.186023-644782249',
16:56:02     INFO -  '_': '/tools/buildbot/bin/python'}
16:56:03     INFO -  Ignoring indexes: https://pypi.python.org/simple
16:56:03     INFO -  Processing /builds/slave/test/build/tests/mozbase/manifestparser
16:56:04     INFO -    Requirement already satisfied (use --upgrade to upgrade): manifestparser==1.1 from file:///builds/slave/test/build/tests/mozbase/manifestparser in /builds/slave/test/build/venv/lib/python2.7/site-packages (from -r /builds/slave/test/build/tests/config/mozbase_requirements.txt (line 1))
16:56:04     INFO -  Processing /builds/slave/test/build/tests/mozbase/mozcrash
16:56:04     INFO -    Requirement already satisfied (use --upgrade to upgrade): mozcrash==1.0 from file:///builds/slave/test/build/tests/mozbase/mozcrash in /builds/slave/test/build/venv/lib/python2.7/site-packages (from -r /builds/slave/test/build/tests/config/mozbase_requirements.txt (line 2))
16:56:04     INFO -  Processing /builds/slave/test/build/tests/mozbase/mozdebug
16:56:04     INFO -    Requirement already satisfied (use --upgrade to upgrade): mozdebug==0.1 from file:///builds/slave/test/build/tests/mozbase/mozdebug in /builds/slave/test/build/venv/lib/python2.7/site-packages (from -r /builds/slave/test/build/tests/config/mozbase_requirements.txt (line 3))
16:56:04     INFO -  Processing /builds/slave/test/build/tests/mozbase/mozdevice
16:56:05     INFO -    Requirement already satisfied (use --upgrade to upgrade): mozdevice==0.48 from file:///builds/slave/test/build/tests/mozbase/mozdevice in /builds/slave/test/build/venv/lib/python2.7/site-packages (from -r /builds/slave/test/build/tests/config/mozbase_requirements.txt (line 4))
16:56:05     INFO -  Processing /builds/slave/test/build/tests/mozbase/mozfile
16:56:05     INFO -    Requirement already satisfied (use --upgrade to upgrade): mozfile==1.2 from file:///builds/slave/test/build/tests/mozbase/mozfile in /builds/slave/test/build/venv/lib/python2.7/site-packages (from -r /builds/slave/test/build/tests/config/mozbase_requirements.txt (line 5))
16:56:05     INFO -  Processing /builds/slave/test/build/tests/mozbase/mozhttpd
16:56:05     INFO -    Requirement already satisfied (use --upgrade to upgrade): mozhttpd==0.7 from file:///builds/slave/test/build/tests/mozbase/mozhttpd in /builds/slave/test/build/venv/lib/python2.7/site-packages (from -r /builds/slave/test/build/tests/config/mozbase_requirements.txt (line 6))
16:56:05     INFO -  Processing /builds/slave/test/build/tests/mozbase/mozinfo
16:56:06     INFO -    Requirement already satisfied (use --upgrade to upgrade): mozinfo==0.9 from file:///builds/slave/test/build/tests/mozbase/mozinfo in /builds/slave/test/build/venv/lib/python2.7/site-packages (from -r /builds/slave/test/build/tests/config/mozbase_requirements.txt (line 7))
16:56:06     INFO -  Processing /builds/slave/test/build/tests/mozbase/mozinstall
16:56:06     INFO -    Requirement already satisfied (use --upgrade to upgrade): mozInstall==1.12 from file:///builds/slave/test/build/tests/mozbase/mozinstall in /builds/slave/test/build/venv/lib/python2.7/site-packages (from -r /builds/slave/test/build/tests/config/mozbase_requirements.txt (line 8))
16:56:06     INFO -  Processing /builds/slave/test/build/tests/mozbase/mozleak
16:56:07     INFO -    Requirement already satisfied (use --upgrade to upgrade): mozleak==0.1 from file:///builds/slave/test/build/tests/mozbase/mozleak in /builds/slave/test/build/venv/lib/python2.7/site-packages (from -r /builds/slave/test/build/tests/config/mozbase_requirements.txt (line 9))
16:56:07     INFO -  Processing /builds/slave/test/build/tests/mozbase/mozlog
16:56:07     INFO -    Requirement already satisfied (use --upgrade to upgrade): mozlog==3.4 from file:///builds/slave/test/build/tests/mozbase/mozlog in /builds/slave/test/build/venv/lib/python2.7/site-packages (from -r /builds/slave/test/build/tests/config/mozbase_requirements.txt (line 10))
16:56:07     INFO -  Processing /builds/slave/test/build/tests/mozbase/moznetwork
16:56:07     INFO -    Requirement already satisfied (use --upgrade to upgrade): moznetwork==0.27 from file:///builds/slave/test/build/tests/mozbase/moznetwork in /builds/slave/test/build/venv/lib/python2.7/site-packages (from -r /builds/slave/test/build/tests/config/mozbase_requirements.txt (line 11))
16:56:07     INFO -  Processing /builds/slave/test/build/tests/mozbase/mozprocess
16:56:08     INFO -    Requirement already satisfied (use --upgrade to upgrade): mozprocess==0.23 from file:///builds/slave/test/build/tests/mozbase/mozprocess in /builds/slave/test/build/venv/lib/python2.7/site-packages (from -r /builds/slave/test/build/tests/config/mozbase_requirements.txt (line 12))
16:56:08     INFO -  Processing /builds/slave/test/build/tests/mozbase/mozprofile
16:56:08     INFO -    Requirement already satisfied (use --upgrade to upgrade): mozprofile==0.28 from file:///builds/slave/test/build/tests/mozbase/mozprofile in /builds/slave/test/build/venv/lib/python2.7/site-packages (from -r /builds/slave/test/build/tests/config/mozbase_requirements.txt (line 13))
16:56:08     INFO -  Processing /builds/slave/test/build/tests/mozbase/mozrunner
16:56:08     INFO -    Requirement already satisfied (use --upgrade to upgrade): mozrunner==6.13 from file:///builds/slave/test/build/tests/mozbase/mozrunner in /builds/slave/test/build/venv/lib/python2.7/site-packages (from -r /builds/slave/test/build/tests/config/mozbase_requirements.txt (line 14))
16:56:08     INFO -  Processing /builds/slave/test/build/tests/mozbase/mozscreenshot
16:56:09     INFO -    Requirement already satisfied (use --upgrade to upgrade): mozscreenshot==0.1 from file:///builds/slave/test/build/tests/mozbase/mozscreenshot in /builds/slave/test/build/venv/lib/python2.7/site-packages (from -r /builds/slave/test/build/tests/config/mozbase_requirements.txt (line 15))
16:56:09     INFO -  Processing /builds/slave/test/build/tests/mozbase/moztest
16:56:09     INFO -    Requirement already satisfied (use --upgrade to upgrade): moztest==0.8 from file:///builds/slave/test/build/tests/mozbase/moztest in /builds/slave/test/build/venv/lib/python2.7/site-packages (from -r /builds/slave/test/build/tests/config/mozbase_requirements.txt (line 16))
16:56:09     INFO -  Processing /builds/slave/test/build/tests/mozbase/mozversion
16:56:10     INFO -    Requirement already satisfied (use --upgrade to upgrade): mozversion==1.4 from file:///builds/slave/test/build/tests/mozbase/mozversion in /builds/slave/test/build/venv/lib/python2.7/site-packages (from -r /builds/slave/test/build/tests/config/mozbase_requirements.txt (line 17))
16:56:10     INFO -  Processing /builds/slave/test/build/tests/tools/wptserve
16:56:10     INFO -    Requirement already satisfied (use --upgrade to upgrade): wptserve==1.4.0 from file:///builds/slave/test/build/tests/tools/wptserve in /builds/slave/test/build/venv/lib/python2.7/site-packages (from -r /builds/slave/test/build/tests/config/marionette_requirements.txt (line 3))
16:56:10     INFO -  Processing /builds/slave/test/build/tests/marionette/client
16:56:10     INFO -    Requirement already satisfied (use --upgrade to upgrade): marionette-driver==2.2.0 from file:///builds/slave/test/build/tests/marionette/client in /builds/slave/test/build/venv/lib/python2.7/site-packages (from -r /builds/slave/test/build/tests/config/marionette_requirements.txt (line 4))
16:56:10     INFO -  Processing /builds/slave/test/build/tests/marionette/harness/marionette_harness/runner/mixins/browsermob-proxy-py
16:56:11     INFO -    Requirement already satisfied (use --upgrade to upgrade): browsermob-proxy==0.6.0 from file:///builds/slave/test/build/tests/marionette/harness/marionette_harness/runner/mixins/browsermob-proxy-py in /builds/slave/test/build/venv/lib/python2.7/site-packages (from -r /builds/slave/test/build/tests/config/marionette_requirements.txt (line 5))
16:56:11     INFO -  Processing /builds/slave/test/build/tests/marionette/harness
16:56:11     INFO -    Requirement already satisfied (use --upgrade to upgrade): marionette-harness==4.0.0 from file:///builds/slave/test/build/tests/marionette/harness in /builds/slave/test/build/venv/lib/python2.7/site-packages (from -r /builds/slave/test/build/tests/config/marionette_requirements.txt (line 6))
16:56:11     INFO -  Processing /builds/slave/test/build/tests/marionette/puppeteer/firefox
16:56:12     INFO -    Requirement already satisfied (use --upgrade to upgrade): firefox-puppeteer==52.1.0 from file:///builds/slave/test/build/tests/marionette/puppeteer/firefox in /builds/slave/test/build/venv/lib/python2.7/site-packages (from -r /builds/slave/test/build/tests/config/marionette_requirements.txt (line 9))
16:56:12     INFO -  Requirement already satisfied (use --upgrade to upgrade): mozfile>=1.0 in /builds/slave/test/build/venv/lib/python2.7/site-packages (from mozcrash==1.0->-r /builds/slave/test/build/tests/config/mozbase_requirements.txt (line 2))
16:56:12     INFO -  Requirement already satisfied (use --upgrade to upgrade): mozlog>=3.0 in /builds/slave/test/build/venv/lib/python2.7/site-packages (from mozcrash==1.0->-r /builds/slave/test/build/tests/config/mozbase_requirements.txt (line 2))
16:56:12     INFO -  Requirement already satisfied (use --upgrade to upgrade): mozinfo in /builds/slave/test/build/venv/lib/python2.7/site-packages (from mozdebug==0.1->-r /builds/slave/test/build/tests/config/mozbase_requirements.txt (line 3))
16:56:12     INFO -  Requirement already satisfied (use --upgrade to upgrade): moznetwork>=0.24 in /builds/slave/test/build/venv/lib/python2.7/site-packages (from mozdevice==0.48->-r /builds/slave/test/build/tests/config/mozbase_requirements.txt (line 4))
16:56:12     INFO -  Requirement already satisfied (use --upgrade to upgrade): mozprocess>=0.19 in /builds/slave/test/build/venv/lib/python2.7/site-packages (from mozdevice==0.48->-r /builds/slave/test/build/tests/config/mozbase_requirements.txt (line 4))
16:56:12     INFO -  Requirement already satisfied (use --upgrade to upgrade): blessings>=1.3 in /builds/slave/test/build/venv/lib/python2.7/site-packages (from mozlog==3.4->-r /builds/slave/test/build/tests/config/mozbase_requirements.txt (line 10))
16:56:12     INFO -  Requirement already satisfied (use --upgrade to upgrade): requests>=1.1.0 in /builds/slave/test/build/venv/lib/python2.7/site-packages (from browsermob-proxy==0.6.0->-r /builds/slave/test/build/tests/config/marionette_requirements.txt (line 5))
16:56:12     INFO -  Building wheels for collected packages: browsermob-proxy
16:56:12     INFO -    Running setup.py bdist_wheel for browsermob-proxy: started
16:56:12     INFO -    Running setup.py bdist_wheel for browsermob-proxy: finished with status 'done'
16:56:12     INFO -    Stored in directory: /home/cltbld/.cache/pip/wheels/10/00/c1/79bb793b6a7eb4dca9dfd244010f550ae5044951bcd23c261e
16:56:12     INFO -  Successfully built browsermob-proxy
16:56:12     INFO - Return code: 0
16:56:12     INFO - Installing None into virtualenv /builds/slave/test/build/venv
16:56:13     INFO - retry: Calling run_command with args: [['/builds/slave/test/build/venv/bin/pip', 'install', '--no-deps', '--timeout', '120', '-r', '/builds/slave/test/build/tests/mochitest/websocketprocessbridge/websocketprocessbridge_requirements.txt', '--no-index', '--find-links', 'http://pypi.pvt.build.mozilla.org/pub', '--find-links', 'http://pypi.pub.build.mozilla.org/pub', '--trusted-host', 'pypi.pub.build.mozilla.org', '--trusted-host', 'pypi.pvt.build.mozilla.org']], kwargs: {'error_level': 'warning', 'error_list': [{'substr': 'not found or a compiler error:', 'level': 'warning'}, {'regex': <_sre.SRE_Pattern object at 0x7f7c27269110>, 'level': 'error'}, {'regex': <_sre.SRE_Pattern object at 0x7f7c27371e40>, 'level': 'warning'}, {'regex': <_sre.SRE_Pattern object at 0x25443e0>, 'level': 'debug'}, {'substr': 'command not found', 'level': 'error'}, {'regex': <_sre.SRE_Pattern object at 0x2540a90>, 'level': 'warning'}, {'substr': 'Traceback (most recent call last)', 'level': 'error'}, {'substr': 'SyntaxError: ', 'level': 'error'}, {'substr': 'TypeError: ', 'level': 'error'}, {'substr': 'NameError: ', 'level': 'error'}, {'substr': 'ZeroDivisionError: ', 'level': 'error'}, {'regex': <_sre.SRE_Pattern object at 0x25423f0>, 'level': 'critical'}, {'regex': <_sre.SRE_Pattern object at 0x2542670>, 'level': 'critical'}], 'cwd': '/builds/slave/test/build/tests/mochitest/websocketprocessbridge', 'env': {'TMOUT': '86400', 'LOGNAME': 'cltbld', 'USER': 'cltbld', 'HOME': '/home/cltbld', 'PATH': '/usr/local/bin:/usr/local/bin:/usr/bin:/bin:/usr/local/games:/usr/games', 'DISPLAY': ':0', 'CCACHE_UMASK': '002', 'LANG': 'en_US.UTF-8', 'TERM': 'linux', 'SHELL': '/bin/bash', 'MOZ_NODE_PATH': '/usr/bin/node', 'XDG_SESSION_COOKIE': '9ca12473fbb1d023794ffd180000023c-1528501964.186023-644782249', 'SHLVL': '1', 'NO_FAIL_ON_TEST_ERRORS': '1', 'MOZ_NO_REMOTE': '1', 'MOZ_HIDE_RESULTS_TABLE': '1', 'MAIL': '/var/mail/cltbld', '_': '/tools/buildbot/bin/python', 'NODE_PATH': '/usr/lib/nodejs:/usr/lib/node_modules:/usr/share/javascript', 'PWD': '/builds/slave/test', 'PROPERTIES_FILE': '/builds/slave/test/buildprops.json', 'CCACHE_DIR': '/builds/ccache'}}, attempt #1
16:56:13     INFO - Running command: ['/builds/slave/test/build/venv/bin/pip', 'install', '--no-deps', '--timeout', '120', '-r', '/builds/slave/test/build/tests/mochitest/websocketprocessbridge/websocketprocessbridge_requirements.txt', '--no-index', '--find-links', 'http://pypi.pvt.build.mozilla.org/pub', '--find-links', 'http://pypi.pub.build.mozilla.org/pub', '--trusted-host', 'pypi.pub.build.mozilla.org', '--trusted-host', 'pypi.pvt.build.mozilla.org'] in /builds/slave/test/build/tests/mochitest/websocketprocessbridge
16:56:13     INFO - Copy/paste: /builds/slave/test/build/venv/bin/pip install --no-deps --timeout 120 -r /builds/slave/test/build/tests/mochitest/websocketprocessbridge/websocketprocessbridge_requirements.txt --no-index --find-links http://pypi.pvt.build.mozilla.org/pub --find-links http://pypi.pub.build.mozilla.org/pub --trusted-host pypi.pub.build.mozilla.org --trusted-host pypi.pvt.build.mozilla.org
16:56:13     INFO - Using env: {'CCACHE_DIR': '/builds/ccache',
16:56:13     INFO -  'CCACHE_UMASK': '002',
16:56:13     INFO -  'DISPLAY': ':0',
16:56:13     INFO -  'HOME': '/home/cltbld',
16:56:13     INFO -  'LANG': 'en_US.UTF-8',
16:56:13     INFO -  'LOGNAME': 'cltbld',
16:56:13     INFO -  'MAIL': '/var/mail/cltbld',
16:56:13     INFO -  'MOZ_HIDE_RESULTS_TABLE': '1',
16:56:13     INFO -  'MOZ_NODE_PATH': '/usr/bin/node',
16:56:13     INFO -  'MOZ_NO_REMOTE': '1',
16:56:13     INFO -  'NODE_PATH': '/usr/lib/nodejs:/usr/lib/node_modules:/usr/share/javascript',
16:56:13     INFO -  'NO_FAIL_ON_TEST_ERRORS': '1',
16:56:13     INFO -  'PATH': '/usr/local/bin:/usr/local/bin:/usr/bin:/bin:/usr/local/games:/usr/games',
16:56:13     INFO -  'PROPERTIES_FILE': '/builds/slave/test/buildprops.json',
16:56:13     INFO -  'PWD': '/builds/slave/test',
16:56:13     INFO -  'SHELL': '/bin/bash',
16:56:13     INFO -  'SHLVL': '1',
16:56:13     INFO -  'TERM': 'linux',
16:56:13     INFO -  'TMOUT': '86400',
16:56:13     INFO -  'USER': 'cltbld',
16:56:13     INFO -  'XDG_SESSION_COOKIE': '9ca12473fbb1d023794ffd180000023c-1528501964.186023-644782249',
16:56:13     INFO -  '_': '/tools/buildbot/bin/python'}
16:56:13     INFO -  Ignoring indexes: https://pypi.python.org/simple
16:56:13     INFO -  Collecting six==1.10.0 (from -r /builds/slave/test/build/tests/mochitest/websocketprocessbridge/websocketprocessbridge_requirements.txt (line 2))
16:56:14     INFO -  /builds/slave/test/build/venv/lib/python2.7/site-packages/pip/_vendor/requests/packages/urllib3/util/ssl_.py:318: SNIMissingWarning: An HTTPS request has been made, but the SNI (Subject Name Indication) extension to TLS is not available on this platform. This may cause the server to present an incorrect TLS certificate, which can cause validation failures. You can upgrade to a newer version of Python to solve this. For more information, see https://urllib3.readthedocs.org/en/latest/security.html#snimissingwarning.
16:56:14     INFO -    SNIMissingWarning
16:56:14     INFO -  /builds/slave/test/build/venv/lib/python2.7/site-packages/pip/_vendor/requests/packages/urllib3/util/ssl_.py:122: InsecurePlatformWarning: A true SSLContext object is not available. This prevents urllib3 from configuring SSL appropriately and may cause certain SSL connections to fail. You can upgrade to a newer version of Python to solve this. For more information, see https://urllib3.readthedocs.org/en/latest/security.html#insecureplatformwarning.
16:56:14     INFO -    InsecurePlatformWarning
16:56:15     INFO -  /builds/slave/test/build/venv/lib/python2.7/site-packages/pip/_vendor/requests/packages/urllib3/util/ssl_.py:122: InsecurePlatformWarning: A true SSLContext object is not available. This prevents urllib3 from configuring SSL appropriately and may cause certain SSL connections to fail. You can upgrade to a newer version of Python to solve this. For more information, see https://urllib3.readthedocs.org/en/latest/security.html#insecureplatformwarning.
16:56:15     INFO -    InsecurePlatformWarning
16:56:21     INFO -    Downloading https://pypi.pvt.build.mozilla.org/pub/six-1.10.0-py2.py3-none-any.whl
16:56:21     INFO -  Collecting twisted==10.2.0 (from -r /builds/slave/test/build/tests/mochitest/websocketprocessbridge/websocketprocessbridge_requirements.txt (line 4))
16:56:26     INFO -    Downloading https://pypi.pvt.build.mozilla.org/pub/Twisted-10.2.0.tar.gz (1.9MB)
16:56:28     INFO -  Collecting txws==0.9.1 (from -r /builds/slave/test/build/tests/mochitest/websocketprocessbridge/websocketprocessbridge_requirements.txt (line 7))
16:56:34     INFO -    Downloading https://pypi.pvt.build.mozilla.org/pub/txWS-0.9.1.tar.gz
16:56:38     INFO -  Requirement already satisfied (use --upgrade to upgrade): psutil==3.1.1 in /builds/slave/test/build/venv/lib/python2.7/site-packages (from -r /builds/slave/test/build/tests/mochitest/websocketprocessbridge/websocketprocessbridge_requirements.txt (line 9))
16:56:38     INFO -  Collecting ipaddr==2.1.11 (from -r /builds/slave/test/build/tests/mochitest/websocketprocessbridge/websocketprocessbridge_requirements.txt (line 12))
16:56:43     INFO -    Downloading https://pypi.pvt.build.mozilla.org/pub/ipaddr-2.1.11.tar.gz
16:56:44     INFO -  Collecting passlib==1.6.5 (from -r /builds/slave/test/build/tests/mochitest/websocketprocessbridge/websocketprocessbridge_requirements.txt (line 13))
16:56:49     INFO -    Downloading https://pypi.pvt.build.mozilla.org/pub/passlib-1.6.5-py2.py3-none-any.whl (317kB)
16:56:50     INFO -  Building wheels for collected packages: twisted, txws, ipaddr
16:56:50     INFO -    Running setup.py bdist_wheel for twisted: started
16:56:53     INFO -    Running setup.py bdist_wheel for twisted: finished with status 'done'
16:56:53     INFO -    Stored in directory: /home/cltbld/.cache/pip/wheels/2a/06/64/df4bef56496f61aee018cad118db54f7a03015723d10662b26
16:56:53     INFO -    Running setup.py bdist_wheel for txws: started
16:56:54     INFO -    Running setup.py bdist_wheel for txws: finished with status 'done'
16:56:54     INFO -    Stored in directory: /home/cltbld/.cache/pip/wheels/51/f5/78/51b5dd281cb5c86337c41faadc891bd5089a07842da35b9248
16:56:54     INFO -    Running setup.py bdist_wheel for ipaddr: started
16:56:54     INFO -    Running setup.py bdist_wheel for ipaddr: finished with status 'done'
16:56:54     INFO -    Stored in directory: /home/cltbld/.cache/pip/wheels/6a/e7/d2/68af1df9a4dd7fd032c9375a12bd438c6fa81ee69d5e07993f
16:56:54     INFO -  Successfully built twisted txws ipaddr
16:56:54     INFO -  Installing collected packages: six, twisted, txws, ipaddr, passlib
16:56:58     INFO -  Successfully installed ipaddr-2.1.11 passlib-1.6.5 six-1.10.0 twisted-10.2.0 txws-0.9.1
16:56:58     INFO - Return code: 0
16:56:58     INFO - Installing None into virtualenv /builds/slave/test/build/venv
16:56:58     INFO - retry: Calling run_command with args: [['/builds/slave/test/build/venv/bin/pip', 'install', '--timeout', '120', '-r', '/builds/slave/test/build/tests/mochitest/websocketprocessbridge/websocketprocessbridge_requirements.txt', '--no-index', '--find-links', 'http://pypi.pvt.build.mozilla.org/pub', '--find-links', 'http://pypi.pub.build.mozilla.org/pub', '--trusted-host', 'pypi.pub.build.mozilla.org', '--trusted-host', 'pypi.pvt.build.mozilla.org']], kwargs: {'error_level': 'warning', 'error_list': [{'substr': 'not found or a compiler error:', 'level': 'warning'}, {'regex': <_sre.SRE_Pattern object at 0x7f7c27269110>, 'level': 'error'}, {'regex': <_sre.SRE_Pattern object at 0x7f7c27371e40>, 'level': 'warning'}, {'regex': <_sre.SRE_Pattern object at 0x25443e0>, 'level': 'debug'}, {'substr': 'command not found', 'level': 'error'}, {'regex': <_sre.SRE_Pattern object at 0x2540a90>, 'level': 'warning'}, {'substr': 'Traceback (most recent call last)', 'level': 'error'}, {'substr': 'SyntaxError: ', 'level': 'error'}, {'substr': 'TypeError: ', 'level': 'error'}, {'substr': 'NameError: ', 'level': 'error'}, {'substr': 'ZeroDivisionError: ', 'level': 'error'}, {'regex': <_sre.SRE_Pattern object at 0x25423f0>, 'level': 'critical'}, {'regex': <_sre.SRE_Pattern object at 0x2542670>, 'level': 'critical'}], 'cwd': '/builds/slave/test/build/tests/mochitest/websocketprocessbridge', 'env': {'TMOUT': '86400', 'LOGNAME': 'cltbld', 'USER': 'cltbld', 'HOME': '/home/cltbld', 'PATH': '/usr/local/bin:/usr/local/bin:/usr/bin:/bin:/usr/local/games:/usr/games', 'DISPLAY': ':0', 'CCACHE_UMASK': '002', 'LANG': 'en_US.UTF-8', 'TERM': 'linux', 'SHELL': '/bin/bash', 'MOZ_NODE_PATH': '/usr/bin/node', 'XDG_SESSION_COOKIE': '9ca12473fbb1d023794ffd180000023c-1528501964.186023-644782249', 'SHLVL': '1', 'NO_FAIL_ON_TEST_ERRORS': '1', 'MOZ_NO_REMOTE': '1', 'MOZ_HIDE_RESULTS_TABLE': '1', 'MAIL': '/var/mail/cltbld', '_': '/tools/buildbot/bin/python', 'NODE_PATH': '/usr/lib/nodejs:/usr/lib/node_modules:/usr/share/javascript', 'PWD': '/builds/slave/test', 'PROPERTIES_FILE': '/builds/slave/test/buildprops.json', 'CCACHE_DIR': '/builds/ccache'}}, attempt #1
16:56:58     INFO - Running command: ['/builds/slave/test/build/venv/bin/pip', 'install', '--timeout', '120', '-r', '/builds/slave/test/build/tests/mochitest/websocketprocessbridge/websocketprocessbridge_requirements.txt', '--no-index', '--find-links', 'http://pypi.pvt.build.mozilla.org/pub', '--find-links', 'http://pypi.pub.build.mozilla.org/pub', '--trusted-host', 'pypi.pub.build.mozilla.org', '--trusted-host', 'pypi.pvt.build.mozilla.org'] in /builds/slave/test/build/tests/mochitest/websocketprocessbridge
16:56:58     INFO - Copy/paste: /builds/slave/test/build/venv/bin/pip install --timeout 120 -r /builds/slave/test/build/tests/mochitest/websocketprocessbridge/websocketprocessbridge_requirements.txt --no-index --find-links http://pypi.pvt.build.mozilla.org/pub --find-links http://pypi.pub.build.mozilla.org/pub --trusted-host pypi.pub.build.mozilla.org --trusted-host pypi.pvt.build.mozilla.org
16:56:58     INFO - Using env: {'CCACHE_DIR': '/builds/ccache',
16:56:58     INFO -  'CCACHE_UMASK': '002',
16:56:58     INFO -  'DISPLAY': ':0',
16:56:58     INFO -  'HOME': '/home/cltbld',
16:56:58     INFO -  'LANG': 'en_US.UTF-8',
16:56:58     INFO -  'LOGNAME': 'cltbld',
16:56:58     INFO -  'MAIL': '/var/mail/cltbld',
16:56:58     INFO -  'MOZ_HIDE_RESULTS_TABLE': '1',
16:56:58     INFO -  'MOZ_NODE_PATH': '/usr/bin/node',
16:56:58     INFO -  'MOZ_NO_REMOTE': '1',
16:56:58     INFO -  'NODE_PATH': '/usr/lib/nodejs:/usr/lib/node_modules:/usr/share/javascript',
16:56:58     INFO -  'NO_FAIL_ON_TEST_ERRORS': '1',
16:56:58     INFO -  'PATH': '/usr/local/bin:/usr/local/bin:/usr/bin:/bin:/usr/local/games:/usr/games',
16:56:58     INFO -  'PROPERTIES_FILE': '/builds/slave/test/buildprops.json',
16:56:58     INFO -  'PWD': '/builds/slave/test',
16:56:58     INFO -  'SHELL': '/bin/bash',
16:56:58     INFO -  'SHLVL': '1',
16:56:58     INFO -  'TERM': 'linux',
16:56:58     INFO -  'TMOUT': '86400',
16:56:58     INFO -  'USER': 'cltbld',
16:56:58     INFO -  'XDG_SESSION_COOKIE': '9ca12473fbb1d023794ffd180000023c-1528501964.186023-644782249',
16:56:58     INFO -  '_': '/tools/buildbot/bin/python'}
16:56:59     INFO -  Ignoring indexes: https://pypi.python.org/simple
16:56:59     INFO -  Requirement already satisfied (use --upgrade to upgrade): six==1.10.0 in /builds/slave/test/build/venv/lib/python2.7/site-packages (from -r /builds/slave/test/build/tests/mochitest/websocketprocessbridge/websocketprocessbridge_requirements.txt (line 2))
16:56:59     INFO -  Requirement already satisfied (use --upgrade to upgrade): twisted==10.2.0 in /builds/slave/test/build/venv/lib/python2.7/site-packages (from -r /builds/slave/test/build/tests/mochitest/websocketprocessbridge/websocketprocessbridge_requirements.txt (line 4))
16:56:59     INFO -  Requirement already satisfied (use --upgrade to upgrade): txws==0.9.1 in /builds/slave/test/build/venv/lib/python2.7/site-packages (from -r /builds/slave/test/build/tests/mochitest/websocketprocessbridge/websocketprocessbridge_requirements.txt (line 7))
16:56:59     INFO -  Requirement already satisfied (use --upgrade to upgrade): psutil==3.1.1 in /builds/slave/test/build/venv/lib/python2.7/site-packages (from -r /builds/slave/test/build/tests/mochitest/websocketprocessbridge/websocketprocessbridge_requirements.txt (line 9))
16:56:59     INFO -  Requirement already satisfied (use --upgrade to upgrade): ipaddr==2.1.11 in /builds/slave/test/build/venv/lib/python2.7/site-packages (from -r /builds/slave/test/build/tests/mochitest/websocketprocessbridge/websocketprocessbridge_requirements.txt (line 12))
16:56:59     INFO -  Requirement already satisfied (use --upgrade to upgrade): passlib==1.6.5 in /builds/slave/test/build/venv/lib/python2.7/site-packages (from -r /builds/slave/test/build/tests/mochitest/websocketprocessbridge/websocketprocessbridge_requirements.txt (line 13))
16:56:59     INFO -  Collecting zope.interface (from twisted==10.2.0->-r /builds/slave/test/build/tests/mochitest/websocketprocessbridge/websocketprocessbridge_requirements.txt (line 4))
16:56:59     INFO -  /builds/slave/test/build/venv/lib/python2.7/site-packages/pip/_vendor/requests/packages/urllib3/util/ssl_.py:318: SNIMissingWarning: An HTTPS request has been made, but the SNI (Subject Name Indication) extension to TLS is not available on this platform. This may cause the server to present an incorrect TLS certificate, which can cause validation failures. You can upgrade to a newer version of Python to solve this. For more information, see https://urllib3.readthedocs.org/en/latest/security.html#snimissingwarning.
16:57:00     INFO -    SNIMissingWarning
16:57:00     INFO -  /builds/slave/test/build/venv/lib/python2.7/site-packages/pip/_vendor/requests/packages/urllib3/util/ssl_.py:122: InsecurePlatformWarning: A true SSLContext object is not available. This prevents urllib3 from configuring SSL appropriately and may cause certain SSL connections to fail. You can upgrade to a newer version of Python to solve this. For more information, see https://urllib3.readthedocs.org/en/latest/security.html#insecureplatformwarning.
16:57:00     INFO -    InsecurePlatformWarning
16:57:01     INFO -  /builds/slave/test/build/venv/lib/python2.7/site-packages/pip/_vendor/requests/packages/urllib3/util/ssl_.py:122: InsecurePlatformWarning: A true SSLContext object is not available. This prevents urllib3 from configuring SSL appropriately and may cause certain SSL connections to fail. You can upgrade to a newer version of Python to solve this. For more information, see https://urllib3.readthedocs.org/en/latest/security.html#insecureplatformwarning.
16:57:01     INFO -    InsecurePlatformWarning
16:57:06     INFO -    Downloading https://pypi.pvt.build.mozilla.org/pub/zope.interface-4.0.2.tar.gz (139kB)
16:57:07     INFO -  Requirement already satisfied (use --upgrade to upgrade): setuptools in /builds/slave/test/build/venv/lib/python2.7/site-packages (from zope.interface->twisted==10.2.0->-r /builds/slave/test/build/tests/mochitest/websocketprocessbridge/websocketprocessbridge_requirements.txt (line 4))
16:57:07     INFO -  Building wheels for collected packages: zope.interface
16:57:07     INFO -    Running setup.py bdist_wheel for zope.interface: started
16:57:09     INFO -    Running setup.py bdist_wheel for zope.interface: finished with status 'done'
16:57:09     INFO -    Stored in directory: /home/cltbld/.cache/pip/wheels/54/5c/71/e718400d2babcda41f4d97864183e1268dab308acc88e22470
16:57:09     INFO -  Successfully built zope.interface
16:57:09     INFO -  Installing collected packages: zope.interface
16:57:09     INFO -  Successfully installed zope.interface-4.0.2
16:57:09     INFO - Return code: 0
16:57:09     INFO - Done creating virtualenv /builds/slave/test/build/venv.
16:57:09     INFO - Getting output from command: ['/builds/slave/test/build/venv/bin/pip', 'freeze']
16:57:09     INFO - Copy/paste: /builds/slave/test/build/venv/bin/pip freeze
16:57:11     INFO - Reading from file tmpfile_stdout
16:57:11     INFO - Reading from file tmpfile_stderr
16:57:11     INFO - Current package versions:
16:57:11     INFO -   Twisted == 10.2.0
16:57:11     INFO -   blessings == 1.6
16:57:11     INFO -   blobuploader == 1.2.4
16:57:11     INFO -   browsermob-proxy == 0.6.0
16:57:11     INFO -   docopt == 0.6.1
16:57:11     INFO -   firefox-puppeteer == 52.1.0
16:57:11     INFO -   functools32 == 3.2.3.post2
16:57:11     INFO -   ipaddr == 2.1.11
16:57:11     INFO -   jsonschema == 2.5.1
16:57:11     INFO -   manifestparser == 1.1
16:57:11     INFO -   marionette-driver == 2.2.0
16:57:11     INFO -   marionette-harness == 4.0.0
16:57:11     INFO -   mock == 1.0.1
16:57:11     INFO -   mozInstall == 1.12
16:57:11     INFO -   mozcrash == 1.0
16:57:11     INFO -   mozdebug == 0.1
16:57:11     INFO -   mozdevice == 0.48
16:57:11     INFO -   mozfile == 1.2
16:57:11     INFO -   mozhttpd == 0.7
16:57:11     INFO -   mozinfo == 0.9
16:57:11     INFO -   mozleak == 0.1
16:57:11     INFO -   mozlog == 3.4
16:57:11     INFO -   moznetwork == 0.27
16:57:11     INFO -   mozprocess == 0.23
16:57:11     INFO -   mozprofile == 0.28
16:57:11     INFO -   mozrunner == 6.13
16:57:11     INFO -   mozscreenshot == 0.1
16:57:11     INFO -   mozsystemmonitor == 0.3
16:57:11     INFO -   moztest == 0.8
16:57:11     INFO -   mozversion == 1.4
16:57:11     INFO -   passlib == 1.6.5
16:57:11     INFO -   psutil == 3.1.1
16:57:11     INFO -   requests == 1.2.3
16:57:11     INFO -   simplejson == 3.3.0
16:57:11     INFO -   six == 1.10.0
16:57:11     INFO -   txWS == 0.9.1
16:57:11     INFO -   wptserve == 1.4.0
16:57:11     INFO -   zope.interface == 4.0.2
16:57:11     INFO - Running post-action listener: _resource_record_post_action
16:57:11     INFO - Running post-action listener: _start_resource_monitoring
16:57:11     INFO - Starting resource monitoring.
16:57:11     INFO - [mozharness: 2018-06-08 23:57:11.750645Z] Finished create-virtualenv step (success)
16:57:11     INFO - [mozharness: 2018-06-08 23:57:11.753135Z] Running install step.
16:57:11     INFO - Running pre-action listener: _resource_record_pre_action
16:57:11     INFO - Running main action method: install
16:57:11     INFO - Getting output from command: ['/builds/slave/test/build/venv/bin/pip', 'freeze']
16:57:11     INFO - Copy/paste: /builds/slave/test/build/venv/bin/pip freeze
16:57:12     INFO - Reading from file tmpfile_stdout
16:57:12     INFO - Reading from file tmpfile_stderr
16:57:12     INFO - Detecting whether we're running mozinstall >=1.0...
16:57:12     INFO - Getting output from command: ['/builds/slave/test/build/venv/bin/mozinstall', '-h']
16:57:12     INFO - Copy/paste: /builds/slave/test/build/venv/bin/mozinstall -h
16:57:12     INFO - Reading from file tmpfile_stdout
16:57:12     INFO - Output received:
16:57:12     INFO -  Usage: mozinstall [options] installer
16:57:12     INFO -  Options:
16:57:12     INFO -    -h, --help            show this help message and exit
16:57:12     INFO -    -d DEST, --destination=DEST
16:57:12     INFO -                          Directory to install application into. [default:
16:57:12     INFO -                          "/builds/slave/test"]
16:57:12     INFO -    --app=APP             Application being installed. [default: firefox]
16:57:12     INFO - mkdir: /builds/slave/test/build/application
16:57:12     INFO - Getting output from command: ['/builds/slave/test/build/venv/bin/mozinstall', '/builds/slave/test/build/installer.tar.bz2', '--destination', '/builds/slave/test/build/application']
16:57:12     INFO - Copy/paste: /builds/slave/test/build/venv/bin/mozinstall /builds/slave/test/build/installer.tar.bz2 --destination /builds/slave/test/build/application
16:57:35     INFO - Reading from file tmpfile_stdout
16:57:35     INFO - Output received:
16:57:35     INFO -  /builds/slave/test/build/application/firefox/firefox
16:57:35     INFO - Running post-action listener: _resource_record_post_action
16:57:35     INFO - [mozharness: 2018-06-08 23:57:35.226233Z] Finished install step (success)
16:57:35     INFO - [mozharness: 2018-06-08 23:57:35.226634Z] Running stage-files step.
16:57:35     INFO - Running pre-action listener: _resource_record_pre_action
16:57:35     INFO - Running main action method: stage_files
16:57:35     INFO - Running post-action listener: _resource_record_post_action
16:57:35     INFO - [mozharness: 2018-06-08 23:57:35.228242Z] Finished stage-files step (success)
16:57:35     INFO - [mozharness: 2018-06-08 23:57:35.228659Z] Running run-tests step.
16:57:35     INFO - Running pre-action listener: _resource_record_pre_action
16:57:35     INFO - Running pre-action listener: _set_gcov_prefix
16:57:35     INFO - Running main action method: run_tests
16:57:35     INFO - Running pre test command disable_screen_saver with 'xset s off s reset'
16:57:35     INFO - Running command: ['xset', 's', 'off', 's', 'reset'] in /builds/slave/test/build
16:57:35     INFO - Copy/paste: xset s off s reset
16:57:35     INFO - Return code: 0
16:57:35     INFO - #### Running mochitest suites
16:57:35     INFO - Structured output parser in use for mochitest.
16:57:35     INFO - grabbing minidump binary from tooltool
16:57:35     INFO - retry: Calling run_command with args: (['/tools/tooltool.py', '--url', 'https://api.pub.build.mozilla.org/tooltool/', '--authentication-file', '/builds/relengapi.tok', 'fetch', '-m', '/builds/slave/test/build/tests/config/tooltool-manifests/linux64/releng.manifest', '-o', '-c', '/builds/tooltool_cache'],), kwargs: {'output_timeout': 600, 'error_list': [{'substr': 'command not found', 'level': 'error'}, {'regex': <_sre.SRE_Pattern object at 0x2540a90>, 'level': 'warning'}, {'substr': 'Traceback (most recent call last)', 'level': 'error'}, {'substr': 'SyntaxError: ', 'level': 'error'}, {'substr': 'TypeError: ', 'level': 'error'}, {'substr': 'NameError: ', 'level': 'error'}, {'substr': 'ZeroDivisionError: ', 'level': 'error'}, {'regex': <_sre.SRE_Pattern object at 0x25423f0>, 'level': 'critical'}, {'regex': <_sre.SRE_Pattern object at 0x2542670>, 'level': 'critical'}, {'substr': 'ERROR - ', 'level': 'error'}], 'cwd': '/builds/slave/test/build', 'privileged': False}, attempt #1
16:57:35     INFO - Running command: ['/tools/tooltool.py', '--url', 'https://api.pub.build.mozilla.org/tooltool/', '--authentication-file', '/builds/relengapi.tok', 'fetch', '-m', '/builds/slave/test/build/tests/config/tooltool-manifests/linux64/releng.manifest', '-o', '-c', '/builds/tooltool_cache'] in /builds/slave/test/build
16:57:35     INFO - Copy/paste: /tools/tooltool.py --url https://api.pub.build.mozilla.org/tooltool/ --authentication-file /builds/relengapi.tok fetch -m /builds/slave/test/build/tests/config/tooltool-manifests/linux64/releng.manifest -o -c /builds/tooltool_cache
16:57:35     INFO - Calling ['/tools/tooltool.py', '--url', 'https://api.pub.build.mozilla.org/tooltool/', '--authentication-file', '/builds/relengapi.tok', 'fetch', '-m', '/builds/slave/test/build/tests/config/tooltool-manifests/linux64/releng.manifest', '-o', '-c', '/builds/tooltool_cache'] with output_timeout 600
16:57:35     INFO -  INFO - File linux64-minidump_stackwalk not present in local cache folder /builds/tooltool_cache
16:57:35     INFO -  INFO - Attempting to fetch from 'https://api.pub.build.mozilla.org/tooltool/'...
16:57:36     INFO -  INFO - File linux64-minidump_stackwalk fetched from https://api.pub.build.mozilla.org/tooltool/ as /builds/slave/test/build/tmp31nNRq
16:57:36     INFO -  INFO - File integrity verified, renaming tmp31nNRq to linux64-minidump_stackwalk
16:57:36     INFO -  INFO - Updating local cache /builds/tooltool_cache...
16:57:36     INFO -  INFO - Local cache /builds/tooltool_cache updated with linux64-minidump_stackwalk
16:57:36     INFO - Return code: 0
16:57:36     INFO - Chmoding /builds/slave/test/build/linux64-minidump_stackwalk to 0755
16:57:36     INFO - grabbing nodejs binary from tooltool
16:57:36     INFO - retry: Calling run_command with args: (['/tools/tooltool.py', '--url', 'https://api.pub.build.mozilla.org/tooltool/', '--authentication-file', '/builds/relengapi.tok', 'fetch', '-m', '/builds/slave/test/build/tests/config/tooltool-manifests/linux64/nodejs.manifest', '-o', '-c', '/builds/tooltool_cache'],), kwargs: {'output_timeout': 600, 'error_list': [{'substr': 'command not found', 'level': 'error'}, {'regex': <_sre.SRE_Pattern object at 0x2540a90>, 'level': 'warning'}, {'substr': 'Traceback (most recent call last)', 'level': 'error'}, {'substr': 'SyntaxError: ', 'level': 'error'}, {'substr': 'TypeError: ', 'level': 'error'}, {'substr': 'NameError: ', 'level': 'error'}, {'substr': 'ZeroDivisionError: ', 'level': 'error'}, {'regex': <_sre.SRE_Pattern object at 0x25423f0>, 'level': 'critical'}, {'regex': <_sre.SRE_Pattern object at 0x2542670>, 'level': 'critical'}, {'substr': 'ERROR - ', 'level': 'error'}], 'cwd': '/builds/slave/test/build', 'privileged': False}, attempt #1
16:57:36     INFO - Running command: ['/tools/tooltool.py', '--url', 'https://api.pub.build.mozilla.org/tooltool/', '--authentication-file', '/builds/relengapi.tok', 'fetch', '-m', '/builds/slave/test/build/tests/config/tooltool-manifests/linux64/nodejs.manifest', '-o', '-c', '/builds/tooltool_cache'] in /builds/slave/test/build
16:57:36     INFO - Copy/paste: /tools/tooltool.py --url https://api.pub.build.mozilla.org/tooltool/ --authentication-file /builds/relengapi.tok fetch -m /builds/slave/test/build/tests/config/tooltool-manifests/linux64/nodejs.manifest -o -c /builds/tooltool_cache
16:57:36     INFO - Calling ['/tools/tooltool.py', '--url', 'https://api.pub.build.mozilla.org/tooltool/', '--authentication-file', '/builds/relengapi.tok', 'fetch', '-m', '/builds/slave/test/build/tests/config/tooltool-manifests/linux64/nodejs.manifest', '-o', '-c', '/builds/tooltool_cache'] with output_timeout 600
16:57:36     INFO -  INFO - File node-linux-x64.tar.gz not present in local cache folder /builds/tooltool_cache
16:57:36     INFO -  INFO - Attempting to fetch from 'https://api.pub.build.mozilla.org/tooltool/'...
16:57:39     INFO -  INFO - File node-linux-x64.tar.gz fetched from https://api.pub.build.mozilla.org/tooltool/ as /builds/slave/test/build/tmpTe_8wJ
16:57:40     INFO -  INFO - File integrity verified, renaming tmpTe_8wJ to node-linux-x64.tar.gz
16:57:40     INFO -  INFO - Updating local cache /builds/tooltool_cache...
16:57:40     INFO -  INFO - Local cache /builds/tooltool_cache updated with node-linux-x64.tar.gz
16:57:40     INFO -  INFO - untarring "node-linux-x64.tar.gz"
16:57:42     INFO - Return code: 0
16:57:42     INFO - Chmoding /builds/slave/test/build/node-linux-x64/bin/node to 0755
16:57:42     INFO - mkdir: /builds/slave/test/build/blobber_upload_dir
16:57:42     INFO - ENV: MOZ_UPLOAD_DIR is now /builds/slave/test/build/blobber_upload_dir
16:57:42     INFO - ENV: MINIDUMP_STACKWALK is now /builds/slave/test/build/linux64-minidump_stackwalk
16:57:42     INFO - ENV: MOZ_NODE_PATH is now /builds/slave/test/build/node-linux-x64/bin/node
16:57:42     INFO - ENV: MINIDUMP_SAVE_PATH is now /builds/slave/test/build/blobber_upload_dir
16:57:42     INFO - Running command: ['/builds/slave/test/build/venv/bin/python', '-u', '/builds/slave/test/build/tests/mochitest/runtests.py', '--disable-e10s', '--total-chunks', '8', '--this-chunk', '3', '--appname=/builds/slave/test/build/application/firefox/firefox', '--utility-path=tests/bin', '--extra-profile-file=tests/bin/plugins', '--symbols-path=https://queue.taskcluster.net/v1/task/I1iAdq48Sa60c5BCPWswkg/artifacts/public/build/firefox-52.8.2.en-US.linux-x86_64.crashreporter-symbols.zip', '--certificate-path=tests/certs', '--setpref=webgl.force-enabled=true', '--quiet', '--log-raw=/builds/slave/test/build/blobber_upload_dir/mochitest-devtools-chrome-chunked_raw.log', '--log-errorsummary=/builds/slave/test/build/blobber_upload_dir/mochitest-devtools-chrome-chunked_errorsummary.log', '--use-test-media-devices', '--screenshot-on-fail', '--cleanup-crashes', '--marionette-startup-timeout=180', '--log-raw=-', '--flavor=browser', '--subsuite=devtools', '--chunk-by-runtime'] in /builds/slave/test/build
16:57:42     INFO - Copy/paste: /builds/slave/test/build/venv/bin/python -u /builds/slave/test/build/tests/mochitest/runtests.py --disable-e10s --total-chunks 8 --this-chunk 3 --appname=/builds/slave/test/build/application/firefox/firefox --utility-path=tests/bin --extra-profile-file=tests/bin/plugins --symbols-path=https://queue.taskcluster.net/v1/task/I1iAdq48Sa60c5BCPWswkg/artifacts/public/build/firefox-52.8.2.en-US.linux-x86_64.crashreporter-symbols.zip --certificate-path=tests/certs --setpref=webgl.force-enabled=true --quiet --log-raw=/builds/slave/test/build/blobber_upload_dir/mochitest-devtools-chrome-chunked_raw.log --log-errorsummary=/builds/slave/test/build/blobber_upload_dir/mochitest-devtools-chrome-chunked_errorsummary.log --use-test-media-devices --screenshot-on-fail --cleanup-crashes --marionette-startup-timeout=180 --log-raw=- --flavor=browser --subsuite=devtools --chunk-by-runtime
16:57:42     INFO - Using env: {'CCACHE_DIR': '/builds/ccache',
16:57:42     INFO -  'CCACHE_UMASK': '002',
16:57:42     INFO -  'DISPLAY': ':0',
16:57:42     INFO -  'HOME': '/home/cltbld',
16:57:42     INFO -  'LANG': 'en_US.UTF-8',
16:57:42     INFO -  'LOGNAME': 'cltbld',
16:57:42     INFO -  'MAIL': '/var/mail/cltbld',
16:57:42     INFO -  'MINIDUMP_SAVE_PATH': '/builds/slave/test/build/blobber_upload_dir',
16:57:42     INFO -  'MINIDUMP_STACKWALK': '/builds/slave/test/build/linux64-minidump_stackwalk',
16:57:42     INFO -  'MOZ_HIDE_RESULTS_TABLE': '1',
16:57:42     INFO -  'MOZ_NODE_PATH': '/builds/slave/test/build/node-linux-x64/bin/node',
16:57:42     INFO -  'MOZ_NO_REMOTE': '1',
16:57:42     INFO -  'MOZ_UPLOAD_DIR': '/builds/slave/test/build/blobber_upload_dir',
16:57:42     INFO -  'NODE_PATH': '/usr/lib/nodejs:/usr/lib/node_modules:/usr/share/javascript',
16:57:42     INFO -  'NO_FAIL_ON_TEST_ERRORS': '1',
16:57:42     INFO -  'PATH': '/builds/slave/test/build/venv/bin:/usr/local/bin:/usr/local/bin:/usr/bin:/bin:/usr/local/games:/usr/games',
16:57:42     INFO -  'PROPERTIES_FILE': '/builds/slave/test/buildprops.json',
16:57:42     INFO -  'PWD': '/builds/slave/test',
16:57:42     INFO -  'SHELL': '/bin/bash',
16:57:42     INFO -  'SHLVL': '1',
16:57:42     INFO -  'TERM': 'linux',
16:57:42     INFO -  'TMOUT': '86400',
16:57:42     INFO -  'USER': 'cltbld',
16:57:42     INFO -  'XDG_SESSION_COOKIE': '9ca12473fbb1d023794ffd180000023c-1528501964.186023-644782249',
16:57:42     INFO -  '_': '/tools/buildbot/bin/python'}
16:57:42     INFO - Calling ['/builds/slave/test/build/venv/bin/python', '-u', '/builds/slave/test/build/tests/mochitest/runtests.py', '--disable-e10s', '--total-chunks', '8', '--this-chunk', '3', '--appname=/builds/slave/test/build/application/firefox/firefox', '--utility-path=tests/bin', '--extra-profile-file=tests/bin/plugins', '--symbols-path=https://queue.taskcluster.net/v1/task/I1iAdq48Sa60c5BCPWswkg/artifacts/public/build/firefox-52.8.2.en-US.linux-x86_64.crashreporter-symbols.zip', '--certificate-path=tests/certs', '--setpref=webgl.force-enabled=true', '--quiet', '--log-raw=/builds/slave/test/build/blobber_upload_dir/mochitest-devtools-chrome-chunked_raw.log', '--log-errorsummary=/builds/slave/test/build/blobber_upload_dir/mochitest-devtools-chrome-chunked_errorsummary.log', '--use-test-media-devices', '--screenshot-on-fail', '--cleanup-crashes', '--marionette-startup-timeout=180', '--log-raw=-', '--flavor=browser', '--subsuite=devtools', '--chunk-by-runtime'] with output_timeout 1000
16:57:42     INFO - Checking for orphan ssltunnel processes...
16:57:42     INFO - Checking for orphan xpcshell processes...
16:57:43     INFO - SUITE-START | Running 203 tests
16:57:43     INFO - TEST-START | devtools/client/debugger/new/test/mochitest/browser_dbg-searching.js
16:57:43     INFO - TEST-SKIP | devtools/client/debugger/new/test/mochitest/browser_dbg-searching.js | took 1ms
16:57:43     INFO - TEST-START | devtools/client/inspector/markup/test/browser_markup_events-overflow.js
16:57:43     INFO - TEST-SKIP | devtools/client/inspector/markup/test/browser_markup_events-overflow.js | took 0ms
16:57:43     INFO - TEST-START | devtools/client/shadereditor/test/browser_se_bfcache.js
16:57:43     INFO - TEST-SKIP | devtools/client/shadereditor/test/browser_se_bfcache.js | took 0ms
16:57:43     INFO - TEST-START | devtools/server/tests/browser/browser_perf-profiler-02.js
16:57:43     INFO - TEST-SKIP | devtools/server/tests/browser/browser_perf-profiler-02.js | took 0ms
16:57:43     INFO - TEST-START | devtools/server/tests/browser/browser_perf-profiler-03.js
16:57:43     INFO - TEST-SKIP | devtools/server/tests/browser/browser_perf-profiler-03.js | took 1ms
16:57:43     INFO -  dir: devtools/client/debugger/new/test/mochitest
16:57:45     INFO -  ImportError: No module named pygtk
16:57:45     INFO -  Setting pipeline to PAUSED ...
16:57:45     INFO -  libv4l2: error getting pixformat: Invalid argument
16:57:45     INFO -  Pipeline is PREROLLING ...
16:57:46     INFO -  Pipeline is PREROLLED ...
16:57:46     INFO -  Setting pipeline to PLAYING ...
16:57:46     INFO -  New clock: GstSystemClock
16:57:46     INFO -  Got EOS from element "pipeline0".
16:57:46     INFO -  Execution ended after 32150887 ns.
16:57:46     INFO -  Setting pipeline to PAUSED ...
16:57:46     INFO -  Setting pipeline to READY ...
16:57:46     INFO -  Setting pipeline to NULL ...
16:57:46     INFO -  Freeing pipeline ...
16:57:46     INFO -  23
16:57:46     INFO -  mozprofile.addons WARNING | Could not install /builds/slave/test/build/tests/mochitest/extensions/mozscreenshots: [Errno 2] No such file or directory: '/builds/slave/test/build/tests/mochitest/extensions/mozscreenshots/install.rdf'
16:57:47     INFO -  pk12util: PKCS12 IMPORT SUCCESSFUL
16:57:47     INFO - MochitestServer : launching [u'/builds/slave/test/build/tests/bin/xpcshell', '-g', '/builds/slave/test/build/application/firefox', '-v', '170', '-f', '/builds/slave/test/build/tests/bin/components/httpd.js', '-e', "const _PROFILE_PATH = '/tmp/tmpuZ_RUo.mozrunner'; const _SERVER_PORT = '8888'; const _SERVER_ADDR = '127.0.0.1'; const _TEST_PREFIX = undefined; const _DISPLAY_RESULTS = false;", '-f', '/builds/slave/test/build/tests/mochitest/server.js']
16:57:47     INFO - runtests.py | Server pid: 2390
16:57:47     INFO - runtests.py | Websocket server pid: 2393
16:57:47     INFO - runtests.py | SSL tunnel pid: 2396
16:57:47     INFO - runtests.py | Running with e10s: False
16:57:47     INFO - runtests.py | Running tests: start.
16:57:47     INFO - 
16:57:47     INFO - Application command: /builds/slave/test/build/application/firefox/firefox -marionette -foreground -profile /tmp/tmpuZ_RUo.mozrunner
16:57:47     INFO - runtests.py | Application pid: 2418
16:57:47     INFO - TEST-INFO | started process Main app process
16:57:50     INFO - 1528502270772	Marionette	INFO	Listening on port 2828
16:57:54     INFO - *** Start BrowserChrome Test Results ***
16:57:54     INFO - checking window state
16:57:55     INFO - TEST-START | devtools/client/debugger/new/test/mochitest/browser_dbg-breaking-from-console.js
16:58:02     INFO - MEMORY STAT vsizeMaxContiguous not supported in this build configuration.
16:58:02     INFO - MEMORY STAT | vsize 2120MB | residentFast 328MB | heapAllocated 176MB
16:58:02     INFO - TEST-OK | devtools/client/debugger/new/test/mochitest/browser_dbg-breaking-from-console.js | took 7426ms
16:58:02     INFO - checking window state
16:58:02     INFO - TEST-START | devtools/client/debugger/new/test/mochitest/browser_dbg-breaking.js
16:58:11     INFO - MEMORY STAT | vsize 2149MB | residentFast 361MB | heapAllocated 193MB
16:58:11     INFO - TEST-OK | devtools/client/debugger/new/test/mochitest/browser_dbg-breaking.js | took 9350ms
16:58:12     INFO - checking window state
16:58:12     INFO - TEST-START | devtools/client/debugger/new/test/mochitest/browser_dbg-breakpoints-cond.js
16:58:19     INFO - MEMORY STAT | vsize 2230MB | residentFast 318MB | heapAllocated 161MB
16:58:19     INFO - TEST-OK | devtools/client/debugger/new/test/mochitest/browser_dbg-breakpoints-cond.js | took 7370ms
16:58:19     INFO - checking window state
16:58:19     INFO - TEST-START | devtools/client/debugger/new/test/mochitest/browser_dbg-breakpoints.js
16:58:32     INFO - MEMORY STAT | vsize 2242MB | residentFast 326MB | heapAllocated 172MB
16:58:32     INFO - TEST-OK | devtools/client/debugger/new/test/mochitest/browser_dbg-breakpoints.js | took 12636ms
16:58:32     INFO - checking window state
16:58:32     INFO - TEST-START | devtools/client/debugger/new/test/mochitest/browser_dbg-call-stack.js
16:58:44     INFO - MEMORY STAT | vsize 2249MB | residentFast 342MB | heapAllocated 175MB
16:58:44     INFO - TEST-OK | devtools/client/debugger/new/test/mochitest/browser_dbg-call-stack.js | took 12326ms
16:58:44     INFO - checking window state
16:58:44     INFO - TEST-START | devtools/client/debugger/new/test/mochitest/browser_dbg-chrome-create.js
16:58:45     INFO - MEMORY STAT | vsize 2249MB | residentFast 345MB | heapAllocated 178MB
16:58:45     INFO - TEST-OK | devtools/client/debugger/new/test/mochitest/browser_dbg-chrome-create.js | took 512ms
16:58:45     INFO - checking window state
16:58:45     INFO - TEST-START | devtools/client/debugger/new/test/mochitest/browser_dbg-chrome-debugging.js
16:58:46     INFO - JavaScript warning: resource://gre/modules/commonjs/toolkit/loader.js -> resource://devtools/shared/builtin-modules.js, line 155: DebuggeeWouldRun: debuggee `resource://gre/modules/commonjs/toolkit/loader.js:748' would run
16:58:47     INFO - MEMORY STAT | vsize 2250MB | residentFast 333MB | heapAllocated 168MB
16:58:47     INFO - TEST-OK | devtools/client/debugger/new/test/mochitest/browser_dbg-chrome-debugging.js | took 1780ms
16:58:47     INFO - checking window state
16:58:47     INFO - TEST-START | devtools/client/debugger/new/test/mochitest/browser_dbg-console.js
16:58:51     INFO - MEMORY STAT | vsize 2256MB | residentFast 370MB | heapAllocated 195MB
16:58:51     INFO - TEST-OK | devtools/client/debugger/new/test/mochitest/browser_dbg-console.js | took 3716ms
16:58:51     INFO - checking window state
16:58:51     INFO - TEST-START | devtools/client/debugger/new/test/mochitest/browser_dbg-debugger-buttons.js
16:59:01     INFO - MEMORY STAT | vsize 2270MB | residentFast 403MB | heapAllocated 213MB
16:59:01     INFO - TEST-OK | devtools/client/debugger/new/test/mochitest/browser_dbg-debugger-buttons.js | took 9752ms
16:59:01     INFO - checking window state
16:59:01     INFO - TEST-START | devtools/client/debugger/new/test/mochitest/browser_dbg-editor-gutter.js
16:59:09     INFO - MEMORY STAT | vsize 2273MB | residentFast 404MB | heapAllocated 209MB
16:59:09     INFO - TEST-OK | devtools/client/debugger/new/test/mochitest/browser_dbg-editor-gutter.js | took 7612ms
16:59:09     INFO - checking window state
16:59:09     INFO - TEST-START | devtools/client/debugger/new/test/mochitest/browser_dbg-editor-highlight.js
16:59:17     INFO - MEMORY STAT | vsize 2278MB | residentFast 352MB | heapAllocated 175MB
16:59:17     INFO - TEST-OK | devtools/client/debugger/new/test/mochitest/browser_dbg-editor-highlight.js | took 8566ms
16:59:17     INFO - checking window state
16:59:17     INFO - TEST-START | devtools/client/debugger/new/test/mochitest/browser_dbg-editor-mode.js
16:59:23     INFO - MEMORY STAT | vsize 2332MB | residentFast 375MB | heapAllocated 198MB
16:59:23     INFO - TEST-OK | devtools/client/debugger/new/test/mochitest/browser_dbg-editor-mode.js | took 5208ms
16:59:23     INFO - checking window state
16:59:23     INFO - TEST-START | devtools/client/debugger/new/test/mochitest/browser_dbg-editor-select.js
16:59:36     INFO - MEMORY STAT | vsize 2325MB | residentFast 360MB | heapAllocated 177MB
16:59:36     INFO - TEST-OK | devtools/client/debugger/new/test/mochitest/browser_dbg-editor-select.js | took 13222ms
16:59:36     INFO - checking window state
16:59:36     INFO - TEST-START | devtools/client/debugger/new/test/mochitest/browser_dbg-iframes.js
16:59:44     INFO - MEMORY STAT | vsize 2333MB | residentFast 378MB | heapAllocated 191MB
16:59:44     INFO - TEST-OK | devtools/client/debugger/new/test/mochitest/browser_dbg-iframes.js | took 8160ms
16:59:44     INFO - checking window state
16:59:45     INFO - TEST-START | devtools/client/debugger/new/test/mochitest/browser_dbg-navigation.js
16:59:56     INFO - MEMORY STAT | vsize 2341MB | residentFast 381MB | heapAllocated 185MB
16:59:56     INFO - TEST-OK | devtools/client/debugger/new/test/mochitest/browser_dbg-navigation.js | took 11834ms
16:59:56     INFO - checking window state
16:59:57     INFO - TEST-START | devtools/client/debugger/new/test/mochitest/browser_dbg-pause-exceptions.js
17:00:04     INFO - JavaScript error: resource://devtools/client/debugger/new/bundle.js, line 20871: TypeError: frame is undefined
17:00:06     INFO - MEMORY STAT | vsize 2346MB | residentFast 376MB | heapAllocated 185MB
17:00:06     INFO - TEST-OK | devtools/client/debugger/new/test/mochitest/browser_dbg-pause-exceptions.js | took 9140ms
17:00:06     INFO - checking window state
17:00:06     INFO - TEST-START | devtools/client/debugger/new/test/mochitest/browser_dbg-pretty-print-paused.js
17:00:13     INFO - MEMORY STAT | vsize 2354MB | residentFast 341MB | heapAllocated 167MB
17:00:13     INFO - TEST-OK | devtools/client/debugger/new/test/mochitest/browser_dbg-pretty-print-paused.js | took 7418ms
17:00:13     INFO - checking window state
17:00:13     INFO - TEST-START | devtools/client/debugger/new/test/mochitest/browser_dbg-pretty-print.js
17:00:22     INFO - MEMORY STAT | vsize 2360MB | residentFast 328MB | heapAllocated 158MB
17:00:22     INFO - TEST-OK | devtools/client/debugger/new/test/mochitest/browser_dbg-pretty-print.js | took 8880ms
17:00:22     INFO - checking window state
17:00:22     INFO - TEST-START | devtools/client/debugger/new/test/mochitest/browser_dbg-scopes.js
17:00:32     INFO - MEMORY STAT | vsize 2365MB | residentFast 388MB | heapAllocated 206MB
17:00:32     INFO - TEST-OK | devtools/client/debugger/new/test/mochitest/browser_dbg-scopes.js | took 10040ms
17:00:33     INFO - checking window state
17:00:33     INFO - TEST-START | devtools/client/debugger/new/test/mochitest/browser_dbg-sourcemaps-bogus.js
17:00:38     INFO - MEMORY STAT | vsize 2357MB | residentFast 362MB | heapAllocated 183MB
17:00:38     INFO - TEST-OK | devtools/client/debugger/new/test/mochitest/browser_dbg-sourcemaps-bogus.js | took 5530ms
17:00:38     INFO - checking window state
17:00:38     INFO - TEST-START | devtools/client/debugger/new/test/mochitest/browser_dbg-sourcemaps.js
17:00:50     INFO - MEMORY STAT | vsize 2363MB | residentFast 353MB | heapAllocated 178MB
17:00:50     INFO - TEST-OK | devtools/client/debugger/new/test/mochitest/browser_dbg-sourcemaps.js | took 11720ms
17:00:50     INFO - checking window state
17:00:50     INFO - TEST-START | devtools/client/debugger/new/test/mochitest/browser_dbg-sources.js
17:00:55     INFO - MEMORY STAT | vsize 2379MB | residentFast 372MB | heapAllocated 194MB
17:00:55     INFO - TEST-OK | devtools/client/debugger/new/test/mochitest/browser_dbg-sources.js | took 4944ms
17:00:55     INFO - checking window state
17:00:55     INFO - TEST-START | devtools/client/debugger/new/test/mochitest/browser_dbg_keyboard-shortcuts.js
17:01:05     INFO - MEMORY STAT | vsize 2379MB | residentFast 347MB | heapAllocated 170MB
17:01:05     INFO - TEST-OK | devtools/client/debugger/new/test/mochitest/browser_dbg_keyboard-shortcuts.js | took 9336ms
17:01:05     INFO - checking window state
17:01:09     INFO - Completed ShutdownLeaks collections in process 2418
17:01:09     INFO - TEST-START | Shutdown
17:01:09     INFO - Browser Chrome Test Summary
17:01:09     INFO - Passed:  234
17:01:09     INFO - Failed:  0
17:01:09     INFO - Todo:    0
17:01:09     INFO - Mode:    non-e10s
17:01:09     INFO - *** End BrowserChrome Test Results ***
17:01:11     INFO - TEST-INFO | Main app process: exit 0
17:01:11     INFO - runtests.py | Application ran for: 0:03:23.866191
17:01:11     INFO - zombiecheck | Reading PID log: /tmp/tmpXLCM8apidlog
17:01:11     INFO - ==> process 2418 launched child process 2439
17:01:11     INFO - zombiecheck | Checking for orphan process with PID: 2439
17:01:11     INFO - Stopping web server
17:01:11     INFO - Stopping web socket server
17:01:11     INFO - Stopping ssltunnel
17:01:11  WARNING - leakcheck | refcount logging is off, so leaks can't be detected!
17:01:11     INFO - runtests.py | Running tests: end.
17:01:11     INFO - Buffered messages finished
17:01:11     INFO -  dir: devtools/client/inspector/markup/test
17:01:11     INFO -  Setting pipeline to PAUSED ...
17:01:11     INFO -  Pipeline is PREROLLING ...
17:01:11     INFO -  Pipeline is PREROLLED ...
17:01:11     INFO -  Setting pipeline to PLAYING ...
17:01:11     INFO -  New clock: GstSystemClock
17:01:11     INFO -  Got EOS from element "pipeline0".
17:01:11     INFO -  Execution ended after 32503022 ns.
17:01:11     INFO -  Setting pipeline to PAUSED ...
17:01:11     INFO -  Setting pipeline to READY ...
17:01:11     INFO -  Setting pipeline to NULL ...
17:01:11     INFO -  Freeing pipeline ...
17:01:11     INFO -  mozprofile.addons WARNING | Could not install /builds/slave/test/build/tests/mochitest/extensions/mozscreenshots: [Errno 2] No such file or directory: '/builds/slave/test/build/tests/mochitest/extensions/mozscreenshots/install.rdf'
17:01:12     INFO -  pk12util: PKCS12 IMPORT SUCCESSFUL
17:01:12     INFO - MochitestServer : launching [u'/builds/slave/test/build/tests/bin/xpcshell', '-g', '/builds/slave/test/build/application/firefox', '-v', '170', '-f', '/builds/slave/test/build/tests/bin/components/httpd.js', '-e', "const _PROFILE_PATH = '/tmp/tmpqtqvN1.mozrunner'; const _SERVER_PORT = '8888'; const _SERVER_ADDR = '127.0.0.1'; const _TEST_PREFIX = undefined; const _DISPLAY_RESULTS = false;", '-f', '/builds/slave/test/build/tests/mochitest/server.js']
17:01:12     INFO - runtests.py | Server pid: 2532
17:01:12     INFO - runtests.py | Websocket server pid: 2535
17:01:12     INFO - runtests.py | SSL tunnel pid: 2538
17:01:12     INFO - runtests.py | Running with e10s: False
17:01:12     INFO - runtests.py | Running tests: start.
17:01:12     INFO - 
17:01:12     INFO - Application command: /builds/slave/test/build/application/firefox/firefox -marionette -foreground -profile /tmp/tmpqtqvN1.mozrunner
17:01:12     INFO - runtests.py | Application pid: 2560
17:01:12     INFO - TEST-INFO | started process Main app process
17:01:15     INFO - 1528502475992	Marionette	INFO	Listening on port 2828
17:01:20     INFO - *** Start BrowserChrome Test Results ***
17:01:20     INFO - checking window state
17:01:20     INFO - TEST-START | devtools/client/inspector/markup/test/browser_markup_accessibility_focus_blur.js
17:01:20     INFO - Entering test bound 
17:01:20     INFO - Adding a new tab with URL: data:text/html;charset=utf-8,<h1>foo</h1><span>bar</span>
17:01:20     INFO - Tab added and finished loading
17:01:20     INFO - Opening the inspector
17:01:20     INFO - Opening the toolbox
17:01:24     INFO - Console message: [JavaScript Warning: "Expected declaration but found *.  Skipped to next declaration." {file: "chrome://devtools/content/sourceeditor/codemirror/lib/codemirror.css" line: 210 column: 2 source: "  *zoom:1;"}]
17:01:24     INFO - Console message: [JavaScript Warning: "Expected declaration but found *.  Skipped to next declaration." {file: "chrome://devtools/content/sourceeditor/codemirror/lib/codemirror.css" line: 211 column: 2 source: "  *display:inline;"}]
17:01:24     INFO - Console message: [JavaScript Warning: "Unknown property user-select.  Declaration dropped." {file: "chrome://devtools/content/sourceeditor/codemirror/lib/codemirror.css" line: 232 column: 13 source: "  user-select: none;"}]
17:01:24     INFO - Console message: [JavaScript Warning: "Unknown property -moz-border-radius.  Declaration dropped." {file: "chrome://devtools/content/sourceeditor/codemirror/lib/codemirror.css" line: 241 column: 20 source: "  -moz-border-radius: 0; -webkit-border-radius: 0; border-radius: 0;"}]
17:01:24     INFO - Console message: [JavaScript Warning: "Unknown pseudo-class or pseudo-element selection.  Ruleset ignored due to bad selector." {file: "chrome://devtools/content/sourceeditor/codemirror/lib/codemirror.css" line: 322 column: 18 source: ".CodeMirror-line::selection, .CodeMirror-line > span::selection, .CodeMirror-line > span > span::selection { background: #d7d4f0; }"}]
17:01:24     INFO - Console message: [JavaScript Warning: "Expected declaration but found *.  Skipped to next declaration." {file: "chrome://devtools/content/sourceeditor/codemirror/lib/codemirror.css" line: 331 column: 19 source: ".CodeMirror span { *vertical-align: text-bottom; }"}]
17:01:25     INFO - Toolbox opened and focused
17:01:25     INFO - Waiting for actor features to be detected
17:01:25     INFO - Getting the markup-container for node span
17:01:25     INFO - Found markup-container [MarkupContainer for [Front for domnode/server1.conn0.child1/domnode37]]
17:01:25     INFO - TEST-PASS | devtools/client/inspector/markup/test/browser_markup_accessibility_focus_blur.js | Keyboard focus by default is on document body - 
17:01:25     INFO - Selecting the node for 'span'
17:01:25     INFO - TEST-PASS | devtools/client/inspector/markup/test/browser_markup_accessibility_focus_blur.js | Keyboard focus is still on document body - 
17:01:25     INFO - Focusing on the test span node using 'Return' key
17:01:25     INFO - TEST-PASS | devtools/client/inspector/markup/test/browser_markup_accessibility_focus_blur.js | Keyboard focus should be on tag element of focused container - 
17:01:25     INFO - Focusing on search box, external to markup view document
17:01:25     INFO - Focusing search box
17:01:25     INFO - Waiting for event: 'focus' on [object HTMLInputElement].
17:01:25     INFO - Synthesizing key shortcut: CmdOrCtrl+F
17:01:25     INFO - Got event: 'focus' on [object HTMLInputElement].
17:01:25     INFO - TEST-PASS | devtools/client/inspector/markup/test/browser_markup_accessibility_focus_blur.js | Keyboard focus should be removed from focused container - 
17:01:25     INFO - Selecting the test span node again
17:01:25     INFO - Selecting the node for 'span'
17:01:25     INFO - Console message: [JavaScript Warning: "Key event not available on some keyboard layouts: key=r modifiers=accel,alt id=toggleReaderMode" {file: "chrome://mochikit/content/tests/SimpleTest/EventUtils.js" line: 776}]
17:01:25     INFO - Console message: [JavaScript Warning: "Key event not available on some keyboard layouts: key=i modifiers=accel,alt,shift id=key_browserToolbox" {file: "chrome://mochikit/content/tests/SimpleTest/EventUtils.js" line: 776}]
17:01:26     INFO - TEST-PASS | devtools/client/inspector/markup/test/browser_markup_accessibility_focus_blur.js | Keyboard focus should again be on document body - 
17:01:26     INFO - Focusing on the test span node using 'Space' key
17:01:26     INFO - TEST-PASS | devtools/client/inspector/markup/test/browser_markup_accessibility_focus_blur.js | Keyboard focus should again be on tag element of focused container - 
17:01:26     INFO - Showing the contextual menu on node h1
17:01:26     INFO - Waiting for event: 'popupshown' on [object XULElement].
17:01:26     INFO - Got event: 'popupshown' on [object XULElement].
17:01:26     INFO - Triggering the inspect action
17:01:27     INFO - Hiding the menu
17:01:27     INFO - Waiting for event: 'popuphidden' on [object XULElement].
17:01:27     INFO - Got event: 'popuphidden' on [object XULElement].
17:01:27     INFO - TEST-PASS | devtools/client/inspector/markup/test/browser_markup_accessibility_focus_blur.js | When inspect menu item is used keyboard focus should move to tree. - 
17:01:27     INFO - Leaving test bound 
17:01:27     INFO - Removing tab.
17:01:27     INFO - Waiting for event: 'TabClose' on [object XULElement].
17:01:27     INFO - Got event: 'TabClose' on [object XULElement].
17:01:27     INFO - Tab removed and finished closing
17:01:27     INFO - MEMORY STAT vsizeMaxContiguous not supported in this build configuration.
17:01:27     INFO - MEMORY STAT | vsize 2190MB | residentFast 307MB | heapAllocated 160MB
17:01:27     INFO - TEST-OK | devtools/client/inspector/markup/test/browser_markup_accessibility_focus_blur.js | took 7514ms
17:01:28     INFO - checking window state
17:01:28     INFO - TEST-START | devtools/client/inspector/markup/test/browser_markup_accessibility_navigation.js
17:01:28     INFO - Entering test bound 
17:01:28     INFO - Adding a new tab with URL: data:text/html;charset=utf-8,
17:01:28     INFO -     <h1 id="some-id" class="some-class">foo<span>Child span<span></h1>
17:01:28     INFO - Tab added and finished loading
17:01:28     INFO - Opening the inspector
17:01:28     INFO - Opening the toolbox
17:01:30     INFO - Toolbox opened and focused
17:01:30     INFO - Waiting for actor features to be detected
17:01:30     INFO - Getting the markup-container for node h1
17:01:30     INFO - Found markup-container [MarkupContainer for [Front for domnode/server1.conn1.child1/domnode37]]
17:01:30     INFO - Getting the markup-container for node body
17:01:30     INFO - Found markup-container [MarkupContainer for [Front for domnode/server1.conn1.child1/domnode34]]
17:01:30     INFO - TEST-PASS | devtools/client/inspector/markup/test/browser_markup_accessibility_navigation.js | Keyboard focus should be set to [object HTMLBodyElement] - 
17:01:30     INFO - TEST-PASS | devtools/client/inspector/markup/test/browser_markup_accessibility_navigation.js | Active descendant should be set to treeitem-5 - 
17:01:30     INFO - Collapse body container
17:01:30     INFO - TEST-PASS | devtools/client/inspector/markup/test/browser_markup_accessibility_navigation.js | Keyboard focus should be set to [object HTMLUListElement] - 
17:01:30     INFO - TEST-PASS | devtools/client/inspector/markup/test/browser_markup_accessibility_navigation.js | Active descendant should be set to treeitem-5 - 
17:01:30     INFO - Expand body container
17:01:30     INFO - TEST-PASS | devtools/client/inspector/markup/test/browser_markup_accessibility_navigation.js | Keyboard focus should be set to [object HTMLUListElement] - 
17:01:30     INFO - TEST-PASS | devtools/client/inspector/markup/test/browser_markup_accessibility_navigation.js | Active descendant should be set to treeitem-5 - 
17:01:30     INFO - Select header container
17:01:31     INFO - TEST-PASS | devtools/client/inspector/markup/test/browser_markup_accessibility_navigation.js | Keyboard focus should be set to [object HTMLUListElement] - 
17:01:31     INFO - TEST-PASS | devtools/client/inspector/markup/test/browser_markup_accessibility_navigation.js | Active descendant should be set to treeitem-8 - 
17:01:31     INFO - Expand header container
17:01:31     INFO - TEST-PASS | devtools/client/inspector/markup/test/browser_markup_accessibility_navigation.js | Keyboard focus should be set to [object HTMLUListElement] - 
17:01:31     INFO - TEST-PASS | devtools/client/inspector/markup/test/browser_markup_accessibility_navigation.js | Active descendant should be set to treeitem-8 - 
17:01:31     INFO - Select text container
17:01:32     INFO - TEST-PASS | devtools/client/inspector/markup/test/browser_markup_accessibility_navigation.js | Keyboard focus should be set to [object HTMLUListElement] - 
17:01:32     INFO - TEST-PASS | devtools/client/inspector/markup/test/browser_markup_accessibility_navigation.js | Active descendant should be set to treeitem-9 - 
17:01:32     INFO - Select header container again
17:01:33     INFO - TEST-PASS | devtools/client/inspector/markup/test/browser_markup_accessibility_navigation.js | Keyboard focus should be set to [object HTMLUListElement] - 
17:01:33     INFO - TEST-PASS | devtools/client/inspector/markup/test/browser_markup_accessibility_navigation.js | Active descendant should be set to treeitem-8 - 
17:01:33     INFO - Collapse header container
17:01:33     INFO - TEST-PASS | devtools/client/inspector/markup/test/browser_markup_accessibility_navigation.js | Keyboard focus should be set to [object HTMLUListElement] - 
17:01:33     INFO - TEST-PASS | devtools/client/inspector/markup/test/browser_markup_accessibility_navigation.js | Active descendant should be set to treeitem-8 - 
17:01:33     INFO - Focus on header container tag
17:01:33     INFO - TEST-PASS | devtools/client/inspector/markup/test/browser_markup_accessibility_navigation.js | Keyboard focus should be set to [object HTMLSpanElement] - 
17:01:33     INFO - TEST-PASS | devtools/client/inspector/markup/test/browser_markup_accessibility_navigation.js | Active descendant should be set to treeitem-8 - 
17:01:33     INFO - Remove focus from header container tag
17:01:33     INFO - TEST-PASS | devtools/client/inspector/markup/test/browser_markup_accessibility_navigation.js | Keyboard focus should be set to [object HTMLUListElement] - 
17:01:33     INFO - TEST-PASS | devtools/client/inspector/markup/test/browser_markup_accessibility_navigation.js | Active descendant should be set to treeitem-8 - 
17:01:33     INFO - Focus on header container tag again
17:01:33     INFO - TEST-PASS | devtools/client/inspector/markup/test/browser_markup_accessibility_navigation.js | Keyboard focus should be set to [object HTMLSpanElement] - 
17:01:33     INFO - TEST-PASS | devtools/client/inspector/markup/test/browser_markup_accessibility_navigation.js | Active descendant should be set to treeitem-8 - 
17:01:33     INFO - Focus on header id attribute
17:01:33     INFO - TEST-PASS | devtools/client/inspector/markup/test/browser_markup_accessibility_navigation.js | Keyboard focus should be set to [object HTMLSpanElement] - 
17:01:33     INFO - TEST-PASS | devtools/client/inspector/markup/test/browser_markup_accessibility_navigation.js | Active descendant should be set to treeitem-8 - 
17:01:33     INFO - Focus on header class attribute
17:01:33     INFO - TEST-PASS | devtools/client/inspector/markup/test/browser_markup_accessibility_navigation.js | Keyboard focus should be set to [object HTMLSpanElement] - 
17:01:33     INFO - TEST-PASS | devtools/client/inspector/markup/test/browser_markup_accessibility_navigation.js | Active descendant should be set to treeitem-8 - 
17:01:33     INFO - Focus on header new attribute
17:01:33     INFO - TEST-PASS | devtools/client/inspector/markup/test/browser_markup_accessibility_navigation.js | Keyboard focus should be set to [object HTMLSpanElement] - 
17:01:33     INFO - TEST-PASS | devtools/client/inspector/markup/test/browser_markup_accessibility_navigation.js | Active descendant should be set to treeitem-8 - 
17:01:33     INFO - Circle back and focus on header tag again
17:01:33     INFO - TEST-PASS | devtools/client/inspector/markup/test/browser_markup_accessibility_navigation.js | Keyboard focus should be set to [object HTMLSpanElement] - 
17:01:33     INFO - TEST-PASS | devtools/client/inspector/markup/test/browser_markup_accessibility_navigation.js | Active descendant should be set to treeitem-8 - 
17:01:33     INFO - Circle back and focus on header new attribute again
17:01:33     INFO - TEST-PASS | devtools/client/inspector/markup/test/browser_markup_accessibility_navigation.js | Keyboard focus should be set to [object HTMLSpanElement] - 
17:01:33     INFO - TEST-PASS | devtools/client/inspector/markup/test/browser_markup_accessibility_navigation.js | Active descendant should be set to treeitem-8 - 
17:01:33     INFO - Tab back and focus on header class attribute
17:01:33     INFO - TEST-PASS | devtools/client/inspector/markup/test/browser_markup_accessibility_navigation.js | Keyboard focus should be set to [object HTMLSpanElement] - 
17:01:33     INFO - TEST-PASS | devtools/client/inspector/markup/test/browser_markup_accessibility_navigation.js | Active descendant should be set to treeitem-8 - 
17:01:33     INFO - Tab back and focus on header id attribute
17:01:33     INFO - TEST-PASS | devtools/client/inspector/markup/test/browser_markup_accessibility_navigation.js | Keyboard focus should be set to [object HTMLSpanElement] - 
17:01:33     INFO - TEST-PASS | devtools/client/inspector/markup/test/browser_markup_accessibility_navigation.js | Active descendant should be set to treeitem-8 - 
17:01:33     INFO - Tab back and focus on header tag
17:01:33     INFO - TEST-PASS | devtools/client/inspector/markup/test/browser_markup_accessibility_navigation.js | Keyboard focus should be set to [object HTMLSpanElement] - 
17:01:33     INFO - TEST-PASS | devtools/client/inspector/markup/test/browser_markup_accessibility_navigation.js | Active descendant should be set to treeitem-8 - 
17:01:33     INFO - Expand header container, ensure that focus is still on header tag
17:01:33     INFO - TEST-PASS | devtools/client/inspector/markup/test/browser_markup_accessibility_navigation.js | Keyboard focus should be set to [object HTMLSpanElement] - 
17:01:33     INFO - TEST-PASS | devtools/client/inspector/markup/test/browser_markup_accessibility_navigation.js | Active descendant should be set to treeitem-8 - 
17:01:33     INFO - Activate header tag editor
17:01:33     INFO - TEST-PASS | devtools/client/inspector/markup/test/browser_markup_accessibility_navigation.js | Keyboard focus should be set to [object HTMLTextAreaElement] - 
17:01:33     INFO - TEST-PASS | devtools/client/inspector/markup/test/browser_markup_accessibility_navigation.js | Active descendant should be set to treeitem-8 - 
17:01:33     INFO - Activate header id attribute editor
17:01:33     INFO - TEST-PASS | devtools/client/inspector/markup/test/browser_markup_accessibility_navigation.js | Keyboard focus should be set to [object HTMLTextAreaElement] - 
17:01:33     INFO - TEST-PASS | devtools/client/inspector/markup/test/browser_markup_accessibility_navigation.js | Active descendant should be set to treeitem-8 - 
17:01:33     INFO - Deselect text in header id attribute editor
17:01:33     INFO - TEST-PASS | devtools/client/inspector/markup/test/browser_markup_accessibility_navigation.js | Keyboard focus should be set to [object HTMLTextAreaElement] - 
17:01:33     INFO - TEST-PASS | devtools/client/inspector/markup/test/browser_markup_accessibility_navigation.js | Active descendant should be set to treeitem-8 - 
17:01:33     INFO - Activate header class attribute editor
17:01:33     INFO - TEST-PASS | devtools/client/inspector/markup/test/browser_markup_accessibility_navigation.js | Keyboard focus should be set to [object HTMLTextAreaElement] - 
17:01:33     INFO - TEST-PASS | devtools/client/inspector/markup/test/browser_markup_accessibility_navigation.js | Active descendant should be set to treeitem-8 - 
17:01:33     INFO - Deselect text in header class attribute editor
17:01:33     INFO - TEST-PASS | devtools/client/inspector/markup/test/browser_markup_accessibility_navigation.js | Keyboard focus should be set to [object HTMLTextAreaElement] - 
17:01:33     INFO - TEST-PASS | devtools/client/inspector/markup/test/browser_markup_accessibility_navigation.js | Active descendant should be set to treeitem-8 - 
17:01:33     INFO - Activate header new attribute editor
17:01:33     INFO - TEST-PASS | devtools/client/inspector/markup/test/browser_markup_accessibility_navigation.js | Keyboard focus should be set to [object HTMLTextAreaElement] - 
17:01:33     INFO - TEST-PASS | devtools/client/inspector/markup/test/browser_markup_accessibility_navigation.js | Active descendant should be set to treeitem-8 - 
17:01:33     INFO - Circle back and activate header tag editor again
17:01:33     INFO - TEST-PASS | devtools/client/inspector/markup/test/browser_markup_accessibility_navigation.js | Keyboard focus should be set to [object HTMLTextAreaElement] - 
17:01:33     INFO - TEST-PASS | devtools/client/inspector/markup/test/browser_markup_accessibility_navigation.js | Active descendant should be set to treeitem-8 - 
17:01:33     INFO - Circle back and activate header new attribute editor again
17:01:33     INFO - TEST-PASS | devtools/client/inspector/markup/test/browser_markup_accessibility_navigation.js | Keyboard focus should be set to [object HTMLTextAreaElement] - 
17:01:33     INFO - TEST-PASS | devtools/client/inspector/markup/test/browser_markup_accessibility_navigation.js | Active descendant should be set to treeitem-8 - 
17:01:33     INFO - Exit edit mode and keep focus on header new attribute
17:01:33     INFO - TEST-PASS | devtools/client/inspector/markup/test/browser_markup_accessibility_navigation.js | Keyboard focus should be set to [object HTMLSpanElement] - 
17:01:33     INFO - TEST-PASS | devtools/client/inspector/markup/test/browser_markup_accessibility_navigation.js | Active descendant should be set to treeitem-8 - 
17:01:33     INFO - Move the selection to body and reset focus to container tree
17:01:34     INFO - TEST-PASS | devtools/client/inspector/markup/test/browser_markup_accessibility_navigation.js | Keyboard focus should be set to [object HTMLBodyElement] - 
17:01:34     INFO - TEST-PASS | devtools/client/inspector/markup/test/browser_markup_accessibility_navigation.js | Active descendant should be set to treeitem-5 - 
17:01:34     INFO - Leaving test bound 
17:01:35     INFO - Removing tab.
17:01:35     INFO - Waiting for event: 'TabClose' on [object XULElement].
17:01:35     INFO - Got event: 'TabClose' on [object XULElement].
17:01:35     INFO - Tab removed and finished closing
17:01:35     INFO - MEMORY STAT | vsize 2201MB | residentFast 323MB | heapAllocated 163MB
17:01:35     INFO - TEST-OK | devtools/client/inspector/markup/test/browser_markup_accessibility_navigation.js | took 7060ms
17:01:35     INFO - checking window state
17:01:35     INFO - TEST-START | devtools/client/inspector/markup/test/browser_markup_accessibility_navigation_after_edit.js
17:01:35     INFO - Entering test bound 
17:01:35     INFO - Adding a new tab with URL: data:text/html;charset=utf-8,<div id="some-id" class="some-class"></div>
17:01:35     INFO - Tab added and finished loading
17:01:35     INFO - Opening the inspector
17:01:35     INFO - Opening the toolbox
17:01:37     INFO - Toolbox opened and focused
17:01:37     INFO - Waiting for actor features to be detected
17:01:37     INFO - Getting the markup-container for node div
17:01:37     INFO - Found markup-container [MarkupContainer for [Front for domnode/server1.conn2.child1/domnode37]]
17:01:37     INFO - Getting the markup-container for node body
17:01:37     INFO - Found markup-container [MarkupContainer for [Front for domnode/server1.conn2.child1/domnode34]]
17:01:37     INFO - TEST-PASS | devtools/client/inspector/markup/test/browser_markup_accessibility_navigation_after_edit.js | Keyboard focus should be set to [object HTMLBodyElement] - 
17:01:37     INFO - TEST-PASS | devtools/client/inspector/markup/test/browser_markup_accessibility_navigation_after_edit.js | Active descendant should be set to treeitem-11 - 
17:01:37     INFO - Select header container
17:01:39     INFO - TEST-PASS | devtools/client/inspector/markup/test/browser_markup_accessibility_navigation_after_edit.js | Keyboard focus should be set to [object HTMLUListElement] - 
17:01:39     INFO - TEST-PASS | devtools/client/inspector/markup/test/browser_markup_accessibility_navigation_after_edit.js | Active descendant should be set to treeitem-14 - 
17:01:39     INFO - Focus on header tag
17:01:39     INFO - TEST-PASS | devtools/client/inspector/markup/test/browser_markup_accessibility_navigation_after_edit.js | Keyboard focus should be set to [object HTMLSpanElement] - 
17:01:39     INFO - TEST-PASS | devtools/client/inspector/markup/test/browser_markup_accessibility_navigation_after_edit.js | Active descendant should be set to treeitem-14 - 
17:01:39     INFO - Activate header tag editor
17:01:39     INFO - TEST-PASS | devtools/client/inspector/markup/test/browser_markup_accessibility_navigation_after_edit.js | Keyboard focus should be set to [object HTMLTextAreaElement] - 
17:01:39     INFO - TEST-PASS | devtools/client/inspector/markup/test/browser_markup_accessibility_navigation_after_edit.js | Active descendant should be set to treeitem-14 - 
17:01:39     INFO - Activate header id attribute editor
17:01:39     INFO - TEST-PASS | devtools/client/inspector/markup/test/browser_markup_accessibility_navigation_after_edit.js | Keyboard focus should be set to [object HTMLTextAreaElement] - 
17:01:39     INFO - TEST-PASS | devtools/client/inspector/markup/test/browser_markup_accessibility_navigation_after_edit.js | Active descendant should be set to treeitem-14 - 
17:01:39     INFO - Deselect text in header id attribute editor
17:01:39     INFO - TEST-PASS | devtools/client/inspector/markup/test/browser_markup_accessibility_navigation_after_edit.js | Keyboard focus should be set to [object HTMLTextAreaElement] - 
17:01:39     INFO - TEST-PASS | devtools/client/inspector/markup/test/browser_markup_accessibility_navigation_after_edit.js | Active descendant should be set to treeitem-14 - 
17:01:39     INFO - Move the cursor to the left
17:01:39     INFO - TEST-PASS | devtools/client/inspector/markup/test/browser_markup_accessibility_navigation_after_edit.js | Keyboard focus should be set to [object HTMLTextAreaElement] - 
17:01:39     INFO - TEST-PASS | devtools/client/inspector/markup/test/browser_markup_accessibility_navigation_after_edit.js | Active descendant should be set to treeitem-14 - 
17:01:39     INFO - Modify the attribute
17:01:39     INFO - TEST-PASS | devtools/client/inspector/markup/test/browser_markup_accessibility_navigation_after_edit.js | Keyboard focus should be set to [object HTMLTextAreaElement] - 
17:01:39     INFO - TEST-PASS | devtools/client/inspector/markup/test/browser_markup_accessibility_navigation_after_edit.js | Active descendant should be set to treeitem-14 - 
17:01:39     INFO - Commit the attribute change
17:01:39     INFO - TEST-PASS | devtools/client/inspector/markup/test/browser_markup_accessibility_navigation_after_edit.js | Keyboard focus should be set to [object HTMLSpanElement] - 
17:01:39     INFO - TEST-PASS | devtools/client/inspector/markup/test/browser_markup_accessibility_navigation_after_edit.js | Active descendant should be set to treeitem-14 - 
17:01:39     INFO - Tab and focus on header class attribute
17:01:39     INFO - TEST-PASS | devtools/client/inspector/markup/test/browser_markup_accessibility_navigation_after_edit.js | Keyboard focus should be set to [object HTMLSpanElement] - 
17:01:39     INFO - TEST-PASS | devtools/client/inspector/markup/test/browser_markup_accessibility_navigation_after_edit.js | Active descendant should be set to treeitem-14 - 
17:01:39     INFO - Tab and focus on header new attribute node
17:01:39     INFO - TEST-PASS | devtools/client/inspector/markup/test/browser_markup_accessibility_navigation_after_edit.js | Keyboard focus should be set to [object HTMLSpanElement] - 
17:01:39     INFO - TEST-PASS | devtools/client/inspector/markup/test/browser_markup_accessibility_navigation_after_edit.js | Active descendant should be set to treeitem-14 - 
17:01:39     INFO - Leaving test bound 
17:01:39     INFO - Removing tab.
17:01:39     INFO - Waiting for event: 'TabClose' on [object XULElement].
17:01:39     INFO - Got event: 'TabClose' on [object XULElement].
17:01:39     INFO - Tab removed and finished closing
17:01:39     INFO - MEMORY STAT | vsize 2194MB | residentFast 308MB | heapAllocated 155MB
17:01:39     INFO - TEST-OK | devtools/client/inspector/markup/test/browser_markup_accessibility_navigation_after_edit.js | took 4270ms
17:01:39     INFO - checking window state
17:01:39     INFO - TEST-START | devtools/client/inspector/markup/test/browser_markup_accessibility_semantics.js
17:01:39     INFO - Entering test bound 
17:01:39     INFO - Adding a new tab with URL: 
17:01:39     INFO -     data:text/html;charset=utf-8,
17:01:39     INFO -     <h1>foo</h1>
17:01:39     INFO -     <span>bar</span>
17:01:39     INFO -     <ul>
17:01:39     INFO -       <li></li>
17:01:39     INFO -     </ul>
17:01:39     INFO - Tab added and finished loading
17:01:39     INFO - Opening the inspector
17:01:39     INFO - Opening the toolbox
17:01:42     INFO - Toolbox opened and focused
17:01:42     INFO - Waiting for actor features to be detected
17:01:42     INFO - Getting the markup-container for node body
17:01:42     INFO - Found markup-container [MarkupContainer for [Front for domnode/server1.conn3.child1/domnode34]]
17:01:42     INFO - Getting the markup-container for node span
17:01:42     INFO - Found markup-container [MarkupContainer for [Front for domnode/server1.conn3.child1/domnode38]]
17:01:42     INFO - Getting the markup-container for node h1
17:01:42     INFO - Found markup-container [MarkupContainer for [Front for domnode/server1.conn3.child1/domnode37]]
17:01:42     INFO - Getting the markup-container for node ul
17:01:42     INFO - Found markup-container [MarkupContainer for [Front for domnode/server1.conn3.child1/domnode39]]
17:01:42     INFO - TEST-PASS | devtools/client/inspector/markup/test/browser_markup_accessibility_semantics.js | Root container should have tree semantics - 
17:01:42     INFO - TEST-PASS | devtools/client/inspector/markup/test/browser_markup_accessibility_semantics.js | By default root container's drop effect should be set to none - 
17:01:42     INFO - TEST-PASS | devtools/client/inspector/markup/test/browser_markup_accessibility_semantics.js | Default active descendant should be set to body - 
17:01:42     INFO - TEST-PASS | devtools/client/inspector/markup/test/browser_markup_accessibility_semantics.js | Body container tagLine should have nested level up to date - 
17:01:42     INFO - TEST-PASS | devtools/client/inspector/markup/test/browser_markup_accessibility_semantics.js | Child container tagLine elements should have tree item semantics - 
17:01:42     INFO - TEST-PASS | devtools/client/inspector/markup/test/browser_markup_accessibility_semantics.js | Child container tagLine should have nested level up to date - 
17:01:42     INFO - TEST-PASS | devtools/client/inspector/markup/test/browser_markup_accessibility_semantics.js | Child container should be draggable but not grabbed by default - 
17:01:42     INFO - TEST-PASS | devtools/client/inspector/markup/test/browser_markup_accessibility_semantics.js | Container with children should have its children element have group semantics - 
17:01:42     INFO - TEST-PASS | devtools/client/inspector/markup/test/browser_markup_accessibility_semantics.js | Tree item should have id assigned - 
17:01:42     INFO - TEST-PASS | devtools/client/inspector/markup/test/browser_markup_accessibility_semantics.js | Ignore expander - 
17:01:42     INFO - TEST-PASS | devtools/client/inspector/markup/test/browser_markup_accessibility_semantics.js | Child container tagLine elements should have tree item semantics - 
17:01:42     INFO - TEST-PASS | devtools/client/inspector/markup/test/browser_markup_accessibility_semantics.js | Child container tagLine should have nested level up to date - 
17:01:42     INFO - TEST-PASS | devtools/client/inspector/markup/test/browser_markup_accessibility_semantics.js | Child container should be draggable but not grabbed by default - 
17:01:42     INFO - TEST-PASS | devtools/client/inspector/markup/test/browser_markup_accessibility_semantics.js | Container with children should have its children element have group semantics - 
17:01:42     INFO - TEST-PASS | devtools/client/inspector/markup/test/browser_markup_accessibility_semantics.js | Tree item should have id assigned - 
17:01:42     INFO - TEST-PASS | devtools/client/inspector/markup/test/browser_markup_accessibility_semantics.js | Ignore expander - 
17:01:42     INFO - TEST-PASS | devtools/client/inspector/markup/test/browser_markup_accessibility_semantics.js | Child container tagLine elements should have tree item semantics - 
17:01:42     INFO - TEST-PASS | devtools/client/inspector/markup/test/browser_markup_accessibility_semantics.js | Child container tagLine should have nested level up to date - 
17:01:42     INFO - TEST-PASS | devtools/client/inspector/markup/test/browser_markup_accessibility_semantics.js | Child container should be draggable but not grabbed by default - 
17:01:42     INFO - TEST-PASS | devtools/client/inspector/markup/test/browser_markup_accessibility_semantics.js | Container with children should have its children element have group semantics - 
17:01:42     INFO - TEST-PASS | devtools/client/inspector/markup/test/browser_markup_accessibility_semantics.js | Tree item should have id assigned - 
17:01:42     INFO - TEST-PASS | devtools/client/inspector/markup/test/browser_markup_accessibility_semantics.js | Ignore expander - 
17:01:42     INFO - TEST-PASS | devtools/client/inspector/markup/test/browser_markup_accessibility_semantics.js | Non expandable tree items should not have aria-expanded attribute - 
17:01:42     INFO - TEST-PASS | devtools/client/inspector/markup/test/browser_markup_accessibility_semantics.js | Non expandable tree items should not have aria-expanded attribute - 
17:01:42     INFO - TEST-PASS | devtools/client/inspector/markup/test/browser_markup_accessibility_semantics.js | Closed tree item should have aria-expanded unset - 
17:01:42     INFO - Selecting and expanding list container
17:01:42     INFO - Selecting the node for 'ul'
17:01:42     INFO - Waiting for queued children updates to be handled
17:01:42     INFO - TEST-PASS | devtools/client/inspector/markup/test/browser_markup_accessibility_semantics.js | Active descendant should not be set to list container tagLine - 
17:01:42     INFO - TEST-PASS | devtools/client/inspector/markup/test/browser_markup_accessibility_semantics.js | Open tree item should have aria-expanded set - 
17:01:42     INFO - Getting the markup-container for node li
17:01:42     INFO - Found markup-container [MarkupContainer for [Front for domnode/server1.conn3.child1/domnode45]]
17:01:42     INFO - TEST-PASS | devtools/client/inspector/markup/test/browser_markup_accessibility_semantics.js | Grand child container tagLine should have nested level up to date - 
17:01:42     INFO - TEST-PASS | devtools/client/inspector/markup/test/browser_markup_accessibility_semantics.js | Container with no children should have its children element ignored by accessibility - 
17:01:42     INFO - Collapsing list container
17:01:42     INFO - TEST-PASS | devtools/client/inspector/markup/test/browser_markup_accessibility_semantics.js | Closed tree item should have aria-expanded unset - 
17:01:42     INFO - Leaving test bound 
17:01:42     INFO - Removing tab.
17:01:42     INFO - Waiting for event: 'TabClose' on [object XULElement].
17:01:42     INFO - Got event: 'TabClose' on [object XULElement].
17:01:42     INFO - Tab removed and finished closing
17:01:43     INFO - MEMORY STAT | vsize 2203MB | residentFast 327MB | heapAllocated 173MB
17:01:43     INFO - TEST-OK | devtools/client/inspector/markup/test/browser_markup_accessibility_semantics.js | took 3260ms
17:01:43     INFO - checking window state
17:01:43     INFO - TEST-START | devtools/client/inspector/markup/test/browser_markup_anonymous_01.js
17:01:43     INFO - Entering test bound 
17:01:43     INFO - Adding a new tab with URL: http://example.com/browser/devtools/client/inspector/markup/test/doc_markup_anonymous.html
17:01:43     INFO - Tab added and finished loading
17:01:43     INFO - Opening the inspector
17:01:43     INFO - Opening the toolbox
17:01:45     INFO - Toolbox opened and focused
17:01:45     INFO - Waiting for actor features to be detected
17:01:46     INFO - TEST-PASS | devtools/client/inspector/markup/test/browser_markup_anonymous_01.js | Children returned from walker - 
17:01:46     INFO - Checking the ::before pseudo element
17:01:46     INFO - Selecting the node for '[Front for domnode/server1.conn4.child1/domnode44]'
17:01:46     INFO - TEST-PASS | devtools/client/inspector/markup/test/browser_markup_anonymous_01.js | Delete menu item is disabled - 
17:01:46     INFO - TEST-PASS | devtools/client/inspector/markup/test/browser_markup_anonymous_01.js | Edit HTML menu item is disabled - 
17:01:46     INFO - TEST-PASS | devtools/client/inspector/markup/test/browser_markup_anonymous_01.js | Paste HTML menu item is disabled - 
17:01:46     INFO - Checking the normal child element
17:01:46     INFO - Selecting the node for '[Front for domnode/server1.conn4.child1/domnode45]'
17:01:46     INFO - TEST-PASS | devtools/client/inspector/markup/test/browser_markup_anonymous_01.js | Delete menu item is enabled - 
17:01:46     INFO - TEST-PASS | devtools/client/inspector/markup/test/browser_markup_anonymous_01.js | Edit HTML menu item is enabled - 
17:01:46     INFO - TEST-PASS | devtools/client/inspector/markup/test/browser_markup_anonymous_01.js | Paste HTML menu item is enabled - 
17:01:46     INFO - Checking the ::after pseudo element
17:01:46     INFO - Selecting the node for '[Front for domnode/server1.conn4.child1/domnode46]'
17:01:47     INFO - TEST-PASS | devtools/client/inspector/markup/test/browser_markup_anonymous_01.js | Delete menu item is disabled - 
17:01:47     INFO - TEST-PASS | devtools/client/inspector/markup/test/browser_markup_anonymous_01.js | Edit HTML menu item is disabled - 
17:01:47     INFO - TEST-PASS | devtools/client/inspector/markup/test/browser_markup_anonymous_01.js | Paste HTML menu item is disabled - 
17:01:47     INFO - TEST-PASS | devtools/client/inspector/markup/test/browser_markup_anonymous_01.js | Children returned from walker - 
17:01:47     INFO - Checking the video element
17:01:47     INFO - TEST-PASS | devtools/client/inspector/markup/test/browser_markup_anonymous_01.js | <video> is not anonymous - 
17:01:47     INFO - TEST-PASS | devtools/client/inspector/markup/test/browser_markup_anonymous_01.js | No native children returned from walker for <video> by default - 
17:01:47     INFO - Leaving test bound 
17:01:47     INFO - Removing tab.
17:01:47     INFO - Waiting for event: 'TabClose' on [object XULElement].
17:01:47     INFO - Got event: 'TabClose' on [object XULElement].
17:01:47     INFO - Tab removed and finished closing
17:01:47     INFO - MEMORY STAT | vsize 2212MB | residentFast 341MB | heapAllocated 171MB
17:01:47     INFO - TEST-OK | devtools/client/inspector/markup/test/browser_markup_anonymous_01.js | took 4380ms
17:01:47     INFO - checking window state
17:01:47     INFO - TEST-START | devtools/client/inspector/markup/test/browser_markup_anonymous_02.js
17:01:47     INFO - Entering test bound 
17:01:47     INFO - Adding a new tab with URL: chrome://devtools/content/scratchpad/scratchpad.xul
17:01:47     INFO - Tab added and finished loading
17:01:47     INFO - Opening the inspector
17:01:47     INFO - Opening the toolbox
17:01:48     INFO - Console message: [JavaScript Warning: "Property contained reference to invalid variable.  Error in parsing value for background-attachment.  Falling back to initial." {file: "chrome://devtools/skin/light-theme.css" line: 16 column: 453 source: " var(--theme-body-background)"}]
17:01:48     INFO - Console message: [JavaScript Warning: "Property contained reference to invalid variable.  Error in parsing value for background-clip.  Falling back to initial." {file: "chrome://devtools/skin/light-theme.css" line: 16 column: 453 source: " var(--theme-body-background)"}]
17:01:48     INFO - Console message: [JavaScript Warning: "Property contained reference to invalid variable.  Error in parsing value for background-color.  Falling back to initial." {file: "chrome://devtools/skin/light-theme.css" line: 16 column: 453 source: " var(--theme-body-background)"}]
17:01:48     INFO - Console message: [JavaScript Warning: "Property contained reference to invalid variable.  Error in parsing value for background-image.  Falling back to initial." {file: "chrome://devtools/skin/light-theme.css" line: 16 column: 453 source: " var(--theme-body-background)"}]
17:01:48     INFO - Console message: [JavaScript Warning: "Property contained reference to invalid variable.  Error in parsing value for background-origin.  Falling back to initial." {file: "chrome://devtools/skin/light-theme.css" line: 16 column: 453 source: " var(--theme-body-background)"}]
17:01:48     INFO - Console message: [JavaScript Warning: "Property contained reference to invalid variable.  Error in parsing value for background-position-x.  Falling back to initial." {file: "chrome://devtools/skin/light-theme.css" line: 16 column: 453 source: " var(--theme-body-background)"}]
17:01:48     INFO - Console message: [JavaScript Warning: "Property contained reference to invalid variable.  Error in parsing value for background-position-y.  Falling back to initial." {file: "chrome://devtools/skin/light-theme.css" line: 16 column: 453 source: " var(--theme-body-background)"}]
17:01:48     INFO - Console message: [JavaScript Warning: "Property contained reference to invalid variable.  Error in parsing value for background-repeat.  Falling back to initial." {file: "chrome://devtools/skin/light-theme.css" line: 16 column: 453 source: " var(--theme-body-background)"}]
17:01:48     INFO - Console message: [JavaScript Warning: "Property contained reference to invalid variable.  Error in parsing value for background-size.  Falling back to initial." {file: "chrome://devtools/skin/light-theme.css" line: 16 column: 453 source: " var(--theme-body-background)"}]
17:01:48     INFO - Console message: [JavaScript Warning: "Property contained reference to invalid variable.  Error in parsing value for background-attachment.  Falling back to initial." {file: "chrome://devtools/skin/light-theme.css" line: 16 column: 453 source: " var(--theme-body-background)"}]
17:01:48     INFO - Console message: [JavaScript Warning: "Property contained reference to invalid variable.  Error in parsing value for background-clip.  Falling back to initial." {file: "chrome://devtools/skin/light-theme.css" line: 16 column: 453 source: " var(--theme-body-background)"}]
17:01:48     INFO - Console message: [JavaScript Warning: "Property contained reference to invalid variable.  Error in parsing value for background-color.  Falling back to initial." {file: "chrome://devtools/skin/light-theme.css" line: 16 column: 453 source: " var(--theme-body-background)"}]
17:01:48     INFO - Console message: [JavaScript Warning: "Property contained reference to invalid variable.  Error in parsing value for background-image.  Falling back to initial." {file: "chrome://devtools/skin/light-theme.css" line: 16 column: 453 source: " var(--theme-body-background)"}]
17:01:48     INFO - Console message: [JavaScript Warning: "Property contained reference to invalid variable.  Error in parsing value for background-origin.  Falling back to initial." {file: "chrome://devtools/skin/light-theme.css" line: 16 column: 453 source: " var(--theme-body-background)"}]
17:01:48     INFO - Console message: [JavaScript Warning: "Property contained reference to invalid variable.  Error in parsing value for background-position-x.  Falling back to initial." {file: "chrome://devtools/skin/light-theme.css" line: 16 column: 453 source: " var(--theme-body-background)"}]
17:01:48     INFO - Console message: [JavaScript Warning: "Property contained reference to invalid variable.  Error in parsing value for background-position-y.  Falling back to initial." {file: "chrome://devtools/skin/light-theme.css" line: 16 column: 453 source: " var(--theme-body-background)"}]
17:01:48     INFO - Console message: [JavaScript Warning: "Property contained reference to invalid variable.  Error in parsing value for background-repeat.  Falling back to initial." {file: "chrome://devtools/skin/light-theme.css" line: 16 column: 453 source: " var(--theme-body-background)"}]
17:01:48     INFO - Console message: [JavaScript Warning: "Property contained reference to invalid variable.  Error in parsing value for background-size.  Falling back to initial." {file: "chrome://devtools/skin/light-theme.css" line: 16 column: 453 source: " var(--theme-body-background)"}]
17:01:48     INFO - Console message: [JavaScript Warning: "Property contained reference to invalid variable.  Error in parsing value for border-right-color.  Falling back to initial." {file: "chrome://devtools/skin/light-theme.css" line: 252 column: 6034 source: " var(--theme-splitter-color)"}]
17:01:48     INFO - Console message: [JavaScript Warning: "Property contained reference to invalid variable.  Error in parsing value for background-color.  Falling back to initial." {file: "chrome://devtools/skin/light-theme.css" line: 253 column: 6085 source: " var(--theme-sidebar-background)"}]
17:01:48     INFO - Console message: [JavaScript Warning: "Property contained reference to invalid variable.  Error in parsing value for border-right-color.  Falling back to initial." {file: "chrome://devtools/skin/light-theme.css" line: 252 column: 6034 source: " var(--theme-splitter-color)"}]
17:01:48     INFO - Console message: [JavaScript Warning: "Property contained reference to invalid variable.  Error in parsing value for background-color.  Falling back to initial." {file: "chrome://devtools/skin/light-theme.css" line: 253 column: 6085 source: " var(--theme-sidebar-background)"}]
17:01:48     INFO - Console message: [JavaScript Warning: "Property contained reference to invalid variable.  Error in parsing value for border-right-color.  Falling back to initial." {file: "chrome://devtools/skin/light-theme.css" line: 252 column: 6034 source: " var(--theme-splitter-color)"}]
17:01:48     INFO - Console message: [JavaScript Warning: "Property contained reference to invalid variable.  Error in parsing value for background-color.  Falling back to initial." {file: "chrome://devtools/skin/light-theme.css" line: 253 column: 6085 source: " var(--theme-sidebar-background)"}]
17:01:48     INFO - Console message: [JavaScript Warning: "Property contained reference to invalid variable.  Error in parsing value for border-right-color.  Falling back to initial." {file: "chrome://devtools/skin/light-theme.css" line: 252 column: 6034 source: " var(--theme-splitter-color)"}]
17:01:48     INFO - Console message: [JavaScript Warning: "Property contained reference to invalid variable.  Error in parsing value for background-color.  Falling back to initial." {file: "chrome://devtools/skin/light-theme.css" line: 253 column: 6085 source: " var(--theme-sidebar-background)"}]
17:01:49     INFO - Console message: [JavaScript Warning: "Property contained reference to invalid variable.  Error in parsing value for border-right-color.  Falling back to initial." {file: "chrome://devtools/skin/light-theme.css" line: 252 column: 6034 source: " var(--theme-splitter-color)"}]
17:01:49     INFO - Console message: [JavaScript Warning: "Property contained reference to invalid variable.  Error in parsing value for background-color.  Falling back to initial." {file: "chrome://devtools/skin/light-theme.css" line: 253 column: 6085 source: " var(--theme-sidebar-background)"}]
17:01:49     INFO - Console message: [JavaScript Warning: "Property contained reference to invalid variable.  Error in parsing value for border-right-color.  Falling back to initial." {file: "chrome://devtools/skin/light-theme.css" line: 252 column: 6034 source: " var(--theme-splitter-color)"}]
17:01:49     INFO - Console message: [JavaScript Warning: "Property contained reference to invalid variable.  Error in parsing value for background-color.  Falling back to initial." {file: "chrome://devtools/skin/light-theme.css" line: 253 column: 6085 source: " var(--theme-sidebar-background)"}]
17:01:49     INFO - Console message: [JavaScript Warning: "Property contained reference to invalid variable.  Error in parsing value for border-right-color.  Falling back to initial." {file: "chrome://devtools/skin/light-theme.css" line: 252 column: 6034 source: " var(--theme-splitter-color)"}]
17:01:49     INFO - Console message: [JavaScript Warning: "Property contained reference to invalid variable.  Error in parsing value for background-color.  Falling back to initial." {file: "chrome://devtools/skin/light-theme.css" line: 253 column: 6085 source: " var(--theme-sidebar-background)"}]
17:01:49     INFO - Console message: [JavaScript Warning: "Property contained reference to invalid variable.  Error in parsing value for border-right-color.  Falling back to initial." {file: "chrome://devtools/skin/light-theme.css" line: 252 column: 6034 source: " var(--theme-splitter-color)"}]
17:01:49     INFO - Console message: [JavaScript Warning: "Property contained reference to invalid variable.  Error in parsing value for background-color.  Falling back to initial." {file: "chrome://devtools/skin/light-theme.css" line: 253 column: 6085 source: " var(--theme-sidebar-background)"}]
17:01:49     INFO - Console message: [JavaScript Warning: "Property contained reference to invalid variable.  Error in parsing value for border-right-color.  Falling back to initial." {file: "chrome://devtools/skin/light-theme.css" line: 252 column: 6034 source: " var(--theme-splitter-color)"}]
17:01:49     INFO - Console message: [JavaScript Warning: "Property contained reference to invalid variable.  Error in parsing value for background-color.  Falling back to initial." {file: "chrome://devtools/skin/light-theme.css" line: 253 column: 6085 source: " var(--theme-sidebar-background)"}]
17:01:49     INFO - Console message: [JavaScript Warning: "Property contained reference to invalid variable.  Error in parsing value for border-right-color.  Falling back to initial." {file: "chrome://devtools/skin/light-theme.css" line: 252 column: 6034 source: " var(--theme-splitter-color)"}]
17:01:49     INFO - Console message: [JavaScript Warning: "Property contained reference to invalid variable.  Error in parsing value for background-color.  Falling back to initial." {file: "chrome://devtools/skin/light-theme.css" line: 253 column: 6085 source: " var(--theme-sidebar-background)"}]
17:01:49     INFO - Console message: [JavaScript Warning: "Property contained reference to invalid variable.  Error in parsing value for border-right-color.  Falling back to initial." {file: "chrome://devtools/skin/light-theme.css" line: 252 column: 6034 source: " var(--theme-splitter-color)"}]
17:01:49     INFO - Console message: [JavaScript Warning: "Property contained reference to invalid variable.  Error in parsing value for background-color.  Falling back to initial." {file: "chrome://devtools/skin/light-theme.css" line: 253 column: 6085 source: " var(--theme-sidebar-background)"}]
17:01:49     INFO - Console message: [JavaScript Warning: "Property contained reference to invalid variable.  Error in parsing value for border-right-color.  Falling back to initial." {file: "chrome://devtools/skin/light-theme.css" line: 252 column: 6034 source: " var(--theme-splitter-color)"}]
17:01:49     INFO - Console message: [JavaScript Warning: "Property contained reference to invalid variable.  Error in parsing value for background-color.  Falling back to initial." {file: "chrome://devtools/skin/light-theme.css" line: 253 column: 6085 source: " var(--theme-sidebar-background)"}]
17:01:49     INFO - Console message: [JavaScript Warning: "Property contained reference to invalid variable.  Error in parsing value for border-right-color.  Falling back to initial." {file: "chrome://devtools/skin/light-theme.css" line: 252 column: 6034 source: " var(--theme-splitter-color)"}]
17:01:49     INFO - Console message: [JavaScript Warning: "Property contained reference to invalid variable.  Error in parsing value for background-color.  Falling back to initial." {file: "chrome://devtools/skin/light-theme.css" line: 253 column: 6085 source: " var(--theme-sidebar-background)"}]
17:01:51     INFO - Toolbox opened and focused
17:01:51     INFO - Need to wait for the inspector to update
17:01:52     INFO - Waiting for actor features to be detected
17:01:52     INFO - TEST-PASS | devtools/client/inspector/markup/test/browser_markup_anonymous_02.js | Correct number of children - 
17:01:52     INFO - TEST-PASS | devtools/client/inspector/markup/test/browser_markup_anonymous_02.js | Children returned from walker - 
17:01:52     INFO - TEST-PASS | devtools/client/inspector/markup/test/browser_markup_anonymous_02.js | Toolbarbutton is not anonymous - 
17:01:52     INFO - Selecting the node for '[Front for domnode/server1.conn5.child1/domnode79]'
17:01:53     INFO - TEST-PASS | devtools/client/inspector/markup/test/browser_markup_anonymous_02.js | Delete menu item is enabled - 
17:01:53     INFO - TEST-PASS | devtools/client/inspector/markup/test/browser_markup_anonymous_02.js | Edit HTML menu item is enabled - 
17:01:53     INFO - TEST-PASS | devtools/client/inspector/markup/test/browser_markup_anonymous_02.js | Paste HTML menu item is enabled - 
17:01:53     INFO - TEST-PASS | devtools/client/inspector/markup/test/browser_markup_anonymous_02.js | Child is anonymous - 
17:01:53     INFO - TEST-PASS | devtools/client/inspector/markup/test/browser_markup_anonymous_02.js | Child is XBL anonymous - 
17:01:53     INFO - TEST-PASS | devtools/client/inspector/markup/test/browser_markup_anonymous_02.js | Child is not shadow anonymous - 
17:01:53     INFO - TEST-PASS | devtools/client/inspector/markup/test/browser_markup_anonymous_02.js | Child is not native anonymous - 
17:01:53     INFO - Selecting the node for '[Front for domnode/server1.conn5.child1/domnode80]'
17:01:54     INFO - TEST-PASS | devtools/client/inspector/markup/test/browser_markup_anonymous_02.js | Delete menu item is disabled - 
17:01:54     INFO - TEST-PASS | devtools/client/inspector/markup/test/browser_markup_anonymous_02.js | Edit HTML menu item is disabled - 
17:01:54     INFO - TEST-PASS | devtools/client/inspector/markup/test/browser_markup_anonymous_02.js | Paste HTML menu item is disabled - 
17:01:54     INFO - TEST-PASS | devtools/client/inspector/markup/test/browser_markup_anonymous_02.js | Child is anonymous - 
17:01:54     INFO - TEST-PASS | devtools/client/inspector/markup/test/browser_markup_anonymous_02.js | Child is XBL anonymous - 
17:01:54     INFO - TEST-PASS | devtools/client/inspector/markup/test/browser_markup_anonymous_02.js | Child is not shadow anonymous - 
17:01:54     INFO - TEST-PASS | devtools/client/inspector/markup/test/browser_markup_anonymous_02.js | Child is not native anonymous - 
17:01:54     INFO - Selecting the node for '[Front for domnode/server1.conn5.child1/domnode81]'
17:01:55     INFO - TEST-PASS | devtools/client/inspector/markup/test/browser_markup_anonymous_02.js | Delete menu item is disabled - 
17:01:55     INFO - TEST-PASS | devtools/client/inspector/markup/test/browser_markup_anonymous_02.js | Edit HTML menu item is disabled - 
17:01:55     INFO - TEST-PASS | devtools/client/inspector/markup/test/browser_markup_anonymous_02.js | Paste HTML menu item is disabled - 
17:01:55     INFO - TEST-PASS | devtools/client/inspector/markup/test/browser_markup_anonymous_02.js | Child is anonymous - 
17:01:55     INFO - TEST-PASS | devtools/client/inspector/markup/test/browser_markup_anonymous_02.js | Child is XBL anonymous - 
17:01:55     INFO - TEST-PASS | devtools/client/inspector/markup/test/browser_markup_anonymous_02.js | Child is not shadow anonymous - 
17:01:55     INFO - TEST-PASS | devtools/client/inspector/markup/test/browser_markup_anonymous_02.js | Child is not native anonymous - 
17:01:55     INFO - Selecting the node for '[Front for domnode/server1.conn5.child1/domnode82]'
17:01:56     INFO - TEST-PASS | devtools/client/inspector/markup/test/browser_markup_anonymous_02.js | Delete menu item is disabled - 
17:01:56     INFO - TEST-PASS | devtools/client/inspector/markup/test/browser_markup_anonymous_02.js | Edit HTML menu item is disabled - 
17:01:56     INFO - TEST-PASS | devtools/client/inspector/markup/test/browser_markup_anonymous_02.js | Paste HTML menu item is disabled - 
17:01:56     INFO - Leaving test bound 
17:01:56     INFO - Removing tab.
17:01:56     INFO - Waiting for event: 'TabClose' on [object XULElement].
17:01:56     INFO - Got event: 'TabClose' on [object XULElement].
17:01:56     INFO - Tab removed and finished closing
17:01:56     INFO - MEMORY STAT | vsize 2278MB | residentFast 413MB | heapAllocated 215MB
17:01:56     INFO - TEST-OK | devtools/client/inspector/markup/test/browser_markup_anonymous_02.js | took 9216ms
17:01:56     INFO - checking window state
17:01:57     INFO - TEST-START | devtools/client/inspector/markup/test/browser_markup_anonymous_03.js
17:01:57     INFO - Entering test bound 
17:01:57     INFO - Adding a new tab with URL: http://example.com/browser/devtools/client/inspector/markup/test/doc_markup_anonymous.html

command interrupted, attempting to kill
process killed by signal 9
program finished with exit code -1
elapsedTime=546.589497
The web-page 'stop build' button was pressed by 'rvandermeulen@mozilla.com': Cancelled via self-serve
========= master_lag: 0.05 =========
========= Finished '/tools/buildbot/bin/python scripts/scripts/desktop_unittest.py ...' interrupted (results: 4, elapsed: 9 mins, 6 secs) (at 2018-06-08 17:01:57.238364) =========

========= Started set props: build_url (results: 0, elapsed: 0 secs) (at 2018-06-08 17:01:57.242592) =========
bash -c 'for file in `ls -1`; do cat $file; done'
 in dir /builds/slave/test/properties (timeout 1200 secs)
 watching logfiles {}
 argv: ['bash', '-c', 'for file in `ls -1`; do cat $file; done']
 environment:
  HOME=/home/cltbld
  LANG=en_US.UTF-8
  LOGNAME=cltbld
  MAIL=/var/mail/cltbld
  NODE_PATH=/usr/lib/nodejs:/usr/lib/node_modules:/usr/share/javascript
  PATH=/usr/local/bin:/usr/local/bin:/usr/bin:/bin:/usr/local/games:/usr/games
  PWD=/builds/slave/test/properties
  SHELL=/bin/bash
  SHLVL=1
  TERM=linux
  TMOUT=86400
  USER=cltbld
  XDG_SESSION_COOKIE=9ca12473fbb1d023794ffd180000023c-1528501964.186023-644782249
  _=/tools/buildbot/bin/python
 using PTY: False
build_url:https://queue.taskcluster.net/v1/task/I1iAdq48Sa60c5BCPWswkg/artifacts/public/build/firefox-52.8.2.en-US.linux-x86_64.tar.bz2
program finished with exit code 0
elapsedTime=0.069813
build_url: 'https://queue.taskcluster.net/v1/task/I1iAdq48Sa60c5BCPWswkg/artifacts/public/build/firefox-52.8.2.en-US.linux-x86_64.tar.bz2'
========= master_lag: 0.02 =========
========= Finished set props: build_url (results: 0, elapsed: 0 secs) (at 2018-06-08 17:01:57.333687) =========

========= Started 'rm -f ...' (results: 0, elapsed: 0 secs) (at 2018-06-08 17:01:57.334209) =========
rm -f oauth.txt
 in dir /builds/slave/test/. (timeout 1200 secs)
 watching logfiles {}
 argv: ['rm', '-f', 'oauth.txt']
 environment:
  HOME=/home/cltbld
  LANG=en_US.UTF-8
  LOGNAME=cltbld
  MAIL=/var/mail/cltbld
  NODE_PATH=/usr/lib/nodejs:/usr/lib/node_modules:/usr/share/javascript
  PATH=/usr/local/bin:/usr/local/bin:/usr/bin:/bin:/usr/local/games:/usr/games
  PWD=/builds/slave/test
  SHELL=/bin/bash
  SHLVL=1
  TERM=linux
  TMOUT=86400
  USER=cltbld
  XDG_SESSION_COOKIE=9ca12473fbb1d023794ffd180000023c-1528501964.186023-644782249
  _=/tools/buildbot/bin/python
 using PTY: False
program finished with exit code 0
elapsedTime=0.037579
========= master_lag: 0.04 =========
========= Finished 'rm -f ...' (results: 0, elapsed: 0 secs) (at 2018-06-08 17:01:57.411842) =========

========= Started reboot skipped (results: 3, elapsed: 0 secs) (at 2018-06-08 17:01:57.412341) =========
========= Finished reboot skipped (results: 3, elapsed: 0 secs) (at 2018-06-08 17:01:57.412754) =========

========= Total master_lag: 0.18 =========

