builder: mozilla-esr52_ubuntu64_vm_test_pgo-mochitest-e10s-browser-chrome-6
slave: tst-linux64-spot-021
starttime: 1528502231.39
results: cancelled (6)
buildid: 20180608150819
builduid: b298b373e93d4f8dbf92436c9ed838a2
revision: cbfdf01aac455e0591471201c96b89dee98190b5

========= Started set props: master (results: 0, elapsed: 0 secs) (at 2018-06-08 16:57:11.385327) =========
master: http://buildbot-master52.bb.releng.use1.mozilla.com:8201/
========= Finished set props: master (results: 0, elapsed: 0 secs) (at 2018-06-08 16:57:11.385752) =========

========= Started downloading to buildprops.json (results: 0, elapsed: 0 secs) (at 2018-06-08 16:57:11.386063) =========
========= Finished downloading to buildprops.json (results: 0, elapsed: 0 secs) (at 2018-06-08 16:57:11.539330) =========

========= Started 'bash -c ...' (results: 0, elapsed: 0 secs) (at 2018-06-08 16:57:11.539603) =========
bash -c 'wget -Oarchiver_client.py --no-check-certificate --tries=10 --waitretry=3 https://hg.mozilla.org/build/tools/raw-file/default/buildfarm/utils/archiver_client.py'
 in dir /builds/slave/test/. (timeout 1200 secs)
 watching logfiles {}
 argv: ['bash', '-c', 'wget -Oarchiver_client.py --no-check-certificate --tries=10 --waitretry=3 https://hg.mozilla.org/build/tools/raw-file/default/buildfarm/utils/archiver_client.py']
 environment:
  HOME=/home/cltbld
  LANG=en_US.UTF-8
  LOGNAME=cltbld
  MAIL=/var/mail/cltbld
  NODE_PATH=/usr/lib/nodejs:/usr/lib/node_modules:/usr/share/javascript
  PATH=/usr/local/bin:/usr/local/bin:/usr/bin:/bin:/usr/local/games:/usr/games
  PWD=/builds/slave/test
  SHELL=/bin/bash
  SHLVL=1
  TERM=linux
  TMOUT=86400
  USER=cltbld
  XDG_SESSION_COOKIE=9ca12473fbb1d023794ffd180000023c-1528502228.269235-1811039256
  _=/tools/buildbot/bin/python
 using PTY: False
--2018-06-08 16:57:11--  https://hg.mozilla.org/build/tools/raw-file/default/buildfarm/utils/archiver_client.py
Resolving hg.mozilla.org (hg.mozilla.org)... 63.245.215.25, 63.245.215.102
Connecting to hg.mozilla.org (hg.mozilla.org)|63.245.215.25|:443... connected.
HTTP request sent, awaiting response... 200 Script output follows
Length: 12179 (12K) [text/x-python]
Saving to: `archiver_client.py'

     0K .......... .                                          100% 8.08M=0.001s

2018-06-08 16:57:12 (8.08 MB/s) - `archiver_client.py' saved [12179/12179]

program finished with exit code 0
elapsedTime=0.623984
========= master_lag: 0.01 =========
========= Finished 'bash -c ...' (results: 0, elapsed: 0 secs) (at 2018-06-08 16:57:12.176789) =========

========= Started 'rm -rf ...' (results: 0, elapsed: 0 secs) (at 2018-06-08 16:57:12.177099) =========
rm -rf scripts properties
 in dir /builds/slave/test/. (timeout 1200 secs)
 watching logfiles {}
 argv: ['rm', '-rf', 'scripts', 'properties']
 environment:
  HOME=/home/cltbld
  LANG=en_US.UTF-8
  LOGNAME=cltbld
  MAIL=/var/mail/cltbld
  NODE_PATH=/usr/lib/nodejs:/usr/lib/node_modules:/usr/share/javascript
  PATH=/usr/local/bin:/usr/local/bin:/usr/bin:/bin:/usr/local/games:/usr/games
  PWD=/builds/slave/test
  SHELL=/bin/bash
  SHLVL=1
  TERM=linux
  TMOUT=86400
  USER=cltbld
  XDG_SESSION_COOKIE=9ca12473fbb1d023794ffd180000023c-1528502228.269235-1811039256
  _=/tools/buildbot/bin/python
 using PTY: False
program finished with exit code 0
elapsedTime=0.020936
========= master_lag: 0.08 =========
========= Finished 'rm -rf ...' (results: 0, elapsed: 0 secs) (at 2018-06-08 16:57:12.276086) =========

========= Started 'bash -c ...' (results: 0, elapsed: 2 secs) (at 2018-06-08 16:57:12.276408) =========
bash -c 'python archiver_client.py mozharness --repo releases/mozilla-esr52 --rev cbfdf01aac455e0591471201c96b89dee98190b5 --destination scripts --debug'
 in dir /builds/slave/test/. (timeout 1200 secs)
 watching logfiles {}
 argv: ['bash', '-c', u'python archiver_client.py mozharness --repo releases/mozilla-esr52 --rev cbfdf01aac455e0591471201c96b89dee98190b5 --destination scripts --debug']
 environment:
  HOME=/home/cltbld
  LANG=en_US.UTF-8
  LOGNAME=cltbld
  MAIL=/var/mail/cltbld
  NODE_PATH=/usr/lib/nodejs:/usr/lib/node_modules:/usr/share/javascript
  PATH=/usr/local/bin:/usr/local/bin:/usr/bin:/bin:/usr/local/games:/usr/games
  PWD=/builds/slave/test
  SHELL=/bin/bash
  SHLVL=1
  TERM=linux
  TMOUT=86400
  USER=cltbld
  XDG_SESSION_COOKIE=9ca12473fbb1d023794ffd180000023c-1528502228.269235-1811039256
  _=/tools/buildbot/bin/python
 using PTY: False
2018-06-08 16:57:12,388 truncating revision to first 12 chars
2018-06-08 16:57:12,389 Setting DEBUG logging.
2018-06-08 16:57:12,389 attempt 1/10
2018-06-08 16:57:12,389 Getting archive location from https://api.pub.build.mozilla.org/archiver/hgmo/releases/mozilla-esr52/cbfdf01aac45?&preferred_region=us-west-2&suffix=tar.gz&subdir=testing/mozharness
2018-06-08 16:57:13,988 unpacking tar archive at: mozilla-esr52-cbfdf01aac45/testing/mozharness/
program finished with exit code 0
elapsedTime=2.523812
========= master_lag: 0.01 =========
========= Finished 'bash -c ...' (results: 0, elapsed: 2 secs) (at 2018-06-08 16:57:14.811386) =========

========= Started set props: script_repo_revision (results: 0, elapsed: 0 secs) (at 2018-06-08 16:57:14.811706) =========
script_repo_revision: cbfdf01aac455e0591471201c96b89dee98190b5
========= Finished set props: script_repo_revision (results: 0, elapsed: 0 secs) (at 2018-06-08 16:57:14.812122) =========

========= Started downloading to oauth.txt (results: 0, elapsed: 0 secs) (at 2018-06-08 16:57:14.812413) =========
========= Finished downloading to oauth.txt (results: 0, elapsed: 0 secs) (at 2018-06-08 16:57:14.823357) =========

========= Started '/tools/buildbot/bin/python scripts/scripts/desktop_unittest.py ...' interrupted (results: 4, elapsed: 5 mins, 4 secs) (at 2018-06-08 16:57:14.823641) =========
/tools/buildbot/bin/python scripts/scripts/desktop_unittest.py --cfg unittests/linux_unittest.py --mochitest-suite browser-chrome-chunked --e10s --total-chunks 7 --this-chunk 6 --blob-upload-branch mozilla-esr52 --download-symbols ondemand
 in dir /builds/slave/test/. (timeout 1800 secs) (maxTime 12000 secs)
 watching logfiles {}
 argv: ['/tools/buildbot/bin/python', 'scripts/scripts/desktop_unittest.py', '--cfg', 'unittests/linux_unittest.py', '--mochitest-suite', 'browser-chrome-chunked', '--e10s', '--total-chunks', '7', '--this-chunk', '6', '--blob-upload-branch', 'mozilla-esr52', '--download-symbols', 'ondemand']
 environment:
  CCACHE_DIR=/builds/ccache
  CCACHE_UMASK=002
  DISPLAY=:0
  HOME=/home/cltbld
  LANG=en_US.UTF-8
  LOGNAME=cltbld
  MAIL=/var/mail/cltbld
  MOZ_HIDE_RESULTS_TABLE=1
  MOZ_NODE_PATH=/usr/bin/node
  MOZ_NO_REMOTE=1
  NODE_PATH=/usr/lib/nodejs:/usr/lib/node_modules:/usr/share/javascript
  NO_FAIL_ON_TEST_ERRORS=1
  PATH=/usr/local/bin:/usr/local/bin:/usr/bin:/bin:/usr/local/games:/usr/games
  PROPERTIES_FILE=/builds/slave/test/buildprops.json
  PWD=/builds/slave/test
  SHELL=/bin/bash
  SHLVL=1
  TERM=linux
  TMOUT=86400
  USER=cltbld
  XDG_SESSION_COOKIE=9ca12473fbb1d023794ffd180000023c-1528502228.269235-1811039256
  _=/tools/buildbot/bin/python
 using PTY: False
16:57:15     INFO - MultiFileLogger online at 20180608 16:57:15 in /builds/slave/test
16:57:15     INFO - Run as scripts/scripts/desktop_unittest.py --cfg unittests/linux_unittest.py --mochitest-suite browser-chrome-chunked --e10s --total-chunks 7 --this-chunk 6 --blob-upload-branch mozilla-esr52 --download-symbols ondemand
16:57:15     INFO - Dumping config to /builds/slave/test/logs/localconfig.json.
16:57:15     INFO - {'all_cppunittest_suites': {'cppunittest': {'tests': ('tests/cppunittest',)}},
16:57:15     INFO -  'all_gtest_suites': {'gtest': ()},
16:57:15     INFO -  'all_jittest_suites': {'jittest': (),
16:57:15     INFO -                         'jittest-chunked': (),
16:57:15     INFO -                         'jittest1': ('--total-chunks=2', '--this-chunk=1'),
16:57:15     INFO -                         'jittest2': ('--total-chunks=2', '--this-chunk=2')},
16:57:15     INFO -  'all_mochitest_suites': {'a11y': ('--flavor=a11y',),
16:57:15     INFO -                           'browser-chrome': ('--flavor=browser',),
16:57:15     INFO -                           'browser-chrome-addons': ('--flavor=browser',
16:57:15     INFO -                                                     '--chunk-by-runtime',
16:57:15     INFO -                                                     '--tag=addons'),
16:57:15     INFO -                           'browser-chrome-chunked': ('--flavor=browser',
16:57:15     INFO -                                                      '--chunk-by-runtime'),
16:57:15     INFO -                           'browser-chrome-clipboard': ('--flavor=browser',
16:57:15     INFO -                                                        '--subsuite=clipboard'),
16:57:15     INFO -                           'browser-chrome-coverage': ('--flavor=browser',
16:57:15     INFO -                                                       '--chunk-by-runtime',
16:57:15     INFO -                                                       '--timeout=1200'),
16:57:15     INFO -                           'browser-chrome-gpu': ('--flavor=browser',
16:57:15     INFO -                                                  '--subsuite=gpu'),
16:57:15     INFO -                           'browser-chrome-screenshots': ('--flavor=browser',
16:57:15     INFO -                                                          '--subsuite=screenshots'),
16:57:15     INFO -                           'chrome': ('--flavor=chrome',),
16:57:15     INFO -                           'chrome-chunked': ('--flavor=chrome',
16:57:15     INFO -                                              '--chunk-by-dir=4'),
16:57:15     INFO -                           'chrome-clipboard': ('--flavor=chrome',
16:57:15     INFO -                                                '--subsuite=clipboard'),
16:57:15     INFO -                           'chrome-gpu': ('--flavor=chrome', '--subsuite=gpu'),
16:57:15     INFO -                           'jetpack-addon': ('--flavor=jetpack-addon',),
16:57:15     INFO -                           'jetpack-package': ('--flavor=jetpack-package',),
16:57:15     INFO -                           'jetpack-package-clipboard': ('--flavor=jetpack-package',
16:57:15     INFO -                                                         '--subsuite=clipboard'),
16:57:15     INFO -                           'mochitest-devtools-chrome': ('--flavor=browser',
16:57:15     INFO -                                                         '--subsuite=devtools'),
16:57:15     INFO -                           'mochitest-devtools-chrome-chunked': ('--flavor=browser',
16:57:15     INFO -                                                                 '--subsuite=devtools',
16:57:15     INFO -                                                                 '--chunk-by-runtime'),
16:57:15     INFO -                           'mochitest-devtools-chrome-coverage': ('--flavor=browser',
16:57:15     INFO -                                                                  '--subsuite=devtools',
16:57:15     INFO -                                                                  '--chunk-by-runtime',
16:57:15     INFO -                                                                  '--timeout=1200'),
16:57:15     INFO -                           'mochitest-gl': ('--subsuite=webgl',),
16:57:15     INFO -                           'mochitest-media': ('--subsuite=media',),
16:57:15     INFO -                           'plain': (),
16:57:15     INFO -                           'plain-chunked': ('--chunk-by-dir=4',),
16:57:15     INFO -                           'plain-clipboard': ('--subsuite=clipboard',),
16:57:15     INFO -                           'plain-gpu': ('--subsuite=gpu',),
16:57:15     INFO -                           'valgrind-plain': ('--valgrind=/usr/bin/valgrind',
16:57:15     INFO -                                              '--valgrind-supp-files=/builds/slave/test/build/tests/mochitest/x86_64-redhat-linux-gnu.sup,/builds/slave/test/build/tests/mochitest/cross-architecture.sup',
16:57:15     INFO -                                              '--timeout=900',
16:57:15     INFO -                                              '--max-timeouts=50')},
16:57:15     INFO -  'all_mozbase_suites': {'mozbase': ()},
16:57:15     INFO -  'all_reftest_suites': {'crashtest': {'options': ('--suite=crashtest',),
16:57:15     INFO -                                       'tests': ('tests/reftest/tests/testing/crashtest/crashtests.list',)},
16:57:15     INFO -                         'jsreftest': {'options': ('--extra-profile-file=tests/jsreftest/tests/user.js',
16:57:15     INFO -                                                   '--suite=jstestbrowser'),
16:57:15     INFO -                                       'tests': ('tests/jsreftest/tests/jstests.list',)},
16:57:15     INFO -                         'reftest': {'options': ('--suite=reftest',),
16:57:15     INFO -                                     'tests': ('tests/reftest/tests/layout/reftests/reftest.list',)},
16:57:15     INFO -                         'reftest-no-accel': {'options': ('--suite=reftest',
16:57:15     INFO -                                                          '--setpref=layers.acceleration.force-enabled=disabled'),
16:57:15     INFO -                                              'tests': ('tests/reftest/tests/layout/reftests/reftest.list',)}},
16:57:15     INFO -  'all_xpcshell_suites': {'xpcshell': {'options': ('--xpcshell=%(abs_app_dir)s/xpcshell',
16:57:15     INFO -                                                   '--manifest=tests/xpcshell/tests/xpcshell.ini'),
16:57:15     INFO -                                       'tests': ()},
16:57:15     INFO -                          'xpcshell-addons': {'options': ('--xpcshell=%(abs_app_dir)s/xpcshell',
16:57:15     INFO -                                                          '--tag=addons',
16:57:15     INFO -                                                          '--manifest=tests/xpcshell/tests/xpcshell.ini'),
16:57:15     INFO -                                              'tests': ()},
16:57:15     INFO -                          'xpcshell-coverage': {'options': ('--xpcshell=%(abs_app_dir)s/xpcshell',
16:57:15     INFO -                                                            '--manifest=tests/xpcshell/tests/xpcshell.ini'),
16:57:15     INFO -                                                'tests': ()}},
16:57:15     INFO -  'allow_software_gl_layers': False,
16:57:15     INFO -  'append_to_log': False,
16:57:15     INFO -  'base_work_dir': '/builds/slave/test',
16:57:15     INFO -  'binary_path': '/builds/slave/test/build/application/firefox/firefox-bin',
16:57:15     INFO -  'blob_upload_branch': 'mozilla-esr52',
16:57:15     INFO -  'blob_uploader_auth_file': '/builds/slave/test/oauth.txt',
16:57:15     INFO -  'buildbot_json_path': 'buildprops.json',
16:57:15     INFO -  'buildbot_max_log_size': 52428800,
16:57:15     INFO -  'code_coverage': False,
16:57:15     INFO -  'config_files': ('unittests/linux_unittest.py',),
16:57:15     INFO -  'default_blob_upload_servers': ('https://blobupload.elasticbeanstalk.com',),
16:57:15     INFO -  'download_minidump_stackwalk': True,
16:57:15     INFO -  'download_nodejs': True,
16:57:15     INFO -  'download_symbols': 'ondemand',
16:57:15     INFO -  'e10s': True,
16:57:15     INFO -  'exe_suffix': '',
16:57:15     INFO -  'exes': {'python': '/tools/buildbot/bin/python',
16:57:15     INFO -           'tooltool.py': '/tools/tooltool.py',
16:57:15     INFO -           'virtualenv': ('/tools/buildbot/bin/python',
16:57:15     INFO -                          '/tools/misc-python/virtualenv.py')},
16:57:15     INFO -  'find_links': ('http://pypi.pvt.build.mozilla.org/pub',
16:57:15     INFO -                 'http://pypi.pub.build.mozilla.org/pub'),
16:57:15     INFO -  'installer_path': '/builds/slave/test/build/installer.tar.bz2',
16:57:15     INFO -  'log_level': 'info',
16:57:15     INFO -  'log_to_console': True,
16:57:15     INFO -  'minidump_save_path': '%(abs_work_dir)s/../minidumps',
16:57:15     INFO -  'minidump_stackwalk_path': 'linux64-minidump_stackwalk',
16:57:15     INFO -  'minidump_tooltool_manifest_path': 'config/tooltool-manifests/linux64/releng.manifest',
16:57:15     INFO -  'minimum_tests_zip_dirs': ('bin/*',
16:57:15     INFO -                             'certs/*',
16:57:15     INFO -                             'config/*',
16:57:15     INFO -                             'mach',
16:57:15     INFO -                             'marionette/*',
16:57:15     INFO -                             'modules/*',
16:57:15     INFO -                             'mozbase/*',
16:57:15     INFO -                             'tools/*'),
16:57:15     INFO -  'no_random': False,
16:57:15     INFO -  'nodejs_path': 'node-linux-x64/bin/node',
16:57:15     INFO -  'nodejs_tooltool_manifest_path': 'config/tooltool-manifests/linux64/nodejs.manifest',
16:57:15     INFO -  'opt_config_files': (),
16:57:15     INFO -  'pip_index': False,
16:57:15     INFO -  'preflight_run_cmd_suites': ({'architectures': ('32bit', '64bit'),
16:57:15     INFO -                                'cmd': ('xset', 's', 'off', 's', 'reset'),
16:57:15     INFO -                                'enabled': True,
16:57:15     INFO -                                'halt_on_failure': False,
16:57:15     INFO -                                'name': 'disable_screen_saver'},
16:57:15     INFO -                               {'architectures': ('32bit',),
16:57:15     INFO -                                'cmd': ('python',
16:57:15     INFO -                                        '../scripts/external_tools/mouse_and_screen_resolution.py',
16:57:15     INFO -                                        '--configuration-file',
16:57:15     INFO -                                        '../scripts/external_tools/machine-configuration.json'),
16:57:15     INFO -                                'enabled': False,
16:57:15     INFO -                                'halt_on_failure': True,
16:57:15     INFO -                                'name': 'run mouse & screen adjustment script'}),
16:57:15     INFO -  'require_test_zip': True,
16:57:15     INFO -  'run_all_suites': False,
16:57:15     INFO -  'run_cmd_checks_enabled': True,
16:57:15     INFO -  'run_file_names': {'cppunittest': 'runcppunittests.py',
16:57:15     INFO -                     'gtest': 'rungtests.py',
16:57:15     INFO -                     'jittest': 'jit_test.py',
16:57:15     INFO -                     'mochitest': 'runtests.py',
16:57:15     INFO -                     'mozbase': 'test.py',
16:57:15     INFO -                     'mozmill': 'runtestlist.py',
16:57:15     INFO -                     'reftest': 'runreftest.py',
16:57:15     INFO -                     'xpcshell': 'runxpcshelltests.py'},
16:57:15     INFO -  'specific_tests_zip_dirs': {'cppunittest': ('cppunittest/*',),
16:57:15     INFO -                              'gtest': ('gtest/*',),
16:57:15     INFO -                              'jittest': ('jit-test/*',),
16:57:15     INFO -                              'mochitest': ('mochitest/*',),
16:57:15     INFO -                              'mozbase': ('mozbase/*',),
16:57:15     INFO -                              'mozmill': ('mozmill/*',),
16:57:15     INFO -                              'reftest': ('reftest/*', 'jsreftest/*'),
16:57:15     INFO -                              'xpcshell': ('xpcshell/*',)},
16:57:15     INFO -  'specified_mochitest_suites': ('browser-chrome-chunked',),
16:57:15     INFO -  'strict_content_sandbox': False,
16:57:15     INFO -  'suite_definitions': {'cppunittest': {'options': ('--symbols-path=%(symbols_path)s',
16:57:15     INFO -                                                    '--xre-path=%(abs_app_dir)s'),
16:57:15     INFO -                                        'run_filename': 'runcppunittests.py',
16:57:15     INFO -                                        'testsdir': 'cppunittest'},
16:57:15     INFO -                        'gtest': {'options': ('--xre-path=%(abs_res_dir)s',
16:57:15     INFO -                                              '--cwd=%(gtest_dir)s',
16:57:15     INFO -                                              '--symbols-path=%(symbols_path)s',
16:57:15     INFO -                                              '--utility-path=tests/bin',
16:57:15     INFO -                                              '%(binary_path)s'),
16:57:15     INFO -                                  'run_filename': 'rungtests.py'},
16:57:15     INFO -                        'jittest': {'options': ('tests/bin/js',
16:57:15     INFO -                                                '--no-slow',
16:57:15     INFO -                                                '--no-progress',
16:57:15     INFO -                                                '--format=automation',
16:57:15     INFO -                                                '--jitflags=all',
16:57:15     INFO -                                                '--timeout=970'),
16:57:15     INFO -                                    'run_filename': 'jit_test.py',
16:57:15     INFO -                                    'run_timeout': 1000,
16:57:15     INFO -                                    'testsdir': 'jit-test/jit-test'},
16:57:15     INFO -                        'mochitest': {'options': ('--appname=%(binary_path)s',
16:57:15     INFO -                                                  '--utility-path=tests/bin',
16:57:15     INFO -                                                  '--extra-profile-file=tests/bin/plugins',
16:57:15     INFO -                                                  '--symbols-path=%(symbols_path)s',
16:57:15     INFO -                                                  '--certificate-path=tests/certs',
16:57:15     INFO -                                                  '--setpref=webgl.force-enabled=true',
16:57:15     INFO -                                                  '--quiet',
16:57:15     INFO -                                                  '--log-raw=%(raw_log_file)s',
16:57:15     INFO -                                                  '--log-errorsummary=%(error_summary_file)s',
16:57:15     INFO -                                                  '--use-test-media-devices',
16:57:15     INFO -                                                  '--screenshot-on-fail',
16:57:15     INFO -                                                  '--cleanup-crashes',
16:57:15     INFO -                                                  '--marionette-startup-timeout=180'),
16:57:15     INFO -                                      'run_filename': 'runtests.py',
16:57:15     INFO -                                      'testsdir': 'mochitest'},
16:57:15     INFO -                        'mozbase': {'options': ('-b', '%(binary_path)s'),
16:57:15     INFO -                                    'run_filename': 'test.py',
16:57:15     INFO -                                    'testsdir': 'mozbase'},
16:57:15     INFO -                        'mozmill': {'options': ('--binary=%(binary_path)s',
16:57:15     INFO -                                                '--testing-modules-dir=test/modules',
16:57:15     INFO -                                                '--plugins-path=%(test_plugin_path)s',
16:57:15     INFO -                                                '--symbols-path=%(symbols_path)s'),
16:57:15     INFO -                                    'run_filename': 'runtestlist.py',
16:57:15     INFO -                                    'testsdir': 'mozmill'},
16:57:15     INFO -                        'reftest': {'options': ('--appname=%(binary_path)s',
16:57:15     INFO -                                                '--utility-path=tests/bin',
16:57:15     INFO -                                                '--extra-profile-file=tests/bin/plugins',
16:57:15     INFO -                                                '--symbols-path=%(symbols_path)s',
16:57:15     INFO -                                                '--log-raw=%(raw_log_file)s',
16:57:15     INFO -                                                '--log-errorsummary=%(error_summary_file)s',
16:57:15     INFO -                                                '--cleanup-crashes'),
16:57:15     INFO -                                    'run_filename': 'runreftest.py',
16:57:15     INFO -                                    'testsdir': 'reftest'},
16:57:15     INFO -                        'xpcshell': {'options': ('--symbols-path=%(symbols_path)s',
16:57:15     INFO -                                                 '--test-plugin-path=%(test_plugin_path)s',
16:57:15     INFO -                                                 '--log-raw=%(raw_log_file)s',
16:57:15     INFO -                                                 '--log-errorsummary=%(error_summary_file)s',
16:57:15     INFO -                                                 '--utility-path=tests/bin'),
16:57:15     INFO -                                     'run_filename': 'runxpcshelltests.py',
16:57:15     INFO -                                     'testsdir': 'xpcshell'}},
16:57:15     INFO -  'this_chunk': '6',
16:57:15     INFO -  'tooltool_cache': '/builds/tooltool_cache',
16:57:15     INFO -  'total_chunks': '7',
16:57:15     INFO -  'unstructured_flavors': {'cppunittest': (),
16:57:15     INFO -                           'gtest': (),
16:57:15     INFO -                           'jittest': (),
16:57:15     INFO -                           'mochitest': ('jetpack',),
16:57:15     INFO -                           'mozbase': (),
16:57:15     INFO -                           'mozmill': (),
16:57:15     INFO -                           'xpcshell': ()},
16:57:15     INFO -  'vcs_output_timeout': 1000,
16:57:15     INFO -  'virtualenv_path': 'venv',
16:57:15     INFO -  'volatile_config': {'actions': None, 'add_actions': None, 'no_actions': None},
16:57:15     INFO -  'work_dir': 'build',
16:57:15     INFO -  'xpcshell_name': 'xpcshell'}
16:57:15     INFO - [mozharness: 2018-06-08 23:57:15.285411Z] Running clobber step.
16:57:15     INFO - Running pre-action listener: _resource_record_pre_action
16:57:15     INFO - Running main action method: clobber
16:57:15     INFO - rmtree: /builds/slave/test/build
16:57:15     INFO - Running post-action listener: _resource_record_post_action
16:57:15     INFO - [mozharness: 2018-06-08 23:57:15.300193Z] Finished clobber step (success)
16:57:15     INFO - [mozharness: 2018-06-08 23:57:15.300620Z] Running read-buildbot-config step.
16:57:15     INFO - Running pre-action listener: _resource_record_pre_action
16:57:15     INFO - Running main action method: read_buildbot_config
16:57:15     INFO - Using buildbot properties:
16:57:15     INFO - {
16:57:15     INFO -     "project": "", 
16:57:15     INFO -     "product": "firefox", 
16:57:15     INFO -     "script_repo_revision": "production", 
16:57:15     INFO -     "scheduler": "tests-mozilla-esr52-ubuntu64_vm-pgo-unittest", 
16:57:15     INFO -     "repository": "", 
16:57:15     INFO -     "buildername": "Ubuntu VM 12.04 x64 mozilla-esr52 pgo test mochitest-e10s-browser-chrome-6", 
16:57:15     INFO -     "buildid": "20180608150819", 
16:57:15     INFO -     "pgo_build": "True", 
16:57:15     INFO -     "basedir": "/builds/slave/test", 
16:57:15     INFO -     "buildnumber": 58, 
16:57:15     INFO -     "slavename": "tst-linux64-spot-021", 
16:57:15     INFO -     "master": "http://buildbot-master52.bb.releng.use1.mozilla.com:8201/", 
16:57:15     INFO -     "platform": "linux64", 
16:57:15     INFO -     "branch": "mozilla-esr52", 
16:57:15     INFO -     "revision": "cbfdf01aac455e0591471201c96b89dee98190b5", 
16:57:15     INFO -     "repo_path": "releases/mozilla-esr52", 
16:57:15     INFO -     "moz_repo_path": "", 
16:57:15     INFO -     "stage_platform": "linux64-pgo", 
16:57:15     INFO -     "builduid": "b298b373e93d4f8dbf92436c9ed838a2", 
16:57:15     INFO -     "slavebuilddir": "test"
16:57:15     INFO - }
16:57:15     INFO - Found installer url https://queue.taskcluster.net/v1/task/I1iAdq48Sa60c5BCPWswkg/artifacts/public/build/firefox-52.8.2.en-US.linux-x86_64.tar.bz2.
16:57:15     INFO - Found a test packages url https://queue.taskcluster.net/v1/task/I1iAdq48Sa60c5BCPWswkg/artifacts/public/build/firefox-52.8.2.en-US.linux-x86_64.test_packages.json.
16:57:15     INFO - Running post-action listener: _resource_record_post_action
16:57:15     INFO - [mozharness: 2018-06-08 23:57:15.311372Z] Finished read-buildbot-config step (success)
16:57:15     INFO - [mozharness: 2018-06-08 23:57:15.311732Z] Running download-and-extract step.
16:57:15     INFO - Running pre-action listener: _pre_download_and_extract
16:57:15  WARNING - Try message not found.
16:57:15     INFO - Running pre-action listener: _resource_record_pre_action
16:57:15     INFO - Running main action method: download_and_extract
16:57:15     INFO - mkdir: /builds/slave/test/build/tests
16:57:15     INFO - Downloading https://queue.taskcluster.net/v1/task/I1iAdq48Sa60c5BCPWswkg/artifacts/public/build/firefox-52.8.2.en-US.linux-x86_64.test_packages.json to /builds/slave/test/build/firefox-52.8.2.en-US.linux-x86_64.test_packages.json
16:57:15     INFO - retry: Calling _download_file with args: (), kwargs: {'url': 'https://queue.taskcluster.net/v1/task/I1iAdq48Sa60c5BCPWswkg/artifacts/public/build/firefox-52.8.2.en-US.linux-x86_64.test_packages.json', 'file_name': '/builds/slave/test/build/firefox-52.8.2.en-US.linux-x86_64.test_packages.json'}, attempt #1
16:57:16     INFO - Downloaded 1361 bytes.
16:57:16     INFO - Reading from file /builds/slave/test/build/firefox-52.8.2.en-US.linux-x86_64.test_packages.json
16:57:16     INFO - Using the following test package requirements:
16:57:16     INFO - {u'common': [u'firefox-52.8.2.en-US.linux-x86_64.common.tests.zip'],
16:57:16     INFO -  u'cppunittest': [u'firefox-52.8.2.en-US.linux-x86_64.common.tests.zip',
16:57:16     INFO -                   u'firefox-52.8.2.en-US.linux-x86_64.cppunittest.tests.zip'],
16:57:16     INFO -  u'gtest': [u'firefox-52.8.2.en-US.linux-x86_64.common.tests.zip',
16:57:16     INFO -             u'firefox-52.8.2.en-US.linux-x86_64.gtest.tests.zip'],
16:57:16     INFO -  u'jittest': [u'firefox-52.8.2.en-US.linux-x86_64.common.tests.zip',
16:57:16     INFO -               u'jsshell-linux-x86_64.zip'],
16:57:16     INFO -  u'mochitest': [u'firefox-52.8.2.en-US.linux-x86_64.common.tests.zip',
16:57:16     INFO -                 u'firefox-52.8.2.en-US.linux-x86_64.mochitest.tests.zip'],
16:57:16     INFO -  u'mozbase': [u'firefox-52.8.2.en-US.linux-x86_64.common.tests.zip'],
16:57:16     INFO -  u'reftest': [u'firefox-52.8.2.en-US.linux-x86_64.common.tests.zip',
16:57:16     INFO -               u'firefox-52.8.2.en-US.linux-x86_64.reftest.tests.zip'],
16:57:16     INFO -  u'talos': [u'firefox-52.8.2.en-US.linux-x86_64.common.tests.zip',
16:57:16     INFO -             u'firefox-52.8.2.en-US.linux-x86_64.talos.tests.zip'],
16:57:16     INFO -  u'web-platform': [u'firefox-52.8.2.en-US.linux-x86_64.common.tests.zip',
16:57:16     INFO -                    u'firefox-52.8.2.en-US.linux-x86_64.web-platform.tests.zip'],
16:57:16     INFO -  u'xpcshell': [u'firefox-52.8.2.en-US.linux-x86_64.common.tests.zip',
16:57:16     INFO -                u'firefox-52.8.2.en-US.linux-x86_64.xpcshell.tests.zip']}
16:57:16     INFO - Downloading packages: [u'firefox-52.8.2.en-US.linux-x86_64.common.tests.zip', u'firefox-52.8.2.en-US.linux-x86_64.mochitest.tests.zip'] for test suite category: mochitest
16:57:16     INFO - Adding 'mozinfo.json' for extraction from common.tests zip file
16:57:16     INFO - Downloading and extracting to /builds/slave/test/build/tests these dirs bin/*, certs/*, config/*, mach, marionette/*, modules/*, mozbase/*, tools/*, mochitest/*, mozinfo.json from https://queue.taskcluster.net/v1/task/I1iAdq48Sa60c5BCPWswkg/artifacts/public/build/firefox-52.8.2.en-US.linux-x86_64.common.tests.zip
16:57:16     INFO - retry: Calling fetch_url_into_memory with args: (), kwargs: {'url': u'https://queue.taskcluster.net/v1/task/I1iAdq48Sa60c5BCPWswkg/artifacts/public/build/firefox-52.8.2.en-US.linux-x86_64.common.tests.zip'}, attempt #1
16:57:16     INFO - Fetch https://queue.taskcluster.net/v1/task/I1iAdq48Sa60c5BCPWswkg/artifacts/public/build/firefox-52.8.2.en-US.linux-x86_64.common.tests.zip into memory
16:57:18     INFO - Http code: 200
16:57:18     INFO - via: 1.1 30bb04916f91d64c600e15c15000042d.cloudfront.net (CloudFront)
16:57:18     INFO - x-amz-cf-id: FsZQehCbCRtPulSvgpJC3UwO2nlpE5VmwNJqIi-HW39E2SN1hRMZqQ==
16:57:18     INFO - x-amz-version-id: amyEguiG3.NEsCgIpfpr7ojoc30OcAP5
16:57:20     INFO - Expected file size: 22192748
16:57:20     INFO - Obtained file size: 22192748
16:57:21     INFO - Downloading and extracting to /builds/slave/test/build/tests these dirs bin/*, certs/*, config/*, mach, marionette/*, modules/*, mozbase/*, tools/*, mochitest/*, mozinfo.json from https://queue.taskcluster.net/v1/task/I1iAdq48Sa60c5BCPWswkg/artifacts/public/build/firefox-52.8.2.en-US.linux-x86_64.mochitest.tests.zip
16:57:21     INFO - retry: Calling fetch_url_into_memory with args: (), kwargs: {'url': u'https://queue.taskcluster.net/v1/task/I1iAdq48Sa60c5BCPWswkg/artifacts/public/build/firefox-52.8.2.en-US.linux-x86_64.mochitest.tests.zip'}, attempt #1
16:57:21     INFO - Fetch https://queue.taskcluster.net/v1/task/I1iAdq48Sa60c5BCPWswkg/artifacts/public/build/firefox-52.8.2.en-US.linux-x86_64.mochitest.tests.zip into memory
16:57:22     INFO - Http code: 200
16:57:22     INFO - via: 1.1 55676da1e5c0a9c4e60a94a95b01dc04.cloudfront.net (CloudFront)
16:57:22     INFO - x-amz-cf-id: J4eRFGzhvCjLoYkS5JnulkAwBcUYilvy_GlaWPGeAEjpLCu5EcgWSQ==
16:57:22     INFO - x-amz-version-id: pVaLoGmwkPIw3WqAG.TA2Gozslw06heL
16:57:27     INFO - Expected file size: 80595071
16:57:27     INFO - Obtained file size: 80595071
16:57:51     INFO - Downloading https://queue.taskcluster.net/v1/task/I1iAdq48Sa60c5BCPWswkg/artifacts/public/build/firefox-52.8.2.en-US.linux-x86_64.tar.bz2 to /builds/slave/test/build/installer.tar.bz2
16:57:51     INFO - retry: Calling _download_file with args: (), kwargs: {'url': 'https://queue.taskcluster.net/v1/task/I1iAdq48Sa60c5BCPWswkg/artifacts/public/build/firefox-52.8.2.en-US.linux-x86_64.tar.bz2', 'file_name': '/builds/slave/test/build/installer.tar.bz2'}, attempt #1
16:57:57     INFO - Downloaded 57821935 bytes.
16:57:57     INFO - Setting buildbot property build_url to https://queue.taskcluster.net/v1/task/I1iAdq48Sa60c5BCPWswkg/artifacts/public/build/firefox-52.8.2.en-US.linux-x86_64.tar.bz2
16:57:57     INFO - mkdir: /builds/slave/test/properties
16:57:57     INFO - Writing buildbot properties ['build_url'] to /builds/slave/test/properties/build_url
16:57:57     INFO - Writing to file /builds/slave/test/properties/build_url
16:57:57     INFO - Contents:
16:57:57     INFO -  build_url:https://queue.taskcluster.net/v1/task/I1iAdq48Sa60c5BCPWswkg/artifacts/public/build/firefox-52.8.2.en-US.linux-x86_64.tar.bz2
16:57:59     INFO - Running post-action listener: _resource_record_post_action
16:57:59     INFO - Running post-action listener: set_extra_try_arguments
16:57:59     INFO - [mozharness: 2018-06-08 23:57:59.152745Z] Finished download-and-extract step (success)
16:57:59     INFO - [mozharness: 2018-06-08 23:57:59.153133Z] Running create-virtualenv step.
16:57:59     INFO - Running pre-action listener: _install_mozbase
16:57:59     INFO - Running pre-action listener: _pre_create_virtualenv
16:57:59     INFO - Running pre-action listener: _resource_record_pre_action
16:57:59     INFO - Running main action method: create_virtualenv
16:57:59     INFO - Creating virtualenv /builds/slave/test/build/venv
16:57:59     INFO - Running command: ['/tools/buildbot/bin/python', '/builds/slave/test/scripts/external_tools/virtualenv/virtualenv.py', '--always-copy', '/builds/slave/test/build/venv'] in /builds/slave/test/build
16:57:59     INFO - Copy/paste: /tools/buildbot/bin/python /builds/slave/test/scripts/external_tools/virtualenv/virtualenv.py --always-copy /builds/slave/test/build/venv
16:57:59     INFO - Using partial env: {'VIRTUALENV_NO_DOWNLOAD': '1'}
16:58:01     INFO -  Using real prefix '/usr'
16:58:01     INFO -  New python executable in /builds/slave/test/build/venv/bin/python
16:58:04     INFO -  Installing setuptools, pip, wheel...done.
16:58:04     INFO - Return code: 0
16:58:04     INFO - Installing psutil>=3.1.1 into virtualenv /builds/slave/test/build/venv
16:58:05     INFO - retry: Calling run_command with args: [['/builds/slave/test/build/venv/bin/pip', 'install', '--timeout', '120', '--no-index', '--find-links', 'http://pypi.pvt.build.mozilla.org/pub', '--find-links', 'http://pypi.pub.build.mozilla.org/pub', '--trusted-host', 'pypi.pub.build.mozilla.org', '--trusted-host', 'pypi.pvt.build.mozilla.org', 'psutil>=3.1.1']], kwargs: {'error_level': 'warning', 'error_list': [{'substr': 'not found or a compiler error:', 'level': 'warning'}, {'regex': <_sre.SRE_Pattern object at 0x7fc62cd21110>, 'level': 'error'}, {'regex': <_sre.SRE_Pattern object at 0x7fc62ce29e40>, 'level': 'warning'}, {'regex': <_sre.SRE_Pattern object at 0x20093e0>, 'level': 'debug'}, {'substr': 'command not found', 'level': 'error'}, {'regex': <_sre.SRE_Pattern object at 0x2005a90>, 'level': 'warning'}, {'substr': 'Traceback (most recent call last)', 'level': 'error'}, {'substr': 'SyntaxError: ', 'level': 'error'}, {'substr': 'TypeError: ', 'level': 'error'}, {'substr': 'NameError: ', 'level': 'error'}, {'substr': 'ZeroDivisionError: ', 'level': 'error'}, {'regex': <_sre.SRE_Pattern object at 0x20073f0>, 'level': 'critical'}, {'regex': <_sre.SRE_Pattern object at 0x2007670>, 'level': 'critical'}], 'cwd': '/builds/slave/test/build', 'env': {'TMOUT': '86400', 'LOGNAME': 'cltbld', 'USER': 'cltbld', 'HOME': '/home/cltbld', 'PATH': '/usr/local/bin:/usr/local/bin:/usr/bin:/bin:/usr/local/games:/usr/games', 'DISPLAY': ':0', 'CCACHE_UMASK': '002', 'LANG': 'en_US.UTF-8', 'TERM': 'linux', 'SHELL': '/bin/bash', 'MOZ_NODE_PATH': '/usr/bin/node', 'XDG_SESSION_COOKIE': '9ca12473fbb1d023794ffd180000023c-1528502228.269235-1811039256', 'SHLVL': '1', 'NO_FAIL_ON_TEST_ERRORS': '1', 'MOZ_NO_REMOTE': '1', 'MOZ_HIDE_RESULTS_TABLE': '1', 'MAIL': '/var/mail/cltbld', '_': '/tools/buildbot/bin/python', 'NODE_PATH': '/usr/lib/nodejs:/usr/lib/node_modules:/usr/share/javascript', 'PWD': '/builds/slave/test', 'PROPERTIES_FILE': '/builds/slave/test/buildprops.json', 'CCACHE_DIR': '/builds/ccache'}}, attempt #1
16:58:05     INFO - Running command: ['/builds/slave/test/build/venv/bin/pip', 'install', '--timeout', '120', '--no-index', '--find-links', 'http://pypi.pvt.build.mozilla.org/pub', '--find-links', 'http://pypi.pub.build.mozilla.org/pub', '--trusted-host', 'pypi.pub.build.mozilla.org', '--trusted-host', 'pypi.pvt.build.mozilla.org', 'psutil>=3.1.1'] in /builds/slave/test/build
16:58:05     INFO - Copy/paste: /builds/slave/test/build/venv/bin/pip install --timeout 120 --no-index --find-links http://pypi.pvt.build.mozilla.org/pub --find-links http://pypi.pub.build.mozilla.org/pub --trusted-host pypi.pub.build.mozilla.org --trusted-host pypi.pvt.build.mozilla.org psutil>=3.1.1
16:58:05     INFO - Using env: {'CCACHE_DIR': '/builds/ccache',
16:58:05     INFO -  'CCACHE_UMASK': '002',
16:58:05     INFO -  'DISPLAY': ':0',
16:58:05     INFO -  'HOME': '/home/cltbld',
16:58:05     INFO -  'LANG': 'en_US.UTF-8',
16:58:05     INFO -  'LOGNAME': 'cltbld',
16:58:05     INFO -  'MAIL': '/var/mail/cltbld',
16:58:05     INFO -  'MOZ_HIDE_RESULTS_TABLE': '1',
16:58:05     INFO -  'MOZ_NODE_PATH': '/usr/bin/node',
16:58:05     INFO -  'MOZ_NO_REMOTE': '1',
16:58:05     INFO -  'NODE_PATH': '/usr/lib/nodejs:/usr/lib/node_modules:/usr/share/javascript',
16:58:05     INFO -  'NO_FAIL_ON_TEST_ERRORS': '1',
16:58:05     INFO -  'PATH': '/usr/local/bin:/usr/local/bin:/usr/bin:/bin:/usr/local/games:/usr/games',
16:58:05     INFO -  'PROPERTIES_FILE': '/builds/slave/test/buildprops.json',
16:58:05     INFO -  'PWD': '/builds/slave/test',
16:58:05     INFO -  'SHELL': '/bin/bash',
16:58:05     INFO -  'SHLVL': '1',
16:58:05     INFO -  'TERM': 'linux',
16:58:05     INFO -  'TMOUT': '86400',
16:58:05     INFO -  'USER': 'cltbld',
16:58:05     INFO -  'XDG_SESSION_COOKIE': '9ca12473fbb1d023794ffd180000023c-1528502228.269235-1811039256',
16:58:05     INFO -  '_': '/tools/buildbot/bin/python'}
16:58:05     INFO -  Ignoring indexes: https://pypi.python.org/simple
16:58:05     INFO -  Collecting psutil>=3.1.1
16:58:06     INFO -  /builds/slave/test/build/venv/lib/python2.7/site-packages/pip/_vendor/requests/packages/urllib3/util/ssl_.py:318: SNIMissingWarning: An HTTPS request has been made, but the SNI (Subject Name Indication) extension to TLS is not available on this platform. This may cause the server to present an incorrect TLS certificate, which can cause validation failures. You can upgrade to a newer version of Python to solve this. For more information, see https://urllib3.readthedocs.org/en/latest/security.html#snimissingwarning.
16:58:06     INFO -    SNIMissingWarning
16:58:06     INFO -  /builds/slave/test/build/venv/lib/python2.7/site-packages/pip/_vendor/requests/packages/urllib3/util/ssl_.py:122: InsecurePlatformWarning: A true SSLContext object is not available. This prevents urllib3 from configuring SSL appropriately and may cause certain SSL connections to fail. You can upgrade to a newer version of Python to solve this. For more information, see https://urllib3.readthedocs.org/en/latest/security.html#insecureplatformwarning.
16:58:06     INFO -    InsecurePlatformWarning
16:58:08     INFO -  /builds/slave/test/build/venv/lib/python2.7/site-packages/pip/_vendor/requests/packages/urllib3/util/ssl_.py:122: InsecurePlatformWarning: A true SSLContext object is not available. This prevents urllib3 from configuring SSL appropriately and may cause certain SSL connections to fail. You can upgrade to a newer version of Python to solve this. For more information, see https://urllib3.readthedocs.org/en/latest/security.html#insecureplatformwarning.
16:58:08     INFO -    InsecurePlatformWarning
16:58:13     INFO -    Downloading https://pypi.pvt.build.mozilla.org/pub/psutil-5.4.3.tar.gz (412kB)
16:58:14     INFO -  Building wheels for collected packages: psutil
16:58:14     INFO -    Running setup.py bdist_wheel for psutil: started
16:58:17     INFO -    Running setup.py bdist_wheel for psutil: finished with status 'done'
16:58:17     INFO -    Stored in directory: /home/cltbld/.cache/pip/wheels/30/c0/c3/5cdb2b64c0d47a81af9c62935a64d83948d2c2b3e7af3eeee2
16:58:17     INFO -  Successfully built psutil
16:58:17     INFO -  Installing collected packages: psutil
16:58:17     INFO -  Successfully installed psutil-5.4.3
16:58:17     INFO - Return code: 0
16:58:17     INFO - Installing mozsystemmonitor==0.3 into virtualenv /builds/slave/test/build/venv
16:58:18     INFO - retry: Calling run_command with args: [['/builds/slave/test/build/venv/bin/pip', 'install', '--timeout', '120', '--no-index', '--find-links', 'http://pypi.pvt.build.mozilla.org/pub', '--find-links', 'http://pypi.pub.build.mozilla.org/pub', '--trusted-host', 'pypi.pub.build.mozilla.org', '--trusted-host', 'pypi.pvt.build.mozilla.org', 'mozsystemmonitor==0.3']], kwargs: {'error_level': 'warning', 'error_list': [{'substr': 'not found or a compiler error:', 'level': 'warning'}, {'regex': <_sre.SRE_Pattern object at 0x7fc62cd21110>, 'level': 'error'}, {'regex': <_sre.SRE_Pattern object at 0x7fc62ce29e40>, 'level': 'warning'}, {'regex': <_sre.SRE_Pattern object at 0x20093e0>, 'level': 'debug'}, {'substr': 'command not found', 'level': 'error'}, {'regex': <_sre.SRE_Pattern object at 0x2005a90>, 'level': 'warning'}, {'substr': 'Traceback (most recent call last)', 'level': 'error'}, {'substr': 'SyntaxError: ', 'level': 'error'}, {'substr': 'TypeError: ', 'level': 'error'}, {'substr': 'NameError: ', 'level': 'error'}, {'substr': 'ZeroDivisionError: ', 'level': 'error'}, {'regex': <_sre.SRE_Pattern object at 0x20073f0>, 'level': 'critical'}, {'regex': <_sre.SRE_Pattern object at 0x2007670>, 'level': 'critical'}], 'cwd': '/builds/slave/test/build', 'env': {'TMOUT': '86400', 'LOGNAME': 'cltbld', 'USER': 'cltbld', 'HOME': '/home/cltbld', 'PATH': '/usr/local/bin:/usr/local/bin:/usr/bin:/bin:/usr/local/games:/usr/games', 'DISPLAY': ':0', 'CCACHE_UMASK': '002', 'LANG': 'en_US.UTF-8', 'TERM': 'linux', 'SHELL': '/bin/bash', 'MOZ_NODE_PATH': '/usr/bin/node', 'XDG_SESSION_COOKIE': '9ca12473fbb1d023794ffd180000023c-1528502228.269235-1811039256', 'SHLVL': '1', 'NO_FAIL_ON_TEST_ERRORS': '1', 'MOZ_NO_REMOTE': '1', 'MOZ_HIDE_RESULTS_TABLE': '1', 'MAIL': '/var/mail/cltbld', '_': '/tools/buildbot/bin/python', 'NODE_PATH': '/usr/lib/nodejs:/usr/lib/node_modules:/usr/share/javascript', 'PWD': '/builds/slave/test', 'PROPERTIES_FILE': '/builds/slave/test/buildprops.json', 'CCACHE_DIR': '/builds/ccache'}}, attempt #1
16:58:18     INFO - Running command: ['/builds/slave/test/build/venv/bin/pip', 'install', '--timeout', '120', '--no-index', '--find-links', 'http://pypi.pvt.build.mozilla.org/pub', '--find-links', 'http://pypi.pub.build.mozilla.org/pub', '--trusted-host', 'pypi.pub.build.mozilla.org', '--trusted-host', 'pypi.pvt.build.mozilla.org', 'mozsystemmonitor==0.3'] in /builds/slave/test/build
16:58:18     INFO - Copy/paste: /builds/slave/test/build/venv/bin/pip install --timeout 120 --no-index --find-links http://pypi.pvt.build.mozilla.org/pub --find-links http://pypi.pub.build.mozilla.org/pub --trusted-host pypi.pub.build.mozilla.org --trusted-host pypi.pvt.build.mozilla.org mozsystemmonitor==0.3
16:58:18     INFO - Using env: {'CCACHE_DIR': '/builds/ccache',
16:58:18     INFO -  'CCACHE_UMASK': '002',
16:58:18     INFO -  'DISPLAY': ':0',
16:58:18     INFO -  'HOME': '/home/cltbld',
16:58:18     INFO -  'LANG': 'en_US.UTF-8',
16:58:18     INFO -  'LOGNAME': 'cltbld',
16:58:18     INFO -  'MAIL': '/var/mail/cltbld',
16:58:18     INFO -  'MOZ_HIDE_RESULTS_TABLE': '1',
16:58:18     INFO -  'MOZ_NODE_PATH': '/usr/bin/node',
16:58:18     INFO -  'MOZ_NO_REMOTE': '1',
16:58:18     INFO -  'NODE_PATH': '/usr/lib/nodejs:/usr/lib/node_modules:/usr/share/javascript',
16:58:18     INFO -  'NO_FAIL_ON_TEST_ERRORS': '1',
16:58:18     INFO -  'PATH': '/usr/local/bin:/usr/local/bin:/usr/bin:/bin:/usr/local/games:/usr/games',
16:58:18     INFO -  'PROPERTIES_FILE': '/builds/slave/test/buildprops.json',
16:58:18     INFO -  'PWD': '/builds/slave/test',
16:58:18     INFO -  'SHELL': '/bin/bash',
16:58:18     INFO -  'SHLVL': '1',
16:58:18     INFO -  'TERM': 'linux',
16:58:18     INFO -  'TMOUT': '86400',
16:58:18     INFO -  'USER': 'cltbld',
16:58:18     INFO -  'XDG_SESSION_COOKIE': '9ca12473fbb1d023794ffd180000023c-1528502228.269235-1811039256',
16:58:18     INFO -  '_': '/tools/buildbot/bin/python'}
16:58:18     INFO -  Ignoring indexes: https://pypi.python.org/simple
16:58:18     INFO -  Collecting mozsystemmonitor==0.3
16:58:19     INFO -  /builds/slave/test/build/venv/lib/python2.7/site-packages/pip/_vendor/requests/packages/urllib3/util/ssl_.py:318: SNIMissingWarning: An HTTPS request has been made, but the SNI (Subject Name Indication) extension to TLS is not available on this platform. This may cause the server to present an incorrect TLS certificate, which can cause validation failures. You can upgrade to a newer version of Python to solve this. For more information, see https://urllib3.readthedocs.org/en/latest/security.html#snimissingwarning.
16:58:19     INFO -    SNIMissingWarning
16:58:19     INFO -  /builds/slave/test/build/venv/lib/python2.7/site-packages/pip/_vendor/requests/packages/urllib3/util/ssl_.py:122: InsecurePlatformWarning: A true SSLContext object is not available. This prevents urllib3 from configuring SSL appropriately and may cause certain SSL connections to fail. You can upgrade to a newer version of Python to solve this. For more information, see https://urllib3.readthedocs.org/en/latest/security.html#insecureplatformwarning.
16:58:19     INFO -    InsecurePlatformWarning
16:58:20     INFO -  /builds/slave/test/build/venv/lib/python2.7/site-packages/pip/_vendor/requests/packages/urllib3/util/ssl_.py:122: InsecurePlatformWarning: A true SSLContext object is not available. This prevents urllib3 from configuring SSL appropriately and may cause certain SSL connections to fail. You can upgrade to a newer version of Python to solve this. For more information, see https://urllib3.readthedocs.org/en/latest/security.html#insecureplatformwarning.
16:58:20     INFO -    InsecurePlatformWarning
16:58:25     INFO -    Downloading https://pypi.pvt.build.mozilla.org/pub/mozsystemmonitor-0.3.tar.gz
16:58:26     INFO -  Requirement already satisfied (use --upgrade to upgrade): psutil>=3.1.1 in ./venv/lib/python2.7/site-packages (from mozsystemmonitor==0.3)
16:58:26     INFO -  Building wheels for collected packages: mozsystemmonitor
16:58:26     INFO -    Running setup.py bdist_wheel for mozsystemmonitor: started
16:58:27     INFO -    Running setup.py bdist_wheel for mozsystemmonitor: finished with status 'done'
16:58:27     INFO -    Stored in directory: /home/cltbld/.cache/pip/wheels/f4/b7/9c/8a88c92aaad7c1d8bbd68513e1d91ad7f62b7465808c516aa8
16:58:27     INFO -  Successfully built mozsystemmonitor
16:58:27     INFO -  Installing collected packages: mozsystemmonitor
16:58:27     INFO -  Successfully installed mozsystemmonitor-0.3
16:58:27     INFO - Return code: 0
16:58:27     INFO - Installing jsonschema==2.5.1 into virtualenv /builds/slave/test/build/venv
16:58:27     INFO - retry: Calling run_command with args: [['/builds/slave/test/build/venv/bin/pip', 'install', '--timeout', '120', '--no-index', '--find-links', 'http://pypi.pvt.build.mozilla.org/pub', '--find-links', 'http://pypi.pub.build.mozilla.org/pub', '--trusted-host', 'pypi.pub.build.mozilla.org', '--trusted-host', 'pypi.pvt.build.mozilla.org', 'jsonschema==2.5.1']], kwargs: {'error_level': 'warning', 'error_list': [{'substr': 'not found or a compiler error:', 'level': 'warning'}, {'regex': <_sre.SRE_Pattern object at 0x7fc62cd21110>, 'level': 'error'}, {'regex': <_sre.SRE_Pattern object at 0x7fc62ce29e40>, 'level': 'warning'}, {'regex': <_sre.SRE_Pattern object at 0x20093e0>, 'level': 'debug'}, {'substr': 'command not found', 'level': 'error'}, {'regex': <_sre.SRE_Pattern object at 0x2005a90>, 'level': 'warning'}, {'substr': 'Traceback (most recent call last)', 'level': 'error'}, {'substr': 'SyntaxError: ', 'level': 'error'}, {'substr': 'TypeError: ', 'level': 'error'}, {'substr': 'NameError: ', 'level': 'error'}, {'substr': 'ZeroDivisionError: ', 'level': 'error'}, {'regex': <_sre.SRE_Pattern object at 0x20073f0>, 'level': 'critical'}, {'regex': <_sre.SRE_Pattern object at 0x2007670>, 'level': 'critical'}], 'cwd': '/builds/slave/test/build', 'env': {'TMOUT': '86400', 'LOGNAME': 'cltbld', 'USER': 'cltbld', 'HOME': '/home/cltbld', 'PATH': '/usr/local/bin:/usr/local/bin:/usr/bin:/bin:/usr/local/games:/usr/games', 'DISPLAY': ':0', 'CCACHE_UMASK': '002', 'LANG': 'en_US.UTF-8', 'TERM': 'linux', 'SHELL': '/bin/bash', 'MOZ_NODE_PATH': '/usr/bin/node', 'XDG_SESSION_COOKIE': '9ca12473fbb1d023794ffd180000023c-1528502228.269235-1811039256', 'SHLVL': '1', 'NO_FAIL_ON_TEST_ERRORS': '1', 'MOZ_NO_REMOTE': '1', 'MOZ_HIDE_RESULTS_TABLE': '1', 'MAIL': '/var/mail/cltbld', '_': '/tools/buildbot/bin/python', 'NODE_PATH': '/usr/lib/nodejs:/usr/lib/node_modules:/usr/share/javascript', 'PWD': '/builds/slave/test', 'PROPERTIES_FILE': '/builds/slave/test/buildprops.json', 'CCACHE_DIR': '/builds/ccache'}}, attempt #1
16:58:27     INFO - Running command: ['/builds/slave/test/build/venv/bin/pip', 'install', '--timeout', '120', '--no-index', '--find-links', 'http://pypi.pvt.build.mozilla.org/pub', '--find-links', 'http://pypi.pub.build.mozilla.org/pub', '--trusted-host', 'pypi.pub.build.mozilla.org', '--trusted-host', 'pypi.pvt.build.mozilla.org', 'jsonschema==2.5.1'] in /builds/slave/test/build
16:58:27     INFO - Copy/paste: /builds/slave/test/build/venv/bin/pip install --timeout 120 --no-index --find-links http://pypi.pvt.build.mozilla.org/pub --find-links http://pypi.pub.build.mozilla.org/pub --trusted-host pypi.pub.build.mozilla.org --trusted-host pypi.pvt.build.mozilla.org jsonschema==2.5.1
16:58:27     INFO - Using env: {'CCACHE_DIR': '/builds/ccache',
16:58:27     INFO -  'CCACHE_UMASK': '002',
16:58:27     INFO -  'DISPLAY': ':0',
16:58:27     INFO -  'HOME': '/home/cltbld',
16:58:27     INFO -  'LANG': 'en_US.UTF-8',
16:58:27     INFO -  'LOGNAME': 'cltbld',
16:58:27     INFO -  'MAIL': '/var/mail/cltbld',
16:58:27     INFO -  'MOZ_HIDE_RESULTS_TABLE': '1',
16:58:27     INFO -  'MOZ_NODE_PATH': '/usr/bin/node',
16:58:27     INFO -  'MOZ_NO_REMOTE': '1',
16:58:27     INFO -  'NODE_PATH': '/usr/lib/nodejs:/usr/lib/node_modules:/usr/share/javascript',
16:58:27     INFO -  'NO_FAIL_ON_TEST_ERRORS': '1',
16:58:27     INFO -  'PATH': '/usr/local/bin:/usr/local/bin:/usr/bin:/bin:/usr/local/games:/usr/games',
16:58:27     INFO -  'PROPERTIES_FILE': '/builds/slave/test/buildprops.json',
16:58:27     INFO -  'PWD': '/builds/slave/test',
16:58:27     INFO -  'SHELL': '/bin/bash',
16:58:27     INFO -  'SHLVL': '1',
16:58:27     INFO -  'TERM': 'linux',
16:58:27     INFO -  'TMOUT': '86400',
16:58:27     INFO -  'USER': 'cltbld',
16:58:27     INFO -  'XDG_SESSION_COOKIE': '9ca12473fbb1d023794ffd180000023c-1528502228.269235-1811039256',
16:58:27     INFO -  '_': '/tools/buildbot/bin/python'}
16:58:28     INFO -  Ignoring indexes: https://pypi.python.org/simple
16:58:28     INFO -  Collecting jsonschema==2.5.1
16:58:28     INFO -  /builds/slave/test/build/venv/lib/python2.7/site-packages/pip/_vendor/requests/packages/urllib3/util/ssl_.py:318: SNIMissingWarning: An HTTPS request has been made, but the SNI (Subject Name Indication) extension to TLS is not available on this platform. This may cause the server to present an incorrect TLS certificate, which can cause validation failures. You can upgrade to a newer version of Python to solve this. For more information, see https://urllib3.readthedocs.org/en/latest/security.html#snimissingwarning.
16:58:28     INFO -    SNIMissingWarning
16:58:28     INFO -  /builds/slave/test/build/venv/lib/python2.7/site-packages/pip/_vendor/requests/packages/urllib3/util/ssl_.py:122: InsecurePlatformWarning: A true SSLContext object is not available. This prevents urllib3 from configuring SSL appropriately and may cause certain SSL connections to fail. You can upgrade to a newer version of Python to solve this. For more information, see https://urllib3.readthedocs.org/en/latest/security.html#insecureplatformwarning.
16:58:28     INFO -    InsecurePlatformWarning
16:58:30     INFO -  /builds/slave/test/build/venv/lib/python2.7/site-packages/pip/_vendor/requests/packages/urllib3/util/ssl_.py:122: InsecurePlatformWarning: A true SSLContext object is not available. This prevents urllib3 from configuring SSL appropriately and may cause certain SSL connections to fail. You can upgrade to a newer version of Python to solve this. For more information, see https://urllib3.readthedocs.org/en/latest/security.html#insecureplatformwarning.
16:58:30     INFO -    InsecurePlatformWarning
16:58:35     INFO -    Downloading https://pypi.pvt.build.mozilla.org/pub/jsonschema-2.5.1-py2.py3-none-any.whl
16:58:35     INFO -  Collecting functools32; python_version == "2.7" (from jsonschema==2.5.1)
16:58:41     INFO -    Downloading https://pypi.pvt.build.mozilla.org/pub/functools32-3.2.3-2.tar.gz
16:58:41     INFO -  Building wheels for collected packages: functools32
16:58:41     INFO -    Running setup.py bdist_wheel for functools32: started
16:58:42     INFO -    Running setup.py bdist_wheel for functools32: finished with status 'done'
16:58:42     INFO -    Stored in directory: /home/cltbld/.cache/pip/wheels/60/8e/5c/cd0944700dbec48e57da97dbe11bcc84b1332f6b43bc89d9b7
16:58:42     INFO -  Successfully built functools32
16:58:42     INFO -  Installing collected packages: functools32, jsonschema
16:58:42     INFO -  Successfully installed functools32-3.2.3.post2 jsonschema-2.5.1
16:58:42     INFO - Return code: 0
16:58:42     INFO - Installing functools32==3.2.3-2 into virtualenv /builds/slave/test/build/venv
16:58:43     INFO - retry: Calling run_command with args: [['/builds/slave/test/build/venv/bin/pip', 'install', '--timeout', '120', '--no-index', '--find-links', 'http://pypi.pvt.build.mozilla.org/pub', '--find-links', 'http://pypi.pub.build.mozilla.org/pub', '--trusted-host', 'pypi.pub.build.mozilla.org', '--trusted-host', 'pypi.pvt.build.mozilla.org', 'functools32==3.2.3-2']], kwargs: {'error_level': 'warning', 'error_list': [{'substr': 'not found or a compiler error:', 'level': 'warning'}, {'regex': <_sre.SRE_Pattern object at 0x7fc62cd21110>, 'level': 'error'}, {'regex': <_sre.SRE_Pattern object at 0x7fc62ce29e40>, 'level': 'warning'}, {'regex': <_sre.SRE_Pattern object at 0x20093e0>, 'level': 'debug'}, {'substr': 'command not found', 'level': 'error'}, {'regex': <_sre.SRE_Pattern object at 0x2005a90>, 'level': 'warning'}, {'substr': 'Traceback (most recent call last)', 'level': 'error'}, {'substr': 'SyntaxError: ', 'level': 'error'}, {'substr': 'TypeError: ', 'level': 'error'}, {'substr': 'NameError: ', 'level': 'error'}, {'substr': 'ZeroDivisionError: ', 'level': 'error'}, {'regex': <_sre.SRE_Pattern object at 0x20073f0>, 'level': 'critical'}, {'regex': <_sre.SRE_Pattern object at 0x2007670>, 'level': 'critical'}], 'cwd': '/builds/slave/test/build', 'env': {'TMOUT': '86400', 'LOGNAME': 'cltbld', 'USER': 'cltbld', 'HOME': '/home/cltbld', 'PATH': '/usr/local/bin:/usr/local/bin:/usr/bin:/bin:/usr/local/games:/usr/games', 'DISPLAY': ':0', 'CCACHE_UMASK': '002', 'LANG': 'en_US.UTF-8', 'TERM': 'linux', 'SHELL': '/bin/bash', 'MOZ_NODE_PATH': '/usr/bin/node', 'XDG_SESSION_COOKIE': '9ca12473fbb1d023794ffd180000023c-1528502228.269235-1811039256', 'SHLVL': '1', 'NO_FAIL_ON_TEST_ERRORS': '1', 'MOZ_NO_REMOTE': '1', 'MOZ_HIDE_RESULTS_TABLE': '1', 'MAIL': '/var/mail/cltbld', '_': '/tools/buildbot/bin/python', 'NODE_PATH': '/usr/lib/nodejs:/usr/lib/node_modules:/usr/share/javascript', 'PWD': '/builds/slave/test', 'PROPERTIES_FILE': '/builds/slave/test/buildprops.json', 'CCACHE_DIR': '/builds/ccache'}}, attempt #1
16:58:43     INFO - Running command: ['/builds/slave/test/build/venv/bin/pip', 'install', '--timeout', '120', '--no-index', '--find-links', 'http://pypi.pvt.build.mozilla.org/pub', '--find-links', 'http://pypi.pub.build.mozilla.org/pub', '--trusted-host', 'pypi.pub.build.mozilla.org', '--trusted-host', 'pypi.pvt.build.mozilla.org', 'functools32==3.2.3-2'] in /builds/slave/test/build
16:58:43     INFO - Copy/paste: /builds/slave/test/build/venv/bin/pip install --timeout 120 --no-index --find-links http://pypi.pvt.build.mozilla.org/pub --find-links http://pypi.pub.build.mozilla.org/pub --trusted-host pypi.pub.build.mozilla.org --trusted-host pypi.pvt.build.mozilla.org functools32==3.2.3-2
16:58:43     INFO - Using env: {'CCACHE_DIR': '/builds/ccache',
16:58:43     INFO -  'CCACHE_UMASK': '002',
16:58:43     INFO -  'DISPLAY': ':0',
16:58:43     INFO -  'HOME': '/home/cltbld',
16:58:43     INFO -  'LANG': 'en_US.UTF-8',
16:58:43     INFO -  'LOGNAME': 'cltbld',
16:58:43     INFO -  'MAIL': '/var/mail/cltbld',
16:58:43     INFO -  'MOZ_HIDE_RESULTS_TABLE': '1',
16:58:43     INFO -  'MOZ_NODE_PATH': '/usr/bin/node',
16:58:43     INFO -  'MOZ_NO_REMOTE': '1',
16:58:43     INFO -  'NODE_PATH': '/usr/lib/nodejs:/usr/lib/node_modules:/usr/share/javascript',
16:58:43     INFO -  'NO_FAIL_ON_TEST_ERRORS': '1',
16:58:43     INFO -  'PATH': '/usr/local/bin:/usr/local/bin:/usr/bin:/bin:/usr/local/games:/usr/games',
16:58:43     INFO -  'PROPERTIES_FILE': '/builds/slave/test/buildprops.json',
16:58:43     INFO -  'PWD': '/builds/slave/test',
16:58:43     INFO -  'SHELL': '/bin/bash',
16:58:43     INFO -  'SHLVL': '1',
16:58:43     INFO -  'TERM': 'linux',
16:58:43     INFO -  'TMOUT': '86400',
16:58:43     INFO -  'USER': 'cltbld',
16:58:43     INFO -  'XDG_SESSION_COOKIE': '9ca12473fbb1d023794ffd180000023c-1528502228.269235-1811039256',
16:58:43     INFO -  '_': '/tools/buildbot/bin/python'}
16:58:43     INFO -  Ignoring indexes: https://pypi.python.org/simple
16:58:43     INFO -  Requirement already satisfied (use --upgrade to upgrade): functools32==3.2.3-2 in ./venv/lib/python2.7/site-packages
16:58:43     INFO - Return code: 0
16:58:43     INFO - Installing blobuploader==1.2.4 into virtualenv /builds/slave/test/build/venv
16:58:44     INFO - retry: Calling run_command with args: [['/builds/slave/test/build/venv/bin/pip', 'install', '--timeout', '120', '--no-index', '--find-links', 'http://pypi.pvt.build.mozilla.org/pub', '--find-links', 'http://pypi.pub.build.mozilla.org/pub', '--trusted-host', 'pypi.pub.build.mozilla.org', '--trusted-host', 'pypi.pvt.build.mozilla.org', 'blobuploader==1.2.4']], kwargs: {'error_level': 'warning', 'error_list': [{'substr': 'not found or a compiler error:', 'level': 'warning'}, {'regex': <_sre.SRE_Pattern object at 0x7fc62cd21110>, 'level': 'error'}, {'regex': <_sre.SRE_Pattern object at 0x7fc62ce29e40>, 'level': 'warning'}, {'regex': <_sre.SRE_Pattern object at 0x20093e0>, 'level': 'debug'}, {'substr': 'command not found', 'level': 'error'}, {'regex': <_sre.SRE_Pattern object at 0x2005a90>, 'level': 'warning'}, {'substr': 'Traceback (most recent call last)', 'level': 'error'}, {'substr': 'SyntaxError: ', 'level': 'error'}, {'substr': 'TypeError: ', 'level': 'error'}, {'substr': 'NameError: ', 'level': 'error'}, {'substr': 'ZeroDivisionError: ', 'level': 'error'}, {'regex': <_sre.SRE_Pattern object at 0x20073f0>, 'level': 'critical'}, {'regex': <_sre.SRE_Pattern object at 0x2007670>, 'level': 'critical'}], 'cwd': '/builds/slave/test/build', 'env': {'TMOUT': '86400', 'LOGNAME': 'cltbld', 'USER': 'cltbld', 'HOME': '/home/cltbld', 'PATH': '/usr/local/bin:/usr/local/bin:/usr/bin:/bin:/usr/local/games:/usr/games', 'DISPLAY': ':0', 'CCACHE_UMASK': '002', 'LANG': 'en_US.UTF-8', 'TERM': 'linux', 'SHELL': '/bin/bash', 'MOZ_NODE_PATH': '/usr/bin/node', 'XDG_SESSION_COOKIE': '9ca12473fbb1d023794ffd180000023c-1528502228.269235-1811039256', 'SHLVL': '1', 'NO_FAIL_ON_TEST_ERRORS': '1', 'MOZ_NO_REMOTE': '1', 'MOZ_HIDE_RESULTS_TABLE': '1', 'MAIL': '/var/mail/cltbld', '_': '/tools/buildbot/bin/python', 'NODE_PATH': '/usr/lib/nodejs:/usr/lib/node_modules:/usr/share/javascript', 'PWD': '/builds/slave/test', 'PROPERTIES_FILE': '/builds/slave/test/buildprops.json', 'CCACHE_DIR': '/builds/ccache'}}, attempt #1
16:58:44     INFO - Running command: ['/builds/slave/test/build/venv/bin/pip', 'install', '--timeout', '120', '--no-index', '--find-links', 'http://pypi.pvt.build.mozilla.org/pub', '--find-links', 'http://pypi.pub.build.mozilla.org/pub', '--trusted-host', 'pypi.pub.build.mozilla.org', '--trusted-host', 'pypi.pvt.build.mozilla.org', 'blobuploader==1.2.4'] in /builds/slave/test/build
16:58:44     INFO - Copy/paste: /builds/slave/test/build/venv/bin/pip install --timeout 120 --no-index --find-links http://pypi.pvt.build.mozilla.org/pub --find-links http://pypi.pub.build.mozilla.org/pub --trusted-host pypi.pub.build.mozilla.org --trusted-host pypi.pvt.build.mozilla.org blobuploader==1.2.4
16:58:44     INFO - Using env: {'CCACHE_DIR': '/builds/ccache',
16:58:44     INFO -  'CCACHE_UMASK': '002',
16:58:44     INFO -  'DISPLAY': ':0',
16:58:44     INFO -  'HOME': '/home/cltbld',
16:58:44     INFO -  'LANG': 'en_US.UTF-8',
16:58:44     INFO -  'LOGNAME': 'cltbld',
16:58:44     INFO -  'MAIL': '/var/mail/cltbld',
16:58:44     INFO -  'MOZ_HIDE_RESULTS_TABLE': '1',
16:58:44     INFO -  'MOZ_NODE_PATH': '/usr/bin/node',
16:58:44     INFO -  'MOZ_NO_REMOTE': '1',
16:58:44     INFO -  'NODE_PATH': '/usr/lib/nodejs:/usr/lib/node_modules:/usr/share/javascript',
16:58:44     INFO -  'NO_FAIL_ON_TEST_ERRORS': '1',
16:58:44     INFO -  'PATH': '/usr/local/bin:/usr/local/bin:/usr/bin:/bin:/usr/local/games:/usr/games',
16:58:44     INFO -  'PROPERTIES_FILE': '/builds/slave/test/buildprops.json',
16:58:44     INFO -  'PWD': '/builds/slave/test',
16:58:44     INFO -  'SHELL': '/bin/bash',
16:58:44     INFO -  'SHLVL': '1',
16:58:44     INFO -  'TERM': 'linux',
16:58:44     INFO -  'TMOUT': '86400',
16:58:44     INFO -  'USER': 'cltbld',
16:58:44     INFO -  'XDG_SESSION_COOKIE': '9ca12473fbb1d023794ffd180000023c-1528502228.269235-1811039256',
16:58:44     INFO -  '_': '/tools/buildbot/bin/python'}
16:58:44     INFO -  Ignoring indexes: https://pypi.python.org/simple
16:58:44     INFO -  Collecting blobuploader==1.2.4
16:58:45     INFO -  /builds/slave/test/build/venv/lib/python2.7/site-packages/pip/_vendor/requests/packages/urllib3/util/ssl_.py:318: SNIMissingWarning: An HTTPS request has been made, but the SNI (Subject Name Indication) extension to TLS is not available on this platform. This may cause the server to present an incorrect TLS certificate, which can cause validation failures. You can upgrade to a newer version of Python to solve this. For more information, see https://urllib3.readthedocs.org/en/latest/security.html#snimissingwarning.
16:58:45     INFO -    SNIMissingWarning
16:58:45     INFO -  /builds/slave/test/build/venv/lib/python2.7/site-packages/pip/_vendor/requests/packages/urllib3/util/ssl_.py:122: InsecurePlatformWarning: A true SSLContext object is not available. This prevents urllib3 from configuring SSL appropriately and may cause certain SSL connections to fail. You can upgrade to a newer version of Python to solve this. For more information, see https://urllib3.readthedocs.org/en/latest/security.html#insecureplatformwarning.
16:58:45     INFO -    InsecurePlatformWarning
16:58:47     INFO -  /builds/slave/test/build/venv/lib/python2.7/site-packages/pip/_vendor/requests/packages/urllib3/util/ssl_.py:122: InsecurePlatformWarning: A true SSLContext object is not available. This prevents urllib3 from configuring SSL appropriately and may cause certain SSL connections to fail. You can upgrade to a newer version of Python to solve this. For more information, see https://urllib3.readthedocs.org/en/latest/security.html#insecureplatformwarning.
16:58:47     INFO -    InsecurePlatformWarning
16:58:51     INFO -    Downloading https://pypi.pvt.build.mozilla.org/pub/blobuploader-1.2.4.tar.gz
16:58:52     INFO -  Collecting requests==1.2.3. (from blobuploader==1.2.4)
16:58:58     INFO -    Downloading https://pypi.pvt.build.mozilla.org/pub/requests-1.2.3.tar.gz (348kB)
16:58:59     INFO -  Collecting docopt==0.6.1 (from blobuploader==1.2.4)
16:59:04     INFO -    Downloading https://pypi.pvt.build.mozilla.org/pub/docopt-0.6.1.tar.gz
16:59:05     INFO -  Building wheels for collected packages: blobuploader, requests, docopt
16:59:05     INFO -    Running setup.py bdist_wheel for blobuploader: started
16:59:05     INFO -    Running setup.py bdist_wheel for blobuploader: finished with status 'done'
16:59:05     INFO -    Stored in directory: /home/cltbld/.cache/pip/wheels/a7/2a/47/2d3828e4129ffeb548a26f4a87889dc9bc1a58e201a0ff8655
16:59:05     INFO -    Running setup.py bdist_wheel for requests: started
16:59:06     INFO -    Running setup.py bdist_wheel for requests: finished with status 'done'
16:59:06     INFO -    Stored in directory: /home/cltbld/.cache/pip/wheels/65/bb/90/359b65a7043ffc879dde877c4ad827f452218808c6cccf2658
16:59:06     INFO -    Running setup.py bdist_wheel for docopt: started
16:59:07     INFO -    Running setup.py bdist_wheel for docopt: finished with status 'done'
16:59:07     INFO -    Stored in directory: /home/cltbld/.cache/pip/wheels/ac/8b/84/7dbe9ada02c48c352fa733c81648516f92c6436f9d5bffad41
16:59:07     INFO -  Successfully built blobuploader requests docopt
16:59:07     INFO -  Installing collected packages: requests, docopt, blobuploader
16:59:07     INFO -  Successfully installed blobuploader-1.2.4 docopt-0.6.1 requests-1.2.3
16:59:07     INFO - Return code: 0
16:59:07     INFO - Installing None into virtualenv /builds/slave/test/build/venv
16:59:08     INFO - retry: Calling run_command with args: [['/builds/slave/test/build/venv/bin/pip', 'install', '--no-deps', '--timeout', '120', '-r', '/builds/slave/test/build/tests/config/mozbase_requirements.txt', '--no-index', '--find-links', 'http://pypi.pvt.build.mozilla.org/pub', '--find-links', 'http://pypi.pub.build.mozilla.org/pub', '--trusted-host', 'pypi.pub.build.mozilla.org', '--trusted-host', 'pypi.pvt.build.mozilla.org']], kwargs: {'error_level': 'warning', 'error_list': [{'substr': 'not found or a compiler error:', 'level': 'warning'}, {'regex': <_sre.SRE_Pattern object at 0x7fc62cd21110>, 'level': 'error'}, {'regex': <_sre.SRE_Pattern object at 0x7fc62ce29e40>, 'level': 'warning'}, {'regex': <_sre.SRE_Pattern object at 0x20093e0>, 'level': 'debug'}, {'substr': 'command not found', 'level': 'error'}, {'regex': <_sre.SRE_Pattern object at 0x2005a90>, 'level': 'warning'}, {'substr': 'Traceback (most recent call last)', 'level': 'error'}, {'substr': 'SyntaxError: ', 'level': 'error'}, {'substr': 'TypeError: ', 'level': 'error'}, {'substr': 'NameError: ', 'level': 'error'}, {'substr': 'ZeroDivisionError: ', 'level': 'error'}, {'regex': <_sre.SRE_Pattern object at 0x20073f0>, 'level': 'critical'}, {'regex': <_sre.SRE_Pattern object at 0x2007670>, 'level': 'critical'}], 'cwd': '/builds/slave/test/build/tests/config', 'env': {'TMOUT': '86400', 'LOGNAME': 'cltbld', 'USER': 'cltbld', 'HOME': '/home/cltbld', 'PATH': '/usr/local/bin:/usr/local/bin:/usr/bin:/bin:/usr/local/games:/usr/games', 'DISPLAY': ':0', 'CCACHE_UMASK': '002', 'LANG': 'en_US.UTF-8', 'TERM': 'linux', 'SHELL': '/bin/bash', 'MOZ_NODE_PATH': '/usr/bin/node', 'XDG_SESSION_COOKIE': '9ca12473fbb1d023794ffd180000023c-1528502228.269235-1811039256', 'SHLVL': '1', 'NO_FAIL_ON_TEST_ERRORS': '1', 'MOZ_NO_REMOTE': '1', 'MOZ_HIDE_RESULTS_TABLE': '1', 'MAIL': '/var/mail/cltbld', '_': '/tools/buildbot/bin/python', 'NODE_PATH': '/usr/lib/nodejs:/usr/lib/node_modules:/usr/share/javascript', 'PWD': '/builds/slave/test', 'PROPERTIES_FILE': '/builds/slave/test/buildprops.json', 'CCACHE_DIR': '/builds/ccache'}}, attempt #1
16:59:08     INFO - Running command: ['/builds/slave/test/build/venv/bin/pip', 'install', '--no-deps', '--timeout', '120', '-r', '/builds/slave/test/build/tests/config/mozbase_requirements.txt', '--no-index', '--find-links', 'http://pypi.pvt.build.mozilla.org/pub', '--find-links', 'http://pypi.pub.build.mozilla.org/pub', '--trusted-host', 'pypi.pub.build.mozilla.org', '--trusted-host', 'pypi.pvt.build.mozilla.org'] in /builds/slave/test/build/tests/config
16:59:08     INFO - Copy/paste: /builds/slave/test/build/venv/bin/pip install --no-deps --timeout 120 -r /builds/slave/test/build/tests/config/mozbase_requirements.txt --no-index --find-links http://pypi.pvt.build.mozilla.org/pub --find-links http://pypi.pub.build.mozilla.org/pub --trusted-host pypi.pub.build.mozilla.org --trusted-host pypi.pvt.build.mozilla.org
16:59:08     INFO - Using env: {'CCACHE_DIR': '/builds/ccache',
16:59:08     INFO -  'CCACHE_UMASK': '002',
16:59:08     INFO -  'DISPLAY': ':0',
16:59:08     INFO -  'HOME': '/home/cltbld',
16:59:08     INFO -  'LANG': 'en_US.UTF-8',
16:59:08     INFO -  'LOGNAME': 'cltbld',
16:59:08     INFO -  'MAIL': '/var/mail/cltbld',
16:59:08     INFO -  'MOZ_HIDE_RESULTS_TABLE': '1',
16:59:08     INFO -  'MOZ_NODE_PATH': '/usr/bin/node',
16:59:08     INFO -  'MOZ_NO_REMOTE': '1',
16:59:08     INFO -  'NODE_PATH': '/usr/lib/nodejs:/usr/lib/node_modules:/usr/share/javascript',
16:59:08     INFO -  'NO_FAIL_ON_TEST_ERRORS': '1',
16:59:08     INFO -  'PATH': '/usr/local/bin:/usr/local/bin:/usr/bin:/bin:/usr/local/games:/usr/games',
16:59:08     INFO -  'PROPERTIES_FILE': '/builds/slave/test/buildprops.json',
16:59:08     INFO -  'PWD': '/builds/slave/test',
16:59:08     INFO -  'SHELL': '/bin/bash',
16:59:08     INFO -  'SHLVL': '1',
16:59:08     INFO -  'TERM': 'linux',
16:59:08     INFO -  'TMOUT': '86400',
16:59:08     INFO -  'USER': 'cltbld',
16:59:08     INFO -  'XDG_SESSION_COOKIE': '9ca12473fbb1d023794ffd180000023c-1528502228.269235-1811039256',
16:59:08     INFO -  '_': '/tools/buildbot/bin/python'}
16:59:09     INFO -  Ignoring indexes: https://pypi.python.org/simple
16:59:09     INFO -  Processing /builds/slave/test/build/tests/mozbase/manifestparser
16:59:09     INFO -  Processing /builds/slave/test/build/tests/mozbase/mozcrash
16:59:10     INFO -  Processing /builds/slave/test/build/tests/mozbase/mozdebug
16:59:10     INFO -  Processing /builds/slave/test/build/tests/mozbase/mozdevice
16:59:10     INFO -  Processing /builds/slave/test/build/tests/mozbase/mozfile
16:59:11     INFO -  Processing /builds/slave/test/build/tests/mozbase/mozhttpd
16:59:11     INFO -  Processing /builds/slave/test/build/tests/mozbase/mozinfo
16:59:12     INFO -  Processing /builds/slave/test/build/tests/mozbase/mozinstall
16:59:12     INFO -  Processing /builds/slave/test/build/tests/mozbase/mozleak
16:59:12     INFO -  Processing /builds/slave/test/build/tests/mozbase/mozlog
16:59:13     INFO -  Processing /builds/slave/test/build/tests/mozbase/moznetwork
16:59:13     INFO -  Processing /builds/slave/test/build/tests/mozbase/mozprocess
16:59:13     INFO -  Processing /builds/slave/test/build/tests/mozbase/mozprofile
16:59:14     INFO -  Processing /builds/slave/test/build/tests/mozbase/mozrunner
16:59:14     INFO -  Processing /builds/slave/test/build/tests/mozbase/mozscreenshot
16:59:15     INFO -  Processing /builds/slave/test/build/tests/mozbase/moztest
16:59:15     INFO -  Processing /builds/slave/test/build/tests/mozbase/mozversion
16:59:16     INFO -  Installing collected packages: manifestparser, mozcrash, mozdebug, mozdevice, mozfile, mozhttpd, mozinfo, mozInstall, mozleak, mozlog, moznetwork, mozprocess, mozprofile, mozrunner, mozscreenshot, moztest, mozversion
16:59:16     INFO -    Running setup.py install for manifestparser: started
16:59:16     INFO -      Running setup.py install for manifestparser: finished with status 'done'
16:59:16     INFO -    Running setup.py install for mozcrash: started
16:59:16     INFO -      Running setup.py install for mozcrash: finished with status 'done'
16:59:16     INFO -    Running setup.py install for mozdebug: started
16:59:17     INFO -      Running setup.py install for mozdebug: finished with status 'done'
16:59:17     INFO -    Running setup.py install for mozdevice: started
16:59:17     INFO -      Running setup.py install for mozdevice: finished with status 'done'
16:59:17     INFO -    Running setup.py install for mozfile: started
16:59:18     INFO -      Running setup.py install for mozfile: finished with status 'done'
16:59:18     INFO -    Running setup.py install for mozhttpd: started
16:59:18     INFO -      Running setup.py install for mozhttpd: finished with status 'done'
16:59:18     INFO -    Running setup.py install for mozinfo: started
16:59:19     INFO -      Running setup.py install for mozinfo: finished with status 'done'
16:59:19     INFO -    Running setup.py install for mozInstall: started
16:59:19     INFO -      Running setup.py install for mozInstall: finished with status 'done'
16:59:19     INFO -    Running setup.py install for mozleak: started
16:59:19     INFO -      Running setup.py install for mozleak: finished with status 'done'
16:59:19     INFO -    Running setup.py install for mozlog: started
16:59:20     INFO -      Running setup.py install for mozlog: finished with status 'done'
16:59:20     INFO -    Running setup.py install for moznetwork: started
16:59:20     INFO -      Running setup.py install for moznetwork: finished with status 'done'
16:59:20     INFO -    Running setup.py install for mozprocess: started
16:59:21     INFO -      Running setup.py install for mozprocess: finished with status 'done'
16:59:21     INFO -    Running setup.py install for mozprofile: started
16:59:21     INFO -      Running setup.py install for mozprofile: finished with status 'done'
16:59:21     INFO -    Running setup.py install for mozrunner: started
16:59:22     INFO -      Running setup.py install for mozrunner: finished with status 'done'
16:59:22     INFO -    Running setup.py install for mozscreenshot: started
16:59:22     INFO -      Running setup.py install for mozscreenshot: finished with status 'done'
16:59:22     INFO -    Running setup.py install for moztest: started
16:59:23     INFO -      Running setup.py install for moztest: finished with status 'done'
16:59:23     INFO -    Running setup.py install for mozversion: started
16:59:23     INFO -      Running setup.py install for mozversion: finished with status 'done'
16:59:24     INFO -  Successfully installed manifestparser-1.1 mozInstall-1.12 mozcrash-1.0 mozdebug-0.1 mozdevice-0.48 mozfile-1.2 mozhttpd-0.7 mozinfo-0.9 mozleak-0.1 mozlog-3.4 moznetwork-0.27 mozprocess-0.23 mozprofile-0.28 mozrunner-6.13 mozscreenshot-0.1 moztest-0.8 mozversion-1.4
16:59:24     INFO - Return code: 0
16:59:24     INFO - Installing None into virtualenv /builds/slave/test/build/venv
16:59:24     INFO - retry: Calling run_command with args: [['/builds/slave/test/build/venv/bin/pip', 'install', '--timeout', '120', '-r', '/builds/slave/test/build/tests/config/mozbase_requirements.txt', '--no-index', '--find-links', 'http://pypi.pvt.build.mozilla.org/pub', '--find-links', 'http://pypi.pub.build.mozilla.org/pub', '--trusted-host', 'pypi.pub.build.mozilla.org', '--trusted-host', 'pypi.pvt.build.mozilla.org']], kwargs: {'error_level': 'warning', 'error_list': [{'substr': 'not found or a compiler error:', 'level': 'warning'}, {'regex': <_sre.SRE_Pattern object at 0x7fc62cd21110>, 'level': 'error'}, {'regex': <_sre.SRE_Pattern object at 0x7fc62ce29e40>, 'level': 'warning'}, {'regex': <_sre.SRE_Pattern object at 0x20093e0>, 'level': 'debug'}, {'substr': 'command not found', 'level': 'error'}, {'regex': <_sre.SRE_Pattern object at 0x2005a90>, 'level': 'warning'}, {'substr': 'Traceback (most recent call last)', 'level': 'error'}, {'substr': 'SyntaxError: ', 'level': 'error'}, {'substr': 'TypeError: ', 'level': 'error'}, {'substr': 'NameError: ', 'level': 'error'}, {'substr': 'ZeroDivisionError: ', 'level': 'error'}, {'regex': <_sre.SRE_Pattern object at 0x20073f0>, 'level': 'critical'}, {'regex': <_sre.SRE_Pattern object at 0x2007670>, 'level': 'critical'}], 'cwd': '/builds/slave/test/build/tests/config', 'env': {'TMOUT': '86400', 'LOGNAME': 'cltbld', 'USER': 'cltbld', 'HOME': '/home/cltbld', 'PATH': '/usr/local/bin:/usr/local/bin:/usr/bin:/bin:/usr/local/games:/usr/games', 'DISPLAY': ':0', 'CCACHE_UMASK': '002', 'LANG': 'en_US.UTF-8', 'TERM': 'linux', 'SHELL': '/bin/bash', 'MOZ_NODE_PATH': '/usr/bin/node', 'XDG_SESSION_COOKIE': '9ca12473fbb1d023794ffd180000023c-1528502228.269235-1811039256', 'SHLVL': '1', 'NO_FAIL_ON_TEST_ERRORS': '1', 'MOZ_NO_REMOTE': '1', 'MOZ_HIDE_RESULTS_TABLE': '1', 'MAIL': '/var/mail/cltbld', '_': '/tools/buildbot/bin/python', 'NODE_PATH': '/usr/lib/nodejs:/usr/lib/node_modules:/usr/share/javascript', 'PWD': '/builds/slave/test', 'PROPERTIES_FILE': '/builds/slave/test/buildprops.json', 'CCACHE_DIR': '/builds/ccache'}}, attempt #1
16:59:24     INFO - Running command: ['/builds/slave/test/build/venv/bin/pip', 'install', '--timeout', '120', '-r', '/builds/slave/test/build/tests/config/mozbase_requirements.txt', '--no-index', '--find-links', 'http://pypi.pvt.build.mozilla.org/pub', '--find-links', 'http://pypi.pub.build.mozilla.org/pub', '--trusted-host', 'pypi.pub.build.mozilla.org', '--trusted-host', 'pypi.pvt.build.mozilla.org'] in /builds/slave/test/build/tests/config
16:59:24     INFO - Copy/paste: /builds/slave/test/build/venv/bin/pip install --timeout 120 -r /builds/slave/test/build/tests/config/mozbase_requirements.txt --no-index --find-links http://pypi.pvt.build.mozilla.org/pub --find-links http://pypi.pub.build.mozilla.org/pub --trusted-host pypi.pub.build.mozilla.org --trusted-host pypi.pvt.build.mozilla.org
16:59:24     INFO - Using env: {'CCACHE_DIR': '/builds/ccache',
16:59:24     INFO -  'CCACHE_UMASK': '002',
16:59:24     INFO -  'DISPLAY': ':0',
16:59:24     INFO -  'HOME': '/home/cltbld',
16:59:24     INFO -  'LANG': 'en_US.UTF-8',
16:59:24     INFO -  'LOGNAME': 'cltbld',
16:59:24     INFO -  'MAIL': '/var/mail/cltbld',
16:59:24     INFO -  'MOZ_HIDE_RESULTS_TABLE': '1',
16:59:24     INFO -  'MOZ_NODE_PATH': '/usr/bin/node',
16:59:24     INFO -  'MOZ_NO_REMOTE': '1',
16:59:24     INFO -  'NODE_PATH': '/usr/lib/nodejs:/usr/lib/node_modules:/usr/share/javascript',
16:59:24     INFO -  'NO_FAIL_ON_TEST_ERRORS': '1',
16:59:24     INFO -  'PATH': '/usr/local/bin:/usr/local/bin:/usr/bin:/bin:/usr/local/games:/usr/games',
16:59:24     INFO -  'PROPERTIES_FILE': '/builds/slave/test/buildprops.json',
16:59:24     INFO -  'PWD': '/builds/slave/test',
16:59:24     INFO -  'SHELL': '/bin/bash',
16:59:24     INFO -  'SHLVL': '1',
16:59:24     INFO -  'TERM': 'linux',
16:59:24     INFO -  'TMOUT': '86400',
16:59:24     INFO -  'USER': 'cltbld',
16:59:24     INFO -  'XDG_SESSION_COOKIE': '9ca12473fbb1d023794ffd180000023c-1528502228.269235-1811039256',
16:59:24     INFO -  '_': '/tools/buildbot/bin/python'}
16:59:25     INFO -  Ignoring indexes: https://pypi.python.org/simple
16:59:25     INFO -  Processing /builds/slave/test/build/tests/mozbase/manifestparser
16:59:26     INFO -    Requirement already satisfied (use --upgrade to upgrade): manifestparser==1.1 from file:///builds/slave/test/build/tests/mozbase/manifestparser in /builds/slave/test/build/venv/lib/python2.7/site-packages (from -r /builds/slave/test/build/tests/config/mozbase_requirements.txt (line 1))
16:59:26     INFO -  Processing /builds/slave/test/build/tests/mozbase/mozcrash
16:59:26     INFO -    Requirement already satisfied (use --upgrade to upgrade): mozcrash==1.0 from file:///builds/slave/test/build/tests/mozbase/mozcrash in /builds/slave/test/build/venv/lib/python2.7/site-packages (from -r /builds/slave/test/build/tests/config/mozbase_requirements.txt (line 2))
16:59:26     INFO -  Processing /builds/slave/test/build/tests/mozbase/mozdebug
16:59:26     INFO -    Requirement already satisfied (use --upgrade to upgrade): mozdebug==0.1 from file:///builds/slave/test/build/tests/mozbase/mozdebug in /builds/slave/test/build/venv/lib/python2.7/site-packages (from -r /builds/slave/test/build/tests/config/mozbase_requirements.txt (line 3))
16:59:26     INFO -  Processing /builds/slave/test/build/tests/mozbase/mozdevice
16:59:27     INFO -    Requirement already satisfied (use --upgrade to upgrade): mozdevice==0.48 from file:///builds/slave/test/build/tests/mozbase/mozdevice in /builds/slave/test/build/venv/lib/python2.7/site-packages (from -r /builds/slave/test/build/tests/config/mozbase_requirements.txt (line 4))
16:59:27     INFO -  Processing /builds/slave/test/build/tests/mozbase/mozfile
16:59:27     INFO -    Requirement already satisfied (use --upgrade to upgrade): mozfile==1.2 from file:///builds/slave/test/build/tests/mozbase/mozfile in /builds/slave/test/build/venv/lib/python2.7/site-packages (from -r /builds/slave/test/build/tests/config/mozbase_requirements.txt (line 5))
16:59:27     INFO -  Processing /builds/slave/test/build/tests/mozbase/mozhttpd
16:59:28     INFO -    Requirement already satisfied (use --upgrade to upgrade): mozhttpd==0.7 from file:///builds/slave/test/build/tests/mozbase/mozhttpd in /builds/slave/test/build/venv/lib/python2.7/site-packages (from -r /builds/slave/test/build/tests/config/mozbase_requirements.txt (line 6))
16:59:28     INFO -  Processing /builds/slave/test/build/tests/mozbase/mozinfo
16:59:28     INFO -    Requirement already satisfied (use --upgrade to upgrade): mozinfo==0.9 from file:///builds/slave/test/build/tests/mozbase/mozinfo in /builds/slave/test/build/venv/lib/python2.7/site-packages (from -r /builds/slave/test/build/tests/config/mozbase_requirements.txt (line 7))
16:59:28     INFO -  Processing /builds/slave/test/build/tests/mozbase/mozinstall
16:59:29     INFO -    Requirement already satisfied (use --upgrade to upgrade): mozInstall==1.12 from file:///builds/slave/test/build/tests/mozbase/mozinstall in /builds/slave/test/build/venv/lib/python2.7/site-packages (from -r /builds/slave/test/build/tests/config/mozbase_requirements.txt (line 8))
16:59:29     INFO -  Processing /builds/slave/test/build/tests/mozbase/mozleak
16:59:29     INFO -    Requirement already satisfied (use --upgrade to upgrade): mozleak==0.1 from file:///builds/slave/test/build/tests/mozbase/mozleak in /builds/slave/test/build/venv/lib/python2.7/site-packages (from -r /builds/slave/test/build/tests/config/mozbase_requirements.txt (line 9))
16:59:29     INFO -  Processing /builds/slave/test/build/tests/mozbase/mozlog
16:59:30     INFO -    Requirement already satisfied (use --upgrade to upgrade): mozlog==3.4 from file:///builds/slave/test/build/tests/mozbase/mozlog in /builds/slave/test/build/venv/lib/python2.7/site-packages (from -r /builds/slave/test/build/tests/config/mozbase_requirements.txt (line 10))
16:59:30     INFO -  Processing /builds/slave/test/build/tests/mozbase/moznetwork
16:59:30     INFO -    Requirement already satisfied (use --upgrade to upgrade): moznetwork==0.27 from file:///builds/slave/test/build/tests/mozbase/moznetwork in /builds/slave/test/build/venv/lib/python2.7/site-packages (from -r /builds/slave/test/build/tests/config/mozbase_requirements.txt (line 11))
16:59:30     INFO -  Processing /builds/slave/test/build/tests/mozbase/mozprocess
16:59:30     INFO -    Requirement already satisfied (use --upgrade to upgrade): mozprocess==0.23 from file:///builds/slave/test/build/tests/mozbase/mozprocess in /builds/slave/test/build/venv/lib/python2.7/site-packages (from -r /builds/slave/test/build/tests/config/mozbase_requirements.txt (line 12))
16:59:30     INFO -  Processing /builds/slave/test/build/tests/mozbase/mozprofile
16:59:31     INFO -    Requirement already satisfied (use --upgrade to upgrade): mozprofile==0.28 from file:///builds/slave/test/build/tests/mozbase/mozprofile in /builds/slave/test/build/venv/lib/python2.7/site-packages (from -r /builds/slave/test/build/tests/config/mozbase_requirements.txt (line 13))
16:59:31     INFO -  Processing /builds/slave/test/build/tests/mozbase/mozrunner
16:59:31     INFO -    Requirement already satisfied (use --upgrade to upgrade): mozrunner==6.13 from file:///builds/slave/test/build/tests/mozbase/mozrunner in /builds/slave/test/build/venv/lib/python2.7/site-packages (from -r /builds/slave/test/build/tests/config/mozbase_requirements.txt (line 14))
16:59:31     INFO -  Processing /builds/slave/test/build/tests/mozbase/mozscreenshot
16:59:32     INFO -    Requirement already satisfied (use --upgrade to upgrade): mozscreenshot==0.1 from file:///builds/slave/test/build/tests/mozbase/mozscreenshot in /builds/slave/test/build/venv/lib/python2.7/site-packages (from -r /builds/slave/test/build/tests/config/mozbase_requirements.txt (line 15))
16:59:32     INFO -  Processing /builds/slave/test/build/tests/mozbase/moztest
16:59:32     INFO -    Requirement already satisfied (use --upgrade to upgrade): moztest==0.8 from file:///builds/slave/test/build/tests/mozbase/moztest in /builds/slave/test/build/venv/lib/python2.7/site-packages (from -r /builds/slave/test/build/tests/config/mozbase_requirements.txt (line 16))
16:59:32     INFO -  Processing /builds/slave/test/build/tests/mozbase/mozversion
16:59:32     INFO -    Requirement already satisfied (use --upgrade to upgrade): mozversion==1.4 from file:///builds/slave/test/build/tests/mozbase/mozversion in /builds/slave/test/build/venv/lib/python2.7/site-packages (from -r /builds/slave/test/build/tests/config/mozbase_requirements.txt (line 17))
16:59:32     INFO -  Requirement already satisfied (use --upgrade to upgrade): mozfile>=1.0 in /builds/slave/test/build/venv/lib/python2.7/site-packages (from mozcrash==1.0->-r /builds/slave/test/build/tests/config/mozbase_requirements.txt (line 2))
16:59:32     INFO -  Requirement already satisfied (use --upgrade to upgrade): mozlog>=3.0 in /builds/slave/test/build/venv/lib/python2.7/site-packages (from mozcrash==1.0->-r /builds/slave/test/build/tests/config/mozbase_requirements.txt (line 2))
16:59:32     INFO -  Requirement already satisfied (use --upgrade to upgrade): mozinfo in /builds/slave/test/build/venv/lib/python2.7/site-packages (from mozdebug==0.1->-r /builds/slave/test/build/tests/config/mozbase_requirements.txt (line 3))
16:59:32     INFO -  Requirement already satisfied (use --upgrade to upgrade): moznetwork>=0.24 in /builds/slave/test/build/venv/lib/python2.7/site-packages (from mozdevice==0.48->-r /builds/slave/test/build/tests/config/mozbase_requirements.txt (line 4))
16:59:32     INFO -  Requirement already satisfied (use --upgrade to upgrade): mozprocess>=0.19 in /builds/slave/test/build/venv/lib/python2.7/site-packages (from mozdevice==0.48->-r /builds/slave/test/build/tests/config/mozbase_requirements.txt (line 4))
16:59:32     INFO -  Collecting blessings>=1.3 (from mozlog==3.4->-r /builds/slave/test/build/tests/config/mozbase_requirements.txt (line 10))
16:59:33     INFO -  /builds/slave/test/build/venv/lib/python2.7/site-packages/pip/_vendor/requests/packages/urllib3/util/ssl_.py:318: SNIMissingWarning: An HTTPS request has been made, but the SNI (Subject Name Indication) extension to TLS is not available on this platform. This may cause the server to present an incorrect TLS certificate, which can cause validation failures. You can upgrade to a newer version of Python to solve this. For more information, see https://urllib3.readthedocs.org/en/latest/security.html#snimissingwarning.
16:59:33     INFO -    SNIMissingWarning
16:59:33     INFO -  /builds/slave/test/build/venv/lib/python2.7/site-packages/pip/_vendor/requests/packages/urllib3/util/ssl_.py:122: InsecurePlatformWarning: A true SSLContext object is not available. This prevents urllib3 from configuring SSL appropriately and may cause certain SSL connections to fail. You can upgrade to a newer version of Python to solve this. For more information, see https://urllib3.readthedocs.org/en/latest/security.html#insecureplatformwarning.
16:59:33     INFO -    InsecurePlatformWarning
16:59:35     INFO -  /builds/slave/test/build/venv/lib/python2.7/site-packages/pip/_vendor/requests/packages/urllib3/util/ssl_.py:122: InsecurePlatformWarning: A true SSLContext object is not available. This prevents urllib3 from configuring SSL appropriately and may cause certain SSL connections to fail. You can upgrade to a newer version of Python to solve this. For more information, see https://urllib3.readthedocs.org/en/latest/security.html#insecureplatformwarning.
16:59:35     INFO -    InsecurePlatformWarning
16:59:40     INFO -    Downloading https://pypi.pvt.build.mozilla.org/pub/blessings-1.6.tar.gz
16:59:40     INFO -  Building wheels for collected packages: blessings
16:59:40     INFO -    Running setup.py bdist_wheel for blessings: started
16:59:41     INFO -    Running setup.py bdist_wheel for blessings: finished with status 'done'
16:59:41     INFO -    Stored in directory: /home/cltbld/.cache/pip/wheels/fb/37/ae/c6b15ed5da2ead5847df54c8319487050d4dcc950c9795eae9
16:59:41     INFO -  Successfully built blessings
16:59:41     INFO -  Installing collected packages: blessings
16:59:41     INFO -  Successfully installed blessings-1.6
16:59:41     INFO - Return code: 0
16:59:41     INFO - Installing pip>=1.5 into virtualenv /builds/slave/test/build/venv
16:59:42     INFO - retry: Calling run_command with args: [['/builds/slave/test/build/venv/bin/pip', 'install', '--timeout', '120', '--no-index', '--find-links', 'http://pypi.pvt.build.mozilla.org/pub', '--find-links', 'http://pypi.pub.build.mozilla.org/pub', '--trusted-host', 'pypi.pub.build.mozilla.org', '--trusted-host', 'pypi.pvt.build.mozilla.org', 'pip>=1.5']], kwargs: {'error_level': 'warning', 'error_list': [{'substr': 'not found or a compiler error:', 'level': 'warning'}, {'regex': <_sre.SRE_Pattern object at 0x7fc62cd21110>, 'level': 'error'}, {'regex': <_sre.SRE_Pattern object at 0x7fc62ce29e40>, 'level': 'warning'}, {'regex': <_sre.SRE_Pattern object at 0x20093e0>, 'level': 'debug'}, {'substr': 'command not found', 'level': 'error'}, {'regex': <_sre.SRE_Pattern object at 0x2005a90>, 'level': 'warning'}, {'substr': 'Traceback (most recent call last)', 'level': 'error'}, {'substr': 'SyntaxError: ', 'level': 'error'}, {'substr': 'TypeError: ', 'level': 'error'}, {'substr': 'NameError: ', 'level': 'error'}, {'substr': 'ZeroDivisionError: ', 'level': 'error'}, {'regex': <_sre.SRE_Pattern object at 0x20073f0>, 'level': 'critical'}, {'regex': <_sre.SRE_Pattern object at 0x2007670>, 'level': 'critical'}], 'cwd': '/builds/slave/test/build', 'env': {'TMOUT': '86400', 'LOGNAME': 'cltbld', 'USER': 'cltbld', 'HOME': '/home/cltbld', 'PATH': '/usr/local/bin:/usr/local/bin:/usr/bin:/bin:/usr/local/games:/usr/games', 'DISPLAY': ':0', 'CCACHE_UMASK': '002', 'LANG': 'en_US.UTF-8', 'TERM': 'linux', 'SHELL': '/bin/bash', 'MOZ_NODE_PATH': '/usr/bin/node', 'XDG_SESSION_COOKIE': '9ca12473fbb1d023794ffd180000023c-1528502228.269235-1811039256', 'SHLVL': '1', 'NO_FAIL_ON_TEST_ERRORS': '1', 'MOZ_NO_REMOTE': '1', 'MOZ_HIDE_RESULTS_TABLE': '1', 'MAIL': '/var/mail/cltbld', '_': '/tools/buildbot/bin/python', 'NODE_PATH': '/usr/lib/nodejs:/usr/lib/node_modules:/usr/share/javascript', 'PWD': '/builds/slave/test', 'PROPERTIES_FILE': '/builds/slave/test/buildprops.json', 'CCACHE_DIR': '/builds/ccache'}}, attempt #1
16:59:42     INFO - Running command: ['/builds/slave/test/build/venv/bin/pip', 'install', '--timeout', '120', '--no-index', '--find-links', 'http://pypi.pvt.build.mozilla.org/pub', '--find-links', 'http://pypi.pub.build.mozilla.org/pub', '--trusted-host', 'pypi.pub.build.mozilla.org', '--trusted-host', 'pypi.pvt.build.mozilla.org', 'pip>=1.5'] in /builds/slave/test/build
16:59:42     INFO - Copy/paste: /builds/slave/test/build/venv/bin/pip install --timeout 120 --no-index --find-links http://pypi.pvt.build.mozilla.org/pub --find-links http://pypi.pub.build.mozilla.org/pub --trusted-host pypi.pub.build.mozilla.org --trusted-host pypi.pvt.build.mozilla.org pip>=1.5
16:59:42     INFO - Using env: {'CCACHE_DIR': '/builds/ccache',
16:59:42     INFO -  'CCACHE_UMASK': '002',
16:59:42     INFO -  'DISPLAY': ':0',
16:59:42     INFO -  'HOME': '/home/cltbld',
16:59:42     INFO -  'LANG': 'en_US.UTF-8',
16:59:42     INFO -  'LOGNAME': 'cltbld',
16:59:42     INFO -  'MAIL': '/var/mail/cltbld',
16:59:42     INFO -  'MOZ_HIDE_RESULTS_TABLE': '1',
16:59:42     INFO -  'MOZ_NODE_PATH': '/usr/bin/node',
16:59:42     INFO -  'MOZ_NO_REMOTE': '1',
16:59:42     INFO -  'NODE_PATH': '/usr/lib/nodejs:/usr/lib/node_modules:/usr/share/javascript',
16:59:42     INFO -  'NO_FAIL_ON_TEST_ERRORS': '1',
16:59:42     INFO -  'PATH': '/usr/local/bin:/usr/local/bin:/usr/bin:/bin:/usr/local/games:/usr/games',
16:59:42     INFO -  'PROPERTIES_FILE': '/builds/slave/test/buildprops.json',
16:59:42     INFO -  'PWD': '/builds/slave/test',
16:59:42     INFO -  'SHELL': '/bin/bash',
16:59:42     INFO -  'SHLVL': '1',
16:59:42     INFO -  'TERM': 'linux',
16:59:42     INFO -  'TMOUT': '86400',
16:59:42     INFO -  'USER': 'cltbld',
16:59:42     INFO -  'XDG_SESSION_COOKIE': '9ca12473fbb1d023794ffd180000023c-1528502228.269235-1811039256',
16:59:42     INFO -  '_': '/tools/buildbot/bin/python'}
16:59:42     INFO -  Ignoring indexes: https://pypi.python.org/simple
16:59:42     INFO -  Requirement already satisfied (use --upgrade to upgrade): pip>=1.5 in ./venv/lib/python2.7/site-packages
16:59:42     INFO - Return code: 0
16:59:42     INFO - Installing psutil==3.1.1 into virtualenv /builds/slave/test/build/venv
16:59:43     INFO - retry: Calling run_command with args: [['/builds/slave/test/build/venv/bin/pip', 'install', '--timeout', '120', '--no-index', '--find-links', 'http://pypi.pvt.build.mozilla.org/pub', '--find-links', 'http://pypi.pub.build.mozilla.org/pub', '--trusted-host', 'pypi.pub.build.mozilla.org', '--trusted-host', 'pypi.pvt.build.mozilla.org', 'psutil==3.1.1']], kwargs: {'error_level': 'warning', 'error_list': [{'substr': 'not found or a compiler error:', 'level': 'warning'}, {'regex': <_sre.SRE_Pattern object at 0x7fc62cd21110>, 'level': 'error'}, {'regex': <_sre.SRE_Pattern object at 0x7fc62ce29e40>, 'level': 'warning'}, {'regex': <_sre.SRE_Pattern object at 0x20093e0>, 'level': 'debug'}, {'substr': 'command not found', 'level': 'error'}, {'regex': <_sre.SRE_Pattern object at 0x2005a90>, 'level': 'warning'}, {'substr': 'Traceback (most recent call last)', 'level': 'error'}, {'substr': 'SyntaxError: ', 'level': 'error'}, {'substr': 'TypeError: ', 'level': 'error'}, {'substr': 'NameError: ', 'level': 'error'}, {'substr': 'ZeroDivisionError: ', 'level': 'error'}, {'regex': <_sre.SRE_Pattern object at 0x20073f0>, 'level': 'critical'}, {'regex': <_sre.SRE_Pattern object at 0x2007670>, 'level': 'critical'}], 'cwd': '/builds/slave/test/build', 'env': {'TMOUT': '86400', 'LOGNAME': 'cltbld', 'USER': 'cltbld', 'HOME': '/home/cltbld', 'PATH': '/usr/local/bin:/usr/local/bin:/usr/bin:/bin:/usr/local/games:/usr/games', 'DISPLAY': ':0', 'CCACHE_UMASK': '002', 'LANG': 'en_US.UTF-8', 'TERM': 'linux', 'SHELL': '/bin/bash', 'MOZ_NODE_PATH': '/usr/bin/node', 'XDG_SESSION_COOKIE': '9ca12473fbb1d023794ffd180000023c-1528502228.269235-1811039256', 'SHLVL': '1', 'NO_FAIL_ON_TEST_ERRORS': '1', 'MOZ_NO_REMOTE': '1', 'MOZ_HIDE_RESULTS_TABLE': '1', 'MAIL': '/var/mail/cltbld', '_': '/tools/buildbot/bin/python', 'NODE_PATH': '/usr/lib/nodejs:/usr/lib/node_modules:/usr/share/javascript', 'PWD': '/builds/slave/test', 'PROPERTIES_FILE': '/builds/slave/test/buildprops.json', 'CCACHE_DIR': '/builds/ccache'}}, attempt #1
16:59:43     INFO - Running command: ['/builds/slave/test/build/venv/bin/pip', 'install', '--timeout', '120', '--no-index', '--find-links', 'http://pypi.pvt.build.mozilla.org/pub', '--find-links', 'http://pypi.pub.build.mozilla.org/pub', '--trusted-host', 'pypi.pub.build.mozilla.org', '--trusted-host', 'pypi.pvt.build.mozilla.org', 'psutil==3.1.1'] in /builds/slave/test/build
16:59:43     INFO - Copy/paste: /builds/slave/test/build/venv/bin/pip install --timeout 120 --no-index --find-links http://pypi.pvt.build.mozilla.org/pub --find-links http://pypi.pub.build.mozilla.org/pub --trusted-host pypi.pub.build.mozilla.org --trusted-host pypi.pvt.build.mozilla.org psutil==3.1.1
16:59:43     INFO - Using env: {'CCACHE_DIR': '/builds/ccache',
16:59:43     INFO -  'CCACHE_UMASK': '002',
16:59:43     INFO -  'DISPLAY': ':0',
16:59:43     INFO -  'HOME': '/home/cltbld',
16:59:43     INFO -  'LANG': 'en_US.UTF-8',
16:59:43     INFO -  'LOGNAME': 'cltbld',
16:59:43     INFO -  'MAIL': '/var/mail/cltbld',
16:59:43     INFO -  'MOZ_HIDE_RESULTS_TABLE': '1',
16:59:43     INFO -  'MOZ_NODE_PATH': '/usr/bin/node',
16:59:43     INFO -  'MOZ_NO_REMOTE': '1',
16:59:43     INFO -  'NODE_PATH': '/usr/lib/nodejs:/usr/lib/node_modules:/usr/share/javascript',
16:59:43     INFO -  'NO_FAIL_ON_TEST_ERRORS': '1',
16:59:43     INFO -  'PATH': '/usr/local/bin:/usr/local/bin:/usr/bin:/bin:/usr/local/games:/usr/games',
16:59:43     INFO -  'PROPERTIES_FILE': '/builds/slave/test/buildprops.json',
16:59:43     INFO -  'PWD': '/builds/slave/test',
16:59:43     INFO -  'SHELL': '/bin/bash',
16:59:43     INFO -  'SHLVL': '1',
16:59:43     INFO -  'TERM': 'linux',
16:59:43     INFO -  'TMOUT': '86400',
16:59:43     INFO -  'USER': 'cltbld',
16:59:43     INFO -  'XDG_SESSION_COOKIE': '9ca12473fbb1d023794ffd180000023c-1528502228.269235-1811039256',
16:59:43     INFO -  '_': '/tools/buildbot/bin/python'}
16:59:43     INFO -  Ignoring indexes: https://pypi.python.org/simple
16:59:43     INFO -  Collecting psutil==3.1.1
16:59:44     INFO -  /builds/slave/test/build/venv/lib/python2.7/site-packages/pip/_vendor/requests/packages/urllib3/util/ssl_.py:318: SNIMissingWarning: An HTTPS request has been made, but the SNI (Subject Name Indication) extension to TLS is not available on this platform. This may cause the server to present an incorrect TLS certificate, which can cause validation failures. You can upgrade to a newer version of Python to solve this. For more information, see https://urllib3.readthedocs.org/en/latest/security.html#snimissingwarning.
16:59:44     INFO -    SNIMissingWarning
16:59:44     INFO -  /builds/slave/test/build/venv/lib/python2.7/site-packages/pip/_vendor/requests/packages/urllib3/util/ssl_.py:122: InsecurePlatformWarning: A true SSLContext object is not available. This prevents urllib3 from configuring SSL appropriately and may cause certain SSL connections to fail. You can upgrade to a newer version of Python to solve this. For more information, see https://urllib3.readthedocs.org/en/latest/security.html#insecureplatformwarning.
16:59:44     INFO -    InsecurePlatformWarning
16:59:45     INFO -  /builds/slave/test/build/venv/lib/python2.7/site-packages/pip/_vendor/requests/packages/urllib3/util/ssl_.py:122: InsecurePlatformWarning: A true SSLContext object is not available. This prevents urllib3 from configuring SSL appropriately and may cause certain SSL connections to fail. You can upgrade to a newer version of Python to solve this. For more information, see https://urllib3.readthedocs.org/en/latest/security.html#insecureplatformwarning.
16:59:45     INFO -    InsecurePlatformWarning
16:59:51     INFO -    Downloading https://pypi.pvt.build.mozilla.org/pub/psutil-3.1.1.tar.gz (247kB)
16:59:51     INFO -  Building wheels for collected packages: psutil
16:59:51     INFO -    Running setup.py bdist_wheel for psutil: started
16:59:53     INFO -    Running setup.py bdist_wheel for psutil: finished with status 'done'
16:59:53     INFO -    Stored in directory: /home/cltbld/.cache/pip/wheels/1e/e6/25/f0494673fc8d727828e74362e3beb4cbaf34d8be516156ba0c
16:59:53     INFO -  Successfully built psutil
16:59:53     INFO -  Installing collected packages: psutil
16:59:53     INFO -    Found existing installation: psutil 5.4.3
16:59:53     INFO -      Uninstalling psutil-5.4.3:
16:59:53     INFO -        Successfully uninstalled psutil-5.4.3
16:59:53     INFO -  Successfully installed psutil-3.1.1
16:59:53     INFO - Return code: 0
16:59:53     INFO - Installing mock into virtualenv /builds/slave/test/build/venv
16:59:53     INFO - retry: Calling run_command with args: [['/builds/slave/test/build/venv/bin/pip', 'install', '--timeout', '120', '--no-index', '--find-links', 'http://pypi.pvt.build.mozilla.org/pub', '--find-links', 'http://pypi.pub.build.mozilla.org/pub', '--trusted-host', 'pypi.pub.build.mozilla.org', '--trusted-host', 'pypi.pvt.build.mozilla.org', 'mock']], kwargs: {'error_level': 'warning', 'error_list': [{'substr': 'not found or a compiler error:', 'level': 'warning'}, {'regex': <_sre.SRE_Pattern object at 0x7fc62cd21110>, 'level': 'error'}, {'regex': <_sre.SRE_Pattern object at 0x7fc62ce29e40>, 'level': 'warning'}, {'regex': <_sre.SRE_Pattern object at 0x20093e0>, 'level': 'debug'}, {'substr': 'command not found', 'level': 'error'}, {'regex': <_sre.SRE_Pattern object at 0x2005a90>, 'level': 'warning'}, {'substr': 'Traceback (most recent call last)', 'level': 'error'}, {'substr': 'SyntaxError: ', 'level': 'error'}, {'substr': 'TypeError: ', 'level': 'error'}, {'substr': 'NameError: ', 'level': 'error'}, {'substr': 'ZeroDivisionError: ', 'level': 'error'}, {'regex': <_sre.SRE_Pattern object at 0x20073f0>, 'level': 'critical'}, {'regex': <_sre.SRE_Pattern object at 0x2007670>, 'level': 'critical'}], 'cwd': '/builds/slave/test/build', 'env': {'TMOUT': '86400', 'LOGNAME': 'cltbld', 'USER': 'cltbld', 'HOME': '/home/cltbld', 'PATH': '/usr/local/bin:/usr/local/bin:/usr/bin:/bin:/usr/local/games:/usr/games', 'DISPLAY': ':0', 'CCACHE_UMASK': '002', 'LANG': 'en_US.UTF-8', 'TERM': 'linux', 'SHELL': '/bin/bash', 'MOZ_NODE_PATH': '/usr/bin/node', 'XDG_SESSION_COOKIE': '9ca12473fbb1d023794ffd180000023c-1528502228.269235-1811039256', 'SHLVL': '1', 'NO_FAIL_ON_TEST_ERRORS': '1', 'MOZ_NO_REMOTE': '1', 'MOZ_HIDE_RESULTS_TABLE': '1', 'MAIL': '/var/mail/cltbld', '_': '/tools/buildbot/bin/python', 'NODE_PATH': '/usr/lib/nodejs:/usr/lib/node_modules:/usr/share/javascript', 'PWD': '/builds/slave/test', 'PROPERTIES_FILE': '/builds/slave/test/buildprops.json', 'CCACHE_DIR': '/builds/ccache'}}, attempt #1
16:59:53     INFO - Running command: ['/builds/slave/test/build/venv/bin/pip', 'install', '--timeout', '120', '--no-index', '--find-links', 'http://pypi.pvt.build.mozilla.org/pub', '--find-links', 'http://pypi.pub.build.mozilla.org/pub', '--trusted-host', 'pypi.pub.build.mozilla.org', '--trusted-host', 'pypi.pvt.build.mozilla.org', 'mock'] in /builds/slave/test/build
16:59:53     INFO - Copy/paste: /builds/slave/test/build/venv/bin/pip install --timeout 120 --no-index --find-links http://pypi.pvt.build.mozilla.org/pub --find-links http://pypi.pub.build.mozilla.org/pub --trusted-host pypi.pub.build.mozilla.org --trusted-host pypi.pvt.build.mozilla.org mock
16:59:53     INFO - Using env: {'CCACHE_DIR': '/builds/ccache',
16:59:53     INFO -  'CCACHE_UMASK': '002',
16:59:53     INFO -  'DISPLAY': ':0',
16:59:53     INFO -  'HOME': '/home/cltbld',
16:59:53     INFO -  'LANG': 'en_US.UTF-8',
16:59:53     INFO -  'LOGNAME': 'cltbld',
16:59:53     INFO -  'MAIL': '/var/mail/cltbld',
16:59:53     INFO -  'MOZ_HIDE_RESULTS_TABLE': '1',
16:59:53     INFO -  'MOZ_NODE_PATH': '/usr/bin/node',
16:59:53     INFO -  'MOZ_NO_REMOTE': '1',
16:59:53     INFO -  'NODE_PATH': '/usr/lib/nodejs:/usr/lib/node_modules:/usr/share/javascript',
16:59:53     INFO -  'NO_FAIL_ON_TEST_ERRORS': '1',
16:59:53     INFO -  'PATH': '/usr/local/bin:/usr/local/bin:/usr/bin:/bin:/usr/local/games:/usr/games',
16:59:53     INFO -  'PROPERTIES_FILE': '/builds/slave/test/buildprops.json',
16:59:53     INFO -  'PWD': '/builds/slave/test',
16:59:53     INFO -  'SHELL': '/bin/bash',
16:59:53     INFO -  'SHLVL': '1',
16:59:53     INFO -  'TERM': 'linux',
16:59:53     INFO -  'TMOUT': '86400',
16:59:53     INFO -  'USER': 'cltbld',
16:59:53     INFO -  'XDG_SESSION_COOKIE': '9ca12473fbb1d023794ffd180000023c-1528502228.269235-1811039256',
16:59:53     INFO -  '_': '/tools/buildbot/bin/python'}
16:59:54     INFO -  Ignoring indexes: https://pypi.python.org/simple
16:59:54     INFO -  Collecting mock
16:59:55     INFO -  /builds/slave/test/build/venv/lib/python2.7/site-packages/pip/_vendor/requests/packages/urllib3/util/ssl_.py:318: SNIMissingWarning: An HTTPS request has been made, but the SNI (Subject Name Indication) extension to TLS is not available on this platform. This may cause the server to present an incorrect TLS certificate, which can cause validation failures. You can upgrade to a newer version of Python to solve this. For more information, see https://urllib3.readthedocs.org/en/latest/security.html#snimissingwarning.
16:59:55     INFO -    SNIMissingWarning
16:59:55     INFO -  /builds/slave/test/build/venv/lib/python2.7/site-packages/pip/_vendor/requests/packages/urllib3/util/ssl_.py:122: InsecurePlatformWarning: A true SSLContext object is not available. This prevents urllib3 from configuring SSL appropriately and may cause certain SSL connections to fail. You can upgrade to a newer version of Python to solve this. For more information, see https://urllib3.readthedocs.org/en/latest/security.html#insecureplatformwarning.
16:59:55     INFO -    InsecurePlatformWarning
16:59:56     INFO -  /builds/slave/test/build/venv/lib/python2.7/site-packages/pip/_vendor/requests/packages/urllib3/util/ssl_.py:122: InsecurePlatformWarning: A true SSLContext object is not available. This prevents urllib3 from configuring SSL appropriately and may cause certain SSL connections to fail. You can upgrade to a newer version of Python to solve this. For more information, see https://urllib3.readthedocs.org/en/latest/security.html#insecureplatformwarning.
16:59:56     INFO -    InsecurePlatformWarning
17:00:02     INFO -    Downloading https://pypi.pvt.build.mozilla.org/pub/mock-1.0.1.tar.gz (818kB)
17:00:03     INFO -  Building wheels for collected packages: mock
17:00:03     INFO -    Running setup.py bdist_wheel for mock: started
17:00:04     INFO -    Running setup.py bdist_wheel for mock: finished with status 'done'
17:00:04     INFO -    Stored in directory: /home/cltbld/.cache/pip/wheels/42/d3/87/79283a2f50dfedbfad996edf7028483b27c5953e56856af7d0
17:00:04     INFO -  Successfully built mock
17:00:04     INFO -  Installing collected packages: mock
17:00:04     INFO -  Successfully installed mock-1.0.1
17:00:04     INFO - Return code: 0
17:00:04     INFO - Installing simplejson into virtualenv /builds/slave/test/build/venv
17:00:04     INFO - retry: Calling run_command with args: [['/builds/slave/test/build/venv/bin/pip', 'install', '--timeout', '120', '--no-index', '--find-links', 'http://pypi.pvt.build.mozilla.org/pub', '--find-links', 'http://pypi.pub.build.mozilla.org/pub', '--trusted-host', 'pypi.pub.build.mozilla.org', '--trusted-host', 'pypi.pvt.build.mozilla.org', 'simplejson']], kwargs: {'error_level': 'warning', 'error_list': [{'substr': 'not found or a compiler error:', 'level': 'warning'}, {'regex': <_sre.SRE_Pattern object at 0x7fc62cd21110>, 'level': 'error'}, {'regex': <_sre.SRE_Pattern object at 0x7fc62ce29e40>, 'level': 'warning'}, {'regex': <_sre.SRE_Pattern object at 0x20093e0>, 'level': 'debug'}, {'substr': 'command not found', 'level': 'error'}, {'regex': <_sre.SRE_Pattern object at 0x2005a90>, 'level': 'warning'}, {'substr': 'Traceback (most recent call last)', 'level': 'error'}, {'substr': 'SyntaxError: ', 'level': 'error'}, {'substr': 'TypeError: ', 'level': 'error'}, {'substr': 'NameError: ', 'level': 'error'}, {'substr': 'ZeroDivisionError: ', 'level': 'error'}, {'regex': <_sre.SRE_Pattern object at 0x20073f0>, 'level': 'critical'}, {'regex': <_sre.SRE_Pattern object at 0x2007670>, 'level': 'critical'}], 'cwd': '/builds/slave/test/build', 'env': {'TMOUT': '86400', 'LOGNAME': 'cltbld', 'USER': 'cltbld', 'HOME': '/home/cltbld', 'PATH': '/usr/local/bin:/usr/local/bin:/usr/bin:/bin:/usr/local/games:/usr/games', 'DISPLAY': ':0', 'CCACHE_UMASK': '002', 'LANG': 'en_US.UTF-8', 'TERM': 'linux', 'SHELL': '/bin/bash', 'MOZ_NODE_PATH': '/usr/bin/node', 'XDG_SESSION_COOKIE': '9ca12473fbb1d023794ffd180000023c-1528502228.269235-1811039256', 'SHLVL': '1', 'NO_FAIL_ON_TEST_ERRORS': '1', 'MOZ_NO_REMOTE': '1', 'MOZ_HIDE_RESULTS_TABLE': '1', 'MAIL': '/var/mail/cltbld', '_': '/tools/buildbot/bin/python', 'NODE_PATH': '/usr/lib/nodejs:/usr/lib/node_modules:/usr/share/javascript', 'PWD': '/builds/slave/test', 'PROPERTIES_FILE': '/builds/slave/test/buildprops.json', 'CCACHE_DIR': '/builds/ccache'}}, attempt #1
17:00:04     INFO - Running command: ['/builds/slave/test/build/venv/bin/pip', 'install', '--timeout', '120', '--no-index', '--find-links', 'http://pypi.pvt.build.mozilla.org/pub', '--find-links', 'http://pypi.pub.build.mozilla.org/pub', '--trusted-host', 'pypi.pub.build.mozilla.org', '--trusted-host', 'pypi.pvt.build.mozilla.org', 'simplejson'] in /builds/slave/test/build
17:00:04     INFO - Copy/paste: /builds/slave/test/build/venv/bin/pip install --timeout 120 --no-index --find-links http://pypi.pvt.build.mozilla.org/pub --find-links http://pypi.pub.build.mozilla.org/pub --trusted-host pypi.pub.build.mozilla.org --trusted-host pypi.pvt.build.mozilla.org simplejson
17:00:04     INFO - Using env: {'CCACHE_DIR': '/builds/ccache',
17:00:04     INFO -  'CCACHE_UMASK': '002',
17:00:04     INFO -  'DISPLAY': ':0',
17:00:04     INFO -  'HOME': '/home/cltbld',
17:00:04     INFO -  'LANG': 'en_US.UTF-8',
17:00:04     INFO -  'LOGNAME': 'cltbld',
17:00:04     INFO -  'MAIL': '/var/mail/cltbld',
17:00:04     INFO -  'MOZ_HIDE_RESULTS_TABLE': '1',
17:00:04     INFO -  'MOZ_NODE_PATH': '/usr/bin/node',
17:00:04     INFO -  'MOZ_NO_REMOTE': '1',
17:00:04     INFO -  'NODE_PATH': '/usr/lib/nodejs:/usr/lib/node_modules:/usr/share/javascript',
17:00:04     INFO -  'NO_FAIL_ON_TEST_ERRORS': '1',
17:00:04     INFO -  'PATH': '/usr/local/bin:/usr/local/bin:/usr/bin:/bin:/usr/local/games:/usr/games',
17:00:04     INFO -  'PROPERTIES_FILE': '/builds/slave/test/buildprops.json',
17:00:04     INFO -  'PWD': '/builds/slave/test',
17:00:04     INFO -  'SHELL': '/bin/bash',
17:00:04     INFO -  'SHLVL': '1',
17:00:04     INFO -  'TERM': 'linux',
17:00:04     INFO -  'TMOUT': '86400',
17:00:04     INFO -  'USER': 'cltbld',
17:00:04     INFO -  'XDG_SESSION_COOKIE': '9ca12473fbb1d023794ffd180000023c-1528502228.269235-1811039256',
17:00:04     INFO -  '_': '/tools/buildbot/bin/python'}
17:00:05     INFO -  Ignoring indexes: https://pypi.python.org/simple
17:00:05     INFO -  Collecting simplejson
17:00:05     INFO -  /builds/slave/test/build/venv/lib/python2.7/site-packages/pip/_vendor/requests/packages/urllib3/util/ssl_.py:318: SNIMissingWarning: An HTTPS request has been made, but the SNI (Subject Name Indication) extension to TLS is not available on this platform. This may cause the server to present an incorrect TLS certificate, which can cause validation failures. You can upgrade to a newer version of Python to solve this. For more information, see https://urllib3.readthedocs.org/en/latest/security.html#snimissingwarning.
17:00:05     INFO -    SNIMissingWarning
17:00:05     INFO -  /builds/slave/test/build/venv/lib/python2.7/site-packages/pip/_vendor/requests/packages/urllib3/util/ssl_.py:122: InsecurePlatformWarning: A true SSLContext object is not available. This prevents urllib3 from configuring SSL appropriately and may cause certain SSL connections to fail. You can upgrade to a newer version of Python to solve this. For more information, see https://urllib3.readthedocs.org/en/latest/security.html#insecureplatformwarning.
17:00:05     INFO -    InsecurePlatformWarning
17:00:07     INFO -  /builds/slave/test/build/venv/lib/python2.7/site-packages/pip/_vendor/requests/packages/urllib3/util/ssl_.py:122: InsecurePlatformWarning: A true SSLContext object is not available. This prevents urllib3 from configuring SSL appropriately and may cause certain SSL connections to fail. You can upgrade to a newer version of Python to solve this. For more information, see https://urllib3.readthedocs.org/en/latest/security.html#insecureplatformwarning.
17:00:07     INFO -    InsecurePlatformWarning
17:00:13     INFO -    Downloading https://pypi.pvt.build.mozilla.org/pub/simplejson-3.3.0.tar.gz (67kB)
17:00:13     INFO -  Building wheels for collected packages: simplejson
17:00:13     INFO -    Running setup.py bdist_wheel for simplejson: started
17:00:16     INFO -    Running setup.py bdist_wheel for simplejson: finished with status 'done'
17:00:16     INFO -    Stored in directory: /home/cltbld/.cache/pip/wheels/b1/26/8f/72b2a349729d24b9c6aa399407fddd384f8814e045e6de407e
17:00:16     INFO -  Successfully built simplejson
17:00:16     INFO -  Installing collected packages: simplejson
17:00:16     INFO -  Successfully installed simplejson-3.3.0
17:00:16     INFO - Return code: 0
17:00:16     INFO - Installing None into virtualenv /builds/slave/test/build/venv
17:00:16     INFO - retry: Calling run_command with args: [['/builds/slave/test/build/venv/bin/pip', 'install', '--no-deps', '--timeout', '120', '-r', '/builds/slave/test/build/tests/config/marionette_requirements.txt', '--no-index', '--find-links', 'http://pypi.pvt.build.mozilla.org/pub', '--find-links', 'http://pypi.pub.build.mozilla.org/pub', '--trusted-host', 'pypi.pub.build.mozilla.org', '--trusted-host', 'pypi.pvt.build.mozilla.org']], kwargs: {'error_level': 'warning', 'error_list': [{'substr': 'not found or a compiler error:', 'level': 'warning'}, {'regex': <_sre.SRE_Pattern object at 0x7fc62cd21110>, 'level': 'error'}, {'regex': <_sre.SRE_Pattern object at 0x7fc62ce29e40>, 'level': 'warning'}, {'regex': <_sre.SRE_Pattern object at 0x20093e0>, 'level': 'debug'}, {'substr': 'command not found', 'level': 'error'}, {'regex': <_sre.SRE_Pattern object at 0x2005a90>, 'level': 'warning'}, {'substr': 'Traceback (most recent call last)', 'level': 'error'}, {'substr': 'SyntaxError: ', 'level': 'error'}, {'substr': 'TypeError: ', 'level': 'error'}, {'substr': 'NameError: ', 'level': 'error'}, {'substr': 'ZeroDivisionError: ', 'level': 'error'}, {'regex': <_sre.SRE_Pattern object at 0x20073f0>, 'level': 'critical'}, {'regex': <_sre.SRE_Pattern object at 0x2007670>, 'level': 'critical'}], 'cwd': '/builds/slave/test/build/tests/config', 'env': {'TMOUT': '86400', 'LOGNAME': 'cltbld', 'USER': 'cltbld', 'HOME': '/home/cltbld', 'PATH': '/usr/local/bin:/usr/local/bin:/usr/bin:/bin:/usr/local/games:/usr/games', 'DISPLAY': ':0', 'CCACHE_UMASK': '002', 'LANG': 'en_US.UTF-8', 'TERM': 'linux', 'SHELL': '/bin/bash', 'MOZ_NODE_PATH': '/usr/bin/node', 'XDG_SESSION_COOKIE': '9ca12473fbb1d023794ffd180000023c-1528502228.269235-1811039256', 'SHLVL': '1', 'NO_FAIL_ON_TEST_ERRORS': '1', 'MOZ_NO_REMOTE': '1', 'MOZ_HIDE_RESULTS_TABLE': '1', 'MAIL': '/var/mail/cltbld', '_': '/tools/buildbot/bin/python', 'NODE_PATH': '/usr/lib/nodejs:/usr/lib/node_modules:/usr/share/javascript', 'PWD': '/builds/slave/test', 'PROPERTIES_FILE': '/builds/slave/test/buildprops.json', 'CCACHE_DIR': '/builds/ccache'}}, attempt #1
17:00:16     INFO - Running command: ['/builds/slave/test/build/venv/bin/pip', 'install', '--no-deps', '--timeout', '120', '-r', '/builds/slave/test/build/tests/config/marionette_requirements.txt', '--no-index', '--find-links', 'http://pypi.pvt.build.mozilla.org/pub', '--find-links', 'http://pypi.pub.build.mozilla.org/pub', '--trusted-host', 'pypi.pub.build.mozilla.org', '--trusted-host', 'pypi.pvt.build.mozilla.org'] in /builds/slave/test/build/tests/config
17:00:16     INFO - Copy/paste: /builds/slave/test/build/venv/bin/pip install --no-deps --timeout 120 -r /builds/slave/test/build/tests/config/marionette_requirements.txt --no-index --find-links http://pypi.pvt.build.mozilla.org/pub --find-links http://pypi.pub.build.mozilla.org/pub --trusted-host pypi.pub.build.mozilla.org --trusted-host pypi.pvt.build.mozilla.org
17:00:16     INFO - Using env: {'CCACHE_DIR': '/builds/ccache',
17:00:16     INFO -  'CCACHE_UMASK': '002',
17:00:16     INFO -  'DISPLAY': ':0',
17:00:16     INFO -  'HOME': '/home/cltbld',
17:00:16     INFO -  'LANG': 'en_US.UTF-8',
17:00:16     INFO -  'LOGNAME': 'cltbld',
17:00:16     INFO -  'MAIL': '/var/mail/cltbld',
17:00:16     INFO -  'MOZ_HIDE_RESULTS_TABLE': '1',
17:00:16     INFO -  'MOZ_NODE_PATH': '/usr/bin/node',
17:00:16     INFO -  'MOZ_NO_REMOTE': '1',
17:00:16     INFO -  'NODE_PATH': '/usr/lib/nodejs:/usr/lib/node_modules:/usr/share/javascript',
17:00:16     INFO -  'NO_FAIL_ON_TEST_ERRORS': '1',
17:00:16     INFO -  'PATH': '/usr/local/bin:/usr/local/bin:/usr/bin:/bin:/usr/local/games:/usr/games',
17:00:16     INFO -  'PROPERTIES_FILE': '/builds/slave/test/buildprops.json',
17:00:16     INFO -  'PWD': '/builds/slave/test',
17:00:16     INFO -  'SHELL': '/bin/bash',
17:00:16     INFO -  'SHLVL': '1',
17:00:16     INFO -  'TERM': 'linux',
17:00:16     INFO -  'TMOUT': '86400',
17:00:16     INFO -  'USER': 'cltbld',
17:00:16     INFO -  'XDG_SESSION_COOKIE': '9ca12473fbb1d023794ffd180000023c-1528502228.269235-1811039256',
17:00:16     INFO -  '_': '/tools/buildbot/bin/python'}
17:00:17     INFO -  Ignoring indexes: https://pypi.python.org/simple
17:00:17     INFO -  Processing /builds/slave/test/build/tests/mozbase/manifestparser
17:00:18     INFO -    Requirement already satisfied (use --upgrade to upgrade): manifestparser==1.1 from file:///builds/slave/test/build/tests/mozbase/manifestparser in /builds/slave/test/build/venv/lib/python2.7/site-packages (from -r /builds/slave/test/build/tests/config/mozbase_requirements.txt (line 1))
17:00:18     INFO -  Processing /builds/slave/test/build/tests/mozbase/mozcrash
17:00:18     INFO -    Requirement already satisfied (use --upgrade to upgrade): mozcrash==1.0 from file:///builds/slave/test/build/tests/mozbase/mozcrash in /builds/slave/test/build/venv/lib/python2.7/site-packages (from -r /builds/slave/test/build/tests/config/mozbase_requirements.txt (line 2))
17:00:18     INFO -  Processing /builds/slave/test/build/tests/mozbase/mozdebug
17:00:18     INFO -    Requirement already satisfied (use --upgrade to upgrade): mozdebug==0.1 from file:///builds/slave/test/build/tests/mozbase/mozdebug in /builds/slave/test/build/venv/lib/python2.7/site-packages (from -r /builds/slave/test/build/tests/config/mozbase_requirements.txt (line 3))
17:00:18     INFO -  Processing /builds/slave/test/build/tests/mozbase/mozdevice
17:00:19     INFO -    Requirement already satisfied (use --upgrade to upgrade): mozdevice==0.48 from file:///builds/slave/test/build/tests/mozbase/mozdevice in /builds/slave/test/build/venv/lib/python2.7/site-packages (from -r /builds/slave/test/build/tests/config/mozbase_requirements.txt (line 4))
17:00:19     INFO -  Processing /builds/slave/test/build/tests/mozbase/mozfile
17:00:19     INFO -    Requirement already satisfied (use --upgrade to upgrade): mozfile==1.2 from file:///builds/slave/test/build/tests/mozbase/mozfile in /builds/slave/test/build/venv/lib/python2.7/site-packages (from -r /builds/slave/test/build/tests/config/mozbase_requirements.txt (line 5))
17:00:19     INFO -  Processing /builds/slave/test/build/tests/mozbase/mozhttpd
17:00:20     INFO -    Requirement already satisfied (use --upgrade to upgrade): mozhttpd==0.7 from file:///builds/slave/test/build/tests/mozbase/mozhttpd in /builds/slave/test/build/venv/lib/python2.7/site-packages (from -r /builds/slave/test/build/tests/config/mozbase_requirements.txt (line 6))
17:00:20     INFO -  Processing /builds/slave/test/build/tests/mozbase/mozinfo
17:00:20     INFO -    Requirement already satisfied (use --upgrade to upgrade): mozinfo==0.9 from file:///builds/slave/test/build/tests/mozbase/mozinfo in /builds/slave/test/build/venv/lib/python2.7/site-packages (from -r /builds/slave/test/build/tests/config/mozbase_requirements.txt (line 7))
17:00:20     INFO -  Processing /builds/slave/test/build/tests/mozbase/mozinstall
17:00:20     INFO -    Requirement already satisfied (use --upgrade to upgrade): mozInstall==1.12 from file:///builds/slave/test/build/tests/mozbase/mozinstall in /builds/slave/test/build/venv/lib/python2.7/site-packages (from -r /builds/slave/test/build/tests/config/mozbase_requirements.txt (line 8))
17:00:20     INFO -  Processing /builds/slave/test/build/tests/mozbase/mozleak
17:00:21     INFO -    Requirement already satisfied (use --upgrade to upgrade): mozleak==0.1 from file:///builds/slave/test/build/tests/mozbase/mozleak in /builds/slave/test/build/venv/lib/python2.7/site-packages (from -r /builds/slave/test/build/tests/config/mozbase_requirements.txt (line 9))
17:00:21     INFO -  Processing /builds/slave/test/build/tests/mozbase/mozlog
17:00:21     INFO -    Requirement already satisfied (use --upgrade to upgrade): mozlog==3.4 from file:///builds/slave/test/build/tests/mozbase/mozlog in /builds/slave/test/build/venv/lib/python2.7/site-packages (from -r /builds/slave/test/build/tests/config/mozbase_requirements.txt (line 10))
17:00:21     INFO -  Processing /builds/slave/test/build/tests/mozbase/moznetwork
17:00:21     INFO -    Requirement already satisfied (use --upgrade to upgrade): moznetwork==0.27 from file:///builds/slave/test/build/tests/mozbase/moznetwork in /builds/slave/test/build/venv/lib/python2.7/site-packages (from -r /builds/slave/test/build/tests/config/mozbase_requirements.txt (line 11))
17:00:21     INFO -  Processing /builds/slave/test/build/tests/mozbase/mozprocess
17:00:22     INFO -    Requirement already satisfied (use --upgrade to upgrade): mozprocess==0.23 from file:///builds/slave/test/build/tests/mozbase/mozprocess in /builds/slave/test/build/venv/lib/python2.7/site-packages (from -r /builds/slave/test/build/tests/config/mozbase_requirements.txt (line 12))
17:00:22     INFO -  Processing /builds/slave/test/build/tests/mozbase/mozprofile
17:00:22     INFO -    Requirement already satisfied (use --upgrade to upgrade): mozprofile==0.28 from file:///builds/slave/test/build/tests/mozbase/mozprofile in /builds/slave/test/build/venv/lib/python2.7/site-packages (from -r /builds/slave/test/build/tests/config/mozbase_requirements.txt (line 13))
17:00:22     INFO -  Processing /builds/slave/test/build/tests/mozbase/mozrunner
17:00:23     INFO -    Requirement already satisfied (use --upgrade to upgrade): mozrunner==6.13 from file:///builds/slave/test/build/tests/mozbase/mozrunner in /builds/slave/test/build/venv/lib/python2.7/site-packages (from -r /builds/slave/test/build/tests/config/mozbase_requirements.txt (line 14))
17:00:23     INFO -  Processing /builds/slave/test/build/tests/mozbase/mozscreenshot
17:00:23     INFO -    Requirement already satisfied (use --upgrade to upgrade): mozscreenshot==0.1 from file:///builds/slave/test/build/tests/mozbase/mozscreenshot in /builds/slave/test/build/venv/lib/python2.7/site-packages (from -r /builds/slave/test/build/tests/config/mozbase_requirements.txt (line 15))
17:00:23     INFO -  Processing /builds/slave/test/build/tests/mozbase/moztest
17:00:24     INFO -    Requirement already satisfied (use --upgrade to upgrade): moztest==0.8 from file:///builds/slave/test/build/tests/mozbase/moztest in /builds/slave/test/build/venv/lib/python2.7/site-packages (from -r /builds/slave/test/build/tests/config/mozbase_requirements.txt (line 16))
17:00:24     INFO -  Processing /builds/slave/test/build/tests/mozbase/mozversion
17:00:24     INFO -    Requirement already satisfied (use --upgrade to upgrade): mozversion==1.4 from file:///builds/slave/test/build/tests/mozbase/mozversion in /builds/slave/test/build/venv/lib/python2.7/site-packages (from -r /builds/slave/test/build/tests/config/mozbase_requirements.txt (line 17))
17:00:24     INFO -  Processing /builds/slave/test/build/tests/tools/wptserve
17:00:24     INFO -  Processing /builds/slave/test/build/tests/marionette/client
17:00:25     INFO -  Processing /builds/slave/test/build/tests/marionette/harness/marionette_harness/runner/mixins/browsermob-proxy-py
17:00:25     INFO -  Processing /builds/slave/test/build/tests/marionette/harness
17:00:26     INFO -  Processing /builds/slave/test/build/tests/marionette/puppeteer/firefox
17:00:26     INFO -  Building wheels for collected packages: browsermob-proxy
17:00:26     INFO -    Running setup.py bdist_wheel for browsermob-proxy: started
17:00:27     INFO -    Running setup.py bdist_wheel for browsermob-proxy: finished with status 'done'
17:00:27     INFO -    Stored in directory: /home/cltbld/.cache/pip/wheels/10/00/c1/79bb793b6a7eb4dca9dfd244010f550ae5044951bcd23c261e
17:00:27     INFO -  Successfully built browsermob-proxy
17:00:27     INFO -  Installing collected packages: wptserve, marionette-driver, browsermob-proxy, marionette-harness, firefox-puppeteer
17:00:27     INFO -    Running setup.py install for wptserve: started
17:00:27     INFO -      Running setup.py install for wptserve: finished with status 'done'
17:00:27     INFO -    Running setup.py install for marionette-driver: started
17:00:28     INFO -      Running setup.py install for marionette-driver: finished with status 'done'
17:00:28     INFO -    Running setup.py install for marionette-harness: started
17:00:29     INFO -      Running setup.py install for marionette-harness: finished with status 'done'
17:00:29     INFO -    Running setup.py install for firefox-puppeteer: started
17:00:29     INFO -      Running setup.py install for firefox-puppeteer: finished with status 'done'
17:00:30     INFO -  Successfully installed browsermob-proxy-0.6.0 firefox-puppeteer-52.1.0 marionette-driver-2.2.0 marionette-harness-4.0.0 wptserve-1.4.0
17:00:30     INFO - Return code: 0
17:00:30     INFO - Installing None into virtualenv /builds/slave/test/build/venv
17:00:30     INFO - retry: Calling run_command with args: [['/builds/slave/test/build/venv/bin/pip', 'install', '--timeout', '120', '-r', '/builds/slave/test/build/tests/config/marionette_requirements.txt', '--no-index', '--find-links', 'http://pypi.pvt.build.mozilla.org/pub', '--find-links', 'http://pypi.pub.build.mozilla.org/pub', '--trusted-host', 'pypi.pub.build.mozilla.org', '--trusted-host', 'pypi.pvt.build.mozilla.org']], kwargs: {'error_level': 'warning', 'error_list': [{'substr': 'not found or a compiler error:', 'level': 'warning'}, {'regex': <_sre.SRE_Pattern object at 0x7fc62cd21110>, 'level': 'error'}, {'regex': <_sre.SRE_Pattern object at 0x7fc62ce29e40>, 'level': 'warning'}, {'regex': <_sre.SRE_Pattern object at 0x20093e0>, 'level': 'debug'}, {'substr': 'command not found', 'level': 'error'}, {'regex': <_sre.SRE_Pattern object at 0x2005a90>, 'level': 'warning'}, {'substr': 'Traceback (most recent call last)', 'level': 'error'}, {'substr': 'SyntaxError: ', 'level': 'error'}, {'substr': 'TypeError: ', 'level': 'error'}, {'substr': 'NameError: ', 'level': 'error'}, {'substr': 'ZeroDivisionError: ', 'level': 'error'}, {'regex': <_sre.SRE_Pattern object at 0x20073f0>, 'level': 'critical'}, {'regex': <_sre.SRE_Pattern object at 0x2007670>, 'level': 'critical'}], 'cwd': '/builds/slave/test/build/tests/config', 'env': {'TMOUT': '86400', 'LOGNAME': 'cltbld', 'USER': 'cltbld', 'HOME': '/home/cltbld', 'PATH': '/usr/local/bin:/usr/local/bin:/usr/bin:/bin:/usr/local/games:/usr/games', 'DISPLAY': ':0', 'CCACHE_UMASK': '002', 'LANG': 'en_US.UTF-8', 'TERM': 'linux', 'SHELL': '/bin/bash', 'MOZ_NODE_PATH': '/usr/bin/node', 'XDG_SESSION_COOKIE': '9ca12473fbb1d023794ffd180000023c-1528502228.269235-1811039256', 'SHLVL': '1', 'NO_FAIL_ON_TEST_ERRORS': '1', 'MOZ_NO_REMOTE': '1', 'MOZ_HIDE_RESULTS_TABLE': '1', 'MAIL': '/var/mail/cltbld', '_': '/tools/buildbot/bin/python', 'NODE_PATH': '/usr/lib/nodejs:/usr/lib/node_modules:/usr/share/javascript', 'PWD': '/builds/slave/test', 'PROPERTIES_FILE': '/builds/slave/test/buildprops.json', 'CCACHE_DIR': '/builds/ccache'}}, attempt #1
17:00:30     INFO - Running command: ['/builds/slave/test/build/venv/bin/pip', 'install', '--timeout', '120', '-r', '/builds/slave/test/build/tests/config/marionette_requirements.txt', '--no-index', '--find-links', 'http://pypi.pvt.build.mozilla.org/pub', '--find-links', 'http://pypi.pub.build.mozilla.org/pub', '--trusted-host', 'pypi.pub.build.mozilla.org', '--trusted-host', 'pypi.pvt.build.mozilla.org'] in /builds/slave/test/build/tests/config
17:00:30     INFO - Copy/paste: /builds/slave/test/build/venv/bin/pip install --timeout 120 -r /builds/slave/test/build/tests/config/marionette_requirements.txt --no-index --find-links http://pypi.pvt.build.mozilla.org/pub --find-links http://pypi.pub.build.mozilla.org/pub --trusted-host pypi.pub.build.mozilla.org --trusted-host pypi.pvt.build.mozilla.org
17:00:30     INFO - Using env: {'CCACHE_DIR': '/builds/ccache',
17:00:30     INFO -  'CCACHE_UMASK': '002',
17:00:30     INFO -  'DISPLAY': ':0',
17:00:30     INFO -  'HOME': '/home/cltbld',
17:00:30     INFO -  'LANG': 'en_US.UTF-8',
17:00:30     INFO -  'LOGNAME': 'cltbld',
17:00:30     INFO -  'MAIL': '/var/mail/cltbld',
17:00:30     INFO -  'MOZ_HIDE_RESULTS_TABLE': '1',
17:00:30     INFO -  'MOZ_NODE_PATH': '/usr/bin/node',
17:00:30     INFO -  'MOZ_NO_REMOTE': '1',
17:00:30     INFO -  'NODE_PATH': '/usr/lib/nodejs:/usr/lib/node_modules:/usr/share/javascript',
17:00:30     INFO -  'NO_FAIL_ON_TEST_ERRORS': '1',
17:00:30     INFO -  'PATH': '/usr/local/bin:/usr/local/bin:/usr/bin:/bin:/usr/local/games:/usr/games',
17:00:30     INFO -  'PROPERTIES_FILE': '/builds/slave/test/buildprops.json',
17:00:30     INFO -  'PWD': '/builds/slave/test',
17:00:30     INFO -  'SHELL': '/bin/bash',
17:00:30     INFO -  'SHLVL': '1',
17:00:30     INFO -  'TERM': 'linux',
17:00:30     INFO -  'TMOUT': '86400',
17:00:30     INFO -  'USER': 'cltbld',
17:00:30     INFO -  'XDG_SESSION_COOKIE': '9ca12473fbb1d023794ffd180000023c-1528502228.269235-1811039256',
17:00:30     INFO -  '_': '/tools/buildbot/bin/python'}
17:00:31     INFO -  Ignoring indexes: https://pypi.python.org/simple
17:00:31     INFO -  Processing /builds/slave/test/build/tests/mozbase/manifestparser
17:00:31     INFO -    Requirement already satisfied (use --upgrade to upgrade): manifestparser==1.1 from file:///builds/slave/test/build/tests/mozbase/manifestparser in /builds/slave/test/build/venv/lib/python2.7/site-packages (from -r /builds/slave/test/build/tests/config/mozbase_requirements.txt (line 1))
17:00:31     INFO -  Processing /builds/slave/test/build/tests/mozbase/mozcrash
17:00:32     INFO -    Requirement already satisfied (use --upgrade to upgrade): mozcrash==1.0 from file:///builds/slave/test/build/tests/mozbase/mozcrash in /builds/slave/test/build/venv/lib/python2.7/site-packages (from -r /builds/slave/test/build/tests/config/mozbase_requirements.txt (line 2))
17:00:32     INFO -  Processing /builds/slave/test/build/tests/mozbase/mozdebug
17:00:32     INFO -    Requirement already satisfied (use --upgrade to upgrade): mozdebug==0.1 from file:///builds/slave/test/build/tests/mozbase/mozdebug in /builds/slave/test/build/venv/lib/python2.7/site-packages (from -r /builds/slave/test/build/tests/config/mozbase_requirements.txt (line 3))
17:00:32     INFO -  Processing /builds/slave/test/build/tests/mozbase/mozdevice
17:00:33     INFO -    Requirement already satisfied (use --upgrade to upgrade): mozdevice==0.48 from file:///builds/slave/test/build/tests/mozbase/mozdevice in /builds/slave/test/build/venv/lib/python2.7/site-packages (from -r /builds/slave/test/build/tests/config/mozbase_requirements.txt (line 4))
17:00:33     INFO -  Processing /builds/slave/test/build/tests/mozbase/mozfile
17:00:33     INFO -    Requirement already satisfied (use --upgrade to upgrade): mozfile==1.2 from file:///builds/slave/test/build/tests/mozbase/mozfile in /builds/slave/test/build/venv/lib/python2.7/site-packages (from -r /builds/slave/test/build/tests/config/mozbase_requirements.txt (line 5))
17:00:33     INFO -  Processing /builds/slave/test/build/tests/mozbase/mozhttpd
17:00:33     INFO -    Requirement already satisfied (use --upgrade to upgrade): mozhttpd==0.7 from file:///builds/slave/test/build/tests/mozbase/mozhttpd in /builds/slave/test/build/venv/lib/python2.7/site-packages (from -r /builds/slave/test/build/tests/config/mozbase_requirements.txt (line 6))
17:00:33     INFO -  Processing /builds/slave/test/build/tests/mozbase/mozinfo
17:00:34     INFO -    Requirement already satisfied (use --upgrade to upgrade): mozinfo==0.9 from file:///builds/slave/test/build/tests/mozbase/mozinfo in /builds/slave/test/build/venv/lib/python2.7/site-packages (from -r /builds/slave/test/build/tests/config/mozbase_requirements.txt (line 7))
17:00:34     INFO -  Processing /builds/slave/test/build/tests/mozbase/mozinstall
17:00:34     INFO -    Requirement already satisfied (use --upgrade to upgrade): mozInstall==1.12 from file:///builds/slave/test/build/tests/mozbase/mozinstall in /builds/slave/test/build/venv/lib/python2.7/site-packages (from -r /builds/slave/test/build/tests/config/mozbase_requirements.txt (line 8))
17:00:34     INFO -  Processing /builds/slave/test/build/tests/mozbase/mozleak
17:00:35     INFO -    Requirement already satisfied (use --upgrade to upgrade): mozleak==0.1 from file:///builds/slave/test/build/tests/mozbase/mozleak in /builds/slave/test/build/venv/lib/python2.7/site-packages (from -r /builds/slave/test/build/tests/config/mozbase_requirements.txt (line 9))
17:00:35     INFO -  Processing /builds/slave/test/build/tests/mozbase/mozlog
17:00:35     INFO -    Requirement already satisfied (use --upgrade to upgrade): mozlog==3.4 from file:///builds/slave/test/build/tests/mozbase/mozlog in /builds/slave/test/build/venv/lib/python2.7/site-packages (from -r /builds/slave/test/build/tests/config/mozbase_requirements.txt (line 10))
17:00:35     INFO -  Processing /builds/slave/test/build/tests/mozbase/moznetwork
17:00:35     INFO -    Requirement already satisfied (use --upgrade to upgrade): moznetwork==0.27 from file:///builds/slave/test/build/tests/mozbase/moznetwork in /builds/slave/test/build/venv/lib/python2.7/site-packages (from -r /builds/slave/test/build/tests/config/mozbase_requirements.txt (line 11))
17:00:35     INFO -  Processing /builds/slave/test/build/tests/mozbase/mozprocess
17:00:36     INFO -    Requirement already satisfied (use --upgrade to upgrade): mozprocess==0.23 from file:///builds/slave/test/build/tests/mozbase/mozprocess in /builds/slave/test/build/venv/lib/python2.7/site-packages (from -r /builds/slave/test/build/tests/config/mozbase_requirements.txt (line 12))
17:00:36     INFO -  Processing /builds/slave/test/build/tests/mozbase/mozprofile
17:00:36     INFO -    Requirement already satisfied (use --upgrade to upgrade): mozprofile==0.28 from file:///builds/slave/test/build/tests/mozbase/mozprofile in /builds/slave/test/build/venv/lib/python2.7/site-packages (from -r /builds/slave/test/build/tests/config/mozbase_requirements.txt (line 13))
17:00:36     INFO -  Processing /builds/slave/test/build/tests/mozbase/mozrunner
17:00:37     INFO -    Requirement already satisfied (use --upgrade to upgrade): mozrunner==6.13 from file:///builds/slave/test/build/tests/mozbase/mozrunner in /builds/slave/test/build/venv/lib/python2.7/site-packages (from -r /builds/slave/test/build/tests/config/mozbase_requirements.txt (line 14))
17:00:37     INFO -  Processing /builds/slave/test/build/tests/mozbase/mozscreenshot
17:00:37     INFO -    Requirement already satisfied (use --upgrade to upgrade): mozscreenshot==0.1 from file:///builds/slave/test/build/tests/mozbase/mozscreenshot in /builds/slave/test/build/venv/lib/python2.7/site-packages (from -r /builds/slave/test/build/tests/config/mozbase_requirements.txt (line 15))
17:00:37     INFO -  Processing /builds/slave/test/build/tests/mozbase/moztest
17:00:38     INFO -    Requirement already satisfied (use --upgrade to upgrade): moztest==0.8 from file:///builds/slave/test/build/tests/mozbase/moztest in /builds/slave/test/build/venv/lib/python2.7/site-packages (from -r /builds/slave/test/build/tests/config/mozbase_requirements.txt (line 16))
17:00:38     INFO -  Processing /builds/slave/test/build/tests/mozbase/mozversion
17:00:38     INFO -    Requirement already satisfied (use --upgrade to upgrade): mozversion==1.4 from file:///builds/slave/test/build/tests/mozbase/mozversion in /builds/slave/test/build/venv/lib/python2.7/site-packages (from -r /builds/slave/test/build/tests/config/mozbase_requirements.txt (line 17))
17:00:38     INFO -  Processing /builds/slave/test/build/tests/tools/wptserve
17:00:38     INFO -    Requirement already satisfied (use --upgrade to upgrade): wptserve==1.4.0 from file:///builds/slave/test/build/tests/tools/wptserve in /builds/slave/test/build/venv/lib/python2.7/site-packages (from -r /builds/slave/test/build/tests/config/marionette_requirements.txt (line 3))
17:00:38     INFO -  Processing /builds/slave/test/build/tests/marionette/client
17:00:39     INFO -    Requirement already satisfied (use --upgrade to upgrade): marionette-driver==2.2.0 from file:///builds/slave/test/build/tests/marionette/client in /builds/slave/test/build/venv/lib/python2.7/site-packages (from -r /builds/slave/test/build/tests/config/marionette_requirements.txt (line 4))
17:00:39     INFO -  Processing /builds/slave/test/build/tests/marionette/harness/marionette_harness/runner/mixins/browsermob-proxy-py
17:00:39     INFO -    Requirement already satisfied (use --upgrade to upgrade): browsermob-proxy==0.6.0 from file:///builds/slave/test/build/tests/marionette/harness/marionette_harness/runner/mixins/browsermob-proxy-py in /builds/slave/test/build/venv/lib/python2.7/site-packages (from -r /builds/slave/test/build/tests/config/marionette_requirements.txt (line 5))
17:00:39     INFO -  Processing /builds/slave/test/build/tests/marionette/harness
17:00:40     INFO -    Requirement already satisfied (use --upgrade to upgrade): marionette-harness==4.0.0 from file:///builds/slave/test/build/tests/marionette/harness in /builds/slave/test/build/venv/lib/python2.7/site-packages (from -r /builds/slave/test/build/tests/config/marionette_requirements.txt (line 6))
17:00:40     INFO -  Processing /builds/slave/test/build/tests/marionette/puppeteer/firefox
17:00:40     INFO -    Requirement already satisfied (use --upgrade to upgrade): firefox-puppeteer==52.1.0 from file:///builds/slave/test/build/tests/marionette/puppeteer/firefox in /builds/slave/test/build/venv/lib/python2.7/site-packages (from -r /builds/slave/test/build/tests/config/marionette_requirements.txt (line 9))
17:00:40     INFO -  Requirement already satisfied (use --upgrade to upgrade): mozfile>=1.0 in /builds/slave/test/build/venv/lib/python2.7/site-packages (from mozcrash==1.0->-r /builds/slave/test/build/tests/config/mozbase_requirements.txt (line 2))
17:00:40     INFO -  Requirement already satisfied (use --upgrade to upgrade): mozlog>=3.0 in /builds/slave/test/build/venv/lib/python2.7/site-packages (from mozcrash==1.0->-r /builds/slave/test/build/tests/config/mozbase_requirements.txt (line 2))
17:00:40     INFO -  Requirement already satisfied (use --upgrade to upgrade): mozinfo in /builds/slave/test/build/venv/lib/python2.7/site-packages (from mozdebug==0.1->-r /builds/slave/test/build/tests/config/mozbase_requirements.txt (line 3))
17:00:40     INFO -  Requirement already satisfied (use --upgrade to upgrade): moznetwork>=0.24 in /builds/slave/test/build/venv/lib/python2.7/site-packages (from mozdevice==0.48->-r /builds/slave/test/build/tests/config/mozbase_requirements.txt (line 4))
17:00:40     INFO -  Requirement already satisfied (use --upgrade to upgrade): mozprocess>=0.19 in /builds/slave/test/build/venv/lib/python2.7/site-packages (from mozdevice==0.48->-r /builds/slave/test/build/tests/config/mozbase_requirements.txt (line 4))
17:00:40     INFO -  Requirement already satisfied (use --upgrade to upgrade): blessings>=1.3 in /builds/slave/test/build/venv/lib/python2.7/site-packages (from mozlog==3.4->-r /builds/slave/test/build/tests/config/mozbase_requirements.txt (line 10))
17:00:40     INFO -  Requirement already satisfied (use --upgrade to upgrade): requests>=1.1.0 in /builds/slave/test/build/venv/lib/python2.7/site-packages (from browsermob-proxy==0.6.0->-r /builds/slave/test/build/tests/config/marionette_requirements.txt (line 5))
17:00:40     INFO -  Building wheels for collected packages: browsermob-proxy
17:00:40     INFO -    Running setup.py bdist_wheel for browsermob-proxy: started
17:00:41     INFO -    Running setup.py bdist_wheel for browsermob-proxy: finished with status 'done'
17:00:41     INFO -    Stored in directory: /home/cltbld/.cache/pip/wheels/10/00/c1/79bb793b6a7eb4dca9dfd244010f550ae5044951bcd23c261e
17:00:41     INFO -  Successfully built browsermob-proxy
17:00:41     INFO - Return code: 0
17:00:41     INFO - Installing None into virtualenv /builds/slave/test/build/venv
17:00:41     INFO - retry: Calling run_command with args: [['/builds/slave/test/build/venv/bin/pip', 'install', '--no-deps', '--timeout', '120', '-r', '/builds/slave/test/build/tests/mochitest/websocketprocessbridge/websocketprocessbridge_requirements.txt', '--no-index', '--find-links', 'http://pypi.pvt.build.mozilla.org/pub', '--find-links', 'http://pypi.pub.build.mozilla.org/pub', '--trusted-host', 'pypi.pub.build.mozilla.org', '--trusted-host', 'pypi.pvt.build.mozilla.org']], kwargs: {'error_level': 'warning', 'error_list': [{'substr': 'not found or a compiler error:', 'level': 'warning'}, {'regex': <_sre.SRE_Pattern object at 0x7fc62cd21110>, 'level': 'error'}, {'regex': <_sre.SRE_Pattern object at 0x7fc62ce29e40>, 'level': 'warning'}, {'regex': <_sre.SRE_Pattern object at 0x20093e0>, 'level': 'debug'}, {'substr': 'command not found', 'level': 'error'}, {'regex': <_sre.SRE_Pattern object at 0x2005a90>, 'level': 'warning'}, {'substr': 'Traceback (most recent call last)', 'level': 'error'}, {'substr': 'SyntaxError: ', 'level': 'error'}, {'substr': 'TypeError: ', 'level': 'error'}, {'substr': 'NameError: ', 'level': 'error'}, {'substr': 'ZeroDivisionError: ', 'level': 'error'}, {'regex': <_sre.SRE_Pattern object at 0x20073f0>, 'level': 'critical'}, {'regex': <_sre.SRE_Pattern object at 0x2007670>, 'level': 'critical'}], 'cwd': '/builds/slave/test/build/tests/mochitest/websocketprocessbridge', 'env': {'TMOUT': '86400', 'LOGNAME': 'cltbld', 'USER': 'cltbld', 'HOME': '/home/cltbld', 'PATH': '/usr/local/bin:/usr/local/bin:/usr/bin:/bin:/usr/local/games:/usr/games', 'DISPLAY': ':0', 'CCACHE_UMASK': '002', 'LANG': 'en_US.UTF-8', 'TERM': 'linux', 'SHELL': '/bin/bash', 'MOZ_NODE_PATH': '/usr/bin/node', 'XDG_SESSION_COOKIE': '9ca12473fbb1d023794ffd180000023c-1528502228.269235-1811039256', 'SHLVL': '1', 'NO_FAIL_ON_TEST_ERRORS': '1', 'MOZ_NO_REMOTE': '1', 'MOZ_HIDE_RESULTS_TABLE': '1', 'MAIL': '/var/mail/cltbld', '_': '/tools/buildbot/bin/python', 'NODE_PATH': '/usr/lib/nodejs:/usr/lib/node_modules:/usr/share/javascript', 'PWD': '/builds/slave/test', 'PROPERTIES_FILE': '/builds/slave/test/buildprops.json', 'CCACHE_DIR': '/builds/ccache'}}, attempt #1
17:00:41     INFO - Running command: ['/builds/slave/test/build/venv/bin/pip', 'install', '--no-deps', '--timeout', '120', '-r', '/builds/slave/test/build/tests/mochitest/websocketprocessbridge/websocketprocessbridge_requirements.txt', '--no-index', '--find-links', 'http://pypi.pvt.build.mozilla.org/pub', '--find-links', 'http://pypi.pub.build.mozilla.org/pub', '--trusted-host', 'pypi.pub.build.mozilla.org', '--trusted-host', 'pypi.pvt.build.mozilla.org'] in /builds/slave/test/build/tests/mochitest/websocketprocessbridge
17:00:41     INFO - Copy/paste: /builds/slave/test/build/venv/bin/pip install --no-deps --timeout 120 -r /builds/slave/test/build/tests/mochitest/websocketprocessbridge/websocketprocessbridge_requirements.txt --no-index --find-links http://pypi.pvt.build.mozilla.org/pub --find-links http://pypi.pub.build.mozilla.org/pub --trusted-host pypi.pub.build.mozilla.org --trusted-host pypi.pvt.build.mozilla.org
17:00:41     INFO - Using env: {'CCACHE_DIR': '/builds/ccache',
17:00:41     INFO -  'CCACHE_UMASK': '002',
17:00:41     INFO -  'DISPLAY': ':0',
17:00:41     INFO -  'HOME': '/home/cltbld',
17:00:41     INFO -  'LANG': 'en_US.UTF-8',
17:00:41     INFO -  'LOGNAME': 'cltbld',
17:00:41     INFO -  'MAIL': '/var/mail/cltbld',
17:00:41     INFO -  'MOZ_HIDE_RESULTS_TABLE': '1',
17:00:41     INFO -  'MOZ_NODE_PATH': '/usr/bin/node',
17:00:41     INFO -  'MOZ_NO_REMOTE': '1',
17:00:41     INFO -  'NODE_PATH': '/usr/lib/nodejs:/usr/lib/node_modules:/usr/share/javascript',
17:00:41     INFO -  'NO_FAIL_ON_TEST_ERRORS': '1',
17:00:41     INFO -  'PATH': '/usr/local/bin:/usr/local/bin:/usr/bin:/bin:/usr/local/games:/usr/games',
17:00:41     INFO -  'PROPERTIES_FILE': '/builds/slave/test/buildprops.json',
17:00:41     INFO -  'PWD': '/builds/slave/test',
17:00:41     INFO -  'SHELL': '/bin/bash',
17:00:41     INFO -  'SHLVL': '1',
17:00:41     INFO -  'TERM': 'linux',
17:00:41     INFO -  'TMOUT': '86400',
17:00:41     INFO -  'USER': 'cltbld',
17:00:41     INFO -  'XDG_SESSION_COOKIE': '9ca12473fbb1d023794ffd180000023c-1528502228.269235-1811039256',
17:00:41     INFO -  '_': '/tools/buildbot/bin/python'}
17:00:42     INFO -  Ignoring indexes: https://pypi.python.org/simple
17:00:42     INFO -  Collecting six==1.10.0 (from -r /builds/slave/test/build/tests/mochitest/websocketprocessbridge/websocketprocessbridge_requirements.txt (line 2))
17:00:42     INFO -  /builds/slave/test/build/venv/lib/python2.7/site-packages/pip/_vendor/requests/packages/urllib3/util/ssl_.py:318: SNIMissingWarning: An HTTPS request has been made, but the SNI (Subject Name Indication) extension to TLS is not available on this platform. This may cause the server to present an incorrect TLS certificate, which can cause validation failures. You can upgrade to a newer version of Python to solve this. For more information, see https://urllib3.readthedocs.org/en/latest/security.html#snimissingwarning.
17:00:42     INFO -    SNIMissingWarning
17:00:42     INFO -  /builds/slave/test/build/venv/lib/python2.7/site-packages/pip/_vendor/requests/packages/urllib3/util/ssl_.py:122: InsecurePlatformWarning: A true SSLContext object is not available. This prevents urllib3 from configuring SSL appropriately and may cause certain SSL connections to fail. You can upgrade to a newer version of Python to solve this. For more information, see https://urllib3.readthedocs.org/en/latest/security.html#insecureplatformwarning.
17:00:42     INFO -    InsecurePlatformWarning
17:00:44     INFO -  /builds/slave/test/build/venv/lib/python2.7/site-packages/pip/_vendor/requests/packages/urllib3/util/ssl_.py:122: InsecurePlatformWarning: A true SSLContext object is not available. This prevents urllib3 from configuring SSL appropriately and may cause certain SSL connections to fail. You can upgrade to a newer version of Python to solve this. For more information, see https://urllib3.readthedocs.org/en/latest/security.html#insecureplatformwarning.
17:00:44     INFO -    InsecurePlatformWarning
17:00:49     INFO -    Downloading https://pypi.pvt.build.mozilla.org/pub/six-1.10.0-py2.py3-none-any.whl
17:00:49     INFO -  Collecting twisted==10.2.0 (from -r /builds/slave/test/build/tests/mochitest/websocketprocessbridge/websocketprocessbridge_requirements.txt (line 4))
17:00:55     INFO -    Downloading https://pypi.pvt.build.mozilla.org/pub/Twisted-10.2.0.tar.gz (1.9MB)
17:00:57     INFO -  Collecting txws==0.9.1 (from -r /builds/slave/test/build/tests/mochitest/websocketprocessbridge/websocketprocessbridge_requirements.txt (line 7))
17:01:02     INFO -    Downloading https://pypi.pvt.build.mozilla.org/pub/txWS-0.9.1.tar.gz
17:01:07     INFO -  Requirement already satisfied (use --upgrade to upgrade): psutil==3.1.1 in /builds/slave/test/build/venv/lib/python2.7/site-packages (from -r /builds/slave/test/build/tests/mochitest/websocketprocessbridge/websocketprocessbridge_requirements.txt (line 9))
17:01:07     INFO -  Collecting ipaddr==2.1.11 (from -r /builds/slave/test/build/tests/mochitest/websocketprocessbridge/websocketprocessbridge_requirements.txt (line 12))
17:01:12     INFO -    Downloading https://pypi.pvt.build.mozilla.org/pub/ipaddr-2.1.11.tar.gz
17:01:13     INFO -  Collecting passlib==1.6.5 (from -r /builds/slave/test/build/tests/mochitest/websocketprocessbridge/websocketprocessbridge_requirements.txt (line 13))
17:01:19     INFO -    Downloading https://pypi.pvt.build.mozilla.org/pub/passlib-1.6.5-py2.py3-none-any.whl (317kB)
17:01:19     INFO -  Building wheels for collected packages: twisted, txws, ipaddr
17:01:19     INFO -    Running setup.py bdist_wheel for twisted: started
17:01:22     INFO -    Running setup.py bdist_wheel for twisted: finished with status 'done'
17:01:22     INFO -    Stored in directory: /home/cltbld/.cache/pip/wheels/2a/06/64/df4bef56496f61aee018cad118db54f7a03015723d10662b26
17:01:23     INFO -    Running setup.py bdist_wheel for txws: started
17:01:23     INFO -    Running setup.py bdist_wheel for txws: finished with status 'done'
17:01:23     INFO -    Stored in directory: /home/cltbld/.cache/pip/wheels/51/f5/78/51b5dd281cb5c86337c41faadc891bd5089a07842da35b9248
17:01:23     INFO -    Running setup.py bdist_wheel for ipaddr: started
17:01:24     INFO -    Running setup.py bdist_wheel for ipaddr: finished with status 'done'
17:01:24     INFO -    Stored in directory: /home/cltbld/.cache/pip/wheels/6a/e7/d2/68af1df9a4dd7fd032c9375a12bd438c6fa81ee69d5e07993f
17:01:24     INFO -  Successfully built twisted txws ipaddr
17:01:24     INFO -  Installing collected packages: six, twisted, txws, ipaddr, passlib
17:01:28     INFO -  Successfully installed ipaddr-2.1.11 passlib-1.6.5 six-1.10.0 twisted-10.2.0 txws-0.9.1
17:01:28     INFO - Return code: 0
17:01:28     INFO - Installing None into virtualenv /builds/slave/test/build/venv
17:01:28     INFO - retry: Calling run_command with args: [['/builds/slave/test/build/venv/bin/pip', 'install', '--timeout', '120', '-r', '/builds/slave/test/build/tests/mochitest/websocketprocessbridge/websocketprocessbridge_requirements.txt', '--no-index', '--find-links', 'http://pypi.pvt.build.mozilla.org/pub', '--find-links', 'http://pypi.pub.build.mozilla.org/pub', '--trusted-host', 'pypi.pub.build.mozilla.org', '--trusted-host', 'pypi.pvt.build.mozilla.org']], kwargs: {'error_level': 'warning', 'error_list': [{'substr': 'not found or a compiler error:', 'level': 'warning'}, {'regex': <_sre.SRE_Pattern object at 0x7fc62cd21110>, 'level': 'error'}, {'regex': <_sre.SRE_Pattern object at 0x7fc62ce29e40>, 'level': 'warning'}, {'regex': <_sre.SRE_Pattern object at 0x20093e0>, 'level': 'debug'}, {'substr': 'command not found', 'level': 'error'}, {'regex': <_sre.SRE_Pattern object at 0x2005a90>, 'level': 'warning'}, {'substr': 'Traceback (most recent call last)', 'level': 'error'}, {'substr': 'SyntaxError: ', 'level': 'error'}, {'substr': 'TypeError: ', 'level': 'error'}, {'substr': 'NameError: ', 'level': 'error'}, {'substr': 'ZeroDivisionError: ', 'level': 'error'}, {'regex': <_sre.SRE_Pattern object at 0x20073f0>, 'level': 'critical'}, {'regex': <_sre.SRE_Pattern object at 0x2007670>, 'level': 'critical'}], 'cwd': '/builds/slave/test/build/tests/mochitest/websocketprocessbridge', 'env': {'TMOUT': '86400', 'LOGNAME': 'cltbld', 'USER': 'cltbld', 'HOME': '/home/cltbld', 'PATH': '/usr/local/bin:/usr/local/bin:/usr/bin:/bin:/usr/local/games:/usr/games', 'DISPLAY': ':0', 'CCACHE_UMASK': '002', 'LANG': 'en_US.UTF-8', 'TERM': 'linux', 'SHELL': '/bin/bash', 'MOZ_NODE_PATH': '/usr/bin/node', 'XDG_SESSION_COOKIE': '9ca12473fbb1d023794ffd180000023c-1528502228.269235-1811039256', 'SHLVL': '1', 'NO_FAIL_ON_TEST_ERRORS': '1', 'MOZ_NO_REMOTE': '1', 'MOZ_HIDE_RESULTS_TABLE': '1', 'MAIL': '/var/mail/cltbld', '_': '/tools/buildbot/bin/python', 'NODE_PATH': '/usr/lib/nodejs:/usr/lib/node_modules:/usr/share/javascript', 'PWD': '/builds/slave/test', 'PROPERTIES_FILE': '/builds/slave/test/buildprops.json', 'CCACHE_DIR': '/builds/ccache'}}, attempt #1
17:01:28     INFO - Running command: ['/builds/slave/test/build/venv/bin/pip', 'install', '--timeout', '120', '-r', '/builds/slave/test/build/tests/mochitest/websocketprocessbridge/websocketprocessbridge_requirements.txt', '--no-index', '--find-links', 'http://pypi.pvt.build.mozilla.org/pub', '--find-links', 'http://pypi.pub.build.mozilla.org/pub', '--trusted-host', 'pypi.pub.build.mozilla.org', '--trusted-host', 'pypi.pvt.build.mozilla.org'] in /builds/slave/test/build/tests/mochitest/websocketprocessbridge
17:01:28     INFO - Copy/paste: /builds/slave/test/build/venv/bin/pip install --timeout 120 -r /builds/slave/test/build/tests/mochitest/websocketprocessbridge/websocketprocessbridge_requirements.txt --no-index --find-links http://pypi.pvt.build.mozilla.org/pub --find-links http://pypi.pub.build.mozilla.org/pub --trusted-host pypi.pub.build.mozilla.org --trusted-host pypi.pvt.build.mozilla.org
17:01:28     INFO - Using env: {'CCACHE_DIR': '/builds/ccache',
17:01:28     INFO -  'CCACHE_UMASK': '002',
17:01:28     INFO -  'DISPLAY': ':0',
17:01:28     INFO -  'HOME': '/home/cltbld',
17:01:28     INFO -  'LANG': 'en_US.UTF-8',
17:01:28     INFO -  'LOGNAME': 'cltbld',
17:01:28     INFO -  'MAIL': '/var/mail/cltbld',
17:01:28     INFO -  'MOZ_HIDE_RESULTS_TABLE': '1',
17:01:28     INFO -  'MOZ_NODE_PATH': '/usr/bin/node',
17:01:28     INFO -  'MOZ_NO_REMOTE': '1',
17:01:28     INFO -  'NODE_PATH': '/usr/lib/nodejs:/usr/lib/node_modules:/usr/share/javascript',
17:01:28     INFO -  'NO_FAIL_ON_TEST_ERRORS': '1',
17:01:28     INFO -  'PATH': '/usr/local/bin:/usr/local/bin:/usr/bin:/bin:/usr/local/games:/usr/games',
17:01:28     INFO -  'PROPERTIES_FILE': '/builds/slave/test/buildprops.json',
17:01:28     INFO -  'PWD': '/builds/slave/test',
17:01:28     INFO -  'SHELL': '/bin/bash',
17:01:28     INFO -  'SHLVL': '1',
17:01:28     INFO -  'TERM': 'linux',
17:01:28     INFO -  'TMOUT': '86400',
17:01:28     INFO -  'USER': 'cltbld',
17:01:28     INFO -  'XDG_SESSION_COOKIE': '9ca12473fbb1d023794ffd180000023c-1528502228.269235-1811039256',
17:01:28     INFO -  '_': '/tools/buildbot/bin/python'}
17:01:29     INFO -  Ignoring indexes: https://pypi.python.org/simple
17:01:29     INFO -  Requirement already satisfied (use --upgrade to upgrade): six==1.10.0 in /builds/slave/test/build/venv/lib/python2.7/site-packages (from -r /builds/slave/test/build/tests/mochitest/websocketprocessbridge/websocketprocessbridge_requirements.txt (line 2))
17:01:29     INFO -  Requirement already satisfied (use --upgrade to upgrade): twisted==10.2.0 in /builds/slave/test/build/venv/lib/python2.7/site-packages (from -r /builds/slave/test/build/tests/mochitest/websocketprocessbridge/websocketprocessbridge_requirements.txt (line 4))
17:01:29     INFO -  Requirement already satisfied (use --upgrade to upgrade): txws==0.9.1 in /builds/slave/test/build/venv/lib/python2.7/site-packages (from -r /builds/slave/test/build/tests/mochitest/websocketprocessbridge/websocketprocessbridge_requirements.txt (line 7))
17:01:29     INFO -  Requirement already satisfied (use --upgrade to upgrade): psutil==3.1.1 in /builds/slave/test/build/venv/lib/python2.7/site-packages (from -r /builds/slave/test/build/tests/mochitest/websocketprocessbridge/websocketprocessbridge_requirements.txt (line 9))
17:01:29     INFO -  Requirement already satisfied (use --upgrade to upgrade): ipaddr==2.1.11 in /builds/slave/test/build/venv/lib/python2.7/site-packages (from -r /builds/slave/test/build/tests/mochitest/websocketprocessbridge/websocketprocessbridge_requirements.txt (line 12))
17:01:29     INFO -  Requirement already satisfied (use --upgrade to upgrade): passlib==1.6.5 in /builds/slave/test/build/venv/lib/python2.7/site-packages (from -r /builds/slave/test/build/tests/mochitest/websocketprocessbridge/websocketprocessbridge_requirements.txt (line 13))
17:01:29     INFO -  Collecting zope.interface (from twisted==10.2.0->-r /builds/slave/test/build/tests/mochitest/websocketprocessbridge/websocketprocessbridge_requirements.txt (line 4))
17:01:29     INFO -  /builds/slave/test/build/venv/lib/python2.7/site-packages/pip/_vendor/requests/packages/urllib3/util/ssl_.py:318: SNIMissingWarning: An HTTPS request has been made, but the SNI (Subject Name Indication) extension to TLS is not available on this platform. This may cause the server to present an incorrect TLS certificate, which can cause validation failures. You can upgrade to a newer version of Python to solve this. For more information, see https://urllib3.readthedocs.org/en/latest/security.html#snimissingwarning.
17:01:29     INFO -    SNIMissingWarning
17:01:29     INFO -  /builds/slave/test/build/venv/lib/python2.7/site-packages/pip/_vendor/requests/packages/urllib3/util/ssl_.py:122: InsecurePlatformWarning: A true SSLContext object is not available. This prevents urllib3 from configuring SSL appropriately and may cause certain SSL connections to fail. You can upgrade to a newer version of Python to solve this. For more information, see https://urllib3.readthedocs.org/en/latest/security.html#insecureplatformwarning.
17:01:29     INFO -    InsecurePlatformWarning
17:01:31     INFO -  /builds/slave/test/build/venv/lib/python2.7/site-packages/pip/_vendor/requests/packages/urllib3/util/ssl_.py:122: InsecurePlatformWarning: A true SSLContext object is not available. This prevents urllib3 from configuring SSL appropriately and may cause certain SSL connections to fail. You can upgrade to a newer version of Python to solve this. For more information, see https://urllib3.readthedocs.org/en/latest/security.html#insecureplatformwarning.
17:01:31     INFO -    InsecurePlatformWarning
17:01:36     INFO -    Downloading https://pypi.pvt.build.mozilla.org/pub/zope.interface-4.0.2.tar.gz (139kB)
17:01:37     INFO -  Requirement already satisfied (use --upgrade to upgrade): setuptools in /builds/slave/test/build/venv/lib/python2.7/site-packages (from zope.interface->twisted==10.2.0->-r /builds/slave/test/build/tests/mochitest/websocketprocessbridge/websocketprocessbridge_requirements.txt (line 4))
17:01:37     INFO -  Building wheels for collected packages: zope.interface
17:01:37     INFO -    Running setup.py bdist_wheel for zope.interface: started
17:01:39     INFO -    Running setup.py bdist_wheel for zope.interface: finished with status 'done'
17:01:39     INFO -    Stored in directory: /home/cltbld/.cache/pip/wheels/54/5c/71/e718400d2babcda41f4d97864183e1268dab308acc88e22470
17:01:39     INFO -  Successfully built zope.interface
17:01:39     INFO -  Installing collected packages: zope.interface
17:01:39     INFO -  Successfully installed zope.interface-4.0.2
17:01:39     INFO - Return code: 0
17:01:39     INFO - Done creating virtualenv /builds/slave/test/build/venv.
17:01:39     INFO - Getting output from command: ['/builds/slave/test/build/venv/bin/pip', 'freeze']
17:01:39     INFO - Copy/paste: /builds/slave/test/build/venv/bin/pip freeze
17:01:41     INFO - Reading from file tmpfile_stdout
17:01:41     INFO - Reading from file tmpfile_stderr
17:01:41     INFO - Current package versions:
17:01:41     INFO -   Twisted == 10.2.0
17:01:41     INFO -   blessings == 1.6
17:01:41     INFO -   blobuploader == 1.2.4
17:01:41     INFO -   browsermob-proxy == 0.6.0
17:01:41     INFO -   docopt == 0.6.1
17:01:41     INFO -   firefox-puppeteer == 52.1.0
17:01:41     INFO -   functools32 == 3.2.3.post2
17:01:41     INFO -   ipaddr == 2.1.11
17:01:41     INFO -   jsonschema == 2.5.1
17:01:41     INFO -   manifestparser == 1.1
17:01:41     INFO -   marionette-driver == 2.2.0
17:01:41     INFO -   marionette-harness == 4.0.0
17:01:41     INFO -   mock == 1.0.1
17:01:41     INFO -   mozInstall == 1.12
17:01:41     INFO -   mozcrash == 1.0
17:01:41     INFO -   mozdebug == 0.1
17:01:41     INFO -   mozdevice == 0.48
17:01:41     INFO -   mozfile == 1.2
17:01:41     INFO -   mozhttpd == 0.7
17:01:41     INFO -   mozinfo == 0.9
17:01:41     INFO -   mozleak == 0.1
17:01:41     INFO -   mozlog == 3.4
17:01:41     INFO -   moznetwork == 0.27
17:01:41     INFO -   mozprocess == 0.23
17:01:41     INFO -   mozprofile == 0.28
17:01:41     INFO -   mozrunner == 6.13
17:01:41     INFO -   mozscreenshot == 0.1
17:01:41     INFO -   mozsystemmonitor == 0.3
17:01:41     INFO -   moztest == 0.8
17:01:41     INFO -   mozversion == 1.4
17:01:41     INFO -   passlib == 1.6.5
17:01:41     INFO -   psutil == 3.1.1
17:01:41     INFO -   requests == 1.2.3
17:01:41     INFO -   simplejson == 3.3.0
17:01:41     INFO -   six == 1.10.0
17:01:41     INFO -   txWS == 0.9.1
17:01:41     INFO -   wptserve == 1.4.0
17:01:41     INFO -   zope.interface == 4.0.2
17:01:41     INFO - Running post-action listener: _resource_record_post_action
17:01:41     INFO - Running post-action listener: _start_resource_monitoring
17:01:41     INFO - Starting resource monitoring.
17:01:41     INFO - [mozharness: 2018-06-09 00:01:41.896505Z] Finished create-virtualenv step (success)
17:01:41     INFO - [mozharness: 2018-06-09 00:01:41.903405Z] Running install step.
17:01:41     INFO - Running pre-action listener: _resource_record_pre_action
17:01:41     INFO - Running main action method: install
17:01:41     INFO - Getting output from command: ['/builds/slave/test/build/venv/bin/pip', 'freeze']
17:01:41     INFO - Copy/paste: /builds/slave/test/build/venv/bin/pip freeze
17:01:43     INFO - Reading from file tmpfile_stdout
17:01:43     INFO - Reading from file tmpfile_stderr
17:01:43     INFO - Detecting whether we're running mozinstall >=1.0...
17:01:43     INFO - Getting output from command: ['/builds/slave/test/build/venv/bin/mozinstall', '-h']
17:01:43     INFO - Copy/paste: /builds/slave/test/build/venv/bin/mozinstall -h
17:01:43     INFO - Reading from file tmpfile_stdout
17:01:43     INFO - Output received:
17:01:43     INFO -  Usage: mozinstall [options] installer
17:01:43     INFO -  Options:
17:01:43     INFO -    -h, --help            show this help message and exit
17:01:43     INFO -    -d DEST, --destination=DEST
17:01:43     INFO -                          Directory to install application into. [default:
17:01:43     INFO -                          "/builds/slave/test"]
17:01:43     INFO -    --app=APP             Application being installed. [default: firefox]
17:01:43     INFO - mkdir: /builds/slave/test/build/application
17:01:43     INFO - Getting output from command: ['/builds/slave/test/build/venv/bin/mozinstall', '/builds/slave/test/build/installer.tar.bz2', '--destination', '/builds/slave/test/build/application']
17:01:43     INFO - Copy/paste: /builds/slave/test/build/venv/bin/mozinstall /builds/slave/test/build/installer.tar.bz2 --destination /builds/slave/test/build/application
17:02:06     INFO - Reading from file tmpfile_stdout
17:02:06     INFO - Output received:
17:02:06     INFO -  /builds/slave/test/build/application/firefox/firefox
17:02:06     INFO - Running post-action listener: _resource_record_post_action
17:02:06     INFO - [mozharness: 2018-06-09 00:02:06.122841Z] Finished install step (success)
17:02:06     INFO - [mozharness: 2018-06-09 00:02:06.123259Z] Running stage-files step.
17:02:06     INFO - Running pre-action listener: _resource_record_pre_action
17:02:06     INFO - Running main action method: stage_files
17:02:06     INFO - Running post-action listener: _resource_record_post_action
17:02:06     INFO - [mozharness: 2018-06-09 00:02:06.124982Z] Finished stage-files step (success)
17:02:06     INFO - [mozharness: 2018-06-09 00:02:06.125350Z] Running run-tests step.
17:02:06     INFO - Running pre-action listener: _resource_record_pre_action
17:02:06     INFO - Running pre-action listener: _set_gcov_prefix
17:02:06     INFO - Running main action method: run_tests
17:02:06     INFO - Running pre test command disable_screen_saver with 'xset s off s reset'
17:02:06     INFO - Running command: ['xset', 's', 'off', 's', 'reset'] in /builds/slave/test/build
17:02:06     INFO - Copy/paste: xset s off s reset
17:02:06     INFO - Return code: 0
17:02:06     INFO - #### Running mochitest suites
17:02:06     INFO - Structured output parser in use for mochitest.
17:02:06     INFO - grabbing minidump binary from tooltool
17:02:06     INFO - retry: Calling run_command with args: (['/tools/tooltool.py', '--url', 'https://api.pub.build.mozilla.org/tooltool/', '--authentication-file', '/builds/relengapi.tok', 'fetch', '-m', '/builds/slave/test/build/tests/config/tooltool-manifests/linux64/releng.manifest', '-o', '-c', '/builds/tooltool_cache'],), kwargs: {'output_timeout': 600, 'error_list': [{'substr': 'command not found', 'level': 'error'}, {'regex': <_sre.SRE_Pattern object at 0x2005a90>, 'level': 'warning'}, {'substr': 'Traceback (most recent call last)', 'level': 'error'}, {'substr': 'SyntaxError: ', 'level': 'error'}, {'substr': 'TypeError: ', 'level': 'error'}, {'substr': 'NameError: ', 'level': 'error'}, {'substr': 'ZeroDivisionError: ', 'level': 'error'}, {'regex': <_sre.SRE_Pattern object at 0x20073f0>, 'level': 'critical'}, {'regex': <_sre.SRE_Pattern object at 0x2007670>, 'level': 'critical'}, {'substr': 'ERROR - ', 'level': 'error'}], 'cwd': '/builds/slave/test/build', 'privileged': False}, attempt #1
17:02:06     INFO - Running command: ['/tools/tooltool.py', '--url', 'https://api.pub.build.mozilla.org/tooltool/', '--authentication-file', '/builds/relengapi.tok', 'fetch', '-m', '/builds/slave/test/build/tests/config/tooltool-manifests/linux64/releng.manifest', '-o', '-c', '/builds/tooltool_cache'] in /builds/slave/test/build
17:02:06     INFO - Copy/paste: /tools/tooltool.py --url https://api.pub.build.mozilla.org/tooltool/ --authentication-file /builds/relengapi.tok fetch -m /builds/slave/test/build/tests/config/tooltool-manifests/linux64/releng.manifest -o -c /builds/tooltool_cache
17:02:06     INFO - Calling ['/tools/tooltool.py', '--url', 'https://api.pub.build.mozilla.org/tooltool/', '--authentication-file', '/builds/relengapi.tok', 'fetch', '-m', '/builds/slave/test/build/tests/config/tooltool-manifests/linux64/releng.manifest', '-o', '-c', '/builds/tooltool_cache'] with output_timeout 600
17:02:06     INFO -  INFO - File linux64-minidump_stackwalk not present in local cache folder /builds/tooltool_cache
17:02:06     INFO -  INFO - Attempting to fetch from 'https://api.pub.build.mozilla.org/tooltool/'...
17:02:07     INFO -  INFO - File linux64-minidump_stackwalk fetched from https://api.pub.build.mozilla.org/tooltool/ as /builds/slave/test/build/tmpOjQB23
17:02:07     INFO -  INFO - File integrity verified, renaming tmpOjQB23 to linux64-minidump_stackwalk
17:02:07     INFO -  INFO - Updating local cache /builds/tooltool_cache...
17:02:07     INFO -  INFO - Local cache /builds/tooltool_cache updated with linux64-minidump_stackwalk
17:02:07     INFO - Return code: 0
17:02:07     INFO - Chmoding /builds/slave/test/build/linux64-minidump_stackwalk to 0755
17:02:07     INFO - grabbing nodejs binary from tooltool
17:02:07     INFO - retry: Calling run_command with args: (['/tools/tooltool.py', '--url', 'https://api.pub.build.mozilla.org/tooltool/', '--authentication-file', '/builds/relengapi.tok', 'fetch', '-m', '/builds/slave/test/build/tests/config/tooltool-manifests/linux64/nodejs.manifest', '-o', '-c', '/builds/tooltool_cache'],), kwargs: {'output_timeout': 600, 'error_list': [{'substr': 'command not found', 'level': 'error'}, {'regex': <_sre.SRE_Pattern object at 0x2005a90>, 'level': 'warning'}, {'substr': 'Traceback (most recent call last)', 'level': 'error'}, {'substr': 'SyntaxError: ', 'level': 'error'}, {'substr': 'TypeError: ', 'level': 'error'}, {'substr': 'NameError: ', 'level': 'error'}, {'substr': 'ZeroDivisionError: ', 'level': 'error'}, {'regex': <_sre.SRE_Pattern object at 0x20073f0>, 'level': 'critical'}, {'regex': <_sre.SRE_Pattern object at 0x2007670>, 'level': 'critical'}, {'substr': 'ERROR - ', 'level': 'error'}], 'cwd': '/builds/slave/test/build', 'privileged': False}, attempt #1
17:02:07     INFO - Running command: ['/tools/tooltool.py', '--url', 'https://api.pub.build.mozilla.org/tooltool/', '--authentication-file', '/builds/relengapi.tok', 'fetch', '-m', '/builds/slave/test/build/tests/config/tooltool-manifests/linux64/nodejs.manifest', '-o', '-c', '/builds/tooltool_cache'] in /builds/slave/test/build
17:02:07     INFO - Copy/paste: /tools/tooltool.py --url https://api.pub.build.mozilla.org/tooltool/ --authentication-file /builds/relengapi.tok fetch -m /builds/slave/test/build/tests/config/tooltool-manifests/linux64/nodejs.manifest -o -c /builds/tooltool_cache
17:02:07     INFO - Calling ['/tools/tooltool.py', '--url', 'https://api.pub.build.mozilla.org/tooltool/', '--authentication-file', '/builds/relengapi.tok', 'fetch', '-m', '/builds/slave/test/build/tests/config/tooltool-manifests/linux64/nodejs.manifest', '-o', '-c', '/builds/tooltool_cache'] with output_timeout 600
17:02:07     INFO -  INFO - File node-linux-x64.tar.gz not present in local cache folder /builds/tooltool_cache
17:02:07     INFO -  INFO - Attempting to fetch from 'https://api.pub.build.mozilla.org/tooltool/'...
17:02:11     INFO -  INFO - File node-linux-x64.tar.gz fetched from https://api.pub.build.mozilla.org/tooltool/ as /builds/slave/test/build/tmpAgILBZ
17:02:11     INFO -  INFO - File integrity verified, renaming tmpAgILBZ to node-linux-x64.tar.gz
17:02:11     INFO -  INFO - Updating local cache /builds/tooltool_cache...
17:02:11     INFO -  INFO - Local cache /builds/tooltool_cache updated with node-linux-x64.tar.gz
17:02:11     INFO -  INFO - untarring "node-linux-x64.tar.gz"
17:02:13     INFO - Return code: 0
17:02:13     INFO - Chmoding /builds/slave/test/build/node-linux-x64/bin/node to 0755
17:02:13     INFO - mkdir: /builds/slave/test/build/blobber_upload_dir
17:02:13     INFO - ENV: MOZ_UPLOAD_DIR is now /builds/slave/test/build/blobber_upload_dir
17:02:13     INFO - ENV: MINIDUMP_STACKWALK is now /builds/slave/test/build/linux64-minidump_stackwalk
17:02:13     INFO - ENV: MOZ_NODE_PATH is now /builds/slave/test/build/node-linux-x64/bin/node
17:02:13     INFO - ENV: MINIDUMP_SAVE_PATH is now /builds/slave/test/build/blobber_upload_dir
17:02:13     INFO - Running command: ['/builds/slave/test/build/venv/bin/python', '-u', '/builds/slave/test/build/tests/mochitest/runtests.py', '--total-chunks', '7', '--this-chunk', '6', '--appname=/builds/slave/test/build/application/firefox/firefox', '--utility-path=tests/bin', '--extra-profile-file=tests/bin/plugins', '--symbols-path=https://queue.taskcluster.net/v1/task/I1iAdq48Sa60c5BCPWswkg/artifacts/public/build/firefox-52.8.2.en-US.linux-x86_64.crashreporter-symbols.zip', '--certificate-path=tests/certs', '--setpref=webgl.force-enabled=true', '--quiet', '--log-raw=/builds/slave/test/build/blobber_upload_dir/browser-chrome-chunked_raw.log', '--log-errorsummary=/builds/slave/test/build/blobber_upload_dir/browser-chrome-chunked_errorsummary.log', '--use-test-media-devices', '--screenshot-on-fail', '--cleanup-crashes', '--marionette-startup-timeout=180', '--log-raw=-', '--flavor=browser', '--chunk-by-runtime'] in /builds/slave/test/build
17:02:13     INFO - Copy/paste: /builds/slave/test/build/venv/bin/python -u /builds/slave/test/build/tests/mochitest/runtests.py --total-chunks 7 --this-chunk 6 --appname=/builds/slave/test/build/application/firefox/firefox --utility-path=tests/bin --extra-profile-file=tests/bin/plugins --symbols-path=https://queue.taskcluster.net/v1/task/I1iAdq48Sa60c5BCPWswkg/artifacts/public/build/firefox-52.8.2.en-US.linux-x86_64.crashreporter-symbols.zip --certificate-path=tests/certs --setpref=webgl.force-enabled=true --quiet --log-raw=/builds/slave/test/build/blobber_upload_dir/browser-chrome-chunked_raw.log --log-errorsummary=/builds/slave/test/build/blobber_upload_dir/browser-chrome-chunked_errorsummary.log --use-test-media-devices --screenshot-on-fail --cleanup-crashes --marionette-startup-timeout=180 --log-raw=- --flavor=browser --chunk-by-runtime
17:02:13     INFO - Using env: {'CCACHE_DIR': '/builds/ccache',
17:02:13     INFO -  'CCACHE_UMASK': '002',
17:02:13     INFO -  'DISPLAY': ':0',
17:02:13     INFO -  'HOME': '/home/cltbld',
17:02:13     INFO -  'LANG': 'en_US.UTF-8',
17:02:13     INFO -  'LOGNAME': 'cltbld',
17:02:13     INFO -  'MAIL': '/var/mail/cltbld',
17:02:13     INFO -  'MINIDUMP_SAVE_PATH': '/builds/slave/test/build/blobber_upload_dir',
17:02:13     INFO -  'MINIDUMP_STACKWALK': '/builds/slave/test/build/linux64-minidump_stackwalk',
17:02:13     INFO -  'MOZ_HIDE_RESULTS_TABLE': '1',
17:02:13     INFO -  'MOZ_NODE_PATH': '/builds/slave/test/build/node-linux-x64/bin/node',
17:02:13     INFO -  'MOZ_NO_REMOTE': '1',
17:02:13     INFO -  'MOZ_UPLOAD_DIR': '/builds/slave/test/build/blobber_upload_dir',
17:02:13     INFO -  'NODE_PATH': '/usr/lib/nodejs:/usr/lib/node_modules:/usr/share/javascript',
17:02:13     INFO -  'NO_FAIL_ON_TEST_ERRORS': '1',
17:02:13     INFO -  'PATH': '/builds/slave/test/build/venv/bin:/usr/local/bin:/usr/local/bin:/usr/bin:/bin:/usr/local/games:/usr/games',
17:02:13     INFO -  'PROPERTIES_FILE': '/builds/slave/test/buildprops.json',
17:02:13     INFO -  'PWD': '/builds/slave/test',
17:02:13     INFO -  'SHELL': '/bin/bash',
17:02:13     INFO -  'SHLVL': '1',
17:02:13     INFO -  'TERM': 'linux',
17:02:13     INFO -  'TMOUT': '86400',
17:02:13     INFO -  'USER': 'cltbld',
17:02:13     INFO -  'XDG_SESSION_COOKIE': '9ca12473fbb1d023794ffd180000023c-1528502228.269235-1811039256',
17:02:13     INFO -  '_': '/tools/buildbot/bin/python'}
17:02:13     INFO - Calling ['/builds/slave/test/build/venv/bin/python', '-u', '/builds/slave/test/build/tests/mochitest/runtests.py', '--total-chunks', '7', '--this-chunk', '6', '--appname=/builds/slave/test/build/application/firefox/firefox', '--utility-path=tests/bin', '--extra-profile-file=tests/bin/plugins', '--symbols-path=https://queue.taskcluster.net/v1/task/I1iAdq48Sa60c5BCPWswkg/artifacts/public/build/firefox-52.8.2.en-US.linux-x86_64.crashreporter-symbols.zip', '--certificate-path=tests/certs', '--setpref=webgl.force-enabled=true', '--quiet', '--log-raw=/builds/slave/test/build/blobber_upload_dir/browser-chrome-chunked_raw.log', '--log-errorsummary=/builds/slave/test/build/blobber_upload_dir/browser-chrome-chunked_errorsummary.log', '--use-test-media-devices', '--screenshot-on-fail', '--cleanup-crashes', '--marionette-startup-timeout=180', '--log-raw=-', '--flavor=browser', '--chunk-by-runtime'] with output_timeout 1000
17:02:14     INFO - Checking for orphan ssltunnel processes...
17:02:14     INFO - Checking for orphan xpcshell processes...
17:02:14     INFO - SUITE-START | Running 236 tests
17:02:14     INFO - TEST-START | browser/base/content/test/popups/browser_popup_blocker.js
17:02:14     INFO - TEST-SKIP | browser/base/content/test/popups/browser_popup_blocker.js | took 0ms
17:02:14     INFO - TEST-START | browser/base/content/test/urlbar/browser_action_keyword.js
17:02:14     INFO - TEST-SKIP | browser/base/content/test/urlbar/browser_action_keyword.js | took 0ms
17:02:14     INFO - TEST-START | browser/base/content/test/urlbar/browser_tabMatchesInAwesomebar_perwindowpb.js
17:02:14     INFO - TEST-SKIP | browser/base/content/test/urlbar/browser_tabMatchesInAwesomebar_perwindowpb.js | took 0ms
17:02:14     INFO - TEST-START | browser/base/content/test/urlbar/browser_urlbarEnterAfterMouseOver.js
17:02:14     INFO - TEST-SKIP | browser/base/content/test/urlbar/browser_urlbarEnterAfterMouseOver.js | took 1ms
17:02:14     INFO - TEST-START | browser/base/content/test/urlbar/browser_urlbarSearchSingleWordNotification.js
17:02:14     INFO - TEST-SKIP | browser/base/content/test/urlbar/browser_urlbarSearchSingleWordNotification.js | took 0ms
17:02:14     INFO - TEST-START | browser/components/downloads/test/browser/browser_first_download_panel.js
17:02:14     INFO - TEST-SKIP | browser/components/downloads/test/browser/browser_first_download_panel.js | took 0ms
17:02:14     INFO - TEST-START | browser/components/downloads/test/browser/browser_overflow_anchor.js
17:02:14     INFO - TEST-SKIP | browser/components/downloads/test/browser/browser_overflow_anchor.js | took 0ms
17:02:14     INFO - TEST-START | browser/components/places/tests/browser/browser_sidebarpanels_click.js
17:02:14     INFO - TEST-SKIP | browser/components/places/tests/browser/browser_sidebarpanels_click.js | took 1ms
17:02:14     INFO - TEST-START | toolkit/content/tests/browser/browser_save_resend_postdata.js
17:02:14     INFO - TEST-SKIP | toolkit/content/tests/browser/browser_save_resend_postdata.js | took 0ms
17:02:14     INFO - TEST-START | toolkit/modules/tests/browser/browser_FinderHighlighter.js
17:02:14     INFO - TEST-SKIP | toolkit/modules/tests/browser/browser_FinderHighlighter.js | took 0ms
17:02:14     INFO - TEST-START | toolkit/mozapps/extensions/test/browser/test-window/browser_about.js
17:02:14     INFO - TEST-SKIP | toolkit/mozapps/extensions/test/browser/test-window/browser_about.js | took 0ms
17:02:14     INFO - TEST-START | toolkit/mozapps/extensions/test/browser/test-window/browser_bug593535.js
17:02:14     INFO - TEST-SKIP | toolkit/mozapps/extensions/test/browser/test-window/browser_bug593535.js | took 0ms
17:02:14     INFO -  dir: addon-sdk/test
17:02:17     INFO -  ImportError: No module named pygtk
17:02:18     INFO -  Setting pipeline to PAUSED ...
17:02:18     INFO -  libv4l2: error getting pixformat: Invalid argument
17:02:18     INFO -  Pipeline is PREROLLING ...
17:02:18     INFO -  Pipeline is PREROLLED ...
17:02:18     INFO -  Setting pipeline to PLAYING ...
17:02:18     INFO -  New clock: GstSystemClock
17:02:18     INFO -  Got EOS from element "pipeline0".
17:02:18     INFO -  Execution ended after 32069513 ns.
17:02:18     INFO -  Setting pipeline to PAUSED ...
17:02:18     INFO -  Setting pipeline to READY ...
17:02:18     INFO -  Setting pipeline to NULL ...
17:02:18     INFO -  Freeing pipeline ...
17:02:18     INFO -  23
17:02:18     INFO -  mozprofile.addons WARNING | Could not install /builds/slave/test/build/tests/mochitest/extensions/mozscreenshots: [Errno 2] No such file or directory: '/builds/slave/test/build/tests/mochitest/extensions/mozscreenshots/install.rdf'
17:02:19     INFO -  pk12util: PKCS12 IMPORT SUCCESSFUL

command interrupted, attempting to kill
process killed by signal 9
program finished with exit code -1
elapsedTime=304.583717
The web-page 'stop build' button was pressed by 'rvandermeulen@mozilla.com': Cancelled via self-serve
========= master_lag: -0.02 =========
========= Finished '/tools/buildbot/bin/python scripts/scripts/desktop_unittest.py ...' interrupted (results: 4, elapsed: 5 mins, 4 secs) (at 2018-06-08 17:02:19.389296) =========

========= Started set props: build_url (results: 0, elapsed: 0 secs) (at 2018-06-08 17:02:19.390228) =========
bash -c 'for file in `ls -1`; do cat $file; done'
 in dir /builds/slave/test/properties (timeout 1200 secs)
 watching logfiles {}
 argv: ['bash', '-c', 'for file in `ls -1`; do cat $file; done']
 environment:
  HOME=/home/cltbld
  LANG=en_US.UTF-8
  LOGNAME=cltbld
  MAIL=/var/mail/cltbld
  NODE_PATH=/usr/lib/nodejs:/usr/lib/node_modules:/usr/share/javascript
  PATH=/usr/local/bin:/usr/local/bin:/usr/bin:/bin:/usr/local/games:/usr/games
  PWD=/builds/slave/test/properties
  SHELL=/bin/bash
  SHLVL=1
  TERM=linux
  TMOUT=86400
  USER=cltbld
  XDG_SESSION_COOKIE=9ca12473fbb1d023794ffd180000023c-1528502228.269235-1811039256
  _=/tools/buildbot/bin/python
 using PTY: False
build_url:https://queue.taskcluster.net/v1/task/I1iAdq48Sa60c5BCPWswkg/artifacts/public/build/firefox-52.8.2.en-US.linux-x86_64.tar.bz2
program finished with exit code 0
elapsedTime=0.065074
build_url: 'https://queue.taskcluster.net/v1/task/I1iAdq48Sa60c5BCPWswkg/artifacts/public/build/firefox-52.8.2.en-US.linux-x86_64.tar.bz2'
========= master_lag: 0.02 =========
========= Finished set props: build_url (results: 0, elapsed: 0 secs) (at 2018-06-08 17:02:19.472124) =========

========= Started 'rm -f ...' (results: 0, elapsed: 0 secs) (at 2018-06-08 17:02:19.472432) =========
rm -f oauth.txt
 in dir /builds/slave/test/. (timeout 1200 secs)
 watching logfiles {}
 argv: ['rm', '-f', 'oauth.txt']
 environment:
  HOME=/home/cltbld
  LANG=en_US.UTF-8
  LOGNAME=cltbld
  MAIL=/var/mail/cltbld
  NODE_PATH=/usr/lib/nodejs:/usr/lib/node_modules:/usr/share/javascript
  PATH=/usr/local/bin:/usr/local/bin:/usr/bin:/bin:/usr/local/games:/usr/games
  PWD=/builds/slave/test
  SHELL=/bin/bash
  SHLVL=1
  TERM=linux
  TMOUT=86400
  USER=cltbld
  XDG_SESSION_COOKIE=9ca12473fbb1d023794ffd180000023c-1528502228.269235-1811039256
  _=/tools/buildbot/bin/python
 using PTY: False
program finished with exit code 0
elapsedTime=0.047486
========= master_lag: 0.05 =========
========= Finished 'rm -f ...' (results: 0, elapsed: 0 secs) (at 2018-06-08 17:02:19.574821) =========

========= Started reboot skipped (results: 3, elapsed: 0 secs) (at 2018-06-08 17:02:19.575127) =========
========= Finished reboot skipped (results: 3, elapsed: 0 secs) (at 2018-06-08 17:02:19.575378) =========

========= Total master_lag: 0.16 =========

