builder: mozilla-esr52_yosemite_r7_test-mochitest-e10s-devtools-chrome-1
slave: t-yosemite-r7-0004
starttime: 1528502306.8
results: cancelled (6)
buildid: 20180608150819
builduid: b298b373e93d4f8dbf92436c9ed838a2
revision: cbfdf01aac455e0591471201c96b89dee98190b5

========= Started set props: master (results: 0, elapsed: 0 secs) (at 2018-06-08 16:58:26.800149) =========
master: http://buildbot-master106.bb.releng.scl3.mozilla.com:8201/
========= Finished set props: master (results: 0, elapsed: 0 secs) (at 2018-06-08 16:58:26.800603) =========

========= Started downloading to buildprops.json (results: 0, elapsed: 0 secs) (at 2018-06-08 16:58:26.800881) =========
========= Finished downloading to buildprops.json (results: 0, elapsed: 0 secs) (at 2018-06-08 16:58:26.813717) =========

========= Started 'bash -c ...' (results: 0, elapsed: 0 secs) (at 2018-06-08 16:58:26.813980) =========
bash -c 'wget -Oarchiver_client.py --no-check-certificate --tries=10 --waitretry=3 https://hg.mozilla.org/build/tools/raw-file/default/buildfarm/utils/archiver_client.py'
 in dir /builds/slave/test/. (timeout 1200 secs)
 watching logfiles {}
 argv: ['bash', '-c', 'wget -Oarchiver_client.py --no-check-certificate --tries=10 --waitretry=3 https://hg.mozilla.org/build/tools/raw-file/default/buildfarm/utils/archiver_client.py']
 environment:
  Apple_PubSub_Socket_Render=/private/tmp/com.apple.launchd.KoKFenoEQd/Render
  GIT_SHARE_BASE_DIR=/builds/git-shared
  HG_SHARE_BASE_DIR=/builds/hg-shared
  HOME=/Users/cltbld
  IDLEIZER_DISABLE_SHUTDOWN=true
  LOGNAME=cltbld
  PATH=/usr/local/sbin:/usr/local/bin:/usr/sbin:/usr/bin:/sbin:/bin:/usr/bin/X11
  PWD=/builds/slave/test
  RUNNER_CONFIG_CMD=/opt/runner/bin/python2.7 /opt/runner/bin/runner -c /opt/runner/runner.cfg
  SHELL=/bin/bash
  SSH_AUTH_SOCK=/private/tmp/com.apple.launchd.n4ArF2ySLx/Listeners
  TMPDIR=/var/folders/gn/xbcbs14n34b0c1zwmd5rz72800000w/T/
  TWISTD_LOG_PATH=/builds/slave/twistd.log
  USER=cltbld
  VERSIONER_PYTHON_PREFER_32_BIT=no
  VERSIONER_PYTHON_VERSION=2.7
  XPC_FLAGS=0x0
  XPC_SERVICE_NAME=0
  __CF_USER_TEXT_ENCODING=0x1C:0:0
 using PTY: False
--2018-06-08 16:58:26--  https://hg.mozilla.org/build/tools/raw-file/default/buildfarm/utils/archiver_client.py
Resolving hg.mozilla.org... 63.245.215.25, 63.245.215.102
Connecting to hg.mozilla.org|63.245.215.25|:443... connected.
HTTP request sent, awaiting response... 200 Script output follows
Length: 12179 (12K) [text/x-python]
Saving to: 'archiver_client.py'

     0K .......... .                                          100% 43.0M=0s

2018-06-08 16:58:26 (43.0 MB/s) - 'archiver_client.py' saved [12179/12179]

program finished with exit code 0
elapsedTime=0.088994
========= master_lag: 0.01 =========
========= Finished 'bash -c ...' (results: 0, elapsed: 0 secs) (at 2018-06-08 16:58:26.914285) =========

========= Started 'rm -rf ...' (results: 0, elapsed: 0 secs) (at 2018-06-08 16:58:26.914622) =========
rm -rf scripts properties
 in dir /builds/slave/test/. (timeout 1200 secs)
 watching logfiles {}
 argv: ['rm', '-rf', 'scripts', 'properties']
 environment:
  Apple_PubSub_Socket_Render=/private/tmp/com.apple.launchd.KoKFenoEQd/Render
  GIT_SHARE_BASE_DIR=/builds/git-shared
  HG_SHARE_BASE_DIR=/builds/hg-shared
  HOME=/Users/cltbld
  IDLEIZER_DISABLE_SHUTDOWN=true
  LOGNAME=cltbld
  PATH=/usr/local/sbin:/usr/local/bin:/usr/sbin:/usr/bin:/sbin:/bin:/usr/bin/X11
  PWD=/builds/slave/test
  RUNNER_CONFIG_CMD=/opt/runner/bin/python2.7 /opt/runner/bin/runner -c /opt/runner/runner.cfg
  SHELL=/bin/bash
  SSH_AUTH_SOCK=/private/tmp/com.apple.launchd.n4ArF2ySLx/Listeners
  TMPDIR=/var/folders/gn/xbcbs14n34b0c1zwmd5rz72800000w/T/
  TWISTD_LOG_PATH=/builds/slave/twistd.log
  USER=cltbld
  VERSIONER_PYTHON_PREFER_32_BIT=no
  VERSIONER_PYTHON_VERSION=2.7
  XPC_FLAGS=0x0
  XPC_SERVICE_NAME=0
  __CF_USER_TEXT_ENCODING=0x1C:0:0
 using PTY: False
program finished with exit code 0
elapsedTime=0.039624
========= master_lag: 0.01 =========
========= Finished 'rm -rf ...' (results: 0, elapsed: 0 secs) (at 2018-06-08 16:58:26.963502) =========

========= Started 'bash -c ...' (results: 0, elapsed: 1 secs) (at 2018-06-08 16:58:26.963836) =========
bash -c 'python archiver_client.py mozharness --repo releases/mozilla-esr52 --rev cbfdf01aac455e0591471201c96b89dee98190b5 --destination scripts --debug'
 in dir /builds/slave/test/. (timeout 1200 secs)
 watching logfiles {}
 argv: ['bash', '-c', u'python archiver_client.py mozharness --repo releases/mozilla-esr52 --rev cbfdf01aac455e0591471201c96b89dee98190b5 --destination scripts --debug']
 environment:
  Apple_PubSub_Socket_Render=/private/tmp/com.apple.launchd.KoKFenoEQd/Render
  GIT_SHARE_BASE_DIR=/builds/git-shared
  HG_SHARE_BASE_DIR=/builds/hg-shared
  HOME=/Users/cltbld
  IDLEIZER_DISABLE_SHUTDOWN=true
  LOGNAME=cltbld
  PATH=/usr/local/sbin:/usr/local/bin:/usr/sbin:/usr/bin:/sbin:/bin:/usr/bin/X11
  PWD=/builds/slave/test
  RUNNER_CONFIG_CMD=/opt/runner/bin/python2.7 /opt/runner/bin/runner -c /opt/runner/runner.cfg
  SHELL=/bin/bash
  SSH_AUTH_SOCK=/private/tmp/com.apple.launchd.n4ArF2ySLx/Listeners
  TMPDIR=/var/folders/gn/xbcbs14n34b0c1zwmd5rz72800000w/T/
  TWISTD_LOG_PATH=/builds/slave/twistd.log
  USER=cltbld
  VERSIONER_PYTHON_PREFER_32_BIT=no
  VERSIONER_PYTHON_VERSION=2.7
  XPC_FLAGS=0x0
  XPC_SERVICE_NAME=0
  __CF_USER_TEXT_ENCODING=0x1C:0:0
 using PTY: False
2018-06-08 16:58:27,059 truncating revision to first 12 chars
2018-06-08 16:58:27,059 Setting DEBUG logging.
2018-06-08 16:58:27,059 attempt 1/10
2018-06-08 16:58:27,059 Getting archive location from https://api.pub.build.mozilla.org/archiver/hgmo/releases/mozilla-esr52/cbfdf01aac45?&preferred_region=us-west-2&suffix=tar.gz&subdir=testing/mozharness
2018-06-08 16:58:28,361 unpacking tar archive at: mozilla-esr52-cbfdf01aac45/testing/mozharness/
program finished with exit code 0
elapsedTime=1.726072
========= master_lag: 0.01 =========
========= Finished 'bash -c ...' (results: 0, elapsed: 1 secs) (at 2018-06-08 16:58:28.701912) =========

========= Started set props: script_repo_revision (results: 0, elapsed: 0 secs) (at 2018-06-08 16:58:28.702246) =========
script_repo_revision: cbfdf01aac455e0591471201c96b89dee98190b5
========= Finished set props: script_repo_revision (results: 0, elapsed: 0 secs) (at 2018-06-08 16:58:28.702648) =========

========= Started downloading to oauth.txt (results: 0, elapsed: 0 secs) (at 2018-06-08 16:58:28.702996) =========
========= Finished downloading to oauth.txt (results: 0, elapsed: 0 secs) (at 2018-06-08 16:58:28.711592) =========

========= Started '/tools/buildbot/bin/python -u ...' interrupted (results: 4, elapsed: 3 mins, 6 secs) (at 2018-06-08 16:58:28.711866) =========
/tools/buildbot/bin/python -u scripts/scripts/desktop_unittest.py --cfg unittests/mac_unittest.py --mochitest-suite mochitest-devtools-chrome --e10s --total-chunks 8 --this-chunk 1 --blob-upload-branch mozilla-esr52 --download-symbols ondemand
 in dir /builds/slave/test/. (timeout 1800 secs) (maxTime 4800 secs)
 watching logfiles {}
 argv: ['/tools/buildbot/bin/python', '-u', 'scripts/scripts/desktop_unittest.py', '--cfg', 'unittests/mac_unittest.py', '--mochitest-suite', 'mochitest-devtools-chrome', '--e10s', '--total-chunks', '8', '--this-chunk', '1', '--blob-upload-branch', 'mozilla-esr52', '--download-symbols', 'ondemand']
 environment:
  Apple_PubSub_Socket_Render=/private/tmp/com.apple.launchd.KoKFenoEQd/Render
  GIT_SHARE_BASE_DIR=/builds/git-shared
  HG_SHARE_BASE_DIR=/builds/hg-shared
  HOME=/Users/cltbld
  IDLEIZER_DISABLE_SHUTDOWN=true
  LOGNAME=cltbld
  MOZ_HIDE_RESULTS_TABLE=1
  MOZ_NODE_PATH=/usr/local/bin/node
  MOZ_NO_REMOTE=1
  NO_EM_RESTART=1
  NO_FAIL_ON_TEST_ERRORS=1
  PATH=/usr/local/sbin:/usr/local/bin:/usr/sbin:/usr/bin:/sbin:/bin:/usr/bin/X11
  PROPERTIES_FILE=/builds/slave/test/buildprops.json
  PWD=/builds/slave/test
  RUNNER_CONFIG_CMD=/opt/runner/bin/python2.7 /opt/runner/bin/runner -c /opt/runner/runner.cfg
  SHELL=/bin/bash
  SSH_AUTH_SOCK=/private/tmp/com.apple.launchd.n4ArF2ySLx/Listeners
  TMPDIR=/var/folders/gn/xbcbs14n34b0c1zwmd5rz72800000w/T/
  TWISTD_LOG_PATH=/builds/slave/twistd.log
  USER=cltbld
  VERSIONER_PYTHON_PREFER_32_BIT=no
  VERSIONER_PYTHON_VERSION=2.7
  XPCOM_DEBUG_BREAK=warn
  XPC_FLAGS=0x0
  XPC_SERVICE_NAME=0
  __CF_USER_TEXT_ENCODING=0x1C:0:0
 using PTY: False
16:58:28     INFO - MultiFileLogger online at 20180608 16:58:28 in /builds/slave/test
16:58:28     INFO - Run as scripts/scripts/desktop_unittest.py --cfg unittests/mac_unittest.py --mochitest-suite mochitest-devtools-chrome --e10s --total-chunks 8 --this-chunk 1 --blob-upload-branch mozilla-esr52 --download-symbols ondemand
16:58:28     INFO - Dumping config to /builds/slave/test/logs/localconfig.json.
16:58:28     INFO - {'all_cppunittest_suites': {'cppunittest': ('tests/cppunittest',)},
16:58:28     INFO -  'all_gtest_suites': {'gtest': ()},
16:58:28     INFO -  'all_jittest_suites': {'jittest': ()},
16:58:28     INFO -  'all_mochitest_suites': {'a11y': ('--flavor=a11y',),
16:58:28     INFO -                           'browser-chrome': ('--flavor=browser',),
16:58:28     INFO -                           'browser-chrome-addons': ('--flavor=browser',
16:58:28     INFO -                                                     '--chunk-by-runtime',
16:58:28     INFO -                                                     '--tag=addons'),
16:58:28     INFO -                           'browser-chrome-chunked': ('--flavor=browser',
16:58:28     INFO -                                                      '--chunk-by-runtime'),
16:58:28     INFO -                           'browser-chrome-clipboard': ('--flavor=browser',
16:58:28     INFO -                                                        '--subsuite=clipboard'),
16:58:28     INFO -                           'browser-chrome-gpu': ('--flavor=browser',
16:58:28     INFO -                                                  '--subsuite=gpu'),
16:58:28     INFO -                           'browser-chrome-screenshots': ('--flavor=browser',
16:58:28     INFO -                                                          '--subsuite=screenshots'),
16:58:28     INFO -                           'chrome': ('--flavor=chrome',),
16:58:28     INFO -                           'chrome-chunked': ('--flavor=chrome',
16:58:28     INFO -                                              '--chunk-by-dir=4'),
16:58:28     INFO -                           'chrome-clipboard': ('--flavor=chrome',
16:58:28     INFO -                                                '--subsuite=clipboard'),
16:58:28     INFO -                           'chrome-gpu': ('--flavor=chrome', '--subsuite=gpu'),
16:58:28     INFO -                           'jetpack-addon': ('--flavor=jetpack-addon',),
16:58:28     INFO -                           'jetpack-package': ('--flavor=jetpack-package',),
16:58:28     INFO -                           'jetpack-package-clipboard': ('--flavor=jetpack-package',
16:58:28     INFO -                                                         '--subsuite=clipboard'),
16:58:28     INFO -                           'mochitest-devtools-chrome': ('--flavor=browser',
16:58:28     INFO -                                                         '--subsuite=devtools'),
16:58:28     INFO -                           'mochitest-devtools-chrome-chunked': ('--flavor=browser',
16:58:28     INFO -                                                                 '--subsuite=devtools',
16:58:28     INFO -                                                                 '--chunk-by-runtime'),
16:58:28     INFO -                           'mochitest-gl': ('--subsuite=webgl',),
16:58:28     INFO -                           'mochitest-media': ('--subsuite=media',),
16:58:28     INFO -                           'plain': (),
16:58:28     INFO -                           'plain-chunked': ('--chunk-by-dir=4',),
16:58:28     INFO -                           'plain-clipboard': ('--subsuite=clipboard',),
16:58:28     INFO -                           'plain-gpu': ('--subsuite=gpu',)},
16:58:28     INFO -  'all_mozbase_suites': {'mozbase': ()},
16:58:28     INFO -  'all_reftest_suites': {'crashtest': {'options': ('--suite=crashtest',),
16:58:28     INFO -                                       'tests': ('tests/reftest/tests/testing/crashtest/crashtests.list',)},
16:58:28     INFO -                         'jsreftest': {'options': ('--extra-profile-file=tests/jsreftest/tests/user.js',),
16:58:28     INFO -                                       'tests': ('tests/jsreftest/tests/jstests.list',)},
16:58:28     INFO -                         'reftest': {'options': ('--suite=reftest',),
16:58:28     INFO -                                     'tests': ('tests/reftest/tests/layout/reftests/reftest.list',)}},
16:58:28     INFO -  'all_xpcshell_suites': {'xpcshell': {'options': ('--xpcshell=%(abs_app_dir)s/xpcshell',
16:58:28     INFO -                                                   '--manifest=tests/xpcshell/tests/xpcshell.ini'),
16:58:28     INFO -                                       'tests': ()},
16:58:28     INFO -                          'xpcshell-addons': {'options': ('--xpcshell=%(abs_app_dir)s/xpcshell',
16:58:28     INFO -                                                          '--tag=addons',
16:58:28     INFO -                                                          '--manifest=tests/xpcshell/tests/xpcshell.ini'),
16:58:28     INFO -                                              'tests': ()}},
16:58:28     INFO -  'allow_software_gl_layers': False,
16:58:28     INFO -  'append_to_log': False,
16:58:28     INFO -  'base_work_dir': '/builds/slave/test',
16:58:28     INFO -  'blob_upload_branch': 'mozilla-esr52',
16:58:28     INFO -  'blob_uploader_auth_file': '/builds/slave/test/oauth.txt',
16:58:28     INFO -  'buildbot_json_path': 'buildprops.json',
16:58:28     INFO -  'buildbot_max_log_size': 52428800,
16:58:28     INFO -  'code_coverage': False,
16:58:28     INFO -  'config_files': ('unittests/mac_unittest.py',),
16:58:28     INFO -  'default_blob_upload_servers': ('https://blobupload.elasticbeanstalk.com',),
16:58:28     INFO -  'download_minidump_stackwalk': True,
16:58:28     INFO -  'download_nodejs': True,
16:58:28     INFO -  'download_symbols': 'ondemand',
16:58:28     INFO -  'e10s': True,
16:58:28     INFO -  'exe_suffix': '',
16:58:28     INFO -  'exes': {'python': '/tools/buildbot/bin/python',
16:58:28     INFO -           'tooltool.py': '/tools/tooltool.py',
16:58:28     INFO -           'virtualenv': ('/tools/buildbot/bin/python',
16:58:28     INFO -                          '/tools/misc-python/virtualenv.py')},
16:58:28     INFO -  'find_links': ('http://pypi.pvt.build.mozilla.org/pub',
16:58:28     INFO -                 'http://pypi.pub.build.mozilla.org/pub'),
16:58:28     INFO -  'installer_path': '/builds/slave/test/installer.dmg',
16:58:28     INFO -  'log_level': 'info',
16:58:28     INFO -  'log_to_console': True,
16:58:28     INFO -  'minidump_save_path': '%(abs_work_dir)s/../minidumps',
16:58:28     INFO -  'minidump_stackwalk_path': 'macosx64-minidump_stackwalk',
16:58:28     INFO -  'minidump_tooltool_manifest_path': 'config/tooltool-manifests/macosx64/releng.manifest',
16:58:28     INFO -  'minimum_tests_zip_dirs': ('bin/*',
16:58:28     INFO -                             'certs/*',
16:58:28     INFO -                             'config/*',
16:58:28     INFO -                             'mach',
16:58:28     INFO -                             'marionette/*',
16:58:28     INFO -                             'modules/*',
16:58:28     INFO -                             'mozbase/*',
16:58:28     INFO -                             'tools/*'),
16:58:28     INFO -  'no_random': False,
16:58:28     INFO -  'nodejs_path': 'node-osx/bin/node',
16:58:28     INFO -  'nodejs_tooltool_manifest_path': 'config/tooltool-manifests/macosx64/nodejs.manifest',
16:58:28     INFO -  'opt_config_files': (),
16:58:28     INFO -  'pip_index': False,
16:58:28     INFO -  'preflight_run_cmd_suites': ({'architectures': ('32bit', '64bit'),
16:58:28     INFO -                                'cmd': ('xset', 's', 'off', 's', 'reset'),
16:58:28     INFO -                                'enabled': False,
16:58:28     INFO -                                'halt_on_failure': False,
16:58:28     INFO -                                'name': 'disable_screen_saver'},
16:58:28     INFO -                               {'architectures': ('32bit',),
16:58:28     INFO -                                'cmd': ('python',
16:58:28     INFO -                                        '../scripts/external_tools/mouse_and_screen_resolution.py',
16:58:28     INFO -                                        '--configuration-file',
16:58:28     INFO -                                        '../scripts/external_tools/machine-configuration.json'),
16:58:28     INFO -                                'enabled': False,
16:58:28     INFO -                                'halt_on_failure': True,
16:58:28     INFO -                                'name': 'run mouse & screen adjustment script'}),
16:58:28     INFO -  'require_test_zip': True,
16:58:28     INFO -  'run_all_suites': False,
16:58:28     INFO -  'run_cmd_checks_enabled': True,
16:58:28     INFO -  'run_file_names': {'cppunittest': 'runcppunittests.py',
16:58:28     INFO -                     'gtest': 'rungtests.py',
16:58:28     INFO -                     'jittest': 'jit_test.py',
16:58:28     INFO -                     'mochitest': 'runtests.py',
16:58:28     INFO -                     'mozbase': 'test.py',
16:58:28     INFO -                     'mozmill': 'runtestlist.py',
16:58:28     INFO -                     'reftest': 'runreftest.py',
16:58:28     INFO -                     'xpcshell': 'runxpcshelltests.py'},
16:58:28     INFO -  'specific_tests_zip_dirs': {'cppunittest': ('cppunittest/*',),
16:58:28     INFO -                              'gtest': ('gtest/*',),
16:58:28     INFO -                              'jittest': ('jit-test/*',),
16:58:28     INFO -                              'mochitest': ('mochitest/*',),
16:58:28     INFO -                              'mozbase': ('mozbase/*',),
16:58:28     INFO -                              'mozmill': ('mozmill/*',),
16:58:28     INFO -                              'reftest': ('reftest/*', 'jsreftest/*'),
16:58:28     INFO -                              'xpcshell': ('xpcshell/*',)},
16:58:28     INFO -  'specified_mochitest_suites': ('mochitest-devtools-chrome',),
16:58:28     INFO -  'strict_content_sandbox': False,
16:58:28     INFO -  'suite_definitions': {'cppunittest': {'options': ('--symbols-path=%(symbols_path)s',
16:58:28     INFO -                                                    '--xre-path=%(abs_res_dir)s'),
16:58:28     INFO -                                        'run_filename': 'runcppunittests.py',
16:58:28     INFO -                                        'testsdir': 'cppunittest'},
16:58:28     INFO -                        'gtest': {'options': ('--xre-path=%(abs_res_dir)s',
16:58:28     INFO -                                              '--cwd=%(gtest_dir)s',
16:58:28     INFO -                                              '--symbols-path=%(symbols_path)s',
16:58:28     INFO -                                              '--utility-path=tests/bin',
16:58:28     INFO -                                              '%(binary_path)s'),
16:58:28     INFO -                                  'run_filename': 'rungtests.py'},
16:58:28     INFO -                        'jittest': {'options': ('tests/bin/js',
16:58:28     INFO -                                                '--no-slow',
16:58:28     INFO -                                                '--no-progress',
16:58:28     INFO -                                                '--format=automation',
16:58:28     INFO -                                                '--jitflags=all',
16:58:28     INFO -                                                '--timeout=970'),
16:58:28     INFO -                                    'run_filename': 'jit_test.py',
16:58:28     INFO -                                    'run_timeout': 1000,
16:58:28     INFO -                                    'testsdir': 'jit-test/jit-test'},
16:58:28     INFO -                        'mochitest': {'options': ('--appname=%(binary_path)s',
16:58:28     INFO -                                                  '--utility-path=tests/bin',
16:58:28     INFO -                                                  '--extra-profile-file=tests/bin/plugins',
16:58:28     INFO -                                                  '--symbols-path=%(symbols_path)s',
16:58:28     INFO -                                                  '--certificate-path=tests/certs',
16:58:28     INFO -                                                  '--quiet',
16:58:28     INFO -                                                  '--log-raw=%(raw_log_file)s',
16:58:28     INFO -                                                  '--log-errorsummary=%(error_summary_file)s',
16:58:28     INFO -                                                  '--screenshot-on-fail',
16:58:28     INFO -                                                  '--cleanup-crashes'),
16:58:28     INFO -                                      'run_filename': 'runtests.py',
16:58:28     INFO -                                      'testsdir': 'mochitest'},
16:58:28     INFO -                        'mozbase': {'options': ('-b', '%(binary_path)s'),
16:58:28     INFO -                                    'run_filename': 'test.py',
16:58:28     INFO -                                    'testsdir': 'mozbase'},
16:58:28     INFO -                        'mozmill': {'options': ('--binary=%(binary_path)s',
16:58:28     INFO -                                                '--testing-modules-dir=test/modules',
16:58:28     INFO -                                                '--plugins-path=%(test_plugin_path)s',
16:58:28     INFO -                                                '--symbols-path=%(symbols_path)s'),
16:58:28     INFO -                                    'run_filename': 'runtestlist.py',
16:58:28     INFO -                                    'testsdir': 'mozmill'},
16:58:28     INFO -                        'reftest': {'options': ('--appname=%(binary_path)s',
16:58:28     INFO -                                                '--utility-path=tests/bin',
16:58:28     INFO -                                                '--extra-profile-file=tests/bin/plugins',
16:58:28     INFO -                                                '--symbols-path=%(symbols_path)s',
16:58:28     INFO -                                                '--log-raw=%(raw_log_file)s',
16:58:28     INFO -                                                '--log-errorsummary=%(error_summary_file)s',
16:58:28     INFO -                                                '--cleanup-crashes'),
16:58:28     INFO -                                    'run_filename': 'runreftest.py',
16:58:28     INFO -                                    'testsdir': 'reftest'},
16:58:28     INFO -                        'xpcshell': {'options': ('--symbols-path=%(symbols_path)s',
16:58:28     INFO -                                                 '--test-plugin-path=%(test_plugin_path)s',
16:58:28     INFO -                                                 '--log-raw=%(raw_log_file)s',
16:58:28     INFO -                                                 '--log-errorsummary=%(error_summary_file)s',
16:58:28     INFO -                                                 '--utility-path=tests/bin'),
16:58:28     INFO -                                     'run_filename': 'runxpcshelltests.py',
16:58:28     INFO -                                     'testsdir': 'xpcshell'}},
16:58:28     INFO -  'this_chunk': '1',
16:58:28     INFO -  'tooltool_cache': '/builds/tooltool_cache',
16:58:28     INFO -  'total_chunks': '8',
16:58:28     INFO -  'unstructured_flavors': {'cppunittest': (),
16:58:28     INFO -                           'gtest': (),
16:58:28     INFO -                           'jittest': (),
16:58:28     INFO -                           'mochitest': ('jetpack',),
16:58:28     INFO -                           'mozbase': (),
16:58:28     INFO -                           'mozmill': (),
16:58:28     INFO -                           'xpcshell': ()},
16:58:28     INFO -  'vcs_output_timeout': 1000,
16:58:28     INFO -  'virtualenv_modules': ('six==1.10.0', 'vcversioner==2.16.0.0'),
16:58:28     INFO -  'virtualenv_path': 'venv',
16:58:28     INFO -  'volatile_config': {'actions': None, 'add_actions': None, 'no_actions': None},
16:58:28     INFO -  'work_dir': 'build',
16:58:28     INFO -  'xpcshell_name': 'xpcshell'}
16:58:28     INFO - [mozharness: 2018-06-08 23:58:28.949660Z] Running clobber step.
16:58:28     INFO - Running pre-action listener: _resource_record_pre_action
16:58:28     INFO - Running main action method: clobber
16:58:28     INFO - rmtree: /builds/slave/test/build
16:58:28     INFO - retry: Calling rmtree with args: ('/builds/slave/test/build',), kwargs: {}, attempt #1
16:58:31     INFO - Running post-action listener: _resource_record_post_action
16:58:31     INFO - [mozharness: 2018-06-08 23:58:31.446546Z] Finished clobber step (success)
16:58:31     INFO - [mozharness: 2018-06-08 23:58:31.446716Z] Running read-buildbot-config step.
16:58:31     INFO - Running pre-action listener: _resource_record_pre_action
16:58:31     INFO - Running main action method: read_buildbot_config
16:58:31     INFO - Using buildbot properties:
16:58:31     INFO - {
16:58:31     INFO -     "project": "", 
16:58:31     INFO -     "product": "firefox", 
16:58:31     INFO -     "script_repo_revision": "production", 
16:58:31     INFO -     "scheduler": "tests-mozilla-esr52-yosemite_r7-opt-unittest", 
16:58:31     INFO -     "repository": "", 
16:58:31     INFO -     "buildername": "Rev7 MacOSX Yosemite 10.10.5 mozilla-esr52 opt test mochitest-e10s-devtools-chrome-1", 
16:58:31     INFO -     "buildid": "20180608150819", 
16:58:31     INFO -     "pgo_build": "False", 
16:58:31     INFO -     "basedir": "/builds/slave/test", 
16:58:31     INFO -     "buildnumber": 14, 
16:58:31     INFO -     "slavename": "t-yosemite-r7-0004", 
16:58:31     INFO -     "master": "http://buildbot-master106.bb.releng.scl3.mozilla.com:8201/", 
16:58:31     INFO -     "platform": "macosx64", 
16:58:31     INFO -     "branch": "mozilla-esr52", 
16:58:31     INFO -     "revision": "cbfdf01aac455e0591471201c96b89dee98190b5", 
16:58:31     INFO -     "repo_path": "releases/mozilla-esr52", 
16:58:31     INFO -     "moz_repo_path": "", 
16:58:31     INFO -     "stage_platform": "macosx64", 
16:58:31     INFO -     "builduid": "b298b373e93d4f8dbf92436c9ed838a2", 
16:58:31     INFO -     "slavebuilddir": "test"
16:58:31     INFO - }
16:58:31     INFO - Found installer url https://queue.taskcluster.net/v1/task/HHn8t6C8SBmHWYIFt5uc2A/artifacts/public/build/firefox-52.8.2.en-US.mac.dmg.
16:58:31     INFO - Found a test packages url https://queue.taskcluster.net/v1/task/HHn8t6C8SBmHWYIFt5uc2A/artifacts/public/build/firefox-52.8.2.en-US.mac.test_packages.json.
16:58:31     INFO - Running post-action listener: _resource_record_post_action
16:58:31     INFO - [mozharness: 2018-06-08 23:58:31.450827Z] Finished read-buildbot-config step (success)
16:58:31     INFO - [mozharness: 2018-06-08 23:58:31.450992Z] Running download-and-extract step.
16:58:31     INFO - Running pre-action listener: _pre_download_and_extract
16:58:31  WARNING - Try message not found.
16:58:31     INFO - Running pre-action listener: _resource_record_pre_action
16:58:31     INFO - Running main action method: download_and_extract
16:58:31     INFO - mkdir: /builds/slave/test/build/tests
16:58:31     INFO - Downloading https://queue.taskcluster.net/v1/task/HHn8t6C8SBmHWYIFt5uc2A/artifacts/public/build/firefox-52.8.2.en-US.mac.test_packages.json to /builds/slave/test/build/firefox-52.8.2.en-US.mac.test_packages.json
16:58:31     INFO - retry: Calling _download_file with args: (), kwargs: {'url': 'https://queue.taskcluster.net/v1/task/HHn8t6C8SBmHWYIFt5uc2A/artifacts/public/build/firefox-52.8.2.en-US.mac.test_packages.json', 'file_name': '/builds/slave/test/build/firefox-52.8.2.en-US.mac.test_packages.json'}, attempt #1
16:58:32     INFO - Downloaded 1199 bytes.
16:58:32     INFO - Reading from file /builds/slave/test/build/firefox-52.8.2.en-US.mac.test_packages.json
16:58:32     INFO - Using the following test package requirements:
16:58:32     INFO - {u'common': [u'firefox-52.8.2.en-US.mac.common.tests.zip'],
16:58:32     INFO -  u'cppunittest': [u'firefox-52.8.2.en-US.mac.common.tests.zip',
16:58:32     INFO -                   u'firefox-52.8.2.en-US.mac.cppunittest.tests.zip'],
16:58:32     INFO -  u'gtest': [u'firefox-52.8.2.en-US.mac.common.tests.zip',
16:58:32     INFO -             u'firefox-52.8.2.en-US.mac.gtest.tests.zip'],
16:58:32     INFO -  u'jittest': [u'firefox-52.8.2.en-US.mac.common.tests.zip',
16:58:32     INFO -               u'jsshell-mac.zip'],
16:58:32     INFO -  u'mochitest': [u'firefox-52.8.2.en-US.mac.common.tests.zip',
16:58:32     INFO -                 u'firefox-52.8.2.en-US.mac.mochitest.tests.zip'],
16:58:32     INFO -  u'mozbase': [u'firefox-52.8.2.en-US.mac.common.tests.zip'],
16:58:32     INFO -  u'reftest': [u'firefox-52.8.2.en-US.mac.common.tests.zip',
16:58:32     INFO -               u'firefox-52.8.2.en-US.mac.reftest.tests.zip'],
16:58:32     INFO -  u'talos': [u'firefox-52.8.2.en-US.mac.common.tests.zip',
16:58:32     INFO -             u'firefox-52.8.2.en-US.mac.talos.tests.zip'],
16:58:32     INFO -  u'web-platform': [u'firefox-52.8.2.en-US.mac.common.tests.zip',
16:58:32     INFO -                    u'firefox-52.8.2.en-US.mac.web-platform.tests.zip'],
16:58:32     INFO -  u'xpcshell': [u'firefox-52.8.2.en-US.mac.common.tests.zip',
16:58:32     INFO -                u'firefox-52.8.2.en-US.mac.xpcshell.tests.zip']}
16:58:32     INFO - Downloading packages: [u'firefox-52.8.2.en-US.mac.common.tests.zip', u'firefox-52.8.2.en-US.mac.mochitest.tests.zip'] for test suite category: mochitest
16:58:32     INFO - Adding 'mozinfo.json' for extraction from common.tests zip file
16:58:32     INFO - Downloading and extracting to /builds/slave/test/build/tests these dirs bin/*, certs/*, config/*, mach, marionette/*, modules/*, mozbase/*, tools/*, mochitest/*, mozinfo.json from https://queue.taskcluster.net/v1/task/HHn8t6C8SBmHWYIFt5uc2A/artifacts/public/build/firefox-52.8.2.en-US.mac.common.tests.zip
16:58:32     INFO - retry: Calling fetch_url_into_memory with args: (), kwargs: {'url': u'https://queue.taskcluster.net/v1/task/HHn8t6C8SBmHWYIFt5uc2A/artifacts/public/build/firefox-52.8.2.en-US.mac.common.tests.zip'}, attempt #1
16:58:32     INFO - Fetch https://queue.taskcluster.net/v1/task/HHn8t6C8SBmHWYIFt5uc2A/artifacts/public/build/firefox-52.8.2.en-US.mac.common.tests.zip into memory
16:58:32     INFO - Http code: 200
16:58:32     INFO - via: 1.1 11512f00e812993b9daa35c376d7cb20.cloudfront.net (CloudFront)
16:58:32     INFO - x-amz-cf-id: eMS7yQmJywWjvwDrRMOzIVHHNFwN6TYOZ-UHnwmGkzEOsfuTBVgiPA==
16:58:32     INFO - x-amz-version-id: UkqyOZq8WNz45.a28JfbTxANLCd8IcMh
16:58:32     INFO - Expected file size: 16042780
16:58:32     INFO - Obtained file size: 16042780
16:58:33     INFO - Downloading and extracting to /builds/slave/test/build/tests these dirs bin/*, certs/*, config/*, mach, marionette/*, modules/*, mozbase/*, tools/*, mochitest/*, mozinfo.json from https://queue.taskcluster.net/v1/task/HHn8t6C8SBmHWYIFt5uc2A/artifacts/public/build/firefox-52.8.2.en-US.mac.mochitest.tests.zip
16:58:33     INFO - retry: Calling fetch_url_into_memory with args: (), kwargs: {'url': u'https://queue.taskcluster.net/v1/task/HHn8t6C8SBmHWYIFt5uc2A/artifacts/public/build/firefox-52.8.2.en-US.mac.mochitest.tests.zip'}, attempt #1
16:58:33     INFO - Fetch https://queue.taskcluster.net/v1/task/HHn8t6C8SBmHWYIFt5uc2A/artifacts/public/build/firefox-52.8.2.en-US.mac.mochitest.tests.zip into memory
16:58:34     INFO - Http code: 200
16:58:34     INFO - via: 1.1 f46e4d7bc5419470a70eb57aa9c935c8.cloudfront.net (CloudFront)
16:58:34     INFO - x-amz-cf-id: CUaHVh5CUuEwdoWPDEuzeNDteEiWQUVkV6rSPCc64-D0_omQ9mv28A==
16:58:34     INFO - x-amz-version-id: xgAMGpI0uaru90NO_X7ED2eFy6JPyfUY
16:58:35     INFO - Expected file size: 80335913
16:58:35     INFO - Obtained file size: 80335913
16:58:47     INFO - Downloading https://queue.taskcluster.net/v1/task/HHn8t6C8SBmHWYIFt5uc2A/artifacts/public/build/firefox-52.8.2.en-US.mac.dmg to /builds/slave/test/installer.dmg
16:58:47     INFO - retry: Calling _download_file with args: (), kwargs: {'url': 'https://queue.taskcluster.net/v1/task/HHn8t6C8SBmHWYIFt5uc2A/artifacts/public/build/firefox-52.8.2.en-US.mac.dmg', 'file_name': '/builds/slave/test/installer.dmg'}, attempt #1
16:58:50     INFO - Downloaded 82824028 bytes.
16:58:50     INFO - Setting buildbot property build_url to https://queue.taskcluster.net/v1/task/HHn8t6C8SBmHWYIFt5uc2A/artifacts/public/build/firefox-52.8.2.en-US.mac.dmg
16:58:50     INFO - mkdir: /builds/slave/test/properties
16:58:50     INFO - Writing buildbot properties ['build_url'] to /builds/slave/test/properties/build_url
16:58:50     INFO - Writing to file /builds/slave/test/properties/build_url
16:58:50     INFO - Contents:
16:58:50     INFO -  build_url:https://queue.taskcluster.net/v1/task/HHn8t6C8SBmHWYIFt5uc2A/artifacts/public/build/firefox-52.8.2.en-US.mac.dmg
16:58:51     INFO - Running post-action listener: _resource_record_post_action
16:58:51     INFO - Running post-action listener: set_extra_try_arguments
16:58:51     INFO - [mozharness: 2018-06-08 23:58:51.371530Z] Finished download-and-extract step (success)
16:58:51     INFO - [mozharness: 2018-06-08 23:58:51.371660Z] Running create-virtualenv step.
16:58:51     INFO - Running pre-action listener: _install_mozbase
16:58:51     INFO - Running pre-action listener: _pre_create_virtualenv
16:58:51     INFO - Running pre-action listener: _resource_record_pre_action
16:58:51     INFO - Running main action method: create_virtualenv
16:58:51     INFO - Creating virtualenv /builds/slave/test/build/venv
16:58:51     INFO - Running command: ['/tools/buildbot/bin/python', '/builds/slave/test/scripts/external_tools/virtualenv/virtualenv.py', '--always-copy', '/builds/slave/test/build/venv'] in /builds/slave/test/build
16:58:51     INFO - Copy/paste: /tools/buildbot/bin/python /builds/slave/test/scripts/external_tools/virtualenv/virtualenv.py --always-copy /builds/slave/test/build/venv
16:58:51     INFO - Using partial env: {'VIRTUALENV_NO_DOWNLOAD': '1'}
16:58:51     INFO -  Using real prefix '/tools/python27'
16:58:51     INFO -  New python executable in /builds/slave/test/build/venv/bin/python
16:58:53     INFO -  Installing setuptools, pip, wheel...done.
16:58:53     INFO - Return code: 0
16:58:53     INFO - Installing six==1.10.0 into virtualenv /builds/slave/test/build/venv
16:58:53     INFO - retry: Calling run_command with args: [['/builds/slave/test/build/venv/bin/pip', 'install', '--timeout', '120', '--no-index', '--find-links', 'http://pypi.pvt.build.mozilla.org/pub', '--find-links', 'http://pypi.pub.build.mozilla.org/pub', '--trusted-host', 'pypi.pub.build.mozilla.org', '--trusted-host', 'pypi.pvt.build.mozilla.org', 'six==1.10.0']], kwargs: {'error_level': 'warning', 'error_list': [{'substr': 'not found or a compiler error:', 'level': 'warning'}, {'regex': <_sre.SRE_Pattern object at 0x10b96c170>, 'level': 'error'}, {'regex': <_sre.SRE_Pattern object at 0x10ba0e960>, 'level': 'warning'}, {'regex': <_sre.SRE_Pattern object at 0x7fa6a8c37630>, 'level': 'debug'}, {'substr': 'command not found', 'level': 'error'}, {'regex': <_sre.SRE_Pattern object at 0x10b8ff1d0>, 'level': 'warning'}, {'substr': 'Traceback (most recent call last)', 'level': 'error'}, {'substr': 'SyntaxError: ', 'level': 'error'}, {'substr': 'TypeError: ', 'level': 'error'}, {'substr': 'NameError: ', 'level': 'error'}, {'substr': 'ZeroDivisionError: ', 'level': 'error'}, {'regex': <_sre.SRE_Pattern object at 0x10b8da108>, 'level': 'critical'}, {'regex': <_sre.SRE_Pattern object at 0x10b8f4030>, 'level': 'critical'}], 'cwd': '/builds/slave/test/build', 'env': {'VERSIONER_PYTHON_PREFER_32_BIT': 'no', 'LOGNAME': 'cltbld', 'USER': 'cltbld', 'XPC_SERVICE_NAME': '0', 'PATH': '/usr/local/sbin:/usr/local/bin:/usr/sbin:/usr/bin:/sbin:/bin:/usr/bin/X11', 'HOME': '/Users/cltbld', 'NO_EM_RESTART': '1', 'IDLEIZER_DISABLE_SHUTDOWN': 'true', 'XPCOM_DEBUG_BREAK': 'warn', 'Apple_PubSub_Socket_Render': '/private/tmp/com.apple.launchd.KoKFenoEQd/Render', 'MOZ_NODE_PATH': '/usr/local/bin/node', 'TWISTD_LOG_PATH': '/builds/slave/twistd.log', 'GIT_SHARE_BASE_DIR': '/builds/git-shared', 'VERSIONER_PYTHON_VERSION': '2.7', 'XPC_FLAGS': '0x0', 'NO_FAIL_ON_TEST_ERRORS': '1', 'HG_SHARE_BASE_DIR': '/builds/hg-shared', 'RUNNER_CONFIG_CMD': '/opt/runner/bin/python2.7 /opt/runner/bin/runner -c /opt/runner/runner.cfg', 'MOZ_NO_REMOTE': '1', 'MOZ_HIDE_RESULTS_TABLE': '1', 'SSH_AUTH_SOCK': '/private/tmp/com.apple.launchd.n4ArF2ySLx/Listeners', 'SHELL': '/bin/bash', 'TMPDIR': '/var/folders/gn/xbcbs14n34b0c1zwmd5rz72800000w/T/', '__CF_USER_TEXT_ENCODING': '0x1C:0:0', 'PWD': '/builds/slave/test', 'PROPERTIES_FILE': '/builds/slave/test/buildprops.json'}}, attempt #1
16:58:53     INFO - Running command: ['/builds/slave/test/build/venv/bin/pip', 'install', '--timeout', '120', '--no-index', '--find-links', 'http://pypi.pvt.build.mozilla.org/pub', '--find-links', 'http://pypi.pub.build.mozilla.org/pub', '--trusted-host', 'pypi.pub.build.mozilla.org', '--trusted-host', 'pypi.pvt.build.mozilla.org', 'six==1.10.0'] in /builds/slave/test/build
16:58:53     INFO - Copy/paste: /builds/slave/test/build/venv/bin/pip install --timeout 120 --no-index --find-links http://pypi.pvt.build.mozilla.org/pub --find-links http://pypi.pub.build.mozilla.org/pub --trusted-host pypi.pub.build.mozilla.org --trusted-host pypi.pvt.build.mozilla.org six==1.10.0
16:58:53     INFO - Using env: {'Apple_PubSub_Socket_Render': '/private/tmp/com.apple.launchd.KoKFenoEQd/Render',
16:58:53     INFO -  'GIT_SHARE_BASE_DIR': '/builds/git-shared',
16:58:53     INFO -  'HG_SHARE_BASE_DIR': '/builds/hg-shared',
16:58:53     INFO -  'HOME': '/Users/cltbld',
16:58:53     INFO -  'IDLEIZER_DISABLE_SHUTDOWN': 'true',
16:58:53     INFO -  'LOGNAME': 'cltbld',
16:58:53     INFO -  'MOZ_HIDE_RESULTS_TABLE': '1',
16:58:53     INFO -  'MOZ_NODE_PATH': '/usr/local/bin/node',
16:58:53     INFO -  'MOZ_NO_REMOTE': '1',
16:58:53     INFO -  'NO_EM_RESTART': '1',
16:58:53     INFO -  'NO_FAIL_ON_TEST_ERRORS': '1',
16:58:53     INFO -  'PATH': '/usr/local/sbin:/usr/local/bin:/usr/sbin:/usr/bin:/sbin:/bin:/usr/bin/X11',
16:58:53     INFO -  'PROPERTIES_FILE': '/builds/slave/test/buildprops.json',
16:58:53     INFO -  'PWD': '/builds/slave/test',
16:58:53     INFO -  'RUNNER_CONFIG_CMD': '/opt/runner/bin/python2.7 /opt/runner/bin/runner -c /opt/runner/runner.cfg',
16:58:53     INFO -  'SHELL': '/bin/bash',
16:58:53     INFO -  'SSH_AUTH_SOCK': '/private/tmp/com.apple.launchd.n4ArF2ySLx/Listeners',
16:58:53     INFO -  'TMPDIR': '/var/folders/gn/xbcbs14n34b0c1zwmd5rz72800000w/T/',
16:58:53     INFO -  'TWISTD_LOG_PATH': '/builds/slave/twistd.log',
16:58:53     INFO -  'USER': 'cltbld',
16:58:53     INFO -  'VERSIONER_PYTHON_PREFER_32_BIT': 'no',
16:58:53     INFO -  'VERSIONER_PYTHON_VERSION': '2.7',
16:58:53     INFO -  'XPCOM_DEBUG_BREAK': 'warn',
16:58:53     INFO -  'XPC_FLAGS': '0x0',
16:58:53     INFO -  'XPC_SERVICE_NAME': '0',
16:58:53     INFO -  '__CF_USER_TEXT_ENCODING': '0x1C:0:0'}
16:58:54     INFO -  Ignoring indexes: https://pypi.python.org/simple
16:58:54     INFO -  Collecting six==1.10.0
16:58:54     INFO -  /builds/slave/test/build/venv/lib/python2.7/site-packages/pip/_vendor/requests/packages/urllib3/util/ssl_.py:318: SNIMissingWarning: An HTTPS request has been made, but the SNI (Subject Name Indication) extension to TLS is not available on this platform. This may cause the server to present an incorrect TLS certificate, which can cause validation failures. You can upgrade to a newer version of Python to solve this. For more information, see https://urllib3.readthedocs.org/en/latest/security.html#snimissingwarning.
16:58:54     INFO -    SNIMissingWarning
16:58:54     INFO -  /builds/slave/test/build/venv/lib/python2.7/site-packages/pip/_vendor/requests/packages/urllib3/util/ssl_.py:122: InsecurePlatformWarning: A true SSLContext object is not available. This prevents urllib3 from configuring SSL appropriately and may cause certain SSL connections to fail. You can upgrade to a newer version of Python to solve this. For more information, see https://urllib3.readthedocs.org/en/latest/security.html#insecureplatformwarning.
16:58:54     INFO -    InsecurePlatformWarning
16:58:55     INFO -  /builds/slave/test/build/venv/lib/python2.7/site-packages/pip/_vendor/requests/packages/urllib3/util/ssl_.py:122: InsecurePlatformWarning: A true SSLContext object is not available. This prevents urllib3 from configuring SSL appropriately and may cause certain SSL connections to fail. You can upgrade to a newer version of Python to solve this. For more information, see https://urllib3.readthedocs.org/en/latest/security.html#insecureplatformwarning.
16:58:55     INFO -    InsecurePlatformWarning
16:58:57     INFO -    Downloading https://pypi.pvt.build.mozilla.org/pub/six-1.10.0-py2.py3-none-any.whl
16:58:57     INFO -  Installing collected packages: six
16:58:57     INFO -  Successfully installed six-1.10.0
16:58:57     INFO - Return code: 0
16:58:57     INFO - Installing vcversioner==2.16.0.0 into virtualenv /builds/slave/test/build/venv
16:58:57     INFO - retry: Calling run_command with args: [['/builds/slave/test/build/venv/bin/pip', 'install', '--timeout', '120', '--no-index', '--find-links', 'http://pypi.pvt.build.mozilla.org/pub', '--find-links', 'http://pypi.pub.build.mozilla.org/pub', '--trusted-host', 'pypi.pub.build.mozilla.org', '--trusted-host', 'pypi.pvt.build.mozilla.org', 'vcversioner==2.16.0.0']], kwargs: {'error_level': 'warning', 'error_list': [{'substr': 'not found or a compiler error:', 'level': 'warning'}, {'regex': <_sre.SRE_Pattern object at 0x10b96c170>, 'level': 'error'}, {'regex': <_sre.SRE_Pattern object at 0x10ba0e960>, 'level': 'warning'}, {'regex': <_sre.SRE_Pattern object at 0x7fa6a8c37630>, 'level': 'debug'}, {'substr': 'command not found', 'level': 'error'}, {'regex': <_sre.SRE_Pattern object at 0x10b8ff1d0>, 'level': 'warning'}, {'substr': 'Traceback (most recent call last)', 'level': 'error'}, {'substr': 'SyntaxError: ', 'level': 'error'}, {'substr': 'TypeError: ', 'level': 'error'}, {'substr': 'NameError: ', 'level': 'error'}, {'substr': 'ZeroDivisionError: ', 'level': 'error'}, {'regex': <_sre.SRE_Pattern object at 0x10b8da108>, 'level': 'critical'}, {'regex': <_sre.SRE_Pattern object at 0x10b8f4030>, 'level': 'critical'}], 'cwd': '/builds/slave/test/build', 'env': {'VERSIONER_PYTHON_PREFER_32_BIT': 'no', 'LOGNAME': 'cltbld', 'USER': 'cltbld', 'XPC_SERVICE_NAME': '0', 'PATH': '/usr/local/sbin:/usr/local/bin:/usr/sbin:/usr/bin:/sbin:/bin:/usr/bin/X11', 'HOME': '/Users/cltbld', 'NO_EM_RESTART': '1', 'IDLEIZER_DISABLE_SHUTDOWN': 'true', 'XPCOM_DEBUG_BREAK': 'warn', 'Apple_PubSub_Socket_Render': '/private/tmp/com.apple.launchd.KoKFenoEQd/Render', 'MOZ_NODE_PATH': '/usr/local/bin/node', 'TWISTD_LOG_PATH': '/builds/slave/twistd.log', 'GIT_SHARE_BASE_DIR': '/builds/git-shared', 'VERSIONER_PYTHON_VERSION': '2.7', 'XPC_FLAGS': '0x0', 'NO_FAIL_ON_TEST_ERRORS': '1', 'HG_SHARE_BASE_DIR': '/builds/hg-shared', 'RUNNER_CONFIG_CMD': '/opt/runner/bin/python2.7 /opt/runner/bin/runner -c /opt/runner/runner.cfg', 'MOZ_NO_REMOTE': '1', 'MOZ_HIDE_RESULTS_TABLE': '1', 'SSH_AUTH_SOCK': '/private/tmp/com.apple.launchd.n4ArF2ySLx/Listeners', 'SHELL': '/bin/bash', 'TMPDIR': '/var/folders/gn/xbcbs14n34b0c1zwmd5rz72800000w/T/', '__CF_USER_TEXT_ENCODING': '0x1C:0:0', 'PWD': '/builds/slave/test', 'PROPERTIES_FILE': '/builds/slave/test/buildprops.json'}}, attempt #1
16:58:57     INFO - Running command: ['/builds/slave/test/build/venv/bin/pip', 'install', '--timeout', '120', '--no-index', '--find-links', 'http://pypi.pvt.build.mozilla.org/pub', '--find-links', 'http://pypi.pub.build.mozilla.org/pub', '--trusted-host', 'pypi.pub.build.mozilla.org', '--trusted-host', 'pypi.pvt.build.mozilla.org', 'vcversioner==2.16.0.0'] in /builds/slave/test/build
16:58:57     INFO - Copy/paste: /builds/slave/test/build/venv/bin/pip install --timeout 120 --no-index --find-links http://pypi.pvt.build.mozilla.org/pub --find-links http://pypi.pub.build.mozilla.org/pub --trusted-host pypi.pub.build.mozilla.org --trusted-host pypi.pvt.build.mozilla.org vcversioner==2.16.0.0
16:58:57     INFO - Using env: {'Apple_PubSub_Socket_Render': '/private/tmp/com.apple.launchd.KoKFenoEQd/Render',
16:58:57     INFO -  'GIT_SHARE_BASE_DIR': '/builds/git-shared',
16:58:57     INFO -  'HG_SHARE_BASE_DIR': '/builds/hg-shared',
16:58:57     INFO -  'HOME': '/Users/cltbld',
16:58:57     INFO -  'IDLEIZER_DISABLE_SHUTDOWN': 'true',
16:58:57     INFO -  'LOGNAME': 'cltbld',
16:58:57     INFO -  'MOZ_HIDE_RESULTS_TABLE': '1',
16:58:57     INFO -  'MOZ_NODE_PATH': '/usr/local/bin/node',
16:58:57     INFO -  'MOZ_NO_REMOTE': '1',
16:58:57     INFO -  'NO_EM_RESTART': '1',
16:58:57     INFO -  'NO_FAIL_ON_TEST_ERRORS': '1',
16:58:57     INFO -  'PATH': '/usr/local/sbin:/usr/local/bin:/usr/sbin:/usr/bin:/sbin:/bin:/usr/bin/X11',
16:58:57     INFO -  'PROPERTIES_FILE': '/builds/slave/test/buildprops.json',
16:58:57     INFO -  'PWD': '/builds/slave/test',
16:58:57     INFO -  'RUNNER_CONFIG_CMD': '/opt/runner/bin/python2.7 /opt/runner/bin/runner -c /opt/runner/runner.cfg',
16:58:57     INFO -  'SHELL': '/bin/bash',
16:58:57     INFO -  'SSH_AUTH_SOCK': '/private/tmp/com.apple.launchd.n4ArF2ySLx/Listeners',
16:58:57     INFO -  'TMPDIR': '/var/folders/gn/xbcbs14n34b0c1zwmd5rz72800000w/T/',
16:58:57     INFO -  'TWISTD_LOG_PATH': '/builds/slave/twistd.log',
16:58:57     INFO -  'USER': 'cltbld',
16:58:57     INFO -  'VERSIONER_PYTHON_PREFER_32_BIT': 'no',
16:58:57     INFO -  'VERSIONER_PYTHON_VERSION': '2.7',
16:58:57     INFO -  'XPCOM_DEBUG_BREAK': 'warn',
16:58:57     INFO -  'XPC_FLAGS': '0x0',
16:58:57     INFO -  'XPC_SERVICE_NAME': '0',
16:58:57     INFO -  '__CF_USER_TEXT_ENCODING': '0x1C:0:0'}
16:58:57     INFO -  Ignoring indexes: https://pypi.python.org/simple
16:58:57     INFO -  Collecting vcversioner==2.16.0.0
16:58:57     INFO -  /builds/slave/test/build/venv/lib/python2.7/site-packages/pip/_vendor/requests/packages/urllib3/util/ssl_.py:318: SNIMissingWarning: An HTTPS request has been made, but the SNI (Subject Name Indication) extension to TLS is not available on this platform. This may cause the server to present an incorrect TLS certificate, which can cause validation failures. You can upgrade to a newer version of Python to solve this. For more information, see https://urllib3.readthedocs.org/en/latest/security.html#snimissingwarning.
16:58:57     INFO -    SNIMissingWarning
16:58:57     INFO -  /builds/slave/test/build/venv/lib/python2.7/site-packages/pip/_vendor/requests/packages/urllib3/util/ssl_.py:122: InsecurePlatformWarning: A true SSLContext object is not available. This prevents urllib3 from configuring SSL appropriately and may cause certain SSL connections to fail. You can upgrade to a newer version of Python to solve this. For more information, see https://urllib3.readthedocs.org/en/latest/security.html#insecureplatformwarning.
16:58:57     INFO -    InsecurePlatformWarning
16:58:58     INFO -  /builds/slave/test/build/venv/lib/python2.7/site-packages/pip/_vendor/requests/packages/urllib3/util/ssl_.py:122: InsecurePlatformWarning: A true SSLContext object is not available. This prevents urllib3 from configuring SSL appropriately and may cause certain SSL connections to fail. You can upgrade to a newer version of Python to solve this. For more information, see https://urllib3.readthedocs.org/en/latest/security.html#insecureplatformwarning.
16:58:58     INFO -    InsecurePlatformWarning
16:59:00     INFO -  Installing collected packages: vcversioner
16:59:00     INFO -  Successfully installed vcversioner-2.16.0.0
16:59:00     INFO - Return code: 0
16:59:00     INFO - Installing psutil>=3.1.1 into virtualenv /builds/slave/test/build/venv
16:59:00     INFO - retry: Calling run_command with args: [['/builds/slave/test/build/venv/bin/pip', 'install', '--timeout', '120', '--no-index', '--find-links', 'http://pypi.pvt.build.mozilla.org/pub', '--find-links', 'http://pypi.pub.build.mozilla.org/pub', '--trusted-host', 'pypi.pub.build.mozilla.org', '--trusted-host', 'pypi.pvt.build.mozilla.org', 'psutil>=3.1.1']], kwargs: {'error_level': 'warning', 'error_list': [{'substr': 'not found or a compiler error:', 'level': 'warning'}, {'regex': <_sre.SRE_Pattern object at 0x10b96c170>, 'level': 'error'}, {'regex': <_sre.SRE_Pattern object at 0x10ba0e960>, 'level': 'warning'}, {'regex': <_sre.SRE_Pattern object at 0x7fa6a8c37630>, 'level': 'debug'}, {'substr': 'command not found', 'level': 'error'}, {'regex': <_sre.SRE_Pattern object at 0x10b8ff1d0>, 'level': 'warning'}, {'substr': 'Traceback (most recent call last)', 'level': 'error'}, {'substr': 'SyntaxError: ', 'level': 'error'}, {'substr': 'TypeError: ', 'level': 'error'}, {'substr': 'NameError: ', 'level': 'error'}, {'substr': 'ZeroDivisionError: ', 'level': 'error'}, {'regex': <_sre.SRE_Pattern object at 0x10b8da108>, 'level': 'critical'}, {'regex': <_sre.SRE_Pattern object at 0x10b8f4030>, 'level': 'critical'}], 'cwd': '/builds/slave/test/build', 'env': {'VERSIONER_PYTHON_PREFER_32_BIT': 'no', 'LOGNAME': 'cltbld', 'USER': 'cltbld', 'XPC_SERVICE_NAME': '0', 'PATH': '/usr/local/sbin:/usr/local/bin:/usr/sbin:/usr/bin:/sbin:/bin:/usr/bin/X11', 'HOME': '/Users/cltbld', 'NO_EM_RESTART': '1', 'IDLEIZER_DISABLE_SHUTDOWN': 'true', 'XPCOM_DEBUG_BREAK': 'warn', 'Apple_PubSub_Socket_Render': '/private/tmp/com.apple.launchd.KoKFenoEQd/Render', 'MOZ_NODE_PATH': '/usr/local/bin/node', 'TWISTD_LOG_PATH': '/builds/slave/twistd.log', 'GIT_SHARE_BASE_DIR': '/builds/git-shared', 'VERSIONER_PYTHON_VERSION': '2.7', 'XPC_FLAGS': '0x0', 'NO_FAIL_ON_TEST_ERRORS': '1', 'HG_SHARE_BASE_DIR': '/builds/hg-shared', 'RUNNER_CONFIG_CMD': '/opt/runner/bin/python2.7 /opt/runner/bin/runner -c /opt/runner/runner.cfg', 'MOZ_NO_REMOTE': '1', 'MOZ_HIDE_RESULTS_TABLE': '1', 'SSH_AUTH_SOCK': '/private/tmp/com.apple.launchd.n4ArF2ySLx/Listeners', 'SHELL': '/bin/bash', 'TMPDIR': '/var/folders/gn/xbcbs14n34b0c1zwmd5rz72800000w/T/', '__CF_USER_TEXT_ENCODING': '0x1C:0:0', 'PWD': '/builds/slave/test', 'PROPERTIES_FILE': '/builds/slave/test/buildprops.json'}}, attempt #1
16:59:00     INFO - Running command: ['/builds/slave/test/build/venv/bin/pip', 'install', '--timeout', '120', '--no-index', '--find-links', 'http://pypi.pvt.build.mozilla.org/pub', '--find-links', 'http://pypi.pub.build.mozilla.org/pub', '--trusted-host', 'pypi.pub.build.mozilla.org', '--trusted-host', 'pypi.pvt.build.mozilla.org', 'psutil>=3.1.1'] in /builds/slave/test/build
16:59:00     INFO - Copy/paste: /builds/slave/test/build/venv/bin/pip install --timeout 120 --no-index --find-links http://pypi.pvt.build.mozilla.org/pub --find-links http://pypi.pub.build.mozilla.org/pub --trusted-host pypi.pub.build.mozilla.org --trusted-host pypi.pvt.build.mozilla.org psutil>=3.1.1
16:59:00     INFO - Using env: {'Apple_PubSub_Socket_Render': '/private/tmp/com.apple.launchd.KoKFenoEQd/Render',
16:59:00     INFO -  'GIT_SHARE_BASE_DIR': '/builds/git-shared',
16:59:00     INFO -  'HG_SHARE_BASE_DIR': '/builds/hg-shared',
16:59:00     INFO -  'HOME': '/Users/cltbld',
16:59:00     INFO -  'IDLEIZER_DISABLE_SHUTDOWN': 'true',
16:59:00     INFO -  'LOGNAME': 'cltbld',
16:59:00     INFO -  'MOZ_HIDE_RESULTS_TABLE': '1',
16:59:00     INFO -  'MOZ_NODE_PATH': '/usr/local/bin/node',
16:59:00     INFO -  'MOZ_NO_REMOTE': '1',
16:59:00     INFO -  'NO_EM_RESTART': '1',
16:59:00     INFO -  'NO_FAIL_ON_TEST_ERRORS': '1',
16:59:00     INFO -  'PATH': '/usr/local/sbin:/usr/local/bin:/usr/sbin:/usr/bin:/sbin:/bin:/usr/bin/X11',
16:59:00     INFO -  'PROPERTIES_FILE': '/builds/slave/test/buildprops.json',
16:59:00     INFO -  'PWD': '/builds/slave/test',
16:59:00     INFO -  'RUNNER_CONFIG_CMD': '/opt/runner/bin/python2.7 /opt/runner/bin/runner -c /opt/runner/runner.cfg',
16:59:00     INFO -  'SHELL': '/bin/bash',
16:59:00     INFO -  'SSH_AUTH_SOCK': '/private/tmp/com.apple.launchd.n4ArF2ySLx/Listeners',
16:59:00     INFO -  'TMPDIR': '/var/folders/gn/xbcbs14n34b0c1zwmd5rz72800000w/T/',
16:59:00     INFO -  'TWISTD_LOG_PATH': '/builds/slave/twistd.log',
16:59:00     INFO -  'USER': 'cltbld',
16:59:00     INFO -  'VERSIONER_PYTHON_PREFER_32_BIT': 'no',
16:59:00     INFO -  'VERSIONER_PYTHON_VERSION': '2.7',
16:59:00     INFO -  'XPCOM_DEBUG_BREAK': 'warn',
16:59:00     INFO -  'XPC_FLAGS': '0x0',
16:59:00     INFO -  'XPC_SERVICE_NAME': '0',
16:59:00     INFO -  '__CF_USER_TEXT_ENCODING': '0x1C:0:0'}
16:59:00     INFO -  Ignoring indexes: https://pypi.python.org/simple
16:59:00     INFO -  Collecting psutil>=3.1.1
16:59:00     INFO -  /builds/slave/test/build/venv/lib/python2.7/site-packages/pip/_vendor/requests/packages/urllib3/util/ssl_.py:318: SNIMissingWarning: An HTTPS request has been made, but the SNI (Subject Name Indication) extension to TLS is not available on this platform. This may cause the server to present an incorrect TLS certificate, which can cause validation failures. You can upgrade to a newer version of Python to solve this. For more information, see https://urllib3.readthedocs.org/en/latest/security.html#snimissingwarning.
16:59:00     INFO -    SNIMissingWarning
16:59:00     INFO -  /builds/slave/test/build/venv/lib/python2.7/site-packages/pip/_vendor/requests/packages/urllib3/util/ssl_.py:122: InsecurePlatformWarning: A true SSLContext object is not available. This prevents urllib3 from configuring SSL appropriately and may cause certain SSL connections to fail. You can upgrade to a newer version of Python to solve this. For more information, see https://urllib3.readthedocs.org/en/latest/security.html#insecureplatformwarning.
16:59:00     INFO -    InsecurePlatformWarning
16:59:01     INFO -  /builds/slave/test/build/venv/lib/python2.7/site-packages/pip/_vendor/requests/packages/urllib3/util/ssl_.py:122: InsecurePlatformWarning: A true SSLContext object is not available. This prevents urllib3 from configuring SSL appropriately and may cause certain SSL connections to fail. You can upgrade to a newer version of Python to solve this. For more information, see https://urllib3.readthedocs.org/en/latest/security.html#insecureplatformwarning.
16:59:01     INFO -    InsecurePlatformWarning
16:59:03     INFO -  Installing collected packages: psutil
16:59:03     INFO -  Successfully installed psutil-5.4.3
16:59:04     INFO - Return code: 0
16:59:04     INFO - Installing mozsystemmonitor==0.3 into virtualenv /builds/slave/test/build/venv
16:59:04     INFO - retry: Calling run_command with args: [['/builds/slave/test/build/venv/bin/pip', 'install', '--timeout', '120', '--no-index', '--find-links', 'http://pypi.pvt.build.mozilla.org/pub', '--find-links', 'http://pypi.pub.build.mozilla.org/pub', '--trusted-host', 'pypi.pub.build.mozilla.org', '--trusted-host', 'pypi.pvt.build.mozilla.org', 'mozsystemmonitor==0.3']], kwargs: {'error_level': 'warning', 'error_list': [{'substr': 'not found or a compiler error:', 'level': 'warning'}, {'regex': <_sre.SRE_Pattern object at 0x10b96c170>, 'level': 'error'}, {'regex': <_sre.SRE_Pattern object at 0x10ba0e960>, 'level': 'warning'}, {'regex': <_sre.SRE_Pattern object at 0x7fa6a8c37630>, 'level': 'debug'}, {'substr': 'command not found', 'level': 'error'}, {'regex': <_sre.SRE_Pattern object at 0x10b8ff1d0>, 'level': 'warning'}, {'substr': 'Traceback (most recent call last)', 'level': 'error'}, {'substr': 'SyntaxError: ', 'level': 'error'}, {'substr': 'TypeError: ', 'level': 'error'}, {'substr': 'NameError: ', 'level': 'error'}, {'substr': 'ZeroDivisionError: ', 'level': 'error'}, {'regex': <_sre.SRE_Pattern object at 0x10b8da108>, 'level': 'critical'}, {'regex': <_sre.SRE_Pattern object at 0x10b8f4030>, 'level': 'critical'}], 'cwd': '/builds/slave/test/build', 'env': {'VERSIONER_PYTHON_PREFER_32_BIT': 'no', 'LOGNAME': 'cltbld', 'USER': 'cltbld', 'XPC_SERVICE_NAME': '0', 'PATH': '/usr/local/sbin:/usr/local/bin:/usr/sbin:/usr/bin:/sbin:/bin:/usr/bin/X11', 'HOME': '/Users/cltbld', 'NO_EM_RESTART': '1', 'IDLEIZER_DISABLE_SHUTDOWN': 'true', 'XPCOM_DEBUG_BREAK': 'warn', 'Apple_PubSub_Socket_Render': '/private/tmp/com.apple.launchd.KoKFenoEQd/Render', 'MOZ_NODE_PATH': '/usr/local/bin/node', 'TWISTD_LOG_PATH': '/builds/slave/twistd.log', 'GIT_SHARE_BASE_DIR': '/builds/git-shared', 'VERSIONER_PYTHON_VERSION': '2.7', 'XPC_FLAGS': '0x0', 'NO_FAIL_ON_TEST_ERRORS': '1', 'HG_SHARE_BASE_DIR': '/builds/hg-shared', 'RUNNER_CONFIG_CMD': '/opt/runner/bin/python2.7 /opt/runner/bin/runner -c /opt/runner/runner.cfg', 'MOZ_NO_REMOTE': '1', 'MOZ_HIDE_RESULTS_TABLE': '1', 'SSH_AUTH_SOCK': '/private/tmp/com.apple.launchd.n4ArF2ySLx/Listeners', 'SHELL': '/bin/bash', 'TMPDIR': '/var/folders/gn/xbcbs14n34b0c1zwmd5rz72800000w/T/', '__CF_USER_TEXT_ENCODING': '0x1C:0:0', 'PWD': '/builds/slave/test', 'PROPERTIES_FILE': '/builds/slave/test/buildprops.json'}}, attempt #1
16:59:04     INFO - Running command: ['/builds/slave/test/build/venv/bin/pip', 'install', '--timeout', '120', '--no-index', '--find-links', 'http://pypi.pvt.build.mozilla.org/pub', '--find-links', 'http://pypi.pub.build.mozilla.org/pub', '--trusted-host', 'pypi.pub.build.mozilla.org', '--trusted-host', 'pypi.pvt.build.mozilla.org', 'mozsystemmonitor==0.3'] in /builds/slave/test/build
16:59:04     INFO - Copy/paste: /builds/slave/test/build/venv/bin/pip install --timeout 120 --no-index --find-links http://pypi.pvt.build.mozilla.org/pub --find-links http://pypi.pub.build.mozilla.org/pub --trusted-host pypi.pub.build.mozilla.org --trusted-host pypi.pvt.build.mozilla.org mozsystemmonitor==0.3
16:59:04     INFO - Using env: {'Apple_PubSub_Socket_Render': '/private/tmp/com.apple.launchd.KoKFenoEQd/Render',
16:59:04     INFO -  'GIT_SHARE_BASE_DIR': '/builds/git-shared',
16:59:04     INFO -  'HG_SHARE_BASE_DIR': '/builds/hg-shared',
16:59:04     INFO -  'HOME': '/Users/cltbld',
16:59:04     INFO -  'IDLEIZER_DISABLE_SHUTDOWN': 'true',
16:59:04     INFO -  'LOGNAME': 'cltbld',
16:59:04     INFO -  'MOZ_HIDE_RESULTS_TABLE': '1',
16:59:04     INFO -  'MOZ_NODE_PATH': '/usr/local/bin/node',
16:59:04     INFO -  'MOZ_NO_REMOTE': '1',
16:59:04     INFO -  'NO_EM_RESTART': '1',
16:59:04     INFO -  'NO_FAIL_ON_TEST_ERRORS': '1',
16:59:04     INFO -  'PATH': '/usr/local/sbin:/usr/local/bin:/usr/sbin:/usr/bin:/sbin:/bin:/usr/bin/X11',
16:59:04     INFO -  'PROPERTIES_FILE': '/builds/slave/test/buildprops.json',
16:59:04     INFO -  'PWD': '/builds/slave/test',
16:59:04     INFO -  'RUNNER_CONFIG_CMD': '/opt/runner/bin/python2.7 /opt/runner/bin/runner -c /opt/runner/runner.cfg',
16:59:04     INFO -  'SHELL': '/bin/bash',
16:59:04     INFO -  'SSH_AUTH_SOCK': '/private/tmp/com.apple.launchd.n4ArF2ySLx/Listeners',
16:59:04     INFO -  'TMPDIR': '/var/folders/gn/xbcbs14n34b0c1zwmd5rz72800000w/T/',
16:59:04     INFO -  'TWISTD_LOG_PATH': '/builds/slave/twistd.log',
16:59:04     INFO -  'USER': 'cltbld',
16:59:04     INFO -  'VERSIONER_PYTHON_PREFER_32_BIT': 'no',
16:59:04     INFO -  'VERSIONER_PYTHON_VERSION': '2.7',
16:59:04     INFO -  'XPCOM_DEBUG_BREAK': 'warn',
16:59:04     INFO -  'XPC_FLAGS': '0x0',
16:59:04     INFO -  'XPC_SERVICE_NAME': '0',
16:59:04     INFO -  '__CF_USER_TEXT_ENCODING': '0x1C:0:0'}
16:59:04     INFO -  Ignoring indexes: https://pypi.python.org/simple
16:59:04     INFO -  Collecting mozsystemmonitor==0.3
16:59:04     INFO -  /builds/slave/test/build/venv/lib/python2.7/site-packages/pip/_vendor/requests/packages/urllib3/util/ssl_.py:318: SNIMissingWarning: An HTTPS request has been made, but the SNI (Subject Name Indication) extension to TLS is not available on this platform. This may cause the server to present an incorrect TLS certificate, which can cause validation failures. You can upgrade to a newer version of Python to solve this. For more information, see https://urllib3.readthedocs.org/en/latest/security.html#snimissingwarning.
16:59:04     INFO -    SNIMissingWarning
16:59:04     INFO -  /builds/slave/test/build/venv/lib/python2.7/site-packages/pip/_vendor/requests/packages/urllib3/util/ssl_.py:122: InsecurePlatformWarning: A true SSLContext object is not available. This prevents urllib3 from configuring SSL appropriately and may cause certain SSL connections to fail. You can upgrade to a newer version of Python to solve this. For more information, see https://urllib3.readthedocs.org/en/latest/security.html#insecureplatformwarning.
16:59:04     INFO -    InsecurePlatformWarning
16:59:04     INFO -  /builds/slave/test/build/venv/lib/python2.7/site-packages/pip/_vendor/requests/packages/urllib3/util/ssl_.py:122: InsecurePlatformWarning: A true SSLContext object is not available. This prevents urllib3 from configuring SSL appropriately and may cause certain SSL connections to fail. You can upgrade to a newer version of Python to solve this. For more information, see https://urllib3.readthedocs.org/en/latest/security.html#insecureplatformwarning.
16:59:04     INFO -    InsecurePlatformWarning
16:59:06     INFO -  Requirement already satisfied (use --upgrade to upgrade): psutil>=3.1.1 in ./venv/lib/python2.7/site-packages (from mozsystemmonitor==0.3)
16:59:07     INFO -  Installing collected packages: mozsystemmonitor
16:59:07     INFO -  Successfully installed mozsystemmonitor-0.3
16:59:07     INFO - Return code: 0
16:59:07     INFO - Installing jsonschema==2.5.1 into virtualenv /builds/slave/test/build/venv
16:59:07     INFO - retry: Calling run_command with args: [['/builds/slave/test/build/venv/bin/pip', 'install', '--timeout', '120', '--no-index', '--find-links', 'http://pypi.pvt.build.mozilla.org/pub', '--find-links', 'http://pypi.pub.build.mozilla.org/pub', '--trusted-host', 'pypi.pub.build.mozilla.org', '--trusted-host', 'pypi.pvt.build.mozilla.org', 'jsonschema==2.5.1']], kwargs: {'error_level': 'warning', 'error_list': [{'substr': 'not found or a compiler error:', 'level': 'warning'}, {'regex': <_sre.SRE_Pattern object at 0x10b96c170>, 'level': 'error'}, {'regex': <_sre.SRE_Pattern object at 0x10ba0e960>, 'level': 'warning'}, {'regex': <_sre.SRE_Pattern object at 0x7fa6a8c37630>, 'level': 'debug'}, {'substr': 'command not found', 'level': 'error'}, {'regex': <_sre.SRE_Pattern object at 0x10b8ff1d0>, 'level': 'warning'}, {'substr': 'Traceback (most recent call last)', 'level': 'error'}, {'substr': 'SyntaxError: ', 'level': 'error'}, {'substr': 'TypeError: ', 'level': 'error'}, {'substr': 'NameError: ', 'level': 'error'}, {'substr': 'ZeroDivisionError: ', 'level': 'error'}, {'regex': <_sre.SRE_Pattern object at 0x10b8da108>, 'level': 'critical'}, {'regex': <_sre.SRE_Pattern object at 0x10b8f4030>, 'level': 'critical'}], 'cwd': '/builds/slave/test/build', 'env': {'VERSIONER_PYTHON_PREFER_32_BIT': 'no', 'LOGNAME': 'cltbld', 'USER': 'cltbld', 'XPC_SERVICE_NAME': '0', 'PATH': '/usr/local/sbin:/usr/local/bin:/usr/sbin:/usr/bin:/sbin:/bin:/usr/bin/X11', 'HOME': '/Users/cltbld', 'NO_EM_RESTART': '1', 'IDLEIZER_DISABLE_SHUTDOWN': 'true', 'XPCOM_DEBUG_BREAK': 'warn', 'Apple_PubSub_Socket_Render': '/private/tmp/com.apple.launchd.KoKFenoEQd/Render', 'MOZ_NODE_PATH': '/usr/local/bin/node', 'TWISTD_LOG_PATH': '/builds/slave/twistd.log', 'GIT_SHARE_BASE_DIR': '/builds/git-shared', 'VERSIONER_PYTHON_VERSION': '2.7', 'XPC_FLAGS': '0x0', 'NO_FAIL_ON_TEST_ERRORS': '1', 'HG_SHARE_BASE_DIR': '/builds/hg-shared', 'RUNNER_CONFIG_CMD': '/opt/runner/bin/python2.7 /opt/runner/bin/runner -c /opt/runner/runner.cfg', 'MOZ_NO_REMOTE': '1', 'MOZ_HIDE_RESULTS_TABLE': '1', 'SSH_AUTH_SOCK': '/private/tmp/com.apple.launchd.n4ArF2ySLx/Listeners', 'SHELL': '/bin/bash', 'TMPDIR': '/var/folders/gn/xbcbs14n34b0c1zwmd5rz72800000w/T/', '__CF_USER_TEXT_ENCODING': '0x1C:0:0', 'PWD': '/builds/slave/test', 'PROPERTIES_FILE': '/builds/slave/test/buildprops.json'}}, attempt #1
16:59:07     INFO - Running command: ['/builds/slave/test/build/venv/bin/pip', 'install', '--timeout', '120', '--no-index', '--find-links', 'http://pypi.pvt.build.mozilla.org/pub', '--find-links', 'http://pypi.pub.build.mozilla.org/pub', '--trusted-host', 'pypi.pub.build.mozilla.org', '--trusted-host', 'pypi.pvt.build.mozilla.org', 'jsonschema==2.5.1'] in /builds/slave/test/build
16:59:07     INFO - Copy/paste: /builds/slave/test/build/venv/bin/pip install --timeout 120 --no-index --find-links http://pypi.pvt.build.mozilla.org/pub --find-links http://pypi.pub.build.mozilla.org/pub --trusted-host pypi.pub.build.mozilla.org --trusted-host pypi.pvt.build.mozilla.org jsonschema==2.5.1
16:59:07     INFO - Using env: {'Apple_PubSub_Socket_Render': '/private/tmp/com.apple.launchd.KoKFenoEQd/Render',
16:59:07     INFO -  'GIT_SHARE_BASE_DIR': '/builds/git-shared',
16:59:07     INFO -  'HG_SHARE_BASE_DIR': '/builds/hg-shared',
16:59:07     INFO -  'HOME': '/Users/cltbld',
16:59:07     INFO -  'IDLEIZER_DISABLE_SHUTDOWN': 'true',
16:59:07     INFO -  'LOGNAME': 'cltbld',
16:59:07     INFO -  'MOZ_HIDE_RESULTS_TABLE': '1',
16:59:07     INFO -  'MOZ_NODE_PATH': '/usr/local/bin/node',
16:59:07     INFO -  'MOZ_NO_REMOTE': '1',
16:59:07     INFO -  'NO_EM_RESTART': '1',
16:59:07     INFO -  'NO_FAIL_ON_TEST_ERRORS': '1',
16:59:07     INFO -  'PATH': '/usr/local/sbin:/usr/local/bin:/usr/sbin:/usr/bin:/sbin:/bin:/usr/bin/X11',
16:59:07     INFO -  'PROPERTIES_FILE': '/builds/slave/test/buildprops.json',
16:59:07     INFO -  'PWD': '/builds/slave/test',
16:59:07     INFO -  'RUNNER_CONFIG_CMD': '/opt/runner/bin/python2.7 /opt/runner/bin/runner -c /opt/runner/runner.cfg',
16:59:07     INFO -  'SHELL': '/bin/bash',
16:59:07     INFO -  'SSH_AUTH_SOCK': '/private/tmp/com.apple.launchd.n4ArF2ySLx/Listeners',
16:59:07     INFO -  'TMPDIR': '/var/folders/gn/xbcbs14n34b0c1zwmd5rz72800000w/T/',
16:59:07     INFO -  'TWISTD_LOG_PATH': '/builds/slave/twistd.log',
16:59:07     INFO -  'USER': 'cltbld',
16:59:07     INFO -  'VERSIONER_PYTHON_PREFER_32_BIT': 'no',
16:59:07     INFO -  'VERSIONER_PYTHON_VERSION': '2.7',
16:59:07     INFO -  'XPCOM_DEBUG_BREAK': 'warn',
16:59:07     INFO -  'XPC_FLAGS': '0x0',
16:59:07     INFO -  'XPC_SERVICE_NAME': '0',
16:59:07     INFO -  '__CF_USER_TEXT_ENCODING': '0x1C:0:0'}
16:59:07     INFO -  Ignoring indexes: https://pypi.python.org/simple
16:59:07     INFO -  Collecting jsonschema==2.5.1
16:59:07     INFO -  /builds/slave/test/build/venv/lib/python2.7/site-packages/pip/_vendor/requests/packages/urllib3/util/ssl_.py:318: SNIMissingWarning: An HTTPS request has been made, but the SNI (Subject Name Indication) extension to TLS is not available on this platform. This may cause the server to present an incorrect TLS certificate, which can cause validation failures. You can upgrade to a newer version of Python to solve this. For more information, see https://urllib3.readthedocs.org/en/latest/security.html#snimissingwarning.
16:59:07     INFO -    SNIMissingWarning
16:59:07     INFO -  /builds/slave/test/build/venv/lib/python2.7/site-packages/pip/_vendor/requests/packages/urllib3/util/ssl_.py:122: InsecurePlatformWarning: A true SSLContext object is not available. This prevents urllib3 from configuring SSL appropriately and may cause certain SSL connections to fail. You can upgrade to a newer version of Python to solve this. For more information, see https://urllib3.readthedocs.org/en/latest/security.html#insecureplatformwarning.
16:59:07     INFO -    InsecurePlatformWarning
16:59:08     INFO -  /builds/slave/test/build/venv/lib/python2.7/site-packages/pip/_vendor/requests/packages/urllib3/util/ssl_.py:122: InsecurePlatformWarning: A true SSLContext object is not available. This prevents urllib3 from configuring SSL appropriately and may cause certain SSL connections to fail. You can upgrade to a newer version of Python to solve this. For more information, see https://urllib3.readthedocs.org/en/latest/security.html#insecureplatformwarning.
16:59:08     INFO -    InsecurePlatformWarning
16:59:10     INFO -    Downloading https://pypi.pvt.build.mozilla.org/pub/jsonschema-2.5.1-py2.py3-none-any.whl
16:59:10     INFO -  Collecting functools32; python_version == "2.7" (from jsonschema==2.5.1)
16:59:12     INFO -  Installing collected packages: functools32, jsonschema
16:59:12     INFO -  Successfully installed functools32-3.2.3.post2 jsonschema-2.5.1
16:59:12     INFO - Return code: 0
16:59:12     INFO - Installing functools32==3.2.3-2 into virtualenv /builds/slave/test/build/venv
16:59:13     INFO - retry: Calling run_command with args: [['/builds/slave/test/build/venv/bin/pip', 'install', '--timeout', '120', '--no-index', '--find-links', 'http://pypi.pvt.build.mozilla.org/pub', '--find-links', 'http://pypi.pub.build.mozilla.org/pub', '--trusted-host', 'pypi.pub.build.mozilla.org', '--trusted-host', 'pypi.pvt.build.mozilla.org', 'functools32==3.2.3-2']], kwargs: {'error_level': 'warning', 'error_list': [{'substr': 'not found or a compiler error:', 'level': 'warning'}, {'regex': <_sre.SRE_Pattern object at 0x10b96c170>, 'level': 'error'}, {'regex': <_sre.SRE_Pattern object at 0x10ba0e960>, 'level': 'warning'}, {'regex': <_sre.SRE_Pattern object at 0x7fa6a8c37630>, 'level': 'debug'}, {'substr': 'command not found', 'level': 'error'}, {'regex': <_sre.SRE_Pattern object at 0x10b8ff1d0>, 'level': 'warning'}, {'substr': 'Traceback (most recent call last)', 'level': 'error'}, {'substr': 'SyntaxError: ', 'level': 'error'}, {'substr': 'TypeError: ', 'level': 'error'}, {'substr': 'NameError: ', 'level': 'error'}, {'substr': 'ZeroDivisionError: ', 'level': 'error'}, {'regex': <_sre.SRE_Pattern object at 0x10b8da108>, 'level': 'critical'}, {'regex': <_sre.SRE_Pattern object at 0x10b8f4030>, 'level': 'critical'}], 'cwd': '/builds/slave/test/build', 'env': {'VERSIONER_PYTHON_PREFER_32_BIT': 'no', 'LOGNAME': 'cltbld', 'USER': 'cltbld', 'XPC_SERVICE_NAME': '0', 'PATH': '/usr/local/sbin:/usr/local/bin:/usr/sbin:/usr/bin:/sbin:/bin:/usr/bin/X11', 'HOME': '/Users/cltbld', 'NO_EM_RESTART': '1', 'IDLEIZER_DISABLE_SHUTDOWN': 'true', 'XPCOM_DEBUG_BREAK': 'warn', 'Apple_PubSub_Socket_Render': '/private/tmp/com.apple.launchd.KoKFenoEQd/Render', 'MOZ_NODE_PATH': '/usr/local/bin/node', 'TWISTD_LOG_PATH': '/builds/slave/twistd.log', 'GIT_SHARE_BASE_DIR': '/builds/git-shared', 'VERSIONER_PYTHON_VERSION': '2.7', 'XPC_FLAGS': '0x0', 'NO_FAIL_ON_TEST_ERRORS': '1', 'HG_SHARE_BASE_DIR': '/builds/hg-shared', 'RUNNER_CONFIG_CMD': '/opt/runner/bin/python2.7 /opt/runner/bin/runner -c /opt/runner/runner.cfg', 'MOZ_NO_REMOTE': '1', 'MOZ_HIDE_RESULTS_TABLE': '1', 'SSH_AUTH_SOCK': '/private/tmp/com.apple.launchd.n4ArF2ySLx/Listeners', 'SHELL': '/bin/bash', 'TMPDIR': '/var/folders/gn/xbcbs14n34b0c1zwmd5rz72800000w/T/', '__CF_USER_TEXT_ENCODING': '0x1C:0:0', 'PWD': '/builds/slave/test', 'PROPERTIES_FILE': '/builds/slave/test/buildprops.json'}}, attempt #1
16:59:13     INFO - Running command: ['/builds/slave/test/build/venv/bin/pip', 'install', '--timeout', '120', '--no-index', '--find-links', 'http://pypi.pvt.build.mozilla.org/pub', '--find-links', 'http://pypi.pub.build.mozilla.org/pub', '--trusted-host', 'pypi.pub.build.mozilla.org', '--trusted-host', 'pypi.pvt.build.mozilla.org', 'functools32==3.2.3-2'] in /builds/slave/test/build
16:59:13     INFO - Copy/paste: /builds/slave/test/build/venv/bin/pip install --timeout 120 --no-index --find-links http://pypi.pvt.build.mozilla.org/pub --find-links http://pypi.pub.build.mozilla.org/pub --trusted-host pypi.pub.build.mozilla.org --trusted-host pypi.pvt.build.mozilla.org functools32==3.2.3-2
16:59:13     INFO - Using env: {'Apple_PubSub_Socket_Render': '/private/tmp/com.apple.launchd.KoKFenoEQd/Render',
16:59:13     INFO -  'GIT_SHARE_BASE_DIR': '/builds/git-shared',
16:59:13     INFO -  'HG_SHARE_BASE_DIR': '/builds/hg-shared',
16:59:13     INFO -  'HOME': '/Users/cltbld',
16:59:13     INFO -  'IDLEIZER_DISABLE_SHUTDOWN': 'true',
16:59:13     INFO -  'LOGNAME': 'cltbld',
16:59:13     INFO -  'MOZ_HIDE_RESULTS_TABLE': '1',
16:59:13     INFO -  'MOZ_NODE_PATH': '/usr/local/bin/node',
16:59:13     INFO -  'MOZ_NO_REMOTE': '1',
16:59:13     INFO -  'NO_EM_RESTART': '1',
16:59:13     INFO -  'NO_FAIL_ON_TEST_ERRORS': '1',
16:59:13     INFO -  'PATH': '/usr/local/sbin:/usr/local/bin:/usr/sbin:/usr/bin:/sbin:/bin:/usr/bin/X11',
16:59:13     INFO -  'PROPERTIES_FILE': '/builds/slave/test/buildprops.json',
16:59:13     INFO -  'PWD': '/builds/slave/test',
16:59:13     INFO -  'RUNNER_CONFIG_CMD': '/opt/runner/bin/python2.7 /opt/runner/bin/runner -c /opt/runner/runner.cfg',
16:59:13     INFO -  'SHELL': '/bin/bash',
16:59:13     INFO -  'SSH_AUTH_SOCK': '/private/tmp/com.apple.launchd.n4ArF2ySLx/Listeners',
16:59:13     INFO -  'TMPDIR': '/var/folders/gn/xbcbs14n34b0c1zwmd5rz72800000w/T/',
16:59:13     INFO -  'TWISTD_LOG_PATH': '/builds/slave/twistd.log',
16:59:13     INFO -  'USER': 'cltbld',
16:59:13     INFO -  'VERSIONER_PYTHON_PREFER_32_BIT': 'no',
16:59:13     INFO -  'VERSIONER_PYTHON_VERSION': '2.7',
16:59:13     INFO -  'XPCOM_DEBUG_BREAK': 'warn',
16:59:13     INFO -  'XPC_FLAGS': '0x0',
16:59:13     INFO -  'XPC_SERVICE_NAME': '0',
16:59:13     INFO -  '__CF_USER_TEXT_ENCODING': '0x1C:0:0'}
16:59:13     INFO -  Ignoring indexes: https://pypi.python.org/simple
16:59:13     INFO -  Requirement already satisfied (use --upgrade to upgrade): functools32==3.2.3-2 in ./venv/lib/python2.7/site-packages
16:59:13     INFO - Return code: 0
16:59:13     INFO - Installing blobuploader==1.2.4 into virtualenv /builds/slave/test/build/venv
16:59:13     INFO - retry: Calling run_command with args: [['/builds/slave/test/build/venv/bin/pip', 'install', '--timeout', '120', '--no-index', '--find-links', 'http://pypi.pvt.build.mozilla.org/pub', '--find-links', 'http://pypi.pub.build.mozilla.org/pub', '--trusted-host', 'pypi.pub.build.mozilla.org', '--trusted-host', 'pypi.pvt.build.mozilla.org', 'blobuploader==1.2.4']], kwargs: {'error_level': 'warning', 'error_list': [{'substr': 'not found or a compiler error:', 'level': 'warning'}, {'regex': <_sre.SRE_Pattern object at 0x10b96c170>, 'level': 'error'}, {'regex': <_sre.SRE_Pattern object at 0x10ba0e960>, 'level': 'warning'}, {'regex': <_sre.SRE_Pattern object at 0x7fa6a8c37630>, 'level': 'debug'}, {'substr': 'command not found', 'level': 'error'}, {'regex': <_sre.SRE_Pattern object at 0x10b8ff1d0>, 'level': 'warning'}, {'substr': 'Traceback (most recent call last)', 'level': 'error'}, {'substr': 'SyntaxError: ', 'level': 'error'}, {'substr': 'TypeError: ', 'level': 'error'}, {'substr': 'NameError: ', 'level': 'error'}, {'substr': 'ZeroDivisionError: ', 'level': 'error'}, {'regex': <_sre.SRE_Pattern object at 0x10b8da108>, 'level': 'critical'}, {'regex': <_sre.SRE_Pattern object at 0x10b8f4030>, 'level': 'critical'}], 'cwd': '/builds/slave/test/build', 'env': {'VERSIONER_PYTHON_PREFER_32_BIT': 'no', 'LOGNAME': 'cltbld', 'USER': 'cltbld', 'XPC_SERVICE_NAME': '0', 'PATH': '/usr/local/sbin:/usr/local/bin:/usr/sbin:/usr/bin:/sbin:/bin:/usr/bin/X11', 'HOME': '/Users/cltbld', 'NO_EM_RESTART': '1', 'IDLEIZER_DISABLE_SHUTDOWN': 'true', 'XPCOM_DEBUG_BREAK': 'warn', 'Apple_PubSub_Socket_Render': '/private/tmp/com.apple.launchd.KoKFenoEQd/Render', 'MOZ_NODE_PATH': '/usr/local/bin/node', 'TWISTD_LOG_PATH': '/builds/slave/twistd.log', 'GIT_SHARE_BASE_DIR': '/builds/git-shared', 'VERSIONER_PYTHON_VERSION': '2.7', 'XPC_FLAGS': '0x0', 'NO_FAIL_ON_TEST_ERRORS': '1', 'HG_SHARE_BASE_DIR': '/builds/hg-shared', 'RUNNER_CONFIG_CMD': '/opt/runner/bin/python2.7 /opt/runner/bin/runner -c /opt/runner/runner.cfg', 'MOZ_NO_REMOTE': '1', 'MOZ_HIDE_RESULTS_TABLE': '1', 'SSH_AUTH_SOCK': '/private/tmp/com.apple.launchd.n4ArF2ySLx/Listeners', 'SHELL': '/bin/bash', 'TMPDIR': '/var/folders/gn/xbcbs14n34b0c1zwmd5rz72800000w/T/', '__CF_USER_TEXT_ENCODING': '0x1C:0:0', 'PWD': '/builds/slave/test', 'PROPERTIES_FILE': '/builds/slave/test/buildprops.json'}}, attempt #1
16:59:13     INFO - Running command: ['/builds/slave/test/build/venv/bin/pip', 'install', '--timeout', '120', '--no-index', '--find-links', 'http://pypi.pvt.build.mozilla.org/pub', '--find-links', 'http://pypi.pub.build.mozilla.org/pub', '--trusted-host', 'pypi.pub.build.mozilla.org', '--trusted-host', 'pypi.pvt.build.mozilla.org', 'blobuploader==1.2.4'] in /builds/slave/test/build
16:59:13     INFO - Copy/paste: /builds/slave/test/build/venv/bin/pip install --timeout 120 --no-index --find-links http://pypi.pvt.build.mozilla.org/pub --find-links http://pypi.pub.build.mozilla.org/pub --trusted-host pypi.pub.build.mozilla.org --trusted-host pypi.pvt.build.mozilla.org blobuploader==1.2.4
16:59:13     INFO - Using env: {'Apple_PubSub_Socket_Render': '/private/tmp/com.apple.launchd.KoKFenoEQd/Render',
16:59:13     INFO -  'GIT_SHARE_BASE_DIR': '/builds/git-shared',
16:59:13     INFO -  'HG_SHARE_BASE_DIR': '/builds/hg-shared',
16:59:13     INFO -  'HOME': '/Users/cltbld',
16:59:13     INFO -  'IDLEIZER_DISABLE_SHUTDOWN': 'true',
16:59:13     INFO -  'LOGNAME': 'cltbld',
16:59:13     INFO -  'MOZ_HIDE_RESULTS_TABLE': '1',
16:59:13     INFO -  'MOZ_NODE_PATH': '/usr/local/bin/node',
16:59:13     INFO -  'MOZ_NO_REMOTE': '1',
16:59:13     INFO -  'NO_EM_RESTART': '1',
16:59:13     INFO -  'NO_FAIL_ON_TEST_ERRORS': '1',
16:59:13     INFO -  'PATH': '/usr/local/sbin:/usr/local/bin:/usr/sbin:/usr/bin:/sbin:/bin:/usr/bin/X11',
16:59:13     INFO -  'PROPERTIES_FILE': '/builds/slave/test/buildprops.json',
16:59:13     INFO -  'PWD': '/builds/slave/test',
16:59:13     INFO -  'RUNNER_CONFIG_CMD': '/opt/runner/bin/python2.7 /opt/runner/bin/runner -c /opt/runner/runner.cfg',
16:59:13     INFO -  'SHELL': '/bin/bash',
16:59:13     INFO -  'SSH_AUTH_SOCK': '/private/tmp/com.apple.launchd.n4ArF2ySLx/Listeners',
16:59:13     INFO -  'TMPDIR': '/var/folders/gn/xbcbs14n34b0c1zwmd5rz72800000w/T/',
16:59:13     INFO -  'TWISTD_LOG_PATH': '/builds/slave/twistd.log',
16:59:13     INFO -  'USER': 'cltbld',
16:59:13     INFO -  'VERSIONER_PYTHON_PREFER_32_BIT': 'no',
16:59:13     INFO -  'VERSIONER_PYTHON_VERSION': '2.7',
16:59:13     INFO -  'XPCOM_DEBUG_BREAK': 'warn',
16:59:13     INFO -  'XPC_FLAGS': '0x0',
16:59:13     INFO -  'XPC_SERVICE_NAME': '0',
16:59:13     INFO -  '__CF_USER_TEXT_ENCODING': '0x1C:0:0'}
16:59:13     INFO -  Ignoring indexes: https://pypi.python.org/simple
16:59:13     INFO -  Collecting blobuploader==1.2.4
16:59:13     INFO -  /builds/slave/test/build/venv/lib/python2.7/site-packages/pip/_vendor/requests/packages/urllib3/util/ssl_.py:318: SNIMissingWarning: An HTTPS request has been made, but the SNI (Subject Name Indication) extension to TLS is not available on this platform. This may cause the server to present an incorrect TLS certificate, which can cause validation failures. You can upgrade to a newer version of Python to solve this. For more information, see https://urllib3.readthedocs.org/en/latest/security.html#snimissingwarning.
16:59:13     INFO -    SNIMissingWarning
16:59:13     INFO -  /builds/slave/test/build/venv/lib/python2.7/site-packages/pip/_vendor/requests/packages/urllib3/util/ssl_.py:122: InsecurePlatformWarning: A true SSLContext object is not available. This prevents urllib3 from configuring SSL appropriately and may cause certain SSL connections to fail. You can upgrade to a newer version of Python to solve this. For more information, see https://urllib3.readthedocs.org/en/latest/security.html#insecureplatformwarning.
16:59:13     INFO -    InsecurePlatformWarning
16:59:14     INFO -  /builds/slave/test/build/venv/lib/python2.7/site-packages/pip/_vendor/requests/packages/urllib3/util/ssl_.py:122: InsecurePlatformWarning: A true SSLContext object is not available. This prevents urllib3 from configuring SSL appropriately and may cause certain SSL connections to fail. You can upgrade to a newer version of Python to solve this. For more information, see https://urllib3.readthedocs.org/en/latest/security.html#insecureplatformwarning.
16:59:14     INFO -    InsecurePlatformWarning
16:59:16     INFO -  Collecting docopt==0.6.1 (from blobuploader==1.2.4)
16:59:19     INFO -  Collecting requests==1.2.3. (from blobuploader==1.2.4)
16:59:22     INFO -  Installing collected packages: docopt, requests, blobuploader
16:59:22     INFO -  Successfully installed blobuploader-1.2.4 docopt-0.6.1 requests-1.2.3
16:59:22     INFO - Return code: 0
16:59:22     INFO - Installing None into virtualenv /builds/slave/test/build/venv
16:59:22     INFO - retry: Calling run_command with args: [['/builds/slave/test/build/venv/bin/pip', 'install', '--no-deps', '--timeout', '120', '-r', '/builds/slave/test/build/tests/config/mozbase_requirements.txt', '--no-index', '--find-links', 'http://pypi.pvt.build.mozilla.org/pub', '--find-links', 'http://pypi.pub.build.mozilla.org/pub', '--trusted-host', 'pypi.pub.build.mozilla.org', '--trusted-host', 'pypi.pvt.build.mozilla.org']], kwargs: {'error_level': 'warning', 'error_list': [{'substr': 'not found or a compiler error:', 'level': 'warning'}, {'regex': <_sre.SRE_Pattern object at 0x10b96c170>, 'level': 'error'}, {'regex': <_sre.SRE_Pattern object at 0x10ba0e960>, 'level': 'warning'}, {'regex': <_sre.SRE_Pattern object at 0x7fa6a8c37630>, 'level': 'debug'}, {'substr': 'command not found', 'level': 'error'}, {'regex': <_sre.SRE_Pattern object at 0x10b8ff1d0>, 'level': 'warning'}, {'substr': 'Traceback (most recent call last)', 'level': 'error'}, {'substr': 'SyntaxError: ', 'level': 'error'}, {'substr': 'TypeError: ', 'level': 'error'}, {'substr': 'NameError: ', 'level': 'error'}, {'substr': 'ZeroDivisionError: ', 'level': 'error'}, {'regex': <_sre.SRE_Pattern object at 0x10b8da108>, 'level': 'critical'}, {'regex': <_sre.SRE_Pattern object at 0x10b8f4030>, 'level': 'critical'}], 'cwd': '/builds/slave/test/build/tests/config', 'env': {'VERSIONER_PYTHON_PREFER_32_BIT': 'no', 'LOGNAME': 'cltbld', 'USER': 'cltbld', 'XPC_SERVICE_NAME': '0', 'PATH': '/usr/local/sbin:/usr/local/bin:/usr/sbin:/usr/bin:/sbin:/bin:/usr/bin/X11', 'HOME': '/Users/cltbld', 'NO_EM_RESTART': '1', 'IDLEIZER_DISABLE_SHUTDOWN': 'true', 'XPCOM_DEBUG_BREAK': 'warn', 'Apple_PubSub_Socket_Render': '/private/tmp/com.apple.launchd.KoKFenoEQd/Render', 'MOZ_NODE_PATH': '/usr/local/bin/node', 'TWISTD_LOG_PATH': '/builds/slave/twistd.log', 'GIT_SHARE_BASE_DIR': '/builds/git-shared', 'VERSIONER_PYTHON_VERSION': '2.7', 'XPC_FLAGS': '0x0', 'NO_FAIL_ON_TEST_ERRORS': '1', 'HG_SHARE_BASE_DIR': '/builds/hg-shared', 'RUNNER_CONFIG_CMD': '/opt/runner/bin/python2.7 /opt/runner/bin/runner -c /opt/runner/runner.cfg', 'MOZ_NO_REMOTE': '1', 'MOZ_HIDE_RESULTS_TABLE': '1', 'SSH_AUTH_SOCK': '/private/tmp/com.apple.launchd.n4ArF2ySLx/Listeners', 'SHELL': '/bin/bash', 'TMPDIR': '/var/folders/gn/xbcbs14n34b0c1zwmd5rz72800000w/T/', '__CF_USER_TEXT_ENCODING': '0x1C:0:0', 'PWD': '/builds/slave/test', 'PROPERTIES_FILE': '/builds/slave/test/buildprops.json'}}, attempt #1
16:59:22     INFO - Running command: ['/builds/slave/test/build/venv/bin/pip', 'install', '--no-deps', '--timeout', '120', '-r', '/builds/slave/test/build/tests/config/mozbase_requirements.txt', '--no-index', '--find-links', 'http://pypi.pvt.build.mozilla.org/pub', '--find-links', 'http://pypi.pub.build.mozilla.org/pub', '--trusted-host', 'pypi.pub.build.mozilla.org', '--trusted-host', 'pypi.pvt.build.mozilla.org'] in /builds/slave/test/build/tests/config
16:59:22     INFO - Copy/paste: /builds/slave/test/build/venv/bin/pip install --no-deps --timeout 120 -r /builds/slave/test/build/tests/config/mozbase_requirements.txt --no-index --find-links http://pypi.pvt.build.mozilla.org/pub --find-links http://pypi.pub.build.mozilla.org/pub --trusted-host pypi.pub.build.mozilla.org --trusted-host pypi.pvt.build.mozilla.org
16:59:22     INFO - Using env: {'Apple_PubSub_Socket_Render': '/private/tmp/com.apple.launchd.KoKFenoEQd/Render',
16:59:22     INFO -  'GIT_SHARE_BASE_DIR': '/builds/git-shared',
16:59:22     INFO -  'HG_SHARE_BASE_DIR': '/builds/hg-shared',
16:59:22     INFO -  'HOME': '/Users/cltbld',
16:59:22     INFO -  'IDLEIZER_DISABLE_SHUTDOWN': 'true',
16:59:22     INFO -  'LOGNAME': 'cltbld',
16:59:22     INFO -  'MOZ_HIDE_RESULTS_TABLE': '1',
16:59:22     INFO -  'MOZ_NODE_PATH': '/usr/local/bin/node',
16:59:22     INFO -  'MOZ_NO_REMOTE': '1',
16:59:22     INFO -  'NO_EM_RESTART': '1',
16:59:22     INFO -  'NO_FAIL_ON_TEST_ERRORS': '1',
16:59:22     INFO -  'PATH': '/usr/local/sbin:/usr/local/bin:/usr/sbin:/usr/bin:/sbin:/bin:/usr/bin/X11',
16:59:22     INFO -  'PROPERTIES_FILE': '/builds/slave/test/buildprops.json',
16:59:22     INFO -  'PWD': '/builds/slave/test',
16:59:22     INFO -  'RUNNER_CONFIG_CMD': '/opt/runner/bin/python2.7 /opt/runner/bin/runner -c /opt/runner/runner.cfg',
16:59:22     INFO -  'SHELL': '/bin/bash',
16:59:22     INFO -  'SSH_AUTH_SOCK': '/private/tmp/com.apple.launchd.n4ArF2ySLx/Listeners',
16:59:22     INFO -  'TMPDIR': '/var/folders/gn/xbcbs14n34b0c1zwmd5rz72800000w/T/',
16:59:22     INFO -  'TWISTD_LOG_PATH': '/builds/slave/twistd.log',
16:59:22     INFO -  'USER': 'cltbld',
16:59:22     INFO -  'VERSIONER_PYTHON_PREFER_32_BIT': 'no',
16:59:22     INFO -  'VERSIONER_PYTHON_VERSION': '2.7',
16:59:22     INFO -  'XPCOM_DEBUG_BREAK': 'warn',
16:59:22     INFO -  'XPC_FLAGS': '0x0',
16:59:22     INFO -  'XPC_SERVICE_NAME': '0',
16:59:22     INFO -  '__CF_USER_TEXT_ENCODING': '0x1C:0:0'}
16:59:22     INFO -  Ignoring indexes: https://pypi.python.org/simple
16:59:22     INFO -  Processing /builds/slave/test/build/tests/mozbase/manifestparser
16:59:23     INFO -  Processing /builds/slave/test/build/tests/mozbase/mozcrash
16:59:23     INFO -  Processing /builds/slave/test/build/tests/mozbase/mozdebug
16:59:23     INFO -  Processing /builds/slave/test/build/tests/mozbase/mozdevice
16:59:24     INFO -  Processing /builds/slave/test/build/tests/mozbase/mozfile
16:59:24     INFO -  Processing /builds/slave/test/build/tests/mozbase/mozhttpd
16:59:24     INFO -  Processing /builds/slave/test/build/tests/mozbase/mozinfo
16:59:24     INFO -  Processing /builds/slave/test/build/tests/mozbase/mozinstall
16:59:24     INFO -  Processing /builds/slave/test/build/tests/mozbase/mozleak
16:59:25     INFO -  Processing /builds/slave/test/build/tests/mozbase/mozlog
16:59:25     INFO -  Processing /builds/slave/test/build/tests/mozbase/moznetwork
16:59:25     INFO -  Processing /builds/slave/test/build/tests/mozbase/mozprocess
16:59:25     INFO -  Processing /builds/slave/test/build/tests/mozbase/mozprofile
16:59:26     INFO -  Processing /builds/slave/test/build/tests/mozbase/mozrunner
16:59:26     INFO -  Processing /builds/slave/test/build/tests/mozbase/mozscreenshot
16:59:26     INFO -  Processing /builds/slave/test/build/tests/mozbase/moztest
16:59:26     INFO -  Processing /builds/slave/test/build/tests/mozbase/mozversion
16:59:27     INFO -  Installing collected packages: manifestparser, mozcrash, mozdebug, mozdevice, mozfile, mozhttpd, mozinfo, mozInstall, mozleak, mozlog, moznetwork, mozprocess, mozprofile, mozrunner, mozscreenshot, moztest, mozversion
16:59:27     INFO -    Running setup.py install for manifestparser: started
16:59:27     INFO -      Running setup.py install for manifestparser: finished with status 'done'
16:59:27     INFO -    Running setup.py install for mozcrash: started
16:59:27     INFO -      Running setup.py install for mozcrash: finished with status 'done'
16:59:27     INFO -    Running setup.py install for mozdebug: started
16:59:28     INFO -      Running setup.py install for mozdebug: finished with status 'done'
16:59:28     INFO -    Running setup.py install for mozdevice: started
16:59:28     INFO -      Running setup.py install for mozdevice: finished with status 'done'
16:59:28     INFO -    Running setup.py install for mozfile: started
16:59:28     INFO -      Running setup.py install for mozfile: finished with status 'done'
16:59:28     INFO -    Running setup.py install for mozhttpd: started
16:59:28     INFO -      Running setup.py install for mozhttpd: finished with status 'done'
16:59:28     INFO -    Running setup.py install for mozinfo: started
16:59:29     INFO -      Running setup.py install for mozinfo: finished with status 'done'
16:59:29     INFO -    Running setup.py install for mozInstall: started
16:59:29     INFO -      Running setup.py install for mozInstall: finished with status 'done'
16:59:29     INFO -    Running setup.py install for mozleak: started
16:59:29     INFO -      Running setup.py install for mozleak: finished with status 'done'
16:59:29     INFO -    Running setup.py install for mozlog: started
16:59:30     INFO -      Running setup.py install for mozlog: finished with status 'done'
16:59:30     INFO -    Running setup.py install for moznetwork: started
16:59:30     INFO -      Running setup.py install for moznetwork: finished with status 'done'
16:59:30     INFO -    Running setup.py install for mozprocess: started
16:59:30     INFO -      Running setup.py install for mozprocess: finished with status 'done'
16:59:30     INFO -    Running setup.py install for mozprofile: started
16:59:30     INFO -      Running setup.py install for mozprofile: finished with status 'done'
16:59:30     INFO -    Running setup.py install for mozrunner: started
16:59:31     INFO -      Running setup.py install for mozrunner: finished with status 'done'
16:59:31     INFO -    Running setup.py install for mozscreenshot: started
16:59:31     INFO -      Running setup.py install for mozscreenshot: finished with status 'done'
16:59:31     INFO -    Running setup.py install for moztest: started
16:59:31     INFO -      Running setup.py install for moztest: finished with status 'done'
16:59:31     INFO -    Running setup.py install for mozversion: started
16:59:32     INFO -      Running setup.py install for mozversion: finished with status 'done'
16:59:32     INFO -  Successfully installed manifestparser-1.1 mozInstall-1.12 mozcrash-1.0 mozdebug-0.1 mozdevice-0.48 mozfile-1.2 mozhttpd-0.7 mozinfo-0.9 mozleak-0.1 mozlog-3.4 moznetwork-0.27 mozprocess-0.23 mozprofile-0.28 mozrunner-6.13 mozscreenshot-0.1 moztest-0.8 mozversion-1.4
16:59:32     INFO - Return code: 0
16:59:32     INFO - Installing None into virtualenv /builds/slave/test/build/venv
16:59:32     INFO - retry: Calling run_command with args: [['/builds/slave/test/build/venv/bin/pip', 'install', '--timeout', '120', '-r', '/builds/slave/test/build/tests/config/mozbase_requirements.txt', '--no-index', '--find-links', 'http://pypi.pvt.build.mozilla.org/pub', '--find-links', 'http://pypi.pub.build.mozilla.org/pub', '--trusted-host', 'pypi.pub.build.mozilla.org', '--trusted-host', 'pypi.pvt.build.mozilla.org']], kwargs: {'error_level': 'warning', 'error_list': [{'substr': 'not found or a compiler error:', 'level': 'warning'}, {'regex': <_sre.SRE_Pattern object at 0x10b96c170>, 'level': 'error'}, {'regex': <_sre.SRE_Pattern object at 0x10ba0e960>, 'level': 'warning'}, {'regex': <_sre.SRE_Pattern object at 0x7fa6a8c37630>, 'level': 'debug'}, {'substr': 'command not found', 'level': 'error'}, {'regex': <_sre.SRE_Pattern object at 0x10b8ff1d0>, 'level': 'warning'}, {'substr': 'Traceback (most recent call last)', 'level': 'error'}, {'substr': 'SyntaxError: ', 'level': 'error'}, {'substr': 'TypeError: ', 'level': 'error'}, {'substr': 'NameError: ', 'level': 'error'}, {'substr': 'ZeroDivisionError: ', 'level': 'error'}, {'regex': <_sre.SRE_Pattern object at 0x10b8da108>, 'level': 'critical'}, {'regex': <_sre.SRE_Pattern object at 0x10b8f4030>, 'level': 'critical'}], 'cwd': '/builds/slave/test/build/tests/config', 'env': {'VERSIONER_PYTHON_PREFER_32_BIT': 'no', 'LOGNAME': 'cltbld', 'USER': 'cltbld', 'XPC_SERVICE_NAME': '0', 'PATH': '/usr/local/sbin:/usr/local/bin:/usr/sbin:/usr/bin:/sbin:/bin:/usr/bin/X11', 'HOME': '/Users/cltbld', 'NO_EM_RESTART': '1', 'IDLEIZER_DISABLE_SHUTDOWN': 'true', 'XPCOM_DEBUG_BREAK': 'warn', 'Apple_PubSub_Socket_Render': '/private/tmp/com.apple.launchd.KoKFenoEQd/Render', 'MOZ_NODE_PATH': '/usr/local/bin/node', 'TWISTD_LOG_PATH': '/builds/slave/twistd.log', 'GIT_SHARE_BASE_DIR': '/builds/git-shared', 'VERSIONER_PYTHON_VERSION': '2.7', 'XPC_FLAGS': '0x0', 'NO_FAIL_ON_TEST_ERRORS': '1', 'HG_SHARE_BASE_DIR': '/builds/hg-shared', 'RUNNER_CONFIG_CMD': '/opt/runner/bin/python2.7 /opt/runner/bin/runner -c /opt/runner/runner.cfg', 'MOZ_NO_REMOTE': '1', 'MOZ_HIDE_RESULTS_TABLE': '1', 'SSH_AUTH_SOCK': '/private/tmp/com.apple.launchd.n4ArF2ySLx/Listeners', 'SHELL': '/bin/bash', 'TMPDIR': '/var/folders/gn/xbcbs14n34b0c1zwmd5rz72800000w/T/', '__CF_USER_TEXT_ENCODING': '0x1C:0:0', 'PWD': '/builds/slave/test', 'PROPERTIES_FILE': '/builds/slave/test/buildprops.json'}}, attempt #1
16:59:32     INFO - Running command: ['/builds/slave/test/build/venv/bin/pip', 'install', '--timeout', '120', '-r', '/builds/slave/test/build/tests/config/mozbase_requirements.txt', '--no-index', '--find-links', 'http://pypi.pvt.build.mozilla.org/pub', '--find-links', 'http://pypi.pub.build.mozilla.org/pub', '--trusted-host', 'pypi.pub.build.mozilla.org', '--trusted-host', 'pypi.pvt.build.mozilla.org'] in /builds/slave/test/build/tests/config
16:59:32     INFO - Copy/paste: /builds/slave/test/build/venv/bin/pip install --timeout 120 -r /builds/slave/test/build/tests/config/mozbase_requirements.txt --no-index --find-links http://pypi.pvt.build.mozilla.org/pub --find-links http://pypi.pub.build.mozilla.org/pub --trusted-host pypi.pub.build.mozilla.org --trusted-host pypi.pvt.build.mozilla.org
16:59:32     INFO - Using env: {'Apple_PubSub_Socket_Render': '/private/tmp/com.apple.launchd.KoKFenoEQd/Render',
16:59:32     INFO -  'GIT_SHARE_BASE_DIR': '/builds/git-shared',
16:59:32     INFO -  'HG_SHARE_BASE_DIR': '/builds/hg-shared',
16:59:32     INFO -  'HOME': '/Users/cltbld',
16:59:32     INFO -  'IDLEIZER_DISABLE_SHUTDOWN': 'true',
16:59:32     INFO -  'LOGNAME': 'cltbld',
16:59:32     INFO -  'MOZ_HIDE_RESULTS_TABLE': '1',
16:59:32     INFO -  'MOZ_NODE_PATH': '/usr/local/bin/node',
16:59:32     INFO -  'MOZ_NO_REMOTE': '1',
16:59:32     INFO -  'NO_EM_RESTART': '1',
16:59:32     INFO -  'NO_FAIL_ON_TEST_ERRORS': '1',
16:59:32     INFO -  'PATH': '/usr/local/sbin:/usr/local/bin:/usr/sbin:/usr/bin:/sbin:/bin:/usr/bin/X11',
16:59:32     INFO -  'PROPERTIES_FILE': '/builds/slave/test/buildprops.json',
16:59:32     INFO -  'PWD': '/builds/slave/test',
16:59:32     INFO -  'RUNNER_CONFIG_CMD': '/opt/runner/bin/python2.7 /opt/runner/bin/runner -c /opt/runner/runner.cfg',
16:59:32     INFO -  'SHELL': '/bin/bash',
16:59:32     INFO -  'SSH_AUTH_SOCK': '/private/tmp/com.apple.launchd.n4ArF2ySLx/Listeners',
16:59:32     INFO -  'TMPDIR': '/var/folders/gn/xbcbs14n34b0c1zwmd5rz72800000w/T/',
16:59:32     INFO -  'TWISTD_LOG_PATH': '/builds/slave/twistd.log',
16:59:32     INFO -  'USER': 'cltbld',
16:59:32     INFO -  'VERSIONER_PYTHON_PREFER_32_BIT': 'no',
16:59:32     INFO -  'VERSIONER_PYTHON_VERSION': '2.7',
16:59:32     INFO -  'XPCOM_DEBUG_BREAK': 'warn',
16:59:32     INFO -  'XPC_FLAGS': '0x0',
16:59:32     INFO -  'XPC_SERVICE_NAME': '0',
16:59:32     INFO -  '__CF_USER_TEXT_ENCODING': '0x1C:0:0'}
16:59:33     INFO -  Ignoring indexes: https://pypi.python.org/simple
16:59:33     INFO -  Processing /builds/slave/test/build/tests/mozbase/manifestparser
16:59:33     INFO -    Requirement already satisfied (use --upgrade to upgrade): manifestparser==1.1 from file:///builds/slave/test/build/tests/mozbase/manifestparser in /builds/slave/test/build/venv/lib/python2.7/site-packages (from -r /builds/slave/test/build/tests/config/mozbase_requirements.txt (line 1))
16:59:33     INFO -  Processing /builds/slave/test/build/tests/mozbase/mozcrash
16:59:33     INFO -    Requirement already satisfied (use --upgrade to upgrade): mozcrash==1.0 from file:///builds/slave/test/build/tests/mozbase/mozcrash in /builds/slave/test/build/venv/lib/python2.7/site-packages (from -r /builds/slave/test/build/tests/config/mozbase_requirements.txt (line 2))
16:59:33     INFO -  Processing /builds/slave/test/build/tests/mozbase/mozdebug
16:59:34     INFO -    Requirement already satisfied (use --upgrade to upgrade): mozdebug==0.1 from file:///builds/slave/test/build/tests/mozbase/mozdebug in /builds/slave/test/build/venv/lib/python2.7/site-packages (from -r /builds/slave/test/build/tests/config/mozbase_requirements.txt (line 3))
16:59:34     INFO -  Processing /builds/slave/test/build/tests/mozbase/mozdevice
16:59:34     INFO -    Requirement already satisfied (use --upgrade to upgrade): mozdevice==0.48 from file:///builds/slave/test/build/tests/mozbase/mozdevice in /builds/slave/test/build/venv/lib/python2.7/site-packages (from -r /builds/slave/test/build/tests/config/mozbase_requirements.txt (line 4))
16:59:34     INFO -  Processing /builds/slave/test/build/tests/mozbase/mozfile
16:59:34     INFO -    Requirement already satisfied (use --upgrade to upgrade): mozfile==1.2 from file:///builds/slave/test/build/tests/mozbase/mozfile in /builds/slave/test/build/venv/lib/python2.7/site-packages (from -r /builds/slave/test/build/tests/config/mozbase_requirements.txt (line 5))
16:59:34     INFO -  Processing /builds/slave/test/build/tests/mozbase/mozhttpd
16:59:34     INFO -    Requirement already satisfied (use --upgrade to upgrade): mozhttpd==0.7 from file:///builds/slave/test/build/tests/mozbase/mozhttpd in /builds/slave/test/build/venv/lib/python2.7/site-packages (from -r /builds/slave/test/build/tests/config/mozbase_requirements.txt (line 6))
16:59:34     INFO -  Processing /builds/slave/test/build/tests/mozbase/mozinfo
16:59:35     INFO -    Requirement already satisfied (use --upgrade to upgrade): mozinfo==0.9 from file:///builds/slave/test/build/tests/mozbase/mozinfo in /builds/slave/test/build/venv/lib/python2.7/site-packages (from -r /builds/slave/test/build/tests/config/mozbase_requirements.txt (line 7))
16:59:35     INFO -  Processing /builds/slave/test/build/tests/mozbase/mozinstall
16:59:35     INFO -    Requirement already satisfied (use --upgrade to upgrade): mozInstall==1.12 from file:///builds/slave/test/build/tests/mozbase/mozinstall in /builds/slave/test/build/venv/lib/python2.7/site-packages (from -r /builds/slave/test/build/tests/config/mozbase_requirements.txt (line 8))
16:59:35     INFO -  Processing /builds/slave/test/build/tests/mozbase/mozleak
16:59:35     INFO -    Requirement already satisfied (use --upgrade to upgrade): mozleak==0.1 from file:///builds/slave/test/build/tests/mozbase/mozleak in /builds/slave/test/build/venv/lib/python2.7/site-packages (from -r /builds/slave/test/build/tests/config/mozbase_requirements.txt (line 9))
16:59:35     INFO -  Processing /builds/slave/test/build/tests/mozbase/mozlog
16:59:35     INFO -    Requirement already satisfied (use --upgrade to upgrade): mozlog==3.4 from file:///builds/slave/test/build/tests/mozbase/mozlog in /builds/slave/test/build/venv/lib/python2.7/site-packages (from -r /builds/slave/test/build/tests/config/mozbase_requirements.txt (line 10))
16:59:35     INFO -  Processing /builds/slave/test/build/tests/mozbase/moznetwork
16:59:36     INFO -    Requirement already satisfied (use --upgrade to upgrade): moznetwork==0.27 from file:///builds/slave/test/build/tests/mozbase/moznetwork in /builds/slave/test/build/venv/lib/python2.7/site-packages (from -r /builds/slave/test/build/tests/config/mozbase_requirements.txt (line 11))
16:59:36     INFO -  Processing /builds/slave/test/build/tests/mozbase/mozprocess
16:59:36     INFO -    Requirement already satisfied (use --upgrade to upgrade): mozprocess==0.23 from file:///builds/slave/test/build/tests/mozbase/mozprocess in /builds/slave/test/build/venv/lib/python2.7/site-packages (from -r /builds/slave/test/build/tests/config/mozbase_requirements.txt (line 12))
16:59:36     INFO -  Processing /builds/slave/test/build/tests/mozbase/mozprofile
16:59:36     INFO -    Requirement already satisfied (use --upgrade to upgrade): mozprofile==0.28 from file:///builds/slave/test/build/tests/mozbase/mozprofile in /builds/slave/test/build/venv/lib/python2.7/site-packages (from -r /builds/slave/test/build/tests/config/mozbase_requirements.txt (line 13))
16:59:36     INFO -  Processing /builds/slave/test/build/tests/mozbase/mozrunner
16:59:36     INFO -    Requirement already satisfied (use --upgrade to upgrade): mozrunner==6.13 from file:///builds/slave/test/build/tests/mozbase/mozrunner in /builds/slave/test/build/venv/lib/python2.7/site-packages (from -r /builds/slave/test/build/tests/config/mozbase_requirements.txt (line 14))
16:59:36     INFO -  Processing /builds/slave/test/build/tests/mozbase/mozscreenshot
16:59:37     INFO -    Requirement already satisfied (use --upgrade to upgrade): mozscreenshot==0.1 from file:///builds/slave/test/build/tests/mozbase/mozscreenshot in /builds/slave/test/build/venv/lib/python2.7/site-packages (from -r /builds/slave/test/build/tests/config/mozbase_requirements.txt (line 15))
16:59:37     INFO -  Processing /builds/slave/test/build/tests/mozbase/moztest
16:59:37     INFO -    Requirement already satisfied (use --upgrade to upgrade): moztest==0.8 from file:///builds/slave/test/build/tests/mozbase/moztest in /builds/slave/test/build/venv/lib/python2.7/site-packages (from -r /builds/slave/test/build/tests/config/mozbase_requirements.txt (line 16))
16:59:37     INFO -  Processing /builds/slave/test/build/tests/mozbase/mozversion
16:59:37     INFO -    Requirement already satisfied (use --upgrade to upgrade): mozversion==1.4 from file:///builds/slave/test/build/tests/mozbase/mozversion in /builds/slave/test/build/venv/lib/python2.7/site-packages (from -r /builds/slave/test/build/tests/config/mozbase_requirements.txt (line 17))
16:59:37     INFO -  Requirement already satisfied (use --upgrade to upgrade): mozfile>=1.0 in /builds/slave/test/build/venv/lib/python2.7/site-packages (from mozcrash==1.0->-r /builds/slave/test/build/tests/config/mozbase_requirements.txt (line 2))
16:59:37     INFO -  Requirement already satisfied (use --upgrade to upgrade): mozlog>=3.0 in /builds/slave/test/build/venv/lib/python2.7/site-packages (from mozcrash==1.0->-r /builds/slave/test/build/tests/config/mozbase_requirements.txt (line 2))
16:59:37     INFO -  Requirement already satisfied (use --upgrade to upgrade): mozinfo in /builds/slave/test/build/venv/lib/python2.7/site-packages (from mozdebug==0.1->-r /builds/slave/test/build/tests/config/mozbase_requirements.txt (line 3))
16:59:37     INFO -  Requirement already satisfied (use --upgrade to upgrade): moznetwork>=0.24 in /builds/slave/test/build/venv/lib/python2.7/site-packages (from mozdevice==0.48->-r /builds/slave/test/build/tests/config/mozbase_requirements.txt (line 4))
16:59:37     INFO -  Requirement already satisfied (use --upgrade to upgrade): mozprocess>=0.19 in /builds/slave/test/build/venv/lib/python2.7/site-packages (from mozdevice==0.48->-r /builds/slave/test/build/tests/config/mozbase_requirements.txt (line 4))
16:59:37     INFO -  Collecting blessings>=1.3 (from mozlog==3.4->-r /builds/slave/test/build/tests/config/mozbase_requirements.txt (line 10))
16:59:38     INFO -  /builds/slave/test/build/venv/lib/python2.7/site-packages/pip/_vendor/requests/packages/urllib3/util/ssl_.py:318: SNIMissingWarning: An HTTPS request has been made, but the SNI (Subject Name Indication) extension to TLS is not available on this platform. This may cause the server to present an incorrect TLS certificate, which can cause validation failures. You can upgrade to a newer version of Python to solve this. For more information, see https://urllib3.readthedocs.org/en/latest/security.html#snimissingwarning.
16:59:38     INFO -    SNIMissingWarning
16:59:38     INFO -  /builds/slave/test/build/venv/lib/python2.7/site-packages/pip/_vendor/requests/packages/urllib3/util/ssl_.py:122: InsecurePlatformWarning: A true SSLContext object is not available. This prevents urllib3 from configuring SSL appropriately and may cause certain SSL connections to fail. You can upgrade to a newer version of Python to solve this. For more information, see https://urllib3.readthedocs.org/en/latest/security.html#insecureplatformwarning.
16:59:38     INFO -    InsecurePlatformWarning
16:59:38     INFO -  /builds/slave/test/build/venv/lib/python2.7/site-packages/pip/_vendor/requests/packages/urllib3/util/ssl_.py:122: InsecurePlatformWarning: A true SSLContext object is not available. This prevents urllib3 from configuring SSL appropriately and may cause certain SSL connections to fail. You can upgrade to a newer version of Python to solve this. For more information, see https://urllib3.readthedocs.org/en/latest/security.html#insecureplatformwarning.
16:59:38     INFO -    InsecurePlatformWarning
16:59:40     INFO -  Installing collected packages: blessings
16:59:40     INFO -  Successfully installed blessings-1.6
16:59:40     INFO - Return code: 0
16:59:40     INFO - Installing pip>=1.5 into virtualenv /builds/slave/test/build/venv
16:59:40     INFO - retry: Calling run_command with args: [['/builds/slave/test/build/venv/bin/pip', 'install', '--timeout', '120', '--no-index', '--find-links', 'http://pypi.pvt.build.mozilla.org/pub', '--find-links', 'http://pypi.pub.build.mozilla.org/pub', '--trusted-host', 'pypi.pub.build.mozilla.org', '--trusted-host', 'pypi.pvt.build.mozilla.org', 'pip>=1.5']], kwargs: {'error_level': 'warning', 'error_list': [{'substr': 'not found or a compiler error:', 'level': 'warning'}, {'regex': <_sre.SRE_Pattern object at 0x10b96c170>, 'level': 'error'}, {'regex': <_sre.SRE_Pattern object at 0x10ba0e960>, 'level': 'warning'}, {'regex': <_sre.SRE_Pattern object at 0x7fa6a8c37630>, 'level': 'debug'}, {'substr': 'command not found', 'level': 'error'}, {'regex': <_sre.SRE_Pattern object at 0x10b8ff1d0>, 'level': 'warning'}, {'substr': 'Traceback (most recent call last)', 'level': 'error'}, {'substr': 'SyntaxError: ', 'level': 'error'}, {'substr': 'TypeError: ', 'level': 'error'}, {'substr': 'NameError: ', 'level': 'error'}, {'substr': 'ZeroDivisionError: ', 'level': 'error'}, {'regex': <_sre.SRE_Pattern object at 0x10b8da108>, 'level': 'critical'}, {'regex': <_sre.SRE_Pattern object at 0x10b8f4030>, 'level': 'critical'}], 'cwd': '/builds/slave/test/build', 'env': {'VERSIONER_PYTHON_PREFER_32_BIT': 'no', 'LOGNAME': 'cltbld', 'USER': 'cltbld', 'XPC_SERVICE_NAME': '0', 'PATH': '/usr/local/sbin:/usr/local/bin:/usr/sbin:/usr/bin:/sbin:/bin:/usr/bin/X11', 'HOME': '/Users/cltbld', 'NO_EM_RESTART': '1', 'IDLEIZER_DISABLE_SHUTDOWN': 'true', 'XPCOM_DEBUG_BREAK': 'warn', 'Apple_PubSub_Socket_Render': '/private/tmp/com.apple.launchd.KoKFenoEQd/Render', 'MOZ_NODE_PATH': '/usr/local/bin/node', 'TWISTD_LOG_PATH': '/builds/slave/twistd.log', 'GIT_SHARE_BASE_DIR': '/builds/git-shared', 'VERSIONER_PYTHON_VERSION': '2.7', 'XPC_FLAGS': '0x0', 'NO_FAIL_ON_TEST_ERRORS': '1', 'HG_SHARE_BASE_DIR': '/builds/hg-shared', 'RUNNER_CONFIG_CMD': '/opt/runner/bin/python2.7 /opt/runner/bin/runner -c /opt/runner/runner.cfg', 'MOZ_NO_REMOTE': '1', 'MOZ_HIDE_RESULTS_TABLE': '1', 'SSH_AUTH_SOCK': '/private/tmp/com.apple.launchd.n4ArF2ySLx/Listeners', 'SHELL': '/bin/bash', 'TMPDIR': '/var/folders/gn/xbcbs14n34b0c1zwmd5rz72800000w/T/', '__CF_USER_TEXT_ENCODING': '0x1C:0:0', 'PWD': '/builds/slave/test', 'PROPERTIES_FILE': '/builds/slave/test/buildprops.json'}}, attempt #1
16:59:40     INFO - Running command: ['/builds/slave/test/build/venv/bin/pip', 'install', '--timeout', '120', '--no-index', '--find-links', 'http://pypi.pvt.build.mozilla.org/pub', '--find-links', 'http://pypi.pub.build.mozilla.org/pub', '--trusted-host', 'pypi.pub.build.mozilla.org', '--trusted-host', 'pypi.pvt.build.mozilla.org', 'pip>=1.5'] in /builds/slave/test/build
16:59:40     INFO - Copy/paste: /builds/slave/test/build/venv/bin/pip install --timeout 120 --no-index --find-links http://pypi.pvt.build.mozilla.org/pub --find-links http://pypi.pub.build.mozilla.org/pub --trusted-host pypi.pub.build.mozilla.org --trusted-host pypi.pvt.build.mozilla.org pip>=1.5
16:59:40     INFO - Using env: {'Apple_PubSub_Socket_Render': '/private/tmp/com.apple.launchd.KoKFenoEQd/Render',
16:59:40     INFO -  'GIT_SHARE_BASE_DIR': '/builds/git-shared',
16:59:40     INFO -  'HG_SHARE_BASE_DIR': '/builds/hg-shared',
16:59:40     INFO -  'HOME': '/Users/cltbld',
16:59:40     INFO -  'IDLEIZER_DISABLE_SHUTDOWN': 'true',
16:59:40     INFO -  'LOGNAME': 'cltbld',
16:59:40     INFO -  'MOZ_HIDE_RESULTS_TABLE': '1',
16:59:40     INFO -  'MOZ_NODE_PATH': '/usr/local/bin/node',
16:59:40     INFO -  'MOZ_NO_REMOTE': '1',
16:59:40     INFO -  'NO_EM_RESTART': '1',
16:59:40     INFO -  'NO_FAIL_ON_TEST_ERRORS': '1',
16:59:40     INFO -  'PATH': '/usr/local/sbin:/usr/local/bin:/usr/sbin:/usr/bin:/sbin:/bin:/usr/bin/X11',
16:59:40     INFO -  'PROPERTIES_FILE': '/builds/slave/test/buildprops.json',
16:59:40     INFO -  'PWD': '/builds/slave/test',
16:59:40     INFO -  'RUNNER_CONFIG_CMD': '/opt/runner/bin/python2.7 /opt/runner/bin/runner -c /opt/runner/runner.cfg',
16:59:40     INFO -  'SHELL': '/bin/bash',
16:59:40     INFO -  'SSH_AUTH_SOCK': '/private/tmp/com.apple.launchd.n4ArF2ySLx/Listeners',
16:59:40     INFO -  'TMPDIR': '/var/folders/gn/xbcbs14n34b0c1zwmd5rz72800000w/T/',
16:59:40     INFO -  'TWISTD_LOG_PATH': '/builds/slave/twistd.log',
16:59:40     INFO -  'USER': 'cltbld',
16:59:40     INFO -  'VERSIONER_PYTHON_PREFER_32_BIT': 'no',
16:59:40     INFO -  'VERSIONER_PYTHON_VERSION': '2.7',
16:59:40     INFO -  'XPCOM_DEBUG_BREAK': 'warn',
16:59:40     INFO -  'XPC_FLAGS': '0x0',
16:59:40     INFO -  'XPC_SERVICE_NAME': '0',
16:59:40     INFO -  '__CF_USER_TEXT_ENCODING': '0x1C:0:0'}
16:59:41     INFO -  Ignoring indexes: https://pypi.python.org/simple
16:59:41     INFO -  Requirement already satisfied (use --upgrade to upgrade): pip>=1.5 in ./venv/lib/python2.7/site-packages
16:59:41     INFO - Return code: 0
16:59:41     INFO - Installing psutil==3.1.1 into virtualenv /builds/slave/test/build/venv
16:59:41     INFO - retry: Calling run_command with args: [['/builds/slave/test/build/venv/bin/pip', 'install', '--timeout', '120', '--no-index', '--find-links', 'http://pypi.pvt.build.mozilla.org/pub', '--find-links', 'http://pypi.pub.build.mozilla.org/pub', '--trusted-host', 'pypi.pub.build.mozilla.org', '--trusted-host', 'pypi.pvt.build.mozilla.org', 'psutil==3.1.1']], kwargs: {'error_level': 'warning', 'error_list': [{'substr': 'not found or a compiler error:', 'level': 'warning'}, {'regex': <_sre.SRE_Pattern object at 0x10b96c170>, 'level': 'error'}, {'regex': <_sre.SRE_Pattern object at 0x10ba0e960>, 'level': 'warning'}, {'regex': <_sre.SRE_Pattern object at 0x7fa6a8c37630>, 'level': 'debug'}, {'substr': 'command not found', 'level': 'error'}, {'regex': <_sre.SRE_Pattern object at 0x10b8ff1d0>, 'level': 'warning'}, {'substr': 'Traceback (most recent call last)', 'level': 'error'}, {'substr': 'SyntaxError: ', 'level': 'error'}, {'substr': 'TypeError: ', 'level': 'error'}, {'substr': 'NameError: ', 'level': 'error'}, {'substr': 'ZeroDivisionError: ', 'level': 'error'}, {'regex': <_sre.SRE_Pattern object at 0x10b8da108>, 'level': 'critical'}, {'regex': <_sre.SRE_Pattern object at 0x10b8f4030>, 'level': 'critical'}], 'cwd': '/builds/slave/test/build', 'env': {'VERSIONER_PYTHON_PREFER_32_BIT': 'no', 'LOGNAME': 'cltbld', 'USER': 'cltbld', 'XPC_SERVICE_NAME': '0', 'PATH': '/usr/local/sbin:/usr/local/bin:/usr/sbin:/usr/bin:/sbin:/bin:/usr/bin/X11', 'HOME': '/Users/cltbld', 'NO_EM_RESTART': '1', 'IDLEIZER_DISABLE_SHUTDOWN': 'true', 'XPCOM_DEBUG_BREAK': 'warn', 'Apple_PubSub_Socket_Render': '/private/tmp/com.apple.launchd.KoKFenoEQd/Render', 'MOZ_NODE_PATH': '/usr/local/bin/node', 'TWISTD_LOG_PATH': '/builds/slave/twistd.log', 'GIT_SHARE_BASE_DIR': '/builds/git-shared', 'VERSIONER_PYTHON_VERSION': '2.7', 'XPC_FLAGS': '0x0', 'NO_FAIL_ON_TEST_ERRORS': '1', 'HG_SHARE_BASE_DIR': '/builds/hg-shared', 'RUNNER_CONFIG_CMD': '/opt/runner/bin/python2.7 /opt/runner/bin/runner -c /opt/runner/runner.cfg', 'MOZ_NO_REMOTE': '1', 'MOZ_HIDE_RESULTS_TABLE': '1', 'SSH_AUTH_SOCK': '/private/tmp/com.apple.launchd.n4ArF2ySLx/Listeners', 'SHELL': '/bin/bash', 'TMPDIR': '/var/folders/gn/xbcbs14n34b0c1zwmd5rz72800000w/T/', '__CF_USER_TEXT_ENCODING': '0x1C:0:0', 'PWD': '/builds/slave/test', 'PROPERTIES_FILE': '/builds/slave/test/buildprops.json'}}, attempt #1
16:59:41     INFO - Running command: ['/builds/slave/test/build/venv/bin/pip', 'install', '--timeout', '120', '--no-index', '--find-links', 'http://pypi.pvt.build.mozilla.org/pub', '--find-links', 'http://pypi.pub.build.mozilla.org/pub', '--trusted-host', 'pypi.pub.build.mozilla.org', '--trusted-host', 'pypi.pvt.build.mozilla.org', 'psutil==3.1.1'] in /builds/slave/test/build
16:59:41     INFO - Copy/paste: /builds/slave/test/build/venv/bin/pip install --timeout 120 --no-index --find-links http://pypi.pvt.build.mozilla.org/pub --find-links http://pypi.pub.build.mozilla.org/pub --trusted-host pypi.pub.build.mozilla.org --trusted-host pypi.pvt.build.mozilla.org psutil==3.1.1
16:59:41     INFO - Using env: {'Apple_PubSub_Socket_Render': '/private/tmp/com.apple.launchd.KoKFenoEQd/Render',
16:59:41     INFO -  'GIT_SHARE_BASE_DIR': '/builds/git-shared',
16:59:41     INFO -  'HG_SHARE_BASE_DIR': '/builds/hg-shared',
16:59:41     INFO -  'HOME': '/Users/cltbld',
16:59:41     INFO -  'IDLEIZER_DISABLE_SHUTDOWN': 'true',
16:59:41     INFO -  'LOGNAME': 'cltbld',
16:59:41     INFO -  'MOZ_HIDE_RESULTS_TABLE': '1',
16:59:41     INFO -  'MOZ_NODE_PATH': '/usr/local/bin/node',
16:59:41     INFO -  'MOZ_NO_REMOTE': '1',
16:59:41     INFO -  'NO_EM_RESTART': '1',
16:59:41     INFO -  'NO_FAIL_ON_TEST_ERRORS': '1',
16:59:41     INFO -  'PATH': '/usr/local/sbin:/usr/local/bin:/usr/sbin:/usr/bin:/sbin:/bin:/usr/bin/X11',
16:59:41     INFO -  'PROPERTIES_FILE': '/builds/slave/test/buildprops.json',
16:59:41     INFO -  'PWD': '/builds/slave/test',
16:59:41     INFO -  'RUNNER_CONFIG_CMD': '/opt/runner/bin/python2.7 /opt/runner/bin/runner -c /opt/runner/runner.cfg',
16:59:41     INFO -  'SHELL': '/bin/bash',
16:59:41     INFO -  'SSH_AUTH_SOCK': '/private/tmp/com.apple.launchd.n4ArF2ySLx/Listeners',
16:59:41     INFO -  'TMPDIR': '/var/folders/gn/xbcbs14n34b0c1zwmd5rz72800000w/T/',
16:59:41     INFO -  'TWISTD_LOG_PATH': '/builds/slave/twistd.log',
16:59:41     INFO -  'USER': 'cltbld',
16:59:41     INFO -  'VERSIONER_PYTHON_PREFER_32_BIT': 'no',
16:59:41     INFO -  'VERSIONER_PYTHON_VERSION': '2.7',
16:59:41     INFO -  'XPCOM_DEBUG_BREAK': 'warn',
16:59:41     INFO -  'XPC_FLAGS': '0x0',
16:59:41     INFO -  'XPC_SERVICE_NAME': '0',
16:59:41     INFO -  '__CF_USER_TEXT_ENCODING': '0x1C:0:0'}
16:59:41     INFO -  Ignoring indexes: https://pypi.python.org/simple
16:59:41     INFO -  Collecting psutil==3.1.1
16:59:41     INFO -  /builds/slave/test/build/venv/lib/python2.7/site-packages/pip/_vendor/requests/packages/urllib3/util/ssl_.py:318: SNIMissingWarning: An HTTPS request has been made, but the SNI (Subject Name Indication) extension to TLS is not available on this platform. This may cause the server to present an incorrect TLS certificate, which can cause validation failures. You can upgrade to a newer version of Python to solve this. For more information, see https://urllib3.readthedocs.org/en/latest/security.html#snimissingwarning.
16:59:41     INFO -    SNIMissingWarning
16:59:41     INFO -  /builds/slave/test/build/venv/lib/python2.7/site-packages/pip/_vendor/requests/packages/urllib3/util/ssl_.py:122: InsecurePlatformWarning: A true SSLContext object is not available. This prevents urllib3 from configuring SSL appropriately and may cause certain SSL connections to fail. You can upgrade to a newer version of Python to solve this. For more information, see https://urllib3.readthedocs.org/en/latest/security.html#insecureplatformwarning.
16:59:41     INFO -    InsecurePlatformWarning
16:59:42     INFO -  /builds/slave/test/build/venv/lib/python2.7/site-packages/pip/_vendor/requests/packages/urllib3/util/ssl_.py:122: InsecurePlatformWarning: A true SSLContext object is not available. This prevents urllib3 from configuring SSL appropriately and may cause certain SSL connections to fail. You can upgrade to a newer version of Python to solve this. For more information, see https://urllib3.readthedocs.org/en/latest/security.html#insecureplatformwarning.
16:59:42     INFO -    InsecurePlatformWarning
16:59:44     INFO -  Installing collected packages: psutil
16:59:44     INFO -    Found existing installation: psutil 5.4.3
16:59:44     INFO -      Uninstalling psutil-5.4.3:
16:59:44     INFO -        Successfully uninstalled psutil-5.4.3
16:59:44     INFO -  Successfully installed psutil-3.1.1
16:59:44     INFO - Return code: 0
16:59:44     INFO - Installing mock into virtualenv /builds/slave/test/build/venv
16:59:44     INFO - retry: Calling run_command with args: [['/builds/slave/test/build/venv/bin/pip', 'install', '--timeout', '120', '--no-index', '--find-links', 'http://pypi.pvt.build.mozilla.org/pub', '--find-links', 'http://pypi.pub.build.mozilla.org/pub', '--trusted-host', 'pypi.pub.build.mozilla.org', '--trusted-host', 'pypi.pvt.build.mozilla.org', 'mock']], kwargs: {'error_level': 'warning', 'error_list': [{'substr': 'not found or a compiler error:', 'level': 'warning'}, {'regex': <_sre.SRE_Pattern object at 0x10b96c170>, 'level': 'error'}, {'regex': <_sre.SRE_Pattern object at 0x10ba0e960>, 'level': 'warning'}, {'regex': <_sre.SRE_Pattern object at 0x7fa6a8c37630>, 'level': 'debug'}, {'substr': 'command not found', 'level': 'error'}, {'regex': <_sre.SRE_Pattern object at 0x10b8ff1d0>, 'level': 'warning'}, {'substr': 'Traceback (most recent call last)', 'level': 'error'}, {'substr': 'SyntaxError: ', 'level': 'error'}, {'substr': 'TypeError: ', 'level': 'error'}, {'substr': 'NameError: ', 'level': 'error'}, {'substr': 'ZeroDivisionError: ', 'level': 'error'}, {'regex': <_sre.SRE_Pattern object at 0x10b8da108>, 'level': 'critical'}, {'regex': <_sre.SRE_Pattern object at 0x10b8f4030>, 'level': 'critical'}], 'cwd': '/builds/slave/test/build', 'env': {'VERSIONER_PYTHON_PREFER_32_BIT': 'no', 'LOGNAME': 'cltbld', 'USER': 'cltbld', 'XPC_SERVICE_NAME': '0', 'PATH': '/usr/local/sbin:/usr/local/bin:/usr/sbin:/usr/bin:/sbin:/bin:/usr/bin/X11', 'HOME': '/Users/cltbld', 'NO_EM_RESTART': '1', 'IDLEIZER_DISABLE_SHUTDOWN': 'true', 'XPCOM_DEBUG_BREAK': 'warn', 'Apple_PubSub_Socket_Render': '/private/tmp/com.apple.launchd.KoKFenoEQd/Render', 'MOZ_NODE_PATH': '/usr/local/bin/node', 'TWISTD_LOG_PATH': '/builds/slave/twistd.log', 'GIT_SHARE_BASE_DIR': '/builds/git-shared', 'VERSIONER_PYTHON_VERSION': '2.7', 'XPC_FLAGS': '0x0', 'NO_FAIL_ON_TEST_ERRORS': '1', 'HG_SHARE_BASE_DIR': '/builds/hg-shared', 'RUNNER_CONFIG_CMD': '/opt/runner/bin/python2.7 /opt/runner/bin/runner -c /opt/runner/runner.cfg', 'MOZ_NO_REMOTE': '1', 'MOZ_HIDE_RESULTS_TABLE': '1', 'SSH_AUTH_SOCK': '/private/tmp/com.apple.launchd.n4ArF2ySLx/Listeners', 'SHELL': '/bin/bash', 'TMPDIR': '/var/folders/gn/xbcbs14n34b0c1zwmd5rz72800000w/T/', '__CF_USER_TEXT_ENCODING': '0x1C:0:0', 'PWD': '/builds/slave/test', 'PROPERTIES_FILE': '/builds/slave/test/buildprops.json'}}, attempt #1
16:59:44     INFO - Running command: ['/builds/slave/test/build/venv/bin/pip', 'install', '--timeout', '120', '--no-index', '--find-links', 'http://pypi.pvt.build.mozilla.org/pub', '--find-links', 'http://pypi.pub.build.mozilla.org/pub', '--trusted-host', 'pypi.pub.build.mozilla.org', '--trusted-host', 'pypi.pvt.build.mozilla.org', 'mock'] in /builds/slave/test/build
16:59:44     INFO - Copy/paste: /builds/slave/test/build/venv/bin/pip install --timeout 120 --no-index --find-links http://pypi.pvt.build.mozilla.org/pub --find-links http://pypi.pub.build.mozilla.org/pub --trusted-host pypi.pub.build.mozilla.org --trusted-host pypi.pvt.build.mozilla.org mock
16:59:44     INFO - Using env: {'Apple_PubSub_Socket_Render': '/private/tmp/com.apple.launchd.KoKFenoEQd/Render',
16:59:44     INFO -  'GIT_SHARE_BASE_DIR': '/builds/git-shared',
16:59:44     INFO -  'HG_SHARE_BASE_DIR': '/builds/hg-shared',
16:59:44     INFO -  'HOME': '/Users/cltbld',
16:59:44     INFO -  'IDLEIZER_DISABLE_SHUTDOWN': 'true',
16:59:44     INFO -  'LOGNAME': 'cltbld',
16:59:44     INFO -  'MOZ_HIDE_RESULTS_TABLE': '1',
16:59:44     INFO -  'MOZ_NODE_PATH': '/usr/local/bin/node',
16:59:44     INFO -  'MOZ_NO_REMOTE': '1',
16:59:44     INFO -  'NO_EM_RESTART': '1',
16:59:44     INFO -  'NO_FAIL_ON_TEST_ERRORS': '1',
16:59:44     INFO -  'PATH': '/usr/local/sbin:/usr/local/bin:/usr/sbin:/usr/bin:/sbin:/bin:/usr/bin/X11',
16:59:44     INFO -  'PROPERTIES_FILE': '/builds/slave/test/buildprops.json',
16:59:44     INFO -  'PWD': '/builds/slave/test',
16:59:44     INFO -  'RUNNER_CONFIG_CMD': '/opt/runner/bin/python2.7 /opt/runner/bin/runner -c /opt/runner/runner.cfg',
16:59:44     INFO -  'SHELL': '/bin/bash',
16:59:44     INFO -  'SSH_AUTH_SOCK': '/private/tmp/com.apple.launchd.n4ArF2ySLx/Listeners',
16:59:44     INFO -  'TMPDIR': '/var/folders/gn/xbcbs14n34b0c1zwmd5rz72800000w/T/',
16:59:44     INFO -  'TWISTD_LOG_PATH': '/builds/slave/twistd.log',
16:59:44     INFO -  'USER': 'cltbld',
16:59:44     INFO -  'VERSIONER_PYTHON_PREFER_32_BIT': 'no',
16:59:44     INFO -  'VERSIONER_PYTHON_VERSION': '2.7',
16:59:44     INFO -  'XPCOM_DEBUG_BREAK': 'warn',
16:59:44     INFO -  'XPC_FLAGS': '0x0',
16:59:44     INFO -  'XPC_SERVICE_NAME': '0',
16:59:44     INFO -  '__CF_USER_TEXT_ENCODING': '0x1C:0:0'}
16:59:44     INFO -  Ignoring indexes: https://pypi.python.org/simple
16:59:44     INFO -  Collecting mock
16:59:44     INFO -  /builds/slave/test/build/venv/lib/python2.7/site-packages/pip/_vendor/requests/packages/urllib3/util/ssl_.py:318: SNIMissingWarning: An HTTPS request has been made, but the SNI (Subject Name Indication) extension to TLS is not available on this platform. This may cause the server to present an incorrect TLS certificate, which can cause validation failures. You can upgrade to a newer version of Python to solve this. For more information, see https://urllib3.readthedocs.org/en/latest/security.html#snimissingwarning.
16:59:44     INFO -    SNIMissingWarning
16:59:44     INFO -  /builds/slave/test/build/venv/lib/python2.7/site-packages/pip/_vendor/requests/packages/urllib3/util/ssl_.py:122: InsecurePlatformWarning: A true SSLContext object is not available. This prevents urllib3 from configuring SSL appropriately and may cause certain SSL connections to fail. You can upgrade to a newer version of Python to solve this. For more information, see https://urllib3.readthedocs.org/en/latest/security.html#insecureplatformwarning.
16:59:44     INFO -    InsecurePlatformWarning
16:59:45     INFO -  /builds/slave/test/build/venv/lib/python2.7/site-packages/pip/_vendor/requests/packages/urllib3/util/ssl_.py:122: InsecurePlatformWarning: A true SSLContext object is not available. This prevents urllib3 from configuring SSL appropriately and may cause certain SSL connections to fail. You can upgrade to a newer version of Python to solve this. For more information, see https://urllib3.readthedocs.org/en/latest/security.html#insecureplatformwarning.
16:59:45     INFO -    InsecurePlatformWarning
16:59:47     INFO -  Installing collected packages: mock
16:59:47     INFO -  Successfully installed mock-1.0.1
16:59:47     INFO - Return code: 0
16:59:47     INFO - Installing simplejson into virtualenv /builds/slave/test/build/venv
16:59:47     INFO - retry: Calling run_command with args: [['/builds/slave/test/build/venv/bin/pip', 'install', '--timeout', '120', '--no-index', '--find-links', 'http://pypi.pvt.build.mozilla.org/pub', '--find-links', 'http://pypi.pub.build.mozilla.org/pub', '--trusted-host', 'pypi.pub.build.mozilla.org', '--trusted-host', 'pypi.pvt.build.mozilla.org', 'simplejson']], kwargs: {'error_level': 'warning', 'error_list': [{'substr': 'not found or a compiler error:', 'level': 'warning'}, {'regex': <_sre.SRE_Pattern object at 0x10b96c170>, 'level': 'error'}, {'regex': <_sre.SRE_Pattern object at 0x10ba0e960>, 'level': 'warning'}, {'regex': <_sre.SRE_Pattern object at 0x7fa6a8c37630>, 'level': 'debug'}, {'substr': 'command not found', 'level': 'error'}, {'regex': <_sre.SRE_Pattern object at 0x10b8ff1d0>, 'level': 'warning'}, {'substr': 'Traceback (most recent call last)', 'level': 'error'}, {'substr': 'SyntaxError: ', 'level': 'error'}, {'substr': 'TypeError: ', 'level': 'error'}, {'substr': 'NameError: ', 'level': 'error'}, {'substr': 'ZeroDivisionError: ', 'level': 'error'}, {'regex': <_sre.SRE_Pattern object at 0x10b8da108>, 'level': 'critical'}, {'regex': <_sre.SRE_Pattern object at 0x10b8f4030>, 'level': 'critical'}], 'cwd': '/builds/slave/test/build', 'env': {'VERSIONER_PYTHON_PREFER_32_BIT': 'no', 'LOGNAME': 'cltbld', 'USER': 'cltbld', 'XPC_SERVICE_NAME': '0', 'PATH': '/usr/local/sbin:/usr/local/bin:/usr/sbin:/usr/bin:/sbin:/bin:/usr/bin/X11', 'HOME': '/Users/cltbld', 'NO_EM_RESTART': '1', 'IDLEIZER_DISABLE_SHUTDOWN': 'true', 'XPCOM_DEBUG_BREAK': 'warn', 'Apple_PubSub_Socket_Render': '/private/tmp/com.apple.launchd.KoKFenoEQd/Render', 'MOZ_NODE_PATH': '/usr/local/bin/node', 'TWISTD_LOG_PATH': '/builds/slave/twistd.log', 'GIT_SHARE_BASE_DIR': '/builds/git-shared', 'VERSIONER_PYTHON_VERSION': '2.7', 'XPC_FLAGS': '0x0', 'NO_FAIL_ON_TEST_ERRORS': '1', 'HG_SHARE_BASE_DIR': '/builds/hg-shared', 'RUNNER_CONFIG_CMD': '/opt/runner/bin/python2.7 /opt/runner/bin/runner -c /opt/runner/runner.cfg', 'MOZ_NO_REMOTE': '1', 'MOZ_HIDE_RESULTS_TABLE': '1', 'SSH_AUTH_SOCK': '/private/tmp/com.apple.launchd.n4ArF2ySLx/Listeners', 'SHELL': '/bin/bash', 'TMPDIR': '/var/folders/gn/xbcbs14n34b0c1zwmd5rz72800000w/T/', '__CF_USER_TEXT_ENCODING': '0x1C:0:0', 'PWD': '/builds/slave/test', 'PROPERTIES_FILE': '/builds/slave/test/buildprops.json'}}, attempt #1
16:59:47     INFO - Running command: ['/builds/slave/test/build/venv/bin/pip', 'install', '--timeout', '120', '--no-index', '--find-links', 'http://pypi.pvt.build.mozilla.org/pub', '--find-links', 'http://pypi.pub.build.mozilla.org/pub', '--trusted-host', 'pypi.pub.build.mozilla.org', '--trusted-host', 'pypi.pvt.build.mozilla.org', 'simplejson'] in /builds/slave/test/build
16:59:47     INFO - Copy/paste: /builds/slave/test/build/venv/bin/pip install --timeout 120 --no-index --find-links http://pypi.pvt.build.mozilla.org/pub --find-links http://pypi.pub.build.mozilla.org/pub --trusted-host pypi.pub.build.mozilla.org --trusted-host pypi.pvt.build.mozilla.org simplejson
16:59:47     INFO - Using env: {'Apple_PubSub_Socket_Render': '/private/tmp/com.apple.launchd.KoKFenoEQd/Render',
16:59:47     INFO -  'GIT_SHARE_BASE_DIR': '/builds/git-shared',
16:59:47     INFO -  'HG_SHARE_BASE_DIR': '/builds/hg-shared',
16:59:47     INFO -  'HOME': '/Users/cltbld',
16:59:47     INFO -  'IDLEIZER_DISABLE_SHUTDOWN': 'true',
16:59:47     INFO -  'LOGNAME': 'cltbld',
16:59:47     INFO -  'MOZ_HIDE_RESULTS_TABLE': '1',
16:59:47     INFO -  'MOZ_NODE_PATH': '/usr/local/bin/node',
16:59:47     INFO -  'MOZ_NO_REMOTE': '1',
16:59:47     INFO -  'NO_EM_RESTART': '1',
16:59:47     INFO -  'NO_FAIL_ON_TEST_ERRORS': '1',
16:59:47     INFO -  'PATH': '/usr/local/sbin:/usr/local/bin:/usr/sbin:/usr/bin:/sbin:/bin:/usr/bin/X11',
16:59:47     INFO -  'PROPERTIES_FILE': '/builds/slave/test/buildprops.json',
16:59:47     INFO -  'PWD': '/builds/slave/test',
16:59:47     INFO -  'RUNNER_CONFIG_CMD': '/opt/runner/bin/python2.7 /opt/runner/bin/runner -c /opt/runner/runner.cfg',
16:59:47     INFO -  'SHELL': '/bin/bash',
16:59:47     INFO -  'SSH_AUTH_SOCK': '/private/tmp/com.apple.launchd.n4ArF2ySLx/Listeners',
16:59:47     INFO -  'TMPDIR': '/var/folders/gn/xbcbs14n34b0c1zwmd5rz72800000w/T/',
16:59:47     INFO -  'TWISTD_LOG_PATH': '/builds/slave/twistd.log',
16:59:47     INFO -  'USER': 'cltbld',
16:59:47     INFO -  'VERSIONER_PYTHON_PREFER_32_BIT': 'no',
16:59:47     INFO -  'VERSIONER_PYTHON_VERSION': '2.7',
16:59:47     INFO -  'XPCOM_DEBUG_BREAK': 'warn',
16:59:47     INFO -  'XPC_FLAGS': '0x0',
16:59:47     INFO -  'XPC_SERVICE_NAME': '0',
16:59:47     INFO -  '__CF_USER_TEXT_ENCODING': '0x1C:0:0'}
16:59:48     INFO -  Ignoring indexes: https://pypi.python.org/simple
16:59:48     INFO -  Collecting simplejson
16:59:48     INFO -  /builds/slave/test/build/venv/lib/python2.7/site-packages/pip/_vendor/requests/packages/urllib3/util/ssl_.py:318: SNIMissingWarning: An HTTPS request has been made, but the SNI (Subject Name Indication) extension to TLS is not available on this platform. This may cause the server to present an incorrect TLS certificate, which can cause validation failures. You can upgrade to a newer version of Python to solve this. For more information, see https://urllib3.readthedocs.org/en/latest/security.html#snimissingwarning.
16:59:48     INFO -    SNIMissingWarning
16:59:48     INFO -  /builds/slave/test/build/venv/lib/python2.7/site-packages/pip/_vendor/requests/packages/urllib3/util/ssl_.py:122: InsecurePlatformWarning: A true SSLContext object is not available. This prevents urllib3 from configuring SSL appropriately and may cause certain SSL connections to fail. You can upgrade to a newer version of Python to solve this. For more information, see https://urllib3.readthedocs.org/en/latest/security.html#insecureplatformwarning.
16:59:48     INFO -    InsecurePlatformWarning
16:59:48     INFO -  /builds/slave/test/build/venv/lib/python2.7/site-packages/pip/_vendor/requests/packages/urllib3/util/ssl_.py:122: InsecurePlatformWarning: A true SSLContext object is not available. This prevents urllib3 from configuring SSL appropriately and may cause certain SSL connections to fail. You can upgrade to a newer version of Python to solve this. For more information, see https://urllib3.readthedocs.org/en/latest/security.html#insecureplatformwarning.
16:59:48     INFO -    InsecurePlatformWarning
16:59:50     INFO -  Installing collected packages: simplejson
16:59:51     INFO -  Successfully installed simplejson-3.3.0
16:59:51     INFO - Return code: 0
16:59:51     INFO - Installing None into virtualenv /builds/slave/test/build/venv
16:59:51     INFO - retry: Calling run_command with args: [['/builds/slave/test/build/venv/bin/pip', 'install', '--no-deps', '--timeout', '120', '-r', '/builds/slave/test/build/tests/config/marionette_requirements.txt', '--no-index', '--find-links', 'http://pypi.pvt.build.mozilla.org/pub', '--find-links', 'http://pypi.pub.build.mozilla.org/pub', '--trusted-host', 'pypi.pub.build.mozilla.org', '--trusted-host', 'pypi.pvt.build.mozilla.org']], kwargs: {'error_level': 'warning', 'error_list': [{'substr': 'not found or a compiler error:', 'level': 'warning'}, {'regex': <_sre.SRE_Pattern object at 0x10b96c170>, 'level': 'error'}, {'regex': <_sre.SRE_Pattern object at 0x10ba0e960>, 'level': 'warning'}, {'regex': <_sre.SRE_Pattern object at 0x7fa6a8c37630>, 'level': 'debug'}, {'substr': 'command not found', 'level': 'error'}, {'regex': <_sre.SRE_Pattern object at 0x10b8ff1d0>, 'level': 'warning'}, {'substr': 'Traceback (most recent call last)', 'level': 'error'}, {'substr': 'SyntaxError: ', 'level': 'error'}, {'substr': 'TypeError: ', 'level': 'error'}, {'substr': 'NameError: ', 'level': 'error'}, {'substr': 'ZeroDivisionError: ', 'level': 'error'}, {'regex': <_sre.SRE_Pattern object at 0x10b8da108>, 'level': 'critical'}, {'regex': <_sre.SRE_Pattern object at 0x10b8f4030>, 'level': 'critical'}], 'cwd': '/builds/slave/test/build/tests/config', 'env': {'VERSIONER_PYTHON_PREFER_32_BIT': 'no', 'LOGNAME': 'cltbld', 'USER': 'cltbld', 'XPC_SERVICE_NAME': '0', 'PATH': '/usr/local/sbin:/usr/local/bin:/usr/sbin:/usr/bin:/sbin:/bin:/usr/bin/X11', 'HOME': '/Users/cltbld', 'NO_EM_RESTART': '1', 'IDLEIZER_DISABLE_SHUTDOWN': 'true', 'XPCOM_DEBUG_BREAK': 'warn', 'Apple_PubSub_Socket_Render': '/private/tmp/com.apple.launchd.KoKFenoEQd/Render', 'MOZ_NODE_PATH': '/usr/local/bin/node', 'TWISTD_LOG_PATH': '/builds/slave/twistd.log', 'GIT_SHARE_BASE_DIR': '/builds/git-shared', 'VERSIONER_PYTHON_VERSION': '2.7', 'XPC_FLAGS': '0x0', 'NO_FAIL_ON_TEST_ERRORS': '1', 'HG_SHARE_BASE_DIR': '/builds/hg-shared', 'RUNNER_CONFIG_CMD': '/opt/runner/bin/python2.7 /opt/runner/bin/runner -c /opt/runner/runner.cfg', 'MOZ_NO_REMOTE': '1', 'MOZ_HIDE_RESULTS_TABLE': '1', 'SSH_AUTH_SOCK': '/private/tmp/com.apple.launchd.n4ArF2ySLx/Listeners', 'SHELL': '/bin/bash', 'TMPDIR': '/var/folders/gn/xbcbs14n34b0c1zwmd5rz72800000w/T/', '__CF_USER_TEXT_ENCODING': '0x1C:0:0', 'PWD': '/builds/slave/test', 'PROPERTIES_FILE': '/builds/slave/test/buildprops.json'}}, attempt #1
16:59:51     INFO - Running command: ['/builds/slave/test/build/venv/bin/pip', 'install', '--no-deps', '--timeout', '120', '-r', '/builds/slave/test/build/tests/config/marionette_requirements.txt', '--no-index', '--find-links', 'http://pypi.pvt.build.mozilla.org/pub', '--find-links', 'http://pypi.pub.build.mozilla.org/pub', '--trusted-host', 'pypi.pub.build.mozilla.org', '--trusted-host', 'pypi.pvt.build.mozilla.org'] in /builds/slave/test/build/tests/config
16:59:51     INFO - Copy/paste: /builds/slave/test/build/venv/bin/pip install --no-deps --timeout 120 -r /builds/slave/test/build/tests/config/marionette_requirements.txt --no-index --find-links http://pypi.pvt.build.mozilla.org/pub --find-links http://pypi.pub.build.mozilla.org/pub --trusted-host pypi.pub.build.mozilla.org --trusted-host pypi.pvt.build.mozilla.org
16:59:51     INFO - Using env: {'Apple_PubSub_Socket_Render': '/private/tmp/com.apple.launchd.KoKFenoEQd/Render',
16:59:51     INFO -  'GIT_SHARE_BASE_DIR': '/builds/git-shared',
16:59:51     INFO -  'HG_SHARE_BASE_DIR': '/builds/hg-shared',
16:59:51     INFO -  'HOME': '/Users/cltbld',
16:59:51     INFO -  'IDLEIZER_DISABLE_SHUTDOWN': 'true',
16:59:51     INFO -  'LOGNAME': 'cltbld',
16:59:51     INFO -  'MOZ_HIDE_RESULTS_TABLE': '1',
16:59:51     INFO -  'MOZ_NODE_PATH': '/usr/local/bin/node',
16:59:51     INFO -  'MOZ_NO_REMOTE': '1',
16:59:51     INFO -  'NO_EM_RESTART': '1',
16:59:51     INFO -  'NO_FAIL_ON_TEST_ERRORS': '1',
16:59:51     INFO -  'PATH': '/usr/local/sbin:/usr/local/bin:/usr/sbin:/usr/bin:/sbin:/bin:/usr/bin/X11',
16:59:51     INFO -  'PROPERTIES_FILE': '/builds/slave/test/buildprops.json',
16:59:51     INFO -  'PWD': '/builds/slave/test',
16:59:51     INFO -  'RUNNER_CONFIG_CMD': '/opt/runner/bin/python2.7 /opt/runner/bin/runner -c /opt/runner/runner.cfg',
16:59:51     INFO -  'SHELL': '/bin/bash',
16:59:51     INFO -  'SSH_AUTH_SOCK': '/private/tmp/com.apple.launchd.n4ArF2ySLx/Listeners',
16:59:51     INFO -  'TMPDIR': '/var/folders/gn/xbcbs14n34b0c1zwmd5rz72800000w/T/',
16:59:51     INFO -  'TWISTD_LOG_PATH': '/builds/slave/twistd.log',
16:59:51     INFO -  'USER': 'cltbld',
16:59:51     INFO -  'VERSIONER_PYTHON_PREFER_32_BIT': 'no',
16:59:51     INFO -  'VERSIONER_PYTHON_VERSION': '2.7',
16:59:51     INFO -  'XPCOM_DEBUG_BREAK': 'warn',
16:59:51     INFO -  'XPC_FLAGS': '0x0',
16:59:51     INFO -  'XPC_SERVICE_NAME': '0',
16:59:51     INFO -  '__CF_USER_TEXT_ENCODING': '0x1C:0:0'}
16:59:51     INFO -  Ignoring indexes: https://pypi.python.org/simple
16:59:51     INFO -  Processing /builds/slave/test/build/tests/mozbase/manifestparser
16:59:51     INFO -    Requirement already satisfied (use --upgrade to upgrade): manifestparser==1.1 from file:///builds/slave/test/build/tests/mozbase/manifestparser in /builds/slave/test/build/venv/lib/python2.7/site-packages (from -r /builds/slave/test/build/tests/config/mozbase_requirements.txt (line 1))
16:59:51     INFO -  Processing /builds/slave/test/build/tests/mozbase/mozcrash
16:59:51     INFO -    Requirement already satisfied (use --upgrade to upgrade): mozcrash==1.0 from file:///builds/slave/test/build/tests/mozbase/mozcrash in /builds/slave/test/build/venv/lib/python2.7/site-packages (from -r /builds/slave/test/build/tests/config/mozbase_requirements.txt (line 2))
16:59:51     INFO -  Processing /builds/slave/test/build/tests/mozbase/mozdebug
16:59:52     INFO -    Requirement already satisfied (use --upgrade to upgrade): mozdebug==0.1 from file:///builds/slave/test/build/tests/mozbase/mozdebug in /builds/slave/test/build/venv/lib/python2.7/site-packages (from -r /builds/slave/test/build/tests/config/mozbase_requirements.txt (line 3))
16:59:52     INFO -  Processing /builds/slave/test/build/tests/mozbase/mozdevice
16:59:52     INFO -    Requirement already satisfied (use --upgrade to upgrade): mozdevice==0.48 from file:///builds/slave/test/build/tests/mozbase/mozdevice in /builds/slave/test/build/venv/lib/python2.7/site-packages (from -r /builds/slave/test/build/tests/config/mozbase_requirements.txt (line 4))
16:59:52     INFO -  Processing /builds/slave/test/build/tests/mozbase/mozfile
16:59:52     INFO -    Requirement already satisfied (use --upgrade to upgrade): mozfile==1.2 from file:///builds/slave/test/build/tests/mozbase/mozfile in /builds/slave/test/build/venv/lib/python2.7/site-packages (from -r /builds/slave/test/build/tests/config/mozbase_requirements.txt (line 5))
16:59:52     INFO -  Processing /builds/slave/test/build/tests/mozbase/mozhttpd
16:59:53     INFO -    Requirement already satisfied (use --upgrade to upgrade): mozhttpd==0.7 from file:///builds/slave/test/build/tests/mozbase/mozhttpd in /builds/slave/test/build/venv/lib/python2.7/site-packages (from -r /builds/slave/test/build/tests/config/mozbase_requirements.txt (line 6))
16:59:53     INFO -  Processing /builds/slave/test/build/tests/mozbase/mozinfo
16:59:53     INFO -    Requirement already satisfied (use --upgrade to upgrade): mozinfo==0.9 from file:///builds/slave/test/build/tests/mozbase/mozinfo in /builds/slave/test/build/venv/lib/python2.7/site-packages (from -r /builds/slave/test/build/tests/config/mozbase_requirements.txt (line 7))
16:59:53     INFO -  Processing /builds/slave/test/build/tests/mozbase/mozinstall
16:59:53     INFO -    Requirement already satisfied (use --upgrade to upgrade): mozInstall==1.12 from file:///builds/slave/test/build/tests/mozbase/mozinstall in /builds/slave/test/build/venv/lib/python2.7/site-packages (from -r /builds/slave/test/build/tests/config/mozbase_requirements.txt (line 8))
16:59:53     INFO -  Processing /builds/slave/test/build/tests/mozbase/mozleak
16:59:53     INFO -    Requirement already satisfied (use --upgrade to upgrade): mozleak==0.1 from file:///builds/slave/test/build/tests/mozbase/mozleak in /builds/slave/test/build/venv/lib/python2.7/site-packages (from -r /builds/slave/test/build/tests/config/mozbase_requirements.txt (line 9))
16:59:53     INFO -  Processing /builds/slave/test/build/tests/mozbase/mozlog
16:59:54     INFO -    Requirement already satisfied (use --upgrade to upgrade): mozlog==3.4 from file:///builds/slave/test/build/tests/mozbase/mozlog in /builds/slave/test/build/venv/lib/python2.7/site-packages (from -r /builds/slave/test/build/tests/config/mozbase_requirements.txt (line 10))
16:59:54     INFO -  Processing /builds/slave/test/build/tests/mozbase/moznetwork
16:59:54     INFO -    Requirement already satisfied (use --upgrade to upgrade): moznetwork==0.27 from file:///builds/slave/test/build/tests/mozbase/moznetwork in /builds/slave/test/build/venv/lib/python2.7/site-packages (from -r /builds/slave/test/build/tests/config/mozbase_requirements.txt (line 11))
16:59:54     INFO -  Processing /builds/slave/test/build/tests/mozbase/mozprocess
16:59:54     INFO -    Requirement already satisfied (use --upgrade to upgrade): mozprocess==0.23 from file:///builds/slave/test/build/tests/mozbase/mozprocess in /builds/slave/test/build/venv/lib/python2.7/site-packages (from -r /builds/slave/test/build/tests/config/mozbase_requirements.txt (line 12))
16:59:54     INFO -  Processing /builds/slave/test/build/tests/mozbase/mozprofile
16:59:54     INFO -    Requirement already satisfied (use --upgrade to upgrade): mozprofile==0.28 from file:///builds/slave/test/build/tests/mozbase/mozprofile in /builds/slave/test/build/venv/lib/python2.7/site-packages (from -r /builds/slave/test/build/tests/config/mozbase_requirements.txt (line 13))
16:59:54     INFO -  Processing /builds/slave/test/build/tests/mozbase/mozrunner
16:59:55     INFO -    Requirement already satisfied (use --upgrade to upgrade): mozrunner==6.13 from file:///builds/slave/test/build/tests/mozbase/mozrunner in /builds/slave/test/build/venv/lib/python2.7/site-packages (from -r /builds/slave/test/build/tests/config/mozbase_requirements.txt (line 14))
16:59:55     INFO -  Processing /builds/slave/test/build/tests/mozbase/mozscreenshot
16:59:55     INFO -    Requirement already satisfied (use --upgrade to upgrade): mozscreenshot==0.1 from file:///builds/slave/test/build/tests/mozbase/mozscreenshot in /builds/slave/test/build/venv/lib/python2.7/site-packages (from -r /builds/slave/test/build/tests/config/mozbase_requirements.txt (line 15))
16:59:55     INFO -  Processing /builds/slave/test/build/tests/mozbase/moztest
16:59:55     INFO -    Requirement already satisfied (use --upgrade to upgrade): moztest==0.8 from file:///builds/slave/test/build/tests/mozbase/moztest in /builds/slave/test/build/venv/lib/python2.7/site-packages (from -r /builds/slave/test/build/tests/config/mozbase_requirements.txt (line 16))
16:59:55     INFO -  Processing /builds/slave/test/build/tests/mozbase/mozversion
16:59:55     INFO -    Requirement already satisfied (use --upgrade to upgrade): mozversion==1.4 from file:///builds/slave/test/build/tests/mozbase/mozversion in /builds/slave/test/build/venv/lib/python2.7/site-packages (from -r /builds/slave/test/build/tests/config/mozbase_requirements.txt (line 17))
16:59:55     INFO -  Processing /builds/slave/test/build/tests/tools/wptserve
16:59:56     INFO -  Processing /builds/slave/test/build/tests/marionette/client
16:59:56     INFO -  Processing /builds/slave/test/build/tests/marionette/harness/marionette_harness/runner/mixins/browsermob-proxy-py
16:59:56     INFO -  Processing /builds/slave/test/build/tests/marionette/harness
16:59:56     INFO -  Processing /builds/slave/test/build/tests/marionette/puppeteer/firefox
16:59:57     INFO -  Building wheels for collected packages: browsermob-proxy
16:59:57     INFO -    Running setup.py bdist_wheel for browsermob-proxy: started
16:59:57     INFO -    Running setup.py bdist_wheel for browsermob-proxy: finished with status 'done'
16:59:57     INFO -    Stored in directory: /Users/cltbld/Library/Caches/pip/wheels/10/00/c1/79bb793b6a7eb4dca9dfd244010f550ae5044951bcd23c261e
16:59:57     INFO -  Successfully built browsermob-proxy
16:59:57     INFO -  Installing collected packages: wptserve, marionette-driver, browsermob-proxy, marionette-harness, firefox-puppeteer
16:59:57     INFO -    Running setup.py install for wptserve: started
16:59:57     INFO -      Running setup.py install for wptserve: finished with status 'done'
16:59:57     INFO -    Running setup.py install for marionette-driver: started
16:59:58     INFO -      Running setup.py install for marionette-driver: finished with status 'done'
16:59:58     INFO -    Running setup.py install for marionette-harness: started
16:59:58     INFO -      Running setup.py install for marionette-harness: finished with status 'done'
16:59:58     INFO -    Running setup.py install for firefox-puppeteer: started
16:59:58     INFO -      Running setup.py install for firefox-puppeteer: finished with status 'done'
16:59:59     INFO -  Successfully installed browsermob-proxy-0.6.0 firefox-puppeteer-52.1.0 marionette-driver-2.2.0 marionette-harness-4.0.0 wptserve-1.4.0
16:59:59     INFO - Return code: 0
16:59:59     INFO - Installing None into virtualenv /builds/slave/test/build/venv
16:59:59     INFO - retry: Calling run_command with args: [['/builds/slave/test/build/venv/bin/pip', 'install', '--timeout', '120', '-r', '/builds/slave/test/build/tests/config/marionette_requirements.txt', '--no-index', '--find-links', 'http://pypi.pvt.build.mozilla.org/pub', '--find-links', 'http://pypi.pub.build.mozilla.org/pub', '--trusted-host', 'pypi.pub.build.mozilla.org', '--trusted-host', 'pypi.pvt.build.mozilla.org']], kwargs: {'error_level': 'warning', 'error_list': [{'substr': 'not found or a compiler error:', 'level': 'warning'}, {'regex': <_sre.SRE_Pattern object at 0x10b96c170>, 'level': 'error'}, {'regex': <_sre.SRE_Pattern object at 0x10ba0e960>, 'level': 'warning'}, {'regex': <_sre.SRE_Pattern object at 0x7fa6a8c37630>, 'level': 'debug'}, {'substr': 'command not found', 'level': 'error'}, {'regex': <_sre.SRE_Pattern object at 0x10b8ff1d0>, 'level': 'warning'}, {'substr': 'Traceback (most recent call last)', 'level': 'error'}, {'substr': 'SyntaxError: ', 'level': 'error'}, {'substr': 'TypeError: ', 'level': 'error'}, {'substr': 'NameError: ', 'level': 'error'}, {'substr': 'ZeroDivisionError: ', 'level': 'error'}, {'regex': <_sre.SRE_Pattern object at 0x10b8da108>, 'level': 'critical'}, {'regex': <_sre.SRE_Pattern object at 0x10b8f4030>, 'level': 'critical'}], 'cwd': '/builds/slave/test/build/tests/config', 'env': {'VERSIONER_PYTHON_PREFER_32_BIT': 'no', 'LOGNAME': 'cltbld', 'USER': 'cltbld', 'XPC_SERVICE_NAME': '0', 'PATH': '/usr/local/sbin:/usr/local/bin:/usr/sbin:/usr/bin:/sbin:/bin:/usr/bin/X11', 'HOME': '/Users/cltbld', 'NO_EM_RESTART': '1', 'IDLEIZER_DISABLE_SHUTDOWN': 'true', 'XPCOM_DEBUG_BREAK': 'warn', 'Apple_PubSub_Socket_Render': '/private/tmp/com.apple.launchd.KoKFenoEQd/Render', 'MOZ_NODE_PATH': '/usr/local/bin/node', 'TWISTD_LOG_PATH': '/builds/slave/twistd.log', 'GIT_SHARE_BASE_DIR': '/builds/git-shared', 'VERSIONER_PYTHON_VERSION': '2.7', 'XPC_FLAGS': '0x0', 'NO_FAIL_ON_TEST_ERRORS': '1', 'HG_SHARE_BASE_DIR': '/builds/hg-shared', 'RUNNER_CONFIG_CMD': '/opt/runner/bin/python2.7 /opt/runner/bin/runner -c /opt/runner/runner.cfg', 'MOZ_NO_REMOTE': '1', 'MOZ_HIDE_RESULTS_TABLE': '1', 'SSH_AUTH_SOCK': '/private/tmp/com.apple.launchd.n4ArF2ySLx/Listeners', 'SHELL': '/bin/bash', 'TMPDIR': '/var/folders/gn/xbcbs14n34b0c1zwmd5rz72800000w/T/', '__CF_USER_TEXT_ENCODING': '0x1C:0:0', 'PWD': '/builds/slave/test', 'PROPERTIES_FILE': '/builds/slave/test/buildprops.json'}}, attempt #1
16:59:59     INFO - Running command: ['/builds/slave/test/build/venv/bin/pip', 'install', '--timeout', '120', '-r', '/builds/slave/test/build/tests/config/marionette_requirements.txt', '--no-index', '--find-links', 'http://pypi.pvt.build.mozilla.org/pub', '--find-links', 'http://pypi.pub.build.mozilla.org/pub', '--trusted-host', 'pypi.pub.build.mozilla.org', '--trusted-host', 'pypi.pvt.build.mozilla.org'] in /builds/slave/test/build/tests/config
16:59:59     INFO - Copy/paste: /builds/slave/test/build/venv/bin/pip install --timeout 120 -r /builds/slave/test/build/tests/config/marionette_requirements.txt --no-index --find-links http://pypi.pvt.build.mozilla.org/pub --find-links http://pypi.pub.build.mozilla.org/pub --trusted-host pypi.pub.build.mozilla.org --trusted-host pypi.pvt.build.mozilla.org
16:59:59     INFO - Using env: {'Apple_PubSub_Socket_Render': '/private/tmp/com.apple.launchd.KoKFenoEQd/Render',
16:59:59     INFO -  'GIT_SHARE_BASE_DIR': '/builds/git-shared',
16:59:59     INFO -  'HG_SHARE_BASE_DIR': '/builds/hg-shared',
16:59:59     INFO -  'HOME': '/Users/cltbld',
16:59:59     INFO -  'IDLEIZER_DISABLE_SHUTDOWN': 'true',
16:59:59     INFO -  'LOGNAME': 'cltbld',
16:59:59     INFO -  'MOZ_HIDE_RESULTS_TABLE': '1',
16:59:59     INFO -  'MOZ_NODE_PATH': '/usr/local/bin/node',
16:59:59     INFO -  'MOZ_NO_REMOTE': '1',
16:59:59     INFO -  'NO_EM_RESTART': '1',
16:59:59     INFO -  'NO_FAIL_ON_TEST_ERRORS': '1',
16:59:59     INFO -  'PATH': '/usr/local/sbin:/usr/local/bin:/usr/sbin:/usr/bin:/sbin:/bin:/usr/bin/X11',
16:59:59     INFO -  'PROPERTIES_FILE': '/builds/slave/test/buildprops.json',
16:59:59     INFO -  'PWD': '/builds/slave/test',
16:59:59     INFO -  'RUNNER_CONFIG_CMD': '/opt/runner/bin/python2.7 /opt/runner/bin/runner -c /opt/runner/runner.cfg',
16:59:59     INFO -  'SHELL': '/bin/bash',
16:59:59     INFO -  'SSH_AUTH_SOCK': '/private/tmp/com.apple.launchd.n4ArF2ySLx/Listeners',
16:59:59     INFO -  'TMPDIR': '/var/folders/gn/xbcbs14n34b0c1zwmd5rz72800000w/T/',
16:59:59     INFO -  'TWISTD_LOG_PATH': '/builds/slave/twistd.log',
16:59:59     INFO -  'USER': 'cltbld',
16:59:59     INFO -  'VERSIONER_PYTHON_PREFER_32_BIT': 'no',
16:59:59     INFO -  'VERSIONER_PYTHON_VERSION': '2.7',
16:59:59     INFO -  'XPCOM_DEBUG_BREAK': 'warn',
16:59:59     INFO -  'XPC_FLAGS': '0x0',
16:59:59     INFO -  'XPC_SERVICE_NAME': '0',
16:59:59     INFO -  '__CF_USER_TEXT_ENCODING': '0x1C:0:0'}
16:59:59     INFO -  Ignoring indexes: https://pypi.python.org/simple
16:59:59     INFO -  Processing /builds/slave/test/build/tests/mozbase/manifestparser
17:00:00     INFO -    Requirement already satisfied (use --upgrade to upgrade): manifestparser==1.1 from file:///builds/slave/test/build/tests/mozbase/manifestparser in /builds/slave/test/build/venv/lib/python2.7/site-packages (from -r /builds/slave/test/build/tests/config/mozbase_requirements.txt (line 1))
17:00:00     INFO -  Processing /builds/slave/test/build/tests/mozbase/mozcrash
17:00:00     INFO -    Requirement already satisfied (use --upgrade to upgrade): mozcrash==1.0 from file:///builds/slave/test/build/tests/mozbase/mozcrash in /builds/slave/test/build/venv/lib/python2.7/site-packages (from -r /builds/slave/test/build/tests/config/mozbase_requirements.txt (line 2))
17:00:00     INFO -  Processing /builds/slave/test/build/tests/mozbase/mozdebug
17:00:00     INFO -    Requirement already satisfied (use --upgrade to upgrade): mozdebug==0.1 from file:///builds/slave/test/build/tests/mozbase/mozdebug in /builds/slave/test/build/venv/lib/python2.7/site-packages (from -r /builds/slave/test/build/tests/config/mozbase_requirements.txt (line 3))
17:00:00     INFO -  Processing /builds/slave/test/build/tests/mozbase/mozdevice
17:00:01     INFO -    Requirement already satisfied (use --upgrade to upgrade): mozdevice==0.48 from file:///builds/slave/test/build/tests/mozbase/mozdevice in /builds/slave/test/build/venv/lib/python2.7/site-packages (from -r /builds/slave/test/build/tests/config/mozbase_requirements.txt (line 4))
17:00:01     INFO -  Processing /builds/slave/test/build/tests/mozbase/mozfile
17:00:01     INFO -    Requirement already satisfied (use --upgrade to upgrade): mozfile==1.2 from file:///builds/slave/test/build/tests/mozbase/mozfile in /builds/slave/test/build/venv/lib/python2.7/site-packages (from -r /builds/slave/test/build/tests/config/mozbase_requirements.txt (line 5))
17:00:01     INFO -  Processing /builds/slave/test/build/tests/mozbase/mozhttpd
17:00:01     INFO -    Requirement already satisfied (use --upgrade to upgrade): mozhttpd==0.7 from file:///builds/slave/test/build/tests/mozbase/mozhttpd in /builds/slave/test/build/venv/lib/python2.7/site-packages (from -r /builds/slave/test/build/tests/config/mozbase_requirements.txt (line 6))
17:00:01     INFO -  Processing /builds/slave/test/build/tests/mozbase/mozinfo
17:00:01     INFO -    Requirement already satisfied (use --upgrade to upgrade): mozinfo==0.9 from file:///builds/slave/test/build/tests/mozbase/mozinfo in /builds/slave/test/build/venv/lib/python2.7/site-packages (from -r /builds/slave/test/build/tests/config/mozbase_requirements.txt (line 7))
17:00:01     INFO -  Processing /builds/slave/test/build/tests/mozbase/mozinstall
17:00:02     INFO -    Requirement already satisfied (use --upgrade to upgrade): mozInstall==1.12 from file:///builds/slave/test/build/tests/mozbase/mozinstall in /builds/slave/test/build/venv/lib/python2.7/site-packages (from -r /builds/slave/test/build/tests/config/mozbase_requirements.txt (line 8))
17:00:02     INFO -  Processing /builds/slave/test/build/tests/mozbase/mozleak
17:00:02     INFO -    Requirement already satisfied (use --upgrade to upgrade): mozleak==0.1 from file:///builds/slave/test/build/tests/mozbase/mozleak in /builds/slave/test/build/venv/lib/python2.7/site-packages (from -r /builds/slave/test/build/tests/config/mozbase_requirements.txt (line 9))
17:00:02     INFO -  Processing /builds/slave/test/build/tests/mozbase/mozlog
17:00:02     INFO -    Requirement already satisfied (use --upgrade to upgrade): mozlog==3.4 from file:///builds/slave/test/build/tests/mozbase/mozlog in /builds/slave/test/build/venv/lib/python2.7/site-packages (from -r /builds/slave/test/build/tests/config/mozbase_requirements.txt (line 10))
17:00:02     INFO -  Processing /builds/slave/test/build/tests/mozbase/moznetwork
17:00:02     INFO -    Requirement already satisfied (use --upgrade to upgrade): moznetwork==0.27 from file:///builds/slave/test/build/tests/mozbase/moznetwork in /builds/slave/test/build/venv/lib/python2.7/site-packages (from -r /builds/slave/test/build/tests/config/mozbase_requirements.txt (line 11))
17:00:02     INFO -  Processing /builds/slave/test/build/tests/mozbase/mozprocess
17:00:03     INFO -    Requirement already satisfied (use --upgrade to upgrade): mozprocess==0.23 from file:///builds/slave/test/build/tests/mozbase/mozprocess in /builds/slave/test/build/venv/lib/python2.7/site-packages (from -r /builds/slave/test/build/tests/config/mozbase_requirements.txt (line 12))
17:00:03     INFO -  Processing /builds/slave/test/build/tests/mozbase/mozprofile
17:00:03     INFO -    Requirement already satisfied (use --upgrade to upgrade): mozprofile==0.28 from file:///builds/slave/test/build/tests/mozbase/mozprofile in /builds/slave/test/build/venv/lib/python2.7/site-packages (from -r /builds/slave/test/build/tests/config/mozbase_requirements.txt (line 13))
17:00:03     INFO -  Processing /builds/slave/test/build/tests/mozbase/mozrunner
17:00:03     INFO -    Requirement already satisfied (use --upgrade to upgrade): mozrunner==6.13 from file:///builds/slave/test/build/tests/mozbase/mozrunner in /builds/slave/test/build/venv/lib/python2.7/site-packages (from -r /builds/slave/test/build/tests/config/mozbase_requirements.txt (line 14))
17:00:03     INFO -  Processing /builds/slave/test/build/tests/mozbase/mozscreenshot
17:00:03     INFO -    Requirement already satisfied (use --upgrade to upgrade): mozscreenshot==0.1 from file:///builds/slave/test/build/tests/mozbase/mozscreenshot in /builds/slave/test/build/venv/lib/python2.7/site-packages (from -r /builds/slave/test/build/tests/config/mozbase_requirements.txt (line 15))
17:00:03     INFO -  Processing /builds/slave/test/build/tests/mozbase/moztest
17:00:04     INFO -    Requirement already satisfied (use --upgrade to upgrade): moztest==0.8 from file:///builds/slave/test/build/tests/mozbase/moztest in /builds/slave/test/build/venv/lib/python2.7/site-packages (from -r /builds/slave/test/build/tests/config/mozbase_requirements.txt (line 16))
17:00:04     INFO -  Processing /builds/slave/test/build/tests/mozbase/mozversion
17:00:04     INFO -    Requirement already satisfied (use --upgrade to upgrade): mozversion==1.4 from file:///builds/slave/test/build/tests/mozbase/mozversion in /builds/slave/test/build/venv/lib/python2.7/site-packages (from -r /builds/slave/test/build/tests/config/mozbase_requirements.txt (line 17))
17:00:04     INFO -  Processing /builds/slave/test/build/tests/tools/wptserve
17:00:04     INFO -    Requirement already satisfied (use --upgrade to upgrade): wptserve==1.4.0 from file:///builds/slave/test/build/tests/tools/wptserve in /builds/slave/test/build/venv/lib/python2.7/site-packages (from -r /builds/slave/test/build/tests/config/marionette_requirements.txt (line 3))
17:00:04     INFO -  Processing /builds/slave/test/build/tests/marionette/client
17:00:04     INFO -    Requirement already satisfied (use --upgrade to upgrade): marionette-driver==2.2.0 from file:///builds/slave/test/build/tests/marionette/client in /builds/slave/test/build/venv/lib/python2.7/site-packages (from -r /builds/slave/test/build/tests/config/marionette_requirements.txt (line 4))
17:00:04     INFO -  Processing /builds/slave/test/build/tests/marionette/harness/marionette_harness/runner/mixins/browsermob-proxy-py
17:00:05     INFO -    Requirement already satisfied (use --upgrade to upgrade): browsermob-proxy==0.6.0 from file:///builds/slave/test/build/tests/marionette/harness/marionette_harness/runner/mixins/browsermob-proxy-py in /builds/slave/test/build/venv/lib/python2.7/site-packages (from -r /builds/slave/test/build/tests/config/marionette_requirements.txt (line 5))
17:00:05     INFO -  Processing /builds/slave/test/build/tests/marionette/harness
17:00:05     INFO -    Requirement already satisfied (use --upgrade to upgrade): marionette-harness==4.0.0 from file:///builds/slave/test/build/tests/marionette/harness in /builds/slave/test/build/venv/lib/python2.7/site-packages (from -r /builds/slave/test/build/tests/config/marionette_requirements.txt (line 6))
17:00:05     INFO -  Processing /builds/slave/test/build/tests/marionette/puppeteer/firefox
17:00:05     INFO -    Requirement already satisfied (use --upgrade to upgrade): firefox-puppeteer==52.1.0 from file:///builds/slave/test/build/tests/marionette/puppeteer/firefox in /builds/slave/test/build/venv/lib/python2.7/site-packages (from -r /builds/slave/test/build/tests/config/marionette_requirements.txt (line 9))
17:00:05     INFO -  Requirement already satisfied (use --upgrade to upgrade): mozfile>=1.0 in /builds/slave/test/build/venv/lib/python2.7/site-packages (from mozcrash==1.0->-r /builds/slave/test/build/tests/config/mozbase_requirements.txt (line 2))
17:00:05     INFO -  Requirement already satisfied (use --upgrade to upgrade): mozlog>=3.0 in /builds/slave/test/build/venv/lib/python2.7/site-packages (from mozcrash==1.0->-r /builds/slave/test/build/tests/config/mozbase_requirements.txt (line 2))
17:00:05     INFO -  Requirement already satisfied (use --upgrade to upgrade): mozinfo in /builds/slave/test/build/venv/lib/python2.7/site-packages (from mozdebug==0.1->-r /builds/slave/test/build/tests/config/mozbase_requirements.txt (line 3))
17:00:05     INFO -  Requirement already satisfied (use --upgrade to upgrade): moznetwork>=0.24 in /builds/slave/test/build/venv/lib/python2.7/site-packages (from mozdevice==0.48->-r /builds/slave/test/build/tests/config/mozbase_requirements.txt (line 4))
17:00:05     INFO -  Requirement already satisfied (use --upgrade to upgrade): mozprocess>=0.19 in /builds/slave/test/build/venv/lib/python2.7/site-packages (from mozdevice==0.48->-r /builds/slave/test/build/tests/config/mozbase_requirements.txt (line 4))
17:00:05     INFO -  Requirement already satisfied (use --upgrade to upgrade): blessings>=1.3 in /builds/slave/test/build/venv/lib/python2.7/site-packages (from mozlog==3.4->-r /builds/slave/test/build/tests/config/mozbase_requirements.txt (line 10))
17:00:05     INFO -  Requirement already satisfied (use --upgrade to upgrade): requests>=1.1.0 in /builds/slave/test/build/venv/lib/python2.7/site-packages (from browsermob-proxy==0.6.0->-r /builds/slave/test/build/tests/config/marionette_requirements.txt (line 5))
17:00:05     INFO -  Building wheels for collected packages: browsermob-proxy
17:00:05     INFO -    Running setup.py bdist_wheel for browsermob-proxy: started
17:00:06     INFO -    Running setup.py bdist_wheel for browsermob-proxy: finished with status 'done'
17:00:06     INFO -    Stored in directory: /Users/cltbld/Library/Caches/pip/wheels/10/00/c1/79bb793b6a7eb4dca9dfd244010f550ae5044951bcd23c261e
17:00:06     INFO -  Successfully built browsermob-proxy
17:00:06     INFO - Return code: 0
17:00:06     INFO - Installing None into virtualenv /builds/slave/test/build/venv
17:00:06     INFO - retry: Calling run_command with args: [['/builds/slave/test/build/venv/bin/pip', 'install', '--no-deps', '--timeout', '120', '-r', '/builds/slave/test/build/tests/mochitest/websocketprocessbridge/websocketprocessbridge_requirements.txt', '--no-index', '--find-links', 'http://pypi.pvt.build.mozilla.org/pub', '--find-links', 'http://pypi.pub.build.mozilla.org/pub', '--trusted-host', 'pypi.pub.build.mozilla.org', '--trusted-host', 'pypi.pvt.build.mozilla.org']], kwargs: {'error_level': 'warning', 'error_list': [{'substr': 'not found or a compiler error:', 'level': 'warning'}, {'regex': <_sre.SRE_Pattern object at 0x10b96c170>, 'level': 'error'}, {'regex': <_sre.SRE_Pattern object at 0x10ba0e960>, 'level': 'warning'}, {'regex': <_sre.SRE_Pattern object at 0x7fa6a8c37630>, 'level': 'debug'}, {'substr': 'command not found', 'level': 'error'}, {'regex': <_sre.SRE_Pattern object at 0x10b8ff1d0>, 'level': 'warning'}, {'substr': 'Traceback (most recent call last)', 'level': 'error'}, {'substr': 'SyntaxError: ', 'level': 'error'}, {'substr': 'TypeError: ', 'level': 'error'}, {'substr': 'NameError: ', 'level': 'error'}, {'substr': 'ZeroDivisionError: ', 'level': 'error'}, {'regex': <_sre.SRE_Pattern object at 0x10b8da108>, 'level': 'critical'}, {'regex': <_sre.SRE_Pattern object at 0x10b8f4030>, 'level': 'critical'}], 'cwd': '/builds/slave/test/build/tests/mochitest/websocketprocessbridge', 'env': {'VERSIONER_PYTHON_PREFER_32_BIT': 'no', 'LOGNAME': 'cltbld', 'USER': 'cltbld', 'XPC_SERVICE_NAME': '0', 'PATH': '/usr/local/sbin:/usr/local/bin:/usr/sbin:/usr/bin:/sbin:/bin:/usr/bin/X11', 'HOME': '/Users/cltbld', 'NO_EM_RESTART': '1', 'IDLEIZER_DISABLE_SHUTDOWN': 'true', 'XPCOM_DEBUG_BREAK': 'warn', 'Apple_PubSub_Socket_Render': '/private/tmp/com.apple.launchd.KoKFenoEQd/Render', 'MOZ_NODE_PATH': '/usr/local/bin/node', 'TWISTD_LOG_PATH': '/builds/slave/twistd.log', 'GIT_SHARE_BASE_DIR': '/builds/git-shared', 'VERSIONER_PYTHON_VERSION': '2.7', 'XPC_FLAGS': '0x0', 'NO_FAIL_ON_TEST_ERRORS': '1', 'HG_SHARE_BASE_DIR': '/builds/hg-shared', 'RUNNER_CONFIG_CMD': '/opt/runner/bin/python2.7 /opt/runner/bin/runner -c /opt/runner/runner.cfg', 'MOZ_NO_REMOTE': '1', 'MOZ_HIDE_RESULTS_TABLE': '1', 'SSH_AUTH_SOCK': '/private/tmp/com.apple.launchd.n4ArF2ySLx/Listeners', 'SHELL': '/bin/bash', 'TMPDIR': '/var/folders/gn/xbcbs14n34b0c1zwmd5rz72800000w/T/', '__CF_USER_TEXT_ENCODING': '0x1C:0:0', 'PWD': '/builds/slave/test', 'PROPERTIES_FILE': '/builds/slave/test/buildprops.json'}}, attempt #1
17:00:06     INFO - Running command: ['/builds/slave/test/build/venv/bin/pip', 'install', '--no-deps', '--timeout', '120', '-r', '/builds/slave/test/build/tests/mochitest/websocketprocessbridge/websocketprocessbridge_requirements.txt', '--no-index', '--find-links', 'http://pypi.pvt.build.mozilla.org/pub', '--find-links', 'http://pypi.pub.build.mozilla.org/pub', '--trusted-host', 'pypi.pub.build.mozilla.org', '--trusted-host', 'pypi.pvt.build.mozilla.org'] in /builds/slave/test/build/tests/mochitest/websocketprocessbridge
17:00:06     INFO - Copy/paste: /builds/slave/test/build/venv/bin/pip install --no-deps --timeout 120 -r /builds/slave/test/build/tests/mochitest/websocketprocessbridge/websocketprocessbridge_requirements.txt --no-index --find-links http://pypi.pvt.build.mozilla.org/pub --find-links http://pypi.pub.build.mozilla.org/pub --trusted-host pypi.pub.build.mozilla.org --trusted-host pypi.pvt.build.mozilla.org
17:00:06     INFO - Using env: {'Apple_PubSub_Socket_Render': '/private/tmp/com.apple.launchd.KoKFenoEQd/Render',
17:00:06     INFO -  'GIT_SHARE_BASE_DIR': '/builds/git-shared',
17:00:06     INFO -  'HG_SHARE_BASE_DIR': '/builds/hg-shared',
17:00:06     INFO -  'HOME': '/Users/cltbld',
17:00:06     INFO -  'IDLEIZER_DISABLE_SHUTDOWN': 'true',
17:00:06     INFO -  'LOGNAME': 'cltbld',
17:00:06     INFO -  'MOZ_HIDE_RESULTS_TABLE': '1',
17:00:06     INFO -  'MOZ_NODE_PATH': '/usr/local/bin/node',
17:00:06     INFO -  'MOZ_NO_REMOTE': '1',
17:00:06     INFO -  'NO_EM_RESTART': '1',
17:00:06     INFO -  'NO_FAIL_ON_TEST_ERRORS': '1',
17:00:06     INFO -  'PATH': '/usr/local/sbin:/usr/local/bin:/usr/sbin:/usr/bin:/sbin:/bin:/usr/bin/X11',
17:00:06     INFO -  'PROPERTIES_FILE': '/builds/slave/test/buildprops.json',
17:00:06     INFO -  'PWD': '/builds/slave/test',
17:00:06     INFO -  'RUNNER_CONFIG_CMD': '/opt/runner/bin/python2.7 /opt/runner/bin/runner -c /opt/runner/runner.cfg',
17:00:06     INFO -  'SHELL': '/bin/bash',
17:00:06     INFO -  'SSH_AUTH_SOCK': '/private/tmp/com.apple.launchd.n4ArF2ySLx/Listeners',
17:00:06     INFO -  'TMPDIR': '/var/folders/gn/xbcbs14n34b0c1zwmd5rz72800000w/T/',
17:00:06     INFO -  'TWISTD_LOG_PATH': '/builds/slave/twistd.log',
17:00:06     INFO -  'USER': 'cltbld',
17:00:06     INFO -  'VERSIONER_PYTHON_PREFER_32_BIT': 'no',
17:00:06     INFO -  'VERSIONER_PYTHON_VERSION': '2.7',
17:00:06     INFO -  'XPCOM_DEBUG_BREAK': 'warn',
17:00:06     INFO -  'XPC_FLAGS': '0x0',
17:00:06     INFO -  'XPC_SERVICE_NAME': '0',
17:00:06     INFO -  '__CF_USER_TEXT_ENCODING': '0x1C:0:0'}
17:00:06     INFO -  Ignoring indexes: https://pypi.python.org/simple
17:00:06     INFO -  Requirement already satisfied (use --upgrade to upgrade): six==1.10.0 in /builds/slave/test/build/venv/lib/python2.7/site-packages (from -r /builds/slave/test/build/tests/mochitest/websocketprocessbridge/websocketprocessbridge_requirements.txt (line 2))
17:00:06     INFO -  Collecting twisted==10.2.0 (from -r /builds/slave/test/build/tests/mochitest/websocketprocessbridge/websocketprocessbridge_requirements.txt (line 4))
17:00:06     INFO -  /builds/slave/test/build/venv/lib/python2.7/site-packages/pip/_vendor/requests/packages/urllib3/util/ssl_.py:318: SNIMissingWarning: An HTTPS request has been made, but the SNI (Subject Name Indication) extension to TLS is not available on this platform. This may cause the server to present an incorrect TLS certificate, which can cause validation failures. You can upgrade to a newer version of Python to solve this. For more information, see https://urllib3.readthedocs.org/en/latest/security.html#snimissingwarning.
17:00:06     INFO -    SNIMissingWarning
17:00:06     INFO -  /builds/slave/test/build/venv/lib/python2.7/site-packages/pip/_vendor/requests/packages/urllib3/util/ssl_.py:122: InsecurePlatformWarning: A true SSLContext object is not available. This prevents urllib3 from configuring SSL appropriately and may cause certain SSL connections to fail. You can upgrade to a newer version of Python to solve this. For more information, see https://urllib3.readthedocs.org/en/latest/security.html#insecureplatformwarning.
17:00:06     INFO -    InsecurePlatformWarning
17:00:08     INFO -  /builds/slave/test/build/venv/lib/python2.7/site-packages/pip/_vendor/requests/packages/urllib3/util/ssl_.py:122: InsecurePlatformWarning: A true SSLContext object is not available. This prevents urllib3 from configuring SSL appropriately and may cause certain SSL connections to fail. You can upgrade to a newer version of Python to solve this. For more information, see https://urllib3.readthedocs.org/en/latest/security.html#insecureplatformwarning.
17:00:08     INFO -    InsecurePlatformWarning
17:00:10     INFO -  Collecting txws==0.9.1 (from -r /builds/slave/test/build/tests/mochitest/websocketprocessbridge/websocketprocessbridge_requirements.txt (line 7))
17:00:12     INFO -  Requirement already satisfied (use --upgrade to upgrade): psutil==3.1.1 in /builds/slave/test/build/venv/lib/python2.7/site-packages (from -r /builds/slave/test/build/tests/mochitest/websocketprocessbridge/websocketprocessbridge_requirements.txt (line 9))
17:00:13     INFO -  Collecting ipaddr==2.1.11 (from -r /builds/slave/test/build/tests/mochitest/websocketprocessbridge/websocketprocessbridge_requirements.txt (line 12))
17:00:15     INFO -  Collecting passlib==1.6.5 (from -r /builds/slave/test/build/tests/mochitest/websocketprocessbridge/websocketprocessbridge_requirements.txt (line 13))
17:00:18     INFO -    Downloading https://pypi.pvt.build.mozilla.org/pub/passlib-1.6.5-py2.py3-none-any.whl (317kB)
17:00:18     INFO -  Installing collected packages: twisted, txws, ipaddr, passlib
17:00:21     INFO -  Successfully installed ipaddr-2.1.11 passlib-1.6.5 twisted-10.2.0 txws-0.9.1
17:00:21     INFO - Return code: 0
17:00:21     INFO - Installing None into virtualenv /builds/slave/test/build/venv
17:00:21     INFO - retry: Calling run_command with args: [['/builds/slave/test/build/venv/bin/pip', 'install', '--timeout', '120', '-r', '/builds/slave/test/build/tests/mochitest/websocketprocessbridge/websocketprocessbridge_requirements.txt', '--no-index', '--find-links', 'http://pypi.pvt.build.mozilla.org/pub', '--find-links', 'http://pypi.pub.build.mozilla.org/pub', '--trusted-host', 'pypi.pub.build.mozilla.org', '--trusted-host', 'pypi.pvt.build.mozilla.org']], kwargs: {'error_level': 'warning', 'error_list': [{'substr': 'not found or a compiler error:', 'level': 'warning'}, {'regex': <_sre.SRE_Pattern object at 0x10b96c170>, 'level': 'error'}, {'regex': <_sre.SRE_Pattern object at 0x10ba0e960>, 'level': 'warning'}, {'regex': <_sre.SRE_Pattern object at 0x7fa6a8c37630>, 'level': 'debug'}, {'substr': 'command not found', 'level': 'error'}, {'regex': <_sre.SRE_Pattern object at 0x10b8ff1d0>, 'level': 'warning'}, {'substr': 'Traceback (most recent call last)', 'level': 'error'}, {'substr': 'SyntaxError: ', 'level': 'error'}, {'substr': 'TypeError: ', 'level': 'error'}, {'substr': 'NameError: ', 'level': 'error'}, {'substr': 'ZeroDivisionError: ', 'level': 'error'}, {'regex': <_sre.SRE_Pattern object at 0x10b8da108>, 'level': 'critical'}, {'regex': <_sre.SRE_Pattern object at 0x10b8f4030>, 'level': 'critical'}], 'cwd': '/builds/slave/test/build/tests/mochitest/websocketprocessbridge', 'env': {'VERSIONER_PYTHON_PREFER_32_BIT': 'no', 'LOGNAME': 'cltbld', 'USER': 'cltbld', 'XPC_SERVICE_NAME': '0', 'PATH': '/usr/local/sbin:/usr/local/bin:/usr/sbin:/usr/bin:/sbin:/bin:/usr/bin/X11', 'HOME': '/Users/cltbld', 'NO_EM_RESTART': '1', 'IDLEIZER_DISABLE_SHUTDOWN': 'true', 'XPCOM_DEBUG_BREAK': 'warn', 'Apple_PubSub_Socket_Render': '/private/tmp/com.apple.launchd.KoKFenoEQd/Render', 'MOZ_NODE_PATH': '/usr/local/bin/node', 'TWISTD_LOG_PATH': '/builds/slave/twistd.log', 'GIT_SHARE_BASE_DIR': '/builds/git-shared', 'VERSIONER_PYTHON_VERSION': '2.7', 'XPC_FLAGS': '0x0', 'NO_FAIL_ON_TEST_ERRORS': '1', 'HG_SHARE_BASE_DIR': '/builds/hg-shared', 'RUNNER_CONFIG_CMD': '/opt/runner/bin/python2.7 /opt/runner/bin/runner -c /opt/runner/runner.cfg', 'MOZ_NO_REMOTE': '1', 'MOZ_HIDE_RESULTS_TABLE': '1', 'SSH_AUTH_SOCK': '/private/tmp/com.apple.launchd.n4ArF2ySLx/Listeners', 'SHELL': '/bin/bash', 'TMPDIR': '/var/folders/gn/xbcbs14n34b0c1zwmd5rz72800000w/T/', '__CF_USER_TEXT_ENCODING': '0x1C:0:0', 'PWD': '/builds/slave/test', 'PROPERTIES_FILE': '/builds/slave/test/buildprops.json'}}, attempt #1
17:00:21     INFO - Running command: ['/builds/slave/test/build/venv/bin/pip', 'install', '--timeout', '120', '-r', '/builds/slave/test/build/tests/mochitest/websocketprocessbridge/websocketprocessbridge_requirements.txt', '--no-index', '--find-links', 'http://pypi.pvt.build.mozilla.org/pub', '--find-links', 'http://pypi.pub.build.mozilla.org/pub', '--trusted-host', 'pypi.pub.build.mozilla.org', '--trusted-host', 'pypi.pvt.build.mozilla.org'] in /builds/slave/test/build/tests/mochitest/websocketprocessbridge
17:00:21     INFO - Copy/paste: /builds/slave/test/build/venv/bin/pip install --timeout 120 -r /builds/slave/test/build/tests/mochitest/websocketprocessbridge/websocketprocessbridge_requirements.txt --no-index --find-links http://pypi.pvt.build.mozilla.org/pub --find-links http://pypi.pub.build.mozilla.org/pub --trusted-host pypi.pub.build.mozilla.org --trusted-host pypi.pvt.build.mozilla.org
17:00:21     INFO - Using env: {'Apple_PubSub_Socket_Render': '/private/tmp/com.apple.launchd.KoKFenoEQd/Render',
17:00:21     INFO -  'GIT_SHARE_BASE_DIR': '/builds/git-shared',
17:00:21     INFO -  'HG_SHARE_BASE_DIR': '/builds/hg-shared',
17:00:21     INFO -  'HOME': '/Users/cltbld',
17:00:21     INFO -  'IDLEIZER_DISABLE_SHUTDOWN': 'true',
17:00:21     INFO -  'LOGNAME': 'cltbld',
17:00:21     INFO -  'MOZ_HIDE_RESULTS_TABLE': '1',
17:00:21     INFO -  'MOZ_NODE_PATH': '/usr/local/bin/node',
17:00:21     INFO -  'MOZ_NO_REMOTE': '1',
17:00:21     INFO -  'NO_EM_RESTART': '1',
17:00:21     INFO -  'NO_FAIL_ON_TEST_ERRORS': '1',
17:00:21     INFO -  'PATH': '/usr/local/sbin:/usr/local/bin:/usr/sbin:/usr/bin:/sbin:/bin:/usr/bin/X11',
17:00:21     INFO -  'PROPERTIES_FILE': '/builds/slave/test/buildprops.json',
17:00:21     INFO -  'PWD': '/builds/slave/test',
17:00:21     INFO -  'RUNNER_CONFIG_CMD': '/opt/runner/bin/python2.7 /opt/runner/bin/runner -c /opt/runner/runner.cfg',
17:00:21     INFO -  'SHELL': '/bin/bash',
17:00:21     INFO -  'SSH_AUTH_SOCK': '/private/tmp/com.apple.launchd.n4ArF2ySLx/Listeners',
17:00:21     INFO -  'TMPDIR': '/var/folders/gn/xbcbs14n34b0c1zwmd5rz72800000w/T/',
17:00:21     INFO -  'TWISTD_LOG_PATH': '/builds/slave/twistd.log',
17:00:21     INFO -  'USER': 'cltbld',
17:00:21     INFO -  'VERSIONER_PYTHON_PREFER_32_BIT': 'no',
17:00:21     INFO -  'VERSIONER_PYTHON_VERSION': '2.7',
17:00:21     INFO -  'XPCOM_DEBUG_BREAK': 'warn',
17:00:21     INFO -  'XPC_FLAGS': '0x0',
17:00:21     INFO -  'XPC_SERVICE_NAME': '0',
17:00:21     INFO -  '__CF_USER_TEXT_ENCODING': '0x1C:0:0'}
17:00:22     INFO -  Ignoring indexes: https://pypi.python.org/simple
17:00:22     INFO -  Requirement already satisfied (use --upgrade to upgrade): six==1.10.0 in /builds/slave/test/build/venv/lib/python2.7/site-packages (from -r /builds/slave/test/build/tests/mochitest/websocketprocessbridge/websocketprocessbridge_requirements.txt (line 2))
17:00:22     INFO -  Requirement already satisfied (use --upgrade to upgrade): twisted==10.2.0 in /builds/slave/test/build/venv/lib/python2.7/site-packages (from -r /builds/slave/test/build/tests/mochitest/websocketprocessbridge/websocketprocessbridge_requirements.txt (line 4))
17:00:22     INFO -  Requirement already satisfied (use --upgrade to upgrade): txws==0.9.1 in /builds/slave/test/build/venv/lib/python2.7/site-packages (from -r /builds/slave/test/build/tests/mochitest/websocketprocessbridge/websocketprocessbridge_requirements.txt (line 7))
17:00:22     INFO -  Requirement already satisfied (use --upgrade to upgrade): psutil==3.1.1 in /builds/slave/test/build/venv/lib/python2.7/site-packages (from -r /builds/slave/test/build/tests/mochitest/websocketprocessbridge/websocketprocessbridge_requirements.txt (line 9))
17:00:22     INFO -  Requirement already satisfied (use --upgrade to upgrade): ipaddr==2.1.11 in /builds/slave/test/build/venv/lib/python2.7/site-packages (from -r /builds/slave/test/build/tests/mochitest/websocketprocessbridge/websocketprocessbridge_requirements.txt (line 12))
17:00:22     INFO -  Requirement already satisfied (use --upgrade to upgrade): passlib==1.6.5 in /builds/slave/test/build/venv/lib/python2.7/site-packages (from -r /builds/slave/test/build/tests/mochitest/websocketprocessbridge/websocketprocessbridge_requirements.txt (line 13))
17:00:22     INFO -  Collecting zope.interface (from twisted==10.2.0->-r /builds/slave/test/build/tests/mochitest/websocketprocessbridge/websocketprocessbridge_requirements.txt (line 4))
17:00:22     INFO -  /builds/slave/test/build/venv/lib/python2.7/site-packages/pip/_vendor/requests/packages/urllib3/util/ssl_.py:318: SNIMissingWarning: An HTTPS request has been made, but the SNI (Subject Name Indication) extension to TLS is not available on this platform. This may cause the server to present an incorrect TLS certificate, which can cause validation failures. You can upgrade to a newer version of Python to solve this. For more information, see https://urllib3.readthedocs.org/en/latest/security.html#snimissingwarning.
17:00:22     INFO -    SNIMissingWarning
17:00:22     INFO -  /builds/slave/test/build/venv/lib/python2.7/site-packages/pip/_vendor/requests/packages/urllib3/util/ssl_.py:122: InsecurePlatformWarning: A true SSLContext object is not available. This prevents urllib3 from configuring SSL appropriately and may cause certain SSL connections to fail. You can upgrade to a newer version of Python to solve this. For more information, see https://urllib3.readthedocs.org/en/latest/security.html#insecureplatformwarning.
17:00:22     INFO -    InsecurePlatformWarning
17:00:23     INFO -  /builds/slave/test/build/venv/lib/python2.7/site-packages/pip/_vendor/requests/packages/urllib3/util/ssl_.py:122: InsecurePlatformWarning: A true SSLContext object is not available. This prevents urllib3 from configuring SSL appropriately and may cause certain SSL connections to fail. You can upgrade to a newer version of Python to solve this. For more information, see https://urllib3.readthedocs.org/en/latest/security.html#insecureplatformwarning.
17:00:23     INFO -    InsecurePlatformWarning
17:00:25     INFO -  Requirement already satisfied (use --upgrade to upgrade): setuptools in /builds/slave/test/build/venv/lib/python2.7/site-packages (from zope.interface->twisted==10.2.0->-r /builds/slave/test/build/tests/mochitest/websocketprocessbridge/websocketprocessbridge_requirements.txt (line 4))
17:00:25     INFO -  Installing collected packages: zope.interface
17:00:25     INFO -  Successfully installed zope.interface-4.0.2
17:00:25     INFO - Return code: 0
17:00:25     INFO - Done creating virtualenv /builds/slave/test/build/venv.
17:00:25     INFO - Getting output from command: ['/builds/slave/test/build/venv/bin/pip', 'freeze']
17:00:25     INFO - Copy/paste: /builds/slave/test/build/venv/bin/pip freeze
17:00:25     INFO - Reading from file tmpfile_stdout
17:00:25     INFO - Reading from file tmpfile_stderr
17:00:25     INFO - Current package versions:
17:00:25     INFO -   Twisted == 10.2.0
17:00:25     INFO -   blessings == 1.6
17:00:25     INFO -   blobuploader == 1.2.4
17:00:25     INFO -   browsermob-proxy == 0.6.0
17:00:25     INFO -   docopt == 0.6.1
17:00:25     INFO -   firefox-puppeteer == 52.1.0
17:00:25     INFO -   functools32 == 3.2.3.post2
17:00:25     INFO -   ipaddr == 2.1.11
17:00:25     INFO -   jsonschema == 2.5.1
17:00:25     INFO -   manifestparser == 1.1
17:00:25     INFO -   marionette-driver == 2.2.0
17:00:25     INFO -   marionette-harness == 4.0.0
17:00:25     INFO -   mock == 1.0.1
17:00:25     INFO -   mozInstall == 1.12
17:00:25     INFO -   mozcrash == 1.0
17:00:25     INFO -   mozdebug == 0.1
17:00:25     INFO -   mozdevice == 0.48
17:00:25     INFO -   mozfile == 1.2
17:00:25     INFO -   mozhttpd == 0.7
17:00:25     INFO -   mozinfo == 0.9
17:00:25     INFO -   mozleak == 0.1
17:00:25     INFO -   mozlog == 3.4
17:00:25     INFO -   moznetwork == 0.27
17:00:25     INFO -   mozprocess == 0.23
17:00:25     INFO -   mozprofile == 0.28
17:00:25     INFO -   mozrunner == 6.13
17:00:25     INFO -   mozscreenshot == 0.1
17:00:25     INFO -   mozsystemmonitor == 0.3
17:00:25     INFO -   moztest == 0.8
17:00:25     INFO -   mozversion == 1.4
17:00:25     INFO -   passlib == 1.6.5
17:00:25     INFO -   psutil == 3.1.1
17:00:25     INFO -   requests == 1.2.3
17:00:25     INFO -   simplejson == 3.3.0
17:00:25     INFO -   six == 1.10.0
17:00:25     INFO -   txWS == 0.9.1
17:00:25     INFO -   vcversioner == 2.16.0.0
17:00:25     INFO -   wptserve == 1.4.0
17:00:25     INFO -   zope.interface == 4.0.2
17:00:25     INFO - Running post-action listener: _resource_record_post_action
17:00:25     INFO - Running post-action listener: _start_resource_monitoring
17:00:25     INFO - Starting resource monitoring.
17:00:25     INFO - [mozharness: 2018-06-09 00:00:25.924686Z] Finished create-virtualenv step (success)
17:00:25     INFO - [mozharness: 2018-06-09 00:00:25.925645Z] Running install step.
17:00:25     INFO - Running pre-action listener: _resource_record_pre_action
17:00:25     INFO - Running main action method: install
17:00:25     INFO - Getting output from command: ['/builds/slave/test/build/venv/bin/pip', 'freeze']
17:00:25     INFO - Copy/paste: /builds/slave/test/build/venv/bin/pip freeze
17:00:26     INFO - Reading from file tmpfile_stdout
17:00:26     INFO - Reading from file tmpfile_stderr
17:00:26     INFO - Detecting whether we're running mozinstall >=1.0...
17:00:26     INFO - Getting output from command: ['/builds/slave/test/build/venv/bin/mozinstall', '-h']
17:00:26     INFO - Copy/paste: /builds/slave/test/build/venv/bin/mozinstall -h
17:00:26     INFO - Reading from file tmpfile_stdout
17:00:26     INFO - Output received:
17:00:26     INFO -  Usage: mozinstall [options] installer
17:00:26     INFO -  Options:
17:00:26     INFO -    -h, --help            show this help message and exit
17:00:26     INFO -    -d DEST, --destination=DEST
17:00:26     INFO -                          Directory to install application into. [default:
17:00:26     INFO -                          "/builds/slave/test"]
17:00:26     INFO -    --app=APP             Application being installed. [default: firefox]
17:00:26     INFO - mkdir: /builds/slave/test/build/application
17:00:26     INFO - Getting output from command: ['/builds/slave/test/build/venv/bin/mozinstall', '/builds/slave/test/installer.dmg', '--destination', '/builds/slave/test/build/application']
17:00:26     INFO - Copy/paste: /builds/slave/test/build/venv/bin/mozinstall /builds/slave/test/installer.dmg --destination /builds/slave/test/build/application
17:00:47     INFO - Reading from file tmpfile_stdout
17:00:47     INFO - Output received:
17:00:47     INFO -  /builds/slave/test/build/application/Firefox.app/Contents/MacOS/firefox
17:00:47     INFO - Running post-action listener: _resource_record_post_action
17:00:47     INFO - [mozharness: 2018-06-09 00:00:47.811152Z] Finished install step (success)
17:00:47     INFO - [mozharness: 2018-06-09 00:00:47.811310Z] Running stage-files step.
17:00:47     INFO - Running pre-action listener: _resource_record_pre_action
17:00:47     INFO - Running main action method: stage_files
17:00:47     INFO - Running post-action listener: _resource_record_post_action
17:00:47     INFO - [mozharness: 2018-06-09 00:00:47.811895Z] Finished stage-files step (success)
17:00:47     INFO - [mozharness: 2018-06-09 00:00:47.812017Z] Running run-tests step.
17:00:47     INFO - Running pre-action listener: _resource_record_pre_action
17:00:47     INFO - Running pre-action listener: _set_gcov_prefix
17:00:47     INFO - Running main action method: run_tests
17:00:47     INFO - #### Running mochitest suites
17:00:47     INFO - Structured output parser in use for mochitest.
17:00:47     INFO - grabbing minidump binary from tooltool
17:00:47     INFO - retry: Calling run_command with args: (['/tools/tooltool.py', '--url', 'https://api.pub.build.mozilla.org/tooltool/', '--authentication-file', '/builds/relengapi.tok', 'fetch', '-m', '/builds/slave/test/build/tests/config/tooltool-manifests/macosx64/releng.manifest', '-o', '-c', '/builds/tooltool_cache'],), kwargs: {'output_timeout': 600, 'error_list': [{'substr': 'command not found', 'level': 'error'}, {'regex': <_sre.SRE_Pattern object at 0x10b8ff1d0>, 'level': 'warning'}, {'substr': 'Traceback (most recent call last)', 'level': 'error'}, {'substr': 'SyntaxError: ', 'level': 'error'}, {'substr': 'TypeError: ', 'level': 'error'}, {'substr': 'NameError: ', 'level': 'error'}, {'substr': 'ZeroDivisionError: ', 'level': 'error'}, {'regex': <_sre.SRE_Pattern object at 0x10b8da108>, 'level': 'critical'}, {'regex': <_sre.SRE_Pattern object at 0x10b8f4030>, 'level': 'critical'}, {'substr': 'ERROR - ', 'level': 'error'}], 'cwd': '/builds/slave/test/build', 'privileged': False}, attempt #1
17:00:47     INFO - Running command: ['/tools/tooltool.py', '--url', 'https://api.pub.build.mozilla.org/tooltool/', '--authentication-file', '/builds/relengapi.tok', 'fetch', '-m', '/builds/slave/test/build/tests/config/tooltool-manifests/macosx64/releng.manifest', '-o', '-c', '/builds/tooltool_cache'] in /builds/slave/test/build
17:00:47     INFO - Copy/paste: /tools/tooltool.py --url https://api.pub.build.mozilla.org/tooltool/ --authentication-file /builds/relengapi.tok fetch -m /builds/slave/test/build/tests/config/tooltool-manifests/macosx64/releng.manifest -o -c /builds/tooltool_cache
17:00:47     INFO - Calling ['/tools/tooltool.py', '--url', 'https://api.pub.build.mozilla.org/tooltool/', '--authentication-file', '/builds/relengapi.tok', 'fetch', '-m', '/builds/slave/test/build/tests/config/tooltool-manifests/macosx64/releng.manifest', '-o', '-c', '/builds/tooltool_cache'] with output_timeout 600
17:00:47     INFO -  INFO - File macosx64-minidump_stackwalk retrieved from local cache /builds/tooltool_cache
17:00:47     INFO - Return code: 0
17:00:47     INFO - Chmoding /builds/slave/test/build/macosx64-minidump_stackwalk to 0755
17:00:47     INFO - grabbing nodejs binary from tooltool
17:00:47     INFO - retry: Calling run_command with args: (['/tools/tooltool.py', '--url', 'https://api.pub.build.mozilla.org/tooltool/', '--authentication-file', '/builds/relengapi.tok', 'fetch', '-m', '/builds/slave/test/build/tests/config/tooltool-manifests/macosx64/nodejs.manifest', '-o', '-c', '/builds/tooltool_cache'],), kwargs: {'output_timeout': 600, 'error_list': [{'substr': 'command not found', 'level': 'error'}, {'regex': <_sre.SRE_Pattern object at 0x10b8ff1d0>, 'level': 'warning'}, {'substr': 'Traceback (most recent call last)', 'level': 'error'}, {'substr': 'SyntaxError: ', 'level': 'error'}, {'substr': 'TypeError: ', 'level': 'error'}, {'substr': 'NameError: ', 'level': 'error'}, {'substr': 'ZeroDivisionError: ', 'level': 'error'}, {'regex': <_sre.SRE_Pattern object at 0x10b8da108>, 'level': 'critical'}, {'regex': <_sre.SRE_Pattern object at 0x10b8f4030>, 'level': 'critical'}, {'substr': 'ERROR - ', 'level': 'error'}], 'cwd': '/builds/slave/test/build', 'privileged': False}, attempt #1
17:00:47     INFO - Running command: ['/tools/tooltool.py', '--url', 'https://api.pub.build.mozilla.org/tooltool/', '--authentication-file', '/builds/relengapi.tok', 'fetch', '-m', '/builds/slave/test/build/tests/config/tooltool-manifests/macosx64/nodejs.manifest', '-o', '-c', '/builds/tooltool_cache'] in /builds/slave/test/build
17:00:47     INFO - Copy/paste: /tools/tooltool.py --url https://api.pub.build.mozilla.org/tooltool/ --authentication-file /builds/relengapi.tok fetch -m /builds/slave/test/build/tests/config/tooltool-manifests/macosx64/nodejs.manifest -o -c /builds/tooltool_cache
17:00:47     INFO - Calling ['/tools/tooltool.py', '--url', 'https://api.pub.build.mozilla.org/tooltool/', '--authentication-file', '/builds/relengapi.tok', 'fetch', '-m', '/builds/slave/test/build/tests/config/tooltool-manifests/macosx64/nodejs.manifest', '-o', '-c', '/builds/tooltool_cache'] with output_timeout 600
17:00:48     INFO -  INFO - File node-osx.tar.gz retrieved from local cache /builds/tooltool_cache
17:00:48     INFO -  INFO - untarring "node-osx.tar.gz"
17:00:49     INFO - Return code: 0
17:00:49     INFO - Chmoding /builds/slave/test/build/node-osx/bin/node to 0755
17:00:49     INFO - mkdir: /builds/slave/test/build/blobber_upload_dir
17:00:49     INFO - ENV: MOZ_UPLOAD_DIR is now /builds/slave/test/build/blobber_upload_dir
17:00:49     INFO - ENV: MINIDUMP_STACKWALK is now /builds/slave/test/build/macosx64-minidump_stackwalk
17:00:49     INFO - ENV: MOZ_NODE_PATH is now /builds/slave/test/build/node-osx/bin/node
17:00:49     INFO - ENV: MINIDUMP_SAVE_PATH is now /builds/slave/test/build/blobber_upload_dir
17:00:49     INFO - Running command: ['/builds/slave/test/build/venv/bin/python', '-u', '/builds/slave/test/build/tests/mochitest/runtests.py', '--total-chunks', '8', '--this-chunk', '1', '--appname=/builds/slave/test/build/application/Firefox.app/Contents/MacOS/firefox', '--utility-path=tests/bin', '--extra-profile-file=tests/bin/plugins', '--symbols-path=https://queue.taskcluster.net/v1/task/HHn8t6C8SBmHWYIFt5uc2A/artifacts/public/build/firefox-52.8.2.en-US.mac.crashreporter-symbols.zip', '--certificate-path=tests/certs', '--quiet', '--log-raw=/builds/slave/test/build/blobber_upload_dir/mochitest-devtools-chrome_raw.log', '--log-errorsummary=/builds/slave/test/build/blobber_upload_dir/mochitest-devtools-chrome_errorsummary.log', '--screenshot-on-fail', '--cleanup-crashes', '--log-raw=-', '--flavor=browser', '--subsuite=devtools'] in /builds/slave/test/build
17:00:49     INFO - Copy/paste: /builds/slave/test/build/venv/bin/python -u /builds/slave/test/build/tests/mochitest/runtests.py --total-chunks 8 --this-chunk 1 --appname=/builds/slave/test/build/application/Firefox.app/Contents/MacOS/firefox --utility-path=tests/bin --extra-profile-file=tests/bin/plugins --symbols-path=https://queue.taskcluster.net/v1/task/HHn8t6C8SBmHWYIFt5uc2A/artifacts/public/build/firefox-52.8.2.en-US.mac.crashreporter-symbols.zip --certificate-path=tests/certs --quiet --log-raw=/builds/slave/test/build/blobber_upload_dir/mochitest-devtools-chrome_raw.log --log-errorsummary=/builds/slave/test/build/blobber_upload_dir/mochitest-devtools-chrome_errorsummary.log --screenshot-on-fail --cleanup-crashes --log-raw=- --flavor=browser --subsuite=devtools
17:00:49     INFO - Using env: {'Apple_PubSub_Socket_Render': '/private/tmp/com.apple.launchd.KoKFenoEQd/Render',
17:00:49     INFO -  'GIT_SHARE_BASE_DIR': '/builds/git-shared',
17:00:49     INFO -  'HG_SHARE_BASE_DIR': '/builds/hg-shared',
17:00:49     INFO -  'HOME': '/Users/cltbld',
17:00:49     INFO -  'IDLEIZER_DISABLE_SHUTDOWN': 'true',
17:00:49     INFO -  'LOGNAME': 'cltbld',
17:00:49     INFO -  'MINIDUMP_SAVE_PATH': '/builds/slave/test/build/blobber_upload_dir',
17:00:49     INFO -  'MINIDUMP_STACKWALK': '/builds/slave/test/build/macosx64-minidump_stackwalk',
17:00:49     INFO -  'MOZ_HIDE_RESULTS_TABLE': '1',
17:00:49     INFO -  'MOZ_NODE_PATH': '/builds/slave/test/build/node-osx/bin/node',
17:00:49     INFO -  'MOZ_NO_REMOTE': '1',
17:00:49     INFO -  'MOZ_UPLOAD_DIR': '/builds/slave/test/build/blobber_upload_dir',
17:00:49     INFO -  'NO_EM_RESTART': '1',
17:00:49     INFO -  'NO_FAIL_ON_TEST_ERRORS': '1',
17:00:49     INFO -  'PATH': '/builds/slave/test/build/venv/bin:/usr/local/sbin:/usr/local/bin:/usr/sbin:/usr/bin:/sbin:/bin:/usr/bin/X11',
17:00:49     INFO -  'PROPERTIES_FILE': '/builds/slave/test/buildprops.json',
17:00:49     INFO -  'PWD': '/builds/slave/test',
17:00:49     INFO -  'RUNNER_CONFIG_CMD': '/opt/runner/bin/python2.7 /opt/runner/bin/runner -c /opt/runner/runner.cfg',
17:00:49     INFO -  'SHELL': '/bin/bash',
17:00:49     INFO -  'SSH_AUTH_SOCK': '/private/tmp/com.apple.launchd.n4ArF2ySLx/Listeners',
17:00:49     INFO -  'TMPDIR': '/var/folders/gn/xbcbs14n34b0c1zwmd5rz72800000w/T/',
17:00:49     INFO -  'TWISTD_LOG_PATH': '/builds/slave/twistd.log',
17:00:49     INFO -  'USER': 'cltbld',
17:00:49     INFO -  'VERSIONER_PYTHON_PREFER_32_BIT': 'no',
17:00:49     INFO -  'VERSIONER_PYTHON_VERSION': '2.7',
17:00:49     INFO -  'XPCOM_DEBUG_BREAK': 'warn',
17:00:49     INFO -  'XPC_FLAGS': '0x0',
17:00:49     INFO -  'XPC_SERVICE_NAME': '0',
17:00:49     INFO -  '__CF_USER_TEXT_ENCODING': '0x1C:0:0'}
17:00:49     INFO - Calling ['/builds/slave/test/build/venv/bin/python', '-u', '/builds/slave/test/build/tests/mochitest/runtests.py', '--total-chunks', '8', '--this-chunk', '1', '--appname=/builds/slave/test/build/application/Firefox.app/Contents/MacOS/firefox', '--utility-path=tests/bin', '--extra-profile-file=tests/bin/plugins', '--symbols-path=https://queue.taskcluster.net/v1/task/HHn8t6C8SBmHWYIFt5uc2A/artifacts/public/build/firefox-52.8.2.en-US.mac.crashreporter-symbols.zip', '--certificate-path=tests/certs', '--quiet', '--log-raw=/builds/slave/test/build/blobber_upload_dir/mochitest-devtools-chrome_raw.log', '--log-errorsummary=/builds/slave/test/build/blobber_upload_dir/mochitest-devtools-chrome_errorsummary.log', '--screenshot-on-fail', '--cleanup-crashes', '--log-raw=-', '--flavor=browser', '--subsuite=devtools'] with output_timeout 1000
17:00:49     INFO - Checking for orphan ssltunnel processes...
17:00:49     INFO - Checking for orphan xpcshell processes...
17:00:49     INFO - mozcrash Removed pending crash reports at '/Users/cltbld/Library/Application Support/firefox/Crash Reports'
17:00:50     INFO - SUITE-START | Running 282 tests
17:00:50     INFO - TEST-START | devtools/client/aboutdebugging/test/browser_service_workers_timeout.js
17:00:50     INFO - TEST-SKIP | devtools/client/aboutdebugging/test/browser_service_workers_timeout.js | took 0ms
17:00:50     INFO - TEST-START | devtools/client/aboutdebugging/test/browser_tabs.js
17:00:50     INFO - TEST-SKIP | devtools/client/aboutdebugging/test/browser_tabs.js | took 0ms
17:00:50     INFO - TEST-START | devtools/client/commandline/test/browser_cmd_addon.js
17:00:50     INFO - TEST-SKIP | devtools/client/commandline/test/browser_cmd_addon.js | took 1ms
17:00:50     INFO - TEST-START | devtools/client/commandline/test/browser_cmd_appcache_invalid.js
17:00:50     INFO - TEST-SKIP | devtools/client/commandline/test/browser_cmd_appcache_invalid.js | took 0ms
17:00:50     INFO - TEST-START | devtools/client/commandline/test/browser_cmd_appcache_valid.js
17:00:50     INFO - TEST-SKIP | devtools/client/commandline/test/browser_cmd_appcache_valid.js | took 0ms
17:00:50     INFO - TEST-START | devtools/client/commandline/test/browser_cmd_calllog.js
17:00:50     INFO - TEST-SKIP | devtools/client/commandline/test/browser_cmd_calllog.js | took 0ms
17:00:50     INFO - TEST-START | devtools/client/commandline/test/browser_cmd_calllog_chrome.js
17:00:50     INFO - TEST-SKIP | devtools/client/commandline/test/browser_cmd_calllog_chrome.js | took 0ms
17:00:50     INFO - TEST-START | devtools/client/commandline/test/browser_cmd_commands.js
17:00:50     INFO - TEST-SKIP | devtools/client/commandline/test/browser_cmd_commands.js | took 0ms
17:00:50     INFO - TEST-START | devtools/client/commandline/test/browser_cmd_cookie.js
17:00:50     INFO - TEST-SKIP | devtools/client/commandline/test/browser_cmd_cookie.js | took 0ms
17:00:50     INFO - TEST-START | devtools/client/commandline/test/browser_cmd_cookie_host.js
17:00:50     INFO - TEST-SKIP | devtools/client/commandline/test/browser_cmd_cookie_host.js | took 0ms
17:00:50     INFO - TEST-START | devtools/client/commandline/test/browser_cmd_csscoverage_oneshot.js
17:00:50     INFO - TEST-SKIP | devtools/client/commandline/test/browser_cmd_csscoverage_oneshot.js | took 0ms
17:00:50     INFO - TEST-START | devtools/client/commandline/test/browser_cmd_csscoverage_startstop.js
17:00:50     INFO - TEST-SKIP | devtools/client/commandline/test/browser_cmd_csscoverage_startstop.js | took 0ms
17:00:50     INFO - TEST-START | devtools/client/commandline/test/browser_cmd_csscoverage_util.js
17:00:50     INFO - TEST-SKIP | devtools/client/commandline/test/browser_cmd_csscoverage_util.js | took 0ms
17:00:50     INFO - TEST-START | devtools/client/commandline/test/browser_cmd_folder.js
17:00:50     INFO - TEST-SKIP | devtools/client/commandline/test/browser_cmd_folder.js | took 0ms
17:00:50     INFO - TEST-START | devtools/client/commandline/test/browser_cmd_highlight_01.js
17:00:50     INFO - TEST-SKIP | devtools/client/commandline/test/browser_cmd_highlight_01.js | took 1ms
17:00:50     INFO - TEST-START | devtools/client/commandline/test/browser_cmd_highlight_02.js
17:00:50     INFO - TEST-SKIP | devtools/client/commandline/test/browser_cmd_highlight_02.js | took 0ms
17:00:50     INFO - TEST-START | devtools/client/commandline/test/browser_cmd_highlight_03.js
17:00:50     INFO - TEST-SKIP | devtools/client/commandline/test/browser_cmd_highlight_03.js | took 0ms
17:00:50     INFO - TEST-START | devtools/client/commandline/test/browser_cmd_highlight_04.js
17:00:50     INFO - TEST-SKIP | devtools/client/commandline/test/browser_cmd_highlight_04.js | took 0ms
17:00:50     INFO - TEST-START | devtools/client/commandline/test/browser_cmd_inject.js
17:00:50     INFO - TEST-SKIP | devtools/client/commandline/test/browser_cmd_inject.js | took 0ms
17:00:50     INFO - TEST-START | devtools/client/commandline/test/browser_cmd_jsb.js
17:00:50     INFO - TEST-SKIP | devtools/client/commandline/test/browser_cmd_jsb.js | took 0ms
17:00:50     INFO - TEST-START | devtools/client/commandline/test/browser_cmd_listen.js
17:00:50     INFO - TEST-SKIP | devtools/client/commandline/test/browser_cmd_listen.js | took 1ms
17:00:50     INFO - TEST-START | devtools/client/commandline/test/browser_cmd_measure.js
17:00:50     INFO - TEST-SKIP | devtools/client/commandline/test/browser_cmd_measure.js | took 0ms
17:00:50     INFO - TEST-START | devtools/client/commandline/test/browser_cmd_media.js
17:00:50     INFO - TEST-SKIP | devtools/client/commandline/test/browser_cmd_media.js | took 0ms
17:00:50     INFO - TEST-START | devtools/client/commandline/test/browser_cmd_pagemod_export.js
17:00:50     INFO - TEST-SKIP | devtools/client/commandline/test/browser_cmd_pagemod_export.js | took 0ms
17:00:50     INFO - TEST-START | devtools/client/commandline/test/browser_cmd_paintflashing.js
17:00:50     INFO - TEST-SKIP | devtools/client/commandline/test/browser_cmd_paintflashing.js | took 0ms
17:00:50     INFO - TEST-START | devtools/client/commandline/test/browser_cmd_pref1.js
17:00:50     INFO - TEST-SKIP | devtools/client/commandline/test/browser_cmd_pref1.js | took 0ms
17:00:50     INFO - TEST-START | devtools/client/commandline/test/browser_cmd_pref2.js
17:00:50     INFO - TEST-SKIP | devtools/client/commandline/test/browser_cmd_pref2.js | took 1ms
17:00:50     INFO - TEST-START | devtools/client/commandline/test/browser_cmd_pref3.js
17:00:50     INFO - TEST-SKIP | devtools/client/commandline/test/browser_cmd_pref3.js | took 0ms
17:00:50     INFO - TEST-START | devtools/client/commandline/test/browser_cmd_qsa.js
17:00:50     INFO - TEST-SKIP | devtools/client/commandline/test/browser_cmd_qsa.js | took 0ms
17:00:50     INFO - TEST-START | devtools/client/commandline/test/browser_cmd_restart.js
17:00:50     INFO - TEST-SKIP | devtools/client/commandline/test/browser_cmd_restart.js | took 0ms
17:00:50     INFO - TEST-START | devtools/client/commandline/test/browser_cmd_rulers.js
17:00:50     INFO - TEST-SKIP | devtools/client/commandline/test/browser_cmd_rulers.js | took 0ms
17:00:50     INFO - TEST-START | devtools/client/commandline/test/browser_cmd_settings.js
17:00:50     INFO - TEST-SKIP | devtools/client/commandline/test/browser_cmd_settings.js | took 0ms
17:00:50     INFO - TEST-START | devtools/client/commandline/test/browser_gcli_async.js
17:00:50     INFO - TEST-SKIP | devtools/client/commandline/test/browser_gcli_async.js | took 0ms
17:00:50     INFO - TEST-START | devtools/client/commandline/test/browser_gcli_canon.js
17:00:50     INFO - TEST-SKIP | devtools/client/commandline/test/browser_gcli_canon.js | took 0ms
17:00:50     INFO - TEST-START | devtools/client/commandline/test/browser_gcli_cli1.js
17:00:50     INFO - TEST-SKIP | devtools/client/commandline/test/browser_gcli_cli1.js | took 0ms
17:00:50     INFO - TEST-START | devtools/client/commandline/test/browser_gcli_cli2.js
17:00:50     INFO - TEST-SKIP | devtools/client/commandline/test/browser_gcli_cli2.js | took 0ms
17:00:50     INFO - TEST-START | devtools/client/commandline/test/browser_gcli_completion1.js
17:00:50     INFO - TEST-SKIP | devtools/client/commandline/test/browser_gcli_completion1.js | took 0ms
17:00:50     INFO - TEST-START | devtools/client/commandline/test/browser_gcli_completion2.js
17:00:50     INFO - TEST-SKIP | devtools/client/commandline/test/browser_gcli_completion2.js | took 0ms
17:00:50     INFO - TEST-START | devtools/client/commandline/test/browser_gcli_date.js
17:00:50     INFO - TEST-SKIP | devtools/client/commandline/test/browser_gcli_date.js | took 0ms
17:00:50     INFO - TEST-START | devtools/client/commandline/test/browser_gcli_exec.js
17:00:50     INFO - TEST-SKIP | devtools/client/commandline/test/browser_gcli_exec.js | took 0ms
17:00:50     INFO - TEST-START | devtools/client/commandline/test/browser_gcli_fail.js
17:00:50     INFO - TEST-SKIP | devtools/client/commandline/test/browser_gcli_fail.js | took 0ms
17:00:50     INFO - TEST-START | devtools/client/commandline/test/browser_gcli_file.js
17:00:50     INFO - TEST-SKIP | devtools/client/commandline/test/browser_gcli_file.js | took 0ms
17:00:50     INFO - TEST-START | devtools/client/commandline/test/browser_gcli_focus.js
17:00:50     INFO - TEST-SKIP | devtools/client/commandline/test/browser_gcli_focus.js | took 0ms
17:00:50     INFO - TEST-START | devtools/client/commandline/test/browser_gcli_history.js
17:00:50     INFO - TEST-SKIP | devtools/client/commandline/test/browser_gcli_history.js | took 0ms
17:00:50     INFO - TEST-START | devtools/client/commandline/test/browser_gcli_incomplete.js
17:00:50     INFO - TEST-SKIP | devtools/client/commandline/test/browser_gcli_incomplete.js | took 0ms
17:00:50     INFO - TEST-START | devtools/client/commandline/test/browser_gcli_inputter.js
17:00:50     INFO - TEST-SKIP | devtools/client/commandline/test/browser_gcli_inputter.js | took 0ms
17:00:50     INFO - TEST-START | devtools/client/commandline/test/browser_gcli_intro.js
17:00:50     INFO - TEST-SKIP | devtools/client/commandline/test/browser_gcli_intro.js | took 0ms
17:00:50     INFO - TEST-START | devtools/client/commandline/test/browser_gcli_js.js
17:00:50     INFO - TEST-SKIP | devtools/client/commandline/test/browser_gcli_js.js | took 0ms
17:00:50     INFO - TEST-START | devtools/client/commandline/test/browser_gcli_keyboard1.js
17:00:50     INFO - TEST-SKIP | devtools/client/commandline/test/browser_gcli_keyboard1.js | took 0ms
17:00:50     INFO - TEST-START | devtools/client/commandline/test/browser_gcli_keyboard2.js
17:00:50     INFO - TEST-SKIP | devtools/client/commandline/test/browser_gcli_keyboard2.js | took 0ms
17:00:50     INFO - TEST-START | devtools/client/commandline/test/browser_gcli_keyboard3.js
17:00:50     INFO - TEST-SKIP | devtools/client/commandline/test/browser_gcli_keyboard3.js | took 0ms
17:00:50     INFO - TEST-START | devtools/client/commandline/test/browser_gcli_keyboard4.js
17:00:50     INFO - TEST-SKIP | devtools/client/commandline/test/browser_gcli_keyboard4.js | took 1ms
17:00:50     INFO - TEST-START | devtools/client/commandline/test/browser_gcli_keyboard5.js
17:00:50     INFO - TEST-SKIP | devtools/client/commandline/test/browser_gcli_keyboard5.js | took 0ms
17:00:50     INFO - TEST-START | devtools/client/commandline/test/browser_gcli_menu.js
17:00:50     INFO - TEST-SKIP | devtools/client/commandline/test/browser_gcli_menu.js | took 0ms
17:00:50     INFO - TEST-START | devtools/client/commandline/test/browser_gcli_node.js
17:00:50     INFO - TEST-SKIP | devtools/client/commandline/test/browser_gcli_node.js | took 0ms
17:00:50     INFO - TEST-START | devtools/client/commandline/test/browser_gcli_resource.js
17:00:50     INFO - TEST-SKIP | devtools/client/commandline/test/browser_gcli_resource.js | took 0ms
17:00:50     INFO - TEST-START | devtools/client/commandline/test/browser_gcli_short.js
17:00:50     INFO - TEST-SKIP | devtools/client/commandline/test/browser_gcli_short.js | took 0ms
17:00:50     INFO - TEST-START | devtools/client/commandline/test/browser_gcli_spell.js
17:00:50     INFO - TEST-SKIP | devtools/client/commandline/test/browser_gcli_spell.js | took 1ms
17:00:50     INFO - TEST-START | devtools/client/commandline/test/browser_gcli_split.js
17:00:50     INFO - TEST-SKIP | devtools/client/commandline/test/browser_gcli_split.js | took 0ms
17:00:50     INFO - TEST-START | devtools/client/commandline/test/browser_gcli_tokenize.js
17:00:50     INFO - TEST-SKIP | devtools/client/commandline/test/browser_gcli_tokenize.js | took 0ms
17:00:50     INFO - TEST-START | devtools/client/commandline/test/browser_gcli_tooltip.js
17:00:50     INFO - TEST-SKIP | devtools/client/commandline/test/browser_gcli_tooltip.js | took 0ms
17:00:50     INFO - TEST-START | devtools/client/commandline/test/browser_gcli_types.js
17:00:50     INFO - TEST-SKIP | devtools/client/commandline/test/browser_gcli_types.js | took 0ms
17:00:50     INFO - TEST-START | devtools/client/commandline/test/browser_gcli_union.js
17:00:50     INFO - TEST-SKIP | devtools/client/commandline/test/browser_gcli_union.js | took 0ms
17:00:50     INFO - TEST-START | devtools/client/debugger/new/test/mochitest/browser_dbg-searching.js
17:00:50     INFO - TEST-SKIP | devtools/client/debugger/new/test/mochitest/browser_dbg-searching.js | took 1ms
17:00:50     INFO - TEST-START | devtools/client/debugger/test/mochitest/browser_dbg_addon-modules-unpacked.js
17:00:50     INFO - TEST-SKIP | devtools/client/debugger/test/mochitest/browser_dbg_addon-modules-unpacked.js | took 0ms
17:00:50     INFO - TEST-START | devtools/client/debugger/test/mochitest/browser_dbg_addon-modules.js
17:00:50     INFO - TEST-SKIP | devtools/client/debugger/test/mochitest/browser_dbg_addon-modules.js | took 0ms
17:00:50     INFO - TEST-START | devtools/client/debugger/test/mochitest/browser_dbg_bfcache.js
17:00:50     INFO - TEST-SKIP | devtools/client/debugger/test/mochitest/browser_dbg_bfcache.js | took 0ms
17:00:50     INFO - TEST-START | devtools/client/debugger/test/mochitest/browser_dbg_break-on-dom-event-01.js
17:00:50     INFO - TEST-SKIP | devtools/client/debugger/test/mochitest/browser_dbg_break-on-dom-event-01.js | took 0ms
17:00:50     INFO - TEST-START | devtools/client/debugger/test/mochitest/browser_dbg_break-on-dom-event-02.js
17:00:50     INFO - TEST-SKIP | devtools/client/debugger/test/mochitest/browser_dbg_break-on-dom-event-02.js | took 0ms
17:00:50     INFO - TEST-START | devtools/client/debugger/test/mochitest/browser_dbg_break-on-dom-event-03.js
17:00:50     INFO - TEST-SKIP | devtools/client/debugger/test/mochitest/browser_dbg_break-on-dom-event-03.js | took 0ms
17:00:50     INFO - TEST-START | devtools/client/debugger/test/mochitest/browser_dbg_breakpoints-break-on-last-line-of-script-on-reload.js
17:00:50     INFO - TEST-SKIP | devtools/client/debugger/test/mochitest/browser_dbg_breakpoints-break-on-last-line-of-script-on-reload.js | took 0ms
17:00:50     INFO - TEST-START | devtools/client/debugger/test/mochitest/browser_dbg_breakpoints-disabled-reload.js
17:00:50     INFO - TEST-SKIP | devtools/client/debugger/test/mochitest/browser_dbg_breakpoints-disabled-reload.js | took 0ms
17:00:50     INFO - TEST-START | devtools/client/debugger/test/mochitest/browser_dbg_clean-exit-window.js
17:00:50     INFO - TEST-SKIP | devtools/client/debugger/test/mochitest/browser_dbg_clean-exit-window.js | took 0ms
17:00:50     INFO - TEST-START | devtools/client/debugger/test/mochitest/browser_dbg_clean-exit.js
17:00:50     INFO - TEST-SKIP | devtools/client/debugger/test/mochitest/browser_dbg_clean-exit.js | took 0ms
17:00:50     INFO - TEST-START | devtools/client/debugger/test/mochitest/browser_dbg_cmd-break.js
17:00:50     INFO - TEST-SKIP | devtools/client/debugger/test/mochitest/browser_dbg_cmd-break.js | took 0ms
17:00:50     INFO - TEST-START | devtools/client/debugger/test/mochitest/browser_dbg_cmd-dbg.js
17:00:50     INFO - TEST-SKIP | devtools/client/debugger/test/mochitest/browser_dbg_cmd-dbg.js | took 0ms
17:00:50     INFO - TEST-START | devtools/client/debugger/test/mochitest/browser_dbg_event-listeners-04.js
17:00:50     INFO - TEST-SKIP | devtools/client/debugger/test/mochitest/browser_dbg_event-listeners-04.js | took 0ms
17:00:50     INFO - TEST-START | devtools/client/debugger/test/mochitest/browser_dbg_globalactor.js
17:00:50     INFO - TEST-SKIP | devtools/client/debugger/test/mochitest/browser_dbg_globalactor.js | took 0ms
17:00:50     INFO - TEST-START | devtools/client/debugger/test/mochitest/browser_dbg_hide-toolbar-buttons.js
17:00:50     INFO - TEST-SKIP | devtools/client/debugger/test/mochitest/browser_dbg_hide-toolbar-buttons.js | took 0ms
17:00:50     INFO - TEST-START | devtools/client/debugger/test/mochitest/browser_dbg_iframes.js
17:00:50     INFO - TEST-SKIP | devtools/client/debugger/test/mochitest/browser_dbg_iframes.js | took 0ms
17:00:50     INFO - TEST-START | devtools/client/debugger/test/mochitest/browser_dbg_listtabs-01.js
17:00:50     INFO - TEST-SKIP | devtools/client/debugger/test/mochitest/browser_dbg_listtabs-01.js | took 0ms
17:00:50     INFO - TEST-START | devtools/client/debugger/test/mochitest/browser_dbg_listtabs-02.js
17:00:50     INFO - TEST-SKIP | devtools/client/debugger/test/mochitest/browser_dbg_listtabs-02.js | took 0ms
17:00:50     INFO -  dir: devtools/client/aboutdebugging/test
17:00:50     INFO -  mozprofile.addons WARNING | Could not install /builds/slave/test/build/tests/mochitest/extensions/mozscreenshots: [Errno 2] No such file or directory: '/builds/slave/test/build/tests/mochitest/extensions/mozscreenshots/install.rdf'
17:00:50     INFO -  pk12util: PKCS12 IMPORT SUCCESSFUL
17:00:50     INFO - MochitestServer : launching [u'/builds/slave/test/build/tests/bin/xpcshell', '-g', '/builds/slave/test/build/application/Firefox.app/Contents/Resources', '-v', '170', '-f', '/builds/slave/test/build/tests/bin/components/httpd.js', '-e', "const _PROFILE_PATH = '/var/folders/gn/xbcbs14n34b0c1zwmd5rz72800000w/T/tmpphOLb4.mozrunner'; const _SERVER_PORT = '8888'; const _SERVER_ADDR = '127.0.0.1'; const _TEST_PREFIX = undefined; const _DISPLAY_RESULTS = false;", '-f', '/builds/slave/test/build/tests/mochitest/server.js']
17:00:50     INFO - runtests.py | Server pid: 1964
17:00:50     INFO - runtests.py | Websocket server pid: 1965
17:00:50     INFO - runtests.py | SSL tunnel pid: 1966
17:00:50     INFO - runtests.py | Running with e10s: True
17:00:50     INFO - runtests.py | Running tests: start.
17:00:50     INFO - 
17:00:50     INFO - Application command: /builds/slave/test/build/application/Firefox.app/Contents/MacOS/firefox -marionette -foreground -profile /var/folders/gn/xbcbs14n34b0c1zwmd5rz72800000w/T/tmpphOLb4.mozrunner
17:00:50     INFO - runtests.py | Application pid: 1967
17:00:50     INFO - TEST-INFO | started process Main app process
17:00:52     INFO - 1528502452116	Marionette	INFO	Listening on port 2828
17:00:53     INFO - 2018-06-08 17:00:53.917 plugin-container[1970:8547] *** CFMessagePort: bootstrap_register(): failed 1100 (0x44c) 'Permission denied', port = 0x4a4b, name = 'com.apple.tsm.portname'
17:00:53     INFO - See /usr/include/servers/bootstrap_defs.h for the error codes.
17:00:53     INFO - 2018-06-08 17:00:53.918 plugin-container[1970:8547] *** CFMessagePort: bootstrap_register(): failed 1100 (0x44c) 'Permission denied', port = 0x930b, name = 'com.apple.CFPasteboardClient'
17:00:53     INFO - See /usr/include/servers/bootstrap_defs.h for the error codes.
17:00:53     INFO - 2018-06-08 17:00:53.918 plugin-container[1970:8547] Failed to allocate communication port for com.apple.CFPasteboardClient; this is likely due to sandbox restrictions
17:00:54     INFO - *** Start BrowserChrome Test Results ***
17:00:54     INFO - checking window state
17:00:54     INFO - TEST-START | devtools/client/aboutdebugging/test/browser_addons_debug_bootstrapped.js
17:00:56     INFO - JavaScript error: resource://gre/modules/XPCOMUtils.jsm, line 191: TypeError: can't redefine non-configurable property "Services"
17:00:58     INFO - JavaScript error: resource:///modules/BrowserUsageTelemetry.jsm, line 211: NS_ERROR_FAILURE: Component returned failure code: 0x80004005 (NS_ERROR_FAILURE) [nsIObserverService.removeObserver]
17:00:59     INFO - -*- PresentationControlService.js: PresentationControlService - close
17:00:59     INFO - MEMORY STAT vsizeMaxContiguous not supported in this build configuration.
17:00:59     INFO - MEMORY STAT | vsize 4081MB | residentFast 320MB | heapAllocated 154MB
17:00:59     INFO - TEST-OK | devtools/client/aboutdebugging/test/browser_addons_debug_bootstrapped.js | took 5124ms
17:00:59     INFO - checking window state
17:00:59     INFO - TEST-START | devtools/client/aboutdebugging/test/browser_addons_debug_webextension.js
17:01:00     INFO - 1528502460962	addons.webextension.test-devtools-webextension@mozilla.org	WARN	Please specify whether you want browser_style or not in your browser_action options.
17:01:02     INFO - JavaScript error: resource://gre/modules/XPCOMUtils.jsm, line 191: TypeError: can't redefine non-configurable property "Services"
17:01:04     INFO - JavaScript error: resource:///modules/BrowserUsageTelemetry.jsm, line 211: NS_ERROR_FAILURE: Component returned failure code: 0x80004005 (NS_ERROR_FAILURE) [nsIObserverService.removeObserver]
17:01:04     INFO - -*- PresentationControlService.js: PresentationControlService - close
17:01:05     INFO - MEMORY STAT | vsize 4295MB | residentFast 343MB | heapAllocated 116MB
17:01:05     INFO - TEST-OK | devtools/client/aboutdebugging/test/browser_addons_debug_webextension.js | took 5556ms
17:01:05     INFO - checking window state
17:01:05     INFO - TEST-START | devtools/client/aboutdebugging/test/browser_addons_debug_webextension_inspector.js
17:01:06     INFO - 1528502466020	addons.webextension.test-devtools-webextension@mozilla.org	WARN	Please specify whether you want browser_style or not in your browser_action options.
17:01:06     INFO - JavaScript error: resource://gre/modules/XPCOMUtils.jsm, line 191: TypeError: can't redefine non-configurable property "Services"
17:01:09     INFO - Got a nodeActor
17:01:09     INFO - Got a nodeActor with an inline text child
17:01:09     INFO - Got the expected inline text content in the selected node
17:01:09     INFO - JavaScript error: resource:///modules/BrowserUsageTelemetry.jsm, line 211: NS_ERROR_FAILURE: Component returned failure code: 0x80004005 (NS_ERROR_FAILURE) [nsIObserverService.removeObserver]
17:01:09     INFO - -*- PresentationControlService.js: PresentationControlService - close
17:01:10     INFO - MEMORY STAT | vsize 4303MB | residentFast 351MB | heapAllocated 122MB
17:01:10     INFO - TEST-OK | devtools/client/aboutdebugging/test/browser_addons_debug_webextension_inspector.js | took 4692ms
17:01:10     INFO - checking window state
17:01:10     INFO - TEST-START | devtools/client/aboutdebugging/test/browser_addons_debug_webextension_nobg.js
17:01:11     INFO - JavaScript error: resource://gre/modules/XPCOMUtils.jsm, line 191: TypeError: can't redefine non-configurable property "Services"
17:01:14     INFO - Got a nodeActor
17:01:14     INFO - Got a nodeActor with an inline text child
17:01:14     INFO - Got the expected inline text content in the selected node
17:01:14     INFO - JavaScript error: resource:///modules/BrowserUsageTelemetry.jsm, line 211: NS_ERROR_FAILURE: Component returned failure code: 0x80004005 (NS_ERROR_FAILURE) [nsIObserverService.removeObserver]
17:01:14     INFO - Handler function threw an exception: TypeError: threadActor is null
17:01:14     INFO - Stack: _windowReady@resource://gre/modules/commonjs/toolkit/loader.js -> resource://devtools/server/actors/webbrowser.js:1884:1
17:01:14     INFO - _changeTopLevelDocument/<@resource://gre/modules/commonjs/toolkit/loader.js -> resource://devtools/server/actors/webbrowser.js:1822:7
17:01:14     INFO - exports.makeInfallible/<@resource://gre/modules/commonjs/toolkit/loader.js -> resource://devtools/shared/ThreadSafeDevToolsUtils.js:101:14
17:01:14     INFO - Line: 1884, column: 1
17:01:14     INFO - console.error:
17:01:14     INFO -   Handler function threw an exception: TypeError: threadActor is null
17:01:14     INFO - Stack: _windowReady@resource://gre/modules/commonjs/toolkit/loader.js -> resource://devtools/server/actors/webbrowser.js:1884:1
17:01:14     INFO - _changeTopLevelDocument/<@resource://gre/modules/commonjs/toolkit/loader.js -> resource://devtools/server/actors/webbrowser.js:1822:7
17:01:14     INFO - exports.makeInfallible/<@resource://gre/modules/commonjs/toolkit/loader.js -> resource://devtools/shared/ThreadSafeDevToolsUtils.js:101:14
17:01:14     INFO - Line: 1884, column: 1
17:01:14     INFO - -*- PresentationControlService.js: PresentationControlService - close
17:01:14     INFO - MEMORY STAT | vsize 4318MB | residentFast 365MB | heapAllocated 156MB
17:01:14     INFO - TEST-OK | devtools/client/aboutdebugging/test/browser_addons_debug_webextension_nobg.js | took 4686ms
17:01:14     INFO - checking window state
17:01:14     INFO - TEST-START | devtools/client/aboutdebugging/test/browser_addons_debug_webextension_popup.js
17:01:15     INFO - 1528502475794	addons.webextension.test-devtools-webextension@mozilla.org	WARN	Please specify whether you want browser_style or not in your browser_action options.
17:01:16     INFO - JavaScript error: resource://gre/modules/XPCOMUtils.jsm, line 191: TypeError: can't redefine non-configurable property "Services"
17:01:18     INFO - Clicking the noautohide button
17:01:18     INFO - Clicked the noautohide button
17:01:18     INFO - Clicking the frame list button
17:01:18     INFO - Clicked the frame list button
17:01:18     INFO - JavaScript error: resource:///modules/BrowserUsageTelemetry.jsm, line 211: NS_ERROR_FAILURE: Component returned failure code: 0x80004005 (NS_ERROR_FAILURE) [nsIObserverService.removeObserver]
17:01:19     INFO - -*- PresentationControlService.js: PresentationControlService - close
17:01:19     INFO - MEMORY STAT | vsize 4316MB | residentFast 372MB | heapAllocated 143MB
17:01:19     INFO - TEST-OK | devtools/client/aboutdebugging/test/browser_addons_debug_webextension_popup.js | took 4912ms
17:01:19     INFO - checking window state
17:01:19     INFO - TEST-START | devtools/client/aboutdebugging/test/browser_addons_debugging_initial_state.js
17:01:22     INFO - MEMORY STAT | vsize 4361MB | residentFast 416MB | heapAllocated 198MB
17:01:22     INFO - TEST-OK | devtools/client/aboutdebugging/test/browser_addons_debugging_initial_state.js | took 2534ms
17:01:22     INFO - checking window state
17:01:22     INFO - TEST-START | devtools/client/aboutdebugging/test/browser_addons_install.js
17:01:24     INFO - MEMORY STAT | vsize 4369MB | residentFast 432MB | heapAllocated 158MB
17:01:24     INFO - TEST-OK | devtools/client/aboutdebugging/test/browser_addons_install.js | took 2152ms
17:01:24     INFO - checking window state
17:01:24     INFO - TEST-START | devtools/client/aboutdebugging/test/browser_addons_reload.js
17:01:25     INFO - 1528502485034	addons.xpi	WARN	Addon with ID test-devtools@mozilla.org already installed, older version will be disabled
17:01:25     INFO - 1528502485712	addons.xpi	WARN	Addon with ID test-devtools@mozilla.org already installed, older version will be disabled
17:01:25     INFO - JavaScript error: resource://gre/modules/ExtensionContent.jsm, line 888: TypeError: extension is undefined
17:01:25     INFO - JavaScript error: resource://gre/modules/ExtensionContent.jsm, line 888: TypeError: extension is undefined
17:01:26     INFO - MEMORY STAT | vsize 4395MB | residentFast 454MB | heapAllocated 215MB
17:01:26     INFO - TEST-OK | devtools/client/aboutdebugging/test/browser_addons_reload.js | took 2048ms
17:01:26     INFO - checking window state
17:01:26     INFO - TEST-START | devtools/client/aboutdebugging/test/browser_addons_toggle_debug.js
17:01:27     INFO - MEMORY STAT | vsize 4418MB | residentFast 480MB | heapAllocated 232MB
17:01:27     INFO - TEST-OK | devtools/client/aboutdebugging/test/browser_addons_toggle_debug.js | took 820ms
17:01:27     INFO - checking window state
17:01:27     INFO - TEST-START | devtools/client/aboutdebugging/test/browser_page_not_found.js
17:01:28     INFO - MEMORY STAT | vsize 4426MB | residentFast 488MB | heapAllocated 230MB
17:01:28     INFO - TEST-OK | devtools/client/aboutdebugging/test/browser_page_not_found.js | took 700ms
17:01:28     INFO - checking window state
17:01:28     INFO - TEST-START | devtools/client/aboutdebugging/test/browser_service_workers.js
17:01:28     INFO - SW registered
17:01:29     INFO - MEMORY STAT | vsize 4430MB | residentFast 496MB | heapAllocated 244MB
17:01:29     INFO - TEST-OK | devtools/client/aboutdebugging/test/browser_service_workers.js | took 1448ms
17:01:29     INFO - checking window state
17:01:29     INFO - TEST-START | devtools/client/aboutdebugging/test/browser_service_workers_not_compatible.js
17:01:33     INFO - MEMORY STAT | vsize 4456MB | residentFast 503MB | heapAllocated 180MB
17:01:33     INFO - TEST-OK | devtools/client/aboutdebugging/test/browser_service_workers_not_compatible.js | took 3948ms
17:01:33     INFO - checking window state
17:01:33     INFO - TEST-START | devtools/client/aboutdebugging/test/browser_service_workers_push.js
17:01:34     INFO - SW registered
17:01:34     INFO - JavaScript error: http://example.com/browser/devtools/client/aboutdebugging/test/service-workers/push-sw.html, line 16: TypeError: registration.pushManager is undefined
17:01:35     INFO - MEMORY STAT | vsize 4455MB | residentFast 510MB | heapAllocated 192MB
17:01:35     INFO - TEST-OK | devtools/client/aboutdebugging/test/browser_service_workers_push.js | took 1450ms
17:01:35     INFO - checking window state
17:01:35     INFO - TEST-START | devtools/client/aboutdebugging/test/browser_service_workers_push_service.js

command interrupted, attempting to kill
process killed by signal 9
program finished with exit code -1
elapsedTime=186.730033
The web-page 'stop build' button was pressed by 'rvandermeulen@mozilla.com': Cancelled via self-serve
========= master_lag: 0.04 =========
========= Finished '/tools/buildbot/bin/python -u ...' interrupted (results: 4, elapsed: 3 mins, 6 secs) (at 2018-06-08 17:01:35.484452) =========

========= Started set props: build_url (results: 0, elapsed: 0 secs) (at 2018-06-08 17:01:35.491971) =========
bash -c 'for file in `ls -1`; do cat $file; done'
 in dir /builds/slave/test/properties (timeout 1200 secs)
 watching logfiles {}
 argv: ['bash', '-c', 'for file in `ls -1`; do cat $file; done']
 environment:
  Apple_PubSub_Socket_Render=/private/tmp/com.apple.launchd.KoKFenoEQd/Render
  GIT_SHARE_BASE_DIR=/builds/git-shared
  HG_SHARE_BASE_DIR=/builds/hg-shared
  HOME=/Users/cltbld
  IDLEIZER_DISABLE_SHUTDOWN=true
  LOGNAME=cltbld
  PATH=/usr/local/sbin:/usr/local/bin:/usr/sbin:/usr/bin:/sbin:/bin:/usr/bin/X11
  PWD=/builds/slave/test/properties
  RUNNER_CONFIG_CMD=/opt/runner/bin/python2.7 /opt/runner/bin/runner -c /opt/runner/runner.cfg
  SHELL=/bin/bash
  SSH_AUTH_SOCK=/private/tmp/com.apple.launchd.n4ArF2ySLx/Listeners
  TMPDIR=/var/folders/gn/xbcbs14n34b0c1zwmd5rz72800000w/T/
  TWISTD_LOG_PATH=/builds/slave/twistd.log
  USER=cltbld
  VERSIONER_PYTHON_PREFER_32_BIT=no
  VERSIONER_PYTHON_VERSION=2.7
  XPC_FLAGS=0x0
  XPC_SERVICE_NAME=0
  __CF_USER_TEXT_ENCODING=0x1C:0:0
 using PTY: False
build_url:https://queue.taskcluster.net/v1/task/HHn8t6C8SBmHWYIFt5uc2A/artifacts/public/build/firefox-52.8.2.en-US.mac.dmg
program finished with exit code 0
elapsedTime=0.011305
build_url: 'https://queue.taskcluster.net/v1/task/HHn8t6C8SBmHWYIFt5uc2A/artifacts/public/build/firefox-52.8.2.en-US.mac.dmg'
========= master_lag: 0.02 =========
========= Finished set props: build_url (results: 0, elapsed: 0 secs) (at 2018-06-08 17:01:35.520223) =========

========= Started 'rm -f ...' (results: 0, elapsed: 0 secs) (at 2018-06-08 17:01:35.520597) =========
rm -f oauth.txt
 in dir /builds/slave/test/. (timeout 1200 secs)
 watching logfiles {}
 argv: ['rm', '-f', 'oauth.txt']
 environment:
  Apple_PubSub_Socket_Render=/private/tmp/com.apple.launchd.KoKFenoEQd/Render
  GIT_SHARE_BASE_DIR=/builds/git-shared
  HG_SHARE_BASE_DIR=/builds/hg-shared
  HOME=/Users/cltbld
  IDLEIZER_DISABLE_SHUTDOWN=true
  LOGNAME=cltbld
  PATH=/usr/local/sbin:/usr/local/bin:/usr/sbin:/usr/bin:/sbin:/bin:/usr/bin/X11
  PWD=/builds/slave/test
  RUNNER_CONFIG_CMD=/opt/runner/bin/python2.7 /opt/runner/bin/runner -c /opt/runner/runner.cfg
  SHELL=/bin/bash
  SSH_AUTH_SOCK=/private/tmp/com.apple.launchd.n4ArF2ySLx/Listeners
  TMPDIR=/var/folders/gn/xbcbs14n34b0c1zwmd5rz72800000w/T/
  TWISTD_LOG_PATH=/builds/slave/twistd.log
  USER=cltbld
  VERSIONER_PYTHON_PREFER_32_BIT=no
  VERSIONER_PYTHON_VERSION=2.7
  XPC_FLAGS=0x0
  XPC_SERVICE_NAME=0
  __CF_USER_TEXT_ENCODING=0x1C:0:0
 using PTY: False
program finished with exit code 0
elapsedTime=0.005823
========= master_lag: 0.05 =========
========= Finished 'rm -f ...' (results: 0, elapsed: 0 secs) (at 2018-06-08 17:01:35.572531) =========

========= Started reboot skipped (results: 3, elapsed: 0 secs) (at 2018-06-08 17:01:35.572852) =========
========= Finished reboot skipped (results: 3, elapsed: 0 secs) (at 2018-06-08 17:01:35.573124) =========

========= Total master_lag: 0.14 =========

