builder: mozilla-esr52_ubuntu64_vm_test_pgo-mochitest-media
slave: tst-linux64-spot-318
starttime: 1528501939.74
results: cancelled (6)
buildid: 20180608150819
builduid: b298b373e93d4f8dbf92436c9ed838a2
revision: cbfdf01aac455e0591471201c96b89dee98190b5

========= Started set props: master (results: 0, elapsed: 0 secs) (at 2018-06-08 16:52:19.737086) =========
master: http://buildbot-master54.bb.releng.usw2.mozilla.com:8201/
========= Finished set props: master (results: 0, elapsed: 0 secs) (at 2018-06-08 16:52:19.737565) =========

========= Started downloading to buildprops.json (results: 0, elapsed: 0 secs) (at 2018-06-08 16:52:19.737880) =========
========= Finished downloading to buildprops.json (results: 0, elapsed: 0 secs) (at 2018-06-08 16:52:19.800225) =========

========= Started 'bash -c ...' (results: 0, elapsed: 0 secs) (at 2018-06-08 16:52:19.800502) =========
bash -c 'wget -Oarchiver_client.py --no-check-certificate --tries=10 --waitretry=3 https://hg.mozilla.org/build/tools/raw-file/default/buildfarm/utils/archiver_client.py'
 in dir /builds/slave/test/. (timeout 1200 secs)
 watching logfiles {}
 argv: ['bash', '-c', 'wget -Oarchiver_client.py --no-check-certificate --tries=10 --waitretry=3 https://hg.mozilla.org/build/tools/raw-file/default/buildfarm/utils/archiver_client.py']
 environment:
  HOME=/home/cltbld
  LANG=en_US.UTF-8
  LOGNAME=cltbld
  MAIL=/var/mail/cltbld
  NODE_PATH=/usr/lib/nodejs:/usr/lib/node_modules:/usr/share/javascript
  PATH=/usr/local/bin:/usr/local/bin:/usr/bin:/bin:/usr/local/games:/usr/games
  PWD=/builds/slave/test
  SHELL=/bin/bash
  SHLVL=1
  TERM=linux
  TMOUT=86400
  USER=cltbld
  XDG_SESSION_COOKIE=9ca12473fbb1d023794ffd180000023c-1528501938.378352-414201781
  _=/tools/buildbot/bin/python
 using PTY: False
--2018-06-08 16:52:19--  https://hg.mozilla.org/build/tools/raw-file/default/buildfarm/utils/archiver_client.py
Resolving hg.mozilla.org (hg.mozilla.org)... 63.245.215.25, 63.245.215.102
Connecting to hg.mozilla.org (hg.mozilla.org)|63.245.215.25|:443... connected.
HTTP request sent, awaiting response... 200 Script output follows
Length: 12179 (12K) [text/x-python]
Saving to: `archiver_client.py'

     0K .......... .                                          100% 7.93M=0.001s

2018-06-08 16:52:20 (7.93 MB/s) - `archiver_client.py' saved [12179/12179]

program finished with exit code 0
elapsedTime=0.304684
========= master_lag: 0.01 =========
========= Finished 'bash -c ...' (results: 0, elapsed: 0 secs) (at 2018-06-08 16:52:20.117636) =========

========= Started 'rm -rf ...' (results: 0, elapsed: 0 secs) (at 2018-06-08 16:52:20.117992) =========
rm -rf scripts properties
 in dir /builds/slave/test/. (timeout 1200 secs)
 watching logfiles {}
 argv: ['rm', '-rf', 'scripts', 'properties']
 environment:
  HOME=/home/cltbld
  LANG=en_US.UTF-8
  LOGNAME=cltbld
  MAIL=/var/mail/cltbld
  NODE_PATH=/usr/lib/nodejs:/usr/lib/node_modules:/usr/share/javascript
  PATH=/usr/local/bin:/usr/local/bin:/usr/bin:/bin:/usr/local/games:/usr/games
  PWD=/builds/slave/test
  SHELL=/bin/bash
  SHLVL=1
  TERM=linux
  TMOUT=86400
  USER=cltbld
  XDG_SESSION_COOKIE=9ca12473fbb1d023794ffd180000023c-1528501938.378352-414201781
  _=/tools/buildbot/bin/python
 using PTY: False
program finished with exit code 0
elapsedTime=0.019288
========= master_lag: 0.04 =========
========= Finished 'rm -rf ...' (results: 0, elapsed: 0 secs) (at 2018-06-08 16:52:20.179319) =========

========= Started 'bash -c ...' (results: 0, elapsed: 0 secs) (at 2018-06-08 16:52:20.179647) =========
bash -c 'python archiver_client.py mozharness --repo releases/mozilla-esr52 --rev cbfdf01aac455e0591471201c96b89dee98190b5 --destination scripts --debug'
 in dir /builds/slave/test/. (timeout 1200 secs)
 watching logfiles {}
 argv: ['bash', '-c', u'python archiver_client.py mozharness --repo releases/mozilla-esr52 --rev cbfdf01aac455e0591471201c96b89dee98190b5 --destination scripts --debug']
 environment:
  HOME=/home/cltbld
  LANG=en_US.UTF-8
  LOGNAME=cltbld
  MAIL=/var/mail/cltbld
  NODE_PATH=/usr/lib/nodejs:/usr/lib/node_modules:/usr/share/javascript
  PATH=/usr/local/bin:/usr/local/bin:/usr/bin:/bin:/usr/local/games:/usr/games
  PWD=/builds/slave/test
  SHELL=/bin/bash
  SHLVL=1
  TERM=linux
  TMOUT=86400
  USER=cltbld
  XDG_SESSION_COOKIE=9ca12473fbb1d023794ffd180000023c-1528501938.378352-414201781
  _=/tools/buildbot/bin/python
 using PTY: False
2018-06-08 16:52:20,258 truncating revision to first 12 chars
2018-06-08 16:52:20,259 Setting DEBUG logging.
2018-06-08 16:52:20,259 attempt 1/10
2018-06-08 16:52:20,259 Getting archive location from https://api.pub.build.mozilla.org/archiver/hgmo/releases/mozilla-esr52/cbfdf01aac45?&preferred_region=us-west-2&suffix=tar.gz&subdir=testing/mozharness
2018-06-08 16:52:20,599 unpacking tar archive at: mozilla-esr52-cbfdf01aac45/testing/mozharness/
program finished with exit code 0
elapsedTime=0.726228
========= master_lag: 0.09 =========
========= Finished 'bash -c ...' (results: 0, elapsed: 0 secs) (at 2018-06-08 16:52:20.999447) =========

========= Started set props: script_repo_revision (results: 0, elapsed: 0 secs) (at 2018-06-08 16:52:20.999771) =========
script_repo_revision: cbfdf01aac455e0591471201c96b89dee98190b5
========= Finished set props: script_repo_revision (results: 0, elapsed: 0 secs) (at 2018-06-08 16:52:21.000169) =========

========= Started downloading to oauth.txt (results: 0, elapsed: 0 secs) (at 2018-06-08 16:52:21.000454) =========
========= Finished downloading to oauth.txt (results: 0, elapsed: 0 secs) (at 2018-06-08 16:52:21.011641) =========

========= Started '/tools/buildbot/bin/python scripts/scripts/desktop_unittest.py ...' interrupted (results: 4, elapsed: 9 mins, 51 secs) (at 2018-06-08 16:52:21.011935) =========
/tools/buildbot/bin/python scripts/scripts/desktop_unittest.py --cfg unittests/linux_unittest.py --mochitest-suite mochitest-media --blob-upload-branch mozilla-esr52 --download-symbols ondemand
 in dir /builds/slave/test/. (timeout 1800 secs) (maxTime 7200 secs)
 watching logfiles {}
 argv: ['/tools/buildbot/bin/python', 'scripts/scripts/desktop_unittest.py', '--cfg', 'unittests/linux_unittest.py', '--mochitest-suite', 'mochitest-media', '--blob-upload-branch', 'mozilla-esr52', '--download-symbols', 'ondemand']
 environment:
  CCACHE_DIR=/builds/ccache
  CCACHE_UMASK=002
  DISPLAY=:0
  HOME=/home/cltbld
  LANG=en_US.UTF-8
  LOGNAME=cltbld
  MAIL=/var/mail/cltbld
  MOZ_HIDE_RESULTS_TABLE=1
  MOZ_NODE_PATH=/usr/bin/node
  MOZ_NO_REMOTE=1
  NODE_PATH=/usr/lib/nodejs:/usr/lib/node_modules:/usr/share/javascript
  NO_FAIL_ON_TEST_ERRORS=1
  PATH=/usr/local/bin:/usr/local/bin:/usr/bin:/bin:/usr/local/games:/usr/games
  PROPERTIES_FILE=/builds/slave/test/buildprops.json
  PWD=/builds/slave/test
  SHELL=/bin/bash
  SHLVL=1
  TERM=linux
  TMOUT=86400
  USER=cltbld
  XDG_SESSION_COOKIE=9ca12473fbb1d023794ffd180000023c-1528501938.378352-414201781
  _=/tools/buildbot/bin/python
 using PTY: False
16:52:21     INFO - MultiFileLogger online at 20180608 16:52:21 in /builds/slave/test
16:52:21     INFO - Run as scripts/scripts/desktop_unittest.py --cfg unittests/linux_unittest.py --mochitest-suite mochitest-media --blob-upload-branch mozilla-esr52 --download-symbols ondemand
16:52:21     INFO - Dumping config to /builds/slave/test/logs/localconfig.json.
16:52:21     INFO - {'all_cppunittest_suites': {'cppunittest': {'tests': ('tests/cppunittest',)}},
16:52:21     INFO -  'all_gtest_suites': {'gtest': ()},
16:52:21     INFO -  'all_jittest_suites': {'jittest': (),
16:52:21     INFO -                         'jittest-chunked': (),
16:52:21     INFO -                         'jittest1': ('--total-chunks=2', '--this-chunk=1'),
16:52:21     INFO -                         'jittest2': ('--total-chunks=2', '--this-chunk=2')},
16:52:21     INFO -  'all_mochitest_suites': {'a11y': ('--flavor=a11y',),
16:52:21     INFO -                           'browser-chrome': ('--flavor=browser',),
16:52:21     INFO -                           'browser-chrome-addons': ('--flavor=browser',
16:52:21     INFO -                                                     '--chunk-by-runtime',
16:52:21     INFO -                                                     '--tag=addons'),
16:52:21     INFO -                           'browser-chrome-chunked': ('--flavor=browser',
16:52:21     INFO -                                                      '--chunk-by-runtime'),
16:52:21     INFO -                           'browser-chrome-clipboard': ('--flavor=browser',
16:52:21     INFO -                                                        '--subsuite=clipboard'),
16:52:21     INFO -                           'browser-chrome-coverage': ('--flavor=browser',
16:52:21     INFO -                                                       '--chunk-by-runtime',
16:52:21     INFO -                                                       '--timeout=1200'),
16:52:21     INFO -                           'browser-chrome-gpu': ('--flavor=browser',
16:52:21     INFO -                                                  '--subsuite=gpu'),
16:52:21     INFO -                           'browser-chrome-screenshots': ('--flavor=browser',
16:52:21     INFO -                                                          '--subsuite=screenshots'),
16:52:21     INFO -                           'chrome': ('--flavor=chrome',),
16:52:21     INFO -                           'chrome-chunked': ('--flavor=chrome',
16:52:21     INFO -                                              '--chunk-by-dir=4'),
16:52:21     INFO -                           'chrome-clipboard': ('--flavor=chrome',
16:52:21     INFO -                                                '--subsuite=clipboard'),
16:52:21     INFO -                           'chrome-gpu': ('--flavor=chrome', '--subsuite=gpu'),
16:52:21     INFO -                           'jetpack-addon': ('--flavor=jetpack-addon',),
16:52:21     INFO -                           'jetpack-package': ('--flavor=jetpack-package',),
16:52:21     INFO -                           'jetpack-package-clipboard': ('--flavor=jetpack-package',
16:52:21     INFO -                                                         '--subsuite=clipboard'),
16:52:21     INFO -                           'mochitest-devtools-chrome': ('--flavor=browser',
16:52:21     INFO -                                                         '--subsuite=devtools'),
16:52:21     INFO -                           'mochitest-devtools-chrome-chunked': ('--flavor=browser',
16:52:21     INFO -                                                                 '--subsuite=devtools',
16:52:21     INFO -                                                                 '--chunk-by-runtime'),
16:52:21     INFO -                           'mochitest-devtools-chrome-coverage': ('--flavor=browser',
16:52:21     INFO -                                                                  '--subsuite=devtools',
16:52:21     INFO -                                                                  '--chunk-by-runtime',
16:52:21     INFO -                                                                  '--timeout=1200'),
16:52:21     INFO -                           'mochitest-gl': ('--subsuite=webgl',),
16:52:21     INFO -                           'mochitest-media': ('--subsuite=media',),
16:52:21     INFO -                           'plain': (),
16:52:21     INFO -                           'plain-chunked': ('--chunk-by-dir=4',),
16:52:21     INFO -                           'plain-clipboard': ('--subsuite=clipboard',),
16:52:21     INFO -                           'plain-gpu': ('--subsuite=gpu',),
16:52:21     INFO -                           'valgrind-plain': ('--valgrind=/usr/bin/valgrind',
16:52:21     INFO -                                              '--valgrind-supp-files=/builds/slave/test/build/tests/mochitest/x86_64-redhat-linux-gnu.sup,/builds/slave/test/build/tests/mochitest/cross-architecture.sup',
16:52:21     INFO -                                              '--timeout=900',
16:52:21     INFO -                                              '--max-timeouts=50')},
16:52:21     INFO -  'all_mozbase_suites': {'mozbase': ()},
16:52:21     INFO -  'all_reftest_suites': {'crashtest': {'options': ('--suite=crashtest',),
16:52:21     INFO -                                       'tests': ('tests/reftest/tests/testing/crashtest/crashtests.list',)},
16:52:21     INFO -                         'jsreftest': {'options': ('--extra-profile-file=tests/jsreftest/tests/user.js',
16:52:21     INFO -                                                   '--suite=jstestbrowser'),
16:52:21     INFO -                                       'tests': ('tests/jsreftest/tests/jstests.list',)},
16:52:21     INFO -                         'reftest': {'options': ('--suite=reftest',),
16:52:21     INFO -                                     'tests': ('tests/reftest/tests/layout/reftests/reftest.list',)},
16:52:21     INFO -                         'reftest-no-accel': {'options': ('--suite=reftest',
16:52:21     INFO -                                                          '--setpref=layers.acceleration.force-enabled=disabled'),
16:52:21     INFO -                                              'tests': ('tests/reftest/tests/layout/reftests/reftest.list',)}},
16:52:21     INFO -  'all_xpcshell_suites': {'xpcshell': {'options': ('--xpcshell=%(abs_app_dir)s/xpcshell',
16:52:21     INFO -                                                   '--manifest=tests/xpcshell/tests/xpcshell.ini'),
16:52:21     INFO -                                       'tests': ()},
16:52:21     INFO -                          'xpcshell-addons': {'options': ('--xpcshell=%(abs_app_dir)s/xpcshell',
16:52:21     INFO -                                                          '--tag=addons',
16:52:21     INFO -                                                          '--manifest=tests/xpcshell/tests/xpcshell.ini'),
16:52:21     INFO -                                              'tests': ()},
16:52:21     INFO -                          'xpcshell-coverage': {'options': ('--xpcshell=%(abs_app_dir)s/xpcshell',
16:52:21     INFO -                                                            '--manifest=tests/xpcshell/tests/xpcshell.ini'),
16:52:21     INFO -                                                'tests': ()}},
16:52:21     INFO -  'allow_software_gl_layers': False,
16:52:21     INFO -  'append_to_log': False,
16:52:21     INFO -  'base_work_dir': '/builds/slave/test',
16:52:21     INFO -  'binary_path': '/builds/slave/test/build/application/firefox/firefox-bin',
16:52:21     INFO -  'blob_upload_branch': 'mozilla-esr52',
16:52:21     INFO -  'blob_uploader_auth_file': '/builds/slave/test/oauth.txt',
16:52:21     INFO -  'buildbot_json_path': 'buildprops.json',
16:52:21     INFO -  'buildbot_max_log_size': 52428800,
16:52:21     INFO -  'code_coverage': False,
16:52:21     INFO -  'config_files': ('unittests/linux_unittest.py',),
16:52:21     INFO -  'default_blob_upload_servers': ('https://blobupload.elasticbeanstalk.com',),
16:52:21     INFO -  'download_minidump_stackwalk': True,
16:52:21     INFO -  'download_nodejs': True,
16:52:21     INFO -  'download_symbols': 'ondemand',
16:52:21     INFO -  'e10s': False,
16:52:21     INFO -  'exe_suffix': '',
16:52:21     INFO -  'exes': {'python': '/tools/buildbot/bin/python',
16:52:21     INFO -           'tooltool.py': '/tools/tooltool.py',
16:52:21     INFO -           'virtualenv': ('/tools/buildbot/bin/python',
16:52:21     INFO -                          '/tools/misc-python/virtualenv.py')},
16:52:21     INFO -  'find_links': ('http://pypi.pvt.build.mozilla.org/pub',
16:52:21     INFO -                 'http://pypi.pub.build.mozilla.org/pub'),
16:52:21     INFO -  'installer_path': '/builds/slave/test/build/installer.tar.bz2',
16:52:21     INFO -  'log_level': 'info',
16:52:21     INFO -  'log_to_console': True,
16:52:21     INFO -  'minidump_save_path': '%(abs_work_dir)s/../minidumps',
16:52:21     INFO -  'minidump_stackwalk_path': 'linux64-minidump_stackwalk',
16:52:21     INFO -  'minidump_tooltool_manifest_path': 'config/tooltool-manifests/linux64/releng.manifest',
16:52:21     INFO -  'minimum_tests_zip_dirs': ('bin/*',
16:52:21     INFO -                             'certs/*',
16:52:21     INFO -                             'config/*',
16:52:21     INFO -                             'mach',
16:52:21     INFO -                             'marionette/*',
16:52:21     INFO -                             'modules/*',
16:52:21     INFO -                             'mozbase/*',
16:52:21     INFO -                             'tools/*'),
16:52:21     INFO -  'no_random': False,
16:52:21     INFO -  'nodejs_path': 'node-linux-x64/bin/node',
16:52:21     INFO -  'nodejs_tooltool_manifest_path': 'config/tooltool-manifests/linux64/nodejs.manifest',
16:52:21     INFO -  'opt_config_files': (),
16:52:21     INFO -  'pip_index': False,
16:52:21     INFO -  'preflight_run_cmd_suites': ({'architectures': ('32bit', '64bit'),
16:52:21     INFO -                                'cmd': ('xset', 's', 'off', 's', 'reset'),
16:52:21     INFO -                                'enabled': True,
16:52:21     INFO -                                'halt_on_failure': False,
16:52:21     INFO -                                'name': 'disable_screen_saver'},
16:52:21     INFO -                               {'architectures': ('32bit',),
16:52:21     INFO -                                'cmd': ('python',
16:52:21     INFO -                                        '../scripts/external_tools/mouse_and_screen_resolution.py',
16:52:21     INFO -                                        '--configuration-file',
16:52:21     INFO -                                        '../scripts/external_tools/machine-configuration.json'),
16:52:21     INFO -                                'enabled': False,
16:52:21     INFO -                                'halt_on_failure': True,
16:52:21     INFO -                                'name': 'run mouse & screen adjustment script'}),
16:52:21     INFO -  'require_test_zip': True,
16:52:21     INFO -  'run_all_suites': False,
16:52:21     INFO -  'run_cmd_checks_enabled': True,
16:52:21     INFO -  'run_file_names': {'cppunittest': 'runcppunittests.py',
16:52:21     INFO -                     'gtest': 'rungtests.py',
16:52:21     INFO -                     'jittest': 'jit_test.py',
16:52:21     INFO -                     'mochitest': 'runtests.py',
16:52:21     INFO -                     'mozbase': 'test.py',
16:52:21     INFO -                     'mozmill': 'runtestlist.py',
16:52:21     INFO -                     'reftest': 'runreftest.py',
16:52:21     INFO -                     'xpcshell': 'runxpcshelltests.py'},
16:52:21     INFO -  'specific_tests_zip_dirs': {'cppunittest': ('cppunittest/*',),
16:52:21     INFO -                              'gtest': ('gtest/*',),
16:52:21     INFO -                              'jittest': ('jit-test/*',),
16:52:21     INFO -                              'mochitest': ('mochitest/*',),
16:52:21     INFO -                              'mozbase': ('mozbase/*',),
16:52:21     INFO -                              'mozmill': ('mozmill/*',),
16:52:21     INFO -                              'reftest': ('reftest/*', 'jsreftest/*'),
16:52:21     INFO -                              'xpcshell': ('xpcshell/*',)},
16:52:21     INFO -  'specified_mochitest_suites': ('mochitest-media',),
16:52:21     INFO -  'strict_content_sandbox': False,
16:52:21     INFO -  'suite_definitions': {'cppunittest': {'options': ('--symbols-path=%(symbols_path)s',
16:52:21     INFO -                                                    '--xre-path=%(abs_app_dir)s'),
16:52:21     INFO -                                        'run_filename': 'runcppunittests.py',
16:52:21     INFO -                                        'testsdir': 'cppunittest'},
16:52:21     INFO -                        'gtest': {'options': ('--xre-path=%(abs_res_dir)s',
16:52:21     INFO -                                              '--cwd=%(gtest_dir)s',
16:52:21     INFO -                                              '--symbols-path=%(symbols_path)s',
16:52:21     INFO -                                              '--utility-path=tests/bin',
16:52:21     INFO -                                              '%(binary_path)s'),
16:52:21     INFO -                                  'run_filename': 'rungtests.py'},
16:52:21     INFO -                        'jittest': {'options': ('tests/bin/js',
16:52:21     INFO -                                                '--no-slow',
16:52:21     INFO -                                                '--no-progress',
16:52:21     INFO -                                                '--format=automation',
16:52:21     INFO -                                                '--jitflags=all',
16:52:21     INFO -                                                '--timeout=970'),
16:52:21     INFO -                                    'run_filename': 'jit_test.py',
16:52:21     INFO -                                    'run_timeout': 1000,
16:52:21     INFO -                                    'testsdir': 'jit-test/jit-test'},
16:52:21     INFO -                        'mochitest': {'options': ('--appname=%(binary_path)s',
16:52:21     INFO -                                                  '--utility-path=tests/bin',
16:52:21     INFO -                                                  '--extra-profile-file=tests/bin/plugins',
16:52:21     INFO -                                                  '--symbols-path=%(symbols_path)s',
16:52:21     INFO -                                                  '--certificate-path=tests/certs',
16:52:21     INFO -                                                  '--setpref=webgl.force-enabled=true',
16:52:21     INFO -                                                  '--quiet',
16:52:21     INFO -                                                  '--log-raw=%(raw_log_file)s',
16:52:21     INFO -                                                  '--log-errorsummary=%(error_summary_file)s',
16:52:21     INFO -                                                  '--use-test-media-devices',
16:52:21     INFO -                                                  '--screenshot-on-fail',
16:52:21     INFO -                                                  '--cleanup-crashes',
16:52:21     INFO -                                                  '--marionette-startup-timeout=180'),
16:52:21     INFO -                                      'run_filename': 'runtests.py',
16:52:21     INFO -                                      'testsdir': 'mochitest'},
16:52:21     INFO -                        'mozbase': {'options': ('-b', '%(binary_path)s'),
16:52:21     INFO -                                    'run_filename': 'test.py',
16:52:21     INFO -                                    'testsdir': 'mozbase'},
16:52:21     INFO -                        'mozmill': {'options': ('--binary=%(binary_path)s',
16:52:21     INFO -                                                '--testing-modules-dir=test/modules',
16:52:21     INFO -                                                '--plugins-path=%(test_plugin_path)s',
16:52:21     INFO -                                                '--symbols-path=%(symbols_path)s'),
16:52:21     INFO -                                    'run_filename': 'runtestlist.py',
16:52:21     INFO -                                    'testsdir': 'mozmill'},
16:52:21     INFO -                        'reftest': {'options': ('--appname=%(binary_path)s',
16:52:21     INFO -                                                '--utility-path=tests/bin',
16:52:21     INFO -                                                '--extra-profile-file=tests/bin/plugins',
16:52:21     INFO -                                                '--symbols-path=%(symbols_path)s',
16:52:21     INFO -                                                '--log-raw=%(raw_log_file)s',
16:52:21     INFO -                                                '--log-errorsummary=%(error_summary_file)s',
16:52:21     INFO -                                                '--cleanup-crashes'),
16:52:21     INFO -                                    'run_filename': 'runreftest.py',
16:52:21     INFO -                                    'testsdir': 'reftest'},
16:52:21     INFO -                        'xpcshell': {'options': ('--symbols-path=%(symbols_path)s',
16:52:21     INFO -                                                 '--test-plugin-path=%(test_plugin_path)s',
16:52:21     INFO -                                                 '--log-raw=%(raw_log_file)s',
16:52:21     INFO -                                                 '--log-errorsummary=%(error_summary_file)s',
16:52:21     INFO -                                                 '--utility-path=tests/bin'),
16:52:21     INFO -                                     'run_filename': 'runxpcshelltests.py',
16:52:21     INFO -                                     'testsdir': 'xpcshell'}},
16:52:21     INFO -  'tooltool_cache': '/builds/tooltool_cache',
16:52:21     INFO -  'unstructured_flavors': {'cppunittest': (),
16:52:21     INFO -                           'gtest': (),
16:52:21     INFO -                           'jittest': (),
16:52:21     INFO -                           'mochitest': ('jetpack',),
16:52:21     INFO -                           'mozbase': (),
16:52:21     INFO -                           'mozmill': (),
16:52:21     INFO -                           'xpcshell': ()},
16:52:21     INFO -  'vcs_output_timeout': 1000,
16:52:21     INFO -  'virtualenv_path': 'venv',
16:52:21     INFO -  'volatile_config': {'actions': None, 'add_actions': None, 'no_actions': None},
16:52:21     INFO -  'work_dir': 'build',
16:52:21     INFO -  'xpcshell_name': 'xpcshell'}
16:52:21     INFO - [mozharness: 2018-06-08 23:52:21.369290Z] Running clobber step.
16:52:21     INFO - Running pre-action listener: _resource_record_pre_action
16:52:21     INFO - Running main action method: clobber
16:52:21     INFO - rmtree: /builds/slave/test/build
16:52:21     INFO - Running post-action listener: _resource_record_post_action
16:52:21     INFO - [mozharness: 2018-06-08 23:52:21.383810Z] Finished clobber step (success)
16:52:21     INFO - [mozharness: 2018-06-08 23:52:21.384261Z] Running read-buildbot-config step.
16:52:21     INFO - Running pre-action listener: _resource_record_pre_action
16:52:21     INFO - Running main action method: read_buildbot_config
16:52:21     INFO - Using buildbot properties:
16:52:21     INFO - {
16:52:21     INFO -     "project": "", 
16:52:21     INFO -     "product": "firefox", 
16:52:21     INFO -     "script_repo_revision": "production", 
16:52:21     INFO -     "scheduler": "tests-mozilla-esr52-ubuntu64_vm-pgo-unittest", 
16:52:21     INFO -     "repository": "", 
16:52:21     INFO -     "buildername": "Ubuntu VM 12.04 x64 mozilla-esr52 pgo test mochitest-media", 
16:52:21     INFO -     "buildid": "20180608150819", 
16:52:21     INFO -     "pgo_build": "True", 
16:52:21     INFO -     "basedir": "/builds/slave/test", 
16:52:21     INFO -     "buildnumber": 12, 
16:52:21     INFO -     "slavename": "tst-linux64-spot-318", 
16:52:21     INFO -     "master": "http://buildbot-master54.bb.releng.usw2.mozilla.com:8201/", 
16:52:21     INFO -     "platform": "linux64", 
16:52:21     INFO -     "branch": "mozilla-esr52", 
16:52:21     INFO -     "revision": "cbfdf01aac455e0591471201c96b89dee98190b5", 
16:52:21     INFO -     "repo_path": "releases/mozilla-esr52", 
16:52:21     INFO -     "moz_repo_path": "", 
16:52:21     INFO -     "stage_platform": "linux64-pgo", 
16:52:21     INFO -     "builduid": "b298b373e93d4f8dbf92436c9ed838a2", 
16:52:21     INFO -     "slavebuilddir": "test"
16:52:21     INFO - }
16:52:21     INFO - Found installer url https://queue.taskcluster.net/v1/task/I1iAdq48Sa60c5BCPWswkg/artifacts/public/build/firefox-52.8.2.en-US.linux-x86_64.tar.bz2.
16:52:21     INFO - Found a test packages url https://queue.taskcluster.net/v1/task/I1iAdq48Sa60c5BCPWswkg/artifacts/public/build/firefox-52.8.2.en-US.linux-x86_64.test_packages.json.
16:52:21     INFO - Running post-action listener: _resource_record_post_action
16:52:21     INFO - [mozharness: 2018-06-08 23:52:21.395014Z] Finished read-buildbot-config step (success)
16:52:21     INFO - [mozharness: 2018-06-08 23:52:21.395361Z] Running download-and-extract step.
16:52:21     INFO - Running pre-action listener: _pre_download_and_extract
16:52:21  WARNING - Try message not found.
16:52:21     INFO - Running pre-action listener: _resource_record_pre_action
16:52:21     INFO - Running main action method: download_and_extract
16:52:21     INFO - mkdir: /builds/slave/test/build/tests
16:52:21     INFO - Downloading https://queue.taskcluster.net/v1/task/I1iAdq48Sa60c5BCPWswkg/artifacts/public/build/firefox-52.8.2.en-US.linux-x86_64.test_packages.json to /builds/slave/test/build/firefox-52.8.2.en-US.linux-x86_64.test_packages.json
16:52:21     INFO - retry: Calling _download_file with args: (), kwargs: {'url': 'https://queue.taskcluster.net/v1/task/I1iAdq48Sa60c5BCPWswkg/artifacts/public/build/firefox-52.8.2.en-US.linux-x86_64.test_packages.json', 'file_name': '/builds/slave/test/build/firefox-52.8.2.en-US.linux-x86_64.test_packages.json'}, attempt #1
16:52:22     INFO - Downloaded 1361 bytes.
16:52:22     INFO - Reading from file /builds/slave/test/build/firefox-52.8.2.en-US.linux-x86_64.test_packages.json
16:52:22     INFO - Using the following test package requirements:
16:52:22     INFO - {u'common': [u'firefox-52.8.2.en-US.linux-x86_64.common.tests.zip'],
16:52:22     INFO -  u'cppunittest': [u'firefox-52.8.2.en-US.linux-x86_64.common.tests.zip',
16:52:22     INFO -                   u'firefox-52.8.2.en-US.linux-x86_64.cppunittest.tests.zip'],
16:52:22     INFO -  u'gtest': [u'firefox-52.8.2.en-US.linux-x86_64.common.tests.zip',
16:52:22     INFO -             u'firefox-52.8.2.en-US.linux-x86_64.gtest.tests.zip'],
16:52:22     INFO -  u'jittest': [u'firefox-52.8.2.en-US.linux-x86_64.common.tests.zip',
16:52:22     INFO -               u'jsshell-linux-x86_64.zip'],
16:52:22     INFO -  u'mochitest': [u'firefox-52.8.2.en-US.linux-x86_64.common.tests.zip',
16:52:22     INFO -                 u'firefox-52.8.2.en-US.linux-x86_64.mochitest.tests.zip'],
16:52:22     INFO -  u'mozbase': [u'firefox-52.8.2.en-US.linux-x86_64.common.tests.zip'],
16:52:22     INFO -  u'reftest': [u'firefox-52.8.2.en-US.linux-x86_64.common.tests.zip',
16:52:22     INFO -               u'firefox-52.8.2.en-US.linux-x86_64.reftest.tests.zip'],
16:52:22     INFO -  u'talos': [u'firefox-52.8.2.en-US.linux-x86_64.common.tests.zip',
16:52:22     INFO -             u'firefox-52.8.2.en-US.linux-x86_64.talos.tests.zip'],
16:52:22     INFO -  u'web-platform': [u'firefox-52.8.2.en-US.linux-x86_64.common.tests.zip',
16:52:22     INFO -                    u'firefox-52.8.2.en-US.linux-x86_64.web-platform.tests.zip'],
16:52:22     INFO -  u'xpcshell': [u'firefox-52.8.2.en-US.linux-x86_64.common.tests.zip',
16:52:22     INFO -                u'firefox-52.8.2.en-US.linux-x86_64.xpcshell.tests.zip']}
16:52:22     INFO - Downloading packages: [u'firefox-52.8.2.en-US.linux-x86_64.common.tests.zip', u'firefox-52.8.2.en-US.linux-x86_64.mochitest.tests.zip'] for test suite category: mochitest
16:52:22     INFO - Adding 'mozinfo.json' for extraction from common.tests zip file
16:52:22     INFO - Downloading and extracting to /builds/slave/test/build/tests these dirs bin/*, certs/*, config/*, mach, marionette/*, modules/*, mozbase/*, tools/*, mochitest/*, mozinfo.json from https://queue.taskcluster.net/v1/task/I1iAdq48Sa60c5BCPWswkg/artifacts/public/build/firefox-52.8.2.en-US.linux-x86_64.common.tests.zip
16:52:22     INFO - retry: Calling fetch_url_into_memory with args: (), kwargs: {'url': u'https://queue.taskcluster.net/v1/task/I1iAdq48Sa60c5BCPWswkg/artifacts/public/build/firefox-52.8.2.en-US.linux-x86_64.common.tests.zip'}, attempt #1
16:52:22     INFO - Fetch https://queue.taskcluster.net/v1/task/I1iAdq48Sa60c5BCPWswkg/artifacts/public/build/firefox-52.8.2.en-US.linux-x86_64.common.tests.zip into memory
16:52:23     INFO - Http code: 200
16:52:23     INFO - via: 1.1 95da1452a75435200220a7075ca3893f.cloudfront.net (CloudFront)
16:52:23     INFO - x-amz-cf-id: 3kmAfaOH06Z_xPlrT12E-4o_PxwfTPEvcjCnNjV8Tn1uAf-irFHIkQ==
16:52:23     INFO - x-amz-version-id: amyEguiG3.NEsCgIpfpr7ojoc30OcAP5
16:52:23     INFO - Expected file size: 22192748
16:52:23     INFO - Obtained file size: 22192748
16:52:25     INFO - Downloading and extracting to /builds/slave/test/build/tests these dirs bin/*, certs/*, config/*, mach, marionette/*, modules/*, mozbase/*, tools/*, mochitest/*, mozinfo.json from https://queue.taskcluster.net/v1/task/I1iAdq48Sa60c5BCPWswkg/artifacts/public/build/firefox-52.8.2.en-US.linux-x86_64.mochitest.tests.zip
16:52:25     INFO - retry: Calling fetch_url_into_memory with args: (), kwargs: {'url': u'https://queue.taskcluster.net/v1/task/I1iAdq48Sa60c5BCPWswkg/artifacts/public/build/firefox-52.8.2.en-US.linux-x86_64.mochitest.tests.zip'}, attempt #1
16:52:25     INFO - Fetch https://queue.taskcluster.net/v1/task/I1iAdq48Sa60c5BCPWswkg/artifacts/public/build/firefox-52.8.2.en-US.linux-x86_64.mochitest.tests.zip into memory
16:52:26     INFO - Http code: 200
16:52:26     INFO - via: 1.1 990c804118e679d7ea0f4d3ca3cc4534.cloudfront.net (CloudFront)
16:52:26     INFO - x-amz-cf-id: TTlKKOUdQ3Eyw0Ylki7kny5B5TdK6A1inIcTPXM5O5hON999-X0Fpg==
16:52:26     INFO - x-amz-version-id: pVaLoGmwkPIw3WqAG.TA2Gozslw06heL
16:52:28     INFO - Expected file size: 80595071
16:52:28     INFO - Obtained file size: 80595071
16:52:51     INFO - Downloading https://queue.taskcluster.net/v1/task/I1iAdq48Sa60c5BCPWswkg/artifacts/public/build/firefox-52.8.2.en-US.linux-x86_64.tar.bz2 to /builds/slave/test/build/installer.tar.bz2
16:52:51     INFO - retry: Calling _download_file with args: (), kwargs: {'url': 'https://queue.taskcluster.net/v1/task/I1iAdq48Sa60c5BCPWswkg/artifacts/public/build/firefox-52.8.2.en-US.linux-x86_64.tar.bz2', 'file_name': '/builds/slave/test/build/installer.tar.bz2'}, attempt #1
16:52:54     INFO - Downloaded 57821935 bytes.
16:52:54     INFO - Setting buildbot property build_url to https://queue.taskcluster.net/v1/task/I1iAdq48Sa60c5BCPWswkg/artifacts/public/build/firefox-52.8.2.en-US.linux-x86_64.tar.bz2
16:52:54     INFO - mkdir: /builds/slave/test/properties
16:52:54     INFO - Writing buildbot properties ['build_url'] to /builds/slave/test/properties/build_url
16:52:54     INFO - Writing to file /builds/slave/test/properties/build_url
16:52:54     INFO - Contents:
16:52:54     INFO -  build_url:https://queue.taskcluster.net/v1/task/I1iAdq48Sa60c5BCPWswkg/artifacts/public/build/firefox-52.8.2.en-US.linux-x86_64.tar.bz2
16:52:55     INFO - Running post-action listener: _resource_record_post_action
16:52:55     INFO - Running post-action listener: set_extra_try_arguments
16:52:55     INFO - [mozharness: 2018-06-08 23:52:55.680440Z] Finished download-and-extract step (success)
16:52:55     INFO - [mozharness: 2018-06-08 23:52:55.680823Z] Running create-virtualenv step.
16:52:55     INFO - Running pre-action listener: _install_mozbase
16:52:55     INFO - Running pre-action listener: _pre_create_virtualenv
16:52:55     INFO - Running pre-action listener: _resource_record_pre_action
16:52:55     INFO - Running main action method: create_virtualenv
16:52:55     INFO - Creating virtualenv /builds/slave/test/build/venv
16:52:55     INFO - Running command: ['/tools/buildbot/bin/python', '/builds/slave/test/scripts/external_tools/virtualenv/virtualenv.py', '--always-copy', '/builds/slave/test/build/venv'] in /builds/slave/test/build
16:52:55     INFO - Copy/paste: /tools/buildbot/bin/python /builds/slave/test/scripts/external_tools/virtualenv/virtualenv.py --always-copy /builds/slave/test/build/venv
16:52:55     INFO - Using partial env: {'VIRTUALENV_NO_DOWNLOAD': '1'}
16:52:57     INFO -  Using real prefix '/usr'
16:52:57     INFO -  New python executable in /builds/slave/test/build/venv/bin/python
16:53:00     INFO -  Installing setuptools, pip, wheel...done.
16:53:00     INFO - Return code: 0
16:53:00     INFO - Installing psutil>=3.1.1 into virtualenv /builds/slave/test/build/venv
16:53:00     INFO - retry: Calling run_command with args: [['/builds/slave/test/build/venv/bin/pip', 'install', '--timeout', '120', '--no-index', '--find-links', 'http://pypi.pvt.build.mozilla.org/pub', '--find-links', 'http://pypi.pub.build.mozilla.org/pub', '--trusted-host', 'pypi.pub.build.mozilla.org', '--trusted-host', 'pypi.pvt.build.mozilla.org', 'psutil>=3.1.1']], kwargs: {'error_level': 'warning', 'error_list': [{'substr': 'not found or a compiler error:', 'level': 'warning'}, {'regex': <_sre.SRE_Pattern object at 0x7f88d46c6110>, 'level': 'error'}, {'regex': <_sre.SRE_Pattern object at 0x7f88d47cee40>, 'level': 'warning'}, {'regex': <_sre.SRE_Pattern object at 0x26303e0>, 'level': 'debug'}, {'substr': 'command not found', 'level': 'error'}, {'regex': <_sre.SRE_Pattern object at 0x262ca90>, 'level': 'warning'}, {'substr': 'Traceback (most recent call last)', 'level': 'error'}, {'substr': 'SyntaxError: ', 'level': 'error'}, {'substr': 'TypeError: ', 'level': 'error'}, {'substr': 'NameError: ', 'level': 'error'}, {'substr': 'ZeroDivisionError: ', 'level': 'error'}, {'regex': <_sre.SRE_Pattern object at 0x262e3f0>, 'level': 'critical'}, {'regex': <_sre.SRE_Pattern object at 0x262e670>, 'level': 'critical'}], 'cwd': '/builds/slave/test/build', 'env': {'TMOUT': '86400', 'LOGNAME': 'cltbld', 'USER': 'cltbld', 'HOME': '/home/cltbld', 'PATH': '/usr/local/bin:/usr/local/bin:/usr/bin:/bin:/usr/local/games:/usr/games', 'DISPLAY': ':0', 'CCACHE_UMASK': '002', 'LANG': 'en_US.UTF-8', 'TERM': 'linux', 'SHELL': '/bin/bash', 'MOZ_NODE_PATH': '/usr/bin/node', 'XDG_SESSION_COOKIE': '9ca12473fbb1d023794ffd180000023c-1528501938.378352-414201781', 'SHLVL': '1', 'NO_FAIL_ON_TEST_ERRORS': '1', 'MOZ_NO_REMOTE': '1', 'MOZ_HIDE_RESULTS_TABLE': '1', 'MAIL': '/var/mail/cltbld', '_': '/tools/buildbot/bin/python', 'NODE_PATH': '/usr/lib/nodejs:/usr/lib/node_modules:/usr/share/javascript', 'PWD': '/builds/slave/test', 'PROPERTIES_FILE': '/builds/slave/test/buildprops.json', 'CCACHE_DIR': '/builds/ccache'}}, attempt #1
16:53:00     INFO - Running command: ['/builds/slave/test/build/venv/bin/pip', 'install', '--timeout', '120', '--no-index', '--find-links', 'http://pypi.pvt.build.mozilla.org/pub', '--find-links', 'http://pypi.pub.build.mozilla.org/pub', '--trusted-host', 'pypi.pub.build.mozilla.org', '--trusted-host', 'pypi.pvt.build.mozilla.org', 'psutil>=3.1.1'] in /builds/slave/test/build
16:53:00     INFO - Copy/paste: /builds/slave/test/build/venv/bin/pip install --timeout 120 --no-index --find-links http://pypi.pvt.build.mozilla.org/pub --find-links http://pypi.pub.build.mozilla.org/pub --trusted-host pypi.pub.build.mozilla.org --trusted-host pypi.pvt.build.mozilla.org psutil>=3.1.1
16:53:00     INFO - Using env: {'CCACHE_DIR': '/builds/ccache',
16:53:00     INFO -  'CCACHE_UMASK': '002',
16:53:00     INFO -  'DISPLAY': ':0',
16:53:00     INFO -  'HOME': '/home/cltbld',
16:53:00     INFO -  'LANG': 'en_US.UTF-8',
16:53:00     INFO -  'LOGNAME': 'cltbld',
16:53:00     INFO -  'MAIL': '/var/mail/cltbld',
16:53:00     INFO -  'MOZ_HIDE_RESULTS_TABLE': '1',
16:53:00     INFO -  'MOZ_NODE_PATH': '/usr/bin/node',
16:53:00     INFO -  'MOZ_NO_REMOTE': '1',
16:53:00     INFO -  'NODE_PATH': '/usr/lib/nodejs:/usr/lib/node_modules:/usr/share/javascript',
16:53:00     INFO -  'NO_FAIL_ON_TEST_ERRORS': '1',
16:53:00     INFO -  'PATH': '/usr/local/bin:/usr/local/bin:/usr/bin:/bin:/usr/local/games:/usr/games',
16:53:00     INFO -  'PROPERTIES_FILE': '/builds/slave/test/buildprops.json',
16:53:00     INFO -  'PWD': '/builds/slave/test',
16:53:00     INFO -  'SHELL': '/bin/bash',
16:53:00     INFO -  'SHLVL': '1',
16:53:00     INFO -  'TERM': 'linux',
16:53:00     INFO -  'TMOUT': '86400',
16:53:00     INFO -  'USER': 'cltbld',
16:53:00     INFO -  'XDG_SESSION_COOKIE': '9ca12473fbb1d023794ffd180000023c-1528501938.378352-414201781',
16:53:00     INFO -  '_': '/tools/buildbot/bin/python'}
16:53:01     INFO -  Ignoring indexes: https://pypi.python.org/simple
16:53:01     INFO -  Collecting psutil>=3.1.1
16:53:01     INFO -  /builds/slave/test/build/venv/lib/python2.7/site-packages/pip/_vendor/requests/packages/urllib3/util/ssl_.py:318: SNIMissingWarning: An HTTPS request has been made, but the SNI (Subject Name Indication) extension to TLS is not available on this platform. This may cause the server to present an incorrect TLS certificate, which can cause validation failures. You can upgrade to a newer version of Python to solve this. For more information, see https://urllib3.readthedocs.org/en/latest/security.html#snimissingwarning.
16:53:01     INFO -    SNIMissingWarning
16:53:01     INFO -  /builds/slave/test/build/venv/lib/python2.7/site-packages/pip/_vendor/requests/packages/urllib3/util/ssl_.py:122: InsecurePlatformWarning: A true SSLContext object is not available. This prevents urllib3 from configuring SSL appropriately and may cause certain SSL connections to fail. You can upgrade to a newer version of Python to solve this. For more information, see https://urllib3.readthedocs.org/en/latest/security.html#insecureplatformwarning.
16:53:01     INFO -    InsecurePlatformWarning
16:53:03     INFO -  /builds/slave/test/build/venv/lib/python2.7/site-packages/pip/_vendor/requests/packages/urllib3/util/ssl_.py:122: InsecurePlatformWarning: A true SSLContext object is not available. This prevents urllib3 from configuring SSL appropriately and may cause certain SSL connections to fail. You can upgrade to a newer version of Python to solve this. For more information, see https://urllib3.readthedocs.org/en/latest/security.html#insecureplatformwarning.
16:53:03     INFO -    InsecurePlatformWarning
16:53:07     INFO -    Downloading https://pypi.pvt.build.mozilla.org/pub/psutil-5.4.3.tar.gz (412kB)
16:53:08     INFO -  Building wheels for collected packages: psutil
16:53:08     INFO -    Running setup.py bdist_wheel for psutil: started
16:53:10     INFO -    Running setup.py bdist_wheel for psutil: finished with status 'done'
16:53:10     INFO -    Stored in directory: /home/cltbld/.cache/pip/wheels/30/c0/c3/5cdb2b64c0d47a81af9c62935a64d83948d2c2b3e7af3eeee2
16:53:10     INFO -  Successfully built psutil
16:53:10     INFO -  Installing collected packages: psutil
16:53:11     INFO -  Successfully installed psutil-5.4.3
16:53:11     INFO - Return code: 0
16:53:11     INFO - Installing mozsystemmonitor==0.3 into virtualenv /builds/slave/test/build/venv
16:53:11     INFO - retry: Calling run_command with args: [['/builds/slave/test/build/venv/bin/pip', 'install', '--timeout', '120', '--no-index', '--find-links', 'http://pypi.pvt.build.mozilla.org/pub', '--find-links', 'http://pypi.pub.build.mozilla.org/pub', '--trusted-host', 'pypi.pub.build.mozilla.org', '--trusted-host', 'pypi.pvt.build.mozilla.org', 'mozsystemmonitor==0.3']], kwargs: {'error_level': 'warning', 'error_list': [{'substr': 'not found or a compiler error:', 'level': 'warning'}, {'regex': <_sre.SRE_Pattern object at 0x7f88d46c6110>, 'level': 'error'}, {'regex': <_sre.SRE_Pattern object at 0x7f88d47cee40>, 'level': 'warning'}, {'regex': <_sre.SRE_Pattern object at 0x26303e0>, 'level': 'debug'}, {'substr': 'command not found', 'level': 'error'}, {'regex': <_sre.SRE_Pattern object at 0x262ca90>, 'level': 'warning'}, {'substr': 'Traceback (most recent call last)', 'level': 'error'}, {'substr': 'SyntaxError: ', 'level': 'error'}, {'substr': 'TypeError: ', 'level': 'error'}, {'substr': 'NameError: ', 'level': 'error'}, {'substr': 'ZeroDivisionError: ', 'level': 'error'}, {'regex': <_sre.SRE_Pattern object at 0x262e3f0>, 'level': 'critical'}, {'regex': <_sre.SRE_Pattern object at 0x262e670>, 'level': 'critical'}], 'cwd': '/builds/slave/test/build', 'env': {'TMOUT': '86400', 'LOGNAME': 'cltbld', 'USER': 'cltbld', 'HOME': '/home/cltbld', 'PATH': '/usr/local/bin:/usr/local/bin:/usr/bin:/bin:/usr/local/games:/usr/games', 'DISPLAY': ':0', 'CCACHE_UMASK': '002', 'LANG': 'en_US.UTF-8', 'TERM': 'linux', 'SHELL': '/bin/bash', 'MOZ_NODE_PATH': '/usr/bin/node', 'XDG_SESSION_COOKIE': '9ca12473fbb1d023794ffd180000023c-1528501938.378352-414201781', 'SHLVL': '1', 'NO_FAIL_ON_TEST_ERRORS': '1', 'MOZ_NO_REMOTE': '1', 'MOZ_HIDE_RESULTS_TABLE': '1', 'MAIL': '/var/mail/cltbld', '_': '/tools/buildbot/bin/python', 'NODE_PATH': '/usr/lib/nodejs:/usr/lib/node_modules:/usr/share/javascript', 'PWD': '/builds/slave/test', 'PROPERTIES_FILE': '/builds/slave/test/buildprops.json', 'CCACHE_DIR': '/builds/ccache'}}, attempt #1
16:53:11     INFO - Running command: ['/builds/slave/test/build/venv/bin/pip', 'install', '--timeout', '120', '--no-index', '--find-links', 'http://pypi.pvt.build.mozilla.org/pub', '--find-links', 'http://pypi.pub.build.mozilla.org/pub', '--trusted-host', 'pypi.pub.build.mozilla.org', '--trusted-host', 'pypi.pvt.build.mozilla.org', 'mozsystemmonitor==0.3'] in /builds/slave/test/build
16:53:11     INFO - Copy/paste: /builds/slave/test/build/venv/bin/pip install --timeout 120 --no-index --find-links http://pypi.pvt.build.mozilla.org/pub --find-links http://pypi.pub.build.mozilla.org/pub --trusted-host pypi.pub.build.mozilla.org --trusted-host pypi.pvt.build.mozilla.org mozsystemmonitor==0.3
16:53:11     INFO - Using env: {'CCACHE_DIR': '/builds/ccache',
16:53:11     INFO -  'CCACHE_UMASK': '002',
16:53:11     INFO -  'DISPLAY': ':0',
16:53:11     INFO -  'HOME': '/home/cltbld',
16:53:11     INFO -  'LANG': 'en_US.UTF-8',
16:53:11     INFO -  'LOGNAME': 'cltbld',
16:53:11     INFO -  'MAIL': '/var/mail/cltbld',
16:53:11     INFO -  'MOZ_HIDE_RESULTS_TABLE': '1',
16:53:11     INFO -  'MOZ_NODE_PATH': '/usr/bin/node',
16:53:11     INFO -  'MOZ_NO_REMOTE': '1',
16:53:11     INFO -  'NODE_PATH': '/usr/lib/nodejs:/usr/lib/node_modules:/usr/share/javascript',
16:53:11     INFO -  'NO_FAIL_ON_TEST_ERRORS': '1',
16:53:11     INFO -  'PATH': '/usr/local/bin:/usr/local/bin:/usr/bin:/bin:/usr/local/games:/usr/games',
16:53:11     INFO -  'PROPERTIES_FILE': '/builds/slave/test/buildprops.json',
16:53:11     INFO -  'PWD': '/builds/slave/test',
16:53:11     INFO -  'SHELL': '/bin/bash',
16:53:11     INFO -  'SHLVL': '1',
16:53:11     INFO -  'TERM': 'linux',
16:53:11     INFO -  'TMOUT': '86400',
16:53:11     INFO -  'USER': 'cltbld',
16:53:11     INFO -  'XDG_SESSION_COOKIE': '9ca12473fbb1d023794ffd180000023c-1528501938.378352-414201781',
16:53:11     INFO -  '_': '/tools/buildbot/bin/python'}
16:53:12     INFO -  Ignoring indexes: https://pypi.python.org/simple
16:53:12     INFO -  Collecting mozsystemmonitor==0.3
16:53:12     INFO -  /builds/slave/test/build/venv/lib/python2.7/site-packages/pip/_vendor/requests/packages/urllib3/util/ssl_.py:318: SNIMissingWarning: An HTTPS request has been made, but the SNI (Subject Name Indication) extension to TLS is not available on this platform. This may cause the server to present an incorrect TLS certificate, which can cause validation failures. You can upgrade to a newer version of Python to solve this. For more information, see https://urllib3.readthedocs.org/en/latest/security.html#snimissingwarning.
16:53:12     INFO -    SNIMissingWarning
16:53:12     INFO -  /builds/slave/test/build/venv/lib/python2.7/site-packages/pip/_vendor/requests/packages/urllib3/util/ssl_.py:122: InsecurePlatformWarning: A true SSLContext object is not available. This prevents urllib3 from configuring SSL appropriately and may cause certain SSL connections to fail. You can upgrade to a newer version of Python to solve this. For more information, see https://urllib3.readthedocs.org/en/latest/security.html#insecureplatformwarning.
16:53:12     INFO -    InsecurePlatformWarning
16:53:13     INFO -  /builds/slave/test/build/venv/lib/python2.7/site-packages/pip/_vendor/requests/packages/urllib3/util/ssl_.py:122: InsecurePlatformWarning: A true SSLContext object is not available. This prevents urllib3 from configuring SSL appropriately and may cause certain SSL connections to fail. You can upgrade to a newer version of Python to solve this. For more information, see https://urllib3.readthedocs.org/en/latest/security.html#insecureplatformwarning.
16:53:13     INFO -    InsecurePlatformWarning
16:53:17     INFO -    Downloading https://pypi.pvt.build.mozilla.org/pub/mozsystemmonitor-0.3.tar.gz
16:53:17     INFO -  Requirement already satisfied (use --upgrade to upgrade): psutil>=3.1.1 in ./venv/lib/python2.7/site-packages (from mozsystemmonitor==0.3)
16:53:17     INFO -  Building wheels for collected packages: mozsystemmonitor
16:53:17     INFO -    Running setup.py bdist_wheel for mozsystemmonitor: started
16:53:17     INFO -    Running setup.py bdist_wheel for mozsystemmonitor: finished with status 'done'
16:53:17     INFO -    Stored in directory: /home/cltbld/.cache/pip/wheels/f4/b7/9c/8a88c92aaad7c1d8bbd68513e1d91ad7f62b7465808c516aa8
16:53:17     INFO -  Successfully built mozsystemmonitor
16:53:17     INFO -  Installing collected packages: mozsystemmonitor
16:53:18     INFO -  Successfully installed mozsystemmonitor-0.3
16:53:18     INFO - Return code: 0
16:53:18     INFO - Installing jsonschema==2.5.1 into virtualenv /builds/slave/test/build/venv
16:53:18     INFO - retry: Calling run_command with args: [['/builds/slave/test/build/venv/bin/pip', 'install', '--timeout', '120', '--no-index', '--find-links', 'http://pypi.pvt.build.mozilla.org/pub', '--find-links', 'http://pypi.pub.build.mozilla.org/pub', '--trusted-host', 'pypi.pub.build.mozilla.org', '--trusted-host', 'pypi.pvt.build.mozilla.org', 'jsonschema==2.5.1']], kwargs: {'error_level': 'warning', 'error_list': [{'substr': 'not found or a compiler error:', 'level': 'warning'}, {'regex': <_sre.SRE_Pattern object at 0x7f88d46c6110>, 'level': 'error'}, {'regex': <_sre.SRE_Pattern object at 0x7f88d47cee40>, 'level': 'warning'}, {'regex': <_sre.SRE_Pattern object at 0x26303e0>, 'level': 'debug'}, {'substr': 'command not found', 'level': 'error'}, {'regex': <_sre.SRE_Pattern object at 0x262ca90>, 'level': 'warning'}, {'substr': 'Traceback (most recent call last)', 'level': 'error'}, {'substr': 'SyntaxError: ', 'level': 'error'}, {'substr': 'TypeError: ', 'level': 'error'}, {'substr': 'NameError: ', 'level': 'error'}, {'substr': 'ZeroDivisionError: ', 'level': 'error'}, {'regex': <_sre.SRE_Pattern object at 0x262e3f0>, 'level': 'critical'}, {'regex': <_sre.SRE_Pattern object at 0x262e670>, 'level': 'critical'}], 'cwd': '/builds/slave/test/build', 'env': {'TMOUT': '86400', 'LOGNAME': 'cltbld', 'USER': 'cltbld', 'HOME': '/home/cltbld', 'PATH': '/usr/local/bin:/usr/local/bin:/usr/bin:/bin:/usr/local/games:/usr/games', 'DISPLAY': ':0', 'CCACHE_UMASK': '002', 'LANG': 'en_US.UTF-8', 'TERM': 'linux', 'SHELL': '/bin/bash', 'MOZ_NODE_PATH': '/usr/bin/node', 'XDG_SESSION_COOKIE': '9ca12473fbb1d023794ffd180000023c-1528501938.378352-414201781', 'SHLVL': '1', 'NO_FAIL_ON_TEST_ERRORS': '1', 'MOZ_NO_REMOTE': '1', 'MOZ_HIDE_RESULTS_TABLE': '1', 'MAIL': '/var/mail/cltbld', '_': '/tools/buildbot/bin/python', 'NODE_PATH': '/usr/lib/nodejs:/usr/lib/node_modules:/usr/share/javascript', 'PWD': '/builds/slave/test', 'PROPERTIES_FILE': '/builds/slave/test/buildprops.json', 'CCACHE_DIR': '/builds/ccache'}}, attempt #1
16:53:18     INFO - Running command: ['/builds/slave/test/build/venv/bin/pip', 'install', '--timeout', '120', '--no-index', '--find-links', 'http://pypi.pvt.build.mozilla.org/pub', '--find-links', 'http://pypi.pub.build.mozilla.org/pub', '--trusted-host', 'pypi.pub.build.mozilla.org', '--trusted-host', 'pypi.pvt.build.mozilla.org', 'jsonschema==2.5.1'] in /builds/slave/test/build
16:53:18     INFO - Copy/paste: /builds/slave/test/build/venv/bin/pip install --timeout 120 --no-index --find-links http://pypi.pvt.build.mozilla.org/pub --find-links http://pypi.pub.build.mozilla.org/pub --trusted-host pypi.pub.build.mozilla.org --trusted-host pypi.pvt.build.mozilla.org jsonschema==2.5.1
16:53:18     INFO - Using env: {'CCACHE_DIR': '/builds/ccache',
16:53:18     INFO -  'CCACHE_UMASK': '002',
16:53:18     INFO -  'DISPLAY': ':0',
16:53:18     INFO -  'HOME': '/home/cltbld',
16:53:18     INFO -  'LANG': 'en_US.UTF-8',
16:53:18     INFO -  'LOGNAME': 'cltbld',
16:53:18     INFO -  'MAIL': '/var/mail/cltbld',
16:53:18     INFO -  'MOZ_HIDE_RESULTS_TABLE': '1',
16:53:18     INFO -  'MOZ_NODE_PATH': '/usr/bin/node',
16:53:18     INFO -  'MOZ_NO_REMOTE': '1',
16:53:18     INFO -  'NODE_PATH': '/usr/lib/nodejs:/usr/lib/node_modules:/usr/share/javascript',
16:53:18     INFO -  'NO_FAIL_ON_TEST_ERRORS': '1',
16:53:18     INFO -  'PATH': '/usr/local/bin:/usr/local/bin:/usr/bin:/bin:/usr/local/games:/usr/games',
16:53:18     INFO -  'PROPERTIES_FILE': '/builds/slave/test/buildprops.json',
16:53:18     INFO -  'PWD': '/builds/slave/test',
16:53:18     INFO -  'SHELL': '/bin/bash',
16:53:18     INFO -  'SHLVL': '1',
16:53:18     INFO -  'TERM': 'linux',
16:53:18     INFO -  'TMOUT': '86400',
16:53:18     INFO -  'USER': 'cltbld',
16:53:18     INFO -  'XDG_SESSION_COOKIE': '9ca12473fbb1d023794ffd180000023c-1528501938.378352-414201781',
16:53:18     INFO -  '_': '/tools/buildbot/bin/python'}
16:53:19     INFO -  Ignoring indexes: https://pypi.python.org/simple
16:53:19     INFO -  Collecting jsonschema==2.5.1
16:53:19     INFO -  /builds/slave/test/build/venv/lib/python2.7/site-packages/pip/_vendor/requests/packages/urllib3/util/ssl_.py:318: SNIMissingWarning: An HTTPS request has been made, but the SNI (Subject Name Indication) extension to TLS is not available on this platform. This may cause the server to present an incorrect TLS certificate, which can cause validation failures. You can upgrade to a newer version of Python to solve this. For more information, see https://urllib3.readthedocs.org/en/latest/security.html#snimissingwarning.
16:53:19     INFO -    SNIMissingWarning
16:53:19     INFO -  /builds/slave/test/build/venv/lib/python2.7/site-packages/pip/_vendor/requests/packages/urllib3/util/ssl_.py:122: InsecurePlatformWarning: A true SSLContext object is not available. This prevents urllib3 from configuring SSL appropriately and may cause certain SSL connections to fail. You can upgrade to a newer version of Python to solve this. For more information, see https://urllib3.readthedocs.org/en/latest/security.html#insecureplatformwarning.
16:53:19     INFO -    InsecurePlatformWarning
16:53:20     INFO -  /builds/slave/test/build/venv/lib/python2.7/site-packages/pip/_vendor/requests/packages/urllib3/util/ssl_.py:122: InsecurePlatformWarning: A true SSLContext object is not available. This prevents urllib3 from configuring SSL appropriately and may cause certain SSL connections to fail. You can upgrade to a newer version of Python to solve this. For more information, see https://urllib3.readthedocs.org/en/latest/security.html#insecureplatformwarning.
16:53:20     INFO -    InsecurePlatformWarning
16:53:23     INFO -    Downloading https://pypi.pvt.build.mozilla.org/pub/jsonschema-2.5.1-py2.py3-none-any.whl
16:53:24     INFO -  Collecting functools32; python_version == "2.7" (from jsonschema==2.5.1)
16:53:28     INFO -    Downloading https://pypi.pvt.build.mozilla.org/pub/functools32-3.2.3-2.tar.gz
16:53:28     INFO -  Building wheels for collected packages: functools32
16:53:28     INFO -    Running setup.py bdist_wheel for functools32: started
16:53:29     INFO -    Running setup.py bdist_wheel for functools32: finished with status 'done'
16:53:29     INFO -    Stored in directory: /home/cltbld/.cache/pip/wheels/60/8e/5c/cd0944700dbec48e57da97dbe11bcc84b1332f6b43bc89d9b7
16:53:29     INFO -  Successfully built functools32
16:53:29     INFO -  Installing collected packages: functools32, jsonschema
16:53:29     INFO -  Successfully installed functools32-3.2.3.post2 jsonschema-2.5.1
16:53:29     INFO - Return code: 0
16:53:29     INFO - Installing functools32==3.2.3-2 into virtualenv /builds/slave/test/build/venv
16:53:29     INFO - retry: Calling run_command with args: [['/builds/slave/test/build/venv/bin/pip', 'install', '--timeout', '120', '--no-index', '--find-links', 'http://pypi.pvt.build.mozilla.org/pub', '--find-links', 'http://pypi.pub.build.mozilla.org/pub', '--trusted-host', 'pypi.pub.build.mozilla.org', '--trusted-host', 'pypi.pvt.build.mozilla.org', 'functools32==3.2.3-2']], kwargs: {'error_level': 'warning', 'error_list': [{'substr': 'not found or a compiler error:', 'level': 'warning'}, {'regex': <_sre.SRE_Pattern object at 0x7f88d46c6110>, 'level': 'error'}, {'regex': <_sre.SRE_Pattern object at 0x7f88d47cee40>, 'level': 'warning'}, {'regex': <_sre.SRE_Pattern object at 0x26303e0>, 'level': 'debug'}, {'substr': 'command not found', 'level': 'error'}, {'regex': <_sre.SRE_Pattern object at 0x262ca90>, 'level': 'warning'}, {'substr': 'Traceback (most recent call last)', 'level': 'error'}, {'substr': 'SyntaxError: ', 'level': 'error'}, {'substr': 'TypeError: ', 'level': 'error'}, {'substr': 'NameError: ', 'level': 'error'}, {'substr': 'ZeroDivisionError: ', 'level': 'error'}, {'regex': <_sre.SRE_Pattern object at 0x262e3f0>, 'level': 'critical'}, {'regex': <_sre.SRE_Pattern object at 0x262e670>, 'level': 'critical'}], 'cwd': '/builds/slave/test/build', 'env': {'TMOUT': '86400', 'LOGNAME': 'cltbld', 'USER': 'cltbld', 'HOME': '/home/cltbld', 'PATH': '/usr/local/bin:/usr/local/bin:/usr/bin:/bin:/usr/local/games:/usr/games', 'DISPLAY': ':0', 'CCACHE_UMASK': '002', 'LANG': 'en_US.UTF-8', 'TERM': 'linux', 'SHELL': '/bin/bash', 'MOZ_NODE_PATH': '/usr/bin/node', 'XDG_SESSION_COOKIE': '9ca12473fbb1d023794ffd180000023c-1528501938.378352-414201781', 'SHLVL': '1', 'NO_FAIL_ON_TEST_ERRORS': '1', 'MOZ_NO_REMOTE': '1', 'MOZ_HIDE_RESULTS_TABLE': '1', 'MAIL': '/var/mail/cltbld', '_': '/tools/buildbot/bin/python', 'NODE_PATH': '/usr/lib/nodejs:/usr/lib/node_modules:/usr/share/javascript', 'PWD': '/builds/slave/test', 'PROPERTIES_FILE': '/builds/slave/test/buildprops.json', 'CCACHE_DIR': '/builds/ccache'}}, attempt #1
16:53:29     INFO - Running command: ['/builds/slave/test/build/venv/bin/pip', 'install', '--timeout', '120', '--no-index', '--find-links', 'http://pypi.pvt.build.mozilla.org/pub', '--find-links', 'http://pypi.pub.build.mozilla.org/pub', '--trusted-host', 'pypi.pub.build.mozilla.org', '--trusted-host', 'pypi.pvt.build.mozilla.org', 'functools32==3.2.3-2'] in /builds/slave/test/build
16:53:29     INFO - Copy/paste: /builds/slave/test/build/venv/bin/pip install --timeout 120 --no-index --find-links http://pypi.pvt.build.mozilla.org/pub --find-links http://pypi.pub.build.mozilla.org/pub --trusted-host pypi.pub.build.mozilla.org --trusted-host pypi.pvt.build.mozilla.org functools32==3.2.3-2
16:53:29     INFO - Using env: {'CCACHE_DIR': '/builds/ccache',
16:53:29     INFO -  'CCACHE_UMASK': '002',
16:53:29     INFO -  'DISPLAY': ':0',
16:53:29     INFO -  'HOME': '/home/cltbld',
16:53:29     INFO -  'LANG': 'en_US.UTF-8',
16:53:29     INFO -  'LOGNAME': 'cltbld',
16:53:29     INFO -  'MAIL': '/var/mail/cltbld',
16:53:29     INFO -  'MOZ_HIDE_RESULTS_TABLE': '1',
16:53:29     INFO -  'MOZ_NODE_PATH': '/usr/bin/node',
16:53:29     INFO -  'MOZ_NO_REMOTE': '1',
16:53:29     INFO -  'NODE_PATH': '/usr/lib/nodejs:/usr/lib/node_modules:/usr/share/javascript',
16:53:29     INFO -  'NO_FAIL_ON_TEST_ERRORS': '1',
16:53:29     INFO -  'PATH': '/usr/local/bin:/usr/local/bin:/usr/bin:/bin:/usr/local/games:/usr/games',
16:53:29     INFO -  'PROPERTIES_FILE': '/builds/slave/test/buildprops.json',
16:53:29     INFO -  'PWD': '/builds/slave/test',
16:53:29     INFO -  'SHELL': '/bin/bash',
16:53:29     INFO -  'SHLVL': '1',
16:53:29     INFO -  'TERM': 'linux',
16:53:29     INFO -  'TMOUT': '86400',
16:53:29     INFO -  'USER': 'cltbld',
16:53:29     INFO -  'XDG_SESSION_COOKIE': '9ca12473fbb1d023794ffd180000023c-1528501938.378352-414201781',
16:53:29     INFO -  '_': '/tools/buildbot/bin/python'}
16:53:30     INFO -  Ignoring indexes: https://pypi.python.org/simple
16:53:30     INFO -  Requirement already satisfied (use --upgrade to upgrade): functools32==3.2.3-2 in ./venv/lib/python2.7/site-packages
16:53:30     INFO - Return code: 0
16:53:30     INFO - Installing blobuploader==1.2.4 into virtualenv /builds/slave/test/build/venv
16:53:30     INFO - retry: Calling run_command with args: [['/builds/slave/test/build/venv/bin/pip', 'install', '--timeout', '120', '--no-index', '--find-links', 'http://pypi.pvt.build.mozilla.org/pub', '--find-links', 'http://pypi.pub.build.mozilla.org/pub', '--trusted-host', 'pypi.pub.build.mozilla.org', '--trusted-host', 'pypi.pvt.build.mozilla.org', 'blobuploader==1.2.4']], kwargs: {'error_level': 'warning', 'error_list': [{'substr': 'not found or a compiler error:', 'level': 'warning'}, {'regex': <_sre.SRE_Pattern object at 0x7f88d46c6110>, 'level': 'error'}, {'regex': <_sre.SRE_Pattern object at 0x7f88d47cee40>, 'level': 'warning'}, {'regex': <_sre.SRE_Pattern object at 0x26303e0>, 'level': 'debug'}, {'substr': 'command not found', 'level': 'error'}, {'regex': <_sre.SRE_Pattern object at 0x262ca90>, 'level': 'warning'}, {'substr': 'Traceback (most recent call last)', 'level': 'error'}, {'substr': 'SyntaxError: ', 'level': 'error'}, {'substr': 'TypeError: ', 'level': 'error'}, {'substr': 'NameError: ', 'level': 'error'}, {'substr': 'ZeroDivisionError: ', 'level': 'error'}, {'regex': <_sre.SRE_Pattern object at 0x262e3f0>, 'level': 'critical'}, {'regex': <_sre.SRE_Pattern object at 0x262e670>, 'level': 'critical'}], 'cwd': '/builds/slave/test/build', 'env': {'TMOUT': '86400', 'LOGNAME': 'cltbld', 'USER': 'cltbld', 'HOME': '/home/cltbld', 'PATH': '/usr/local/bin:/usr/local/bin:/usr/bin:/bin:/usr/local/games:/usr/games', 'DISPLAY': ':0', 'CCACHE_UMASK': '002', 'LANG': 'en_US.UTF-8', 'TERM': 'linux', 'SHELL': '/bin/bash', 'MOZ_NODE_PATH': '/usr/bin/node', 'XDG_SESSION_COOKIE': '9ca12473fbb1d023794ffd180000023c-1528501938.378352-414201781', 'SHLVL': '1', 'NO_FAIL_ON_TEST_ERRORS': '1', 'MOZ_NO_REMOTE': '1', 'MOZ_HIDE_RESULTS_TABLE': '1', 'MAIL': '/var/mail/cltbld', '_': '/tools/buildbot/bin/python', 'NODE_PATH': '/usr/lib/nodejs:/usr/lib/node_modules:/usr/share/javascript', 'PWD': '/builds/slave/test', 'PROPERTIES_FILE': '/builds/slave/test/buildprops.json', 'CCACHE_DIR': '/builds/ccache'}}, attempt #1
16:53:30     INFO - Running command: ['/builds/slave/test/build/venv/bin/pip', 'install', '--timeout', '120', '--no-index', '--find-links', 'http://pypi.pvt.build.mozilla.org/pub', '--find-links', 'http://pypi.pub.build.mozilla.org/pub', '--trusted-host', 'pypi.pub.build.mozilla.org', '--trusted-host', 'pypi.pvt.build.mozilla.org', 'blobuploader==1.2.4'] in /builds/slave/test/build
16:53:30     INFO - Copy/paste: /builds/slave/test/build/venv/bin/pip install --timeout 120 --no-index --find-links http://pypi.pvt.build.mozilla.org/pub --find-links http://pypi.pub.build.mozilla.org/pub --trusted-host pypi.pub.build.mozilla.org --trusted-host pypi.pvt.build.mozilla.org blobuploader==1.2.4
16:53:30     INFO - Using env: {'CCACHE_DIR': '/builds/ccache',
16:53:30     INFO -  'CCACHE_UMASK': '002',
16:53:30     INFO -  'DISPLAY': ':0',
16:53:30     INFO -  'HOME': '/home/cltbld',
16:53:30     INFO -  'LANG': 'en_US.UTF-8',
16:53:30     INFO -  'LOGNAME': 'cltbld',
16:53:30     INFO -  'MAIL': '/var/mail/cltbld',
16:53:30     INFO -  'MOZ_HIDE_RESULTS_TABLE': '1',
16:53:30     INFO -  'MOZ_NODE_PATH': '/usr/bin/node',
16:53:30     INFO -  'MOZ_NO_REMOTE': '1',
16:53:30     INFO -  'NODE_PATH': '/usr/lib/nodejs:/usr/lib/node_modules:/usr/share/javascript',
16:53:30     INFO -  'NO_FAIL_ON_TEST_ERRORS': '1',
16:53:30     INFO -  'PATH': '/usr/local/bin:/usr/local/bin:/usr/bin:/bin:/usr/local/games:/usr/games',
16:53:30     INFO -  'PROPERTIES_FILE': '/builds/slave/test/buildprops.json',
16:53:30     INFO -  'PWD': '/builds/slave/test',
16:53:30     INFO -  'SHELL': '/bin/bash',
16:53:30     INFO -  'SHLVL': '1',
16:53:30     INFO -  'TERM': 'linux',
16:53:30     INFO -  'TMOUT': '86400',
16:53:30     INFO -  'USER': 'cltbld',
16:53:30     INFO -  'XDG_SESSION_COOKIE': '9ca12473fbb1d023794ffd180000023c-1528501938.378352-414201781',
16:53:30     INFO -  '_': '/tools/buildbot/bin/python'}
16:53:31     INFO -  Ignoring indexes: https://pypi.python.org/simple
16:53:31     INFO -  Collecting blobuploader==1.2.4
16:53:31     INFO -  /builds/slave/test/build/venv/lib/python2.7/site-packages/pip/_vendor/requests/packages/urllib3/util/ssl_.py:318: SNIMissingWarning: An HTTPS request has been made, but the SNI (Subject Name Indication) extension to TLS is not available on this platform. This may cause the server to present an incorrect TLS certificate, which can cause validation failures. You can upgrade to a newer version of Python to solve this. For more information, see https://urllib3.readthedocs.org/en/latest/security.html#snimissingwarning.
16:53:31     INFO -    SNIMissingWarning
16:53:31     INFO -  /builds/slave/test/build/venv/lib/python2.7/site-packages/pip/_vendor/requests/packages/urllib3/util/ssl_.py:122: InsecurePlatformWarning: A true SSLContext object is not available. This prevents urllib3 from configuring SSL appropriately and may cause certain SSL connections to fail. You can upgrade to a newer version of Python to solve this. For more information, see https://urllib3.readthedocs.org/en/latest/security.html#insecureplatformwarning.
16:53:31     INFO -    InsecurePlatformWarning
16:53:32     INFO -  /builds/slave/test/build/venv/lib/python2.7/site-packages/pip/_vendor/requests/packages/urllib3/util/ssl_.py:122: InsecurePlatformWarning: A true SSLContext object is not available. This prevents urllib3 from configuring SSL appropriately and may cause certain SSL connections to fail. You can upgrade to a newer version of Python to solve this. For more information, see https://urllib3.readthedocs.org/en/latest/security.html#insecureplatformwarning.
16:53:32     INFO -    InsecurePlatformWarning
16:53:35     INFO -    Downloading https://pypi.pvt.build.mozilla.org/pub/blobuploader-1.2.4.tar.gz
16:53:36     INFO -  Collecting requests==1.2.3. (from blobuploader==1.2.4)
16:53:40     INFO -    Downloading https://pypi.pvt.build.mozilla.org/pub/requests-1.2.3.tar.gz (348kB)
16:53:41     INFO -  Collecting docopt==0.6.1 (from blobuploader==1.2.4)
16:53:45     INFO -    Downloading https://pypi.pvt.build.mozilla.org/pub/docopt-0.6.1.tar.gz
16:53:46     INFO -  Building wheels for collected packages: blobuploader, requests, docopt
16:53:46     INFO -    Running setup.py bdist_wheel for blobuploader: started
16:53:46     INFO -    Running setup.py bdist_wheel for blobuploader: finished with status 'done'
16:53:46     INFO -    Stored in directory: /home/cltbld/.cache/pip/wheels/a7/2a/47/2d3828e4129ffeb548a26f4a87889dc9bc1a58e201a0ff8655
16:53:46     INFO -    Running setup.py bdist_wheel for requests: started
16:53:47     INFO -    Running setup.py bdist_wheel for requests: finished with status 'done'
16:53:47     INFO -    Stored in directory: /home/cltbld/.cache/pip/wheels/65/bb/90/359b65a7043ffc879dde877c4ad827f452218808c6cccf2658
16:53:47     INFO -    Running setup.py bdist_wheel for docopt: started
16:53:48     INFO -    Running setup.py bdist_wheel for docopt: finished with status 'done'
16:53:48     INFO -    Stored in directory: /home/cltbld/.cache/pip/wheels/ac/8b/84/7dbe9ada02c48c352fa733c81648516f92c6436f9d5bffad41
16:53:48     INFO -  Successfully built blobuploader requests docopt
16:53:48     INFO -  Installing collected packages: requests, docopt, blobuploader
16:53:48     INFO -  Successfully installed blobuploader-1.2.4 docopt-0.6.1 requests-1.2.3
16:53:49     INFO - Return code: 0
16:53:49     INFO - Installing None into virtualenv /builds/slave/test/build/venv
16:53:49     INFO - retry: Calling run_command with args: [['/builds/slave/test/build/venv/bin/pip', 'install', '--no-deps', '--timeout', '120', '-r', '/builds/slave/test/build/tests/config/mozbase_requirements.txt', '--no-index', '--find-links', 'http://pypi.pvt.build.mozilla.org/pub', '--find-links', 'http://pypi.pub.build.mozilla.org/pub', '--trusted-host', 'pypi.pub.build.mozilla.org', '--trusted-host', 'pypi.pvt.build.mozilla.org']], kwargs: {'error_level': 'warning', 'error_list': [{'substr': 'not found or a compiler error:', 'level': 'warning'}, {'regex': <_sre.SRE_Pattern object at 0x7f88d46c6110>, 'level': 'error'}, {'regex': <_sre.SRE_Pattern object at 0x7f88d47cee40>, 'level': 'warning'}, {'regex': <_sre.SRE_Pattern object at 0x26303e0>, 'level': 'debug'}, {'substr': 'command not found', 'level': 'error'}, {'regex': <_sre.SRE_Pattern object at 0x262ca90>, 'level': 'warning'}, {'substr': 'Traceback (most recent call last)', 'level': 'error'}, {'substr': 'SyntaxError: ', 'level': 'error'}, {'substr': 'TypeError: ', 'level': 'error'}, {'substr': 'NameError: ', 'level': 'error'}, {'substr': 'ZeroDivisionError: ', 'level': 'error'}, {'regex': <_sre.SRE_Pattern object at 0x262e3f0>, 'level': 'critical'}, {'regex': <_sre.SRE_Pattern object at 0x262e670>, 'level': 'critical'}], 'cwd': '/builds/slave/test/build/tests/config', 'env': {'TMOUT': '86400', 'LOGNAME': 'cltbld', 'USER': 'cltbld', 'HOME': '/home/cltbld', 'PATH': '/usr/local/bin:/usr/local/bin:/usr/bin:/bin:/usr/local/games:/usr/games', 'DISPLAY': ':0', 'CCACHE_UMASK': '002', 'LANG': 'en_US.UTF-8', 'TERM': 'linux', 'SHELL': '/bin/bash', 'MOZ_NODE_PATH': '/usr/bin/node', 'XDG_SESSION_COOKIE': '9ca12473fbb1d023794ffd180000023c-1528501938.378352-414201781', 'SHLVL': '1', 'NO_FAIL_ON_TEST_ERRORS': '1', 'MOZ_NO_REMOTE': '1', 'MOZ_HIDE_RESULTS_TABLE': '1', 'MAIL': '/var/mail/cltbld', '_': '/tools/buildbot/bin/python', 'NODE_PATH': '/usr/lib/nodejs:/usr/lib/node_modules:/usr/share/javascript', 'PWD': '/builds/slave/test', 'PROPERTIES_FILE': '/builds/slave/test/buildprops.json', 'CCACHE_DIR': '/builds/ccache'}}, attempt #1
16:53:49     INFO - Running command: ['/builds/slave/test/build/venv/bin/pip', 'install', '--no-deps', '--timeout', '120', '-r', '/builds/slave/test/build/tests/config/mozbase_requirements.txt', '--no-index', '--find-links', 'http://pypi.pvt.build.mozilla.org/pub', '--find-links', 'http://pypi.pub.build.mozilla.org/pub', '--trusted-host', 'pypi.pub.build.mozilla.org', '--trusted-host', 'pypi.pvt.build.mozilla.org'] in /builds/slave/test/build/tests/config
16:53:49     INFO - Copy/paste: /builds/slave/test/build/venv/bin/pip install --no-deps --timeout 120 -r /builds/slave/test/build/tests/config/mozbase_requirements.txt --no-index --find-links http://pypi.pvt.build.mozilla.org/pub --find-links http://pypi.pub.build.mozilla.org/pub --trusted-host pypi.pub.build.mozilla.org --trusted-host pypi.pvt.build.mozilla.org
16:53:49     INFO - Using env: {'CCACHE_DIR': '/builds/ccache',
16:53:49     INFO -  'CCACHE_UMASK': '002',
16:53:49     INFO -  'DISPLAY': ':0',
16:53:49     INFO -  'HOME': '/home/cltbld',
16:53:49     INFO -  'LANG': 'en_US.UTF-8',
16:53:49     INFO -  'LOGNAME': 'cltbld',
16:53:49     INFO -  'MAIL': '/var/mail/cltbld',
16:53:49     INFO -  'MOZ_HIDE_RESULTS_TABLE': '1',
16:53:49     INFO -  'MOZ_NODE_PATH': '/usr/bin/node',
16:53:49     INFO -  'MOZ_NO_REMOTE': '1',
16:53:49     INFO -  'NODE_PATH': '/usr/lib/nodejs:/usr/lib/node_modules:/usr/share/javascript',
16:53:49     INFO -  'NO_FAIL_ON_TEST_ERRORS': '1',
16:53:49     INFO -  'PATH': '/usr/local/bin:/usr/local/bin:/usr/bin:/bin:/usr/local/games:/usr/games',
16:53:49     INFO -  'PROPERTIES_FILE': '/builds/slave/test/buildprops.json',
16:53:49     INFO -  'PWD': '/builds/slave/test',
16:53:49     INFO -  'SHELL': '/bin/bash',
16:53:49     INFO -  'SHLVL': '1',
16:53:49     INFO -  'TERM': 'linux',
16:53:49     INFO -  'TMOUT': '86400',
16:53:49     INFO -  'USER': 'cltbld',
16:53:49     INFO -  'XDG_SESSION_COOKIE': '9ca12473fbb1d023794ffd180000023c-1528501938.378352-414201781',
16:53:49     INFO -  '_': '/tools/buildbot/bin/python'}
16:53:50     INFO -  Ignoring indexes: https://pypi.python.org/simple
16:53:50     INFO -  Processing /builds/slave/test/build/tests/mozbase/manifestparser
16:53:50     INFO -  Processing /builds/slave/test/build/tests/mozbase/mozcrash
16:53:50     INFO -  Processing /builds/slave/test/build/tests/mozbase/mozdebug
16:53:51     INFO -  Processing /builds/slave/test/build/tests/mozbase/mozdevice
16:53:51     INFO -  Processing /builds/slave/test/build/tests/mozbase/mozfile
16:53:52     INFO -  Processing /builds/slave/test/build/tests/mozbase/mozhttpd
16:53:52     INFO -  Processing /builds/slave/test/build/tests/mozbase/mozinfo
16:53:52     INFO -  Processing /builds/slave/test/build/tests/mozbase/mozinstall
16:53:53     INFO -  Processing /builds/slave/test/build/tests/mozbase/mozleak
16:53:53     INFO -  Processing /builds/slave/test/build/tests/mozbase/mozlog
16:53:53     INFO -  Processing /builds/slave/test/build/tests/mozbase/moznetwork
16:53:54     INFO -  Processing /builds/slave/test/build/tests/mozbase/mozprocess
16:53:54     INFO -  Processing /builds/slave/test/build/tests/mozbase/mozprofile
16:53:54     INFO -  Processing /builds/slave/test/build/tests/mozbase/mozrunner
16:53:55     INFO -  Processing /builds/slave/test/build/tests/mozbase/mozscreenshot
16:53:55     INFO -  Processing /builds/slave/test/build/tests/mozbase/moztest
16:53:56     INFO -  Processing /builds/slave/test/build/tests/mozbase/mozversion
16:53:56     INFO -  Installing collected packages: manifestparser, mozcrash, mozdebug, mozdevice, mozfile, mozhttpd, mozinfo, mozInstall, mozleak, mozlog, moznetwork, mozprocess, mozprofile, mozrunner, mozscreenshot, moztest, mozversion
16:53:56     INFO -    Running setup.py install for manifestparser: started
16:53:56     INFO -      Running setup.py install for manifestparser: finished with status 'done'
16:53:56     INFO -    Running setup.py install for mozcrash: started
16:53:57     INFO -      Running setup.py install for mozcrash: finished with status 'done'
16:53:57     INFO -    Running setup.py install for mozdebug: started
16:53:57     INFO -      Running setup.py install for mozdebug: finished with status 'done'
16:53:57     INFO -    Running setup.py install for mozdevice: started
16:53:58     INFO -      Running setup.py install for mozdevice: finished with status 'done'
16:53:58     INFO -    Running setup.py install for mozfile: started
16:53:58     INFO -      Running setup.py install for mozfile: finished with status 'done'
16:53:58     INFO -    Running setup.py install for mozhttpd: started
16:53:59     INFO -      Running setup.py install for mozhttpd: finished with status 'done'
16:53:59     INFO -    Running setup.py install for mozinfo: started
16:53:59     INFO -      Running setup.py install for mozinfo: finished with status 'done'
16:53:59     INFO -    Running setup.py install for mozInstall: started
16:53:59     INFO -      Running setup.py install for mozInstall: finished with status 'done'
16:53:59     INFO -    Running setup.py install for mozleak: started
16:54:00     INFO -      Running setup.py install for mozleak: finished with status 'done'
16:54:00     INFO -    Running setup.py install for mozlog: started
16:54:00     INFO -      Running setup.py install for mozlog: finished with status 'done'
16:54:01     INFO -    Running setup.py install for moznetwork: started
16:54:01     INFO -      Running setup.py install for moznetwork: finished with status 'done'
16:54:01     INFO -    Running setup.py install for mozprocess: started
16:54:02     INFO -      Running setup.py install for mozprocess: finished with status 'done'
16:54:02     INFO -    Running setup.py install for mozprofile: started
16:54:02     INFO -      Running setup.py install for mozprofile: finished with status 'done'
16:54:02     INFO -    Running setup.py install for mozrunner: started
16:54:03     INFO -      Running setup.py install for mozrunner: finished with status 'done'
16:54:03     INFO -    Running setup.py install for mozscreenshot: started
16:54:03     INFO -      Running setup.py install for mozscreenshot: finished with status 'done'
16:54:03     INFO -    Running setup.py install for moztest: started
16:54:04     INFO -      Running setup.py install for moztest: finished with status 'done'
16:54:04     INFO -    Running setup.py install for mozversion: started
16:54:05     INFO -      Running setup.py install for mozversion: finished with status 'done'
16:54:05     INFO -  Successfully installed manifestparser-1.1 mozInstall-1.12 mozcrash-1.0 mozdebug-0.1 mozdevice-0.48 mozfile-1.2 mozhttpd-0.7 mozinfo-0.9 mozleak-0.1 mozlog-3.4 moznetwork-0.27 mozprocess-0.23 mozprofile-0.28 mozrunner-6.13 mozscreenshot-0.1 moztest-0.8 mozversion-1.4
16:54:05     INFO - Return code: 0
16:54:05     INFO - Installing None into virtualenv /builds/slave/test/build/venv
16:54:05     INFO - retry: Calling run_command with args: [['/builds/slave/test/build/venv/bin/pip', 'install', '--timeout', '120', '-r', '/builds/slave/test/build/tests/config/mozbase_requirements.txt', '--no-index', '--find-links', 'http://pypi.pvt.build.mozilla.org/pub', '--find-links', 'http://pypi.pub.build.mozilla.org/pub', '--trusted-host', 'pypi.pub.build.mozilla.org', '--trusted-host', 'pypi.pvt.build.mozilla.org']], kwargs: {'error_level': 'warning', 'error_list': [{'substr': 'not found or a compiler error:', 'level': 'warning'}, {'regex': <_sre.SRE_Pattern object at 0x7f88d46c6110>, 'level': 'error'}, {'regex': <_sre.SRE_Pattern object at 0x7f88d47cee40>, 'level': 'warning'}, {'regex': <_sre.SRE_Pattern object at 0x26303e0>, 'level': 'debug'}, {'substr': 'command not found', 'level': 'error'}, {'regex': <_sre.SRE_Pattern object at 0x262ca90>, 'level': 'warning'}, {'substr': 'Traceback (most recent call last)', 'level': 'error'}, {'substr': 'SyntaxError: ', 'level': 'error'}, {'substr': 'TypeError: ', 'level': 'error'}, {'substr': 'NameError: ', 'level': 'error'}, {'substr': 'ZeroDivisionError: ', 'level': 'error'}, {'regex': <_sre.SRE_Pattern object at 0x262e3f0>, 'level': 'critical'}, {'regex': <_sre.SRE_Pattern object at 0x262e670>, 'level': 'critical'}], 'cwd': '/builds/slave/test/build/tests/config', 'env': {'TMOUT': '86400', 'LOGNAME': 'cltbld', 'USER': 'cltbld', 'HOME': '/home/cltbld', 'PATH': '/usr/local/bin:/usr/local/bin:/usr/bin:/bin:/usr/local/games:/usr/games', 'DISPLAY': ':0', 'CCACHE_UMASK': '002', 'LANG': 'en_US.UTF-8', 'TERM': 'linux', 'SHELL': '/bin/bash', 'MOZ_NODE_PATH': '/usr/bin/node', 'XDG_SESSION_COOKIE': '9ca12473fbb1d023794ffd180000023c-1528501938.378352-414201781', 'SHLVL': '1', 'NO_FAIL_ON_TEST_ERRORS': '1', 'MOZ_NO_REMOTE': '1', 'MOZ_HIDE_RESULTS_TABLE': '1', 'MAIL': '/var/mail/cltbld', '_': '/tools/buildbot/bin/python', 'NODE_PATH': '/usr/lib/nodejs:/usr/lib/node_modules:/usr/share/javascript', 'PWD': '/builds/slave/test', 'PROPERTIES_FILE': '/builds/slave/test/buildprops.json', 'CCACHE_DIR': '/builds/ccache'}}, attempt #1
16:54:05     INFO - Running command: ['/builds/slave/test/build/venv/bin/pip', 'install', '--timeout', '120', '-r', '/builds/slave/test/build/tests/config/mozbase_requirements.txt', '--no-index', '--find-links', 'http://pypi.pvt.build.mozilla.org/pub', '--find-links', 'http://pypi.pub.build.mozilla.org/pub', '--trusted-host', 'pypi.pub.build.mozilla.org', '--trusted-host', 'pypi.pvt.build.mozilla.org'] in /builds/slave/test/build/tests/config
16:54:05     INFO - Copy/paste: /builds/slave/test/build/venv/bin/pip install --timeout 120 -r /builds/slave/test/build/tests/config/mozbase_requirements.txt --no-index --find-links http://pypi.pvt.build.mozilla.org/pub --find-links http://pypi.pub.build.mozilla.org/pub --trusted-host pypi.pub.build.mozilla.org --trusted-host pypi.pvt.build.mozilla.org
16:54:05     INFO - Using env: {'CCACHE_DIR': '/builds/ccache',
16:54:05     INFO -  'CCACHE_UMASK': '002',
16:54:05     INFO -  'DISPLAY': ':0',
16:54:05     INFO -  'HOME': '/home/cltbld',
16:54:05     INFO -  'LANG': 'en_US.UTF-8',
16:54:05     INFO -  'LOGNAME': 'cltbld',
16:54:05     INFO -  'MAIL': '/var/mail/cltbld',
16:54:05     INFO -  'MOZ_HIDE_RESULTS_TABLE': '1',
16:54:05     INFO -  'MOZ_NODE_PATH': '/usr/bin/node',
16:54:05     INFO -  'MOZ_NO_REMOTE': '1',
16:54:05     INFO -  'NODE_PATH': '/usr/lib/nodejs:/usr/lib/node_modules:/usr/share/javascript',
16:54:05     INFO -  'NO_FAIL_ON_TEST_ERRORS': '1',
16:54:05     INFO -  'PATH': '/usr/local/bin:/usr/local/bin:/usr/bin:/bin:/usr/local/games:/usr/games',
16:54:05     INFO -  'PROPERTIES_FILE': '/builds/slave/test/buildprops.json',
16:54:05     INFO -  'PWD': '/builds/slave/test',
16:54:05     INFO -  'SHELL': '/bin/bash',
16:54:05     INFO -  'SHLVL': '1',
16:54:05     INFO -  'TERM': 'linux',
16:54:05     INFO -  'TMOUT': '86400',
16:54:05     INFO -  'USER': 'cltbld',
16:54:05     INFO -  'XDG_SESSION_COOKIE': '9ca12473fbb1d023794ffd180000023c-1528501938.378352-414201781',
16:54:05     INFO -  '_': '/tools/buildbot/bin/python'}
16:54:06     INFO -  Ignoring indexes: https://pypi.python.org/simple
16:54:06     INFO -  Processing /builds/slave/test/build/tests/mozbase/manifestparser
16:54:07     INFO -    Requirement already satisfied (use --upgrade to upgrade): manifestparser==1.1 from file:///builds/slave/test/build/tests/mozbase/manifestparser in /builds/slave/test/build/venv/lib/python2.7/site-packages (from -r /builds/slave/test/build/tests/config/mozbase_requirements.txt (line 1))
16:54:07     INFO -  Processing /builds/slave/test/build/tests/mozbase/mozcrash
16:54:07     INFO -    Requirement already satisfied (use --upgrade to upgrade): mozcrash==1.0 from file:///builds/slave/test/build/tests/mozbase/mozcrash in /builds/slave/test/build/venv/lib/python2.7/site-packages (from -r /builds/slave/test/build/tests/config/mozbase_requirements.txt (line 2))
16:54:07     INFO -  Processing /builds/slave/test/build/tests/mozbase/mozdebug
16:54:08     INFO -    Requirement already satisfied (use --upgrade to upgrade): mozdebug==0.1 from file:///builds/slave/test/build/tests/mozbase/mozdebug in /builds/slave/test/build/venv/lib/python2.7/site-packages (from -r /builds/slave/test/build/tests/config/mozbase_requirements.txt (line 3))
16:54:08     INFO -  Processing /builds/slave/test/build/tests/mozbase/mozdevice
16:54:08     INFO -    Requirement already satisfied (use --upgrade to upgrade): mozdevice==0.48 from file:///builds/slave/test/build/tests/mozbase/mozdevice in /builds/slave/test/build/venv/lib/python2.7/site-packages (from -r /builds/slave/test/build/tests/config/mozbase_requirements.txt (line 4))
16:54:08     INFO -  Processing /builds/slave/test/build/tests/mozbase/mozfile
16:54:08     INFO -    Requirement already satisfied (use --upgrade to upgrade): mozfile==1.2 from file:///builds/slave/test/build/tests/mozbase/mozfile in /builds/slave/test/build/venv/lib/python2.7/site-packages (from -r /builds/slave/test/build/tests/config/mozbase_requirements.txt (line 5))
16:54:08     INFO -  Processing /builds/slave/test/build/tests/mozbase/mozhttpd
16:54:09     INFO -    Requirement already satisfied (use --upgrade to upgrade): mozhttpd==0.7 from file:///builds/slave/test/build/tests/mozbase/mozhttpd in /builds/slave/test/build/venv/lib/python2.7/site-packages (from -r /builds/slave/test/build/tests/config/mozbase_requirements.txt (line 6))
16:54:09     INFO -  Processing /builds/slave/test/build/tests/mozbase/mozinfo
16:54:09     INFO -    Requirement already satisfied (use --upgrade to upgrade): mozinfo==0.9 from file:///builds/slave/test/build/tests/mozbase/mozinfo in /builds/slave/test/build/venv/lib/python2.7/site-packages (from -r /builds/slave/test/build/tests/config/mozbase_requirements.txt (line 7))
16:54:09     INFO -  Processing /builds/slave/test/build/tests/mozbase/mozinstall
16:54:09     INFO -    Requirement already satisfied (use --upgrade to upgrade): mozInstall==1.12 from file:///builds/slave/test/build/tests/mozbase/mozinstall in /builds/slave/test/build/venv/lib/python2.7/site-packages (from -r /builds/slave/test/build/tests/config/mozbase_requirements.txt (line 8))
16:54:09     INFO -  Processing /builds/slave/test/build/tests/mozbase/mozleak
16:54:10     INFO -    Requirement already satisfied (use --upgrade to upgrade): mozleak==0.1 from file:///builds/slave/test/build/tests/mozbase/mozleak in /builds/slave/test/build/venv/lib/python2.7/site-packages (from -r /builds/slave/test/build/tests/config/mozbase_requirements.txt (line 9))
16:54:10     INFO -  Processing /builds/slave/test/build/tests/mozbase/mozlog
16:54:10     INFO -    Requirement already satisfied (use --upgrade to upgrade): mozlog==3.4 from file:///builds/slave/test/build/tests/mozbase/mozlog in /builds/slave/test/build/venv/lib/python2.7/site-packages (from -r /builds/slave/test/build/tests/config/mozbase_requirements.txt (line 10))
16:54:10     INFO -  Processing /builds/slave/test/build/tests/mozbase/moznetwork
16:54:11     INFO -    Requirement already satisfied (use --upgrade to upgrade): moznetwork==0.27 from file:///builds/slave/test/build/tests/mozbase/moznetwork in /builds/slave/test/build/venv/lib/python2.7/site-packages (from -r /builds/slave/test/build/tests/config/mozbase_requirements.txt (line 11))
16:54:11     INFO -  Processing /builds/slave/test/build/tests/mozbase/mozprocess
16:54:11     INFO -    Requirement already satisfied (use --upgrade to upgrade): mozprocess==0.23 from file:///builds/slave/test/build/tests/mozbase/mozprocess in /builds/slave/test/build/venv/lib/python2.7/site-packages (from -r /builds/slave/test/build/tests/config/mozbase_requirements.txt (line 12))
16:54:11     INFO -  Processing /builds/slave/test/build/tests/mozbase/mozprofile
16:54:11     INFO -    Requirement already satisfied (use --upgrade to upgrade): mozprofile==0.28 from file:///builds/slave/test/build/tests/mozbase/mozprofile in /builds/slave/test/build/venv/lib/python2.7/site-packages (from -r /builds/slave/test/build/tests/config/mozbase_requirements.txt (line 13))
16:54:11     INFO -  Processing /builds/slave/test/build/tests/mozbase/mozrunner
16:54:12     INFO -    Requirement already satisfied (use --upgrade to upgrade): mozrunner==6.13 from file:///builds/slave/test/build/tests/mozbase/mozrunner in /builds/slave/test/build/venv/lib/python2.7/site-packages (from -r /builds/slave/test/build/tests/config/mozbase_requirements.txt (line 14))
16:54:12     INFO -  Processing /builds/slave/test/build/tests/mozbase/mozscreenshot
16:54:12     INFO -    Requirement already satisfied (use --upgrade to upgrade): mozscreenshot==0.1 from file:///builds/slave/test/build/tests/mozbase/mozscreenshot in /builds/slave/test/build/venv/lib/python2.7/site-packages (from -r /builds/slave/test/build/tests/config/mozbase_requirements.txt (line 15))
16:54:12     INFO -  Processing /builds/slave/test/build/tests/mozbase/moztest
16:54:12     INFO -    Requirement already satisfied (use --upgrade to upgrade): moztest==0.8 from file:///builds/slave/test/build/tests/mozbase/moztest in /builds/slave/test/build/venv/lib/python2.7/site-packages (from -r /builds/slave/test/build/tests/config/mozbase_requirements.txt (line 16))
16:54:12     INFO -  Processing /builds/slave/test/build/tests/mozbase/mozversion
16:54:13     INFO -    Requirement already satisfied (use --upgrade to upgrade): mozversion==1.4 from file:///builds/slave/test/build/tests/mozbase/mozversion in /builds/slave/test/build/venv/lib/python2.7/site-packages (from -r /builds/slave/test/build/tests/config/mozbase_requirements.txt (line 17))
16:54:13     INFO -  Requirement already satisfied (use --upgrade to upgrade): mozfile>=1.0 in /builds/slave/test/build/venv/lib/python2.7/site-packages (from mozcrash==1.0->-r /builds/slave/test/build/tests/config/mozbase_requirements.txt (line 2))
16:54:13     INFO -  Requirement already satisfied (use --upgrade to upgrade): mozlog>=3.0 in /builds/slave/test/build/venv/lib/python2.7/site-packages (from mozcrash==1.0->-r /builds/slave/test/build/tests/config/mozbase_requirements.txt (line 2))
16:54:13     INFO -  Requirement already satisfied (use --upgrade to upgrade): mozinfo in /builds/slave/test/build/venv/lib/python2.7/site-packages (from mozdebug==0.1->-r /builds/slave/test/build/tests/config/mozbase_requirements.txt (line 3))
16:54:13     INFO -  Requirement already satisfied (use --upgrade to upgrade): moznetwork>=0.24 in /builds/slave/test/build/venv/lib/python2.7/site-packages (from mozdevice==0.48->-r /builds/slave/test/build/tests/config/mozbase_requirements.txt (line 4))
16:54:13     INFO -  Requirement already satisfied (use --upgrade to upgrade): mozprocess>=0.19 in /builds/slave/test/build/venv/lib/python2.7/site-packages (from mozdevice==0.48->-r /builds/slave/test/build/tests/config/mozbase_requirements.txt (line 4))
16:54:13     INFO -  Collecting blessings>=1.3 (from mozlog==3.4->-r /builds/slave/test/build/tests/config/mozbase_requirements.txt (line 10))
16:54:13     INFO -  /builds/slave/test/build/venv/lib/python2.7/site-packages/pip/_vendor/requests/packages/urllib3/util/ssl_.py:318: SNIMissingWarning: An HTTPS request has been made, but the SNI (Subject Name Indication) extension to TLS is not available on this platform. This may cause the server to present an incorrect TLS certificate, which can cause validation failures. You can upgrade to a newer version of Python to solve this. For more information, see https://urllib3.readthedocs.org/en/latest/security.html#snimissingwarning.
16:54:13     INFO -    SNIMissingWarning
16:54:13     INFO -  /builds/slave/test/build/venv/lib/python2.7/site-packages/pip/_vendor/requests/packages/urllib3/util/ssl_.py:122: InsecurePlatformWarning: A true SSLContext object is not available. This prevents urllib3 from configuring SSL appropriately and may cause certain SSL connections to fail. You can upgrade to a newer version of Python to solve this. For more information, see https://urllib3.readthedocs.org/en/latest/security.html#insecureplatformwarning.
16:54:13     INFO -    InsecurePlatformWarning
16:54:14     INFO -  /builds/slave/test/build/venv/lib/python2.7/site-packages/pip/_vendor/requests/packages/urllib3/util/ssl_.py:122: InsecurePlatformWarning: A true SSLContext object is not available. This prevents urllib3 from configuring SSL appropriately and may cause certain SSL connections to fail. You can upgrade to a newer version of Python to solve this. For more information, see https://urllib3.readthedocs.org/en/latest/security.html#insecureplatformwarning.
16:54:14     INFO -    InsecurePlatformWarning
16:54:18     INFO -    Downloading https://pypi.pvt.build.mozilla.org/pub/blessings-1.6.tar.gz
16:54:18     INFO -  Building wheels for collected packages: blessings
16:54:18     INFO -    Running setup.py bdist_wheel for blessings: started
16:54:19     INFO -    Running setup.py bdist_wheel for blessings: finished with status 'done'
16:54:19     INFO -    Stored in directory: /home/cltbld/.cache/pip/wheels/fb/37/ae/c6b15ed5da2ead5847df54c8319487050d4dcc950c9795eae9
16:54:19     INFO -  Successfully built blessings
16:54:19     INFO -  Installing collected packages: blessings
16:54:19     INFO -  Successfully installed blessings-1.6
16:54:19     INFO - Return code: 0
16:54:19     INFO - Installing pip>=1.5 into virtualenv /builds/slave/test/build/venv
16:54:19     INFO - retry: Calling run_command with args: [['/builds/slave/test/build/venv/bin/pip', 'install', '--timeout', '120', '--no-index', '--find-links', 'http://pypi.pvt.build.mozilla.org/pub', '--find-links', 'http://pypi.pub.build.mozilla.org/pub', '--trusted-host', 'pypi.pub.build.mozilla.org', '--trusted-host', 'pypi.pvt.build.mozilla.org', 'pip>=1.5']], kwargs: {'error_level': 'warning', 'error_list': [{'substr': 'not found or a compiler error:', 'level': 'warning'}, {'regex': <_sre.SRE_Pattern object at 0x7f88d46c6110>, 'level': 'error'}, {'regex': <_sre.SRE_Pattern object at 0x7f88d47cee40>, 'level': 'warning'}, {'regex': <_sre.SRE_Pattern object at 0x26303e0>, 'level': 'debug'}, {'substr': 'command not found', 'level': 'error'}, {'regex': <_sre.SRE_Pattern object at 0x262ca90>, 'level': 'warning'}, {'substr': 'Traceback (most recent call last)', 'level': 'error'}, {'substr': 'SyntaxError: ', 'level': 'error'}, {'substr': 'TypeError: ', 'level': 'error'}, {'substr': 'NameError: ', 'level': 'error'}, {'substr': 'ZeroDivisionError: ', 'level': 'error'}, {'regex': <_sre.SRE_Pattern object at 0x262e3f0>, 'level': 'critical'}, {'regex': <_sre.SRE_Pattern object at 0x262e670>, 'level': 'critical'}], 'cwd': '/builds/slave/test/build', 'env': {'TMOUT': '86400', 'LOGNAME': 'cltbld', 'USER': 'cltbld', 'HOME': '/home/cltbld', 'PATH': '/usr/local/bin:/usr/local/bin:/usr/bin:/bin:/usr/local/games:/usr/games', 'DISPLAY': ':0', 'CCACHE_UMASK': '002', 'LANG': 'en_US.UTF-8', 'TERM': 'linux', 'SHELL': '/bin/bash', 'MOZ_NODE_PATH': '/usr/bin/node', 'XDG_SESSION_COOKIE': '9ca12473fbb1d023794ffd180000023c-1528501938.378352-414201781', 'SHLVL': '1', 'NO_FAIL_ON_TEST_ERRORS': '1', 'MOZ_NO_REMOTE': '1', 'MOZ_HIDE_RESULTS_TABLE': '1', 'MAIL': '/var/mail/cltbld', '_': '/tools/buildbot/bin/python', 'NODE_PATH': '/usr/lib/nodejs:/usr/lib/node_modules:/usr/share/javascript', 'PWD': '/builds/slave/test', 'PROPERTIES_FILE': '/builds/slave/test/buildprops.json', 'CCACHE_DIR': '/builds/ccache'}}, attempt #1
16:54:19     INFO - Running command: ['/builds/slave/test/build/venv/bin/pip', 'install', '--timeout', '120', '--no-index', '--find-links', 'http://pypi.pvt.build.mozilla.org/pub', '--find-links', 'http://pypi.pub.build.mozilla.org/pub', '--trusted-host', 'pypi.pub.build.mozilla.org', '--trusted-host', 'pypi.pvt.build.mozilla.org', 'pip>=1.5'] in /builds/slave/test/build
16:54:19     INFO - Copy/paste: /builds/slave/test/build/venv/bin/pip install --timeout 120 --no-index --find-links http://pypi.pvt.build.mozilla.org/pub --find-links http://pypi.pub.build.mozilla.org/pub --trusted-host pypi.pub.build.mozilla.org --trusted-host pypi.pvt.build.mozilla.org pip>=1.5
16:54:19     INFO - Using env: {'CCACHE_DIR': '/builds/ccache',
16:54:19     INFO -  'CCACHE_UMASK': '002',
16:54:19     INFO -  'DISPLAY': ':0',
16:54:19     INFO -  'HOME': '/home/cltbld',
16:54:19     INFO -  'LANG': 'en_US.UTF-8',
16:54:19     INFO -  'LOGNAME': 'cltbld',
16:54:19     INFO -  'MAIL': '/var/mail/cltbld',
16:54:19     INFO -  'MOZ_HIDE_RESULTS_TABLE': '1',
16:54:19     INFO -  'MOZ_NODE_PATH': '/usr/bin/node',
16:54:19     INFO -  'MOZ_NO_REMOTE': '1',
16:54:19     INFO -  'NODE_PATH': '/usr/lib/nodejs:/usr/lib/node_modules:/usr/share/javascript',
16:54:19     INFO -  'NO_FAIL_ON_TEST_ERRORS': '1',
16:54:19     INFO -  'PATH': '/usr/local/bin:/usr/local/bin:/usr/bin:/bin:/usr/local/games:/usr/games',
16:54:19     INFO -  'PROPERTIES_FILE': '/builds/slave/test/buildprops.json',
16:54:19     INFO -  'PWD': '/builds/slave/test',
16:54:19     INFO -  'SHELL': '/bin/bash',
16:54:19     INFO -  'SHLVL': '1',
16:54:19     INFO -  'TERM': 'linux',
16:54:19     INFO -  'TMOUT': '86400',
16:54:19     INFO -  'USER': 'cltbld',
16:54:19     INFO -  'XDG_SESSION_COOKIE': '9ca12473fbb1d023794ffd180000023c-1528501938.378352-414201781',
16:54:19     INFO -  '_': '/tools/buildbot/bin/python'}
16:54:20     INFO -  Ignoring indexes: https://pypi.python.org/simple
16:54:20     INFO -  Requirement already satisfied (use --upgrade to upgrade): pip>=1.5 in ./venv/lib/python2.7/site-packages
16:54:20     INFO - Return code: 0
16:54:20     INFO - Installing psutil==3.1.1 into virtualenv /builds/slave/test/build/venv
16:54:20     INFO - retry: Calling run_command with args: [['/builds/slave/test/build/venv/bin/pip', 'install', '--timeout', '120', '--no-index', '--find-links', 'http://pypi.pvt.build.mozilla.org/pub', '--find-links', 'http://pypi.pub.build.mozilla.org/pub', '--trusted-host', 'pypi.pub.build.mozilla.org', '--trusted-host', 'pypi.pvt.build.mozilla.org', 'psutil==3.1.1']], kwargs: {'error_level': 'warning', 'error_list': [{'substr': 'not found or a compiler error:', 'level': 'warning'}, {'regex': <_sre.SRE_Pattern object at 0x7f88d46c6110>, 'level': 'error'}, {'regex': <_sre.SRE_Pattern object at 0x7f88d47cee40>, 'level': 'warning'}, {'regex': <_sre.SRE_Pattern object at 0x26303e0>, 'level': 'debug'}, {'substr': 'command not found', 'level': 'error'}, {'regex': <_sre.SRE_Pattern object at 0x262ca90>, 'level': 'warning'}, {'substr': 'Traceback (most recent call last)', 'level': 'error'}, {'substr': 'SyntaxError: ', 'level': 'error'}, {'substr': 'TypeError: ', 'level': 'error'}, {'substr': 'NameError: ', 'level': 'error'}, {'substr': 'ZeroDivisionError: ', 'level': 'error'}, {'regex': <_sre.SRE_Pattern object at 0x262e3f0>, 'level': 'critical'}, {'regex': <_sre.SRE_Pattern object at 0x262e670>, 'level': 'critical'}], 'cwd': '/builds/slave/test/build', 'env': {'TMOUT': '86400', 'LOGNAME': 'cltbld', 'USER': 'cltbld', 'HOME': '/home/cltbld', 'PATH': '/usr/local/bin:/usr/local/bin:/usr/bin:/bin:/usr/local/games:/usr/games', 'DISPLAY': ':0', 'CCACHE_UMASK': '002', 'LANG': 'en_US.UTF-8', 'TERM': 'linux', 'SHELL': '/bin/bash', 'MOZ_NODE_PATH': '/usr/bin/node', 'XDG_SESSION_COOKIE': '9ca12473fbb1d023794ffd180000023c-1528501938.378352-414201781', 'SHLVL': '1', 'NO_FAIL_ON_TEST_ERRORS': '1', 'MOZ_NO_REMOTE': '1', 'MOZ_HIDE_RESULTS_TABLE': '1', 'MAIL': '/var/mail/cltbld', '_': '/tools/buildbot/bin/python', 'NODE_PATH': '/usr/lib/nodejs:/usr/lib/node_modules:/usr/share/javascript', 'PWD': '/builds/slave/test', 'PROPERTIES_FILE': '/builds/slave/test/buildprops.json', 'CCACHE_DIR': '/builds/ccache'}}, attempt #1
16:54:20     INFO - Running command: ['/builds/slave/test/build/venv/bin/pip', 'install', '--timeout', '120', '--no-index', '--find-links', 'http://pypi.pvt.build.mozilla.org/pub', '--find-links', 'http://pypi.pub.build.mozilla.org/pub', '--trusted-host', 'pypi.pub.build.mozilla.org', '--trusted-host', 'pypi.pvt.build.mozilla.org', 'psutil==3.1.1'] in /builds/slave/test/build
16:54:20     INFO - Copy/paste: /builds/slave/test/build/venv/bin/pip install --timeout 120 --no-index --find-links http://pypi.pvt.build.mozilla.org/pub --find-links http://pypi.pub.build.mozilla.org/pub --trusted-host pypi.pub.build.mozilla.org --trusted-host pypi.pvt.build.mozilla.org psutil==3.1.1
16:54:20     INFO - Using env: {'CCACHE_DIR': '/builds/ccache',
16:54:20     INFO -  'CCACHE_UMASK': '002',
16:54:20     INFO -  'DISPLAY': ':0',
16:54:20     INFO -  'HOME': '/home/cltbld',
16:54:20     INFO -  'LANG': 'en_US.UTF-8',
16:54:20     INFO -  'LOGNAME': 'cltbld',
16:54:20     INFO -  'MAIL': '/var/mail/cltbld',
16:54:20     INFO -  'MOZ_HIDE_RESULTS_TABLE': '1',
16:54:20     INFO -  'MOZ_NODE_PATH': '/usr/bin/node',
16:54:20     INFO -  'MOZ_NO_REMOTE': '1',
16:54:20     INFO -  'NODE_PATH': '/usr/lib/nodejs:/usr/lib/node_modules:/usr/share/javascript',
16:54:20     INFO -  'NO_FAIL_ON_TEST_ERRORS': '1',
16:54:20     INFO -  'PATH': '/usr/local/bin:/usr/local/bin:/usr/bin:/bin:/usr/local/games:/usr/games',
16:54:20     INFO -  'PROPERTIES_FILE': '/builds/slave/test/buildprops.json',
16:54:20     INFO -  'PWD': '/builds/slave/test',
16:54:20     INFO -  'SHELL': '/bin/bash',
16:54:20     INFO -  'SHLVL': '1',
16:54:20     INFO -  'TERM': 'linux',
16:54:20     INFO -  'TMOUT': '86400',
16:54:20     INFO -  'USER': 'cltbld',
16:54:20     INFO -  'XDG_SESSION_COOKIE': '9ca12473fbb1d023794ffd180000023c-1528501938.378352-414201781',
16:54:20     INFO -  '_': '/tools/buildbot/bin/python'}
16:54:21     INFO -  Ignoring indexes: https://pypi.python.org/simple
16:54:21     INFO -  Collecting psutil==3.1.1
16:54:21     INFO -  /builds/slave/test/build/venv/lib/python2.7/site-packages/pip/_vendor/requests/packages/urllib3/util/ssl_.py:318: SNIMissingWarning: An HTTPS request has been made, but the SNI (Subject Name Indication) extension to TLS is not available on this platform. This may cause the server to present an incorrect TLS certificate, which can cause validation failures. You can upgrade to a newer version of Python to solve this. For more information, see https://urllib3.readthedocs.org/en/latest/security.html#snimissingwarning.
16:54:21     INFO -    SNIMissingWarning
16:54:21     INFO -  /builds/slave/test/build/venv/lib/python2.7/site-packages/pip/_vendor/requests/packages/urllib3/util/ssl_.py:122: InsecurePlatformWarning: A true SSLContext object is not available. This prevents urllib3 from configuring SSL appropriately and may cause certain SSL connections to fail. You can upgrade to a newer version of Python to solve this. For more information, see https://urllib3.readthedocs.org/en/latest/security.html#insecureplatformwarning.
16:54:21     INFO -    InsecurePlatformWarning
16:54:22     INFO -  /builds/slave/test/build/venv/lib/python2.7/site-packages/pip/_vendor/requests/packages/urllib3/util/ssl_.py:122: InsecurePlatformWarning: A true SSLContext object is not available. This prevents urllib3 from configuring SSL appropriately and may cause certain SSL connections to fail. You can upgrade to a newer version of Python to solve this. For more information, see https://urllib3.readthedocs.org/en/latest/security.html#insecureplatformwarning.
16:54:22     INFO -    InsecurePlatformWarning
16:54:26     INFO -    Downloading https://pypi.pvt.build.mozilla.org/pub/psutil-3.1.1.tar.gz (247kB)
16:54:27     INFO -  Building wheels for collected packages: psutil
16:54:27     INFO -    Running setup.py bdist_wheel for psutil: started
16:54:28     INFO -    Running setup.py bdist_wheel for psutil: finished with status 'done'
16:54:28     INFO -    Stored in directory: /home/cltbld/.cache/pip/wheels/1e/e6/25/f0494673fc8d727828e74362e3beb4cbaf34d8be516156ba0c
16:54:28     INFO -  Successfully built psutil
16:54:28     INFO -  Installing collected packages: psutil
16:54:28     INFO -    Found existing installation: psutil 5.4.3
16:54:28     INFO -      Uninstalling psutil-5.4.3:
16:54:28     INFO -        Successfully uninstalled psutil-5.4.3
16:54:28     INFO -  Successfully installed psutil-3.1.1
16:54:29     INFO - Return code: 0
16:54:29     INFO - Installing mock into virtualenv /builds/slave/test/build/venv
16:54:29     INFO - retry: Calling run_command with args: [['/builds/slave/test/build/venv/bin/pip', 'install', '--timeout', '120', '--no-index', '--find-links', 'http://pypi.pvt.build.mozilla.org/pub', '--find-links', 'http://pypi.pub.build.mozilla.org/pub', '--trusted-host', 'pypi.pub.build.mozilla.org', '--trusted-host', 'pypi.pvt.build.mozilla.org', 'mock']], kwargs: {'error_level': 'warning', 'error_list': [{'substr': 'not found or a compiler error:', 'level': 'warning'}, {'regex': <_sre.SRE_Pattern object at 0x7f88d46c6110>, 'level': 'error'}, {'regex': <_sre.SRE_Pattern object at 0x7f88d47cee40>, 'level': 'warning'}, {'regex': <_sre.SRE_Pattern object at 0x26303e0>, 'level': 'debug'}, {'substr': 'command not found', 'level': 'error'}, {'regex': <_sre.SRE_Pattern object at 0x262ca90>, 'level': 'warning'}, {'substr': 'Traceback (most recent call last)', 'level': 'error'}, {'substr': 'SyntaxError: ', 'level': 'error'}, {'substr': 'TypeError: ', 'level': 'error'}, {'substr': 'NameError: ', 'level': 'error'}, {'substr': 'ZeroDivisionError: ', 'level': 'error'}, {'regex': <_sre.SRE_Pattern object at 0x262e3f0>, 'level': 'critical'}, {'regex': <_sre.SRE_Pattern object at 0x262e670>, 'level': 'critical'}], 'cwd': '/builds/slave/test/build', 'env': {'TMOUT': '86400', 'LOGNAME': 'cltbld', 'USER': 'cltbld', 'HOME': '/home/cltbld', 'PATH': '/usr/local/bin:/usr/local/bin:/usr/bin:/bin:/usr/local/games:/usr/games', 'DISPLAY': ':0', 'CCACHE_UMASK': '002', 'LANG': 'en_US.UTF-8', 'TERM': 'linux', 'SHELL': '/bin/bash', 'MOZ_NODE_PATH': '/usr/bin/node', 'XDG_SESSION_COOKIE': '9ca12473fbb1d023794ffd180000023c-1528501938.378352-414201781', 'SHLVL': '1', 'NO_FAIL_ON_TEST_ERRORS': '1', 'MOZ_NO_REMOTE': '1', 'MOZ_HIDE_RESULTS_TABLE': '1', 'MAIL': '/var/mail/cltbld', '_': '/tools/buildbot/bin/python', 'NODE_PATH': '/usr/lib/nodejs:/usr/lib/node_modules:/usr/share/javascript', 'PWD': '/builds/slave/test', 'PROPERTIES_FILE': '/builds/slave/test/buildprops.json', 'CCACHE_DIR': '/builds/ccache'}}, attempt #1
16:54:29     INFO - Running command: ['/builds/slave/test/build/venv/bin/pip', 'install', '--timeout', '120', '--no-index', '--find-links', 'http://pypi.pvt.build.mozilla.org/pub', '--find-links', 'http://pypi.pub.build.mozilla.org/pub', '--trusted-host', 'pypi.pub.build.mozilla.org', '--trusted-host', 'pypi.pvt.build.mozilla.org', 'mock'] in /builds/slave/test/build
16:54:29     INFO - Copy/paste: /builds/slave/test/build/venv/bin/pip install --timeout 120 --no-index --find-links http://pypi.pvt.build.mozilla.org/pub --find-links http://pypi.pub.build.mozilla.org/pub --trusted-host pypi.pub.build.mozilla.org --trusted-host pypi.pvt.build.mozilla.org mock
16:54:29     INFO - Using env: {'CCACHE_DIR': '/builds/ccache',
16:54:29     INFO -  'CCACHE_UMASK': '002',
16:54:29     INFO -  'DISPLAY': ':0',
16:54:29     INFO -  'HOME': '/home/cltbld',
16:54:29     INFO -  'LANG': 'en_US.UTF-8',
16:54:29     INFO -  'LOGNAME': 'cltbld',
16:54:29     INFO -  'MAIL': '/var/mail/cltbld',
16:54:29     INFO -  'MOZ_HIDE_RESULTS_TABLE': '1',
16:54:29     INFO -  'MOZ_NODE_PATH': '/usr/bin/node',
16:54:29     INFO -  'MOZ_NO_REMOTE': '1',
16:54:29     INFO -  'NODE_PATH': '/usr/lib/nodejs:/usr/lib/node_modules:/usr/share/javascript',
16:54:29     INFO -  'NO_FAIL_ON_TEST_ERRORS': '1',
16:54:29     INFO -  'PATH': '/usr/local/bin:/usr/local/bin:/usr/bin:/bin:/usr/local/games:/usr/games',
16:54:29     INFO -  'PROPERTIES_FILE': '/builds/slave/test/buildprops.json',
16:54:29     INFO -  'PWD': '/builds/slave/test',
16:54:29     INFO -  'SHELL': '/bin/bash',
16:54:29     INFO -  'SHLVL': '1',
16:54:29     INFO -  'TERM': 'linux',
16:54:29     INFO -  'TMOUT': '86400',
16:54:29     INFO -  'USER': 'cltbld',
16:54:29     INFO -  'XDG_SESSION_COOKIE': '9ca12473fbb1d023794ffd180000023c-1528501938.378352-414201781',
16:54:29     INFO -  '_': '/tools/buildbot/bin/python'}
16:54:29     INFO -  Ignoring indexes: https://pypi.python.org/simple
16:54:29     INFO -  Collecting mock
16:54:30     INFO -  /builds/slave/test/build/venv/lib/python2.7/site-packages/pip/_vendor/requests/packages/urllib3/util/ssl_.py:318: SNIMissingWarning: An HTTPS request has been made, but the SNI (Subject Name Indication) extension to TLS is not available on this platform. This may cause the server to present an incorrect TLS certificate, which can cause validation failures. You can upgrade to a newer version of Python to solve this. For more information, see https://urllib3.readthedocs.org/en/latest/security.html#snimissingwarning.
16:54:30     INFO -    SNIMissingWarning
16:54:30     INFO -  /builds/slave/test/build/venv/lib/python2.7/site-packages/pip/_vendor/requests/packages/urllib3/util/ssl_.py:122: InsecurePlatformWarning: A true SSLContext object is not available. This prevents urllib3 from configuring SSL appropriately and may cause certain SSL connections to fail. You can upgrade to a newer version of Python to solve this. For more information, see https://urllib3.readthedocs.org/en/latest/security.html#insecureplatformwarning.
16:54:30     INFO -    InsecurePlatformWarning
16:54:31     INFO -  /builds/slave/test/build/venv/lib/python2.7/site-packages/pip/_vendor/requests/packages/urllib3/util/ssl_.py:122: InsecurePlatformWarning: A true SSLContext object is not available. This prevents urllib3 from configuring SSL appropriately and may cause certain SSL connections to fail. You can upgrade to a newer version of Python to solve this. For more information, see https://urllib3.readthedocs.org/en/latest/security.html#insecureplatformwarning.
16:54:31     INFO -    InsecurePlatformWarning
16:54:34     INFO -    Downloading https://pypi.pvt.build.mozilla.org/pub/mock-1.0.1.tar.gz (818kB)
16:54:35     INFO -  Building wheels for collected packages: mock
16:54:35     INFO -    Running setup.py bdist_wheel for mock: started
16:54:36     INFO -    Running setup.py bdist_wheel for mock: finished with status 'done'
16:54:36     INFO -    Stored in directory: /home/cltbld/.cache/pip/wheels/42/d3/87/79283a2f50dfedbfad996edf7028483b27c5953e56856af7d0
16:54:36     INFO -  Successfully built mock
16:54:36     INFO -  Installing collected packages: mock
16:54:36     INFO -  Successfully installed mock-1.0.1
16:54:36     INFO - Return code: 0
16:54:36     INFO - Installing simplejson into virtualenv /builds/slave/test/build/venv
16:54:36     INFO - retry: Calling run_command with args: [['/builds/slave/test/build/venv/bin/pip', 'install', '--timeout', '120', '--no-index', '--find-links', 'http://pypi.pvt.build.mozilla.org/pub', '--find-links', 'http://pypi.pub.build.mozilla.org/pub', '--trusted-host', 'pypi.pub.build.mozilla.org', '--trusted-host', 'pypi.pvt.build.mozilla.org', 'simplejson']], kwargs: {'error_level': 'warning', 'error_list': [{'substr': 'not found or a compiler error:', 'level': 'warning'}, {'regex': <_sre.SRE_Pattern object at 0x7f88d46c6110>, 'level': 'error'}, {'regex': <_sre.SRE_Pattern object at 0x7f88d47cee40>, 'level': 'warning'}, {'regex': <_sre.SRE_Pattern object at 0x26303e0>, 'level': 'debug'}, {'substr': 'command not found', 'level': 'error'}, {'regex': <_sre.SRE_Pattern object at 0x262ca90>, 'level': 'warning'}, {'substr': 'Traceback (most recent call last)', 'level': 'error'}, {'substr': 'SyntaxError: ', 'level': 'error'}, {'substr': 'TypeError: ', 'level': 'error'}, {'substr': 'NameError: ', 'level': 'error'}, {'substr': 'ZeroDivisionError: ', 'level': 'error'}, {'regex': <_sre.SRE_Pattern object at 0x262e3f0>, 'level': 'critical'}, {'regex': <_sre.SRE_Pattern object at 0x262e670>, 'level': 'critical'}], 'cwd': '/builds/slave/test/build', 'env': {'TMOUT': '86400', 'LOGNAME': 'cltbld', 'USER': 'cltbld', 'HOME': '/home/cltbld', 'PATH': '/usr/local/bin:/usr/local/bin:/usr/bin:/bin:/usr/local/games:/usr/games', 'DISPLAY': ':0', 'CCACHE_UMASK': '002', 'LANG': 'en_US.UTF-8', 'TERM': 'linux', 'SHELL': '/bin/bash', 'MOZ_NODE_PATH': '/usr/bin/node', 'XDG_SESSION_COOKIE': '9ca12473fbb1d023794ffd180000023c-1528501938.378352-414201781', 'SHLVL': '1', 'NO_FAIL_ON_TEST_ERRORS': '1', 'MOZ_NO_REMOTE': '1', 'MOZ_HIDE_RESULTS_TABLE': '1', 'MAIL': '/var/mail/cltbld', '_': '/tools/buildbot/bin/python', 'NODE_PATH': '/usr/lib/nodejs:/usr/lib/node_modules:/usr/share/javascript', 'PWD': '/builds/slave/test', 'PROPERTIES_FILE': '/builds/slave/test/buildprops.json', 'CCACHE_DIR': '/builds/ccache'}}, attempt #1
16:54:36     INFO - Running command: ['/builds/slave/test/build/venv/bin/pip', 'install', '--timeout', '120', '--no-index', '--find-links', 'http://pypi.pvt.build.mozilla.org/pub', '--find-links', 'http://pypi.pub.build.mozilla.org/pub', '--trusted-host', 'pypi.pub.build.mozilla.org', '--trusted-host', 'pypi.pvt.build.mozilla.org', 'simplejson'] in /builds/slave/test/build
16:54:36     INFO - Copy/paste: /builds/slave/test/build/venv/bin/pip install --timeout 120 --no-index --find-links http://pypi.pvt.build.mozilla.org/pub --find-links http://pypi.pub.build.mozilla.org/pub --trusted-host pypi.pub.build.mozilla.org --trusted-host pypi.pvt.build.mozilla.org simplejson
16:54:36     INFO - Using env: {'CCACHE_DIR': '/builds/ccache',
16:54:36     INFO -  'CCACHE_UMASK': '002',
16:54:36     INFO -  'DISPLAY': ':0',
16:54:36     INFO -  'HOME': '/home/cltbld',
16:54:36     INFO -  'LANG': 'en_US.UTF-8',
16:54:36     INFO -  'LOGNAME': 'cltbld',
16:54:36     INFO -  'MAIL': '/var/mail/cltbld',
16:54:36     INFO -  'MOZ_HIDE_RESULTS_TABLE': '1',
16:54:36     INFO -  'MOZ_NODE_PATH': '/usr/bin/node',
16:54:36     INFO -  'MOZ_NO_REMOTE': '1',
16:54:36     INFO -  'NODE_PATH': '/usr/lib/nodejs:/usr/lib/node_modules:/usr/share/javascript',
16:54:36     INFO -  'NO_FAIL_ON_TEST_ERRORS': '1',
16:54:36     INFO -  'PATH': '/usr/local/bin:/usr/local/bin:/usr/bin:/bin:/usr/local/games:/usr/games',
16:54:36     INFO -  'PROPERTIES_FILE': '/builds/slave/test/buildprops.json',
16:54:36     INFO -  'PWD': '/builds/slave/test',
16:54:36     INFO -  'SHELL': '/bin/bash',
16:54:36     INFO -  'SHLVL': '1',
16:54:36     INFO -  'TERM': 'linux',
16:54:36     INFO -  'TMOUT': '86400',
16:54:36     INFO -  'USER': 'cltbld',
16:54:36     INFO -  'XDG_SESSION_COOKIE': '9ca12473fbb1d023794ffd180000023c-1528501938.378352-414201781',
16:54:36     INFO -  '_': '/tools/buildbot/bin/python'}
16:54:37     INFO -  Ignoring indexes: https://pypi.python.org/simple
16:54:37     INFO -  Collecting simplejson
16:54:37     INFO -  /builds/slave/test/build/venv/lib/python2.7/site-packages/pip/_vendor/requests/packages/urllib3/util/ssl_.py:318: SNIMissingWarning: An HTTPS request has been made, but the SNI (Subject Name Indication) extension to TLS is not available on this platform. This may cause the server to present an incorrect TLS certificate, which can cause validation failures. You can upgrade to a newer version of Python to solve this. For more information, see https://urllib3.readthedocs.org/en/latest/security.html#snimissingwarning.
16:54:37     INFO -    SNIMissingWarning
16:54:37     INFO -  /builds/slave/test/build/venv/lib/python2.7/site-packages/pip/_vendor/requests/packages/urllib3/util/ssl_.py:122: InsecurePlatformWarning: A true SSLContext object is not available. This prevents urllib3 from configuring SSL appropriately and may cause certain SSL connections to fail. You can upgrade to a newer version of Python to solve this. For more information, see https://urllib3.readthedocs.org/en/latest/security.html#insecureplatformwarning.
16:54:37     INFO -    InsecurePlatformWarning
16:54:38     INFO -  /builds/slave/test/build/venv/lib/python2.7/site-packages/pip/_vendor/requests/packages/urllib3/util/ssl_.py:122: InsecurePlatformWarning: A true SSLContext object is not available. This prevents urllib3 from configuring SSL appropriately and may cause certain SSL connections to fail. You can upgrade to a newer version of Python to solve this. For more information, see https://urllib3.readthedocs.org/en/latest/security.html#insecureplatformwarning.
16:54:38     INFO -    InsecurePlatformWarning
16:54:42     INFO -    Downloading https://pypi.pvt.build.mozilla.org/pub/simplejson-3.3.0.tar.gz (67kB)
16:54:42     INFO -  Building wheels for collected packages: simplejson
16:54:42     INFO -    Running setup.py bdist_wheel for simplejson: started
16:54:44     INFO -    Running setup.py bdist_wheel for simplejson: finished with status 'done'
16:54:44     INFO -    Stored in directory: /home/cltbld/.cache/pip/wheels/b1/26/8f/72b2a349729d24b9c6aa399407fddd384f8814e045e6de407e
16:54:44     INFO -  Successfully built simplejson
16:54:44     INFO -  Installing collected packages: simplejson
16:54:45     INFO -  Successfully installed simplejson-3.3.0
16:54:45     INFO - Return code: 0
16:54:45     INFO - Installing None into virtualenv /builds/slave/test/build/venv
16:54:45     INFO - retry: Calling run_command with args: [['/builds/slave/test/build/venv/bin/pip', 'install', '--no-deps', '--timeout', '120', '-r', '/builds/slave/test/build/tests/config/marionette_requirements.txt', '--no-index', '--find-links', 'http://pypi.pvt.build.mozilla.org/pub', '--find-links', 'http://pypi.pub.build.mozilla.org/pub', '--trusted-host', 'pypi.pub.build.mozilla.org', '--trusted-host', 'pypi.pvt.build.mozilla.org']], kwargs: {'error_level': 'warning', 'error_list': [{'substr': 'not found or a compiler error:', 'level': 'warning'}, {'regex': <_sre.SRE_Pattern object at 0x7f88d46c6110>, 'level': 'error'}, {'regex': <_sre.SRE_Pattern object at 0x7f88d47cee40>, 'level': 'warning'}, {'regex': <_sre.SRE_Pattern object at 0x26303e0>, 'level': 'debug'}, {'substr': 'command not found', 'level': 'error'}, {'regex': <_sre.SRE_Pattern object at 0x262ca90>, 'level': 'warning'}, {'substr': 'Traceback (most recent call last)', 'level': 'error'}, {'substr': 'SyntaxError: ', 'level': 'error'}, {'substr': 'TypeError: ', 'level': 'error'}, {'substr': 'NameError: ', 'level': 'error'}, {'substr': 'ZeroDivisionError: ', 'level': 'error'}, {'regex': <_sre.SRE_Pattern object at 0x262e3f0>, 'level': 'critical'}, {'regex': <_sre.SRE_Pattern object at 0x262e670>, 'level': 'critical'}], 'cwd': '/builds/slave/test/build/tests/config', 'env': {'TMOUT': '86400', 'LOGNAME': 'cltbld', 'USER': 'cltbld', 'HOME': '/home/cltbld', 'PATH': '/usr/local/bin:/usr/local/bin:/usr/bin:/bin:/usr/local/games:/usr/games', 'DISPLAY': ':0', 'CCACHE_UMASK': '002', 'LANG': 'en_US.UTF-8', 'TERM': 'linux', 'SHELL': '/bin/bash', 'MOZ_NODE_PATH': '/usr/bin/node', 'XDG_SESSION_COOKIE': '9ca12473fbb1d023794ffd180000023c-1528501938.378352-414201781', 'SHLVL': '1', 'NO_FAIL_ON_TEST_ERRORS': '1', 'MOZ_NO_REMOTE': '1', 'MOZ_HIDE_RESULTS_TABLE': '1', 'MAIL': '/var/mail/cltbld', '_': '/tools/buildbot/bin/python', 'NODE_PATH': '/usr/lib/nodejs:/usr/lib/node_modules:/usr/share/javascript', 'PWD': '/builds/slave/test', 'PROPERTIES_FILE': '/builds/slave/test/buildprops.json', 'CCACHE_DIR': '/builds/ccache'}}, attempt #1
16:54:45     INFO - Running command: ['/builds/slave/test/build/venv/bin/pip', 'install', '--no-deps', '--timeout', '120', '-r', '/builds/slave/test/build/tests/config/marionette_requirements.txt', '--no-index', '--find-links', 'http://pypi.pvt.build.mozilla.org/pub', '--find-links', 'http://pypi.pub.build.mozilla.org/pub', '--trusted-host', 'pypi.pub.build.mozilla.org', '--trusted-host', 'pypi.pvt.build.mozilla.org'] in /builds/slave/test/build/tests/config
16:54:45     INFO - Copy/paste: /builds/slave/test/build/venv/bin/pip install --no-deps --timeout 120 -r /builds/slave/test/build/tests/config/marionette_requirements.txt --no-index --find-links http://pypi.pvt.build.mozilla.org/pub --find-links http://pypi.pub.build.mozilla.org/pub --trusted-host pypi.pub.build.mozilla.org --trusted-host pypi.pvt.build.mozilla.org
16:54:45     INFO - Using env: {'CCACHE_DIR': '/builds/ccache',
16:54:45     INFO -  'CCACHE_UMASK': '002',
16:54:45     INFO -  'DISPLAY': ':0',
16:54:45     INFO -  'HOME': '/home/cltbld',
16:54:45     INFO -  'LANG': 'en_US.UTF-8',
16:54:45     INFO -  'LOGNAME': 'cltbld',
16:54:45     INFO -  'MAIL': '/var/mail/cltbld',
16:54:45     INFO -  'MOZ_HIDE_RESULTS_TABLE': '1',
16:54:45     INFO -  'MOZ_NODE_PATH': '/usr/bin/node',
16:54:45     INFO -  'MOZ_NO_REMOTE': '1',
16:54:45     INFO -  'NODE_PATH': '/usr/lib/nodejs:/usr/lib/node_modules:/usr/share/javascript',
16:54:45     INFO -  'NO_FAIL_ON_TEST_ERRORS': '1',
16:54:45     INFO -  'PATH': '/usr/local/bin:/usr/local/bin:/usr/bin:/bin:/usr/local/games:/usr/games',
16:54:45     INFO -  'PROPERTIES_FILE': '/builds/slave/test/buildprops.json',
16:54:45     INFO -  'PWD': '/builds/slave/test',
16:54:45     INFO -  'SHELL': '/bin/bash',
16:54:45     INFO -  'SHLVL': '1',
16:54:45     INFO -  'TERM': 'linux',
16:54:45     INFO -  'TMOUT': '86400',
16:54:45     INFO -  'USER': 'cltbld',
16:54:45     INFO -  'XDG_SESSION_COOKIE': '9ca12473fbb1d023794ffd180000023c-1528501938.378352-414201781',
16:54:45     INFO -  '_': '/tools/buildbot/bin/python'}
16:54:46     INFO -  Ignoring indexes: https://pypi.python.org/simple
16:54:46     INFO -  Processing /builds/slave/test/build/tests/mozbase/manifestparser
16:54:46     INFO -    Requirement already satisfied (use --upgrade to upgrade): manifestparser==1.1 from file:///builds/slave/test/build/tests/mozbase/manifestparser in /builds/slave/test/build/venv/lib/python2.7/site-packages (from -r /builds/slave/test/build/tests/config/mozbase_requirements.txt (line 1))
16:54:46     INFO -  Processing /builds/slave/test/build/tests/mozbase/mozcrash
16:54:46     INFO -    Requirement already satisfied (use --upgrade to upgrade): mozcrash==1.0 from file:///builds/slave/test/build/tests/mozbase/mozcrash in /builds/slave/test/build/venv/lib/python2.7/site-packages (from -r /builds/slave/test/build/tests/config/mozbase_requirements.txt (line 2))
16:54:46     INFO -  Processing /builds/slave/test/build/tests/mozbase/mozdebug
16:54:47     INFO -    Requirement already satisfied (use --upgrade to upgrade): mozdebug==0.1 from file:///builds/slave/test/build/tests/mozbase/mozdebug in /builds/slave/test/build/venv/lib/python2.7/site-packages (from -r /builds/slave/test/build/tests/config/mozbase_requirements.txt (line 3))
16:54:47     INFO -  Processing /builds/slave/test/build/tests/mozbase/mozdevice
16:54:47     INFO -    Requirement already satisfied (use --upgrade to upgrade): mozdevice==0.48 from file:///builds/slave/test/build/tests/mozbase/mozdevice in /builds/slave/test/build/venv/lib/python2.7/site-packages (from -r /builds/slave/test/build/tests/config/mozbase_requirements.txt (line 4))
16:54:47     INFO -  Processing /builds/slave/test/build/tests/mozbase/mozfile
16:54:48     INFO -    Requirement already satisfied (use --upgrade to upgrade): mozfile==1.2 from file:///builds/slave/test/build/tests/mozbase/mozfile in /builds/slave/test/build/venv/lib/python2.7/site-packages (from -r /builds/slave/test/build/tests/config/mozbase_requirements.txt (line 5))
16:54:48     INFO -  Processing /builds/slave/test/build/tests/mozbase/mozhttpd
16:54:48     INFO -    Requirement already satisfied (use --upgrade to upgrade): mozhttpd==0.7 from file:///builds/slave/test/build/tests/mozbase/mozhttpd in /builds/slave/test/build/venv/lib/python2.7/site-packages (from -r /builds/slave/test/build/tests/config/mozbase_requirements.txt (line 6))
16:54:48     INFO -  Processing /builds/slave/test/build/tests/mozbase/mozinfo
16:54:48     INFO -    Requirement already satisfied (use --upgrade to upgrade): mozinfo==0.9 from file:///builds/slave/test/build/tests/mozbase/mozinfo in /builds/slave/test/build/venv/lib/python2.7/site-packages (from -r /builds/slave/test/build/tests/config/mozbase_requirements.txt (line 7))
16:54:48     INFO -  Processing /builds/slave/test/build/tests/mozbase/mozinstall
16:54:49     INFO -    Requirement already satisfied (use --upgrade to upgrade): mozInstall==1.12 from file:///builds/slave/test/build/tests/mozbase/mozinstall in /builds/slave/test/build/venv/lib/python2.7/site-packages (from -r /builds/slave/test/build/tests/config/mozbase_requirements.txt (line 8))
16:54:49     INFO -  Processing /builds/slave/test/build/tests/mozbase/mozleak
16:54:49     INFO -    Requirement already satisfied (use --upgrade to upgrade): mozleak==0.1 from file:///builds/slave/test/build/tests/mozbase/mozleak in /builds/slave/test/build/venv/lib/python2.7/site-packages (from -r /builds/slave/test/build/tests/config/mozbase_requirements.txt (line 9))
16:54:49     INFO -  Processing /builds/slave/test/build/tests/mozbase/mozlog
16:54:49     INFO -    Requirement already satisfied (use --upgrade to upgrade): mozlog==3.4 from file:///builds/slave/test/build/tests/mozbase/mozlog in /builds/slave/test/build/venv/lib/python2.7/site-packages (from -r /builds/slave/test/build/tests/config/mozbase_requirements.txt (line 10))
16:54:49     INFO -  Processing /builds/slave/test/build/tests/mozbase/moznetwork
16:54:50     INFO -    Requirement already satisfied (use --upgrade to upgrade): moznetwork==0.27 from file:///builds/slave/test/build/tests/mozbase/moznetwork in /builds/slave/test/build/venv/lib/python2.7/site-packages (from -r /builds/slave/test/build/tests/config/mozbase_requirements.txt (line 11))
16:54:50     INFO -  Processing /builds/slave/test/build/tests/mozbase/mozprocess
16:54:50     INFO -    Requirement already satisfied (use --upgrade to upgrade): mozprocess==0.23 from file:///builds/slave/test/build/tests/mozbase/mozprocess in /builds/slave/test/build/venv/lib/python2.7/site-packages (from -r /builds/slave/test/build/tests/config/mozbase_requirements.txt (line 12))
16:54:50     INFO -  Processing /builds/slave/test/build/tests/mozbase/mozprofile
16:54:51     INFO -    Requirement already satisfied (use --upgrade to upgrade): mozprofile==0.28 from file:///builds/slave/test/build/tests/mozbase/mozprofile in /builds/slave/test/build/venv/lib/python2.7/site-packages (from -r /builds/slave/test/build/tests/config/mozbase_requirements.txt (line 13))
16:54:51     INFO -  Processing /builds/slave/test/build/tests/mozbase/mozrunner
16:54:51     INFO -    Requirement already satisfied (use --upgrade to upgrade): mozrunner==6.13 from file:///builds/slave/test/build/tests/mozbase/mozrunner in /builds/slave/test/build/venv/lib/python2.7/site-packages (from -r /builds/slave/test/build/tests/config/mozbase_requirements.txt (line 14))
16:54:51     INFO -  Processing /builds/slave/test/build/tests/mozbase/mozscreenshot
16:54:51     INFO -    Requirement already satisfied (use --upgrade to upgrade): mozscreenshot==0.1 from file:///builds/slave/test/build/tests/mozbase/mozscreenshot in /builds/slave/test/build/venv/lib/python2.7/site-packages (from -r /builds/slave/test/build/tests/config/mozbase_requirements.txt (line 15))
16:54:51     INFO -  Processing /builds/slave/test/build/tests/mozbase/moztest
16:54:52     INFO -    Requirement already satisfied (use --upgrade to upgrade): moztest==0.8 from file:///builds/slave/test/build/tests/mozbase/moztest in /builds/slave/test/build/venv/lib/python2.7/site-packages (from -r /builds/slave/test/build/tests/config/mozbase_requirements.txt (line 16))
16:54:52     INFO -  Processing /builds/slave/test/build/tests/mozbase/mozversion
16:54:52     INFO -    Requirement already satisfied (use --upgrade to upgrade): mozversion==1.4 from file:///builds/slave/test/build/tests/mozbase/mozversion in /builds/slave/test/build/venv/lib/python2.7/site-packages (from -r /builds/slave/test/build/tests/config/mozbase_requirements.txt (line 17))
16:54:52     INFO -  Processing /builds/slave/test/build/tests/tools/wptserve
16:54:53     INFO -  Processing /builds/slave/test/build/tests/marionette/client
16:54:53     INFO -  Processing /builds/slave/test/build/tests/marionette/harness/marionette_harness/runner/mixins/browsermob-proxy-py
16:54:53     INFO -  Processing /builds/slave/test/build/tests/marionette/harness
16:54:54     INFO -  Processing /builds/slave/test/build/tests/marionette/puppeteer/firefox
16:54:54     INFO -  Building wheels for collected packages: browsermob-proxy
16:54:54     INFO -    Running setup.py bdist_wheel for browsermob-proxy: started
16:54:55     INFO -    Running setup.py bdist_wheel for browsermob-proxy: finished with status 'done'
16:54:55     INFO -    Stored in directory: /home/cltbld/.cache/pip/wheels/10/00/c1/79bb793b6a7eb4dca9dfd244010f550ae5044951bcd23c261e
16:54:55     INFO -  Successfully built browsermob-proxy
16:54:55     INFO -  Installing collected packages: wptserve, marionette-driver, browsermob-proxy, marionette-harness, firefox-puppeteer
16:54:55     INFO -    Running setup.py install for wptserve: started
16:54:55     INFO -      Running setup.py install for wptserve: finished with status 'done'
16:54:55     INFO -    Running setup.py install for marionette-driver: started
16:54:56     INFO -      Running setup.py install for marionette-driver: finished with status 'done'
16:54:56     INFO -    Running setup.py install for marionette-harness: started
16:54:56     INFO -      Running setup.py install for marionette-harness: finished with status 'done'
16:54:56     INFO -    Running setup.py install for firefox-puppeteer: started
16:54:57     INFO -      Running setup.py install for firefox-puppeteer: finished with status 'done'
16:54:57     INFO -  Successfully installed browsermob-proxy-0.6.0 firefox-puppeteer-52.1.0 marionette-driver-2.2.0 marionette-harness-4.0.0 wptserve-1.4.0
16:54:57     INFO - Return code: 0
16:54:57     INFO - Installing None into virtualenv /builds/slave/test/build/venv
16:54:57     INFO - retry: Calling run_command with args: [['/builds/slave/test/build/venv/bin/pip', 'install', '--timeout', '120', '-r', '/builds/slave/test/build/tests/config/marionette_requirements.txt', '--no-index', '--find-links', 'http://pypi.pvt.build.mozilla.org/pub', '--find-links', 'http://pypi.pub.build.mozilla.org/pub', '--trusted-host', 'pypi.pub.build.mozilla.org', '--trusted-host', 'pypi.pvt.build.mozilla.org']], kwargs: {'error_level': 'warning', 'error_list': [{'substr': 'not found or a compiler error:', 'level': 'warning'}, {'regex': <_sre.SRE_Pattern object at 0x7f88d46c6110>, 'level': 'error'}, {'regex': <_sre.SRE_Pattern object at 0x7f88d47cee40>, 'level': 'warning'}, {'regex': <_sre.SRE_Pattern object at 0x26303e0>, 'level': 'debug'}, {'substr': 'command not found', 'level': 'error'}, {'regex': <_sre.SRE_Pattern object at 0x262ca90>, 'level': 'warning'}, {'substr': 'Traceback (most recent call last)', 'level': 'error'}, {'substr': 'SyntaxError: ', 'level': 'error'}, {'substr': 'TypeError: ', 'level': 'error'}, {'substr': 'NameError: ', 'level': 'error'}, {'substr': 'ZeroDivisionError: ', 'level': 'error'}, {'regex': <_sre.SRE_Pattern object at 0x262e3f0>, 'level': 'critical'}, {'regex': <_sre.SRE_Pattern object at 0x262e670>, 'level': 'critical'}], 'cwd': '/builds/slave/test/build/tests/config', 'env': {'TMOUT': '86400', 'LOGNAME': 'cltbld', 'USER': 'cltbld', 'HOME': '/home/cltbld', 'PATH': '/usr/local/bin:/usr/local/bin:/usr/bin:/bin:/usr/local/games:/usr/games', 'DISPLAY': ':0', 'CCACHE_UMASK': '002', 'LANG': 'en_US.UTF-8', 'TERM': 'linux', 'SHELL': '/bin/bash', 'MOZ_NODE_PATH': '/usr/bin/node', 'XDG_SESSION_COOKIE': '9ca12473fbb1d023794ffd180000023c-1528501938.378352-414201781', 'SHLVL': '1', 'NO_FAIL_ON_TEST_ERRORS': '1', 'MOZ_NO_REMOTE': '1', 'MOZ_HIDE_RESULTS_TABLE': '1', 'MAIL': '/var/mail/cltbld', '_': '/tools/buildbot/bin/python', 'NODE_PATH': '/usr/lib/nodejs:/usr/lib/node_modules:/usr/share/javascript', 'PWD': '/builds/slave/test', 'PROPERTIES_FILE': '/builds/slave/test/buildprops.json', 'CCACHE_DIR': '/builds/ccache'}}, attempt #1
16:54:57     INFO - Running command: ['/builds/slave/test/build/venv/bin/pip', 'install', '--timeout', '120', '-r', '/builds/slave/test/build/tests/config/marionette_requirements.txt', '--no-index', '--find-links', 'http://pypi.pvt.build.mozilla.org/pub', '--find-links', 'http://pypi.pub.build.mozilla.org/pub', '--trusted-host', 'pypi.pub.build.mozilla.org', '--trusted-host', 'pypi.pvt.build.mozilla.org'] in /builds/slave/test/build/tests/config
16:54:57     INFO - Copy/paste: /builds/slave/test/build/venv/bin/pip install --timeout 120 -r /builds/slave/test/build/tests/config/marionette_requirements.txt --no-index --find-links http://pypi.pvt.build.mozilla.org/pub --find-links http://pypi.pub.build.mozilla.org/pub --trusted-host pypi.pub.build.mozilla.org --trusted-host pypi.pvt.build.mozilla.org
16:54:57     INFO - Using env: {'CCACHE_DIR': '/builds/ccache',
16:54:57     INFO -  'CCACHE_UMASK': '002',
16:54:57     INFO -  'DISPLAY': ':0',
16:54:57     INFO -  'HOME': '/home/cltbld',
16:54:57     INFO -  'LANG': 'en_US.UTF-8',
16:54:57     INFO -  'LOGNAME': 'cltbld',
16:54:57     INFO -  'MAIL': '/var/mail/cltbld',
16:54:57     INFO -  'MOZ_HIDE_RESULTS_TABLE': '1',
16:54:57     INFO -  'MOZ_NODE_PATH': '/usr/bin/node',
16:54:57     INFO -  'MOZ_NO_REMOTE': '1',
16:54:57     INFO -  'NODE_PATH': '/usr/lib/nodejs:/usr/lib/node_modules:/usr/share/javascript',
16:54:57     INFO -  'NO_FAIL_ON_TEST_ERRORS': '1',
16:54:57     INFO -  'PATH': '/usr/local/bin:/usr/local/bin:/usr/bin:/bin:/usr/local/games:/usr/games',
16:54:57     INFO -  'PROPERTIES_FILE': '/builds/slave/test/buildprops.json',
16:54:57     INFO -  'PWD': '/builds/slave/test',
16:54:57     INFO -  'SHELL': '/bin/bash',
16:54:57     INFO -  'SHLVL': '1',
16:54:57     INFO -  'TERM': 'linux',
16:54:57     INFO -  'TMOUT': '86400',
16:54:57     INFO -  'USER': 'cltbld',
16:54:57     INFO -  'XDG_SESSION_COOKIE': '9ca12473fbb1d023794ffd180000023c-1528501938.378352-414201781',
16:54:57     INFO -  '_': '/tools/buildbot/bin/python'}
16:54:58     INFO -  Ignoring indexes: https://pypi.python.org/simple
16:54:58     INFO -  Processing /builds/slave/test/build/tests/mozbase/manifestparser
16:54:59     INFO -    Requirement already satisfied (use --upgrade to upgrade): manifestparser==1.1 from file:///builds/slave/test/build/tests/mozbase/manifestparser in /builds/slave/test/build/venv/lib/python2.7/site-packages (from -r /builds/slave/test/build/tests/config/mozbase_requirements.txt (line 1))
16:54:59     INFO -  Processing /builds/slave/test/build/tests/mozbase/mozcrash
16:54:59     INFO -    Requirement already satisfied (use --upgrade to upgrade): mozcrash==1.0 from file:///builds/slave/test/build/tests/mozbase/mozcrash in /builds/slave/test/build/venv/lib/python2.7/site-packages (from -r /builds/slave/test/build/tests/config/mozbase_requirements.txt (line 2))
16:54:59     INFO -  Processing /builds/slave/test/build/tests/mozbase/mozdebug
16:54:59     INFO -    Requirement already satisfied (use --upgrade to upgrade): mozdebug==0.1 from file:///builds/slave/test/build/tests/mozbase/mozdebug in /builds/slave/test/build/venv/lib/python2.7/site-packages (from -r /builds/slave/test/build/tests/config/mozbase_requirements.txt (line 3))
16:54:59     INFO -  Processing /builds/slave/test/build/tests/mozbase/mozdevice
16:55:00     INFO -    Requirement already satisfied (use --upgrade to upgrade): mozdevice==0.48 from file:///builds/slave/test/build/tests/mozbase/mozdevice in /builds/slave/test/build/venv/lib/python2.7/site-packages (from -r /builds/slave/test/build/tests/config/mozbase_requirements.txt (line 4))
16:55:00     INFO -  Processing /builds/slave/test/build/tests/mozbase/mozfile
16:55:00     INFO -    Requirement already satisfied (use --upgrade to upgrade): mozfile==1.2 from file:///builds/slave/test/build/tests/mozbase/mozfile in /builds/slave/test/build/venv/lib/python2.7/site-packages (from -r /builds/slave/test/build/tests/config/mozbase_requirements.txt (line 5))
16:55:00     INFO -  Processing /builds/slave/test/build/tests/mozbase/mozhttpd
16:55:00     INFO -    Requirement already satisfied (use --upgrade to upgrade): mozhttpd==0.7 from file:///builds/slave/test/build/tests/mozbase/mozhttpd in /builds/slave/test/build/venv/lib/python2.7/site-packages (from -r /builds/slave/test/build/tests/config/mozbase_requirements.txt (line 6))
16:55:01     INFO -  Processing /builds/slave/test/build/tests/mozbase/mozinfo
16:55:01     INFO -    Requirement already satisfied (use --upgrade to upgrade): mozinfo==0.9 from file:///builds/slave/test/build/tests/mozbase/mozinfo in /builds/slave/test/build/venv/lib/python2.7/site-packages (from -r /builds/slave/test/build/tests/config/mozbase_requirements.txt (line 7))
16:55:01     INFO -  Processing /builds/slave/test/build/tests/mozbase/mozinstall
16:55:01     INFO -    Requirement already satisfied (use --upgrade to upgrade): mozInstall==1.12 from file:///builds/slave/test/build/tests/mozbase/mozinstall in /builds/slave/test/build/venv/lib/python2.7/site-packages (from -r /builds/slave/test/build/tests/config/mozbase_requirements.txt (line 8))
16:55:01     INFO -  Processing /builds/slave/test/build/tests/mozbase/mozleak
16:55:02     INFO -    Requirement already satisfied (use --upgrade to upgrade): mozleak==0.1 from file:///builds/slave/test/build/tests/mozbase/mozleak in /builds/slave/test/build/venv/lib/python2.7/site-packages (from -r /builds/slave/test/build/tests/config/mozbase_requirements.txt (line 9))
16:55:02     INFO -  Processing /builds/slave/test/build/tests/mozbase/mozlog
16:55:02     INFO -    Requirement already satisfied (use --upgrade to upgrade): mozlog==3.4 from file:///builds/slave/test/build/tests/mozbase/mozlog in /builds/slave/test/build/venv/lib/python2.7/site-packages (from -r /builds/slave/test/build/tests/config/mozbase_requirements.txt (line 10))
16:55:02     INFO -  Processing /builds/slave/test/build/tests/mozbase/moznetwork
16:55:03     INFO -    Requirement already satisfied (use --upgrade to upgrade): moznetwork==0.27 from file:///builds/slave/test/build/tests/mozbase/moznetwork in /builds/slave/test/build/venv/lib/python2.7/site-packages (from -r /builds/slave/test/build/tests/config/mozbase_requirements.txt (line 11))
16:55:03     INFO -  Processing /builds/slave/test/build/tests/mozbase/mozprocess
16:55:03     INFO -    Requirement already satisfied (use --upgrade to upgrade): mozprocess==0.23 from file:///builds/slave/test/build/tests/mozbase/mozprocess in /builds/slave/test/build/venv/lib/python2.7/site-packages (from -r /builds/slave/test/build/tests/config/mozbase_requirements.txt (line 12))
16:55:03     INFO -  Processing /builds/slave/test/build/tests/mozbase/mozprofile
16:55:04     INFO -    Requirement already satisfied (use --upgrade to upgrade): mozprofile==0.28 from file:///builds/slave/test/build/tests/mozbase/mozprofile in /builds/slave/test/build/venv/lib/python2.7/site-packages (from -r /builds/slave/test/build/tests/config/mozbase_requirements.txt (line 13))
16:55:04     INFO -  Processing /builds/slave/test/build/tests/mozbase/mozrunner
16:55:04     INFO -    Requirement already satisfied (use --upgrade to upgrade): mozrunner==6.13 from file:///builds/slave/test/build/tests/mozbase/mozrunner in /builds/slave/test/build/venv/lib/python2.7/site-packages (from -r /builds/slave/test/build/tests/config/mozbase_requirements.txt (line 14))
16:55:04     INFO -  Processing /builds/slave/test/build/tests/mozbase/mozscreenshot
16:55:05     INFO -    Requirement already satisfied (use --upgrade to upgrade): mozscreenshot==0.1 from file:///builds/slave/test/build/tests/mozbase/mozscreenshot in /builds/slave/test/build/venv/lib/python2.7/site-packages (from -r /builds/slave/test/build/tests/config/mozbase_requirements.txt (line 15))
16:55:05     INFO -  Processing /builds/slave/test/build/tests/mozbase/moztest
16:55:05     INFO -    Requirement already satisfied (use --upgrade to upgrade): moztest==0.8 from file:///builds/slave/test/build/tests/mozbase/moztest in /builds/slave/test/build/venv/lib/python2.7/site-packages (from -r /builds/slave/test/build/tests/config/mozbase_requirements.txt (line 16))
16:55:05     INFO -  Processing /builds/slave/test/build/tests/mozbase/mozversion
16:55:06     INFO -    Requirement already satisfied (use --upgrade to upgrade): mozversion==1.4 from file:///builds/slave/test/build/tests/mozbase/mozversion in /builds/slave/test/build/venv/lib/python2.7/site-packages (from -r /builds/slave/test/build/tests/config/mozbase_requirements.txt (line 17))
16:55:06     INFO -  Processing /builds/slave/test/build/tests/tools/wptserve
16:55:06     INFO -    Requirement already satisfied (use --upgrade to upgrade): wptserve==1.4.0 from file:///builds/slave/test/build/tests/tools/wptserve in /builds/slave/test/build/venv/lib/python2.7/site-packages (from -r /builds/slave/test/build/tests/config/marionette_requirements.txt (line 3))
16:55:06     INFO -  Processing /builds/slave/test/build/tests/marionette/client
16:55:06     INFO -    Requirement already satisfied (use --upgrade to upgrade): marionette-driver==2.2.0 from file:///builds/slave/test/build/tests/marionette/client in /builds/slave/test/build/venv/lib/python2.7/site-packages (from -r /builds/slave/test/build/tests/config/marionette_requirements.txt (line 4))
16:55:06     INFO -  Processing /builds/slave/test/build/tests/marionette/harness/marionette_harness/runner/mixins/browsermob-proxy-py
16:55:07     INFO -    Requirement already satisfied (use --upgrade to upgrade): browsermob-proxy==0.6.0 from file:///builds/slave/test/build/tests/marionette/harness/marionette_harness/runner/mixins/browsermob-proxy-py in /builds/slave/test/build/venv/lib/python2.7/site-packages (from -r /builds/slave/test/build/tests/config/marionette_requirements.txt (line 5))
16:55:07     INFO -  Processing /builds/slave/test/build/tests/marionette/harness
16:55:07     INFO -    Requirement already satisfied (use --upgrade to upgrade): marionette-harness==4.0.0 from file:///builds/slave/test/build/tests/marionette/harness in /builds/slave/test/build/venv/lib/python2.7/site-packages (from -r /builds/slave/test/build/tests/config/marionette_requirements.txt (line 6))
16:55:07     INFO -  Processing /builds/slave/test/build/tests/marionette/puppeteer/firefox
16:55:08     INFO -    Requirement already satisfied (use --upgrade to upgrade): firefox-puppeteer==52.1.0 from file:///builds/slave/test/build/tests/marionette/puppeteer/firefox in /builds/slave/test/build/venv/lib/python2.7/site-packages (from -r /builds/slave/test/build/tests/config/marionette_requirements.txt (line 9))
16:55:08     INFO -  Requirement already satisfied (use --upgrade to upgrade): mozfile>=1.0 in /builds/slave/test/build/venv/lib/python2.7/site-packages (from mozcrash==1.0->-r /builds/slave/test/build/tests/config/mozbase_requirements.txt (line 2))
16:55:08     INFO -  Requirement already satisfied (use --upgrade to upgrade): mozlog>=3.0 in /builds/slave/test/build/venv/lib/python2.7/site-packages (from mozcrash==1.0->-r /builds/slave/test/build/tests/config/mozbase_requirements.txt (line 2))
16:55:08     INFO -  Requirement already satisfied (use --upgrade to upgrade): mozinfo in /builds/slave/test/build/venv/lib/python2.7/site-packages (from mozdebug==0.1->-r /builds/slave/test/build/tests/config/mozbase_requirements.txt (line 3))
16:55:08     INFO -  Requirement already satisfied (use --upgrade to upgrade): moznetwork>=0.24 in /builds/slave/test/build/venv/lib/python2.7/site-packages (from mozdevice==0.48->-r /builds/slave/test/build/tests/config/mozbase_requirements.txt (line 4))
16:55:08     INFO -  Requirement already satisfied (use --upgrade to upgrade): mozprocess>=0.19 in /builds/slave/test/build/venv/lib/python2.7/site-packages (from mozdevice==0.48->-r /builds/slave/test/build/tests/config/mozbase_requirements.txt (line 4))
16:55:08     INFO -  Requirement already satisfied (use --upgrade to upgrade): blessings>=1.3 in /builds/slave/test/build/venv/lib/python2.7/site-packages (from mozlog==3.4->-r /builds/slave/test/build/tests/config/mozbase_requirements.txt (line 10))
16:55:08     INFO -  Requirement already satisfied (use --upgrade to upgrade): requests>=1.1.0 in /builds/slave/test/build/venv/lib/python2.7/site-packages (from browsermob-proxy==0.6.0->-r /builds/slave/test/build/tests/config/marionette_requirements.txt (line 5))
16:55:08     INFO -  Building wheels for collected packages: browsermob-proxy
16:55:08     INFO -    Running setup.py bdist_wheel for browsermob-proxy: started
16:55:08     INFO -    Running setup.py bdist_wheel for browsermob-proxy: finished with status 'done'
16:55:08     INFO -    Stored in directory: /home/cltbld/.cache/pip/wheels/10/00/c1/79bb793b6a7eb4dca9dfd244010f550ae5044951bcd23c261e
16:55:08     INFO -  Successfully built browsermob-proxy
16:55:08     INFO - Return code: 0
16:55:08     INFO - Installing None into virtualenv /builds/slave/test/build/venv
16:55:08     INFO - retry: Calling run_command with args: [['/builds/slave/test/build/venv/bin/pip', 'install', '--no-deps', '--timeout', '120', '-r', '/builds/slave/test/build/tests/mochitest/websocketprocessbridge/websocketprocessbridge_requirements.txt', '--no-index', '--find-links', 'http://pypi.pvt.build.mozilla.org/pub', '--find-links', 'http://pypi.pub.build.mozilla.org/pub', '--trusted-host', 'pypi.pub.build.mozilla.org', '--trusted-host', 'pypi.pvt.build.mozilla.org']], kwargs: {'error_level': 'warning', 'error_list': [{'substr': 'not found or a compiler error:', 'level': 'warning'}, {'regex': <_sre.SRE_Pattern object at 0x7f88d46c6110>, 'level': 'error'}, {'regex': <_sre.SRE_Pattern object at 0x7f88d47cee40>, 'level': 'warning'}, {'regex': <_sre.SRE_Pattern object at 0x26303e0>, 'level': 'debug'}, {'substr': 'command not found', 'level': 'error'}, {'regex': <_sre.SRE_Pattern object at 0x262ca90>, 'level': 'warning'}, {'substr': 'Traceback (most recent call last)', 'level': 'error'}, {'substr': 'SyntaxError: ', 'level': 'error'}, {'substr': 'TypeError: ', 'level': 'error'}, {'substr': 'NameError: ', 'level': 'error'}, {'substr': 'ZeroDivisionError: ', 'level': 'error'}, {'regex': <_sre.SRE_Pattern object at 0x262e3f0>, 'level': 'critical'}, {'regex': <_sre.SRE_Pattern object at 0x262e670>, 'level': 'critical'}], 'cwd': '/builds/slave/test/build/tests/mochitest/websocketprocessbridge', 'env': {'TMOUT': '86400', 'LOGNAME': 'cltbld', 'USER': 'cltbld', 'HOME': '/home/cltbld', 'PATH': '/usr/local/bin:/usr/local/bin:/usr/bin:/bin:/usr/local/games:/usr/games', 'DISPLAY': ':0', 'CCACHE_UMASK': '002', 'LANG': 'en_US.UTF-8', 'TERM': 'linux', 'SHELL': '/bin/bash', 'MOZ_NODE_PATH': '/usr/bin/node', 'XDG_SESSION_COOKIE': '9ca12473fbb1d023794ffd180000023c-1528501938.378352-414201781', 'SHLVL': '1', 'NO_FAIL_ON_TEST_ERRORS': '1', 'MOZ_NO_REMOTE': '1', 'MOZ_HIDE_RESULTS_TABLE': '1', 'MAIL': '/var/mail/cltbld', '_': '/tools/buildbot/bin/python', 'NODE_PATH': '/usr/lib/nodejs:/usr/lib/node_modules:/usr/share/javascript', 'PWD': '/builds/slave/test', 'PROPERTIES_FILE': '/builds/slave/test/buildprops.json', 'CCACHE_DIR': '/builds/ccache'}}, attempt #1
16:55:08     INFO - Running command: ['/builds/slave/test/build/venv/bin/pip', 'install', '--no-deps', '--timeout', '120', '-r', '/builds/slave/test/build/tests/mochitest/websocketprocessbridge/websocketprocessbridge_requirements.txt', '--no-index', '--find-links', 'http://pypi.pvt.build.mozilla.org/pub', '--find-links', 'http://pypi.pub.build.mozilla.org/pub', '--trusted-host', 'pypi.pub.build.mozilla.org', '--trusted-host', 'pypi.pvt.build.mozilla.org'] in /builds/slave/test/build/tests/mochitest/websocketprocessbridge
16:55:08     INFO - Copy/paste: /builds/slave/test/build/venv/bin/pip install --no-deps --timeout 120 -r /builds/slave/test/build/tests/mochitest/websocketprocessbridge/websocketprocessbridge_requirements.txt --no-index --find-links http://pypi.pvt.build.mozilla.org/pub --find-links http://pypi.pub.build.mozilla.org/pub --trusted-host pypi.pub.build.mozilla.org --trusted-host pypi.pvt.build.mozilla.org
16:55:08     INFO - Using env: {'CCACHE_DIR': '/builds/ccache',
16:55:08     INFO -  'CCACHE_UMASK': '002',
16:55:08     INFO -  'DISPLAY': ':0',
16:55:08     INFO -  'HOME': '/home/cltbld',
16:55:08     INFO -  'LANG': 'en_US.UTF-8',
16:55:08     INFO -  'LOGNAME': 'cltbld',
16:55:08     INFO -  'MAIL': '/var/mail/cltbld',
16:55:08     INFO -  'MOZ_HIDE_RESULTS_TABLE': '1',
16:55:08     INFO -  'MOZ_NODE_PATH': '/usr/bin/node',
16:55:08     INFO -  'MOZ_NO_REMOTE': '1',
16:55:08     INFO -  'NODE_PATH': '/usr/lib/nodejs:/usr/lib/node_modules:/usr/share/javascript',
16:55:08     INFO -  'NO_FAIL_ON_TEST_ERRORS': '1',
16:55:08     INFO -  'PATH': '/usr/local/bin:/usr/local/bin:/usr/bin:/bin:/usr/local/games:/usr/games',
16:55:08     INFO -  'PROPERTIES_FILE': '/builds/slave/test/buildprops.json',
16:55:08     INFO -  'PWD': '/builds/slave/test',
16:55:08     INFO -  'SHELL': '/bin/bash',
16:55:08     INFO -  'SHLVL': '1',
16:55:08     INFO -  'TERM': 'linux',
16:55:08     INFO -  'TMOUT': '86400',
16:55:08     INFO -  'USER': 'cltbld',
16:55:08     INFO -  'XDG_SESSION_COOKIE': '9ca12473fbb1d023794ffd180000023c-1528501938.378352-414201781',
16:55:08     INFO -  '_': '/tools/buildbot/bin/python'}
16:55:09     INFO -  Ignoring indexes: https://pypi.python.org/simple
16:55:09     INFO -  Collecting six==1.10.0 (from -r /builds/slave/test/build/tests/mochitest/websocketprocessbridge/websocketprocessbridge_requirements.txt (line 2))
16:55:09     INFO -  /builds/slave/test/build/venv/lib/python2.7/site-packages/pip/_vendor/requests/packages/urllib3/util/ssl_.py:318: SNIMissingWarning: An HTTPS request has been made, but the SNI (Subject Name Indication) extension to TLS is not available on this platform. This may cause the server to present an incorrect TLS certificate, which can cause validation failures. You can upgrade to a newer version of Python to solve this. For more information, see https://urllib3.readthedocs.org/en/latest/security.html#snimissingwarning.
16:55:09     INFO -    SNIMissingWarning
16:55:09     INFO -  /builds/slave/test/build/venv/lib/python2.7/site-packages/pip/_vendor/requests/packages/urllib3/util/ssl_.py:122: InsecurePlatformWarning: A true SSLContext object is not available. This prevents urllib3 from configuring SSL appropriately and may cause certain SSL connections to fail. You can upgrade to a newer version of Python to solve this. For more information, see https://urllib3.readthedocs.org/en/latest/security.html#insecureplatformwarning.
16:55:09     INFO -    InsecurePlatformWarning
16:55:11     INFO -  /builds/slave/test/build/venv/lib/python2.7/site-packages/pip/_vendor/requests/packages/urllib3/util/ssl_.py:122: InsecurePlatformWarning: A true SSLContext object is not available. This prevents urllib3 from configuring SSL appropriately and may cause certain SSL connections to fail. You can upgrade to a newer version of Python to solve this. For more information, see https://urllib3.readthedocs.org/en/latest/security.html#insecureplatformwarning.
16:55:11     INFO -    InsecurePlatformWarning
16:55:14     INFO -    Downloading https://pypi.pvt.build.mozilla.org/pub/six-1.10.0-py2.py3-none-any.whl
16:55:14     INFO -  Collecting twisted==10.2.0 (from -r /builds/slave/test/build/tests/mochitest/websocketprocessbridge/websocketprocessbridge_requirements.txt (line 4))
16:55:18     INFO -    Downloading https://pypi.pvt.build.mozilla.org/pub/Twisted-10.2.0.tar.gz (1.9MB)
16:55:20     INFO -  Collecting txws==0.9.1 (from -r /builds/slave/test/build/tests/mochitest/websocketprocessbridge/websocketprocessbridge_requirements.txt (line 7))
16:55:24     INFO -    Downloading https://pypi.pvt.build.mozilla.org/pub/txWS-0.9.1.tar.gz
16:55:26     INFO -  Requirement already satisfied (use --upgrade to upgrade): psutil==3.1.1 in /builds/slave/test/build/venv/lib/python2.7/site-packages (from -r /builds/slave/test/build/tests/mochitest/websocketprocessbridge/websocketprocessbridge_requirements.txt (line 9))
16:55:26     INFO -  Collecting ipaddr==2.1.11 (from -r /builds/slave/test/build/tests/mochitest/websocketprocessbridge/websocketprocessbridge_requirements.txt (line 12))
16:55:31     INFO -    Downloading https://pypi.pvt.build.mozilla.org/pub/ipaddr-2.1.11.tar.gz
16:55:31     INFO -  Collecting passlib==1.6.5 (from -r /builds/slave/test/build/tests/mochitest/websocketprocessbridge/websocketprocessbridge_requirements.txt (line 13))
16:55:35     INFO -    Downloading https://pypi.pvt.build.mozilla.org/pub/passlib-1.6.5-py2.py3-none-any.whl (317kB)
16:55:36     INFO -  Building wheels for collected packages: twisted, txws, ipaddr
16:55:36     INFO -    Running setup.py bdist_wheel for twisted: started
16:55:39     INFO -    Running setup.py bdist_wheel for twisted: finished with status 'done'
16:55:39     INFO -    Stored in directory: /home/cltbld/.cache/pip/wheels/2a/06/64/df4bef56496f61aee018cad118db54f7a03015723d10662b26
16:55:39     INFO -    Running setup.py bdist_wheel for txws: started
16:55:40     INFO -    Running setup.py bdist_wheel for txws: finished with status 'done'
16:55:40     INFO -    Stored in directory: /home/cltbld/.cache/pip/wheels/51/f5/78/51b5dd281cb5c86337c41faadc891bd5089a07842da35b9248
16:55:40     INFO -    Running setup.py bdist_wheel for ipaddr: started
16:55:40     INFO -    Running setup.py bdist_wheel for ipaddr: finished with status 'done'
16:55:40     INFO -    Stored in directory: /home/cltbld/.cache/pip/wheels/6a/e7/d2/68af1df9a4dd7fd032c9375a12bd438c6fa81ee69d5e07993f
16:55:40     INFO -  Successfully built twisted txws ipaddr
16:55:40     INFO -  Installing collected packages: six, twisted, txws, ipaddr, passlib
16:55:44     INFO -  Successfully installed ipaddr-2.1.11 passlib-1.6.5 six-1.10.0 twisted-10.2.0 txws-0.9.1
16:55:44     INFO - Return code: 0
16:55:44     INFO - Installing None into virtualenv /builds/slave/test/build/venv
16:55:44     INFO - retry: Calling run_command with args: [['/builds/slave/test/build/venv/bin/pip', 'install', '--timeout', '120', '-r', '/builds/slave/test/build/tests/mochitest/websocketprocessbridge/websocketprocessbridge_requirements.txt', '--no-index', '--find-links', 'http://pypi.pvt.build.mozilla.org/pub', '--find-links', 'http://pypi.pub.build.mozilla.org/pub', '--trusted-host', 'pypi.pub.build.mozilla.org', '--trusted-host', 'pypi.pvt.build.mozilla.org']], kwargs: {'error_level': 'warning', 'error_list': [{'substr': 'not found or a compiler error:', 'level': 'warning'}, {'regex': <_sre.SRE_Pattern object at 0x7f88d46c6110>, 'level': 'error'}, {'regex': <_sre.SRE_Pattern object at 0x7f88d47cee40>, 'level': 'warning'}, {'regex': <_sre.SRE_Pattern object at 0x26303e0>, 'level': 'debug'}, {'substr': 'command not found', 'level': 'error'}, {'regex': <_sre.SRE_Pattern object at 0x262ca90>, 'level': 'warning'}, {'substr': 'Traceback (most recent call last)', 'level': 'error'}, {'substr': 'SyntaxError: ', 'level': 'error'}, {'substr': 'TypeError: ', 'level': 'error'}, {'substr': 'NameError: ', 'level': 'error'}, {'substr': 'ZeroDivisionError: ', 'level': 'error'}, {'regex': <_sre.SRE_Pattern object at 0x262e3f0>, 'level': 'critical'}, {'regex': <_sre.SRE_Pattern object at 0x262e670>, 'level': 'critical'}], 'cwd': '/builds/slave/test/build/tests/mochitest/websocketprocessbridge', 'env': {'TMOUT': '86400', 'LOGNAME': 'cltbld', 'USER': 'cltbld', 'HOME': '/home/cltbld', 'PATH': '/usr/local/bin:/usr/local/bin:/usr/bin:/bin:/usr/local/games:/usr/games', 'DISPLAY': ':0', 'CCACHE_UMASK': '002', 'LANG': 'en_US.UTF-8', 'TERM': 'linux', 'SHELL': '/bin/bash', 'MOZ_NODE_PATH': '/usr/bin/node', 'XDG_SESSION_COOKIE': '9ca12473fbb1d023794ffd180000023c-1528501938.378352-414201781', 'SHLVL': '1', 'NO_FAIL_ON_TEST_ERRORS': '1', 'MOZ_NO_REMOTE': '1', 'MOZ_HIDE_RESULTS_TABLE': '1', 'MAIL': '/var/mail/cltbld', '_': '/tools/buildbot/bin/python', 'NODE_PATH': '/usr/lib/nodejs:/usr/lib/node_modules:/usr/share/javascript', 'PWD': '/builds/slave/test', 'PROPERTIES_FILE': '/builds/slave/test/buildprops.json', 'CCACHE_DIR': '/builds/ccache'}}, attempt #1
16:55:44     INFO - Running command: ['/builds/slave/test/build/venv/bin/pip', 'install', '--timeout', '120', '-r', '/builds/slave/test/build/tests/mochitest/websocketprocessbridge/websocketprocessbridge_requirements.txt', '--no-index', '--find-links', 'http://pypi.pvt.build.mozilla.org/pub', '--find-links', 'http://pypi.pub.build.mozilla.org/pub', '--trusted-host', 'pypi.pub.build.mozilla.org', '--trusted-host', 'pypi.pvt.build.mozilla.org'] in /builds/slave/test/build/tests/mochitest/websocketprocessbridge
16:55:44     INFO - Copy/paste: /builds/slave/test/build/venv/bin/pip install --timeout 120 -r /builds/slave/test/build/tests/mochitest/websocketprocessbridge/websocketprocessbridge_requirements.txt --no-index --find-links http://pypi.pvt.build.mozilla.org/pub --find-links http://pypi.pub.build.mozilla.org/pub --trusted-host pypi.pub.build.mozilla.org --trusted-host pypi.pvt.build.mozilla.org
16:55:44     INFO - Using env: {'CCACHE_DIR': '/builds/ccache',
16:55:44     INFO -  'CCACHE_UMASK': '002',
16:55:44     INFO -  'DISPLAY': ':0',
16:55:44     INFO -  'HOME': '/home/cltbld',
16:55:44     INFO -  'LANG': 'en_US.UTF-8',
16:55:44     INFO -  'LOGNAME': 'cltbld',
16:55:44     INFO -  'MAIL': '/var/mail/cltbld',
16:55:44     INFO -  'MOZ_HIDE_RESULTS_TABLE': '1',
16:55:44     INFO -  'MOZ_NODE_PATH': '/usr/bin/node',
16:55:44     INFO -  'MOZ_NO_REMOTE': '1',
16:55:44     INFO -  'NODE_PATH': '/usr/lib/nodejs:/usr/lib/node_modules:/usr/share/javascript',
16:55:44     INFO -  'NO_FAIL_ON_TEST_ERRORS': '1',
16:55:44     INFO -  'PATH': '/usr/local/bin:/usr/local/bin:/usr/bin:/bin:/usr/local/games:/usr/games',
16:55:44     INFO -  'PROPERTIES_FILE': '/builds/slave/test/buildprops.json',
16:55:44     INFO -  'PWD': '/builds/slave/test',
16:55:44     INFO -  'SHELL': '/bin/bash',
16:55:44     INFO -  'SHLVL': '1',
16:55:44     INFO -  'TERM': 'linux',
16:55:44     INFO -  'TMOUT': '86400',
16:55:44     INFO -  'USER': 'cltbld',
16:55:44     INFO -  'XDG_SESSION_COOKIE': '9ca12473fbb1d023794ffd180000023c-1528501938.378352-414201781',
16:55:45     INFO -  '_': '/tools/buildbot/bin/python'}
16:55:45     INFO -  Ignoring indexes: https://pypi.python.org/simple
16:55:45     INFO -  Requirement already satisfied (use --upgrade to upgrade): six==1.10.0 in /builds/slave/test/build/venv/lib/python2.7/site-packages (from -r /builds/slave/test/build/tests/mochitest/websocketprocessbridge/websocketprocessbridge_requirements.txt (line 2))
16:55:45     INFO -  Requirement already satisfied (use --upgrade to upgrade): twisted==10.2.0 in /builds/slave/test/build/venv/lib/python2.7/site-packages (from -r /builds/slave/test/build/tests/mochitest/websocketprocessbridge/websocketprocessbridge_requirements.txt (line 4))
16:55:45     INFO -  Requirement already satisfied (use --upgrade to upgrade): txws==0.9.1 in /builds/slave/test/build/venv/lib/python2.7/site-packages (from -r /builds/slave/test/build/tests/mochitest/websocketprocessbridge/websocketprocessbridge_requirements.txt (line 7))
16:55:45     INFO -  Requirement already satisfied (use --upgrade to upgrade): psutil==3.1.1 in /builds/slave/test/build/venv/lib/python2.7/site-packages (from -r /builds/slave/test/build/tests/mochitest/websocketprocessbridge/websocketprocessbridge_requirements.txt (line 9))
16:55:45     INFO -  Requirement already satisfied (use --upgrade to upgrade): ipaddr==2.1.11 in /builds/slave/test/build/venv/lib/python2.7/site-packages (from -r /builds/slave/test/build/tests/mochitest/websocketprocessbridge/websocketprocessbridge_requirements.txt (line 12))
16:55:45     INFO -  Requirement already satisfied (use --upgrade to upgrade): passlib==1.6.5 in /builds/slave/test/build/venv/lib/python2.7/site-packages (from -r /builds/slave/test/build/tests/mochitest/websocketprocessbridge/websocketprocessbridge_requirements.txt (line 13))
16:55:45     INFO -  Collecting zope.interface (from twisted==10.2.0->-r /builds/slave/test/build/tests/mochitest/websocketprocessbridge/websocketprocessbridge_requirements.txt (line 4))
16:55:46     INFO -  /builds/slave/test/build/venv/lib/python2.7/site-packages/pip/_vendor/requests/packages/urllib3/util/ssl_.py:318: SNIMissingWarning: An HTTPS request has been made, but the SNI (Subject Name Indication) extension to TLS is not available on this platform. This may cause the server to present an incorrect TLS certificate, which can cause validation failures. You can upgrade to a newer version of Python to solve this. For more information, see https://urllib3.readthedocs.org/en/latest/security.html#snimissingwarning.
16:55:46     INFO -    SNIMissingWarning
16:55:46     INFO -  /builds/slave/test/build/venv/lib/python2.7/site-packages/pip/_vendor/requests/packages/urllib3/util/ssl_.py:122: InsecurePlatformWarning: A true SSLContext object is not available. This prevents urllib3 from configuring SSL appropriately and may cause certain SSL connections to fail. You can upgrade to a newer version of Python to solve this. For more information, see https://urllib3.readthedocs.org/en/latest/security.html#insecureplatformwarning.
16:55:46     INFO -    InsecurePlatformWarning
16:55:47     INFO -  /builds/slave/test/build/venv/lib/python2.7/site-packages/pip/_vendor/requests/packages/urllib3/util/ssl_.py:122: InsecurePlatformWarning: A true SSLContext object is not available. This prevents urllib3 from configuring SSL appropriately and may cause certain SSL connections to fail. You can upgrade to a newer version of Python to solve this. For more information, see https://urllib3.readthedocs.org/en/latest/security.html#insecureplatformwarning.
16:55:47     INFO -    InsecurePlatformWarning
16:55:51     INFO -    Downloading https://pypi.pvt.build.mozilla.org/pub/zope.interface-4.0.2.tar.gz (139kB)
16:55:51     INFO -  Requirement already satisfied (use --upgrade to upgrade): setuptools in /builds/slave/test/build/venv/lib/python2.7/site-packages (from zope.interface->twisted==10.2.0->-r /builds/slave/test/build/tests/mochitest/websocketprocessbridge/websocketprocessbridge_requirements.txt (line 4))
16:55:51     INFO -  Building wheels for collected packages: zope.interface
16:55:51     INFO -    Running setup.py bdist_wheel for zope.interface: started
16:55:53     INFO -    Running setup.py bdist_wheel for zope.interface: finished with status 'done'
16:55:53     INFO -    Stored in directory: /home/cltbld/.cache/pip/wheels/54/5c/71/e718400d2babcda41f4d97864183e1268dab308acc88e22470
16:55:53     INFO -  Successfully built zope.interface
16:55:53     INFO -  Installing collected packages: zope.interface
16:55:53     INFO -  Successfully installed zope.interface-4.0.2
16:55:53     INFO - Return code: 0
16:55:53     INFO - Done creating virtualenv /builds/slave/test/build/venv.
16:55:53     INFO - Getting output from command: ['/builds/slave/test/build/venv/bin/pip', 'freeze']
16:55:53     INFO - Copy/paste: /builds/slave/test/build/venv/bin/pip freeze
16:55:55     INFO - Reading from file tmpfile_stdout
16:55:55     INFO - Reading from file tmpfile_stderr
16:55:55     INFO - Current package versions:
16:55:55     INFO -   Twisted == 10.2.0
16:55:55     INFO -   blessings == 1.6
16:55:55     INFO -   blobuploader == 1.2.4
16:55:55     INFO -   browsermob-proxy == 0.6.0
16:55:55     INFO -   docopt == 0.6.1
16:55:55     INFO -   firefox-puppeteer == 52.1.0
16:55:55     INFO -   functools32 == 3.2.3.post2
16:55:55     INFO -   ipaddr == 2.1.11
16:55:55     INFO -   jsonschema == 2.5.1
16:55:55     INFO -   manifestparser == 1.1
16:55:55     INFO -   marionette-driver == 2.2.0
16:55:55     INFO -   marionette-harness == 4.0.0
16:55:55     INFO -   mock == 1.0.1
16:55:55     INFO -   mozInstall == 1.12
16:55:55     INFO -   mozcrash == 1.0
16:55:55     INFO -   mozdebug == 0.1
16:55:55     INFO -   mozdevice == 0.48
16:55:55     INFO -   mozfile == 1.2
16:55:55     INFO -   mozhttpd == 0.7
16:55:55     INFO -   mozinfo == 0.9
16:55:55     INFO -   mozleak == 0.1
16:55:55     INFO -   mozlog == 3.4
16:55:55     INFO -   moznetwork == 0.27
16:55:55     INFO -   mozprocess == 0.23
16:55:55     INFO -   mozprofile == 0.28
16:55:55     INFO -   mozrunner == 6.13
16:55:55     INFO -   mozscreenshot == 0.1
16:55:55     INFO -   mozsystemmonitor == 0.3
16:55:55     INFO -   moztest == 0.8
16:55:55     INFO -   mozversion == 1.4
16:55:55     INFO -   passlib == 1.6.5
16:55:55     INFO -   psutil == 3.1.1
16:55:55     INFO -   requests == 1.2.3
16:55:55     INFO -   simplejson == 3.3.0
16:55:55     INFO -   six == 1.10.0
16:55:55     INFO -   txWS == 0.9.1
16:55:55     INFO -   wptserve == 1.4.0
16:55:55     INFO -   zope.interface == 4.0.2
16:55:55     INFO - Running post-action listener: _resource_record_post_action
16:55:55     INFO - Running post-action listener: _start_resource_monitoring
16:55:55     INFO - Starting resource monitoring.
16:55:55     INFO - [mozharness: 2018-06-08 23:55:55.199015Z] Finished create-virtualenv step (success)
16:55:55     INFO - [mozharness: 2018-06-08 23:55:55.205392Z] Running install step.
16:55:55     INFO - Running pre-action listener: _resource_record_pre_action
16:55:55     INFO - Running main action method: install
16:55:55     INFO - Getting output from command: ['/builds/slave/test/build/venv/bin/pip', 'freeze']
16:55:55     INFO - Copy/paste: /builds/slave/test/build/venv/bin/pip freeze
16:55:56     INFO - Reading from file tmpfile_stdout
16:55:56     INFO - Reading from file tmpfile_stderr
16:55:56     INFO - Detecting whether we're running mozinstall >=1.0...
16:55:56     INFO - Getting output from command: ['/builds/slave/test/build/venv/bin/mozinstall', '-h']
16:55:56     INFO - Copy/paste: /builds/slave/test/build/venv/bin/mozinstall -h
16:55:56     INFO - Reading from file tmpfile_stdout
16:55:56     INFO - Output received:
16:55:56     INFO -  Usage: mozinstall [options] installer
16:55:56     INFO -  Options:
16:55:56     INFO -    -h, --help            show this help message and exit
16:55:56     INFO -    -d DEST, --destination=DEST
16:55:56     INFO -                          Directory to install application into. [default:
16:55:56     INFO -                          "/builds/slave/test"]
16:55:56     INFO -    --app=APP             Application being installed. [default: firefox]
16:55:56     INFO - mkdir: /builds/slave/test/build/application
16:55:56     INFO - Getting output from command: ['/builds/slave/test/build/venv/bin/mozinstall', '/builds/slave/test/build/installer.tar.bz2', '--destination', '/builds/slave/test/build/application']
16:55:56     INFO - Copy/paste: /builds/slave/test/build/venv/bin/mozinstall /builds/slave/test/build/installer.tar.bz2 --destination /builds/slave/test/build/application
16:56:19     INFO - Reading from file tmpfile_stdout
16:56:19     INFO - Output received:
16:56:19     INFO -  /builds/slave/test/build/application/firefox/firefox
16:56:19     INFO - Running post-action listener: _resource_record_post_action
16:56:19     INFO - [mozharness: 2018-06-08 23:56:19.796202Z] Finished install step (success)
16:56:19     INFO - [mozharness: 2018-06-08 23:56:19.796638Z] Running stage-files step.
16:56:19     INFO - Running pre-action listener: _resource_record_pre_action
16:56:19     INFO - Running main action method: stage_files
16:56:19     INFO - Running post-action listener: _resource_record_post_action
16:56:19     INFO - [mozharness: 2018-06-08 23:56:19.798384Z] Finished stage-files step (success)
16:56:19     INFO - [mozharness: 2018-06-08 23:56:19.798766Z] Running run-tests step.
16:56:19     INFO - Running pre-action listener: _resource_record_pre_action
16:56:19     INFO - Running pre-action listener: _set_gcov_prefix
16:56:19     INFO - Running main action method: run_tests
16:56:19     INFO - Running pre test command disable_screen_saver with 'xset s off s reset'
16:56:19     INFO - Running command: ['xset', 's', 'off', 's', 'reset'] in /builds/slave/test/build
16:56:19     INFO - Copy/paste: xset s off s reset
16:56:19     INFO - Return code: 0
16:56:19     INFO - #### Running mochitest suites
16:56:19     INFO - Structured output parser in use for mochitest.
16:56:19     INFO - grabbing minidump binary from tooltool
16:56:19     INFO - retry: Calling run_command with args: (['/tools/tooltool.py', '--url', 'https://api.pub.build.mozilla.org/tooltool/', '--authentication-file', '/builds/relengapi.tok', 'fetch', '-m', '/builds/slave/test/build/tests/config/tooltool-manifests/linux64/releng.manifest', '-o', '-c', '/builds/tooltool_cache'],), kwargs: {'output_timeout': 600, 'error_list': [{'substr': 'command not found', 'level': 'error'}, {'regex': <_sre.SRE_Pattern object at 0x262ca90>, 'level': 'warning'}, {'substr': 'Traceback (most recent call last)', 'level': 'error'}, {'substr': 'SyntaxError: ', 'level': 'error'}, {'substr': 'TypeError: ', 'level': 'error'}, {'substr': 'NameError: ', 'level': 'error'}, {'substr': 'ZeroDivisionError: ', 'level': 'error'}, {'regex': <_sre.SRE_Pattern object at 0x262e3f0>, 'level': 'critical'}, {'regex': <_sre.SRE_Pattern object at 0x262e670>, 'level': 'critical'}, {'substr': 'ERROR - ', 'level': 'error'}], 'cwd': '/builds/slave/test/build', 'privileged': False}, attempt #1
16:56:19     INFO - Running command: ['/tools/tooltool.py', '--url', 'https://api.pub.build.mozilla.org/tooltool/', '--authentication-file', '/builds/relengapi.tok', 'fetch', '-m', '/builds/slave/test/build/tests/config/tooltool-manifests/linux64/releng.manifest', '-o', '-c', '/builds/tooltool_cache'] in /builds/slave/test/build
16:56:19     INFO - Copy/paste: /tools/tooltool.py --url https://api.pub.build.mozilla.org/tooltool/ --authentication-file /builds/relengapi.tok fetch -m /builds/slave/test/build/tests/config/tooltool-manifests/linux64/releng.manifest -o -c /builds/tooltool_cache
16:56:19     INFO - Calling ['/tools/tooltool.py', '--url', 'https://api.pub.build.mozilla.org/tooltool/', '--authentication-file', '/builds/relengapi.tok', 'fetch', '-m', '/builds/slave/test/build/tests/config/tooltool-manifests/linux64/releng.manifest', '-o', '-c', '/builds/tooltool_cache'] with output_timeout 600
16:56:20     INFO -  INFO - File linux64-minidump_stackwalk not present in local cache folder /builds/tooltool_cache
16:56:20     INFO -  INFO - Attempting to fetch from 'https://api.pub.build.mozilla.org/tooltool/'...
16:56:21     INFO -  INFO - File linux64-minidump_stackwalk fetched from https://api.pub.build.mozilla.org/tooltool/ as /builds/slave/test/build/tmpp07liK
16:56:21     INFO -  INFO - File integrity verified, renaming tmpp07liK to linux64-minidump_stackwalk
16:56:21     INFO -  INFO - Updating local cache /builds/tooltool_cache...
16:56:21     INFO -  INFO - Local cache /builds/tooltool_cache updated with linux64-minidump_stackwalk
16:56:21     INFO - Return code: 0
16:56:21     INFO - Chmoding /builds/slave/test/build/linux64-minidump_stackwalk to 0755
16:56:21     INFO - grabbing nodejs binary from tooltool
16:56:21     INFO - retry: Calling run_command with args: (['/tools/tooltool.py', '--url', 'https://api.pub.build.mozilla.org/tooltool/', '--authentication-file', '/builds/relengapi.tok', 'fetch', '-m', '/builds/slave/test/build/tests/config/tooltool-manifests/linux64/nodejs.manifest', '-o', '-c', '/builds/tooltool_cache'],), kwargs: {'output_timeout': 600, 'error_list': [{'substr': 'command not found', 'level': 'error'}, {'regex': <_sre.SRE_Pattern object at 0x262ca90>, 'level': 'warning'}, {'substr': 'Traceback (most recent call last)', 'level': 'error'}, {'substr': 'SyntaxError: ', 'level': 'error'}, {'substr': 'TypeError: ', 'level': 'error'}, {'substr': 'NameError: ', 'level': 'error'}, {'substr': 'ZeroDivisionError: ', 'level': 'error'}, {'regex': <_sre.SRE_Pattern object at 0x262e3f0>, 'level': 'critical'}, {'regex': <_sre.SRE_Pattern object at 0x262e670>, 'level': 'critical'}, {'substr': 'ERROR - ', 'level': 'error'}], 'cwd': '/builds/slave/test/build', 'privileged': False}, attempt #1
16:56:21     INFO - Running command: ['/tools/tooltool.py', '--url', 'https://api.pub.build.mozilla.org/tooltool/', '--authentication-file', '/builds/relengapi.tok', 'fetch', '-m', '/builds/slave/test/build/tests/config/tooltool-manifests/linux64/nodejs.manifest', '-o', '-c', '/builds/tooltool_cache'] in /builds/slave/test/build
16:56:21     INFO - Copy/paste: /tools/tooltool.py --url https://api.pub.build.mozilla.org/tooltool/ --authentication-file /builds/relengapi.tok fetch -m /builds/slave/test/build/tests/config/tooltool-manifests/linux64/nodejs.manifest -o -c /builds/tooltool_cache
16:56:21     INFO - Calling ['/tools/tooltool.py', '--url', 'https://api.pub.build.mozilla.org/tooltool/', '--authentication-file', '/builds/relengapi.tok', 'fetch', '-m', '/builds/slave/test/build/tests/config/tooltool-manifests/linux64/nodejs.manifest', '-o', '-c', '/builds/tooltool_cache'] with output_timeout 600
16:56:22     INFO -  INFO - File node-linux-x64.tar.gz not present in local cache folder /builds/tooltool_cache
16:56:22     INFO -  INFO - Attempting to fetch from 'https://api.pub.build.mozilla.org/tooltool/'...
16:56:23     INFO -  INFO - File node-linux-x64.tar.gz fetched from https://api.pub.build.mozilla.org/tooltool/ as /builds/slave/test/build/tmpLEfksW
16:56:23     INFO -  INFO - File integrity verified, renaming tmpLEfksW to node-linux-x64.tar.gz
16:56:23     INFO -  INFO - Updating local cache /builds/tooltool_cache...
16:56:23     INFO -  INFO - Local cache /builds/tooltool_cache updated with node-linux-x64.tar.gz
16:56:23     INFO -  INFO - untarring "node-linux-x64.tar.gz"
16:56:25     INFO - Return code: 0
16:56:25     INFO - Chmoding /builds/slave/test/build/node-linux-x64/bin/node to 0755
16:56:25     INFO - mkdir: /builds/slave/test/build/blobber_upload_dir
16:56:25     INFO - ENV: MOZ_UPLOAD_DIR is now /builds/slave/test/build/blobber_upload_dir
16:56:25     INFO - ENV: MINIDUMP_STACKWALK is now /builds/slave/test/build/linux64-minidump_stackwalk
16:56:25     INFO - ENV: MOZ_NODE_PATH is now /builds/slave/test/build/node-linux-x64/bin/node
16:56:25     INFO - ENV: MINIDUMP_SAVE_PATH is now /builds/slave/test/build/blobber_upload_dir
16:56:25     INFO - Running command: ['/builds/slave/test/build/venv/bin/python', '-u', '/builds/slave/test/build/tests/mochitest/runtests.py', '--disable-e10s', '--appname=/builds/slave/test/build/application/firefox/firefox', '--utility-path=tests/bin', '--extra-profile-file=tests/bin/plugins', '--symbols-path=https://queue.taskcluster.net/v1/task/I1iAdq48Sa60c5BCPWswkg/artifacts/public/build/firefox-52.8.2.en-US.linux-x86_64.crashreporter-symbols.zip', '--certificate-path=tests/certs', '--setpref=webgl.force-enabled=true', '--quiet', '--log-raw=/builds/slave/test/build/blobber_upload_dir/mochitest-media_raw.log', '--log-errorsummary=/builds/slave/test/build/blobber_upload_dir/mochitest-media_errorsummary.log', '--use-test-media-devices', '--screenshot-on-fail', '--cleanup-crashes', '--marionette-startup-timeout=180', '--log-raw=-', '--subsuite=media'] in /builds/slave/test/build
16:56:25     INFO - Copy/paste: /builds/slave/test/build/venv/bin/python -u /builds/slave/test/build/tests/mochitest/runtests.py --disable-e10s --appname=/builds/slave/test/build/application/firefox/firefox --utility-path=tests/bin --extra-profile-file=tests/bin/plugins --symbols-path=https://queue.taskcluster.net/v1/task/I1iAdq48Sa60c5BCPWswkg/artifacts/public/build/firefox-52.8.2.en-US.linux-x86_64.crashreporter-symbols.zip --certificate-path=tests/certs --setpref=webgl.force-enabled=true --quiet --log-raw=/builds/slave/test/build/blobber_upload_dir/mochitest-media_raw.log --log-errorsummary=/builds/slave/test/build/blobber_upload_dir/mochitest-media_errorsummary.log --use-test-media-devices --screenshot-on-fail --cleanup-crashes --marionette-startup-timeout=180 --log-raw=- --subsuite=media
16:56:25     INFO - Using env: {'CCACHE_DIR': '/builds/ccache',
16:56:25     INFO -  'CCACHE_UMASK': '002',
16:56:25     INFO -  'DISPLAY': ':0',
16:56:25     INFO -  'HOME': '/home/cltbld',
16:56:25     INFO -  'LANG': 'en_US.UTF-8',
16:56:25     INFO -  'LOGNAME': 'cltbld',
16:56:25     INFO -  'MAIL': '/var/mail/cltbld',
16:56:25     INFO -  'MINIDUMP_SAVE_PATH': '/builds/slave/test/build/blobber_upload_dir',
16:56:25     INFO -  'MINIDUMP_STACKWALK': '/builds/slave/test/build/linux64-minidump_stackwalk',
16:56:25     INFO -  'MOZ_HIDE_RESULTS_TABLE': '1',
16:56:25     INFO -  'MOZ_NODE_PATH': '/builds/slave/test/build/node-linux-x64/bin/node',
16:56:25     INFO -  'MOZ_NO_REMOTE': '1',
16:56:25     INFO -  'MOZ_UPLOAD_DIR': '/builds/slave/test/build/blobber_upload_dir',
16:56:25     INFO -  'NODE_PATH': '/usr/lib/nodejs:/usr/lib/node_modules:/usr/share/javascript',
16:56:25     INFO -  'NO_FAIL_ON_TEST_ERRORS': '1',
16:56:25     INFO -  'PATH': '/builds/slave/test/build/venv/bin:/usr/local/bin:/usr/local/bin:/usr/bin:/bin:/usr/local/games:/usr/games',
16:56:25     INFO -  'PROPERTIES_FILE': '/builds/slave/test/buildprops.json',
16:56:25     INFO -  'PWD': '/builds/slave/test',
16:56:25     INFO -  'SHELL': '/bin/bash',
16:56:25     INFO -  'SHLVL': '1',
16:56:25     INFO -  'TERM': 'linux',
16:56:25     INFO -  'TMOUT': '86400',
16:56:25     INFO -  'USER': 'cltbld',
16:56:25     INFO -  'XDG_SESSION_COOKIE': '9ca12473fbb1d023794ffd180000023c-1528501938.378352-414201781',
16:56:25     INFO -  '_': '/tools/buildbot/bin/python'}
16:56:25     INFO - Calling ['/builds/slave/test/build/venv/bin/python', '-u', '/builds/slave/test/build/tests/mochitest/runtests.py', '--disable-e10s', '--appname=/builds/slave/test/build/application/firefox/firefox', '--utility-path=tests/bin', '--extra-profile-file=tests/bin/plugins', '--symbols-path=https://queue.taskcluster.net/v1/task/I1iAdq48Sa60c5BCPWswkg/artifacts/public/build/firefox-52.8.2.en-US.linux-x86_64.crashreporter-symbols.zip', '--certificate-path=tests/certs', '--setpref=webgl.force-enabled=true', '--quiet', '--log-raw=/builds/slave/test/build/blobber_upload_dir/mochitest-media_raw.log', '--log-errorsummary=/builds/slave/test/build/blobber_upload_dir/mochitest-media_errorsummary.log', '--use-test-media-devices', '--screenshot-on-fail', '--cleanup-crashes', '--marionette-startup-timeout=180', '--log-raw=-', '--subsuite=media'] with output_timeout 1000
16:56:25     INFO - Checking for orphan ssltunnel processes...
16:56:26     INFO - Checking for orphan xpcshell processes...
16:56:27     INFO - SUITE-START | Running 606 tests
16:56:27     INFO - TEST-START | dom/media/test/test_audioDocumentTitle.html
16:56:27     INFO - TEST-SKIP | dom/media/test/test_audioDocumentTitle.html | took 0ms
16:56:27     INFO - TEST-START | dom/media/test/test_gmp_playback.html
16:56:27     INFO - TEST-SKIP | dom/media/test/test_gmp_playback.html | took 1ms
16:56:27     INFO - TEST-START | dom/media/test/test_mediarecorder_principals.html
16:56:27     INFO - TEST-SKIP | dom/media/test/test_mediarecorder_principals.html | took 0ms
16:56:27     INFO - TEST-START | dom/media/test/test_resume.html
16:56:27     INFO - TEST-SKIP | dom/media/test/test_resume.html | took 0ms
16:56:27     INFO - TEST-START | dom/media/tests/mochitest/identity/test_fingerprints.html
16:56:27     INFO - TEST-SKIP | dom/media/tests/mochitest/identity/test_fingerprints.html | took 0ms
16:56:27     INFO - TEST-START | dom/media/tests/mochitest/identity/test_getIdentityAssertion.html
16:56:27     INFO - TEST-SKIP | dom/media/tests/mochitest/identity/test_getIdentityAssertion.html | took 0ms
16:56:27     INFO - TEST-START | dom/media/tests/mochitest/identity/test_idpproxy.html
16:56:27     INFO - TEST-SKIP | dom/media/tests/mochitest/identity/test_idpproxy.html | took 0ms
16:56:27     INFO - TEST-START | dom/media/tests/mochitest/identity/test_loginNeeded.html
16:56:27     INFO - TEST-SKIP | dom/media/tests/mochitest/identity/test_loginNeeded.html | took 0ms
16:56:27     INFO - TEST-START | dom/media/tests/mochitest/identity/test_peerConnection_asymmetricIsolation.html
16:56:27     INFO - TEST-SKIP | dom/media/tests/mochitest/identity/test_peerConnection_asymmetricIsolation.html | took 0ms
16:56:27     INFO - TEST-START | dom/media/tests/mochitest/identity/test_peerConnection_peerIdentity.html
16:56:27     INFO - TEST-SKIP | dom/media/tests/mochitest/identity/test_peerConnection_peerIdentity.html | took 0ms
16:56:27     INFO - TEST-START | dom/media/tests/mochitest/identity/test_setIdentityProvider.html
16:56:27     INFO - TEST-SKIP | dom/media/tests/mochitest/identity/test_setIdentityProvider.html | took 0ms
16:56:27     INFO - TEST-START | dom/media/tests/mochitest/identity/test_setIdentityProviderWithErrors.html
16:56:27     INFO - TEST-SKIP | dom/media/tests/mochitest/identity/test_setIdentityProviderWithErrors.html | took 0ms
16:56:27     INFO - TEST-START | dom/media/tests/mochitest/test_enumerateDevices_iframe.html
16:56:27     INFO - TEST-SKIP | dom/media/tests/mochitest/test_enumerateDevices_iframe.html | took 0ms
16:56:27     INFO - TEST-START | dom/media/tests/mochitest/test_peerConnection_iceFailure.html
16:56:27     INFO - TEST-SKIP | dom/media/tests/mochitest/test_peerConnection_iceFailure.html | took 0ms
16:56:27     INFO - TEST-START | dom/media/webaudio/test/blink/test_biquadFilterNodeAutomation.html
16:56:27     INFO - TEST-SKIP | dom/media/webaudio/test/blink/test_biquadFilterNodeAutomation.html | took 0ms
16:56:27     INFO -  dir: dom/media/mediasource/test
16:56:28     INFO -  ImportError: No module named pygtk
16:56:29     INFO -  Setting pipeline to PAUSED ...
16:56:29     INFO -  libv4l2: error getting pixformat: Invalid argument
16:56:29     INFO -  Pipeline is PREROLLING ...
16:56:30     INFO -  Pipeline is PREROLLED ...
16:56:30     INFO -  Setting pipeline to PLAYING ...
16:56:30     INFO -  New clock: GstSystemClock
16:56:30     INFO -  Got EOS from element "pipeline0".
16:56:30     INFO -  Execution ended after 32337092 ns.
16:56:30     INFO -  Setting pipeline to PAUSED ...
16:56:30     INFO -  Setting pipeline to READY ...
16:56:30     INFO -  Setting pipeline to NULL ...
16:56:30     INFO -  Freeing pipeline ...
16:56:30     INFO -  23
16:56:30     INFO -  mozprofile.addons WARNING | Could not install /builds/slave/test/build/tests/mochitest/extensions/mozscreenshots: [Errno 2] No such file or directory: '/builds/slave/test/build/tests/mochitest/extensions/mozscreenshots/install.rdf'
16:56:30     INFO -  pk12util: PKCS12 IMPORT SUCCESSFUL
16:56:30     INFO - MochitestServer : launching [u'/builds/slave/test/build/tests/bin/xpcshell', '-g', '/builds/slave/test/build/application/firefox', '-v', '170', '-f', '/builds/slave/test/build/tests/bin/components/httpd.js', '-e', "const _PROFILE_PATH = '/tmp/tmpheXCSF.mozrunner'; const _SERVER_PORT = '8888'; const _SERVER_ADDR = '127.0.0.1'; const _TEST_PREFIX = undefined; const _DISPLAY_RESULTS = false;", '-f', '/builds/slave/test/build/tests/mochitest/server.js']
16:56:30     INFO - runtests.py | Server pid: 2462
16:56:30     INFO - runtests.py | Websocket server pid: 2465
16:56:30     INFO - runtests.py | websocket/process bridge pid: 2468
16:56:31     INFO - runtests.py | SSL tunnel pid: 2486
16:56:31     INFO - runtests.py | Running with e10s: False
16:56:31     INFO - runtests.py | Running tests: start.
16:56:31     INFO - 
16:56:31     INFO - Application command: /builds/slave/test/build/application/firefox/firefox -marionette -foreground -profile /tmp/tmpheXCSF.mozrunner
16:56:31     INFO - runtests.py | Application pid: 2493
16:56:31     INFO - TEST-INFO | started process Main app process
16:56:34     INFO - 1528502194688	Marionette	INFO	Listening on port 2828
16:56:38     INFO - SimpleTest START
16:56:38     INFO - TEST-START | dom/media/mediasource/test/test_AudioChange_mp4.html
16:56:46     INFO - MEMORY STAT vsizeMaxContiguous not supported in this build configuration.
16:56:46     INFO - MEMORY STAT | vsize 2087MB | residentFast 196MB | heapAllocated 89MB
16:56:46     INFO - TEST-OK | dom/media/mediasource/test/test_AudioChange_mp4.html | took 7972ms
16:56:46     INFO - TEST-START | dom/media/mediasource/test/test_AutoRevocation.html
16:56:47     INFO - MEMORY STAT | vsize 2087MB | residentFast 198MB | heapAllocated 91MB
16:56:47     INFO - TEST-OK | dom/media/mediasource/test/test_AutoRevocation.html | took 174ms
16:56:47     INFO - TEST-START | dom/media/mediasource/test/test_BufferedSeek.html
16:56:47     INFO - MEMORY STAT | vsize 2087MB | residentFast 201MB | heapAllocated 94MB
16:56:47     INFO - TEST-OK | dom/media/mediasource/test/test_BufferedSeek.html | took 356ms
16:56:47     INFO - TEST-START | dom/media/mediasource/test/test_BufferedSeek_mp4.html
16:56:47     INFO - MEMORY STAT | vsize 2088MB | residentFast 205MB | heapAllocated 98MB
16:56:47     INFO - TEST-OK | dom/media/mediasource/test/test_BufferedSeek_mp4.html | took 258ms
16:56:47     INFO - TEST-START | dom/media/mediasource/test/test_BufferingWait.html
16:56:52     INFO - MEMORY STAT | vsize 2088MB | residentFast 204MB | heapAllocated 96MB
16:56:52     INFO - TEST-OK | dom/media/mediasource/test/test_BufferingWait.html | took 4334ms
16:56:52     INFO - TEST-START | dom/media/mediasource/test/test_BufferingWait_mp4.html
16:56:57     INFO - MEMORY STAT | vsize 2088MB | residentFast 202MB | heapAllocated 94MB
16:56:57     INFO - TEST-OK | dom/media/mediasource/test/test_BufferingWait_mp4.html | took 5294ms
16:56:57     INFO - TEST-START | dom/media/mediasource/test/test_DrainOnMissingData_mp4.html
16:56:58     INFO - MEMORY STAT | vsize 2088MB | residentFast 205MB | heapAllocated 97MB
16:56:58     INFO - TEST-OK | dom/media/mediasource/test/test_DrainOnMissingData_mp4.html | took 1176ms
16:56:58     INFO - TEST-START | dom/media/mediasource/test/test_DurationChange.html
16:56:59     INFO - MEMORY STAT | vsize 2088MB | residentFast 207MB | heapAllocated 100MB
16:56:59     INFO - TEST-OK | dom/media/mediasource/test/test_DurationChange.html | took 400ms
16:56:59     INFO - TEST-START | dom/media/mediasource/test/test_DurationUpdated.html
16:56:59     INFO - MEMORY STAT | vsize 2088MB | residentFast 210MB | heapAllocated 102MB
16:56:59     INFO - TEST-OK | dom/media/mediasource/test/test_DurationUpdated.html | took 330ms
16:56:59     INFO - TEST-START | dom/media/mediasource/test/test_DurationUpdated_mp4.html
16:56:59     INFO - MEMORY STAT | vsize 2091MB | residentFast 215MB | heapAllocated 108MB
16:56:59     INFO - TEST-OK | dom/media/mediasource/test/test_DurationUpdated_mp4.html | took 228ms
16:56:59     INFO - TEST-START | dom/media/mediasource/test/test_EndOfStream.html
16:57:00     INFO - MEMORY STAT | vsize 2093MB | residentFast 217MB | heapAllocated 109MB
16:57:00     INFO - TEST-OK | dom/media/mediasource/test/test_EndOfStream.html | took 286ms
16:57:00     INFO - TEST-START | dom/media/mediasource/test/test_EndOfStream_mp4.html
16:57:00     INFO - MEMORY STAT | vsize 2094MB | residentFast 220MB | heapAllocated 113MB
16:57:00     INFO - TEST-OK | dom/media/mediasource/test/test_EndOfStream_mp4.html | took 212ms
16:57:00     INFO - TEST-START | dom/media/mediasource/test/test_Eviction_mp4.html
16:57:01     INFO - MEMORY STAT | vsize 2095MB | residentFast 222MB | heapAllocated 114MB
16:57:01     INFO - TEST-OK | dom/media/mediasource/test/test_Eviction_mp4.html | took 834ms
16:57:01     INFO - TEST-START | dom/media/mediasource/test/test_FrameSelection.html
16:57:02     INFO - MEMORY STAT | vsize 2095MB | residentFast 216MB | heapAllocated 107MB
16:57:02     INFO - TEST-OK | dom/media/mediasource/test/test_FrameSelection.html | took 692ms
16:57:02     INFO - TEST-START | dom/media/mediasource/test/test_FrameSelection_mp4.html
16:57:05     INFO - MEMORY STAT | vsize 2098MB | residentFast 216MB | heapAllocated 107MB
16:57:05     INFO - TEST-OK | dom/media/mediasource/test/test_FrameSelection_mp4.html | took 3066ms
16:57:05     INFO - TEST-START | dom/media/mediasource/test/test_HaveMetadataUnbufferedSeek.html
16:57:05     INFO - MEMORY STAT | vsize 2098MB | residentFast 219MB | heapAllocated 110MB
16:57:05     INFO - TEST-OK | dom/media/mediasource/test/test_HaveMetadataUnbufferedSeek.html | took 604ms
16:57:05     INFO - TEST-START | dom/media/mediasource/test/test_HaveMetadataUnbufferedSeek_mp4.html
16:57:06     INFO - MEMORY STAT | vsize 2098MB | residentFast 223MB | heapAllocated 114MB
16:57:06     INFO - TEST-OK | dom/media/mediasource/test/test_HaveMetadataUnbufferedSeek_mp4.html | took 308ms
16:57:06     INFO - TEST-START | dom/media/mediasource/test/test_LiveSeekable.html
16:57:06     INFO - MEMORY STAT | vsize 2098MB | residentFast 225MB | heapAllocated 116MB
16:57:06     INFO - TEST-OK | dom/media/mediasource/test/test_LiveSeekable.html | took 334ms
16:57:06     INFO - TEST-START | dom/media/mediasource/test/test_LoadedDataFired_mp4.html
16:57:07     INFO - MEMORY STAT | vsize 2103MB | residentFast 229MB | heapAllocated 120MB
16:57:07     INFO - TEST-OK | dom/media/mediasource/test/test_LoadedDataFired_mp4.html | took 980ms
16:57:07     INFO - TEST-START | dom/media/mediasource/test/test_LoadedMetadataFired.html
16:57:08     INFO - MEMORY STAT | vsize 2103MB | residentFast 227MB | heapAllocated 118MB
16:57:08     INFO - TEST-OK | dom/media/mediasource/test/test_LoadedMetadataFired.html | took 588ms
16:57:08     INFO - TEST-START | dom/media/mediasource/test/test_LoadedMetadataFired_mp4.html
16:57:08     INFO - MEMORY STAT | vsize 2103MB | residentFast 216MB | heapAllocated 107MB
16:57:08     INFO - TEST-OK | dom/media/mediasource/test/test_LoadedMetadataFired_mp4.html | took 202ms
16:57:08     INFO - TEST-START | dom/media/mediasource/test/test_MediaSource.html
16:57:13     INFO - MEMORY STAT | vsize 2103MB | residentFast 216MB | heapAllocated 106MB
16:57:13     INFO - TEST-OK | dom/media/mediasource/test/test_MediaSource.html | took 4402ms
16:57:13     INFO - TEST-START | dom/media/mediasource/test/test_MediaSource_disabled.html
16:57:13     INFO - MEMORY STAT | vsize 2103MB | residentFast 217MB | heapAllocated 107MB
16:57:13     INFO - TEST-OK | dom/media/mediasource/test/test_MediaSource_disabled.html | took 118ms
16:57:13     INFO - TEST-START | dom/media/mediasource/test/test_MediaSource_memory_reporting.html
16:57:17     INFO - MEMORY STAT | vsize 2114MB | residentFast 203MB | heapAllocated 92MB
16:57:17     INFO - TEST-OK | dom/media/mediasource/test/test_MediaSource_memory_reporting.html | took 4008ms
16:57:17     INFO - TEST-START | dom/media/mediasource/test/test_MediaSource_mp4.html
16:57:19     INFO - MEMORY STAT | vsize 2114MB | residentFast 204MB | heapAllocated 93MB
16:57:19     INFO - TEST-OK | dom/media/mediasource/test/test_MediaSource_mp4.html | took 2224ms
16:57:19     INFO - TEST-START | dom/media/mediasource/test/test_MultipleInitSegments.html
16:57:19     INFO - MEMORY STAT | vsize 2113MB | residentFast 202MB | heapAllocated 93MB
16:57:19     INFO - TEST-OK | dom/media/mediasource/test/test_MultipleInitSegments.html | took 378ms
16:57:19     INFO - TEST-START | dom/media/mediasource/test/test_MultipleInitSegments_mp4.html
16:57:20     INFO - MEMORY STAT | vsize 2113MB | residentFast 205MB | heapAllocated 96MB
16:57:20     INFO - TEST-OK | dom/media/mediasource/test/test_MultipleInitSegments_mp4.html | took 304ms
16:57:20     INFO - TEST-START | dom/media/mediasource/test/test_OnEvents.html
16:57:21     INFO - MEMORY STAT | vsize 2113MB | residentFast 203MB | heapAllocated 94MB
16:57:21     INFO - TEST-OK | dom/media/mediasource/test/test_OnEvents.html | took 706ms
16:57:21     INFO - TEST-START | dom/media/mediasource/test/test_PlayEvents.html
16:57:25     INFO - MEMORY STAT | vsize 2113MB | residentFast 210MB | heapAllocated 102MB
16:57:25     INFO - TEST-OK | dom/media/mediasource/test/test_PlayEvents.html | took 4254ms
16:57:25     INFO - TEST-START | dom/media/mediasource/test/test_ResumeAfterClearing_mp4.html
16:57:28     INFO - MEMORY STAT | vsize 2113MB | residentFast 201MB | heapAllocated 92MB
16:57:28     INFO - TEST-OK | dom/media/mediasource/test/test_ResumeAfterClearing_mp4.html | took 3222ms
16:57:28     INFO - TEST-START | dom/media/mediasource/test/test_SeekNoData_mp4.html
16:57:32     INFO - MEMORY STAT | vsize 2113MB | residentFast 204MB | heapAllocated 96MB
16:57:32     INFO - TEST-OK | dom/media/mediasource/test/test_SeekNoData_mp4.html | took 3684ms
16:57:32     INFO - TEST-START | dom/media/mediasource/test/test_SeekToEnd_mp4.html
16:57:34     INFO - MEMORY STAT | vsize 2113MB | residentFast 203MB | heapAllocated 94MB
16:57:34     INFO - TEST-OK | dom/media/mediasource/test/test_SeekToEnd_mp4.html | took 1662ms
16:57:34     INFO - TEST-START | dom/media/mediasource/test/test_SeekTwice_mp4.html
16:57:39     INFO - MEMORY STAT | vsize 2115MB | residentFast 201MB | heapAllocated 93MB
16:57:39     INFO - TEST-OK | dom/media/mediasource/test/test_SeekTwice_mp4.html | took 5650ms
16:57:39     INFO - TEST-START | dom/media/mediasource/test/test_SeekableAfterEndOfStream.html
16:57:40     INFO - MEMORY STAT | vsize 2115MB | residentFast 203MB | heapAllocated 94MB
16:57:40     INFO - TEST-OK | dom/media/mediasource/test/test_SeekableAfterEndOfStream.html | took 468ms
16:57:40     INFO - TEST-START | dom/media/mediasource/test/test_SeekableAfterEndOfStreamSplit.html
16:57:41     INFO - MEMORY STAT | vsize 2115MB | residentFast 195MB | heapAllocated 86MB
16:57:41     INFO - TEST-OK | dom/media/mediasource/test/test_SeekableAfterEndOfStreamSplit.html | took 366ms
16:57:41     INFO - TEST-START | dom/media/mediasource/test/test_SeekableAfterEndOfStreamSplit_mp4.html
16:57:41     INFO - MEMORY STAT | vsize 2115MB | residentFast 199MB | heapAllocated 92MB
16:57:41     INFO - TEST-OK | dom/media/mediasource/test/test_SeekableAfterEndOfStreamSplit_mp4.html | took 228ms
16:57:41     INFO - TEST-START | dom/media/mediasource/test/test_SeekableAfterEndOfStream_mp4.html
16:57:41     INFO - MEMORY STAT | vsize 2115MB | residentFast 204MB | heapAllocated 97MB
16:57:41     INFO - TEST-OK | dom/media/mediasource/test/test_SeekableAfterEndOfStream_mp4.html | took 224ms
16:57:41     INFO - TEST-START | dom/media/mediasource/test/test_SeekableBeforeEndOfStream.html
16:57:41     INFO - MEMORY STAT | vsize 2115MB | residentFast 207MB | heapAllocated 100MB
16:57:41     INFO - TEST-OK | dom/media/mediasource/test/test_SeekableBeforeEndOfStream.html | took 280ms
16:57:41     INFO - TEST-START | dom/media/mediasource/test/test_SeekableBeforeEndOfStreamSplit.html
16:57:42     INFO - MEMORY STAT | vsize 2115MB | residentFast 208MB | heapAllocated 100MB
16:57:42     INFO - TEST-OK | dom/media/mediasource/test/test_SeekableBeforeEndOfStreamSplit.html | took 334ms
16:57:42     INFO - TEST-START | dom/media/mediasource/test/test_SeekableBeforeEndOfStreamSplit_mp4.html
16:57:42     INFO - MEMORY STAT | vsize 2115MB | residentFast 212MB | heapAllocated 105MB
16:57:42     INFO - TEST-OK | dom/media/mediasource/test/test_SeekableBeforeEndOfStreamSplit_mp4.html | took 230ms
16:57:42     INFO - TEST-START | dom/media/mediasource/test/test_SeekableBeforeEndOfStream_mp4.html
16:57:42     INFO - MEMORY STAT | vsize 2115MB | residentFast 215MB | heapAllocated 108MB
16:57:42     INFO - TEST-OK | dom/media/mediasource/test/test_SeekableBeforeEndOfStream_mp4.html | took 272ms
16:57:43     INFO - TEST-START | dom/media/mediasource/test/test_SeekedEvent_mp4.html
16:57:43     INFO - MEMORY STAT | vsize 2115MB | residentFast 218MB | heapAllocated 111MB
16:57:43     INFO - TEST-OK | dom/media/mediasource/test/test_SeekedEvent_mp4.html | took 464ms
16:57:43     INFO - TEST-START | dom/media/mediasource/test/test_Sequence_mp4.html
16:57:43     INFO - MEMORY STAT | vsize 2115MB | residentFast 222MB | heapAllocated 115MB
16:57:43     INFO - TEST-OK | dom/media/mediasource/test/test_Sequence_mp4.html | took 290ms
16:57:43     INFO - TEST-START | dom/media/mediasource/test/test_SetModeThrows.html
16:57:44     INFO - MEMORY STAT | vsize 2115MB | residentFast 222MB | heapAllocated 115MB
16:57:44     INFO - TEST-OK | dom/media/mediasource/test/test_SetModeThrows.html | took 126ms
16:57:44     INFO - TEST-START | dom/media/mediasource/test/test_SplitAppend.html
16:57:48     INFO - MEMORY STAT | vsize 2115MB | residentFast 224MB | heapAllocated 116MB
16:57:48     INFO - TEST-OK | dom/media/mediasource/test/test_SplitAppend.html | took 4274ms
16:57:48     INFO - TEST-START | dom/media/mediasource/test/test_SplitAppendDelay.html
16:57:53     INFO - MEMORY STAT | vsize 2115MB | residentFast 199MB | heapAllocated 88MB
16:57:53     INFO - TEST-OK | dom/media/mediasource/test/test_SplitAppendDelay.html | took 5252ms
16:57:53     INFO - TEST-START | dom/media/mediasource/test/test_SplitAppendDelay_mp4.html
16:57:56     INFO - MEMORY STAT | vsize 2115MB | residentFast 187MB | heapAllocated 80MB
16:57:56     INFO - TEST-OK | dom/media/mediasource/test/test_SplitAppendDelay_mp4.html | took 3196ms
16:57:56     INFO - TEST-START | dom/media/mediasource/test/test_SplitAppend_mp4.html
16:57:59     INFO - MEMORY STAT | vsize 2115MB | residentFast 189MB | heapAllocated 82MB
16:57:59     INFO - TEST-OK | dom/media/mediasource/test/test_SplitAppend_mp4.html | took 2204ms
16:57:59     INFO - TEST-START | dom/media/mediasource/test/test_Threshold_mp4.html
16:58:10     INFO - MEMORY STAT | vsize 2115MB | residentFast 189MB | heapAllocated 81MB
16:58:10     INFO - TEST-OK | dom/media/mediasource/test/test_Threshold_mp4.html | took 11086ms
16:58:10     INFO - TEST-START | dom/media/mediasource/test/test_TimestampOffset_mp4.html
16:58:18     INFO - MEMORY STAT | vsize 2115MB | residentFast 191MB | heapAllocated 83MB
16:58:18     INFO - TEST-OK | dom/media/mediasource/test/test_TimestampOffset_mp4.html | took 8560ms
16:58:19     INFO - TEST-START | dom/media/mediasource/test/test_TruncatedDuration.html
16:58:19     INFO - MEMORY STAT | vsize 2115MB | residentFast 192MB | heapAllocated 84MB
16:58:19     INFO - TEST-OK | dom/media/mediasource/test/test_TruncatedDuration.html | took 360ms
16:58:19     INFO - TEST-START | dom/media/mediasource/test/test_TruncatedDuration_mp4.html
16:58:19     INFO - MEMORY STAT | vsize 2115MB | residentFast 196MB | heapAllocated 88MB
16:58:19     INFO - TEST-OK | dom/media/mediasource/test/test_TruncatedDuration_mp4.html | took 304ms
16:58:19     INFO - TEST-START | dom/media/mediasource/test/test_WaitingOnMissingData.html
16:58:24     INFO - MEMORY STAT | vsize 2115MB | residentFast 196MB | heapAllocated 87MB
16:58:24     INFO - TEST-OK | dom/media/mediasource/test/test_WaitingOnMissingData.html | took 4376ms
16:58:24     INFO - TEST-START | dom/media/mediasource/test/test_WaitingOnMissingDataEnded_mp4.html
16:58:28     INFO - MEMORY STAT | vsize 2115MB | residentFast 198MB | heapAllocated 88MB
16:58:28     INFO - TEST-OK | dom/media/mediasource/test/test_WaitingOnMissingDataEnded_mp4.html | took 3734ms
16:58:28     INFO - TEST-START | dom/media/mediasource/test/test_WaitingOnMissingData_mp4.html
16:58:39     INFO - MEMORY STAT | vsize 2115MB | residentFast 188MB | heapAllocated 79MB
16:58:39     INFO - TEST-OK | dom/media/mediasource/test/test_WaitingOnMissingData_mp4.html | took 11714ms
16:58:39     INFO - TEST-START | dom/media/mediasource/test/test_WaitingToEndedTransition_mp4.html
16:58:44     INFO - MEMORY STAT | vsize 2115MB | residentFast 192MB | heapAllocated 82MB
16:58:44     INFO - TEST-OK | dom/media/mediasource/test/test_WaitingToEndedTransition_mp4.html | took 4954ms
16:58:44     INFO - TEST-START | Shutdown
16:58:44     INFO - Passed:  674
16:58:44     INFO - Failed:  0
16:58:44     INFO - Todo:    2
16:58:44     INFO - Mode:    non-e10s
16:58:44     INFO - Slowest: 11716ms - /tests/dom/media/mediasource/test/test_WaitingOnMissingData_mp4.html
16:58:44     INFO - SimpleTest FINISHED
16:58:44     INFO - TEST-INFO | Ran 1 Loops
16:58:44     INFO - SimpleTest FINISHED
16:58:46     INFO - TEST-INFO | Main app process: exit 0
16:58:46     INFO - runtests.py | Application ran for: 0:02:14.412253
16:58:46     INFO - zombiecheck | Reading PID log: /tmp/tmp05vB9Bpidlog
16:58:46     INFO - ==> process 2493 launched child process 2514
16:58:46     INFO - zombiecheck | Checking for orphan process with PID: 2514
16:58:46     INFO - Stopping web server
16:58:46     INFO - Stopping web socket server
16:58:46     INFO - Stopping ssltunnel
16:58:46     INFO -  websocket/process bridge listening on port 8191
16:58:46     INFO - Stopping websocket/process bridge
16:58:46  WARNING - leakcheck | refcount logging is off, so leaks can't be detected!
16:58:46     INFO - runtests.py | Running tests: end.
16:58:46     INFO - Buffered messages finished
16:58:46     INFO -  dir: dom/media/test
16:58:46     INFO -  Setting pipeline to PAUSED ...
16:58:46     INFO -  Pipeline is PREROLLING ...
16:58:46     INFO -  Pipeline is PREROLLED ...
16:58:46     INFO -  Setting pipeline to PLAYING ...
16:58:46     INFO -  New clock: GstSystemClock
16:58:46     INFO -  Got EOS from element "pipeline0".
16:58:46     INFO -  Execution ended after 32565965 ns.
16:58:46     INFO -  Setting pipeline to PAUSED ...
16:58:46     INFO -  Setting pipeline to READY ...
16:58:46     INFO -  Setting pipeline to NULL ...
16:58:46     INFO -  Freeing pipeline ...
16:58:46     INFO -  mozprofile.addons WARNING | Could not install /builds/slave/test/build/tests/mochitest/extensions/mozscreenshots: [Errno 2] No such file or directory: '/builds/slave/test/build/tests/mochitest/extensions/mozscreenshots/install.rdf'
16:58:46     INFO -  pk12util: PKCS12 IMPORT SUCCESSFUL
16:58:47     INFO - MochitestServer : launching [u'/builds/slave/test/build/tests/bin/xpcshell', '-g', '/builds/slave/test/build/application/firefox', '-v', '170', '-f', '/builds/slave/test/build/tests/bin/components/httpd.js', '-e', "const _PROFILE_PATH = '/tmp/tmpmbhmjs.mozrunner'; const _SERVER_PORT = '8888'; const _SERVER_ADDR = '127.0.0.1'; const _TEST_PREFIX = undefined; const _DISPLAY_RESULTS = false;", '-f', '/builds/slave/test/build/tests/mochitest/server.js']
16:58:47     INFO - runtests.py | Server pid: 2602
16:58:47     INFO - runtests.py | Websocket server pid: 2605
16:58:47     INFO - runtests.py | websocket/process bridge pid: 2608
16:58:48     INFO - runtests.py | SSL tunnel pid: 2626
16:58:48     INFO - runtests.py | Running with e10s: False
16:58:48     INFO - runtests.py | Running tests: start.
16:58:48     INFO - 
16:58:48     INFO - Application command: /builds/slave/test/build/application/firefox/firefox -marionette -foreground -profile /tmp/tmpmbhmjs.mozrunner
16:58:48     INFO - runtests.py | Application pid: 2633
16:58:48     INFO - TEST-INFO | started process Main app process
16:58:51     INFO - 1528502331298	Marionette	INFO	Listening on port 2828
16:58:55     INFO - SimpleTest START
16:58:55     INFO - TEST-START | dom/media/test/test_VideoPlaybackQuality.html
16:59:01     INFO - MEMORY STAT vsizeMaxContiguous not supported in this build configuration.
16:59:01     INFO - MEMORY STAT | vsize 2014MB | residentFast 209MB | heapAllocated 103MB
16:59:01     INFO - TEST-OK | dom/media/test/test_VideoPlaybackQuality.html | took 5532ms
16:59:01     INFO - TEST-START | dom/media/test/test_VideoPlaybackQuality_disabled.html
16:59:01     INFO - MEMORY STAT | vsize 2010MB | residentFast 194MB | heapAllocated 90MB
16:59:01     INFO - TEST-OK | dom/media/test/test_VideoPlaybackQuality_disabled.html | took 306ms
16:59:01     INFO - TEST-START | dom/media/test/test_access_control.html
16:59:04     INFO -  file=[xpconnect wrapped nsILocalFile]
16:59:04     INFO -  file=[xpconnect wrapped nsILocalFile]
16:59:05     INFO -  file=[xpconnect wrapped nsILocalFile]
16:59:06     INFO -  file=[xpconnect wrapped nsILocalFile]
16:59:06     INFO -  file=[xpconnect wrapped nsILocalFile]
16:59:07     INFO -  file=[xpconnect wrapped nsILocalFile]
16:59:07     INFO -  file=[xpconnect wrapped nsILocalFile]
16:59:08     INFO -  file=[xpconnect wrapped nsILocalFile]
16:59:08     INFO -  file=[xpconnect wrapped nsILocalFile]
16:59:08     INFO -  file=[xpconnect wrapped nsILocalFile]
16:59:09     INFO - MEMORY STAT | vsize 2027MB | residentFast 211MB | heapAllocated 123MB
16:59:10     INFO - TEST-OK | dom/media/test/test_access_control.html | took 8268ms
16:59:10     INFO - TEST-START | dom/media/test/test_aspectratio_mp4.html
16:59:10     INFO - MEMORY STAT | vsize 2030MB | residentFast 196MB | heapAllocated 87MB
16:59:10     INFO - TEST-OK | dom/media/test/test_aspectratio_mp4.html | took 238ms
16:59:10     INFO - [h264 @ 0x7f02cd7b7000] reference picture missing during reorder
16:59:10     INFO - [h264 @ 0x7f02cd7b7000] reference count overflow
16:59:10     INFO - [h264 @ 0x7f02cd7b7000] decode_slice_header error
16:59:10     INFO - [h264 @ 0x7f02cd7b7000] error while decoding MB 9 10, bytestream (-20)
16:59:10     INFO - [h264 @ 0x7f02cd7b7000] concealing 216 DC, 216 AC, 216 MV errors
16:59:10     INFO - [h264 @ 0x7f02cd7b7000] AVC: nal size 0
16:59:10     INFO - [h264 @ 0x7f02cd7b7000] no frame!
16:59:10     INFO - TEST-START | dom/media/test/test_audio1.html
16:59:10     INFO -  JavaScript error: /builds/slave/test/build/tests/bin/components/httpd.js, line 2880: NS_ERROR_UNEXPECTED: Component returned failure code: 0x8000ffff (NS_ERROR_UNEXPECTED) [nsIBinaryOutputStream.writeByteArray]
16:59:11     INFO - MEMORY STAT | vsize 2030MB | residentFast 191MB | heapAllocated 84MB
16:59:11     INFO - TEST-OK | dom/media/test/test_audio1.html | took 1302ms
16:59:11     INFO - TEST-START | dom/media/test/test_audio2.html
16:59:12     INFO - MEMORY STAT | vsize 2030MB | residentFast 191MB | heapAllocated 84MB
16:59:12     INFO - TEST-OK | dom/media/test/test_audio2.html | took 664ms
16:59:12     INFO - TEST-START | dom/media/test/test_autoplay.html
16:59:13     INFO - MEMORY STAT | vsize 2030MB | residentFast 192MB | heapAllocated 85MB
16:59:13     INFO - TEST-OK | dom/media/test/test_autoplay.html | took 548ms
16:59:13     INFO - TEST-START | dom/media/test/test_autoplay_contentEditable.html
16:59:15     INFO - MEMORY STAT | vsize 2029MB | residentFast 204MB | heapAllocated 98MB
16:59:15     INFO - TEST-OK | dom/media/test/test_autoplay_contentEditable.html | took 2314ms
16:59:15     INFO - TEST-START | dom/media/test/test_background_video_no_suspend_disabled.html
16:59:29     INFO - MEMORY STAT | vsize 2101MB | residentFast 203MB | heapAllocated 95MB
16:59:29     INFO - TEST-OK | dom/media/test/test_background_video_no_suspend_disabled.html | took 14228ms
16:59:29     INFO - TEST-START | dom/media/test/test_background_video_no_suspend_short_vid.html
16:59:42     INFO - MEMORY STAT | vsize 2100MB | residentFast 205MB | heapAllocated 95MB
16:59:42     INFO - TEST-OK | dom/media/test/test_background_video_no_suspend_short_vid.html | took 12724ms
16:59:42     INFO - TEST-START | dom/media/test/test_background_video_suspend.html
16:59:56     INFO - MEMORY STAT | vsize 2101MB | residentFast 194MB | heapAllocated 85MB
16:59:56     INFO - TEST-OK | dom/media/test/test_background_video_suspend.html | took 13494ms
16:59:56     INFO - TEST-START | dom/media/test/test_background_video_suspend_ends.html
17:00:09     INFO - MEMORY STAT | vsize 2101MB | residentFast 195MB | heapAllocated 86MB
17:00:09     INFO - TEST-OK | dom/media/test/test_background_video_suspend_ends.html | took 12844ms
17:00:09     INFO - TEST-START | dom/media/test/test_buffered.html
17:00:12     INFO - MEMORY STAT | vsize 2101MB | residentFast 197MB | heapAllocated 88MB
17:00:12     INFO - TEST-OK | dom/media/test/test_buffered.html | took 2900ms
17:00:12     INFO - TEST-START | dom/media/test/test_bug1018933.html
17:00:13     INFO - JavaScript error: resource://gre/modules/vtt.jsm, line 1350: TypeError: self.window.VTTRegion is not a constructor
17:00:13     INFO - JavaScript error: resource://gre/modules/vtt.jsm, line 1350: TypeError: self.window.VTTRegion is not a constructor
17:00:13     INFO - MEMORY STAT | vsize 2101MB | residentFast 197MB | heapAllocated 86MB
17:00:13     INFO - TEST-OK | dom/media/test/test_bug1018933.html | took 940ms
17:00:13     INFO - TEST-START | dom/media/test/test_bug1113600.html
17:00:13     INFO - Started Fri Jun 08 2018 17:00:13 GMT-0700 (PDT) (1528502413.356s)
17:00:13     INFO - TEST-PASS | dom/media/test/test_bug1113600.html | [started small-shot.ogg-0 t=0.03] Length of array should match number of running tests 
17:00:13     INFO - small-shot.ogg capture started at 0.276085. Duration=0.276
17:00:13     INFO - TEST-PASS | dom/media/test/test_bug1113600.html | small-shot.ogg ended 
17:00:13     INFO - [finished small-shot.ogg-0] remaining= 
17:00:13     INFO - TEST-PASS | dom/media/test/test_bug1113600.html | [finished small-shot.ogg-0 t=0.584] Length of array should match number of running tests 
17:00:13     INFO - TEST-PASS | dom/media/test/test_bug1113600.html | [started small-shot.m4a-1 t=0.586] Length of array should match number of running tests 
17:00:14     INFO - small-shot.m4a capture started at 0.298666. Duration=0.29
17:00:14     INFO - TEST-PASS | dom/media/test/test_bug1113600.html | small-shot.m4a ended 
17:00:14     INFO - [finished small-shot.m4a-1] remaining= 
17:00:14     INFO - TEST-PASS | dom/media/test/test_bug1113600.html | [finished small-shot.m4a-1 t=1.17] Length of array should match number of running tests 
17:00:14     INFO - TEST-PASS | dom/media/test/test_bug1113600.html | [started small-shot.mp3-2 t=1.174] Length of array should match number of running tests 
17:00:15     INFO - small-shot.mp3 capture started at 0.339586. Duration=0.27
17:00:15     INFO - TEST-PASS | dom/media/test/test_bug1113600.html | small-shot.mp3 ended 
17:00:15     INFO - [finished small-shot.mp3-2] remaining= 
17:00:15     INFO - TEST-PASS | dom/media/test/test_bug1113600.html | [finished small-shot.mp3-2 t=1.778] Length of array should match number of running tests 
17:00:15     INFO - TEST-PASS | dom/media/test/test_bug1113600.html | [started small-shot-mp3.mp4-3 t=1.782] Length of array should match number of running tests 
17:00:15     INFO - small-shot-mp3.mp4 capture started at 0.339591. Duration=0.34
17:00:15     INFO - TEST-PASS | dom/media/test/test_bug1113600.html | small-shot-mp3.mp4 ended 
17:00:15     INFO - [finished small-shot-mp3.mp4-3] remaining= 
17:00:15     INFO - TEST-PASS | dom/media/test/test_bug1113600.html | [finished small-shot-mp3.mp4-3 t=2.388] Length of array should match number of running tests 
17:00:15     INFO - TEST-PASS | dom/media/test/test_bug1113600.html | [started small-shot.flac-4 t=2.394] Length of array should match number of running tests 
17:00:16     INFO - small-shot.flac capture started at 0.197369. Duration=0.197
17:00:16     INFO - TEST-PASS | dom/media/test/test_bug1113600.html | small-shot.flac ended 
17:00:16     INFO - [finished small-shot.flac-4] remaining= 
17:00:16     INFO - TEST-PASS | dom/media/test/test_bug1113600.html | [finished small-shot.flac-4 t=2.86] Length of array should match number of running tests 
17:00:16     INFO - TEST-PASS | dom/media/test/test_bug1113600.html | [started r11025_s16_c1-short.wav-5 t=2.864] Length of array should match number of running tests 
17:00:16     INFO - r11025_s16_c1-short.wav capture started at 0.286326. Duration=0.37
17:00:16     INFO - TEST-PASS | dom/media/test/test_bug1113600.html | r11025_s16_c1-short.wav ended 
17:00:16     INFO - [finished r11025_s16_c1-short.wav-5] remaining= 
17:00:16     INFO - TEST-PASS | dom/media/test/test_bug1113600.html | [finished r11025_s16_c1-short.wav-5 t=3.512] Length of array should match number of running tests 
17:00:16     INFO - TEST-PASS | dom/media/test/test_bug1113600.html | [started 320x240.ogv-6 t=3.514] Length of array should match number of running tests 
17:00:17     INFO - 320x240.ogv capture started at 0.266664. Duration=0.266
17:00:17     INFO - TEST-PASS | dom/media/test/test_bug1113600.html | 320x240.ogv ended 
17:00:17     INFO - [finished 320x240.ogv-6] remaining= 
17:00:17     INFO - TEST-PASS | dom/media/test/test_bug1113600.html | [finished 320x240.ogv-6 t=3.87] Length of array should match number of running tests 
17:00:17     INFO - TEST-PASS | dom/media/test/test_bug1113600.html | [started seek-short.webm-7 t=3.872] Length of array should match number of running tests 
17:00:17     INFO - seek-short.webm capture started at 0.266. Duration=0.23
17:00:17     INFO - TEST-PASS | dom/media/test/test_bug1113600.html | seek-short.webm ended 
17:00:17     INFO - [finished seek-short.webm-7] remaining= 
17:00:17     INFO - TEST-PASS | dom/media/test/test_bug1113600.html | [finished seek-short.webm-7 t=4.188] Length of array should match number of running tests 
17:00:17     INFO - TEST-PASS | dom/media/test/test_bug1113600.html | [started vp9-short.webm-8 t=4.196] Length of array should match number of running tests 
17:00:17     INFO - vp9-short.webm capture started at 0.201. Duration=0.2
17:00:17     INFO - TEST-PASS | dom/media/test/test_bug1113600.html | vp9-short.webm ended 
17:00:17     INFO - [finished vp9-short.webm-8] remaining= 
17:00:17     INFO - TEST-PASS | dom/media/test/test_bug1113600.html | [finished vp9-short.webm-8 t=4.438] Length of array should match number of running tests 
17:00:17     INFO - TEST-PASS | dom/media/test/test_bug1113600.html | [started detodos-short.opus-9 t=4.44] Length of array should match number of running tests 
17:00:18     INFO - detodos-short.opus capture started at 0.2135. Duration=0.22
17:00:18     INFO - TEST-PASS | dom/media/test/test_bug1113600.html | detodos-short.opus ended 
17:00:18     INFO - [finished detodos-short.opus-9] remaining= 
17:00:18     INFO - TEST-PASS | dom/media/test/test_bug1113600.html | [finished detodos-short.opus-9 t=4.912] Length of array should match number of running tests 
17:00:18     INFO - TEST-PASS | dom/media/test/test_bug1113600.html | [started gizmo-short.mp4-10 t=4.918] Length of array should match number of running tests 
17:00:18     INFO - gizmo-short.mp4 capture started at 0.178556. Duration=0.27
17:00:18     INFO - TEST-PASS | dom/media/test/test_bug1113600.html | gizmo-short.mp4 ended 
17:00:18     INFO - [finished gizmo-short.mp4-10] remaining= 
17:00:18     INFO - TEST-PASS | dom/media/test/test_bug1113600.html | [finished gizmo-short.mp4-10 t=5.6] Length of array should match number of running tests 
17:00:18     INFO - TEST-PASS | dom/media/test/test_bug1113600.html | [started flac-s24.flac-11 t=5.6] Length of array should match number of running tests 
17:00:20     INFO - flac-s24.flac capture started at 1.136235. Duration=4.04
17:00:23     INFO - TEST-PASS | dom/media/test/test_bug1113600.html | flac-s24.flac ended 
17:00:23     INFO - [finished flac-s24.flac-11] remaining= 
17:00:23     INFO - TEST-PASS | dom/media/test/test_bug1113600.html | [finished flac-s24.flac-11 t=9.75] Length of array should match number of running tests 
17:00:23     INFO - Finished at Fri Jun 08 2018 17:00:23 GMT-0700 (PDT) (1528502423.42s)
17:00:23     INFO - Running time: 10.066s
17:00:23     INFO - MEMORY STAT | vsize 2101MB | residentFast 194MB | heapAllocated 83MB
17:00:23     INFO - TEST-OK | dom/media/test/test_bug1113600.html | took 10224ms
17:00:23     INFO - TEST-START | dom/media/test/test_bug1242338.html
17:00:26     INFO - MEMORY STAT | vsize 2101MB | residentFast 192MB | heapAllocated 83MB
17:00:26     INFO - TEST-OK | dom/media/test/test_bug1242338.html | took 2662ms
17:00:26     INFO - TEST-START | dom/media/test/test_bug1242594.html
17:00:26     INFO - MEMORY STAT | vsize 2101MB | residentFast 195MB | heapAllocated 85MB
17:00:26     INFO - TEST-OK | dom/media/test/test_bug1242594.html | took 312ms
17:00:26     INFO - TEST-START | dom/media/test/test_bug1248229.html
17:00:27     INFO - MEMORY STAT | vsize 2101MB | residentFast 193MB | heapAllocated 83MB
17:00:27     INFO - TEST-OK | dom/media/test/test_bug1248229.html | took 750ms
17:00:27     INFO - TEST-START | dom/media/test/test_bug448534.html
17:00:29     INFO -  JavaScript error: /builds/slave/test/build/tests/bin/components/httpd.js, line 2880: NS_ERROR_UNEXPECTED: Component returned failure code: 0x8000ffff (NS_ERROR_UNEXPECTED) [nsIBinaryOutputStream.writeByteArray]
17:00:29     INFO -  JavaScript error: /builds/slave/test/build/tests/bin/components/httpd.js, line 2880: NS_ERROR_UNEXPECTED: Component returned failure code: 0x8000ffff (NS_ERROR_UNEXPECTED) [nsIBinaryOutputStream.writeByteArray]
17:00:29     INFO - MEMORY STAT | vsize 2101MB | residentFast 192MB | heapAllocated 82MB
17:00:29     INFO - TEST-OK | dom/media/test/test_bug448534.html | took 1892ms
17:00:29     INFO - TEST-START | dom/media/test/test_bug463162.xhtml
17:00:29     INFO - error(a1) expected error gResultCount=1
17:00:29     INFO - error(a4) expected error gResultCount=2
17:00:29     INFO - onMetaData(a3) expected loaded gResultCount=3
17:00:29     INFO - onMetaData(a2) expected loaded gResultCount=4
17:00:29     INFO - MEMORY STAT | vsize 2101MB | residentFast 195MB | heapAllocated 87MB
17:00:29     INFO - TEST-OK | dom/media/test/test_bug463162.xhtml | took 568ms
17:00:30     INFO - TEST-START | dom/media/test/test_bug465498.html
17:00:33     INFO -  JavaScript error: /builds/slave/test/build/tests/bin/components/httpd.js, line 2880: NS_ERROR_UNEXPECTED: Component returned failure code: 0x8000ffff (NS_ERROR_UNEXPECTED) [nsIBinaryOutputStream.writeByteArray]
17:00:38     INFO -  JavaScript error: /builds/slave/test/build/tests/bin/components/httpd.js, line 2880: NS_ERROR_UNEXPECTED: Component returned failure code: 0x8000ffff (NS_ERROR_UNEXPECTED) [nsIBinaryOutputStream.writeByteArray]
17:00:38     INFO - MEMORY STAT | vsize 2101MB | residentFast 194MB | heapAllocated 87MB
17:00:38     INFO - TEST-OK | dom/media/test/test_bug465498.html | took 8592ms
17:00:38     INFO - TEST-START | dom/media/test/test_bug495145.html
17:00:50     INFO -  JavaScript error: /builds/slave/test/build/tests/bin/components/httpd.js, line 2880: NS_ERROR_UNEXPECTED: Component returned failure code: 0x8000ffff (NS_ERROR_UNEXPECTED) [nsIBinaryOutputStream.writeByteArray]
17:00:55     INFO - MEMORY STAT | vsize 2101MB | residentFast 193MB | heapAllocated 83MB
17:00:55     INFO - TEST-OK | dom/media/test/test_bug495145.html | took 16734ms
17:00:55     INFO - TEST-START | dom/media/test/test_bug495300.html
17:00:57     INFO - MEMORY STAT | vsize 2101MB | residentFast 193MB | heapAllocated 82MB
17:00:57     INFO - TEST-OK | dom/media/test/test_bug495300.html | took 2416ms
17:00:57     INFO - TEST-START | dom/media/test/test_bug654550.html
17:00:59     INFO - MEMORY STAT | vsize 2101MB | residentFast 194MB | heapAllocated 82MB
17:00:59     INFO - TEST-OK | dom/media/test/test_bug654550.html | took 1204ms
17:00:59     INFO - TEST-START | dom/media/test/test_bug686942.html
17:01:04     INFO - MEMORY STAT | vsize 2101MB | residentFast 193MB | heapAllocated 82MB
17:01:04     INFO - TEST-OK | dom/media/test/test_bug686942.html | took 5310ms
17:01:04     INFO - TEST-START | dom/media/test/test_bug726904.html
17:01:04     INFO - MEMORY STAT | vsize 2101MB | residentFast 196MB | heapAllocated 86MB
17:01:05     INFO - TEST-OK | dom/media/test/test_bug726904.html | took 518ms
17:01:05     INFO - TEST-START | dom/media/test/test_bug874897.html
17:01:06     INFO - MEMORY STAT | vsize 2101MB | residentFast 199MB | heapAllocated 91MB
17:01:06     INFO - TEST-OK | dom/media/test/test_bug874897.html | took 1624ms
17:01:06     INFO - TEST-START | dom/media/test/test_bug879717.html
17:01:08     INFO - MEMORY STAT | vsize 2101MB | residentFast 199MB | heapAllocated 88MB
17:01:08     INFO - TEST-OK | dom/media/test/test_bug879717.html | took 2136ms
17:01:09     INFO - TEST-START | dom/media/test/test_bug883173.html
17:01:09     INFO - MEMORY STAT | vsize 2101MB | residentFast 197MB | heapAllocated 86MB
17:01:09     INFO - TEST-OK | dom/media/test/test_bug883173.html | took 732ms
17:01:09     INFO - TEST-START | dom/media/test/test_bug895091.html
17:01:11     INFO - MEMORY STAT | vsize 2109MB | residentFast 214MB | heapAllocated 93MB
17:01:11     INFO - TEST-OK | dom/media/test/test_bug895091.html | took 1476ms
17:01:11     INFO - TEST-START | dom/media/test/test_bug895305.html
17:01:11     INFO - MEMORY STAT | vsize 2114MB | residentFast 215MB | heapAllocated 93MB
17:01:11     INFO - TEST-OK | dom/media/test/test_bug895305.html | took 208ms
17:01:11     INFO - TEST-START | dom/media/test/test_bug919265.html
17:01:11     INFO - MEMORY STAT | vsize 2114MB | residentFast 215MB | heapAllocated 93MB
17:01:11     INFO - TEST-OK | dom/media/test/test_bug919265.html | took 272ms
17:01:12     INFO - TEST-START | dom/media/test/test_bug957847.html
17:01:12     INFO - MEMORY STAT | vsize 2114MB | residentFast 211MB | heapAllocated 91MB
17:01:12     INFO - TEST-OK | dom/media/test/test_bug957847.html | took 292ms
17:01:12     INFO - TEST-START | dom/media/test/test_can_play_type.html
17:01:13     INFO - MEMORY STAT | vsize 2109MB | residentFast 204MB | heapAllocated 90MB
17:01:13     INFO - TEST-OK | dom/media/test/test_can_play_type.html | took 888ms
17:01:13     INFO - TEST-START | dom/media/test/test_can_play_type_mpeg.html
17:01:13     INFO - MEMORY STAT | vsize 2109MB | residentFast 200MB | heapAllocated 85MB
17:01:14     INFO - TEST-OK | dom/media/test/test_can_play_type_mpeg.html | took 648ms
17:01:14     INFO - TEST-START | dom/media/test/test_can_play_type_no_ogg.html
17:01:14     INFO - MEMORY STAT | vsize 2109MB | residentFast 201MB | heapAllocated 86MB
17:01:14     INFO - TEST-OK | dom/media/test/test_can_play_type_no_ogg.html | took 732ms
17:01:14     INFO - TEST-START | dom/media/test/test_can_play_type_ogg.html
17:01:15     INFO - MEMORY STAT | vsize 2109MB | residentFast 199MB | heapAllocated 85MB
17:01:15     INFO - TEST-OK | dom/media/test/test_can_play_type_ogg.html | took 510ms
17:01:15     INFO - TEST-START | dom/media/test/test_can_play_type_wave.html
17:01:15     INFO - MEMORY STAT | vsize 2109MB | residentFast 198MB | heapAllocated 84MB
17:01:16     INFO - TEST-OK | dom/media/test/test_can_play_type_wave.html | took 566ms
17:01:16     INFO - TEST-START | dom/media/test/test_can_play_type_webm.html
17:01:16     INFO - MEMORY STAT | vsize 2109MB | residentFast 199MB | heapAllocated 84MB
17:01:16     INFO - TEST-OK | dom/media/test/test_can_play_type_webm.html | took 568ms
17:01:16     INFO - TEST-START | dom/media/test/test_chaining.html
17:01:29     INFO - MEMORY STAT | vsize 2109MB | residentFast 197MB | heapAllocated 85MB
17:01:29     INFO - TEST-OK | dom/media/test/test_chaining.html | took 12770ms
17:01:29     INFO - TEST-START | dom/media/test/test_clone_media_element.html
17:01:35     INFO -  JavaScript error: /builds/slave/test/build/tests/bin/components/httpd.js, line 2880: NS_ERROR_UNEXPECTED: Component returned failure code: 0x8000ffff (NS_ERROR_UNEXPECTED) [nsIBinaryOutputStream.writeByteArray]
17:01:45     INFO - MEMORY STAT | vsize 2109MB | residentFast 197MB | heapAllocated 85MB
17:01:45     INFO - TEST-OK | dom/media/test/test_clone_media_element.html | took 16034ms
17:01:45     INFO - TEST-START | dom/media/test/test_closing_connections.html
17:01:48     INFO - MEMORY STAT | vsize 2113MB | residentFast 218MB | heapAllocated 135MB
17:01:48     INFO - TEST-OK | dom/media/test/test_closing_connections.html | took 2922ms
17:01:48     INFO - TEST-START | dom/media/test/test_constants.html
17:01:48     INFO - MEMORY STAT | vsize 2114MB | residentFast 210MB | heapAllocated 112MB
17:01:48     INFO - TEST-OK | dom/media/test/test_constants.html | took 298ms
17:01:48     INFO - TEST-START | dom/media/test/test_controls.html
17:01:49     INFO - MEMORY STAT | vsize 2114MB | residentFast 211MB | heapAllocated 113MB
17:01:49     INFO - TEST-OK | dom/media/test/test_controls.html | took 226ms
17:01:49     INFO - TEST-START | dom/media/test/test_cueless_webm_seek-1.html
17:01:52     INFO - MEMORY STAT | vsize 2114MB | residentFast 208MB | heapAllocated 110MB
17:01:52     INFO - TEST-OK | dom/media/test/test_cueless_webm_seek-1.html | took 2972ms
17:01:52     INFO - TEST-START | dom/media/test/test_cueless_webm_seek-2.html
17:01:55     INFO - MEMORY STAT | vsize 2122MB | residentFast 198MB | heapAllocated 87MB
17:01:55     INFO - TEST-OK | dom/media/test/test_cueless_webm_seek-2.html | took 3052ms
17:01:55     INFO - TEST-START | dom/media/test/test_cueless_webm_seek-3.html
17:01:56     INFO - MEMORY STAT | vsize 2122MB | residentFast 198MB | heapAllocated 86MB
17:01:56     INFO - TEST-OK | dom/media/test/test_cueless_webm_seek-3.html | took 718ms
17:01:56     INFO - TEST-START | dom/media/test/test_currentTime.html
17:01:56     INFO - MEMORY STAT | vsize 2122MB | residentFast 199MB | heapAllocated 87MB
17:01:56     INFO - TEST-OK | dom/media/test/test_currentTime.html | took 114ms
17:01:56     INFO - TEST-START | dom/media/test/test_decode_error.html
17:01:57     INFO - MEMORY STAT | vsize 2122MB | residentFast 198MB | heapAllocated 86MB
17:01:57     INFO - TEST-OK | dom/media/test/test_decode_error.html | took 752ms
17:01:57     INFO - TEST-START | dom/media/test/test_decoder_disable.html
17:01:57     INFO - MEMORY STAT | vsize 2122MB | residentFast 199MB | heapAllocated 87MB
17:01:57     INFO - TEST-OK | dom/media/test/test_decoder_disable.html | took 226ms
17:01:57     INFO - TEST-START | dom/media/test/test_defaultMuted.html
17:01:58     INFO - MEMORY STAT | vsize 2122MB | residentFast 200MB | heapAllocated 88MB
17:01:58     INFO - TEST-OK | dom/media/test/test_defaultMuted.html | took 884ms
17:01:58     INFO - TEST-START | dom/media/test/test_delay_load.html
17:01:59     INFO - MEMORY STAT | vsize 2125MB | residentFast 212MB | heapAllocated 107MB
17:01:59     INFO - TEST-OK | dom/media/test/test_delay_load.html | took 1686ms
17:02:00     INFO - TEST-START | dom/media/test/test_eme_canvas_blocked.html
17:02:01     INFO -  file=[xpconnect wrapped nsILocalFile]
17:02:01     INFO -  file=[xpconnect wrapped nsILocalFile]
17:02:02     INFO -  file=[xpconnect wrapped nsILocalFile]
17:02:02     INFO -  file=[xpconnect wrapped nsILocalFile]
17:02:02     INFO -  file=[xpconnect wrapped nsILocalFile]
17:02:02     INFO -  file=[xpconnect wrapped nsILocalFile]
17:02:09     INFO - MEMORY STAT | vsize 2244MB | residentFast 347MB | heapAllocated 236MB
17:02:09     INFO - TEST-OK | dom/media/test/test_eme_canvas_blocked.html | took 9382ms
17:02:09     INFO - TEST-START | dom/media/test/test_eme_detach_media_keys.html
17:02:09     INFO - ###!!! [Child][RunMessage] Error: Channel closing: too late to send/recv, messages will be lost
17:02:10     INFO - MEMORY STAT | vsize 2244MB | residentFast 245MB | heapAllocated 128MB
17:02:10     INFO - TEST-OK | dom/media/test/test_eme_detach_media_keys.html | took 1252ms
17:02:11     INFO - TEST-START | dom/media/test/test_eme_initDataTypes.html
17:02:11     INFO - JavaScript error: , line 0: SyntaxError: JSON.parse: unexpected character at line 1 column 1 of the JSON data
17:02:11     INFO - MEMORY STAT | vsize 2244MB | residentFast 247MB | heapAllocated 129MB
17:02:11     INFO - TEST-OK | dom/media/test/test_eme_initDataTypes.html | took 256ms
17:02:11     INFO - TEST-START | dom/media/test/test_eme_missing_pssh.html
17:02:11     INFO - MEMORY STAT | vsize 2244MB | residentFast 249MB | heapAllocated 131MB
17:02:11     INFO - TEST-OK | dom/media/test/test_eme_missing_pssh.html | took 272ms
17:02:11     INFO - TEST-START | dom/media/test/test_eme_non_mse_fails.html

command interrupted, attempting to kill
process killed by signal 9
program finished with exit code -1
elapsedTime=591.147416
The web-page 'stop build' button was pressed by 'rvandermeulen@mozilla.com': Cancelled via self-serve
========= master_lag: -0.03 =========
========= Finished '/tools/buildbot/bin/python scripts/scripts/desktop_unittest.py ...' interrupted (results: 4, elapsed: 9 mins, 51 secs) (at 2018-06-08 17:02:12.129269) =========

========= Started set props: build_url (results: 0, elapsed: 0 secs) (at 2018-06-08 17:02:12.135395) =========
bash -c 'for file in `ls -1`; do cat $file; done'
 in dir /builds/slave/test/properties (timeout 1200 secs)
 watching logfiles {}
 argv: ['bash', '-c', 'for file in `ls -1`; do cat $file; done']
 environment:
  HOME=/home/cltbld
  LANG=en_US.UTF-8
  LOGNAME=cltbld
  MAIL=/var/mail/cltbld
  NODE_PATH=/usr/lib/nodejs:/usr/lib/node_modules:/usr/share/javascript
  PATH=/usr/local/bin:/usr/local/bin:/usr/bin:/bin:/usr/local/games:/usr/games
  PWD=/builds/slave/test/properties
  SHELL=/bin/bash
  SHLVL=1
  TERM=linux
  TMOUT=86400
  USER=cltbld
  XDG_SESSION_COOKIE=9ca12473fbb1d023794ffd180000023c-1528501938.378352-414201781
  _=/tools/buildbot/bin/python
 using PTY: False
build_url:https://queue.taskcluster.net/v1/task/I1iAdq48Sa60c5BCPWswkg/artifacts/public/build/firefox-52.8.2.en-US.linux-x86_64.tar.bz2
program finished with exit code 0
elapsedTime=0.248161
build_url: 'https://queue.taskcluster.net/v1/task/I1iAdq48Sa60c5BCPWswkg/artifacts/public/build/firefox-52.8.2.en-US.linux-x86_64.tar.bz2'
========= master_lag: 0.02 =========
========= Finished set props: build_url (results: 0, elapsed: 0 secs) (at 2018-06-08 17:02:12.408250) =========

========= Started 'rm -f ...' interrupted (results: 4, elapsed: 0 secs) (at 2018-06-08 17:02:12.409352) =========
rm -f oauth.txt
 in dir /builds/slave/test/. (timeout 1200 secs)
 watching logfiles {}
 argv: ['rm', '-f', 'oauth.txt']
 environment:
  HOME=/home/cltbld
  LANG=en_US.UTF-8
  LOGNAME=cltbld
  MAIL=/var/mail/cltbld
  NODE_PATH=/usr/lib/nodejs:/usr/lib/node_modules:/usr/share/javascript
  PATH=/usr/local/bin:/usr/local/bin:/usr/bin:/bin:/usr/local/games:/usr/games
  PWD=/builds/slave/test
  SHELL=/bin/bash
  SHLVL=1
  TERM=linux
  TMOUT=86400
  USER=cltbld
  XDG_SESSION_COOKIE=9ca12473fbb1d023794ffd180000023c-1528501938.378352-414201781
  _=/tools/buildbot/bin/python
 using PTY: False

command interrupted, attempting to kill
process killed by signal 9
program finished with exit code -1
elapsedTime=0.140300
The web-page 'stop build' button was pressed by 'rvandermeulen@mozilla.com': Cancelled via self-serve
The web-page 'stop build' button was pressed by 'rvandermeulen@mozilla.com': Cancelled via self-serve
========= master_lag: 0.04 =========
========= Finished 'rm -f ...' interrupted (results: 4, elapsed: 0 secs) (at 2018-06-08 17:02:12.592573) =========

========= Started reboot skipped (results: 3, elapsed: 0 secs) (at 2018-06-08 17:02:12.593170) =========
========= Finished reboot skipped (results: 3, elapsed: 0 secs) (at 2018-06-08 17:02:12.593517) =========

========= Total master_lag: 0.19 =========

