builder: mozilla-esr52_ubuntu64_vm_test_pgo-mochitest-e10s-devtools-chrome-8
slave: tst-linux64-spot-316
starttime: 1528501944.97
results: cancelled (6)
buildid: 20180608150819
builduid: b298b373e93d4f8dbf92436c9ed838a2
revision: cbfdf01aac455e0591471201c96b89dee98190b5

========= Started set props: master (results: 0, elapsed: 0 secs) (at 2018-06-08 16:52:24.968182) =========
master: http://buildbot-master54.bb.releng.usw2.mozilla.com:8201/
========= Finished set props: master (results: 0, elapsed: 0 secs) (at 2018-06-08 16:52:24.969433) =========

========= Started downloading to buildprops.json (results: 0, elapsed: 0 secs) (at 2018-06-08 16:52:24.969751) =========
========= Finished downloading to buildprops.json (results: 0, elapsed: 0 secs) (at 2018-06-08 16:52:25.027314) =========

========= Started 'bash -c ...' (results: 0, elapsed: 0 secs) (at 2018-06-08 16:52:25.027597) =========
bash -c 'wget -Oarchiver_client.py --no-check-certificate --tries=10 --waitretry=3 https://hg.mozilla.org/build/tools/raw-file/default/buildfarm/utils/archiver_client.py'
 in dir /builds/slave/test/. (timeout 1200 secs)
 watching logfiles {}
 argv: ['bash', '-c', 'wget -Oarchiver_client.py --no-check-certificate --tries=10 --waitretry=3 https://hg.mozilla.org/build/tools/raw-file/default/buildfarm/utils/archiver_client.py']
 environment:
  HOME=/home/cltbld
  LANG=en_US.UTF-8
  LOGNAME=cltbld
  MAIL=/var/mail/cltbld
  NODE_PATH=/usr/lib/nodejs:/usr/lib/node_modules:/usr/share/javascript
  PATH=/usr/local/bin:/usr/local/bin:/usr/bin:/bin:/usr/local/games:/usr/games
  PWD=/builds/slave/test
  SHELL=/bin/bash
  SHLVL=1
  TERM=linux
  TMOUT=86400
  USER=cltbld
  XDG_SESSION_COOKIE=9ca12473fbb1d023794ffd180000023c-1528501943.409407-1961421558
  _=/tools/buildbot/bin/python
 using PTY: False
--2018-06-08 16:52:25--  https://hg.mozilla.org/build/tools/raw-file/default/buildfarm/utils/archiver_client.py
Resolving hg.mozilla.org (hg.mozilla.org)... 63.245.215.25, 63.245.215.102
Connecting to hg.mozilla.org (hg.mozilla.org)|63.245.215.25|:443... connected.
HTTP request sent, awaiting response... 200 Script output follows
Length: 12179 (12K) [text/x-python]
Saving to: `archiver_client.py'

     0K .......... .                                          100% 8.50M=0.001s

2018-06-08 16:52:25 (8.50 MB/s) - `archiver_client.py' saved [12179/12179]

program finished with exit code 0
elapsedTime=0.324538
========= master_lag: 0.01 =========
========= Finished 'bash -c ...' (results: 0, elapsed: 0 secs) (at 2018-06-08 16:52:25.365106) =========

========= Started 'rm -rf ...' (results: 0, elapsed: 0 secs) (at 2018-06-08 16:52:25.365439) =========
rm -rf scripts properties
 in dir /builds/slave/test/. (timeout 1200 secs)
 watching logfiles {}
 argv: ['rm', '-rf', 'scripts', 'properties']
 environment:
  HOME=/home/cltbld
  LANG=en_US.UTF-8
  LOGNAME=cltbld
  MAIL=/var/mail/cltbld
  NODE_PATH=/usr/lib/nodejs:/usr/lib/node_modules:/usr/share/javascript
  PATH=/usr/local/bin:/usr/local/bin:/usr/bin:/bin:/usr/local/games:/usr/games
  PWD=/builds/slave/test
  SHELL=/bin/bash
  SHLVL=1
  TERM=linux
  TMOUT=86400
  USER=cltbld
  XDG_SESSION_COOKIE=9ca12473fbb1d023794ffd180000023c-1528501943.409407-1961421558
  _=/tools/buildbot/bin/python
 using PTY: False
program finished with exit code 0
elapsedTime=0.019581
========= master_lag: 0.04 =========
========= Finished 'rm -rf ...' (results: 0, elapsed: 0 secs) (at 2018-06-08 16:52:25.426457) =========

========= Started 'bash -c ...' (results: 0, elapsed: 1 secs) (at 2018-06-08 16:52:25.426816) =========
bash -c 'python archiver_client.py mozharness --repo releases/mozilla-esr52 --rev cbfdf01aac455e0591471201c96b89dee98190b5 --destination scripts --debug'
 in dir /builds/slave/test/. (timeout 1200 secs)
 watching logfiles {}
 argv: ['bash', '-c', u'python archiver_client.py mozharness --repo releases/mozilla-esr52 --rev cbfdf01aac455e0591471201c96b89dee98190b5 --destination scripts --debug']
 environment:
  HOME=/home/cltbld
  LANG=en_US.UTF-8
  LOGNAME=cltbld
  MAIL=/var/mail/cltbld
  NODE_PATH=/usr/lib/nodejs:/usr/lib/node_modules:/usr/share/javascript
  PATH=/usr/local/bin:/usr/local/bin:/usr/bin:/bin:/usr/local/games:/usr/games
  PWD=/builds/slave/test
  SHELL=/bin/bash
  SHLVL=1
  TERM=linux
  TMOUT=86400
  USER=cltbld
  XDG_SESSION_COOKIE=9ca12473fbb1d023794ffd180000023c-1528501943.409407-1961421558
  _=/tools/buildbot/bin/python
 using PTY: False
2018-06-08 16:52:25,537 truncating revision to first 12 chars
2018-06-08 16:52:25,537 Setting DEBUG logging.
2018-06-08 16:52:25,537 attempt 1/10
2018-06-08 16:52:25,538 Getting archive location from https://api.pub.build.mozilla.org/archiver/hgmo/releases/mozilla-esr52/cbfdf01aac45?&preferred_region=us-west-2&suffix=tar.gz&subdir=testing/mozharness
2018-06-08 16:52:26,701 unpacking tar archive at: mozilla-esr52-cbfdf01aac45/testing/mozharness/
program finished with exit code 0
elapsedTime=1.554644
========= master_lag: 0.01 =========
========= Finished 'bash -c ...' (results: 0, elapsed: 1 secs) (at 2018-06-08 16:52:26.993406) =========

========= Started set props: script_repo_revision (results: 0, elapsed: 0 secs) (at 2018-06-08 16:52:26.993749) =========
script_repo_revision: cbfdf01aac455e0591471201c96b89dee98190b5
========= Finished set props: script_repo_revision (results: 0, elapsed: 0 secs) (at 2018-06-08 16:52:26.994168) =========

========= Started downloading to oauth.txt (results: 0, elapsed: 0 secs) (at 2018-06-08 16:52:26.994468) =========
========= Finished downloading to oauth.txt (results: 0, elapsed: 0 secs) (at 2018-06-08 16:52:27.003062) =========

========= Started '/tools/buildbot/bin/python scripts/scripts/desktop_unittest.py ...' interrupted (results: 4, elapsed: 10 mins, 4 secs) (at 2018-06-08 16:52:27.003347) =========
/tools/buildbot/bin/python scripts/scripts/desktop_unittest.py --cfg unittests/linux_unittest.py --mochitest-suite mochitest-devtools-chrome --e10s --total-chunks 8 --this-chunk 8 --blob-upload-branch mozilla-esr52 --download-symbols ondemand
 in dir /builds/slave/test/. (timeout 1800 secs) (maxTime 4800 secs)
 watching logfiles {}
 argv: ['/tools/buildbot/bin/python', 'scripts/scripts/desktop_unittest.py', '--cfg', 'unittests/linux_unittest.py', '--mochitest-suite', 'mochitest-devtools-chrome', '--e10s', '--total-chunks', '8', '--this-chunk', '8', '--blob-upload-branch', 'mozilla-esr52', '--download-symbols', 'ondemand']
 environment:
  CCACHE_DIR=/builds/ccache
  CCACHE_UMASK=002
  DISPLAY=:0
  HOME=/home/cltbld
  LANG=en_US.UTF-8
  LOGNAME=cltbld
  MAIL=/var/mail/cltbld
  MOZ_HIDE_RESULTS_TABLE=1
  MOZ_NODE_PATH=/usr/bin/node
  MOZ_NO_REMOTE=1
  NODE_PATH=/usr/lib/nodejs:/usr/lib/node_modules:/usr/share/javascript
  NO_FAIL_ON_TEST_ERRORS=1
  PATH=/usr/local/bin:/usr/local/bin:/usr/bin:/bin:/usr/local/games:/usr/games
  PROPERTIES_FILE=/builds/slave/test/buildprops.json
  PWD=/builds/slave/test
  SHELL=/bin/bash
  SHLVL=1
  TERM=linux
  TMOUT=86400
  USER=cltbld
  XDG_SESSION_COOKIE=9ca12473fbb1d023794ffd180000023c-1528501943.409407-1961421558
  _=/tools/buildbot/bin/python
 using PTY: False
16:52:27     INFO - MultiFileLogger online at 20180608 16:52:27 in /builds/slave/test
16:52:27     INFO - Run as scripts/scripts/desktop_unittest.py --cfg unittests/linux_unittest.py --mochitest-suite mochitest-devtools-chrome --e10s --total-chunks 8 --this-chunk 8 --blob-upload-branch mozilla-esr52 --download-symbols ondemand
16:52:27     INFO - Dumping config to /builds/slave/test/logs/localconfig.json.
16:52:27     INFO - {'all_cppunittest_suites': {'cppunittest': {'tests': ('tests/cppunittest',)}},
16:52:27     INFO -  'all_gtest_suites': {'gtest': ()},
16:52:27     INFO -  'all_jittest_suites': {'jittest': (),
16:52:27     INFO -                         'jittest-chunked': (),
16:52:27     INFO -                         'jittest1': ('--total-chunks=2', '--this-chunk=1'),
16:52:27     INFO -                         'jittest2': ('--total-chunks=2', '--this-chunk=2')},
16:52:27     INFO -  'all_mochitest_suites': {'a11y': ('--flavor=a11y',),
16:52:27     INFO -                           'browser-chrome': ('--flavor=browser',),
16:52:27     INFO -                           'browser-chrome-addons': ('--flavor=browser',
16:52:27     INFO -                                                     '--chunk-by-runtime',
16:52:27     INFO -                                                     '--tag=addons'),
16:52:27     INFO -                           'browser-chrome-chunked': ('--flavor=browser',
16:52:27     INFO -                                                      '--chunk-by-runtime'),
16:52:27     INFO -                           'browser-chrome-clipboard': ('--flavor=browser',
16:52:27     INFO -                                                        '--subsuite=clipboard'),
16:52:27     INFO -                           'browser-chrome-coverage': ('--flavor=browser',
16:52:27     INFO -                                                       '--chunk-by-runtime',
16:52:27     INFO -                                                       '--timeout=1200'),
16:52:27     INFO -                           'browser-chrome-gpu': ('--flavor=browser',
16:52:27     INFO -                                                  '--subsuite=gpu'),
16:52:27     INFO -                           'browser-chrome-screenshots': ('--flavor=browser',
16:52:27     INFO -                                                          '--subsuite=screenshots'),
16:52:27     INFO -                           'chrome': ('--flavor=chrome',),
16:52:27     INFO -                           'chrome-chunked': ('--flavor=chrome',
16:52:27     INFO -                                              '--chunk-by-dir=4'),
16:52:27     INFO -                           'chrome-clipboard': ('--flavor=chrome',
16:52:27     INFO -                                                '--subsuite=clipboard'),
16:52:27     INFO -                           'chrome-gpu': ('--flavor=chrome', '--subsuite=gpu'),
16:52:27     INFO -                           'jetpack-addon': ('--flavor=jetpack-addon',),
16:52:27     INFO -                           'jetpack-package': ('--flavor=jetpack-package',),
16:52:27     INFO -                           'jetpack-package-clipboard': ('--flavor=jetpack-package',
16:52:27     INFO -                                                         '--subsuite=clipboard'),
16:52:27     INFO -                           'mochitest-devtools-chrome': ('--flavor=browser',
16:52:27     INFO -                                                         '--subsuite=devtools'),
16:52:27     INFO -                           'mochitest-devtools-chrome-chunked': ('--flavor=browser',
16:52:27     INFO -                                                                 '--subsuite=devtools',
16:52:27     INFO -                                                                 '--chunk-by-runtime'),
16:52:27     INFO -                           'mochitest-devtools-chrome-coverage': ('--flavor=browser',
16:52:27     INFO -                                                                  '--subsuite=devtools',
16:52:27     INFO -                                                                  '--chunk-by-runtime',
16:52:27     INFO -                                                                  '--timeout=1200'),
16:52:27     INFO -                           'mochitest-gl': ('--subsuite=webgl',),
16:52:27     INFO -                           'mochitest-media': ('--subsuite=media',),
16:52:27     INFO -                           'plain': (),
16:52:27     INFO -                           'plain-chunked': ('--chunk-by-dir=4',),
16:52:27     INFO -                           'plain-clipboard': ('--subsuite=clipboard',),
16:52:27     INFO -                           'plain-gpu': ('--subsuite=gpu',),
16:52:27     INFO -                           'valgrind-plain': ('--valgrind=/usr/bin/valgrind',
16:52:27     INFO -                                              '--valgrind-supp-files=/builds/slave/test/build/tests/mochitest/x86_64-redhat-linux-gnu.sup,/builds/slave/test/build/tests/mochitest/cross-architecture.sup',
16:52:27     INFO -                                              '--timeout=900',
16:52:27     INFO -                                              '--max-timeouts=50')},
16:52:27     INFO -  'all_mozbase_suites': {'mozbase': ()},
16:52:27     INFO -  'all_reftest_suites': {'crashtest': {'options': ('--suite=crashtest',),
16:52:27     INFO -                                       'tests': ('tests/reftest/tests/testing/crashtest/crashtests.list',)},
16:52:27     INFO -                         'jsreftest': {'options': ('--extra-profile-file=tests/jsreftest/tests/user.js',
16:52:27     INFO -                                                   '--suite=jstestbrowser'),
16:52:27     INFO -                                       'tests': ('tests/jsreftest/tests/jstests.list',)},
16:52:27     INFO -                         'reftest': {'options': ('--suite=reftest',),
16:52:27     INFO -                                     'tests': ('tests/reftest/tests/layout/reftests/reftest.list',)},
16:52:27     INFO -                         'reftest-no-accel': {'options': ('--suite=reftest',
16:52:27     INFO -                                                          '--setpref=layers.acceleration.force-enabled=disabled'),
16:52:27     INFO -                                              'tests': ('tests/reftest/tests/layout/reftests/reftest.list',)}},
16:52:27     INFO -  'all_xpcshell_suites': {'xpcshell': {'options': ('--xpcshell=%(abs_app_dir)s/xpcshell',
16:52:27     INFO -                                                   '--manifest=tests/xpcshell/tests/xpcshell.ini'),
16:52:27     INFO -                                       'tests': ()},
16:52:27     INFO -                          'xpcshell-addons': {'options': ('--xpcshell=%(abs_app_dir)s/xpcshell',
16:52:27     INFO -                                                          '--tag=addons',
16:52:27     INFO -                                                          '--manifest=tests/xpcshell/tests/xpcshell.ini'),
16:52:27     INFO -                                              'tests': ()},
16:52:27     INFO -                          'xpcshell-coverage': {'options': ('--xpcshell=%(abs_app_dir)s/xpcshell',
16:52:27     INFO -                                                            '--manifest=tests/xpcshell/tests/xpcshell.ini'),
16:52:27     INFO -                                                'tests': ()}},
16:52:27     INFO -  'allow_software_gl_layers': False,
16:52:27     INFO -  'append_to_log': False,
16:52:27     INFO -  'base_work_dir': '/builds/slave/test',
16:52:27     INFO -  'binary_path': '/builds/slave/test/build/application/firefox/firefox-bin',
16:52:27     INFO -  'blob_upload_branch': 'mozilla-esr52',
16:52:27     INFO -  'blob_uploader_auth_file': '/builds/slave/test/oauth.txt',
16:52:27     INFO -  'buildbot_json_path': 'buildprops.json',
16:52:27     INFO -  'buildbot_max_log_size': 52428800,
16:52:27     INFO -  'code_coverage': False,
16:52:27     INFO -  'config_files': ('unittests/linux_unittest.py',),
16:52:27     INFO -  'default_blob_upload_servers': ('https://blobupload.elasticbeanstalk.com',),
16:52:27     INFO -  'download_minidump_stackwalk': True,
16:52:27     INFO -  'download_nodejs': True,
16:52:27     INFO -  'download_symbols': 'ondemand',
16:52:27     INFO -  'e10s': True,
16:52:27     INFO -  'exe_suffix': '',
16:52:27     INFO -  'exes': {'python': '/tools/buildbot/bin/python',
16:52:27     INFO -           'tooltool.py': '/tools/tooltool.py',
16:52:27     INFO -           'virtualenv': ('/tools/buildbot/bin/python',
16:52:27     INFO -                          '/tools/misc-python/virtualenv.py')},
16:52:27     INFO -  'find_links': ('http://pypi.pvt.build.mozilla.org/pub',
16:52:27     INFO -                 'http://pypi.pub.build.mozilla.org/pub'),
16:52:27     INFO -  'installer_path': '/builds/slave/test/build/installer.tar.bz2',
16:52:27     INFO -  'log_level': 'info',
16:52:27     INFO -  'log_to_console': True,
16:52:27     INFO -  'minidump_save_path': '%(abs_work_dir)s/../minidumps',
16:52:27     INFO -  'minidump_stackwalk_path': 'linux64-minidump_stackwalk',
16:52:27     INFO -  'minidump_tooltool_manifest_path': 'config/tooltool-manifests/linux64/releng.manifest',
16:52:27     INFO -  'minimum_tests_zip_dirs': ('bin/*',
16:52:27     INFO -                             'certs/*',
16:52:27     INFO -                             'config/*',
16:52:27     INFO -                             'mach',
16:52:27     INFO -                             'marionette/*',
16:52:27     INFO -                             'modules/*',
16:52:27     INFO -                             'mozbase/*',
16:52:27     INFO -                             'tools/*'),
16:52:27     INFO -  'no_random': False,
16:52:27     INFO -  'nodejs_path': 'node-linux-x64/bin/node',
16:52:27     INFO -  'nodejs_tooltool_manifest_path': 'config/tooltool-manifests/linux64/nodejs.manifest',
16:52:27     INFO -  'opt_config_files': (),
16:52:27     INFO -  'pip_index': False,
16:52:27     INFO -  'preflight_run_cmd_suites': ({'architectures': ('32bit', '64bit'),
16:52:27     INFO -                                'cmd': ('xset', 's', 'off', 's', 'reset'),
16:52:27     INFO -                                'enabled': True,
16:52:27     INFO -                                'halt_on_failure': False,
16:52:27     INFO -                                'name': 'disable_screen_saver'},
16:52:27     INFO -                               {'architectures': ('32bit',),
16:52:27     INFO -                                'cmd': ('python',
16:52:27     INFO -                                        '../scripts/external_tools/mouse_and_screen_resolution.py',
16:52:27     INFO -                                        '--configuration-file',
16:52:27     INFO -                                        '../scripts/external_tools/machine-configuration.json'),
16:52:27     INFO -                                'enabled': False,
16:52:27     INFO -                                'halt_on_failure': True,
16:52:27     INFO -                                'name': 'run mouse & screen adjustment script'}),
16:52:27     INFO -  'require_test_zip': True,
16:52:27     INFO -  'run_all_suites': False,
16:52:27     INFO -  'run_cmd_checks_enabled': True,
16:52:27     INFO -  'run_file_names': {'cppunittest': 'runcppunittests.py',
16:52:27     INFO -                     'gtest': 'rungtests.py',
16:52:27     INFO -                     'jittest': 'jit_test.py',
16:52:27     INFO -                     'mochitest': 'runtests.py',
16:52:27     INFO -                     'mozbase': 'test.py',
16:52:27     INFO -                     'mozmill': 'runtestlist.py',
16:52:27     INFO -                     'reftest': 'runreftest.py',
16:52:27     INFO -                     'xpcshell': 'runxpcshelltests.py'},
16:52:27     INFO -  'specific_tests_zip_dirs': {'cppunittest': ('cppunittest/*',),
16:52:27     INFO -                              'gtest': ('gtest/*',),
16:52:27     INFO -                              'jittest': ('jit-test/*',),
16:52:27     INFO -                              'mochitest': ('mochitest/*',),
16:52:27     INFO -                              'mozbase': ('mozbase/*',),
16:52:27     INFO -                              'mozmill': ('mozmill/*',),
16:52:27     INFO -                              'reftest': ('reftest/*', 'jsreftest/*'),
16:52:27     INFO -                              'xpcshell': ('xpcshell/*',)},
16:52:27     INFO -  'specified_mochitest_suites': ('mochitest-devtools-chrome',),
16:52:27     INFO -  'strict_content_sandbox': False,
16:52:27     INFO -  'suite_definitions': {'cppunittest': {'options': ('--symbols-path=%(symbols_path)s',
16:52:27     INFO -                                                    '--xre-path=%(abs_app_dir)s'),
16:52:27     INFO -                                        'run_filename': 'runcppunittests.py',
16:52:27     INFO -                                        'testsdir': 'cppunittest'},
16:52:27     INFO -                        'gtest': {'options': ('--xre-path=%(abs_res_dir)s',
16:52:27     INFO -                                              '--cwd=%(gtest_dir)s',
16:52:27     INFO -                                              '--symbols-path=%(symbols_path)s',
16:52:27     INFO -                                              '--utility-path=tests/bin',
16:52:27     INFO -                                              '%(binary_path)s'),
16:52:27     INFO -                                  'run_filename': 'rungtests.py'},
16:52:27     INFO -                        'jittest': {'options': ('tests/bin/js',
16:52:27     INFO -                                                '--no-slow',
16:52:27     INFO -                                                '--no-progress',
16:52:27     INFO -                                                '--format=automation',
16:52:27     INFO -                                                '--jitflags=all',
16:52:27     INFO -                                                '--timeout=970'),
16:52:27     INFO -                                    'run_filename': 'jit_test.py',
16:52:27     INFO -                                    'run_timeout': 1000,
16:52:27     INFO -                                    'testsdir': 'jit-test/jit-test'},
16:52:27     INFO -                        'mochitest': {'options': ('--appname=%(binary_path)s',
16:52:27     INFO -                                                  '--utility-path=tests/bin',
16:52:27     INFO -                                                  '--extra-profile-file=tests/bin/plugins',
16:52:27     INFO -                                                  '--symbols-path=%(symbols_path)s',
16:52:27     INFO -                                                  '--certificate-path=tests/certs',
16:52:27     INFO -                                                  '--setpref=webgl.force-enabled=true',
16:52:27     INFO -                                                  '--quiet',
16:52:27     INFO -                                                  '--log-raw=%(raw_log_file)s',
16:52:27     INFO -                                                  '--log-errorsummary=%(error_summary_file)s',
16:52:27     INFO -                                                  '--use-test-media-devices',
16:52:27     INFO -                                                  '--screenshot-on-fail',
16:52:27     INFO -                                                  '--cleanup-crashes',
16:52:27     INFO -                                                  '--marionette-startup-timeout=180'),
16:52:27     INFO -                                      'run_filename': 'runtests.py',
16:52:27     INFO -                                      'testsdir': 'mochitest'},
16:52:27     INFO -                        'mozbase': {'options': ('-b', '%(binary_path)s'),
16:52:27     INFO -                                    'run_filename': 'test.py',
16:52:27     INFO -                                    'testsdir': 'mozbase'},
16:52:27     INFO -                        'mozmill': {'options': ('--binary=%(binary_path)s',
16:52:27     INFO -                                                '--testing-modules-dir=test/modules',
16:52:27     INFO -                                                '--plugins-path=%(test_plugin_path)s',
16:52:27     INFO -                                                '--symbols-path=%(symbols_path)s'),
16:52:27     INFO -                                    'run_filename': 'runtestlist.py',
16:52:27     INFO -                                    'testsdir': 'mozmill'},
16:52:27     INFO -                        'reftest': {'options': ('--appname=%(binary_path)s',
16:52:27     INFO -                                                '--utility-path=tests/bin',
16:52:27     INFO -                                                '--extra-profile-file=tests/bin/plugins',
16:52:27     INFO -                                                '--symbols-path=%(symbols_path)s',
16:52:27     INFO -                                                '--log-raw=%(raw_log_file)s',
16:52:27     INFO -                                                '--log-errorsummary=%(error_summary_file)s',
16:52:27     INFO -                                                '--cleanup-crashes'),
16:52:27     INFO -                                    'run_filename': 'runreftest.py',
16:52:27     INFO -                                    'testsdir': 'reftest'},
16:52:27     INFO -                        'xpcshell': {'options': ('--symbols-path=%(symbols_path)s',
16:52:27     INFO -                                                 '--test-plugin-path=%(test_plugin_path)s',
16:52:27     INFO -                                                 '--log-raw=%(raw_log_file)s',
16:52:27     INFO -                                                 '--log-errorsummary=%(error_summary_file)s',
16:52:27     INFO -                                                 '--utility-path=tests/bin'),
16:52:27     INFO -                                     'run_filename': 'runxpcshelltests.py',
16:52:27     INFO -                                     'testsdir': 'xpcshell'}},
16:52:27     INFO -  'this_chunk': '8',
16:52:27     INFO -  'tooltool_cache': '/builds/tooltool_cache',
16:52:27     INFO -  'total_chunks': '8',
16:52:27     INFO -  'unstructured_flavors': {'cppunittest': (),
16:52:27     INFO -                           'gtest': (),
16:52:27     INFO -                           'jittest': (),
16:52:27     INFO -                           'mochitest': ('jetpack',),
16:52:27     INFO -                           'mozbase': (),
16:52:27     INFO -                           'mozmill': (),
16:52:27     INFO -                           'xpcshell': ()},
16:52:27     INFO -  'vcs_output_timeout': 1000,
16:52:27     INFO -  'virtualenv_path': 'venv',
16:52:27     INFO -  'volatile_config': {'actions': None, 'add_actions': None, 'no_actions': None},
16:52:27     INFO -  'work_dir': 'build',
16:52:27     INFO -  'xpcshell_name': 'xpcshell'}
16:52:27     INFO - [mozharness: 2018-06-08 23:52:27.373904Z] Running clobber step.
16:52:27     INFO - Running pre-action listener: _resource_record_pre_action
16:52:27     INFO - Running main action method: clobber
16:52:27     INFO - rmtree: /builds/slave/test/build
16:52:27     INFO - Running post-action listener: _resource_record_post_action
16:52:27     INFO - [mozharness: 2018-06-08 23:52:27.388658Z] Finished clobber step (success)
16:52:27     INFO - [mozharness: 2018-06-08 23:52:27.389144Z] Running read-buildbot-config step.
16:52:27     INFO - Running pre-action listener: _resource_record_pre_action
16:52:27     INFO - Running main action method: read_buildbot_config
16:52:27     INFO - Using buildbot properties:
16:52:27     INFO - {
16:52:27     INFO -     "project": "", 
16:52:27     INFO -     "product": "firefox", 
16:52:27     INFO -     "script_repo_revision": "production", 
16:52:27     INFO -     "scheduler": "tests-mozilla-esr52-ubuntu64_vm-pgo-unittest", 
16:52:27     INFO -     "repository": "", 
16:52:27     INFO -     "buildername": "Ubuntu VM 12.04 x64 mozilla-esr52 pgo test mochitest-e10s-devtools-chrome-8", 
16:52:27     INFO -     "buildid": "20180608150819", 
16:52:27     INFO -     "pgo_build": "True", 
16:52:27     INFO -     "basedir": "/builds/slave/test", 
16:52:27     INFO -     "buildnumber": 52, 
16:52:27     INFO -     "slavename": "tst-linux64-spot-316", 
16:52:27     INFO -     "master": "http://buildbot-master54.bb.releng.usw2.mozilla.com:8201/", 
16:52:27     INFO -     "platform": "linux64", 
16:52:27     INFO -     "branch": "mozilla-esr52", 
16:52:27     INFO -     "revision": "cbfdf01aac455e0591471201c96b89dee98190b5", 
16:52:27     INFO -     "repo_path": "releases/mozilla-esr52", 
16:52:27     INFO -     "moz_repo_path": "", 
16:52:27     INFO -     "stage_platform": "linux64-pgo", 
16:52:27     INFO -     "builduid": "b298b373e93d4f8dbf92436c9ed838a2", 
16:52:27     INFO -     "slavebuilddir": "test"
16:52:27     INFO - }
16:52:27     INFO - Found installer url https://queue.taskcluster.net/v1/task/I1iAdq48Sa60c5BCPWswkg/artifacts/public/build/firefox-52.8.2.en-US.linux-x86_64.tar.bz2.
16:52:27     INFO - Found a test packages url https://queue.taskcluster.net/v1/task/I1iAdq48Sa60c5BCPWswkg/artifacts/public/build/firefox-52.8.2.en-US.linux-x86_64.test_packages.json.
16:52:27     INFO - Running post-action listener: _resource_record_post_action
16:52:27     INFO - [mozharness: 2018-06-08 23:52:27.399830Z] Finished read-buildbot-config step (success)
16:52:27     INFO - [mozharness: 2018-06-08 23:52:27.400201Z] Running download-and-extract step.
16:52:27     INFO - Running pre-action listener: _pre_download_and_extract
16:52:27  WARNING - Try message not found.
16:52:27     INFO - Running pre-action listener: _resource_record_pre_action
16:52:27     INFO - Running main action method: download_and_extract
16:52:27     INFO - mkdir: /builds/slave/test/build/tests
16:52:27     INFO - Downloading https://queue.taskcluster.net/v1/task/I1iAdq48Sa60c5BCPWswkg/artifacts/public/build/firefox-52.8.2.en-US.linux-x86_64.test_packages.json to /builds/slave/test/build/firefox-52.8.2.en-US.linux-x86_64.test_packages.json
16:52:27     INFO - retry: Calling _download_file with args: (), kwargs: {'url': 'https://queue.taskcluster.net/v1/task/I1iAdq48Sa60c5BCPWswkg/artifacts/public/build/firefox-52.8.2.en-US.linux-x86_64.test_packages.json', 'file_name': '/builds/slave/test/build/firefox-52.8.2.en-US.linux-x86_64.test_packages.json'}, attempt #1
16:52:28     INFO - Downloaded 1361 bytes.
16:52:28     INFO - Reading from file /builds/slave/test/build/firefox-52.8.2.en-US.linux-x86_64.test_packages.json
16:52:28     INFO - Using the following test package requirements:
16:52:28     INFO - {u'common': [u'firefox-52.8.2.en-US.linux-x86_64.common.tests.zip'],
16:52:28     INFO -  u'cppunittest': [u'firefox-52.8.2.en-US.linux-x86_64.common.tests.zip',
16:52:28     INFO -                   u'firefox-52.8.2.en-US.linux-x86_64.cppunittest.tests.zip'],
16:52:28     INFO -  u'gtest': [u'firefox-52.8.2.en-US.linux-x86_64.common.tests.zip',
16:52:28     INFO -             u'firefox-52.8.2.en-US.linux-x86_64.gtest.tests.zip'],
16:52:28     INFO -  u'jittest': [u'firefox-52.8.2.en-US.linux-x86_64.common.tests.zip',
16:52:28     INFO -               u'jsshell-linux-x86_64.zip'],
16:52:28     INFO -  u'mochitest': [u'firefox-52.8.2.en-US.linux-x86_64.common.tests.zip',
16:52:28     INFO -                 u'firefox-52.8.2.en-US.linux-x86_64.mochitest.tests.zip'],
16:52:28     INFO -  u'mozbase': [u'firefox-52.8.2.en-US.linux-x86_64.common.tests.zip'],
16:52:28     INFO -  u'reftest': [u'firefox-52.8.2.en-US.linux-x86_64.common.tests.zip',
16:52:28     INFO -               u'firefox-52.8.2.en-US.linux-x86_64.reftest.tests.zip'],
16:52:28     INFO -  u'talos': [u'firefox-52.8.2.en-US.linux-x86_64.common.tests.zip',
16:52:28     INFO -             u'firefox-52.8.2.en-US.linux-x86_64.talos.tests.zip'],
16:52:28     INFO -  u'web-platform': [u'firefox-52.8.2.en-US.linux-x86_64.common.tests.zip',
16:52:28     INFO -                    u'firefox-52.8.2.en-US.linux-x86_64.web-platform.tests.zip'],
16:52:28     INFO -  u'xpcshell': [u'firefox-52.8.2.en-US.linux-x86_64.common.tests.zip',
16:52:28     INFO -                u'firefox-52.8.2.en-US.linux-x86_64.xpcshell.tests.zip']}
16:52:28     INFO - Downloading packages: [u'firefox-52.8.2.en-US.linux-x86_64.common.tests.zip', u'firefox-52.8.2.en-US.linux-x86_64.mochitest.tests.zip'] for test suite category: mochitest
16:52:28     INFO - Adding 'mozinfo.json' for extraction from common.tests zip file
16:52:28     INFO - Downloading and extracting to /builds/slave/test/build/tests these dirs bin/*, certs/*, config/*, mach, marionette/*, modules/*, mozbase/*, tools/*, mochitest/*, mozinfo.json from https://queue.taskcluster.net/v1/task/I1iAdq48Sa60c5BCPWswkg/artifacts/public/build/firefox-52.8.2.en-US.linux-x86_64.common.tests.zip
16:52:28     INFO - retry: Calling fetch_url_into_memory with args: (), kwargs: {'url': u'https://queue.taskcluster.net/v1/task/I1iAdq48Sa60c5BCPWswkg/artifacts/public/build/firefox-52.8.2.en-US.linux-x86_64.common.tests.zip'}, attempt #1
16:52:28     INFO - Fetch https://queue.taskcluster.net/v1/task/I1iAdq48Sa60c5BCPWswkg/artifacts/public/build/firefox-52.8.2.en-US.linux-x86_64.common.tests.zip into memory
16:52:29     INFO - Http code: 200
16:52:29     INFO - via: 1.1 978198446b6fdba8a499c04f84a3a7e6.cloudfront.net (CloudFront)
16:52:29     INFO - x-amz-cf-id: t2UqaQdVdc7XbsIULwSH8zMKAovqRPGXvRYdD6P38CxQuLxEh7ljIg==
16:52:29     INFO - x-amz-version-id: amyEguiG3.NEsCgIpfpr7ojoc30OcAP5
16:52:31     INFO - Expected file size: 22192748
16:52:31     INFO - Obtained file size: 22192748
16:52:32     INFO - Downloading and extracting to /builds/slave/test/build/tests these dirs bin/*, certs/*, config/*, mach, marionette/*, modules/*, mozbase/*, tools/*, mochitest/*, mozinfo.json from https://queue.taskcluster.net/v1/task/I1iAdq48Sa60c5BCPWswkg/artifacts/public/build/firefox-52.8.2.en-US.linux-x86_64.mochitest.tests.zip
16:52:32     INFO - retry: Calling fetch_url_into_memory with args: (), kwargs: {'url': u'https://queue.taskcluster.net/v1/task/I1iAdq48Sa60c5BCPWswkg/artifacts/public/build/firefox-52.8.2.en-US.linux-x86_64.mochitest.tests.zip'}, attempt #1
16:52:32     INFO - Fetch https://queue.taskcluster.net/v1/task/I1iAdq48Sa60c5BCPWswkg/artifacts/public/build/firefox-52.8.2.en-US.linux-x86_64.mochitest.tests.zip into memory
16:52:33     INFO - Http code: 200
16:52:33     INFO - via: 1.1 11512f00e812993b9daa35c376d7cb20.cloudfront.net (CloudFront)
16:52:33     INFO - x-amz-cf-id: JVyQHC84WnRcQ-x-O-LkBl4dhDvquE3pKdig2wcqZKo6YFUoxtODWw==
16:52:33     INFO - x-amz-version-id: pVaLoGmwkPIw3WqAG.TA2Gozslw06heL
16:52:36     INFO - Expected file size: 80595071
16:52:36     INFO - Obtained file size: 80595071
16:52:59     INFO - Downloading https://queue.taskcluster.net/v1/task/I1iAdq48Sa60c5BCPWswkg/artifacts/public/build/firefox-52.8.2.en-US.linux-x86_64.tar.bz2 to /builds/slave/test/build/installer.tar.bz2
16:52:59     INFO - retry: Calling _download_file with args: (), kwargs: {'url': 'https://queue.taskcluster.net/v1/task/I1iAdq48Sa60c5BCPWswkg/artifacts/public/build/firefox-52.8.2.en-US.linux-x86_64.tar.bz2', 'file_name': '/builds/slave/test/build/installer.tar.bz2'}, attempt #1
16:53:03     INFO - Downloaded 57821935 bytes.
16:53:03     INFO - Setting buildbot property build_url to https://queue.taskcluster.net/v1/task/I1iAdq48Sa60c5BCPWswkg/artifacts/public/build/firefox-52.8.2.en-US.linux-x86_64.tar.bz2
16:53:03     INFO - mkdir: /builds/slave/test/properties
16:53:03     INFO - Writing buildbot properties ['build_url'] to /builds/slave/test/properties/build_url
16:53:03     INFO - Writing to file /builds/slave/test/properties/build_url
16:53:03     INFO - Contents:
16:53:03     INFO -  build_url:https://queue.taskcluster.net/v1/task/I1iAdq48Sa60c5BCPWswkg/artifacts/public/build/firefox-52.8.2.en-US.linux-x86_64.tar.bz2
16:53:04     INFO - Running post-action listener: _resource_record_post_action
16:53:04     INFO - Running post-action listener: set_extra_try_arguments
16:53:04     INFO - [mozharness: 2018-06-08 23:53:04.254657Z] Finished download-and-extract step (success)
16:53:04     INFO - [mozharness: 2018-06-08 23:53:04.255039Z] Running create-virtualenv step.
16:53:04     INFO - Running pre-action listener: _install_mozbase
16:53:04     INFO - Running pre-action listener: _pre_create_virtualenv
16:53:04     INFO - Running pre-action listener: _resource_record_pre_action
16:53:04     INFO - Running main action method: create_virtualenv
16:53:04     INFO - Creating virtualenv /builds/slave/test/build/venv
16:53:04     INFO - Running command: ['/tools/buildbot/bin/python', '/builds/slave/test/scripts/external_tools/virtualenv/virtualenv.py', '--always-copy', '/builds/slave/test/build/venv'] in /builds/slave/test/build
16:53:04     INFO - Copy/paste: /tools/buildbot/bin/python /builds/slave/test/scripts/external_tools/virtualenv/virtualenv.py --always-copy /builds/slave/test/build/venv
16:53:04     INFO - Using partial env: {'VIRTUALENV_NO_DOWNLOAD': '1'}
16:53:07     INFO -  Using real prefix '/usr'
16:53:07     INFO -  New python executable in /builds/slave/test/build/venv/bin/python
16:53:10     INFO -  Installing setuptools, pip, wheel...done.
16:53:10     INFO - Return code: 0
16:53:10     INFO - Installing psutil>=3.1.1 into virtualenv /builds/slave/test/build/venv
16:53:10     INFO - retry: Calling run_command with args: [['/builds/slave/test/build/venv/bin/pip', 'install', '--timeout', '120', '--no-index', '--find-links', 'http://pypi.pvt.build.mozilla.org/pub', '--find-links', 'http://pypi.pub.build.mozilla.org/pub', '--trusted-host', 'pypi.pub.build.mozilla.org', '--trusted-host', 'pypi.pvt.build.mozilla.org', 'psutil>=3.1.1']], kwargs: {'error_level': 'warning', 'error_list': [{'substr': 'not found or a compiler error:', 'level': 'warning'}, {'regex': <_sre.SRE_Pattern object at 0x7fb164d5d110>, 'level': 'error'}, {'regex': <_sre.SRE_Pattern object at 0x7fb164e65e40>, 'level': 'warning'}, {'regex': <_sre.SRE_Pattern object at 0x184e3e0>, 'level': 'debug'}, {'substr': 'command not found', 'level': 'error'}, {'regex': <_sre.SRE_Pattern object at 0x184aa90>, 'level': 'warning'}, {'substr': 'Traceback (most recent call last)', 'level': 'error'}, {'substr': 'SyntaxError: ', 'level': 'error'}, {'substr': 'TypeError: ', 'level': 'error'}, {'substr': 'NameError: ', 'level': 'error'}, {'substr': 'ZeroDivisionError: ', 'level': 'error'}, {'regex': <_sre.SRE_Pattern object at 0x184c3f0>, 'level': 'critical'}, {'regex': <_sre.SRE_Pattern object at 0x184c670>, 'level': 'critical'}], 'cwd': '/builds/slave/test/build', 'env': {'TMOUT': '86400', 'LOGNAME': 'cltbld', 'USER': 'cltbld', 'HOME': '/home/cltbld', 'PATH': '/usr/local/bin:/usr/local/bin:/usr/bin:/bin:/usr/local/games:/usr/games', 'DISPLAY': ':0', 'CCACHE_UMASK': '002', 'LANG': 'en_US.UTF-8', 'TERM': 'linux', 'SHELL': '/bin/bash', 'MOZ_NODE_PATH': '/usr/bin/node', 'XDG_SESSION_COOKIE': '9ca12473fbb1d023794ffd180000023c-1528501943.409407-1961421558', 'SHLVL': '1', 'NO_FAIL_ON_TEST_ERRORS': '1', 'MOZ_NO_REMOTE': '1', 'MOZ_HIDE_RESULTS_TABLE': '1', 'MAIL': '/var/mail/cltbld', '_': '/tools/buildbot/bin/python', 'NODE_PATH': '/usr/lib/nodejs:/usr/lib/node_modules:/usr/share/javascript', 'PWD': '/builds/slave/test', 'PROPERTIES_FILE': '/builds/slave/test/buildprops.json', 'CCACHE_DIR': '/builds/ccache'}}, attempt #1
16:53:10     INFO - Running command: ['/builds/slave/test/build/venv/bin/pip', 'install', '--timeout', '120', '--no-index', '--find-links', 'http://pypi.pvt.build.mozilla.org/pub', '--find-links', 'http://pypi.pub.build.mozilla.org/pub', '--trusted-host', 'pypi.pub.build.mozilla.org', '--trusted-host', 'pypi.pvt.build.mozilla.org', 'psutil>=3.1.1'] in /builds/slave/test/build
16:53:10     INFO - Copy/paste: /builds/slave/test/build/venv/bin/pip install --timeout 120 --no-index --find-links http://pypi.pvt.build.mozilla.org/pub --find-links http://pypi.pub.build.mozilla.org/pub --trusted-host pypi.pub.build.mozilla.org --trusted-host pypi.pvt.build.mozilla.org psutil>=3.1.1
16:53:10     INFO - Using env: {'CCACHE_DIR': '/builds/ccache',
16:53:10     INFO -  'CCACHE_UMASK': '002',
16:53:10     INFO -  'DISPLAY': ':0',
16:53:10     INFO -  'HOME': '/home/cltbld',
16:53:10     INFO -  'LANG': 'en_US.UTF-8',
16:53:10     INFO -  'LOGNAME': 'cltbld',
16:53:10     INFO -  'MAIL': '/var/mail/cltbld',
16:53:10     INFO -  'MOZ_HIDE_RESULTS_TABLE': '1',
16:53:10     INFO -  'MOZ_NODE_PATH': '/usr/bin/node',
16:53:10     INFO -  'MOZ_NO_REMOTE': '1',
16:53:10     INFO -  'NODE_PATH': '/usr/lib/nodejs:/usr/lib/node_modules:/usr/share/javascript',
16:53:10     INFO -  'NO_FAIL_ON_TEST_ERRORS': '1',
16:53:10     INFO -  'PATH': '/usr/local/bin:/usr/local/bin:/usr/bin:/bin:/usr/local/games:/usr/games',
16:53:10     INFO -  'PROPERTIES_FILE': '/builds/slave/test/buildprops.json',
16:53:10     INFO -  'PWD': '/builds/slave/test',
16:53:10     INFO -  'SHELL': '/bin/bash',
16:53:10     INFO -  'SHLVL': '1',
16:53:10     INFO -  'TERM': 'linux',
16:53:10     INFO -  'TMOUT': '86400',
16:53:10     INFO -  'USER': 'cltbld',
16:53:10     INFO -  'XDG_SESSION_COOKIE': '9ca12473fbb1d023794ffd180000023c-1528501943.409407-1961421558',
16:53:10     INFO -  '_': '/tools/buildbot/bin/python'}
16:53:11     INFO -  Ignoring indexes: https://pypi.python.org/simple
16:53:11     INFO -  Collecting psutil>=3.1.1
16:53:11     INFO -  /builds/slave/test/build/venv/lib/python2.7/site-packages/pip/_vendor/requests/packages/urllib3/util/ssl_.py:318: SNIMissingWarning: An HTTPS request has been made, but the SNI (Subject Name Indication) extension to TLS is not available on this platform. This may cause the server to present an incorrect TLS certificate, which can cause validation failures. You can upgrade to a newer version of Python to solve this. For more information, see https://urllib3.readthedocs.org/en/latest/security.html#snimissingwarning.
16:53:11     INFO -    SNIMissingWarning
16:53:11     INFO -  /builds/slave/test/build/venv/lib/python2.7/site-packages/pip/_vendor/requests/packages/urllib3/util/ssl_.py:122: InsecurePlatformWarning: A true SSLContext object is not available. This prevents urllib3 from configuring SSL appropriately and may cause certain SSL connections to fail. You can upgrade to a newer version of Python to solve this. For more information, see https://urllib3.readthedocs.org/en/latest/security.html#insecureplatformwarning.
16:53:11     INFO -    InsecurePlatformWarning
16:53:13     INFO -  /builds/slave/test/build/venv/lib/python2.7/site-packages/pip/_vendor/requests/packages/urllib3/util/ssl_.py:122: InsecurePlatformWarning: A true SSLContext object is not available. This prevents urllib3 from configuring SSL appropriately and may cause certain SSL connections to fail. You can upgrade to a newer version of Python to solve this. For more information, see https://urllib3.readthedocs.org/en/latest/security.html#insecureplatformwarning.
16:53:13     INFO -    InsecurePlatformWarning
16:53:16     INFO -    Downloading https://pypi.pvt.build.mozilla.org/pub/psutil-5.4.3.tar.gz (412kB)
16:53:17     INFO -  Building wheels for collected packages: psutil
16:53:17     INFO -    Running setup.py bdist_wheel for psutil: started
16:53:20     INFO -    Running setup.py bdist_wheel for psutil: finished with status 'done'
16:53:20     INFO -    Stored in directory: /home/cltbld/.cache/pip/wheels/30/c0/c3/5cdb2b64c0d47a81af9c62935a64d83948d2c2b3e7af3eeee2
16:53:20     INFO -  Successfully built psutil
16:53:20     INFO -  Installing collected packages: psutil
16:53:20     INFO -  Successfully installed psutil-5.4.3
16:53:21     INFO - Return code: 0
16:53:21     INFO - Installing mozsystemmonitor==0.3 into virtualenv /builds/slave/test/build/venv
16:53:21     INFO - retry: Calling run_command with args: [['/builds/slave/test/build/venv/bin/pip', 'install', '--timeout', '120', '--no-index', '--find-links', 'http://pypi.pvt.build.mozilla.org/pub', '--find-links', 'http://pypi.pub.build.mozilla.org/pub', '--trusted-host', 'pypi.pub.build.mozilla.org', '--trusted-host', 'pypi.pvt.build.mozilla.org', 'mozsystemmonitor==0.3']], kwargs: {'error_level': 'warning', 'error_list': [{'substr': 'not found or a compiler error:', 'level': 'warning'}, {'regex': <_sre.SRE_Pattern object at 0x7fb164d5d110>, 'level': 'error'}, {'regex': <_sre.SRE_Pattern object at 0x7fb164e65e40>, 'level': 'warning'}, {'regex': <_sre.SRE_Pattern object at 0x184e3e0>, 'level': 'debug'}, {'substr': 'command not found', 'level': 'error'}, {'regex': <_sre.SRE_Pattern object at 0x184aa90>, 'level': 'warning'}, {'substr': 'Traceback (most recent call last)', 'level': 'error'}, {'substr': 'SyntaxError: ', 'level': 'error'}, {'substr': 'TypeError: ', 'level': 'error'}, {'substr': 'NameError: ', 'level': 'error'}, {'substr': 'ZeroDivisionError: ', 'level': 'error'}, {'regex': <_sre.SRE_Pattern object at 0x184c3f0>, 'level': 'critical'}, {'regex': <_sre.SRE_Pattern object at 0x184c670>, 'level': 'critical'}], 'cwd': '/builds/slave/test/build', 'env': {'TMOUT': '86400', 'LOGNAME': 'cltbld', 'USER': 'cltbld', 'HOME': '/home/cltbld', 'PATH': '/usr/local/bin:/usr/local/bin:/usr/bin:/bin:/usr/local/games:/usr/games', 'DISPLAY': ':0', 'CCACHE_UMASK': '002', 'LANG': 'en_US.UTF-8', 'TERM': 'linux', 'SHELL': '/bin/bash', 'MOZ_NODE_PATH': '/usr/bin/node', 'XDG_SESSION_COOKIE': '9ca12473fbb1d023794ffd180000023c-1528501943.409407-1961421558', 'SHLVL': '1', 'NO_FAIL_ON_TEST_ERRORS': '1', 'MOZ_NO_REMOTE': '1', 'MOZ_HIDE_RESULTS_TABLE': '1', 'MAIL': '/var/mail/cltbld', '_': '/tools/buildbot/bin/python', 'NODE_PATH': '/usr/lib/nodejs:/usr/lib/node_modules:/usr/share/javascript', 'PWD': '/builds/slave/test', 'PROPERTIES_FILE': '/builds/slave/test/buildprops.json', 'CCACHE_DIR': '/builds/ccache'}}, attempt #1
16:53:21     INFO - Running command: ['/builds/slave/test/build/venv/bin/pip', 'install', '--timeout', '120', '--no-index', '--find-links', 'http://pypi.pvt.build.mozilla.org/pub', '--find-links', 'http://pypi.pub.build.mozilla.org/pub', '--trusted-host', 'pypi.pub.build.mozilla.org', '--trusted-host', 'pypi.pvt.build.mozilla.org', 'mozsystemmonitor==0.3'] in /builds/slave/test/build
16:53:21     INFO - Copy/paste: /builds/slave/test/build/venv/bin/pip install --timeout 120 --no-index --find-links http://pypi.pvt.build.mozilla.org/pub --find-links http://pypi.pub.build.mozilla.org/pub --trusted-host pypi.pub.build.mozilla.org --trusted-host pypi.pvt.build.mozilla.org mozsystemmonitor==0.3
16:53:21     INFO - Using env: {'CCACHE_DIR': '/builds/ccache',
16:53:21     INFO -  'CCACHE_UMASK': '002',
16:53:21     INFO -  'DISPLAY': ':0',
16:53:21     INFO -  'HOME': '/home/cltbld',
16:53:21     INFO -  'LANG': 'en_US.UTF-8',
16:53:21     INFO -  'LOGNAME': 'cltbld',
16:53:21     INFO -  'MAIL': '/var/mail/cltbld',
16:53:21     INFO -  'MOZ_HIDE_RESULTS_TABLE': '1',
16:53:21     INFO -  'MOZ_NODE_PATH': '/usr/bin/node',
16:53:21     INFO -  'MOZ_NO_REMOTE': '1',
16:53:21     INFO -  'NODE_PATH': '/usr/lib/nodejs:/usr/lib/node_modules:/usr/share/javascript',
16:53:21     INFO -  'NO_FAIL_ON_TEST_ERRORS': '1',
16:53:21     INFO -  'PATH': '/usr/local/bin:/usr/local/bin:/usr/bin:/bin:/usr/local/games:/usr/games',
16:53:21     INFO -  'PROPERTIES_FILE': '/builds/slave/test/buildprops.json',
16:53:21     INFO -  'PWD': '/builds/slave/test',
16:53:21     INFO -  'SHELL': '/bin/bash',
16:53:21     INFO -  'SHLVL': '1',
16:53:21     INFO -  'TERM': 'linux',
16:53:21     INFO -  'TMOUT': '86400',
16:53:21     INFO -  'USER': 'cltbld',
16:53:21     INFO -  'XDG_SESSION_COOKIE': '9ca12473fbb1d023794ffd180000023c-1528501943.409407-1961421558',
16:53:21     INFO -  '_': '/tools/buildbot/bin/python'}
16:53:21     INFO -  Ignoring indexes: https://pypi.python.org/simple
16:53:21     INFO -  Collecting mozsystemmonitor==0.3
16:53:21     INFO -  /builds/slave/test/build/venv/lib/python2.7/site-packages/pip/_vendor/requests/packages/urllib3/util/ssl_.py:318: SNIMissingWarning: An HTTPS request has been made, but the SNI (Subject Name Indication) extension to TLS is not available on this platform. This may cause the server to present an incorrect TLS certificate, which can cause validation failures. You can upgrade to a newer version of Python to solve this. For more information, see https://urllib3.readthedocs.org/en/latest/security.html#snimissingwarning.
16:53:21     INFO -    SNIMissingWarning
16:53:21     INFO -  /builds/slave/test/build/venv/lib/python2.7/site-packages/pip/_vendor/requests/packages/urllib3/util/ssl_.py:122: InsecurePlatformWarning: A true SSLContext object is not available. This prevents urllib3 from configuring SSL appropriately and may cause certain SSL connections to fail. You can upgrade to a newer version of Python to solve this. For more information, see https://urllib3.readthedocs.org/en/latest/security.html#insecureplatformwarning.
16:53:21     INFO -    InsecurePlatformWarning
16:53:23     INFO -  /builds/slave/test/build/venv/lib/python2.7/site-packages/pip/_vendor/requests/packages/urllib3/util/ssl_.py:122: InsecurePlatformWarning: A true SSLContext object is not available. This prevents urllib3 from configuring SSL appropriately and may cause certain SSL connections to fail. You can upgrade to a newer version of Python to solve this. For more information, see https://urllib3.readthedocs.org/en/latest/security.html#insecureplatformwarning.
16:53:23     INFO -    InsecurePlatformWarning
16:53:26     INFO -    Downloading https://pypi.pvt.build.mozilla.org/pub/mozsystemmonitor-0.3.tar.gz
16:53:27     INFO -  Requirement already satisfied (use --upgrade to upgrade): psutil>=3.1.1 in ./venv/lib/python2.7/site-packages (from mozsystemmonitor==0.3)
16:53:27     INFO -  Building wheels for collected packages: mozsystemmonitor
16:53:27     INFO -    Running setup.py bdist_wheel for mozsystemmonitor: started
16:53:27     INFO -    Running setup.py bdist_wheel for mozsystemmonitor: finished with status 'done'
16:53:27     INFO -    Stored in directory: /home/cltbld/.cache/pip/wheels/f4/b7/9c/8a88c92aaad7c1d8bbd68513e1d91ad7f62b7465808c516aa8
16:53:27     INFO -  Successfully built mozsystemmonitor
16:53:27     INFO -  Installing collected packages: mozsystemmonitor
16:53:27     INFO -  Successfully installed mozsystemmonitor-0.3
16:53:27     INFO - Return code: 0
16:53:27     INFO - Installing jsonschema==2.5.1 into virtualenv /builds/slave/test/build/venv
16:53:27     INFO - retry: Calling run_command with args: [['/builds/slave/test/build/venv/bin/pip', 'install', '--timeout', '120', '--no-index', '--find-links', 'http://pypi.pvt.build.mozilla.org/pub', '--find-links', 'http://pypi.pub.build.mozilla.org/pub', '--trusted-host', 'pypi.pub.build.mozilla.org', '--trusted-host', 'pypi.pvt.build.mozilla.org', 'jsonschema==2.5.1']], kwargs: {'error_level': 'warning', 'error_list': [{'substr': 'not found or a compiler error:', 'level': 'warning'}, {'regex': <_sre.SRE_Pattern object at 0x7fb164d5d110>, 'level': 'error'}, {'regex': <_sre.SRE_Pattern object at 0x7fb164e65e40>, 'level': 'warning'}, {'regex': <_sre.SRE_Pattern object at 0x184e3e0>, 'level': 'debug'}, {'substr': 'command not found', 'level': 'error'}, {'regex': <_sre.SRE_Pattern object at 0x184aa90>, 'level': 'warning'}, {'substr': 'Traceback (most recent call last)', 'level': 'error'}, {'substr': 'SyntaxError: ', 'level': 'error'}, {'substr': 'TypeError: ', 'level': 'error'}, {'substr': 'NameError: ', 'level': 'error'}, {'substr': 'ZeroDivisionError: ', 'level': 'error'}, {'regex': <_sre.SRE_Pattern object at 0x184c3f0>, 'level': 'critical'}, {'regex': <_sre.SRE_Pattern object at 0x184c670>, 'level': 'critical'}], 'cwd': '/builds/slave/test/build', 'env': {'TMOUT': '86400', 'LOGNAME': 'cltbld', 'USER': 'cltbld', 'HOME': '/home/cltbld', 'PATH': '/usr/local/bin:/usr/local/bin:/usr/bin:/bin:/usr/local/games:/usr/games', 'DISPLAY': ':0', 'CCACHE_UMASK': '002', 'LANG': 'en_US.UTF-8', 'TERM': 'linux', 'SHELL': '/bin/bash', 'MOZ_NODE_PATH': '/usr/bin/node', 'XDG_SESSION_COOKIE': '9ca12473fbb1d023794ffd180000023c-1528501943.409407-1961421558', 'SHLVL': '1', 'NO_FAIL_ON_TEST_ERRORS': '1', 'MOZ_NO_REMOTE': '1', 'MOZ_HIDE_RESULTS_TABLE': '1', 'MAIL': '/var/mail/cltbld', '_': '/tools/buildbot/bin/python', 'NODE_PATH': '/usr/lib/nodejs:/usr/lib/node_modules:/usr/share/javascript', 'PWD': '/builds/slave/test', 'PROPERTIES_FILE': '/builds/slave/test/buildprops.json', 'CCACHE_DIR': '/builds/ccache'}}, attempt #1
16:53:27     INFO - Running command: ['/builds/slave/test/build/venv/bin/pip', 'install', '--timeout', '120', '--no-index', '--find-links', 'http://pypi.pvt.build.mozilla.org/pub', '--find-links', 'http://pypi.pub.build.mozilla.org/pub', '--trusted-host', 'pypi.pub.build.mozilla.org', '--trusted-host', 'pypi.pvt.build.mozilla.org', 'jsonschema==2.5.1'] in /builds/slave/test/build
16:53:27     INFO - Copy/paste: /builds/slave/test/build/venv/bin/pip install --timeout 120 --no-index --find-links http://pypi.pvt.build.mozilla.org/pub --find-links http://pypi.pub.build.mozilla.org/pub --trusted-host pypi.pub.build.mozilla.org --trusted-host pypi.pvt.build.mozilla.org jsonschema==2.5.1
16:53:27     INFO - Using env: {'CCACHE_DIR': '/builds/ccache',
16:53:27     INFO -  'CCACHE_UMASK': '002',
16:53:27     INFO -  'DISPLAY': ':0',
16:53:27     INFO -  'HOME': '/home/cltbld',
16:53:27     INFO -  'LANG': 'en_US.UTF-8',
16:53:27     INFO -  'LOGNAME': 'cltbld',
16:53:28     INFO -  'MAIL': '/var/mail/cltbld',
16:53:28     INFO -  'MOZ_HIDE_RESULTS_TABLE': '1',
16:53:28     INFO -  'MOZ_NODE_PATH': '/usr/bin/node',
16:53:28     INFO -  'MOZ_NO_REMOTE': '1',
16:53:28     INFO -  'NODE_PATH': '/usr/lib/nodejs:/usr/lib/node_modules:/usr/share/javascript',
16:53:28     INFO -  'NO_FAIL_ON_TEST_ERRORS': '1',
16:53:28     INFO -  'PATH': '/usr/local/bin:/usr/local/bin:/usr/bin:/bin:/usr/local/games:/usr/games',
16:53:28     INFO -  'PROPERTIES_FILE': '/builds/slave/test/buildprops.json',
16:53:28     INFO -  'PWD': '/builds/slave/test',
16:53:28     INFO -  'SHELL': '/bin/bash',
16:53:28     INFO -  'SHLVL': '1',
16:53:28     INFO -  'TERM': 'linux',
16:53:28     INFO -  'TMOUT': '86400',
16:53:28     INFO -  'USER': 'cltbld',
16:53:28     INFO -  'XDG_SESSION_COOKIE': '9ca12473fbb1d023794ffd180000023c-1528501943.409407-1961421558',
16:53:28     INFO -  '_': '/tools/buildbot/bin/python'}
16:53:28     INFO -  Ignoring indexes: https://pypi.python.org/simple
16:53:28     INFO -  Collecting jsonschema==2.5.1
16:53:28     INFO -  /builds/slave/test/build/venv/lib/python2.7/site-packages/pip/_vendor/requests/packages/urllib3/util/ssl_.py:318: SNIMissingWarning: An HTTPS request has been made, but the SNI (Subject Name Indication) extension to TLS is not available on this platform. This may cause the server to present an incorrect TLS certificate, which can cause validation failures. You can upgrade to a newer version of Python to solve this. For more information, see https://urllib3.readthedocs.org/en/latest/security.html#snimissingwarning.
16:53:28     INFO -    SNIMissingWarning
16:53:28     INFO -  /builds/slave/test/build/venv/lib/python2.7/site-packages/pip/_vendor/requests/packages/urllib3/util/ssl_.py:122: InsecurePlatformWarning: A true SSLContext object is not available. This prevents urllib3 from configuring SSL appropriately and may cause certain SSL connections to fail. You can upgrade to a newer version of Python to solve this. For more information, see https://urllib3.readthedocs.org/en/latest/security.html#insecureplatformwarning.
16:53:28     INFO -    InsecurePlatformWarning
16:53:30     INFO -  /builds/slave/test/build/venv/lib/python2.7/site-packages/pip/_vendor/requests/packages/urllib3/util/ssl_.py:122: InsecurePlatformWarning: A true SSLContext object is not available. This prevents urllib3 from configuring SSL appropriately and may cause certain SSL connections to fail. You can upgrade to a newer version of Python to solve this. For more information, see https://urllib3.readthedocs.org/en/latest/security.html#insecureplatformwarning.
16:53:30     INFO -    InsecurePlatformWarning
16:53:33     INFO -    Downloading https://pypi.pvt.build.mozilla.org/pub/jsonschema-2.5.1-py2.py3-none-any.whl
16:53:33     INFO -  Collecting functools32; python_version == "2.7" (from jsonschema==2.5.1)
16:53:37     INFO -    Downloading https://pypi.pvt.build.mozilla.org/pub/functools32-3.2.3-2.tar.gz
16:53:38     INFO -  Building wheels for collected packages: functools32
16:53:38     INFO -    Running setup.py bdist_wheel for functools32: started
16:53:38     INFO -    Running setup.py bdist_wheel for functools32: finished with status 'done'
16:53:38     INFO -    Stored in directory: /home/cltbld/.cache/pip/wheels/60/8e/5c/cd0944700dbec48e57da97dbe11bcc84b1332f6b43bc89d9b7
16:53:38     INFO -  Successfully built functools32
16:53:38     INFO -  Installing collected packages: functools32, jsonschema
16:53:38     INFO -  Successfully installed functools32-3.2.3.post2 jsonschema-2.5.1
16:53:39     INFO - Return code: 0
16:53:39     INFO - Installing functools32==3.2.3-2 into virtualenv /builds/slave/test/build/venv
16:53:39     INFO - retry: Calling run_command with args: [['/builds/slave/test/build/venv/bin/pip', 'install', '--timeout', '120', '--no-index', '--find-links', 'http://pypi.pvt.build.mozilla.org/pub', '--find-links', 'http://pypi.pub.build.mozilla.org/pub', '--trusted-host', 'pypi.pub.build.mozilla.org', '--trusted-host', 'pypi.pvt.build.mozilla.org', 'functools32==3.2.3-2']], kwargs: {'error_level': 'warning', 'error_list': [{'substr': 'not found or a compiler error:', 'level': 'warning'}, {'regex': <_sre.SRE_Pattern object at 0x7fb164d5d110>, 'level': 'error'}, {'regex': <_sre.SRE_Pattern object at 0x7fb164e65e40>, 'level': 'warning'}, {'regex': <_sre.SRE_Pattern object at 0x184e3e0>, 'level': 'debug'}, {'substr': 'command not found', 'level': 'error'}, {'regex': <_sre.SRE_Pattern object at 0x184aa90>, 'level': 'warning'}, {'substr': 'Traceback (most recent call last)', 'level': 'error'}, {'substr': 'SyntaxError: ', 'level': 'error'}, {'substr': 'TypeError: ', 'level': 'error'}, {'substr': 'NameError: ', 'level': 'error'}, {'substr': 'ZeroDivisionError: ', 'level': 'error'}, {'regex': <_sre.SRE_Pattern object at 0x184c3f0>, 'level': 'critical'}, {'regex': <_sre.SRE_Pattern object at 0x184c670>, 'level': 'critical'}], 'cwd': '/builds/slave/test/build', 'env': {'TMOUT': '86400', 'LOGNAME': 'cltbld', 'USER': 'cltbld', 'HOME': '/home/cltbld', 'PATH': '/usr/local/bin:/usr/local/bin:/usr/bin:/bin:/usr/local/games:/usr/games', 'DISPLAY': ':0', 'CCACHE_UMASK': '002', 'LANG': 'en_US.UTF-8', 'TERM': 'linux', 'SHELL': '/bin/bash', 'MOZ_NODE_PATH': '/usr/bin/node', 'XDG_SESSION_COOKIE': '9ca12473fbb1d023794ffd180000023c-1528501943.409407-1961421558', 'SHLVL': '1', 'NO_FAIL_ON_TEST_ERRORS': '1', 'MOZ_NO_REMOTE': '1', 'MOZ_HIDE_RESULTS_TABLE': '1', 'MAIL': '/var/mail/cltbld', '_': '/tools/buildbot/bin/python', 'NODE_PATH': '/usr/lib/nodejs:/usr/lib/node_modules:/usr/share/javascript', 'PWD': '/builds/slave/test', 'PROPERTIES_FILE': '/builds/slave/test/buildprops.json', 'CCACHE_DIR': '/builds/ccache'}}, attempt #1
16:53:39     INFO - Running command: ['/builds/slave/test/build/venv/bin/pip', 'install', '--timeout', '120', '--no-index', '--find-links', 'http://pypi.pvt.build.mozilla.org/pub', '--find-links', 'http://pypi.pub.build.mozilla.org/pub', '--trusted-host', 'pypi.pub.build.mozilla.org', '--trusted-host', 'pypi.pvt.build.mozilla.org', 'functools32==3.2.3-2'] in /builds/slave/test/build
16:53:39     INFO - Copy/paste: /builds/slave/test/build/venv/bin/pip install --timeout 120 --no-index --find-links http://pypi.pvt.build.mozilla.org/pub --find-links http://pypi.pub.build.mozilla.org/pub --trusted-host pypi.pub.build.mozilla.org --trusted-host pypi.pvt.build.mozilla.org functools32==3.2.3-2
16:53:39     INFO - Using env: {'CCACHE_DIR': '/builds/ccache',
16:53:39     INFO -  'CCACHE_UMASK': '002',
16:53:39     INFO -  'DISPLAY': ':0',
16:53:39     INFO -  'HOME': '/home/cltbld',
16:53:39     INFO -  'LANG': 'en_US.UTF-8',
16:53:39     INFO -  'LOGNAME': 'cltbld',
16:53:39     INFO -  'MAIL': '/var/mail/cltbld',
16:53:39     INFO -  'MOZ_HIDE_RESULTS_TABLE': '1',
16:53:39     INFO -  'MOZ_NODE_PATH': '/usr/bin/node',
16:53:39     INFO -  'MOZ_NO_REMOTE': '1',
16:53:39     INFO -  'NODE_PATH': '/usr/lib/nodejs:/usr/lib/node_modules:/usr/share/javascript',
16:53:39     INFO -  'NO_FAIL_ON_TEST_ERRORS': '1',
16:53:39     INFO -  'PATH': '/usr/local/bin:/usr/local/bin:/usr/bin:/bin:/usr/local/games:/usr/games',
16:53:39     INFO -  'PROPERTIES_FILE': '/builds/slave/test/buildprops.json',
16:53:39     INFO -  'PWD': '/builds/slave/test',
16:53:39     INFO -  'SHELL': '/bin/bash',
16:53:39     INFO -  'SHLVL': '1',
16:53:39     INFO -  'TERM': 'linux',
16:53:39     INFO -  'TMOUT': '86400',
16:53:39     INFO -  'USER': 'cltbld',
16:53:39     INFO -  'XDG_SESSION_COOKIE': '9ca12473fbb1d023794ffd180000023c-1528501943.409407-1961421558',
16:53:39     INFO -  '_': '/tools/buildbot/bin/python'}
16:53:39     INFO -  Ignoring indexes: https://pypi.python.org/simple
16:53:39     INFO -  Requirement already satisfied (use --upgrade to upgrade): functools32==3.2.3-2 in ./venv/lib/python2.7/site-packages
16:53:39     INFO - Return code: 0
16:53:39     INFO - Installing blobuploader==1.2.4 into virtualenv /builds/slave/test/build/venv
16:53:40     INFO - retry: Calling run_command with args: [['/builds/slave/test/build/venv/bin/pip', 'install', '--timeout', '120', '--no-index', '--find-links', 'http://pypi.pvt.build.mozilla.org/pub', '--find-links', 'http://pypi.pub.build.mozilla.org/pub', '--trusted-host', 'pypi.pub.build.mozilla.org', '--trusted-host', 'pypi.pvt.build.mozilla.org', 'blobuploader==1.2.4']], kwargs: {'error_level': 'warning', 'error_list': [{'substr': 'not found or a compiler error:', 'level': 'warning'}, {'regex': <_sre.SRE_Pattern object at 0x7fb164d5d110>, 'level': 'error'}, {'regex': <_sre.SRE_Pattern object at 0x7fb164e65e40>, 'level': 'warning'}, {'regex': <_sre.SRE_Pattern object at 0x184e3e0>, 'level': 'debug'}, {'substr': 'command not found', 'level': 'error'}, {'regex': <_sre.SRE_Pattern object at 0x184aa90>, 'level': 'warning'}, {'substr': 'Traceback (most recent call last)', 'level': 'error'}, {'substr': 'SyntaxError: ', 'level': 'error'}, {'substr': 'TypeError: ', 'level': 'error'}, {'substr': 'NameError: ', 'level': 'error'}, {'substr': 'ZeroDivisionError: ', 'level': 'error'}, {'regex': <_sre.SRE_Pattern object at 0x184c3f0>, 'level': 'critical'}, {'regex': <_sre.SRE_Pattern object at 0x184c670>, 'level': 'critical'}], 'cwd': '/builds/slave/test/build', 'env': {'TMOUT': '86400', 'LOGNAME': 'cltbld', 'USER': 'cltbld', 'HOME': '/home/cltbld', 'PATH': '/usr/local/bin:/usr/local/bin:/usr/bin:/bin:/usr/local/games:/usr/games', 'DISPLAY': ':0', 'CCACHE_UMASK': '002', 'LANG': 'en_US.UTF-8', 'TERM': 'linux', 'SHELL': '/bin/bash', 'MOZ_NODE_PATH': '/usr/bin/node', 'XDG_SESSION_COOKIE': '9ca12473fbb1d023794ffd180000023c-1528501943.409407-1961421558', 'SHLVL': '1', 'NO_FAIL_ON_TEST_ERRORS': '1', 'MOZ_NO_REMOTE': '1', 'MOZ_HIDE_RESULTS_TABLE': '1', 'MAIL': '/var/mail/cltbld', '_': '/tools/buildbot/bin/python', 'NODE_PATH': '/usr/lib/nodejs:/usr/lib/node_modules:/usr/share/javascript', 'PWD': '/builds/slave/test', 'PROPERTIES_FILE': '/builds/slave/test/buildprops.json', 'CCACHE_DIR': '/builds/ccache'}}, attempt #1
16:53:40     INFO - Running command: ['/builds/slave/test/build/venv/bin/pip', 'install', '--timeout', '120', '--no-index', '--find-links', 'http://pypi.pvt.build.mozilla.org/pub', '--find-links', 'http://pypi.pub.build.mozilla.org/pub', '--trusted-host', 'pypi.pub.build.mozilla.org', '--trusted-host', 'pypi.pvt.build.mozilla.org', 'blobuploader==1.2.4'] in /builds/slave/test/build
16:53:40     INFO - Copy/paste: /builds/slave/test/build/venv/bin/pip install --timeout 120 --no-index --find-links http://pypi.pvt.build.mozilla.org/pub --find-links http://pypi.pub.build.mozilla.org/pub --trusted-host pypi.pub.build.mozilla.org --trusted-host pypi.pvt.build.mozilla.org blobuploader==1.2.4
16:53:40     INFO - Using env: {'CCACHE_DIR': '/builds/ccache',
16:53:40     INFO -  'CCACHE_UMASK': '002',
16:53:40     INFO -  'DISPLAY': ':0',
16:53:40     INFO -  'HOME': '/home/cltbld',
16:53:40     INFO -  'LANG': 'en_US.UTF-8',
16:53:40     INFO -  'LOGNAME': 'cltbld',
16:53:40     INFO -  'MAIL': '/var/mail/cltbld',
16:53:40     INFO -  'MOZ_HIDE_RESULTS_TABLE': '1',
16:53:40     INFO -  'MOZ_NODE_PATH': '/usr/bin/node',
16:53:40     INFO -  'MOZ_NO_REMOTE': '1',
16:53:40     INFO -  'NODE_PATH': '/usr/lib/nodejs:/usr/lib/node_modules:/usr/share/javascript',
16:53:40     INFO -  'NO_FAIL_ON_TEST_ERRORS': '1',
16:53:40     INFO -  'PATH': '/usr/local/bin:/usr/local/bin:/usr/bin:/bin:/usr/local/games:/usr/games',
16:53:40     INFO -  'PROPERTIES_FILE': '/builds/slave/test/buildprops.json',
16:53:40     INFO -  'PWD': '/builds/slave/test',
16:53:40     INFO -  'SHELL': '/bin/bash',
16:53:40     INFO -  'SHLVL': '1',
16:53:40     INFO -  'TERM': 'linux',
16:53:40     INFO -  'TMOUT': '86400',
16:53:40     INFO -  'USER': 'cltbld',
16:53:40     INFO -  'XDG_SESSION_COOKIE': '9ca12473fbb1d023794ffd180000023c-1528501943.409407-1961421558',
16:53:40     INFO -  '_': '/tools/buildbot/bin/python'}
16:53:40     INFO -  Ignoring indexes: https://pypi.python.org/simple
16:53:40     INFO -  Collecting blobuploader==1.2.4
16:53:40     INFO -  /builds/slave/test/build/venv/lib/python2.7/site-packages/pip/_vendor/requests/packages/urllib3/util/ssl_.py:318: SNIMissingWarning: An HTTPS request has been made, but the SNI (Subject Name Indication) extension to TLS is not available on this platform. This may cause the server to present an incorrect TLS certificate, which can cause validation failures. You can upgrade to a newer version of Python to solve this. For more information, see https://urllib3.readthedocs.org/en/latest/security.html#snimissingwarning.
16:53:40     INFO -    SNIMissingWarning
16:53:40     INFO -  /builds/slave/test/build/venv/lib/python2.7/site-packages/pip/_vendor/requests/packages/urllib3/util/ssl_.py:122: InsecurePlatformWarning: A true SSLContext object is not available. This prevents urllib3 from configuring SSL appropriately and may cause certain SSL connections to fail. You can upgrade to a newer version of Python to solve this. For more information, see https://urllib3.readthedocs.org/en/latest/security.html#insecureplatformwarning.
16:53:40     INFO -    InsecurePlatformWarning
16:53:42     INFO -  /builds/slave/test/build/venv/lib/python2.7/site-packages/pip/_vendor/requests/packages/urllib3/util/ssl_.py:122: InsecurePlatformWarning: A true SSLContext object is not available. This prevents urllib3 from configuring SSL appropriately and may cause certain SSL connections to fail. You can upgrade to a newer version of Python to solve this. For more information, see https://urllib3.readthedocs.org/en/latest/security.html#insecureplatformwarning.
16:53:42     INFO -    InsecurePlatformWarning
16:53:45     INFO -    Downloading https://pypi.pvt.build.mozilla.org/pub/blobuploader-1.2.4.tar.gz
16:53:46     INFO -  Collecting requests==1.2.3. (from blobuploader==1.2.4)
16:53:50     INFO -    Downloading https://pypi.pvt.build.mozilla.org/pub/requests-1.2.3.tar.gz (348kB)
16:53:51     INFO -  Collecting docopt==0.6.1 (from blobuploader==1.2.4)
16:53:55     INFO -    Downloading https://pypi.pvt.build.mozilla.org/pub/docopt-0.6.1.tar.gz
16:53:55     INFO -  Building wheels for collected packages: blobuploader, requests, docopt
16:53:55     INFO -    Running setup.py bdist_wheel for blobuploader: started
16:53:56     INFO -    Running setup.py bdist_wheel for blobuploader: finished with status 'done'
16:53:56     INFO -    Stored in directory: /home/cltbld/.cache/pip/wheels/a7/2a/47/2d3828e4129ffeb548a26f4a87889dc9bc1a58e201a0ff8655
16:53:56     INFO -    Running setup.py bdist_wheel for requests: started
16:53:56     INFO -    Running setup.py bdist_wheel for requests: finished with status 'done'
16:53:56     INFO -    Stored in directory: /home/cltbld/.cache/pip/wheels/65/bb/90/359b65a7043ffc879dde877c4ad827f452218808c6cccf2658
16:53:57     INFO -    Running setup.py bdist_wheel for docopt: started
16:53:57     INFO -    Running setup.py bdist_wheel for docopt: finished with status 'done'
16:53:57     INFO -    Stored in directory: /home/cltbld/.cache/pip/wheels/ac/8b/84/7dbe9ada02c48c352fa733c81648516f92c6436f9d5bffad41
16:53:57     INFO -  Successfully built blobuploader requests docopt
16:53:57     INFO -  Installing collected packages: requests, docopt, blobuploader
16:53:58     INFO -  Successfully installed blobuploader-1.2.4 docopt-0.6.1 requests-1.2.3
16:53:58     INFO - Return code: 0
16:53:58     INFO - Installing None into virtualenv /builds/slave/test/build/venv
16:53:58     INFO - retry: Calling run_command with args: [['/builds/slave/test/build/venv/bin/pip', 'install', '--no-deps', '--timeout', '120', '-r', '/builds/slave/test/build/tests/config/mozbase_requirements.txt', '--no-index', '--find-links', 'http://pypi.pvt.build.mozilla.org/pub', '--find-links', 'http://pypi.pub.build.mozilla.org/pub', '--trusted-host', 'pypi.pub.build.mozilla.org', '--trusted-host', 'pypi.pvt.build.mozilla.org']], kwargs: {'error_level': 'warning', 'error_list': [{'substr': 'not found or a compiler error:', 'level': 'warning'}, {'regex': <_sre.SRE_Pattern object at 0x7fb164d5d110>, 'level': 'error'}, {'regex': <_sre.SRE_Pattern object at 0x7fb164e65e40>, 'level': 'warning'}, {'regex': <_sre.SRE_Pattern object at 0x184e3e0>, 'level': 'debug'}, {'substr': 'command not found', 'level': 'error'}, {'regex': <_sre.SRE_Pattern object at 0x184aa90>, 'level': 'warning'}, {'substr': 'Traceback (most recent call last)', 'level': 'error'}, {'substr': 'SyntaxError: ', 'level': 'error'}, {'substr': 'TypeError: ', 'level': 'error'}, {'substr': 'NameError: ', 'level': 'error'}, {'substr': 'ZeroDivisionError: ', 'level': 'error'}, {'regex': <_sre.SRE_Pattern object at 0x184c3f0>, 'level': 'critical'}, {'regex': <_sre.SRE_Pattern object at 0x184c670>, 'level': 'critical'}], 'cwd': '/builds/slave/test/build/tests/config', 'env': {'TMOUT': '86400', 'LOGNAME': 'cltbld', 'USER': 'cltbld', 'HOME': '/home/cltbld', 'PATH': '/usr/local/bin:/usr/local/bin:/usr/bin:/bin:/usr/local/games:/usr/games', 'DISPLAY': ':0', 'CCACHE_UMASK': '002', 'LANG': 'en_US.UTF-8', 'TERM': 'linux', 'SHELL': '/bin/bash', 'MOZ_NODE_PATH': '/usr/bin/node', 'XDG_SESSION_COOKIE': '9ca12473fbb1d023794ffd180000023c-1528501943.409407-1961421558', 'SHLVL': '1', 'NO_FAIL_ON_TEST_ERRORS': '1', 'MOZ_NO_REMOTE': '1', 'MOZ_HIDE_RESULTS_TABLE': '1', 'MAIL': '/var/mail/cltbld', '_': '/tools/buildbot/bin/python', 'NODE_PATH': '/usr/lib/nodejs:/usr/lib/node_modules:/usr/share/javascript', 'PWD': '/builds/slave/test', 'PROPERTIES_FILE': '/builds/slave/test/buildprops.json', 'CCACHE_DIR': '/builds/ccache'}}, attempt #1
16:53:58     INFO - Running command: ['/builds/slave/test/build/venv/bin/pip', 'install', '--no-deps', '--timeout', '120', '-r', '/builds/slave/test/build/tests/config/mozbase_requirements.txt', '--no-index', '--find-links', 'http://pypi.pvt.build.mozilla.org/pub', '--find-links', 'http://pypi.pub.build.mozilla.org/pub', '--trusted-host', 'pypi.pub.build.mozilla.org', '--trusted-host', 'pypi.pvt.build.mozilla.org'] in /builds/slave/test/build/tests/config
16:53:58     INFO - Copy/paste: /builds/slave/test/build/venv/bin/pip install --no-deps --timeout 120 -r /builds/slave/test/build/tests/config/mozbase_requirements.txt --no-index --find-links http://pypi.pvt.build.mozilla.org/pub --find-links http://pypi.pub.build.mozilla.org/pub --trusted-host pypi.pub.build.mozilla.org --trusted-host pypi.pvt.build.mozilla.org
16:53:58     INFO - Using env: {'CCACHE_DIR': '/builds/ccache',
16:53:58     INFO -  'CCACHE_UMASK': '002',
16:53:58     INFO -  'DISPLAY': ':0',
16:53:58     INFO -  'HOME': '/home/cltbld',
16:53:58     INFO -  'LANG': 'en_US.UTF-8',
16:53:58     INFO -  'LOGNAME': 'cltbld',
16:53:58     INFO -  'MAIL': '/var/mail/cltbld',
16:53:58     INFO -  'MOZ_HIDE_RESULTS_TABLE': '1',
16:53:58     INFO -  'MOZ_NODE_PATH': '/usr/bin/node',
16:53:58     INFO -  'MOZ_NO_REMOTE': '1',
16:53:58     INFO -  'NODE_PATH': '/usr/lib/nodejs:/usr/lib/node_modules:/usr/share/javascript',
16:53:58     INFO -  'NO_FAIL_ON_TEST_ERRORS': '1',
16:53:58     INFO -  'PATH': '/usr/local/bin:/usr/local/bin:/usr/bin:/bin:/usr/local/games:/usr/games',
16:53:58     INFO -  'PROPERTIES_FILE': '/builds/slave/test/buildprops.json',
16:53:58     INFO -  'PWD': '/builds/slave/test',
16:53:58     INFO -  'SHELL': '/bin/bash',
16:53:58     INFO -  'SHLVL': '1',
16:53:58     INFO -  'TERM': 'linux',
16:53:58     INFO -  'TMOUT': '86400',
16:53:58     INFO -  'USER': 'cltbld',
16:53:58     INFO -  'XDG_SESSION_COOKIE': '9ca12473fbb1d023794ffd180000023c-1528501943.409407-1961421558',
16:53:58     INFO -  '_': '/tools/buildbot/bin/python'}
16:53:59     INFO -  Ignoring indexes: https://pypi.python.org/simple
16:53:59     INFO -  Processing /builds/slave/test/build/tests/mozbase/manifestparser
16:53:59     INFO -  Processing /builds/slave/test/build/tests/mozbase/mozcrash
16:53:59     INFO -  Processing /builds/slave/test/build/tests/mozbase/mozdebug
16:54:00     INFO -  Processing /builds/slave/test/build/tests/mozbase/mozdevice
16:54:00     INFO -  Processing /builds/slave/test/build/tests/mozbase/mozfile
16:54:01     INFO -  Processing /builds/slave/test/build/tests/mozbase/mozhttpd
16:54:01     INFO -  Processing /builds/slave/test/build/tests/mozbase/mozinfo
16:54:01     INFO -  Processing /builds/slave/test/build/tests/mozbase/mozinstall
16:54:02     INFO -  Processing /builds/slave/test/build/tests/mozbase/mozleak
16:54:02     INFO -  Processing /builds/slave/test/build/tests/mozbase/mozlog
16:54:02     INFO -  Processing /builds/slave/test/build/tests/mozbase/moznetwork
16:54:03     INFO -  Processing /builds/slave/test/build/tests/mozbase/mozprocess
16:54:03     INFO -  Processing /builds/slave/test/build/tests/mozbase/mozprofile
16:54:03     INFO -  Processing /builds/slave/test/build/tests/mozbase/mozrunner
16:54:04     INFO -  Processing /builds/slave/test/build/tests/mozbase/mozscreenshot
16:54:04     INFO -  Processing /builds/slave/test/build/tests/mozbase/moztest
16:54:04     INFO -  Processing /builds/slave/test/build/tests/mozbase/mozversion
16:54:05     INFO -  Installing collected packages: manifestparser, mozcrash, mozdebug, mozdevice, mozfile, mozhttpd, mozinfo, mozInstall, mozleak, mozlog, moznetwork, mozprocess, mozprofile, mozrunner, mozscreenshot, moztest, mozversion
16:54:05     INFO -    Running setup.py install for manifestparser: started
16:54:05     INFO -      Running setup.py install for manifestparser: finished with status 'done'
16:54:05     INFO -    Running setup.py install for mozcrash: started
16:54:06     INFO -      Running setup.py install for mozcrash: finished with status 'done'
16:54:06     INFO -    Running setup.py install for mozdebug: started
16:54:06     INFO -      Running setup.py install for mozdebug: finished with status 'done'
16:54:06     INFO -    Running setup.py install for mozdevice: started
16:54:07     INFO -      Running setup.py install for mozdevice: finished with status 'done'
16:54:07     INFO -    Running setup.py install for mozfile: started
16:54:07     INFO -      Running setup.py install for mozfile: finished with status 'done'
16:54:07     INFO -    Running setup.py install for mozhttpd: started
16:54:07     INFO -      Running setup.py install for mozhttpd: finished with status 'done'
16:54:07     INFO -    Running setup.py install for mozinfo: started
16:54:08     INFO -      Running setup.py install for mozinfo: finished with status 'done'
16:54:08     INFO -    Running setup.py install for mozInstall: started
16:54:08     INFO -      Running setup.py install for mozInstall: finished with status 'done'
16:54:08     INFO -    Running setup.py install for mozleak: started
16:54:09     INFO -      Running setup.py install for mozleak: finished with status 'done'
16:54:09     INFO -    Running setup.py install for mozlog: started
16:54:09     INFO -      Running setup.py install for mozlog: finished with status 'done'
16:54:09     INFO -    Running setup.py install for moznetwork: started
16:54:10     INFO -      Running setup.py install for moznetwork: finished with status 'done'
16:54:10     INFO -    Running setup.py install for mozprocess: started
16:54:10     INFO -      Running setup.py install for mozprocess: finished with status 'done'
16:54:10     INFO -    Running setup.py install for mozprofile: started
16:54:10     INFO -      Running setup.py install for mozprofile: finished with status 'done'
16:54:10     INFO -    Running setup.py install for mozrunner: started
16:54:11     INFO -      Running setup.py install for mozrunner: finished with status 'done'
16:54:11     INFO -    Running setup.py install for mozscreenshot: started
16:54:11     INFO -      Running setup.py install for mozscreenshot: finished with status 'done'
16:54:11     INFO -    Running setup.py install for moztest: started
16:54:12     INFO -      Running setup.py install for moztest: finished with status 'done'
16:54:12     INFO -    Running setup.py install for mozversion: started
16:54:12     INFO -      Running setup.py install for mozversion: finished with status 'done'
16:54:13     INFO -  Successfully installed manifestparser-1.1 mozInstall-1.12 mozcrash-1.0 mozdebug-0.1 mozdevice-0.48 mozfile-1.2 mozhttpd-0.7 mozinfo-0.9 mozleak-0.1 mozlog-3.4 moznetwork-0.27 mozprocess-0.23 mozprofile-0.28 mozrunner-6.13 mozscreenshot-0.1 moztest-0.8 mozversion-1.4
16:54:13     INFO - Return code: 0
16:54:13     INFO - Installing None into virtualenv /builds/slave/test/build/venv
16:54:13     INFO - retry: Calling run_command with args: [['/builds/slave/test/build/venv/bin/pip', 'install', '--timeout', '120', '-r', '/builds/slave/test/build/tests/config/mozbase_requirements.txt', '--no-index', '--find-links', 'http://pypi.pvt.build.mozilla.org/pub', '--find-links', 'http://pypi.pub.build.mozilla.org/pub', '--trusted-host', 'pypi.pub.build.mozilla.org', '--trusted-host', 'pypi.pvt.build.mozilla.org']], kwargs: {'error_level': 'warning', 'error_list': [{'substr': 'not found or a compiler error:', 'level': 'warning'}, {'regex': <_sre.SRE_Pattern object at 0x7fb164d5d110>, 'level': 'error'}, {'regex': <_sre.SRE_Pattern object at 0x7fb164e65e40>, 'level': 'warning'}, {'regex': <_sre.SRE_Pattern object at 0x184e3e0>, 'level': 'debug'}, {'substr': 'command not found', 'level': 'error'}, {'regex': <_sre.SRE_Pattern object at 0x184aa90>, 'level': 'warning'}, {'substr': 'Traceback (most recent call last)', 'level': 'error'}, {'substr': 'SyntaxError: ', 'level': 'error'}, {'substr': 'TypeError: ', 'level': 'error'}, {'substr': 'NameError: ', 'level': 'error'}, {'substr': 'ZeroDivisionError: ', 'level': 'error'}, {'regex': <_sre.SRE_Pattern object at 0x184c3f0>, 'level': 'critical'}, {'regex': <_sre.SRE_Pattern object at 0x184c670>, 'level': 'critical'}], 'cwd': '/builds/slave/test/build/tests/config', 'env': {'TMOUT': '86400', 'LOGNAME': 'cltbld', 'USER': 'cltbld', 'HOME': '/home/cltbld', 'PATH': '/usr/local/bin:/usr/local/bin:/usr/bin:/bin:/usr/local/games:/usr/games', 'DISPLAY': ':0', 'CCACHE_UMASK': '002', 'LANG': 'en_US.UTF-8', 'TERM': 'linux', 'SHELL': '/bin/bash', 'MOZ_NODE_PATH': '/usr/bin/node', 'XDG_SESSION_COOKIE': '9ca12473fbb1d023794ffd180000023c-1528501943.409407-1961421558', 'SHLVL': '1', 'NO_FAIL_ON_TEST_ERRORS': '1', 'MOZ_NO_REMOTE': '1', 'MOZ_HIDE_RESULTS_TABLE': '1', 'MAIL': '/var/mail/cltbld', '_': '/tools/buildbot/bin/python', 'NODE_PATH': '/usr/lib/nodejs:/usr/lib/node_modules:/usr/share/javascript', 'PWD': '/builds/slave/test', 'PROPERTIES_FILE': '/builds/slave/test/buildprops.json', 'CCACHE_DIR': '/builds/ccache'}}, attempt #1
16:54:13     INFO - Running command: ['/builds/slave/test/build/venv/bin/pip', 'install', '--timeout', '120', '-r', '/builds/slave/test/build/tests/config/mozbase_requirements.txt', '--no-index', '--find-links', 'http://pypi.pvt.build.mozilla.org/pub', '--find-links', 'http://pypi.pub.build.mozilla.org/pub', '--trusted-host', 'pypi.pub.build.mozilla.org', '--trusted-host', 'pypi.pvt.build.mozilla.org'] in /builds/slave/test/build/tests/config
16:54:13     INFO - Copy/paste: /builds/slave/test/build/venv/bin/pip install --timeout 120 -r /builds/slave/test/build/tests/config/mozbase_requirements.txt --no-index --find-links http://pypi.pvt.build.mozilla.org/pub --find-links http://pypi.pub.build.mozilla.org/pub --trusted-host pypi.pub.build.mozilla.org --trusted-host pypi.pvt.build.mozilla.org
16:54:13     INFO - Using env: {'CCACHE_DIR': '/builds/ccache',
16:54:13     INFO -  'CCACHE_UMASK': '002',
16:54:13     INFO -  'DISPLAY': ':0',
16:54:13     INFO -  'HOME': '/home/cltbld',
16:54:13     INFO -  'LANG': 'en_US.UTF-8',
16:54:13     INFO -  'LOGNAME': 'cltbld',
16:54:13     INFO -  'MAIL': '/var/mail/cltbld',
16:54:13     INFO -  'MOZ_HIDE_RESULTS_TABLE': '1',
16:54:13     INFO -  'MOZ_NODE_PATH': '/usr/bin/node',
16:54:13     INFO -  'MOZ_NO_REMOTE': '1',
16:54:13     INFO -  'NODE_PATH': '/usr/lib/nodejs:/usr/lib/node_modules:/usr/share/javascript',
16:54:13     INFO -  'NO_FAIL_ON_TEST_ERRORS': '1',
16:54:13     INFO -  'PATH': '/usr/local/bin:/usr/local/bin:/usr/bin:/bin:/usr/local/games:/usr/games',
16:54:13     INFO -  'PROPERTIES_FILE': '/builds/slave/test/buildprops.json',
16:54:13     INFO -  'PWD': '/builds/slave/test',
16:54:13     INFO -  'SHELL': '/bin/bash',
16:54:13     INFO -  'SHLVL': '1',
16:54:13     INFO -  'TERM': 'linux',
16:54:13     INFO -  'TMOUT': '86400',
16:54:13     INFO -  'USER': 'cltbld',
16:54:13     INFO -  'XDG_SESSION_COOKIE': '9ca12473fbb1d023794ffd180000023c-1528501943.409407-1961421558',
16:54:13     INFO -  '_': '/tools/buildbot/bin/python'}
16:54:14     INFO -  Ignoring indexes: https://pypi.python.org/simple
16:54:14     INFO -  Processing /builds/slave/test/build/tests/mozbase/manifestparser
16:54:14     INFO -    Requirement already satisfied (use --upgrade to upgrade): manifestparser==1.1 from file:///builds/slave/test/build/tests/mozbase/manifestparser in /builds/slave/test/build/venv/lib/python2.7/site-packages (from -r /builds/slave/test/build/tests/config/mozbase_requirements.txt (line 1))
16:54:14     INFO -  Processing /builds/slave/test/build/tests/mozbase/mozcrash
16:54:15     INFO -    Requirement already satisfied (use --upgrade to upgrade): mozcrash==1.0 from file:///builds/slave/test/build/tests/mozbase/mozcrash in /builds/slave/test/build/venv/lib/python2.7/site-packages (from -r /builds/slave/test/build/tests/config/mozbase_requirements.txt (line 2))
16:54:15     INFO -  Processing /builds/slave/test/build/tests/mozbase/mozdebug
16:54:15     INFO -    Requirement already satisfied (use --upgrade to upgrade): mozdebug==0.1 from file:///builds/slave/test/build/tests/mozbase/mozdebug in /builds/slave/test/build/venv/lib/python2.7/site-packages (from -r /builds/slave/test/build/tests/config/mozbase_requirements.txt (line 3))
16:54:15     INFO -  Processing /builds/slave/test/build/tests/mozbase/mozdevice
16:54:15     INFO -    Requirement already satisfied (use --upgrade to upgrade): mozdevice==0.48 from file:///builds/slave/test/build/tests/mozbase/mozdevice in /builds/slave/test/build/venv/lib/python2.7/site-packages (from -r /builds/slave/test/build/tests/config/mozbase_requirements.txt (line 4))
16:54:15     INFO -  Processing /builds/slave/test/build/tests/mozbase/mozfile
16:54:16     INFO -    Requirement already satisfied (use --upgrade to upgrade): mozfile==1.2 from file:///builds/slave/test/build/tests/mozbase/mozfile in /builds/slave/test/build/venv/lib/python2.7/site-packages (from -r /builds/slave/test/build/tests/config/mozbase_requirements.txt (line 5))
16:54:16     INFO -  Processing /builds/slave/test/build/tests/mozbase/mozhttpd
16:54:16     INFO -    Requirement already satisfied (use --upgrade to upgrade): mozhttpd==0.7 from file:///builds/slave/test/build/tests/mozbase/mozhttpd in /builds/slave/test/build/venv/lib/python2.7/site-packages (from -r /builds/slave/test/build/tests/config/mozbase_requirements.txt (line 6))
16:54:16     INFO -  Processing /builds/slave/test/build/tests/mozbase/mozinfo
16:54:17     INFO -    Requirement already satisfied (use --upgrade to upgrade): mozinfo==0.9 from file:///builds/slave/test/build/tests/mozbase/mozinfo in /builds/slave/test/build/venv/lib/python2.7/site-packages (from -r /builds/slave/test/build/tests/config/mozbase_requirements.txt (line 7))
16:54:17     INFO -  Processing /builds/slave/test/build/tests/mozbase/mozinstall
16:54:17     INFO -    Requirement already satisfied (use --upgrade to upgrade): mozInstall==1.12 from file:///builds/slave/test/build/tests/mozbase/mozinstall in /builds/slave/test/build/venv/lib/python2.7/site-packages (from -r /builds/slave/test/build/tests/config/mozbase_requirements.txt (line 8))
16:54:17     INFO -  Processing /builds/slave/test/build/tests/mozbase/mozleak
16:54:17     INFO -    Requirement already satisfied (use --upgrade to upgrade): mozleak==0.1 from file:///builds/slave/test/build/tests/mozbase/mozleak in /builds/slave/test/build/venv/lib/python2.7/site-packages (from -r /builds/slave/test/build/tests/config/mozbase_requirements.txt (line 9))
16:54:17     INFO -  Processing /builds/slave/test/build/tests/mozbase/mozlog
16:54:18     INFO -    Requirement already satisfied (use --upgrade to upgrade): mozlog==3.4 from file:///builds/slave/test/build/tests/mozbase/mozlog in /builds/slave/test/build/venv/lib/python2.7/site-packages (from -r /builds/slave/test/build/tests/config/mozbase_requirements.txt (line 10))
16:54:18     INFO -  Processing /builds/slave/test/build/tests/mozbase/moznetwork
16:54:18     INFO -    Requirement already satisfied (use --upgrade to upgrade): moznetwork==0.27 from file:///builds/slave/test/build/tests/mozbase/moznetwork in /builds/slave/test/build/venv/lib/python2.7/site-packages (from -r /builds/slave/test/build/tests/config/mozbase_requirements.txt (line 11))
16:54:18     INFO -  Processing /builds/slave/test/build/tests/mozbase/mozprocess
16:54:18     INFO -    Requirement already satisfied (use --upgrade to upgrade): mozprocess==0.23 from file:///builds/slave/test/build/tests/mozbase/mozprocess in /builds/slave/test/build/venv/lib/python2.7/site-packages (from -r /builds/slave/test/build/tests/config/mozbase_requirements.txt (line 12))
16:54:18     INFO -  Processing /builds/slave/test/build/tests/mozbase/mozprofile
16:54:19     INFO -    Requirement already satisfied (use --upgrade to upgrade): mozprofile==0.28 from file:///builds/slave/test/build/tests/mozbase/mozprofile in /builds/slave/test/build/venv/lib/python2.7/site-packages (from -r /builds/slave/test/build/tests/config/mozbase_requirements.txt (line 13))
16:54:19     INFO -  Processing /builds/slave/test/build/tests/mozbase/mozrunner
16:54:19     INFO -    Requirement already satisfied (use --upgrade to upgrade): mozrunner==6.13 from file:///builds/slave/test/build/tests/mozbase/mozrunner in /builds/slave/test/build/venv/lib/python2.7/site-packages (from -r /builds/slave/test/build/tests/config/mozbase_requirements.txt (line 14))
16:54:19     INFO -  Processing /builds/slave/test/build/tests/mozbase/mozscreenshot
16:54:20     INFO -    Requirement already satisfied (use --upgrade to upgrade): mozscreenshot==0.1 from file:///builds/slave/test/build/tests/mozbase/mozscreenshot in /builds/slave/test/build/venv/lib/python2.7/site-packages (from -r /builds/slave/test/build/tests/config/mozbase_requirements.txt (line 15))
16:54:20     INFO -  Processing /builds/slave/test/build/tests/mozbase/moztest
16:54:20     INFO -    Requirement already satisfied (use --upgrade to upgrade): moztest==0.8 from file:///builds/slave/test/build/tests/mozbase/moztest in /builds/slave/test/build/venv/lib/python2.7/site-packages (from -r /builds/slave/test/build/tests/config/mozbase_requirements.txt (line 16))
16:54:20     INFO -  Processing /builds/slave/test/build/tests/mozbase/mozversion
16:54:20     INFO -    Requirement already satisfied (use --upgrade to upgrade): mozversion==1.4 from file:///builds/slave/test/build/tests/mozbase/mozversion in /builds/slave/test/build/venv/lib/python2.7/site-packages (from -r /builds/slave/test/build/tests/config/mozbase_requirements.txt (line 17))
16:54:20     INFO -  Requirement already satisfied (use --upgrade to upgrade): mozfile>=1.0 in /builds/slave/test/build/venv/lib/python2.7/site-packages (from mozcrash==1.0->-r /builds/slave/test/build/tests/config/mozbase_requirements.txt (line 2))
16:54:20     INFO -  Requirement already satisfied (use --upgrade to upgrade): mozlog>=3.0 in /builds/slave/test/build/venv/lib/python2.7/site-packages (from mozcrash==1.0->-r /builds/slave/test/build/tests/config/mozbase_requirements.txt (line 2))
16:54:20     INFO -  Requirement already satisfied (use --upgrade to upgrade): mozinfo in /builds/slave/test/build/venv/lib/python2.7/site-packages (from mozdebug==0.1->-r /builds/slave/test/build/tests/config/mozbase_requirements.txt (line 3))
16:54:20     INFO -  Requirement already satisfied (use --upgrade to upgrade): moznetwork>=0.24 in /builds/slave/test/build/venv/lib/python2.7/site-packages (from mozdevice==0.48->-r /builds/slave/test/build/tests/config/mozbase_requirements.txt (line 4))
16:54:20     INFO -  Requirement already satisfied (use --upgrade to upgrade): mozprocess>=0.19 in /builds/slave/test/build/venv/lib/python2.7/site-packages (from mozdevice==0.48->-r /builds/slave/test/build/tests/config/mozbase_requirements.txt (line 4))
16:54:20     INFO -  Collecting blessings>=1.3 (from mozlog==3.4->-r /builds/slave/test/build/tests/config/mozbase_requirements.txt (line 10))
16:54:21     INFO -  /builds/slave/test/build/venv/lib/python2.7/site-packages/pip/_vendor/requests/packages/urllib3/util/ssl_.py:318: SNIMissingWarning: An HTTPS request has been made, but the SNI (Subject Name Indication) extension to TLS is not available on this platform. This may cause the server to present an incorrect TLS certificate, which can cause validation failures. You can upgrade to a newer version of Python to solve this. For more information, see https://urllib3.readthedocs.org/en/latest/security.html#snimissingwarning.
16:54:21     INFO -    SNIMissingWarning
16:54:21     INFO -  /builds/slave/test/build/venv/lib/python2.7/site-packages/pip/_vendor/requests/packages/urllib3/util/ssl_.py:122: InsecurePlatformWarning: A true SSLContext object is not available. This prevents urllib3 from configuring SSL appropriately and may cause certain SSL connections to fail. You can upgrade to a newer version of Python to solve this. For more information, see https://urllib3.readthedocs.org/en/latest/security.html#insecureplatformwarning.
16:54:21     INFO -    InsecurePlatformWarning
16:54:22     INFO -  /builds/slave/test/build/venv/lib/python2.7/site-packages/pip/_vendor/requests/packages/urllib3/util/ssl_.py:122: InsecurePlatformWarning: A true SSLContext object is not available. This prevents urllib3 from configuring SSL appropriately and may cause certain SSL connections to fail. You can upgrade to a newer version of Python to solve this. For more information, see https://urllib3.readthedocs.org/en/latest/security.html#insecureplatformwarning.
16:54:22     INFO -    InsecurePlatformWarning
16:54:25     INFO -    Downloading https://pypi.pvt.build.mozilla.org/pub/blessings-1.6.tar.gz
16:54:26     INFO -  Building wheels for collected packages: blessings
16:54:26     INFO -    Running setup.py bdist_wheel for blessings: started
16:54:26     INFO -    Running setup.py bdist_wheel for blessings: finished with status 'done'
16:54:26     INFO -    Stored in directory: /home/cltbld/.cache/pip/wheels/fb/37/ae/c6b15ed5da2ead5847df54c8319487050d4dcc950c9795eae9
16:54:26     INFO -  Successfully built blessings
16:54:26     INFO -  Installing collected packages: blessings
16:54:26     INFO -  Successfully installed blessings-1.6
16:54:26     INFO - Return code: 0
16:54:26     INFO - Installing pip>=1.5 into virtualenv /builds/slave/test/build/venv
16:54:27     INFO - retry: Calling run_command with args: [['/builds/slave/test/build/venv/bin/pip', 'install', '--timeout', '120', '--no-index', '--find-links', 'http://pypi.pvt.build.mozilla.org/pub', '--find-links', 'http://pypi.pub.build.mozilla.org/pub', '--trusted-host', 'pypi.pub.build.mozilla.org', '--trusted-host', 'pypi.pvt.build.mozilla.org', 'pip>=1.5']], kwargs: {'error_level': 'warning', 'error_list': [{'substr': 'not found or a compiler error:', 'level': 'warning'}, {'regex': <_sre.SRE_Pattern object at 0x7fb164d5d110>, 'level': 'error'}, {'regex': <_sre.SRE_Pattern object at 0x7fb164e65e40>, 'level': 'warning'}, {'regex': <_sre.SRE_Pattern object at 0x184e3e0>, 'level': 'debug'}, {'substr': 'command not found', 'level': 'error'}, {'regex': <_sre.SRE_Pattern object at 0x184aa90>, 'level': 'warning'}, {'substr': 'Traceback (most recent call last)', 'level': 'error'}, {'substr': 'SyntaxError: ', 'level': 'error'}, {'substr': 'TypeError: ', 'level': 'error'}, {'substr': 'NameError: ', 'level': 'error'}, {'substr': 'ZeroDivisionError: ', 'level': 'error'}, {'regex': <_sre.SRE_Pattern object at 0x184c3f0>, 'level': 'critical'}, {'regex': <_sre.SRE_Pattern object at 0x184c670>, 'level': 'critical'}], 'cwd': '/builds/slave/test/build', 'env': {'TMOUT': '86400', 'LOGNAME': 'cltbld', 'USER': 'cltbld', 'HOME': '/home/cltbld', 'PATH': '/usr/local/bin:/usr/local/bin:/usr/bin:/bin:/usr/local/games:/usr/games', 'DISPLAY': ':0', 'CCACHE_UMASK': '002', 'LANG': 'en_US.UTF-8', 'TERM': 'linux', 'SHELL': '/bin/bash', 'MOZ_NODE_PATH': '/usr/bin/node', 'XDG_SESSION_COOKIE': '9ca12473fbb1d023794ffd180000023c-1528501943.409407-1961421558', 'SHLVL': '1', 'NO_FAIL_ON_TEST_ERRORS': '1', 'MOZ_NO_REMOTE': '1', 'MOZ_HIDE_RESULTS_TABLE': '1', 'MAIL': '/var/mail/cltbld', '_': '/tools/buildbot/bin/python', 'NODE_PATH': '/usr/lib/nodejs:/usr/lib/node_modules:/usr/share/javascript', 'PWD': '/builds/slave/test', 'PROPERTIES_FILE': '/builds/slave/test/buildprops.json', 'CCACHE_DIR': '/builds/ccache'}}, attempt #1
16:54:27     INFO - Running command: ['/builds/slave/test/build/venv/bin/pip', 'install', '--timeout', '120', '--no-index', '--find-links', 'http://pypi.pvt.build.mozilla.org/pub', '--find-links', 'http://pypi.pub.build.mozilla.org/pub', '--trusted-host', 'pypi.pub.build.mozilla.org', '--trusted-host', 'pypi.pvt.build.mozilla.org', 'pip>=1.5'] in /builds/slave/test/build
16:54:27     INFO - Copy/paste: /builds/slave/test/build/venv/bin/pip install --timeout 120 --no-index --find-links http://pypi.pvt.build.mozilla.org/pub --find-links http://pypi.pub.build.mozilla.org/pub --trusted-host pypi.pub.build.mozilla.org --trusted-host pypi.pvt.build.mozilla.org pip>=1.5
16:54:27     INFO - Using env: {'CCACHE_DIR': '/builds/ccache',
16:54:27     INFO -  'CCACHE_UMASK': '002',
16:54:27     INFO -  'DISPLAY': ':0',
16:54:27     INFO -  'HOME': '/home/cltbld',
16:54:27     INFO -  'LANG': 'en_US.UTF-8',
16:54:27     INFO -  'LOGNAME': 'cltbld',
16:54:27     INFO -  'MAIL': '/var/mail/cltbld',
16:54:27     INFO -  'MOZ_HIDE_RESULTS_TABLE': '1',
16:54:27     INFO -  'MOZ_NODE_PATH': '/usr/bin/node',
16:54:27     INFO -  'MOZ_NO_REMOTE': '1',
16:54:27     INFO -  'NODE_PATH': '/usr/lib/nodejs:/usr/lib/node_modules:/usr/share/javascript',
16:54:27     INFO -  'NO_FAIL_ON_TEST_ERRORS': '1',
16:54:27     INFO -  'PATH': '/usr/local/bin:/usr/local/bin:/usr/bin:/bin:/usr/local/games:/usr/games',
16:54:27     INFO -  'PROPERTIES_FILE': '/builds/slave/test/buildprops.json',
16:54:27     INFO -  'PWD': '/builds/slave/test',
16:54:27     INFO -  'SHELL': '/bin/bash',
16:54:27     INFO -  'SHLVL': '1',
16:54:27     INFO -  'TERM': 'linux',
16:54:27     INFO -  'TMOUT': '86400',
16:54:27     INFO -  'USER': 'cltbld',
16:54:27     INFO -  'XDG_SESSION_COOKIE': '9ca12473fbb1d023794ffd180000023c-1528501943.409407-1961421558',
16:54:27     INFO -  '_': '/tools/buildbot/bin/python'}
16:54:27     INFO -  Ignoring indexes: https://pypi.python.org/simple
16:54:27     INFO -  Requirement already satisfied (use --upgrade to upgrade): pip>=1.5 in ./venv/lib/python2.7/site-packages
16:54:27     INFO - Return code: 0
16:54:27     INFO - Installing psutil==3.1.1 into virtualenv /builds/slave/test/build/venv
16:54:27     INFO - retry: Calling run_command with args: [['/builds/slave/test/build/venv/bin/pip', 'install', '--timeout', '120', '--no-index', '--find-links', 'http://pypi.pvt.build.mozilla.org/pub', '--find-links', 'http://pypi.pub.build.mozilla.org/pub', '--trusted-host', 'pypi.pub.build.mozilla.org', '--trusted-host', 'pypi.pvt.build.mozilla.org', 'psutil==3.1.1']], kwargs: {'error_level': 'warning', 'error_list': [{'substr': 'not found or a compiler error:', 'level': 'warning'}, {'regex': <_sre.SRE_Pattern object at 0x7fb164d5d110>, 'level': 'error'}, {'regex': <_sre.SRE_Pattern object at 0x7fb164e65e40>, 'level': 'warning'}, {'regex': <_sre.SRE_Pattern object at 0x184e3e0>, 'level': 'debug'}, {'substr': 'command not found', 'level': 'error'}, {'regex': <_sre.SRE_Pattern object at 0x184aa90>, 'level': 'warning'}, {'substr': 'Traceback (most recent call last)', 'level': 'error'}, {'substr': 'SyntaxError: ', 'level': 'error'}, {'substr': 'TypeError: ', 'level': 'error'}, {'substr': 'NameError: ', 'level': 'error'}, {'substr': 'ZeroDivisionError: ', 'level': 'error'}, {'regex': <_sre.SRE_Pattern object at 0x184c3f0>, 'level': 'critical'}, {'regex': <_sre.SRE_Pattern object at 0x184c670>, 'level': 'critical'}], 'cwd': '/builds/slave/test/build', 'env': {'TMOUT': '86400', 'LOGNAME': 'cltbld', 'USER': 'cltbld', 'HOME': '/home/cltbld', 'PATH': '/usr/local/bin:/usr/local/bin:/usr/bin:/bin:/usr/local/games:/usr/games', 'DISPLAY': ':0', 'CCACHE_UMASK': '002', 'LANG': 'en_US.UTF-8', 'TERM': 'linux', 'SHELL': '/bin/bash', 'MOZ_NODE_PATH': '/usr/bin/node', 'XDG_SESSION_COOKIE': '9ca12473fbb1d023794ffd180000023c-1528501943.409407-1961421558', 'SHLVL': '1', 'NO_FAIL_ON_TEST_ERRORS': '1', 'MOZ_NO_REMOTE': '1', 'MOZ_HIDE_RESULTS_TABLE': '1', 'MAIL': '/var/mail/cltbld', '_': '/tools/buildbot/bin/python', 'NODE_PATH': '/usr/lib/nodejs:/usr/lib/node_modules:/usr/share/javascript', 'PWD': '/builds/slave/test', 'PROPERTIES_FILE': '/builds/slave/test/buildprops.json', 'CCACHE_DIR': '/builds/ccache'}}, attempt #1
16:54:27     INFO - Running command: ['/builds/slave/test/build/venv/bin/pip', 'install', '--timeout', '120', '--no-index', '--find-links', 'http://pypi.pvt.build.mozilla.org/pub', '--find-links', 'http://pypi.pub.build.mozilla.org/pub', '--trusted-host', 'pypi.pub.build.mozilla.org', '--trusted-host', 'pypi.pvt.build.mozilla.org', 'psutil==3.1.1'] in /builds/slave/test/build
16:54:27     INFO - Copy/paste: /builds/slave/test/build/venv/bin/pip install --timeout 120 --no-index --find-links http://pypi.pvt.build.mozilla.org/pub --find-links http://pypi.pub.build.mozilla.org/pub --trusted-host pypi.pub.build.mozilla.org --trusted-host pypi.pvt.build.mozilla.org psutil==3.1.1
16:54:27     INFO - Using env: {'CCACHE_DIR': '/builds/ccache',
16:54:27     INFO -  'CCACHE_UMASK': '002',
16:54:27     INFO -  'DISPLAY': ':0',
16:54:27     INFO -  'HOME': '/home/cltbld',
16:54:27     INFO -  'LANG': 'en_US.UTF-8',
16:54:27     INFO -  'LOGNAME': 'cltbld',
16:54:27     INFO -  'MAIL': '/var/mail/cltbld',
16:54:27     INFO -  'MOZ_HIDE_RESULTS_TABLE': '1',
16:54:27     INFO -  'MOZ_NODE_PATH': '/usr/bin/node',
16:54:27     INFO -  'MOZ_NO_REMOTE': '1',
16:54:27     INFO -  'NODE_PATH': '/usr/lib/nodejs:/usr/lib/node_modules:/usr/share/javascript',
16:54:27     INFO -  'NO_FAIL_ON_TEST_ERRORS': '1',
16:54:27     INFO -  'PATH': '/usr/local/bin:/usr/local/bin:/usr/bin:/bin:/usr/local/games:/usr/games',
16:54:27     INFO -  'PROPERTIES_FILE': '/builds/slave/test/buildprops.json',
16:54:27     INFO -  'PWD': '/builds/slave/test',
16:54:27     INFO -  'SHELL': '/bin/bash',
16:54:27     INFO -  'SHLVL': '1',
16:54:27     INFO -  'TERM': 'linux',
16:54:27     INFO -  'TMOUT': '86400',
16:54:27     INFO -  'USER': 'cltbld',
16:54:27     INFO -  'XDG_SESSION_COOKIE': '9ca12473fbb1d023794ffd180000023c-1528501943.409407-1961421558',
16:54:27     INFO -  '_': '/tools/buildbot/bin/python'}
16:54:28     INFO -  Ignoring indexes: https://pypi.python.org/simple
16:54:28     INFO -  Collecting psutil==3.1.1
16:54:28     INFO -  /builds/slave/test/build/venv/lib/python2.7/site-packages/pip/_vendor/requests/packages/urllib3/util/ssl_.py:318: SNIMissingWarning: An HTTPS request has been made, but the SNI (Subject Name Indication) extension to TLS is not available on this platform. This may cause the server to present an incorrect TLS certificate, which can cause validation failures. You can upgrade to a newer version of Python to solve this. For more information, see https://urllib3.readthedocs.org/en/latest/security.html#snimissingwarning.
16:54:28     INFO -    SNIMissingWarning
16:54:28     INFO -  /builds/slave/test/build/venv/lib/python2.7/site-packages/pip/_vendor/requests/packages/urllib3/util/ssl_.py:122: InsecurePlatformWarning: A true SSLContext object is not available. This prevents urllib3 from configuring SSL appropriately and may cause certain SSL connections to fail. You can upgrade to a newer version of Python to solve this. For more information, see https://urllib3.readthedocs.org/en/latest/security.html#insecureplatformwarning.
16:54:28     INFO -    InsecurePlatformWarning
16:54:30     INFO -  /builds/slave/test/build/venv/lib/python2.7/site-packages/pip/_vendor/requests/packages/urllib3/util/ssl_.py:122: InsecurePlatformWarning: A true SSLContext object is not available. This prevents urllib3 from configuring SSL appropriately and may cause certain SSL connections to fail. You can upgrade to a newer version of Python to solve this. For more information, see https://urllib3.readthedocs.org/en/latest/security.html#insecureplatformwarning.
16:54:30     INFO -    InsecurePlatformWarning
16:54:33     INFO -    Downloading https://pypi.pvt.build.mozilla.org/pub/psutil-3.1.1.tar.gz (247kB)
16:54:34     INFO -  Building wheels for collected packages: psutil
16:54:34     INFO -    Running setup.py bdist_wheel for psutil: started
16:54:35     INFO -    Running setup.py bdist_wheel for psutil: finished with status 'done'
16:54:35     INFO -    Stored in directory: /home/cltbld/.cache/pip/wheels/1e/e6/25/f0494673fc8d727828e74362e3beb4cbaf34d8be516156ba0c
16:54:35     INFO -  Successfully built psutil
16:54:35     INFO -  Installing collected packages: psutil
16:54:35     INFO -    Found existing installation: psutil 5.4.3
16:54:35     INFO -      Uninstalling psutil-5.4.3:
16:54:35     INFO -        Successfully uninstalled psutil-5.4.3
16:54:35     INFO -  Successfully installed psutil-3.1.1
16:54:36     INFO - Return code: 0
16:54:36     INFO - Installing mock into virtualenv /builds/slave/test/build/venv
16:54:36     INFO - retry: Calling run_command with args: [['/builds/slave/test/build/venv/bin/pip', 'install', '--timeout', '120', '--no-index', '--find-links', 'http://pypi.pvt.build.mozilla.org/pub', '--find-links', 'http://pypi.pub.build.mozilla.org/pub', '--trusted-host', 'pypi.pub.build.mozilla.org', '--trusted-host', 'pypi.pvt.build.mozilla.org', 'mock']], kwargs: {'error_level': 'warning', 'error_list': [{'substr': 'not found or a compiler error:', 'level': 'warning'}, {'regex': <_sre.SRE_Pattern object at 0x7fb164d5d110>, 'level': 'error'}, {'regex': <_sre.SRE_Pattern object at 0x7fb164e65e40>, 'level': 'warning'}, {'regex': <_sre.SRE_Pattern object at 0x184e3e0>, 'level': 'debug'}, {'substr': 'command not found', 'level': 'error'}, {'regex': <_sre.SRE_Pattern object at 0x184aa90>, 'level': 'warning'}, {'substr': 'Traceback (most recent call last)', 'level': 'error'}, {'substr': 'SyntaxError: ', 'level': 'error'}, {'substr': 'TypeError: ', 'level': 'error'}, {'substr': 'NameError: ', 'level': 'error'}, {'substr': 'ZeroDivisionError: ', 'level': 'error'}, {'regex': <_sre.SRE_Pattern object at 0x184c3f0>, 'level': 'critical'}, {'regex': <_sre.SRE_Pattern object at 0x184c670>, 'level': 'critical'}], 'cwd': '/builds/slave/test/build', 'env': {'TMOUT': '86400', 'LOGNAME': 'cltbld', 'USER': 'cltbld', 'HOME': '/home/cltbld', 'PATH': '/usr/local/bin:/usr/local/bin:/usr/bin:/bin:/usr/local/games:/usr/games', 'DISPLAY': ':0', 'CCACHE_UMASK': '002', 'LANG': 'en_US.UTF-8', 'TERM': 'linux', 'SHELL': '/bin/bash', 'MOZ_NODE_PATH': '/usr/bin/node', 'XDG_SESSION_COOKIE': '9ca12473fbb1d023794ffd180000023c-1528501943.409407-1961421558', 'SHLVL': '1', 'NO_FAIL_ON_TEST_ERRORS': '1', 'MOZ_NO_REMOTE': '1', 'MOZ_HIDE_RESULTS_TABLE': '1', 'MAIL': '/var/mail/cltbld', '_': '/tools/buildbot/bin/python', 'NODE_PATH': '/usr/lib/nodejs:/usr/lib/node_modules:/usr/share/javascript', 'PWD': '/builds/slave/test', 'PROPERTIES_FILE': '/builds/slave/test/buildprops.json', 'CCACHE_DIR': '/builds/ccache'}}, attempt #1
16:54:36     INFO - Running command: ['/builds/slave/test/build/venv/bin/pip', 'install', '--timeout', '120', '--no-index', '--find-links', 'http://pypi.pvt.build.mozilla.org/pub', '--find-links', 'http://pypi.pub.build.mozilla.org/pub', '--trusted-host', 'pypi.pub.build.mozilla.org', '--trusted-host', 'pypi.pvt.build.mozilla.org', 'mock'] in /builds/slave/test/build
16:54:36     INFO - Copy/paste: /builds/slave/test/build/venv/bin/pip install --timeout 120 --no-index --find-links http://pypi.pvt.build.mozilla.org/pub --find-links http://pypi.pub.build.mozilla.org/pub --trusted-host pypi.pub.build.mozilla.org --trusted-host pypi.pvt.build.mozilla.org mock
16:54:36     INFO - Using env: {'CCACHE_DIR': '/builds/ccache',
16:54:36     INFO -  'CCACHE_UMASK': '002',
16:54:36     INFO -  'DISPLAY': ':0',
16:54:36     INFO -  'HOME': '/home/cltbld',
16:54:36     INFO -  'LANG': 'en_US.UTF-8',
16:54:36     INFO -  'LOGNAME': 'cltbld',
16:54:36     INFO -  'MAIL': '/var/mail/cltbld',
16:54:36     INFO -  'MOZ_HIDE_RESULTS_TABLE': '1',
16:54:36     INFO -  'MOZ_NODE_PATH': '/usr/bin/node',
16:54:36     INFO -  'MOZ_NO_REMOTE': '1',
16:54:36     INFO -  'NODE_PATH': '/usr/lib/nodejs:/usr/lib/node_modules:/usr/share/javascript',
16:54:36     INFO -  'NO_FAIL_ON_TEST_ERRORS': '1',
16:54:36     INFO -  'PATH': '/usr/local/bin:/usr/local/bin:/usr/bin:/bin:/usr/local/games:/usr/games',
16:54:36     INFO -  'PROPERTIES_FILE': '/builds/slave/test/buildprops.json',
16:54:36     INFO -  'PWD': '/builds/slave/test',
16:54:36     INFO -  'SHELL': '/bin/bash',
16:54:36     INFO -  'SHLVL': '1',
16:54:36     INFO -  'TERM': 'linux',
16:54:36     INFO -  'TMOUT': '86400',
16:54:36     INFO -  'USER': 'cltbld',
16:54:36     INFO -  'XDG_SESSION_COOKIE': '9ca12473fbb1d023794ffd180000023c-1528501943.409407-1961421558',
16:54:36     INFO -  '_': '/tools/buildbot/bin/python'}
16:54:36     INFO -  Ignoring indexes: https://pypi.python.org/simple
16:54:36     INFO -  Collecting mock
16:54:36     INFO -  /builds/slave/test/build/venv/lib/python2.7/site-packages/pip/_vendor/requests/packages/urllib3/util/ssl_.py:318: SNIMissingWarning: An HTTPS request has been made, but the SNI (Subject Name Indication) extension to TLS is not available on this platform. This may cause the server to present an incorrect TLS certificate, which can cause validation failures. You can upgrade to a newer version of Python to solve this. For more information, see https://urllib3.readthedocs.org/en/latest/security.html#snimissingwarning.
16:54:37     INFO -    SNIMissingWarning
16:54:37     INFO -  /builds/slave/test/build/venv/lib/python2.7/site-packages/pip/_vendor/requests/packages/urllib3/util/ssl_.py:122: InsecurePlatformWarning: A true SSLContext object is not available. This prevents urllib3 from configuring SSL appropriately and may cause certain SSL connections to fail. You can upgrade to a newer version of Python to solve this. For more information, see https://urllib3.readthedocs.org/en/latest/security.html#insecureplatformwarning.
16:54:37     INFO -    InsecurePlatformWarning
16:54:38     INFO -  /builds/slave/test/build/venv/lib/python2.7/site-packages/pip/_vendor/requests/packages/urllib3/util/ssl_.py:122: InsecurePlatformWarning: A true SSLContext object is not available. This prevents urllib3 from configuring SSL appropriately and may cause certain SSL connections to fail. You can upgrade to a newer version of Python to solve this. For more information, see https://urllib3.readthedocs.org/en/latest/security.html#insecureplatformwarning.
16:54:38     INFO -    InsecurePlatformWarning
16:54:41     INFO -    Downloading https://pypi.pvt.build.mozilla.org/pub/mock-1.0.1.tar.gz (818kB)
16:54:42     INFO -  Building wheels for collected packages: mock
16:54:42     INFO -    Running setup.py bdist_wheel for mock: started
16:54:43     INFO -    Running setup.py bdist_wheel for mock: finished with status 'done'
16:54:43     INFO -    Stored in directory: /home/cltbld/.cache/pip/wheels/42/d3/87/79283a2f50dfedbfad996edf7028483b27c5953e56856af7d0
16:54:43     INFO -  Successfully built mock
16:54:43     INFO -  Installing collected packages: mock
16:54:43     INFO -  Successfully installed mock-1.0.1
16:54:43     INFO - Return code: 0
16:54:43     INFO - Installing simplejson into virtualenv /builds/slave/test/build/venv
16:54:43     INFO - retry: Calling run_command with args: [['/builds/slave/test/build/venv/bin/pip', 'install', '--timeout', '120', '--no-index', '--find-links', 'http://pypi.pvt.build.mozilla.org/pub', '--find-links', 'http://pypi.pub.build.mozilla.org/pub', '--trusted-host', 'pypi.pub.build.mozilla.org', '--trusted-host', 'pypi.pvt.build.mozilla.org', 'simplejson']], kwargs: {'error_level': 'warning', 'error_list': [{'substr': 'not found or a compiler error:', 'level': 'warning'}, {'regex': <_sre.SRE_Pattern object at 0x7fb164d5d110>, 'level': 'error'}, {'regex': <_sre.SRE_Pattern object at 0x7fb164e65e40>, 'level': 'warning'}, {'regex': <_sre.SRE_Pattern object at 0x184e3e0>, 'level': 'debug'}, {'substr': 'command not found', 'level': 'error'}, {'regex': <_sre.SRE_Pattern object at 0x184aa90>, 'level': 'warning'}, {'substr': 'Traceback (most recent call last)', 'level': 'error'}, {'substr': 'SyntaxError: ', 'level': 'error'}, {'substr': 'TypeError: ', 'level': 'error'}, {'substr': 'NameError: ', 'level': 'error'}, {'substr': 'ZeroDivisionError: ', 'level': 'error'}, {'regex': <_sre.SRE_Pattern object at 0x184c3f0>, 'level': 'critical'}, {'regex': <_sre.SRE_Pattern object at 0x184c670>, 'level': 'critical'}], 'cwd': '/builds/slave/test/build', 'env': {'TMOUT': '86400', 'LOGNAME': 'cltbld', 'USER': 'cltbld', 'HOME': '/home/cltbld', 'PATH': '/usr/local/bin:/usr/local/bin:/usr/bin:/bin:/usr/local/games:/usr/games', 'DISPLAY': ':0', 'CCACHE_UMASK': '002', 'LANG': 'en_US.UTF-8', 'TERM': 'linux', 'SHELL': '/bin/bash', 'MOZ_NODE_PATH': '/usr/bin/node', 'XDG_SESSION_COOKIE': '9ca12473fbb1d023794ffd180000023c-1528501943.409407-1961421558', 'SHLVL': '1', 'NO_FAIL_ON_TEST_ERRORS': '1', 'MOZ_NO_REMOTE': '1', 'MOZ_HIDE_RESULTS_TABLE': '1', 'MAIL': '/var/mail/cltbld', '_': '/tools/buildbot/bin/python', 'NODE_PATH': '/usr/lib/nodejs:/usr/lib/node_modules:/usr/share/javascript', 'PWD': '/builds/slave/test', 'PROPERTIES_FILE': '/builds/slave/test/buildprops.json', 'CCACHE_DIR': '/builds/ccache'}}, attempt #1
16:54:43     INFO - Running command: ['/builds/slave/test/build/venv/bin/pip', 'install', '--timeout', '120', '--no-index', '--find-links', 'http://pypi.pvt.build.mozilla.org/pub', '--find-links', 'http://pypi.pub.build.mozilla.org/pub', '--trusted-host', 'pypi.pub.build.mozilla.org', '--trusted-host', 'pypi.pvt.build.mozilla.org', 'simplejson'] in /builds/slave/test/build
16:54:43     INFO - Copy/paste: /builds/slave/test/build/venv/bin/pip install --timeout 120 --no-index --find-links http://pypi.pvt.build.mozilla.org/pub --find-links http://pypi.pub.build.mozilla.org/pub --trusted-host pypi.pub.build.mozilla.org --trusted-host pypi.pvt.build.mozilla.org simplejson
16:54:43     INFO - Using env: {'CCACHE_DIR': '/builds/ccache',
16:54:43     INFO -  'CCACHE_UMASK': '002',
16:54:43     INFO -  'DISPLAY': ':0',
16:54:43     INFO -  'HOME': '/home/cltbld',
16:54:43     INFO -  'LANG': 'en_US.UTF-8',
16:54:43     INFO -  'LOGNAME': 'cltbld',
16:54:43     INFO -  'MAIL': '/var/mail/cltbld',
16:54:43     INFO -  'MOZ_HIDE_RESULTS_TABLE': '1',
16:54:43     INFO -  'MOZ_NODE_PATH': '/usr/bin/node',
16:54:43     INFO -  'MOZ_NO_REMOTE': '1',
16:54:43     INFO -  'NODE_PATH': '/usr/lib/nodejs:/usr/lib/node_modules:/usr/share/javascript',
16:54:43     INFO -  'NO_FAIL_ON_TEST_ERRORS': '1',
16:54:43     INFO -  'PATH': '/usr/local/bin:/usr/local/bin:/usr/bin:/bin:/usr/local/games:/usr/games',
16:54:43     INFO -  'PROPERTIES_FILE': '/builds/slave/test/buildprops.json',
16:54:43     INFO -  'PWD': '/builds/slave/test',
16:54:43     INFO -  'SHELL': '/bin/bash',
16:54:43     INFO -  'SHLVL': '1',
16:54:43     INFO -  'TERM': 'linux',
16:54:43     INFO -  'TMOUT': '86400',
16:54:43     INFO -  'USER': 'cltbld',
16:54:43     INFO -  'XDG_SESSION_COOKIE': '9ca12473fbb1d023794ffd180000023c-1528501943.409407-1961421558',
16:54:43     INFO -  '_': '/tools/buildbot/bin/python'}
16:54:44     INFO -  Ignoring indexes: https://pypi.python.org/simple
16:54:44     INFO -  Collecting simplejson
16:54:44     INFO -  /builds/slave/test/build/venv/lib/python2.7/site-packages/pip/_vendor/requests/packages/urllib3/util/ssl_.py:318: SNIMissingWarning: An HTTPS request has been made, but the SNI (Subject Name Indication) extension to TLS is not available on this platform. This may cause the server to present an incorrect TLS certificate, which can cause validation failures. You can upgrade to a newer version of Python to solve this. For more information, see https://urllib3.readthedocs.org/en/latest/security.html#snimissingwarning.
16:54:44     INFO -    SNIMissingWarning
16:54:44     INFO -  /builds/slave/test/build/venv/lib/python2.7/site-packages/pip/_vendor/requests/packages/urllib3/util/ssl_.py:122: InsecurePlatformWarning: A true SSLContext object is not available. This prevents urllib3 from configuring SSL appropriately and may cause certain SSL connections to fail. You can upgrade to a newer version of Python to solve this. For more information, see https://urllib3.readthedocs.org/en/latest/security.html#insecureplatformwarning.
16:54:44     INFO -    InsecurePlatformWarning
16:54:45     INFO -  /builds/slave/test/build/venv/lib/python2.7/site-packages/pip/_vendor/requests/packages/urllib3/util/ssl_.py:122: InsecurePlatformWarning: A true SSLContext object is not available. This prevents urllib3 from configuring SSL appropriately and may cause certain SSL connections to fail. You can upgrade to a newer version of Python to solve this. For more information, see https://urllib3.readthedocs.org/en/latest/security.html#insecureplatformwarning.
16:54:45     INFO -    InsecurePlatformWarning
16:54:49     INFO -    Downloading https://pypi.pvt.build.mozilla.org/pub/simplejson-3.3.0.tar.gz (67kB)
16:54:49     INFO -  Building wheels for collected packages: simplejson
16:54:49     INFO -    Running setup.py bdist_wheel for simplejson: started
16:54:52     INFO -    Running setup.py bdist_wheel for simplejson: finished with status 'done'
16:54:52     INFO -    Stored in directory: /home/cltbld/.cache/pip/wheels/b1/26/8f/72b2a349729d24b9c6aa399407fddd384f8814e045e6de407e
16:54:52     INFO -  Successfully built simplejson
16:54:52     INFO -  Installing collected packages: simplejson
16:54:52     INFO -  Successfully installed simplejson-3.3.0
16:54:52     INFO - Return code: 0
16:54:52     INFO - Installing None into virtualenv /builds/slave/test/build/venv
16:54:52     INFO - retry: Calling run_command with args: [['/builds/slave/test/build/venv/bin/pip', 'install', '--no-deps', '--timeout', '120', '-r', '/builds/slave/test/build/tests/config/marionette_requirements.txt', '--no-index', '--find-links', 'http://pypi.pvt.build.mozilla.org/pub', '--find-links', 'http://pypi.pub.build.mozilla.org/pub', '--trusted-host', 'pypi.pub.build.mozilla.org', '--trusted-host', 'pypi.pvt.build.mozilla.org']], kwargs: {'error_level': 'warning', 'error_list': [{'substr': 'not found or a compiler error:', 'level': 'warning'}, {'regex': <_sre.SRE_Pattern object at 0x7fb164d5d110>, 'level': 'error'}, {'regex': <_sre.SRE_Pattern object at 0x7fb164e65e40>, 'level': 'warning'}, {'regex': <_sre.SRE_Pattern object at 0x184e3e0>, 'level': 'debug'}, {'substr': 'command not found', 'level': 'error'}, {'regex': <_sre.SRE_Pattern object at 0x184aa90>, 'level': 'warning'}, {'substr': 'Traceback (most recent call last)', 'level': 'error'}, {'substr': 'SyntaxError: ', 'level': 'error'}, {'substr': 'TypeError: ', 'level': 'error'}, {'substr': 'NameError: ', 'level': 'error'}, {'substr': 'ZeroDivisionError: ', 'level': 'error'}, {'regex': <_sre.SRE_Pattern object at 0x184c3f0>, 'level': 'critical'}, {'regex': <_sre.SRE_Pattern object at 0x184c670>, 'level': 'critical'}], 'cwd': '/builds/slave/test/build/tests/config', 'env': {'TMOUT': '86400', 'LOGNAME': 'cltbld', 'USER': 'cltbld', 'HOME': '/home/cltbld', 'PATH': '/usr/local/bin:/usr/local/bin:/usr/bin:/bin:/usr/local/games:/usr/games', 'DISPLAY': ':0', 'CCACHE_UMASK': '002', 'LANG': 'en_US.UTF-8', 'TERM': 'linux', 'SHELL': '/bin/bash', 'MOZ_NODE_PATH': '/usr/bin/node', 'XDG_SESSION_COOKIE': '9ca12473fbb1d023794ffd180000023c-1528501943.409407-1961421558', 'SHLVL': '1', 'NO_FAIL_ON_TEST_ERRORS': '1', 'MOZ_NO_REMOTE': '1', 'MOZ_HIDE_RESULTS_TABLE': '1', 'MAIL': '/var/mail/cltbld', '_': '/tools/buildbot/bin/python', 'NODE_PATH': '/usr/lib/nodejs:/usr/lib/node_modules:/usr/share/javascript', 'PWD': '/builds/slave/test', 'PROPERTIES_FILE': '/builds/slave/test/buildprops.json', 'CCACHE_DIR': '/builds/ccache'}}, attempt #1
16:54:52     INFO - Running command: ['/builds/slave/test/build/venv/bin/pip', 'install', '--no-deps', '--timeout', '120', '-r', '/builds/slave/test/build/tests/config/marionette_requirements.txt', '--no-index', '--find-links', 'http://pypi.pvt.build.mozilla.org/pub', '--find-links', 'http://pypi.pub.build.mozilla.org/pub', '--trusted-host', 'pypi.pub.build.mozilla.org', '--trusted-host', 'pypi.pvt.build.mozilla.org'] in /builds/slave/test/build/tests/config
16:54:52     INFO - Copy/paste: /builds/slave/test/build/venv/bin/pip install --no-deps --timeout 120 -r /builds/slave/test/build/tests/config/marionette_requirements.txt --no-index --find-links http://pypi.pvt.build.mozilla.org/pub --find-links http://pypi.pub.build.mozilla.org/pub --trusted-host pypi.pub.build.mozilla.org --trusted-host pypi.pvt.build.mozilla.org
16:54:52     INFO - Using env: {'CCACHE_DIR': '/builds/ccache',
16:54:52     INFO -  'CCACHE_UMASK': '002',
16:54:52     INFO -  'DISPLAY': ':0',
16:54:52     INFO -  'HOME': '/home/cltbld',
16:54:52     INFO -  'LANG': 'en_US.UTF-8',
16:54:52     INFO -  'LOGNAME': 'cltbld',
16:54:52     INFO -  'MAIL': '/var/mail/cltbld',
16:54:52     INFO -  'MOZ_HIDE_RESULTS_TABLE': '1',
16:54:52     INFO -  'MOZ_NODE_PATH': '/usr/bin/node',
16:54:52     INFO -  'MOZ_NO_REMOTE': '1',
16:54:52     INFO -  'NODE_PATH': '/usr/lib/nodejs:/usr/lib/node_modules:/usr/share/javascript',
16:54:52     INFO -  'NO_FAIL_ON_TEST_ERRORS': '1',
16:54:52     INFO -  'PATH': '/usr/local/bin:/usr/local/bin:/usr/bin:/bin:/usr/local/games:/usr/games',
16:54:52     INFO -  'PROPERTIES_FILE': '/builds/slave/test/buildprops.json',
16:54:52     INFO -  'PWD': '/builds/slave/test',
16:54:52     INFO -  'SHELL': '/bin/bash',
16:54:52     INFO -  'SHLVL': '1',
16:54:52     INFO -  'TERM': 'linux',
16:54:52     INFO -  'TMOUT': '86400',
16:54:52     INFO -  'USER': 'cltbld',
16:54:52     INFO -  'XDG_SESSION_COOKIE': '9ca12473fbb1d023794ffd180000023c-1528501943.409407-1961421558',
16:54:52     INFO -  '_': '/tools/buildbot/bin/python'}
16:54:53     INFO -  Ignoring indexes: https://pypi.python.org/simple
16:54:53     INFO -  Processing /builds/slave/test/build/tests/mozbase/manifestparser
16:54:53     INFO -    Requirement already satisfied (use --upgrade to upgrade): manifestparser==1.1 from file:///builds/slave/test/build/tests/mozbase/manifestparser in /builds/slave/test/build/venv/lib/python2.7/site-packages (from -r /builds/slave/test/build/tests/config/mozbase_requirements.txt (line 1))
16:54:53     INFO -  Processing /builds/slave/test/build/tests/mozbase/mozcrash
16:54:54     INFO -    Requirement already satisfied (use --upgrade to upgrade): mozcrash==1.0 from file:///builds/slave/test/build/tests/mozbase/mozcrash in /builds/slave/test/build/venv/lib/python2.7/site-packages (from -r /builds/slave/test/build/tests/config/mozbase_requirements.txt (line 2))
16:54:54     INFO -  Processing /builds/slave/test/build/tests/mozbase/mozdebug
16:54:54     INFO -    Requirement already satisfied (use --upgrade to upgrade): mozdebug==0.1 from file:///builds/slave/test/build/tests/mozbase/mozdebug in /builds/slave/test/build/venv/lib/python2.7/site-packages (from -r /builds/slave/test/build/tests/config/mozbase_requirements.txt (line 3))
16:54:54     INFO -  Processing /builds/slave/test/build/tests/mozbase/mozdevice
16:54:55     INFO -    Requirement already satisfied (use --upgrade to upgrade): mozdevice==0.48 from file:///builds/slave/test/build/tests/mozbase/mozdevice in /builds/slave/test/build/venv/lib/python2.7/site-packages (from -r /builds/slave/test/build/tests/config/mozbase_requirements.txt (line 4))
16:54:55     INFO -  Processing /builds/slave/test/build/tests/mozbase/mozfile
16:54:55     INFO -    Requirement already satisfied (use --upgrade to upgrade): mozfile==1.2 from file:///builds/slave/test/build/tests/mozbase/mozfile in /builds/slave/test/build/venv/lib/python2.7/site-packages (from -r /builds/slave/test/build/tests/config/mozbase_requirements.txt (line 5))
16:54:55     INFO -  Processing /builds/slave/test/build/tests/mozbase/mozhttpd
16:54:55     INFO -    Requirement already satisfied (use --upgrade to upgrade): mozhttpd==0.7 from file:///builds/slave/test/build/tests/mozbase/mozhttpd in /builds/slave/test/build/venv/lib/python2.7/site-packages (from -r /builds/slave/test/build/tests/config/mozbase_requirements.txt (line 6))
16:54:55     INFO -  Processing /builds/slave/test/build/tests/mozbase/mozinfo
16:54:56     INFO -    Requirement already satisfied (use --upgrade to upgrade): mozinfo==0.9 from file:///builds/slave/test/build/tests/mozbase/mozinfo in /builds/slave/test/build/venv/lib/python2.7/site-packages (from -r /builds/slave/test/build/tests/config/mozbase_requirements.txt (line 7))
16:54:56     INFO -  Processing /builds/slave/test/build/tests/mozbase/mozinstall
16:54:56     INFO -    Requirement already satisfied (use --upgrade to upgrade): mozInstall==1.12 from file:///builds/slave/test/build/tests/mozbase/mozinstall in /builds/slave/test/build/venv/lib/python2.7/site-packages (from -r /builds/slave/test/build/tests/config/mozbase_requirements.txt (line 8))
16:54:56     INFO -  Processing /builds/slave/test/build/tests/mozbase/mozleak
16:54:56     INFO -    Requirement already satisfied (use --upgrade to upgrade): mozleak==0.1 from file:///builds/slave/test/build/tests/mozbase/mozleak in /builds/slave/test/build/venv/lib/python2.7/site-packages (from -r /builds/slave/test/build/tests/config/mozbase_requirements.txt (line 9))
16:54:56     INFO -  Processing /builds/slave/test/build/tests/mozbase/mozlog
16:54:57     INFO -    Requirement already satisfied (use --upgrade to upgrade): mozlog==3.4 from file:///builds/slave/test/build/tests/mozbase/mozlog in /builds/slave/test/build/venv/lib/python2.7/site-packages (from -r /builds/slave/test/build/tests/config/mozbase_requirements.txt (line 10))
16:54:57     INFO -  Processing /builds/slave/test/build/tests/mozbase/moznetwork
16:54:57     INFO -    Requirement already satisfied (use --upgrade to upgrade): moznetwork==0.27 from file:///builds/slave/test/build/tests/mozbase/moznetwork in /builds/slave/test/build/venv/lib/python2.7/site-packages (from -r /builds/slave/test/build/tests/config/mozbase_requirements.txt (line 11))
16:54:57     INFO -  Processing /builds/slave/test/build/tests/mozbase/mozprocess
16:54:58     INFO -    Requirement already satisfied (use --upgrade to upgrade): mozprocess==0.23 from file:///builds/slave/test/build/tests/mozbase/mozprocess in /builds/slave/test/build/venv/lib/python2.7/site-packages (from -r /builds/slave/test/build/tests/config/mozbase_requirements.txt (line 12))
16:54:58     INFO -  Processing /builds/slave/test/build/tests/mozbase/mozprofile
16:54:58     INFO -    Requirement already satisfied (use --upgrade to upgrade): mozprofile==0.28 from file:///builds/slave/test/build/tests/mozbase/mozprofile in /builds/slave/test/build/venv/lib/python2.7/site-packages (from -r /builds/slave/test/build/tests/config/mozbase_requirements.txt (line 13))
16:54:58     INFO -  Processing /builds/slave/test/build/tests/mozbase/mozrunner
16:54:58     INFO -    Requirement already satisfied (use --upgrade to upgrade): mozrunner==6.13 from file:///builds/slave/test/build/tests/mozbase/mozrunner in /builds/slave/test/build/venv/lib/python2.7/site-packages (from -r /builds/slave/test/build/tests/config/mozbase_requirements.txt (line 14))
16:54:58     INFO -  Processing /builds/slave/test/build/tests/mozbase/mozscreenshot
16:54:59     INFO -    Requirement already satisfied (use --upgrade to upgrade): mozscreenshot==0.1 from file:///builds/slave/test/build/tests/mozbase/mozscreenshot in /builds/slave/test/build/venv/lib/python2.7/site-packages (from -r /builds/slave/test/build/tests/config/mozbase_requirements.txt (line 15))
16:54:59     INFO -  Processing /builds/slave/test/build/tests/mozbase/moztest
16:54:59     INFO -    Requirement already satisfied (use --upgrade to upgrade): moztest==0.8 from file:///builds/slave/test/build/tests/mozbase/moztest in /builds/slave/test/build/venv/lib/python2.7/site-packages (from -r /builds/slave/test/build/tests/config/mozbase_requirements.txt (line 16))
16:54:59     INFO -  Processing /builds/slave/test/build/tests/mozbase/mozversion
16:54:59     INFO -    Requirement already satisfied (use --upgrade to upgrade): mozversion==1.4 from file:///builds/slave/test/build/tests/mozbase/mozversion in /builds/slave/test/build/venv/lib/python2.7/site-packages (from -r /builds/slave/test/build/tests/config/mozbase_requirements.txt (line 17))
16:54:59     INFO -  Processing /builds/slave/test/build/tests/tools/wptserve
16:55:00     INFO -  Processing /builds/slave/test/build/tests/marionette/client
16:55:00     INFO -  Processing /builds/slave/test/build/tests/marionette/harness/marionette_harness/runner/mixins/browsermob-proxy-py
16:55:01     INFO -  Processing /builds/slave/test/build/tests/marionette/harness
16:55:01     INFO -  Processing /builds/slave/test/build/tests/marionette/puppeteer/firefox
16:55:02     INFO -  Building wheels for collected packages: browsermob-proxy
16:55:02     INFO -    Running setup.py bdist_wheel for browsermob-proxy: started
16:55:02     INFO -    Running setup.py bdist_wheel for browsermob-proxy: finished with status 'done'
16:55:02     INFO -    Stored in directory: /home/cltbld/.cache/pip/wheels/10/00/c1/79bb793b6a7eb4dca9dfd244010f550ae5044951bcd23c261e
16:55:02     INFO -  Successfully built browsermob-proxy
16:55:02     INFO -  Installing collected packages: wptserve, marionette-driver, browsermob-proxy, marionette-harness, firefox-puppeteer
16:55:02     INFO -    Running setup.py install for wptserve: started
16:55:03     INFO -      Running setup.py install for wptserve: finished with status 'done'
16:55:03     INFO -    Running setup.py install for marionette-driver: started
16:55:03     INFO -      Running setup.py install for marionette-driver: finished with status 'done'
16:55:03     INFO -    Running setup.py install for marionette-harness: started
16:55:04     INFO -      Running setup.py install for marionette-harness: finished with status 'done'
16:55:04     INFO -    Running setup.py install for firefox-puppeteer: started
16:55:04     INFO -      Running setup.py install for firefox-puppeteer: finished with status 'done'
16:55:05     INFO -  Successfully installed browsermob-proxy-0.6.0 firefox-puppeteer-52.1.0 marionette-driver-2.2.0 marionette-harness-4.0.0 wptserve-1.4.0
16:55:05     INFO - Return code: 0
16:55:05     INFO - Installing None into virtualenv /builds/slave/test/build/venv
16:55:05     INFO - retry: Calling run_command with args: [['/builds/slave/test/build/venv/bin/pip', 'install', '--timeout', '120', '-r', '/builds/slave/test/build/tests/config/marionette_requirements.txt', '--no-index', '--find-links', 'http://pypi.pvt.build.mozilla.org/pub', '--find-links', 'http://pypi.pub.build.mozilla.org/pub', '--trusted-host', 'pypi.pub.build.mozilla.org', '--trusted-host', 'pypi.pvt.build.mozilla.org']], kwargs: {'error_level': 'warning', 'error_list': [{'substr': 'not found or a compiler error:', 'level': 'warning'}, {'regex': <_sre.SRE_Pattern object at 0x7fb164d5d110>, 'level': 'error'}, {'regex': <_sre.SRE_Pattern object at 0x7fb164e65e40>, 'level': 'warning'}, {'regex': <_sre.SRE_Pattern object at 0x184e3e0>, 'level': 'debug'}, {'substr': 'command not found', 'level': 'error'}, {'regex': <_sre.SRE_Pattern object at 0x184aa90>, 'level': 'warning'}, {'substr': 'Traceback (most recent call last)', 'level': 'error'}, {'substr': 'SyntaxError: ', 'level': 'error'}, {'substr': 'TypeError: ', 'level': 'error'}, {'substr': 'NameError: ', 'level': 'error'}, {'substr': 'ZeroDivisionError: ', 'level': 'error'}, {'regex': <_sre.SRE_Pattern object at 0x184c3f0>, 'level': 'critical'}, {'regex': <_sre.SRE_Pattern object at 0x184c670>, 'level': 'critical'}], 'cwd': '/builds/slave/test/build/tests/config', 'env': {'TMOUT': '86400', 'LOGNAME': 'cltbld', 'USER': 'cltbld', 'HOME': '/home/cltbld', 'PATH': '/usr/local/bin:/usr/local/bin:/usr/bin:/bin:/usr/local/games:/usr/games', 'DISPLAY': ':0', 'CCACHE_UMASK': '002', 'LANG': 'en_US.UTF-8', 'TERM': 'linux', 'SHELL': '/bin/bash', 'MOZ_NODE_PATH': '/usr/bin/node', 'XDG_SESSION_COOKIE': '9ca12473fbb1d023794ffd180000023c-1528501943.409407-1961421558', 'SHLVL': '1', 'NO_FAIL_ON_TEST_ERRORS': '1', 'MOZ_NO_REMOTE': '1', 'MOZ_HIDE_RESULTS_TABLE': '1', 'MAIL': '/var/mail/cltbld', '_': '/tools/buildbot/bin/python', 'NODE_PATH': '/usr/lib/nodejs:/usr/lib/node_modules:/usr/share/javascript', 'PWD': '/builds/slave/test', 'PROPERTIES_FILE': '/builds/slave/test/buildprops.json', 'CCACHE_DIR': '/builds/ccache'}}, attempt #1
16:55:05     INFO - Running command: ['/builds/slave/test/build/venv/bin/pip', 'install', '--timeout', '120', '-r', '/builds/slave/test/build/tests/config/marionette_requirements.txt', '--no-index', '--find-links', 'http://pypi.pvt.build.mozilla.org/pub', '--find-links', 'http://pypi.pub.build.mozilla.org/pub', '--trusted-host', 'pypi.pub.build.mozilla.org', '--trusted-host', 'pypi.pvt.build.mozilla.org'] in /builds/slave/test/build/tests/config
16:55:05     INFO - Copy/paste: /builds/slave/test/build/venv/bin/pip install --timeout 120 -r /builds/slave/test/build/tests/config/marionette_requirements.txt --no-index --find-links http://pypi.pvt.build.mozilla.org/pub --find-links http://pypi.pub.build.mozilla.org/pub --trusted-host pypi.pub.build.mozilla.org --trusted-host pypi.pvt.build.mozilla.org
16:55:05     INFO - Using env: {'CCACHE_DIR': '/builds/ccache',
16:55:05     INFO -  'CCACHE_UMASK': '002',
16:55:05     INFO -  'DISPLAY': ':0',
16:55:05     INFO -  'HOME': '/home/cltbld',
16:55:05     INFO -  'LANG': 'en_US.UTF-8',
16:55:05     INFO -  'LOGNAME': 'cltbld',
16:55:05     INFO -  'MAIL': '/var/mail/cltbld',
16:55:05     INFO -  'MOZ_HIDE_RESULTS_TABLE': '1',
16:55:05     INFO -  'MOZ_NODE_PATH': '/usr/bin/node',
16:55:05     INFO -  'MOZ_NO_REMOTE': '1',
16:55:05     INFO -  'NODE_PATH': '/usr/lib/nodejs:/usr/lib/node_modules:/usr/share/javascript',
16:55:05     INFO -  'NO_FAIL_ON_TEST_ERRORS': '1',
16:55:05     INFO -  'PATH': '/usr/local/bin:/usr/local/bin:/usr/bin:/bin:/usr/local/games:/usr/games',
16:55:05     INFO -  'PROPERTIES_FILE': '/builds/slave/test/buildprops.json',
16:55:05     INFO -  'PWD': '/builds/slave/test',
16:55:05     INFO -  'SHELL': '/bin/bash',
16:55:05     INFO -  'SHLVL': '1',
16:55:05     INFO -  'TERM': 'linux',
16:55:05     INFO -  'TMOUT': '86400',
16:55:05     INFO -  'USER': 'cltbld',
16:55:05     INFO -  'XDG_SESSION_COOKIE': '9ca12473fbb1d023794ffd180000023c-1528501943.409407-1961421558',
16:55:05     INFO -  '_': '/tools/buildbot/bin/python'}
16:55:06     INFO -  Ignoring indexes: https://pypi.python.org/simple
16:55:06     INFO -  Processing /builds/slave/test/build/tests/mozbase/manifestparser
16:55:06     INFO -    Requirement already satisfied (use --upgrade to upgrade): manifestparser==1.1 from file:///builds/slave/test/build/tests/mozbase/manifestparser in /builds/slave/test/build/venv/lib/python2.7/site-packages (from -r /builds/slave/test/build/tests/config/mozbase_requirements.txt (line 1))
16:55:06     INFO -  Processing /builds/slave/test/build/tests/mozbase/mozcrash
16:55:07     INFO -    Requirement already satisfied (use --upgrade to upgrade): mozcrash==1.0 from file:///builds/slave/test/build/tests/mozbase/mozcrash in /builds/slave/test/build/venv/lib/python2.7/site-packages (from -r /builds/slave/test/build/tests/config/mozbase_requirements.txt (line 2))
16:55:07     INFO -  Processing /builds/slave/test/build/tests/mozbase/mozdebug
16:55:07     INFO -    Requirement already satisfied (use --upgrade to upgrade): mozdebug==0.1 from file:///builds/slave/test/build/tests/mozbase/mozdebug in /builds/slave/test/build/venv/lib/python2.7/site-packages (from -r /builds/slave/test/build/tests/config/mozbase_requirements.txt (line 3))
16:55:07     INFO -  Processing /builds/slave/test/build/tests/mozbase/mozdevice
16:55:07     INFO -    Requirement already satisfied (use --upgrade to upgrade): mozdevice==0.48 from file:///builds/slave/test/build/tests/mozbase/mozdevice in /builds/slave/test/build/venv/lib/python2.7/site-packages (from -r /builds/slave/test/build/tests/config/mozbase_requirements.txt (line 4))
16:55:07     INFO -  Processing /builds/slave/test/build/tests/mozbase/mozfile
16:55:08     INFO -    Requirement already satisfied (use --upgrade to upgrade): mozfile==1.2 from file:///builds/slave/test/build/tests/mozbase/mozfile in /builds/slave/test/build/venv/lib/python2.7/site-packages (from -r /builds/slave/test/build/tests/config/mozbase_requirements.txt (line 5))
16:55:08     INFO -  Processing /builds/slave/test/build/tests/mozbase/mozhttpd
16:55:08     INFO -    Requirement already satisfied (use --upgrade to upgrade): mozhttpd==0.7 from file:///builds/slave/test/build/tests/mozbase/mozhttpd in /builds/slave/test/build/venv/lib/python2.7/site-packages (from -r /builds/slave/test/build/tests/config/mozbase_requirements.txt (line 6))
16:55:08     INFO -  Processing /builds/slave/test/build/tests/mozbase/mozinfo
16:55:08     INFO -    Requirement already satisfied (use --upgrade to upgrade): mozinfo==0.9 from file:///builds/slave/test/build/tests/mozbase/mozinfo in /builds/slave/test/build/venv/lib/python2.7/site-packages (from -r /builds/slave/test/build/tests/config/mozbase_requirements.txt (line 7))
16:55:08     INFO -  Processing /builds/slave/test/build/tests/mozbase/mozinstall
16:55:09     INFO -    Requirement already satisfied (use --upgrade to upgrade): mozInstall==1.12 from file:///builds/slave/test/build/tests/mozbase/mozinstall in /builds/slave/test/build/venv/lib/python2.7/site-packages (from -r /builds/slave/test/build/tests/config/mozbase_requirements.txt (line 8))
16:55:09     INFO -  Processing /builds/slave/test/build/tests/mozbase/mozleak
16:55:09     INFO -    Requirement already satisfied (use --upgrade to upgrade): mozleak==0.1 from file:///builds/slave/test/build/tests/mozbase/mozleak in /builds/slave/test/build/venv/lib/python2.7/site-packages (from -r /builds/slave/test/build/tests/config/mozbase_requirements.txt (line 9))
16:55:09     INFO -  Processing /builds/slave/test/build/tests/mozbase/mozlog
16:55:10     INFO -    Requirement already satisfied (use --upgrade to upgrade): mozlog==3.4 from file:///builds/slave/test/build/tests/mozbase/mozlog in /builds/slave/test/build/venv/lib/python2.7/site-packages (from -r /builds/slave/test/build/tests/config/mozbase_requirements.txt (line 10))
16:55:10     INFO -  Processing /builds/slave/test/build/tests/mozbase/moznetwork
16:55:10     INFO -    Requirement already satisfied (use --upgrade to upgrade): moznetwork==0.27 from file:///builds/slave/test/build/tests/mozbase/moznetwork in /builds/slave/test/build/venv/lib/python2.7/site-packages (from -r /builds/slave/test/build/tests/config/mozbase_requirements.txt (line 11))
16:55:10     INFO -  Processing /builds/slave/test/build/tests/mozbase/mozprocess
16:55:10     INFO -    Requirement already satisfied (use --upgrade to upgrade): mozprocess==0.23 from file:///builds/slave/test/build/tests/mozbase/mozprocess in /builds/slave/test/build/venv/lib/python2.7/site-packages (from -r /builds/slave/test/build/tests/config/mozbase_requirements.txt (line 12))
16:55:10     INFO -  Processing /builds/slave/test/build/tests/mozbase/mozprofile
16:55:11     INFO -    Requirement already satisfied (use --upgrade to upgrade): mozprofile==0.28 from file:///builds/slave/test/build/tests/mozbase/mozprofile in /builds/slave/test/build/venv/lib/python2.7/site-packages (from -r /builds/slave/test/build/tests/config/mozbase_requirements.txt (line 13))
16:55:11     INFO -  Processing /builds/slave/test/build/tests/mozbase/mozrunner
16:55:11     INFO -    Requirement already satisfied (use --upgrade to upgrade): mozrunner==6.13 from file:///builds/slave/test/build/tests/mozbase/mozrunner in /builds/slave/test/build/venv/lib/python2.7/site-packages (from -r /builds/slave/test/build/tests/config/mozbase_requirements.txt (line 14))
16:55:11     INFO -  Processing /builds/slave/test/build/tests/mozbase/mozscreenshot
16:55:12     INFO -    Requirement already satisfied (use --upgrade to upgrade): mozscreenshot==0.1 from file:///builds/slave/test/build/tests/mozbase/mozscreenshot in /builds/slave/test/build/venv/lib/python2.7/site-packages (from -r /builds/slave/test/build/tests/config/mozbase_requirements.txt (line 15))
16:55:12     INFO -  Processing /builds/slave/test/build/tests/mozbase/moztest
16:55:12     INFO -    Requirement already satisfied (use --upgrade to upgrade): moztest==0.8 from file:///builds/slave/test/build/tests/mozbase/moztest in /builds/slave/test/build/venv/lib/python2.7/site-packages (from -r /builds/slave/test/build/tests/config/mozbase_requirements.txt (line 16))
16:55:12     INFO -  Processing /builds/slave/test/build/tests/mozbase/mozversion
16:55:12     INFO -    Requirement already satisfied (use --upgrade to upgrade): mozversion==1.4 from file:///builds/slave/test/build/tests/mozbase/mozversion in /builds/slave/test/build/venv/lib/python2.7/site-packages (from -r /builds/slave/test/build/tests/config/mozbase_requirements.txt (line 17))
16:55:12     INFO -  Processing /builds/slave/test/build/tests/tools/wptserve
16:55:13     INFO -    Requirement already satisfied (use --upgrade to upgrade): wptserve==1.4.0 from file:///builds/slave/test/build/tests/tools/wptserve in /builds/slave/test/build/venv/lib/python2.7/site-packages (from -r /builds/slave/test/build/tests/config/marionette_requirements.txt (line 3))
16:55:13     INFO -  Processing /builds/slave/test/build/tests/marionette/client
16:55:13     INFO -    Requirement already satisfied (use --upgrade to upgrade): marionette-driver==2.2.0 from file:///builds/slave/test/build/tests/marionette/client in /builds/slave/test/build/venv/lib/python2.7/site-packages (from -r /builds/slave/test/build/tests/config/marionette_requirements.txt (line 4))
16:55:13     INFO -  Processing /builds/slave/test/build/tests/marionette/harness/marionette_harness/runner/mixins/browsermob-proxy-py
16:55:14     INFO -    Requirement already satisfied (use --upgrade to upgrade): browsermob-proxy==0.6.0 from file:///builds/slave/test/build/tests/marionette/harness/marionette_harness/runner/mixins/browsermob-proxy-py in /builds/slave/test/build/venv/lib/python2.7/site-packages (from -r /builds/slave/test/build/tests/config/marionette_requirements.txt (line 5))
16:55:14     INFO -  Processing /builds/slave/test/build/tests/marionette/harness
16:55:14     INFO -    Requirement already satisfied (use --upgrade to upgrade): marionette-harness==4.0.0 from file:///builds/slave/test/build/tests/marionette/harness in /builds/slave/test/build/venv/lib/python2.7/site-packages (from -r /builds/slave/test/build/tests/config/marionette_requirements.txt (line 6))
16:55:14     INFO -  Processing /builds/slave/test/build/tests/marionette/puppeteer/firefox
16:55:14     INFO -    Requirement already satisfied (use --upgrade to upgrade): firefox-puppeteer==52.1.0 from file:///builds/slave/test/build/tests/marionette/puppeteer/firefox in /builds/slave/test/build/venv/lib/python2.7/site-packages (from -r /builds/slave/test/build/tests/config/marionette_requirements.txt (line 9))
16:55:14     INFO -  Requirement already satisfied (use --upgrade to upgrade): mozfile>=1.0 in /builds/slave/test/build/venv/lib/python2.7/site-packages (from mozcrash==1.0->-r /builds/slave/test/build/tests/config/mozbase_requirements.txt (line 2))
16:55:14     INFO -  Requirement already satisfied (use --upgrade to upgrade): mozlog>=3.0 in /builds/slave/test/build/venv/lib/python2.7/site-packages (from mozcrash==1.0->-r /builds/slave/test/build/tests/config/mozbase_requirements.txt (line 2))
16:55:14     INFO -  Requirement already satisfied (use --upgrade to upgrade): mozinfo in /builds/slave/test/build/venv/lib/python2.7/site-packages (from mozdebug==0.1->-r /builds/slave/test/build/tests/config/mozbase_requirements.txt (line 3))
16:55:14     INFO -  Requirement already satisfied (use --upgrade to upgrade): moznetwork>=0.24 in /builds/slave/test/build/venv/lib/python2.7/site-packages (from mozdevice==0.48->-r /builds/slave/test/build/tests/config/mozbase_requirements.txt (line 4))
16:55:14     INFO -  Requirement already satisfied (use --upgrade to upgrade): mozprocess>=0.19 in /builds/slave/test/build/venv/lib/python2.7/site-packages (from mozdevice==0.48->-r /builds/slave/test/build/tests/config/mozbase_requirements.txt (line 4))
16:55:14     INFO -  Requirement already satisfied (use --upgrade to upgrade): blessings>=1.3 in /builds/slave/test/build/venv/lib/python2.7/site-packages (from mozlog==3.4->-r /builds/slave/test/build/tests/config/mozbase_requirements.txt (line 10))
16:55:14     INFO -  Requirement already satisfied (use --upgrade to upgrade): requests>=1.1.0 in /builds/slave/test/build/venv/lib/python2.7/site-packages (from browsermob-proxy==0.6.0->-r /builds/slave/test/build/tests/config/marionette_requirements.txt (line 5))
16:55:14     INFO -  Building wheels for collected packages: browsermob-proxy
16:55:14     INFO -    Running setup.py bdist_wheel for browsermob-proxy: started
16:55:15     INFO -    Running setup.py bdist_wheel for browsermob-proxy: finished with status 'done'
16:55:15     INFO -    Stored in directory: /home/cltbld/.cache/pip/wheels/10/00/c1/79bb793b6a7eb4dca9dfd244010f550ae5044951bcd23c261e
16:55:15     INFO -  Successfully built browsermob-proxy
16:55:15     INFO - Return code: 0
16:55:15     INFO - Installing None into virtualenv /builds/slave/test/build/venv
16:55:15     INFO - retry: Calling run_command with args: [['/builds/slave/test/build/venv/bin/pip', 'install', '--no-deps', '--timeout', '120', '-r', '/builds/slave/test/build/tests/mochitest/websocketprocessbridge/websocketprocessbridge_requirements.txt', '--no-index', '--find-links', 'http://pypi.pvt.build.mozilla.org/pub', '--find-links', 'http://pypi.pub.build.mozilla.org/pub', '--trusted-host', 'pypi.pub.build.mozilla.org', '--trusted-host', 'pypi.pvt.build.mozilla.org']], kwargs: {'error_level': 'warning', 'error_list': [{'substr': 'not found or a compiler error:', 'level': 'warning'}, {'regex': <_sre.SRE_Pattern object at 0x7fb164d5d110>, 'level': 'error'}, {'regex': <_sre.SRE_Pattern object at 0x7fb164e65e40>, 'level': 'warning'}, {'regex': <_sre.SRE_Pattern object at 0x184e3e0>, 'level': 'debug'}, {'substr': 'command not found', 'level': 'error'}, {'regex': <_sre.SRE_Pattern object at 0x184aa90>, 'level': 'warning'}, {'substr': 'Traceback (most recent call last)', 'level': 'error'}, {'substr': 'SyntaxError: ', 'level': 'error'}, {'substr': 'TypeError: ', 'level': 'error'}, {'substr': 'NameError: ', 'level': 'error'}, {'substr': 'ZeroDivisionError: ', 'level': 'error'}, {'regex': <_sre.SRE_Pattern object at 0x184c3f0>, 'level': 'critical'}, {'regex': <_sre.SRE_Pattern object at 0x184c670>, 'level': 'critical'}], 'cwd': '/builds/slave/test/build/tests/mochitest/websocketprocessbridge', 'env': {'TMOUT': '86400', 'LOGNAME': 'cltbld', 'USER': 'cltbld', 'HOME': '/home/cltbld', 'PATH': '/usr/local/bin:/usr/local/bin:/usr/bin:/bin:/usr/local/games:/usr/games', 'DISPLAY': ':0', 'CCACHE_UMASK': '002', 'LANG': 'en_US.UTF-8', 'TERM': 'linux', 'SHELL': '/bin/bash', 'MOZ_NODE_PATH': '/usr/bin/node', 'XDG_SESSION_COOKIE': '9ca12473fbb1d023794ffd180000023c-1528501943.409407-1961421558', 'SHLVL': '1', 'NO_FAIL_ON_TEST_ERRORS': '1', 'MOZ_NO_REMOTE': '1', 'MOZ_HIDE_RESULTS_TABLE': '1', 'MAIL': '/var/mail/cltbld', '_': '/tools/buildbot/bin/python', 'NODE_PATH': '/usr/lib/nodejs:/usr/lib/node_modules:/usr/share/javascript', 'PWD': '/builds/slave/test', 'PROPERTIES_FILE': '/builds/slave/test/buildprops.json', 'CCACHE_DIR': '/builds/ccache'}}, attempt #1
16:55:15     INFO - Running command: ['/builds/slave/test/build/venv/bin/pip', 'install', '--no-deps', '--timeout', '120', '-r', '/builds/slave/test/build/tests/mochitest/websocketprocessbridge/websocketprocessbridge_requirements.txt', '--no-index', '--find-links', 'http://pypi.pvt.build.mozilla.org/pub', '--find-links', 'http://pypi.pub.build.mozilla.org/pub', '--trusted-host', 'pypi.pub.build.mozilla.org', '--trusted-host', 'pypi.pvt.build.mozilla.org'] in /builds/slave/test/build/tests/mochitest/websocketprocessbridge
16:55:15     INFO - Copy/paste: /builds/slave/test/build/venv/bin/pip install --no-deps --timeout 120 -r /builds/slave/test/build/tests/mochitest/websocketprocessbridge/websocketprocessbridge_requirements.txt --no-index --find-links http://pypi.pvt.build.mozilla.org/pub --find-links http://pypi.pub.build.mozilla.org/pub --trusted-host pypi.pub.build.mozilla.org --trusted-host pypi.pvt.build.mozilla.org
16:55:15     INFO - Using env: {'CCACHE_DIR': '/builds/ccache',
16:55:15     INFO -  'CCACHE_UMASK': '002',
16:55:15     INFO -  'DISPLAY': ':0',
16:55:15     INFO -  'HOME': '/home/cltbld',
16:55:15     INFO -  'LANG': 'en_US.UTF-8',
16:55:15     INFO -  'LOGNAME': 'cltbld',
16:55:15     INFO -  'MAIL': '/var/mail/cltbld',
16:55:15     INFO -  'MOZ_HIDE_RESULTS_TABLE': '1',
16:55:15     INFO -  'MOZ_NODE_PATH': '/usr/bin/node',
16:55:15     INFO -  'MOZ_NO_REMOTE': '1',
16:55:15     INFO -  'NODE_PATH': '/usr/lib/nodejs:/usr/lib/node_modules:/usr/share/javascript',
16:55:15     INFO -  'NO_FAIL_ON_TEST_ERRORS': '1',
16:55:15     INFO -  'PATH': '/usr/local/bin:/usr/local/bin:/usr/bin:/bin:/usr/local/games:/usr/games',
16:55:15     INFO -  'PROPERTIES_FILE': '/builds/slave/test/buildprops.json',
16:55:15     INFO -  'PWD': '/builds/slave/test',
16:55:15     INFO -  'SHELL': '/bin/bash',
16:55:15     INFO -  'SHLVL': '1',
16:55:15     INFO -  'TERM': 'linux',
16:55:15     INFO -  'TMOUT': '86400',
16:55:15     INFO -  'USER': 'cltbld',
16:55:15     INFO -  'XDG_SESSION_COOKIE': '9ca12473fbb1d023794ffd180000023c-1528501943.409407-1961421558',
16:55:15     INFO -  '_': '/tools/buildbot/bin/python'}
16:55:16     INFO -  Ignoring indexes: https://pypi.python.org/simple
16:55:16     INFO -  Collecting six==1.10.0 (from -r /builds/slave/test/build/tests/mochitest/websocketprocessbridge/websocketprocessbridge_requirements.txt (line 2))
16:55:16     INFO -  /builds/slave/test/build/venv/lib/python2.7/site-packages/pip/_vendor/requests/packages/urllib3/util/ssl_.py:318: SNIMissingWarning: An HTTPS request has been made, but the SNI (Subject Name Indication) extension to TLS is not available on this platform. This may cause the server to present an incorrect TLS certificate, which can cause validation failures. You can upgrade to a newer version of Python to solve this. For more information, see https://urllib3.readthedocs.org/en/latest/security.html#snimissingwarning.
16:55:16     INFO -    SNIMissingWarning
16:55:16     INFO -  /builds/slave/test/build/venv/lib/python2.7/site-packages/pip/_vendor/requests/packages/urllib3/util/ssl_.py:122: InsecurePlatformWarning: A true SSLContext object is not available. This prevents urllib3 from configuring SSL appropriately and may cause certain SSL connections to fail. You can upgrade to a newer version of Python to solve this. For more information, see https://urllib3.readthedocs.org/en/latest/security.html#insecureplatformwarning.
16:55:16     INFO -    InsecurePlatformWarning
16:55:17     INFO -  /builds/slave/test/build/venv/lib/python2.7/site-packages/pip/_vendor/requests/packages/urllib3/util/ssl_.py:122: InsecurePlatformWarning: A true SSLContext object is not available. This prevents urllib3 from configuring SSL appropriately and may cause certain SSL connections to fail. You can upgrade to a newer version of Python to solve this. For more information, see https://urllib3.readthedocs.org/en/latest/security.html#insecureplatformwarning.
16:55:17     INFO -    InsecurePlatformWarning
16:55:21     INFO -    Downloading https://pypi.pvt.build.mozilla.org/pub/six-1.10.0-py2.py3-none-any.whl
16:55:21     INFO -  Collecting twisted==10.2.0 (from -r /builds/slave/test/build/tests/mochitest/websocketprocessbridge/websocketprocessbridge_requirements.txt (line 4))
16:55:25     INFO -    Downloading https://pypi.pvt.build.mozilla.org/pub/Twisted-10.2.0.tar.gz (1.9MB)
16:55:27     INFO -  Collecting txws==0.9.1 (from -r /builds/slave/test/build/tests/mochitest/websocketprocessbridge/websocketprocessbridge_requirements.txt (line 7))
16:55:31     INFO -    Downloading https://pypi.pvt.build.mozilla.org/pub/txWS-0.9.1.tar.gz
16:55:34     INFO -  Requirement already satisfied (use --upgrade to upgrade): psutil==3.1.1 in /builds/slave/test/build/venv/lib/python2.7/site-packages (from -r /builds/slave/test/build/tests/mochitest/websocketprocessbridge/websocketprocessbridge_requirements.txt (line 9))
16:55:34     INFO -  Collecting ipaddr==2.1.11 (from -r /builds/slave/test/build/tests/mochitest/websocketprocessbridge/websocketprocessbridge_requirements.txt (line 12))
16:55:38     INFO -    Downloading https://pypi.pvt.build.mozilla.org/pub/ipaddr-2.1.11.tar.gz
16:55:38     INFO -  Collecting passlib==1.6.5 (from -r /builds/slave/test/build/tests/mochitest/websocketprocessbridge/websocketprocessbridge_requirements.txt (line 13))
16:55:43     INFO -    Downloading https://pypi.pvt.build.mozilla.org/pub/passlib-1.6.5-py2.py3-none-any.whl (317kB)
16:55:43     INFO -  Building wheels for collected packages: twisted, txws, ipaddr
16:55:43     INFO -    Running setup.py bdist_wheel for twisted: started
16:55:46     INFO -    Running setup.py bdist_wheel for twisted: finished with status 'done'
16:55:46     INFO -    Stored in directory: /home/cltbld/.cache/pip/wheels/2a/06/64/df4bef56496f61aee018cad118db54f7a03015723d10662b26
16:55:47     INFO -    Running setup.py bdist_wheel for txws: started
16:55:47     INFO -    Running setup.py bdist_wheel for txws: finished with status 'done'
16:55:47     INFO -    Stored in directory: /home/cltbld/.cache/pip/wheels/51/f5/78/51b5dd281cb5c86337c41faadc891bd5089a07842da35b9248
16:55:47     INFO -    Running setup.py bdist_wheel for ipaddr: started
16:55:48     INFO -    Running setup.py bdist_wheel for ipaddr: finished with status 'done'
16:55:48     INFO -    Stored in directory: /home/cltbld/.cache/pip/wheels/6a/e7/d2/68af1df9a4dd7fd032c9375a12bd438c6fa81ee69d5e07993f
16:55:48     INFO -  Successfully built twisted txws ipaddr
16:55:48     INFO -  Installing collected packages: six, twisted, txws, ipaddr, passlib
16:55:52     INFO -  Successfully installed ipaddr-2.1.11 passlib-1.6.5 six-1.10.0 twisted-10.2.0 txws-0.9.1
16:55:52     INFO - Return code: 0
16:55:52     INFO - Installing None into virtualenv /builds/slave/test/build/venv
16:55:52     INFO - retry: Calling run_command with args: [['/builds/slave/test/build/venv/bin/pip', 'install', '--timeout', '120', '-r', '/builds/slave/test/build/tests/mochitest/websocketprocessbridge/websocketprocessbridge_requirements.txt', '--no-index', '--find-links', 'http://pypi.pvt.build.mozilla.org/pub', '--find-links', 'http://pypi.pub.build.mozilla.org/pub', '--trusted-host', 'pypi.pub.build.mozilla.org', '--trusted-host', 'pypi.pvt.build.mozilla.org']], kwargs: {'error_level': 'warning', 'error_list': [{'substr': 'not found or a compiler error:', 'level': 'warning'}, {'regex': <_sre.SRE_Pattern object at 0x7fb164d5d110>, 'level': 'error'}, {'regex': <_sre.SRE_Pattern object at 0x7fb164e65e40>, 'level': 'warning'}, {'regex': <_sre.SRE_Pattern object at 0x184e3e0>, 'level': 'debug'}, {'substr': 'command not found', 'level': 'error'}, {'regex': <_sre.SRE_Pattern object at 0x184aa90>, 'level': 'warning'}, {'substr': 'Traceback (most recent call last)', 'level': 'error'}, {'substr': 'SyntaxError: ', 'level': 'error'}, {'substr': 'TypeError: ', 'level': 'error'}, {'substr': 'NameError: ', 'level': 'error'}, {'substr': 'ZeroDivisionError: ', 'level': 'error'}, {'regex': <_sre.SRE_Pattern object at 0x184c3f0>, 'level': 'critical'}, {'regex': <_sre.SRE_Pattern object at 0x184c670>, 'level': 'critical'}], 'cwd': '/builds/slave/test/build/tests/mochitest/websocketprocessbridge', 'env': {'TMOUT': '86400', 'LOGNAME': 'cltbld', 'USER': 'cltbld', 'HOME': '/home/cltbld', 'PATH': '/usr/local/bin:/usr/local/bin:/usr/bin:/bin:/usr/local/games:/usr/games', 'DISPLAY': ':0', 'CCACHE_UMASK': '002', 'LANG': 'en_US.UTF-8', 'TERM': 'linux', 'SHELL': '/bin/bash', 'MOZ_NODE_PATH': '/usr/bin/node', 'XDG_SESSION_COOKIE': '9ca12473fbb1d023794ffd180000023c-1528501943.409407-1961421558', 'SHLVL': '1', 'NO_FAIL_ON_TEST_ERRORS': '1', 'MOZ_NO_REMOTE': '1', 'MOZ_HIDE_RESULTS_TABLE': '1', 'MAIL': '/var/mail/cltbld', '_': '/tools/buildbot/bin/python', 'NODE_PATH': '/usr/lib/nodejs:/usr/lib/node_modules:/usr/share/javascript', 'PWD': '/builds/slave/test', 'PROPERTIES_FILE': '/builds/slave/test/buildprops.json', 'CCACHE_DIR': '/builds/ccache'}}, attempt #1
16:55:52     INFO - Running command: ['/builds/slave/test/build/venv/bin/pip', 'install', '--timeout', '120', '-r', '/builds/slave/test/build/tests/mochitest/websocketprocessbridge/websocketprocessbridge_requirements.txt', '--no-index', '--find-links', 'http://pypi.pvt.build.mozilla.org/pub', '--find-links', 'http://pypi.pub.build.mozilla.org/pub', '--trusted-host', 'pypi.pub.build.mozilla.org', '--trusted-host', 'pypi.pvt.build.mozilla.org'] in /builds/slave/test/build/tests/mochitest/websocketprocessbridge
16:55:52     INFO - Copy/paste: /builds/slave/test/build/venv/bin/pip install --timeout 120 -r /builds/slave/test/build/tests/mochitest/websocketprocessbridge/websocketprocessbridge_requirements.txt --no-index --find-links http://pypi.pvt.build.mozilla.org/pub --find-links http://pypi.pub.build.mozilla.org/pub --trusted-host pypi.pub.build.mozilla.org --trusted-host pypi.pvt.build.mozilla.org
16:55:52     INFO - Using env: {'CCACHE_DIR': '/builds/ccache',
16:55:52     INFO -  'CCACHE_UMASK': '002',
16:55:52     INFO -  'DISPLAY': ':0',
16:55:52     INFO -  'HOME': '/home/cltbld',
16:55:52     INFO -  'LANG': 'en_US.UTF-8',
16:55:52     INFO -  'LOGNAME': 'cltbld',
16:55:52     INFO -  'MAIL': '/var/mail/cltbld',
16:55:52     INFO -  'MOZ_HIDE_RESULTS_TABLE': '1',
16:55:52     INFO -  'MOZ_NODE_PATH': '/usr/bin/node',
16:55:52     INFO -  'MOZ_NO_REMOTE': '1',
16:55:52     INFO -  'NODE_PATH': '/usr/lib/nodejs:/usr/lib/node_modules:/usr/share/javascript',
16:55:52     INFO -  'NO_FAIL_ON_TEST_ERRORS': '1',
16:55:52     INFO -  'PATH': '/usr/local/bin:/usr/local/bin:/usr/bin:/bin:/usr/local/games:/usr/games',
16:55:52     INFO -  'PROPERTIES_FILE': '/builds/slave/test/buildprops.json',
16:55:52     INFO -  'PWD': '/builds/slave/test',
16:55:52     INFO -  'SHELL': '/bin/bash',
16:55:52     INFO -  'SHLVL': '1',
16:55:52     INFO -  'TERM': 'linux',
16:55:52     INFO -  'TMOUT': '86400',
16:55:52     INFO -  'USER': 'cltbld',
16:55:52     INFO -  'XDG_SESSION_COOKIE': '9ca12473fbb1d023794ffd180000023c-1528501943.409407-1961421558',
16:55:52     INFO -  '_': '/tools/buildbot/bin/python'}
16:55:53     INFO -  Ignoring indexes: https://pypi.python.org/simple
16:55:53     INFO -  Requirement already satisfied (use --upgrade to upgrade): six==1.10.0 in /builds/slave/test/build/venv/lib/python2.7/site-packages (from -r /builds/slave/test/build/tests/mochitest/websocketprocessbridge/websocketprocessbridge_requirements.txt (line 2))
16:55:53     INFO -  Requirement already satisfied (use --upgrade to upgrade): twisted==10.2.0 in /builds/slave/test/build/venv/lib/python2.7/site-packages (from -r /builds/slave/test/build/tests/mochitest/websocketprocessbridge/websocketprocessbridge_requirements.txt (line 4))
16:55:53     INFO -  Requirement already satisfied (use --upgrade to upgrade): txws==0.9.1 in /builds/slave/test/build/venv/lib/python2.7/site-packages (from -r /builds/slave/test/build/tests/mochitest/websocketprocessbridge/websocketprocessbridge_requirements.txt (line 7))
16:55:53     INFO -  Requirement already satisfied (use --upgrade to upgrade): psutil==3.1.1 in /builds/slave/test/build/venv/lib/python2.7/site-packages (from -r /builds/slave/test/build/tests/mochitest/websocketprocessbridge/websocketprocessbridge_requirements.txt (line 9))
16:55:53     INFO -  Requirement already satisfied (use --upgrade to upgrade): ipaddr==2.1.11 in /builds/slave/test/build/venv/lib/python2.7/site-packages (from -r /builds/slave/test/build/tests/mochitest/websocketprocessbridge/websocketprocessbridge_requirements.txt (line 12))
16:55:53     INFO -  Requirement already satisfied (use --upgrade to upgrade): passlib==1.6.5 in /builds/slave/test/build/venv/lib/python2.7/site-packages (from -r /builds/slave/test/build/tests/mochitest/websocketprocessbridge/websocketprocessbridge_requirements.txt (line 13))
16:55:53     INFO -  Collecting zope.interface (from twisted==10.2.0->-r /builds/slave/test/build/tests/mochitest/websocketprocessbridge/websocketprocessbridge_requirements.txt (line 4))
16:55:53     INFO -  /builds/slave/test/build/venv/lib/python2.7/site-packages/pip/_vendor/requests/packages/urllib3/util/ssl_.py:318: SNIMissingWarning: An HTTPS request has been made, but the SNI (Subject Name Indication) extension to TLS is not available on this platform. This may cause the server to present an incorrect TLS certificate, which can cause validation failures. You can upgrade to a newer version of Python to solve this. For more information, see https://urllib3.readthedocs.org/en/latest/security.html#snimissingwarning.
16:55:53     INFO -    SNIMissingWarning
16:55:53     INFO -  /builds/slave/test/build/venv/lib/python2.7/site-packages/pip/_vendor/requests/packages/urllib3/util/ssl_.py:122: InsecurePlatformWarning: A true SSLContext object is not available. This prevents urllib3 from configuring SSL appropriately and may cause certain SSL connections to fail. You can upgrade to a newer version of Python to solve this. For more information, see https://urllib3.readthedocs.org/en/latest/security.html#insecureplatformwarning.
16:55:53     INFO -    InsecurePlatformWarning
16:55:54     INFO -  /builds/slave/test/build/venv/lib/python2.7/site-packages/pip/_vendor/requests/packages/urllib3/util/ssl_.py:122: InsecurePlatformWarning: A true SSLContext object is not available. This prevents urllib3 from configuring SSL appropriately and may cause certain SSL connections to fail. You can upgrade to a newer version of Python to solve this. For more information, see https://urllib3.readthedocs.org/en/latest/security.html#insecureplatformwarning.
16:55:54     INFO -    InsecurePlatformWarning
16:55:58     INFO -    Downloading https://pypi.pvt.build.mozilla.org/pub/zope.interface-4.0.2.tar.gz (139kB)
16:55:58     INFO -  Requirement already satisfied (use --upgrade to upgrade): setuptools in /builds/slave/test/build/venv/lib/python2.7/site-packages (from zope.interface->twisted==10.2.0->-r /builds/slave/test/build/tests/mochitest/websocketprocessbridge/websocketprocessbridge_requirements.txt (line 4))
16:55:59     INFO -  Building wheels for collected packages: zope.interface
16:55:59     INFO -    Running setup.py bdist_wheel for zope.interface: started
16:56:00     INFO -    Running setup.py bdist_wheel for zope.interface: finished with status 'done'
16:56:00     INFO -    Stored in directory: /home/cltbld/.cache/pip/wheels/54/5c/71/e718400d2babcda41f4d97864183e1268dab308acc88e22470
16:56:00     INFO -  Successfully built zope.interface
16:56:00     INFO -  Installing collected packages: zope.interface
16:56:00     INFO -  Successfully installed zope.interface-4.0.2
16:56:00     INFO - Return code: 0
16:56:00     INFO - Done creating virtualenv /builds/slave/test/build/venv.
16:56:00     INFO - Getting output from command: ['/builds/slave/test/build/venv/bin/pip', 'freeze']
16:56:00     INFO - Copy/paste: /builds/slave/test/build/venv/bin/pip freeze
16:56:02     INFO - Reading from file tmpfile_stdout
16:56:02     INFO - Reading from file tmpfile_stderr
16:56:02     INFO - Current package versions:
16:56:02     INFO -   Twisted == 10.2.0
16:56:02     INFO -   blessings == 1.6
16:56:02     INFO -   blobuploader == 1.2.4
16:56:02     INFO -   browsermob-proxy == 0.6.0
16:56:02     INFO -   docopt == 0.6.1
16:56:02     INFO -   firefox-puppeteer == 52.1.0
16:56:02     INFO -   functools32 == 3.2.3.post2
16:56:02     INFO -   ipaddr == 2.1.11
16:56:02     INFO -   jsonschema == 2.5.1
16:56:02     INFO -   manifestparser == 1.1
16:56:02     INFO -   marionette-driver == 2.2.0
16:56:02     INFO -   marionette-harness == 4.0.0
16:56:02     INFO -   mock == 1.0.1
16:56:02     INFO -   mozInstall == 1.12
16:56:02     INFO -   mozcrash == 1.0
16:56:02     INFO -   mozdebug == 0.1
16:56:02     INFO -   mozdevice == 0.48
16:56:02     INFO -   mozfile == 1.2
16:56:02     INFO -   mozhttpd == 0.7
16:56:02     INFO -   mozinfo == 0.9
16:56:02     INFO -   mozleak == 0.1
16:56:02     INFO -   mozlog == 3.4
16:56:02     INFO -   moznetwork == 0.27
16:56:02     INFO -   mozprocess == 0.23
16:56:02     INFO -   mozprofile == 0.28
16:56:02     INFO -   mozrunner == 6.13
16:56:02     INFO -   mozscreenshot == 0.1
16:56:02     INFO -   mozsystemmonitor == 0.3
16:56:02     INFO -   moztest == 0.8
16:56:02     INFO -   mozversion == 1.4
16:56:02     INFO -   passlib == 1.6.5
16:56:02     INFO -   psutil == 3.1.1
16:56:02     INFO -   requests == 1.2.3
16:56:02     INFO -   simplejson == 3.3.0
16:56:02     INFO -   six == 1.10.0
16:56:02     INFO -   txWS == 0.9.1
16:56:02     INFO -   wptserve == 1.4.0
16:56:02     INFO -   zope.interface == 4.0.2
16:56:02     INFO - Running post-action listener: _resource_record_post_action
16:56:02     INFO - Running post-action listener: _start_resource_monitoring
16:56:02     INFO - Starting resource monitoring.
16:56:02     INFO - [mozharness: 2018-06-08 23:56:02.412886Z] Finished create-virtualenv step (success)
16:56:02     INFO - [mozharness: 2018-06-08 23:56:02.419297Z] Running install step.
16:56:02     INFO - Running pre-action listener: _resource_record_pre_action
16:56:02     INFO - Running main action method: install
16:56:02     INFO - Getting output from command: ['/builds/slave/test/build/venv/bin/pip', 'freeze']
16:56:02     INFO - Copy/paste: /builds/slave/test/build/venv/bin/pip freeze
16:56:03     INFO - Reading from file tmpfile_stdout
16:56:03     INFO - Reading from file tmpfile_stderr
16:56:03     INFO - Detecting whether we're running mozinstall >=1.0...
16:56:03     INFO - Getting output from command: ['/builds/slave/test/build/venv/bin/mozinstall', '-h']
16:56:03     INFO - Copy/paste: /builds/slave/test/build/venv/bin/mozinstall -h
16:56:03     INFO - Reading from file tmpfile_stdout
16:56:03     INFO - Output received:
16:56:03     INFO -  Usage: mozinstall [options] installer
16:56:03     INFO -  Options:
16:56:03     INFO -    -h, --help            show this help message and exit
16:56:03     INFO -    -d DEST, --destination=DEST
16:56:03     INFO -                          Directory to install application into. [default:
16:56:03     INFO -                          "/builds/slave/test"]
16:56:03     INFO -    --app=APP             Application being installed. [default: firefox]
16:56:03     INFO - mkdir: /builds/slave/test/build/application
16:56:03     INFO - Getting output from command: ['/builds/slave/test/build/venv/bin/mozinstall', '/builds/slave/test/build/installer.tar.bz2', '--destination', '/builds/slave/test/build/application']
16:56:03     INFO - Copy/paste: /builds/slave/test/build/venv/bin/mozinstall /builds/slave/test/build/installer.tar.bz2 --destination /builds/slave/test/build/application
16:56:26     INFO - Reading from file tmpfile_stdout
16:56:27     INFO - Output received:
16:56:27     INFO -  /builds/slave/test/build/application/firefox/firefox
16:56:27     INFO - Running post-action listener: _resource_record_post_action
16:56:27     INFO - [mozharness: 2018-06-08 23:56:27.002980Z] Finished install step (success)
16:56:27     INFO - [mozharness: 2018-06-08 23:56:27.003435Z] Running stage-files step.
16:56:27     INFO - Running pre-action listener: _resource_record_pre_action
16:56:27     INFO - Running main action method: stage_files
16:56:27     INFO - Running post-action listener: _resource_record_post_action
16:56:27     INFO - [mozharness: 2018-06-08 23:56:27.005282Z] Finished stage-files step (success)
16:56:27     INFO - [mozharness: 2018-06-08 23:56:27.005661Z] Running run-tests step.
16:56:27     INFO - Running pre-action listener: _resource_record_pre_action
16:56:27     INFO - Running pre-action listener: _set_gcov_prefix
16:56:27     INFO - Running main action method: run_tests
16:56:27     INFO - Running pre test command disable_screen_saver with 'xset s off s reset'
16:56:27     INFO - Running command: ['xset', 's', 'off', 's', 'reset'] in /builds/slave/test/build
16:56:27     INFO - Copy/paste: xset s off s reset
16:56:27     INFO - Return code: 0
16:56:27     INFO - #### Running mochitest suites
16:56:27     INFO - Structured output parser in use for mochitest.
16:56:27     INFO - grabbing minidump binary from tooltool
16:56:27     INFO - retry: Calling run_command with args: (['/tools/tooltool.py', '--url', 'https://api.pub.build.mozilla.org/tooltool/', '--authentication-file', '/builds/relengapi.tok', 'fetch', '-m', '/builds/slave/test/build/tests/config/tooltool-manifests/linux64/releng.manifest', '-o', '-c', '/builds/tooltool_cache'],), kwargs: {'output_timeout': 600, 'error_list': [{'substr': 'command not found', 'level': 'error'}, {'regex': <_sre.SRE_Pattern object at 0x184aa90>, 'level': 'warning'}, {'substr': 'Traceback (most recent call last)', 'level': 'error'}, {'substr': 'SyntaxError: ', 'level': 'error'}, {'substr': 'TypeError: ', 'level': 'error'}, {'substr': 'NameError: ', 'level': 'error'}, {'substr': 'ZeroDivisionError: ', 'level': 'error'}, {'regex': <_sre.SRE_Pattern object at 0x184c3f0>, 'level': 'critical'}, {'regex': <_sre.SRE_Pattern object at 0x184c670>, 'level': 'critical'}, {'substr': 'ERROR - ', 'level': 'error'}], 'cwd': '/builds/slave/test/build', 'privileged': False}, attempt #1
16:56:27     INFO - Running command: ['/tools/tooltool.py', '--url', 'https://api.pub.build.mozilla.org/tooltool/', '--authentication-file', '/builds/relengapi.tok', 'fetch', '-m', '/builds/slave/test/build/tests/config/tooltool-manifests/linux64/releng.manifest', '-o', '-c', '/builds/tooltool_cache'] in /builds/slave/test/build
16:56:27     INFO - Copy/paste: /tools/tooltool.py --url https://api.pub.build.mozilla.org/tooltool/ --authentication-file /builds/relengapi.tok fetch -m /builds/slave/test/build/tests/config/tooltool-manifests/linux64/releng.manifest -o -c /builds/tooltool_cache
16:56:27     INFO - Calling ['/tools/tooltool.py', '--url', 'https://api.pub.build.mozilla.org/tooltool/', '--authentication-file', '/builds/relengapi.tok', 'fetch', '-m', '/builds/slave/test/build/tests/config/tooltool-manifests/linux64/releng.manifest', '-o', '-c', '/builds/tooltool_cache'] with output_timeout 600
16:56:27     INFO -  INFO - File linux64-minidump_stackwalk not present in local cache folder /builds/tooltool_cache
16:56:27     INFO -  INFO - Attempting to fetch from 'https://api.pub.build.mozilla.org/tooltool/'...
16:56:28     INFO -  INFO - File linux64-minidump_stackwalk fetched from https://api.pub.build.mozilla.org/tooltool/ as /builds/slave/test/build/tmpm1rgBp
16:56:28     INFO -  INFO - File integrity verified, renaming tmpm1rgBp to linux64-minidump_stackwalk
16:56:28     INFO -  INFO - Updating local cache /builds/tooltool_cache...
16:56:28     INFO -  INFO - Local cache /builds/tooltool_cache updated with linux64-minidump_stackwalk
16:56:28     INFO - Return code: 0
16:56:28     INFO - Chmoding /builds/slave/test/build/linux64-minidump_stackwalk to 0755
16:56:28     INFO - grabbing nodejs binary from tooltool
16:56:28     INFO - retry: Calling run_command with args: (['/tools/tooltool.py', '--url', 'https://api.pub.build.mozilla.org/tooltool/', '--authentication-file', '/builds/relengapi.tok', 'fetch', '-m', '/builds/slave/test/build/tests/config/tooltool-manifests/linux64/nodejs.manifest', '-o', '-c', '/builds/tooltool_cache'],), kwargs: {'output_timeout': 600, 'error_list': [{'substr': 'command not found', 'level': 'error'}, {'regex': <_sre.SRE_Pattern object at 0x184aa90>, 'level': 'warning'}, {'substr': 'Traceback (most recent call last)', 'level': 'error'}, {'substr': 'SyntaxError: ', 'level': 'error'}, {'substr': 'TypeError: ', 'level': 'error'}, {'substr': 'NameError: ', 'level': 'error'}, {'substr': 'ZeroDivisionError: ', 'level': 'error'}, {'regex': <_sre.SRE_Pattern object at 0x184c3f0>, 'level': 'critical'}, {'regex': <_sre.SRE_Pattern object at 0x184c670>, 'level': 'critical'}, {'substr': 'ERROR - ', 'level': 'error'}], 'cwd': '/builds/slave/test/build', 'privileged': False}, attempt #1
16:56:28     INFO - Running command: ['/tools/tooltool.py', '--url', 'https://api.pub.build.mozilla.org/tooltool/', '--authentication-file', '/builds/relengapi.tok', 'fetch', '-m', '/builds/slave/test/build/tests/config/tooltool-manifests/linux64/nodejs.manifest', '-o', '-c', '/builds/tooltool_cache'] in /builds/slave/test/build
16:56:28     INFO - Copy/paste: /tools/tooltool.py --url https://api.pub.build.mozilla.org/tooltool/ --authentication-file /builds/relengapi.tok fetch -m /builds/slave/test/build/tests/config/tooltool-manifests/linux64/nodejs.manifest -o -c /builds/tooltool_cache
16:56:28     INFO - Calling ['/tools/tooltool.py', '--url', 'https://api.pub.build.mozilla.org/tooltool/', '--authentication-file', '/builds/relengapi.tok', 'fetch', '-m', '/builds/slave/test/build/tests/config/tooltool-manifests/linux64/nodejs.manifest', '-o', '-c', '/builds/tooltool_cache'] with output_timeout 600
16:56:28     INFO -  INFO - File node-linux-x64.tar.gz not present in local cache folder /builds/tooltool_cache
16:56:28     INFO -  INFO - Attempting to fetch from 'https://api.pub.build.mozilla.org/tooltool/'...
16:56:30     INFO -  INFO - File node-linux-x64.tar.gz fetched from https://api.pub.build.mozilla.org/tooltool/ as /builds/slave/test/build/tmpIr7fBu
16:56:30     INFO -  INFO - File integrity verified, renaming tmpIr7fBu to node-linux-x64.tar.gz
16:56:30     INFO -  INFO - Updating local cache /builds/tooltool_cache...
16:56:30     INFO -  INFO - Local cache /builds/tooltool_cache updated with node-linux-x64.tar.gz
16:56:30     INFO -  INFO - untarring "node-linux-x64.tar.gz"
16:56:32     INFO - Return code: 0
16:56:32     INFO - Chmoding /builds/slave/test/build/node-linux-x64/bin/node to 0755
16:56:32     INFO - mkdir: /builds/slave/test/build/blobber_upload_dir
16:56:32     INFO - ENV: MOZ_UPLOAD_DIR is now /builds/slave/test/build/blobber_upload_dir
16:56:32     INFO - ENV: MINIDUMP_STACKWALK is now /builds/slave/test/build/linux64-minidump_stackwalk
16:56:32     INFO - ENV: MOZ_NODE_PATH is now /builds/slave/test/build/node-linux-x64/bin/node
16:56:32     INFO - ENV: MINIDUMP_SAVE_PATH is now /builds/slave/test/build/blobber_upload_dir
16:56:32     INFO - Running command: ['/builds/slave/test/build/venv/bin/python', '-u', '/builds/slave/test/build/tests/mochitest/runtests.py', '--total-chunks', '8', '--this-chunk', '8', '--appname=/builds/slave/test/build/application/firefox/firefox', '--utility-path=tests/bin', '--extra-profile-file=tests/bin/plugins', '--symbols-path=https://queue.taskcluster.net/v1/task/I1iAdq48Sa60c5BCPWswkg/artifacts/public/build/firefox-52.8.2.en-US.linux-x86_64.crashreporter-symbols.zip', '--certificate-path=tests/certs', '--setpref=webgl.force-enabled=true', '--quiet', '--log-raw=/builds/slave/test/build/blobber_upload_dir/mochitest-devtools-chrome_raw.log', '--log-errorsummary=/builds/slave/test/build/blobber_upload_dir/mochitest-devtools-chrome_errorsummary.log', '--use-test-media-devices', '--screenshot-on-fail', '--cleanup-crashes', '--marionette-startup-timeout=180', '--log-raw=-', '--flavor=browser', '--subsuite=devtools'] in /builds/slave/test/build
16:56:32     INFO - Copy/paste: /builds/slave/test/build/venv/bin/python -u /builds/slave/test/build/tests/mochitest/runtests.py --total-chunks 8 --this-chunk 8 --appname=/builds/slave/test/build/application/firefox/firefox --utility-path=tests/bin --extra-profile-file=tests/bin/plugins --symbols-path=https://queue.taskcluster.net/v1/task/I1iAdq48Sa60c5BCPWswkg/artifacts/public/build/firefox-52.8.2.en-US.linux-x86_64.crashreporter-symbols.zip --certificate-path=tests/certs --setpref=webgl.force-enabled=true --quiet --log-raw=/builds/slave/test/build/blobber_upload_dir/mochitest-devtools-chrome_raw.log --log-errorsummary=/builds/slave/test/build/blobber_upload_dir/mochitest-devtools-chrome_errorsummary.log --use-test-media-devices --screenshot-on-fail --cleanup-crashes --marionette-startup-timeout=180 --log-raw=- --flavor=browser --subsuite=devtools
16:56:32     INFO - Using env: {'CCACHE_DIR': '/builds/ccache',
16:56:32     INFO -  'CCACHE_UMASK': '002',
16:56:32     INFO -  'DISPLAY': ':0',
16:56:32     INFO -  'HOME': '/home/cltbld',
16:56:32     INFO -  'LANG': 'en_US.UTF-8',
16:56:32     INFO -  'LOGNAME': 'cltbld',
16:56:32     INFO -  'MAIL': '/var/mail/cltbld',
16:56:32     INFO -  'MINIDUMP_SAVE_PATH': '/builds/slave/test/build/blobber_upload_dir',
16:56:32     INFO -  'MINIDUMP_STACKWALK': '/builds/slave/test/build/linux64-minidump_stackwalk',
16:56:32     INFO -  'MOZ_HIDE_RESULTS_TABLE': '1',
16:56:32     INFO -  'MOZ_NODE_PATH': '/builds/slave/test/build/node-linux-x64/bin/node',
16:56:32     INFO -  'MOZ_NO_REMOTE': '1',
16:56:32     INFO -  'MOZ_UPLOAD_DIR': '/builds/slave/test/build/blobber_upload_dir',
16:56:32     INFO -  'NODE_PATH': '/usr/lib/nodejs:/usr/lib/node_modules:/usr/share/javascript',
16:56:32     INFO -  'NO_FAIL_ON_TEST_ERRORS': '1',
16:56:32     INFO -  'PATH': '/builds/slave/test/build/venv/bin:/usr/local/bin:/usr/local/bin:/usr/bin:/bin:/usr/local/games:/usr/games',
16:56:32     INFO -  'PROPERTIES_FILE': '/builds/slave/test/buildprops.json',
16:56:32     INFO -  'PWD': '/builds/slave/test',
16:56:32     INFO -  'SHELL': '/bin/bash',
16:56:32     INFO -  'SHLVL': '1',
16:56:32     INFO -  'TERM': 'linux',
16:56:32     INFO -  'TMOUT': '86400',
16:56:32     INFO -  'USER': 'cltbld',
16:56:32     INFO -  'XDG_SESSION_COOKIE': '9ca12473fbb1d023794ffd180000023c-1528501943.409407-1961421558',
16:56:32     INFO -  '_': '/tools/buildbot/bin/python'}
16:56:32     INFO - Calling ['/builds/slave/test/build/venv/bin/python', '-u', '/builds/slave/test/build/tests/mochitest/runtests.py', '--total-chunks', '8', '--this-chunk', '8', '--appname=/builds/slave/test/build/application/firefox/firefox', '--utility-path=tests/bin', '--extra-profile-file=tests/bin/plugins', '--symbols-path=https://queue.taskcluster.net/v1/task/I1iAdq48Sa60c5BCPWswkg/artifacts/public/build/firefox-52.8.2.en-US.linux-x86_64.crashreporter-symbols.zip', '--certificate-path=tests/certs', '--setpref=webgl.force-enabled=true', '--quiet', '--log-raw=/builds/slave/test/build/blobber_upload_dir/mochitest-devtools-chrome_raw.log', '--log-errorsummary=/builds/slave/test/build/blobber_upload_dir/mochitest-devtools-chrome_errorsummary.log', '--use-test-media-devices', '--screenshot-on-fail', '--cleanup-crashes', '--marionette-startup-timeout=180', '--log-raw=-', '--flavor=browser', '--subsuite=devtools'] with output_timeout 1000
16:56:32     INFO - Checking for orphan ssltunnel processes...
16:56:33     INFO - Checking for orphan xpcshell processes...
16:56:33     INFO - SUITE-START | Running 236 tests
16:56:33     INFO - TEST-START | devtools/client/webconsole/test/browser_webconsole_bug_1006027_message_timestamps_incorrect.js
16:56:33     INFO - TEST-SKIP | devtools/client/webconsole/test/browser_webconsole_bug_1006027_message_timestamps_incorrect.js | took 0ms
16:56:33     INFO - TEST-START | devtools/client/webconsole/test/browser_webconsole_bug_595350_multiple_windows_and_tabs.js
16:56:33     INFO - TEST-SKIP | devtools/client/webconsole/test/browser_webconsole_bug_595350_multiple_windows_and_tabs.js | took 0ms
16:56:33     INFO - TEST-START | devtools/client/webconsole/test/browser_webconsole_bug_595934_message_categories.js
16:56:33     INFO - TEST-SKIP | devtools/client/webconsole/test/browser_webconsole_bug_595934_message_categories.js | took 0ms
16:56:33     INFO - TEST-START | devtools/client/webconsole/test/browser_webconsole_bug_623749_ctrl_a_select_all_winnt.js
16:56:33     INFO - TEST-SKIP | devtools/client/webconsole/test/browser_webconsole_bug_623749_ctrl_a_select_all_winnt.js | took 0ms
16:56:33     INFO - TEST-START | devtools/client/webconsole/test/browser_webconsole_bug_632347_iterators_generators.js
16:56:33     INFO - TEST-SKIP | devtools/client/webconsole/test/browser_webconsole_bug_632347_iterators_generators.js | took 0ms
16:56:33     INFO - TEST-START | devtools/client/webconsole/test/browser_webconsole_bug_632817.js
16:56:33     INFO - TEST-SKIP | devtools/client/webconsole/test/browser_webconsole_bug_632817.js | took 1ms
16:56:33     INFO - TEST-START | devtools/client/webconsole/test/browser_webconsole_bug_653531_highlighter_console_helper.js
16:56:33     INFO - TEST-SKIP | devtools/client/webconsole/test/browser_webconsole_bug_653531_highlighter_console_helper.js | took 0ms
16:56:33     INFO - TEST-START | devtools/client/webconsole/test/browser_webconsole_bug_762593_insecure_passwords_web_console_warning.js
16:56:33     INFO - TEST-SKIP | devtools/client/webconsole/test/browser_webconsole_bug_762593_insecure_passwords_web_console_warning.js | took 0ms
16:56:33     INFO - TEST-START | devtools/client/webconsole/test/browser_webconsole_bug_764572_output_open_url.js
16:56:33     INFO - TEST-SKIP | devtools/client/webconsole/test/browser_webconsole_bug_764572_output_open_url.js | took 0ms
16:56:33     INFO - TEST-START | devtools/client/webconsole/test/browser_webconsole_bug_804845_ctrl_key_nav.js
16:56:33     INFO - TEST-SKIP | devtools/client/webconsole/test/browser_webconsole_bug_804845_ctrl_key_nav.js | took 1ms
16:56:33     INFO - TEST-START | devtools/client/webconsole/test/browser_webconsole_certificate_messages.js
16:56:33     INFO - TEST-SKIP | devtools/client/webconsole/test/browser_webconsole_certificate_messages.js | took 0ms
16:56:33     INFO - TEST-START | devtools/client/webconsole/test/browser_webconsole_hsts_invalid-headers.js
16:56:33     INFO - TEST-SKIP | devtools/client/webconsole/test/browser_webconsole_hsts_invalid-headers.js | took 0ms
16:56:33     INFO - TEST-START | devtools/client/webconsole/test/browser_webconsole_jsterm.js
16:56:33     INFO - TEST-SKIP | devtools/client/webconsole/test/browser_webconsole_jsterm.js | took 0ms
16:56:33     INFO - TEST-START | devtools/client/webconsole/test/browser_webconsole_netlogging.js
16:56:33     INFO - TEST-SKIP | devtools/client/webconsole/test/browser_webconsole_netlogging.js | took 0ms
16:56:33     INFO - TEST-START | devtools/client/webconsole/test/browser_webconsole_output_dom_elements_02.js
16:56:33     INFO - TEST-SKIP | devtools/client/webconsole/test/browser_webconsole_output_dom_elements_02.js | took 0ms
16:56:33     INFO - TEST-START | devtools/client/webconsole/test/browser_webconsole_output_dom_elements_03.js
16:56:33     INFO - TEST-SKIP | devtools/client/webconsole/test/browser_webconsole_output_dom_elements_03.js | took 0ms
16:56:33     INFO - TEST-START | devtools/client/webconsole/test/browser_webconsole_output_dom_elements_04.js
16:56:33     INFO - TEST-SKIP | devtools/client/webconsole/test/browser_webconsole_output_dom_elements_04.js | took 0ms
16:56:33     INFO - TEST-START | devtools/client/webconsole/test/browser_webconsole_property_provider.js
16:56:33     INFO - TEST-SKIP | devtools/client/webconsole/test/browser_webconsole_property_provider.js | took 0ms
16:56:33     INFO - TEST-START | devtools/client/webconsole/test/browser_webconsole_script_errordoc_urls.js
16:56:33     INFO - TEST-SKIP | devtools/client/webconsole/test/browser_webconsole_script_errordoc_urls.js | took 0ms
16:56:33     INFO - TEST-START | devtools/client/webide/test/browser_tabs.js
16:56:33     INFO - TEST-SKIP | devtools/client/webide/test/browser_tabs.js | took 0ms
16:56:33     INFO - TEST-START | devtools/server/tests/browser/browser_animation_updatedState.js
16:56:33     INFO - TEST-SKIP | devtools/server/tests/browser/browser_animation_updatedState.js | took 0ms
16:56:33     INFO - TEST-START | devtools/server/tests/browser/browser_canvasframe_helper_01.js
16:56:33     INFO - TEST-SKIP | devtools/server/tests/browser/browser_canvasframe_helper_01.js | took 0ms
16:56:33     INFO - TEST-START | devtools/server/tests/browser/browser_canvasframe_helper_03.js
16:56:33     INFO - TEST-SKIP | devtools/server/tests/browser/browser_canvasframe_helper_03.js | took 0ms
16:56:33     INFO - TEST-START | devtools/server/tests/browser/browser_canvasframe_helper_04.js
16:56:33     INFO - TEST-SKIP | devtools/server/tests/browser/browser_canvasframe_helper_04.js | took 0ms
16:56:33     INFO - TEST-START | devtools/server/tests/browser/browser_canvasframe_helper_05.js
16:56:33     INFO - TEST-SKIP | devtools/server/tests/browser/browser_canvasframe_helper_05.js | took 0ms
16:56:33     INFO - TEST-START | devtools/server/tests/browser/browser_canvasframe_helper_06.js
16:56:33     INFO - TEST-SKIP | devtools/server/tests/browser/browser_canvasframe_helper_06.js | took 0ms
16:56:33     INFO - TEST-START | devtools/server/tests/browser/browser_directorscript_actors.js
16:56:33     INFO - TEST-SKIP | devtools/server/tests/browser/browser_directorscript_actors.js | took 0ms
16:56:33     INFO - TEST-START | devtools/server/tests/browser/browser_directorscript_actors_error_events.js
16:56:33     INFO - TEST-SKIP | devtools/server/tests/browser/browser_directorscript_actors_error_events.js | took 0ms
16:56:33     INFO - TEST-START | devtools/server/tests/browser/browser_directorscript_actors_exports.js
16:56:33     INFO - TEST-SKIP | devtools/server/tests/browser/browser_directorscript_actors_exports.js | took 0ms
16:56:33     INFO - TEST-START | devtools/server/tests/browser/browser_navigateEvents.js
16:56:33     INFO - TEST-SKIP | devtools/server/tests/browser/browser_navigateEvents.js | took 0ms
16:56:33     INFO - TEST-START | devtools/server/tests/browser/browser_perf-allocation-data.js
16:56:33     INFO - TEST-SKIP | devtools/server/tests/browser/browser_perf-allocation-data.js | took 0ms
16:56:33     INFO - TEST-START | devtools/server/tests/browser/browser_perf-profiler-02.js
16:56:33     INFO - TEST-SKIP | devtools/server/tests/browser/browser_perf-profiler-02.js | took 1ms
16:56:33     INFO - TEST-START | devtools/server/tests/browser/browser_perf-profiler-03.js
16:56:33     INFO - TEST-SKIP | devtools/server/tests/browser/browser_perf-profiler-03.js | took 0ms
16:56:33     INFO - TEST-START | devtools/server/tests/browser/browser_perf-recording-actor-01.js
16:56:33     INFO - TEST-SKIP | devtools/server/tests/browser/browser_perf-recording-actor-01.js | took 0ms
16:56:33     INFO - TEST-START | devtools/server/tests/browser/browser_perf-recording-actor-02.js
16:56:33     INFO - TEST-SKIP | devtools/server/tests/browser/browser_perf-recording-actor-02.js | took 0ms
16:56:33     INFO -  dir: devtools/client/webconsole/test
16:56:35     INFO -  ImportError: No module named pygtk
16:56:36     INFO -  Setting pipeline to PAUSED ...
16:56:36     INFO -  libv4l2: error getting pixformat: Invalid argument
16:56:36     INFO -  Pipeline is PREROLLING ...
16:56:37     INFO -  Pipeline is PREROLLED ...
16:56:37     INFO -  Setting pipeline to PLAYING ...
16:56:37     INFO -  New clock: GstSystemClock
16:56:37     INFO -  Got EOS from element "pipeline0".
16:56:37     INFO -  Execution ended after 32238230 ns.
16:56:37     INFO -  Setting pipeline to PAUSED ...
16:56:37     INFO -  Setting pipeline to READY ...
16:56:37     INFO -  Setting pipeline to NULL ...
16:56:37     INFO -  Freeing pipeline ...
16:56:37     INFO -  23
16:56:37     INFO -  mozprofile.addons WARNING | Could not install /builds/slave/test/build/tests/mochitest/extensions/mozscreenshots: [Errno 2] No such file or directory: '/builds/slave/test/build/tests/mochitest/extensions/mozscreenshots/install.rdf'
16:56:37     INFO -  pk12util: PKCS12 IMPORT SUCCESSFUL
16:56:37     INFO - MochitestServer : launching [u'/builds/slave/test/build/tests/bin/xpcshell', '-g', '/builds/slave/test/build/application/firefox', '-v', '170', '-f', '/builds/slave/test/build/tests/bin/components/httpd.js', '-e', "const _PROFILE_PATH = '/tmp/tmpdlheRG.mozrunner'; const _SERVER_PORT = '8888'; const _SERVER_ADDR = '127.0.0.1'; const _TEST_PREFIX = undefined; const _DISPLAY_RESULTS = false;", '-f', '/builds/slave/test/build/tests/mochitest/server.js']
16:56:37     INFO - runtests.py | Server pid: 2453
16:56:37     INFO - runtests.py | Websocket server pid: 2456
16:56:38     INFO - runtests.py | SSL tunnel pid: 2459
16:56:38     INFO - runtests.py | Running with e10s: True
16:56:38     INFO - runtests.py | Running tests: start.
16:56:38     INFO - 
16:56:38     INFO - Application command: /builds/slave/test/build/application/firefox/firefox -marionette -foreground -profile /tmp/tmpdlheRG.mozrunner
16:56:38     INFO - runtests.py | Application pid: 2481
16:56:38     INFO - TEST-INFO | started process Main app process
16:56:41     INFO - 1528502201540	Marionette	INFO	Listening on port 2828
16:56:47     INFO - *** Start BrowserChrome Test Results ***
16:56:47     INFO - checking window state
16:56:47     INFO - TEST-START | devtools/client/webconsole/test/browser_console_hide_jsterm_when_devtools_chrome_enabled_false.js
16:57:00     INFO - MEMORY STAT vsizeMaxContiguous not supported in this build configuration.
16:57:00     INFO - MEMORY STAT | vsize 2109MB | residentFast 296MB | heapAllocated 147MB
16:57:00     INFO - TEST-OK | devtools/client/webconsole/test/browser_console_hide_jsterm_when_devtools_chrome_enabled_false.js | took 12936ms
16:57:00     INFO - checking window state
16:57:00     INFO - TEST-START | devtools/client/webconsole/test/browser_console_history_persist.js
16:57:12     INFO - MEMORY STAT | vsize 2141MB | residentFast 352MB | heapAllocated 184MB
16:57:12     INFO - TEST-OK | devtools/client/webconsole/test/browser_console_history_persist.js | took 11858ms
16:57:12     INFO - checking window state
16:57:12     INFO - TEST-START | devtools/client/webconsole/test/browser_console_open_or_focus.js
16:57:13     INFO - console.log: testmessage
16:57:14     INFO - MEMORY STAT | vsize 2146MB | residentFast 359MB | heapAllocated 187MB
16:57:14     INFO - TEST-OK | devtools/client/webconsole/test/browser_console_open_or_focus.js | took 1422ms
16:57:14     INFO - checking window state
16:57:14     INFO - TEST-START | devtools/client/webconsole/test/browser_console_variables_view.js
16:57:17     INFO - console.warn: notDebuggee: cannot access the environment of this function.
16:57:19     INFO - MEMORY STAT | vsize 2158MB | residentFast 353MB | heapAllocated 172MB
16:57:19     INFO - TEST-OK | devtools/client/webconsole/test/browser_console_variables_view.js | took 5692ms
16:57:20     INFO - checking window state
16:57:20     INFO - TEST-START | devtools/client/webconsole/test/browser_console_variables_view_dom_nodes.js
16:57:24     INFO - MEMORY STAT | vsize 2184MB | residentFast 343MB | heapAllocated 147MB
16:57:24     INFO - TEST-OK | devtools/client/webconsole/test/browser_console_variables_view_dom_nodes.js | took 4304ms
16:57:24     INFO - checking window state
16:57:24     INFO - TEST-START | devtools/client/webconsole/test/browser_console_variables_view_dont_sort_non_sortable_classes_properties.js
16:57:30     INFO - MEMORY STAT | vsize 2175MB | residentFast 298MB | heapAllocated 137MB
16:57:30     INFO - TEST-OK | devtools/client/webconsole/test/browser_console_variables_view_dont_sort_non_sortable_classes_properties.js | took 6302ms
16:57:30     INFO - checking window state
16:57:31     INFO - TEST-START | devtools/client/webconsole/test/browser_console_variables_view_filter.js
16:57:33     INFO - MEMORY STAT | vsize 2183MB | residentFast 311MB | heapAllocated 152MB
16:57:33     INFO - TEST-OK | devtools/client/webconsole/test/browser_console_variables_view_filter.js | took 2908ms
16:57:34     INFO - checking window state
16:57:34     INFO - TEST-START | devtools/client/webconsole/test/browser_console_variables_view_highlighter.js
16:57:45     INFO - MEMORY STAT | vsize 2175MB | residentFast 309MB | heapAllocated 147MB
16:57:45     INFO - TEST-OK | devtools/client/webconsole/test/browser_console_variables_view_highlighter.js | took 11884ms
16:57:46     INFO - checking window state
16:57:46     INFO - TEST-START | devtools/client/webconsole/test/browser_console_variables_view_special_names.js
16:57:48     INFO - MEMORY STAT | vsize 2179MB | residentFast 318MB | heapAllocated 160MB
16:57:48     INFO - TEST-OK | devtools/client/webconsole/test/browser_console_variables_view_special_names.js | took 2430ms
16:57:48     INFO - checking window state
16:57:48     INFO - TEST-START | devtools/client/webconsole/test/browser_console_variables_view_while_debugging.js
16:57:53     INFO - MEMORY STAT | vsize 2169MB | residentFast 323MB | heapAllocated 169MB
16:57:53     INFO - TEST-OK | devtools/client/webconsole/test/browser_console_variables_view_while_debugging.js | took 5258ms
16:57:53     INFO - checking window state
16:57:54     INFO - TEST-START | devtools/client/webconsole/test/browser_console_variables_view_while_debugging_and_inspecting.js
16:58:01     INFO - MEMORY STAT | vsize 2189MB | residentFast 360MB | heapAllocated 192MB
16:58:01     INFO - TEST-OK | devtools/client/webconsole/test/browser_console_variables_view_while_debugging_and_inspecting.js | took 7144ms
16:58:01     INFO - checking window state
16:58:01     INFO - TEST-START | devtools/client/webconsole/test/browser_eval_in_debugger_stackframe.js
16:58:08     INFO - MEMORY STAT | vsize 2189MB | residentFast 349MB | heapAllocated 170MB
16:58:08     INFO - TEST-OK | devtools/client/webconsole/test/browser_eval_in_debugger_stackframe.js | took 6724ms
16:58:08     INFO - checking window state
16:58:08     INFO - TEST-START | devtools/client/webconsole/test/browser_eval_in_debugger_stackframe2.js
16:58:12     INFO - MEMORY STAT | vsize 2189MB | residentFast 351MB | heapAllocated 176MB
16:58:12     INFO - TEST-OK | devtools/client/webconsole/test/browser_eval_in_debugger_stackframe2.js | took 4456ms
16:58:12     INFO - checking window state
16:58:12     INFO - TEST-START | devtools/client/webconsole/test/browser_jsterm_inspect.js
16:58:20     INFO - MEMORY STAT | vsize 2230MB | residentFast 371MB | heapAllocated 192MB
16:58:20     INFO - TEST-OK | devtools/client/webconsole/test/browser_jsterm_inspect.js | took 7926ms
16:58:20     INFO - checking window state
16:58:20     INFO - TEST-START | devtools/client/webconsole/test/browser_longstring_hang.js
16:58:23     INFO - MEMORY STAT | vsize 2230MB | residentFast 387MB | heapAllocated 203MB
16:58:23     INFO - TEST-OK | devtools/client/webconsole/test/browser_longstring_hang.js | took 2764ms
16:58:23     INFO - checking window state
16:58:23     INFO - TEST-START | devtools/client/webconsole/test/browser_netmonitor_shows_reqs_in_webconsole.js
16:58:27     INFO - MEMORY STAT | vsize 2232MB | residentFast 402MB | heapAllocated 215MB
16:58:27     INFO - TEST-OK | devtools/client/webconsole/test/browser_netmonitor_shows_reqs_in_webconsole.js | took 3664ms
16:58:27     INFO - checking window state
16:58:27     INFO - TEST-START | devtools/client/webconsole/test/browser_output_breaks_after_console_dir_uninspectable.js
16:58:31     INFO - MEMORY STAT | vsize 2238MB | residentFast 395MB | heapAllocated 206MB
16:58:31     INFO - TEST-OK | devtools/client/webconsole/test/browser_output_breaks_after_console_dir_uninspectable.js | took 3496ms
16:58:31     INFO - checking window state
16:58:31     INFO - TEST-START | devtools/client/webconsole/test/browser_output_longstring_expand.js
16:58:34     INFO - MEMORY STAT | vsize 2238MB | residentFast 402MB | heapAllocated 211MB
16:58:34     INFO - TEST-OK | devtools/client/webconsole/test/browser_output_longstring_expand.js | took 3000ms
16:58:34     INFO - checking window state
16:58:34     INFO - TEST-START | devtools/client/webconsole/test/browser_repeated_messages_accuracy.js
16:58:37     INFO - MEMORY STAT | vsize 2250MB | residentFast 418MB | heapAllocated 221MB
16:58:37     INFO - TEST-OK | devtools/client/webconsole/test/browser_repeated_messages_accuracy.js | took 3124ms
16:58:37     INFO - checking window state
16:58:37     INFO - TEST-START | devtools/client/webconsole/test/browser_result_format_as_string.js
16:58:40     INFO - console.error:
16:58:40     INFO -   Message: Error: Connection closed, pending request to server1.conn26.child1/domwalker32, type getNodeActorFromObjectActor failed
16:58:40     INFO - Request stack:
16:58:40     INFO - Front<.request@resource://gre/modules/commonjs/toolkit/loader.js -> resource://devtools/shared/protocol.js:1225:14
16:58:40     INFO - generateRequestMethods/</frontProto[name]@resource://gre/modules/commonjs/toolkit/loader.js -> resource://devtools/shared/protocol.js:1363:14
16:58:40     INFO - WalkerFront<.getNodeActorFromObjectActor<@resource://gre/modules/commonjs/toolkit/loader.js -> resource://devtools/shared/fronts/inspector.js:629:12
16:58:40     INFO - .linkToInspector<@resource://gre/modules/commonjs/toolkit/loader.js -> resource://devtools/client/webconsole/console-output.js:3192:29
16:58:40     INFO - TaskImpl.prototype._run@resource://gre/modules/commonjs/toolkit/loader.js -> resource://devtools/shared/task.js:311:39
16:58:40     INFO - Handler.prototype.process@resource://gre/modules/Promise.jsm -> resource://gre/modules/Promise-backend.js:932:23
16:58:40     INFO - this.PromiseWalker.walkerLoop@resource://gre/modules/Promise.jsm -> resource://gre/modules/Promise-backend.js:813:7
16:58:40     INFO - this.PromiseWalker.scheduleWalkerLoop/<@resource://gre/modules/Promise.jsm -> resource://gre/modules/Promise-backend.js:747:11
16:58:40     INFO -   Stack:
16:58:40     INFO -     Front<.destroy@resource://gre/modules/commonjs/toolkit/loader.js -> resource://devtools/shared/protocol.js:1172:23
16:58:40     INFO - WalkerFront<.destroy@resource://gre/modules/commonjs/toolkit/loader.js -> resource://devtools/shared/fronts/inspector.js:512:5
16:58:40     INFO - Pool<.destroy@resource://gre/modules/commonjs/toolkit/loader.js -> resource://devtools/shared/protocol.js:819:9
16:58:40     INFO - Front<.destroy@resource://gre/modules/commonjs/toolkit/loader.js -> resource://devtools/shared/protocol.js:1174:5
16:58:40     INFO - InspectorFront<.destroy@resource://gre/modules/commonjs/toolkit/loader.js -> resource://devtools/shared/fronts/inspector.js:963:5
16:58:40     INFO - Toolbox.prototype.destroyInspector/this._destroyingInspector<@resource://gre/modules/commonjs/toolkit/loader.js -> resource://devtools/client/framework/toolbox.js:2047:13
16:58:40     INFO - TaskImpl.prototype._run@resource://gre/modules/commonjs/toolkit/loader.js -> resource://devtools/shared/task.js:311:39
16:58:40     INFO - Handler.prototype.process@resource://gre/modules/Promise.jsm -> resource://gre/modules/Promise-backend.js:932:23
16:58:40     INFO - this.PromiseWalker.walkerLoop@resource://gre/modules/Promise.jsm -> resource://gre/modules/Promise-backend.js:813:7
16:58:40     INFO - this.PromiseWalker.scheduleWalkerLoop/<@resource://gre/modules/Promise.jsm -> resource://gre/modules/Promise-backend.js:747:11
16:58:40     INFO - MEMORY STAT | vsize 2254MB | residentFast 423MB | heapAllocated 222MB
16:58:40     INFO - TEST-OK | devtools/client/webconsole/test/browser_result_format_as_string.js | took 2802ms
16:58:40     INFO - checking window state
16:58:40     INFO - TEST-START | devtools/client/webconsole/test/browser_warn_user_about_replaced_api.js
16:58:49     INFO - MEMORY STAT | vsize 2307MB | residentFast 417MB | heapAllocated 210MB
16:58:49     INFO - TEST-OK | devtools/client/webconsole/test/browser_warn_user_about_replaced_api.js | took 8532ms
16:58:49     INFO - checking window state
16:58:49     INFO - TEST-START | devtools/client/webconsole/test/browser_webconsole_allow_mixedcontent_securityerrors.js
16:58:54     INFO - MEMORY STAT | vsize 2298MB | residentFast 361MB | heapAllocated 171MB
16:58:54     INFO - TEST-OK | devtools/client/webconsole/test/browser_webconsole_allow_mixedcontent_securityerrors.js | took 4898ms
16:58:54     INFO - checking window state
16:58:54     INFO - TEST-START | devtools/client/webconsole/test/browser_webconsole_assert.js
16:58:56     INFO - MEMORY STAT | vsize 2306MB | residentFast 375MB | heapAllocated 188MB
16:58:56     INFO - TEST-OK | devtools/client/webconsole/test/browser_webconsole_assert.js | took 2608ms
16:58:56     INFO - checking window state
16:58:57     INFO - TEST-START | devtools/client/webconsole/test/browser_webconsole_autocomplete-properties-with-non-alphanumeric-names.js
16:58:59     INFO - MEMORY STAT | vsize 2306MB | residentFast 374MB | heapAllocated 190MB
16:58:59     INFO - TEST-OK | devtools/client/webconsole/test/browser_webconsole_autocomplete-properties-with-non-alphanumeric-names.js | took 2584ms
16:58:59     INFO - checking window state
16:58:59     INFO - TEST-START | devtools/client/webconsole/test/browser_webconsole_autocomplete_accessibility.js
16:59:03     INFO - MEMORY STAT | vsize 2298MB | residentFast 346MB | heapAllocated 163MB
16:59:03     INFO - TEST-OK | devtools/client/webconsole/test/browser_webconsole_autocomplete_accessibility.js | took 3452ms
16:59:03     INFO - checking window state
16:59:03     INFO - TEST-START | devtools/client/webconsole/test/browser_webconsole_autocomplete_crossdomain_iframe.js
16:59:05     INFO - getProperty threw an exception: Error: Permission denied to access property "document"
16:59:05     INFO - Stack: getProperty@resource://gre/modules/commonjs/toolkit/loader.js -> resource://devtools/shared/DevToolsUtils.js:169:20
16:59:05     INFO - JSPropertyProvider@resource://gre/modules/commonjs/toolkit/loader.js -> resource://devtools/shared/webconsole/js-property-provider.js:259:13
16:59:05     INFO - exports.makeInfallible/<@resource://gre/modules/commonjs/toolkit/loader.js -> resource://devtools/shared/ThreadSafeDevToolsUtils.js:101:14
16:59:05     INFO - WCA_onAutocomplete@resource://gre/modules/commonjs/toolkit/loader.js -> resource://devtools/server/actors/webconsole.js:1007:18
16:59:05     INFO - onPacket@resource://gre/modules/commonjs/toolkit/loader.js -> resource://devtools/server/main.js:1743:15
16:59:05     INFO - ChildDebuggerTransport.prototype.receiveMessage@resource://gre/modules/commonjs/toolkit/loader.js -> resource://devtools/shared/transport/transport.js:761:7
16:59:05     INFO - Line: 0, column: 0
16:59:05     INFO - console.error:
16:59:05     INFO -   getProperty threw an exception: Error: Permission denied to access property "document"
16:59:05     INFO - Stack: getProperty@resource://gre/modules/commonjs/toolkit/loader.js -> resource://devtools/shared/DevToolsUtils.js:169:20
16:59:05     INFO - JSPropertyProvider@resource://gre/modules/commonjs/toolkit/loader.js -> resource://devtools/shared/webconsole/js-property-provider.js:259:13
16:59:05     INFO - exports.makeInfallible/<@resource://gre/modules/commonjs/toolkit/loader.js -> resource://devtools/shared/ThreadSafeDevToolsUtils.js:101:14
16:59:05     INFO - WCA_onAutocomplete@resource://gre/modules/commonjs/toolkit/loader.js -> resource://devtools/server/actors/webconsole.js:1007:18
16:59:05     INFO - onPacket@resource://gre/modules/commonjs/toolkit/loader.js -> resource://devtools/server/main.js:1743:15
16:59:05     INFO - ChildDebuggerTransport.prototype.receiveMessage@resource://gre/modules/commonjs/toolkit/loader.js -> resource://devtools/shared/transport/transport.js:761:7
16:59:05     INFO - Line: 0, column: 0
16:59:07     INFO - MEMORY STAT | vsize 2306MB | residentFast 346MB | heapAllocated 159MB
16:59:07     INFO - TEST-OK | devtools/client/webconsole/test/browser_webconsole_autocomplete_crossdomain_iframe.js | took 3850ms
16:59:07     INFO - checking window state
16:59:07     INFO - TEST-START | devtools/client/webconsole/test/browser_webconsole_autocomplete_in_debugger_stackframe.js
16:59:12     INFO - MEMORY STAT | vsize 2292MB | residentFast 345MB | heapAllocated 168MB
16:59:12     INFO - TEST-OK | devtools/client/webconsole/test/browser_webconsole_autocomplete_in_debugger_stackframe.js | took 5582ms
16:59:13     INFO - checking window state
16:59:13     INFO - TEST-START | devtools/client/webconsole/test/browser_webconsole_autocomplete_popup_close_on_tab_switch.js
16:59:15     INFO - MEMORY STAT | vsize 2306MB | residentFast 357MB | heapAllocated 179MB
16:59:15     INFO - TEST-OK | devtools/client/webconsole/test/browser_webconsole_autocomplete_popup_close_on_tab_switch.js | took 2796ms
16:59:15     INFO - checking window state
16:59:16     INFO - TEST-START | devtools/client/webconsole/test/browser_webconsole_block_mixedcontent_securityerrors.js
16:59:19     INFO - MEMORY STAT | vsize 2306MB | residentFast 361MB | heapAllocated 181MB
16:59:19     INFO - TEST-OK | devtools/client/webconsole/test/browser_webconsole_block_mixedcontent_securityerrors.js | took 3590ms
16:59:19     INFO - checking window state
16:59:19     INFO - TEST-START | devtools/client/webconsole/test/browser_webconsole_bug_1010953_cspro.js
16:59:22     INFO - console.log: 16:59:22.098 GET http://example.com/browser/devtools/client/webconsole/test/test_bug_1010953_cspro.html [HTTP/1.1 200 OK 38ms]
16:59:22     INFO - 16:59:22.208 Content Security Policy: The pages settings observed the loading of a resource at http://some.example.com/test_bug_1010953_cspro.js (script-src http://example.com). A CSP report is being sent. 1 (unknown)
16:59:22     INFO - 16:59:22.315 GET http://some.example.com/test_bug_1010953_cspro.js [65ms]
16:59:22     INFO - 16:59:22.343 POST https://example.com/ignored/ [HTTP/1.1 200 Connected 101ms]
16:59:22     INFO - 16:59:22.519 Content Security Policy: The pages settings blocked the loading of a resource at http://some.example.com/test.png (img-src http://example.com). 1 (unknown)
16:59:23     INFO - MEMORY STAT | vsize 2292MB | residentFast 353MB | heapAllocated 171MB
16:59:23     INFO - TEST-OK | devtools/client/webconsole/test/browser_webconsole_bug_1010953_cspro.js | took 3930ms
16:59:23     INFO - checking window state
16:59:23     INFO - TEST-START | devtools/client/webconsole/test/browser_webconsole_bug_1050691_click_function_to_source.js
16:59:28     INFO - MEMORY STAT | vsize 2306MB | residentFast 369MB | heapAllocated 190MB
16:59:28     INFO - TEST-OK | devtools/client/webconsole/test/browser_webconsole_bug_1050691_click_function_to_source.js | took 4358ms
16:59:28     INFO - checking window state
16:59:28     INFO - TEST-START | devtools/client/webconsole/test/browser_webconsole_bug_1247459_violation.js
16:59:31     INFO - MEMORY STAT | vsize 2306MB | residentFast 371MB | heapAllocated 188MB
16:59:31     INFO - TEST-OK | devtools/client/webconsole/test/browser_webconsole_bug_1247459_violation.js | took 2714ms
16:59:31     INFO - checking window state
16:59:31     INFO - TEST-START | devtools/client/webconsole/test/browser_webconsole_bug_579412_input_focus.js
16:59:34     INFO - MEMORY STAT | vsize 2302MB | residentFast 360MB | heapAllocated 176MB
16:59:34     INFO - TEST-OK | devtools/client/webconsole/test/browser_webconsole_bug_579412_input_focus.js | took 3704ms
16:59:34     INFO - checking window state
16:59:35     INFO - TEST-START | devtools/client/webconsole/test/browser_webconsole_bug_580001_closing_after_completion.js
16:59:38     INFO - MEMORY STAT | vsize 2306MB | residentFast 356MB | heapAllocated 161MB
16:59:38     INFO - TEST-OK | devtools/client/webconsole/test/browser_webconsole_bug_580001_closing_after_completion.js | took 3382ms
16:59:38     INFO - checking window state
16:59:38     INFO - TEST-START | devtools/client/webconsole/test/browser_webconsole_bug_580030_errors_after_page_reload.js
16:59:41     INFO - JavaScript error: http://example.com/browser/devtools/client/webconsole/test/test-error.html, line 16: ReferenceError: fooBazBaz is not defined
16:59:42     INFO - MEMORY STAT | vsize 2294MB | residentFast 335MB | heapAllocated 154MB
16:59:42     INFO - TEST-OK | devtools/client/webconsole/test/browser_webconsole_bug_580030_errors_after_page_reload.js | took 3642ms
16:59:42     INFO - checking window state
16:59:42     INFO - TEST-START | devtools/client/webconsole/test/browser_webconsole_bug_580454_timestamp_l10n.js
16:59:43     INFO - MEMORY STAT | vsize 2318MB | residentFast 339MB | heapAllocated 158MB
16:59:43     INFO - TEST-OK | devtools/client/webconsole/test/browser_webconsole_bug_580454_timestamp_l10n.js | took 1028ms
16:59:43     INFO - checking window state
16:59:43     INFO - TEST-START | devtools/client/webconsole/test/browser_webconsole_bug_582201_duplicate_errors.js
16:59:45     INFO - JavaScript error: http://example.com/browser/devtools/client/webconsole/test/test-duplicate-error.html, line 17: ReferenceError: fooDuplicateError1 is not defined
16:59:46     INFO - MEMORY STAT | vsize 2326MB | residentFast 342MB | heapAllocated 163MB
16:59:46     INFO - TEST-OK | devtools/client/webconsole/test/browser_webconsole_bug_582201_duplicate_errors.js | took 2898ms
16:59:46     INFO - checking window state
16:59:46     INFO - TEST-START | devtools/client/webconsole/test/browser_webconsole_bug_583816_No_input_and_Tab_key_pressed.js
16:59:49     INFO - MEMORY STAT | vsize 2326MB | residentFast 356MB | heapAllocated 178MB
16:59:49     INFO - TEST-OK | devtools/client/webconsole/test/browser_webconsole_bug_583816_No_input_and_Tab_key_pressed.js | took 2900ms
16:59:49     INFO - checking window state
16:59:49     INFO - TEST-START | devtools/client/webconsole/test/browser_webconsole_bug_585237_line_limit.js
16:59:53     INFO - MEMORY STAT | vsize 2322MB | residentFast 354MB | heapAllocated 179MB
16:59:53     INFO - TEST-OK | devtools/client/webconsole/test/browser_webconsole_bug_585237_line_limit.js | took 4372ms
16:59:53     INFO - checking window state
16:59:54     INFO - TEST-START | devtools/client/webconsole/test/browser_webconsole_bug_585956_console_trace.js
16:59:56     INFO - MEMORY STAT | vsize 2330MB | residentFast 357MB | heapAllocated 182MB
16:59:56     INFO - TEST-OK | devtools/client/webconsole/test/browser_webconsole_bug_585956_console_trace.js | took 2766ms
16:59:56     INFO - checking window state
16:59:56     INFO - TEST-START | devtools/client/webconsole/test/browser_webconsole_bug_585991_autocomplete_keys.js
17:00:01     INFO - MEMORY STAT | vsize 2322MB | residentFast 347MB | heapAllocated 163MB
17:00:01     INFO - TEST-OK | devtools/client/webconsole/test/browser_webconsole_bug_585991_autocomplete_keys.js | took 4624ms
17:00:01     INFO - checking window state
17:00:01     INFO - TEST-START | devtools/client/webconsole/test/browser_webconsole_bug_585991_autocomplete_popup.js
17:00:04     INFO - MEMORY STAT | vsize 2330MB | residentFast 353MB | heapAllocated 170MB
17:00:04     INFO - TEST-OK | devtools/client/webconsole/test/browser_webconsole_bug_585991_autocomplete_popup.js | took 2648ms
17:00:04     INFO - checking window state
17:00:04     INFO - TEST-START | devtools/client/webconsole/test/browser_webconsole_bug_586388_select_all.js
17:00:07     INFO - MEMORY STAT | vsize 2330MB | residentFast 343MB | heapAllocated 164MB
17:00:07     INFO - TEST-OK | devtools/client/webconsole/test/browser_webconsole_bug_586388_select_all.js | took 3236ms
17:00:07     INFO - checking window state
17:00:07     INFO - TEST-START | devtools/client/webconsole/test/browser_webconsole_bug_588342_document_focus.js
17:00:11     INFO - MEMORY STAT | vsize 2330MB | residentFast 344MB | heapAllocated 163MB
17:00:11     INFO - TEST-OK | devtools/client/webconsole/test/browser_webconsole_bug_588342_document_focus.js | took 3154ms
17:00:11     INFO - checking window state
17:00:11     INFO - TEST-START | devtools/client/webconsole/test/browser_webconsole_bug_588730_text_node_insertion.js
17:00:13     INFO - MEMORY STAT | vsize 2330MB | residentFast 351MB | heapAllocated 173MB
17:00:13     INFO - TEST-OK | devtools/client/webconsole/test/browser_webconsole_bug_588730_text_node_insertion.js | took 2570ms
17:00:13     INFO - checking window state
17:00:13     INFO - TEST-START | devtools/client/webconsole/test/browser_webconsole_bug_588967_input_expansion.js
17:00:16     INFO - MEMORY STAT | vsize 2330MB | residentFast 358MB | heapAllocated 181MB
17:00:16     INFO - TEST-OK | devtools/client/webconsole/test/browser_webconsole_bug_588967_input_expansion.js | took 3092ms
17:00:17     INFO - checking window state
17:00:17     INFO - TEST-START | devtools/client/webconsole/test/browser_webconsole_bug_589162_css_filter.js
17:00:20     INFO - MEMORY STAT | vsize 2320MB | residentFast 355MB | heapAllocated 172MB
17:00:20     INFO - TEST-OK | devtools/client/webconsole/test/browser_webconsole_bug_589162_css_filter.js | took 3238ms
17:00:20     INFO - checking window state
17:00:20     INFO - TEST-START | devtools/client/webconsole/test/browser_webconsole_bug_592442_closing_brackets.js
17:00:22     INFO - MEMORY STAT | vsize 2324MB | residentFast 367MB | heapAllocated 186MB
17:00:22     INFO - TEST-OK | devtools/client/webconsole/test/browser_webconsole_bug_592442_closing_brackets.js | took 2328ms
17:00:22     INFO - checking window state
17:00:23     INFO - TEST-START | devtools/client/webconsole/test/browser_webconsole_bug_593003_iframe_wrong_hud.js
17:00:31     INFO - MEMORY STAT | vsize 2316MB | residentFast 328MB | heapAllocated 151MB
17:00:31     INFO - TEST-OK | devtools/client/webconsole/test/browser_webconsole_bug_593003_iframe_wrong_hud.js | took 8550ms
17:00:31     INFO - checking window state
17:00:31     INFO - TEST-START | devtools/client/webconsole/test/browser_webconsole_bug_594497_history_arrow_keys.js
17:00:34     INFO - MEMORY STAT | vsize 2330MB | residentFast 340MB | heapAllocated 166MB
17:00:34     INFO - TEST-OK | devtools/client/webconsole/test/browser_webconsole_bug_594497_history_arrow_keys.js | took 2766ms
17:00:34     INFO - checking window state
17:00:34     INFO - TEST-START | devtools/client/webconsole/test/browser_webconsole_bug_595223_file_uri.js
17:00:38     INFO - MEMORY STAT | vsize 2317MB | residentFast 329MB | heapAllocated 155MB
17:00:38     INFO - TEST-OK | devtools/client/webconsole/test/browser_webconsole_bug_595223_file_uri.js | took 3724ms
17:00:38     INFO - checking window state
17:00:38     INFO - TEST-START | devtools/client/webconsole/test/browser_webconsole_bug_597103_deactivateHUDForContext_unfocused_window.js
17:00:46     INFO - MEMORY STAT | vsize 2330MB | residentFast 331MB | heapAllocated 155MB
17:00:46     INFO - TEST-OK | devtools/client/webconsole/test/browser_webconsole_bug_597103_deactivateHUDForContext_unfocused_window.js | took 8184ms
17:00:46     INFO - checking window state
17:00:46     INFO - TEST-START | devtools/client/webconsole/test/browser_webconsole_bug_597136_external_script_errors.js
17:00:49     INFO - JavaScript error: http://example.com/browser/devtools/client/webconsole/test/test-bug-597136-external-script-errors.js, line 7: ReferenceError: bogus is not defined
17:00:49     INFO - MEMORY STAT | vsize 2330MB | residentFast 337MB | heapAllocated 157MB
17:00:49     INFO - TEST-OK | devtools/client/webconsole/test/browser_webconsole_bug_597136_external_script_errors.js | took 3138ms
17:00:50     INFO - checking window state
17:00:50     INFO - TEST-START | devtools/client/webconsole/test/browser_webconsole_bug_597136_network_requests_from_chrome.js
17:00:50     INFO - MEMORY STAT | vsize 2330MB | residentFast 338MB | heapAllocated 157MB
17:00:50     INFO - TEST-OK | devtools/client/webconsole/test/browser_webconsole_bug_597136_network_requests_from_chrome.js | took 246ms
17:00:50     INFO - checking window state
17:00:50     INFO - TEST-START | devtools/client/webconsole/test/browser_webconsole_bug_597460_filter_scroll.js
17:00:56     INFO - MEMORY STAT | vsize 2330MB | residentFast 344MB | heapAllocated 168MB
17:00:56     INFO - TEST-OK | devtools/client/webconsole/test/browser_webconsole_bug_597460_filter_scroll.js | took 5872ms
17:00:56     INFO - checking window state
17:00:56     INFO - TEST-START | devtools/client/webconsole/test/browser_webconsole_bug_597756_reopen_closed_tab.js
17:00:56     INFO - JavaScript error: http://example.com/browser/devtools/client/webconsole/test/test-bug-597756-reopen-closed-tab.html, line 15: ReferenceError: fooBug597756_error is not defined
17:00:59     INFO - JavaScript error: http://example.com/browser/devtools/client/webconsole/test/test-bug-597756-reopen-closed-tab.html, line 15: ReferenceError: fooBug597756_error is not defined
17:01:00     INFO - JavaScript error: http://example.com/browser/devtools/client/webconsole/test/test-bug-597756-reopen-closed-tab.html, line 15: ReferenceError: fooBug597756_error is not defined
17:01:03     INFO - JavaScript error: http://example.com/browser/devtools/client/webconsole/test/test-bug-597756-reopen-closed-tab.html, line 15: ReferenceError: fooBug597756_error is not defined
17:01:03     INFO - MEMORY STAT | vsize 2330MB | residentFast 349MB | heapAllocated 173MB
17:01:03     INFO - TEST-OK | devtools/client/webconsole/test/browser_webconsole_bug_597756_reopen_closed_tab.js | took 7352ms
17:01:03     INFO - checking window state
17:01:03     INFO - TEST-START | devtools/client/webconsole/test/browser_webconsole_bug_599725_response_headers.js
17:01:08     INFO - MEMORY STAT | vsize 2316MB | residentFast 336MB | heapAllocated 160MB
17:01:08     INFO - TEST-OK | devtools/client/webconsole/test/browser_webconsole_bug_599725_response_headers.js | took 4394ms
17:01:08     INFO - checking window state
17:01:08     INFO - TEST-START | devtools/client/webconsole/test/browser_webconsole_bug_600183_charset.js
17:01:11     INFO - MEMORY STAT | vsize 2330MB | residentFast 352MB | heapAllocated 178MB
17:01:11     INFO - TEST-OK | devtools/client/webconsole/test/browser_webconsole_bug_600183_charset.js | took 3142ms
17:01:11     INFO - checking window state
17:01:11     INFO - TEST-START | devtools/client/webconsole/test/browser_webconsole_bug_601177_log_levels.js
17:01:11     INFO - JavaScript strict warning: chrome://browser/content/tabbrowser.xml, line 676: ReferenceError: reference to undefined property "initialPageLoadedFromURLBar"
17:01:12     INFO - JavaScript strict warning: resource://gre/modules/commonjs/toolkit/loader.js -> resource://devtools/shared/client/main.js, line 976: ReferenceError: reference to undefined property "type"
17:01:12     INFO - JavaScript strict warning: resource://gre/modules/commonjs/toolkit/loader.js -> resource://devtools/client/framework/attach-thread.js, line 80: ReferenceError: reference to undefined property "error"
17:01:12     INFO - JavaScript strict warning: resource://gre/modules/commonjs/toolkit/loader.js -> resource://devtools/shared/gcli/source/lib/gcli/settings.js, line 185: ReferenceError: reference to undefined property "ignoreTypeDifference"
17:01:12     INFO - JavaScript strict warning: resource://gre/modules/commonjs/toolkit/loader.js -> resource://devtools/shared/gcli/source/lib/gcli/commands/commands.js, line 293: ReferenceError: reference to undefined property "manual"
17:01:12     INFO - JavaScript strict warning: resource://gre/modules/commonjs/toolkit/loader.js -> resource://devtools/client/shared/vendor/react.js, line 9637: ReferenceError: reference to undefined property "$$typeof"
17:01:12     INFO - JavaScript strict warning: resource://gre/modules/commonjs/toolkit/loader.js -> resource://devtools/client/shared/vendor/react.js, line 5146: ReferenceError: reference to undefined property "autobind"
17:01:12     INFO - JavaScript strict warning: resource://gre/modules/commonjs/toolkit/loader.js -> resource://devtools/client/shared/vendor/react.js, line 5070: ReferenceError: reference to undefined property "propTypes"
17:01:13     INFO - JavaScript strict warning: resource://gre/modules/commonjs/toolkit/loader.js -> resource://devtools/client/shared/vendor/react.js, line 9637: ReferenceError: reference to undefined property "$$typeof"
17:01:13     INFO - JavaScript strict warning: resource://gre/modules/commonjs/toolkit/loader.js -> resource://devtools/client/shared/vendor/react.js, line 5146: ReferenceError: reference to undefined property "autobind"
17:01:13     INFO - JavaScript strict warning: resource://gre/modules/commonjs/toolkit/loader.js -> resource://devtools/client/shared/vendor/react.js, line 5070: ReferenceError: reference to undefined property "propTypes"
17:01:13     INFO - JavaScript strict warning: resource://gre/modules/commonjs/toolkit/loader.js -> resource://devtools/shared/gcli/source/lib/gcli/settings.js, line 185: ReferenceError: reference to undefined property "ignoreTypeDifference"
17:01:13     INFO - JavaScript strict warning: resource://gre/modules/commonjs/toolkit/loader.js -> resource://devtools/shared/gcli/source/lib/gcli/commands/commands.js, line 293: ReferenceError: reference to undefined property "manual"
17:01:13     INFO - JavaScript strict warning: resource://gre/modules/commonjs/toolkit/loader.js -> resource://devtools/client/shared/vendor/react.js, line 9637: ReferenceError: reference to undefined property "$$typeof"
17:01:13     INFO - JavaScript strict warning: resource://gre/modules/commonjs/toolkit/loader.js -> resource://devtools/client/shared/vendor/react.js, line 5146: ReferenceError: reference to undefined property "autobind"
17:01:13     INFO - JavaScript strict warning: resource://gre/modules/commonjs/toolkit/loader.js -> resource://devtools/client/shared/vendor/react.js, line 5070: ReferenceError: reference to undefined property "propTypes"
17:01:13     INFO - JavaScript strict warning: resource://gre/modules/commonjs/toolkit/loader.js -> resource://devtools/client/shared/widgets/tooltip/HTMLTooltip.js, line 216: ReferenceError: reference to undefined property "type"
17:01:13     INFO - JavaScript strict warning: resource://gre/modules/commonjs/toolkit/loader.js -> resource://devtools/client/shared/widgets/tooltip/HTMLTooltip.js, line 302: ReferenceError: reference to undefined property "width"
17:01:13     INFO - JavaScript strict warning: resource://gre/modules/commonjs/toolkit/loader.js -> resource://devtools/shared/gcli/source/lib/gcli/system.js, line 366: ReferenceError: reference to undefined property "front"
17:01:13     INFO - JavaScript strict warning: resource://gre/modules/commonjs/toolkit/loader.js -> resource://devtools/client/framework/toolbox.js, line 318: ReferenceError: reference to undefined property "_splitConsole"
17:01:14     INFO - JavaScript strict warning: resource://gre/modules/commonjs/toolkit/loader.js -> resource://devtools/client/webconsole/webconsole.js, line 2211: ReferenceError: reference to undefined property "level"
17:01:14     INFO - JavaScript strict warning: http://example.com/browser/devtools/client/webconsole/test/test-bug-601177-log-levels.js, line 6: ReferenceError: assignment to undeclared variable foobarBug601177strictError
17:01:14     INFO - JavaScript error: http://example.com/browser/devtools/client/webconsole/test/test-bug-601177-log-levels.js, line 8: TypeError: window.foobarBug601177exception is not a function
17:01:14     INFO - JavaScript strict warning: http://example.com/browser/devtools/client/webconsole/test/test-bug-601177-log-levels.html, line 8: ReferenceError: reference to undefined property "undefinedPropertyBug601177"
17:01:14     INFO - JavaScript strict warning: chrome://mochikit/content/tests/SimpleTest/TestRunner.js, line 238: ReferenceError: reference to undefined property "level"
17:01:14     INFO - JavaScript strict warning: resource://gre/modules/commonjs/toolkit/loader.js -> resource://devtools/client/webconsole/webconsole.js, line 2631: ReferenceError: reference to undefined property "_sourceMapService"
17:01:15     INFO - MEMORY STAT | vsize 2330MB | residentFast 350MB | heapAllocated 175MB
17:01:15     INFO - TEST-OK | devtools/client/webconsole/test/browser_webconsole_bug_601177_log_levels.js | took 3684ms
17:01:15     INFO - checking window state
17:01:15     INFO - TEST-START | devtools/client/webconsole/test/browser_webconsole_bug_601352_scroll.js
17:01:19     INFO - console.debug:
17:01:19     INFO - JavaScript error: jar:file:///builds/slave/test/build/application/firefox/omni.ja!/components/ContentProcessSingleton.js, line 59: TypeError: consoleMsg.functionName is null
17:01:19     INFO -   rectNode
17:01:19     INFO - Object
17:01:19     INFO -   - prototype Object
17:01:19     INFO -   rectOutput
17:01:19     INFO - Object
17:01:19     INFO -   - prototype Object
17:01:19     INFO - JavaScript error: jar:file:///builds/slave/test/build/application/firefox/omni.ja!/components/ContentProcessSingleton.js, line 59: TypeError: consoleMsg.functionName is null
17:01:19     INFO - console.log: scrollNode scrollHeight 2060 scrollTop 1895 clientHeight 165
17:01:20     INFO - MEMORY STAT | vsize 2322MB | residentFast 346MB | heapAllocated 174MB
17:01:20     INFO - TEST-OK | devtools/client/webconsole/test/browser_webconsole_bug_601352_scroll.js | took 4800ms
17:01:20     INFO - checking window state
17:01:20     INFO - TEST-START | devtools/client/webconsole/test/browser_webconsole_bug_601667_filter_buttons.js
17:01:25     INFO - MEMORY STAT | vsize 2330MB | residentFast 349MB | heapAllocated 176MB
17:01:25     INFO - TEST-OK | devtools/client/webconsole/test/browser_webconsole_bug_601667_filter_buttons.js | took 4620ms
17:01:25     INFO - checking window state
17:01:25     INFO - TEST-START | devtools/client/webconsole/test/browser_webconsole_bug_603750_websocket.js
17:01:29     INFO - MEMORY STAT | vsize 2317MB | residentFast 343MB | heapAllocated 165MB
17:01:29     INFO - TEST-OK | devtools/client/webconsole/test/browser_webconsole_bug_603750_websocket.js | took 4402ms
17:01:29     INFO - checking window state
17:01:29     INFO - TEST-START | devtools/client/webconsole/test/browser_webconsole_bug_611795.js
17:01:32     INFO - MEMORY STAT | vsize 2322MB | residentFast 352MB | heapAllocated 175MB
17:01:32     INFO - TEST-OK | devtools/client/webconsole/test/browser_webconsole_bug_611795.js | took 3078ms
17:01:33     INFO - checking window state
17:01:33     INFO - TEST-START | devtools/client/webconsole/test/browser_webconsole_bug_613013_console_api_iframe.js
17:01:36     INFO - MEMORY STAT | vsize 2330MB | residentFast 357MB | heapAllocated 181MB
17:01:36     INFO - TEST-OK | devtools/client/webconsole/test/browser_webconsole_bug_613013_console_api_iframe.js | took 3276ms
17:01:36     INFO - checking window state
17:01:36     INFO - TEST-START | devtools/client/webconsole/test/browser_webconsole_bug_613642_maintain_scroll.js
17:01:41     INFO - MEMORY STAT | vsize 2322MB | residentFast 358MB | heapAllocated 185MB
17:01:41     INFO - TEST-OK | devtools/client/webconsole/test/browser_webconsole_bug_613642_maintain_scroll.js | took 5232ms
17:01:41     INFO - checking window state
17:01:41     INFO - TEST-START | devtools/client/webconsole/test/browser_webconsole_bug_613642_prune_scroll.js
17:01:46     INFO - MEMORY STAT | vsize 2330MB | residentFast 358MB | heapAllocated 183MB
17:01:46     INFO - TEST-OK | devtools/client/webconsole/test/browser_webconsole_bug_613642_prune_scroll.js | took 4398ms
17:01:46     INFO - checking window state
17:01:46     INFO - TEST-START | devtools/client/webconsole/test/browser_webconsole_bug_614793_jsterm_scroll.js
17:01:53     INFO - MEMORY STAT | vsize 2322MB | residentFast 349MB | heapAllocated 169MB
17:01:53     INFO - TEST-OK | devtools/client/webconsole/test/browser_webconsole_bug_614793_jsterm_scroll.js | took 7004ms
17:01:53     INFO - checking window state
17:01:53     INFO - TEST-START | devtools/client/webconsole/test/browser_webconsole_bug_618078_network_exceptions.js
17:01:56     INFO - JavaScript error: http://example.com/browser/devtools/client/webconsole/test/test-bug-618078-network-exceptions.html, line 14: ReferenceError: bug618078exception is not defined
17:01:57     INFO - MEMORY STAT | vsize 2316MB | residentFast 333MB | heapAllocated 157MB
17:01:57     INFO - TEST-OK | devtools/client/webconsole/test/browser_webconsole_bug_618078_network_exceptions.js | took 4056ms
17:01:57     INFO - checking window state
17:01:57     INFO - TEST-START | devtools/client/webconsole/test/browser_webconsole_bug_621644_jsterm_dollar.js
17:02:00     INFO - MEMORY STAT | vsize 2322MB | residentFast 343MB | heapAllocated 167MB
17:02:00     INFO - TEST-OK | devtools/client/webconsole/test/browser_webconsole_bug_621644_jsterm_dollar.js | took 2890ms
17:02:00     INFO - checking window state
17:02:00     INFO - TEST-START | devtools/client/webconsole/test/browser_webconsole_bug_622303_persistent_filters.js
17:02:07     INFO - MEMORY STAT | vsize 2330MB | residentFast 341MB | heapAllocated 167MB
17:02:07     INFO - TEST-OK | devtools/client/webconsole/test/browser_webconsole_bug_622303_persistent_filters.js | took 6780ms
17:02:07     INFO - checking window state
17:02:07     INFO - TEST-START | devtools/client/webconsole/test/browser_webconsole_bug_630733_response_redirect_headers.js
17:02:10     INFO - MEMORY STAT | vsize 2330MB | residentFast 347MB | heapAllocated 173MB
17:02:10     INFO - TEST-OK | devtools/client/webconsole/test/browser_webconsole_bug_630733_response_redirect_headers.js | took 2566ms
17:02:10     INFO - checking window state
17:02:10     INFO - TEST-START | devtools/client/webconsole/test/browser_webconsole_bug_632275_getters_document_width.js
17:02:15     INFO - MEMORY STAT | vsize 2319MB | residentFast 346MB | heapAllocated 167MB
17:02:15     INFO - TEST-OK | devtools/client/webconsole/test/browser_webconsole_bug_632275_getters_document_width.js | took 5014ms
17:02:15     INFO - checking window state
17:02:15     INFO - TEST-START | devtools/client/webconsole/test/browser_webconsole_bug_642108_pruneTest.js
17:02:18     INFO - MEMORY STAT | vsize 2330MB | residentFast 349MB | heapAllocated 162MB
17:02:18     INFO - TEST-OK | devtools/client/webconsole/test/browser_webconsole_bug_642108_pruneTest.js | took 3070ms
17:02:18     INFO - checking window state
17:02:18     INFO - TEST-START | devtools/client/webconsole/test/browser_webconsole_bug_644419_log_limits.js
17:02:21     INFO - JavaScript error: http://example.com/browser/devtools/client/webconsole/test/test-bug-644419-log-limits.html, line 15: ReferenceError: bar is not defined
17:02:21     INFO - JavaScript error: http://example.com/browser/devtools/client/webconsole/test/test-bug-644419-log-limits.html, line 1: ReferenceError: fubar0 is not defined
17:02:21     INFO - JavaScript error: http://example.com/browser/devtools/client/webconsole/test/test-bug-644419-log-limits.html, line 1: ReferenceError: fubar1 is not defined
17:02:21     INFO - JavaScript error: http://example.com/browser/devtools/client/webconsole/test/test-bug-644419-log-limits.html, line 1: ReferenceError: fubar2 is not defined
17:02:21     INFO - JavaScript error: http://example.com/browser/devtools/client/webconsole/test/test-bug-644419-log-limits.html, line 1: ReferenceError: fubar3 is not defined
17:02:21     INFO - JavaScript error: http://example.com/browser/devtools/client/webconsole/test/test-bug-644419-log-limits.html, line 1: ReferenceError: fubar4 is not defined
17:02:21     INFO - JavaScript error: http://example.com/browser/devtools/client/webconsole/test/test-bug-644419-log-limits.html, line 1: ReferenceError: fubar5 is not defined
17:02:21     INFO - JavaScript error: http://example.com/browser/devtools/client/webconsole/test/test-bug-644419-log-limits.html, line 1: ReferenceError: fubar6 is not defined
17:02:21     INFO - JavaScript error: http://example.com/browser/devtools/client/webconsole/test/test-bug-644419-log-limits.html, line 1: ReferenceError: fubar7 is not defined
17:02:21     INFO - JavaScript error: http://example.com/browser/devtools/client/webconsole/test/test-bug-644419-log-limits.html, line 1: ReferenceError: fubar8 is not defined
17:02:21     INFO - JavaScript error: http://example.com/browser/devtools/client/webconsole/test/test-bug-644419-log-limits.html, line 1: ReferenceError: fubar9 is not defined
17:02:21     INFO - JavaScript error: http://example.com/browser/devtools/client/webconsole/test/test-bug-644419-log-limits.html, line 1: ReferenceError: fubar10 is not defined
17:02:23     INFO - Handler function NetworkEventActorProxy.addResponseContent threw an exception: [Exception... "Component returned failure code: 0xc1f30001 (NS_ERROR_NOT_INITIALIZED) [nsIMessageSender.sendAsyncMessage]"  nsresult: "0xc1f30001 (NS_ERROR_NOT_INITIALIZED)"  location: "JS frame :: resource://gre/modules/commonjs/toolkit/loader.js -> resource://devtools/shared/webconsole/network-monitor.js :: NetworkEventActorProxy.methodFactory/< :: line 1660"  data: no]
17:02:23     INFO - Stack: NetworkEventActorProxy.methodFactory/<@resource://gre/modules/commonjs/toolkit/loader.js -> resource://devtools/shared/webconsole/network-monitor.js:1660:5
17:02:23     INFO - exports.makeInfallible/<@resource://gre/modules/commonjs/toolkit/loader.js -> resource://devtools/shared/ThreadSafeDevToolsUtils.js:101:14
17:02:23     INFO - NetworkResponseListener.prototype._onComplete@resource://gre/modules/commonjs/toolkit/loader.js -> resource://devtools/shared/webconsole/network-monitor.js:621:5
17:02:23     INFO - NetworkResponseListener.prototype.onStreamClose@resource://gre/modules/commonjs/toolkit/loader.js -> resource://devtools/shared/webconsole/network-monitor.js:570:7
17:02:23     INFO - NetworkResponseListener.prototype.onInputStreamReady@resource://gre/modules/commonjs/toolkit/loader.js -> resource://devtools/shared/webconsole/network-monitor.js:669:7
17:02:23     INFO - Line: 1660, column: 0
17:02:23     INFO - console.error:
17:02:23     INFO -   Handler function NetworkEventActorProxy.addResponseContent threw an exception: [Exception... "Component returned failure code: 0xc1f30001 (NS_ERROR_NOT_INITIALIZED) [nsIMessageSender.sendAsyncMessage]"  nsresult: "0xc1f30001 (NS_ERROR_NOT_INITIALIZED)"  location: "JS frame :: resource://gre/modules/commonjs/toolkit/loader.js -> resource://devtools/shared/webconsole/network-monitor.js :: NetworkEventActorProxy.methodFactory/< :: line 1660"  data: no]
17:02:23     INFO - Stack: NetworkEventActorProxy.methodFactory/<@resource://gre/modules/commonjs/toolkit/loader.js -> resource://devtools/shared/webconsole/network-monitor.js:1660:5
17:02:23     INFO - exports.makeInfallible/<@resource://gre/modules/commonjs/toolkit/loader.js -> resource://devtools/shared/ThreadSafeDevToolsUtils.js:101:14
17:02:23     INFO - NetworkResponseListener.prototype._onComplete@resource://gre/modules/commonjs/toolkit/loader.js -> resource://devtools/shared/webconsole/network-monitor.js:621:5
17:02:23     INFO - NetworkResponseListener.prototype.onStreamClose@resource://gre/modules/commonjs/toolkit/loader.js -> resource://devtools/shared/webconsole/network-monitor.js:570:7
17:02:23     INFO - NetworkResponseListener.prototype.onInputStreamReady@resource://gre/modules/commonjs/toolkit/loader.js -> resource://devtools/shared/webconsole/network-monitor.js:669:7
17:02:23     INFO - Line: 1660, column: 0
17:02:23     INFO - MEMORY STAT | vsize 2330MB | residentFast 355MB | heapAllocated 170MB
17:02:23     INFO - TEST-OK | devtools/client/webconsole/test/browser_webconsole_bug_644419_log_limits.js | took 4596ms
17:02:23     INFO - checking window state
17:02:23     INFO - TEST-START | devtools/client/webconsole/test/browser_webconsole_bug_646025_console_file_location.js
17:02:27     INFO - MEMORY STAT | vsize 2316MB | residentFast 349MB | heapAllocated 170MB
17:02:27     INFO - TEST-OK | devtools/client/webconsole/test/browser_webconsole_bug_646025_console_file_location.js | took 3756ms
17:02:27     INFO - checking window state
17:02:27     INFO - TEST-START | devtools/client/webconsole/test/browser_webconsole_bug_651501_document_body_autocomplete.js
17:02:30     INFO - MEMORY STAT | vsize 2322MB | residentFast 366MB | heapAllocated 185MB
17:02:30     INFO - TEST-OK | devtools/client/webconsole/test/browser_webconsole_bug_651501_document_body_autocomplete.js | took 3466ms
17:02:31     INFO - checking window state
17:02:31     INFO - TEST-START | devtools/client/webconsole/test/browser_webconsole_bug_658368_time_methods.js

command interrupted, attempting to kill
process killed by signal 9
program finished with exit code -1
elapsedTime=604.908638
The web-page 'stop build' button was pressed by 'rvandermeulen@mozilla.com': Cancelled via self-serve
========= master_lag: 0.09 =========
========= Finished '/tools/buildbot/bin/python scripts/scripts/desktop_unittest.py ...' interrupted (results: 4, elapsed: 10 mins, 4 secs) (at 2018-06-08 17:02:31.997242) =========

========= Started 'bash -c ...' interrupted (results: 4, elapsed: 0 secs) (at 2018-06-08 17:02:32.003295) =========
bash -c 'for file in `ls -1`; do cat $file; done'
 in dir /builds/slave/test/properties (timeout 1200 secs)
 watching logfiles {}
 argv: ['bash', '-c', 'for file in `ls -1`; do cat $file; done']
 environment:
  HOME=/home/cltbld
  LANG=en_US.UTF-8
  LOGNAME=cltbld
  MAIL=/var/mail/cltbld
  NODE_PATH=/usr/lib/nodejs:/usr/lib/node_modules:/usr/share/javascript
  PATH=/usr/local/bin:/usr/local/bin:/usr/bin:/bin:/usr/local/games:/usr/games
  PWD=/builds/slave/test/properties
  SHELL=/bin/bash
  SHLVL=1
  TERM=linux
  TMOUT=86400
  USER=cltbld
  XDG_SESSION_COOKIE=9ca12473fbb1d023794ffd180000023c-1528501943.409407-1961421558
  _=/tools/buildbot/bin/python
 using PTY: False

command interrupted, attempting to kill
process killed by signal 9
program finished with exit code -1
elapsedTime=0.042284
The web-page 'stop build' button was pressed by 'rvandermeulen@mozilla.com': Cancelled via self-serve

========= master_lag: 0.02 =========
========= Finished 'bash -c ...' interrupted (results: 4, elapsed: 0 secs) (at 2018-06-08 17:02:32.064140) =========

========= Started 'rm -f ...' (results: 0, elapsed: 0 secs) (at 2018-06-08 17:02:32.071678) =========
rm -f oauth.txt
 in dir /builds/slave/test/. (timeout 1200 secs)
 watching logfiles {}
 argv: ['rm', '-f', 'oauth.txt']
 environment:
  HOME=/home/cltbld
  LANG=en_US.UTF-8
  LOGNAME=cltbld
  MAIL=/var/mail/cltbld
  NODE_PATH=/usr/lib/nodejs:/usr/lib/node_modules:/usr/share/javascript
  PATH=/usr/local/bin:/usr/local/bin:/usr/bin:/bin:/usr/local/games:/usr/games
  PWD=/builds/slave/test
  SHELL=/bin/bash
  SHLVL=1
  TERM=linux
  TMOUT=86400
  USER=cltbld
  XDG_SESSION_COOKIE=9ca12473fbb1d023794ffd180000023c-1528501943.409407-1961421558
  _=/tools/buildbot/bin/python
 using PTY: False
program finished with exit code 0
elapsedTime=0.053751
========= master_lag: 0.03 =========
========= Finished 'rm -f ...' (results: 0, elapsed: 0 secs) (at 2018-06-08 17:02:32.150483) =========

========= Started reboot skipped (results: 3, elapsed: 0 secs) (at 2018-06-08 17:02:32.151808) =========
========= Finished reboot skipped (results: 3, elapsed: 0 secs) (at 2018-06-08 17:02:32.152224) =========

========= Total master_lag: 0.20 =========

