builder: mozilla-esr52_ubuntu64_vm_test_pgo-mochitest-e10s-devtools-chrome-2
slave: tst-linux64-spot-007
starttime: 1528501996.1
results: cancelled (6)
buildid: 20180608150819
builduid: b298b373e93d4f8dbf92436c9ed838a2
revision: cbfdf01aac455e0591471201c96b89dee98190b5

========= Started set props: master (results: 0, elapsed: 0 secs) (at 2018-06-08 16:53:16.095347) =========
master: http://buildbot-master52.bb.releng.use1.mozilla.com:8201/
========= Finished set props: master (results: 0, elapsed: 0 secs) (at 2018-06-08 16:53:16.095793) =========

========= Started downloading to buildprops.json (results: 0, elapsed: 0 secs) (at 2018-06-08 16:53:16.096105) =========
========= Finished downloading to buildprops.json (results: 0, elapsed: 0 secs) (at 2018-06-08 16:53:16.251141) =========

========= Started 'bash -c ...' (results: 0, elapsed: 3 secs) (at 2018-06-08 16:53:16.251421) =========
bash -c 'wget -Oarchiver_client.py --no-check-certificate --tries=10 --waitretry=3 https://hg.mozilla.org/build/tools/raw-file/default/buildfarm/utils/archiver_client.py'
 in dir /builds/slave/test/. (timeout 1200 secs)
 watching logfiles {}
 argv: ['bash', '-c', 'wget -Oarchiver_client.py --no-check-certificate --tries=10 --waitretry=3 https://hg.mozilla.org/build/tools/raw-file/default/buildfarm/utils/archiver_client.py']
 environment:
  HOME=/home/cltbld
  LANG=en_US.UTF-8
  LOGNAME=cltbld
  MAIL=/var/mail/cltbld
  NODE_PATH=/usr/lib/nodejs:/usr/lib/node_modules:/usr/share/javascript
  PATH=/usr/local/bin:/usr/local/bin:/usr/bin:/bin:/usr/local/games:/usr/games
  PWD=/builds/slave/test
  SHELL=/bin/bash
  SHLVL=1
  TERM=linux
  TMOUT=86400
  USER=cltbld
  XDG_SESSION_COOKIE=9ca12473fbb1d023794ffd180000023c-1528501993.726091-1263777758
  _=/tools/buildbot/bin/python
 using PTY: False
--2018-06-08 16:53:16--  https://hg.mozilla.org/build/tools/raw-file/default/buildfarm/utils/archiver_client.py
Resolving hg.mozilla.org (hg.mozilla.org)... 63.245.215.25, 63.245.215.102
Connecting to hg.mozilla.org (hg.mozilla.org)|63.245.215.25|:443... connected.
HTTP request sent, awaiting response... 200 Script output follows
Length: 12179 (12K) [text/x-python]
Saving to: `archiver_client.py'

     0K .......... .                                          100% 8.27M=0.001s

2018-06-08 16:53:19 (8.27 MB/s) - `archiver_client.py' saved [12179/12179]

program finished with exit code 0
elapsedTime=3.400130
========= master_lag: 0.01 =========
========= Finished 'bash -c ...' (results: 0, elapsed: 3 secs) (at 2018-06-08 16:53:19.665511) =========

========= Started 'rm -rf ...' (results: 0, elapsed: 0 secs) (at 2018-06-08 16:53:19.665859) =========
rm -rf scripts properties
 in dir /builds/slave/test/. (timeout 1200 secs)
 watching logfiles {}
 argv: ['rm', '-rf', 'scripts', 'properties']
 environment:
  HOME=/home/cltbld
  LANG=en_US.UTF-8
  LOGNAME=cltbld
  MAIL=/var/mail/cltbld
  NODE_PATH=/usr/lib/nodejs:/usr/lib/node_modules:/usr/share/javascript
  PATH=/usr/local/bin:/usr/local/bin:/usr/bin:/bin:/usr/local/games:/usr/games
  PWD=/builds/slave/test
  SHELL=/bin/bash
  SHLVL=1
  TERM=linux
  TMOUT=86400
  USER=cltbld
  XDG_SESSION_COOKIE=9ca12473fbb1d023794ffd180000023c-1528501993.726091-1263777758
  _=/tools/buildbot/bin/python
 using PTY: False
program finished with exit code 0
elapsedTime=0.019364
========= master_lag: 0.04 =========
========= Finished 'rm -rf ...' (results: 0, elapsed: 0 secs) (at 2018-06-08 16:53:19.728221) =========

========= Started 'bash -c ...' (results: 0, elapsed: 2 secs) (at 2018-06-08 16:53:19.728568) =========
bash -c 'python archiver_client.py mozharness --repo releases/mozilla-esr52 --rev cbfdf01aac455e0591471201c96b89dee98190b5 --destination scripts --debug'
 in dir /builds/slave/test/. (timeout 1200 secs)
 watching logfiles {}
 argv: ['bash', '-c', u'python archiver_client.py mozharness --repo releases/mozilla-esr52 --rev cbfdf01aac455e0591471201c96b89dee98190b5 --destination scripts --debug']
 environment:
  HOME=/home/cltbld
  LANG=en_US.UTF-8
  LOGNAME=cltbld
  MAIL=/var/mail/cltbld
  NODE_PATH=/usr/lib/nodejs:/usr/lib/node_modules:/usr/share/javascript
  PATH=/usr/local/bin:/usr/local/bin:/usr/bin:/bin:/usr/local/games:/usr/games
  PWD=/builds/slave/test
  SHELL=/bin/bash
  SHLVL=1
  TERM=linux
  TMOUT=86400
  USER=cltbld
  XDG_SESSION_COOKIE=9ca12473fbb1d023794ffd180000023c-1528501993.726091-1263777758
  _=/tools/buildbot/bin/python
 using PTY: False
2018-06-08 16:53:19,843 truncating revision to first 12 chars
2018-06-08 16:53:19,843 Setting DEBUG logging.
2018-06-08 16:53:19,844 attempt 1/10
2018-06-08 16:53:19,844 Getting archive location from https://api.pub.build.mozilla.org/archiver/hgmo/releases/mozilla-esr52/cbfdf01aac45?&preferred_region=us-west-2&suffix=tar.gz&subdir=testing/mozharness
2018-06-08 16:53:21,348 unpacking tar archive at: mozilla-esr52-cbfdf01aac45/testing/mozharness/
program finished with exit code 0
elapsedTime=2.414347
========= master_lag: 0.01 =========
========= Finished 'bash -c ...' (results: 0, elapsed: 2 secs) (at 2018-06-08 16:53:22.155198) =========

========= Started set props: script_repo_revision (results: 0, elapsed: 0 secs) (at 2018-06-08 16:53:22.155495) =========
script_repo_revision: cbfdf01aac455e0591471201c96b89dee98190b5
========= Finished set props: script_repo_revision (results: 0, elapsed: 0 secs) (at 2018-06-08 16:53:22.155902) =========

========= Started downloading to oauth.txt (results: 0, elapsed: 0 secs) (at 2018-06-08 16:53:22.156190) =========
========= Finished downloading to oauth.txt (results: 0, elapsed: 0 secs) (at 2018-06-08 16:53:22.166343) =========

========= Started '/tools/buildbot/bin/python scripts/scripts/desktop_unittest.py ...' interrupted (results: 4, elapsed: 9 mins, 5 secs) (at 2018-06-08 16:53:22.166621) =========
/tools/buildbot/bin/python scripts/scripts/desktop_unittest.py --cfg unittests/linux_unittest.py --mochitest-suite mochitest-devtools-chrome --e10s --total-chunks 8 --this-chunk 2 --blob-upload-branch mozilla-esr52 --download-symbols ondemand
 in dir /builds/slave/test/. (timeout 1800 secs) (maxTime 4800 secs)
 watching logfiles {}
 argv: ['/tools/buildbot/bin/python', 'scripts/scripts/desktop_unittest.py', '--cfg', 'unittests/linux_unittest.py', '--mochitest-suite', 'mochitest-devtools-chrome', '--e10s', '--total-chunks', '8', '--this-chunk', '2', '--blob-upload-branch', 'mozilla-esr52', '--download-symbols', 'ondemand']
 environment:
  CCACHE_DIR=/builds/ccache
  CCACHE_UMASK=002
  DISPLAY=:0
  HOME=/home/cltbld
  LANG=en_US.UTF-8
  LOGNAME=cltbld
  MAIL=/var/mail/cltbld
  MOZ_HIDE_RESULTS_TABLE=1
  MOZ_NODE_PATH=/usr/bin/node
  MOZ_NO_REMOTE=1
  NODE_PATH=/usr/lib/nodejs:/usr/lib/node_modules:/usr/share/javascript
  NO_FAIL_ON_TEST_ERRORS=1
  PATH=/usr/local/bin:/usr/local/bin:/usr/bin:/bin:/usr/local/games:/usr/games
  PROPERTIES_FILE=/builds/slave/test/buildprops.json
  PWD=/builds/slave/test
  SHELL=/bin/bash
  SHLVL=1
  TERM=linux
  TMOUT=86400
  USER=cltbld
  XDG_SESSION_COOKIE=9ca12473fbb1d023794ffd180000023c-1528501993.726091-1263777758
  _=/tools/buildbot/bin/python
 using PTY: False
16:53:22     INFO - MultiFileLogger online at 20180608 16:53:22 in /builds/slave/test
16:53:22     INFO - Run as scripts/scripts/desktop_unittest.py --cfg unittests/linux_unittest.py --mochitest-suite mochitest-devtools-chrome --e10s --total-chunks 8 --this-chunk 2 --blob-upload-branch mozilla-esr52 --download-symbols ondemand
16:53:22     INFO - Dumping config to /builds/slave/test/logs/localconfig.json.
16:53:22     INFO - {'all_cppunittest_suites': {'cppunittest': {'tests': ('tests/cppunittest',)}},
16:53:22     INFO -  'all_gtest_suites': {'gtest': ()},
16:53:22     INFO -  'all_jittest_suites': {'jittest': (),
16:53:22     INFO -                         'jittest-chunked': (),
16:53:22     INFO -                         'jittest1': ('--total-chunks=2', '--this-chunk=1'),
16:53:22     INFO -                         'jittest2': ('--total-chunks=2', '--this-chunk=2')},
16:53:22     INFO -  'all_mochitest_suites': {'a11y': ('--flavor=a11y',),
16:53:22     INFO -                           'browser-chrome': ('--flavor=browser',),
16:53:22     INFO -                           'browser-chrome-addons': ('--flavor=browser',
16:53:22     INFO -                                                     '--chunk-by-runtime',
16:53:22     INFO -                                                     '--tag=addons'),
16:53:22     INFO -                           'browser-chrome-chunked': ('--flavor=browser',
16:53:22     INFO -                                                      '--chunk-by-runtime'),
16:53:22     INFO -                           'browser-chrome-clipboard': ('--flavor=browser',
16:53:22     INFO -                                                        '--subsuite=clipboard'),
16:53:22     INFO -                           'browser-chrome-coverage': ('--flavor=browser',
16:53:22     INFO -                                                       '--chunk-by-runtime',
16:53:22     INFO -                                                       '--timeout=1200'),
16:53:22     INFO -                           'browser-chrome-gpu': ('--flavor=browser',
16:53:22     INFO -                                                  '--subsuite=gpu'),
16:53:22     INFO -                           'browser-chrome-screenshots': ('--flavor=browser',
16:53:22     INFO -                                                          '--subsuite=screenshots'),
16:53:22     INFO -                           'chrome': ('--flavor=chrome',),
16:53:22     INFO -                           'chrome-chunked': ('--flavor=chrome',
16:53:22     INFO -                                              '--chunk-by-dir=4'),
16:53:22     INFO -                           'chrome-clipboard': ('--flavor=chrome',
16:53:22     INFO -                                                '--subsuite=clipboard'),
16:53:22     INFO -                           'chrome-gpu': ('--flavor=chrome', '--subsuite=gpu'),
16:53:22     INFO -                           'jetpack-addon': ('--flavor=jetpack-addon',),
16:53:22     INFO -                           'jetpack-package': ('--flavor=jetpack-package',),
16:53:22     INFO -                           'jetpack-package-clipboard': ('--flavor=jetpack-package',
16:53:22     INFO -                                                         '--subsuite=clipboard'),
16:53:22     INFO -                           'mochitest-devtools-chrome': ('--flavor=browser',
16:53:22     INFO -                                                         '--subsuite=devtools'),
16:53:22     INFO -                           'mochitest-devtools-chrome-chunked': ('--flavor=browser',
16:53:22     INFO -                                                                 '--subsuite=devtools',
16:53:22     INFO -                                                                 '--chunk-by-runtime'),
16:53:22     INFO -                           'mochitest-devtools-chrome-coverage': ('--flavor=browser',
16:53:22     INFO -                                                                  '--subsuite=devtools',
16:53:22     INFO -                                                                  '--chunk-by-runtime',
16:53:22     INFO -                                                                  '--timeout=1200'),
16:53:22     INFO -                           'mochitest-gl': ('--subsuite=webgl',),
16:53:22     INFO -                           'mochitest-media': ('--subsuite=media',),
16:53:22     INFO -                           'plain': (),
16:53:22     INFO -                           'plain-chunked': ('--chunk-by-dir=4',),
16:53:22     INFO -                           'plain-clipboard': ('--subsuite=clipboard',),
16:53:22     INFO -                           'plain-gpu': ('--subsuite=gpu',),
16:53:22     INFO -                           'valgrind-plain': ('--valgrind=/usr/bin/valgrind',
16:53:22     INFO -                                              '--valgrind-supp-files=/builds/slave/test/build/tests/mochitest/x86_64-redhat-linux-gnu.sup,/builds/slave/test/build/tests/mochitest/cross-architecture.sup',
16:53:22     INFO -                                              '--timeout=900',
16:53:22     INFO -                                              '--max-timeouts=50')},
16:53:22     INFO -  'all_mozbase_suites': {'mozbase': ()},
16:53:22     INFO -  'all_reftest_suites': {'crashtest': {'options': ('--suite=crashtest',),
16:53:22     INFO -                                       'tests': ('tests/reftest/tests/testing/crashtest/crashtests.list',)},
16:53:22     INFO -                         'jsreftest': {'options': ('--extra-profile-file=tests/jsreftest/tests/user.js',
16:53:22     INFO -                                                   '--suite=jstestbrowser'),
16:53:22     INFO -                                       'tests': ('tests/jsreftest/tests/jstests.list',)},
16:53:22     INFO -                         'reftest': {'options': ('--suite=reftest',),
16:53:22     INFO -                                     'tests': ('tests/reftest/tests/layout/reftests/reftest.list',)},
16:53:22     INFO -                         'reftest-no-accel': {'options': ('--suite=reftest',
16:53:22     INFO -                                                          '--setpref=layers.acceleration.force-enabled=disabled'),
16:53:22     INFO -                                              'tests': ('tests/reftest/tests/layout/reftests/reftest.list',)}},
16:53:22     INFO -  'all_xpcshell_suites': {'xpcshell': {'options': ('--xpcshell=%(abs_app_dir)s/xpcshell',
16:53:22     INFO -                                                   '--manifest=tests/xpcshell/tests/xpcshell.ini'),
16:53:22     INFO -                                       'tests': ()},
16:53:22     INFO -                          'xpcshell-addons': {'options': ('--xpcshell=%(abs_app_dir)s/xpcshell',
16:53:22     INFO -                                                          '--tag=addons',
16:53:22     INFO -                                                          '--manifest=tests/xpcshell/tests/xpcshell.ini'),
16:53:22     INFO -                                              'tests': ()},
16:53:22     INFO -                          'xpcshell-coverage': {'options': ('--xpcshell=%(abs_app_dir)s/xpcshell',
16:53:22     INFO -                                                            '--manifest=tests/xpcshell/tests/xpcshell.ini'),
16:53:22     INFO -                                                'tests': ()}},
16:53:22     INFO -  'allow_software_gl_layers': False,
16:53:22     INFO -  'append_to_log': False,
16:53:22     INFO -  'base_work_dir': '/builds/slave/test',
16:53:22     INFO -  'binary_path': '/builds/slave/test/build/application/firefox/firefox-bin',
16:53:22     INFO -  'blob_upload_branch': 'mozilla-esr52',
16:53:22     INFO -  'blob_uploader_auth_file': '/builds/slave/test/oauth.txt',
16:53:22     INFO -  'buildbot_json_path': 'buildprops.json',
16:53:22     INFO -  'buildbot_max_log_size': 52428800,
16:53:22     INFO -  'code_coverage': False,
16:53:22     INFO -  'config_files': ('unittests/linux_unittest.py',),
16:53:22     INFO -  'default_blob_upload_servers': ('https://blobupload.elasticbeanstalk.com',),
16:53:22     INFO -  'download_minidump_stackwalk': True,
16:53:22     INFO -  'download_nodejs': True,
16:53:22     INFO -  'download_symbols': 'ondemand',
16:53:22     INFO -  'e10s': True,
16:53:22     INFO -  'exe_suffix': '',
16:53:22     INFO -  'exes': {'python': '/tools/buildbot/bin/python',
16:53:22     INFO -           'tooltool.py': '/tools/tooltool.py',
16:53:22     INFO -           'virtualenv': ('/tools/buildbot/bin/python',
16:53:22     INFO -                          '/tools/misc-python/virtualenv.py')},
16:53:22     INFO -  'find_links': ('http://pypi.pvt.build.mozilla.org/pub',
16:53:22     INFO -                 'http://pypi.pub.build.mozilla.org/pub'),
16:53:22     INFO -  'installer_path': '/builds/slave/test/build/installer.tar.bz2',
16:53:22     INFO -  'log_level': 'info',
16:53:22     INFO -  'log_to_console': True,
16:53:22     INFO -  'minidump_save_path': '%(abs_work_dir)s/../minidumps',
16:53:22     INFO -  'minidump_stackwalk_path': 'linux64-minidump_stackwalk',
16:53:22     INFO -  'minidump_tooltool_manifest_path': 'config/tooltool-manifests/linux64/releng.manifest',
16:53:22     INFO -  'minimum_tests_zip_dirs': ('bin/*',
16:53:22     INFO -                             'certs/*',
16:53:22     INFO -                             'config/*',
16:53:22     INFO -                             'mach',
16:53:22     INFO -                             'marionette/*',
16:53:22     INFO -                             'modules/*',
16:53:22     INFO -                             'mozbase/*',
16:53:22     INFO -                             'tools/*'),
16:53:22     INFO -  'no_random': False,
16:53:22     INFO -  'nodejs_path': 'node-linux-x64/bin/node',
16:53:22     INFO -  'nodejs_tooltool_manifest_path': 'config/tooltool-manifests/linux64/nodejs.manifest',
16:53:22     INFO -  'opt_config_files': (),
16:53:22     INFO -  'pip_index': False,
16:53:22     INFO -  'preflight_run_cmd_suites': ({'architectures': ('32bit', '64bit'),
16:53:22     INFO -                                'cmd': ('xset', 's', 'off', 's', 'reset'),
16:53:22     INFO -                                'enabled': True,
16:53:22     INFO -                                'halt_on_failure': False,
16:53:22     INFO -                                'name': 'disable_screen_saver'},
16:53:22     INFO -                               {'architectures': ('32bit',),
16:53:22     INFO -                                'cmd': ('python',
16:53:22     INFO -                                        '../scripts/external_tools/mouse_and_screen_resolution.py',
16:53:22     INFO -                                        '--configuration-file',
16:53:22     INFO -                                        '../scripts/external_tools/machine-configuration.json'),
16:53:22     INFO -                                'enabled': False,
16:53:22     INFO -                                'halt_on_failure': True,
16:53:22     INFO -                                'name': 'run mouse & screen adjustment script'}),
16:53:22     INFO -  'require_test_zip': True,
16:53:22     INFO -  'run_all_suites': False,
16:53:22     INFO -  'run_cmd_checks_enabled': True,
16:53:22     INFO -  'run_file_names': {'cppunittest': 'runcppunittests.py',
16:53:22     INFO -                     'gtest': 'rungtests.py',
16:53:22     INFO -                     'jittest': 'jit_test.py',
16:53:22     INFO -                     'mochitest': 'runtests.py',
16:53:22     INFO -                     'mozbase': 'test.py',
16:53:22     INFO -                     'mozmill': 'runtestlist.py',
16:53:22     INFO -                     'reftest': 'runreftest.py',
16:53:22     INFO -                     'xpcshell': 'runxpcshelltests.py'},
16:53:22     INFO -  'specific_tests_zip_dirs': {'cppunittest': ('cppunittest/*',),
16:53:22     INFO -                              'gtest': ('gtest/*',),
16:53:22     INFO -                              'jittest': ('jit-test/*',),
16:53:22     INFO -                              'mochitest': ('mochitest/*',),
16:53:22     INFO -                              'mozbase': ('mozbase/*',),
16:53:22     INFO -                              'mozmill': ('mozmill/*',),
16:53:22     INFO -                              'reftest': ('reftest/*', 'jsreftest/*'),
16:53:22     INFO -                              'xpcshell': ('xpcshell/*',)},
16:53:22     INFO -  'specified_mochitest_suites': ('mochitest-devtools-chrome',),
16:53:22     INFO -  'strict_content_sandbox': False,
16:53:22     INFO -  'suite_definitions': {'cppunittest': {'options': ('--symbols-path=%(symbols_path)s',
16:53:22     INFO -                                                    '--xre-path=%(abs_app_dir)s'),
16:53:22     INFO -                                        'run_filename': 'runcppunittests.py',
16:53:22     INFO -                                        'testsdir': 'cppunittest'},
16:53:22     INFO -                        'gtest': {'options': ('--xre-path=%(abs_res_dir)s',
16:53:22     INFO -                                              '--cwd=%(gtest_dir)s',
16:53:22     INFO -                                              '--symbols-path=%(symbols_path)s',
16:53:22     INFO -                                              '--utility-path=tests/bin',
16:53:22     INFO -                                              '%(binary_path)s'),
16:53:22     INFO -                                  'run_filename': 'rungtests.py'},
16:53:22     INFO -                        'jittest': {'options': ('tests/bin/js',
16:53:22     INFO -                                                '--no-slow',
16:53:22     INFO -                                                '--no-progress',
16:53:22     INFO -                                                '--format=automation',
16:53:22     INFO -                                                '--jitflags=all',
16:53:22     INFO -                                                '--timeout=970'),
16:53:22     INFO -                                    'run_filename': 'jit_test.py',
16:53:22     INFO -                                    'run_timeout': 1000,
16:53:22     INFO -                                    'testsdir': 'jit-test/jit-test'},
16:53:22     INFO -                        'mochitest': {'options': ('--appname=%(binary_path)s',
16:53:22     INFO -                                                  '--utility-path=tests/bin',
16:53:22     INFO -                                                  '--extra-profile-file=tests/bin/plugins',
16:53:22     INFO -                                                  '--symbols-path=%(symbols_path)s',
16:53:22     INFO -                                                  '--certificate-path=tests/certs',
16:53:22     INFO -                                                  '--setpref=webgl.force-enabled=true',
16:53:22     INFO -                                                  '--quiet',
16:53:22     INFO -                                                  '--log-raw=%(raw_log_file)s',
16:53:22     INFO -                                                  '--log-errorsummary=%(error_summary_file)s',
16:53:22     INFO -                                                  '--use-test-media-devices',
16:53:22     INFO -                                                  '--screenshot-on-fail',
16:53:22     INFO -                                                  '--cleanup-crashes',
16:53:22     INFO -                                                  '--marionette-startup-timeout=180'),
16:53:22     INFO -                                      'run_filename': 'runtests.py',
16:53:22     INFO -                                      'testsdir': 'mochitest'},
16:53:22     INFO -                        'mozbase': {'options': ('-b', '%(binary_path)s'),
16:53:22     INFO -                                    'run_filename': 'test.py',
16:53:22     INFO -                                    'testsdir': 'mozbase'},
16:53:22     INFO -                        'mozmill': {'options': ('--binary=%(binary_path)s',
16:53:22     INFO -                                                '--testing-modules-dir=test/modules',
16:53:22     INFO -                                                '--plugins-path=%(test_plugin_path)s',
16:53:22     INFO -                                                '--symbols-path=%(symbols_path)s'),
16:53:22     INFO -                                    'run_filename': 'runtestlist.py',
16:53:22     INFO -                                    'testsdir': 'mozmill'},
16:53:22     INFO -                        'reftest': {'options': ('--appname=%(binary_path)s',
16:53:22     INFO -                                                '--utility-path=tests/bin',
16:53:22     INFO -                                                '--extra-profile-file=tests/bin/plugins',
16:53:22     INFO -                                                '--symbols-path=%(symbols_path)s',
16:53:22     INFO -                                                '--log-raw=%(raw_log_file)s',
16:53:22     INFO -                                                '--log-errorsummary=%(error_summary_file)s',
16:53:22     INFO -                                                '--cleanup-crashes'),
16:53:22     INFO -                                    'run_filename': 'runreftest.py',
16:53:22     INFO -                                    'testsdir': 'reftest'},
16:53:22     INFO -                        'xpcshell': {'options': ('--symbols-path=%(symbols_path)s',
16:53:22     INFO -                                                 '--test-plugin-path=%(test_plugin_path)s',
16:53:22     INFO -                                                 '--log-raw=%(raw_log_file)s',
16:53:22     INFO -                                                 '--log-errorsummary=%(error_summary_file)s',
16:53:22     INFO -                                                 '--utility-path=tests/bin'),
16:53:22     INFO -                                     'run_filename': 'runxpcshelltests.py',
16:53:22     INFO -                                     'testsdir': 'xpcshell'}},
16:53:22     INFO -  'this_chunk': '2',
16:53:22     INFO -  'tooltool_cache': '/builds/tooltool_cache',
16:53:22     INFO -  'total_chunks': '8',
16:53:22     INFO -  'unstructured_flavors': {'cppunittest': (),
16:53:22     INFO -                           'gtest': (),
16:53:22     INFO -                           'jittest': (),
16:53:22     INFO -                           'mochitest': ('jetpack',),
16:53:22     INFO -                           'mozbase': (),
16:53:22     INFO -                           'mozmill': (),
16:53:22     INFO -                           'xpcshell': ()},
16:53:22     INFO -  'vcs_output_timeout': 1000,
16:53:22     INFO -  'virtualenv_path': 'venv',
16:53:22     INFO -  'volatile_config': {'actions': None, 'add_actions': None, 'no_actions': None},
16:53:22     INFO -  'work_dir': 'build',
16:53:22     INFO -  'xpcshell_name': 'xpcshell'}
16:53:22     INFO - [mozharness: 2018-06-08 23:53:22.546505Z] Running clobber step.
16:53:22     INFO - Running pre-action listener: _resource_record_pre_action
16:53:22     INFO - Running main action method: clobber
16:53:22     INFO - rmtree: /builds/slave/test/build
16:53:22     INFO - Running post-action listener: _resource_record_post_action
16:53:22     INFO - [mozharness: 2018-06-08 23:53:22.561853Z] Finished clobber step (success)
16:53:22     INFO - [mozharness: 2018-06-08 23:53:22.562283Z] Running read-buildbot-config step.
16:53:22     INFO - Running pre-action listener: _resource_record_pre_action
16:53:22     INFO - Running main action method: read_buildbot_config
16:53:22     INFO - Using buildbot properties:
16:53:22     INFO - {
16:53:22     INFO -     "project": "", 
16:53:22     INFO -     "product": "firefox", 
16:53:22     INFO -     "script_repo_revision": "production", 
16:53:22     INFO -     "scheduler": "tests-mozilla-esr52-ubuntu64_vm-pgo-unittest", 
16:53:22     INFO -     "repository": "", 
16:53:22     INFO -     "buildername": "Ubuntu VM 12.04 x64 mozilla-esr52 pgo test mochitest-e10s-devtools-chrome-2", 
16:53:22     INFO -     "buildid": "20180608150819", 
16:53:22     INFO -     "pgo_build": "True", 
16:53:22     INFO -     "basedir": "/builds/slave/test", 
16:53:22     INFO -     "buildnumber": 7, 
16:53:22     INFO -     "slavename": "tst-linux64-spot-007", 
16:53:22     INFO -     "master": "http://buildbot-master52.bb.releng.use1.mozilla.com:8201/", 
16:53:22     INFO -     "platform": "linux64", 
16:53:22     INFO -     "branch": "mozilla-esr52", 
16:53:22     INFO -     "revision": "cbfdf01aac455e0591471201c96b89dee98190b5", 
16:53:22     INFO -     "repo_path": "releases/mozilla-esr52", 
16:53:22     INFO -     "moz_repo_path": "", 
16:53:22     INFO -     "stage_platform": "linux64-pgo", 
16:53:22     INFO -     "builduid": "b298b373e93d4f8dbf92436c9ed838a2", 
16:53:22     INFO -     "slavebuilddir": "test"
16:53:22     INFO - }
16:53:22     INFO - Found installer url https://queue.taskcluster.net/v1/task/I1iAdq48Sa60c5BCPWswkg/artifacts/public/build/firefox-52.8.2.en-US.linux-x86_64.tar.bz2.
16:53:22     INFO - Found a test packages url https://queue.taskcluster.net/v1/task/I1iAdq48Sa60c5BCPWswkg/artifacts/public/build/firefox-52.8.2.en-US.linux-x86_64.test_packages.json.
16:53:22     INFO - Running post-action listener: _resource_record_post_action
16:53:22     INFO - [mozharness: 2018-06-08 23:53:22.573183Z] Finished read-buildbot-config step (success)
16:53:22     INFO - [mozharness: 2018-06-08 23:53:22.573548Z] Running download-and-extract step.
16:53:22     INFO - Running pre-action listener: _pre_download_and_extract
16:53:22  WARNING - Try message not found.
16:53:22     INFO - Running pre-action listener: _resource_record_pre_action
16:53:22     INFO - Running main action method: download_and_extract
16:53:22     INFO - mkdir: /builds/slave/test/build/tests
16:53:22     INFO - Downloading https://queue.taskcluster.net/v1/task/I1iAdq48Sa60c5BCPWswkg/artifacts/public/build/firefox-52.8.2.en-US.linux-x86_64.test_packages.json to /builds/slave/test/build/firefox-52.8.2.en-US.linux-x86_64.test_packages.json
16:53:22     INFO - retry: Calling _download_file with args: (), kwargs: {'url': 'https://queue.taskcluster.net/v1/task/I1iAdq48Sa60c5BCPWswkg/artifacts/public/build/firefox-52.8.2.en-US.linux-x86_64.test_packages.json', 'file_name': '/builds/slave/test/build/firefox-52.8.2.en-US.linux-x86_64.test_packages.json'}, attempt #1
16:53:24     INFO - Downloaded 1361 bytes.
16:53:24     INFO - Reading from file /builds/slave/test/build/firefox-52.8.2.en-US.linux-x86_64.test_packages.json
16:53:24     INFO - Using the following test package requirements:
16:53:24     INFO - {u'common': [u'firefox-52.8.2.en-US.linux-x86_64.common.tests.zip'],
16:53:24     INFO -  u'cppunittest': [u'firefox-52.8.2.en-US.linux-x86_64.common.tests.zip',
16:53:24     INFO -                   u'firefox-52.8.2.en-US.linux-x86_64.cppunittest.tests.zip'],
16:53:24     INFO -  u'gtest': [u'firefox-52.8.2.en-US.linux-x86_64.common.tests.zip',
16:53:24     INFO -             u'firefox-52.8.2.en-US.linux-x86_64.gtest.tests.zip'],
16:53:24     INFO -  u'jittest': [u'firefox-52.8.2.en-US.linux-x86_64.common.tests.zip',
16:53:24     INFO -               u'jsshell-linux-x86_64.zip'],
16:53:24     INFO -  u'mochitest': [u'firefox-52.8.2.en-US.linux-x86_64.common.tests.zip',
16:53:24     INFO -                 u'firefox-52.8.2.en-US.linux-x86_64.mochitest.tests.zip'],
16:53:24     INFO -  u'mozbase': [u'firefox-52.8.2.en-US.linux-x86_64.common.tests.zip'],
16:53:24     INFO -  u'reftest': [u'firefox-52.8.2.en-US.linux-x86_64.common.tests.zip',
16:53:24     INFO -               u'firefox-52.8.2.en-US.linux-x86_64.reftest.tests.zip'],
16:53:24     INFO -  u'talos': [u'firefox-52.8.2.en-US.linux-x86_64.common.tests.zip',
16:53:24     INFO -             u'firefox-52.8.2.en-US.linux-x86_64.talos.tests.zip'],
16:53:24     INFO -  u'web-platform': [u'firefox-52.8.2.en-US.linux-x86_64.common.tests.zip',
16:53:24     INFO -                    u'firefox-52.8.2.en-US.linux-x86_64.web-platform.tests.zip'],
16:53:24     INFO -  u'xpcshell': [u'firefox-52.8.2.en-US.linux-x86_64.common.tests.zip',
16:53:24     INFO -                u'firefox-52.8.2.en-US.linux-x86_64.xpcshell.tests.zip']}
16:53:24     INFO - Downloading packages: [u'firefox-52.8.2.en-US.linux-x86_64.common.tests.zip', u'firefox-52.8.2.en-US.linux-x86_64.mochitest.tests.zip'] for test suite category: mochitest
16:53:24     INFO - Adding 'mozinfo.json' for extraction from common.tests zip file
16:53:24     INFO - Downloading and extracting to /builds/slave/test/build/tests these dirs bin/*, certs/*, config/*, mach, marionette/*, modules/*, mozbase/*, tools/*, mochitest/*, mozinfo.json from https://queue.taskcluster.net/v1/task/I1iAdq48Sa60c5BCPWswkg/artifacts/public/build/firefox-52.8.2.en-US.linux-x86_64.common.tests.zip
16:53:24     INFO - retry: Calling fetch_url_into_memory with args: (), kwargs: {'url': u'https://queue.taskcluster.net/v1/task/I1iAdq48Sa60c5BCPWswkg/artifacts/public/build/firefox-52.8.2.en-US.linux-x86_64.common.tests.zip'}, attempt #1
16:53:24     INFO - Fetch https://queue.taskcluster.net/v1/task/I1iAdq48Sa60c5BCPWswkg/artifacts/public/build/firefox-52.8.2.en-US.linux-x86_64.common.tests.zip into memory
16:53:25     INFO - Http code: 200
16:53:25     INFO - via: 1.1 b04a4cffa8fb4f524ff7edcab1b5ae31.cloudfront.net (CloudFront)
16:53:25     INFO - x-amz-cf-id: FwqxY40-fG-qCd3ZovV1CRGisH6SCurPZQVtWG_hSvRwGzILVoSx5A==
16:53:25     INFO - x-amz-version-id: amyEguiG3.NEsCgIpfpr7ojoc30OcAP5
16:53:27     INFO - Expected file size: 22192748
16:53:27     INFO - Obtained file size: 22192748
16:53:28     INFO - Downloading and extracting to /builds/slave/test/build/tests these dirs bin/*, certs/*, config/*, mach, marionette/*, modules/*, mozbase/*, tools/*, mochitest/*, mozinfo.json from https://queue.taskcluster.net/v1/task/I1iAdq48Sa60c5BCPWswkg/artifacts/public/build/firefox-52.8.2.en-US.linux-x86_64.mochitest.tests.zip
16:53:28     INFO - retry: Calling fetch_url_into_memory with args: (), kwargs: {'url': u'https://queue.taskcluster.net/v1/task/I1iAdq48Sa60c5BCPWswkg/artifacts/public/build/firefox-52.8.2.en-US.linux-x86_64.mochitest.tests.zip'}, attempt #1
16:53:28     INFO - Fetch https://queue.taskcluster.net/v1/task/I1iAdq48Sa60c5BCPWswkg/artifacts/public/build/firefox-52.8.2.en-US.linux-x86_64.mochitest.tests.zip into memory
16:53:30     INFO - Http code: 200
16:53:30     INFO - via: 1.1 6be093c16fa776bbd432bbe9bd03f6af.cloudfront.net (CloudFront)
16:53:30     INFO - x-amz-cf-id: V0IeITfyT0vof81hr4PyTVoPZPlX6Km8Xk2iyEHDQO6wSDmGplKItw==
16:53:30     INFO - x-amz-version-id: pVaLoGmwkPIw3WqAG.TA2Gozslw06heL
16:53:35     INFO - Expected file size: 80595071
16:53:35     INFO - Obtained file size: 80595071
16:53:57     INFO - Downloading https://queue.taskcluster.net/v1/task/I1iAdq48Sa60c5BCPWswkg/artifacts/public/build/firefox-52.8.2.en-US.linux-x86_64.tar.bz2 to /builds/slave/test/build/installer.tar.bz2
16:53:57     INFO - retry: Calling _download_file with args: (), kwargs: {'url': 'https://queue.taskcluster.net/v1/task/I1iAdq48Sa60c5BCPWswkg/artifacts/public/build/firefox-52.8.2.en-US.linux-x86_64.tar.bz2', 'file_name': '/builds/slave/test/build/installer.tar.bz2'}, attempt #1
16:54:02     INFO - Downloaded 57821935 bytes.
16:54:02     INFO - Setting buildbot property build_url to https://queue.taskcluster.net/v1/task/I1iAdq48Sa60c5BCPWswkg/artifacts/public/build/firefox-52.8.2.en-US.linux-x86_64.tar.bz2
16:54:02     INFO - mkdir: /builds/slave/test/properties
16:54:02     INFO - Writing buildbot properties ['build_url'] to /builds/slave/test/properties/build_url
16:54:02     INFO - Writing to file /builds/slave/test/properties/build_url
16:54:02     INFO - Contents:
16:54:02     INFO -  build_url:https://queue.taskcluster.net/v1/task/I1iAdq48Sa60c5BCPWswkg/artifacts/public/build/firefox-52.8.2.en-US.linux-x86_64.tar.bz2
16:54:04     INFO - Running post-action listener: _resource_record_post_action
16:54:04     INFO - Running post-action listener: set_extra_try_arguments
16:54:04     INFO - [mozharness: 2018-06-08 23:54:04.404794Z] Finished download-and-extract step (success)
16:54:04     INFO - [mozharness: 2018-06-08 23:54:04.405385Z] Running create-virtualenv step.
16:54:04     INFO - Running pre-action listener: _install_mozbase
16:54:04     INFO - Running pre-action listener: _pre_create_virtualenv
16:54:04     INFO - Running pre-action listener: _resource_record_pre_action
16:54:04     INFO - Running main action method: create_virtualenv
16:54:04     INFO - Creating virtualenv /builds/slave/test/build/venv
16:54:04     INFO - Running command: ['/tools/buildbot/bin/python', '/builds/slave/test/scripts/external_tools/virtualenv/virtualenv.py', '--always-copy', '/builds/slave/test/build/venv'] in /builds/slave/test/build
16:54:04     INFO - Copy/paste: /tools/buildbot/bin/python /builds/slave/test/scripts/external_tools/virtualenv/virtualenv.py --always-copy /builds/slave/test/build/venv
16:54:04     INFO - Using partial env: {'VIRTUALENV_NO_DOWNLOAD': '1'}
16:54:06     INFO -  Using real prefix '/usr'
16:54:06     INFO -  New python executable in /builds/slave/test/build/venv/bin/python
16:54:09     INFO -  Installing setuptools, pip, wheel...done.
16:54:09     INFO - Return code: 0
16:54:09     INFO - Installing psutil>=3.1.1 into virtualenv /builds/slave/test/build/venv
16:54:09     INFO - retry: Calling run_command with args: [['/builds/slave/test/build/venv/bin/pip', 'install', '--timeout', '120', '--no-index', '--find-links', 'http://pypi.pvt.build.mozilla.org/pub', '--find-links', 'http://pypi.pub.build.mozilla.org/pub', '--trusted-host', 'pypi.pub.build.mozilla.org', '--trusted-host', 'pypi.pvt.build.mozilla.org', 'psutil>=3.1.1']], kwargs: {'error_level': 'warning', 'error_list': [{'substr': 'not found or a compiler error:', 'level': 'warning'}, {'regex': <_sre.SRE_Pattern object at 0x7f75e391e110>, 'level': 'error'}, {'regex': <_sre.SRE_Pattern object at 0x7f75e3a26e40>, 'level': 'warning'}, {'regex': <_sre.SRE_Pattern object at 0xd713e0>, 'level': 'debug'}, {'substr': 'command not found', 'level': 'error'}, {'regex': <_sre.SRE_Pattern object at 0xd6da90>, 'level': 'warning'}, {'substr': 'Traceback (most recent call last)', 'level': 'error'}, {'substr': 'SyntaxError: ', 'level': 'error'}, {'substr': 'TypeError: ', 'level': 'error'}, {'substr': 'NameError: ', 'level': 'error'}, {'substr': 'ZeroDivisionError: ', 'level': 'error'}, {'regex': <_sre.SRE_Pattern object at 0xd6f3f0>, 'level': 'critical'}, {'regex': <_sre.SRE_Pattern object at 0xd6f670>, 'level': 'critical'}], 'cwd': '/builds/slave/test/build', 'env': {'TMOUT': '86400', 'LOGNAME': 'cltbld', 'USER': 'cltbld', 'HOME': '/home/cltbld', 'PATH': '/usr/local/bin:/usr/local/bin:/usr/bin:/bin:/usr/local/games:/usr/games', 'DISPLAY': ':0', 'CCACHE_UMASK': '002', 'LANG': 'en_US.UTF-8', 'TERM': 'linux', 'SHELL': '/bin/bash', 'MOZ_NODE_PATH': '/usr/bin/node', 'XDG_SESSION_COOKIE': '9ca12473fbb1d023794ffd180000023c-1528501993.726091-1263777758', 'SHLVL': '1', 'NO_FAIL_ON_TEST_ERRORS': '1', 'MOZ_NO_REMOTE': '1', 'MOZ_HIDE_RESULTS_TABLE': '1', 'MAIL': '/var/mail/cltbld', '_': '/tools/buildbot/bin/python', 'NODE_PATH': '/usr/lib/nodejs:/usr/lib/node_modules:/usr/share/javascript', 'PWD': '/builds/slave/test', 'PROPERTIES_FILE': '/builds/slave/test/buildprops.json', 'CCACHE_DIR': '/builds/ccache'}}, attempt #1
16:54:09     INFO - Running command: ['/builds/slave/test/build/venv/bin/pip', 'install', '--timeout', '120', '--no-index', '--find-links', 'http://pypi.pvt.build.mozilla.org/pub', '--find-links', 'http://pypi.pub.build.mozilla.org/pub', '--trusted-host', 'pypi.pub.build.mozilla.org', '--trusted-host', 'pypi.pvt.build.mozilla.org', 'psutil>=3.1.1'] in /builds/slave/test/build
16:54:09     INFO - Copy/paste: /builds/slave/test/build/venv/bin/pip install --timeout 120 --no-index --find-links http://pypi.pvt.build.mozilla.org/pub --find-links http://pypi.pub.build.mozilla.org/pub --trusted-host pypi.pub.build.mozilla.org --trusted-host pypi.pvt.build.mozilla.org psutil>=3.1.1
16:54:09     INFO - Using env: {'CCACHE_DIR': '/builds/ccache',
16:54:09     INFO -  'CCACHE_UMASK': '002',
16:54:09     INFO -  'DISPLAY': ':0',
16:54:09     INFO -  'HOME': '/home/cltbld',
16:54:09     INFO -  'LANG': 'en_US.UTF-8',
16:54:09     INFO -  'LOGNAME': 'cltbld',
16:54:09     INFO -  'MAIL': '/var/mail/cltbld',
16:54:09     INFO -  'MOZ_HIDE_RESULTS_TABLE': '1',
16:54:09     INFO -  'MOZ_NODE_PATH': '/usr/bin/node',
16:54:09     INFO -  'MOZ_NO_REMOTE': '1',
16:54:09     INFO -  'NODE_PATH': '/usr/lib/nodejs:/usr/lib/node_modules:/usr/share/javascript',
16:54:09     INFO -  'NO_FAIL_ON_TEST_ERRORS': '1',
16:54:09     INFO -  'PATH': '/usr/local/bin:/usr/local/bin:/usr/bin:/bin:/usr/local/games:/usr/games',
16:54:09     INFO -  'PROPERTIES_FILE': '/builds/slave/test/buildprops.json',
16:54:09     INFO -  'PWD': '/builds/slave/test',
16:54:09     INFO -  'SHELL': '/bin/bash',
16:54:09     INFO -  'SHLVL': '1',
16:54:09     INFO -  'TERM': 'linux',
16:54:09     INFO -  'TMOUT': '86400',
16:54:09     INFO -  'USER': 'cltbld',
16:54:09     INFO -  'XDG_SESSION_COOKIE': '9ca12473fbb1d023794ffd180000023c-1528501993.726091-1263777758',
16:54:09     INFO -  '_': '/tools/buildbot/bin/python'}
16:54:10     INFO -  Ignoring indexes: https://pypi.python.org/simple
16:54:10     INFO -  Collecting psutil>=3.1.1
16:54:10     INFO -  /builds/slave/test/build/venv/lib/python2.7/site-packages/pip/_vendor/requests/packages/urllib3/util/ssl_.py:318: SNIMissingWarning: An HTTPS request has been made, but the SNI (Subject Name Indication) extension to TLS is not available on this platform. This may cause the server to present an incorrect TLS certificate, which can cause validation failures. You can upgrade to a newer version of Python to solve this. For more information, see https://urllib3.readthedocs.org/en/latest/security.html#snimissingwarning.
16:54:10     INFO -    SNIMissingWarning
16:54:10     INFO -  /builds/slave/test/build/venv/lib/python2.7/site-packages/pip/_vendor/requests/packages/urllib3/util/ssl_.py:122: InsecurePlatformWarning: A true SSLContext object is not available. This prevents urllib3 from configuring SSL appropriately and may cause certain SSL connections to fail. You can upgrade to a newer version of Python to solve this. For more information, see https://urllib3.readthedocs.org/en/latest/security.html#insecureplatformwarning.
16:54:10     INFO -    InsecurePlatformWarning
16:54:13     INFO -  /builds/slave/test/build/venv/lib/python2.7/site-packages/pip/_vendor/requests/packages/urllib3/util/ssl_.py:122: InsecurePlatformWarning: A true SSLContext object is not available. This prevents urllib3 from configuring SSL appropriately and may cause certain SSL connections to fail. You can upgrade to a newer version of Python to solve this. For more information, see https://urllib3.readthedocs.org/en/latest/security.html#insecureplatformwarning.
16:54:13     INFO -    InsecurePlatformWarning
16:54:19     INFO -    Downloading https://pypi.pvt.build.mozilla.org/pub/psutil-5.4.3.tar.gz (412kB)
16:54:20     INFO -  Building wheels for collected packages: psutil
16:54:20     INFO -    Running setup.py bdist_wheel for psutil: started
16:54:22     INFO -    Running setup.py bdist_wheel for psutil: finished with status 'done'
16:54:22     INFO -    Stored in directory: /home/cltbld/.cache/pip/wheels/30/c0/c3/5cdb2b64c0d47a81af9c62935a64d83948d2c2b3e7af3eeee2
16:54:22     INFO -  Successfully built psutil
16:54:22     INFO -  Installing collected packages: psutil
16:54:22     INFO -  Successfully installed psutil-5.4.3
16:54:23     INFO - Return code: 0
16:54:23     INFO - Installing mozsystemmonitor==0.3 into virtualenv /builds/slave/test/build/venv
16:54:25     INFO - retry: Calling run_command with args: [['/builds/slave/test/build/venv/bin/pip', 'install', '--timeout', '120', '--no-index', '--find-links', 'http://pypi.pvt.build.mozilla.org/pub', '--find-links', 'http://pypi.pub.build.mozilla.org/pub', '--trusted-host', 'pypi.pub.build.mozilla.org', '--trusted-host', 'pypi.pvt.build.mozilla.org', 'mozsystemmonitor==0.3']], kwargs: {'error_level': 'warning', 'error_list': [{'substr': 'not found or a compiler error:', 'level': 'warning'}, {'regex': <_sre.SRE_Pattern object at 0x7f75e391e110>, 'level': 'error'}, {'regex': <_sre.SRE_Pattern object at 0x7f75e3a26e40>, 'level': 'warning'}, {'regex': <_sre.SRE_Pattern object at 0xd713e0>, 'level': 'debug'}, {'substr': 'command not found', 'level': 'error'}, {'regex': <_sre.SRE_Pattern object at 0xd6da90>, 'level': 'warning'}, {'substr': 'Traceback (most recent call last)', 'level': 'error'}, {'substr': 'SyntaxError: ', 'level': 'error'}, {'substr': 'TypeError: ', 'level': 'error'}, {'substr': 'NameError: ', 'level': 'error'}, {'substr': 'ZeroDivisionError: ', 'level': 'error'}, {'regex': <_sre.SRE_Pattern object at 0xd6f3f0>, 'level': 'critical'}, {'regex': <_sre.SRE_Pattern object at 0xd6f670>, 'level': 'critical'}], 'cwd': '/builds/slave/test/build', 'env': {'TMOUT': '86400', 'LOGNAME': 'cltbld', 'USER': 'cltbld', 'HOME': '/home/cltbld', 'PATH': '/usr/local/bin:/usr/local/bin:/usr/bin:/bin:/usr/local/games:/usr/games', 'DISPLAY': ':0', 'CCACHE_UMASK': '002', 'LANG': 'en_US.UTF-8', 'TERM': 'linux', 'SHELL': '/bin/bash', 'MOZ_NODE_PATH': '/usr/bin/node', 'XDG_SESSION_COOKIE': '9ca12473fbb1d023794ffd180000023c-1528501993.726091-1263777758', 'SHLVL': '1', 'NO_FAIL_ON_TEST_ERRORS': '1', 'MOZ_NO_REMOTE': '1', 'MOZ_HIDE_RESULTS_TABLE': '1', 'MAIL': '/var/mail/cltbld', '_': '/tools/buildbot/bin/python', 'NODE_PATH': '/usr/lib/nodejs:/usr/lib/node_modules:/usr/share/javascript', 'PWD': '/builds/slave/test', 'PROPERTIES_FILE': '/builds/slave/test/buildprops.json', 'CCACHE_DIR': '/builds/ccache'}}, attempt #1
16:54:25     INFO - Running command: ['/builds/slave/test/build/venv/bin/pip', 'install', '--timeout', '120', '--no-index', '--find-links', 'http://pypi.pvt.build.mozilla.org/pub', '--find-links', 'http://pypi.pub.build.mozilla.org/pub', '--trusted-host', 'pypi.pub.build.mozilla.org', '--trusted-host', 'pypi.pvt.build.mozilla.org', 'mozsystemmonitor==0.3'] in /builds/slave/test/build
16:54:25     INFO - Copy/paste: /builds/slave/test/build/venv/bin/pip install --timeout 120 --no-index --find-links http://pypi.pvt.build.mozilla.org/pub --find-links http://pypi.pub.build.mozilla.org/pub --trusted-host pypi.pub.build.mozilla.org --trusted-host pypi.pvt.build.mozilla.org mozsystemmonitor==0.3
16:54:25     INFO - Using env: {'CCACHE_DIR': '/builds/ccache',
16:54:25     INFO -  'CCACHE_UMASK': '002',
16:54:25     INFO -  'DISPLAY': ':0',
16:54:25     INFO -  'HOME': '/home/cltbld',
16:54:25     INFO -  'LANG': 'en_US.UTF-8',
16:54:25     INFO -  'LOGNAME': 'cltbld',
16:54:25     INFO -  'MAIL': '/var/mail/cltbld',
16:54:25     INFO -  'MOZ_HIDE_RESULTS_TABLE': '1',
16:54:25     INFO -  'MOZ_NODE_PATH': '/usr/bin/node',
16:54:25     INFO -  'MOZ_NO_REMOTE': '1',
16:54:25     INFO -  'NODE_PATH': '/usr/lib/nodejs:/usr/lib/node_modules:/usr/share/javascript',
16:54:25     INFO -  'NO_FAIL_ON_TEST_ERRORS': '1',
16:54:25     INFO -  'PATH': '/usr/local/bin:/usr/local/bin:/usr/bin:/bin:/usr/local/games:/usr/games',
16:54:25     INFO -  'PROPERTIES_FILE': '/builds/slave/test/buildprops.json',
16:54:25     INFO -  'PWD': '/builds/slave/test',
16:54:25     INFO -  'SHELL': '/bin/bash',
16:54:25     INFO -  'SHLVL': '1',
16:54:25     INFO -  'TERM': 'linux',
16:54:25     INFO -  'TMOUT': '86400',
16:54:25     INFO -  'USER': 'cltbld',
16:54:25     INFO -  'XDG_SESSION_COOKIE': '9ca12473fbb1d023794ffd180000023c-1528501993.726091-1263777758',
16:54:25     INFO -  '_': '/tools/buildbot/bin/python'}
16:54:25     INFO -  Ignoring indexes: https://pypi.python.org/simple
16:54:25     INFO -  Collecting mozsystemmonitor==0.3
16:54:26     INFO -  /builds/slave/test/build/venv/lib/python2.7/site-packages/pip/_vendor/requests/packages/urllib3/util/ssl_.py:318: SNIMissingWarning: An HTTPS request has been made, but the SNI (Subject Name Indication) extension to TLS is not available on this platform. This may cause the server to present an incorrect TLS certificate, which can cause validation failures. You can upgrade to a newer version of Python to solve this. For more information, see https://urllib3.readthedocs.org/en/latest/security.html#snimissingwarning.
16:54:26     INFO -    SNIMissingWarning
16:54:26     INFO -  /builds/slave/test/build/venv/lib/python2.7/site-packages/pip/_vendor/requests/packages/urllib3/util/ssl_.py:122: InsecurePlatformWarning: A true SSLContext object is not available. This prevents urllib3 from configuring SSL appropriately and may cause certain SSL connections to fail. You can upgrade to a newer version of Python to solve this. For more information, see https://urllib3.readthedocs.org/en/latest/security.html#insecureplatformwarning.
16:54:26     INFO -    InsecurePlatformWarning
16:54:27     INFO -  /builds/slave/test/build/venv/lib/python2.7/site-packages/pip/_vendor/requests/packages/urllib3/util/ssl_.py:122: InsecurePlatformWarning: A true SSLContext object is not available. This prevents urllib3 from configuring SSL appropriately and may cause certain SSL connections to fail. You can upgrade to a newer version of Python to solve this. For more information, see https://urllib3.readthedocs.org/en/latest/security.html#insecureplatformwarning.
16:54:27     INFO -    InsecurePlatformWarning
16:54:32     INFO -    Downloading https://pypi.pvt.build.mozilla.org/pub/mozsystemmonitor-0.3.tar.gz
16:54:33     INFO -  Requirement already satisfied (use --upgrade to upgrade): psutil>=3.1.1 in ./venv/lib/python2.7/site-packages (from mozsystemmonitor==0.3)
16:54:33     INFO -  Building wheels for collected packages: mozsystemmonitor
16:54:33     INFO -    Running setup.py bdist_wheel for mozsystemmonitor: started
16:54:33     INFO -    Running setup.py bdist_wheel for mozsystemmonitor: finished with status 'done'
16:54:33     INFO -    Stored in directory: /home/cltbld/.cache/pip/wheels/f4/b7/9c/8a88c92aaad7c1d8bbd68513e1d91ad7f62b7465808c516aa8
16:54:33     INFO -  Successfully built mozsystemmonitor
16:54:33     INFO -  Installing collected packages: mozsystemmonitor
16:54:34     INFO -  Successfully installed mozsystemmonitor-0.3
16:54:34     INFO - Return code: 0
16:54:34     INFO - Installing jsonschema==2.5.1 into virtualenv /builds/slave/test/build/venv
16:54:34     INFO - retry: Calling run_command with args: [['/builds/slave/test/build/venv/bin/pip', 'install', '--timeout', '120', '--no-index', '--find-links', 'http://pypi.pvt.build.mozilla.org/pub', '--find-links', 'http://pypi.pub.build.mozilla.org/pub', '--trusted-host', 'pypi.pub.build.mozilla.org', '--trusted-host', 'pypi.pvt.build.mozilla.org', 'jsonschema==2.5.1']], kwargs: {'error_level': 'warning', 'error_list': [{'substr': 'not found or a compiler error:', 'level': 'warning'}, {'regex': <_sre.SRE_Pattern object at 0x7f75e391e110>, 'level': 'error'}, {'regex': <_sre.SRE_Pattern object at 0x7f75e3a26e40>, 'level': 'warning'}, {'regex': <_sre.SRE_Pattern object at 0xd713e0>, 'level': 'debug'}, {'substr': 'command not found', 'level': 'error'}, {'regex': <_sre.SRE_Pattern object at 0xd6da90>, 'level': 'warning'}, {'substr': 'Traceback (most recent call last)', 'level': 'error'}, {'substr': 'SyntaxError: ', 'level': 'error'}, {'substr': 'TypeError: ', 'level': 'error'}, {'substr': 'NameError: ', 'level': 'error'}, {'substr': 'ZeroDivisionError: ', 'level': 'error'}, {'regex': <_sre.SRE_Pattern object at 0xd6f3f0>, 'level': 'critical'}, {'regex': <_sre.SRE_Pattern object at 0xd6f670>, 'level': 'critical'}], 'cwd': '/builds/slave/test/build', 'env': {'TMOUT': '86400', 'LOGNAME': 'cltbld', 'USER': 'cltbld', 'HOME': '/home/cltbld', 'PATH': '/usr/local/bin:/usr/local/bin:/usr/bin:/bin:/usr/local/games:/usr/games', 'DISPLAY': ':0', 'CCACHE_UMASK': '002', 'LANG': 'en_US.UTF-8', 'TERM': 'linux', 'SHELL': '/bin/bash', 'MOZ_NODE_PATH': '/usr/bin/node', 'XDG_SESSION_COOKIE': '9ca12473fbb1d023794ffd180000023c-1528501993.726091-1263777758', 'SHLVL': '1', 'NO_FAIL_ON_TEST_ERRORS': '1', 'MOZ_NO_REMOTE': '1', 'MOZ_HIDE_RESULTS_TABLE': '1', 'MAIL': '/var/mail/cltbld', '_': '/tools/buildbot/bin/python', 'NODE_PATH': '/usr/lib/nodejs:/usr/lib/node_modules:/usr/share/javascript', 'PWD': '/builds/slave/test', 'PROPERTIES_FILE': '/builds/slave/test/buildprops.json', 'CCACHE_DIR': '/builds/ccache'}}, attempt #1
16:54:34     INFO - Running command: ['/builds/slave/test/build/venv/bin/pip', 'install', '--timeout', '120', '--no-index', '--find-links', 'http://pypi.pvt.build.mozilla.org/pub', '--find-links', 'http://pypi.pub.build.mozilla.org/pub', '--trusted-host', 'pypi.pub.build.mozilla.org', '--trusted-host', 'pypi.pvt.build.mozilla.org', 'jsonschema==2.5.1'] in /builds/slave/test/build
16:54:34     INFO - Copy/paste: /builds/slave/test/build/venv/bin/pip install --timeout 120 --no-index --find-links http://pypi.pvt.build.mozilla.org/pub --find-links http://pypi.pub.build.mozilla.org/pub --trusted-host pypi.pub.build.mozilla.org --trusted-host pypi.pvt.build.mozilla.org jsonschema==2.5.1
16:54:34     INFO - Using env: {'CCACHE_DIR': '/builds/ccache',
16:54:34     INFO -  'CCACHE_UMASK': '002',
16:54:34     INFO -  'DISPLAY': ':0',
16:54:34     INFO -  'HOME': '/home/cltbld',
16:54:34     INFO -  'LANG': 'en_US.UTF-8',
16:54:34     INFO -  'LOGNAME': 'cltbld',
16:54:34     INFO -  'MAIL': '/var/mail/cltbld',
16:54:34     INFO -  'MOZ_HIDE_RESULTS_TABLE': '1',
16:54:34     INFO -  'MOZ_NODE_PATH': '/usr/bin/node',
16:54:34     INFO -  'MOZ_NO_REMOTE': '1',
16:54:34     INFO -  'NODE_PATH': '/usr/lib/nodejs:/usr/lib/node_modules:/usr/share/javascript',
16:54:34     INFO -  'NO_FAIL_ON_TEST_ERRORS': '1',
16:54:34     INFO -  'PATH': '/usr/local/bin:/usr/local/bin:/usr/bin:/bin:/usr/local/games:/usr/games',
16:54:34     INFO -  'PROPERTIES_FILE': '/builds/slave/test/buildprops.json',
16:54:34     INFO -  'PWD': '/builds/slave/test',
16:54:34     INFO -  'SHELL': '/bin/bash',
16:54:34     INFO -  'SHLVL': '1',
16:54:34     INFO -  'TERM': 'linux',
16:54:34     INFO -  'TMOUT': '86400',
16:54:34     INFO -  'USER': 'cltbld',
16:54:34     INFO -  'XDG_SESSION_COOKIE': '9ca12473fbb1d023794ffd180000023c-1528501993.726091-1263777758',
16:54:34     INFO -  '_': '/tools/buildbot/bin/python'}
16:54:35     INFO -  Ignoring indexes: https://pypi.python.org/simple
16:54:35     INFO -  Collecting jsonschema==2.5.1
16:54:35     INFO -  /builds/slave/test/build/venv/lib/python2.7/site-packages/pip/_vendor/requests/packages/urllib3/util/ssl_.py:318: SNIMissingWarning: An HTTPS request has been made, but the SNI (Subject Name Indication) extension to TLS is not available on this platform. This may cause the server to present an incorrect TLS certificate, which can cause validation failures. You can upgrade to a newer version of Python to solve this. For more information, see https://urllib3.readthedocs.org/en/latest/security.html#snimissingwarning.
16:54:35     INFO -    SNIMissingWarning
16:54:35     INFO -  /builds/slave/test/build/venv/lib/python2.7/site-packages/pip/_vendor/requests/packages/urllib3/util/ssl_.py:122: InsecurePlatformWarning: A true SSLContext object is not available. This prevents urllib3 from configuring SSL appropriately and may cause certain SSL connections to fail. You can upgrade to a newer version of Python to solve this. For more information, see https://urllib3.readthedocs.org/en/latest/security.html#insecureplatformwarning.
16:54:35     INFO -    InsecurePlatformWarning
16:54:37     INFO -  /builds/slave/test/build/venv/lib/python2.7/site-packages/pip/_vendor/requests/packages/urllib3/util/ssl_.py:122: InsecurePlatformWarning: A true SSLContext object is not available. This prevents urllib3 from configuring SSL appropriately and may cause certain SSL connections to fail. You can upgrade to a newer version of Python to solve this. For more information, see https://urllib3.readthedocs.org/en/latest/security.html#insecureplatformwarning.
16:54:37     INFO -    InsecurePlatformWarning
16:54:42     INFO -    Downloading https://pypi.pvt.build.mozilla.org/pub/jsonschema-2.5.1-py2.py3-none-any.whl
16:54:42     INFO -  Collecting functools32; python_version == "2.7" (from jsonschema==2.5.1)
16:54:47     INFO -    Downloading https://pypi.pvt.build.mozilla.org/pub/functools32-3.2.3-2.tar.gz
16:54:48     INFO -  Building wheels for collected packages: functools32
16:54:48     INFO -    Running setup.py bdist_wheel for functools32: started
16:54:48     INFO -    Running setup.py bdist_wheel for functools32: finished with status 'done'
16:54:48     INFO -    Stored in directory: /home/cltbld/.cache/pip/wheels/60/8e/5c/cd0944700dbec48e57da97dbe11bcc84b1332f6b43bc89d9b7
16:54:48     INFO -  Successfully built functools32
16:54:48     INFO -  Installing collected packages: functools32, jsonschema
16:54:49     INFO -  Successfully installed functools32-3.2.3.post2 jsonschema-2.5.1
16:54:49     INFO - Return code: 0
16:54:49     INFO - Installing functools32==3.2.3-2 into virtualenv /builds/slave/test/build/venv
16:54:49     INFO - retry: Calling run_command with args: [['/builds/slave/test/build/venv/bin/pip', 'install', '--timeout', '120', '--no-index', '--find-links', 'http://pypi.pvt.build.mozilla.org/pub', '--find-links', 'http://pypi.pub.build.mozilla.org/pub', '--trusted-host', 'pypi.pub.build.mozilla.org', '--trusted-host', 'pypi.pvt.build.mozilla.org', 'functools32==3.2.3-2']], kwargs: {'error_level': 'warning', 'error_list': [{'substr': 'not found or a compiler error:', 'level': 'warning'}, {'regex': <_sre.SRE_Pattern object at 0x7f75e391e110>, 'level': 'error'}, {'regex': <_sre.SRE_Pattern object at 0x7f75e3a26e40>, 'level': 'warning'}, {'regex': <_sre.SRE_Pattern object at 0xd713e0>, 'level': 'debug'}, {'substr': 'command not found', 'level': 'error'}, {'regex': <_sre.SRE_Pattern object at 0xd6da90>, 'level': 'warning'}, {'substr': 'Traceback (most recent call last)', 'level': 'error'}, {'substr': 'SyntaxError: ', 'level': 'error'}, {'substr': 'TypeError: ', 'level': 'error'}, {'substr': 'NameError: ', 'level': 'error'}, {'substr': 'ZeroDivisionError: ', 'level': 'error'}, {'regex': <_sre.SRE_Pattern object at 0xd6f3f0>, 'level': 'critical'}, {'regex': <_sre.SRE_Pattern object at 0xd6f670>, 'level': 'critical'}], 'cwd': '/builds/slave/test/build', 'env': {'TMOUT': '86400', 'LOGNAME': 'cltbld', 'USER': 'cltbld', 'HOME': '/home/cltbld', 'PATH': '/usr/local/bin:/usr/local/bin:/usr/bin:/bin:/usr/local/games:/usr/games', 'DISPLAY': ':0', 'CCACHE_UMASK': '002', 'LANG': 'en_US.UTF-8', 'TERM': 'linux', 'SHELL': '/bin/bash', 'MOZ_NODE_PATH': '/usr/bin/node', 'XDG_SESSION_COOKIE': '9ca12473fbb1d023794ffd180000023c-1528501993.726091-1263777758', 'SHLVL': '1', 'NO_FAIL_ON_TEST_ERRORS': '1', 'MOZ_NO_REMOTE': '1', 'MOZ_HIDE_RESULTS_TABLE': '1', 'MAIL': '/var/mail/cltbld', '_': '/tools/buildbot/bin/python', 'NODE_PATH': '/usr/lib/nodejs:/usr/lib/node_modules:/usr/share/javascript', 'PWD': '/builds/slave/test', 'PROPERTIES_FILE': '/builds/slave/test/buildprops.json', 'CCACHE_DIR': '/builds/ccache'}}, attempt #1
16:54:49     INFO - Running command: ['/builds/slave/test/build/venv/bin/pip', 'install', '--timeout', '120', '--no-index', '--find-links', 'http://pypi.pvt.build.mozilla.org/pub', '--find-links', 'http://pypi.pub.build.mozilla.org/pub', '--trusted-host', 'pypi.pub.build.mozilla.org', '--trusted-host', 'pypi.pvt.build.mozilla.org', 'functools32==3.2.3-2'] in /builds/slave/test/build
16:54:49     INFO - Copy/paste: /builds/slave/test/build/venv/bin/pip install --timeout 120 --no-index --find-links http://pypi.pvt.build.mozilla.org/pub --find-links http://pypi.pub.build.mozilla.org/pub --trusted-host pypi.pub.build.mozilla.org --trusted-host pypi.pvt.build.mozilla.org functools32==3.2.3-2
16:54:49     INFO - Using env: {'CCACHE_DIR': '/builds/ccache',
16:54:49     INFO -  'CCACHE_UMASK': '002',
16:54:49     INFO -  'DISPLAY': ':0',
16:54:49     INFO -  'HOME': '/home/cltbld',
16:54:49     INFO -  'LANG': 'en_US.UTF-8',
16:54:49     INFO -  'LOGNAME': 'cltbld',
16:54:49     INFO -  'MAIL': '/var/mail/cltbld',
16:54:49     INFO -  'MOZ_HIDE_RESULTS_TABLE': '1',
16:54:49     INFO -  'MOZ_NODE_PATH': '/usr/bin/node',
16:54:49     INFO -  'MOZ_NO_REMOTE': '1',
16:54:49     INFO -  'NODE_PATH': '/usr/lib/nodejs:/usr/lib/node_modules:/usr/share/javascript',
16:54:49     INFO -  'NO_FAIL_ON_TEST_ERRORS': '1',
16:54:49     INFO -  'PATH': '/usr/local/bin:/usr/local/bin:/usr/bin:/bin:/usr/local/games:/usr/games',
16:54:49     INFO -  'PROPERTIES_FILE': '/builds/slave/test/buildprops.json',
16:54:49     INFO -  'PWD': '/builds/slave/test',
16:54:49     INFO -  'SHELL': '/bin/bash',
16:54:49     INFO -  'SHLVL': '1',
16:54:49     INFO -  'TERM': 'linux',
16:54:49     INFO -  'TMOUT': '86400',
16:54:49     INFO -  'USER': 'cltbld',
16:54:49     INFO -  'XDG_SESSION_COOKIE': '9ca12473fbb1d023794ffd180000023c-1528501993.726091-1263777758',
16:54:49     INFO -  '_': '/tools/buildbot/bin/python'}
16:54:50     INFO -  Ignoring indexes: https://pypi.python.org/simple
16:54:50     INFO -  Requirement already satisfied (use --upgrade to upgrade): functools32==3.2.3-2 in ./venv/lib/python2.7/site-packages
16:54:50     INFO - Return code: 0
16:54:50     INFO - Installing blobuploader==1.2.4 into virtualenv /builds/slave/test/build/venv
16:54:50     INFO - retry: Calling run_command with args: [['/builds/slave/test/build/venv/bin/pip', 'install', '--timeout', '120', '--no-index', '--find-links', 'http://pypi.pvt.build.mozilla.org/pub', '--find-links', 'http://pypi.pub.build.mozilla.org/pub', '--trusted-host', 'pypi.pub.build.mozilla.org', '--trusted-host', 'pypi.pvt.build.mozilla.org', 'blobuploader==1.2.4']], kwargs: {'error_level': 'warning', 'error_list': [{'substr': 'not found or a compiler error:', 'level': 'warning'}, {'regex': <_sre.SRE_Pattern object at 0x7f75e391e110>, 'level': 'error'}, {'regex': <_sre.SRE_Pattern object at 0x7f75e3a26e40>, 'level': 'warning'}, {'regex': <_sre.SRE_Pattern object at 0xd713e0>, 'level': 'debug'}, {'substr': 'command not found', 'level': 'error'}, {'regex': <_sre.SRE_Pattern object at 0xd6da90>, 'level': 'warning'}, {'substr': 'Traceback (most recent call last)', 'level': 'error'}, {'substr': 'SyntaxError: ', 'level': 'error'}, {'substr': 'TypeError: ', 'level': 'error'}, {'substr': 'NameError: ', 'level': 'error'}, {'substr': 'ZeroDivisionError: ', 'level': 'error'}, {'regex': <_sre.SRE_Pattern object at 0xd6f3f0>, 'level': 'critical'}, {'regex': <_sre.SRE_Pattern object at 0xd6f670>, 'level': 'critical'}], 'cwd': '/builds/slave/test/build', 'env': {'TMOUT': '86400', 'LOGNAME': 'cltbld', 'USER': 'cltbld', 'HOME': '/home/cltbld', 'PATH': '/usr/local/bin:/usr/local/bin:/usr/bin:/bin:/usr/local/games:/usr/games', 'DISPLAY': ':0', 'CCACHE_UMASK': '002', 'LANG': 'en_US.UTF-8', 'TERM': 'linux', 'SHELL': '/bin/bash', 'MOZ_NODE_PATH': '/usr/bin/node', 'XDG_SESSION_COOKIE': '9ca12473fbb1d023794ffd180000023c-1528501993.726091-1263777758', 'SHLVL': '1', 'NO_FAIL_ON_TEST_ERRORS': '1', 'MOZ_NO_REMOTE': '1', 'MOZ_HIDE_RESULTS_TABLE': '1', 'MAIL': '/var/mail/cltbld', '_': '/tools/buildbot/bin/python', 'NODE_PATH': '/usr/lib/nodejs:/usr/lib/node_modules:/usr/share/javascript', 'PWD': '/builds/slave/test', 'PROPERTIES_FILE': '/builds/slave/test/buildprops.json', 'CCACHE_DIR': '/builds/ccache'}}, attempt #1
16:54:50     INFO - Running command: ['/builds/slave/test/build/venv/bin/pip', 'install', '--timeout', '120', '--no-index', '--find-links', 'http://pypi.pvt.build.mozilla.org/pub', '--find-links', 'http://pypi.pub.build.mozilla.org/pub', '--trusted-host', 'pypi.pub.build.mozilla.org', '--trusted-host', 'pypi.pvt.build.mozilla.org', 'blobuploader==1.2.4'] in /builds/slave/test/build
16:54:50     INFO - Copy/paste: /builds/slave/test/build/venv/bin/pip install --timeout 120 --no-index --find-links http://pypi.pvt.build.mozilla.org/pub --find-links http://pypi.pub.build.mozilla.org/pub --trusted-host pypi.pub.build.mozilla.org --trusted-host pypi.pvt.build.mozilla.org blobuploader==1.2.4
16:54:50     INFO - Using env: {'CCACHE_DIR': '/builds/ccache',
16:54:50     INFO -  'CCACHE_UMASK': '002',
16:54:50     INFO -  'DISPLAY': ':0',
16:54:50     INFO -  'HOME': '/home/cltbld',
16:54:50     INFO -  'LANG': 'en_US.UTF-8',
16:54:50     INFO -  'LOGNAME': 'cltbld',
16:54:50     INFO -  'MAIL': '/var/mail/cltbld',
16:54:50     INFO -  'MOZ_HIDE_RESULTS_TABLE': '1',
16:54:50     INFO -  'MOZ_NODE_PATH': '/usr/bin/node',
16:54:50     INFO -  'MOZ_NO_REMOTE': '1',
16:54:50     INFO -  'NODE_PATH': '/usr/lib/nodejs:/usr/lib/node_modules:/usr/share/javascript',
16:54:50     INFO -  'NO_FAIL_ON_TEST_ERRORS': '1',
16:54:50     INFO -  'PATH': '/usr/local/bin:/usr/local/bin:/usr/bin:/bin:/usr/local/games:/usr/games',
16:54:50     INFO -  'PROPERTIES_FILE': '/builds/slave/test/buildprops.json',
16:54:50     INFO -  'PWD': '/builds/slave/test',
16:54:50     INFO -  'SHELL': '/bin/bash',
16:54:50     INFO -  'SHLVL': '1',
16:54:50     INFO -  'TERM': 'linux',
16:54:50     INFO -  'TMOUT': '86400',
16:54:50     INFO -  'USER': 'cltbld',
16:54:50     INFO -  'XDG_SESSION_COOKIE': '9ca12473fbb1d023794ffd180000023c-1528501993.726091-1263777758',
16:54:50     INFO -  '_': '/tools/buildbot/bin/python'}
16:54:51     INFO -  Ignoring indexes: https://pypi.python.org/simple
16:54:51     INFO -  Collecting blobuploader==1.2.4
16:54:51     INFO -  /builds/slave/test/build/venv/lib/python2.7/site-packages/pip/_vendor/requests/packages/urllib3/util/ssl_.py:318: SNIMissingWarning: An HTTPS request has been made, but the SNI (Subject Name Indication) extension to TLS is not available on this platform. This may cause the server to present an incorrect TLS certificate, which can cause validation failures. You can upgrade to a newer version of Python to solve this. For more information, see https://urllib3.readthedocs.org/en/latest/security.html#snimissingwarning.
16:54:51     INFO -    SNIMissingWarning
16:54:51     INFO -  /builds/slave/test/build/venv/lib/python2.7/site-packages/pip/_vendor/requests/packages/urllib3/util/ssl_.py:122: InsecurePlatformWarning: A true SSLContext object is not available. This prevents urllib3 from configuring SSL appropriately and may cause certain SSL connections to fail. You can upgrade to a newer version of Python to solve this. For more information, see https://urllib3.readthedocs.org/en/latest/security.html#insecureplatformwarning.
16:54:51     INFO -    InsecurePlatformWarning
16:54:53     INFO -  /builds/slave/test/build/venv/lib/python2.7/site-packages/pip/_vendor/requests/packages/urllib3/util/ssl_.py:122: InsecurePlatformWarning: A true SSLContext object is not available. This prevents urllib3 from configuring SSL appropriately and may cause certain SSL connections to fail. You can upgrade to a newer version of Python to solve this. For more information, see https://urllib3.readthedocs.org/en/latest/security.html#insecureplatformwarning.
16:54:53     INFO -    InsecurePlatformWarning
16:54:58     INFO -    Downloading https://pypi.pvt.build.mozilla.org/pub/blobuploader-1.2.4.tar.gz
16:54:58     INFO -  Collecting requests==1.2.3. (from blobuploader==1.2.4)
16:55:04     INFO -    Downloading https://pypi.pvt.build.mozilla.org/pub/requests-1.2.3.tar.gz (348kB)
16:55:05     INFO -  Collecting docopt==0.6.1 (from blobuploader==1.2.4)
16:55:11     INFO -    Downloading https://pypi.pvt.build.mozilla.org/pub/docopt-0.6.1.tar.gz
16:55:11     INFO -  Building wheels for collected packages: blobuploader, requests, docopt
16:55:11     INFO -    Running setup.py bdist_wheel for blobuploader: started
16:55:12     INFO -    Running setup.py bdist_wheel for blobuploader: finished with status 'done'
16:55:12     INFO -    Stored in directory: /home/cltbld/.cache/pip/wheels/a7/2a/47/2d3828e4129ffeb548a26f4a87889dc9bc1a58e201a0ff8655
16:55:12     INFO -    Running setup.py bdist_wheel for requests: started
16:55:13     INFO -    Running setup.py bdist_wheel for requests: finished with status 'done'
16:55:13     INFO -    Stored in directory: /home/cltbld/.cache/pip/wheels/65/bb/90/359b65a7043ffc879dde877c4ad827f452218808c6cccf2658
16:55:13     INFO -    Running setup.py bdist_wheel for docopt: started
16:55:13     INFO -    Running setup.py bdist_wheel for docopt: finished with status 'done'
16:55:13     INFO -    Stored in directory: /home/cltbld/.cache/pip/wheels/ac/8b/84/7dbe9ada02c48c352fa733c81648516f92c6436f9d5bffad41
16:55:13     INFO -  Successfully built blobuploader requests docopt
16:55:13     INFO -  Installing collected packages: requests, docopt, blobuploader
16:55:14     INFO -  Successfully installed blobuploader-1.2.4 docopt-0.6.1 requests-1.2.3
16:55:14     INFO - Return code: 0
16:55:14     INFO - Installing None into virtualenv /builds/slave/test/build/venv
16:55:14     INFO - retry: Calling run_command with args: [['/builds/slave/test/build/venv/bin/pip', 'install', '--no-deps', '--timeout', '120', '-r', '/builds/slave/test/build/tests/config/mozbase_requirements.txt', '--no-index', '--find-links', 'http://pypi.pvt.build.mozilla.org/pub', '--find-links', 'http://pypi.pub.build.mozilla.org/pub', '--trusted-host', 'pypi.pub.build.mozilla.org', '--trusted-host', 'pypi.pvt.build.mozilla.org']], kwargs: {'error_level': 'warning', 'error_list': [{'substr': 'not found or a compiler error:', 'level': 'warning'}, {'regex': <_sre.SRE_Pattern object at 0x7f75e391e110>, 'level': 'error'}, {'regex': <_sre.SRE_Pattern object at 0x7f75e3a26e40>, 'level': 'warning'}, {'regex': <_sre.SRE_Pattern object at 0xd713e0>, 'level': 'debug'}, {'substr': 'command not found', 'level': 'error'}, {'regex': <_sre.SRE_Pattern object at 0xd6da90>, 'level': 'warning'}, {'substr': 'Traceback (most recent call last)', 'level': 'error'}, {'substr': 'SyntaxError: ', 'level': 'error'}, {'substr': 'TypeError: ', 'level': 'error'}, {'substr': 'NameError: ', 'level': 'error'}, {'substr': 'ZeroDivisionError: ', 'level': 'error'}, {'regex': <_sre.SRE_Pattern object at 0xd6f3f0>, 'level': 'critical'}, {'regex': <_sre.SRE_Pattern object at 0xd6f670>, 'level': 'critical'}], 'cwd': '/builds/slave/test/build/tests/config', 'env': {'TMOUT': '86400', 'LOGNAME': 'cltbld', 'USER': 'cltbld', 'HOME': '/home/cltbld', 'PATH': '/usr/local/bin:/usr/local/bin:/usr/bin:/bin:/usr/local/games:/usr/games', 'DISPLAY': ':0', 'CCACHE_UMASK': '002', 'LANG': 'en_US.UTF-8', 'TERM': 'linux', 'SHELL': '/bin/bash', 'MOZ_NODE_PATH': '/usr/bin/node', 'XDG_SESSION_COOKIE': '9ca12473fbb1d023794ffd180000023c-1528501993.726091-1263777758', 'SHLVL': '1', 'NO_FAIL_ON_TEST_ERRORS': '1', 'MOZ_NO_REMOTE': '1', 'MOZ_HIDE_RESULTS_TABLE': '1', 'MAIL': '/var/mail/cltbld', '_': '/tools/buildbot/bin/python', 'NODE_PATH': '/usr/lib/nodejs:/usr/lib/node_modules:/usr/share/javascript', 'PWD': '/builds/slave/test', 'PROPERTIES_FILE': '/builds/slave/test/buildprops.json', 'CCACHE_DIR': '/builds/ccache'}}, attempt #1
16:55:14     INFO - Running command: ['/builds/slave/test/build/venv/bin/pip', 'install', '--no-deps', '--timeout', '120', '-r', '/builds/slave/test/build/tests/config/mozbase_requirements.txt', '--no-index', '--find-links', 'http://pypi.pvt.build.mozilla.org/pub', '--find-links', 'http://pypi.pub.build.mozilla.org/pub', '--trusted-host', 'pypi.pub.build.mozilla.org', '--trusted-host', 'pypi.pvt.build.mozilla.org'] in /builds/slave/test/build/tests/config
16:55:14     INFO - Copy/paste: /builds/slave/test/build/venv/bin/pip install --no-deps --timeout 120 -r /builds/slave/test/build/tests/config/mozbase_requirements.txt --no-index --find-links http://pypi.pvt.build.mozilla.org/pub --find-links http://pypi.pub.build.mozilla.org/pub --trusted-host pypi.pub.build.mozilla.org --trusted-host pypi.pvt.build.mozilla.org
16:55:14     INFO - Using env: {'CCACHE_DIR': '/builds/ccache',
16:55:14     INFO -  'CCACHE_UMASK': '002',
16:55:14     INFO -  'DISPLAY': ':0',
16:55:14     INFO -  'HOME': '/home/cltbld',
16:55:14     INFO -  'LANG': 'en_US.UTF-8',
16:55:14     INFO -  'LOGNAME': 'cltbld',
16:55:14     INFO -  'MAIL': '/var/mail/cltbld',
16:55:14     INFO -  'MOZ_HIDE_RESULTS_TABLE': '1',
16:55:14     INFO -  'MOZ_NODE_PATH': '/usr/bin/node',
16:55:14     INFO -  'MOZ_NO_REMOTE': '1',
16:55:14     INFO -  'NODE_PATH': '/usr/lib/nodejs:/usr/lib/node_modules:/usr/share/javascript',
16:55:14     INFO -  'NO_FAIL_ON_TEST_ERRORS': '1',
16:55:14     INFO -  'PATH': '/usr/local/bin:/usr/local/bin:/usr/bin:/bin:/usr/local/games:/usr/games',
16:55:14     INFO -  'PROPERTIES_FILE': '/builds/slave/test/buildprops.json',
16:55:14     INFO -  'PWD': '/builds/slave/test',
16:55:14     INFO -  'SHELL': '/bin/bash',
16:55:14     INFO -  'SHLVL': '1',
16:55:14     INFO -  'TERM': 'linux',
16:55:14     INFO -  'TMOUT': '86400',
16:55:14     INFO -  'USER': 'cltbld',
16:55:14     INFO -  'XDG_SESSION_COOKIE': '9ca12473fbb1d023794ffd180000023c-1528501993.726091-1263777758',
16:55:14     INFO -  '_': '/tools/buildbot/bin/python'}
16:55:15     INFO -  Ignoring indexes: https://pypi.python.org/simple
16:55:15     INFO -  Processing /builds/slave/test/build/tests/mozbase/manifestparser
16:55:15     INFO -  Processing /builds/slave/test/build/tests/mozbase/mozcrash
16:55:16     INFO -  Processing /builds/slave/test/build/tests/mozbase/mozdebug
16:55:16     INFO -  Processing /builds/slave/test/build/tests/mozbase/mozdevice
16:55:17     INFO -  Processing /builds/slave/test/build/tests/mozbase/mozfile
16:55:17     INFO -  Processing /builds/slave/test/build/tests/mozbase/mozhttpd
16:55:17     INFO -  Processing /builds/slave/test/build/tests/mozbase/mozinfo
16:55:18     INFO -  Processing /builds/slave/test/build/tests/mozbase/mozinstall
16:55:18     INFO -  Processing /builds/slave/test/build/tests/mozbase/mozleak
16:55:18     INFO -  Processing /builds/slave/test/build/tests/mozbase/mozlog
16:55:19     INFO -  Processing /builds/slave/test/build/tests/mozbase/moznetwork
16:55:19     INFO -  Processing /builds/slave/test/build/tests/mozbase/mozprocess
16:55:19     INFO -  Processing /builds/slave/test/build/tests/mozbase/mozprofile
16:55:20     INFO -  Processing /builds/slave/test/build/tests/mozbase/mozrunner
16:55:20     INFO -  Processing /builds/slave/test/build/tests/mozbase/mozscreenshot
16:55:20     INFO -  Processing /builds/slave/test/build/tests/mozbase/moztest
16:55:21     INFO -  Processing /builds/slave/test/build/tests/mozbase/mozversion
16:55:21     INFO -  Installing collected packages: manifestparser, mozcrash, mozdebug, mozdevice, mozfile, mozhttpd, mozinfo, mozInstall, mozleak, mozlog, moznetwork, mozprocess, mozprofile, mozrunner, mozscreenshot, moztest, mozversion
16:55:21     INFO -    Running setup.py install for manifestparser: started
16:55:22     INFO -      Running setup.py install for manifestparser: finished with status 'done'
16:55:22     INFO -    Running setup.py install for mozcrash: started
16:55:22     INFO -      Running setup.py install for mozcrash: finished with status 'done'
16:55:22     INFO -    Running setup.py install for mozdebug: started
16:55:22     INFO -      Running setup.py install for mozdebug: finished with status 'done'
16:55:22     INFO -    Running setup.py install for mozdevice: started
16:55:23     INFO -      Running setup.py install for mozdevice: finished with status 'done'
16:55:23     INFO -    Running setup.py install for mozfile: started
16:55:23     INFO -      Running setup.py install for mozfile: finished with status 'done'
16:55:23     INFO -    Running setup.py install for mozhttpd: started
16:55:24     INFO -      Running setup.py install for mozhttpd: finished with status 'done'
16:55:24     INFO -    Running setup.py install for mozinfo: started
16:55:24     INFO -      Running setup.py install for mozinfo: finished with status 'done'
16:55:24     INFO -    Running setup.py install for mozInstall: started
16:55:25     INFO -      Running setup.py install for mozInstall: finished with status 'done'
16:55:25     INFO -    Running setup.py install for mozleak: started
16:55:25     INFO -      Running setup.py install for mozleak: finished with status 'done'
16:55:25     INFO -    Running setup.py install for mozlog: started
16:55:26     INFO -      Running setup.py install for mozlog: finished with status 'done'
16:55:26     INFO -    Running setup.py install for moznetwork: started
16:55:26     INFO -      Running setup.py install for moznetwork: finished with status 'done'
16:55:26     INFO -    Running setup.py install for mozprocess: started
16:55:26     INFO -      Running setup.py install for mozprocess: finished with status 'done'
16:55:26     INFO -    Running setup.py install for mozprofile: started
16:55:27     INFO -      Running setup.py install for mozprofile: finished with status 'done'
16:55:27     INFO -    Running setup.py install for mozrunner: started
16:55:27     INFO -      Running setup.py install for mozrunner: finished with status 'done'
16:55:27     INFO -    Running setup.py install for mozscreenshot: started
16:55:28     INFO -      Running setup.py install for mozscreenshot: finished with status 'done'
16:55:28     INFO -    Running setup.py install for moztest: started
16:55:28     INFO -      Running setup.py install for moztest: finished with status 'done'
16:55:28     INFO -    Running setup.py install for mozversion: started
16:55:29     INFO -      Running setup.py install for mozversion: finished with status 'done'
16:55:29     INFO -  Successfully installed manifestparser-1.1 mozInstall-1.12 mozcrash-1.0 mozdebug-0.1 mozdevice-0.48 mozfile-1.2 mozhttpd-0.7 mozinfo-0.9 mozleak-0.1 mozlog-3.4 moznetwork-0.27 mozprocess-0.23 mozprofile-0.28 mozrunner-6.13 mozscreenshot-0.1 moztest-0.8 mozversion-1.4
16:55:29     INFO - Return code: 0
16:55:29     INFO - Installing None into virtualenv /builds/slave/test/build/venv
16:55:30     INFO - retry: Calling run_command with args: [['/builds/slave/test/build/venv/bin/pip', 'install', '--timeout', '120', '-r', '/builds/slave/test/build/tests/config/mozbase_requirements.txt', '--no-index', '--find-links', 'http://pypi.pvt.build.mozilla.org/pub', '--find-links', 'http://pypi.pub.build.mozilla.org/pub', '--trusted-host', 'pypi.pub.build.mozilla.org', '--trusted-host', 'pypi.pvt.build.mozilla.org']], kwargs: {'error_level': 'warning', 'error_list': [{'substr': 'not found or a compiler error:', 'level': 'warning'}, {'regex': <_sre.SRE_Pattern object at 0x7f75e391e110>, 'level': 'error'}, {'regex': <_sre.SRE_Pattern object at 0x7f75e3a26e40>, 'level': 'warning'}, {'regex': <_sre.SRE_Pattern object at 0xd713e0>, 'level': 'debug'}, {'substr': 'command not found', 'level': 'error'}, {'regex': <_sre.SRE_Pattern object at 0xd6da90>, 'level': 'warning'}, {'substr': 'Traceback (most recent call last)', 'level': 'error'}, {'substr': 'SyntaxError: ', 'level': 'error'}, {'substr': 'TypeError: ', 'level': 'error'}, {'substr': 'NameError: ', 'level': 'error'}, {'substr': 'ZeroDivisionError: ', 'level': 'error'}, {'regex': <_sre.SRE_Pattern object at 0xd6f3f0>, 'level': 'critical'}, {'regex': <_sre.SRE_Pattern object at 0xd6f670>, 'level': 'critical'}], 'cwd': '/builds/slave/test/build/tests/config', 'env': {'TMOUT': '86400', 'LOGNAME': 'cltbld', 'USER': 'cltbld', 'HOME': '/home/cltbld', 'PATH': '/usr/local/bin:/usr/local/bin:/usr/bin:/bin:/usr/local/games:/usr/games', 'DISPLAY': ':0', 'CCACHE_UMASK': '002', 'LANG': 'en_US.UTF-8', 'TERM': 'linux', 'SHELL': '/bin/bash', 'MOZ_NODE_PATH': '/usr/bin/node', 'XDG_SESSION_COOKIE': '9ca12473fbb1d023794ffd180000023c-1528501993.726091-1263777758', 'SHLVL': '1', 'NO_FAIL_ON_TEST_ERRORS': '1', 'MOZ_NO_REMOTE': '1', 'MOZ_HIDE_RESULTS_TABLE': '1', 'MAIL': '/var/mail/cltbld', '_': '/tools/buildbot/bin/python', 'NODE_PATH': '/usr/lib/nodejs:/usr/lib/node_modules:/usr/share/javascript', 'PWD': '/builds/slave/test', 'PROPERTIES_FILE': '/builds/slave/test/buildprops.json', 'CCACHE_DIR': '/builds/ccache'}}, attempt #1
16:55:30     INFO - Running command: ['/builds/slave/test/build/venv/bin/pip', 'install', '--timeout', '120', '-r', '/builds/slave/test/build/tests/config/mozbase_requirements.txt', '--no-index', '--find-links', 'http://pypi.pvt.build.mozilla.org/pub', '--find-links', 'http://pypi.pub.build.mozilla.org/pub', '--trusted-host', 'pypi.pub.build.mozilla.org', '--trusted-host', 'pypi.pvt.build.mozilla.org'] in /builds/slave/test/build/tests/config
16:55:30     INFO - Copy/paste: /builds/slave/test/build/venv/bin/pip install --timeout 120 -r /builds/slave/test/build/tests/config/mozbase_requirements.txt --no-index --find-links http://pypi.pvt.build.mozilla.org/pub --find-links http://pypi.pub.build.mozilla.org/pub --trusted-host pypi.pub.build.mozilla.org --trusted-host pypi.pvt.build.mozilla.org
16:55:30     INFO - Using env: {'CCACHE_DIR': '/builds/ccache',
16:55:30     INFO -  'CCACHE_UMASK': '002',
16:55:30     INFO -  'DISPLAY': ':0',
16:55:30     INFO -  'HOME': '/home/cltbld',
16:55:30     INFO -  'LANG': 'en_US.UTF-8',
16:55:30     INFO -  'LOGNAME': 'cltbld',
16:55:30     INFO -  'MAIL': '/var/mail/cltbld',
16:55:30     INFO -  'MOZ_HIDE_RESULTS_TABLE': '1',
16:55:30     INFO -  'MOZ_NODE_PATH': '/usr/bin/node',
16:55:30     INFO -  'MOZ_NO_REMOTE': '1',
16:55:30     INFO -  'NODE_PATH': '/usr/lib/nodejs:/usr/lib/node_modules:/usr/share/javascript',
16:55:30     INFO -  'NO_FAIL_ON_TEST_ERRORS': '1',
16:55:30     INFO -  'PATH': '/usr/local/bin:/usr/local/bin:/usr/bin:/bin:/usr/local/games:/usr/games',
16:55:30     INFO -  'PROPERTIES_FILE': '/builds/slave/test/buildprops.json',
16:55:30     INFO -  'PWD': '/builds/slave/test',
16:55:30     INFO -  'SHELL': '/bin/bash',
16:55:30     INFO -  'SHLVL': '1',
16:55:30     INFO -  'TERM': 'linux',
16:55:30     INFO -  'TMOUT': '86400',
16:55:30     INFO -  'USER': 'cltbld',
16:55:30     INFO -  'XDG_SESSION_COOKIE': '9ca12473fbb1d023794ffd180000023c-1528501993.726091-1263777758',
16:55:30     INFO -  '_': '/tools/buildbot/bin/python'}
16:55:30     INFO -  Ignoring indexes: https://pypi.python.org/simple
16:55:30     INFO -  Processing /builds/slave/test/build/tests/mozbase/manifestparser
16:55:31     INFO -    Requirement already satisfied (use --upgrade to upgrade): manifestparser==1.1 from file:///builds/slave/test/build/tests/mozbase/manifestparser in /builds/slave/test/build/venv/lib/python2.7/site-packages (from -r /builds/slave/test/build/tests/config/mozbase_requirements.txt (line 1))
16:55:31     INFO -  Processing /builds/slave/test/build/tests/mozbase/mozcrash
16:55:31     INFO -    Requirement already satisfied (use --upgrade to upgrade): mozcrash==1.0 from file:///builds/slave/test/build/tests/mozbase/mozcrash in /builds/slave/test/build/venv/lib/python2.7/site-packages (from -r /builds/slave/test/build/tests/config/mozbase_requirements.txt (line 2))
16:55:31     INFO -  Processing /builds/slave/test/build/tests/mozbase/mozdebug
16:55:32     INFO -    Requirement already satisfied (use --upgrade to upgrade): mozdebug==0.1 from file:///builds/slave/test/build/tests/mozbase/mozdebug in /builds/slave/test/build/venv/lib/python2.7/site-packages (from -r /builds/slave/test/build/tests/config/mozbase_requirements.txt (line 3))
16:55:32     INFO -  Processing /builds/slave/test/build/tests/mozbase/mozdevice
16:55:32     INFO -    Requirement already satisfied (use --upgrade to upgrade): mozdevice==0.48 from file:///builds/slave/test/build/tests/mozbase/mozdevice in /builds/slave/test/build/venv/lib/python2.7/site-packages (from -r /builds/slave/test/build/tests/config/mozbase_requirements.txt (line 4))
16:55:32     INFO -  Processing /builds/slave/test/build/tests/mozbase/mozfile
16:55:32     INFO -    Requirement already satisfied (use --upgrade to upgrade): mozfile==1.2 from file:///builds/slave/test/build/tests/mozbase/mozfile in /builds/slave/test/build/venv/lib/python2.7/site-packages (from -r /builds/slave/test/build/tests/config/mozbase_requirements.txt (line 5))
16:55:32     INFO -  Processing /builds/slave/test/build/tests/mozbase/mozhttpd
16:55:33     INFO -    Requirement already satisfied (use --upgrade to upgrade): mozhttpd==0.7 from file:///builds/slave/test/build/tests/mozbase/mozhttpd in /builds/slave/test/build/venv/lib/python2.7/site-packages (from -r /builds/slave/test/build/tests/config/mozbase_requirements.txt (line 6))
16:55:33     INFO -  Processing /builds/slave/test/build/tests/mozbase/mozinfo
16:55:33     INFO -    Requirement already satisfied (use --upgrade to upgrade): mozinfo==0.9 from file:///builds/slave/test/build/tests/mozbase/mozinfo in /builds/slave/test/build/venv/lib/python2.7/site-packages (from -r /builds/slave/test/build/tests/config/mozbase_requirements.txt (line 7))
16:55:33     INFO -  Processing /builds/slave/test/build/tests/mozbase/mozinstall
16:55:34     INFO -    Requirement already satisfied (use --upgrade to upgrade): mozInstall==1.12 from file:///builds/slave/test/build/tests/mozbase/mozinstall in /builds/slave/test/build/venv/lib/python2.7/site-packages (from -r /builds/slave/test/build/tests/config/mozbase_requirements.txt (line 8))
16:55:34     INFO -  Processing /builds/slave/test/build/tests/mozbase/mozleak
16:55:34     INFO -    Requirement already satisfied (use --upgrade to upgrade): mozleak==0.1 from file:///builds/slave/test/build/tests/mozbase/mozleak in /builds/slave/test/build/venv/lib/python2.7/site-packages (from -r /builds/slave/test/build/tests/config/mozbase_requirements.txt (line 9))
16:55:34     INFO -  Processing /builds/slave/test/build/tests/mozbase/mozlog
16:55:34     INFO -    Requirement already satisfied (use --upgrade to upgrade): mozlog==3.4 from file:///builds/slave/test/build/tests/mozbase/mozlog in /builds/slave/test/build/venv/lib/python2.7/site-packages (from -r /builds/slave/test/build/tests/config/mozbase_requirements.txt (line 10))
16:55:34     INFO -  Processing /builds/slave/test/build/tests/mozbase/moznetwork
16:55:35     INFO -    Requirement already satisfied (use --upgrade to upgrade): moznetwork==0.27 from file:///builds/slave/test/build/tests/mozbase/moznetwork in /builds/slave/test/build/venv/lib/python2.7/site-packages (from -r /builds/slave/test/build/tests/config/mozbase_requirements.txt (line 11))
16:55:35     INFO -  Processing /builds/slave/test/build/tests/mozbase/mozprocess
16:55:35     INFO -    Requirement already satisfied (use --upgrade to upgrade): mozprocess==0.23 from file:///builds/slave/test/build/tests/mozbase/mozprocess in /builds/slave/test/build/venv/lib/python2.7/site-packages (from -r /builds/slave/test/build/tests/config/mozbase_requirements.txt (line 12))
16:55:35     INFO -  Processing /builds/slave/test/build/tests/mozbase/mozprofile
16:55:35     INFO -    Requirement already satisfied (use --upgrade to upgrade): mozprofile==0.28 from file:///builds/slave/test/build/tests/mozbase/mozprofile in /builds/slave/test/build/venv/lib/python2.7/site-packages (from -r /builds/slave/test/build/tests/config/mozbase_requirements.txt (line 13))
16:55:35     INFO -  Processing /builds/slave/test/build/tests/mozbase/mozrunner
16:55:36     INFO -    Requirement already satisfied (use --upgrade to upgrade): mozrunner==6.13 from file:///builds/slave/test/build/tests/mozbase/mozrunner in /builds/slave/test/build/venv/lib/python2.7/site-packages (from -r /builds/slave/test/build/tests/config/mozbase_requirements.txt (line 14))
16:55:36     INFO -  Processing /builds/slave/test/build/tests/mozbase/mozscreenshot
16:55:36     INFO -    Requirement already satisfied (use --upgrade to upgrade): mozscreenshot==0.1 from file:///builds/slave/test/build/tests/mozbase/mozscreenshot in /builds/slave/test/build/venv/lib/python2.7/site-packages (from -r /builds/slave/test/build/tests/config/mozbase_requirements.txt (line 15))
16:55:36     INFO -  Processing /builds/slave/test/build/tests/mozbase/moztest
16:55:37     INFO -    Requirement already satisfied (use --upgrade to upgrade): moztest==0.8 from file:///builds/slave/test/build/tests/mozbase/moztest in /builds/slave/test/build/venv/lib/python2.7/site-packages (from -r /builds/slave/test/build/tests/config/mozbase_requirements.txt (line 16))
16:55:37     INFO -  Processing /builds/slave/test/build/tests/mozbase/mozversion
16:55:37     INFO -    Requirement already satisfied (use --upgrade to upgrade): mozversion==1.4 from file:///builds/slave/test/build/tests/mozbase/mozversion in /builds/slave/test/build/venv/lib/python2.7/site-packages (from -r /builds/slave/test/build/tests/config/mozbase_requirements.txt (line 17))
16:55:37     INFO -  Requirement already satisfied (use --upgrade to upgrade): mozfile>=1.0 in /builds/slave/test/build/venv/lib/python2.7/site-packages (from mozcrash==1.0->-r /builds/slave/test/build/tests/config/mozbase_requirements.txt (line 2))
16:55:37     INFO -  Requirement already satisfied (use --upgrade to upgrade): mozlog>=3.0 in /builds/slave/test/build/venv/lib/python2.7/site-packages (from mozcrash==1.0->-r /builds/slave/test/build/tests/config/mozbase_requirements.txt (line 2))
16:55:37     INFO -  Requirement already satisfied (use --upgrade to upgrade): mozinfo in /builds/slave/test/build/venv/lib/python2.7/site-packages (from mozdebug==0.1->-r /builds/slave/test/build/tests/config/mozbase_requirements.txt (line 3))
16:55:37     INFO -  Requirement already satisfied (use --upgrade to upgrade): moznetwork>=0.24 in /builds/slave/test/build/venv/lib/python2.7/site-packages (from mozdevice==0.48->-r /builds/slave/test/build/tests/config/mozbase_requirements.txt (line 4))
16:55:37     INFO -  Requirement already satisfied (use --upgrade to upgrade): mozprocess>=0.19 in /builds/slave/test/build/venv/lib/python2.7/site-packages (from mozdevice==0.48->-r /builds/slave/test/build/tests/config/mozbase_requirements.txt (line 4))
16:55:37     INFO -  Collecting blessings>=1.3 (from mozlog==3.4->-r /builds/slave/test/build/tests/config/mozbase_requirements.txt (line 10))
16:55:37     INFO -  /builds/slave/test/build/venv/lib/python2.7/site-packages/pip/_vendor/requests/packages/urllib3/util/ssl_.py:318: SNIMissingWarning: An HTTPS request has been made, but the SNI (Subject Name Indication) extension to TLS is not available on this platform. This may cause the server to present an incorrect TLS certificate, which can cause validation failures. You can upgrade to a newer version of Python to solve this. For more information, see https://urllib3.readthedocs.org/en/latest/security.html#snimissingwarning.
16:55:37     INFO -    SNIMissingWarning
16:55:37     INFO -  /builds/slave/test/build/venv/lib/python2.7/site-packages/pip/_vendor/requests/packages/urllib3/util/ssl_.py:122: InsecurePlatformWarning: A true SSLContext object is not available. This prevents urllib3 from configuring SSL appropriately and may cause certain SSL connections to fail. You can upgrade to a newer version of Python to solve this. For more information, see https://urllib3.readthedocs.org/en/latest/security.html#insecureplatformwarning.
16:55:37     INFO -    InsecurePlatformWarning
16:55:39     INFO -  /builds/slave/test/build/venv/lib/python2.7/site-packages/pip/_vendor/requests/packages/urllib3/util/ssl_.py:122: InsecurePlatformWarning: A true SSLContext object is not available. This prevents urllib3 from configuring SSL appropriately and may cause certain SSL connections to fail. You can upgrade to a newer version of Python to solve this. For more information, see https://urllib3.readthedocs.org/en/latest/security.html#insecureplatformwarning.
16:55:39     INFO -    InsecurePlatformWarning
16:55:44     INFO -    Downloading https://pypi.pvt.build.mozilla.org/pub/blessings-1.6.tar.gz
16:55:45     INFO -  Building wheels for collected packages: blessings
16:55:45     INFO -    Running setup.py bdist_wheel for blessings: started
16:55:45     INFO -    Running setup.py bdist_wheel for blessings: finished with status 'done'
16:55:45     INFO -    Stored in directory: /home/cltbld/.cache/pip/wheels/fb/37/ae/c6b15ed5da2ead5847df54c8319487050d4dcc950c9795eae9
16:55:45     INFO -  Successfully built blessings
16:55:45     INFO -  Installing collected packages: blessings
16:55:45     INFO -  Successfully installed blessings-1.6
16:55:46     INFO - Return code: 0
16:55:46     INFO - Installing pip>=1.5 into virtualenv /builds/slave/test/build/venv
16:55:46     INFO - retry: Calling run_command with args: [['/builds/slave/test/build/venv/bin/pip', 'install', '--timeout', '120', '--no-index', '--find-links', 'http://pypi.pvt.build.mozilla.org/pub', '--find-links', 'http://pypi.pub.build.mozilla.org/pub', '--trusted-host', 'pypi.pub.build.mozilla.org', '--trusted-host', 'pypi.pvt.build.mozilla.org', 'pip>=1.5']], kwargs: {'error_level': 'warning', 'error_list': [{'substr': 'not found or a compiler error:', 'level': 'warning'}, {'regex': <_sre.SRE_Pattern object at 0x7f75e391e110>, 'level': 'error'}, {'regex': <_sre.SRE_Pattern object at 0x7f75e3a26e40>, 'level': 'warning'}, {'regex': <_sre.SRE_Pattern object at 0xd713e0>, 'level': 'debug'}, {'substr': 'command not found', 'level': 'error'}, {'regex': <_sre.SRE_Pattern object at 0xd6da90>, 'level': 'warning'}, {'substr': 'Traceback (most recent call last)', 'level': 'error'}, {'substr': 'SyntaxError: ', 'level': 'error'}, {'substr': 'TypeError: ', 'level': 'error'}, {'substr': 'NameError: ', 'level': 'error'}, {'substr': 'ZeroDivisionError: ', 'level': 'error'}, {'regex': <_sre.SRE_Pattern object at 0xd6f3f0>, 'level': 'critical'}, {'regex': <_sre.SRE_Pattern object at 0xd6f670>, 'level': 'critical'}], 'cwd': '/builds/slave/test/build', 'env': {'TMOUT': '86400', 'LOGNAME': 'cltbld', 'USER': 'cltbld', 'HOME': '/home/cltbld', 'PATH': '/usr/local/bin:/usr/local/bin:/usr/bin:/bin:/usr/local/games:/usr/games', 'DISPLAY': ':0', 'CCACHE_UMASK': '002', 'LANG': 'en_US.UTF-8', 'TERM': 'linux', 'SHELL': '/bin/bash', 'MOZ_NODE_PATH': '/usr/bin/node', 'XDG_SESSION_COOKIE': '9ca12473fbb1d023794ffd180000023c-1528501993.726091-1263777758', 'SHLVL': '1', 'NO_FAIL_ON_TEST_ERRORS': '1', 'MOZ_NO_REMOTE': '1', 'MOZ_HIDE_RESULTS_TABLE': '1', 'MAIL': '/var/mail/cltbld', '_': '/tools/buildbot/bin/python', 'NODE_PATH': '/usr/lib/nodejs:/usr/lib/node_modules:/usr/share/javascript', 'PWD': '/builds/slave/test', 'PROPERTIES_FILE': '/builds/slave/test/buildprops.json', 'CCACHE_DIR': '/builds/ccache'}}, attempt #1
16:55:46     INFO - Running command: ['/builds/slave/test/build/venv/bin/pip', 'install', '--timeout', '120', '--no-index', '--find-links', 'http://pypi.pvt.build.mozilla.org/pub', '--find-links', 'http://pypi.pub.build.mozilla.org/pub', '--trusted-host', 'pypi.pub.build.mozilla.org', '--trusted-host', 'pypi.pvt.build.mozilla.org', 'pip>=1.5'] in /builds/slave/test/build
16:55:46     INFO - Copy/paste: /builds/slave/test/build/venv/bin/pip install --timeout 120 --no-index --find-links http://pypi.pvt.build.mozilla.org/pub --find-links http://pypi.pub.build.mozilla.org/pub --trusted-host pypi.pub.build.mozilla.org --trusted-host pypi.pvt.build.mozilla.org pip>=1.5
16:55:46     INFO - Using env: {'CCACHE_DIR': '/builds/ccache',
16:55:46     INFO -  'CCACHE_UMASK': '002',
16:55:46     INFO -  'DISPLAY': ':0',
16:55:46     INFO -  'HOME': '/home/cltbld',
16:55:46     INFO -  'LANG': 'en_US.UTF-8',
16:55:46     INFO -  'LOGNAME': 'cltbld',
16:55:46     INFO -  'MAIL': '/var/mail/cltbld',
16:55:46     INFO -  'MOZ_HIDE_RESULTS_TABLE': '1',
16:55:46     INFO -  'MOZ_NODE_PATH': '/usr/bin/node',
16:55:46     INFO -  'MOZ_NO_REMOTE': '1',
16:55:46     INFO -  'NODE_PATH': '/usr/lib/nodejs:/usr/lib/node_modules:/usr/share/javascript',
16:55:46     INFO -  'NO_FAIL_ON_TEST_ERRORS': '1',
16:55:46     INFO -  'PATH': '/usr/local/bin:/usr/local/bin:/usr/bin:/bin:/usr/local/games:/usr/games',
16:55:46     INFO -  'PROPERTIES_FILE': '/builds/slave/test/buildprops.json',
16:55:46     INFO -  'PWD': '/builds/slave/test',
16:55:46     INFO -  'SHELL': '/bin/bash',
16:55:46     INFO -  'SHLVL': '1',
16:55:46     INFO -  'TERM': 'linux',
16:55:46     INFO -  'TMOUT': '86400',
16:55:46     INFO -  'USER': 'cltbld',
16:55:46     INFO -  'XDG_SESSION_COOKIE': '9ca12473fbb1d023794ffd180000023c-1528501993.726091-1263777758',
16:55:46     INFO -  '_': '/tools/buildbot/bin/python'}
16:55:47     INFO -  Ignoring indexes: https://pypi.python.org/simple
16:55:47     INFO -  Requirement already satisfied (use --upgrade to upgrade): pip>=1.5 in ./venv/lib/python2.7/site-packages
16:55:47     INFO - Return code: 0
16:55:47     INFO - Installing psutil==3.1.1 into virtualenv /builds/slave/test/build/venv
16:55:47     INFO - retry: Calling run_command with args: [['/builds/slave/test/build/venv/bin/pip', 'install', '--timeout', '120', '--no-index', '--find-links', 'http://pypi.pvt.build.mozilla.org/pub', '--find-links', 'http://pypi.pub.build.mozilla.org/pub', '--trusted-host', 'pypi.pub.build.mozilla.org', '--trusted-host', 'pypi.pvt.build.mozilla.org', 'psutil==3.1.1']], kwargs: {'error_level': 'warning', 'error_list': [{'substr': 'not found or a compiler error:', 'level': 'warning'}, {'regex': <_sre.SRE_Pattern object at 0x7f75e391e110>, 'level': 'error'}, {'regex': <_sre.SRE_Pattern object at 0x7f75e3a26e40>, 'level': 'warning'}, {'regex': <_sre.SRE_Pattern object at 0xd713e0>, 'level': 'debug'}, {'substr': 'command not found', 'level': 'error'}, {'regex': <_sre.SRE_Pattern object at 0xd6da90>, 'level': 'warning'}, {'substr': 'Traceback (most recent call last)', 'level': 'error'}, {'substr': 'SyntaxError: ', 'level': 'error'}, {'substr': 'TypeError: ', 'level': 'error'}, {'substr': 'NameError: ', 'level': 'error'}, {'substr': 'ZeroDivisionError: ', 'level': 'error'}, {'regex': <_sre.SRE_Pattern object at 0xd6f3f0>, 'level': 'critical'}, {'regex': <_sre.SRE_Pattern object at 0xd6f670>, 'level': 'critical'}], 'cwd': '/builds/slave/test/build', 'env': {'TMOUT': '86400', 'LOGNAME': 'cltbld', 'USER': 'cltbld', 'HOME': '/home/cltbld', 'PATH': '/usr/local/bin:/usr/local/bin:/usr/bin:/bin:/usr/local/games:/usr/games', 'DISPLAY': ':0', 'CCACHE_UMASK': '002', 'LANG': 'en_US.UTF-8', 'TERM': 'linux', 'SHELL': '/bin/bash', 'MOZ_NODE_PATH': '/usr/bin/node', 'XDG_SESSION_COOKIE': '9ca12473fbb1d023794ffd180000023c-1528501993.726091-1263777758', 'SHLVL': '1', 'NO_FAIL_ON_TEST_ERRORS': '1', 'MOZ_NO_REMOTE': '1', 'MOZ_HIDE_RESULTS_TABLE': '1', 'MAIL': '/var/mail/cltbld', '_': '/tools/buildbot/bin/python', 'NODE_PATH': '/usr/lib/nodejs:/usr/lib/node_modules:/usr/share/javascript', 'PWD': '/builds/slave/test', 'PROPERTIES_FILE': '/builds/slave/test/buildprops.json', 'CCACHE_DIR': '/builds/ccache'}}, attempt #1
16:55:47     INFO - Running command: ['/builds/slave/test/build/venv/bin/pip', 'install', '--timeout', '120', '--no-index', '--find-links', 'http://pypi.pvt.build.mozilla.org/pub', '--find-links', 'http://pypi.pub.build.mozilla.org/pub', '--trusted-host', 'pypi.pub.build.mozilla.org', '--trusted-host', 'pypi.pvt.build.mozilla.org', 'psutil==3.1.1'] in /builds/slave/test/build
16:55:47     INFO - Copy/paste: /builds/slave/test/build/venv/bin/pip install --timeout 120 --no-index --find-links http://pypi.pvt.build.mozilla.org/pub --find-links http://pypi.pub.build.mozilla.org/pub --trusted-host pypi.pub.build.mozilla.org --trusted-host pypi.pvt.build.mozilla.org psutil==3.1.1
16:55:47     INFO - Using env: {'CCACHE_DIR': '/builds/ccache',
16:55:47     INFO -  'CCACHE_UMASK': '002',
16:55:47     INFO -  'DISPLAY': ':0',
16:55:47     INFO -  'HOME': '/home/cltbld',
16:55:47     INFO -  'LANG': 'en_US.UTF-8',
16:55:47     INFO -  'LOGNAME': 'cltbld',
16:55:47     INFO -  'MAIL': '/var/mail/cltbld',
16:55:47     INFO -  'MOZ_HIDE_RESULTS_TABLE': '1',
16:55:47     INFO -  'MOZ_NODE_PATH': '/usr/bin/node',
16:55:47     INFO -  'MOZ_NO_REMOTE': '1',
16:55:47     INFO -  'NODE_PATH': '/usr/lib/nodejs:/usr/lib/node_modules:/usr/share/javascript',
16:55:47     INFO -  'NO_FAIL_ON_TEST_ERRORS': '1',
16:55:47     INFO -  'PATH': '/usr/local/bin:/usr/local/bin:/usr/bin:/bin:/usr/local/games:/usr/games',
16:55:47     INFO -  'PROPERTIES_FILE': '/builds/slave/test/buildprops.json',
16:55:47     INFO -  'PWD': '/builds/slave/test',
16:55:47     INFO -  'SHELL': '/bin/bash',
16:55:47     INFO -  'SHLVL': '1',
16:55:47     INFO -  'TERM': 'linux',
16:55:47     INFO -  'TMOUT': '86400',
16:55:47     INFO -  'USER': 'cltbld',
16:55:47     INFO -  'XDG_SESSION_COOKIE': '9ca12473fbb1d023794ffd180000023c-1528501993.726091-1263777758',
16:55:47     INFO -  '_': '/tools/buildbot/bin/python'}
16:55:48     INFO -  Ignoring indexes: https://pypi.python.org/simple
16:55:48     INFO -  Collecting psutil==3.1.1
16:55:48     INFO -  /builds/slave/test/build/venv/lib/python2.7/site-packages/pip/_vendor/requests/packages/urllib3/util/ssl_.py:318: SNIMissingWarning: An HTTPS request has been made, but the SNI (Subject Name Indication) extension to TLS is not available on this platform. This may cause the server to present an incorrect TLS certificate, which can cause validation failures. You can upgrade to a newer version of Python to solve this. For more information, see https://urllib3.readthedocs.org/en/latest/security.html#snimissingwarning.
16:55:48     INFO -    SNIMissingWarning
16:55:48     INFO -  /builds/slave/test/build/venv/lib/python2.7/site-packages/pip/_vendor/requests/packages/urllib3/util/ssl_.py:122: InsecurePlatformWarning: A true SSLContext object is not available. This prevents urllib3 from configuring SSL appropriately and may cause certain SSL connections to fail. You can upgrade to a newer version of Python to solve this. For more information, see https://urllib3.readthedocs.org/en/latest/security.html#insecureplatformwarning.
16:55:48     INFO -    InsecurePlatformWarning
16:55:50     INFO -  /builds/slave/test/build/venv/lib/python2.7/site-packages/pip/_vendor/requests/packages/urllib3/util/ssl_.py:122: InsecurePlatformWarning: A true SSLContext object is not available. This prevents urllib3 from configuring SSL appropriately and may cause certain SSL connections to fail. You can upgrade to a newer version of Python to solve this. For more information, see https://urllib3.readthedocs.org/en/latest/security.html#insecureplatformwarning.
16:55:50     INFO -    InsecurePlatformWarning
16:55:55     INFO -    Downloading https://pypi.pvt.build.mozilla.org/pub/psutil-3.1.1.tar.gz (247kB)
16:55:56     INFO -  Building wheels for collected packages: psutil
16:55:56     INFO -    Running setup.py bdist_wheel for psutil: started
16:55:57     INFO -    Running setup.py bdist_wheel for psutil: finished with status 'done'
16:55:57     INFO -    Stored in directory: /home/cltbld/.cache/pip/wheels/1e/e6/25/f0494673fc8d727828e74362e3beb4cbaf34d8be516156ba0c
16:55:57     INFO -  Successfully built psutil
16:55:57     INFO -  Installing collected packages: psutil
16:55:57     INFO -    Found existing installation: psutil 5.4.3
16:55:57     INFO -      Uninstalling psutil-5.4.3:
16:55:57     INFO -        Successfully uninstalled psutil-5.4.3
16:55:58     INFO -  Successfully installed psutil-3.1.1
16:55:58     INFO - Return code: 0
16:55:58     INFO - Installing mock into virtualenv /builds/slave/test/build/venv
16:55:58     INFO - retry: Calling run_command with args: [['/builds/slave/test/build/venv/bin/pip', 'install', '--timeout', '120', '--no-index', '--find-links', 'http://pypi.pvt.build.mozilla.org/pub', '--find-links', 'http://pypi.pub.build.mozilla.org/pub', '--trusted-host', 'pypi.pub.build.mozilla.org', '--trusted-host', 'pypi.pvt.build.mozilla.org', 'mock']], kwargs: {'error_level': 'warning', 'error_list': [{'substr': 'not found or a compiler error:', 'level': 'warning'}, {'regex': <_sre.SRE_Pattern object at 0x7f75e391e110>, 'level': 'error'}, {'regex': <_sre.SRE_Pattern object at 0x7f75e3a26e40>, 'level': 'warning'}, {'regex': <_sre.SRE_Pattern object at 0xd713e0>, 'level': 'debug'}, {'substr': 'command not found', 'level': 'error'}, {'regex': <_sre.SRE_Pattern object at 0xd6da90>, 'level': 'warning'}, {'substr': 'Traceback (most recent call last)', 'level': 'error'}, {'substr': 'SyntaxError: ', 'level': 'error'}, {'substr': 'TypeError: ', 'level': 'error'}, {'substr': 'NameError: ', 'level': 'error'}, {'substr': 'ZeroDivisionError: ', 'level': 'error'}, {'regex': <_sre.SRE_Pattern object at 0xd6f3f0>, 'level': 'critical'}, {'regex': <_sre.SRE_Pattern object at 0xd6f670>, 'level': 'critical'}], 'cwd': '/builds/slave/test/build', 'env': {'TMOUT': '86400', 'LOGNAME': 'cltbld', 'USER': 'cltbld', 'HOME': '/home/cltbld', 'PATH': '/usr/local/bin:/usr/local/bin:/usr/bin:/bin:/usr/local/games:/usr/games', 'DISPLAY': ':0', 'CCACHE_UMASK': '002', 'LANG': 'en_US.UTF-8', 'TERM': 'linux', 'SHELL': '/bin/bash', 'MOZ_NODE_PATH': '/usr/bin/node', 'XDG_SESSION_COOKIE': '9ca12473fbb1d023794ffd180000023c-1528501993.726091-1263777758', 'SHLVL': '1', 'NO_FAIL_ON_TEST_ERRORS': '1', 'MOZ_NO_REMOTE': '1', 'MOZ_HIDE_RESULTS_TABLE': '1', 'MAIL': '/var/mail/cltbld', '_': '/tools/buildbot/bin/python', 'NODE_PATH': '/usr/lib/nodejs:/usr/lib/node_modules:/usr/share/javascript', 'PWD': '/builds/slave/test', 'PROPERTIES_FILE': '/builds/slave/test/buildprops.json', 'CCACHE_DIR': '/builds/ccache'}}, attempt #1
16:55:58     INFO - Running command: ['/builds/slave/test/build/venv/bin/pip', 'install', '--timeout', '120', '--no-index', '--find-links', 'http://pypi.pvt.build.mozilla.org/pub', '--find-links', 'http://pypi.pub.build.mozilla.org/pub', '--trusted-host', 'pypi.pub.build.mozilla.org', '--trusted-host', 'pypi.pvt.build.mozilla.org', 'mock'] in /builds/slave/test/build
16:55:58     INFO - Copy/paste: /builds/slave/test/build/venv/bin/pip install --timeout 120 --no-index --find-links http://pypi.pvt.build.mozilla.org/pub --find-links http://pypi.pub.build.mozilla.org/pub --trusted-host pypi.pub.build.mozilla.org --trusted-host pypi.pvt.build.mozilla.org mock
16:55:58     INFO - Using env: {'CCACHE_DIR': '/builds/ccache',
16:55:58     INFO -  'CCACHE_UMASK': '002',
16:55:58     INFO -  'DISPLAY': ':0',
16:55:58     INFO -  'HOME': '/home/cltbld',
16:55:58     INFO -  'LANG': 'en_US.UTF-8',
16:55:58     INFO -  'LOGNAME': 'cltbld',
16:55:58     INFO -  'MAIL': '/var/mail/cltbld',
16:55:58     INFO -  'MOZ_HIDE_RESULTS_TABLE': '1',
16:55:58     INFO -  'MOZ_NODE_PATH': '/usr/bin/node',
16:55:58     INFO -  'MOZ_NO_REMOTE': '1',
16:55:58     INFO -  'NODE_PATH': '/usr/lib/nodejs:/usr/lib/node_modules:/usr/share/javascript',
16:55:58     INFO -  'NO_FAIL_ON_TEST_ERRORS': '1',
16:55:58     INFO -  'PATH': '/usr/local/bin:/usr/local/bin:/usr/bin:/bin:/usr/local/games:/usr/games',
16:55:58     INFO -  'PROPERTIES_FILE': '/builds/slave/test/buildprops.json',
16:55:58     INFO -  'PWD': '/builds/slave/test',
16:55:58     INFO -  'SHELL': '/bin/bash',
16:55:58     INFO -  'SHLVL': '1',
16:55:58     INFO -  'TERM': 'linux',
16:55:58     INFO -  'TMOUT': '86400',
16:55:58     INFO -  'USER': 'cltbld',
16:55:58     INFO -  'XDG_SESSION_COOKIE': '9ca12473fbb1d023794ffd180000023c-1528501993.726091-1263777758',
16:55:58     INFO -  '_': '/tools/buildbot/bin/python'}
16:55:59     INFO -  Ignoring indexes: https://pypi.python.org/simple
16:55:59     INFO -  Collecting mock
16:55:59     INFO -  /builds/slave/test/build/venv/lib/python2.7/site-packages/pip/_vendor/requests/packages/urllib3/util/ssl_.py:318: SNIMissingWarning: An HTTPS request has been made, but the SNI (Subject Name Indication) extension to TLS is not available on this platform. This may cause the server to present an incorrect TLS certificate, which can cause validation failures. You can upgrade to a newer version of Python to solve this. For more information, see https://urllib3.readthedocs.org/en/latest/security.html#snimissingwarning.
16:55:59     INFO -    SNIMissingWarning
16:55:59     INFO -  /builds/slave/test/build/venv/lib/python2.7/site-packages/pip/_vendor/requests/packages/urllib3/util/ssl_.py:122: InsecurePlatformWarning: A true SSLContext object is not available. This prevents urllib3 from configuring SSL appropriately and may cause certain SSL connections to fail. You can upgrade to a newer version of Python to solve this. For more information, see https://urllib3.readthedocs.org/en/latest/security.html#insecureplatformwarning.
16:55:59     INFO -    InsecurePlatformWarning
16:56:01     INFO -  /builds/slave/test/build/venv/lib/python2.7/site-packages/pip/_vendor/requests/packages/urllib3/util/ssl_.py:122: InsecurePlatformWarning: A true SSLContext object is not available. This prevents urllib3 from configuring SSL appropriately and may cause certain SSL connections to fail. You can upgrade to a newer version of Python to solve this. For more information, see https://urllib3.readthedocs.org/en/latest/security.html#insecureplatformwarning.
16:56:01     INFO -    InsecurePlatformWarning
16:56:06     INFO -    Downloading https://pypi.pvt.build.mozilla.org/pub/mock-1.0.1.tar.gz (818kB)
16:56:07     INFO -  Building wheels for collected packages: mock
16:56:08     INFO -    Running setup.py bdist_wheel for mock: started
16:56:08     INFO -    Running setup.py bdist_wheel for mock: finished with status 'done'
16:56:08     INFO -    Stored in directory: /home/cltbld/.cache/pip/wheels/42/d3/87/79283a2f50dfedbfad996edf7028483b27c5953e56856af7d0
16:56:08     INFO -  Successfully built mock
16:56:08     INFO -  Installing collected packages: mock
16:56:08     INFO -  Successfully installed mock-1.0.1
16:56:08     INFO - Return code: 0
16:56:08     INFO - Installing simplejson into virtualenv /builds/slave/test/build/venv
16:56:09     INFO - retry: Calling run_command with args: [['/builds/slave/test/build/venv/bin/pip', 'install', '--timeout', '120', '--no-index', '--find-links', 'http://pypi.pvt.build.mozilla.org/pub', '--find-links', 'http://pypi.pub.build.mozilla.org/pub', '--trusted-host', 'pypi.pub.build.mozilla.org', '--trusted-host', 'pypi.pvt.build.mozilla.org', 'simplejson']], kwargs: {'error_level': 'warning', 'error_list': [{'substr': 'not found or a compiler error:', 'level': 'warning'}, {'regex': <_sre.SRE_Pattern object at 0x7f75e391e110>, 'level': 'error'}, {'regex': <_sre.SRE_Pattern object at 0x7f75e3a26e40>, 'level': 'warning'}, {'regex': <_sre.SRE_Pattern object at 0xd713e0>, 'level': 'debug'}, {'substr': 'command not found', 'level': 'error'}, {'regex': <_sre.SRE_Pattern object at 0xd6da90>, 'level': 'warning'}, {'substr': 'Traceback (most recent call last)', 'level': 'error'}, {'substr': 'SyntaxError: ', 'level': 'error'}, {'substr': 'TypeError: ', 'level': 'error'}, {'substr': 'NameError: ', 'level': 'error'}, {'substr': 'ZeroDivisionError: ', 'level': 'error'}, {'regex': <_sre.SRE_Pattern object at 0xd6f3f0>, 'level': 'critical'}, {'regex': <_sre.SRE_Pattern object at 0xd6f670>, 'level': 'critical'}], 'cwd': '/builds/slave/test/build', 'env': {'TMOUT': '86400', 'LOGNAME': 'cltbld', 'USER': 'cltbld', 'HOME': '/home/cltbld', 'PATH': '/usr/local/bin:/usr/local/bin:/usr/bin:/bin:/usr/local/games:/usr/games', 'DISPLAY': ':0', 'CCACHE_UMASK': '002', 'LANG': 'en_US.UTF-8', 'TERM': 'linux', 'SHELL': '/bin/bash', 'MOZ_NODE_PATH': '/usr/bin/node', 'XDG_SESSION_COOKIE': '9ca12473fbb1d023794ffd180000023c-1528501993.726091-1263777758', 'SHLVL': '1', 'NO_FAIL_ON_TEST_ERRORS': '1', 'MOZ_NO_REMOTE': '1', 'MOZ_HIDE_RESULTS_TABLE': '1', 'MAIL': '/var/mail/cltbld', '_': '/tools/buildbot/bin/python', 'NODE_PATH': '/usr/lib/nodejs:/usr/lib/node_modules:/usr/share/javascript', 'PWD': '/builds/slave/test', 'PROPERTIES_FILE': '/builds/slave/test/buildprops.json', 'CCACHE_DIR': '/builds/ccache'}}, attempt #1
16:56:09     INFO - Running command: ['/builds/slave/test/build/venv/bin/pip', 'install', '--timeout', '120', '--no-index', '--find-links', 'http://pypi.pvt.build.mozilla.org/pub', '--find-links', 'http://pypi.pub.build.mozilla.org/pub', '--trusted-host', 'pypi.pub.build.mozilla.org', '--trusted-host', 'pypi.pvt.build.mozilla.org', 'simplejson'] in /builds/slave/test/build
16:56:09     INFO - Copy/paste: /builds/slave/test/build/venv/bin/pip install --timeout 120 --no-index --find-links http://pypi.pvt.build.mozilla.org/pub --find-links http://pypi.pub.build.mozilla.org/pub --trusted-host pypi.pub.build.mozilla.org --trusted-host pypi.pvt.build.mozilla.org simplejson
16:56:09     INFO - Using env: {'CCACHE_DIR': '/builds/ccache',
16:56:09     INFO -  'CCACHE_UMASK': '002',
16:56:09     INFO -  'DISPLAY': ':0',
16:56:09     INFO -  'HOME': '/home/cltbld',
16:56:09     INFO -  'LANG': 'en_US.UTF-8',
16:56:09     INFO -  'LOGNAME': 'cltbld',
16:56:09     INFO -  'MAIL': '/var/mail/cltbld',
16:56:09     INFO -  'MOZ_HIDE_RESULTS_TABLE': '1',
16:56:09     INFO -  'MOZ_NODE_PATH': '/usr/bin/node',
16:56:09     INFO -  'MOZ_NO_REMOTE': '1',
16:56:09     INFO -  'NODE_PATH': '/usr/lib/nodejs:/usr/lib/node_modules:/usr/share/javascript',
16:56:09     INFO -  'NO_FAIL_ON_TEST_ERRORS': '1',
16:56:09     INFO -  'PATH': '/usr/local/bin:/usr/local/bin:/usr/bin:/bin:/usr/local/games:/usr/games',
16:56:09     INFO -  'PROPERTIES_FILE': '/builds/slave/test/buildprops.json',
16:56:09     INFO -  'PWD': '/builds/slave/test',
16:56:09     INFO -  'SHELL': '/bin/bash',
16:56:09     INFO -  'SHLVL': '1',
16:56:09     INFO -  'TERM': 'linux',
16:56:09     INFO -  'TMOUT': '86400',
16:56:09     INFO -  'USER': 'cltbld',
16:56:09     INFO -  'XDG_SESSION_COOKIE': '9ca12473fbb1d023794ffd180000023c-1528501993.726091-1263777758',
16:56:09     INFO -  '_': '/tools/buildbot/bin/python'}
16:56:09     INFO -  Ignoring indexes: https://pypi.python.org/simple
16:56:09     INFO -  Collecting simplejson
16:56:10     INFO -  /builds/slave/test/build/venv/lib/python2.7/site-packages/pip/_vendor/requests/packages/urllib3/util/ssl_.py:318: SNIMissingWarning: An HTTPS request has been made, but the SNI (Subject Name Indication) extension to TLS is not available on this platform. This may cause the server to present an incorrect TLS certificate, which can cause validation failures. You can upgrade to a newer version of Python to solve this. For more information, see https://urllib3.readthedocs.org/en/latest/security.html#snimissingwarning.
16:56:10     INFO -    SNIMissingWarning
16:56:10     INFO -  /builds/slave/test/build/venv/lib/python2.7/site-packages/pip/_vendor/requests/packages/urllib3/util/ssl_.py:122: InsecurePlatformWarning: A true SSLContext object is not available. This prevents urllib3 from configuring SSL appropriately and may cause certain SSL connections to fail. You can upgrade to a newer version of Python to solve this. For more information, see https://urllib3.readthedocs.org/en/latest/security.html#insecureplatformwarning.
16:56:10     INFO -    InsecurePlatformWarning
16:56:12     INFO -  /builds/slave/test/build/venv/lib/python2.7/site-packages/pip/_vendor/requests/packages/urllib3/util/ssl_.py:122: InsecurePlatformWarning: A true SSLContext object is not available. This prevents urllib3 from configuring SSL appropriately and may cause certain SSL connections to fail. You can upgrade to a newer version of Python to solve this. For more information, see https://urllib3.readthedocs.org/en/latest/security.html#insecureplatformwarning.
16:56:12     INFO -    InsecurePlatformWarning
16:56:17     INFO -    Downloading https://pypi.pvt.build.mozilla.org/pub/simplejson-3.3.0.tar.gz (67kB)
16:56:17     INFO -  Building wheels for collected packages: simplejson
16:56:17     INFO -    Running setup.py bdist_wheel for simplejson: started
16:56:19     INFO -    Running setup.py bdist_wheel for simplejson: finished with status 'done'
16:56:19     INFO -    Stored in directory: /home/cltbld/.cache/pip/wheels/b1/26/8f/72b2a349729d24b9c6aa399407fddd384f8814e045e6de407e
16:56:19     INFO -  Successfully built simplejson
16:56:19     INFO -  Installing collected packages: simplejson
16:56:20     INFO -  Successfully installed simplejson-3.3.0
16:56:20     INFO - Return code: 0
16:56:20     INFO - Installing None into virtualenv /builds/slave/test/build/venv
16:56:20     INFO - retry: Calling run_command with args: [['/builds/slave/test/build/venv/bin/pip', 'install', '--no-deps', '--timeout', '120', '-r', '/builds/slave/test/build/tests/config/marionette_requirements.txt', '--no-index', '--find-links', 'http://pypi.pvt.build.mozilla.org/pub', '--find-links', 'http://pypi.pub.build.mozilla.org/pub', '--trusted-host', 'pypi.pub.build.mozilla.org', '--trusted-host', 'pypi.pvt.build.mozilla.org']], kwargs: {'error_level': 'warning', 'error_list': [{'substr': 'not found or a compiler error:', 'level': 'warning'}, {'regex': <_sre.SRE_Pattern object at 0x7f75e391e110>, 'level': 'error'}, {'regex': <_sre.SRE_Pattern object at 0x7f75e3a26e40>, 'level': 'warning'}, {'regex': <_sre.SRE_Pattern object at 0xd713e0>, 'level': 'debug'}, {'substr': 'command not found', 'level': 'error'}, {'regex': <_sre.SRE_Pattern object at 0xd6da90>, 'level': 'warning'}, {'substr': 'Traceback (most recent call last)', 'level': 'error'}, {'substr': 'SyntaxError: ', 'level': 'error'}, {'substr': 'TypeError: ', 'level': 'error'}, {'substr': 'NameError: ', 'level': 'error'}, {'substr': 'ZeroDivisionError: ', 'level': 'error'}, {'regex': <_sre.SRE_Pattern object at 0xd6f3f0>, 'level': 'critical'}, {'regex': <_sre.SRE_Pattern object at 0xd6f670>, 'level': 'critical'}], 'cwd': '/builds/slave/test/build/tests/config', 'env': {'TMOUT': '86400', 'LOGNAME': 'cltbld', 'USER': 'cltbld', 'HOME': '/home/cltbld', 'PATH': '/usr/local/bin:/usr/local/bin:/usr/bin:/bin:/usr/local/games:/usr/games', 'DISPLAY': ':0', 'CCACHE_UMASK': '002', 'LANG': 'en_US.UTF-8', 'TERM': 'linux', 'SHELL': '/bin/bash', 'MOZ_NODE_PATH': '/usr/bin/node', 'XDG_SESSION_COOKIE': '9ca12473fbb1d023794ffd180000023c-1528501993.726091-1263777758', 'SHLVL': '1', 'NO_FAIL_ON_TEST_ERRORS': '1', 'MOZ_NO_REMOTE': '1', 'MOZ_HIDE_RESULTS_TABLE': '1', 'MAIL': '/var/mail/cltbld', '_': '/tools/buildbot/bin/python', 'NODE_PATH': '/usr/lib/nodejs:/usr/lib/node_modules:/usr/share/javascript', 'PWD': '/builds/slave/test', 'PROPERTIES_FILE': '/builds/slave/test/buildprops.json', 'CCACHE_DIR': '/builds/ccache'}}, attempt #1
16:56:20     INFO - Running command: ['/builds/slave/test/build/venv/bin/pip', 'install', '--no-deps', '--timeout', '120', '-r', '/builds/slave/test/build/tests/config/marionette_requirements.txt', '--no-index', '--find-links', 'http://pypi.pvt.build.mozilla.org/pub', '--find-links', 'http://pypi.pub.build.mozilla.org/pub', '--trusted-host', 'pypi.pub.build.mozilla.org', '--trusted-host', 'pypi.pvt.build.mozilla.org'] in /builds/slave/test/build/tests/config
16:56:20     INFO - Copy/paste: /builds/slave/test/build/venv/bin/pip install --no-deps --timeout 120 -r /builds/slave/test/build/tests/config/marionette_requirements.txt --no-index --find-links http://pypi.pvt.build.mozilla.org/pub --find-links http://pypi.pub.build.mozilla.org/pub --trusted-host pypi.pub.build.mozilla.org --trusted-host pypi.pvt.build.mozilla.org
16:56:20     INFO - Using env: {'CCACHE_DIR': '/builds/ccache',
16:56:20     INFO -  'CCACHE_UMASK': '002',
16:56:20     INFO -  'DISPLAY': ':0',
16:56:20     INFO -  'HOME': '/home/cltbld',
16:56:20     INFO -  'LANG': 'en_US.UTF-8',
16:56:20     INFO -  'LOGNAME': 'cltbld',
16:56:20     INFO -  'MAIL': '/var/mail/cltbld',
16:56:20     INFO -  'MOZ_HIDE_RESULTS_TABLE': '1',
16:56:20     INFO -  'MOZ_NODE_PATH': '/usr/bin/node',
16:56:20     INFO -  'MOZ_NO_REMOTE': '1',
16:56:20     INFO -  'NODE_PATH': '/usr/lib/nodejs:/usr/lib/node_modules:/usr/share/javascript',
16:56:20     INFO -  'NO_FAIL_ON_TEST_ERRORS': '1',
16:56:20     INFO -  'PATH': '/usr/local/bin:/usr/local/bin:/usr/bin:/bin:/usr/local/games:/usr/games',
16:56:20     INFO -  'PROPERTIES_FILE': '/builds/slave/test/buildprops.json',
16:56:20     INFO -  'PWD': '/builds/slave/test',
16:56:20     INFO -  'SHELL': '/bin/bash',
16:56:20     INFO -  'SHLVL': '1',
16:56:20     INFO -  'TERM': 'linux',
16:56:20     INFO -  'TMOUT': '86400',
16:56:20     INFO -  'USER': 'cltbld',
16:56:20     INFO -  'XDG_SESSION_COOKIE': '9ca12473fbb1d023794ffd180000023c-1528501993.726091-1263777758',
16:56:20     INFO -  '_': '/tools/buildbot/bin/python'}
16:56:21     INFO -  Ignoring indexes: https://pypi.python.org/simple
16:56:21     INFO -  Processing /builds/slave/test/build/tests/mozbase/manifestparser
16:56:21     INFO -    Requirement already satisfied (use --upgrade to upgrade): manifestparser==1.1 from file:///builds/slave/test/build/tests/mozbase/manifestparser in /builds/slave/test/build/venv/lib/python2.7/site-packages (from -r /builds/slave/test/build/tests/config/mozbase_requirements.txt (line 1))
16:56:21     INFO -  Processing /builds/slave/test/build/tests/mozbase/mozcrash
16:56:22     INFO -    Requirement already satisfied (use --upgrade to upgrade): mozcrash==1.0 from file:///builds/slave/test/build/tests/mozbase/mozcrash in /builds/slave/test/build/venv/lib/python2.7/site-packages (from -r /builds/slave/test/build/tests/config/mozbase_requirements.txt (line 2))
16:56:22     INFO -  Processing /builds/slave/test/build/tests/mozbase/mozdebug
16:56:22     INFO -    Requirement already satisfied (use --upgrade to upgrade): mozdebug==0.1 from file:///builds/slave/test/build/tests/mozbase/mozdebug in /builds/slave/test/build/venv/lib/python2.7/site-packages (from -r /builds/slave/test/build/tests/config/mozbase_requirements.txt (line 3))
16:56:22     INFO -  Processing /builds/slave/test/build/tests/mozbase/mozdevice
16:56:23     INFO -    Requirement already satisfied (use --upgrade to upgrade): mozdevice==0.48 from file:///builds/slave/test/build/tests/mozbase/mozdevice in /builds/slave/test/build/venv/lib/python2.7/site-packages (from -r /builds/slave/test/build/tests/config/mozbase_requirements.txt (line 4))
16:56:23     INFO -  Processing /builds/slave/test/build/tests/mozbase/mozfile
16:56:23     INFO -    Requirement already satisfied (use --upgrade to upgrade): mozfile==1.2 from file:///builds/slave/test/build/tests/mozbase/mozfile in /builds/slave/test/build/venv/lib/python2.7/site-packages (from -r /builds/slave/test/build/tests/config/mozbase_requirements.txt (line 5))
16:56:23     INFO -  Processing /builds/slave/test/build/tests/mozbase/mozhttpd
16:56:23     INFO -    Requirement already satisfied (use --upgrade to upgrade): mozhttpd==0.7 from file:///builds/slave/test/build/tests/mozbase/mozhttpd in /builds/slave/test/build/venv/lib/python2.7/site-packages (from -r /builds/slave/test/build/tests/config/mozbase_requirements.txt (line 6))
16:56:23     INFO -  Processing /builds/slave/test/build/tests/mozbase/mozinfo
16:56:24     INFO -    Requirement already satisfied (use --upgrade to upgrade): mozinfo==0.9 from file:///builds/slave/test/build/tests/mozbase/mozinfo in /builds/slave/test/build/venv/lib/python2.7/site-packages (from -r /builds/slave/test/build/tests/config/mozbase_requirements.txt (line 7))
16:56:24     INFO -  Processing /builds/slave/test/build/tests/mozbase/mozinstall
16:56:24     INFO -    Requirement already satisfied (use --upgrade to upgrade): mozInstall==1.12 from file:///builds/slave/test/build/tests/mozbase/mozinstall in /builds/slave/test/build/venv/lib/python2.7/site-packages (from -r /builds/slave/test/build/tests/config/mozbase_requirements.txt (line 8))
16:56:24     INFO -  Processing /builds/slave/test/build/tests/mozbase/mozleak
16:56:24     INFO -    Requirement already satisfied (use --upgrade to upgrade): mozleak==0.1 from file:///builds/slave/test/build/tests/mozbase/mozleak in /builds/slave/test/build/venv/lib/python2.7/site-packages (from -r /builds/slave/test/build/tests/config/mozbase_requirements.txt (line 9))
16:56:24     INFO -  Processing /builds/slave/test/build/tests/mozbase/mozlog
16:56:25     INFO -    Requirement already satisfied (use --upgrade to upgrade): mozlog==3.4 from file:///builds/slave/test/build/tests/mozbase/mozlog in /builds/slave/test/build/venv/lib/python2.7/site-packages (from -r /builds/slave/test/build/tests/config/mozbase_requirements.txt (line 10))
16:56:25     INFO -  Processing /builds/slave/test/build/tests/mozbase/moznetwork
16:56:25     INFO -    Requirement already satisfied (use --upgrade to upgrade): moznetwork==0.27 from file:///builds/slave/test/build/tests/mozbase/moznetwork in /builds/slave/test/build/venv/lib/python2.7/site-packages (from -r /builds/slave/test/build/tests/config/mozbase_requirements.txt (line 11))
16:56:25     INFO -  Processing /builds/slave/test/build/tests/mozbase/mozprocess
16:56:26     INFO -    Requirement already satisfied (use --upgrade to upgrade): mozprocess==0.23 from file:///builds/slave/test/build/tests/mozbase/mozprocess in /builds/slave/test/build/venv/lib/python2.7/site-packages (from -r /builds/slave/test/build/tests/config/mozbase_requirements.txt (line 12))
16:56:26     INFO -  Processing /builds/slave/test/build/tests/mozbase/mozprofile
16:56:26     INFO -    Requirement already satisfied (use --upgrade to upgrade): mozprofile==0.28 from file:///builds/slave/test/build/tests/mozbase/mozprofile in /builds/slave/test/build/venv/lib/python2.7/site-packages (from -r /builds/slave/test/build/tests/config/mozbase_requirements.txt (line 13))
16:56:26     INFO -  Processing /builds/slave/test/build/tests/mozbase/mozrunner
16:56:26     INFO -    Requirement already satisfied (use --upgrade to upgrade): mozrunner==6.13 from file:///builds/slave/test/build/tests/mozbase/mozrunner in /builds/slave/test/build/venv/lib/python2.7/site-packages (from -r /builds/slave/test/build/tests/config/mozbase_requirements.txt (line 14))
16:56:26     INFO -  Processing /builds/slave/test/build/tests/mozbase/mozscreenshot
16:56:27     INFO -    Requirement already satisfied (use --upgrade to upgrade): mozscreenshot==0.1 from file:///builds/slave/test/build/tests/mozbase/mozscreenshot in /builds/slave/test/build/venv/lib/python2.7/site-packages (from -r /builds/slave/test/build/tests/config/mozbase_requirements.txt (line 15))
16:56:27     INFO -  Processing /builds/slave/test/build/tests/mozbase/moztest
16:56:27     INFO -    Requirement already satisfied (use --upgrade to upgrade): moztest==0.8 from file:///builds/slave/test/build/tests/mozbase/moztest in /builds/slave/test/build/venv/lib/python2.7/site-packages (from -r /builds/slave/test/build/tests/config/mozbase_requirements.txt (line 16))
16:56:27     INFO -  Processing /builds/slave/test/build/tests/mozbase/mozversion
16:56:27     INFO -    Requirement already satisfied (use --upgrade to upgrade): mozversion==1.4 from file:///builds/slave/test/build/tests/mozbase/mozversion in /builds/slave/test/build/venv/lib/python2.7/site-packages (from -r /builds/slave/test/build/tests/config/mozbase_requirements.txt (line 17))
16:56:27     INFO -  Processing /builds/slave/test/build/tests/tools/wptserve
16:56:28     INFO -  Processing /builds/slave/test/build/tests/marionette/client
16:56:28     INFO -  Processing /builds/slave/test/build/tests/marionette/harness/marionette_harness/runner/mixins/browsermob-proxy-py
16:56:29     INFO -  Processing /builds/slave/test/build/tests/marionette/harness
16:56:29     INFO -  Processing /builds/slave/test/build/tests/marionette/puppeteer/firefox
16:56:29     INFO -  Building wheels for collected packages: browsermob-proxy
16:56:29     INFO -    Running setup.py bdist_wheel for browsermob-proxy: started
16:56:30     INFO -    Running setup.py bdist_wheel for browsermob-proxy: finished with status 'done'
16:56:30     INFO -    Stored in directory: /home/cltbld/.cache/pip/wheels/10/00/c1/79bb793b6a7eb4dca9dfd244010f550ae5044951bcd23c261e
16:56:30     INFO -  Successfully built browsermob-proxy
16:56:30     INFO -  Installing collected packages: wptserve, marionette-driver, browsermob-proxy, marionette-harness, firefox-puppeteer
16:56:30     INFO -    Running setup.py install for wptserve: started
16:56:30     INFO -      Running setup.py install for wptserve: finished with status 'done'
16:56:30     INFO -    Running setup.py install for marionette-driver: started
16:56:31     INFO -      Running setup.py install for marionette-driver: finished with status 'done'
16:56:31     INFO -    Running setup.py install for marionette-harness: started
16:56:32     INFO -      Running setup.py install for marionette-harness: finished with status 'done'
16:56:32     INFO -    Running setup.py install for firefox-puppeteer: started
16:56:32     INFO -      Running setup.py install for firefox-puppeteer: finished with status 'done'
16:56:32     INFO -  Successfully installed browsermob-proxy-0.6.0 firefox-puppeteer-52.1.0 marionette-driver-2.2.0 marionette-harness-4.0.0 wptserve-1.4.0
16:56:33     INFO - Return code: 0
16:56:33     INFO - Installing None into virtualenv /builds/slave/test/build/venv
16:56:33     INFO - retry: Calling run_command with args: [['/builds/slave/test/build/venv/bin/pip', 'install', '--timeout', '120', '-r', '/builds/slave/test/build/tests/config/marionette_requirements.txt', '--no-index', '--find-links', 'http://pypi.pvt.build.mozilla.org/pub', '--find-links', 'http://pypi.pub.build.mozilla.org/pub', '--trusted-host', 'pypi.pub.build.mozilla.org', '--trusted-host', 'pypi.pvt.build.mozilla.org']], kwargs: {'error_level': 'warning', 'error_list': [{'substr': 'not found or a compiler error:', 'level': 'warning'}, {'regex': <_sre.SRE_Pattern object at 0x7f75e391e110>, 'level': 'error'}, {'regex': <_sre.SRE_Pattern object at 0x7f75e3a26e40>, 'level': 'warning'}, {'regex': <_sre.SRE_Pattern object at 0xd713e0>, 'level': 'debug'}, {'substr': 'command not found', 'level': 'error'}, {'regex': <_sre.SRE_Pattern object at 0xd6da90>, 'level': 'warning'}, {'substr': 'Traceback (most recent call last)', 'level': 'error'}, {'substr': 'SyntaxError: ', 'level': 'error'}, {'substr': 'TypeError: ', 'level': 'error'}, {'substr': 'NameError: ', 'level': 'error'}, {'substr': 'ZeroDivisionError: ', 'level': 'error'}, {'regex': <_sre.SRE_Pattern object at 0xd6f3f0>, 'level': 'critical'}, {'regex': <_sre.SRE_Pattern object at 0xd6f670>, 'level': 'critical'}], 'cwd': '/builds/slave/test/build/tests/config', 'env': {'TMOUT': '86400', 'LOGNAME': 'cltbld', 'USER': 'cltbld', 'HOME': '/home/cltbld', 'PATH': '/usr/local/bin:/usr/local/bin:/usr/bin:/bin:/usr/local/games:/usr/games', 'DISPLAY': ':0', 'CCACHE_UMASK': '002', 'LANG': 'en_US.UTF-8', 'TERM': 'linux', 'SHELL': '/bin/bash', 'MOZ_NODE_PATH': '/usr/bin/node', 'XDG_SESSION_COOKIE': '9ca12473fbb1d023794ffd180000023c-1528501993.726091-1263777758', 'SHLVL': '1', 'NO_FAIL_ON_TEST_ERRORS': '1', 'MOZ_NO_REMOTE': '1', 'MOZ_HIDE_RESULTS_TABLE': '1', 'MAIL': '/var/mail/cltbld', '_': '/tools/buildbot/bin/python', 'NODE_PATH': '/usr/lib/nodejs:/usr/lib/node_modules:/usr/share/javascript', 'PWD': '/builds/slave/test', 'PROPERTIES_FILE': '/builds/slave/test/buildprops.json', 'CCACHE_DIR': '/builds/ccache'}}, attempt #1
16:56:33     INFO - Running command: ['/builds/slave/test/build/venv/bin/pip', 'install', '--timeout', '120', '-r', '/builds/slave/test/build/tests/config/marionette_requirements.txt', '--no-index', '--find-links', 'http://pypi.pvt.build.mozilla.org/pub', '--find-links', 'http://pypi.pub.build.mozilla.org/pub', '--trusted-host', 'pypi.pub.build.mozilla.org', '--trusted-host', 'pypi.pvt.build.mozilla.org'] in /builds/slave/test/build/tests/config
16:56:33     INFO - Copy/paste: /builds/slave/test/build/venv/bin/pip install --timeout 120 -r /builds/slave/test/build/tests/config/marionette_requirements.txt --no-index --find-links http://pypi.pvt.build.mozilla.org/pub --find-links http://pypi.pub.build.mozilla.org/pub --trusted-host pypi.pub.build.mozilla.org --trusted-host pypi.pvt.build.mozilla.org
16:56:33     INFO - Using env: {'CCACHE_DIR': '/builds/ccache',
16:56:33     INFO -  'CCACHE_UMASK': '002',
16:56:33     INFO -  'DISPLAY': ':0',
16:56:33     INFO -  'HOME': '/home/cltbld',
16:56:33     INFO -  'LANG': 'en_US.UTF-8',
16:56:33     INFO -  'LOGNAME': 'cltbld',
16:56:33     INFO -  'MAIL': '/var/mail/cltbld',
16:56:33     INFO -  'MOZ_HIDE_RESULTS_TABLE': '1',
16:56:33     INFO -  'MOZ_NODE_PATH': '/usr/bin/node',
16:56:33     INFO -  'MOZ_NO_REMOTE': '1',
16:56:33     INFO -  'NODE_PATH': '/usr/lib/nodejs:/usr/lib/node_modules:/usr/share/javascript',
16:56:33     INFO -  'NO_FAIL_ON_TEST_ERRORS': '1',
16:56:33     INFO -  'PATH': '/usr/local/bin:/usr/local/bin:/usr/bin:/bin:/usr/local/games:/usr/games',
16:56:33     INFO -  'PROPERTIES_FILE': '/builds/slave/test/buildprops.json',
16:56:33     INFO -  'PWD': '/builds/slave/test',
16:56:33     INFO -  'SHELL': '/bin/bash',
16:56:33     INFO -  'SHLVL': '1',
16:56:33     INFO -  'TERM': 'linux',
16:56:33     INFO -  'TMOUT': '86400',
16:56:33     INFO -  'USER': 'cltbld',
16:56:33     INFO -  'XDG_SESSION_COOKIE': '9ca12473fbb1d023794ffd180000023c-1528501993.726091-1263777758',
16:56:33     INFO -  '_': '/tools/buildbot/bin/python'}
16:56:34     INFO -  Ignoring indexes: https://pypi.python.org/simple
16:56:34     INFO -  Processing /builds/slave/test/build/tests/mozbase/manifestparser
16:56:34     INFO -    Requirement already satisfied (use --upgrade to upgrade): manifestparser==1.1 from file:///builds/slave/test/build/tests/mozbase/manifestparser in /builds/slave/test/build/venv/lib/python2.7/site-packages (from -r /builds/slave/test/build/tests/config/mozbase_requirements.txt (line 1))
16:56:34     INFO -  Processing /builds/slave/test/build/tests/mozbase/mozcrash
16:56:35     INFO -    Requirement already satisfied (use --upgrade to upgrade): mozcrash==1.0 from file:///builds/slave/test/build/tests/mozbase/mozcrash in /builds/slave/test/build/venv/lib/python2.7/site-packages (from -r /builds/slave/test/build/tests/config/mozbase_requirements.txt (line 2))
16:56:35     INFO -  Processing /builds/slave/test/build/tests/mozbase/mozdebug
16:56:35     INFO -    Requirement already satisfied (use --upgrade to upgrade): mozdebug==0.1 from file:///builds/slave/test/build/tests/mozbase/mozdebug in /builds/slave/test/build/venv/lib/python2.7/site-packages (from -r /builds/slave/test/build/tests/config/mozbase_requirements.txt (line 3))
16:56:35     INFO -  Processing /builds/slave/test/build/tests/mozbase/mozdevice
16:56:35     INFO -    Requirement already satisfied (use --upgrade to upgrade): mozdevice==0.48 from file:///builds/slave/test/build/tests/mozbase/mozdevice in /builds/slave/test/build/venv/lib/python2.7/site-packages (from -r /builds/slave/test/build/tests/config/mozbase_requirements.txt (line 4))
16:56:35     INFO -  Processing /builds/slave/test/build/tests/mozbase/mozfile
16:56:36     INFO -    Requirement already satisfied (use --upgrade to upgrade): mozfile==1.2 from file:///builds/slave/test/build/tests/mozbase/mozfile in /builds/slave/test/build/venv/lib/python2.7/site-packages (from -r /builds/slave/test/build/tests/config/mozbase_requirements.txt (line 5))
16:56:36     INFO -  Processing /builds/slave/test/build/tests/mozbase/mozhttpd
16:56:36     INFO -    Requirement already satisfied (use --upgrade to upgrade): mozhttpd==0.7 from file:///builds/slave/test/build/tests/mozbase/mozhttpd in /builds/slave/test/build/venv/lib/python2.7/site-packages (from -r /builds/slave/test/build/tests/config/mozbase_requirements.txt (line 6))
16:56:36     INFO -  Processing /builds/slave/test/build/tests/mozbase/mozinfo
16:56:36     INFO -    Requirement already satisfied (use --upgrade to upgrade): mozinfo==0.9 from file:///builds/slave/test/build/tests/mozbase/mozinfo in /builds/slave/test/build/venv/lib/python2.7/site-packages (from -r /builds/slave/test/build/tests/config/mozbase_requirements.txt (line 7))
16:56:36     INFO -  Processing /builds/slave/test/build/tests/mozbase/mozinstall
16:56:37     INFO -    Requirement already satisfied (use --upgrade to upgrade): mozInstall==1.12 from file:///builds/slave/test/build/tests/mozbase/mozinstall in /builds/slave/test/build/venv/lib/python2.7/site-packages (from -r /builds/slave/test/build/tests/config/mozbase_requirements.txt (line 8))
16:56:37     INFO -  Processing /builds/slave/test/build/tests/mozbase/mozleak
16:56:37     INFO -    Requirement already satisfied (use --upgrade to upgrade): mozleak==0.1 from file:///builds/slave/test/build/tests/mozbase/mozleak in /builds/slave/test/build/venv/lib/python2.7/site-packages (from -r /builds/slave/test/build/tests/config/mozbase_requirements.txt (line 9))
16:56:37     INFO -  Processing /builds/slave/test/build/tests/mozbase/mozlog
16:56:38     INFO -    Requirement already satisfied (use --upgrade to upgrade): mozlog==3.4 from file:///builds/slave/test/build/tests/mozbase/mozlog in /builds/slave/test/build/venv/lib/python2.7/site-packages (from -r /builds/slave/test/build/tests/config/mozbase_requirements.txt (line 10))
16:56:38     INFO -  Processing /builds/slave/test/build/tests/mozbase/moznetwork
16:56:38     INFO -    Requirement already satisfied (use --upgrade to upgrade): moznetwork==0.27 from file:///builds/slave/test/build/tests/mozbase/moznetwork in /builds/slave/test/build/venv/lib/python2.7/site-packages (from -r /builds/slave/test/build/tests/config/mozbase_requirements.txt (line 11))
16:56:38     INFO -  Processing /builds/slave/test/build/tests/mozbase/mozprocess
16:56:38     INFO -    Requirement already satisfied (use --upgrade to upgrade): mozprocess==0.23 from file:///builds/slave/test/build/tests/mozbase/mozprocess in /builds/slave/test/build/venv/lib/python2.7/site-packages (from -r /builds/slave/test/build/tests/config/mozbase_requirements.txt (line 12))
16:56:38     INFO -  Processing /builds/slave/test/build/tests/mozbase/mozprofile
16:56:39     INFO -    Requirement already satisfied (use --upgrade to upgrade): mozprofile==0.28 from file:///builds/slave/test/build/tests/mozbase/mozprofile in /builds/slave/test/build/venv/lib/python2.7/site-packages (from -r /builds/slave/test/build/tests/config/mozbase_requirements.txt (line 13))
16:56:39     INFO -  Processing /builds/slave/test/build/tests/mozbase/mozrunner
16:56:39     INFO -    Requirement already satisfied (use --upgrade to upgrade): mozrunner==6.13 from file:///builds/slave/test/build/tests/mozbase/mozrunner in /builds/slave/test/build/venv/lib/python2.7/site-packages (from -r /builds/slave/test/build/tests/config/mozbase_requirements.txt (line 14))
16:56:39     INFO -  Processing /builds/slave/test/build/tests/mozbase/mozscreenshot
16:56:40     INFO -    Requirement already satisfied (use --upgrade to upgrade): mozscreenshot==0.1 from file:///builds/slave/test/build/tests/mozbase/mozscreenshot in /builds/slave/test/build/venv/lib/python2.7/site-packages (from -r /builds/slave/test/build/tests/config/mozbase_requirements.txt (line 15))
16:56:40     INFO -  Processing /builds/slave/test/build/tests/mozbase/moztest
16:56:40     INFO -    Requirement already satisfied (use --upgrade to upgrade): moztest==0.8 from file:///builds/slave/test/build/tests/mozbase/moztest in /builds/slave/test/build/venv/lib/python2.7/site-packages (from -r /builds/slave/test/build/tests/config/mozbase_requirements.txt (line 16))
16:56:40     INFO -  Processing /builds/slave/test/build/tests/mozbase/mozversion
16:56:40     INFO -    Requirement already satisfied (use --upgrade to upgrade): mozversion==1.4 from file:///builds/slave/test/build/tests/mozbase/mozversion in /builds/slave/test/build/venv/lib/python2.7/site-packages (from -r /builds/slave/test/build/tests/config/mozbase_requirements.txt (line 17))
16:56:40     INFO -  Processing /builds/slave/test/build/tests/tools/wptserve
16:56:41     INFO -    Requirement already satisfied (use --upgrade to upgrade): wptserve==1.4.0 from file:///builds/slave/test/build/tests/tools/wptserve in /builds/slave/test/build/venv/lib/python2.7/site-packages (from -r /builds/slave/test/build/tests/config/marionette_requirements.txt (line 3))
16:56:41     INFO -  Processing /builds/slave/test/build/tests/marionette/client
16:56:41     INFO -    Requirement already satisfied (use --upgrade to upgrade): marionette-driver==2.2.0 from file:///builds/slave/test/build/tests/marionette/client in /builds/slave/test/build/venv/lib/python2.7/site-packages (from -r /builds/slave/test/build/tests/config/marionette_requirements.txt (line 4))
16:56:41     INFO -  Processing /builds/slave/test/build/tests/marionette/harness/marionette_harness/runner/mixins/browsermob-proxy-py
16:56:41     INFO -    Requirement already satisfied (use --upgrade to upgrade): browsermob-proxy==0.6.0 from file:///builds/slave/test/build/tests/marionette/harness/marionette_harness/runner/mixins/browsermob-proxy-py in /builds/slave/test/build/venv/lib/python2.7/site-packages (from -r /builds/slave/test/build/tests/config/marionette_requirements.txt (line 5))
16:56:41     INFO -  Processing /builds/slave/test/build/tests/marionette/harness
16:56:42     INFO -    Requirement already satisfied (use --upgrade to upgrade): marionette-harness==4.0.0 from file:///builds/slave/test/build/tests/marionette/harness in /builds/slave/test/build/venv/lib/python2.7/site-packages (from -r /builds/slave/test/build/tests/config/marionette_requirements.txt (line 6))
16:56:42     INFO -  Processing /builds/slave/test/build/tests/marionette/puppeteer/firefox
16:56:42     INFO -    Requirement already satisfied (use --upgrade to upgrade): firefox-puppeteer==52.1.0 from file:///builds/slave/test/build/tests/marionette/puppeteer/firefox in /builds/slave/test/build/venv/lib/python2.7/site-packages (from -r /builds/slave/test/build/tests/config/marionette_requirements.txt (line 9))
16:56:42     INFO -  Requirement already satisfied (use --upgrade to upgrade): mozfile>=1.0 in /builds/slave/test/build/venv/lib/python2.7/site-packages (from mozcrash==1.0->-r /builds/slave/test/build/tests/config/mozbase_requirements.txt (line 2))
16:56:42     INFO -  Requirement already satisfied (use --upgrade to upgrade): mozlog>=3.0 in /builds/slave/test/build/venv/lib/python2.7/site-packages (from mozcrash==1.0->-r /builds/slave/test/build/tests/config/mozbase_requirements.txt (line 2))
16:56:42     INFO -  Requirement already satisfied (use --upgrade to upgrade): mozinfo in /builds/slave/test/build/venv/lib/python2.7/site-packages (from mozdebug==0.1->-r /builds/slave/test/build/tests/config/mozbase_requirements.txt (line 3))
16:56:42     INFO -  Requirement already satisfied (use --upgrade to upgrade): moznetwork>=0.24 in /builds/slave/test/build/venv/lib/python2.7/site-packages (from mozdevice==0.48->-r /builds/slave/test/build/tests/config/mozbase_requirements.txt (line 4))
16:56:42     INFO -  Requirement already satisfied (use --upgrade to upgrade): mozprocess>=0.19 in /builds/slave/test/build/venv/lib/python2.7/site-packages (from mozdevice==0.48->-r /builds/slave/test/build/tests/config/mozbase_requirements.txt (line 4))
16:56:42     INFO -  Requirement already satisfied (use --upgrade to upgrade): blessings>=1.3 in /builds/slave/test/build/venv/lib/python2.7/site-packages (from mozlog==3.4->-r /builds/slave/test/build/tests/config/mozbase_requirements.txt (line 10))
16:56:42     INFO -  Requirement already satisfied (use --upgrade to upgrade): requests>=1.1.0 in /builds/slave/test/build/venv/lib/python2.7/site-packages (from browsermob-proxy==0.6.0->-r /builds/slave/test/build/tests/config/marionette_requirements.txt (line 5))
16:56:42     INFO -  Building wheels for collected packages: browsermob-proxy
16:56:42     INFO -    Running setup.py bdist_wheel for browsermob-proxy: started
16:56:43     INFO -    Running setup.py bdist_wheel for browsermob-proxy: finished with status 'done'
16:56:43     INFO -    Stored in directory: /home/cltbld/.cache/pip/wheels/10/00/c1/79bb793b6a7eb4dca9dfd244010f550ae5044951bcd23c261e
16:56:43     INFO -  Successfully built browsermob-proxy
16:56:43     INFO - Return code: 0
16:56:43     INFO - Installing None into virtualenv /builds/slave/test/build/venv
16:56:43     INFO - retry: Calling run_command with args: [['/builds/slave/test/build/venv/bin/pip', 'install', '--no-deps', '--timeout', '120', '-r', '/builds/slave/test/build/tests/mochitest/websocketprocessbridge/websocketprocessbridge_requirements.txt', '--no-index', '--find-links', 'http://pypi.pvt.build.mozilla.org/pub', '--find-links', 'http://pypi.pub.build.mozilla.org/pub', '--trusted-host', 'pypi.pub.build.mozilla.org', '--trusted-host', 'pypi.pvt.build.mozilla.org']], kwargs: {'error_level': 'warning', 'error_list': [{'substr': 'not found or a compiler error:', 'level': 'warning'}, {'regex': <_sre.SRE_Pattern object at 0x7f75e391e110>, 'level': 'error'}, {'regex': <_sre.SRE_Pattern object at 0x7f75e3a26e40>, 'level': 'warning'}, {'regex': <_sre.SRE_Pattern object at 0xd713e0>, 'level': 'debug'}, {'substr': 'command not found', 'level': 'error'}, {'regex': <_sre.SRE_Pattern object at 0xd6da90>, 'level': 'warning'}, {'substr': 'Traceback (most recent call last)', 'level': 'error'}, {'substr': 'SyntaxError: ', 'level': 'error'}, {'substr': 'TypeError: ', 'level': 'error'}, {'substr': 'NameError: ', 'level': 'error'}, {'substr': 'ZeroDivisionError: ', 'level': 'error'}, {'regex': <_sre.SRE_Pattern object at 0xd6f3f0>, 'level': 'critical'}, {'regex': <_sre.SRE_Pattern object at 0xd6f670>, 'level': 'critical'}], 'cwd': '/builds/slave/test/build/tests/mochitest/websocketprocessbridge', 'env': {'TMOUT': '86400', 'LOGNAME': 'cltbld', 'USER': 'cltbld', 'HOME': '/home/cltbld', 'PATH': '/usr/local/bin:/usr/local/bin:/usr/bin:/bin:/usr/local/games:/usr/games', 'DISPLAY': ':0', 'CCACHE_UMASK': '002', 'LANG': 'en_US.UTF-8', 'TERM': 'linux', 'SHELL': '/bin/bash', 'MOZ_NODE_PATH': '/usr/bin/node', 'XDG_SESSION_COOKIE': '9ca12473fbb1d023794ffd180000023c-1528501993.726091-1263777758', 'SHLVL': '1', 'NO_FAIL_ON_TEST_ERRORS': '1', 'MOZ_NO_REMOTE': '1', 'MOZ_HIDE_RESULTS_TABLE': '1', 'MAIL': '/var/mail/cltbld', '_': '/tools/buildbot/bin/python', 'NODE_PATH': '/usr/lib/nodejs:/usr/lib/node_modules:/usr/share/javascript', 'PWD': '/builds/slave/test', 'PROPERTIES_FILE': '/builds/slave/test/buildprops.json', 'CCACHE_DIR': '/builds/ccache'}}, attempt #1
16:56:43     INFO - Running command: ['/builds/slave/test/build/venv/bin/pip', 'install', '--no-deps', '--timeout', '120', '-r', '/builds/slave/test/build/tests/mochitest/websocketprocessbridge/websocketprocessbridge_requirements.txt', '--no-index', '--find-links', 'http://pypi.pvt.build.mozilla.org/pub', '--find-links', 'http://pypi.pub.build.mozilla.org/pub', '--trusted-host', 'pypi.pub.build.mozilla.org', '--trusted-host', 'pypi.pvt.build.mozilla.org'] in /builds/slave/test/build/tests/mochitest/websocketprocessbridge
16:56:43     INFO - Copy/paste: /builds/slave/test/build/venv/bin/pip install --no-deps --timeout 120 -r /builds/slave/test/build/tests/mochitest/websocketprocessbridge/websocketprocessbridge_requirements.txt --no-index --find-links http://pypi.pvt.build.mozilla.org/pub --find-links http://pypi.pub.build.mozilla.org/pub --trusted-host pypi.pub.build.mozilla.org --trusted-host pypi.pvt.build.mozilla.org
16:56:43     INFO - Using env: {'CCACHE_DIR': '/builds/ccache',
16:56:43     INFO -  'CCACHE_UMASK': '002',
16:56:43     INFO -  'DISPLAY': ':0',
16:56:43     INFO -  'HOME': '/home/cltbld',
16:56:43     INFO -  'LANG': 'en_US.UTF-8',
16:56:43     INFO -  'LOGNAME': 'cltbld',
16:56:43     INFO -  'MAIL': '/var/mail/cltbld',
16:56:43     INFO -  'MOZ_HIDE_RESULTS_TABLE': '1',
16:56:43     INFO -  'MOZ_NODE_PATH': '/usr/bin/node',
16:56:43     INFO -  'MOZ_NO_REMOTE': '1',
16:56:43     INFO -  'NODE_PATH': '/usr/lib/nodejs:/usr/lib/node_modules:/usr/share/javascript',
16:56:43     INFO -  'NO_FAIL_ON_TEST_ERRORS': '1',
16:56:43     INFO -  'PATH': '/usr/local/bin:/usr/local/bin:/usr/bin:/bin:/usr/local/games:/usr/games',
16:56:43     INFO -  'PROPERTIES_FILE': '/builds/slave/test/buildprops.json',
16:56:43     INFO -  'PWD': '/builds/slave/test',
16:56:43     INFO -  'SHELL': '/bin/bash',
16:56:43     INFO -  'SHLVL': '1',
16:56:43     INFO -  'TERM': 'linux',
16:56:43     INFO -  'TMOUT': '86400',
16:56:43     INFO -  'USER': 'cltbld',
16:56:43     INFO -  'XDG_SESSION_COOKIE': '9ca12473fbb1d023794ffd180000023c-1528501993.726091-1263777758',
16:56:43     INFO -  '_': '/tools/buildbot/bin/python'}
16:56:44     INFO -  Ignoring indexes: https://pypi.python.org/simple
16:56:44     INFO -  Collecting six==1.10.0 (from -r /builds/slave/test/build/tests/mochitest/websocketprocessbridge/websocketprocessbridge_requirements.txt (line 2))
16:56:44     INFO -  /builds/slave/test/build/venv/lib/python2.7/site-packages/pip/_vendor/requests/packages/urllib3/util/ssl_.py:318: SNIMissingWarning: An HTTPS request has been made, but the SNI (Subject Name Indication) extension to TLS is not available on this platform. This may cause the server to present an incorrect TLS certificate, which can cause validation failures. You can upgrade to a newer version of Python to solve this. For more information, see https://urllib3.readthedocs.org/en/latest/security.html#snimissingwarning.
16:56:44     INFO -    SNIMissingWarning
16:56:44     INFO -  /builds/slave/test/build/venv/lib/python2.7/site-packages/pip/_vendor/requests/packages/urllib3/util/ssl_.py:122: InsecurePlatformWarning: A true SSLContext object is not available. This prevents urllib3 from configuring SSL appropriately and may cause certain SSL connections to fail. You can upgrade to a newer version of Python to solve this. For more information, see https://urllib3.readthedocs.org/en/latest/security.html#insecureplatformwarning.
16:56:44     INFO -    InsecurePlatformWarning
16:56:46     INFO -  /builds/slave/test/build/venv/lib/python2.7/site-packages/pip/_vendor/requests/packages/urllib3/util/ssl_.py:122: InsecurePlatformWarning: A true SSLContext object is not available. This prevents urllib3 from configuring SSL appropriately and may cause certain SSL connections to fail. You can upgrade to a newer version of Python to solve this. For more information, see https://urllib3.readthedocs.org/en/latest/security.html#insecureplatformwarning.
16:56:46     INFO -    InsecurePlatformWarning
16:56:51     INFO -    Downloading https://pypi.pvt.build.mozilla.org/pub/six-1.10.0-py2.py3-none-any.whl
16:56:51     INFO -  Collecting twisted==10.2.0 (from -r /builds/slave/test/build/tests/mochitest/websocketprocessbridge/websocketprocessbridge_requirements.txt (line 4))
16:56:57     INFO -    Downloading https://pypi.pvt.build.mozilla.org/pub/Twisted-10.2.0.tar.gz (1.9MB)
16:56:59     INFO -  Collecting txws==0.9.1 (from -r /builds/slave/test/build/tests/mochitest/websocketprocessbridge/websocketprocessbridge_requirements.txt (line 7))
16:57:04     INFO -    Downloading https://pypi.pvt.build.mozilla.org/pub/txWS-0.9.1.tar.gz
16:57:08     INFO -  Requirement already satisfied (use --upgrade to upgrade): psutil==3.1.1 in /builds/slave/test/build/venv/lib/python2.7/site-packages (from -r /builds/slave/test/build/tests/mochitest/websocketprocessbridge/websocketprocessbridge_requirements.txt (line 9))
16:57:08     INFO -  Collecting ipaddr==2.1.11 (from -r /builds/slave/test/build/tests/mochitest/websocketprocessbridge/websocketprocessbridge_requirements.txt (line 12))
16:57:14     INFO -    Downloading https://pypi.pvt.build.mozilla.org/pub/ipaddr-2.1.11.tar.gz
16:57:15     INFO -  Collecting passlib==1.6.5 (from -r /builds/slave/test/build/tests/mochitest/websocketprocessbridge/websocketprocessbridge_requirements.txt (line 13))
16:57:20     INFO -    Downloading https://pypi.pvt.build.mozilla.org/pub/passlib-1.6.5-py2.py3-none-any.whl (317kB)
16:57:20     INFO -  Building wheels for collected packages: twisted, txws, ipaddr
16:57:20     INFO -    Running setup.py bdist_wheel for twisted: started
16:57:23     INFO -    Running setup.py bdist_wheel for twisted: finished with status 'done'
16:57:23     INFO -    Stored in directory: /home/cltbld/.cache/pip/wheels/2a/06/64/df4bef56496f61aee018cad118db54f7a03015723d10662b26
16:57:24     INFO -    Running setup.py bdist_wheel for txws: started
16:57:24     INFO -    Running setup.py bdist_wheel for txws: finished with status 'done'
16:57:24     INFO -    Stored in directory: /home/cltbld/.cache/pip/wheels/51/f5/78/51b5dd281cb5c86337c41faadc891bd5089a07842da35b9248
16:57:24     INFO -    Running setup.py bdist_wheel for ipaddr: started
16:57:25     INFO -    Running setup.py bdist_wheel for ipaddr: finished with status 'done'
16:57:25     INFO -    Stored in directory: /home/cltbld/.cache/pip/wheels/6a/e7/d2/68af1df9a4dd7fd032c9375a12bd438c6fa81ee69d5e07993f
16:57:25     INFO -  Successfully built twisted txws ipaddr
16:57:25     INFO -  Installing collected packages: six, twisted, txws, ipaddr, passlib
16:57:28     INFO -  Successfully installed ipaddr-2.1.11 passlib-1.6.5 six-1.10.0 twisted-10.2.0 txws-0.9.1
16:57:29     INFO - Return code: 0
16:57:29     INFO - Installing None into virtualenv /builds/slave/test/build/venv
16:57:29     INFO - retry: Calling run_command with args: [['/builds/slave/test/build/venv/bin/pip', 'install', '--timeout', '120', '-r', '/builds/slave/test/build/tests/mochitest/websocketprocessbridge/websocketprocessbridge_requirements.txt', '--no-index', '--find-links', 'http://pypi.pvt.build.mozilla.org/pub', '--find-links', 'http://pypi.pub.build.mozilla.org/pub', '--trusted-host', 'pypi.pub.build.mozilla.org', '--trusted-host', 'pypi.pvt.build.mozilla.org']], kwargs: {'error_level': 'warning', 'error_list': [{'substr': 'not found or a compiler error:', 'level': 'warning'}, {'regex': <_sre.SRE_Pattern object at 0x7f75e391e110>, 'level': 'error'}, {'regex': <_sre.SRE_Pattern object at 0x7f75e3a26e40>, 'level': 'warning'}, {'regex': <_sre.SRE_Pattern object at 0xd713e0>, 'level': 'debug'}, {'substr': 'command not found', 'level': 'error'}, {'regex': <_sre.SRE_Pattern object at 0xd6da90>, 'level': 'warning'}, {'substr': 'Traceback (most recent call last)', 'level': 'error'}, {'substr': 'SyntaxError: ', 'level': 'error'}, {'substr': 'TypeError: ', 'level': 'error'}, {'substr': 'NameError: ', 'level': 'error'}, {'substr': 'ZeroDivisionError: ', 'level': 'error'}, {'regex': <_sre.SRE_Pattern object at 0xd6f3f0>, 'level': 'critical'}, {'regex': <_sre.SRE_Pattern object at 0xd6f670>, 'level': 'critical'}], 'cwd': '/builds/slave/test/build/tests/mochitest/websocketprocessbridge', 'env': {'TMOUT': '86400', 'LOGNAME': 'cltbld', 'USER': 'cltbld', 'HOME': '/home/cltbld', 'PATH': '/usr/local/bin:/usr/local/bin:/usr/bin:/bin:/usr/local/games:/usr/games', 'DISPLAY': ':0', 'CCACHE_UMASK': '002', 'LANG': 'en_US.UTF-8', 'TERM': 'linux', 'SHELL': '/bin/bash', 'MOZ_NODE_PATH': '/usr/bin/node', 'XDG_SESSION_COOKIE': '9ca12473fbb1d023794ffd180000023c-1528501993.726091-1263777758', 'SHLVL': '1', 'NO_FAIL_ON_TEST_ERRORS': '1', 'MOZ_NO_REMOTE': '1', 'MOZ_HIDE_RESULTS_TABLE': '1', 'MAIL': '/var/mail/cltbld', '_': '/tools/buildbot/bin/python', 'NODE_PATH': '/usr/lib/nodejs:/usr/lib/node_modules:/usr/share/javascript', 'PWD': '/builds/slave/test', 'PROPERTIES_FILE': '/builds/slave/test/buildprops.json', 'CCACHE_DIR': '/builds/ccache'}}, attempt #1
16:57:29     INFO - Running command: ['/builds/slave/test/build/venv/bin/pip', 'install', '--timeout', '120', '-r', '/builds/slave/test/build/tests/mochitest/websocketprocessbridge/websocketprocessbridge_requirements.txt', '--no-index', '--find-links', 'http://pypi.pvt.build.mozilla.org/pub', '--find-links', 'http://pypi.pub.build.mozilla.org/pub', '--trusted-host', 'pypi.pub.build.mozilla.org', '--trusted-host', 'pypi.pvt.build.mozilla.org'] in /builds/slave/test/build/tests/mochitest/websocketprocessbridge
16:57:29     INFO - Copy/paste: /builds/slave/test/build/venv/bin/pip install --timeout 120 -r /builds/slave/test/build/tests/mochitest/websocketprocessbridge/websocketprocessbridge_requirements.txt --no-index --find-links http://pypi.pvt.build.mozilla.org/pub --find-links http://pypi.pub.build.mozilla.org/pub --trusted-host pypi.pub.build.mozilla.org --trusted-host pypi.pvt.build.mozilla.org
16:57:29     INFO - Using env: {'CCACHE_DIR': '/builds/ccache',
16:57:29     INFO -  'CCACHE_UMASK': '002',
16:57:29     INFO -  'DISPLAY': ':0',
16:57:29     INFO -  'HOME': '/home/cltbld',
16:57:29     INFO -  'LANG': 'en_US.UTF-8',
16:57:29     INFO -  'LOGNAME': 'cltbld',
16:57:29     INFO -  'MAIL': '/var/mail/cltbld',
16:57:29     INFO -  'MOZ_HIDE_RESULTS_TABLE': '1',
16:57:29     INFO -  'MOZ_NODE_PATH': '/usr/bin/node',
16:57:29     INFO -  'MOZ_NO_REMOTE': '1',
16:57:29     INFO -  'NODE_PATH': '/usr/lib/nodejs:/usr/lib/node_modules:/usr/share/javascript',
16:57:29     INFO -  'NO_FAIL_ON_TEST_ERRORS': '1',
16:57:29     INFO -  'PATH': '/usr/local/bin:/usr/local/bin:/usr/bin:/bin:/usr/local/games:/usr/games',
16:57:29     INFO -  'PROPERTIES_FILE': '/builds/slave/test/buildprops.json',
16:57:29     INFO -  'PWD': '/builds/slave/test',
16:57:29     INFO -  'SHELL': '/bin/bash',
16:57:29     INFO -  'SHLVL': '1',
16:57:29     INFO -  'TERM': 'linux',
16:57:29     INFO -  'TMOUT': '86400',
16:57:29     INFO -  'USER': 'cltbld',
16:57:29     INFO -  'XDG_SESSION_COOKIE': '9ca12473fbb1d023794ffd180000023c-1528501993.726091-1263777758',
16:57:29     INFO -  '_': '/tools/buildbot/bin/python'}
16:57:30     INFO -  Ignoring indexes: https://pypi.python.org/simple
16:57:30     INFO -  Requirement already satisfied (use --upgrade to upgrade): six==1.10.0 in /builds/slave/test/build/venv/lib/python2.7/site-packages (from -r /builds/slave/test/build/tests/mochitest/websocketprocessbridge/websocketprocessbridge_requirements.txt (line 2))
16:57:30     INFO -  Requirement already satisfied (use --upgrade to upgrade): twisted==10.2.0 in /builds/slave/test/build/venv/lib/python2.7/site-packages (from -r /builds/slave/test/build/tests/mochitest/websocketprocessbridge/websocketprocessbridge_requirements.txt (line 4))
16:57:30     INFO -  Requirement already satisfied (use --upgrade to upgrade): txws==0.9.1 in /builds/slave/test/build/venv/lib/python2.7/site-packages (from -r /builds/slave/test/build/tests/mochitest/websocketprocessbridge/websocketprocessbridge_requirements.txt (line 7))
16:57:30     INFO -  Requirement already satisfied (use --upgrade to upgrade): psutil==3.1.1 in /builds/slave/test/build/venv/lib/python2.7/site-packages (from -r /builds/slave/test/build/tests/mochitest/websocketprocessbridge/websocketprocessbridge_requirements.txt (line 9))
16:57:30     INFO -  Requirement already satisfied (use --upgrade to upgrade): ipaddr==2.1.11 in /builds/slave/test/build/venv/lib/python2.7/site-packages (from -r /builds/slave/test/build/tests/mochitest/websocketprocessbridge/websocketprocessbridge_requirements.txt (line 12))
16:57:30     INFO -  Requirement already satisfied (use --upgrade to upgrade): passlib==1.6.5 in /builds/slave/test/build/venv/lib/python2.7/site-packages (from -r /builds/slave/test/build/tests/mochitest/websocketprocessbridge/websocketprocessbridge_requirements.txt (line 13))
16:57:30     INFO -  Collecting zope.interface (from twisted==10.2.0->-r /builds/slave/test/build/tests/mochitest/websocketprocessbridge/websocketprocessbridge_requirements.txt (line 4))
16:57:30     INFO -  /builds/slave/test/build/venv/lib/python2.7/site-packages/pip/_vendor/requests/packages/urllib3/util/ssl_.py:318: SNIMissingWarning: An HTTPS request has been made, but the SNI (Subject Name Indication) extension to TLS is not available on this platform. This may cause the server to present an incorrect TLS certificate, which can cause validation failures. You can upgrade to a newer version of Python to solve this. For more information, see https://urllib3.readthedocs.org/en/latest/security.html#snimissingwarning.
16:57:30     INFO -    SNIMissingWarning
16:57:30     INFO -  /builds/slave/test/build/venv/lib/python2.7/site-packages/pip/_vendor/requests/packages/urllib3/util/ssl_.py:122: InsecurePlatformWarning: A true SSLContext object is not available. This prevents urllib3 from configuring SSL appropriately and may cause certain SSL connections to fail. You can upgrade to a newer version of Python to solve this. For more information, see https://urllib3.readthedocs.org/en/latest/security.html#insecureplatformwarning.
16:57:30     INFO -    InsecurePlatformWarning
16:57:32     INFO -  /builds/slave/test/build/venv/lib/python2.7/site-packages/pip/_vendor/requests/packages/urllib3/util/ssl_.py:122: InsecurePlatformWarning: A true SSLContext object is not available. This prevents urllib3 from configuring SSL appropriately and may cause certain SSL connections to fail. You can upgrade to a newer version of Python to solve this. For more information, see https://urllib3.readthedocs.org/en/latest/security.html#insecureplatformwarning.
16:57:32     INFO -    InsecurePlatformWarning
16:57:37     INFO -    Downloading https://pypi.pvt.build.mozilla.org/pub/zope.interface-4.0.2.tar.gz (139kB)
16:57:38     INFO -  Requirement already satisfied (use --upgrade to upgrade): setuptools in /builds/slave/test/build/venv/lib/python2.7/site-packages (from zope.interface->twisted==10.2.0->-r /builds/slave/test/build/tests/mochitest/websocketprocessbridge/websocketprocessbridge_requirements.txt (line 4))
16:57:38     INFO -  Building wheels for collected packages: zope.interface
16:57:38     INFO -    Running setup.py bdist_wheel for zope.interface: started
16:57:39     INFO -    Running setup.py bdist_wheel for zope.interface: finished with status 'done'
16:57:39     INFO -    Stored in directory: /home/cltbld/.cache/pip/wheels/54/5c/71/e718400d2babcda41f4d97864183e1268dab308acc88e22470
16:57:39     INFO -  Successfully built zope.interface
16:57:39     INFO -  Installing collected packages: zope.interface
16:57:40     INFO -  Successfully installed zope.interface-4.0.2
16:57:40     INFO - Return code: 0
16:57:40     INFO - Done creating virtualenv /builds/slave/test/build/venv.
16:57:40     INFO - Getting output from command: ['/builds/slave/test/build/venv/bin/pip', 'freeze']
16:57:40     INFO - Copy/paste: /builds/slave/test/build/venv/bin/pip freeze
16:57:42     INFO - Reading from file tmpfile_stdout
16:57:42     INFO - Reading from file tmpfile_stderr
16:57:42     INFO - Current package versions:
16:57:42     INFO -   Twisted == 10.2.0
16:57:42     INFO -   blessings == 1.6
16:57:42     INFO -   blobuploader == 1.2.4
16:57:42     INFO -   browsermob-proxy == 0.6.0
16:57:42     INFO -   docopt == 0.6.1
16:57:42     INFO -   firefox-puppeteer == 52.1.0
16:57:42     INFO -   functools32 == 3.2.3.post2
16:57:42     INFO -   ipaddr == 2.1.11
16:57:42     INFO -   jsonschema == 2.5.1
16:57:42     INFO -   manifestparser == 1.1
16:57:42     INFO -   marionette-driver == 2.2.0
16:57:42     INFO -   marionette-harness == 4.0.0
16:57:42     INFO -   mock == 1.0.1
16:57:42     INFO -   mozInstall == 1.12
16:57:42     INFO -   mozcrash == 1.0
16:57:42     INFO -   mozdebug == 0.1
16:57:42     INFO -   mozdevice == 0.48
16:57:42     INFO -   mozfile == 1.2
16:57:42     INFO -   mozhttpd == 0.7
16:57:42     INFO -   mozinfo == 0.9
16:57:42     INFO -   mozleak == 0.1
16:57:42     INFO -   mozlog == 3.4
16:57:42     INFO -   moznetwork == 0.27
16:57:42     INFO -   mozprocess == 0.23
16:57:42     INFO -   mozprofile == 0.28
16:57:42     INFO -   mozrunner == 6.13
16:57:42     INFO -   mozscreenshot == 0.1
16:57:42     INFO -   mozsystemmonitor == 0.3
16:57:42     INFO -   moztest == 0.8
16:57:42     INFO -   mozversion == 1.4
16:57:42     INFO -   passlib == 1.6.5
16:57:42     INFO -   psutil == 3.1.1
16:57:42     INFO -   requests == 1.2.3
16:57:42     INFO -   simplejson == 3.3.0
16:57:42     INFO -   six == 1.10.0
16:57:42     INFO -   txWS == 0.9.1
16:57:42     INFO -   wptserve == 1.4.0
16:57:42     INFO -   zope.interface == 4.0.2
16:57:42     INFO - Running post-action listener: _resource_record_post_action
16:57:42     INFO - Running post-action listener: _start_resource_monitoring
16:57:42     INFO - Starting resource monitoring.
16:57:42     INFO - [mozharness: 2018-06-08 23:57:42.266838Z] Finished create-virtualenv step (success)
16:57:42     INFO - [mozharness: 2018-06-08 23:57:42.269100Z] Running install step.
16:57:42     INFO - Running pre-action listener: _resource_record_pre_action
16:57:42     INFO - Running main action method: install
16:57:42     INFO - Getting output from command: ['/builds/slave/test/build/venv/bin/pip', 'freeze']
16:57:42     INFO - Copy/paste: /builds/slave/test/build/venv/bin/pip freeze
16:57:43     INFO - Reading from file tmpfile_stdout
16:57:43     INFO - Reading from file tmpfile_stderr
16:57:43     INFO - Detecting whether we're running mozinstall >=1.0...
16:57:43     INFO - Getting output from command: ['/builds/slave/test/build/venv/bin/mozinstall', '-h']
16:57:43     INFO - Copy/paste: /builds/slave/test/build/venv/bin/mozinstall -h
16:57:43     INFO - Reading from file tmpfile_stdout
16:57:43     INFO - Output received:
16:57:43     INFO -  Usage: mozinstall [options] installer
16:57:43     INFO -  Options:
16:57:43     INFO -    -h, --help            show this help message and exit
16:57:43     INFO -    -d DEST, --destination=DEST
16:57:43     INFO -                          Directory to install application into. [default:
16:57:43     INFO -                          "/builds/slave/test"]
16:57:43     INFO -    --app=APP             Application being installed. [default: firefox]
16:57:43     INFO - mkdir: /builds/slave/test/build/application
16:57:43     INFO - Getting output from command: ['/builds/slave/test/build/venv/bin/mozinstall', '/builds/slave/test/build/installer.tar.bz2', '--destination', '/builds/slave/test/build/application']
16:57:43     INFO - Copy/paste: /builds/slave/test/build/venv/bin/mozinstall /builds/slave/test/build/installer.tar.bz2 --destination /builds/slave/test/build/application
16:58:06     INFO - Reading from file tmpfile_stdout
16:58:06     INFO - Output received:
16:58:06     INFO -  /builds/slave/test/build/application/firefox/firefox
16:58:06     INFO - Running post-action listener: _resource_record_post_action
16:58:06     INFO - [mozharness: 2018-06-08 23:58:06.715502Z] Finished install step (success)
16:58:06     INFO - [mozharness: 2018-06-08 23:58:06.715933Z] Running stage-files step.
16:58:06     INFO - Running pre-action listener: _resource_record_pre_action
16:58:06     INFO - Running main action method: stage_files
16:58:06     INFO - Running post-action listener: _resource_record_post_action
16:58:06     INFO - [mozharness: 2018-06-08 23:58:06.717743Z] Finished stage-files step (success)
16:58:06     INFO - [mozharness: 2018-06-08 23:58:06.718119Z] Running run-tests step.
16:58:06     INFO - Running pre-action listener: _resource_record_pre_action
16:58:06     INFO - Running pre-action listener: _set_gcov_prefix
16:58:06     INFO - Running main action method: run_tests
16:58:06     INFO - Running pre test command disable_screen_saver with 'xset s off s reset'
16:58:06     INFO - Running command: ['xset', 's', 'off', 's', 'reset'] in /builds/slave/test/build
16:58:06     INFO - Copy/paste: xset s off s reset
16:58:06     INFO - Return code: 0
16:58:06     INFO - #### Running mochitest suites
16:58:06     INFO - Structured output parser in use for mochitest.
16:58:06     INFO - grabbing minidump binary from tooltool
16:58:06     INFO - retry: Calling run_command with args: (['/tools/tooltool.py', '--url', 'https://api.pub.build.mozilla.org/tooltool/', '--authentication-file', '/builds/relengapi.tok', 'fetch', '-m', '/builds/slave/test/build/tests/config/tooltool-manifests/linux64/releng.manifest', '-o', '-c', '/builds/tooltool_cache'],), kwargs: {'output_timeout': 600, 'error_list': [{'substr': 'command not found', 'level': 'error'}, {'regex': <_sre.SRE_Pattern object at 0xd6da90>, 'level': 'warning'}, {'substr': 'Traceback (most recent call last)', 'level': 'error'}, {'substr': 'SyntaxError: ', 'level': 'error'}, {'substr': 'TypeError: ', 'level': 'error'}, {'substr': 'NameError: ', 'level': 'error'}, {'substr': 'ZeroDivisionError: ', 'level': 'error'}, {'regex': <_sre.SRE_Pattern object at 0xd6f3f0>, 'level': 'critical'}, {'regex': <_sre.SRE_Pattern object at 0xd6f670>, 'level': 'critical'}, {'substr': 'ERROR - ', 'level': 'error'}], 'cwd': '/builds/slave/test/build', 'privileged': False}, attempt #1
16:58:06     INFO - Running command: ['/tools/tooltool.py', '--url', 'https://api.pub.build.mozilla.org/tooltool/', '--authentication-file', '/builds/relengapi.tok', 'fetch', '-m', '/builds/slave/test/build/tests/config/tooltool-manifests/linux64/releng.manifest', '-o', '-c', '/builds/tooltool_cache'] in /builds/slave/test/build
16:58:06     INFO - Copy/paste: /tools/tooltool.py --url https://api.pub.build.mozilla.org/tooltool/ --authentication-file /builds/relengapi.tok fetch -m /builds/slave/test/build/tests/config/tooltool-manifests/linux64/releng.manifest -o -c /builds/tooltool_cache
16:58:06     INFO - Calling ['/tools/tooltool.py', '--url', 'https://api.pub.build.mozilla.org/tooltool/', '--authentication-file', '/builds/relengapi.tok', 'fetch', '-m', '/builds/slave/test/build/tests/config/tooltool-manifests/linux64/releng.manifest', '-o', '-c', '/builds/tooltool_cache'] with output_timeout 600
16:58:06     INFO -  INFO - File linux64-minidump_stackwalk not present in local cache folder /builds/tooltool_cache
16:58:06     INFO -  INFO - Attempting to fetch from 'https://api.pub.build.mozilla.org/tooltool/'...
16:58:09     INFO -  INFO - File linux64-minidump_stackwalk fetched from https://api.pub.build.mozilla.org/tooltool/ as /builds/slave/test/build/tmp6OwgOL
16:58:09     INFO -  INFO - File integrity verified, renaming tmp6OwgOL to linux64-minidump_stackwalk
16:58:09     INFO -  INFO - Updating local cache /builds/tooltool_cache...
16:58:09     INFO -  INFO - Local cache /builds/tooltool_cache updated with linux64-minidump_stackwalk
16:58:09     INFO - Return code: 0
16:58:09     INFO - Chmoding /builds/slave/test/build/linux64-minidump_stackwalk to 0755
16:58:09     INFO - grabbing nodejs binary from tooltool
16:58:09     INFO - retry: Calling run_command with args: (['/tools/tooltool.py', '--url', 'https://api.pub.build.mozilla.org/tooltool/', '--authentication-file', '/builds/relengapi.tok', 'fetch', '-m', '/builds/slave/test/build/tests/config/tooltool-manifests/linux64/nodejs.manifest', '-o', '-c', '/builds/tooltool_cache'],), kwargs: {'output_timeout': 600, 'error_list': [{'substr': 'command not found', 'level': 'error'}, {'regex': <_sre.SRE_Pattern object at 0xd6da90>, 'level': 'warning'}, {'substr': 'Traceback (most recent call last)', 'level': 'error'}, {'substr': 'SyntaxError: ', 'level': 'error'}, {'substr': 'TypeError: ', 'level': 'error'}, {'substr': 'NameError: ', 'level': 'error'}, {'substr': 'ZeroDivisionError: ', 'level': 'error'}, {'regex': <_sre.SRE_Pattern object at 0xd6f3f0>, 'level': 'critical'}, {'regex': <_sre.SRE_Pattern object at 0xd6f670>, 'level': 'critical'}, {'substr': 'ERROR - ', 'level': 'error'}], 'cwd': '/builds/slave/test/build', 'privileged': False}, attempt #1
16:58:09     INFO - Running command: ['/tools/tooltool.py', '--url', 'https://api.pub.build.mozilla.org/tooltool/', '--authentication-file', '/builds/relengapi.tok', 'fetch', '-m', '/builds/slave/test/build/tests/config/tooltool-manifests/linux64/nodejs.manifest', '-o', '-c', '/builds/tooltool_cache'] in /builds/slave/test/build
16:58:09     INFO - Copy/paste: /tools/tooltool.py --url https://api.pub.build.mozilla.org/tooltool/ --authentication-file /builds/relengapi.tok fetch -m /builds/slave/test/build/tests/config/tooltool-manifests/linux64/nodejs.manifest -o -c /builds/tooltool_cache
16:58:09     INFO - Calling ['/tools/tooltool.py', '--url', 'https://api.pub.build.mozilla.org/tooltool/', '--authentication-file', '/builds/relengapi.tok', 'fetch', '-m', '/builds/slave/test/build/tests/config/tooltool-manifests/linux64/nodejs.manifest', '-o', '-c', '/builds/tooltool_cache'] with output_timeout 600
16:58:09     INFO -  INFO - File node-linux-x64.tar.gz not present in local cache folder /builds/tooltool_cache
16:58:09     INFO -  INFO - Attempting to fetch from 'https://api.pub.build.mozilla.org/tooltool/'...
16:58:12     INFO -  INFO - File node-linux-x64.tar.gz fetched from https://api.pub.build.mozilla.org/tooltool/ as /builds/slave/test/build/tmpkNaFcQ
16:58:12     INFO -  INFO - File integrity verified, renaming tmpkNaFcQ to node-linux-x64.tar.gz
16:58:12     INFO -  INFO - Updating local cache /builds/tooltool_cache...
16:58:12     INFO -  INFO - Local cache /builds/tooltool_cache updated with node-linux-x64.tar.gz
16:58:12     INFO -  INFO - untarring "node-linux-x64.tar.gz"
16:58:14     INFO - Return code: 0
16:58:14     INFO - Chmoding /builds/slave/test/build/node-linux-x64/bin/node to 0755
16:58:14     INFO - mkdir: /builds/slave/test/build/blobber_upload_dir
16:58:14     INFO - ENV: MOZ_UPLOAD_DIR is now /builds/slave/test/build/blobber_upload_dir
16:58:14     INFO - ENV: MINIDUMP_STACKWALK is now /builds/slave/test/build/linux64-minidump_stackwalk
16:58:14     INFO - ENV: MOZ_NODE_PATH is now /builds/slave/test/build/node-linux-x64/bin/node
16:58:14     INFO - ENV: MINIDUMP_SAVE_PATH is now /builds/slave/test/build/blobber_upload_dir
16:58:14     INFO - Running command: ['/builds/slave/test/build/venv/bin/python', '-u', '/builds/slave/test/build/tests/mochitest/runtests.py', '--total-chunks', '8', '--this-chunk', '2', '--appname=/builds/slave/test/build/application/firefox/firefox', '--utility-path=tests/bin', '--extra-profile-file=tests/bin/plugins', '--symbols-path=https://queue.taskcluster.net/v1/task/I1iAdq48Sa60c5BCPWswkg/artifacts/public/build/firefox-52.8.2.en-US.linux-x86_64.crashreporter-symbols.zip', '--certificate-path=tests/certs', '--setpref=webgl.force-enabled=true', '--quiet', '--log-raw=/builds/slave/test/build/blobber_upload_dir/mochitest-devtools-chrome_raw.log', '--log-errorsummary=/builds/slave/test/build/blobber_upload_dir/mochitest-devtools-chrome_errorsummary.log', '--use-test-media-devices', '--screenshot-on-fail', '--cleanup-crashes', '--marionette-startup-timeout=180', '--log-raw=-', '--flavor=browser', '--subsuite=devtools'] in /builds/slave/test/build
16:58:14     INFO - Copy/paste: /builds/slave/test/build/venv/bin/python -u /builds/slave/test/build/tests/mochitest/runtests.py --total-chunks 8 --this-chunk 2 --appname=/builds/slave/test/build/application/firefox/firefox --utility-path=tests/bin --extra-profile-file=tests/bin/plugins --symbols-path=https://queue.taskcluster.net/v1/task/I1iAdq48Sa60c5BCPWswkg/artifacts/public/build/firefox-52.8.2.en-US.linux-x86_64.crashreporter-symbols.zip --certificate-path=tests/certs --setpref=webgl.force-enabled=true --quiet --log-raw=/builds/slave/test/build/blobber_upload_dir/mochitest-devtools-chrome_raw.log --log-errorsummary=/builds/slave/test/build/blobber_upload_dir/mochitest-devtools-chrome_errorsummary.log --use-test-media-devices --screenshot-on-fail --cleanup-crashes --marionette-startup-timeout=180 --log-raw=- --flavor=browser --subsuite=devtools
16:58:14     INFO - Using env: {'CCACHE_DIR': '/builds/ccache',
16:58:14     INFO -  'CCACHE_UMASK': '002',
16:58:14     INFO -  'DISPLAY': ':0',
16:58:14     INFO -  'HOME': '/home/cltbld',
16:58:14     INFO -  'LANG': 'en_US.UTF-8',
16:58:14     INFO -  'LOGNAME': 'cltbld',
16:58:14     INFO -  'MAIL': '/var/mail/cltbld',
16:58:14     INFO -  'MINIDUMP_SAVE_PATH': '/builds/slave/test/build/blobber_upload_dir',
16:58:14     INFO -  'MINIDUMP_STACKWALK': '/builds/slave/test/build/linux64-minidump_stackwalk',
16:58:14     INFO -  'MOZ_HIDE_RESULTS_TABLE': '1',
16:58:14     INFO -  'MOZ_NODE_PATH': '/builds/slave/test/build/node-linux-x64/bin/node',
16:58:14     INFO -  'MOZ_NO_REMOTE': '1',
16:58:14     INFO -  'MOZ_UPLOAD_DIR': '/builds/slave/test/build/blobber_upload_dir',
16:58:14     INFO -  'NODE_PATH': '/usr/lib/nodejs:/usr/lib/node_modules:/usr/share/javascript',
16:58:14     INFO -  'NO_FAIL_ON_TEST_ERRORS': '1',
16:58:14     INFO -  'PATH': '/builds/slave/test/build/venv/bin:/usr/local/bin:/usr/local/bin:/usr/bin:/bin:/usr/local/games:/usr/games',
16:58:14     INFO -  'PROPERTIES_FILE': '/builds/slave/test/buildprops.json',
16:58:14     INFO -  'PWD': '/builds/slave/test',
16:58:14     INFO -  'SHELL': '/bin/bash',
16:58:14     INFO -  'SHLVL': '1',
16:58:14     INFO -  'TERM': 'linux',
16:58:14     INFO -  'TMOUT': '86400',
16:58:14     INFO -  'USER': 'cltbld',
16:58:14     INFO -  'XDG_SESSION_COOKIE': '9ca12473fbb1d023794ffd180000023c-1528501993.726091-1263777758',
16:58:14     INFO -  '_': '/tools/buildbot/bin/python'}
16:58:14     INFO - Calling ['/builds/slave/test/build/venv/bin/python', '-u', '/builds/slave/test/build/tests/mochitest/runtests.py', '--total-chunks', '8', '--this-chunk', '2', '--appname=/builds/slave/test/build/application/firefox/firefox', '--utility-path=tests/bin', '--extra-profile-file=tests/bin/plugins', '--symbols-path=https://queue.taskcluster.net/v1/task/I1iAdq48Sa60c5BCPWswkg/artifacts/public/build/firefox-52.8.2.en-US.linux-x86_64.crashreporter-symbols.zip', '--certificate-path=tests/certs', '--setpref=webgl.force-enabled=true', '--quiet', '--log-raw=/builds/slave/test/build/blobber_upload_dir/mochitest-devtools-chrome_raw.log', '--log-errorsummary=/builds/slave/test/build/blobber_upload_dir/mochitest-devtools-chrome_errorsummary.log', '--use-test-media-devices', '--screenshot-on-fail', '--cleanup-crashes', '--marionette-startup-timeout=180', '--log-raw=-', '--flavor=browser', '--subsuite=devtools'] with output_timeout 1000
16:58:14     INFO - Checking for orphan ssltunnel processes...
16:58:15     INFO - Checking for orphan xpcshell processes...
16:58:15     INFO - SUITE-START | Running 216 tests
16:58:15     INFO - TEST-START | devtools/client/debugger/test/mochitest/browser_dbg_on-pause-raise.js
16:58:15     INFO - TEST-SKIP | devtools/client/debugger/test/mochitest/browser_dbg_on-pause-raise.js | took 1ms
16:58:15     INFO - TEST-START | devtools/client/debugger/test/mochitest/browser_dbg_paused-keybindings.js
16:58:15     INFO - TEST-SKIP | devtools/client/debugger/test/mochitest/browser_dbg_paused-keybindings.js | took 0ms
16:58:15     INFO - TEST-START | devtools/client/debugger/test/mochitest/browser_dbg_promises-chrome-allocation-stack.js
16:58:15     INFO - TEST-SKIP | devtools/client/debugger/test/mochitest/browser_dbg_promises-chrome-allocation-stack.js | took 0ms
16:58:15     INFO - TEST-START | devtools/client/debugger/test/mochitest/browser_dbg_search-global-03.js
16:58:15     INFO - TEST-SKIP | devtools/client/debugger/test/mochitest/browser_dbg_search-global-03.js | took 0ms
16:58:15     INFO - TEST-START | devtools/client/debugger/test/mochitest/browser_dbg_search-symbols.js
16:58:15     INFO - TEST-SKIP | devtools/client/debugger/test/mochitest/browser_dbg_search-symbols.js | took 0ms
16:58:15     INFO - TEST-START | devtools/client/debugger/test/mochitest/browser_dbg_source-maps-04.js
16:58:15     INFO - TEST-SKIP | devtools/client/debugger/test/mochitest/browser_dbg_source-maps-04.js | took 0ms
16:58:15     INFO - TEST-START | devtools/client/debugger/test/mochitest/browser_dbg_sources-eval-01.js
16:58:15     INFO - TEST-SKIP | devtools/client/debugger/test/mochitest/browser_dbg_sources-eval-01.js | took 0ms
16:58:15     INFO - TEST-START | devtools/client/debugger/test/mochitest/browser_dbg_split-console-keypress.js
16:58:15     INFO - TEST-SKIP | devtools/client/debugger/test/mochitest/browser_dbg_split-console-keypress.js | took 0ms
16:58:15     INFO - TEST-START | devtools/client/debugger/test/mochitest/browser_dbg_split-console-paused-reload.js
16:58:15     INFO - TEST-SKIP | devtools/client/debugger/test/mochitest/browser_dbg_split-console-paused-reload.js | took 0ms
16:58:15     INFO - TEST-START | devtools/client/debugger/test/mochitest/browser_dbg_stack-03.js
16:58:15     INFO - TEST-SKIP | devtools/client/debugger/test/mochitest/browser_dbg_stack-03.js | took 0ms
16:58:15     INFO - TEST-START | devtools/client/debugger/test/mochitest/browser_dbg_tabactor-01.js
16:58:15     INFO - TEST-SKIP | devtools/client/debugger/test/mochitest/browser_dbg_tabactor-01.js | took 0ms
16:58:15     INFO - TEST-START | devtools/client/debugger/test/mochitest/browser_dbg_tabactor-02.js
16:58:15     INFO - TEST-SKIP | devtools/client/debugger/test/mochitest/browser_dbg_tabactor-02.js | took 0ms
16:58:15     INFO - TEST-START | devtools/client/debugger/test/mochitest/browser_dbg_variables-view-edit-click.js
16:58:15     INFO - TEST-SKIP | devtools/client/debugger/test/mochitest/browser_dbg_variables-view-edit-click.js | took 0ms
16:58:15     INFO - TEST-START | devtools/client/debugger/test/mochitest/browser_dbg_variables-view-popup-14.js
16:58:15     INFO - TEST-SKIP | devtools/client/debugger/test/mochitest/browser_dbg_variables-view-popup-14.js | took 0ms
16:58:15     INFO - TEST-START | devtools/client/framework/test/browser_toolbox_minimize.js
16:58:15     INFO - TEST-SKIP | devtools/client/framework/test/browser_toolbox_minimize.js | took 0ms
16:58:15     INFO - TEST-START | devtools/client/framework/test/browser_toolbox_select_event.js
16:58:15     INFO - TEST-SKIP | devtools/client/framework/test/browser_toolbox_select_event.js | took 1ms
16:58:15     INFO -  dir: devtools/client/debugger/test/mochitest
16:58:16     INFO -  ImportError: No module named pygtk
16:58:17     INFO -  Setting pipeline to PAUSED ...
16:58:17     INFO -  libv4l2: error getting pixformat: Invalid argument
16:58:17     INFO -  Pipeline is PREROLLING ...
16:58:17     INFO -  Pipeline is PREROLLED ...
16:58:17     INFO -  Setting pipeline to PLAYING ...
16:58:17     INFO -  New clock: GstSystemClock
16:58:18     INFO -  Got EOS from element "pipeline0".
16:58:18     INFO -  Execution ended after 32170391 ns.
16:58:18     INFO -  Setting pipeline to PAUSED ...
16:58:18     INFO -  Setting pipeline to READY ...
16:58:18     INFO -  Setting pipeline to NULL ...
16:58:18     INFO -  Freeing pipeline ...
16:58:18     INFO -  23
16:58:18     INFO -  mozprofile.addons WARNING | Could not install /builds/slave/test/build/tests/mochitest/extensions/mozscreenshots: [Errno 2] No such file or directory: '/builds/slave/test/build/tests/mochitest/extensions/mozscreenshots/install.rdf'
16:58:18     INFO -  pk12util: PKCS12 IMPORT SUCCESSFUL
16:58:18     INFO - MochitestServer : launching [u'/builds/slave/test/build/tests/bin/xpcshell', '-g', '/builds/slave/test/build/application/firefox', '-v', '170', '-f', '/builds/slave/test/build/tests/bin/components/httpd.js', '-e', "const _PROFILE_PATH = '/tmp/tmpYEzdnq.mozrunner'; const _SERVER_PORT = '8888'; const _SERVER_ADDR = '127.0.0.1'; const _TEST_PREFIX = undefined; const _DISPLAY_RESULTS = false;", '-f', '/builds/slave/test/build/tests/mochitest/server.js']
16:58:18     INFO - runtests.py | Server pid: 2392
16:58:18     INFO - runtests.py | Websocket server pid: 2395
16:58:18     INFO - runtests.py | SSL tunnel pid: 2398
16:58:19     INFO - runtests.py | Running with e10s: True
16:58:19     INFO - runtests.py | Running tests: start.
16:58:19     INFO - 
16:58:19     INFO - Application command: /builds/slave/test/build/application/firefox/firefox -marionette -foreground -profile /tmp/tmpYEzdnq.mozrunner
16:58:19     INFO - runtests.py | Application pid: 2420
16:58:19     INFO - TEST-INFO | started process Main app process
16:58:22     INFO - 1528502302260	Marionette	INFO	Listening on port 2828
16:58:27     INFO - *** Start BrowserChrome Test Results ***
16:58:28     INFO - checking window state
16:58:28     INFO - TEST-START | devtools/client/debugger/test/mochitest/browser_dbg_WorkerActor.attach.js
16:58:28     INFO - Frame script loaded.
16:58:29     INFO - Creating worker with url 'code_WorkerActor.attach-worker1.js'.
16:58:30     INFO - Creating worker with url 'code_WorkerActor.attach-worker2.js'.
16:58:30     INFO - MEMORY STAT vsizeMaxContiguous not supported in this build configuration.
16:58:30     INFO - MEMORY STAT | vsize 2025MB | residentFast 244MB | heapAllocated 122MB
16:58:30     INFO - TEST-OK | devtools/client/debugger/test/mochitest/browser_dbg_WorkerActor.attach.js | took 2680ms
16:58:31     INFO - checking window state
16:58:31     INFO - TEST-START | devtools/client/debugger/test/mochitest/browser_dbg_WorkerActor.attachThread.js
16:58:31     INFO - Frame script loaded.
16:58:31     INFO - Creating worker with url 'code_WorkerActor.attachThread-worker.js'.
16:58:32     INFO - EMITTING: emit(connectionchange, opened, [object Object]) from
16:58:32     INFO - EMITTING: emit(newGlobal, [object Object]) from
16:58:32     INFO - EMITTING: emit(newSource, [Actor source/server1.conn0.child2/28/4]) from
16:58:32     INFO - EMITTING: emit(connectionchange, opened, [object Object]) from
16:58:32     INFO - EMITTING: emit(newGlobal, [object Object]) from
16:58:32     INFO - EMITTING: emit(newSource, [Actor source/server1.conn1.child2/28/4]) from
16:58:32     INFO - Posting message to worker with url 'code_WorkerActor.attachThread-worker.js'.
16:58:32     INFO - Terminating worker with url 'code_WorkerActor.attachThread-worker.js'.
16:58:33     INFO - MEMORY STAT | vsize 2016MB | residentFast 224MB | heapAllocated 102MB
16:58:33     INFO - TEST-OK | devtools/client/debugger/test/mochitest/browser_dbg_WorkerActor.attachThread.js | took 2172ms
16:58:33     INFO - checking window state
16:58:33     INFO - TEST-START | devtools/client/debugger/test/mochitest/browser_dbg_no-dangling-breakpoints.js
16:58:33     INFO - Frame script loaded.
16:58:39     INFO - MEMORY STAT | vsize 2064MB | residentFast 247MB | heapAllocated 122MB
16:58:39     INFO - TEST-OK | devtools/client/debugger/test/mochitest/browser_dbg_no-dangling-breakpoints.js | took 5650ms
16:58:39     INFO - checking window state
16:58:39     INFO - TEST-START | devtools/client/debugger/test/mochitest/browser_dbg_no-page-sources.js
16:58:39     INFO - Frame script loaded.
16:58:42     INFO - MEMORY STAT | vsize 2064MB | residentFast 249MB | heapAllocated 124MB
16:58:42     INFO - TEST-OK | devtools/client/debugger/test/mochitest/browser_dbg_no-page-sources.js | took 2802ms
16:58:42     INFO - checking window state
16:58:42     INFO - TEST-START | devtools/client/debugger/test/mochitest/browser_dbg_on-pause-highlight.js
16:58:42     INFO - Frame script loaded.
16:58:44     INFO - Evalling string.
16:58:47     INFO - MEMORY STAT | vsize 2074MB | residentFast 269MB | heapAllocated 136MB
16:58:47     INFO - TEST-OK | devtools/client/debugger/test/mochitest/browser_dbg_on-pause-highlight.js | took 5696ms
16:58:48     INFO - checking window state
16:58:48     INFO - TEST-START | devtools/client/debugger/test/mochitest/browser_dbg_optimized-out-vars.js
16:58:48     INFO - Frame script loaded.
16:58:51     INFO - Generating mouse click.
16:58:52     INFO - MEMORY STAT | vsize 2086MB | residentFast 264MB | heapAllocated 133MB
16:58:52     INFO - TEST-OK | devtools/client/debugger/test/mochitest/browser_dbg_optimized-out-vars.js | took 4916ms
16:58:53     INFO - checking window state
16:58:53     INFO - TEST-START | devtools/client/debugger/test/mochitest/browser_dbg_panel-size.js
16:58:53     INFO - Frame script loaded.
16:58:56     INFO - MEMORY STAT | vsize 2091MB | residentFast 262MB | heapAllocated 131MB
16:58:56     INFO - TEST-OK | devtools/client/debugger/test/mochitest/browser_dbg_panel-size.js | took 3662ms
16:58:56     INFO - checking window state
16:58:56     INFO - TEST-START | devtools/client/debugger/test/mochitest/browser_dbg_parser-01.js
16:58:57     INFO - MEMORY STAT | vsize 2091MB | residentFast 261MB | heapAllocated 131MB
16:58:57     INFO - TEST-OK | devtools/client/debugger/test/mochitest/browser_dbg_parser-01.js | took 316ms
16:58:57     INFO - checking window state
16:58:57     INFO - TEST-START | devtools/client/debugger/test/mochitest/browser_dbg_parser-02.js
16:58:57     INFO - MEMORY STAT | vsize 2091MB | residentFast 261MB | heapAllocated 131MB
16:58:57     INFO - TEST-OK | devtools/client/debugger/test/mochitest/browser_dbg_parser-02.js | took 306ms
16:58:57     INFO - checking window state
16:58:57     INFO - TEST-START | devtools/client/debugger/test/mochitest/browser_dbg_parser-03.js
16:58:58     INFO - MEMORY STAT | vsize 2091MB | residentFast 262MB | heapAllocated 131MB
16:58:58     INFO - TEST-OK | devtools/client/debugger/test/mochitest/browser_dbg_parser-03.js | took 374ms
16:58:58     INFO - checking window state
16:58:58     INFO - TEST-START | devtools/client/debugger/test/mochitest/browser_dbg_parser-04.js
16:58:58     INFO - MEMORY STAT | vsize 2091MB | residentFast 262MB | heapAllocated 131MB
16:58:58     INFO - TEST-OK | devtools/client/debugger/test/mochitest/browser_dbg_parser-04.js | took 344ms
16:58:58     INFO - checking window state
16:58:58     INFO - TEST-START | devtools/client/debugger/test/mochitest/browser_dbg_parser-05.js
16:58:59     INFO - MEMORY STAT | vsize 2091MB | residentFast 261MB | heapAllocated 131MB
16:58:59     INFO - TEST-OK | devtools/client/debugger/test/mochitest/browser_dbg_parser-05.js | took 308ms
16:58:59     INFO - checking window state
16:58:59     INFO - TEST-START | devtools/client/debugger/test/mochitest/browser_dbg_parser-06.js
16:58:59     INFO - MEMORY STAT | vsize 2091MB | residentFast 262MB | heapAllocated 131MB
16:58:59     INFO - TEST-OK | devtools/client/debugger/test/mochitest/browser_dbg_parser-06.js | took 420ms
16:58:59     INFO - checking window state
16:58:59     INFO - TEST-START | devtools/client/debugger/test/mochitest/browser_dbg_parser-07.js
16:59:00     INFO - MEMORY STAT | vsize 2091MB | residentFast 262MB | heapAllocated 132MB
16:59:00     INFO - TEST-OK | devtools/client/debugger/test/mochitest/browser_dbg_parser-07.js | took 320ms
16:59:00     INFO - checking window state
16:59:00     INFO - TEST-START | devtools/client/debugger/test/mochitest/browser_dbg_parser-08.js
16:59:01     INFO - MEMORY STAT | vsize 2091MB | residentFast 263MB | heapAllocated 132MB
16:59:01     INFO - TEST-OK | devtools/client/debugger/test/mochitest/browser_dbg_parser-08.js | took 900ms
16:59:01     INFO - checking window state
16:59:01     INFO - TEST-START | devtools/client/debugger/test/mochitest/browser_dbg_parser-09.js
16:59:02     INFO - MEMORY STAT | vsize 2085MB | residentFast 263MB | heapAllocated 133MB
16:59:02     INFO - TEST-OK | devtools/client/debugger/test/mochitest/browser_dbg_parser-09.js | took 960ms
16:59:02     INFO - checking window state
16:59:02     INFO - TEST-START | devtools/client/debugger/test/mochitest/browser_dbg_parser-10.js
16:59:02     INFO - MEMORY STAT | vsize 2084MB | residentFast 262MB | heapAllocated 132MB
16:59:02     INFO - TEST-OK | devtools/client/debugger/test/mochitest/browser_dbg_parser-10.js | took 644ms
16:59:03     INFO - checking window state
16:59:03     INFO - TEST-START | devtools/client/debugger/test/mochitest/browser_dbg_parser-11.js
16:59:03     INFO - MEMORY STAT | vsize 2084MB | residentFast 262MB | heapAllocated 132MB
16:59:03     INFO - TEST-OK | devtools/client/debugger/test/mochitest/browser_dbg_parser-11.js | took 352ms
16:59:03     INFO - checking window state
16:59:03     INFO - TEST-START | devtools/client/debugger/test/mochitest/browser_dbg_parser-computed-name.js
16:59:03     INFO - MEMORY STAT | vsize 2084MB | residentFast 262MB | heapAllocated 132MB
16:59:03     INFO - TEST-OK | devtools/client/debugger/test/mochitest/browser_dbg_parser-computed-name.js | took 332ms
16:59:04     INFO - checking window state
16:59:04     INFO - TEST-START | devtools/client/debugger/test/mochitest/browser_dbg_parser-function-defaults.js
16:59:04     INFO - MEMORY STAT | vsize 2084MB | residentFast 262MB | heapAllocated 132MB
16:59:04     INFO - TEST-OK | devtools/client/debugger/test/mochitest/browser_dbg_parser-function-defaults.js | took 330ms
16:59:04     INFO - checking window state
16:59:04     INFO - TEST-START | devtools/client/debugger/test/mochitest/browser_dbg_parser-spread-expression.js
16:59:04     INFO - MEMORY STAT | vsize 2084MB | residentFast 262MB | heapAllocated 132MB
16:59:04     INFO - TEST-OK | devtools/client/debugger/test/mochitest/browser_dbg_parser-spread-expression.js | took 336ms
16:59:04     INFO - checking window state
16:59:04     INFO - TEST-START | devtools/client/debugger/test/mochitest/browser_dbg_parser-template-strings.js
16:59:05     INFO - MEMORY STAT | vsize 2084MB | residentFast 262MB | heapAllocated 132MB
16:59:05     INFO - TEST-OK | devtools/client/debugger/test/mochitest/browser_dbg_parser-template-strings.js | took 372ms
16:59:05     INFO - checking window state
16:59:05     INFO - TEST-START | devtools/client/debugger/test/mochitest/browser_dbg_pause-exceptions-01.js
16:59:05     INFO - Frame script loaded.
16:59:08     INFO - Generating mouse click.
16:59:09     INFO - Generating mouse click.
16:59:11     INFO - MEMORY STAT | vsize 2089MB | residentFast 262MB | heapAllocated 132MB
16:59:11     INFO - TEST-OK | devtools/client/debugger/test/mochitest/browser_dbg_pause-exceptions-01.js | took 6008ms
16:59:11     INFO - checking window state
16:59:11     INFO - TEST-START | devtools/client/debugger/test/mochitest/browser_dbg_pause-exceptions-02.js
16:59:11     INFO - Frame script loaded.
16:59:15     INFO - Generating mouse click.
16:59:16     INFO - Generating mouse click.
16:59:18     INFO - MEMORY STAT | vsize 2100MB | residentFast 263MB | heapAllocated 132MB
16:59:18     INFO - TEST-OK | devtools/client/debugger/test/mochitest/browser_dbg_pause-exceptions-02.js | took 7042ms
16:59:18     INFO - checking window state
16:59:18     INFO - TEST-START | devtools/client/debugger/test/mochitest/browser_dbg_pause-no-step.js
16:59:19     INFO - Frame script loaded.
16:59:21     INFO - Evalling string.
16:59:24     INFO - MEMORY STAT | vsize 2099MB | residentFast 261MB | heapAllocated 133MB
16:59:24     INFO - TEST-OK | devtools/client/debugger/test/mochitest/browser_dbg_pause-no-step.js | took 5224ms
16:59:24     INFO - checking window state
16:59:24     INFO - TEST-START | devtools/client/debugger/test/mochitest/browser_dbg_pause-resume.js
16:59:24     INFO - Frame script loaded.
16:59:27     INFO - Evalling string.
16:59:28     INFO - MEMORY STAT | vsize 2099MB | residentFast 258MB | heapAllocated 130MB
16:59:28     INFO - TEST-OK | devtools/client/debugger/test/mochitest/browser_dbg_pause-resume.js | took 4434ms
16:59:28     INFO - checking window state
16:59:28     INFO - TEST-START | devtools/client/debugger/test/mochitest/browser_dbg_pause-warning.js
16:59:28     INFO - Frame script loaded.
16:59:31     INFO - Evalling string.
16:59:36     INFO - MEMORY STAT | vsize 2119MB | residentFast 277MB | heapAllocated 143MB
16:59:36     INFO - TEST-OK | devtools/client/debugger/test/mochitest/browser_dbg_pause-warning.js | took 7596ms
16:59:36     INFO - checking window state
16:59:36     INFO - TEST-START | devtools/client/debugger/test/mochitest/browser_dbg_post-page.js
16:59:36     INFO - Frame script loaded.
16:59:39     INFO - JavaScript error: resource://gre/modules/LoginManagerParent.jsm, line 106: TypeError: this._recipeManager is null
16:59:40     INFO - MEMORY STAT | vsize 2123MB | residentFast 272MB | heapAllocated 139MB
16:59:40     INFO - TEST-OK | devtools/client/debugger/test/mochitest/browser_dbg_post-page.js | took 4400ms
16:59:40     INFO - checking window state
16:59:41     INFO - TEST-START | devtools/client/debugger/test/mochitest/browser_dbg_pretty-print-01.js
16:59:41     INFO - Frame script loaded.
16:59:45     INFO - MEMORY STAT | vsize 2114MB | residentFast 270MB | heapAllocated 138MB
16:59:45     INFO - TEST-OK | devtools/client/debugger/test/mochitest/browser_dbg_pretty-print-01.js | took 4710ms
16:59:45     INFO - checking window state
16:59:45     INFO - TEST-START | devtools/client/debugger/test/mochitest/browser_dbg_pretty-print-02.js
16:59:46     INFO - Frame script loaded.
16:59:50     INFO - MEMORY STAT | vsize 2187MB | residentFast 271MB | heapAllocated 138MB
16:59:50     INFO - TEST-OK | devtools/client/debugger/test/mochitest/browser_dbg_pretty-print-02.js | took 4316ms
16:59:50     INFO - checking window state
16:59:50     INFO - TEST-START | devtools/client/debugger/test/mochitest/browser_dbg_pretty-print-03.js
16:59:50     INFO - Frame script loaded.
16:59:53     INFO - Calling function with name foo.
16:59:53     INFO - args []
16:59:55     INFO - MEMORY STAT | vsize 2221MB | residentFast 271MB | heapAllocated 138MB
16:59:55     INFO - TEST-OK | devtools/client/debugger/test/mochitest/browser_dbg_pretty-print-03.js | took 4920ms
16:59:55     INFO - checking window state
16:59:55     INFO - TEST-START | devtools/client/debugger/test/mochitest/browser_dbg_pretty-print-04.js
16:59:55     INFO - Frame script loaded.
17:00:00     INFO - MEMORY STAT | vsize 2220MB | residentFast 272MB | heapAllocated 138MB
17:00:00     INFO - TEST-OK | devtools/client/debugger/test/mochitest/browser_dbg_pretty-print-04.js | took 5030ms
17:00:00     INFO - checking window state
17:00:00     INFO - TEST-START | devtools/client/debugger/test/mochitest/browser_dbg_pretty-print-05.js
17:00:00     INFO - Frame script loaded.
17:00:05     INFO - MEMORY STAT | vsize 2227MB | residentFast 272MB | heapAllocated 138MB
17:00:05     INFO - TEST-OK | devtools/client/debugger/test/mochitest/browser_dbg_pretty-print-05.js | took 4542ms
17:00:05     INFO - checking window state
17:00:05     INFO - TEST-START | devtools/client/debugger/test/mochitest/browser_dbg_pretty-print-06.js
17:00:05     INFO - Frame script loaded.
17:00:09     INFO - MEMORY STAT | vsize 2230MB | residentFast 272MB | heapAllocated 138MB
17:00:09     INFO - TEST-OK | devtools/client/debugger/test/mochitest/browser_dbg_pretty-print-06.js | took 3870ms
17:00:09     INFO - checking window state
17:00:09     INFO - TEST-START | devtools/client/debugger/test/mochitest/browser_dbg_pretty-print-07.js
17:00:09     INFO - Frame script loaded.
17:00:12     INFO - TabSources.prototype._fetchSourceMap threw an exception: Error: Failed to fetch internal://sourcemap1/. Code 2152857618.
17:00:12     INFO - Stack: mainThreadFetch/onResponse@resource://gre/modules/commonjs/toolkit/loader.js -> resource://devtools/shared/DevToolsUtils.js:437:23
17:00:12     INFO - NetUtil_asyncFetch/<.onStopRequest@resource://gre/modules/NetUtil.jsm:128:17
17:00:12     INFO - Line: 437, column: 23
17:00:12     INFO - console.error:
17:00:12     INFO -   TabSources.prototype._fetchSourceMap threw an exception: Error: Failed to fetch internal://sourcemap1/. Code 2152857618.
17:00:12     INFO - Stack: mainThreadFetch/onResponse@resource://gre/modules/commonjs/toolkit/loader.js -> resource://devtools/shared/DevToolsUtils.js:437:23
17:00:12     INFO - NetUtil_asyncFetch/<.onStopRequest@resource://gre/modules/NetUtil.jsm:128:17
17:00:12     INFO - Line: 437, column: 23
17:00:13     INFO - MEMORY STAT | vsize 2230MB | residentFast 273MB | heapAllocated 139MB
17:00:13     INFO - TEST-OK | devtools/client/debugger/test/mochitest/browser_dbg_pretty-print-07.js | took 3874ms
17:00:13     INFO - checking window state
17:00:13     INFO - TEST-START | devtools/client/debugger/test/mochitest/browser_dbg_pretty-print-08.js
17:00:13     INFO - Frame script loaded.
17:00:16     INFO - Calling function with name main3.
17:00:16     INFO - args []
17:00:18     INFO - MEMORY STAT | vsize 2220MB | residentFast 274MB | heapAllocated 139MB
17:00:18     INFO - TEST-OK | devtools/client/debugger/test/mochitest/browser_dbg_pretty-print-08.js | took 4968ms
17:00:18     INFO - checking window state
17:00:18     INFO - TEST-START | devtools/client/debugger/test/mochitest/browser_dbg_pretty-print-09.js
17:00:18     INFO - Frame script loaded.
17:00:21     INFO - Calling function with name a.
17:00:21     INFO - args []
17:00:23     INFO - MEMORY STAT | vsize 2223MB | residentFast 273MB | heapAllocated 139MB
17:00:23     INFO - TEST-OK | devtools/client/debugger/test/mochitest/browser_dbg_pretty-print-09.js | took 4898ms
17:00:23     INFO - checking window state
17:00:23     INFO - TEST-START | devtools/client/debugger/test/mochitest/browser_dbg_pretty-print-10.js
17:00:23     INFO - Frame script loaded.
17:00:27     INFO - MEMORY STAT | vsize 2230MB | residentFast 274MB | heapAllocated 139MB
17:00:27     INFO - TEST-OK | devtools/client/debugger/test/mochitest/browser_dbg_pretty-print-10.js | took 3766ms
17:00:27     INFO - checking window state
17:00:27     INFO - TEST-START | devtools/client/debugger/test/mochitest/browser_dbg_pretty-print-11.js
17:00:27     INFO - Frame script loaded.
17:00:34     INFO - MEMORY STAT | vsize 2219MB | residentFast 273MB | heapAllocated 139MB
17:00:34     INFO - TEST-OK | devtools/client/debugger/test/mochitest/browser_dbg_pretty-print-11.js | took 7136ms
17:00:34     INFO - checking window state
17:00:34     INFO - TEST-START | devtools/client/debugger/test/mochitest/browser_dbg_pretty-print-12.js
17:00:34     INFO - Frame script loaded.
17:00:38     INFO - MEMORY STAT | vsize 2229MB | residentFast 272MB | heapAllocated 139MB
17:00:38     INFO - TEST-OK | devtools/client/debugger/test/mochitest/browser_dbg_pretty-print-12.js | took 4118ms
17:00:38     INFO - checking window state
17:00:38     INFO - TEST-START | devtools/client/debugger/test/mochitest/browser_dbg_pretty-print-13.js
17:00:38     INFO - Frame script loaded.
17:00:43     INFO - MEMORY STAT | vsize 2222MB | residentFast 273MB | heapAllocated 139MB
17:00:43     INFO - TEST-OK | devtools/client/debugger/test/mochitest/browser_dbg_pretty-print-13.js | took 4770ms
17:00:43     INFO - checking window state
17:00:43     INFO - TEST-START | devtools/client/debugger/test/mochitest/browser_dbg_pretty-print-on-paused.js
17:00:43     INFO - Frame script loaded.
17:00:46     INFO - Calling function with name secondCall.
17:00:46     INFO - args []
17:00:49     INFO - MEMORY STAT | vsize 2216MB | residentFast 272MB | heapAllocated 139MB
17:00:49     INFO - TEST-OK | devtools/client/debugger/test/mochitest/browser_dbg_pretty-print-on-paused.js | took 5878ms
17:00:49     INFO - checking window state
17:00:49     INFO - TEST-START | devtools/client/debugger/test/mochitest/browser_dbg_progress-listener-bug.js
17:00:49     INFO - Frame script loaded.
17:00:52     INFO - Calling function with name runDebuggerStatement.
17:00:52     INFO - args []
17:00:53     INFO - MEMORY STAT | vsize 2218MB | residentFast 273MB | heapAllocated 140MB
17:00:53     INFO - TEST-OK | devtools/client/debugger/test/mochitest/browser_dbg_progress-listener-bug.js | took 4064ms
17:00:53     INFO - checking window state
17:00:53     INFO - TEST-START | devtools/client/debugger/test/mochitest/browser_dbg_promises-allocation-stack.js
17:00:54     INFO - Frame script loaded.
17:00:56     INFO - Calling function with name makePromises.
17:00:56     INFO - args []
17:00:57     INFO - MEMORY STAT | vsize 2230MB | residentFast 274MB | heapAllocated 140MB
17:00:57     INFO - TEST-OK | devtools/client/debugger/test/mochitest/browser_dbg_promises-allocation-stack.js | took 3788ms
17:00:57     INFO - checking window state
17:00:57     INFO - TEST-START | devtools/client/debugger/test/mochitest/browser_dbg_promises-fulfillment-stack.js
17:00:58     INFO - Frame script loaded.
17:01:00     INFO - Calling function with name makePromise.
17:01:00     INFO - args []
17:01:01     INFO - MEMORY STAT | vsize 2230MB | residentFast 275MB | heapAllocated 140MB
17:01:01     INFO - TEST-OK | devtools/client/debugger/test/mochitest/browser_dbg_promises-fulfillment-stack.js | took 3738ms
17:01:01     INFO - checking window state
17:01:01     INFO - TEST-START | devtools/client/debugger/test/mochitest/browser_dbg_promises-rejection-stack.js
17:01:01     INFO - Frame script loaded.
17:01:04     INFO - Calling function with name makePromise.
17:01:04     INFO - args []
17:01:04     INFO - JavaScript error: , line 0: uncaught exception: hello
17:01:05     INFO - MEMORY STAT | vsize 2230MB | residentFast 275MB | heapAllocated 140MB
17:01:05     INFO - TEST-OK | devtools/client/debugger/test/mochitest/browser_dbg_promises-rejection-stack.js | took 4032ms
17:01:05     INFO - checking window state
17:01:05     INFO - TEST-START | devtools/client/debugger/test/mochitest/browser_dbg_reload-preferred-script-02.js
17:01:06     INFO - Frame script loaded.
17:01:10     INFO - MEMORY STAT | vsize 2230MB | residentFast 273MB | heapAllocated 140MB
17:01:10     INFO - TEST-OK | devtools/client/debugger/test/mochitest/browser_dbg_reload-preferred-script-02.js | took 4188ms
17:01:10     INFO - checking window state
17:01:10     INFO - TEST-START | devtools/client/debugger/test/mochitest/browser_dbg_reload-preferred-script-03.js
17:01:10     INFO - Frame script loaded.
17:01:14     INFO - MEMORY STAT | vsize 2230MB | residentFast 274MB | heapAllocated 140MB
17:01:14     INFO - TEST-OK | devtools/client/debugger/test/mochitest/browser_dbg_reload-preferred-script-03.js | took 3864ms
17:01:14     INFO - checking window state
17:01:14     INFO - TEST-START | devtools/client/debugger/test/mochitest/browser_dbg_reload-same-script.js
17:01:14     INFO - Frame script loaded.
17:01:21     INFO - MEMORY STAT | vsize 2217MB | residentFast 272MB | heapAllocated 139MB
17:01:21     INFO - TEST-OK | devtools/client/debugger/test/mochitest/browser_dbg_reload-same-script.js | took 7700ms
17:01:21     INFO - checking window state
17:01:22     INFO - TEST-START | devtools/client/debugger/test/mochitest/browser_dbg_scripts-switching-01.js
17:01:22     INFO - Frame script loaded.
17:01:25     INFO - Calling function with name firstCall.
17:01:25     INFO - args []
17:01:27     INFO - MEMORY STAT | vsize 2216MB | residentFast 273MB | heapAllocated 139MB
17:01:27     INFO - TEST-OK | devtools/client/debugger/test/mochitest/browser_dbg_scripts-switching-01.js | took 5942ms
17:01:28     INFO - checking window state
17:01:28     INFO - TEST-START | devtools/client/debugger/test/mochitest/browser_dbg_scripts-switching-02.js
17:01:28     INFO - Frame script loaded.
17:01:31     INFO - Calling function with name firstCall.
17:01:31     INFO - args []
17:01:33     INFO - MEMORY STAT | vsize 2216MB | residentFast 273MB | heapAllocated 139MB
17:01:33     INFO - TEST-OK | devtools/client/debugger/test/mochitest/browser_dbg_scripts-switching-02.js | took 5720ms
17:01:33     INFO - checking window state
17:01:33     INFO - TEST-START | devtools/client/debugger/test/mochitest/browser_dbg_scripts-switching-03.js
17:01:34     INFO - Frame script loaded.
17:01:37     INFO - MEMORY STAT | vsize 2218MB | residentFast 274MB | heapAllocated 139MB
17:01:37     INFO - TEST-OK | devtools/client/debugger/test/mochitest/browser_dbg_scripts-switching-03.js | took 3726ms
17:01:37     INFO - checking window state
17:01:37     INFO - TEST-START | devtools/client/debugger/test/mochitest/browser_dbg_search-autofill-identifier.js
17:01:38     INFO - Frame script loaded.
17:01:41     INFO - JavaScript error: resource://gre/modules/commonjs/toolkit/loader.js -> resource://devtools/client/debugger/content/actions/sources.js, line 18: TypeError: gThreadClient is null
17:01:41     INFO - JavaScript error: resource://gre/modules/commonjs/toolkit/loader.js -> resource://devtools/client/debugger/content/actions/sources.js, line 18: TypeError: gThreadClient is null
17:01:42     INFO - MEMORY STAT | vsize 2230MB | residentFast 275MB | heapAllocated 140MB
17:01:42     INFO - TEST-OK | devtools/client/debugger/test/mochitest/browser_dbg_search-autofill-identifier.js | took 4388ms
17:01:42     INFO - checking window state
17:01:42     INFO - TEST-START | devtools/client/debugger/test/mochitest/browser_dbg_search-basic-01.js
17:01:42     INFO - Frame script loaded.
17:01:48     INFO - MEMORY STAT | vsize 2234MB | residentFast 281MB | heapAllocated 141MB
17:01:48     INFO - TEST-OK | devtools/client/debugger/test/mochitest/browser_dbg_search-basic-01.js | took 6582ms
17:01:49     INFO - checking window state
17:01:49     INFO - TEST-START | devtools/client/debugger/test/mochitest/browser_dbg_search-basic-02.js
17:01:49     INFO - Frame script loaded.
17:01:51     INFO - Calling function with name firstCall.
17:01:51     INFO - args []
17:01:55     INFO - MEMORY STAT | vsize 2256MB | residentFast 282MB | heapAllocated 141MB
17:01:55     INFO - TEST-OK | devtools/client/debugger/test/mochitest/browser_dbg_search-basic-02.js | took 6344ms
17:01:55     INFO - checking window state
17:01:55     INFO - TEST-START | devtools/client/debugger/test/mochitest/browser_dbg_search-basic-03.js
17:01:55     INFO - Frame script loaded.
17:01:58     INFO - Calling function with name firstCall.
17:01:58     INFO - args []
17:02:01     INFO - MEMORY STAT | vsize 2253MB | residentFast 279MB | heapAllocated 140MB
17:02:01     INFO - TEST-OK | devtools/client/debugger/test/mochitest/browser_dbg_search-basic-03.js | took 5664ms
17:02:01     INFO - checking window state
17:02:01     INFO - TEST-START | devtools/client/debugger/test/mochitest/browser_dbg_search-basic-04.js
17:02:01     INFO - Frame script loaded.
17:02:05     INFO - MEMORY STAT | vsize 2259MB | residentFast 277MB | heapAllocated 141MB
17:02:05     INFO - TEST-OK | devtools/client/debugger/test/mochitest/browser_dbg_search-basic-04.js | took 4174ms
17:02:05     INFO - checking window state
17:02:05     INFO - TEST-START | devtools/client/debugger/test/mochitest/browser_dbg_search-global-01.js
17:02:05     INFO - Frame script loaded.
17:02:08     INFO - Calling function with name firstCall.
17:02:08     INFO - args []
17:02:11     INFO - MEMORY STAT | vsize 2254MB | residentFast 277MB | heapAllocated 141MB
17:02:11     INFO - TEST-OK | devtools/client/debugger/test/mochitest/browser_dbg_search-global-01.js | took 6040ms
17:02:11     INFO - checking window state
17:02:11     INFO - TEST-START | devtools/client/debugger/test/mochitest/browser_dbg_search-global-02.js
17:02:12     INFO - Frame script loaded.
17:02:14     INFO - Calling function with name firstCall.
17:02:14     INFO - args []
17:02:16     INFO - JavaScript error: resource://gre/modules/commonjs/toolkit/loader.js -> resource://devtools/client/debugger/content/actions/sources.js, line 235: NS_ERROR_NOT_INITIALIZED:
17:02:17     INFO - MEMORY STAT | vsize 2256MB | residentFast 277MB | heapAllocated 141MB
17:02:17     INFO - TEST-OK | devtools/client/debugger/test/mochitest/browser_dbg_search-global-02.js | took 5716ms
17:02:17     INFO - checking window state
17:02:17     INFO - TEST-START | devtools/client/debugger/test/mochitest/browser_dbg_search-global-04.js
17:02:17     INFO - Frame script loaded.
17:02:20     INFO - Calling function with name firstCall.
17:02:20     INFO - args []
17:02:22     INFO - MEMORY STAT | vsize 2253MB | residentFast 278MB | heapAllocated 141MB
17:02:22     INFO - TEST-OK | devtools/client/debugger/test/mochitest/browser_dbg_search-global-04.js | took 4734ms
17:02:22     INFO - checking window state
17:02:22     INFO - TEST-START | devtools/client/debugger/test/mochitest/browser_dbg_search-global-05.js
17:02:22     INFO - Frame script loaded.
17:02:25     INFO - Calling function with name firstCall.
17:02:25     INFO - args []

command interrupted, attempting to kill
process killed by signal 9
program finished with exit code -1
elapsedTime=545.551290
The web-page 'stop build' button was pressed by 'rvandermeulen@mozilla.com': Cancelled via self-serve
========= master_lag: 0.04 =========
========= Finished '/tools/buildbot/bin/python scripts/scripts/desktop_unittest.py ...' interrupted (results: 4, elapsed: 9 mins, 5 secs) (at 2018-06-08 17:02:27.762749) =========

========= Started 'bash -c ...' interrupted (results: 4, elapsed: 0 secs) (at 2018-06-08 17:02:27.764669) =========
bash -c 'for file in `ls -1`; do cat $file; done'
 in dir /builds/slave/test/properties (timeout 1200 secs)
 watching logfiles {}
 argv: ['bash', '-c', 'for file in `ls -1`; do cat $file; done']
 environment:
  HOME=/home/cltbld
  LANG=en_US.UTF-8
  LOGNAME=cltbld
  MAIL=/var/mail/cltbld
  NODE_PATH=/usr/lib/nodejs:/usr/lib/node_modules:/usr/share/javascript
  PATH=/usr/local/bin:/usr/local/bin:/usr/bin:/bin:/usr/local/games:/usr/games
  PWD=/builds/slave/test/properties
  SHELL=/bin/bash
  SHLVL=1
  TERM=linux
  TMOUT=86400
  USER=cltbld
  XDG_SESSION_COOKIE=9ca12473fbb1d023794ffd180000023c-1528501993.726091-1263777758
  _=/tools/buildbot/bin/python
 using PTY: False

command interrupted, attempting to kill
process killed by signal 9
program finished with exit code -1
elapsedTime=0.065382
The web-page 'stop build' button was pressed by 'rvandermeulen@mozilla.com': Cancelled via self-serve

========= master_lag: 0.02 =========
========= Finished 'bash -c ...' interrupted (results: 4, elapsed: 0 secs) (at 2018-06-08 17:02:27.849016) =========

========= Started 'rm -f ...' (results: 0, elapsed: 0 secs) (at 2018-06-08 17:02:27.849523) =========
rm -f oauth.txt
 in dir /builds/slave/test/. (timeout 1200 secs)
 watching logfiles {}
 argv: ['rm', '-f', 'oauth.txt']
 environment:
  HOME=/home/cltbld
  LANG=en_US.UTF-8
  LOGNAME=cltbld
  MAIL=/var/mail/cltbld
  NODE_PATH=/usr/lib/nodejs:/usr/lib/node_modules:/usr/share/javascript
  PATH=/usr/local/bin:/usr/local/bin:/usr/bin:/bin:/usr/local/games:/usr/games
  PWD=/builds/slave/test
  SHELL=/bin/bash
  SHLVL=1
  TERM=linux
  TMOUT=86400
  USER=cltbld
  XDG_SESSION_COOKIE=9ca12473fbb1d023794ffd180000023c-1528501993.726091-1263777758
  _=/tools/buildbot/bin/python
 using PTY: False
program finished with exit code 0
elapsedTime=0.040085
========= master_lag: 0.04 =========
========= Finished 'rm -f ...' (results: 0, elapsed: 0 secs) (at 2018-06-08 17:02:27.929734) =========

========= Started reboot skipped (results: 3, elapsed: 0 secs) (at 2018-06-08 17:02:27.930261) =========
========= Finished reboot skipped (results: 3, elapsed: 0 secs) (at 2018-06-08 17:02:27.930687) =========

========= Total master_lag: 0.17 =========

