builder: mozilla-esr52_win8_64_test_pgo-mochitest-chrome-1
slave: t-w864-ix-035
starttime: 1528502390.58
results: cancelled (6)
buildid: 20180608150819
builduid: b298b373e93d4f8dbf92436c9ed838a2
revision: cbfdf01aac455e0591471201c96b89dee98190b5

========= Started set props: master (results: 0, elapsed: 0 secs) (at 2018-06-08 16:59:50.577404) =========
master: http://buildbot-master110.bb.releng.scl3.mozilla.com:8201/
========= Finished set props: master (results: 0, elapsed: 0 secs) (at 2018-06-08 16:59:50.578598) =========

========= Started downloading to buildprops.json (results: 0, elapsed: 0 secs) (at 2018-06-08 16:59:50.579364) =========
========= Finished downloading to buildprops.json (results: 0, elapsed: 0 secs) (at 2018-06-08 16:59:50.645718) =========

========= Started 'bash -c ...' (results: 0, elapsed: 0 secs) (at 2018-06-08 16:59:50.646515) =========
'bash' '-c' 'wget -Oarchiver_client.py --no-check-certificate --tries=10 --waitretry=3 https://hg.mozilla.org/build/tools/raw-file/default/buildfarm/utils/archiver_client.py'
 in dir C:\slave\test\. (timeout 1200 secs)
 watching logfiles {}
 argv: ['bash', '-c', 'wget -Oarchiver_client.py --no-check-certificate --tries=10 --waitretry=3 https://hg.mozilla.org/build/tools/raw-file/default/buildfarm/utils/archiver_client.py']
 environment:
  ALLUSERSPROFILE=C:\ProgramData
  APPDATA=C:\Users\cltbld.T-W864-IX-035.001\AppData\Roaming
  COMMONPROGRAMFILES=C:\Program Files (x86)\Common Files
  COMMONPROGRAMFILES(X86)=C:\Program Files (x86)\Common Files
  COMMONPROGRAMW6432=C:\Program Files\Common Files
  COMPUTERNAME=T-W864-IX-035
  COMSPEC=C:\windows\system32\cmd.exe
  DCLOCATION=SCL3
  DNSSUFFIX=wintest.releng.scl3.mozilla.com
  FP_NO_HOST_CHECK=NO
  HOMEDRIVE=C:
  HOMEPATH=\Users\cltbld.T-W864-IX-035.001
  KTS_HOME=C:\Program Files\KTS
  KTS_VERSION=1.19c
  LOCALAPPDATA=C:\Users\cltbld.T-W864-IX-035.001\AppData\Local
  LOGONSERVER=\\T-W864-IX-035
  MONDIR=C:\Monitor_config\
  MOZBUILDDIR=C:\mozilla-build\
  NUMBER_OF_PROCESSORS=8
  OS=Windows_NT
  OURDRIVE=C:
  PATH=C:\Program Files (x86)\NVIDIA Corporation\PhysX\Common;C:\windows\system32;C:\windows;C:\windows\System32\Wbem;C:\windows\System32\WindowsPowerShell\v1.0\;C:\mozilla-build\python27;C:\mozilla-build\python27\Scripts;C:\mozilla-build\msys\bin;C:\mozilla-build\vim\vim72;C:\mozilla-build\wget;C:\mozilla-build\info-zip;C:\CoreUtils\bin;C:\mozilla-build\buildbotve\scripts;C:\mozilla-build\hg
  PATHEXT=.COM;.EXE;.BAT;.CMD;.VBS;.VBE;.JS;.JSE;.WSF;.WSH;.MSC
  PROCESSOR_ARCHITECTURE=x86
  PROCESSOR_ARCHITEW6432=AMD64
  PROCESSOR_IDENTIFIER=Intel64 Family 6 Model 30 Stepping 5, GenuineIntel
  PROCESSOR_LEVEL=6
  PROCESSOR_REVISION=1e05
  PROGRAMDATA=C:\ProgramData
  PROGRAMFILES=C:\Program Files (x86)
  PROGRAMFILES(X86)=C:\Program Files (x86)
  PROGRAMW6432=C:\Program Files
  PROMPT=$P$G
  PSMODULEPATH=C:\windows\system32\WindowsPowerShell\v1.0\Modules\
  PUBLIC=C:\Users\Public
  PWD=C:\slave\test
  RUNLOGFILE=C:\slave\\runslave.log
  SLAVEDIR=C:\slave\
  SYSTEMDRIVE=C:
  SYSTEMROOT=C:\windows
  TEMP=C:\Users\CLTBLD~1.001\AppData\Local\Temp
  TEST1=testie
  TMP=C:\Users\CLTBLD~1.001\AppData\Local\Temp
  USERDOMAIN=T-W864-IX-035
  USERDOMAIN_ROAMINGPROFILE=T-W864-IX-035
  USERNAME=cltbld
  USERPROFILE=C:\Users\cltbld.T-W864-IX-035.001
  WINDIR=C:\windows
 using PTY: False
--16:59:50--  https://hg.mozilla.org/build/tools/raw-file/default/buildfarm/utils/archiver_client.py
           => `archiver_client.py'
Resolving hg.mozilla.org... 63.245.215.25, 63.245.215.102
Connecting to hg.mozilla.org|63.245.215.25|:443... connected.
WARNING: Certificate verification error for hg.mozilla.org: certificate signature failure
HTTP request sent, awaiting response... 200 Script output follows
Length: 12,179 (12K) [text/x-python]

    0K .......... .                                          100%   31.87 MB/s

16:59:50 (31.87 MB/s) - `archiver_client.py' saved [12179/12179]

program finished with exit code 0
elapsedTime=0.741000
========= master_lag: 0.02 =========
========= Finished 'bash -c ...' (results: 0, elapsed: 0 secs) (at 2018-06-08 16:59:51.405994) =========

========= Started 'rm -rf ...' (results: 0, elapsed: 16 secs) (at 2018-06-08 16:59:51.406393) =========
'rm' '-rf' 'scripts' 'properties'
 in dir C:\slave\test\. (timeout 1200 secs)
 watching logfiles {}
 argv: ['rm', '-rf', 'scripts', 'properties']
 environment:
  ALLUSERSPROFILE=C:\ProgramData
  APPDATA=C:\Users\cltbld.T-W864-IX-035.001\AppData\Roaming
  COMMONPROGRAMFILES=C:\Program Files (x86)\Common Files
  COMMONPROGRAMFILES(X86)=C:\Program Files (x86)\Common Files
  COMMONPROGRAMW6432=C:\Program Files\Common Files
  COMPUTERNAME=T-W864-IX-035
  COMSPEC=C:\windows\system32\cmd.exe
  DCLOCATION=SCL3
  DNSSUFFIX=wintest.releng.scl3.mozilla.com
  FP_NO_HOST_CHECK=NO
  HOMEDRIVE=C:
  HOMEPATH=\Users\cltbld.T-W864-IX-035.001
  KTS_HOME=C:\Program Files\KTS
  KTS_VERSION=1.19c
  LOCALAPPDATA=C:\Users\cltbld.T-W864-IX-035.001\AppData\Local
  LOGONSERVER=\\T-W864-IX-035
  MONDIR=C:\Monitor_config\
  MOZBUILDDIR=C:\mozilla-build\
  NUMBER_OF_PROCESSORS=8
  OS=Windows_NT
  OURDRIVE=C:
  PATH=C:\Program Files (x86)\NVIDIA Corporation\PhysX\Common;C:\windows\system32;C:\windows;C:\windows\System32\Wbem;C:\windows\System32\WindowsPowerShell\v1.0\;C:\mozilla-build\python27;C:\mozilla-build\python27\Scripts;C:\mozilla-build\msys\bin;C:\mozilla-build\vim\vim72;C:\mozilla-build\wget;C:\mozilla-build\info-zip;C:\CoreUtils\bin;C:\mozilla-build\buildbotve\scripts;C:\mozilla-build\hg
  PATHEXT=.COM;.EXE;.BAT;.CMD;.VBS;.VBE;.JS;.JSE;.WSF;.WSH;.MSC
  PROCESSOR_ARCHITECTURE=x86
  PROCESSOR_ARCHITEW6432=AMD64
  PROCESSOR_IDENTIFIER=Intel64 Family 6 Model 30 Stepping 5, GenuineIntel
  PROCESSOR_LEVEL=6
  PROCESSOR_REVISION=1e05
  PROGRAMDATA=C:\ProgramData
  PROGRAMFILES=C:\Program Files (x86)
  PROGRAMFILES(X86)=C:\Program Files (x86)
  PROGRAMW6432=C:\Program Files
  PROMPT=$P$G
  PSMODULEPATH=C:\windows\system32\WindowsPowerShell\v1.0\Modules\
  PUBLIC=C:\Users\Public
  PWD=C:\slave\test
  RUNLOGFILE=C:\slave\\runslave.log
  SLAVEDIR=C:\slave\
  SYSTEMDRIVE=C:
  SYSTEMROOT=C:\windows
  TEMP=C:\Users\CLTBLD~1.001\AppData\Local\Temp
  TEST1=testie
  TMP=C:\Users\CLTBLD~1.001\AppData\Local\Temp
  USERDOMAIN=T-W864-IX-035
  USERDOMAIN_ROAMINGPROFILE=T-W864-IX-035
  USERNAME=cltbld
  USERPROFILE=C:\Users\cltbld.T-W864-IX-035.001
  WINDIR=C:\windows
 using PTY: False
program finished with exit code 0
elapsedTime=16.342000
========= master_lag: -0.02 =========
========= Finished 'rm -rf ...' (results: 0, elapsed: 16 secs) (at 2018-06-08 17:00:07.733052) =========

========= Started 'bash -c ...' (results: 0, elapsed: 2 secs) (at 2018-06-08 17:00:07.733421) =========
'bash' '-c' u'python archiver_client.py mozharness --repo releases/mozilla-esr52 --rev cbfdf01aac455e0591471201c96b89dee98190b5 --destination scripts --debug'
 in dir C:\slave\test\. (timeout 1200 secs)
 watching logfiles {}
 argv: ['bash', '-c', u'python archiver_client.py mozharness --repo releases/mozilla-esr52 --rev cbfdf01aac455e0591471201c96b89dee98190b5 --destination scripts --debug']
 environment:
  ALLUSERSPROFILE=C:\ProgramData
  APPDATA=C:\Users\cltbld.T-W864-IX-035.001\AppData\Roaming
  COMMONPROGRAMFILES=C:\Program Files (x86)\Common Files
  COMMONPROGRAMFILES(X86)=C:\Program Files (x86)\Common Files
  COMMONPROGRAMW6432=C:\Program Files\Common Files
  COMPUTERNAME=T-W864-IX-035
  COMSPEC=C:\windows\system32\cmd.exe
  DCLOCATION=SCL3
  DNSSUFFIX=wintest.releng.scl3.mozilla.com
  FP_NO_HOST_CHECK=NO
  HOMEDRIVE=C:
  HOMEPATH=\Users\cltbld.T-W864-IX-035.001
  KTS_HOME=C:\Program Files\KTS
  KTS_VERSION=1.19c
  LOCALAPPDATA=C:\Users\cltbld.T-W864-IX-035.001\AppData\Local
  LOGONSERVER=\\T-W864-IX-035
  MONDIR=C:\Monitor_config\
  MOZBUILDDIR=C:\mozilla-build\
  NUMBER_OF_PROCESSORS=8
  OS=Windows_NT
  OURDRIVE=C:
  PATH=C:\Program Files (x86)\NVIDIA Corporation\PhysX\Common;C:\windows\system32;C:\windows;C:\windows\System32\Wbem;C:\windows\System32\WindowsPowerShell\v1.0\;C:\mozilla-build\python27;C:\mozilla-build\python27\Scripts;C:\mozilla-build\msys\bin;C:\mozilla-build\vim\vim72;C:\mozilla-build\wget;C:\mozilla-build\info-zip;C:\CoreUtils\bin;C:\mozilla-build\buildbotve\scripts;C:\mozilla-build\hg
  PATHEXT=.COM;.EXE;.BAT;.CMD;.VBS;.VBE;.JS;.JSE;.WSF;.WSH;.MSC
  PROCESSOR_ARCHITECTURE=x86
  PROCESSOR_ARCHITEW6432=AMD64
  PROCESSOR_IDENTIFIER=Intel64 Family 6 Model 30 Stepping 5, GenuineIntel
  PROCESSOR_LEVEL=6
  PROCESSOR_REVISION=1e05
  PROGRAMDATA=C:\ProgramData
  PROGRAMFILES=C:\Program Files (x86)
  PROGRAMFILES(X86)=C:\Program Files (x86)
  PROGRAMW6432=C:\Program Files
  PROMPT=$P$G
  PSMODULEPATH=C:\windows\system32\WindowsPowerShell\v1.0\Modules\
  PUBLIC=C:\Users\Public
  PWD=C:\slave\test
  RUNLOGFILE=C:\slave\\runslave.log
  SLAVEDIR=C:\slave\
  SYSTEMDRIVE=C:
  SYSTEMROOT=C:\windows
  TEMP=C:\Users\CLTBLD~1.001\AppData\Local\Temp
  TEST1=testie
  TMP=C:\Users\CLTBLD~1.001\AppData\Local\Temp
  USERDOMAIN=T-W864-IX-035
  USERDOMAIN_ROAMINGPROFILE=T-W864-IX-035
  USERNAME=cltbld
  USERPROFILE=C:\Users\cltbld.T-W864-IX-035.001
  WINDIR=C:\windows
 using PTY: False
2018-06-08 17:00:07,584 truncating revision to first 12 chars
2018-06-08 17:00:07,584 Setting DEBUG logging.
2018-06-08 17:00:07,584 attempt 1/10
2018-06-08 17:00:07,584 Getting archive location from https://api.pub.build.mozilla.org/archiver/hgmo/releases/mozilla-esr52/cbfdf01aac45?&preferred_region=us-west-2&suffix=tar.gz&subdir=testing/mozharness
2018-06-08 17:00:08,680 unpacking tar archive at: mozilla-esr52-cbfdf01aac45/testing/mozharness/
2018-06-08 17:00:08,838 skipping symlink on windows: configs/single_locale/linux32.py
program finished with exit code 0
elapsedTime=2.140000
========= master_lag: 0.05 =========
========= Finished 'bash -c ...' (results: 0, elapsed: 2 secs) (at 2018-06-08 17:00:09.925060) =========

========= Started set props: script_repo_revision (results: 0, elapsed: 0 secs) (at 2018-06-08 17:00:09.925582) =========
script_repo_revision: cbfdf01aac455e0591471201c96b89dee98190b5
========= Finished set props: script_repo_revision (results: 0, elapsed: 0 secs) (at 2018-06-08 17:00:09.926184) =========

========= Started downloading to oauth.txt (results: 0, elapsed: 0 secs) (at 2018-06-08 17:00:09.926612) =========
========= Finished downloading to oauth.txt (results: 0, elapsed: 0 secs) (at 2018-06-08 17:00:09.936253) =========

========= Started 'c:/mozilla-build/python27/python -u ...' interrupted (results: 4, elapsed: 2 mins, 46 secs) (at 2018-06-08 17:00:09.936646) =========
'c:/mozilla-build/python27/python' '-u' 'scripts/scripts/desktop_unittest.py' '--cfg' 'unittests/win_unittest.py' '--mochitest-suite' 'chrome-chunked' '--total-chunks' '3' '--this-chunk' '1' '--blob-upload-branch' 'mozilla-esr52' '--download-symbols' 'ondemand'
 in dir C:\slave\test\. (timeout 1800 secs) (maxTime 7200 secs)
 watching logfiles {}
 argv: ['c:/mozilla-build/python27/python', '-u', 'scripts/scripts/desktop_unittest.py', '--cfg', 'unittests/win_unittest.py', '--mochitest-suite', 'chrome-chunked', '--total-chunks', '3', '--this-chunk', '1', '--blob-upload-branch', 'mozilla-esr52', '--download-symbols', 'ondemand']
 environment:
  ALLUSERSPROFILE=C:\ProgramData
  APPDATA=C:\Users\cltbld.T-W864-IX-035.001\AppData\Roaming
  COMMONPROGRAMFILES=C:\Program Files (x86)\Common Files
  COMMONPROGRAMFILES(X86)=C:\Program Files (x86)\Common Files
  COMMONPROGRAMW6432=C:\Program Files\Common Files
  COMPUTERNAME=T-W864-IX-035
  COMSPEC=C:\windows\system32\cmd.exe
  DCLOCATION=SCL3
  DNSSUFFIX=wintest.releng.scl3.mozilla.com
  FP_NO_HOST_CHECK=NO
  HOMEDRIVE=C:
  HOMEPATH=\Users\cltbld.T-W864-IX-035.001
  KTS_HOME=C:\Program Files\KTS
  KTS_VERSION=1.19c
  LOCALAPPDATA=C:\Users\cltbld.T-W864-IX-035.001\AppData\Local
  LOGONSERVER=\\T-W864-IX-035
  MONDIR=C:\Monitor_config\
  MOZBUILDDIR=C:\mozilla-build\
  MOZ_CRASHREPORTER_NO_REPORT=1
  MOZ_HIDE_RESULTS_TABLE=1
  MOZ_NO_REMOTE=1
  NO_EM_RESTART=1
  NO_FAIL_ON_TEST_ERRORS=1
  NUMBER_OF_PROCESSORS=8
  OS=Windows_NT
  OURDRIVE=C:
  PATH=C:\Program Files (x86)\NVIDIA Corporation\PhysX\Common;C:\windows\system32;C:\windows;C:\windows\System32\Wbem;C:\windows\System32\WindowsPowerShell\v1.0\;C:\mozilla-build\python27;C:\mozilla-build\python27\Scripts;C:\mozilla-build\msys\bin;C:\mozilla-build\vim\vim72;C:\mozilla-build\wget;C:\mozilla-build\info-zip;C:\CoreUtils\bin;C:\mozilla-build\buildbotve\scripts;C:\mozilla-build\hg
  PATHEXT=.COM;.EXE;.BAT;.CMD;.VBS;.VBE;.JS;.JSE;.WSF;.WSH;.MSC
  PROCESSOR_ARCHITECTURE=x86
  PROCESSOR_ARCHITEW6432=AMD64
  PROCESSOR_IDENTIFIER=Intel64 Family 6 Model 30 Stepping 5, GenuineIntel
  PROCESSOR_LEVEL=6
  PROCESSOR_REVISION=1e05
  PROGRAMDATA=C:\ProgramData
  PROGRAMFILES=C:\Program Files (x86)
  PROGRAMFILES(X86)=C:\Program Files (x86)
  PROGRAMW6432=C:\Program Files
  PROMPT=$P$G
  PROPERTIES_FILE=C:\slave\test/buildprops.json
  PSMODULEPATH=C:\windows\system32\WindowsPowerShell\v1.0\Modules\
  PUBLIC=C:\Users\Public
  PWD=C:\slave\test
  RUNLOGFILE=C:\slave\\runslave.log
  SLAVEDIR=C:\slave\
  SYSTEMDRIVE=C:
  SYSTEMROOT=C:\windows
  TEMP=C:\Users\CLTBLD~1.001\AppData\Local\Temp
  TEST1=testie
  TMP=C:\Users\CLTBLD~1.001\AppData\Local\Temp
  USERDOMAIN=T-W864-IX-035
  USERDOMAIN_ROAMINGPROFILE=T-W864-IX-035
  USERNAME=cltbld
  USERPROFILE=C:\Users\cltbld.T-W864-IX-035.001
  WINDIR=C:\windows
  XPCOM_DEBUG_BREAK=warn
 using PTY: False
17:00:10     INFO - MultiFileLogger online at 20180608 17:00:10 in C:\slave\test
17:00:10     INFO - Run as scripts/scripts/desktop_unittest.py --cfg unittests/win_unittest.py --mochitest-suite chrome-chunked --total-chunks 3 --this-chunk 1 --blob-upload-branch mozilla-esr52 --download-symbols ondemand
17:00:10     INFO - Dumping config to C:\slave\test\logs\localconfig.json.
17:00:10     INFO - {'all_cppunittest_suites': {'cppunittest': ('tests/cppunittest',)},
17:00:10     INFO -  'all_gtest_suites': {'gtest': ()},
17:00:10     INFO -  'all_jittest_suites': {'jittest': ()},
17:00:10     INFO -  'all_mochitest_suites': {'a11y': ('--flavor=a11y',),
17:00:10     INFO -                           'browser-chrome': ('--flavor=browser',),
17:00:10     INFO -                           'browser-chrome-addons': ('--flavor=browser',
17:00:10     INFO -                                                     '--chunk-by-runtime',
17:00:10     INFO -                                                     '--tag=addons'),
17:00:10     INFO -                           'browser-chrome-chunked': ('--flavor=browser',
17:00:10     INFO -                                                      '--chunk-by-runtime'),
17:00:10     INFO -                           'browser-chrome-clipboard': ('--flavor=browser',
17:00:10     INFO -                                                        '--subsuite=clipboard'),
17:00:10     INFO -                           'browser-chrome-gpu': ('--flavor=browser',
17:00:10     INFO -                                                  '--subsuite=gpu'),
17:00:10     INFO -                           'browser-chrome-screenshots': ('--flavor=browser',
17:00:10     INFO -                                                          '--subsuite=screenshots'),
17:00:10     INFO -                           'chrome': ('--flavor=chrome',),
17:00:10     INFO -                           'chrome-chunked': ('--flavor=chrome',
17:00:10     INFO -                                              '--chunk-by-dir=4'),
17:00:10     INFO -                           'chrome-clipboard': ('--flavor=chrome',
17:00:10     INFO -                                                '--subsuite=clipboard'),
17:00:10     INFO -                           'chrome-gpu': ('--flavor=chrome', '--subsuite=gpu'),
17:00:10     INFO -                           'jetpack-addon': ('--flavor=jetpack-addon',),
17:00:10     INFO -                           'jetpack-package': ('--flavor=jetpack-package',),
17:00:10     INFO -                           'jetpack-package-clipboard': ('--flavor=jetpack-package',
17:00:10     INFO -                                                         '--subsuite=clipboard'),
17:00:10     INFO -                           'mochitest-devtools-chrome': ('--flavor=browser',
17:00:10     INFO -                                                         '--subsuite=devtools'),
17:00:10     INFO -                           'mochitest-devtools-chrome-chunked': ('--flavor=browser',
17:00:10     INFO -                                                                 '--subsuite=devtools',
17:00:10     INFO -                                                                 '--chunk-by-runtime'),
17:00:10     INFO -                           'mochitest-gl': ('--subsuite=webgl',),
17:00:10     INFO -                           'mochitest-media': ('--subsuite=media',),
17:00:10     INFO -                           'mochitest-metro-chrome': ('--flavor=browser',
17:00:10     INFO -                                                      '--metro-immersive'),
17:00:10     INFO -                           'plain': (),
17:00:10     INFO -                           'plain-chunked': ('--chunk-by-dir=4',),
17:00:10     INFO -                           'plain-clipboard': ('--subsuite=clipboard',),
17:00:10     INFO -                           'plain-gpu': ('--subsuite=gpu',)},
17:00:10     INFO -  'all_mozbase_suites': {'mozbase': ()},
17:00:10     INFO -  'all_reftest_suites': {'crashtest': {'options': ('--suite=crashtest',),
17:00:10     INFO -                                       'tests': ('tests/reftest/tests/testing/crashtest/crashtests.list',)},
17:00:10     INFO -                         'jsreftest': {'options': ('--extra-profile-file=tests/jsreftest/tests/user.js',),
17:00:10     INFO -                                       'tests': ('tests/jsreftest/tests/jstests.list',)},
17:00:10     INFO -                         'reftest': {'options': ('--suite=reftest',),
17:00:10     INFO -                                     'tests': ('tests/reftest/tests/layout/reftests/reftest.list',)},
17:00:10     INFO -                         'reftest-gpu': {'options': ('--suite=reftest',
17:00:10     INFO -                                                     '--setpref=layers.gpu-process.force-enabled=true'),
17:00:10     INFO -                                         'tests': ('tests/reftest/tests/layout/reftests/reftest.list',)},
17:00:10     INFO -                         'reftest-no-accel': {'options': ('--suite=reftest',
17:00:10     INFO -                                                          '--setpref=gfx.direct2d.disabled=true',
17:00:10     INFO -                                                          '--setpref=layers.acceleration.disabled=true'),
17:00:10     INFO -                                              'tests': ('tests/reftest/tests/layout/reftests/reftest.list',)}},
17:00:10     INFO -  'all_xpcshell_suites': {'xpcshell': {'options': ('--xpcshell=%(abs_app_dir)s/xpcshell.exe',
17:00:10     INFO -                                                   '--manifest=tests/xpcshell/tests/xpcshell.ini'),
17:00:10     INFO -                                       'tests': ()},
17:00:10     INFO -                          'xpcshell-addons': {'options': ('--xpcshell=%(abs_app_dir)s/xpcshell.exe',
17:00:10     INFO -                                                          '--tag=addons',
17:00:10     INFO -                                                          '--manifest=tests/xpcshell/tests/xpcshell.ini'),
17:00:10     INFO -                                              'tests': ()}},
17:00:10     INFO -  'allow_software_gl_layers': False,
17:00:10     INFO -  'append_to_log': False,
17:00:10     INFO -  'base_work_dir': 'C:\\slave\\test',
17:00:10     INFO -  'binary_path': 'C:\\slave\\test\\build\\application\\firefox\\firefox.exe',
17:00:10     INFO -  'blob_upload_branch': 'mozilla-esr52',
17:00:10     INFO -  'blob_uploader_auth_file': 'C:\\slave\\test\\oauth.txt',
17:00:10     INFO -  'buildbot_json_path': 'buildprops.json',
17:00:10     INFO -  'buildbot_max_log_size': 52428800,
17:00:10     INFO -  'code_coverage': False,
17:00:10     INFO -  'config_files': ('unittests/win_unittest.py',),
17:00:10     INFO -  'default_blob_upload_servers': ('https://blobupload.elasticbeanstalk.com',),
17:00:10     INFO -  'download_minidump_stackwalk': True,
17:00:10     INFO -  'download_nodejs': True,
17:00:10     INFO -  'download_symbols': 'ondemand',
17:00:10     INFO -  'e10s': False,
17:00:10     INFO -  'exe_suffix': '.exe',
17:00:10     INFO -  'exes': {'hg': 'c:/mozilla-build/hg/hg',
17:00:10     INFO -           'mozinstall': ('C:\\slave\\test/build/venv/scripts/python',
17:00:10     INFO -                          'C:\\slave\\test/build/venv/scripts/mozinstall-script.py'),
17:00:10     INFO -           'python': 'c:\\mozilla-build\\python27\\python.exe',
17:00:10     INFO -           'tooltool.py': ('c:\\mozilla-build\\python27\\python.exe',
17:00:10     INFO -                           'C:/mozilla-build/tooltool.py'),
17:00:10     INFO -           'virtualenv': ('c:\\mozilla-build\\python27\\python.exe',
17:00:10     INFO -                          'c:/mozilla-build/buildbotve/virtualenv.py')},
17:00:10     INFO -  'find_links': ('http://pypi.pvt.build.mozilla.org/pub',
17:00:10     INFO -                 'http://pypi.pub.build.mozilla.org/pub'),
17:00:10     INFO -  'installer_path': 'C:\\slave\\test\\build\\installer.zip',
17:00:10     INFO -  'log_level': 'info',
17:00:10     INFO -  'log_to_console': True,
17:00:10     INFO -  'minidump_save_path': '%(abs_work_dir)s/../minidumps',
17:00:10     INFO -  'minidump_stackwalk_path': 'win32-minidump_stackwalk.exe',
17:00:10     INFO -  'minidump_tooltool_manifest_path': 'config/tooltool-manifests/win32/releng.manifest',
17:00:10     INFO -  'minimum_tests_zip_dirs': ('bin/*',
17:00:10     INFO -                             'certs/*',
17:00:10     INFO -                             'config/*',
17:00:10     INFO -                             'mach',
17:00:10     INFO -                             'marionette/*',
17:00:10     INFO -                             'modules/*',
17:00:10     INFO -                             'mozbase/*',
17:00:10     INFO -                             'tools/*'),
17:00:10     INFO -  'no_random': False,
17:00:10     INFO -  'nodejs_path': 'node-win32.exe',
17:00:10     INFO -  'nodejs_tooltool_manifest_path': 'config/tooltool-manifests/win32/nodejs.manifest',
17:00:10     INFO -  'opt_config_files': (),
17:00:10     INFO -  'pip_index': False,
17:00:10     INFO -  'preflight_run_cmd_suites': ({'architectures': ('32bit', '64bit'),
17:00:10     INFO -                                'cmd': ('xset', 's', 'off', 's', 'reset'),
17:00:10     INFO -                                'enabled': False,
17:00:10     INFO -                                'halt_on_failure': False,
17:00:10     INFO -                                'name': 'disable_screen_saver'},
17:00:10     INFO -                               {'architectures': ('32bit',),
17:00:10     INFO -                                'cmd': ('c:\\mozilla-build\\python27\\python.exe',
17:00:10     INFO -                                        '../scripts/external_tools/mouse_and_screen_resolution.py',
17:00:10     INFO -                                        '--configuration-file',
17:00:10     INFO -                                        '../scripts/external_tools/machine-configuration.json'),
17:00:10     INFO -                                'enabled': True,
17:00:10     INFO -                                'halt_on_failure': True,
17:00:10     INFO -                                'name': 'run mouse & screen adjustment script'}),
17:00:10     INFO -  'require_test_zip': True,
17:00:10     INFO -  'run_all_suites': False,
17:00:10     INFO -  'run_cmd_checks_enabled': True,
17:00:10     INFO -  'run_file_names': {'cppunittest': 'runcppunittests.py',
17:00:10     INFO -                     'gtest': 'rungtests.py',
17:00:10     INFO -                     'jittest': 'jit_test.py',
17:00:10     INFO -                     'mochitest': 'runtests.py',
17:00:10     INFO -                     'mozbase': 'test.py',
17:00:10     INFO -                     'mozmill': 'runtestlist.py',
17:00:10     INFO -                     'reftest': 'runreftest.py',
17:00:10     INFO -                     'xpcshell': 'runxpcshelltests.py'},
17:00:10     INFO -  'specific_tests_zip_dirs': {'cppunittest': ('cppunittest/*',),
17:00:10     INFO -                              'gtest': ('gtest/*',),
17:00:10     INFO -                              'jittest': ('jit-test/*',),
17:00:10     INFO -                              'mochitest': ('mochitest/*',),
17:00:10     INFO -                              'mozbase': ('mozbase/*',),
17:00:10     INFO -                              'mozmill': ('mozmill/*',),
17:00:10     INFO -                              'reftest': ('reftest/*', 'jsreftest/*'),
17:00:10     INFO -                              'xpcshell': ('xpcshell/*',)},
17:00:10     INFO -  'specified_mochitest_suites': ('chrome-chunked',),
17:00:10     INFO -  'strict_content_sandbox': False,
17:00:10     INFO -  'suite_definitions': {'cppunittest': {'options': ('--symbols-path=%(symbols_path)s',
17:00:10     INFO -                                                    '--xre-path=%(abs_app_dir)s'),
17:00:10     INFO -                                        'run_filename': 'runcppunittests.py',
17:00:10     INFO -                                        'testsdir': 'cppunittest'},
17:00:10     INFO -                        'gtest': {'options': ('--xre-path=%(abs_res_dir)s',
17:00:10     INFO -                                              '--cwd=%(gtest_dir)s',
17:00:10     INFO -                                              '--symbols-path=%(symbols_path)s',
17:00:10     INFO -                                              '--utility-path=tests/bin',
17:00:10     INFO -                                              '%(binary_path)s'),
17:00:10     INFO -                                  'run_filename': 'rungtests.py'},
17:00:10     INFO -                        'jittest': {'options': ('tests/bin/js',
17:00:10     INFO -                                                '--no-slow',
17:00:10     INFO -                                                '--no-progress',
17:00:10     INFO -                                                '--format=automation',
17:00:10     INFO -                                                '--jitflags=all',
17:00:10     INFO -                                                '--timeout=970'),
17:00:10     INFO -                                    'run_filename': 'jit_test.py',
17:00:10     INFO -                                    'run_timeout': 1000,
17:00:10     INFO -                                    'testsdir': 'jit-test/jit-test'},
17:00:10     INFO -                        'mochitest': {'options': ('--appname=%(binary_path)s',
17:00:10     INFO -                                                  '--utility-path=tests/bin',
17:00:10     INFO -                                                  '--extra-profile-file=tests/bin/plugins',
17:00:10     INFO -                                                  '--symbols-path=%(symbols_path)s',
17:00:10     INFO -                                                  '--certificate-path=tests/certs',
17:00:10     INFO -                                                  '--quiet',
17:00:10     INFO -                                                  '--log-raw=%(raw_log_file)s',
17:00:10     INFO -                                                  '--log-errorsummary=%(error_summary_file)s',
17:00:10     INFO -                                                  '--screenshot-on-fail',
17:00:10     INFO -                                                  '--cleanup-crashes'),
17:00:10     INFO -                                      'run_filename': 'runtests.py',
17:00:10     INFO -                                      'testsdir': 'mochitest'},
17:00:10     INFO -                        'mozbase': {'options': ('-b', '%(binary_path)s'),
17:00:10     INFO -                                    'run_filename': 'test.py',
17:00:10     INFO -                                    'testsdir': 'mozbase'},
17:00:10     INFO -                        'mozmill': {'options': ('--binary=%(binary_path)s',
17:00:10     INFO -                                                '--testing-modules-dir=test/modules',
17:00:10     INFO -                                                '--plugins-path=%(test_plugin_path)s',
17:00:10     INFO -                                                '--symbols-path=%(symbols_path)s'),
17:00:10     INFO -                                    'run_filename': 'runtestlist.py',
17:00:10     INFO -                                    'testsdir': 'mozmill'},
17:00:10     INFO -                        'reftest': {'options': ('--appname=%(binary_path)s',
17:00:10     INFO -                                                '--utility-path=tests/bin',
17:00:10     INFO -                                                '--extra-profile-file=tests/bin/plugins',
17:00:10     INFO -                                                '--symbols-path=%(symbols_path)s',
17:00:10     INFO -                                                '--log-raw=%(raw_log_file)s',
17:00:10     INFO -                                                '--log-errorsummary=%(error_summary_file)s',
17:00:10     INFO -                                                '--cleanup-crashes'),
17:00:10     INFO -                                    'run_filename': 'runreftest.py',
17:00:10     INFO -                                    'testsdir': 'reftest'},
17:00:10     INFO -                        'xpcshell': {'options': ('--symbols-path=%(symbols_path)s',
17:00:10     INFO -                                                 '--test-plugin-path=%(test_plugin_path)s',
17:00:10     INFO -                                                 '--log-raw=%(raw_log_file)s',
17:00:10     INFO -                                                 '--log-errorsummary=%(error_summary_file)s',
17:00:10     INFO -                                                 '--utility-path=tests/bin'),
17:00:10     INFO -                                     'run_filename': 'runxpcshelltests.py',
17:00:10     INFO -                                     'testsdir': 'xpcshell'}},
17:00:10     INFO -  'this_chunk': '1',
17:00:10     INFO -  'total_chunks': '3',
17:00:10     INFO -  'unstructured_flavors': {'cppunittest': (),
17:00:10     INFO -                           'gtest': (),
17:00:10     INFO -                           'jittest': (),
17:00:10     INFO -                           'mochitest': ('jetpack',),
17:00:10     INFO -                           'mozbase': (),
17:00:10     INFO -                           'mozmill': (),
17:00:10     INFO -                           'xpcshell': ()},
17:00:10     INFO -  'vcs_output_timeout': 1000,
17:00:10     INFO -  'virtualenv_modules': ('pypiwin32', 'six==1.10.0', 'vcversioner==2.16.0.0'),
17:00:10     INFO -  'virtualenv_path': 'venv',
17:00:10     INFO -  'virtualenv_python_dll': 'c:\\mozilla-build\\python27\\python27.dll',
17:00:10     INFO -  'volatile_config': {'actions': None, 'add_actions': None, 'no_actions': None},
17:00:10     INFO -  'work_dir': 'build',
17:00:10     INFO -  'xpcshell_name': 'xpcshell.exe'}
17:00:10     INFO - [mozharness: 2018-06-09 00:00:10.238000Z] Running clobber step.
17:00:10     INFO - Running pre-action listener: _resource_record_pre_action
17:00:10     INFO - Running main action method: clobber
17:00:10     INFO - rmtree: C:\slave\test\build
17:00:10     INFO - Using _rmtree_windows ...
17:00:10     INFO - retry: Calling _rmtree_windows with args: ('C:\\slave\\test\\build',), kwargs: {}, attempt #1
17:00:31     INFO - Running post-action listener: _resource_record_post_action
17:00:31     INFO - [mozharness: 2018-06-09 00:00:31.849000Z] Finished clobber step (success)
17:00:31     INFO - [mozharness: 2018-06-09 00:00:31.849000Z] Running read-buildbot-config step.
17:00:31     INFO - Running pre-action listener: _resource_record_pre_action
17:00:31     INFO - Running main action method: read_buildbot_config
17:00:31     INFO - Using buildbot properties:
17:00:31     INFO - {
17:00:31     INFO -     "project": "", 
17:00:31     INFO -     "product": "firefox", 
17:00:31     INFO -     "script_repo_revision": "production", 
17:00:31     INFO -     "scheduler": "tests-mozilla-esr52-win8_64-pgo-unittest", 
17:00:31     INFO -     "repository": "", 
17:00:31     INFO -     "buildername": "Windows 8 64-bit mozilla-esr52 pgo test mochitest-chrome-1", 
17:00:31     INFO -     "buildid": "20180608150819", 
17:00:31     INFO -     "pgo_build": "True", 
17:00:31     INFO -     "basedir": "C:\\slave\\test", 
17:00:31     INFO -     "buildnumber": 21, 
17:00:31     INFO -     "slavename": "t-w864-ix-035", 
17:00:31     INFO -     "revision": "cbfdf01aac455e0591471201c96b89dee98190b5", 
17:00:31     INFO -     "master": "http://buildbot-master110.bb.releng.scl3.mozilla.com:8201/", 
17:00:31     INFO -     "platform": "win64", 
17:00:31     INFO -     "branch": "mozilla-esr52", 
17:00:31     INFO -     "repo_path": "releases/mozilla-esr52", 
17:00:31     INFO -     "moz_repo_path": "", 
17:00:31     INFO -     "stage_platform": "win64-pgo", 
17:00:31     INFO -     "builduid": "b298b373e93d4f8dbf92436c9ed838a2", 
17:00:31     INFO -     "slavebuilddir": "test"
17:00:31     INFO - }
17:00:31     INFO - Found a test packages url https://queue.taskcluster.net/v1/task/VAgbWLphTjmdh4hh8yTyVw/artifacts/public/build/firefox-52.8.2.en-US.win64.test_packages.json.
17:00:31     INFO - Found installer url https://queue.taskcluster.net/v1/task/VAgbWLphTjmdh4hh8yTyVw/artifacts/public/build/firefox-52.8.2.en-US.win64.zip.
17:00:31     INFO - Running post-action listener: _resource_record_post_action
17:00:31     INFO - [mozharness: 2018-06-09 00:00:31.852000Z] Finished read-buildbot-config step (success)
17:00:31     INFO - [mozharness: 2018-06-09 00:00:31.852000Z] Running download-and-extract step.
17:00:31     INFO - Running pre-action listener: _pre_download_and_extract
17:00:31  WARNING - Try message not found.
17:00:31     INFO - Running pre-action listener: _resource_record_pre_action
17:00:31     INFO - Running main action method: download_and_extract
17:00:31     INFO - mkdir: C:\slave\test\build\tests
17:00:31     INFO - Downloading https://queue.taskcluster.net/v1/task/VAgbWLphTjmdh4hh8yTyVw/artifacts/public/build/firefox-52.8.2.en-US.win64.test_packages.json to C:\slave\test\build\firefox-52.8.2.en-US.win64.test_packages.json
17:00:31     INFO - retry: Calling _download_file with args: (), kwargs: {'url': 'https://queue.taskcluster.net/v1/task/VAgbWLphTjmdh4hh8yTyVw/artifacts/public/build/firefox-52.8.2.en-US.win64.test_packages.json', 'file_name': 'C:\\slave\\test\\build\\firefox-52.8.2.en-US.win64.test_packages.json'}, attempt #1
17:00:32     INFO - Downloaded 1218 bytes.
17:00:32     INFO - Reading from file C:\slave\test\build\firefox-52.8.2.en-US.win64.test_packages.json
17:00:32     INFO - Using the following test package requirements:
17:00:32     INFO - {u'common': [u'firefox-52.8.2.en-US.win64.common.tests.zip'],
17:00:32     INFO -  u'cppunittest': [u'firefox-52.8.2.en-US.win64.common.tests.zip',
17:00:32     INFO -                   u'firefox-52.8.2.en-US.win64.cppunittest.tests.zip'],
17:00:32     INFO -  u'gtest': [u'firefox-52.8.2.en-US.win64.common.tests.zip'],
17:00:32     INFO -  u'jittest': [u'firefox-52.8.2.en-US.win64.common.tests.zip',
17:00:32     INFO -               u'jsshell-win64.zip'],
17:00:32     INFO -  u'mochitest': [u'firefox-52.8.2.en-US.win64.common.tests.zip',
17:00:32     INFO -                 u'firefox-52.8.2.en-US.win64.mochitest.tests.zip'],
17:00:32     INFO -  u'mozbase': [u'firefox-52.8.2.en-US.win64.common.tests.zip'],
17:00:32     INFO -  u'reftest': [u'firefox-52.8.2.en-US.win64.common.tests.zip',
17:00:32     INFO -               u'firefox-52.8.2.en-US.win64.reftest.tests.zip'],
17:00:32     INFO -  u'talos': [u'firefox-52.8.2.en-US.win64.common.tests.zip',
17:00:32     INFO -             u'firefox-52.8.2.en-US.win64.talos.tests.zip'],
17:00:32     INFO -  u'web-platform': [u'firefox-52.8.2.en-US.win64.common.tests.zip',
17:00:32     INFO -                    u'firefox-52.8.2.en-US.win64.web-platform.tests.zip'],
17:00:32     INFO -  u'xpcshell': [u'firefox-52.8.2.en-US.win64.common.tests.zip',
17:00:32     INFO -                u'firefox-52.8.2.en-US.win64.xpcshell.tests.zip']}
17:00:32     INFO - Downloading packages: [u'firefox-52.8.2.en-US.win64.common.tests.zip', u'firefox-52.8.2.en-US.win64.mochitest.tests.zip'] for test suite category: mochitest
17:00:32     INFO - Adding 'mozinfo.json' for extraction from common.tests zip file
17:00:32     INFO - Downloading and extracting to C:\slave\test\build\tests these dirs bin/*, certs/*, config/*, mach, marionette/*, modules/*, mozbase/*, tools/*, mochitest/*, mozinfo.json from https://queue.taskcluster.net/v1/task/VAgbWLphTjmdh4hh8yTyVw/artifacts/public/build/firefox-52.8.2.en-US.win64.common.tests.zip
17:00:32     INFO - retry: Calling fetch_url_into_memory with args: (), kwargs: {'url': u'https://queue.taskcluster.net/v1/task/VAgbWLphTjmdh4hh8yTyVw/artifacts/public/build/firefox-52.8.2.en-US.win64.common.tests.zip'}, attempt #1
17:00:32     INFO - Fetch https://queue.taskcluster.net/v1/task/VAgbWLphTjmdh4hh8yTyVw/artifacts/public/build/firefox-52.8.2.en-US.win64.common.tests.zip into memory
17:00:33     INFO - Http code: 200
17:00:33     INFO - via: 1.1 88972e3933cc06dd11a6fa704a208631.cloudfront.net (CloudFront)
17:00:33     INFO - x-amz-cf-id: 6BVZ8A46asG_59kRXnpimRYLTRuSvgQhzkcafYD4vg12hwd7X3OX_w==
17:00:33     INFO - x-amz-version-id: PWIf.SJCY7_2cY1I6UgZuHaMt7l.wuxG
17:00:33     INFO - Expected file size: 17259713
17:00:33     INFO - Obtained file size: 17259713
17:00:35     INFO - Downloading and extracting to C:\slave\test\build\tests these dirs bin/*, certs/*, config/*, mach, marionette/*, modules/*, mozbase/*, tools/*, mochitest/*, mozinfo.json from https://queue.taskcluster.net/v1/task/VAgbWLphTjmdh4hh8yTyVw/artifacts/public/build/firefox-52.8.2.en-US.win64.mochitest.tests.zip
17:00:35     INFO - retry: Calling fetch_url_into_memory with args: (), kwargs: {'url': u'https://queue.taskcluster.net/v1/task/VAgbWLphTjmdh4hh8yTyVw/artifacts/public/build/firefox-52.8.2.en-US.win64.mochitest.tests.zip'}, attempt #1
17:00:35     INFO - Fetch https://queue.taskcluster.net/v1/task/VAgbWLphTjmdh4hh8yTyVw/artifacts/public/build/firefox-52.8.2.en-US.win64.mochitest.tests.zip into memory
17:00:36     INFO - Http code: 200
17:00:36     INFO - via: 1.1 6eaa7f856e226a0db7cef6201d3b8393.cloudfront.net (CloudFront)
17:00:36     INFO - x-amz-cf-id: KPwTljXDY_WU-bheZ9OkrOTAYuhDZx1-aKoMC2XGNJ0Q7wBBEJwGrQ==
17:00:36     INFO - x-amz-version-id: .DH_ZTMnoiYqFkI2uRoR..GviZ9JCKMh
17:00:37     INFO - Expected file size: 80428254
17:00:37     INFO - Obtained file size: 80428254
17:01:27     INFO - Downloading https://queue.taskcluster.net/v1/task/VAgbWLphTjmdh4hh8yTyVw/artifacts/public/build/firefox-52.8.2.en-US.win64.zip to C:\slave\test\build\installer.zip
17:01:27     INFO - retry: Calling _download_file with args: (), kwargs: {'url': 'https://queue.taskcluster.net/v1/task/VAgbWLphTjmdh4hh8yTyVw/artifacts/public/build/firefox-52.8.2.en-US.win64.zip', 'file_name': 'C:\\slave\\test\\build\\installer.zip'}, attempt #1
17:01:29     INFO - Downloaded 59133206 bytes.
17:01:29     INFO - Setting buildbot property build_url to https://queue.taskcluster.net/v1/task/VAgbWLphTjmdh4hh8yTyVw/artifacts/public/build/firefox-52.8.2.en-US.win64.zip
17:01:29     INFO - mkdir: C:\slave\test\properties
17:01:29     INFO - Writing buildbot properties ['build_url'] to C:\slave\test\properties\build_url
17:01:29     INFO - Writing to file C:\slave\test\properties\build_url
17:01:29     INFO - Contents:
17:01:29     INFO -  build_url:https://queue.taskcluster.net/v1/task/VAgbWLphTjmdh4hh8yTyVw/artifacts/public/build/firefox-52.8.2.en-US.win64.zip
17:01:29     INFO - Running post-action listener: _resource_record_post_action
17:01:29     INFO - Running post-action listener: set_extra_try_arguments
17:01:29     INFO - [mozharness: 2018-06-09 00:01:29.832000Z] Finished download-and-extract step (success)
17:01:29     INFO - [mozharness: 2018-06-09 00:01:29.832000Z] Running create-virtualenv step.
17:01:29     INFO - Running pre-action listener: _install_mozbase
17:01:29     INFO - Running pre-action listener: _pre_create_virtualenv
17:01:29     INFO - Running pre-action listener: _resource_record_pre_action
17:01:29     INFO - Running main action method: create_virtualenv
17:01:29     INFO - Creating virtualenv C:\slave\test\build\venv
17:01:29     INFO - Running command: ['c:\\mozilla-build\\python27\\python.exe', 'C:\\slave\\test\\scripts\\external_tools\\virtualenv\\virtualenv.py', '--always-copy', 'C:\\slave\\test\\build\\venv'] in C:\slave\test\build
17:01:29     INFO - Copy/paste: c:\mozilla-build\python27\python.exe C:\slave\test\scripts\external_tools\virtualenv\virtualenv.py --always-copy C:\slave\test\build\venv
17:01:29     INFO - Using partial env: {'VIRTUALENV_NO_DOWNLOAD': '1'}
17:01:40     INFO -  New python executable in C:\slave\test\build\venv\Scripts\python.exe
17:01:50     INFO -  Installing setuptools, pip, wheel...done.
17:01:50     INFO - Return code: 0
17:01:50     INFO - Installing pypiwin32 into virtualenv C:\slave\test\build\venv
17:01:50     INFO - retry: Calling run_command with args: [['C:\\slave\\test\\build\\venv\\Scripts\\pip', 'install', '--timeout', '120', '--no-index', '--find-links', 'http://pypi.pvt.build.mozilla.org/pub', '--find-links', 'http://pypi.pub.build.mozilla.org/pub', '--trusted-host', 'pypi.pub.build.mozilla.org', '--trusted-host', 'pypi.pvt.build.mozilla.org', 'pypiwin32']], kwargs: {'error_level': 'warning', 'error_list': [{'substr': 'not found or a compiler error:', 'level': 'warning'}, {'regex': <_sre.SRE_Pattern object at 0x022223A0>, 'level': 'error'}, {'regex': <_sre.SRE_Pattern object at 0x0231C020>, 'level': 'warning'}, {'regex': <_sre.SRE_Pattern object at 0x02289D78>, 'level': 'debug'}, {'substr': 'command not found', 'level': 'error'}, {'regex': <_sre.SRE_Pattern object at 0x022CD758>, 'level': 'warning'}, {'substr': 'Traceback (most recent call last)', 'level': 'error'}, {'substr': 'SyntaxError: ', 'level': 'error'}, {'substr': 'TypeError: ', 'level': 'error'}, {'substr': 'NameError: ', 'level': 'error'}, {'substr': 'ZeroDivisionError: ', 'level': 'error'}, {'regex': <_sre.SRE_Pattern object at 0x004BAB20>, 'level': 'critical'}, {'regex': <_sre.SRE_Pattern object at 0x022EC660>, 'level': 'critical'}], 'cwd': 'C:\\slave\\test\\build', 'env': {'TMP': 'C:\\Users\\CLTBLD~1.001\\AppData\\Local\\Temp', 'TEST1': 'testie', 'COMPUTERNAME': 'T-W864-IX-035', 'USERDOMAIN': 'T-W864-IX-035', 'KTS_VERSION': '1.19c', 'PSMODULEPATH': 'C:\\windows\\system32\\WindowsPowerShell\\v1.0\\Modules\\', 'COMMONPROGRAMFILES': 'C:\\Program Files (x86)\\Common Files', 'PROCESSOR_IDENTIFIER': 'Intel64 Family 6 Model 30 Stepping 5, GenuineIntel', 'PROGRAMFILES': 'C:\\Program Files (x86)', 'PROCESSOR_REVISION': '1e05', 'DNSSUFFIX': 'wintest.releng.scl3.mozilla.com', 'SYSTEMROOT': 'C:\\windows', 'NO_EM_RESTART': '1', 'PROGRAMFILES(X86)': 'C:\\Program Files (x86)', 'OURDRIVE': 'C:', 'MOZ_HIDE_RESULTS_TABLE': '1', 'XPCOM_DEBUG_BREAK': 'warn', 'MONDIR': 'C:\\Monitor_config\\', 'TEMP': 'C:\\Users\\CLTBLD~1.001\\AppData\\Local\\Temp', 'COMMONPROGRAMFILES(X86)': 'C:\\Program Files (x86)\\Common Files', 'RUNLOGFILE': 'C:\\slave\\\\runslave.log', 'PROCESSOR_ARCHITECTURE': 'x86', 'ALLUSERSPROFILE': 'C:\\ProgramData', 'USERPROFILE': 'C:\\Users\\cltbld.T-W864-IX-035.001', 'LOCALAPPDATA': 'C:\\Users\\cltbld.T-W864-IX-035.001\\AppData\\Local', 'HOMEPATH': '\\Users\\cltbld.T-W864-IX-035.001', 'USERDOMAIN_ROAMINGPROFILE': 'T-W864-IX-035', 'MOZBUILDDIR': 'C:\\mozilla-build\\', 'PROGRAMW6432': 'C:\\Program Files', 'USERNAME': 'cltbld', 'LOGONSERVER': '\\\\T-W864-IX-035', 'MOZ_NO_REMOTE': '1', 'COMSPEC': 'C:\\windows\\system32\\cmd.exe', 'PROGRAMDATA': 'C:\\ProgramData', 'PROPERTIES_FILE': 'C:\\slave\\test/buildprops.json', 'PATH': 'C:\\Program Files (x86)\\NVIDIA Corporation\\PhysX\\Common;C:\\windows\\system32;C:\\windows;C:\\windows\\System32\\Wbem;C:\\windows\\System32\\WindowsPowerShell\\v1.0\\;C:\\mozilla-build\\python27;C:\\mozilla-build\\python27\\Scripts;C:\\mozilla-build\\msys\\bin;C:\\mozilla-build\\vim\\vim72;C:\\mozilla-build\\wget;C:\\mozilla-build\\info-zip;C:\\CoreUtils\\bin;C:\\mozilla-build\\buildbotve\\scripts;C:\\mozilla-build\\hg', 'PROMPT': '$P$G', 'NO_FAIL_ON_TEST_ERRORS': '1', 'PATHEXT': '.COM;.EXE;.BAT;.CMD;.VBS;.VBE;.JS;.JSE;.WSF;.WSH;.MSC', 'FP_NO_HOST_CHECK': 'NO', 'DCLOCATION': 'SCL3', 'APPDATA': 'C:\\Users\\cltbld.T-W864-IX-035.001\\AppData\\Roaming', 'HOMEDRIVE': 'C:', 'SYSTEMDRIVE': 'C:', 'SLAVEDIR': 'C:\\slave\\', 'NUMBER_OF_PROCESSORS': '8', 'PWD': 'C:\\slave\\test', 'PROCESSOR_LEVEL': '6', 'KTS_HOME': 'C:\\Program Files\\KTS', 'PROCESSOR_ARCHITEW6432': 'AMD64', 'MOZ_CRASHREPORTER_NO_REPORT': '1', 'COMMONPROGRAMW6432': 'C:\\Program Files\\Common Files', 'OS': 'Windows_NT', 'PUBLIC': 'C:\\Users\\Public', 'WINDIR': 'C:\\windows'}}, attempt #1
17:01:50     INFO - Running command: ['C:\\slave\\test\\build\\venv\\Scripts\\pip', 'install', '--timeout', '120', '--no-index', '--find-links', 'http://pypi.pvt.build.mozilla.org/pub', '--find-links', 'http://pypi.pub.build.mozilla.org/pub', '--trusted-host', 'pypi.pub.build.mozilla.org', '--trusted-host', 'pypi.pvt.build.mozilla.org', 'pypiwin32'] in C:\slave\test\build
17:01:50     INFO - Copy/paste: C:\slave\test\build\venv\Scripts\pip install --timeout 120 --no-index --find-links http://pypi.pvt.build.mozilla.org/pub --find-links http://pypi.pub.build.mozilla.org/pub --trusted-host pypi.pub.build.mozilla.org --trusted-host pypi.pvt.build.mozilla.org pypiwin32
17:01:50     INFO - Using env: {'ALLUSERSPROFILE': 'C:\\ProgramData',
17:01:50     INFO -  'APPDATA': 'C:\\Users\\cltbld.T-W864-IX-035.001\\AppData\\Roaming',
17:01:50     INFO -  'COMMONPROGRAMFILES': 'C:\\Program Files (x86)\\Common Files',
17:01:50     INFO -  'COMMONPROGRAMFILES(X86)': 'C:\\Program Files (x86)\\Common Files',
17:01:50     INFO -  'COMMONPROGRAMW6432': 'C:\\Program Files\\Common Files',
17:01:50     INFO -  'COMPUTERNAME': 'T-W864-IX-035',
17:01:50     INFO -  'COMSPEC': 'C:\\windows\\system32\\cmd.exe',
17:01:50     INFO -  'DCLOCATION': 'SCL3',
17:01:50     INFO -  'DNSSUFFIX': 'wintest.releng.scl3.mozilla.com',
17:01:50     INFO -  'FP_NO_HOST_CHECK': 'NO',
17:01:50     INFO -  'HOMEDRIVE': 'C:',
17:01:50     INFO -  'HOMEPATH': '\\Users\\cltbld.T-W864-IX-035.001',
17:01:50     INFO -  'KTS_HOME': 'C:\\Program Files\\KTS',
17:01:50     INFO -  'KTS_VERSION': '1.19c',
17:01:50     INFO -  'LOCALAPPDATA': 'C:\\Users\\cltbld.T-W864-IX-035.001\\AppData\\Local',
17:01:50     INFO -  'LOGONSERVER': '\\\\T-W864-IX-035',
17:01:50     INFO -  'MONDIR': 'C:\\Monitor_config\\',
17:01:50     INFO -  'MOZBUILDDIR': 'C:\\mozilla-build\\',
17:01:50     INFO -  'MOZ_CRASHREPORTER_NO_REPORT': '1',
17:01:50     INFO -  'MOZ_HIDE_RESULTS_TABLE': '1',
17:01:50     INFO -  'MOZ_NO_REMOTE': '1',
17:01:50     INFO -  'NO_EM_RESTART': '1',
17:01:50     INFO -  'NO_FAIL_ON_TEST_ERRORS': '1',
17:01:50     INFO -  'NUMBER_OF_PROCESSORS': '8',
17:01:50     INFO -  'OS': 'Windows_NT',
17:01:50     INFO -  'OURDRIVE': 'C:',
17:01:50     INFO -  'PATH': 'C:\\Program Files (x86)\\NVIDIA Corporation\\PhysX\\Common;C:\\windows\\system32;C:\\windows;C:\\windows\\System32\\Wbem;C:\\windows\\System32\\WindowsPowerShell\\v1.0\\;C:\\mozilla-build\\python27;C:\\mozilla-build\\python27\\Scripts;C:\\mozilla-build\\msys\\bin;C:\\mozilla-build\\vim\\vim72;C:\\mozilla-build\\wget;C:\\mozilla-build\\info-zip;C:\\CoreUtils\\bin;C:\\mozilla-build\\buildbotve\\scripts;C:\\mozilla-build\\hg',
17:01:50     INFO -  'PATHEXT': '.COM;.EXE;.BAT;.CMD;.VBS;.VBE;.JS;.JSE;.WSF;.WSH;.MSC',
17:01:50     INFO -  'PROCESSOR_ARCHITECTURE': 'x86',
17:01:50     INFO -  'PROCESSOR_ARCHITEW6432': 'AMD64',
17:01:50     INFO -  'PROCESSOR_IDENTIFIER': 'Intel64 Family 6 Model 30 Stepping 5, GenuineIntel',
17:01:50     INFO -  'PROCESSOR_LEVEL': '6',
17:01:50     INFO -  'PROCESSOR_REVISION': '1e05',
17:01:50     INFO -  'PROGRAMDATA': 'C:\\ProgramData',
17:01:50     INFO -  'PROGRAMFILES': 'C:\\Program Files (x86)',
17:01:50     INFO -  'PROGRAMFILES(X86)': 'C:\\Program Files (x86)',
17:01:50     INFO -  'PROGRAMW6432': 'C:\\Program Files',
17:01:50     INFO -  'PROMPT': '$P$G',
17:01:50     INFO -  'PROPERTIES_FILE': 'C:\\slave\\test/buildprops.json',
17:01:50     INFO -  'PSMODULEPATH': 'C:\\windows\\system32\\WindowsPowerShell\\v1.0\\Modules\\',
17:01:50     INFO -  'PUBLIC': 'C:\\Users\\Public',
17:01:50     INFO -  'PWD': 'C:\\slave\\test',
17:01:50     INFO -  'RUNLOGFILE': 'C:\\slave\\\\runslave.log',
17:01:50     INFO -  'SLAVEDIR': 'C:\\slave\\',
17:01:50     INFO -  'SYSTEMDRIVE': 'C:',
17:01:50     INFO -  'SYSTEMROOT': 'C:\\windows',
17:01:50     INFO -  'TEMP': 'C:\\Users\\CLTBLD~1.001\\AppData\\Local\\Temp',
17:01:50     INFO -  'TEST1': 'testie',
17:01:50     INFO -  'TMP': 'C:\\Users\\CLTBLD~1.001\\AppData\\Local\\Temp',
17:01:50     INFO -  'USERDOMAIN': 'T-W864-IX-035',
17:01:50     INFO -  'USERDOMAIN_ROAMINGPROFILE': 'T-W864-IX-035',
17:01:50     INFO -  'USERNAME': 'cltbld',
17:01:50     INFO -  'USERPROFILE': 'C:\\Users\\cltbld.T-W864-IX-035.001',
17:01:50     INFO -  'WINDIR': 'C:\\windows',
17:01:50     INFO -  'XPCOM_DEBUG_BREAK': 'warn'}
17:01:50     INFO -  Ignoring indexes: https://pypi.python.org/simple
17:01:51     INFO -  Collecting pypiwin32
17:01:52     INFO -    Downloading http://pypi.pvt.build.mozilla.org/pub/pypiwin32-219-cp27-none-win32.whl (6.7MB)
17:01:52     INFO -  Installing collected packages: pypiwin32
17:01:56     INFO -  Successfully installed pypiwin32-219
17:02:01     INFO - Return code: 0
17:02:01     INFO - Installing six==1.10.0 into virtualenv C:\slave\test\build\venv
17:02:01     INFO - retry: Calling run_command with args: [['C:\\slave\\test\\build\\venv\\Scripts\\pip', 'install', '--timeout', '120', '--no-index', '--find-links', 'http://pypi.pvt.build.mozilla.org/pub', '--find-links', 'http://pypi.pub.build.mozilla.org/pub', '--trusted-host', 'pypi.pub.build.mozilla.org', '--trusted-host', 'pypi.pvt.build.mozilla.org', 'six==1.10.0']], kwargs: {'error_level': 'warning', 'error_list': [{'substr': 'not found or a compiler error:', 'level': 'warning'}, {'regex': <_sre.SRE_Pattern object at 0x022223A0>, 'level': 'error'}, {'regex': <_sre.SRE_Pattern object at 0x0231C020>, 'level': 'warning'}, {'regex': <_sre.SRE_Pattern object at 0x02289D78>, 'level': 'debug'}, {'substr': 'command not found', 'level': 'error'}, {'regex': <_sre.SRE_Pattern object at 0x022CD758>, 'level': 'warning'}, {'substr': 'Traceback (most recent call last)', 'level': 'error'}, {'substr': 'SyntaxError: ', 'level': 'error'}, {'substr': 'TypeError: ', 'level': 'error'}, {'substr': 'NameError: ', 'level': 'error'}, {'substr': 'ZeroDivisionError: ', 'level': 'error'}, {'regex': <_sre.SRE_Pattern object at 0x004BAB20>, 'level': 'critical'}, {'regex': <_sre.SRE_Pattern object at 0x022EC660>, 'level': 'critical'}], 'cwd': 'C:\\slave\\test\\build', 'env': {'TMP': 'C:\\Users\\CLTBLD~1.001\\AppData\\Local\\Temp', 'TEST1': 'testie', 'COMPUTERNAME': 'T-W864-IX-035', 'USERDOMAIN': 'T-W864-IX-035', 'KTS_VERSION': '1.19c', 'PSMODULEPATH': 'C:\\windows\\system32\\WindowsPowerShell\\v1.0\\Modules\\', 'COMMONPROGRAMFILES': 'C:\\Program Files (x86)\\Common Files', 'PROCESSOR_IDENTIFIER': 'Intel64 Family 6 Model 30 Stepping 5, GenuineIntel', 'PROGRAMFILES': 'C:\\Program Files (x86)', 'PROCESSOR_REVISION': '1e05', 'DNSSUFFIX': 'wintest.releng.scl3.mozilla.com', 'SYSTEMROOT': 'C:\\windows', 'NO_EM_RESTART': '1', 'PROGRAMFILES(X86)': 'C:\\Program Files (x86)', 'OURDRIVE': 'C:', 'MOZ_HIDE_RESULTS_TABLE': '1', 'XPCOM_DEBUG_BREAK': 'warn', 'MONDIR': 'C:\\Monitor_config\\', 'TEMP': 'C:\\Users\\CLTBLD~1.001\\AppData\\Local\\Temp', 'COMMONPROGRAMFILES(X86)': 'C:\\Program Files (x86)\\Common Files', 'RUNLOGFILE': 'C:\\slave\\\\runslave.log', 'PROCESSOR_ARCHITECTURE': 'x86', 'ALLUSERSPROFILE': 'C:\\ProgramData', 'USERPROFILE': 'C:\\Users\\cltbld.T-W864-IX-035.001', 'LOCALAPPDATA': 'C:\\Users\\cltbld.T-W864-IX-035.001\\AppData\\Local', 'HOMEPATH': '\\Users\\cltbld.T-W864-IX-035.001', 'USERDOMAIN_ROAMINGPROFILE': 'T-W864-IX-035', 'MOZBUILDDIR': 'C:\\mozilla-build\\', 'PROGRAMW6432': 'C:\\Program Files', 'USERNAME': 'cltbld', 'LOGONSERVER': '\\\\T-W864-IX-035', 'MOZ_NO_REMOTE': '1', 'COMSPEC': 'C:\\windows\\system32\\cmd.exe', 'PROGRAMDATA': 'C:\\ProgramData', 'PROPERTIES_FILE': 'C:\\slave\\test/buildprops.json', 'PATH': 'C:\\Program Files (x86)\\NVIDIA Corporation\\PhysX\\Common;C:\\windows\\system32;C:\\windows;C:\\windows\\System32\\Wbem;C:\\windows\\System32\\WindowsPowerShell\\v1.0\\;C:\\mozilla-build\\python27;C:\\mozilla-build\\python27\\Scripts;C:\\mozilla-build\\msys\\bin;C:\\mozilla-build\\vim\\vim72;C:\\mozilla-build\\wget;C:\\mozilla-build\\info-zip;C:\\CoreUtils\\bin;C:\\mozilla-build\\buildbotve\\scripts;C:\\mozilla-build\\hg', 'PROMPT': '$P$G', 'NO_FAIL_ON_TEST_ERRORS': '1', 'PATHEXT': '.COM;.EXE;.BAT;.CMD;.VBS;.VBE;.JS;.JSE;.WSF;.WSH;.MSC', 'FP_NO_HOST_CHECK': 'NO', 'DCLOCATION': 'SCL3', 'APPDATA': 'C:\\Users\\cltbld.T-W864-IX-035.001\\AppData\\Roaming', 'HOMEDRIVE': 'C:', 'SYSTEMDRIVE': 'C:', 'SLAVEDIR': 'C:\\slave\\', 'NUMBER_OF_PROCESSORS': '8', 'PWD': 'C:\\slave\\test', 'PROCESSOR_LEVEL': '6', 'KTS_HOME': 'C:\\Program Files\\KTS', 'PROCESSOR_ARCHITEW6432': 'AMD64', 'MOZ_CRASHREPORTER_NO_REPORT': '1', 'COMMONPROGRAMW6432': 'C:\\Program Files\\Common Files', 'OS': 'Windows_NT', 'PUBLIC': 'C:\\Users\\Public', 'WINDIR': 'C:\\windows'}}, attempt #1
17:02:01     INFO - Running command: ['C:\\slave\\test\\build\\venv\\Scripts\\pip', 'install', '--timeout', '120', '--no-index', '--find-links', 'http://pypi.pvt.build.mozilla.org/pub', '--find-links', 'http://pypi.pub.build.mozilla.org/pub', '--trusted-host', 'pypi.pub.build.mozilla.org', '--trusted-host', 'pypi.pvt.build.mozilla.org', 'six==1.10.0'] in C:\slave\test\build
17:02:01     INFO - Copy/paste: C:\slave\test\build\venv\Scripts\pip install --timeout 120 --no-index --find-links http://pypi.pvt.build.mozilla.org/pub --find-links http://pypi.pub.build.mozilla.org/pub --trusted-host pypi.pub.build.mozilla.org --trusted-host pypi.pvt.build.mozilla.org six==1.10.0
17:02:01     INFO - Using env: {'ALLUSERSPROFILE': 'C:\\ProgramData',
17:02:01     INFO -  'APPDATA': 'C:\\Users\\cltbld.T-W864-IX-035.001\\AppData\\Roaming',
17:02:01     INFO -  'COMMONPROGRAMFILES': 'C:\\Program Files (x86)\\Common Files',
17:02:01     INFO -  'COMMONPROGRAMFILES(X86)': 'C:\\Program Files (x86)\\Common Files',
17:02:01     INFO -  'COMMONPROGRAMW6432': 'C:\\Program Files\\Common Files',
17:02:01     INFO -  'COMPUTERNAME': 'T-W864-IX-035',
17:02:01     INFO -  'COMSPEC': 'C:\\windows\\system32\\cmd.exe',
17:02:01     INFO -  'DCLOCATION': 'SCL3',
17:02:01     INFO -  'DNSSUFFIX': 'wintest.releng.scl3.mozilla.com',
17:02:01     INFO -  'FP_NO_HOST_CHECK': 'NO',
17:02:01     INFO -  'HOMEDRIVE': 'C:',
17:02:01     INFO -  'HOMEPATH': '\\Users\\cltbld.T-W864-IX-035.001',
17:02:01     INFO -  'KTS_HOME': 'C:\\Program Files\\KTS',
17:02:01     INFO -  'KTS_VERSION': '1.19c',
17:02:01     INFO -  'LOCALAPPDATA': 'C:\\Users\\cltbld.T-W864-IX-035.001\\AppData\\Local',
17:02:01     INFO -  'LOGONSERVER': '\\\\T-W864-IX-035',
17:02:01     INFO -  'MONDIR': 'C:\\Monitor_config\\',
17:02:01     INFO -  'MOZBUILDDIR': 'C:\\mozilla-build\\',
17:02:01     INFO -  'MOZ_CRASHREPORTER_NO_REPORT': '1',
17:02:01     INFO -  'MOZ_HIDE_RESULTS_TABLE': '1',
17:02:01     INFO -  'MOZ_NO_REMOTE': '1',
17:02:01     INFO -  'NO_EM_RESTART': '1',
17:02:01     INFO -  'NO_FAIL_ON_TEST_ERRORS': '1',
17:02:01     INFO -  'NUMBER_OF_PROCESSORS': '8',
17:02:01     INFO -  'OS': 'Windows_NT',
17:02:01     INFO -  'OURDRIVE': 'C:',
17:02:01     INFO -  'PATH': 'C:\\Program Files (x86)\\NVIDIA Corporation\\PhysX\\Common;C:\\windows\\system32;C:\\windows;C:\\windows\\System32\\Wbem;C:\\windows\\System32\\WindowsPowerShell\\v1.0\\;C:\\mozilla-build\\python27;C:\\mozilla-build\\python27\\Scripts;C:\\mozilla-build\\msys\\bin;C:\\mozilla-build\\vim\\vim72;C:\\mozilla-build\\wget;C:\\mozilla-build\\info-zip;C:\\CoreUtils\\bin;C:\\mozilla-build\\buildbotve\\scripts;C:\\mozilla-build\\hg',
17:02:01     INFO -  'PATHEXT': '.COM;.EXE;.BAT;.CMD;.VBS;.VBE;.JS;.JSE;.WSF;.WSH;.MSC',
17:02:01     INFO -  'PROCESSOR_ARCHITECTURE': 'x86',
17:02:01     INFO -  'PROCESSOR_ARCHITEW6432': 'AMD64',
17:02:01     INFO -  'PROCESSOR_IDENTIFIER': 'Intel64 Family 6 Model 30 Stepping 5, GenuineIntel',
17:02:01     INFO -  'PROCESSOR_LEVEL': '6',
17:02:01     INFO -  'PROCESSOR_REVISION': '1e05',
17:02:01     INFO -  'PROGRAMDATA': 'C:\\ProgramData',
17:02:01     INFO -  'PROGRAMFILES': 'C:\\Program Files (x86)',
17:02:01     INFO -  'PROGRAMFILES(X86)': 'C:\\Program Files (x86)',
17:02:01     INFO -  'PROGRAMW6432': 'C:\\Program Files',
17:02:01     INFO -  'PROMPT': '$P$G',
17:02:01     INFO -  'PROPERTIES_FILE': 'C:\\slave\\test/buildprops.json',
17:02:01     INFO -  'PSMODULEPATH': 'C:\\windows\\system32\\WindowsPowerShell\\v1.0\\Modules\\',
17:02:01     INFO -  'PUBLIC': 'C:\\Users\\Public',
17:02:01     INFO -  'PWD': 'C:\\slave\\test',
17:02:01     INFO -  'RUNLOGFILE': 'C:\\slave\\\\runslave.log',
17:02:01     INFO -  'SLAVEDIR': 'C:\\slave\\',
17:02:01     INFO -  'SYSTEMDRIVE': 'C:',
17:02:01     INFO -  'SYSTEMROOT': 'C:\\windows',
17:02:01     INFO -  'TEMP': 'C:\\Users\\CLTBLD~1.001\\AppData\\Local\\Temp',
17:02:01     INFO -  'TEST1': 'testie',
17:02:01     INFO -  'TMP': 'C:\\Users\\CLTBLD~1.001\\AppData\\Local\\Temp',
17:02:01     INFO -  'USERDOMAIN': 'T-W864-IX-035',
17:02:01     INFO -  'USERDOMAIN_ROAMINGPROFILE': 'T-W864-IX-035',
17:02:01     INFO -  'USERNAME': 'cltbld',
17:02:01     INFO -  'USERPROFILE': 'C:\\Users\\cltbld.T-W864-IX-035.001',
17:02:01     INFO -  'WINDIR': 'C:\\windows',
17:02:01     INFO -  'XPCOM_DEBUG_BREAK': 'warn'}
17:02:02     INFO -  Ignoring indexes: https://pypi.python.org/simple
17:02:02     INFO -  Collecting six==1.10.0
17:02:03     INFO -    Downloading http://pypi.pvt.build.mozilla.org/pub/six-1.10.0-py2.py3-none-any.whl
17:02:03     INFO -  Installing collected packages: six
17:02:03     INFO -  Successfully installed six-1.10.0
17:02:03     INFO - Return code: 0
17:02:03     INFO - Installing vcversioner==2.16.0.0 into virtualenv C:\slave\test\build\venv
17:02:03     INFO - retry: Calling run_command with args: [['C:\\slave\\test\\build\\venv\\Scripts\\pip', 'install', '--timeout', '120', '--no-index', '--find-links', 'http://pypi.pvt.build.mozilla.org/pub', '--find-links', 'http://pypi.pub.build.mozilla.org/pub', '--trusted-host', 'pypi.pub.build.mozilla.org', '--trusted-host', 'pypi.pvt.build.mozilla.org', 'vcversioner==2.16.0.0']], kwargs: {'error_level': 'warning', 'error_list': [{'substr': 'not found or a compiler error:', 'level': 'warning'}, {'regex': <_sre.SRE_Pattern object at 0x022223A0>, 'level': 'error'}, {'regex': <_sre.SRE_Pattern object at 0x0231C020>, 'level': 'warning'}, {'regex': <_sre.SRE_Pattern object at 0x02289D78>, 'level': 'debug'}, {'substr': 'command not found', 'level': 'error'}, {'regex': <_sre.SRE_Pattern object at 0x022CD758>, 'level': 'warning'}, {'substr': 'Traceback (most recent call last)', 'level': 'error'}, {'substr': 'SyntaxError: ', 'level': 'error'}, {'substr': 'TypeError: ', 'level': 'error'}, {'substr': 'NameError: ', 'level': 'error'}, {'substr': 'ZeroDivisionError: ', 'level': 'error'}, {'regex': <_sre.SRE_Pattern object at 0x004BAB20>, 'level': 'critical'}, {'regex': <_sre.SRE_Pattern object at 0x022EC660>, 'level': 'critical'}], 'cwd': 'C:\\slave\\test\\build', 'env': {'TMP': 'C:\\Users\\CLTBLD~1.001\\AppData\\Local\\Temp', 'TEST1': 'testie', 'COMPUTERNAME': 'T-W864-IX-035', 'USERDOMAIN': 'T-W864-IX-035', 'KTS_VERSION': '1.19c', 'PSMODULEPATH': 'C:\\windows\\system32\\WindowsPowerShell\\v1.0\\Modules\\', 'COMMONPROGRAMFILES': 'C:\\Program Files (x86)\\Common Files', 'PROCESSOR_IDENTIFIER': 'Intel64 Family 6 Model 30 Stepping 5, GenuineIntel', 'PROGRAMFILES': 'C:\\Program Files (x86)', 'PROCESSOR_REVISION': '1e05', 'DNSSUFFIX': 'wintest.releng.scl3.mozilla.com', 'SYSTEMROOT': 'C:\\windows', 'NO_EM_RESTART': '1', 'PROGRAMFILES(X86)': 'C:\\Program Files (x86)', 'OURDRIVE': 'C:', 'MOZ_HIDE_RESULTS_TABLE': '1', 'XPCOM_DEBUG_BREAK': 'warn', 'MONDIR': 'C:\\Monitor_config\\', 'TEMP': 'C:\\Users\\CLTBLD~1.001\\AppData\\Local\\Temp', 'COMMONPROGRAMFILES(X86)': 'C:\\Program Files (x86)\\Common Files', 'RUNLOGFILE': 'C:\\slave\\\\runslave.log', 'PROCESSOR_ARCHITECTURE': 'x86', 'ALLUSERSPROFILE': 'C:\\ProgramData', 'USERPROFILE': 'C:\\Users\\cltbld.T-W864-IX-035.001', 'LOCALAPPDATA': 'C:\\Users\\cltbld.T-W864-IX-035.001\\AppData\\Local', 'HOMEPATH': '\\Users\\cltbld.T-W864-IX-035.001', 'USERDOMAIN_ROAMINGPROFILE': 'T-W864-IX-035', 'MOZBUILDDIR': 'C:\\mozilla-build\\', 'PROGRAMW6432': 'C:\\Program Files', 'USERNAME': 'cltbld', 'LOGONSERVER': '\\\\T-W864-IX-035', 'MOZ_NO_REMOTE': '1', 'COMSPEC': 'C:\\windows\\system32\\cmd.exe', 'PROGRAMDATA': 'C:\\ProgramData', 'PROPERTIES_FILE': 'C:\\slave\\test/buildprops.json', 'PATH': 'C:\\Program Files (x86)\\NVIDIA Corporation\\PhysX\\Common;C:\\windows\\system32;C:\\windows;C:\\windows\\System32\\Wbem;C:\\windows\\System32\\WindowsPowerShell\\v1.0\\;C:\\mozilla-build\\python27;C:\\mozilla-build\\python27\\Scripts;C:\\mozilla-build\\msys\\bin;C:\\mozilla-build\\vim\\vim72;C:\\mozilla-build\\wget;C:\\mozilla-build\\info-zip;C:\\CoreUtils\\bin;C:\\mozilla-build\\buildbotve\\scripts;C:\\mozilla-build\\hg', 'PROMPT': '$P$G', 'NO_FAIL_ON_TEST_ERRORS': '1', 'PATHEXT': '.COM;.EXE;.BAT;.CMD;.VBS;.VBE;.JS;.JSE;.WSF;.WSH;.MSC', 'FP_NO_HOST_CHECK': 'NO', 'DCLOCATION': 'SCL3', 'APPDATA': 'C:\\Users\\cltbld.T-W864-IX-035.001\\AppData\\Roaming', 'HOMEDRIVE': 'C:', 'SYSTEMDRIVE': 'C:', 'SLAVEDIR': 'C:\\slave\\', 'NUMBER_OF_PROCESSORS': '8', 'PWD': 'C:\\slave\\test', 'PROCESSOR_LEVEL': '6', 'KTS_HOME': 'C:\\Program Files\\KTS', 'PROCESSOR_ARCHITEW6432': 'AMD64', 'MOZ_CRASHREPORTER_NO_REPORT': '1', 'COMMONPROGRAMW6432': 'C:\\Program Files\\Common Files', 'OS': 'Windows_NT', 'PUBLIC': 'C:\\Users\\Public', 'WINDIR': 'C:\\windows'}}, attempt #1
17:02:03     INFO - Running command: ['C:\\slave\\test\\build\\venv\\Scripts\\pip', 'install', '--timeout', '120', '--no-index', '--find-links', 'http://pypi.pvt.build.mozilla.org/pub', '--find-links', 'http://pypi.pub.build.mozilla.org/pub', '--trusted-host', 'pypi.pub.build.mozilla.org', '--trusted-host', 'pypi.pvt.build.mozilla.org', 'vcversioner==2.16.0.0'] in C:\slave\test\build
17:02:03     INFO - Copy/paste: C:\slave\test\build\venv\Scripts\pip install --timeout 120 --no-index --find-links http://pypi.pvt.build.mozilla.org/pub --find-links http://pypi.pub.build.mozilla.org/pub --trusted-host pypi.pub.build.mozilla.org --trusted-host pypi.pvt.build.mozilla.org vcversioner==2.16.0.0
17:02:03     INFO - Using env: {'ALLUSERSPROFILE': 'C:\\ProgramData',
17:02:03     INFO -  'APPDATA': 'C:\\Users\\cltbld.T-W864-IX-035.001\\AppData\\Roaming',
17:02:03     INFO -  'COMMONPROGRAMFILES': 'C:\\Program Files (x86)\\Common Files',
17:02:03     INFO -  'COMMONPROGRAMFILES(X86)': 'C:\\Program Files (x86)\\Common Files',
17:02:03     INFO -  'COMMONPROGRAMW6432': 'C:\\Program Files\\Common Files',
17:02:03     INFO -  'COMPUTERNAME': 'T-W864-IX-035',
17:02:03     INFO -  'COMSPEC': 'C:\\windows\\system32\\cmd.exe',
17:02:03     INFO -  'DCLOCATION': 'SCL3',
17:02:03     INFO -  'DNSSUFFIX': 'wintest.releng.scl3.mozilla.com',
17:02:03     INFO -  'FP_NO_HOST_CHECK': 'NO',
17:02:03     INFO -  'HOMEDRIVE': 'C:',
17:02:03     INFO -  'HOMEPATH': '\\Users\\cltbld.T-W864-IX-035.001',
17:02:03     INFO -  'KTS_HOME': 'C:\\Program Files\\KTS',
17:02:03     INFO -  'KTS_VERSION': '1.19c',
17:02:03     INFO -  'LOCALAPPDATA': 'C:\\Users\\cltbld.T-W864-IX-035.001\\AppData\\Local',
17:02:03     INFO -  'LOGONSERVER': '\\\\T-W864-IX-035',
17:02:03     INFO -  'MONDIR': 'C:\\Monitor_config\\',
17:02:03     INFO -  'MOZBUILDDIR': 'C:\\mozilla-build\\',
17:02:03     INFO -  'MOZ_CRASHREPORTER_NO_REPORT': '1',
17:02:03     INFO -  'MOZ_HIDE_RESULTS_TABLE': '1',
17:02:03     INFO -  'MOZ_NO_REMOTE': '1',
17:02:03     INFO -  'NO_EM_RESTART': '1',
17:02:03     INFO -  'NO_FAIL_ON_TEST_ERRORS': '1',
17:02:03     INFO -  'NUMBER_OF_PROCESSORS': '8',
17:02:03     INFO -  'OS': 'Windows_NT',
17:02:03     INFO -  'OURDRIVE': 'C:',
17:02:03     INFO -  'PATH': 'C:\\Program Files (x86)\\NVIDIA Corporation\\PhysX\\Common;C:\\windows\\system32;C:\\windows;C:\\windows\\System32\\Wbem;C:\\windows\\System32\\WindowsPowerShell\\v1.0\\;C:\\mozilla-build\\python27;C:\\mozilla-build\\python27\\Scripts;C:\\mozilla-build\\msys\\bin;C:\\mozilla-build\\vim\\vim72;C:\\mozilla-build\\wget;C:\\mozilla-build\\info-zip;C:\\CoreUtils\\bin;C:\\mozilla-build\\buildbotve\\scripts;C:\\mozilla-build\\hg',
17:02:03     INFO -  'PATHEXT': '.COM;.EXE;.BAT;.CMD;.VBS;.VBE;.JS;.JSE;.WSF;.WSH;.MSC',
17:02:03     INFO -  'PROCESSOR_ARCHITECTURE': 'x86',
17:02:03     INFO -  'PROCESSOR_ARCHITEW6432': 'AMD64',
17:02:03     INFO -  'PROCESSOR_IDENTIFIER': 'Intel64 Family 6 Model 30 Stepping 5, GenuineIntel',
17:02:03     INFO -  'PROCESSOR_LEVEL': '6',
17:02:03     INFO -  'PROCESSOR_REVISION': '1e05',
17:02:03     INFO -  'PROGRAMDATA': 'C:\\ProgramData',
17:02:03     INFO -  'PROGRAMFILES': 'C:\\Program Files (x86)',
17:02:03     INFO -  'PROGRAMFILES(X86)': 'C:\\Program Files (x86)',
17:02:03     INFO -  'PROGRAMW6432': 'C:\\Program Files',
17:02:03     INFO -  'PROMPT': '$P$G',
17:02:03     INFO -  'PROPERTIES_FILE': 'C:\\slave\\test/buildprops.json',
17:02:03     INFO -  'PSMODULEPATH': 'C:\\windows\\system32\\WindowsPowerShell\\v1.0\\Modules\\',
17:02:03     INFO -  'PUBLIC': 'C:\\Users\\Public',
17:02:03     INFO -  'PWD': 'C:\\slave\\test',
17:02:03     INFO -  'RUNLOGFILE': 'C:\\slave\\\\runslave.log',
17:02:03     INFO -  'SLAVEDIR': 'C:\\slave\\',
17:02:03     INFO -  'SYSTEMDRIVE': 'C:',
17:02:03     INFO -  'SYSTEMROOT': 'C:\\windows',
17:02:03     INFO -  'TEMP': 'C:\\Users\\CLTBLD~1.001\\AppData\\Local\\Temp',
17:02:03     INFO -  'TEST1': 'testie',
17:02:03     INFO -  'TMP': 'C:\\Users\\CLTBLD~1.001\\AppData\\Local\\Temp',
17:02:03     INFO -  'USERDOMAIN': 'T-W864-IX-035',
17:02:03     INFO -  'USERDOMAIN_ROAMINGPROFILE': 'T-W864-IX-035',
17:02:03     INFO -  'USERNAME': 'cltbld',
17:02:03     INFO -  'USERPROFILE': 'C:\\Users\\cltbld.T-W864-IX-035.001',
17:02:03     INFO -  'WINDIR': 'C:\\windows',
17:02:03     INFO -  'XPCOM_DEBUG_BREAK': 'warn'}
17:02:03     INFO -  Ignoring indexes: https://pypi.python.org/simple
17:02:03     INFO -  Collecting vcversioner==2.16.0.0
17:02:05     INFO -  Installing collected packages: vcversioner
17:02:05     INFO -  Successfully installed vcversioner-2.16.0.0
17:02:05     INFO - Return code: 0
17:02:05     INFO - Installing psutil>=3.1.1 into virtualenv C:\slave\test\build\venv
17:02:05     INFO - retry: Calling run_command with args: [['C:\\slave\\test\\build\\venv\\Scripts\\pip', 'install', '--timeout', '120', '--no-index', '--find-links', 'http://pypi.pvt.build.mozilla.org/pub', '--find-links', 'http://pypi.pub.build.mozilla.org/pub', '--trusted-host', 'pypi.pub.build.mozilla.org', '--trusted-host', 'pypi.pvt.build.mozilla.org', 'psutil>=3.1.1']], kwargs: {'error_level': 'warning', 'error_list': [{'substr': 'not found or a compiler error:', 'level': 'warning'}, {'regex': <_sre.SRE_Pattern object at 0x022223A0>, 'level': 'error'}, {'regex': <_sre.SRE_Pattern object at 0x0231C020>, 'level': 'warning'}, {'regex': <_sre.SRE_Pattern object at 0x02289D78>, 'level': 'debug'}, {'substr': 'command not found', 'level': 'error'}, {'regex': <_sre.SRE_Pattern object at 0x022CD758>, 'level': 'warning'}, {'substr': 'Traceback (most recent call last)', 'level': 'error'}, {'substr': 'SyntaxError: ', 'level': 'error'}, {'substr': 'TypeError: ', 'level': 'error'}, {'substr': 'NameError: ', 'level': 'error'}, {'substr': 'ZeroDivisionError: ', 'level': 'error'}, {'regex': <_sre.SRE_Pattern object at 0x004BAB20>, 'level': 'critical'}, {'regex': <_sre.SRE_Pattern object at 0x022EC660>, 'level': 'critical'}], 'cwd': 'C:\\slave\\test\\build', 'env': {'TMP': 'C:\\Users\\CLTBLD~1.001\\AppData\\Local\\Temp', 'TEST1': 'testie', 'COMPUTERNAME': 'T-W864-IX-035', 'USERDOMAIN': 'T-W864-IX-035', 'KTS_VERSION': '1.19c', 'PSMODULEPATH': 'C:\\windows\\system32\\WindowsPowerShell\\v1.0\\Modules\\', 'COMMONPROGRAMFILES': 'C:\\Program Files (x86)\\Common Files', 'PROCESSOR_IDENTIFIER': 'Intel64 Family 6 Model 30 Stepping 5, GenuineIntel', 'PROGRAMFILES': 'C:\\Program Files (x86)', 'PROCESSOR_REVISION': '1e05', 'DNSSUFFIX': 'wintest.releng.scl3.mozilla.com', 'SYSTEMROOT': 'C:\\windows', 'NO_EM_RESTART': '1', 'PROGRAMFILES(X86)': 'C:\\Program Files (x86)', 'OURDRIVE': 'C:', 'MOZ_HIDE_RESULTS_TABLE': '1', 'XPCOM_DEBUG_BREAK': 'warn', 'MONDIR': 'C:\\Monitor_config\\', 'TEMP': 'C:\\Users\\CLTBLD~1.001\\AppData\\Local\\Temp', 'COMMONPROGRAMFILES(X86)': 'C:\\Program Files (x86)\\Common Files', 'RUNLOGFILE': 'C:\\slave\\\\runslave.log', 'PROCESSOR_ARCHITECTURE': 'x86', 'ALLUSERSPROFILE': 'C:\\ProgramData', 'USERPROFILE': 'C:\\Users\\cltbld.T-W864-IX-035.001', 'LOCALAPPDATA': 'C:\\Users\\cltbld.T-W864-IX-035.001\\AppData\\Local', 'HOMEPATH': '\\Users\\cltbld.T-W864-IX-035.001', 'USERDOMAIN_ROAMINGPROFILE': 'T-W864-IX-035', 'MOZBUILDDIR': 'C:\\mozilla-build\\', 'PROGRAMW6432': 'C:\\Program Files', 'USERNAME': 'cltbld', 'LOGONSERVER': '\\\\T-W864-IX-035', 'MOZ_NO_REMOTE': '1', 'COMSPEC': 'C:\\windows\\system32\\cmd.exe', 'PROGRAMDATA': 'C:\\ProgramData', 'PROPERTIES_FILE': 'C:\\slave\\test/buildprops.json', 'PATH': 'C:\\Program Files (x86)\\NVIDIA Corporation\\PhysX\\Common;C:\\windows\\system32;C:\\windows;C:\\windows\\System32\\Wbem;C:\\windows\\System32\\WindowsPowerShell\\v1.0\\;C:\\mozilla-build\\python27;C:\\mozilla-build\\python27\\Scripts;C:\\mozilla-build\\msys\\bin;C:\\mozilla-build\\vim\\vim72;C:\\mozilla-build\\wget;C:\\mozilla-build\\info-zip;C:\\CoreUtils\\bin;C:\\mozilla-build\\buildbotve\\scripts;C:\\mozilla-build\\hg', 'PROMPT': '$P$G', 'NO_FAIL_ON_TEST_ERRORS': '1', 'PATHEXT': '.COM;.EXE;.BAT;.CMD;.VBS;.VBE;.JS;.JSE;.WSF;.WSH;.MSC', 'FP_NO_HOST_CHECK': 'NO', 'DCLOCATION': 'SCL3', 'APPDATA': 'C:\\Users\\cltbld.T-W864-IX-035.001\\AppData\\Roaming', 'HOMEDRIVE': 'C:', 'SYSTEMDRIVE': 'C:', 'SLAVEDIR': 'C:\\slave\\', 'NUMBER_OF_PROCESSORS': '8', 'PWD': 'C:\\slave\\test', 'PROCESSOR_LEVEL': '6', 'KTS_HOME': 'C:\\Program Files\\KTS', 'PROCESSOR_ARCHITEW6432': 'AMD64', 'MOZ_CRASHREPORTER_NO_REPORT': '1', 'COMMONPROGRAMW6432': 'C:\\Program Files\\Common Files', 'OS': 'Windows_NT', 'PUBLIC': 'C:\\Users\\Public', 'WINDIR': 'C:\\windows'}}, attempt #1
17:02:05     INFO - Running command: ['C:\\slave\\test\\build\\venv\\Scripts\\pip', 'install', '--timeout', '120', '--no-index', '--find-links', 'http://pypi.pvt.build.mozilla.org/pub', '--find-links', 'http://pypi.pub.build.mozilla.org/pub', '--trusted-host', 'pypi.pub.build.mozilla.org', '--trusted-host', 'pypi.pvt.build.mozilla.org', 'psutil>=3.1.1'] in C:\slave\test\build
17:02:05     INFO - Copy/paste: C:\slave\test\build\venv\Scripts\pip install --timeout 120 --no-index --find-links http://pypi.pvt.build.mozilla.org/pub --find-links http://pypi.pub.build.mozilla.org/pub --trusted-host pypi.pub.build.mozilla.org --trusted-host pypi.pvt.build.mozilla.org psutil>=3.1.1
17:02:05     INFO - Using env: {'ALLUSERSPROFILE': 'C:\\ProgramData',
17:02:05     INFO -  'APPDATA': 'C:\\Users\\cltbld.T-W864-IX-035.001\\AppData\\Roaming',
17:02:05     INFO -  'COMMONPROGRAMFILES': 'C:\\Program Files (x86)\\Common Files',
17:02:05     INFO -  'COMMONPROGRAMFILES(X86)': 'C:\\Program Files (x86)\\Common Files',
17:02:05     INFO -  'COMMONPROGRAMW6432': 'C:\\Program Files\\Common Files',
17:02:05     INFO -  'COMPUTERNAME': 'T-W864-IX-035',
17:02:05     INFO -  'COMSPEC': 'C:\\windows\\system32\\cmd.exe',
17:02:05     INFO -  'DCLOCATION': 'SCL3',
17:02:05     INFO -  'DNSSUFFIX': 'wintest.releng.scl3.mozilla.com',
17:02:05     INFO -  'FP_NO_HOST_CHECK': 'NO',
17:02:05     INFO -  'HOMEDRIVE': 'C:',
17:02:05     INFO -  'HOMEPATH': '\\Users\\cltbld.T-W864-IX-035.001',
17:02:05     INFO -  'KTS_HOME': 'C:\\Program Files\\KTS',
17:02:05     INFO -  'KTS_VERSION': '1.19c',
17:02:05     INFO -  'LOCALAPPDATA': 'C:\\Users\\cltbld.T-W864-IX-035.001\\AppData\\Local',
17:02:05     INFO -  'LOGONSERVER': '\\\\T-W864-IX-035',
17:02:05     INFO -  'MONDIR': 'C:\\Monitor_config\\',
17:02:05     INFO -  'MOZBUILDDIR': 'C:\\mozilla-build\\',
17:02:05     INFO -  'MOZ_CRASHREPORTER_NO_REPORT': '1',
17:02:05     INFO -  'MOZ_HIDE_RESULTS_TABLE': '1',
17:02:05     INFO -  'MOZ_NO_REMOTE': '1',
17:02:05     INFO -  'NO_EM_RESTART': '1',
17:02:05     INFO -  'NO_FAIL_ON_TEST_ERRORS': '1',
17:02:05     INFO -  'NUMBER_OF_PROCESSORS': '8',
17:02:05     INFO -  'OS': 'Windows_NT',
17:02:05     INFO -  'OURDRIVE': 'C:',
17:02:05     INFO -  'PATH': 'C:\\Program Files (x86)\\NVIDIA Corporation\\PhysX\\Common;C:\\windows\\system32;C:\\windows;C:\\windows\\System32\\Wbem;C:\\windows\\System32\\WindowsPowerShell\\v1.0\\;C:\\mozilla-build\\python27;C:\\mozilla-build\\python27\\Scripts;C:\\mozilla-build\\msys\\bin;C:\\mozilla-build\\vim\\vim72;C:\\mozilla-build\\wget;C:\\mozilla-build\\info-zip;C:\\CoreUtils\\bin;C:\\mozilla-build\\buildbotve\\scripts;C:\\mozilla-build\\hg',
17:02:05     INFO -  'PATHEXT': '.COM;.EXE;.BAT;.CMD;.VBS;.VBE;.JS;.JSE;.WSF;.WSH;.MSC',
17:02:05     INFO -  'PROCESSOR_ARCHITECTURE': 'x86',
17:02:05     INFO -  'PROCESSOR_ARCHITEW6432': 'AMD64',
17:02:05     INFO -  'PROCESSOR_IDENTIFIER': 'Intel64 Family 6 Model 30 Stepping 5, GenuineIntel',
17:02:05     INFO -  'PROCESSOR_LEVEL': '6',
17:02:05     INFO -  'PROCESSOR_REVISION': '1e05',
17:02:05     INFO -  'PROGRAMDATA': 'C:\\ProgramData',
17:02:05     INFO -  'PROGRAMFILES': 'C:\\Program Files (x86)',
17:02:05     INFO -  'PROGRAMFILES(X86)': 'C:\\Program Files (x86)',
17:02:05     INFO -  'PROGRAMW6432': 'C:\\Program Files',
17:02:05     INFO -  'PROMPT': '$P$G',
17:02:05     INFO -  'PROPERTIES_FILE': 'C:\\slave\\test/buildprops.json',
17:02:05     INFO -  'PSMODULEPATH': 'C:\\windows\\system32\\WindowsPowerShell\\v1.0\\Modules\\',
17:02:05     INFO -  'PUBLIC': 'C:\\Users\\Public',
17:02:05     INFO -  'PWD': 'C:\\slave\\test',
17:02:05     INFO -  'RUNLOGFILE': 'C:\\slave\\\\runslave.log',
17:02:05     INFO -  'SLAVEDIR': 'C:\\slave\\',
17:02:05     INFO -  'SYSTEMDRIVE': 'C:',
17:02:05     INFO -  'SYSTEMROOT': 'C:\\windows',
17:02:05     INFO -  'TEMP': 'C:\\Users\\CLTBLD~1.001\\AppData\\Local\\Temp',
17:02:05     INFO -  'TEST1': 'testie',
17:02:05     INFO -  'TMP': 'C:\\Users\\CLTBLD~1.001\\AppData\\Local\\Temp',
17:02:05     INFO -  'USERDOMAIN': 'T-W864-IX-035',
17:02:05     INFO -  'USERDOMAIN_ROAMINGPROFILE': 'T-W864-IX-035',
17:02:05     INFO -  'USERNAME': 'cltbld',
17:02:05     INFO -  'USERPROFILE': 'C:\\Users\\cltbld.T-W864-IX-035.001',
17:02:05     INFO -  'WINDIR': 'C:\\windows',
17:02:05     INFO -  'XPCOM_DEBUG_BREAK': 'warn'}
17:02:05     INFO -  Ignoring indexes: https://pypi.python.org/simple
17:02:05     INFO -  Collecting psutil>=3.1.1
17:02:06     INFO -    Downloading http://pypi.pvt.build.mozilla.org/pub/psutil-5.4.3-cp27-none-win32.whl (220kB)
17:02:06     INFO -  Installing collected packages: psutil
17:02:07     INFO -  Successfully installed psutil-5.4.3
17:02:07     INFO - Return code: 0
17:02:07     INFO - Installing mozsystemmonitor==0.3 into virtualenv C:\slave\test\build\venv
17:02:07     INFO - retry: Calling run_command with args: [['C:\\slave\\test\\build\\venv\\Scripts\\pip', 'install', '--timeout', '120', '--no-index', '--find-links', 'http://pypi.pvt.build.mozilla.org/pub', '--find-links', 'http://pypi.pub.build.mozilla.org/pub', '--trusted-host', 'pypi.pub.build.mozilla.org', '--trusted-host', 'pypi.pvt.build.mozilla.org', 'mozsystemmonitor==0.3']], kwargs: {'error_level': 'warning', 'error_list': [{'substr': 'not found or a compiler error:', 'level': 'warning'}, {'regex': <_sre.SRE_Pattern object at 0x022223A0>, 'level': 'error'}, {'regex': <_sre.SRE_Pattern object at 0x0231C020>, 'level': 'warning'}, {'regex': <_sre.SRE_Pattern object at 0x02289D78>, 'level': 'debug'}, {'substr': 'command not found', 'level': 'error'}, {'regex': <_sre.SRE_Pattern object at 0x022CD758>, 'level': 'warning'}, {'substr': 'Traceback (most recent call last)', 'level': 'error'}, {'substr': 'SyntaxError: ', 'level': 'error'}, {'substr': 'TypeError: ', 'level': 'error'}, {'substr': 'NameError: ', 'level': 'error'}, {'substr': 'ZeroDivisionError: ', 'level': 'error'}, {'regex': <_sre.SRE_Pattern object at 0x004BAB20>, 'level': 'critical'}, {'regex': <_sre.SRE_Pattern object at 0x022EC660>, 'level': 'critical'}], 'cwd': 'C:\\slave\\test\\build', 'env': {'TMP': 'C:\\Users\\CLTBLD~1.001\\AppData\\Local\\Temp', 'TEST1': 'testie', 'COMPUTERNAME': 'T-W864-IX-035', 'USERDOMAIN': 'T-W864-IX-035', 'KTS_VERSION': '1.19c', 'PSMODULEPATH': 'C:\\windows\\system32\\WindowsPowerShell\\v1.0\\Modules\\', 'COMMONPROGRAMFILES': 'C:\\Program Files (x86)\\Common Files', 'PROCESSOR_IDENTIFIER': 'Intel64 Family 6 Model 30 Stepping 5, GenuineIntel', 'PROGRAMFILES': 'C:\\Program Files (x86)', 'PROCESSOR_REVISION': '1e05', 'DNSSUFFIX': 'wintest.releng.scl3.mozilla.com', 'SYSTEMROOT': 'C:\\windows', 'NO_EM_RESTART': '1', 'PROGRAMFILES(X86)': 'C:\\Program Files (x86)', 'OURDRIVE': 'C:', 'MOZ_HIDE_RESULTS_TABLE': '1', 'XPCOM_DEBUG_BREAK': 'warn', 'MONDIR': 'C:\\Monitor_config\\', 'TEMP': 'C:\\Users\\CLTBLD~1.001\\AppData\\Local\\Temp', 'COMMONPROGRAMFILES(X86)': 'C:\\Program Files (x86)\\Common Files', 'RUNLOGFILE': 'C:\\slave\\\\runslave.log', 'PROCESSOR_ARCHITECTURE': 'x86', 'ALLUSERSPROFILE': 'C:\\ProgramData', 'USERPROFILE': 'C:\\Users\\cltbld.T-W864-IX-035.001', 'LOCALAPPDATA': 'C:\\Users\\cltbld.T-W864-IX-035.001\\AppData\\Local', 'HOMEPATH': '\\Users\\cltbld.T-W864-IX-035.001', 'USERDOMAIN_ROAMINGPROFILE': 'T-W864-IX-035', 'MOZBUILDDIR': 'C:\\mozilla-build\\', 'PROGRAMW6432': 'C:\\Program Files', 'USERNAME': 'cltbld', 'LOGONSERVER': '\\\\T-W864-IX-035', 'MOZ_NO_REMOTE': '1', 'COMSPEC': 'C:\\windows\\system32\\cmd.exe', 'PROGRAMDATA': 'C:\\ProgramData', 'PROPERTIES_FILE': 'C:\\slave\\test/buildprops.json', 'PATH': 'C:\\Program Files (x86)\\NVIDIA Corporation\\PhysX\\Common;C:\\windows\\system32;C:\\windows;C:\\windows\\System32\\Wbem;C:\\windows\\System32\\WindowsPowerShell\\v1.0\\;C:\\mozilla-build\\python27;C:\\mozilla-build\\python27\\Scripts;C:\\mozilla-build\\msys\\bin;C:\\mozilla-build\\vim\\vim72;C:\\mozilla-build\\wget;C:\\mozilla-build\\info-zip;C:\\CoreUtils\\bin;C:\\mozilla-build\\buildbotve\\scripts;C:\\mozilla-build\\hg', 'PROMPT': '$P$G', 'NO_FAIL_ON_TEST_ERRORS': '1', 'PATHEXT': '.COM;.EXE;.BAT;.CMD;.VBS;.VBE;.JS;.JSE;.WSF;.WSH;.MSC', 'FP_NO_HOST_CHECK': 'NO', 'DCLOCATION': 'SCL3', 'APPDATA': 'C:\\Users\\cltbld.T-W864-IX-035.001\\AppData\\Roaming', 'HOMEDRIVE': 'C:', 'SYSTEMDRIVE': 'C:', 'SLAVEDIR': 'C:\\slave\\', 'NUMBER_OF_PROCESSORS': '8', 'PWD': 'C:\\slave\\test', 'PROCESSOR_LEVEL': '6', 'KTS_HOME': 'C:\\Program Files\\KTS', 'PROCESSOR_ARCHITEW6432': 'AMD64', 'MOZ_CRASHREPORTER_NO_REPORT': '1', 'COMMONPROGRAMW6432': 'C:\\Program Files\\Common Files', 'OS': 'Windows_NT', 'PUBLIC': 'C:\\Users\\Public', 'WINDIR': 'C:\\windows'}}, attempt #1
17:02:07     INFO - Running command: ['C:\\slave\\test\\build\\venv\\Scripts\\pip', 'install', '--timeout', '120', '--no-index', '--find-links', 'http://pypi.pvt.build.mozilla.org/pub', '--find-links', 'http://pypi.pub.build.mozilla.org/pub', '--trusted-host', 'pypi.pub.build.mozilla.org', '--trusted-host', 'pypi.pvt.build.mozilla.org', 'mozsystemmonitor==0.3'] in C:\slave\test\build
17:02:07     INFO - Copy/paste: C:\slave\test\build\venv\Scripts\pip install --timeout 120 --no-index --find-links http://pypi.pvt.build.mozilla.org/pub --find-links http://pypi.pub.build.mozilla.org/pub --trusted-host pypi.pub.build.mozilla.org --trusted-host pypi.pvt.build.mozilla.org mozsystemmonitor==0.3
17:02:07     INFO - Using env: {'ALLUSERSPROFILE': 'C:\\ProgramData',
17:02:07     INFO -  'APPDATA': 'C:\\Users\\cltbld.T-W864-IX-035.001\\AppData\\Roaming',
17:02:07     INFO -  'COMMONPROGRAMFILES': 'C:\\Program Files (x86)\\Common Files',
17:02:07     INFO -  'COMMONPROGRAMFILES(X86)': 'C:\\Program Files (x86)\\Common Files',
17:02:07     INFO -  'COMMONPROGRAMW6432': 'C:\\Program Files\\Common Files',
17:02:07     INFO -  'COMPUTERNAME': 'T-W864-IX-035',
17:02:07     INFO -  'COMSPEC': 'C:\\windows\\system32\\cmd.exe',
17:02:07     INFO -  'DCLOCATION': 'SCL3',
17:02:07     INFO -  'DNSSUFFIX': 'wintest.releng.scl3.mozilla.com',
17:02:07     INFO -  'FP_NO_HOST_CHECK': 'NO',
17:02:07     INFO -  'HOMEDRIVE': 'C:',
17:02:07     INFO -  'HOMEPATH': '\\Users\\cltbld.T-W864-IX-035.001',
17:02:07     INFO -  'KTS_HOME': 'C:\\Program Files\\KTS',
17:02:07     INFO -  'KTS_VERSION': '1.19c',
17:02:07     INFO -  'LOCALAPPDATA': 'C:\\Users\\cltbld.T-W864-IX-035.001\\AppData\\Local',
17:02:07     INFO -  'LOGONSERVER': '\\\\T-W864-IX-035',
17:02:07     INFO -  'MONDIR': 'C:\\Monitor_config\\',
17:02:07     INFO -  'MOZBUILDDIR': 'C:\\mozilla-build\\',
17:02:07     INFO -  'MOZ_CRASHREPORTER_NO_REPORT': '1',
17:02:07     INFO -  'MOZ_HIDE_RESULTS_TABLE': '1',
17:02:07     INFO -  'MOZ_NO_REMOTE': '1',
17:02:07     INFO -  'NO_EM_RESTART': '1',
17:02:07     INFO -  'NO_FAIL_ON_TEST_ERRORS': '1',
17:02:07     INFO -  'NUMBER_OF_PROCESSORS': '8',
17:02:07     INFO -  'OS': 'Windows_NT',
17:02:07     INFO -  'OURDRIVE': 'C:',
17:02:07     INFO -  'PATH': 'C:\\Program Files (x86)\\NVIDIA Corporation\\PhysX\\Common;C:\\windows\\system32;C:\\windows;C:\\windows\\System32\\Wbem;C:\\windows\\System32\\WindowsPowerShell\\v1.0\\;C:\\mozilla-build\\python27;C:\\mozilla-build\\python27\\Scripts;C:\\mozilla-build\\msys\\bin;C:\\mozilla-build\\vim\\vim72;C:\\mozilla-build\\wget;C:\\mozilla-build\\info-zip;C:\\CoreUtils\\bin;C:\\mozilla-build\\buildbotve\\scripts;C:\\mozilla-build\\hg',
17:02:07     INFO -  'PATHEXT': '.COM;.EXE;.BAT;.CMD;.VBS;.VBE;.JS;.JSE;.WSF;.WSH;.MSC',
17:02:07     INFO -  'PROCESSOR_ARCHITECTURE': 'x86',
17:02:07     INFO -  'PROCESSOR_ARCHITEW6432': 'AMD64',
17:02:07     INFO -  'PROCESSOR_IDENTIFIER': 'Intel64 Family 6 Model 30 Stepping 5, GenuineIntel',
17:02:07     INFO -  'PROCESSOR_LEVEL': '6',
17:02:07     INFO -  'PROCESSOR_REVISION': '1e05',
17:02:07     INFO -  'PROGRAMDATA': 'C:\\ProgramData',
17:02:07     INFO -  'PROGRAMFILES': 'C:\\Program Files (x86)',
17:02:07     INFO -  'PROGRAMFILES(X86)': 'C:\\Program Files (x86)',
17:02:07     INFO -  'PROGRAMW6432': 'C:\\Program Files',
17:02:07     INFO -  'PROMPT': '$P$G',
17:02:07     INFO -  'PROPERTIES_FILE': 'C:\\slave\\test/buildprops.json',
17:02:07     INFO -  'PSMODULEPATH': 'C:\\windows\\system32\\WindowsPowerShell\\v1.0\\Modules\\',
17:02:07     INFO -  'PUBLIC': 'C:\\Users\\Public',
17:02:07     INFO -  'PWD': 'C:\\slave\\test',
17:02:07     INFO -  'RUNLOGFILE': 'C:\\slave\\\\runslave.log',
17:02:07     INFO -  'SLAVEDIR': 'C:\\slave\\',
17:02:07     INFO -  'SYSTEMDRIVE': 'C:',
17:02:07     INFO -  'SYSTEMROOT': 'C:\\windows',
17:02:07     INFO -  'TEMP': 'C:\\Users\\CLTBLD~1.001\\AppData\\Local\\Temp',
17:02:07     INFO -  'TEST1': 'testie',
17:02:07     INFO -  'TMP': 'C:\\Users\\CLTBLD~1.001\\AppData\\Local\\Temp',
17:02:07     INFO -  'USERDOMAIN': 'T-W864-IX-035',
17:02:07     INFO -  'USERDOMAIN_ROAMINGPROFILE': 'T-W864-IX-035',
17:02:07     INFO -  'USERNAME': 'cltbld',
17:02:07     INFO -  'USERPROFILE': 'C:\\Users\\cltbld.T-W864-IX-035.001',
17:02:07     INFO -  'WINDIR': 'C:\\windows',
17:02:07     INFO -  'XPCOM_DEBUG_BREAK': 'warn'}
17:02:07     INFO -  Ignoring indexes: https://pypi.python.org/simple
17:02:07     INFO -  Collecting mozsystemmonitor==0.3
17:02:08     INFO -  Requirement already satisfied (use --upgrade to upgrade): psutil>=3.1.1 in c:\slave\test\build\venv\lib\site-packages (from mozsystemmonitor==0.3)
17:02:08     INFO -  Installing collected packages: mozsystemmonitor
17:02:09     INFO -  Successfully installed mozsystemmonitor-0.3
17:02:09     INFO - Return code: 0
17:02:09     INFO - Installing jsonschema==2.5.1 into virtualenv C:\slave\test\build\venv
17:02:09     INFO - retry: Calling run_command with args: [['C:\\slave\\test\\build\\venv\\Scripts\\pip', 'install', '--timeout', '120', '--no-index', '--find-links', 'http://pypi.pvt.build.mozilla.org/pub', '--find-links', 'http://pypi.pub.build.mozilla.org/pub', '--trusted-host', 'pypi.pub.build.mozilla.org', '--trusted-host', 'pypi.pvt.build.mozilla.org', 'jsonschema==2.5.1']], kwargs: {'error_level': 'warning', 'error_list': [{'substr': 'not found or a compiler error:', 'level': 'warning'}, {'regex': <_sre.SRE_Pattern object at 0x022223A0>, 'level': 'error'}, {'regex': <_sre.SRE_Pattern object at 0x0231C020>, 'level': 'warning'}, {'regex': <_sre.SRE_Pattern object at 0x02289D78>, 'level': 'debug'}, {'substr': 'command not found', 'level': 'error'}, {'regex': <_sre.SRE_Pattern object at 0x022CD758>, 'level': 'warning'}, {'substr': 'Traceback (most recent call last)', 'level': 'error'}, {'substr': 'SyntaxError: ', 'level': 'error'}, {'substr': 'TypeError: ', 'level': 'error'}, {'substr': 'NameError: ', 'level': 'error'}, {'substr': 'ZeroDivisionError: ', 'level': 'error'}, {'regex': <_sre.SRE_Pattern object at 0x004BAB20>, 'level': 'critical'}, {'regex': <_sre.SRE_Pattern object at 0x022EC660>, 'level': 'critical'}], 'cwd': 'C:\\slave\\test\\build', 'env': {'TMP': 'C:\\Users\\CLTBLD~1.001\\AppData\\Local\\Temp', 'TEST1': 'testie', 'COMPUTERNAME': 'T-W864-IX-035', 'USERDOMAIN': 'T-W864-IX-035', 'KTS_VERSION': '1.19c', 'PSMODULEPATH': 'C:\\windows\\system32\\WindowsPowerShell\\v1.0\\Modules\\', 'COMMONPROGRAMFILES': 'C:\\Program Files (x86)\\Common Files', 'PROCESSOR_IDENTIFIER': 'Intel64 Family 6 Model 30 Stepping 5, GenuineIntel', 'PROGRAMFILES': 'C:\\Program Files (x86)', 'PROCESSOR_REVISION': '1e05', 'DNSSUFFIX': 'wintest.releng.scl3.mozilla.com', 'SYSTEMROOT': 'C:\\windows', 'NO_EM_RESTART': '1', 'PROGRAMFILES(X86)': 'C:\\Program Files (x86)', 'OURDRIVE': 'C:', 'MOZ_HIDE_RESULTS_TABLE': '1', 'XPCOM_DEBUG_BREAK': 'warn', 'MONDIR': 'C:\\Monitor_config\\', 'TEMP': 'C:\\Users\\CLTBLD~1.001\\AppData\\Local\\Temp', 'COMMONPROGRAMFILES(X86)': 'C:\\Program Files (x86)\\Common Files', 'RUNLOGFILE': 'C:\\slave\\\\runslave.log', 'PROCESSOR_ARCHITECTURE': 'x86', 'ALLUSERSPROFILE': 'C:\\ProgramData', 'USERPROFILE': 'C:\\Users\\cltbld.T-W864-IX-035.001', 'LOCALAPPDATA': 'C:\\Users\\cltbld.T-W864-IX-035.001\\AppData\\Local', 'HOMEPATH': '\\Users\\cltbld.T-W864-IX-035.001', 'USERDOMAIN_ROAMINGPROFILE': 'T-W864-IX-035', 'MOZBUILDDIR': 'C:\\mozilla-build\\', 'PROGRAMW6432': 'C:\\Program Files', 'USERNAME': 'cltbld', 'LOGONSERVER': '\\\\T-W864-IX-035', 'MOZ_NO_REMOTE': '1', 'COMSPEC': 'C:\\windows\\system32\\cmd.exe', 'PROGRAMDATA': 'C:\\ProgramData', 'PROPERTIES_FILE': 'C:\\slave\\test/buildprops.json', 'PATH': 'C:\\Program Files (x86)\\NVIDIA Corporation\\PhysX\\Common;C:\\windows\\system32;C:\\windows;C:\\windows\\System32\\Wbem;C:\\windows\\System32\\WindowsPowerShell\\v1.0\\;C:\\mozilla-build\\python27;C:\\mozilla-build\\python27\\Scripts;C:\\mozilla-build\\msys\\bin;C:\\mozilla-build\\vim\\vim72;C:\\mozilla-build\\wget;C:\\mozilla-build\\info-zip;C:\\CoreUtils\\bin;C:\\mozilla-build\\buildbotve\\scripts;C:\\mozilla-build\\hg', 'PROMPT': '$P$G', 'NO_FAIL_ON_TEST_ERRORS': '1', 'PATHEXT': '.COM;.EXE;.BAT;.CMD;.VBS;.VBE;.JS;.JSE;.WSF;.WSH;.MSC', 'FP_NO_HOST_CHECK': 'NO', 'DCLOCATION': 'SCL3', 'APPDATA': 'C:\\Users\\cltbld.T-W864-IX-035.001\\AppData\\Roaming', 'HOMEDRIVE': 'C:', 'SYSTEMDRIVE': 'C:', 'SLAVEDIR': 'C:\\slave\\', 'NUMBER_OF_PROCESSORS': '8', 'PWD': 'C:\\slave\\test', 'PROCESSOR_LEVEL': '6', 'KTS_HOME': 'C:\\Program Files\\KTS', 'PROCESSOR_ARCHITEW6432': 'AMD64', 'MOZ_CRASHREPORTER_NO_REPORT': '1', 'COMMONPROGRAMW6432': 'C:\\Program Files\\Common Files', 'OS': 'Windows_NT', 'PUBLIC': 'C:\\Users\\Public', 'WINDIR': 'C:\\windows'}}, attempt #1
17:02:09     INFO - Running command: ['C:\\slave\\test\\build\\venv\\Scripts\\pip', 'install', '--timeout', '120', '--no-index', '--find-links', 'http://pypi.pvt.build.mozilla.org/pub', '--find-links', 'http://pypi.pub.build.mozilla.org/pub', '--trusted-host', 'pypi.pub.build.mozilla.org', '--trusted-host', 'pypi.pvt.build.mozilla.org', 'jsonschema==2.5.1'] in C:\slave\test\build
17:02:09     INFO - Copy/paste: C:\slave\test\build\venv\Scripts\pip install --timeout 120 --no-index --find-links http://pypi.pvt.build.mozilla.org/pub --find-links http://pypi.pub.build.mozilla.org/pub --trusted-host pypi.pub.build.mozilla.org --trusted-host pypi.pvt.build.mozilla.org jsonschema==2.5.1
17:02:09     INFO - Using env: {'ALLUSERSPROFILE': 'C:\\ProgramData',
17:02:09     INFO -  'APPDATA': 'C:\\Users\\cltbld.T-W864-IX-035.001\\AppData\\Roaming',
17:02:09     INFO -  'COMMONPROGRAMFILES': 'C:\\Program Files (x86)\\Common Files',
17:02:09     INFO -  'COMMONPROGRAMFILES(X86)': 'C:\\Program Files (x86)\\Common Files',
17:02:09     INFO -  'COMMONPROGRAMW6432': 'C:\\Program Files\\Common Files',
17:02:09     INFO -  'COMPUTERNAME': 'T-W864-IX-035',
17:02:09     INFO -  'COMSPEC': 'C:\\windows\\system32\\cmd.exe',
17:02:09     INFO -  'DCLOCATION': 'SCL3',
17:02:09     INFO -  'DNSSUFFIX': 'wintest.releng.scl3.mozilla.com',
17:02:09     INFO -  'FP_NO_HOST_CHECK': 'NO',
17:02:09     INFO -  'HOMEDRIVE': 'C:',
17:02:09     INFO -  'HOMEPATH': '\\Users\\cltbld.T-W864-IX-035.001',
17:02:09     INFO -  'KTS_HOME': 'C:\\Program Files\\KTS',
17:02:09     INFO -  'KTS_VERSION': '1.19c',
17:02:09     INFO -  'LOCALAPPDATA': 'C:\\Users\\cltbld.T-W864-IX-035.001\\AppData\\Local',
17:02:09     INFO -  'LOGONSERVER': '\\\\T-W864-IX-035',
17:02:09     INFO -  'MONDIR': 'C:\\Monitor_config\\',
17:02:09     INFO -  'MOZBUILDDIR': 'C:\\mozilla-build\\',
17:02:09     INFO -  'MOZ_CRASHREPORTER_NO_REPORT': '1',
17:02:09     INFO -  'MOZ_HIDE_RESULTS_TABLE': '1',
17:02:09     INFO -  'MOZ_NO_REMOTE': '1',
17:02:09     INFO -  'NO_EM_RESTART': '1',
17:02:09     INFO -  'NO_FAIL_ON_TEST_ERRORS': '1',
17:02:09     INFO -  'NUMBER_OF_PROCESSORS': '8',
17:02:09     INFO -  'OS': 'Windows_NT',
17:02:09     INFO -  'OURDRIVE': 'C:',
17:02:09     INFO -  'PATH': 'C:\\Program Files (x86)\\NVIDIA Corporation\\PhysX\\Common;C:\\windows\\system32;C:\\windows;C:\\windows\\System32\\Wbem;C:\\windows\\System32\\WindowsPowerShell\\v1.0\\;C:\\mozilla-build\\python27;C:\\mozilla-build\\python27\\Scripts;C:\\mozilla-build\\msys\\bin;C:\\mozilla-build\\vim\\vim72;C:\\mozilla-build\\wget;C:\\mozilla-build\\info-zip;C:\\CoreUtils\\bin;C:\\mozilla-build\\buildbotve\\scripts;C:\\mozilla-build\\hg',
17:02:09     INFO -  'PATHEXT': '.COM;.EXE;.BAT;.CMD;.VBS;.VBE;.JS;.JSE;.WSF;.WSH;.MSC',
17:02:09     INFO -  'PROCESSOR_ARCHITECTURE': 'x86',
17:02:09     INFO -  'PROCESSOR_ARCHITEW6432': 'AMD64',
17:02:09     INFO -  'PROCESSOR_IDENTIFIER': 'Intel64 Family 6 Model 30 Stepping 5, GenuineIntel',
17:02:09     INFO -  'PROCESSOR_LEVEL': '6',
17:02:09     INFO -  'PROCESSOR_REVISION': '1e05',
17:02:09     INFO -  'PROGRAMDATA': 'C:\\ProgramData',
17:02:09     INFO -  'PROGRAMFILES': 'C:\\Program Files (x86)',
17:02:09     INFO -  'PROGRAMFILES(X86)': 'C:\\Program Files (x86)',
17:02:09     INFO -  'PROGRAMW6432': 'C:\\Program Files',
17:02:09     INFO -  'PROMPT': '$P$G',
17:02:09     INFO -  'PROPERTIES_FILE': 'C:\\slave\\test/buildprops.json',
17:02:09     INFO -  'PSMODULEPATH': 'C:\\windows\\system32\\WindowsPowerShell\\v1.0\\Modules\\',
17:02:09     INFO -  'PUBLIC': 'C:\\Users\\Public',
17:02:09     INFO -  'PWD': 'C:\\slave\\test',
17:02:09     INFO -  'RUNLOGFILE': 'C:\\slave\\\\runslave.log',
17:02:09     INFO -  'SLAVEDIR': 'C:\\slave\\',
17:02:09     INFO -  'SYSTEMDRIVE': 'C:',
17:02:09     INFO -  'SYSTEMROOT': 'C:\\windows',
17:02:09     INFO -  'TEMP': 'C:\\Users\\CLTBLD~1.001\\AppData\\Local\\Temp',
17:02:09     INFO -  'TEST1': 'testie',
17:02:09     INFO -  'TMP': 'C:\\Users\\CLTBLD~1.001\\AppData\\Local\\Temp',
17:02:09     INFO -  'USERDOMAIN': 'T-W864-IX-035',
17:02:09     INFO -  'USERDOMAIN_ROAMINGPROFILE': 'T-W864-IX-035',
17:02:09     INFO -  'USERNAME': 'cltbld',
17:02:09     INFO -  'USERPROFILE': 'C:\\Users\\cltbld.T-W864-IX-035.001',
17:02:09     INFO -  'WINDIR': 'C:\\windows',
17:02:09     INFO -  'XPCOM_DEBUG_BREAK': 'warn'}
17:02:09     INFO -  Ignoring indexes: https://pypi.python.org/simple
17:02:09     INFO -  Collecting jsonschema==2.5.1
17:02:10     INFO -    Downloading http://pypi.pvt.build.mozilla.org/pub/jsonschema-2.5.1-py2.py3-none-any.whl
17:02:10     INFO -  Collecting functools32; python_version == "2.7" (from jsonschema==2.5.1)
17:02:11     INFO -  Installing collected packages: functools32, jsonschema
17:02:12     INFO -  Successfully installed functools32-3.2.3.post2 jsonschema-2.5.1
17:02:12     INFO - Return code: 0
17:02:12     INFO - Installing functools32==3.2.3-2 into virtualenv C:\slave\test\build\venv
17:02:12     INFO - retry: Calling run_command with args: [['C:\\slave\\test\\build\\venv\\Scripts\\pip', 'install', '--timeout', '120', '--no-index', '--find-links', 'http://pypi.pvt.build.mozilla.org/pub', '--find-links', 'http://pypi.pub.build.mozilla.org/pub', '--trusted-host', 'pypi.pub.build.mozilla.org', '--trusted-host', 'pypi.pvt.build.mozilla.org', 'functools32==3.2.3-2']], kwargs: {'error_level': 'warning', 'error_list': [{'substr': 'not found or a compiler error:', 'level': 'warning'}, {'regex': <_sre.SRE_Pattern object at 0x022223A0>, 'level': 'error'}, {'regex': <_sre.SRE_Pattern object at 0x0231C020>, 'level': 'warning'}, {'regex': <_sre.SRE_Pattern object at 0x02289D78>, 'level': 'debug'}, {'substr': 'command not found', 'level': 'error'}, {'regex': <_sre.SRE_Pattern object at 0x022CD758>, 'level': 'warning'}, {'substr': 'Traceback (most recent call last)', 'level': 'error'}, {'substr': 'SyntaxError: ', 'level': 'error'}, {'substr': 'TypeError: ', 'level': 'error'}, {'substr': 'NameError: ', 'level': 'error'}, {'substr': 'ZeroDivisionError: ', 'level': 'error'}, {'regex': <_sre.SRE_Pattern object at 0x004BAB20>, 'level': 'critical'}, {'regex': <_sre.SRE_Pattern object at 0x022EC660>, 'level': 'critical'}], 'cwd': 'C:\\slave\\test\\build', 'env': {'TMP': 'C:\\Users\\CLTBLD~1.001\\AppData\\Local\\Temp', 'TEST1': 'testie', 'COMPUTERNAME': 'T-W864-IX-035', 'USERDOMAIN': 'T-W864-IX-035', 'KTS_VERSION': '1.19c', 'PSMODULEPATH': 'C:\\windows\\system32\\WindowsPowerShell\\v1.0\\Modules\\', 'COMMONPROGRAMFILES': 'C:\\Program Files (x86)\\Common Files', 'PROCESSOR_IDENTIFIER': 'Intel64 Family 6 Model 30 Stepping 5, GenuineIntel', 'PROGRAMFILES': 'C:\\Program Files (x86)', 'PROCESSOR_REVISION': '1e05', 'DNSSUFFIX': 'wintest.releng.scl3.mozilla.com', 'SYSTEMROOT': 'C:\\windows', 'NO_EM_RESTART': '1', 'PROGRAMFILES(X86)': 'C:\\Program Files (x86)', 'OURDRIVE': 'C:', 'MOZ_HIDE_RESULTS_TABLE': '1', 'XPCOM_DEBUG_BREAK': 'warn', 'MONDIR': 'C:\\Monitor_config\\', 'TEMP': 'C:\\Users\\CLTBLD~1.001\\AppData\\Local\\Temp', 'COMMONPROGRAMFILES(X86)': 'C:\\Program Files (x86)\\Common Files', 'RUNLOGFILE': 'C:\\slave\\\\runslave.log', 'PROCESSOR_ARCHITECTURE': 'x86', 'ALLUSERSPROFILE': 'C:\\ProgramData', 'USERPROFILE': 'C:\\Users\\cltbld.T-W864-IX-035.001', 'LOCALAPPDATA': 'C:\\Users\\cltbld.T-W864-IX-035.001\\AppData\\Local', 'HOMEPATH': '\\Users\\cltbld.T-W864-IX-035.001', 'USERDOMAIN_ROAMINGPROFILE': 'T-W864-IX-035', 'MOZBUILDDIR': 'C:\\mozilla-build\\', 'PROGRAMW6432': 'C:\\Program Files', 'USERNAME': 'cltbld', 'LOGONSERVER': '\\\\T-W864-IX-035', 'MOZ_NO_REMOTE': '1', 'COMSPEC': 'C:\\windows\\system32\\cmd.exe', 'PROGRAMDATA': 'C:\\ProgramData', 'PROPERTIES_FILE': 'C:\\slave\\test/buildprops.json', 'PATH': 'C:\\Program Files (x86)\\NVIDIA Corporation\\PhysX\\Common;C:\\windows\\system32;C:\\windows;C:\\windows\\System32\\Wbem;C:\\windows\\System32\\WindowsPowerShell\\v1.0\\;C:\\mozilla-build\\python27;C:\\mozilla-build\\python27\\Scripts;C:\\mozilla-build\\msys\\bin;C:\\mozilla-build\\vim\\vim72;C:\\mozilla-build\\wget;C:\\mozilla-build\\info-zip;C:\\CoreUtils\\bin;C:\\mozilla-build\\buildbotve\\scripts;C:\\mozilla-build\\hg', 'PROMPT': '$P$G', 'NO_FAIL_ON_TEST_ERRORS': '1', 'PATHEXT': '.COM;.EXE;.BAT;.CMD;.VBS;.VBE;.JS;.JSE;.WSF;.WSH;.MSC', 'FP_NO_HOST_CHECK': 'NO', 'DCLOCATION': 'SCL3', 'APPDATA': 'C:\\Users\\cltbld.T-W864-IX-035.001\\AppData\\Roaming', 'HOMEDRIVE': 'C:', 'SYSTEMDRIVE': 'C:', 'SLAVEDIR': 'C:\\slave\\', 'NUMBER_OF_PROCESSORS': '8', 'PWD': 'C:\\slave\\test', 'PROCESSOR_LEVEL': '6', 'KTS_HOME': 'C:\\Program Files\\KTS', 'PROCESSOR_ARCHITEW6432': 'AMD64', 'MOZ_CRASHREPORTER_NO_REPORT': '1', 'COMMONPROGRAMW6432': 'C:\\Program Files\\Common Files', 'OS': 'Windows_NT', 'PUBLIC': 'C:\\Users\\Public', 'WINDIR': 'C:\\windows'}}, attempt #1
17:02:12     INFO - Running command: ['C:\\slave\\test\\build\\venv\\Scripts\\pip', 'install', '--timeout', '120', '--no-index', '--find-links', 'http://pypi.pvt.build.mozilla.org/pub', '--find-links', 'http://pypi.pub.build.mozilla.org/pub', '--trusted-host', 'pypi.pub.build.mozilla.org', '--trusted-host', 'pypi.pvt.build.mozilla.org', 'functools32==3.2.3-2'] in C:\slave\test\build
17:02:12     INFO - Copy/paste: C:\slave\test\build\venv\Scripts\pip install --timeout 120 --no-index --find-links http://pypi.pvt.build.mozilla.org/pub --find-links http://pypi.pub.build.mozilla.org/pub --trusted-host pypi.pub.build.mozilla.org --trusted-host pypi.pvt.build.mozilla.org functools32==3.2.3-2
17:02:12     INFO - Using env: {'ALLUSERSPROFILE': 'C:\\ProgramData',
17:02:12     INFO -  'APPDATA': 'C:\\Users\\cltbld.T-W864-IX-035.001\\AppData\\Roaming',
17:02:12     INFO -  'COMMONPROGRAMFILES': 'C:\\Program Files (x86)\\Common Files',
17:02:12     INFO -  'COMMONPROGRAMFILES(X86)': 'C:\\Program Files (x86)\\Common Files',
17:02:12     INFO -  'COMMONPROGRAMW6432': 'C:\\Program Files\\Common Files',
17:02:12     INFO -  'COMPUTERNAME': 'T-W864-IX-035',
17:02:12     INFO -  'COMSPEC': 'C:\\windows\\system32\\cmd.exe',
17:02:12     INFO -  'DCLOCATION': 'SCL3',
17:02:12     INFO -  'DNSSUFFIX': 'wintest.releng.scl3.mozilla.com',
17:02:12     INFO -  'FP_NO_HOST_CHECK': 'NO',
17:02:12     INFO -  'HOMEDRIVE': 'C:',
17:02:12     INFO -  'HOMEPATH': '\\Users\\cltbld.T-W864-IX-035.001',
17:02:12     INFO -  'KTS_HOME': 'C:\\Program Files\\KTS',
17:02:12     INFO -  'KTS_VERSION': '1.19c',
17:02:12     INFO -  'LOCALAPPDATA': 'C:\\Users\\cltbld.T-W864-IX-035.001\\AppData\\Local',
17:02:12     INFO -  'LOGONSERVER': '\\\\T-W864-IX-035',
17:02:12     INFO -  'MONDIR': 'C:\\Monitor_config\\',
17:02:12     INFO -  'MOZBUILDDIR': 'C:\\mozilla-build\\',
17:02:12     INFO -  'MOZ_CRASHREPORTER_NO_REPORT': '1',
17:02:12     INFO -  'MOZ_HIDE_RESULTS_TABLE': '1',
17:02:12     INFO -  'MOZ_NO_REMOTE': '1',
17:02:12     INFO -  'NO_EM_RESTART': '1',
17:02:12     INFO -  'NO_FAIL_ON_TEST_ERRORS': '1',
17:02:12     INFO -  'NUMBER_OF_PROCESSORS': '8',
17:02:12     INFO -  'OS': 'Windows_NT',
17:02:12     INFO -  'OURDRIVE': 'C:',
17:02:12     INFO -  'PATH': 'C:\\Program Files (x86)\\NVIDIA Corporation\\PhysX\\Common;C:\\windows\\system32;C:\\windows;C:\\windows\\System32\\Wbem;C:\\windows\\System32\\WindowsPowerShell\\v1.0\\;C:\\mozilla-build\\python27;C:\\mozilla-build\\python27\\Scripts;C:\\mozilla-build\\msys\\bin;C:\\mozilla-build\\vim\\vim72;C:\\mozilla-build\\wget;C:\\mozilla-build\\info-zip;C:\\CoreUtils\\bin;C:\\mozilla-build\\buildbotve\\scripts;C:\\mozilla-build\\hg',
17:02:12     INFO -  'PATHEXT': '.COM;.EXE;.BAT;.CMD;.VBS;.VBE;.JS;.JSE;.WSF;.WSH;.MSC',
17:02:12     INFO -  'PROCESSOR_ARCHITECTURE': 'x86',
17:02:12     INFO -  'PROCESSOR_ARCHITEW6432': 'AMD64',
17:02:12     INFO -  'PROCESSOR_IDENTIFIER': 'Intel64 Family 6 Model 30 Stepping 5, GenuineIntel',
17:02:12     INFO -  'PROCESSOR_LEVEL': '6',
17:02:12     INFO -  'PROCESSOR_REVISION': '1e05',
17:02:12     INFO -  'PROGRAMDATA': 'C:\\ProgramData',
17:02:12     INFO -  'PROGRAMFILES': 'C:\\Program Files (x86)',
17:02:12     INFO -  'PROGRAMFILES(X86)': 'C:\\Program Files (x86)',
17:02:12     INFO -  'PROGRAMW6432': 'C:\\Program Files',
17:02:12     INFO -  'PROMPT': '$P$G',
17:02:12     INFO -  'PROPERTIES_FILE': 'C:\\slave\\test/buildprops.json',
17:02:12     INFO -  'PSMODULEPATH': 'C:\\windows\\system32\\WindowsPowerShell\\v1.0\\Modules\\',
17:02:12     INFO -  'PUBLIC': 'C:\\Users\\Public',
17:02:12     INFO -  'PWD': 'C:\\slave\\test',
17:02:12     INFO -  'RUNLOGFILE': 'C:\\slave\\\\runslave.log',
17:02:12     INFO -  'SLAVEDIR': 'C:\\slave\\',
17:02:12     INFO -  'SYSTEMDRIVE': 'C:',
17:02:12     INFO -  'SYSTEMROOT': 'C:\\windows',
17:02:12     INFO -  'TEMP': 'C:\\Users\\CLTBLD~1.001\\AppData\\Local\\Temp',
17:02:12     INFO -  'TEST1': 'testie',
17:02:12     INFO -  'TMP': 'C:\\Users\\CLTBLD~1.001\\AppData\\Local\\Temp',
17:02:12     INFO -  'USERDOMAIN': 'T-W864-IX-035',
17:02:12     INFO -  'USERDOMAIN_ROAMINGPROFILE': 'T-W864-IX-035',
17:02:12     INFO -  'USERNAME': 'cltbld',
17:02:12     INFO -  'USERPROFILE': 'C:\\Users\\cltbld.T-W864-IX-035.001',
17:02:12     INFO -  'WINDIR': 'C:\\windows',
17:02:12     INFO -  'XPCOM_DEBUG_BREAK': 'warn'}
17:02:12     INFO -  Ignoring indexes: https://pypi.python.org/simple
17:02:12     INFO -  Requirement already satisfied (use --upgrade to upgrade): functools32==3.2.3-2 in c:\slave\test\build\venv\lib\site-packages
17:02:12     INFO - Return code: 0
17:02:12     INFO - Installing blobuploader==1.2.4 into virtualenv C:\slave\test\build\venv
17:02:12     INFO - retry: Calling run_command with args: [['C:\\slave\\test\\build\\venv\\Scripts\\pip', 'install', '--timeout', '120', '--no-index', '--find-links', 'http://pypi.pvt.build.mozilla.org/pub', '--find-links', 'http://pypi.pub.build.mozilla.org/pub', '--trusted-host', 'pypi.pub.build.mozilla.org', '--trusted-host', 'pypi.pvt.build.mozilla.org', 'blobuploader==1.2.4']], kwargs: {'error_level': 'warning', 'error_list': [{'substr': 'not found or a compiler error:', 'level': 'warning'}, {'regex': <_sre.SRE_Pattern object at 0x022223A0>, 'level': 'error'}, {'regex': <_sre.SRE_Pattern object at 0x0231C020>, 'level': 'warning'}, {'regex': <_sre.SRE_Pattern object at 0x02289D78>, 'level': 'debug'}, {'substr': 'command not found', 'level': 'error'}, {'regex': <_sre.SRE_Pattern object at 0x022CD758>, 'level': 'warning'}, {'substr': 'Traceback (most recent call last)', 'level': 'error'}, {'substr': 'SyntaxError: ', 'level': 'error'}, {'substr': 'TypeError: ', 'level': 'error'}, {'substr': 'NameError: ', 'level': 'error'}, {'substr': 'ZeroDivisionError: ', 'level': 'error'}, {'regex': <_sre.SRE_Pattern object at 0x004BAB20>, 'level': 'critical'}, {'regex': <_sre.SRE_Pattern object at 0x022EC660>, 'level': 'critical'}], 'cwd': 'C:\\slave\\test\\build', 'env': {'TMP': 'C:\\Users\\CLTBLD~1.001\\AppData\\Local\\Temp', 'TEST1': 'testie', 'COMPUTERNAME': 'T-W864-IX-035', 'USERDOMAIN': 'T-W864-IX-035', 'KTS_VERSION': '1.19c', 'PSMODULEPATH': 'C:\\windows\\system32\\WindowsPowerShell\\v1.0\\Modules\\', 'COMMONPROGRAMFILES': 'C:\\Program Files (x86)\\Common Files', 'PROCESSOR_IDENTIFIER': 'Intel64 Family 6 Model 30 Stepping 5, GenuineIntel', 'PROGRAMFILES': 'C:\\Program Files (x86)', 'PROCESSOR_REVISION': '1e05', 'DNSSUFFIX': 'wintest.releng.scl3.mozilla.com', 'SYSTEMROOT': 'C:\\windows', 'NO_EM_RESTART': '1', 'PROGRAMFILES(X86)': 'C:\\Program Files (x86)', 'OURDRIVE': 'C:', 'MOZ_HIDE_RESULTS_TABLE': '1', 'XPCOM_DEBUG_BREAK': 'warn', 'MONDIR': 'C:\\Monitor_config\\', 'TEMP': 'C:\\Users\\CLTBLD~1.001\\AppData\\Local\\Temp', 'COMMONPROGRAMFILES(X86)': 'C:\\Program Files (x86)\\Common Files', 'RUNLOGFILE': 'C:\\slave\\\\runslave.log', 'PROCESSOR_ARCHITECTURE': 'x86', 'ALLUSERSPROFILE': 'C:\\ProgramData', 'USERPROFILE': 'C:\\Users\\cltbld.T-W864-IX-035.001', 'LOCALAPPDATA': 'C:\\Users\\cltbld.T-W864-IX-035.001\\AppData\\Local', 'HOMEPATH': '\\Users\\cltbld.T-W864-IX-035.001', 'USERDOMAIN_ROAMINGPROFILE': 'T-W864-IX-035', 'MOZBUILDDIR': 'C:\\mozilla-build\\', 'PROGRAMW6432': 'C:\\Program Files', 'USERNAME': 'cltbld', 'LOGONSERVER': '\\\\T-W864-IX-035', 'MOZ_NO_REMOTE': '1', 'COMSPEC': 'C:\\windows\\system32\\cmd.exe', 'PROGRAMDATA': 'C:\\ProgramData', 'PROPERTIES_FILE': 'C:\\slave\\test/buildprops.json', 'PATH': 'C:\\Program Files (x86)\\NVIDIA Corporation\\PhysX\\Common;C:\\windows\\system32;C:\\windows;C:\\windows\\System32\\Wbem;C:\\windows\\System32\\WindowsPowerShell\\v1.0\\;C:\\mozilla-build\\python27;C:\\mozilla-build\\python27\\Scripts;C:\\mozilla-build\\msys\\bin;C:\\mozilla-build\\vim\\vim72;C:\\mozilla-build\\wget;C:\\mozilla-build\\info-zip;C:\\CoreUtils\\bin;C:\\mozilla-build\\buildbotve\\scripts;C:\\mozilla-build\\hg', 'PROMPT': '$P$G', 'NO_FAIL_ON_TEST_ERRORS': '1', 'PATHEXT': '.COM;.EXE;.BAT;.CMD;.VBS;.VBE;.JS;.JSE;.WSF;.WSH;.MSC', 'FP_NO_HOST_CHECK': 'NO', 'DCLOCATION': 'SCL3', 'APPDATA': 'C:\\Users\\cltbld.T-W864-IX-035.001\\AppData\\Roaming', 'HOMEDRIVE': 'C:', 'SYSTEMDRIVE': 'C:', 'SLAVEDIR': 'C:\\slave\\', 'NUMBER_OF_PROCESSORS': '8', 'PWD': 'C:\\slave\\test', 'PROCESSOR_LEVEL': '6', 'KTS_HOME': 'C:\\Program Files\\KTS', 'PROCESSOR_ARCHITEW6432': 'AMD64', 'MOZ_CRASHREPORTER_NO_REPORT': '1', 'COMMONPROGRAMW6432': 'C:\\Program Files\\Common Files', 'OS': 'Windows_NT', 'PUBLIC': 'C:\\Users\\Public', 'WINDIR': 'C:\\windows'}}, attempt #1
17:02:12     INFO - Running command: ['C:\\slave\\test\\build\\venv\\Scripts\\pip', 'install', '--timeout', '120', '--no-index', '--find-links', 'http://pypi.pvt.build.mozilla.org/pub', '--find-links', 'http://pypi.pub.build.mozilla.org/pub', '--trusted-host', 'pypi.pub.build.mozilla.org', '--trusted-host', 'pypi.pvt.build.mozilla.org', 'blobuploader==1.2.4'] in C:\slave\test\build
17:02:12     INFO - Copy/paste: C:\slave\test\build\venv\Scripts\pip install --timeout 120 --no-index --find-links http://pypi.pvt.build.mozilla.org/pub --find-links http://pypi.pub.build.mozilla.org/pub --trusted-host pypi.pub.build.mozilla.org --trusted-host pypi.pvt.build.mozilla.org blobuploader==1.2.4
17:02:12     INFO - Using env: {'ALLUSERSPROFILE': 'C:\\ProgramData',
17:02:12     INFO -  'APPDATA': 'C:\\Users\\cltbld.T-W864-IX-035.001\\AppData\\Roaming',
17:02:12     INFO -  'COMMONPROGRAMFILES': 'C:\\Program Files (x86)\\Common Files',
17:02:12     INFO -  'COMMONPROGRAMFILES(X86)': 'C:\\Program Files (x86)\\Common Files',
17:02:12     INFO -  'COMMONPROGRAMW6432': 'C:\\Program Files\\Common Files',
17:02:12     INFO -  'COMPUTERNAME': 'T-W864-IX-035',
17:02:12     INFO -  'COMSPEC': 'C:\\windows\\system32\\cmd.exe',
17:02:12     INFO -  'DCLOCATION': 'SCL3',
17:02:12     INFO -  'DNSSUFFIX': 'wintest.releng.scl3.mozilla.com',
17:02:12     INFO -  'FP_NO_HOST_CHECK': 'NO',
17:02:12     INFO -  'HOMEDRIVE': 'C:',
17:02:12     INFO -  'HOMEPATH': '\\Users\\cltbld.T-W864-IX-035.001',
17:02:12     INFO -  'KTS_HOME': 'C:\\Program Files\\KTS',
17:02:12     INFO -  'KTS_VERSION': '1.19c',
17:02:12     INFO -  'LOCALAPPDATA': 'C:\\Users\\cltbld.T-W864-IX-035.001\\AppData\\Local',
17:02:12     INFO -  'LOGONSERVER': '\\\\T-W864-IX-035',
17:02:12     INFO -  'MONDIR': 'C:\\Monitor_config\\',
17:02:12     INFO -  'MOZBUILDDIR': 'C:\\mozilla-build\\',
17:02:12     INFO -  'MOZ_CRASHREPORTER_NO_REPORT': '1',
17:02:12     INFO -  'MOZ_HIDE_RESULTS_TABLE': '1',
17:02:12     INFO -  'MOZ_NO_REMOTE': '1',
17:02:12     INFO -  'NO_EM_RESTART': '1',
17:02:12     INFO -  'NO_FAIL_ON_TEST_ERRORS': '1',
17:02:12     INFO -  'NUMBER_OF_PROCESSORS': '8',
17:02:12     INFO -  'OS': 'Windows_NT',
17:02:12     INFO -  'OURDRIVE': 'C:',
17:02:12     INFO -  'PATH': 'C:\\Program Files (x86)\\NVIDIA Corporation\\PhysX\\Common;C:\\windows\\system32;C:\\windows;C:\\windows\\System32\\Wbem;C:\\windows\\System32\\WindowsPowerShell\\v1.0\\;C:\\mozilla-build\\python27;C:\\mozilla-build\\python27\\Scripts;C:\\mozilla-build\\msys\\bin;C:\\mozilla-build\\vim\\vim72;C:\\mozilla-build\\wget;C:\\mozilla-build\\info-zip;C:\\CoreUtils\\bin;C:\\mozilla-build\\buildbotve\\scripts;C:\\mozilla-build\\hg',
17:02:12     INFO -  'PATHEXT': '.COM;.EXE;.BAT;.CMD;.VBS;.VBE;.JS;.JSE;.WSF;.WSH;.MSC',
17:02:12     INFO -  'PROCESSOR_ARCHITECTURE': 'x86',
17:02:12     INFO -  'PROCESSOR_ARCHITEW6432': 'AMD64',
17:02:12     INFO -  'PROCESSOR_IDENTIFIER': 'Intel64 Family 6 Model 30 Stepping 5, GenuineIntel',
17:02:12     INFO -  'PROCESSOR_LEVEL': '6',
17:02:12     INFO -  'PROCESSOR_REVISION': '1e05',
17:02:12     INFO -  'PROGRAMDATA': 'C:\\ProgramData',
17:02:12     INFO -  'PROGRAMFILES': 'C:\\Program Files (x86)',
17:02:12     INFO -  'PROGRAMFILES(X86)': 'C:\\Program Files (x86)',
17:02:12     INFO -  'PROGRAMW6432': 'C:\\Program Files',
17:02:12     INFO -  'PROMPT': '$P$G',
17:02:12     INFO -  'PROPERTIES_FILE': 'C:\\slave\\test/buildprops.json',
17:02:12     INFO -  'PSMODULEPATH': 'C:\\windows\\system32\\WindowsPowerShell\\v1.0\\Modules\\',
17:02:12     INFO -  'PUBLIC': 'C:\\Users\\Public',
17:02:12     INFO -  'PWD': 'C:\\slave\\test',
17:02:12     INFO -  'RUNLOGFILE': 'C:\\slave\\\\runslave.log',
17:02:12     INFO -  'SLAVEDIR': 'C:\\slave\\',
17:02:12     INFO -  'SYSTEMDRIVE': 'C:',
17:02:12     INFO -  'SYSTEMROOT': 'C:\\windows',
17:02:12     INFO -  'TEMP': 'C:\\Users\\CLTBLD~1.001\\AppData\\Local\\Temp',
17:02:12     INFO -  'TEST1': 'testie',
17:02:12     INFO -  'TMP': 'C:\\Users\\CLTBLD~1.001\\AppData\\Local\\Temp',
17:02:12     INFO -  'USERDOMAIN': 'T-W864-IX-035',
17:02:12     INFO -  'USERDOMAIN_ROAMINGPROFILE': 'T-W864-IX-035',
17:02:12     INFO -  'USERNAME': 'cltbld',
17:02:12     INFO -  'USERPROFILE': 'C:\\Users\\cltbld.T-W864-IX-035.001',
17:02:12     INFO -  'WINDIR': 'C:\\windows',
17:02:12     INFO -  'XPCOM_DEBUG_BREAK': 'warn'}
17:02:13     INFO -  Ignoring indexes: https://pypi.python.org/simple
17:02:13     INFO -  Collecting blobuploader==1.2.4
17:02:14     INFO -  Collecting docopt==0.6.1 (from blobuploader==1.2.4)
17:02:15     INFO -  Collecting requests==1.2.3. (from blobuploader==1.2.4)
17:02:16     INFO -  Installing collected packages: docopt, requests, blobuploader
17:02:17     INFO -  Successfully installed blobuploader-1.2.4 docopt-0.6.1 requests-1.2.3
17:02:18     INFO - Return code: 0
17:02:18     INFO - Installing None into virtualenv C:\slave\test\build\venv
17:02:18     INFO - retry: Calling run_command with args: [['C:\\slave\\test\\build\\venv\\Scripts\\pip', 'install', '--no-deps', '--timeout', '120', '-r', 'C:\\slave\\test\\build\\tests\\config\\mozbase_requirements.txt', '--no-index', '--find-links', 'http://pypi.pvt.build.mozilla.org/pub', '--find-links', 'http://pypi.pub.build.mozilla.org/pub', '--trusted-host', 'pypi.pub.build.mozilla.org', '--trusted-host', 'pypi.pvt.build.mozilla.org']], kwargs: {'error_level': 'warning', 'error_list': [{'substr': 'not found or a compiler error:', 'level': 'warning'}, {'regex': <_sre.SRE_Pattern object at 0x022223A0>, 'level': 'error'}, {'regex': <_sre.SRE_Pattern object at 0x0231C020>, 'level': 'warning'}, {'regex': <_sre.SRE_Pattern object at 0x02289D78>, 'level': 'debug'}, {'substr': 'command not found', 'level': 'error'}, {'regex': <_sre.SRE_Pattern object at 0x022CD758>, 'level': 'warning'}, {'substr': 'Traceback (most recent call last)', 'level': 'error'}, {'substr': 'SyntaxError: ', 'level': 'error'}, {'substr': 'TypeError: ', 'level': 'error'}, {'substr': 'NameError: ', 'level': 'error'}, {'substr': 'ZeroDivisionError: ', 'level': 'error'}, {'regex': <_sre.SRE_Pattern object at 0x004BAB20>, 'level': 'critical'}, {'regex': <_sre.SRE_Pattern object at 0x022EC660>, 'level': 'critical'}], 'cwd': 'C:\\slave\\test\\build\\tests\\config', 'env': {'TMP': 'C:\\Users\\CLTBLD~1.001\\AppData\\Local\\Temp', 'TEST1': 'testie', 'COMPUTERNAME': 'T-W864-IX-035', 'USERDOMAIN': 'T-W864-IX-035', 'KTS_VERSION': '1.19c', 'PSMODULEPATH': 'C:\\windows\\system32\\WindowsPowerShell\\v1.0\\Modules\\', 'COMMONPROGRAMFILES': 'C:\\Program Files (x86)\\Common Files', 'PROCESSOR_IDENTIFIER': 'Intel64 Family 6 Model 30 Stepping 5, GenuineIntel', 'PROGRAMFILES': 'C:\\Program Files (x86)', 'PROCESSOR_REVISION': '1e05', 'DNSSUFFIX': 'wintest.releng.scl3.mozilla.com', 'SYSTEMROOT': 'C:\\windows', 'NO_EM_RESTART': '1', 'PROGRAMFILES(X86)': 'C:\\Program Files (x86)', 'OURDRIVE': 'C:', 'MOZ_HIDE_RESULTS_TABLE': '1', 'XPCOM_DEBUG_BREAK': 'warn', 'MONDIR': 'C:\\Monitor_config\\', 'TEMP': 'C:\\Users\\CLTBLD~1.001\\AppData\\Local\\Temp', 'COMMONPROGRAMFILES(X86)': 'C:\\Program Files (x86)\\Common Files', 'RUNLOGFILE': 'C:\\slave\\\\runslave.log', 'PROCESSOR_ARCHITECTURE': 'x86', 'ALLUSERSPROFILE': 'C:\\ProgramData', 'USERPROFILE': 'C:\\Users\\cltbld.T-W864-IX-035.001', 'LOCALAPPDATA': 'C:\\Users\\cltbld.T-W864-IX-035.001\\AppData\\Local', 'HOMEPATH': '\\Users\\cltbld.T-W864-IX-035.001', 'USERDOMAIN_ROAMINGPROFILE': 'T-W864-IX-035', 'MOZBUILDDIR': 'C:\\mozilla-build\\', 'PROGRAMW6432': 'C:\\Program Files', 'USERNAME': 'cltbld', 'LOGONSERVER': '\\\\T-W864-IX-035', 'MOZ_NO_REMOTE': '1', 'COMSPEC': 'C:\\windows\\system32\\cmd.exe', 'PROGRAMDATA': 'C:\\ProgramData', 'PROPERTIES_FILE': 'C:\\slave\\test/buildprops.json', 'PATH': 'C:\\Program Files (x86)\\NVIDIA Corporation\\PhysX\\Common;C:\\windows\\system32;C:\\windows;C:\\windows\\System32\\Wbem;C:\\windows\\System32\\WindowsPowerShell\\v1.0\\;C:\\mozilla-build\\python27;C:\\mozilla-build\\python27\\Scripts;C:\\mozilla-build\\msys\\bin;C:\\mozilla-build\\vim\\vim72;C:\\mozilla-build\\wget;C:\\mozilla-build\\info-zip;C:\\CoreUtils\\bin;C:\\mozilla-build\\buildbotve\\scripts;C:\\mozilla-build\\hg', 'PROMPT': '$P$G', 'NO_FAIL_ON_TEST_ERRORS': '1', 'PATHEXT': '.COM;.EXE;.BAT;.CMD;.VBS;.VBE;.JS;.JSE;.WSF;.WSH;.MSC', 'FP_NO_HOST_CHECK': 'NO', 'DCLOCATION': 'SCL3', 'APPDATA': 'C:\\Users\\cltbld.T-W864-IX-035.001\\AppData\\Roaming', 'HOMEDRIVE': 'C:', 'SYSTEMDRIVE': 'C:', 'SLAVEDIR': 'C:\\slave\\', 'NUMBER_OF_PROCESSORS': '8', 'PWD': 'C:\\slave\\test', 'PROCESSOR_LEVEL': '6', 'KTS_HOME': 'C:\\Program Files\\KTS', 'PROCESSOR_ARCHITEW6432': 'AMD64', 'MOZ_CRASHREPORTER_NO_REPORT': '1', 'COMMONPROGRAMW6432': 'C:\\Program Files\\Common Files', 'OS': 'Windows_NT', 'PUBLIC': 'C:\\Users\\Public', 'WINDIR': 'C:\\windows'}}, attempt #1
17:02:18     INFO - Running command: ['C:\\slave\\test\\build\\venv\\Scripts\\pip', 'install', '--no-deps', '--timeout', '120', '-r', 'C:\\slave\\test\\build\\tests\\config\\mozbase_requirements.txt', '--no-index', '--find-links', 'http://pypi.pvt.build.mozilla.org/pub', '--find-links', 'http://pypi.pub.build.mozilla.org/pub', '--trusted-host', 'pypi.pub.build.mozilla.org', '--trusted-host', 'pypi.pvt.build.mozilla.org'] in C:\slave\test\build\tests\config
17:02:18     INFO - Copy/paste: C:\slave\test\build\venv\Scripts\pip install --no-deps --timeout 120 -r C:\slave\test\build\tests\config\mozbase_requirements.txt --no-index --find-links http://pypi.pvt.build.mozilla.org/pub --find-links http://pypi.pub.build.mozilla.org/pub --trusted-host pypi.pub.build.mozilla.org --trusted-host pypi.pvt.build.mozilla.org
17:02:18     INFO - Using env: {'ALLUSERSPROFILE': 'C:\\ProgramData',
17:02:18     INFO -  'APPDATA': 'C:\\Users\\cltbld.T-W864-IX-035.001\\AppData\\Roaming',
17:02:18     INFO -  'COMMONPROGRAMFILES': 'C:\\Program Files (x86)\\Common Files',
17:02:18     INFO -  'COMMONPROGRAMFILES(X86)': 'C:\\Program Files (x86)\\Common Files',
17:02:18     INFO -  'COMMONPROGRAMW6432': 'C:\\Program Files\\Common Files',
17:02:18     INFO -  'COMPUTERNAME': 'T-W864-IX-035',
17:02:18     INFO -  'COMSPEC': 'C:\\windows\\system32\\cmd.exe',
17:02:18     INFO -  'DCLOCATION': 'SCL3',
17:02:18     INFO -  'DNSSUFFIX': 'wintest.releng.scl3.mozilla.com',
17:02:18     INFO -  'FP_NO_HOST_CHECK': 'NO',
17:02:18     INFO -  'HOMEDRIVE': 'C:',
17:02:18     INFO -  'HOMEPATH': '\\Users\\cltbld.T-W864-IX-035.001',
17:02:18     INFO -  'KTS_HOME': 'C:\\Program Files\\KTS',
17:02:18     INFO -  'KTS_VERSION': '1.19c',
17:02:18     INFO -  'LOCALAPPDATA': 'C:\\Users\\cltbld.T-W864-IX-035.001\\AppData\\Local',
17:02:18     INFO -  'LOGONSERVER': '\\\\T-W864-IX-035',
17:02:18     INFO -  'MONDIR': 'C:\\Monitor_config\\',
17:02:18     INFO -  'MOZBUILDDIR': 'C:\\mozilla-build\\',
17:02:18     INFO -  'MOZ_CRASHREPORTER_NO_REPORT': '1',
17:02:18     INFO -  'MOZ_HIDE_RESULTS_TABLE': '1',
17:02:18     INFO -  'MOZ_NO_REMOTE': '1',
17:02:18     INFO -  'NO_EM_RESTART': '1',
17:02:18     INFO -  'NO_FAIL_ON_TEST_ERRORS': '1',
17:02:18     INFO -  'NUMBER_OF_PROCESSORS': '8',
17:02:18     INFO -  'OS': 'Windows_NT',
17:02:18     INFO -  'OURDRIVE': 'C:',
17:02:18     INFO -  'PATH': 'C:\\Program Files (x86)\\NVIDIA Corporation\\PhysX\\Common;C:\\windows\\system32;C:\\windows;C:\\windows\\System32\\Wbem;C:\\windows\\System32\\WindowsPowerShell\\v1.0\\;C:\\mozilla-build\\python27;C:\\mozilla-build\\python27\\Scripts;C:\\mozilla-build\\msys\\bin;C:\\mozilla-build\\vim\\vim72;C:\\mozilla-build\\wget;C:\\mozilla-build\\info-zip;C:\\CoreUtils\\bin;C:\\mozilla-build\\buildbotve\\scripts;C:\\mozilla-build\\hg',
17:02:18     INFO -  'PATHEXT': '.COM;.EXE;.BAT;.CMD;.VBS;.VBE;.JS;.JSE;.WSF;.WSH;.MSC',
17:02:18     INFO -  'PROCESSOR_ARCHITECTURE': 'x86',
17:02:18     INFO -  'PROCESSOR_ARCHITEW6432': 'AMD64',
17:02:18     INFO -  'PROCESSOR_IDENTIFIER': 'Intel64 Family 6 Model 30 Stepping 5, GenuineIntel',
17:02:18     INFO -  'PROCESSOR_LEVEL': '6',
17:02:18     INFO -  'PROCESSOR_REVISION': '1e05',
17:02:18     INFO -  'PROGRAMDATA': 'C:\\ProgramData',
17:02:18     INFO -  'PROGRAMFILES': 'C:\\Program Files (x86)',
17:02:18     INFO -  'PROGRAMFILES(X86)': 'C:\\Program Files (x86)',
17:02:18     INFO -  'PROGRAMW6432': 'C:\\Program Files',
17:02:18     INFO -  'PROMPT': '$P$G',
17:02:18     INFO -  'PROPERTIES_FILE': 'C:\\slave\\test/buildprops.json',
17:02:18     INFO -  'PSMODULEPATH': 'C:\\windows\\system32\\WindowsPowerShell\\v1.0\\Modules\\',
17:02:18     INFO -  'PUBLIC': 'C:\\Users\\Public',
17:02:18     INFO -  'PWD': 'C:\\slave\\test',
17:02:18     INFO -  'RUNLOGFILE': 'C:\\slave\\\\runslave.log',
17:02:18     INFO -  'SLAVEDIR': 'C:\\slave\\',
17:02:18     INFO -  'SYSTEMDRIVE': 'C:',
17:02:18     INFO -  'SYSTEMROOT': 'C:\\windows',
17:02:18     INFO -  'TEMP': 'C:\\Users\\CLTBLD~1.001\\AppData\\Local\\Temp',
17:02:18     INFO -  'TEST1': 'testie',
17:02:18     INFO -  'TMP': 'C:\\Users\\CLTBLD~1.001\\AppData\\Local\\Temp',
17:02:18     INFO -  'USERDOMAIN': 'T-W864-IX-035',
17:02:18     INFO -  'USERDOMAIN_ROAMINGPROFILE': 'T-W864-IX-035',
17:02:18     INFO -  'USERNAME': 'cltbld',
17:02:18     INFO -  'USERPROFILE': 'C:\\Users\\cltbld.T-W864-IX-035.001',
17:02:18     INFO -  'WINDIR': 'C:\\windows',
17:02:18     INFO -  'XPCOM_DEBUG_BREAK': 'warn'}
17:02:18     INFO -  Ignoring indexes: https://pypi.python.org/simple
17:02:18     INFO -  Processing c:\slave\test\build\tests\mozbase\manifestparser
17:02:19     INFO -  Processing c:\slave\test\build\tests\mozbase\mozcrash
17:02:19     INFO -  Processing c:\slave\test\build\tests\mozbase\mozdebug
17:02:19     INFO -  Processing c:\slave\test\build\tests\mozbase\mozdevice
17:02:19     INFO -  Processing c:\slave\test\build\tests\mozbase\mozfile
17:02:20     INFO -  Processing c:\slave\test\build\tests\mozbase\mozhttpd
17:02:20     INFO -  Processing c:\slave\test\build\tests\mozbase\mozinfo
17:02:20     INFO -  Processing c:\slave\test\build\tests\mozbase\mozinstall
17:02:20     INFO -  Processing c:\slave\test\build\tests\mozbase\mozleak
17:02:21     INFO -  Processing c:\slave\test\build\tests\mozbase\mozlog
17:02:21     INFO -  Processing c:\slave\test\build\tests\mozbase\moznetwork
17:02:21     INFO -  Processing c:\slave\test\build\tests\mozbase\mozprocess
17:02:21     INFO -  Processing c:\slave\test\build\tests\mozbase\mozprofile
17:02:22     INFO -  Processing c:\slave\test\build\tests\mozbase\mozrunner
17:02:22     INFO -  Processing c:\slave\test\build\tests\mozbase\mozscreenshot
17:02:22     INFO -  Processing c:\slave\test\build\tests\mozbase\moztest
17:02:22     INFO -  Processing c:\slave\test\build\tests\mozbase\mozversion
17:02:23     INFO -  Installing collected packages: manifestparser, mozcrash, mozdebug, mozdevice, mozfile, mozhttpd, mozinfo, mozInstall, mozleak, mozlog, moznetwork, mozprocess, mozprofile, mozrunner, mozscreenshot, moztest, mozversion
17:02:23     INFO -    Running setup.py install for manifestparser: started
17:02:24     INFO -      Running setup.py install for manifestparser: finished with status 'done'
17:02:25     INFO -    Running setup.py install for mozcrash: started
17:02:25     INFO -      Running setup.py install for mozcrash: finished with status 'done'
17:02:25     INFO -    Running setup.py install for mozdebug: started
17:02:25     INFO -      Running setup.py install for mozdebug: finished with status 'done'
17:02:25     INFO -    Running setup.py install for mozdevice: started
17:02:26     INFO -      Running setup.py install for mozdevice: finished with status 'done'
17:02:26     INFO -    Running setup.py install for mozfile: started
17:02:27     INFO -      Running setup.py install for mozfile: finished with status 'done'
17:02:27     INFO -    Running setup.py install for mozhttpd: started
17:02:27     INFO -      Running setup.py install for mozhttpd: finished with status 'done'
17:02:27     INFO -    Running setup.py install for mozinfo: started
17:02:28     INFO -      Running setup.py install for mozinfo: finished with status 'done'
17:02:28     INFO -    Running setup.py install for mozInstall: started
17:02:28     INFO -      Running setup.py install for mozInstall: finished with status 'done'
17:02:28     INFO -    Running setup.py install for mozleak: started
17:02:29     INFO -      Running setup.py install for mozleak: finished with status 'done'
17:02:29     INFO -    Running setup.py install for mozlog: started
17:02:29     INFO -      Running setup.py install for mozlog: finished with status 'done'
17:02:30     INFO -    Running setup.py install for moznetwork: started
17:02:30     INFO -      Running setup.py install for moznetwork: finished with status 'done'
17:02:30     INFO -    Running setup.py install for mozprocess: started
17:02:31     INFO -      Running setup.py install for mozprocess: finished with status 'done'
17:02:31     INFO -    Running setup.py install for mozprofile: started
17:02:31     INFO -      Running setup.py install for mozprofile: finished with status 'done'
17:02:32     INFO -    Running setup.py install for mozrunner: started
17:02:32     INFO -      Running setup.py install for mozrunner: finished with status 'done'
17:02:33     INFO -    Running setup.py install for mozscreenshot: started
17:02:33     INFO -      Running setup.py install for mozscreenshot: finished with status 'done'
17:02:33     INFO -    Running setup.py install for moztest: started
17:02:34     INFO -      Running setup.py install for moztest: finished with status 'done'
17:02:34     INFO -    Running setup.py install for mozversion: started
17:02:34     INFO -      Running setup.py install for mozversion: finished with status 'done'
17:02:35     INFO -  Successfully installed manifestparser-1.1 mozInstall-1.12 mozcrash-1.0 mozdebug-0.1 mozdevice-0.48 mozfile-1.2 mozhttpd-0.7 mozinfo-0.9 mozleak-0.1 mozlog-3.4 moznetwork-0.27 mozprocess-0.23 mozprofile-0.28 mozrunner-6.13 mozscreenshot-0.1 moztest-0.8 mozversion-1.4
17:02:35     INFO - Return code: 0
17:02:35     INFO - Installing None into virtualenv C:\slave\test\build\venv
17:02:35     INFO - retry: Calling run_command with args: [['C:\\slave\\test\\build\\venv\\Scripts\\pip', 'install', '--timeout', '120', '-r', 'C:\\slave\\test\\build\\tests\\config\\mozbase_requirements.txt', '--no-index', '--find-links', 'http://pypi.pvt.build.mozilla.org/pub', '--find-links', 'http://pypi.pub.build.mozilla.org/pub', '--trusted-host', 'pypi.pub.build.mozilla.org', '--trusted-host', 'pypi.pvt.build.mozilla.org']], kwargs: {'error_level': 'warning', 'error_list': [{'substr': 'not found or a compiler error:', 'level': 'warning'}, {'regex': <_sre.SRE_Pattern object at 0x022223A0>, 'level': 'error'}, {'regex': <_sre.SRE_Pattern object at 0x0231C020>, 'level': 'warning'}, {'regex': <_sre.SRE_Pattern object at 0x02289D78>, 'level': 'debug'}, {'substr': 'command not found', 'level': 'error'}, {'regex': <_sre.SRE_Pattern object at 0x022CD758>, 'level': 'warning'}, {'substr': 'Traceback (most recent call last)', 'level': 'error'}, {'substr': 'SyntaxError: ', 'level': 'error'}, {'substr': 'TypeError: ', 'level': 'error'}, {'substr': 'NameError: ', 'level': 'error'}, {'substr': 'ZeroDivisionError: ', 'level': 'error'}, {'regex': <_sre.SRE_Pattern object at 0x004BAB20>, 'level': 'critical'}, {'regex': <_sre.SRE_Pattern object at 0x022EC660>, 'level': 'critical'}], 'cwd': 'C:\\slave\\test\\build\\tests\\config', 'env': {'TMP': 'C:\\Users\\CLTBLD~1.001\\AppData\\Local\\Temp', 'TEST1': 'testie', 'COMPUTERNAME': 'T-W864-IX-035', 'USERDOMAIN': 'T-W864-IX-035', 'KTS_VERSION': '1.19c', 'PSMODULEPATH': 'C:\\windows\\system32\\WindowsPowerShell\\v1.0\\Modules\\', 'COMMONPROGRAMFILES': 'C:\\Program Files (x86)\\Common Files', 'PROCESSOR_IDENTIFIER': 'Intel64 Family 6 Model 30 Stepping 5, GenuineIntel', 'PROGRAMFILES': 'C:\\Program Files (x86)', 'PROCESSOR_REVISION': '1e05', 'DNSSUFFIX': 'wintest.releng.scl3.mozilla.com', 'SYSTEMROOT': 'C:\\windows', 'NO_EM_RESTART': '1', 'PROGRAMFILES(X86)': 'C:\\Program Files (x86)', 'OURDRIVE': 'C:', 'MOZ_HIDE_RESULTS_TABLE': '1', 'XPCOM_DEBUG_BREAK': 'warn', 'MONDIR': 'C:\\Monitor_config\\', 'TEMP': 'C:\\Users\\CLTBLD~1.001\\AppData\\Local\\Temp', 'COMMONPROGRAMFILES(X86)': 'C:\\Program Files (x86)\\Common Files', 'RUNLOGFILE': 'C:\\slave\\\\runslave.log', 'PROCESSOR_ARCHITECTURE': 'x86', 'ALLUSERSPROFILE': 'C:\\ProgramData', 'USERPROFILE': 'C:\\Users\\cltbld.T-W864-IX-035.001', 'LOCALAPPDATA': 'C:\\Users\\cltbld.T-W864-IX-035.001\\AppData\\Local', 'HOMEPATH': '\\Users\\cltbld.T-W864-IX-035.001', 'USERDOMAIN_ROAMINGPROFILE': 'T-W864-IX-035', 'MOZBUILDDIR': 'C:\\mozilla-build\\', 'PROGRAMW6432': 'C:\\Program Files', 'USERNAME': 'cltbld', 'LOGONSERVER': '\\\\T-W864-IX-035', 'MOZ_NO_REMOTE': '1', 'COMSPEC': 'C:\\windows\\system32\\cmd.exe', 'PROGRAMDATA': 'C:\\ProgramData', 'PROPERTIES_FILE': 'C:\\slave\\test/buildprops.json', 'PATH': 'C:\\Program Files (x86)\\NVIDIA Corporation\\PhysX\\Common;C:\\windows\\system32;C:\\windows;C:\\windows\\System32\\Wbem;C:\\windows\\System32\\WindowsPowerShell\\v1.0\\;C:\\mozilla-build\\python27;C:\\mozilla-build\\python27\\Scripts;C:\\mozilla-build\\msys\\bin;C:\\mozilla-build\\vim\\vim72;C:\\mozilla-build\\wget;C:\\mozilla-build\\info-zip;C:\\CoreUtils\\bin;C:\\mozilla-build\\buildbotve\\scripts;C:\\mozilla-build\\hg', 'PROMPT': '$P$G', 'NO_FAIL_ON_TEST_ERRORS': '1', 'PATHEXT': '.COM;.EXE;.BAT;.CMD;.VBS;.VBE;.JS;.JSE;.WSF;.WSH;.MSC', 'FP_NO_HOST_CHECK': 'NO', 'DCLOCATION': 'SCL3', 'APPDATA': 'C:\\Users\\cltbld.T-W864-IX-035.001\\AppData\\Roaming', 'HOMEDRIVE': 'C:', 'SYSTEMDRIVE': 'C:', 'SLAVEDIR': 'C:\\slave\\', 'NUMBER_OF_PROCESSORS': '8', 'PWD': 'C:\\slave\\test', 'PROCESSOR_LEVEL': '6', 'KTS_HOME': 'C:\\Program Files\\KTS', 'PROCESSOR_ARCHITEW6432': 'AMD64', 'MOZ_CRASHREPORTER_NO_REPORT': '1', 'COMMONPROGRAMW6432': 'C:\\Program Files\\Common Files', 'OS': 'Windows_NT', 'PUBLIC': 'C:\\Users\\Public', 'WINDIR': 'C:\\windows'}}, attempt #1
17:02:35     INFO - Running command: ['C:\\slave\\test\\build\\venv\\Scripts\\pip', 'install', '--timeout', '120', '-r', 'C:\\slave\\test\\build\\tests\\config\\mozbase_requirements.txt', '--no-index', '--find-links', 'http://pypi.pvt.build.mozilla.org/pub', '--find-links', 'http://pypi.pub.build.mozilla.org/pub', '--trusted-host', 'pypi.pub.build.mozilla.org', '--trusted-host', 'pypi.pvt.build.mozilla.org'] in C:\slave\test\build\tests\config
17:02:35     INFO - Copy/paste: C:\slave\test\build\venv\Scripts\pip install --timeout 120 -r C:\slave\test\build\tests\config\mozbase_requirements.txt --no-index --find-links http://pypi.pvt.build.mozilla.org/pub --find-links http://pypi.pub.build.mozilla.org/pub --trusted-host pypi.pub.build.mozilla.org --trusted-host pypi.pvt.build.mozilla.org
17:02:35     INFO - Using env: {'ALLUSERSPROFILE': 'C:\\ProgramData',
17:02:35     INFO -  'APPDATA': 'C:\\Users\\cltbld.T-W864-IX-035.001\\AppData\\Roaming',
17:02:35     INFO -  'COMMONPROGRAMFILES': 'C:\\Program Files (x86)\\Common Files',
17:02:35     INFO -  'COMMONPROGRAMFILES(X86)': 'C:\\Program Files (x86)\\Common Files',
17:02:35     INFO -  'COMMONPROGRAMW6432': 'C:\\Program Files\\Common Files',
17:02:35     INFO -  'COMPUTERNAME': 'T-W864-IX-035',
17:02:35     INFO -  'COMSPEC': 'C:\\windows\\system32\\cmd.exe',
17:02:35     INFO -  'DCLOCATION': 'SCL3',
17:02:35     INFO -  'DNSSUFFIX': 'wintest.releng.scl3.mozilla.com',
17:02:35     INFO -  'FP_NO_HOST_CHECK': 'NO',
17:02:35     INFO -  'HOMEDRIVE': 'C:',
17:02:35     INFO -  'HOMEPATH': '\\Users\\cltbld.T-W864-IX-035.001',
17:02:35     INFO -  'KTS_HOME': 'C:\\Program Files\\KTS',
17:02:35     INFO -  'KTS_VERSION': '1.19c',
17:02:35     INFO -  'LOCALAPPDATA': 'C:\\Users\\cltbld.T-W864-IX-035.001\\AppData\\Local',
17:02:35     INFO -  'LOGONSERVER': '\\\\T-W864-IX-035',
17:02:35     INFO -  'MONDIR': 'C:\\Monitor_config\\',
17:02:35     INFO -  'MOZBUILDDIR': 'C:\\mozilla-build\\',
17:02:35     INFO -  'MOZ_CRASHREPORTER_NO_REPORT': '1',
17:02:35     INFO -  'MOZ_HIDE_RESULTS_TABLE': '1',
17:02:35     INFO -  'MOZ_NO_REMOTE': '1',
17:02:35     INFO -  'NO_EM_RESTART': '1',
17:02:35     INFO -  'NO_FAIL_ON_TEST_ERRORS': '1',
17:02:35     INFO -  'NUMBER_OF_PROCESSORS': '8',
17:02:35     INFO -  'OS': 'Windows_NT',
17:02:35     INFO -  'OURDRIVE': 'C:',
17:02:35     INFO -  'PATH': 'C:\\Program Files (x86)\\NVIDIA Corporation\\PhysX\\Common;C:\\windows\\system32;C:\\windows;C:\\windows\\System32\\Wbem;C:\\windows\\System32\\WindowsPowerShell\\v1.0\\;C:\\mozilla-build\\python27;C:\\mozilla-build\\python27\\Scripts;C:\\mozilla-build\\msys\\bin;C:\\mozilla-build\\vim\\vim72;C:\\mozilla-build\\wget;C:\\mozilla-build\\info-zip;C:\\CoreUtils\\bin;C:\\mozilla-build\\buildbotve\\scripts;C:\\mozilla-build\\hg',
17:02:35     INFO -  'PATHEXT': '.COM;.EXE;.BAT;.CMD;.VBS;.VBE;.JS;.JSE;.WSF;.WSH;.MSC',
17:02:35     INFO -  'PROCESSOR_ARCHITECTURE': 'x86',
17:02:35     INFO -  'PROCESSOR_ARCHITEW6432': 'AMD64',
17:02:35     INFO -  'PROCESSOR_IDENTIFIER': 'Intel64 Family 6 Model 30 Stepping 5, GenuineIntel',
17:02:35     INFO -  'PROCESSOR_LEVEL': '6',
17:02:35     INFO -  'PROCESSOR_REVISION': '1e05',
17:02:35     INFO -  'PROGRAMDATA': 'C:\\ProgramData',
17:02:35     INFO -  'PROGRAMFILES': 'C:\\Program Files (x86)',
17:02:35     INFO -  'PROGRAMFILES(X86)': 'C:\\Program Files (x86)',
17:02:35     INFO -  'PROGRAMW6432': 'C:\\Program Files',
17:02:35     INFO -  'PROMPT': '$P$G',
17:02:35     INFO -  'PROPERTIES_FILE': 'C:\\slave\\test/buildprops.json',
17:02:35     INFO -  'PSMODULEPATH': 'C:\\windows\\system32\\WindowsPowerShell\\v1.0\\Modules\\',
17:02:35     INFO -  'PUBLIC': 'C:\\Users\\Public',
17:02:35     INFO -  'PWD': 'C:\\slave\\test',
17:02:35     INFO -  'RUNLOGFILE': 'C:\\slave\\\\runslave.log',
17:02:35     INFO -  'SLAVEDIR': 'C:\\slave\\',
17:02:35     INFO -  'SYSTEMDRIVE': 'C:',
17:02:35     INFO -  'SYSTEMROOT': 'C:\\windows',
17:02:35     INFO -  'TEMP': 'C:\\Users\\CLTBLD~1.001\\AppData\\Local\\Temp',
17:02:35     INFO -  'TEST1': 'testie',
17:02:35     INFO -  'TMP': 'C:\\Users\\CLTBLD~1.001\\AppData\\Local\\Temp',
17:02:35     INFO -  'USERDOMAIN': 'T-W864-IX-035',
17:02:35     INFO -  'USERDOMAIN_ROAMINGPROFILE': 'T-W864-IX-035',
17:02:35     INFO -  'USERNAME': 'cltbld',
17:02:35     INFO -  'USERPROFILE': 'C:\\Users\\cltbld.T-W864-IX-035.001',
17:02:35     INFO -  'WINDIR': 'C:\\windows',
17:02:35     INFO -  'XPCOM_DEBUG_BREAK': 'warn'}
17:02:36     INFO -  Ignoring indexes: https://pypi.python.org/simple
17:02:36     INFO -  Processing c:\slave\test\build\tests\mozbase\manifestparser
17:02:36     INFO -    Requirement already satisfied (use --upgrade to upgrade): manifestparser==1.1 from file:///C:/slave/test/build/tests/mozbase/manifestparser in c:\slave\test\build\venv\lib\site-packages (from -r C:\slave\test\build\tests\config\mozbase_requirements.txt (line 1))
17:02:36     INFO -  Processing c:\slave\test\build\tests\mozbase\mozcrash
17:02:36     INFO -    Requirement already satisfied (use --upgrade to upgrade): mozcrash==1.0 from file:///C:/slave/test/build/tests/mozbase/mozcrash in c:\slave\test\build\venv\lib\site-packages (from -r C:\slave\test\build\tests\config\mozbase_requirements.txt (line 2))
17:02:36     INFO -  Processing c:\slave\test\build\tests\mozbase\mozdebug
17:02:36     INFO -    Requirement already satisfied (use --upgrade to upgrade): mozdebug==0.1 from file:///C:/slave/test/build/tests/mozbase/mozdebug in c:\slave\test\build\venv\lib\site-packages (from -r C:\slave\test\build\tests\config\mozbase_requirements.txt (line 3))
17:02:36     INFO -  Processing c:\slave\test\build\tests\mozbase\mozdevice
17:02:37     INFO -    Requirement already satisfied (use --upgrade to upgrade): mozdevice==0.48 from file:///C:/slave/test/build/tests/mozbase/mozdevice in c:\slave\test\build\venv\lib\site-packages (from -r C:\slave\test\build\tests\config\mozbase_requirements.txt (line 4))
17:02:37     INFO -  Processing c:\slave\test\build\tests\mozbase\mozfile
17:02:37     INFO -    Requirement already satisfied (use --upgrade to upgrade): mozfile==1.2 from file:///C:/slave/test/build/tests/mozbase/mozfile in c:\slave\test\build\venv\lib\site-packages (from -r C:\slave\test\build\tests\config\mozbase_requirements.txt (line 5))
17:02:37     INFO -  Processing c:\slave\test\build\tests\mozbase\mozhttpd
17:02:37     INFO -    Requirement already satisfied (use --upgrade to upgrade): mozhttpd==0.7 from file:///C:/slave/test/build/tests/mozbase/mozhttpd in c:\slave\test\build\venv\lib\site-packages (from -r C:\slave\test\build\tests\config\mozbase_requirements.txt (line 6))
17:02:37     INFO -  Processing c:\slave\test\build\tests\mozbase\mozinfo
17:02:38     INFO -    Requirement already satisfied (use --upgrade to upgrade): mozinfo==0.9 from file:///C:/slave/test/build/tests/mozbase/mozinfo in c:\slave\test\build\venv\lib\site-packages (from -r C:\slave\test\build\tests\config\mozbase_requirements.txt (line 7))
17:02:38     INFO -  Processing c:\slave\test\build\tests\mozbase\mozinstall
17:02:38     INFO -    Requirement already satisfied (use --upgrade to upgrade): mozInstall==1.12 from file:///C:/slave/test/build/tests/mozbase/mozinstall in c:\slave\test\build\venv\lib\site-packages (from -r C:\slave\test\build\tests\config\mozbase_requirements.txt (line 8))
17:02:38     INFO -  Processing c:\slave\test\build\tests\mozbase\mozleak
17:02:38     INFO -    Requirement already satisfied (use --upgrade to upgrade): mozleak==0.1 from file:///C:/slave/test/build/tests/mozbase/mozleak in c:\slave\test\build\venv\lib\site-packages (from -r C:\slave\test\build\tests\config\mozbase_requirements.txt (line 9))
17:02:38     INFO -  Processing c:\slave\test\build\tests\mozbase\mozlog
17:02:38     INFO -    Requirement already satisfied (use --upgrade to upgrade): mozlog==3.4 from file:///C:/slave/test/build/tests/mozbase/mozlog in c:\slave\test\build\venv\lib\site-packages (from -r C:\slave\test\build\tests\config\mozbase_requirements.txt (line 10))
17:02:38     INFO -  Processing c:\slave\test\build\tests\mozbase\moznetwork
17:02:39     INFO -    Requirement already satisfied (use --upgrade to upgrade): moznetwork==0.27 from file:///C:/slave/test/build/tests/mozbase/moznetwork in c:\slave\test\build\venv\lib\site-packages (from -r C:\slave\test\build\tests\config\mozbase_requirements.txt (line 11))
17:02:39     INFO -  Processing c:\slave\test\build\tests\mozbase\mozprocess
17:02:39     INFO -    Requirement already satisfied (use --upgrade to upgrade): mozprocess==0.23 from file:///C:/slave/test/build/tests/mozbase/mozprocess in c:\slave\test\build\venv\lib\site-packages (from -r C:\slave\test\build\tests\config\mozbase_requirements.txt (line 12))
17:02:39     INFO -  Processing c:\slave\test\build\tests\mozbase\mozprofile
17:02:39     INFO -    Requirement already satisfied (use --upgrade to upgrade): mozprofile==0.28 from file:///C:/slave/test/build/tests/mozbase/mozprofile in c:\slave\test\build\venv\lib\site-packages (from -r C:\slave\test\build\tests\config\mozbase_requirements.txt (line 13))
17:02:39     INFO -  Processing c:\slave\test\build\tests\mozbase\mozrunner
17:02:40     INFO -    Requirement already satisfied (use --upgrade to upgrade): mozrunner==6.13 from file:///C:/slave/test/build/tests/mozbase/mozrunner in c:\slave\test\build\venv\lib\site-packages (from -r C:\slave\test\build\tests\config\mozbase_requirements.txt (line 14))
17:02:40     INFO -  Processing c:\slave\test\build\tests\mozbase\mozscreenshot
17:02:40     INFO -    Requirement already satisfied (use --upgrade to upgrade): mozscreenshot==0.1 from file:///C:/slave/test/build/tests/mozbase/mozscreenshot in c:\slave\test\build\venv\lib\site-packages (from -r C:\slave\test\build\tests\config\mozbase_requirements.txt (line 15))
17:02:40     INFO -  Processing c:\slave\test\build\tests\mozbase\moztest
17:02:40     INFO -    Requirement already satisfied (use --upgrade to upgrade): moztest==0.8 from file:///C:/slave/test/build/tests/mozbase/moztest in c:\slave\test\build\venv\lib\site-packages (from -r C:\slave\test\build\tests\config\mozbase_requirements.txt (line 16))
17:02:40     INFO -  Processing c:\slave\test\build\tests\mozbase\mozversion
17:02:40     INFO -    Requirement already satisfied (use --upgrade to upgrade): mozversion==1.4 from file:///C:/slave/test/build/tests/mozbase/mozversion in c:\slave\test\build\venv\lib\site-packages (from -r C:\slave\test\build\tests\config\mozbase_requirements.txt (line 17))
17:02:40     INFO -  Requirement already satisfied (use --upgrade to upgrade): mozfile>=1.0 in c:\slave\test\build\venv\lib\site-packages (from mozcrash==1.0->-r C:\slave\test\build\tests\config\mozbase_requirements.txt (line 2))
17:02:40     INFO -  Requirement already satisfied (use --upgrade to upgrade): mozlog>=3.0 in c:\slave\test\build\venv\lib\site-packages (from mozcrash==1.0->-r C:\slave\test\build\tests\config\mozbase_requirements.txt (line 2))
17:02:40     INFO -  Requirement already satisfied (use --upgrade to upgrade): mozinfo in c:\slave\test\build\venv\lib\site-packages (from mozdebug==0.1->-r C:\slave\test\build\tests\config\mozbase_requirements.txt (line 3))
17:02:40     INFO -  Requirement already satisfied (use --upgrade to upgrade): moznetwork>=0.24 in c:\slave\test\build\venv\lib\site-packages (from mozdevice==0.48->-r C:\slave\test\build\tests\config\mozbase_requirements.txt (line 4))
17:02:40     INFO -  Requirement already satisfied (use --upgrade to upgrade): mozprocess>=0.19 in c:\slave\test\build\venv\lib\site-packages (from mozdevice==0.48->-r C:\slave\test\build\tests\config\mozbase_requirements.txt (line 4))
17:02:40     INFO -  Collecting blessings>=1.3 (from mozlog==3.4->-r C:\slave\test\build\tests\config\mozbase_requirements.txt (line 10))
17:02:42     INFO -  Installing collected packages: blessings
17:02:42     INFO -  Successfully installed blessings-1.6
17:02:45     INFO - Return code: 0
17:02:45     INFO - Installing pip>=1.5 into virtualenv C:\slave\test\build\venv
17:02:45     INFO - retry: Calling run_command with args: [['C:\\slave\\test\\build\\venv\\Scripts\\pip', 'install', '--timeout', '120', '--no-index', '--find-links', 'http://pypi.pvt.build.mozilla.org/pub', '--find-links', 'http://pypi.pub.build.mozilla.org/pub', '--trusted-host', 'pypi.pub.build.mozilla.org', '--trusted-host', 'pypi.pvt.build.mozilla.org', 'pip>=1.5']], kwargs: {'error_level': 'warning', 'error_list': [{'substr': 'not found or a compiler error:', 'level': 'warning'}, {'regex': <_sre.SRE_Pattern object at 0x022223A0>, 'level': 'error'}, {'regex': <_sre.SRE_Pattern object at 0x0231C020>, 'level': 'warning'}, {'regex': <_sre.SRE_Pattern object at 0x02289D78>, 'level': 'debug'}, {'substr': 'command not found', 'level': 'error'}, {'regex': <_sre.SRE_Pattern object at 0x022CD758>, 'level': 'warning'}, {'substr': 'Traceback (most recent call last)', 'level': 'error'}, {'substr': 'SyntaxError: ', 'level': 'error'}, {'substr': 'TypeError: ', 'level': 'error'}, {'substr': 'NameError: ', 'level': 'error'}, {'substr': 'ZeroDivisionError: ', 'level': 'error'}, {'regex': <_sre.SRE_Pattern object at 0x004BAB20>, 'level': 'critical'}, {'regex': <_sre.SRE_Pattern object at 0x022EC660>, 'level': 'critical'}], 'cwd': 'C:\\slave\\test\\build', 'env': {'TMP': 'C:\\Users\\CLTBLD~1.001\\AppData\\Local\\Temp', 'TEST1': 'testie', 'COMPUTERNAME': 'T-W864-IX-035', 'USERDOMAIN': 'T-W864-IX-035', 'KTS_VERSION': '1.19c', 'PSMODULEPATH': 'C:\\windows\\system32\\WindowsPowerShell\\v1.0\\Modules\\', 'COMMONPROGRAMFILES': 'C:\\Program Files (x86)\\Common Files', 'PROCESSOR_IDENTIFIER': 'Intel64 Family 6 Model 30 Stepping 5, GenuineIntel', 'PROGRAMFILES': 'C:\\Program Files (x86)', 'PROCESSOR_REVISION': '1e05', 'DNSSUFFIX': 'wintest.releng.scl3.mozilla.com', 'SYSTEMROOT': 'C:\\windows', 'NO_EM_RESTART': '1', 'PROGRAMFILES(X86)': 'C:\\Program Files (x86)', 'OURDRIVE': 'C:', 'MOZ_HIDE_RESULTS_TABLE': '1', 'XPCOM_DEBUG_BREAK': 'warn', 'MONDIR': 'C:\\Monitor_config\\', 'TEMP': 'C:\\Users\\CLTBLD~1.001\\AppData\\Local\\Temp', 'COMMONPROGRAMFILES(X86)': 'C:\\Program Files (x86)\\Common Files', 'RUNLOGFILE': 'C:\\slave\\\\runslave.log', 'PROCESSOR_ARCHITECTURE': 'x86', 'ALLUSERSPROFILE': 'C:\\ProgramData', 'USERPROFILE': 'C:\\Users\\cltbld.T-W864-IX-035.001', 'LOCALAPPDATA': 'C:\\Users\\cltbld.T-W864-IX-035.001\\AppData\\Local', 'HOMEPATH': '\\Users\\cltbld.T-W864-IX-035.001', 'USERDOMAIN_ROAMINGPROFILE': 'T-W864-IX-035', 'MOZBUILDDIR': 'C:\\mozilla-build\\', 'PROGRAMW6432': 'C:\\Program Files', 'USERNAME': 'cltbld', 'LOGONSERVER': '\\\\T-W864-IX-035', 'MOZ_NO_REMOTE': '1', 'COMSPEC': 'C:\\windows\\system32\\cmd.exe', 'PROGRAMDATA': 'C:\\ProgramData', 'PROPERTIES_FILE': 'C:\\slave\\test/buildprops.json', 'PATH': 'C:\\Program Files (x86)\\NVIDIA Corporation\\PhysX\\Common;C:\\windows\\system32;C:\\windows;C:\\windows\\System32\\Wbem;C:\\windows\\System32\\WindowsPowerShell\\v1.0\\;C:\\mozilla-build\\python27;C:\\mozilla-build\\python27\\Scripts;C:\\mozilla-build\\msys\\bin;C:\\mozilla-build\\vim\\vim72;C:\\mozilla-build\\wget;C:\\mozilla-build\\info-zip;C:\\CoreUtils\\bin;C:\\mozilla-build\\buildbotve\\scripts;C:\\mozilla-build\\hg', 'PROMPT': '$P$G', 'NO_FAIL_ON_TEST_ERRORS': '1', 'PATHEXT': '.COM;.EXE;.BAT;.CMD;.VBS;.VBE;.JS;.JSE;.WSF;.WSH;.MSC', 'FP_NO_HOST_CHECK': 'NO', 'DCLOCATION': 'SCL3', 'APPDATA': 'C:\\Users\\cltbld.T-W864-IX-035.001\\AppData\\Roaming', 'HOMEDRIVE': 'C:', 'SYSTEMDRIVE': 'C:', 'SLAVEDIR': 'C:\\slave\\', 'NUMBER_OF_PROCESSORS': '8', 'PWD': 'C:\\slave\\test', 'PROCESSOR_LEVEL': '6', 'KTS_HOME': 'C:\\Program Files\\KTS', 'PROCESSOR_ARCHITEW6432': 'AMD64', 'MOZ_CRASHREPORTER_NO_REPORT': '1', 'COMMONPROGRAMW6432': 'C:\\Program Files\\Common Files', 'OS': 'Windows_NT', 'PUBLIC': 'C:\\Users\\Public', 'WINDIR': 'C:\\windows'}}, attempt #1
17:02:45     INFO - Running command: ['C:\\slave\\test\\build\\venv\\Scripts\\pip', 'install', '--timeout', '120', '--no-index', '--find-links', 'http://pypi.pvt.build.mozilla.org/pub', '--find-links', 'http://pypi.pub.build.mozilla.org/pub', '--trusted-host', 'pypi.pub.build.mozilla.org', '--trusted-host', 'pypi.pvt.build.mozilla.org', 'pip>=1.5'] in C:\slave\test\build
17:02:45     INFO - Copy/paste: C:\slave\test\build\venv\Scripts\pip install --timeout 120 --no-index --find-links http://pypi.pvt.build.mozilla.org/pub --find-links http://pypi.pub.build.mozilla.org/pub --trusted-host pypi.pub.build.mozilla.org --trusted-host pypi.pvt.build.mozilla.org pip>=1.5
17:02:45     INFO - Using env: {'ALLUSERSPROFILE': 'C:\\ProgramData',
17:02:45     INFO -  'APPDATA': 'C:\\Users\\cltbld.T-W864-IX-035.001\\AppData\\Roaming',
17:02:45     INFO -  'COMMONPROGRAMFILES': 'C:\\Program Files (x86)\\Common Files',
17:02:45     INFO -  'COMMONPROGRAMFILES(X86)': 'C:\\Program Files (x86)\\Common Files',
17:02:45     INFO -  'COMMONPROGRAMW6432': 'C:\\Program Files\\Common Files',
17:02:45     INFO -  'COMPUTERNAME': 'T-W864-IX-035',
17:02:45     INFO -  'COMSPEC': 'C:\\windows\\system32\\cmd.exe',
17:02:45     INFO -  'DCLOCATION': 'SCL3',
17:02:45     INFO -  'DNSSUFFIX': 'wintest.releng.scl3.mozilla.com',
17:02:45     INFO -  'FP_NO_HOST_CHECK': 'NO',
17:02:45     INFO -  'HOMEDRIVE': 'C:',
17:02:45     INFO -  'HOMEPATH': '\\Users\\cltbld.T-W864-IX-035.001',
17:02:45     INFO -  'KTS_HOME': 'C:\\Program Files\\KTS',
17:02:45     INFO -  'KTS_VERSION': '1.19c',
17:02:45     INFO -  'LOCALAPPDATA': 'C:\\Users\\cltbld.T-W864-IX-035.001\\AppData\\Local',
17:02:45     INFO -  'LOGONSERVER': '\\\\T-W864-IX-035',
17:02:45     INFO -  'MONDIR': 'C:\\Monitor_config\\',
17:02:45     INFO -  'MOZBUILDDIR': 'C:\\mozilla-build\\',
17:02:45     INFO -  'MOZ_CRASHREPORTER_NO_REPORT': '1',
17:02:45     INFO -  'MOZ_HIDE_RESULTS_TABLE': '1',
17:02:45     INFO -  'MOZ_NO_REMOTE': '1',
17:02:45     INFO -  'NO_EM_RESTART': '1',
17:02:45     INFO -  'NO_FAIL_ON_TEST_ERRORS': '1',
17:02:45     INFO -  'NUMBER_OF_PROCESSORS': '8',
17:02:45     INFO -  'OS': 'Windows_NT',
17:02:45     INFO -  'OURDRIVE': 'C:',
17:02:45     INFO -  'PATH': 'C:\\Program Files (x86)\\NVIDIA Corporation\\PhysX\\Common;C:\\windows\\system32;C:\\windows;C:\\windows\\System32\\Wbem;C:\\windows\\System32\\WindowsPowerShell\\v1.0\\;C:\\mozilla-build\\python27;C:\\mozilla-build\\python27\\Scripts;C:\\mozilla-build\\msys\\bin;C:\\mozilla-build\\vim\\vim72;C:\\mozilla-build\\wget;C:\\mozilla-build\\info-zip;C:\\CoreUtils\\bin;C:\\mozilla-build\\buildbotve\\scripts;C:\\mozilla-build\\hg',
17:02:45     INFO -  'PATHEXT': '.COM;.EXE;.BAT;.CMD;.VBS;.VBE;.JS;.JSE;.WSF;.WSH;.MSC',
17:02:45     INFO -  'PROCESSOR_ARCHITECTURE': 'x86',
17:02:45     INFO -  'PROCESSOR_ARCHITEW6432': 'AMD64',
17:02:45     INFO -  'PROCESSOR_IDENTIFIER': 'Intel64 Family 6 Model 30 Stepping 5, GenuineIntel',
17:02:45     INFO -  'PROCESSOR_LEVEL': '6',
17:02:45     INFO -  'PROCESSOR_REVISION': '1e05',
17:02:45     INFO -  'PROGRAMDATA': 'C:\\ProgramData',
17:02:45     INFO -  'PROGRAMFILES': 'C:\\Program Files (x86)',
17:02:45     INFO -  'PROGRAMFILES(X86)': 'C:\\Program Files (x86)',
17:02:45     INFO -  'PROGRAMW6432': 'C:\\Program Files',
17:02:45     INFO -  'PROMPT': '$P$G',
17:02:45     INFO -  'PROPERTIES_FILE': 'C:\\slave\\test/buildprops.json',
17:02:45     INFO -  'PSMODULEPATH': 'C:\\windows\\system32\\WindowsPowerShell\\v1.0\\Modules\\',
17:02:45     INFO -  'PUBLIC': 'C:\\Users\\Public',
17:02:45     INFO -  'PWD': 'C:\\slave\\test',
17:02:45     INFO -  'RUNLOGFILE': 'C:\\slave\\\\runslave.log',
17:02:45     INFO -  'SLAVEDIR': 'C:\\slave\\',
17:02:45     INFO -  'SYSTEMDRIVE': 'C:',
17:02:45     INFO -  'SYSTEMROOT': 'C:\\windows',
17:02:45     INFO -  'TEMP': 'C:\\Users\\CLTBLD~1.001\\AppData\\Local\\Temp',
17:02:45     INFO -  'TEST1': 'testie',
17:02:45     INFO -  'TMP': 'C:\\Users\\CLTBLD~1.001\\AppData\\Local\\Temp',
17:02:45     INFO -  'USERDOMAIN': 'T-W864-IX-035',
17:02:45     INFO -  'USERDOMAIN_ROAMINGPROFILE': 'T-W864-IX-035',
17:02:45     INFO -  'USERNAME': 'cltbld',
17:02:45     INFO -  'USERPROFILE': 'C:\\Users\\cltbld.T-W864-IX-035.001',
17:02:45     INFO -  'WINDIR': 'C:\\windows',
17:02:45     INFO -  'XPCOM_DEBUG_BREAK': 'warn'}
17:02:46     INFO -  Ignoring indexes: https://pypi.python.org/simple
17:02:46     INFO -  Requirement already satisfied (use --upgrade to upgrade): pip>=1.5 in c:\slave\test\build\venv\lib\site-packages
17:02:46     INFO - Return code: 0
17:02:46     INFO - Installing psutil==3.1.1 into virtualenv C:\slave\test\build\venv
17:02:46     INFO - retry: Calling run_command with args: [['C:\\slave\\test\\build\\venv\\Scripts\\pip', 'install', '--timeout', '120', '--no-index', '--find-links', 'http://pypi.pvt.build.mozilla.org/pub', '--find-links', 'http://pypi.pub.build.mozilla.org/pub', '--trusted-host', 'pypi.pub.build.mozilla.org', '--trusted-host', 'pypi.pvt.build.mozilla.org', 'psutil==3.1.1']], kwargs: {'error_level': 'warning', 'error_list': [{'substr': 'not found or a compiler error:', 'level': 'warning'}, {'regex': <_sre.SRE_Pattern object at 0x022223A0>, 'level': 'error'}, {'regex': <_sre.SRE_Pattern object at 0x0231C020>, 'level': 'warning'}, {'regex': <_sre.SRE_Pattern object at 0x02289D78>, 'level': 'debug'}, {'substr': 'command not found', 'level': 'error'}, {'regex': <_sre.SRE_Pattern object at 0x022CD758>, 'level': 'warning'}, {'substr': 'Traceback (most recent call last)', 'level': 'error'}, {'substr': 'SyntaxError: ', 'level': 'error'}, {'substr': 'TypeError: ', 'level': 'error'}, {'substr': 'NameError: ', 'level': 'error'}, {'substr': 'ZeroDivisionError: ', 'level': 'error'}, {'regex': <_sre.SRE_Pattern object at 0x004BAB20>, 'level': 'critical'}, {'regex': <_sre.SRE_Pattern object at 0x022EC660>, 'level': 'critical'}], 'cwd': 'C:\\slave\\test\\build', 'env': {'TMP': 'C:\\Users\\CLTBLD~1.001\\AppData\\Local\\Temp', 'TEST1': 'testie', 'COMPUTERNAME': 'T-W864-IX-035', 'USERDOMAIN': 'T-W864-IX-035', 'KTS_VERSION': '1.19c', 'PSMODULEPATH': 'C:\\windows\\system32\\WindowsPowerShell\\v1.0\\Modules\\', 'COMMONPROGRAMFILES': 'C:\\Program Files (x86)\\Common Files', 'PROCESSOR_IDENTIFIER': 'Intel64 Family 6 Model 30 Stepping 5, GenuineIntel', 'PROGRAMFILES': 'C:\\Program Files (x86)', 'PROCESSOR_REVISION': '1e05', 'DNSSUFFIX': 'wintest.releng.scl3.mozilla.com', 'SYSTEMROOT': 'C:\\windows', 'NO_EM_RESTART': '1', 'PROGRAMFILES(X86)': 'C:\\Program Files (x86)', 'OURDRIVE': 'C:', 'MOZ_HIDE_RESULTS_TABLE': '1', 'XPCOM_DEBUG_BREAK': 'warn', 'MONDIR': 'C:\\Monitor_config\\', 'TEMP': 'C:\\Users\\CLTBLD~1.001\\AppData\\Local\\Temp', 'COMMONPROGRAMFILES(X86)': 'C:\\Program Files (x86)\\Common Files', 'RUNLOGFILE': 'C:\\slave\\\\runslave.log', 'PROCESSOR_ARCHITECTURE': 'x86', 'ALLUSERSPROFILE': 'C:\\ProgramData', 'USERPROFILE': 'C:\\Users\\cltbld.T-W864-IX-035.001', 'LOCALAPPDATA': 'C:\\Users\\cltbld.T-W864-IX-035.001\\AppData\\Local', 'HOMEPATH': '\\Users\\cltbld.T-W864-IX-035.001', 'USERDOMAIN_ROAMINGPROFILE': 'T-W864-IX-035', 'MOZBUILDDIR': 'C:\\mozilla-build\\', 'PROGRAMW6432': 'C:\\Program Files', 'USERNAME': 'cltbld', 'LOGONSERVER': '\\\\T-W864-IX-035', 'MOZ_NO_REMOTE': '1', 'COMSPEC': 'C:\\windows\\system32\\cmd.exe', 'PROGRAMDATA': 'C:\\ProgramData', 'PROPERTIES_FILE': 'C:\\slave\\test/buildprops.json', 'PATH': 'C:\\Program Files (x86)\\NVIDIA Corporation\\PhysX\\Common;C:\\windows\\system32;C:\\windows;C:\\windows\\System32\\Wbem;C:\\windows\\System32\\WindowsPowerShell\\v1.0\\;C:\\mozilla-build\\python27;C:\\mozilla-build\\python27\\Scripts;C:\\mozilla-build\\msys\\bin;C:\\mozilla-build\\vim\\vim72;C:\\mozilla-build\\wget;C:\\mozilla-build\\info-zip;C:\\CoreUtils\\bin;C:\\mozilla-build\\buildbotve\\scripts;C:\\mozilla-build\\hg', 'PROMPT': '$P$G', 'NO_FAIL_ON_TEST_ERRORS': '1', 'PATHEXT': '.COM;.EXE;.BAT;.CMD;.VBS;.VBE;.JS;.JSE;.WSF;.WSH;.MSC', 'FP_NO_HOST_CHECK': 'NO', 'DCLOCATION': 'SCL3', 'APPDATA': 'C:\\Users\\cltbld.T-W864-IX-035.001\\AppData\\Roaming', 'HOMEDRIVE': 'C:', 'SYSTEMDRIVE': 'C:', 'SLAVEDIR': 'C:\\slave\\', 'NUMBER_OF_PROCESSORS': '8', 'PWD': 'C:\\slave\\test', 'PROCESSOR_LEVEL': '6', 'KTS_HOME': 'C:\\Program Files\\KTS', 'PROCESSOR_ARCHITEW6432': 'AMD64', 'MOZ_CRASHREPORTER_NO_REPORT': '1', 'COMMONPROGRAMW6432': 'C:\\Program Files\\Common Files', 'OS': 'Windows_NT', 'PUBLIC': 'C:\\Users\\Public', 'WINDIR': 'C:\\windows'}}, attempt #1
17:02:46     INFO - Running command: ['C:\\slave\\test\\build\\venv\\Scripts\\pip', 'install', '--timeout', '120', '--no-index', '--find-links', 'http://pypi.pvt.build.mozilla.org/pub', '--find-links', 'http://pypi.pub.build.mozilla.org/pub', '--trusted-host', 'pypi.pub.build.mozilla.org', '--trusted-host', 'pypi.pvt.build.mozilla.org', 'psutil==3.1.1'] in C:\slave\test\build
17:02:46     INFO - Copy/paste: C:\slave\test\build\venv\Scripts\pip install --timeout 120 --no-index --find-links http://pypi.pvt.build.mozilla.org/pub --find-links http://pypi.pub.build.mozilla.org/pub --trusted-host pypi.pub.build.mozilla.org --trusted-host pypi.pvt.build.mozilla.org psutil==3.1.1
17:02:46     INFO - Using env: {'ALLUSERSPROFILE': 'C:\\ProgramData',
17:02:46     INFO -  'APPDATA': 'C:\\Users\\cltbld.T-W864-IX-035.001\\AppData\\Roaming',
17:02:46     INFO -  'COMMONPROGRAMFILES': 'C:\\Program Files (x86)\\Common Files',
17:02:46     INFO -  'COMMONPROGRAMFILES(X86)': 'C:\\Program Files (x86)\\Common Files',
17:02:46     INFO -  'COMMONPROGRAMW6432': 'C:\\Program Files\\Common Files',
17:02:46     INFO -  'COMPUTERNAME': 'T-W864-IX-035',
17:02:46     INFO -  'COMSPEC': 'C:\\windows\\system32\\cmd.exe',
17:02:46     INFO -  'DCLOCATION': 'SCL3',
17:02:46     INFO -  'DNSSUFFIX': 'wintest.releng.scl3.mozilla.com',
17:02:46     INFO -  'FP_NO_HOST_CHECK': 'NO',
17:02:46     INFO -  'HOMEDRIVE': 'C:',
17:02:46     INFO -  'HOMEPATH': '\\Users\\cltbld.T-W864-IX-035.001',
17:02:46     INFO -  'KTS_HOME': 'C:\\Program Files\\KTS',
17:02:46     INFO -  'KTS_VERSION': '1.19c',
17:02:46     INFO -  'LOCALAPPDATA': 'C:\\Users\\cltbld.T-W864-IX-035.001\\AppData\\Local',
17:02:46     INFO -  'LOGONSERVER': '\\\\T-W864-IX-035',
17:02:46     INFO -  'MONDIR': 'C:\\Monitor_config\\',
17:02:46     INFO -  'MOZBUILDDIR': 'C:\\mozilla-build\\',
17:02:46     INFO -  'MOZ_CRASHREPORTER_NO_REPORT': '1',
17:02:46     INFO -  'MOZ_HIDE_RESULTS_TABLE': '1',
17:02:46     INFO -  'MOZ_NO_REMOTE': '1',
17:02:46     INFO -  'NO_EM_RESTART': '1',
17:02:46     INFO -  'NO_FAIL_ON_TEST_ERRORS': '1',
17:02:46     INFO -  'NUMBER_OF_PROCESSORS': '8',
17:02:46     INFO -  'OS': 'Windows_NT',
17:02:46     INFO -  'OURDRIVE': 'C:',
17:02:46     INFO -  'PATH': 'C:\\Program Files (x86)\\NVIDIA Corporation\\PhysX\\Common;C:\\windows\\system32;C:\\windows;C:\\windows\\System32\\Wbem;C:\\windows\\System32\\WindowsPowerShell\\v1.0\\;C:\\mozilla-build\\python27;C:\\mozilla-build\\python27\\Scripts;C:\\mozilla-build\\msys\\bin;C:\\mozilla-build\\vim\\vim72;C:\\mozilla-build\\wget;C:\\mozilla-build\\info-zip;C:\\CoreUtils\\bin;C:\\mozilla-build\\buildbotve\\scripts;C:\\mozilla-build\\hg',
17:02:46     INFO -  'PATHEXT': '.COM;.EXE;.BAT;.CMD;.VBS;.VBE;.JS;.JSE;.WSF;.WSH;.MSC',
17:02:46     INFO -  'PROCESSOR_ARCHITECTURE': 'x86',
17:02:46     INFO -  'PROCESSOR_ARCHITEW6432': 'AMD64',
17:02:46     INFO -  'PROCESSOR_IDENTIFIER': 'Intel64 Family 6 Model 30 Stepping 5, GenuineIntel',
17:02:46     INFO -  'PROCESSOR_LEVEL': '6',
17:02:46     INFO -  'PROCESSOR_REVISION': '1e05',
17:02:46     INFO -  'PROGRAMDATA': 'C:\\ProgramData',
17:02:46     INFO -  'PROGRAMFILES': 'C:\\Program Files (x86)',
17:02:46     INFO -  'PROGRAMFILES(X86)': 'C:\\Program Files (x86)',
17:02:46     INFO -  'PROGRAMW6432': 'C:\\Program Files',
17:02:46     INFO -  'PROMPT': '$P$G',
17:02:46     INFO -  'PROPERTIES_FILE': 'C:\\slave\\test/buildprops.json',
17:02:46     INFO -  'PSMODULEPATH': 'C:\\windows\\system32\\WindowsPowerShell\\v1.0\\Modules\\',
17:02:46     INFO -  'PUBLIC': 'C:\\Users\\Public',
17:02:46     INFO -  'PWD': 'C:\\slave\\test',
17:02:46     INFO -  'RUNLOGFILE': 'C:\\slave\\\\runslave.log',
17:02:46     INFO -  'SLAVEDIR': 'C:\\slave\\',
17:02:46     INFO -  'SYSTEMDRIVE': 'C:',
17:02:46     INFO -  'SYSTEMROOT': 'C:\\windows',
17:02:46     INFO -  'TEMP': 'C:\\Users\\CLTBLD~1.001\\AppData\\Local\\Temp',
17:02:46     INFO -  'TEST1': 'testie',
17:02:46     INFO -  'TMP': 'C:\\Users\\CLTBLD~1.001\\AppData\\Local\\Temp',
17:02:46     INFO -  'USERDOMAIN': 'T-W864-IX-035',
17:02:46     INFO -  'USERDOMAIN_ROAMINGPROFILE': 'T-W864-IX-035',
17:02:46     INFO -  'USERNAME': 'cltbld',
17:02:46     INFO -  'USERPROFILE': 'C:\\Users\\cltbld.T-W864-IX-035.001',
17:02:46     INFO -  'WINDIR': 'C:\\windows',
17:02:46     INFO -  'XPCOM_DEBUG_BREAK': 'warn'}
17:02:46     INFO -  Ignoring indexes: https://pypi.python.org/simple
17:02:46     INFO -  Collecting psutil==3.1.1
17:02:47     INFO -    Downloading http://pypi.pvt.build.mozilla.org/pub/psutil-3.1.1-cp27-none-win32.whl (87kB)
17:02:47     INFO -  Installing collected packages: psutil
17:02:47     INFO -    Found existing installation: psutil 5.4.3
17:02:47     INFO -      Uninstalling psutil-5.4.3:
17:02:47     INFO -        Successfully uninstalled psutil-5.4.3
17:02:48     INFO -  Successfully installed psutil-3.1.1
17:02:48     INFO - Return code: 0
17:02:48     INFO - Installing mock into virtualenv C:\slave\test\build\venv
17:02:48     INFO - retry: Calling run_command with args: [['C:\\slave\\test\\build\\venv\\Scripts\\pip', 'install', '--timeout', '120', '--no-index', '--find-links', 'http://pypi.pvt.build.mozilla.org/pub', '--find-links', 'http://pypi.pub.build.mozilla.org/pub', '--trusted-host', 'pypi.pub.build.mozilla.org', '--trusted-host', 'pypi.pvt.build.mozilla.org', 'mock']], kwargs: {'error_level': 'warning', 'error_list': [{'substr': 'not found or a compiler error:', 'level': 'warning'}, {'regex': <_sre.SRE_Pattern object at 0x022223A0>, 'level': 'error'}, {'regex': <_sre.SRE_Pattern object at 0x0231C020>, 'level': 'warning'}, {'regex': <_sre.SRE_Pattern object at 0x02289D78>, 'level': 'debug'}, {'substr': 'command not found', 'level': 'error'}, {'regex': <_sre.SRE_Pattern object at 0x022CD758>, 'level': 'warning'}, {'substr': 'Traceback (most recent call last)', 'level': 'error'}, {'substr': 'SyntaxError: ', 'level': 'error'}, {'substr': 'TypeError: ', 'level': 'error'}, {'substr': 'NameError: ', 'level': 'error'}, {'substr': 'ZeroDivisionError: ', 'level': 'error'}, {'regex': <_sre.SRE_Pattern object at 0x004BAB20>, 'level': 'critical'}, {'regex': <_sre.SRE_Pattern object at 0x022EC660>, 'level': 'critical'}], 'cwd': 'C:\\slave\\test\\build', 'env': {'TMP': 'C:\\Users\\CLTBLD~1.001\\AppData\\Local\\Temp', 'TEST1': 'testie', 'COMPUTERNAME': 'T-W864-IX-035', 'USERDOMAIN': 'T-W864-IX-035', 'KTS_VERSION': '1.19c', 'PSMODULEPATH': 'C:\\windows\\system32\\WindowsPowerShell\\v1.0\\Modules\\', 'COMMONPROGRAMFILES': 'C:\\Program Files (x86)\\Common Files', 'PROCESSOR_IDENTIFIER': 'Intel64 Family 6 Model 30 Stepping 5, GenuineIntel', 'PROGRAMFILES': 'C:\\Program Files (x86)', 'PROCESSOR_REVISION': '1e05', 'DNSSUFFIX': 'wintest.releng.scl3.mozilla.com', 'SYSTEMROOT': 'C:\\windows', 'NO_EM_RESTART': '1', 'PROGRAMFILES(X86)': 'C:\\Program Files (x86)', 'OURDRIVE': 'C:', 'MOZ_HIDE_RESULTS_TABLE': '1', 'XPCOM_DEBUG_BREAK': 'warn', 'MONDIR': 'C:\\Monitor_config\\', 'TEMP': 'C:\\Users\\CLTBLD~1.001\\AppData\\Local\\Temp', 'COMMONPROGRAMFILES(X86)': 'C:\\Program Files (x86)\\Common Files', 'RUNLOGFILE': 'C:\\slave\\\\runslave.log', 'PROCESSOR_ARCHITECTURE': 'x86', 'ALLUSERSPROFILE': 'C:\\ProgramData', 'USERPROFILE': 'C:\\Users\\cltbld.T-W864-IX-035.001', 'LOCALAPPDATA': 'C:\\Users\\cltbld.T-W864-IX-035.001\\AppData\\Local', 'HOMEPATH': '\\Users\\cltbld.T-W864-IX-035.001', 'USERDOMAIN_ROAMINGPROFILE': 'T-W864-IX-035', 'MOZBUILDDIR': 'C:\\mozilla-build\\', 'PROGRAMW6432': 'C:\\Program Files', 'USERNAME': 'cltbld', 'LOGONSERVER': '\\\\T-W864-IX-035', 'MOZ_NO_REMOTE': '1', 'COMSPEC': 'C:\\windows\\system32\\cmd.exe', 'PROGRAMDATA': 'C:\\ProgramData', 'PROPERTIES_FILE': 'C:\\slave\\test/buildprops.json', 'PATH': 'C:\\Program Files (x86)\\NVIDIA Corporation\\PhysX\\Common;C:\\windows\\system32;C:\\windows;C:\\windows\\System32\\Wbem;C:\\windows\\System32\\WindowsPowerShell\\v1.0\\;C:\\mozilla-build\\python27;C:\\mozilla-build\\python27\\Scripts;C:\\mozilla-build\\msys\\bin;C:\\mozilla-build\\vim\\vim72;C:\\mozilla-build\\wget;C:\\mozilla-build\\info-zip;C:\\CoreUtils\\bin;C:\\mozilla-build\\buildbotve\\scripts;C:\\mozilla-build\\hg', 'PROMPT': '$P$G', 'NO_FAIL_ON_TEST_ERRORS': '1', 'PATHEXT': '.COM;.EXE;.BAT;.CMD;.VBS;.VBE;.JS;.JSE;.WSF;.WSH;.MSC', 'FP_NO_HOST_CHECK': 'NO', 'DCLOCATION': 'SCL3', 'APPDATA': 'C:\\Users\\cltbld.T-W864-IX-035.001\\AppData\\Roaming', 'HOMEDRIVE': 'C:', 'SYSTEMDRIVE': 'C:', 'SLAVEDIR': 'C:\\slave\\', 'NUMBER_OF_PROCESSORS': '8', 'PWD': 'C:\\slave\\test', 'PROCESSOR_LEVEL': '6', 'KTS_HOME': 'C:\\Program Files\\KTS', 'PROCESSOR_ARCHITEW6432': 'AMD64', 'MOZ_CRASHREPORTER_NO_REPORT': '1', 'COMMONPROGRAMW6432': 'C:\\Program Files\\Common Files', 'OS': 'Windows_NT', 'PUBLIC': 'C:\\Users\\Public', 'WINDIR': 'C:\\windows'}}, attempt #1
17:02:48     INFO - Running command: ['C:\\slave\\test\\build\\venv\\Scripts\\pip', 'install', '--timeout', '120', '--no-index', '--find-links', 'http://pypi.pvt.build.mozilla.org/pub', '--find-links', 'http://pypi.pub.build.mozilla.org/pub', '--trusted-host', 'pypi.pub.build.mozilla.org', '--trusted-host', 'pypi.pvt.build.mozilla.org', 'mock'] in C:\slave\test\build
17:02:48     INFO - Copy/paste: C:\slave\test\build\venv\Scripts\pip install --timeout 120 --no-index --find-links http://pypi.pvt.build.mozilla.org/pub --find-links http://pypi.pub.build.mozilla.org/pub --trusted-host pypi.pub.build.mozilla.org --trusted-host pypi.pvt.build.mozilla.org mock
17:02:48     INFO - Using env: {'ALLUSERSPROFILE': 'C:\\ProgramData',
17:02:48     INFO -  'APPDATA': 'C:\\Users\\cltbld.T-W864-IX-035.001\\AppData\\Roaming',
17:02:48     INFO -  'COMMONPROGRAMFILES': 'C:\\Program Files (x86)\\Common Files',
17:02:48     INFO -  'COMMONPROGRAMFILES(X86)': 'C:\\Program Files (x86)\\Common Files',
17:02:48     INFO -  'COMMONPROGRAMW6432': 'C:\\Program Files\\Common Files',
17:02:48     INFO -  'COMPUTERNAME': 'T-W864-IX-035',
17:02:48     INFO -  'COMSPEC': 'C:\\windows\\system32\\cmd.exe',
17:02:48     INFO -  'DCLOCATION': 'SCL3',
17:02:48     INFO -  'DNSSUFFIX': 'wintest.releng.scl3.mozilla.com',
17:02:48     INFO -  'FP_NO_HOST_CHECK': 'NO',
17:02:48     INFO -  'HOMEDRIVE': 'C:',
17:02:48     INFO -  'HOMEPATH': '\\Users\\cltbld.T-W864-IX-035.001',
17:02:48     INFO -  'KTS_HOME': 'C:\\Program Files\\KTS',
17:02:48     INFO -  'KTS_VERSION': '1.19c',
17:02:48     INFO -  'LOCALAPPDATA': 'C:\\Users\\cltbld.T-W864-IX-035.001\\AppData\\Local',
17:02:48     INFO -  'LOGONSERVER': '\\\\T-W864-IX-035',
17:02:48     INFO -  'MONDIR': 'C:\\Monitor_config\\',
17:02:48     INFO -  'MOZBUILDDIR': 'C:\\mozilla-build\\',
17:02:48     INFO -  'MOZ_CRASHREPORTER_NO_REPORT': '1',
17:02:48     INFO -  'MOZ_HIDE_RESULTS_TABLE': '1',
17:02:48     INFO -  'MOZ_NO_REMOTE': '1',
17:02:48     INFO -  'NO_EM_RESTART': '1',
17:02:48     INFO -  'NO_FAIL_ON_TEST_ERRORS': '1',
17:02:48     INFO -  'NUMBER_OF_PROCESSORS': '8',
17:02:48     INFO -  'OS': 'Windows_NT',
17:02:48     INFO -  'OURDRIVE': 'C:',
17:02:48     INFO -  'PATH': 'C:\\Program Files (x86)\\NVIDIA Corporation\\PhysX\\Common;C:\\windows\\system32;C:\\windows;C:\\windows\\System32\\Wbem;C:\\windows\\System32\\WindowsPowerShell\\v1.0\\;C:\\mozilla-build\\python27;C:\\mozilla-build\\python27\\Scripts;C:\\mozilla-build\\msys\\bin;C:\\mozilla-build\\vim\\vim72;C:\\mozilla-build\\wget;C:\\mozilla-build\\info-zip;C:\\CoreUtils\\bin;C:\\mozilla-build\\buildbotve\\scripts;C:\\mozilla-build\\hg',
17:02:48     INFO -  'PATHEXT': '.COM;.EXE;.BAT;.CMD;.VBS;.VBE;.JS;.JSE;.WSF;.WSH;.MSC',
17:02:48     INFO -  'PROCESSOR_ARCHITECTURE': 'x86',
17:02:48     INFO -  'PROCESSOR_ARCHITEW6432': 'AMD64',
17:02:48     INFO -  'PROCESSOR_IDENTIFIER': 'Intel64 Family 6 Model 30 Stepping 5, GenuineIntel',
17:02:48     INFO -  'PROCESSOR_LEVEL': '6',
17:02:48     INFO -  'PROCESSOR_REVISION': '1e05',
17:02:48     INFO -  'PROGRAMDATA': 'C:\\ProgramData',
17:02:48     INFO -  'PROGRAMFILES': 'C:\\Program Files (x86)',
17:02:48     INFO -  'PROGRAMFILES(X86)': 'C:\\Program Files (x86)',
17:02:48     INFO -  'PROGRAMW6432': 'C:\\Program Files',
17:02:48     INFO -  'PROMPT': '$P$G',
17:02:48     INFO -  'PROPERTIES_FILE': 'C:\\slave\\test/buildprops.json',
17:02:48     INFO -  'PSMODULEPATH': 'C:\\windows\\system32\\WindowsPowerShell\\v1.0\\Modules\\',
17:02:48     INFO -  'PUBLIC': 'C:\\Users\\Public',
17:02:48     INFO -  'PWD': 'C:\\slave\\test',
17:02:48     INFO -  'RUNLOGFILE': 'C:\\slave\\\\runslave.log',
17:02:48     INFO -  'SLAVEDIR': 'C:\\slave\\',
17:02:48     INFO -  'SYSTEMDRIVE': 'C:',
17:02:48     INFO -  'SYSTEMROOT': 'C:\\windows',
17:02:48     INFO -  'TEMP': 'C:\\Users\\CLTBLD~1.001\\AppData\\Local\\Temp',
17:02:48     INFO -  'TEST1': 'testie',
17:02:48     INFO -  'TMP': 'C:\\Users\\CLTBLD~1.001\\AppData\\Local\\Temp',
17:02:48     INFO -  'USERDOMAIN': 'T-W864-IX-035',
17:02:48     INFO -  'USERDOMAIN_ROAMINGPROFILE': 'T-W864-IX-035',
17:02:48     INFO -  'USERNAME': 'cltbld',
17:02:48     INFO -  'USERPROFILE': 'C:\\Users\\cltbld.T-W864-IX-035.001',
17:02:48     INFO -  'WINDIR': 'C:\\windows',
17:02:48     INFO -  'XPCOM_DEBUG_BREAK': 'warn'}
17:02:48     INFO -  Ignoring indexes: https://pypi.python.org/simple
17:02:48     INFO -  Collecting mock
17:02:49     INFO -  Installing collected packages: mock
17:02:49     INFO -  Successfully installed mock-1.0.1
17:02:50     INFO - Return code: 0
17:02:50     INFO - Installing simplejson into virtualenv C:\slave\test\build\venv
17:02:50     INFO - retry: Calling run_command with args: [['C:\\slave\\test\\build\\venv\\Scripts\\pip', 'install', '--timeout', '120', '--no-index', '--find-links', 'http://pypi.pvt.build.mozilla.org/pub', '--find-links', 'http://pypi.pub.build.mozilla.org/pub', '--trusted-host', 'pypi.pub.build.mozilla.org', '--trusted-host', 'pypi.pvt.build.mozilla.org', 'simplejson']], kwargs: {'error_level': 'warning', 'error_list': [{'substr': 'not found or a compiler error:', 'level': 'warning'}, {'regex': <_sre.SRE_Pattern object at 0x022223A0>, 'level': 'error'}, {'regex': <_sre.SRE_Pattern object at 0x0231C020>, 'level': 'warning'}, {'regex': <_sre.SRE_Pattern object at 0x02289D78>, 'level': 'debug'}, {'substr': 'command not found', 'level': 'error'}, {'regex': <_sre.SRE_Pattern object at 0x022CD758>, 'level': 'warning'}, {'substr': 'Traceback (most recent call last)', 'level': 'error'}, {'substr': 'SyntaxError: ', 'level': 'error'}, {'substr': 'TypeError: ', 'level': 'error'}, {'substr': 'NameError: ', 'level': 'error'}, {'substr': 'ZeroDivisionError: ', 'level': 'error'}, {'regex': <_sre.SRE_Pattern object at 0x004BAB20>, 'level': 'critical'}, {'regex': <_sre.SRE_Pattern object at 0x022EC660>, 'level': 'critical'}], 'cwd': 'C:\\slave\\test\\build', 'env': {'TMP': 'C:\\Users\\CLTBLD~1.001\\AppData\\Local\\Temp', 'TEST1': 'testie', 'COMPUTERNAME': 'T-W864-IX-035', 'USERDOMAIN': 'T-W864-IX-035', 'KTS_VERSION': '1.19c', 'PSMODULEPATH': 'C:\\windows\\system32\\WindowsPowerShell\\v1.0\\Modules\\', 'COMMONPROGRAMFILES': 'C:\\Program Files (x86)\\Common Files', 'PROCESSOR_IDENTIFIER': 'Intel64 Family 6 Model 30 Stepping 5, GenuineIntel', 'PROGRAMFILES': 'C:\\Program Files (x86)', 'PROCESSOR_REVISION': '1e05', 'DNSSUFFIX': 'wintest.releng.scl3.mozilla.com', 'SYSTEMROOT': 'C:\\windows', 'NO_EM_RESTART': '1', 'PROGRAMFILES(X86)': 'C:\\Program Files (x86)', 'OURDRIVE': 'C:', 'MOZ_HIDE_RESULTS_TABLE': '1', 'XPCOM_DEBUG_BREAK': 'warn', 'MONDIR': 'C:\\Monitor_config\\', 'TEMP': 'C:\\Users\\CLTBLD~1.001\\AppData\\Local\\Temp', 'COMMONPROGRAMFILES(X86)': 'C:\\Program Files (x86)\\Common Files', 'RUNLOGFILE': 'C:\\slave\\\\runslave.log', 'PROCESSOR_ARCHITECTURE': 'x86', 'ALLUSERSPROFILE': 'C:\\ProgramData', 'USERPROFILE': 'C:\\Users\\cltbld.T-W864-IX-035.001', 'LOCALAPPDATA': 'C:\\Users\\cltbld.T-W864-IX-035.001\\AppData\\Local', 'HOMEPATH': '\\Users\\cltbld.T-W864-IX-035.001', 'USERDOMAIN_ROAMINGPROFILE': 'T-W864-IX-035', 'MOZBUILDDIR': 'C:\\mozilla-build\\', 'PROGRAMW6432': 'C:\\Program Files', 'USERNAME': 'cltbld', 'LOGONSERVER': '\\\\T-W864-IX-035', 'MOZ_NO_REMOTE': '1', 'COMSPEC': 'C:\\windows\\system32\\cmd.exe', 'PROGRAMDATA': 'C:\\ProgramData', 'PROPERTIES_FILE': 'C:\\slave\\test/buildprops.json', 'PATH': 'C:\\Program Files (x86)\\NVIDIA Corporation\\PhysX\\Common;C:\\windows\\system32;C:\\windows;C:\\windows\\System32\\Wbem;C:\\windows\\System32\\WindowsPowerShell\\v1.0\\;C:\\mozilla-build\\python27;C:\\mozilla-build\\python27\\Scripts;C:\\mozilla-build\\msys\\bin;C:\\mozilla-build\\vim\\vim72;C:\\mozilla-build\\wget;C:\\mozilla-build\\info-zip;C:\\CoreUtils\\bin;C:\\mozilla-build\\buildbotve\\scripts;C:\\mozilla-build\\hg', 'PROMPT': '$P$G', 'NO_FAIL_ON_TEST_ERRORS': '1', 'PATHEXT': '.COM;.EXE;.BAT;.CMD;.VBS;.VBE;.JS;.JSE;.WSF;.WSH;.MSC', 'FP_NO_HOST_CHECK': 'NO', 'DCLOCATION': 'SCL3', 'APPDATA': 'C:\\Users\\cltbld.T-W864-IX-035.001\\AppData\\Roaming', 'HOMEDRIVE': 'C:', 'SYSTEMDRIVE': 'C:', 'SLAVEDIR': 'C:\\slave\\', 'NUMBER_OF_PROCESSORS': '8', 'PWD': 'C:\\slave\\test', 'PROCESSOR_LEVEL': '6', 'KTS_HOME': 'C:\\Program Files\\KTS', 'PROCESSOR_ARCHITEW6432': 'AMD64', 'MOZ_CRASHREPORTER_NO_REPORT': '1', 'COMMONPROGRAMW6432': 'C:\\Program Files\\Common Files', 'OS': 'Windows_NT', 'PUBLIC': 'C:\\Users\\Public', 'WINDIR': 'C:\\windows'}}, attempt #1
17:02:50     INFO - Running command: ['C:\\slave\\test\\build\\venv\\Scripts\\pip', 'install', '--timeout', '120', '--no-index', '--find-links', 'http://pypi.pvt.build.mozilla.org/pub', '--find-links', 'http://pypi.pub.build.mozilla.org/pub', '--trusted-host', 'pypi.pub.build.mozilla.org', '--trusted-host', 'pypi.pvt.build.mozilla.org', 'simplejson'] in C:\slave\test\build
17:02:50     INFO - Copy/paste: C:\slave\test\build\venv\Scripts\pip install --timeout 120 --no-index --find-links http://pypi.pvt.build.mozilla.org/pub --find-links http://pypi.pub.build.mozilla.org/pub --trusted-host pypi.pub.build.mozilla.org --trusted-host pypi.pvt.build.mozilla.org simplejson
17:02:50     INFO - Using env: {'ALLUSERSPROFILE': 'C:\\ProgramData',
17:02:50     INFO -  'APPDATA': 'C:\\Users\\cltbld.T-W864-IX-035.001\\AppData\\Roaming',
17:02:50     INFO -  'COMMONPROGRAMFILES': 'C:\\Program Files (x86)\\Common Files',
17:02:50     INFO -  'COMMONPROGRAMFILES(X86)': 'C:\\Program Files (x86)\\Common Files',
17:02:50     INFO -  'COMMONPROGRAMW6432': 'C:\\Program Files\\Common Files',
17:02:50     INFO -  'COMPUTERNAME': 'T-W864-IX-035',
17:02:50     INFO -  'COMSPEC': 'C:\\windows\\system32\\cmd.exe',
17:02:50     INFO -  'DCLOCATION': 'SCL3',
17:02:50     INFO -  'DNSSUFFIX': 'wintest.releng.scl3.mozilla.com',
17:02:50     INFO -  'FP_NO_HOST_CHECK': 'NO',
17:02:50     INFO -  'HOMEDRIVE': 'C:',
17:02:50     INFO -  'HOMEPATH': '\\Users\\cltbld.T-W864-IX-035.001',
17:02:50     INFO -  'KTS_HOME': 'C:\\Program Files\\KTS',
17:02:50     INFO -  'KTS_VERSION': '1.19c',
17:02:50     INFO -  'LOCALAPPDATA': 'C:\\Users\\cltbld.T-W864-IX-035.001\\AppData\\Local',
17:02:50     INFO -  'LOGONSERVER': '\\\\T-W864-IX-035',
17:02:50     INFO -  'MONDIR': 'C:\\Monitor_config\\',
17:02:50     INFO -  'MOZBUILDDIR': 'C:\\mozilla-build\\',
17:02:50     INFO -  'MOZ_CRASHREPORTER_NO_REPORT': '1',
17:02:50     INFO -  'MOZ_HIDE_RESULTS_TABLE': '1',
17:02:50     INFO -  'MOZ_NO_REMOTE': '1',
17:02:50     INFO -  'NO_EM_RESTART': '1',
17:02:50     INFO -  'NO_FAIL_ON_TEST_ERRORS': '1',
17:02:50     INFO -  'NUMBER_OF_PROCESSORS': '8',
17:02:50     INFO -  'OS': 'Windows_NT',
17:02:50     INFO -  'OURDRIVE': 'C:',
17:02:50     INFO -  'PATH': 'C:\\Program Files (x86)\\NVIDIA Corporation\\PhysX\\Common;C:\\windows\\system32;C:\\windows;C:\\windows\\System32\\Wbem;C:\\windows\\System32\\WindowsPowerShell\\v1.0\\;C:\\mozilla-build\\python27;C:\\mozilla-build\\python27\\Scripts;C:\\mozilla-build\\msys\\bin;C:\\mozilla-build\\vim\\vim72;C:\\mozilla-build\\wget;C:\\mozilla-build\\info-zip;C:\\CoreUtils\\bin;C:\\mozilla-build\\buildbotve\\scripts;C:\\mozilla-build\\hg',
17:02:50     INFO -  'PATHEXT': '.COM;.EXE;.BAT;.CMD;.VBS;.VBE;.JS;.JSE;.WSF;.WSH;.MSC',
17:02:50     INFO -  'PROCESSOR_ARCHITECTURE': 'x86',
17:02:50     INFO -  'PROCESSOR_ARCHITEW6432': 'AMD64',
17:02:50     INFO -  'PROCESSOR_IDENTIFIER': 'Intel64 Family 6 Model 30 Stepping 5, GenuineIntel',
17:02:50     INFO -  'PROCESSOR_LEVEL': '6',
17:02:50     INFO -  'PROCESSOR_REVISION': '1e05',
17:02:50     INFO -  'PROGRAMDATA': 'C:\\ProgramData',
17:02:50     INFO -  'PROGRAMFILES': 'C:\\Program Files (x86)',
17:02:50     INFO -  'PROGRAMFILES(X86)': 'C:\\Program Files (x86)',
17:02:50     INFO -  'PROGRAMW6432': 'C:\\Program Files',
17:02:50     INFO -  'PROMPT': '$P$G',
17:02:50     INFO -  'PROPERTIES_FILE': 'C:\\slave\\test/buildprops.json',
17:02:50     INFO -  'PSMODULEPATH': 'C:\\windows\\system32\\WindowsPowerShell\\v1.0\\Modules\\',
17:02:50     INFO -  'PUBLIC': 'C:\\Users\\Public',
17:02:50     INFO -  'PWD': 'C:\\slave\\test',
17:02:50     INFO -  'RUNLOGFILE': 'C:\\slave\\\\runslave.log',
17:02:50     INFO -  'SLAVEDIR': 'C:\\slave\\',
17:02:50     INFO -  'SYSTEMDRIVE': 'C:',
17:02:50     INFO -  'SYSTEMROOT': 'C:\\windows',
17:02:50     INFO -  'TEMP': 'C:\\Users\\CLTBLD~1.001\\AppData\\Local\\Temp',
17:02:50     INFO -  'TEST1': 'testie',
17:02:50     INFO -  'TMP': 'C:\\Users\\CLTBLD~1.001\\AppData\\Local\\Temp',
17:02:50     INFO -  'USERDOMAIN': 'T-W864-IX-035',
17:02:50     INFO -  'USERDOMAIN_ROAMINGPROFILE': 'T-W864-IX-035',
17:02:50     INFO -  'USERNAME': 'cltbld',
17:02:50     INFO -  'USERPROFILE': 'C:\\Users\\cltbld.T-W864-IX-035.001',
17:02:50     INFO -  'WINDIR': 'C:\\windows',
17:02:50     INFO -  'XPCOM_DEBUG_BREAK': 'warn'}
17:02:50     INFO -  Ignoring indexes: https://pypi.python.org/simple
17:02:50     INFO -  Collecting simplejson
17:02:51     INFO -  Installing collected packages: simplejson
17:02:51     INFO -  Successfully installed simplejson-3.3.0
17:02:52     INFO - Return code: 0
17:02:52     INFO - Installing None into virtualenv C:\slave\test\build\venv
17:02:52     INFO - retry: Calling run_command with args: [['C:\\slave\\test\\build\\venv\\Scripts\\pip', 'install', '--no-deps', '--timeout', '120', '-r', 'C:\\slave\\test\\build\\tests\\config\\marionette_requirements.txt', '--no-index', '--find-links', 'http://pypi.pvt.build.mozilla.org/pub', '--find-links', 'http://pypi.pub.build.mozilla.org/pub', '--trusted-host', 'pypi.pub.build.mozilla.org', '--trusted-host', 'pypi.pvt.build.mozilla.org']], kwargs: {'error_level': 'warning', 'error_list': [{'substr': 'not found or a compiler error:', 'level': 'warning'}, {'regex': <_sre.SRE_Pattern object at 0x022223A0>, 'level': 'error'}, {'regex': <_sre.SRE_Pattern object at 0x0231C020>, 'level': 'warning'}, {'regex': <_sre.SRE_Pattern object at 0x02289D78>, 'level': 'debug'}, {'substr': 'command not found', 'level': 'error'}, {'regex': <_sre.SRE_Pattern object at 0x022CD758>, 'level': 'warning'}, {'substr': 'Traceback (most recent call last)', 'level': 'error'}, {'substr': 'SyntaxError: ', 'level': 'error'}, {'substr': 'TypeError: ', 'level': 'error'}, {'substr': 'NameError: ', 'level': 'error'}, {'substr': 'ZeroDivisionError: ', 'level': 'error'}, {'regex': <_sre.SRE_Pattern object at 0x004BAB20>, 'level': 'critical'}, {'regex': <_sre.SRE_Pattern object at 0x022EC660>, 'level': 'critical'}], 'cwd': 'C:\\slave\\test\\build\\tests\\config', 'env': {'TMP': 'C:\\Users\\CLTBLD~1.001\\AppData\\Local\\Temp', 'TEST1': 'testie', 'COMPUTERNAME': 'T-W864-IX-035', 'USERDOMAIN': 'T-W864-IX-035', 'KTS_VERSION': '1.19c', 'PSMODULEPATH': 'C:\\windows\\system32\\WindowsPowerShell\\v1.0\\Modules\\', 'COMMONPROGRAMFILES': 'C:\\Program Files (x86)\\Common Files', 'PROCESSOR_IDENTIFIER': 'Intel64 Family 6 Model 30 Stepping 5, GenuineIntel', 'PROGRAMFILES': 'C:\\Program Files (x86)', 'PROCESSOR_REVISION': '1e05', 'DNSSUFFIX': 'wintest.releng.scl3.mozilla.com', 'SYSTEMROOT': 'C:\\windows', 'NO_EM_RESTART': '1', 'PROGRAMFILES(X86)': 'C:\\Program Files (x86)', 'OURDRIVE': 'C:', 'MOZ_HIDE_RESULTS_TABLE': '1', 'XPCOM_DEBUG_BREAK': 'warn', 'MONDIR': 'C:\\Monitor_config\\', 'TEMP': 'C:\\Users\\CLTBLD~1.001\\AppData\\Local\\Temp', 'COMMONPROGRAMFILES(X86)': 'C:\\Program Files (x86)\\Common Files', 'RUNLOGFILE': 'C:\\slave\\\\runslave.log', 'PROCESSOR_ARCHITECTURE': 'x86', 'ALLUSERSPROFILE': 'C:\\ProgramData', 'USERPROFILE': 'C:\\Users\\cltbld.T-W864-IX-035.001', 'LOCALAPPDATA': 'C:\\Users\\cltbld.T-W864-IX-035.001\\AppData\\Local', 'HOMEPATH': '\\Users\\cltbld.T-W864-IX-035.001', 'USERDOMAIN_ROAMINGPROFILE': 'T-W864-IX-035', 'MOZBUILDDIR': 'C:\\mozilla-build\\', 'PROGRAMW6432': 'C:\\Program Files', 'USERNAME': 'cltbld', 'LOGONSERVER': '\\\\T-W864-IX-035', 'MOZ_NO_REMOTE': '1', 'COMSPEC': 'C:\\windows\\system32\\cmd.exe', 'PROGRAMDATA': 'C:\\ProgramData', 'PROPERTIES_FILE': 'C:\\slave\\test/buildprops.json', 'PATH': 'C:\\Program Files (x86)\\NVIDIA Corporation\\PhysX\\Common;C:\\windows\\system32;C:\\windows;C:\\windows\\System32\\Wbem;C:\\windows\\System32\\WindowsPowerShell\\v1.0\\;C:\\mozilla-build\\python27;C:\\mozilla-build\\python27\\Scripts;C:\\mozilla-build\\msys\\bin;C:\\mozilla-build\\vim\\vim72;C:\\mozilla-build\\wget;C:\\mozilla-build\\info-zip;C:\\CoreUtils\\bin;C:\\mozilla-build\\buildbotve\\scripts;C:\\mozilla-build\\hg', 'PROMPT': '$P$G', 'NO_FAIL_ON_TEST_ERRORS': '1', 'PATHEXT': '.COM;.EXE;.BAT;.CMD;.VBS;.VBE;.JS;.JSE;.WSF;.WSH;.MSC', 'FP_NO_HOST_CHECK': 'NO', 'DCLOCATION': 'SCL3', 'APPDATA': 'C:\\Users\\cltbld.T-W864-IX-035.001\\AppData\\Roaming', 'HOMEDRIVE': 'C:', 'SYSTEMDRIVE': 'C:', 'SLAVEDIR': 'C:\\slave\\', 'NUMBER_OF_PROCESSORS': '8', 'PWD': 'C:\\slave\\test', 'PROCESSOR_LEVEL': '6', 'KTS_HOME': 'C:\\Program Files\\KTS', 'PROCESSOR_ARCHITEW6432': 'AMD64', 'MOZ_CRASHREPORTER_NO_REPORT': '1', 'COMMONPROGRAMW6432': 'C:\\Program Files\\Common Files', 'OS': 'Windows_NT', 'PUBLIC': 'C:\\Users\\Public', 'WINDIR': 'C:\\windows'}}, attempt #1
17:02:52     INFO - Running command: ['C:\\slave\\test\\build\\venv\\Scripts\\pip', 'install', '--no-deps', '--timeout', '120', '-r', 'C:\\slave\\test\\build\\tests\\config\\marionette_requirements.txt', '--no-index', '--find-links', 'http://pypi.pvt.build.mozilla.org/pub', '--find-links', 'http://pypi.pub.build.mozilla.org/pub', '--trusted-host', 'pypi.pub.build.mozilla.org', '--trusted-host', 'pypi.pvt.build.mozilla.org'] in C:\slave\test\build\tests\config
17:02:52     INFO - Copy/paste: C:\slave\test\build\venv\Scripts\pip install --no-deps --timeout 120 -r C:\slave\test\build\tests\config\marionette_requirements.txt --no-index --find-links http://pypi.pvt.build.mozilla.org/pub --find-links http://pypi.pub.build.mozilla.org/pub --trusted-host pypi.pub.build.mozilla.org --trusted-host pypi.pvt.build.mozilla.org
17:02:52     INFO - Using env: {'ALLUSERSPROFILE': 'C:\\ProgramData',
17:02:52     INFO -  'APPDATA': 'C:\\Users\\cltbld.T-W864-IX-035.001\\AppData\\Roaming',
17:02:52     INFO -  'COMMONPROGRAMFILES': 'C:\\Program Files (x86)\\Common Files',
17:02:52     INFO -  'COMMONPROGRAMFILES(X86)': 'C:\\Program Files (x86)\\Common Files',
17:02:52     INFO -  'COMMONPROGRAMW6432': 'C:\\Program Files\\Common Files',
17:02:52     INFO -  'COMPUTERNAME': 'T-W864-IX-035',
17:02:52     INFO -  'COMSPEC': 'C:\\windows\\system32\\cmd.exe',
17:02:52     INFO -  'DCLOCATION': 'SCL3',
17:02:52     INFO -  'DNSSUFFIX': 'wintest.releng.scl3.mozilla.com',
17:02:52     INFO -  'FP_NO_HOST_CHECK': 'NO',
17:02:52     INFO -  'HOMEDRIVE': 'C:',
17:02:52     INFO -  'HOMEPATH': '\\Users\\cltbld.T-W864-IX-035.001',
17:02:52     INFO -  'KTS_HOME': 'C:\\Program Files\\KTS',
17:02:52     INFO -  'KTS_VERSION': '1.19c',
17:02:52     INFO -  'LOCALAPPDATA': 'C:\\Users\\cltbld.T-W864-IX-035.001\\AppData\\Local',
17:02:52     INFO -  'LOGONSERVER': '\\\\T-W864-IX-035',
17:02:52     INFO -  'MONDIR': 'C:\\Monitor_config\\',
17:02:52     INFO -  'MOZBUILDDIR': 'C:\\mozilla-build\\',
17:02:52     INFO -  'MOZ_CRASHREPORTER_NO_REPORT': '1',
17:02:52     INFO -  'MOZ_HIDE_RESULTS_TABLE': '1',
17:02:52     INFO -  'MOZ_NO_REMOTE': '1',
17:02:52     INFO -  'NO_EM_RESTART': '1',
17:02:52     INFO -  'NO_FAIL_ON_TEST_ERRORS': '1',
17:02:52     INFO -  'NUMBER_OF_PROCESSORS': '8',
17:02:52     INFO -  'OS': 'Windows_NT',
17:02:52     INFO -  'OURDRIVE': 'C:',
17:02:52     INFO -  'PATH': 'C:\\Program Files (x86)\\NVIDIA Corporation\\PhysX\\Common;C:\\windows\\system32;C:\\windows;C:\\windows\\System32\\Wbem;C:\\windows\\System32\\WindowsPowerShell\\v1.0\\;C:\\mozilla-build\\python27;C:\\mozilla-build\\python27\\Scripts;C:\\mozilla-build\\msys\\bin;C:\\mozilla-build\\vim\\vim72;C:\\mozilla-build\\wget;C:\\mozilla-build\\info-zip;C:\\CoreUtils\\bin;C:\\mozilla-build\\buildbotve\\scripts;C:\\mozilla-build\\hg',
17:02:52     INFO -  'PATHEXT': '.COM;.EXE;.BAT;.CMD;.VBS;.VBE;.JS;.JSE;.WSF;.WSH;.MSC',
17:02:52     INFO -  'PROCESSOR_ARCHITECTURE': 'x86',
17:02:52     INFO -  'PROCESSOR_ARCHITEW6432': 'AMD64',
17:02:52     INFO -  'PROCESSOR_IDENTIFIER': 'Intel64 Family 6 Model 30 Stepping 5, GenuineIntel',
17:02:52     INFO -  'PROCESSOR_LEVEL': '6',
17:02:52     INFO -  'PROCESSOR_REVISION': '1e05',
17:02:52     INFO -  'PROGRAMDATA': 'C:\\ProgramData',
17:02:52     INFO -  'PROGRAMFILES': 'C:\\Program Files (x86)',
17:02:52     INFO -  'PROGRAMFILES(X86)': 'C:\\Program Files (x86)',
17:02:52     INFO -  'PROGRAMW6432': 'C:\\Program Files',
17:02:52     INFO -  'PROMPT': '$P$G',
17:02:52     INFO -  'PROPERTIES_FILE': 'C:\\slave\\test/buildprops.json',
17:02:52     INFO -  'PSMODULEPATH': 'C:\\windows\\system32\\WindowsPowerShell\\v1.0\\Modules\\',
17:02:52     INFO -  'PUBLIC': 'C:\\Users\\Public',
17:02:52     INFO -  'PWD': 'C:\\slave\\test',
17:02:52     INFO -  'RUNLOGFILE': 'C:\\slave\\\\runslave.log',
17:02:52     INFO -  'SLAVEDIR': 'C:\\slave\\',
17:02:52     INFO -  'SYSTEMDRIVE': 'C:',
17:02:52     INFO -  'SYSTEMROOT': 'C:\\windows',
17:02:52     INFO -  'TEMP': 'C:\\Users\\CLTBLD~1.001\\AppData\\Local\\Temp',
17:02:52     INFO -  'TEST1': 'testie',
17:02:52     INFO -  'TMP': 'C:\\Users\\CLTBLD~1.001\\AppData\\Local\\Temp',
17:02:52     INFO -  'USERDOMAIN': 'T-W864-IX-035',
17:02:52     INFO -  'USERDOMAIN_ROAMINGPROFILE': 'T-W864-IX-035',
17:02:52     INFO -  'USERNAME': 'cltbld',
17:02:52     INFO -  'USERPROFILE': 'C:\\Users\\cltbld.T-W864-IX-035.001',
17:02:52     INFO -  'WINDIR': 'C:\\windows',
17:02:52     INFO -  'XPCOM_DEBUG_BREAK': 'warn'}
17:02:52     INFO -  Ignoring indexes: https://pypi.python.org/simple
17:02:52     INFO -  Processing c:\slave\test\build\tests\mozbase\manifestparser
17:02:52     INFO -    Requirement already satisfied (use --upgrade to upgrade): manifestparser==1.1 from file:///C:/slave/test/build/tests/mozbase/manifestparser in c:\slave\test\build\venv\lib\site-packages (from -r C:\slave\test\build\tests\config\mozbase_requirements.txt (line 1))
17:02:52     INFO -  Processing c:\slave\test\build\tests\mozbase\mozcrash
17:02:53     INFO -    Requirement already satisfied (use --upgrade to upgrade): mozcrash==1.0 from file:///C:/slave/test/build/tests/mozbase/mozcrash in c:\slave\test\build\venv\lib\site-packages (from -r C:\slave\test\build\tests\config\mozbase_requirements.txt (line 2))
17:02:53     INFO -  Processing c:\slave\test\build\tests\mozbase\mozdebug
17:02:53     INFO -    Requirement already satisfied (use --upgrade to upgrade): mozdebug==0.1 from file:///C:/slave/test/build/tests/mozbase/mozdebug in c:\slave\test\build\venv\lib\site-packages (from -r C:\slave\test\build\tests\config\mozbase_requirements.txt (line 3))
17:02:53     INFO -  Processing c:\slave\test\build\tests\mozbase\mozdevice
17:02:53     INFO -    Requirement already satisfied (use --upgrade to upgrade): mozdevice==0.48 from file:///C:/slave/test/build/tests/mozbase/mozdevice in c:\slave\test\build\venv\lib\site-packages (from -r C:\slave\test\build\tests\config\mozbase_requirements.txt (line 4))
17:02:53     INFO -  Processing c:\slave\test\build\tests\mozbase\mozfile
17:02:53     INFO -    Requirement already satisfied (use --upgrade to upgrade): mozfile==1.2 from file:///C:/slave/test/build/tests/mozbase/mozfile in c:\slave\test\build\venv\lib\site-packages (from -r C:\slave\test\build\tests\config\mozbase_requirements.txt (line 5))
17:02:53     INFO -  Processing c:\slave\test\build\tests\mozbase\mozhttpd
17:02:54     INFO -    Requirement already satisfied (use --upgrade to upgrade): mozhttpd==0.7 from file:///C:/slave/test/build/tests/mozbase/mozhttpd in c:\slave\test\build\venv\lib\site-packages (from -r C:\slave\test\build\tests\config\mozbase_requirements.txt (line 6))
17:02:54     INFO -  Processing c:\slave\test\build\tests\mozbase\mozinfo
17:02:54     INFO -    Requirement already satisfied (use --upgrade to upgrade): mozinfo==0.9 from file:///C:/slave/test/build/tests/mozbase/mozinfo in c:\slave\test\build\venv\lib\site-packages (from -r C:\slave\test\build\tests\config\mozbase_requirements.txt (line 7))
17:02:54     INFO -  Processing c:\slave\test\build\tests\mozbase\mozinstall
17:02:54     INFO -    Requirement already satisfied (use --upgrade to upgrade): mozInstall==1.12 from file:///C:/slave/test/build/tests/mozbase/mozinstall in c:\slave\test\build\venv\lib\site-packages (from -r C:\slave\test\build\tests\config\mozbase_requirements.txt (line 8))
17:02:54     INFO -  Processing c:\slave\test\build\tests\mozbase\mozleak
17:02:55     INFO -    Requirement already satisfied (use --upgrade to upgrade): mozleak==0.1 from file:///C:/slave/test/build/tests/mozbase/mozleak in c:\slave\test\build\venv\lib\site-packages (from -r C:\slave\test\build\tests\config\mozbase_requirements.txt (line 9))
17:02:55     INFO -  Processing c:\slave\test\build\tests\mozbase\mozlog

command interrupted, attempting to kill
17:02:55     INFO -    Requirement already satisfied (use --upgrade to upgrade): mozlog==3.4 from file:///C:/slave/test/build/tests/mozbase/mozlog in c:\slave\test\build\venv\lib\site-packages (from -r C:\slave\test\build\tests\config\mozbase_requirements.txt (line 10))
17:02:55     INFO -  Processing c:\slave\test\build\tests\mozbase\moznetwork
program finished with exit code 1
elapsedTime=166.339000
The web-page 'stop build' button was pressed by 'rvandermeulen@mozilla.com': Cancelled via self-serve
The web-page 'stop build' button was pressed by 'rvandermeulen@mozilla.com': Cancelled via self-serve
========= master_lag: -0.23 =========
========= Finished 'c:/mozilla-build/python27/python -u ...' interrupted (results: 4, elapsed: 2 mins, 46 secs) (at 2018-06-08 17:02:56.045683) =========

========= Started set props: build_url (results: 0, elapsed: 0 secs) (at 2018-06-08 17:02:56.046464) =========
'cmd' '/C' 'for' '%f' 'in' '(*)' 'do' '@type' '%f'
 in dir C:\slave\test\properties (timeout 1200 secs)
 watching logfiles {}
 argv: ['cmd', '/C', 'for', '%f', 'in', '(*)', 'do', '@type', '%f']
 environment:
  ALLUSERSPROFILE=C:\ProgramData
  APPDATA=C:\Users\cltbld.T-W864-IX-035.001\AppData\Roaming
  COMMONPROGRAMFILES=C:\Program Files (x86)\Common Files
  COMMONPROGRAMFILES(X86)=C:\Program Files (x86)\Common Files
  COMMONPROGRAMW6432=C:\Program Files\Common Files
  COMPUTERNAME=T-W864-IX-035
  COMSPEC=C:\windows\system32\cmd.exe
  DCLOCATION=SCL3
  DNSSUFFIX=wintest.releng.scl3.mozilla.com
  FP_NO_HOST_CHECK=NO
  HOMEDRIVE=C:
  HOMEPATH=\Users\cltbld.T-W864-IX-035.001
  KTS_HOME=C:\Program Files\KTS
  KTS_VERSION=1.19c
  LOCALAPPDATA=C:\Users\cltbld.T-W864-IX-035.001\AppData\Local
  LOGONSERVER=\\T-W864-IX-035
  MONDIR=C:\Monitor_config\
  MOZBUILDDIR=C:\mozilla-build\
  NUMBER_OF_PROCESSORS=8
  OS=Windows_NT
  OURDRIVE=C:
  PATH=C:\Program Files (x86)\NVIDIA Corporation\PhysX\Common;C:\windows\system32;C:\windows;C:\windows\System32\Wbem;C:\windows\System32\WindowsPowerShell\v1.0\;C:\mozilla-build\python27;C:\mozilla-build\python27\Scripts;C:\mozilla-build\msys\bin;C:\mozilla-build\vim\vim72;C:\mozilla-build\wget;C:\mozilla-build\info-zip;C:\CoreUtils\bin;C:\mozilla-build\buildbotve\scripts;C:\mozilla-build\hg
  PATHEXT=.COM;.EXE;.BAT;.CMD;.VBS;.VBE;.JS;.JSE;.WSF;.WSH;.MSC
  PROCESSOR_ARCHITECTURE=x86
  PROCESSOR_ARCHITEW6432=AMD64
  PROCESSOR_IDENTIFIER=Intel64 Family 6 Model 30 Stepping 5, GenuineIntel
  PROCESSOR_LEVEL=6
  PROCESSOR_REVISION=1e05
  PROGRAMDATA=C:\ProgramData
  PROGRAMFILES=C:\Program Files (x86)
  PROGRAMFILES(X86)=C:\Program Files (x86)
  PROGRAMW6432=C:\Program Files
  PROMPT=$P$G
  PSMODULEPATH=C:\windows\system32\WindowsPowerShell\v1.0\Modules\
  PUBLIC=C:\Users\Public
  PWD=C:\slave\test\properties
  RUNLOGFILE=C:\slave\\runslave.log
  SLAVEDIR=C:\slave\
  SYSTEMDRIVE=C:
  SYSTEMROOT=C:\windows
  TEMP=C:\Users\CLTBLD~1.001\AppData\Local\Temp
  TEST1=testie
  TMP=C:\Users\CLTBLD~1.001\AppData\Local\Temp
  USERDOMAIN=T-W864-IX-035
  USERDOMAIN_ROAMINGPROFILE=T-W864-IX-035
  USERNAME=cltbld
  USERPROFILE=C:\Users\cltbld.T-W864-IX-035.001
  WINDIR=C:\windows
 using PTY: False
build_url:https://queue.taskcluster.net/v1/task/VAgbWLphTjmdh4hh8yTyVw/artifacts/public/build/firefox-52.8.2.en-US.win64.zip
program finished with exit code 0
elapsedTime=0.102000
build_url: 'https://queue.taskcluster.net/v1/task/VAgbWLphTjmdh4hh8yTyVw/artifacts/public/build/firefox-52.8.2.en-US.win64.zip'
========= master_lag: 0.02 =========
========= Finished set props: build_url (results: 0, elapsed: 0 secs) (at 2018-06-08 17:02:56.166042) =========

========= Started 'rm -f ...' (results: 0, elapsed: 0 secs) (at 2018-06-08 17:02:56.166410) =========
'rm' '-f' 'oauth.txt'
 in dir C:\slave\test\. (timeout 1200 secs)
 watching logfiles {}
 argv: ['rm', '-f', 'oauth.txt']
 environment:
  ALLUSERSPROFILE=C:\ProgramData
  APPDATA=C:\Users\cltbld.T-W864-IX-035.001\AppData\Roaming
  COMMONPROGRAMFILES=C:\Program Files (x86)\Common Files
  COMMONPROGRAMFILES(X86)=C:\Program Files (x86)\Common Files
  COMMONPROGRAMW6432=C:\Program Files\Common Files
  COMPUTERNAME=T-W864-IX-035
  COMSPEC=C:\windows\system32\cmd.exe
  DCLOCATION=SCL3
  DNSSUFFIX=wintest.releng.scl3.mozilla.com
  FP_NO_HOST_CHECK=NO
  HOMEDRIVE=C:
  HOMEPATH=\Users\cltbld.T-W864-IX-035.001
  KTS_HOME=C:\Program Files\KTS
  KTS_VERSION=1.19c
  LOCALAPPDATA=C:\Users\cltbld.T-W864-IX-035.001\AppData\Local
  LOGONSERVER=\\T-W864-IX-035
  MONDIR=C:\Monitor_config\
  MOZBUILDDIR=C:\mozilla-build\
  NUMBER_OF_PROCESSORS=8
  OS=Windows_NT
  OURDRIVE=C:
  PATH=C:\Program Files (x86)\NVIDIA Corporation\PhysX\Common;C:\windows\system32;C:\windows;C:\windows\System32\Wbem;C:\windows\System32\WindowsPowerShell\v1.0\;C:\mozilla-build\python27;C:\mozilla-build\python27\Scripts;C:\mozilla-build\msys\bin;C:\mozilla-build\vim\vim72;C:\mozilla-build\wget;C:\mozilla-build\info-zip;C:\CoreUtils\bin;C:\mozilla-build\buildbotve\scripts;C:\mozilla-build\hg
  PATHEXT=.COM;.EXE;.BAT;.CMD;.VBS;.VBE;.JS;.JSE;.WSF;.WSH;.MSC
  PROCESSOR_ARCHITECTURE=x86
  PROCESSOR_ARCHITEW6432=AMD64
  PROCESSOR_IDENTIFIER=Intel64 Family 6 Model 30 Stepping 5, GenuineIntel
  PROCESSOR_LEVEL=6
  PROCESSOR_REVISION=1e05
  PROGRAMDATA=C:\ProgramData
  PROGRAMFILES=C:\Program Files (x86)
  PROGRAMFILES(X86)=C:\Program Files (x86)
  PROGRAMW6432=C:\Program Files
  PROMPT=$P$G
  PSMODULEPATH=C:\windows\system32\WindowsPowerShell\v1.0\Modules\
  PUBLIC=C:\Users\Public
  PWD=C:\slave\test
  RUNLOGFILE=C:\slave\\runslave.log
  SLAVEDIR=C:\slave\
  SYSTEMDRIVE=C:
  SYSTEMROOT=C:\windows
  TEMP=C:\Users\CLTBLD~1.001\AppData\Local\Temp
  TEST1=testie
  TMP=C:\Users\CLTBLD~1.001\AppData\Local\Temp
  USERDOMAIN=T-W864-IX-035
  USERDOMAIN_ROAMINGPROFILE=T-W864-IX-035
  USERNAME=cltbld
  USERPROFILE=C:\Users\cltbld.T-W864-IX-035.001
  WINDIR=C:\windows
 using PTY: False
program finished with exit code 0
elapsedTime=0.101000
========= master_lag: 0.01 =========
========= Finished 'rm -f ...' (results: 0, elapsed: 0 secs) (at 2018-06-08 17:02:56.278728) =========

========= Started reboot slave lost (results: 0, elapsed: 0 secs) (at 2018-06-08 17:02:56.279285) =========

========= Finished reboot slave lost (results: 0, elapsed: 0 secs) (at 2018-06-08 17:02:56.578360) =========

========= Total master_lag: -0.15 =========

