builder: mozilla-esr52_yosemite_r7_test-mochitest-e10s-devtools-chrome-6
slave: t-yosemite-r7-0014
starttime: 1528502303.65
results: cancelled (6)
buildid: 20180608150819
builduid: b298b373e93d4f8dbf92436c9ed838a2
revision: cbfdf01aac455e0591471201c96b89dee98190b5

========= Started set props: master (results: 0, elapsed: 0 secs) (at 2018-06-08 16:58:23.655137) =========
master: http://buildbot-master106.bb.releng.scl3.mozilla.com:8201/
========= Finished set props: master (results: 0, elapsed: 0 secs) (at 2018-06-08 16:58:23.655596) =========

========= Started downloading to buildprops.json (results: 0, elapsed: 0 secs) (at 2018-06-08 16:58:23.655950) =========
========= Finished downloading to buildprops.json (results: 0, elapsed: 0 secs) (at 2018-06-08 16:58:23.667549) =========

========= Started 'bash -c ...' (results: 0, elapsed: 0 secs) (at 2018-06-08 16:58:23.667814) =========
bash -c 'wget -Oarchiver_client.py --no-check-certificate --tries=10 --waitretry=3 https://hg.mozilla.org/build/tools/raw-file/default/buildfarm/utils/archiver_client.py'
 in dir /builds/slave/test/. (timeout 1200 secs)
 watching logfiles {}
 argv: ['bash', '-c', 'wget -Oarchiver_client.py --no-check-certificate --tries=10 --waitretry=3 https://hg.mozilla.org/build/tools/raw-file/default/buildfarm/utils/archiver_client.py']
 environment:
  Apple_PubSub_Socket_Render=/private/tmp/com.apple.launchd.amOruGVP0x/Render
  GIT_SHARE_BASE_DIR=/builds/git-shared
  HG_SHARE_BASE_DIR=/builds/hg-shared
  HOME=/Users/cltbld
  IDLEIZER_DISABLE_SHUTDOWN=true
  LOGNAME=cltbld
  PATH=/usr/local/sbin:/usr/local/bin:/usr/sbin:/usr/bin:/sbin:/bin:/usr/bin/X11
  PWD=/builds/slave/test
  RUNNER_CONFIG_CMD=/opt/runner/bin/python2.7 /opt/runner/bin/runner -c /opt/runner/runner.cfg
  SHELL=/bin/bash
  SSH_AUTH_SOCK=/private/tmp/com.apple.launchd.DnGt0NYrV5/Listeners
  TMPDIR=/var/folders/n9/5yc0k79j0m3fqspp_mk8fy4w00000w/T/
  TWISTD_LOG_PATH=/builds/slave/twistd.log
  USER=cltbld
  VERSIONER_PYTHON_PREFER_32_BIT=no
  VERSIONER_PYTHON_VERSION=2.7
  XPC_FLAGS=0x0
  XPC_SERVICE_NAME=0
  __CF_USER_TEXT_ENCODING=0x1C:0:0
 using PTY: False
--2018-06-08 16:58:23--  https://hg.mozilla.org/build/tools/raw-file/default/buildfarm/utils/archiver_client.py
Resolving hg.mozilla.org... 63.245.215.102, 63.245.215.25
Connecting to hg.mozilla.org|63.245.215.102|:443... connected.
HTTP request sent, awaiting response... 200 Script output follows
Length: 12179 (12K) [text/x-python]
Saving to: 'archiver_client.py'

     0K .......... .                                          100% 32.4M=0s

2018-06-08 16:58:23 (32.4 MB/s) - 'archiver_client.py' saved [12179/12179]

program finished with exit code 0
elapsedTime=0.194396
========= master_lag: 0.01 =========
========= Finished 'bash -c ...' (results: 0, elapsed: 0 secs) (at 2018-06-08 16:58:23.872922) =========

========= Started 'rm -rf ...' (results: 0, elapsed: 0 secs) (at 2018-06-08 16:58:23.873247) =========
rm -rf scripts properties
 in dir /builds/slave/test/. (timeout 1200 secs)
 watching logfiles {}
 argv: ['rm', '-rf', 'scripts', 'properties']
 environment:
  Apple_PubSub_Socket_Render=/private/tmp/com.apple.launchd.amOruGVP0x/Render
  GIT_SHARE_BASE_DIR=/builds/git-shared
  HG_SHARE_BASE_DIR=/builds/hg-shared
  HOME=/Users/cltbld
  IDLEIZER_DISABLE_SHUTDOWN=true
  LOGNAME=cltbld
  PATH=/usr/local/sbin:/usr/local/bin:/usr/sbin:/usr/bin:/sbin:/bin:/usr/bin/X11
  PWD=/builds/slave/test
  RUNNER_CONFIG_CMD=/opt/runner/bin/python2.7 /opt/runner/bin/runner -c /opt/runner/runner.cfg
  SHELL=/bin/bash
  SSH_AUTH_SOCK=/private/tmp/com.apple.launchd.DnGt0NYrV5/Listeners
  TMPDIR=/var/folders/n9/5yc0k79j0m3fqspp_mk8fy4w00000w/T/
  TWISTD_LOG_PATH=/builds/slave/twistd.log
  USER=cltbld
  VERSIONER_PYTHON_PREFER_32_BIT=no
  VERSIONER_PYTHON_VERSION=2.7
  XPC_FLAGS=0x0
  XPC_SERVICE_NAME=0
  __CF_USER_TEXT_ENCODING=0x1C:0:0
 using PTY: False
program finished with exit code 0
elapsedTime=0.021347
========= master_lag: 0.03 =========
========= Finished 'rm -rf ...' (results: 0, elapsed: 0 secs) (at 2018-06-08 16:58:23.921538) =========

========= Started 'bash -c ...' (results: 0, elapsed: 2 secs) (at 2018-06-08 16:58:23.921899) =========
bash -c 'python archiver_client.py mozharness --repo releases/mozilla-esr52 --rev cbfdf01aac455e0591471201c96b89dee98190b5 --destination scripts --debug'
 in dir /builds/slave/test/. (timeout 1200 secs)
 watching logfiles {}
 argv: ['bash', '-c', u'python archiver_client.py mozharness --repo releases/mozilla-esr52 --rev cbfdf01aac455e0591471201c96b89dee98190b5 --destination scripts --debug']
 environment:
  Apple_PubSub_Socket_Render=/private/tmp/com.apple.launchd.amOruGVP0x/Render
  GIT_SHARE_BASE_DIR=/builds/git-shared
  HG_SHARE_BASE_DIR=/builds/hg-shared
  HOME=/Users/cltbld
  IDLEIZER_DISABLE_SHUTDOWN=true
  LOGNAME=cltbld
  PATH=/usr/local/sbin:/usr/local/bin:/usr/sbin:/usr/bin:/sbin:/bin:/usr/bin/X11
  PWD=/builds/slave/test
  RUNNER_CONFIG_CMD=/opt/runner/bin/python2.7 /opt/runner/bin/runner -c /opt/runner/runner.cfg
  SHELL=/bin/bash
  SSH_AUTH_SOCK=/private/tmp/com.apple.launchd.DnGt0NYrV5/Listeners
  TMPDIR=/var/folders/n9/5yc0k79j0m3fqspp_mk8fy4w00000w/T/
  TWISTD_LOG_PATH=/builds/slave/twistd.log
  USER=cltbld
  VERSIONER_PYTHON_PREFER_32_BIT=no
  VERSIONER_PYTHON_VERSION=2.7
  XPC_FLAGS=0x0
  XPC_SERVICE_NAME=0
  __CF_USER_TEXT_ENCODING=0x1C:0:0
 using PTY: False
2018-06-08 16:58:23,964 truncating revision to first 12 chars
2018-06-08 16:58:23,964 Setting DEBUG logging.
2018-06-08 16:58:23,964 attempt 1/10
2018-06-08 16:58:23,964 Getting archive location from https://api.pub.build.mozilla.org/archiver/hgmo/releases/mozilla-esr52/cbfdf01aac45?&preferred_region=us-west-2&suffix=tar.gz&subdir=testing/mozharness
2018-06-08 16:58:25,726 unpacking tar archive at: mozilla-esr52-cbfdf01aac45/testing/mozharness/
program finished with exit code 0
elapsedTime=2.173917
========= master_lag: 0.01 =========
========= Finished 'bash -c ...' (results: 0, elapsed: 2 secs) (at 2018-06-08 16:58:26.107464) =========

========= Started set props: script_repo_revision (results: 0, elapsed: 0 secs) (at 2018-06-08 16:58:26.107806) =========
script_repo_revision: cbfdf01aac455e0591471201c96b89dee98190b5
========= Finished set props: script_repo_revision (results: 0, elapsed: 0 secs) (at 2018-06-08 16:58:26.108216) =========

========= Started downloading to oauth.txt (results: 0, elapsed: 0 secs) (at 2018-06-08 16:58:26.108484) =========
========= Finished downloading to oauth.txt (results: 0, elapsed: 0 secs) (at 2018-06-08 16:58:26.117054) =========

========= Started '/tools/buildbot/bin/python -u ...' interrupted (results: 4, elapsed: 3 mins, 11 secs) (at 2018-06-08 16:58:26.117373) =========
/tools/buildbot/bin/python -u scripts/scripts/desktop_unittest.py --cfg unittests/mac_unittest.py --mochitest-suite mochitest-devtools-chrome --e10s --total-chunks 8 --this-chunk 6 --blob-upload-branch mozilla-esr52 --download-symbols ondemand
 in dir /builds/slave/test/. (timeout 1800 secs) (maxTime 4800 secs)
 watching logfiles {}
 argv: ['/tools/buildbot/bin/python', '-u', 'scripts/scripts/desktop_unittest.py', '--cfg', 'unittests/mac_unittest.py', '--mochitest-suite', 'mochitest-devtools-chrome', '--e10s', '--total-chunks', '8', '--this-chunk', '6', '--blob-upload-branch', 'mozilla-esr52', '--download-symbols', 'ondemand']
 environment:
  Apple_PubSub_Socket_Render=/private/tmp/com.apple.launchd.amOruGVP0x/Render
  GIT_SHARE_BASE_DIR=/builds/git-shared
  HG_SHARE_BASE_DIR=/builds/hg-shared
  HOME=/Users/cltbld
  IDLEIZER_DISABLE_SHUTDOWN=true
  LOGNAME=cltbld
  MOZ_HIDE_RESULTS_TABLE=1
  MOZ_NODE_PATH=/usr/local/bin/node
  MOZ_NO_REMOTE=1
  NO_EM_RESTART=1
  NO_FAIL_ON_TEST_ERRORS=1
  PATH=/usr/local/sbin:/usr/local/bin:/usr/sbin:/usr/bin:/sbin:/bin:/usr/bin/X11
  PROPERTIES_FILE=/builds/slave/test/buildprops.json
  PWD=/builds/slave/test
  RUNNER_CONFIG_CMD=/opt/runner/bin/python2.7 /opt/runner/bin/runner -c /opt/runner/runner.cfg
  SHELL=/bin/bash
  SSH_AUTH_SOCK=/private/tmp/com.apple.launchd.DnGt0NYrV5/Listeners
  TMPDIR=/var/folders/n9/5yc0k79j0m3fqspp_mk8fy4w00000w/T/
  TWISTD_LOG_PATH=/builds/slave/twistd.log
  USER=cltbld
  VERSIONER_PYTHON_PREFER_32_BIT=no
  VERSIONER_PYTHON_VERSION=2.7
  XPCOM_DEBUG_BREAK=warn
  XPC_FLAGS=0x0
  XPC_SERVICE_NAME=0
  __CF_USER_TEXT_ENCODING=0x1C:0:0
 using PTY: False
16:58:26     INFO - MultiFileLogger online at 20180608 16:58:26 in /builds/slave/test
16:58:26     INFO - Run as scripts/scripts/desktop_unittest.py --cfg unittests/mac_unittest.py --mochitest-suite mochitest-devtools-chrome --e10s --total-chunks 8 --this-chunk 6 --blob-upload-branch mozilla-esr52 --download-symbols ondemand
16:58:26     INFO - Dumping config to /builds/slave/test/logs/localconfig.json.
16:58:26     INFO - {'all_cppunittest_suites': {'cppunittest': ('tests/cppunittest',)},
16:58:26     INFO -  'all_gtest_suites': {'gtest': ()},
16:58:26     INFO -  'all_jittest_suites': {'jittest': ()},
16:58:26     INFO -  'all_mochitest_suites': {'a11y': ('--flavor=a11y',),
16:58:26     INFO -                           'browser-chrome': ('--flavor=browser',),
16:58:26     INFO -                           'browser-chrome-addons': ('--flavor=browser',
16:58:26     INFO -                                                     '--chunk-by-runtime',
16:58:26     INFO -                                                     '--tag=addons'),
16:58:26     INFO -                           'browser-chrome-chunked': ('--flavor=browser',
16:58:26     INFO -                                                      '--chunk-by-runtime'),
16:58:26     INFO -                           'browser-chrome-clipboard': ('--flavor=browser',
16:58:26     INFO -                                                        '--subsuite=clipboard'),
16:58:26     INFO -                           'browser-chrome-gpu': ('--flavor=browser',
16:58:26     INFO -                                                  '--subsuite=gpu'),
16:58:26     INFO -                           'browser-chrome-screenshots': ('--flavor=browser',
16:58:26     INFO -                                                          '--subsuite=screenshots'),
16:58:26     INFO -                           'chrome': ('--flavor=chrome',),
16:58:26     INFO -                           'chrome-chunked': ('--flavor=chrome',
16:58:26     INFO -                                              '--chunk-by-dir=4'),
16:58:26     INFO -                           'chrome-clipboard': ('--flavor=chrome',
16:58:26     INFO -                                                '--subsuite=clipboard'),
16:58:26     INFO -                           'chrome-gpu': ('--flavor=chrome', '--subsuite=gpu'),
16:58:26     INFO -                           'jetpack-addon': ('--flavor=jetpack-addon',),
16:58:26     INFO -                           'jetpack-package': ('--flavor=jetpack-package',),
16:58:26     INFO -                           'jetpack-package-clipboard': ('--flavor=jetpack-package',
16:58:26     INFO -                                                         '--subsuite=clipboard'),
16:58:26     INFO -                           'mochitest-devtools-chrome': ('--flavor=browser',
16:58:26     INFO -                                                         '--subsuite=devtools'),
16:58:26     INFO -                           'mochitest-devtools-chrome-chunked': ('--flavor=browser',
16:58:26     INFO -                                                                 '--subsuite=devtools',
16:58:26     INFO -                                                                 '--chunk-by-runtime'),
16:58:26     INFO -                           'mochitest-gl': ('--subsuite=webgl',),
16:58:26     INFO -                           'mochitest-media': ('--subsuite=media',),
16:58:26     INFO -                           'plain': (),
16:58:26     INFO -                           'plain-chunked': ('--chunk-by-dir=4',),
16:58:26     INFO -                           'plain-clipboard': ('--subsuite=clipboard',),
16:58:26     INFO -                           'plain-gpu': ('--subsuite=gpu',)},
16:58:26     INFO -  'all_mozbase_suites': {'mozbase': ()},
16:58:26     INFO -  'all_reftest_suites': {'crashtest': {'options': ('--suite=crashtest',),
16:58:26     INFO -                                       'tests': ('tests/reftest/tests/testing/crashtest/crashtests.list',)},
16:58:26     INFO -                         'jsreftest': {'options': ('--extra-profile-file=tests/jsreftest/tests/user.js',),
16:58:26     INFO -                                       'tests': ('tests/jsreftest/tests/jstests.list',)},
16:58:26     INFO -                         'reftest': {'options': ('--suite=reftest',),
16:58:26     INFO -                                     'tests': ('tests/reftest/tests/layout/reftests/reftest.list',)}},
16:58:26     INFO -  'all_xpcshell_suites': {'xpcshell': {'options': ('--xpcshell=%(abs_app_dir)s/xpcshell',
16:58:26     INFO -                                                   '--manifest=tests/xpcshell/tests/xpcshell.ini'),
16:58:26     INFO -                                       'tests': ()},
16:58:26     INFO -                          'xpcshell-addons': {'options': ('--xpcshell=%(abs_app_dir)s/xpcshell',
16:58:26     INFO -                                                          '--tag=addons',
16:58:26     INFO -                                                          '--manifest=tests/xpcshell/tests/xpcshell.ini'),
16:58:26     INFO -                                              'tests': ()}},
16:58:26     INFO -  'allow_software_gl_layers': False,
16:58:26     INFO -  'append_to_log': False,
16:58:26     INFO -  'base_work_dir': '/builds/slave/test',
16:58:26     INFO -  'blob_upload_branch': 'mozilla-esr52',
16:58:26     INFO -  'blob_uploader_auth_file': '/builds/slave/test/oauth.txt',
16:58:26     INFO -  'buildbot_json_path': 'buildprops.json',
16:58:26     INFO -  'buildbot_max_log_size': 52428800,
16:58:26     INFO -  'code_coverage': False,
16:58:26     INFO -  'config_files': ('unittests/mac_unittest.py',),
16:58:26     INFO -  'default_blob_upload_servers': ('https://blobupload.elasticbeanstalk.com',),
16:58:26     INFO -  'download_minidump_stackwalk': True,
16:58:26     INFO -  'download_nodejs': True,
16:58:26     INFO -  'download_symbols': 'ondemand',
16:58:26     INFO -  'e10s': True,
16:58:26     INFO -  'exe_suffix': '',
16:58:26     INFO -  'exes': {'python': '/tools/buildbot/bin/python',
16:58:26     INFO -           'tooltool.py': '/tools/tooltool.py',
16:58:26     INFO -           'virtualenv': ('/tools/buildbot/bin/python',
16:58:26     INFO -                          '/tools/misc-python/virtualenv.py')},
16:58:26     INFO -  'find_links': ('http://pypi.pvt.build.mozilla.org/pub',
16:58:26     INFO -                 'http://pypi.pub.build.mozilla.org/pub'),
16:58:26     INFO -  'installer_path': '/builds/slave/test/installer.dmg',
16:58:26     INFO -  'log_level': 'info',
16:58:26     INFO -  'log_to_console': True,
16:58:26     INFO -  'minidump_save_path': '%(abs_work_dir)s/../minidumps',
16:58:26     INFO -  'minidump_stackwalk_path': 'macosx64-minidump_stackwalk',
16:58:26     INFO -  'minidump_tooltool_manifest_path': 'config/tooltool-manifests/macosx64/releng.manifest',
16:58:26     INFO -  'minimum_tests_zip_dirs': ('bin/*',
16:58:26     INFO -                             'certs/*',
16:58:26     INFO -                             'config/*',
16:58:26     INFO -                             'mach',
16:58:26     INFO -                             'marionette/*',
16:58:26     INFO -                             'modules/*',
16:58:26     INFO -                             'mozbase/*',
16:58:26     INFO -                             'tools/*'),
16:58:26     INFO -  'no_random': False,
16:58:26     INFO -  'nodejs_path': 'node-osx/bin/node',
16:58:26     INFO -  'nodejs_tooltool_manifest_path': 'config/tooltool-manifests/macosx64/nodejs.manifest',
16:58:26     INFO -  'opt_config_files': (),
16:58:26     INFO -  'pip_index': False,
16:58:26     INFO -  'preflight_run_cmd_suites': ({'architectures': ('32bit', '64bit'),
16:58:26     INFO -                                'cmd': ('xset', 's', 'off', 's', 'reset'),
16:58:26     INFO -                                'enabled': False,
16:58:26     INFO -                                'halt_on_failure': False,
16:58:26     INFO -                                'name': 'disable_screen_saver'},
16:58:26     INFO -                               {'architectures': ('32bit',),
16:58:26     INFO -                                'cmd': ('python',
16:58:26     INFO -                                        '../scripts/external_tools/mouse_and_screen_resolution.py',
16:58:26     INFO -                                        '--configuration-file',
16:58:26     INFO -                                        '../scripts/external_tools/machine-configuration.json'),
16:58:26     INFO -                                'enabled': False,
16:58:26     INFO -                                'halt_on_failure': True,
16:58:26     INFO -                                'name': 'run mouse & screen adjustment script'}),
16:58:26     INFO -  'require_test_zip': True,
16:58:26     INFO -  'run_all_suites': False,
16:58:26     INFO -  'run_cmd_checks_enabled': True,
16:58:26     INFO -  'run_file_names': {'cppunittest': 'runcppunittests.py',
16:58:26     INFO -                     'gtest': 'rungtests.py',
16:58:26     INFO -                     'jittest': 'jit_test.py',
16:58:26     INFO -                     'mochitest': 'runtests.py',
16:58:26     INFO -                     'mozbase': 'test.py',
16:58:26     INFO -                     'mozmill': 'runtestlist.py',
16:58:26     INFO -                     'reftest': 'runreftest.py',
16:58:26     INFO -                     'xpcshell': 'runxpcshelltests.py'},
16:58:26     INFO -  'specific_tests_zip_dirs': {'cppunittest': ('cppunittest/*',),
16:58:26     INFO -                              'gtest': ('gtest/*',),
16:58:26     INFO -                              'jittest': ('jit-test/*',),
16:58:26     INFO -                              'mochitest': ('mochitest/*',),
16:58:26     INFO -                              'mozbase': ('mozbase/*',),
16:58:26     INFO -                              'mozmill': ('mozmill/*',),
16:58:26     INFO -                              'reftest': ('reftest/*', 'jsreftest/*'),
16:58:26     INFO -                              'xpcshell': ('xpcshell/*',)},
16:58:26     INFO -  'specified_mochitest_suites': ('mochitest-devtools-chrome',),
16:58:26     INFO -  'strict_content_sandbox': False,
16:58:26     INFO -  'suite_definitions': {'cppunittest': {'options': ('--symbols-path=%(symbols_path)s',
16:58:26     INFO -                                                    '--xre-path=%(abs_res_dir)s'),
16:58:26     INFO -                                        'run_filename': 'runcppunittests.py',
16:58:26     INFO -                                        'testsdir': 'cppunittest'},
16:58:26     INFO -                        'gtest': {'options': ('--xre-path=%(abs_res_dir)s',
16:58:26     INFO -                                              '--cwd=%(gtest_dir)s',
16:58:26     INFO -                                              '--symbols-path=%(symbols_path)s',
16:58:26     INFO -                                              '--utility-path=tests/bin',
16:58:26     INFO -                                              '%(binary_path)s'),
16:58:26     INFO -                                  'run_filename': 'rungtests.py'},
16:58:26     INFO -                        'jittest': {'options': ('tests/bin/js',
16:58:26     INFO -                                                '--no-slow',
16:58:26     INFO -                                                '--no-progress',
16:58:26     INFO -                                                '--format=automation',
16:58:26     INFO -                                                '--jitflags=all',
16:58:26     INFO -                                                '--timeout=970'),
16:58:26     INFO -                                    'run_filename': 'jit_test.py',
16:58:26     INFO -                                    'run_timeout': 1000,
16:58:26     INFO -                                    'testsdir': 'jit-test/jit-test'},
16:58:26     INFO -                        'mochitest': {'options': ('--appname=%(binary_path)s',
16:58:26     INFO -                                                  '--utility-path=tests/bin',
16:58:26     INFO -                                                  '--extra-profile-file=tests/bin/plugins',
16:58:26     INFO -                                                  '--symbols-path=%(symbols_path)s',
16:58:26     INFO -                                                  '--certificate-path=tests/certs',
16:58:26     INFO -                                                  '--quiet',
16:58:26     INFO -                                                  '--log-raw=%(raw_log_file)s',
16:58:26     INFO -                                                  '--log-errorsummary=%(error_summary_file)s',
16:58:26     INFO -                                                  '--screenshot-on-fail',
16:58:26     INFO -                                                  '--cleanup-crashes'),
16:58:26     INFO -                                      'run_filename': 'runtests.py',
16:58:26     INFO -                                      'testsdir': 'mochitest'},
16:58:26     INFO -                        'mozbase': {'options': ('-b', '%(binary_path)s'),
16:58:26     INFO -                                    'run_filename': 'test.py',
16:58:26     INFO -                                    'testsdir': 'mozbase'},
16:58:26     INFO -                        'mozmill': {'options': ('--binary=%(binary_path)s',
16:58:26     INFO -                                                '--testing-modules-dir=test/modules',
16:58:26     INFO -                                                '--plugins-path=%(test_plugin_path)s',
16:58:26     INFO -                                                '--symbols-path=%(symbols_path)s'),
16:58:26     INFO -                                    'run_filename': 'runtestlist.py',
16:58:26     INFO -                                    'testsdir': 'mozmill'},
16:58:26     INFO -                        'reftest': {'options': ('--appname=%(binary_path)s',
16:58:26     INFO -                                                '--utility-path=tests/bin',
16:58:26     INFO -                                                '--extra-profile-file=tests/bin/plugins',
16:58:26     INFO -                                                '--symbols-path=%(symbols_path)s',
16:58:26     INFO -                                                '--log-raw=%(raw_log_file)s',
16:58:26     INFO -                                                '--log-errorsummary=%(error_summary_file)s',
16:58:26     INFO -                                                '--cleanup-crashes'),
16:58:26     INFO -                                    'run_filename': 'runreftest.py',
16:58:26     INFO -                                    'testsdir': 'reftest'},
16:58:26     INFO -                        'xpcshell': {'options': ('--symbols-path=%(symbols_path)s',
16:58:26     INFO -                                                 '--test-plugin-path=%(test_plugin_path)s',
16:58:26     INFO -                                                 '--log-raw=%(raw_log_file)s',
16:58:26     INFO -                                                 '--log-errorsummary=%(error_summary_file)s',
16:58:26     INFO -                                                 '--utility-path=tests/bin'),
16:58:26     INFO -                                     'run_filename': 'runxpcshelltests.py',
16:58:26     INFO -                                     'testsdir': 'xpcshell'}},
16:58:26     INFO -  'this_chunk': '6',
16:58:26     INFO -  'tooltool_cache': '/builds/tooltool_cache',
16:58:26     INFO -  'total_chunks': '8',
16:58:26     INFO -  'unstructured_flavors': {'cppunittest': (),
16:58:26     INFO -                           'gtest': (),
16:58:26     INFO -                           'jittest': (),
16:58:26     INFO -                           'mochitest': ('jetpack',),
16:58:26     INFO -                           'mozbase': (),
16:58:26     INFO -                           'mozmill': (),
16:58:26     INFO -                           'xpcshell': ()},
16:58:26     INFO -  'vcs_output_timeout': 1000,
16:58:26     INFO -  'virtualenv_modules': ('six==1.10.0', 'vcversioner==2.16.0.0'),
16:58:26     INFO -  'virtualenv_path': 'venv',
16:58:26     INFO -  'volatile_config': {'actions': None, 'add_actions': None, 'no_actions': None},
16:58:26     INFO -  'work_dir': 'build',
16:58:26     INFO -  'xpcshell_name': 'xpcshell'}
16:58:26     INFO - [mozharness: 2018-06-08 23:58:26.312297Z] Running clobber step.
16:58:26     INFO - Running pre-action listener: _resource_record_pre_action
16:58:26     INFO - Running main action method: clobber
16:58:26     INFO - rmtree: /builds/slave/test/build
16:58:26     INFO - retry: Calling rmtree with args: ('/builds/slave/test/build',), kwargs: {}, attempt #1
16:58:28     INFO - Running post-action listener: _resource_record_post_action
16:58:28     INFO - [mozharness: 2018-06-08 23:58:28.005075Z] Finished clobber step (success)
16:58:28     INFO - [mozharness: 2018-06-08 23:58:28.005262Z] Running read-buildbot-config step.
16:58:28     INFO - Running pre-action listener: _resource_record_pre_action
16:58:28     INFO - Running main action method: read_buildbot_config
16:58:28     INFO - Using buildbot properties:
16:58:28     INFO - {
16:58:28     INFO -     "project": "", 
16:58:28     INFO -     "product": "firefox", 
16:58:28     INFO -     "script_repo_revision": "production", 
16:58:28     INFO -     "scheduler": "tests-mozilla-esr52-yosemite_r7-opt-unittest", 
16:58:28     INFO -     "repository": "", 
16:58:28     INFO -     "buildername": "Rev7 MacOSX Yosemite 10.10.5 mozilla-esr52 opt test mochitest-e10s-devtools-chrome-6", 
16:58:28     INFO -     "buildid": "20180608150819", 
16:58:28     INFO -     "pgo_build": "False", 
16:58:28     INFO -     "basedir": "/builds/slave/test", 
16:58:28     INFO -     "buildnumber": 16, 
16:58:28     INFO -     "slavename": "t-yosemite-r7-0014", 
16:58:28     INFO -     "master": "http://buildbot-master106.bb.releng.scl3.mozilla.com:8201/", 
16:58:28     INFO -     "platform": "macosx64", 
16:58:28     INFO -     "branch": "mozilla-esr52", 
16:58:28     INFO -     "revision": "cbfdf01aac455e0591471201c96b89dee98190b5", 
16:58:28     INFO -     "repo_path": "releases/mozilla-esr52", 
16:58:28     INFO -     "moz_repo_path": "", 
16:58:28     INFO -     "stage_platform": "macosx64", 
16:58:28     INFO -     "builduid": "b298b373e93d4f8dbf92436c9ed838a2", 
16:58:28     INFO -     "slavebuilddir": "test"
16:58:28     INFO - }
16:58:28     INFO - Found installer url https://queue.taskcluster.net/v1/task/HHn8t6C8SBmHWYIFt5uc2A/artifacts/public/build/firefox-52.8.2.en-US.mac.dmg.
16:58:28     INFO - Found a test packages url https://queue.taskcluster.net/v1/task/HHn8t6C8SBmHWYIFt5uc2A/artifacts/public/build/firefox-52.8.2.en-US.mac.test_packages.json.
16:58:28     INFO - Running post-action listener: _resource_record_post_action
16:58:28     INFO - [mozharness: 2018-06-08 23:58:28.009403Z] Finished read-buildbot-config step (success)
16:58:28     INFO - [mozharness: 2018-06-08 23:58:28.009593Z] Running download-and-extract step.
16:58:28     INFO - Running pre-action listener: _pre_download_and_extract
16:58:28  WARNING - Try message not found.
16:58:28     INFO - Running pre-action listener: _resource_record_pre_action
16:58:28     INFO - Running main action method: download_and_extract
16:58:28     INFO - mkdir: /builds/slave/test/build/tests
16:58:28     INFO - Downloading https://queue.taskcluster.net/v1/task/HHn8t6C8SBmHWYIFt5uc2A/artifacts/public/build/firefox-52.8.2.en-US.mac.test_packages.json to /builds/slave/test/build/firefox-52.8.2.en-US.mac.test_packages.json
16:58:28     INFO - retry: Calling _download_file with args: (), kwargs: {'url': 'https://queue.taskcluster.net/v1/task/HHn8t6C8SBmHWYIFt5uc2A/artifacts/public/build/firefox-52.8.2.en-US.mac.test_packages.json', 'file_name': '/builds/slave/test/build/firefox-52.8.2.en-US.mac.test_packages.json'}, attempt #1
16:58:28     INFO - Downloaded 1199 bytes.
16:58:28     INFO - Reading from file /builds/slave/test/build/firefox-52.8.2.en-US.mac.test_packages.json
16:58:28     INFO - Using the following test package requirements:
16:58:28     INFO - {u'common': [u'firefox-52.8.2.en-US.mac.common.tests.zip'],
16:58:28     INFO -  u'cppunittest': [u'firefox-52.8.2.en-US.mac.common.tests.zip',
16:58:28     INFO -                   u'firefox-52.8.2.en-US.mac.cppunittest.tests.zip'],
16:58:28     INFO -  u'gtest': [u'firefox-52.8.2.en-US.mac.common.tests.zip',
16:58:28     INFO -             u'firefox-52.8.2.en-US.mac.gtest.tests.zip'],
16:58:28     INFO -  u'jittest': [u'firefox-52.8.2.en-US.mac.common.tests.zip',
16:58:28     INFO -               u'jsshell-mac.zip'],
16:58:28     INFO -  u'mochitest': [u'firefox-52.8.2.en-US.mac.common.tests.zip',
16:58:28     INFO -                 u'firefox-52.8.2.en-US.mac.mochitest.tests.zip'],
16:58:28     INFO -  u'mozbase': [u'firefox-52.8.2.en-US.mac.common.tests.zip'],
16:58:28     INFO -  u'reftest': [u'firefox-52.8.2.en-US.mac.common.tests.zip',
16:58:28     INFO -               u'firefox-52.8.2.en-US.mac.reftest.tests.zip'],
16:58:28     INFO -  u'talos': [u'firefox-52.8.2.en-US.mac.common.tests.zip',
16:58:28     INFO -             u'firefox-52.8.2.en-US.mac.talos.tests.zip'],
16:58:28     INFO -  u'web-platform': [u'firefox-52.8.2.en-US.mac.common.tests.zip',
16:58:28     INFO -                    u'firefox-52.8.2.en-US.mac.web-platform.tests.zip'],
16:58:28     INFO -  u'xpcshell': [u'firefox-52.8.2.en-US.mac.common.tests.zip',
16:58:28     INFO -                u'firefox-52.8.2.en-US.mac.xpcshell.tests.zip']}
16:58:28     INFO - Downloading packages: [u'firefox-52.8.2.en-US.mac.common.tests.zip', u'firefox-52.8.2.en-US.mac.mochitest.tests.zip'] for test suite category: mochitest
16:58:28     INFO - Adding 'mozinfo.json' for extraction from common.tests zip file
16:58:28     INFO - Downloading and extracting to /builds/slave/test/build/tests these dirs bin/*, certs/*, config/*, mach, marionette/*, modules/*, mozbase/*, tools/*, mochitest/*, mozinfo.json from https://queue.taskcluster.net/v1/task/HHn8t6C8SBmHWYIFt5uc2A/artifacts/public/build/firefox-52.8.2.en-US.mac.common.tests.zip
16:58:28     INFO - retry: Calling fetch_url_into_memory with args: (), kwargs: {'url': u'https://queue.taskcluster.net/v1/task/HHn8t6C8SBmHWYIFt5uc2A/artifacts/public/build/firefox-52.8.2.en-US.mac.common.tests.zip'}, attempt #1
16:58:28     INFO - Fetch https://queue.taskcluster.net/v1/task/HHn8t6C8SBmHWYIFt5uc2A/artifacts/public/build/firefox-52.8.2.en-US.mac.common.tests.zip into memory
16:58:29     INFO - Http code: 200
16:58:29     INFO - via: 1.1 ca024aca72de992a25bcd7fdcfe84b67.cloudfront.net (CloudFront)
16:58:29     INFO - x-amz-cf-id: lUXVz-kaI-j0_53EEFhufAZLa5CFxLwOuDmxq10kHWhcAU0SsYZefw==
16:58:29     INFO - x-amz-version-id: UkqyOZq8WNz45.a28JfbTxANLCd8IcMh
16:58:29     INFO - Expected file size: 16042780
16:58:29     INFO - Obtained file size: 16042780
16:58:30     INFO - Downloading and extracting to /builds/slave/test/build/tests these dirs bin/*, certs/*, config/*, mach, marionette/*, modules/*, mozbase/*, tools/*, mochitest/*, mozinfo.json from https://queue.taskcluster.net/v1/task/HHn8t6C8SBmHWYIFt5uc2A/artifacts/public/build/firefox-52.8.2.en-US.mac.mochitest.tests.zip
16:58:30     INFO - retry: Calling fetch_url_into_memory with args: (), kwargs: {'url': u'https://queue.taskcluster.net/v1/task/HHn8t6C8SBmHWYIFt5uc2A/artifacts/public/build/firefox-52.8.2.en-US.mac.mochitest.tests.zip'}, attempt #1
16:58:30     INFO - Fetch https://queue.taskcluster.net/v1/task/HHn8t6C8SBmHWYIFt5uc2A/artifacts/public/build/firefox-52.8.2.en-US.mac.mochitest.tests.zip into memory
16:58:31     INFO - Http code: 200
16:58:31     INFO - via: 1.1 515297ac55a7ae01bf8c7d03df4fecb1.cloudfront.net (CloudFront)
16:58:31     INFO - x-amz-cf-id: pcxto3_CKRrbP7kEi59fXc9v8aZPad38HwYCPuOHEoIhk9aHsqGlqQ==
16:58:31     INFO - x-amz-version-id: xgAMGpI0uaru90NO_X7ED2eFy6JPyfUY
16:58:32     INFO - Expected file size: 80335913
16:58:32     INFO - Obtained file size: 80335913
16:58:44     INFO - Downloading https://queue.taskcluster.net/v1/task/HHn8t6C8SBmHWYIFt5uc2A/artifacts/public/build/firefox-52.8.2.en-US.mac.dmg to /builds/slave/test/installer.dmg
16:58:44     INFO - retry: Calling _download_file with args: (), kwargs: {'url': 'https://queue.taskcluster.net/v1/task/HHn8t6C8SBmHWYIFt5uc2A/artifacts/public/build/firefox-52.8.2.en-US.mac.dmg', 'file_name': '/builds/slave/test/installer.dmg'}, attempt #1
16:58:47     INFO - Downloaded 82824028 bytes.
16:58:47     INFO - Setting buildbot property build_url to https://queue.taskcluster.net/v1/task/HHn8t6C8SBmHWYIFt5uc2A/artifacts/public/build/firefox-52.8.2.en-US.mac.dmg
16:58:47     INFO - mkdir: /builds/slave/test/properties
16:58:47     INFO - Writing buildbot properties ['build_url'] to /builds/slave/test/properties/build_url
16:58:47     INFO - Writing to file /builds/slave/test/properties/build_url
16:58:47     INFO - Contents:
16:58:47     INFO -  build_url:https://queue.taskcluster.net/v1/task/HHn8t6C8SBmHWYIFt5uc2A/artifacts/public/build/firefox-52.8.2.en-US.mac.dmg
16:58:48     INFO - Running post-action listener: _resource_record_post_action
16:58:48     INFO - Running post-action listener: set_extra_try_arguments
16:58:48     INFO - [mozharness: 2018-06-08 23:58:48.053455Z] Finished download-and-extract step (success)
16:58:48     INFO - [mozharness: 2018-06-08 23:58:48.053595Z] Running create-virtualenv step.
16:58:48     INFO - Running pre-action listener: _install_mozbase
16:58:48     INFO - Running pre-action listener: _pre_create_virtualenv
16:58:48     INFO - Running pre-action listener: _resource_record_pre_action
16:58:48     INFO - Running main action method: create_virtualenv
16:58:48     INFO - Creating virtualenv /builds/slave/test/build/venv
16:58:48     INFO - Running command: ['/tools/buildbot/bin/python', '/builds/slave/test/scripts/external_tools/virtualenv/virtualenv.py', '--always-copy', '/builds/slave/test/build/venv'] in /builds/slave/test/build
16:58:48     INFO - Copy/paste: /tools/buildbot/bin/python /builds/slave/test/scripts/external_tools/virtualenv/virtualenv.py --always-copy /builds/slave/test/build/venv
16:58:48     INFO - Using partial env: {'VIRTUALENV_NO_DOWNLOAD': '1'}
16:58:48     INFO -  Using real prefix '/tools/python27'
16:58:48     INFO -  New python executable in /builds/slave/test/build/venv/bin/python
16:58:50     INFO -  Installing setuptools, pip, wheel...done.
16:58:50     INFO - Return code: 0
16:58:50     INFO - Installing six==1.10.0 into virtualenv /builds/slave/test/build/venv
16:58:50     INFO - retry: Calling run_command with args: [['/builds/slave/test/build/venv/bin/pip', 'install', '--timeout', '120', '--no-index', '--find-links', 'http://pypi.pvt.build.mozilla.org/pub', '--find-links', 'http://pypi.pub.build.mozilla.org/pub', '--trusted-host', 'pypi.pub.build.mozilla.org', '--trusted-host', 'pypi.pvt.build.mozilla.org', 'six==1.10.0']], kwargs: {'error_level': 'warning', 'error_list': [{'substr': 'not found or a compiler error:', 'level': 'warning'}, {'regex': <_sre.SRE_Pattern object at 0x109560170>, 'level': 'error'}, {'regex': <_sre.SRE_Pattern object at 0x109602960>, 'level': 'warning'}, {'regex': <_sre.SRE_Pattern object at 0x7fe80ad3e6f0>, 'level': 'debug'}, {'substr': 'command not found', 'level': 'error'}, {'regex': <_sre.SRE_Pattern object at 0x1094f31d0>, 'level': 'warning'}, {'substr': 'Traceback (most recent call last)', 'level': 'error'}, {'substr': 'SyntaxError: ', 'level': 'error'}, {'substr': 'TypeError: ', 'level': 'error'}, {'substr': 'NameError: ', 'level': 'error'}, {'substr': 'ZeroDivisionError: ', 'level': 'error'}, {'regex': <_sre.SRE_Pattern object at 0x1094ce108>, 'level': 'critical'}, {'regex': <_sre.SRE_Pattern object at 0x1094e8030>, 'level': 'critical'}], 'cwd': '/builds/slave/test/build', 'env': {'VERSIONER_PYTHON_PREFER_32_BIT': 'no', 'LOGNAME': 'cltbld', 'USER': 'cltbld', 'XPC_SERVICE_NAME': '0', 'PATH': '/usr/local/sbin:/usr/local/bin:/usr/sbin:/usr/bin:/sbin:/bin:/usr/bin/X11', 'HOME': '/Users/cltbld', 'NO_EM_RESTART': '1', 'IDLEIZER_DISABLE_SHUTDOWN': 'true', 'XPCOM_DEBUG_BREAK': 'warn', 'Apple_PubSub_Socket_Render': '/private/tmp/com.apple.launchd.amOruGVP0x/Render', 'MOZ_NODE_PATH': '/usr/local/bin/node', 'TWISTD_LOG_PATH': '/builds/slave/twistd.log', 'GIT_SHARE_BASE_DIR': '/builds/git-shared', 'VERSIONER_PYTHON_VERSION': '2.7', 'XPC_FLAGS': '0x0', 'NO_FAIL_ON_TEST_ERRORS': '1', 'HG_SHARE_BASE_DIR': '/builds/hg-shared', 'RUNNER_CONFIG_CMD': '/opt/runner/bin/python2.7 /opt/runner/bin/runner -c /opt/runner/runner.cfg', 'MOZ_NO_REMOTE': '1', 'MOZ_HIDE_RESULTS_TABLE': '1', 'SSH_AUTH_SOCK': '/private/tmp/com.apple.launchd.DnGt0NYrV5/Listeners', 'SHELL': '/bin/bash', 'TMPDIR': '/var/folders/n9/5yc0k79j0m3fqspp_mk8fy4w00000w/T/', '__CF_USER_TEXT_ENCODING': '0x1C:0:0', 'PWD': '/builds/slave/test', 'PROPERTIES_FILE': '/builds/slave/test/buildprops.json'}}, attempt #1
16:58:50     INFO - Running command: ['/builds/slave/test/build/venv/bin/pip', 'install', '--timeout', '120', '--no-index', '--find-links', 'http://pypi.pvt.build.mozilla.org/pub', '--find-links', 'http://pypi.pub.build.mozilla.org/pub', '--trusted-host', 'pypi.pub.build.mozilla.org', '--trusted-host', 'pypi.pvt.build.mozilla.org', 'six==1.10.0'] in /builds/slave/test/build
16:58:50     INFO - Copy/paste: /builds/slave/test/build/venv/bin/pip install --timeout 120 --no-index --find-links http://pypi.pvt.build.mozilla.org/pub --find-links http://pypi.pub.build.mozilla.org/pub --trusted-host pypi.pub.build.mozilla.org --trusted-host pypi.pvt.build.mozilla.org six==1.10.0
16:58:50     INFO - Using env: {'Apple_PubSub_Socket_Render': '/private/tmp/com.apple.launchd.amOruGVP0x/Render',
16:58:50     INFO -  'GIT_SHARE_BASE_DIR': '/builds/git-shared',
16:58:50     INFO -  'HG_SHARE_BASE_DIR': '/builds/hg-shared',
16:58:50     INFO -  'HOME': '/Users/cltbld',
16:58:50     INFO -  'IDLEIZER_DISABLE_SHUTDOWN': 'true',
16:58:50     INFO -  'LOGNAME': 'cltbld',
16:58:50     INFO -  'MOZ_HIDE_RESULTS_TABLE': '1',
16:58:50     INFO -  'MOZ_NODE_PATH': '/usr/local/bin/node',
16:58:50     INFO -  'MOZ_NO_REMOTE': '1',
16:58:50     INFO -  'NO_EM_RESTART': '1',
16:58:50     INFO -  'NO_FAIL_ON_TEST_ERRORS': '1',
16:58:50     INFO -  'PATH': '/usr/local/sbin:/usr/local/bin:/usr/sbin:/usr/bin:/sbin:/bin:/usr/bin/X11',
16:58:50     INFO -  'PROPERTIES_FILE': '/builds/slave/test/buildprops.json',
16:58:50     INFO -  'PWD': '/builds/slave/test',
16:58:50     INFO -  'RUNNER_CONFIG_CMD': '/opt/runner/bin/python2.7 /opt/runner/bin/runner -c /opt/runner/runner.cfg',
16:58:50     INFO -  'SHELL': '/bin/bash',
16:58:50     INFO -  'SSH_AUTH_SOCK': '/private/tmp/com.apple.launchd.DnGt0NYrV5/Listeners',
16:58:50     INFO -  'TMPDIR': '/var/folders/n9/5yc0k79j0m3fqspp_mk8fy4w00000w/T/',
16:58:50     INFO -  'TWISTD_LOG_PATH': '/builds/slave/twistd.log',
16:58:50     INFO -  'USER': 'cltbld',
16:58:50     INFO -  'VERSIONER_PYTHON_PREFER_32_BIT': 'no',
16:58:50     INFO -  'VERSIONER_PYTHON_VERSION': '2.7',
16:58:50     INFO -  'XPCOM_DEBUG_BREAK': 'warn',
16:58:50     INFO -  'XPC_FLAGS': '0x0',
16:58:50     INFO -  'XPC_SERVICE_NAME': '0',
16:58:50     INFO -  '__CF_USER_TEXT_ENCODING': '0x1C:0:0'}
16:58:50     INFO -  Ignoring indexes: https://pypi.python.org/simple
16:58:50     INFO -  Collecting six==1.10.0
16:58:50     INFO -  /builds/slave/test/build/venv/lib/python2.7/site-packages/pip/_vendor/requests/packages/urllib3/util/ssl_.py:318: SNIMissingWarning: An HTTPS request has been made, but the SNI (Subject Name Indication) extension to TLS is not available on this platform. This may cause the server to present an incorrect TLS certificate, which can cause validation failures. You can upgrade to a newer version of Python to solve this. For more information, see https://urllib3.readthedocs.org/en/latest/security.html#snimissingwarning.
16:58:50     INFO -    SNIMissingWarning
16:58:50     INFO -  /builds/slave/test/build/venv/lib/python2.7/site-packages/pip/_vendor/requests/packages/urllib3/util/ssl_.py:122: InsecurePlatformWarning: A true SSLContext object is not available. This prevents urllib3 from configuring SSL appropriately and may cause certain SSL connections to fail. You can upgrade to a newer version of Python to solve this. For more information, see https://urllib3.readthedocs.org/en/latest/security.html#insecureplatformwarning.
16:58:50     INFO -    InsecurePlatformWarning
16:58:51     INFO -  /builds/slave/test/build/venv/lib/python2.7/site-packages/pip/_vendor/requests/packages/urllib3/util/ssl_.py:122: InsecurePlatformWarning: A true SSLContext object is not available. This prevents urllib3 from configuring SSL appropriately and may cause certain SSL connections to fail. You can upgrade to a newer version of Python to solve this. For more information, see https://urllib3.readthedocs.org/en/latest/security.html#insecureplatformwarning.
16:58:51     INFO -    InsecurePlatformWarning
16:58:53     INFO -    Downloading https://pypi.pvt.build.mozilla.org/pub/six-1.10.0-py2.py3-none-any.whl
16:58:53     INFO -  Installing collected packages: six
16:58:53     INFO -  Successfully installed six-1.10.0
16:58:54     INFO - Return code: 0
16:58:54     INFO - Installing vcversioner==2.16.0.0 into virtualenv /builds/slave/test/build/venv
16:58:54     INFO - retry: Calling run_command with args: [['/builds/slave/test/build/venv/bin/pip', 'install', '--timeout', '120', '--no-index', '--find-links', 'http://pypi.pvt.build.mozilla.org/pub', '--find-links', 'http://pypi.pub.build.mozilla.org/pub', '--trusted-host', 'pypi.pub.build.mozilla.org', '--trusted-host', 'pypi.pvt.build.mozilla.org', 'vcversioner==2.16.0.0']], kwargs: {'error_level': 'warning', 'error_list': [{'substr': 'not found or a compiler error:', 'level': 'warning'}, {'regex': <_sre.SRE_Pattern object at 0x109560170>, 'level': 'error'}, {'regex': <_sre.SRE_Pattern object at 0x109602960>, 'level': 'warning'}, {'regex': <_sre.SRE_Pattern object at 0x7fe80ad3e6f0>, 'level': 'debug'}, {'substr': 'command not found', 'level': 'error'}, {'regex': <_sre.SRE_Pattern object at 0x1094f31d0>, 'level': 'warning'}, {'substr': 'Traceback (most recent call last)', 'level': 'error'}, {'substr': 'SyntaxError: ', 'level': 'error'}, {'substr': 'TypeError: ', 'level': 'error'}, {'substr': 'NameError: ', 'level': 'error'}, {'substr': 'ZeroDivisionError: ', 'level': 'error'}, {'regex': <_sre.SRE_Pattern object at 0x1094ce108>, 'level': 'critical'}, {'regex': <_sre.SRE_Pattern object at 0x1094e8030>, 'level': 'critical'}], 'cwd': '/builds/slave/test/build', 'env': {'VERSIONER_PYTHON_PREFER_32_BIT': 'no', 'LOGNAME': 'cltbld', 'USER': 'cltbld', 'XPC_SERVICE_NAME': '0', 'PATH': '/usr/local/sbin:/usr/local/bin:/usr/sbin:/usr/bin:/sbin:/bin:/usr/bin/X11', 'HOME': '/Users/cltbld', 'NO_EM_RESTART': '1', 'IDLEIZER_DISABLE_SHUTDOWN': 'true', 'XPCOM_DEBUG_BREAK': 'warn', 'Apple_PubSub_Socket_Render': '/private/tmp/com.apple.launchd.amOruGVP0x/Render', 'MOZ_NODE_PATH': '/usr/local/bin/node', 'TWISTD_LOG_PATH': '/builds/slave/twistd.log', 'GIT_SHARE_BASE_DIR': '/builds/git-shared', 'VERSIONER_PYTHON_VERSION': '2.7', 'XPC_FLAGS': '0x0', 'NO_FAIL_ON_TEST_ERRORS': '1', 'HG_SHARE_BASE_DIR': '/builds/hg-shared', 'RUNNER_CONFIG_CMD': '/opt/runner/bin/python2.7 /opt/runner/bin/runner -c /opt/runner/runner.cfg', 'MOZ_NO_REMOTE': '1', 'MOZ_HIDE_RESULTS_TABLE': '1', 'SSH_AUTH_SOCK': '/private/tmp/com.apple.launchd.DnGt0NYrV5/Listeners', 'SHELL': '/bin/bash', 'TMPDIR': '/var/folders/n9/5yc0k79j0m3fqspp_mk8fy4w00000w/T/', '__CF_USER_TEXT_ENCODING': '0x1C:0:0', 'PWD': '/builds/slave/test', 'PROPERTIES_FILE': '/builds/slave/test/buildprops.json'}}, attempt #1
16:58:54     INFO - Running command: ['/builds/slave/test/build/venv/bin/pip', 'install', '--timeout', '120', '--no-index', '--find-links', 'http://pypi.pvt.build.mozilla.org/pub', '--find-links', 'http://pypi.pub.build.mozilla.org/pub', '--trusted-host', 'pypi.pub.build.mozilla.org', '--trusted-host', 'pypi.pvt.build.mozilla.org', 'vcversioner==2.16.0.0'] in /builds/slave/test/build
16:58:54     INFO - Copy/paste: /builds/slave/test/build/venv/bin/pip install --timeout 120 --no-index --find-links http://pypi.pvt.build.mozilla.org/pub --find-links http://pypi.pub.build.mozilla.org/pub --trusted-host pypi.pub.build.mozilla.org --trusted-host pypi.pvt.build.mozilla.org vcversioner==2.16.0.0
16:58:54     INFO - Using env: {'Apple_PubSub_Socket_Render': '/private/tmp/com.apple.launchd.amOruGVP0x/Render',
16:58:54     INFO -  'GIT_SHARE_BASE_DIR': '/builds/git-shared',
16:58:54     INFO -  'HG_SHARE_BASE_DIR': '/builds/hg-shared',
16:58:54     INFO -  'HOME': '/Users/cltbld',
16:58:54     INFO -  'IDLEIZER_DISABLE_SHUTDOWN': 'true',
16:58:54     INFO -  'LOGNAME': 'cltbld',
16:58:54     INFO -  'MOZ_HIDE_RESULTS_TABLE': '1',
16:58:54     INFO -  'MOZ_NODE_PATH': '/usr/local/bin/node',
16:58:54     INFO -  'MOZ_NO_REMOTE': '1',
16:58:54     INFO -  'NO_EM_RESTART': '1',
16:58:54     INFO -  'NO_FAIL_ON_TEST_ERRORS': '1',
16:58:54     INFO -  'PATH': '/usr/local/sbin:/usr/local/bin:/usr/sbin:/usr/bin:/sbin:/bin:/usr/bin/X11',
16:58:54     INFO -  'PROPERTIES_FILE': '/builds/slave/test/buildprops.json',
16:58:54     INFO -  'PWD': '/builds/slave/test',
16:58:54     INFO -  'RUNNER_CONFIG_CMD': '/opt/runner/bin/python2.7 /opt/runner/bin/runner -c /opt/runner/runner.cfg',
16:58:54     INFO -  'SHELL': '/bin/bash',
16:58:54     INFO -  'SSH_AUTH_SOCK': '/private/tmp/com.apple.launchd.DnGt0NYrV5/Listeners',
16:58:54     INFO -  'TMPDIR': '/var/folders/n9/5yc0k79j0m3fqspp_mk8fy4w00000w/T/',
16:58:54     INFO -  'TWISTD_LOG_PATH': '/builds/slave/twistd.log',
16:58:54     INFO -  'USER': 'cltbld',
16:58:54     INFO -  'VERSIONER_PYTHON_PREFER_32_BIT': 'no',
16:58:54     INFO -  'VERSIONER_PYTHON_VERSION': '2.7',
16:58:54     INFO -  'XPCOM_DEBUG_BREAK': 'warn',
16:58:54     INFO -  'XPC_FLAGS': '0x0',
16:58:54     INFO -  'XPC_SERVICE_NAME': '0',
16:58:54     INFO -  '__CF_USER_TEXT_ENCODING': '0x1C:0:0'}
16:58:54     INFO -  Ignoring indexes: https://pypi.python.org/simple
16:58:54     INFO -  Collecting vcversioner==2.16.0.0
16:58:54     INFO -  /builds/slave/test/build/venv/lib/python2.7/site-packages/pip/_vendor/requests/packages/urllib3/util/ssl_.py:318: SNIMissingWarning: An HTTPS request has been made, but the SNI (Subject Name Indication) extension to TLS is not available on this platform. This may cause the server to present an incorrect TLS certificate, which can cause validation failures. You can upgrade to a newer version of Python to solve this. For more information, see https://urllib3.readthedocs.org/en/latest/security.html#snimissingwarning.
16:58:54     INFO -    SNIMissingWarning
16:58:54     INFO -  /builds/slave/test/build/venv/lib/python2.7/site-packages/pip/_vendor/requests/packages/urllib3/util/ssl_.py:122: InsecurePlatformWarning: A true SSLContext object is not available. This prevents urllib3 from configuring SSL appropriately and may cause certain SSL connections to fail. You can upgrade to a newer version of Python to solve this. For more information, see https://urllib3.readthedocs.org/en/latest/security.html#insecureplatformwarning.
16:58:54     INFO -    InsecurePlatformWarning
16:58:55     INFO -  /builds/slave/test/build/venv/lib/python2.7/site-packages/pip/_vendor/requests/packages/urllib3/util/ssl_.py:122: InsecurePlatformWarning: A true SSLContext object is not available. This prevents urllib3 from configuring SSL appropriately and may cause certain SSL connections to fail. You can upgrade to a newer version of Python to solve this. For more information, see https://urllib3.readthedocs.org/en/latest/security.html#insecureplatformwarning.
16:58:55     INFO -    InsecurePlatformWarning
16:58:57     INFO -  Installing collected packages: vcversioner
16:58:57     INFO -  Successfully installed vcversioner-2.16.0.0
16:58:57     INFO - Return code: 0
16:58:57     INFO - Installing psutil>=3.1.1 into virtualenv /builds/slave/test/build/venv
16:58:57     INFO - retry: Calling run_command with args: [['/builds/slave/test/build/venv/bin/pip', 'install', '--timeout', '120', '--no-index', '--find-links', 'http://pypi.pvt.build.mozilla.org/pub', '--find-links', 'http://pypi.pub.build.mozilla.org/pub', '--trusted-host', 'pypi.pub.build.mozilla.org', '--trusted-host', 'pypi.pvt.build.mozilla.org', 'psutil>=3.1.1']], kwargs: {'error_level': 'warning', 'error_list': [{'substr': 'not found or a compiler error:', 'level': 'warning'}, {'regex': <_sre.SRE_Pattern object at 0x109560170>, 'level': 'error'}, {'regex': <_sre.SRE_Pattern object at 0x109602960>, 'level': 'warning'}, {'regex': <_sre.SRE_Pattern object at 0x7fe80ad3e6f0>, 'level': 'debug'}, {'substr': 'command not found', 'level': 'error'}, {'regex': <_sre.SRE_Pattern object at 0x1094f31d0>, 'level': 'warning'}, {'substr': 'Traceback (most recent call last)', 'level': 'error'}, {'substr': 'SyntaxError: ', 'level': 'error'}, {'substr': 'TypeError: ', 'level': 'error'}, {'substr': 'NameError: ', 'level': 'error'}, {'substr': 'ZeroDivisionError: ', 'level': 'error'}, {'regex': <_sre.SRE_Pattern object at 0x1094ce108>, 'level': 'critical'}, {'regex': <_sre.SRE_Pattern object at 0x1094e8030>, 'level': 'critical'}], 'cwd': '/builds/slave/test/build', 'env': {'VERSIONER_PYTHON_PREFER_32_BIT': 'no', 'LOGNAME': 'cltbld', 'USER': 'cltbld', 'XPC_SERVICE_NAME': '0', 'PATH': '/usr/local/sbin:/usr/local/bin:/usr/sbin:/usr/bin:/sbin:/bin:/usr/bin/X11', 'HOME': '/Users/cltbld', 'NO_EM_RESTART': '1', 'IDLEIZER_DISABLE_SHUTDOWN': 'true', 'XPCOM_DEBUG_BREAK': 'warn', 'Apple_PubSub_Socket_Render': '/private/tmp/com.apple.launchd.amOruGVP0x/Render', 'MOZ_NODE_PATH': '/usr/local/bin/node', 'TWISTD_LOG_PATH': '/builds/slave/twistd.log', 'GIT_SHARE_BASE_DIR': '/builds/git-shared', 'VERSIONER_PYTHON_VERSION': '2.7', 'XPC_FLAGS': '0x0', 'NO_FAIL_ON_TEST_ERRORS': '1', 'HG_SHARE_BASE_DIR': '/builds/hg-shared', 'RUNNER_CONFIG_CMD': '/opt/runner/bin/python2.7 /opt/runner/bin/runner -c /opt/runner/runner.cfg', 'MOZ_NO_REMOTE': '1', 'MOZ_HIDE_RESULTS_TABLE': '1', 'SSH_AUTH_SOCK': '/private/tmp/com.apple.launchd.DnGt0NYrV5/Listeners', 'SHELL': '/bin/bash', 'TMPDIR': '/var/folders/n9/5yc0k79j0m3fqspp_mk8fy4w00000w/T/', '__CF_USER_TEXT_ENCODING': '0x1C:0:0', 'PWD': '/builds/slave/test', 'PROPERTIES_FILE': '/builds/slave/test/buildprops.json'}}, attempt #1
16:58:57     INFO - Running command: ['/builds/slave/test/build/venv/bin/pip', 'install', '--timeout', '120', '--no-index', '--find-links', 'http://pypi.pvt.build.mozilla.org/pub', '--find-links', 'http://pypi.pub.build.mozilla.org/pub', '--trusted-host', 'pypi.pub.build.mozilla.org', '--trusted-host', 'pypi.pvt.build.mozilla.org', 'psutil>=3.1.1'] in /builds/slave/test/build
16:58:57     INFO - Copy/paste: /builds/slave/test/build/venv/bin/pip install --timeout 120 --no-index --find-links http://pypi.pvt.build.mozilla.org/pub --find-links http://pypi.pub.build.mozilla.org/pub --trusted-host pypi.pub.build.mozilla.org --trusted-host pypi.pvt.build.mozilla.org psutil>=3.1.1
16:58:57     INFO - Using env: {'Apple_PubSub_Socket_Render': '/private/tmp/com.apple.launchd.amOruGVP0x/Render',
16:58:57     INFO -  'GIT_SHARE_BASE_DIR': '/builds/git-shared',
16:58:57     INFO -  'HG_SHARE_BASE_DIR': '/builds/hg-shared',
16:58:57     INFO -  'HOME': '/Users/cltbld',
16:58:57     INFO -  'IDLEIZER_DISABLE_SHUTDOWN': 'true',
16:58:57     INFO -  'LOGNAME': 'cltbld',
16:58:57     INFO -  'MOZ_HIDE_RESULTS_TABLE': '1',
16:58:57     INFO -  'MOZ_NODE_PATH': '/usr/local/bin/node',
16:58:57     INFO -  'MOZ_NO_REMOTE': '1',
16:58:57     INFO -  'NO_EM_RESTART': '1',
16:58:57     INFO -  'NO_FAIL_ON_TEST_ERRORS': '1',
16:58:57     INFO -  'PATH': '/usr/local/sbin:/usr/local/bin:/usr/sbin:/usr/bin:/sbin:/bin:/usr/bin/X11',
16:58:57     INFO -  'PROPERTIES_FILE': '/builds/slave/test/buildprops.json',
16:58:57     INFO -  'PWD': '/builds/slave/test',
16:58:57     INFO -  'RUNNER_CONFIG_CMD': '/opt/runner/bin/python2.7 /opt/runner/bin/runner -c /opt/runner/runner.cfg',
16:58:57     INFO -  'SHELL': '/bin/bash',
16:58:57     INFO -  'SSH_AUTH_SOCK': '/private/tmp/com.apple.launchd.DnGt0NYrV5/Listeners',
16:58:57     INFO -  'TMPDIR': '/var/folders/n9/5yc0k79j0m3fqspp_mk8fy4w00000w/T/',
16:58:57     INFO -  'TWISTD_LOG_PATH': '/builds/slave/twistd.log',
16:58:57     INFO -  'USER': 'cltbld',
16:58:57     INFO -  'VERSIONER_PYTHON_PREFER_32_BIT': 'no',
16:58:57     INFO -  'VERSIONER_PYTHON_VERSION': '2.7',
16:58:57     INFO -  'XPCOM_DEBUG_BREAK': 'warn',
16:58:57     INFO -  'XPC_FLAGS': '0x0',
16:58:57     INFO -  'XPC_SERVICE_NAME': '0',
16:58:57     INFO -  '__CF_USER_TEXT_ENCODING': '0x1C:0:0'}
16:58:57     INFO -  Ignoring indexes: https://pypi.python.org/simple
16:58:57     INFO -  Collecting psutil>=3.1.1
16:58:57     INFO -  /builds/slave/test/build/venv/lib/python2.7/site-packages/pip/_vendor/requests/packages/urllib3/util/ssl_.py:318: SNIMissingWarning: An HTTPS request has been made, but the SNI (Subject Name Indication) extension to TLS is not available on this platform. This may cause the server to present an incorrect TLS certificate, which can cause validation failures. You can upgrade to a newer version of Python to solve this. For more information, see https://urllib3.readthedocs.org/en/latest/security.html#snimissingwarning.
16:58:57     INFO -    SNIMissingWarning
16:58:57     INFO -  /builds/slave/test/build/venv/lib/python2.7/site-packages/pip/_vendor/requests/packages/urllib3/util/ssl_.py:122: InsecurePlatformWarning: A true SSLContext object is not available. This prevents urllib3 from configuring SSL appropriately and may cause certain SSL connections to fail. You can upgrade to a newer version of Python to solve this. For more information, see https://urllib3.readthedocs.org/en/latest/security.html#insecureplatformwarning.
16:58:57     INFO -    InsecurePlatformWarning
16:58:58     INFO -  /builds/slave/test/build/venv/lib/python2.7/site-packages/pip/_vendor/requests/packages/urllib3/util/ssl_.py:122: InsecurePlatformWarning: A true SSLContext object is not available. This prevents urllib3 from configuring SSL appropriately and may cause certain SSL connections to fail. You can upgrade to a newer version of Python to solve this. For more information, see https://urllib3.readthedocs.org/en/latest/security.html#insecureplatformwarning.
16:58:58     INFO -    InsecurePlatformWarning
16:59:00     INFO -  Installing collected packages: psutil
16:59:00     INFO -  Successfully installed psutil-5.4.3
16:59:00     INFO - Return code: 0
16:59:00     INFO - Installing mozsystemmonitor==0.3 into virtualenv /builds/slave/test/build/venv
16:59:00     INFO - retry: Calling run_command with args: [['/builds/slave/test/build/venv/bin/pip', 'install', '--timeout', '120', '--no-index', '--find-links', 'http://pypi.pvt.build.mozilla.org/pub', '--find-links', 'http://pypi.pub.build.mozilla.org/pub', '--trusted-host', 'pypi.pub.build.mozilla.org', '--trusted-host', 'pypi.pvt.build.mozilla.org', 'mozsystemmonitor==0.3']], kwargs: {'error_level': 'warning', 'error_list': [{'substr': 'not found or a compiler error:', 'level': 'warning'}, {'regex': <_sre.SRE_Pattern object at 0x109560170>, 'level': 'error'}, {'regex': <_sre.SRE_Pattern object at 0x109602960>, 'level': 'warning'}, {'regex': <_sre.SRE_Pattern object at 0x7fe80ad3e6f0>, 'level': 'debug'}, {'substr': 'command not found', 'level': 'error'}, {'regex': <_sre.SRE_Pattern object at 0x1094f31d0>, 'level': 'warning'}, {'substr': 'Traceback (most recent call last)', 'level': 'error'}, {'substr': 'SyntaxError: ', 'level': 'error'}, {'substr': 'TypeError: ', 'level': 'error'}, {'substr': 'NameError: ', 'level': 'error'}, {'substr': 'ZeroDivisionError: ', 'level': 'error'}, {'regex': <_sre.SRE_Pattern object at 0x1094ce108>, 'level': 'critical'}, {'regex': <_sre.SRE_Pattern object at 0x1094e8030>, 'level': 'critical'}], 'cwd': '/builds/slave/test/build', 'env': {'VERSIONER_PYTHON_PREFER_32_BIT': 'no', 'LOGNAME': 'cltbld', 'USER': 'cltbld', 'XPC_SERVICE_NAME': '0', 'PATH': '/usr/local/sbin:/usr/local/bin:/usr/sbin:/usr/bin:/sbin:/bin:/usr/bin/X11', 'HOME': '/Users/cltbld', 'NO_EM_RESTART': '1', 'IDLEIZER_DISABLE_SHUTDOWN': 'true', 'XPCOM_DEBUG_BREAK': 'warn', 'Apple_PubSub_Socket_Render': '/private/tmp/com.apple.launchd.amOruGVP0x/Render', 'MOZ_NODE_PATH': '/usr/local/bin/node', 'TWISTD_LOG_PATH': '/builds/slave/twistd.log', 'GIT_SHARE_BASE_DIR': '/builds/git-shared', 'VERSIONER_PYTHON_VERSION': '2.7', 'XPC_FLAGS': '0x0', 'NO_FAIL_ON_TEST_ERRORS': '1', 'HG_SHARE_BASE_DIR': '/builds/hg-shared', 'RUNNER_CONFIG_CMD': '/opt/runner/bin/python2.7 /opt/runner/bin/runner -c /opt/runner/runner.cfg', 'MOZ_NO_REMOTE': '1', 'MOZ_HIDE_RESULTS_TABLE': '1', 'SSH_AUTH_SOCK': '/private/tmp/com.apple.launchd.DnGt0NYrV5/Listeners', 'SHELL': '/bin/bash', 'TMPDIR': '/var/folders/n9/5yc0k79j0m3fqspp_mk8fy4w00000w/T/', '__CF_USER_TEXT_ENCODING': '0x1C:0:0', 'PWD': '/builds/slave/test', 'PROPERTIES_FILE': '/builds/slave/test/buildprops.json'}}, attempt #1
16:59:00     INFO - Running command: ['/builds/slave/test/build/venv/bin/pip', 'install', '--timeout', '120', '--no-index', '--find-links', 'http://pypi.pvt.build.mozilla.org/pub', '--find-links', 'http://pypi.pub.build.mozilla.org/pub', '--trusted-host', 'pypi.pub.build.mozilla.org', '--trusted-host', 'pypi.pvt.build.mozilla.org', 'mozsystemmonitor==0.3'] in /builds/slave/test/build
16:59:00     INFO - Copy/paste: /builds/slave/test/build/venv/bin/pip install --timeout 120 --no-index --find-links http://pypi.pvt.build.mozilla.org/pub --find-links http://pypi.pub.build.mozilla.org/pub --trusted-host pypi.pub.build.mozilla.org --trusted-host pypi.pvt.build.mozilla.org mozsystemmonitor==0.3
16:59:00     INFO - Using env: {'Apple_PubSub_Socket_Render': '/private/tmp/com.apple.launchd.amOruGVP0x/Render',
16:59:00     INFO -  'GIT_SHARE_BASE_DIR': '/builds/git-shared',
16:59:00     INFO -  'HG_SHARE_BASE_DIR': '/builds/hg-shared',
16:59:00     INFO -  'HOME': '/Users/cltbld',
16:59:00     INFO -  'IDLEIZER_DISABLE_SHUTDOWN': 'true',
16:59:00     INFO -  'LOGNAME': 'cltbld',
16:59:00     INFO -  'MOZ_HIDE_RESULTS_TABLE': '1',
16:59:00     INFO -  'MOZ_NODE_PATH': '/usr/local/bin/node',
16:59:00     INFO -  'MOZ_NO_REMOTE': '1',
16:59:00     INFO -  'NO_EM_RESTART': '1',
16:59:00     INFO -  'NO_FAIL_ON_TEST_ERRORS': '1',
16:59:00     INFO -  'PATH': '/usr/local/sbin:/usr/local/bin:/usr/sbin:/usr/bin:/sbin:/bin:/usr/bin/X11',
16:59:00     INFO -  'PROPERTIES_FILE': '/builds/slave/test/buildprops.json',
16:59:00     INFO -  'PWD': '/builds/slave/test',
16:59:00     INFO -  'RUNNER_CONFIG_CMD': '/opt/runner/bin/python2.7 /opt/runner/bin/runner -c /opt/runner/runner.cfg',
16:59:00     INFO -  'SHELL': '/bin/bash',
16:59:00     INFO -  'SSH_AUTH_SOCK': '/private/tmp/com.apple.launchd.DnGt0NYrV5/Listeners',
16:59:00     INFO -  'TMPDIR': '/var/folders/n9/5yc0k79j0m3fqspp_mk8fy4w00000w/T/',
16:59:00     INFO -  'TWISTD_LOG_PATH': '/builds/slave/twistd.log',
16:59:00     INFO -  'USER': 'cltbld',
16:59:00     INFO -  'VERSIONER_PYTHON_PREFER_32_BIT': 'no',
16:59:00     INFO -  'VERSIONER_PYTHON_VERSION': '2.7',
16:59:00     INFO -  'XPCOM_DEBUG_BREAK': 'warn',
16:59:00     INFO -  'XPC_FLAGS': '0x0',
16:59:00     INFO -  'XPC_SERVICE_NAME': '0',
16:59:00     INFO -  '__CF_USER_TEXT_ENCODING': '0x1C:0:0'}
16:59:00     INFO -  Ignoring indexes: https://pypi.python.org/simple
16:59:00     INFO -  Collecting mozsystemmonitor==0.3
16:59:00     INFO -  /builds/slave/test/build/venv/lib/python2.7/site-packages/pip/_vendor/requests/packages/urllib3/util/ssl_.py:318: SNIMissingWarning: An HTTPS request has been made, but the SNI (Subject Name Indication) extension to TLS is not available on this platform. This may cause the server to present an incorrect TLS certificate, which can cause validation failures. You can upgrade to a newer version of Python to solve this. For more information, see https://urllib3.readthedocs.org/en/latest/security.html#snimissingwarning.
16:59:00     INFO -    SNIMissingWarning
16:59:00     INFO -  /builds/slave/test/build/venv/lib/python2.7/site-packages/pip/_vendor/requests/packages/urllib3/util/ssl_.py:122: InsecurePlatformWarning: A true SSLContext object is not available. This prevents urllib3 from configuring SSL appropriately and may cause certain SSL connections to fail. You can upgrade to a newer version of Python to solve this. For more information, see https://urllib3.readthedocs.org/en/latest/security.html#insecureplatformwarning.
16:59:00     INFO -    InsecurePlatformWarning
16:59:01     INFO -  /builds/slave/test/build/venv/lib/python2.7/site-packages/pip/_vendor/requests/packages/urllib3/util/ssl_.py:122: InsecurePlatformWarning: A true SSLContext object is not available. This prevents urllib3 from configuring SSL appropriately and may cause certain SSL connections to fail. You can upgrade to a newer version of Python to solve this. For more information, see https://urllib3.readthedocs.org/en/latest/security.html#insecureplatformwarning.
16:59:01     INFO -    InsecurePlatformWarning
16:59:03     INFO -  Requirement already satisfied (use --upgrade to upgrade): psutil>=3.1.1 in ./venv/lib/python2.7/site-packages (from mozsystemmonitor==0.3)
16:59:03     INFO -  Installing collected packages: mozsystemmonitor
16:59:03     INFO -  Successfully installed mozsystemmonitor-0.3
16:59:03     INFO - Return code: 0
16:59:03     INFO - Installing jsonschema==2.5.1 into virtualenv /builds/slave/test/build/venv
16:59:03     INFO - retry: Calling run_command with args: [['/builds/slave/test/build/venv/bin/pip', 'install', '--timeout', '120', '--no-index', '--find-links', 'http://pypi.pvt.build.mozilla.org/pub', '--find-links', 'http://pypi.pub.build.mozilla.org/pub', '--trusted-host', 'pypi.pub.build.mozilla.org', '--trusted-host', 'pypi.pvt.build.mozilla.org', 'jsonschema==2.5.1']], kwargs: {'error_level': 'warning', 'error_list': [{'substr': 'not found or a compiler error:', 'level': 'warning'}, {'regex': <_sre.SRE_Pattern object at 0x109560170>, 'level': 'error'}, {'regex': <_sre.SRE_Pattern object at 0x109602960>, 'level': 'warning'}, {'regex': <_sre.SRE_Pattern object at 0x7fe80ad3e6f0>, 'level': 'debug'}, {'substr': 'command not found', 'level': 'error'}, {'regex': <_sre.SRE_Pattern object at 0x1094f31d0>, 'level': 'warning'}, {'substr': 'Traceback (most recent call last)', 'level': 'error'}, {'substr': 'SyntaxError: ', 'level': 'error'}, {'substr': 'TypeError: ', 'level': 'error'}, {'substr': 'NameError: ', 'level': 'error'}, {'substr': 'ZeroDivisionError: ', 'level': 'error'}, {'regex': <_sre.SRE_Pattern object at 0x1094ce108>, 'level': 'critical'}, {'regex': <_sre.SRE_Pattern object at 0x1094e8030>, 'level': 'critical'}], 'cwd': '/builds/slave/test/build', 'env': {'VERSIONER_PYTHON_PREFER_32_BIT': 'no', 'LOGNAME': 'cltbld', 'USER': 'cltbld', 'XPC_SERVICE_NAME': '0', 'PATH': '/usr/local/sbin:/usr/local/bin:/usr/sbin:/usr/bin:/sbin:/bin:/usr/bin/X11', 'HOME': '/Users/cltbld', 'NO_EM_RESTART': '1', 'IDLEIZER_DISABLE_SHUTDOWN': 'true', 'XPCOM_DEBUG_BREAK': 'warn', 'Apple_PubSub_Socket_Render': '/private/tmp/com.apple.launchd.amOruGVP0x/Render', 'MOZ_NODE_PATH': '/usr/local/bin/node', 'TWISTD_LOG_PATH': '/builds/slave/twistd.log', 'GIT_SHARE_BASE_DIR': '/builds/git-shared', 'VERSIONER_PYTHON_VERSION': '2.7', 'XPC_FLAGS': '0x0', 'NO_FAIL_ON_TEST_ERRORS': '1', 'HG_SHARE_BASE_DIR': '/builds/hg-shared', 'RUNNER_CONFIG_CMD': '/opt/runner/bin/python2.7 /opt/runner/bin/runner -c /opt/runner/runner.cfg', 'MOZ_NO_REMOTE': '1', 'MOZ_HIDE_RESULTS_TABLE': '1', 'SSH_AUTH_SOCK': '/private/tmp/com.apple.launchd.DnGt0NYrV5/Listeners', 'SHELL': '/bin/bash', 'TMPDIR': '/var/folders/n9/5yc0k79j0m3fqspp_mk8fy4w00000w/T/', '__CF_USER_TEXT_ENCODING': '0x1C:0:0', 'PWD': '/builds/slave/test', 'PROPERTIES_FILE': '/builds/slave/test/buildprops.json'}}, attempt #1
16:59:03     INFO - Running command: ['/builds/slave/test/build/venv/bin/pip', 'install', '--timeout', '120', '--no-index', '--find-links', 'http://pypi.pvt.build.mozilla.org/pub', '--find-links', 'http://pypi.pub.build.mozilla.org/pub', '--trusted-host', 'pypi.pub.build.mozilla.org', '--trusted-host', 'pypi.pvt.build.mozilla.org', 'jsonschema==2.5.1'] in /builds/slave/test/build
16:59:03     INFO - Copy/paste: /builds/slave/test/build/venv/bin/pip install --timeout 120 --no-index --find-links http://pypi.pvt.build.mozilla.org/pub --find-links http://pypi.pub.build.mozilla.org/pub --trusted-host pypi.pub.build.mozilla.org --trusted-host pypi.pvt.build.mozilla.org jsonschema==2.5.1
16:59:03     INFO - Using env: {'Apple_PubSub_Socket_Render': '/private/tmp/com.apple.launchd.amOruGVP0x/Render',
16:59:03     INFO -  'GIT_SHARE_BASE_DIR': '/builds/git-shared',
16:59:03     INFO -  'HG_SHARE_BASE_DIR': '/builds/hg-shared',
16:59:03     INFO -  'HOME': '/Users/cltbld',
16:59:03     INFO -  'IDLEIZER_DISABLE_SHUTDOWN': 'true',
16:59:03     INFO -  'LOGNAME': 'cltbld',
16:59:03     INFO -  'MOZ_HIDE_RESULTS_TABLE': '1',
16:59:03     INFO -  'MOZ_NODE_PATH': '/usr/local/bin/node',
16:59:03     INFO -  'MOZ_NO_REMOTE': '1',
16:59:03     INFO -  'NO_EM_RESTART': '1',
16:59:03     INFO -  'NO_FAIL_ON_TEST_ERRORS': '1',
16:59:03     INFO -  'PATH': '/usr/local/sbin:/usr/local/bin:/usr/sbin:/usr/bin:/sbin:/bin:/usr/bin/X11',
16:59:03     INFO -  'PROPERTIES_FILE': '/builds/slave/test/buildprops.json',
16:59:03     INFO -  'PWD': '/builds/slave/test',
16:59:03     INFO -  'RUNNER_CONFIG_CMD': '/opt/runner/bin/python2.7 /opt/runner/bin/runner -c /opt/runner/runner.cfg',
16:59:03     INFO -  'SHELL': '/bin/bash',
16:59:03     INFO -  'SSH_AUTH_SOCK': '/private/tmp/com.apple.launchd.DnGt0NYrV5/Listeners',
16:59:03     INFO -  'TMPDIR': '/var/folders/n9/5yc0k79j0m3fqspp_mk8fy4w00000w/T/',
16:59:03     INFO -  'TWISTD_LOG_PATH': '/builds/slave/twistd.log',
16:59:03     INFO -  'USER': 'cltbld',
16:59:03     INFO -  'VERSIONER_PYTHON_PREFER_32_BIT': 'no',
16:59:03     INFO -  'VERSIONER_PYTHON_VERSION': '2.7',
16:59:03     INFO -  'XPCOM_DEBUG_BREAK': 'warn',
16:59:03     INFO -  'XPC_FLAGS': '0x0',
16:59:03     INFO -  'XPC_SERVICE_NAME': '0',
16:59:03     INFO -  '__CF_USER_TEXT_ENCODING': '0x1C:0:0'}
16:59:03     INFO -  Ignoring indexes: https://pypi.python.org/simple
16:59:04     INFO -  Collecting jsonschema==2.5.1
16:59:04     INFO -  /builds/slave/test/build/venv/lib/python2.7/site-packages/pip/_vendor/requests/packages/urllib3/util/ssl_.py:318: SNIMissingWarning: An HTTPS request has been made, but the SNI (Subject Name Indication) extension to TLS is not available on this platform. This may cause the server to present an incorrect TLS certificate, which can cause validation failures. You can upgrade to a newer version of Python to solve this. For more information, see https://urllib3.readthedocs.org/en/latest/security.html#snimissingwarning.
16:59:04     INFO -    SNIMissingWarning
16:59:04     INFO -  /builds/slave/test/build/venv/lib/python2.7/site-packages/pip/_vendor/requests/packages/urllib3/util/ssl_.py:122: InsecurePlatformWarning: A true SSLContext object is not available. This prevents urllib3 from configuring SSL appropriately and may cause certain SSL connections to fail. You can upgrade to a newer version of Python to solve this. For more information, see https://urllib3.readthedocs.org/en/latest/security.html#insecureplatformwarning.
16:59:04     INFO -    InsecurePlatformWarning
16:59:04     INFO -  /builds/slave/test/build/venv/lib/python2.7/site-packages/pip/_vendor/requests/packages/urllib3/util/ssl_.py:122: InsecurePlatformWarning: A true SSLContext object is not available. This prevents urllib3 from configuring SSL appropriately and may cause certain SSL connections to fail. You can upgrade to a newer version of Python to solve this. For more information, see https://urllib3.readthedocs.org/en/latest/security.html#insecureplatformwarning.
16:59:04     INFO -    InsecurePlatformWarning
16:59:06     INFO -    Downloading https://pypi.pvt.build.mozilla.org/pub/jsonschema-2.5.1-py2.py3-none-any.whl
16:59:06     INFO -  Collecting functools32; python_version == "2.7" (from jsonschema==2.5.1)
16:59:09     INFO -  Installing collected packages: functools32, jsonschema
16:59:09     INFO -  Successfully installed functools32-3.2.3.post2 jsonschema-2.5.1
16:59:09     INFO - Return code: 0
16:59:09     INFO - Installing functools32==3.2.3-2 into virtualenv /builds/slave/test/build/venv
16:59:09     INFO - retry: Calling run_command with args: [['/builds/slave/test/build/venv/bin/pip', 'install', '--timeout', '120', '--no-index', '--find-links', 'http://pypi.pvt.build.mozilla.org/pub', '--find-links', 'http://pypi.pub.build.mozilla.org/pub', '--trusted-host', 'pypi.pub.build.mozilla.org', '--trusted-host', 'pypi.pvt.build.mozilla.org', 'functools32==3.2.3-2']], kwargs: {'error_level': 'warning', 'error_list': [{'substr': 'not found or a compiler error:', 'level': 'warning'}, {'regex': <_sre.SRE_Pattern object at 0x109560170>, 'level': 'error'}, {'regex': <_sre.SRE_Pattern object at 0x109602960>, 'level': 'warning'}, {'regex': <_sre.SRE_Pattern object at 0x7fe80ad3e6f0>, 'level': 'debug'}, {'substr': 'command not found', 'level': 'error'}, {'regex': <_sre.SRE_Pattern object at 0x1094f31d0>, 'level': 'warning'}, {'substr': 'Traceback (most recent call last)', 'level': 'error'}, {'substr': 'SyntaxError: ', 'level': 'error'}, {'substr': 'TypeError: ', 'level': 'error'}, {'substr': 'NameError: ', 'level': 'error'}, {'substr': 'ZeroDivisionError: ', 'level': 'error'}, {'regex': <_sre.SRE_Pattern object at 0x1094ce108>, 'level': 'critical'}, {'regex': <_sre.SRE_Pattern object at 0x1094e8030>, 'level': 'critical'}], 'cwd': '/builds/slave/test/build', 'env': {'VERSIONER_PYTHON_PREFER_32_BIT': 'no', 'LOGNAME': 'cltbld', 'USER': 'cltbld', 'XPC_SERVICE_NAME': '0', 'PATH': '/usr/local/sbin:/usr/local/bin:/usr/sbin:/usr/bin:/sbin:/bin:/usr/bin/X11', 'HOME': '/Users/cltbld', 'NO_EM_RESTART': '1', 'IDLEIZER_DISABLE_SHUTDOWN': 'true', 'XPCOM_DEBUG_BREAK': 'warn', 'Apple_PubSub_Socket_Render': '/private/tmp/com.apple.launchd.amOruGVP0x/Render', 'MOZ_NODE_PATH': '/usr/local/bin/node', 'TWISTD_LOG_PATH': '/builds/slave/twistd.log', 'GIT_SHARE_BASE_DIR': '/builds/git-shared', 'VERSIONER_PYTHON_VERSION': '2.7', 'XPC_FLAGS': '0x0', 'NO_FAIL_ON_TEST_ERRORS': '1', 'HG_SHARE_BASE_DIR': '/builds/hg-shared', 'RUNNER_CONFIG_CMD': '/opt/runner/bin/python2.7 /opt/runner/bin/runner -c /opt/runner/runner.cfg', 'MOZ_NO_REMOTE': '1', 'MOZ_HIDE_RESULTS_TABLE': '1', 'SSH_AUTH_SOCK': '/private/tmp/com.apple.launchd.DnGt0NYrV5/Listeners', 'SHELL': '/bin/bash', 'TMPDIR': '/var/folders/n9/5yc0k79j0m3fqspp_mk8fy4w00000w/T/', '__CF_USER_TEXT_ENCODING': '0x1C:0:0', 'PWD': '/builds/slave/test', 'PROPERTIES_FILE': '/builds/slave/test/buildprops.json'}}, attempt #1
16:59:09     INFO - Running command: ['/builds/slave/test/build/venv/bin/pip', 'install', '--timeout', '120', '--no-index', '--find-links', 'http://pypi.pvt.build.mozilla.org/pub', '--find-links', 'http://pypi.pub.build.mozilla.org/pub', '--trusted-host', 'pypi.pub.build.mozilla.org', '--trusted-host', 'pypi.pvt.build.mozilla.org', 'functools32==3.2.3-2'] in /builds/slave/test/build
16:59:09     INFO - Copy/paste: /builds/slave/test/build/venv/bin/pip install --timeout 120 --no-index --find-links http://pypi.pvt.build.mozilla.org/pub --find-links http://pypi.pub.build.mozilla.org/pub --trusted-host pypi.pub.build.mozilla.org --trusted-host pypi.pvt.build.mozilla.org functools32==3.2.3-2
16:59:09     INFO - Using env: {'Apple_PubSub_Socket_Render': '/private/tmp/com.apple.launchd.amOruGVP0x/Render',
16:59:09     INFO -  'GIT_SHARE_BASE_DIR': '/builds/git-shared',
16:59:09     INFO -  'HG_SHARE_BASE_DIR': '/builds/hg-shared',
16:59:09     INFO -  'HOME': '/Users/cltbld',
16:59:09     INFO -  'IDLEIZER_DISABLE_SHUTDOWN': 'true',
16:59:09     INFO -  'LOGNAME': 'cltbld',
16:59:09     INFO -  'MOZ_HIDE_RESULTS_TABLE': '1',
16:59:09     INFO -  'MOZ_NODE_PATH': '/usr/local/bin/node',
16:59:09     INFO -  'MOZ_NO_REMOTE': '1',
16:59:09     INFO -  'NO_EM_RESTART': '1',
16:59:09     INFO -  'NO_FAIL_ON_TEST_ERRORS': '1',
16:59:09     INFO -  'PATH': '/usr/local/sbin:/usr/local/bin:/usr/sbin:/usr/bin:/sbin:/bin:/usr/bin/X11',
16:59:09     INFO -  'PROPERTIES_FILE': '/builds/slave/test/buildprops.json',
16:59:09     INFO -  'PWD': '/builds/slave/test',
16:59:09     INFO -  'RUNNER_CONFIG_CMD': '/opt/runner/bin/python2.7 /opt/runner/bin/runner -c /opt/runner/runner.cfg',
16:59:09     INFO -  'SHELL': '/bin/bash',
16:59:09     INFO -  'SSH_AUTH_SOCK': '/private/tmp/com.apple.launchd.DnGt0NYrV5/Listeners',
16:59:09     INFO -  'TMPDIR': '/var/folders/n9/5yc0k79j0m3fqspp_mk8fy4w00000w/T/',
16:59:09     INFO -  'TWISTD_LOG_PATH': '/builds/slave/twistd.log',
16:59:09     INFO -  'USER': 'cltbld',
16:59:09     INFO -  'VERSIONER_PYTHON_PREFER_32_BIT': 'no',
16:59:09     INFO -  'VERSIONER_PYTHON_VERSION': '2.7',
16:59:09     INFO -  'XPCOM_DEBUG_BREAK': 'warn',
16:59:09     INFO -  'XPC_FLAGS': '0x0',
16:59:09     INFO -  'XPC_SERVICE_NAME': '0',
16:59:09     INFO -  '__CF_USER_TEXT_ENCODING': '0x1C:0:0'}
16:59:09     INFO -  Ignoring indexes: https://pypi.python.org/simple
16:59:09     INFO -  Requirement already satisfied (use --upgrade to upgrade): functools32==3.2.3-2 in ./venv/lib/python2.7/site-packages
16:59:09     INFO - Return code: 0
16:59:09     INFO - Installing blobuploader==1.2.4 into virtualenv /builds/slave/test/build/venv
16:59:09     INFO - retry: Calling run_command with args: [['/builds/slave/test/build/venv/bin/pip', 'install', '--timeout', '120', '--no-index', '--find-links', 'http://pypi.pvt.build.mozilla.org/pub', '--find-links', 'http://pypi.pub.build.mozilla.org/pub', '--trusted-host', 'pypi.pub.build.mozilla.org', '--trusted-host', 'pypi.pvt.build.mozilla.org', 'blobuploader==1.2.4']], kwargs: {'error_level': 'warning', 'error_list': [{'substr': 'not found or a compiler error:', 'level': 'warning'}, {'regex': <_sre.SRE_Pattern object at 0x109560170>, 'level': 'error'}, {'regex': <_sre.SRE_Pattern object at 0x109602960>, 'level': 'warning'}, {'regex': <_sre.SRE_Pattern object at 0x7fe80ad3e6f0>, 'level': 'debug'}, {'substr': 'command not found', 'level': 'error'}, {'regex': <_sre.SRE_Pattern object at 0x1094f31d0>, 'level': 'warning'}, {'substr': 'Traceback (most recent call last)', 'level': 'error'}, {'substr': 'SyntaxError: ', 'level': 'error'}, {'substr': 'TypeError: ', 'level': 'error'}, {'substr': 'NameError: ', 'level': 'error'}, {'substr': 'ZeroDivisionError: ', 'level': 'error'}, {'regex': <_sre.SRE_Pattern object at 0x1094ce108>, 'level': 'critical'}, {'regex': <_sre.SRE_Pattern object at 0x1094e8030>, 'level': 'critical'}], 'cwd': '/builds/slave/test/build', 'env': {'VERSIONER_PYTHON_PREFER_32_BIT': 'no', 'LOGNAME': 'cltbld', 'USER': 'cltbld', 'XPC_SERVICE_NAME': '0', 'PATH': '/usr/local/sbin:/usr/local/bin:/usr/sbin:/usr/bin:/sbin:/bin:/usr/bin/X11', 'HOME': '/Users/cltbld', 'NO_EM_RESTART': '1', 'IDLEIZER_DISABLE_SHUTDOWN': 'true', 'XPCOM_DEBUG_BREAK': 'warn', 'Apple_PubSub_Socket_Render': '/private/tmp/com.apple.launchd.amOruGVP0x/Render', 'MOZ_NODE_PATH': '/usr/local/bin/node', 'TWISTD_LOG_PATH': '/builds/slave/twistd.log', 'GIT_SHARE_BASE_DIR': '/builds/git-shared', 'VERSIONER_PYTHON_VERSION': '2.7', 'XPC_FLAGS': '0x0', 'NO_FAIL_ON_TEST_ERRORS': '1', 'HG_SHARE_BASE_DIR': '/builds/hg-shared', 'RUNNER_CONFIG_CMD': '/opt/runner/bin/python2.7 /opt/runner/bin/runner -c /opt/runner/runner.cfg', 'MOZ_NO_REMOTE': '1', 'MOZ_HIDE_RESULTS_TABLE': '1', 'SSH_AUTH_SOCK': '/private/tmp/com.apple.launchd.DnGt0NYrV5/Listeners', 'SHELL': '/bin/bash', 'TMPDIR': '/var/folders/n9/5yc0k79j0m3fqspp_mk8fy4w00000w/T/', '__CF_USER_TEXT_ENCODING': '0x1C:0:0', 'PWD': '/builds/slave/test', 'PROPERTIES_FILE': '/builds/slave/test/buildprops.json'}}, attempt #1
16:59:09     INFO - Running command: ['/builds/slave/test/build/venv/bin/pip', 'install', '--timeout', '120', '--no-index', '--find-links', 'http://pypi.pvt.build.mozilla.org/pub', '--find-links', 'http://pypi.pub.build.mozilla.org/pub', '--trusted-host', 'pypi.pub.build.mozilla.org', '--trusted-host', 'pypi.pvt.build.mozilla.org', 'blobuploader==1.2.4'] in /builds/slave/test/build
16:59:09     INFO - Copy/paste: /builds/slave/test/build/venv/bin/pip install --timeout 120 --no-index --find-links http://pypi.pvt.build.mozilla.org/pub --find-links http://pypi.pub.build.mozilla.org/pub --trusted-host pypi.pub.build.mozilla.org --trusted-host pypi.pvt.build.mozilla.org blobuploader==1.2.4
16:59:09     INFO - Using env: {'Apple_PubSub_Socket_Render': '/private/tmp/com.apple.launchd.amOruGVP0x/Render',
16:59:09     INFO -  'GIT_SHARE_BASE_DIR': '/builds/git-shared',
16:59:09     INFO -  'HG_SHARE_BASE_DIR': '/builds/hg-shared',
16:59:09     INFO -  'HOME': '/Users/cltbld',
16:59:09     INFO -  'IDLEIZER_DISABLE_SHUTDOWN': 'true',
16:59:09     INFO -  'LOGNAME': 'cltbld',
16:59:09     INFO -  'MOZ_HIDE_RESULTS_TABLE': '1',
16:59:09     INFO -  'MOZ_NODE_PATH': '/usr/local/bin/node',
16:59:09     INFO -  'MOZ_NO_REMOTE': '1',
16:59:09     INFO -  'NO_EM_RESTART': '1',
16:59:09     INFO -  'NO_FAIL_ON_TEST_ERRORS': '1',
16:59:09     INFO -  'PATH': '/usr/local/sbin:/usr/local/bin:/usr/sbin:/usr/bin:/sbin:/bin:/usr/bin/X11',
16:59:09     INFO -  'PROPERTIES_FILE': '/builds/slave/test/buildprops.json',
16:59:09     INFO -  'PWD': '/builds/slave/test',
16:59:09     INFO -  'RUNNER_CONFIG_CMD': '/opt/runner/bin/python2.7 /opt/runner/bin/runner -c /opt/runner/runner.cfg',
16:59:09     INFO -  'SHELL': '/bin/bash',
16:59:09     INFO -  'SSH_AUTH_SOCK': '/private/tmp/com.apple.launchd.DnGt0NYrV5/Listeners',
16:59:09     INFO -  'TMPDIR': '/var/folders/n9/5yc0k79j0m3fqspp_mk8fy4w00000w/T/',
16:59:09     INFO -  'TWISTD_LOG_PATH': '/builds/slave/twistd.log',
16:59:09     INFO -  'USER': 'cltbld',
16:59:09     INFO -  'VERSIONER_PYTHON_PREFER_32_BIT': 'no',
16:59:09     INFO -  'VERSIONER_PYTHON_VERSION': '2.7',
16:59:09     INFO -  'XPCOM_DEBUG_BREAK': 'warn',
16:59:09     INFO -  'XPC_FLAGS': '0x0',
16:59:09     INFO -  'XPC_SERVICE_NAME': '0',
16:59:09     INFO -  '__CF_USER_TEXT_ENCODING': '0x1C:0:0'}
16:59:10     INFO -  Ignoring indexes: https://pypi.python.org/simple
16:59:10     INFO -  Collecting blobuploader==1.2.4
16:59:10     INFO -  /builds/slave/test/build/venv/lib/python2.7/site-packages/pip/_vendor/requests/packages/urllib3/util/ssl_.py:318: SNIMissingWarning: An HTTPS request has been made, but the SNI (Subject Name Indication) extension to TLS is not available on this platform. This may cause the server to present an incorrect TLS certificate, which can cause validation failures. You can upgrade to a newer version of Python to solve this. For more information, see https://urllib3.readthedocs.org/en/latest/security.html#snimissingwarning.
16:59:10     INFO -    SNIMissingWarning
16:59:10     INFO -  /builds/slave/test/build/venv/lib/python2.7/site-packages/pip/_vendor/requests/packages/urllib3/util/ssl_.py:122: InsecurePlatformWarning: A true SSLContext object is not available. This prevents urllib3 from configuring SSL appropriately and may cause certain SSL connections to fail. You can upgrade to a newer version of Python to solve this. For more information, see https://urllib3.readthedocs.org/en/latest/security.html#insecureplatformwarning.
16:59:10     INFO -    InsecurePlatformWarning
16:59:11     INFO -  /builds/slave/test/build/venv/lib/python2.7/site-packages/pip/_vendor/requests/packages/urllib3/util/ssl_.py:122: InsecurePlatformWarning: A true SSLContext object is not available. This prevents urllib3 from configuring SSL appropriately and may cause certain SSL connections to fail. You can upgrade to a newer version of Python to solve this. For more information, see https://urllib3.readthedocs.org/en/latest/security.html#insecureplatformwarning.
16:59:11     INFO -    InsecurePlatformWarning
16:59:13     INFO -  Collecting docopt==0.6.1 (from blobuploader==1.2.4)
16:59:15     INFO -  Collecting requests==1.2.3. (from blobuploader==1.2.4)
16:59:18     INFO -  Installing collected packages: docopt, requests, blobuploader
16:59:19     INFO -  Successfully installed blobuploader-1.2.4 docopt-0.6.1 requests-1.2.3
16:59:19     INFO - Return code: 0
16:59:19     INFO - Installing None into virtualenv /builds/slave/test/build/venv
16:59:19     INFO - retry: Calling run_command with args: [['/builds/slave/test/build/venv/bin/pip', 'install', '--no-deps', '--timeout', '120', '-r', '/builds/slave/test/build/tests/config/mozbase_requirements.txt', '--no-index', '--find-links', 'http://pypi.pvt.build.mozilla.org/pub', '--find-links', 'http://pypi.pub.build.mozilla.org/pub', '--trusted-host', 'pypi.pub.build.mozilla.org', '--trusted-host', 'pypi.pvt.build.mozilla.org']], kwargs: {'error_level': 'warning', 'error_list': [{'substr': 'not found or a compiler error:', 'level': 'warning'}, {'regex': <_sre.SRE_Pattern object at 0x109560170>, 'level': 'error'}, {'regex': <_sre.SRE_Pattern object at 0x109602960>, 'level': 'warning'}, {'regex': <_sre.SRE_Pattern object at 0x7fe80ad3e6f0>, 'level': 'debug'}, {'substr': 'command not found', 'level': 'error'}, {'regex': <_sre.SRE_Pattern object at 0x1094f31d0>, 'level': 'warning'}, {'substr': 'Traceback (most recent call last)', 'level': 'error'}, {'substr': 'SyntaxError: ', 'level': 'error'}, {'substr': 'TypeError: ', 'level': 'error'}, {'substr': 'NameError: ', 'level': 'error'}, {'substr': 'ZeroDivisionError: ', 'level': 'error'}, {'regex': <_sre.SRE_Pattern object at 0x1094ce108>, 'level': 'critical'}, {'regex': <_sre.SRE_Pattern object at 0x1094e8030>, 'level': 'critical'}], 'cwd': '/builds/slave/test/build/tests/config', 'env': {'VERSIONER_PYTHON_PREFER_32_BIT': 'no', 'LOGNAME': 'cltbld', 'USER': 'cltbld', 'XPC_SERVICE_NAME': '0', 'PATH': '/usr/local/sbin:/usr/local/bin:/usr/sbin:/usr/bin:/sbin:/bin:/usr/bin/X11', 'HOME': '/Users/cltbld', 'NO_EM_RESTART': '1', 'IDLEIZER_DISABLE_SHUTDOWN': 'true', 'XPCOM_DEBUG_BREAK': 'warn', 'Apple_PubSub_Socket_Render': '/private/tmp/com.apple.launchd.amOruGVP0x/Render', 'MOZ_NODE_PATH': '/usr/local/bin/node', 'TWISTD_LOG_PATH': '/builds/slave/twistd.log', 'GIT_SHARE_BASE_DIR': '/builds/git-shared', 'VERSIONER_PYTHON_VERSION': '2.7', 'XPC_FLAGS': '0x0', 'NO_FAIL_ON_TEST_ERRORS': '1', 'HG_SHARE_BASE_DIR': '/builds/hg-shared', 'RUNNER_CONFIG_CMD': '/opt/runner/bin/python2.7 /opt/runner/bin/runner -c /opt/runner/runner.cfg', 'MOZ_NO_REMOTE': '1', 'MOZ_HIDE_RESULTS_TABLE': '1', 'SSH_AUTH_SOCK': '/private/tmp/com.apple.launchd.DnGt0NYrV5/Listeners', 'SHELL': '/bin/bash', 'TMPDIR': '/var/folders/n9/5yc0k79j0m3fqspp_mk8fy4w00000w/T/', '__CF_USER_TEXT_ENCODING': '0x1C:0:0', 'PWD': '/builds/slave/test', 'PROPERTIES_FILE': '/builds/slave/test/buildprops.json'}}, attempt #1
16:59:19     INFO - Running command: ['/builds/slave/test/build/venv/bin/pip', 'install', '--no-deps', '--timeout', '120', '-r', '/builds/slave/test/build/tests/config/mozbase_requirements.txt', '--no-index', '--find-links', 'http://pypi.pvt.build.mozilla.org/pub', '--find-links', 'http://pypi.pub.build.mozilla.org/pub', '--trusted-host', 'pypi.pub.build.mozilla.org', '--trusted-host', 'pypi.pvt.build.mozilla.org'] in /builds/slave/test/build/tests/config
16:59:19     INFO - Copy/paste: /builds/slave/test/build/venv/bin/pip install --no-deps --timeout 120 -r /builds/slave/test/build/tests/config/mozbase_requirements.txt --no-index --find-links http://pypi.pvt.build.mozilla.org/pub --find-links http://pypi.pub.build.mozilla.org/pub --trusted-host pypi.pub.build.mozilla.org --trusted-host pypi.pvt.build.mozilla.org
16:59:19     INFO - Using env: {'Apple_PubSub_Socket_Render': '/private/tmp/com.apple.launchd.amOruGVP0x/Render',
16:59:19     INFO -  'GIT_SHARE_BASE_DIR': '/builds/git-shared',
16:59:19     INFO -  'HG_SHARE_BASE_DIR': '/builds/hg-shared',
16:59:19     INFO -  'HOME': '/Users/cltbld',
16:59:19     INFO -  'IDLEIZER_DISABLE_SHUTDOWN': 'true',
16:59:19     INFO -  'LOGNAME': 'cltbld',
16:59:19     INFO -  'MOZ_HIDE_RESULTS_TABLE': '1',
16:59:19     INFO -  'MOZ_NODE_PATH': '/usr/local/bin/node',
16:59:19     INFO -  'MOZ_NO_REMOTE': '1',
16:59:19     INFO -  'NO_EM_RESTART': '1',
16:59:19     INFO -  'NO_FAIL_ON_TEST_ERRORS': '1',
16:59:19     INFO -  'PATH': '/usr/local/sbin:/usr/local/bin:/usr/sbin:/usr/bin:/sbin:/bin:/usr/bin/X11',
16:59:19     INFO -  'PROPERTIES_FILE': '/builds/slave/test/buildprops.json',
16:59:19     INFO -  'PWD': '/builds/slave/test',
16:59:19     INFO -  'RUNNER_CONFIG_CMD': '/opt/runner/bin/python2.7 /opt/runner/bin/runner -c /opt/runner/runner.cfg',
16:59:19     INFO -  'SHELL': '/bin/bash',
16:59:19     INFO -  'SSH_AUTH_SOCK': '/private/tmp/com.apple.launchd.DnGt0NYrV5/Listeners',
16:59:19     INFO -  'TMPDIR': '/var/folders/n9/5yc0k79j0m3fqspp_mk8fy4w00000w/T/',
16:59:19     INFO -  'TWISTD_LOG_PATH': '/builds/slave/twistd.log',
16:59:19     INFO -  'USER': 'cltbld',
16:59:19     INFO -  'VERSIONER_PYTHON_PREFER_32_BIT': 'no',
16:59:19     INFO -  'VERSIONER_PYTHON_VERSION': '2.7',
16:59:19     INFO -  'XPCOM_DEBUG_BREAK': 'warn',
16:59:19     INFO -  'XPC_FLAGS': '0x0',
16:59:19     INFO -  'XPC_SERVICE_NAME': '0',
16:59:19     INFO -  '__CF_USER_TEXT_ENCODING': '0x1C:0:0'}
16:59:19     INFO -  Ignoring indexes: https://pypi.python.org/simple
16:59:19     INFO -  Processing /builds/slave/test/build/tests/mozbase/manifestparser
16:59:19     INFO -  Processing /builds/slave/test/build/tests/mozbase/mozcrash
16:59:20     INFO -  Processing /builds/slave/test/build/tests/mozbase/mozdebug
16:59:20     INFO -  Processing /builds/slave/test/build/tests/mozbase/mozdevice
16:59:20     INFO -  Processing /builds/slave/test/build/tests/mozbase/mozfile
16:59:20     INFO -  Processing /builds/slave/test/build/tests/mozbase/mozhttpd
16:59:21     INFO -  Processing /builds/slave/test/build/tests/mozbase/mozinfo
16:59:21     INFO -  Processing /builds/slave/test/build/tests/mozbase/mozinstall
16:59:21     INFO -  Processing /builds/slave/test/build/tests/mozbase/mozleak
16:59:21     INFO -  Processing /builds/slave/test/build/tests/mozbase/mozlog
16:59:22     INFO -  Processing /builds/slave/test/build/tests/mozbase/moznetwork
16:59:22     INFO -  Processing /builds/slave/test/build/tests/mozbase/mozprocess
16:59:22     INFO -  Processing /builds/slave/test/build/tests/mozbase/mozprofile
16:59:22     INFO -  Processing /builds/slave/test/build/tests/mozbase/mozrunner
16:59:23     INFO -  Processing /builds/slave/test/build/tests/mozbase/mozscreenshot
16:59:23     INFO -  Processing /builds/slave/test/build/tests/mozbase/moztest
16:59:23     INFO -  Processing /builds/slave/test/build/tests/mozbase/mozversion
16:59:23     INFO -  Installing collected packages: manifestparser, mozcrash, mozdebug, mozdevice, mozfile, mozhttpd, mozinfo, mozInstall, mozleak, mozlog, moznetwork, mozprocess, mozprofile, mozrunner, mozscreenshot, moztest, mozversion
16:59:23     INFO -    Running setup.py install for manifestparser: started
16:59:24     INFO -      Running setup.py install for manifestparser: finished with status 'done'
16:59:24     INFO -    Running setup.py install for mozcrash: started
16:59:24     INFO -      Running setup.py install for mozcrash: finished with status 'done'
16:59:24     INFO -    Running setup.py install for mozdebug: started
16:59:24     INFO -      Running setup.py install for mozdebug: finished with status 'done'
16:59:24     INFO -    Running setup.py install for mozdevice: started
16:59:24     INFO -      Running setup.py install for mozdevice: finished with status 'done'
16:59:24     INFO -    Running setup.py install for mozfile: started
16:59:25     INFO -      Running setup.py install for mozfile: finished with status 'done'
16:59:25     INFO -    Running setup.py install for mozhttpd: started
16:59:25     INFO -      Running setup.py install for mozhttpd: finished with status 'done'
16:59:25     INFO -    Running setup.py install for mozinfo: started
16:59:25     INFO -      Running setup.py install for mozinfo: finished with status 'done'
16:59:25     INFO -    Running setup.py install for mozInstall: started
16:59:26     INFO -      Running setup.py install for mozInstall: finished with status 'done'
16:59:26     INFO -    Running setup.py install for mozleak: started
16:59:26     INFO -      Running setup.py install for mozleak: finished with status 'done'
16:59:26     INFO -    Running setup.py install for mozlog: started
16:59:26     INFO -      Running setup.py install for mozlog: finished with status 'done'
16:59:26     INFO -    Running setup.py install for moznetwork: started
16:59:26     INFO -      Running setup.py install for moznetwork: finished with status 'done'
16:59:26     INFO -    Running setup.py install for mozprocess: started
16:59:27     INFO -      Running setup.py install for mozprocess: finished with status 'done'
16:59:27     INFO -    Running setup.py install for mozprofile: started
16:59:27     INFO -      Running setup.py install for mozprofile: finished with status 'done'
16:59:27     INFO -    Running setup.py install for mozrunner: started
16:59:27     INFO -      Running setup.py install for mozrunner: finished with status 'done'
16:59:27     INFO -    Running setup.py install for mozscreenshot: started
16:59:28     INFO -      Running setup.py install for mozscreenshot: finished with status 'done'
16:59:28     INFO -    Running setup.py install for moztest: started
16:59:28     INFO -      Running setup.py install for moztest: finished with status 'done'
16:59:28     INFO -    Running setup.py install for mozversion: started
16:59:28     INFO -      Running setup.py install for mozversion: finished with status 'done'
16:59:29     INFO -  Successfully installed manifestparser-1.1 mozInstall-1.12 mozcrash-1.0 mozdebug-0.1 mozdevice-0.48 mozfile-1.2 mozhttpd-0.7 mozinfo-0.9 mozleak-0.1 mozlog-3.4 moznetwork-0.27 mozprocess-0.23 mozprofile-0.28 mozrunner-6.13 mozscreenshot-0.1 moztest-0.8 mozversion-1.4
16:59:29     INFO - Return code: 0
16:59:29     INFO - Installing None into virtualenv /builds/slave/test/build/venv
16:59:29     INFO - retry: Calling run_command with args: [['/builds/slave/test/build/venv/bin/pip', 'install', '--timeout', '120', '-r', '/builds/slave/test/build/tests/config/mozbase_requirements.txt', '--no-index', '--find-links', 'http://pypi.pvt.build.mozilla.org/pub', '--find-links', 'http://pypi.pub.build.mozilla.org/pub', '--trusted-host', 'pypi.pub.build.mozilla.org', '--trusted-host', 'pypi.pvt.build.mozilla.org']], kwargs: {'error_level': 'warning', 'error_list': [{'substr': 'not found or a compiler error:', 'level': 'warning'}, {'regex': <_sre.SRE_Pattern object at 0x109560170>, 'level': 'error'}, {'regex': <_sre.SRE_Pattern object at 0x109602960>, 'level': 'warning'}, {'regex': <_sre.SRE_Pattern object at 0x7fe80ad3e6f0>, 'level': 'debug'}, {'substr': 'command not found', 'level': 'error'}, {'regex': <_sre.SRE_Pattern object at 0x1094f31d0>, 'level': 'warning'}, {'substr': 'Traceback (most recent call last)', 'level': 'error'}, {'substr': 'SyntaxError: ', 'level': 'error'}, {'substr': 'TypeError: ', 'level': 'error'}, {'substr': 'NameError: ', 'level': 'error'}, {'substr': 'ZeroDivisionError: ', 'level': 'error'}, {'regex': <_sre.SRE_Pattern object at 0x1094ce108>, 'level': 'critical'}, {'regex': <_sre.SRE_Pattern object at 0x1094e8030>, 'level': 'critical'}], 'cwd': '/builds/slave/test/build/tests/config', 'env': {'VERSIONER_PYTHON_PREFER_32_BIT': 'no', 'LOGNAME': 'cltbld', 'USER': 'cltbld', 'XPC_SERVICE_NAME': '0', 'PATH': '/usr/local/sbin:/usr/local/bin:/usr/sbin:/usr/bin:/sbin:/bin:/usr/bin/X11', 'HOME': '/Users/cltbld', 'NO_EM_RESTART': '1', 'IDLEIZER_DISABLE_SHUTDOWN': 'true', 'XPCOM_DEBUG_BREAK': 'warn', 'Apple_PubSub_Socket_Render': '/private/tmp/com.apple.launchd.amOruGVP0x/Render', 'MOZ_NODE_PATH': '/usr/local/bin/node', 'TWISTD_LOG_PATH': '/builds/slave/twistd.log', 'GIT_SHARE_BASE_DIR': '/builds/git-shared', 'VERSIONER_PYTHON_VERSION': '2.7', 'XPC_FLAGS': '0x0', 'NO_FAIL_ON_TEST_ERRORS': '1', 'HG_SHARE_BASE_DIR': '/builds/hg-shared', 'RUNNER_CONFIG_CMD': '/opt/runner/bin/python2.7 /opt/runner/bin/runner -c /opt/runner/runner.cfg', 'MOZ_NO_REMOTE': '1', 'MOZ_HIDE_RESULTS_TABLE': '1', 'SSH_AUTH_SOCK': '/private/tmp/com.apple.launchd.DnGt0NYrV5/Listeners', 'SHELL': '/bin/bash', 'TMPDIR': '/var/folders/n9/5yc0k79j0m3fqspp_mk8fy4w00000w/T/', '__CF_USER_TEXT_ENCODING': '0x1C:0:0', 'PWD': '/builds/slave/test', 'PROPERTIES_FILE': '/builds/slave/test/buildprops.json'}}, attempt #1
16:59:29     INFO - Running command: ['/builds/slave/test/build/venv/bin/pip', 'install', '--timeout', '120', '-r', '/builds/slave/test/build/tests/config/mozbase_requirements.txt', '--no-index', '--find-links', 'http://pypi.pvt.build.mozilla.org/pub', '--find-links', 'http://pypi.pub.build.mozilla.org/pub', '--trusted-host', 'pypi.pub.build.mozilla.org', '--trusted-host', 'pypi.pvt.build.mozilla.org'] in /builds/slave/test/build/tests/config
16:59:29     INFO - Copy/paste: /builds/slave/test/build/venv/bin/pip install --timeout 120 -r /builds/slave/test/build/tests/config/mozbase_requirements.txt --no-index --find-links http://pypi.pvt.build.mozilla.org/pub --find-links http://pypi.pub.build.mozilla.org/pub --trusted-host pypi.pub.build.mozilla.org --trusted-host pypi.pvt.build.mozilla.org
16:59:29     INFO - Using env: {'Apple_PubSub_Socket_Render': '/private/tmp/com.apple.launchd.amOruGVP0x/Render',
16:59:29     INFO -  'GIT_SHARE_BASE_DIR': '/builds/git-shared',
16:59:29     INFO -  'HG_SHARE_BASE_DIR': '/builds/hg-shared',
16:59:29     INFO -  'HOME': '/Users/cltbld',
16:59:29     INFO -  'IDLEIZER_DISABLE_SHUTDOWN': 'true',
16:59:29     INFO -  'LOGNAME': 'cltbld',
16:59:29     INFO -  'MOZ_HIDE_RESULTS_TABLE': '1',
16:59:29     INFO -  'MOZ_NODE_PATH': '/usr/local/bin/node',
16:59:29     INFO -  'MOZ_NO_REMOTE': '1',
16:59:29     INFO -  'NO_EM_RESTART': '1',
16:59:29     INFO -  'NO_FAIL_ON_TEST_ERRORS': '1',
16:59:29     INFO -  'PATH': '/usr/local/sbin:/usr/local/bin:/usr/sbin:/usr/bin:/sbin:/bin:/usr/bin/X11',
16:59:29     INFO -  'PROPERTIES_FILE': '/builds/slave/test/buildprops.json',
16:59:29     INFO -  'PWD': '/builds/slave/test',
16:59:29     INFO -  'RUNNER_CONFIG_CMD': '/opt/runner/bin/python2.7 /opt/runner/bin/runner -c /opt/runner/runner.cfg',
16:59:29     INFO -  'SHELL': '/bin/bash',
16:59:29     INFO -  'SSH_AUTH_SOCK': '/private/tmp/com.apple.launchd.DnGt0NYrV5/Listeners',
16:59:29     INFO -  'TMPDIR': '/var/folders/n9/5yc0k79j0m3fqspp_mk8fy4w00000w/T/',
16:59:29     INFO -  'TWISTD_LOG_PATH': '/builds/slave/twistd.log',
16:59:29     INFO -  'USER': 'cltbld',
16:59:29     INFO -  'VERSIONER_PYTHON_PREFER_32_BIT': 'no',
16:59:29     INFO -  'VERSIONER_PYTHON_VERSION': '2.7',
16:59:29     INFO -  'XPCOM_DEBUG_BREAK': 'warn',
16:59:29     INFO -  'XPC_FLAGS': '0x0',
16:59:29     INFO -  'XPC_SERVICE_NAME': '0',
16:59:29     INFO -  '__CF_USER_TEXT_ENCODING': '0x1C:0:0'}
16:59:29     INFO -  Ignoring indexes: https://pypi.python.org/simple
16:59:29     INFO -  Processing /builds/slave/test/build/tests/mozbase/manifestparser
16:59:30     INFO -    Requirement already satisfied (use --upgrade to upgrade): manifestparser==1.1 from file:///builds/slave/test/build/tests/mozbase/manifestparser in /builds/slave/test/build/venv/lib/python2.7/site-packages (from -r /builds/slave/test/build/tests/config/mozbase_requirements.txt (line 1))
16:59:30     INFO -  Processing /builds/slave/test/build/tests/mozbase/mozcrash
16:59:30     INFO -    Requirement already satisfied (use --upgrade to upgrade): mozcrash==1.0 from file:///builds/slave/test/build/tests/mozbase/mozcrash in /builds/slave/test/build/venv/lib/python2.7/site-packages (from -r /builds/slave/test/build/tests/config/mozbase_requirements.txt (line 2))
16:59:30     INFO -  Processing /builds/slave/test/build/tests/mozbase/mozdebug
16:59:30     INFO -    Requirement already satisfied (use --upgrade to upgrade): mozdebug==0.1 from file:///builds/slave/test/build/tests/mozbase/mozdebug in /builds/slave/test/build/venv/lib/python2.7/site-packages (from -r /builds/slave/test/build/tests/config/mozbase_requirements.txt (line 3))
16:59:30     INFO -  Processing /builds/slave/test/build/tests/mozbase/mozdevice
16:59:30     INFO -    Requirement already satisfied (use --upgrade to upgrade): mozdevice==0.48 from file:///builds/slave/test/build/tests/mozbase/mozdevice in /builds/slave/test/build/venv/lib/python2.7/site-packages (from -r /builds/slave/test/build/tests/config/mozbase_requirements.txt (line 4))
16:59:30     INFO -  Processing /builds/slave/test/build/tests/mozbase/mozfile
16:59:31     INFO -    Requirement already satisfied (use --upgrade to upgrade): mozfile==1.2 from file:///builds/slave/test/build/tests/mozbase/mozfile in /builds/slave/test/build/venv/lib/python2.7/site-packages (from -r /builds/slave/test/build/tests/config/mozbase_requirements.txt (line 5))
16:59:31     INFO -  Processing /builds/slave/test/build/tests/mozbase/mozhttpd
16:59:31     INFO -    Requirement already satisfied (use --upgrade to upgrade): mozhttpd==0.7 from file:///builds/slave/test/build/tests/mozbase/mozhttpd in /builds/slave/test/build/venv/lib/python2.7/site-packages (from -r /builds/slave/test/build/tests/config/mozbase_requirements.txt (line 6))
16:59:31     INFO -  Processing /builds/slave/test/build/tests/mozbase/mozinfo
16:59:31     INFO -    Requirement already satisfied (use --upgrade to upgrade): mozinfo==0.9 from file:///builds/slave/test/build/tests/mozbase/mozinfo in /builds/slave/test/build/venv/lib/python2.7/site-packages (from -r /builds/slave/test/build/tests/config/mozbase_requirements.txt (line 7))
16:59:31     INFO -  Processing /builds/slave/test/build/tests/mozbase/mozinstall
16:59:31     INFO -    Requirement already satisfied (use --upgrade to upgrade): mozInstall==1.12 from file:///builds/slave/test/build/tests/mozbase/mozinstall in /builds/slave/test/build/venv/lib/python2.7/site-packages (from -r /builds/slave/test/build/tests/config/mozbase_requirements.txt (line 8))
16:59:31     INFO -  Processing /builds/slave/test/build/tests/mozbase/mozleak
16:59:32     INFO -    Requirement already satisfied (use --upgrade to upgrade): mozleak==0.1 from file:///builds/slave/test/build/tests/mozbase/mozleak in /builds/slave/test/build/venv/lib/python2.7/site-packages (from -r /builds/slave/test/build/tests/config/mozbase_requirements.txt (line 9))
16:59:32     INFO -  Processing /builds/slave/test/build/tests/mozbase/mozlog
16:59:32     INFO -    Requirement already satisfied (use --upgrade to upgrade): mozlog==3.4 from file:///builds/slave/test/build/tests/mozbase/mozlog in /builds/slave/test/build/venv/lib/python2.7/site-packages (from -r /builds/slave/test/build/tests/config/mozbase_requirements.txt (line 10))
16:59:32     INFO -  Processing /builds/slave/test/build/tests/mozbase/moznetwork
16:59:32     INFO -    Requirement already satisfied (use --upgrade to upgrade): moznetwork==0.27 from file:///builds/slave/test/build/tests/mozbase/moznetwork in /builds/slave/test/build/venv/lib/python2.7/site-packages (from -r /builds/slave/test/build/tests/config/mozbase_requirements.txt (line 11))
16:59:32     INFO -  Processing /builds/slave/test/build/tests/mozbase/mozprocess
16:59:32     INFO -    Requirement already satisfied (use --upgrade to upgrade): mozprocess==0.23 from file:///builds/slave/test/build/tests/mozbase/mozprocess in /builds/slave/test/build/venv/lib/python2.7/site-packages (from -r /builds/slave/test/build/tests/config/mozbase_requirements.txt (line 12))
16:59:32     INFO -  Processing /builds/slave/test/build/tests/mozbase/mozprofile
16:59:33     INFO -    Requirement already satisfied (use --upgrade to upgrade): mozprofile==0.28 from file:///builds/slave/test/build/tests/mozbase/mozprofile in /builds/slave/test/build/venv/lib/python2.7/site-packages (from -r /builds/slave/test/build/tests/config/mozbase_requirements.txt (line 13))
16:59:33     INFO -  Processing /builds/slave/test/build/tests/mozbase/mozrunner
16:59:33     INFO -    Requirement already satisfied (use --upgrade to upgrade): mozrunner==6.13 from file:///builds/slave/test/build/tests/mozbase/mozrunner in /builds/slave/test/build/venv/lib/python2.7/site-packages (from -r /builds/slave/test/build/tests/config/mozbase_requirements.txt (line 14))
16:59:33     INFO -  Processing /builds/slave/test/build/tests/mozbase/mozscreenshot
16:59:33     INFO -    Requirement already satisfied (use --upgrade to upgrade): mozscreenshot==0.1 from file:///builds/slave/test/build/tests/mozbase/mozscreenshot in /builds/slave/test/build/venv/lib/python2.7/site-packages (from -r /builds/slave/test/build/tests/config/mozbase_requirements.txt (line 15))
16:59:33     INFO -  Processing /builds/slave/test/build/tests/mozbase/moztest
16:59:33     INFO -    Requirement already satisfied (use --upgrade to upgrade): moztest==0.8 from file:///builds/slave/test/build/tests/mozbase/moztest in /builds/slave/test/build/venv/lib/python2.7/site-packages (from -r /builds/slave/test/build/tests/config/mozbase_requirements.txt (line 16))
16:59:33     INFO -  Processing /builds/slave/test/build/tests/mozbase/mozversion
16:59:34     INFO -    Requirement already satisfied (use --upgrade to upgrade): mozversion==1.4 from file:///builds/slave/test/build/tests/mozbase/mozversion in /builds/slave/test/build/venv/lib/python2.7/site-packages (from -r /builds/slave/test/build/tests/config/mozbase_requirements.txt (line 17))
16:59:34     INFO -  Requirement already satisfied (use --upgrade to upgrade): mozfile>=1.0 in /builds/slave/test/build/venv/lib/python2.7/site-packages (from mozcrash==1.0->-r /builds/slave/test/build/tests/config/mozbase_requirements.txt (line 2))
16:59:34     INFO -  Requirement already satisfied (use --upgrade to upgrade): mozlog>=3.0 in /builds/slave/test/build/venv/lib/python2.7/site-packages (from mozcrash==1.0->-r /builds/slave/test/build/tests/config/mozbase_requirements.txt (line 2))
16:59:34     INFO -  Requirement already satisfied (use --upgrade to upgrade): mozinfo in /builds/slave/test/build/venv/lib/python2.7/site-packages (from mozdebug==0.1->-r /builds/slave/test/build/tests/config/mozbase_requirements.txt (line 3))
16:59:34     INFO -  Requirement already satisfied (use --upgrade to upgrade): moznetwork>=0.24 in /builds/slave/test/build/venv/lib/python2.7/site-packages (from mozdevice==0.48->-r /builds/slave/test/build/tests/config/mozbase_requirements.txt (line 4))
16:59:34     INFO -  Requirement already satisfied (use --upgrade to upgrade): mozprocess>=0.19 in /builds/slave/test/build/venv/lib/python2.7/site-packages (from mozdevice==0.48->-r /builds/slave/test/build/tests/config/mozbase_requirements.txt (line 4))
16:59:34     INFO -  Collecting blessings>=1.3 (from mozlog==3.4->-r /builds/slave/test/build/tests/config/mozbase_requirements.txt (line 10))
16:59:34     INFO -  /builds/slave/test/build/venv/lib/python2.7/site-packages/pip/_vendor/requests/packages/urllib3/util/ssl_.py:318: SNIMissingWarning: An HTTPS request has been made, but the SNI (Subject Name Indication) extension to TLS is not available on this platform. This may cause the server to present an incorrect TLS certificate, which can cause validation failures. You can upgrade to a newer version of Python to solve this. For more information, see https://urllib3.readthedocs.org/en/latest/security.html#snimissingwarning.
16:59:34     INFO -    SNIMissingWarning
16:59:34     INFO -  /builds/slave/test/build/venv/lib/python2.7/site-packages/pip/_vendor/requests/packages/urllib3/util/ssl_.py:122: InsecurePlatformWarning: A true SSLContext object is not available. This prevents urllib3 from configuring SSL appropriately and may cause certain SSL connections to fail. You can upgrade to a newer version of Python to solve this. For more information, see https://urllib3.readthedocs.org/en/latest/security.html#insecureplatformwarning.
16:59:34     INFO -    InsecurePlatformWarning
16:59:35     INFO -  /builds/slave/test/build/venv/lib/python2.7/site-packages/pip/_vendor/requests/packages/urllib3/util/ssl_.py:122: InsecurePlatformWarning: A true SSLContext object is not available. This prevents urllib3 from configuring SSL appropriately and may cause certain SSL connections to fail. You can upgrade to a newer version of Python to solve this. For more information, see https://urllib3.readthedocs.org/en/latest/security.html#insecureplatformwarning.
16:59:35     INFO -    InsecurePlatformWarning
16:59:37     INFO -  Installing collected packages: blessings
16:59:37     INFO -  Successfully installed blessings-1.6
16:59:37     INFO - Return code: 0
16:59:37     INFO - Installing pip>=1.5 into virtualenv /builds/slave/test/build/venv
16:59:37     INFO - retry: Calling run_command with args: [['/builds/slave/test/build/venv/bin/pip', 'install', '--timeout', '120', '--no-index', '--find-links', 'http://pypi.pvt.build.mozilla.org/pub', '--find-links', 'http://pypi.pub.build.mozilla.org/pub', '--trusted-host', 'pypi.pub.build.mozilla.org', '--trusted-host', 'pypi.pvt.build.mozilla.org', 'pip>=1.5']], kwargs: {'error_level': 'warning', 'error_list': [{'substr': 'not found or a compiler error:', 'level': 'warning'}, {'regex': <_sre.SRE_Pattern object at 0x109560170>, 'level': 'error'}, {'regex': <_sre.SRE_Pattern object at 0x109602960>, 'level': 'warning'}, {'regex': <_sre.SRE_Pattern object at 0x7fe80ad3e6f0>, 'level': 'debug'}, {'substr': 'command not found', 'level': 'error'}, {'regex': <_sre.SRE_Pattern object at 0x1094f31d0>, 'level': 'warning'}, {'substr': 'Traceback (most recent call last)', 'level': 'error'}, {'substr': 'SyntaxError: ', 'level': 'error'}, {'substr': 'TypeError: ', 'level': 'error'}, {'substr': 'NameError: ', 'level': 'error'}, {'substr': 'ZeroDivisionError: ', 'level': 'error'}, {'regex': <_sre.SRE_Pattern object at 0x1094ce108>, 'level': 'critical'}, {'regex': <_sre.SRE_Pattern object at 0x1094e8030>, 'level': 'critical'}], 'cwd': '/builds/slave/test/build', 'env': {'VERSIONER_PYTHON_PREFER_32_BIT': 'no', 'LOGNAME': 'cltbld', 'USER': 'cltbld', 'XPC_SERVICE_NAME': '0', 'PATH': '/usr/local/sbin:/usr/local/bin:/usr/sbin:/usr/bin:/sbin:/bin:/usr/bin/X11', 'HOME': '/Users/cltbld', 'NO_EM_RESTART': '1', 'IDLEIZER_DISABLE_SHUTDOWN': 'true', 'XPCOM_DEBUG_BREAK': 'warn', 'Apple_PubSub_Socket_Render': '/private/tmp/com.apple.launchd.amOruGVP0x/Render', 'MOZ_NODE_PATH': '/usr/local/bin/node', 'TWISTD_LOG_PATH': '/builds/slave/twistd.log', 'GIT_SHARE_BASE_DIR': '/builds/git-shared', 'VERSIONER_PYTHON_VERSION': '2.7', 'XPC_FLAGS': '0x0', 'NO_FAIL_ON_TEST_ERRORS': '1', 'HG_SHARE_BASE_DIR': '/builds/hg-shared', 'RUNNER_CONFIG_CMD': '/opt/runner/bin/python2.7 /opt/runner/bin/runner -c /opt/runner/runner.cfg', 'MOZ_NO_REMOTE': '1', 'MOZ_HIDE_RESULTS_TABLE': '1', 'SSH_AUTH_SOCK': '/private/tmp/com.apple.launchd.DnGt0NYrV5/Listeners', 'SHELL': '/bin/bash', 'TMPDIR': '/var/folders/n9/5yc0k79j0m3fqspp_mk8fy4w00000w/T/', '__CF_USER_TEXT_ENCODING': '0x1C:0:0', 'PWD': '/builds/slave/test', 'PROPERTIES_FILE': '/builds/slave/test/buildprops.json'}}, attempt #1
16:59:37     INFO - Running command: ['/builds/slave/test/build/venv/bin/pip', 'install', '--timeout', '120', '--no-index', '--find-links', 'http://pypi.pvt.build.mozilla.org/pub', '--find-links', 'http://pypi.pub.build.mozilla.org/pub', '--trusted-host', 'pypi.pub.build.mozilla.org', '--trusted-host', 'pypi.pvt.build.mozilla.org', 'pip>=1.5'] in /builds/slave/test/build
16:59:37     INFO - Copy/paste: /builds/slave/test/build/venv/bin/pip install --timeout 120 --no-index --find-links http://pypi.pvt.build.mozilla.org/pub --find-links http://pypi.pub.build.mozilla.org/pub --trusted-host pypi.pub.build.mozilla.org --trusted-host pypi.pvt.build.mozilla.org pip>=1.5
16:59:37     INFO - Using env: {'Apple_PubSub_Socket_Render': '/private/tmp/com.apple.launchd.amOruGVP0x/Render',
16:59:37     INFO -  'GIT_SHARE_BASE_DIR': '/builds/git-shared',
16:59:37     INFO -  'HG_SHARE_BASE_DIR': '/builds/hg-shared',
16:59:37     INFO -  'HOME': '/Users/cltbld',
16:59:37     INFO -  'IDLEIZER_DISABLE_SHUTDOWN': 'true',
16:59:37     INFO -  'LOGNAME': 'cltbld',
16:59:37     INFO -  'MOZ_HIDE_RESULTS_TABLE': '1',
16:59:37     INFO -  'MOZ_NODE_PATH': '/usr/local/bin/node',
16:59:37     INFO -  'MOZ_NO_REMOTE': '1',
16:59:37     INFO -  'NO_EM_RESTART': '1',
16:59:37     INFO -  'NO_FAIL_ON_TEST_ERRORS': '1',
16:59:37     INFO -  'PATH': '/usr/local/sbin:/usr/local/bin:/usr/sbin:/usr/bin:/sbin:/bin:/usr/bin/X11',
16:59:37     INFO -  'PROPERTIES_FILE': '/builds/slave/test/buildprops.json',
16:59:37     INFO -  'PWD': '/builds/slave/test',
16:59:37     INFO -  'RUNNER_CONFIG_CMD': '/opt/runner/bin/python2.7 /opt/runner/bin/runner -c /opt/runner/runner.cfg',
16:59:37     INFO -  'SHELL': '/bin/bash',
16:59:37     INFO -  'SSH_AUTH_SOCK': '/private/tmp/com.apple.launchd.DnGt0NYrV5/Listeners',
16:59:37     INFO -  'TMPDIR': '/var/folders/n9/5yc0k79j0m3fqspp_mk8fy4w00000w/T/',
16:59:37     INFO -  'TWISTD_LOG_PATH': '/builds/slave/twistd.log',
16:59:37     INFO -  'USER': 'cltbld',
16:59:37     INFO -  'VERSIONER_PYTHON_PREFER_32_BIT': 'no',
16:59:37     INFO -  'VERSIONER_PYTHON_VERSION': '2.7',
16:59:37     INFO -  'XPCOM_DEBUG_BREAK': 'warn',
16:59:37     INFO -  'XPC_FLAGS': '0x0',
16:59:37     INFO -  'XPC_SERVICE_NAME': '0',
16:59:37     INFO -  '__CF_USER_TEXT_ENCODING': '0x1C:0:0'}
16:59:37     INFO -  Ignoring indexes: https://pypi.python.org/simple
16:59:37     INFO -  Requirement already satisfied (use --upgrade to upgrade): pip>=1.5 in ./venv/lib/python2.7/site-packages
16:59:38     INFO - Return code: 0
16:59:38     INFO - Installing psutil==3.1.1 into virtualenv /builds/slave/test/build/venv
16:59:38     INFO - retry: Calling run_command with args: [['/builds/slave/test/build/venv/bin/pip', 'install', '--timeout', '120', '--no-index', '--find-links', 'http://pypi.pvt.build.mozilla.org/pub', '--find-links', 'http://pypi.pub.build.mozilla.org/pub', '--trusted-host', 'pypi.pub.build.mozilla.org', '--trusted-host', 'pypi.pvt.build.mozilla.org', 'psutil==3.1.1']], kwargs: {'error_level': 'warning', 'error_list': [{'substr': 'not found or a compiler error:', 'level': 'warning'}, {'regex': <_sre.SRE_Pattern object at 0x109560170>, 'level': 'error'}, {'regex': <_sre.SRE_Pattern object at 0x109602960>, 'level': 'warning'}, {'regex': <_sre.SRE_Pattern object at 0x7fe80ad3e6f0>, 'level': 'debug'}, {'substr': 'command not found', 'level': 'error'}, {'regex': <_sre.SRE_Pattern object at 0x1094f31d0>, 'level': 'warning'}, {'substr': 'Traceback (most recent call last)', 'level': 'error'}, {'substr': 'SyntaxError: ', 'level': 'error'}, {'substr': 'TypeError: ', 'level': 'error'}, {'substr': 'NameError: ', 'level': 'error'}, {'substr': 'ZeroDivisionError: ', 'level': 'error'}, {'regex': <_sre.SRE_Pattern object at 0x1094ce108>, 'level': 'critical'}, {'regex': <_sre.SRE_Pattern object at 0x1094e8030>, 'level': 'critical'}], 'cwd': '/builds/slave/test/build', 'env': {'VERSIONER_PYTHON_PREFER_32_BIT': 'no', 'LOGNAME': 'cltbld', 'USER': 'cltbld', 'XPC_SERVICE_NAME': '0', 'PATH': '/usr/local/sbin:/usr/local/bin:/usr/sbin:/usr/bin:/sbin:/bin:/usr/bin/X11', 'HOME': '/Users/cltbld', 'NO_EM_RESTART': '1', 'IDLEIZER_DISABLE_SHUTDOWN': 'true', 'XPCOM_DEBUG_BREAK': 'warn', 'Apple_PubSub_Socket_Render': '/private/tmp/com.apple.launchd.amOruGVP0x/Render', 'MOZ_NODE_PATH': '/usr/local/bin/node', 'TWISTD_LOG_PATH': '/builds/slave/twistd.log', 'GIT_SHARE_BASE_DIR': '/builds/git-shared', 'VERSIONER_PYTHON_VERSION': '2.7', 'XPC_FLAGS': '0x0', 'NO_FAIL_ON_TEST_ERRORS': '1', 'HG_SHARE_BASE_DIR': '/builds/hg-shared', 'RUNNER_CONFIG_CMD': '/opt/runner/bin/python2.7 /opt/runner/bin/runner -c /opt/runner/runner.cfg', 'MOZ_NO_REMOTE': '1', 'MOZ_HIDE_RESULTS_TABLE': '1', 'SSH_AUTH_SOCK': '/private/tmp/com.apple.launchd.DnGt0NYrV5/Listeners', 'SHELL': '/bin/bash', 'TMPDIR': '/var/folders/n9/5yc0k79j0m3fqspp_mk8fy4w00000w/T/', '__CF_USER_TEXT_ENCODING': '0x1C:0:0', 'PWD': '/builds/slave/test', 'PROPERTIES_FILE': '/builds/slave/test/buildprops.json'}}, attempt #1
16:59:38     INFO - Running command: ['/builds/slave/test/build/venv/bin/pip', 'install', '--timeout', '120', '--no-index', '--find-links', 'http://pypi.pvt.build.mozilla.org/pub', '--find-links', 'http://pypi.pub.build.mozilla.org/pub', '--trusted-host', 'pypi.pub.build.mozilla.org', '--trusted-host', 'pypi.pvt.build.mozilla.org', 'psutil==3.1.1'] in /builds/slave/test/build
16:59:38     INFO - Copy/paste: /builds/slave/test/build/venv/bin/pip install --timeout 120 --no-index --find-links http://pypi.pvt.build.mozilla.org/pub --find-links http://pypi.pub.build.mozilla.org/pub --trusted-host pypi.pub.build.mozilla.org --trusted-host pypi.pvt.build.mozilla.org psutil==3.1.1
16:59:38     INFO - Using env: {'Apple_PubSub_Socket_Render': '/private/tmp/com.apple.launchd.amOruGVP0x/Render',
16:59:38     INFO -  'GIT_SHARE_BASE_DIR': '/builds/git-shared',
16:59:38     INFO -  'HG_SHARE_BASE_DIR': '/builds/hg-shared',
16:59:38     INFO -  'HOME': '/Users/cltbld',
16:59:38     INFO -  'IDLEIZER_DISABLE_SHUTDOWN': 'true',
16:59:38     INFO -  'LOGNAME': 'cltbld',
16:59:38     INFO -  'MOZ_HIDE_RESULTS_TABLE': '1',
16:59:38     INFO -  'MOZ_NODE_PATH': '/usr/local/bin/node',
16:59:38     INFO -  'MOZ_NO_REMOTE': '1',
16:59:38     INFO -  'NO_EM_RESTART': '1',
16:59:38     INFO -  'NO_FAIL_ON_TEST_ERRORS': '1',
16:59:38     INFO -  'PATH': '/usr/local/sbin:/usr/local/bin:/usr/sbin:/usr/bin:/sbin:/bin:/usr/bin/X11',
16:59:38     INFO -  'PROPERTIES_FILE': '/builds/slave/test/buildprops.json',
16:59:38     INFO -  'PWD': '/builds/slave/test',
16:59:38     INFO -  'RUNNER_CONFIG_CMD': '/opt/runner/bin/python2.7 /opt/runner/bin/runner -c /opt/runner/runner.cfg',
16:59:38     INFO -  'SHELL': '/bin/bash',
16:59:38     INFO -  'SSH_AUTH_SOCK': '/private/tmp/com.apple.launchd.DnGt0NYrV5/Listeners',
16:59:38     INFO -  'TMPDIR': '/var/folders/n9/5yc0k79j0m3fqspp_mk8fy4w00000w/T/',
16:59:38     INFO -  'TWISTD_LOG_PATH': '/builds/slave/twistd.log',
16:59:38     INFO -  'USER': 'cltbld',
16:59:38     INFO -  'VERSIONER_PYTHON_PREFER_32_BIT': 'no',
16:59:38     INFO -  'VERSIONER_PYTHON_VERSION': '2.7',
16:59:38     INFO -  'XPCOM_DEBUG_BREAK': 'warn',
16:59:38     INFO -  'XPC_FLAGS': '0x0',
16:59:38     INFO -  'XPC_SERVICE_NAME': '0',
16:59:38     INFO -  '__CF_USER_TEXT_ENCODING': '0x1C:0:0'}
16:59:38     INFO -  Ignoring indexes: https://pypi.python.org/simple
16:59:38     INFO -  Collecting psutil==3.1.1
16:59:38     INFO -  /builds/slave/test/build/venv/lib/python2.7/site-packages/pip/_vendor/requests/packages/urllib3/util/ssl_.py:318: SNIMissingWarning: An HTTPS request has been made, but the SNI (Subject Name Indication) extension to TLS is not available on this platform. This may cause the server to present an incorrect TLS certificate, which can cause validation failures. You can upgrade to a newer version of Python to solve this. For more information, see https://urllib3.readthedocs.org/en/latest/security.html#snimissingwarning.
16:59:38     INFO -    SNIMissingWarning
16:59:38     INFO -  /builds/slave/test/build/venv/lib/python2.7/site-packages/pip/_vendor/requests/packages/urllib3/util/ssl_.py:122: InsecurePlatformWarning: A true SSLContext object is not available. This prevents urllib3 from configuring SSL appropriately and may cause certain SSL connections to fail. You can upgrade to a newer version of Python to solve this. For more information, see https://urllib3.readthedocs.org/en/latest/security.html#insecureplatformwarning.
16:59:38     INFO -    InsecurePlatformWarning
16:59:39     INFO -  /builds/slave/test/build/venv/lib/python2.7/site-packages/pip/_vendor/requests/packages/urllib3/util/ssl_.py:122: InsecurePlatformWarning: A true SSLContext object is not available. This prevents urllib3 from configuring SSL appropriately and may cause certain SSL connections to fail. You can upgrade to a newer version of Python to solve this. For more information, see https://urllib3.readthedocs.org/en/latest/security.html#insecureplatformwarning.
16:59:39     INFO -    InsecurePlatformWarning
16:59:41     INFO -  Installing collected packages: psutil
16:59:41     INFO -    Found existing installation: psutil 5.4.3
16:59:41     INFO -      Uninstalling psutil-5.4.3:
16:59:41     INFO -        Successfully uninstalled psutil-5.4.3
16:59:41     INFO -  Successfully installed psutil-3.1.1
16:59:41     INFO - Return code: 0
16:59:41     INFO - Installing mock into virtualenv /builds/slave/test/build/venv
16:59:41     INFO - retry: Calling run_command with args: [['/builds/slave/test/build/venv/bin/pip', 'install', '--timeout', '120', '--no-index', '--find-links', 'http://pypi.pvt.build.mozilla.org/pub', '--find-links', 'http://pypi.pub.build.mozilla.org/pub', '--trusted-host', 'pypi.pub.build.mozilla.org', '--trusted-host', 'pypi.pvt.build.mozilla.org', 'mock']], kwargs: {'error_level': 'warning', 'error_list': [{'substr': 'not found or a compiler error:', 'level': 'warning'}, {'regex': <_sre.SRE_Pattern object at 0x109560170>, 'level': 'error'}, {'regex': <_sre.SRE_Pattern object at 0x109602960>, 'level': 'warning'}, {'regex': <_sre.SRE_Pattern object at 0x7fe80ad3e6f0>, 'level': 'debug'}, {'substr': 'command not found', 'level': 'error'}, {'regex': <_sre.SRE_Pattern object at 0x1094f31d0>, 'level': 'warning'}, {'substr': 'Traceback (most recent call last)', 'level': 'error'}, {'substr': 'SyntaxError: ', 'level': 'error'}, {'substr': 'TypeError: ', 'level': 'error'}, {'substr': 'NameError: ', 'level': 'error'}, {'substr': 'ZeroDivisionError: ', 'level': 'error'}, {'regex': <_sre.SRE_Pattern object at 0x1094ce108>, 'level': 'critical'}, {'regex': <_sre.SRE_Pattern object at 0x1094e8030>, 'level': 'critical'}], 'cwd': '/builds/slave/test/build', 'env': {'VERSIONER_PYTHON_PREFER_32_BIT': 'no', 'LOGNAME': 'cltbld', 'USER': 'cltbld', 'XPC_SERVICE_NAME': '0', 'PATH': '/usr/local/sbin:/usr/local/bin:/usr/sbin:/usr/bin:/sbin:/bin:/usr/bin/X11', 'HOME': '/Users/cltbld', 'NO_EM_RESTART': '1', 'IDLEIZER_DISABLE_SHUTDOWN': 'true', 'XPCOM_DEBUG_BREAK': 'warn', 'Apple_PubSub_Socket_Render': '/private/tmp/com.apple.launchd.amOruGVP0x/Render', 'MOZ_NODE_PATH': '/usr/local/bin/node', 'TWISTD_LOG_PATH': '/builds/slave/twistd.log', 'GIT_SHARE_BASE_DIR': '/builds/git-shared', 'VERSIONER_PYTHON_VERSION': '2.7', 'XPC_FLAGS': '0x0', 'NO_FAIL_ON_TEST_ERRORS': '1', 'HG_SHARE_BASE_DIR': '/builds/hg-shared', 'RUNNER_CONFIG_CMD': '/opt/runner/bin/python2.7 /opt/runner/bin/runner -c /opt/runner/runner.cfg', 'MOZ_NO_REMOTE': '1', 'MOZ_HIDE_RESULTS_TABLE': '1', 'SSH_AUTH_SOCK': '/private/tmp/com.apple.launchd.DnGt0NYrV5/Listeners', 'SHELL': '/bin/bash', 'TMPDIR': '/var/folders/n9/5yc0k79j0m3fqspp_mk8fy4w00000w/T/', '__CF_USER_TEXT_ENCODING': '0x1C:0:0', 'PWD': '/builds/slave/test', 'PROPERTIES_FILE': '/builds/slave/test/buildprops.json'}}, attempt #1
16:59:41     INFO - Running command: ['/builds/slave/test/build/venv/bin/pip', 'install', '--timeout', '120', '--no-index', '--find-links', 'http://pypi.pvt.build.mozilla.org/pub', '--find-links', 'http://pypi.pub.build.mozilla.org/pub', '--trusted-host', 'pypi.pub.build.mozilla.org', '--trusted-host', 'pypi.pvt.build.mozilla.org', 'mock'] in /builds/slave/test/build
16:59:41     INFO - Copy/paste: /builds/slave/test/build/venv/bin/pip install --timeout 120 --no-index --find-links http://pypi.pvt.build.mozilla.org/pub --find-links http://pypi.pub.build.mozilla.org/pub --trusted-host pypi.pub.build.mozilla.org --trusted-host pypi.pvt.build.mozilla.org mock
16:59:41     INFO - Using env: {'Apple_PubSub_Socket_Render': '/private/tmp/com.apple.launchd.amOruGVP0x/Render',
16:59:41     INFO -  'GIT_SHARE_BASE_DIR': '/builds/git-shared',
16:59:41     INFO -  'HG_SHARE_BASE_DIR': '/builds/hg-shared',
16:59:41     INFO -  'HOME': '/Users/cltbld',
16:59:41     INFO -  'IDLEIZER_DISABLE_SHUTDOWN': 'true',
16:59:41     INFO -  'LOGNAME': 'cltbld',
16:59:41     INFO -  'MOZ_HIDE_RESULTS_TABLE': '1',
16:59:41     INFO -  'MOZ_NODE_PATH': '/usr/local/bin/node',
16:59:41     INFO -  'MOZ_NO_REMOTE': '1',
16:59:41     INFO -  'NO_EM_RESTART': '1',
16:59:41     INFO -  'NO_FAIL_ON_TEST_ERRORS': '1',
16:59:41     INFO -  'PATH': '/usr/local/sbin:/usr/local/bin:/usr/sbin:/usr/bin:/sbin:/bin:/usr/bin/X11',
16:59:41     INFO -  'PROPERTIES_FILE': '/builds/slave/test/buildprops.json',
16:59:41     INFO -  'PWD': '/builds/slave/test',
16:59:41     INFO -  'RUNNER_CONFIG_CMD': '/opt/runner/bin/python2.7 /opt/runner/bin/runner -c /opt/runner/runner.cfg',
16:59:41     INFO -  'SHELL': '/bin/bash',
16:59:41     INFO -  'SSH_AUTH_SOCK': '/private/tmp/com.apple.launchd.DnGt0NYrV5/Listeners',
16:59:41     INFO -  'TMPDIR': '/var/folders/n9/5yc0k79j0m3fqspp_mk8fy4w00000w/T/',
16:59:41     INFO -  'TWISTD_LOG_PATH': '/builds/slave/twistd.log',
16:59:41     INFO -  'USER': 'cltbld',
16:59:41     INFO -  'VERSIONER_PYTHON_PREFER_32_BIT': 'no',
16:59:41     INFO -  'VERSIONER_PYTHON_VERSION': '2.7',
16:59:41     INFO -  'XPCOM_DEBUG_BREAK': 'warn',
16:59:41     INFO -  'XPC_FLAGS': '0x0',
16:59:41     INFO -  'XPC_SERVICE_NAME': '0',
16:59:41     INFO -  '__CF_USER_TEXT_ENCODING': '0x1C:0:0'}
16:59:41     INFO -  Ignoring indexes: https://pypi.python.org/simple
16:59:41     INFO -  Collecting mock
16:59:41     INFO -  /builds/slave/test/build/venv/lib/python2.7/site-packages/pip/_vendor/requests/packages/urllib3/util/ssl_.py:318: SNIMissingWarning: An HTTPS request has been made, but the SNI (Subject Name Indication) extension to TLS is not available on this platform. This may cause the server to present an incorrect TLS certificate, which can cause validation failures. You can upgrade to a newer version of Python to solve this. For more information, see https://urllib3.readthedocs.org/en/latest/security.html#snimissingwarning.
16:59:41     INFO -    SNIMissingWarning
16:59:41     INFO -  /builds/slave/test/build/venv/lib/python2.7/site-packages/pip/_vendor/requests/packages/urllib3/util/ssl_.py:122: InsecurePlatformWarning: A true SSLContext object is not available. This prevents urllib3 from configuring SSL appropriately and may cause certain SSL connections to fail. You can upgrade to a newer version of Python to solve this. For more information, see https://urllib3.readthedocs.org/en/latest/security.html#insecureplatformwarning.
16:59:41     INFO -    InsecurePlatformWarning
16:59:42     INFO -  /builds/slave/test/build/venv/lib/python2.7/site-packages/pip/_vendor/requests/packages/urllib3/util/ssl_.py:122: InsecurePlatformWarning: A true SSLContext object is not available. This prevents urllib3 from configuring SSL appropriately and may cause certain SSL connections to fail. You can upgrade to a newer version of Python to solve this. For more information, see https://urllib3.readthedocs.org/en/latest/security.html#insecureplatformwarning.
16:59:42     INFO -    InsecurePlatformWarning
16:59:44     INFO -  Installing collected packages: mock
16:59:44     INFO -  Successfully installed mock-1.0.1
16:59:44     INFO - Return code: 0
16:59:44     INFO - Installing simplejson into virtualenv /builds/slave/test/build/venv
16:59:44     INFO - retry: Calling run_command with args: [['/builds/slave/test/build/venv/bin/pip', 'install', '--timeout', '120', '--no-index', '--find-links', 'http://pypi.pvt.build.mozilla.org/pub', '--find-links', 'http://pypi.pub.build.mozilla.org/pub', '--trusted-host', 'pypi.pub.build.mozilla.org', '--trusted-host', 'pypi.pvt.build.mozilla.org', 'simplejson']], kwargs: {'error_level': 'warning', 'error_list': [{'substr': 'not found or a compiler error:', 'level': 'warning'}, {'regex': <_sre.SRE_Pattern object at 0x109560170>, 'level': 'error'}, {'regex': <_sre.SRE_Pattern object at 0x109602960>, 'level': 'warning'}, {'regex': <_sre.SRE_Pattern object at 0x7fe80ad3e6f0>, 'level': 'debug'}, {'substr': 'command not found', 'level': 'error'}, {'regex': <_sre.SRE_Pattern object at 0x1094f31d0>, 'level': 'warning'}, {'substr': 'Traceback (most recent call last)', 'level': 'error'}, {'substr': 'SyntaxError: ', 'level': 'error'}, {'substr': 'TypeError: ', 'level': 'error'}, {'substr': 'NameError: ', 'level': 'error'}, {'substr': 'ZeroDivisionError: ', 'level': 'error'}, {'regex': <_sre.SRE_Pattern object at 0x1094ce108>, 'level': 'critical'}, {'regex': <_sre.SRE_Pattern object at 0x1094e8030>, 'level': 'critical'}], 'cwd': '/builds/slave/test/build', 'env': {'VERSIONER_PYTHON_PREFER_32_BIT': 'no', 'LOGNAME': 'cltbld', 'USER': 'cltbld', 'XPC_SERVICE_NAME': '0', 'PATH': '/usr/local/sbin:/usr/local/bin:/usr/sbin:/usr/bin:/sbin:/bin:/usr/bin/X11', 'HOME': '/Users/cltbld', 'NO_EM_RESTART': '1', 'IDLEIZER_DISABLE_SHUTDOWN': 'true', 'XPCOM_DEBUG_BREAK': 'warn', 'Apple_PubSub_Socket_Render': '/private/tmp/com.apple.launchd.amOruGVP0x/Render', 'MOZ_NODE_PATH': '/usr/local/bin/node', 'TWISTD_LOG_PATH': '/builds/slave/twistd.log', 'GIT_SHARE_BASE_DIR': '/builds/git-shared', 'VERSIONER_PYTHON_VERSION': '2.7', 'XPC_FLAGS': '0x0', 'NO_FAIL_ON_TEST_ERRORS': '1', 'HG_SHARE_BASE_DIR': '/builds/hg-shared', 'RUNNER_CONFIG_CMD': '/opt/runner/bin/python2.7 /opt/runner/bin/runner -c /opt/runner/runner.cfg', 'MOZ_NO_REMOTE': '1', 'MOZ_HIDE_RESULTS_TABLE': '1', 'SSH_AUTH_SOCK': '/private/tmp/com.apple.launchd.DnGt0NYrV5/Listeners', 'SHELL': '/bin/bash', 'TMPDIR': '/var/folders/n9/5yc0k79j0m3fqspp_mk8fy4w00000w/T/', '__CF_USER_TEXT_ENCODING': '0x1C:0:0', 'PWD': '/builds/slave/test', 'PROPERTIES_FILE': '/builds/slave/test/buildprops.json'}}, attempt #1
16:59:44     INFO - Running command: ['/builds/slave/test/build/venv/bin/pip', 'install', '--timeout', '120', '--no-index', '--find-links', 'http://pypi.pvt.build.mozilla.org/pub', '--find-links', 'http://pypi.pub.build.mozilla.org/pub', '--trusted-host', 'pypi.pub.build.mozilla.org', '--trusted-host', 'pypi.pvt.build.mozilla.org', 'simplejson'] in /builds/slave/test/build
16:59:44     INFO - Copy/paste: /builds/slave/test/build/venv/bin/pip install --timeout 120 --no-index --find-links http://pypi.pvt.build.mozilla.org/pub --find-links http://pypi.pub.build.mozilla.org/pub --trusted-host pypi.pub.build.mozilla.org --trusted-host pypi.pvt.build.mozilla.org simplejson
16:59:44     INFO - Using env: {'Apple_PubSub_Socket_Render': '/private/tmp/com.apple.launchd.amOruGVP0x/Render',
16:59:44     INFO -  'GIT_SHARE_BASE_DIR': '/builds/git-shared',
16:59:44     INFO -  'HG_SHARE_BASE_DIR': '/builds/hg-shared',
16:59:44     INFO -  'HOME': '/Users/cltbld',
16:59:44     INFO -  'IDLEIZER_DISABLE_SHUTDOWN': 'true',
16:59:44     INFO -  'LOGNAME': 'cltbld',
16:59:44     INFO -  'MOZ_HIDE_RESULTS_TABLE': '1',
16:59:44     INFO -  'MOZ_NODE_PATH': '/usr/local/bin/node',
16:59:44     INFO -  'MOZ_NO_REMOTE': '1',
16:59:44     INFO -  'NO_EM_RESTART': '1',
16:59:44     INFO -  'NO_FAIL_ON_TEST_ERRORS': '1',
16:59:44     INFO -  'PATH': '/usr/local/sbin:/usr/local/bin:/usr/sbin:/usr/bin:/sbin:/bin:/usr/bin/X11',
16:59:44     INFO -  'PROPERTIES_FILE': '/builds/slave/test/buildprops.json',
16:59:44     INFO -  'PWD': '/builds/slave/test',
16:59:44     INFO -  'RUNNER_CONFIG_CMD': '/opt/runner/bin/python2.7 /opt/runner/bin/runner -c /opt/runner/runner.cfg',
16:59:44     INFO -  'SHELL': '/bin/bash',
16:59:44     INFO -  'SSH_AUTH_SOCK': '/private/tmp/com.apple.launchd.DnGt0NYrV5/Listeners',
16:59:44     INFO -  'TMPDIR': '/var/folders/n9/5yc0k79j0m3fqspp_mk8fy4w00000w/T/',
16:59:44     INFO -  'TWISTD_LOG_PATH': '/builds/slave/twistd.log',
16:59:44     INFO -  'USER': 'cltbld',
16:59:44     INFO -  'VERSIONER_PYTHON_PREFER_32_BIT': 'no',
16:59:44     INFO -  'VERSIONER_PYTHON_VERSION': '2.7',
16:59:44     INFO -  'XPCOM_DEBUG_BREAK': 'warn',
16:59:44     INFO -  'XPC_FLAGS': '0x0',
16:59:44     INFO -  'XPC_SERVICE_NAME': '0',
16:59:44     INFO -  '__CF_USER_TEXT_ENCODING': '0x1C:0:0'}
16:59:44     INFO -  Ignoring indexes: https://pypi.python.org/simple
16:59:44     INFO -  Collecting simplejson
16:59:44     INFO -  /builds/slave/test/build/venv/lib/python2.7/site-packages/pip/_vendor/requests/packages/urllib3/util/ssl_.py:318: SNIMissingWarning: An HTTPS request has been made, but the SNI (Subject Name Indication) extension to TLS is not available on this platform. This may cause the server to present an incorrect TLS certificate, which can cause validation failures. You can upgrade to a newer version of Python to solve this. For more information, see https://urllib3.readthedocs.org/en/latest/security.html#snimissingwarning.
16:59:44     INFO -    SNIMissingWarning
16:59:44     INFO -  /builds/slave/test/build/venv/lib/python2.7/site-packages/pip/_vendor/requests/packages/urllib3/util/ssl_.py:122: InsecurePlatformWarning: A true SSLContext object is not available. This prevents urllib3 from configuring SSL appropriately and may cause certain SSL connections to fail. You can upgrade to a newer version of Python to solve this. For more information, see https://urllib3.readthedocs.org/en/latest/security.html#insecureplatformwarning.
16:59:44     INFO -    InsecurePlatformWarning
16:59:45     INFO -  /builds/slave/test/build/venv/lib/python2.7/site-packages/pip/_vendor/requests/packages/urllib3/util/ssl_.py:122: InsecurePlatformWarning: A true SSLContext object is not available. This prevents urllib3 from configuring SSL appropriately and may cause certain SSL connections to fail. You can upgrade to a newer version of Python to solve this. For more information, see https://urllib3.readthedocs.org/en/latest/security.html#insecureplatformwarning.
16:59:45     INFO -    InsecurePlatformWarning
16:59:47     INFO -  Installing collected packages: simplejson
16:59:47     INFO -  Successfully installed simplejson-3.3.0
16:59:47     INFO - Return code: 0
16:59:47     INFO - Installing None into virtualenv /builds/slave/test/build/venv
16:59:47     INFO - retry: Calling run_command with args: [['/builds/slave/test/build/venv/bin/pip', 'install', '--no-deps', '--timeout', '120', '-r', '/builds/slave/test/build/tests/config/marionette_requirements.txt', '--no-index', '--find-links', 'http://pypi.pvt.build.mozilla.org/pub', '--find-links', 'http://pypi.pub.build.mozilla.org/pub', '--trusted-host', 'pypi.pub.build.mozilla.org', '--trusted-host', 'pypi.pvt.build.mozilla.org']], kwargs: {'error_level': 'warning', 'error_list': [{'substr': 'not found or a compiler error:', 'level': 'warning'}, {'regex': <_sre.SRE_Pattern object at 0x109560170>, 'level': 'error'}, {'regex': <_sre.SRE_Pattern object at 0x109602960>, 'level': 'warning'}, {'regex': <_sre.SRE_Pattern object at 0x7fe80ad3e6f0>, 'level': 'debug'}, {'substr': 'command not found', 'level': 'error'}, {'regex': <_sre.SRE_Pattern object at 0x1094f31d0>, 'level': 'warning'}, {'substr': 'Traceback (most recent call last)', 'level': 'error'}, {'substr': 'SyntaxError: ', 'level': 'error'}, {'substr': 'TypeError: ', 'level': 'error'}, {'substr': 'NameError: ', 'level': 'error'}, {'substr': 'ZeroDivisionError: ', 'level': 'error'}, {'regex': <_sre.SRE_Pattern object at 0x1094ce108>, 'level': 'critical'}, {'regex': <_sre.SRE_Pattern object at 0x1094e8030>, 'level': 'critical'}], 'cwd': '/builds/slave/test/build/tests/config', 'env': {'VERSIONER_PYTHON_PREFER_32_BIT': 'no', 'LOGNAME': 'cltbld', 'USER': 'cltbld', 'XPC_SERVICE_NAME': '0', 'PATH': '/usr/local/sbin:/usr/local/bin:/usr/sbin:/usr/bin:/sbin:/bin:/usr/bin/X11', 'HOME': '/Users/cltbld', 'NO_EM_RESTART': '1', 'IDLEIZER_DISABLE_SHUTDOWN': 'true', 'XPCOM_DEBUG_BREAK': 'warn', 'Apple_PubSub_Socket_Render': '/private/tmp/com.apple.launchd.amOruGVP0x/Render', 'MOZ_NODE_PATH': '/usr/local/bin/node', 'TWISTD_LOG_PATH': '/builds/slave/twistd.log', 'GIT_SHARE_BASE_DIR': '/builds/git-shared', 'VERSIONER_PYTHON_VERSION': '2.7', 'XPC_FLAGS': '0x0', 'NO_FAIL_ON_TEST_ERRORS': '1', 'HG_SHARE_BASE_DIR': '/builds/hg-shared', 'RUNNER_CONFIG_CMD': '/opt/runner/bin/python2.7 /opt/runner/bin/runner -c /opt/runner/runner.cfg', 'MOZ_NO_REMOTE': '1', 'MOZ_HIDE_RESULTS_TABLE': '1', 'SSH_AUTH_SOCK': '/private/tmp/com.apple.launchd.DnGt0NYrV5/Listeners', 'SHELL': '/bin/bash', 'TMPDIR': '/var/folders/n9/5yc0k79j0m3fqspp_mk8fy4w00000w/T/', '__CF_USER_TEXT_ENCODING': '0x1C:0:0', 'PWD': '/builds/slave/test', 'PROPERTIES_FILE': '/builds/slave/test/buildprops.json'}}, attempt #1
16:59:47     INFO - Running command: ['/builds/slave/test/build/venv/bin/pip', 'install', '--no-deps', '--timeout', '120', '-r', '/builds/slave/test/build/tests/config/marionette_requirements.txt', '--no-index', '--find-links', 'http://pypi.pvt.build.mozilla.org/pub', '--find-links', 'http://pypi.pub.build.mozilla.org/pub', '--trusted-host', 'pypi.pub.build.mozilla.org', '--trusted-host', 'pypi.pvt.build.mozilla.org'] in /builds/slave/test/build/tests/config
16:59:47     INFO - Copy/paste: /builds/slave/test/build/venv/bin/pip install --no-deps --timeout 120 -r /builds/slave/test/build/tests/config/marionette_requirements.txt --no-index --find-links http://pypi.pvt.build.mozilla.org/pub --find-links http://pypi.pub.build.mozilla.org/pub --trusted-host pypi.pub.build.mozilla.org --trusted-host pypi.pvt.build.mozilla.org
16:59:47     INFO - Using env: {'Apple_PubSub_Socket_Render': '/private/tmp/com.apple.launchd.amOruGVP0x/Render',
16:59:47     INFO -  'GIT_SHARE_BASE_DIR': '/builds/git-shared',
16:59:47     INFO -  'HG_SHARE_BASE_DIR': '/builds/hg-shared',
16:59:47     INFO -  'HOME': '/Users/cltbld',
16:59:47     INFO -  'IDLEIZER_DISABLE_SHUTDOWN': 'true',
16:59:47     INFO -  'LOGNAME': 'cltbld',
16:59:47     INFO -  'MOZ_HIDE_RESULTS_TABLE': '1',
16:59:47     INFO -  'MOZ_NODE_PATH': '/usr/local/bin/node',
16:59:47     INFO -  'MOZ_NO_REMOTE': '1',
16:59:47     INFO -  'NO_EM_RESTART': '1',
16:59:47     INFO -  'NO_FAIL_ON_TEST_ERRORS': '1',
16:59:47     INFO -  'PATH': '/usr/local/sbin:/usr/local/bin:/usr/sbin:/usr/bin:/sbin:/bin:/usr/bin/X11',
16:59:47     INFO -  'PROPERTIES_FILE': '/builds/slave/test/buildprops.json',
16:59:47     INFO -  'PWD': '/builds/slave/test',
16:59:47     INFO -  'RUNNER_CONFIG_CMD': '/opt/runner/bin/python2.7 /opt/runner/bin/runner -c /opt/runner/runner.cfg',
16:59:47     INFO -  'SHELL': '/bin/bash',
16:59:47     INFO -  'SSH_AUTH_SOCK': '/private/tmp/com.apple.launchd.DnGt0NYrV5/Listeners',
16:59:47     INFO -  'TMPDIR': '/var/folders/n9/5yc0k79j0m3fqspp_mk8fy4w00000w/T/',
16:59:47     INFO -  'TWISTD_LOG_PATH': '/builds/slave/twistd.log',
16:59:47     INFO -  'USER': 'cltbld',
16:59:47     INFO -  'VERSIONER_PYTHON_PREFER_32_BIT': 'no',
16:59:47     INFO -  'VERSIONER_PYTHON_VERSION': '2.7',
16:59:47     INFO -  'XPCOM_DEBUG_BREAK': 'warn',
16:59:47     INFO -  'XPC_FLAGS': '0x0',
16:59:47     INFO -  'XPC_SERVICE_NAME': '0',
16:59:47     INFO -  '__CF_USER_TEXT_ENCODING': '0x1C:0:0'}
16:59:47     INFO -  Ignoring indexes: https://pypi.python.org/simple
16:59:47     INFO -  Processing /builds/slave/test/build/tests/mozbase/manifestparser
16:59:48     INFO -    Requirement already satisfied (use --upgrade to upgrade): manifestparser==1.1 from file:///builds/slave/test/build/tests/mozbase/manifestparser in /builds/slave/test/build/venv/lib/python2.7/site-packages (from -r /builds/slave/test/build/tests/config/mozbase_requirements.txt (line 1))
16:59:48     INFO -  Processing /builds/slave/test/build/tests/mozbase/mozcrash
16:59:48     INFO -    Requirement already satisfied (use --upgrade to upgrade): mozcrash==1.0 from file:///builds/slave/test/build/tests/mozbase/mozcrash in /builds/slave/test/build/venv/lib/python2.7/site-packages (from -r /builds/slave/test/build/tests/config/mozbase_requirements.txt (line 2))
16:59:48     INFO -  Processing /builds/slave/test/build/tests/mozbase/mozdebug
16:59:48     INFO -    Requirement already satisfied (use --upgrade to upgrade): mozdebug==0.1 from file:///builds/slave/test/build/tests/mozbase/mozdebug in /builds/slave/test/build/venv/lib/python2.7/site-packages (from -r /builds/slave/test/build/tests/config/mozbase_requirements.txt (line 3))
16:59:48     INFO -  Processing /builds/slave/test/build/tests/mozbase/mozdevice
16:59:49     INFO -    Requirement already satisfied (use --upgrade to upgrade): mozdevice==0.48 from file:///builds/slave/test/build/tests/mozbase/mozdevice in /builds/slave/test/build/venv/lib/python2.7/site-packages (from -r /builds/slave/test/build/tests/config/mozbase_requirements.txt (line 4))
16:59:49     INFO -  Processing /builds/slave/test/build/tests/mozbase/mozfile
16:59:49     INFO -    Requirement already satisfied (use --upgrade to upgrade): mozfile==1.2 from file:///builds/slave/test/build/tests/mozbase/mozfile in /builds/slave/test/build/venv/lib/python2.7/site-packages (from -r /builds/slave/test/build/tests/config/mozbase_requirements.txt (line 5))
16:59:49     INFO -  Processing /builds/slave/test/build/tests/mozbase/mozhttpd
16:59:49     INFO -    Requirement already satisfied (use --upgrade to upgrade): mozhttpd==0.7 from file:///builds/slave/test/build/tests/mozbase/mozhttpd in /builds/slave/test/build/venv/lib/python2.7/site-packages (from -r /builds/slave/test/build/tests/config/mozbase_requirements.txt (line 6))
16:59:49     INFO -  Processing /builds/slave/test/build/tests/mozbase/mozinfo
16:59:49     INFO -    Requirement already satisfied (use --upgrade to upgrade): mozinfo==0.9 from file:///builds/slave/test/build/tests/mozbase/mozinfo in /builds/slave/test/build/venv/lib/python2.7/site-packages (from -r /builds/slave/test/build/tests/config/mozbase_requirements.txt (line 7))
16:59:49     INFO -  Processing /builds/slave/test/build/tests/mozbase/mozinstall
16:59:50     INFO -    Requirement already satisfied (use --upgrade to upgrade): mozInstall==1.12 from file:///builds/slave/test/build/tests/mozbase/mozinstall in /builds/slave/test/build/venv/lib/python2.7/site-packages (from -r /builds/slave/test/build/tests/config/mozbase_requirements.txt (line 8))
16:59:50     INFO -  Processing /builds/slave/test/build/tests/mozbase/mozleak
16:59:50     INFO -    Requirement already satisfied (use --upgrade to upgrade): mozleak==0.1 from file:///builds/slave/test/build/tests/mozbase/mozleak in /builds/slave/test/build/venv/lib/python2.7/site-packages (from -r /builds/slave/test/build/tests/config/mozbase_requirements.txt (line 9))
16:59:50     INFO -  Processing /builds/slave/test/build/tests/mozbase/mozlog
16:59:50     INFO -    Requirement already satisfied (use --upgrade to upgrade): mozlog==3.4 from file:///builds/slave/test/build/tests/mozbase/mozlog in /builds/slave/test/build/venv/lib/python2.7/site-packages (from -r /builds/slave/test/build/tests/config/mozbase_requirements.txt (line 10))
16:59:50     INFO -  Processing /builds/slave/test/build/tests/mozbase/moznetwork
16:59:50     INFO -    Requirement already satisfied (use --upgrade to upgrade): moznetwork==0.27 from file:///builds/slave/test/build/tests/mozbase/moznetwork in /builds/slave/test/build/venv/lib/python2.7/site-packages (from -r /builds/slave/test/build/tests/config/mozbase_requirements.txt (line 11))
16:59:50     INFO -  Processing /builds/slave/test/build/tests/mozbase/mozprocess
16:59:51     INFO -    Requirement already satisfied (use --upgrade to upgrade): mozprocess==0.23 from file:///builds/slave/test/build/tests/mozbase/mozprocess in /builds/slave/test/build/venv/lib/python2.7/site-packages (from -r /builds/slave/test/build/tests/config/mozbase_requirements.txt (line 12))
16:59:51     INFO -  Processing /builds/slave/test/build/tests/mozbase/mozprofile
16:59:51     INFO -    Requirement already satisfied (use --upgrade to upgrade): mozprofile==0.28 from file:///builds/slave/test/build/tests/mozbase/mozprofile in /builds/slave/test/build/venv/lib/python2.7/site-packages (from -r /builds/slave/test/build/tests/config/mozbase_requirements.txt (line 13))
16:59:51     INFO -  Processing /builds/slave/test/build/tests/mozbase/mozrunner
16:59:51     INFO -    Requirement already satisfied (use --upgrade to upgrade): mozrunner==6.13 from file:///builds/slave/test/build/tests/mozbase/mozrunner in /builds/slave/test/build/venv/lib/python2.7/site-packages (from -r /builds/slave/test/build/tests/config/mozbase_requirements.txt (line 14))
16:59:51     INFO -  Processing /builds/slave/test/build/tests/mozbase/mozscreenshot
16:59:51     INFO -    Requirement already satisfied (use --upgrade to upgrade): mozscreenshot==0.1 from file:///builds/slave/test/build/tests/mozbase/mozscreenshot in /builds/slave/test/build/venv/lib/python2.7/site-packages (from -r /builds/slave/test/build/tests/config/mozbase_requirements.txt (line 15))
16:59:51     INFO -  Processing /builds/slave/test/build/tests/mozbase/moztest
16:59:52     INFO -    Requirement already satisfied (use --upgrade to upgrade): moztest==0.8 from file:///builds/slave/test/build/tests/mozbase/moztest in /builds/slave/test/build/venv/lib/python2.7/site-packages (from -r /builds/slave/test/build/tests/config/mozbase_requirements.txt (line 16))
16:59:52     INFO -  Processing /builds/slave/test/build/tests/mozbase/mozversion
16:59:52     INFO -    Requirement already satisfied (use --upgrade to upgrade): mozversion==1.4 from file:///builds/slave/test/build/tests/mozbase/mozversion in /builds/slave/test/build/venv/lib/python2.7/site-packages (from -r /builds/slave/test/build/tests/config/mozbase_requirements.txt (line 17))
16:59:52     INFO -  Processing /builds/slave/test/build/tests/tools/wptserve
16:59:52     INFO -  Processing /builds/slave/test/build/tests/marionette/client
16:59:52     INFO -  Processing /builds/slave/test/build/tests/marionette/harness/marionette_harness/runner/mixins/browsermob-proxy-py
16:59:53     INFO -  Processing /builds/slave/test/build/tests/marionette/harness
16:59:53     INFO -  Processing /builds/slave/test/build/tests/marionette/puppeteer/firefox
16:59:53     INFO -  Building wheels for collected packages: browsermob-proxy
16:59:53     INFO -    Running setup.py bdist_wheel for browsermob-proxy: started
16:59:54     INFO -    Running setup.py bdist_wheel for browsermob-proxy: finished with status 'done'
16:59:54     INFO -    Stored in directory: /Users/cltbld/Library/Caches/pip/wheels/10/00/c1/79bb793b6a7eb4dca9dfd244010f550ae5044951bcd23c261e
16:59:54     INFO -  Successfully built browsermob-proxy
16:59:54     INFO -  Installing collected packages: wptserve, marionette-driver, browsermob-proxy, marionette-harness, firefox-puppeteer
16:59:54     INFO -    Running setup.py install for wptserve: started
16:59:54     INFO -      Running setup.py install for wptserve: finished with status 'done'
16:59:54     INFO -    Running setup.py install for marionette-driver: started
16:59:54     INFO -      Running setup.py install for marionette-driver: finished with status 'done'
16:59:54     INFO -    Running setup.py install for marionette-harness: started
16:59:55     INFO -      Running setup.py install for marionette-harness: finished with status 'done'
16:59:55     INFO -    Running setup.py install for firefox-puppeteer: started
16:59:55     INFO -      Running setup.py install for firefox-puppeteer: finished with status 'done'
16:59:55     INFO -  Successfully installed browsermob-proxy-0.6.0 firefox-puppeteer-52.1.0 marionette-driver-2.2.0 marionette-harness-4.0.0 wptserve-1.4.0
16:59:55     INFO - Return code: 0
16:59:55     INFO - Installing None into virtualenv /builds/slave/test/build/venv
16:59:56     INFO - retry: Calling run_command with args: [['/builds/slave/test/build/venv/bin/pip', 'install', '--timeout', '120', '-r', '/builds/slave/test/build/tests/config/marionette_requirements.txt', '--no-index', '--find-links', 'http://pypi.pvt.build.mozilla.org/pub', '--find-links', 'http://pypi.pub.build.mozilla.org/pub', '--trusted-host', 'pypi.pub.build.mozilla.org', '--trusted-host', 'pypi.pvt.build.mozilla.org']], kwargs: {'error_level': 'warning', 'error_list': [{'substr': 'not found or a compiler error:', 'level': 'warning'}, {'regex': <_sre.SRE_Pattern object at 0x109560170>, 'level': 'error'}, {'regex': <_sre.SRE_Pattern object at 0x109602960>, 'level': 'warning'}, {'regex': <_sre.SRE_Pattern object at 0x7fe80ad3e6f0>, 'level': 'debug'}, {'substr': 'command not found', 'level': 'error'}, {'regex': <_sre.SRE_Pattern object at 0x1094f31d0>, 'level': 'warning'}, {'substr': 'Traceback (most recent call last)', 'level': 'error'}, {'substr': 'SyntaxError: ', 'level': 'error'}, {'substr': 'TypeError: ', 'level': 'error'}, {'substr': 'NameError: ', 'level': 'error'}, {'substr': 'ZeroDivisionError: ', 'level': 'error'}, {'regex': <_sre.SRE_Pattern object at 0x1094ce108>, 'level': 'critical'}, {'regex': <_sre.SRE_Pattern object at 0x1094e8030>, 'level': 'critical'}], 'cwd': '/builds/slave/test/build/tests/config', 'env': {'VERSIONER_PYTHON_PREFER_32_BIT': 'no', 'LOGNAME': 'cltbld', 'USER': 'cltbld', 'XPC_SERVICE_NAME': '0', 'PATH': '/usr/local/sbin:/usr/local/bin:/usr/sbin:/usr/bin:/sbin:/bin:/usr/bin/X11', 'HOME': '/Users/cltbld', 'NO_EM_RESTART': '1', 'IDLEIZER_DISABLE_SHUTDOWN': 'true', 'XPCOM_DEBUG_BREAK': 'warn', 'Apple_PubSub_Socket_Render': '/private/tmp/com.apple.launchd.amOruGVP0x/Render', 'MOZ_NODE_PATH': '/usr/local/bin/node', 'TWISTD_LOG_PATH': '/builds/slave/twistd.log', 'GIT_SHARE_BASE_DIR': '/builds/git-shared', 'VERSIONER_PYTHON_VERSION': '2.7', 'XPC_FLAGS': '0x0', 'NO_FAIL_ON_TEST_ERRORS': '1', 'HG_SHARE_BASE_DIR': '/builds/hg-shared', 'RUNNER_CONFIG_CMD': '/opt/runner/bin/python2.7 /opt/runner/bin/runner -c /opt/runner/runner.cfg', 'MOZ_NO_REMOTE': '1', 'MOZ_HIDE_RESULTS_TABLE': '1', 'SSH_AUTH_SOCK': '/private/tmp/com.apple.launchd.DnGt0NYrV5/Listeners', 'SHELL': '/bin/bash', 'TMPDIR': '/var/folders/n9/5yc0k79j0m3fqspp_mk8fy4w00000w/T/', '__CF_USER_TEXT_ENCODING': '0x1C:0:0', 'PWD': '/builds/slave/test', 'PROPERTIES_FILE': '/builds/slave/test/buildprops.json'}}, attempt #1
16:59:56     INFO - Running command: ['/builds/slave/test/build/venv/bin/pip', 'install', '--timeout', '120', '-r', '/builds/slave/test/build/tests/config/marionette_requirements.txt', '--no-index', '--find-links', 'http://pypi.pvt.build.mozilla.org/pub', '--find-links', 'http://pypi.pub.build.mozilla.org/pub', '--trusted-host', 'pypi.pub.build.mozilla.org', '--trusted-host', 'pypi.pvt.build.mozilla.org'] in /builds/slave/test/build/tests/config
16:59:56     INFO - Copy/paste: /builds/slave/test/build/venv/bin/pip install --timeout 120 -r /builds/slave/test/build/tests/config/marionette_requirements.txt --no-index --find-links http://pypi.pvt.build.mozilla.org/pub --find-links http://pypi.pub.build.mozilla.org/pub --trusted-host pypi.pub.build.mozilla.org --trusted-host pypi.pvt.build.mozilla.org
16:59:56     INFO - Using env: {'Apple_PubSub_Socket_Render': '/private/tmp/com.apple.launchd.amOruGVP0x/Render',
16:59:56     INFO -  'GIT_SHARE_BASE_DIR': '/builds/git-shared',
16:59:56     INFO -  'HG_SHARE_BASE_DIR': '/builds/hg-shared',
16:59:56     INFO -  'HOME': '/Users/cltbld',
16:59:56     INFO -  'IDLEIZER_DISABLE_SHUTDOWN': 'true',
16:59:56     INFO -  'LOGNAME': 'cltbld',
16:59:56     INFO -  'MOZ_HIDE_RESULTS_TABLE': '1',
16:59:56     INFO -  'MOZ_NODE_PATH': '/usr/local/bin/node',
16:59:56     INFO -  'MOZ_NO_REMOTE': '1',
16:59:56     INFO -  'NO_EM_RESTART': '1',
16:59:56     INFO -  'NO_FAIL_ON_TEST_ERRORS': '1',
16:59:56     INFO -  'PATH': '/usr/local/sbin:/usr/local/bin:/usr/sbin:/usr/bin:/sbin:/bin:/usr/bin/X11',
16:59:56     INFO -  'PROPERTIES_FILE': '/builds/slave/test/buildprops.json',
16:59:56     INFO -  'PWD': '/builds/slave/test',
16:59:56     INFO -  'RUNNER_CONFIG_CMD': '/opt/runner/bin/python2.7 /opt/runner/bin/runner -c /opt/runner/runner.cfg',
16:59:56     INFO -  'SHELL': '/bin/bash',
16:59:56     INFO -  'SSH_AUTH_SOCK': '/private/tmp/com.apple.launchd.DnGt0NYrV5/Listeners',
16:59:56     INFO -  'TMPDIR': '/var/folders/n9/5yc0k79j0m3fqspp_mk8fy4w00000w/T/',
16:59:56     INFO -  'TWISTD_LOG_PATH': '/builds/slave/twistd.log',
16:59:56     INFO -  'USER': 'cltbld',
16:59:56     INFO -  'VERSIONER_PYTHON_PREFER_32_BIT': 'no',
16:59:56     INFO -  'VERSIONER_PYTHON_VERSION': '2.7',
16:59:56     INFO -  'XPCOM_DEBUG_BREAK': 'warn',
16:59:56     INFO -  'XPC_FLAGS': '0x0',
16:59:56     INFO -  'XPC_SERVICE_NAME': '0',
16:59:56     INFO -  '__CF_USER_TEXT_ENCODING': '0x1C:0:0'}
16:59:56     INFO -  Ignoring indexes: https://pypi.python.org/simple
16:59:56     INFO -  Processing /builds/slave/test/build/tests/mozbase/manifestparser
16:59:56     INFO -    Requirement already satisfied (use --upgrade to upgrade): manifestparser==1.1 from file:///builds/slave/test/build/tests/mozbase/manifestparser in /builds/slave/test/build/venv/lib/python2.7/site-packages (from -r /builds/slave/test/build/tests/config/mozbase_requirements.txt (line 1))
16:59:56     INFO -  Processing /builds/slave/test/build/tests/mozbase/mozcrash
16:59:57     INFO -    Requirement already satisfied (use --upgrade to upgrade): mozcrash==1.0 from file:///builds/slave/test/build/tests/mozbase/mozcrash in /builds/slave/test/build/venv/lib/python2.7/site-packages (from -r /builds/slave/test/build/tests/config/mozbase_requirements.txt (line 2))
16:59:57     INFO -  Processing /builds/slave/test/build/tests/mozbase/mozdebug
16:59:57     INFO -    Requirement already satisfied (use --upgrade to upgrade): mozdebug==0.1 from file:///builds/slave/test/build/tests/mozbase/mozdebug in /builds/slave/test/build/venv/lib/python2.7/site-packages (from -r /builds/slave/test/build/tests/config/mozbase_requirements.txt (line 3))
16:59:57     INFO -  Processing /builds/slave/test/build/tests/mozbase/mozdevice
16:59:57     INFO -    Requirement already satisfied (use --upgrade to upgrade): mozdevice==0.48 from file:///builds/slave/test/build/tests/mozbase/mozdevice in /builds/slave/test/build/venv/lib/python2.7/site-packages (from -r /builds/slave/test/build/tests/config/mozbase_requirements.txt (line 4))
16:59:57     INFO -  Processing /builds/slave/test/build/tests/mozbase/mozfile
16:59:57     INFO -    Requirement already satisfied (use --upgrade to upgrade): mozfile==1.2 from file:///builds/slave/test/build/tests/mozbase/mozfile in /builds/slave/test/build/venv/lib/python2.7/site-packages (from -r /builds/slave/test/build/tests/config/mozbase_requirements.txt (line 5))
16:59:57     INFO -  Processing /builds/slave/test/build/tests/mozbase/mozhttpd
16:59:58     INFO -    Requirement already satisfied (use --upgrade to upgrade): mozhttpd==0.7 from file:///builds/slave/test/build/tests/mozbase/mozhttpd in /builds/slave/test/build/venv/lib/python2.7/site-packages (from -r /builds/slave/test/build/tests/config/mozbase_requirements.txt (line 6))
16:59:58     INFO -  Processing /builds/slave/test/build/tests/mozbase/mozinfo
16:59:58     INFO -    Requirement already satisfied (use --upgrade to upgrade): mozinfo==0.9 from file:///builds/slave/test/build/tests/mozbase/mozinfo in /builds/slave/test/build/venv/lib/python2.7/site-packages (from -r /builds/slave/test/build/tests/config/mozbase_requirements.txt (line 7))
16:59:58     INFO -  Processing /builds/slave/test/build/tests/mozbase/mozinstall
16:59:58     INFO -    Requirement already satisfied (use --upgrade to upgrade): mozInstall==1.12 from file:///builds/slave/test/build/tests/mozbase/mozinstall in /builds/slave/test/build/venv/lib/python2.7/site-packages (from -r /builds/slave/test/build/tests/config/mozbase_requirements.txt (line 8))
16:59:58     INFO -  Processing /builds/slave/test/build/tests/mozbase/mozleak
16:59:58     INFO -    Requirement already satisfied (use --upgrade to upgrade): mozleak==0.1 from file:///builds/slave/test/build/tests/mozbase/mozleak in /builds/slave/test/build/venv/lib/python2.7/site-packages (from -r /builds/slave/test/build/tests/config/mozbase_requirements.txt (line 9))
16:59:58     INFO -  Processing /builds/slave/test/build/tests/mozbase/mozlog
16:59:59     INFO -    Requirement already satisfied (use --upgrade to upgrade): mozlog==3.4 from file:///builds/slave/test/build/tests/mozbase/mozlog in /builds/slave/test/build/venv/lib/python2.7/site-packages (from -r /builds/slave/test/build/tests/config/mozbase_requirements.txt (line 10))
16:59:59     INFO -  Processing /builds/slave/test/build/tests/mozbase/moznetwork
16:59:59     INFO -    Requirement already satisfied (use --upgrade to upgrade): moznetwork==0.27 from file:///builds/slave/test/build/tests/mozbase/moznetwork in /builds/slave/test/build/venv/lib/python2.7/site-packages (from -r /builds/slave/test/build/tests/config/mozbase_requirements.txt (line 11))
16:59:59     INFO -  Processing /builds/slave/test/build/tests/mozbase/mozprocess
16:59:59     INFO -    Requirement already satisfied (use --upgrade to upgrade): mozprocess==0.23 from file:///builds/slave/test/build/tests/mozbase/mozprocess in /builds/slave/test/build/venv/lib/python2.7/site-packages (from -r /builds/slave/test/build/tests/config/mozbase_requirements.txt (line 12))
16:59:59     INFO -  Processing /builds/slave/test/build/tests/mozbase/mozprofile
16:59:59     INFO -    Requirement already satisfied (use --upgrade to upgrade): mozprofile==0.28 from file:///builds/slave/test/build/tests/mozbase/mozprofile in /builds/slave/test/build/venv/lib/python2.7/site-packages (from -r /builds/slave/test/build/tests/config/mozbase_requirements.txt (line 13))
16:59:59     INFO -  Processing /builds/slave/test/build/tests/mozbase/mozrunner
17:00:00     INFO -    Requirement already satisfied (use --upgrade to upgrade): mozrunner==6.13 from file:///builds/slave/test/build/tests/mozbase/mozrunner in /builds/slave/test/build/venv/lib/python2.7/site-packages (from -r /builds/slave/test/build/tests/config/mozbase_requirements.txt (line 14))
17:00:00     INFO -  Processing /builds/slave/test/build/tests/mozbase/mozscreenshot
17:00:00     INFO -    Requirement already satisfied (use --upgrade to upgrade): mozscreenshot==0.1 from file:///builds/slave/test/build/tests/mozbase/mozscreenshot in /builds/slave/test/build/venv/lib/python2.7/site-packages (from -r /builds/slave/test/build/tests/config/mozbase_requirements.txt (line 15))
17:00:00     INFO -  Processing /builds/slave/test/build/tests/mozbase/moztest
17:00:00     INFO -    Requirement already satisfied (use --upgrade to upgrade): moztest==0.8 from file:///builds/slave/test/build/tests/mozbase/moztest in /builds/slave/test/build/venv/lib/python2.7/site-packages (from -r /builds/slave/test/build/tests/config/mozbase_requirements.txt (line 16))
17:00:00     INFO -  Processing /builds/slave/test/build/tests/mozbase/mozversion
17:00:01     INFO -    Requirement already satisfied (use --upgrade to upgrade): mozversion==1.4 from file:///builds/slave/test/build/tests/mozbase/mozversion in /builds/slave/test/build/venv/lib/python2.7/site-packages (from -r /builds/slave/test/build/tests/config/mozbase_requirements.txt (line 17))
17:00:01     INFO -  Processing /builds/slave/test/build/tests/tools/wptserve
17:00:01     INFO -    Requirement already satisfied (use --upgrade to upgrade): wptserve==1.4.0 from file:///builds/slave/test/build/tests/tools/wptserve in /builds/slave/test/build/venv/lib/python2.7/site-packages (from -r /builds/slave/test/build/tests/config/marionette_requirements.txt (line 3))
17:00:01     INFO -  Processing /builds/slave/test/build/tests/marionette/client
17:00:01     INFO -    Requirement already satisfied (use --upgrade to upgrade): marionette-driver==2.2.0 from file:///builds/slave/test/build/tests/marionette/client in /builds/slave/test/build/venv/lib/python2.7/site-packages (from -r /builds/slave/test/build/tests/config/marionette_requirements.txt (line 4))
17:00:01     INFO -  Processing /builds/slave/test/build/tests/marionette/harness/marionette_harness/runner/mixins/browsermob-proxy-py
17:00:01     INFO -    Requirement already satisfied (use --upgrade to upgrade): browsermob-proxy==0.6.0 from file:///builds/slave/test/build/tests/marionette/harness/marionette_harness/runner/mixins/browsermob-proxy-py in /builds/slave/test/build/venv/lib/python2.7/site-packages (from -r /builds/slave/test/build/tests/config/marionette_requirements.txt (line 5))
17:00:01     INFO -  Processing /builds/slave/test/build/tests/marionette/harness
17:00:02     INFO -    Requirement already satisfied (use --upgrade to upgrade): marionette-harness==4.0.0 from file:///builds/slave/test/build/tests/marionette/harness in /builds/slave/test/build/venv/lib/python2.7/site-packages (from -r /builds/slave/test/build/tests/config/marionette_requirements.txt (line 6))
17:00:02     INFO -  Processing /builds/slave/test/build/tests/marionette/puppeteer/firefox
17:00:02     INFO -    Requirement already satisfied (use --upgrade to upgrade): firefox-puppeteer==52.1.0 from file:///builds/slave/test/build/tests/marionette/puppeteer/firefox in /builds/slave/test/build/venv/lib/python2.7/site-packages (from -r /builds/slave/test/build/tests/config/marionette_requirements.txt (line 9))
17:00:02     INFO -  Requirement already satisfied (use --upgrade to upgrade): mozfile>=1.0 in /builds/slave/test/build/venv/lib/python2.7/site-packages (from mozcrash==1.0->-r /builds/slave/test/build/tests/config/mozbase_requirements.txt (line 2))
17:00:02     INFO -  Requirement already satisfied (use --upgrade to upgrade): mozlog>=3.0 in /builds/slave/test/build/venv/lib/python2.7/site-packages (from mozcrash==1.0->-r /builds/slave/test/build/tests/config/mozbase_requirements.txt (line 2))
17:00:02     INFO -  Requirement already satisfied (use --upgrade to upgrade): mozinfo in /builds/slave/test/build/venv/lib/python2.7/site-packages (from mozdebug==0.1->-r /builds/slave/test/build/tests/config/mozbase_requirements.txt (line 3))
17:00:02     INFO -  Requirement already satisfied (use --upgrade to upgrade): moznetwork>=0.24 in /builds/slave/test/build/venv/lib/python2.7/site-packages (from mozdevice==0.48->-r /builds/slave/test/build/tests/config/mozbase_requirements.txt (line 4))
17:00:02     INFO -  Requirement already satisfied (use --upgrade to upgrade): mozprocess>=0.19 in /builds/slave/test/build/venv/lib/python2.7/site-packages (from mozdevice==0.48->-r /builds/slave/test/build/tests/config/mozbase_requirements.txt (line 4))
17:00:02     INFO -  Requirement already satisfied (use --upgrade to upgrade): blessings>=1.3 in /builds/slave/test/build/venv/lib/python2.7/site-packages (from mozlog==3.4->-r /builds/slave/test/build/tests/config/mozbase_requirements.txt (line 10))
17:00:02     INFO -  Requirement already satisfied (use --upgrade to upgrade): requests>=1.1.0 in /builds/slave/test/build/venv/lib/python2.7/site-packages (from browsermob-proxy==0.6.0->-r /builds/slave/test/build/tests/config/marionette_requirements.txt (line 5))
17:00:02     INFO -  Building wheels for collected packages: browsermob-proxy
17:00:02     INFO -    Running setup.py bdist_wheel for browsermob-proxy: started
17:00:02     INFO -    Running setup.py bdist_wheel for browsermob-proxy: finished with status 'done'
17:00:02     INFO -    Stored in directory: /Users/cltbld/Library/Caches/pip/wheels/10/00/c1/79bb793b6a7eb4dca9dfd244010f550ae5044951bcd23c261e
17:00:02     INFO -  Successfully built browsermob-proxy
17:00:02     INFO - Return code: 0
17:00:02     INFO - Installing None into virtualenv /builds/slave/test/build/venv
17:00:03     INFO - retry: Calling run_command with args: [['/builds/slave/test/build/venv/bin/pip', 'install', '--no-deps', '--timeout', '120', '-r', '/builds/slave/test/build/tests/mochitest/websocketprocessbridge/websocketprocessbridge_requirements.txt', '--no-index', '--find-links', 'http://pypi.pvt.build.mozilla.org/pub', '--find-links', 'http://pypi.pub.build.mozilla.org/pub', '--trusted-host', 'pypi.pub.build.mozilla.org', '--trusted-host', 'pypi.pvt.build.mozilla.org']], kwargs: {'error_level': 'warning', 'error_list': [{'substr': 'not found or a compiler error:', 'level': 'warning'}, {'regex': <_sre.SRE_Pattern object at 0x109560170>, 'level': 'error'}, {'regex': <_sre.SRE_Pattern object at 0x109602960>, 'level': 'warning'}, {'regex': <_sre.SRE_Pattern object at 0x7fe80ad3e6f0>, 'level': 'debug'}, {'substr': 'command not found', 'level': 'error'}, {'regex': <_sre.SRE_Pattern object at 0x1094f31d0>, 'level': 'warning'}, {'substr': 'Traceback (most recent call last)', 'level': 'error'}, {'substr': 'SyntaxError: ', 'level': 'error'}, {'substr': 'TypeError: ', 'level': 'error'}, {'substr': 'NameError: ', 'level': 'error'}, {'substr': 'ZeroDivisionError: ', 'level': 'error'}, {'regex': <_sre.SRE_Pattern object at 0x1094ce108>, 'level': 'critical'}, {'regex': <_sre.SRE_Pattern object at 0x1094e8030>, 'level': 'critical'}], 'cwd': '/builds/slave/test/build/tests/mochitest/websocketprocessbridge', 'env': {'VERSIONER_PYTHON_PREFER_32_BIT': 'no', 'LOGNAME': 'cltbld', 'USER': 'cltbld', 'XPC_SERVICE_NAME': '0', 'PATH': '/usr/local/sbin:/usr/local/bin:/usr/sbin:/usr/bin:/sbin:/bin:/usr/bin/X11', 'HOME': '/Users/cltbld', 'NO_EM_RESTART': '1', 'IDLEIZER_DISABLE_SHUTDOWN': 'true', 'XPCOM_DEBUG_BREAK': 'warn', 'Apple_PubSub_Socket_Render': '/private/tmp/com.apple.launchd.amOruGVP0x/Render', 'MOZ_NODE_PATH': '/usr/local/bin/node', 'TWISTD_LOG_PATH': '/builds/slave/twistd.log', 'GIT_SHARE_BASE_DIR': '/builds/git-shared', 'VERSIONER_PYTHON_VERSION': '2.7', 'XPC_FLAGS': '0x0', 'NO_FAIL_ON_TEST_ERRORS': '1', 'HG_SHARE_BASE_DIR': '/builds/hg-shared', 'RUNNER_CONFIG_CMD': '/opt/runner/bin/python2.7 /opt/runner/bin/runner -c /opt/runner/runner.cfg', 'MOZ_NO_REMOTE': '1', 'MOZ_HIDE_RESULTS_TABLE': '1', 'SSH_AUTH_SOCK': '/private/tmp/com.apple.launchd.DnGt0NYrV5/Listeners', 'SHELL': '/bin/bash', 'TMPDIR': '/var/folders/n9/5yc0k79j0m3fqspp_mk8fy4w00000w/T/', '__CF_USER_TEXT_ENCODING': '0x1C:0:0', 'PWD': '/builds/slave/test', 'PROPERTIES_FILE': '/builds/slave/test/buildprops.json'}}, attempt #1
17:00:03     INFO - Running command: ['/builds/slave/test/build/venv/bin/pip', 'install', '--no-deps', '--timeout', '120', '-r', '/builds/slave/test/build/tests/mochitest/websocketprocessbridge/websocketprocessbridge_requirements.txt', '--no-index', '--find-links', 'http://pypi.pvt.build.mozilla.org/pub', '--find-links', 'http://pypi.pub.build.mozilla.org/pub', '--trusted-host', 'pypi.pub.build.mozilla.org', '--trusted-host', 'pypi.pvt.build.mozilla.org'] in /builds/slave/test/build/tests/mochitest/websocketprocessbridge
17:00:03     INFO - Copy/paste: /builds/slave/test/build/venv/bin/pip install --no-deps --timeout 120 -r /builds/slave/test/build/tests/mochitest/websocketprocessbridge/websocketprocessbridge_requirements.txt --no-index --find-links http://pypi.pvt.build.mozilla.org/pub --find-links http://pypi.pub.build.mozilla.org/pub --trusted-host pypi.pub.build.mozilla.org --trusted-host pypi.pvt.build.mozilla.org
17:00:03     INFO - Using env: {'Apple_PubSub_Socket_Render': '/private/tmp/com.apple.launchd.amOruGVP0x/Render',
17:00:03     INFO -  'GIT_SHARE_BASE_DIR': '/builds/git-shared',
17:00:03     INFO -  'HG_SHARE_BASE_DIR': '/builds/hg-shared',
17:00:03     INFO -  'HOME': '/Users/cltbld',
17:00:03     INFO -  'IDLEIZER_DISABLE_SHUTDOWN': 'true',
17:00:03     INFO -  'LOGNAME': 'cltbld',
17:00:03     INFO -  'MOZ_HIDE_RESULTS_TABLE': '1',
17:00:03     INFO -  'MOZ_NODE_PATH': '/usr/local/bin/node',
17:00:03     INFO -  'MOZ_NO_REMOTE': '1',
17:00:03     INFO -  'NO_EM_RESTART': '1',
17:00:03     INFO -  'NO_FAIL_ON_TEST_ERRORS': '1',
17:00:03     INFO -  'PATH': '/usr/local/sbin:/usr/local/bin:/usr/sbin:/usr/bin:/sbin:/bin:/usr/bin/X11',
17:00:03     INFO -  'PROPERTIES_FILE': '/builds/slave/test/buildprops.json',
17:00:03     INFO -  'PWD': '/builds/slave/test',
17:00:03     INFO -  'RUNNER_CONFIG_CMD': '/opt/runner/bin/python2.7 /opt/runner/bin/runner -c /opt/runner/runner.cfg',
17:00:03     INFO -  'SHELL': '/bin/bash',
17:00:03     INFO -  'SSH_AUTH_SOCK': '/private/tmp/com.apple.launchd.DnGt0NYrV5/Listeners',
17:00:03     INFO -  'TMPDIR': '/var/folders/n9/5yc0k79j0m3fqspp_mk8fy4w00000w/T/',
17:00:03     INFO -  'TWISTD_LOG_PATH': '/builds/slave/twistd.log',
17:00:03     INFO -  'USER': 'cltbld',
17:00:03     INFO -  'VERSIONER_PYTHON_PREFER_32_BIT': 'no',
17:00:03     INFO -  'VERSIONER_PYTHON_VERSION': '2.7',
17:00:03     INFO -  'XPCOM_DEBUG_BREAK': 'warn',
17:00:03     INFO -  'XPC_FLAGS': '0x0',
17:00:03     INFO -  'XPC_SERVICE_NAME': '0',
17:00:03     INFO -  '__CF_USER_TEXT_ENCODING': '0x1C:0:0'}
17:00:03     INFO -  Ignoring indexes: https://pypi.python.org/simple
17:00:03     INFO -  Requirement already satisfied (use --upgrade to upgrade): six==1.10.0 in /builds/slave/test/build/venv/lib/python2.7/site-packages (from -r /builds/slave/test/build/tests/mochitest/websocketprocessbridge/websocketprocessbridge_requirements.txt (line 2))
17:00:03     INFO -  Collecting twisted==10.2.0 (from -r /builds/slave/test/build/tests/mochitest/websocketprocessbridge/websocketprocessbridge_requirements.txt (line 4))
17:00:03     INFO -  /builds/slave/test/build/venv/lib/python2.7/site-packages/pip/_vendor/requests/packages/urllib3/util/ssl_.py:318: SNIMissingWarning: An HTTPS request has been made, but the SNI (Subject Name Indication) extension to TLS is not available on this platform. This may cause the server to present an incorrect TLS certificate, which can cause validation failures. You can upgrade to a newer version of Python to solve this. For more information, see https://urllib3.readthedocs.org/en/latest/security.html#snimissingwarning.
17:00:03     INFO -    SNIMissingWarning
17:00:03     INFO -  /builds/slave/test/build/venv/lib/python2.7/site-packages/pip/_vendor/requests/packages/urllib3/util/ssl_.py:122: InsecurePlatformWarning: A true SSLContext object is not available. This prevents urllib3 from configuring SSL appropriately and may cause certain SSL connections to fail. You can upgrade to a newer version of Python to solve this. For more information, see https://urllib3.readthedocs.org/en/latest/security.html#insecureplatformwarning.
17:00:03     INFO -    InsecurePlatformWarning
17:00:04     INFO -  /builds/slave/test/build/venv/lib/python2.7/site-packages/pip/_vendor/requests/packages/urllib3/util/ssl_.py:122: InsecurePlatformWarning: A true SSLContext object is not available. This prevents urllib3 from configuring SSL appropriately and may cause certain SSL connections to fail. You can upgrade to a newer version of Python to solve this. For more information, see https://urllib3.readthedocs.org/en/latest/security.html#insecureplatformwarning.
17:00:04     INFO -    InsecurePlatformWarning
17:00:07     INFO -  Collecting txws==0.9.1 (from -r /builds/slave/test/build/tests/mochitest/websocketprocessbridge/websocketprocessbridge_requirements.txt (line 7))
17:00:09     INFO -  Requirement already satisfied (use --upgrade to upgrade): psutil==3.1.1 in /builds/slave/test/build/venv/lib/python2.7/site-packages (from -r /builds/slave/test/build/tests/mochitest/websocketprocessbridge/websocketprocessbridge_requirements.txt (line 9))
17:00:09     INFO -  Collecting ipaddr==2.1.11 (from -r /builds/slave/test/build/tests/mochitest/websocketprocessbridge/websocketprocessbridge_requirements.txt (line 12))
17:00:12     INFO -  Collecting passlib==1.6.5 (from -r /builds/slave/test/build/tests/mochitest/websocketprocessbridge/websocketprocessbridge_requirements.txt (line 13))
17:00:15     INFO -    Downloading https://pypi.pvt.build.mozilla.org/pub/passlib-1.6.5-py2.py3-none-any.whl (317kB)
17:00:15     INFO -  Installing collected packages: twisted, txws, ipaddr, passlib
17:00:18     INFO -  Successfully installed ipaddr-2.1.11 passlib-1.6.5 twisted-10.2.0 txws-0.9.1
17:00:18     INFO - Return code: 0
17:00:18     INFO - Installing None into virtualenv /builds/slave/test/build/venv
17:00:18     INFO - retry: Calling run_command with args: [['/builds/slave/test/build/venv/bin/pip', 'install', '--timeout', '120', '-r', '/builds/slave/test/build/tests/mochitest/websocketprocessbridge/websocketprocessbridge_requirements.txt', '--no-index', '--find-links', 'http://pypi.pvt.build.mozilla.org/pub', '--find-links', 'http://pypi.pub.build.mozilla.org/pub', '--trusted-host', 'pypi.pub.build.mozilla.org', '--trusted-host', 'pypi.pvt.build.mozilla.org']], kwargs: {'error_level': 'warning', 'error_list': [{'substr': 'not found or a compiler error:', 'level': 'warning'}, {'regex': <_sre.SRE_Pattern object at 0x109560170>, 'level': 'error'}, {'regex': <_sre.SRE_Pattern object at 0x109602960>, 'level': 'warning'}, {'regex': <_sre.SRE_Pattern object at 0x7fe80ad3e6f0>, 'level': 'debug'}, {'substr': 'command not found', 'level': 'error'}, {'regex': <_sre.SRE_Pattern object at 0x1094f31d0>, 'level': 'warning'}, {'substr': 'Traceback (most recent call last)', 'level': 'error'}, {'substr': 'SyntaxError: ', 'level': 'error'}, {'substr': 'TypeError: ', 'level': 'error'}, {'substr': 'NameError: ', 'level': 'error'}, {'substr': 'ZeroDivisionError: ', 'level': 'error'}, {'regex': <_sre.SRE_Pattern object at 0x1094ce108>, 'level': 'critical'}, {'regex': <_sre.SRE_Pattern object at 0x1094e8030>, 'level': 'critical'}], 'cwd': '/builds/slave/test/build/tests/mochitest/websocketprocessbridge', 'env': {'VERSIONER_PYTHON_PREFER_32_BIT': 'no', 'LOGNAME': 'cltbld', 'USER': 'cltbld', 'XPC_SERVICE_NAME': '0', 'PATH': '/usr/local/sbin:/usr/local/bin:/usr/sbin:/usr/bin:/sbin:/bin:/usr/bin/X11', 'HOME': '/Users/cltbld', 'NO_EM_RESTART': '1', 'IDLEIZER_DISABLE_SHUTDOWN': 'true', 'XPCOM_DEBUG_BREAK': 'warn', 'Apple_PubSub_Socket_Render': '/private/tmp/com.apple.launchd.amOruGVP0x/Render', 'MOZ_NODE_PATH': '/usr/local/bin/node', 'TWISTD_LOG_PATH': '/builds/slave/twistd.log', 'GIT_SHARE_BASE_DIR': '/builds/git-shared', 'VERSIONER_PYTHON_VERSION': '2.7', 'XPC_FLAGS': '0x0', 'NO_FAIL_ON_TEST_ERRORS': '1', 'HG_SHARE_BASE_DIR': '/builds/hg-shared', 'RUNNER_CONFIG_CMD': '/opt/runner/bin/python2.7 /opt/runner/bin/runner -c /opt/runner/runner.cfg', 'MOZ_NO_REMOTE': '1', 'MOZ_HIDE_RESULTS_TABLE': '1', 'SSH_AUTH_SOCK': '/private/tmp/com.apple.launchd.DnGt0NYrV5/Listeners', 'SHELL': '/bin/bash', 'TMPDIR': '/var/folders/n9/5yc0k79j0m3fqspp_mk8fy4w00000w/T/', '__CF_USER_TEXT_ENCODING': '0x1C:0:0', 'PWD': '/builds/slave/test', 'PROPERTIES_FILE': '/builds/slave/test/buildprops.json'}}, attempt #1
17:00:18     INFO - Running command: ['/builds/slave/test/build/venv/bin/pip', 'install', '--timeout', '120', '-r', '/builds/slave/test/build/tests/mochitest/websocketprocessbridge/websocketprocessbridge_requirements.txt', '--no-index', '--find-links', 'http://pypi.pvt.build.mozilla.org/pub', '--find-links', 'http://pypi.pub.build.mozilla.org/pub', '--trusted-host', 'pypi.pub.build.mozilla.org', '--trusted-host', 'pypi.pvt.build.mozilla.org'] in /builds/slave/test/build/tests/mochitest/websocketprocessbridge
17:00:18     INFO - Copy/paste: /builds/slave/test/build/venv/bin/pip install --timeout 120 -r /builds/slave/test/build/tests/mochitest/websocketprocessbridge/websocketprocessbridge_requirements.txt --no-index --find-links http://pypi.pvt.build.mozilla.org/pub --find-links http://pypi.pub.build.mozilla.org/pub --trusted-host pypi.pub.build.mozilla.org --trusted-host pypi.pvt.build.mozilla.org
17:00:18     INFO - Using env: {'Apple_PubSub_Socket_Render': '/private/tmp/com.apple.launchd.amOruGVP0x/Render',
17:00:18     INFO -  'GIT_SHARE_BASE_DIR': '/builds/git-shared',
17:00:18     INFO -  'HG_SHARE_BASE_DIR': '/builds/hg-shared',
17:00:18     INFO -  'HOME': '/Users/cltbld',
17:00:18     INFO -  'IDLEIZER_DISABLE_SHUTDOWN': 'true',
17:00:18     INFO -  'LOGNAME': 'cltbld',
17:00:18     INFO -  'MOZ_HIDE_RESULTS_TABLE': '1',
17:00:18     INFO -  'MOZ_NODE_PATH': '/usr/local/bin/node',
17:00:18     INFO -  'MOZ_NO_REMOTE': '1',
17:00:18     INFO -  'NO_EM_RESTART': '1',
17:00:18     INFO -  'NO_FAIL_ON_TEST_ERRORS': '1',
17:00:18     INFO -  'PATH': '/usr/local/sbin:/usr/local/bin:/usr/sbin:/usr/bin:/sbin:/bin:/usr/bin/X11',
17:00:18     INFO -  'PROPERTIES_FILE': '/builds/slave/test/buildprops.json',
17:00:18     INFO -  'PWD': '/builds/slave/test',
17:00:18     INFO -  'RUNNER_CONFIG_CMD': '/opt/runner/bin/python2.7 /opt/runner/bin/runner -c /opt/runner/runner.cfg',
17:00:18     INFO -  'SHELL': '/bin/bash',
17:00:18     INFO -  'SSH_AUTH_SOCK': '/private/tmp/com.apple.launchd.DnGt0NYrV5/Listeners',
17:00:18     INFO -  'TMPDIR': '/var/folders/n9/5yc0k79j0m3fqspp_mk8fy4w00000w/T/',
17:00:18     INFO -  'TWISTD_LOG_PATH': '/builds/slave/twistd.log',
17:00:18     INFO -  'USER': 'cltbld',
17:00:18     INFO -  'VERSIONER_PYTHON_PREFER_32_BIT': 'no',
17:00:18     INFO -  'VERSIONER_PYTHON_VERSION': '2.7',
17:00:18     INFO -  'XPCOM_DEBUG_BREAK': 'warn',
17:00:18     INFO -  'XPC_FLAGS': '0x0',
17:00:18     INFO -  'XPC_SERVICE_NAME': '0',
17:00:18     INFO -  '__CF_USER_TEXT_ENCODING': '0x1C:0:0'}
17:00:19     INFO -  Ignoring indexes: https://pypi.python.org/simple
17:00:19     INFO -  Requirement already satisfied (use --upgrade to upgrade): six==1.10.0 in /builds/slave/test/build/venv/lib/python2.7/site-packages (from -r /builds/slave/test/build/tests/mochitest/websocketprocessbridge/websocketprocessbridge_requirements.txt (line 2))
17:00:19     INFO -  Requirement already satisfied (use --upgrade to upgrade): twisted==10.2.0 in /builds/slave/test/build/venv/lib/python2.7/site-packages (from -r /builds/slave/test/build/tests/mochitest/websocketprocessbridge/websocketprocessbridge_requirements.txt (line 4))
17:00:19     INFO -  Requirement already satisfied (use --upgrade to upgrade): txws==0.9.1 in /builds/slave/test/build/venv/lib/python2.7/site-packages (from -r /builds/slave/test/build/tests/mochitest/websocketprocessbridge/websocketprocessbridge_requirements.txt (line 7))
17:00:19     INFO -  Requirement already satisfied (use --upgrade to upgrade): psutil==3.1.1 in /builds/slave/test/build/venv/lib/python2.7/site-packages (from -r /builds/slave/test/build/tests/mochitest/websocketprocessbridge/websocketprocessbridge_requirements.txt (line 9))
17:00:19     INFO -  Requirement already satisfied (use --upgrade to upgrade): ipaddr==2.1.11 in /builds/slave/test/build/venv/lib/python2.7/site-packages (from -r /builds/slave/test/build/tests/mochitest/websocketprocessbridge/websocketprocessbridge_requirements.txt (line 12))
17:00:19     INFO -  Requirement already satisfied (use --upgrade to upgrade): passlib==1.6.5 in /builds/slave/test/build/venv/lib/python2.7/site-packages (from -r /builds/slave/test/build/tests/mochitest/websocketprocessbridge/websocketprocessbridge_requirements.txt (line 13))
17:00:19     INFO -  Collecting zope.interface (from twisted==10.2.0->-r /builds/slave/test/build/tests/mochitest/websocketprocessbridge/websocketprocessbridge_requirements.txt (line 4))
17:00:19     INFO -  /builds/slave/test/build/venv/lib/python2.7/site-packages/pip/_vendor/requests/packages/urllib3/util/ssl_.py:318: SNIMissingWarning: An HTTPS request has been made, but the SNI (Subject Name Indication) extension to TLS is not available on this platform. This may cause the server to present an incorrect TLS certificate, which can cause validation failures. You can upgrade to a newer version of Python to solve this. For more information, see https://urllib3.readthedocs.org/en/latest/security.html#snimissingwarning.
17:00:19     INFO -    SNIMissingWarning
17:00:19     INFO -  /builds/slave/test/build/venv/lib/python2.7/site-packages/pip/_vendor/requests/packages/urllib3/util/ssl_.py:122: InsecurePlatformWarning: A true SSLContext object is not available. This prevents urllib3 from configuring SSL appropriately and may cause certain SSL connections to fail. You can upgrade to a newer version of Python to solve this. For more information, see https://urllib3.readthedocs.org/en/latest/security.html#insecureplatformwarning.
17:00:19     INFO -    InsecurePlatformWarning
17:00:19     INFO -  /builds/slave/test/build/venv/lib/python2.7/site-packages/pip/_vendor/requests/packages/urllib3/util/ssl_.py:122: InsecurePlatformWarning: A true SSLContext object is not available. This prevents urllib3 from configuring SSL appropriately and may cause certain SSL connections to fail. You can upgrade to a newer version of Python to solve this. For more information, see https://urllib3.readthedocs.org/en/latest/security.html#insecureplatformwarning.
17:00:19     INFO -    InsecurePlatformWarning
17:00:21     INFO -  Requirement already satisfied (use --upgrade to upgrade): setuptools in /builds/slave/test/build/venv/lib/python2.7/site-packages (from zope.interface->twisted==10.2.0->-r /builds/slave/test/build/tests/mochitest/websocketprocessbridge/websocketprocessbridge_requirements.txt (line 4))
17:00:21     INFO -  Installing collected packages: zope.interface
17:00:22     INFO -  Successfully installed zope.interface-4.0.2
17:00:22     INFO - Return code: 0
17:00:22     INFO - Done creating virtualenv /builds/slave/test/build/venv.
17:00:22     INFO - Getting output from command: ['/builds/slave/test/build/venv/bin/pip', 'freeze']
17:00:22     INFO - Copy/paste: /builds/slave/test/build/venv/bin/pip freeze
17:00:22     INFO - Reading from file tmpfile_stdout
17:00:22     INFO - Reading from file tmpfile_stderr
17:00:22     INFO - Current package versions:
17:00:22     INFO -   Twisted == 10.2.0
17:00:22     INFO -   blessings == 1.6
17:00:22     INFO -   blobuploader == 1.2.4
17:00:22     INFO -   browsermob-proxy == 0.6.0
17:00:22     INFO -   docopt == 0.6.1
17:00:22     INFO -   firefox-puppeteer == 52.1.0
17:00:22     INFO -   functools32 == 3.2.3.post2
17:00:22     INFO -   ipaddr == 2.1.11
17:00:22     INFO -   jsonschema == 2.5.1
17:00:22     INFO -   manifestparser == 1.1
17:00:22     INFO -   marionette-driver == 2.2.0
17:00:22     INFO -   marionette-harness == 4.0.0
17:00:22     INFO -   mock == 1.0.1
17:00:22     INFO -   mozInstall == 1.12
17:00:22     INFO -   mozcrash == 1.0
17:00:22     INFO -   mozdebug == 0.1
17:00:22     INFO -   mozdevice == 0.48
17:00:22     INFO -   mozfile == 1.2
17:00:22     INFO -   mozhttpd == 0.7
17:00:22     INFO -   mozinfo == 0.9
17:00:22     INFO -   mozleak == 0.1
17:00:22     INFO -   mozlog == 3.4
17:00:22     INFO -   moznetwork == 0.27
17:00:22     INFO -   mozprocess == 0.23
17:00:22     INFO -   mozprofile == 0.28
17:00:22     INFO -   mozrunner == 6.13
17:00:22     INFO -   mozscreenshot == 0.1
17:00:22     INFO -   mozsystemmonitor == 0.3
17:00:22     INFO -   moztest == 0.8
17:00:22     INFO -   mozversion == 1.4
17:00:22     INFO -   passlib == 1.6.5
17:00:22     INFO -   psutil == 3.1.1
17:00:22     INFO -   requests == 1.2.3
17:00:22     INFO -   simplejson == 3.3.0
17:00:22     INFO -   six == 1.10.0
17:00:22     INFO -   txWS == 0.9.1
17:00:22     INFO -   vcversioner == 2.16.0.0
17:00:22     INFO -   wptserve == 1.4.0
17:00:22     INFO -   zope.interface == 4.0.2
17:00:22     INFO - Running post-action listener: _resource_record_post_action
17:00:22     INFO - Running post-action listener: _start_resource_monitoring
17:00:22     INFO - Starting resource monitoring.
17:00:22     INFO - [mozharness: 2018-06-09 00:00:22.585614Z] Finished create-virtualenv step (success)
17:00:22     INFO - [mozharness: 2018-06-09 00:00:22.586661Z] Running install step.
17:00:22     INFO - Running pre-action listener: _resource_record_pre_action
17:00:22     INFO - Running main action method: install
17:00:22     INFO - Getting output from command: ['/builds/slave/test/build/venv/bin/pip', 'freeze']
17:00:22     INFO - Copy/paste: /builds/slave/test/build/venv/bin/pip freeze
17:00:22     INFO - Reading from file tmpfile_stdout
17:00:22     INFO - Reading from file tmpfile_stderr
17:00:22     INFO - Detecting whether we're running mozinstall >=1.0...
17:00:22     INFO - Getting output from command: ['/builds/slave/test/build/venv/bin/mozinstall', '-h']
17:00:22     INFO - Copy/paste: /builds/slave/test/build/venv/bin/mozinstall -h
17:00:23     INFO - Reading from file tmpfile_stdout
17:00:23     INFO - Output received:
17:00:23     INFO -  Usage: mozinstall [options] installer
17:00:23     INFO -  Options:
17:00:23     INFO -    -h, --help            show this help message and exit
17:00:23     INFO -    -d DEST, --destination=DEST
17:00:23     INFO -                          Directory to install application into. [default:
17:00:23     INFO -                          "/builds/slave/test"]
17:00:23     INFO -    --app=APP             Application being installed. [default: firefox]
17:00:23     INFO - mkdir: /builds/slave/test/build/application
17:00:23     INFO - Getting output from command: ['/builds/slave/test/build/venv/bin/mozinstall', '/builds/slave/test/installer.dmg', '--destination', '/builds/slave/test/build/application']
17:00:23     INFO - Copy/paste: /builds/slave/test/build/venv/bin/mozinstall /builds/slave/test/installer.dmg --destination /builds/slave/test/build/application
17:00:44     INFO - Reading from file tmpfile_stdout
17:00:44     INFO - Output received:
17:00:44     INFO -  /builds/slave/test/build/application/Firefox.app/Contents/MacOS/firefox
17:00:44     INFO - Running post-action listener: _resource_record_post_action
17:00:44     INFO - [mozharness: 2018-06-09 00:00:44.821700Z] Finished install step (success)
17:00:44     INFO - [mozharness: 2018-06-09 00:00:44.821870Z] Running stage-files step.
17:00:44     INFO - Running pre-action listener: _resource_record_pre_action
17:00:44     INFO - Running main action method: stage_files
17:00:44     INFO - Running post-action listener: _resource_record_post_action
17:00:44     INFO - [mozharness: 2018-06-09 00:00:44.822506Z] Finished stage-files step (success)
17:00:44     INFO - [mozharness: 2018-06-09 00:00:44.822682Z] Running run-tests step.
17:00:44     INFO - Running pre-action listener: _resource_record_pre_action
17:00:44     INFO - Running pre-action listener: _set_gcov_prefix
17:00:44     INFO - Running main action method: run_tests
17:00:44     INFO - #### Running mochitest suites
17:00:44     INFO - Structured output parser in use for mochitest.
17:00:44     INFO - grabbing minidump binary from tooltool
17:00:44     INFO - retry: Calling run_command with args: (['/tools/tooltool.py', '--url', 'https://api.pub.build.mozilla.org/tooltool/', '--authentication-file', '/builds/relengapi.tok', 'fetch', '-m', '/builds/slave/test/build/tests/config/tooltool-manifests/macosx64/releng.manifest', '-o', '-c', '/builds/tooltool_cache'],), kwargs: {'output_timeout': 600, 'error_list': [{'substr': 'command not found', 'level': 'error'}, {'regex': <_sre.SRE_Pattern object at 0x1094f31d0>, 'level': 'warning'}, {'substr': 'Traceback (most recent call last)', 'level': 'error'}, {'substr': 'SyntaxError: ', 'level': 'error'}, {'substr': 'TypeError: ', 'level': 'error'}, {'substr': 'NameError: ', 'level': 'error'}, {'substr': 'ZeroDivisionError: ', 'level': 'error'}, {'regex': <_sre.SRE_Pattern object at 0x1094ce108>, 'level': 'critical'}, {'regex': <_sre.SRE_Pattern object at 0x1094e8030>, 'level': 'critical'}, {'substr': 'ERROR - ', 'level': 'error'}], 'cwd': '/builds/slave/test/build', 'privileged': False}, attempt #1
17:00:44     INFO - Running command: ['/tools/tooltool.py', '--url', 'https://api.pub.build.mozilla.org/tooltool/', '--authentication-file', '/builds/relengapi.tok', 'fetch', '-m', '/builds/slave/test/build/tests/config/tooltool-manifests/macosx64/releng.manifest', '-o', '-c', '/builds/tooltool_cache'] in /builds/slave/test/build
17:00:44     INFO - Copy/paste: /tools/tooltool.py --url https://api.pub.build.mozilla.org/tooltool/ --authentication-file /builds/relengapi.tok fetch -m /builds/slave/test/build/tests/config/tooltool-manifests/macosx64/releng.manifest -o -c /builds/tooltool_cache
17:00:44     INFO - Calling ['/tools/tooltool.py', '--url', 'https://api.pub.build.mozilla.org/tooltool/', '--authentication-file', '/builds/relengapi.tok', 'fetch', '-m', '/builds/slave/test/build/tests/config/tooltool-manifests/macosx64/releng.manifest', '-o', '-c', '/builds/tooltool_cache'] with output_timeout 600
17:00:44     INFO -  INFO - File macosx64-minidump_stackwalk retrieved from local cache /builds/tooltool_cache
17:00:44     INFO - Return code: 0
17:00:44     INFO - Chmoding /builds/slave/test/build/macosx64-minidump_stackwalk to 0755
17:00:44     INFO - grabbing nodejs binary from tooltool
17:00:44     INFO - retry: Calling run_command with args: (['/tools/tooltool.py', '--url', 'https://api.pub.build.mozilla.org/tooltool/', '--authentication-file', '/builds/relengapi.tok', 'fetch', '-m', '/builds/slave/test/build/tests/config/tooltool-manifests/macosx64/nodejs.manifest', '-o', '-c', '/builds/tooltool_cache'],), kwargs: {'output_timeout': 600, 'error_list': [{'substr': 'command not found', 'level': 'error'}, {'regex': <_sre.SRE_Pattern object at 0x1094f31d0>, 'level': 'warning'}, {'substr': 'Traceback (most recent call last)', 'level': 'error'}, {'substr': 'SyntaxError: ', 'level': 'error'}, {'substr': 'TypeError: ', 'level': 'error'}, {'substr': 'NameError: ', 'level': 'error'}, {'substr': 'ZeroDivisionError: ', 'level': 'error'}, {'regex': <_sre.SRE_Pattern object at 0x1094ce108>, 'level': 'critical'}, {'regex': <_sre.SRE_Pattern object at 0x1094e8030>, 'level': 'critical'}, {'substr': 'ERROR - ', 'level': 'error'}], 'cwd': '/builds/slave/test/build', 'privileged': False}, attempt #1
17:00:44     INFO - Running command: ['/tools/tooltool.py', '--url', 'https://api.pub.build.mozilla.org/tooltool/', '--authentication-file', '/builds/relengapi.tok', 'fetch', '-m', '/builds/slave/test/build/tests/config/tooltool-manifests/macosx64/nodejs.manifest', '-o', '-c', '/builds/tooltool_cache'] in /builds/slave/test/build
17:00:44     INFO - Copy/paste: /tools/tooltool.py --url https://api.pub.build.mozilla.org/tooltool/ --authentication-file /builds/relengapi.tok fetch -m /builds/slave/test/build/tests/config/tooltool-manifests/macosx64/nodejs.manifest -o -c /builds/tooltool_cache
17:00:44     INFO - Calling ['/tools/tooltool.py', '--url', 'https://api.pub.build.mozilla.org/tooltool/', '--authentication-file', '/builds/relengapi.tok', 'fetch', '-m', '/builds/slave/test/build/tests/config/tooltool-manifests/macosx64/nodejs.manifest', '-o', '-c', '/builds/tooltool_cache'] with output_timeout 600
17:00:45     INFO -  INFO - File node-osx.tar.gz retrieved from local cache /builds/tooltool_cache
17:00:45     INFO -  INFO - untarring "node-osx.tar.gz"
17:00:46     INFO - Return code: 0
17:00:46     INFO - Chmoding /builds/slave/test/build/node-osx/bin/node to 0755
17:00:46     INFO - mkdir: /builds/slave/test/build/blobber_upload_dir
17:00:46     INFO - ENV: MOZ_UPLOAD_DIR is now /builds/slave/test/build/blobber_upload_dir
17:00:46     INFO - ENV: MINIDUMP_STACKWALK is now /builds/slave/test/build/macosx64-minidump_stackwalk
17:00:46     INFO - ENV: MOZ_NODE_PATH is now /builds/slave/test/build/node-osx/bin/node
17:00:46     INFO - ENV: MINIDUMP_SAVE_PATH is now /builds/slave/test/build/blobber_upload_dir
17:00:46     INFO - Running command: ['/builds/slave/test/build/venv/bin/python', '-u', '/builds/slave/test/build/tests/mochitest/runtests.py', '--total-chunks', '8', '--this-chunk', '6', '--appname=/builds/slave/test/build/application/Firefox.app/Contents/MacOS/firefox', '--utility-path=tests/bin', '--extra-profile-file=tests/bin/plugins', '--symbols-path=https://queue.taskcluster.net/v1/task/HHn8t6C8SBmHWYIFt5uc2A/artifacts/public/build/firefox-52.8.2.en-US.mac.crashreporter-symbols.zip', '--certificate-path=tests/certs', '--quiet', '--log-raw=/builds/slave/test/build/blobber_upload_dir/mochitest-devtools-chrome_raw.log', '--log-errorsummary=/builds/slave/test/build/blobber_upload_dir/mochitest-devtools-chrome_errorsummary.log', '--screenshot-on-fail', '--cleanup-crashes', '--log-raw=-', '--flavor=browser', '--subsuite=devtools'] in /builds/slave/test/build
17:00:46     INFO - Copy/paste: /builds/slave/test/build/venv/bin/python -u /builds/slave/test/build/tests/mochitest/runtests.py --total-chunks 8 --this-chunk 6 --appname=/builds/slave/test/build/application/Firefox.app/Contents/MacOS/firefox --utility-path=tests/bin --extra-profile-file=tests/bin/plugins --symbols-path=https://queue.taskcluster.net/v1/task/HHn8t6C8SBmHWYIFt5uc2A/artifacts/public/build/firefox-52.8.2.en-US.mac.crashreporter-symbols.zip --certificate-path=tests/certs --quiet --log-raw=/builds/slave/test/build/blobber_upload_dir/mochitest-devtools-chrome_raw.log --log-errorsummary=/builds/slave/test/build/blobber_upload_dir/mochitest-devtools-chrome_errorsummary.log --screenshot-on-fail --cleanup-crashes --log-raw=- --flavor=browser --subsuite=devtools
17:00:46     INFO - Using env: {'Apple_PubSub_Socket_Render': '/private/tmp/com.apple.launchd.amOruGVP0x/Render',
17:00:46     INFO -  'GIT_SHARE_BASE_DIR': '/builds/git-shared',
17:00:46     INFO -  'HG_SHARE_BASE_DIR': '/builds/hg-shared',
17:00:46     INFO -  'HOME': '/Users/cltbld',
17:00:46     INFO -  'IDLEIZER_DISABLE_SHUTDOWN': 'true',
17:00:46     INFO -  'LOGNAME': 'cltbld',
17:00:46     INFO -  'MINIDUMP_SAVE_PATH': '/builds/slave/test/build/blobber_upload_dir',
17:00:46     INFO -  'MINIDUMP_STACKWALK': '/builds/slave/test/build/macosx64-minidump_stackwalk',
17:00:46     INFO -  'MOZ_HIDE_RESULTS_TABLE': '1',
17:00:46     INFO -  'MOZ_NODE_PATH': '/builds/slave/test/build/node-osx/bin/node',
17:00:46     INFO -  'MOZ_NO_REMOTE': '1',
17:00:46     INFO -  'MOZ_UPLOAD_DIR': '/builds/slave/test/build/blobber_upload_dir',
17:00:46     INFO -  'NO_EM_RESTART': '1',
17:00:46     INFO -  'NO_FAIL_ON_TEST_ERRORS': '1',
17:00:46     INFO -  'PATH': '/builds/slave/test/build/venv/bin:/usr/local/sbin:/usr/local/bin:/usr/sbin:/usr/bin:/sbin:/bin:/usr/bin/X11',
17:00:46     INFO -  'PROPERTIES_FILE': '/builds/slave/test/buildprops.json',
17:00:46     INFO -  'PWD': '/builds/slave/test',
17:00:46     INFO -  'RUNNER_CONFIG_CMD': '/opt/runner/bin/python2.7 /opt/runner/bin/runner -c /opt/runner/runner.cfg',
17:00:46     INFO -  'SHELL': '/bin/bash',
17:00:46     INFO -  'SSH_AUTH_SOCK': '/private/tmp/com.apple.launchd.DnGt0NYrV5/Listeners',
17:00:46     INFO -  'TMPDIR': '/var/folders/n9/5yc0k79j0m3fqspp_mk8fy4w00000w/T/',
17:00:46     INFO -  'TWISTD_LOG_PATH': '/builds/slave/twistd.log',
17:00:46     INFO -  'USER': 'cltbld',
17:00:46     INFO -  'VERSIONER_PYTHON_PREFER_32_BIT': 'no',
17:00:46     INFO -  'VERSIONER_PYTHON_VERSION': '2.7',
17:00:46     INFO -  'XPCOM_DEBUG_BREAK': 'warn',
17:00:46     INFO -  'XPC_FLAGS': '0x0',
17:00:46     INFO -  'XPC_SERVICE_NAME': '0',
17:00:46     INFO -  '__CF_USER_TEXT_ENCODING': '0x1C:0:0'}
17:00:46     INFO - Calling ['/builds/slave/test/build/venv/bin/python', '-u', '/builds/slave/test/build/tests/mochitest/runtests.py', '--total-chunks', '8', '--this-chunk', '6', '--appname=/builds/slave/test/build/application/Firefox.app/Contents/MacOS/firefox', '--utility-path=tests/bin', '--extra-profile-file=tests/bin/plugins', '--symbols-path=https://queue.taskcluster.net/v1/task/HHn8t6C8SBmHWYIFt5uc2A/artifacts/public/build/firefox-52.8.2.en-US.mac.crashreporter-symbols.zip', '--certificate-path=tests/certs', '--quiet', '--log-raw=/builds/slave/test/build/blobber_upload_dir/mochitest-devtools-chrome_raw.log', '--log-errorsummary=/builds/slave/test/build/blobber_upload_dir/mochitest-devtools-chrome_errorsummary.log', '--screenshot-on-fail', '--cleanup-crashes', '--log-raw=-', '--flavor=browser', '--subsuite=devtools'] with output_timeout 1000
17:00:46     INFO - Checking for orphan ssltunnel processes...
17:00:47     INFO - Checking for orphan xpcshell processes...
17:00:47     INFO - mozcrash Removed pending crash reports at '/Users/cltbld/Library/Application Support/firefox/Crash Reports'
17:00:47     INFO - SUITE-START | Running 234 tests
17:00:47     INFO - TEST-START | devtools/client/projecteditor/test/browser_projecteditor_contextmenu_02.js
17:00:47     INFO - TEST-SKIP | devtools/client/projecteditor/test/browser_projecteditor_contextmenu_02.js | took 0ms
17:00:47     INFO - TEST-START | devtools/client/projecteditor/test/browser_projecteditor_delete_file.js
17:00:47     INFO - TEST-SKIP | devtools/client/projecteditor/test/browser_projecteditor_delete_file.js | took 0ms
17:00:47     INFO - TEST-START | devtools/client/projecteditor/test/browser_projecteditor_menubar_02.js
17:00:47     INFO - TEST-SKIP | devtools/client/projecteditor/test/browser_projecteditor_menubar_02.js | took 0ms
17:00:47     INFO - TEST-START | devtools/client/shadereditor/test/browser_se_bfcache.js
17:00:47     INFO - TEST-SKIP | devtools/client/shadereditor/test/browser_se_bfcache.js | took 0ms
17:00:47     INFO - TEST-START | devtools/client/shared/test/browser_graphs-01.js
17:00:47     INFO - TEST-SKIP | devtools/client/shared/test/browser_graphs-01.js | took 0ms
17:00:47     INFO - TEST-START | devtools/client/shared/test/browser_graphs-02.js
17:00:47     INFO - TEST-SKIP | devtools/client/shared/test/browser_graphs-02.js | took 0ms
17:00:47     INFO - TEST-START | devtools/client/shared/test/browser_graphs-03.js
17:00:47     INFO - TEST-SKIP | devtools/client/shared/test/browser_graphs-03.js | took 0ms
17:00:47     INFO - TEST-START | devtools/client/shared/test/browser_graphs-04.js
17:00:47     INFO - TEST-SKIP | devtools/client/shared/test/browser_graphs-04.js | took 0ms
17:00:47     INFO - TEST-START | devtools/client/shared/test/browser_graphs-05.js
17:00:47     INFO - TEST-SKIP | devtools/client/shared/test/browser_graphs-05.js | took 0ms
17:00:47     INFO - TEST-START | devtools/client/shared/test/browser_graphs-06.js
17:00:47     INFO - TEST-SKIP | devtools/client/shared/test/browser_graphs-06.js | took 0ms
17:00:47     INFO - TEST-START | devtools/client/shared/test/browser_graphs-07a.js
17:00:47     INFO - TEST-SKIP | devtools/client/shared/test/browser_graphs-07a.js | took 0ms
17:00:47     INFO - TEST-START | devtools/client/shared/test/browser_graphs-07b.js
17:00:47     INFO - TEST-SKIP | devtools/client/shared/test/browser_graphs-07b.js | took 0ms
17:00:47     INFO - TEST-START | devtools/client/shared/test/browser_graphs-07c.js
17:00:47     INFO - TEST-SKIP | devtools/client/shared/test/browser_graphs-07c.js | took 0ms
17:00:47     INFO - TEST-START | devtools/client/shared/test/browser_graphs-07d.js
17:00:47     INFO - TEST-SKIP | devtools/client/shared/test/browser_graphs-07d.js | took 0ms
17:00:47     INFO - TEST-START | devtools/client/shared/test/browser_graphs-07e.js
17:00:47     INFO - TEST-SKIP | devtools/client/shared/test/browser_graphs-07e.js | took 0ms
17:00:47     INFO - TEST-START | devtools/client/shared/test/browser_graphs-08.js
17:00:47     INFO - TEST-SKIP | devtools/client/shared/test/browser_graphs-08.js | took 0ms
17:00:47     INFO - TEST-START | devtools/client/shared/test/browser_graphs-09a.js
17:00:47     INFO - TEST-SKIP | devtools/client/shared/test/browser_graphs-09a.js | took 0ms
17:00:47     INFO - TEST-START | devtools/client/shared/test/browser_graphs-09b.js
17:00:47     INFO - TEST-SKIP | devtools/client/shared/test/browser_graphs-09b.js | took 0ms
17:00:47     INFO - TEST-START | devtools/client/shared/test/browser_graphs-09c.js
17:00:47     INFO - TEST-SKIP | devtools/client/shared/test/browser_graphs-09c.js | took 0ms
17:00:47     INFO - TEST-START | devtools/client/shared/test/browser_graphs-09d.js
17:00:47     INFO - TEST-SKIP | devtools/client/shared/test/browser_graphs-09d.js | took 0ms
17:00:47     INFO - TEST-START | devtools/client/shared/test/browser_graphs-09e.js
17:00:47     INFO - TEST-SKIP | devtools/client/shared/test/browser_graphs-09e.js | took 1ms
17:00:47     INFO - TEST-START | devtools/client/shared/test/browser_graphs-09f.js
17:00:47     INFO - TEST-SKIP | devtools/client/shared/test/browser_graphs-09f.js | took 0ms
17:00:47     INFO - TEST-START | devtools/client/shared/test/browser_graphs-10a.js
17:00:47     INFO - TEST-SKIP | devtools/client/shared/test/browser_graphs-10a.js | took 0ms
17:00:47     INFO - TEST-START | devtools/client/shared/test/browser_graphs-10b.js
17:00:47     INFO - TEST-SKIP | devtools/client/shared/test/browser_graphs-10b.js | took 0ms
17:00:47     INFO - TEST-START | devtools/client/shared/test/browser_graphs-10c.js
17:00:47     INFO - TEST-SKIP | devtools/client/shared/test/browser_graphs-10c.js | took 0ms
17:00:47     INFO - TEST-START | devtools/client/shared/test/browser_graphs-11a.js
17:00:47     INFO - TEST-SKIP | devtools/client/shared/test/browser_graphs-11a.js | took 0ms
17:00:47     INFO - TEST-START | devtools/client/shared/test/browser_graphs-11b.js
17:00:47     INFO - TEST-SKIP | devtools/client/shared/test/browser_graphs-11b.js | took 0ms
17:00:47     INFO - TEST-START | devtools/client/shared/test/browser_graphs-12.js
17:00:47     INFO - TEST-SKIP | devtools/client/shared/test/browser_graphs-12.js | took 0ms
17:00:47     INFO - TEST-START | devtools/client/shared/test/browser_graphs-13.js
17:00:47     INFO - TEST-SKIP | devtools/client/shared/test/browser_graphs-13.js | took 0ms
17:00:47     INFO - TEST-START | devtools/client/shared/test/browser_graphs-14.js
17:00:47     INFO - TEST-SKIP | devtools/client/shared/test/browser_graphs-14.js | took 0ms
17:00:47     INFO - TEST-START | devtools/client/shared/test/browser_graphs-15.js
17:00:47     INFO - TEST-SKIP | devtools/client/shared/test/browser_graphs-15.js | took 0ms
17:00:47     INFO - TEST-START | devtools/client/shared/test/browser_graphs-16.js
17:00:47     INFO - TEST-SKIP | devtools/client/shared/test/browser_graphs-16.js | took 0ms
17:00:47     INFO - TEST-START | devtools/client/shared/test/browser_layoutHelpers-getBoxQuads.js
17:00:47     INFO - TEST-SKIP | devtools/client/shared/test/browser_layoutHelpers-getBoxQuads.js | took 0ms
17:00:47     INFO - TEST-START | devtools/client/shared/test/browser_layoutHelpers.js
17:00:47     INFO - TEST-SKIP | devtools/client/shared/test/browser_layoutHelpers.js | took 0ms
17:00:47     INFO -  dir: devtools/client/performance/test
17:00:47     INFO -  mozprofile.addons WARNING | Could not install /builds/slave/test/build/tests/mochitest/extensions/mozscreenshots: [Errno 2] No such file or directory: '/builds/slave/test/build/tests/mochitest/extensions/mozscreenshots/install.rdf'
17:00:47     INFO -  pk12util: PKCS12 IMPORT SUCCESSFUL
17:00:47     INFO - MochitestServer : launching [u'/builds/slave/test/build/tests/bin/xpcshell', '-g', '/builds/slave/test/build/application/Firefox.app/Contents/Resources', '-v', '170', '-f', '/builds/slave/test/build/tests/bin/components/httpd.js', '-e', "const _PROFILE_PATH = '/var/folders/n9/5yc0k79j0m3fqspp_mk8fy4w00000w/T/tmpJUbs4B.mozrunner'; const _SERVER_PORT = '8888'; const _SERVER_ADDR = '127.0.0.1'; const _TEST_PREFIX = undefined; const _DISPLAY_RESULTS = false;", '-f', '/builds/slave/test/build/tests/mochitest/server.js']
17:00:47     INFO - runtests.py | Server pid: 2352
17:00:47     INFO - runtests.py | Websocket server pid: 2353
17:00:47     INFO - runtests.py | SSL tunnel pid: 2354
17:00:47     INFO - runtests.py | Running with e10s: True
17:00:47     INFO - runtests.py | Running tests: start.
17:00:47     INFO - 
17:00:47     INFO - Application command: /builds/slave/test/build/application/Firefox.app/Contents/MacOS/firefox -marionette -foreground -profile /var/folders/n9/5yc0k79j0m3fqspp_mk8fy4w00000w/T/tmpJUbs4B.mozrunner
17:00:47     INFO - runtests.py | Application pid: 2355
17:00:47     INFO - TEST-INFO | started process Main app process
17:00:49     INFO - 1528502449382	Marionette	INFO	Listening on port 2828
17:00:51     INFO - 2018-06-08 17:00:51.224 plugin-container[2359:15305] *** CFMessagePort: bootstrap_register(): failed 1100 (0x44c) 'Permission denied', port = 0x4d47, name = 'com.apple.tsm.portname'
17:00:51     INFO - See /usr/include/servers/bootstrap_defs.h for the error codes.
17:00:51     INFO - 2018-06-08 17:00:51.224 plugin-container[2359:15305] *** CFMessagePort: bootstrap_register(): failed 1100 (0x44c) 'Permission denied', port = 0x901b, name = 'com.apple.CFPasteboardClient'
17:00:51     INFO - See /usr/include/servers/bootstrap_defs.h for the error codes.
17:00:51     INFO - 2018-06-08 17:00:51.224 plugin-container[2359:15305] Failed to allocate communication port for com.apple.CFPasteboardClient; this is likely due to sandbox restrictions
17:00:51     INFO - *** Start BrowserChrome Test Results ***
17:00:51     INFO - checking window state
17:00:51     INFO - TEST-START | devtools/client/performance/test/browser_perf-tree-abstract-01.js
17:00:51     INFO - Waiting for event: 'MozAfterPaint' on [object ChromeWindow] for 1 time(s).
17:00:51     INFO - Event: 'MozAfterPaint' on [object ChromeWindow] received.
17:00:51     INFO - Waiting for event: 'expand' on [object Object] for 1 time(s).
17:00:51     INFO - Waiting for event: 'focus' on [object Object] for 1 time(s).
17:00:51     INFO - Event: 'expand' on [object Object] received.
17:00:51     INFO - Event: 'focus' on [object Object] received.
17:00:51     INFO - Waiting for event: 'focus' on [object Object] for 1 time(s).
17:00:51     INFO - Event: 'focus' on [object Object] received.
17:00:51     INFO - Waiting for event: 'expand' on [object Object] for 1 time(s).
17:00:51     INFO - Waiting for event: 'focus' on [object Object] for 1 time(s).
17:00:51     INFO - Event: 'expand' on [object Object] received.
17:00:51     INFO - Event: 'focus' on [object Object] received.
17:00:52     INFO - MEMORY STAT vsizeMaxContiguous not supported in this build configuration.
17:00:52     INFO - MEMORY STAT | vsize 4028MB | residentFast 255MB | heapAllocated 89MB
17:00:52     INFO - TEST-OK | devtools/client/performance/test/browser_perf-tree-abstract-01.js | took 500ms
17:00:52     INFO - checking window state
17:00:52     INFO - TEST-START | devtools/client/performance/test/browser_perf-tree-abstract-02.js
17:00:52     INFO - Waiting for event: 'MozAfterPaint' on [object ChromeWindow] for 1 time(s).
17:00:52     INFO - Event: 'MozAfterPaint' on [object ChromeWindow] received.
17:00:52     INFO - MEMORY STAT | vsize 4029MB | residentFast 255MB | heapAllocated 86MB
17:00:52     INFO - TEST-OK | devtools/client/performance/test/browser_perf-tree-abstract-02.js | took 266ms
17:00:52     INFO - checking window state
17:00:52     INFO - TEST-START | devtools/client/performance/test/browser_perf-tree-abstract-03.js
17:00:52     INFO - Waiting for event: 'MozAfterPaint' on [object ChromeWindow] for 1 time(s).
17:00:52     INFO - Event: 'MozAfterPaint' on [object ChromeWindow] received.
17:00:52     INFO - MEMORY STAT | vsize 4029MB | residentFast 256MB | heapAllocated 86MB
17:00:52     INFO - TEST-OK | devtools/client/performance/test/browser_perf-tree-abstract-03.js | took 282ms
17:00:52     INFO - checking window state
17:00:53     INFO - TEST-START | devtools/client/performance/test/browser_perf-tree-abstract-04.js
17:00:53     INFO - Waiting for event: 'MozAfterPaint' on [object ChromeWindow] for 1 time(s).
17:00:53     INFO - Event: 'MozAfterPaint' on [object ChromeWindow] received.
17:00:53     INFO - Waiting for event: 'focus' on [object Object] for 1 time(s).
17:00:53     INFO - Event: 'focus' on [object Object] received.
17:00:53     INFO - MEMORY STAT | vsize 4033MB | residentFast 256MB | heapAllocated 86MB
17:00:53     INFO - TEST-OK | devtools/client/performance/test/browser_perf-tree-abstract-04.js | took 262ms
17:00:53     INFO - checking window state
17:00:53     INFO - TEST-START | devtools/client/performance/test/browser_perf-tree-abstract-05.js
17:00:53     INFO - Waiting for event: 'MozAfterPaint' on [object ChromeWindow] for 1 time(s).
17:00:53     INFO - Event: 'MozAfterPaint' on [object ChromeWindow] received.
17:00:54     INFO - MEMORY STAT | vsize 4058MB | residentFast 280MB | heapAllocated 93MB
17:00:54     INFO - TEST-OK | devtools/client/performance/test/browser_perf-tree-abstract-05.js | took 1050ms
17:00:54     INFO - checking window state
17:00:54     INFO - TEST-START | devtools/client/performance/test/browser_perf-tree-view-01.js
17:00:54     INFO - JavaScript warning: resource://gre/modules/commonjs/toolkit/loader.js -> resource://devtools/client/shared/demangle.js, line 0: Successfully compiled asm.js code (total compilation time 91ms; caching disabled in Firefox ESR52)
17:00:54     INFO - MEMORY STAT | vsize 10216MB | residentFast 295MB | heapAllocated 91MB
17:00:54     INFO - TEST-OK | devtools/client/performance/test/browser_perf-tree-view-01.js | took 560ms
17:00:54     INFO - checking window state
17:00:55     INFO - TEST-START | devtools/client/performance/test/browser_perf-tree-view-02.js
17:00:55     INFO - MEMORY STAT | vsize 10218MB | residentFast 296MB | heapAllocated 91MB
17:00:55     INFO - TEST-OK | devtools/client/performance/test/browser_perf-tree-view-02.js | took 254ms
17:00:55     INFO - checking window state
17:00:55     INFO - TEST-START | devtools/client/performance/test/browser_perf-tree-view-03.js
17:00:55     INFO - MEMORY STAT | vsize 10218MB | residentFast 297MB | heapAllocated 91MB
17:00:55     INFO - TEST-OK | devtools/client/performance/test/browser_perf-tree-view-03.js | took 240ms
17:00:55     INFO - checking window state
17:00:55     INFO - TEST-START | devtools/client/performance/test/browser_perf-tree-view-04.js
17:00:55     INFO - MEMORY STAT | vsize 10218MB | residentFast 297MB | heapAllocated 91MB
17:00:55     INFO - TEST-OK | devtools/client/performance/test/browser_perf-tree-view-04.js | took 332ms
17:00:55     INFO - checking window state
17:00:55     INFO - TEST-START | devtools/client/performance/test/browser_perf-tree-view-05.js
17:00:56     INFO - MEMORY STAT | vsize 10218MB | residentFast 297MB | heapAllocated 91MB
17:00:56     INFO - TEST-OK | devtools/client/performance/test/browser_perf-tree-view-05.js | took 286ms
17:00:56     INFO - checking window state
17:00:56     INFO - TEST-START | devtools/client/performance/test/browser_perf-tree-view-06.js
17:00:56     INFO - Idly waiting for: 100 milliseconds.
17:00:56     INFO - Predicate returned true after 1 tries.
17:00:56     INFO - MEMORY STAT | vsize 10218MB | residentFast 297MB | heapAllocated 92MB
17:00:56     INFO - TEST-OK | devtools/client/performance/test/browser_perf-tree-view-06.js | took 332ms
17:00:56     INFO - checking window state
17:00:56     INFO - TEST-START | devtools/client/performance/test/browser_perf-tree-view-07.js
17:00:56     INFO - MEMORY STAT | vsize 10219MB | residentFast 297MB | heapAllocated 92MB
17:00:56     INFO - TEST-OK | devtools/client/performance/test/browser_perf-tree-view-07.js | took 216ms
17:00:56     INFO - checking window state
17:00:56     INFO - TEST-START | devtools/client/performance/test/browser_perf-tree-view-08.js
17:00:57     INFO - MEMORY STAT | vsize 10219MB | residentFast 297MB | heapAllocated 92MB
17:00:57     INFO - TEST-OK | devtools/client/performance/test/browser_perf-tree-view-08.js | took 264ms
17:00:57     INFO - checking window state
17:00:57     INFO - TEST-START | devtools/client/performance/test/browser_perf-tree-view-09.js
17:00:57     INFO - MEMORY STAT | vsize 10414MB | residentFast 298MB | heapAllocated 92MB
17:00:57     INFO - TEST-OK | devtools/client/performance/test/browser_perf-tree-view-09.js | took 258ms
17:00:57     INFO - checking window state
17:00:57     INFO - TEST-START | devtools/client/performance/test/browser_perf-tree-view-10.js
17:00:57     INFO - MEMORY STAT | vsize 10413MB | residentFast 298MB | heapAllocated 92MB
17:00:57     INFO - TEST-OK | devtools/client/performance/test/browser_perf-tree-view-10.js | took 330ms
17:00:57     INFO - checking window state
17:00:57     INFO - TEST-START | devtools/client/performance/test/browser_perf-ui-recording.js
17:00:58     INFO - Adding tab with url: http://example.com/browser/devtools/client/performance/test/doc_simple-test.html#3377515386795104.
17:00:58     INFO - Tab added and finished loading: http://example.com/browser/devtools/client/performance/test/doc_simple-test.html#3377515386795104.
17:00:58     INFO - Initializing a performance panel.
17:01:00     INFO - Waiting for event: 'Performance:BackendReadyRecordingStart' on [object PerformanceController] for 1 time(s).
17:01:00     INFO - Waiting for event: 'Performance:RecordingStateChange' on [object PerformanceController] for 1 time(s) with arguments: {"1":"recording-started"}.
17:01:00     INFO - Waiting for event: 'Performance:UI:StateChanged' on [object PerformanceView] for 1 time(s) with arguments: {"1":{}}.
17:01:00     INFO - Waiting for event: 'Performance:UI:OverviewRendered' on [object OverviewView] for 1 time(s) with arguments: {"1":100}.
17:01:00     INFO - Event: 'Performance:UI:StateChanged' on [object PerformanceView] received.
17:01:00     INFO - Event: 'Performance:RecordingStateChange' on [object PerformanceController] received.
17:01:00     INFO - Event: 'Performance:BackendReadyRecordingStart' on [object PerformanceController] received.
17:01:00     INFO - Event: 'Performance:UI:OverviewRendered' on [object OverviewView] received.
17:01:00     INFO - Waiting for event: 'Performance:BackendReadyRecordingStop' on [object PerformanceController] for 1 time(s).
17:01:00     INFO - Waiting for event: 'Performance:RecordingStateChange' on [object PerformanceController] for 1 time(s) with arguments: {"1":"recording-stopping"}.
17:01:00     INFO - Waiting for event: 'Performance:RecordingStateChange' on [object PerformanceController] for 1 time(s) with arguments: {"1":"recording-stopped"}.
17:01:00     INFO - Waiting for event: 'Performance:UI:StateChanged' on [object PerformanceView] for 1 time(s) with arguments: {"1":"recorded"}.
17:01:00     INFO - Waiting for event: 'Performance:UI:OverviewRendered' on [object OverviewView] for 1 time(s) with arguments: {"1":16}.
17:01:00     INFO - Waiting for event: 'Performance:UI:WaterfallRendered' on [object WaterfallView] for 1 time(s).
17:01:00     INFO - Ignoring event 'Performance:UI:StateChanged' with unexpected argument at index 1: loading
17:01:00     INFO - Event: 'Performance:RecordingStateChange' on [object PerformanceController] received.
17:01:00     INFO - Ignoring event 'Performance:RecordingStateChange' with unexpected argument at index 1: recording-stopping
17:01:00     INFO - Event: 'Performance:UI:StateChanged' on [object PerformanceView] received.
17:01:00     INFO - Event: 'Performance:RecordingStateChange' on [object PerformanceController] received.
17:01:01     INFO - Event: 'Performance:UI:WaterfallRendered' on [object WaterfallView] received.
17:01:01     INFO - Event: 'Performance:BackendReadyRecordingStop' on [object PerformanceController] received.
17:01:01     INFO - Event: 'Performance:UI:OverviewRendered' on [object OverviewView] received.
17:01:01     INFO - Destroying panel.
17:01:01     INFO - Removing tab: http://example.com/browser/devtools/client/performance/test/doc_simple-test.html#3377515386795104.
17:01:01     INFO - Tab removed and finished closing: http://example.com/browser/devtools/client/performance/test/doc_simple-test.html#3377515386795104.
17:01:01     INFO - MEMORY STAT | vsize 10433MB | residentFast 330MB | heapAllocated 107MB
17:01:01     INFO - TEST-OK | devtools/client/performance/test/browser_perf-ui-recording.js | took 3858ms
17:01:01     INFO - checking window state
17:01:01     INFO - TEST-START | devtools/client/performance/test/browser_timeline-waterfall-background.js
17:01:01     INFO - Adding tab with url: http://example.com/browser/devtools/client/performance/test/doc_simple-test.html#818935489991109.
17:01:01     INFO - Tab added and finished loading: http://example.com/browser/devtools/client/performance/test/doc_simple-test.html#818935489991109.
17:01:01     INFO - Initializing a performance panel.
17:01:02     INFO - Waiting for event: 'Performance:BackendReadyRecordingStart' on [object PerformanceController] for 1 time(s).
17:01:02     INFO - Waiting for event: 'Performance:RecordingStateChange' on [object PerformanceController] for 1 time(s) with arguments: {"1":"recording-started"}.
17:01:02     INFO - Waiting for event: 'Performance:UI:StateChanged' on [object PerformanceView] for 1 time(s) with arguments: {"1":{}}.
17:01:02     INFO - Waiting for event: 'Performance:UI:OverviewRendered' on [object OverviewView] for 1 time(s) with arguments: {"1":100}.
17:01:02     INFO - Event: 'Performance:UI:StateChanged' on [object PerformanceView] received.
17:01:02     INFO - Event: 'Performance:RecordingStateChange' on [object PerformanceController] received.
17:01:02     INFO - Event: 'Performance:BackendReadyRecordingStart' on [object PerformanceController] received.
17:01:02     INFO - Event: 'Performance:UI:OverviewRendered' on [object OverviewView] received.
17:01:02     INFO - Waiting for event: 'Performance:UI:OverviewRendered' on [object OverviewView] for 3 time(s) with arguments: {"1":100}.
17:01:03     INFO - Event: 'Performance:UI:OverviewRendered' on [object OverviewView] needs to be fired 2 more time(s).
17:01:03     INFO - Event: 'Performance:UI:OverviewRendered' on [object OverviewView] needs to be fired 1 more time(s).
17:01:03     INFO - Event: 'Performance:UI:OverviewRendered' on [object OverviewView] received.
17:01:03     INFO - Waiting for event: 'Performance:BackendReadyRecordingStop' on [object PerformanceController] for 1 time(s).
17:01:03     INFO - Waiting for event: 'Performance:RecordingStateChange' on [object PerformanceController] for 1 time(s) with arguments: {"1":"recording-stopping"}.
17:01:03     INFO - Waiting for event: 'Performance:RecordingStateChange' on [object PerformanceController] for 1 time(s) with arguments: {"1":"recording-stopped"}.
17:01:03     INFO - Waiting for event: 'Performance:UI:StateChanged' on [object PerformanceView] for 1 time(s) with arguments: {"1":"recorded"}.
17:01:03     INFO - Waiting for event: 'Performance:UI:OverviewRendered' on [object OverviewView] for 1 time(s) with arguments: {"1":16}.
17:01:03     INFO - Waiting for event: 'Performance:UI:WaterfallRendered' on [object WaterfallView] for 1 time(s).
17:01:03     INFO - Ignoring event 'Performance:UI:StateChanged' with unexpected argument at index 1: loading
17:01:03     INFO - Event: 'Performance:RecordingStateChange' on [object PerformanceController] received.
17:01:03     INFO - Ignoring event 'Performance:RecordingStateChange' with unexpected argument at index 1: recording-stopping
17:01:03     INFO - Event: 'Performance:UI:StateChanged' on [object PerformanceView] received.
17:01:03     INFO - Event: 'Performance:RecordingStateChange' on [object PerformanceController] received.
17:01:03     INFO - Event: 'Performance:UI:WaterfallRendered' on [object WaterfallView] received.
17:01:03     INFO - Event: 'Performance:BackendReadyRecordingStop' on [object PerformanceController] received.
17:01:03     INFO - Event: 'Performance:UI:OverviewRendered' on [object OverviewView] received.
17:01:03     INFO - Destroying panel.
17:01:04     INFO - Removing tab: http://example.com/browser/devtools/client/performance/test/doc_simple-test.html#818935489991109.
17:01:04     INFO - Tab removed and finished closing: http://example.com/browser/devtools/client/performance/test/doc_simple-test.html#818935489991109.
17:01:04     INFO - MEMORY STAT | vsize 10446MB | residentFast 333MB | heapAllocated 107MB
17:01:04     INFO - TEST-OK | devtools/client/performance/test/browser_timeline-waterfall-background.js | took 2684ms
17:01:04     INFO - checking window state
17:01:04     INFO - TEST-START | devtools/client/performance/test/browser_timeline-waterfall-generic.js
17:01:04     INFO - Adding tab with url: http://example.com/browser/devtools/client/performance/test/doc_simple-test.html#5715751131901444.
17:01:04     INFO - Tab added and finished loading: http://example.com/browser/devtools/client/performance/test/doc_simple-test.html#5715751131901444.
17:01:04     INFO - Initializing a performance panel.
17:01:05     INFO - Waiting for event: 'Performance:BackendReadyRecordingStart' on [object PerformanceController] for 1 time(s).
17:01:05     INFO - Waiting for event: 'Performance:RecordingStateChange' on [object PerformanceController] for 1 time(s) with arguments: {"1":"recording-started"}.
17:01:05     INFO - Waiting for event: 'Performance:UI:StateChanged' on [object PerformanceView] for 1 time(s) with arguments: {"1":{}}.
17:01:05     INFO - Waiting for event: 'Performance:UI:OverviewRendered' on [object OverviewView] for 1 time(s) with arguments: {"1":100}.
17:01:05     INFO - Event: 'Performance:UI:StateChanged' on [object PerformanceView] received.
17:01:05     INFO - Event: 'Performance:RecordingStateChange' on [object PerformanceController] received.
17:01:05     INFO - Event: 'Performance:BackendReadyRecordingStart' on [object PerformanceController] received.
17:01:05     INFO - Event: 'Performance:UI:OverviewRendered' on [object OverviewView] received.
17:01:05     INFO - Waiting for event: 'Performance:UI:OverviewRendered' on [object OverviewView] for 3 time(s) with arguments: {"1":100}.
17:01:05     INFO - Event: 'Performance:UI:OverviewRendered' on [object OverviewView] needs to be fired 2 more time(s).
17:01:05     INFO - Event: 'Performance:UI:OverviewRendered' on [object OverviewView] needs to be fired 1 more time(s).
17:01:06     INFO - Event: 'Performance:UI:OverviewRendered' on [object OverviewView] received.
17:01:06     INFO - Waiting for event: 'Performance:BackendReadyRecordingStop' on [object PerformanceController] for 1 time(s).
17:01:06     INFO - Waiting for event: 'Performance:RecordingStateChange' on [object PerformanceController] for 1 time(s) with arguments: {"1":"recording-stopping"}.
17:01:06     INFO - Waiting for event: 'Performance:RecordingStateChange' on [object PerformanceController] for 1 time(s) with arguments: {"1":"recording-stopped"}.
17:01:06     INFO - Waiting for event: 'Performance:UI:StateChanged' on [object PerformanceView] for 1 time(s) with arguments: {"1":"recorded"}.
17:01:06     INFO - Waiting for event: 'Performance:UI:OverviewRendered' on [object OverviewView] for 1 time(s) with arguments: {"1":16}.
17:01:06     INFO - Waiting for event: 'Performance:UI:WaterfallRendered' on [object WaterfallView] for 1 time(s).
17:01:06     INFO - Ignoring event 'Performance:UI:StateChanged' with unexpected argument at index 1: loading
17:01:06     INFO - Event: 'Performance:RecordingStateChange' on [object PerformanceController] received.
17:01:06     INFO - Ignoring event 'Performance:RecordingStateChange' with unexpected argument at index 1: recording-stopping
17:01:06     INFO - Event: 'Performance:UI:StateChanged' on [object PerformanceView] received.
17:01:06     INFO - Event: 'Performance:RecordingStateChange' on [object PerformanceController] received.
17:01:06     INFO - Event: 'Performance:UI:WaterfallRendered' on [object WaterfallView] received.
17:01:06     INFO - Event: 'Performance:BackendReadyRecordingStop' on [object PerformanceController] received.
17:01:06     INFO - Event: 'Performance:UI:OverviewRendered' on [object OverviewView] received.
17:01:06     INFO - Waiting for event: 'Performance:UI:WaterfallRendered' on [object WaterfallView] for 1 time(s).
17:01:06     INFO - Event: 'Performance:UI:WaterfallRendered' on [object WaterfallView] received.
17:01:06     INFO - Destroying panel.
17:01:06     INFO - Removing tab: http://example.com/browser/devtools/client/performance/test/doc_simple-test.html#5715751131901444.
17:01:06     INFO - Tab removed and finished closing: http://example.com/browser/devtools/client/performance/test/doc_simple-test.html#5715751131901444.
17:01:07     INFO - MEMORY STAT | vsize 10451MB | residentFast 334MB | heapAllocated 106MB
17:01:07     INFO - TEST-OK | devtools/client/performance/test/browser_timeline-waterfall-generic.js | took 2680ms
17:01:07     INFO - checking window state
17:01:08     INFO - Completed ShutdownLeaks collections in process 2359
17:01:09     INFO - Completed ShutdownLeaks collections in process 2355
17:01:09     INFO - TEST-START | Shutdown
17:01:09     INFO - Browser Chrome Test Summary
17:01:09     INFO - Passed:  307
17:01:09     INFO - Failed:  0
17:01:09     INFO - Todo:    0
17:01:09     INFO - Mode:    e10s
17:01:09     INFO - *** End BrowserChrome Test Results ***
17:01:10     INFO - -*- PresentationControlService.js: PresentationControlService - close
17:01:10     INFO - TEST-INFO | Main app process: exit 0
17:01:10     INFO - runtests.py | Application ran for: 0:00:23.079714
17:01:10     INFO - zombiecheck | Reading PID log: /var/folders/n9/5yc0k79j0m3fqspp_mk8fy4w00000w/T/tmp1IDdPMpidlog
17:01:10     INFO - ==> process 2355 launched child process 2359
17:01:10     INFO - zombiecheck | Checking for orphan process with PID: 2359
17:01:10     INFO - Stopping web server
17:01:10     INFO - Stopping web socket server
17:01:10     INFO - Stopping ssltunnel
17:01:10  WARNING - leakcheck | refcount logging is off, so leaks can't be detected!
17:01:10     INFO - runtests.py | Running tests: end.
17:01:10     INFO - Buffered messages finished
17:01:10     INFO -  dir: devtools/client/projecteditor/test
17:01:10     INFO -  mozprofile.addons WARNING | Could not install /builds/slave/test/build/tests/mochitest/extensions/mozscreenshots: [Errno 2] No such file or directory: '/builds/slave/test/build/tests/mochitest/extensions/mozscreenshots/install.rdf'
17:01:11     INFO -  pk12util: PKCS12 IMPORT SUCCESSFUL
17:01:11     INFO - MochitestServer : launching [u'/builds/slave/test/build/tests/bin/xpcshell', '-g', '/builds/slave/test/build/application/Firefox.app/Contents/Resources', '-v', '170', '-f', '/builds/slave/test/build/tests/bin/components/httpd.js', '-e', "const _PROFILE_PATH = '/var/folders/n9/5yc0k79j0m3fqspp_mk8fy4w00000w/T/tmp_A8jDf.mozrunner'; const _SERVER_PORT = '8888'; const _SERVER_ADDR = '127.0.0.1'; const _TEST_PREFIX = undefined; const _DISPLAY_RESULTS = false;", '-f', '/builds/slave/test/build/tests/mochitest/server.js']
17:01:11     INFO - runtests.py | Server pid: 2367
17:01:11     INFO - runtests.py | Websocket server pid: 2368
17:01:11     INFO - runtests.py | SSL tunnel pid: 2369
17:01:11     INFO - runtests.py | Running with e10s: True
17:01:11     INFO - runtests.py | Running tests: start.
17:01:11     INFO - 
17:01:11     INFO - Application command: /builds/slave/test/build/application/Firefox.app/Contents/MacOS/firefox -marionette -foreground -profile /var/folders/n9/5yc0k79j0m3fqspp_mk8fy4w00000w/T/tmp_A8jDf.mozrunner
17:01:11     INFO - runtests.py | Application pid: 2370
17:01:11     INFO - TEST-INFO | started process Main app process
17:01:12     INFO - 1528502472512	Marionette	INFO	Listening on port 2828
17:01:14     INFO - 2018-06-08 17:01:14.438 plugin-container[2371:15640] *** CFMessagePort: bootstrap_register(): failed 1100 (0x44c) 'Permission denied', port = 0x8b4b, name = 'com.apple.tsm.portname'
17:01:14     INFO - See /usr/include/servers/bootstrap_defs.h for the error codes.
17:01:14     INFO - 2018-06-08 17:01:14.439 plugin-container[2371:15640] *** CFMessagePort: bootstrap_register(): failed 1100 (0x44c) 'Permission denied', port = 0x900f, name = 'com.apple.CFPasteboardClient'
17:01:14     INFO - See /usr/include/servers/bootstrap_defs.h for the error codes.
17:01:14     INFO - 2018-06-08 17:01:14.439 plugin-container[2371:15640] Failed to allocate communication port for com.apple.CFPasteboardClient; this is likely due to sandbox restrictions
17:01:14     INFO - *** Start BrowserChrome Test Results ***
17:01:14     INFO - checking window state
17:01:14     INFO - TEST-START | devtools/client/projecteditor/test/browser_projecteditor_app_options.js
17:01:15     INFO - MEMORY STAT vsizeMaxContiguous not supported in this build configuration.
17:01:15     INFO - MEMORY STAT | vsize 4078MB | residentFast 301MB | heapAllocated 152MB
17:01:15     INFO - TEST-OK | devtools/client/projecteditor/test/browser_projecteditor_app_options.js | took 958ms
17:01:15     INFO - checking window state
17:01:16     INFO - TEST-START | devtools/client/projecteditor/test/browser_projecteditor_confirm_unsaved.js
17:01:17     INFO - MEMORY STAT | vsize 4109MB | residentFast 331MB | heapAllocated 170MB
17:01:17     INFO - TEST-OK | devtools/client/projecteditor/test/browser_projecteditor_confirm_unsaved.js | took 1298ms
17:01:17     INFO - checking window state
17:01:17     INFO - TEST-START | devtools/client/projecteditor/test/browser_projecteditor_contextmenu_01.js
17:01:18     INFO - MEMORY STAT | vsize 4127MB | residentFast 345MB | heapAllocated 170MB
17:01:18     INFO - TEST-OK | devtools/client/projecteditor/test/browser_projecteditor_contextmenu_01.js | took 758ms
17:01:18     INFO - checking window state
17:01:18     INFO - TEST-START | devtools/client/projecteditor/test/browser_projecteditor_editing_01.js
17:01:20     INFO - MEMORY STAT | vsize 4182MB | residentFast 409MB | heapAllocated 206MB
17:01:20     INFO - TEST-OK | devtools/client/projecteditor/test/browser_projecteditor_editing_01.js | took 1886ms
17:01:20     INFO - checking window state
17:01:20     INFO - TEST-START | devtools/client/projecteditor/test/browser_projecteditor_editors_image.js
17:01:20     INFO - MEMORY STAT | vsize 4390MB | residentFast 418MB | heapAllocated 211MB
17:01:20     INFO - TEST-OK | devtools/client/projecteditor/test/browser_projecteditor_editors_image.js | took 408ms
17:01:20     INFO - checking window state
17:01:20     INFO - TEST-START | devtools/client/projecteditor/test/browser_projecteditor_external_change.js
17:01:22     INFO - MEMORY STAT | vsize 4435MB | residentFast 468MB | heapAllocated 175MB
17:01:22     INFO - TEST-OK | devtools/client/projecteditor/test/browser_projecteditor_external_change.js | took 2306ms
17:01:23     INFO - checking window state
17:01:23     INFO - TEST-START | devtools/client/projecteditor/test/browser_projecteditor_immediate_destroy.js
17:01:24     INFO - MEMORY STAT | vsize 4423MB | residentFast 455MB | heapAllocated 150MB
17:01:24     INFO - TEST-OK | devtools/client/projecteditor/test/browser_projecteditor_immediate_destroy.js | took 1438ms
17:01:24     INFO - checking window state
17:01:24     INFO - TEST-START | devtools/client/projecteditor/test/browser_projecteditor_init.js
17:01:24     INFO - MEMORY STAT | vsize 4423MB | residentFast 455MB | heapAllocated 153MB
17:01:24     INFO - TEST-OK | devtools/client/projecteditor/test/browser_projecteditor_init.js | took 260ms
17:01:24     INFO - checking window state
17:01:24     INFO - TEST-START | devtools/client/projecteditor/test/browser_projecteditor_menubar_01.js
17:01:25     INFO - MEMORY STAT | vsize 4430MB | residentFast 458MB | heapAllocated 163MB
17:01:25     INFO - TEST-OK | devtools/client/projecteditor/test/browser_projecteditor_menubar_01.js | took 700ms
17:01:25     INFO - checking window state
17:01:25     INFO - TEST-START | devtools/client/projecteditor/test/browser_projecteditor_new_file.js
17:01:26     INFO - MEMORY STAT | vsize 4429MB | residentFast 458MB | heapAllocated 162MB
17:01:26     INFO - TEST-OK | devtools/client/projecteditor/test/browser_projecteditor_new_file.js | took 376ms
17:01:26     INFO - checking window state
17:01:26     INFO - TEST-START | devtools/client/projecteditor/test/browser_projecteditor_rename_file_01.js
17:01:28     INFO - MEMORY STAT | vsize 4500MB | residentFast 484MB | heapAllocated 229MB
17:01:28     INFO - TEST-OK | devtools/client/projecteditor/test/browser_projecteditor_rename_file_01.js | took 2374ms
17:01:28     INFO - checking window state
17:01:28     INFO - TEST-START | devtools/client/projecteditor/test/browser_projecteditor_rename_file_02.js
17:01:31     INFO - MEMORY STAT | vsize 4628MB | residentFast 556MB | heapAllocated 287MB
17:01:31     INFO - TEST-OK | devtools/client/projecteditor/test/browser_projecteditor_rename_file_02.js | took 2808ms
17:01:31     INFO - checking window state
17:01:31     INFO - TEST-START | devtools/client/projecteditor/test/browser_projecteditor_saveall.js
17:01:33     INFO - MEMORY STAT | vsize 4616MB | residentFast 576MB | heapAllocated 193MB
17:01:33     INFO - TEST-OK | devtools/client/projecteditor/test/browser_projecteditor_saveall.js | took 2182ms
17:01:33     INFO - checking window state
17:01:34     INFO - TEST-START | devtools/client/projecteditor/test/browser_projecteditor_stores.js
17:01:34     INFO - MEMORY STAT | vsize 4615MB | residentFast 577MB | heapAllocated 195MB
17:01:34     INFO - TEST-OK | devtools/client/projecteditor/test/browser_projecteditor_stores.js | took 668ms
17:01:34     INFO - checking window state
17:01:34     INFO - TEST-START | devtools/client/projecteditor/test/browser_projecteditor_tree_selection_01.js
17:01:36     INFO - MEMORY STAT | vsize 4605MB | residentFast 565MB | heapAllocated 206MB
17:01:36     INFO - TEST-OK | devtools/client/projecteditor/test/browser_projecteditor_tree_selection_01.js | took 2118ms
17:01:36     INFO - checking window state
17:01:36     INFO - TEST-START | devtools/client/projecteditor/test/browser_projecteditor_tree_selection_02.js

command interrupted, attempting to kill
process killed by signal 9
program finished with exit code -1
elapsedTime=191.689152
The web-page 'stop build' button was pressed by 'rvandermeulen@mozilla.com': Cancelled via self-serve
========= master_lag: -0.00 =========
========= Finished '/tools/buildbot/bin/python -u ...' interrupted (results: 4, elapsed: 3 mins, 11 secs) (at 2018-06-08 17:01:37.801528) =========

========= Started set props: build_url (results: 0, elapsed: 0 secs) (at 2018-06-08 17:01:37.805224) =========
bash -c 'for file in `ls -1`; do cat $file; done'
 in dir /builds/slave/test/properties (timeout 1200 secs)
 watching logfiles {}
 argv: ['bash', '-c', 'for file in `ls -1`; do cat $file; done']
 environment:
  Apple_PubSub_Socket_Render=/private/tmp/com.apple.launchd.amOruGVP0x/Render
  GIT_SHARE_BASE_DIR=/builds/git-shared
  HG_SHARE_BASE_DIR=/builds/hg-shared
  HOME=/Users/cltbld
  IDLEIZER_DISABLE_SHUTDOWN=true
  LOGNAME=cltbld
  PATH=/usr/local/sbin:/usr/local/bin:/usr/sbin:/usr/bin:/sbin:/bin:/usr/bin/X11
  PWD=/builds/slave/test/properties
  RUNNER_CONFIG_CMD=/opt/runner/bin/python2.7 /opt/runner/bin/runner -c /opt/runner/runner.cfg
  SHELL=/bin/bash
  SSH_AUTH_SOCK=/private/tmp/com.apple.launchd.DnGt0NYrV5/Listeners
  TMPDIR=/var/folders/n9/5yc0k79j0m3fqspp_mk8fy4w00000w/T/
  TWISTD_LOG_PATH=/builds/slave/twistd.log
  USER=cltbld
  VERSIONER_PYTHON_PREFER_32_BIT=no
  VERSIONER_PYTHON_VERSION=2.7
  XPC_FLAGS=0x0
  XPC_SERVICE_NAME=0
  __CF_USER_TEXT_ENCODING=0x1C:0:0
 using PTY: False
build_url:https://queue.taskcluster.net/v1/task/HHn8t6C8SBmHWYIFt5uc2A/artifacts/public/build/firefox-52.8.2.en-US.mac.dmg
program finished with exit code 0
elapsedTime=0.010083
build_url: 'https://queue.taskcluster.net/v1/task/HHn8t6C8SBmHWYIFt5uc2A/artifacts/public/build/firefox-52.8.2.en-US.mac.dmg'
========= master_lag: 0.04 =========
========= Finished set props: build_url (results: 0, elapsed: 0 secs) (at 2018-06-08 17:01:37.855713) =========

========= Started 'rm -f ...' (results: 0, elapsed: 0 secs) (at 2018-06-08 17:01:37.856051) =========
rm -f oauth.txt
 in dir /builds/slave/test/. (timeout 1200 secs)
 watching logfiles {}
 argv: ['rm', '-f', 'oauth.txt']
 environment:
  Apple_PubSub_Socket_Render=/private/tmp/com.apple.launchd.amOruGVP0x/Render
  GIT_SHARE_BASE_DIR=/builds/git-shared
  HG_SHARE_BASE_DIR=/builds/hg-shared
  HOME=/Users/cltbld
  IDLEIZER_DISABLE_SHUTDOWN=true
  LOGNAME=cltbld
  PATH=/usr/local/sbin:/usr/local/bin:/usr/sbin:/usr/bin:/sbin:/bin:/usr/bin/X11
  PWD=/builds/slave/test
  RUNNER_CONFIG_CMD=/opt/runner/bin/python2.7 /opt/runner/bin/runner -c /opt/runner/runner.cfg
  SHELL=/bin/bash
  SSH_AUTH_SOCK=/private/tmp/com.apple.launchd.DnGt0NYrV5/Listeners
  TMPDIR=/var/folders/n9/5yc0k79j0m3fqspp_mk8fy4w00000w/T/
  TWISTD_LOG_PATH=/builds/slave/twistd.log
  USER=cltbld
  VERSIONER_PYTHON_PREFER_32_BIT=no
  VERSIONER_PYTHON_VERSION=2.7
  XPC_FLAGS=0x0
  XPC_SERVICE_NAME=0
  __CF_USER_TEXT_ENCODING=0x1C:0:0
 using PTY: False
program finished with exit code 0
elapsedTime=0.006038
========= master_lag: 0.04 =========
========= Finished 'rm -f ...' (results: 0, elapsed: 0 secs) (at 2018-06-08 17:01:37.905690) =========

========= Started reboot skipped (results: 3, elapsed: 0 secs) (at 2018-06-08 17:01:37.906010) =========
========= Finished reboot skipped (results: 3, elapsed: 0 secs) (at 2018-06-08 17:01:37.906309) =========

========= Total master_lag: 0.13 =========

