builder: mozilla-esr52_ubuntu64_vm_test_pgo-mochitest-e10s-devtools-chrome-1
slave: tst-linux64-spot-019
starttime: 1528501977.02
results: cancelled (6)
buildid: 20180608150819
builduid: b298b373e93d4f8dbf92436c9ed838a2
revision: cbfdf01aac455e0591471201c96b89dee98190b5

========= Started set props: master (results: 0, elapsed: 0 secs) (at 2018-06-08 16:52:57.015336) =========
master: http://buildbot-master52.bb.releng.use1.mozilla.com:8201/
========= Finished set props: master (results: 0, elapsed: 0 secs) (at 2018-06-08 16:52:57.015757) =========

========= Started downloading to buildprops.json (results: 0, elapsed: 0 secs) (at 2018-06-08 16:52:57.016071) =========
========= Finished downloading to buildprops.json (results: 0, elapsed: 0 secs) (at 2018-06-08 16:52:57.170607) =========

========= Started 'bash -c ...' (results: 0, elapsed: 0 secs) (at 2018-06-08 16:52:57.170903) =========
bash -c 'wget -Oarchiver_client.py --no-check-certificate --tries=10 --waitretry=3 https://hg.mozilla.org/build/tools/raw-file/default/buildfarm/utils/archiver_client.py'
 in dir /builds/slave/test/. (timeout 1200 secs)
 watching logfiles {}
 argv: ['bash', '-c', 'wget -Oarchiver_client.py --no-check-certificate --tries=10 --waitretry=3 https://hg.mozilla.org/build/tools/raw-file/default/buildfarm/utils/archiver_client.py']
 environment:
  HOME=/home/cltbld
  LANG=en_US.UTF-8
  LOGNAME=cltbld
  MAIL=/var/mail/cltbld
  NODE_PATH=/usr/lib/nodejs:/usr/lib/node_modules:/usr/share/javascript
  PATH=/usr/local/bin:/usr/local/bin:/usr/bin:/bin:/usr/local/games:/usr/games
  PWD=/builds/slave/test
  SHELL=/bin/bash
  SHLVL=1
  TERM=linux
  TMOUT=86400
  USER=cltbld
  XDG_SESSION_COOKIE=9ca12473fbb1d023794ffd180000023c-1528501974.228532-196966555
  _=/tools/buildbot/bin/python
 using PTY: False
--2018-06-08 16:52:57--  https://hg.mozilla.org/build/tools/raw-file/default/buildfarm/utils/archiver_client.py
Resolving hg.mozilla.org (hg.mozilla.org)... 63.245.215.25, 63.245.215.102
Connecting to hg.mozilla.org (hg.mozilla.org)|63.245.215.25|:443... connected.
HTTP request sent, awaiting response... 200 Script output follows
Length: 12179 (12K) [text/x-python]
Saving to: `archiver_client.py'

     0K .......... .                                          100% 8.12M=0.001s

2018-06-08 16:52:57 (8.12 MB/s) - `archiver_client.py' saved [12179/12179]

program finished with exit code 0
elapsedTime=0.616481
========= master_lag: 0.01 =========
========= Finished 'bash -c ...' (results: 0, elapsed: 0 secs) (at 2018-06-08 16:52:57.800860) =========

========= Started 'rm -rf ...' (results: 0, elapsed: 0 secs) (at 2018-06-08 16:52:57.801208) =========
rm -rf scripts properties
 in dir /builds/slave/test/. (timeout 1200 secs)
 watching logfiles {}
 argv: ['rm', '-rf', 'scripts', 'properties']
 environment:
  HOME=/home/cltbld
  LANG=en_US.UTF-8
  LOGNAME=cltbld
  MAIL=/var/mail/cltbld
  NODE_PATH=/usr/lib/nodejs:/usr/lib/node_modules:/usr/share/javascript
  PATH=/usr/local/bin:/usr/local/bin:/usr/bin:/bin:/usr/local/games:/usr/games
  PWD=/builds/slave/test
  SHELL=/bin/bash
  SHLVL=1
  TERM=linux
  TMOUT=86400
  USER=cltbld
  XDG_SESSION_COOKIE=9ca12473fbb1d023794ffd180000023c-1528501974.228532-196966555
  _=/tools/buildbot/bin/python
 using PTY: False
program finished with exit code 0
elapsedTime=0.018681
========= master_lag: 0.05 =========
========= Finished 'rm -rf ...' (results: 0, elapsed: 0 secs) (at 2018-06-08 16:52:57.865932) =========

========= Started 'bash -c ...' (results: 0, elapsed: 3 secs) (at 2018-06-08 16:52:57.866262) =========
bash -c 'python archiver_client.py mozharness --repo releases/mozilla-esr52 --rev cbfdf01aac455e0591471201c96b89dee98190b5 --destination scripts --debug'
 in dir /builds/slave/test/. (timeout 1200 secs)
 watching logfiles {}
 argv: ['bash', '-c', u'python archiver_client.py mozharness --repo releases/mozilla-esr52 --rev cbfdf01aac455e0591471201c96b89dee98190b5 --destination scripts --debug']
 environment:
  HOME=/home/cltbld
  LANG=en_US.UTF-8
  LOGNAME=cltbld
  MAIL=/var/mail/cltbld
  NODE_PATH=/usr/lib/nodejs:/usr/lib/node_modules:/usr/share/javascript
  PATH=/usr/local/bin:/usr/local/bin:/usr/bin:/bin:/usr/local/games:/usr/games
  PWD=/builds/slave/test
  SHELL=/bin/bash
  SHLVL=1
  TERM=linux
  TMOUT=86400
  USER=cltbld
  XDG_SESSION_COOKIE=9ca12473fbb1d023794ffd180000023c-1528501974.228532-196966555
  _=/tools/buildbot/bin/python
 using PTY: False
2018-06-08 16:52:57,976 truncating revision to first 12 chars
2018-06-08 16:52:57,976 Setting DEBUG logging.
2018-06-08 16:52:57,976 attempt 1/10
2018-06-08 16:52:57,977 Getting archive location from https://api.pub.build.mozilla.org/archiver/hgmo/releases/mozilla-esr52/cbfdf01aac45?&preferred_region=us-west-2&suffix=tar.gz&subdir=testing/mozharness
2018-06-08 16:52:59,890 unpacking tar archive at: mozilla-esr52-cbfdf01aac45/testing/mozharness/
program finished with exit code 0
elapsedTime=3.198404
========= master_lag: 0.01 =========
========= Finished 'bash -c ...' (results: 0, elapsed: 3 secs) (at 2018-06-08 16:53:01.076950) =========

========= Started set props: script_repo_revision (results: 0, elapsed: 0 secs) (at 2018-06-08 16:53:01.077290) =========
script_repo_revision: cbfdf01aac455e0591471201c96b89dee98190b5
========= Finished set props: script_repo_revision (results: 0, elapsed: 0 secs) (at 2018-06-08 16:53:01.077692) =========

========= Started downloading to oauth.txt (results: 0, elapsed: 0 secs) (at 2018-06-08 16:53:01.077992) =========
========= Finished downloading to oauth.txt (results: 0, elapsed: 0 secs) (at 2018-06-08 16:53:01.088019) =========

========= Started '/tools/buildbot/bin/python scripts/scripts/desktop_unittest.py ...' interrupted (results: 4, elapsed: 9 mins, 25 secs) (at 2018-06-08 16:53:01.088309) =========
/tools/buildbot/bin/python scripts/scripts/desktop_unittest.py --cfg unittests/linux_unittest.py --mochitest-suite mochitest-devtools-chrome --e10s --total-chunks 8 --this-chunk 1 --blob-upload-branch mozilla-esr52 --download-symbols ondemand
 in dir /builds/slave/test/. (timeout 1800 secs) (maxTime 4800 secs)
 watching logfiles {}
 argv: ['/tools/buildbot/bin/python', 'scripts/scripts/desktop_unittest.py', '--cfg', 'unittests/linux_unittest.py', '--mochitest-suite', 'mochitest-devtools-chrome', '--e10s', '--total-chunks', '8', '--this-chunk', '1', '--blob-upload-branch', 'mozilla-esr52', '--download-symbols', 'ondemand']
 environment:
  CCACHE_DIR=/builds/ccache
  CCACHE_UMASK=002
  DISPLAY=:0
  HOME=/home/cltbld
  LANG=en_US.UTF-8
  LOGNAME=cltbld
  MAIL=/var/mail/cltbld
  MOZ_HIDE_RESULTS_TABLE=1
  MOZ_NODE_PATH=/usr/bin/node
  MOZ_NO_REMOTE=1
  NODE_PATH=/usr/lib/nodejs:/usr/lib/node_modules:/usr/share/javascript
  NO_FAIL_ON_TEST_ERRORS=1
  PATH=/usr/local/bin:/usr/local/bin:/usr/bin:/bin:/usr/local/games:/usr/games
  PROPERTIES_FILE=/builds/slave/test/buildprops.json
  PWD=/builds/slave/test
  SHELL=/bin/bash
  SHLVL=1
  TERM=linux
  TMOUT=86400
  USER=cltbld
  XDG_SESSION_COOKIE=9ca12473fbb1d023794ffd180000023c-1528501974.228532-196966555
  _=/tools/buildbot/bin/python
 using PTY: False
16:53:01     INFO - MultiFileLogger online at 20180608 16:53:01 in /builds/slave/test
16:53:01     INFO - Run as scripts/scripts/desktop_unittest.py --cfg unittests/linux_unittest.py --mochitest-suite mochitest-devtools-chrome --e10s --total-chunks 8 --this-chunk 1 --blob-upload-branch mozilla-esr52 --download-symbols ondemand
16:53:01     INFO - Dumping config to /builds/slave/test/logs/localconfig.json.
16:53:01     INFO - {'all_cppunittest_suites': {'cppunittest': {'tests': ('tests/cppunittest',)}},
16:53:01     INFO -  'all_gtest_suites': {'gtest': ()},
16:53:01     INFO -  'all_jittest_suites': {'jittest': (),
16:53:01     INFO -                         'jittest-chunked': (),
16:53:01     INFO -                         'jittest1': ('--total-chunks=2', '--this-chunk=1'),
16:53:01     INFO -                         'jittest2': ('--total-chunks=2', '--this-chunk=2')},
16:53:01     INFO -  'all_mochitest_suites': {'a11y': ('--flavor=a11y',),
16:53:01     INFO -                           'browser-chrome': ('--flavor=browser',),
16:53:01     INFO -                           'browser-chrome-addons': ('--flavor=browser',
16:53:01     INFO -                                                     '--chunk-by-runtime',
16:53:01     INFO -                                                     '--tag=addons'),
16:53:01     INFO -                           'browser-chrome-chunked': ('--flavor=browser',
16:53:01     INFO -                                                      '--chunk-by-runtime'),
16:53:01     INFO -                           'browser-chrome-clipboard': ('--flavor=browser',
16:53:01     INFO -                                                        '--subsuite=clipboard'),
16:53:01     INFO -                           'browser-chrome-coverage': ('--flavor=browser',
16:53:01     INFO -                                                       '--chunk-by-runtime',
16:53:01     INFO -                                                       '--timeout=1200'),
16:53:01     INFO -                           'browser-chrome-gpu': ('--flavor=browser',
16:53:01     INFO -                                                  '--subsuite=gpu'),
16:53:01     INFO -                           'browser-chrome-screenshots': ('--flavor=browser',
16:53:01     INFO -                                                          '--subsuite=screenshots'),
16:53:01     INFO -                           'chrome': ('--flavor=chrome',),
16:53:01     INFO -                           'chrome-chunked': ('--flavor=chrome',
16:53:01     INFO -                                              '--chunk-by-dir=4'),
16:53:01     INFO -                           'chrome-clipboard': ('--flavor=chrome',
16:53:01     INFO -                                                '--subsuite=clipboard'),
16:53:01     INFO -                           'chrome-gpu': ('--flavor=chrome', '--subsuite=gpu'),
16:53:01     INFO -                           'jetpack-addon': ('--flavor=jetpack-addon',),
16:53:01     INFO -                           'jetpack-package': ('--flavor=jetpack-package',),
16:53:01     INFO -                           'jetpack-package-clipboard': ('--flavor=jetpack-package',
16:53:01     INFO -                                                         '--subsuite=clipboard'),
16:53:01     INFO -                           'mochitest-devtools-chrome': ('--flavor=browser',
16:53:01     INFO -                                                         '--subsuite=devtools'),
16:53:01     INFO -                           'mochitest-devtools-chrome-chunked': ('--flavor=browser',
16:53:01     INFO -                                                                 '--subsuite=devtools',
16:53:01     INFO -                                                                 '--chunk-by-runtime'),
16:53:01     INFO -                           'mochitest-devtools-chrome-coverage': ('--flavor=browser',
16:53:01     INFO -                                                                  '--subsuite=devtools',
16:53:01     INFO -                                                                  '--chunk-by-runtime',
16:53:01     INFO -                                                                  '--timeout=1200'),
16:53:01     INFO -                           'mochitest-gl': ('--subsuite=webgl',),
16:53:01     INFO -                           'mochitest-media': ('--subsuite=media',),
16:53:01     INFO -                           'plain': (),
16:53:01     INFO -                           'plain-chunked': ('--chunk-by-dir=4',),
16:53:01     INFO -                           'plain-clipboard': ('--subsuite=clipboard',),
16:53:01     INFO -                           'plain-gpu': ('--subsuite=gpu',),
16:53:01     INFO -                           'valgrind-plain': ('--valgrind=/usr/bin/valgrind',
16:53:01     INFO -                                              '--valgrind-supp-files=/builds/slave/test/build/tests/mochitest/x86_64-redhat-linux-gnu.sup,/builds/slave/test/build/tests/mochitest/cross-architecture.sup',
16:53:01     INFO -                                              '--timeout=900',
16:53:01     INFO -                                              '--max-timeouts=50')},
16:53:01     INFO -  'all_mozbase_suites': {'mozbase': ()},
16:53:01     INFO -  'all_reftest_suites': {'crashtest': {'options': ('--suite=crashtest',),
16:53:01     INFO -                                       'tests': ('tests/reftest/tests/testing/crashtest/crashtests.list',)},
16:53:01     INFO -                         'jsreftest': {'options': ('--extra-profile-file=tests/jsreftest/tests/user.js',
16:53:01     INFO -                                                   '--suite=jstestbrowser'),
16:53:01     INFO -                                       'tests': ('tests/jsreftest/tests/jstests.list',)},
16:53:01     INFO -                         'reftest': {'options': ('--suite=reftest',),
16:53:01     INFO -                                     'tests': ('tests/reftest/tests/layout/reftests/reftest.list',)},
16:53:01     INFO -                         'reftest-no-accel': {'options': ('--suite=reftest',
16:53:01     INFO -                                                          '--setpref=layers.acceleration.force-enabled=disabled'),
16:53:01     INFO -                                              'tests': ('tests/reftest/tests/layout/reftests/reftest.list',)}},
16:53:01     INFO -  'all_xpcshell_suites': {'xpcshell': {'options': ('--xpcshell=%(abs_app_dir)s/xpcshell',
16:53:01     INFO -                                                   '--manifest=tests/xpcshell/tests/xpcshell.ini'),
16:53:01     INFO -                                       'tests': ()},
16:53:01     INFO -                          'xpcshell-addons': {'options': ('--xpcshell=%(abs_app_dir)s/xpcshell',
16:53:01     INFO -                                                          '--tag=addons',
16:53:01     INFO -                                                          '--manifest=tests/xpcshell/tests/xpcshell.ini'),
16:53:01     INFO -                                              'tests': ()},
16:53:01     INFO -                          'xpcshell-coverage': {'options': ('--xpcshell=%(abs_app_dir)s/xpcshell',
16:53:01     INFO -                                                            '--manifest=tests/xpcshell/tests/xpcshell.ini'),
16:53:01     INFO -                                                'tests': ()}},
16:53:01     INFO -  'allow_software_gl_layers': False,
16:53:01     INFO -  'append_to_log': False,
16:53:01     INFO -  'base_work_dir': '/builds/slave/test',
16:53:01     INFO -  'binary_path': '/builds/slave/test/build/application/firefox/firefox-bin',
16:53:01     INFO -  'blob_upload_branch': 'mozilla-esr52',
16:53:01     INFO -  'blob_uploader_auth_file': '/builds/slave/test/oauth.txt',
16:53:01     INFO -  'buildbot_json_path': 'buildprops.json',
16:53:01     INFO -  'buildbot_max_log_size': 52428800,
16:53:01     INFO -  'code_coverage': False,
16:53:01     INFO -  'config_files': ('unittests/linux_unittest.py',),
16:53:01     INFO -  'default_blob_upload_servers': ('https://blobupload.elasticbeanstalk.com',),
16:53:01     INFO -  'download_minidump_stackwalk': True,
16:53:01     INFO -  'download_nodejs': True,
16:53:01     INFO -  'download_symbols': 'ondemand',
16:53:01     INFO -  'e10s': True,
16:53:01     INFO -  'exe_suffix': '',
16:53:01     INFO -  'exes': {'python': '/tools/buildbot/bin/python',
16:53:01     INFO -           'tooltool.py': '/tools/tooltool.py',
16:53:01     INFO -           'virtualenv': ('/tools/buildbot/bin/python',
16:53:01     INFO -                          '/tools/misc-python/virtualenv.py')},
16:53:01     INFO -  'find_links': ('http://pypi.pvt.build.mozilla.org/pub',
16:53:01     INFO -                 'http://pypi.pub.build.mozilla.org/pub'),
16:53:01     INFO -  'installer_path': '/builds/slave/test/build/installer.tar.bz2',
16:53:01     INFO -  'log_level': 'info',
16:53:01     INFO -  'log_to_console': True,
16:53:01     INFO -  'minidump_save_path': '%(abs_work_dir)s/../minidumps',
16:53:01     INFO -  'minidump_stackwalk_path': 'linux64-minidump_stackwalk',
16:53:01     INFO -  'minidump_tooltool_manifest_path': 'config/tooltool-manifests/linux64/releng.manifest',
16:53:01     INFO -  'minimum_tests_zip_dirs': ('bin/*',
16:53:01     INFO -                             'certs/*',
16:53:01     INFO -                             'config/*',
16:53:01     INFO -                             'mach',
16:53:01     INFO -                             'marionette/*',
16:53:01     INFO -                             'modules/*',
16:53:01     INFO -                             'mozbase/*',
16:53:01     INFO -                             'tools/*'),
16:53:01     INFO -  'no_random': False,
16:53:01     INFO -  'nodejs_path': 'node-linux-x64/bin/node',
16:53:01     INFO -  'nodejs_tooltool_manifest_path': 'config/tooltool-manifests/linux64/nodejs.manifest',
16:53:01     INFO -  'opt_config_files': (),
16:53:01     INFO -  'pip_index': False,
16:53:01     INFO -  'preflight_run_cmd_suites': ({'architectures': ('32bit', '64bit'),
16:53:01     INFO -                                'cmd': ('xset', 's', 'off', 's', 'reset'),
16:53:01     INFO -                                'enabled': True,
16:53:01     INFO -                                'halt_on_failure': False,
16:53:01     INFO -                                'name': 'disable_screen_saver'},
16:53:01     INFO -                               {'architectures': ('32bit',),
16:53:01     INFO -                                'cmd': ('python',
16:53:01     INFO -                                        '../scripts/external_tools/mouse_and_screen_resolution.py',
16:53:01     INFO -                                        '--configuration-file',
16:53:01     INFO -                                        '../scripts/external_tools/machine-configuration.json'),
16:53:01     INFO -                                'enabled': False,
16:53:01     INFO -                                'halt_on_failure': True,
16:53:01     INFO -                                'name': 'run mouse & screen adjustment script'}),
16:53:01     INFO -  'require_test_zip': True,
16:53:01     INFO -  'run_all_suites': False,
16:53:01     INFO -  'run_cmd_checks_enabled': True,
16:53:01     INFO -  'run_file_names': {'cppunittest': 'runcppunittests.py',
16:53:01     INFO -                     'gtest': 'rungtests.py',
16:53:01     INFO -                     'jittest': 'jit_test.py',
16:53:01     INFO -                     'mochitest': 'runtests.py',
16:53:01     INFO -                     'mozbase': 'test.py',
16:53:01     INFO -                     'mozmill': 'runtestlist.py',
16:53:01     INFO -                     'reftest': 'runreftest.py',
16:53:01     INFO -                     'xpcshell': 'runxpcshelltests.py'},
16:53:01     INFO -  'specific_tests_zip_dirs': {'cppunittest': ('cppunittest/*',),
16:53:01     INFO -                              'gtest': ('gtest/*',),
16:53:01     INFO -                              'jittest': ('jit-test/*',),
16:53:01     INFO -                              'mochitest': ('mochitest/*',),
16:53:01     INFO -                              'mozbase': ('mozbase/*',),
16:53:01     INFO -                              'mozmill': ('mozmill/*',),
16:53:01     INFO -                              'reftest': ('reftest/*', 'jsreftest/*'),
16:53:01     INFO -                              'xpcshell': ('xpcshell/*',)},
16:53:01     INFO -  'specified_mochitest_suites': ('mochitest-devtools-chrome',),
16:53:01     INFO -  'strict_content_sandbox': False,
16:53:01     INFO -  'suite_definitions': {'cppunittest': {'options': ('--symbols-path=%(symbols_path)s',
16:53:01     INFO -                                                    '--xre-path=%(abs_app_dir)s'),
16:53:01     INFO -                                        'run_filename': 'runcppunittests.py',
16:53:01     INFO -                                        'testsdir': 'cppunittest'},
16:53:01     INFO -                        'gtest': {'options': ('--xre-path=%(abs_res_dir)s',
16:53:01     INFO -                                              '--cwd=%(gtest_dir)s',
16:53:01     INFO -                                              '--symbols-path=%(symbols_path)s',
16:53:01     INFO -                                              '--utility-path=tests/bin',
16:53:01     INFO -                                              '%(binary_path)s'),
16:53:01     INFO -                                  'run_filename': 'rungtests.py'},
16:53:01     INFO -                        'jittest': {'options': ('tests/bin/js',
16:53:01     INFO -                                                '--no-slow',
16:53:01     INFO -                                                '--no-progress',
16:53:01     INFO -                                                '--format=automation',
16:53:01     INFO -                                                '--jitflags=all',
16:53:01     INFO -                                                '--timeout=970'),
16:53:01     INFO -                                    'run_filename': 'jit_test.py',
16:53:01     INFO -                                    'run_timeout': 1000,
16:53:01     INFO -                                    'testsdir': 'jit-test/jit-test'},
16:53:01     INFO -                        'mochitest': {'options': ('--appname=%(binary_path)s',
16:53:01     INFO -                                                  '--utility-path=tests/bin',
16:53:01     INFO -                                                  '--extra-profile-file=tests/bin/plugins',
16:53:01     INFO -                                                  '--symbols-path=%(symbols_path)s',
16:53:01     INFO -                                                  '--certificate-path=tests/certs',
16:53:01     INFO -                                                  '--setpref=webgl.force-enabled=true',
16:53:01     INFO -                                                  '--quiet',
16:53:01     INFO -                                                  '--log-raw=%(raw_log_file)s',
16:53:01     INFO -                                                  '--log-errorsummary=%(error_summary_file)s',
16:53:01     INFO -                                                  '--use-test-media-devices',
16:53:01     INFO -                                                  '--screenshot-on-fail',
16:53:01     INFO -                                                  '--cleanup-crashes',
16:53:01     INFO -                                                  '--marionette-startup-timeout=180'),
16:53:01     INFO -                                      'run_filename': 'runtests.py',
16:53:01     INFO -                                      'testsdir': 'mochitest'},
16:53:01     INFO -                        'mozbase': {'options': ('-b', '%(binary_path)s'),
16:53:01     INFO -                                    'run_filename': 'test.py',
16:53:01     INFO -                                    'testsdir': 'mozbase'},
16:53:01     INFO -                        'mozmill': {'options': ('--binary=%(binary_path)s',
16:53:01     INFO -                                                '--testing-modules-dir=test/modules',
16:53:01     INFO -                                                '--plugins-path=%(test_plugin_path)s',
16:53:01     INFO -                                                '--symbols-path=%(symbols_path)s'),
16:53:01     INFO -                                    'run_filename': 'runtestlist.py',
16:53:01     INFO -                                    'testsdir': 'mozmill'},
16:53:01     INFO -                        'reftest': {'options': ('--appname=%(binary_path)s',
16:53:01     INFO -                                                '--utility-path=tests/bin',
16:53:01     INFO -                                                '--extra-profile-file=tests/bin/plugins',
16:53:01     INFO -                                                '--symbols-path=%(symbols_path)s',
16:53:01     INFO -                                                '--log-raw=%(raw_log_file)s',
16:53:01     INFO -                                                '--log-errorsummary=%(error_summary_file)s',
16:53:01     INFO -                                                '--cleanup-crashes'),
16:53:01     INFO -                                    'run_filename': 'runreftest.py',
16:53:01     INFO -                                    'testsdir': 'reftest'},
16:53:01     INFO -                        'xpcshell': {'options': ('--symbols-path=%(symbols_path)s',
16:53:01     INFO -                                                 '--test-plugin-path=%(test_plugin_path)s',
16:53:01     INFO -                                                 '--log-raw=%(raw_log_file)s',
16:53:01     INFO -                                                 '--log-errorsummary=%(error_summary_file)s',
16:53:01     INFO -                                                 '--utility-path=tests/bin'),
16:53:01     INFO -                                     'run_filename': 'runxpcshelltests.py',
16:53:01     INFO -                                     'testsdir': 'xpcshell'}},
16:53:01     INFO -  'this_chunk': '1',
16:53:01     INFO -  'tooltool_cache': '/builds/tooltool_cache',
16:53:01     INFO -  'total_chunks': '8',
16:53:01     INFO -  'unstructured_flavors': {'cppunittest': (),
16:53:01     INFO -                           'gtest': (),
16:53:01     INFO -                           'jittest': (),
16:53:01     INFO -                           'mochitest': ('jetpack',),
16:53:01     INFO -                           'mozbase': (),
16:53:01     INFO -                           'mozmill': (),
16:53:01     INFO -                           'xpcshell': ()},
16:53:01     INFO -  'vcs_output_timeout': 1000,
16:53:01     INFO -  'virtualenv_path': 'venv',
16:53:01     INFO -  'volatile_config': {'actions': None, 'add_actions': None, 'no_actions': None},
16:53:01     INFO -  'work_dir': 'build',
16:53:01     INFO -  'xpcshell_name': 'xpcshell'}
16:53:01     INFO - [mozharness: 2018-06-08 23:53:01.534942Z] Running clobber step.
16:53:01     INFO - Running pre-action listener: _resource_record_pre_action
16:53:01     INFO - Running main action method: clobber
16:53:01     INFO - rmtree: /builds/slave/test/build
16:53:01     INFO - Running post-action listener: _resource_record_post_action
16:53:01     INFO - [mozharness: 2018-06-08 23:53:01.550065Z] Finished clobber step (success)
16:53:01     INFO - [mozharness: 2018-06-08 23:53:01.550477Z] Running read-buildbot-config step.
16:53:01     INFO - Running pre-action listener: _resource_record_pre_action
16:53:01     INFO - Running main action method: read_buildbot_config
16:53:01     INFO - Using buildbot properties:
16:53:01     INFO - {
16:53:01     INFO -     "project": "", 
16:53:01     INFO -     "product": "firefox", 
16:53:01     INFO -     "script_repo_revision": "production", 
16:53:01     INFO -     "scheduler": "tests-mozilla-esr52-ubuntu64_vm-pgo-unittest", 
16:53:01     INFO -     "repository": "", 
16:53:01     INFO -     "buildername": "Ubuntu VM 12.04 x64 mozilla-esr52 pgo test mochitest-e10s-devtools-chrome-1", 
16:53:01     INFO -     "buildid": "20180608150819", 
16:53:01     INFO -     "pgo_build": "True", 
16:53:01     INFO -     "basedir": "/builds/slave/test", 
16:53:01     INFO -     "buildnumber": 22, 
16:53:01     INFO -     "slavename": "tst-linux64-spot-019", 
16:53:01     INFO -     "master": "http://buildbot-master52.bb.releng.use1.mozilla.com:8201/", 
16:53:01     INFO -     "platform": "linux64", 
16:53:01     INFO -     "branch": "mozilla-esr52", 
16:53:01     INFO -     "revision": "cbfdf01aac455e0591471201c96b89dee98190b5", 
16:53:01     INFO -     "repo_path": "releases/mozilla-esr52", 
16:53:01     INFO -     "moz_repo_path": "", 
16:53:01     INFO -     "stage_platform": "linux64-pgo", 
16:53:01     INFO -     "builduid": "b298b373e93d4f8dbf92436c9ed838a2", 
16:53:01     INFO -     "slavebuilddir": "test"
16:53:01     INFO - }
16:53:01     INFO - Found installer url https://queue.taskcluster.net/v1/task/I1iAdq48Sa60c5BCPWswkg/artifacts/public/build/firefox-52.8.2.en-US.linux-x86_64.tar.bz2.
16:53:01     INFO - Found a test packages url https://queue.taskcluster.net/v1/task/I1iAdq48Sa60c5BCPWswkg/artifacts/public/build/firefox-52.8.2.en-US.linux-x86_64.test_packages.json.
16:53:01     INFO - Running post-action listener: _resource_record_post_action
16:53:01     INFO - [mozharness: 2018-06-08 23:53:01.561435Z] Finished read-buildbot-config step (success)
16:53:01     INFO - [mozharness: 2018-06-08 23:53:01.561788Z] Running download-and-extract step.
16:53:01     INFO - Running pre-action listener: _pre_download_and_extract
16:53:01  WARNING - Try message not found.
16:53:01     INFO - Running pre-action listener: _resource_record_pre_action
16:53:01     INFO - Running main action method: download_and_extract
16:53:01     INFO - mkdir: /builds/slave/test/build/tests
16:53:01     INFO - Downloading https://queue.taskcluster.net/v1/task/I1iAdq48Sa60c5BCPWswkg/artifacts/public/build/firefox-52.8.2.en-US.linux-x86_64.test_packages.json to /builds/slave/test/build/firefox-52.8.2.en-US.linux-x86_64.test_packages.json
16:53:01     INFO - retry: Calling _download_file with args: (), kwargs: {'url': 'https://queue.taskcluster.net/v1/task/I1iAdq48Sa60c5BCPWswkg/artifacts/public/build/firefox-52.8.2.en-US.linux-x86_64.test_packages.json', 'file_name': '/builds/slave/test/build/firefox-52.8.2.en-US.linux-x86_64.test_packages.json'}, attempt #1
16:53:03     INFO - Downloaded 1361 bytes.
16:53:03     INFO - Reading from file /builds/slave/test/build/firefox-52.8.2.en-US.linux-x86_64.test_packages.json
16:53:03     INFO - Using the following test package requirements:
16:53:03     INFO - {u'common': [u'firefox-52.8.2.en-US.linux-x86_64.common.tests.zip'],
16:53:03     INFO -  u'cppunittest': [u'firefox-52.8.2.en-US.linux-x86_64.common.tests.zip',
16:53:03     INFO -                   u'firefox-52.8.2.en-US.linux-x86_64.cppunittest.tests.zip'],
16:53:03     INFO -  u'gtest': [u'firefox-52.8.2.en-US.linux-x86_64.common.tests.zip',
16:53:03     INFO -             u'firefox-52.8.2.en-US.linux-x86_64.gtest.tests.zip'],
16:53:03     INFO -  u'jittest': [u'firefox-52.8.2.en-US.linux-x86_64.common.tests.zip',
16:53:03     INFO -               u'jsshell-linux-x86_64.zip'],
16:53:03     INFO -  u'mochitest': [u'firefox-52.8.2.en-US.linux-x86_64.common.tests.zip',
16:53:03     INFO -                 u'firefox-52.8.2.en-US.linux-x86_64.mochitest.tests.zip'],
16:53:03     INFO -  u'mozbase': [u'firefox-52.8.2.en-US.linux-x86_64.common.tests.zip'],
16:53:03     INFO -  u'reftest': [u'firefox-52.8.2.en-US.linux-x86_64.common.tests.zip',
16:53:03     INFO -               u'firefox-52.8.2.en-US.linux-x86_64.reftest.tests.zip'],
16:53:03     INFO -  u'talos': [u'firefox-52.8.2.en-US.linux-x86_64.common.tests.zip',
16:53:03     INFO -             u'firefox-52.8.2.en-US.linux-x86_64.talos.tests.zip'],
16:53:03     INFO -  u'web-platform': [u'firefox-52.8.2.en-US.linux-x86_64.common.tests.zip',
16:53:03     INFO -                    u'firefox-52.8.2.en-US.linux-x86_64.web-platform.tests.zip'],
16:53:03     INFO -  u'xpcshell': [u'firefox-52.8.2.en-US.linux-x86_64.common.tests.zip',
16:53:03     INFO -                u'firefox-52.8.2.en-US.linux-x86_64.xpcshell.tests.zip']}
16:53:03     INFO - Downloading packages: [u'firefox-52.8.2.en-US.linux-x86_64.common.tests.zip', u'firefox-52.8.2.en-US.linux-x86_64.mochitest.tests.zip'] for test suite category: mochitest
16:53:03     INFO - Adding 'mozinfo.json' for extraction from common.tests zip file
16:53:03     INFO - Downloading and extracting to /builds/slave/test/build/tests these dirs bin/*, certs/*, config/*, mach, marionette/*, modules/*, mozbase/*, tools/*, mochitest/*, mozinfo.json from https://queue.taskcluster.net/v1/task/I1iAdq48Sa60c5BCPWswkg/artifacts/public/build/firefox-52.8.2.en-US.linux-x86_64.common.tests.zip
16:53:03     INFO - retry: Calling fetch_url_into_memory with args: (), kwargs: {'url': u'https://queue.taskcluster.net/v1/task/I1iAdq48Sa60c5BCPWswkg/artifacts/public/build/firefox-52.8.2.en-US.linux-x86_64.common.tests.zip'}, attempt #1
16:53:03     INFO - Fetch https://queue.taskcluster.net/v1/task/I1iAdq48Sa60c5BCPWswkg/artifacts/public/build/firefox-52.8.2.en-US.linux-x86_64.common.tests.zip into memory
16:53:04     INFO - Http code: 200
16:53:04     INFO - via: 1.1 0576b942ae9f4fc9c0b62b0736e9bfd6.cloudfront.net (CloudFront)
16:53:04     INFO - x-amz-cf-id: BjA-QDWt2vMkfLWX8XUmMN6gRBmPJQAR0wYTLP7j7h25-OTEqOWCpw==
16:53:04     INFO - x-amz-version-id: amyEguiG3.NEsCgIpfpr7ojoc30OcAP5
16:53:06     INFO - Expected file size: 22192748
16:53:06     INFO - Obtained file size: 22192748
16:53:07     INFO - Downloading and extracting to /builds/slave/test/build/tests these dirs bin/*, certs/*, config/*, mach, marionette/*, modules/*, mozbase/*, tools/*, mochitest/*, mozinfo.json from https://queue.taskcluster.net/v1/task/I1iAdq48Sa60c5BCPWswkg/artifacts/public/build/firefox-52.8.2.en-US.linux-x86_64.mochitest.tests.zip
16:53:07     INFO - retry: Calling fetch_url_into_memory with args: (), kwargs: {'url': u'https://queue.taskcluster.net/v1/task/I1iAdq48Sa60c5BCPWswkg/artifacts/public/build/firefox-52.8.2.en-US.linux-x86_64.mochitest.tests.zip'}, attempt #1
16:53:07     INFO - Fetch https://queue.taskcluster.net/v1/task/I1iAdq48Sa60c5BCPWswkg/artifacts/public/build/firefox-52.8.2.en-US.linux-x86_64.mochitest.tests.zip into memory
16:53:09     INFO - Http code: 200
16:53:09     INFO - via: 1.1 88972e3933cc06dd11a6fa704a208631.cloudfront.net (CloudFront)
16:53:09     INFO - x-amz-cf-id: iKbaobNxFrAE-T3Z_1tXEDzZqRiPB6HUZ2rHqLGoYaDVopQGjJSbUA==
16:53:09     INFO - x-amz-version-id: pVaLoGmwkPIw3WqAG.TA2Gozslw06heL
16:53:14     INFO - Expected file size: 80595071
16:53:14     INFO - Obtained file size: 80595071
16:53:37     INFO - Downloading https://queue.taskcluster.net/v1/task/I1iAdq48Sa60c5BCPWswkg/artifacts/public/build/firefox-52.8.2.en-US.linux-x86_64.tar.bz2 to /builds/slave/test/build/installer.tar.bz2
16:53:37     INFO - retry: Calling _download_file with args: (), kwargs: {'url': 'https://queue.taskcluster.net/v1/task/I1iAdq48Sa60c5BCPWswkg/artifacts/public/build/firefox-52.8.2.en-US.linux-x86_64.tar.bz2', 'file_name': '/builds/slave/test/build/installer.tar.bz2'}, attempt #1
16:53:42     INFO - Downloaded 57821935 bytes.
16:53:42     INFO - Setting buildbot property build_url to https://queue.taskcluster.net/v1/task/I1iAdq48Sa60c5BCPWswkg/artifacts/public/build/firefox-52.8.2.en-US.linux-x86_64.tar.bz2
16:53:42     INFO - mkdir: /builds/slave/test/properties
16:53:42     INFO - Writing buildbot properties ['build_url'] to /builds/slave/test/properties/build_url
16:53:42     INFO - Writing to file /builds/slave/test/properties/build_url
16:53:42     INFO - Contents:
16:53:42     INFO -  build_url:https://queue.taskcluster.net/v1/task/I1iAdq48Sa60c5BCPWswkg/artifacts/public/build/firefox-52.8.2.en-US.linux-x86_64.tar.bz2
16:53:44     INFO - Running post-action listener: _resource_record_post_action
16:53:44     INFO - Running post-action listener: set_extra_try_arguments
16:53:44     INFO - [mozharness: 2018-06-08 23:53:44.094539Z] Finished download-and-extract step (success)
16:53:44     INFO - [mozharness: 2018-06-08 23:53:44.094928Z] Running create-virtualenv step.
16:53:44     INFO - Running pre-action listener: _install_mozbase
16:53:44     INFO - Running pre-action listener: _pre_create_virtualenv
16:53:44     INFO - Running pre-action listener: _resource_record_pre_action
16:53:44     INFO - Running main action method: create_virtualenv
16:53:44     INFO - Creating virtualenv /builds/slave/test/build/venv
16:53:44     INFO - Running command: ['/tools/buildbot/bin/python', '/builds/slave/test/scripts/external_tools/virtualenv/virtualenv.py', '--always-copy', '/builds/slave/test/build/venv'] in /builds/slave/test/build
16:53:44     INFO - Copy/paste: /tools/buildbot/bin/python /builds/slave/test/scripts/external_tools/virtualenv/virtualenv.py --always-copy /builds/slave/test/build/venv
16:53:44     INFO - Using partial env: {'VIRTUALENV_NO_DOWNLOAD': '1'}
16:53:47     INFO -  Using real prefix '/usr'
16:53:47     INFO -  New python executable in /builds/slave/test/build/venv/bin/python
16:53:51     INFO -  Installing setuptools, pip, wheel...done.
16:53:51     INFO - Return code: 0
16:53:51     INFO - Installing psutil>=3.1.1 into virtualenv /builds/slave/test/build/venv
16:53:51     INFO - retry: Calling run_command with args: [['/builds/slave/test/build/venv/bin/pip', 'install', '--timeout', '120', '--no-index', '--find-links', 'http://pypi.pvt.build.mozilla.org/pub', '--find-links', 'http://pypi.pub.build.mozilla.org/pub', '--trusted-host', 'pypi.pub.build.mozilla.org', '--trusted-host', 'pypi.pvt.build.mozilla.org', 'psutil>=3.1.1']], kwargs: {'error_level': 'warning', 'error_list': [{'substr': 'not found or a compiler error:', 'level': 'warning'}, {'regex': <_sre.SRE_Pattern object at 0x7fbb76e90110>, 'level': 'error'}, {'regex': <_sre.SRE_Pattern object at 0x7fbb76f98e40>, 'level': 'warning'}, {'regex': <_sre.SRE_Pattern object at 0x11ce3e0>, 'level': 'debug'}, {'substr': 'command not found', 'level': 'error'}, {'regex': <_sre.SRE_Pattern object at 0x11caa90>, 'level': 'warning'}, {'substr': 'Traceback (most recent call last)', 'level': 'error'}, {'substr': 'SyntaxError: ', 'level': 'error'}, {'substr': 'TypeError: ', 'level': 'error'}, {'substr': 'NameError: ', 'level': 'error'}, {'substr': 'ZeroDivisionError: ', 'level': 'error'}, {'regex': <_sre.SRE_Pattern object at 0x11cc3f0>, 'level': 'critical'}, {'regex': <_sre.SRE_Pattern object at 0x11cc670>, 'level': 'critical'}], 'cwd': '/builds/slave/test/build', 'env': {'TMOUT': '86400', 'LOGNAME': 'cltbld', 'USER': 'cltbld', 'HOME': '/home/cltbld', 'PATH': '/usr/local/bin:/usr/local/bin:/usr/bin:/bin:/usr/local/games:/usr/games', 'DISPLAY': ':0', 'CCACHE_UMASK': '002', 'LANG': 'en_US.UTF-8', 'TERM': 'linux', 'SHELL': '/bin/bash', 'MOZ_NODE_PATH': '/usr/bin/node', 'XDG_SESSION_COOKIE': '9ca12473fbb1d023794ffd180000023c-1528501974.228532-196966555', 'SHLVL': '1', 'NO_FAIL_ON_TEST_ERRORS': '1', 'MOZ_NO_REMOTE': '1', 'MOZ_HIDE_RESULTS_TABLE': '1', 'MAIL': '/var/mail/cltbld', '_': '/tools/buildbot/bin/python', 'NODE_PATH': '/usr/lib/nodejs:/usr/lib/node_modules:/usr/share/javascript', 'PWD': '/builds/slave/test', 'PROPERTIES_FILE': '/builds/slave/test/buildprops.json', 'CCACHE_DIR': '/builds/ccache'}}, attempt #1
16:53:51     INFO - Running command: ['/builds/slave/test/build/venv/bin/pip', 'install', '--timeout', '120', '--no-index', '--find-links', 'http://pypi.pvt.build.mozilla.org/pub', '--find-links', 'http://pypi.pub.build.mozilla.org/pub', '--trusted-host', 'pypi.pub.build.mozilla.org', '--trusted-host', 'pypi.pvt.build.mozilla.org', 'psutil>=3.1.1'] in /builds/slave/test/build
16:53:51     INFO - Copy/paste: /builds/slave/test/build/venv/bin/pip install --timeout 120 --no-index --find-links http://pypi.pvt.build.mozilla.org/pub --find-links http://pypi.pub.build.mozilla.org/pub --trusted-host pypi.pub.build.mozilla.org --trusted-host pypi.pvt.build.mozilla.org psutil>=3.1.1
16:53:51     INFO - Using env: {'CCACHE_DIR': '/builds/ccache',
16:53:51     INFO -  'CCACHE_UMASK': '002',
16:53:51     INFO -  'DISPLAY': ':0',
16:53:51     INFO -  'HOME': '/home/cltbld',
16:53:51     INFO -  'LANG': 'en_US.UTF-8',
16:53:51     INFO -  'LOGNAME': 'cltbld',
16:53:51     INFO -  'MAIL': '/var/mail/cltbld',
16:53:51     INFO -  'MOZ_HIDE_RESULTS_TABLE': '1',
16:53:51     INFO -  'MOZ_NODE_PATH': '/usr/bin/node',
16:53:51     INFO -  'MOZ_NO_REMOTE': '1',
16:53:51     INFO -  'NODE_PATH': '/usr/lib/nodejs:/usr/lib/node_modules:/usr/share/javascript',
16:53:51     INFO -  'NO_FAIL_ON_TEST_ERRORS': '1',
16:53:51     INFO -  'PATH': '/usr/local/bin:/usr/local/bin:/usr/bin:/bin:/usr/local/games:/usr/games',
16:53:51     INFO -  'PROPERTIES_FILE': '/builds/slave/test/buildprops.json',
16:53:51     INFO -  'PWD': '/builds/slave/test',
16:53:51     INFO -  'SHELL': '/bin/bash',
16:53:51     INFO -  'SHLVL': '1',
16:53:51     INFO -  'TERM': 'linux',
16:53:51     INFO -  'TMOUT': '86400',
16:53:51     INFO -  'USER': 'cltbld',
16:53:51     INFO -  'XDG_SESSION_COOKIE': '9ca12473fbb1d023794ffd180000023c-1528501974.228532-196966555',
16:53:51     INFO -  '_': '/tools/buildbot/bin/python'}
16:53:52     INFO -  Ignoring indexes: https://pypi.python.org/simple
16:53:52     INFO -  Collecting psutil>=3.1.1
16:53:52     INFO -  /builds/slave/test/build/venv/lib/python2.7/site-packages/pip/_vendor/requests/packages/urllib3/util/ssl_.py:318: SNIMissingWarning: An HTTPS request has been made, but the SNI (Subject Name Indication) extension to TLS is not available on this platform. This may cause the server to present an incorrect TLS certificate, which can cause validation failures. You can upgrade to a newer version of Python to solve this. For more information, see https://urllib3.readthedocs.org/en/latest/security.html#snimissingwarning.
16:53:52     INFO -    SNIMissingWarning
16:53:52     INFO -  /builds/slave/test/build/venv/lib/python2.7/site-packages/pip/_vendor/requests/packages/urllib3/util/ssl_.py:122: InsecurePlatformWarning: A true SSLContext object is not available. This prevents urllib3 from configuring SSL appropriately and may cause certain SSL connections to fail. You can upgrade to a newer version of Python to solve this. For more information, see https://urllib3.readthedocs.org/en/latest/security.html#insecureplatformwarning.
16:53:52     INFO -    InsecurePlatformWarning
16:53:54     INFO -  /builds/slave/test/build/venv/lib/python2.7/site-packages/pip/_vendor/requests/packages/urllib3/util/ssl_.py:122: InsecurePlatformWarning: A true SSLContext object is not available. This prevents urllib3 from configuring SSL appropriately and may cause certain SSL connections to fail. You can upgrade to a newer version of Python to solve this. For more information, see https://urllib3.readthedocs.org/en/latest/security.html#insecureplatformwarning.
16:53:54     INFO -    InsecurePlatformWarning
16:53:59     INFO -    Downloading https://pypi.pvt.build.mozilla.org/pub/psutil-5.4.3.tar.gz (412kB)
16:54:01     INFO -  Building wheels for collected packages: psutil
16:54:01     INFO -    Running setup.py bdist_wheel for psutil: started
16:54:03     INFO -    Running setup.py bdist_wheel for psutil: finished with status 'done'
16:54:03     INFO -    Stored in directory: /home/cltbld/.cache/pip/wheels/30/c0/c3/5cdb2b64c0d47a81af9c62935a64d83948d2c2b3e7af3eeee2
16:54:03     INFO -  Successfully built psutil
16:54:03     INFO -  Installing collected packages: psutil
16:54:04     INFO -  Successfully installed psutil-5.4.3
16:54:04     INFO - Return code: 0
16:54:04     INFO - Installing mozsystemmonitor==0.3 into virtualenv /builds/slave/test/build/venv
16:54:04     INFO - retry: Calling run_command with args: [['/builds/slave/test/build/venv/bin/pip', 'install', '--timeout', '120', '--no-index', '--find-links', 'http://pypi.pvt.build.mozilla.org/pub', '--find-links', 'http://pypi.pub.build.mozilla.org/pub', '--trusted-host', 'pypi.pub.build.mozilla.org', '--trusted-host', 'pypi.pvt.build.mozilla.org', 'mozsystemmonitor==0.3']], kwargs: {'error_level': 'warning', 'error_list': [{'substr': 'not found or a compiler error:', 'level': 'warning'}, {'regex': <_sre.SRE_Pattern object at 0x7fbb76e90110>, 'level': 'error'}, {'regex': <_sre.SRE_Pattern object at 0x7fbb76f98e40>, 'level': 'warning'}, {'regex': <_sre.SRE_Pattern object at 0x11ce3e0>, 'level': 'debug'}, {'substr': 'command not found', 'level': 'error'}, {'regex': <_sre.SRE_Pattern object at 0x11caa90>, 'level': 'warning'}, {'substr': 'Traceback (most recent call last)', 'level': 'error'}, {'substr': 'SyntaxError: ', 'level': 'error'}, {'substr': 'TypeError: ', 'level': 'error'}, {'substr': 'NameError: ', 'level': 'error'}, {'substr': 'ZeroDivisionError: ', 'level': 'error'}, {'regex': <_sre.SRE_Pattern object at 0x11cc3f0>, 'level': 'critical'}, {'regex': <_sre.SRE_Pattern object at 0x11cc670>, 'level': 'critical'}], 'cwd': '/builds/slave/test/build', 'env': {'TMOUT': '86400', 'LOGNAME': 'cltbld', 'USER': 'cltbld', 'HOME': '/home/cltbld', 'PATH': '/usr/local/bin:/usr/local/bin:/usr/bin:/bin:/usr/local/games:/usr/games', 'DISPLAY': ':0', 'CCACHE_UMASK': '002', 'LANG': 'en_US.UTF-8', 'TERM': 'linux', 'SHELL': '/bin/bash', 'MOZ_NODE_PATH': '/usr/bin/node', 'XDG_SESSION_COOKIE': '9ca12473fbb1d023794ffd180000023c-1528501974.228532-196966555', 'SHLVL': '1', 'NO_FAIL_ON_TEST_ERRORS': '1', 'MOZ_NO_REMOTE': '1', 'MOZ_HIDE_RESULTS_TABLE': '1', 'MAIL': '/var/mail/cltbld', '_': '/tools/buildbot/bin/python', 'NODE_PATH': '/usr/lib/nodejs:/usr/lib/node_modules:/usr/share/javascript', 'PWD': '/builds/slave/test', 'PROPERTIES_FILE': '/builds/slave/test/buildprops.json', 'CCACHE_DIR': '/builds/ccache'}}, attempt #1
16:54:04     INFO - Running command: ['/builds/slave/test/build/venv/bin/pip', 'install', '--timeout', '120', '--no-index', '--find-links', 'http://pypi.pvt.build.mozilla.org/pub', '--find-links', 'http://pypi.pub.build.mozilla.org/pub', '--trusted-host', 'pypi.pub.build.mozilla.org', '--trusted-host', 'pypi.pvt.build.mozilla.org', 'mozsystemmonitor==0.3'] in /builds/slave/test/build
16:54:04     INFO - Copy/paste: /builds/slave/test/build/venv/bin/pip install --timeout 120 --no-index --find-links http://pypi.pvt.build.mozilla.org/pub --find-links http://pypi.pub.build.mozilla.org/pub --trusted-host pypi.pub.build.mozilla.org --trusted-host pypi.pvt.build.mozilla.org mozsystemmonitor==0.3
16:54:04     INFO - Using env: {'CCACHE_DIR': '/builds/ccache',
16:54:04     INFO -  'CCACHE_UMASK': '002',
16:54:04     INFO -  'DISPLAY': ':0',
16:54:04     INFO -  'HOME': '/home/cltbld',
16:54:04     INFO -  'LANG': 'en_US.UTF-8',
16:54:04     INFO -  'LOGNAME': 'cltbld',
16:54:04     INFO -  'MAIL': '/var/mail/cltbld',
16:54:04     INFO -  'MOZ_HIDE_RESULTS_TABLE': '1',
16:54:04     INFO -  'MOZ_NODE_PATH': '/usr/bin/node',
16:54:04     INFO -  'MOZ_NO_REMOTE': '1',
16:54:04     INFO -  'NODE_PATH': '/usr/lib/nodejs:/usr/lib/node_modules:/usr/share/javascript',
16:54:04     INFO -  'NO_FAIL_ON_TEST_ERRORS': '1',
16:54:04     INFO -  'PATH': '/usr/local/bin:/usr/local/bin:/usr/bin:/bin:/usr/local/games:/usr/games',
16:54:04     INFO -  'PROPERTIES_FILE': '/builds/slave/test/buildprops.json',
16:54:04     INFO -  'PWD': '/builds/slave/test',
16:54:04     INFO -  'SHELL': '/bin/bash',
16:54:04     INFO -  'SHLVL': '1',
16:54:04     INFO -  'TERM': 'linux',
16:54:04     INFO -  'TMOUT': '86400',
16:54:04     INFO -  'USER': 'cltbld',
16:54:04     INFO -  'XDG_SESSION_COOKIE': '9ca12473fbb1d023794ffd180000023c-1528501974.228532-196966555',
16:54:04     INFO -  '_': '/tools/buildbot/bin/python'}
16:54:05     INFO -  Ignoring indexes: https://pypi.python.org/simple
16:54:05     INFO -  Collecting mozsystemmonitor==0.3
16:54:05     INFO -  /builds/slave/test/build/venv/lib/python2.7/site-packages/pip/_vendor/requests/packages/urllib3/util/ssl_.py:318: SNIMissingWarning: An HTTPS request has been made, but the SNI (Subject Name Indication) extension to TLS is not available on this platform. This may cause the server to present an incorrect TLS certificate, which can cause validation failures. You can upgrade to a newer version of Python to solve this. For more information, see https://urllib3.readthedocs.org/en/latest/security.html#snimissingwarning.
16:54:05     INFO -    SNIMissingWarning
16:54:05     INFO -  /builds/slave/test/build/venv/lib/python2.7/site-packages/pip/_vendor/requests/packages/urllib3/util/ssl_.py:122: InsecurePlatformWarning: A true SSLContext object is not available. This prevents urllib3 from configuring SSL appropriately and may cause certain SSL connections to fail. You can upgrade to a newer version of Python to solve this. For more information, see https://urllib3.readthedocs.org/en/latest/security.html#insecureplatformwarning.
16:54:05     INFO -    InsecurePlatformWarning
16:54:07     INFO -  /builds/slave/test/build/venv/lib/python2.7/site-packages/pip/_vendor/requests/packages/urllib3/util/ssl_.py:122: InsecurePlatformWarning: A true SSLContext object is not available. This prevents urllib3 from configuring SSL appropriately and may cause certain SSL connections to fail. You can upgrade to a newer version of Python to solve this. For more information, see https://urllib3.readthedocs.org/en/latest/security.html#insecureplatformwarning.
16:54:07     INFO -    InsecurePlatformWarning
16:54:12     INFO -    Downloading https://pypi.pvt.build.mozilla.org/pub/mozsystemmonitor-0.3.tar.gz
16:54:13     INFO -  Requirement already satisfied (use --upgrade to upgrade): psutil>=3.1.1 in ./venv/lib/python2.7/site-packages (from mozsystemmonitor==0.3)
16:54:13     INFO -  Building wheels for collected packages: mozsystemmonitor
16:54:13     INFO -    Running setup.py bdist_wheel for mozsystemmonitor: started
16:54:13     INFO -    Running setup.py bdist_wheel for mozsystemmonitor: finished with status 'done'
16:54:13     INFO -    Stored in directory: /home/cltbld/.cache/pip/wheels/f4/b7/9c/8a88c92aaad7c1d8bbd68513e1d91ad7f62b7465808c516aa8
16:54:13     INFO -  Successfully built mozsystemmonitor
16:54:13     INFO -  Installing collected packages: mozsystemmonitor
16:54:13     INFO -  Successfully installed mozsystemmonitor-0.3
16:54:13     INFO - Return code: 0
16:54:13     INFO - Installing jsonschema==2.5.1 into virtualenv /builds/slave/test/build/venv
16:54:14     INFO - retry: Calling run_command with args: [['/builds/slave/test/build/venv/bin/pip', 'install', '--timeout', '120', '--no-index', '--find-links', 'http://pypi.pvt.build.mozilla.org/pub', '--find-links', 'http://pypi.pub.build.mozilla.org/pub', '--trusted-host', 'pypi.pub.build.mozilla.org', '--trusted-host', 'pypi.pvt.build.mozilla.org', 'jsonschema==2.5.1']], kwargs: {'error_level': 'warning', 'error_list': [{'substr': 'not found or a compiler error:', 'level': 'warning'}, {'regex': <_sre.SRE_Pattern object at 0x7fbb76e90110>, 'level': 'error'}, {'regex': <_sre.SRE_Pattern object at 0x7fbb76f98e40>, 'level': 'warning'}, {'regex': <_sre.SRE_Pattern object at 0x11ce3e0>, 'level': 'debug'}, {'substr': 'command not found', 'level': 'error'}, {'regex': <_sre.SRE_Pattern object at 0x11caa90>, 'level': 'warning'}, {'substr': 'Traceback (most recent call last)', 'level': 'error'}, {'substr': 'SyntaxError: ', 'level': 'error'}, {'substr': 'TypeError: ', 'level': 'error'}, {'substr': 'NameError: ', 'level': 'error'}, {'substr': 'ZeroDivisionError: ', 'level': 'error'}, {'regex': <_sre.SRE_Pattern object at 0x11cc3f0>, 'level': 'critical'}, {'regex': <_sre.SRE_Pattern object at 0x11cc670>, 'level': 'critical'}], 'cwd': '/builds/slave/test/build', 'env': {'TMOUT': '86400', 'LOGNAME': 'cltbld', 'USER': 'cltbld', 'HOME': '/home/cltbld', 'PATH': '/usr/local/bin:/usr/local/bin:/usr/bin:/bin:/usr/local/games:/usr/games', 'DISPLAY': ':0', 'CCACHE_UMASK': '002', 'LANG': 'en_US.UTF-8', 'TERM': 'linux', 'SHELL': '/bin/bash', 'MOZ_NODE_PATH': '/usr/bin/node', 'XDG_SESSION_COOKIE': '9ca12473fbb1d023794ffd180000023c-1528501974.228532-196966555', 'SHLVL': '1', 'NO_FAIL_ON_TEST_ERRORS': '1', 'MOZ_NO_REMOTE': '1', 'MOZ_HIDE_RESULTS_TABLE': '1', 'MAIL': '/var/mail/cltbld', '_': '/tools/buildbot/bin/python', 'NODE_PATH': '/usr/lib/nodejs:/usr/lib/node_modules:/usr/share/javascript', 'PWD': '/builds/slave/test', 'PROPERTIES_FILE': '/builds/slave/test/buildprops.json', 'CCACHE_DIR': '/builds/ccache'}}, attempt #1
16:54:14     INFO - Running command: ['/builds/slave/test/build/venv/bin/pip', 'install', '--timeout', '120', '--no-index', '--find-links', 'http://pypi.pvt.build.mozilla.org/pub', '--find-links', 'http://pypi.pub.build.mozilla.org/pub', '--trusted-host', 'pypi.pub.build.mozilla.org', '--trusted-host', 'pypi.pvt.build.mozilla.org', 'jsonschema==2.5.1'] in /builds/slave/test/build
16:54:14     INFO - Copy/paste: /builds/slave/test/build/venv/bin/pip install --timeout 120 --no-index --find-links http://pypi.pvt.build.mozilla.org/pub --find-links http://pypi.pub.build.mozilla.org/pub --trusted-host pypi.pub.build.mozilla.org --trusted-host pypi.pvt.build.mozilla.org jsonschema==2.5.1
16:54:14     INFO - Using env: {'CCACHE_DIR': '/builds/ccache',
16:54:14     INFO -  'CCACHE_UMASK': '002',
16:54:14     INFO -  'DISPLAY': ':0',
16:54:14     INFO -  'HOME': '/home/cltbld',
16:54:14     INFO -  'LANG': 'en_US.UTF-8',
16:54:14     INFO -  'LOGNAME': 'cltbld',
16:54:14     INFO -  'MAIL': '/var/mail/cltbld',
16:54:14     INFO -  'MOZ_HIDE_RESULTS_TABLE': '1',
16:54:14     INFO -  'MOZ_NODE_PATH': '/usr/bin/node',
16:54:14     INFO -  'MOZ_NO_REMOTE': '1',
16:54:14     INFO -  'NODE_PATH': '/usr/lib/nodejs:/usr/lib/node_modules:/usr/share/javascript',
16:54:14     INFO -  'NO_FAIL_ON_TEST_ERRORS': '1',
16:54:14     INFO -  'PATH': '/usr/local/bin:/usr/local/bin:/usr/bin:/bin:/usr/local/games:/usr/games',
16:54:14     INFO -  'PROPERTIES_FILE': '/builds/slave/test/buildprops.json',
16:54:14     INFO -  'PWD': '/builds/slave/test',
16:54:14     INFO -  'SHELL': '/bin/bash',
16:54:14     INFO -  'SHLVL': '1',
16:54:14     INFO -  'TERM': 'linux',
16:54:14     INFO -  'TMOUT': '86400',
16:54:14     INFO -  'USER': 'cltbld',
16:54:14     INFO -  'XDG_SESSION_COOKIE': '9ca12473fbb1d023794ffd180000023c-1528501974.228532-196966555',
16:54:14     INFO -  '_': '/tools/buildbot/bin/python'}
16:54:14     INFO -  Ignoring indexes: https://pypi.python.org/simple
16:54:14     INFO -  Collecting jsonschema==2.5.1
16:54:15     INFO -  /builds/slave/test/build/venv/lib/python2.7/site-packages/pip/_vendor/requests/packages/urllib3/util/ssl_.py:318: SNIMissingWarning: An HTTPS request has been made, but the SNI (Subject Name Indication) extension to TLS is not available on this platform. This may cause the server to present an incorrect TLS certificate, which can cause validation failures. You can upgrade to a newer version of Python to solve this. For more information, see https://urllib3.readthedocs.org/en/latest/security.html#snimissingwarning.
16:54:15     INFO -    SNIMissingWarning
16:54:15     INFO -  /builds/slave/test/build/venv/lib/python2.7/site-packages/pip/_vendor/requests/packages/urllib3/util/ssl_.py:122: InsecurePlatformWarning: A true SSLContext object is not available. This prevents urllib3 from configuring SSL appropriately and may cause certain SSL connections to fail. You can upgrade to a newer version of Python to solve this. For more information, see https://urllib3.readthedocs.org/en/latest/security.html#insecureplatformwarning.
16:54:15     INFO -    InsecurePlatformWarning
16:54:16     INFO -  /builds/slave/test/build/venv/lib/python2.7/site-packages/pip/_vendor/requests/packages/urllib3/util/ssl_.py:122: InsecurePlatformWarning: A true SSLContext object is not available. This prevents urllib3 from configuring SSL appropriately and may cause certain SSL connections to fail. You can upgrade to a newer version of Python to solve this. For more information, see https://urllib3.readthedocs.org/en/latest/security.html#insecureplatformwarning.
16:54:16     INFO -    InsecurePlatformWarning
16:54:22     INFO -    Downloading https://pypi.pvt.build.mozilla.org/pub/jsonschema-2.5.1-py2.py3-none-any.whl
16:54:22     INFO -  Collecting functools32; python_version == "2.7" (from jsonschema==2.5.1)
16:54:27     INFO -    Downloading https://pypi.pvt.build.mozilla.org/pub/functools32-3.2.3-2.tar.gz
16:54:28     INFO -  Building wheels for collected packages: functools32
16:54:28     INFO -    Running setup.py bdist_wheel for functools32: started
16:54:28     INFO -    Running setup.py bdist_wheel for functools32: finished with status 'done'
16:54:28     INFO -    Stored in directory: /home/cltbld/.cache/pip/wheels/60/8e/5c/cd0944700dbec48e57da97dbe11bcc84b1332f6b43bc89d9b7
16:54:28     INFO -  Successfully built functools32
16:54:28     INFO -  Installing collected packages: functools32, jsonschema
16:54:28     INFO -  Successfully installed functools32-3.2.3.post2 jsonschema-2.5.1
16:54:28     INFO - Return code: 0
16:54:28     INFO - Installing functools32==3.2.3-2 into virtualenv /builds/slave/test/build/venv
16:54:29     INFO - retry: Calling run_command with args: [['/builds/slave/test/build/venv/bin/pip', 'install', '--timeout', '120', '--no-index', '--find-links', 'http://pypi.pvt.build.mozilla.org/pub', '--find-links', 'http://pypi.pub.build.mozilla.org/pub', '--trusted-host', 'pypi.pub.build.mozilla.org', '--trusted-host', 'pypi.pvt.build.mozilla.org', 'functools32==3.2.3-2']], kwargs: {'error_level': 'warning', 'error_list': [{'substr': 'not found or a compiler error:', 'level': 'warning'}, {'regex': <_sre.SRE_Pattern object at 0x7fbb76e90110>, 'level': 'error'}, {'regex': <_sre.SRE_Pattern object at 0x7fbb76f98e40>, 'level': 'warning'}, {'regex': <_sre.SRE_Pattern object at 0x11ce3e0>, 'level': 'debug'}, {'substr': 'command not found', 'level': 'error'}, {'regex': <_sre.SRE_Pattern object at 0x11caa90>, 'level': 'warning'}, {'substr': 'Traceback (most recent call last)', 'level': 'error'}, {'substr': 'SyntaxError: ', 'level': 'error'}, {'substr': 'TypeError: ', 'level': 'error'}, {'substr': 'NameError: ', 'level': 'error'}, {'substr': 'ZeroDivisionError: ', 'level': 'error'}, {'regex': <_sre.SRE_Pattern object at 0x11cc3f0>, 'level': 'critical'}, {'regex': <_sre.SRE_Pattern object at 0x11cc670>, 'level': 'critical'}], 'cwd': '/builds/slave/test/build', 'env': {'TMOUT': '86400', 'LOGNAME': 'cltbld', 'USER': 'cltbld', 'HOME': '/home/cltbld', 'PATH': '/usr/local/bin:/usr/local/bin:/usr/bin:/bin:/usr/local/games:/usr/games', 'DISPLAY': ':0', 'CCACHE_UMASK': '002', 'LANG': 'en_US.UTF-8', 'TERM': 'linux', 'SHELL': '/bin/bash', 'MOZ_NODE_PATH': '/usr/bin/node', 'XDG_SESSION_COOKIE': '9ca12473fbb1d023794ffd180000023c-1528501974.228532-196966555', 'SHLVL': '1', 'NO_FAIL_ON_TEST_ERRORS': '1', 'MOZ_NO_REMOTE': '1', 'MOZ_HIDE_RESULTS_TABLE': '1', 'MAIL': '/var/mail/cltbld', '_': '/tools/buildbot/bin/python', 'NODE_PATH': '/usr/lib/nodejs:/usr/lib/node_modules:/usr/share/javascript', 'PWD': '/builds/slave/test', 'PROPERTIES_FILE': '/builds/slave/test/buildprops.json', 'CCACHE_DIR': '/builds/ccache'}}, attempt #1
16:54:29     INFO - Running command: ['/builds/slave/test/build/venv/bin/pip', 'install', '--timeout', '120', '--no-index', '--find-links', 'http://pypi.pvt.build.mozilla.org/pub', '--find-links', 'http://pypi.pub.build.mozilla.org/pub', '--trusted-host', 'pypi.pub.build.mozilla.org', '--trusted-host', 'pypi.pvt.build.mozilla.org', 'functools32==3.2.3-2'] in /builds/slave/test/build
16:54:29     INFO - Copy/paste: /builds/slave/test/build/venv/bin/pip install --timeout 120 --no-index --find-links http://pypi.pvt.build.mozilla.org/pub --find-links http://pypi.pub.build.mozilla.org/pub --trusted-host pypi.pub.build.mozilla.org --trusted-host pypi.pvt.build.mozilla.org functools32==3.2.3-2
16:54:29     INFO - Using env: {'CCACHE_DIR': '/builds/ccache',
16:54:29     INFO -  'CCACHE_UMASK': '002',
16:54:29     INFO -  'DISPLAY': ':0',
16:54:29     INFO -  'HOME': '/home/cltbld',
16:54:29     INFO -  'LANG': 'en_US.UTF-8',
16:54:29     INFO -  'LOGNAME': 'cltbld',
16:54:29     INFO -  'MAIL': '/var/mail/cltbld',
16:54:29     INFO -  'MOZ_HIDE_RESULTS_TABLE': '1',
16:54:29     INFO -  'MOZ_NODE_PATH': '/usr/bin/node',
16:54:29     INFO -  'MOZ_NO_REMOTE': '1',
16:54:29     INFO -  'NODE_PATH': '/usr/lib/nodejs:/usr/lib/node_modules:/usr/share/javascript',
16:54:29     INFO -  'NO_FAIL_ON_TEST_ERRORS': '1',
16:54:29     INFO -  'PATH': '/usr/local/bin:/usr/local/bin:/usr/bin:/bin:/usr/local/games:/usr/games',
16:54:29     INFO -  'PROPERTIES_FILE': '/builds/slave/test/buildprops.json',
16:54:29     INFO -  'PWD': '/builds/slave/test',
16:54:29     INFO -  'SHELL': '/bin/bash',
16:54:29     INFO -  'SHLVL': '1',
16:54:29     INFO -  'TERM': 'linux',
16:54:29     INFO -  'TMOUT': '86400',
16:54:29     INFO -  'USER': 'cltbld',
16:54:29     INFO -  'XDG_SESSION_COOKIE': '9ca12473fbb1d023794ffd180000023c-1528501974.228532-196966555',
16:54:29     INFO -  '_': '/tools/buildbot/bin/python'}
16:54:30     INFO -  Ignoring indexes: https://pypi.python.org/simple
16:54:30     INFO -  Requirement already satisfied (use --upgrade to upgrade): functools32==3.2.3-2 in ./venv/lib/python2.7/site-packages
16:54:30     INFO - Return code: 0
16:54:30     INFO - Installing blobuploader==1.2.4 into virtualenv /builds/slave/test/build/venv
16:54:30     INFO - retry: Calling run_command with args: [['/builds/slave/test/build/venv/bin/pip', 'install', '--timeout', '120', '--no-index', '--find-links', 'http://pypi.pvt.build.mozilla.org/pub', '--find-links', 'http://pypi.pub.build.mozilla.org/pub', '--trusted-host', 'pypi.pub.build.mozilla.org', '--trusted-host', 'pypi.pvt.build.mozilla.org', 'blobuploader==1.2.4']], kwargs: {'error_level': 'warning', 'error_list': [{'substr': 'not found or a compiler error:', 'level': 'warning'}, {'regex': <_sre.SRE_Pattern object at 0x7fbb76e90110>, 'level': 'error'}, {'regex': <_sre.SRE_Pattern object at 0x7fbb76f98e40>, 'level': 'warning'}, {'regex': <_sre.SRE_Pattern object at 0x11ce3e0>, 'level': 'debug'}, {'substr': 'command not found', 'level': 'error'}, {'regex': <_sre.SRE_Pattern object at 0x11caa90>, 'level': 'warning'}, {'substr': 'Traceback (most recent call last)', 'level': 'error'}, {'substr': 'SyntaxError: ', 'level': 'error'}, {'substr': 'TypeError: ', 'level': 'error'}, {'substr': 'NameError: ', 'level': 'error'}, {'substr': 'ZeroDivisionError: ', 'level': 'error'}, {'regex': <_sre.SRE_Pattern object at 0x11cc3f0>, 'level': 'critical'}, {'regex': <_sre.SRE_Pattern object at 0x11cc670>, 'level': 'critical'}], 'cwd': '/builds/slave/test/build', 'env': {'TMOUT': '86400', 'LOGNAME': 'cltbld', 'USER': 'cltbld', 'HOME': '/home/cltbld', 'PATH': '/usr/local/bin:/usr/local/bin:/usr/bin:/bin:/usr/local/games:/usr/games', 'DISPLAY': ':0', 'CCACHE_UMASK': '002', 'LANG': 'en_US.UTF-8', 'TERM': 'linux', 'SHELL': '/bin/bash', 'MOZ_NODE_PATH': '/usr/bin/node', 'XDG_SESSION_COOKIE': '9ca12473fbb1d023794ffd180000023c-1528501974.228532-196966555', 'SHLVL': '1', 'NO_FAIL_ON_TEST_ERRORS': '1', 'MOZ_NO_REMOTE': '1', 'MOZ_HIDE_RESULTS_TABLE': '1', 'MAIL': '/var/mail/cltbld', '_': '/tools/buildbot/bin/python', 'NODE_PATH': '/usr/lib/nodejs:/usr/lib/node_modules:/usr/share/javascript', 'PWD': '/builds/slave/test', 'PROPERTIES_FILE': '/builds/slave/test/buildprops.json', 'CCACHE_DIR': '/builds/ccache'}}, attempt #1
16:54:30     INFO - Running command: ['/builds/slave/test/build/venv/bin/pip', 'install', '--timeout', '120', '--no-index', '--find-links', 'http://pypi.pvt.build.mozilla.org/pub', '--find-links', 'http://pypi.pub.build.mozilla.org/pub', '--trusted-host', 'pypi.pub.build.mozilla.org', '--trusted-host', 'pypi.pvt.build.mozilla.org', 'blobuploader==1.2.4'] in /builds/slave/test/build
16:54:30     INFO - Copy/paste: /builds/slave/test/build/venv/bin/pip install --timeout 120 --no-index --find-links http://pypi.pvt.build.mozilla.org/pub --find-links http://pypi.pub.build.mozilla.org/pub --trusted-host pypi.pub.build.mozilla.org --trusted-host pypi.pvt.build.mozilla.org blobuploader==1.2.4
16:54:30     INFO - Using env: {'CCACHE_DIR': '/builds/ccache',
16:54:30     INFO -  'CCACHE_UMASK': '002',
16:54:30     INFO -  'DISPLAY': ':0',
16:54:30     INFO -  'HOME': '/home/cltbld',
16:54:30     INFO -  'LANG': 'en_US.UTF-8',
16:54:30     INFO -  'LOGNAME': 'cltbld',
16:54:30     INFO -  'MAIL': '/var/mail/cltbld',
16:54:30     INFO -  'MOZ_HIDE_RESULTS_TABLE': '1',
16:54:30     INFO -  'MOZ_NODE_PATH': '/usr/bin/node',
16:54:30     INFO -  'MOZ_NO_REMOTE': '1',
16:54:30     INFO -  'NODE_PATH': '/usr/lib/nodejs:/usr/lib/node_modules:/usr/share/javascript',
16:54:30     INFO -  'NO_FAIL_ON_TEST_ERRORS': '1',
16:54:30     INFO -  'PATH': '/usr/local/bin:/usr/local/bin:/usr/bin:/bin:/usr/local/games:/usr/games',
16:54:30     INFO -  'PROPERTIES_FILE': '/builds/slave/test/buildprops.json',
16:54:30     INFO -  'PWD': '/builds/slave/test',
16:54:30     INFO -  'SHELL': '/bin/bash',
16:54:30     INFO -  'SHLVL': '1',
16:54:30     INFO -  'TERM': 'linux',
16:54:30     INFO -  'TMOUT': '86400',
16:54:30     INFO -  'USER': 'cltbld',
16:54:30     INFO -  'XDG_SESSION_COOKIE': '9ca12473fbb1d023794ffd180000023c-1528501974.228532-196966555',
16:54:30     INFO -  '_': '/tools/buildbot/bin/python'}
16:54:31     INFO -  Ignoring indexes: https://pypi.python.org/simple
16:54:31     INFO -  Collecting blobuploader==1.2.4
16:54:31     INFO -  /builds/slave/test/build/venv/lib/python2.7/site-packages/pip/_vendor/requests/packages/urllib3/util/ssl_.py:318: SNIMissingWarning: An HTTPS request has been made, but the SNI (Subject Name Indication) extension to TLS is not available on this platform. This may cause the server to present an incorrect TLS certificate, which can cause validation failures. You can upgrade to a newer version of Python to solve this. For more information, see https://urllib3.readthedocs.org/en/latest/security.html#snimissingwarning.
16:54:31     INFO -    SNIMissingWarning
16:54:31     INFO -  /builds/slave/test/build/venv/lib/python2.7/site-packages/pip/_vendor/requests/packages/urllib3/util/ssl_.py:122: InsecurePlatformWarning: A true SSLContext object is not available. This prevents urllib3 from configuring SSL appropriately and may cause certain SSL connections to fail. You can upgrade to a newer version of Python to solve this. For more information, see https://urllib3.readthedocs.org/en/latest/security.html#insecureplatformwarning.
16:54:31     INFO -    InsecurePlatformWarning
16:54:33     INFO -  /builds/slave/test/build/venv/lib/python2.7/site-packages/pip/_vendor/requests/packages/urllib3/util/ssl_.py:122: InsecurePlatformWarning: A true SSLContext object is not available. This prevents urllib3 from configuring SSL appropriately and may cause certain SSL connections to fail. You can upgrade to a newer version of Python to solve this. For more information, see https://urllib3.readthedocs.org/en/latest/security.html#insecureplatformwarning.
16:54:33     INFO -    InsecurePlatformWarning
16:54:38     INFO -    Downloading https://pypi.pvt.build.mozilla.org/pub/blobuploader-1.2.4.tar.gz
16:54:38     INFO -  Collecting requests==1.2.3. (from blobuploader==1.2.4)
16:54:44     INFO -    Downloading https://pypi.pvt.build.mozilla.org/pub/requests-1.2.3.tar.gz (348kB)
16:54:45     INFO -  Collecting docopt==0.6.1 (from blobuploader==1.2.4)
16:54:50     INFO -    Downloading https://pypi.pvt.build.mozilla.org/pub/docopt-0.6.1.tar.gz
16:54:51     INFO -  Building wheels for collected packages: blobuploader, requests, docopt
16:54:51     INFO -    Running setup.py bdist_wheel for blobuploader: started
16:54:51     INFO -    Running setup.py bdist_wheel for blobuploader: finished with status 'done'
16:54:51     INFO -    Stored in directory: /home/cltbld/.cache/pip/wheels/a7/2a/47/2d3828e4129ffeb548a26f4a87889dc9bc1a58e201a0ff8655
16:54:51     INFO -    Running setup.py bdist_wheel for requests: started
16:54:52     INFO -    Running setup.py bdist_wheel for requests: finished with status 'done'
16:54:52     INFO -    Stored in directory: /home/cltbld/.cache/pip/wheels/65/bb/90/359b65a7043ffc879dde877c4ad827f452218808c6cccf2658
16:54:52     INFO -    Running setup.py bdist_wheel for docopt: started
16:54:53     INFO -    Running setup.py bdist_wheel for docopt: finished with status 'done'
16:54:53     INFO -    Stored in directory: /home/cltbld/.cache/pip/wheels/ac/8b/84/7dbe9ada02c48c352fa733c81648516f92c6436f9d5bffad41
16:54:53     INFO -  Successfully built blobuploader requests docopt
16:54:53     INFO -  Installing collected packages: requests, docopt, blobuploader
16:54:53     INFO -  Successfully installed blobuploader-1.2.4 docopt-0.6.1 requests-1.2.3
16:54:53     INFO - Return code: 0
16:54:53     INFO - Installing None into virtualenv /builds/slave/test/build/venv
16:54:54     INFO - retry: Calling run_command with args: [['/builds/slave/test/build/venv/bin/pip', 'install', '--no-deps', '--timeout', '120', '-r', '/builds/slave/test/build/tests/config/mozbase_requirements.txt', '--no-index', '--find-links', 'http://pypi.pvt.build.mozilla.org/pub', '--find-links', 'http://pypi.pub.build.mozilla.org/pub', '--trusted-host', 'pypi.pub.build.mozilla.org', '--trusted-host', 'pypi.pvt.build.mozilla.org']], kwargs: {'error_level': 'warning', 'error_list': [{'substr': 'not found or a compiler error:', 'level': 'warning'}, {'regex': <_sre.SRE_Pattern object at 0x7fbb76e90110>, 'level': 'error'}, {'regex': <_sre.SRE_Pattern object at 0x7fbb76f98e40>, 'level': 'warning'}, {'regex': <_sre.SRE_Pattern object at 0x11ce3e0>, 'level': 'debug'}, {'substr': 'command not found', 'level': 'error'}, {'regex': <_sre.SRE_Pattern object at 0x11caa90>, 'level': 'warning'}, {'substr': 'Traceback (most recent call last)', 'level': 'error'}, {'substr': 'SyntaxError: ', 'level': 'error'}, {'substr': 'TypeError: ', 'level': 'error'}, {'substr': 'NameError: ', 'level': 'error'}, {'substr': 'ZeroDivisionError: ', 'level': 'error'}, {'regex': <_sre.SRE_Pattern object at 0x11cc3f0>, 'level': 'critical'}, {'regex': <_sre.SRE_Pattern object at 0x11cc670>, 'level': 'critical'}], 'cwd': '/builds/slave/test/build/tests/config', 'env': {'TMOUT': '86400', 'LOGNAME': 'cltbld', 'USER': 'cltbld', 'HOME': '/home/cltbld', 'PATH': '/usr/local/bin:/usr/local/bin:/usr/bin:/bin:/usr/local/games:/usr/games', 'DISPLAY': ':0', 'CCACHE_UMASK': '002', 'LANG': 'en_US.UTF-8', 'TERM': 'linux', 'SHELL': '/bin/bash', 'MOZ_NODE_PATH': '/usr/bin/node', 'XDG_SESSION_COOKIE': '9ca12473fbb1d023794ffd180000023c-1528501974.228532-196966555', 'SHLVL': '1', 'NO_FAIL_ON_TEST_ERRORS': '1', 'MOZ_NO_REMOTE': '1', 'MOZ_HIDE_RESULTS_TABLE': '1', 'MAIL': '/var/mail/cltbld', '_': '/tools/buildbot/bin/python', 'NODE_PATH': '/usr/lib/nodejs:/usr/lib/node_modules:/usr/share/javascript', 'PWD': '/builds/slave/test', 'PROPERTIES_FILE': '/builds/slave/test/buildprops.json', 'CCACHE_DIR': '/builds/ccache'}}, attempt #1
16:54:54     INFO - Running command: ['/builds/slave/test/build/venv/bin/pip', 'install', '--no-deps', '--timeout', '120', '-r', '/builds/slave/test/build/tests/config/mozbase_requirements.txt', '--no-index', '--find-links', 'http://pypi.pvt.build.mozilla.org/pub', '--find-links', 'http://pypi.pub.build.mozilla.org/pub', '--trusted-host', 'pypi.pub.build.mozilla.org', '--trusted-host', 'pypi.pvt.build.mozilla.org'] in /builds/slave/test/build/tests/config
16:54:54     INFO - Copy/paste: /builds/slave/test/build/venv/bin/pip install --no-deps --timeout 120 -r /builds/slave/test/build/tests/config/mozbase_requirements.txt --no-index --find-links http://pypi.pvt.build.mozilla.org/pub --find-links http://pypi.pub.build.mozilla.org/pub --trusted-host pypi.pub.build.mozilla.org --trusted-host pypi.pvt.build.mozilla.org
16:54:54     INFO - Using env: {'CCACHE_DIR': '/builds/ccache',
16:54:54     INFO -  'CCACHE_UMASK': '002',
16:54:54     INFO -  'DISPLAY': ':0',
16:54:54     INFO -  'HOME': '/home/cltbld',
16:54:54     INFO -  'LANG': 'en_US.UTF-8',
16:54:54     INFO -  'LOGNAME': 'cltbld',
16:54:54     INFO -  'MAIL': '/var/mail/cltbld',
16:54:54     INFO -  'MOZ_HIDE_RESULTS_TABLE': '1',
16:54:54     INFO -  'MOZ_NODE_PATH': '/usr/bin/node',
16:54:54     INFO -  'MOZ_NO_REMOTE': '1',
16:54:54     INFO -  'NODE_PATH': '/usr/lib/nodejs:/usr/lib/node_modules:/usr/share/javascript',
16:54:54     INFO -  'NO_FAIL_ON_TEST_ERRORS': '1',
16:54:54     INFO -  'PATH': '/usr/local/bin:/usr/local/bin:/usr/bin:/bin:/usr/local/games:/usr/games',
16:54:54     INFO -  'PROPERTIES_FILE': '/builds/slave/test/buildprops.json',
16:54:54     INFO -  'PWD': '/builds/slave/test',
16:54:54     INFO -  'SHELL': '/bin/bash',
16:54:54     INFO -  'SHLVL': '1',
16:54:54     INFO -  'TERM': 'linux',
16:54:54     INFO -  'TMOUT': '86400',
16:54:54     INFO -  'USER': 'cltbld',
16:54:54     INFO -  'XDG_SESSION_COOKIE': '9ca12473fbb1d023794ffd180000023c-1528501974.228532-196966555',
16:54:54     INFO -  '_': '/tools/buildbot/bin/python'}
16:54:54     INFO -  Ignoring indexes: https://pypi.python.org/simple
16:54:54     INFO -  Processing /builds/slave/test/build/tests/mozbase/manifestparser
16:54:55     INFO -  Processing /builds/slave/test/build/tests/mozbase/mozcrash
16:54:55     INFO -  Processing /builds/slave/test/build/tests/mozbase/mozdebug
16:54:56     INFO -  Processing /builds/slave/test/build/tests/mozbase/mozdevice
16:54:56     INFO -  Processing /builds/slave/test/build/tests/mozbase/mozfile
16:54:56     INFO -  Processing /builds/slave/test/build/tests/mozbase/mozhttpd
16:54:57     INFO -  Processing /builds/slave/test/build/tests/mozbase/mozinfo
16:54:57     INFO -  Processing /builds/slave/test/build/tests/mozbase/mozinstall
16:54:57     INFO -  Processing /builds/slave/test/build/tests/mozbase/mozleak
16:54:58     INFO -  Processing /builds/slave/test/build/tests/mozbase/mozlog
16:54:58     INFO -  Processing /builds/slave/test/build/tests/mozbase/moznetwork
16:54:58     INFO -  Processing /builds/slave/test/build/tests/mozbase/mozprocess
16:54:59     INFO -  Processing /builds/slave/test/build/tests/mozbase/mozprofile
16:54:59     INFO -  Processing /builds/slave/test/build/tests/mozbase/mozrunner
16:54:59     INFO -  Processing /builds/slave/test/build/tests/mozbase/mozscreenshot
16:55:00     INFO -  Processing /builds/slave/test/build/tests/mozbase/moztest
16:55:00     INFO -  Processing /builds/slave/test/build/tests/mozbase/mozversion
16:55:00     INFO -  Installing collected packages: manifestparser, mozcrash, mozdebug, mozdevice, mozfile, mozhttpd, mozinfo, mozInstall, mozleak, mozlog, moznetwork, mozprocess, mozprofile, mozrunner, mozscreenshot, moztest, mozversion
16:55:00     INFO -    Running setup.py install for manifestparser: started
16:55:01     INFO -      Running setup.py install for manifestparser: finished with status 'done'
16:55:01     INFO -    Running setup.py install for mozcrash: started
16:55:01     INFO -      Running setup.py install for mozcrash: finished with status 'done'
16:55:01     INFO -    Running setup.py install for mozdebug: started
16:55:02     INFO -      Running setup.py install for mozdebug: finished with status 'done'
16:55:02     INFO -    Running setup.py install for mozdevice: started
16:55:02     INFO -      Running setup.py install for mozdevice: finished with status 'done'
16:55:02     INFO -    Running setup.py install for mozfile: started
16:55:03     INFO -      Running setup.py install for mozfile: finished with status 'done'
16:55:03     INFO -    Running setup.py install for mozhttpd: started
16:55:03     INFO -      Running setup.py install for mozhttpd: finished with status 'done'
16:55:03     INFO -    Running setup.py install for mozinfo: started
16:55:03     INFO -      Running setup.py install for mozinfo: finished with status 'done'
16:55:03     INFO -    Running setup.py install for mozInstall: started
16:55:04     INFO -      Running setup.py install for mozInstall: finished with status 'done'
16:55:04     INFO -    Running setup.py install for mozleak: started
16:55:04     INFO -      Running setup.py install for mozleak: finished with status 'done'
16:55:04     INFO -    Running setup.py install for mozlog: started
16:55:05     INFO -      Running setup.py install for mozlog: finished with status 'done'
16:55:05     INFO -    Running setup.py install for moznetwork: started
16:55:05     INFO -      Running setup.py install for moznetwork: finished with status 'done'
16:55:05     INFO -    Running setup.py install for mozprocess: started
16:55:06     INFO -      Running setup.py install for mozprocess: finished with status 'done'
16:55:06     INFO -    Running setup.py install for mozprofile: started
16:55:06     INFO -      Running setup.py install for mozprofile: finished with status 'done'
16:55:06     INFO -    Running setup.py install for mozrunner: started
16:55:07     INFO -      Running setup.py install for mozrunner: finished with status 'done'
16:55:07     INFO -    Running setup.py install for mozscreenshot: started
16:55:07     INFO -      Running setup.py install for mozscreenshot: finished with status 'done'
16:55:07     INFO -    Running setup.py install for moztest: started
16:55:07     INFO -      Running setup.py install for moztest: finished with status 'done'
16:55:07     INFO -    Running setup.py install for mozversion: started
16:55:08     INFO -      Running setup.py install for mozversion: finished with status 'done'
16:55:08     INFO -  Successfully installed manifestparser-1.1 mozInstall-1.12 mozcrash-1.0 mozdebug-0.1 mozdevice-0.48 mozfile-1.2 mozhttpd-0.7 mozinfo-0.9 mozleak-0.1 mozlog-3.4 moznetwork-0.27 mozprocess-0.23 mozprofile-0.28 mozrunner-6.13 mozscreenshot-0.1 moztest-0.8 mozversion-1.4
16:55:08     INFO - Return code: 0
16:55:08     INFO - Installing None into virtualenv /builds/slave/test/build/venv
16:55:09     INFO - retry: Calling run_command with args: [['/builds/slave/test/build/venv/bin/pip', 'install', '--timeout', '120', '-r', '/builds/slave/test/build/tests/config/mozbase_requirements.txt', '--no-index', '--find-links', 'http://pypi.pvt.build.mozilla.org/pub', '--find-links', 'http://pypi.pub.build.mozilla.org/pub', '--trusted-host', 'pypi.pub.build.mozilla.org', '--trusted-host', 'pypi.pvt.build.mozilla.org']], kwargs: {'error_level': 'warning', 'error_list': [{'substr': 'not found or a compiler error:', 'level': 'warning'}, {'regex': <_sre.SRE_Pattern object at 0x7fbb76e90110>, 'level': 'error'}, {'regex': <_sre.SRE_Pattern object at 0x7fbb76f98e40>, 'level': 'warning'}, {'regex': <_sre.SRE_Pattern object at 0x11ce3e0>, 'level': 'debug'}, {'substr': 'command not found', 'level': 'error'}, {'regex': <_sre.SRE_Pattern object at 0x11caa90>, 'level': 'warning'}, {'substr': 'Traceback (most recent call last)', 'level': 'error'}, {'substr': 'SyntaxError: ', 'level': 'error'}, {'substr': 'TypeError: ', 'level': 'error'}, {'substr': 'NameError: ', 'level': 'error'}, {'substr': 'ZeroDivisionError: ', 'level': 'error'}, {'regex': <_sre.SRE_Pattern object at 0x11cc3f0>, 'level': 'critical'}, {'regex': <_sre.SRE_Pattern object at 0x11cc670>, 'level': 'critical'}], 'cwd': '/builds/slave/test/build/tests/config', 'env': {'TMOUT': '86400', 'LOGNAME': 'cltbld', 'USER': 'cltbld', 'HOME': '/home/cltbld', 'PATH': '/usr/local/bin:/usr/local/bin:/usr/bin:/bin:/usr/local/games:/usr/games', 'DISPLAY': ':0', 'CCACHE_UMASK': '002', 'LANG': 'en_US.UTF-8', 'TERM': 'linux', 'SHELL': '/bin/bash', 'MOZ_NODE_PATH': '/usr/bin/node', 'XDG_SESSION_COOKIE': '9ca12473fbb1d023794ffd180000023c-1528501974.228532-196966555', 'SHLVL': '1', 'NO_FAIL_ON_TEST_ERRORS': '1', 'MOZ_NO_REMOTE': '1', 'MOZ_HIDE_RESULTS_TABLE': '1', 'MAIL': '/var/mail/cltbld', '_': '/tools/buildbot/bin/python', 'NODE_PATH': '/usr/lib/nodejs:/usr/lib/node_modules:/usr/share/javascript', 'PWD': '/builds/slave/test', 'PROPERTIES_FILE': '/builds/slave/test/buildprops.json', 'CCACHE_DIR': '/builds/ccache'}}, attempt #1
16:55:09     INFO - Running command: ['/builds/slave/test/build/venv/bin/pip', 'install', '--timeout', '120', '-r', '/builds/slave/test/build/tests/config/mozbase_requirements.txt', '--no-index', '--find-links', 'http://pypi.pvt.build.mozilla.org/pub', '--find-links', 'http://pypi.pub.build.mozilla.org/pub', '--trusted-host', 'pypi.pub.build.mozilla.org', '--trusted-host', 'pypi.pvt.build.mozilla.org'] in /builds/slave/test/build/tests/config
16:55:09     INFO - Copy/paste: /builds/slave/test/build/venv/bin/pip install --timeout 120 -r /builds/slave/test/build/tests/config/mozbase_requirements.txt --no-index --find-links http://pypi.pvt.build.mozilla.org/pub --find-links http://pypi.pub.build.mozilla.org/pub --trusted-host pypi.pub.build.mozilla.org --trusted-host pypi.pvt.build.mozilla.org
16:55:09     INFO - Using env: {'CCACHE_DIR': '/builds/ccache',
16:55:09     INFO -  'CCACHE_UMASK': '002',
16:55:09     INFO -  'DISPLAY': ':0',
16:55:09     INFO -  'HOME': '/home/cltbld',
16:55:09     INFO -  'LANG': 'en_US.UTF-8',
16:55:09     INFO -  'LOGNAME': 'cltbld',
16:55:09     INFO -  'MAIL': '/var/mail/cltbld',
16:55:09     INFO -  'MOZ_HIDE_RESULTS_TABLE': '1',
16:55:09     INFO -  'MOZ_NODE_PATH': '/usr/bin/node',
16:55:09     INFO -  'MOZ_NO_REMOTE': '1',
16:55:09     INFO -  'NODE_PATH': '/usr/lib/nodejs:/usr/lib/node_modules:/usr/share/javascript',
16:55:09     INFO -  'NO_FAIL_ON_TEST_ERRORS': '1',
16:55:09     INFO -  'PATH': '/usr/local/bin:/usr/local/bin:/usr/bin:/bin:/usr/local/games:/usr/games',
16:55:09     INFO -  'PROPERTIES_FILE': '/builds/slave/test/buildprops.json',
16:55:09     INFO -  'PWD': '/builds/slave/test',
16:55:09     INFO -  'SHELL': '/bin/bash',
16:55:09     INFO -  'SHLVL': '1',
16:55:09     INFO -  'TERM': 'linux',
16:55:09     INFO -  'TMOUT': '86400',
16:55:09     INFO -  'USER': 'cltbld',
16:55:09     INFO -  'XDG_SESSION_COOKIE': '9ca12473fbb1d023794ffd180000023c-1528501974.228532-196966555',
16:55:09     INFO -  '_': '/tools/buildbot/bin/python'}
16:55:10     INFO -  Ignoring indexes: https://pypi.python.org/simple
16:55:10     INFO -  Processing /builds/slave/test/build/tests/mozbase/manifestparser
16:55:10     INFO -    Requirement already satisfied (use --upgrade to upgrade): manifestparser==1.1 from file:///builds/slave/test/build/tests/mozbase/manifestparser in /builds/slave/test/build/venv/lib/python2.7/site-packages (from -r /builds/slave/test/build/tests/config/mozbase_requirements.txt (line 1))
16:55:10     INFO -  Processing /builds/slave/test/build/tests/mozbase/mozcrash
16:55:10     INFO -    Requirement already satisfied (use --upgrade to upgrade): mozcrash==1.0 from file:///builds/slave/test/build/tests/mozbase/mozcrash in /builds/slave/test/build/venv/lib/python2.7/site-packages (from -r /builds/slave/test/build/tests/config/mozbase_requirements.txt (line 2))
16:55:10     INFO -  Processing /builds/slave/test/build/tests/mozbase/mozdebug
16:55:11     INFO -    Requirement already satisfied (use --upgrade to upgrade): mozdebug==0.1 from file:///builds/slave/test/build/tests/mozbase/mozdebug in /builds/slave/test/build/venv/lib/python2.7/site-packages (from -r /builds/slave/test/build/tests/config/mozbase_requirements.txt (line 3))
16:55:11     INFO -  Processing /builds/slave/test/build/tests/mozbase/mozdevice
16:55:11     INFO -    Requirement already satisfied (use --upgrade to upgrade): mozdevice==0.48 from file:///builds/slave/test/build/tests/mozbase/mozdevice in /builds/slave/test/build/venv/lib/python2.7/site-packages (from -r /builds/slave/test/build/tests/config/mozbase_requirements.txt (line 4))
16:55:11     INFO -  Processing /builds/slave/test/build/tests/mozbase/mozfile
16:55:12     INFO -    Requirement already satisfied (use --upgrade to upgrade): mozfile==1.2 from file:///builds/slave/test/build/tests/mozbase/mozfile in /builds/slave/test/build/venv/lib/python2.7/site-packages (from -r /builds/slave/test/build/tests/config/mozbase_requirements.txt (line 5))
16:55:12     INFO -  Processing /builds/slave/test/build/tests/mozbase/mozhttpd
16:55:12     INFO -    Requirement already satisfied (use --upgrade to upgrade): mozhttpd==0.7 from file:///builds/slave/test/build/tests/mozbase/mozhttpd in /builds/slave/test/build/venv/lib/python2.7/site-packages (from -r /builds/slave/test/build/tests/config/mozbase_requirements.txt (line 6))
16:55:12     INFO -  Processing /builds/slave/test/build/tests/mozbase/mozinfo
16:55:12     INFO -    Requirement already satisfied (use --upgrade to upgrade): mozinfo==0.9 from file:///builds/slave/test/build/tests/mozbase/mozinfo in /builds/slave/test/build/venv/lib/python2.7/site-packages (from -r /builds/slave/test/build/tests/config/mozbase_requirements.txt (line 7))
16:55:12     INFO -  Processing /builds/slave/test/build/tests/mozbase/mozinstall
16:55:13     INFO -    Requirement already satisfied (use --upgrade to upgrade): mozInstall==1.12 from file:///builds/slave/test/build/tests/mozbase/mozinstall in /builds/slave/test/build/venv/lib/python2.7/site-packages (from -r /builds/slave/test/build/tests/config/mozbase_requirements.txt (line 8))
16:55:13     INFO -  Processing /builds/slave/test/build/tests/mozbase/mozleak
16:55:13     INFO -    Requirement already satisfied (use --upgrade to upgrade): mozleak==0.1 from file:///builds/slave/test/build/tests/mozbase/mozleak in /builds/slave/test/build/venv/lib/python2.7/site-packages (from -r /builds/slave/test/build/tests/config/mozbase_requirements.txt (line 9))
16:55:13     INFO -  Processing /builds/slave/test/build/tests/mozbase/mozlog
16:55:13     INFO -    Requirement already satisfied (use --upgrade to upgrade): mozlog==3.4 from file:///builds/slave/test/build/tests/mozbase/mozlog in /builds/slave/test/build/venv/lib/python2.7/site-packages (from -r /builds/slave/test/build/tests/config/mozbase_requirements.txt (line 10))
16:55:13     INFO -  Processing /builds/slave/test/build/tests/mozbase/moznetwork
16:55:14     INFO -    Requirement already satisfied (use --upgrade to upgrade): moznetwork==0.27 from file:///builds/slave/test/build/tests/mozbase/moznetwork in /builds/slave/test/build/venv/lib/python2.7/site-packages (from -r /builds/slave/test/build/tests/config/mozbase_requirements.txt (line 11))
16:55:14     INFO -  Processing /builds/slave/test/build/tests/mozbase/mozprocess
16:55:14     INFO -    Requirement already satisfied (use --upgrade to upgrade): mozprocess==0.23 from file:///builds/slave/test/build/tests/mozbase/mozprocess in /builds/slave/test/build/venv/lib/python2.7/site-packages (from -r /builds/slave/test/build/tests/config/mozbase_requirements.txt (line 12))
16:55:14     INFO -  Processing /builds/slave/test/build/tests/mozbase/mozprofile
16:55:15     INFO -    Requirement already satisfied (use --upgrade to upgrade): mozprofile==0.28 from file:///builds/slave/test/build/tests/mozbase/mozprofile in /builds/slave/test/build/venv/lib/python2.7/site-packages (from -r /builds/slave/test/build/tests/config/mozbase_requirements.txt (line 13))
16:55:15     INFO -  Processing /builds/slave/test/build/tests/mozbase/mozrunner
16:55:15     INFO -    Requirement already satisfied (use --upgrade to upgrade): mozrunner==6.13 from file:///builds/slave/test/build/tests/mozbase/mozrunner in /builds/slave/test/build/venv/lib/python2.7/site-packages (from -r /builds/slave/test/build/tests/config/mozbase_requirements.txt (line 14))
16:55:15     INFO -  Processing /builds/slave/test/build/tests/mozbase/mozscreenshot
16:55:15     INFO -    Requirement already satisfied (use --upgrade to upgrade): mozscreenshot==0.1 from file:///builds/slave/test/build/tests/mozbase/mozscreenshot in /builds/slave/test/build/venv/lib/python2.7/site-packages (from -r /builds/slave/test/build/tests/config/mozbase_requirements.txt (line 15))
16:55:15     INFO -  Processing /builds/slave/test/build/tests/mozbase/moztest
16:55:16     INFO -    Requirement already satisfied (use --upgrade to upgrade): moztest==0.8 from file:///builds/slave/test/build/tests/mozbase/moztest in /builds/slave/test/build/venv/lib/python2.7/site-packages (from -r /builds/slave/test/build/tests/config/mozbase_requirements.txt (line 16))
16:55:16     INFO -  Processing /builds/slave/test/build/tests/mozbase/mozversion
16:55:16     INFO -    Requirement already satisfied (use --upgrade to upgrade): mozversion==1.4 from file:///builds/slave/test/build/tests/mozbase/mozversion in /builds/slave/test/build/venv/lib/python2.7/site-packages (from -r /builds/slave/test/build/tests/config/mozbase_requirements.txt (line 17))
16:55:16     INFO -  Requirement already satisfied (use --upgrade to upgrade): mozfile>=1.0 in /builds/slave/test/build/venv/lib/python2.7/site-packages (from mozcrash==1.0->-r /builds/slave/test/build/tests/config/mozbase_requirements.txt (line 2))
16:55:16     INFO -  Requirement already satisfied (use --upgrade to upgrade): mozlog>=3.0 in /builds/slave/test/build/venv/lib/python2.7/site-packages (from mozcrash==1.0->-r /builds/slave/test/build/tests/config/mozbase_requirements.txt (line 2))
16:55:16     INFO -  Requirement already satisfied (use --upgrade to upgrade): mozinfo in /builds/slave/test/build/venv/lib/python2.7/site-packages (from mozdebug==0.1->-r /builds/slave/test/build/tests/config/mozbase_requirements.txt (line 3))
16:55:16     INFO -  Requirement already satisfied (use --upgrade to upgrade): moznetwork>=0.24 in /builds/slave/test/build/venv/lib/python2.7/site-packages (from mozdevice==0.48->-r /builds/slave/test/build/tests/config/mozbase_requirements.txt (line 4))
16:55:16     INFO -  Requirement already satisfied (use --upgrade to upgrade): mozprocess>=0.19 in /builds/slave/test/build/venv/lib/python2.7/site-packages (from mozdevice==0.48->-r /builds/slave/test/build/tests/config/mozbase_requirements.txt (line 4))
16:55:16     INFO -  Collecting blessings>=1.3 (from mozlog==3.4->-r /builds/slave/test/build/tests/config/mozbase_requirements.txt (line 10))
16:55:17     INFO -  /builds/slave/test/build/venv/lib/python2.7/site-packages/pip/_vendor/requests/packages/urllib3/util/ssl_.py:318: SNIMissingWarning: An HTTPS request has been made, but the SNI (Subject Name Indication) extension to TLS is not available on this platform. This may cause the server to present an incorrect TLS certificate, which can cause validation failures. You can upgrade to a newer version of Python to solve this. For more information, see https://urllib3.readthedocs.org/en/latest/security.html#snimissingwarning.
16:55:17     INFO -    SNIMissingWarning
16:55:17     INFO -  /builds/slave/test/build/venv/lib/python2.7/site-packages/pip/_vendor/requests/packages/urllib3/util/ssl_.py:122: InsecurePlatformWarning: A true SSLContext object is not available. This prevents urllib3 from configuring SSL appropriately and may cause certain SSL connections to fail. You can upgrade to a newer version of Python to solve this. For more information, see https://urllib3.readthedocs.org/en/latest/security.html#insecureplatformwarning.
16:55:17     INFO -    InsecurePlatformWarning
16:55:18     INFO -  /builds/slave/test/build/venv/lib/python2.7/site-packages/pip/_vendor/requests/packages/urllib3/util/ssl_.py:122: InsecurePlatformWarning: A true SSLContext object is not available. This prevents urllib3 from configuring SSL appropriately and may cause certain SSL connections to fail. You can upgrade to a newer version of Python to solve this. For more information, see https://urllib3.readthedocs.org/en/latest/security.html#insecureplatformwarning.
16:55:18     INFO -    InsecurePlatformWarning
16:55:24     INFO -    Downloading https://pypi.pvt.build.mozilla.org/pub/blessings-1.6.tar.gz
16:55:24     INFO -  Building wheels for collected packages: blessings
16:55:24     INFO -    Running setup.py bdist_wheel for blessings: started
16:55:25     INFO -    Running setup.py bdist_wheel for blessings: finished with status 'done'
16:55:25     INFO -    Stored in directory: /home/cltbld/.cache/pip/wheels/fb/37/ae/c6b15ed5da2ead5847df54c8319487050d4dcc950c9795eae9
16:55:25     INFO -  Successfully built blessings
16:55:25     INFO -  Installing collected packages: blessings
16:55:25     INFO -  Successfully installed blessings-1.6
16:55:25     INFO - Return code: 0
16:55:25     INFO - Installing pip>=1.5 into virtualenv /builds/slave/test/build/venv
16:55:25     INFO - retry: Calling run_command with args: [['/builds/slave/test/build/venv/bin/pip', 'install', '--timeout', '120', '--no-index', '--find-links', 'http://pypi.pvt.build.mozilla.org/pub', '--find-links', 'http://pypi.pub.build.mozilla.org/pub', '--trusted-host', 'pypi.pub.build.mozilla.org', '--trusted-host', 'pypi.pvt.build.mozilla.org', 'pip>=1.5']], kwargs: {'error_level': 'warning', 'error_list': [{'substr': 'not found or a compiler error:', 'level': 'warning'}, {'regex': <_sre.SRE_Pattern object at 0x7fbb76e90110>, 'level': 'error'}, {'regex': <_sre.SRE_Pattern object at 0x7fbb76f98e40>, 'level': 'warning'}, {'regex': <_sre.SRE_Pattern object at 0x11ce3e0>, 'level': 'debug'}, {'substr': 'command not found', 'level': 'error'}, {'regex': <_sre.SRE_Pattern object at 0x11caa90>, 'level': 'warning'}, {'substr': 'Traceback (most recent call last)', 'level': 'error'}, {'substr': 'SyntaxError: ', 'level': 'error'}, {'substr': 'TypeError: ', 'level': 'error'}, {'substr': 'NameError: ', 'level': 'error'}, {'substr': 'ZeroDivisionError: ', 'level': 'error'}, {'regex': <_sre.SRE_Pattern object at 0x11cc3f0>, 'level': 'critical'}, {'regex': <_sre.SRE_Pattern object at 0x11cc670>, 'level': 'critical'}], 'cwd': '/builds/slave/test/build', 'env': {'TMOUT': '86400', 'LOGNAME': 'cltbld', 'USER': 'cltbld', 'HOME': '/home/cltbld', 'PATH': '/usr/local/bin:/usr/local/bin:/usr/bin:/bin:/usr/local/games:/usr/games', 'DISPLAY': ':0', 'CCACHE_UMASK': '002', 'LANG': 'en_US.UTF-8', 'TERM': 'linux', 'SHELL': '/bin/bash', 'MOZ_NODE_PATH': '/usr/bin/node', 'XDG_SESSION_COOKIE': '9ca12473fbb1d023794ffd180000023c-1528501974.228532-196966555', 'SHLVL': '1', 'NO_FAIL_ON_TEST_ERRORS': '1', 'MOZ_NO_REMOTE': '1', 'MOZ_HIDE_RESULTS_TABLE': '1', 'MAIL': '/var/mail/cltbld', '_': '/tools/buildbot/bin/python', 'NODE_PATH': '/usr/lib/nodejs:/usr/lib/node_modules:/usr/share/javascript', 'PWD': '/builds/slave/test', 'PROPERTIES_FILE': '/builds/slave/test/buildprops.json', 'CCACHE_DIR': '/builds/ccache'}}, attempt #1
16:55:25     INFO - Running command: ['/builds/slave/test/build/venv/bin/pip', 'install', '--timeout', '120', '--no-index', '--find-links', 'http://pypi.pvt.build.mozilla.org/pub', '--find-links', 'http://pypi.pub.build.mozilla.org/pub', '--trusted-host', 'pypi.pub.build.mozilla.org', '--trusted-host', 'pypi.pvt.build.mozilla.org', 'pip>=1.5'] in /builds/slave/test/build
16:55:25     INFO - Copy/paste: /builds/slave/test/build/venv/bin/pip install --timeout 120 --no-index --find-links http://pypi.pvt.build.mozilla.org/pub --find-links http://pypi.pub.build.mozilla.org/pub --trusted-host pypi.pub.build.mozilla.org --trusted-host pypi.pvt.build.mozilla.org pip>=1.5
16:55:26     INFO - Using env: {'CCACHE_DIR': '/builds/ccache',
16:55:26     INFO -  'CCACHE_UMASK': '002',
16:55:26     INFO -  'DISPLAY': ':0',
16:55:26     INFO -  'HOME': '/home/cltbld',
16:55:26     INFO -  'LANG': 'en_US.UTF-8',
16:55:26     INFO -  'LOGNAME': 'cltbld',
16:55:26     INFO -  'MAIL': '/var/mail/cltbld',
16:55:26     INFO -  'MOZ_HIDE_RESULTS_TABLE': '1',
16:55:26     INFO -  'MOZ_NODE_PATH': '/usr/bin/node',
16:55:26     INFO -  'MOZ_NO_REMOTE': '1',
16:55:26     INFO -  'NODE_PATH': '/usr/lib/nodejs:/usr/lib/node_modules:/usr/share/javascript',
16:55:26     INFO -  'NO_FAIL_ON_TEST_ERRORS': '1',
16:55:26     INFO -  'PATH': '/usr/local/bin:/usr/local/bin:/usr/bin:/bin:/usr/local/games:/usr/games',
16:55:26     INFO -  'PROPERTIES_FILE': '/builds/slave/test/buildprops.json',
16:55:26     INFO -  'PWD': '/builds/slave/test',
16:55:26     INFO -  'SHELL': '/bin/bash',
16:55:26     INFO -  'SHLVL': '1',
16:55:26     INFO -  'TERM': 'linux',
16:55:26     INFO -  'TMOUT': '86400',
16:55:26     INFO -  'USER': 'cltbld',
16:55:26     INFO -  'XDG_SESSION_COOKIE': '9ca12473fbb1d023794ffd180000023c-1528501974.228532-196966555',
16:55:26     INFO -  '_': '/tools/buildbot/bin/python'}
16:55:26     INFO -  Ignoring indexes: https://pypi.python.org/simple
16:55:26     INFO -  Requirement already satisfied (use --upgrade to upgrade): pip>=1.5 in ./venv/lib/python2.7/site-packages
16:55:26     INFO - Return code: 0
16:55:26     INFO - Installing psutil==3.1.1 into virtualenv /builds/slave/test/build/venv
16:55:27     INFO - retry: Calling run_command with args: [['/builds/slave/test/build/venv/bin/pip', 'install', '--timeout', '120', '--no-index', '--find-links', 'http://pypi.pvt.build.mozilla.org/pub', '--find-links', 'http://pypi.pub.build.mozilla.org/pub', '--trusted-host', 'pypi.pub.build.mozilla.org', '--trusted-host', 'pypi.pvt.build.mozilla.org', 'psutil==3.1.1']], kwargs: {'error_level': 'warning', 'error_list': [{'substr': 'not found or a compiler error:', 'level': 'warning'}, {'regex': <_sre.SRE_Pattern object at 0x7fbb76e90110>, 'level': 'error'}, {'regex': <_sre.SRE_Pattern object at 0x7fbb76f98e40>, 'level': 'warning'}, {'regex': <_sre.SRE_Pattern object at 0x11ce3e0>, 'level': 'debug'}, {'substr': 'command not found', 'level': 'error'}, {'regex': <_sre.SRE_Pattern object at 0x11caa90>, 'level': 'warning'}, {'substr': 'Traceback (most recent call last)', 'level': 'error'}, {'substr': 'SyntaxError: ', 'level': 'error'}, {'substr': 'TypeError: ', 'level': 'error'}, {'substr': 'NameError: ', 'level': 'error'}, {'substr': 'ZeroDivisionError: ', 'level': 'error'}, {'regex': <_sre.SRE_Pattern object at 0x11cc3f0>, 'level': 'critical'}, {'regex': <_sre.SRE_Pattern object at 0x11cc670>, 'level': 'critical'}], 'cwd': '/builds/slave/test/build', 'env': {'TMOUT': '86400', 'LOGNAME': 'cltbld', 'USER': 'cltbld', 'HOME': '/home/cltbld', 'PATH': '/usr/local/bin:/usr/local/bin:/usr/bin:/bin:/usr/local/games:/usr/games', 'DISPLAY': ':0', 'CCACHE_UMASK': '002', 'LANG': 'en_US.UTF-8', 'TERM': 'linux', 'SHELL': '/bin/bash', 'MOZ_NODE_PATH': '/usr/bin/node', 'XDG_SESSION_COOKIE': '9ca12473fbb1d023794ffd180000023c-1528501974.228532-196966555', 'SHLVL': '1', 'NO_FAIL_ON_TEST_ERRORS': '1', 'MOZ_NO_REMOTE': '1', 'MOZ_HIDE_RESULTS_TABLE': '1', 'MAIL': '/var/mail/cltbld', '_': '/tools/buildbot/bin/python', 'NODE_PATH': '/usr/lib/nodejs:/usr/lib/node_modules:/usr/share/javascript', 'PWD': '/builds/slave/test', 'PROPERTIES_FILE': '/builds/slave/test/buildprops.json', 'CCACHE_DIR': '/builds/ccache'}}, attempt #1
16:55:27     INFO - Running command: ['/builds/slave/test/build/venv/bin/pip', 'install', '--timeout', '120', '--no-index', '--find-links', 'http://pypi.pvt.build.mozilla.org/pub', '--find-links', 'http://pypi.pub.build.mozilla.org/pub', '--trusted-host', 'pypi.pub.build.mozilla.org', '--trusted-host', 'pypi.pvt.build.mozilla.org', 'psutil==3.1.1'] in /builds/slave/test/build
16:55:27     INFO - Copy/paste: /builds/slave/test/build/venv/bin/pip install --timeout 120 --no-index --find-links http://pypi.pvt.build.mozilla.org/pub --find-links http://pypi.pub.build.mozilla.org/pub --trusted-host pypi.pub.build.mozilla.org --trusted-host pypi.pvt.build.mozilla.org psutil==3.1.1
16:55:27     INFO - Using env: {'CCACHE_DIR': '/builds/ccache',
16:55:27     INFO -  'CCACHE_UMASK': '002',
16:55:27     INFO -  'DISPLAY': ':0',
16:55:27     INFO -  'HOME': '/home/cltbld',
16:55:27     INFO -  'LANG': 'en_US.UTF-8',
16:55:27     INFO -  'LOGNAME': 'cltbld',
16:55:27     INFO -  'MAIL': '/var/mail/cltbld',
16:55:27     INFO -  'MOZ_HIDE_RESULTS_TABLE': '1',
16:55:27     INFO -  'MOZ_NODE_PATH': '/usr/bin/node',
16:55:27     INFO -  'MOZ_NO_REMOTE': '1',
16:55:27     INFO -  'NODE_PATH': '/usr/lib/nodejs:/usr/lib/node_modules:/usr/share/javascript',
16:55:27     INFO -  'NO_FAIL_ON_TEST_ERRORS': '1',
16:55:27     INFO -  'PATH': '/usr/local/bin:/usr/local/bin:/usr/bin:/bin:/usr/local/games:/usr/games',
16:55:27     INFO -  'PROPERTIES_FILE': '/builds/slave/test/buildprops.json',
16:55:27     INFO -  'PWD': '/builds/slave/test',
16:55:27     INFO -  'SHELL': '/bin/bash',
16:55:27     INFO -  'SHLVL': '1',
16:55:27     INFO -  'TERM': 'linux',
16:55:27     INFO -  'TMOUT': '86400',
16:55:27     INFO -  'USER': 'cltbld',
16:55:27     INFO -  'XDG_SESSION_COOKIE': '9ca12473fbb1d023794ffd180000023c-1528501974.228532-196966555',
16:55:27     INFO -  '_': '/tools/buildbot/bin/python'}
16:55:27     INFO -  Ignoring indexes: https://pypi.python.org/simple
16:55:27     INFO -  Collecting psutil==3.1.1
16:55:28     INFO -  /builds/slave/test/build/venv/lib/python2.7/site-packages/pip/_vendor/requests/packages/urllib3/util/ssl_.py:318: SNIMissingWarning: An HTTPS request has been made, but the SNI (Subject Name Indication) extension to TLS is not available on this platform. This may cause the server to present an incorrect TLS certificate, which can cause validation failures. You can upgrade to a newer version of Python to solve this. For more information, see https://urllib3.readthedocs.org/en/latest/security.html#snimissingwarning.
16:55:28     INFO -    SNIMissingWarning
16:55:28     INFO -  /builds/slave/test/build/venv/lib/python2.7/site-packages/pip/_vendor/requests/packages/urllib3/util/ssl_.py:122: InsecurePlatformWarning: A true SSLContext object is not available. This prevents urllib3 from configuring SSL appropriately and may cause certain SSL connections to fail. You can upgrade to a newer version of Python to solve this. For more information, see https://urllib3.readthedocs.org/en/latest/security.html#insecureplatformwarning.
16:55:28     INFO -    InsecurePlatformWarning
16:55:30     INFO -  /builds/slave/test/build/venv/lib/python2.7/site-packages/pip/_vendor/requests/packages/urllib3/util/ssl_.py:122: InsecurePlatformWarning: A true SSLContext object is not available. This prevents urllib3 from configuring SSL appropriately and may cause certain SSL connections to fail. You can upgrade to a newer version of Python to solve this. For more information, see https://urllib3.readthedocs.org/en/latest/security.html#insecureplatformwarning.
16:55:30     INFO -    InsecurePlatformWarning
16:55:35     INFO -    Downloading https://pypi.pvt.build.mozilla.org/pub/psutil-3.1.1.tar.gz (247kB)
16:55:36     INFO -  Building wheels for collected packages: psutil
16:55:36     INFO -    Running setup.py bdist_wheel for psutil: started
16:55:37     INFO -    Running setup.py bdist_wheel for psutil: finished with status 'done'
16:55:37     INFO -    Stored in directory: /home/cltbld/.cache/pip/wheels/1e/e6/25/f0494673fc8d727828e74362e3beb4cbaf34d8be516156ba0c
16:55:37     INFO -  Successfully built psutil
16:55:37     INFO -  Installing collected packages: psutil
16:55:37     INFO -    Found existing installation: psutil 5.4.3
16:55:37     INFO -      Uninstalling psutil-5.4.3:
16:55:37     INFO -        Successfully uninstalled psutil-5.4.3
16:55:37     INFO -  Successfully installed psutil-3.1.1
16:55:38     INFO - Return code: 0
16:55:38     INFO - Installing mock into virtualenv /builds/slave/test/build/venv
16:55:38     INFO - retry: Calling run_command with args: [['/builds/slave/test/build/venv/bin/pip', 'install', '--timeout', '120', '--no-index', '--find-links', 'http://pypi.pvt.build.mozilla.org/pub', '--find-links', 'http://pypi.pub.build.mozilla.org/pub', '--trusted-host', 'pypi.pub.build.mozilla.org', '--trusted-host', 'pypi.pvt.build.mozilla.org', 'mock']], kwargs: {'error_level': 'warning', 'error_list': [{'substr': 'not found or a compiler error:', 'level': 'warning'}, {'regex': <_sre.SRE_Pattern object at 0x7fbb76e90110>, 'level': 'error'}, {'regex': <_sre.SRE_Pattern object at 0x7fbb76f98e40>, 'level': 'warning'}, {'regex': <_sre.SRE_Pattern object at 0x11ce3e0>, 'level': 'debug'}, {'substr': 'command not found', 'level': 'error'}, {'regex': <_sre.SRE_Pattern object at 0x11caa90>, 'level': 'warning'}, {'substr': 'Traceback (most recent call last)', 'level': 'error'}, {'substr': 'SyntaxError: ', 'level': 'error'}, {'substr': 'TypeError: ', 'level': 'error'}, {'substr': 'NameError: ', 'level': 'error'}, {'substr': 'ZeroDivisionError: ', 'level': 'error'}, {'regex': <_sre.SRE_Pattern object at 0x11cc3f0>, 'level': 'critical'}, {'regex': <_sre.SRE_Pattern object at 0x11cc670>, 'level': 'critical'}], 'cwd': '/builds/slave/test/build', 'env': {'TMOUT': '86400', 'LOGNAME': 'cltbld', 'USER': 'cltbld', 'HOME': '/home/cltbld', 'PATH': '/usr/local/bin:/usr/local/bin:/usr/bin:/bin:/usr/local/games:/usr/games', 'DISPLAY': ':0', 'CCACHE_UMASK': '002', 'LANG': 'en_US.UTF-8', 'TERM': 'linux', 'SHELL': '/bin/bash', 'MOZ_NODE_PATH': '/usr/bin/node', 'XDG_SESSION_COOKIE': '9ca12473fbb1d023794ffd180000023c-1528501974.228532-196966555', 'SHLVL': '1', 'NO_FAIL_ON_TEST_ERRORS': '1', 'MOZ_NO_REMOTE': '1', 'MOZ_HIDE_RESULTS_TABLE': '1', 'MAIL': '/var/mail/cltbld', '_': '/tools/buildbot/bin/python', 'NODE_PATH': '/usr/lib/nodejs:/usr/lib/node_modules:/usr/share/javascript', 'PWD': '/builds/slave/test', 'PROPERTIES_FILE': '/builds/slave/test/buildprops.json', 'CCACHE_DIR': '/builds/ccache'}}, attempt #1
16:55:38     INFO - Running command: ['/builds/slave/test/build/venv/bin/pip', 'install', '--timeout', '120', '--no-index', '--find-links', 'http://pypi.pvt.build.mozilla.org/pub', '--find-links', 'http://pypi.pub.build.mozilla.org/pub', '--trusted-host', 'pypi.pub.build.mozilla.org', '--trusted-host', 'pypi.pvt.build.mozilla.org', 'mock'] in /builds/slave/test/build
16:55:38     INFO - Copy/paste: /builds/slave/test/build/venv/bin/pip install --timeout 120 --no-index --find-links http://pypi.pvt.build.mozilla.org/pub --find-links http://pypi.pub.build.mozilla.org/pub --trusted-host pypi.pub.build.mozilla.org --trusted-host pypi.pvt.build.mozilla.org mock
16:55:38     INFO - Using env: {'CCACHE_DIR': '/builds/ccache',
16:55:38     INFO -  'CCACHE_UMASK': '002',
16:55:38     INFO -  'DISPLAY': ':0',
16:55:38     INFO -  'HOME': '/home/cltbld',
16:55:38     INFO -  'LANG': 'en_US.UTF-8',
16:55:38     INFO -  'LOGNAME': 'cltbld',
16:55:38     INFO -  'MAIL': '/var/mail/cltbld',
16:55:38     INFO -  'MOZ_HIDE_RESULTS_TABLE': '1',
16:55:38     INFO -  'MOZ_NODE_PATH': '/usr/bin/node',
16:55:38     INFO -  'MOZ_NO_REMOTE': '1',
16:55:38     INFO -  'NODE_PATH': '/usr/lib/nodejs:/usr/lib/node_modules:/usr/share/javascript',
16:55:38     INFO -  'NO_FAIL_ON_TEST_ERRORS': '1',
16:55:38     INFO -  'PATH': '/usr/local/bin:/usr/local/bin:/usr/bin:/bin:/usr/local/games:/usr/games',
16:55:38     INFO -  'PROPERTIES_FILE': '/builds/slave/test/buildprops.json',
16:55:38     INFO -  'PWD': '/builds/slave/test',
16:55:38     INFO -  'SHELL': '/bin/bash',
16:55:38     INFO -  'SHLVL': '1',
16:55:38     INFO -  'TERM': 'linux',
16:55:38     INFO -  'TMOUT': '86400',
16:55:38     INFO -  'USER': 'cltbld',
16:55:38     INFO -  'XDG_SESSION_COOKIE': '9ca12473fbb1d023794ffd180000023c-1528501974.228532-196966555',
16:55:38     INFO -  '_': '/tools/buildbot/bin/python'}
16:55:39     INFO -  Ignoring indexes: https://pypi.python.org/simple
16:55:39     INFO -  Collecting mock
16:55:39     INFO -  /builds/slave/test/build/venv/lib/python2.7/site-packages/pip/_vendor/requests/packages/urllib3/util/ssl_.py:318: SNIMissingWarning: An HTTPS request has been made, but the SNI (Subject Name Indication) extension to TLS is not available on this platform. This may cause the server to present an incorrect TLS certificate, which can cause validation failures. You can upgrade to a newer version of Python to solve this. For more information, see https://urllib3.readthedocs.org/en/latest/security.html#snimissingwarning.
16:55:39     INFO -    SNIMissingWarning
16:55:39     INFO -  /builds/slave/test/build/venv/lib/python2.7/site-packages/pip/_vendor/requests/packages/urllib3/util/ssl_.py:122: InsecurePlatformWarning: A true SSLContext object is not available. This prevents urllib3 from configuring SSL appropriately and may cause certain SSL connections to fail. You can upgrade to a newer version of Python to solve this. For more information, see https://urllib3.readthedocs.org/en/latest/security.html#insecureplatformwarning.
16:55:39     INFO -    InsecurePlatformWarning
16:55:41     INFO -  /builds/slave/test/build/venv/lib/python2.7/site-packages/pip/_vendor/requests/packages/urllib3/util/ssl_.py:122: InsecurePlatformWarning: A true SSLContext object is not available. This prevents urllib3 from configuring SSL appropriately and may cause certain SSL connections to fail. You can upgrade to a newer version of Python to solve this. For more information, see https://urllib3.readthedocs.org/en/latest/security.html#insecureplatformwarning.
16:55:41     INFO -    InsecurePlatformWarning
16:55:46     INFO -    Downloading https://pypi.pvt.build.mozilla.org/pub/mock-1.0.1.tar.gz (818kB)
16:55:48     INFO -  Building wheels for collected packages: mock
16:55:48     INFO -    Running setup.py bdist_wheel for mock: started
16:55:48     INFO -    Running setup.py bdist_wheel for mock: finished with status 'done'
16:55:48     INFO -    Stored in directory: /home/cltbld/.cache/pip/wheels/42/d3/87/79283a2f50dfedbfad996edf7028483b27c5953e56856af7d0
16:55:48     INFO -  Successfully built mock
16:55:48     INFO -  Installing collected packages: mock
16:55:48     INFO -  Successfully installed mock-1.0.1
16:55:48     INFO - Return code: 0
16:55:48     INFO - Installing simplejson into virtualenv /builds/slave/test/build/venv
16:55:49     INFO - retry: Calling run_command with args: [['/builds/slave/test/build/venv/bin/pip', 'install', '--timeout', '120', '--no-index', '--find-links', 'http://pypi.pvt.build.mozilla.org/pub', '--find-links', 'http://pypi.pub.build.mozilla.org/pub', '--trusted-host', 'pypi.pub.build.mozilla.org', '--trusted-host', 'pypi.pvt.build.mozilla.org', 'simplejson']], kwargs: {'error_level': 'warning', 'error_list': [{'substr': 'not found or a compiler error:', 'level': 'warning'}, {'regex': <_sre.SRE_Pattern object at 0x7fbb76e90110>, 'level': 'error'}, {'regex': <_sre.SRE_Pattern object at 0x7fbb76f98e40>, 'level': 'warning'}, {'regex': <_sre.SRE_Pattern object at 0x11ce3e0>, 'level': 'debug'}, {'substr': 'command not found', 'level': 'error'}, {'regex': <_sre.SRE_Pattern object at 0x11caa90>, 'level': 'warning'}, {'substr': 'Traceback (most recent call last)', 'level': 'error'}, {'substr': 'SyntaxError: ', 'level': 'error'}, {'substr': 'TypeError: ', 'level': 'error'}, {'substr': 'NameError: ', 'level': 'error'}, {'substr': 'ZeroDivisionError: ', 'level': 'error'}, {'regex': <_sre.SRE_Pattern object at 0x11cc3f0>, 'level': 'critical'}, {'regex': <_sre.SRE_Pattern object at 0x11cc670>, 'level': 'critical'}], 'cwd': '/builds/slave/test/build', 'env': {'TMOUT': '86400', 'LOGNAME': 'cltbld', 'USER': 'cltbld', 'HOME': '/home/cltbld', 'PATH': '/usr/local/bin:/usr/local/bin:/usr/bin:/bin:/usr/local/games:/usr/games', 'DISPLAY': ':0', 'CCACHE_UMASK': '002', 'LANG': 'en_US.UTF-8', 'TERM': 'linux', 'SHELL': '/bin/bash', 'MOZ_NODE_PATH': '/usr/bin/node', 'XDG_SESSION_COOKIE': '9ca12473fbb1d023794ffd180000023c-1528501974.228532-196966555', 'SHLVL': '1', 'NO_FAIL_ON_TEST_ERRORS': '1', 'MOZ_NO_REMOTE': '1', 'MOZ_HIDE_RESULTS_TABLE': '1', 'MAIL': '/var/mail/cltbld', '_': '/tools/buildbot/bin/python', 'NODE_PATH': '/usr/lib/nodejs:/usr/lib/node_modules:/usr/share/javascript', 'PWD': '/builds/slave/test', 'PROPERTIES_FILE': '/builds/slave/test/buildprops.json', 'CCACHE_DIR': '/builds/ccache'}}, attempt #1
16:55:49     INFO - Running command: ['/builds/slave/test/build/venv/bin/pip', 'install', '--timeout', '120', '--no-index', '--find-links', 'http://pypi.pvt.build.mozilla.org/pub', '--find-links', 'http://pypi.pub.build.mozilla.org/pub', '--trusted-host', 'pypi.pub.build.mozilla.org', '--trusted-host', 'pypi.pvt.build.mozilla.org', 'simplejson'] in /builds/slave/test/build
16:55:49     INFO - Copy/paste: /builds/slave/test/build/venv/bin/pip install --timeout 120 --no-index --find-links http://pypi.pvt.build.mozilla.org/pub --find-links http://pypi.pub.build.mozilla.org/pub --trusted-host pypi.pub.build.mozilla.org --trusted-host pypi.pvt.build.mozilla.org simplejson
16:55:49     INFO - Using env: {'CCACHE_DIR': '/builds/ccache',
16:55:49     INFO -  'CCACHE_UMASK': '002',
16:55:49     INFO -  'DISPLAY': ':0',
16:55:49     INFO -  'HOME': '/home/cltbld',
16:55:49     INFO -  'LANG': 'en_US.UTF-8',
16:55:49     INFO -  'LOGNAME': 'cltbld',
16:55:49     INFO -  'MAIL': '/var/mail/cltbld',
16:55:49     INFO -  'MOZ_HIDE_RESULTS_TABLE': '1',
16:55:49     INFO -  'MOZ_NODE_PATH': '/usr/bin/node',
16:55:49     INFO -  'MOZ_NO_REMOTE': '1',
16:55:49     INFO -  'NODE_PATH': '/usr/lib/nodejs:/usr/lib/node_modules:/usr/share/javascript',
16:55:49     INFO -  'NO_FAIL_ON_TEST_ERRORS': '1',
16:55:49     INFO -  'PATH': '/usr/local/bin:/usr/local/bin:/usr/bin:/bin:/usr/local/games:/usr/games',
16:55:49     INFO -  'PROPERTIES_FILE': '/builds/slave/test/buildprops.json',
16:55:49     INFO -  'PWD': '/builds/slave/test',
16:55:49     INFO -  'SHELL': '/bin/bash',
16:55:49     INFO -  'SHLVL': '1',
16:55:49     INFO -  'TERM': 'linux',
16:55:49     INFO -  'TMOUT': '86400',
16:55:49     INFO -  'USER': 'cltbld',
16:55:49     INFO -  'XDG_SESSION_COOKIE': '9ca12473fbb1d023794ffd180000023c-1528501974.228532-196966555',
16:55:49     INFO -  '_': '/tools/buildbot/bin/python'}
16:55:50     INFO -  Ignoring indexes: https://pypi.python.org/simple
16:55:50     INFO -  Collecting simplejson
16:55:50     INFO -  /builds/slave/test/build/venv/lib/python2.7/site-packages/pip/_vendor/requests/packages/urllib3/util/ssl_.py:318: SNIMissingWarning: An HTTPS request has been made, but the SNI (Subject Name Indication) extension to TLS is not available on this platform. This may cause the server to present an incorrect TLS certificate, which can cause validation failures. You can upgrade to a newer version of Python to solve this. For more information, see https://urllib3.readthedocs.org/en/latest/security.html#snimissingwarning.
16:55:50     INFO -    SNIMissingWarning
16:55:50     INFO -  /builds/slave/test/build/venv/lib/python2.7/site-packages/pip/_vendor/requests/packages/urllib3/util/ssl_.py:122: InsecurePlatformWarning: A true SSLContext object is not available. This prevents urllib3 from configuring SSL appropriately and may cause certain SSL connections to fail. You can upgrade to a newer version of Python to solve this. For more information, see https://urllib3.readthedocs.org/en/latest/security.html#insecureplatformwarning.
16:55:50     INFO -    InsecurePlatformWarning
16:55:52     INFO -  /builds/slave/test/build/venv/lib/python2.7/site-packages/pip/_vendor/requests/packages/urllib3/util/ssl_.py:122: InsecurePlatformWarning: A true SSLContext object is not available. This prevents urllib3 from configuring SSL appropriately and may cause certain SSL connections to fail. You can upgrade to a newer version of Python to solve this. For more information, see https://urllib3.readthedocs.org/en/latest/security.html#insecureplatformwarning.
16:55:52     INFO -    InsecurePlatformWarning
16:55:57     INFO -    Downloading https://pypi.pvt.build.mozilla.org/pub/simplejson-3.3.0.tar.gz (67kB)
16:55:58     INFO -  Building wheels for collected packages: simplejson
16:55:58     INFO -    Running setup.py bdist_wheel for simplejson: started
16:56:00     INFO -    Running setup.py bdist_wheel for simplejson: finished with status 'done'
16:56:00     INFO -    Stored in directory: /home/cltbld/.cache/pip/wheels/b1/26/8f/72b2a349729d24b9c6aa399407fddd384f8814e045e6de407e
16:56:00     INFO -  Successfully built simplejson
16:56:00     INFO -  Installing collected packages: simplejson
16:56:00     INFO -  Successfully installed simplejson-3.3.0
16:56:00     INFO - Return code: 0
16:56:00     INFO - Installing None into virtualenv /builds/slave/test/build/venv
16:56:00     INFO - retry: Calling run_command with args: [['/builds/slave/test/build/venv/bin/pip', 'install', '--no-deps', '--timeout', '120', '-r', '/builds/slave/test/build/tests/config/marionette_requirements.txt', '--no-index', '--find-links', 'http://pypi.pvt.build.mozilla.org/pub', '--find-links', 'http://pypi.pub.build.mozilla.org/pub', '--trusted-host', 'pypi.pub.build.mozilla.org', '--trusted-host', 'pypi.pvt.build.mozilla.org']], kwargs: {'error_level': 'warning', 'error_list': [{'substr': 'not found or a compiler error:', 'level': 'warning'}, {'regex': <_sre.SRE_Pattern object at 0x7fbb76e90110>, 'level': 'error'}, {'regex': <_sre.SRE_Pattern object at 0x7fbb76f98e40>, 'level': 'warning'}, {'regex': <_sre.SRE_Pattern object at 0x11ce3e0>, 'level': 'debug'}, {'substr': 'command not found', 'level': 'error'}, {'regex': <_sre.SRE_Pattern object at 0x11caa90>, 'level': 'warning'}, {'substr': 'Traceback (most recent call last)', 'level': 'error'}, {'substr': 'SyntaxError: ', 'level': 'error'}, {'substr': 'TypeError: ', 'level': 'error'}, {'substr': 'NameError: ', 'level': 'error'}, {'substr': 'ZeroDivisionError: ', 'level': 'error'}, {'regex': <_sre.SRE_Pattern object at 0x11cc3f0>, 'level': 'critical'}, {'regex': <_sre.SRE_Pattern object at 0x11cc670>, 'level': 'critical'}], 'cwd': '/builds/slave/test/build/tests/config', 'env': {'TMOUT': '86400', 'LOGNAME': 'cltbld', 'USER': 'cltbld', 'HOME': '/home/cltbld', 'PATH': '/usr/local/bin:/usr/local/bin:/usr/bin:/bin:/usr/local/games:/usr/games', 'DISPLAY': ':0', 'CCACHE_UMASK': '002', 'LANG': 'en_US.UTF-8', 'TERM': 'linux', 'SHELL': '/bin/bash', 'MOZ_NODE_PATH': '/usr/bin/node', 'XDG_SESSION_COOKIE': '9ca12473fbb1d023794ffd180000023c-1528501974.228532-196966555', 'SHLVL': '1', 'NO_FAIL_ON_TEST_ERRORS': '1', 'MOZ_NO_REMOTE': '1', 'MOZ_HIDE_RESULTS_TABLE': '1', 'MAIL': '/var/mail/cltbld', '_': '/tools/buildbot/bin/python', 'NODE_PATH': '/usr/lib/nodejs:/usr/lib/node_modules:/usr/share/javascript', 'PWD': '/builds/slave/test', 'PROPERTIES_FILE': '/builds/slave/test/buildprops.json', 'CCACHE_DIR': '/builds/ccache'}}, attempt #1
16:56:00     INFO - Running command: ['/builds/slave/test/build/venv/bin/pip', 'install', '--no-deps', '--timeout', '120', '-r', '/builds/slave/test/build/tests/config/marionette_requirements.txt', '--no-index', '--find-links', 'http://pypi.pvt.build.mozilla.org/pub', '--find-links', 'http://pypi.pub.build.mozilla.org/pub', '--trusted-host', 'pypi.pub.build.mozilla.org', '--trusted-host', 'pypi.pvt.build.mozilla.org'] in /builds/slave/test/build/tests/config
16:56:00     INFO - Copy/paste: /builds/slave/test/build/venv/bin/pip install --no-deps --timeout 120 -r /builds/slave/test/build/tests/config/marionette_requirements.txt --no-index --find-links http://pypi.pvt.build.mozilla.org/pub --find-links http://pypi.pub.build.mozilla.org/pub --trusted-host pypi.pub.build.mozilla.org --trusted-host pypi.pvt.build.mozilla.org
16:56:00     INFO - Using env: {'CCACHE_DIR': '/builds/ccache',
16:56:00     INFO -  'CCACHE_UMASK': '002',
16:56:00     INFO -  'DISPLAY': ':0',
16:56:00     INFO -  'HOME': '/home/cltbld',
16:56:00     INFO -  'LANG': 'en_US.UTF-8',
16:56:00     INFO -  'LOGNAME': 'cltbld',
16:56:00     INFO -  'MAIL': '/var/mail/cltbld',
16:56:00     INFO -  'MOZ_HIDE_RESULTS_TABLE': '1',
16:56:00     INFO -  'MOZ_NODE_PATH': '/usr/bin/node',
16:56:00     INFO -  'MOZ_NO_REMOTE': '1',
16:56:00     INFO -  'NODE_PATH': '/usr/lib/nodejs:/usr/lib/node_modules:/usr/share/javascript',
16:56:00     INFO -  'NO_FAIL_ON_TEST_ERRORS': '1',
16:56:00     INFO -  'PATH': '/usr/local/bin:/usr/local/bin:/usr/bin:/bin:/usr/local/games:/usr/games',
16:56:00     INFO -  'PROPERTIES_FILE': '/builds/slave/test/buildprops.json',
16:56:00     INFO -  'PWD': '/builds/slave/test',
16:56:00     INFO -  'SHELL': '/bin/bash',
16:56:00     INFO -  'SHLVL': '1',
16:56:00     INFO -  'TERM': 'linux',
16:56:00     INFO -  'TMOUT': '86400',
16:56:00     INFO -  'USER': 'cltbld',
16:56:00     INFO -  'XDG_SESSION_COOKIE': '9ca12473fbb1d023794ffd180000023c-1528501974.228532-196966555',
16:56:00     INFO -  '_': '/tools/buildbot/bin/python'}
16:56:01     INFO -  Ignoring indexes: https://pypi.python.org/simple
16:56:01     INFO -  Processing /builds/slave/test/build/tests/mozbase/manifestparser
16:56:02     INFO -    Requirement already satisfied (use --upgrade to upgrade): manifestparser==1.1 from file:///builds/slave/test/build/tests/mozbase/manifestparser in /builds/slave/test/build/venv/lib/python2.7/site-packages (from -r /builds/slave/test/build/tests/config/mozbase_requirements.txt (line 1))
16:56:02     INFO -  Processing /builds/slave/test/build/tests/mozbase/mozcrash
16:56:02     INFO -    Requirement already satisfied (use --upgrade to upgrade): mozcrash==1.0 from file:///builds/slave/test/build/tests/mozbase/mozcrash in /builds/slave/test/build/venv/lib/python2.7/site-packages (from -r /builds/slave/test/build/tests/config/mozbase_requirements.txt (line 2))
16:56:02     INFO -  Processing /builds/slave/test/build/tests/mozbase/mozdebug
16:56:02     INFO -    Requirement already satisfied (use --upgrade to upgrade): mozdebug==0.1 from file:///builds/slave/test/build/tests/mozbase/mozdebug in /builds/slave/test/build/venv/lib/python2.7/site-packages (from -r /builds/slave/test/build/tests/config/mozbase_requirements.txt (line 3))
16:56:02     INFO -  Processing /builds/slave/test/build/tests/mozbase/mozdevice
16:56:03     INFO -    Requirement already satisfied (use --upgrade to upgrade): mozdevice==0.48 from file:///builds/slave/test/build/tests/mozbase/mozdevice in /builds/slave/test/build/venv/lib/python2.7/site-packages (from -r /builds/slave/test/build/tests/config/mozbase_requirements.txt (line 4))
16:56:03     INFO -  Processing /builds/slave/test/build/tests/mozbase/mozfile
16:56:03     INFO -    Requirement already satisfied (use --upgrade to upgrade): mozfile==1.2 from file:///builds/slave/test/build/tests/mozbase/mozfile in /builds/slave/test/build/venv/lib/python2.7/site-packages (from -r /builds/slave/test/build/tests/config/mozbase_requirements.txt (line 5))
16:56:03     INFO -  Processing /builds/slave/test/build/tests/mozbase/mozhttpd
16:56:04     INFO -    Requirement already satisfied (use --upgrade to upgrade): mozhttpd==0.7 from file:///builds/slave/test/build/tests/mozbase/mozhttpd in /builds/slave/test/build/venv/lib/python2.7/site-packages (from -r /builds/slave/test/build/tests/config/mozbase_requirements.txt (line 6))
16:56:04     INFO -  Processing /builds/slave/test/build/tests/mozbase/mozinfo
16:56:04     INFO -    Requirement already satisfied (use --upgrade to upgrade): mozinfo==0.9 from file:///builds/slave/test/build/tests/mozbase/mozinfo in /builds/slave/test/build/venv/lib/python2.7/site-packages (from -r /builds/slave/test/build/tests/config/mozbase_requirements.txt (line 7))
16:56:04     INFO -  Processing /builds/slave/test/build/tests/mozbase/mozinstall
16:56:04     INFO -    Requirement already satisfied (use --upgrade to upgrade): mozInstall==1.12 from file:///builds/slave/test/build/tests/mozbase/mozinstall in /builds/slave/test/build/venv/lib/python2.7/site-packages (from -r /builds/slave/test/build/tests/config/mozbase_requirements.txt (line 8))
16:56:04     INFO -  Processing /builds/slave/test/build/tests/mozbase/mozleak
16:56:05     INFO -    Requirement already satisfied (use --upgrade to upgrade): mozleak==0.1 from file:///builds/slave/test/build/tests/mozbase/mozleak in /builds/slave/test/build/venv/lib/python2.7/site-packages (from -r /builds/slave/test/build/tests/config/mozbase_requirements.txt (line 9))
16:56:05     INFO -  Processing /builds/slave/test/build/tests/mozbase/mozlog
16:56:05     INFO -    Requirement already satisfied (use --upgrade to upgrade): mozlog==3.4 from file:///builds/slave/test/build/tests/mozbase/mozlog in /builds/slave/test/build/venv/lib/python2.7/site-packages (from -r /builds/slave/test/build/tests/config/mozbase_requirements.txt (line 10))
16:56:05     INFO -  Processing /builds/slave/test/build/tests/mozbase/moznetwork
16:56:05     INFO -    Requirement already satisfied (use --upgrade to upgrade): moznetwork==0.27 from file:///builds/slave/test/build/tests/mozbase/moznetwork in /builds/slave/test/build/venv/lib/python2.7/site-packages (from -r /builds/slave/test/build/tests/config/mozbase_requirements.txt (line 11))
16:56:05     INFO -  Processing /builds/slave/test/build/tests/mozbase/mozprocess
16:56:06     INFO -    Requirement already satisfied (use --upgrade to upgrade): mozprocess==0.23 from file:///builds/slave/test/build/tests/mozbase/mozprocess in /builds/slave/test/build/venv/lib/python2.7/site-packages (from -r /builds/slave/test/build/tests/config/mozbase_requirements.txt (line 12))
16:56:06     INFO -  Processing /builds/slave/test/build/tests/mozbase/mozprofile
16:56:06     INFO -    Requirement already satisfied (use --upgrade to upgrade): mozprofile==0.28 from file:///builds/slave/test/build/tests/mozbase/mozprofile in /builds/slave/test/build/venv/lib/python2.7/site-packages (from -r /builds/slave/test/build/tests/config/mozbase_requirements.txt (line 13))
16:56:06     INFO -  Processing /builds/slave/test/build/tests/mozbase/mozrunner
16:56:07     INFO -    Requirement already satisfied (use --upgrade to upgrade): mozrunner==6.13 from file:///builds/slave/test/build/tests/mozbase/mozrunner in /builds/slave/test/build/venv/lib/python2.7/site-packages (from -r /builds/slave/test/build/tests/config/mozbase_requirements.txt (line 14))
16:56:07     INFO -  Processing /builds/slave/test/build/tests/mozbase/mozscreenshot
16:56:07     INFO -    Requirement already satisfied (use --upgrade to upgrade): mozscreenshot==0.1 from file:///builds/slave/test/build/tests/mozbase/mozscreenshot in /builds/slave/test/build/venv/lib/python2.7/site-packages (from -r /builds/slave/test/build/tests/config/mozbase_requirements.txt (line 15))
16:56:07     INFO -  Processing /builds/slave/test/build/tests/mozbase/moztest
16:56:07     INFO -    Requirement already satisfied (use --upgrade to upgrade): moztest==0.8 from file:///builds/slave/test/build/tests/mozbase/moztest in /builds/slave/test/build/venv/lib/python2.7/site-packages (from -r /builds/slave/test/build/tests/config/mozbase_requirements.txt (line 16))
16:56:07     INFO -  Processing /builds/slave/test/build/tests/mozbase/mozversion
16:56:08     INFO -    Requirement already satisfied (use --upgrade to upgrade): mozversion==1.4 from file:///builds/slave/test/build/tests/mozbase/mozversion in /builds/slave/test/build/venv/lib/python2.7/site-packages (from -r /builds/slave/test/build/tests/config/mozbase_requirements.txt (line 17))
16:56:08     INFO -  Processing /builds/slave/test/build/tests/tools/wptserve
16:56:08     INFO -  Processing /builds/slave/test/build/tests/marionette/client
16:56:08     INFO -  Processing /builds/slave/test/build/tests/marionette/harness/marionette_harness/runner/mixins/browsermob-proxy-py
16:56:09     INFO -  Processing /builds/slave/test/build/tests/marionette/harness
16:56:09     INFO -  Processing /builds/slave/test/build/tests/marionette/puppeteer/firefox
16:56:10     INFO -  Building wheels for collected packages: browsermob-proxy
16:56:10     INFO -    Running setup.py bdist_wheel for browsermob-proxy: started
16:56:10     INFO -    Running setup.py bdist_wheel for browsermob-proxy: finished with status 'done'
16:56:10     INFO -    Stored in directory: /home/cltbld/.cache/pip/wheels/10/00/c1/79bb793b6a7eb4dca9dfd244010f550ae5044951bcd23c261e
16:56:10     INFO -  Successfully built browsermob-proxy
16:56:10     INFO -  Installing collected packages: wptserve, marionette-driver, browsermob-proxy, marionette-harness, firefox-puppeteer
16:56:10     INFO -    Running setup.py install for wptserve: started
16:56:11     INFO -      Running setup.py install for wptserve: finished with status 'done'
16:56:11     INFO -    Running setup.py install for marionette-driver: started
16:56:11     INFO -      Running setup.py install for marionette-driver: finished with status 'done'
16:56:11     INFO -    Running setup.py install for marionette-harness: started
16:56:12     INFO -      Running setup.py install for marionette-harness: finished with status 'done'
16:56:12     INFO -    Running setup.py install for firefox-puppeteer: started
16:56:12     INFO -      Running setup.py install for firefox-puppeteer: finished with status 'done'
16:56:13     INFO -  Successfully installed browsermob-proxy-0.6.0 firefox-puppeteer-52.1.0 marionette-driver-2.2.0 marionette-harness-4.0.0 wptserve-1.4.0
16:56:13     INFO - Return code: 0
16:56:13     INFO - Installing None into virtualenv /builds/slave/test/build/venv
16:56:13     INFO - retry: Calling run_command with args: [['/builds/slave/test/build/venv/bin/pip', 'install', '--timeout', '120', '-r', '/builds/slave/test/build/tests/config/marionette_requirements.txt', '--no-index', '--find-links', 'http://pypi.pvt.build.mozilla.org/pub', '--find-links', 'http://pypi.pub.build.mozilla.org/pub', '--trusted-host', 'pypi.pub.build.mozilla.org', '--trusted-host', 'pypi.pvt.build.mozilla.org']], kwargs: {'error_level': 'warning', 'error_list': [{'substr': 'not found or a compiler error:', 'level': 'warning'}, {'regex': <_sre.SRE_Pattern object at 0x7fbb76e90110>, 'level': 'error'}, {'regex': <_sre.SRE_Pattern object at 0x7fbb76f98e40>, 'level': 'warning'}, {'regex': <_sre.SRE_Pattern object at 0x11ce3e0>, 'level': 'debug'}, {'substr': 'command not found', 'level': 'error'}, {'regex': <_sre.SRE_Pattern object at 0x11caa90>, 'level': 'warning'}, {'substr': 'Traceback (most recent call last)', 'level': 'error'}, {'substr': 'SyntaxError: ', 'level': 'error'}, {'substr': 'TypeError: ', 'level': 'error'}, {'substr': 'NameError: ', 'level': 'error'}, {'substr': 'ZeroDivisionError: ', 'level': 'error'}, {'regex': <_sre.SRE_Pattern object at 0x11cc3f0>, 'level': 'critical'}, {'regex': <_sre.SRE_Pattern object at 0x11cc670>, 'level': 'critical'}], 'cwd': '/builds/slave/test/build/tests/config', 'env': {'TMOUT': '86400', 'LOGNAME': 'cltbld', 'USER': 'cltbld', 'HOME': '/home/cltbld', 'PATH': '/usr/local/bin:/usr/local/bin:/usr/bin:/bin:/usr/local/games:/usr/games', 'DISPLAY': ':0', 'CCACHE_UMASK': '002', 'LANG': 'en_US.UTF-8', 'TERM': 'linux', 'SHELL': '/bin/bash', 'MOZ_NODE_PATH': '/usr/bin/node', 'XDG_SESSION_COOKIE': '9ca12473fbb1d023794ffd180000023c-1528501974.228532-196966555', 'SHLVL': '1', 'NO_FAIL_ON_TEST_ERRORS': '1', 'MOZ_NO_REMOTE': '1', 'MOZ_HIDE_RESULTS_TABLE': '1', 'MAIL': '/var/mail/cltbld', '_': '/tools/buildbot/bin/python', 'NODE_PATH': '/usr/lib/nodejs:/usr/lib/node_modules:/usr/share/javascript', 'PWD': '/builds/slave/test', 'PROPERTIES_FILE': '/builds/slave/test/buildprops.json', 'CCACHE_DIR': '/builds/ccache'}}, attempt #1
16:56:13     INFO - Running command: ['/builds/slave/test/build/venv/bin/pip', 'install', '--timeout', '120', '-r', '/builds/slave/test/build/tests/config/marionette_requirements.txt', '--no-index', '--find-links', 'http://pypi.pvt.build.mozilla.org/pub', '--find-links', 'http://pypi.pub.build.mozilla.org/pub', '--trusted-host', 'pypi.pub.build.mozilla.org', '--trusted-host', 'pypi.pvt.build.mozilla.org'] in /builds/slave/test/build/tests/config
16:56:13     INFO - Copy/paste: /builds/slave/test/build/venv/bin/pip install --timeout 120 -r /builds/slave/test/build/tests/config/marionette_requirements.txt --no-index --find-links http://pypi.pvt.build.mozilla.org/pub --find-links http://pypi.pub.build.mozilla.org/pub --trusted-host pypi.pub.build.mozilla.org --trusted-host pypi.pvt.build.mozilla.org
16:56:13     INFO - Using env: {'CCACHE_DIR': '/builds/ccache',
16:56:13     INFO -  'CCACHE_UMASK': '002',
16:56:13     INFO -  'DISPLAY': ':0',
16:56:13     INFO -  'HOME': '/home/cltbld',
16:56:13     INFO -  'LANG': 'en_US.UTF-8',
16:56:13     INFO -  'LOGNAME': 'cltbld',
16:56:13     INFO -  'MAIL': '/var/mail/cltbld',
16:56:13     INFO -  'MOZ_HIDE_RESULTS_TABLE': '1',
16:56:13     INFO -  'MOZ_NODE_PATH': '/usr/bin/node',
16:56:13     INFO -  'MOZ_NO_REMOTE': '1',
16:56:13     INFO -  'NODE_PATH': '/usr/lib/nodejs:/usr/lib/node_modules:/usr/share/javascript',
16:56:13     INFO -  'NO_FAIL_ON_TEST_ERRORS': '1',
16:56:13     INFO -  'PATH': '/usr/local/bin:/usr/local/bin:/usr/bin:/bin:/usr/local/games:/usr/games',
16:56:13     INFO -  'PROPERTIES_FILE': '/builds/slave/test/buildprops.json',
16:56:13     INFO -  'PWD': '/builds/slave/test',
16:56:13     INFO -  'SHELL': '/bin/bash',
16:56:13     INFO -  'SHLVL': '1',
16:56:13     INFO -  'TERM': 'linux',
16:56:13     INFO -  'TMOUT': '86400',
16:56:13     INFO -  'USER': 'cltbld',
16:56:13     INFO -  'XDG_SESSION_COOKIE': '9ca12473fbb1d023794ffd180000023c-1528501974.228532-196966555',
16:56:13     INFO -  '_': '/tools/buildbot/bin/python'}
16:56:14     INFO -  Ignoring indexes: https://pypi.python.org/simple
16:56:14     INFO -  Processing /builds/slave/test/build/tests/mozbase/manifestparser
16:56:14     INFO -    Requirement already satisfied (use --upgrade to upgrade): manifestparser==1.1 from file:///builds/slave/test/build/tests/mozbase/manifestparser in /builds/slave/test/build/venv/lib/python2.7/site-packages (from -r /builds/slave/test/build/tests/config/mozbase_requirements.txt (line 1))
16:56:14     INFO -  Processing /builds/slave/test/build/tests/mozbase/mozcrash
16:56:15     INFO -    Requirement already satisfied (use --upgrade to upgrade): mozcrash==1.0 from file:///builds/slave/test/build/tests/mozbase/mozcrash in /builds/slave/test/build/venv/lib/python2.7/site-packages (from -r /builds/slave/test/build/tests/config/mozbase_requirements.txt (line 2))
16:56:15     INFO -  Processing /builds/slave/test/build/tests/mozbase/mozdebug
16:56:15     INFO -    Requirement already satisfied (use --upgrade to upgrade): mozdebug==0.1 from file:///builds/slave/test/build/tests/mozbase/mozdebug in /builds/slave/test/build/venv/lib/python2.7/site-packages (from -r /builds/slave/test/build/tests/config/mozbase_requirements.txt (line 3))
16:56:15     INFO -  Processing /builds/slave/test/build/tests/mozbase/mozdevice
16:56:16     INFO -    Requirement already satisfied (use --upgrade to upgrade): mozdevice==0.48 from file:///builds/slave/test/build/tests/mozbase/mozdevice in /builds/slave/test/build/venv/lib/python2.7/site-packages (from -r /builds/slave/test/build/tests/config/mozbase_requirements.txt (line 4))
16:56:16     INFO -  Processing /builds/slave/test/build/tests/mozbase/mozfile
16:56:16     INFO -    Requirement already satisfied (use --upgrade to upgrade): mozfile==1.2 from file:///builds/slave/test/build/tests/mozbase/mozfile in /builds/slave/test/build/venv/lib/python2.7/site-packages (from -r /builds/slave/test/build/tests/config/mozbase_requirements.txt (line 5))
16:56:16     INFO -  Processing /builds/slave/test/build/tests/mozbase/mozhttpd
16:56:16     INFO -    Requirement already satisfied (use --upgrade to upgrade): mozhttpd==0.7 from file:///builds/slave/test/build/tests/mozbase/mozhttpd in /builds/slave/test/build/venv/lib/python2.7/site-packages (from -r /builds/slave/test/build/tests/config/mozbase_requirements.txt (line 6))
16:56:16     INFO -  Processing /builds/slave/test/build/tests/mozbase/mozinfo
16:56:17     INFO -    Requirement already satisfied (use --upgrade to upgrade): mozinfo==0.9 from file:///builds/slave/test/build/tests/mozbase/mozinfo in /builds/slave/test/build/venv/lib/python2.7/site-packages (from -r /builds/slave/test/build/tests/config/mozbase_requirements.txt (line 7))
16:56:17     INFO -  Processing /builds/slave/test/build/tests/mozbase/mozinstall
16:56:17     INFO -    Requirement already satisfied (use --upgrade to upgrade): mozInstall==1.12 from file:///builds/slave/test/build/tests/mozbase/mozinstall in /builds/slave/test/build/venv/lib/python2.7/site-packages (from -r /builds/slave/test/build/tests/config/mozbase_requirements.txt (line 8))
16:56:17     INFO -  Processing /builds/slave/test/build/tests/mozbase/mozleak
16:56:17     INFO -    Requirement already satisfied (use --upgrade to upgrade): mozleak==0.1 from file:///builds/slave/test/build/tests/mozbase/mozleak in /builds/slave/test/build/venv/lib/python2.7/site-packages (from -r /builds/slave/test/build/tests/config/mozbase_requirements.txt (line 9))
16:56:17     INFO -  Processing /builds/slave/test/build/tests/mozbase/mozlog
16:56:18     INFO -    Requirement already satisfied (use --upgrade to upgrade): mozlog==3.4 from file:///builds/slave/test/build/tests/mozbase/mozlog in /builds/slave/test/build/venv/lib/python2.7/site-packages (from -r /builds/slave/test/build/tests/config/mozbase_requirements.txt (line 10))
16:56:18     INFO -  Processing /builds/slave/test/build/tests/mozbase/moznetwork
16:56:18     INFO -    Requirement already satisfied (use --upgrade to upgrade): moznetwork==0.27 from file:///builds/slave/test/build/tests/mozbase/moznetwork in /builds/slave/test/build/venv/lib/python2.7/site-packages (from -r /builds/slave/test/build/tests/config/mozbase_requirements.txt (line 11))
16:56:18     INFO -  Processing /builds/slave/test/build/tests/mozbase/mozprocess
16:56:19     INFO -    Requirement already satisfied (use --upgrade to upgrade): mozprocess==0.23 from file:///builds/slave/test/build/tests/mozbase/mozprocess in /builds/slave/test/build/venv/lib/python2.7/site-packages (from -r /builds/slave/test/build/tests/config/mozbase_requirements.txt (line 12))
16:56:19     INFO -  Processing /builds/slave/test/build/tests/mozbase/mozprofile
16:56:19     INFO -    Requirement already satisfied (use --upgrade to upgrade): mozprofile==0.28 from file:///builds/slave/test/build/tests/mozbase/mozprofile in /builds/slave/test/build/venv/lib/python2.7/site-packages (from -r /builds/slave/test/build/tests/config/mozbase_requirements.txt (line 13))
16:56:19     INFO -  Processing /builds/slave/test/build/tests/mozbase/mozrunner
16:56:19     INFO -    Requirement already satisfied (use --upgrade to upgrade): mozrunner==6.13 from file:///builds/slave/test/build/tests/mozbase/mozrunner in /builds/slave/test/build/venv/lib/python2.7/site-packages (from -r /builds/slave/test/build/tests/config/mozbase_requirements.txt (line 14))
16:56:19     INFO -  Processing /builds/slave/test/build/tests/mozbase/mozscreenshot
16:56:20     INFO -    Requirement already satisfied (use --upgrade to upgrade): mozscreenshot==0.1 from file:///builds/slave/test/build/tests/mozbase/mozscreenshot in /builds/slave/test/build/venv/lib/python2.7/site-packages (from -r /builds/slave/test/build/tests/config/mozbase_requirements.txt (line 15))
16:56:20     INFO -  Processing /builds/slave/test/build/tests/mozbase/moztest
16:56:20     INFO -    Requirement already satisfied (use --upgrade to upgrade): moztest==0.8 from file:///builds/slave/test/build/tests/mozbase/moztest in /builds/slave/test/build/venv/lib/python2.7/site-packages (from -r /builds/slave/test/build/tests/config/mozbase_requirements.txt (line 16))
16:56:20     INFO -  Processing /builds/slave/test/build/tests/mozbase/mozversion
16:56:20     INFO -    Requirement already satisfied (use --upgrade to upgrade): mozversion==1.4 from file:///builds/slave/test/build/tests/mozbase/mozversion in /builds/slave/test/build/venv/lib/python2.7/site-packages (from -r /builds/slave/test/build/tests/config/mozbase_requirements.txt (line 17))
16:56:20     INFO -  Processing /builds/slave/test/build/tests/tools/wptserve
16:56:21     INFO -    Requirement already satisfied (use --upgrade to upgrade): wptserve==1.4.0 from file:///builds/slave/test/build/tests/tools/wptserve in /builds/slave/test/build/venv/lib/python2.7/site-packages (from -r /builds/slave/test/build/tests/config/marionette_requirements.txt (line 3))
16:56:21     INFO -  Processing /builds/slave/test/build/tests/marionette/client
16:56:21     INFO -    Requirement already satisfied (use --upgrade to upgrade): marionette-driver==2.2.0 from file:///builds/slave/test/build/tests/marionette/client in /builds/slave/test/build/venv/lib/python2.7/site-packages (from -r /builds/slave/test/build/tests/config/marionette_requirements.txt (line 4))
16:56:21     INFO -  Processing /builds/slave/test/build/tests/marionette/harness/marionette_harness/runner/mixins/browsermob-proxy-py
16:56:22     INFO -    Requirement already satisfied (use --upgrade to upgrade): browsermob-proxy==0.6.0 from file:///builds/slave/test/build/tests/marionette/harness/marionette_harness/runner/mixins/browsermob-proxy-py in /builds/slave/test/build/venv/lib/python2.7/site-packages (from -r /builds/slave/test/build/tests/config/marionette_requirements.txt (line 5))
16:56:22     INFO -  Processing /builds/slave/test/build/tests/marionette/harness
16:56:22     INFO -    Requirement already satisfied (use --upgrade to upgrade): marionette-harness==4.0.0 from file:///builds/slave/test/build/tests/marionette/harness in /builds/slave/test/build/venv/lib/python2.7/site-packages (from -r /builds/slave/test/build/tests/config/marionette_requirements.txt (line 6))
16:56:22     INFO -  Processing /builds/slave/test/build/tests/marionette/puppeteer/firefox
16:56:22     INFO -    Requirement already satisfied (use --upgrade to upgrade): firefox-puppeteer==52.1.0 from file:///builds/slave/test/build/tests/marionette/puppeteer/firefox in /builds/slave/test/build/venv/lib/python2.7/site-packages (from -r /builds/slave/test/build/tests/config/marionette_requirements.txt (line 9))
16:56:22     INFO -  Requirement already satisfied (use --upgrade to upgrade): mozfile>=1.0 in /builds/slave/test/build/venv/lib/python2.7/site-packages (from mozcrash==1.0->-r /builds/slave/test/build/tests/config/mozbase_requirements.txt (line 2))
16:56:22     INFO -  Requirement already satisfied (use --upgrade to upgrade): mozlog>=3.0 in /builds/slave/test/build/venv/lib/python2.7/site-packages (from mozcrash==1.0->-r /builds/slave/test/build/tests/config/mozbase_requirements.txt (line 2))
16:56:22     INFO -  Requirement already satisfied (use --upgrade to upgrade): mozinfo in /builds/slave/test/build/venv/lib/python2.7/site-packages (from mozdebug==0.1->-r /builds/slave/test/build/tests/config/mozbase_requirements.txt (line 3))
16:56:22     INFO -  Requirement already satisfied (use --upgrade to upgrade): moznetwork>=0.24 in /builds/slave/test/build/venv/lib/python2.7/site-packages (from mozdevice==0.48->-r /builds/slave/test/build/tests/config/mozbase_requirements.txt (line 4))
16:56:22     INFO -  Requirement already satisfied (use --upgrade to upgrade): mozprocess>=0.19 in /builds/slave/test/build/venv/lib/python2.7/site-packages (from mozdevice==0.48->-r /builds/slave/test/build/tests/config/mozbase_requirements.txt (line 4))
16:56:22     INFO -  Requirement already satisfied (use --upgrade to upgrade): blessings>=1.3 in /builds/slave/test/build/venv/lib/python2.7/site-packages (from mozlog==3.4->-r /builds/slave/test/build/tests/config/mozbase_requirements.txt (line 10))
16:56:23     INFO -  Requirement already satisfied (use --upgrade to upgrade): requests>=1.1.0 in /builds/slave/test/build/venv/lib/python2.7/site-packages (from browsermob-proxy==0.6.0->-r /builds/slave/test/build/tests/config/marionette_requirements.txt (line 5))
16:56:23     INFO -  Building wheels for collected packages: browsermob-proxy
16:56:23     INFO -    Running setup.py bdist_wheel for browsermob-proxy: started
16:56:23     INFO -    Running setup.py bdist_wheel for browsermob-proxy: finished with status 'done'
16:56:23     INFO -    Stored in directory: /home/cltbld/.cache/pip/wheels/10/00/c1/79bb793b6a7eb4dca9dfd244010f550ae5044951bcd23c261e
16:56:23     INFO -  Successfully built browsermob-proxy
16:56:23     INFO - Return code: 0
16:56:23     INFO - Installing None into virtualenv /builds/slave/test/build/venv
16:56:23     INFO - retry: Calling run_command with args: [['/builds/slave/test/build/venv/bin/pip', 'install', '--no-deps', '--timeout', '120', '-r', '/builds/slave/test/build/tests/mochitest/websocketprocessbridge/websocketprocessbridge_requirements.txt', '--no-index', '--find-links', 'http://pypi.pvt.build.mozilla.org/pub', '--find-links', 'http://pypi.pub.build.mozilla.org/pub', '--trusted-host', 'pypi.pub.build.mozilla.org', '--trusted-host', 'pypi.pvt.build.mozilla.org']], kwargs: {'error_level': 'warning', 'error_list': [{'substr': 'not found or a compiler error:', 'level': 'warning'}, {'regex': <_sre.SRE_Pattern object at 0x7fbb76e90110>, 'level': 'error'}, {'regex': <_sre.SRE_Pattern object at 0x7fbb76f98e40>, 'level': 'warning'}, {'regex': <_sre.SRE_Pattern object at 0x11ce3e0>, 'level': 'debug'}, {'substr': 'command not found', 'level': 'error'}, {'regex': <_sre.SRE_Pattern object at 0x11caa90>, 'level': 'warning'}, {'substr': 'Traceback (most recent call last)', 'level': 'error'}, {'substr': 'SyntaxError: ', 'level': 'error'}, {'substr': 'TypeError: ', 'level': 'error'}, {'substr': 'NameError: ', 'level': 'error'}, {'substr': 'ZeroDivisionError: ', 'level': 'error'}, {'regex': <_sre.SRE_Pattern object at 0x11cc3f0>, 'level': 'critical'}, {'regex': <_sre.SRE_Pattern object at 0x11cc670>, 'level': 'critical'}], 'cwd': '/builds/slave/test/build/tests/mochitest/websocketprocessbridge', 'env': {'TMOUT': '86400', 'LOGNAME': 'cltbld', 'USER': 'cltbld', 'HOME': '/home/cltbld', 'PATH': '/usr/local/bin:/usr/local/bin:/usr/bin:/bin:/usr/local/games:/usr/games', 'DISPLAY': ':0', 'CCACHE_UMASK': '002', 'LANG': 'en_US.UTF-8', 'TERM': 'linux', 'SHELL': '/bin/bash', 'MOZ_NODE_PATH': '/usr/bin/node', 'XDG_SESSION_COOKIE': '9ca12473fbb1d023794ffd180000023c-1528501974.228532-196966555', 'SHLVL': '1', 'NO_FAIL_ON_TEST_ERRORS': '1', 'MOZ_NO_REMOTE': '1', 'MOZ_HIDE_RESULTS_TABLE': '1', 'MAIL': '/var/mail/cltbld', '_': '/tools/buildbot/bin/python', 'NODE_PATH': '/usr/lib/nodejs:/usr/lib/node_modules:/usr/share/javascript', 'PWD': '/builds/slave/test', 'PROPERTIES_FILE': '/builds/slave/test/buildprops.json', 'CCACHE_DIR': '/builds/ccache'}}, attempt #1
16:56:23     INFO - Running command: ['/builds/slave/test/build/venv/bin/pip', 'install', '--no-deps', '--timeout', '120', '-r', '/builds/slave/test/build/tests/mochitest/websocketprocessbridge/websocketprocessbridge_requirements.txt', '--no-index', '--find-links', 'http://pypi.pvt.build.mozilla.org/pub', '--find-links', 'http://pypi.pub.build.mozilla.org/pub', '--trusted-host', 'pypi.pub.build.mozilla.org', '--trusted-host', 'pypi.pvt.build.mozilla.org'] in /builds/slave/test/build/tests/mochitest/websocketprocessbridge
16:56:23     INFO - Copy/paste: /builds/slave/test/build/venv/bin/pip install --no-deps --timeout 120 -r /builds/slave/test/build/tests/mochitest/websocketprocessbridge/websocketprocessbridge_requirements.txt --no-index --find-links http://pypi.pvt.build.mozilla.org/pub --find-links http://pypi.pub.build.mozilla.org/pub --trusted-host pypi.pub.build.mozilla.org --trusted-host pypi.pvt.build.mozilla.org
16:56:23     INFO - Using env: {'CCACHE_DIR': '/builds/ccache',
16:56:23     INFO -  'CCACHE_UMASK': '002',
16:56:23     INFO -  'DISPLAY': ':0',
16:56:23     INFO -  'HOME': '/home/cltbld',
16:56:23     INFO -  'LANG': 'en_US.UTF-8',
16:56:23     INFO -  'LOGNAME': 'cltbld',
16:56:23     INFO -  'MAIL': '/var/mail/cltbld',
16:56:23     INFO -  'MOZ_HIDE_RESULTS_TABLE': '1',
16:56:23     INFO -  'MOZ_NODE_PATH': '/usr/bin/node',
16:56:23     INFO -  'MOZ_NO_REMOTE': '1',
16:56:23     INFO -  'NODE_PATH': '/usr/lib/nodejs:/usr/lib/node_modules:/usr/share/javascript',
16:56:23     INFO -  'NO_FAIL_ON_TEST_ERRORS': '1',
16:56:23     INFO -  'PATH': '/usr/local/bin:/usr/local/bin:/usr/bin:/bin:/usr/local/games:/usr/games',
16:56:23     INFO -  'PROPERTIES_FILE': '/builds/slave/test/buildprops.json',
16:56:23     INFO -  'PWD': '/builds/slave/test',
16:56:23     INFO -  'SHELL': '/bin/bash',
16:56:23     INFO -  'SHLVL': '1',
16:56:23     INFO -  'TERM': 'linux',
16:56:23     INFO -  'TMOUT': '86400',
16:56:23     INFO -  'USER': 'cltbld',
16:56:23     INFO -  'XDG_SESSION_COOKIE': '9ca12473fbb1d023794ffd180000023c-1528501974.228532-196966555',
16:56:23     INFO -  '_': '/tools/buildbot/bin/python'}
16:56:24     INFO -  Ignoring indexes: https://pypi.python.org/simple
16:56:24     INFO -  Collecting six==1.10.0 (from -r /builds/slave/test/build/tests/mochitest/websocketprocessbridge/websocketprocessbridge_requirements.txt (line 2))
16:56:24     INFO -  /builds/slave/test/build/venv/lib/python2.7/site-packages/pip/_vendor/requests/packages/urllib3/util/ssl_.py:318: SNIMissingWarning: An HTTPS request has been made, but the SNI (Subject Name Indication) extension to TLS is not available on this platform. This may cause the server to present an incorrect TLS certificate, which can cause validation failures. You can upgrade to a newer version of Python to solve this. For more information, see https://urllib3.readthedocs.org/en/latest/security.html#snimissingwarning.
16:56:24     INFO -    SNIMissingWarning
16:56:24     INFO -  /builds/slave/test/build/venv/lib/python2.7/site-packages/pip/_vendor/requests/packages/urllib3/util/ssl_.py:122: InsecurePlatformWarning: A true SSLContext object is not available. This prevents urllib3 from configuring SSL appropriately and may cause certain SSL connections to fail. You can upgrade to a newer version of Python to solve this. For more information, see https://urllib3.readthedocs.org/en/latest/security.html#insecureplatformwarning.
16:56:24     INFO -    InsecurePlatformWarning
16:56:26     INFO -  /builds/slave/test/build/venv/lib/python2.7/site-packages/pip/_vendor/requests/packages/urllib3/util/ssl_.py:122: InsecurePlatformWarning: A true SSLContext object is not available. This prevents urllib3 from configuring SSL appropriately and may cause certain SSL connections to fail. You can upgrade to a newer version of Python to solve this. For more information, see https://urllib3.readthedocs.org/en/latest/security.html#insecureplatformwarning.
16:56:26     INFO -    InsecurePlatformWarning
16:56:31     INFO -    Downloading https://pypi.pvt.build.mozilla.org/pub/six-1.10.0-py2.py3-none-any.whl
16:56:31     INFO -  Collecting twisted==10.2.0 (from -r /builds/slave/test/build/tests/mochitest/websocketprocessbridge/websocketprocessbridge_requirements.txt (line 4))
16:56:37     INFO -    Downloading https://pypi.pvt.build.mozilla.org/pub/Twisted-10.2.0.tar.gz (1.9MB)
16:56:39     INFO -  Collecting txws==0.9.1 (from -r /builds/slave/test/build/tests/mochitest/websocketprocessbridge/websocketprocessbridge_requirements.txt (line 7))
16:56:45     INFO -    Downloading https://pypi.pvt.build.mozilla.org/pub/txWS-0.9.1.tar.gz
16:56:49     INFO -  Requirement already satisfied (use --upgrade to upgrade): psutil==3.1.1 in /builds/slave/test/build/venv/lib/python2.7/site-packages (from -r /builds/slave/test/build/tests/mochitest/websocketprocessbridge/websocketprocessbridge_requirements.txt (line 9))
16:56:49     INFO -  Collecting ipaddr==2.1.11 (from -r /builds/slave/test/build/tests/mochitest/websocketprocessbridge/websocketprocessbridge_requirements.txt (line 12))
16:56:54     INFO -    Downloading https://pypi.pvt.build.mozilla.org/pub/ipaddr-2.1.11.tar.gz
16:56:55     INFO -  Collecting passlib==1.6.5 (from -r /builds/slave/test/build/tests/mochitest/websocketprocessbridge/websocketprocessbridge_requirements.txt (line 13))
16:57:00     INFO -    Downloading https://pypi.pvt.build.mozilla.org/pub/passlib-1.6.5-py2.py3-none-any.whl (317kB)
16:57:01     INFO -  Building wheels for collected packages: twisted, txws, ipaddr
16:57:01     INFO -    Running setup.py bdist_wheel for twisted: started
16:57:03     INFO -    Running setup.py bdist_wheel for twisted: finished with status 'done'
16:57:03     INFO -    Stored in directory: /home/cltbld/.cache/pip/wheels/2a/06/64/df4bef56496f61aee018cad118db54f7a03015723d10662b26
16:57:04     INFO -    Running setup.py bdist_wheel for txws: started
16:57:04     INFO -    Running setup.py bdist_wheel for txws: finished with status 'done'
16:57:04     INFO -    Stored in directory: /home/cltbld/.cache/pip/wheels/51/f5/78/51b5dd281cb5c86337c41faadc891bd5089a07842da35b9248
16:57:04     INFO -    Running setup.py bdist_wheel for ipaddr: started
16:57:05     INFO -    Running setup.py bdist_wheel for ipaddr: finished with status 'done'
16:57:05     INFO -    Stored in directory: /home/cltbld/.cache/pip/wheels/6a/e7/d2/68af1df9a4dd7fd032c9375a12bd438c6fa81ee69d5e07993f
16:57:05     INFO -  Successfully built twisted txws ipaddr
16:57:05     INFO -  Installing collected packages: six, twisted, txws, ipaddr, passlib
16:57:09     INFO -  Successfully installed ipaddr-2.1.11 passlib-1.6.5 six-1.10.0 twisted-10.2.0 txws-0.9.1
16:57:09     INFO - Return code: 0
16:57:09     INFO - Installing None into virtualenv /builds/slave/test/build/venv
16:57:09     INFO - retry: Calling run_command with args: [['/builds/slave/test/build/venv/bin/pip', 'install', '--timeout', '120', '-r', '/builds/slave/test/build/tests/mochitest/websocketprocessbridge/websocketprocessbridge_requirements.txt', '--no-index', '--find-links', 'http://pypi.pvt.build.mozilla.org/pub', '--find-links', 'http://pypi.pub.build.mozilla.org/pub', '--trusted-host', 'pypi.pub.build.mozilla.org', '--trusted-host', 'pypi.pvt.build.mozilla.org']], kwargs: {'error_level': 'warning', 'error_list': [{'substr': 'not found or a compiler error:', 'level': 'warning'}, {'regex': <_sre.SRE_Pattern object at 0x7fbb76e90110>, 'level': 'error'}, {'regex': <_sre.SRE_Pattern object at 0x7fbb76f98e40>, 'level': 'warning'}, {'regex': <_sre.SRE_Pattern object at 0x11ce3e0>, 'level': 'debug'}, {'substr': 'command not found', 'level': 'error'}, {'regex': <_sre.SRE_Pattern object at 0x11caa90>, 'level': 'warning'}, {'substr': 'Traceback (most recent call last)', 'level': 'error'}, {'substr': 'SyntaxError: ', 'level': 'error'}, {'substr': 'TypeError: ', 'level': 'error'}, {'substr': 'NameError: ', 'level': 'error'}, {'substr': 'ZeroDivisionError: ', 'level': 'error'}, {'regex': <_sre.SRE_Pattern object at 0x11cc3f0>, 'level': 'critical'}, {'regex': <_sre.SRE_Pattern object at 0x11cc670>, 'level': 'critical'}], 'cwd': '/builds/slave/test/build/tests/mochitest/websocketprocessbridge', 'env': {'TMOUT': '86400', 'LOGNAME': 'cltbld', 'USER': 'cltbld', 'HOME': '/home/cltbld', 'PATH': '/usr/local/bin:/usr/local/bin:/usr/bin:/bin:/usr/local/games:/usr/games', 'DISPLAY': ':0', 'CCACHE_UMASK': '002', 'LANG': 'en_US.UTF-8', 'TERM': 'linux', 'SHELL': '/bin/bash', 'MOZ_NODE_PATH': '/usr/bin/node', 'XDG_SESSION_COOKIE': '9ca12473fbb1d023794ffd180000023c-1528501974.228532-196966555', 'SHLVL': '1', 'NO_FAIL_ON_TEST_ERRORS': '1', 'MOZ_NO_REMOTE': '1', 'MOZ_HIDE_RESULTS_TABLE': '1', 'MAIL': '/var/mail/cltbld', '_': '/tools/buildbot/bin/python', 'NODE_PATH': '/usr/lib/nodejs:/usr/lib/node_modules:/usr/share/javascript', 'PWD': '/builds/slave/test', 'PROPERTIES_FILE': '/builds/slave/test/buildprops.json', 'CCACHE_DIR': '/builds/ccache'}}, attempt #1
16:57:09     INFO - Running command: ['/builds/slave/test/build/venv/bin/pip', 'install', '--timeout', '120', '-r', '/builds/slave/test/build/tests/mochitest/websocketprocessbridge/websocketprocessbridge_requirements.txt', '--no-index', '--find-links', 'http://pypi.pvt.build.mozilla.org/pub', '--find-links', 'http://pypi.pub.build.mozilla.org/pub', '--trusted-host', 'pypi.pub.build.mozilla.org', '--trusted-host', 'pypi.pvt.build.mozilla.org'] in /builds/slave/test/build/tests/mochitest/websocketprocessbridge
16:57:09     INFO - Copy/paste: /builds/slave/test/build/venv/bin/pip install --timeout 120 -r /builds/slave/test/build/tests/mochitest/websocketprocessbridge/websocketprocessbridge_requirements.txt --no-index --find-links http://pypi.pvt.build.mozilla.org/pub --find-links http://pypi.pub.build.mozilla.org/pub --trusted-host pypi.pub.build.mozilla.org --trusted-host pypi.pvt.build.mozilla.org
16:57:09     INFO - Using env: {'CCACHE_DIR': '/builds/ccache',
16:57:09     INFO -  'CCACHE_UMASK': '002',
16:57:09     INFO -  'DISPLAY': ':0',
16:57:09     INFO -  'HOME': '/home/cltbld',
16:57:09     INFO -  'LANG': 'en_US.UTF-8',
16:57:09     INFO -  'LOGNAME': 'cltbld',
16:57:09     INFO -  'MAIL': '/var/mail/cltbld',
16:57:09     INFO -  'MOZ_HIDE_RESULTS_TABLE': '1',
16:57:09     INFO -  'MOZ_NODE_PATH': '/usr/bin/node',
16:57:09     INFO -  'MOZ_NO_REMOTE': '1',
16:57:09     INFO -  'NODE_PATH': '/usr/lib/nodejs:/usr/lib/node_modules:/usr/share/javascript',
16:57:09     INFO -  'NO_FAIL_ON_TEST_ERRORS': '1',
16:57:09     INFO -  'PATH': '/usr/local/bin:/usr/local/bin:/usr/bin:/bin:/usr/local/games:/usr/games',
16:57:09     INFO -  'PROPERTIES_FILE': '/builds/slave/test/buildprops.json',
16:57:09     INFO -  'PWD': '/builds/slave/test',
16:57:09     INFO -  'SHELL': '/bin/bash',
16:57:09     INFO -  'SHLVL': '1',
16:57:09     INFO -  'TERM': 'linux',
16:57:09     INFO -  'TMOUT': '86400',
16:57:09     INFO -  'USER': 'cltbld',
16:57:09     INFO -  'XDG_SESSION_COOKIE': '9ca12473fbb1d023794ffd180000023c-1528501974.228532-196966555',
16:57:09     INFO -  '_': '/tools/buildbot/bin/python'}
16:57:10     INFO -  Ignoring indexes: https://pypi.python.org/simple
16:57:10     INFO -  Requirement already satisfied (use --upgrade to upgrade): six==1.10.0 in /builds/slave/test/build/venv/lib/python2.7/site-packages (from -r /builds/slave/test/build/tests/mochitest/websocketprocessbridge/websocketprocessbridge_requirements.txt (line 2))
16:57:10     INFO -  Requirement already satisfied (use --upgrade to upgrade): twisted==10.2.0 in /builds/slave/test/build/venv/lib/python2.7/site-packages (from -r /builds/slave/test/build/tests/mochitest/websocketprocessbridge/websocketprocessbridge_requirements.txt (line 4))
16:57:10     INFO -  Requirement already satisfied (use --upgrade to upgrade): txws==0.9.1 in /builds/slave/test/build/venv/lib/python2.7/site-packages (from -r /builds/slave/test/build/tests/mochitest/websocketprocessbridge/websocketprocessbridge_requirements.txt (line 7))
16:57:10     INFO -  Requirement already satisfied (use --upgrade to upgrade): psutil==3.1.1 in /builds/slave/test/build/venv/lib/python2.7/site-packages (from -r /builds/slave/test/build/tests/mochitest/websocketprocessbridge/websocketprocessbridge_requirements.txt (line 9))
16:57:10     INFO -  Requirement already satisfied (use --upgrade to upgrade): ipaddr==2.1.11 in /builds/slave/test/build/venv/lib/python2.7/site-packages (from -r /builds/slave/test/build/tests/mochitest/websocketprocessbridge/websocketprocessbridge_requirements.txt (line 12))
16:57:10     INFO -  Requirement already satisfied (use --upgrade to upgrade): passlib==1.6.5 in /builds/slave/test/build/venv/lib/python2.7/site-packages (from -r /builds/slave/test/build/tests/mochitest/websocketprocessbridge/websocketprocessbridge_requirements.txt (line 13))
16:57:10     INFO -  Collecting zope.interface (from twisted==10.2.0->-r /builds/slave/test/build/tests/mochitest/websocketprocessbridge/websocketprocessbridge_requirements.txt (line 4))
16:57:10     INFO -  /builds/slave/test/build/venv/lib/python2.7/site-packages/pip/_vendor/requests/packages/urllib3/util/ssl_.py:318: SNIMissingWarning: An HTTPS request has been made, but the SNI (Subject Name Indication) extension to TLS is not available on this platform. This may cause the server to present an incorrect TLS certificate, which can cause validation failures. You can upgrade to a newer version of Python to solve this. For more information, see https://urllib3.readthedocs.org/en/latest/security.html#snimissingwarning.
16:57:10     INFO -    SNIMissingWarning
16:57:10     INFO -  /builds/slave/test/build/venv/lib/python2.7/site-packages/pip/_vendor/requests/packages/urllib3/util/ssl_.py:122: InsecurePlatformWarning: A true SSLContext object is not available. This prevents urllib3 from configuring SSL appropriately and may cause certain SSL connections to fail. You can upgrade to a newer version of Python to solve this. For more information, see https://urllib3.readthedocs.org/en/latest/security.html#insecureplatformwarning.
16:57:10     INFO -    InsecurePlatformWarning
16:57:12     INFO -  /builds/slave/test/build/venv/lib/python2.7/site-packages/pip/_vendor/requests/packages/urllib3/util/ssl_.py:122: InsecurePlatformWarning: A true SSLContext object is not available. This prevents urllib3 from configuring SSL appropriately and may cause certain SSL connections to fail. You can upgrade to a newer version of Python to solve this. For more information, see https://urllib3.readthedocs.org/en/latest/security.html#insecureplatformwarning.
16:57:12     INFO -    InsecurePlatformWarning
16:57:17     INFO -    Downloading https://pypi.pvt.build.mozilla.org/pub/zope.interface-4.0.2.tar.gz (139kB)
16:57:18     INFO -  Requirement already satisfied (use --upgrade to upgrade): setuptools in /builds/slave/test/build/venv/lib/python2.7/site-packages (from zope.interface->twisted==10.2.0->-r /builds/slave/test/build/tests/mochitest/websocketprocessbridge/websocketprocessbridge_requirements.txt (line 4))
16:57:18     INFO -  Building wheels for collected packages: zope.interface
16:57:18     INFO -    Running setup.py bdist_wheel for zope.interface: started
16:57:20     INFO -    Running setup.py bdist_wheel for zope.interface: finished with status 'done'
16:57:20     INFO -    Stored in directory: /home/cltbld/.cache/pip/wheels/54/5c/71/e718400d2babcda41f4d97864183e1268dab308acc88e22470
16:57:20     INFO -  Successfully built zope.interface
16:57:20     INFO -  Installing collected packages: zope.interface
16:57:20     INFO -  Successfully installed zope.interface-4.0.2
16:57:20     INFO - Return code: 0
16:57:20     INFO - Done creating virtualenv /builds/slave/test/build/venv.
16:57:20     INFO - Getting output from command: ['/builds/slave/test/build/venv/bin/pip', 'freeze']
16:57:20     INFO - Copy/paste: /builds/slave/test/build/venv/bin/pip freeze
16:57:22     INFO - Reading from file tmpfile_stdout
16:57:22     INFO - Reading from file tmpfile_stderr
16:57:22     INFO - Current package versions:
16:57:22     INFO -   Twisted == 10.2.0
16:57:22     INFO -   blessings == 1.6
16:57:22     INFO -   blobuploader == 1.2.4
16:57:22     INFO -   browsermob-proxy == 0.6.0
16:57:22     INFO -   docopt == 0.6.1
16:57:22     INFO -   firefox-puppeteer == 52.1.0
16:57:22     INFO -   functools32 == 3.2.3.post2
16:57:22     INFO -   ipaddr == 2.1.11
16:57:22     INFO -   jsonschema == 2.5.1
16:57:22     INFO -   manifestparser == 1.1
16:57:22     INFO -   marionette-driver == 2.2.0
16:57:22     INFO -   marionette-harness == 4.0.0
16:57:22     INFO -   mock == 1.0.1
16:57:22     INFO -   mozInstall == 1.12
16:57:22     INFO -   mozcrash == 1.0
16:57:22     INFO -   mozdebug == 0.1
16:57:22     INFO -   mozdevice == 0.48
16:57:22     INFO -   mozfile == 1.2
16:57:22     INFO -   mozhttpd == 0.7
16:57:22     INFO -   mozinfo == 0.9
16:57:22     INFO -   mozleak == 0.1
16:57:22     INFO -   mozlog == 3.4
16:57:22     INFO -   moznetwork == 0.27
16:57:22     INFO -   mozprocess == 0.23
16:57:22     INFO -   mozprofile == 0.28
16:57:22     INFO -   mozrunner == 6.13
16:57:22     INFO -   mozscreenshot == 0.1
16:57:22     INFO -   mozsystemmonitor == 0.3
16:57:22     INFO -   moztest == 0.8
16:57:22     INFO -   mozversion == 1.4
16:57:22     INFO -   passlib == 1.6.5
16:57:22     INFO -   psutil == 3.1.1
16:57:22     INFO -   requests == 1.2.3
16:57:22     INFO -   simplejson == 3.3.0
16:57:22     INFO -   six == 1.10.0
16:57:22     INFO -   txWS == 0.9.1
16:57:22     INFO -   wptserve == 1.4.0
16:57:22     INFO -   zope.interface == 4.0.2
16:57:22     INFO - Running post-action listener: _resource_record_post_action
16:57:22     INFO - Running post-action listener: _start_resource_monitoring
16:57:22     INFO - Starting resource monitoring.
16:57:22     INFO - [mozharness: 2018-06-08 23:57:22.737156Z] Finished create-virtualenv step (success)
16:57:22     INFO - [mozharness: 2018-06-08 23:57:22.743718Z] Running install step.
16:57:22     INFO - Running pre-action listener: _resource_record_pre_action
16:57:22     INFO - Running main action method: install
16:57:22     INFO - Getting output from command: ['/builds/slave/test/build/venv/bin/pip', 'freeze']
16:57:22     INFO - Copy/paste: /builds/slave/test/build/venv/bin/pip freeze
16:57:23     INFO - Reading from file tmpfile_stdout
16:57:23     INFO - Reading from file tmpfile_stderr
16:57:23     INFO - Detecting whether we're running mozinstall >=1.0...
16:57:23     INFO - Getting output from command: ['/builds/slave/test/build/venv/bin/mozinstall', '-h']
16:57:23     INFO - Copy/paste: /builds/slave/test/build/venv/bin/mozinstall -h
16:57:23     INFO - Reading from file tmpfile_stdout
16:57:23     INFO - Output received:
16:57:23     INFO -  Usage: mozinstall [options] installer
16:57:23     INFO -  Options:
16:57:23     INFO -    -h, --help            show this help message and exit
16:57:23     INFO -    -d DEST, --destination=DEST
16:57:23     INFO -                          Directory to install application into. [default:
16:57:23     INFO -                          "/builds/slave/test"]
16:57:23     INFO -    --app=APP             Application being installed. [default: firefox]
16:57:23     INFO - mkdir: /builds/slave/test/build/application
16:57:23     INFO - Getting output from command: ['/builds/slave/test/build/venv/bin/mozinstall', '/builds/slave/test/build/installer.tar.bz2', '--destination', '/builds/slave/test/build/application']
16:57:23     INFO - Copy/paste: /builds/slave/test/build/venv/bin/mozinstall /builds/slave/test/build/installer.tar.bz2 --destination /builds/slave/test/build/application
16:57:46     INFO - Reading from file tmpfile_stdout
16:57:46     INFO - Output received:
16:57:46     INFO -  /builds/slave/test/build/application/firefox/firefox
16:57:46     INFO - Running post-action listener: _resource_record_post_action
16:57:46     INFO - [mozharness: 2018-06-08 23:57:46.105623Z] Finished install step (success)
16:57:46     INFO - [mozharness: 2018-06-08 23:57:46.106039Z] Running stage-files step.
16:57:46     INFO - Running pre-action listener: _resource_record_pre_action
16:57:46     INFO - Running main action method: stage_files
16:57:46     INFO - Running post-action listener: _resource_record_post_action
16:57:46     INFO - [mozharness: 2018-06-08 23:57:46.107795Z] Finished stage-files step (success)
16:57:46     INFO - [mozharness: 2018-06-08 23:57:46.108149Z] Running run-tests step.
16:57:46     INFO - Running pre-action listener: _resource_record_pre_action
16:57:46     INFO - Running pre-action listener: _set_gcov_prefix
16:57:46     INFO - Running main action method: run_tests
16:57:46     INFO - Running pre test command disable_screen_saver with 'xset s off s reset'
16:57:46     INFO - Running command: ['xset', 's', 'off', 's', 'reset'] in /builds/slave/test/build
16:57:46     INFO - Copy/paste: xset s off s reset
16:57:46     INFO - Return code: 0
16:57:46     INFO - #### Running mochitest suites
16:57:46     INFO - Structured output parser in use for mochitest.
16:57:46     INFO - grabbing minidump binary from tooltool
16:57:46     INFO - retry: Calling run_command with args: (['/tools/tooltool.py', '--url', 'https://api.pub.build.mozilla.org/tooltool/', '--authentication-file', '/builds/relengapi.tok', 'fetch', '-m', '/builds/slave/test/build/tests/config/tooltool-manifests/linux64/releng.manifest', '-o', '-c', '/builds/tooltool_cache'],), kwargs: {'output_timeout': 600, 'error_list': [{'substr': 'command not found', 'level': 'error'}, {'regex': <_sre.SRE_Pattern object at 0x11caa90>, 'level': 'warning'}, {'substr': 'Traceback (most recent call last)', 'level': 'error'}, {'substr': 'SyntaxError: ', 'level': 'error'}, {'substr': 'TypeError: ', 'level': 'error'}, {'substr': 'NameError: ', 'level': 'error'}, {'substr': 'ZeroDivisionError: ', 'level': 'error'}, {'regex': <_sre.SRE_Pattern object at 0x11cc3f0>, 'level': 'critical'}, {'regex': <_sre.SRE_Pattern object at 0x11cc670>, 'level': 'critical'}, {'substr': 'ERROR - ', 'level': 'error'}], 'cwd': '/builds/slave/test/build', 'privileged': False}, attempt #1
16:57:46     INFO - Running command: ['/tools/tooltool.py', '--url', 'https://api.pub.build.mozilla.org/tooltool/', '--authentication-file', '/builds/relengapi.tok', 'fetch', '-m', '/builds/slave/test/build/tests/config/tooltool-manifests/linux64/releng.manifest', '-o', '-c', '/builds/tooltool_cache'] in /builds/slave/test/build
16:57:46     INFO - Copy/paste: /tools/tooltool.py --url https://api.pub.build.mozilla.org/tooltool/ --authentication-file /builds/relengapi.tok fetch -m /builds/slave/test/build/tests/config/tooltool-manifests/linux64/releng.manifest -o -c /builds/tooltool_cache
16:57:46     INFO - Calling ['/tools/tooltool.py', '--url', 'https://api.pub.build.mozilla.org/tooltool/', '--authentication-file', '/builds/relengapi.tok', 'fetch', '-m', '/builds/slave/test/build/tests/config/tooltool-manifests/linux64/releng.manifest', '-o', '-c', '/builds/tooltool_cache'] with output_timeout 600
16:57:46     INFO -  INFO - File linux64-minidump_stackwalk not present in local cache folder /builds/tooltool_cache
16:57:46     INFO -  INFO - Attempting to fetch from 'https://api.pub.build.mozilla.org/tooltool/'...
16:57:47     INFO -  INFO - File linux64-minidump_stackwalk fetched from https://api.pub.build.mozilla.org/tooltool/ as /builds/slave/test/build/tmp7kydAM
16:57:47     INFO -  INFO - File integrity verified, renaming tmp7kydAM to linux64-minidump_stackwalk
16:57:47     INFO -  INFO - Updating local cache /builds/tooltool_cache...
16:57:47     INFO -  INFO - Local cache /builds/tooltool_cache updated with linux64-minidump_stackwalk
16:57:47     INFO - Return code: 0
16:57:47     INFO - Chmoding /builds/slave/test/build/linux64-minidump_stackwalk to 0755
16:57:47     INFO - grabbing nodejs binary from tooltool
16:57:47     INFO - retry: Calling run_command with args: (['/tools/tooltool.py', '--url', 'https://api.pub.build.mozilla.org/tooltool/', '--authentication-file', '/builds/relengapi.tok', 'fetch', '-m', '/builds/slave/test/build/tests/config/tooltool-manifests/linux64/nodejs.manifest', '-o', '-c', '/builds/tooltool_cache'],), kwargs: {'output_timeout': 600, 'error_list': [{'substr': 'command not found', 'level': 'error'}, {'regex': <_sre.SRE_Pattern object at 0x11caa90>, 'level': 'warning'}, {'substr': 'Traceback (most recent call last)', 'level': 'error'}, {'substr': 'SyntaxError: ', 'level': 'error'}, {'substr': 'TypeError: ', 'level': 'error'}, {'substr': 'NameError: ', 'level': 'error'}, {'substr': 'ZeroDivisionError: ', 'level': 'error'}, {'regex': <_sre.SRE_Pattern object at 0x11cc3f0>, 'level': 'critical'}, {'regex': <_sre.SRE_Pattern object at 0x11cc670>, 'level': 'critical'}, {'substr': 'ERROR - ', 'level': 'error'}], 'cwd': '/builds/slave/test/build', 'privileged': False}, attempt #1
16:57:47     INFO - Running command: ['/tools/tooltool.py', '--url', 'https://api.pub.build.mozilla.org/tooltool/', '--authentication-file', '/builds/relengapi.tok', 'fetch', '-m', '/builds/slave/test/build/tests/config/tooltool-manifests/linux64/nodejs.manifest', '-o', '-c', '/builds/tooltool_cache'] in /builds/slave/test/build
16:57:47     INFO - Copy/paste: /tools/tooltool.py --url https://api.pub.build.mozilla.org/tooltool/ --authentication-file /builds/relengapi.tok fetch -m /builds/slave/test/build/tests/config/tooltool-manifests/linux64/nodejs.manifest -o -c /builds/tooltool_cache
16:57:47     INFO - Calling ['/tools/tooltool.py', '--url', 'https://api.pub.build.mozilla.org/tooltool/', '--authentication-file', '/builds/relengapi.tok', 'fetch', '-m', '/builds/slave/test/build/tests/config/tooltool-manifests/linux64/nodejs.manifest', '-o', '-c', '/builds/tooltool_cache'] with output_timeout 600
16:57:47     INFO -  INFO - File node-linux-x64.tar.gz not present in local cache folder /builds/tooltool_cache
16:57:47     INFO -  INFO - Attempting to fetch from 'https://api.pub.build.mozilla.org/tooltool/'...
16:57:51     INFO -  INFO - File node-linux-x64.tar.gz fetched from https://api.pub.build.mozilla.org/tooltool/ as /builds/slave/test/build/tmpu7GI63
16:57:51     INFO -  INFO - File integrity verified, renaming tmpu7GI63 to node-linux-x64.tar.gz
16:57:51     INFO -  INFO - Updating local cache /builds/tooltool_cache...
16:57:51     INFO -  INFO - Local cache /builds/tooltool_cache updated with node-linux-x64.tar.gz
16:57:51     INFO -  INFO - untarring "node-linux-x64.tar.gz"
16:57:53     INFO - Return code: 0
16:57:53     INFO - Chmoding /builds/slave/test/build/node-linux-x64/bin/node to 0755
16:57:53     INFO - mkdir: /builds/slave/test/build/blobber_upload_dir
16:57:53     INFO - ENV: MOZ_UPLOAD_DIR is now /builds/slave/test/build/blobber_upload_dir
16:57:53     INFO - ENV: MINIDUMP_STACKWALK is now /builds/slave/test/build/linux64-minidump_stackwalk
16:57:53     INFO - ENV: MOZ_NODE_PATH is now /builds/slave/test/build/node-linux-x64/bin/node
16:57:53     INFO - ENV: MINIDUMP_SAVE_PATH is now /builds/slave/test/build/blobber_upload_dir
16:57:53     INFO - Running command: ['/builds/slave/test/build/venv/bin/python', '-u', '/builds/slave/test/build/tests/mochitest/runtests.py', '--total-chunks', '8', '--this-chunk', '1', '--appname=/builds/slave/test/build/application/firefox/firefox', '--utility-path=tests/bin', '--extra-profile-file=tests/bin/plugins', '--symbols-path=https://queue.taskcluster.net/v1/task/I1iAdq48Sa60c5BCPWswkg/artifacts/public/build/firefox-52.8.2.en-US.linux-x86_64.crashreporter-symbols.zip', '--certificate-path=tests/certs', '--setpref=webgl.force-enabled=true', '--quiet', '--log-raw=/builds/slave/test/build/blobber_upload_dir/mochitest-devtools-chrome_raw.log', '--log-errorsummary=/builds/slave/test/build/blobber_upload_dir/mochitest-devtools-chrome_errorsummary.log', '--use-test-media-devices', '--screenshot-on-fail', '--cleanup-crashes', '--marionette-startup-timeout=180', '--log-raw=-', '--flavor=browser', '--subsuite=devtools'] in /builds/slave/test/build
16:57:53     INFO - Copy/paste: /builds/slave/test/build/venv/bin/python -u /builds/slave/test/build/tests/mochitest/runtests.py --total-chunks 8 --this-chunk 1 --appname=/builds/slave/test/build/application/firefox/firefox --utility-path=tests/bin --extra-profile-file=tests/bin/plugins --symbols-path=https://queue.taskcluster.net/v1/task/I1iAdq48Sa60c5BCPWswkg/artifacts/public/build/firefox-52.8.2.en-US.linux-x86_64.crashreporter-symbols.zip --certificate-path=tests/certs --setpref=webgl.force-enabled=true --quiet --log-raw=/builds/slave/test/build/blobber_upload_dir/mochitest-devtools-chrome_raw.log --log-errorsummary=/builds/slave/test/build/blobber_upload_dir/mochitest-devtools-chrome_errorsummary.log --use-test-media-devices --screenshot-on-fail --cleanup-crashes --marionette-startup-timeout=180 --log-raw=- --flavor=browser --subsuite=devtools
16:57:53     INFO - Using env: {'CCACHE_DIR': '/builds/ccache',
16:57:53     INFO -  'CCACHE_UMASK': '002',
16:57:53     INFO -  'DISPLAY': ':0',
16:57:53     INFO -  'HOME': '/home/cltbld',
16:57:53     INFO -  'LANG': 'en_US.UTF-8',
16:57:53     INFO -  'LOGNAME': 'cltbld',
16:57:53     INFO -  'MAIL': '/var/mail/cltbld',
16:57:53     INFO -  'MINIDUMP_SAVE_PATH': '/builds/slave/test/build/blobber_upload_dir',
16:57:53     INFO -  'MINIDUMP_STACKWALK': '/builds/slave/test/build/linux64-minidump_stackwalk',
16:57:53     INFO -  'MOZ_HIDE_RESULTS_TABLE': '1',
16:57:53     INFO -  'MOZ_NODE_PATH': '/builds/slave/test/build/node-linux-x64/bin/node',
16:57:53     INFO -  'MOZ_NO_REMOTE': '1',
16:57:53     INFO -  'MOZ_UPLOAD_DIR': '/builds/slave/test/build/blobber_upload_dir',
16:57:53     INFO -  'NODE_PATH': '/usr/lib/nodejs:/usr/lib/node_modules:/usr/share/javascript',
16:57:53     INFO -  'NO_FAIL_ON_TEST_ERRORS': '1',
16:57:53     INFO -  'PATH': '/builds/slave/test/build/venv/bin:/usr/local/bin:/usr/local/bin:/usr/bin:/bin:/usr/local/games:/usr/games',
16:57:53     INFO -  'PROPERTIES_FILE': '/builds/slave/test/buildprops.json',
16:57:53     INFO -  'PWD': '/builds/slave/test',
16:57:53     INFO -  'SHELL': '/bin/bash',
16:57:53     INFO -  'SHLVL': '1',
16:57:53     INFO -  'TERM': 'linux',
16:57:53     INFO -  'TMOUT': '86400',
16:57:53     INFO -  'USER': 'cltbld',
16:57:53     INFO -  'XDG_SESSION_COOKIE': '9ca12473fbb1d023794ffd180000023c-1528501974.228532-196966555',
16:57:53     INFO -  '_': '/tools/buildbot/bin/python'}
16:57:53     INFO - Calling ['/builds/slave/test/build/venv/bin/python', '-u', '/builds/slave/test/build/tests/mochitest/runtests.py', '--total-chunks', '8', '--this-chunk', '1', '--appname=/builds/slave/test/build/application/firefox/firefox', '--utility-path=tests/bin', '--extra-profile-file=tests/bin/plugins', '--symbols-path=https://queue.taskcluster.net/v1/task/I1iAdq48Sa60c5BCPWswkg/artifacts/public/build/firefox-52.8.2.en-US.linux-x86_64.crashreporter-symbols.zip', '--certificate-path=tests/certs', '--setpref=webgl.force-enabled=true', '--quiet', '--log-raw=/builds/slave/test/build/blobber_upload_dir/mochitest-devtools-chrome_raw.log', '--log-errorsummary=/builds/slave/test/build/blobber_upload_dir/mochitest-devtools-chrome_errorsummary.log', '--use-test-media-devices', '--screenshot-on-fail', '--cleanup-crashes', '--marionette-startup-timeout=180', '--log-raw=-', '--flavor=browser', '--subsuite=devtools'] with output_timeout 1000
16:57:54     INFO - Checking for orphan ssltunnel processes...
16:57:54     INFO - Checking for orphan xpcshell processes...
16:57:54     INFO - SUITE-START | Running 288 tests
16:57:54     INFO - TEST-START | devtools/client/aboutdebugging/test/browser_service_workers_timeout.js
16:57:54     INFO - TEST-SKIP | devtools/client/aboutdebugging/test/browser_service_workers_timeout.js | took 0ms
16:57:54     INFO - TEST-START | devtools/client/aboutdebugging/test/browser_tabs.js
16:57:54     INFO - TEST-SKIP | devtools/client/aboutdebugging/test/browser_tabs.js | took 1ms
16:57:54     INFO - TEST-START | devtools/client/animationinspector/test/browser_animation_controller_exposes_document_currentTime.js
16:57:54     INFO - TEST-SKIP | devtools/client/animationinspector/test/browser_animation_controller_exposes_document_currentTime.js | took 0ms
16:57:54     INFO - TEST-START | devtools/client/animationinspector/test/browser_animation_refresh_on_removed_animation.js
16:57:54     INFO - TEST-SKIP | devtools/client/animationinspector/test/browser_animation_refresh_on_removed_animation.js | took 0ms
16:57:54     INFO - TEST-START | devtools/client/commandline/test/browser_cmd_addon.js
16:57:54     INFO - TEST-SKIP | devtools/client/commandline/test/browser_cmd_addon.js | took 0ms
16:57:54     INFO - TEST-START | devtools/client/commandline/test/browser_cmd_appcache_invalid.js
16:57:54     INFO - TEST-SKIP | devtools/client/commandline/test/browser_cmd_appcache_invalid.js | took 0ms
16:57:54     INFO - TEST-START | devtools/client/commandline/test/browser_cmd_appcache_valid.js
16:57:54     INFO - TEST-SKIP | devtools/client/commandline/test/browser_cmd_appcache_valid.js | took 0ms
16:57:54     INFO - TEST-START | devtools/client/commandline/test/browser_cmd_calllog.js
16:57:54     INFO - TEST-SKIP | devtools/client/commandline/test/browser_cmd_calllog.js | took 0ms
16:57:54     INFO - TEST-START | devtools/client/commandline/test/browser_cmd_calllog_chrome.js
16:57:54     INFO - TEST-SKIP | devtools/client/commandline/test/browser_cmd_calllog_chrome.js | took 0ms
16:57:54     INFO - TEST-START | devtools/client/commandline/test/browser_cmd_commands.js
16:57:54     INFO - TEST-SKIP | devtools/client/commandline/test/browser_cmd_commands.js | took 0ms
16:57:54     INFO - TEST-START | devtools/client/commandline/test/browser_cmd_cookie.js
16:57:54     INFO - TEST-SKIP | devtools/client/commandline/test/browser_cmd_cookie.js | took 0ms
16:57:54     INFO - TEST-START | devtools/client/commandline/test/browser_cmd_cookie_host.js
16:57:54     INFO - TEST-SKIP | devtools/client/commandline/test/browser_cmd_cookie_host.js | took 0ms
16:57:54     INFO - TEST-START | devtools/client/commandline/test/browser_cmd_csscoverage_oneshot.js
16:57:54     INFO - TEST-SKIP | devtools/client/commandline/test/browser_cmd_csscoverage_oneshot.js | took 0ms
16:57:54     INFO - TEST-START | devtools/client/commandline/test/browser_cmd_csscoverage_startstop.js
16:57:54     INFO - TEST-SKIP | devtools/client/commandline/test/browser_cmd_csscoverage_startstop.js | took 0ms
16:57:54     INFO - TEST-START | devtools/client/commandline/test/browser_cmd_csscoverage_util.js
16:57:54     INFO - TEST-SKIP | devtools/client/commandline/test/browser_cmd_csscoverage_util.js | took 0ms
16:57:54     INFO - TEST-START | devtools/client/commandline/test/browser_cmd_folder.js
16:57:54     INFO - TEST-SKIP | devtools/client/commandline/test/browser_cmd_folder.js | took 0ms
16:57:54     INFO - TEST-START | devtools/client/commandline/test/browser_cmd_highlight_01.js
16:57:54     INFO - TEST-SKIP | devtools/client/commandline/test/browser_cmd_highlight_01.js | took 0ms
16:57:54     INFO - TEST-START | devtools/client/commandline/test/browser_cmd_highlight_02.js
16:57:54     INFO - TEST-SKIP | devtools/client/commandline/test/browser_cmd_highlight_02.js | took 1ms
16:57:54     INFO - TEST-START | devtools/client/commandline/test/browser_cmd_highlight_03.js
16:57:54     INFO - TEST-SKIP | devtools/client/commandline/test/browser_cmd_highlight_03.js | took 0ms
16:57:54     INFO - TEST-START | devtools/client/commandline/test/browser_cmd_highlight_04.js
16:57:54     INFO - TEST-SKIP | devtools/client/commandline/test/browser_cmd_highlight_04.js | took 0ms
16:57:54     INFO - TEST-START | devtools/client/commandline/test/browser_cmd_inject.js
16:57:54     INFO - TEST-SKIP | devtools/client/commandline/test/browser_cmd_inject.js | took 0ms
16:57:54     INFO - TEST-START | devtools/client/commandline/test/browser_cmd_jsb.js
16:57:54     INFO - TEST-SKIP | devtools/client/commandline/test/browser_cmd_jsb.js | took 1ms
16:57:54     INFO - TEST-START | devtools/client/commandline/test/browser_cmd_listen.js
16:57:54     INFO - TEST-SKIP | devtools/client/commandline/test/browser_cmd_listen.js | took 0ms
16:57:54     INFO - TEST-START | devtools/client/commandline/test/browser_cmd_measure.js
16:57:54     INFO - TEST-SKIP | devtools/client/commandline/test/browser_cmd_measure.js | took 0ms
16:57:54     INFO - TEST-START | devtools/client/commandline/test/browser_cmd_media.js
16:57:54     INFO - TEST-SKIP | devtools/client/commandline/test/browser_cmd_media.js | took 0ms
16:57:54     INFO - TEST-START | devtools/client/commandline/test/browser_cmd_pagemod_export.js
16:57:54     INFO - TEST-SKIP | devtools/client/commandline/test/browser_cmd_pagemod_export.js | took 1ms
16:57:54     INFO - TEST-START | devtools/client/commandline/test/browser_cmd_paintflashing.js
16:57:54     INFO - TEST-SKIP | devtools/client/commandline/test/browser_cmd_paintflashing.js | took 0ms
16:57:54     INFO - TEST-START | devtools/client/commandline/test/browser_cmd_pref1.js
16:57:54     INFO - TEST-SKIP | devtools/client/commandline/test/browser_cmd_pref1.js | took 0ms
16:57:54     INFO - TEST-START | devtools/client/commandline/test/browser_cmd_pref2.js
16:57:54     INFO - TEST-SKIP | devtools/client/commandline/test/browser_cmd_pref2.js | took 0ms
16:57:54     INFO - TEST-START | devtools/client/commandline/test/browser_cmd_pref3.js
16:57:54     INFO - TEST-SKIP | devtools/client/commandline/test/browser_cmd_pref3.js | took 1ms
16:57:54     INFO - TEST-START | devtools/client/commandline/test/browser_cmd_qsa.js
16:57:54     INFO - TEST-SKIP | devtools/client/commandline/test/browser_cmd_qsa.js | took 0ms
16:57:54     INFO - TEST-START | devtools/client/commandline/test/browser_cmd_restart.js
16:57:54     INFO - TEST-SKIP | devtools/client/commandline/test/browser_cmd_restart.js | took 0ms
16:57:54     INFO - TEST-START | devtools/client/commandline/test/browser_cmd_rulers.js
16:57:54     INFO - TEST-SKIP | devtools/client/commandline/test/browser_cmd_rulers.js | took 0ms
16:57:54     INFO - TEST-START | devtools/client/commandline/test/browser_cmd_settings.js
16:57:54     INFO - TEST-SKIP | devtools/client/commandline/test/browser_cmd_settings.js | took 0ms
16:57:54     INFO - TEST-START | devtools/client/commandline/test/browser_gcli_async.js
16:57:54     INFO - TEST-SKIP | devtools/client/commandline/test/browser_gcli_async.js | took 0ms
16:57:54     INFO - TEST-START | devtools/client/commandline/test/browser_gcli_canon.js
16:57:54     INFO - TEST-SKIP | devtools/client/commandline/test/browser_gcli_canon.js | took 0ms
16:57:54     INFO - TEST-START | devtools/client/commandline/test/browser_gcli_cli1.js
16:57:54     INFO - TEST-SKIP | devtools/client/commandline/test/browser_gcli_cli1.js | took 0ms
16:57:54     INFO - TEST-START | devtools/client/commandline/test/browser_gcli_cli2.js
16:57:54     INFO - TEST-SKIP | devtools/client/commandline/test/browser_gcli_cli2.js | took 0ms
16:57:54     INFO - TEST-START | devtools/client/commandline/test/browser_gcli_completion1.js
16:57:54     INFO - TEST-SKIP | devtools/client/commandline/test/browser_gcli_completion1.js | took 0ms
16:57:54     INFO - TEST-START | devtools/client/commandline/test/browser_gcli_completion2.js
16:57:54     INFO - TEST-SKIP | devtools/client/commandline/test/browser_gcli_completion2.js | took 0ms
16:57:54     INFO - TEST-START | devtools/client/commandline/test/browser_gcli_date.js
16:57:54     INFO - TEST-SKIP | devtools/client/commandline/test/browser_gcli_date.js | took 0ms
16:57:54     INFO - TEST-START | devtools/client/commandline/test/browser_gcli_exec.js
16:57:54     INFO - TEST-SKIP | devtools/client/commandline/test/browser_gcli_exec.js | took 1ms
16:57:54     INFO - TEST-START | devtools/client/commandline/test/browser_gcli_fail.js
16:57:54     INFO - TEST-SKIP | devtools/client/commandline/test/browser_gcli_fail.js | took 0ms
16:57:54     INFO - TEST-START | devtools/client/commandline/test/browser_gcli_file.js
16:57:54     INFO - TEST-SKIP | devtools/client/commandline/test/browser_gcli_file.js | took 0ms
16:57:54     INFO - TEST-START | devtools/client/commandline/test/browser_gcli_focus.js
16:57:54     INFO - TEST-SKIP | devtools/client/commandline/test/browser_gcli_focus.js | took 0ms
16:57:54     INFO - TEST-START | devtools/client/commandline/test/browser_gcli_history.js
16:57:54     INFO - TEST-SKIP | devtools/client/commandline/test/browser_gcli_history.js | took 1ms
16:57:54     INFO - TEST-START | devtools/client/commandline/test/browser_gcli_incomplete.js
16:57:54     INFO - TEST-SKIP | devtools/client/commandline/test/browser_gcli_incomplete.js | took 0ms
16:57:54     INFO - TEST-START | devtools/client/commandline/test/browser_gcli_inputter.js
16:57:54     INFO - TEST-SKIP | devtools/client/commandline/test/browser_gcli_inputter.js | took 0ms
16:57:54     INFO - TEST-START | devtools/client/commandline/test/browser_gcli_intro.js
16:57:54     INFO - TEST-SKIP | devtools/client/commandline/test/browser_gcli_intro.js | took 0ms
16:57:54     INFO - TEST-START | devtools/client/commandline/test/browser_gcli_js.js
16:57:54     INFO - TEST-SKIP | devtools/client/commandline/test/browser_gcli_js.js | took 1ms
16:57:54     INFO - TEST-START | devtools/client/commandline/test/browser_gcli_keyboard1.js
16:57:54     INFO - TEST-SKIP | devtools/client/commandline/test/browser_gcli_keyboard1.js | took 0ms
16:57:54     INFO - TEST-START | devtools/client/commandline/test/browser_gcli_keyboard2.js
16:57:54     INFO - TEST-SKIP | devtools/client/commandline/test/browser_gcli_keyboard2.js | took 0ms
16:57:54     INFO - TEST-START | devtools/client/commandline/test/browser_gcli_keyboard3.js
16:57:54     INFO - TEST-SKIP | devtools/client/commandline/test/browser_gcli_keyboard3.js | took 0ms
16:57:54     INFO - TEST-START | devtools/client/commandline/test/browser_gcli_keyboard4.js
16:57:54     INFO - TEST-SKIP | devtools/client/commandline/test/browser_gcli_keyboard4.js | took 0ms
16:57:54     INFO - TEST-START | devtools/client/commandline/test/browser_gcli_keyboard5.js
16:57:54     INFO - TEST-SKIP | devtools/client/commandline/test/browser_gcli_keyboard5.js | took 0ms
16:57:54     INFO - TEST-START | devtools/client/commandline/test/browser_gcli_menu.js
16:57:54     INFO - TEST-SKIP | devtools/client/commandline/test/browser_gcli_menu.js | took 0ms
16:57:54     INFO - TEST-START | devtools/client/commandline/test/browser_gcli_node.js
16:57:54     INFO - TEST-SKIP | devtools/client/commandline/test/browser_gcli_node.js | took 0ms
16:57:54     INFO - TEST-START | devtools/client/commandline/test/browser_gcli_resource.js
16:57:54     INFO - TEST-SKIP | devtools/client/commandline/test/browser_gcli_resource.js | took 0ms
16:57:54     INFO - TEST-START | devtools/client/commandline/test/browser_gcli_short.js
16:57:54     INFO - TEST-SKIP | devtools/client/commandline/test/browser_gcli_short.js | took 0ms
16:57:54     INFO - TEST-START | devtools/client/commandline/test/browser_gcli_spell.js
16:57:54     INFO - TEST-SKIP | devtools/client/commandline/test/browser_gcli_spell.js | took 0ms
16:57:54     INFO - TEST-START | devtools/client/commandline/test/browser_gcli_split.js
16:57:54     INFO - TEST-SKIP | devtools/client/commandline/test/browser_gcli_split.js | took 0ms
16:57:54     INFO - TEST-START | devtools/client/commandline/test/browser_gcli_tokenize.js
16:57:54     INFO - TEST-SKIP | devtools/client/commandline/test/browser_gcli_tokenize.js | took 0ms
16:57:54     INFO - TEST-START | devtools/client/commandline/test/browser_gcli_tooltip.js
16:57:54     INFO - TEST-SKIP | devtools/client/commandline/test/browser_gcli_tooltip.js | took 0ms
16:57:54     INFO - TEST-START | devtools/client/commandline/test/browser_gcli_types.js
16:57:54     INFO - TEST-SKIP | devtools/client/commandline/test/browser_gcli_types.js | took 0ms
16:57:54     INFO - TEST-START | devtools/client/commandline/test/browser_gcli_union.js
16:57:54     INFO - TEST-SKIP | devtools/client/commandline/test/browser_gcli_union.js | took 0ms
16:57:54     INFO - TEST-START | devtools/client/debugger/new/test/mochitest/browser_dbg-searching.js
16:57:54     INFO - TEST-SKIP | devtools/client/debugger/new/test/mochitest/browser_dbg-searching.js | took 0ms
16:57:54     INFO - TEST-START | devtools/client/debugger/test/mochitest/browser_dbg_addon-modules-unpacked.js
16:57:54     INFO - TEST-SKIP | devtools/client/debugger/test/mochitest/browser_dbg_addon-modules-unpacked.js | took 1ms
16:57:54     INFO - TEST-START | devtools/client/debugger/test/mochitest/browser_dbg_addon-modules.js
16:57:54     INFO - TEST-SKIP | devtools/client/debugger/test/mochitest/browser_dbg_addon-modules.js | took 0ms
16:57:54     INFO - TEST-START | devtools/client/debugger/test/mochitest/browser_dbg_bfcache.js
16:57:54     INFO - TEST-SKIP | devtools/client/debugger/test/mochitest/browser_dbg_bfcache.js | took 0ms
16:57:54     INFO - TEST-START | devtools/client/debugger/test/mochitest/browser_dbg_break-on-dom-event-01.js
16:57:54     INFO - TEST-SKIP | devtools/client/debugger/test/mochitest/browser_dbg_break-on-dom-event-01.js | took 0ms
16:57:54     INFO - TEST-START | devtools/client/debugger/test/mochitest/browser_dbg_break-on-dom-event-02.js
16:57:54     INFO - TEST-SKIP | devtools/client/debugger/test/mochitest/browser_dbg_break-on-dom-event-02.js | took 1ms
16:57:54     INFO - TEST-START | devtools/client/debugger/test/mochitest/browser_dbg_break-on-dom-event-03.js
16:57:54     INFO - TEST-SKIP | devtools/client/debugger/test/mochitest/browser_dbg_break-on-dom-event-03.js | took 0ms
16:57:54     INFO - TEST-START | devtools/client/debugger/test/mochitest/browser_dbg_breakpoints-break-on-last-line-of-script-on-reload.js
16:57:54     INFO - TEST-SKIP | devtools/client/debugger/test/mochitest/browser_dbg_breakpoints-break-on-last-line-of-script-on-reload.js | took 0ms
16:57:54     INFO - TEST-START | devtools/client/debugger/test/mochitest/browser_dbg_breakpoints-disabled-reload.js
16:57:54     INFO - TEST-SKIP | devtools/client/debugger/test/mochitest/browser_dbg_breakpoints-disabled-reload.js | took 0ms
16:57:54     INFO - TEST-START | devtools/client/debugger/test/mochitest/browser_dbg_clean-exit-window.js
16:57:54     INFO - TEST-SKIP | devtools/client/debugger/test/mochitest/browser_dbg_clean-exit-window.js | took 1ms
16:57:54     INFO - TEST-START | devtools/client/debugger/test/mochitest/browser_dbg_clean-exit.js
16:57:54     INFO - TEST-SKIP | devtools/client/debugger/test/mochitest/browser_dbg_clean-exit.js | took 0ms
16:57:54     INFO - TEST-START | devtools/client/debugger/test/mochitest/browser_dbg_cmd-break.js
16:57:54     INFO - TEST-SKIP | devtools/client/debugger/test/mochitest/browser_dbg_cmd-break.js | took 0ms
16:57:55     INFO - TEST-START | devtools/client/debugger/test/mochitest/browser_dbg_cmd-dbg.js
16:57:55     INFO - TEST-SKIP | devtools/client/debugger/test/mochitest/browser_dbg_cmd-dbg.js | took 0ms
16:57:55     INFO - TEST-START | devtools/client/debugger/test/mochitest/browser_dbg_event-listeners-04.js
16:57:55     INFO - TEST-SKIP | devtools/client/debugger/test/mochitest/browser_dbg_event-listeners-04.js | took 1ms
16:57:55     INFO - TEST-START | devtools/client/debugger/test/mochitest/browser_dbg_globalactor.js
16:57:55     INFO - TEST-SKIP | devtools/client/debugger/test/mochitest/browser_dbg_globalactor.js | took 0ms
16:57:55     INFO - TEST-START | devtools/client/debugger/test/mochitest/browser_dbg_hide-toolbar-buttons.js
16:57:55     INFO - TEST-SKIP | devtools/client/debugger/test/mochitest/browser_dbg_hide-toolbar-buttons.js | took 0ms
16:57:55     INFO - TEST-START | devtools/client/debugger/test/mochitest/browser_dbg_iframes.js
16:57:55     INFO - TEST-SKIP | devtools/client/debugger/test/mochitest/browser_dbg_iframes.js | took 0ms
16:57:55     INFO - TEST-START | devtools/client/debugger/test/mochitest/browser_dbg_listtabs-01.js
16:57:55     INFO - TEST-SKIP | devtools/client/debugger/test/mochitest/browser_dbg_listtabs-01.js | took 0ms
16:57:55     INFO - TEST-START | devtools/client/debugger/test/mochitest/browser_dbg_listtabs-02.js
16:57:55     INFO - TEST-SKIP | devtools/client/debugger/test/mochitest/browser_dbg_listtabs-02.js | took 0ms
16:57:55     INFO - TEST-START | devtools/client/debugger/test/mochitest/browser_dbg_location-changes-03-new.js
16:57:55     INFO - TEST-SKIP | devtools/client/debugger/test/mochitest/browser_dbg_location-changes-03-new.js | took 0ms
16:57:55     INFO - TEST-START | devtools/client/debugger/test/mochitest/browser_dbg_location-changes-04-breakpoint.js
16:57:55     INFO - TEST-SKIP | devtools/client/debugger/test/mochitest/browser_dbg_location-changes-04-breakpoint.js | took 0ms
16:57:55     INFO - TEST-START | devtools/client/debugger/test/mochitest/browser_dbg_multiple-windows.js
16:57:55     INFO - TEST-SKIP | devtools/client/debugger/test/mochitest/browser_dbg_multiple-windows.js | took 1ms
16:57:55     INFO -  dir: devtools/client/aboutdebugging/test
16:57:58     INFO -  ImportError: No module named pygtk
16:57:59     INFO -  Setting pipeline to PAUSED ...
16:57:59     INFO -  libv4l2: error getting pixformat: Invalid argument
16:57:59     INFO -  Pipeline is PREROLLING ...
16:58:00     INFO -  Pipeline is PREROLLED ...
16:58:00     INFO -  Setting pipeline to PLAYING ...
16:58:00     INFO -  New clock: GstSystemClock
16:58:00     INFO -  Got EOS from element "pipeline0".
16:58:00     INFO -  Execution ended after 32203830 ns.
16:58:00     INFO -  Setting pipeline to PAUSED ...
16:58:00     INFO -  Setting pipeline to READY ...
16:58:00     INFO -  Setting pipeline to NULL ...
16:58:00     INFO -  Freeing pipeline ...
16:58:00     INFO -  23
16:58:00     INFO -  mozprofile.addons WARNING | Could not install /builds/slave/test/build/tests/mochitest/extensions/mozscreenshots: [Errno 2] No such file or directory: '/builds/slave/test/build/tests/mochitest/extensions/mozscreenshots/install.rdf'
16:58:00     INFO -  pk12util: PKCS12 IMPORT SUCCESSFUL
16:58:00     INFO - MochitestServer : launching [u'/builds/slave/test/build/tests/bin/xpcshell', '-g', '/builds/slave/test/build/application/firefox', '-v', '170', '-f', '/builds/slave/test/build/tests/bin/components/httpd.js', '-e', "const _PROFILE_PATH = '/tmp/tmpqvv9Ec.mozrunner'; const _SERVER_PORT = '8888'; const _SERVER_ADDR = '127.0.0.1'; const _TEST_PREFIX = undefined; const _DISPLAY_RESULTS = false;", '-f', '/builds/slave/test/build/tests/mochitest/server.js']
16:58:00     INFO - runtests.py | Server pid: 2414
16:58:00     INFO - runtests.py | Websocket server pid: 2417
16:58:01     INFO - runtests.py | SSL tunnel pid: 2420
16:58:01     INFO - runtests.py | Running with e10s: True
16:58:01     INFO - runtests.py | Running tests: start.
16:58:01     INFO - 
16:58:01     INFO - Application command: /builds/slave/test/build/application/firefox/firefox -marionette -foreground -profile /tmp/tmpqvv9Ec.mozrunner
16:58:01     INFO - runtests.py | Application pid: 2442
16:58:01     INFO - TEST-INFO | started process Main app process
16:58:04     INFO - 1528502284698	Marionette	INFO	Listening on port 2828
16:58:10     INFO - *** Start BrowserChrome Test Results ***
16:58:10     INFO - checking window state
16:58:10     INFO - TEST-START | devtools/client/aboutdebugging/test/browser_addons_debug_bootstrapped.js
16:58:16     INFO - JavaScript error: resource://gre/modules/XPCOMUtils.jsm, line 191: TypeError: can't redefine non-configurable property "Services"
16:58:21     INFO - JavaScript error: resource://app/modules/BrowserUsageTelemetry.jsm, line 211: NS_ERROR_FAILURE: Component returned failure code: 0x80004005 (NS_ERROR_FAILURE) [nsIObserverService.removeObserver]
16:58:22     INFO - MEMORY STAT vsizeMaxContiguous not supported in this build configuration.
16:58:22     INFO - MEMORY STAT | vsize 2060MB | residentFast 231MB | heapAllocated 106MB
16:58:22     INFO - TEST-OK | devtools/client/aboutdebugging/test/browser_addons_debug_bootstrapped.js | took 12272ms
16:58:23     INFO - checking window state
16:58:23     INFO - TEST-START | devtools/client/aboutdebugging/test/browser_addons_debug_webextension.js
16:58:25     INFO - 1528502305294	addons.webextension.test-devtools-webextension@mozilla.org	WARN	Please specify whether you want browser_style or not in your browser_action options.
16:58:28     INFO - JavaScript error: resource://gre/modules/XPCOMUtils.jsm, line 191: TypeError: can't redefine non-configurable property "Services"
16:58:33     INFO - JavaScript error: resource://app/modules/BrowserUsageTelemetry.jsm, line 211: NS_ERROR_FAILURE: Component returned failure code: 0x80004005 (NS_ERROR_FAILURE) [nsIObserverService.removeObserver]
16:58:35     INFO - MEMORY STAT | vsize 2076MB | residentFast 243MB | heapAllocated 112MB
16:58:35     INFO - TEST-OK | devtools/client/aboutdebugging/test/browser_addons_debug_webextension.js | took 12410ms
16:58:35     INFO - checking window state
16:58:35     INFO - TEST-START | devtools/client/aboutdebugging/test/browser_addons_debug_webextension_inspector.js
16:58:37     INFO - 1528502317372	addons.webextension.test-devtools-webextension@mozilla.org	WARN	Please specify whether you want browser_style or not in your browser_action options.
16:58:40     INFO - JavaScript error: resource://gre/modules/XPCOMUtils.jsm, line 191: TypeError: can't redefine non-configurable property "Services"
16:58:45     INFO - Got a nodeActor
16:58:45     INFO - Got a nodeActor with an inline text child
16:58:45     INFO - Got the expected inline text content in the selected node
16:58:46     INFO - JavaScript error: resource://app/modules/BrowserUsageTelemetry.jsm, line 211: NS_ERROR_FAILURE: Component returned failure code: 0x80004005 (NS_ERROR_FAILURE) [nsIObserverService.removeObserver]
16:58:48     INFO - MEMORY STAT | vsize 2085MB | residentFast 268MB | heapAllocated 126MB
16:58:48     INFO - TEST-OK | devtools/client/aboutdebugging/test/browser_addons_debug_webextension_inspector.js | took 12592ms
16:58:48     INFO - checking window state
16:58:48     INFO - TEST-START | devtools/client/aboutdebugging/test/browser_addons_debug_webextension_nobg.js
16:58:52     INFO - JavaScript error: resource://gre/modules/XPCOMUtils.jsm, line 191: TypeError: can't redefine non-configurable property "Services"
16:58:58     INFO - Got a nodeActor
16:58:58     INFO - Got a nodeActor with an inline text child
16:58:58     INFO - Got the expected inline text content in the selected node
16:58:58     INFO - JavaScript error: resource://app/modules/BrowserUsageTelemetry.jsm, line 211: NS_ERROR_FAILURE: Component returned failure code: 0x80004005 (NS_ERROR_FAILURE) [nsIObserverService.removeObserver]
16:58:59     INFO - Handler function threw an exception: TypeError: threadActor is null
16:58:59     INFO - Stack: _windowReady@resource://gre/modules/commonjs/toolkit/loader.js -> resource://devtools/server/actors/webbrowser.js:1884:1
16:58:59     INFO - _changeTopLevelDocument/<@resource://gre/modules/commonjs/toolkit/loader.js -> resource://devtools/server/actors/webbrowser.js:1822:7
16:58:59     INFO - exports.makeInfallible/<@resource://gre/modules/commonjs/toolkit/loader.js -> resource://devtools/shared/ThreadSafeDevToolsUtils.js:101:14
16:58:59     INFO - Line: 1884, column: 1
16:58:59     INFO - console.error:
16:58:59     INFO -   Handler function threw an exception: TypeError: threadActor is null
16:58:59     INFO - Stack: _windowReady@resource://gre/modules/commonjs/toolkit/loader.js -> resource://devtools/server/actors/webbrowser.js:1884:1
16:58:59     INFO - _changeTopLevelDocument/<@resource://gre/modules/commonjs/toolkit/loader.js -> resource://devtools/server/actors/webbrowser.js:1822:7
16:58:59     INFO - exports.makeInfallible/<@resource://gre/modules/commonjs/toolkit/loader.js -> resource://devtools/shared/ThreadSafeDevToolsUtils.js:101:14
16:58:59     INFO - Line: 1884, column: 1
16:59:01     INFO - MEMORY STAT | vsize 2087MB | residentFast 276MB | heapAllocated 128MB
16:59:01     INFO - TEST-OK | devtools/client/aboutdebugging/test/browser_addons_debug_webextension_nobg.js | took 12646ms
16:59:01     INFO - checking window state
16:59:01     INFO - TEST-START | devtools/client/aboutdebugging/test/browser_addons_debug_webextension_popup.js
16:59:02     INFO - 1528502342770	addons.webextension.test-devtools-webextension@mozilla.org	WARN	Please specify whether you want browser_style or not in your browser_action options.
16:59:05     INFO - JavaScript error: resource://gre/modules/XPCOMUtils.jsm, line 191: TypeError: can't redefine non-configurable property "Services"
16:59:10     INFO - Clicking the noautohide button
16:59:10     INFO - Clicked the noautohide button
16:59:11     INFO - Clicking the frame list button
16:59:11     INFO - Clicked the frame list button
16:59:12     INFO - JavaScript error: resource://app/modules/BrowserUsageTelemetry.jsm, line 211: NS_ERROR_FAILURE: Component returned failure code: 0x80004005 (NS_ERROR_FAILURE) [nsIObserverService.removeObserver]
16:59:13     INFO - MEMORY STAT | vsize 2103MB | residentFast 294MB | heapAllocated 140MB
16:59:13     INFO - TEST-OK | devtools/client/aboutdebugging/test/browser_addons_debug_webextension_popup.js | took 12622ms
16:59:13     INFO - checking window state
16:59:13     INFO - TEST-START | devtools/client/aboutdebugging/test/browser_addons_debugging_initial_state.js
16:59:20     INFO - MEMORY STAT | vsize 2136MB | residentFast 335MB | heapAllocated 157MB
16:59:20     INFO - TEST-OK | devtools/client/aboutdebugging/test/browser_addons_debugging_initial_state.js | took 6898ms
16:59:20     INFO - checking window state
16:59:21     INFO - TEST-START | devtools/client/aboutdebugging/test/browser_addons_install.js
16:59:23     INFO - MEMORY STAT | vsize 2161MB | residentFast 368MB | heapAllocated 183MB
16:59:23     INFO - TEST-OK | devtools/client/aboutdebugging/test/browser_addons_install.js | took 2708ms
16:59:23     INFO - checking window state
16:59:23     INFO - TEST-START | devtools/client/aboutdebugging/test/browser_addons_reload.js
16:59:25     INFO - 1528502365100	addons.xpi	WARN	Addon with ID test-devtools@mozilla.org already installed, older version will be disabled
16:59:26     INFO - 1528502366522	addons.xpi	WARN	Addon with ID test-devtools@mozilla.org already installed, older version will be disabled
16:59:26     INFO - JavaScript error: resource://gre/modules/ExtensionContent.jsm, line 888: TypeError: extension is undefined
16:59:26     INFO - JavaScript error: resource://gre/modules/ExtensionContent.jsm, line 888: TypeError: extension is undefined
16:59:28     INFO - MEMORY STAT | vsize 2194MB | residentFast 401MB | heapAllocated 190MB
16:59:28     INFO - TEST-OK | devtools/client/aboutdebugging/test/browser_addons_reload.js | took 5008ms
16:59:28     INFO - checking window state
16:59:29     INFO - TEST-START | devtools/client/aboutdebugging/test/browser_addons_toggle_debug.js
16:59:30     INFO - MEMORY STAT | vsize 2195MB | residentFast 415MB | heapAllocated 200MB
16:59:30     INFO - TEST-OK | devtools/client/aboutdebugging/test/browser_addons_toggle_debug.js | took 1938ms
16:59:31     INFO - checking window state
16:59:31     INFO - TEST-START | devtools/client/aboutdebugging/test/browser_page_not_found.js
16:59:32     INFO - MEMORY STAT | vsize 2207MB | residentFast 428MB | heapAllocated 208MB
16:59:32     INFO - TEST-OK | devtools/client/aboutdebugging/test/browser_page_not_found.js | took 1768ms
16:59:32     INFO - checking window state
16:59:33     INFO - TEST-START | devtools/client/aboutdebugging/test/browser_service_workers.js
16:59:35     INFO - SW registered
16:59:37     INFO - MEMORY STAT | vsize 2252MB | residentFast 403MB | heapAllocated 181MB
16:59:37     INFO - TEST-OK | devtools/client/aboutdebugging/test/browser_service_workers.js | took 4686ms
16:59:37     INFO - checking window state
16:59:37     INFO - TEST-START | devtools/client/aboutdebugging/test/browser_service_workers_not_compatible.js
16:59:42     INFO - MEMORY STAT | vsize 2283MB | residentFast 414MB | heapAllocated 189MB
16:59:42     INFO - TEST-OK | devtools/client/aboutdebugging/test/browser_service_workers_not_compatible.js | took 4748ms
16:59:42     INFO - checking window state
16:59:42     INFO - TEST-START | devtools/client/aboutdebugging/test/browser_service_workers_push.js
16:59:44     INFO - SW registered
16:59:44     INFO - JavaScript error: http://example.com/browser/devtools/client/aboutdebugging/test/service-workers/push-sw.html, line 16: TypeError: registration.pushManager is undefined
16:59:47     INFO - MEMORY STAT | vsize 2277MB | residentFast 358MB | heapAllocated 154MB
16:59:47     INFO - TEST-OK | devtools/client/aboutdebugging/test/browser_service_workers_push.js | took 4942ms
16:59:47     INFO - checking window state
16:59:47     INFO - TEST-START | devtools/client/aboutdebugging/test/browser_service_workers_push_service.js
16:59:49     INFO - SW registered
16:59:49     INFO - SW subscribed to push: https://fake/endpoint
16:59:51     INFO - MEMORY STAT | vsize 2279MB | residentFast 381MB | heapAllocated 177MB
16:59:51     INFO - TEST-OK | devtools/client/aboutdebugging/test/browser_service_workers_push_service.js | took 3480ms
16:59:51     INFO - checking window state
16:59:51     INFO - TEST-START | devtools/client/aboutdebugging/test/browser_service_workers_start.js
16:59:53     INFO - SW registered
16:59:58     INFO - MEMORY STAT | vsize 2286MB | residentFast 359MB | heapAllocated 153MB
16:59:58     INFO - TEST-OK | devtools/client/aboutdebugging/test/browser_service_workers_start.js | took 6648ms
16:59:58     INFO - checking window state
16:59:58     INFO - TEST-START | devtools/client/aboutdebugging/test/browser_service_workers_status.js
17:00:00     INFO - SW registered
17:00:05     INFO - MEMORY STAT | vsize 2280MB | residentFast 322MB | heapAllocated 137MB
17:00:05     INFO - TEST-OK | devtools/client/aboutdebugging/test/browser_service_workers_status.js | took 7640ms
17:00:05     INFO - checking window state
17:00:05     INFO - TEST-START | devtools/client/aboutdebugging/test/browser_service_workers_unregister.js
17:00:08     INFO - SW registered
17:00:10     INFO - MEMORY STAT | vsize 2286MB | residentFast 333MB | heapAllocated 147MB
17:00:10     INFO - TEST-OK | devtools/client/aboutdebugging/test/browser_service_workers_unregister.js | took 4188ms
17:00:10     INFO - checking window state
17:00:10     INFO - Console message: [JavaScript Error: "error occurred while processing 'getProcess: TypeError: this.transport is null
17:00:10     INFO - Stack: DebuggerServerConnection.prototype._queueResponse/responsePromise<@resource://gre/modules/commonjs/toolkit/loader.js -> resource://devtools/server/main.js:1622:7
17:00:10     INFO - resolve@resource://gre/modules/commonjs/toolkit/loader.js -> resource://devtools/shared/deprecated-sync-thenables.js:40:40
17:00:10     INFO - resolve@resource://gre/modules/commonjs/toolkit/loader.js -> resource://devtools/shared/deprecated-sync-thenables.js:40:40
17:00:10     INFO - then@resource://gre/modules/commonjs/toolkit/loader.js -> resource://devtools/shared/deprecated-sync-thenables.js:20:43
17:00:10     INFO - resolve@resource://gre/modules/commonjs/toolkit/loader.js -> resource://devtools/shared/deprecated-sync-thenables.js:72:11
17:00:10     INFO - resolve@resource://gre/modules/commonjs/toolkit/loader.js -> resource://devtools/shared/deprecated-sync-thenables.js:40:11
17:00:10     INFO - then@resource://gre/modules/commonjs/toolkit/loader.js -> resource://devtools/shared/deprecated-sync-thenables.js:20:43
17:00:10     INFO - resolve@resource://gre/modules/commonjs/toolkit/loader.js -> resource://devtools/shared/deprecated-sync-thenables.js:72:11
17:00:10     INFO - listener@resource://gre/modules/commonjs/toolkit/loader.js -> resource://devtools/server/main.js:743:7
17:00:10     INFO - Line: 1622, column: 7" {file: "resource://gre/modules/commonjs/toolkit/loader.js -> resource://devtools/server/main.js" line: 1606}]
17:00:10     INFO - _unknownError@resource://gre/modules/commonjs/toolkit/loader.js -> resource://devtools/server/main.js:1606:5
17:00:10     INFO - DebuggerServerConnection.prototype._queueResponse/responsePromise<@resource://gre/modules/commonjs/toolkit/loader.js -> resource://devtools/server/main.js:1624:25
17:00:10     INFO - reject@resource://gre/modules/commonjs/toolkit/loader.js -> resource://devtools/shared/deprecated-sync-thenables.js:48:41
17:00:10     INFO - then@resource://gre/modules/commonjs/toolkit/loader.js -> resource://devtools/shared/deprecated-sync-thenables.js:24:51
17:00:10     INFO - resolve@resource://gre/modules/commonjs/toolkit/loader.js -> resource://devtools/shared/deprecated-sync-thenables.js:72:11
17:00:10     INFO - resolve@resource://gre/modules/commonjs/toolkit/loader.js -> resource://devtools/shared/deprecated-sync-thenables.js:42:11
17:00:10     INFO - resolve@resource://gre/modules/commonjs/toolkit/loader.js -> resource://devtools/shared/deprecated-sync-thenables.js:40:40
17:00:10     INFO - then@resource://gre/modules/commonjs/toolkit/loader.js -> resource://devtools/shared/deprecated-sync-thenables.js:20:43
17:00:10     INFO - resolve@resource://gre/modules/commonjs/toolkit/loader.js -> resource://devtools/shared/deprecated-sync-thenables.js:72:11
17:00:10     INFO - resolve@resource://gre/modules/commonjs/toolkit/loader.js -> resource://devtools/shared/deprecated-sync-thenables.js:40:11
17:00:10     INFO - then@resource://gre/modules/commonjs/toolkit/loader.js -> resource://devtools/shared/deprecated-sync-thenables.js:20:43
17:00:10     INFO - resolve@resource://gre/modules/commonjs/toolkit/loader.js -> resource://devtools/shared/deprecated-sync-thenables.js:72:11
17:00:10     INFO - listener@resource://gre/modules/commonjs/toolkit/loader.js -> resource://devtools/server/main.js:743:7
17:00:10     INFO - 
17:00:18     INFO - Completed ShutdownLeaks collections in process 2496
17:00:19     INFO - Completed ShutdownLeaks collections in process 2442
17:00:19     INFO - TEST-START | Shutdown
17:00:19     INFO - Browser Chrome Test Summary
17:00:19     INFO - Passed:  130
17:00:19     INFO - Failed:  0
17:00:19     INFO - Todo:    0
17:00:19     INFO - Mode:    e10s
17:00:19     INFO - *** End BrowserChrome Test Results ***
17:00:20     INFO - TEST-INFO | Main app process: exit 0
17:00:20     INFO - runtests.py | Application ran for: 0:02:19.394090
17:00:20     INFO - zombiecheck | Reading PID log: /tmp/tmpHJJXGfpidlog
17:00:20     INFO - ==> process 2442 launched child process 2463
17:00:20     INFO - ==> process 2442 launched child process 2496
17:00:20     INFO - ==> process 2533 launched child process 2554
17:00:20     INFO - ==> process 2584 launched child process 2604
17:00:20     INFO - ==> process 2634 launched child process 2654
17:00:20     INFO - ==> process 2685 launched child process 2705
17:00:20     INFO - ==> process 2735 launched child process 2755
17:00:20     INFO - zombiecheck | Checking for orphan process with PID: 2463
17:00:20     INFO - zombiecheck | Checking for orphan process with PID: 2496
17:00:20     INFO - zombiecheck | Checking for orphan process with PID: 2554
17:00:20     INFO - zombiecheck | Checking for orphan process with PID: 2604
17:00:20     INFO - zombiecheck | Checking for orphan process with PID: 2654
17:00:20     INFO - zombiecheck | Checking for orphan process with PID: 2705
17:00:20     INFO - zombiecheck | Checking for orphan process with PID: 2755
17:00:20     INFO - Stopping web server
17:00:20     INFO - Stopping web socket server
17:00:20     INFO - Stopping ssltunnel
17:00:20  WARNING - leakcheck | refcount logging is off, so leaks can't be detected!
17:00:20     INFO - runtests.py | Running tests: end.
17:00:21     INFO - Buffered messages finished
17:00:21     INFO -  dir: devtools/client/animationinspector/test
17:00:21     INFO -  Setting pipeline to PAUSED ...
17:00:21     INFO -  Pipeline is PREROLLING ...
17:00:21     INFO -  Pipeline is PREROLLED ...
17:00:21     INFO -  Setting pipeline to PLAYING ...
17:00:21     INFO -  New clock: GstSystemClock
17:00:21     INFO -  Got EOS from element "pipeline0".
17:00:21     INFO -  Execution ended after 32648247 ns.
17:00:21     INFO -  Setting pipeline to PAUSED ...
17:00:21     INFO -  Setting pipeline to READY ...
17:00:21     INFO -  Setting pipeline to NULL ...
17:00:21     INFO -  Freeing pipeline ...
17:00:21     INFO -  mozprofile.addons WARNING | Could not install /builds/slave/test/build/tests/mochitest/extensions/mozscreenshots: [Errno 2] No such file or directory: '/builds/slave/test/build/tests/mochitest/extensions/mozscreenshots/install.rdf'
17:00:21     INFO -  pk12util: PKCS12 IMPORT SUCCESSFUL
17:00:21     INFO - MochitestServer : launching [u'/builds/slave/test/build/tests/bin/xpcshell', '-g', '/builds/slave/test/build/application/firefox', '-v', '170', '-f', '/builds/slave/test/build/tests/bin/components/httpd.js', '-e', "const _PROFILE_PATH = '/tmp/tmpYgPTWc.mozrunner'; const _SERVER_PORT = '8888'; const _SERVER_ADDR = '127.0.0.1'; const _TEST_PREFIX = undefined; const _DISPLAY_RESULTS = false;", '-f', '/builds/slave/test/build/tests/mochitest/server.js']
17:00:21     INFO - runtests.py | Server pid: 2838
17:00:21     INFO - runtests.py | Websocket server pid: 2841
17:00:21     INFO - runtests.py | SSL tunnel pid: 2844
17:00:22     INFO - runtests.py | Running with e10s: True
17:00:22     INFO - runtests.py | Running tests: start.
17:00:22     INFO - 
17:00:22     INFO - Application command: /builds/slave/test/build/application/firefox/firefox -marionette -foreground -profile /tmp/tmpYgPTWc.mozrunner
17:00:22     INFO - runtests.py | Application pid: 2866
17:00:22     INFO - TEST-INFO | started process Main app process
17:00:25     INFO - 1528502425560	Marionette	INFO	Listening on port 2828
17:00:31     INFO - *** Start BrowserChrome Test Results ***
17:00:31     INFO - checking window state
17:00:31     INFO - TEST-START | devtools/client/animationinspector/test/browser_animation_animated_properties_displayed.js
17:00:44     INFO - MEMORY STAT vsizeMaxContiguous not supported in this build configuration.
17:00:44     INFO - MEMORY STAT | vsize 2088MB | residentFast 289MB | heapAllocated 154MB
17:00:44     INFO - TEST-OK | devtools/client/animationinspector/test/browser_animation_animated_properties_displayed.js | took 12772ms
17:00:44     INFO - checking window state
17:00:44     INFO - TEST-START | devtools/client/animationinspector/test/browser_animation_click_selects_animation.js
17:00:57     INFO - MEMORY STAT | vsize 2111MB | residentFast 300MB | heapAllocated 158MB
17:00:57     INFO - TEST-OK | devtools/client/animationinspector/test/browser_animation_click_selects_animation.js | took 12902ms
17:00:57     INFO - checking window state
17:00:57     INFO - TEST-START | devtools/client/animationinspector/test/browser_animation_empty_on_invalid_nodes.js
17:01:14     INFO - MEMORY STAT | vsize 2097MB | residentFast 275MB | heapAllocated 135MB
17:01:14     INFO - TEST-OK | devtools/client/animationinspector/test/browser_animation_empty_on_invalid_nodes.js | took 17086ms
17:01:14     INFO - checking window state
17:01:14     INFO - TEST-START | devtools/client/animationinspector/test/browser_animation_keyframe_click_to_set_time.js
17:01:20     INFO - MEMORY STAT | vsize 2099MB | residentFast 294MB | heapAllocated 152MB
17:01:20     INFO - TEST-OK | devtools/client/animationinspector/test/browser_animation_keyframe_click_to_set_time.js | took 5598ms
17:01:20     INFO - checking window state
17:01:20     INFO - TEST-START | devtools/client/animationinspector/test/browser_animation_keyframe_markers.js
17:01:27     INFO - MEMORY STAT | vsize 2103MB | residentFast 297MB | heapAllocated 156MB
17:01:27     INFO - TEST-OK | devtools/client/animationinspector/test/browser_animation_keyframe_markers.js | took 7086ms
17:01:27     INFO - checking window state
17:01:27     INFO - TEST-START | devtools/client/animationinspector/test/browser_animation_mutations_with_same_names.js
17:01:32     INFO - MEMORY STAT | vsize 2105MB | residentFast 306MB | heapAllocated 158MB
17:01:32     INFO - TEST-OK | devtools/client/animationinspector/test/browser_animation_mutations_with_same_names.js | took 5208ms
17:01:32     INFO - checking window state
17:01:33     INFO - TEST-START | devtools/client/animationinspector/test/browser_animation_panel_exists.js
17:01:36     INFO - MEMORY STAT | vsize 2110MB | residentFast 324MB | heapAllocated 170MB
17:01:36     INFO - TEST-OK | devtools/client/animationinspector/test/browser_animation_panel_exists.js | took 3260ms
17:01:36     INFO - checking window state
17:01:36     INFO - TEST-START | devtools/client/animationinspector/test/browser_animation_participate_in_inspector_update.js
17:01:49     INFO - MEMORY STAT | vsize 2129MB | residentFast 323MB | heapAllocated 163MB
17:01:49     INFO - TEST-OK | devtools/client/animationinspector/test/browser_animation_participate_in_inspector_update.js | took 13572ms
17:01:50     INFO - checking window state
17:01:50     INFO - TEST-START | devtools/client/animationinspector/test/browser_animation_playerFronts_are_refreshed.js
17:02:10     INFO - MEMORY STAT | vsize 2167MB | residentFast 294MB | heapAllocated 142MB
17:02:10     INFO - TEST-OK | devtools/client/animationinspector/test/browser_animation_playerFronts_are_refreshed.js | took 20456ms
17:02:10     INFO - checking window state
17:02:10     INFO - TEST-START | devtools/client/animationinspector/test/browser_animation_playerWidgets_appear_on_panel_init.js
17:02:15     INFO - MEMORY STAT | vsize 2173MB | residentFast 305MB | heapAllocated 152MB
17:02:15     INFO - TEST-OK | devtools/client/animationinspector/test/browser_animation_playerWidgets_appear_on_panel_init.js | took 5162ms
17:02:15     INFO - checking window state
17:02:15     INFO - TEST-START | devtools/client/animationinspector/test/browser_animation_playerWidgets_target_nodes.js

command interrupted, attempting to kill
process killed by signal 9
program finished with exit code -1
elapsedTime=565.310775
The web-page 'stop build' button was pressed by 'rvandermeulen@mozilla.com': Cancelled via self-serve
========= master_lag: 0.03 =========
========= Finished '/tools/buildbot/bin/python scripts/scripts/desktop_unittest.py ...' interrupted (results: 4, elapsed: 9 mins, 25 secs) (at 2018-06-08 17:02:26.433568) =========

========= Started 'bash -c ...' interrupted (results: 4, elapsed: 0 secs) (at 2018-06-08 17:02:26.439493) =========
bash -c 'for file in `ls -1`; do cat $file; done'
 in dir /builds/slave/test/properties (timeout 1200 secs)
 watching logfiles {}
 argv: ['bash', '-c', 'for file in `ls -1`; do cat $file; done']
 environment:
  HOME=/home/cltbld
  LANG=en_US.UTF-8
  LOGNAME=cltbld
  MAIL=/var/mail/cltbld
  NODE_PATH=/usr/lib/nodejs:/usr/lib/node_modules:/usr/share/javascript
  PATH=/usr/local/bin:/usr/local/bin:/usr/bin:/bin:/usr/local/games:/usr/games
  PWD=/builds/slave/test/properties
  SHELL=/bin/bash
  SHLVL=1
  TERM=linux
  TMOUT=86400
  USER=cltbld
  XDG_SESSION_COOKIE=9ca12473fbb1d023794ffd180000023c-1528501974.228532-196966555
  _=/tools/buildbot/bin/python
 using PTY: False

command interrupted, attempting to kill
process killed by signal 9
program finished with exit code -1
elapsedTime=0.079653
The web-page 'stop build' button was pressed by 'rvandermeulen@mozilla.com': Cancelled via self-serve

========= master_lag: 0.01 =========
========= Finished 'bash -c ...' interrupted (results: 4, elapsed: 0 secs) (at 2018-06-08 17:02:26.532733) =========

========= Started 'rm -f ...' (results: 0, elapsed: 0 secs) (at 2018-06-08 17:02:26.533260) =========
rm -f oauth.txt
 in dir /builds/slave/test/. (timeout 1200 secs)
 watching logfiles {}
 argv: ['rm', '-f', 'oauth.txt']
 environment:
  HOME=/home/cltbld
  LANG=en_US.UTF-8
  LOGNAME=cltbld
  MAIL=/var/mail/cltbld
  NODE_PATH=/usr/lib/nodejs:/usr/lib/node_modules:/usr/share/javascript
  PATH=/usr/local/bin:/usr/local/bin:/usr/bin:/bin:/usr/local/games:/usr/games
  PWD=/builds/slave/test
  SHELL=/bin/bash
  SHLVL=1
  TERM=linux
  TMOUT=86400
  USER=cltbld
  XDG_SESSION_COOKIE=9ca12473fbb1d023794ffd180000023c-1528501974.228532-196966555
  _=/tools/buildbot/bin/python
 using PTY: False
program finished with exit code 0
elapsedTime=0.103730
========= master_lag: 0.03 =========
========= Finished 'rm -f ...' (results: 0, elapsed: 0 secs) (at 2018-06-08 17:02:26.668579) =========

========= Started reboot skipped (results: 3, elapsed: 0 secs) (at 2018-06-08 17:02:26.669078) =========
========= Finished reboot skipped (results: 3, elapsed: 0 secs) (at 2018-06-08 17:02:26.669508) =========

========= Total master_lag: 0.15 =========

