builder: mozilla-esr52_ubuntu64_vm_test_pgo-mochitest-gpu
slave: tst-linux64-spot-020
starttime: 1528502120.44
results: success (0)
buildid: 20180608150819
builduid: b298b373e93d4f8dbf92436c9ed838a2
revision: cbfdf01aac455e0591471201c96b89dee98190b5

========= Started set props: master (results: 0, elapsed: 0 secs) (at 2018-06-08 16:55:20.443006) =========
master: http://buildbot-master52.bb.releng.use1.mozilla.com:8201/
========= Finished set props: master (results: 0, elapsed: 0 secs) (at 2018-06-08 16:55:20.443443) =========

========= Started downloading to buildprops.json (results: 0, elapsed: 0 secs) (at 2018-06-08 16:55:20.443741) =========
========= Finished downloading to buildprops.json (results: 0, elapsed: 0 secs) (at 2018-06-08 16:55:20.600194) =========

========= Started 'bash -c ...' (results: 0, elapsed: 0 secs) (at 2018-06-08 16:55:20.600511) =========
bash -c 'wget -Oarchiver_client.py --no-check-certificate --tries=10 --waitretry=3 https://hg.mozilla.org/build/tools/raw-file/default/buildfarm/utils/archiver_client.py'
 in dir /builds/slave/test/. (timeout 1200 secs)
 watching logfiles {}
 argv: ['bash', '-c', 'wget -Oarchiver_client.py --no-check-certificate --tries=10 --waitretry=3 https://hg.mozilla.org/build/tools/raw-file/default/buildfarm/utils/archiver_client.py']
 environment:
  HOME=/home/cltbld
  LANG=en_US.UTF-8
  LOGNAME=cltbld
  MAIL=/var/mail/cltbld
  NODE_PATH=/usr/lib/nodejs:/usr/lib/node_modules:/usr/share/javascript
  PATH=/usr/local/bin:/usr/local/bin:/usr/bin:/bin:/usr/local/games:/usr/games
  PWD=/builds/slave/test
  SHELL=/bin/bash
  SHLVL=1
  TERM=linux
  TMOUT=86400
  USER=cltbld
  XDG_SESSION_COOKIE=9ca12473fbb1d023794ffd180000023c-1528502117.227300-36580333
  _=/tools/buildbot/bin/python
 using PTY: False
--2018-06-08 16:55:20--  https://hg.mozilla.org/build/tools/raw-file/default/buildfarm/utils/archiver_client.py
Resolving hg.mozilla.org (hg.mozilla.org)... 63.245.215.102, 63.245.215.25
Connecting to hg.mozilla.org (hg.mozilla.org)|63.245.215.102|:443... connected.
HTTP request sent, awaiting response... 200 Script output follows
Length: 12179 (12K) [text/x-python]
Saving to: `archiver_client.py'

     0K .......... .                                          100% 7.69M=0.002s

2018-06-08 16:55:21 (7.69 MB/s) - `archiver_client.py' saved [12179/12179]

program finished with exit code 0
elapsedTime=0.566405
========= master_lag: 0.01 =========
========= Finished 'bash -c ...' (results: 0, elapsed: 0 secs) (at 2018-06-08 16:55:21.181331) =========

========= Started 'rm -rf ...' (results: 0, elapsed: 0 secs) (at 2018-06-08 16:55:21.181669) =========
rm -rf scripts properties
 in dir /builds/slave/test/. (timeout 1200 secs)
 watching logfiles {}
 argv: ['rm', '-rf', 'scripts', 'properties']
 environment:
  HOME=/home/cltbld
  LANG=en_US.UTF-8
  LOGNAME=cltbld
  MAIL=/var/mail/cltbld
  NODE_PATH=/usr/lib/nodejs:/usr/lib/node_modules:/usr/share/javascript
  PATH=/usr/local/bin:/usr/local/bin:/usr/bin:/bin:/usr/local/games:/usr/games
  PWD=/builds/slave/test
  SHELL=/bin/bash
  SHLVL=1
  TERM=linux
  TMOUT=86400
  USER=cltbld
  XDG_SESSION_COOKIE=9ca12473fbb1d023794ffd180000023c-1528502117.227300-36580333
  _=/tools/buildbot/bin/python
 using PTY: False
program finished with exit code 0
elapsedTime=0.020123
========= master_lag: 0.04 =========
========= Finished 'rm -rf ...' (results: 0, elapsed: 0 secs) (at 2018-06-08 16:55:21.244675) =========

========= Started 'bash -c ...' (results: 0, elapsed: 2 secs) (at 2018-06-08 16:55:21.245059) =========
bash -c 'python archiver_client.py mozharness --repo releases/mozilla-esr52 --rev cbfdf01aac455e0591471201c96b89dee98190b5 --destination scripts --debug'
 in dir /builds/slave/test/. (timeout 1200 secs)
 watching logfiles {}
 argv: ['bash', '-c', u'python archiver_client.py mozharness --repo releases/mozilla-esr52 --rev cbfdf01aac455e0591471201c96b89dee98190b5 --destination scripts --debug']
 environment:
  HOME=/home/cltbld
  LANG=en_US.UTF-8
  LOGNAME=cltbld
  MAIL=/var/mail/cltbld
  NODE_PATH=/usr/lib/nodejs:/usr/lib/node_modules:/usr/share/javascript
  PATH=/usr/local/bin:/usr/local/bin:/usr/bin:/bin:/usr/local/games:/usr/games
  PWD=/builds/slave/test
  SHELL=/bin/bash
  SHLVL=1
  TERM=linux
  TMOUT=86400
  USER=cltbld
  XDG_SESSION_COOKIE=9ca12473fbb1d023794ffd180000023c-1528502117.227300-36580333
  _=/tools/buildbot/bin/python
 using PTY: False
2018-06-08 16:55:21,359 truncating revision to first 12 chars
2018-06-08 16:55:21,360 Setting DEBUG logging.
2018-06-08 16:55:21,360 attempt 1/10
2018-06-08 16:55:21,361 Getting archive location from https://api.pub.build.mozilla.org/archiver/hgmo/releases/mozilla-esr52/cbfdf01aac45?&preferred_region=us-west-2&suffix=tar.gz&subdir=testing/mozharness
2018-06-08 16:55:22,492 unpacking tar archive at: mozilla-esr52-cbfdf01aac45/testing/mozharness/
program finished with exit code 0
elapsedTime=2.004930
========= master_lag: 0.01 =========
========= Finished 'bash -c ...' (results: 0, elapsed: 2 secs) (at 2018-06-08 16:55:23.262707) =========

========= Started set props: script_repo_revision (results: 0, elapsed: 0 secs) (at 2018-06-08 16:55:23.263052) =========
script_repo_revision: cbfdf01aac455e0591471201c96b89dee98190b5
========= Finished set props: script_repo_revision (results: 0, elapsed: 0 secs) (at 2018-06-08 16:55:23.263455) =========

========= Started downloading to oauth.txt (results: 0, elapsed: 0 secs) (at 2018-06-08 16:55:23.263743) =========
========= Finished downloading to oauth.txt (results: 0, elapsed: 0 secs) (at 2018-06-08 16:55:23.274068) =========

========= Started '/tools/buildbot/bin/python scripts/scripts/desktop_unittest.py ...' (results: 0, elapsed: 6 mins, 59 secs) (at 2018-06-08 16:55:23.274347) =========
/tools/buildbot/bin/python scripts/scripts/desktop_unittest.py --cfg unittests/linux_unittest.py --mochitest-suite plain-gpu,chrome-gpu,browser-chrome-gpu --blob-upload-branch mozilla-esr52 --download-symbols ondemand
 in dir /builds/slave/test/. (timeout 1800 secs) (maxTime 7200 secs)
 watching logfiles {}
 argv: ['/tools/buildbot/bin/python', 'scripts/scripts/desktop_unittest.py', '--cfg', 'unittests/linux_unittest.py', '--mochitest-suite', 'plain-gpu,chrome-gpu,browser-chrome-gpu', '--blob-upload-branch', 'mozilla-esr52', '--download-symbols', 'ondemand']
 environment:
  CCACHE_DIR=/builds/ccache
  CCACHE_UMASK=002
  DISPLAY=:0
  HOME=/home/cltbld
  LANG=en_US.UTF-8
  LOGNAME=cltbld
  MAIL=/var/mail/cltbld
  MOZ_HIDE_RESULTS_TABLE=1
  MOZ_NODE_PATH=/usr/bin/node
  MOZ_NO_REMOTE=1
  NODE_PATH=/usr/lib/nodejs:/usr/lib/node_modules:/usr/share/javascript
  NO_FAIL_ON_TEST_ERRORS=1
  PATH=/usr/local/bin:/usr/local/bin:/usr/bin:/bin:/usr/local/games:/usr/games
  PROPERTIES_FILE=/builds/slave/test/buildprops.json
  PWD=/builds/slave/test
  SHELL=/bin/bash
  SHLVL=1
  TERM=linux
  TMOUT=86400
  USER=cltbld
  XDG_SESSION_COOKIE=9ca12473fbb1d023794ffd180000023c-1528502117.227300-36580333
  _=/tools/buildbot/bin/python
 using PTY: False
16:55:23     INFO - MultiFileLogger online at 20180608 16:55:23 in /builds/slave/test
16:55:23     INFO - Run as scripts/scripts/desktop_unittest.py --cfg unittests/linux_unittest.py --mochitest-suite plain-gpu,chrome-gpu,browser-chrome-gpu --blob-upload-branch mozilla-esr52 --download-symbols ondemand
16:55:23     INFO - Dumping config to /builds/slave/test/logs/localconfig.json.
16:55:23     INFO - {'all_cppunittest_suites': {'cppunittest': {'tests': ('tests/cppunittest',)}},
16:55:23     INFO -  'all_gtest_suites': {'gtest': ()},
16:55:23     INFO -  'all_jittest_suites': {'jittest': (),
16:55:23     INFO -                         'jittest-chunked': (),
16:55:23     INFO -                         'jittest1': ('--total-chunks=2', '--this-chunk=1'),
16:55:23     INFO -                         'jittest2': ('--total-chunks=2', '--this-chunk=2')},
16:55:23     INFO -  'all_mochitest_suites': {'a11y': ('--flavor=a11y',),
16:55:23     INFO -                           'browser-chrome': ('--flavor=browser',),
16:55:23     INFO -                           'browser-chrome-addons': ('--flavor=browser',
16:55:23     INFO -                                                     '--chunk-by-runtime',
16:55:23     INFO -                                                     '--tag=addons'),
16:55:23     INFO -                           'browser-chrome-chunked': ('--flavor=browser',
16:55:23     INFO -                                                      '--chunk-by-runtime'),
16:55:23     INFO -                           'browser-chrome-clipboard': ('--flavor=browser',
16:55:23     INFO -                                                        '--subsuite=clipboard'),
16:55:23     INFO -                           'browser-chrome-coverage': ('--flavor=browser',
16:55:23     INFO -                                                       '--chunk-by-runtime',
16:55:23     INFO -                                                       '--timeout=1200'),
16:55:23     INFO -                           'browser-chrome-gpu': ('--flavor=browser',
16:55:23     INFO -                                                  '--subsuite=gpu'),
16:55:23     INFO -                           'browser-chrome-screenshots': ('--flavor=browser',
16:55:23     INFO -                                                          '--subsuite=screenshots'),
16:55:23     INFO -                           'chrome': ('--flavor=chrome',),
16:55:23     INFO -                           'chrome-chunked': ('--flavor=chrome',
16:55:23     INFO -                                              '--chunk-by-dir=4'),
16:55:23     INFO -                           'chrome-clipboard': ('--flavor=chrome',
16:55:23     INFO -                                                '--subsuite=clipboard'),
16:55:23     INFO -                           'chrome-gpu': ('--flavor=chrome', '--subsuite=gpu'),
16:55:23     INFO -                           'jetpack-addon': ('--flavor=jetpack-addon',),
16:55:23     INFO -                           'jetpack-package': ('--flavor=jetpack-package',),
16:55:23     INFO -                           'jetpack-package-clipboard': ('--flavor=jetpack-package',
16:55:23     INFO -                                                         '--subsuite=clipboard'),
16:55:23     INFO -                           'mochitest-devtools-chrome': ('--flavor=browser',
16:55:23     INFO -                                                         '--subsuite=devtools'),
16:55:23     INFO -                           'mochitest-devtools-chrome-chunked': ('--flavor=browser',
16:55:23     INFO -                                                                 '--subsuite=devtools',
16:55:23     INFO -                                                                 '--chunk-by-runtime'),
16:55:23     INFO -                           'mochitest-devtools-chrome-coverage': ('--flavor=browser',
16:55:23     INFO -                                                                  '--subsuite=devtools',
16:55:23     INFO -                                                                  '--chunk-by-runtime',
16:55:23     INFO -                                                                  '--timeout=1200'),
16:55:23     INFO -                           'mochitest-gl': ('--subsuite=webgl',),
16:55:23     INFO -                           'mochitest-media': ('--subsuite=media',),
16:55:23     INFO -                           'plain': (),
16:55:23     INFO -                           'plain-chunked': ('--chunk-by-dir=4',),
16:55:23     INFO -                           'plain-clipboard': ('--subsuite=clipboard',),
16:55:23     INFO -                           'plain-gpu': ('--subsuite=gpu',),
16:55:23     INFO -                           'valgrind-plain': ('--valgrind=/usr/bin/valgrind',
16:55:23     INFO -                                              '--valgrind-supp-files=/builds/slave/test/build/tests/mochitest/x86_64-redhat-linux-gnu.sup,/builds/slave/test/build/tests/mochitest/cross-architecture.sup',
16:55:23     INFO -                                              '--timeout=900',
16:55:23     INFO -                                              '--max-timeouts=50')},
16:55:23     INFO -  'all_mozbase_suites': {'mozbase': ()},
16:55:23     INFO -  'all_reftest_suites': {'crashtest': {'options': ('--suite=crashtest',),
16:55:23     INFO -                                       'tests': ('tests/reftest/tests/testing/crashtest/crashtests.list',)},
16:55:23     INFO -                         'jsreftest': {'options': ('--extra-profile-file=tests/jsreftest/tests/user.js',
16:55:23     INFO -                                                   '--suite=jstestbrowser'),
16:55:23     INFO -                                       'tests': ('tests/jsreftest/tests/jstests.list',)},
16:55:23     INFO -                         'reftest': {'options': ('--suite=reftest',),
16:55:23     INFO -                                     'tests': ('tests/reftest/tests/layout/reftests/reftest.list',)},
16:55:23     INFO -                         'reftest-no-accel': {'options': ('--suite=reftest',
16:55:23     INFO -                                                          '--setpref=layers.acceleration.force-enabled=disabled'),
16:55:23     INFO -                                              'tests': ('tests/reftest/tests/layout/reftests/reftest.list',)}},
16:55:23     INFO -  'all_xpcshell_suites': {'xpcshell': {'options': ('--xpcshell=%(abs_app_dir)s/xpcshell',
16:55:23     INFO -                                                   '--manifest=tests/xpcshell/tests/xpcshell.ini'),
16:55:23     INFO -                                       'tests': ()},
16:55:23     INFO -                          'xpcshell-addons': {'options': ('--xpcshell=%(abs_app_dir)s/xpcshell',
16:55:23     INFO -                                                          '--tag=addons',
16:55:23     INFO -                                                          '--manifest=tests/xpcshell/tests/xpcshell.ini'),
16:55:23     INFO -                                              'tests': ()},
16:55:23     INFO -                          'xpcshell-coverage': {'options': ('--xpcshell=%(abs_app_dir)s/xpcshell',
16:55:23     INFO -                                                            '--manifest=tests/xpcshell/tests/xpcshell.ini'),
16:55:23     INFO -                                                'tests': ()}},
16:55:23     INFO -  'allow_software_gl_layers': False,
16:55:23     INFO -  'append_to_log': False,
16:55:23     INFO -  'base_work_dir': '/builds/slave/test',
16:55:23     INFO -  'binary_path': '/builds/slave/test/build/application/firefox/firefox-bin',
16:55:23     INFO -  'blob_upload_branch': 'mozilla-esr52',
16:55:23     INFO -  'blob_uploader_auth_file': '/builds/slave/test/oauth.txt',
16:55:23     INFO -  'buildbot_json_path': 'buildprops.json',
16:55:23     INFO -  'buildbot_max_log_size': 52428800,
16:55:23     INFO -  'code_coverage': False,
16:55:23     INFO -  'config_files': ('unittests/linux_unittest.py',),
16:55:23     INFO -  'default_blob_upload_servers': ('https://blobupload.elasticbeanstalk.com',),
16:55:23     INFO -  'download_minidump_stackwalk': True,
16:55:23     INFO -  'download_nodejs': True,
16:55:23     INFO -  'download_symbols': 'ondemand',
16:55:23     INFO -  'e10s': False,
16:55:23     INFO -  'exe_suffix': '',
16:55:23     INFO -  'exes': {'python': '/tools/buildbot/bin/python',
16:55:23     INFO -           'tooltool.py': '/tools/tooltool.py',
16:55:23     INFO -           'virtualenv': ('/tools/buildbot/bin/python',
16:55:23     INFO -                          '/tools/misc-python/virtualenv.py')},
16:55:23     INFO -  'find_links': ('http://pypi.pvt.build.mozilla.org/pub',
16:55:23     INFO -                 'http://pypi.pub.build.mozilla.org/pub'),
16:55:23     INFO -  'installer_path': '/builds/slave/test/build/installer.tar.bz2',
16:55:23     INFO -  'log_level': 'info',
16:55:23     INFO -  'log_to_console': True,
16:55:23     INFO -  'minidump_save_path': '%(abs_work_dir)s/../minidumps',
16:55:23     INFO -  'minidump_stackwalk_path': 'linux64-minidump_stackwalk',
16:55:23     INFO -  'minidump_tooltool_manifest_path': 'config/tooltool-manifests/linux64/releng.manifest',
16:55:23     INFO -  'minimum_tests_zip_dirs': ('bin/*',
16:55:23     INFO -                             'certs/*',
16:55:23     INFO -                             'config/*',
16:55:23     INFO -                             'mach',
16:55:23     INFO -                             'marionette/*',
16:55:23     INFO -                             'modules/*',
16:55:23     INFO -                             'mozbase/*',
16:55:23     INFO -                             'tools/*'),
16:55:23     INFO -  'no_random': False,
16:55:23     INFO -  'nodejs_path': 'node-linux-x64/bin/node',
16:55:23     INFO -  'nodejs_tooltool_manifest_path': 'config/tooltool-manifests/linux64/nodejs.manifest',
16:55:23     INFO -  'opt_config_files': (),
16:55:23     INFO -  'pip_index': False,
16:55:23     INFO -  'preflight_run_cmd_suites': ({'architectures': ('32bit', '64bit'),
16:55:23     INFO -                                'cmd': ('xset', 's', 'off', 's', 'reset'),
16:55:23     INFO -                                'enabled': True,
16:55:23     INFO -                                'halt_on_failure': False,
16:55:23     INFO -                                'name': 'disable_screen_saver'},
16:55:23     INFO -                               {'architectures': ('32bit',),
16:55:23     INFO -                                'cmd': ('python',
16:55:23     INFO -                                        '../scripts/external_tools/mouse_and_screen_resolution.py',
16:55:23     INFO -                                        '--configuration-file',
16:55:23     INFO -                                        '../scripts/external_tools/machine-configuration.json'),
16:55:23     INFO -                                'enabled': False,
16:55:23     INFO -                                'halt_on_failure': True,
16:55:23     INFO -                                'name': 'run mouse & screen adjustment script'}),
16:55:23     INFO -  'require_test_zip': True,
16:55:23     INFO -  'run_all_suites': False,
16:55:23     INFO -  'run_cmd_checks_enabled': True,
16:55:23     INFO -  'run_file_names': {'cppunittest': 'runcppunittests.py',
16:55:23     INFO -                     'gtest': 'rungtests.py',
16:55:23     INFO -                     'jittest': 'jit_test.py',
16:55:23     INFO -                     'mochitest': 'runtests.py',
16:55:23     INFO -                     'mozbase': 'test.py',
16:55:23     INFO -                     'mozmill': 'runtestlist.py',
16:55:23     INFO -                     'reftest': 'runreftest.py',
16:55:23     INFO -                     'xpcshell': 'runxpcshelltests.py'},
16:55:23     INFO -  'specific_tests_zip_dirs': {'cppunittest': ('cppunittest/*',),
16:55:23     INFO -                              'gtest': ('gtest/*',),
16:55:23     INFO -                              'jittest': ('jit-test/*',),
16:55:23     INFO -                              'mochitest': ('mochitest/*',),
16:55:23     INFO -                              'mozbase': ('mozbase/*',),
16:55:23     INFO -                              'mozmill': ('mozmill/*',),
16:55:23     INFO -                              'reftest': ('reftest/*', 'jsreftest/*'),
16:55:23     INFO -                              'xpcshell': ('xpcshell/*',)},
16:55:23     INFO -  'specified_mochitest_suites': ('plain-gpu',
16:55:23     INFO -                                 'chrome-gpu',
16:55:23     INFO -                                 'browser-chrome-gpu'),
16:55:23     INFO -  'strict_content_sandbox': False,
16:55:23     INFO -  'suite_definitions': {'cppunittest': {'options': ('--symbols-path=%(symbols_path)s',
16:55:23     INFO -                                                    '--xre-path=%(abs_app_dir)s'),
16:55:23     INFO -                                        'run_filename': 'runcppunittests.py',
16:55:23     INFO -                                        'testsdir': 'cppunittest'},
16:55:23     INFO -                        'gtest': {'options': ('--xre-path=%(abs_res_dir)s',
16:55:23     INFO -                                              '--cwd=%(gtest_dir)s',
16:55:23     INFO -                                              '--symbols-path=%(symbols_path)s',
16:55:23     INFO -                                              '--utility-path=tests/bin',
16:55:23     INFO -                                              '%(binary_path)s'),
16:55:23     INFO -                                  'run_filename': 'rungtests.py'},
16:55:23     INFO -                        'jittest': {'options': ('tests/bin/js',
16:55:23     INFO -                                                '--no-slow',
16:55:23     INFO -                                                '--no-progress',
16:55:23     INFO -                                                '--format=automation',
16:55:23     INFO -                                                '--jitflags=all',
16:55:23     INFO -                                                '--timeout=970'),
16:55:23     INFO -                                    'run_filename': 'jit_test.py',
16:55:23     INFO -                                    'run_timeout': 1000,
16:55:23     INFO -                                    'testsdir': 'jit-test/jit-test'},
16:55:23     INFO -                        'mochitest': {'options': ('--appname=%(binary_path)s',
16:55:23     INFO -                                                  '--utility-path=tests/bin',
16:55:23     INFO -                                                  '--extra-profile-file=tests/bin/plugins',
16:55:23     INFO -                                                  '--symbols-path=%(symbols_path)s',
16:55:23     INFO -                                                  '--certificate-path=tests/certs',
16:55:23     INFO -                                                  '--setpref=webgl.force-enabled=true',
16:55:23     INFO -                                                  '--quiet',
16:55:23     INFO -                                                  '--log-raw=%(raw_log_file)s',
16:55:23     INFO -                                                  '--log-errorsummary=%(error_summary_file)s',
16:55:23     INFO -                                                  '--use-test-media-devices',
16:55:23     INFO -                                                  '--screenshot-on-fail',
16:55:23     INFO -                                                  '--cleanup-crashes',
16:55:23     INFO -                                                  '--marionette-startup-timeout=180'),
16:55:23     INFO -                                      'run_filename': 'runtests.py',
16:55:23     INFO -                                      'testsdir': 'mochitest'},
16:55:23     INFO -                        'mozbase': {'options': ('-b', '%(binary_path)s'),
16:55:23     INFO -                                    'run_filename': 'test.py',
16:55:23     INFO -                                    'testsdir': 'mozbase'},
16:55:23     INFO -                        'mozmill': {'options': ('--binary=%(binary_path)s',
16:55:23     INFO -                                                '--testing-modules-dir=test/modules',
16:55:23     INFO -                                                '--plugins-path=%(test_plugin_path)s',
16:55:23     INFO -                                                '--symbols-path=%(symbols_path)s'),
16:55:23     INFO -                                    'run_filename': 'runtestlist.py',
16:55:23     INFO -                                    'testsdir': 'mozmill'},
16:55:23     INFO -                        'reftest': {'options': ('--appname=%(binary_path)s',
16:55:23     INFO -                                                '--utility-path=tests/bin',
16:55:23     INFO -                                                '--extra-profile-file=tests/bin/plugins',
16:55:23     INFO -                                                '--symbols-path=%(symbols_path)s',
16:55:23     INFO -                                                '--log-raw=%(raw_log_file)s',
16:55:23     INFO -                                                '--log-errorsummary=%(error_summary_file)s',
16:55:23     INFO -                                                '--cleanup-crashes'),
16:55:23     INFO -                                    'run_filename': 'runreftest.py',
16:55:23     INFO -                                    'testsdir': 'reftest'},
16:55:23     INFO -                        'xpcshell': {'options': ('--symbols-path=%(symbols_path)s',
16:55:23     INFO -                                                 '--test-plugin-path=%(test_plugin_path)s',
16:55:23     INFO -                                                 '--log-raw=%(raw_log_file)s',
16:55:23     INFO -                                                 '--log-errorsummary=%(error_summary_file)s',
16:55:23     INFO -                                                 '--utility-path=tests/bin'),
16:55:23     INFO -                                     'run_filename': 'runxpcshelltests.py',
16:55:23     INFO -                                     'testsdir': 'xpcshell'}},
16:55:23     INFO -  'tooltool_cache': '/builds/tooltool_cache',
16:55:23     INFO -  'unstructured_flavors': {'cppunittest': (),
16:55:23     INFO -                           'gtest': (),
16:55:23     INFO -                           'jittest': (),
16:55:23     INFO -                           'mochitest': ('jetpack',),
16:55:23     INFO -                           'mozbase': (),
16:55:23     INFO -                           'mozmill': (),
16:55:23     INFO -                           'xpcshell': ()},
16:55:23     INFO -  'vcs_output_timeout': 1000,
16:55:23     INFO -  'virtualenv_path': 'venv',
16:55:23     INFO -  'volatile_config': {'actions': None, 'add_actions': None, 'no_actions': None},
16:55:23     INFO -  'work_dir': 'build',
16:55:23     INFO -  'xpcshell_name': 'xpcshell'}
16:55:23     INFO - [mozharness: 2018-06-08 23:55:23.669023Z] Running clobber step.
16:55:23     INFO - Running pre-action listener: _resource_record_pre_action
16:55:23     INFO - Running main action method: clobber
16:55:23     INFO - rmtree: /builds/slave/test/build
16:55:23     INFO - Running post-action listener: _resource_record_post_action
16:55:23     INFO - [mozharness: 2018-06-08 23:55:23.684483Z] Finished clobber step (success)
16:55:23     INFO - [mozharness: 2018-06-08 23:55:23.684921Z] Running read-buildbot-config step.
16:55:23     INFO - Running pre-action listener: _resource_record_pre_action
16:55:23     INFO - Running main action method: read_buildbot_config
16:55:23     INFO - Using buildbot properties:
16:55:23     INFO - {
16:55:23     INFO -     "project": "", 
16:55:23     INFO -     "product": "firefox", 
16:55:23     INFO -     "script_repo_revision": "production", 
16:55:23     INFO -     "scheduler": "tests-mozilla-esr52-ubuntu64_vm-pgo-unittest", 
16:55:23     INFO -     "repository": "", 
16:55:23     INFO -     "buildername": "Ubuntu VM 12.04 x64 mozilla-esr52 pgo test mochitest-gpu", 
16:55:23     INFO -     "buildid": "20180608150819", 
16:55:23     INFO -     "pgo_build": "True", 
16:55:23     INFO -     "basedir": "/builds/slave/test", 
16:55:23     INFO -     "buildnumber": 5, 
16:55:23     INFO -     "slavename": "tst-linux64-spot-020", 
16:55:23     INFO -     "master": "http://buildbot-master52.bb.releng.use1.mozilla.com:8201/", 
16:55:23     INFO -     "platform": "linux64", 
16:55:23     INFO -     "branch": "mozilla-esr52", 
16:55:23     INFO -     "revision": "cbfdf01aac455e0591471201c96b89dee98190b5", 
16:55:23     INFO -     "repo_path": "releases/mozilla-esr52", 
16:55:23     INFO -     "moz_repo_path": "", 
16:55:23     INFO -     "stage_platform": "linux64-pgo", 
16:55:23     INFO -     "builduid": "b298b373e93d4f8dbf92436c9ed838a2", 
16:55:23     INFO -     "slavebuilddir": "test"
16:55:23     INFO - }
16:55:23     INFO - Found installer url https://queue.taskcluster.net/v1/task/I1iAdq48Sa60c5BCPWswkg/artifacts/public/build/firefox-52.8.2.en-US.linux-x86_64.tar.bz2.
16:55:23     INFO - Found a test packages url https://queue.taskcluster.net/v1/task/I1iAdq48Sa60c5BCPWswkg/artifacts/public/build/firefox-52.8.2.en-US.linux-x86_64.test_packages.json.
16:55:23     INFO - Running post-action listener: _resource_record_post_action
16:55:23     INFO - [mozharness: 2018-06-08 23:55:23.695836Z] Finished read-buildbot-config step (success)
16:55:23     INFO - [mozharness: 2018-06-08 23:55:23.696247Z] Running download-and-extract step.
16:55:23     INFO - Running pre-action listener: _pre_download_and_extract
16:55:23  WARNING - Try message not found.
16:55:23     INFO - Running pre-action listener: _resource_record_pre_action
16:55:23     INFO - Running main action method: download_and_extract
16:55:23     INFO - mkdir: /builds/slave/test/build/tests
16:55:23     INFO - Downloading https://queue.taskcluster.net/v1/task/I1iAdq48Sa60c5BCPWswkg/artifacts/public/build/firefox-52.8.2.en-US.linux-x86_64.test_packages.json to /builds/slave/test/build/firefox-52.8.2.en-US.linux-x86_64.test_packages.json
16:55:23     INFO - retry: Calling _download_file with args: (), kwargs: {'url': 'https://queue.taskcluster.net/v1/task/I1iAdq48Sa60c5BCPWswkg/artifacts/public/build/firefox-52.8.2.en-US.linux-x86_64.test_packages.json', 'file_name': '/builds/slave/test/build/firefox-52.8.2.en-US.linux-x86_64.test_packages.json'}, attempt #1
16:55:25     INFO - Downloaded 1361 bytes.
16:55:25     INFO - Reading from file /builds/slave/test/build/firefox-52.8.2.en-US.linux-x86_64.test_packages.json
16:55:25     INFO - Using the following test package requirements:
16:55:25     INFO - {u'common': [u'firefox-52.8.2.en-US.linux-x86_64.common.tests.zip'],
16:55:25     INFO -  u'cppunittest': [u'firefox-52.8.2.en-US.linux-x86_64.common.tests.zip',
16:55:25     INFO -                   u'firefox-52.8.2.en-US.linux-x86_64.cppunittest.tests.zip'],
16:55:25     INFO -  u'gtest': [u'firefox-52.8.2.en-US.linux-x86_64.common.tests.zip',
16:55:25     INFO -             u'firefox-52.8.2.en-US.linux-x86_64.gtest.tests.zip'],
16:55:25     INFO -  u'jittest': [u'firefox-52.8.2.en-US.linux-x86_64.common.tests.zip',
16:55:25     INFO -               u'jsshell-linux-x86_64.zip'],
16:55:25     INFO -  u'mochitest': [u'firefox-52.8.2.en-US.linux-x86_64.common.tests.zip',
16:55:25     INFO -                 u'firefox-52.8.2.en-US.linux-x86_64.mochitest.tests.zip'],
16:55:25     INFO -  u'mozbase': [u'firefox-52.8.2.en-US.linux-x86_64.common.tests.zip'],
16:55:25     INFO -  u'reftest': [u'firefox-52.8.2.en-US.linux-x86_64.common.tests.zip',
16:55:25     INFO -               u'firefox-52.8.2.en-US.linux-x86_64.reftest.tests.zip'],
16:55:25     INFO -  u'talos': [u'firefox-52.8.2.en-US.linux-x86_64.common.tests.zip',
16:55:25     INFO -             u'firefox-52.8.2.en-US.linux-x86_64.talos.tests.zip'],
16:55:25     INFO -  u'web-platform': [u'firefox-52.8.2.en-US.linux-x86_64.common.tests.zip',
16:55:25     INFO -                    u'firefox-52.8.2.en-US.linux-x86_64.web-platform.tests.zip'],
16:55:25     INFO -  u'xpcshell': [u'firefox-52.8.2.en-US.linux-x86_64.common.tests.zip',
16:55:25     INFO -                u'firefox-52.8.2.en-US.linux-x86_64.xpcshell.tests.zip']}
16:55:25     INFO - Downloading packages: [u'firefox-52.8.2.en-US.linux-x86_64.common.tests.zip', u'firefox-52.8.2.en-US.linux-x86_64.mochitest.tests.zip'] for test suite category: mochitest
16:55:25     INFO - Adding 'mozinfo.json' for extraction from common.tests zip file
16:55:25     INFO - Downloading and extracting to /builds/slave/test/build/tests these dirs bin/*, certs/*, config/*, mach, marionette/*, modules/*, mozbase/*, tools/*, mochitest/*, mozinfo.json from https://queue.taskcluster.net/v1/task/I1iAdq48Sa60c5BCPWswkg/artifacts/public/build/firefox-52.8.2.en-US.linux-x86_64.common.tests.zip
16:55:25     INFO - retry: Calling fetch_url_into_memory with args: (), kwargs: {'url': u'https://queue.taskcluster.net/v1/task/I1iAdq48Sa60c5BCPWswkg/artifacts/public/build/firefox-52.8.2.en-US.linux-x86_64.common.tests.zip'}, attempt #1
16:55:25     INFO - Fetch https://queue.taskcluster.net/v1/task/I1iAdq48Sa60c5BCPWswkg/artifacts/public/build/firefox-52.8.2.en-US.linux-x86_64.common.tests.zip into memory
16:55:26     INFO - Http code: 200
16:55:26     INFO - via: 1.1 68e4011ca1c00bec92bb202e1ddce131.cloudfront.net (CloudFront)
16:55:26     INFO - x-amz-cf-id: loDCorsardHAPBYoeEIeExF8nC9lspxurqtiigQ1NyKry4fzlVXUxA==
16:55:26     INFO - x-amz-version-id: amyEguiG3.NEsCgIpfpr7ojoc30OcAP5
16:55:28     INFO - Expected file size: 22192748
16:55:28     INFO - Obtained file size: 22192748
16:55:30     INFO - Downloading and extracting to /builds/slave/test/build/tests these dirs bin/*, certs/*, config/*, mach, marionette/*, modules/*, mozbase/*, tools/*, mochitest/*, mozinfo.json from https://queue.taskcluster.net/v1/task/I1iAdq48Sa60c5BCPWswkg/artifacts/public/build/firefox-52.8.2.en-US.linux-x86_64.mochitest.tests.zip
16:55:30     INFO - retry: Calling fetch_url_into_memory with args: (), kwargs: {'url': u'https://queue.taskcluster.net/v1/task/I1iAdq48Sa60c5BCPWswkg/artifacts/public/build/firefox-52.8.2.en-US.linux-x86_64.mochitest.tests.zip'}, attempt #1
16:55:30     INFO - Fetch https://queue.taskcluster.net/v1/task/I1iAdq48Sa60c5BCPWswkg/artifacts/public/build/firefox-52.8.2.en-US.linux-x86_64.mochitest.tests.zip into memory
16:55:32     INFO - Http code: 200
16:55:32     INFO - via: 1.1 939ea9d62ec616846d41b16cea0dc65b.cloudfront.net (CloudFront)
16:55:32     INFO - x-amz-cf-id: 0xYhuWKIx7M5WjpzNhoJ-L_cWTmdj7u76JC5raNQuy54TBK-8FDuKw==
16:55:32     INFO - x-amz-version-id: pVaLoGmwkPIw3WqAG.TA2Gozslw06heL
16:55:37     INFO - Expected file size: 80595071
16:55:37     INFO - Obtained file size: 80595071
16:55:56     INFO - Downloading https://queue.taskcluster.net/v1/task/I1iAdq48Sa60c5BCPWswkg/artifacts/public/build/firefox-52.8.2.en-US.linux-x86_64.tar.bz2 to /builds/slave/test/build/installer.tar.bz2
16:55:56     INFO - retry: Calling _download_file with args: (), kwargs: {'url': 'https://queue.taskcluster.net/v1/task/I1iAdq48Sa60c5BCPWswkg/artifacts/public/build/firefox-52.8.2.en-US.linux-x86_64.tar.bz2', 'file_name': '/builds/slave/test/build/installer.tar.bz2'}, attempt #1
16:56:06     INFO - Downloaded 57821935 bytes.
16:56:06     INFO - Setting buildbot property build_url to https://queue.taskcluster.net/v1/task/I1iAdq48Sa60c5BCPWswkg/artifacts/public/build/firefox-52.8.2.en-US.linux-x86_64.tar.bz2
16:56:06     INFO - mkdir: /builds/slave/test/properties
16:56:06     INFO - Writing buildbot properties ['build_url'] to /builds/slave/test/properties/build_url
16:56:06     INFO - Writing to file /builds/slave/test/properties/build_url
16:56:06     INFO - Contents:
16:56:06     INFO -  build_url:https://queue.taskcluster.net/v1/task/I1iAdq48Sa60c5BCPWswkg/artifacts/public/build/firefox-52.8.2.en-US.linux-x86_64.tar.bz2
16:56:07     INFO - Running post-action listener: _resource_record_post_action
16:56:07     INFO - Running post-action listener: set_extra_try_arguments
16:56:07     INFO - [mozharness: 2018-06-08 23:56:07.699649Z] Finished download-and-extract step (success)
16:56:07     INFO - [mozharness: 2018-06-08 23:56:07.700085Z] Running create-virtualenv step.
16:56:07     INFO - Running pre-action listener: _install_mozbase
16:56:07     INFO - Running pre-action listener: _pre_create_virtualenv
16:56:07     INFO - Running pre-action listener: _resource_record_pre_action
16:56:07     INFO - Running main action method: create_virtualenv
16:56:07     INFO - Creating virtualenv /builds/slave/test/build/venv
16:56:07     INFO - Running command: ['/tools/buildbot/bin/python', '/builds/slave/test/scripts/external_tools/virtualenv/virtualenv.py', '--always-copy', '/builds/slave/test/build/venv'] in /builds/slave/test/build
16:56:07     INFO - Copy/paste: /tools/buildbot/bin/python /builds/slave/test/scripts/external_tools/virtualenv/virtualenv.py --always-copy /builds/slave/test/build/venv
16:56:07     INFO - Using partial env: {'VIRTUALENV_NO_DOWNLOAD': '1'}
16:56:09     INFO -  Using real prefix '/usr'
16:56:09     INFO -  New python executable in /builds/slave/test/build/venv/bin/python
16:56:12     INFO -  Installing setuptools, pip, wheel...done.
16:56:12     INFO - Return code: 0
16:56:12     INFO - Installing psutil>=3.1.1 into virtualenv /builds/slave/test/build/venv
16:56:12     INFO - retry: Calling run_command with args: [['/builds/slave/test/build/venv/bin/pip', 'install', '--timeout', '120', '--no-index', '--find-links', 'http://pypi.pvt.build.mozilla.org/pub', '--find-links', 'http://pypi.pub.build.mozilla.org/pub', '--trusted-host', 'pypi.pub.build.mozilla.org', '--trusted-host', 'pypi.pvt.build.mozilla.org', 'psutil>=3.1.1']], kwargs: {'error_level': 'warning', 'error_list': [{'substr': 'not found or a compiler error:', 'level': 'warning'}, {'regex': <_sre.SRE_Pattern object at 0x7fed0d211110>, 'level': 'error'}, {'regex': <_sre.SRE_Pattern object at 0x7fed0d319e40>, 'level': 'warning'}, {'regex': <_sre.SRE_Pattern object at 0x231a3e0>, 'level': 'debug'}, {'substr': 'command not found', 'level': 'error'}, {'regex': <_sre.SRE_Pattern object at 0x2316a90>, 'level': 'warning'}, {'substr': 'Traceback (most recent call last)', 'level': 'error'}, {'substr': 'SyntaxError: ', 'level': 'error'}, {'substr': 'TypeError: ', 'level': 'error'}, {'substr': 'NameError: ', 'level': 'error'}, {'substr': 'ZeroDivisionError: ', 'level': 'error'}, {'regex': <_sre.SRE_Pattern object at 0x23183f0>, 'level': 'critical'}, {'regex': <_sre.SRE_Pattern object at 0x2318670>, 'level': 'critical'}], 'cwd': '/builds/slave/test/build', 'env': {'TMOUT': '86400', 'LOGNAME': 'cltbld', 'USER': 'cltbld', 'HOME': '/home/cltbld', 'PATH': '/usr/local/bin:/usr/local/bin:/usr/bin:/bin:/usr/local/games:/usr/games', 'DISPLAY': ':0', 'CCACHE_UMASK': '002', 'LANG': 'en_US.UTF-8', 'TERM': 'linux', 'SHELL': '/bin/bash', 'MOZ_NODE_PATH': '/usr/bin/node', 'XDG_SESSION_COOKIE': '9ca12473fbb1d023794ffd180000023c-1528502117.227300-36580333', 'SHLVL': '1', 'NO_FAIL_ON_TEST_ERRORS': '1', 'MOZ_NO_REMOTE': '1', 'MOZ_HIDE_RESULTS_TABLE': '1', 'MAIL': '/var/mail/cltbld', '_': '/tools/buildbot/bin/python', 'NODE_PATH': '/usr/lib/nodejs:/usr/lib/node_modules:/usr/share/javascript', 'PWD': '/builds/slave/test', 'PROPERTIES_FILE': '/builds/slave/test/buildprops.json', 'CCACHE_DIR': '/builds/ccache'}}, attempt #1
16:56:12     INFO - Running command: ['/builds/slave/test/build/venv/bin/pip', 'install', '--timeout', '120', '--no-index', '--find-links', 'http://pypi.pvt.build.mozilla.org/pub', '--find-links', 'http://pypi.pub.build.mozilla.org/pub', '--trusted-host', 'pypi.pub.build.mozilla.org', '--trusted-host', 'pypi.pvt.build.mozilla.org', 'psutil>=3.1.1'] in /builds/slave/test/build
16:56:12     INFO - Copy/paste: /builds/slave/test/build/venv/bin/pip install --timeout 120 --no-index --find-links http://pypi.pvt.build.mozilla.org/pub --find-links http://pypi.pub.build.mozilla.org/pub --trusted-host pypi.pub.build.mozilla.org --trusted-host pypi.pvt.build.mozilla.org psutil>=3.1.1
16:56:12     INFO - Using env: {'CCACHE_DIR': '/builds/ccache',
16:56:12     INFO -  'CCACHE_UMASK': '002',
16:56:12     INFO -  'DISPLAY': ':0',
16:56:12     INFO -  'HOME': '/home/cltbld',
16:56:12     INFO -  'LANG': 'en_US.UTF-8',
16:56:12     INFO -  'LOGNAME': 'cltbld',
16:56:12     INFO -  'MAIL': '/var/mail/cltbld',
16:56:12     INFO -  'MOZ_HIDE_RESULTS_TABLE': '1',
16:56:12     INFO -  'MOZ_NODE_PATH': '/usr/bin/node',
16:56:12     INFO -  'MOZ_NO_REMOTE': '1',
16:56:12     INFO -  'NODE_PATH': '/usr/lib/nodejs:/usr/lib/node_modules:/usr/share/javascript',
16:56:12     INFO -  'NO_FAIL_ON_TEST_ERRORS': '1',
16:56:12     INFO -  'PATH': '/usr/local/bin:/usr/local/bin:/usr/bin:/bin:/usr/local/games:/usr/games',
16:56:12     INFO -  'PROPERTIES_FILE': '/builds/slave/test/buildprops.json',
16:56:12     INFO -  'PWD': '/builds/slave/test',
16:56:12     INFO -  'SHELL': '/bin/bash',
16:56:12     INFO -  'SHLVL': '1',
16:56:12     INFO -  'TERM': 'linux',
16:56:12     INFO -  'TMOUT': '86400',
16:56:12     INFO -  'USER': 'cltbld',
16:56:12     INFO -  'XDG_SESSION_COOKIE': '9ca12473fbb1d023794ffd180000023c-1528502117.227300-36580333',
16:56:12     INFO -  '_': '/tools/buildbot/bin/python'}
16:56:13     INFO -  Ignoring indexes: https://pypi.python.org/simple
16:56:13     INFO -  Collecting psutil>=3.1.1
16:56:13     INFO -  /builds/slave/test/build/venv/lib/python2.7/site-packages/pip/_vendor/requests/packages/urllib3/util/ssl_.py:318: SNIMissingWarning: An HTTPS request has been made, but the SNI (Subject Name Indication) extension to TLS is not available on this platform. This may cause the server to present an incorrect TLS certificate, which can cause validation failures. You can upgrade to a newer version of Python to solve this. For more information, see https://urllib3.readthedocs.org/en/latest/security.html#snimissingwarning.
16:56:13     INFO -    SNIMissingWarning
16:56:13     INFO -  /builds/slave/test/build/venv/lib/python2.7/site-packages/pip/_vendor/requests/packages/urllib3/util/ssl_.py:122: InsecurePlatformWarning: A true SSLContext object is not available. This prevents urllib3 from configuring SSL appropriately and may cause certain SSL connections to fail. You can upgrade to a newer version of Python to solve this. For more information, see https://urllib3.readthedocs.org/en/latest/security.html#insecureplatformwarning.
16:56:13     INFO -    InsecurePlatformWarning
16:56:16     INFO -  /builds/slave/test/build/venv/lib/python2.7/site-packages/pip/_vendor/requests/packages/urllib3/util/ssl_.py:122: InsecurePlatformWarning: A true SSLContext object is not available. This prevents urllib3 from configuring SSL appropriately and may cause certain SSL connections to fail. You can upgrade to a newer version of Python to solve this. For more information, see https://urllib3.readthedocs.org/en/latest/security.html#insecureplatformwarning.
16:56:16     INFO -    InsecurePlatformWarning
16:56:21     INFO -    Downloading https://pypi.pvt.build.mozilla.org/pub/psutil-5.4.3.tar.gz (412kB)
16:56:22     INFO -  Building wheels for collected packages: psutil
16:56:22     INFO -    Running setup.py bdist_wheel for psutil: started
16:56:24     INFO -    Running setup.py bdist_wheel for psutil: finished with status 'done'
16:56:24     INFO -    Stored in directory: /home/cltbld/.cache/pip/wheels/30/c0/c3/5cdb2b64c0d47a81af9c62935a64d83948d2c2b3e7af3eeee2
16:56:25     INFO -  Successfully built psutil
16:56:25     INFO -  Installing collected packages: psutil
16:56:25     INFO -  Successfully installed psutil-5.4.3
16:56:25     INFO - Return code: 0
16:56:25     INFO - Installing mozsystemmonitor==0.3 into virtualenv /builds/slave/test/build/venv
16:56:25     INFO - retry: Calling run_command with args: [['/builds/slave/test/build/venv/bin/pip', 'install', '--timeout', '120', '--no-index', '--find-links', 'http://pypi.pvt.build.mozilla.org/pub', '--find-links', 'http://pypi.pub.build.mozilla.org/pub', '--trusted-host', 'pypi.pub.build.mozilla.org', '--trusted-host', 'pypi.pvt.build.mozilla.org', 'mozsystemmonitor==0.3']], kwargs: {'error_level': 'warning', 'error_list': [{'substr': 'not found or a compiler error:', 'level': 'warning'}, {'regex': <_sre.SRE_Pattern object at 0x7fed0d211110>, 'level': 'error'}, {'regex': <_sre.SRE_Pattern object at 0x7fed0d319e40>, 'level': 'warning'}, {'regex': <_sre.SRE_Pattern object at 0x231a3e0>, 'level': 'debug'}, {'substr': 'command not found', 'level': 'error'}, {'regex': <_sre.SRE_Pattern object at 0x2316a90>, 'level': 'warning'}, {'substr': 'Traceback (most recent call last)', 'level': 'error'}, {'substr': 'SyntaxError: ', 'level': 'error'}, {'substr': 'TypeError: ', 'level': 'error'}, {'substr': 'NameError: ', 'level': 'error'}, {'substr': 'ZeroDivisionError: ', 'level': 'error'}, {'regex': <_sre.SRE_Pattern object at 0x23183f0>, 'level': 'critical'}, {'regex': <_sre.SRE_Pattern object at 0x2318670>, 'level': 'critical'}], 'cwd': '/builds/slave/test/build', 'env': {'TMOUT': '86400', 'LOGNAME': 'cltbld', 'USER': 'cltbld', 'HOME': '/home/cltbld', 'PATH': '/usr/local/bin:/usr/local/bin:/usr/bin:/bin:/usr/local/games:/usr/games', 'DISPLAY': ':0', 'CCACHE_UMASK': '002', 'LANG': 'en_US.UTF-8', 'TERM': 'linux', 'SHELL': '/bin/bash', 'MOZ_NODE_PATH': '/usr/bin/node', 'XDG_SESSION_COOKIE': '9ca12473fbb1d023794ffd180000023c-1528502117.227300-36580333', 'SHLVL': '1', 'NO_FAIL_ON_TEST_ERRORS': '1', 'MOZ_NO_REMOTE': '1', 'MOZ_HIDE_RESULTS_TABLE': '1', 'MAIL': '/var/mail/cltbld', '_': '/tools/buildbot/bin/python', 'NODE_PATH': '/usr/lib/nodejs:/usr/lib/node_modules:/usr/share/javascript', 'PWD': '/builds/slave/test', 'PROPERTIES_FILE': '/builds/slave/test/buildprops.json', 'CCACHE_DIR': '/builds/ccache'}}, attempt #1
16:56:25     INFO - Running command: ['/builds/slave/test/build/venv/bin/pip', 'install', '--timeout', '120', '--no-index', '--find-links', 'http://pypi.pvt.build.mozilla.org/pub', '--find-links', 'http://pypi.pub.build.mozilla.org/pub', '--trusted-host', 'pypi.pub.build.mozilla.org', '--trusted-host', 'pypi.pvt.build.mozilla.org', 'mozsystemmonitor==0.3'] in /builds/slave/test/build
16:56:25     INFO - Copy/paste: /builds/slave/test/build/venv/bin/pip install --timeout 120 --no-index --find-links http://pypi.pvt.build.mozilla.org/pub --find-links http://pypi.pub.build.mozilla.org/pub --trusted-host pypi.pub.build.mozilla.org --trusted-host pypi.pvt.build.mozilla.org mozsystemmonitor==0.3
16:56:25     INFO - Using env: {'CCACHE_DIR': '/builds/ccache',
16:56:25     INFO -  'CCACHE_UMASK': '002',
16:56:25     INFO -  'DISPLAY': ':0',
16:56:25     INFO -  'HOME': '/home/cltbld',
16:56:25     INFO -  'LANG': 'en_US.UTF-8',
16:56:25     INFO -  'LOGNAME': 'cltbld',
16:56:25     INFO -  'MAIL': '/var/mail/cltbld',
16:56:25     INFO -  'MOZ_HIDE_RESULTS_TABLE': '1',
16:56:25     INFO -  'MOZ_NODE_PATH': '/usr/bin/node',
16:56:25     INFO -  'MOZ_NO_REMOTE': '1',
16:56:25     INFO -  'NODE_PATH': '/usr/lib/nodejs:/usr/lib/node_modules:/usr/share/javascript',
16:56:25     INFO -  'NO_FAIL_ON_TEST_ERRORS': '1',
16:56:25     INFO -  'PATH': '/usr/local/bin:/usr/local/bin:/usr/bin:/bin:/usr/local/games:/usr/games',
16:56:25     INFO -  'PROPERTIES_FILE': '/builds/slave/test/buildprops.json',
16:56:25     INFO -  'PWD': '/builds/slave/test',
16:56:25     INFO -  'SHELL': '/bin/bash',
16:56:25     INFO -  'SHLVL': '1',
16:56:25     INFO -  'TERM': 'linux',
16:56:25     INFO -  'TMOUT': '86400',
16:56:25     INFO -  'USER': 'cltbld',
16:56:25     INFO -  'XDG_SESSION_COOKIE': '9ca12473fbb1d023794ffd180000023c-1528502117.227300-36580333',
16:56:25     INFO -  '_': '/tools/buildbot/bin/python'}
16:56:26     INFO -  Ignoring indexes: https://pypi.python.org/simple
16:56:26     INFO -  Collecting mozsystemmonitor==0.3
16:56:26     INFO -  /builds/slave/test/build/venv/lib/python2.7/site-packages/pip/_vendor/requests/packages/urllib3/util/ssl_.py:318: SNIMissingWarning: An HTTPS request has been made, but the SNI (Subject Name Indication) extension to TLS is not available on this platform. This may cause the server to present an incorrect TLS certificate, which can cause validation failures. You can upgrade to a newer version of Python to solve this. For more information, see https://urllib3.readthedocs.org/en/latest/security.html#snimissingwarning.
16:56:26     INFO -    SNIMissingWarning
16:56:26     INFO -  /builds/slave/test/build/venv/lib/python2.7/site-packages/pip/_vendor/requests/packages/urllib3/util/ssl_.py:122: InsecurePlatformWarning: A true SSLContext object is not available. This prevents urllib3 from configuring SSL appropriately and may cause certain SSL connections to fail. You can upgrade to a newer version of Python to solve this. For more information, see https://urllib3.readthedocs.org/en/latest/security.html#insecureplatformwarning.
16:56:26     INFO -    InsecurePlatformWarning
16:56:28     INFO -  /builds/slave/test/build/venv/lib/python2.7/site-packages/pip/_vendor/requests/packages/urllib3/util/ssl_.py:122: InsecurePlatformWarning: A true SSLContext object is not available. This prevents urllib3 from configuring SSL appropriately and may cause certain SSL connections to fail. You can upgrade to a newer version of Python to solve this. For more information, see https://urllib3.readthedocs.org/en/latest/security.html#insecureplatformwarning.
16:56:28     INFO -    InsecurePlatformWarning
16:56:33     INFO -    Downloading https://pypi.pvt.build.mozilla.org/pub/mozsystemmonitor-0.3.tar.gz
16:56:34     INFO -  Requirement already satisfied (use --upgrade to upgrade): psutil>=3.1.1 in ./venv/lib/python2.7/site-packages (from mozsystemmonitor==0.3)
16:56:34     INFO -  Building wheels for collected packages: mozsystemmonitor
16:56:34     INFO -    Running setup.py bdist_wheel for mozsystemmonitor: started
16:56:34     INFO -    Running setup.py bdist_wheel for mozsystemmonitor: finished with status 'done'
16:56:34     INFO -    Stored in directory: /home/cltbld/.cache/pip/wheels/f4/b7/9c/8a88c92aaad7c1d8bbd68513e1d91ad7f62b7465808c516aa8
16:56:34     INFO -  Successfully built mozsystemmonitor
16:56:34     INFO -  Installing collected packages: mozsystemmonitor
16:56:34     INFO -  Successfully installed mozsystemmonitor-0.3
16:56:35     INFO - Return code: 0
16:56:35     INFO - Installing jsonschema==2.5.1 into virtualenv /builds/slave/test/build/venv
16:56:35     INFO - retry: Calling run_command with args: [['/builds/slave/test/build/venv/bin/pip', 'install', '--timeout', '120', '--no-index', '--find-links', 'http://pypi.pvt.build.mozilla.org/pub', '--find-links', 'http://pypi.pub.build.mozilla.org/pub', '--trusted-host', 'pypi.pub.build.mozilla.org', '--trusted-host', 'pypi.pvt.build.mozilla.org', 'jsonschema==2.5.1']], kwargs: {'error_level': 'warning', 'error_list': [{'substr': 'not found or a compiler error:', 'level': 'warning'}, {'regex': <_sre.SRE_Pattern object at 0x7fed0d211110>, 'level': 'error'}, {'regex': <_sre.SRE_Pattern object at 0x7fed0d319e40>, 'level': 'warning'}, {'regex': <_sre.SRE_Pattern object at 0x231a3e0>, 'level': 'debug'}, {'substr': 'command not found', 'level': 'error'}, {'regex': <_sre.SRE_Pattern object at 0x2316a90>, 'level': 'warning'}, {'substr': 'Traceback (most recent call last)', 'level': 'error'}, {'substr': 'SyntaxError: ', 'level': 'error'}, {'substr': 'TypeError: ', 'level': 'error'}, {'substr': 'NameError: ', 'level': 'error'}, {'substr': 'ZeroDivisionError: ', 'level': 'error'}, {'regex': <_sre.SRE_Pattern object at 0x23183f0>, 'level': 'critical'}, {'regex': <_sre.SRE_Pattern object at 0x2318670>, 'level': 'critical'}], 'cwd': '/builds/slave/test/build', 'env': {'TMOUT': '86400', 'LOGNAME': 'cltbld', 'USER': 'cltbld', 'HOME': '/home/cltbld', 'PATH': '/usr/local/bin:/usr/local/bin:/usr/bin:/bin:/usr/local/games:/usr/games', 'DISPLAY': ':0', 'CCACHE_UMASK': '002', 'LANG': 'en_US.UTF-8', 'TERM': 'linux', 'SHELL': '/bin/bash', 'MOZ_NODE_PATH': '/usr/bin/node', 'XDG_SESSION_COOKIE': '9ca12473fbb1d023794ffd180000023c-1528502117.227300-36580333', 'SHLVL': '1', 'NO_FAIL_ON_TEST_ERRORS': '1', 'MOZ_NO_REMOTE': '1', 'MOZ_HIDE_RESULTS_TABLE': '1', 'MAIL': '/var/mail/cltbld', '_': '/tools/buildbot/bin/python', 'NODE_PATH': '/usr/lib/nodejs:/usr/lib/node_modules:/usr/share/javascript', 'PWD': '/builds/slave/test', 'PROPERTIES_FILE': '/builds/slave/test/buildprops.json', 'CCACHE_DIR': '/builds/ccache'}}, attempt #1
16:56:35     INFO - Running command: ['/builds/slave/test/build/venv/bin/pip', 'install', '--timeout', '120', '--no-index', '--find-links', 'http://pypi.pvt.build.mozilla.org/pub', '--find-links', 'http://pypi.pub.build.mozilla.org/pub', '--trusted-host', 'pypi.pub.build.mozilla.org', '--trusted-host', 'pypi.pvt.build.mozilla.org', 'jsonschema==2.5.1'] in /builds/slave/test/build
16:56:35     INFO - Copy/paste: /builds/slave/test/build/venv/bin/pip install --timeout 120 --no-index --find-links http://pypi.pvt.build.mozilla.org/pub --find-links http://pypi.pub.build.mozilla.org/pub --trusted-host pypi.pub.build.mozilla.org --trusted-host pypi.pvt.build.mozilla.org jsonschema==2.5.1
16:56:35     INFO - Using env: {'CCACHE_DIR': '/builds/ccache',
16:56:35     INFO -  'CCACHE_UMASK': '002',
16:56:35     INFO -  'DISPLAY': ':0',
16:56:35     INFO -  'HOME': '/home/cltbld',
16:56:35     INFO -  'LANG': 'en_US.UTF-8',
16:56:35     INFO -  'LOGNAME': 'cltbld',
16:56:35     INFO -  'MAIL': '/var/mail/cltbld',
16:56:35     INFO -  'MOZ_HIDE_RESULTS_TABLE': '1',
16:56:35     INFO -  'MOZ_NODE_PATH': '/usr/bin/node',
16:56:35     INFO -  'MOZ_NO_REMOTE': '1',
16:56:35     INFO -  'NODE_PATH': '/usr/lib/nodejs:/usr/lib/node_modules:/usr/share/javascript',
16:56:35     INFO -  'NO_FAIL_ON_TEST_ERRORS': '1',
16:56:35     INFO -  'PATH': '/usr/local/bin:/usr/local/bin:/usr/bin:/bin:/usr/local/games:/usr/games',
16:56:35     INFO -  'PROPERTIES_FILE': '/builds/slave/test/buildprops.json',
16:56:35     INFO -  'PWD': '/builds/slave/test',
16:56:35     INFO -  'SHELL': '/bin/bash',
16:56:35     INFO -  'SHLVL': '1',
16:56:35     INFO -  'TERM': 'linux',
16:56:35     INFO -  'TMOUT': '86400',
16:56:35     INFO -  'USER': 'cltbld',
16:56:35     INFO -  'XDG_SESSION_COOKIE': '9ca12473fbb1d023794ffd180000023c-1528502117.227300-36580333',
16:56:35     INFO -  '_': '/tools/buildbot/bin/python'}
16:56:36     INFO -  Ignoring indexes: https://pypi.python.org/simple
16:56:36     INFO -  Collecting jsonschema==2.5.1
16:56:36     INFO -  /builds/slave/test/build/venv/lib/python2.7/site-packages/pip/_vendor/requests/packages/urllib3/util/ssl_.py:318: SNIMissingWarning: An HTTPS request has been made, but the SNI (Subject Name Indication) extension to TLS is not available on this platform. This may cause the server to present an incorrect TLS certificate, which can cause validation failures. You can upgrade to a newer version of Python to solve this. For more information, see https://urllib3.readthedocs.org/en/latest/security.html#snimissingwarning.
16:56:36     INFO -    SNIMissingWarning
16:56:36     INFO -  /builds/slave/test/build/venv/lib/python2.7/site-packages/pip/_vendor/requests/packages/urllib3/util/ssl_.py:122: InsecurePlatformWarning: A true SSLContext object is not available. This prevents urllib3 from configuring SSL appropriately and may cause certain SSL connections to fail. You can upgrade to a newer version of Python to solve this. For more information, see https://urllib3.readthedocs.org/en/latest/security.html#insecureplatformwarning.
16:56:36     INFO -    InsecurePlatformWarning
16:56:38     INFO -  /builds/slave/test/build/venv/lib/python2.7/site-packages/pip/_vendor/requests/packages/urllib3/util/ssl_.py:122: InsecurePlatformWarning: A true SSLContext object is not available. This prevents urllib3 from configuring SSL appropriately and may cause certain SSL connections to fail. You can upgrade to a newer version of Python to solve this. For more information, see https://urllib3.readthedocs.org/en/latest/security.html#insecureplatformwarning.
16:56:38     INFO -    InsecurePlatformWarning
16:56:43     INFO -    Downloading https://pypi.pvt.build.mozilla.org/pub/jsonschema-2.5.1-py2.py3-none-any.whl
16:56:43     INFO -  Collecting functools32; python_version == "2.7" (from jsonschema==2.5.1)
16:56:49     INFO -    Downloading https://pypi.pvt.build.mozilla.org/pub/functools32-3.2.3-2.tar.gz
16:56:49     INFO -  Building wheels for collected packages: functools32
16:56:49     INFO -    Running setup.py bdist_wheel for functools32: started
16:56:50     INFO -    Running setup.py bdist_wheel for functools32: finished with status 'done'
16:56:50     INFO -    Stored in directory: /home/cltbld/.cache/pip/wheels/60/8e/5c/cd0944700dbec48e57da97dbe11bcc84b1332f6b43bc89d9b7
16:56:50     INFO -  Successfully built functools32
16:56:50     INFO -  Installing collected packages: functools32, jsonschema
16:56:50     INFO -  Successfully installed functools32-3.2.3.post2 jsonschema-2.5.1
16:56:50     INFO - Return code: 0
16:56:50     INFO - Installing functools32==3.2.3-2 into virtualenv /builds/slave/test/build/venv
16:56:51     INFO - retry: Calling run_command with args: [['/builds/slave/test/build/venv/bin/pip', 'install', '--timeout', '120', '--no-index', '--find-links', 'http://pypi.pvt.build.mozilla.org/pub', '--find-links', 'http://pypi.pub.build.mozilla.org/pub', '--trusted-host', 'pypi.pub.build.mozilla.org', '--trusted-host', 'pypi.pvt.build.mozilla.org', 'functools32==3.2.3-2']], kwargs: {'error_level': 'warning', 'error_list': [{'substr': 'not found or a compiler error:', 'level': 'warning'}, {'regex': <_sre.SRE_Pattern object at 0x7fed0d211110>, 'level': 'error'}, {'regex': <_sre.SRE_Pattern object at 0x7fed0d319e40>, 'level': 'warning'}, {'regex': <_sre.SRE_Pattern object at 0x231a3e0>, 'level': 'debug'}, {'substr': 'command not found', 'level': 'error'}, {'regex': <_sre.SRE_Pattern object at 0x2316a90>, 'level': 'warning'}, {'substr': 'Traceback (most recent call last)', 'level': 'error'}, {'substr': 'SyntaxError: ', 'level': 'error'}, {'substr': 'TypeError: ', 'level': 'error'}, {'substr': 'NameError: ', 'level': 'error'}, {'substr': 'ZeroDivisionError: ', 'level': 'error'}, {'regex': <_sre.SRE_Pattern object at 0x23183f0>, 'level': 'critical'}, {'regex': <_sre.SRE_Pattern object at 0x2318670>, 'level': 'critical'}], 'cwd': '/builds/slave/test/build', 'env': {'TMOUT': '86400', 'LOGNAME': 'cltbld', 'USER': 'cltbld', 'HOME': '/home/cltbld', 'PATH': '/usr/local/bin:/usr/local/bin:/usr/bin:/bin:/usr/local/games:/usr/games', 'DISPLAY': ':0', 'CCACHE_UMASK': '002', 'LANG': 'en_US.UTF-8', 'TERM': 'linux', 'SHELL': '/bin/bash', 'MOZ_NODE_PATH': '/usr/bin/node', 'XDG_SESSION_COOKIE': '9ca12473fbb1d023794ffd180000023c-1528502117.227300-36580333', 'SHLVL': '1', 'NO_FAIL_ON_TEST_ERRORS': '1', 'MOZ_NO_REMOTE': '1', 'MOZ_HIDE_RESULTS_TABLE': '1', 'MAIL': '/var/mail/cltbld', '_': '/tools/buildbot/bin/python', 'NODE_PATH': '/usr/lib/nodejs:/usr/lib/node_modules:/usr/share/javascript', 'PWD': '/builds/slave/test', 'PROPERTIES_FILE': '/builds/slave/test/buildprops.json', 'CCACHE_DIR': '/builds/ccache'}}, attempt #1
16:56:51     INFO - Running command: ['/builds/slave/test/build/venv/bin/pip', 'install', '--timeout', '120', '--no-index', '--find-links', 'http://pypi.pvt.build.mozilla.org/pub', '--find-links', 'http://pypi.pub.build.mozilla.org/pub', '--trusted-host', 'pypi.pub.build.mozilla.org', '--trusted-host', 'pypi.pvt.build.mozilla.org', 'functools32==3.2.3-2'] in /builds/slave/test/build
16:56:51     INFO - Copy/paste: /builds/slave/test/build/venv/bin/pip install --timeout 120 --no-index --find-links http://pypi.pvt.build.mozilla.org/pub --find-links http://pypi.pub.build.mozilla.org/pub --trusted-host pypi.pub.build.mozilla.org --trusted-host pypi.pvt.build.mozilla.org functools32==3.2.3-2
16:56:51     INFO - Using env: {'CCACHE_DIR': '/builds/ccache',
16:56:51     INFO -  'CCACHE_UMASK': '002',
16:56:51     INFO -  'DISPLAY': ':0',
16:56:51     INFO -  'HOME': '/home/cltbld',
16:56:51     INFO -  'LANG': 'en_US.UTF-8',
16:56:51     INFO -  'LOGNAME': 'cltbld',
16:56:51     INFO -  'MAIL': '/var/mail/cltbld',
16:56:51     INFO -  'MOZ_HIDE_RESULTS_TABLE': '1',
16:56:51     INFO -  'MOZ_NODE_PATH': '/usr/bin/node',
16:56:51     INFO -  'MOZ_NO_REMOTE': '1',
16:56:51     INFO -  'NODE_PATH': '/usr/lib/nodejs:/usr/lib/node_modules:/usr/share/javascript',
16:56:51     INFO -  'NO_FAIL_ON_TEST_ERRORS': '1',
16:56:51     INFO -  'PATH': '/usr/local/bin:/usr/local/bin:/usr/bin:/bin:/usr/local/games:/usr/games',
16:56:51     INFO -  'PROPERTIES_FILE': '/builds/slave/test/buildprops.json',
16:56:51     INFO -  'PWD': '/builds/slave/test',
16:56:51     INFO -  'SHELL': '/bin/bash',
16:56:51     INFO -  'SHLVL': '1',
16:56:51     INFO -  'TERM': 'linux',
16:56:51     INFO -  'TMOUT': '86400',
16:56:51     INFO -  'USER': 'cltbld',
16:56:51     INFO -  'XDG_SESSION_COOKIE': '9ca12473fbb1d023794ffd180000023c-1528502117.227300-36580333',
16:56:51     INFO -  '_': '/tools/buildbot/bin/python'}
16:56:51     INFO -  Ignoring indexes: https://pypi.python.org/simple
16:56:51     INFO -  Requirement already satisfied (use --upgrade to upgrade): functools32==3.2.3-2 in ./venv/lib/python2.7/site-packages
16:56:51     INFO - Return code: 0
16:56:51     INFO - Installing blobuploader==1.2.4 into virtualenv /builds/slave/test/build/venv
16:56:52     INFO - retry: Calling run_command with args: [['/builds/slave/test/build/venv/bin/pip', 'install', '--timeout', '120', '--no-index', '--find-links', 'http://pypi.pvt.build.mozilla.org/pub', '--find-links', 'http://pypi.pub.build.mozilla.org/pub', '--trusted-host', 'pypi.pub.build.mozilla.org', '--trusted-host', 'pypi.pvt.build.mozilla.org', 'blobuploader==1.2.4']], kwargs: {'error_level': 'warning', 'error_list': [{'substr': 'not found or a compiler error:', 'level': 'warning'}, {'regex': <_sre.SRE_Pattern object at 0x7fed0d211110>, 'level': 'error'}, {'regex': <_sre.SRE_Pattern object at 0x7fed0d319e40>, 'level': 'warning'}, {'regex': <_sre.SRE_Pattern object at 0x231a3e0>, 'level': 'debug'}, {'substr': 'command not found', 'level': 'error'}, {'regex': <_sre.SRE_Pattern object at 0x2316a90>, 'level': 'warning'}, {'substr': 'Traceback (most recent call last)', 'level': 'error'}, {'substr': 'SyntaxError: ', 'level': 'error'}, {'substr': 'TypeError: ', 'level': 'error'}, {'substr': 'NameError: ', 'level': 'error'}, {'substr': 'ZeroDivisionError: ', 'level': 'error'}, {'regex': <_sre.SRE_Pattern object at 0x23183f0>, 'level': 'critical'}, {'regex': <_sre.SRE_Pattern object at 0x2318670>, 'level': 'critical'}], 'cwd': '/builds/slave/test/build', 'env': {'TMOUT': '86400', 'LOGNAME': 'cltbld', 'USER': 'cltbld', 'HOME': '/home/cltbld', 'PATH': '/usr/local/bin:/usr/local/bin:/usr/bin:/bin:/usr/local/games:/usr/games', 'DISPLAY': ':0', 'CCACHE_UMASK': '002', 'LANG': 'en_US.UTF-8', 'TERM': 'linux', 'SHELL': '/bin/bash', 'MOZ_NODE_PATH': '/usr/bin/node', 'XDG_SESSION_COOKIE': '9ca12473fbb1d023794ffd180000023c-1528502117.227300-36580333', 'SHLVL': '1', 'NO_FAIL_ON_TEST_ERRORS': '1', 'MOZ_NO_REMOTE': '1', 'MOZ_HIDE_RESULTS_TABLE': '1', 'MAIL': '/var/mail/cltbld', '_': '/tools/buildbot/bin/python', 'NODE_PATH': '/usr/lib/nodejs:/usr/lib/node_modules:/usr/share/javascript', 'PWD': '/builds/slave/test', 'PROPERTIES_FILE': '/builds/slave/test/buildprops.json', 'CCACHE_DIR': '/builds/ccache'}}, attempt #1
16:56:52     INFO - Running command: ['/builds/slave/test/build/venv/bin/pip', 'install', '--timeout', '120', '--no-index', '--find-links', 'http://pypi.pvt.build.mozilla.org/pub', '--find-links', 'http://pypi.pub.build.mozilla.org/pub', '--trusted-host', 'pypi.pub.build.mozilla.org', '--trusted-host', 'pypi.pvt.build.mozilla.org', 'blobuploader==1.2.4'] in /builds/slave/test/build
16:56:52     INFO - Copy/paste: /builds/slave/test/build/venv/bin/pip install --timeout 120 --no-index --find-links http://pypi.pvt.build.mozilla.org/pub --find-links http://pypi.pub.build.mozilla.org/pub --trusted-host pypi.pub.build.mozilla.org --trusted-host pypi.pvt.build.mozilla.org blobuploader==1.2.4
16:56:52     INFO - Using env: {'CCACHE_DIR': '/builds/ccache',
16:56:52     INFO -  'CCACHE_UMASK': '002',
16:56:52     INFO -  'DISPLAY': ':0',
16:56:52     INFO -  'HOME': '/home/cltbld',
16:56:52     INFO -  'LANG': 'en_US.UTF-8',
16:56:52     INFO -  'LOGNAME': 'cltbld',
16:56:52     INFO -  'MAIL': '/var/mail/cltbld',
16:56:52     INFO -  'MOZ_HIDE_RESULTS_TABLE': '1',
16:56:52     INFO -  'MOZ_NODE_PATH': '/usr/bin/node',
16:56:52     INFO -  'MOZ_NO_REMOTE': '1',
16:56:52     INFO -  'NODE_PATH': '/usr/lib/nodejs:/usr/lib/node_modules:/usr/share/javascript',
16:56:52     INFO -  'NO_FAIL_ON_TEST_ERRORS': '1',
16:56:52     INFO -  'PATH': '/usr/local/bin:/usr/local/bin:/usr/bin:/bin:/usr/local/games:/usr/games',
16:56:52     INFO -  'PROPERTIES_FILE': '/builds/slave/test/buildprops.json',
16:56:52     INFO -  'PWD': '/builds/slave/test',
16:56:52     INFO -  'SHELL': '/bin/bash',
16:56:52     INFO -  'SHLVL': '1',
16:56:52     INFO -  'TERM': 'linux',
16:56:52     INFO -  'TMOUT': '86400',
16:56:52     INFO -  'USER': 'cltbld',
16:56:52     INFO -  'XDG_SESSION_COOKIE': '9ca12473fbb1d023794ffd180000023c-1528502117.227300-36580333',
16:56:52     INFO -  '_': '/tools/buildbot/bin/python'}
16:56:53     INFO -  Ignoring indexes: https://pypi.python.org/simple
16:56:53     INFO -  Collecting blobuploader==1.2.4
16:56:53     INFO -  /builds/slave/test/build/venv/lib/python2.7/site-packages/pip/_vendor/requests/packages/urllib3/util/ssl_.py:318: SNIMissingWarning: An HTTPS request has been made, but the SNI (Subject Name Indication) extension to TLS is not available on this platform. This may cause the server to present an incorrect TLS certificate, which can cause validation failures. You can upgrade to a newer version of Python to solve this. For more information, see https://urllib3.readthedocs.org/en/latest/security.html#snimissingwarning.
16:56:53     INFO -    SNIMissingWarning
16:56:53     INFO -  /builds/slave/test/build/venv/lib/python2.7/site-packages/pip/_vendor/requests/packages/urllib3/util/ssl_.py:122: InsecurePlatformWarning: A true SSLContext object is not available. This prevents urllib3 from configuring SSL appropriately and may cause certain SSL connections to fail. You can upgrade to a newer version of Python to solve this. For more information, see https://urllib3.readthedocs.org/en/latest/security.html#insecureplatformwarning.
16:56:53     INFO -    InsecurePlatformWarning
16:56:55     INFO -  /builds/slave/test/build/venv/lib/python2.7/site-packages/pip/_vendor/requests/packages/urllib3/util/ssl_.py:122: InsecurePlatformWarning: A true SSLContext object is not available. This prevents urllib3 from configuring SSL appropriately and may cause certain SSL connections to fail. You can upgrade to a newer version of Python to solve this. For more information, see https://urllib3.readthedocs.org/en/latest/security.html#insecureplatformwarning.
16:56:55     INFO -    InsecurePlatformWarning
16:57:00     INFO -    Downloading https://pypi.pvt.build.mozilla.org/pub/blobuploader-1.2.4.tar.gz
16:57:00     INFO -  Collecting requests==1.2.3. (from blobuploader==1.2.4)
16:57:06     INFO -    Downloading https://pypi.pvt.build.mozilla.org/pub/requests-1.2.3.tar.gz (348kB)
16:57:08     INFO -  Collecting docopt==0.6.1 (from blobuploader==1.2.4)
16:57:13     INFO -    Downloading https://pypi.pvt.build.mozilla.org/pub/docopt-0.6.1.tar.gz
16:57:14     INFO -  Building wheels for collected packages: blobuploader, requests, docopt
16:57:14     INFO -    Running setup.py bdist_wheel for blobuploader: started
16:57:14     INFO -    Running setup.py bdist_wheel for blobuploader: finished with status 'done'
16:57:14     INFO -    Stored in directory: /home/cltbld/.cache/pip/wheels/a7/2a/47/2d3828e4129ffeb548a26f4a87889dc9bc1a58e201a0ff8655
16:57:14     INFO -    Running setup.py bdist_wheel for requests: started
16:57:15     INFO -    Running setup.py bdist_wheel for requests: finished with status 'done'
16:57:15     INFO -    Stored in directory: /home/cltbld/.cache/pip/wheels/65/bb/90/359b65a7043ffc879dde877c4ad827f452218808c6cccf2658
16:57:15     INFO -    Running setup.py bdist_wheel for docopt: started
16:57:15     INFO -    Running setup.py bdist_wheel for docopt: finished with status 'done'
16:57:15     INFO -    Stored in directory: /home/cltbld/.cache/pip/wheels/ac/8b/84/7dbe9ada02c48c352fa733c81648516f92c6436f9d5bffad41
16:57:15     INFO -  Successfully built blobuploader requests docopt
16:57:15     INFO -  Installing collected packages: requests, docopt, blobuploader
16:57:16     INFO -  Successfully installed blobuploader-1.2.4 docopt-0.6.1 requests-1.2.3
16:57:16     INFO - Return code: 0
16:57:16     INFO - Installing None into virtualenv /builds/slave/test/build/venv
16:57:17     INFO - retry: Calling run_command with args: [['/builds/slave/test/build/venv/bin/pip', 'install', '--no-deps', '--timeout', '120', '-r', '/builds/slave/test/build/tests/config/mozbase_requirements.txt', '--no-index', '--find-links', 'http://pypi.pvt.build.mozilla.org/pub', '--find-links', 'http://pypi.pub.build.mozilla.org/pub', '--trusted-host', 'pypi.pub.build.mozilla.org', '--trusted-host', 'pypi.pvt.build.mozilla.org']], kwargs: {'error_level': 'warning', 'error_list': [{'substr': 'not found or a compiler error:', 'level': 'warning'}, {'regex': <_sre.SRE_Pattern object at 0x7fed0d211110>, 'level': 'error'}, {'regex': <_sre.SRE_Pattern object at 0x7fed0d319e40>, 'level': 'warning'}, {'regex': <_sre.SRE_Pattern object at 0x231a3e0>, 'level': 'debug'}, {'substr': 'command not found', 'level': 'error'}, {'regex': <_sre.SRE_Pattern object at 0x2316a90>, 'level': 'warning'}, {'substr': 'Traceback (most recent call last)', 'level': 'error'}, {'substr': 'SyntaxError: ', 'level': 'error'}, {'substr': 'TypeError: ', 'level': 'error'}, {'substr': 'NameError: ', 'level': 'error'}, {'substr': 'ZeroDivisionError: ', 'level': 'error'}, {'regex': <_sre.SRE_Pattern object at 0x23183f0>, 'level': 'critical'}, {'regex': <_sre.SRE_Pattern object at 0x2318670>, 'level': 'critical'}], 'cwd': '/builds/slave/test/build/tests/config', 'env': {'TMOUT': '86400', 'LOGNAME': 'cltbld', 'USER': 'cltbld', 'HOME': '/home/cltbld', 'PATH': '/usr/local/bin:/usr/local/bin:/usr/bin:/bin:/usr/local/games:/usr/games', 'DISPLAY': ':0', 'CCACHE_UMASK': '002', 'LANG': 'en_US.UTF-8', 'TERM': 'linux', 'SHELL': '/bin/bash', 'MOZ_NODE_PATH': '/usr/bin/node', 'XDG_SESSION_COOKIE': '9ca12473fbb1d023794ffd180000023c-1528502117.227300-36580333', 'SHLVL': '1', 'NO_FAIL_ON_TEST_ERRORS': '1', 'MOZ_NO_REMOTE': '1', 'MOZ_HIDE_RESULTS_TABLE': '1', 'MAIL': '/var/mail/cltbld', '_': '/tools/buildbot/bin/python', 'NODE_PATH': '/usr/lib/nodejs:/usr/lib/node_modules:/usr/share/javascript', 'PWD': '/builds/slave/test', 'PROPERTIES_FILE': '/builds/slave/test/buildprops.json', 'CCACHE_DIR': '/builds/ccache'}}, attempt #1
16:57:17     INFO - Running command: ['/builds/slave/test/build/venv/bin/pip', 'install', '--no-deps', '--timeout', '120', '-r', '/builds/slave/test/build/tests/config/mozbase_requirements.txt', '--no-index', '--find-links', 'http://pypi.pvt.build.mozilla.org/pub', '--find-links', 'http://pypi.pub.build.mozilla.org/pub', '--trusted-host', 'pypi.pub.build.mozilla.org', '--trusted-host', 'pypi.pvt.build.mozilla.org'] in /builds/slave/test/build/tests/config
16:57:17     INFO - Copy/paste: /builds/slave/test/build/venv/bin/pip install --no-deps --timeout 120 -r /builds/slave/test/build/tests/config/mozbase_requirements.txt --no-index --find-links http://pypi.pvt.build.mozilla.org/pub --find-links http://pypi.pub.build.mozilla.org/pub --trusted-host pypi.pub.build.mozilla.org --trusted-host pypi.pvt.build.mozilla.org
16:57:17     INFO - Using env: {'CCACHE_DIR': '/builds/ccache',
16:57:17     INFO -  'CCACHE_UMASK': '002',
16:57:17     INFO -  'DISPLAY': ':0',
16:57:17     INFO -  'HOME': '/home/cltbld',
16:57:17     INFO -  'LANG': 'en_US.UTF-8',
16:57:17     INFO -  'LOGNAME': 'cltbld',
16:57:17     INFO -  'MAIL': '/var/mail/cltbld',
16:57:17     INFO -  'MOZ_HIDE_RESULTS_TABLE': '1',
16:57:17     INFO -  'MOZ_NODE_PATH': '/usr/bin/node',
16:57:17     INFO -  'MOZ_NO_REMOTE': '1',
16:57:17     INFO -  'NODE_PATH': '/usr/lib/nodejs:/usr/lib/node_modules:/usr/share/javascript',
16:57:17     INFO -  'NO_FAIL_ON_TEST_ERRORS': '1',
16:57:17     INFO -  'PATH': '/usr/local/bin:/usr/local/bin:/usr/bin:/bin:/usr/local/games:/usr/games',
16:57:17     INFO -  'PROPERTIES_FILE': '/builds/slave/test/buildprops.json',
16:57:17     INFO -  'PWD': '/builds/slave/test',
16:57:17     INFO -  'SHELL': '/bin/bash',
16:57:17     INFO -  'SHLVL': '1',
16:57:17     INFO -  'TERM': 'linux',
16:57:17     INFO -  'TMOUT': '86400',
16:57:17     INFO -  'USER': 'cltbld',
16:57:17     INFO -  'XDG_SESSION_COOKIE': '9ca12473fbb1d023794ffd180000023c-1528502117.227300-36580333',
16:57:17     INFO -  '_': '/tools/buildbot/bin/python'}
16:57:17     INFO -  Ignoring indexes: https://pypi.python.org/simple
16:57:17     INFO -  Processing /builds/slave/test/build/tests/mozbase/manifestparser
16:57:18     INFO -  Processing /builds/slave/test/build/tests/mozbase/mozcrash
16:57:18     INFO -  Processing /builds/slave/test/build/tests/mozbase/mozdebug
16:57:19     INFO -  Processing /builds/slave/test/build/tests/mozbase/mozdevice
16:57:19     INFO -  Processing /builds/slave/test/build/tests/mozbase/mozfile
16:57:19     INFO -  Processing /builds/slave/test/build/tests/mozbase/mozhttpd
16:57:20     INFO -  Processing /builds/slave/test/build/tests/mozbase/mozinfo
16:57:20     INFO -  Processing /builds/slave/test/build/tests/mozbase/mozinstall
16:57:20     INFO -  Processing /builds/slave/test/build/tests/mozbase/mozleak
16:57:21     INFO -  Processing /builds/slave/test/build/tests/mozbase/mozlog
16:57:21     INFO -  Processing /builds/slave/test/build/tests/mozbase/moznetwork
16:57:21     INFO -  Processing /builds/slave/test/build/tests/mozbase/mozprocess
16:57:22     INFO -  Processing /builds/slave/test/build/tests/mozbase/mozprofile
16:57:22     INFO -  Processing /builds/slave/test/build/tests/mozbase/mozrunner
16:57:23     INFO -  Processing /builds/slave/test/build/tests/mozbase/mozscreenshot
16:57:23     INFO -  Processing /builds/slave/test/build/tests/mozbase/moztest
16:57:23     INFO -  Processing /builds/slave/test/build/tests/mozbase/mozversion
16:57:24     INFO -  Installing collected packages: manifestparser, mozcrash, mozdebug, mozdevice, mozfile, mozhttpd, mozinfo, mozInstall, mozleak, mozlog, moznetwork, mozprocess, mozprofile, mozrunner, mozscreenshot, moztest, mozversion
16:57:24     INFO -    Running setup.py install for manifestparser: started
16:57:24     INFO -      Running setup.py install for manifestparser: finished with status 'done'
16:57:24     INFO -    Running setup.py install for mozcrash: started
16:57:25     INFO -      Running setup.py install for mozcrash: finished with status 'done'
16:57:25     INFO -    Running setup.py install for mozdebug: started
16:57:25     INFO -      Running setup.py install for mozdebug: finished with status 'done'
16:57:25     INFO -    Running setup.py install for mozdevice: started
16:57:26     INFO -      Running setup.py install for mozdevice: finished with status 'done'
16:57:26     INFO -    Running setup.py install for mozfile: started
16:57:26     INFO -      Running setup.py install for mozfile: finished with status 'done'
16:57:26     INFO -    Running setup.py install for mozhttpd: started
16:57:27     INFO -      Running setup.py install for mozhttpd: finished with status 'done'
16:57:27     INFO -    Running setup.py install for mozinfo: started
16:57:27     INFO -      Running setup.py install for mozinfo: finished with status 'done'
16:57:27     INFO -    Running setup.py install for mozInstall: started
16:57:28     INFO -      Running setup.py install for mozInstall: finished with status 'done'
16:57:28     INFO -    Running setup.py install for mozleak: started
16:57:28     INFO -      Running setup.py install for mozleak: finished with status 'done'
16:57:28     INFO -    Running setup.py install for mozlog: started
16:57:29     INFO -      Running setup.py install for mozlog: finished with status 'done'
16:57:29     INFO -    Running setup.py install for moznetwork: started
16:57:29     INFO -      Running setup.py install for moznetwork: finished with status 'done'
16:57:29     INFO -    Running setup.py install for mozprocess: started
16:57:29     INFO -      Running setup.py install for mozprocess: finished with status 'done'
16:57:29     INFO -    Running setup.py install for mozprofile: started
16:57:30     INFO -      Running setup.py install for mozprofile: finished with status 'done'
16:57:30     INFO -    Running setup.py install for mozrunner: started
16:57:30     INFO -      Running setup.py install for mozrunner: finished with status 'done'
16:57:30     INFO -    Running setup.py install for mozscreenshot: started
16:57:31     INFO -      Running setup.py install for mozscreenshot: finished with status 'done'
16:57:31     INFO -    Running setup.py install for moztest: started
16:57:31     INFO -      Running setup.py install for moztest: finished with status 'done'
16:57:31     INFO -    Running setup.py install for mozversion: started
16:57:32     INFO -      Running setup.py install for mozversion: finished with status 'done'
16:57:32     INFO -  Successfully installed manifestparser-1.1 mozInstall-1.12 mozcrash-1.0 mozdebug-0.1 mozdevice-0.48 mozfile-1.2 mozhttpd-0.7 mozinfo-0.9 mozleak-0.1 mozlog-3.4 moznetwork-0.27 mozprocess-0.23 mozprofile-0.28 mozrunner-6.13 mozscreenshot-0.1 moztest-0.8 mozversion-1.4
16:57:32     INFO - Return code: 0
16:57:32     INFO - Installing None into virtualenv /builds/slave/test/build/venv
16:57:33     INFO - retry: Calling run_command with args: [['/builds/slave/test/build/venv/bin/pip', 'install', '--timeout', '120', '-r', '/builds/slave/test/build/tests/config/mozbase_requirements.txt', '--no-index', '--find-links', 'http://pypi.pvt.build.mozilla.org/pub', '--find-links', 'http://pypi.pub.build.mozilla.org/pub', '--trusted-host', 'pypi.pub.build.mozilla.org', '--trusted-host', 'pypi.pvt.build.mozilla.org']], kwargs: {'error_level': 'warning', 'error_list': [{'substr': 'not found or a compiler error:', 'level': 'warning'}, {'regex': <_sre.SRE_Pattern object at 0x7fed0d211110>, 'level': 'error'}, {'regex': <_sre.SRE_Pattern object at 0x7fed0d319e40>, 'level': 'warning'}, {'regex': <_sre.SRE_Pattern object at 0x231a3e0>, 'level': 'debug'}, {'substr': 'command not found', 'level': 'error'}, {'regex': <_sre.SRE_Pattern object at 0x2316a90>, 'level': 'warning'}, {'substr': 'Traceback (most recent call last)', 'level': 'error'}, {'substr': 'SyntaxError: ', 'level': 'error'}, {'substr': 'TypeError: ', 'level': 'error'}, {'substr': 'NameError: ', 'level': 'error'}, {'substr': 'ZeroDivisionError: ', 'level': 'error'}, {'regex': <_sre.SRE_Pattern object at 0x23183f0>, 'level': 'critical'}, {'regex': <_sre.SRE_Pattern object at 0x2318670>, 'level': 'critical'}], 'cwd': '/builds/slave/test/build/tests/config', 'env': {'TMOUT': '86400', 'LOGNAME': 'cltbld', 'USER': 'cltbld', 'HOME': '/home/cltbld', 'PATH': '/usr/local/bin:/usr/local/bin:/usr/bin:/bin:/usr/local/games:/usr/games', 'DISPLAY': ':0', 'CCACHE_UMASK': '002', 'LANG': 'en_US.UTF-8', 'TERM': 'linux', 'SHELL': '/bin/bash', 'MOZ_NODE_PATH': '/usr/bin/node', 'XDG_SESSION_COOKIE': '9ca12473fbb1d023794ffd180000023c-1528502117.227300-36580333', 'SHLVL': '1', 'NO_FAIL_ON_TEST_ERRORS': '1', 'MOZ_NO_REMOTE': '1', 'MOZ_HIDE_RESULTS_TABLE': '1', 'MAIL': '/var/mail/cltbld', '_': '/tools/buildbot/bin/python', 'NODE_PATH': '/usr/lib/nodejs:/usr/lib/node_modules:/usr/share/javascript', 'PWD': '/builds/slave/test', 'PROPERTIES_FILE': '/builds/slave/test/buildprops.json', 'CCACHE_DIR': '/builds/ccache'}}, attempt #1
16:57:33     INFO - Running command: ['/builds/slave/test/build/venv/bin/pip', 'install', '--timeout', '120', '-r', '/builds/slave/test/build/tests/config/mozbase_requirements.txt', '--no-index', '--find-links', 'http://pypi.pvt.build.mozilla.org/pub', '--find-links', 'http://pypi.pub.build.mozilla.org/pub', '--trusted-host', 'pypi.pub.build.mozilla.org', '--trusted-host', 'pypi.pvt.build.mozilla.org'] in /builds/slave/test/build/tests/config
16:57:33     INFO - Copy/paste: /builds/slave/test/build/venv/bin/pip install --timeout 120 -r /builds/slave/test/build/tests/config/mozbase_requirements.txt --no-index --find-links http://pypi.pvt.build.mozilla.org/pub --find-links http://pypi.pub.build.mozilla.org/pub --trusted-host pypi.pub.build.mozilla.org --trusted-host pypi.pvt.build.mozilla.org
16:57:33     INFO - Using env: {'CCACHE_DIR': '/builds/ccache',
16:57:33     INFO -  'CCACHE_UMASK': '002',
16:57:33     INFO -  'DISPLAY': ':0',
16:57:33     INFO -  'HOME': '/home/cltbld',
16:57:33     INFO -  'LANG': 'en_US.UTF-8',
16:57:33     INFO -  'LOGNAME': 'cltbld',
16:57:33     INFO -  'MAIL': '/var/mail/cltbld',
16:57:33     INFO -  'MOZ_HIDE_RESULTS_TABLE': '1',
16:57:33     INFO -  'MOZ_NODE_PATH': '/usr/bin/node',
16:57:33     INFO -  'MOZ_NO_REMOTE': '1',
16:57:33     INFO -  'NODE_PATH': '/usr/lib/nodejs:/usr/lib/node_modules:/usr/share/javascript',
16:57:33     INFO -  'NO_FAIL_ON_TEST_ERRORS': '1',
16:57:33     INFO -  'PATH': '/usr/local/bin:/usr/local/bin:/usr/bin:/bin:/usr/local/games:/usr/games',
16:57:33     INFO -  'PROPERTIES_FILE': '/builds/slave/test/buildprops.json',
16:57:33     INFO -  'PWD': '/builds/slave/test',
16:57:33     INFO -  'SHELL': '/bin/bash',
16:57:33     INFO -  'SHLVL': '1',
16:57:33     INFO -  'TERM': 'linux',
16:57:33     INFO -  'TMOUT': '86400',
16:57:33     INFO -  'USER': 'cltbld',
16:57:33     INFO -  'XDG_SESSION_COOKIE': '9ca12473fbb1d023794ffd180000023c-1528502117.227300-36580333',
16:57:33     INFO -  '_': '/tools/buildbot/bin/python'}
16:57:34     INFO -  Ignoring indexes: https://pypi.python.org/simple
16:57:34     INFO -  Processing /builds/slave/test/build/tests/mozbase/manifestparser
16:57:34     INFO -    Requirement already satisfied (use --upgrade to upgrade): manifestparser==1.1 from file:///builds/slave/test/build/tests/mozbase/manifestparser in /builds/slave/test/build/venv/lib/python2.7/site-packages (from -r /builds/slave/test/build/tests/config/mozbase_requirements.txt (line 1))
16:57:34     INFO -  Processing /builds/slave/test/build/tests/mozbase/mozcrash
16:57:35     INFO -    Requirement already satisfied (use --upgrade to upgrade): mozcrash==1.0 from file:///builds/slave/test/build/tests/mozbase/mozcrash in /builds/slave/test/build/venv/lib/python2.7/site-packages (from -r /builds/slave/test/build/tests/config/mozbase_requirements.txt (line 2))
16:57:35     INFO -  Processing /builds/slave/test/build/tests/mozbase/mozdebug
16:57:35     INFO -    Requirement already satisfied (use --upgrade to upgrade): mozdebug==0.1 from file:///builds/slave/test/build/tests/mozbase/mozdebug in /builds/slave/test/build/venv/lib/python2.7/site-packages (from -r /builds/slave/test/build/tests/config/mozbase_requirements.txt (line 3))
16:57:35     INFO -  Processing /builds/slave/test/build/tests/mozbase/mozdevice
16:57:35     INFO -    Requirement already satisfied (use --upgrade to upgrade): mozdevice==0.48 from file:///builds/slave/test/build/tests/mozbase/mozdevice in /builds/slave/test/build/venv/lib/python2.7/site-packages (from -r /builds/slave/test/build/tests/config/mozbase_requirements.txt (line 4))
16:57:35     INFO -  Processing /builds/slave/test/build/tests/mozbase/mozfile
16:57:36     INFO -    Requirement already satisfied (use --upgrade to upgrade): mozfile==1.2 from file:///builds/slave/test/build/tests/mozbase/mozfile in /builds/slave/test/build/venv/lib/python2.7/site-packages (from -r /builds/slave/test/build/tests/config/mozbase_requirements.txt (line 5))
16:57:36     INFO -  Processing /builds/slave/test/build/tests/mozbase/mozhttpd
16:57:36     INFO -    Requirement already satisfied (use --upgrade to upgrade): mozhttpd==0.7 from file:///builds/slave/test/build/tests/mozbase/mozhttpd in /builds/slave/test/build/venv/lib/python2.7/site-packages (from -r /builds/slave/test/build/tests/config/mozbase_requirements.txt (line 6))
16:57:36     INFO -  Processing /builds/slave/test/build/tests/mozbase/mozinfo
16:57:37     INFO -    Requirement already satisfied (use --upgrade to upgrade): mozinfo==0.9 from file:///builds/slave/test/build/tests/mozbase/mozinfo in /builds/slave/test/build/venv/lib/python2.7/site-packages (from -r /builds/slave/test/build/tests/config/mozbase_requirements.txt (line 7))
16:57:37     INFO -  Processing /builds/slave/test/build/tests/mozbase/mozinstall
16:57:37     INFO -    Requirement already satisfied (use --upgrade to upgrade): mozInstall==1.12 from file:///builds/slave/test/build/tests/mozbase/mozinstall in /builds/slave/test/build/venv/lib/python2.7/site-packages (from -r /builds/slave/test/build/tests/config/mozbase_requirements.txt (line 8))
16:57:37     INFO -  Processing /builds/slave/test/build/tests/mozbase/mozleak
16:57:37     INFO -    Requirement already satisfied (use --upgrade to upgrade): mozleak==0.1 from file:///builds/slave/test/build/tests/mozbase/mozleak in /builds/slave/test/build/venv/lib/python2.7/site-packages (from -r /builds/slave/test/build/tests/config/mozbase_requirements.txt (line 9))
16:57:37     INFO -  Processing /builds/slave/test/build/tests/mozbase/mozlog
16:57:38     INFO -    Requirement already satisfied (use --upgrade to upgrade): mozlog==3.4 from file:///builds/slave/test/build/tests/mozbase/mozlog in /builds/slave/test/build/venv/lib/python2.7/site-packages (from -r /builds/slave/test/build/tests/config/mozbase_requirements.txt (line 10))
16:57:38     INFO -  Processing /builds/slave/test/build/tests/mozbase/moznetwork
16:57:38     INFO -    Requirement already satisfied (use --upgrade to upgrade): moznetwork==0.27 from file:///builds/slave/test/build/tests/mozbase/moznetwork in /builds/slave/test/build/venv/lib/python2.7/site-packages (from -r /builds/slave/test/build/tests/config/mozbase_requirements.txt (line 11))
16:57:38     INFO -  Processing /builds/slave/test/build/tests/mozbase/mozprocess
16:57:39     INFO -    Requirement already satisfied (use --upgrade to upgrade): mozprocess==0.23 from file:///builds/slave/test/build/tests/mozbase/mozprocess in /builds/slave/test/build/venv/lib/python2.7/site-packages (from -r /builds/slave/test/build/tests/config/mozbase_requirements.txt (line 12))
16:57:39     INFO -  Processing /builds/slave/test/build/tests/mozbase/mozprofile
16:57:39     INFO -    Requirement already satisfied (use --upgrade to upgrade): mozprofile==0.28 from file:///builds/slave/test/build/tests/mozbase/mozprofile in /builds/slave/test/build/venv/lib/python2.7/site-packages (from -r /builds/slave/test/build/tests/config/mozbase_requirements.txt (line 13))
16:57:39     INFO -  Processing /builds/slave/test/build/tests/mozbase/mozrunner
16:57:40     INFO -    Requirement already satisfied (use --upgrade to upgrade): mozrunner==6.13 from file:///builds/slave/test/build/tests/mozbase/mozrunner in /builds/slave/test/build/venv/lib/python2.7/site-packages (from -r /builds/slave/test/build/tests/config/mozbase_requirements.txt (line 14))
16:57:40     INFO -  Processing /builds/slave/test/build/tests/mozbase/mozscreenshot
16:57:40     INFO -    Requirement already satisfied (use --upgrade to upgrade): mozscreenshot==0.1 from file:///builds/slave/test/build/tests/mozbase/mozscreenshot in /builds/slave/test/build/venv/lib/python2.7/site-packages (from -r /builds/slave/test/build/tests/config/mozbase_requirements.txt (line 15))
16:57:40     INFO -  Processing /builds/slave/test/build/tests/mozbase/moztest
16:57:41     INFO -    Requirement already satisfied (use --upgrade to upgrade): moztest==0.8 from file:///builds/slave/test/build/tests/mozbase/moztest in /builds/slave/test/build/venv/lib/python2.7/site-packages (from -r /builds/slave/test/build/tests/config/mozbase_requirements.txt (line 16))
16:57:41     INFO -  Processing /builds/slave/test/build/tests/mozbase/mozversion
16:57:41     INFO -    Requirement already satisfied (use --upgrade to upgrade): mozversion==1.4 from file:///builds/slave/test/build/tests/mozbase/mozversion in /builds/slave/test/build/venv/lib/python2.7/site-packages (from -r /builds/slave/test/build/tests/config/mozbase_requirements.txt (line 17))
16:57:41     INFO -  Requirement already satisfied (use --upgrade to upgrade): mozfile>=1.0 in /builds/slave/test/build/venv/lib/python2.7/site-packages (from mozcrash==1.0->-r /builds/slave/test/build/tests/config/mozbase_requirements.txt (line 2))
16:57:41     INFO -  Requirement already satisfied (use --upgrade to upgrade): mozlog>=3.0 in /builds/slave/test/build/venv/lib/python2.7/site-packages (from mozcrash==1.0->-r /builds/slave/test/build/tests/config/mozbase_requirements.txt (line 2))
16:57:41     INFO -  Requirement already satisfied (use --upgrade to upgrade): mozinfo in /builds/slave/test/build/venv/lib/python2.7/site-packages (from mozdebug==0.1->-r /builds/slave/test/build/tests/config/mozbase_requirements.txt (line 3))
16:57:41     INFO -  Requirement already satisfied (use --upgrade to upgrade): moznetwork>=0.24 in /builds/slave/test/build/venv/lib/python2.7/site-packages (from mozdevice==0.48->-r /builds/slave/test/build/tests/config/mozbase_requirements.txt (line 4))
16:57:41     INFO -  Requirement already satisfied (use --upgrade to upgrade): mozprocess>=0.19 in /builds/slave/test/build/venv/lib/python2.7/site-packages (from mozdevice==0.48->-r /builds/slave/test/build/tests/config/mozbase_requirements.txt (line 4))
16:57:41     INFO -  Collecting blessings>=1.3 (from mozlog==3.4->-r /builds/slave/test/build/tests/config/mozbase_requirements.txt (line 10))
16:57:41     INFO -  /builds/slave/test/build/venv/lib/python2.7/site-packages/pip/_vendor/requests/packages/urllib3/util/ssl_.py:318: SNIMissingWarning: An HTTPS request has been made, but the SNI (Subject Name Indication) extension to TLS is not available on this platform. This may cause the server to present an incorrect TLS certificate, which can cause validation failures. You can upgrade to a newer version of Python to solve this. For more information, see https://urllib3.readthedocs.org/en/latest/security.html#snimissingwarning.
16:57:41     INFO -    SNIMissingWarning
16:57:41     INFO -  /builds/slave/test/build/venv/lib/python2.7/site-packages/pip/_vendor/requests/packages/urllib3/util/ssl_.py:122: InsecurePlatformWarning: A true SSLContext object is not available. This prevents urllib3 from configuring SSL appropriately and may cause certain SSL connections to fail. You can upgrade to a newer version of Python to solve this. For more information, see https://urllib3.readthedocs.org/en/latest/security.html#insecureplatformwarning.
16:57:41     INFO -    InsecurePlatformWarning
16:57:43     INFO -  /builds/slave/test/build/venv/lib/python2.7/site-packages/pip/_vendor/requests/packages/urllib3/util/ssl_.py:122: InsecurePlatformWarning: A true SSLContext object is not available. This prevents urllib3 from configuring SSL appropriately and may cause certain SSL connections to fail. You can upgrade to a newer version of Python to solve this. For more information, see https://urllib3.readthedocs.org/en/latest/security.html#insecureplatformwarning.
16:57:43     INFO -    InsecurePlatformWarning
16:57:48     INFO -    Downloading https://pypi.pvt.build.mozilla.org/pub/blessings-1.6.tar.gz
16:57:49     INFO -  Building wheels for collected packages: blessings
16:57:49     INFO -    Running setup.py bdist_wheel for blessings: started
16:57:49     INFO -    Running setup.py bdist_wheel for blessings: finished with status 'done'
16:57:49     INFO -    Stored in directory: /home/cltbld/.cache/pip/wheels/fb/37/ae/c6b15ed5da2ead5847df54c8319487050d4dcc950c9795eae9
16:57:49     INFO -  Successfully built blessings
16:57:49     INFO -  Installing collected packages: blessings
16:57:49     INFO -  Successfully installed blessings-1.6
16:57:50     INFO - Return code: 0
16:57:50     INFO - Installing pip>=1.5 into virtualenv /builds/slave/test/build/venv
16:57:50     INFO - retry: Calling run_command with args: [['/builds/slave/test/build/venv/bin/pip', 'install', '--timeout', '120', '--no-index', '--find-links', 'http://pypi.pvt.build.mozilla.org/pub', '--find-links', 'http://pypi.pub.build.mozilla.org/pub', '--trusted-host', 'pypi.pub.build.mozilla.org', '--trusted-host', 'pypi.pvt.build.mozilla.org', 'pip>=1.5']], kwargs: {'error_level': 'warning', 'error_list': [{'substr': 'not found or a compiler error:', 'level': 'warning'}, {'regex': <_sre.SRE_Pattern object at 0x7fed0d211110>, 'level': 'error'}, {'regex': <_sre.SRE_Pattern object at 0x7fed0d319e40>, 'level': 'warning'}, {'regex': <_sre.SRE_Pattern object at 0x231a3e0>, 'level': 'debug'}, {'substr': 'command not found', 'level': 'error'}, {'regex': <_sre.SRE_Pattern object at 0x2316a90>, 'level': 'warning'}, {'substr': 'Traceback (most recent call last)', 'level': 'error'}, {'substr': 'SyntaxError: ', 'level': 'error'}, {'substr': 'TypeError: ', 'level': 'error'}, {'substr': 'NameError: ', 'level': 'error'}, {'substr': 'ZeroDivisionError: ', 'level': 'error'}, {'regex': <_sre.SRE_Pattern object at 0x23183f0>, 'level': 'critical'}, {'regex': <_sre.SRE_Pattern object at 0x2318670>, 'level': 'critical'}], 'cwd': '/builds/slave/test/build', 'env': {'TMOUT': '86400', 'LOGNAME': 'cltbld', 'USER': 'cltbld', 'HOME': '/home/cltbld', 'PATH': '/usr/local/bin:/usr/local/bin:/usr/bin:/bin:/usr/local/games:/usr/games', 'DISPLAY': ':0', 'CCACHE_UMASK': '002', 'LANG': 'en_US.UTF-8', 'TERM': 'linux', 'SHELL': '/bin/bash', 'MOZ_NODE_PATH': '/usr/bin/node', 'XDG_SESSION_COOKIE': '9ca12473fbb1d023794ffd180000023c-1528502117.227300-36580333', 'SHLVL': '1', 'NO_FAIL_ON_TEST_ERRORS': '1', 'MOZ_NO_REMOTE': '1', 'MOZ_HIDE_RESULTS_TABLE': '1', 'MAIL': '/var/mail/cltbld', '_': '/tools/buildbot/bin/python', 'NODE_PATH': '/usr/lib/nodejs:/usr/lib/node_modules:/usr/share/javascript', 'PWD': '/builds/slave/test', 'PROPERTIES_FILE': '/builds/slave/test/buildprops.json', 'CCACHE_DIR': '/builds/ccache'}}, attempt #1
16:57:50     INFO - Running command: ['/builds/slave/test/build/venv/bin/pip', 'install', '--timeout', '120', '--no-index', '--find-links', 'http://pypi.pvt.build.mozilla.org/pub', '--find-links', 'http://pypi.pub.build.mozilla.org/pub', '--trusted-host', 'pypi.pub.build.mozilla.org', '--trusted-host', 'pypi.pvt.build.mozilla.org', 'pip>=1.5'] in /builds/slave/test/build
16:57:50     INFO - Copy/paste: /builds/slave/test/build/venv/bin/pip install --timeout 120 --no-index --find-links http://pypi.pvt.build.mozilla.org/pub --find-links http://pypi.pub.build.mozilla.org/pub --trusted-host pypi.pub.build.mozilla.org --trusted-host pypi.pvt.build.mozilla.org pip>=1.5
16:57:50     INFO - Using env: {'CCACHE_DIR': '/builds/ccache',
16:57:50     INFO -  'CCACHE_UMASK': '002',
16:57:50     INFO -  'DISPLAY': ':0',
16:57:50     INFO -  'HOME': '/home/cltbld',
16:57:50     INFO -  'LANG': 'en_US.UTF-8',
16:57:50     INFO -  'LOGNAME': 'cltbld',
16:57:50     INFO -  'MAIL': '/var/mail/cltbld',
16:57:50     INFO -  'MOZ_HIDE_RESULTS_TABLE': '1',
16:57:50     INFO -  'MOZ_NODE_PATH': '/usr/bin/node',
16:57:50     INFO -  'MOZ_NO_REMOTE': '1',
16:57:50     INFO -  'NODE_PATH': '/usr/lib/nodejs:/usr/lib/node_modules:/usr/share/javascript',
16:57:50     INFO -  'NO_FAIL_ON_TEST_ERRORS': '1',
16:57:50     INFO -  'PATH': '/usr/local/bin:/usr/local/bin:/usr/bin:/bin:/usr/local/games:/usr/games',
16:57:50     INFO -  'PROPERTIES_FILE': '/builds/slave/test/buildprops.json',
16:57:50     INFO -  'PWD': '/builds/slave/test',
16:57:50     INFO -  'SHELL': '/bin/bash',
16:57:50     INFO -  'SHLVL': '1',
16:57:50     INFO -  'TERM': 'linux',
16:57:50     INFO -  'TMOUT': '86400',
16:57:50     INFO -  'USER': 'cltbld',
16:57:50     INFO -  'XDG_SESSION_COOKIE': '9ca12473fbb1d023794ffd180000023c-1528502117.227300-36580333',
16:57:50     INFO -  '_': '/tools/buildbot/bin/python'}
16:57:51     INFO -  Ignoring indexes: https://pypi.python.org/simple
16:57:51     INFO -  Requirement already satisfied (use --upgrade to upgrade): pip>=1.5 in ./venv/lib/python2.7/site-packages
16:57:51     INFO - Return code: 0
16:57:51     INFO - Installing psutil==3.1.1 into virtualenv /builds/slave/test/build/venv
16:57:51     INFO - retry: Calling run_command with args: [['/builds/slave/test/build/venv/bin/pip', 'install', '--timeout', '120', '--no-index', '--find-links', 'http://pypi.pvt.build.mozilla.org/pub', '--find-links', 'http://pypi.pub.build.mozilla.org/pub', '--trusted-host', 'pypi.pub.build.mozilla.org', '--trusted-host', 'pypi.pvt.build.mozilla.org', 'psutil==3.1.1']], kwargs: {'error_level': 'warning', 'error_list': [{'substr': 'not found or a compiler error:', 'level': 'warning'}, {'regex': <_sre.SRE_Pattern object at 0x7fed0d211110>, 'level': 'error'}, {'regex': <_sre.SRE_Pattern object at 0x7fed0d319e40>, 'level': 'warning'}, {'regex': <_sre.SRE_Pattern object at 0x231a3e0>, 'level': 'debug'}, {'substr': 'command not found', 'level': 'error'}, {'regex': <_sre.SRE_Pattern object at 0x2316a90>, 'level': 'warning'}, {'substr': 'Traceback (most recent call last)', 'level': 'error'}, {'substr': 'SyntaxError: ', 'level': 'error'}, {'substr': 'TypeError: ', 'level': 'error'}, {'substr': 'NameError: ', 'level': 'error'}, {'substr': 'ZeroDivisionError: ', 'level': 'error'}, {'regex': <_sre.SRE_Pattern object at 0x23183f0>, 'level': 'critical'}, {'regex': <_sre.SRE_Pattern object at 0x2318670>, 'level': 'critical'}], 'cwd': '/builds/slave/test/build', 'env': {'TMOUT': '86400', 'LOGNAME': 'cltbld', 'USER': 'cltbld', 'HOME': '/home/cltbld', 'PATH': '/usr/local/bin:/usr/local/bin:/usr/bin:/bin:/usr/local/games:/usr/games', 'DISPLAY': ':0', 'CCACHE_UMASK': '002', 'LANG': 'en_US.UTF-8', 'TERM': 'linux', 'SHELL': '/bin/bash', 'MOZ_NODE_PATH': '/usr/bin/node', 'XDG_SESSION_COOKIE': '9ca12473fbb1d023794ffd180000023c-1528502117.227300-36580333', 'SHLVL': '1', 'NO_FAIL_ON_TEST_ERRORS': '1', 'MOZ_NO_REMOTE': '1', 'MOZ_HIDE_RESULTS_TABLE': '1', 'MAIL': '/var/mail/cltbld', '_': '/tools/buildbot/bin/python', 'NODE_PATH': '/usr/lib/nodejs:/usr/lib/node_modules:/usr/share/javascript', 'PWD': '/builds/slave/test', 'PROPERTIES_FILE': '/builds/slave/test/buildprops.json', 'CCACHE_DIR': '/builds/ccache'}}, attempt #1
16:57:51     INFO - Running command: ['/builds/slave/test/build/venv/bin/pip', 'install', '--timeout', '120', '--no-index', '--find-links', 'http://pypi.pvt.build.mozilla.org/pub', '--find-links', 'http://pypi.pub.build.mozilla.org/pub', '--trusted-host', 'pypi.pub.build.mozilla.org', '--trusted-host', 'pypi.pvt.build.mozilla.org', 'psutil==3.1.1'] in /builds/slave/test/build
16:57:51     INFO - Copy/paste: /builds/slave/test/build/venv/bin/pip install --timeout 120 --no-index --find-links http://pypi.pvt.build.mozilla.org/pub --find-links http://pypi.pub.build.mozilla.org/pub --trusted-host pypi.pub.build.mozilla.org --trusted-host pypi.pvt.build.mozilla.org psutil==3.1.1
16:57:51     INFO - Using env: {'CCACHE_DIR': '/builds/ccache',
16:57:51     INFO -  'CCACHE_UMASK': '002',
16:57:51     INFO -  'DISPLAY': ':0',
16:57:51     INFO -  'HOME': '/home/cltbld',
16:57:51     INFO -  'LANG': 'en_US.UTF-8',
16:57:51     INFO -  'LOGNAME': 'cltbld',
16:57:51     INFO -  'MAIL': '/var/mail/cltbld',
16:57:51     INFO -  'MOZ_HIDE_RESULTS_TABLE': '1',
16:57:51     INFO -  'MOZ_NODE_PATH': '/usr/bin/node',
16:57:51     INFO -  'MOZ_NO_REMOTE': '1',
16:57:51     INFO -  'NODE_PATH': '/usr/lib/nodejs:/usr/lib/node_modules:/usr/share/javascript',
16:57:51     INFO -  'NO_FAIL_ON_TEST_ERRORS': '1',
16:57:51     INFO -  'PATH': '/usr/local/bin:/usr/local/bin:/usr/bin:/bin:/usr/local/games:/usr/games',
16:57:51     INFO -  'PROPERTIES_FILE': '/builds/slave/test/buildprops.json',
16:57:51     INFO -  'PWD': '/builds/slave/test',
16:57:51     INFO -  'SHELL': '/bin/bash',
16:57:51     INFO -  'SHLVL': '1',
16:57:51     INFO -  'TERM': 'linux',
16:57:51     INFO -  'TMOUT': '86400',
16:57:51     INFO -  'USER': 'cltbld',
16:57:51     INFO -  'XDG_SESSION_COOKIE': '9ca12473fbb1d023794ffd180000023c-1528502117.227300-36580333',
16:57:51     INFO -  '_': '/tools/buildbot/bin/python'}
16:57:52     INFO -  Ignoring indexes: https://pypi.python.org/simple
16:57:52     INFO -  Collecting psutil==3.1.1
16:57:52     INFO -  /builds/slave/test/build/venv/lib/python2.7/site-packages/pip/_vendor/requests/packages/urllib3/util/ssl_.py:318: SNIMissingWarning: An HTTPS request has been made, but the SNI (Subject Name Indication) extension to TLS is not available on this platform. This may cause the server to present an incorrect TLS certificate, which can cause validation failures. You can upgrade to a newer version of Python to solve this. For more information, see https://urllib3.readthedocs.org/en/latest/security.html#snimissingwarning.
16:57:52     INFO -    SNIMissingWarning
16:57:52     INFO -  /builds/slave/test/build/venv/lib/python2.7/site-packages/pip/_vendor/requests/packages/urllib3/util/ssl_.py:122: InsecurePlatformWarning: A true SSLContext object is not available. This prevents urllib3 from configuring SSL appropriately and may cause certain SSL connections to fail. You can upgrade to a newer version of Python to solve this. For more information, see https://urllib3.readthedocs.org/en/latest/security.html#insecureplatformwarning.
16:57:52     INFO -    InsecurePlatformWarning
16:57:54     INFO -  /builds/slave/test/build/venv/lib/python2.7/site-packages/pip/_vendor/requests/packages/urllib3/util/ssl_.py:122: InsecurePlatformWarning: A true SSLContext object is not available. This prevents urllib3 from configuring SSL appropriately and may cause certain SSL connections to fail. You can upgrade to a newer version of Python to solve this. For more information, see https://urllib3.readthedocs.org/en/latest/security.html#insecureplatformwarning.
16:57:54     INFO -    InsecurePlatformWarning
16:57:59     INFO -    Downloading https://pypi.pvt.build.mozilla.org/pub/psutil-3.1.1.tar.gz (247kB)
16:58:00     INFO -  Building wheels for collected packages: psutil
16:58:00     INFO -    Running setup.py bdist_wheel for psutil: started
16:58:02     INFO -    Running setup.py bdist_wheel for psutil: finished with status 'done'
16:58:02     INFO -    Stored in directory: /home/cltbld/.cache/pip/wheels/1e/e6/25/f0494673fc8d727828e74362e3beb4cbaf34d8be516156ba0c
16:58:02     INFO -  Successfully built psutil
16:58:02     INFO -  Installing collected packages: psutil
16:58:02     INFO -    Found existing installation: psutil 5.4.3
16:58:02     INFO -      Uninstalling psutil-5.4.3:
16:58:02     INFO -        Successfully uninstalled psutil-5.4.3
16:58:02     INFO -  Successfully installed psutil-3.1.1
16:58:03     INFO - Return code: 0
16:58:03     INFO - Installing mock into virtualenv /builds/slave/test/build/venv
16:58:03     INFO - retry: Calling run_command with args: [['/builds/slave/test/build/venv/bin/pip', 'install', '--timeout', '120', '--no-index', '--find-links', 'http://pypi.pvt.build.mozilla.org/pub', '--find-links', 'http://pypi.pub.build.mozilla.org/pub', '--trusted-host', 'pypi.pub.build.mozilla.org', '--trusted-host', 'pypi.pvt.build.mozilla.org', 'mock']], kwargs: {'error_level': 'warning', 'error_list': [{'substr': 'not found or a compiler error:', 'level': 'warning'}, {'regex': <_sre.SRE_Pattern object at 0x7fed0d211110>, 'level': 'error'}, {'regex': <_sre.SRE_Pattern object at 0x7fed0d319e40>, 'level': 'warning'}, {'regex': <_sre.SRE_Pattern object at 0x231a3e0>, 'level': 'debug'}, {'substr': 'command not found', 'level': 'error'}, {'regex': <_sre.SRE_Pattern object at 0x2316a90>, 'level': 'warning'}, {'substr': 'Traceback (most recent call last)', 'level': 'error'}, {'substr': 'SyntaxError: ', 'level': 'error'}, {'substr': 'TypeError: ', 'level': 'error'}, {'substr': 'NameError: ', 'level': 'error'}, {'substr': 'ZeroDivisionError: ', 'level': 'error'}, {'regex': <_sre.SRE_Pattern object at 0x23183f0>, 'level': 'critical'}, {'regex': <_sre.SRE_Pattern object at 0x2318670>, 'level': 'critical'}], 'cwd': '/builds/slave/test/build', 'env': {'TMOUT': '86400', 'LOGNAME': 'cltbld', 'USER': 'cltbld', 'HOME': '/home/cltbld', 'PATH': '/usr/local/bin:/usr/local/bin:/usr/bin:/bin:/usr/local/games:/usr/games', 'DISPLAY': ':0', 'CCACHE_UMASK': '002', 'LANG': 'en_US.UTF-8', 'TERM': 'linux', 'SHELL': '/bin/bash', 'MOZ_NODE_PATH': '/usr/bin/node', 'XDG_SESSION_COOKIE': '9ca12473fbb1d023794ffd180000023c-1528502117.227300-36580333', 'SHLVL': '1', 'NO_FAIL_ON_TEST_ERRORS': '1', 'MOZ_NO_REMOTE': '1', 'MOZ_HIDE_RESULTS_TABLE': '1', 'MAIL': '/var/mail/cltbld', '_': '/tools/buildbot/bin/python', 'NODE_PATH': '/usr/lib/nodejs:/usr/lib/node_modules:/usr/share/javascript', 'PWD': '/builds/slave/test', 'PROPERTIES_FILE': '/builds/slave/test/buildprops.json', 'CCACHE_DIR': '/builds/ccache'}}, attempt #1
16:58:03     INFO - Running command: ['/builds/slave/test/build/venv/bin/pip', 'install', '--timeout', '120', '--no-index', '--find-links', 'http://pypi.pvt.build.mozilla.org/pub', '--find-links', 'http://pypi.pub.build.mozilla.org/pub', '--trusted-host', 'pypi.pub.build.mozilla.org', '--trusted-host', 'pypi.pvt.build.mozilla.org', 'mock'] in /builds/slave/test/build
16:58:03     INFO - Copy/paste: /builds/slave/test/build/venv/bin/pip install --timeout 120 --no-index --find-links http://pypi.pvt.build.mozilla.org/pub --find-links http://pypi.pub.build.mozilla.org/pub --trusted-host pypi.pub.build.mozilla.org --trusted-host pypi.pvt.build.mozilla.org mock
16:58:03     INFO - Using env: {'CCACHE_DIR': '/builds/ccache',
16:58:03     INFO -  'CCACHE_UMASK': '002',
16:58:03     INFO -  'DISPLAY': ':0',
16:58:03     INFO -  'HOME': '/home/cltbld',
16:58:03     INFO -  'LANG': 'en_US.UTF-8',
16:58:03     INFO -  'LOGNAME': 'cltbld',
16:58:03     INFO -  'MAIL': '/var/mail/cltbld',
16:58:03     INFO -  'MOZ_HIDE_RESULTS_TABLE': '1',
16:58:03     INFO -  'MOZ_NODE_PATH': '/usr/bin/node',
16:58:03     INFO -  'MOZ_NO_REMOTE': '1',
16:58:03     INFO -  'NODE_PATH': '/usr/lib/nodejs:/usr/lib/node_modules:/usr/share/javascript',
16:58:03     INFO -  'NO_FAIL_ON_TEST_ERRORS': '1',
16:58:03     INFO -  'PATH': '/usr/local/bin:/usr/local/bin:/usr/bin:/bin:/usr/local/games:/usr/games',
16:58:03     INFO -  'PROPERTIES_FILE': '/builds/slave/test/buildprops.json',
16:58:03     INFO -  'PWD': '/builds/slave/test',
16:58:03     INFO -  'SHELL': '/bin/bash',
16:58:03     INFO -  'SHLVL': '1',
16:58:03     INFO -  'TERM': 'linux',
16:58:03     INFO -  'TMOUT': '86400',
16:58:03     INFO -  'USER': 'cltbld',
16:58:03     INFO -  'XDG_SESSION_COOKIE': '9ca12473fbb1d023794ffd180000023c-1528502117.227300-36580333',
16:58:03     INFO -  '_': '/tools/buildbot/bin/python'}
16:58:04     INFO -  Ignoring indexes: https://pypi.python.org/simple
16:58:04     INFO -  Collecting mock
16:58:04     INFO -  /builds/slave/test/build/venv/lib/python2.7/site-packages/pip/_vendor/requests/packages/urllib3/util/ssl_.py:318: SNIMissingWarning: An HTTPS request has been made, but the SNI (Subject Name Indication) extension to TLS is not available on this platform. This may cause the server to present an incorrect TLS certificate, which can cause validation failures. You can upgrade to a newer version of Python to solve this. For more information, see https://urllib3.readthedocs.org/en/latest/security.html#snimissingwarning.
16:58:04     INFO -    SNIMissingWarning
16:58:04     INFO -  /builds/slave/test/build/venv/lib/python2.7/site-packages/pip/_vendor/requests/packages/urllib3/util/ssl_.py:122: InsecurePlatformWarning: A true SSLContext object is not available. This prevents urllib3 from configuring SSL appropriately and may cause certain SSL connections to fail. You can upgrade to a newer version of Python to solve this. For more information, see https://urllib3.readthedocs.org/en/latest/security.html#insecureplatformwarning.
16:58:04     INFO -    InsecurePlatformWarning
16:58:06     INFO -  /builds/slave/test/build/venv/lib/python2.7/site-packages/pip/_vendor/requests/packages/urllib3/util/ssl_.py:122: InsecurePlatformWarning: A true SSLContext object is not available. This prevents urllib3 from configuring SSL appropriately and may cause certain SSL connections to fail. You can upgrade to a newer version of Python to solve this. For more information, see https://urllib3.readthedocs.org/en/latest/security.html#insecureplatformwarning.
16:58:06     INFO -    InsecurePlatformWarning
16:58:12     INFO -    Downloading https://pypi.pvt.build.mozilla.org/pub/mock-1.0.1.tar.gz (818kB)
16:58:13     INFO -  Building wheels for collected packages: mock
16:58:13     INFO -    Running setup.py bdist_wheel for mock: started
16:58:14     INFO -    Running setup.py bdist_wheel for mock: finished with status 'done'
16:58:14     INFO -    Stored in directory: /home/cltbld/.cache/pip/wheels/42/d3/87/79283a2f50dfedbfad996edf7028483b27c5953e56856af7d0
16:58:14     INFO -  Successfully built mock
16:58:14     INFO -  Installing collected packages: mock
16:58:14     INFO -  Successfully installed mock-1.0.1
16:58:14     INFO - Return code: 0
16:58:14     INFO - Installing simplejson into virtualenv /builds/slave/test/build/venv
16:58:14     INFO - retry: Calling run_command with args: [['/builds/slave/test/build/venv/bin/pip', 'install', '--timeout', '120', '--no-index', '--find-links', 'http://pypi.pvt.build.mozilla.org/pub', '--find-links', 'http://pypi.pub.build.mozilla.org/pub', '--trusted-host', 'pypi.pub.build.mozilla.org', '--trusted-host', 'pypi.pvt.build.mozilla.org', 'simplejson']], kwargs: {'error_level': 'warning', 'error_list': [{'substr': 'not found or a compiler error:', 'level': 'warning'}, {'regex': <_sre.SRE_Pattern object at 0x7fed0d211110>, 'level': 'error'}, {'regex': <_sre.SRE_Pattern object at 0x7fed0d319e40>, 'level': 'warning'}, {'regex': <_sre.SRE_Pattern object at 0x231a3e0>, 'level': 'debug'}, {'substr': 'command not found', 'level': 'error'}, {'regex': <_sre.SRE_Pattern object at 0x2316a90>, 'level': 'warning'}, {'substr': 'Traceback (most recent call last)', 'level': 'error'}, {'substr': 'SyntaxError: ', 'level': 'error'}, {'substr': 'TypeError: ', 'level': 'error'}, {'substr': 'NameError: ', 'level': 'error'}, {'substr': 'ZeroDivisionError: ', 'level': 'error'}, {'regex': <_sre.SRE_Pattern object at 0x23183f0>, 'level': 'critical'}, {'regex': <_sre.SRE_Pattern object at 0x2318670>, 'level': 'critical'}], 'cwd': '/builds/slave/test/build', 'env': {'TMOUT': '86400', 'LOGNAME': 'cltbld', 'USER': 'cltbld', 'HOME': '/home/cltbld', 'PATH': '/usr/local/bin:/usr/local/bin:/usr/bin:/bin:/usr/local/games:/usr/games', 'DISPLAY': ':0', 'CCACHE_UMASK': '002', 'LANG': 'en_US.UTF-8', 'TERM': 'linux', 'SHELL': '/bin/bash', 'MOZ_NODE_PATH': '/usr/bin/node', 'XDG_SESSION_COOKIE': '9ca12473fbb1d023794ffd180000023c-1528502117.227300-36580333', 'SHLVL': '1', 'NO_FAIL_ON_TEST_ERRORS': '1', 'MOZ_NO_REMOTE': '1', 'MOZ_HIDE_RESULTS_TABLE': '1', 'MAIL': '/var/mail/cltbld', '_': '/tools/buildbot/bin/python', 'NODE_PATH': '/usr/lib/nodejs:/usr/lib/node_modules:/usr/share/javascript', 'PWD': '/builds/slave/test', 'PROPERTIES_FILE': '/builds/slave/test/buildprops.json', 'CCACHE_DIR': '/builds/ccache'}}, attempt #1
16:58:14     INFO - Running command: ['/builds/slave/test/build/venv/bin/pip', 'install', '--timeout', '120', '--no-index', '--find-links', 'http://pypi.pvt.build.mozilla.org/pub', '--find-links', 'http://pypi.pub.build.mozilla.org/pub', '--trusted-host', 'pypi.pub.build.mozilla.org', '--trusted-host', 'pypi.pvt.build.mozilla.org', 'simplejson'] in /builds/slave/test/build
16:58:14     INFO - Copy/paste: /builds/slave/test/build/venv/bin/pip install --timeout 120 --no-index --find-links http://pypi.pvt.build.mozilla.org/pub --find-links http://pypi.pub.build.mozilla.org/pub --trusted-host pypi.pub.build.mozilla.org --trusted-host pypi.pvt.build.mozilla.org simplejson
16:58:14     INFO - Using env: {'CCACHE_DIR': '/builds/ccache',
16:58:14     INFO -  'CCACHE_UMASK': '002',
16:58:14     INFO -  'DISPLAY': ':0',
16:58:14     INFO -  'HOME': '/home/cltbld',
16:58:14     INFO -  'LANG': 'en_US.UTF-8',
16:58:14     INFO -  'LOGNAME': 'cltbld',
16:58:14     INFO -  'MAIL': '/var/mail/cltbld',
16:58:14     INFO -  'MOZ_HIDE_RESULTS_TABLE': '1',
16:58:14     INFO -  'MOZ_NODE_PATH': '/usr/bin/node',
16:58:14     INFO -  'MOZ_NO_REMOTE': '1',
16:58:14     INFO -  'NODE_PATH': '/usr/lib/nodejs:/usr/lib/node_modules:/usr/share/javascript',
16:58:14     INFO -  'NO_FAIL_ON_TEST_ERRORS': '1',
16:58:14     INFO -  'PATH': '/usr/local/bin:/usr/local/bin:/usr/bin:/bin:/usr/local/games:/usr/games',
16:58:14     INFO -  'PROPERTIES_FILE': '/builds/slave/test/buildprops.json',
16:58:14     INFO -  'PWD': '/builds/slave/test',
16:58:14     INFO -  'SHELL': '/bin/bash',
16:58:14     INFO -  'SHLVL': '1',
16:58:14     INFO -  'TERM': 'linux',
16:58:14     INFO -  'TMOUT': '86400',
16:58:14     INFO -  'USER': 'cltbld',
16:58:14     INFO -  'XDG_SESSION_COOKIE': '9ca12473fbb1d023794ffd180000023c-1528502117.227300-36580333',
16:58:14     INFO -  '_': '/tools/buildbot/bin/python'}
16:58:15     INFO -  Ignoring indexes: https://pypi.python.org/simple
16:58:15     INFO -  Collecting simplejson
16:58:16     INFO -  /builds/slave/test/build/venv/lib/python2.7/site-packages/pip/_vendor/requests/packages/urllib3/util/ssl_.py:318: SNIMissingWarning: An HTTPS request has been made, but the SNI (Subject Name Indication) extension to TLS is not available on this platform. This may cause the server to present an incorrect TLS certificate, which can cause validation failures. You can upgrade to a newer version of Python to solve this. For more information, see https://urllib3.readthedocs.org/en/latest/security.html#snimissingwarning.
16:58:16     INFO -    SNIMissingWarning
16:58:16     INFO -  /builds/slave/test/build/venv/lib/python2.7/site-packages/pip/_vendor/requests/packages/urllib3/util/ssl_.py:122: InsecurePlatformWarning: A true SSLContext object is not available. This prevents urllib3 from configuring SSL appropriately and may cause certain SSL connections to fail. You can upgrade to a newer version of Python to solve this. For more information, see https://urllib3.readthedocs.org/en/latest/security.html#insecureplatformwarning.
16:58:16     INFO -    InsecurePlatformWarning
16:58:18     INFO -  /builds/slave/test/build/venv/lib/python2.7/site-packages/pip/_vendor/requests/packages/urllib3/util/ssl_.py:122: InsecurePlatformWarning: A true SSLContext object is not available. This prevents urllib3 from configuring SSL appropriately and may cause certain SSL connections to fail. You can upgrade to a newer version of Python to solve this. For more information, see https://urllib3.readthedocs.org/en/latest/security.html#insecureplatformwarning.
16:58:18     INFO -    InsecurePlatformWarning
16:58:23     INFO -    Downloading https://pypi.pvt.build.mozilla.org/pub/simplejson-3.3.0.tar.gz (67kB)
16:58:24     INFO -  Building wheels for collected packages: simplejson
16:58:24     INFO -    Running setup.py bdist_wheel for simplejson: started
16:58:26     INFO -    Running setup.py bdist_wheel for simplejson: finished with status 'done'
16:58:26     INFO -    Stored in directory: /home/cltbld/.cache/pip/wheels/b1/26/8f/72b2a349729d24b9c6aa399407fddd384f8814e045e6de407e
16:58:26     INFO -  Successfully built simplejson
16:58:26     INFO -  Installing collected packages: simplejson
16:58:26     INFO -  Successfully installed simplejson-3.3.0
16:58:26     INFO - Return code: 0
16:58:26     INFO - Installing None into virtualenv /builds/slave/test/build/venv
16:58:27     INFO - retry: Calling run_command with args: [['/builds/slave/test/build/venv/bin/pip', 'install', '--no-deps', '--timeout', '120', '-r', '/builds/slave/test/build/tests/config/marionette_requirements.txt', '--no-index', '--find-links', 'http://pypi.pvt.build.mozilla.org/pub', '--find-links', 'http://pypi.pub.build.mozilla.org/pub', '--trusted-host', 'pypi.pub.build.mozilla.org', '--trusted-host', 'pypi.pvt.build.mozilla.org']], kwargs: {'error_level': 'warning', 'error_list': [{'substr': 'not found or a compiler error:', 'level': 'warning'}, {'regex': <_sre.SRE_Pattern object at 0x7fed0d211110>, 'level': 'error'}, {'regex': <_sre.SRE_Pattern object at 0x7fed0d319e40>, 'level': 'warning'}, {'regex': <_sre.SRE_Pattern object at 0x231a3e0>, 'level': 'debug'}, {'substr': 'command not found', 'level': 'error'}, {'regex': <_sre.SRE_Pattern object at 0x2316a90>, 'level': 'warning'}, {'substr': 'Traceback (most recent call last)', 'level': 'error'}, {'substr': 'SyntaxError: ', 'level': 'error'}, {'substr': 'TypeError: ', 'level': 'error'}, {'substr': 'NameError: ', 'level': 'error'}, {'substr': 'ZeroDivisionError: ', 'level': 'error'}, {'regex': <_sre.SRE_Pattern object at 0x23183f0>, 'level': 'critical'}, {'regex': <_sre.SRE_Pattern object at 0x2318670>, 'level': 'critical'}], 'cwd': '/builds/slave/test/build/tests/config', 'env': {'TMOUT': '86400', 'LOGNAME': 'cltbld', 'USER': 'cltbld', 'HOME': '/home/cltbld', 'PATH': '/usr/local/bin:/usr/local/bin:/usr/bin:/bin:/usr/local/games:/usr/games', 'DISPLAY': ':0', 'CCACHE_UMASK': '002', 'LANG': 'en_US.UTF-8', 'TERM': 'linux', 'SHELL': '/bin/bash', 'MOZ_NODE_PATH': '/usr/bin/node', 'XDG_SESSION_COOKIE': '9ca12473fbb1d023794ffd180000023c-1528502117.227300-36580333', 'SHLVL': '1', 'NO_FAIL_ON_TEST_ERRORS': '1', 'MOZ_NO_REMOTE': '1', 'MOZ_HIDE_RESULTS_TABLE': '1', 'MAIL': '/var/mail/cltbld', '_': '/tools/buildbot/bin/python', 'NODE_PATH': '/usr/lib/nodejs:/usr/lib/node_modules:/usr/share/javascript', 'PWD': '/builds/slave/test', 'PROPERTIES_FILE': '/builds/slave/test/buildprops.json', 'CCACHE_DIR': '/builds/ccache'}}, attempt #1
16:58:27     INFO - Running command: ['/builds/slave/test/build/venv/bin/pip', 'install', '--no-deps', '--timeout', '120', '-r', '/builds/slave/test/build/tests/config/marionette_requirements.txt', '--no-index', '--find-links', 'http://pypi.pvt.build.mozilla.org/pub', '--find-links', 'http://pypi.pub.build.mozilla.org/pub', '--trusted-host', 'pypi.pub.build.mozilla.org', '--trusted-host', 'pypi.pvt.build.mozilla.org'] in /builds/slave/test/build/tests/config
16:58:27     INFO - Copy/paste: /builds/slave/test/build/venv/bin/pip install --no-deps --timeout 120 -r /builds/slave/test/build/tests/config/marionette_requirements.txt --no-index --find-links http://pypi.pvt.build.mozilla.org/pub --find-links http://pypi.pub.build.mozilla.org/pub --trusted-host pypi.pub.build.mozilla.org --trusted-host pypi.pvt.build.mozilla.org
16:58:27     INFO - Using env: {'CCACHE_DIR': '/builds/ccache',
16:58:27     INFO -  'CCACHE_UMASK': '002',
16:58:27     INFO -  'DISPLAY': ':0',
16:58:27     INFO -  'HOME': '/home/cltbld',
16:58:27     INFO -  'LANG': 'en_US.UTF-8',
16:58:27     INFO -  'LOGNAME': 'cltbld',
16:58:27     INFO -  'MAIL': '/var/mail/cltbld',
16:58:27     INFO -  'MOZ_HIDE_RESULTS_TABLE': '1',
16:58:27     INFO -  'MOZ_NODE_PATH': '/usr/bin/node',
16:58:27     INFO -  'MOZ_NO_REMOTE': '1',
16:58:27     INFO -  'NODE_PATH': '/usr/lib/nodejs:/usr/lib/node_modules:/usr/share/javascript',
16:58:27     INFO -  'NO_FAIL_ON_TEST_ERRORS': '1',
16:58:27     INFO -  'PATH': '/usr/local/bin:/usr/local/bin:/usr/bin:/bin:/usr/local/games:/usr/games',
16:58:27     INFO -  'PROPERTIES_FILE': '/builds/slave/test/buildprops.json',
16:58:27     INFO -  'PWD': '/builds/slave/test',
16:58:27     INFO -  'SHELL': '/bin/bash',
16:58:27     INFO -  'SHLVL': '1',
16:58:27     INFO -  'TERM': 'linux',
16:58:27     INFO -  'TMOUT': '86400',
16:58:27     INFO -  'USER': 'cltbld',
16:58:27     INFO -  'XDG_SESSION_COOKIE': '9ca12473fbb1d023794ffd180000023c-1528502117.227300-36580333',
16:58:27     INFO -  '_': '/tools/buildbot/bin/python'}
16:58:27     INFO -  Ignoring indexes: https://pypi.python.org/simple
16:58:27     INFO -  Processing /builds/slave/test/build/tests/mozbase/manifestparser
16:58:28     INFO -    Requirement already satisfied (use --upgrade to upgrade): manifestparser==1.1 from file:///builds/slave/test/build/tests/mozbase/manifestparser in /builds/slave/test/build/venv/lib/python2.7/site-packages (from -r /builds/slave/test/build/tests/config/mozbase_requirements.txt (line 1))
16:58:28     INFO -  Processing /builds/slave/test/build/tests/mozbase/mozcrash
16:58:28     INFO -    Requirement already satisfied (use --upgrade to upgrade): mozcrash==1.0 from file:///builds/slave/test/build/tests/mozbase/mozcrash in /builds/slave/test/build/venv/lib/python2.7/site-packages (from -r /builds/slave/test/build/tests/config/mozbase_requirements.txt (line 2))
16:58:28     INFO -  Processing /builds/slave/test/build/tests/mozbase/mozdebug
16:58:29     INFO -    Requirement already satisfied (use --upgrade to upgrade): mozdebug==0.1 from file:///builds/slave/test/build/tests/mozbase/mozdebug in /builds/slave/test/build/venv/lib/python2.7/site-packages (from -r /builds/slave/test/build/tests/config/mozbase_requirements.txt (line 3))
16:58:29     INFO -  Processing /builds/slave/test/build/tests/mozbase/mozdevice
16:58:29     INFO -    Requirement already satisfied (use --upgrade to upgrade): mozdevice==0.48 from file:///builds/slave/test/build/tests/mozbase/mozdevice in /builds/slave/test/build/venv/lib/python2.7/site-packages (from -r /builds/slave/test/build/tests/config/mozbase_requirements.txt (line 4))
16:58:29     INFO -  Processing /builds/slave/test/build/tests/mozbase/mozfile
16:58:30     INFO -    Requirement already satisfied (use --upgrade to upgrade): mozfile==1.2 from file:///builds/slave/test/build/tests/mozbase/mozfile in /builds/slave/test/build/venv/lib/python2.7/site-packages (from -r /builds/slave/test/build/tests/config/mozbase_requirements.txt (line 5))
16:58:30     INFO -  Processing /builds/slave/test/build/tests/mozbase/mozhttpd
16:58:30     INFO -    Requirement already satisfied (use --upgrade to upgrade): mozhttpd==0.7 from file:///builds/slave/test/build/tests/mozbase/mozhttpd in /builds/slave/test/build/venv/lib/python2.7/site-packages (from -r /builds/slave/test/build/tests/config/mozbase_requirements.txt (line 6))
16:58:30     INFO -  Processing /builds/slave/test/build/tests/mozbase/mozinfo
16:58:30     INFO -    Requirement already satisfied (use --upgrade to upgrade): mozinfo==0.9 from file:///builds/slave/test/build/tests/mozbase/mozinfo in /builds/slave/test/build/venv/lib/python2.7/site-packages (from -r /builds/slave/test/build/tests/config/mozbase_requirements.txt (line 7))
16:58:30     INFO -  Processing /builds/slave/test/build/tests/mozbase/mozinstall
16:58:31     INFO -    Requirement already satisfied (use --upgrade to upgrade): mozInstall==1.12 from file:///builds/slave/test/build/tests/mozbase/mozinstall in /builds/slave/test/build/venv/lib/python2.7/site-packages (from -r /builds/slave/test/build/tests/config/mozbase_requirements.txt (line 8))
16:58:31     INFO -  Processing /builds/slave/test/build/tests/mozbase/mozleak
16:58:31     INFO -    Requirement already satisfied (use --upgrade to upgrade): mozleak==0.1 from file:///builds/slave/test/build/tests/mozbase/mozleak in /builds/slave/test/build/venv/lib/python2.7/site-packages (from -r /builds/slave/test/build/tests/config/mozbase_requirements.txt (line 9))
16:58:31     INFO -  Processing /builds/slave/test/build/tests/mozbase/mozlog
16:58:32     INFO -    Requirement already satisfied (use --upgrade to upgrade): mozlog==3.4 from file:///builds/slave/test/build/tests/mozbase/mozlog in /builds/slave/test/build/venv/lib/python2.7/site-packages (from -r /builds/slave/test/build/tests/config/mozbase_requirements.txt (line 10))
16:58:32     INFO -  Processing /builds/slave/test/build/tests/mozbase/moznetwork
16:58:32     INFO -    Requirement already satisfied (use --upgrade to upgrade): moznetwork==0.27 from file:///builds/slave/test/build/tests/mozbase/moznetwork in /builds/slave/test/build/venv/lib/python2.7/site-packages (from -r /builds/slave/test/build/tests/config/mozbase_requirements.txt (line 11))
16:58:32     INFO -  Processing /builds/slave/test/build/tests/mozbase/mozprocess
16:58:32     INFO -    Requirement already satisfied (use --upgrade to upgrade): mozprocess==0.23 from file:///builds/slave/test/build/tests/mozbase/mozprocess in /builds/slave/test/build/venv/lib/python2.7/site-packages (from -r /builds/slave/test/build/tests/config/mozbase_requirements.txt (line 12))
16:58:32     INFO -  Processing /builds/slave/test/build/tests/mozbase/mozprofile
16:58:33     INFO -    Requirement already satisfied (use --upgrade to upgrade): mozprofile==0.28 from file:///builds/slave/test/build/tests/mozbase/mozprofile in /builds/slave/test/build/venv/lib/python2.7/site-packages (from -r /builds/slave/test/build/tests/config/mozbase_requirements.txt (line 13))
16:58:33     INFO -  Processing /builds/slave/test/build/tests/mozbase/mozrunner
16:58:33     INFO -    Requirement already satisfied (use --upgrade to upgrade): mozrunner==6.13 from file:///builds/slave/test/build/tests/mozbase/mozrunner in /builds/slave/test/build/venv/lib/python2.7/site-packages (from -r /builds/slave/test/build/tests/config/mozbase_requirements.txt (line 14))
16:58:33     INFO -  Processing /builds/slave/test/build/tests/mozbase/mozscreenshot
16:58:34     INFO -    Requirement already satisfied (use --upgrade to upgrade): mozscreenshot==0.1 from file:///builds/slave/test/build/tests/mozbase/mozscreenshot in /builds/slave/test/build/venv/lib/python2.7/site-packages (from -r /builds/slave/test/build/tests/config/mozbase_requirements.txt (line 15))
16:58:34     INFO -  Processing /builds/slave/test/build/tests/mozbase/moztest
16:58:34     INFO -    Requirement already satisfied (use --upgrade to upgrade): moztest==0.8 from file:///builds/slave/test/build/tests/mozbase/moztest in /builds/slave/test/build/venv/lib/python2.7/site-packages (from -r /builds/slave/test/build/tests/config/mozbase_requirements.txt (line 16))
16:58:34     INFO -  Processing /builds/slave/test/build/tests/mozbase/mozversion
16:58:34     INFO -    Requirement already satisfied (use --upgrade to upgrade): mozversion==1.4 from file:///builds/slave/test/build/tests/mozbase/mozversion in /builds/slave/test/build/venv/lib/python2.7/site-packages (from -r /builds/slave/test/build/tests/config/mozbase_requirements.txt (line 17))
16:58:34     INFO -  Processing /builds/slave/test/build/tests/tools/wptserve
16:58:35     INFO -  Processing /builds/slave/test/build/tests/marionette/client
16:58:35     INFO -  Processing /builds/slave/test/build/tests/marionette/harness/marionette_harness/runner/mixins/browsermob-proxy-py
16:58:36     INFO -  Processing /builds/slave/test/build/tests/marionette/harness
16:58:36     INFO -  Processing /builds/slave/test/build/tests/marionette/puppeteer/firefox
16:58:37     INFO -  Building wheels for collected packages: browsermob-proxy
16:58:37     INFO -    Running setup.py bdist_wheel for browsermob-proxy: started
16:58:37     INFO -    Running setup.py bdist_wheel for browsermob-proxy: finished with status 'done'
16:58:37     INFO -    Stored in directory: /home/cltbld/.cache/pip/wheels/10/00/c1/79bb793b6a7eb4dca9dfd244010f550ae5044951bcd23c261e
16:58:37     INFO -  Successfully built browsermob-proxy
16:58:37     INFO -  Installing collected packages: wptserve, marionette-driver, browsermob-proxy, marionette-harness, firefox-puppeteer
16:58:37     INFO -    Running setup.py install for wptserve: started
16:58:38     INFO -      Running setup.py install for wptserve: finished with status 'done'
16:58:38     INFO -    Running setup.py install for marionette-driver: started
16:58:38     INFO -      Running setup.py install for marionette-driver: finished with status 'done'
16:58:38     INFO -    Running setup.py install for marionette-harness: started
16:58:39     INFO -      Running setup.py install for marionette-harness: finished with status 'done'
16:58:39     INFO -    Running setup.py install for firefox-puppeteer: started
16:58:40     INFO -      Running setup.py install for firefox-puppeteer: finished with status 'done'
16:58:40     INFO -  Successfully installed browsermob-proxy-0.6.0 firefox-puppeteer-52.1.0 marionette-driver-2.2.0 marionette-harness-4.0.0 wptserve-1.4.0
16:58:40     INFO - Return code: 0
16:58:40     INFO - Installing None into virtualenv /builds/slave/test/build/venv
16:58:40     INFO - retry: Calling run_command with args: [['/builds/slave/test/build/venv/bin/pip', 'install', '--timeout', '120', '-r', '/builds/slave/test/build/tests/config/marionette_requirements.txt', '--no-index', '--find-links', 'http://pypi.pvt.build.mozilla.org/pub', '--find-links', 'http://pypi.pub.build.mozilla.org/pub', '--trusted-host', 'pypi.pub.build.mozilla.org', '--trusted-host', 'pypi.pvt.build.mozilla.org']], kwargs: {'error_level': 'warning', 'error_list': [{'substr': 'not found or a compiler error:', 'level': 'warning'}, {'regex': <_sre.SRE_Pattern object at 0x7fed0d211110>, 'level': 'error'}, {'regex': <_sre.SRE_Pattern object at 0x7fed0d319e40>, 'level': 'warning'}, {'regex': <_sre.SRE_Pattern object at 0x231a3e0>, 'level': 'debug'}, {'substr': 'command not found', 'level': 'error'}, {'regex': <_sre.SRE_Pattern object at 0x2316a90>, 'level': 'warning'}, {'substr': 'Traceback (most recent call last)', 'level': 'error'}, {'substr': 'SyntaxError: ', 'level': 'error'}, {'substr': 'TypeError: ', 'level': 'error'}, {'substr': 'NameError: ', 'level': 'error'}, {'substr': 'ZeroDivisionError: ', 'level': 'error'}, {'regex': <_sre.SRE_Pattern object at 0x23183f0>, 'level': 'critical'}, {'regex': <_sre.SRE_Pattern object at 0x2318670>, 'level': 'critical'}], 'cwd': '/builds/slave/test/build/tests/config', 'env': {'TMOUT': '86400', 'LOGNAME': 'cltbld', 'USER': 'cltbld', 'HOME': '/home/cltbld', 'PATH': '/usr/local/bin:/usr/local/bin:/usr/bin:/bin:/usr/local/games:/usr/games', 'DISPLAY': ':0', 'CCACHE_UMASK': '002', 'LANG': 'en_US.UTF-8', 'TERM': 'linux', 'SHELL': '/bin/bash', 'MOZ_NODE_PATH': '/usr/bin/node', 'XDG_SESSION_COOKIE': '9ca12473fbb1d023794ffd180000023c-1528502117.227300-36580333', 'SHLVL': '1', 'NO_FAIL_ON_TEST_ERRORS': '1', 'MOZ_NO_REMOTE': '1', 'MOZ_HIDE_RESULTS_TABLE': '1', 'MAIL': '/var/mail/cltbld', '_': '/tools/buildbot/bin/python', 'NODE_PATH': '/usr/lib/nodejs:/usr/lib/node_modules:/usr/share/javascript', 'PWD': '/builds/slave/test', 'PROPERTIES_FILE': '/builds/slave/test/buildprops.json', 'CCACHE_DIR': '/builds/ccache'}}, attempt #1
16:58:40     INFO - Running command: ['/builds/slave/test/build/venv/bin/pip', 'install', '--timeout', '120', '-r', '/builds/slave/test/build/tests/config/marionette_requirements.txt', '--no-index', '--find-links', 'http://pypi.pvt.build.mozilla.org/pub', '--find-links', 'http://pypi.pub.build.mozilla.org/pub', '--trusted-host', 'pypi.pub.build.mozilla.org', '--trusted-host', 'pypi.pvt.build.mozilla.org'] in /builds/slave/test/build/tests/config
16:58:40     INFO - Copy/paste: /builds/slave/test/build/venv/bin/pip install --timeout 120 -r /builds/slave/test/build/tests/config/marionette_requirements.txt --no-index --find-links http://pypi.pvt.build.mozilla.org/pub --find-links http://pypi.pub.build.mozilla.org/pub --trusted-host pypi.pub.build.mozilla.org --trusted-host pypi.pvt.build.mozilla.org
16:58:40     INFO - Using env: {'CCACHE_DIR': '/builds/ccache',
16:58:40     INFO -  'CCACHE_UMASK': '002',
16:58:40     INFO -  'DISPLAY': ':0',
16:58:40     INFO -  'HOME': '/home/cltbld',
16:58:40     INFO -  'LANG': 'en_US.UTF-8',
16:58:40     INFO -  'LOGNAME': 'cltbld',
16:58:40     INFO -  'MAIL': '/var/mail/cltbld',
16:58:40     INFO -  'MOZ_HIDE_RESULTS_TABLE': '1',
16:58:40     INFO -  'MOZ_NODE_PATH': '/usr/bin/node',
16:58:40     INFO -  'MOZ_NO_REMOTE': '1',
16:58:40     INFO -  'NODE_PATH': '/usr/lib/nodejs:/usr/lib/node_modules:/usr/share/javascript',
16:58:40     INFO -  'NO_FAIL_ON_TEST_ERRORS': '1',
16:58:40     INFO -  'PATH': '/usr/local/bin:/usr/local/bin:/usr/bin:/bin:/usr/local/games:/usr/games',
16:58:40     INFO -  'PROPERTIES_FILE': '/builds/slave/test/buildprops.json',
16:58:40     INFO -  'PWD': '/builds/slave/test',
16:58:40     INFO -  'SHELL': '/bin/bash',
16:58:40     INFO -  'SHLVL': '1',
16:58:40     INFO -  'TERM': 'linux',
16:58:40     INFO -  'TMOUT': '86400',
16:58:40     INFO -  'USER': 'cltbld',
16:58:40     INFO -  'XDG_SESSION_COOKIE': '9ca12473fbb1d023794ffd180000023c-1528502117.227300-36580333',
16:58:40     INFO -  '_': '/tools/buildbot/bin/python'}
16:58:41     INFO -  Ignoring indexes: https://pypi.python.org/simple
16:58:41     INFO -  Processing /builds/slave/test/build/tests/mozbase/manifestparser
16:58:42     INFO -    Requirement already satisfied (use --upgrade to upgrade): manifestparser==1.1 from file:///builds/slave/test/build/tests/mozbase/manifestparser in /builds/slave/test/build/venv/lib/python2.7/site-packages (from -r /builds/slave/test/build/tests/config/mozbase_requirements.txt (line 1))
16:58:42     INFO -  Processing /builds/slave/test/build/tests/mozbase/mozcrash
16:58:42     INFO -    Requirement already satisfied (use --upgrade to upgrade): mozcrash==1.0 from file:///builds/slave/test/build/tests/mozbase/mozcrash in /builds/slave/test/build/venv/lib/python2.7/site-packages (from -r /builds/slave/test/build/tests/config/mozbase_requirements.txt (line 2))
16:58:42     INFO -  Processing /builds/slave/test/build/tests/mozbase/mozdebug
16:58:42     INFO -    Requirement already satisfied (use --upgrade to upgrade): mozdebug==0.1 from file:///builds/slave/test/build/tests/mozbase/mozdebug in /builds/slave/test/build/venv/lib/python2.7/site-packages (from -r /builds/slave/test/build/tests/config/mozbase_requirements.txt (line 3))
16:58:42     INFO -  Processing /builds/slave/test/build/tests/mozbase/mozdevice
16:58:43     INFO -    Requirement already satisfied (use --upgrade to upgrade): mozdevice==0.48 from file:///builds/slave/test/build/tests/mozbase/mozdevice in /builds/slave/test/build/venv/lib/python2.7/site-packages (from -r /builds/slave/test/build/tests/config/mozbase_requirements.txt (line 4))
16:58:43     INFO -  Processing /builds/slave/test/build/tests/mozbase/mozfile
16:58:43     INFO -    Requirement already satisfied (use --upgrade to upgrade): mozfile==1.2 from file:///builds/slave/test/build/tests/mozbase/mozfile in /builds/slave/test/build/venv/lib/python2.7/site-packages (from -r /builds/slave/test/build/tests/config/mozbase_requirements.txt (line 5))
16:58:43     INFO -  Processing /builds/slave/test/build/tests/mozbase/mozhttpd
16:58:44     INFO -    Requirement already satisfied (use --upgrade to upgrade): mozhttpd==0.7 from file:///builds/slave/test/build/tests/mozbase/mozhttpd in /builds/slave/test/build/venv/lib/python2.7/site-packages (from -r /builds/slave/test/build/tests/config/mozbase_requirements.txt (line 6))
16:58:44     INFO -  Processing /builds/slave/test/build/tests/mozbase/mozinfo
16:58:44     INFO -    Requirement already satisfied (use --upgrade to upgrade): mozinfo==0.9 from file:///builds/slave/test/build/tests/mozbase/mozinfo in /builds/slave/test/build/venv/lib/python2.7/site-packages (from -r /builds/slave/test/build/tests/config/mozbase_requirements.txt (line 7))
16:58:44     INFO -  Processing /builds/slave/test/build/tests/mozbase/mozinstall
16:58:44     INFO -    Requirement already satisfied (use --upgrade to upgrade): mozInstall==1.12 from file:///builds/slave/test/build/tests/mozbase/mozinstall in /builds/slave/test/build/venv/lib/python2.7/site-packages (from -r /builds/slave/test/build/tests/config/mozbase_requirements.txt (line 8))
16:58:44     INFO -  Processing /builds/slave/test/build/tests/mozbase/mozleak
16:58:45     INFO -    Requirement already satisfied (use --upgrade to upgrade): mozleak==0.1 from file:///builds/slave/test/build/tests/mozbase/mozleak in /builds/slave/test/build/venv/lib/python2.7/site-packages (from -r /builds/slave/test/build/tests/config/mozbase_requirements.txt (line 9))
16:58:45     INFO -  Processing /builds/slave/test/build/tests/mozbase/mozlog
16:58:45     INFO -    Requirement already satisfied (use --upgrade to upgrade): mozlog==3.4 from file:///builds/slave/test/build/tests/mozbase/mozlog in /builds/slave/test/build/venv/lib/python2.7/site-packages (from -r /builds/slave/test/build/tests/config/mozbase_requirements.txt (line 10))
16:58:45     INFO -  Processing /builds/slave/test/build/tests/mozbase/moznetwork
16:58:46     INFO -    Requirement already satisfied (use --upgrade to upgrade): moznetwork==0.27 from file:///builds/slave/test/build/tests/mozbase/moznetwork in /builds/slave/test/build/venv/lib/python2.7/site-packages (from -r /builds/slave/test/build/tests/config/mozbase_requirements.txt (line 11))
16:58:46     INFO -  Processing /builds/slave/test/build/tests/mozbase/mozprocess
16:58:46     INFO -    Requirement already satisfied (use --upgrade to upgrade): mozprocess==0.23 from file:///builds/slave/test/build/tests/mozbase/mozprocess in /builds/slave/test/build/venv/lib/python2.7/site-packages (from -r /builds/slave/test/build/tests/config/mozbase_requirements.txt (line 12))
16:58:46     INFO -  Processing /builds/slave/test/build/tests/mozbase/mozprofile
16:58:47     INFO -    Requirement already satisfied (use --upgrade to upgrade): mozprofile==0.28 from file:///builds/slave/test/build/tests/mozbase/mozprofile in /builds/slave/test/build/venv/lib/python2.7/site-packages (from -r /builds/slave/test/build/tests/config/mozbase_requirements.txt (line 13))
16:58:47     INFO -  Processing /builds/slave/test/build/tests/mozbase/mozrunner
16:58:47     INFO -    Requirement already satisfied (use --upgrade to upgrade): mozrunner==6.13 from file:///builds/slave/test/build/tests/mozbase/mozrunner in /builds/slave/test/build/venv/lib/python2.7/site-packages (from -r /builds/slave/test/build/tests/config/mozbase_requirements.txt (line 14))
16:58:47     INFO -  Processing /builds/slave/test/build/tests/mozbase/mozscreenshot
16:58:47     INFO -    Requirement already satisfied (use --upgrade to upgrade): mozscreenshot==0.1 from file:///builds/slave/test/build/tests/mozbase/mozscreenshot in /builds/slave/test/build/venv/lib/python2.7/site-packages (from -r /builds/slave/test/build/tests/config/mozbase_requirements.txt (line 15))
16:58:47     INFO -  Processing /builds/slave/test/build/tests/mozbase/moztest
16:58:48     INFO -    Requirement already satisfied (use --upgrade to upgrade): moztest==0.8 from file:///builds/slave/test/build/tests/mozbase/moztest in /builds/slave/test/build/venv/lib/python2.7/site-packages (from -r /builds/slave/test/build/tests/config/mozbase_requirements.txt (line 16))
16:58:48     INFO -  Processing /builds/slave/test/build/tests/mozbase/mozversion
16:58:48     INFO -    Requirement already satisfied (use --upgrade to upgrade): mozversion==1.4 from file:///builds/slave/test/build/tests/mozbase/mozversion in /builds/slave/test/build/venv/lib/python2.7/site-packages (from -r /builds/slave/test/build/tests/config/mozbase_requirements.txt (line 17))
16:58:48     INFO -  Processing /builds/slave/test/build/tests/tools/wptserve
16:58:49     INFO -    Requirement already satisfied (use --upgrade to upgrade): wptserve==1.4.0 from file:///builds/slave/test/build/tests/tools/wptserve in /builds/slave/test/build/venv/lib/python2.7/site-packages (from -r /builds/slave/test/build/tests/config/marionette_requirements.txt (line 3))
16:58:49     INFO -  Processing /builds/slave/test/build/tests/marionette/client
16:58:49     INFO -    Requirement already satisfied (use --upgrade to upgrade): marionette-driver==2.2.0 from file:///builds/slave/test/build/tests/marionette/client in /builds/slave/test/build/venv/lib/python2.7/site-packages (from -r /builds/slave/test/build/tests/config/marionette_requirements.txt (line 4))
16:58:49     INFO -  Processing /builds/slave/test/build/tests/marionette/harness/marionette_harness/runner/mixins/browsermob-proxy-py
16:58:49     INFO -    Requirement already satisfied (use --upgrade to upgrade): browsermob-proxy==0.6.0 from file:///builds/slave/test/build/tests/marionette/harness/marionette_harness/runner/mixins/browsermob-proxy-py in /builds/slave/test/build/venv/lib/python2.7/site-packages (from -r /builds/slave/test/build/tests/config/marionette_requirements.txt (line 5))
16:58:49     INFO -  Processing /builds/slave/test/build/tests/marionette/harness
16:58:50     INFO -    Requirement already satisfied (use --upgrade to upgrade): marionette-harness==4.0.0 from file:///builds/slave/test/build/tests/marionette/harness in /builds/slave/test/build/venv/lib/python2.7/site-packages (from -r /builds/slave/test/build/tests/config/marionette_requirements.txt (line 6))
16:58:50     INFO -  Processing /builds/slave/test/build/tests/marionette/puppeteer/firefox
16:58:50     INFO -    Requirement already satisfied (use --upgrade to upgrade): firefox-puppeteer==52.1.0 from file:///builds/slave/test/build/tests/marionette/puppeteer/firefox in /builds/slave/test/build/venv/lib/python2.7/site-packages (from -r /builds/slave/test/build/tests/config/marionette_requirements.txt (line 9))
16:58:50     INFO -  Requirement already satisfied (use --upgrade to upgrade): mozfile>=1.0 in /builds/slave/test/build/venv/lib/python2.7/site-packages (from mozcrash==1.0->-r /builds/slave/test/build/tests/config/mozbase_requirements.txt (line 2))
16:58:50     INFO -  Requirement already satisfied (use --upgrade to upgrade): mozlog>=3.0 in /builds/slave/test/build/venv/lib/python2.7/site-packages (from mozcrash==1.0->-r /builds/slave/test/build/tests/config/mozbase_requirements.txt (line 2))
16:58:50     INFO -  Requirement already satisfied (use --upgrade to upgrade): mozinfo in /builds/slave/test/build/venv/lib/python2.7/site-packages (from mozdebug==0.1->-r /builds/slave/test/build/tests/config/mozbase_requirements.txt (line 3))
16:58:50     INFO -  Requirement already satisfied (use --upgrade to upgrade): moznetwork>=0.24 in /builds/slave/test/build/venv/lib/python2.7/site-packages (from mozdevice==0.48->-r /builds/slave/test/build/tests/config/mozbase_requirements.txt (line 4))
16:58:50     INFO -  Requirement already satisfied (use --upgrade to upgrade): mozprocess>=0.19 in /builds/slave/test/build/venv/lib/python2.7/site-packages (from mozdevice==0.48->-r /builds/slave/test/build/tests/config/mozbase_requirements.txt (line 4))
16:58:50     INFO -  Requirement already satisfied (use --upgrade to upgrade): blessings>=1.3 in /builds/slave/test/build/venv/lib/python2.7/site-packages (from mozlog==3.4->-r /builds/slave/test/build/tests/config/mozbase_requirements.txt (line 10))
16:58:50     INFO -  Requirement already satisfied (use --upgrade to upgrade): requests>=1.1.0 in /builds/slave/test/build/venv/lib/python2.7/site-packages (from browsermob-proxy==0.6.0->-r /builds/slave/test/build/tests/config/marionette_requirements.txt (line 5))
16:58:50     INFO -  Building wheels for collected packages: browsermob-proxy
16:58:50     INFO -    Running setup.py bdist_wheel for browsermob-proxy: started
16:58:51     INFO -    Running setup.py bdist_wheel for browsermob-proxy: finished with status 'done'
16:58:51     INFO -    Stored in directory: /home/cltbld/.cache/pip/wheels/10/00/c1/79bb793b6a7eb4dca9dfd244010f550ae5044951bcd23c261e
16:58:51     INFO -  Successfully built browsermob-proxy
16:58:51     INFO - Return code: 0
16:58:51     INFO - Installing None into virtualenv /builds/slave/test/build/venv
16:58:51     INFO - retry: Calling run_command with args: [['/builds/slave/test/build/venv/bin/pip', 'install', '--no-deps', '--timeout', '120', '-r', '/builds/slave/test/build/tests/mochitest/websocketprocessbridge/websocketprocessbridge_requirements.txt', '--no-index', '--find-links', 'http://pypi.pvt.build.mozilla.org/pub', '--find-links', 'http://pypi.pub.build.mozilla.org/pub', '--trusted-host', 'pypi.pub.build.mozilla.org', '--trusted-host', 'pypi.pvt.build.mozilla.org']], kwargs: {'error_level': 'warning', 'error_list': [{'substr': 'not found or a compiler error:', 'level': 'warning'}, {'regex': <_sre.SRE_Pattern object at 0x7fed0d211110>, 'level': 'error'}, {'regex': <_sre.SRE_Pattern object at 0x7fed0d319e40>, 'level': 'warning'}, {'regex': <_sre.SRE_Pattern object at 0x231a3e0>, 'level': 'debug'}, {'substr': 'command not found', 'level': 'error'}, {'regex': <_sre.SRE_Pattern object at 0x2316a90>, 'level': 'warning'}, {'substr': 'Traceback (most recent call last)', 'level': 'error'}, {'substr': 'SyntaxError: ', 'level': 'error'}, {'substr': 'TypeError: ', 'level': 'error'}, {'substr': 'NameError: ', 'level': 'error'}, {'substr': 'ZeroDivisionError: ', 'level': 'error'}, {'regex': <_sre.SRE_Pattern object at 0x23183f0>, 'level': 'critical'}, {'regex': <_sre.SRE_Pattern object at 0x2318670>, 'level': 'critical'}], 'cwd': '/builds/slave/test/build/tests/mochitest/websocketprocessbridge', 'env': {'TMOUT': '86400', 'LOGNAME': 'cltbld', 'USER': 'cltbld', 'HOME': '/home/cltbld', 'PATH': '/usr/local/bin:/usr/local/bin:/usr/bin:/bin:/usr/local/games:/usr/games', 'DISPLAY': ':0', 'CCACHE_UMASK': '002', 'LANG': 'en_US.UTF-8', 'TERM': 'linux', 'SHELL': '/bin/bash', 'MOZ_NODE_PATH': '/usr/bin/node', 'XDG_SESSION_COOKIE': '9ca12473fbb1d023794ffd180000023c-1528502117.227300-36580333', 'SHLVL': '1', 'NO_FAIL_ON_TEST_ERRORS': '1', 'MOZ_NO_REMOTE': '1', 'MOZ_HIDE_RESULTS_TABLE': '1', 'MAIL': '/var/mail/cltbld', '_': '/tools/buildbot/bin/python', 'NODE_PATH': '/usr/lib/nodejs:/usr/lib/node_modules:/usr/share/javascript', 'PWD': '/builds/slave/test', 'PROPERTIES_FILE': '/builds/slave/test/buildprops.json', 'CCACHE_DIR': '/builds/ccache'}}, attempt #1
16:58:51     INFO - Running command: ['/builds/slave/test/build/venv/bin/pip', 'install', '--no-deps', '--timeout', '120', '-r', '/builds/slave/test/build/tests/mochitest/websocketprocessbridge/websocketprocessbridge_requirements.txt', '--no-index', '--find-links', 'http://pypi.pvt.build.mozilla.org/pub', '--find-links', 'http://pypi.pub.build.mozilla.org/pub', '--trusted-host', 'pypi.pub.build.mozilla.org', '--trusted-host', 'pypi.pvt.build.mozilla.org'] in /builds/slave/test/build/tests/mochitest/websocketprocessbridge
16:58:51     INFO - Copy/paste: /builds/slave/test/build/venv/bin/pip install --no-deps --timeout 120 -r /builds/slave/test/build/tests/mochitest/websocketprocessbridge/websocketprocessbridge_requirements.txt --no-index --find-links http://pypi.pvt.build.mozilla.org/pub --find-links http://pypi.pub.build.mozilla.org/pub --trusted-host pypi.pub.build.mozilla.org --trusted-host pypi.pvt.build.mozilla.org
16:58:51     INFO - Using env: {'CCACHE_DIR': '/builds/ccache',
16:58:51     INFO -  'CCACHE_UMASK': '002',
16:58:51     INFO -  'DISPLAY': ':0',
16:58:51     INFO -  'HOME': '/home/cltbld',
16:58:51     INFO -  'LANG': 'en_US.UTF-8',
16:58:51     INFO -  'LOGNAME': 'cltbld',
16:58:51     INFO -  'MAIL': '/var/mail/cltbld',
16:58:51     INFO -  'MOZ_HIDE_RESULTS_TABLE': '1',
16:58:51     INFO -  'MOZ_NODE_PATH': '/usr/bin/node',
16:58:51     INFO -  'MOZ_NO_REMOTE': '1',
16:58:51     INFO -  'NODE_PATH': '/usr/lib/nodejs:/usr/lib/node_modules:/usr/share/javascript',
16:58:51     INFO -  'NO_FAIL_ON_TEST_ERRORS': '1',
16:58:51     INFO -  'PATH': '/usr/local/bin:/usr/local/bin:/usr/bin:/bin:/usr/local/games:/usr/games',
16:58:51     INFO -  'PROPERTIES_FILE': '/builds/slave/test/buildprops.json',
16:58:51     INFO -  'PWD': '/builds/slave/test',
16:58:51     INFO -  'SHELL': '/bin/bash',
16:58:51     INFO -  'SHLVL': '1',
16:58:51     INFO -  'TERM': 'linux',
16:58:51     INFO -  'TMOUT': '86400',
16:58:51     INFO -  'USER': 'cltbld',
16:58:51     INFO -  'XDG_SESSION_COOKIE': '9ca12473fbb1d023794ffd180000023c-1528502117.227300-36580333',
16:58:51     INFO -  '_': '/tools/buildbot/bin/python'}
16:58:52     INFO -  Ignoring indexes: https://pypi.python.org/simple
16:58:52     INFO -  Collecting six==1.10.0 (from -r /builds/slave/test/build/tests/mochitest/websocketprocessbridge/websocketprocessbridge_requirements.txt (line 2))
16:58:52     INFO -  /builds/slave/test/build/venv/lib/python2.7/site-packages/pip/_vendor/requests/packages/urllib3/util/ssl_.py:318: SNIMissingWarning: An HTTPS request has been made, but the SNI (Subject Name Indication) extension to TLS is not available on this platform. This may cause the server to present an incorrect TLS certificate, which can cause validation failures. You can upgrade to a newer version of Python to solve this. For more information, see https://urllib3.readthedocs.org/en/latest/security.html#snimissingwarning.
16:58:52     INFO -    SNIMissingWarning
16:58:52     INFO -  /builds/slave/test/build/venv/lib/python2.7/site-packages/pip/_vendor/requests/packages/urllib3/util/ssl_.py:122: InsecurePlatformWarning: A true SSLContext object is not available. This prevents urllib3 from configuring SSL appropriately and may cause certain SSL connections to fail. You can upgrade to a newer version of Python to solve this. For more information, see https://urllib3.readthedocs.org/en/latest/security.html#insecureplatformwarning.
16:58:52     INFO -    InsecurePlatformWarning
16:58:54     INFO -  /builds/slave/test/build/venv/lib/python2.7/site-packages/pip/_vendor/requests/packages/urllib3/util/ssl_.py:122: InsecurePlatformWarning: A true SSLContext object is not available. This prevents urllib3 from configuring SSL appropriately and may cause certain SSL connections to fail. You can upgrade to a newer version of Python to solve this. For more information, see https://urllib3.readthedocs.org/en/latest/security.html#insecureplatformwarning.
16:58:54     INFO -    InsecurePlatformWarning
16:58:59     INFO -    Downloading https://pypi.pvt.build.mozilla.org/pub/six-1.10.0-py2.py3-none-any.whl
16:58:59     INFO -  Collecting twisted==10.2.0 (from -r /builds/slave/test/build/tests/mochitest/websocketprocessbridge/websocketprocessbridge_requirements.txt (line 4))
16:59:06     INFO -    Downloading https://pypi.pvt.build.mozilla.org/pub/Twisted-10.2.0.tar.gz (1.9MB)
16:59:08     INFO -  Collecting txws==0.9.1 (from -r /builds/slave/test/build/tests/mochitest/websocketprocessbridge/websocketprocessbridge_requirements.txt (line 7))
16:59:14     INFO -    Downloading https://pypi.pvt.build.mozilla.org/pub/txWS-0.9.1.tar.gz
16:59:18     INFO -  Requirement already satisfied (use --upgrade to upgrade): psutil==3.1.1 in /builds/slave/test/build/venv/lib/python2.7/site-packages (from -r /builds/slave/test/build/tests/mochitest/websocketprocessbridge/websocketprocessbridge_requirements.txt (line 9))
16:59:18     INFO -  Collecting ipaddr==2.1.11 (from -r /builds/slave/test/build/tests/mochitest/websocketprocessbridge/websocketprocessbridge_requirements.txt (line 12))
16:59:24     INFO -    Downloading https://pypi.pvt.build.mozilla.org/pub/ipaddr-2.1.11.tar.gz
16:59:24     INFO -  Collecting passlib==1.6.5 (from -r /builds/slave/test/build/tests/mochitest/websocketprocessbridge/websocketprocessbridge_requirements.txt (line 13))
16:59:30     INFO -    Downloading https://pypi.pvt.build.mozilla.org/pub/passlib-1.6.5-py2.py3-none-any.whl (317kB)
16:59:30     INFO -  Building wheels for collected packages: twisted, txws, ipaddr
16:59:30     INFO -    Running setup.py bdist_wheel for twisted: started
16:59:33     INFO -    Running setup.py bdist_wheel for twisted: finished with status 'done'
16:59:33     INFO -    Stored in directory: /home/cltbld/.cache/pip/wheels/2a/06/64/df4bef56496f61aee018cad118db54f7a03015723d10662b26
16:59:34     INFO -    Running setup.py bdist_wheel for txws: started
16:59:34     INFO -    Running setup.py bdist_wheel for txws: finished with status 'done'
16:59:34     INFO -    Stored in directory: /home/cltbld/.cache/pip/wheels/51/f5/78/51b5dd281cb5c86337c41faadc891bd5089a07842da35b9248
16:59:34     INFO -    Running setup.py bdist_wheel for ipaddr: started
16:59:35     INFO -    Running setup.py bdist_wheel for ipaddr: finished with status 'done'
16:59:35     INFO -    Stored in directory: /home/cltbld/.cache/pip/wheels/6a/e7/d2/68af1df9a4dd7fd032c9375a12bd438c6fa81ee69d5e07993f
16:59:35     INFO -  Successfully built twisted txws ipaddr
16:59:35     INFO -  Installing collected packages: six, twisted, txws, ipaddr, passlib
16:59:39     INFO -  Successfully installed ipaddr-2.1.11 passlib-1.6.5 six-1.10.0 twisted-10.2.0 txws-0.9.1
16:59:39     INFO - Return code: 0
16:59:39     INFO - Installing None into virtualenv /builds/slave/test/build/venv
16:59:39     INFO - retry: Calling run_command with args: [['/builds/slave/test/build/venv/bin/pip', 'install', '--timeout', '120', '-r', '/builds/slave/test/build/tests/mochitest/websocketprocessbridge/websocketprocessbridge_requirements.txt', '--no-index', '--find-links', 'http://pypi.pvt.build.mozilla.org/pub', '--find-links', 'http://pypi.pub.build.mozilla.org/pub', '--trusted-host', 'pypi.pub.build.mozilla.org', '--trusted-host', 'pypi.pvt.build.mozilla.org']], kwargs: {'error_level': 'warning', 'error_list': [{'substr': 'not found or a compiler error:', 'level': 'warning'}, {'regex': <_sre.SRE_Pattern object at 0x7fed0d211110>, 'level': 'error'}, {'regex': <_sre.SRE_Pattern object at 0x7fed0d319e40>, 'level': 'warning'}, {'regex': <_sre.SRE_Pattern object at 0x231a3e0>, 'level': 'debug'}, {'substr': 'command not found', 'level': 'error'}, {'regex': <_sre.SRE_Pattern object at 0x2316a90>, 'level': 'warning'}, {'substr': 'Traceback (most recent call last)', 'level': 'error'}, {'substr': 'SyntaxError: ', 'level': 'error'}, {'substr': 'TypeError: ', 'level': 'error'}, {'substr': 'NameError: ', 'level': 'error'}, {'substr': 'ZeroDivisionError: ', 'level': 'error'}, {'regex': <_sre.SRE_Pattern object at 0x23183f0>, 'level': 'critical'}, {'regex': <_sre.SRE_Pattern object at 0x2318670>, 'level': 'critical'}], 'cwd': '/builds/slave/test/build/tests/mochitest/websocketprocessbridge', 'env': {'TMOUT': '86400', 'LOGNAME': 'cltbld', 'USER': 'cltbld', 'HOME': '/home/cltbld', 'PATH': '/usr/local/bin:/usr/local/bin:/usr/bin:/bin:/usr/local/games:/usr/games', 'DISPLAY': ':0', 'CCACHE_UMASK': '002', 'LANG': 'en_US.UTF-8', 'TERM': 'linux', 'SHELL': '/bin/bash', 'MOZ_NODE_PATH': '/usr/bin/node', 'XDG_SESSION_COOKIE': '9ca12473fbb1d023794ffd180000023c-1528502117.227300-36580333', 'SHLVL': '1', 'NO_FAIL_ON_TEST_ERRORS': '1', 'MOZ_NO_REMOTE': '1', 'MOZ_HIDE_RESULTS_TABLE': '1', 'MAIL': '/var/mail/cltbld', '_': '/tools/buildbot/bin/python', 'NODE_PATH': '/usr/lib/nodejs:/usr/lib/node_modules:/usr/share/javascript', 'PWD': '/builds/slave/test', 'PROPERTIES_FILE': '/builds/slave/test/buildprops.json', 'CCACHE_DIR': '/builds/ccache'}}, attempt #1
16:59:39     INFO - Running command: ['/builds/slave/test/build/venv/bin/pip', 'install', '--timeout', '120', '-r', '/builds/slave/test/build/tests/mochitest/websocketprocessbridge/websocketprocessbridge_requirements.txt', '--no-index', '--find-links', 'http://pypi.pvt.build.mozilla.org/pub', '--find-links', 'http://pypi.pub.build.mozilla.org/pub', '--trusted-host', 'pypi.pub.build.mozilla.org', '--trusted-host', 'pypi.pvt.build.mozilla.org'] in /builds/slave/test/build/tests/mochitest/websocketprocessbridge
16:59:39     INFO - Copy/paste: /builds/slave/test/build/venv/bin/pip install --timeout 120 -r /builds/slave/test/build/tests/mochitest/websocketprocessbridge/websocketprocessbridge_requirements.txt --no-index --find-links http://pypi.pvt.build.mozilla.org/pub --find-links http://pypi.pub.build.mozilla.org/pub --trusted-host pypi.pub.build.mozilla.org --trusted-host pypi.pvt.build.mozilla.org
16:59:39     INFO - Using env: {'CCACHE_DIR': '/builds/ccache',
16:59:39     INFO -  'CCACHE_UMASK': '002',
16:59:39     INFO -  'DISPLAY': ':0',
16:59:39     INFO -  'HOME': '/home/cltbld',
16:59:39     INFO -  'LANG': 'en_US.UTF-8',
16:59:39     INFO -  'LOGNAME': 'cltbld',
16:59:39     INFO -  'MAIL': '/var/mail/cltbld',
16:59:39     INFO -  'MOZ_HIDE_RESULTS_TABLE': '1',
16:59:39     INFO -  'MOZ_NODE_PATH': '/usr/bin/node',
16:59:39     INFO -  'MOZ_NO_REMOTE': '1',
16:59:39     INFO -  'NODE_PATH': '/usr/lib/nodejs:/usr/lib/node_modules:/usr/share/javascript',
16:59:39     INFO -  'NO_FAIL_ON_TEST_ERRORS': '1',
16:59:39     INFO -  'PATH': '/usr/local/bin:/usr/local/bin:/usr/bin:/bin:/usr/local/games:/usr/games',
16:59:39     INFO -  'PROPERTIES_FILE': '/builds/slave/test/buildprops.json',
16:59:39     INFO -  'PWD': '/builds/slave/test',
16:59:39     INFO -  'SHELL': '/bin/bash',
16:59:39     INFO -  'SHLVL': '1',
16:59:39     INFO -  'TERM': 'linux',
16:59:39     INFO -  'TMOUT': '86400',
16:59:39     INFO -  'USER': 'cltbld',
16:59:39     INFO -  'XDG_SESSION_COOKIE': '9ca12473fbb1d023794ffd180000023c-1528502117.227300-36580333',
16:59:39     INFO -  '_': '/tools/buildbot/bin/python'}
16:59:40     INFO -  Ignoring indexes: https://pypi.python.org/simple
16:59:40     INFO -  Requirement already satisfied (use --upgrade to upgrade): six==1.10.0 in /builds/slave/test/build/venv/lib/python2.7/site-packages (from -r /builds/slave/test/build/tests/mochitest/websocketprocessbridge/websocketprocessbridge_requirements.txt (line 2))
16:59:40     INFO -  Requirement already satisfied (use --upgrade to upgrade): twisted==10.2.0 in /builds/slave/test/build/venv/lib/python2.7/site-packages (from -r /builds/slave/test/build/tests/mochitest/websocketprocessbridge/websocketprocessbridge_requirements.txt (line 4))
16:59:40     INFO -  Requirement already satisfied (use --upgrade to upgrade): txws==0.9.1 in /builds/slave/test/build/venv/lib/python2.7/site-packages (from -r /builds/slave/test/build/tests/mochitest/websocketprocessbridge/websocketprocessbridge_requirements.txt (line 7))
16:59:40     INFO -  Requirement already satisfied (use --upgrade to upgrade): psutil==3.1.1 in /builds/slave/test/build/venv/lib/python2.7/site-packages (from -r /builds/slave/test/build/tests/mochitest/websocketprocessbridge/websocketprocessbridge_requirements.txt (line 9))
16:59:40     INFO -  Requirement already satisfied (use --upgrade to upgrade): ipaddr==2.1.11 in /builds/slave/test/build/venv/lib/python2.7/site-packages (from -r /builds/slave/test/build/tests/mochitest/websocketprocessbridge/websocketprocessbridge_requirements.txt (line 12))
16:59:40     INFO -  Requirement already satisfied (use --upgrade to upgrade): passlib==1.6.5 in /builds/slave/test/build/venv/lib/python2.7/site-packages (from -r /builds/slave/test/build/tests/mochitest/websocketprocessbridge/websocketprocessbridge_requirements.txt (line 13))
16:59:40     INFO -  Collecting zope.interface (from twisted==10.2.0->-r /builds/slave/test/build/tests/mochitest/websocketprocessbridge/websocketprocessbridge_requirements.txt (line 4))
16:59:41     INFO -  /builds/slave/test/build/venv/lib/python2.7/site-packages/pip/_vendor/requests/packages/urllib3/util/ssl_.py:318: SNIMissingWarning: An HTTPS request has been made, but the SNI (Subject Name Indication) extension to TLS is not available on this platform. This may cause the server to present an incorrect TLS certificate, which can cause validation failures. You can upgrade to a newer version of Python to solve this. For more information, see https://urllib3.readthedocs.org/en/latest/security.html#snimissingwarning.
16:59:41     INFO -    SNIMissingWarning
16:59:41     INFO -  /builds/slave/test/build/venv/lib/python2.7/site-packages/pip/_vendor/requests/packages/urllib3/util/ssl_.py:122: InsecurePlatformWarning: A true SSLContext object is not available. This prevents urllib3 from configuring SSL appropriately and may cause certain SSL connections to fail. You can upgrade to a newer version of Python to solve this. For more information, see https://urllib3.readthedocs.org/en/latest/security.html#insecureplatformwarning.
16:59:41     INFO -    InsecurePlatformWarning
16:59:42     INFO -  /builds/slave/test/build/venv/lib/python2.7/site-packages/pip/_vendor/requests/packages/urllib3/util/ssl_.py:122: InsecurePlatformWarning: A true SSLContext object is not available. This prevents urllib3 from configuring SSL appropriately and may cause certain SSL connections to fail. You can upgrade to a newer version of Python to solve this. For more information, see https://urllib3.readthedocs.org/en/latest/security.html#insecureplatformwarning.
16:59:42     INFO -    InsecurePlatformWarning
16:59:48     INFO -    Downloading https://pypi.pvt.build.mozilla.org/pub/zope.interface-4.0.2.tar.gz (139kB)
16:59:49     INFO -  Requirement already satisfied (use --upgrade to upgrade): setuptools in /builds/slave/test/build/venv/lib/python2.7/site-packages (from zope.interface->twisted==10.2.0->-r /builds/slave/test/build/tests/mochitest/websocketprocessbridge/websocketprocessbridge_requirements.txt (line 4))
16:59:49     INFO -  Building wheels for collected packages: zope.interface
16:59:49     INFO -    Running setup.py bdist_wheel for zope.interface: started
16:59:50     INFO -    Running setup.py bdist_wheel for zope.interface: finished with status 'done'
16:59:50     INFO -    Stored in directory: /home/cltbld/.cache/pip/wheels/54/5c/71/e718400d2babcda41f4d97864183e1268dab308acc88e22470
16:59:50     INFO -  Successfully built zope.interface
16:59:50     INFO -  Installing collected packages: zope.interface
16:59:50     INFO -  Successfully installed zope.interface-4.0.2
16:59:51     INFO - Return code: 0
16:59:51     INFO - Done creating virtualenv /builds/slave/test/build/venv.
16:59:51     INFO - Getting output from command: ['/builds/slave/test/build/venv/bin/pip', 'freeze']
16:59:51     INFO - Copy/paste: /builds/slave/test/build/venv/bin/pip freeze
16:59:53     INFO - Reading from file tmpfile_stdout
16:59:53     INFO - Reading from file tmpfile_stderr
16:59:53     INFO - Current package versions:
16:59:53     INFO -   Twisted == 10.2.0
16:59:53     INFO -   blessings == 1.6
16:59:53     INFO -   blobuploader == 1.2.4
16:59:53     INFO -   browsermob-proxy == 0.6.0
16:59:53     INFO -   docopt == 0.6.1
16:59:53     INFO -   firefox-puppeteer == 52.1.0
16:59:53     INFO -   functools32 == 3.2.3.post2
16:59:53     INFO -   ipaddr == 2.1.11
16:59:53     INFO -   jsonschema == 2.5.1
16:59:53     INFO -   manifestparser == 1.1
16:59:53     INFO -   marionette-driver == 2.2.0
16:59:53     INFO -   marionette-harness == 4.0.0
16:59:53     INFO -   mock == 1.0.1
16:59:53     INFO -   mozInstall == 1.12
16:59:53     INFO -   mozcrash == 1.0
16:59:53     INFO -   mozdebug == 0.1
16:59:53     INFO -   mozdevice == 0.48
16:59:53     INFO -   mozfile == 1.2
16:59:53     INFO -   mozhttpd == 0.7
16:59:53     INFO -   mozinfo == 0.9
16:59:53     INFO -   mozleak == 0.1
16:59:53     INFO -   mozlog == 3.4
16:59:53     INFO -   moznetwork == 0.27
16:59:53     INFO -   mozprocess == 0.23
16:59:53     INFO -   mozprofile == 0.28
16:59:53     INFO -   mozrunner == 6.13
16:59:53     INFO -   mozscreenshot == 0.1
16:59:53     INFO -   mozsystemmonitor == 0.3
16:59:53     INFO -   moztest == 0.8
16:59:53     INFO -   mozversion == 1.4
16:59:53     INFO -   passlib == 1.6.5
16:59:53     INFO -   psutil == 3.1.1
16:59:53     INFO -   requests == 1.2.3
16:59:53     INFO -   simplejson == 3.3.0
16:59:53     INFO -   six == 1.10.0
16:59:53     INFO -   txWS == 0.9.1
16:59:53     INFO -   wptserve == 1.4.0
16:59:53     INFO -   zope.interface == 4.0.2
16:59:53     INFO - Running post-action listener: _resource_record_post_action
16:59:53     INFO - Running post-action listener: _start_resource_monitoring
16:59:53     INFO - Starting resource monitoring.
16:59:53     INFO - [mozharness: 2018-06-08 23:59:53.088791Z] Finished create-virtualenv step (success)
16:59:53     INFO - [mozharness: 2018-06-08 23:59:53.091289Z] Running install step.
16:59:53     INFO - Running pre-action listener: _resource_record_pre_action
16:59:53     INFO - Running main action method: install
16:59:53     INFO - Getting output from command: ['/builds/slave/test/build/venv/bin/pip', 'freeze']
16:59:53     INFO - Copy/paste: /builds/slave/test/build/venv/bin/pip freeze
16:59:54     INFO - Reading from file tmpfile_stdout
16:59:54     INFO - Reading from file tmpfile_stderr
16:59:54     INFO - Detecting whether we're running mozinstall >=1.0...
16:59:54     INFO - Getting output from command: ['/builds/slave/test/build/venv/bin/mozinstall', '-h']
16:59:54     INFO - Copy/paste: /builds/slave/test/build/venv/bin/mozinstall -h
16:59:54     INFO - Reading from file tmpfile_stdout
16:59:54     INFO - Output received:
16:59:54     INFO -  Usage: mozinstall [options] installer
16:59:54     INFO -  Options:
16:59:54     INFO -    -h, --help            show this help message and exit
16:59:54     INFO -    -d DEST, --destination=DEST
16:59:54     INFO -                          Directory to install application into. [default:
16:59:54     INFO -                          "/builds/slave/test"]
16:59:54     INFO -    --app=APP             Application being installed. [default: firefox]
16:59:54     INFO - mkdir: /builds/slave/test/build/application
16:59:54     INFO - Getting output from command: ['/builds/slave/test/build/venv/bin/mozinstall', '/builds/slave/test/build/installer.tar.bz2', '--destination', '/builds/slave/test/build/application']
16:59:54     INFO - Copy/paste: /builds/slave/test/build/venv/bin/mozinstall /builds/slave/test/build/installer.tar.bz2 --destination /builds/slave/test/build/application
17:00:18     INFO - Reading from file tmpfile_stdout
17:00:18     INFO - Output received:
17:00:18     INFO -  /builds/slave/test/build/application/firefox/firefox
17:00:18     INFO - Running post-action listener: _resource_record_post_action
17:00:18     INFO - [mozharness: 2018-06-09 00:00:18.712208Z] Finished install step (success)
17:00:18     INFO - [mozharness: 2018-06-09 00:00:18.712631Z] Running stage-files step.
17:00:18     INFO - Running pre-action listener: _resource_record_pre_action
17:00:18     INFO - Running main action method: stage_files
17:00:18     INFO - Running post-action listener: _resource_record_post_action
17:00:18     INFO - [mozharness: 2018-06-09 00:00:18.714400Z] Finished stage-files step (success)
17:00:18     INFO - [mozharness: 2018-06-09 00:00:18.714813Z] Running run-tests step.
17:00:18     INFO - Running pre-action listener: _resource_record_pre_action
17:00:18     INFO - Running pre-action listener: _set_gcov_prefix
17:00:18     INFO - Running main action method: run_tests
17:00:18     INFO - Running pre test command disable_screen_saver with 'xset s off s reset'
17:00:18     INFO - Running command: ['xset', 's', 'off', 's', 'reset'] in /builds/slave/test/build
17:00:18     INFO - Copy/paste: xset s off s reset
17:00:18     INFO - Return code: 0
17:00:18     INFO - #### Running mochitest suites
17:00:18     INFO - Structured output parser in use for mochitest.
17:00:18     INFO - grabbing minidump binary from tooltool
17:00:18     INFO - retry: Calling run_command with args: (['/tools/tooltool.py', '--url', 'https://api.pub.build.mozilla.org/tooltool/', '--authentication-file', '/builds/relengapi.tok', 'fetch', '-m', '/builds/slave/test/build/tests/config/tooltool-manifests/linux64/releng.manifest', '-o', '-c', '/builds/tooltool_cache'],), kwargs: {'output_timeout': 600, 'error_list': [{'substr': 'command not found', 'level': 'error'}, {'regex': <_sre.SRE_Pattern object at 0x2316a90>, 'level': 'warning'}, {'substr': 'Traceback (most recent call last)', 'level': 'error'}, {'substr': 'SyntaxError: ', 'level': 'error'}, {'substr': 'TypeError: ', 'level': 'error'}, {'substr': 'NameError: ', 'level': 'error'}, {'substr': 'ZeroDivisionError: ', 'level': 'error'}, {'regex': <_sre.SRE_Pattern object at 0x23183f0>, 'level': 'critical'}, {'regex': <_sre.SRE_Pattern object at 0x2318670>, 'level': 'critical'}, {'substr': 'ERROR - ', 'level': 'error'}], 'cwd': '/builds/slave/test/build', 'privileged': False}, attempt #1
17:00:18     INFO - Running command: ['/tools/tooltool.py', '--url', 'https://api.pub.build.mozilla.org/tooltool/', '--authentication-file', '/builds/relengapi.tok', 'fetch', '-m', '/builds/slave/test/build/tests/config/tooltool-manifests/linux64/releng.manifest', '-o', '-c', '/builds/tooltool_cache'] in /builds/slave/test/build
17:00:18     INFO - Copy/paste: /tools/tooltool.py --url https://api.pub.build.mozilla.org/tooltool/ --authentication-file /builds/relengapi.tok fetch -m /builds/slave/test/build/tests/config/tooltool-manifests/linux64/releng.manifest -o -c /builds/tooltool_cache
17:00:18     INFO - Calling ['/tools/tooltool.py', '--url', 'https://api.pub.build.mozilla.org/tooltool/', '--authentication-file', '/builds/relengapi.tok', 'fetch', '-m', '/builds/slave/test/build/tests/config/tooltool-manifests/linux64/releng.manifest', '-o', '-c', '/builds/tooltool_cache'] with output_timeout 600
17:00:18     INFO -  INFO - File linux64-minidump_stackwalk not present in local cache folder /builds/tooltool_cache
17:00:18     INFO -  INFO - Attempting to fetch from 'https://api.pub.build.mozilla.org/tooltool/'...
17:00:20     INFO -  INFO - File linux64-minidump_stackwalk fetched from https://api.pub.build.mozilla.org/tooltool/ as /builds/slave/test/build/tmp5JAJgK
17:00:20     INFO -  INFO - File integrity verified, renaming tmp5JAJgK to linux64-minidump_stackwalk
17:00:20     INFO -  INFO - Updating local cache /builds/tooltool_cache...
17:00:20     INFO -  INFO - Local cache /builds/tooltool_cache updated with linux64-minidump_stackwalk
17:00:20     INFO - Return code: 0
17:00:20     INFO - Chmoding /builds/slave/test/build/linux64-minidump_stackwalk to 0755
17:00:20     INFO - grabbing nodejs binary from tooltool
17:00:20     INFO - retry: Calling run_command with args: (['/tools/tooltool.py', '--url', 'https://api.pub.build.mozilla.org/tooltool/', '--authentication-file', '/builds/relengapi.tok', 'fetch', '-m', '/builds/slave/test/build/tests/config/tooltool-manifests/linux64/nodejs.manifest', '-o', '-c', '/builds/tooltool_cache'],), kwargs: {'output_timeout': 600, 'error_list': [{'substr': 'command not found', 'level': 'error'}, {'regex': <_sre.SRE_Pattern object at 0x2316a90>, 'level': 'warning'}, {'substr': 'Traceback (most recent call last)', 'level': 'error'}, {'substr': 'SyntaxError: ', 'level': 'error'}, {'substr': 'TypeError: ', 'level': 'error'}, {'substr': 'NameError: ', 'level': 'error'}, {'substr': 'ZeroDivisionError: ', 'level': 'error'}, {'regex': <_sre.SRE_Pattern object at 0x23183f0>, 'level': 'critical'}, {'regex': <_sre.SRE_Pattern object at 0x2318670>, 'level': 'critical'}, {'substr': 'ERROR - ', 'level': 'error'}], 'cwd': '/builds/slave/test/build', 'privileged': False}, attempt #1
17:00:20     INFO - Running command: ['/tools/tooltool.py', '--url', 'https://api.pub.build.mozilla.org/tooltool/', '--authentication-file', '/builds/relengapi.tok', 'fetch', '-m', '/builds/slave/test/build/tests/config/tooltool-manifests/linux64/nodejs.manifest', '-o', '-c', '/builds/tooltool_cache'] in /builds/slave/test/build
17:00:20     INFO - Copy/paste: /tools/tooltool.py --url https://api.pub.build.mozilla.org/tooltool/ --authentication-file /builds/relengapi.tok fetch -m /builds/slave/test/build/tests/config/tooltool-manifests/linux64/nodejs.manifest -o -c /builds/tooltool_cache
17:00:20     INFO - Calling ['/tools/tooltool.py', '--url', 'https://api.pub.build.mozilla.org/tooltool/', '--authentication-file', '/builds/relengapi.tok', 'fetch', '-m', '/builds/slave/test/build/tests/config/tooltool-manifests/linux64/nodejs.manifest', '-o', '-c', '/builds/tooltool_cache'] with output_timeout 600
17:00:20     INFO -  INFO - File node-linux-x64.tar.gz not present in local cache folder /builds/tooltool_cache
17:00:20     INFO -  INFO - Attempting to fetch from 'https://api.pub.build.mozilla.org/tooltool/'...
17:00:21     INFO -  INFO - File node-linux-x64.tar.gz fetched from https://api.pub.build.mozilla.org/tooltool/ as /builds/slave/test/build/tmpcdB1ac
17:00:21     INFO -  INFO - File integrity verified, renaming tmpcdB1ac to node-linux-x64.tar.gz
17:00:21     INFO -  INFO - Updating local cache /builds/tooltool_cache...
17:00:21     INFO -  INFO - Local cache /builds/tooltool_cache updated with node-linux-x64.tar.gz
17:00:21     INFO -  INFO - untarring "node-linux-x64.tar.gz"
17:00:23     INFO - Return code: 0
17:00:23     INFO - Chmoding /builds/slave/test/build/node-linux-x64/bin/node to 0755
17:00:23     INFO - mkdir: /builds/slave/test/build/blobber_upload_dir
17:00:23     INFO - ENV: MOZ_UPLOAD_DIR is now /builds/slave/test/build/blobber_upload_dir
17:00:23     INFO - ENV: MINIDUMP_STACKWALK is now /builds/slave/test/build/linux64-minidump_stackwalk
17:00:23     INFO - ENV: MOZ_NODE_PATH is now /builds/slave/test/build/node-linux-x64/bin/node
17:00:23     INFO - ENV: MINIDUMP_SAVE_PATH is now /builds/slave/test/build/blobber_upload_dir
17:00:23     INFO - Running command: ['/builds/slave/test/build/venv/bin/python', '-u', '/builds/slave/test/build/tests/mochitest/runtests.py', '--disable-e10s', '--appname=/builds/slave/test/build/application/firefox/firefox', '--utility-path=tests/bin', '--extra-profile-file=tests/bin/plugins', '--symbols-path=https://queue.taskcluster.net/v1/task/I1iAdq48Sa60c5BCPWswkg/artifacts/public/build/firefox-52.8.2.en-US.linux-x86_64.crashreporter-symbols.zip', '--certificate-path=tests/certs', '--setpref=webgl.force-enabled=true', '--quiet', '--log-raw=/builds/slave/test/build/blobber_upload_dir/plain-gpu_raw.log', '--log-errorsummary=/builds/slave/test/build/blobber_upload_dir/plain-gpu_errorsummary.log', '--use-test-media-devices', '--screenshot-on-fail', '--cleanup-crashes', '--marionette-startup-timeout=180', '--log-raw=-', '--subsuite=gpu'] in /builds/slave/test/build
17:00:23     INFO - Copy/paste: /builds/slave/test/build/venv/bin/python -u /builds/slave/test/build/tests/mochitest/runtests.py --disable-e10s --appname=/builds/slave/test/build/application/firefox/firefox --utility-path=tests/bin --extra-profile-file=tests/bin/plugins --symbols-path=https://queue.taskcluster.net/v1/task/I1iAdq48Sa60c5BCPWswkg/artifacts/public/build/firefox-52.8.2.en-US.linux-x86_64.crashreporter-symbols.zip --certificate-path=tests/certs --setpref=webgl.force-enabled=true --quiet --log-raw=/builds/slave/test/build/blobber_upload_dir/plain-gpu_raw.log --log-errorsummary=/builds/slave/test/build/blobber_upload_dir/plain-gpu_errorsummary.log --use-test-media-devices --screenshot-on-fail --cleanup-crashes --marionette-startup-timeout=180 --log-raw=- --subsuite=gpu
17:00:23     INFO - Using env: {'CCACHE_DIR': '/builds/ccache',
17:00:23     INFO -  'CCACHE_UMASK': '002',
17:00:23     INFO -  'DISPLAY': ':0',
17:00:23     INFO -  'HOME': '/home/cltbld',
17:00:23     INFO -  'LANG': 'en_US.UTF-8',
17:00:23     INFO -  'LOGNAME': 'cltbld',
17:00:23     INFO -  'MAIL': '/var/mail/cltbld',
17:00:23     INFO -  'MINIDUMP_SAVE_PATH': '/builds/slave/test/build/blobber_upload_dir',
17:00:23     INFO -  'MINIDUMP_STACKWALK': '/builds/slave/test/build/linux64-minidump_stackwalk',
17:00:23     INFO -  'MOZ_HIDE_RESULTS_TABLE': '1',
17:00:23     INFO -  'MOZ_NODE_PATH': '/builds/slave/test/build/node-linux-x64/bin/node',
17:00:23     INFO -  'MOZ_NO_REMOTE': '1',
17:00:23     INFO -  'MOZ_UPLOAD_DIR': '/builds/slave/test/build/blobber_upload_dir',
17:00:23     INFO -  'NODE_PATH': '/usr/lib/nodejs:/usr/lib/node_modules:/usr/share/javascript',
17:00:23     INFO -  'NO_FAIL_ON_TEST_ERRORS': '1',
17:00:23     INFO -  'PATH': '/builds/slave/test/build/venv/bin:/usr/local/bin:/usr/local/bin:/usr/bin:/bin:/usr/local/games:/usr/games',
17:00:23     INFO -  'PROPERTIES_FILE': '/builds/slave/test/buildprops.json',
17:00:23     INFO -  'PWD': '/builds/slave/test',
17:00:23     INFO -  'SHELL': '/bin/bash',
17:00:23     INFO -  'SHLVL': '1',
17:00:23     INFO -  'TERM': 'linux',
17:00:23     INFO -  'TMOUT': '86400',
17:00:23     INFO -  'USER': 'cltbld',
17:00:23     INFO -  'XDG_SESSION_COOKIE': '9ca12473fbb1d023794ffd180000023c-1528502117.227300-36580333',
17:00:23     INFO -  '_': '/tools/buildbot/bin/python'}
17:00:23     INFO - Calling ['/builds/slave/test/build/venv/bin/python', '-u', '/builds/slave/test/build/tests/mochitest/runtests.py', '--disable-e10s', '--appname=/builds/slave/test/build/application/firefox/firefox', '--utility-path=tests/bin', '--extra-profile-file=tests/bin/plugins', '--symbols-path=https://queue.taskcluster.net/v1/task/I1iAdq48Sa60c5BCPWswkg/artifacts/public/build/firefox-52.8.2.en-US.linux-x86_64.crashreporter-symbols.zip', '--certificate-path=tests/certs', '--setpref=webgl.force-enabled=true', '--quiet', '--log-raw=/builds/slave/test/build/blobber_upload_dir/plain-gpu_raw.log', '--log-errorsummary=/builds/slave/test/build/blobber_upload_dir/plain-gpu_errorsummary.log', '--use-test-media-devices', '--screenshot-on-fail', '--cleanup-crashes', '--marionette-startup-timeout=180', '--log-raw=-', '--subsuite=gpu'] with output_timeout 1000
17:00:24     INFO - Checking for orphan ssltunnel processes...
17:00:24     INFO - Checking for orphan xpcshell processes...
17:00:26     INFO - SUITE-START | Running 21 tests
17:00:26     INFO - TEST-START | dom/canvas/test/test_offscreencanvas_basic_webgl.html
17:00:26     INFO - TEST-SKIP | dom/canvas/test/test_offscreencanvas_basic_webgl.html | took 0ms
17:00:26     INFO - TEST-START | dom/canvas/test/test_offscreencanvas_dynamic_fallback.html
17:00:26     INFO - TEST-SKIP | dom/canvas/test/test_offscreencanvas_dynamic_fallback.html | took 1ms
17:00:26     INFO - TEST-START | dom/canvas/test/test_offscreencanvas_many.html
17:00:26     INFO - TEST-SKIP | dom/canvas/test/test_offscreencanvas_many.html | took 0ms
17:00:26     INFO - TEST-START | dom/canvas/test/test_offscreencanvas_neuter.html
17:00:26     INFO - TEST-SKIP | dom/canvas/test/test_offscreencanvas_neuter.html | took 1ms
17:00:26     INFO - TEST-START | dom/canvas/test/test_offscreencanvas_serviceworker.html
17:00:26     INFO - TEST-SKIP | dom/canvas/test/test_offscreencanvas_serviceworker.html | took 0ms
17:00:26     INFO - TEST-START | dom/canvas/test/test_offscreencanvas_sharedworker.html
17:00:26     INFO - TEST-SKIP | dom/canvas/test/test_offscreencanvas_sharedworker.html | took 0ms
17:00:26     INFO - TEST-START | dom/canvas/test/test_offscreencanvas_sizechange.html
17:00:26     INFO - TEST-SKIP | dom/canvas/test/test_offscreencanvas_sizechange.html | took 0ms
17:00:26     INFO - TEST-START | dom/canvas/test/test_offscreencanvas_subworker.html
17:00:26     INFO - TEST-SKIP | dom/canvas/test/test_offscreencanvas_subworker.html | took 0ms
17:00:26     INFO - TEST-START | dom/canvas/test/test_offscreencanvas_toblob.html
17:00:26     INFO - TEST-SKIP | dom/canvas/test/test_offscreencanvas_toblob.html | took 0ms
17:00:26     INFO - TEST-START | dom/canvas/test/test_offscreencanvas_toimagebitmap.html
17:00:26     INFO - TEST-SKIP | dom/canvas/test/test_offscreencanvas_toimagebitmap.html | took 1ms
17:00:26     INFO - TEST-START | dom/imptests/html/webgl/test_compressedTexSubImage2D.html
17:00:26     INFO - TEST-SKIP | dom/imptests/html/webgl/test_compressedTexSubImage2D.html | took 0ms
17:00:26     INFO -  dir: dom/bindings/test
17:00:27     INFO -  ImportError: No module named pygtk
17:00:28     INFO -  Setting pipeline to PAUSED ...
17:00:28     INFO -  libv4l2: error getting pixformat: Invalid argument
17:00:28     INFO -  Pipeline is PREROLLING ...
17:00:28     INFO -  Pipeline is PREROLLED ...
17:00:28     INFO -  Setting pipeline to PLAYING ...
17:00:28     INFO -  New clock: GstSystemClock
17:00:28     INFO -  Got EOS from element "pipeline0".
17:00:28     INFO -  Execution ended after 32353857 ns.
17:00:28     INFO -  Setting pipeline to PAUSED ...
17:00:28     INFO -  Setting pipeline to READY ...
17:00:28     INFO -  Setting pipeline to NULL ...
17:00:28     INFO -  Freeing pipeline ...
17:00:28     INFO -  23
17:00:29     INFO -  mozprofile.addons WARNING | Could not install /builds/slave/test/build/tests/mochitest/extensions/mozscreenshots: [Errno 2] No such file or directory: '/builds/slave/test/build/tests/mochitest/extensions/mozscreenshots/install.rdf'
17:00:29     INFO -  pk12util: PKCS12 IMPORT SUCCESSFUL
17:00:29     INFO - MochitestServer : launching [u'/builds/slave/test/build/tests/bin/xpcshell', '-g', '/builds/slave/test/build/application/firefox', '-v', '170', '-f', '/builds/slave/test/build/tests/bin/components/httpd.js', '-e', "const _PROFILE_PATH = '/tmp/tmpmKWLvQ.mozrunner'; const _SERVER_PORT = '8888'; const _SERVER_ADDR = '127.0.0.1'; const _TEST_PREFIX = undefined; const _DISPLAY_RESULTS = false;", '-f', '/builds/slave/test/build/tests/mochitest/server.js']
17:00:29     INFO - runtests.py | Server pid: 2417
17:00:29     INFO - runtests.py | Websocket server pid: 2420
17:00:29     INFO - runtests.py | SSL tunnel pid: 2424
17:00:30     INFO - runtests.py | Running with e10s: False
17:00:30     INFO - runtests.py | Running tests: start.
17:00:30     INFO - 
17:00:30     INFO - Application command: /builds/slave/test/build/application/firefox/firefox -marionette -foreground -profile /tmp/tmpmKWLvQ.mozrunner
17:00:30     INFO - runtests.py | Application pid: 2445
17:00:30     INFO - TEST-INFO | started process Main app process
17:00:33     INFO - 1528502433382	Marionette	INFO	Listening on port 2828
17:00:37     INFO - SimpleTest START
17:00:38     INFO - TEST-START | dom/bindings/test/test_sequence_wrapping.html
17:00:39     INFO - ATTENTION: default value of option force_s3tc_enable overridden by environment.
17:00:39     INFO - MEMORY STAT vsizeMaxContiguous not supported in this build configuration.
17:00:39     INFO - MEMORY STAT | vsize 2018MB | residentFast 229MB | heapAllocated 122MB
17:00:39     INFO - TEST-OK | dom/bindings/test/test_sequence_wrapping.html | took 1438ms
17:00:39     INFO - TEST-START | Shutdown
17:00:39     INFO - Passed:  4
17:00:39     INFO - Failed:  0
17:00:39     INFO - Todo:    0
17:00:39     INFO - Mode:    non-e10s
17:00:39     INFO - Slowest: 1438ms - /tests/dom/bindings/test/test_sequence_wrapping.html
17:00:39     INFO - SimpleTest FINISHED
17:00:39     INFO - TEST-INFO | Ran 1 Loops
17:00:39     INFO - SimpleTest FINISHED
17:00:40     INFO - TEST-INFO | Main app process: exit 0
17:00:40     INFO - runtests.py | Application ran for: 0:00:10.708199
17:00:40     INFO - zombiecheck | Reading PID log: /tmp/tmpkdszcNpidlog
17:00:40     INFO - ==> process 2445 launched child process 2466
17:00:40     INFO - zombiecheck | Checking for orphan process with PID: 2466
17:00:40     INFO - Stopping web server
17:00:40     INFO - Stopping web socket server
17:00:40     INFO - Stopping ssltunnel
17:00:40  WARNING - leakcheck | refcount logging is off, so leaks can't be detected!
17:00:40     INFO - runtests.py | Running tests: end.
17:00:40     INFO - Buffered messages finished
17:00:40     INFO -  dir: dom/canvas/test/crossorigin
17:00:41     INFO -  Setting pipeline to PAUSED ...
17:00:41     INFO -  Pipeline is PREROLLING ...
17:00:41     INFO -  Pipeline is PREROLLED ...
17:00:41     INFO -  Setting pipeline to PLAYING ...
17:00:41     INFO -  New clock: GstSystemClock
17:00:41     INFO -  Got EOS from element "pipeline0".
17:00:41     INFO -  Execution ended after 32752264 ns.
17:00:41     INFO -  Setting pipeline to PAUSED ...
17:00:41     INFO -  Setting pipeline to READY ...
17:00:41     INFO -  Setting pipeline to NULL ...
17:00:41     INFO -  Freeing pipeline ...
17:00:41     INFO -  mozprofile.addons WARNING | Could not install /builds/slave/test/build/tests/mochitest/extensions/mozscreenshots: [Errno 2] No such file or directory: '/builds/slave/test/build/tests/mochitest/extensions/mozscreenshots/install.rdf'
17:00:41     INFO -  pk12util: PKCS12 IMPORT SUCCESSFUL
17:00:41     INFO - MochitestServer : launching [u'/builds/slave/test/build/tests/bin/xpcshell', '-g', '/builds/slave/test/build/application/firefox', '-v', '170', '-f', '/builds/slave/test/build/tests/bin/components/httpd.js', '-e', "const _PROFILE_PATH = '/tmp/tmpPDrf9u.mozrunner'; const _SERVER_PORT = '8888'; const _SERVER_ADDR = '127.0.0.1'; const _TEST_PREFIX = undefined; const _DISPLAY_RESULTS = false;", '-f', '/builds/slave/test/build/tests/mochitest/server.js']
17:00:41     INFO - runtests.py | Server pid: 2535
17:00:41     INFO - runtests.py | Websocket server pid: 2538
17:00:41     INFO - runtests.py | SSL tunnel pid: 2542
17:00:42     INFO - runtests.py | Running with e10s: False
17:00:42     INFO - runtests.py | Running tests: start.
17:00:42     INFO - 
17:00:42     INFO - Application command: /builds/slave/test/build/application/firefox/firefox -marionette -foreground -profile /tmp/tmpPDrf9u.mozrunner
17:00:42     INFO - runtests.py | Application pid: 2563
17:00:42     INFO - TEST-INFO | started process Main app process
17:00:46     INFO - 1528502446146	Marionette	INFO	Listening on port 2828
17:00:50     INFO - SimpleTest START
17:00:50     INFO - TEST-START | dom/canvas/test/crossorigin/test_video_crossorigin.html
17:00:52     INFO - ATTENTION: default value of option force_s3tc_enable overridden by environment.
17:00:52     INFO - JavaScript warning: http://mochi.test:8888/tests/dom/canvas/test/crossorigin/test_video_crossorigin.html, line 93: Error: WebGL: texImage2D: Cross-origin elements require CORS.
17:00:52     INFO - JavaScript warning: http://mochi.test:8888/tests/dom/canvas/test/crossorigin/test_video_crossorigin.html, line 93: Error: WebGL: texImage2D: Cross-origin elements require CORS.
17:00:52     INFO - JavaScript warning: http://mochi.test:8888/tests/dom/canvas/test/crossorigin/test_video_crossorigin.html, line 93: Error: WebGL: texImage2D: Failed to hit GPU-copy fast-path. Falling back to CPU upload.
17:00:52     INFO - JavaScript warning: http://mochi.test:8888/tests/dom/canvas/test/crossorigin/test_video_crossorigin.html, line 93: Error: WebGL: texImage2D: Conversion requires pixel reformatting.
17:00:53     INFO - JavaScript warning: http://mochi.test:8888/tests/dom/canvas/test/crossorigin/test_video_crossorigin.html, line 93: Error: WebGL: texImage2D: Failed to hit GPU-copy fast-path. Falling back to CPU upload.
17:00:53     INFO - JavaScript warning: http://mochi.test:8888/tests/dom/canvas/test/crossorigin/test_video_crossorigin.html, line 93: Error: WebGL: texImage2D: Conversion requires pixel reformatting.
17:00:53     INFO - JavaScript warning: http://mochi.test:8888/tests/dom/canvas/test/crossorigin/test_video_crossorigin.html, line 93: Error: WebGL: texImage2D: Failed to hit GPU-copy fast-path. Falling back to CPU upload.
17:00:53     INFO - JavaScript warning: http://mochi.test:8888/tests/dom/canvas/test/crossorigin/test_video_crossorigin.html, line 93: Error: WebGL: texImage2D: Conversion requires pixel reformatting.
17:00:53     INFO - JavaScript warning: http://mochi.test:8888/tests/dom/canvas/test/crossorigin/test_video_crossorigin.html, line 93: Error: WebGL: texImage2D: Failed to hit GPU-copy fast-path. Falling back to CPU upload.
17:00:53     INFO - JavaScript warning: http://mochi.test:8888/tests/dom/canvas/test/crossorigin/test_video_crossorigin.html, line 93: Error: WebGL: texImage2D: Conversion requires pixel reformatting.
17:00:53     INFO - JavaScript warning: http://mochi.test:8888/tests/dom/canvas/test/crossorigin/test_video_crossorigin.html, line 93: Error: WebGL: texImage2D: Cross-origin elements require CORS.
17:00:53     INFO - JavaScript warning: http://mochi.test:8888/tests/dom/canvas/test/crossorigin/test_video_crossorigin.html, line 93: Error: WebGL: texImage2D: Failed to hit GPU-copy fast-path. Falling back to CPU upload.
17:00:53     INFO - JavaScript warning: http://mochi.test:8888/tests/dom/canvas/test/crossorigin/test_video_crossorigin.html, line 93: Error: WebGL: texImage2D: Conversion requires pixel reformatting.
17:00:53     INFO - JavaScript warning: http://mochi.test:8888/tests/dom/canvas/test/crossorigin/test_video_crossorigin.html, line 93: Error: WebGL: texImage2D: Failed to hit GPU-copy fast-path. Falling back to CPU upload.
17:00:53     INFO - JavaScript warning: http://mochi.test:8888/tests/dom/canvas/test/crossorigin/test_video_crossorigin.html, line 93: Error: WebGL: texImage2D: Conversion requires pixel reformatting.
17:00:53     INFO - JavaScript warning: http://mochi.test:8888/tests/dom/canvas/test/crossorigin/test_video_crossorigin.html, line 93: Error: WebGL: texImage2D: Failed to hit GPU-copy fast-path. Falling back to CPU upload.
17:00:53     INFO - JavaScript warning: http://mochi.test:8888/tests/dom/canvas/test/crossorigin/test_video_crossorigin.html, line 93: Error: WebGL: texImage2D: Conversion requires pixel reformatting.
17:00:53     INFO - JavaScript warning: http://mochi.test:8888/tests/dom/canvas/test/crossorigin/test_video_crossorigin.html, line 93: Error: WebGL: texImage2D: Failed to hit GPU-copy fast-path. Falling back to CPU upload.
17:00:53     INFO - JavaScript warning: http://mochi.test:8888/tests/dom/canvas/test/crossorigin/test_video_crossorigin.html, line 93: Error: WebGL: texImage2D: Conversion requires pixel reformatting.
17:00:53     INFO - JavaScript warning: http://mochi.test:8888/tests/dom/canvas/test/crossorigin/test_video_crossorigin.html, line 93: Error: WebGL: texImage2D: Failed to hit GPU-copy fast-path. Falling back to CPU upload.
17:00:53     INFO - JavaScript warning: http://mochi.test:8888/tests/dom/canvas/test/crossorigin/test_video_crossorigin.html, line 93: Error: WebGL: texImage2D: Conversion requires pixel reformatting.
17:00:54     INFO - MEMORY STAT vsizeMaxContiguous not supported in this build configuration.
17:00:54     INFO - MEMORY STAT | vsize 2175MB | residentFast 222MB | heapAllocated 113MB
17:00:54     INFO - TEST-OK | dom/canvas/test/crossorigin/test_video_crossorigin.html | took 3868ms
17:00:55     INFO - TEST-START | dom/canvas/test/crossorigin/test_webgl_crossorigin_textures.html
17:00:55     INFO - JavaScript warning: http://mochi.test:8888/tests/dom/canvas/test/crossorigin/test_webgl_crossorigin_textures.html, line 48: Error: WebGL: texImage2D: Conversion requires pixel reformatting.
17:00:55     INFO - JavaScript warning: http://mochi.test:8888/tests/dom/canvas/test/crossorigin/test_webgl_crossorigin_textures.html, line 48: Error: WebGL: texImage2D: Conversion requires pixel reformatting.
17:00:55     INFO - JavaScript warning: http://mochi.test:8888/tests/dom/canvas/test/crossorigin/test_webgl_crossorigin_textures.html, line 48: Error: WebGL: texImage2D: Conversion requires pixel reformatting.
17:00:55     INFO - JavaScript warning: http://mochi.test:8888/tests/dom/canvas/test/crossorigin/test_webgl_crossorigin_textures.html, line 48: Error: WebGL: texImage2D: Conversion requires pixel reformatting.
17:00:55     INFO - JavaScript warning: http://mochi.test:8888/tests/dom/canvas/test/crossorigin/test_webgl_crossorigin_textures.html, line 48: Error: WebGL: texImage2D: Cross-origin elements require CORS.
17:00:55     INFO - JavaScript warning: http://mochi.test:8888/tests/dom/canvas/test/crossorigin/test_webgl_crossorigin_textures.html, line 48: Error: WebGL: texImage2D: Cross-origin elements require CORS.
17:00:55     INFO - JavaScript warning: http://mochi.test:8888/tests/dom/canvas/test/crossorigin/test_webgl_crossorigin_textures.html, line 48: Error: WebGL: texImage2D: Conversion requires pixel reformatting.
17:00:55     INFO - JavaScript warning: http://mochi.test:8888/tests/dom/canvas/test/crossorigin/test_webgl_crossorigin_textures.html, line 48: Error: WebGL: texImage2D: Conversion requires pixel reformatting.
17:00:55     INFO - JavaScript warning: http://mochi.test:8888/tests/dom/canvas/test/crossorigin/test_webgl_crossorigin_textures.html, line 48: Error: WebGL: texImage2D: Conversion requires pixel reformatting.
17:00:55     INFO - JavaScript warning: http://mochi.test:8888/tests/dom/canvas/test/crossorigin/test_webgl_crossorigin_textures.html, line 48: Error: WebGL: texImage2D: Cross-origin elements require CORS.
17:00:55     INFO - JavaScript warning: http://mochi.test:8888/tests/dom/canvas/test/crossorigin/test_webgl_crossorigin_textures.html, line 48: Error: WebGL: texImage2D: Conversion requires pixel reformatting.
17:00:55     INFO - JavaScript warning: http://mochi.test:8888/tests/dom/canvas/test/crossorigin/test_webgl_crossorigin_textures.html, line 48: Error: WebGL: texImage2D: Conversion requires pixel reformatting.
17:00:55     INFO - JavaScript warning: http://mochi.test:8888/tests/dom/canvas/test/crossorigin/test_webgl_crossorigin_textures.html, line 48: Error: WebGL: texImage2D: Conversion requires pixel reformatting.
17:00:55     INFO - JavaScript warning: http://mochi.test:8888/tests/dom/canvas/test/crossorigin/test_webgl_crossorigin_textures.html, line 48: Error: WebGL: texImage2D: Conversion requires pixel reformatting.
17:00:55     INFO - JavaScript warning: http://mochi.test:8888/tests/dom/canvas/test/crossorigin/test_webgl_crossorigin_textures.html, line 48: Error: WebGL: texImage2D: Conversion requires pixel reformatting.
17:00:55     INFO - JavaScript warning: http://mochi.test:8888/tests/dom/canvas/test/crossorigin/test_webgl_crossorigin_textures.html, line 48: Error: WebGL: texImage2D: Conversion requires pixel reformatting.
17:00:55     INFO - MEMORY STAT | vsize 2175MB | residentFast 213MB | heapAllocated 99MB
17:00:55     INFO - TEST-OK | dom/canvas/test/crossorigin/test_webgl_crossorigin_textures.html | took 696ms
17:00:55     INFO - TEST-START | Shutdown
17:00:55     INFO - Passed:  144
17:00:55     INFO - Failed:  0
17:00:55     INFO - Todo:    0
17:00:55     INFO - Mode:    non-e10s
17:00:55     INFO - Slowest: 3864ms - /tests/dom/canvas/test/crossorigin/test_video_crossorigin.html
17:00:55     INFO - SimpleTest FINISHED
17:00:55     INFO - TEST-INFO | Ran 1 Loops
17:00:55     INFO - SimpleTest FINISHED
17:00:58     INFO - TEST-INFO | Main app process: exit 0
17:00:58     INFO - runtests.py | Application ran for: 0:00:15.660063
17:00:58     INFO - zombiecheck | Reading PID log: /tmp/tmpSEcEiEpidlog
17:00:58     INFO - ==> process 2563 launched child process 2584
17:00:58     INFO - zombiecheck | Checking for orphan process with PID: 2584
17:00:58     INFO - Stopping web server
17:00:58     INFO - Stopping web socket server
17:00:58     INFO - Stopping ssltunnel
17:00:58  WARNING - leakcheck | refcount logging is off, so leaks can't be detected!
17:00:58     INFO - runtests.py | Running tests: end.
17:00:58     INFO - Buffered messages finished
17:00:58     INFO -  dir: dom/canvas/test
17:00:58     INFO -  Setting pipeline to PAUSED ...
17:00:58     INFO -  Pipeline is PREROLLING ...
17:00:58     INFO -  Pipeline is PREROLLED ...
17:00:58     INFO -  Setting pipeline to PLAYING ...
17:00:58     INFO -  New clock: GstSystemClock
17:00:58     INFO -  Got EOS from element "pipeline0".
17:00:58     INFO -  Execution ended after 32207507 ns.
17:00:58     INFO -  Setting pipeline to PAUSED ...
17:00:58     INFO -  Setting pipeline to READY ...
17:00:58     INFO -  Setting pipeline to NULL ...
17:00:58     INFO -  Freeing pipeline ...
17:00:58     INFO -  mozprofile.addons WARNING | Could not install /builds/slave/test/build/tests/mochitest/extensions/mozscreenshots: [Errno 2] No such file or directory: '/builds/slave/test/build/tests/mochitest/extensions/mozscreenshots/install.rdf'
17:00:59     INFO -  pk12util: PKCS12 IMPORT SUCCESSFUL
17:00:59     INFO - MochitestServer : launching [u'/builds/slave/test/build/tests/bin/xpcshell', '-g', '/builds/slave/test/build/application/firefox', '-v', '170', '-f', '/builds/slave/test/build/tests/bin/components/httpd.js', '-e', "const _PROFILE_PATH = '/tmp/tmphuUlCJ.mozrunner'; const _SERVER_PORT = '8888'; const _SERVER_ADDR = '127.0.0.1'; const _TEST_PREFIX = undefined; const _DISPLAY_RESULTS = false;", '-f', '/builds/slave/test/build/tests/mochitest/server.js']
17:00:59     INFO - runtests.py | Server pid: 2662
17:00:59     INFO - runtests.py | Websocket server pid: 2665
17:00:59     INFO - runtests.py | SSL tunnel pid: 2669
17:01:00     INFO - runtests.py | Running with e10s: False
17:01:00     INFO - runtests.py | Running tests: start.
17:01:00     INFO - 
17:01:00     INFO - Application command: /builds/slave/test/build/application/firefox/firefox -marionette -foreground -profile /tmp/tmphuUlCJ.mozrunner
17:01:00     INFO - runtests.py | Application pid: 2690
17:01:00     INFO - TEST-INFO | started process Main app process
17:01:04     INFO - 1528502464702	Marionette	INFO	Listening on port 2828
17:01:09     INFO - SimpleTest START
17:01:09     INFO - TEST-START | dom/canvas/test/test_bug1215072.html
17:01:10     INFO - ATTENTION: default value of option force_s3tc_enable overridden by environment.
17:01:10     INFO - MEMORY STAT vsizeMaxContiguous not supported in this build configuration.
17:01:10     INFO - MEMORY STAT | vsize 2034MB | residentFast 245MB | heapAllocated 137MB
17:01:10     INFO - TEST-OK | dom/canvas/test/test_bug1215072.html | took 1524ms
17:01:10     INFO - TEST-START | Shutdown
17:01:10     INFO - Passed:  12
17:01:10     INFO - Failed:  0
17:01:10     INFO - Todo:    0
17:01:10     INFO - Mode:    non-e10s
17:01:10     INFO - Slowest: 1524ms - /tests/dom/canvas/test/test_bug1215072.html
17:01:10     INFO - SimpleTest FINISHED
17:01:10     INFO - TEST-INFO | Ran 1 Loops
17:01:10     INFO - SimpleTest FINISHED
17:01:12     INFO - TEST-INFO | Main app process: exit 0
17:01:12     INFO - runtests.py | Application ran for: 0:00:12.084023
17:01:12     INFO - zombiecheck | Reading PID log: /tmp/tmpzLpiw2pidlog
17:01:12     INFO - ==> process 2690 launched child process 2711
17:01:12     INFO - zombiecheck | Checking for orphan process with PID: 2711
17:01:12     INFO - Stopping web server
17:01:12     INFO - Stopping web socket server
17:01:12     INFO - Stopping ssltunnel
17:01:12  WARNING - leakcheck | refcount logging is off, so leaks can't be detected!
17:01:12     INFO - runtests.py | Running tests: end.
17:01:12     INFO - Buffered messages finished
17:01:12     INFO -  dir: dom/imptests/html/webgl
17:01:12     INFO -  Setting pipeline to PAUSED ...
17:01:12     INFO -  Pipeline is PREROLLING ...
17:01:12     INFO -  Pipeline is PREROLLED ...
17:01:12     INFO -  Setting pipeline to PLAYING ...
17:01:12     INFO -  New clock: GstSystemClock
17:01:12     INFO -  Got EOS from element "pipeline0".
17:01:12     INFO -  Execution ended after 32567744 ns.
17:01:12     INFO -  Setting pipeline to PAUSED ...
17:01:12     INFO -  Setting pipeline to READY ...
17:01:12     INFO -  Setting pipeline to NULL ...
17:01:12     INFO -  Freeing pipeline ...
17:01:12     INFO -  mozprofile.addons WARNING | Could not install /builds/slave/test/build/tests/mochitest/extensions/mozscreenshots: [Errno 2] No such file or directory: '/builds/slave/test/build/tests/mochitest/extensions/mozscreenshots/install.rdf'
17:01:13     INFO -  pk12util: PKCS12 IMPORT SUCCESSFUL
17:01:13     INFO - MochitestServer : launching [u'/builds/slave/test/build/tests/bin/xpcshell', '-g', '/builds/slave/test/build/application/firefox', '-v', '170', '-f', '/builds/slave/test/build/tests/bin/components/httpd.js', '-e', "const _PROFILE_PATH = '/tmp/tmp0Se5iS.mozrunner'; const _SERVER_PORT = '8888'; const _SERVER_ADDR = '127.0.0.1'; const _TEST_PREFIX = undefined; const _DISPLAY_RESULTS = false;", '-f', '/builds/slave/test/build/tests/mochitest/server.js']
17:01:13     INFO - runtests.py | Server pid: 2778
17:01:13     INFO - runtests.py | Websocket server pid: 2781
17:01:13     INFO - runtests.py | SSL tunnel pid: 2785
17:01:13     INFO - runtests.py | Running with e10s: False
17:01:13     INFO - runtests.py | Running tests: start.
17:01:13     INFO - 
17:01:13     INFO - Application command: /builds/slave/test/build/application/firefox/firefox -marionette -foreground -profile /tmp/tmp0Se5iS.mozrunner
17:01:13     INFO - runtests.py | Application pid: 2806
17:01:13     INFO - TEST-INFO | started process Main app process
17:01:17     INFO - 1528502477176	Marionette	INFO	Listening on port 2828
17:01:21     INFO - SimpleTest START
17:01:21     INFO - TEST-START | dom/imptests/html/webgl/test_bufferSubData.html
17:01:23     INFO - ATTENTION: default value of option force_s3tc_enable overridden by environment.
17:01:23     INFO - MEMORY STAT vsizeMaxContiguous not supported in this build configuration.
17:01:23     INFO - MEMORY STAT | vsize 2018MB | residentFast 230MB | heapAllocated 123MB
17:01:23     INFO - TEST-OK | dom/imptests/html/webgl/test_bufferSubData.html | took 1444ms
17:01:23     INFO - TEST-START | dom/imptests/html/webgl/test_compressedTexImage2D.html
17:01:23     INFO - JavaScript warning: http://mochi.test:8888/tests/dom/imptests/html/webgl/test_compressedTexImage2D.html, line 19: Error: WebGL: compressedTexImage2D: Invalid internalFormat: 0x83f0
17:01:23     INFO - JavaScript warning: http://mochi.test:8888/tests/dom/imptests/html/webgl/test_compressedTexImage2D.html, line 22: Error: WebGL: compressedTexImage2D: Invalid internalFormat: 0x83f0
17:01:23     INFO - MEMORY STAT | vsize 2023MB | residentFast 235MB | heapAllocated 127MB
17:01:23     INFO - TEST-OK | dom/imptests/html/webgl/test_compressedTexImage2D.html | took 206ms
17:01:23     INFO - TEST-START | dom/imptests/html/webgl/test_texImage2D.html
17:01:23     INFO - MEMORY STAT | vsize 2027MB | residentFast 239MB | heapAllocated 132MB
17:01:23     INFO - TEST-OK | dom/imptests/html/webgl/test_texImage2D.html | took 178ms
17:01:23     INFO - TEST-START | dom/imptests/html/webgl/test_texSubImage2D.html
17:01:24     INFO - MEMORY STAT | vsize 2032MB | residentFast 244MB | heapAllocated 137MB
17:01:24     INFO - TEST-OK | dom/imptests/html/webgl/test_texSubImage2D.html | took 282ms
17:01:24     INFO - TEST-START | dom/imptests/html/webgl/test_uniformMatrixNfv.html
17:01:24     INFO - JavaScript warning: http://mochi.test:8888/tests/dom/imptests/html/webgl/test_uniformMatrixNfv.html, line 29: Error: WebGL: getUniformLocation: `program` must be linked.
17:01:24     INFO - JavaScript warning: http://mochi.test:8888/tests/dom/imptests/html/webgl/test_uniformMatrixNfv.html, line 29: Error: WebGL: getUniformLocation: `program` must be linked.
17:01:24     INFO - JavaScript warning: http://mochi.test:8888/tests/dom/imptests/html/webgl/test_uniformMatrixNfv.html, line 29: Error: WebGL: getUniformLocation: `program` must be linked.
17:01:24     INFO - MEMORY STAT | vsize 2045MB | residentFast 257MB | heapAllocated 149MB
17:01:24     INFO - TEST-OK | dom/imptests/html/webgl/test_uniformMatrixNfv.html | took 314ms
17:01:24     INFO - TEST-START | Shutdown
17:01:24     INFO - Passed:  15
17:01:24     INFO - Failed:  0
17:01:24     INFO - Todo:    0
17:01:24     INFO - Mode:    non-e10s
17:01:24     INFO - Slowest: 1444ms - /tests/dom/imptests/html/webgl/test_bufferSubData.html
17:01:24     INFO - SimpleTest FINISHED
17:01:24     INFO - TEST-INFO | Ran 1 Loops
17:01:24     INFO - SimpleTest FINISHED
17:01:26     INFO - TEST-INFO | Main app process: exit 0
17:01:26     INFO - runtests.py | Application ran for: 0:00:12.220780
17:01:26     INFO - zombiecheck | Reading PID log: /tmp/tmpOrxfEBpidlog
17:01:26     INFO - ==> process 2806 launched child process 2827
17:01:26     INFO - zombiecheck | Checking for orphan process with PID: 2827
17:01:26     INFO - Stopping web server
17:01:26     INFO - Stopping web socket server
17:01:26     INFO - Stopping ssltunnel
17:01:26  WARNING - leakcheck | refcount logging is off, so leaks can't be detected!
17:01:26     INFO - runtests.py | Running tests: end.
17:01:26     INFO - Buffered messages finished
17:01:26     INFO -  dir: gfx/tests/mochitest
17:01:26     INFO -  Setting pipeline to PAUSED ...
17:01:26     INFO -  Pipeline is PREROLLING ...
17:01:26     INFO -  Pipeline is PREROLLED ...
17:01:26     INFO -  Setting pipeline to PLAYING ...
17:01:26     INFO -  New clock: GstSystemClock
17:01:26     INFO -  Got EOS from element "pipeline0".
17:01:26     INFO -  Execution ended after 32657774 ns.
17:01:26     INFO -  Setting pipeline to PAUSED ...
17:01:26     INFO -  Setting pipeline to READY ...
17:01:26     INFO -  Setting pipeline to NULL ...
17:01:26     INFO -  Freeing pipeline ...
17:01:26     INFO -  mozprofile.addons WARNING | Could not install /builds/slave/test/build/tests/mochitest/extensions/mozscreenshots: [Errno 2] No such file or directory: '/builds/slave/test/build/tests/mochitest/extensions/mozscreenshots/install.rdf'
17:01:27     INFO -  pk12util: PKCS12 IMPORT SUCCESSFUL
17:01:27     INFO - MochitestServer : launching [u'/builds/slave/test/build/tests/bin/xpcshell', '-g', '/builds/slave/test/build/application/firefox', '-v', '170', '-f', '/builds/slave/test/build/tests/bin/components/httpd.js', '-e', "const _PROFILE_PATH = '/tmp/tmpB5wAzS.mozrunner'; const _SERVER_PORT = '8888'; const _SERVER_ADDR = '127.0.0.1'; const _TEST_PREFIX = undefined; const _DISPLAY_RESULTS = false;", '-f', '/builds/slave/test/build/tests/mochitest/server.js']
17:01:27     INFO - runtests.py | Server pid: 2894
17:01:27     INFO - runtests.py | Websocket server pid: 2897
17:01:27     INFO - runtests.py | SSL tunnel pid: 2901
17:01:27     INFO - runtests.py | Running with e10s: False
17:01:27     INFO - runtests.py | Running tests: start.
17:01:27     INFO - 
17:01:27     INFO - Application command: /builds/slave/test/build/application/firefox/firefox -marionette -foreground -profile /tmp/tmpB5wAzS.mozrunner
17:01:27     INFO - runtests.py | Application pid: 2922
17:01:27     INFO - TEST-INFO | started process Main app process
17:01:31     INFO - 1528502491490	Marionette	INFO	Listening on port 2828
17:01:36     INFO - SimpleTest START
17:01:36     INFO - TEST-START | gfx/tests/mochitest/test_acceleration.html
17:01:37     INFO - MEMORY STAT vsizeMaxContiguous not supported in this build configuration.
17:01:37     INFO - MEMORY STAT | vsize 1960MB | residentFast 217MB | heapAllocated 116MB
17:01:37     INFO - TEST-OK | gfx/tests/mochitest/test_acceleration.html | took 1254ms
17:01:37     INFO - TEST-START | Shutdown
17:01:37     INFO - Passed:  0
17:01:37     INFO - Failed:  0
17:01:37     INFO - Todo:    1
17:01:37     INFO - Mode:    non-e10s
17:01:37     INFO - Slowest: 1254ms - /tests/gfx/tests/mochitest/test_acceleration.html
17:01:37     INFO - SimpleTest FINISHED
17:01:37     INFO - TEST-INFO | Ran 1 Loops
17:01:37     INFO - SimpleTest FINISHED
17:01:38     INFO - TEST-INFO | Main app process: exit 0
17:01:38     INFO - runtests.py | Application ran for: 0:00:10.927091
17:01:38     INFO - zombiecheck | Reading PID log: /tmp/tmpyv3Ml_pidlog
17:01:38     INFO - ==> process 2922 launched child process 2943
17:01:38     INFO - zombiecheck | Checking for orphan process with PID: 2943
17:01:38     INFO - Stopping web server
17:01:38     INFO - Stopping web socket server
17:01:38     INFO - Stopping ssltunnel
17:01:38  WARNING - leakcheck | refcount logging is off, so leaks can't be detected!
17:01:38     INFO - runtests.py | Running tests: end.
17:01:38     INFO - Buffered messages finished
17:01:38     INFO -  0 INFO TEST-START | Shutdown
17:01:38     INFO -  1 INFO Passed:  175
17:01:38     INFO -  2 INFO Failed:  0
17:01:38     INFO -  3 INFO Todo:    1
17:01:38     INFO -  4 INFO Mode:    non-e10s
17:01:38     INFO -  5 INFO SimpleTest FINISHED
17:01:38     INFO - Buffered messages finished
17:01:38     INFO - SUITE-END | took 72s
17:01:39     INFO - Return code: 0
17:01:39     INFO - TinderboxPrint: mochitest-plain-gpu<br/>21/0/0
17:01:39  WARNING - # TBPL SUCCESS #
17:01:39  WARNING - The mochitest suite: plain-gpu ran with return status: SUCCESS
17:01:39     INFO - Structured output parser in use for mochitest.
17:01:39     INFO - ENV: MOZ_UPLOAD_DIR is now /builds/slave/test/build/blobber_upload_dir
17:01:39     INFO - ENV: MINIDUMP_STACKWALK is now /builds/slave/test/build/linux64-minidump_stackwalk
17:01:39     INFO - ENV: MOZ_NODE_PATH is now /builds/slave/test/build/node-linux-x64/bin/node
17:01:39     INFO - ENV: MINIDUMP_SAVE_PATH is now /builds/slave/test/build/blobber_upload_dir
17:01:39     INFO - Running command: ['/builds/slave/test/build/venv/bin/python', '-u', '/builds/slave/test/build/tests/mochitest/runtests.py', '--disable-e10s', '--appname=/builds/slave/test/build/application/firefox/firefox', '--utility-path=tests/bin', '--extra-profile-file=tests/bin/plugins', '--symbols-path=https://queue.taskcluster.net/v1/task/I1iAdq48Sa60c5BCPWswkg/artifacts/public/build/firefox-52.8.2.en-US.linux-x86_64.crashreporter-symbols.zip', '--certificate-path=tests/certs', '--setpref=webgl.force-enabled=true', '--quiet', '--log-raw=/builds/slave/test/build/blobber_upload_dir/browser-chrome-gpu_raw.log', '--log-errorsummary=/builds/slave/test/build/blobber_upload_dir/browser-chrome-gpu_errorsummary.log', '--use-test-media-devices', '--screenshot-on-fail', '--cleanup-crashes', '--marionette-startup-timeout=180', '--log-raw=-', '--flavor=browser', '--subsuite=gpu'] in /builds/slave/test/build
17:01:39     INFO - Copy/paste: /builds/slave/test/build/venv/bin/python -u /builds/slave/test/build/tests/mochitest/runtests.py --disable-e10s --appname=/builds/slave/test/build/application/firefox/firefox --utility-path=tests/bin --extra-profile-file=tests/bin/plugins --symbols-path=https://queue.taskcluster.net/v1/task/I1iAdq48Sa60c5BCPWswkg/artifacts/public/build/firefox-52.8.2.en-US.linux-x86_64.crashreporter-symbols.zip --certificate-path=tests/certs --setpref=webgl.force-enabled=true --quiet --log-raw=/builds/slave/test/build/blobber_upload_dir/browser-chrome-gpu_raw.log --log-errorsummary=/builds/slave/test/build/blobber_upload_dir/browser-chrome-gpu_errorsummary.log --use-test-media-devices --screenshot-on-fail --cleanup-crashes --marionette-startup-timeout=180 --log-raw=- --flavor=browser --subsuite=gpu
17:01:39     INFO - Using env: {'CCACHE_DIR': '/builds/ccache',
17:01:39     INFO -  'CCACHE_UMASK': '002',
17:01:39     INFO -  'DISPLAY': ':0',
17:01:39     INFO -  'HOME': '/home/cltbld',
17:01:39     INFO -  'LANG': 'en_US.UTF-8',
17:01:39     INFO -  'LOGNAME': 'cltbld',
17:01:39     INFO -  'MAIL': '/var/mail/cltbld',
17:01:39     INFO -  'MINIDUMP_SAVE_PATH': '/builds/slave/test/build/blobber_upload_dir',
17:01:39     INFO -  'MINIDUMP_STACKWALK': '/builds/slave/test/build/linux64-minidump_stackwalk',
17:01:39     INFO -  'MOZ_HIDE_RESULTS_TABLE': '1',
17:01:39     INFO -  'MOZ_NODE_PATH': '/builds/slave/test/build/node-linux-x64/bin/node',
17:01:39     INFO -  'MOZ_NO_REMOTE': '1',
17:01:39     INFO -  'MOZ_UPLOAD_DIR': '/builds/slave/test/build/blobber_upload_dir',
17:01:39     INFO -  'NODE_PATH': '/usr/lib/nodejs:/usr/lib/node_modules:/usr/share/javascript',
17:01:39     INFO -  'NO_FAIL_ON_TEST_ERRORS': '1',
17:01:39     INFO -  'PATH': '/builds/slave/test/build/venv/bin:/usr/local/bin:/usr/local/bin:/usr/bin:/bin:/usr/local/games:/usr/games',
17:01:39     INFO -  'PROPERTIES_FILE': '/builds/slave/test/buildprops.json',
17:01:39     INFO -  'PWD': '/builds/slave/test',
17:01:39     INFO -  'SHELL': '/bin/bash',
17:01:39     INFO -  'SHLVL': '1',
17:01:39     INFO -  'TERM': 'linux',
17:01:39     INFO -  'TMOUT': '86400',
17:01:39     INFO -  'USER': 'cltbld',
17:01:39     INFO -  'XDG_SESSION_COOKIE': '9ca12473fbb1d023794ffd180000023c-1528502117.227300-36580333',
17:01:39     INFO -  '_': '/tools/buildbot/bin/python'}
17:01:39     INFO - Calling ['/builds/slave/test/build/venv/bin/python', '-u', '/builds/slave/test/build/tests/mochitest/runtests.py', '--disable-e10s', '--appname=/builds/slave/test/build/application/firefox/firefox', '--utility-path=tests/bin', '--extra-profile-file=tests/bin/plugins', '--symbols-path=https://queue.taskcluster.net/v1/task/I1iAdq48Sa60c5BCPWswkg/artifacts/public/build/firefox-52.8.2.en-US.linux-x86_64.crashreporter-symbols.zip', '--certificate-path=tests/certs', '--setpref=webgl.force-enabled=true', '--quiet', '--log-raw=/builds/slave/test/build/blobber_upload_dir/browser-chrome-gpu_raw.log', '--log-errorsummary=/builds/slave/test/build/blobber_upload_dir/browser-chrome-gpu_errorsummary.log', '--use-test-media-devices', '--screenshot-on-fail', '--cleanup-crashes', '--marionette-startup-timeout=180', '--log-raw=-', '--flavor=browser', '--subsuite=gpu'] with output_timeout 1000
17:01:39     INFO - Checking for orphan ssltunnel processes...
17:01:39     INFO - Checking for orphan xpcshell processes...
17:01:39     INFO - mozcrash Removed pending crash reports at '/home/cltbld/.mozilla/firefox/Crash Reports'
17:01:40     INFO - SUITE-START | Running 4 tests
17:01:40     INFO -  dir: devtools/client/canvasdebugger/test
17:01:40     INFO -  Setting pipeline to PAUSED ...
17:01:40     INFO -  Pipeline is PREROLLING ...
17:01:40     INFO -  Pipeline is PREROLLED ...
17:01:40     INFO -  Setting pipeline to PLAYING ...
17:01:40     INFO -  New clock: GstSystemClock
17:01:40     INFO -  Got EOS from element "pipeline0".
17:01:40     INFO -  Execution ended after 32766250 ns.
17:01:40     INFO -  Setting pipeline to PAUSED ...
17:01:40     INFO -  Setting pipeline to READY ...
17:01:40     INFO -  Setting pipeline to NULL ...
17:01:40     INFO -  Freeing pipeline ...
17:01:40     INFO -  mozprofile.addons WARNING | Could not install /builds/slave/test/build/tests/mochitest/extensions/mozscreenshots: [Errno 2] No such file or directory: '/builds/slave/test/build/tests/mochitest/extensions/mozscreenshots/install.rdf'
17:01:40     INFO -  pk12util: PKCS12 IMPORT SUCCESSFUL
17:01:40     INFO - MochitestServer : launching [u'/builds/slave/test/build/tests/bin/xpcshell', '-g', '/builds/slave/test/build/application/firefox', '-v', '170', '-f', '/builds/slave/test/build/tests/bin/components/httpd.js', '-e', "const _PROFILE_PATH = '/tmp/tmp41cGZ2.mozrunner'; const _SERVER_PORT = '8888'; const _SERVER_ADDR = '127.0.0.1'; const _TEST_PREFIX = undefined; const _DISPLAY_RESULTS = false;", '-f', '/builds/slave/test/build/tests/mochitest/server.js']
17:01:40     INFO - runtests.py | Server pid: 3032
17:01:40     INFO - runtests.py | Websocket server pid: 3035
17:01:41     INFO - runtests.py | SSL tunnel pid: 3038
17:01:41     INFO - runtests.py | Running with e10s: False
17:01:41     INFO - runtests.py | Running tests: start.
17:01:41     INFO - 
17:01:41     INFO - Application command: /builds/slave/test/build/application/firefox/firefox -marionette -foreground -profile /tmp/tmp41cGZ2.mozrunner
17:01:41     INFO - runtests.py | Application pid: 3060
17:01:41     INFO - TEST-INFO | started process Main app process
17:01:44     INFO - 1528502504684	Marionette	INFO	Listening on port 2828
17:01:48     INFO - *** Start BrowserChrome Test Results ***
17:01:49     INFO - checking window state
17:01:49     INFO - TEST-START | devtools/client/canvasdebugger/test/browser_canvas-actor-test-09.js
17:01:50     INFO - ATTENTION: default value of option force_s3tc_enable overridden by environment.
17:01:51     INFO - JavaScript error: resource://gre/modules/commonjs/toolkit/loader.js -> resource://devtools/server/primitive.js, line 32: TypeError: this.stopRecording is not a function
17:01:51     INFO - MEMORY STAT vsizeMaxContiguous not supported in this build configuration.
17:01:51     INFO - MEMORY STAT | vsize 2057MB | residentFast 247MB | heapAllocated 118MB
17:01:51     INFO - TEST-OK | devtools/client/canvasdebugger/test/browser_canvas-actor-test-09.js | took 2108ms
17:01:51     INFO - checking window state
17:01:51     INFO - TEST-START | devtools/client/canvasdebugger/test/browser_canvas-actor-test-10.js
17:01:52     INFO - JavaScript error: resource://gre/modules/commonjs/toolkit/loader.js -> resource://devtools/server/primitive.js, line 32: TypeError: this.stopRecording is not a function
17:01:53     INFO - MEMORY STAT | vsize 2139MB | residentFast 296MB | heapAllocated 168MB
17:01:53     INFO - TEST-OK | devtools/client/canvasdebugger/test/browser_canvas-actor-test-10.js | took 1646ms
17:01:53     INFO - checking window state
17:01:53     INFO - TEST-START | devtools/client/canvasdebugger/test/browser_canvas-actor-test-11.js
17:01:54     INFO - JavaScript error: resource://gre/modules/commonjs/toolkit/loader.js -> resource://devtools/server/primitive.js, line 32: TypeError: this.stopRecording is not a function
17:01:54     INFO - MEMORY STAT | vsize 2139MB | residentFast 295MB | heapAllocated 166MB
17:01:54     INFO - TEST-OK | devtools/client/canvasdebugger/test/browser_canvas-actor-test-11.js | took 1580ms
17:01:55     INFO - checking window state
17:01:55     INFO - TEST-START | devtools/client/canvasdebugger/test/browser_profiling-webgl.js
17:01:56     INFO - JavaScript error: resource://gre/modules/commonjs/toolkit/loader.js -> resource://devtools/server/primitive.js, line 32: TypeError: this.stopRecording is not a function
17:01:57     INFO - console.error:
17:01:57     INFO -   _processDrawElements doesn't define this type.
17:01:57     INFO - console.error:
17:01:57     INFO -   _processDrawElements doesn't define this type.
17:01:57     INFO - JavaScript error: resource://gre/modules/commonjs/toolkit/loader.js -> resource://devtools/server/primitive.js, line 32: TypeError: this.stopRecording is not a function
17:01:57     INFO - MEMORY STAT | vsize 2156MB | residentFast 321MB | heapAllocated 189MB
17:01:57     INFO - TEST-OK | devtools/client/canvasdebugger/test/browser_profiling-webgl.js | took 2932ms
17:01:58     INFO - checking window state
17:02:01     INFO - Completed ShutdownLeaks collections in process 3060
17:02:01     INFO - TEST-START | Shutdown
17:02:01     INFO - Browser Chrome Test Summary
17:02:01     INFO - Passed:  97
17:02:01     INFO - Failed:  0
17:02:01     INFO - Todo:    0
17:02:01     INFO - Mode:    non-e10s
17:02:01     INFO - *** End BrowserChrome Test Results ***
17:02:03     INFO - TEST-INFO | Main app process: exit 0
17:02:03     INFO - runtests.py | Application ran for: 0:00:22.011628
17:02:03     INFO - zombiecheck | Reading PID log: /tmp/tmpDZ4t9dpidlog
17:02:03     INFO - ==> process 3060 launched child process 3081
17:02:03     INFO - zombiecheck | Checking for orphan process with PID: 3081
17:02:03     INFO - Stopping web server
17:02:03     INFO - Stopping web socket server
17:02:03     INFO - Stopping ssltunnel
17:02:03  WARNING - leakcheck | refcount logging is off, so leaks can't be detected!
17:02:03     INFO - runtests.py | Running tests: end.
17:02:03     INFO - Buffered messages finished
17:02:03     INFO -  TEST-INFO | checking window state
17:02:03     INFO -  Browser Chrome Test Summary
17:02:03     INFO -  	Passed: 97
17:02:03     INFO -  	Failed: 0
17:02:03     INFO -  	Todo: 0
17:02:03     INFO -  	Mode: non-e10s
17:02:03     INFO -  *** End BrowserChrome Test Results ***
17:02:03     INFO - Buffered messages finished
17:02:03     INFO - SUITE-END | took 23s
17:02:03     INFO - Return code: 0
17:02:03     INFO - TinderboxPrint: mochitest-browser-chrome-gpu<br/>4/0/0
17:02:03  WARNING - # TBPL SUCCESS #
17:02:03  WARNING - The mochitest suite: browser-chrome-gpu ran with return status: SUCCESS
17:02:03     INFO - Structured output parser in use for mochitest.
17:02:03     INFO - ENV: MOZ_UPLOAD_DIR is now /builds/slave/test/build/blobber_upload_dir
17:02:03     INFO - ENV: MINIDUMP_STACKWALK is now /builds/slave/test/build/linux64-minidump_stackwalk
17:02:03     INFO - ENV: MOZ_NODE_PATH is now /builds/slave/test/build/node-linux-x64/bin/node
17:02:03     INFO - ENV: MINIDUMP_SAVE_PATH is now /builds/slave/test/build/blobber_upload_dir
17:02:03     INFO - Running command: ['/builds/slave/test/build/venv/bin/python', '-u', '/builds/slave/test/build/tests/mochitest/runtests.py', '--disable-e10s', '--appname=/builds/slave/test/build/application/firefox/firefox', '--utility-path=tests/bin', '--extra-profile-file=tests/bin/plugins', '--symbols-path=https://queue.taskcluster.net/v1/task/I1iAdq48Sa60c5BCPWswkg/artifacts/public/build/firefox-52.8.2.en-US.linux-x86_64.crashreporter-symbols.zip', '--certificate-path=tests/certs', '--setpref=webgl.force-enabled=true', '--quiet', '--log-raw=/builds/slave/test/build/blobber_upload_dir/chrome-gpu_raw.log', '--log-errorsummary=/builds/slave/test/build/blobber_upload_dir/chrome-gpu_errorsummary.log', '--use-test-media-devices', '--screenshot-on-fail', '--cleanup-crashes', '--marionette-startup-timeout=180', '--log-raw=-', '--flavor=chrome', '--subsuite=gpu'] in /builds/slave/test/build
17:02:03     INFO - Copy/paste: /builds/slave/test/build/venv/bin/python -u /builds/slave/test/build/tests/mochitest/runtests.py --disable-e10s --appname=/builds/slave/test/build/application/firefox/firefox --utility-path=tests/bin --extra-profile-file=tests/bin/plugins --symbols-path=https://queue.taskcluster.net/v1/task/I1iAdq48Sa60c5BCPWswkg/artifacts/public/build/firefox-52.8.2.en-US.linux-x86_64.crashreporter-symbols.zip --certificate-path=tests/certs --setpref=webgl.force-enabled=true --quiet --log-raw=/builds/slave/test/build/blobber_upload_dir/chrome-gpu_raw.log --log-errorsummary=/builds/slave/test/build/blobber_upload_dir/chrome-gpu_errorsummary.log --use-test-media-devices --screenshot-on-fail --cleanup-crashes --marionette-startup-timeout=180 --log-raw=- --flavor=chrome --subsuite=gpu
17:02:03     INFO - Using env: {'CCACHE_DIR': '/builds/ccache',
17:02:03     INFO -  'CCACHE_UMASK': '002',
17:02:03     INFO -  'DISPLAY': ':0',
17:02:03     INFO -  'HOME': '/home/cltbld',
17:02:03     INFO -  'LANG': 'en_US.UTF-8',
17:02:03     INFO -  'LOGNAME': 'cltbld',
17:02:03     INFO -  'MAIL': '/var/mail/cltbld',
17:02:03     INFO -  'MINIDUMP_SAVE_PATH': '/builds/slave/test/build/blobber_upload_dir',
17:02:03     INFO -  'MINIDUMP_STACKWALK': '/builds/slave/test/build/linux64-minidump_stackwalk',
17:02:03     INFO -  'MOZ_HIDE_RESULTS_TABLE': '1',
17:02:03     INFO -  'MOZ_NODE_PATH': '/builds/slave/test/build/node-linux-x64/bin/node',
17:02:03     INFO -  'MOZ_NO_REMOTE': '1',
17:02:03     INFO -  'MOZ_UPLOAD_DIR': '/builds/slave/test/build/blobber_upload_dir',
17:02:03     INFO -  'NODE_PATH': '/usr/lib/nodejs:/usr/lib/node_modules:/usr/share/javascript',
17:02:03     INFO -  'NO_FAIL_ON_TEST_ERRORS': '1',
17:02:03     INFO -  'PATH': '/builds/slave/test/build/venv/bin:/usr/local/bin:/usr/local/bin:/usr/bin:/bin:/usr/local/games:/usr/games',
17:02:03     INFO -  'PROPERTIES_FILE': '/builds/slave/test/buildprops.json',
17:02:03     INFO -  'PWD': '/builds/slave/test',
17:02:03     INFO -  'SHELL': '/bin/bash',
17:02:03     INFO -  'SHLVL': '1',
17:02:03     INFO -  'TERM': 'linux',
17:02:03     INFO -  'TMOUT': '86400',
17:02:03     INFO -  'USER': 'cltbld',
17:02:03     INFO -  'XDG_SESSION_COOKIE': '9ca12473fbb1d023794ffd180000023c-1528502117.227300-36580333',
17:02:03     INFO -  '_': '/tools/buildbot/bin/python'}
17:02:03     INFO - Calling ['/builds/slave/test/build/venv/bin/python', '-u', '/builds/slave/test/build/tests/mochitest/runtests.py', '--disable-e10s', '--appname=/builds/slave/test/build/application/firefox/firefox', '--utility-path=tests/bin', '--extra-profile-file=tests/bin/plugins', '--symbols-path=https://queue.taskcluster.net/v1/task/I1iAdq48Sa60c5BCPWswkg/artifacts/public/build/firefox-52.8.2.en-US.linux-x86_64.crashreporter-symbols.zip', '--certificate-path=tests/certs', '--setpref=webgl.force-enabled=true', '--quiet', '--log-raw=/builds/slave/test/build/blobber_upload_dir/chrome-gpu_raw.log', '--log-errorsummary=/builds/slave/test/build/blobber_upload_dir/chrome-gpu_errorsummary.log', '--use-test-media-devices', '--screenshot-on-fail', '--cleanup-crashes', '--marionette-startup-timeout=180', '--log-raw=-', '--flavor=chrome', '--subsuite=gpu'] with output_timeout 1000
17:02:04     INFO - Checking for orphan ssltunnel processes...
17:02:04     INFO - Checking for orphan xpcshell processes...
17:02:04     INFO - mozcrash Removed pending crash reports at '/home/cltbld/.mozilla/firefox/Crash Reports'
17:02:04     INFO - SUITE-START | Running 1 tests
17:02:04     INFO -  dir: dom/canvas/test/chrome
17:02:04     INFO -  Setting pipeline to PAUSED ...
17:02:04     INFO -  Pipeline is PREROLLING ...
17:02:04     INFO -  Pipeline is PREROLLED ...
17:02:04     INFO -  Setting pipeline to PLAYING ...
17:02:04     INFO -  New clock: GstSystemClock
17:02:04     INFO -  Got EOS from element "pipeline0".
17:02:04     INFO -  Execution ended after 32495084 ns.
17:02:04     INFO -  Setting pipeline to PAUSED ...
17:02:04     INFO -  Setting pipeline to READY ...
17:02:04     INFO -  Setting pipeline to NULL ...
17:02:04     INFO -  Freeing pipeline ...
17:02:05     INFO -  mozprofile.addons WARNING | Could not install /builds/slave/test/build/tests/mochitest/extensions/mozscreenshots: [Errno 2] No such file or directory: '/builds/slave/test/build/tests/mochitest/extensions/mozscreenshots/install.rdf'
17:02:05     INFO -  pk12util: PKCS12 IMPORT SUCCESSFUL
17:02:05     INFO - MochitestServer : launching [u'/builds/slave/test/build/tests/bin/xpcshell', '-g', '/builds/slave/test/build/application/firefox', '-v', '170', '-f', '/builds/slave/test/build/tests/bin/components/httpd.js', '-e', "const _PROFILE_PATH = '/tmp/tmp170Npb.mozrunner'; const _SERVER_PORT = '8888'; const _SERVER_ADDR = '127.0.0.1'; const _TEST_PREFIX = undefined; const _DISPLAY_RESULTS = false;", '-f', '/builds/slave/test/build/tests/mochitest/server.js']
17:02:05     INFO - runtests.py | Server pid: 3172
17:02:05     INFO - runtests.py | Websocket server pid: 3175
17:02:05     INFO - runtests.py | SSL tunnel pid: 3178
17:02:06     INFO - runtests.py | Running with e10s: False
17:02:06     INFO - runtests.py | Running tests: start.
17:02:06     INFO - 
17:02:06     INFO - Application command: /builds/slave/test/build/application/firefox/firefox -marionette -foreground -profile /tmp/tmp170Npb.mozrunner
17:02:06     INFO - runtests.py | Application pid: 3200
17:02:06     INFO - TEST-INFO | started process Main app process
17:02:09     INFO - 1528502529338	Marionette	INFO	Listening on port 2828
17:02:13     INFO - SimpleTest START
17:02:13     INFO - TEST-START | dom/canvas/test/chrome/test_webgl_debug_renderer_info.html
17:02:14     INFO - ATTENTION: default value of option force_s3tc_enable overridden by environment.
17:02:14     INFO - JavaScript warning: chrome://mochitests/content/chrome/dom/canvas/test/chrome/test_webgl_debug_renderer_info.html, line 48: Error: WebGL: getParameter: parameter: invalid enum value <enum 0x9245>
17:02:14     INFO - JavaScript warning: chrome://mochitests/content/chrome/dom/canvas/test/chrome/test_webgl_debug_renderer_info.html, line 50: Error: WebGL: getParameter: parameter: invalid enum value <enum 0x9246>
17:02:14     INFO - JavaScript warning: , line 0: Error: WebGL: getParameter: parameter: invalid enum value <enum 0x9245>
17:02:14     INFO - JavaScript warning: , line 0: Error: WebGL: getParameter: parameter: invalid enum value <enum 0x9246>
17:02:14     INFO - JavaScript warning: http://mochi.test:8888/chrome/dom/canvas/test/chrome/nonchrome_webgl_debug_renderer_info.html, line 38: Error: WebGL: getParameter: parameter: invalid enum value <enum 0x9245>
17:02:14     INFO - JavaScript warning: http://mochi.test:8888/chrome/dom/canvas/test/chrome/nonchrome_webgl_debug_renderer_info.html, line 41: Error: WebGL: getParameter: parameter: invalid enum value <enum 0x9246>
17:02:14     INFO - JavaScript warning: http://mochi.test:8888/chrome/dom/canvas/test/chrome/nonchrome_webgl_debug_renderer_info.html, line 71: Error: WebGL: getParameter: parameter: invalid enum value <enum 0x9245>
17:02:14     INFO - JavaScript warning: http://mochi.test:8888/chrome/dom/canvas/test/chrome/nonchrome_webgl_debug_renderer_info.html, line 74: Error: WebGL: getParameter: parameter: invalid enum value <enum 0x9246>
17:02:15     INFO - MEMORY STAT vsizeMaxContiguous not supported in this build configuration.
17:02:15     INFO - MEMORY STAT | vsize 2040MB | residentFast 250MB | heapAllocated 141MB
17:02:15     INFO - TEST-OK | dom/canvas/test/chrome/test_webgl_debug_renderer_info.html | took 1420ms
17:02:15     INFO - TEST-START | Shutdown
17:02:15     INFO - Passed:  25
17:02:15     INFO - Failed:  0
17:02:15     INFO - Todo:    0
17:02:15     INFO - Mode:    non-e10s
17:02:15     INFO - Slowest: 1420ms - chrome://mochitests/content/chrome/dom/canvas/test/chrome/test_webgl_debug_renderer_info.html
17:02:15     INFO - SimpleTest FINISHED
17:02:15     INFO - TEST-INFO | Ran 1 Loops
17:02:15     INFO - SimpleTest FINISHED
17:02:16     INFO - TEST-INFO | Main app process: exit 0
17:02:16     INFO - runtests.py | Application ran for: 0:00:10.307963
17:02:16     INFO - zombiecheck | Reading PID log: /tmp/tmpDvNv_apidlog
17:02:16     INFO - ==> process 3200 launched child process 3221
17:02:16     INFO - zombiecheck | Checking for orphan process with PID: 3221
17:02:16     INFO - Stopping web server
17:02:16     INFO - Stopping web socket server
17:02:16     INFO - Stopping ssltunnel
17:02:16  WARNING - leakcheck | refcount logging is off, so leaks can't be detected!
17:02:16     INFO - runtests.py | Running tests: end.
17:02:16     INFO - Buffered messages finished
17:02:16     INFO -  0 INFO TEST-START | Shutdown
17:02:16     INFO -  1 INFO Passed:  25
17:02:16     INFO -  2 INFO Failed:  0
17:02:16     INFO -  3 INFO Todo:    0
17:02:16     INFO -  4 INFO Mode:    non-e10s
17:02:16     INFO -  5 INFO SimpleTest FINISHED
17:02:16     INFO - Buffered messages finished
17:02:16     INFO - SUITE-END | took 11s
17:02:16     INFO - Return code: 0
17:02:16     INFO - TinderboxPrint: mochitest-chrome-gpu<br/>1/0/0
17:02:16  WARNING - # TBPL SUCCESS #
17:02:16  WARNING - The mochitest suite: chrome-gpu ran with return status: SUCCESS
17:02:16     INFO - Running post-action listener: _package_coverage_data
17:02:16     INFO - Running post-action listener: _resource_record_post_action
17:02:16     INFO - [mozharness: 2018-06-09 00:02:16.664906Z] Finished run-tests step (success)
17:02:16     INFO - Running post-run listener: _resource_record_post_run
17:02:16     INFO - Validating Perfherder data against /builds/slave/test/scripts/external_tools/performance-artifact-schema.json
17:02:16     INFO - PERFHERDER_DATA: {"framework": {"name": "job_resource_usage"}, "suites": [{"subtests": [{"name": "cpu_percent", "value": 92.98741258741258}, {"name": "io_write_bytes", "value": 331513856}, {"name": "io.read_bytes", "value": 48685056}, {"name": "io_write_time", "value": 295712}, {"name": "io_read_time", "value": 1988}], "extraOptions": ["buildbot-m1.medium"], "name": "mochitest.plain-gpu.chrome-gpu.browser-chrome-gpu.overall"}, {"subtests": [{"name": "time", "value": 25.617223024368286}, {"name": "cpu_percent", "value": 100.0}], "name": "mochitest.plain-gpu.chrome-gpu.browser-chrome-gpu.install"}, {"subtests": [{"name": "time", "value": 0.0009980201721191406}], "name": "mochitest.plain-gpu.chrome-gpu.browser-chrome-gpu.stage-files"}, {"subtests": [{"name": "time", "value": 117.94928312301636}, {"name": "cpu_percent", "value": 91.54957264957268}], "name": "mochitest.plain-gpu.chrome-gpu.browser-chrome-gpu.run-tests"}]}
17:02:16     INFO - Total resource usage - Wall time: 143s; CPU: 92.0%; Read bytes: 48685056; Write bytes: 331513856; Read time: 1988; Write time: 295712
17:02:16     INFO - TinderboxPrint: CPU usage<br/>91.5%
17:02:16     INFO - TinderboxPrint: I/O read bytes / time<br/>48,685,056 / 1,988
17:02:16     INFO - TinderboxPrint: I/O write bytes / time<br/>331,513,856 / 295,712
17:02:16     INFO - TinderboxPrint: CPU idle<br/>9.8 (6.9%)
17:02:16     INFO - TinderboxPrint: CPU iowait<br/>3.0 (2.1%)
17:02:16     INFO - TinderboxPrint: CPU system<br/>33.7 (23.7%)
17:02:16     INFO - TinderboxPrint: CPU user<br/>95.0 (66.7%)
17:02:16     INFO - TinderboxPrint: Swap in / out<br/>0 / 0
17:02:16     INFO - install - Wall time: 26s; CPU: 100.0%; Read bytes: 53248; Write bytes: 28372992; Read time: 4; Write time: 32336
17:02:16     INFO - stage-files - Wall time: 0s; CPU: Can't collect data; Read bytes: 0; Write bytes: 0; Read time: 0; Write time: 0
17:02:16     INFO - run-tests - Wall time: 118s; CPU: 92.0%; Read bytes: 48533504; Write bytes: 303140864; Read time: 1980; Write time: 263376
17:02:16     INFO - Running post-run listener: _upload_blobber_files
17:02:16     INFO - Blob upload gear active.
17:02:16     INFO - Preparing to upload files from /builds/slave/test/build/blobber_upload_dir.
17:02:16     INFO - Files from /builds/slave/test/build/blobber_upload_dir are to be uploaded with <mozilla-esr52> branch at the following location(s): https://blobupload.elasticbeanstalk.com
17:02:16     INFO - Running command: ['/builds/slave/test/build/venv/bin/python', '/builds/slave/test/build/venv/bin/blobberc.py', '-u', 'https://blobupload.elasticbeanstalk.com', '-a', '/builds/slave/test/oauth.txt', '-b', 'mozilla-esr52', '-d', '/builds/slave/test/build/blobber_upload_dir', '--output-manifest', '/builds/slave/test/build/uploaded_files.json']
17:02:16     INFO - Copy/paste: /builds/slave/test/build/venv/bin/python /builds/slave/test/build/venv/bin/blobberc.py -u https://blobupload.elasticbeanstalk.com -a /builds/slave/test/oauth.txt -b mozilla-esr52 -d /builds/slave/test/build/blobber_upload_dir --output-manifest /builds/slave/test/build/uploaded_files.json
17:02:17     INFO -  (blobuploader) - INFO - Open directory for files ...
17:02:17     INFO -  (blobuploader) - INFO - Uploading /builds/slave/test/build/blobber_upload_dir/chrome-gpu_raw.log ...
17:02:17     INFO -  (blobuploader) - INFO - Using https://blobupload.elasticbeanstalk.com
17:02:17     INFO -  (blobuploader) - INFO - Uploading, attempt #1.
17:02:18     INFO -  (blobuploader) - INFO - TinderboxPrint: <a href='https://mozilla-releng-blobs.s3.amazonaws.com/blobs/mozilla-esr52/sha512/fe72c36069ede308ff0afd5e418655709468790a1513c06c580a97cd0bd80bcb0b181fb27edf37059eadeff0835cfc490221789e4d7a0d17e14e2e1d322901e3'>chrome-gpu_raw.log</a>: uploaded
17:02:18     INFO -  (blobuploader) - INFO - Blobserver returned 202. File uploaded!
17:02:18     INFO -  (blobuploader) - INFO - Done attempting.
17:02:18     INFO -  (blobuploader) - INFO - Uploading /builds/slave/test/build/blobber_upload_dir/browser-chrome-gpu_raw.log ...
17:02:18     INFO -  (blobuploader) - INFO - Using https://blobupload.elasticbeanstalk.com
17:02:18     INFO -  (blobuploader) - INFO - Uploading, attempt #1.
17:02:19     INFO -  (blobuploader) - INFO - TinderboxPrint: <a href='https://mozilla-releng-blobs.s3.amazonaws.com/blobs/mozilla-esr52/sha512/4d7c9d6f119fae4721c304b7da2b93c702685714ed5c09fc347888bcf3011991f86e42945930106f9cc9af3b7a9a7a7b3d72abdc94fa50ef17d8b33f4f90d0b4'>browser-chrome-gpu_raw.log</a>: uploaded
17:02:19     INFO -  (blobuploader) - INFO - Blobserver returned 202. File uploaded!
17:02:19     INFO -  (blobuploader) - INFO - Done attempting.
17:02:19     INFO -  (blobuploader) - INFO - Uploading /builds/slave/test/build/blobber_upload_dir/resource-usage.json ...
17:02:19     INFO -  (blobuploader) - INFO - Using https://blobupload.elasticbeanstalk.com
17:02:19     INFO -  (blobuploader) - INFO - Uploading, attempt #1.
17:02:20     INFO -  (blobuploader) - INFO - TinderboxPrint: <a href='https://mozilla-releng-blobs.s3.amazonaws.com/blobs/mozilla-esr52/sha512/603d235c197b31b6d97765374d751c118c138a0528ac505f5466875d76c75c7ad3605a0756f0d87c39cdcce9e7d36d38450c171ffd67643e564a2eca075e622a'>resource-usage.json</a>: uploaded
17:02:20     INFO -  (blobuploader) - INFO - Blobserver returned 202. File uploaded!
17:02:20     INFO -  (blobuploader) - INFO - Done attempting.
17:02:20     INFO -  (blobuploader) - INFO - Uploading /builds/slave/test/build/blobber_upload_dir/plain-gpu_raw.log ...
17:02:20     INFO -  (blobuploader) - INFO - Using https://blobupload.elasticbeanstalk.com
17:02:20     INFO -  (blobuploader) - INFO - Uploading, attempt #1.
17:02:20     INFO -  (blobuploader) - INFO - TinderboxPrint: <a href='https://mozilla-releng-blobs.s3.amazonaws.com/blobs/mozilla-esr52/sha512/95251fed1dbea0cb88800a688dd4e46f6f7e87712d7e597f4d752b3fa2ff2e318a4e663036ae69c81679a948219edaf9b4e2df9607f985fba424ec9d96f44841'>plain-gpu_raw.log</a>: uploaded
17:02:20     INFO -  (blobuploader) - INFO - Blobserver returned 202. File uploaded!
17:02:20     INFO -  (blobuploader) - INFO - Done attempting.
17:02:20     INFO -  (blobuploader) - INFO - Uploading /builds/slave/test/build/blobber_upload_dir/plain-gpu_errorsummary.log ...
17:02:20     INFO -  (blobuploader) - INFO - Using https://blobupload.elasticbeanstalk.com
17:02:20     INFO -  (blobuploader) - INFO - Uploading, attempt #1.
17:02:21     INFO -  (blobuploader) - INFO - TinderboxPrint: <a href='https://mozilla-releng-blobs.s3.amazonaws.com/blobs/mozilla-esr52/sha512/62b5737825c8141ec699385b70a604560f0e0c378f35834e55aa171b81735517286f2ee303d7b0ed7708bfc8da153f1c3d2639a37e992b9f62041e83d9d6b0a2'>plain-gpu_errorsummary.log</a>: uploaded
17:02:21     INFO -  (blobuploader) - INFO - Blobserver returned 202. File uploaded!
17:02:21     INFO -  (blobuploader) - INFO - Done attempting.
17:02:21     INFO -  (blobuploader) - INFO - Uploading /builds/slave/test/build/blobber_upload_dir/browser-chrome-gpu_errorsummary.log ...
17:02:21     INFO -  (blobuploader) - INFO - Using https://blobupload.elasticbeanstalk.com
17:02:21     INFO -  (blobuploader) - INFO - Uploading, attempt #1.
17:02:22     INFO -  (blobuploader) - INFO - TinderboxPrint: <a href='https://mozilla-releng-blobs.s3.amazonaws.com/blobs/mozilla-esr52/sha512/ea8b3ba55aa5a1f880db940aa2311cf8ee6234a25dd968f6dcc6595b00fc2f2e9007e82f5ed929831ea69f5cfab2519bd54b23cb79f502804bddc5f1ec1ede22'>browser-chrome-gpu_errorsummary.log</a>: uploaded
17:02:22     INFO -  (blobuploader) - INFO - Blobserver returned 202. File uploaded!
17:02:22     INFO -  (blobuploader) - INFO - Done attempting.
17:02:22     INFO -  (blobuploader) - INFO - Uploading /builds/slave/test/build/blobber_upload_dir/chrome-gpu_errorsummary.log ...
17:02:22     INFO -  (blobuploader) - INFO - Using https://blobupload.elasticbeanstalk.com
17:02:22     INFO -  (blobuploader) - INFO - Uploading, attempt #1.
17:02:22     INFO -  (blobuploader) - INFO - TinderboxPrint: <a href='https://mozilla-releng-blobs.s3.amazonaws.com/blobs/mozilla-esr52/sha512/713a4d25881ba4e3506d2d0953e8b61d7a861c054b1249169e25ee2d67b9e0b8433ec76c9015492348f02f756e828537979632c7196e1b5a0f677aea8623c0a8'>chrome-gpu_errorsummary.log</a>: uploaded
17:02:22     INFO -  (blobuploader) - INFO - Blobserver returned 202. File uploaded!
17:02:22     INFO -  (blobuploader) - INFO - Done attempting.
17:02:22     INFO -  (blobuploader) - INFO - Iteration through files over.
17:02:22     INFO - Return code: 0
17:02:22     INFO - rmtree: /builds/slave/test/build/uploaded_files.json
17:02:22     INFO - retry: Calling remove with args: ('/builds/slave/test/build/uploaded_files.json',), kwargs: {}, attempt #1
17:02:22     INFO - Setting buildbot property blobber_files to {"chrome-gpu_errorsummary.log": "https://mozilla-releng-blobs.s3.amazonaws.com/blobs/mozilla-esr52/sha512/713a4d25881ba4e3506d2d0953e8b61d7a861c054b1249169e25ee2d67b9e0b8433ec76c9015492348f02f756e828537979632c7196e1b5a0f677aea8623c0a8", "plain-gpu_errorsummary.log": "https://mozilla-releng-blobs.s3.amazonaws.com/blobs/mozilla-esr52/sha512/62b5737825c8141ec699385b70a604560f0e0c378f35834e55aa171b81735517286f2ee303d7b0ed7708bfc8da153f1c3d2639a37e992b9f62041e83d9d6b0a2", "chrome-gpu_raw.log": "https://mozilla-releng-blobs.s3.amazonaws.com/blobs/mozilla-esr52/sha512/fe72c36069ede308ff0afd5e418655709468790a1513c06c580a97cd0bd80bcb0b181fb27edf37059eadeff0835cfc490221789e4d7a0d17e14e2e1d322901e3", "plain-gpu_raw.log": "https://mozilla-releng-blobs.s3.amazonaws.com/blobs/mozilla-esr52/sha512/95251fed1dbea0cb88800a688dd4e46f6f7e87712d7e597f4d752b3fa2ff2e318a4e663036ae69c81679a948219edaf9b4e2df9607f985fba424ec9d96f44841", "browser-chrome-gpu_errorsummary.log": "https://mozilla-releng-blobs.s3.amazonaws.com/blobs/mozilla-esr52/sha512/ea8b3ba55aa5a1f880db940aa2311cf8ee6234a25dd968f6dcc6595b00fc2f2e9007e82f5ed929831ea69f5cfab2519bd54b23cb79f502804bddc5f1ec1ede22", "resource-usage.json": "https://mozilla-releng-blobs.s3.amazonaws.com/blobs/mozilla-esr52/sha512/603d235c197b31b6d97765374d751c118c138a0528ac505f5466875d76c75c7ad3605a0756f0d87c39cdcce9e7d36d38450c171ffd67643e564a2eca075e622a", "browser-chrome-gpu_raw.log": "https://mozilla-releng-blobs.s3.amazonaws.com/blobs/mozilla-esr52/sha512/4d7c9d6f119fae4721c304b7da2b93c702685714ed5c09fc347888bcf3011991f86e42945930106f9cc9af3b7a9a7a7b3d72abdc94fa50ef17d8b33f4f90d0b4"}
17:02:22     INFO - Writing buildbot properties ['blobber_files'] to /builds/slave/test/properties/blobber_files
17:02:22     INFO - Writing to file /builds/slave/test/properties/blobber_files
17:02:22     INFO - Contents:
17:02:22     INFO -  blobber_files:{"chrome-gpu_errorsummary.log": "https://mozilla-releng-blobs.s3.amazonaws.com/blobs/mozilla-esr52/sha512/713a4d25881ba4e3506d2d0953e8b61d7a861c054b1249169e25ee2d67b9e0b8433ec76c9015492348f02f756e828537979632c7196e1b5a0f677aea8623c0a8", "plain-gpu_errorsummary.log": "https://mozilla-releng-blobs.s3.amazonaws.com/blobs/mozilla-esr52/sha512/62b5737825c8141ec699385b70a604560f0e0c378f35834e55aa171b81735517286f2ee303d7b0ed7708bfc8da153f1c3d2639a37e992b9f62041e83d9d6b0a2", "chrome-gpu_raw.log": "https://mozilla-releng-blobs.s3.amazonaws.com/blobs/mozilla-esr52/sha512/fe72c36069ede308ff0afd5e418655709468790a1513c06c580a97cd0bd80bcb0b181fb27edf37059eadeff0835cfc490221789e4d7a0d17e14e2e1d322901e3", "plain-gpu_raw.log": "https://mozilla-releng-blobs.s3.amazonaws.com/blobs/mozilla-esr52/sha512/95251fed1dbea0cb88800a688dd4e46f6f7e87712d7e597f4d752b3fa2ff2e318a4e663036ae69c81679a948219edaf9b4e2df9607f985fba424ec9d96f44841", "browser-chrome-gpu_errorsummary.log": "https://mozilla-releng-blobs.s3.amazonaws.com/blobs/mozilla-esr52/sha512/ea8b3ba55aa5a1f880db940aa2311cf8ee6234a25dd968f6dcc6595b00fc2f2e9007e82f5ed929831ea69f5cfab2519bd54b23cb79f502804bddc5f1ec1ede22", "resource-usage.json": "https://mozilla-releng-blobs.s3.amazonaws.com/blobs/mozilla-esr52/sha512/603d235c197b31b6d97765374d751c118c138a0528ac505f5466875d76c75c7ad3605a0756f0d87c39cdcce9e7d36d38450c171ffd67643e564a2eca075e622a", "browser-chrome-gpu_raw.log": "https://mozilla-releng-blobs.s3.amazonaws.com/blobs/mozilla-esr52/sha512/4d7c9d6f119fae4721c304b7da2b93c702685714ed5c09fc347888bcf3011991f86e42945930106f9cc9af3b7a9a7a7b3d72abdc94fa50ef17d8b33f4f90d0b4"}
17:02:22     INFO - Running post-run listener: copy_logs_to_upload_dir
17:02:22     INFO - Copying logs to upload dir...
17:02:22     INFO - mkdir: /builds/slave/test/build/upload/logs
17:02:22     INFO - Copying logs to upload dir...
program finished with exit code 0
elapsedTime=419.532646
========= master_lag: 0.06 =========
========= Finished '/tools/buildbot/bin/python scripts/scripts/desktop_unittest.py ...' (results: 0, elapsed: 6 mins, 59 secs) (at 2018-06-08 17:02:22.865314) =========

========= Started set props: build_url blobber_files (results: 0, elapsed: 0 secs) (at 2018-06-08 17:02:22.871494) =========
bash -c 'for file in `ls -1`; do cat $file; done'
 in dir /builds/slave/test/properties (timeout 1200 secs)
 watching logfiles {}
 argv: ['bash', '-c', 'for file in `ls -1`; do cat $file; done']
 environment:
  HOME=/home/cltbld
  LANG=en_US.UTF-8
  LOGNAME=cltbld
  MAIL=/var/mail/cltbld
  NODE_PATH=/usr/lib/nodejs:/usr/lib/node_modules:/usr/share/javascript
  PATH=/usr/local/bin:/usr/local/bin:/usr/bin:/bin:/usr/local/games:/usr/games
  PWD=/builds/slave/test/properties
  SHELL=/bin/bash
  SHLVL=1
  TERM=linux
  TMOUT=86400
  USER=cltbld
  XDG_SESSION_COOKIE=9ca12473fbb1d023794ffd180000023c-1528502117.227300-36580333
  _=/tools/buildbot/bin/python
 using PTY: False
blobber_files:{"chrome-gpu_errorsummary.log": "https://mozilla-releng-blobs.s3.amazonaws.com/blobs/mozilla-esr52/sha512/713a4d25881ba4e3506d2d0953e8b61d7a861c054b1249169e25ee2d67b9e0b8433ec76c9015492348f02f756e828537979632c7196e1b5a0f677aea8623c0a8", "plain-gpu_errorsummary.log": "https://mozilla-releng-blobs.s3.amazonaws.com/blobs/mozilla-esr52/sha512/62b5737825c8141ec699385b70a604560f0e0c378f35834e55aa171b81735517286f2ee303d7b0ed7708bfc8da153f1c3d2639a37e992b9f62041e83d9d6b0a2", "chrome-gpu_raw.log": "https://mozilla-releng-blobs.s3.amazonaws.com/blobs/mozilla-esr52/sha512/fe72c36069ede308ff0afd5e418655709468790a1513c06c580a97cd0bd80bcb0b181fb27edf37059eadeff0835cfc490221789e4d7a0d17e14e2e1d322901e3", "plain-gpu_raw.log": "https://mozilla-releng-blobs.s3.amazonaws.com/blobs/mozilla-esr52/sha512/95251fed1dbea0cb88800a688dd4e46f6f7e87712d7e597f4d752b3fa2ff2e318a4e663036ae69c81679a948219edaf9b4e2df9607f985fba424ec9d96f44841", "browser-chrome-gpu_errorsummary.log": "https://mozilla-releng-blobs.s3.amazonaws.com/blobs/mozilla-esr52/sha512/ea8b3ba55aa5a1f880db940aa2311cf8ee6234a25dd968f6dcc6595b00fc2f2e9007e82f5ed929831ea69f5cfab2519bd54b23cb79f502804bddc5f1ec1ede22", "resource-usage.json": "https://mozilla-releng-blobs.s3.amazonaws.com/blobs/mozilla-esr52/sha512/603d235c197b31b6d97765374d751c118c138a0528ac505f5466875d76c75c7ad3605a0756f0d87c39cdcce9e7d36d38450c171ffd67643e564a2eca075e622a", "browser-chrome-gpu_raw.log": "https://mozilla-releng-blobs.s3.amazonaws.com/blobs/mozilla-esr52/sha512/4d7c9d6f119fae4721c304b7da2b93c702685714ed5c09fc347888bcf3011991f86e42945930106f9cc9af3b7a9a7a7b3d72abdc94fa50ef17d8b33f4f90d0b4"}
build_url:https://queue.taskcluster.net/v1/task/I1iAdq48Sa60c5BCPWswkg/artifacts/public/build/firefox-52.8.2.en-US.linux-x86_64.tar.bz2
program finished with exit code 0
elapsedTime=0.039052
build_url: 'https://queue.taskcluster.net/v1/task/I1iAdq48Sa60c5BCPWswkg/artifacts/public/build/firefox-52.8.2.en-US.linux-x86_64.tar.bz2'
blobber_files: '{"chrome-gpu_errorsummary.log": "https://mozilla-releng-blobs.s3.amazonaws.com/blobs/mozilla-esr52/sha512/713a4d25881ba4e3506d2d0953e8b61d7a861c054b1249169e25ee2d67b9e0b8433ec76c9015492348f02f756e828537979632c7196e1b5a0f677aea8623c0a8", "plain-gpu_errorsummary.log": "https://mozilla-releng-blobs.s3.amazonaws.com/blobs/mozilla-esr52/sha512/62b5737825c8141ec699385b70a604560f0e0c378f35834e55aa171b81735517286f2ee303d7b0ed7708bfc8da153f1c3d2639a37e992b9f62041e83d9d6b0a2", "chrome-gpu_raw.log": "https://mozilla-releng-blobs.s3.amazonaws.com/blobs/mozilla-esr52/sha512/fe72c36069ede308ff0afd5e418655709468790a1513c06c580a97cd0bd80bcb0b181fb27edf37059eadeff0835cfc490221789e4d7a0d17e14e2e1d322901e3", "plain-gpu_raw.log": "https://mozilla-releng-blobs.s3.amazonaws.com/blobs/mozilla-esr52/sha512/95251fed1dbea0cb88800a688dd4e46f6f7e87712d7e597f4d752b3fa2ff2e318a4e663036ae69c81679a948219edaf9b4e2df9607f985fba424ec9d96f44841", "browser-chrome-gpu_errorsummary.log": "https://mozilla-releng-blobs.s3.amazonaws.com/blobs/mozilla-esr52/sha512/ea8b3ba55aa5a1f880db940aa2311cf8ee6234a25dd968f6dcc6595b00fc2f2e9007e82f5ed929831ea69f5cfab2519bd54b23cb79f502804bddc5f1ec1ede22", "resource-usage.json": "https://mozilla-releng-blobs.s3.amazonaws.com/blobs/mozilla-esr52/sha512/603d235c197b31b6d97765374d751c118c138a0528ac505f5466875d76c75c7ad3605a0756f0d87c39cdcce9e7d36d38450c171ffd67643e564a2eca075e622a", "browser-chrome-gpu_raw.log": "https://mozilla-releng-blobs.s3.amazonaws.com/blobs/mozilla-esr52/sha512/4d7c9d6f119fae4721c304b7da2b93c702685714ed5c09fc347888bcf3011991f86e42945930106f9cc9af3b7a9a7a7b3d72abdc94fa50ef17d8b33f4f90d0b4"}'
========= master_lag: 0.02 =========
========= Finished set props: build_url blobber_files (results: 0, elapsed: 0 secs) (at 2018-06-08 17:02:22.926742) =========

========= Started 'rm -f ...' (results: 0, elapsed: 0 secs) (at 2018-06-08 17:02:22.927305) =========
rm -f oauth.txt
 in dir /builds/slave/test/. (timeout 1200 secs)
 watching logfiles {}
 argv: ['rm', '-f', 'oauth.txt']
 environment:
  HOME=/home/cltbld
  LANG=en_US.UTF-8
  LOGNAME=cltbld
  MAIL=/var/mail/cltbld
  NODE_PATH=/usr/lib/nodejs:/usr/lib/node_modules:/usr/share/javascript
  PATH=/usr/local/bin:/usr/local/bin:/usr/bin:/bin:/usr/local/games:/usr/games
  PWD=/builds/slave/test
  SHELL=/bin/bash
  SHLVL=1
  TERM=linux
  TMOUT=86400
  USER=cltbld
  XDG_SESSION_COOKIE=9ca12473fbb1d023794ffd180000023c-1528502117.227300-36580333
  _=/tools/buildbot/bin/python
 using PTY: False
program finished with exit code 0
elapsedTime=0.022510
========= master_lag: 0.05 =========
========= Finished 'rm -f ...' (results: 0, elapsed: 0 secs) (at 2018-06-08 17:02:22.996265) =========

========= Started reboot skipped (results: 3, elapsed: 0 secs) (at 2018-06-08 17:02:22.996563) =========
========= Finished reboot skipped (results: 3, elapsed: 0 secs) (at 2018-06-08 17:02:22.996827) =========

========= Total master_lag: 0.19 =========

