builder: mozilla-esr52_ubuntu64_vm_test_pgo-mochitest-e10s-browser-chrome-4
slave: tst-linux64-spot-324
starttime: 1528501938.05
results: cancelled (6)
buildid: 20180608150819
builduid: b298b373e93d4f8dbf92436c9ed838a2
revision: cbfdf01aac455e0591471201c96b89dee98190b5

========= Started set props: master (results: 0, elapsed: 0 secs) (at 2018-06-08 16:52:18.045854) =========
master: http://buildbot-master54.bb.releng.usw2.mozilla.com:8201/
========= Finished set props: master (results: 0, elapsed: 0 secs) (at 2018-06-08 16:52:18.046323) =========

========= Started downloading to buildprops.json (results: 0, elapsed: 0 secs) (at 2018-06-08 16:52:18.046622) =========
========= Finished downloading to buildprops.json (results: 0, elapsed: 0 secs) (at 2018-06-08 16:52:18.064709) =========

========= Started 'bash -c ...' (results: 0, elapsed: 0 secs) (at 2018-06-08 16:52:18.064994) =========
bash -c 'wget -Oarchiver_client.py --no-check-certificate --tries=10 --waitretry=3 https://hg.mozilla.org/build/tools/raw-file/default/buildfarm/utils/archiver_client.py'
 in dir /builds/slave/test/. (timeout 1200 secs)
 watching logfiles {}
 argv: ['bash', '-c', 'wget -Oarchiver_client.py --no-check-certificate --tries=10 --waitretry=3 https://hg.mozilla.org/build/tools/raw-file/default/buildfarm/utils/archiver_client.py']
 environment:
  HOME=/home/cltbld
  LANG=en_US.UTF-8
  LOGNAME=cltbld
  MAIL=/var/mail/cltbld
  NODE_PATH=/usr/lib/nodejs:/usr/lib/node_modules:/usr/share/javascript
  PATH=/usr/local/bin:/usr/local/bin:/usr/bin:/bin:/usr/local/games:/usr/games
  PWD=/builds/slave/test
  SHELL=/bin/bash
  SHLVL=1
  TERM=linux
  TMOUT=86400
  USER=cltbld
  XDG_SESSION_COOKIE=9ca12473fbb1d023794ffd180000023c-1528501936.334972-1912821810
  _=/tools/buildbot/bin/python
 using PTY: False
--2018-06-08 16:52:18--  https://hg.mozilla.org/build/tools/raw-file/default/buildfarm/utils/archiver_client.py
Resolving hg.mozilla.org (hg.mozilla.org)... 63.245.215.102, 63.245.215.25
Connecting to hg.mozilla.org (hg.mozilla.org)|63.245.215.102|:443... connected.
HTTP request sent, awaiting response... 200 Script output follows
Length: 12179 (12K) [text/x-python]
Saving to: `archiver_client.py'

     0K .......... .                                          100% 3.28M=0.004s

2018-06-08 16:52:18 (3.28 MB/s) - `archiver_client.py' saved [12179/12179]

program finished with exit code 0
elapsedTime=0.289619
========= master_lag: 0.05 =========
========= Finished 'bash -c ...' (results: 0, elapsed: 0 secs) (at 2018-06-08 16:52:18.406277) =========

========= Started 'rm -rf ...' (results: 0, elapsed: 0 secs) (at 2018-06-08 16:52:18.406604) =========
rm -rf scripts properties
 in dir /builds/slave/test/. (timeout 1200 secs)
 watching logfiles {}
 argv: ['rm', '-rf', 'scripts', 'properties']
 environment:
  HOME=/home/cltbld
  LANG=en_US.UTF-8
  LOGNAME=cltbld
  MAIL=/var/mail/cltbld
  NODE_PATH=/usr/lib/nodejs:/usr/lib/node_modules:/usr/share/javascript
  PATH=/usr/local/bin:/usr/local/bin:/usr/bin:/bin:/usr/local/games:/usr/games
  PWD=/builds/slave/test
  SHELL=/bin/bash
  SHLVL=1
  TERM=linux
  TMOUT=86400
  USER=cltbld
  XDG_SESSION_COOKIE=9ca12473fbb1d023794ffd180000023c-1528501936.334972-1912821810
  _=/tools/buildbot/bin/python
 using PTY: False
program finished with exit code 0
elapsedTime=0.019281
========= master_lag: 0.08 =========
========= Finished 'rm -rf ...' (results: 0, elapsed: 0 secs) (at 2018-06-08 16:52:18.504916) =========

========= Started 'bash -c ...' (results: 0, elapsed: 0 secs) (at 2018-06-08 16:52:18.505280) =========
bash -c 'python archiver_client.py mozharness --repo releases/mozilla-esr52 --rev cbfdf01aac455e0591471201c96b89dee98190b5 --destination scripts --debug'
 in dir /builds/slave/test/. (timeout 1200 secs)
 watching logfiles {}
 argv: ['bash', '-c', u'python archiver_client.py mozharness --repo releases/mozilla-esr52 --rev cbfdf01aac455e0591471201c96b89dee98190b5 --destination scripts --debug']
 environment:
  HOME=/home/cltbld
  LANG=en_US.UTF-8
  LOGNAME=cltbld
  MAIL=/var/mail/cltbld
  NODE_PATH=/usr/lib/nodejs:/usr/lib/node_modules:/usr/share/javascript
  PATH=/usr/local/bin:/usr/local/bin:/usr/bin:/bin:/usr/local/games:/usr/games
  PWD=/builds/slave/test
  SHELL=/bin/bash
  SHLVL=1
  TERM=linux
  TMOUT=86400
  USER=cltbld
  XDG_SESSION_COOKIE=9ca12473fbb1d023794ffd180000023c-1528501936.334972-1912821810
  _=/tools/buildbot/bin/python
 using PTY: False
2018-06-08 16:52:18,614 truncating revision to first 12 chars
2018-06-08 16:52:18,614 Setting DEBUG logging.
2018-06-08 16:52:18,614 attempt 1/10
2018-06-08 16:52:18,615 Getting archive location from https://api.pub.build.mozilla.org/archiver/hgmo/releases/mozilla-esr52/cbfdf01aac45?&preferred_region=us-west-2&suffix=tar.gz&subdir=testing/mozharness
2018-06-08 16:52:19,046 unpacking tar archive at: mozilla-esr52-cbfdf01aac45/testing/mozharness/
program finished with exit code 0
elapsedTime=0.816467
========= master_lag: 0.01 =========
========= Finished 'bash -c ...' (results: 0, elapsed: 0 secs) (at 2018-06-08 16:52:19.333508) =========

========= Started set props: script_repo_revision (results: 0, elapsed: 0 secs) (at 2018-06-08 16:52:19.333847) =========
script_repo_revision: cbfdf01aac455e0591471201c96b89dee98190b5
========= Finished set props: script_repo_revision (results: 0, elapsed: 0 secs) (at 2018-06-08 16:52:19.334258) =========

========= Started downloading to oauth.txt (results: 0, elapsed: 0 secs) (at 2018-06-08 16:52:19.334543) =========
========= Finished downloading to oauth.txt (results: 0, elapsed: 0 secs) (at 2018-06-08 16:52:19.342831) =========

========= Started '/tools/buildbot/bin/python scripts/scripts/desktop_unittest.py ...' interrupted (results: 4, elapsed: 9 mins, 58 secs) (at 2018-06-08 16:52:19.343116) =========
/tools/buildbot/bin/python scripts/scripts/desktop_unittest.py --cfg unittests/linux_unittest.py --mochitest-suite browser-chrome-chunked --e10s --total-chunks 7 --this-chunk 4 --blob-upload-branch mozilla-esr52 --download-symbols ondemand
 in dir /builds/slave/test/. (timeout 1800 secs) (maxTime 12000 secs)
 watching logfiles {}
 argv: ['/tools/buildbot/bin/python', 'scripts/scripts/desktop_unittest.py', '--cfg', 'unittests/linux_unittest.py', '--mochitest-suite', 'browser-chrome-chunked', '--e10s', '--total-chunks', '7', '--this-chunk', '4', '--blob-upload-branch', 'mozilla-esr52', '--download-symbols', 'ondemand']
 environment:
  CCACHE_DIR=/builds/ccache
  CCACHE_UMASK=002
  DISPLAY=:0
  HOME=/home/cltbld
  LANG=en_US.UTF-8
  LOGNAME=cltbld
  MAIL=/var/mail/cltbld
  MOZ_HIDE_RESULTS_TABLE=1
  MOZ_NODE_PATH=/usr/bin/node
  MOZ_NO_REMOTE=1
  NODE_PATH=/usr/lib/nodejs:/usr/lib/node_modules:/usr/share/javascript
  NO_FAIL_ON_TEST_ERRORS=1
  PATH=/usr/local/bin:/usr/local/bin:/usr/bin:/bin:/usr/local/games:/usr/games
  PROPERTIES_FILE=/builds/slave/test/buildprops.json
  PWD=/builds/slave/test
  SHELL=/bin/bash
  SHLVL=1
  TERM=linux
  TMOUT=86400
  USER=cltbld
  XDG_SESSION_COOKIE=9ca12473fbb1d023794ffd180000023c-1528501936.334972-1912821810
  _=/tools/buildbot/bin/python
 using PTY: False
16:52:19     INFO - MultiFileLogger online at 20180608 16:52:19 in /builds/slave/test
16:52:19     INFO - Run as scripts/scripts/desktop_unittest.py --cfg unittests/linux_unittest.py --mochitest-suite browser-chrome-chunked --e10s --total-chunks 7 --this-chunk 4 --blob-upload-branch mozilla-esr52 --download-symbols ondemand
16:52:19     INFO - Dumping config to /builds/slave/test/logs/localconfig.json.
16:52:19     INFO - {'all_cppunittest_suites': {'cppunittest': {'tests': ('tests/cppunittest',)}},
16:52:19     INFO -  'all_gtest_suites': {'gtest': ()},
16:52:19     INFO -  'all_jittest_suites': {'jittest': (),
16:52:19     INFO -                         'jittest-chunked': (),
16:52:19     INFO -                         'jittest1': ('--total-chunks=2', '--this-chunk=1'),
16:52:19     INFO -                         'jittest2': ('--total-chunks=2', '--this-chunk=2')},
16:52:19     INFO -  'all_mochitest_suites': {'a11y': ('--flavor=a11y',),
16:52:19     INFO -                           'browser-chrome': ('--flavor=browser',),
16:52:19     INFO -                           'browser-chrome-addons': ('--flavor=browser',
16:52:19     INFO -                                                     '--chunk-by-runtime',
16:52:19     INFO -                                                     '--tag=addons'),
16:52:19     INFO -                           'browser-chrome-chunked': ('--flavor=browser',
16:52:19     INFO -                                                      '--chunk-by-runtime'),
16:52:19     INFO -                           'browser-chrome-clipboard': ('--flavor=browser',
16:52:19     INFO -                                                        '--subsuite=clipboard'),
16:52:19     INFO -                           'browser-chrome-coverage': ('--flavor=browser',
16:52:19     INFO -                                                       '--chunk-by-runtime',
16:52:19     INFO -                                                       '--timeout=1200'),
16:52:19     INFO -                           'browser-chrome-gpu': ('--flavor=browser',
16:52:19     INFO -                                                  '--subsuite=gpu'),
16:52:19     INFO -                           'browser-chrome-screenshots': ('--flavor=browser',
16:52:19     INFO -                                                          '--subsuite=screenshots'),
16:52:19     INFO -                           'chrome': ('--flavor=chrome',),
16:52:19     INFO -                           'chrome-chunked': ('--flavor=chrome',
16:52:19     INFO -                                              '--chunk-by-dir=4'),
16:52:19     INFO -                           'chrome-clipboard': ('--flavor=chrome',
16:52:19     INFO -                                                '--subsuite=clipboard'),
16:52:19     INFO -                           'chrome-gpu': ('--flavor=chrome', '--subsuite=gpu'),
16:52:19     INFO -                           'jetpack-addon': ('--flavor=jetpack-addon',),
16:52:19     INFO -                           'jetpack-package': ('--flavor=jetpack-package',),
16:52:19     INFO -                           'jetpack-package-clipboard': ('--flavor=jetpack-package',
16:52:19     INFO -                                                         '--subsuite=clipboard'),
16:52:19     INFO -                           'mochitest-devtools-chrome': ('--flavor=browser',
16:52:19     INFO -                                                         '--subsuite=devtools'),
16:52:19     INFO -                           'mochitest-devtools-chrome-chunked': ('--flavor=browser',
16:52:19     INFO -                                                                 '--subsuite=devtools',
16:52:19     INFO -                                                                 '--chunk-by-runtime'),
16:52:19     INFO -                           'mochitest-devtools-chrome-coverage': ('--flavor=browser',
16:52:19     INFO -                                                                  '--subsuite=devtools',
16:52:19     INFO -                                                                  '--chunk-by-runtime',
16:52:19     INFO -                                                                  '--timeout=1200'),
16:52:19     INFO -                           'mochitest-gl': ('--subsuite=webgl',),
16:52:19     INFO -                           'mochitest-media': ('--subsuite=media',),
16:52:19     INFO -                           'plain': (),
16:52:19     INFO -                           'plain-chunked': ('--chunk-by-dir=4',),
16:52:19     INFO -                           'plain-clipboard': ('--subsuite=clipboard',),
16:52:19     INFO -                           'plain-gpu': ('--subsuite=gpu',),
16:52:19     INFO -                           'valgrind-plain': ('--valgrind=/usr/bin/valgrind',
16:52:19     INFO -                                              '--valgrind-supp-files=/builds/slave/test/build/tests/mochitest/x86_64-redhat-linux-gnu.sup,/builds/slave/test/build/tests/mochitest/cross-architecture.sup',
16:52:19     INFO -                                              '--timeout=900',
16:52:19     INFO -                                              '--max-timeouts=50')},
16:52:19     INFO -  'all_mozbase_suites': {'mozbase': ()},
16:52:19     INFO -  'all_reftest_suites': {'crashtest': {'options': ('--suite=crashtest',),
16:52:19     INFO -                                       'tests': ('tests/reftest/tests/testing/crashtest/crashtests.list',)},
16:52:19     INFO -                         'jsreftest': {'options': ('--extra-profile-file=tests/jsreftest/tests/user.js',
16:52:19     INFO -                                                   '--suite=jstestbrowser'),
16:52:19     INFO -                                       'tests': ('tests/jsreftest/tests/jstests.list',)},
16:52:19     INFO -                         'reftest': {'options': ('--suite=reftest',),
16:52:19     INFO -                                     'tests': ('tests/reftest/tests/layout/reftests/reftest.list',)},
16:52:19     INFO -                         'reftest-no-accel': {'options': ('--suite=reftest',
16:52:19     INFO -                                                          '--setpref=layers.acceleration.force-enabled=disabled'),
16:52:19     INFO -                                              'tests': ('tests/reftest/tests/layout/reftests/reftest.list',)}},
16:52:19     INFO -  'all_xpcshell_suites': {'xpcshell': {'options': ('--xpcshell=%(abs_app_dir)s/xpcshell',
16:52:19     INFO -                                                   '--manifest=tests/xpcshell/tests/xpcshell.ini'),
16:52:19     INFO -                                       'tests': ()},
16:52:19     INFO -                          'xpcshell-addons': {'options': ('--xpcshell=%(abs_app_dir)s/xpcshell',
16:52:19     INFO -                                                          '--tag=addons',
16:52:19     INFO -                                                          '--manifest=tests/xpcshell/tests/xpcshell.ini'),
16:52:19     INFO -                                              'tests': ()},
16:52:19     INFO -                          'xpcshell-coverage': {'options': ('--xpcshell=%(abs_app_dir)s/xpcshell',
16:52:19     INFO -                                                            '--manifest=tests/xpcshell/tests/xpcshell.ini'),
16:52:19     INFO -                                                'tests': ()}},
16:52:19     INFO -  'allow_software_gl_layers': False,
16:52:19     INFO -  'append_to_log': False,
16:52:19     INFO -  'base_work_dir': '/builds/slave/test',
16:52:19     INFO -  'binary_path': '/builds/slave/test/build/application/firefox/firefox-bin',
16:52:19     INFO -  'blob_upload_branch': 'mozilla-esr52',
16:52:19     INFO -  'blob_uploader_auth_file': '/builds/slave/test/oauth.txt',
16:52:19     INFO -  'buildbot_json_path': 'buildprops.json',
16:52:19     INFO -  'buildbot_max_log_size': 52428800,
16:52:19     INFO -  'code_coverage': False,
16:52:19     INFO -  'config_files': ('unittests/linux_unittest.py',),
16:52:19     INFO -  'default_blob_upload_servers': ('https://blobupload.elasticbeanstalk.com',),
16:52:19     INFO -  'download_minidump_stackwalk': True,
16:52:19     INFO -  'download_nodejs': True,
16:52:19     INFO -  'download_symbols': 'ondemand',
16:52:19     INFO -  'e10s': True,
16:52:19     INFO -  'exe_suffix': '',
16:52:19     INFO -  'exes': {'python': '/tools/buildbot/bin/python',
16:52:19     INFO -           'tooltool.py': '/tools/tooltool.py',
16:52:19     INFO -           'virtualenv': ('/tools/buildbot/bin/python',
16:52:19     INFO -                          '/tools/misc-python/virtualenv.py')},
16:52:19     INFO -  'find_links': ('http://pypi.pvt.build.mozilla.org/pub',
16:52:19     INFO -                 'http://pypi.pub.build.mozilla.org/pub'),
16:52:19     INFO -  'installer_path': '/builds/slave/test/build/installer.tar.bz2',
16:52:19     INFO -  'log_level': 'info',
16:52:19     INFO -  'log_to_console': True,
16:52:19     INFO -  'minidump_save_path': '%(abs_work_dir)s/../minidumps',
16:52:19     INFO -  'minidump_stackwalk_path': 'linux64-minidump_stackwalk',
16:52:19     INFO -  'minidump_tooltool_manifest_path': 'config/tooltool-manifests/linux64/releng.manifest',
16:52:19     INFO -  'minimum_tests_zip_dirs': ('bin/*',
16:52:19     INFO -                             'certs/*',
16:52:19     INFO -                             'config/*',
16:52:19     INFO -                             'mach',
16:52:19     INFO -                             'marionette/*',
16:52:19     INFO -                             'modules/*',
16:52:19     INFO -                             'mozbase/*',
16:52:19     INFO -                             'tools/*'),
16:52:19     INFO -  'no_random': False,
16:52:19     INFO -  'nodejs_path': 'node-linux-x64/bin/node',
16:52:19     INFO -  'nodejs_tooltool_manifest_path': 'config/tooltool-manifests/linux64/nodejs.manifest',
16:52:19     INFO -  'opt_config_files': (),
16:52:19     INFO -  'pip_index': False,
16:52:19     INFO -  'preflight_run_cmd_suites': ({'architectures': ('32bit', '64bit'),
16:52:19     INFO -                                'cmd': ('xset', 's', 'off', 's', 'reset'),
16:52:19     INFO -                                'enabled': True,
16:52:19     INFO -                                'halt_on_failure': False,
16:52:19     INFO -                                'name': 'disable_screen_saver'},
16:52:19     INFO -                               {'architectures': ('32bit',),
16:52:19     INFO -                                'cmd': ('python',
16:52:19     INFO -                                        '../scripts/external_tools/mouse_and_screen_resolution.py',
16:52:19     INFO -                                        '--configuration-file',
16:52:19     INFO -                                        '../scripts/external_tools/machine-configuration.json'),
16:52:19     INFO -                                'enabled': False,
16:52:19     INFO -                                'halt_on_failure': True,
16:52:19     INFO -                                'name': 'run mouse & screen adjustment script'}),
16:52:19     INFO -  'require_test_zip': True,
16:52:19     INFO -  'run_all_suites': False,
16:52:19     INFO -  'run_cmd_checks_enabled': True,
16:52:19     INFO -  'run_file_names': {'cppunittest': 'runcppunittests.py',
16:52:19     INFO -                     'gtest': 'rungtests.py',
16:52:19     INFO -                     'jittest': 'jit_test.py',
16:52:19     INFO -                     'mochitest': 'runtests.py',
16:52:19     INFO -                     'mozbase': 'test.py',
16:52:19     INFO -                     'mozmill': 'runtestlist.py',
16:52:19     INFO -                     'reftest': 'runreftest.py',
16:52:19     INFO -                     'xpcshell': 'runxpcshelltests.py'},
16:52:19     INFO -  'specific_tests_zip_dirs': {'cppunittest': ('cppunittest/*',),
16:52:19     INFO -                              'gtest': ('gtest/*',),
16:52:19     INFO -                              'jittest': ('jit-test/*',),
16:52:19     INFO -                              'mochitest': ('mochitest/*',),
16:52:19     INFO -                              'mozbase': ('mozbase/*',),
16:52:19     INFO -                              'mozmill': ('mozmill/*',),
16:52:19     INFO -                              'reftest': ('reftest/*', 'jsreftest/*'),
16:52:19     INFO -                              'xpcshell': ('xpcshell/*',)},
16:52:19     INFO -  'specified_mochitest_suites': ('browser-chrome-chunked',),
16:52:19     INFO -  'strict_content_sandbox': False,
16:52:19     INFO -  'suite_definitions': {'cppunittest': {'options': ('--symbols-path=%(symbols_path)s',
16:52:19     INFO -                                                    '--xre-path=%(abs_app_dir)s'),
16:52:19     INFO -                                        'run_filename': 'runcppunittests.py',
16:52:19     INFO -                                        'testsdir': 'cppunittest'},
16:52:19     INFO -                        'gtest': {'options': ('--xre-path=%(abs_res_dir)s',
16:52:19     INFO -                                              '--cwd=%(gtest_dir)s',
16:52:19     INFO -                                              '--symbols-path=%(symbols_path)s',
16:52:19     INFO -                                              '--utility-path=tests/bin',
16:52:19     INFO -                                              '%(binary_path)s'),
16:52:19     INFO -                                  'run_filename': 'rungtests.py'},
16:52:19     INFO -                        'jittest': {'options': ('tests/bin/js',
16:52:19     INFO -                                                '--no-slow',
16:52:19     INFO -                                                '--no-progress',
16:52:19     INFO -                                                '--format=automation',
16:52:19     INFO -                                                '--jitflags=all',
16:52:19     INFO -                                                '--timeout=970'),
16:52:19     INFO -                                    'run_filename': 'jit_test.py',
16:52:19     INFO -                                    'run_timeout': 1000,
16:52:19     INFO -                                    'testsdir': 'jit-test/jit-test'},
16:52:19     INFO -                        'mochitest': {'options': ('--appname=%(binary_path)s',
16:52:19     INFO -                                                  '--utility-path=tests/bin',
16:52:19     INFO -                                                  '--extra-profile-file=tests/bin/plugins',
16:52:19     INFO -                                                  '--symbols-path=%(symbols_path)s',
16:52:19     INFO -                                                  '--certificate-path=tests/certs',
16:52:19     INFO -                                                  '--setpref=webgl.force-enabled=true',
16:52:19     INFO -                                                  '--quiet',
16:52:19     INFO -                                                  '--log-raw=%(raw_log_file)s',
16:52:19     INFO -                                                  '--log-errorsummary=%(error_summary_file)s',
16:52:19     INFO -                                                  '--use-test-media-devices',
16:52:19     INFO -                                                  '--screenshot-on-fail',
16:52:19     INFO -                                                  '--cleanup-crashes',
16:52:19     INFO -                                                  '--marionette-startup-timeout=180'),
16:52:19     INFO -                                      'run_filename': 'runtests.py',
16:52:19     INFO -                                      'testsdir': 'mochitest'},
16:52:19     INFO -                        'mozbase': {'options': ('-b', '%(binary_path)s'),
16:52:19     INFO -                                    'run_filename': 'test.py',
16:52:19     INFO -                                    'testsdir': 'mozbase'},
16:52:19     INFO -                        'mozmill': {'options': ('--binary=%(binary_path)s',
16:52:19     INFO -                                                '--testing-modules-dir=test/modules',
16:52:19     INFO -                                                '--plugins-path=%(test_plugin_path)s',
16:52:19     INFO -                                                '--symbols-path=%(symbols_path)s'),
16:52:19     INFO -                                    'run_filename': 'runtestlist.py',
16:52:19     INFO -                                    'testsdir': 'mozmill'},
16:52:19     INFO -                        'reftest': {'options': ('--appname=%(binary_path)s',
16:52:19     INFO -                                                '--utility-path=tests/bin',
16:52:19     INFO -                                                '--extra-profile-file=tests/bin/plugins',
16:52:19     INFO -                                                '--symbols-path=%(symbols_path)s',
16:52:19     INFO -                                                '--log-raw=%(raw_log_file)s',
16:52:19     INFO -                                                '--log-errorsummary=%(error_summary_file)s',
16:52:19     INFO -                                                '--cleanup-crashes'),
16:52:19     INFO -                                    'run_filename': 'runreftest.py',
16:52:19     INFO -                                    'testsdir': 'reftest'},
16:52:19     INFO -                        'xpcshell': {'options': ('--symbols-path=%(symbols_path)s',
16:52:19     INFO -                                                 '--test-plugin-path=%(test_plugin_path)s',
16:52:19     INFO -                                                 '--log-raw=%(raw_log_file)s',
16:52:19     INFO -                                                 '--log-errorsummary=%(error_summary_file)s',
16:52:19     INFO -                                                 '--utility-path=tests/bin'),
16:52:19     INFO -                                     'run_filename': 'runxpcshelltests.py',
16:52:19     INFO -                                     'testsdir': 'xpcshell'}},
16:52:19     INFO -  'this_chunk': '4',
16:52:19     INFO -  'tooltool_cache': '/builds/tooltool_cache',
16:52:19     INFO -  'total_chunks': '7',
16:52:19     INFO -  'unstructured_flavors': {'cppunittest': (),
16:52:19     INFO -                           'gtest': (),
16:52:19     INFO -                           'jittest': (),
16:52:19     INFO -                           'mochitest': ('jetpack',),
16:52:19     INFO -                           'mozbase': (),
16:52:19     INFO -                           'mozmill': (),
16:52:19     INFO -                           'xpcshell': ()},
16:52:19     INFO -  'vcs_output_timeout': 1000,
16:52:19     INFO -  'virtualenv_path': 'venv',
16:52:19     INFO -  'volatile_config': {'actions': None, 'add_actions': None, 'no_actions': None},
16:52:19     INFO -  'work_dir': 'build',
16:52:19     INFO -  'xpcshell_name': 'xpcshell'}
16:52:19     INFO - [mozharness: 2018-06-08 23:52:19.740238Z] Running clobber step.
16:52:19     INFO - Running pre-action listener: _resource_record_pre_action
16:52:19     INFO - Running main action method: clobber
16:52:19     INFO - rmtree: /builds/slave/test/build
16:52:19     INFO - Running post-action listener: _resource_record_post_action
16:52:19     INFO - [mozharness: 2018-06-08 23:52:19.754992Z] Finished clobber step (success)
16:52:19     INFO - [mozharness: 2018-06-08 23:52:19.755421Z] Running read-buildbot-config step.
16:52:19     INFO - Running pre-action listener: _resource_record_pre_action
16:52:19     INFO - Running main action method: read_buildbot_config
16:52:19     INFO - Using buildbot properties:
16:52:19     INFO - {
16:52:19     INFO -     "project": "", 
16:52:19     INFO -     "product": "firefox", 
16:52:19     INFO -     "script_repo_revision": "production", 
16:52:19     INFO -     "scheduler": "tests-mozilla-esr52-ubuntu64_vm-pgo-unittest", 
16:52:19     INFO -     "repository": "", 
16:52:19     INFO -     "buildername": "Ubuntu VM 12.04 x64 mozilla-esr52 pgo test mochitest-e10s-browser-chrome-4", 
16:52:19     INFO -     "buildid": "20180608150819", 
16:52:19     INFO -     "pgo_build": "True", 
16:52:19     INFO -     "basedir": "/builds/slave/test", 
16:52:19     INFO -     "buildnumber": 27, 
16:52:19     INFO -     "slavename": "tst-linux64-spot-324", 
16:52:19     INFO -     "master": "http://buildbot-master54.bb.releng.usw2.mozilla.com:8201/", 
16:52:19     INFO -     "platform": "linux64", 
16:52:19     INFO -     "branch": "mozilla-esr52", 
16:52:19     INFO -     "revision": "cbfdf01aac455e0591471201c96b89dee98190b5", 
16:52:19     INFO -     "repo_path": "releases/mozilla-esr52", 
16:52:19     INFO -     "moz_repo_path": "", 
16:52:19     INFO -     "stage_platform": "linux64-pgo", 
16:52:19     INFO -     "builduid": "b298b373e93d4f8dbf92436c9ed838a2", 
16:52:19     INFO -     "slavebuilddir": "test"
16:52:19     INFO - }
16:52:19     INFO - Found installer url https://queue.taskcluster.net/v1/task/I1iAdq48Sa60c5BCPWswkg/artifacts/public/build/firefox-52.8.2.en-US.linux-x86_64.tar.bz2.
16:52:19     INFO - Found a test packages url https://queue.taskcluster.net/v1/task/I1iAdq48Sa60c5BCPWswkg/artifacts/public/build/firefox-52.8.2.en-US.linux-x86_64.test_packages.json.
16:52:19     INFO - Running post-action listener: _resource_record_post_action
16:52:19     INFO - [mozharness: 2018-06-08 23:52:19.766290Z] Finished read-buildbot-config step (success)
16:52:19     INFO - [mozharness: 2018-06-08 23:52:19.766666Z] Running download-and-extract step.
16:52:19     INFO - Running pre-action listener: _pre_download_and_extract
16:52:19  WARNING - Try message not found.
16:52:19     INFO - Running pre-action listener: _resource_record_pre_action
16:52:19     INFO - Running main action method: download_and_extract
16:52:19     INFO - mkdir: /builds/slave/test/build/tests
16:52:19     INFO - Downloading https://queue.taskcluster.net/v1/task/I1iAdq48Sa60c5BCPWswkg/artifacts/public/build/firefox-52.8.2.en-US.linux-x86_64.test_packages.json to /builds/slave/test/build/firefox-52.8.2.en-US.linux-x86_64.test_packages.json
16:52:19     INFO - retry: Calling _download_file with args: (), kwargs: {'url': 'https://queue.taskcluster.net/v1/task/I1iAdq48Sa60c5BCPWswkg/artifacts/public/build/firefox-52.8.2.en-US.linux-x86_64.test_packages.json', 'file_name': '/builds/slave/test/build/firefox-52.8.2.en-US.linux-x86_64.test_packages.json'}, attempt #1
16:52:20     INFO - Downloaded 1361 bytes.
16:52:20     INFO - Reading from file /builds/slave/test/build/firefox-52.8.2.en-US.linux-x86_64.test_packages.json
16:52:20     INFO - Using the following test package requirements:
16:52:20     INFO - {u'common': [u'firefox-52.8.2.en-US.linux-x86_64.common.tests.zip'],
16:52:20     INFO -  u'cppunittest': [u'firefox-52.8.2.en-US.linux-x86_64.common.tests.zip',
16:52:20     INFO -                   u'firefox-52.8.2.en-US.linux-x86_64.cppunittest.tests.zip'],
16:52:20     INFO -  u'gtest': [u'firefox-52.8.2.en-US.linux-x86_64.common.tests.zip',
16:52:20     INFO -             u'firefox-52.8.2.en-US.linux-x86_64.gtest.tests.zip'],
16:52:20     INFO -  u'jittest': [u'firefox-52.8.2.en-US.linux-x86_64.common.tests.zip',
16:52:20     INFO -               u'jsshell-linux-x86_64.zip'],
16:52:20     INFO -  u'mochitest': [u'firefox-52.8.2.en-US.linux-x86_64.common.tests.zip',
16:52:20     INFO -                 u'firefox-52.8.2.en-US.linux-x86_64.mochitest.tests.zip'],
16:52:20     INFO -  u'mozbase': [u'firefox-52.8.2.en-US.linux-x86_64.common.tests.zip'],
16:52:20     INFO -  u'reftest': [u'firefox-52.8.2.en-US.linux-x86_64.common.tests.zip',
16:52:20     INFO -               u'firefox-52.8.2.en-US.linux-x86_64.reftest.tests.zip'],
16:52:20     INFO -  u'talos': [u'firefox-52.8.2.en-US.linux-x86_64.common.tests.zip',
16:52:20     INFO -             u'firefox-52.8.2.en-US.linux-x86_64.talos.tests.zip'],
16:52:20     INFO -  u'web-platform': [u'firefox-52.8.2.en-US.linux-x86_64.common.tests.zip',
16:52:20     INFO -                    u'firefox-52.8.2.en-US.linux-x86_64.web-platform.tests.zip'],
16:52:20     INFO -  u'xpcshell': [u'firefox-52.8.2.en-US.linux-x86_64.common.tests.zip',
16:52:20     INFO -                u'firefox-52.8.2.en-US.linux-x86_64.xpcshell.tests.zip']}
16:52:20     INFO - Downloading packages: [u'firefox-52.8.2.en-US.linux-x86_64.common.tests.zip', u'firefox-52.8.2.en-US.linux-x86_64.mochitest.tests.zip'] for test suite category: mochitest
16:52:20     INFO - Adding 'mozinfo.json' for extraction from common.tests zip file
16:52:20     INFO - Downloading and extracting to /builds/slave/test/build/tests these dirs bin/*, certs/*, config/*, mach, marionette/*, modules/*, mozbase/*, tools/*, mochitest/*, mozinfo.json from https://queue.taskcluster.net/v1/task/I1iAdq48Sa60c5BCPWswkg/artifacts/public/build/firefox-52.8.2.en-US.linux-x86_64.common.tests.zip
16:52:20     INFO - retry: Calling fetch_url_into_memory with args: (), kwargs: {'url': u'https://queue.taskcluster.net/v1/task/I1iAdq48Sa60c5BCPWswkg/artifacts/public/build/firefox-52.8.2.en-US.linux-x86_64.common.tests.zip'}, attempt #1
16:52:20     INFO - Fetch https://queue.taskcluster.net/v1/task/I1iAdq48Sa60c5BCPWswkg/artifacts/public/build/firefox-52.8.2.en-US.linux-x86_64.common.tests.zip into memory
16:52:21     INFO - Http code: 200
16:52:21     INFO - via: 1.1 dc7c4fb5024ff022cad1642ec506a6e8.cloudfront.net (CloudFront)
16:52:21     INFO - x-amz-cf-id: kCqb0a9WFpMPQpqA06TrE-CD7AF4ap3RQiW6M1mIK5YJS2AN0bZOrg==
16:52:21     INFO - x-amz-version-id: amyEguiG3.NEsCgIpfpr7ojoc30OcAP5
16:52:22     INFO - Expected file size: 22192748
16:52:22     INFO - Obtained file size: 22192748
16:52:23     INFO - Downloading and extracting to /builds/slave/test/build/tests these dirs bin/*, certs/*, config/*, mach, marionette/*, modules/*, mozbase/*, tools/*, mochitest/*, mozinfo.json from https://queue.taskcluster.net/v1/task/I1iAdq48Sa60c5BCPWswkg/artifacts/public/build/firefox-52.8.2.en-US.linux-x86_64.mochitest.tests.zip
16:52:23     INFO - retry: Calling fetch_url_into_memory with args: (), kwargs: {'url': u'https://queue.taskcluster.net/v1/task/I1iAdq48Sa60c5BCPWswkg/artifacts/public/build/firefox-52.8.2.en-US.linux-x86_64.mochitest.tests.zip'}, attempt #1
16:52:23     INFO - Fetch https://queue.taskcluster.net/v1/task/I1iAdq48Sa60c5BCPWswkg/artifacts/public/build/firefox-52.8.2.en-US.linux-x86_64.mochitest.tests.zip into memory
16:52:24     INFO - Http code: 200
16:52:24     INFO - via: 1.1 02192a27c967e955f8c815efa939bfc8.cloudfront.net (CloudFront)
16:52:24     INFO - x-amz-cf-id: Mm_6bgHHzSZvQbThjUEy4meNrsz8ekd0MlNnaabQrbroJ_JHbRw6RQ==
16:52:24     INFO - x-amz-version-id: pVaLoGmwkPIw3WqAG.TA2Gozslw06heL
16:52:26     INFO - Expected file size: 80595071
16:52:26     INFO - Obtained file size: 80595071
16:52:47     INFO - Downloading https://queue.taskcluster.net/v1/task/I1iAdq48Sa60c5BCPWswkg/artifacts/public/build/firefox-52.8.2.en-US.linux-x86_64.tar.bz2 to /builds/slave/test/build/installer.tar.bz2
16:52:47     INFO - retry: Calling _download_file with args: (), kwargs: {'url': 'https://queue.taskcluster.net/v1/task/I1iAdq48Sa60c5BCPWswkg/artifacts/public/build/firefox-52.8.2.en-US.linux-x86_64.tar.bz2', 'file_name': '/builds/slave/test/build/installer.tar.bz2'}, attempt #1
16:52:49     INFO - Downloaded 57821935 bytes.
16:52:49     INFO - Setting buildbot property build_url to https://queue.taskcluster.net/v1/task/I1iAdq48Sa60c5BCPWswkg/artifacts/public/build/firefox-52.8.2.en-US.linux-x86_64.tar.bz2
16:52:49     INFO - mkdir: /builds/slave/test/properties
16:52:49     INFO - Writing buildbot properties ['build_url'] to /builds/slave/test/properties/build_url
16:52:49     INFO - Writing to file /builds/slave/test/properties/build_url
16:52:49     INFO - Contents:
16:52:49     INFO -  build_url:https://queue.taskcluster.net/v1/task/I1iAdq48Sa60c5BCPWswkg/artifacts/public/build/firefox-52.8.2.en-US.linux-x86_64.tar.bz2
16:52:50     INFO - Running post-action listener: _resource_record_post_action
16:52:50     INFO - Running post-action listener: set_extra_try_arguments
16:52:50     INFO - [mozharness: 2018-06-08 23:52:50.741655Z] Finished download-and-extract step (success)
16:52:50     INFO - [mozharness: 2018-06-08 23:52:50.742030Z] Running create-virtualenv step.
16:52:50     INFO - Running pre-action listener: _install_mozbase
16:52:50     INFO - Running pre-action listener: _pre_create_virtualenv
16:52:50     INFO - Running pre-action listener: _resource_record_pre_action
16:52:50     INFO - Running main action method: create_virtualenv
16:52:50     INFO - Creating virtualenv /builds/slave/test/build/venv
16:52:50     INFO - Running command: ['/tools/buildbot/bin/python', '/builds/slave/test/scripts/external_tools/virtualenv/virtualenv.py', '--always-copy', '/builds/slave/test/build/venv'] in /builds/slave/test/build
16:52:50     INFO - Copy/paste: /tools/buildbot/bin/python /builds/slave/test/scripts/external_tools/virtualenv/virtualenv.py --always-copy /builds/slave/test/build/venv
16:52:50     INFO - Using partial env: {'VIRTUALENV_NO_DOWNLOAD': '1'}
16:52:53     INFO -  Using real prefix '/usr'
16:52:53     INFO -  New python executable in /builds/slave/test/build/venv/bin/python
16:52:56     INFO -  Installing setuptools, pip, wheel...done.
16:52:56     INFO - Return code: 0
16:52:56     INFO - Installing psutil>=3.1.1 into virtualenv /builds/slave/test/build/venv
16:52:57     INFO - retry: Calling run_command with args: [['/builds/slave/test/build/venv/bin/pip', 'install', '--timeout', '120', '--no-index', '--find-links', 'http://pypi.pvt.build.mozilla.org/pub', '--find-links', 'http://pypi.pub.build.mozilla.org/pub', '--trusted-host', 'pypi.pub.build.mozilla.org', '--trusted-host', 'pypi.pvt.build.mozilla.org', 'psutil>=3.1.1']], kwargs: {'error_level': 'warning', 'error_list': [{'substr': 'not found or a compiler error:', 'level': 'warning'}, {'regex': <_sre.SRE_Pattern object at 0x7fd2dce03110>, 'level': 'error'}, {'regex': <_sre.SRE_Pattern object at 0x7fd2dcf0be40>, 'level': 'warning'}, {'regex': <_sre.SRE_Pattern object at 0x21bd3e0>, 'level': 'debug'}, {'substr': 'command not found', 'level': 'error'}, {'regex': <_sre.SRE_Pattern object at 0x21b9a90>, 'level': 'warning'}, {'substr': 'Traceback (most recent call last)', 'level': 'error'}, {'substr': 'SyntaxError: ', 'level': 'error'}, {'substr': 'TypeError: ', 'level': 'error'}, {'substr': 'NameError: ', 'level': 'error'}, {'substr': 'ZeroDivisionError: ', 'level': 'error'}, {'regex': <_sre.SRE_Pattern object at 0x21bb3f0>, 'level': 'critical'}, {'regex': <_sre.SRE_Pattern object at 0x21bb670>, 'level': 'critical'}], 'cwd': '/builds/slave/test/build', 'env': {'TMOUT': '86400', 'LOGNAME': 'cltbld', 'USER': 'cltbld', 'HOME': '/home/cltbld', 'PATH': '/usr/local/bin:/usr/local/bin:/usr/bin:/bin:/usr/local/games:/usr/games', 'DISPLAY': ':0', 'CCACHE_UMASK': '002', 'LANG': 'en_US.UTF-8', 'TERM': 'linux', 'SHELL': '/bin/bash', 'MOZ_NODE_PATH': '/usr/bin/node', 'XDG_SESSION_COOKIE': '9ca12473fbb1d023794ffd180000023c-1528501936.334972-1912821810', 'SHLVL': '1', 'NO_FAIL_ON_TEST_ERRORS': '1', 'MOZ_NO_REMOTE': '1', 'MOZ_HIDE_RESULTS_TABLE': '1', 'MAIL': '/var/mail/cltbld', '_': '/tools/buildbot/bin/python', 'NODE_PATH': '/usr/lib/nodejs:/usr/lib/node_modules:/usr/share/javascript', 'PWD': '/builds/slave/test', 'PROPERTIES_FILE': '/builds/slave/test/buildprops.json', 'CCACHE_DIR': '/builds/ccache'}}, attempt #1
16:52:57     INFO - Running command: ['/builds/slave/test/build/venv/bin/pip', 'install', '--timeout', '120', '--no-index', '--find-links', 'http://pypi.pvt.build.mozilla.org/pub', '--find-links', 'http://pypi.pub.build.mozilla.org/pub', '--trusted-host', 'pypi.pub.build.mozilla.org', '--trusted-host', 'pypi.pvt.build.mozilla.org', 'psutil>=3.1.1'] in /builds/slave/test/build
16:52:57     INFO - Copy/paste: /builds/slave/test/build/venv/bin/pip install --timeout 120 --no-index --find-links http://pypi.pvt.build.mozilla.org/pub --find-links http://pypi.pub.build.mozilla.org/pub --trusted-host pypi.pub.build.mozilla.org --trusted-host pypi.pvt.build.mozilla.org psutil>=3.1.1
16:52:57     INFO - Using env: {'CCACHE_DIR': '/builds/ccache',
16:52:57     INFO -  'CCACHE_UMASK': '002',
16:52:57     INFO -  'DISPLAY': ':0',
16:52:57     INFO -  'HOME': '/home/cltbld',
16:52:57     INFO -  'LANG': 'en_US.UTF-8',
16:52:57     INFO -  'LOGNAME': 'cltbld',
16:52:57     INFO -  'MAIL': '/var/mail/cltbld',
16:52:57     INFO -  'MOZ_HIDE_RESULTS_TABLE': '1',
16:52:57     INFO -  'MOZ_NODE_PATH': '/usr/bin/node',
16:52:57     INFO -  'MOZ_NO_REMOTE': '1',
16:52:57     INFO -  'NODE_PATH': '/usr/lib/nodejs:/usr/lib/node_modules:/usr/share/javascript',
16:52:57     INFO -  'NO_FAIL_ON_TEST_ERRORS': '1',
16:52:57     INFO -  'PATH': '/usr/local/bin:/usr/local/bin:/usr/bin:/bin:/usr/local/games:/usr/games',
16:52:57     INFO -  'PROPERTIES_FILE': '/builds/slave/test/buildprops.json',
16:52:57     INFO -  'PWD': '/builds/slave/test',
16:52:57     INFO -  'SHELL': '/bin/bash',
16:52:57     INFO -  'SHLVL': '1',
16:52:57     INFO -  'TERM': 'linux',
16:52:57     INFO -  'TMOUT': '86400',
16:52:57     INFO -  'USER': 'cltbld',
16:52:57     INFO -  'XDG_SESSION_COOKIE': '9ca12473fbb1d023794ffd180000023c-1528501936.334972-1912821810',
16:52:57     INFO -  '_': '/tools/buildbot/bin/python'}
16:52:57     INFO -  Ignoring indexes: https://pypi.python.org/simple
16:52:57     INFO -  Collecting psutil>=3.1.1
16:52:57     INFO -  /builds/slave/test/build/venv/lib/python2.7/site-packages/pip/_vendor/requests/packages/urllib3/util/ssl_.py:318: SNIMissingWarning: An HTTPS request has been made, but the SNI (Subject Name Indication) extension to TLS is not available on this platform. This may cause the server to present an incorrect TLS certificate, which can cause validation failures. You can upgrade to a newer version of Python to solve this. For more information, see https://urllib3.readthedocs.org/en/latest/security.html#snimissingwarning.
16:52:57     INFO -    SNIMissingWarning
16:52:57     INFO -  /builds/slave/test/build/venv/lib/python2.7/site-packages/pip/_vendor/requests/packages/urllib3/util/ssl_.py:122: InsecurePlatformWarning: A true SSLContext object is not available. This prevents urllib3 from configuring SSL appropriately and may cause certain SSL connections to fail. You can upgrade to a newer version of Python to solve this. For more information, see https://urllib3.readthedocs.org/en/latest/security.html#insecureplatformwarning.
16:52:57     INFO -    InsecurePlatformWarning
16:52:59     INFO -  /builds/slave/test/build/venv/lib/python2.7/site-packages/pip/_vendor/requests/packages/urllib3/util/ssl_.py:122: InsecurePlatformWarning: A true SSLContext object is not available. This prevents urllib3 from configuring SSL appropriately and may cause certain SSL connections to fail. You can upgrade to a newer version of Python to solve this. For more information, see https://urllib3.readthedocs.org/en/latest/security.html#insecureplatformwarning.
16:52:59     INFO -    InsecurePlatformWarning
16:53:02     INFO -    Downloading https://pypi.pvt.build.mozilla.org/pub/psutil-5.4.3.tar.gz (412kB)
16:53:03     INFO -  Building wheels for collected packages: psutil
16:53:03     INFO -    Running setup.py bdist_wheel for psutil: started
16:53:06     INFO -    Running setup.py bdist_wheel for psutil: finished with status 'done'
16:53:06     INFO -    Stored in directory: /home/cltbld/.cache/pip/wheels/30/c0/c3/5cdb2b64c0d47a81af9c62935a64d83948d2c2b3e7af3eeee2
16:53:06     INFO -  Successfully built psutil
16:53:06     INFO -  Installing collected packages: psutil
16:53:07     INFO -  Successfully installed psutil-5.4.3
16:53:07     INFO - Return code: 0
16:53:07     INFO - Installing mozsystemmonitor==0.3 into virtualenv /builds/slave/test/build/venv
16:53:07     INFO - retry: Calling run_command with args: [['/builds/slave/test/build/venv/bin/pip', 'install', '--timeout', '120', '--no-index', '--find-links', 'http://pypi.pvt.build.mozilla.org/pub', '--find-links', 'http://pypi.pub.build.mozilla.org/pub', '--trusted-host', 'pypi.pub.build.mozilla.org', '--trusted-host', 'pypi.pvt.build.mozilla.org', 'mozsystemmonitor==0.3']], kwargs: {'error_level': 'warning', 'error_list': [{'substr': 'not found or a compiler error:', 'level': 'warning'}, {'regex': <_sre.SRE_Pattern object at 0x7fd2dce03110>, 'level': 'error'}, {'regex': <_sre.SRE_Pattern object at 0x7fd2dcf0be40>, 'level': 'warning'}, {'regex': <_sre.SRE_Pattern object at 0x21bd3e0>, 'level': 'debug'}, {'substr': 'command not found', 'level': 'error'}, {'regex': <_sre.SRE_Pattern object at 0x21b9a90>, 'level': 'warning'}, {'substr': 'Traceback (most recent call last)', 'level': 'error'}, {'substr': 'SyntaxError: ', 'level': 'error'}, {'substr': 'TypeError: ', 'level': 'error'}, {'substr': 'NameError: ', 'level': 'error'}, {'substr': 'ZeroDivisionError: ', 'level': 'error'}, {'regex': <_sre.SRE_Pattern object at 0x21bb3f0>, 'level': 'critical'}, {'regex': <_sre.SRE_Pattern object at 0x21bb670>, 'level': 'critical'}], 'cwd': '/builds/slave/test/build', 'env': {'TMOUT': '86400', 'LOGNAME': 'cltbld', 'USER': 'cltbld', 'HOME': '/home/cltbld', 'PATH': '/usr/local/bin:/usr/local/bin:/usr/bin:/bin:/usr/local/games:/usr/games', 'DISPLAY': ':0', 'CCACHE_UMASK': '002', 'LANG': 'en_US.UTF-8', 'TERM': 'linux', 'SHELL': '/bin/bash', 'MOZ_NODE_PATH': '/usr/bin/node', 'XDG_SESSION_COOKIE': '9ca12473fbb1d023794ffd180000023c-1528501936.334972-1912821810', 'SHLVL': '1', 'NO_FAIL_ON_TEST_ERRORS': '1', 'MOZ_NO_REMOTE': '1', 'MOZ_HIDE_RESULTS_TABLE': '1', 'MAIL': '/var/mail/cltbld', '_': '/tools/buildbot/bin/python', 'NODE_PATH': '/usr/lib/nodejs:/usr/lib/node_modules:/usr/share/javascript', 'PWD': '/builds/slave/test', 'PROPERTIES_FILE': '/builds/slave/test/buildprops.json', 'CCACHE_DIR': '/builds/ccache'}}, attempt #1
16:53:07     INFO - Running command: ['/builds/slave/test/build/venv/bin/pip', 'install', '--timeout', '120', '--no-index', '--find-links', 'http://pypi.pvt.build.mozilla.org/pub', '--find-links', 'http://pypi.pub.build.mozilla.org/pub', '--trusted-host', 'pypi.pub.build.mozilla.org', '--trusted-host', 'pypi.pvt.build.mozilla.org', 'mozsystemmonitor==0.3'] in /builds/slave/test/build
16:53:07     INFO - Copy/paste: /builds/slave/test/build/venv/bin/pip install --timeout 120 --no-index --find-links http://pypi.pvt.build.mozilla.org/pub --find-links http://pypi.pub.build.mozilla.org/pub --trusted-host pypi.pub.build.mozilla.org --trusted-host pypi.pvt.build.mozilla.org mozsystemmonitor==0.3
16:53:07     INFO - Using env: {'CCACHE_DIR': '/builds/ccache',
16:53:07     INFO -  'CCACHE_UMASK': '002',
16:53:07     INFO -  'DISPLAY': ':0',
16:53:07     INFO -  'HOME': '/home/cltbld',
16:53:07     INFO -  'LANG': 'en_US.UTF-8',
16:53:07     INFO -  'LOGNAME': 'cltbld',
16:53:07     INFO -  'MAIL': '/var/mail/cltbld',
16:53:07     INFO -  'MOZ_HIDE_RESULTS_TABLE': '1',
16:53:07     INFO -  'MOZ_NODE_PATH': '/usr/bin/node',
16:53:07     INFO -  'MOZ_NO_REMOTE': '1',
16:53:07     INFO -  'NODE_PATH': '/usr/lib/nodejs:/usr/lib/node_modules:/usr/share/javascript',
16:53:07     INFO -  'NO_FAIL_ON_TEST_ERRORS': '1',
16:53:07     INFO -  'PATH': '/usr/local/bin:/usr/local/bin:/usr/bin:/bin:/usr/local/games:/usr/games',
16:53:07     INFO -  'PROPERTIES_FILE': '/builds/slave/test/buildprops.json',
16:53:07     INFO -  'PWD': '/builds/slave/test',
16:53:07     INFO -  'SHELL': '/bin/bash',
16:53:07     INFO -  'SHLVL': '1',
16:53:07     INFO -  'TERM': 'linux',
16:53:07     INFO -  'TMOUT': '86400',
16:53:07     INFO -  'USER': 'cltbld',
16:53:07     INFO -  'XDG_SESSION_COOKIE': '9ca12473fbb1d023794ffd180000023c-1528501936.334972-1912821810',
16:53:07     INFO -  '_': '/tools/buildbot/bin/python'}
16:53:08     INFO -  Ignoring indexes: https://pypi.python.org/simple
16:53:08     INFO -  Collecting mozsystemmonitor==0.3
16:53:08     INFO -  /builds/slave/test/build/venv/lib/python2.7/site-packages/pip/_vendor/requests/packages/urllib3/util/ssl_.py:318: SNIMissingWarning: An HTTPS request has been made, but the SNI (Subject Name Indication) extension to TLS is not available on this platform. This may cause the server to present an incorrect TLS certificate, which can cause validation failures. You can upgrade to a newer version of Python to solve this. For more information, see https://urllib3.readthedocs.org/en/latest/security.html#snimissingwarning.
16:53:08     INFO -    SNIMissingWarning
16:53:08     INFO -  /builds/slave/test/build/venv/lib/python2.7/site-packages/pip/_vendor/requests/packages/urllib3/util/ssl_.py:122: InsecurePlatformWarning: A true SSLContext object is not available. This prevents urllib3 from configuring SSL appropriately and may cause certain SSL connections to fail. You can upgrade to a newer version of Python to solve this. For more information, see https://urllib3.readthedocs.org/en/latest/security.html#insecureplatformwarning.
16:53:08     INFO -    InsecurePlatformWarning
16:53:09     INFO -  /builds/slave/test/build/venv/lib/python2.7/site-packages/pip/_vendor/requests/packages/urllib3/util/ssl_.py:122: InsecurePlatformWarning: A true SSLContext object is not available. This prevents urllib3 from configuring SSL appropriately and may cause certain SSL connections to fail. You can upgrade to a newer version of Python to solve this. For more information, see https://urllib3.readthedocs.org/en/latest/security.html#insecureplatformwarning.
16:53:09     INFO -    InsecurePlatformWarning
16:53:12     INFO -    Downloading https://pypi.pvt.build.mozilla.org/pub/mozsystemmonitor-0.3.tar.gz
16:53:13     INFO -  Requirement already satisfied (use --upgrade to upgrade): psutil>=3.1.1 in ./venv/lib/python2.7/site-packages (from mozsystemmonitor==0.3)
16:53:13     INFO -  Building wheels for collected packages: mozsystemmonitor
16:53:13     INFO -    Running setup.py bdist_wheel for mozsystemmonitor: started
16:53:13     INFO -    Running setup.py bdist_wheel for mozsystemmonitor: finished with status 'done'
16:53:13     INFO -    Stored in directory: /home/cltbld/.cache/pip/wheels/f4/b7/9c/8a88c92aaad7c1d8bbd68513e1d91ad7f62b7465808c516aa8
16:53:13     INFO -  Successfully built mozsystemmonitor
16:53:13     INFO -  Installing collected packages: mozsystemmonitor
16:53:13     INFO -  Successfully installed mozsystemmonitor-0.3
16:53:14     INFO - Return code: 0
16:53:14     INFO - Installing jsonschema==2.5.1 into virtualenv /builds/slave/test/build/venv
16:53:14     INFO - retry: Calling run_command with args: [['/builds/slave/test/build/venv/bin/pip', 'install', '--timeout', '120', '--no-index', '--find-links', 'http://pypi.pvt.build.mozilla.org/pub', '--find-links', 'http://pypi.pub.build.mozilla.org/pub', '--trusted-host', 'pypi.pub.build.mozilla.org', '--trusted-host', 'pypi.pvt.build.mozilla.org', 'jsonschema==2.5.1']], kwargs: {'error_level': 'warning', 'error_list': [{'substr': 'not found or a compiler error:', 'level': 'warning'}, {'regex': <_sre.SRE_Pattern object at 0x7fd2dce03110>, 'level': 'error'}, {'regex': <_sre.SRE_Pattern object at 0x7fd2dcf0be40>, 'level': 'warning'}, {'regex': <_sre.SRE_Pattern object at 0x21bd3e0>, 'level': 'debug'}, {'substr': 'command not found', 'level': 'error'}, {'regex': <_sre.SRE_Pattern object at 0x21b9a90>, 'level': 'warning'}, {'substr': 'Traceback (most recent call last)', 'level': 'error'}, {'substr': 'SyntaxError: ', 'level': 'error'}, {'substr': 'TypeError: ', 'level': 'error'}, {'substr': 'NameError: ', 'level': 'error'}, {'substr': 'ZeroDivisionError: ', 'level': 'error'}, {'regex': <_sre.SRE_Pattern object at 0x21bb3f0>, 'level': 'critical'}, {'regex': <_sre.SRE_Pattern object at 0x21bb670>, 'level': 'critical'}], 'cwd': '/builds/slave/test/build', 'env': {'TMOUT': '86400', 'LOGNAME': 'cltbld', 'USER': 'cltbld', 'HOME': '/home/cltbld', 'PATH': '/usr/local/bin:/usr/local/bin:/usr/bin:/bin:/usr/local/games:/usr/games', 'DISPLAY': ':0', 'CCACHE_UMASK': '002', 'LANG': 'en_US.UTF-8', 'TERM': 'linux', 'SHELL': '/bin/bash', 'MOZ_NODE_PATH': '/usr/bin/node', 'XDG_SESSION_COOKIE': '9ca12473fbb1d023794ffd180000023c-1528501936.334972-1912821810', 'SHLVL': '1', 'NO_FAIL_ON_TEST_ERRORS': '1', 'MOZ_NO_REMOTE': '1', 'MOZ_HIDE_RESULTS_TABLE': '1', 'MAIL': '/var/mail/cltbld', '_': '/tools/buildbot/bin/python', 'NODE_PATH': '/usr/lib/nodejs:/usr/lib/node_modules:/usr/share/javascript', 'PWD': '/builds/slave/test', 'PROPERTIES_FILE': '/builds/slave/test/buildprops.json', 'CCACHE_DIR': '/builds/ccache'}}, attempt #1
16:53:14     INFO - Running command: ['/builds/slave/test/build/venv/bin/pip', 'install', '--timeout', '120', '--no-index', '--find-links', 'http://pypi.pvt.build.mozilla.org/pub', '--find-links', 'http://pypi.pub.build.mozilla.org/pub', '--trusted-host', 'pypi.pub.build.mozilla.org', '--trusted-host', 'pypi.pvt.build.mozilla.org', 'jsonschema==2.5.1'] in /builds/slave/test/build
16:53:14     INFO - Copy/paste: /builds/slave/test/build/venv/bin/pip install --timeout 120 --no-index --find-links http://pypi.pvt.build.mozilla.org/pub --find-links http://pypi.pub.build.mozilla.org/pub --trusted-host pypi.pub.build.mozilla.org --trusted-host pypi.pvt.build.mozilla.org jsonschema==2.5.1
16:53:14     INFO - Using env: {'CCACHE_DIR': '/builds/ccache',
16:53:14     INFO -  'CCACHE_UMASK': '002',
16:53:14     INFO -  'DISPLAY': ':0',
16:53:14     INFO -  'HOME': '/home/cltbld',
16:53:14     INFO -  'LANG': 'en_US.UTF-8',
16:53:14     INFO -  'LOGNAME': 'cltbld',
16:53:14     INFO -  'MAIL': '/var/mail/cltbld',
16:53:14     INFO -  'MOZ_HIDE_RESULTS_TABLE': '1',
16:53:14     INFO -  'MOZ_NODE_PATH': '/usr/bin/node',
16:53:14     INFO -  'MOZ_NO_REMOTE': '1',
16:53:14     INFO -  'NODE_PATH': '/usr/lib/nodejs:/usr/lib/node_modules:/usr/share/javascript',
16:53:14     INFO -  'NO_FAIL_ON_TEST_ERRORS': '1',
16:53:14     INFO -  'PATH': '/usr/local/bin:/usr/local/bin:/usr/bin:/bin:/usr/local/games:/usr/games',
16:53:14     INFO -  'PROPERTIES_FILE': '/builds/slave/test/buildprops.json',
16:53:14     INFO -  'PWD': '/builds/slave/test',
16:53:14     INFO -  'SHELL': '/bin/bash',
16:53:14     INFO -  'SHLVL': '1',
16:53:14     INFO -  'TERM': 'linux',
16:53:14     INFO -  'TMOUT': '86400',
16:53:14     INFO -  'USER': 'cltbld',
16:53:14     INFO -  'XDG_SESSION_COOKIE': '9ca12473fbb1d023794ffd180000023c-1528501936.334972-1912821810',
16:53:14     INFO -  '_': '/tools/buildbot/bin/python'}
16:53:14     INFO -  Ignoring indexes: https://pypi.python.org/simple
16:53:14     INFO -  Collecting jsonschema==2.5.1
16:53:15     INFO -  /builds/slave/test/build/venv/lib/python2.7/site-packages/pip/_vendor/requests/packages/urllib3/util/ssl_.py:318: SNIMissingWarning: An HTTPS request has been made, but the SNI (Subject Name Indication) extension to TLS is not available on this platform. This may cause the server to present an incorrect TLS certificate, which can cause validation failures. You can upgrade to a newer version of Python to solve this. For more information, see https://urllib3.readthedocs.org/en/latest/security.html#snimissingwarning.
16:53:15     INFO -    SNIMissingWarning
16:53:15     INFO -  /builds/slave/test/build/venv/lib/python2.7/site-packages/pip/_vendor/requests/packages/urllib3/util/ssl_.py:122: InsecurePlatformWarning: A true SSLContext object is not available. This prevents urllib3 from configuring SSL appropriately and may cause certain SSL connections to fail. You can upgrade to a newer version of Python to solve this. For more information, see https://urllib3.readthedocs.org/en/latest/security.html#insecureplatformwarning.
16:53:15     INFO -    InsecurePlatformWarning
16:53:16     INFO -  /builds/slave/test/build/venv/lib/python2.7/site-packages/pip/_vendor/requests/packages/urllib3/util/ssl_.py:122: InsecurePlatformWarning: A true SSLContext object is not available. This prevents urllib3 from configuring SSL appropriately and may cause certain SSL connections to fail. You can upgrade to a newer version of Python to solve this. For more information, see https://urllib3.readthedocs.org/en/latest/security.html#insecureplatformwarning.
16:53:16     INFO -    InsecurePlatformWarning
16:53:19     INFO -    Downloading https://pypi.pvt.build.mozilla.org/pub/jsonschema-2.5.1-py2.py3-none-any.whl
16:53:19     INFO -  Collecting functools32; python_version == "2.7" (from jsonschema==2.5.1)
16:53:24     INFO -    Downloading https://pypi.pvt.build.mozilla.org/pub/functools32-3.2.3-2.tar.gz
16:53:24     INFO -  Building wheels for collected packages: functools32
16:53:24     INFO -    Running setup.py bdist_wheel for functools32: started
16:53:25     INFO -    Running setup.py bdist_wheel for functools32: finished with status 'done'
16:53:25     INFO -    Stored in directory: /home/cltbld/.cache/pip/wheels/60/8e/5c/cd0944700dbec48e57da97dbe11bcc84b1332f6b43bc89d9b7
16:53:25     INFO -  Successfully built functools32
16:53:25     INFO -  Installing collected packages: functools32, jsonschema
16:53:25     INFO -  Successfully installed functools32-3.2.3.post2 jsonschema-2.5.1
16:53:25     INFO - Return code: 0
16:53:25     INFO - Installing functools32==3.2.3-2 into virtualenv /builds/slave/test/build/venv
16:53:25     INFO - retry: Calling run_command with args: [['/builds/slave/test/build/venv/bin/pip', 'install', '--timeout', '120', '--no-index', '--find-links', 'http://pypi.pvt.build.mozilla.org/pub', '--find-links', 'http://pypi.pub.build.mozilla.org/pub', '--trusted-host', 'pypi.pub.build.mozilla.org', '--trusted-host', 'pypi.pvt.build.mozilla.org', 'functools32==3.2.3-2']], kwargs: {'error_level': 'warning', 'error_list': [{'substr': 'not found or a compiler error:', 'level': 'warning'}, {'regex': <_sre.SRE_Pattern object at 0x7fd2dce03110>, 'level': 'error'}, {'regex': <_sre.SRE_Pattern object at 0x7fd2dcf0be40>, 'level': 'warning'}, {'regex': <_sre.SRE_Pattern object at 0x21bd3e0>, 'level': 'debug'}, {'substr': 'command not found', 'level': 'error'}, {'regex': <_sre.SRE_Pattern object at 0x21b9a90>, 'level': 'warning'}, {'substr': 'Traceback (most recent call last)', 'level': 'error'}, {'substr': 'SyntaxError: ', 'level': 'error'}, {'substr': 'TypeError: ', 'level': 'error'}, {'substr': 'NameError: ', 'level': 'error'}, {'substr': 'ZeroDivisionError: ', 'level': 'error'}, {'regex': <_sre.SRE_Pattern object at 0x21bb3f0>, 'level': 'critical'}, {'regex': <_sre.SRE_Pattern object at 0x21bb670>, 'level': 'critical'}], 'cwd': '/builds/slave/test/build', 'env': {'TMOUT': '86400', 'LOGNAME': 'cltbld', 'USER': 'cltbld', 'HOME': '/home/cltbld', 'PATH': '/usr/local/bin:/usr/local/bin:/usr/bin:/bin:/usr/local/games:/usr/games', 'DISPLAY': ':0', 'CCACHE_UMASK': '002', 'LANG': 'en_US.UTF-8', 'TERM': 'linux', 'SHELL': '/bin/bash', 'MOZ_NODE_PATH': '/usr/bin/node', 'XDG_SESSION_COOKIE': '9ca12473fbb1d023794ffd180000023c-1528501936.334972-1912821810', 'SHLVL': '1', 'NO_FAIL_ON_TEST_ERRORS': '1', 'MOZ_NO_REMOTE': '1', 'MOZ_HIDE_RESULTS_TABLE': '1', 'MAIL': '/var/mail/cltbld', '_': '/tools/buildbot/bin/python', 'NODE_PATH': '/usr/lib/nodejs:/usr/lib/node_modules:/usr/share/javascript', 'PWD': '/builds/slave/test', 'PROPERTIES_FILE': '/builds/slave/test/buildprops.json', 'CCACHE_DIR': '/builds/ccache'}}, attempt #1
16:53:25     INFO - Running command: ['/builds/slave/test/build/venv/bin/pip', 'install', '--timeout', '120', '--no-index', '--find-links', 'http://pypi.pvt.build.mozilla.org/pub', '--find-links', 'http://pypi.pub.build.mozilla.org/pub', '--trusted-host', 'pypi.pub.build.mozilla.org', '--trusted-host', 'pypi.pvt.build.mozilla.org', 'functools32==3.2.3-2'] in /builds/slave/test/build
16:53:25     INFO - Copy/paste: /builds/slave/test/build/venv/bin/pip install --timeout 120 --no-index --find-links http://pypi.pvt.build.mozilla.org/pub --find-links http://pypi.pub.build.mozilla.org/pub --trusted-host pypi.pub.build.mozilla.org --trusted-host pypi.pvt.build.mozilla.org functools32==3.2.3-2
16:53:25     INFO - Using env: {'CCACHE_DIR': '/builds/ccache',
16:53:25     INFO -  'CCACHE_UMASK': '002',
16:53:25     INFO -  'DISPLAY': ':0',
16:53:25     INFO -  'HOME': '/home/cltbld',
16:53:25     INFO -  'LANG': 'en_US.UTF-8',
16:53:25     INFO -  'LOGNAME': 'cltbld',
16:53:25     INFO -  'MAIL': '/var/mail/cltbld',
16:53:25     INFO -  'MOZ_HIDE_RESULTS_TABLE': '1',
16:53:25     INFO -  'MOZ_NODE_PATH': '/usr/bin/node',
16:53:25     INFO -  'MOZ_NO_REMOTE': '1',
16:53:25     INFO -  'NODE_PATH': '/usr/lib/nodejs:/usr/lib/node_modules:/usr/share/javascript',
16:53:25     INFO -  'NO_FAIL_ON_TEST_ERRORS': '1',
16:53:25     INFO -  'PATH': '/usr/local/bin:/usr/local/bin:/usr/bin:/bin:/usr/local/games:/usr/games',
16:53:25     INFO -  'PROPERTIES_FILE': '/builds/slave/test/buildprops.json',
16:53:25     INFO -  'PWD': '/builds/slave/test',
16:53:25     INFO -  'SHELL': '/bin/bash',
16:53:25     INFO -  'SHLVL': '1',
16:53:25     INFO -  'TERM': 'linux',
16:53:25     INFO -  'TMOUT': '86400',
16:53:25     INFO -  'USER': 'cltbld',
16:53:25     INFO -  'XDG_SESSION_COOKIE': '9ca12473fbb1d023794ffd180000023c-1528501936.334972-1912821810',
16:53:25     INFO -  '_': '/tools/buildbot/bin/python'}
16:53:26     INFO -  Ignoring indexes: https://pypi.python.org/simple
16:53:26     INFO -  Requirement already satisfied (use --upgrade to upgrade): functools32==3.2.3-2 in ./venv/lib/python2.7/site-packages
16:53:26     INFO - Return code: 0
16:53:26     INFO - Installing blobuploader==1.2.4 into virtualenv /builds/slave/test/build/venv
16:53:26     INFO - retry: Calling run_command with args: [['/builds/slave/test/build/venv/bin/pip', 'install', '--timeout', '120', '--no-index', '--find-links', 'http://pypi.pvt.build.mozilla.org/pub', '--find-links', 'http://pypi.pub.build.mozilla.org/pub', '--trusted-host', 'pypi.pub.build.mozilla.org', '--trusted-host', 'pypi.pvt.build.mozilla.org', 'blobuploader==1.2.4']], kwargs: {'error_level': 'warning', 'error_list': [{'substr': 'not found or a compiler error:', 'level': 'warning'}, {'regex': <_sre.SRE_Pattern object at 0x7fd2dce03110>, 'level': 'error'}, {'regex': <_sre.SRE_Pattern object at 0x7fd2dcf0be40>, 'level': 'warning'}, {'regex': <_sre.SRE_Pattern object at 0x21bd3e0>, 'level': 'debug'}, {'substr': 'command not found', 'level': 'error'}, {'regex': <_sre.SRE_Pattern object at 0x21b9a90>, 'level': 'warning'}, {'substr': 'Traceback (most recent call last)', 'level': 'error'}, {'substr': 'SyntaxError: ', 'level': 'error'}, {'substr': 'TypeError: ', 'level': 'error'}, {'substr': 'NameError: ', 'level': 'error'}, {'substr': 'ZeroDivisionError: ', 'level': 'error'}, {'regex': <_sre.SRE_Pattern object at 0x21bb3f0>, 'level': 'critical'}, {'regex': <_sre.SRE_Pattern object at 0x21bb670>, 'level': 'critical'}], 'cwd': '/builds/slave/test/build', 'env': {'TMOUT': '86400', 'LOGNAME': 'cltbld', 'USER': 'cltbld', 'HOME': '/home/cltbld', 'PATH': '/usr/local/bin:/usr/local/bin:/usr/bin:/bin:/usr/local/games:/usr/games', 'DISPLAY': ':0', 'CCACHE_UMASK': '002', 'LANG': 'en_US.UTF-8', 'TERM': 'linux', 'SHELL': '/bin/bash', 'MOZ_NODE_PATH': '/usr/bin/node', 'XDG_SESSION_COOKIE': '9ca12473fbb1d023794ffd180000023c-1528501936.334972-1912821810', 'SHLVL': '1', 'NO_FAIL_ON_TEST_ERRORS': '1', 'MOZ_NO_REMOTE': '1', 'MOZ_HIDE_RESULTS_TABLE': '1', 'MAIL': '/var/mail/cltbld', '_': '/tools/buildbot/bin/python', 'NODE_PATH': '/usr/lib/nodejs:/usr/lib/node_modules:/usr/share/javascript', 'PWD': '/builds/slave/test', 'PROPERTIES_FILE': '/builds/slave/test/buildprops.json', 'CCACHE_DIR': '/builds/ccache'}}, attempt #1
16:53:26     INFO - Running command: ['/builds/slave/test/build/venv/bin/pip', 'install', '--timeout', '120', '--no-index', '--find-links', 'http://pypi.pvt.build.mozilla.org/pub', '--find-links', 'http://pypi.pub.build.mozilla.org/pub', '--trusted-host', 'pypi.pub.build.mozilla.org', '--trusted-host', 'pypi.pvt.build.mozilla.org', 'blobuploader==1.2.4'] in /builds/slave/test/build
16:53:26     INFO - Copy/paste: /builds/slave/test/build/venv/bin/pip install --timeout 120 --no-index --find-links http://pypi.pvt.build.mozilla.org/pub --find-links http://pypi.pub.build.mozilla.org/pub --trusted-host pypi.pub.build.mozilla.org --trusted-host pypi.pvt.build.mozilla.org blobuploader==1.2.4
16:53:26     INFO - Using env: {'CCACHE_DIR': '/builds/ccache',
16:53:26     INFO -  'CCACHE_UMASK': '002',
16:53:26     INFO -  'DISPLAY': ':0',
16:53:26     INFO -  'HOME': '/home/cltbld',
16:53:26     INFO -  'LANG': 'en_US.UTF-8',
16:53:26     INFO -  'LOGNAME': 'cltbld',
16:53:26     INFO -  'MAIL': '/var/mail/cltbld',
16:53:26     INFO -  'MOZ_HIDE_RESULTS_TABLE': '1',
16:53:26     INFO -  'MOZ_NODE_PATH': '/usr/bin/node',
16:53:26     INFO -  'MOZ_NO_REMOTE': '1',
16:53:26     INFO -  'NODE_PATH': '/usr/lib/nodejs:/usr/lib/node_modules:/usr/share/javascript',
16:53:26     INFO -  'NO_FAIL_ON_TEST_ERRORS': '1',
16:53:26     INFO -  'PATH': '/usr/local/bin:/usr/local/bin:/usr/bin:/bin:/usr/local/games:/usr/games',
16:53:26     INFO -  'PROPERTIES_FILE': '/builds/slave/test/buildprops.json',
16:53:26     INFO -  'PWD': '/builds/slave/test',
16:53:26     INFO -  'SHELL': '/bin/bash',
16:53:26     INFO -  'SHLVL': '1',
16:53:26     INFO -  'TERM': 'linux',
16:53:26     INFO -  'TMOUT': '86400',
16:53:26     INFO -  'USER': 'cltbld',
16:53:26     INFO -  'XDG_SESSION_COOKIE': '9ca12473fbb1d023794ffd180000023c-1528501936.334972-1912821810',
16:53:26     INFO -  '_': '/tools/buildbot/bin/python'}
16:53:27     INFO -  Ignoring indexes: https://pypi.python.org/simple
16:53:27     INFO -  Collecting blobuploader==1.2.4
16:53:27     INFO -  /builds/slave/test/build/venv/lib/python2.7/site-packages/pip/_vendor/requests/packages/urllib3/util/ssl_.py:318: SNIMissingWarning: An HTTPS request has been made, but the SNI (Subject Name Indication) extension to TLS is not available on this platform. This may cause the server to present an incorrect TLS certificate, which can cause validation failures. You can upgrade to a newer version of Python to solve this. For more information, see https://urllib3.readthedocs.org/en/latest/security.html#snimissingwarning.
16:53:27     INFO -    SNIMissingWarning
16:53:27     INFO -  /builds/slave/test/build/venv/lib/python2.7/site-packages/pip/_vendor/requests/packages/urllib3/util/ssl_.py:122: InsecurePlatformWarning: A true SSLContext object is not available. This prevents urllib3 from configuring SSL appropriately and may cause certain SSL connections to fail. You can upgrade to a newer version of Python to solve this. For more information, see https://urllib3.readthedocs.org/en/latest/security.html#insecureplatformwarning.
16:53:27     INFO -    InsecurePlatformWarning
16:53:28     INFO -  /builds/slave/test/build/venv/lib/python2.7/site-packages/pip/_vendor/requests/packages/urllib3/util/ssl_.py:122: InsecurePlatformWarning: A true SSLContext object is not available. This prevents urllib3 from configuring SSL appropriately and may cause certain SSL connections to fail. You can upgrade to a newer version of Python to solve this. For more information, see https://urllib3.readthedocs.org/en/latest/security.html#insecureplatformwarning.
16:53:28     INFO -    InsecurePlatformWarning
16:53:32     INFO -    Downloading https://pypi.pvt.build.mozilla.org/pub/blobuploader-1.2.4.tar.gz
16:53:32     INFO -  Collecting requests==1.2.3. (from blobuploader==1.2.4)
16:53:36     INFO -    Downloading https://pypi.pvt.build.mozilla.org/pub/requests-1.2.3.tar.gz (348kB)
16:53:37     INFO -  Collecting docopt==0.6.1 (from blobuploader==1.2.4)
16:53:41     INFO -    Downloading https://pypi.pvt.build.mozilla.org/pub/docopt-0.6.1.tar.gz
16:53:42     INFO -  Building wheels for collected packages: blobuploader, requests, docopt
16:53:42     INFO -    Running setup.py bdist_wheel for blobuploader: started
16:53:42     INFO -    Running setup.py bdist_wheel for blobuploader: finished with status 'done'
16:53:42     INFO -    Stored in directory: /home/cltbld/.cache/pip/wheels/a7/2a/47/2d3828e4129ffeb548a26f4a87889dc9bc1a58e201a0ff8655
16:53:42     INFO -    Running setup.py bdist_wheel for requests: started
16:53:43     INFO -    Running setup.py bdist_wheel for requests: finished with status 'done'
16:53:43     INFO -    Stored in directory: /home/cltbld/.cache/pip/wheels/65/bb/90/359b65a7043ffc879dde877c4ad827f452218808c6cccf2658
16:53:43     INFO -    Running setup.py bdist_wheel for docopt: started
16:53:44     INFO -    Running setup.py bdist_wheel for docopt: finished with status 'done'
16:53:44     INFO -    Stored in directory: /home/cltbld/.cache/pip/wheels/ac/8b/84/7dbe9ada02c48c352fa733c81648516f92c6436f9d5bffad41
16:53:44     INFO -  Successfully built blobuploader requests docopt
16:53:44     INFO -  Installing collected packages: requests, docopt, blobuploader
16:53:44     INFO -  Successfully installed blobuploader-1.2.4 docopt-0.6.1 requests-1.2.3
16:53:44     INFO - Return code: 0
16:53:44     INFO - Installing None into virtualenv /builds/slave/test/build/venv
16:53:45     INFO - retry: Calling run_command with args: [['/builds/slave/test/build/venv/bin/pip', 'install', '--no-deps', '--timeout', '120', '-r', '/builds/slave/test/build/tests/config/mozbase_requirements.txt', '--no-index', '--find-links', 'http://pypi.pvt.build.mozilla.org/pub', '--find-links', 'http://pypi.pub.build.mozilla.org/pub', '--trusted-host', 'pypi.pub.build.mozilla.org', '--trusted-host', 'pypi.pvt.build.mozilla.org']], kwargs: {'error_level': 'warning', 'error_list': [{'substr': 'not found or a compiler error:', 'level': 'warning'}, {'regex': <_sre.SRE_Pattern object at 0x7fd2dce03110>, 'level': 'error'}, {'regex': <_sre.SRE_Pattern object at 0x7fd2dcf0be40>, 'level': 'warning'}, {'regex': <_sre.SRE_Pattern object at 0x21bd3e0>, 'level': 'debug'}, {'substr': 'command not found', 'level': 'error'}, {'regex': <_sre.SRE_Pattern object at 0x21b9a90>, 'level': 'warning'}, {'substr': 'Traceback (most recent call last)', 'level': 'error'}, {'substr': 'SyntaxError: ', 'level': 'error'}, {'substr': 'TypeError: ', 'level': 'error'}, {'substr': 'NameError: ', 'level': 'error'}, {'substr': 'ZeroDivisionError: ', 'level': 'error'}, {'regex': <_sre.SRE_Pattern object at 0x21bb3f0>, 'level': 'critical'}, {'regex': <_sre.SRE_Pattern object at 0x21bb670>, 'level': 'critical'}], 'cwd': '/builds/slave/test/build/tests/config', 'env': {'TMOUT': '86400', 'LOGNAME': 'cltbld', 'USER': 'cltbld', 'HOME': '/home/cltbld', 'PATH': '/usr/local/bin:/usr/local/bin:/usr/bin:/bin:/usr/local/games:/usr/games', 'DISPLAY': ':0', 'CCACHE_UMASK': '002', 'LANG': 'en_US.UTF-8', 'TERM': 'linux', 'SHELL': '/bin/bash', 'MOZ_NODE_PATH': '/usr/bin/node', 'XDG_SESSION_COOKIE': '9ca12473fbb1d023794ffd180000023c-1528501936.334972-1912821810', 'SHLVL': '1', 'NO_FAIL_ON_TEST_ERRORS': '1', 'MOZ_NO_REMOTE': '1', 'MOZ_HIDE_RESULTS_TABLE': '1', 'MAIL': '/var/mail/cltbld', '_': '/tools/buildbot/bin/python', 'NODE_PATH': '/usr/lib/nodejs:/usr/lib/node_modules:/usr/share/javascript', 'PWD': '/builds/slave/test', 'PROPERTIES_FILE': '/builds/slave/test/buildprops.json', 'CCACHE_DIR': '/builds/ccache'}}, attempt #1
16:53:45     INFO - Running command: ['/builds/slave/test/build/venv/bin/pip', 'install', '--no-deps', '--timeout', '120', '-r', '/builds/slave/test/build/tests/config/mozbase_requirements.txt', '--no-index', '--find-links', 'http://pypi.pvt.build.mozilla.org/pub', '--find-links', 'http://pypi.pub.build.mozilla.org/pub', '--trusted-host', 'pypi.pub.build.mozilla.org', '--trusted-host', 'pypi.pvt.build.mozilla.org'] in /builds/slave/test/build/tests/config
16:53:45     INFO - Copy/paste: /builds/slave/test/build/venv/bin/pip install --no-deps --timeout 120 -r /builds/slave/test/build/tests/config/mozbase_requirements.txt --no-index --find-links http://pypi.pvt.build.mozilla.org/pub --find-links http://pypi.pub.build.mozilla.org/pub --trusted-host pypi.pub.build.mozilla.org --trusted-host pypi.pvt.build.mozilla.org
16:53:45     INFO - Using env: {'CCACHE_DIR': '/builds/ccache',
16:53:45     INFO -  'CCACHE_UMASK': '002',
16:53:45     INFO -  'DISPLAY': ':0',
16:53:45     INFO -  'HOME': '/home/cltbld',
16:53:45     INFO -  'LANG': 'en_US.UTF-8',
16:53:45     INFO -  'LOGNAME': 'cltbld',
16:53:45     INFO -  'MAIL': '/var/mail/cltbld',
16:53:45     INFO -  'MOZ_HIDE_RESULTS_TABLE': '1',
16:53:45     INFO -  'MOZ_NODE_PATH': '/usr/bin/node',
16:53:45     INFO -  'MOZ_NO_REMOTE': '1',
16:53:45     INFO -  'NODE_PATH': '/usr/lib/nodejs:/usr/lib/node_modules:/usr/share/javascript',
16:53:45     INFO -  'NO_FAIL_ON_TEST_ERRORS': '1',
16:53:45     INFO -  'PATH': '/usr/local/bin:/usr/local/bin:/usr/bin:/bin:/usr/local/games:/usr/games',
16:53:45     INFO -  'PROPERTIES_FILE': '/builds/slave/test/buildprops.json',
16:53:45     INFO -  'PWD': '/builds/slave/test',
16:53:45     INFO -  'SHELL': '/bin/bash',
16:53:45     INFO -  'SHLVL': '1',
16:53:45     INFO -  'TERM': 'linux',
16:53:45     INFO -  'TMOUT': '86400',
16:53:45     INFO -  'USER': 'cltbld',
16:53:45     INFO -  'XDG_SESSION_COOKIE': '9ca12473fbb1d023794ffd180000023c-1528501936.334972-1912821810',
16:53:45     INFO -  '_': '/tools/buildbot/bin/python'}
16:53:45     INFO -  Ignoring indexes: https://pypi.python.org/simple
16:53:45     INFO -  Processing /builds/slave/test/build/tests/mozbase/manifestparser
16:53:46     INFO -  Processing /builds/slave/test/build/tests/mozbase/mozcrash
16:53:46     INFO -  Processing /builds/slave/test/build/tests/mozbase/mozdebug
16:53:47     INFO -  Processing /builds/slave/test/build/tests/mozbase/mozdevice
16:53:47     INFO -  Processing /builds/slave/test/build/tests/mozbase/mozfile
16:53:47     INFO -  Processing /builds/slave/test/build/tests/mozbase/mozhttpd
16:53:48     INFO -  Processing /builds/slave/test/build/tests/mozbase/mozinfo
16:53:48     INFO -  Processing /builds/slave/test/build/tests/mozbase/mozinstall
16:53:48     INFO -  Processing /builds/slave/test/build/tests/mozbase/mozleak
16:53:49     INFO -  Processing /builds/slave/test/build/tests/mozbase/mozlog
16:53:49     INFO -  Processing /builds/slave/test/build/tests/mozbase/moznetwork
16:53:49     INFO -  Processing /builds/slave/test/build/tests/mozbase/mozprocess
16:53:50     INFO -  Processing /builds/slave/test/build/tests/mozbase/mozprofile
16:53:50     INFO -  Processing /builds/slave/test/build/tests/mozbase/mozrunner
16:53:50     INFO -  Processing /builds/slave/test/build/tests/mozbase/mozscreenshot
16:53:51     INFO -  Processing /builds/slave/test/build/tests/mozbase/moztest
16:53:51     INFO -  Processing /builds/slave/test/build/tests/mozbase/mozversion
16:53:52     INFO -  Installing collected packages: manifestparser, mozcrash, mozdebug, mozdevice, mozfile, mozhttpd, mozinfo, mozInstall, mozleak, mozlog, moznetwork, mozprocess, mozprofile, mozrunner, mozscreenshot, moztest, mozversion
16:53:52     INFO -    Running setup.py install for manifestparser: started
16:53:52     INFO -      Running setup.py install for manifestparser: finished with status 'done'
16:53:52     INFO -    Running setup.py install for mozcrash: started
16:53:52     INFO -      Running setup.py install for mozcrash: finished with status 'done'
16:53:52     INFO -    Running setup.py install for mozdebug: started
16:53:53     INFO -      Running setup.py install for mozdebug: finished with status 'done'
16:53:53     INFO -    Running setup.py install for mozdevice: started
16:53:53     INFO -      Running setup.py install for mozdevice: finished with status 'done'
16:53:53     INFO -    Running setup.py install for mozfile: started
16:53:54     INFO -      Running setup.py install for mozfile: finished with status 'done'
16:53:54     INFO -    Running setup.py install for mozhttpd: started
16:53:54     INFO -      Running setup.py install for mozhttpd: finished with status 'done'
16:53:54     INFO -    Running setup.py install for mozinfo: started
16:53:54     INFO -      Running setup.py install for mozinfo: finished with status 'done'
16:53:54     INFO -    Running setup.py install for mozInstall: started
16:53:55     INFO -      Running setup.py install for mozInstall: finished with status 'done'
16:53:55     INFO -    Running setup.py install for mozleak: started
16:53:55     INFO -      Running setup.py install for mozleak: finished with status 'done'
16:53:55     INFO -    Running setup.py install for mozlog: started
16:53:56     INFO -      Running setup.py install for mozlog: finished with status 'done'
16:53:56     INFO -    Running setup.py install for moznetwork: started
16:53:56     INFO -      Running setup.py install for moznetwork: finished with status 'done'
16:53:56     INFO -    Running setup.py install for mozprocess: started
16:53:57     INFO -      Running setup.py install for mozprocess: finished with status 'done'
16:53:57     INFO -    Running setup.py install for mozprofile: started
16:53:57     INFO -      Running setup.py install for mozprofile: finished with status 'done'
16:53:57     INFO -    Running setup.py install for mozrunner: started
16:53:58     INFO -      Running setup.py install for mozrunner: finished with status 'done'
16:53:58     INFO -    Running setup.py install for mozscreenshot: started
16:53:58     INFO -      Running setup.py install for mozscreenshot: finished with status 'done'
16:53:58     INFO -    Running setup.py install for moztest: started
16:53:59     INFO -      Running setup.py install for moztest: finished with status 'done'
16:53:59     INFO -    Running setup.py install for mozversion: started
16:53:59     INFO -      Running setup.py install for mozversion: finished with status 'done'
16:54:00     INFO -  Successfully installed manifestparser-1.1 mozInstall-1.12 mozcrash-1.0 mozdebug-0.1 mozdevice-0.48 mozfile-1.2 mozhttpd-0.7 mozinfo-0.9 mozleak-0.1 mozlog-3.4 moznetwork-0.27 mozprocess-0.23 mozprofile-0.28 mozrunner-6.13 mozscreenshot-0.1 moztest-0.8 mozversion-1.4
16:54:00     INFO - Return code: 0
16:54:00     INFO - Installing None into virtualenv /builds/slave/test/build/venv
16:54:00     INFO - retry: Calling run_command with args: [['/builds/slave/test/build/venv/bin/pip', 'install', '--timeout', '120', '-r', '/builds/slave/test/build/tests/config/mozbase_requirements.txt', '--no-index', '--find-links', 'http://pypi.pvt.build.mozilla.org/pub', '--find-links', 'http://pypi.pub.build.mozilla.org/pub', '--trusted-host', 'pypi.pub.build.mozilla.org', '--trusted-host', 'pypi.pvt.build.mozilla.org']], kwargs: {'error_level': 'warning', 'error_list': [{'substr': 'not found or a compiler error:', 'level': 'warning'}, {'regex': <_sre.SRE_Pattern object at 0x7fd2dce03110>, 'level': 'error'}, {'regex': <_sre.SRE_Pattern object at 0x7fd2dcf0be40>, 'level': 'warning'}, {'regex': <_sre.SRE_Pattern object at 0x21bd3e0>, 'level': 'debug'}, {'substr': 'command not found', 'level': 'error'}, {'regex': <_sre.SRE_Pattern object at 0x21b9a90>, 'level': 'warning'}, {'substr': 'Traceback (most recent call last)', 'level': 'error'}, {'substr': 'SyntaxError: ', 'level': 'error'}, {'substr': 'TypeError: ', 'level': 'error'}, {'substr': 'NameError: ', 'level': 'error'}, {'substr': 'ZeroDivisionError: ', 'level': 'error'}, {'regex': <_sre.SRE_Pattern object at 0x21bb3f0>, 'level': 'critical'}, {'regex': <_sre.SRE_Pattern object at 0x21bb670>, 'level': 'critical'}], 'cwd': '/builds/slave/test/build/tests/config', 'env': {'TMOUT': '86400', 'LOGNAME': 'cltbld', 'USER': 'cltbld', 'HOME': '/home/cltbld', 'PATH': '/usr/local/bin:/usr/local/bin:/usr/bin:/bin:/usr/local/games:/usr/games', 'DISPLAY': ':0', 'CCACHE_UMASK': '002', 'LANG': 'en_US.UTF-8', 'TERM': 'linux', 'SHELL': '/bin/bash', 'MOZ_NODE_PATH': '/usr/bin/node', 'XDG_SESSION_COOKIE': '9ca12473fbb1d023794ffd180000023c-1528501936.334972-1912821810', 'SHLVL': '1', 'NO_FAIL_ON_TEST_ERRORS': '1', 'MOZ_NO_REMOTE': '1', 'MOZ_HIDE_RESULTS_TABLE': '1', 'MAIL': '/var/mail/cltbld', '_': '/tools/buildbot/bin/python', 'NODE_PATH': '/usr/lib/nodejs:/usr/lib/node_modules:/usr/share/javascript', 'PWD': '/builds/slave/test', 'PROPERTIES_FILE': '/builds/slave/test/buildprops.json', 'CCACHE_DIR': '/builds/ccache'}}, attempt #1
16:54:00     INFO - Running command: ['/builds/slave/test/build/venv/bin/pip', 'install', '--timeout', '120', '-r', '/builds/slave/test/build/tests/config/mozbase_requirements.txt', '--no-index', '--find-links', 'http://pypi.pvt.build.mozilla.org/pub', '--find-links', 'http://pypi.pub.build.mozilla.org/pub', '--trusted-host', 'pypi.pub.build.mozilla.org', '--trusted-host', 'pypi.pvt.build.mozilla.org'] in /builds/slave/test/build/tests/config
16:54:00     INFO - Copy/paste: /builds/slave/test/build/venv/bin/pip install --timeout 120 -r /builds/slave/test/build/tests/config/mozbase_requirements.txt --no-index --find-links http://pypi.pvt.build.mozilla.org/pub --find-links http://pypi.pub.build.mozilla.org/pub --trusted-host pypi.pub.build.mozilla.org --trusted-host pypi.pvt.build.mozilla.org
16:54:00     INFO - Using env: {'CCACHE_DIR': '/builds/ccache',
16:54:00     INFO -  'CCACHE_UMASK': '002',
16:54:00     INFO -  'DISPLAY': ':0',
16:54:00     INFO -  'HOME': '/home/cltbld',
16:54:00     INFO -  'LANG': 'en_US.UTF-8',
16:54:00     INFO -  'LOGNAME': 'cltbld',
16:54:00     INFO -  'MAIL': '/var/mail/cltbld',
16:54:00     INFO -  'MOZ_HIDE_RESULTS_TABLE': '1',
16:54:00     INFO -  'MOZ_NODE_PATH': '/usr/bin/node',
16:54:00     INFO -  'MOZ_NO_REMOTE': '1',
16:54:00     INFO -  'NODE_PATH': '/usr/lib/nodejs:/usr/lib/node_modules:/usr/share/javascript',
16:54:00     INFO -  'NO_FAIL_ON_TEST_ERRORS': '1',
16:54:00     INFO -  'PATH': '/usr/local/bin:/usr/local/bin:/usr/bin:/bin:/usr/local/games:/usr/games',
16:54:00     INFO -  'PROPERTIES_FILE': '/builds/slave/test/buildprops.json',
16:54:00     INFO -  'PWD': '/builds/slave/test',
16:54:00     INFO -  'SHELL': '/bin/bash',
16:54:00     INFO -  'SHLVL': '1',
16:54:00     INFO -  'TERM': 'linux',
16:54:00     INFO -  'TMOUT': '86400',
16:54:00     INFO -  'USER': 'cltbld',
16:54:00     INFO -  'XDG_SESSION_COOKIE': '9ca12473fbb1d023794ffd180000023c-1528501936.334972-1912821810',
16:54:00     INFO -  '_': '/tools/buildbot/bin/python'}
16:54:01     INFO -  Ignoring indexes: https://pypi.python.org/simple
16:54:01     INFO -  Processing /builds/slave/test/build/tests/mozbase/manifestparser
16:54:01     INFO -    Requirement already satisfied (use --upgrade to upgrade): manifestparser==1.1 from file:///builds/slave/test/build/tests/mozbase/manifestparser in /builds/slave/test/build/venv/lib/python2.7/site-packages (from -r /builds/slave/test/build/tests/config/mozbase_requirements.txt (line 1))
16:54:01     INFO -  Processing /builds/slave/test/build/tests/mozbase/mozcrash
16:54:01     INFO -    Requirement already satisfied (use --upgrade to upgrade): mozcrash==1.0 from file:///builds/slave/test/build/tests/mozbase/mozcrash in /builds/slave/test/build/venv/lib/python2.7/site-packages (from -r /builds/slave/test/build/tests/config/mozbase_requirements.txt (line 2))
16:54:01     INFO -  Processing /builds/slave/test/build/tests/mozbase/mozdebug
16:54:02     INFO -    Requirement already satisfied (use --upgrade to upgrade): mozdebug==0.1 from file:///builds/slave/test/build/tests/mozbase/mozdebug in /builds/slave/test/build/venv/lib/python2.7/site-packages (from -r /builds/slave/test/build/tests/config/mozbase_requirements.txt (line 3))
16:54:02     INFO -  Processing /builds/slave/test/build/tests/mozbase/mozdevice
16:54:02     INFO -    Requirement already satisfied (use --upgrade to upgrade): mozdevice==0.48 from file:///builds/slave/test/build/tests/mozbase/mozdevice in /builds/slave/test/build/venv/lib/python2.7/site-packages (from -r /builds/slave/test/build/tests/config/mozbase_requirements.txt (line 4))
16:54:02     INFO -  Processing /builds/slave/test/build/tests/mozbase/mozfile
16:54:03     INFO -    Requirement already satisfied (use --upgrade to upgrade): mozfile==1.2 from file:///builds/slave/test/build/tests/mozbase/mozfile in /builds/slave/test/build/venv/lib/python2.7/site-packages (from -r /builds/slave/test/build/tests/config/mozbase_requirements.txt (line 5))
16:54:03     INFO -  Processing /builds/slave/test/build/tests/mozbase/mozhttpd
16:54:03     INFO -    Requirement already satisfied (use --upgrade to upgrade): mozhttpd==0.7 from file:///builds/slave/test/build/tests/mozbase/mozhttpd in /builds/slave/test/build/venv/lib/python2.7/site-packages (from -r /builds/slave/test/build/tests/config/mozbase_requirements.txt (line 6))
16:54:03     INFO -  Processing /builds/slave/test/build/tests/mozbase/mozinfo
16:54:03     INFO -    Requirement already satisfied (use --upgrade to upgrade): mozinfo==0.9 from file:///builds/slave/test/build/tests/mozbase/mozinfo in /builds/slave/test/build/venv/lib/python2.7/site-packages (from -r /builds/slave/test/build/tests/config/mozbase_requirements.txt (line 7))
16:54:03     INFO -  Processing /builds/slave/test/build/tests/mozbase/mozinstall
16:54:04     INFO -    Requirement already satisfied (use --upgrade to upgrade): mozInstall==1.12 from file:///builds/slave/test/build/tests/mozbase/mozinstall in /builds/slave/test/build/venv/lib/python2.7/site-packages (from -r /builds/slave/test/build/tests/config/mozbase_requirements.txt (line 8))
16:54:04     INFO -  Processing /builds/slave/test/build/tests/mozbase/mozleak
16:54:04     INFO -    Requirement already satisfied (use --upgrade to upgrade): mozleak==0.1 from file:///builds/slave/test/build/tests/mozbase/mozleak in /builds/slave/test/build/venv/lib/python2.7/site-packages (from -r /builds/slave/test/build/tests/config/mozbase_requirements.txt (line 9))
16:54:04     INFO -  Processing /builds/slave/test/build/tests/mozbase/mozlog
16:54:05     INFO -    Requirement already satisfied (use --upgrade to upgrade): mozlog==3.4 from file:///builds/slave/test/build/tests/mozbase/mozlog in /builds/slave/test/build/venv/lib/python2.7/site-packages (from -r /builds/slave/test/build/tests/config/mozbase_requirements.txt (line 10))
16:54:05     INFO -  Processing /builds/slave/test/build/tests/mozbase/moznetwork
16:54:05     INFO -    Requirement already satisfied (use --upgrade to upgrade): moznetwork==0.27 from file:///builds/slave/test/build/tests/mozbase/moznetwork in /builds/slave/test/build/venv/lib/python2.7/site-packages (from -r /builds/slave/test/build/tests/config/mozbase_requirements.txt (line 11))
16:54:05     INFO -  Processing /builds/slave/test/build/tests/mozbase/mozprocess
16:54:05     INFO -    Requirement already satisfied (use --upgrade to upgrade): mozprocess==0.23 from file:///builds/slave/test/build/tests/mozbase/mozprocess in /builds/slave/test/build/venv/lib/python2.7/site-packages (from -r /builds/slave/test/build/tests/config/mozbase_requirements.txt (line 12))
16:54:05     INFO -  Processing /builds/slave/test/build/tests/mozbase/mozprofile
16:54:06     INFO -    Requirement already satisfied (use --upgrade to upgrade): mozprofile==0.28 from file:///builds/slave/test/build/tests/mozbase/mozprofile in /builds/slave/test/build/venv/lib/python2.7/site-packages (from -r /builds/slave/test/build/tests/config/mozbase_requirements.txt (line 13))
16:54:06     INFO -  Processing /builds/slave/test/build/tests/mozbase/mozrunner
16:54:06     INFO -    Requirement already satisfied (use --upgrade to upgrade): mozrunner==6.13 from file:///builds/slave/test/build/tests/mozbase/mozrunner in /builds/slave/test/build/venv/lib/python2.7/site-packages (from -r /builds/slave/test/build/tests/config/mozbase_requirements.txt (line 14))
16:54:06     INFO -  Processing /builds/slave/test/build/tests/mozbase/mozscreenshot
16:54:06     INFO -    Requirement already satisfied (use --upgrade to upgrade): mozscreenshot==0.1 from file:///builds/slave/test/build/tests/mozbase/mozscreenshot in /builds/slave/test/build/venv/lib/python2.7/site-packages (from -r /builds/slave/test/build/tests/config/mozbase_requirements.txt (line 15))
16:54:06     INFO -  Processing /builds/slave/test/build/tests/mozbase/moztest
16:54:07     INFO -    Requirement already satisfied (use --upgrade to upgrade): moztest==0.8 from file:///builds/slave/test/build/tests/mozbase/moztest in /builds/slave/test/build/venv/lib/python2.7/site-packages (from -r /builds/slave/test/build/tests/config/mozbase_requirements.txt (line 16))
16:54:07     INFO -  Processing /builds/slave/test/build/tests/mozbase/mozversion
16:54:07     INFO -    Requirement already satisfied (use --upgrade to upgrade): mozversion==1.4 from file:///builds/slave/test/build/tests/mozbase/mozversion in /builds/slave/test/build/venv/lib/python2.7/site-packages (from -r /builds/slave/test/build/tests/config/mozbase_requirements.txt (line 17))
16:54:07     INFO -  Requirement already satisfied (use --upgrade to upgrade): mozfile>=1.0 in /builds/slave/test/build/venv/lib/python2.7/site-packages (from mozcrash==1.0->-r /builds/slave/test/build/tests/config/mozbase_requirements.txt (line 2))
16:54:07     INFO -  Requirement already satisfied (use --upgrade to upgrade): mozlog>=3.0 in /builds/slave/test/build/venv/lib/python2.7/site-packages (from mozcrash==1.0->-r /builds/slave/test/build/tests/config/mozbase_requirements.txt (line 2))
16:54:07     INFO -  Requirement already satisfied (use --upgrade to upgrade): mozinfo in /builds/slave/test/build/venv/lib/python2.7/site-packages (from mozdebug==0.1->-r /builds/slave/test/build/tests/config/mozbase_requirements.txt (line 3))
16:54:07     INFO -  Requirement already satisfied (use --upgrade to upgrade): moznetwork>=0.24 in /builds/slave/test/build/venv/lib/python2.7/site-packages (from mozdevice==0.48->-r /builds/slave/test/build/tests/config/mozbase_requirements.txt (line 4))
16:54:07     INFO -  Requirement already satisfied (use --upgrade to upgrade): mozprocess>=0.19 in /builds/slave/test/build/venv/lib/python2.7/site-packages (from mozdevice==0.48->-r /builds/slave/test/build/tests/config/mozbase_requirements.txt (line 4))
16:54:07     INFO -  Collecting blessings>=1.3 (from mozlog==3.4->-r /builds/slave/test/build/tests/config/mozbase_requirements.txt (line 10))
16:54:07     INFO -  /builds/slave/test/build/venv/lib/python2.7/site-packages/pip/_vendor/requests/packages/urllib3/util/ssl_.py:318: SNIMissingWarning: An HTTPS request has been made, but the SNI (Subject Name Indication) extension to TLS is not available on this platform. This may cause the server to present an incorrect TLS certificate, which can cause validation failures. You can upgrade to a newer version of Python to solve this. For more information, see https://urllib3.readthedocs.org/en/latest/security.html#snimissingwarning.
16:54:07     INFO -    SNIMissingWarning
16:54:07     INFO -  /builds/slave/test/build/venv/lib/python2.7/site-packages/pip/_vendor/requests/packages/urllib3/util/ssl_.py:122: InsecurePlatformWarning: A true SSLContext object is not available. This prevents urllib3 from configuring SSL appropriately and may cause certain SSL connections to fail. You can upgrade to a newer version of Python to solve this. For more information, see https://urllib3.readthedocs.org/en/latest/security.html#insecureplatformwarning.
16:54:07     INFO -    InsecurePlatformWarning
16:54:09     INFO -  /builds/slave/test/build/venv/lib/python2.7/site-packages/pip/_vendor/requests/packages/urllib3/util/ssl_.py:122: InsecurePlatformWarning: A true SSLContext object is not available. This prevents urllib3 from configuring SSL appropriately and may cause certain SSL connections to fail. You can upgrade to a newer version of Python to solve this. For more information, see https://urllib3.readthedocs.org/en/latest/security.html#insecureplatformwarning.
16:54:09     INFO -    InsecurePlatformWarning
16:54:12     INFO -    Downloading https://pypi.pvt.build.mozilla.org/pub/blessings-1.6.tar.gz
16:54:13     INFO -  Building wheels for collected packages: blessings
16:54:13     INFO -    Running setup.py bdist_wheel for blessings: started
16:54:13     INFO -    Running setup.py bdist_wheel for blessings: finished with status 'done'
16:54:13     INFO -    Stored in directory: /home/cltbld/.cache/pip/wheels/fb/37/ae/c6b15ed5da2ead5847df54c8319487050d4dcc950c9795eae9
16:54:13     INFO -  Successfully built blessings
16:54:13     INFO -  Installing collected packages: blessings
16:54:13     INFO -  Successfully installed blessings-1.6
16:54:13     INFO - Return code: 0
16:54:13     INFO - Installing pip>=1.5 into virtualenv /builds/slave/test/build/venv
16:54:14     INFO - retry: Calling run_command with args: [['/builds/slave/test/build/venv/bin/pip', 'install', '--timeout', '120', '--no-index', '--find-links', 'http://pypi.pvt.build.mozilla.org/pub', '--find-links', 'http://pypi.pub.build.mozilla.org/pub', '--trusted-host', 'pypi.pub.build.mozilla.org', '--trusted-host', 'pypi.pvt.build.mozilla.org', 'pip>=1.5']], kwargs: {'error_level': 'warning', 'error_list': [{'substr': 'not found or a compiler error:', 'level': 'warning'}, {'regex': <_sre.SRE_Pattern object at 0x7fd2dce03110>, 'level': 'error'}, {'regex': <_sre.SRE_Pattern object at 0x7fd2dcf0be40>, 'level': 'warning'}, {'regex': <_sre.SRE_Pattern object at 0x21bd3e0>, 'level': 'debug'}, {'substr': 'command not found', 'level': 'error'}, {'regex': <_sre.SRE_Pattern object at 0x21b9a90>, 'level': 'warning'}, {'substr': 'Traceback (most recent call last)', 'level': 'error'}, {'substr': 'SyntaxError: ', 'level': 'error'}, {'substr': 'TypeError: ', 'level': 'error'}, {'substr': 'NameError: ', 'level': 'error'}, {'substr': 'ZeroDivisionError: ', 'level': 'error'}, {'regex': <_sre.SRE_Pattern object at 0x21bb3f0>, 'level': 'critical'}, {'regex': <_sre.SRE_Pattern object at 0x21bb670>, 'level': 'critical'}], 'cwd': '/builds/slave/test/build', 'env': {'TMOUT': '86400', 'LOGNAME': 'cltbld', 'USER': 'cltbld', 'HOME': '/home/cltbld', 'PATH': '/usr/local/bin:/usr/local/bin:/usr/bin:/bin:/usr/local/games:/usr/games', 'DISPLAY': ':0', 'CCACHE_UMASK': '002', 'LANG': 'en_US.UTF-8', 'TERM': 'linux', 'SHELL': '/bin/bash', 'MOZ_NODE_PATH': '/usr/bin/node', 'XDG_SESSION_COOKIE': '9ca12473fbb1d023794ffd180000023c-1528501936.334972-1912821810', 'SHLVL': '1', 'NO_FAIL_ON_TEST_ERRORS': '1', 'MOZ_NO_REMOTE': '1', 'MOZ_HIDE_RESULTS_TABLE': '1', 'MAIL': '/var/mail/cltbld', '_': '/tools/buildbot/bin/python', 'NODE_PATH': '/usr/lib/nodejs:/usr/lib/node_modules:/usr/share/javascript', 'PWD': '/builds/slave/test', 'PROPERTIES_FILE': '/builds/slave/test/buildprops.json', 'CCACHE_DIR': '/builds/ccache'}}, attempt #1
16:54:14     INFO - Running command: ['/builds/slave/test/build/venv/bin/pip', 'install', '--timeout', '120', '--no-index', '--find-links', 'http://pypi.pvt.build.mozilla.org/pub', '--find-links', 'http://pypi.pub.build.mozilla.org/pub', '--trusted-host', 'pypi.pub.build.mozilla.org', '--trusted-host', 'pypi.pvt.build.mozilla.org', 'pip>=1.5'] in /builds/slave/test/build
16:54:14     INFO - Copy/paste: /builds/slave/test/build/venv/bin/pip install --timeout 120 --no-index --find-links http://pypi.pvt.build.mozilla.org/pub --find-links http://pypi.pub.build.mozilla.org/pub --trusted-host pypi.pub.build.mozilla.org --trusted-host pypi.pvt.build.mozilla.org pip>=1.5
16:54:14     INFO - Using env: {'CCACHE_DIR': '/builds/ccache',
16:54:14     INFO -  'CCACHE_UMASK': '002',
16:54:14     INFO -  'DISPLAY': ':0',
16:54:14     INFO -  'HOME': '/home/cltbld',
16:54:14     INFO -  'LANG': 'en_US.UTF-8',
16:54:14     INFO -  'LOGNAME': 'cltbld',
16:54:14     INFO -  'MAIL': '/var/mail/cltbld',
16:54:14     INFO -  'MOZ_HIDE_RESULTS_TABLE': '1',
16:54:14     INFO -  'MOZ_NODE_PATH': '/usr/bin/node',
16:54:14     INFO -  'MOZ_NO_REMOTE': '1',
16:54:14     INFO -  'NODE_PATH': '/usr/lib/nodejs:/usr/lib/node_modules:/usr/share/javascript',
16:54:14     INFO -  'NO_FAIL_ON_TEST_ERRORS': '1',
16:54:14     INFO -  'PATH': '/usr/local/bin:/usr/local/bin:/usr/bin:/bin:/usr/local/games:/usr/games',
16:54:14     INFO -  'PROPERTIES_FILE': '/builds/slave/test/buildprops.json',
16:54:14     INFO -  'PWD': '/builds/slave/test',
16:54:14     INFO -  'SHELL': '/bin/bash',
16:54:14     INFO -  'SHLVL': '1',
16:54:14     INFO -  'TERM': 'linux',
16:54:14     INFO -  'TMOUT': '86400',
16:54:14     INFO -  'USER': 'cltbld',
16:54:14     INFO -  'XDG_SESSION_COOKIE': '9ca12473fbb1d023794ffd180000023c-1528501936.334972-1912821810',
16:54:14     INFO -  '_': '/tools/buildbot/bin/python'}
16:54:14     INFO -  Ignoring indexes: https://pypi.python.org/simple
16:54:14     INFO -  Requirement already satisfied (use --upgrade to upgrade): pip>=1.5 in ./venv/lib/python2.7/site-packages
16:54:14     INFO - Return code: 0
16:54:14     INFO - Installing psutil==3.1.1 into virtualenv /builds/slave/test/build/venv
16:54:14     INFO - retry: Calling run_command with args: [['/builds/slave/test/build/venv/bin/pip', 'install', '--timeout', '120', '--no-index', '--find-links', 'http://pypi.pvt.build.mozilla.org/pub', '--find-links', 'http://pypi.pub.build.mozilla.org/pub', '--trusted-host', 'pypi.pub.build.mozilla.org', '--trusted-host', 'pypi.pvt.build.mozilla.org', 'psutil==3.1.1']], kwargs: {'error_level': 'warning', 'error_list': [{'substr': 'not found or a compiler error:', 'level': 'warning'}, {'regex': <_sre.SRE_Pattern object at 0x7fd2dce03110>, 'level': 'error'}, {'regex': <_sre.SRE_Pattern object at 0x7fd2dcf0be40>, 'level': 'warning'}, {'regex': <_sre.SRE_Pattern object at 0x21bd3e0>, 'level': 'debug'}, {'substr': 'command not found', 'level': 'error'}, {'regex': <_sre.SRE_Pattern object at 0x21b9a90>, 'level': 'warning'}, {'substr': 'Traceback (most recent call last)', 'level': 'error'}, {'substr': 'SyntaxError: ', 'level': 'error'}, {'substr': 'TypeError: ', 'level': 'error'}, {'substr': 'NameError: ', 'level': 'error'}, {'substr': 'ZeroDivisionError: ', 'level': 'error'}, {'regex': <_sre.SRE_Pattern object at 0x21bb3f0>, 'level': 'critical'}, {'regex': <_sre.SRE_Pattern object at 0x21bb670>, 'level': 'critical'}], 'cwd': '/builds/slave/test/build', 'env': {'TMOUT': '86400', 'LOGNAME': 'cltbld', 'USER': 'cltbld', 'HOME': '/home/cltbld', 'PATH': '/usr/local/bin:/usr/local/bin:/usr/bin:/bin:/usr/local/games:/usr/games', 'DISPLAY': ':0', 'CCACHE_UMASK': '002', 'LANG': 'en_US.UTF-8', 'TERM': 'linux', 'SHELL': '/bin/bash', 'MOZ_NODE_PATH': '/usr/bin/node', 'XDG_SESSION_COOKIE': '9ca12473fbb1d023794ffd180000023c-1528501936.334972-1912821810', 'SHLVL': '1', 'NO_FAIL_ON_TEST_ERRORS': '1', 'MOZ_NO_REMOTE': '1', 'MOZ_HIDE_RESULTS_TABLE': '1', 'MAIL': '/var/mail/cltbld', '_': '/tools/buildbot/bin/python', 'NODE_PATH': '/usr/lib/nodejs:/usr/lib/node_modules:/usr/share/javascript', 'PWD': '/builds/slave/test', 'PROPERTIES_FILE': '/builds/slave/test/buildprops.json', 'CCACHE_DIR': '/builds/ccache'}}, attempt #1
16:54:14     INFO - Running command: ['/builds/slave/test/build/venv/bin/pip', 'install', '--timeout', '120', '--no-index', '--find-links', 'http://pypi.pvt.build.mozilla.org/pub', '--find-links', 'http://pypi.pub.build.mozilla.org/pub', '--trusted-host', 'pypi.pub.build.mozilla.org', '--trusted-host', 'pypi.pvt.build.mozilla.org', 'psutil==3.1.1'] in /builds/slave/test/build
16:54:14     INFO - Copy/paste: /builds/slave/test/build/venv/bin/pip install --timeout 120 --no-index --find-links http://pypi.pvt.build.mozilla.org/pub --find-links http://pypi.pub.build.mozilla.org/pub --trusted-host pypi.pub.build.mozilla.org --trusted-host pypi.pvt.build.mozilla.org psutil==3.1.1
16:54:14     INFO - Using env: {'CCACHE_DIR': '/builds/ccache',
16:54:14     INFO -  'CCACHE_UMASK': '002',
16:54:14     INFO -  'DISPLAY': ':0',
16:54:14     INFO -  'HOME': '/home/cltbld',
16:54:14     INFO -  'LANG': 'en_US.UTF-8',
16:54:14     INFO -  'LOGNAME': 'cltbld',
16:54:14     INFO -  'MAIL': '/var/mail/cltbld',
16:54:14     INFO -  'MOZ_HIDE_RESULTS_TABLE': '1',
16:54:14     INFO -  'MOZ_NODE_PATH': '/usr/bin/node',
16:54:14     INFO -  'MOZ_NO_REMOTE': '1',
16:54:14     INFO -  'NODE_PATH': '/usr/lib/nodejs:/usr/lib/node_modules:/usr/share/javascript',
16:54:14     INFO -  'NO_FAIL_ON_TEST_ERRORS': '1',
16:54:14     INFO -  'PATH': '/usr/local/bin:/usr/local/bin:/usr/bin:/bin:/usr/local/games:/usr/games',
16:54:14     INFO -  'PROPERTIES_FILE': '/builds/slave/test/buildprops.json',
16:54:14     INFO -  'PWD': '/builds/slave/test',
16:54:15     INFO -  'SHELL': '/bin/bash',
16:54:15     INFO -  'SHLVL': '1',
16:54:15     INFO -  'TERM': 'linux',
16:54:15     INFO -  'TMOUT': '86400',
16:54:15     INFO -  'USER': 'cltbld',
16:54:15     INFO -  'XDG_SESSION_COOKIE': '9ca12473fbb1d023794ffd180000023c-1528501936.334972-1912821810',
16:54:15     INFO -  '_': '/tools/buildbot/bin/python'}
16:54:15     INFO -  Ignoring indexes: https://pypi.python.org/simple
16:54:15     INFO -  Collecting psutil==3.1.1
16:54:15     INFO -  /builds/slave/test/build/venv/lib/python2.7/site-packages/pip/_vendor/requests/packages/urllib3/util/ssl_.py:318: SNIMissingWarning: An HTTPS request has been made, but the SNI (Subject Name Indication) extension to TLS is not available on this platform. This may cause the server to present an incorrect TLS certificate, which can cause validation failures. You can upgrade to a newer version of Python to solve this. For more information, see https://urllib3.readthedocs.org/en/latest/security.html#snimissingwarning.
16:54:15     INFO -    SNIMissingWarning
16:54:15     INFO -  /builds/slave/test/build/venv/lib/python2.7/site-packages/pip/_vendor/requests/packages/urllib3/util/ssl_.py:122: InsecurePlatformWarning: A true SSLContext object is not available. This prevents urllib3 from configuring SSL appropriately and may cause certain SSL connections to fail. You can upgrade to a newer version of Python to solve this. For more information, see https://urllib3.readthedocs.org/en/latest/security.html#insecureplatformwarning.
16:54:15     INFO -    InsecurePlatformWarning
16:54:17     INFO -  /builds/slave/test/build/venv/lib/python2.7/site-packages/pip/_vendor/requests/packages/urllib3/util/ssl_.py:122: InsecurePlatformWarning: A true SSLContext object is not available. This prevents urllib3 from configuring SSL appropriately and may cause certain SSL connections to fail. You can upgrade to a newer version of Python to solve this. For more information, see https://urllib3.readthedocs.org/en/latest/security.html#insecureplatformwarning.
16:54:17     INFO -    InsecurePlatformWarning
16:54:20     INFO -    Downloading https://pypi.pvt.build.mozilla.org/pub/psutil-3.1.1.tar.gz (247kB)
16:54:21     INFO -  Building wheels for collected packages: psutil
16:54:21     INFO -    Running setup.py bdist_wheel for psutil: started
16:54:22     INFO -    Running setup.py bdist_wheel for psutil: finished with status 'done'
16:54:22     INFO -    Stored in directory: /home/cltbld/.cache/pip/wheels/1e/e6/25/f0494673fc8d727828e74362e3beb4cbaf34d8be516156ba0c
16:54:22     INFO -  Successfully built psutil
16:54:22     INFO -  Installing collected packages: psutil
16:54:22     INFO -    Found existing installation: psutil 5.4.3
16:54:22     INFO -      Uninstalling psutil-5.4.3:
16:54:22     INFO -        Successfully uninstalled psutil-5.4.3
16:54:23     INFO -  Successfully installed psutil-3.1.1
16:54:23     INFO - Return code: 0
16:54:23     INFO - Installing mock into virtualenv /builds/slave/test/build/venv
16:54:23     INFO - retry: Calling run_command with args: [['/builds/slave/test/build/venv/bin/pip', 'install', '--timeout', '120', '--no-index', '--find-links', 'http://pypi.pvt.build.mozilla.org/pub', '--find-links', 'http://pypi.pub.build.mozilla.org/pub', '--trusted-host', 'pypi.pub.build.mozilla.org', '--trusted-host', 'pypi.pvt.build.mozilla.org', 'mock']], kwargs: {'error_level': 'warning', 'error_list': [{'substr': 'not found or a compiler error:', 'level': 'warning'}, {'regex': <_sre.SRE_Pattern object at 0x7fd2dce03110>, 'level': 'error'}, {'regex': <_sre.SRE_Pattern object at 0x7fd2dcf0be40>, 'level': 'warning'}, {'regex': <_sre.SRE_Pattern object at 0x21bd3e0>, 'level': 'debug'}, {'substr': 'command not found', 'level': 'error'}, {'regex': <_sre.SRE_Pattern object at 0x21b9a90>, 'level': 'warning'}, {'substr': 'Traceback (most recent call last)', 'level': 'error'}, {'substr': 'SyntaxError: ', 'level': 'error'}, {'substr': 'TypeError: ', 'level': 'error'}, {'substr': 'NameError: ', 'level': 'error'}, {'substr': 'ZeroDivisionError: ', 'level': 'error'}, {'regex': <_sre.SRE_Pattern object at 0x21bb3f0>, 'level': 'critical'}, {'regex': <_sre.SRE_Pattern object at 0x21bb670>, 'level': 'critical'}], 'cwd': '/builds/slave/test/build', 'env': {'TMOUT': '86400', 'LOGNAME': 'cltbld', 'USER': 'cltbld', 'HOME': '/home/cltbld', 'PATH': '/usr/local/bin:/usr/local/bin:/usr/bin:/bin:/usr/local/games:/usr/games', 'DISPLAY': ':0', 'CCACHE_UMASK': '002', 'LANG': 'en_US.UTF-8', 'TERM': 'linux', 'SHELL': '/bin/bash', 'MOZ_NODE_PATH': '/usr/bin/node', 'XDG_SESSION_COOKIE': '9ca12473fbb1d023794ffd180000023c-1528501936.334972-1912821810', 'SHLVL': '1', 'NO_FAIL_ON_TEST_ERRORS': '1', 'MOZ_NO_REMOTE': '1', 'MOZ_HIDE_RESULTS_TABLE': '1', 'MAIL': '/var/mail/cltbld', '_': '/tools/buildbot/bin/python', 'NODE_PATH': '/usr/lib/nodejs:/usr/lib/node_modules:/usr/share/javascript', 'PWD': '/builds/slave/test', 'PROPERTIES_FILE': '/builds/slave/test/buildprops.json', 'CCACHE_DIR': '/builds/ccache'}}, attempt #1
16:54:23     INFO - Running command: ['/builds/slave/test/build/venv/bin/pip', 'install', '--timeout', '120', '--no-index', '--find-links', 'http://pypi.pvt.build.mozilla.org/pub', '--find-links', 'http://pypi.pub.build.mozilla.org/pub', '--trusted-host', 'pypi.pub.build.mozilla.org', '--trusted-host', 'pypi.pvt.build.mozilla.org', 'mock'] in /builds/slave/test/build
16:54:23     INFO - Copy/paste: /builds/slave/test/build/venv/bin/pip install --timeout 120 --no-index --find-links http://pypi.pvt.build.mozilla.org/pub --find-links http://pypi.pub.build.mozilla.org/pub --trusted-host pypi.pub.build.mozilla.org --trusted-host pypi.pvt.build.mozilla.org mock
16:54:23     INFO - Using env: {'CCACHE_DIR': '/builds/ccache',
16:54:23     INFO -  'CCACHE_UMASK': '002',
16:54:23     INFO -  'DISPLAY': ':0',
16:54:23     INFO -  'HOME': '/home/cltbld',
16:54:23     INFO -  'LANG': 'en_US.UTF-8',
16:54:23     INFO -  'LOGNAME': 'cltbld',
16:54:23     INFO -  'MAIL': '/var/mail/cltbld',
16:54:23     INFO -  'MOZ_HIDE_RESULTS_TABLE': '1',
16:54:23     INFO -  'MOZ_NODE_PATH': '/usr/bin/node',
16:54:23     INFO -  'MOZ_NO_REMOTE': '1',
16:54:23     INFO -  'NODE_PATH': '/usr/lib/nodejs:/usr/lib/node_modules:/usr/share/javascript',
16:54:23     INFO -  'NO_FAIL_ON_TEST_ERRORS': '1',
16:54:23     INFO -  'PATH': '/usr/local/bin:/usr/local/bin:/usr/bin:/bin:/usr/local/games:/usr/games',
16:54:23     INFO -  'PROPERTIES_FILE': '/builds/slave/test/buildprops.json',
16:54:23     INFO -  'PWD': '/builds/slave/test',
16:54:23     INFO -  'SHELL': '/bin/bash',
16:54:23     INFO -  'SHLVL': '1',
16:54:23     INFO -  'TERM': 'linux',
16:54:23     INFO -  'TMOUT': '86400',
16:54:23     INFO -  'USER': 'cltbld',
16:54:23     INFO -  'XDG_SESSION_COOKIE': '9ca12473fbb1d023794ffd180000023c-1528501936.334972-1912821810',
16:54:23     INFO -  '_': '/tools/buildbot/bin/python'}
16:54:24     INFO -  Ignoring indexes: https://pypi.python.org/simple
16:54:24     INFO -  Collecting mock
16:54:24     INFO -  /builds/slave/test/build/venv/lib/python2.7/site-packages/pip/_vendor/requests/packages/urllib3/util/ssl_.py:318: SNIMissingWarning: An HTTPS request has been made, but the SNI (Subject Name Indication) extension to TLS is not available on this platform. This may cause the server to present an incorrect TLS certificate, which can cause validation failures. You can upgrade to a newer version of Python to solve this. For more information, see https://urllib3.readthedocs.org/en/latest/security.html#snimissingwarning.
16:54:24     INFO -    SNIMissingWarning
16:54:24     INFO -  /builds/slave/test/build/venv/lib/python2.7/site-packages/pip/_vendor/requests/packages/urllib3/util/ssl_.py:122: InsecurePlatformWarning: A true SSLContext object is not available. This prevents urllib3 from configuring SSL appropriately and may cause certain SSL connections to fail. You can upgrade to a newer version of Python to solve this. For more information, see https://urllib3.readthedocs.org/en/latest/security.html#insecureplatformwarning.
16:54:24     INFO -    InsecurePlatformWarning
16:54:25     INFO -  /builds/slave/test/build/venv/lib/python2.7/site-packages/pip/_vendor/requests/packages/urllib3/util/ssl_.py:122: InsecurePlatformWarning: A true SSLContext object is not available. This prevents urllib3 from configuring SSL appropriately and may cause certain SSL connections to fail. You can upgrade to a newer version of Python to solve this. For more information, see https://urllib3.readthedocs.org/en/latest/security.html#insecureplatformwarning.
16:54:25     INFO -    InsecurePlatformWarning
16:54:28     INFO -    Downloading https://pypi.pvt.build.mozilla.org/pub/mock-1.0.1.tar.gz (818kB)
16:54:29     INFO -  Building wheels for collected packages: mock
16:54:29     INFO -    Running setup.py bdist_wheel for mock: started
16:54:30     INFO -    Running setup.py bdist_wheel for mock: finished with status 'done'
16:54:30     INFO -    Stored in directory: /home/cltbld/.cache/pip/wheels/42/d3/87/79283a2f50dfedbfad996edf7028483b27c5953e56856af7d0
16:54:30     INFO -  Successfully built mock
16:54:30     INFO -  Installing collected packages: mock
16:54:30     INFO -  Successfully installed mock-1.0.1
16:54:30     INFO - Return code: 0
16:54:30     INFO - Installing simplejson into virtualenv /builds/slave/test/build/venv
16:54:30     INFO - retry: Calling run_command with args: [['/builds/slave/test/build/venv/bin/pip', 'install', '--timeout', '120', '--no-index', '--find-links', 'http://pypi.pvt.build.mozilla.org/pub', '--find-links', 'http://pypi.pub.build.mozilla.org/pub', '--trusted-host', 'pypi.pub.build.mozilla.org', '--trusted-host', 'pypi.pvt.build.mozilla.org', 'simplejson']], kwargs: {'error_level': 'warning', 'error_list': [{'substr': 'not found or a compiler error:', 'level': 'warning'}, {'regex': <_sre.SRE_Pattern object at 0x7fd2dce03110>, 'level': 'error'}, {'regex': <_sre.SRE_Pattern object at 0x7fd2dcf0be40>, 'level': 'warning'}, {'regex': <_sre.SRE_Pattern object at 0x21bd3e0>, 'level': 'debug'}, {'substr': 'command not found', 'level': 'error'}, {'regex': <_sre.SRE_Pattern object at 0x21b9a90>, 'level': 'warning'}, {'substr': 'Traceback (most recent call last)', 'level': 'error'}, {'substr': 'SyntaxError: ', 'level': 'error'}, {'substr': 'TypeError: ', 'level': 'error'}, {'substr': 'NameError: ', 'level': 'error'}, {'substr': 'ZeroDivisionError: ', 'level': 'error'}, {'regex': <_sre.SRE_Pattern object at 0x21bb3f0>, 'level': 'critical'}, {'regex': <_sre.SRE_Pattern object at 0x21bb670>, 'level': 'critical'}], 'cwd': '/builds/slave/test/build', 'env': {'TMOUT': '86400', 'LOGNAME': 'cltbld', 'USER': 'cltbld', 'HOME': '/home/cltbld', 'PATH': '/usr/local/bin:/usr/local/bin:/usr/bin:/bin:/usr/local/games:/usr/games', 'DISPLAY': ':0', 'CCACHE_UMASK': '002', 'LANG': 'en_US.UTF-8', 'TERM': 'linux', 'SHELL': '/bin/bash', 'MOZ_NODE_PATH': '/usr/bin/node', 'XDG_SESSION_COOKIE': '9ca12473fbb1d023794ffd180000023c-1528501936.334972-1912821810', 'SHLVL': '1', 'NO_FAIL_ON_TEST_ERRORS': '1', 'MOZ_NO_REMOTE': '1', 'MOZ_HIDE_RESULTS_TABLE': '1', 'MAIL': '/var/mail/cltbld', '_': '/tools/buildbot/bin/python', 'NODE_PATH': '/usr/lib/nodejs:/usr/lib/node_modules:/usr/share/javascript', 'PWD': '/builds/slave/test', 'PROPERTIES_FILE': '/builds/slave/test/buildprops.json', 'CCACHE_DIR': '/builds/ccache'}}, attempt #1
16:54:30     INFO - Running command: ['/builds/slave/test/build/venv/bin/pip', 'install', '--timeout', '120', '--no-index', '--find-links', 'http://pypi.pvt.build.mozilla.org/pub', '--find-links', 'http://pypi.pub.build.mozilla.org/pub', '--trusted-host', 'pypi.pub.build.mozilla.org', '--trusted-host', 'pypi.pvt.build.mozilla.org', 'simplejson'] in /builds/slave/test/build
16:54:30     INFO - Copy/paste: /builds/slave/test/build/venv/bin/pip install --timeout 120 --no-index --find-links http://pypi.pvt.build.mozilla.org/pub --find-links http://pypi.pub.build.mozilla.org/pub --trusted-host pypi.pub.build.mozilla.org --trusted-host pypi.pvt.build.mozilla.org simplejson
16:54:30     INFO - Using env: {'CCACHE_DIR': '/builds/ccache',
16:54:30     INFO -  'CCACHE_UMASK': '002',
16:54:30     INFO -  'DISPLAY': ':0',
16:54:30     INFO -  'HOME': '/home/cltbld',
16:54:30     INFO -  'LANG': 'en_US.UTF-8',
16:54:30     INFO -  'LOGNAME': 'cltbld',
16:54:30     INFO -  'MAIL': '/var/mail/cltbld',
16:54:30     INFO -  'MOZ_HIDE_RESULTS_TABLE': '1',
16:54:30     INFO -  'MOZ_NODE_PATH': '/usr/bin/node',
16:54:30     INFO -  'MOZ_NO_REMOTE': '1',
16:54:30     INFO -  'NODE_PATH': '/usr/lib/nodejs:/usr/lib/node_modules:/usr/share/javascript',
16:54:30     INFO -  'NO_FAIL_ON_TEST_ERRORS': '1',
16:54:30     INFO -  'PATH': '/usr/local/bin:/usr/local/bin:/usr/bin:/bin:/usr/local/games:/usr/games',
16:54:30     INFO -  'PROPERTIES_FILE': '/builds/slave/test/buildprops.json',
16:54:30     INFO -  'PWD': '/builds/slave/test',
16:54:30     INFO -  'SHELL': '/bin/bash',
16:54:30     INFO -  'SHLVL': '1',
16:54:30     INFO -  'TERM': 'linux',
16:54:30     INFO -  'TMOUT': '86400',
16:54:30     INFO -  'USER': 'cltbld',
16:54:30     INFO -  'XDG_SESSION_COOKIE': '9ca12473fbb1d023794ffd180000023c-1528501936.334972-1912821810',
16:54:30     INFO -  '_': '/tools/buildbot/bin/python'}
16:54:31     INFO -  Ignoring indexes: https://pypi.python.org/simple
16:54:31     INFO -  Collecting simplejson
16:54:31     INFO -  /builds/slave/test/build/venv/lib/python2.7/site-packages/pip/_vendor/requests/packages/urllib3/util/ssl_.py:318: SNIMissingWarning: An HTTPS request has been made, but the SNI (Subject Name Indication) extension to TLS is not available on this platform. This may cause the server to present an incorrect TLS certificate, which can cause validation failures. You can upgrade to a newer version of Python to solve this. For more information, see https://urllib3.readthedocs.org/en/latest/security.html#snimissingwarning.
16:54:31     INFO -    SNIMissingWarning
16:54:31     INFO -  /builds/slave/test/build/venv/lib/python2.7/site-packages/pip/_vendor/requests/packages/urllib3/util/ssl_.py:122: InsecurePlatformWarning: A true SSLContext object is not available. This prevents urllib3 from configuring SSL appropriately and may cause certain SSL connections to fail. You can upgrade to a newer version of Python to solve this. For more information, see https://urllib3.readthedocs.org/en/latest/security.html#insecureplatformwarning.
16:54:31     INFO -    InsecurePlatformWarning
16:54:32     INFO -  /builds/slave/test/build/venv/lib/python2.7/site-packages/pip/_vendor/requests/packages/urllib3/util/ssl_.py:122: InsecurePlatformWarning: A true SSLContext object is not available. This prevents urllib3 from configuring SSL appropriately and may cause certain SSL connections to fail. You can upgrade to a newer version of Python to solve this. For more information, see https://urllib3.readthedocs.org/en/latest/security.html#insecureplatformwarning.
16:54:32     INFO -    InsecurePlatformWarning
16:54:36     INFO -    Downloading https://pypi.pvt.build.mozilla.org/pub/simplejson-3.3.0.tar.gz (67kB)
16:54:36     INFO -  Building wheels for collected packages: simplejson
16:54:36     INFO -    Running setup.py bdist_wheel for simplejson: started
16:54:39     INFO -    Running setup.py bdist_wheel for simplejson: finished with status 'done'
16:54:39     INFO -    Stored in directory: /home/cltbld/.cache/pip/wheels/b1/26/8f/72b2a349729d24b9c6aa399407fddd384f8814e045e6de407e
16:54:39     INFO -  Successfully built simplejson
16:54:39     INFO -  Installing collected packages: simplejson
16:54:39     INFO -  Successfully installed simplejson-3.3.0
16:54:39     INFO - Return code: 0
16:54:39     INFO - Installing None into virtualenv /builds/slave/test/build/venv
16:54:39     INFO - retry: Calling run_command with args: [['/builds/slave/test/build/venv/bin/pip', 'install', '--no-deps', '--timeout', '120', '-r', '/builds/slave/test/build/tests/config/marionette_requirements.txt', '--no-index', '--find-links', 'http://pypi.pvt.build.mozilla.org/pub', '--find-links', 'http://pypi.pub.build.mozilla.org/pub', '--trusted-host', 'pypi.pub.build.mozilla.org', '--trusted-host', 'pypi.pvt.build.mozilla.org']], kwargs: {'error_level': 'warning', 'error_list': [{'substr': 'not found or a compiler error:', 'level': 'warning'}, {'regex': <_sre.SRE_Pattern object at 0x7fd2dce03110>, 'level': 'error'}, {'regex': <_sre.SRE_Pattern object at 0x7fd2dcf0be40>, 'level': 'warning'}, {'regex': <_sre.SRE_Pattern object at 0x21bd3e0>, 'level': 'debug'}, {'substr': 'command not found', 'level': 'error'}, {'regex': <_sre.SRE_Pattern object at 0x21b9a90>, 'level': 'warning'}, {'substr': 'Traceback (most recent call last)', 'level': 'error'}, {'substr': 'SyntaxError: ', 'level': 'error'}, {'substr': 'TypeError: ', 'level': 'error'}, {'substr': 'NameError: ', 'level': 'error'}, {'substr': 'ZeroDivisionError: ', 'level': 'error'}, {'regex': <_sre.SRE_Pattern object at 0x21bb3f0>, 'level': 'critical'}, {'regex': <_sre.SRE_Pattern object at 0x21bb670>, 'level': 'critical'}], 'cwd': '/builds/slave/test/build/tests/config', 'env': {'TMOUT': '86400', 'LOGNAME': 'cltbld', 'USER': 'cltbld', 'HOME': '/home/cltbld', 'PATH': '/usr/local/bin:/usr/local/bin:/usr/bin:/bin:/usr/local/games:/usr/games', 'DISPLAY': ':0', 'CCACHE_UMASK': '002', 'LANG': 'en_US.UTF-8', 'TERM': 'linux', 'SHELL': '/bin/bash', 'MOZ_NODE_PATH': '/usr/bin/node', 'XDG_SESSION_COOKIE': '9ca12473fbb1d023794ffd180000023c-1528501936.334972-1912821810', 'SHLVL': '1', 'NO_FAIL_ON_TEST_ERRORS': '1', 'MOZ_NO_REMOTE': '1', 'MOZ_HIDE_RESULTS_TABLE': '1', 'MAIL': '/var/mail/cltbld', '_': '/tools/buildbot/bin/python', 'NODE_PATH': '/usr/lib/nodejs:/usr/lib/node_modules:/usr/share/javascript', 'PWD': '/builds/slave/test', 'PROPERTIES_FILE': '/builds/slave/test/buildprops.json', 'CCACHE_DIR': '/builds/ccache'}}, attempt #1
16:54:39     INFO - Running command: ['/builds/slave/test/build/venv/bin/pip', 'install', '--no-deps', '--timeout', '120', '-r', '/builds/slave/test/build/tests/config/marionette_requirements.txt', '--no-index', '--find-links', 'http://pypi.pvt.build.mozilla.org/pub', '--find-links', 'http://pypi.pub.build.mozilla.org/pub', '--trusted-host', 'pypi.pub.build.mozilla.org', '--trusted-host', 'pypi.pvt.build.mozilla.org'] in /builds/slave/test/build/tests/config
16:54:39     INFO - Copy/paste: /builds/slave/test/build/venv/bin/pip install --no-deps --timeout 120 -r /builds/slave/test/build/tests/config/marionette_requirements.txt --no-index --find-links http://pypi.pvt.build.mozilla.org/pub --find-links http://pypi.pub.build.mozilla.org/pub --trusted-host pypi.pub.build.mozilla.org --trusted-host pypi.pvt.build.mozilla.org
16:54:39     INFO - Using env: {'CCACHE_DIR': '/builds/ccache',
16:54:39     INFO -  'CCACHE_UMASK': '002',
16:54:39     INFO -  'DISPLAY': ':0',
16:54:39     INFO -  'HOME': '/home/cltbld',
16:54:39     INFO -  'LANG': 'en_US.UTF-8',
16:54:39     INFO -  'LOGNAME': 'cltbld',
16:54:39     INFO -  'MAIL': '/var/mail/cltbld',
16:54:39     INFO -  'MOZ_HIDE_RESULTS_TABLE': '1',
16:54:39     INFO -  'MOZ_NODE_PATH': '/usr/bin/node',
16:54:39     INFO -  'MOZ_NO_REMOTE': '1',
16:54:39     INFO -  'NODE_PATH': '/usr/lib/nodejs:/usr/lib/node_modules:/usr/share/javascript',
16:54:39     INFO -  'NO_FAIL_ON_TEST_ERRORS': '1',
16:54:39     INFO -  'PATH': '/usr/local/bin:/usr/local/bin:/usr/bin:/bin:/usr/local/games:/usr/games',
16:54:39     INFO -  'PROPERTIES_FILE': '/builds/slave/test/buildprops.json',
16:54:39     INFO -  'PWD': '/builds/slave/test',
16:54:39     INFO -  'SHELL': '/bin/bash',
16:54:39     INFO -  'SHLVL': '1',
16:54:39     INFO -  'TERM': 'linux',
16:54:39     INFO -  'TMOUT': '86400',
16:54:39     INFO -  'USER': 'cltbld',
16:54:39     INFO -  'XDG_SESSION_COOKIE': '9ca12473fbb1d023794ffd180000023c-1528501936.334972-1912821810',
16:54:39     INFO -  '_': '/tools/buildbot/bin/python'}
16:54:40     INFO -  Ignoring indexes: https://pypi.python.org/simple
16:54:40     INFO -  Processing /builds/slave/test/build/tests/mozbase/manifestparser
16:54:41     INFO -    Requirement already satisfied (use --upgrade to upgrade): manifestparser==1.1 from file:///builds/slave/test/build/tests/mozbase/manifestparser in /builds/slave/test/build/venv/lib/python2.7/site-packages (from -r /builds/slave/test/build/tests/config/mozbase_requirements.txt (line 1))
16:54:41     INFO -  Processing /builds/slave/test/build/tests/mozbase/mozcrash
16:54:41     INFO -    Requirement already satisfied (use --upgrade to upgrade): mozcrash==1.0 from file:///builds/slave/test/build/tests/mozbase/mozcrash in /builds/slave/test/build/venv/lib/python2.7/site-packages (from -r /builds/slave/test/build/tests/config/mozbase_requirements.txt (line 2))
16:54:41     INFO -  Processing /builds/slave/test/build/tests/mozbase/mozdebug
16:54:41     INFO -    Requirement already satisfied (use --upgrade to upgrade): mozdebug==0.1 from file:///builds/slave/test/build/tests/mozbase/mozdebug in /builds/slave/test/build/venv/lib/python2.7/site-packages (from -r /builds/slave/test/build/tests/config/mozbase_requirements.txt (line 3))
16:54:41     INFO -  Processing /builds/slave/test/build/tests/mozbase/mozdevice
16:54:42     INFO -    Requirement already satisfied (use --upgrade to upgrade): mozdevice==0.48 from file:///builds/slave/test/build/tests/mozbase/mozdevice in /builds/slave/test/build/venv/lib/python2.7/site-packages (from -r /builds/slave/test/build/tests/config/mozbase_requirements.txt (line 4))
16:54:42     INFO -  Processing /builds/slave/test/build/tests/mozbase/mozfile
16:54:42     INFO -    Requirement already satisfied (use --upgrade to upgrade): mozfile==1.2 from file:///builds/slave/test/build/tests/mozbase/mozfile in /builds/slave/test/build/venv/lib/python2.7/site-packages (from -r /builds/slave/test/build/tests/config/mozbase_requirements.txt (line 5))
16:54:42     INFO -  Processing /builds/slave/test/build/tests/mozbase/mozhttpd
16:54:42     INFO -    Requirement already satisfied (use --upgrade to upgrade): mozhttpd==0.7 from file:///builds/slave/test/build/tests/mozbase/mozhttpd in /builds/slave/test/build/venv/lib/python2.7/site-packages (from -r /builds/slave/test/build/tests/config/mozbase_requirements.txt (line 6))
16:54:42     INFO -  Processing /builds/slave/test/build/tests/mozbase/mozinfo
16:54:43     INFO -    Requirement already satisfied (use --upgrade to upgrade): mozinfo==0.9 from file:///builds/slave/test/build/tests/mozbase/mozinfo in /builds/slave/test/build/venv/lib/python2.7/site-packages (from -r /builds/slave/test/build/tests/config/mozbase_requirements.txt (line 7))
16:54:43     INFO -  Processing /builds/slave/test/build/tests/mozbase/mozinstall
16:54:43     INFO -    Requirement already satisfied (use --upgrade to upgrade): mozInstall==1.12 from file:///builds/slave/test/build/tests/mozbase/mozinstall in /builds/slave/test/build/venv/lib/python2.7/site-packages (from -r /builds/slave/test/build/tests/config/mozbase_requirements.txt (line 8))
16:54:43     INFO -  Processing /builds/slave/test/build/tests/mozbase/mozleak
16:54:44     INFO -    Requirement already satisfied (use --upgrade to upgrade): mozleak==0.1 from file:///builds/slave/test/build/tests/mozbase/mozleak in /builds/slave/test/build/venv/lib/python2.7/site-packages (from -r /builds/slave/test/build/tests/config/mozbase_requirements.txt (line 9))
16:54:44     INFO -  Processing /builds/slave/test/build/tests/mozbase/mozlog
16:54:44     INFO -    Requirement already satisfied (use --upgrade to upgrade): mozlog==3.4 from file:///builds/slave/test/build/tests/mozbase/mozlog in /builds/slave/test/build/venv/lib/python2.7/site-packages (from -r /builds/slave/test/build/tests/config/mozbase_requirements.txt (line 10))
16:54:44     INFO -  Processing /builds/slave/test/build/tests/mozbase/moznetwork
16:54:44     INFO -    Requirement already satisfied (use --upgrade to upgrade): moznetwork==0.27 from file:///builds/slave/test/build/tests/mozbase/moznetwork in /builds/slave/test/build/venv/lib/python2.7/site-packages (from -r /builds/slave/test/build/tests/config/mozbase_requirements.txt (line 11))
16:54:44     INFO -  Processing /builds/slave/test/build/tests/mozbase/mozprocess
16:54:45     INFO -    Requirement already satisfied (use --upgrade to upgrade): mozprocess==0.23 from file:///builds/slave/test/build/tests/mozbase/mozprocess in /builds/slave/test/build/venv/lib/python2.7/site-packages (from -r /builds/slave/test/build/tests/config/mozbase_requirements.txt (line 12))
16:54:45     INFO -  Processing /builds/slave/test/build/tests/mozbase/mozprofile
16:54:45     INFO -    Requirement already satisfied (use --upgrade to upgrade): mozprofile==0.28 from file:///builds/slave/test/build/tests/mozbase/mozprofile in /builds/slave/test/build/venv/lib/python2.7/site-packages (from -r /builds/slave/test/build/tests/config/mozbase_requirements.txt (line 13))
16:54:45     INFO -  Processing /builds/slave/test/build/tests/mozbase/mozrunner
16:54:45     INFO -    Requirement already satisfied (use --upgrade to upgrade): mozrunner==6.13 from file:///builds/slave/test/build/tests/mozbase/mozrunner in /builds/slave/test/build/venv/lib/python2.7/site-packages (from -r /builds/slave/test/build/tests/config/mozbase_requirements.txt (line 14))
16:54:45     INFO -  Processing /builds/slave/test/build/tests/mozbase/mozscreenshot
16:54:46     INFO -    Requirement already satisfied (use --upgrade to upgrade): mozscreenshot==0.1 from file:///builds/slave/test/build/tests/mozbase/mozscreenshot in /builds/slave/test/build/venv/lib/python2.7/site-packages (from -r /builds/slave/test/build/tests/config/mozbase_requirements.txt (line 15))
16:54:46     INFO -  Processing /builds/slave/test/build/tests/mozbase/moztest
16:54:46     INFO -    Requirement already satisfied (use --upgrade to upgrade): moztest==0.8 from file:///builds/slave/test/build/tests/mozbase/moztest in /builds/slave/test/build/venv/lib/python2.7/site-packages (from -r /builds/slave/test/build/tests/config/mozbase_requirements.txt (line 16))
16:54:46     INFO -  Processing /builds/slave/test/build/tests/mozbase/mozversion
16:54:47     INFO -    Requirement already satisfied (use --upgrade to upgrade): mozversion==1.4 from file:///builds/slave/test/build/tests/mozbase/mozversion in /builds/slave/test/build/venv/lib/python2.7/site-packages (from -r /builds/slave/test/build/tests/config/mozbase_requirements.txt (line 17))
16:54:47     INFO -  Processing /builds/slave/test/build/tests/tools/wptserve
16:54:47     INFO -  Processing /builds/slave/test/build/tests/marionette/client
16:54:47     INFO -  Processing /builds/slave/test/build/tests/marionette/harness/marionette_harness/runner/mixins/browsermob-proxy-py
16:54:48     INFO -  Processing /builds/slave/test/build/tests/marionette/harness
16:54:48     INFO -  Processing /builds/slave/test/build/tests/marionette/puppeteer/firefox
16:54:49     INFO -  Building wheels for collected packages: browsermob-proxy
16:54:49     INFO -    Running setup.py bdist_wheel for browsermob-proxy: started
16:54:49     INFO -    Running setup.py bdist_wheel for browsermob-proxy: finished with status 'done'
16:54:49     INFO -    Stored in directory: /home/cltbld/.cache/pip/wheels/10/00/c1/79bb793b6a7eb4dca9dfd244010f550ae5044951bcd23c261e
16:54:49     INFO -  Successfully built browsermob-proxy
16:54:49     INFO -  Installing collected packages: wptserve, marionette-driver, browsermob-proxy, marionette-harness, firefox-puppeteer
16:54:49     INFO -    Running setup.py install for wptserve: started
16:54:50     INFO -      Running setup.py install for wptserve: finished with status 'done'
16:54:50     INFO -    Running setup.py install for marionette-driver: started
16:54:50     INFO -      Running setup.py install for marionette-driver: finished with status 'done'
16:54:50     INFO -    Running setup.py install for marionette-harness: started
16:54:51     INFO -      Running setup.py install for marionette-harness: finished with status 'done'
16:54:51     INFO -    Running setup.py install for firefox-puppeteer: started
16:54:51     INFO -      Running setup.py install for firefox-puppeteer: finished with status 'done'
16:54:52     INFO -  Successfully installed browsermob-proxy-0.6.0 firefox-puppeteer-52.1.0 marionette-driver-2.2.0 marionette-harness-4.0.0 wptserve-1.4.0
16:54:52     INFO - Return code: 0
16:54:52     INFO - Installing None into virtualenv /builds/slave/test/build/venv
16:54:52     INFO - retry: Calling run_command with args: [['/builds/slave/test/build/venv/bin/pip', 'install', '--timeout', '120', '-r', '/builds/slave/test/build/tests/config/marionette_requirements.txt', '--no-index', '--find-links', 'http://pypi.pvt.build.mozilla.org/pub', '--find-links', 'http://pypi.pub.build.mozilla.org/pub', '--trusted-host', 'pypi.pub.build.mozilla.org', '--trusted-host', 'pypi.pvt.build.mozilla.org']], kwargs: {'error_level': 'warning', 'error_list': [{'substr': 'not found or a compiler error:', 'level': 'warning'}, {'regex': <_sre.SRE_Pattern object at 0x7fd2dce03110>, 'level': 'error'}, {'regex': <_sre.SRE_Pattern object at 0x7fd2dcf0be40>, 'level': 'warning'}, {'regex': <_sre.SRE_Pattern object at 0x21bd3e0>, 'level': 'debug'}, {'substr': 'command not found', 'level': 'error'}, {'regex': <_sre.SRE_Pattern object at 0x21b9a90>, 'level': 'warning'}, {'substr': 'Traceback (most recent call last)', 'level': 'error'}, {'substr': 'SyntaxError: ', 'level': 'error'}, {'substr': 'TypeError: ', 'level': 'error'}, {'substr': 'NameError: ', 'level': 'error'}, {'substr': 'ZeroDivisionError: ', 'level': 'error'}, {'regex': <_sre.SRE_Pattern object at 0x21bb3f0>, 'level': 'critical'}, {'regex': <_sre.SRE_Pattern object at 0x21bb670>, 'level': 'critical'}], 'cwd': '/builds/slave/test/build/tests/config', 'env': {'TMOUT': '86400', 'LOGNAME': 'cltbld', 'USER': 'cltbld', 'HOME': '/home/cltbld', 'PATH': '/usr/local/bin:/usr/local/bin:/usr/bin:/bin:/usr/local/games:/usr/games', 'DISPLAY': ':0', 'CCACHE_UMASK': '002', 'LANG': 'en_US.UTF-8', 'TERM': 'linux', 'SHELL': '/bin/bash', 'MOZ_NODE_PATH': '/usr/bin/node', 'XDG_SESSION_COOKIE': '9ca12473fbb1d023794ffd180000023c-1528501936.334972-1912821810', 'SHLVL': '1', 'NO_FAIL_ON_TEST_ERRORS': '1', 'MOZ_NO_REMOTE': '1', 'MOZ_HIDE_RESULTS_TABLE': '1', 'MAIL': '/var/mail/cltbld', '_': '/tools/buildbot/bin/python', 'NODE_PATH': '/usr/lib/nodejs:/usr/lib/node_modules:/usr/share/javascript', 'PWD': '/builds/slave/test', 'PROPERTIES_FILE': '/builds/slave/test/buildprops.json', 'CCACHE_DIR': '/builds/ccache'}}, attempt #1
16:54:52     INFO - Running command: ['/builds/slave/test/build/venv/bin/pip', 'install', '--timeout', '120', '-r', '/builds/slave/test/build/tests/config/marionette_requirements.txt', '--no-index', '--find-links', 'http://pypi.pvt.build.mozilla.org/pub', '--find-links', 'http://pypi.pub.build.mozilla.org/pub', '--trusted-host', 'pypi.pub.build.mozilla.org', '--trusted-host', 'pypi.pvt.build.mozilla.org'] in /builds/slave/test/build/tests/config
16:54:52     INFO - Copy/paste: /builds/slave/test/build/venv/bin/pip install --timeout 120 -r /builds/slave/test/build/tests/config/marionette_requirements.txt --no-index --find-links http://pypi.pvt.build.mozilla.org/pub --find-links http://pypi.pub.build.mozilla.org/pub --trusted-host pypi.pub.build.mozilla.org --trusted-host pypi.pvt.build.mozilla.org
16:54:52     INFO - Using env: {'CCACHE_DIR': '/builds/ccache',
16:54:52     INFO -  'CCACHE_UMASK': '002',
16:54:52     INFO -  'DISPLAY': ':0',
16:54:52     INFO -  'HOME': '/home/cltbld',
16:54:52     INFO -  'LANG': 'en_US.UTF-8',
16:54:52     INFO -  'LOGNAME': 'cltbld',
16:54:52     INFO -  'MAIL': '/var/mail/cltbld',
16:54:52     INFO -  'MOZ_HIDE_RESULTS_TABLE': '1',
16:54:52     INFO -  'MOZ_NODE_PATH': '/usr/bin/node',
16:54:52     INFO -  'MOZ_NO_REMOTE': '1',
16:54:52     INFO -  'NODE_PATH': '/usr/lib/nodejs:/usr/lib/node_modules:/usr/share/javascript',
16:54:52     INFO -  'NO_FAIL_ON_TEST_ERRORS': '1',
16:54:52     INFO -  'PATH': '/usr/local/bin:/usr/local/bin:/usr/bin:/bin:/usr/local/games:/usr/games',
16:54:52     INFO -  'PROPERTIES_FILE': '/builds/slave/test/buildprops.json',
16:54:52     INFO -  'PWD': '/builds/slave/test',
16:54:52     INFO -  'SHELL': '/bin/bash',
16:54:52     INFO -  'SHLVL': '1',
16:54:52     INFO -  'TERM': 'linux',
16:54:52     INFO -  'TMOUT': '86400',
16:54:52     INFO -  'USER': 'cltbld',
16:54:52     INFO -  'XDG_SESSION_COOKIE': '9ca12473fbb1d023794ffd180000023c-1528501936.334972-1912821810',
16:54:52     INFO -  '_': '/tools/buildbot/bin/python'}
16:54:53     INFO -  Ignoring indexes: https://pypi.python.org/simple
16:54:53     INFO -  Processing /builds/slave/test/build/tests/mozbase/manifestparser
16:54:53     INFO -    Requirement already satisfied (use --upgrade to upgrade): manifestparser==1.1 from file:///builds/slave/test/build/tests/mozbase/manifestparser in /builds/slave/test/build/venv/lib/python2.7/site-packages (from -r /builds/slave/test/build/tests/config/mozbase_requirements.txt (line 1))
16:54:53     INFO -  Processing /builds/slave/test/build/tests/mozbase/mozcrash
16:54:54     INFO -    Requirement already satisfied (use --upgrade to upgrade): mozcrash==1.0 from file:///builds/slave/test/build/tests/mozbase/mozcrash in /builds/slave/test/build/venv/lib/python2.7/site-packages (from -r /builds/slave/test/build/tests/config/mozbase_requirements.txt (line 2))
16:54:54     INFO -  Processing /builds/slave/test/build/tests/mozbase/mozdebug
16:54:54     INFO -    Requirement already satisfied (use --upgrade to upgrade): mozdebug==0.1 from file:///builds/slave/test/build/tests/mozbase/mozdebug in /builds/slave/test/build/venv/lib/python2.7/site-packages (from -r /builds/slave/test/build/tests/config/mozbase_requirements.txt (line 3))
16:54:54     INFO -  Processing /builds/slave/test/build/tests/mozbase/mozdevice
16:54:54     INFO -    Requirement already satisfied (use --upgrade to upgrade): mozdevice==0.48 from file:///builds/slave/test/build/tests/mozbase/mozdevice in /builds/slave/test/build/venv/lib/python2.7/site-packages (from -r /builds/slave/test/build/tests/config/mozbase_requirements.txt (line 4))
16:54:54     INFO -  Processing /builds/slave/test/build/tests/mozbase/mozfile
16:54:55     INFO -    Requirement already satisfied (use --upgrade to upgrade): mozfile==1.2 from file:///builds/slave/test/build/tests/mozbase/mozfile in /builds/slave/test/build/venv/lib/python2.7/site-packages (from -r /builds/slave/test/build/tests/config/mozbase_requirements.txt (line 5))
16:54:55     INFO -  Processing /builds/slave/test/build/tests/mozbase/mozhttpd
16:54:55     INFO -    Requirement already satisfied (use --upgrade to upgrade): mozhttpd==0.7 from file:///builds/slave/test/build/tests/mozbase/mozhttpd in /builds/slave/test/build/venv/lib/python2.7/site-packages (from -r /builds/slave/test/build/tests/config/mozbase_requirements.txt (line 6))
16:54:55     INFO -  Processing /builds/slave/test/build/tests/mozbase/mozinfo
16:54:55     INFO -    Requirement already satisfied (use --upgrade to upgrade): mozinfo==0.9 from file:///builds/slave/test/build/tests/mozbase/mozinfo in /builds/slave/test/build/venv/lib/python2.7/site-packages (from -r /builds/slave/test/build/tests/config/mozbase_requirements.txt (line 7))
16:54:55     INFO -  Processing /builds/slave/test/build/tests/mozbase/mozinstall
16:54:56     INFO -    Requirement already satisfied (use --upgrade to upgrade): mozInstall==1.12 from file:///builds/slave/test/build/tests/mozbase/mozinstall in /builds/slave/test/build/venv/lib/python2.7/site-packages (from -r /builds/slave/test/build/tests/config/mozbase_requirements.txt (line 8))
16:54:56     INFO -  Processing /builds/slave/test/build/tests/mozbase/mozleak
16:54:56     INFO -    Requirement already satisfied (use --upgrade to upgrade): mozleak==0.1 from file:///builds/slave/test/build/tests/mozbase/mozleak in /builds/slave/test/build/venv/lib/python2.7/site-packages (from -r /builds/slave/test/build/tests/config/mozbase_requirements.txt (line 9))
16:54:56     INFO -  Processing /builds/slave/test/build/tests/mozbase/mozlog
16:54:57     INFO -    Requirement already satisfied (use --upgrade to upgrade): mozlog==3.4 from file:///builds/slave/test/build/tests/mozbase/mozlog in /builds/slave/test/build/venv/lib/python2.7/site-packages (from -r /builds/slave/test/build/tests/config/mozbase_requirements.txt (line 10))
16:54:57     INFO -  Processing /builds/slave/test/build/tests/mozbase/moznetwork
16:54:57     INFO -    Requirement already satisfied (use --upgrade to upgrade): moznetwork==0.27 from file:///builds/slave/test/build/tests/mozbase/moznetwork in /builds/slave/test/build/venv/lib/python2.7/site-packages (from -r /builds/slave/test/build/tests/config/mozbase_requirements.txt (line 11))
16:54:57     INFO -  Processing /builds/slave/test/build/tests/mozbase/mozprocess
16:54:57     INFO -    Requirement already satisfied (use --upgrade to upgrade): mozprocess==0.23 from file:///builds/slave/test/build/tests/mozbase/mozprocess in /builds/slave/test/build/venv/lib/python2.7/site-packages (from -r /builds/slave/test/build/tests/config/mozbase_requirements.txt (line 12))
16:54:57     INFO -  Processing /builds/slave/test/build/tests/mozbase/mozprofile
16:54:58     INFO -    Requirement already satisfied (use --upgrade to upgrade): mozprofile==0.28 from file:///builds/slave/test/build/tests/mozbase/mozprofile in /builds/slave/test/build/venv/lib/python2.7/site-packages (from -r /builds/slave/test/build/tests/config/mozbase_requirements.txt (line 13))
16:54:58     INFO -  Processing /builds/slave/test/build/tests/mozbase/mozrunner
16:54:58     INFO -    Requirement already satisfied (use --upgrade to upgrade): mozrunner==6.13 from file:///builds/slave/test/build/tests/mozbase/mozrunner in /builds/slave/test/build/venv/lib/python2.7/site-packages (from -r /builds/slave/test/build/tests/config/mozbase_requirements.txt (line 14))
16:54:58     INFO -  Processing /builds/slave/test/build/tests/mozbase/mozscreenshot
16:54:59     INFO -    Requirement already satisfied (use --upgrade to upgrade): mozscreenshot==0.1 from file:///builds/slave/test/build/tests/mozbase/mozscreenshot in /builds/slave/test/build/venv/lib/python2.7/site-packages (from -r /builds/slave/test/build/tests/config/mozbase_requirements.txt (line 15))
16:54:59     INFO -  Processing /builds/slave/test/build/tests/mozbase/moztest
16:54:59     INFO -    Requirement already satisfied (use --upgrade to upgrade): moztest==0.8 from file:///builds/slave/test/build/tests/mozbase/moztest in /builds/slave/test/build/venv/lib/python2.7/site-packages (from -r /builds/slave/test/build/tests/config/mozbase_requirements.txt (line 16))
16:54:59     INFO -  Processing /builds/slave/test/build/tests/mozbase/mozversion
16:54:59     INFO -    Requirement already satisfied (use --upgrade to upgrade): mozversion==1.4 from file:///builds/slave/test/build/tests/mozbase/mozversion in /builds/slave/test/build/venv/lib/python2.7/site-packages (from -r /builds/slave/test/build/tests/config/mozbase_requirements.txt (line 17))
16:54:59     INFO -  Processing /builds/slave/test/build/tests/tools/wptserve
16:55:00     INFO -    Requirement already satisfied (use --upgrade to upgrade): wptserve==1.4.0 from file:///builds/slave/test/build/tests/tools/wptserve in /builds/slave/test/build/venv/lib/python2.7/site-packages (from -r /builds/slave/test/build/tests/config/marionette_requirements.txt (line 3))
16:55:00     INFO -  Processing /builds/slave/test/build/tests/marionette/client
16:55:00     INFO -    Requirement already satisfied (use --upgrade to upgrade): marionette-driver==2.2.0 from file:///builds/slave/test/build/tests/marionette/client in /builds/slave/test/build/venv/lib/python2.7/site-packages (from -r /builds/slave/test/build/tests/config/marionette_requirements.txt (line 4))
16:55:00     INFO -  Processing /builds/slave/test/build/tests/marionette/harness/marionette_harness/runner/mixins/browsermob-proxy-py
16:55:01     INFO -    Requirement already satisfied (use --upgrade to upgrade): browsermob-proxy==0.6.0 from file:///builds/slave/test/build/tests/marionette/harness/marionette_harness/runner/mixins/browsermob-proxy-py in /builds/slave/test/build/venv/lib/python2.7/site-packages (from -r /builds/slave/test/build/tests/config/marionette_requirements.txt (line 5))
16:55:01     INFO -  Processing /builds/slave/test/build/tests/marionette/harness
16:55:01     INFO -    Requirement already satisfied (use --upgrade to upgrade): marionette-harness==4.0.0 from file:///builds/slave/test/build/tests/marionette/harness in /builds/slave/test/build/venv/lib/python2.7/site-packages (from -r /builds/slave/test/build/tests/config/marionette_requirements.txt (line 6))
16:55:01     INFO -  Processing /builds/slave/test/build/tests/marionette/puppeteer/firefox
16:55:02     INFO -    Requirement already satisfied (use --upgrade to upgrade): firefox-puppeteer==52.1.0 from file:///builds/slave/test/build/tests/marionette/puppeteer/firefox in /builds/slave/test/build/venv/lib/python2.7/site-packages (from -r /builds/slave/test/build/tests/config/marionette_requirements.txt (line 9))
16:55:02     INFO -  Requirement already satisfied (use --upgrade to upgrade): mozfile>=1.0 in /builds/slave/test/build/venv/lib/python2.7/site-packages (from mozcrash==1.0->-r /builds/slave/test/build/tests/config/mozbase_requirements.txt (line 2))
16:55:02     INFO -  Requirement already satisfied (use --upgrade to upgrade): mozlog>=3.0 in /builds/slave/test/build/venv/lib/python2.7/site-packages (from mozcrash==1.0->-r /builds/slave/test/build/tests/config/mozbase_requirements.txt (line 2))
16:55:02     INFO -  Requirement already satisfied (use --upgrade to upgrade): mozinfo in /builds/slave/test/build/venv/lib/python2.7/site-packages (from mozdebug==0.1->-r /builds/slave/test/build/tests/config/mozbase_requirements.txt (line 3))
16:55:02     INFO -  Requirement already satisfied (use --upgrade to upgrade): moznetwork>=0.24 in /builds/slave/test/build/venv/lib/python2.7/site-packages (from mozdevice==0.48->-r /builds/slave/test/build/tests/config/mozbase_requirements.txt (line 4))
16:55:02     INFO -  Requirement already satisfied (use --upgrade to upgrade): mozprocess>=0.19 in /builds/slave/test/build/venv/lib/python2.7/site-packages (from mozdevice==0.48->-r /builds/slave/test/build/tests/config/mozbase_requirements.txt (line 4))
16:55:02     INFO -  Requirement already satisfied (use --upgrade to upgrade): blessings>=1.3 in /builds/slave/test/build/venv/lib/python2.7/site-packages (from mozlog==3.4->-r /builds/slave/test/build/tests/config/mozbase_requirements.txt (line 10))
16:55:02     INFO -  Requirement already satisfied (use --upgrade to upgrade): requests>=1.1.0 in /builds/slave/test/build/venv/lib/python2.7/site-packages (from browsermob-proxy==0.6.0->-r /builds/slave/test/build/tests/config/marionette_requirements.txt (line 5))
16:55:02     INFO -  Building wheels for collected packages: browsermob-proxy
16:55:02     INFO -    Running setup.py bdist_wheel for browsermob-proxy: started
16:55:02     INFO -    Running setup.py bdist_wheel for browsermob-proxy: finished with status 'done'
16:55:02     INFO -    Stored in directory: /home/cltbld/.cache/pip/wheels/10/00/c1/79bb793b6a7eb4dca9dfd244010f550ae5044951bcd23c261e
16:55:02     INFO -  Successfully built browsermob-proxy
16:55:02     INFO - Return code: 0
16:55:02     INFO - Installing None into virtualenv /builds/slave/test/build/venv
16:55:03     INFO - retry: Calling run_command with args: [['/builds/slave/test/build/venv/bin/pip', 'install', '--no-deps', '--timeout', '120', '-r', '/builds/slave/test/build/tests/mochitest/websocketprocessbridge/websocketprocessbridge_requirements.txt', '--no-index', '--find-links', 'http://pypi.pvt.build.mozilla.org/pub', '--find-links', 'http://pypi.pub.build.mozilla.org/pub', '--trusted-host', 'pypi.pub.build.mozilla.org', '--trusted-host', 'pypi.pvt.build.mozilla.org']], kwargs: {'error_level': 'warning', 'error_list': [{'substr': 'not found or a compiler error:', 'level': 'warning'}, {'regex': <_sre.SRE_Pattern object at 0x7fd2dce03110>, 'level': 'error'}, {'regex': <_sre.SRE_Pattern object at 0x7fd2dcf0be40>, 'level': 'warning'}, {'regex': <_sre.SRE_Pattern object at 0x21bd3e0>, 'level': 'debug'}, {'substr': 'command not found', 'level': 'error'}, {'regex': <_sre.SRE_Pattern object at 0x21b9a90>, 'level': 'warning'}, {'substr': 'Traceback (most recent call last)', 'level': 'error'}, {'substr': 'SyntaxError: ', 'level': 'error'}, {'substr': 'TypeError: ', 'level': 'error'}, {'substr': 'NameError: ', 'level': 'error'}, {'substr': 'ZeroDivisionError: ', 'level': 'error'}, {'regex': <_sre.SRE_Pattern object at 0x21bb3f0>, 'level': 'critical'}, {'regex': <_sre.SRE_Pattern object at 0x21bb670>, 'level': 'critical'}], 'cwd': '/builds/slave/test/build/tests/mochitest/websocketprocessbridge', 'env': {'TMOUT': '86400', 'LOGNAME': 'cltbld', 'USER': 'cltbld', 'HOME': '/home/cltbld', 'PATH': '/usr/local/bin:/usr/local/bin:/usr/bin:/bin:/usr/local/games:/usr/games', 'DISPLAY': ':0', 'CCACHE_UMASK': '002', 'LANG': 'en_US.UTF-8', 'TERM': 'linux', 'SHELL': '/bin/bash', 'MOZ_NODE_PATH': '/usr/bin/node', 'XDG_SESSION_COOKIE': '9ca12473fbb1d023794ffd180000023c-1528501936.334972-1912821810', 'SHLVL': '1', 'NO_FAIL_ON_TEST_ERRORS': '1', 'MOZ_NO_REMOTE': '1', 'MOZ_HIDE_RESULTS_TABLE': '1', 'MAIL': '/var/mail/cltbld', '_': '/tools/buildbot/bin/python', 'NODE_PATH': '/usr/lib/nodejs:/usr/lib/node_modules:/usr/share/javascript', 'PWD': '/builds/slave/test', 'PROPERTIES_FILE': '/builds/slave/test/buildprops.json', 'CCACHE_DIR': '/builds/ccache'}}, attempt #1
16:55:03     INFO - Running command: ['/builds/slave/test/build/venv/bin/pip', 'install', '--no-deps', '--timeout', '120', '-r', '/builds/slave/test/build/tests/mochitest/websocketprocessbridge/websocketprocessbridge_requirements.txt', '--no-index', '--find-links', 'http://pypi.pvt.build.mozilla.org/pub', '--find-links', 'http://pypi.pub.build.mozilla.org/pub', '--trusted-host', 'pypi.pub.build.mozilla.org', '--trusted-host', 'pypi.pvt.build.mozilla.org'] in /builds/slave/test/build/tests/mochitest/websocketprocessbridge
16:55:03     INFO - Copy/paste: /builds/slave/test/build/venv/bin/pip install --no-deps --timeout 120 -r /builds/slave/test/build/tests/mochitest/websocketprocessbridge/websocketprocessbridge_requirements.txt --no-index --find-links http://pypi.pvt.build.mozilla.org/pub --find-links http://pypi.pub.build.mozilla.org/pub --trusted-host pypi.pub.build.mozilla.org --trusted-host pypi.pvt.build.mozilla.org
16:55:03     INFO - Using env: {'CCACHE_DIR': '/builds/ccache',
16:55:03     INFO -  'CCACHE_UMASK': '002',
16:55:03     INFO -  'DISPLAY': ':0',
16:55:03     INFO -  'HOME': '/home/cltbld',
16:55:03     INFO -  'LANG': 'en_US.UTF-8',
16:55:03     INFO -  'LOGNAME': 'cltbld',
16:55:03     INFO -  'MAIL': '/var/mail/cltbld',
16:55:03     INFO -  'MOZ_HIDE_RESULTS_TABLE': '1',
16:55:03     INFO -  'MOZ_NODE_PATH': '/usr/bin/node',
16:55:03     INFO -  'MOZ_NO_REMOTE': '1',
16:55:03     INFO -  'NODE_PATH': '/usr/lib/nodejs:/usr/lib/node_modules:/usr/share/javascript',
16:55:03     INFO -  'NO_FAIL_ON_TEST_ERRORS': '1',
16:55:03     INFO -  'PATH': '/usr/local/bin:/usr/local/bin:/usr/bin:/bin:/usr/local/games:/usr/games',
16:55:03     INFO -  'PROPERTIES_FILE': '/builds/slave/test/buildprops.json',
16:55:03     INFO -  'PWD': '/builds/slave/test',
16:55:03     INFO -  'SHELL': '/bin/bash',
16:55:03     INFO -  'SHLVL': '1',
16:55:03     INFO -  'TERM': 'linux',
16:55:03     INFO -  'TMOUT': '86400',
16:55:03     INFO -  'USER': 'cltbld',
16:55:03     INFO -  'XDG_SESSION_COOKIE': '9ca12473fbb1d023794ffd180000023c-1528501936.334972-1912821810',
16:55:03     INFO -  '_': '/tools/buildbot/bin/python'}
16:55:03     INFO -  Ignoring indexes: https://pypi.python.org/simple
16:55:03     INFO -  Collecting six==1.10.0 (from -r /builds/slave/test/build/tests/mochitest/websocketprocessbridge/websocketprocessbridge_requirements.txt (line 2))
16:55:04     INFO -  /builds/slave/test/build/venv/lib/python2.7/site-packages/pip/_vendor/requests/packages/urllib3/util/ssl_.py:318: SNIMissingWarning: An HTTPS request has been made, but the SNI (Subject Name Indication) extension to TLS is not available on this platform. This may cause the server to present an incorrect TLS certificate, which can cause validation failures. You can upgrade to a newer version of Python to solve this. For more information, see https://urllib3.readthedocs.org/en/latest/security.html#snimissingwarning.
16:55:04     INFO -    SNIMissingWarning
16:55:04     INFO -  /builds/slave/test/build/venv/lib/python2.7/site-packages/pip/_vendor/requests/packages/urllib3/util/ssl_.py:122: InsecurePlatformWarning: A true SSLContext object is not available. This prevents urllib3 from configuring SSL appropriately and may cause certain SSL connections to fail. You can upgrade to a newer version of Python to solve this. For more information, see https://urllib3.readthedocs.org/en/latest/security.html#insecureplatformwarning.
16:55:04     INFO -    InsecurePlatformWarning
16:55:05     INFO -  /builds/slave/test/build/venv/lib/python2.7/site-packages/pip/_vendor/requests/packages/urllib3/util/ssl_.py:122: InsecurePlatformWarning: A true SSLContext object is not available. This prevents urllib3 from configuring SSL appropriately and may cause certain SSL connections to fail. You can upgrade to a newer version of Python to solve this. For more information, see https://urllib3.readthedocs.org/en/latest/security.html#insecureplatformwarning.
16:55:05     INFO -    InsecurePlatformWarning
16:55:08     INFO -    Downloading https://pypi.pvt.build.mozilla.org/pub/six-1.10.0-py2.py3-none-any.whl
16:55:08     INFO -  Collecting twisted==10.2.0 (from -r /builds/slave/test/build/tests/mochitest/websocketprocessbridge/websocketprocessbridge_requirements.txt (line 4))
16:55:12     INFO -    Downloading https://pypi.pvt.build.mozilla.org/pub/Twisted-10.2.0.tar.gz (1.9MB)
16:55:14     INFO -  Collecting txws==0.9.1 (from -r /builds/slave/test/build/tests/mochitest/websocketprocessbridge/websocketprocessbridge_requirements.txt (line 7))
16:55:18     INFO -    Downloading https://pypi.pvt.build.mozilla.org/pub/txWS-0.9.1.tar.gz
16:55:21     INFO -  Requirement already satisfied (use --upgrade to upgrade): psutil==3.1.1 in /builds/slave/test/build/venv/lib/python2.7/site-packages (from -r /builds/slave/test/build/tests/mochitest/websocketprocessbridge/websocketprocessbridge_requirements.txt (line 9))
16:55:21     INFO -  Collecting ipaddr==2.1.11 (from -r /builds/slave/test/build/tests/mochitest/websocketprocessbridge/websocketprocessbridge_requirements.txt (line 12))
16:55:25     INFO -    Downloading https://pypi.pvt.build.mozilla.org/pub/ipaddr-2.1.11.tar.gz
16:55:25     INFO -  Collecting passlib==1.6.5 (from -r /builds/slave/test/build/tests/mochitest/websocketprocessbridge/websocketprocessbridge_requirements.txt (line 13))
16:55:30     INFO -    Downloading https://pypi.pvt.build.mozilla.org/pub/passlib-1.6.5-py2.py3-none-any.whl (317kB)
16:55:30     INFO -  Building wheels for collected packages: twisted, txws, ipaddr
16:55:30     INFO -    Running setup.py bdist_wheel for twisted: started
16:55:33     INFO -    Running setup.py bdist_wheel for twisted: finished with status 'done'
16:55:33     INFO -    Stored in directory: /home/cltbld/.cache/pip/wheels/2a/06/64/df4bef56496f61aee018cad118db54f7a03015723d10662b26
16:55:33     INFO -    Running setup.py bdist_wheel for txws: started
16:55:34     INFO -    Running setup.py bdist_wheel for txws: finished with status 'done'
16:55:34     INFO -    Stored in directory: /home/cltbld/.cache/pip/wheels/51/f5/78/51b5dd281cb5c86337c41faadc891bd5089a07842da35b9248
16:55:34     INFO -    Running setup.py bdist_wheel for ipaddr: started
16:55:34     INFO -    Running setup.py bdist_wheel for ipaddr: finished with status 'done'
16:55:34     INFO -    Stored in directory: /home/cltbld/.cache/pip/wheels/6a/e7/d2/68af1df9a4dd7fd032c9375a12bd438c6fa81ee69d5e07993f
16:55:34     INFO -  Successfully built twisted txws ipaddr
16:55:34     INFO -  Installing collected packages: six, twisted, txws, ipaddr, passlib
16:55:38     INFO -  Successfully installed ipaddr-2.1.11 passlib-1.6.5 six-1.10.0 twisted-10.2.0 txws-0.9.1
16:55:38     INFO - Return code: 0
16:55:38     INFO - Installing None into virtualenv /builds/slave/test/build/venv
16:55:38     INFO - retry: Calling run_command with args: [['/builds/slave/test/build/venv/bin/pip', 'install', '--timeout', '120', '-r', '/builds/slave/test/build/tests/mochitest/websocketprocessbridge/websocketprocessbridge_requirements.txt', '--no-index', '--find-links', 'http://pypi.pvt.build.mozilla.org/pub', '--find-links', 'http://pypi.pub.build.mozilla.org/pub', '--trusted-host', 'pypi.pub.build.mozilla.org', '--trusted-host', 'pypi.pvt.build.mozilla.org']], kwargs: {'error_level': 'warning', 'error_list': [{'substr': 'not found or a compiler error:', 'level': 'warning'}, {'regex': <_sre.SRE_Pattern object at 0x7fd2dce03110>, 'level': 'error'}, {'regex': <_sre.SRE_Pattern object at 0x7fd2dcf0be40>, 'level': 'warning'}, {'regex': <_sre.SRE_Pattern object at 0x21bd3e0>, 'level': 'debug'}, {'substr': 'command not found', 'level': 'error'}, {'regex': <_sre.SRE_Pattern object at 0x21b9a90>, 'level': 'warning'}, {'substr': 'Traceback (most recent call last)', 'level': 'error'}, {'substr': 'SyntaxError: ', 'level': 'error'}, {'substr': 'TypeError: ', 'level': 'error'}, {'substr': 'NameError: ', 'level': 'error'}, {'substr': 'ZeroDivisionError: ', 'level': 'error'}, {'regex': <_sre.SRE_Pattern object at 0x21bb3f0>, 'level': 'critical'}, {'regex': <_sre.SRE_Pattern object at 0x21bb670>, 'level': 'critical'}], 'cwd': '/builds/slave/test/build/tests/mochitest/websocketprocessbridge', 'env': {'TMOUT': '86400', 'LOGNAME': 'cltbld', 'USER': 'cltbld', 'HOME': '/home/cltbld', 'PATH': '/usr/local/bin:/usr/local/bin:/usr/bin:/bin:/usr/local/games:/usr/games', 'DISPLAY': ':0', 'CCACHE_UMASK': '002', 'LANG': 'en_US.UTF-8', 'TERM': 'linux', 'SHELL': '/bin/bash', 'MOZ_NODE_PATH': '/usr/bin/node', 'XDG_SESSION_COOKIE': '9ca12473fbb1d023794ffd180000023c-1528501936.334972-1912821810', 'SHLVL': '1', 'NO_FAIL_ON_TEST_ERRORS': '1', 'MOZ_NO_REMOTE': '1', 'MOZ_HIDE_RESULTS_TABLE': '1', 'MAIL': '/var/mail/cltbld', '_': '/tools/buildbot/bin/python', 'NODE_PATH': '/usr/lib/nodejs:/usr/lib/node_modules:/usr/share/javascript', 'PWD': '/builds/slave/test', 'PROPERTIES_FILE': '/builds/slave/test/buildprops.json', 'CCACHE_DIR': '/builds/ccache'}}, attempt #1
16:55:38     INFO - Running command: ['/builds/slave/test/build/venv/bin/pip', 'install', '--timeout', '120', '-r', '/builds/slave/test/build/tests/mochitest/websocketprocessbridge/websocketprocessbridge_requirements.txt', '--no-index', '--find-links', 'http://pypi.pvt.build.mozilla.org/pub', '--find-links', 'http://pypi.pub.build.mozilla.org/pub', '--trusted-host', 'pypi.pub.build.mozilla.org', '--trusted-host', 'pypi.pvt.build.mozilla.org'] in /builds/slave/test/build/tests/mochitest/websocketprocessbridge
16:55:38     INFO - Copy/paste: /builds/slave/test/build/venv/bin/pip install --timeout 120 -r /builds/slave/test/build/tests/mochitest/websocketprocessbridge/websocketprocessbridge_requirements.txt --no-index --find-links http://pypi.pvt.build.mozilla.org/pub --find-links http://pypi.pub.build.mozilla.org/pub --trusted-host pypi.pub.build.mozilla.org --trusted-host pypi.pvt.build.mozilla.org
16:55:38     INFO - Using env: {'CCACHE_DIR': '/builds/ccache',
16:55:38     INFO -  'CCACHE_UMASK': '002',
16:55:38     INFO -  'DISPLAY': ':0',
16:55:38     INFO -  'HOME': '/home/cltbld',
16:55:38     INFO -  'LANG': 'en_US.UTF-8',
16:55:38     INFO -  'LOGNAME': 'cltbld',
16:55:38     INFO -  'MAIL': '/var/mail/cltbld',
16:55:38     INFO -  'MOZ_HIDE_RESULTS_TABLE': '1',
16:55:38     INFO -  'MOZ_NODE_PATH': '/usr/bin/node',
16:55:38     INFO -  'MOZ_NO_REMOTE': '1',
16:55:38     INFO -  'NODE_PATH': '/usr/lib/nodejs:/usr/lib/node_modules:/usr/share/javascript',
16:55:38     INFO -  'NO_FAIL_ON_TEST_ERRORS': '1',
16:55:38     INFO -  'PATH': '/usr/local/bin:/usr/local/bin:/usr/bin:/bin:/usr/local/games:/usr/games',
16:55:38     INFO -  'PROPERTIES_FILE': '/builds/slave/test/buildprops.json',
16:55:38     INFO -  'PWD': '/builds/slave/test',
16:55:38     INFO -  'SHELL': '/bin/bash',
16:55:38     INFO -  'SHLVL': '1',
16:55:38     INFO -  'TERM': 'linux',
16:55:38     INFO -  'TMOUT': '86400',
16:55:38     INFO -  'USER': 'cltbld',
16:55:38     INFO -  'XDG_SESSION_COOKIE': '9ca12473fbb1d023794ffd180000023c-1528501936.334972-1912821810',
16:55:38     INFO -  '_': '/tools/buildbot/bin/python'}
16:55:39     INFO -  Ignoring indexes: https://pypi.python.org/simple
16:55:39     INFO -  Requirement already satisfied (use --upgrade to upgrade): six==1.10.0 in /builds/slave/test/build/venv/lib/python2.7/site-packages (from -r /builds/slave/test/build/tests/mochitest/websocketprocessbridge/websocketprocessbridge_requirements.txt (line 2))
16:55:39     INFO -  Requirement already satisfied (use --upgrade to upgrade): twisted==10.2.0 in /builds/slave/test/build/venv/lib/python2.7/site-packages (from -r /builds/slave/test/build/tests/mochitest/websocketprocessbridge/websocketprocessbridge_requirements.txt (line 4))
16:55:39     INFO -  Requirement already satisfied (use --upgrade to upgrade): txws==0.9.1 in /builds/slave/test/build/venv/lib/python2.7/site-packages (from -r /builds/slave/test/build/tests/mochitest/websocketprocessbridge/websocketprocessbridge_requirements.txt (line 7))
16:55:39     INFO -  Requirement already satisfied (use --upgrade to upgrade): psutil==3.1.1 in /builds/slave/test/build/venv/lib/python2.7/site-packages (from -r /builds/slave/test/build/tests/mochitest/websocketprocessbridge/websocketprocessbridge_requirements.txt (line 9))
16:55:39     INFO -  Requirement already satisfied (use --upgrade to upgrade): ipaddr==2.1.11 in /builds/slave/test/build/venv/lib/python2.7/site-packages (from -r /builds/slave/test/build/tests/mochitest/websocketprocessbridge/websocketprocessbridge_requirements.txt (line 12))
16:55:39     INFO -  Requirement already satisfied (use --upgrade to upgrade): passlib==1.6.5 in /builds/slave/test/build/venv/lib/python2.7/site-packages (from -r /builds/slave/test/build/tests/mochitest/websocketprocessbridge/websocketprocessbridge_requirements.txt (line 13))
16:55:39     INFO -  Collecting zope.interface (from twisted==10.2.0->-r /builds/slave/test/build/tests/mochitest/websocketprocessbridge/websocketprocessbridge_requirements.txt (line 4))
16:55:39     INFO -  /builds/slave/test/build/venv/lib/python2.7/site-packages/pip/_vendor/requests/packages/urllib3/util/ssl_.py:318: SNIMissingWarning: An HTTPS request has been made, but the SNI (Subject Name Indication) extension to TLS is not available on this platform. This may cause the server to present an incorrect TLS certificate, which can cause validation failures. You can upgrade to a newer version of Python to solve this. For more information, see https://urllib3.readthedocs.org/en/latest/security.html#snimissingwarning.
16:55:39     INFO -    SNIMissingWarning
16:55:39     INFO -  /builds/slave/test/build/venv/lib/python2.7/site-packages/pip/_vendor/requests/packages/urllib3/util/ssl_.py:122: InsecurePlatformWarning: A true SSLContext object is not available. This prevents urllib3 from configuring SSL appropriately and may cause certain SSL connections to fail. You can upgrade to a newer version of Python to solve this. For more information, see https://urllib3.readthedocs.org/en/latest/security.html#insecureplatformwarning.
16:55:39     INFO -    InsecurePlatformWarning
16:55:41     INFO -  /builds/slave/test/build/venv/lib/python2.7/site-packages/pip/_vendor/requests/packages/urllib3/util/ssl_.py:122: InsecurePlatformWarning: A true SSLContext object is not available. This prevents urllib3 from configuring SSL appropriately and may cause certain SSL connections to fail. You can upgrade to a newer version of Python to solve this. For more information, see https://urllib3.readthedocs.org/en/latest/security.html#insecureplatformwarning.
16:55:41     INFO -    InsecurePlatformWarning
16:55:45     INFO -    Downloading https://pypi.pvt.build.mozilla.org/pub/zope.interface-4.0.2.tar.gz (139kB)
16:55:46     INFO -  Requirement already satisfied (use --upgrade to upgrade): setuptools in /builds/slave/test/build/venv/lib/python2.7/site-packages (from zope.interface->twisted==10.2.0->-r /builds/slave/test/build/tests/mochitest/websocketprocessbridge/websocketprocessbridge_requirements.txt (line 4))
16:55:46     INFO -  Building wheels for collected packages: zope.interface
16:55:46     INFO -    Running setup.py bdist_wheel for zope.interface: started
16:55:47     INFO -    Running setup.py bdist_wheel for zope.interface: finished with status 'done'
16:55:47     INFO -    Stored in directory: /home/cltbld/.cache/pip/wheels/54/5c/71/e718400d2babcda41f4d97864183e1268dab308acc88e22470
16:55:47     INFO -  Successfully built zope.interface
16:55:47     INFO -  Installing collected packages: zope.interface
16:55:48     INFO -  Successfully installed zope.interface-4.0.2
16:55:48     INFO - Return code: 0
16:55:48     INFO - Done creating virtualenv /builds/slave/test/build/venv.
16:55:48     INFO - Getting output from command: ['/builds/slave/test/build/venv/bin/pip', 'freeze']
16:55:48     INFO - Copy/paste: /builds/slave/test/build/venv/bin/pip freeze
16:55:49     INFO - Reading from file tmpfile_stdout
16:55:49     INFO - Reading from file tmpfile_stderr
16:55:49     INFO - Current package versions:
16:55:49     INFO -   Twisted == 10.2.0
16:55:49     INFO -   blessings == 1.6
16:55:49     INFO -   blobuploader == 1.2.4
16:55:49     INFO -   browsermob-proxy == 0.6.0
16:55:49     INFO -   docopt == 0.6.1
16:55:49     INFO -   firefox-puppeteer == 52.1.0
16:55:49     INFO -   functools32 == 3.2.3.post2
16:55:49     INFO -   ipaddr == 2.1.11
16:55:49     INFO -   jsonschema == 2.5.1
16:55:49     INFO -   manifestparser == 1.1
16:55:49     INFO -   marionette-driver == 2.2.0
16:55:49     INFO -   marionette-harness == 4.0.0
16:55:49     INFO -   mock == 1.0.1
16:55:49     INFO -   mozInstall == 1.12
16:55:49     INFO -   mozcrash == 1.0
16:55:49     INFO -   mozdebug == 0.1
16:55:49     INFO -   mozdevice == 0.48
16:55:49     INFO -   mozfile == 1.2
16:55:49     INFO -   mozhttpd == 0.7
16:55:49     INFO -   mozinfo == 0.9
16:55:49     INFO -   mozleak == 0.1
16:55:49     INFO -   mozlog == 3.4
16:55:49     INFO -   moznetwork == 0.27
16:55:49     INFO -   mozprocess == 0.23
16:55:49     INFO -   mozprofile == 0.28
16:55:49     INFO -   mozrunner == 6.13
16:55:49     INFO -   mozscreenshot == 0.1
16:55:49     INFO -   mozsystemmonitor == 0.3
16:55:49     INFO -   moztest == 0.8
16:55:49     INFO -   mozversion == 1.4
16:55:49     INFO -   passlib == 1.6.5
16:55:49     INFO -   psutil == 3.1.1
16:55:49     INFO -   requests == 1.2.3
16:55:49     INFO -   simplejson == 3.3.0
16:55:49     INFO -   six == 1.10.0
16:55:49     INFO -   txWS == 0.9.1
16:55:49     INFO -   wptserve == 1.4.0
16:55:49     INFO -   zope.interface == 4.0.2
16:55:49     INFO - Running post-action listener: _resource_record_post_action
16:55:49     INFO - Running post-action listener: _start_resource_monitoring
16:55:49     INFO - Starting resource monitoring.
16:55:49     INFO - [mozharness: 2018-06-08 23:55:49.745415Z] Finished create-virtualenv step (success)
16:55:49     INFO - [mozharness: 2018-06-08 23:55:49.752113Z] Running install step.
16:55:49     INFO - Running pre-action listener: _resource_record_pre_action
16:55:49     INFO - Running main action method: install
16:55:49     INFO - Getting output from command: ['/builds/slave/test/build/venv/bin/pip', 'freeze']
16:55:49     INFO - Copy/paste: /builds/slave/test/build/venv/bin/pip freeze
16:55:50     INFO - Reading from file tmpfile_stdout
16:55:50     INFO - Reading from file tmpfile_stderr
16:55:50     INFO - Detecting whether we're running mozinstall >=1.0...
16:55:50     INFO - Getting output from command: ['/builds/slave/test/build/venv/bin/mozinstall', '-h']
16:55:50     INFO - Copy/paste: /builds/slave/test/build/venv/bin/mozinstall -h
16:55:50     INFO - Reading from file tmpfile_stdout
16:55:50     INFO - Output received:
16:55:50     INFO -  Usage: mozinstall [options] installer
16:55:50     INFO -  Options:
16:55:50     INFO -    -h, --help            show this help message and exit
16:55:50     INFO -    -d DEST, --destination=DEST
16:55:50     INFO -                          Directory to install application into. [default:
16:55:50     INFO -                          "/builds/slave/test"]
16:55:50     INFO -    --app=APP             Application being installed. [default: firefox]
16:55:50     INFO - mkdir: /builds/slave/test/build/application
16:55:50     INFO - Getting output from command: ['/builds/slave/test/build/venv/bin/mozinstall', '/builds/slave/test/build/installer.tar.bz2', '--destination', '/builds/slave/test/build/application']
16:55:50     INFO - Copy/paste: /builds/slave/test/build/venv/bin/mozinstall /builds/slave/test/build/installer.tar.bz2 --destination /builds/slave/test/build/application
16:56:13     INFO - Reading from file tmpfile_stdout
16:56:13     INFO - Output received:
16:56:13     INFO -  /builds/slave/test/build/application/firefox/firefox
16:56:13     INFO - Running post-action listener: _resource_record_post_action
16:56:13     INFO - [mozharness: 2018-06-08 23:56:13.579509Z] Finished install step (success)
16:56:13     INFO - [mozharness: 2018-06-08 23:56:13.580011Z] Running stage-files step.
16:56:13     INFO - Running pre-action listener: _resource_record_pre_action
16:56:13     INFO - Running main action method: stage_files
16:56:13     INFO - Running post-action listener: _resource_record_post_action
16:56:13     INFO - [mozharness: 2018-06-08 23:56:13.581829Z] Finished stage-files step (success)
16:56:13     INFO - [mozharness: 2018-06-08 23:56:13.582222Z] Running run-tests step.
16:56:13     INFO - Running pre-action listener: _resource_record_pre_action
16:56:13     INFO - Running pre-action listener: _set_gcov_prefix
16:56:13     INFO - Running main action method: run_tests
16:56:13     INFO - Running pre test command disable_screen_saver with 'xset s off s reset'
16:56:13     INFO - Running command: ['xset', 's', 'off', 's', 'reset'] in /builds/slave/test/build
16:56:13     INFO - Copy/paste: xset s off s reset
16:56:13     INFO - Return code: 0
16:56:13     INFO - #### Running mochitest suites
16:56:13     INFO - Structured output parser in use for mochitest.
16:56:13     INFO - grabbing minidump binary from tooltool
16:56:13     INFO - retry: Calling run_command with args: (['/tools/tooltool.py', '--url', 'https://api.pub.build.mozilla.org/tooltool/', '--authentication-file', '/builds/relengapi.tok', 'fetch', '-m', '/builds/slave/test/build/tests/config/tooltool-manifests/linux64/releng.manifest', '-o', '-c', '/builds/tooltool_cache'],), kwargs: {'output_timeout': 600, 'error_list': [{'substr': 'command not found', 'level': 'error'}, {'regex': <_sre.SRE_Pattern object at 0x21b9a90>, 'level': 'warning'}, {'substr': 'Traceback (most recent call last)', 'level': 'error'}, {'substr': 'SyntaxError: ', 'level': 'error'}, {'substr': 'TypeError: ', 'level': 'error'}, {'substr': 'NameError: ', 'level': 'error'}, {'substr': 'ZeroDivisionError: ', 'level': 'error'}, {'regex': <_sre.SRE_Pattern object at 0x21bb3f0>, 'level': 'critical'}, {'regex': <_sre.SRE_Pattern object at 0x21bb670>, 'level': 'critical'}, {'substr': 'ERROR - ', 'level': 'error'}], 'cwd': '/builds/slave/test/build', 'privileged': False}, attempt #1
16:56:13     INFO - Running command: ['/tools/tooltool.py', '--url', 'https://api.pub.build.mozilla.org/tooltool/', '--authentication-file', '/builds/relengapi.tok', 'fetch', '-m', '/builds/slave/test/build/tests/config/tooltool-manifests/linux64/releng.manifest', '-o', '-c', '/builds/tooltool_cache'] in /builds/slave/test/build
16:56:13     INFO - Copy/paste: /tools/tooltool.py --url https://api.pub.build.mozilla.org/tooltool/ --authentication-file /builds/relengapi.tok fetch -m /builds/slave/test/build/tests/config/tooltool-manifests/linux64/releng.manifest -o -c /builds/tooltool_cache
16:56:13     INFO - Calling ['/tools/tooltool.py', '--url', 'https://api.pub.build.mozilla.org/tooltool/', '--authentication-file', '/builds/relengapi.tok', 'fetch', '-m', '/builds/slave/test/build/tests/config/tooltool-manifests/linux64/releng.manifest', '-o', '-c', '/builds/tooltool_cache'] with output_timeout 600
16:56:13     INFO -  INFO - File linux64-minidump_stackwalk not present in local cache folder /builds/tooltool_cache
16:56:13     INFO -  INFO - Attempting to fetch from 'https://api.pub.build.mozilla.org/tooltool/'...
16:56:16     INFO -  INFO - File linux64-minidump_stackwalk fetched from https://api.pub.build.mozilla.org/tooltool/ as /builds/slave/test/build/tmpWKIQft
16:56:16     INFO -  INFO - File integrity verified, renaming tmpWKIQft to linux64-minidump_stackwalk
16:56:16     INFO -  INFO - Updating local cache /builds/tooltool_cache...
16:56:16     INFO -  INFO - Local cache /builds/tooltool_cache updated with linux64-minidump_stackwalk
16:56:16     INFO - Return code: 0
16:56:16     INFO - Chmoding /builds/slave/test/build/linux64-minidump_stackwalk to 0755
16:56:16     INFO - grabbing nodejs binary from tooltool
16:56:16     INFO - retry: Calling run_command with args: (['/tools/tooltool.py', '--url', 'https://api.pub.build.mozilla.org/tooltool/', '--authentication-file', '/builds/relengapi.tok', 'fetch', '-m', '/builds/slave/test/build/tests/config/tooltool-manifests/linux64/nodejs.manifest', '-o', '-c', '/builds/tooltool_cache'],), kwargs: {'output_timeout': 600, 'error_list': [{'substr': 'command not found', 'level': 'error'}, {'regex': <_sre.SRE_Pattern object at 0x21b9a90>, 'level': 'warning'}, {'substr': 'Traceback (most recent call last)', 'level': 'error'}, {'substr': 'SyntaxError: ', 'level': 'error'}, {'substr': 'TypeError: ', 'level': 'error'}, {'substr': 'NameError: ', 'level': 'error'}, {'substr': 'ZeroDivisionError: ', 'level': 'error'}, {'regex': <_sre.SRE_Pattern object at 0x21bb3f0>, 'level': 'critical'}, {'regex': <_sre.SRE_Pattern object at 0x21bb670>, 'level': 'critical'}, {'substr': 'ERROR - ', 'level': 'error'}], 'cwd': '/builds/slave/test/build', 'privileged': False}, attempt #1
16:56:16     INFO - Running command: ['/tools/tooltool.py', '--url', 'https://api.pub.build.mozilla.org/tooltool/', '--authentication-file', '/builds/relengapi.tok', 'fetch', '-m', '/builds/slave/test/build/tests/config/tooltool-manifests/linux64/nodejs.manifest', '-o', '-c', '/builds/tooltool_cache'] in /builds/slave/test/build
16:56:16     INFO - Copy/paste: /tools/tooltool.py --url https://api.pub.build.mozilla.org/tooltool/ --authentication-file /builds/relengapi.tok fetch -m /builds/slave/test/build/tests/config/tooltool-manifests/linux64/nodejs.manifest -o -c /builds/tooltool_cache
16:56:16     INFO - Calling ['/tools/tooltool.py', '--url', 'https://api.pub.build.mozilla.org/tooltool/', '--authentication-file', '/builds/relengapi.tok', 'fetch', '-m', '/builds/slave/test/build/tests/config/tooltool-manifests/linux64/nodejs.manifest', '-o', '-c', '/builds/tooltool_cache'] with output_timeout 600
16:56:16     INFO -  INFO - File node-linux-x64.tar.gz not present in local cache folder /builds/tooltool_cache
16:56:16     INFO -  INFO - Attempting to fetch from 'https://api.pub.build.mozilla.org/tooltool/'...
16:56:17     INFO -  INFO - File node-linux-x64.tar.gz fetched from https://api.pub.build.mozilla.org/tooltool/ as /builds/slave/test/build/tmpVllhEu
16:56:17     INFO -  INFO - File integrity verified, renaming tmpVllhEu to node-linux-x64.tar.gz
16:56:17     INFO -  INFO - Updating local cache /builds/tooltool_cache...
16:56:17     INFO -  INFO - Local cache /builds/tooltool_cache updated with node-linux-x64.tar.gz
16:56:17     INFO -  INFO - untarring "node-linux-x64.tar.gz"
16:56:19     INFO - Return code: 0
16:56:19     INFO - Chmoding /builds/slave/test/build/node-linux-x64/bin/node to 0755
16:56:19     INFO - mkdir: /builds/slave/test/build/blobber_upload_dir
16:56:19     INFO - ENV: MOZ_UPLOAD_DIR is now /builds/slave/test/build/blobber_upload_dir
16:56:19     INFO - ENV: MINIDUMP_STACKWALK is now /builds/slave/test/build/linux64-minidump_stackwalk
16:56:19     INFO - ENV: MOZ_NODE_PATH is now /builds/slave/test/build/node-linux-x64/bin/node
16:56:19     INFO - ENV: MINIDUMP_SAVE_PATH is now /builds/slave/test/build/blobber_upload_dir
16:56:19     INFO - Running command: ['/builds/slave/test/build/venv/bin/python', '-u', '/builds/slave/test/build/tests/mochitest/runtests.py', '--total-chunks', '7', '--this-chunk', '4', '--appname=/builds/slave/test/build/application/firefox/firefox', '--utility-path=tests/bin', '--extra-profile-file=tests/bin/plugins', '--symbols-path=https://queue.taskcluster.net/v1/task/I1iAdq48Sa60c5BCPWswkg/artifacts/public/build/firefox-52.8.2.en-US.linux-x86_64.crashreporter-symbols.zip', '--certificate-path=tests/certs', '--setpref=webgl.force-enabled=true', '--quiet', '--log-raw=/builds/slave/test/build/blobber_upload_dir/browser-chrome-chunked_raw.log', '--log-errorsummary=/builds/slave/test/build/blobber_upload_dir/browser-chrome-chunked_errorsummary.log', '--use-test-media-devices', '--screenshot-on-fail', '--cleanup-crashes', '--marionette-startup-timeout=180', '--log-raw=-', '--flavor=browser', '--chunk-by-runtime'] in /builds/slave/test/build
16:56:19     INFO - Copy/paste: /builds/slave/test/build/venv/bin/python -u /builds/slave/test/build/tests/mochitest/runtests.py --total-chunks 7 --this-chunk 4 --appname=/builds/slave/test/build/application/firefox/firefox --utility-path=tests/bin --extra-profile-file=tests/bin/plugins --symbols-path=https://queue.taskcluster.net/v1/task/I1iAdq48Sa60c5BCPWswkg/artifacts/public/build/firefox-52.8.2.en-US.linux-x86_64.crashreporter-symbols.zip --certificate-path=tests/certs --setpref=webgl.force-enabled=true --quiet --log-raw=/builds/slave/test/build/blobber_upload_dir/browser-chrome-chunked_raw.log --log-errorsummary=/builds/slave/test/build/blobber_upload_dir/browser-chrome-chunked_errorsummary.log --use-test-media-devices --screenshot-on-fail --cleanup-crashes --marionette-startup-timeout=180 --log-raw=- --flavor=browser --chunk-by-runtime
16:56:19     INFO - Using env: {'CCACHE_DIR': '/builds/ccache',
16:56:19     INFO -  'CCACHE_UMASK': '002',
16:56:19     INFO -  'DISPLAY': ':0',
16:56:19     INFO -  'HOME': '/home/cltbld',
16:56:19     INFO -  'LANG': 'en_US.UTF-8',
16:56:19     INFO -  'LOGNAME': 'cltbld',
16:56:19     INFO -  'MAIL': '/var/mail/cltbld',
16:56:19     INFO -  'MINIDUMP_SAVE_PATH': '/builds/slave/test/build/blobber_upload_dir',
16:56:19     INFO -  'MINIDUMP_STACKWALK': '/builds/slave/test/build/linux64-minidump_stackwalk',
16:56:19     INFO -  'MOZ_HIDE_RESULTS_TABLE': '1',
16:56:19     INFO -  'MOZ_NODE_PATH': '/builds/slave/test/build/node-linux-x64/bin/node',
16:56:19     INFO -  'MOZ_NO_REMOTE': '1',
16:56:19     INFO -  'MOZ_UPLOAD_DIR': '/builds/slave/test/build/blobber_upload_dir',
16:56:19     INFO -  'NODE_PATH': '/usr/lib/nodejs:/usr/lib/node_modules:/usr/share/javascript',
16:56:19     INFO -  'NO_FAIL_ON_TEST_ERRORS': '1',
16:56:19     INFO -  'PATH': '/builds/slave/test/build/venv/bin:/usr/local/bin:/usr/local/bin:/usr/bin:/bin:/usr/local/games:/usr/games',
16:56:19     INFO -  'PROPERTIES_FILE': '/builds/slave/test/buildprops.json',
16:56:19     INFO -  'PWD': '/builds/slave/test',
16:56:19     INFO -  'SHELL': '/bin/bash',
16:56:19     INFO -  'SHLVL': '1',
16:56:19     INFO -  'TERM': 'linux',
16:56:19     INFO -  'TMOUT': '86400',
16:56:19     INFO -  'USER': 'cltbld',
16:56:19     INFO -  'XDG_SESSION_COOKIE': '9ca12473fbb1d023794ffd180000023c-1528501936.334972-1912821810',
16:56:19     INFO -  '_': '/tools/buildbot/bin/python'}
16:56:19     INFO - Calling ['/builds/slave/test/build/venv/bin/python', '-u', '/builds/slave/test/build/tests/mochitest/runtests.py', '--total-chunks', '7', '--this-chunk', '4', '--appname=/builds/slave/test/build/application/firefox/firefox', '--utility-path=tests/bin', '--extra-profile-file=tests/bin/plugins', '--symbols-path=https://queue.taskcluster.net/v1/task/I1iAdq48Sa60c5BCPWswkg/artifacts/public/build/firefox-52.8.2.en-US.linux-x86_64.crashreporter-symbols.zip', '--certificate-path=tests/certs', '--setpref=webgl.force-enabled=true', '--quiet', '--log-raw=/builds/slave/test/build/blobber_upload_dir/browser-chrome-chunked_raw.log', '--log-errorsummary=/builds/slave/test/build/blobber_upload_dir/browser-chrome-chunked_errorsummary.log', '--use-test-media-devices', '--screenshot-on-fail', '--cleanup-crashes', '--marionette-startup-timeout=180', '--log-raw=-', '--flavor=browser', '--chunk-by-runtime'] with output_timeout 1000
16:56:20     INFO - Checking for orphan ssltunnel processes...
16:56:20     INFO - Checking for orphan xpcshell processes...
16:56:20     INFO - SUITE-START | Running 155 tests
16:56:20     INFO - TEST-START | browser/components/safebrowsing/content/test/browser_bug415846.js
16:56:20     INFO - TEST-SKIP | browser/components/safebrowsing/content/test/browser_bug415846.js | took 0ms
16:56:20     INFO - TEST-START | browser/components/sessionstore/test/browser_248970_b_perwindowpb.js
16:56:20     INFO - TEST-SKIP | browser/components/sessionstore/test/browser_248970_b_perwindowpb.js | took 0ms
16:56:20     INFO - TEST-START | browser/components/sessionstore/test/browser_394759_basic.js
16:56:20     INFO - TEST-SKIP | browser/components/sessionstore/test/browser_394759_basic.js | took 0ms
16:56:20     INFO - TEST-START | browser/components/sessionstore/test/browser_464620_a.js
16:56:20     INFO - TEST-SKIP | browser/components/sessionstore/test/browser_464620_a.js | took 1ms
16:56:20     INFO - TEST-START | browser/components/sessionstore/test/browser_464620_b.js
16:56:20     INFO - TEST-SKIP | browser/components/sessionstore/test/browser_464620_b.js | took 0ms
16:56:20     INFO - TEST-START | browser/components/sessionstore/test/browser_597071.js
16:56:20     INFO - TEST-SKIP | browser/components/sessionstore/test/browser_597071.js | took 0ms
16:56:20     INFO - TEST-START | browser/components/sessionstore/test/browser_purge_shistory.js
16:56:20     INFO - TEST-SKIP | browser/components/sessionstore/test/browser_purge_shistory.js | took 0ms
16:56:20     INFO - TEST-START | layout/xul/test/browser_bug706743.js
16:56:20     INFO - TEST-SKIP | layout/xul/test/browser_bug706743.js | took 0ms
16:56:20     INFO -  dir: browser/components/safebrowsing/content/test
16:56:24     INFO -  ImportError: No module named pygtk
16:56:24     INFO -  Setting pipeline to PAUSED ...
16:56:24     INFO -  libv4l2: error getting pixformat: Invalid argument
16:56:24     INFO -  Pipeline is PREROLLING ...
16:56:25     INFO -  Pipeline is PREROLLED ...
16:56:25     INFO -  Setting pipeline to PLAYING ...
16:56:25     INFO -  New clock: GstSystemClock
16:56:25     INFO -  Got EOS from element "pipeline0".
16:56:25     INFO -  Execution ended after 32117983 ns.
16:56:25     INFO -  Setting pipeline to PAUSED ...
16:56:25     INFO -  Setting pipeline to READY ...
16:56:25     INFO -  Setting pipeline to NULL ...
16:56:25     INFO -  Freeing pipeline ...
16:56:25     INFO -  23
16:56:25     INFO -  mozprofile.addons WARNING | Could not install /builds/slave/test/build/tests/mochitest/extensions/mozscreenshots: [Errno 2] No such file or directory: '/builds/slave/test/build/tests/mochitest/extensions/mozscreenshots/install.rdf'
16:56:25     INFO -  pk12util: PKCS12 IMPORT SUCCESSFUL
16:56:25     INFO - MochitestServer : launching [u'/builds/slave/test/build/tests/bin/xpcshell', '-g', '/builds/slave/test/build/application/firefox', '-v', '170', '-f', '/builds/slave/test/build/tests/bin/components/httpd.js', '-e', "const _PROFILE_PATH = '/tmp/tmpmA7DCS.mozrunner'; const _SERVER_PORT = '8888'; const _SERVER_ADDR = '127.0.0.1'; const _TEST_PREFIX = undefined; const _DISPLAY_RESULTS = false;", '-f', '/builds/slave/test/build/tests/mochitest/server.js']
16:56:25     INFO - runtests.py | Server pid: 2453
16:56:25     INFO - runtests.py | Websocket server pid: 2456
16:56:25     INFO - runtests.py | SSL tunnel pid: 2459
16:56:26     INFO - runtests.py | Running with e10s: True
16:56:26     INFO - runtests.py | Running tests: start.
16:56:26     INFO - 
16:56:26     INFO - Application command: /builds/slave/test/build/application/firefox/firefox -marionette -foreground -profile /tmp/tmpmA7DCS.mozrunner
16:56:26     INFO - runtests.py | Application pid: 2481
16:56:26     INFO - TEST-INFO | started process Main app process
16:56:29     INFO - 1528502189548	Marionette	INFO	Listening on port 2828
16:56:35     INFO - *** Start BrowserChrome Test Results ***
16:56:35     INFO - checking window state
16:56:35     INFO - TEST-START | browser/components/safebrowsing/content/test/browser_bug400731.js
16:56:37     INFO - MEMORY STAT vsizeMaxContiguous not supported in this build configuration.
16:56:37     INFO - MEMORY STAT | vsize 2004MB | residentFast 241MB | heapAllocated 126MB
16:56:37     INFO - TEST-OK | browser/components/safebrowsing/content/test/browser_bug400731.js | took 1378ms
16:56:37     INFO - checking window state
16:56:37     INFO - TEST-START | browser/components/safebrowsing/content/test/browser_whitelisted.js
16:56:38     INFO - MEMORY STAT | vsize 2016MB | residentFast 247MB | heapAllocated 130MB
16:56:38     INFO - TEST-OK | browser/components/safebrowsing/content/test/browser_whitelisted.js | took 982ms
16:56:38     INFO - checking window state
16:56:40     INFO - Completed ShutdownLeaks collections in process 2535
16:56:42     INFO - Completed ShutdownLeaks collections in process 2481
16:56:42     INFO - TEST-START | Shutdown
16:56:42     INFO - Browser Chrome Test Summary
16:56:42     INFO - Passed:  6
16:56:42     INFO - Failed:  0
16:56:42     INFO - Todo:    0
16:56:42     INFO - Mode:    e10s
16:56:42     INFO - *** End BrowserChrome Test Results ***
16:56:44     INFO - TEST-INFO | Main app process: exit 0
16:56:44     INFO - runtests.py | Application ran for: 0:00:17.647212
16:56:44     INFO - zombiecheck | Reading PID log: /tmp/tmpvDMJJ3pidlog
16:56:44     INFO - ==> process 2481 launched child process 2502
16:56:44     INFO - ==> process 2481 launched child process 2535
16:56:44     INFO - zombiecheck | Checking for orphan process with PID: 2502
16:56:44     INFO - zombiecheck | Checking for orphan process with PID: 2535
16:56:44     INFO - Stopping web server
16:56:44     INFO - Stopping web socket server
16:56:44     INFO - Stopping ssltunnel
16:56:44  WARNING - leakcheck | refcount logging is off, so leaks can't be detected!
16:56:44     INFO - runtests.py | Running tests: end.
16:56:44     INFO - Buffered messages finished
16:56:44     INFO -  dir: browser/components/sessionstore/test
16:56:44     INFO -  Setting pipeline to PAUSED ...
16:56:44     INFO -  Pipeline is PREROLLING ...
16:56:44     INFO -  Pipeline is PREROLLED ...
16:56:44     INFO -  Setting pipeline to PLAYING ...
16:56:44     INFO -  New clock: GstSystemClock
16:56:44     INFO -  Got EOS from element "pipeline0".
16:56:44     INFO -  Execution ended after 32647523 ns.
16:56:44     INFO -  Setting pipeline to PAUSED ...
16:56:44     INFO -  Setting pipeline to READY ...
16:56:44     INFO -  Setting pipeline to NULL ...
16:56:44     INFO -  Freeing pipeline ...
16:56:44     INFO -  mozprofile.addons WARNING | Could not install /builds/slave/test/build/tests/mochitest/extensions/mozscreenshots: [Errno 2] No such file or directory: '/builds/slave/test/build/tests/mochitest/extensions/mozscreenshots/install.rdf'
16:56:44     INFO -  pk12util: PKCS12 IMPORT SUCCESSFUL
16:56:44     INFO - MochitestServer : launching [u'/builds/slave/test/build/tests/bin/xpcshell', '-g', '/builds/slave/test/build/application/firefox', '-v', '170', '-f', '/builds/slave/test/build/tests/bin/components/httpd.js', '-e', "const _PROFILE_PATH = '/tmp/tmpxPAHjq.mozrunner'; const _SERVER_PORT = '8888'; const _SERVER_ADDR = '127.0.0.1'; const _TEST_PREFIX = undefined; const _DISPLAY_RESULTS = false;", '-f', '/builds/slave/test/build/tests/mochitest/server.js']
16:56:44     INFO - runtests.py | Server pid: 2598
16:56:45     INFO - runtests.py | Websocket server pid: 2601
16:56:45     INFO - runtests.py | SSL tunnel pid: 2604
16:56:45     INFO - runtests.py | Running with e10s: True
16:56:45     INFO - runtests.py | Running tests: start.
16:56:45     INFO - 
16:56:45     INFO - Application command: /builds/slave/test/build/application/firefox/firefox -marionette -foreground -profile /tmp/tmpxPAHjq.mozrunner
16:56:45     INFO - runtests.py | Application pid: 2627
16:56:45     INFO - TEST-INFO | started process Main app process
16:56:48     INFO - 1528502208704	Marionette	INFO	Listening on port 2828
16:56:54     INFO - *** Start BrowserChrome Test Results ***
16:56:54     INFO - checking window state
16:56:55     INFO - TEST-START | browser/components/sessionstore/test/browser_1234021.js
16:56:55     INFO - MEMORY STAT vsizeMaxContiguous not supported in this build configuration.
16:56:55     INFO - MEMORY STAT | vsize 2004MB | residentFast 240MB | heapAllocated 126MB
16:56:55     INFO - TEST-OK | browser/components/sessionstore/test/browser_1234021.js | took 844ms
16:56:55     INFO - checking window state
16:56:55     INFO - TEST-START | browser/components/sessionstore/test/browser_339445.js
16:56:57     INFO - MEMORY STAT | vsize 2017MB | residentFast 247MB | heapAllocated 130MB
16:56:57     INFO - TEST-OK | browser/components/sessionstore/test/browser_339445.js | took 1082ms
16:56:57     INFO - checking window state
16:56:57     INFO - TEST-START | browser/components/sessionstore/test/browser_345898.js
16:56:57     INFO - JavaScript error: resource:///modules/sessionstore/SessionStore.jsm, line 2143: NS_ERROR_ILLEGAL_VALUE: Window is not tracked
16:56:57     INFO - JavaScript error: resource:///modules/sessionstore/SessionStore.jsm, line 2148: NS_ERROR_ILLEGAL_VALUE: Window is not tracked
16:56:57     INFO - JavaScript error: resource:///modules/sessionstore/SessionStore.jsm, line 2197: NS_ERROR_ILLEGAL_VALUE: Invalid window object: no gBrowser
16:56:57     INFO - JavaScript error: resource:///modules/sessionstore/SessionStore.jsm, line 2268: NS_ERROR_ILLEGAL_VALUE: Window is not tracked
16:56:57     INFO - JavaScript error: resource:///modules/sessionstore/SessionStore.jsm, line 2277: NS_ERROR_ILLEGAL_VALUE: Window is not tracked
16:56:57     INFO - JavaScript error: resource:///modules/sessionstore/SessionStore.jsm, line 2285: NS_ERROR_ILLEGAL_VALUE: Invalid index: not in the closed tabs
16:56:57     INFO - JavaScript error: resource:///modules/sessionstore/SessionStore.jsm, line 2370: NS_ERROR_ILLEGAL_VALUE: Window is not tracked
16:56:57     INFO - JavaScript error: resource:///modules/sessionstore/SessionStore.jsm, line 2379: NS_ERROR_ILLEGAL_VALUE: Window is not tracked
16:56:57     INFO - MEMORY STAT | vsize 2018MB | residentFast 248MB | heapAllocated 131MB
16:56:57     INFO - TEST-OK | browser/components/sessionstore/test/browser_345898.js | took 152ms
16:56:57     INFO - checking window state
16:56:57     INFO - TEST-START | browser/components/sessionstore/test/browser_350525.js
16:56:58     INFO - MEMORY STAT | vsize 2022MB | residentFast 240MB | heapAllocated 118MB
16:56:58     INFO - TEST-OK | browser/components/sessionstore/test/browser_350525.js | took 1146ms
16:56:58     INFO - checking window state
16:56:58     INFO - TEST-START | browser/components/sessionstore/test/browser_354894_perwindowpb.js
16:57:00     INFO - JavaScript error: resource://app/modules/URLBarZoom.jsm, line 24: TypeError: win is null
16:57:00     INFO - JavaScript error: resource://app/modules/URLBarZoom.jsm, line 24: TypeError: win is null
16:57:02     INFO - JavaScript error: resource://app/modules/URLBarZoom.jsm, line 24: TypeError: win is null
16:57:02     INFO - JavaScript error: resource://app/modules/URLBarZoom.jsm, line 24: TypeError: win is null
16:57:02     INFO - JavaScript error: resource://app/modules/URLBarZoom.jsm, line 24: TypeError: win is null
16:57:04     INFO - JavaScript error: resource://app/modules/URLBarZoom.jsm, line 24: TypeError: win is null
16:57:04     INFO - JavaScript error: resource://app/modules/URLBarZoom.jsm, line 24: TypeError: win is null
16:57:05     INFO - JavaScript error: resource://app/modules/URLBarZoom.jsm, line 24: TypeError: win is null
16:57:07     INFO - JavaScript error: resource://app/modules/URLBarZoom.jsm, line 24: TypeError: win is null
16:57:07     INFO - JavaScript error: resource://app/modules/URLBarZoom.jsm, line 24: TypeError: win is null
16:57:07     INFO - JavaScript error: resource://app/modules/URLBarZoom.jsm, line 24: TypeError: win is null
16:57:16     INFO - JavaScript error: resource://app/modules/URLBarZoom.jsm, line 24: TypeError: win is null
16:57:16     INFO - JavaScript error: resource://app/modules/URLBarZoom.jsm, line 24: TypeError: win is null
16:57:18     INFO - JavaScript error: resource://app/modules/URLBarZoom.jsm, line 24: TypeError: win is null
16:57:19     INFO - JavaScript error: resource://app/modules/URLBarZoom.jsm, line 24: TypeError: win is null
16:57:19     INFO - JavaScript error: resource://app/modules/URLBarZoom.jsm, line 24: TypeError: win is null
16:57:27     INFO - MEMORY STAT | vsize 2159MB | residentFast 353MB | heapAllocated 162MB
16:57:27     INFO - TEST-OK | browser/components/sessionstore/test/browser_354894_perwindowpb.js | took 28896ms
16:57:27     INFO - checking window state
16:57:27     INFO - TEST-START | browser/components/sessionstore/test/browser_367052.js
16:57:28     INFO - MEMORY STAT | vsize 2159MB | residentFast 357MB | heapAllocated 165MB
16:57:28     INFO - TEST-OK | browser/components/sessionstore/test/browser_367052.js | took 542ms
16:57:28     INFO - checking window state
16:57:28     INFO - TEST-START | browser/components/sessionstore/test/browser_393716.js
16:57:29     INFO - MEMORY STAT | vsize 2171MB | residentFast 362MB | heapAllocated 166MB
16:57:29     INFO - TEST-OK | browser/components/sessionstore/test/browser_393716.js | took 1244ms
16:57:29     INFO - checking window state
16:57:29     INFO - TEST-START | browser/components/sessionstore/test/browser_394759_behavior.js
16:57:33     INFO - JavaScript error: resource://app/modules/URLBarZoom.jsm, line 24: TypeError: win is null
16:57:46     INFO - MEMORY STAT | vsize 2201MB | residentFast 391MB | heapAllocated 173MB
16:57:46     INFO - TEST-OK | browser/components/sessionstore/test/browser_394759_behavior.js | took 16970ms
16:57:46     INFO - checking window state
16:57:46     INFO - TEST-START | browser/components/sessionstore/test/browser_394759_perwindowpb.js
16:57:53     INFO - MEMORY STAT | vsize 2208MB | residentFast 406MB | heapAllocated 182MB
16:57:53     INFO - TEST-OK | browser/components/sessionstore/test/browser_394759_perwindowpb.js | took 6228ms
16:57:53     INFO - checking window state
16:57:53     INFO - TEST-START | browser/components/sessionstore/test/browser_394759_purge.js
16:57:53     INFO - Xlib:  extension "RANDR" missing on display ":0".
16:57:54     INFO - MEMORY STAT | vsize 2216MB | residentFast 409MB | heapAllocated 184MB
16:57:54     INFO - TEST-OK | browser/components/sessionstore/test/browser_394759_purge.js | took 1012ms
16:57:54     INFO - checking window state
16:57:54     INFO - TEST-START | browser/components/sessionstore/test/browser_423132.js
16:57:56     INFO - JavaScript error: resource://app/modules/URLBarZoom.jsm, line 24: TypeError: win is null
16:57:56     INFO - MEMORY STAT | vsize 2236MB | residentFast 428MB | heapAllocated 199MB
16:57:56     INFO - TEST-OK | browser/components/sessionstore/test/browser_423132.js | took 1970ms
16:57:56     INFO - checking window state
16:57:56     INFO - TEST-START | browser/components/sessionstore/test/browser_447951.js
16:57:57     INFO - MEMORY STAT | vsize 2236MB | residentFast 419MB | heapAllocated 187MB
16:57:57     INFO - TEST-OK | browser/components/sessionstore/test/browser_447951.js | took 932ms
16:57:57     INFO - checking window state
16:57:57     INFO - TEST-START | browser/components/sessionstore/test/browser_454908.js
16:57:57     INFO - console.warn: LoginHelper: dedupeLogins: Deduping with a scheme preference but couldn't get the preferred origin scheme.
16:57:58     INFO - console.warn: LoginHelper: dedupeLogins: Deduping with a scheme preference but couldn't get the preferred origin scheme.
16:57:58     INFO - MEMORY STAT | vsize 2237MB | residentFast 423MB | heapAllocated 191MB
16:57:58     INFO - TEST-OK | browser/components/sessionstore/test/browser_454908.js | took 1176ms
16:57:58     INFO - checking window state
16:57:59     INFO - TEST-START | browser/components/sessionstore/test/browser_456342.js
16:57:59     INFO - console.warn: LoginHelper: dedupeLogins: Deduping with a scheme preference but couldn't get the preferred origin scheme.
16:57:59     INFO - MEMORY STAT | vsize 2238MB | residentFast 419MB | heapAllocated 185MB
16:57:59     INFO - TEST-OK | browser/components/sessionstore/test/browser_456342.js | took 638ms
16:57:59     INFO - checking window state
16:57:59     INFO - TEST-START | browser/components/sessionstore/test/browser_461634.js
16:58:00     INFO - JavaScript error: resource:///modules/sessionstore/SessionStore.jsm, line 2309: NS_ERROR_ILLEGAL_VALUE: Window is not tracked
16:58:00     INFO - JavaScript error: resource:///modules/sessionstore/SessionStore.jsm, line 2317: NS_ERROR_ILLEGAL_VALUE: Invalid index: not in the closed tabs
16:58:00     INFO - JavaScript error: resource:///modules/sessionstore/SessionStore.jsm, line 2317: NS_ERROR_ILLEGAL_VALUE: Invalid index: not in the closed tabs
16:58:01     INFO - JavaScript error: resource://app/modules/URLBarZoom.jsm, line 24: TypeError: win is null
16:58:01     INFO - JavaScript error: resource://app/modules/URLBarZoom.jsm, line 24: TypeError: win is null
16:58:01     INFO - MEMORY STAT | vsize 2239MB | residentFast 427MB | heapAllocated 190MB
16:58:01     INFO - TEST-OK | browser/components/sessionstore/test/browser_461634.js | took 1528ms
16:58:01     INFO - checking window state
16:58:01     INFO - TEST-START | browser/components/sessionstore/test/browser_463205.js
16:58:02     INFO - MEMORY STAT | vsize 2240MB | residentFast 430MB | heapAllocated 192MB
16:58:02     INFO - TEST-OK | browser/components/sessionstore/test/browser_463205.js | took 1006ms
16:58:02     INFO - checking window state
16:58:02     INFO - TEST-START | browser/components/sessionstore/test/browser_463206.js
16:58:04     INFO - MEMORY STAT | vsize 2240MB | residentFast 428MB | heapAllocated 188MB
16:58:04     INFO - TEST-OK | browser/components/sessionstore/test/browser_463206.js | took 1690ms
16:58:04     INFO - checking window state
16:58:04     INFO - TEST-START | browser/components/sessionstore/test/browser_464199.js
16:58:06     INFO - JavaScript error: resource://app/modules/URLBarZoom.jsm, line 24: TypeError: win is null
16:58:06     INFO - JavaScript error: resource://app/modules/URLBarZoom.jsm, line 24: TypeError: win is null
16:58:06     INFO - MEMORY STAT | vsize 2241MB | residentFast 437MB | heapAllocated 200MB
16:58:06     INFO - TEST-OK | browser/components/sessionstore/test/browser_464199.js | took 1666ms
16:58:06     INFO - checking window state
16:58:06     INFO - TEST-START | browser/components/sessionstore/test/browser_465215.js
16:58:07     INFO - MEMORY STAT | vsize 2241MB | residentFast 426MB | heapAllocated 187MB
16:58:07     INFO - TEST-OK | browser/components/sessionstore/test/browser_465215.js | took 938ms
16:58:07     INFO - checking window state
16:58:07     INFO - TEST-START | browser/components/sessionstore/test/browser_465223.js
16:58:08     INFO - JavaScript error: resource://app/modules/URLBarZoom.jsm, line 24: TypeError: win is null
16:58:08     INFO - JavaScript error: resource://app/modules/URLBarZoom.jsm, line 24: TypeError: win is null
16:58:09     INFO - MEMORY STAT | vsize 2244MB | residentFast 433MB | heapAllocated 192MB
16:58:09     INFO - TEST-OK | browser/components/sessionstore/test/browser_465223.js | took 1564ms
16:58:09     INFO - checking window state
16:58:09     INFO - TEST-START | browser/components/sessionstore/test/browser_466937.js
16:58:10     INFO - MEMORY STAT | vsize 2245MB | residentFast 440MB | heapAllocated 200MB
16:58:10     INFO - TEST-OK | browser/components/sessionstore/test/browser_466937.js | took 1086ms
16:58:10     INFO - checking window state
16:58:10     INFO - TEST-START | browser/components/sessionstore/test/browser_467409-backslashplosion.js
16:58:11     INFO - MEMORY STAT | vsize 2245MB | residentFast 438MB | heapAllocated 197MB
16:58:11     INFO - TEST-OK | browser/components/sessionstore/test/browser_467409-backslashplosion.js | took 964ms
16:58:11     INFO - checking window state
16:58:11     INFO - TEST-START | browser/components/sessionstore/test/browser_477657.js
16:58:13     INFO - JavaScript error: resource://app/modules/URLBarZoom.jsm, line 24: TypeError: win is null
16:58:13     INFO - MEMORY STAT | vsize 2263MB | residentFast 445MB | heapAllocated 201MB
16:58:13     INFO - TEST-OK | browser/components/sessionstore/test/browser_477657.js | took 1808ms
16:58:13     INFO - checking window state
16:58:13     INFO - TEST-START | browser/components/sessionstore/test/browser_480893.js
16:58:15     INFO - MEMORY STAT | vsize 2264MB | residentFast 443MB | heapAllocated 197MB
16:58:15     INFO - TEST-OK | browser/components/sessionstore/test/browser_480893.js | took 1924ms
16:58:15     INFO - checking window state
16:58:15     INFO - TEST-START | browser/components/sessionstore/test/browser_485482.js
16:58:16     INFO - MEMORY STAT | vsize 2264MB | residentFast 447MB | heapAllocated 200MB
16:58:16     INFO - TEST-OK | browser/components/sessionstore/test/browser_485482.js | took 1100ms
16:58:16     INFO - checking window state
16:58:16     INFO - TEST-START | browser/components/sessionstore/test/browser_485563.js
16:58:17     INFO - MEMORY STAT | vsize 2264MB | residentFast 448MB | heapAllocated 200MB
16:58:17     INFO - TEST-OK | browser/components/sessionstore/test/browser_485563.js | took 512ms
16:58:17     INFO - checking window state
16:58:17     INFO - TEST-START | browser/components/sessionstore/test/browser_490040.js
16:58:20     INFO - JavaScript error: resource://app/modules/URLBarZoom.jsm, line 24: TypeError: win is null
16:58:23     INFO - MEMORY STAT | vsize 2312MB | residentFast 465MB | heapAllocated 209MB
16:58:23     INFO - TEST-OK | browser/components/sessionstore/test/browser_490040.js | took 6372ms
16:58:23     INFO - checking window state
16:58:23     INFO - TEST-START | browser/components/sessionstore/test/browser_491168.js
16:58:26     INFO - MEMORY STAT | vsize 2312MB | residentFast 455MB | heapAllocated 196MB
16:58:26     INFO - TEST-OK | browser/components/sessionstore/test/browser_491168.js | took 2566ms
16:58:26     INFO - checking window state
16:58:26     INFO - TEST-START | browser/components/sessionstore/test/browser_491577.js
16:58:27     INFO - JavaScript error: resource:///modules/sessionstore/SessionStore.jsm, line 2350: NS_ERROR_ILLEGAL_VALUE: Invalid index: not in the closed windows
16:58:27     INFO - JavaScript error: resource:///modules/sessionstore/SessionStore.jsm, line 2350: NS_ERROR_ILLEGAL_VALUE: Invalid index: not in the closed windows
16:58:27     INFO - JavaScript error: resource://app/modules/URLBarZoom.jsm, line 24: TypeError: win is null
16:58:28     INFO - JavaScript error: resource://app/modules/URLBarZoom.jsm, line 24: TypeError: win is null
16:58:28     INFO - MEMORY STAT | vsize 2312MB | residentFast 461MB | heapAllocated 201MB
16:58:28     INFO - TEST-OK | browser/components/sessionstore/test/browser_491577.js | took 1640ms
16:58:28     INFO - checking window state
16:58:28     INFO - TEST-START | browser/components/sessionstore/test/browser_495495.js
16:58:32     INFO - JavaScript error: resource://app/modules/URLBarZoom.jsm, line 24: TypeError: win is null
16:58:33     INFO - JavaScript error: resource://app/modules/URLBarZoom.jsm, line 24: TypeError: win is null
16:58:33     INFO - JavaScript error: resource://app/modules/URLBarZoom.jsm, line 24: TypeError: win is null
16:58:33     INFO - MEMORY STAT | vsize 2321MB | residentFast 487MB | heapAllocated 215MB
16:58:33     INFO - TEST-OK | browser/components/sessionstore/test/browser_495495.js | took 5340ms
16:58:33     INFO - checking window state
16:58:33     INFO - TEST-START | browser/components/sessionstore/test/browser_500328.js
16:58:36     INFO - MEMORY STAT | vsize 2321MB | residentFast 477MB | heapAllocated 209MB
16:58:36     INFO - TEST-OK | browser/components/sessionstore/test/browser_500328.js | took 2612ms
16:58:36     INFO - checking window state
16:58:36     INFO - TEST-START | browser/components/sessionstore/test/browser_514751.js
16:58:37     INFO - JavaScript error: resource://app/modules/URLBarZoom.jsm, line 24: TypeError: win is null
16:58:37     INFO - MEMORY STAT | vsize 2333MB | residentFast 491MB | heapAllocated 221MB
16:58:37     INFO - TEST-OK | browser/components/sessionstore/test/browser_514751.js | took 1394ms
16:58:38     INFO - checking window state
16:58:38     INFO - TEST-START | browser/components/sessionstore/test/browser_522375.js
16:58:38     INFO - MEMORY STAT | vsize 2333MB | residentFast 491MB | heapAllocated 222MB
16:58:38     INFO - TEST-OK | browser/components/sessionstore/test/browser_522375.js | took 118ms
16:58:38     INFO - checking window state
16:58:38     INFO - TEST-START | browser/components/sessionstore/test/browser_522545.js
16:58:57     INFO - MEMORY STAT | vsize 2359MB | residentFast 463MB | heapAllocated 192MB
16:58:57     INFO - TEST-OK | browser/components/sessionstore/test/browser_522545.js | took 19404ms
16:58:57     INFO - checking window state
16:58:58     INFO - TEST-START | browser/components/sessionstore/test/browser_524745.js
16:59:00     INFO - MEMORY STAT | vsize 2359MB | residentFast 471MB | heapAllocated 199MB
16:59:00     INFO - TEST-OK | browser/components/sessionstore/test/browser_524745.js | took 2334ms
16:59:00     INFO - checking window state
16:59:00     INFO - must wait for focus
16:59:00     INFO - TEST-START | browser/components/sessionstore/test/browser_528776.js
16:59:03     INFO - JavaScript error: resource://app/modules/URLBarZoom.jsm, line 24: TypeError: win is null
16:59:03     INFO - MEMORY STAT | vsize 2357MB | residentFast 388MB | heapAllocated 154MB
16:59:03     INFO - TEST-OK | browser/components/sessionstore/test/browser_528776.js | took 2620ms
16:59:03     INFO - checking window state
16:59:03     INFO - TEST-START | browser/components/sessionstore/test/browser_579868.js
16:59:04     INFO - MEMORY STAT | vsize 2359MB | residentFast 391MB | heapAllocated 158MB
16:59:04     INFO - TEST-OK | browser/components/sessionstore/test/browser_579868.js | took 788ms
16:59:04     INFO - checking window state
16:59:04     INFO - TEST-START | browser/components/sessionstore/test/browser_579879.js
16:59:05     INFO - MEMORY STAT | vsize 2359MB | residentFast 397MB | heapAllocated 164MB
16:59:05     INFO - TEST-OK | browser/components/sessionstore/test/browser_579879.js | took 1182ms
16:59:05     INFO - checking window state
16:59:05     INFO - TEST-START | browser/components/sessionstore/test/browser_581937.js
16:59:06     INFO - MEMORY STAT | vsize 2359MB | residentFast 402MB | heapAllocated 169MB
16:59:06     INFO - TEST-OK | browser/components/sessionstore/test/browser_581937.js | took 446ms
16:59:06     INFO - checking window state
16:59:06     INFO - TEST-START | browser/components/sessionstore/test/browser_586068-apptabs.js
16:59:10     INFO - MEMORY STAT | vsize 2359MB | residentFast 388MB | heapAllocated 146MB
16:59:10     INFO - TEST-OK | browser/components/sessionstore/test/browser_586068-apptabs.js | took 4194ms
16:59:10     INFO - checking window state
16:59:10     INFO - TEST-START | browser/components/sessionstore/test/browser_586068-apptabs_ondemand.js
16:59:15     INFO - MEMORY STAT | vsize 2359MB | residentFast 387MB | heapAllocated 144MB
16:59:15     INFO - TEST-OK | browser/components/sessionstore/test/browser_586068-apptabs_ondemand.js | took 4726ms
16:59:15     INFO - checking window state
16:59:15     INFO - TEST-START | browser/components/sessionstore/test/browser_586068-browser_state_interrupted.js
16:59:21     INFO - MEMORY STAT | vsize 2359MB | residentFast 401MB | heapAllocated 157MB
16:59:21     INFO - TEST-OK | browser/components/sessionstore/test/browser_586068-browser_state_interrupted.js | took 5580ms
16:59:21     INFO - checking window state
16:59:21     INFO - TEST-START | browser/components/sessionstore/test/browser_586068-cascade.js
16:59:25     INFO - MEMORY STAT | vsize 2356MB | residentFast 363MB | heapAllocated 136MB
16:59:25     INFO - TEST-OK | browser/components/sessionstore/test/browser_586068-cascade.js | took 4316ms
16:59:25     INFO - checking window state
16:59:25     INFO - TEST-START | browser/components/sessionstore/test/browser_586068-multi_window.js
16:59:31     INFO - MEMORY STAT | vsize 2358MB | residentFast 372MB | heapAllocated 143MB
16:59:31     INFO - TEST-OK | browser/components/sessionstore/test/browser_586068-multi_window.js | took 5428ms
16:59:31     INFO - checking window state
16:59:31     INFO - TEST-START | browser/components/sessionstore/test/browser_586068-reload.js
16:59:38     INFO - MEMORY STAT | vsize 2356MB | residentFast 374MB | heapAllocated 144MB
16:59:38     INFO - TEST-OK | browser/components/sessionstore/test/browser_586068-reload.js | took 7126ms
16:59:38     INFO - checking window state
16:59:38     INFO - TEST-START | browser/components/sessionstore/test/browser_586068-select.js
16:59:44     INFO - MEMORY STAT | vsize 2356MB | residentFast 343MB | heapAllocated 131MB
16:59:44     INFO - TEST-OK | browser/components/sessionstore/test/browser_586068-select.js | took 5700ms
16:59:44     INFO - checking window state
16:59:44     INFO - TEST-START | browser/components/sessionstore/test/browser_586068-window_state.js
16:59:51     INFO - MEMORY STAT | vsize 2363MB | residentFast 332MB | heapAllocated 128MB
16:59:51     INFO - TEST-OK | browser/components/sessionstore/test/browser_586068-window_state.js | took 6642ms
16:59:51     INFO - checking window state
16:59:51     INFO - TEST-START | browser/components/sessionstore/test/browser_586068-window_state_override.js
16:59:55     INFO - MEMORY STAT | vsize 2365MB | residentFast 338MB | heapAllocated 134MB
16:59:55     INFO - TEST-OK | browser/components/sessionstore/test/browser_586068-window_state_override.js | took 4084ms
16:59:55     INFO - checking window state
16:59:55     INFO - TEST-START | browser/components/sessionstore/test/browser_586147.js
16:59:55     INFO - MEMORY STAT | vsize 2365MB | residentFast 339MB | heapAllocated 137MB
16:59:55     INFO - TEST-OK | browser/components/sessionstore/test/browser_586147.js | took 276ms
16:59:55     INFO - checking window state
16:59:55     INFO - TEST-START | browser/components/sessionstore/test/browser_588426.js
16:59:57     INFO - MEMORY STAT | vsize 2366MB | residentFast 345MB | heapAllocated 140MB
16:59:57     INFO - TEST-OK | browser/components/sessionstore/test/browser_588426.js | took 2100ms
16:59:57     INFO - checking window state
16:59:58     INFO - TEST-START | browser/components/sessionstore/test/browser_590268.js
17:00:05     INFO - MEMORY STAT | vsize 2375MB | residentFast 359MB | heapAllocated 142MB
17:00:05     INFO - TEST-OK | browser/components/sessionstore/test/browser_590268.js | took 7546ms
17:00:05     INFO - checking window state
17:00:05     INFO - TEST-START | browser/components/sessionstore/test/browser_590563.js
17:00:08     INFO - MEMORY STAT | vsize 2366MB | residentFast 363MB | heapAllocated 149MB
17:00:08     INFO - TEST-OK | browser/components/sessionstore/test/browser_590563.js | took 2832ms
17:00:08     INFO - checking window state
17:00:08     INFO - TEST-START | browser/components/sessionstore/test/browser_595601-restore_hidden.js
17:00:19     INFO - MEMORY STAT | vsize 2366MB | residentFast 380MB | heapAllocated 154MB
17:00:19     INFO - TEST-OK | browser/components/sessionstore/test/browser_595601-restore_hidden.js | took 10790ms
17:00:19     INFO - checking window state
17:00:19     INFO - TEST-START | browser/components/sessionstore/test/browser_599909.js
17:00:21     INFO - MEMORY STAT | vsize 2376MB | residentFast 367MB | heapAllocated 145MB
17:00:21     INFO - TEST-OK | browser/components/sessionstore/test/browser_599909.js | took 1634ms
17:00:21     INFO - checking window state
17:00:21     INFO - TEST-START | browser/components/sessionstore/test/browser_600545.js
17:00:29     INFO - MEMORY STAT | vsize 2364MB | residentFast 343MB | heapAllocated 135MB
17:00:29     INFO - TEST-OK | browser/components/sessionstore/test/browser_600545.js | took 8578ms
17:00:30     INFO - checking window state
17:00:30     INFO - TEST-START | browser/components/sessionstore/test/browser_601955.js
17:00:34     INFO - MEMORY STAT | vsize 2364MB | residentFast 345MB | heapAllocated 135MB
17:00:34     INFO - TEST-OK | browser/components/sessionstore/test/browser_601955.js | took 4644ms
17:00:34     INFO - checking window state
17:00:34     INFO - TEST-START | browser/components/sessionstore/test/browser_607016.js
17:00:36     INFO - MEMORY STAT | vsize 2366MB | residentFast 348MB | heapAllocated 137MB
17:00:36     INFO - TEST-OK | browser/components/sessionstore/test/browser_607016.js | took 2062ms
17:00:36     INFO - checking window state
17:00:37     INFO - TEST-START | browser/components/sessionstore/test/browser_615394-SSWindowState_events.js
17:00:41     INFO - ###!!! [Child][MessageChannel] Error: (msgtype=0x4600AB,name=PContent::Msg_ConsoleMessage) Channel closing: too late to send/recv, messages will be lost
17:01:02     INFO - MEMORY STAT | vsize 2365MB | residentFast 353MB | heapAllocated 142MB
17:01:02     INFO - TEST-OK | browser/components/sessionstore/test/browser_615394-SSWindowState_events.js | took 25172ms
17:01:02     INFO - checking window state
17:01:02     INFO - TEST-START | browser/components/sessionstore/test/browser_618151.js
17:01:04     INFO - MEMORY STAT | vsize 2363MB | residentFast 345MB | heapAllocated 137MB
17:01:04     INFO - TEST-OK | browser/components/sessionstore/test/browser_618151.js | took 1878ms
17:01:04     INFO - checking window state
17:01:04     INFO - TEST-START | browser/components/sessionstore/test/browser_623779.js
17:01:04     INFO - MEMORY STAT | vsize 2363MB | residentFast 347MB | heapAllocated 138MB
17:01:04     INFO - TEST-OK | browser/components/sessionstore/test/browser_623779.js | took 640ms
17:01:05     INFO - checking window state
17:01:05     INFO - TEST-START | browser/components/sessionstore/test/browser_624727.js
17:01:05     INFO - MEMORY STAT | vsize 2363MB | residentFast 348MB | heapAllocated 139MB
17:01:05     INFO - TEST-OK | browser/components/sessionstore/test/browser_624727.js | took 526ms
17:01:05     INFO - checking window state
17:01:05     INFO - TEST-START | browser/components/sessionstore/test/browser_625016.js
17:01:08     INFO - MEMORY STAT | vsize 2365MB | residentFast 357MB | heapAllocated 147MB
17:01:08     INFO - TEST-OK | browser/components/sessionstore/test/browser_625016.js | took 2472ms
17:01:08     INFO - checking window state
17:01:08     INFO - TEST-START | browser/components/sessionstore/test/browser_628270.js
17:01:09     INFO - MEMORY STAT | vsize 2365MB | residentFast 360MB | heapAllocated 150MB
17:01:09     INFO - TEST-OK | browser/components/sessionstore/test/browser_628270.js | took 784ms
17:01:09     INFO - checking window state
17:01:09     INFO - TEST-START | browser/components/sessionstore/test/browser_635418.js
17:01:14     INFO - MEMORY STAT | vsize 2363MB | residentFast 346MB | heapAllocated 141MB
17:01:14     INFO - TEST-OK | browser/components/sessionstore/test/browser_635418.js | took 5084ms
17:01:14     INFO - checking window state
17:01:14     INFO - TEST-START | browser/components/sessionstore/test/browser_636279.js
17:01:16     INFO - MEMORY STAT | vsize 2375MB | residentFast 346MB | heapAllocated 134MB
17:01:16     INFO - TEST-OK | browser/components/sessionstore/test/browser_636279.js | took 2400ms
17:01:16     INFO - checking window state
17:01:17     INFO - TEST-START | browser/components/sessionstore/test/browser_637020.js
17:01:22     INFO - MEMORY STAT | vsize 2363MB | residentFast 338MB | heapAllocated 132MB
17:01:22     INFO - TEST-OK | browser/components/sessionstore/test/browser_637020.js | took 5152ms
17:01:22     INFO - checking window state
17:01:22     INFO - TEST-START | browser/components/sessionstore/test/browser_644409-scratchpads.js
17:01:26     INFO - MEMORY STAT | vsize 2365MB | residentFast 366MB | heapAllocated 157MB
17:01:26     INFO - TEST-OK | browser/components/sessionstore/test/browser_644409-scratchpads.js | took 4164ms
17:01:26     INFO - checking window state
17:01:26     INFO - TEST-START | browser/components/sessionstore/test/browser_645428.js
17:01:27     INFO - MEMORY STAT | vsize 2365MB | residentFast 367MB | heapAllocated 158MB
17:01:27     INFO - TEST-OK | browser/components/sessionstore/test/browser_645428.js | took 138ms
17:01:27     INFO - checking window state
17:01:27     INFO - TEST-START | browser/components/sessionstore/test/browser_659591.js
17:01:28     INFO - MEMORY STAT | vsize 2369MB | residentFast 372MB | heapAllocated 161MB
17:01:28     INFO - TEST-OK | browser/components/sessionstore/test/browser_659591.js | took 1700ms
17:01:29     INFO - checking window state
17:01:29     INFO - TEST-START | browser/components/sessionstore/test/browser_662743.js
17:01:31     INFO - MEMORY STAT | vsize 2369MB | residentFast 376MB | heapAllocated 163MB
17:01:31     INFO - TEST-OK | browser/components/sessionstore/test/browser_662743.js | took 2430ms
17:01:31     INFO - checking window state
17:01:31     INFO - TEST-START | browser/components/sessionstore/test/browser_662812.js
17:01:32     INFO - MEMORY STAT | vsize 2369MB | residentFast 381MB | heapAllocated 167MB
17:01:32     INFO - TEST-OK | browser/components/sessionstore/test/browser_662812.js | took 714ms
17:01:32     INFO - checking window state
17:01:32     INFO - TEST-START | browser/components/sessionstore/test/browser_665702-state_session.js
17:01:32     INFO - MEMORY STAT | vsize 2369MB | residentFast 381MB | heapAllocated 168MB
17:01:32     INFO - TEST-OK | browser/components/sessionstore/test/browser_665702-state_session.js | took 102ms
17:01:32     INFO - checking window state
17:01:32     INFO - TEST-START | browser/components/sessionstore/test/browser_682507.js
17:01:32     INFO - MEMORY STAT | vsize 2369MB | residentFast 383MB | heapAllocated 169MB
17:01:32     INFO - TEST-OK | browser/components/sessionstore/test/browser_682507.js | took 194ms
17:01:32     INFO - checking window state
17:01:32     INFO - TEST-START | browser/components/sessionstore/test/browser_687710.js
17:01:32     INFO - MEMORY STAT | vsize 2369MB | residentFast 383MB | heapAllocated 169MB
17:01:32     INFO - TEST-OK | browser/components/sessionstore/test/browser_687710.js | took 122ms
17:01:33     INFO - checking window state
17:01:33     INFO - TEST-START | browser/components/sessionstore/test/browser_687710_2.js
17:01:34     INFO - MEMORY STAT | vsize 2369MB | residentFast 373MB | heapAllocated 158MB
17:01:34     INFO - TEST-OK | browser/components/sessionstore/test/browser_687710_2.js | took 1666ms
17:01:34     INFO - checking window state
17:01:34     INFO - TEST-START | browser/components/sessionstore/test/browser_694378.js
17:01:35     INFO - MEMORY STAT | vsize 2363MB | residentFast 368MB | heapAllocated 155MB
17:01:35     INFO - TEST-OK | browser/components/sessionstore/test/browser_694378.js | took 472ms
17:01:35     INFO - checking window state
17:01:35     INFO - TEST-START | browser/components/sessionstore/test/browser_701377.js
17:01:39     INFO - MEMORY STAT | vsize 2365MB | residentFast 384MB | heapAllocated 170MB
17:01:39     INFO - TEST-OK | browser/components/sessionstore/test/browser_701377.js | took 3156ms
17:01:39     INFO - checking window state
17:01:39     INFO - TEST-START | browser/components/sessionstore/test/browser_705597.js
17:01:40     INFO - MEMORY STAT | vsize 2365MB | residentFast 381MB | heapAllocated 165MB
17:01:40     INFO - TEST-OK | browser/components/sessionstore/test/browser_705597.js | took 1024ms
17:01:40     INFO - checking window state
17:01:40     INFO - TEST-START | browser/components/sessionstore/test/browser_707862.js
17:01:41     INFO - MEMORY STAT | vsize 2365MB | residentFast 384MB | heapAllocated 167MB
17:01:41     INFO - TEST-OK | browser/components/sessionstore/test/browser_707862.js | took 858ms
17:01:41     INFO - checking window state
17:01:41     INFO - TEST-START | browser/components/sessionstore/test/browser_739531.js
17:01:42     INFO - MEMORY STAT | vsize 2365MB | residentFast 381MB | heapAllocated 167MB
17:01:42     INFO - TEST-OK | browser/components/sessionstore/test/browser_739531.js | took 1050ms
17:01:42     INFO - checking window state
17:01:42     INFO - TEST-START | browser/components/sessionstore/test/browser_739805.js
17:01:43     INFO - MEMORY STAT | vsize 2365MB | residentFast 384MB | heapAllocated 170MB
17:01:43     INFO - TEST-OK | browser/components/sessionstore/test/browser_739805.js | took 1120ms
17:01:43     INFO - checking window state
17:01:43     INFO - TEST-START | browser/components/sessionstore/test/browser_819510_perwindowpb.js
17:01:56     INFO - JavaScript error: resource://gre/modules/PrivateBrowsingUtils.jsm, line 48: NS_NOINTERFACE:
17:02:03     INFO - MEMORY STAT | vsize 2389MB | residentFast 391MB | heapAllocated 176MB
17:02:03     INFO - TEST-OK | browser/components/sessionstore/test/browser_819510_perwindowpb.js | took 19194ms
17:02:03     INFO - checking window state
17:02:03     INFO - TEST-START | browser/components/sessionstore/test/browser_911547.js
17:02:05     INFO - MEMORY STAT | vsize 2394MB | residentFast 393MB | heapAllocated 170MB
17:02:05     INFO - TEST-OK | browser/components/sessionstore/test/browser_911547.js | took 2260ms
17:02:05     INFO - checking window state
17:02:05     INFO - TEST-START | browser/components/sessionstore/test/browser_aboutPrivateBrowsing.js
17:02:06     INFO - MEMORY STAT | vsize 2389MB | residentFast 390MB | heapAllocated 171MB
17:02:06     INFO - TEST-OK | browser/components/sessionstore/test/browser_aboutPrivateBrowsing.js | took 750ms
17:02:06     INFO - checking window state
17:02:06     INFO - TEST-START | browser/components/sessionstore/test/browser_aboutSessionRestore.js
17:02:09     INFO - JavaScript error: resource://app/modules/URLBarZoom.jsm, line 24: TypeError: win is null
17:02:09     INFO - JavaScript error: resource://app/modules/URLBarZoom.jsm, line 24: TypeError: win is null
17:02:09     INFO - MEMORY STAT | vsize 2389MB | residentFast 398MB | heapAllocated 179MB
17:02:09     INFO - TEST-OK | browser/components/sessionstore/test/browser_aboutSessionRestore.js | took 2684ms
17:02:09     INFO - checking window state
17:02:09     INFO - TEST-START | browser/components/sessionstore/test/browser_async_duplicate_tab.js
17:02:11     INFO - MEMORY STAT | vsize 2386MB | residentFast 388MB | heapAllocated 171MB
17:02:11     INFO - TEST-OK | browser/components/sessionstore/test/browser_async_duplicate_tab.js | took 2386ms
17:02:11     INFO - checking window state
17:02:11     INFO - TEST-START | browser/components/sessionstore/test/browser_async_flushes.js
17:02:12     INFO - Et tu, Brute?
17:02:12     INFO - XPCOM_MEM_BLOAT_LOG: /tmp/tmpxPAHjq.mozrunner/runtests_leaks.log
17:02:12     INFO - Writing to log: /tmp/tmpxPAHjq.mozrunner/runtests_leaks_tab_pid2909.log
17:02:13     INFO - ###!!! [Parent][MessageChannel] Error: (msgtype=0x2C0083,name=PBrowser::Msg_Destroy) Channel error: cannot send/recv
17:02:13     INFO - ###!!! [Parent][MessageChannel] Error: (msgtype=0x2C0083,name=PBrowser::Msg_Destroy) Channel error: cannot send/recv
17:02:13     INFO - [Parent 2627] WARNING: pipe error (84): Connection reset by peer: file /builds/slave/m-esr52-l64-000000000000000000/build/src/ipc/chromium/src/chrome/common/ipc_channel_posix.cc, line 322
17:02:13     INFO - No .extra file for dumpID: 417a105f-5ec8-fd54-3e83cb4b-631488c7
17:02:13     INFO - Crash cleaned up
17:02:13     INFO - about:tabcrashed loaded and ready
17:02:15     INFO - MEMORY STAT | vsize 2388MB | residentFast 392MB | heapAllocated 174MB
17:02:15     INFO - TEST-OK | browser/components/sessionstore/test/browser_async_flushes.js | took 3448ms
17:02:15     INFO - checking window state
17:02:15     INFO - TEST-START | browser/components/sessionstore/test/browser_async_remove_tab.js

command interrupted, attempting to kill
process killed by signal 9
program finished with exit code -1
elapsedTime=598.023611
The web-page 'stop build' button was pressed by 'rvandermeulen@mozilla.com': Cancelled via self-serve
========= master_lag: 0.08 =========
========= Finished '/tools/buildbot/bin/python scripts/scripts/desktop_unittest.py ...' interrupted (results: 4, elapsed: 9 mins, 58 secs) (at 2018-06-08 17:02:17.446664) =========

========= Started set props: build_url (results: 0, elapsed: 0 secs) (at 2018-06-08 17:02:17.447774) =========
bash -c 'for file in `ls -1`; do cat $file; done'
 in dir /builds/slave/test/properties (timeout 1200 secs)
 watching logfiles {}
 argv: ['bash', '-c', 'for file in `ls -1`; do cat $file; done']
 environment:
  HOME=/home/cltbld
  LANG=en_US.UTF-8
  LOGNAME=cltbld
  MAIL=/var/mail/cltbld
  NODE_PATH=/usr/lib/nodejs:/usr/lib/node_modules:/usr/share/javascript
  PATH=/usr/local/bin:/usr/local/bin:/usr/bin:/bin:/usr/local/games:/usr/games
  PWD=/builds/slave/test/properties
  SHELL=/bin/bash
  SHLVL=1
  TERM=linux
  TMOUT=86400
  USER=cltbld
  XDG_SESSION_COOKIE=9ca12473fbb1d023794ffd180000023c-1528501936.334972-1912821810
  _=/tools/buildbot/bin/python
 using PTY: False
build_url:https://queue.taskcluster.net/v1/task/I1iAdq48Sa60c5BCPWswkg/artifacts/public/build/firefox-52.8.2.en-US.linux-x86_64.tar.bz2
program finished with exit code 0
elapsedTime=0.105812
build_url: 'https://queue.taskcluster.net/v1/task/I1iAdq48Sa60c5BCPWswkg/artifacts/public/build/firefox-52.8.2.en-US.linux-x86_64.tar.bz2'
========= master_lag: 0.02 =========
========= Finished set props: build_url (results: 0, elapsed: 0 secs) (at 2018-06-08 17:02:17.574380) =========

========= Started 'rm -f ...' (results: 0, elapsed: 0 secs) (at 2018-06-08 17:02:17.574915) =========
rm -f oauth.txt
 in dir /builds/slave/test/. (timeout 1200 secs)
 watching logfiles {}
 argv: ['rm', '-f', 'oauth.txt']
 environment:
  HOME=/home/cltbld
  LANG=en_US.UTF-8
  LOGNAME=cltbld
  MAIL=/var/mail/cltbld
  NODE_PATH=/usr/lib/nodejs:/usr/lib/node_modules:/usr/share/javascript
  PATH=/usr/local/bin:/usr/local/bin:/usr/bin:/bin:/usr/local/games:/usr/games
  PWD=/builds/slave/test
  SHELL=/bin/bash
  SHLVL=1
  TERM=linux
  TMOUT=86400
  USER=cltbld
  XDG_SESSION_COOKIE=9ca12473fbb1d023794ffd180000023c-1528501936.334972-1912821810
  _=/tools/buildbot/bin/python
 using PTY: False
program finished with exit code 0
elapsedTime=0.060911
========= master_lag: 0.04 =========
========= Finished 'rm -f ...' (results: 0, elapsed: 0 secs) (at 2018-06-08 17:02:17.674146) =========

========= Started reboot skipped (results: 3, elapsed: 0 secs) (at 2018-06-08 17:02:17.674666) =========
========= Finished reboot skipped (results: 3, elapsed: 0 secs) (at 2018-06-08 17:02:17.675110) =========

========= Total master_lag: 0.28 =========

