builder: mozilla-esr52_ubuntu64_vm_test_pgo-web-platform-tests-e10s-4
slave: tst-linux64-spot-015
starttime: 1528502093.1
results: cancelled (6)
buildid: 20180608150819
builduid: b298b373e93d4f8dbf92436c9ed838a2
revision: cbfdf01aac455e0591471201c96b89dee98190b5

========= Started set props: master (results: 0, elapsed: 0 secs) (at 2018-06-08 16:54:53.104238) =========
master: http://buildbot-master52.bb.releng.use1.mozilla.com:8201/
========= Finished set props: master (results: 0, elapsed: 0 secs) (at 2018-06-08 16:54:53.104650) =========

========= Started downloading to buildprops.json (results: 0, elapsed: 0 secs) (at 2018-06-08 16:54:53.104961) =========
========= Finished downloading to buildprops.json (results: 0, elapsed: 0 secs) (at 2018-06-08 16:54:53.260516) =========

========= Started 'bash -c ...' (results: 0, elapsed: 0 secs) (at 2018-06-08 16:54:53.260788) =========
bash -c 'wget -Oarchiver_client.py --no-check-certificate --tries=10 --waitretry=3 https://hg.mozilla.org/build/tools/raw-file/default/buildfarm/utils/archiver_client.py'
 in dir /builds/slave/test/. (timeout 1200 secs)
 watching logfiles {}
 argv: ['bash', '-c', 'wget -Oarchiver_client.py --no-check-certificate --tries=10 --waitretry=3 https://hg.mozilla.org/build/tools/raw-file/default/buildfarm/utils/archiver_client.py']
 environment:
  HOME=/home/cltbld
  LANG=en_US.UTF-8
  LOGNAME=cltbld
  MAIL=/var/mail/cltbld
  NODE_PATH=/usr/lib/nodejs:/usr/lib/node_modules:/usr/share/javascript
  PATH=/usr/local/bin:/usr/local/bin:/usr/bin:/bin:/usr/local/games:/usr/games
  PWD=/builds/slave/test
  SHELL=/bin/bash
  SHLVL=1
  TERM=linux
  TMOUT=86400
  USER=cltbld
  XDG_SESSION_COOKIE=9ca12473fbb1d023794ffd180000023c-1528502089.809347-963362218
  _=/tools/buildbot/bin/python
 using PTY: False
--2018-06-08 16:54:53--  https://hg.mozilla.org/build/tools/raw-file/default/buildfarm/utils/archiver_client.py
Resolving hg.mozilla.org (hg.mozilla.org)... 63.245.215.102, 63.245.215.25
Connecting to hg.mozilla.org (hg.mozilla.org)|63.245.215.102|:443... connected.
HTTP request sent, awaiting response... 200 Script output follows
Length: 12179 (12K) [text/x-python]
Saving to: `archiver_client.py'

     0K .......... .                                          100% 8.09M=0.001s

2018-06-08 16:54:53 (8.09 MB/s) - `archiver_client.py' saved [12179/12179]

program finished with exit code 0
elapsedTime=0.583965
========= master_lag: 0.01 =========
========= Finished 'bash -c ...' (results: 0, elapsed: 0 secs) (at 2018-06-08 16:54:53.859271) =========

========= Started 'rm -rf ...' (results: 0, elapsed: 0 secs) (at 2018-06-08 16:54:53.859566) =========
rm -rf scripts properties
 in dir /builds/slave/test/. (timeout 1200 secs)
 watching logfiles {}
 argv: ['rm', '-rf', 'scripts', 'properties']
 environment:
  HOME=/home/cltbld
  LANG=en_US.UTF-8
  LOGNAME=cltbld
  MAIL=/var/mail/cltbld
  NODE_PATH=/usr/lib/nodejs:/usr/lib/node_modules:/usr/share/javascript
  PATH=/usr/local/bin:/usr/local/bin:/usr/bin:/bin:/usr/local/games:/usr/games
  PWD=/builds/slave/test
  SHELL=/bin/bash
  SHLVL=1
  TERM=linux
  TMOUT=86400
  USER=cltbld
  XDG_SESSION_COOKIE=9ca12473fbb1d023794ffd180000023c-1528502089.809347-963362218
  _=/tools/buildbot/bin/python
 using PTY: False
program finished with exit code 0
elapsedTime=0.020301
========= master_lag: 0.04 =========
========= Finished 'rm -rf ...' (results: 0, elapsed: 0 secs) (at 2018-06-08 16:54:53.922075) =========

========= Started 'bash -c ...' (results: 0, elapsed: 3 secs) (at 2018-06-08 16:54:53.922396) =========
bash -c 'python archiver_client.py mozharness --repo releases/mozilla-esr52 --rev cbfdf01aac455e0591471201c96b89dee98190b5 --destination scripts --debug'
 in dir /builds/slave/test/. (timeout 1200 secs)
 watching logfiles {}
 argv: ['bash', '-c', u'python archiver_client.py mozharness --repo releases/mozilla-esr52 --rev cbfdf01aac455e0591471201c96b89dee98190b5 --destination scripts --debug']
 environment:
  HOME=/home/cltbld
  LANG=en_US.UTF-8
  LOGNAME=cltbld
  MAIL=/var/mail/cltbld
  NODE_PATH=/usr/lib/nodejs:/usr/lib/node_modules:/usr/share/javascript
  PATH=/usr/local/bin:/usr/local/bin:/usr/bin:/bin:/usr/local/games:/usr/games
  PWD=/builds/slave/test
  SHELL=/bin/bash
  SHLVL=1
  TERM=linux
  TMOUT=86400
  USER=cltbld
  XDG_SESSION_COOKIE=9ca12473fbb1d023794ffd180000023c-1528502089.809347-963362218
  _=/tools/buildbot/bin/python
 using PTY: False
2018-06-08 16:54:54,064 truncating revision to first 12 chars
2018-06-08 16:54:54,065 Setting DEBUG logging.
2018-06-08 16:54:54,065 attempt 1/10
2018-06-08 16:54:54,066 Getting archive location from https://api.pub.build.mozilla.org/archiver/hgmo/releases/mozilla-esr52/cbfdf01aac45?&preferred_region=us-west-2&suffix=tar.gz&subdir=testing/mozharness
2018-06-08 16:54:56,246 unpacking tar archive at: mozilla-esr52-cbfdf01aac45/testing/mozharness/
program finished with exit code 0
elapsedTime=3.483158
========= master_lag: 0.02 =========
========= Finished 'bash -c ...' (results: 0, elapsed: 3 secs) (at 2018-06-08 16:54:57.420720) =========

========= Started set props: script_repo_revision (results: 0, elapsed: 0 secs) (at 2018-06-08 16:54:57.421031) =========
script_repo_revision: cbfdf01aac455e0591471201c96b89dee98190b5
========= Finished set props: script_repo_revision (results: 0, elapsed: 0 secs) (at 2018-06-08 16:54:57.421420) =========

========= Started downloading to oauth.txt (results: 0, elapsed: 0 secs) (at 2018-06-08 16:54:57.421704) =========
========= Finished downloading to oauth.txt (results: 0, elapsed: 0 secs) (at 2018-06-08 16:54:57.432707) =========

========= Started '/tools/buildbot/bin/python scripts/scripts/web_platform_tests.py ...' interrupted (results: 4, elapsed: 7 mins, 44 secs) (at 2018-06-08 16:54:57.433005) =========
/tools/buildbot/bin/python scripts/scripts/web_platform_tests.py --cfg web_platform_tests/prod_config.py --test-type=testharness --e10s --total-chunks 5 --this-chunk 4 --blob-upload-branch mozilla-esr52 --download-symbols ondemand
 in dir /builds/slave/test/. (timeout 1800 secs) (maxTime 7200 secs)
 watching logfiles {}
 argv: ['/tools/buildbot/bin/python', 'scripts/scripts/web_platform_tests.py', '--cfg', 'web_platform_tests/prod_config.py', '--test-type=testharness', '--e10s', '--total-chunks', '5', '--this-chunk', '4', '--blob-upload-branch', 'mozilla-esr52', '--download-symbols', 'ondemand']
 environment:
  CCACHE_DIR=/builds/ccache
  CCACHE_UMASK=002
  DISPLAY=:0
  HOME=/home/cltbld
  LANG=en_US.UTF-8
  LOGNAME=cltbld
  MAIL=/var/mail/cltbld
  MOZ_HIDE_RESULTS_TABLE=1
  MOZ_NODE_PATH=/usr/bin/node
  MOZ_NO_REMOTE=1
  NODE_PATH=/usr/lib/nodejs:/usr/lib/node_modules:/usr/share/javascript
  NO_FAIL_ON_TEST_ERRORS=1
  PATH=/usr/local/bin:/usr/local/bin:/usr/bin:/bin:/usr/local/games:/usr/games
  PROPERTIES_FILE=/builds/slave/test/buildprops.json
  PWD=/builds/slave/test
  SHELL=/bin/bash
  SHLVL=1
  TERM=linux
  TMOUT=86400
  USER=cltbld
  XDG_SESSION_COOKIE=9ca12473fbb1d023794ffd180000023c-1528502089.809347-963362218
  _=/tools/buildbot/bin/python
 using PTY: False
16:54:57     INFO - MultiFileLogger online at 20180608 16:54:57 in /builds/slave/test
16:54:57     INFO - Run as scripts/scripts/web_platform_tests.py --cfg web_platform_tests/prod_config.py --test-type=testharness --e10s --total-chunks 5 --this-chunk 4 --blob-upload-branch mozilla-esr52 --download-symbols ondemand
16:54:57     INFO - Dumping config to /builds/slave/test/logs/localconfig.json.
16:54:57     INFO - {'allow_software_gl_layers': False,
16:54:57     INFO -  'append_to_log': False,
16:54:57     INFO -  'base_work_dir': '/builds/slave/test',
16:54:57     INFO -  'blob_upload_branch': 'mozilla-esr52',
16:54:57     INFO -  'blob_uploader_auth_file': '/builds/slave/test/oauth.txt',
16:54:57     INFO -  'buildbot_json_path': 'buildprops.json',
16:54:57     INFO -  'config_files': ('web_platform_tests/prod_config.py',),
16:54:57     INFO -  'default_blob_upload_servers': ('https://blobupload.elasticbeanstalk.com',),
16:54:57     INFO -  'download_minidump_stackwalk': True,
16:54:57     INFO -  'download_symbols': 'ondemand',
16:54:57     INFO -  'download_tooltool': True,
16:54:57     INFO -  'e10s': True,
16:54:57     INFO -  'exes': {'python': '/tools/buildbot/bin/python',
16:54:57     INFO -           'tooltool.py': '/tools/tooltool.py',
16:54:57     INFO -           'virtualenv': ('/tools/buildbot/bin/python',
16:54:57     INFO -                          '/tools/misc-python/virtualenv.py')},
16:54:57     INFO -  'find_links': ('http://pypi.pvt.build.mozilla.org/pub',
16:54:57     INFO -                 'http://pypi.pub.build.mozilla.org/pub'),
16:54:57     INFO -  'log_level': 'info',
16:54:57     INFO -  'log_to_console': True,
16:54:57     INFO -  'opt_config_files': (),
16:54:57     INFO -  'options': ('--prefs-root=%(test_path)s/prefs',
16:54:57     INFO -              '--processes=1',
16:54:57     INFO -              '--config=%(test_path)s/wptrunner.ini',
16:54:57     INFO -              '--ca-cert-path=%(test_path)s/certs/cacert.pem',
16:54:57     INFO -              '--host-key-path=%(test_path)s/certs/web-platform.test.key',
16:54:57     INFO -              '--host-cert-path=%(test_path)s/certs/web-platform.test.pem',
16:54:57     INFO -              '--certutil-binary=%(test_install_path)s/bin/certutil'),
16:54:57     INFO -  'pip_index': False,
16:54:57     INFO -  'require_test_zip': True,
16:54:57     INFO -  'test_type': ('testharness',),
16:54:57     INFO -  'this_chunk': '4',
16:54:57     INFO -  'tooltool_cache': '/builds/tooltool_cache',
16:54:57     INFO -  'total_chunks': '5',
16:54:57     INFO -  'virtualenv_path': 'venv',
16:54:57     INFO -  'volatile_config': {'actions': None, 'add_actions': None, 'no_actions': None},
16:54:57     INFO -  'work_dir': 'build'}
16:54:57     INFO - [mozharness: 2018-06-08 23:54:57.742444Z] Running clobber step.
16:54:57     INFO - Running pre-action listener: _resource_record_pre_action
16:54:57     INFO - Running main action method: clobber
16:54:57     INFO - rmtree: /builds/slave/test/build
16:54:57     INFO - Running post-action listener: _resource_record_post_action
16:54:57     INFO - [mozharness: 2018-06-08 23:54:57.757973Z] Finished clobber step (success)
16:54:57     INFO - [mozharness: 2018-06-08 23:54:57.758406Z] Running read-buildbot-config step.
16:54:57     INFO - Running pre-action listener: _resource_record_pre_action
16:54:57     INFO - Running main action method: read_buildbot_config
16:54:57     INFO - Using buildbot properties:
16:54:57     INFO - {
16:54:57     INFO -     "project": "", 
16:54:57     INFO -     "product": "firefox", 
16:54:57     INFO -     "script_repo_revision": "production", 
16:54:57     INFO -     "scheduler": "tests-mozilla-esr52-ubuntu64_vm-pgo-unittest", 
16:54:57     INFO -     "repository": "", 
16:54:57     INFO -     "buildername": "Ubuntu VM 12.04 x64 mozilla-esr52 pgo test web-platform-tests-e10s-4", 
16:54:57     INFO -     "buildid": "20180608150819", 
16:54:57     INFO -     "pgo_build": "True", 
16:54:57     INFO -     "basedir": "/builds/slave/test", 
16:54:57     INFO -     "buildnumber": 40, 
16:54:57     INFO -     "slavename": "tst-linux64-spot-015", 
16:54:57     INFO -     "master": "http://buildbot-master52.bb.releng.use1.mozilla.com:8201/", 
16:54:57     INFO -     "platform": "linux64", 
16:54:57     INFO -     "branch": "mozilla-esr52", 
16:54:57     INFO -     "revision": "cbfdf01aac455e0591471201c96b89dee98190b5", 
16:54:57     INFO -     "repo_path": "releases/mozilla-esr52", 
16:54:57     INFO -     "moz_repo_path": "", 
16:54:57     INFO -     "stage_platform": "linux64-pgo", 
16:54:57     INFO -     "builduid": "b298b373e93d4f8dbf92436c9ed838a2", 
16:54:57     INFO -     "slavebuilddir": "test"
16:54:57     INFO - }
16:54:57     INFO - Found installer url https://queue.taskcluster.net/v1/task/I1iAdq48Sa60c5BCPWswkg/artifacts/public/build/firefox-52.8.2.en-US.linux-x86_64.tar.bz2.
16:54:57     INFO - Found a test packages url https://queue.taskcluster.net/v1/task/I1iAdq48Sa60c5BCPWswkg/artifacts/public/build/firefox-52.8.2.en-US.linux-x86_64.test_packages.json.
16:54:57     INFO - Running post-action listener: _resource_record_post_action
16:54:57     INFO - [mozharness: 2018-06-08 23:54:57.771569Z] Finished read-buildbot-config step (success)
16:54:57     INFO - [mozharness: 2018-06-08 23:54:57.771974Z] Running download-and-extract step.
16:54:57     INFO - Running pre-action listener: _resource_record_pre_action
16:54:57     INFO - Running main action method: download_and_extract
16:54:57     INFO - mkdir: /builds/slave/test/build/tests
16:54:57     INFO - Downloading https://queue.taskcluster.net/v1/task/I1iAdq48Sa60c5BCPWswkg/artifacts/public/build/firefox-52.8.2.en-US.linux-x86_64.test_packages.json to /builds/slave/test/build/firefox-52.8.2.en-US.linux-x86_64.test_packages.json
16:54:57     INFO - retry: Calling _download_file with args: (), kwargs: {'url': 'https://queue.taskcluster.net/v1/task/I1iAdq48Sa60c5BCPWswkg/artifacts/public/build/firefox-52.8.2.en-US.linux-x86_64.test_packages.json', 'file_name': '/builds/slave/test/build/firefox-52.8.2.en-US.linux-x86_64.test_packages.json'}, attempt #1
16:54:59     INFO - Downloaded 1361 bytes.
16:54:59     INFO - Reading from file /builds/slave/test/build/firefox-52.8.2.en-US.linux-x86_64.test_packages.json
16:54:59     INFO - Using the following test package requirements:
16:54:59     INFO - {u'common': [u'firefox-52.8.2.en-US.linux-x86_64.common.tests.zip'],
16:54:59     INFO -  u'cppunittest': [u'firefox-52.8.2.en-US.linux-x86_64.common.tests.zip',
16:54:59     INFO -                   u'firefox-52.8.2.en-US.linux-x86_64.cppunittest.tests.zip'],
16:54:59     INFO -  u'gtest': [u'firefox-52.8.2.en-US.linux-x86_64.common.tests.zip',
16:54:59     INFO -             u'firefox-52.8.2.en-US.linux-x86_64.gtest.tests.zip'],
16:54:59     INFO -  u'jittest': [u'firefox-52.8.2.en-US.linux-x86_64.common.tests.zip',
16:54:59     INFO -               u'jsshell-linux-x86_64.zip'],
16:54:59     INFO -  u'mochitest': [u'firefox-52.8.2.en-US.linux-x86_64.common.tests.zip',
16:54:59     INFO -                 u'firefox-52.8.2.en-US.linux-x86_64.mochitest.tests.zip'],
16:54:59     INFO -  u'mozbase': [u'firefox-52.8.2.en-US.linux-x86_64.common.tests.zip'],
16:54:59     INFO -  u'reftest': [u'firefox-52.8.2.en-US.linux-x86_64.common.tests.zip',
16:54:59     INFO -               u'firefox-52.8.2.en-US.linux-x86_64.reftest.tests.zip'],
16:54:59     INFO -  u'talos': [u'firefox-52.8.2.en-US.linux-x86_64.common.tests.zip',
16:54:59     INFO -             u'firefox-52.8.2.en-US.linux-x86_64.talos.tests.zip'],
16:54:59     INFO -  u'web-platform': [u'firefox-52.8.2.en-US.linux-x86_64.common.tests.zip',
16:54:59     INFO -                    u'firefox-52.8.2.en-US.linux-x86_64.web-platform.tests.zip'],
16:54:59     INFO -  u'xpcshell': [u'firefox-52.8.2.en-US.linux-x86_64.common.tests.zip',
16:54:59     INFO -                u'firefox-52.8.2.en-US.linux-x86_64.xpcshell.tests.zip']}
16:54:59     INFO - Downloading packages: [u'firefox-52.8.2.en-US.linux-x86_64.common.tests.zip', u'firefox-52.8.2.en-US.linux-x86_64.web-platform.tests.zip'] for test suite category: web-platform
16:54:59     INFO - Adding 'mach' for extraction from common.tests zip file
16:54:59     INFO - Adding 'mozinfo.json' for extraction from common.tests zip file
16:54:59     INFO - Downloading and extracting to /builds/slave/test/build/tests these dirs bin/*, config/*, mozbase/*, marionette/*, tools/wptserve/*, web-platform/*, mach, mozinfo.json from https://queue.taskcluster.net/v1/task/I1iAdq48Sa60c5BCPWswkg/artifacts/public/build/firefox-52.8.2.en-US.linux-x86_64.common.tests.zip
16:54:59     INFO - retry: Calling fetch_url_into_memory with args: (), kwargs: {'url': u'https://queue.taskcluster.net/v1/task/I1iAdq48Sa60c5BCPWswkg/artifacts/public/build/firefox-52.8.2.en-US.linux-x86_64.common.tests.zip'}, attempt #1
16:54:59     INFO - Fetch https://queue.taskcluster.net/v1/task/I1iAdq48Sa60c5BCPWswkg/artifacts/public/build/firefox-52.8.2.en-US.linux-x86_64.common.tests.zip into memory
16:55:00     INFO - Http code: 200
16:55:00     INFO - via: 1.1 b04a4cffa8fb4f524ff7edcab1b5ae31.cloudfront.net (CloudFront)
16:55:00     INFO - x-amz-cf-id: d3czkFHTl96rbxKgvhV9YVVLdD1ToCtZyI5joyzd3rop-XbaPTFeQg==
16:55:00     INFO - x-amz-version-id: amyEguiG3.NEsCgIpfpr7ojoc30OcAP5
16:55:02     INFO - Expected file size: 22192748
16:55:02     INFO - Obtained file size: 22192748
16:55:04     INFO - Downloading and extracting to /builds/slave/test/build/tests these dirs bin/*, config/*, mozbase/*, marionette/*, tools/wptserve/*, web-platform/*, mach, mozinfo.json from https://queue.taskcluster.net/v1/task/I1iAdq48Sa60c5BCPWswkg/artifacts/public/build/firefox-52.8.2.en-US.linux-x86_64.web-platform.tests.zip
16:55:04     INFO - retry: Calling fetch_url_into_memory with args: (), kwargs: {'url': u'https://queue.taskcluster.net/v1/task/I1iAdq48Sa60c5BCPWswkg/artifacts/public/build/firefox-52.8.2.en-US.linux-x86_64.web-platform.tests.zip'}, attempt #1
16:55:04     INFO - Fetch https://queue.taskcluster.net/v1/task/I1iAdq48Sa60c5BCPWswkg/artifacts/public/build/firefox-52.8.2.en-US.linux-x86_64.web-platform.tests.zip into memory
16:55:05     INFO - Http code: 200
16:55:05     INFO - via: 1.1 fc7da6323a08a2c16d48dd4939ce0898.cloudfront.net (CloudFront)
16:55:05     INFO - x-amz-cf-id: U5vYaOQIAYptA0S0qtsK3O05mHRLNp5UTsGDL1PG0Z4ZnDiOzBk3jg==
16:55:05     INFO - x-amz-version-id: SgBsh1cJwSpSmDQtewaqhOSYk2L1_BUt
16:55:08     INFO - Expected file size: 43270017
16:55:08     INFO - Obtained file size: 43270017
16:55:30     INFO - Downloading https://queue.taskcluster.net/v1/task/I1iAdq48Sa60c5BCPWswkg/artifacts/public/build/firefox-52.8.2.en-US.linux-x86_64.tar.bz2 to /builds/slave/test/build/firefox-52.8.2.en-US.linux-x86_64.tar.bz2
16:55:30     INFO - retry: Calling _download_file with args: (), kwargs: {'url': 'https://queue.taskcluster.net/v1/task/I1iAdq48Sa60c5BCPWswkg/artifacts/public/build/firefox-52.8.2.en-US.linux-x86_64.tar.bz2', 'file_name': '/builds/slave/test/build/firefox-52.8.2.en-US.linux-x86_64.tar.bz2'}, attempt #1
16:55:35     INFO - Downloaded 57821935 bytes.
16:55:35     INFO - Setting buildbot property build_url to https://queue.taskcluster.net/v1/task/I1iAdq48Sa60c5BCPWswkg/artifacts/public/build/firefox-52.8.2.en-US.linux-x86_64.tar.bz2
16:55:35     INFO - mkdir: /builds/slave/test/properties
16:55:35     INFO - Writing buildbot properties ['build_url'] to /builds/slave/test/properties/build_url
16:55:35     INFO - Writing to file /builds/slave/test/properties/build_url
16:55:35     INFO - Contents:
16:55:35     INFO -  build_url:https://queue.taskcluster.net/v1/task/I1iAdq48Sa60c5BCPWswkg/artifacts/public/build/firefox-52.8.2.en-US.linux-x86_64.tar.bz2
16:55:37     INFO - Running post-action listener: _resource_record_post_action
16:55:37     INFO - Running post-action listener: set_extra_try_arguments
16:55:37     INFO - [mozharness: 2018-06-08 23:55:37.375124Z] Finished download-and-extract step (success)
16:55:37     INFO - [mozharness: 2018-06-08 23:55:37.375517Z] Running fetch-geckodriver step.
16:55:37     INFO - Running pre-action listener: _resource_record_pre_action
16:55:37     INFO - Running main action method: fetch_geckodriver
16:55:37     INFO - Running post-action listener: _resource_record_post_action
16:55:37     INFO - [mozharness: 2018-06-08 23:55:37.419631Z] Finished fetch-geckodriver step (success)
16:55:37     INFO - [mozharness: 2018-06-08 23:55:37.420073Z] Running create-virtualenv step.
16:55:37     INFO - Running pre-action listener: _pre_create_virtualenv
16:55:37     INFO - Running pre-action listener: _resource_record_pre_action
16:55:37     INFO - Running main action method: create_virtualenv
16:55:37     INFO - Creating virtualenv /builds/slave/test/build/venv
16:55:37     INFO - Running command: ['/tools/buildbot/bin/python', '/builds/slave/test/scripts/external_tools/virtualenv/virtualenv.py', '--always-copy', '/builds/slave/test/build/venv'] in /builds/slave/test/build
16:55:37     INFO - Copy/paste: /tools/buildbot/bin/python /builds/slave/test/scripts/external_tools/virtualenv/virtualenv.py --always-copy /builds/slave/test/build/venv
16:55:37     INFO - Using partial env: {'VIRTUALENV_NO_DOWNLOAD': '1'}
16:55:39     INFO -  Using real prefix '/usr'
16:55:39     INFO -  New python executable in /builds/slave/test/build/venv/bin/python
16:55:43     INFO -  Installing setuptools, pip, wheel...done.
16:55:43     INFO - Return code: 0
16:55:43     INFO - Installing psutil>=3.1.1 into virtualenv /builds/slave/test/build/venv
16:55:43     INFO - retry: Calling run_command with args: [['/builds/slave/test/build/venv/bin/pip', 'install', '--timeout', '120', '--no-index', '--find-links', 'http://pypi.pvt.build.mozilla.org/pub', '--find-links', 'http://pypi.pub.build.mozilla.org/pub', '--trusted-host', 'pypi.pub.build.mozilla.org', '--trusted-host', 'pypi.pvt.build.mozilla.org', 'psutil>=3.1.1']], kwargs: {'error_level': 'warning', 'error_list': [{'substr': 'not found or a compiler error:', 'level': 'warning'}, {'regex': <_sre.SRE_Pattern object at 0x28e7110>, 'level': 'error'}, {'regex': <_sre.SRE_Pattern object at 0x7fd0aa63f120>, 'level': 'warning'}, {'regex': <_sre.SRE_Pattern object at 0x2939bf0>, 'level': 'debug'}, {'substr': 'command not found', 'level': 'error'}, {'regex': <_sre.SRE_Pattern object at 0x2a2dd40>, 'level': 'warning'}, {'substr': 'Traceback (most recent call last)', 'level': 'error'}, {'substr': 'SyntaxError: ', 'level': 'error'}, {'substr': 'TypeError: ', 'level': 'error'}, {'substr': 'NameError: ', 'level': 'error'}, {'substr': 'ZeroDivisionError: ', 'level': 'error'}, {'regex': <_sre.SRE_Pattern object at 0x2937c70>, 'level': 'critical'}, {'regex': <_sre.SRE_Pattern object at 0x2938120>, 'level': 'critical'}], 'cwd': '/builds/slave/test/build', 'env': {'TMOUT': '86400', 'LOGNAME': 'cltbld', 'USER': 'cltbld', 'HOME': '/home/cltbld', 'PATH': '/usr/local/bin:/usr/local/bin:/usr/bin:/bin:/usr/local/games:/usr/games', 'DISPLAY': ':0', 'CCACHE_UMASK': '002', 'LANG': 'en_US.UTF-8', 'TERM': 'linux', 'SHELL': '/bin/bash', 'MOZ_NODE_PATH': '/usr/bin/node', 'XDG_SESSION_COOKIE': '9ca12473fbb1d023794ffd180000023c-1528502089.809347-963362218', 'SHLVL': '1', 'NO_FAIL_ON_TEST_ERRORS': '1', 'MOZ_NO_REMOTE': '1', 'MOZ_HIDE_RESULTS_TABLE': '1', 'MAIL': '/var/mail/cltbld', '_': '/tools/buildbot/bin/python', 'NODE_PATH': '/usr/lib/nodejs:/usr/lib/node_modules:/usr/share/javascript', 'PWD': '/builds/slave/test', 'PROPERTIES_FILE': '/builds/slave/test/buildprops.json', 'CCACHE_DIR': '/builds/ccache'}}, attempt #1
16:55:43     INFO - Running command: ['/builds/slave/test/build/venv/bin/pip', 'install', '--timeout', '120', '--no-index', '--find-links', 'http://pypi.pvt.build.mozilla.org/pub', '--find-links', 'http://pypi.pub.build.mozilla.org/pub', '--trusted-host', 'pypi.pub.build.mozilla.org', '--trusted-host', 'pypi.pvt.build.mozilla.org', 'psutil>=3.1.1'] in /builds/slave/test/build
16:55:43     INFO - Copy/paste: /builds/slave/test/build/venv/bin/pip install --timeout 120 --no-index --find-links http://pypi.pvt.build.mozilla.org/pub --find-links http://pypi.pub.build.mozilla.org/pub --trusted-host pypi.pub.build.mozilla.org --trusted-host pypi.pvt.build.mozilla.org psutil>=3.1.1
16:55:43     INFO - Using env: {'CCACHE_DIR': '/builds/ccache',
16:55:43     INFO -  'CCACHE_UMASK': '002',
16:55:43     INFO -  'DISPLAY': ':0',
16:55:43     INFO -  'HOME': '/home/cltbld',
16:55:43     INFO -  'LANG': 'en_US.UTF-8',
16:55:43     INFO -  'LOGNAME': 'cltbld',
16:55:43     INFO -  'MAIL': '/var/mail/cltbld',
16:55:43     INFO -  'MOZ_HIDE_RESULTS_TABLE': '1',
16:55:43     INFO -  'MOZ_NODE_PATH': '/usr/bin/node',
16:55:43     INFO -  'MOZ_NO_REMOTE': '1',
16:55:43     INFO -  'NODE_PATH': '/usr/lib/nodejs:/usr/lib/node_modules:/usr/share/javascript',
16:55:43     INFO -  'NO_FAIL_ON_TEST_ERRORS': '1',
16:55:43     INFO -  'PATH': '/usr/local/bin:/usr/local/bin:/usr/bin:/bin:/usr/local/games:/usr/games',
16:55:43     INFO -  'PROPERTIES_FILE': '/builds/slave/test/buildprops.json',
16:55:43     INFO -  'PWD': '/builds/slave/test',
16:55:43     INFO -  'SHELL': '/bin/bash',
16:55:43     INFO -  'SHLVL': '1',
16:55:43     INFO -  'TERM': 'linux',
16:55:43     INFO -  'TMOUT': '86400',
16:55:43     INFO -  'USER': 'cltbld',
16:55:43     INFO -  'XDG_SESSION_COOKIE': '9ca12473fbb1d023794ffd180000023c-1528502089.809347-963362218',
16:55:43     INFO -  '_': '/tools/buildbot/bin/python'}
16:55:44     INFO -  Ignoring indexes: https://pypi.python.org/simple
16:55:44     INFO -  Collecting psutil>=3.1.1
16:55:44     INFO -  /builds/slave/test/build/venv/lib/python2.7/site-packages/pip/_vendor/requests/packages/urllib3/util/ssl_.py:318: SNIMissingWarning: An HTTPS request has been made, but the SNI (Subject Name Indication) extension to TLS is not available on this platform. This may cause the server to present an incorrect TLS certificate, which can cause validation failures. You can upgrade to a newer version of Python to solve this. For more information, see https://urllib3.readthedocs.org/en/latest/security.html#snimissingwarning.
16:55:44     INFO -    SNIMissingWarning
16:55:44     INFO -  /builds/slave/test/build/venv/lib/python2.7/site-packages/pip/_vendor/requests/packages/urllib3/util/ssl_.py:122: InsecurePlatformWarning: A true SSLContext object is not available. This prevents urllib3 from configuring SSL appropriately and may cause certain SSL connections to fail. You can upgrade to a newer version of Python to solve this. For more information, see https://urllib3.readthedocs.org/en/latest/security.html#insecureplatformwarning.
16:55:44     INFO -    InsecurePlatformWarning
16:55:47     INFO -  /builds/slave/test/build/venv/lib/python2.7/site-packages/pip/_vendor/requests/packages/urllib3/util/ssl_.py:122: InsecurePlatformWarning: A true SSLContext object is not available. This prevents urllib3 from configuring SSL appropriately and may cause certain SSL connections to fail. You can upgrade to a newer version of Python to solve this. For more information, see https://urllib3.readthedocs.org/en/latest/security.html#insecureplatformwarning.
16:55:47     INFO -    InsecurePlatformWarning
16:55:52     INFO -    Downloading https://pypi.pvt.build.mozilla.org/pub/psutil-5.4.3.tar.gz (412kB)
16:55:53     INFO -  Building wheels for collected packages: psutil
16:55:53     INFO -    Running setup.py bdist_wheel for psutil: started
16:55:56     INFO -    Running setup.py bdist_wheel for psutil: finished with status 'done'
16:55:56     INFO -    Stored in directory: /home/cltbld/.cache/pip/wheels/30/c0/c3/5cdb2b64c0d47a81af9c62935a64d83948d2c2b3e7af3eeee2
16:55:56     INFO -  Successfully built psutil
16:55:56     INFO -  Installing collected packages: psutil
16:55:56     INFO -  Successfully installed psutil-5.4.3
16:55:56     INFO - Return code: 0
16:55:56     INFO - Installing mozsystemmonitor==0.3 into virtualenv /builds/slave/test/build/venv
16:55:57     INFO - retry: Calling run_command with args: [['/builds/slave/test/build/venv/bin/pip', 'install', '--timeout', '120', '--no-index', '--find-links', 'http://pypi.pvt.build.mozilla.org/pub', '--find-links', 'http://pypi.pub.build.mozilla.org/pub', '--trusted-host', 'pypi.pub.build.mozilla.org', '--trusted-host', 'pypi.pvt.build.mozilla.org', 'mozsystemmonitor==0.3']], kwargs: {'error_level': 'warning', 'error_list': [{'substr': 'not found or a compiler error:', 'level': 'warning'}, {'regex': <_sre.SRE_Pattern object at 0x28e7110>, 'level': 'error'}, {'regex': <_sre.SRE_Pattern object at 0x7fd0aa63f120>, 'level': 'warning'}, {'regex': <_sre.SRE_Pattern object at 0x2939bf0>, 'level': 'debug'}, {'substr': 'command not found', 'level': 'error'}, {'regex': <_sre.SRE_Pattern object at 0x2a2dd40>, 'level': 'warning'}, {'substr': 'Traceback (most recent call last)', 'level': 'error'}, {'substr': 'SyntaxError: ', 'level': 'error'}, {'substr': 'TypeError: ', 'level': 'error'}, {'substr': 'NameError: ', 'level': 'error'}, {'substr': 'ZeroDivisionError: ', 'level': 'error'}, {'regex': <_sre.SRE_Pattern object at 0x2937c70>, 'level': 'critical'}, {'regex': <_sre.SRE_Pattern object at 0x2938120>, 'level': 'critical'}], 'cwd': '/builds/slave/test/build', 'env': {'TMOUT': '86400', 'LOGNAME': 'cltbld', 'USER': 'cltbld', 'HOME': '/home/cltbld', 'PATH': '/usr/local/bin:/usr/local/bin:/usr/bin:/bin:/usr/local/games:/usr/games', 'DISPLAY': ':0', 'CCACHE_UMASK': '002', 'LANG': 'en_US.UTF-8', 'TERM': 'linux', 'SHELL': '/bin/bash', 'MOZ_NODE_PATH': '/usr/bin/node', 'XDG_SESSION_COOKIE': '9ca12473fbb1d023794ffd180000023c-1528502089.809347-963362218', 'SHLVL': '1', 'NO_FAIL_ON_TEST_ERRORS': '1', 'MOZ_NO_REMOTE': '1', 'MOZ_HIDE_RESULTS_TABLE': '1', 'MAIL': '/var/mail/cltbld', '_': '/tools/buildbot/bin/python', 'NODE_PATH': '/usr/lib/nodejs:/usr/lib/node_modules:/usr/share/javascript', 'PWD': '/builds/slave/test', 'PROPERTIES_FILE': '/builds/slave/test/buildprops.json', 'CCACHE_DIR': '/builds/ccache'}}, attempt #1
16:55:57     INFO - Running command: ['/builds/slave/test/build/venv/bin/pip', 'install', '--timeout', '120', '--no-index', '--find-links', 'http://pypi.pvt.build.mozilla.org/pub', '--find-links', 'http://pypi.pub.build.mozilla.org/pub', '--trusted-host', 'pypi.pub.build.mozilla.org', '--trusted-host', 'pypi.pvt.build.mozilla.org', 'mozsystemmonitor==0.3'] in /builds/slave/test/build
16:55:57     INFO - Copy/paste: /builds/slave/test/build/venv/bin/pip install --timeout 120 --no-index --find-links http://pypi.pvt.build.mozilla.org/pub --find-links http://pypi.pub.build.mozilla.org/pub --trusted-host pypi.pub.build.mozilla.org --trusted-host pypi.pvt.build.mozilla.org mozsystemmonitor==0.3
16:55:57     INFO - Using env: {'CCACHE_DIR': '/builds/ccache',
16:55:57     INFO -  'CCACHE_UMASK': '002',
16:55:57     INFO -  'DISPLAY': ':0',
16:55:57     INFO -  'HOME': '/home/cltbld',
16:55:57     INFO -  'LANG': 'en_US.UTF-8',
16:55:57     INFO -  'LOGNAME': 'cltbld',
16:55:57     INFO -  'MAIL': '/var/mail/cltbld',
16:55:57     INFO -  'MOZ_HIDE_RESULTS_TABLE': '1',
16:55:57     INFO -  'MOZ_NODE_PATH': '/usr/bin/node',
16:55:57     INFO -  'MOZ_NO_REMOTE': '1',
16:55:57     INFO -  'NODE_PATH': '/usr/lib/nodejs:/usr/lib/node_modules:/usr/share/javascript',
16:55:57     INFO -  'NO_FAIL_ON_TEST_ERRORS': '1',
16:55:57     INFO -  'PATH': '/usr/local/bin:/usr/local/bin:/usr/bin:/bin:/usr/local/games:/usr/games',
16:55:57     INFO -  'PROPERTIES_FILE': '/builds/slave/test/buildprops.json',
16:55:57     INFO -  'PWD': '/builds/slave/test',
16:55:57     INFO -  'SHELL': '/bin/bash',
16:55:57     INFO -  'SHLVL': '1',
16:55:57     INFO -  'TERM': 'linux',
16:55:57     INFO -  'TMOUT': '86400',
16:55:57     INFO -  'USER': 'cltbld',
16:55:57     INFO -  'XDG_SESSION_COOKIE': '9ca12473fbb1d023794ffd180000023c-1528502089.809347-963362218',
16:55:57     INFO -  '_': '/tools/buildbot/bin/python'}
16:55:57     INFO -  Ignoring indexes: https://pypi.python.org/simple
16:55:57     INFO -  Collecting mozsystemmonitor==0.3
16:55:58     INFO -  /builds/slave/test/build/venv/lib/python2.7/site-packages/pip/_vendor/requests/packages/urllib3/util/ssl_.py:318: SNIMissingWarning: An HTTPS request has been made, but the SNI (Subject Name Indication) extension to TLS is not available on this platform. This may cause the server to present an incorrect TLS certificate, which can cause validation failures. You can upgrade to a newer version of Python to solve this. For more information, see https://urllib3.readthedocs.org/en/latest/security.html#snimissingwarning.
16:55:58     INFO -    SNIMissingWarning
16:55:58     INFO -  /builds/slave/test/build/venv/lib/python2.7/site-packages/pip/_vendor/requests/packages/urllib3/util/ssl_.py:122: InsecurePlatformWarning: A true SSLContext object is not available. This prevents urllib3 from configuring SSL appropriately and may cause certain SSL connections to fail. You can upgrade to a newer version of Python to solve this. For more information, see https://urllib3.readthedocs.org/en/latest/security.html#insecureplatformwarning.
16:55:58     INFO -    InsecurePlatformWarning
16:56:00     INFO -  /builds/slave/test/build/venv/lib/python2.7/site-packages/pip/_vendor/requests/packages/urllib3/util/ssl_.py:122: InsecurePlatformWarning: A true SSLContext object is not available. This prevents urllib3 from configuring SSL appropriately and may cause certain SSL connections to fail. You can upgrade to a newer version of Python to solve this. For more information, see https://urllib3.readthedocs.org/en/latest/security.html#insecureplatformwarning.
16:56:00     INFO -    InsecurePlatformWarning
16:56:05     INFO -    Downloading https://pypi.pvt.build.mozilla.org/pub/mozsystemmonitor-0.3.tar.gz
16:56:05     INFO -  Requirement already satisfied (use --upgrade to upgrade): psutil>=3.1.1 in ./venv/lib/python2.7/site-packages (from mozsystemmonitor==0.3)
16:56:05     INFO -  Building wheels for collected packages: mozsystemmonitor
16:56:05     INFO -    Running setup.py bdist_wheel for mozsystemmonitor: started
16:56:06     INFO -    Running setup.py bdist_wheel for mozsystemmonitor: finished with status 'done'
16:56:06     INFO -    Stored in directory: /home/cltbld/.cache/pip/wheels/f4/b7/9c/8a88c92aaad7c1d8bbd68513e1d91ad7f62b7465808c516aa8
16:56:06     INFO -  Successfully built mozsystemmonitor
16:56:06     INFO -  Installing collected packages: mozsystemmonitor
16:56:06     INFO -  Successfully installed mozsystemmonitor-0.3
16:56:06     INFO - Return code: 0
16:56:06     INFO - Installing jsonschema==2.5.1 into virtualenv /builds/slave/test/build/venv
16:56:06     INFO - retry: Calling run_command with args: [['/builds/slave/test/build/venv/bin/pip', 'install', '--timeout', '120', '--no-index', '--find-links', 'http://pypi.pvt.build.mozilla.org/pub', '--find-links', 'http://pypi.pub.build.mozilla.org/pub', '--trusted-host', 'pypi.pub.build.mozilla.org', '--trusted-host', 'pypi.pvt.build.mozilla.org', 'jsonschema==2.5.1']], kwargs: {'error_level': 'warning', 'error_list': [{'substr': 'not found or a compiler error:', 'level': 'warning'}, {'regex': <_sre.SRE_Pattern object at 0x28e7110>, 'level': 'error'}, {'regex': <_sre.SRE_Pattern object at 0x7fd0aa63f120>, 'level': 'warning'}, {'regex': <_sre.SRE_Pattern object at 0x2939bf0>, 'level': 'debug'}, {'substr': 'command not found', 'level': 'error'}, {'regex': <_sre.SRE_Pattern object at 0x2a2dd40>, 'level': 'warning'}, {'substr': 'Traceback (most recent call last)', 'level': 'error'}, {'substr': 'SyntaxError: ', 'level': 'error'}, {'substr': 'TypeError: ', 'level': 'error'}, {'substr': 'NameError: ', 'level': 'error'}, {'substr': 'ZeroDivisionError: ', 'level': 'error'}, {'regex': <_sre.SRE_Pattern object at 0x2937c70>, 'level': 'critical'}, {'regex': <_sre.SRE_Pattern object at 0x2938120>, 'level': 'critical'}], 'cwd': '/builds/slave/test/build', 'env': {'TMOUT': '86400', 'LOGNAME': 'cltbld', 'USER': 'cltbld', 'HOME': '/home/cltbld', 'PATH': '/usr/local/bin:/usr/local/bin:/usr/bin:/bin:/usr/local/games:/usr/games', 'DISPLAY': ':0', 'CCACHE_UMASK': '002', 'LANG': 'en_US.UTF-8', 'TERM': 'linux', 'SHELL': '/bin/bash', 'MOZ_NODE_PATH': '/usr/bin/node', 'XDG_SESSION_COOKIE': '9ca12473fbb1d023794ffd180000023c-1528502089.809347-963362218', 'SHLVL': '1', 'NO_FAIL_ON_TEST_ERRORS': '1', 'MOZ_NO_REMOTE': '1', 'MOZ_HIDE_RESULTS_TABLE': '1', 'MAIL': '/var/mail/cltbld', '_': '/tools/buildbot/bin/python', 'NODE_PATH': '/usr/lib/nodejs:/usr/lib/node_modules:/usr/share/javascript', 'PWD': '/builds/slave/test', 'PROPERTIES_FILE': '/builds/slave/test/buildprops.json', 'CCACHE_DIR': '/builds/ccache'}}, attempt #1
16:56:06     INFO - Running command: ['/builds/slave/test/build/venv/bin/pip', 'install', '--timeout', '120', '--no-index', '--find-links', 'http://pypi.pvt.build.mozilla.org/pub', '--find-links', 'http://pypi.pub.build.mozilla.org/pub', '--trusted-host', 'pypi.pub.build.mozilla.org', '--trusted-host', 'pypi.pvt.build.mozilla.org', 'jsonschema==2.5.1'] in /builds/slave/test/build
16:56:06     INFO - Copy/paste: /builds/slave/test/build/venv/bin/pip install --timeout 120 --no-index --find-links http://pypi.pvt.build.mozilla.org/pub --find-links http://pypi.pub.build.mozilla.org/pub --trusted-host pypi.pub.build.mozilla.org --trusted-host pypi.pvt.build.mozilla.org jsonschema==2.5.1
16:56:06     INFO - Using env: {'CCACHE_DIR': '/builds/ccache',
16:56:06     INFO -  'CCACHE_UMASK': '002',
16:56:06     INFO -  'DISPLAY': ':0',
16:56:06     INFO -  'HOME': '/home/cltbld',
16:56:06     INFO -  'LANG': 'en_US.UTF-8',
16:56:06     INFO -  'LOGNAME': 'cltbld',
16:56:06     INFO -  'MAIL': '/var/mail/cltbld',
16:56:06     INFO -  'MOZ_HIDE_RESULTS_TABLE': '1',
16:56:06     INFO -  'MOZ_NODE_PATH': '/usr/bin/node',
16:56:06     INFO -  'MOZ_NO_REMOTE': '1',
16:56:06     INFO -  'NODE_PATH': '/usr/lib/nodejs:/usr/lib/node_modules:/usr/share/javascript',
16:56:06     INFO -  'NO_FAIL_ON_TEST_ERRORS': '1',
16:56:06     INFO -  'PATH': '/usr/local/bin:/usr/local/bin:/usr/bin:/bin:/usr/local/games:/usr/games',
16:56:06     INFO -  'PROPERTIES_FILE': '/builds/slave/test/buildprops.json',
16:56:06     INFO -  'PWD': '/builds/slave/test',
16:56:06     INFO -  'SHELL': '/bin/bash',
16:56:06     INFO -  'SHLVL': '1',
16:56:06     INFO -  'TERM': 'linux',
16:56:06     INFO -  'TMOUT': '86400',
16:56:06     INFO -  'USER': 'cltbld',
16:56:06     INFO -  'XDG_SESSION_COOKIE': '9ca12473fbb1d023794ffd180000023c-1528502089.809347-963362218',
16:56:06     INFO -  '_': '/tools/buildbot/bin/python'}
16:56:07     INFO -  Ignoring indexes: https://pypi.python.org/simple
16:56:07     INFO -  Collecting jsonschema==2.5.1
16:56:07     INFO -  /builds/slave/test/build/venv/lib/python2.7/site-packages/pip/_vendor/requests/packages/urllib3/util/ssl_.py:318: SNIMissingWarning: An HTTPS request has been made, but the SNI (Subject Name Indication) extension to TLS is not available on this platform. This may cause the server to present an incorrect TLS certificate, which can cause validation failures. You can upgrade to a newer version of Python to solve this. For more information, see https://urllib3.readthedocs.org/en/latest/security.html#snimissingwarning.
16:56:07     INFO -    SNIMissingWarning
16:56:07     INFO -  /builds/slave/test/build/venv/lib/python2.7/site-packages/pip/_vendor/requests/packages/urllib3/util/ssl_.py:122: InsecurePlatformWarning: A true SSLContext object is not available. This prevents urllib3 from configuring SSL appropriately and may cause certain SSL connections to fail. You can upgrade to a newer version of Python to solve this. For more information, see https://urllib3.readthedocs.org/en/latest/security.html#insecureplatformwarning.
16:56:07     INFO -    InsecurePlatformWarning
16:56:09     INFO -  /builds/slave/test/build/venv/lib/python2.7/site-packages/pip/_vendor/requests/packages/urllib3/util/ssl_.py:122: InsecurePlatformWarning: A true SSLContext object is not available. This prevents urllib3 from configuring SSL appropriately and may cause certain SSL connections to fail. You can upgrade to a newer version of Python to solve this. For more information, see https://urllib3.readthedocs.org/en/latest/security.html#insecureplatformwarning.
16:56:09     INFO -    InsecurePlatformWarning
16:56:15     INFO -    Downloading https://pypi.pvt.build.mozilla.org/pub/jsonschema-2.5.1-py2.py3-none-any.whl
16:56:15     INFO -  Collecting functools32; python_version == "2.7" (from jsonschema==2.5.1)
16:56:21     INFO -    Downloading https://pypi.pvt.build.mozilla.org/pub/functools32-3.2.3-2.tar.gz
16:56:21     INFO -  Building wheels for collected packages: functools32
16:56:21     INFO -    Running setup.py bdist_wheel for functools32: started
16:56:22     INFO -    Running setup.py bdist_wheel for functools32: finished with status 'done'
16:56:22     INFO -    Stored in directory: /home/cltbld/.cache/pip/wheels/60/8e/5c/cd0944700dbec48e57da97dbe11bcc84b1332f6b43bc89d9b7
16:56:22     INFO -  Successfully built functools32
16:56:22     INFO -  Installing collected packages: functools32, jsonschema
16:56:22     INFO -  Successfully installed functools32-3.2.3.post2 jsonschema-2.5.1
16:56:22     INFO - Return code: 0
16:56:22     INFO - Installing functools32==3.2.3-2 into virtualenv /builds/slave/test/build/venv
16:56:23     INFO - retry: Calling run_command with args: [['/builds/slave/test/build/venv/bin/pip', 'install', '--timeout', '120', '--no-index', '--find-links', 'http://pypi.pvt.build.mozilla.org/pub', '--find-links', 'http://pypi.pub.build.mozilla.org/pub', '--trusted-host', 'pypi.pub.build.mozilla.org', '--trusted-host', 'pypi.pvt.build.mozilla.org', 'functools32==3.2.3-2']], kwargs: {'error_level': 'warning', 'error_list': [{'substr': 'not found or a compiler error:', 'level': 'warning'}, {'regex': <_sre.SRE_Pattern object at 0x28e7110>, 'level': 'error'}, {'regex': <_sre.SRE_Pattern object at 0x7fd0aa63f120>, 'level': 'warning'}, {'regex': <_sre.SRE_Pattern object at 0x2939bf0>, 'level': 'debug'}, {'substr': 'command not found', 'level': 'error'}, {'regex': <_sre.SRE_Pattern object at 0x2a2dd40>, 'level': 'warning'}, {'substr': 'Traceback (most recent call last)', 'level': 'error'}, {'substr': 'SyntaxError: ', 'level': 'error'}, {'substr': 'TypeError: ', 'level': 'error'}, {'substr': 'NameError: ', 'level': 'error'}, {'substr': 'ZeroDivisionError: ', 'level': 'error'}, {'regex': <_sre.SRE_Pattern object at 0x2937c70>, 'level': 'critical'}, {'regex': <_sre.SRE_Pattern object at 0x2938120>, 'level': 'critical'}], 'cwd': '/builds/slave/test/build', 'env': {'TMOUT': '86400', 'LOGNAME': 'cltbld', 'USER': 'cltbld', 'HOME': '/home/cltbld', 'PATH': '/usr/local/bin:/usr/local/bin:/usr/bin:/bin:/usr/local/games:/usr/games', 'DISPLAY': ':0', 'CCACHE_UMASK': '002', 'LANG': 'en_US.UTF-8', 'TERM': 'linux', 'SHELL': '/bin/bash', 'MOZ_NODE_PATH': '/usr/bin/node', 'XDG_SESSION_COOKIE': '9ca12473fbb1d023794ffd180000023c-1528502089.809347-963362218', 'SHLVL': '1', 'NO_FAIL_ON_TEST_ERRORS': '1', 'MOZ_NO_REMOTE': '1', 'MOZ_HIDE_RESULTS_TABLE': '1', 'MAIL': '/var/mail/cltbld', '_': '/tools/buildbot/bin/python', 'NODE_PATH': '/usr/lib/nodejs:/usr/lib/node_modules:/usr/share/javascript', 'PWD': '/builds/slave/test', 'PROPERTIES_FILE': '/builds/slave/test/buildprops.json', 'CCACHE_DIR': '/builds/ccache'}}, attempt #1
16:56:23     INFO - Running command: ['/builds/slave/test/build/venv/bin/pip', 'install', '--timeout', '120', '--no-index', '--find-links', 'http://pypi.pvt.build.mozilla.org/pub', '--find-links', 'http://pypi.pub.build.mozilla.org/pub', '--trusted-host', 'pypi.pub.build.mozilla.org', '--trusted-host', 'pypi.pvt.build.mozilla.org', 'functools32==3.2.3-2'] in /builds/slave/test/build
16:56:23     INFO - Copy/paste: /builds/slave/test/build/venv/bin/pip install --timeout 120 --no-index --find-links http://pypi.pvt.build.mozilla.org/pub --find-links http://pypi.pub.build.mozilla.org/pub --trusted-host pypi.pub.build.mozilla.org --trusted-host pypi.pvt.build.mozilla.org functools32==3.2.3-2
16:56:23     INFO - Using env: {'CCACHE_DIR': '/builds/ccache',
16:56:23     INFO -  'CCACHE_UMASK': '002',
16:56:23     INFO -  'DISPLAY': ':0',
16:56:23     INFO -  'HOME': '/home/cltbld',
16:56:23     INFO -  'LANG': 'en_US.UTF-8',
16:56:23     INFO -  'LOGNAME': 'cltbld',
16:56:23     INFO -  'MAIL': '/var/mail/cltbld',
16:56:23     INFO -  'MOZ_HIDE_RESULTS_TABLE': '1',
16:56:23     INFO -  'MOZ_NODE_PATH': '/usr/bin/node',
16:56:23     INFO -  'MOZ_NO_REMOTE': '1',
16:56:23     INFO -  'NODE_PATH': '/usr/lib/nodejs:/usr/lib/node_modules:/usr/share/javascript',
16:56:23     INFO -  'NO_FAIL_ON_TEST_ERRORS': '1',
16:56:23     INFO -  'PATH': '/usr/local/bin:/usr/local/bin:/usr/bin:/bin:/usr/local/games:/usr/games',
16:56:23     INFO -  'PROPERTIES_FILE': '/builds/slave/test/buildprops.json',
16:56:23     INFO -  'PWD': '/builds/slave/test',
16:56:23     INFO -  'SHELL': '/bin/bash',
16:56:23     INFO -  'SHLVL': '1',
16:56:23     INFO -  'TERM': 'linux',
16:56:23     INFO -  'TMOUT': '86400',
16:56:23     INFO -  'USER': 'cltbld',
16:56:23     INFO -  'XDG_SESSION_COOKIE': '9ca12473fbb1d023794ffd180000023c-1528502089.809347-963362218',
16:56:23     INFO -  '_': '/tools/buildbot/bin/python'}
16:56:23     INFO -  Ignoring indexes: https://pypi.python.org/simple
16:56:23     INFO -  Requirement already satisfied (use --upgrade to upgrade): functools32==3.2.3-2 in ./venv/lib/python2.7/site-packages
16:56:23     INFO - Return code: 0
16:56:23     INFO - Installing blobuploader==1.2.4 into virtualenv /builds/slave/test/build/venv
16:56:24     INFO - retry: Calling run_command with args: [['/builds/slave/test/build/venv/bin/pip', 'install', '--timeout', '120', '--no-index', '--find-links', 'http://pypi.pvt.build.mozilla.org/pub', '--find-links', 'http://pypi.pub.build.mozilla.org/pub', '--trusted-host', 'pypi.pub.build.mozilla.org', '--trusted-host', 'pypi.pvt.build.mozilla.org', 'blobuploader==1.2.4']], kwargs: {'error_level': 'warning', 'error_list': [{'substr': 'not found or a compiler error:', 'level': 'warning'}, {'regex': <_sre.SRE_Pattern object at 0x28e7110>, 'level': 'error'}, {'regex': <_sre.SRE_Pattern object at 0x7fd0aa63f120>, 'level': 'warning'}, {'regex': <_sre.SRE_Pattern object at 0x2939bf0>, 'level': 'debug'}, {'substr': 'command not found', 'level': 'error'}, {'regex': <_sre.SRE_Pattern object at 0x2a2dd40>, 'level': 'warning'}, {'substr': 'Traceback (most recent call last)', 'level': 'error'}, {'substr': 'SyntaxError: ', 'level': 'error'}, {'substr': 'TypeError: ', 'level': 'error'}, {'substr': 'NameError: ', 'level': 'error'}, {'substr': 'ZeroDivisionError: ', 'level': 'error'}, {'regex': <_sre.SRE_Pattern object at 0x2937c70>, 'level': 'critical'}, {'regex': <_sre.SRE_Pattern object at 0x2938120>, 'level': 'critical'}], 'cwd': '/builds/slave/test/build', 'env': {'TMOUT': '86400', 'LOGNAME': 'cltbld', 'USER': 'cltbld', 'HOME': '/home/cltbld', 'PATH': '/usr/local/bin:/usr/local/bin:/usr/bin:/bin:/usr/local/games:/usr/games', 'DISPLAY': ':0', 'CCACHE_UMASK': '002', 'LANG': 'en_US.UTF-8', 'TERM': 'linux', 'SHELL': '/bin/bash', 'MOZ_NODE_PATH': '/usr/bin/node', 'XDG_SESSION_COOKIE': '9ca12473fbb1d023794ffd180000023c-1528502089.809347-963362218', 'SHLVL': '1', 'NO_FAIL_ON_TEST_ERRORS': '1', 'MOZ_NO_REMOTE': '1', 'MOZ_HIDE_RESULTS_TABLE': '1', 'MAIL': '/var/mail/cltbld', '_': '/tools/buildbot/bin/python', 'NODE_PATH': '/usr/lib/nodejs:/usr/lib/node_modules:/usr/share/javascript', 'PWD': '/builds/slave/test', 'PROPERTIES_FILE': '/builds/slave/test/buildprops.json', 'CCACHE_DIR': '/builds/ccache'}}, attempt #1
16:56:24     INFO - Running command: ['/builds/slave/test/build/venv/bin/pip', 'install', '--timeout', '120', '--no-index', '--find-links', 'http://pypi.pvt.build.mozilla.org/pub', '--find-links', 'http://pypi.pub.build.mozilla.org/pub', '--trusted-host', 'pypi.pub.build.mozilla.org', '--trusted-host', 'pypi.pvt.build.mozilla.org', 'blobuploader==1.2.4'] in /builds/slave/test/build
16:56:24     INFO - Copy/paste: /builds/slave/test/build/venv/bin/pip install --timeout 120 --no-index --find-links http://pypi.pvt.build.mozilla.org/pub --find-links http://pypi.pub.build.mozilla.org/pub --trusted-host pypi.pub.build.mozilla.org --trusted-host pypi.pvt.build.mozilla.org blobuploader==1.2.4
16:56:24     INFO - Using env: {'CCACHE_DIR': '/builds/ccache',
16:56:24     INFO -  'CCACHE_UMASK': '002',
16:56:24     INFO -  'DISPLAY': ':0',
16:56:24     INFO -  'HOME': '/home/cltbld',
16:56:24     INFO -  'LANG': 'en_US.UTF-8',
16:56:24     INFO -  'LOGNAME': 'cltbld',
16:56:24     INFO -  'MAIL': '/var/mail/cltbld',
16:56:24     INFO -  'MOZ_HIDE_RESULTS_TABLE': '1',
16:56:24     INFO -  'MOZ_NODE_PATH': '/usr/bin/node',
16:56:24     INFO -  'MOZ_NO_REMOTE': '1',
16:56:24     INFO -  'NODE_PATH': '/usr/lib/nodejs:/usr/lib/node_modules:/usr/share/javascript',
16:56:24     INFO -  'NO_FAIL_ON_TEST_ERRORS': '1',
16:56:24     INFO -  'PATH': '/usr/local/bin:/usr/local/bin:/usr/bin:/bin:/usr/local/games:/usr/games',
16:56:24     INFO -  'PROPERTIES_FILE': '/builds/slave/test/buildprops.json',
16:56:24     INFO -  'PWD': '/builds/slave/test',
16:56:24     INFO -  'SHELL': '/bin/bash',
16:56:24     INFO -  'SHLVL': '1',
16:56:24     INFO -  'TERM': 'linux',
16:56:24     INFO -  'TMOUT': '86400',
16:56:24     INFO -  'USER': 'cltbld',
16:56:24     INFO -  'XDG_SESSION_COOKIE': '9ca12473fbb1d023794ffd180000023c-1528502089.809347-963362218',
16:56:24     INFO -  '_': '/tools/buildbot/bin/python'}
16:56:24     INFO -  Ignoring indexes: https://pypi.python.org/simple
16:56:24     INFO -  Collecting blobuploader==1.2.4
16:56:25     INFO -  /builds/slave/test/build/venv/lib/python2.7/site-packages/pip/_vendor/requests/packages/urllib3/util/ssl_.py:318: SNIMissingWarning: An HTTPS request has been made, but the SNI (Subject Name Indication) extension to TLS is not available on this platform. This may cause the server to present an incorrect TLS certificate, which can cause validation failures. You can upgrade to a newer version of Python to solve this. For more information, see https://urllib3.readthedocs.org/en/latest/security.html#snimissingwarning.
16:56:25     INFO -    SNIMissingWarning
16:56:25     INFO -  /builds/slave/test/build/venv/lib/python2.7/site-packages/pip/_vendor/requests/packages/urllib3/util/ssl_.py:122: InsecurePlatformWarning: A true SSLContext object is not available. This prevents urllib3 from configuring SSL appropriately and may cause certain SSL connections to fail. You can upgrade to a newer version of Python to solve this. For more information, see https://urllib3.readthedocs.org/en/latest/security.html#insecureplatformwarning.
16:56:25     INFO -    InsecurePlatformWarning
16:56:27     INFO -  /builds/slave/test/build/venv/lib/python2.7/site-packages/pip/_vendor/requests/packages/urllib3/util/ssl_.py:122: InsecurePlatformWarning: A true SSLContext object is not available. This prevents urllib3 from configuring SSL appropriately and may cause certain SSL connections to fail. You can upgrade to a newer version of Python to solve this. For more information, see https://urllib3.readthedocs.org/en/latest/security.html#insecureplatformwarning.
16:56:27     INFO -    InsecurePlatformWarning
16:56:32     INFO -    Downloading https://pypi.pvt.build.mozilla.org/pub/blobuploader-1.2.4.tar.gz
16:56:32     INFO -  Collecting requests==1.2.3. (from blobuploader==1.2.4)
16:56:38     INFO -    Downloading https://pypi.pvt.build.mozilla.org/pub/requests-1.2.3.tar.gz (348kB)
16:56:39     INFO -  Collecting docopt==0.6.1 (from blobuploader==1.2.4)
16:56:45     INFO -    Downloading https://pypi.pvt.build.mozilla.org/pub/docopt-0.6.1.tar.gz
16:56:46     INFO -  Building wheels for collected packages: blobuploader, requests, docopt
16:56:46     INFO -    Running setup.py bdist_wheel for blobuploader: started
16:56:46     INFO -    Running setup.py bdist_wheel for blobuploader: finished with status 'done'
16:56:46     INFO -    Stored in directory: /home/cltbld/.cache/pip/wheels/a7/2a/47/2d3828e4129ffeb548a26f4a87889dc9bc1a58e201a0ff8655
16:56:46     INFO -    Running setup.py bdist_wheel for requests: started
16:56:47     INFO -    Running setup.py bdist_wheel for requests: finished with status 'done'
16:56:47     INFO -    Stored in directory: /home/cltbld/.cache/pip/wheels/65/bb/90/359b65a7043ffc879dde877c4ad827f452218808c6cccf2658
16:56:47     INFO -    Running setup.py bdist_wheel for docopt: started
16:56:47     INFO -    Running setup.py bdist_wheel for docopt: finished with status 'done'
16:56:47     INFO -    Stored in directory: /home/cltbld/.cache/pip/wheels/ac/8b/84/7dbe9ada02c48c352fa733c81648516f92c6436f9d5bffad41
16:56:47     INFO -  Successfully built blobuploader requests docopt
16:56:47     INFO -  Installing collected packages: requests, docopt, blobuploader
16:56:48     INFO -  Successfully installed blobuploader-1.2.4 docopt-0.6.1 requests-1.2.3
16:56:48     INFO - Return code: 0
16:56:48     INFO - Installing None into virtualenv /builds/slave/test/build/venv
16:56:49     INFO - retry: Calling run_command with args: [['/builds/slave/test/build/venv/bin/pip', 'install', '--no-deps', '--timeout', '120', '-r', '/builds/slave/test/build/tests/config/marionette_requirements.txt', '--no-index', '--find-links', 'http://pypi.pvt.build.mozilla.org/pub', '--find-links', 'http://pypi.pub.build.mozilla.org/pub', '--trusted-host', 'pypi.pub.build.mozilla.org', '--trusted-host', 'pypi.pvt.build.mozilla.org']], kwargs: {'error_level': 'warning', 'error_list': [{'substr': 'not found or a compiler error:', 'level': 'warning'}, {'regex': <_sre.SRE_Pattern object at 0x28e7110>, 'level': 'error'}, {'regex': <_sre.SRE_Pattern object at 0x7fd0aa63f120>, 'level': 'warning'}, {'regex': <_sre.SRE_Pattern object at 0x2939bf0>, 'level': 'debug'}, {'substr': 'command not found', 'level': 'error'}, {'regex': <_sre.SRE_Pattern object at 0x2a2dd40>, 'level': 'warning'}, {'substr': 'Traceback (most recent call last)', 'level': 'error'}, {'substr': 'SyntaxError: ', 'level': 'error'}, {'substr': 'TypeError: ', 'level': 'error'}, {'substr': 'NameError: ', 'level': 'error'}, {'substr': 'ZeroDivisionError: ', 'level': 'error'}, {'regex': <_sre.SRE_Pattern object at 0x2937c70>, 'level': 'critical'}, {'regex': <_sre.SRE_Pattern object at 0x2938120>, 'level': 'critical'}], 'cwd': '/builds/slave/test/build/tests/config', 'env': {'TMOUT': '86400', 'LOGNAME': 'cltbld', 'USER': 'cltbld', 'HOME': '/home/cltbld', 'PATH': '/usr/local/bin:/usr/local/bin:/usr/bin:/bin:/usr/local/games:/usr/games', 'DISPLAY': ':0', 'CCACHE_UMASK': '002', 'LANG': 'en_US.UTF-8', 'TERM': 'linux', 'SHELL': '/bin/bash', 'MOZ_NODE_PATH': '/usr/bin/node', 'XDG_SESSION_COOKIE': '9ca12473fbb1d023794ffd180000023c-1528502089.809347-963362218', 'SHLVL': '1', 'NO_FAIL_ON_TEST_ERRORS': '1', 'MOZ_NO_REMOTE': '1', 'MOZ_HIDE_RESULTS_TABLE': '1', 'MAIL': '/var/mail/cltbld', '_': '/tools/buildbot/bin/python', 'NODE_PATH': '/usr/lib/nodejs:/usr/lib/node_modules:/usr/share/javascript', 'PWD': '/builds/slave/test', 'PROPERTIES_FILE': '/builds/slave/test/buildprops.json', 'CCACHE_DIR': '/builds/ccache'}}, attempt #1
16:56:49     INFO - Running command: ['/builds/slave/test/build/venv/bin/pip', 'install', '--no-deps', '--timeout', '120', '-r', '/builds/slave/test/build/tests/config/marionette_requirements.txt', '--no-index', '--find-links', 'http://pypi.pvt.build.mozilla.org/pub', '--find-links', 'http://pypi.pub.build.mozilla.org/pub', '--trusted-host', 'pypi.pub.build.mozilla.org', '--trusted-host', 'pypi.pvt.build.mozilla.org'] in /builds/slave/test/build/tests/config
16:56:49     INFO - Copy/paste: /builds/slave/test/build/venv/bin/pip install --no-deps --timeout 120 -r /builds/slave/test/build/tests/config/marionette_requirements.txt --no-index --find-links http://pypi.pvt.build.mozilla.org/pub --find-links http://pypi.pub.build.mozilla.org/pub --trusted-host pypi.pub.build.mozilla.org --trusted-host pypi.pvt.build.mozilla.org
16:56:49     INFO - Using env: {'CCACHE_DIR': '/builds/ccache',
16:56:49     INFO -  'CCACHE_UMASK': '002',
16:56:49     INFO -  'DISPLAY': ':0',
16:56:49     INFO -  'HOME': '/home/cltbld',
16:56:49     INFO -  'LANG': 'en_US.UTF-8',
16:56:49     INFO -  'LOGNAME': 'cltbld',
16:56:49     INFO -  'MAIL': '/var/mail/cltbld',
16:56:49     INFO -  'MOZ_HIDE_RESULTS_TABLE': '1',
16:56:49     INFO -  'MOZ_NODE_PATH': '/usr/bin/node',
16:56:49     INFO -  'MOZ_NO_REMOTE': '1',
16:56:49     INFO -  'NODE_PATH': '/usr/lib/nodejs:/usr/lib/node_modules:/usr/share/javascript',
16:56:49     INFO -  'NO_FAIL_ON_TEST_ERRORS': '1',
16:56:49     INFO -  'PATH': '/usr/local/bin:/usr/local/bin:/usr/bin:/bin:/usr/local/games:/usr/games',
16:56:49     INFO -  'PROPERTIES_FILE': '/builds/slave/test/buildprops.json',
16:56:49     INFO -  'PWD': '/builds/slave/test',
16:56:49     INFO -  'SHELL': '/bin/bash',
16:56:49     INFO -  'SHLVL': '1',
16:56:49     INFO -  'TERM': 'linux',
16:56:49     INFO -  'TMOUT': '86400',
16:56:49     INFO -  'USER': 'cltbld',
16:56:49     INFO -  'XDG_SESSION_COOKIE': '9ca12473fbb1d023794ffd180000023c-1528502089.809347-963362218',
16:56:49     INFO -  '_': '/tools/buildbot/bin/python'}
16:56:50     INFO -  Ignoring indexes: https://pypi.python.org/simple
16:56:50     INFO -  Processing /builds/slave/test/build/tests/mozbase/manifestparser
16:56:50     INFO -  Processing /builds/slave/test/build/tests/mozbase/mozcrash
16:56:51     INFO -  Processing /builds/slave/test/build/tests/mozbase/mozdebug
16:56:51     INFO -  Processing /builds/slave/test/build/tests/mozbase/mozdevice
16:56:51     INFO -  Processing /builds/slave/test/build/tests/mozbase/mozfile
16:56:52     INFO -  Processing /builds/slave/test/build/tests/mozbase/mozhttpd
16:56:52     INFO -  Processing /builds/slave/test/build/tests/mozbase/mozinfo
16:56:52     INFO -  Processing /builds/slave/test/build/tests/mozbase/mozinstall
16:56:53     INFO -  Processing /builds/slave/test/build/tests/mozbase/mozleak
16:56:53     INFO -  Processing /builds/slave/test/build/tests/mozbase/mozlog
16:56:54     INFO -  Processing /builds/slave/test/build/tests/mozbase/moznetwork
16:56:54     INFO -  Processing /builds/slave/test/build/tests/mozbase/mozprocess
16:56:55     INFO -  Processing /builds/slave/test/build/tests/mozbase/mozprofile
16:56:55     INFO -  Processing /builds/slave/test/build/tests/mozbase/mozrunner
16:56:56     INFO -  Processing /builds/slave/test/build/tests/mozbase/mozscreenshot
16:56:56     INFO -  Processing /builds/slave/test/build/tests/mozbase/moztest
16:56:57     INFO -  Processing /builds/slave/test/build/tests/mozbase/mozversion
16:56:57     INFO -  Processing /builds/slave/test/build/tests/tools/wptserve
16:56:57     INFO -  Processing /builds/slave/test/build/tests/marionette/client
16:56:58     INFO -  Processing /builds/slave/test/build/tests/marionette/harness/marionette_harness/runner/mixins/browsermob-proxy-py
16:56:58     INFO -  Processing /builds/slave/test/build/tests/marionette/harness
16:56:59     INFO -  Processing /builds/slave/test/build/tests/marionette/puppeteer/firefox
16:56:59     INFO -  Building wheels for collected packages: browsermob-proxy
16:56:59     INFO -    Running setup.py bdist_wheel for browsermob-proxy: started
16:57:00     INFO -    Running setup.py bdist_wheel for browsermob-proxy: finished with status 'done'
16:57:00     INFO -    Stored in directory: /home/cltbld/.cache/pip/wheels/10/00/c1/79bb793b6a7eb4dca9dfd244010f550ae5044951bcd23c261e
16:57:00     INFO -  Successfully built browsermob-proxy
16:57:00     INFO -  Installing collected packages: manifestparser, mozcrash, mozdebug, mozdevice, mozfile, mozhttpd, mozinfo, mozInstall, mozleak, mozlog, moznetwork, mozprocess, mozprofile, mozrunner, mozscreenshot, moztest, mozversion, wptserve, marionette-driver, browsermob-proxy, marionette-harness, firefox-puppeteer
16:57:00     INFO -    Running setup.py install for manifestparser: started
16:57:00     INFO -      Running setup.py install for manifestparser: finished with status 'done'
16:57:00     INFO -    Running setup.py install for mozcrash: started
16:57:01     INFO -      Running setup.py install for mozcrash: finished with status 'done'
16:57:01     INFO -    Running setup.py install for mozdebug: started
16:57:01     INFO -      Running setup.py install for mozdebug: finished with status 'done'
16:57:01     INFO -    Running setup.py install for mozdevice: started
16:57:02     INFO -      Running setup.py install for mozdevice: finished with status 'done'
16:57:02     INFO -    Running setup.py install for mozfile: started
16:57:02     INFO -      Running setup.py install for mozfile: finished with status 'done'
16:57:02     INFO -    Running setup.py install for mozhttpd: started
16:57:03     INFO -      Running setup.py install for mozhttpd: finished with status 'done'
16:57:03     INFO -    Running setup.py install for mozinfo: started
16:57:03     INFO -      Running setup.py install for mozinfo: finished with status 'done'
16:57:03     INFO -    Running setup.py install for mozInstall: started
16:57:04     INFO -      Running setup.py install for mozInstall: finished with status 'done'
16:57:04     INFO -    Running setup.py install for mozleak: started
16:57:04     INFO -      Running setup.py install for mozleak: finished with status 'done'
16:57:04     INFO -    Running setup.py install for mozlog: started
16:57:05     INFO -      Running setup.py install for mozlog: finished with status 'done'
16:57:05     INFO -    Running setup.py install for moznetwork: started
16:57:05     INFO -      Running setup.py install for moznetwork: finished with status 'done'
16:57:05     INFO -    Running setup.py install for mozprocess: started
16:57:06     INFO -      Running setup.py install for mozprocess: finished with status 'done'
16:57:06     INFO -    Running setup.py install for mozprofile: started
16:57:06     INFO -      Running setup.py install for mozprofile: finished with status 'done'
16:57:06     INFO -    Running setup.py install for mozrunner: started
16:57:07     INFO -      Running setup.py install for mozrunner: finished with status 'done'
16:57:07     INFO -    Running setup.py install for mozscreenshot: started
16:57:08     INFO -      Running setup.py install for mozscreenshot: finished with status 'done'
16:57:08     INFO -    Running setup.py install for moztest: started
16:57:08     INFO -      Running setup.py install for moztest: finished with status 'done'
16:57:08     INFO -    Running setup.py install for mozversion: started
16:57:09     INFO -      Running setup.py install for mozversion: finished with status 'done'
16:57:09     INFO -    Running setup.py install for wptserve: started
16:57:10     INFO -      Running setup.py install for wptserve: finished with status 'done'
16:57:10     INFO -    Running setup.py install for marionette-driver: started
16:57:11     INFO -      Running setup.py install for marionette-driver: finished with status 'done'
16:57:11     INFO -    Running setup.py install for marionette-harness: started
16:57:12     INFO -      Running setup.py install for marionette-harness: finished with status 'done'
16:57:12     INFO -    Running setup.py install for firefox-puppeteer: started
16:57:13     INFO -      Running setup.py install for firefox-puppeteer: finished with status 'done'
16:57:15     INFO -  Successfully installed browsermob-proxy-0.6.0 firefox-puppeteer-52.1.0 manifestparser-1.1 marionette-driver-2.2.0 marionette-harness-4.0.0 mozInstall-1.12 mozcrash-1.0 mozdebug-0.1 mozdevice-0.48 mozfile-1.2 mozhttpd-0.7 mozinfo-0.9 mozleak-0.1 mozlog-3.4 moznetwork-0.27 mozprocess-0.23 mozprofile-0.28 mozrunner-6.13 mozscreenshot-0.1 moztest-0.8 mozversion-1.4 wptserve-1.4.0
16:57:15     INFO - Return code: 0
16:57:15     INFO - Installing None into virtualenv /builds/slave/test/build/venv
16:57:15     INFO - retry: Calling run_command with args: [['/builds/slave/test/build/venv/bin/pip', 'install', '--timeout', '120', '-r', '/builds/slave/test/build/tests/config/marionette_requirements.txt', '--no-index', '--find-links', 'http://pypi.pvt.build.mozilla.org/pub', '--find-links', 'http://pypi.pub.build.mozilla.org/pub', '--trusted-host', 'pypi.pub.build.mozilla.org', '--trusted-host', 'pypi.pvt.build.mozilla.org']], kwargs: {'error_level': 'warning', 'error_list': [{'substr': 'not found or a compiler error:', 'level': 'warning'}, {'regex': <_sre.SRE_Pattern object at 0x28e7110>, 'level': 'error'}, {'regex': <_sre.SRE_Pattern object at 0x7fd0aa63f120>, 'level': 'warning'}, {'regex': <_sre.SRE_Pattern object at 0x2939bf0>, 'level': 'debug'}, {'substr': 'command not found', 'level': 'error'}, {'regex': <_sre.SRE_Pattern object at 0x2a2dd40>, 'level': 'warning'}, {'substr': 'Traceback (most recent call last)', 'level': 'error'}, {'substr': 'SyntaxError: ', 'level': 'error'}, {'substr': 'TypeError: ', 'level': 'error'}, {'substr': 'NameError: ', 'level': 'error'}, {'substr': 'ZeroDivisionError: ', 'level': 'error'}, {'regex': <_sre.SRE_Pattern object at 0x2937c70>, 'level': 'critical'}, {'regex': <_sre.SRE_Pattern object at 0x2938120>, 'level': 'critical'}], 'cwd': '/builds/slave/test/build/tests/config', 'env': {'TMOUT': '86400', 'LOGNAME': 'cltbld', 'USER': 'cltbld', 'HOME': '/home/cltbld', 'PATH': '/usr/local/bin:/usr/local/bin:/usr/bin:/bin:/usr/local/games:/usr/games', 'DISPLAY': ':0', 'CCACHE_UMASK': '002', 'LANG': 'en_US.UTF-8', 'TERM': 'linux', 'SHELL': '/bin/bash', 'MOZ_NODE_PATH': '/usr/bin/node', 'XDG_SESSION_COOKIE': '9ca12473fbb1d023794ffd180000023c-1528502089.809347-963362218', 'SHLVL': '1', 'NO_FAIL_ON_TEST_ERRORS': '1', 'MOZ_NO_REMOTE': '1', 'MOZ_HIDE_RESULTS_TABLE': '1', 'MAIL': '/var/mail/cltbld', '_': '/tools/buildbot/bin/python', 'NODE_PATH': '/usr/lib/nodejs:/usr/lib/node_modules:/usr/share/javascript', 'PWD': '/builds/slave/test', 'PROPERTIES_FILE': '/builds/slave/test/buildprops.json', 'CCACHE_DIR': '/builds/ccache'}}, attempt #1
16:57:15     INFO - Running command: ['/builds/slave/test/build/venv/bin/pip', 'install', '--timeout', '120', '-r', '/builds/slave/test/build/tests/config/marionette_requirements.txt', '--no-index', '--find-links', 'http://pypi.pvt.build.mozilla.org/pub', '--find-links', 'http://pypi.pub.build.mozilla.org/pub', '--trusted-host', 'pypi.pub.build.mozilla.org', '--trusted-host', 'pypi.pvt.build.mozilla.org'] in /builds/slave/test/build/tests/config
16:57:15     INFO - Copy/paste: /builds/slave/test/build/venv/bin/pip install --timeout 120 -r /builds/slave/test/build/tests/config/marionette_requirements.txt --no-index --find-links http://pypi.pvt.build.mozilla.org/pub --find-links http://pypi.pub.build.mozilla.org/pub --trusted-host pypi.pub.build.mozilla.org --trusted-host pypi.pvt.build.mozilla.org
16:57:15     INFO - Using env: {'CCACHE_DIR': '/builds/ccache',
16:57:15     INFO -  'CCACHE_UMASK': '002',
16:57:15     INFO -  'DISPLAY': ':0',
16:57:15     INFO -  'HOME': '/home/cltbld',
16:57:15     INFO -  'LANG': 'en_US.UTF-8',
16:57:15     INFO -  'LOGNAME': 'cltbld',
16:57:15     INFO -  'MAIL': '/var/mail/cltbld',
16:57:15     INFO -  'MOZ_HIDE_RESULTS_TABLE': '1',
16:57:15     INFO -  'MOZ_NODE_PATH': '/usr/bin/node',
16:57:15     INFO -  'MOZ_NO_REMOTE': '1',
16:57:15     INFO -  'NODE_PATH': '/usr/lib/nodejs:/usr/lib/node_modules:/usr/share/javascript',
16:57:15     INFO -  'NO_FAIL_ON_TEST_ERRORS': '1',
16:57:15     INFO -  'PATH': '/usr/local/bin:/usr/local/bin:/usr/bin:/bin:/usr/local/games:/usr/games',
16:57:15     INFO -  'PROPERTIES_FILE': '/builds/slave/test/buildprops.json',
16:57:15     INFO -  'PWD': '/builds/slave/test',
16:57:15     INFO -  'SHELL': '/bin/bash',
16:57:15     INFO -  'SHLVL': '1',
16:57:15     INFO -  'TERM': 'linux',
16:57:15     INFO -  'TMOUT': '86400',
16:57:15     INFO -  'USER': 'cltbld',
16:57:15     INFO -  'XDG_SESSION_COOKIE': '9ca12473fbb1d023794ffd180000023c-1528502089.809347-963362218',
16:57:15     INFO -  '_': '/tools/buildbot/bin/python'}
16:57:16     INFO -  Ignoring indexes: https://pypi.python.org/simple
16:57:16     INFO -  Processing /builds/slave/test/build/tests/mozbase/manifestparser
16:57:16     INFO -    Requirement already satisfied (use --upgrade to upgrade): manifestparser==1.1 from file:///builds/slave/test/build/tests/mozbase/manifestparser in /builds/slave/test/build/venv/lib/python2.7/site-packages (from -r /builds/slave/test/build/tests/config/mozbase_requirements.txt (line 1))
16:57:16     INFO -  Processing /builds/slave/test/build/tests/mozbase/mozcrash
16:57:17     INFO -    Requirement already satisfied (use --upgrade to upgrade): mozcrash==1.0 from file:///builds/slave/test/build/tests/mozbase/mozcrash in /builds/slave/test/build/venv/lib/python2.7/site-packages (from -r /builds/slave/test/build/tests/config/mozbase_requirements.txt (line 2))
16:57:17     INFO -  Processing /builds/slave/test/build/tests/mozbase/mozdebug
16:57:17     INFO -    Requirement already satisfied (use --upgrade to upgrade): mozdebug==0.1 from file:///builds/slave/test/build/tests/mozbase/mozdebug in /builds/slave/test/build/venv/lib/python2.7/site-packages (from -r /builds/slave/test/build/tests/config/mozbase_requirements.txt (line 3))
16:57:17     INFO -  Processing /builds/slave/test/build/tests/mozbase/mozdevice
16:57:18     INFO -    Requirement already satisfied (use --upgrade to upgrade): mozdevice==0.48 from file:///builds/slave/test/build/tests/mozbase/mozdevice in /builds/slave/test/build/venv/lib/python2.7/site-packages (from -r /builds/slave/test/build/tests/config/mozbase_requirements.txt (line 4))
16:57:18     INFO -  Processing /builds/slave/test/build/tests/mozbase/mozfile
16:57:18     INFO -    Requirement already satisfied (use --upgrade to upgrade): mozfile==1.2 from file:///builds/slave/test/build/tests/mozbase/mozfile in /builds/slave/test/build/venv/lib/python2.7/site-packages (from -r /builds/slave/test/build/tests/config/mozbase_requirements.txt (line 5))
16:57:18     INFO -  Processing /builds/slave/test/build/tests/mozbase/mozhttpd
16:57:19     INFO -    Requirement already satisfied (use --upgrade to upgrade): mozhttpd==0.7 from file:///builds/slave/test/build/tests/mozbase/mozhttpd in /builds/slave/test/build/venv/lib/python2.7/site-packages (from -r /builds/slave/test/build/tests/config/mozbase_requirements.txt (line 6))
16:57:19     INFO -  Processing /builds/slave/test/build/tests/mozbase/mozinfo
16:57:19     INFO -    Requirement already satisfied (use --upgrade to upgrade): mozinfo==0.9 from file:///builds/slave/test/build/tests/mozbase/mozinfo in /builds/slave/test/build/venv/lib/python2.7/site-packages (from -r /builds/slave/test/build/tests/config/mozbase_requirements.txt (line 7))
16:57:19     INFO -  Processing /builds/slave/test/build/tests/mozbase/mozinstall
16:57:19     INFO -    Requirement already satisfied (use --upgrade to upgrade): mozInstall==1.12 from file:///builds/slave/test/build/tests/mozbase/mozinstall in /builds/slave/test/build/venv/lib/python2.7/site-packages (from -r /builds/slave/test/build/tests/config/mozbase_requirements.txt (line 8))
16:57:19     INFO -  Processing /builds/slave/test/build/tests/mozbase/mozleak
16:57:20     INFO -    Requirement already satisfied (use --upgrade to upgrade): mozleak==0.1 from file:///builds/slave/test/build/tests/mozbase/mozleak in /builds/slave/test/build/venv/lib/python2.7/site-packages (from -r /builds/slave/test/build/tests/config/mozbase_requirements.txt (line 9))
16:57:20     INFO -  Processing /builds/slave/test/build/tests/mozbase/mozlog
16:57:20     INFO -    Requirement already satisfied (use --upgrade to upgrade): mozlog==3.4 from file:///builds/slave/test/build/tests/mozbase/mozlog in /builds/slave/test/build/venv/lib/python2.7/site-packages (from -r /builds/slave/test/build/tests/config/mozbase_requirements.txt (line 10))
16:57:20     INFO -  Processing /builds/slave/test/build/tests/mozbase/moznetwork
16:57:21     INFO -    Requirement already satisfied (use --upgrade to upgrade): moznetwork==0.27 from file:///builds/slave/test/build/tests/mozbase/moznetwork in /builds/slave/test/build/venv/lib/python2.7/site-packages (from -r /builds/slave/test/build/tests/config/mozbase_requirements.txt (line 11))
16:57:21     INFO -  Processing /builds/slave/test/build/tests/mozbase/mozprocess
16:57:21     INFO -    Requirement already satisfied (use --upgrade to upgrade): mozprocess==0.23 from file:///builds/slave/test/build/tests/mozbase/mozprocess in /builds/slave/test/build/venv/lib/python2.7/site-packages (from -r /builds/slave/test/build/tests/config/mozbase_requirements.txt (line 12))
16:57:21     INFO -  Processing /builds/slave/test/build/tests/mozbase/mozprofile
16:57:21     INFO -    Requirement already satisfied (use --upgrade to upgrade): mozprofile==0.28 from file:///builds/slave/test/build/tests/mozbase/mozprofile in /builds/slave/test/build/venv/lib/python2.7/site-packages (from -r /builds/slave/test/build/tests/config/mozbase_requirements.txt (line 13))
16:57:21     INFO -  Processing /builds/slave/test/build/tests/mozbase/mozrunner
16:57:22     INFO -    Requirement already satisfied (use --upgrade to upgrade): mozrunner==6.13 from file:///builds/slave/test/build/tests/mozbase/mozrunner in /builds/slave/test/build/venv/lib/python2.7/site-packages (from -r /builds/slave/test/build/tests/config/mozbase_requirements.txt (line 14))
16:57:22     INFO -  Processing /builds/slave/test/build/tests/mozbase/mozscreenshot
16:57:22     INFO -    Requirement already satisfied (use --upgrade to upgrade): mozscreenshot==0.1 from file:///builds/slave/test/build/tests/mozbase/mozscreenshot in /builds/slave/test/build/venv/lib/python2.7/site-packages (from -r /builds/slave/test/build/tests/config/mozbase_requirements.txt (line 15))
16:57:22     INFO -  Processing /builds/slave/test/build/tests/mozbase/moztest
16:57:23     INFO -    Requirement already satisfied (use --upgrade to upgrade): moztest==0.8 from file:///builds/slave/test/build/tests/mozbase/moztest in /builds/slave/test/build/venv/lib/python2.7/site-packages (from -r /builds/slave/test/build/tests/config/mozbase_requirements.txt (line 16))
16:57:23     INFO -  Processing /builds/slave/test/build/tests/mozbase/mozversion
16:57:23     INFO -    Requirement already satisfied (use --upgrade to upgrade): mozversion==1.4 from file:///builds/slave/test/build/tests/mozbase/mozversion in /builds/slave/test/build/venv/lib/python2.7/site-packages (from -r /builds/slave/test/build/tests/config/mozbase_requirements.txt (line 17))
16:57:23     INFO -  Processing /builds/slave/test/build/tests/tools/wptserve
16:57:23     INFO -    Requirement already satisfied (use --upgrade to upgrade): wptserve==1.4.0 from file:///builds/slave/test/build/tests/tools/wptserve in /builds/slave/test/build/venv/lib/python2.7/site-packages (from -r /builds/slave/test/build/tests/config/marionette_requirements.txt (line 3))
16:57:23     INFO -  Processing /builds/slave/test/build/tests/marionette/client
16:57:24     INFO -    Requirement already satisfied (use --upgrade to upgrade): marionette-driver==2.2.0 from file:///builds/slave/test/build/tests/marionette/client in /builds/slave/test/build/venv/lib/python2.7/site-packages (from -r /builds/slave/test/build/tests/config/marionette_requirements.txt (line 4))
16:57:24     INFO -  Processing /builds/slave/test/build/tests/marionette/harness/marionette_harness/runner/mixins/browsermob-proxy-py
16:57:24     INFO -    Requirement already satisfied (use --upgrade to upgrade): browsermob-proxy==0.6.0 from file:///builds/slave/test/build/tests/marionette/harness/marionette_harness/runner/mixins/browsermob-proxy-py in /builds/slave/test/build/venv/lib/python2.7/site-packages (from -r /builds/slave/test/build/tests/config/marionette_requirements.txt (line 5))
16:57:24     INFO -  Processing /builds/slave/test/build/tests/marionette/harness
16:57:25     INFO -    Requirement already satisfied (use --upgrade to upgrade): marionette-harness==4.0.0 from file:///builds/slave/test/build/tests/marionette/harness in /builds/slave/test/build/venv/lib/python2.7/site-packages (from -r /builds/slave/test/build/tests/config/marionette_requirements.txt (line 6))
16:57:25     INFO -  Processing /builds/slave/test/build/tests/marionette/puppeteer/firefox
16:57:25     INFO -    Requirement already satisfied (use --upgrade to upgrade): firefox-puppeteer==52.1.0 from file:///builds/slave/test/build/tests/marionette/puppeteer/firefox in /builds/slave/test/build/venv/lib/python2.7/site-packages (from -r /builds/slave/test/build/tests/config/marionette_requirements.txt (line 9))
16:57:25     INFO -  Requirement already satisfied (use --upgrade to upgrade): mozfile>=1.0 in /builds/slave/test/build/venv/lib/python2.7/site-packages (from mozcrash==1.0->-r /builds/slave/test/build/tests/config/mozbase_requirements.txt (line 2))
16:57:25     INFO -  Requirement already satisfied (use --upgrade to upgrade): mozlog>=3.0 in /builds/slave/test/build/venv/lib/python2.7/site-packages (from mozcrash==1.0->-r /builds/slave/test/build/tests/config/mozbase_requirements.txt (line 2))
16:57:25     INFO -  Requirement already satisfied (use --upgrade to upgrade): mozinfo in /builds/slave/test/build/venv/lib/python2.7/site-packages (from mozdebug==0.1->-r /builds/slave/test/build/tests/config/mozbase_requirements.txt (line 3))
16:57:25     INFO -  Requirement already satisfied (use --upgrade to upgrade): moznetwork>=0.24 in /builds/slave/test/build/venv/lib/python2.7/site-packages (from mozdevice==0.48->-r /builds/slave/test/build/tests/config/mozbase_requirements.txt (line 4))
16:57:25     INFO -  Requirement already satisfied (use --upgrade to upgrade): mozprocess>=0.19 in /builds/slave/test/build/venv/lib/python2.7/site-packages (from mozdevice==0.48->-r /builds/slave/test/build/tests/config/mozbase_requirements.txt (line 4))
16:57:25     INFO -  Collecting blessings>=1.3 (from mozlog==3.4->-r /builds/slave/test/build/tests/config/mozbase_requirements.txt (line 10))
16:57:26     INFO -  /builds/slave/test/build/venv/lib/python2.7/site-packages/pip/_vendor/requests/packages/urllib3/util/ssl_.py:318: SNIMissingWarning: An HTTPS request has been made, but the SNI (Subject Name Indication) extension to TLS is not available on this platform. This may cause the server to present an incorrect TLS certificate, which can cause validation failures. You can upgrade to a newer version of Python to solve this. For more information, see https://urllib3.readthedocs.org/en/latest/security.html#snimissingwarning.
16:57:26     INFO -    SNIMissingWarning
16:57:26     INFO -  /builds/slave/test/build/venv/lib/python2.7/site-packages/pip/_vendor/requests/packages/urllib3/util/ssl_.py:122: InsecurePlatformWarning: A true SSLContext object is not available. This prevents urllib3 from configuring SSL appropriately and may cause certain SSL connections to fail. You can upgrade to a newer version of Python to solve this. For more information, see https://urllib3.readthedocs.org/en/latest/security.html#insecureplatformwarning.
16:57:26     INFO -    InsecurePlatformWarning
16:57:27     INFO -  /builds/slave/test/build/venv/lib/python2.7/site-packages/pip/_vendor/requests/packages/urllib3/util/ssl_.py:122: InsecurePlatformWarning: A true SSLContext object is not available. This prevents urllib3 from configuring SSL appropriately and may cause certain SSL connections to fail. You can upgrade to a newer version of Python to solve this. For more information, see https://urllib3.readthedocs.org/en/latest/security.html#insecureplatformwarning.
16:57:27     INFO -    InsecurePlatformWarning
16:57:32     INFO -    Downloading https://pypi.pvt.build.mozilla.org/pub/blessings-1.6.tar.gz
16:57:33     INFO -  Requirement already satisfied (use --upgrade to upgrade): requests>=1.1.0 in /builds/slave/test/build/venv/lib/python2.7/site-packages (from browsermob-proxy==0.6.0->-r /builds/slave/test/build/tests/config/marionette_requirements.txt (line 5))
16:57:33     INFO -  Building wheels for collected packages: blessings, browsermob-proxy
16:57:33     INFO -    Running setup.py bdist_wheel for blessings: started
16:57:33     INFO -    Running setup.py bdist_wheel for blessings: finished with status 'done'
16:57:33     INFO -    Stored in directory: /home/cltbld/.cache/pip/wheels/fb/37/ae/c6b15ed5da2ead5847df54c8319487050d4dcc950c9795eae9
16:57:33     INFO -    Running setup.py bdist_wheel for browsermob-proxy: started
16:57:34     INFO -    Running setup.py bdist_wheel for browsermob-proxy: finished with status 'done'
16:57:34     INFO -    Stored in directory: /home/cltbld/.cache/pip/wheels/10/00/c1/79bb793b6a7eb4dca9dfd244010f550ae5044951bcd23c261e
16:57:34     INFO -  Successfully built blessings browsermob-proxy
16:57:34     INFO -  Installing collected packages: blessings
16:57:34     INFO -  Successfully installed blessings-1.6
16:57:34     INFO - Return code: 0
16:57:34     INFO - Done creating virtualenv /builds/slave/test/build/venv.
16:57:34     INFO - Getting output from command: ['/builds/slave/test/build/venv/bin/pip', 'freeze']
16:57:34     INFO - Copy/paste: /builds/slave/test/build/venv/bin/pip freeze
16:57:37     INFO - Reading from file tmpfile_stdout
16:57:37     INFO - Reading from file tmpfile_stderr
16:57:37     INFO - Current package versions:
16:57:37     INFO -   blessings == 1.6
16:57:37     INFO -   blobuploader == 1.2.4
16:57:37     INFO -   browsermob-proxy == 0.6.0
16:57:37     INFO -   docopt == 0.6.1
16:57:37     INFO -   firefox-puppeteer == 52.1.0
16:57:37     INFO -   functools32 == 3.2.3.post2
16:57:37     INFO -   jsonschema == 2.5.1
16:57:37     INFO -   manifestparser == 1.1
16:57:37     INFO -   marionette-driver == 2.2.0
16:57:37     INFO -   marionette-harness == 4.0.0
16:57:37     INFO -   mozInstall == 1.12
16:57:37     INFO -   mozcrash == 1.0
16:57:37     INFO -   mozdebug == 0.1
16:57:37     INFO -   mozdevice == 0.48
16:57:37     INFO -   mozfile == 1.2
16:57:37     INFO -   mozhttpd == 0.7
16:57:37     INFO -   mozinfo == 0.9
16:57:37     INFO -   mozleak == 0.1
16:57:37     INFO -   mozlog == 3.4
16:57:37     INFO -   moznetwork == 0.27
16:57:37     INFO -   mozprocess == 0.23
16:57:37     INFO -   mozprofile == 0.28
16:57:37     INFO -   mozrunner == 6.13
16:57:37     INFO -   mozscreenshot == 0.1
16:57:37     INFO -   mozsystemmonitor == 0.3
16:57:37     INFO -   moztest == 0.8
16:57:37     INFO -   mozversion == 1.4
16:57:37     INFO -   psutil == 5.4.3
16:57:37     INFO -   requests == 1.2.3
16:57:37     INFO -   wptserve == 1.4.0
16:57:37     INFO - Running post-action listener: _resource_record_post_action
16:57:37     INFO - Running post-action listener: _start_resource_monitoring
16:57:37     INFO - Starting resource monitoring.
16:57:37     INFO - [mozharness: 2018-06-08 23:57:37.171877Z] Finished create-virtualenv step (success)
16:57:37     INFO - [mozharness: 2018-06-08 23:57:37.179333Z] Running pull step.
16:57:37     INFO - Running pre-action listener: _resource_record_pre_action
16:57:37     INFO - Running main action method: pull
16:57:37     INFO - Pull has nothing to do!
16:57:37     INFO - Running post-action listener: _resource_record_post_action
16:57:37     INFO - [mozharness: 2018-06-08 23:57:37.181691Z] Finished pull step (success)
16:57:37     INFO - [mozharness: 2018-06-08 23:57:37.182121Z] Running install step.
16:57:37     INFO - Running pre-action listener: _resource_record_pre_action
16:57:37     INFO - Running main action method: install
16:57:37     INFO - Getting output from command: ['/builds/slave/test/build/venv/bin/pip', 'freeze']
16:57:37     INFO - Copy/paste: /builds/slave/test/build/venv/bin/pip freeze
16:57:38     INFO - Reading from file tmpfile_stdout
16:57:38     INFO - Reading from file tmpfile_stderr
16:57:38     INFO - Detecting whether we're running mozinstall >=1.0...
16:57:38     INFO - Getting output from command: ['/builds/slave/test/build/venv/bin/mozinstall', '-h']
16:57:38     INFO - Copy/paste: /builds/slave/test/build/venv/bin/mozinstall -h
16:57:38     INFO - Reading from file tmpfile_stdout
16:57:38     INFO - Output received:
16:57:38     INFO -  Usage: mozinstall [options] installer
16:57:38     INFO -  Options:
16:57:38     INFO -    -h, --help            show this help message and exit
16:57:38     INFO -    -d DEST, --destination=DEST
16:57:38     INFO -                          Directory to install application into. [default:
16:57:38     INFO -                          "/builds/slave/test"]
16:57:38     INFO -    --app=APP             Application being installed. [default: firefox]
16:57:38     INFO - mkdir: /builds/slave/test/build/application
16:57:38     INFO - Getting output from command: ['/builds/slave/test/build/venv/bin/mozinstall', '/builds/slave/test/build/firefox-52.8.2.en-US.linux-x86_64.tar.bz2', '--destination', '/builds/slave/test/build/application']
16:57:38     INFO - Copy/paste: /builds/slave/test/build/venv/bin/mozinstall /builds/slave/test/build/firefox-52.8.2.en-US.linux-x86_64.tar.bz2 --destination /builds/slave/test/build/application
16:58:02     INFO - Reading from file tmpfile_stdout
16:58:02     INFO - Output received:
16:58:02     INFO -  /builds/slave/test/build/application/firefox/firefox
16:58:02     INFO - Running post-action listener: _resource_record_post_action
16:58:02     INFO - [mozharness: 2018-06-08 23:58:02.838489Z] Finished install step (success)
16:58:02     INFO - [mozharness: 2018-06-08 23:58:02.839117Z] Running run-tests step.
16:58:02     INFO - Running pre-action listener: _resource_record_pre_action
16:58:02     INFO - Running main action method: run_tests
16:58:02     INFO - mkdir: /builds/slave/test/build/blobber_upload_dir
16:58:02     INFO - Minidump filename unknown. Determining based upon platform and architecture.
16:58:02     INFO - Minidump tooltool manifest unknown. Determining based upon platform and architecture.
16:58:02     INFO - grabbing minidump binary from tooltool
16:58:02     INFO - Downloading https://raw.githubusercontent.com/mozilla/build-tooltool/master/tooltool.py to /builds/slave/test/build/tooltool.py
16:58:02     INFO - retry: Calling _download_file with args: (), kwargs: {'url': 'https://raw.githubusercontent.com/mozilla/build-tooltool/master/tooltool.py', 'file_name': '/builds/slave/test/build/tooltool.py'}, attempt #1
16:58:03     INFO - Downloaded 38066 bytes.
16:58:03     INFO - Chmoding /builds/slave/test/build/tooltool.py to 0755
16:58:03     INFO - retry: Calling run_command with args: (['/tools/buildbot/bin/python', '/builds/slave/test/build/tooltool.py', '--url', 'https://api.pub.build.mozilla.org/tooltool/', '--authentication-file', '/builds/relengapi.tok', 'fetch', '-m', '/builds/slave/test/build/tests/config/tooltool-manifests/linux64/releng.manifest', '-o', '-c', '/builds/tooltool_cache'],), kwargs: {'output_timeout': 600, 'error_list': [{'substr': 'command not found', 'level': 'error'}, {'regex': <_sre.SRE_Pattern object at 0x2a2dd40>, 'level': 'warning'}, {'substr': 'Traceback (most recent call last)', 'level': 'error'}, {'substr': 'SyntaxError: ', 'level': 'error'}, {'substr': 'TypeError: ', 'level': 'error'}, {'substr': 'NameError: ', 'level': 'error'}, {'substr': 'ZeroDivisionError: ', 'level': 'error'}, {'regex': <_sre.SRE_Pattern object at 0x2937c70>, 'level': 'critical'}, {'regex': <_sre.SRE_Pattern object at 0x2938120>, 'level': 'critical'}, {'substr': 'ERROR - ', 'level': 'error'}], 'cwd': '/builds/slave/test/build', 'privileged': False}, attempt #1
16:58:03     INFO - Running command: ['/tools/buildbot/bin/python', '/builds/slave/test/build/tooltool.py', '--url', 'https://api.pub.build.mozilla.org/tooltool/', '--authentication-file', '/builds/relengapi.tok', 'fetch', '-m', '/builds/slave/test/build/tests/config/tooltool-manifests/linux64/releng.manifest', '-o', '-c', '/builds/tooltool_cache'] in /builds/slave/test/build
16:58:03     INFO - Copy/paste: /tools/buildbot/bin/python /builds/slave/test/build/tooltool.py --url https://api.pub.build.mozilla.org/tooltool/ --authentication-file /builds/relengapi.tok fetch -m /builds/slave/test/build/tests/config/tooltool-manifests/linux64/releng.manifest -o -c /builds/tooltool_cache
16:58:03     INFO - Calling ['/tools/buildbot/bin/python', '/builds/slave/test/build/tooltool.py', '--url', 'https://api.pub.build.mozilla.org/tooltool/', '--authentication-file', '/builds/relengapi.tok', 'fetch', '-m', '/builds/slave/test/build/tests/config/tooltool-manifests/linux64/releng.manifest', '-o', '-c', '/builds/tooltool_cache'] with output_timeout 600
16:58:03     INFO -  INFO - File linux64-minidump_stackwalk not present in local cache folder /builds/tooltool_cache
16:58:03     INFO -  INFO - Attempting to fetch from 'https://api.pub.build.mozilla.org/tooltool/'...
16:58:05     INFO -  INFO - File linux64-minidump_stackwalk fetched from https://api.pub.build.mozilla.org/tooltool/ as /builds/slave/test/build/tmpmWnvzh
16:58:05     INFO -  INFO - File integrity verified, renaming tmpmWnvzh to linux64-minidump_stackwalk
16:58:05     INFO -  INFO - Updating local cache /builds/tooltool_cache...
16:58:05     INFO -  INFO - Local cache /builds/tooltool_cache updated with linux64-minidump_stackwalk
16:58:05     INFO - Return code: 0
16:58:05     INFO - Chmoding /builds/slave/test/build/linux64-minidump_stackwalk to 0755
16:58:05     INFO - ENV: MINIDUMP_SAVE_PATH is now /builds/slave/test/build/blobber_upload_dir
16:58:05     INFO - Running command: ['/builds/slave/test/build/venv/bin/python', '-u', '/builds/slave/test/build/tests/web-platform/runtests.py', '--log-raw=-', '--log-raw=/builds/slave/test/build/blobber_upload_dir/wpt_raw.log', '--log-errorsummary=/builds/slave/test/build/blobber_upload_dir/wpt_errorsummary.log', '--binary=/builds/slave/test/build/application/firefox/firefox', '--symbols-path=https://queue.taskcluster.net/v1/task/I1iAdq48Sa60c5BCPWswkg/artifacts/public/build/firefox-52.8.2.en-US.linux-x86_64.crashreporter-symbols.zip', '--stackwalk-binary=/builds/slave/test/build/linux64-minidump_stackwalk', '--stackfix-dir=/builds/slave/test/build/tests/bin', '--test-type=testharness', '--total-chunks=5', '--this-chunk=4', '--prefs-root=/builds/slave/test/build/tests/web-platform/prefs', '--processes=1', '--config=/builds/slave/test/build/tests/web-platform/wptrunner.ini', '--ca-cert-path=/builds/slave/test/build/tests/web-platform/certs/cacert.pem', '--host-key-path=/builds/slave/test/build/tests/web-platform/certs/web-platform.test.key', '--host-cert-path=/builds/slave/test/build/tests/web-platform/certs/web-platform.test.pem', '--certutil-binary=/builds/slave/test/build/tests/bin/certutil'] in /builds/slave/test/build
16:58:05     INFO - Copy/paste: /builds/slave/test/build/venv/bin/python -u /builds/slave/test/build/tests/web-platform/runtests.py --log-raw=- --log-raw=/builds/slave/test/build/blobber_upload_dir/wpt_raw.log --log-errorsummary=/builds/slave/test/build/blobber_upload_dir/wpt_errorsummary.log --binary=/builds/slave/test/build/application/firefox/firefox --symbols-path=https://queue.taskcluster.net/v1/task/I1iAdq48Sa60c5BCPWswkg/artifacts/public/build/firefox-52.8.2.en-US.linux-x86_64.crashreporter-symbols.zip --stackwalk-binary=/builds/slave/test/build/linux64-minidump_stackwalk --stackfix-dir=/builds/slave/test/build/tests/bin --test-type=testharness --total-chunks=5 --this-chunk=4 --prefs-root=/builds/slave/test/build/tests/web-platform/prefs --processes=1 --config=/builds/slave/test/build/tests/web-platform/wptrunner.ini --ca-cert-path=/builds/slave/test/build/tests/web-platform/certs/cacert.pem --host-key-path=/builds/slave/test/build/tests/web-platform/certs/web-platform.test.key --host-cert-path=/builds/slave/test/build/tests/web-platform/certs/web-platform.test.pem --certutil-binary=/builds/slave/test/build/tests/bin/certutil
16:58:05     INFO - Using env: {'CCACHE_DIR': '/builds/ccache',
16:58:05     INFO -  'CCACHE_UMASK': '002',
16:58:05     INFO -  'DISPLAY': ':0',
16:58:05     INFO -  'HOME': '/home/cltbld',
16:58:05     INFO -  'LANG': 'en_US.UTF-8',
16:58:05     INFO -  'LOGNAME': 'cltbld',
16:58:05     INFO -  'MAIL': '/var/mail/cltbld',
16:58:05     INFO -  'MINIDUMP_SAVE_PATH': '/builds/slave/test/build/blobber_upload_dir',
16:58:05     INFO -  'MOZ_HIDE_RESULTS_TABLE': '1',
16:58:05     INFO -  'MOZ_NODE_PATH': '/usr/bin/node',
16:58:05     INFO -  'MOZ_NO_REMOTE': '1',
16:58:05     INFO -  'NODE_PATH': '/usr/lib/nodejs:/usr/lib/node_modules:/usr/share/javascript',
16:58:05     INFO -  'NO_FAIL_ON_TEST_ERRORS': '1',
16:58:05     INFO -  'PATH': '/builds/slave/test/build/venv/bin:/usr/local/bin:/usr/local/bin:/usr/bin:/bin:/usr/local/games:/usr/games',
16:58:05     INFO -  'PROPERTIES_FILE': '/builds/slave/test/buildprops.json',
16:58:05     INFO -  'PWD': '/builds/slave/test',
16:58:05     INFO -  'SHELL': '/bin/bash',
16:58:05     INFO -  'SHLVL': '1',
16:58:05     INFO -  'TERM': 'linux',
16:58:05     INFO -  'TMOUT': '86400',
16:58:05     INFO -  'USER': 'cltbld',
16:58:05     INFO -  'XDG_SESSION_COOKIE': '9ca12473fbb1d023794ffd180000023c-1528502089.809347-963362218',
16:58:05     INFO -  '_': '/tools/buildbot/bin/python'}
16:58:05     INFO - Calling ['/builds/slave/test/build/venv/bin/python', '-u', '/builds/slave/test/build/tests/web-platform/runtests.py', '--log-raw=-', '--log-raw=/builds/slave/test/build/blobber_upload_dir/wpt_raw.log', '--log-errorsummary=/builds/slave/test/build/blobber_upload_dir/wpt_errorsummary.log', '--binary=/builds/slave/test/build/application/firefox/firefox', '--symbols-path=https://queue.taskcluster.net/v1/task/I1iAdq48Sa60c5BCPWswkg/artifacts/public/build/firefox-52.8.2.en-US.linux-x86_64.crashreporter-symbols.zip', '--stackwalk-binary=/builds/slave/test/build/linux64-minidump_stackwalk', '--stackfix-dir=/builds/slave/test/build/tests/bin', '--test-type=testharness', '--total-chunks=5', '--this-chunk=4', '--prefs-root=/builds/slave/test/build/tests/web-platform/prefs', '--processes=1', '--config=/builds/slave/test/build/tests/web-platform/wptrunner.ini', '--ca-cert-path=/builds/slave/test/build/tests/web-platform/certs/cacert.pem', '--host-key-path=/builds/slave/test/build/tests/web-platform/certs/web-platform.test.key', '--host-cert-path=/builds/slave/test/build/tests/web-platform/certs/web-platform.test.pem', '--certutil-binary=/builds/slave/test/build/tests/bin/certutil'] with output_timeout 1000
16:58:07     INFO - STDERR: Opening manifest at /builds/slave/test/build/tests/web-platform/meta/MANIFEST.json
16:58:08     INFO - STDERR: Opening manifest at /builds/slave/test/build/tests/web-platform/mozilla/meta/MANIFEST.json
16:58:10     INFO - Using 1 client processes
16:58:10     INFO - wptserve Starting http server on 127.0.0.1:8000
16:58:11     INFO - wptserve Starting http server on 127.0.0.1:8001
16:58:11     INFO - wptserve Starting http server on 127.0.0.1:8443
16:58:13     INFO - SUITE-START | Running 1979 tests
16:58:13     INFO - Running testharness tests
16:58:13     INFO - TEST-START | /XMLHttpRequest/send-redirect-post-upload.htm
16:58:13     INFO - TEST-SKIP | /XMLHttpRequest/send-redirect-post-upload.htm | took 0ms
16:58:13     INFO - TEST-START | /custom-elements/v0/instantiating/extensions-to-document-interface/create-element-interface-type-is-a-local-name.html
16:58:13     INFO - TEST-SKIP | /custom-elements/v0/instantiating/extensions-to-document-interface/create-element-interface-type-is-a-local-name.html | took 1ms
16:58:13     INFO - TEST-START | /custom-elements/v0/instantiating/extensions-to-document-interface/create-element-interface-type-is-a-type-extension.html
16:58:13     INFO - TEST-SKIP | /custom-elements/v0/instantiating/extensions-to-document-interface/create-element-interface-type-is-a-type-extension.html | took 0ms
16:58:13     INFO - TEST-START | /custom-elements/v0/instantiating/extensions-to-document-interface/create-element-is-attribute.html
16:58:13     INFO - TEST-SKIP | /custom-elements/v0/instantiating/extensions-to-document-interface/create-element-is-attribute.html | took 1ms
16:58:13     INFO - TEST-START | /custom-elements/v0/instantiating/extensions-to-document-interface/create-element-namespace.html
16:58:13     INFO - TEST-SKIP | /custom-elements/v0/instantiating/extensions-to-document-interface/create-element-namespace.html | took 6ms
16:58:13     INFO - TEST-START | /custom-elements/v0/instantiating/extensions-to-document-interface/create-element-type-extension-is-a-type.html
16:58:13     INFO - TEST-SKIP | /custom-elements/v0/instantiating/extensions-to-document-interface/create-element-type-extension-is-a-type.html | took 0ms
16:58:13     INFO - TEST-START | /custom-elements/v0/instantiating/extensions-to-document-interface/create-element-type-extension-unresolved.html
16:58:13     INFO - TEST-SKIP | /custom-elements/v0/instantiating/extensions-to-document-interface/create-element-type-extension-unresolved.html | took 1ms
16:58:13     INFO - TEST-START | /custom-elements/v0/instantiating/extensions-to-document-interface/create-element-type-is-a-local-name.html
16:58:13     INFO - TEST-SKIP | /custom-elements/v0/instantiating/extensions-to-document-interface/create-element-type-is-a-local-name.html | took 0ms
16:58:13     INFO - TEST-START | /custom-elements/v0/instantiating/extensions-to-document-interface/created-callback-create-element-ns.html
16:58:13     INFO - TEST-SKIP | /custom-elements/v0/instantiating/extensions-to-document-interface/created-callback-create-element-ns.html | took 1ms
16:58:13     INFO - TEST-START | /custom-elements/v0/instantiating/extensions-to-document-interface/created-callback-create-element.html
16:58:13     INFO - TEST-SKIP | /custom-elements/v0/instantiating/extensions-to-document-interface/created-callback-create-element.html | took 0ms
16:58:13     INFO - TEST-START | /html/semantics/selectors/pseudo-classes/focus-autofocus.html
16:58:13     INFO - TEST-SKIP | /html/semantics/selectors/pseudo-classes/focus-autofocus.html | took 0ms
16:58:13     INFO - TEST-START | /html/semantics/selectors/pseudo-classes/focus.html
16:58:13     INFO - TEST-SKIP | /html/semantics/selectors/pseudo-classes/focus.html | took 0ms
16:58:13     INFO - TEST-START | /html/syntax/parsing/DOMContentLoaded-defer.html
16:58:13     INFO - TEST-SKIP | /html/syntax/parsing/DOMContentLoaded-defer.html | took 0ms
16:58:13     INFO - TEST-START | /mixed-content/blockable/http-csp/cross-origin-http/form-tag/top-level/swap-scheme-redirect/opt-in-blocks.https.html
16:58:13     INFO - TEST-SKIP | /mixed-content/blockable/http-csp/cross-origin-http/form-tag/top-level/swap-scheme-redirect/opt-in-blocks.https.html | took 7ms
16:58:13     INFO - TEST-START | /mixed-content/blockable/http-csp/same-host-http/form-tag/top-level/swap-scheme-redirect/opt-in-blocks.https.html
16:58:13     INFO - TEST-SKIP | /mixed-content/blockable/http-csp/same-host-http/form-tag/top-level/swap-scheme-redirect/opt-in-blocks.https.html | took 0ms
16:58:13     INFO - TEST-START | /mixed-content/blockable/no-opt-in/cross-origin-http/form-tag/top-level/keep-scheme-redirect/no-opt-in-blocks.https.html
16:58:13     INFO - TEST-SKIP | /mixed-content/blockable/no-opt-in/cross-origin-http/form-tag/top-level/keep-scheme-redirect/no-opt-in-blocks.https.html | took 0ms
16:58:13     INFO - TEST-START | /referrer-policy/origin-when-cross-origin/meta-referrer/cross-origin/http-https/img-tag/cross-origin.keep-origin-redirect.http.html
16:58:13     INFO - TEST-SKIP | /referrer-policy/origin-when-cross-origin/meta-referrer/cross-origin/http-https/img-tag/cross-origin.keep-origin-redirect.http.html | took 0ms
16:58:13     INFO - TEST-START | /referrer-policy/origin-when-cross-origin/meta-referrer/cross-origin/http-https/img-tag/cross-origin.no-redirect.http.html
16:58:13     INFO - TEST-SKIP | /referrer-policy/origin-when-cross-origin/meta-referrer/cross-origin/http-https/img-tag/cross-origin.no-redirect.http.html | took 1ms
16:58:13     INFO - TEST-START | /referrer-policy/origin-when-cross-origin/meta-referrer/cross-origin/http-https/img-tag/cross-origin.swap-origin-redirect.http.html
16:58:13     INFO - TEST-SKIP | /referrer-policy/origin-when-cross-origin/meta-referrer/cross-origin/http-https/img-tag/cross-origin.swap-origin-redirect.http.html | took 0ms
16:58:13     INFO - TEST-START | /referrer-policy/strict-origin-when-cross-origin/attr-referrer/cross-origin/http-http/img-tag/cross-insecure.keep-origin-redirect.http.html
16:58:13     INFO - TEST-SKIP | /referrer-policy/strict-origin-when-cross-origin/attr-referrer/cross-origin/http-http/img-tag/cross-insecure.keep-origin-redirect.http.html | took 0ms
16:58:13     INFO - TEST-START | /referrer-policy/strict-origin-when-cross-origin/attr-referrer/cross-origin/http-http/img-tag/cross-insecure.no-redirect.http.html
16:58:13     INFO - TEST-SKIP | /referrer-policy/strict-origin-when-cross-origin/attr-referrer/cross-origin/http-http/img-tag/cross-insecure.no-redirect.http.html | took 0ms
16:58:13     INFO - TEST-START | /referrer-policy/strict-origin-when-cross-origin/attr-referrer/cross-origin/http-http/img-tag/cross-insecure.swap-origin-redirect.http.html
16:58:13     INFO - TEST-SKIP | /referrer-policy/strict-origin-when-cross-origin/attr-referrer/cross-origin/http-http/img-tag/cross-insecure.swap-origin-redirect.http.html | took 1ms
16:58:13     INFO - TEST-START | /referrer-policy/strict-origin-when-cross-origin/attr-referrer/same-origin/http-http/img-tag/same-insecure.keep-origin-redirect.http.html
16:58:13     INFO - TEST-SKIP | /referrer-policy/strict-origin-when-cross-origin/attr-referrer/same-origin/http-http/img-tag/same-insecure.keep-origin-redirect.http.html | took 0ms
16:58:13     INFO - TEST-START | /referrer-policy/strict-origin-when-cross-origin/attr-referrer/same-origin/http-http/img-tag/same-insecure.no-redirect.http.html
16:58:13     INFO - TEST-SKIP | /referrer-policy/strict-origin-when-cross-origin/attr-referrer/same-origin/http-http/img-tag/same-insecure.no-redirect.http.html | took 1ms
16:58:13     INFO - TEST-START | /referrer-policy/strict-origin-when-cross-origin/attr-referrer/same-origin/http-http/img-tag/same-insecure.swap-origin-redirect.http.html
16:58:13     INFO - TEST-SKIP | /referrer-policy/strict-origin-when-cross-origin/attr-referrer/same-origin/http-http/img-tag/same-insecure.swap-origin-redirect.http.html | took 0ms
16:58:13     INFO - TEST-START | /referrer-policy/strict-origin-when-cross-origin/http-rp/same-origin/http-https/img-tag/upgrade-protocol.keep-origin-redirect.http.html
16:58:13     INFO - TEST-SKIP | /referrer-policy/strict-origin-when-cross-origin/http-rp/same-origin/http-https/img-tag/upgrade-protocol.keep-origin-redirect.http.html | took 0ms
16:58:13     INFO - TEST-START | /referrer-policy/strict-origin-when-cross-origin/http-rp/same-origin/http-https/img-tag/upgrade-protocol.no-redirect.http.html
16:58:13     INFO - TEST-SKIP | /referrer-policy/strict-origin-when-cross-origin/http-rp/same-origin/http-https/img-tag/upgrade-protocol.no-redirect.http.html | took 0ms
16:58:13     INFO - TEST-START | /referrer-policy/strict-origin-when-cross-origin/http-rp/same-origin/http-https/img-tag/upgrade-protocol.swap-origin-redirect.http.html
16:58:13     INFO - TEST-SKIP | /referrer-policy/strict-origin-when-cross-origin/http-rp/same-origin/http-https/img-tag/upgrade-protocol.swap-origin-redirect.http.html | took 0ms
16:58:13     INFO - TEST-START | /referrer-policy/strict-origin-when-cross-origin/http-rp/same-origin/http-https/script-tag/upgrade-protocol.keep-origin-redirect.http.html
16:58:13     INFO - TEST-SKIP | /referrer-policy/strict-origin-when-cross-origin/http-rp/same-origin/http-https/script-tag/upgrade-protocol.keep-origin-redirect.http.html | took 8ms
16:58:13     INFO - TEST-START | /referrer-policy/strict-origin-when-cross-origin/http-rp/same-origin/http-https/script-tag/upgrade-protocol.no-redirect.http.html
16:58:13     INFO - TEST-SKIP | /referrer-policy/strict-origin-when-cross-origin/http-rp/same-origin/http-https/script-tag/upgrade-protocol.no-redirect.http.html | took 0ms
16:58:13     INFO - TEST-START | /referrer-policy/strict-origin-when-cross-origin/http-rp/same-origin/http-https/script-tag/upgrade-protocol.swap-origin-redirect.http.html
16:58:13     INFO - TEST-SKIP | /referrer-policy/strict-origin-when-cross-origin/http-rp/same-origin/http-https/script-tag/upgrade-protocol.swap-origin-redirect.http.html | took 0ms
16:58:13     INFO - TEST-START | /referrer-policy/strict-origin-when-cross-origin/meta-referrer/cross-origin/http-http/fetch-request/cross-insecure.keep-origin-redirect.http.html
16:58:13     INFO - TEST-SKIP | /referrer-policy/strict-origin-when-cross-origin/meta-referrer/cross-origin/http-http/fetch-request/cross-insecure.keep-origin-redirect.http.html | took 0ms
16:58:13     INFO - TEST-START | /referrer-policy/strict-origin-when-cross-origin/meta-referrer/cross-origin/http-http/fetch-request/cross-insecure.no-redirect.http.html
16:58:13     INFO - TEST-SKIP | /referrer-policy/strict-origin-when-cross-origin/meta-referrer/cross-origin/http-http/fetch-request/cross-insecure.no-redirect.http.html | took 0ms
16:58:13     INFO - TEST-START | /referrer-policy/strict-origin-when-cross-origin/meta-referrer/cross-origin/http-http/fetch-request/cross-insecure.swap-origin-redirect.http.html
16:58:13     INFO - TEST-SKIP | /referrer-policy/strict-origin-when-cross-origin/meta-referrer/cross-origin/http-http/fetch-request/cross-insecure.swap-origin-redirect.http.html | took 0ms
16:58:13     INFO - TEST-START | /referrer-policy/strict-origin-when-cross-origin/meta-referrer/cross-origin/http-http/img-tag/cross-insecure.keep-origin-redirect.http.html
16:58:13     INFO - TEST-SKIP | /referrer-policy/strict-origin-when-cross-origin/meta-referrer/cross-origin/http-http/img-tag/cross-insecure.keep-origin-redirect.http.html | took 0ms
16:58:13     INFO - TEST-START | /referrer-policy/strict-origin-when-cross-origin/meta-referrer/cross-origin/http-http/img-tag/cross-insecure.no-redirect.http.html
16:58:13     INFO - TEST-SKIP | /referrer-policy/strict-origin-when-cross-origin/meta-referrer/cross-origin/http-http/img-tag/cross-insecure.no-redirect.http.html | took 8ms
16:58:13     INFO - TEST-START | /referrer-policy/strict-origin-when-cross-origin/meta-referrer/cross-origin/http-http/img-tag/cross-insecure.swap-origin-redirect.http.html
16:58:13     INFO - TEST-SKIP | /referrer-policy/strict-origin-when-cross-origin/meta-referrer/cross-origin/http-http/img-tag/cross-insecure.swap-origin-redirect.http.html | took 1ms
16:58:13     INFO - TEST-START | /referrer-policy/strict-origin-when-cross-origin/meta-referrer/cross-origin/http-https/iframe-tag/upgrade-protocol.keep-origin-redirect.http.html
16:58:13     INFO - TEST-SKIP | /referrer-policy/strict-origin-when-cross-origin/meta-referrer/cross-origin/http-https/iframe-tag/upgrade-protocol.keep-origin-redirect.http.html | took 0ms
16:58:13     INFO - TEST-START | /referrer-policy/strict-origin-when-cross-origin/meta-referrer/cross-origin/http-https/iframe-tag/upgrade-protocol.no-redirect.http.html
16:58:13     INFO - TEST-SKIP | /referrer-policy/strict-origin-when-cross-origin/meta-referrer/cross-origin/http-https/iframe-tag/upgrade-protocol.no-redirect.http.html | took 0ms
16:58:13     INFO - TEST-START | /referrer-policy/strict-origin-when-cross-origin/meta-referrer/cross-origin/http-https/iframe-tag/upgrade-protocol.swap-origin-redirect.http.html
16:58:13     INFO - TEST-SKIP | /referrer-policy/strict-origin-when-cross-origin/meta-referrer/cross-origin/http-https/iframe-tag/upgrade-protocol.swap-origin-redirect.http.html | took 0ms
16:58:13     INFO - TEST-START | /referrer-policy/strict-origin-when-cross-origin/meta-referrer/same-origin/http-http/fetch-request/same-insecure.keep-origin-redirect.http.html
16:58:13     INFO - TEST-SKIP | /referrer-policy/strict-origin-when-cross-origin/meta-referrer/same-origin/http-http/fetch-request/same-insecure.keep-origin-redirect.http.html | took 0ms
16:58:13     INFO - TEST-START | /referrer-policy/strict-origin-when-cross-origin/meta-referrer/same-origin/http-http/fetch-request/same-insecure.no-redirect.http.html
16:58:13     INFO - TEST-SKIP | /referrer-policy/strict-origin-when-cross-origin/meta-referrer/same-origin/http-http/fetch-request/same-insecure.no-redirect.http.html | took 1ms
16:58:13     INFO - TEST-START | /referrer-policy/strict-origin-when-cross-origin/meta-referrer/same-origin/http-http/fetch-request/same-insecure.swap-origin-redirect.http.html
16:58:13     INFO - TEST-SKIP | /referrer-policy/strict-origin-when-cross-origin/meta-referrer/same-origin/http-http/fetch-request/same-insecure.swap-origin-redirect.http.html | took 8ms
16:58:13     INFO - TEST-START | /referrer-policy/strict-origin-when-cross-origin/meta-referrer/same-origin/http-http/script-tag/same-insecure.keep-origin-redirect.http.html
16:58:13     INFO - TEST-SKIP | /referrer-policy/strict-origin-when-cross-origin/meta-referrer/same-origin/http-http/script-tag/same-insecure.keep-origin-redirect.http.html | took 0ms
16:58:13     INFO - TEST-START | /referrer-policy/strict-origin-when-cross-origin/meta-referrer/same-origin/http-http/script-tag/same-insecure.no-redirect.http.html
16:58:13     INFO - TEST-SKIP | /referrer-policy/strict-origin-when-cross-origin/meta-referrer/same-origin/http-http/script-tag/same-insecure.no-redirect.http.html | took 0ms
16:58:13     INFO - TEST-START | /referrer-policy/strict-origin-when-cross-origin/meta-referrer/same-origin/http-http/script-tag/same-insecure.swap-origin-redirect.http.html
16:58:13     INFO - TEST-SKIP | /referrer-policy/strict-origin-when-cross-origin/meta-referrer/same-origin/http-http/script-tag/same-insecure.swap-origin-redirect.http.html | took 0ms
16:58:13     INFO - TEST-START | /referrer-policy/strict-origin-when-cross-origin/meta-referrer/same-origin/http-https/iframe-tag/upgrade-protocol.keep-origin-redirect.http.html
16:58:13     INFO - TEST-SKIP | /referrer-policy/strict-origin-when-cross-origin/meta-referrer/same-origin/http-https/iframe-tag/upgrade-protocol.keep-origin-redirect.http.html | took 0ms
16:58:13     INFO - TEST-START | /referrer-policy/strict-origin-when-cross-origin/meta-referrer/same-origin/http-https/iframe-tag/upgrade-protocol.no-redirect.http.html
16:58:13     INFO - TEST-SKIP | /referrer-policy/strict-origin-when-cross-origin/meta-referrer/same-origin/http-https/iframe-tag/upgrade-protocol.no-redirect.http.html | took 0ms
16:58:13     INFO - TEST-START | /referrer-policy/strict-origin-when-cross-origin/meta-referrer/same-origin/http-https/iframe-tag/upgrade-protocol.swap-origin-redirect.http.html
16:58:13     INFO - TEST-SKIP | /referrer-policy/strict-origin-when-cross-origin/meta-referrer/same-origin/http-https/iframe-tag/upgrade-protocol.swap-origin-redirect.http.html | took 0ms
16:58:13     INFO - TEST-START | /referrer-policy/strict-origin-when-cross-origin/meta-referrer/same-origin/http-https/xhr-request/upgrade-protocol.keep-origin-redirect.http.html
16:58:13     INFO - TEST-SKIP | /referrer-policy/strict-origin-when-cross-origin/meta-referrer/same-origin/http-https/xhr-request/upgrade-protocol.keep-origin-redirect.http.html | took 8ms
16:58:13     INFO - TEST-START | /referrer-policy/strict-origin-when-cross-origin/meta-referrer/same-origin/http-https/xhr-request/upgrade-protocol.no-redirect.http.html
16:58:13     INFO - TEST-SKIP | /referrer-policy/strict-origin-when-cross-origin/meta-referrer/same-origin/http-https/xhr-request/upgrade-protocol.no-redirect.http.html | took 0ms
16:58:13     INFO - TEST-START | /referrer-policy/strict-origin-when-cross-origin/meta-referrer/same-origin/http-https/xhr-request/upgrade-protocol.swap-origin-redirect.http.html
16:58:13     INFO - TEST-SKIP | /referrer-policy/strict-origin-when-cross-origin/meta-referrer/same-origin/http-https/xhr-request/upgrade-protocol.swap-origin-redirect.http.html | took 0ms
16:58:13     INFO - TEST-START | /referrer-policy/strict-origin/http-rp/cross-origin/http-http/xhr-request/insecure-protocol.keep-origin-redirect.http.html
16:58:13     INFO - TEST-SKIP | /referrer-policy/strict-origin/http-rp/cross-origin/http-http/xhr-request/insecure-protocol.keep-origin-redirect.http.html | took 0ms
16:58:13     INFO - TEST-START | /referrer-policy/strict-origin/http-rp/cross-origin/http-http/xhr-request/insecure-protocol.no-redirect.http.html
16:58:13     INFO - TEST-SKIP | /referrer-policy/strict-origin/http-rp/cross-origin/http-http/xhr-request/insecure-protocol.no-redirect.http.html | took 1ms
16:58:13     INFO - TEST-START | /referrer-policy/strict-origin/http-rp/cross-origin/http-http/xhr-request/insecure-protocol.swap-origin-redirect.http.html
16:58:13     INFO - TEST-SKIP | /referrer-policy/strict-origin/http-rp/cross-origin/http-http/xhr-request/insecure-protocol.swap-origin-redirect.http.html | took 0ms
16:58:13     INFO - TEST-START | /referrer-policy/strict-origin/http-rp/cross-origin/http-https/iframe-tag/upgrade-protocol.keep-origin-redirect.http.html
16:58:13     INFO - TEST-SKIP | /referrer-policy/strict-origin/http-rp/cross-origin/http-https/iframe-tag/upgrade-protocol.keep-origin-redirect.http.html | took 0ms
16:58:13     INFO - TEST-START | /referrer-policy/strict-origin/http-rp/cross-origin/http-https/iframe-tag/upgrade-protocol.no-redirect.http.html
16:58:13     INFO - TEST-SKIP | /referrer-policy/strict-origin/http-rp/cross-origin/http-https/iframe-tag/upgrade-protocol.no-redirect.http.html | took 0ms
16:58:13     INFO - TEST-START | /referrer-policy/strict-origin/http-rp/cross-origin/http-https/iframe-tag/upgrade-protocol.swap-origin-redirect.http.html
16:58:13     INFO - TEST-SKIP | /referrer-policy/strict-origin/http-rp/cross-origin/http-https/iframe-tag/upgrade-protocol.swap-origin-redirect.http.html | took 0ms
16:58:13     INFO - TEST-START | /referrer-policy/strict-origin/http-rp/cross-origin/http-https/xhr-request/upgrade-protocol.keep-origin-redirect.http.html
16:58:13     INFO - TEST-SKIP | /referrer-policy/strict-origin/http-rp/cross-origin/http-https/xhr-request/upgrade-protocol.keep-origin-redirect.http.html | took 0ms
16:58:13     INFO - TEST-START | /referrer-policy/strict-origin/http-rp/cross-origin/http-https/xhr-request/upgrade-protocol.no-redirect.http.html
16:58:13     INFO - TEST-SKIP | /referrer-policy/strict-origin/http-rp/cross-origin/http-https/xhr-request/upgrade-protocol.no-redirect.http.html | took 1ms
16:58:13     INFO - TEST-START | /referrer-policy/strict-origin/http-rp/cross-origin/http-https/xhr-request/upgrade-protocol.swap-origin-redirect.http.html
16:58:13     INFO - TEST-SKIP | /referrer-policy/strict-origin/http-rp/cross-origin/http-https/xhr-request/upgrade-protocol.swap-origin-redirect.http.html | took 0ms
16:58:13     INFO - TEST-START | /referrer-policy/strict-origin/http-rp/same-origin/http-http/fetch-request/insecure-protocol.keep-origin-redirect.http.html
16:58:13     INFO - TEST-SKIP | /referrer-policy/strict-origin/http-rp/same-origin/http-http/fetch-request/insecure-protocol.keep-origin-redirect.http.html | took 0ms
16:58:13     INFO - TEST-START | /referrer-policy/strict-origin/http-rp/same-origin/http-http/fetch-request/insecure-protocol.no-redirect.http.html
16:58:13     INFO - TEST-SKIP | /referrer-policy/strict-origin/http-rp/same-origin/http-http/fetch-request/insecure-protocol.no-redirect.http.html | took 1ms
16:58:13     INFO - TEST-START | /referrer-policy/strict-origin/http-rp/same-origin/http-http/fetch-request/insecure-protocol.swap-origin-redirect.http.html
16:58:13     INFO - TEST-SKIP | /referrer-policy/strict-origin/http-rp/same-origin/http-http/fetch-request/insecure-protocol.swap-origin-redirect.http.html | took 0ms
16:58:13     INFO - TEST-START | /referrer-policy/strict-origin/http-rp/same-origin/http-http/img-tag/insecure-protocol.keep-origin-redirect.http.html
16:58:13     INFO - TEST-SKIP | /referrer-policy/strict-origin/http-rp/same-origin/http-http/img-tag/insecure-protocol.keep-origin-redirect.http.html | took 8ms
16:58:13     INFO - TEST-START | /referrer-policy/strict-origin/http-rp/same-origin/http-http/img-tag/insecure-protocol.no-redirect.http.html
16:58:13     INFO - TEST-SKIP | /referrer-policy/strict-origin/http-rp/same-origin/http-http/img-tag/insecure-protocol.no-redirect.http.html | took 0ms
16:58:13     INFO - TEST-START | /referrer-policy/strict-origin/http-rp/same-origin/http-http/img-tag/insecure-protocol.swap-origin-redirect.http.html
16:58:13     INFO - TEST-SKIP | /referrer-policy/strict-origin/http-rp/same-origin/http-http/img-tag/insecure-protocol.swap-origin-redirect.http.html | took 0ms
16:58:13     INFO - TEST-START | /referrer-policy/strict-origin/http-rp/same-origin/http-https/xhr-request/upgrade-protocol.keep-origin-redirect.http.html
16:58:13     INFO - TEST-SKIP | /referrer-policy/strict-origin/http-rp/same-origin/http-https/xhr-request/upgrade-protocol.keep-origin-redirect.http.html | took 0ms
16:58:13     INFO - TEST-START | /referrer-policy/strict-origin/http-rp/same-origin/http-https/xhr-request/upgrade-protocol.no-redirect.http.html
16:58:13     INFO - TEST-SKIP | /referrer-policy/strict-origin/http-rp/same-origin/http-https/xhr-request/upgrade-protocol.no-redirect.http.html | took 1ms
16:58:13     INFO - TEST-START | /referrer-policy/strict-origin/http-rp/same-origin/http-https/xhr-request/upgrade-protocol.swap-origin-redirect.http.html
16:58:13     INFO - TEST-SKIP | /referrer-policy/strict-origin/http-rp/same-origin/http-https/xhr-request/upgrade-protocol.swap-origin-redirect.http.html | took 0ms
16:58:13     INFO - TEST-START | /referrer-policy/strict-origin/meta-referrer/cross-origin/http-https/img-tag/upgrade-protocol.keep-origin-redirect.http.html
16:58:13     INFO - TEST-SKIP | /referrer-policy/strict-origin/meta-referrer/cross-origin/http-https/img-tag/upgrade-protocol.keep-origin-redirect.http.html | took 0ms
16:58:13     INFO - TEST-START | /referrer-policy/strict-origin/meta-referrer/cross-origin/http-https/img-tag/upgrade-protocol.no-redirect.http.html
16:58:13     INFO - TEST-SKIP | /referrer-policy/strict-origin/meta-referrer/cross-origin/http-https/img-tag/upgrade-protocol.no-redirect.http.html | took 1ms
16:58:13     INFO - TEST-START | /referrer-policy/strict-origin/meta-referrer/cross-origin/http-https/img-tag/upgrade-protocol.swap-origin-redirect.http.html
16:58:13     INFO - TEST-SKIP | /referrer-policy/strict-origin/meta-referrer/cross-origin/http-https/img-tag/upgrade-protocol.swap-origin-redirect.http.html | took 7ms
16:58:13     INFO - TEST-START | /referrer-policy/strict-origin/meta-referrer/same-origin/http-http/fetch-request/insecure-protocol.keep-origin-redirect.http.html
16:58:13     INFO - TEST-SKIP | /referrer-policy/strict-origin/meta-referrer/same-origin/http-http/fetch-request/insecure-protocol.keep-origin-redirect.http.html | took 1ms
16:58:13     INFO - TEST-START | /referrer-policy/strict-origin/meta-referrer/same-origin/http-http/fetch-request/insecure-protocol.no-redirect.http.html
16:58:13     INFO - TEST-SKIP | /referrer-policy/strict-origin/meta-referrer/same-origin/http-http/fetch-request/insecure-protocol.no-redirect.http.html | took 0ms
16:58:13     INFO - TEST-START | /referrer-policy/strict-origin/meta-referrer/same-origin/http-http/fetch-request/insecure-protocol.swap-origin-redirect.http.html
16:58:13     INFO - TEST-SKIP | /referrer-policy/strict-origin/meta-referrer/same-origin/http-http/fetch-request/insecure-protocol.swap-origin-redirect.http.html | took 0ms
16:58:13     INFO - TEST-START | /referrer-policy/strict-origin/meta-referrer/same-origin/http-http/img-tag/insecure-protocol.keep-origin-redirect.http.html
16:58:13     INFO - TEST-SKIP | /referrer-policy/strict-origin/meta-referrer/same-origin/http-http/img-tag/insecure-protocol.keep-origin-redirect.http.html | took 0ms
16:58:13     INFO - TEST-START | /referrer-policy/strict-origin/meta-referrer/same-origin/http-http/img-tag/insecure-protocol.no-redirect.http.html
16:58:13     INFO - TEST-SKIP | /referrer-policy/strict-origin/meta-referrer/same-origin/http-http/img-tag/insecure-protocol.no-redirect.http.html | took 0ms
16:58:13     INFO - TEST-START | /referrer-policy/strict-origin/meta-referrer/same-origin/http-http/img-tag/insecure-protocol.swap-origin-redirect.http.html
16:58:13     INFO - TEST-SKIP | /referrer-policy/strict-origin/meta-referrer/same-origin/http-http/img-tag/insecure-protocol.swap-origin-redirect.http.html | took 0ms
16:58:13     INFO - TEST-START | /referrer-policy/unset-referrer-policy/meta-referrer/cross-origin/http-http/img-tag/insecure-protocol.keep-origin-redirect.http.html
16:58:13     INFO - TEST-SKIP | /referrer-policy/unset-referrer-policy/meta-referrer/cross-origin/http-http/img-tag/insecure-protocol.keep-origin-redirect.http.html | took 0ms
16:58:13     INFO - TEST-START | /referrer-policy/unset-referrer-policy/meta-referrer/cross-origin/http-http/img-tag/insecure-protocol.no-redirect.http.html
16:58:13     INFO - TEST-SKIP | /referrer-policy/unset-referrer-policy/meta-referrer/cross-origin/http-http/img-tag/insecure-protocol.no-redirect.http.html | took 0ms
16:58:13     INFO - TEST-START | /referrer-policy/unset-referrer-policy/meta-referrer/cross-origin/http-http/img-tag/insecure-protocol.swap-origin-redirect.http.html
16:58:13     INFO - TEST-SKIP | /referrer-policy/unset-referrer-policy/meta-referrer/cross-origin/http-http/img-tag/insecure-protocol.swap-origin-redirect.http.html | took 1ms
16:58:13     INFO - TEST-START | /webgl/bufferSubData.html
16:58:13     INFO - TEST-SKIP | /webgl/bufferSubData.html | took 0ms
16:58:13     INFO - TEST-START | /webgl/compressedTexImage2D.html
16:58:13     INFO - TEST-SKIP | /webgl/compressedTexImage2D.html | took 0ms
16:58:13     INFO - TEST-START | /webgl/compressedTexSubImage2D.html
16:58:13     INFO - TEST-SKIP | /webgl/compressedTexSubImage2D.html | took 0ms
16:58:13     INFO - TEST-START | /webgl/conformance-1.0.3/conformance/attribs/gl-bindAttribLocation-aliasing.html
16:58:13     INFO - TEST-SKIP | /webgl/conformance-1.0.3/conformance/attribs/gl-bindAttribLocation-aliasing.html | took 0ms
16:58:13     INFO - TEST-START | /webgl/conformance-1.0.3/conformance/attribs/gl-bindAttribLocation-matrix.html
16:58:13     INFO - TEST-SKIP | /webgl/conformance-1.0.3/conformance/attribs/gl-bindAttribLocation-matrix.html | took 1ms
16:58:13     INFO - TEST-START | /webgl/conformance-1.0.3/conformance/attribs/gl-disabled-vertex-attrib.html
16:58:13     INFO - TEST-SKIP | /webgl/conformance-1.0.3/conformance/attribs/gl-disabled-vertex-attrib.html | took 0ms
16:58:13     INFO - TEST-START | /webgl/conformance-1.0.3/conformance/attribs/gl-enable-vertex-attrib.html
16:58:13     INFO - TEST-SKIP | /webgl/conformance-1.0.3/conformance/attribs/gl-enable-vertex-attrib.html | took 0ms
16:58:13     INFO - TEST-START | /webgl/conformance-1.0.3/conformance/attribs/gl-matrix-attributes.html
16:58:13     INFO - TEST-SKIP | /webgl/conformance-1.0.3/conformance/attribs/gl-matrix-attributes.html | took 6ms
16:58:13     INFO - TEST-START | /webgl/conformance-1.0.3/conformance/attribs/gl-vertex-attrib-render.html
16:58:13     INFO - TEST-SKIP | /webgl/conformance-1.0.3/conformance/attribs/gl-vertex-attrib-render.html | took 0ms
16:58:13     INFO - TEST-START | /webgl/conformance-1.0.3/conformance/attribs/gl-vertex-attrib-zero-issues.html
16:58:13     INFO - TEST-SKIP | /webgl/conformance-1.0.3/conformance/attribs/gl-vertex-attrib-zero-issues.html | took 0ms
16:58:13     INFO - TEST-START | /webgl/conformance-1.0.3/conformance/attribs/gl-vertex-attrib.html
16:58:13     INFO - TEST-SKIP | /webgl/conformance-1.0.3/conformance/attribs/gl-vertex-attrib.html | took 1ms
16:58:13     INFO - TEST-START | /webgl/conformance-1.0.3/conformance/attribs/gl-vertexattribpointer-offsets.html
16:58:13     INFO - TEST-SKIP | /webgl/conformance-1.0.3/conformance/attribs/gl-vertexattribpointer-offsets.html | took 0ms
16:58:13     INFO - TEST-START | /webgl/conformance-1.0.3/conformance/attribs/gl-vertexattribpointer.html
16:58:13     INFO - TEST-SKIP | /webgl/conformance-1.0.3/conformance/attribs/gl-vertexattribpointer.html | took 0ms
16:58:13     INFO - TEST-START | /webgl/conformance-1.0.3/conformance/canvas/buffer-offscreen-test.html
16:58:13     INFO - TEST-SKIP | /webgl/conformance-1.0.3/conformance/canvas/buffer-offscreen-test.html | took 1ms
16:58:13     INFO - TEST-START | /webgl/conformance-1.0.3/conformance/canvas/buffer-preserve-test.html
16:58:13     INFO - TEST-SKIP | /webgl/conformance-1.0.3/conformance/canvas/buffer-preserve-test.html | took 0ms
16:58:13     INFO - TEST-START | /webgl/conformance-1.0.3/conformance/canvas/canvas-test.html
16:58:13     INFO - TEST-SKIP | /webgl/conformance-1.0.3/conformance/canvas/canvas-test.html | took 0ms
16:58:13     INFO - TEST-START | /webgl/conformance-1.0.3/conformance/canvas/canvas-zero-size.html
16:58:13     INFO - TEST-SKIP | /webgl/conformance-1.0.3/conformance/canvas/canvas-zero-size.html | took 0ms
16:58:13     INFO - TEST-START | /webgl/conformance-1.0.3/conformance/canvas/draw-static-webgl-to-multiple-canvas-test.html
16:58:13     INFO - TEST-SKIP | /webgl/conformance-1.0.3/conformance/canvas/draw-static-webgl-to-multiple-canvas-test.html | took 0ms
16:58:13     INFO - TEST-START | /webgl/conformance-1.0.3/conformance/canvas/draw-webgl-to-canvas-test.html
16:58:13     INFO - TEST-SKIP | /webgl/conformance-1.0.3/conformance/canvas/draw-webgl-to-canvas-test.html | took 0ms
16:58:13     INFO - TEST-START | /webgl/conformance-1.0.3/conformance/canvas/drawingbuffer-hd-dpi-test.html
16:58:13     INFO - TEST-SKIP | /webgl/conformance-1.0.3/conformance/canvas/drawingbuffer-hd-dpi-test.html | took 0ms
16:58:13     INFO - TEST-START | /webgl/conformance-1.0.3/conformance/canvas/drawingbuffer-static-canvas-test.html
16:58:13     INFO - TEST-SKIP | /webgl/conformance-1.0.3/conformance/canvas/drawingbuffer-static-canvas-test.html | took 0ms
16:58:13     INFO - TEST-START | /webgl/conformance-1.0.3/conformance/canvas/drawingbuffer-test.html
16:58:13     INFO - TEST-SKIP | /webgl/conformance-1.0.3/conformance/canvas/drawingbuffer-test.html | took 0ms
16:58:13     INFO - TEST-START | /webgl/conformance-1.0.3/conformance/canvas/framebuffer-bindings-unaffected-on-resize.html
16:58:13     INFO - TEST-SKIP | /webgl/conformance-1.0.3/conformance/canvas/framebuffer-bindings-unaffected-on-resize.html | took 0ms
16:58:13     INFO - TEST-START | /webgl/conformance-1.0.3/conformance/canvas/rapid-resizing.html
16:58:13     INFO - TEST-SKIP | /webgl/conformance-1.0.3/conformance/canvas/rapid-resizing.html | took 0ms
16:58:13     INFO - TEST-START | /webgl/conformance-1.0.3/conformance/canvas/texture-bindings-unaffected-on-resize.html
16:58:13     INFO - TEST-SKIP | /webgl/conformance-1.0.3/conformance/canvas/texture-bindings-unaffected-on-resize.html | took 1ms
16:58:13     INFO - TEST-START | /webgl/conformance-1.0.3/conformance/canvas/to-data-url-test.html
16:58:13     INFO - TEST-SKIP | /webgl/conformance-1.0.3/conformance/canvas/to-data-url-test.html | took 0ms
16:58:13     INFO - TEST-START | /webgl/conformance-1.0.3/conformance/canvas/viewport-unchanged-upon-resize.html
16:58:13     INFO - TEST-SKIP | /webgl/conformance-1.0.3/conformance/canvas/viewport-unchanged-upon-resize.html | took 8ms
16:58:13     INFO - TEST-START | /webgl/conformance-1.0.3/conformance/glsl/constructors/glsl-construct-bvec2.html
16:58:13     INFO - TEST-SKIP | /webgl/conformance-1.0.3/conformance/glsl/constructors/glsl-construct-bvec2.html | took 0ms
16:58:13     INFO - TEST-START | /webgl/conformance-1.0.3/conformance/glsl/constructors/glsl-construct-bvec3.html
16:58:13     INFO - TEST-SKIP | /webgl/conformance-1.0.3/conformance/glsl/constructors/glsl-construct-bvec3.html | took 0ms
16:58:13     INFO - TEST-START | /webgl/conformance-1.0.3/conformance/glsl/constructors/glsl-construct-bvec4.html
16:58:13     INFO - TEST-SKIP | /webgl/conformance-1.0.3/conformance/glsl/constructors/glsl-construct-bvec4.html | took 0ms
16:58:13     INFO - TEST-START | /webgl/conformance-1.0.3/conformance/glsl/constructors/glsl-construct-ivec2.html
16:58:13     INFO - TEST-SKIP | /webgl/conformance-1.0.3/conformance/glsl/constructors/glsl-construct-ivec2.html | took 0ms
16:58:13     INFO - TEST-START | /webgl/conformance-1.0.3/conformance/glsl/constructors/glsl-construct-ivec3.html
16:58:13     INFO - TEST-SKIP | /webgl/conformance-1.0.3/conformance/glsl/constructors/glsl-construct-ivec3.html | took 1ms
16:58:13     INFO - TEST-START | /webgl/conformance-1.0.3/conformance/glsl/constructors/glsl-construct-ivec4.html
16:58:13     INFO - TEST-SKIP | /webgl/conformance-1.0.3/conformance/glsl/constructors/glsl-construct-ivec4.html | took 0ms
16:58:13     INFO - TEST-START | /webgl/conformance-1.0.3/conformance/glsl/constructors/glsl-construct-mat2.html
16:58:13     INFO - TEST-SKIP | /webgl/conformance-1.0.3/conformance/glsl/constructors/glsl-construct-mat2.html | took 0ms
16:58:13     INFO - TEST-START | /webgl/conformance-1.0.3/conformance/glsl/constructors/glsl-construct-mat3.html
16:58:13     INFO - TEST-SKIP | /webgl/conformance-1.0.3/conformance/glsl/constructors/glsl-construct-mat3.html | took 0ms
16:58:13     INFO - TEST-START | /webgl/conformance-1.0.3/conformance/glsl/constructors/glsl-construct-mat4.html
16:58:13     INFO - TEST-SKIP | /webgl/conformance-1.0.3/conformance/glsl/constructors/glsl-construct-mat4.html | took 7ms
16:58:13     INFO - TEST-START | /webgl/conformance-1.0.3/conformance/glsl/constructors/glsl-construct-vec-mat-corner-cases.html
16:58:13     INFO - TEST-SKIP | /webgl/conformance-1.0.3/conformance/glsl/constructors/glsl-construct-vec-mat-corner-cases.html | took 0ms
16:58:13     INFO - TEST-START | /webgl/conformance-1.0.3/conformance/glsl/constructors/glsl-construct-vec-mat-index.html
16:58:13     INFO - TEST-SKIP | /webgl/conformance-1.0.3/conformance/glsl/constructors/glsl-construct-vec-mat-index.html | took 0ms
16:58:13     INFO - TEST-START | /webgl/conformance-1.0.3/conformance/glsl/constructors/glsl-construct-vec2.html
16:58:13     INFO - TEST-SKIP | /webgl/conformance-1.0.3/conformance/glsl/constructors/glsl-construct-vec2.html | took 0ms
16:58:13     INFO - TEST-START | /webgl/conformance-1.0.3/conformance/glsl/constructors/glsl-construct-vec3.html
16:58:13     INFO - TEST-SKIP | /webgl/conformance-1.0.3/conformance/glsl/constructors/glsl-construct-vec3.html | took 0ms
16:58:13     INFO - TEST-START | /webgl/conformance-1.0.3/conformance/glsl/constructors/glsl-construct-vec4.html
16:58:13     INFO - TEST-SKIP | /webgl/conformance-1.0.3/conformance/glsl/constructors/glsl-construct-vec4.html | took 0ms
16:58:13     INFO - TEST-START | /webgl/conformance-1.0.3/conformance/glsl/functions/glsl-function-abs.html
16:58:13     INFO - TEST-SKIP | /webgl/conformance-1.0.3/conformance/glsl/functions/glsl-function-abs.html | took 0ms
16:58:13     INFO - TEST-START | /webgl/conformance-1.0.3/conformance/glsl/functions/glsl-function-acos.html
16:58:13     INFO - TEST-SKIP | /webgl/conformance-1.0.3/conformance/glsl/functions/glsl-function-acos.html | took 1ms
16:58:13     INFO - TEST-START | /webgl/conformance-1.0.3/conformance/glsl/functions/glsl-function-asin.html
16:58:13     INFO - TEST-SKIP | /webgl/conformance-1.0.3/conformance/glsl/functions/glsl-function-asin.html | took 0ms
16:58:13     INFO - TEST-START | /webgl/conformance-1.0.3/conformance/glsl/functions/glsl-function-atan-xy.html
16:58:13     INFO - TEST-SKIP | /webgl/conformance-1.0.3/conformance/glsl/functions/glsl-function-atan-xy.html | took 12ms
16:58:13     INFO - TEST-START | /webgl/conformance-1.0.3/conformance/glsl/functions/glsl-function-atan.html
16:58:13     INFO - TEST-SKIP | /webgl/conformance-1.0.3/conformance/glsl/functions/glsl-function-atan.html | took 0ms
16:58:13     INFO - TEST-START | /webgl/conformance-1.0.3/conformance/glsl/functions/glsl-function-ceil.html
16:58:13     INFO - TEST-SKIP | /webgl/conformance-1.0.3/conformance/glsl/functions/glsl-function-ceil.html | took 0ms
16:58:13     INFO - TEST-START | /webgl/conformance-1.0.3/conformance/glsl/functions/glsl-function-clamp-float.html
16:58:13     INFO - TEST-SKIP | /webgl/conformance-1.0.3/conformance/glsl/functions/glsl-function-clamp-float.html | took 0ms
16:58:13     INFO - TEST-START | /webgl/conformance-1.0.3/conformance/glsl/functions/glsl-function-clamp-gentype.html
16:58:13     INFO - TEST-SKIP | /webgl/conformance-1.0.3/conformance/glsl/functions/glsl-function-clamp-gentype.html | took 0ms
16:58:13     INFO - TEST-START | /webgl/conformance-1.0.3/conformance/glsl/functions/glsl-function-cos.html
16:58:13     INFO - TEST-SKIP | /webgl/conformance-1.0.3/conformance/glsl/functions/glsl-function-cos.html | took 0ms
16:58:13     INFO - TEST-START | /webgl/conformance-1.0.3/conformance/glsl/functions/glsl-function-cross.html
16:58:13     INFO - TEST-SKIP | /webgl/conformance-1.0.3/conformance/glsl/functions/glsl-function-cross.html | took 0ms
16:58:13     INFO - TEST-START | /webgl/conformance-1.0.3/conformance/glsl/functions/glsl-function-distance.html
16:58:13     INFO - TEST-SKIP | /webgl/conformance-1.0.3/conformance/glsl/functions/glsl-function-distance.html | took 0ms
16:58:13     INFO - TEST-START | /webgl/conformance-1.0.3/conformance/glsl/functions/glsl-function-dot.html
16:58:13     INFO - TEST-SKIP | /webgl/conformance-1.0.3/conformance/glsl/functions/glsl-function-dot.html | took 1ms
16:58:13     INFO - TEST-START | /webgl/conformance-1.0.3/conformance/glsl/functions/glsl-function-faceforward.html
16:58:13     INFO - TEST-SKIP | /webgl/conformance-1.0.3/conformance/glsl/functions/glsl-function-faceforward.html | took 0ms
16:58:13     INFO - TEST-START | /webgl/conformance-1.0.3/conformance/glsl/functions/glsl-function-floor.html
16:58:13     INFO - TEST-SKIP | /webgl/conformance-1.0.3/conformance/glsl/functions/glsl-function-floor.html | took 0ms
16:58:13     INFO - TEST-START | /webgl/conformance-1.0.3/conformance/glsl/functions/glsl-function-fract.html
16:58:13     INFO - TEST-SKIP | /webgl/conformance-1.0.3/conformance/glsl/functions/glsl-function-fract.html | took 0ms
16:58:13     INFO - TEST-START | /webgl/conformance-1.0.3/conformance/glsl/functions/glsl-function-length.html
16:58:13     INFO - TEST-SKIP | /webgl/conformance-1.0.3/conformance/glsl/functions/glsl-function-length.html | took 1ms
16:58:13     INFO - TEST-START | /webgl/conformance-1.0.3/conformance/glsl/functions/glsl-function-max-float.html
16:58:13     INFO - TEST-SKIP | /webgl/conformance-1.0.3/conformance/glsl/functions/glsl-function-max-float.html | took 0ms
16:58:13     INFO - TEST-START | /webgl/conformance-1.0.3/conformance/glsl/functions/glsl-function-max-gentype.html
16:58:13     INFO - TEST-SKIP | /webgl/conformance-1.0.3/conformance/glsl/functions/glsl-function-max-gentype.html | took 0ms
16:58:13     INFO - TEST-START | /webgl/conformance-1.0.3/conformance/glsl/functions/glsl-function-min-float.html
16:58:13     INFO - TEST-SKIP | /webgl/conformance-1.0.3/conformance/glsl/functions/glsl-function-min-float.html | took 1ms
16:58:13     INFO - TEST-START | /webgl/conformance-1.0.3/conformance/glsl/functions/glsl-function-min-gentype.html
16:58:13     INFO - TEST-SKIP | /webgl/conformance-1.0.3/conformance/glsl/functions/glsl-function-min-gentype.html | took 0ms
16:58:13     INFO - TEST-START | /webgl/conformance-1.0.3/conformance/glsl/functions/glsl-function-mix-float.html
16:58:13     INFO - TEST-SKIP | /webgl/conformance-1.0.3/conformance/glsl/functions/glsl-function-mix-float.html | took 0ms
16:58:13     INFO - TEST-START | /webgl/conformance-1.0.3/conformance/glsl/functions/glsl-function-mix-gentype.html
16:58:13     INFO - TEST-SKIP | /webgl/conformance-1.0.3/conformance/glsl/functions/glsl-function-mix-gentype.html | took 0ms
16:58:13     INFO - TEST-START | /webgl/conformance-1.0.3/conformance/glsl/functions/glsl-function-mod-float.html
16:58:13     INFO - TEST-SKIP | /webgl/conformance-1.0.3/conformance/glsl/functions/glsl-function-mod-float.html | took 0ms
16:58:13     INFO - TEST-START | /webgl/conformance-1.0.3/conformance/glsl/functions/glsl-function-mod-gentype.html
16:58:13     INFO - TEST-SKIP | /webgl/conformance-1.0.3/conformance/glsl/functions/glsl-function-mod-gentype.html | took 0ms
16:58:13     INFO - TEST-START | /webgl/conformance-1.0.3/conformance/glsl/functions/glsl-function-normalize.html
16:58:13     INFO - TEST-SKIP | /webgl/conformance-1.0.3/conformance/glsl/functions/glsl-function-normalize.html | took 1ms
16:58:13     INFO - TEST-START | /webgl/conformance-1.0.3/conformance/glsl/functions/glsl-function-reflect.html
16:58:13     INFO - TEST-SKIP | /webgl/conformance-1.0.3/conformance/glsl/functions/glsl-function-reflect.html | took 0ms
16:58:13     INFO - TEST-START | /webgl/conformance-1.0.3/conformance/glsl/functions/glsl-function-sign.html
16:58:13     INFO - TEST-SKIP | /webgl/conformance-1.0.3/conformance/glsl/functions/glsl-function-sign.html | took 0ms
16:58:13     INFO - TEST-START | /webgl/conformance-1.0.3/conformance/glsl/functions/glsl-function-sin.html
16:58:13     INFO - TEST-SKIP | /webgl/conformance-1.0.3/conformance/glsl/functions/glsl-function-sin.html | took 0ms
16:58:13     INFO - TEST-START | /webgl/conformance-1.0.3/conformance/glsl/functions/glsl-function-smoothstep-float.html
16:58:13     INFO - TEST-SKIP | /webgl/conformance-1.0.3/conformance/glsl/functions/glsl-function-smoothstep-float.html | took 0ms
16:58:13     INFO - TEST-START | /webgl/conformance-1.0.3/conformance/glsl/functions/glsl-function-smoothstep-gentype.html
16:58:13     INFO - TEST-SKIP | /webgl/conformance-1.0.3/conformance/glsl/functions/glsl-function-smoothstep-gentype.html | took 0ms
16:58:13     INFO - TEST-START | /webgl/conformance-1.0.3/conformance/glsl/functions/glsl-function-step-float.html
16:58:13     INFO - TEST-SKIP | /webgl/conformance-1.0.3/conformance/glsl/functions/glsl-function-step-float.html | took 0ms
16:58:13     INFO - TEST-START | /webgl/conformance-1.0.3/conformance/glsl/functions/glsl-function-step-gentype.html
16:58:13     INFO - TEST-SKIP | /webgl/conformance-1.0.3/conformance/glsl/functions/glsl-function-step-gentype.html | took 0ms
16:58:13     INFO - TEST-START | /webgl/conformance-1.0.3/conformance/glsl/functions/glsl-function.html
16:58:13     INFO - TEST-SKIP | /webgl/conformance-1.0.3/conformance/glsl/functions/glsl-function.html | took 0ms
16:58:13     INFO - TEST-START | /webgl/conformance-1.0.3/conformance/glsl/implicit/add_int_float.vert.html
16:58:13     INFO - TEST-SKIP | /webgl/conformance-1.0.3/conformance/glsl/implicit/add_int_float.vert.html | took 0ms
16:58:13     INFO - TEST-START | /webgl/conformance-1.0.3/conformance/glsl/implicit/add_int_mat2.vert.html
16:58:13     INFO - TEST-SKIP | /webgl/conformance-1.0.3/conformance/glsl/implicit/add_int_mat2.vert.html | took 0ms
16:58:13     INFO - TEST-START | /webgl/conformance-1.0.3/conformance/glsl/implicit/add_int_mat3.vert.html
16:58:13     INFO - TEST-SKIP | /webgl/conformance-1.0.3/conformance/glsl/implicit/add_int_mat3.vert.html | took 0ms
16:58:13     INFO - TEST-START | /webgl/conformance-1.0.3/conformance/glsl/implicit/add_int_mat4.vert.html
16:58:13     INFO - TEST-SKIP | /webgl/conformance-1.0.3/conformance/glsl/implicit/add_int_mat4.vert.html | took 0ms
16:58:13     INFO - TEST-START | /webgl/conformance-1.0.3/conformance/glsl/implicit/add_int_vec2.vert.html
16:58:13     INFO - TEST-SKIP | /webgl/conformance-1.0.3/conformance/glsl/implicit/add_int_vec2.vert.html | took 0ms
16:58:13     INFO - TEST-START | /webgl/conformance-1.0.3/conformance/glsl/implicit/add_int_vec3.vert.html
16:58:13     INFO - TEST-SKIP | /webgl/conformance-1.0.3/conformance/glsl/implicit/add_int_vec3.vert.html | took 0ms
16:58:13     INFO - TEST-START | /webgl/conformance-1.0.3/conformance/glsl/implicit/add_int_vec4.vert.html
16:58:13     INFO - TEST-SKIP | /webgl/conformance-1.0.3/conformance/glsl/implicit/add_int_vec4.vert.html | took 0ms
16:58:13     INFO - TEST-START | /webgl/conformance-1.0.3/conformance/glsl/implicit/add_ivec2_vec2.vert.html
16:58:13     INFO - TEST-SKIP | /webgl/conformance-1.0.3/conformance/glsl/implicit/add_ivec2_vec2.vert.html | took 8ms
16:58:13     INFO - TEST-START | /webgl/conformance-1.0.3/conformance/glsl/implicit/add_ivec3_vec3.vert.html
16:58:13     INFO - TEST-SKIP | /webgl/conformance-1.0.3/conformance/glsl/implicit/add_ivec3_vec3.vert.html | took 1ms
16:58:13     INFO - TEST-START | /webgl/conformance-1.0.3/conformance/glsl/implicit/add_ivec4_vec4.vert.html
16:58:13     INFO - TEST-SKIP | /webgl/conformance-1.0.3/conformance/glsl/implicit/add_ivec4_vec4.vert.html | took 0ms
16:58:13     INFO - TEST-START | /webgl/conformance-1.0.3/conformance/glsl/implicit/assign_int_to_float.vert.html
16:58:13     INFO - TEST-SKIP | /webgl/conformance-1.0.3/conformance/glsl/implicit/assign_int_to_float.vert.html | took 0ms
16:58:13     INFO - TEST-START | /webgl/conformance-1.0.3/conformance/glsl/implicit/assign_ivec2_to_vec2.vert.html
16:58:13     INFO - TEST-SKIP | /webgl/conformance-1.0.3/conformance/glsl/implicit/assign_ivec2_to_vec2.vert.html | took 1ms
16:58:13     INFO - TEST-START | /webgl/conformance-1.0.3/conformance/glsl/implicit/assign_ivec3_to_vec3.vert.html
16:58:13     INFO - TEST-SKIP | /webgl/conformance-1.0.3/conformance/glsl/implicit/assign_ivec3_to_vec3.vert.html | took 0ms
16:58:13     INFO - TEST-START | /webgl/conformance-1.0.3/conformance/glsl/implicit/assign_ivec4_to_vec4.vert.html
16:58:13     INFO - TEST-SKIP | /webgl/conformance-1.0.3/conformance/glsl/implicit/assign_ivec4_to_vec4.vert.html | took 0ms
16:58:13     INFO - TEST-START | /webgl/conformance-1.0.3/conformance/glsl/implicit/construct_struct.vert.html
16:58:13     INFO - TEST-SKIP | /webgl/conformance-1.0.3/conformance/glsl/implicit/construct_struct.vert.html | took 0ms
16:58:13     INFO - TEST-START | /webgl/conformance-1.0.3/conformance/glsl/implicit/divide_int_float.vert.html
16:58:13     INFO - TEST-SKIP | /webgl/conformance-1.0.3/conformance/glsl/implicit/divide_int_float.vert.html | took 1ms
16:58:13     INFO - TEST-START | /webgl/conformance-1.0.3/conformance/glsl/implicit/divide_int_mat2.vert.html
16:58:13     INFO - TEST-SKIP | /webgl/conformance-1.0.3/conformance/glsl/implicit/divide_int_mat2.vert.html | took 0ms
16:58:13     INFO - TEST-START | /webgl/conformance-1.0.3/conformance/glsl/implicit/divide_int_mat3.vert.html
16:58:13     INFO - TEST-SKIP | /webgl/conformance-1.0.3/conformance/glsl/implicit/divide_int_mat3.vert.html | took 0ms
16:58:13     INFO - TEST-START | /webgl/conformance-1.0.3/conformance/glsl/implicit/divide_int_mat4.vert.html
16:58:13     INFO - TEST-SKIP | /webgl/conformance-1.0.3/conformance/glsl/implicit/divide_int_mat4.vert.html | took 1ms
16:58:13     INFO - TEST-START | /webgl/conformance-1.0.3/conformance/glsl/implicit/divide_int_vec2.vert.html
16:58:13     INFO - TEST-SKIP | /webgl/conformance-1.0.3/conformance/glsl/implicit/divide_int_vec2.vert.html | took 0ms
16:58:13     INFO - TEST-START | /webgl/conformance-1.0.3/conformance/glsl/implicit/divide_int_vec3.vert.html
16:58:13     INFO - TEST-SKIP | /webgl/conformance-1.0.3/conformance/glsl/implicit/divide_int_vec3.vert.html | took 0ms
16:58:13     INFO - TEST-START | /webgl/conformance-1.0.3/conformance/glsl/implicit/divide_int_vec4.vert.html
16:58:13     INFO - TEST-SKIP | /webgl/conformance-1.0.3/conformance/glsl/implicit/divide_int_vec4.vert.html | took 0ms
16:58:13     INFO - TEST-START | /webgl/conformance-1.0.3/conformance/glsl/implicit/divide_ivec2_vec2.vert.html
16:58:13     INFO - TEST-SKIP | /webgl/conformance-1.0.3/conformance/glsl/implicit/divide_ivec2_vec2.vert.html | took 0ms
16:58:13     INFO - TEST-START | /webgl/conformance-1.0.3/conformance/glsl/implicit/divide_ivec3_vec3.vert.html
16:58:13     INFO - TEST-SKIP | /webgl/conformance-1.0.3/conformance/glsl/implicit/divide_ivec3_vec3.vert.html | took 0ms
16:58:13     INFO - TEST-START | /webgl/conformance-1.0.3/conformance/glsl/implicit/divide_ivec4_vec4.vert.html
16:58:13     INFO - TEST-SKIP | /webgl/conformance-1.0.3/conformance/glsl/implicit/divide_ivec4_vec4.vert.html | took 0ms
16:58:13     INFO - TEST-START | /webgl/conformance-1.0.3/conformance/glsl/implicit/equal_int_float.vert.html
16:58:13     INFO - TEST-SKIP | /webgl/conformance-1.0.3/conformance/glsl/implicit/equal_int_float.vert.html | took 0ms
16:58:13     INFO - TEST-START | /webgl/conformance-1.0.3/conformance/glsl/implicit/equal_ivec2_vec2.vert.html
16:58:13     INFO - TEST-SKIP | /webgl/conformance-1.0.3/conformance/glsl/implicit/equal_ivec2_vec2.vert.html | took 8ms
16:58:13     INFO - TEST-START | /webgl/conformance-1.0.3/conformance/glsl/implicit/equal_ivec3_vec3.vert.html
16:58:13     INFO - TEST-SKIP | /webgl/conformance-1.0.3/conformance/glsl/implicit/equal_ivec3_vec3.vert.html | took 0ms
16:58:13     INFO - TEST-START | /webgl/conformance-1.0.3/conformance/glsl/implicit/equal_ivec4_vec4.vert.html
16:58:13     INFO - TEST-SKIP | /webgl/conformance-1.0.3/conformance/glsl/implicit/equal_ivec4_vec4.vert.html | took 0ms
16:58:13     INFO - TEST-START | /webgl/conformance-1.0.3/conformance/glsl/implicit/function_int_float.vert.html
16:58:13     INFO - TEST-SKIP | /webgl/conformance-1.0.3/conformance/glsl/implicit/function_int_float.vert.html | took 0ms
16:58:13     INFO - TEST-START | /webgl/conformance-1.0.3/conformance/glsl/implicit/function_ivec2_vec2.vert.html
16:58:13     INFO - TEST-SKIP | /webgl/conformance-1.0.3/conformance/glsl/implicit/function_ivec2_vec2.vert.html | took 1ms
16:58:13     INFO - TEST-START | /webgl/conformance-1.0.3/conformance/glsl/implicit/function_ivec3_vec3.vert.html
16:58:13     INFO - TEST-SKIP | /webgl/conformance-1.0.3/conformance/glsl/implicit/function_ivec3_vec3.vert.html | took 0ms
16:58:13     INFO - TEST-START | /webgl/conformance-1.0.3/conformance/glsl/implicit/function_ivec4_vec4.vert.html
16:58:13     INFO - TEST-SKIP | /webgl/conformance-1.0.3/conformance/glsl/implicit/function_ivec4_vec4.vert.html | took 0ms
16:58:13     INFO - TEST-START | /webgl/conformance-1.0.3/conformance/glsl/implicit/greater_than.vert.html
16:58:13     INFO - TEST-SKIP | /webgl/conformance-1.0.3/conformance/glsl/implicit/greater_than.vert.html | took 0ms
16:58:13     INFO - TEST-START | /webgl/conformance-1.0.3/conformance/glsl/implicit/greater_than_equal.vert.html
16:58:13     INFO - TEST-SKIP | /webgl/conformance-1.0.3/conformance/glsl/implicit/greater_than_equal.vert.html | took 1ms
16:58:13     INFO - TEST-START | /webgl/conformance-1.0.3/conformance/glsl/implicit/less_than.vert.html
16:58:13     INFO - TEST-SKIP | /webgl/conformance-1.0.3/conformance/glsl/implicit/less_than.vert.html | took 0ms
16:58:13     INFO - TEST-START | /webgl/conformance-1.0.3/conformance/glsl/implicit/less_than_equal.vert.html
16:58:13     INFO - TEST-SKIP | /webgl/conformance-1.0.3/conformance/glsl/implicit/less_than_equal.vert.html | took 0ms
16:58:13     INFO - TEST-START | /webgl/conformance-1.0.3/conformance/glsl/implicit/multiply_int_float.vert.html
16:58:13     INFO - TEST-SKIP | /webgl/conformance-1.0.3/conformance/glsl/implicit/multiply_int_float.vert.html | took 0ms
16:58:13     INFO - TEST-START | /webgl/conformance-1.0.3/conformance/glsl/implicit/multiply_int_mat2.vert.html
16:58:13     INFO - TEST-SKIP | /webgl/conformance-1.0.3/conformance/glsl/implicit/multiply_int_mat2.vert.html | took 0ms
16:58:13     INFO - TEST-START | /webgl/conformance-1.0.3/conformance/glsl/implicit/multiply_int_mat3.vert.html
16:58:13     INFO - TEST-SKIP | /webgl/conformance-1.0.3/conformance/glsl/implicit/multiply_int_mat3.vert.html | took 0ms
16:58:13     INFO - TEST-START | /webgl/conformance-1.0.3/conformance/glsl/implicit/multiply_int_mat4.vert.html
16:58:13     INFO - TEST-SKIP | /webgl/conformance-1.0.3/conformance/glsl/implicit/multiply_int_mat4.vert.html | took 1ms
16:58:13     INFO - TEST-START | /webgl/conformance-1.0.3/conformance/glsl/implicit/multiply_int_vec2.vert.html
16:58:13     INFO - TEST-SKIP | /webgl/conformance-1.0.3/conformance/glsl/implicit/multiply_int_vec2.vert.html | took 0ms
16:58:13     INFO - TEST-START | /webgl/conformance-1.0.3/conformance/glsl/implicit/multiply_int_vec3.vert.html
16:58:13     INFO - TEST-SKIP | /webgl/conformance-1.0.3/conformance/glsl/implicit/multiply_int_vec3.vert.html | took 0ms
16:58:13     INFO - TEST-START | /webgl/conformance-1.0.3/conformance/glsl/implicit/multiply_int_vec4.vert.html
16:58:13     INFO - TEST-SKIP | /webgl/conformance-1.0.3/conformance/glsl/implicit/multiply_int_vec4.vert.html | took 0ms
16:58:13     INFO - TEST-START | /webgl/conformance-1.0.3/conformance/glsl/implicit/multiply_ivec2_vec2.vert.html
16:58:13     INFO - TEST-SKIP | /webgl/conformance-1.0.3/conformance/glsl/implicit/multiply_ivec2_vec2.vert.html | took 0ms
16:58:13     INFO - TEST-START | /webgl/conformance-1.0.3/conformance/glsl/implicit/multiply_ivec3_vec3.vert.html
16:58:13     INFO - TEST-SKIP | /webgl/conformance-1.0.3/conformance/glsl/implicit/multiply_ivec3_vec3.vert.html | took 7ms
16:58:13     INFO - TEST-START | /webgl/conformance-1.0.3/conformance/glsl/implicit/multiply_ivec4_vec4.vert.html
16:58:13     INFO - TEST-SKIP | /webgl/conformance-1.0.3/conformance/glsl/implicit/multiply_ivec4_vec4.vert.html | took 0ms
16:58:13     INFO - TEST-START | /webgl/conformance-1.0.3/conformance/glsl/implicit/not_equal_int_float.vert.html
16:58:13     INFO - TEST-SKIP | /webgl/conformance-1.0.3/conformance/glsl/implicit/not_equal_int_float.vert.html | took 0ms
16:58:13     INFO - TEST-START | /webgl/conformance-1.0.3/conformance/glsl/implicit/not_equal_ivec2_vec2.vert.html
16:58:13     INFO - TEST-SKIP | /webgl/conformance-1.0.3/conformance/glsl/implicit/not_equal_ivec2_vec2.vert.html | took 0ms
16:58:13     INFO - TEST-START | /webgl/conformance-1.0.3/conformance/glsl/implicit/not_equal_ivec3_vec3.vert.html
16:58:13     INFO - TEST-SKIP | /webgl/conformance-1.0.3/conformance/glsl/implicit/not_equal_ivec3_vec3.vert.html | took 0ms
16:58:13     INFO - TEST-START | /webgl/conformance-1.0.3/conformance/glsl/implicit/not_equal_ivec4_vec4.vert.html
16:58:13     INFO - TEST-SKIP | /webgl/conformance-1.0.3/conformance/glsl/implicit/not_equal_ivec4_vec4.vert.html | took 0ms
16:58:13     INFO - TEST-START | /webgl/conformance-1.0.3/conformance/glsl/implicit/subtract_int_float.vert.html
16:58:13     INFO - TEST-SKIP | /webgl/conformance-1.0.3/conformance/glsl/implicit/subtract_int_float.vert.html | took 0ms
16:58:13     INFO - TEST-START | /webgl/conformance-1.0.3/conformance/glsl/implicit/subtract_int_mat2.vert.html
16:58:13     INFO - TEST-SKIP | /webgl/conformance-1.0.3/conformance/glsl/implicit/subtract_int_mat2.vert.html | took 0ms
16:58:13     INFO - TEST-START | /webgl/conformance-1.0.3/conformance/glsl/implicit/subtract_int_mat3.vert.html
16:58:13     INFO - TEST-SKIP | /webgl/conformance-1.0.3/conformance/glsl/implicit/subtract_int_mat3.vert.html | took 0ms
16:58:13     INFO - TEST-START | /webgl/conformance-1.0.3/conformance/glsl/implicit/subtract_int_mat4.vert.html
16:58:13     INFO - TEST-SKIP | /webgl/conformance-1.0.3/conformance/glsl/implicit/subtract_int_mat4.vert.html | took 8ms
16:58:13     INFO - TEST-START | /webgl/conformance-1.0.3/conformance/glsl/implicit/subtract_int_vec2.vert.html
16:58:13     INFO - TEST-SKIP | /webgl/conformance-1.0.3/conformance/glsl/implicit/subtract_int_vec2.vert.html | took 0ms
16:58:13     INFO - TEST-START | /webgl/conformance-1.0.3/conformance/glsl/implicit/subtract_int_vec3.vert.html
16:58:13     INFO - TEST-SKIP | /webgl/conformance-1.0.3/conformance/glsl/implicit/subtract_int_vec3.vert.html | took 0ms
16:58:13     INFO - TEST-START | /webgl/conformance-1.0.3/conformance/glsl/implicit/subtract_int_vec4.vert.html
16:58:13     INFO - TEST-SKIP | /webgl/conformance-1.0.3/conformance/glsl/implicit/subtract_int_vec4.vert.html | took 1ms
16:58:13     INFO - TEST-START | /webgl/conformance-1.0.3/conformance/glsl/implicit/subtract_ivec2_vec2.vert.html
16:58:13     INFO - TEST-SKIP | /webgl/conformance-1.0.3/conformance/glsl/implicit/subtract_ivec2_vec2.vert.html | took 0ms
16:58:13     INFO - TEST-START | /webgl/conformance-1.0.3/conformance/glsl/implicit/subtract_ivec3_vec3.vert.html
16:58:13     INFO - TEST-SKIP | /webgl/conformance-1.0.3/conformance/glsl/implicit/subtract_ivec3_vec3.vert.html | took 0ms
16:58:13     INFO - TEST-START | /webgl/conformance-1.0.3/conformance/glsl/implicit/subtract_ivec4_vec4.vert.html
16:58:13     INFO - TEST-SKIP | /webgl/conformance-1.0.3/conformance/glsl/implicit/subtract_ivec4_vec4.vert.html | took 0ms
16:58:13     INFO - TEST-START | /webgl/conformance-1.0.3/conformance/glsl/implicit/ternary_int_float.vert.html
16:58:13     INFO - TEST-SKIP | /webgl/conformance-1.0.3/conformance/glsl/implicit/ternary_int_float.vert.html | took 1ms
16:58:13     INFO - TEST-START | /webgl/conformance-1.0.3/conformance/glsl/implicit/ternary_ivec2_vec2.vert.html
16:58:13     INFO - TEST-SKIP | /webgl/conformance-1.0.3/conformance/glsl/implicit/ternary_ivec2_vec2.vert.html | took 0ms
16:58:13     INFO - TEST-START | /webgl/conformance-1.0.3/conformance/glsl/implicit/ternary_ivec3_vec3.vert.html
16:58:13     INFO - TEST-SKIP | /webgl/conformance-1.0.3/conformance/glsl/implicit/ternary_ivec3_vec3.vert.html | took 0ms
16:58:13     INFO - TEST-START | /webgl/conformance-1.0.3/conformance/glsl/implicit/ternary_ivec4_vec4.vert.html
16:58:13     INFO - TEST-SKIP | /webgl/conformance-1.0.3/conformance/glsl/implicit/ternary_ivec4_vec4.vert.html | took 0ms
16:58:13     INFO - TEST-START | /webgl/conformance-1.0.3/conformance/glsl/literals/float_literal.vert.html
16:58:13     INFO - TEST-SKIP | /webgl/conformance-1.0.3/conformance/glsl/literals/float_literal.vert.html | took 0ms
16:58:13     INFO - TEST-START | /webgl/conformance-1.0.3/conformance/glsl/literals/literal_precision.html
16:58:13     INFO - TEST-SKIP | /webgl/conformance-1.0.3/conformance/glsl/literals/literal_precision.html | took 0ms
16:58:13     INFO - TEST-START | /webgl/conformance-1.0.3/conformance/glsl/literals/overflow_leak.vert.html
16:58:13     INFO - TEST-SKIP | /webgl/conformance-1.0.3/conformance/glsl/literals/overflow_leak.vert.html | took 0ms
16:58:13     INFO - TEST-START | /webgl/conformance-1.0.3/conformance/glsl/matrices/glsl-mat3-construction.html
16:58:13     INFO - TEST-SKIP | /webgl/conformance-1.0.3/conformance/glsl/matrices/glsl-mat3-construction.html | took 0ms
16:58:13     INFO - TEST-START | /webgl/conformance-1.0.3/conformance/glsl/matrices/glsl-mat4-to-mat3.html
16:58:13     INFO - TEST-SKIP | /webgl/conformance-1.0.3/conformance/glsl/matrices/glsl-mat4-to-mat3.html | took 0ms
16:58:13     INFO - TEST-START | /webgl/conformance-1.0.3/conformance/glsl/reserved/_webgl_field.vert.html
16:58:13     INFO - TEST-SKIP | /webgl/conformance-1.0.3/conformance/glsl/reserved/_webgl_field.vert.html | took 0ms
16:58:13     INFO - TEST-START | /webgl/conformance-1.0.3/conformance/glsl/reserved/_webgl_function.vert.html
16:58:13     INFO - TEST-SKIP | /webgl/conformance-1.0.3/conformance/glsl/reserved/_webgl_function.vert.html | took 0ms
16:58:13     INFO - TEST-START | /webgl/conformance-1.0.3/conformance/glsl/reserved/_webgl_struct.vert.html
16:58:13     INFO - TEST-SKIP | /webgl/conformance-1.0.3/conformance/glsl/reserved/_webgl_struct.vert.html | took 1ms
16:58:13     INFO - TEST-START | /webgl/conformance-1.0.3/conformance/glsl/reserved/_webgl_variable.vert.html
16:58:13     INFO - TEST-SKIP | /webgl/conformance-1.0.3/conformance/glsl/reserved/_webgl_variable.vert.html | took 8ms
16:58:13     INFO - TEST-START | /webgl/conformance-1.0.3/conformance/glsl/reserved/webgl_field.vert.html
16:58:13     INFO - TEST-SKIP | /webgl/conformance-1.0.3/conformance/glsl/reserved/webgl_field.vert.html | took 0ms
16:58:13     INFO - TEST-START | /webgl/conformance-1.0.3/conformance/glsl/reserved/webgl_function.vert.html
16:58:13     INFO - TEST-SKIP | /webgl/conformance-1.0.3/conformance/glsl/reserved/webgl_function.vert.html | took 1ms
16:58:13     INFO - TEST-START | /webgl/conformance-1.0.3/conformance/glsl/reserved/webgl_struct.vert.html
16:58:13     INFO - TEST-SKIP | /webgl/conformance-1.0.3/conformance/glsl/reserved/webgl_struct.vert.html | took 0ms
16:58:13     INFO - TEST-START | /webgl/conformance-1.0.3/conformance/glsl/reserved/webgl_variable.vert.html
16:58:13     INFO - TEST-SKIP | /webgl/conformance-1.0.3/conformance/glsl/reserved/webgl_variable.vert.html | took 0ms
16:58:13     INFO - TEST-START | /webgl/conformance-1.0.3/conformance/ogles/GL/biuDepthRange/biuDepthRange_001_to_002.html
16:58:13     INFO - TEST-SKIP | /webgl/conformance-1.0.3/conformance/ogles/GL/biuDepthRange/biuDepthRange_001_to_002.html | took 0ms
16:58:13     INFO - TEST-START | /webgl/conformance-1.0.3/conformance/ogles/GL/built_in_varying_array_out_of_bounds/built_in_varying_array_out_of_bounds_001_to_001.html
16:58:13     INFO - TEST-SKIP | /webgl/conformance-1.0.3/conformance/ogles/GL/built_in_varying_array_out_of_bounds/built_in_varying_array_out_of_bounds_001_to_001.html | took 1ms
16:58:13     INFO - TEST-START | /webgl/conformance-1.0.3/conformance/ogles/GL/clamp/clamp_001_to_006.html
16:58:13     INFO - TEST-SKIP | /webgl/conformance-1.0.3/conformance/ogles/GL/clamp/clamp_001_to_006.html | took 0ms
16:58:13     INFO - TEST-START | /webgl/conformance-1.0.3/conformance/ogles/GL/exp2/exp2_001_to_008.html
16:58:13     INFO - TEST-SKIP | /webgl/conformance-1.0.3/conformance/ogles/GL/exp2/exp2_001_to_008.html | took 0ms
16:58:13     INFO - TEST-START | /webgl/conformance-1.0.3/conformance/ogles/GL/exp2/exp2_009_to_012.html
16:58:13     INFO - TEST-SKIP | /webgl/conformance-1.0.3/conformance/ogles/GL/exp2/exp2_009_to_012.html | took 10ms
16:58:13     INFO - TEST-START | /webgl/conformance-1.0.3/conformance/ogles/GL/functions/functions_001_to_008.html
16:58:13     INFO - TEST-SKIP | /webgl/conformance-1.0.3/conformance/ogles/GL/functions/functions_001_to_008.html | took 0ms
16:58:13     INFO - TEST-START | /webgl/conformance-1.0.3/conformance/ogles/GL/functions/functions_009_to_016.html
16:58:13     INFO - TEST-SKIP | /webgl/conformance-1.0.3/conformance/ogles/GL/functions/functions_009_to_016.html | took 0ms
16:58:13     INFO - TEST-START | /webgl/conformance-1.0.3/conformance/ogles/GL/functions/functions_017_to_024.html
16:58:13     INFO - TEST-SKIP | /webgl/conformance-1.0.3/conformance/ogles/GL/functions/functions_017_to_024.html | took 1ms
16:58:13     INFO - TEST-START | /webgl/conformance-1.0.3/conformance/ogles/GL/functions/functions_025_to_032.html
16:58:13     INFO - TEST-SKIP | /webgl/conformance-1.0.3/conformance/ogles/GL/functions/functions_025_to_032.html | took 0ms
16:58:13     INFO - TEST-START | /webgl/conformance-1.0.3/conformance/ogles/GL/functions/functions_033_to_040.html
16:58:13     INFO - TEST-SKIP | /webgl/conformance-1.0.3/conformance/ogles/GL/functions/functions_033_to_040.html | took 0ms
16:58:13     INFO - TEST-START | /webgl/conformance-1.0.3/conformance/ogles/GL/functions/functions_041_to_048.html
16:58:13     INFO - TEST-SKIP | /webgl/conformance-1.0.3/conformance/ogles/GL/functions/functions_041_to_048.html | took 0ms
16:58:13     INFO - TEST-START | /webgl/conformance-1.0.3/conformance/ogles/GL/functions/functions_049_to_056.html
16:58:13     INFO - TEST-SKIP | /webgl/conformance-1.0.3/conformance/ogles/GL/functions/functions_049_to_056.html | took 0ms
16:58:13     INFO - TEST-START | /webgl/conformance-1.0.3/conformance/ogles/GL/functions/functions_057_to_064.html
16:58:13     INFO - TEST-SKIP | /webgl/conformance-1.0.3/conformance/ogles/GL/functions/functions_057_to_064.html | took 0ms
16:58:13     INFO - TEST-START | /webgl/conformance-1.0.3/conformance/ogles/GL/functions/functions_065_to_072.html
16:58:13     INFO - TEST-SKIP | /webgl/conformance-1.0.3/conformance/ogles/GL/functions/functions_065_to_072.html | took 9ms
16:58:13     INFO - TEST-START | /webgl/conformance-1.0.3/conformance/ogles/GL/functions/functions_073_to_080.html
16:58:13     INFO - TEST-SKIP | /webgl/conformance-1.0.3/conformance/ogles/GL/functions/functions_073_to_080.html | took 0ms
16:58:13     INFO - TEST-START | /webgl/conformance-1.0.3/conformance/ogles/GL/functions/functions_081_to_088.html
16:58:13     INFO - TEST-SKIP | /webgl/conformance-1.0.3/conformance/ogles/GL/functions/functions_081_to_088.html | took 0ms
16:58:13     INFO - TEST-START | /webgl/conformance-1.0.3/conformance/ogles/GL/functions/functions_089_to_096.html
16:58:13     INFO - TEST-SKIP | /webgl/conformance-1.0.3/conformance/ogles/GL/functions/functions_089_to_096.html | took 0ms
16:58:13     INFO - TEST-START | /webgl/conformance-1.0.3/conformance/ogles/GL/functions/functions_097_to_104.html
16:58:13     INFO - TEST-SKIP | /webgl/conformance-1.0.3/conformance/ogles/GL/functions/functions_097_to_104.html | took 0ms
16:58:13     INFO - TEST-START | /webgl/conformance-1.0.3/conformance/ogles/GL/functions/functions_105_to_112.html
16:58:13     INFO - TEST-SKIP | /webgl/conformance-1.0.3/conformance/ogles/GL/functions/functions_105_to_112.html | took 0ms
16:58:13     INFO - TEST-START | /webgl/conformance-1.0.3/conformance/ogles/GL/functions/functions_113_to_120.html
16:58:13     INFO - TEST-SKIP | /webgl/conformance-1.0.3/conformance/ogles/GL/functions/functions_113_to_120.html | took 1ms
16:58:13     INFO - TEST-START | /webgl/conformance-1.0.3/conformance/ogles/GL/functions/functions_121_to_126.html
16:58:13     INFO - TEST-SKIP | /webgl/conformance-1.0.3/conformance/ogles/GL/functions/functions_121_to_126.html | took 0ms
16:58:13     INFO - TEST-START | /webgl/conformance-1.0.3/conformance/ogles/GL/greaterThan/greaterThan_001_to_008.html
16:58:13     INFO - TEST-SKIP | /webgl/conformance-1.0.3/conformance/ogles/GL/greaterThan/greaterThan_001_to_008.html | took 0ms
16:58:13     INFO - TEST-START | /webgl/conformance-1.0.3/conformance/ogles/GL/greaterThanEqual/greaterThanEqual_001_to_008.html
16:58:13     INFO - TEST-SKIP | /webgl/conformance-1.0.3/conformance/ogles/GL/greaterThanEqual/greaterThanEqual_001_to_008.html | took 10ms
16:58:13     INFO - TEST-START | /webgl/conformance-1.0.3/conformance/ogles/GL/inversesqrt/inversesqrt_001_to_006.html
16:58:13     INFO - TEST-SKIP | /webgl/conformance-1.0.3/conformance/ogles/GL/inversesqrt/inversesqrt_001_to_006.html | took 0ms
16:58:13     INFO - TEST-START | /webgl/conformance-1.0.3/conformance/ogles/GL/max/max_001_to_006.html
16:58:13     INFO - TEST-SKIP | /webgl/conformance-1.0.3/conformance/ogles/GL/max/max_001_to_006.html | took 1ms
16:58:13     INFO - TEST-START | /webgl/conformance-1.0.3/conformance/ogles/GL/mod/mod_001_to_008.html
16:58:13     INFO - TEST-SKIP | /webgl/conformance-1.0.3/conformance/ogles/GL/mod/mod_001_to_008.html | took 0ms
16:58:13     INFO - TEST-START | /webgl/conformance-1.0.3/conformance/ogles/GL/notEqual/notEqual_001_to_008.html
16:58:13     INFO - TEST-SKIP | /webgl/conformance-1.0.3/conformance/ogles/GL/notEqual/notEqual_001_to_008.html | took 0ms
16:58:13     INFO - TEST-START | /webgl/conformance-1.0.3/conformance/ogles/GL/notEqual/notEqual_009_to_012.html
16:58:13     INFO - TEST-SKIP | /webgl/conformance-1.0.3/conformance/ogles/GL/notEqual/notEqual_009_to_012.html | took 0ms
16:58:13     INFO - TEST-START | /webgl/conformance-1.0.3/conformance/ogles/GL/operators/operators_001_to_008.html
16:58:13     INFO - TEST-SKIP | /webgl/conformance-1.0.3/conformance/ogles/GL/operators/operators_001_to_008.html | took 1ms
16:58:13     INFO - TEST-START | /webgl/conformance-1.0.3/conformance/ogles/GL/operators/operators_009_to_016.html
16:58:13     INFO - TEST-SKIP | /webgl/conformance-1.0.3/conformance/ogles/GL/operators/operators_009_to_016.html | took 0ms
16:58:13     INFO - TEST-START | /webgl/conformance-1.0.3/conformance/ogles/GL/operators/operators_017_to_024.html
16:58:13     INFO - TEST-SKIP | /webgl/conformance-1.0.3/conformance/ogles/GL/operators/operators_017_to_024.html | took 0ms
16:58:13     INFO - TEST-START | /webgl/conformance-1.0.3/conformance/ogles/GL/operators/operators_025_to_026.html
16:58:13     INFO - TEST-SKIP | /webgl/conformance-1.0.3/conformance/ogles/GL/operators/operators_025_to_026.html | took 9ms
16:58:13     INFO - TEST-START | /webgl/conformance-1.0.3/conformance/ogles/GL/radians/radians_001_to_006.html
16:58:13     INFO - TEST-SKIP | /webgl/conformance-1.0.3/conformance/ogles/GL/radians/radians_001_to_006.html | took 0ms
16:58:13     INFO - TEST-START | /webgl/conformance-1.0.3/conformance/ogles/GL/tan/tan_001_to_006.html
16:58:13     INFO - TEST-SKIP | /webgl/conformance-1.0.3/conformance/ogles/GL/tan/tan_001_to_006.html | took 1ms
16:58:13     INFO - TEST-START | /webgl/conformance-1.0.3/conformance/reading/read-pixels-pack-alignment.html
16:58:13     INFO - TEST-SKIP | /webgl/conformance-1.0.3/conformance/reading/read-pixels-pack-alignment.html | took 0ms
16:58:13     INFO - TEST-START | /webgl/conformance-1.0.3/conformance/reading/read-pixels-test.html
16:58:13     INFO - TEST-SKIP | /webgl/conformance-1.0.3/conformance/reading/read-pixels-test.html | took 0ms
16:58:13     INFO - TEST-START | /webgl/conformance-1.0.3/conformance/typedarrays/array-buffer-crash.html
16:58:13     INFO - TEST-SKIP | /webgl/conformance-1.0.3/conformance/typedarrays/array-buffer-crash.html | took 0ms
16:58:13     INFO - TEST-START | /webgl/conformance-1.0.3/conformance/typedarrays/array-buffer-view-crash.html
16:58:13     INFO - TEST-SKIP | /webgl/conformance-1.0.3/conformance/typedarrays/array-buffer-view-crash.html | took 1ms
16:58:13     INFO - TEST-START | /webgl/conformance-1.0.3/conformance/typedarrays/array-large-array-tests.html
16:58:13     INFO - TEST-SKIP | /webgl/conformance-1.0.3/conformance/typedarrays/array-large-array-tests.html | took 0ms
16:58:13     INFO - TEST-START | /webgl/conformance-1.0.3/conformance/typedarrays/array-unit-tests.html
16:58:13     INFO - TEST-SKIP | /webgl/conformance-1.0.3/conformance/typedarrays/array-unit-tests.html | took 0ms
16:58:13     INFO - TEST-START | /webgl/conformance-1.0.3/conformance/typedarrays/data-view-crash.html
16:58:13     INFO - TEST-SKIP | /webgl/conformance-1.0.3/conformance/typedarrays/data-view-crash.html | took 0ms
16:58:13     INFO - TEST-START | /webgl/conformance-1.0.3/conformance/typedarrays/data-view-test.html
16:58:13     INFO - TEST-SKIP | /webgl/conformance-1.0.3/conformance/typedarrays/data-view-test.html | took 0ms
16:58:13     INFO - TEST-START | /webgl/conformance-1.0.3/conformance/typedarrays/typed-arrays-in-workers.html
16:58:13     INFO - TEST-SKIP | /webgl/conformance-1.0.3/conformance/typedarrays/typed-arrays-in-workers.html | took 0ms
16:58:13     INFO - TEST-START | /webgl/texImage2D.html
16:58:13     INFO - TEST-SKIP | /webgl/texImage2D.html | took 0ms
16:58:13     INFO - TEST-START | /webgl/texSubImage2D.html
16:58:13     INFO - TEST-SKIP | /webgl/texSubImage2D.html | took 1ms
16:58:13     INFO - TEST-START | /webgl/uniformMatrixNfv.html
16:58:13     INFO - TEST-SKIP | /webgl/uniformMatrixNfv.html | took 0ms
16:58:13     INFO - TEST-START | /websockets/interfaces/WebSocket/close/close-basic.html
16:58:13     INFO - TEST-SKIP | /websockets/interfaces/WebSocket/close/close-basic.html | took 0ms
16:58:13     INFO - TEST-START | /websockets/interfaces/WebSocket/close/close-basic.html?wss
16:58:13     INFO - TEST-SKIP | /websockets/interfaces/WebSocket/close/close-basic.html?wss | took 0ms
16:58:13     INFO - TEST-START | /websockets/interfaces/WebSocket/close/close-connecting.html
16:58:13     INFO - TEST-SKIP | /websockets/interfaces/WebSocket/close/close-connecting.html | took 1ms
16:58:13     INFO - TEST-START | /websockets/interfaces/WebSocket/close/close-connecting.html?wss
16:58:13     INFO - TEST-SKIP | /websockets/interfaces/WebSocket/close/close-connecting.html?wss | took 0ms
16:58:13     INFO - TEST-START | /websockets/interfaces/WebSocket/close/close-multiple.html
16:58:13     INFO - TEST-SKIP | /websockets/interfaces/WebSocket/close/close-multiple.html | took 0ms
16:58:13     INFO - TEST-START | /websockets/interfaces/WebSocket/close/close-multiple.html?wss
16:58:13     INFO - TEST-SKIP | /websockets/interfaces/WebSocket/close/close-multiple.html?wss | took 10ms
16:58:13     INFO - TEST-START | /websockets/interfaces/WebSocket/close/close-nested.html
16:58:13     INFO - TEST-SKIP | /websockets/interfaces/WebSocket/close/close-nested.html | took 0ms
16:58:13     INFO - TEST-START | /websockets/interfaces/WebSocket/close/close-nested.html?wss
16:58:13     INFO - TEST-SKIP | /websockets/interfaces/WebSocket/close/close-nested.html?wss | took 0ms
16:58:13     INFO - TEST-START | /websockets/interfaces/WebSocket/close/close-replace.html
16:58:13     INFO - TEST-SKIP | /websockets/interfaces/WebSocket/close/close-replace.html | took 0ms
16:58:13     INFO - TEST-START | /websockets/interfaces/WebSocket/close/close-replace.html?wss
16:58:13     INFO - TEST-SKIP | /websockets/interfaces/WebSocket/close/close-replace.html?wss | took 1ms
16:58:13     INFO - TEST-START | /websockets/interfaces/WebSocket/close/close-return.html
16:58:13     INFO - TEST-SKIP | /websockets/interfaces/WebSocket/close/close-return.html | took 0ms
16:58:13     INFO - TEST-START | /websockets/interfaces/WebSocket/close/close-return.html?wss
16:58:13     INFO - TEST-SKIP | /websockets/interfaces/WebSocket/close/close-return.html?wss | took 0ms
16:58:13     INFO - TEST-START | /websockets/interfaces/WebSocket/send/001.html?wss
16:58:13     INFO - TEST-SKIP | /websockets/interfaces/WebSocket/send/001.html?wss | took 0ms
16:58:13     INFO - TEST-START | /websockets/interfaces/WebSocket/send/001.html
16:58:13     INFO - TEST-SKIP | /websockets/interfaces/WebSocket/send/001.html | took 1ms
16:58:13     INFO - TEST-START | /websockets/interfaces/WebSocket/send/002.html
16:58:13     INFO - TEST-SKIP | /websockets/interfaces/WebSocket/send/002.html | took 0ms
16:58:13     INFO - TEST-START | /websockets/interfaces/WebSocket/send/002.html?wss
16:58:13     INFO - TEST-SKIP | /websockets/interfaces/WebSocket/send/002.html?wss | took 0ms
16:58:13     INFO - TEST-START | /websockets/interfaces/WebSocket/send/003.html
16:58:13     INFO - TEST-SKIP | /websockets/interfaces/WebSocket/send/003.html | took 1ms
16:58:13     INFO - TEST-START | /websockets/interfaces/WebSocket/send/003.html?wss
16:58:13     INFO - TEST-SKIP | /websockets/interfaces/WebSocket/send/003.html?wss | took 0ms
16:58:13     INFO - TEST-START | /websockets/interfaces/WebSocket/send/004.html?wss
16:58:13     INFO - TEST-SKIP | /websockets/interfaces/WebSocket/send/004.html?wss | took 0ms
16:58:13     INFO - TEST-START | /websockets/interfaces/WebSocket/send/004.html
16:58:13     INFO - TEST-SKIP | /websockets/interfaces/WebSocket/send/004.html | took 0ms
16:58:13     INFO - TEST-START | /websockets/interfaces/WebSocket/send/005.html
16:58:13     INFO - TEST-SKIP | /websockets/interfaces/WebSocket/send/005.html | took 1ms
16:58:13     INFO - TEST-START | /websockets/interfaces/WebSocket/send/005.html?wss
16:58:13     INFO - TEST-SKIP | /websockets/interfaces/WebSocket/send/005.html?wss | took 0ms
16:58:13     INFO - TEST-START | /websockets/interfaces/WebSocket/send/006.html
16:58:13     INFO - TEST-SKIP | /websockets/interfaces/WebSocket/send/006.html | took 0ms
16:58:13     INFO - TEST-START | /websockets/interfaces/WebSocket/send/006.html?wss
16:58:13     INFO - TEST-SKIP | /websockets/interfaces/WebSocket/send/006.html?wss | took 0ms
16:58:13     INFO - TEST-START | /websockets/interfaces/WebSocket/send/007.html?wss
16:58:13     INFO - TEST-SKIP | /websockets/interfaces/WebSocket/send/007.html?wss | took 1ms
16:58:13     INFO - TEST-START | /websockets/interfaces/WebSocket/send/007.html
16:58:13     INFO - TEST-SKIP | /websockets/interfaces/WebSocket/send/007.html | took 0ms
16:58:13     INFO - TEST-START | /websockets/interfaces/WebSocket/send/008.html
16:58:13     INFO - TEST-SKIP | /websockets/interfaces/WebSocket/send/008.html | took 0ms
16:58:13     INFO - TEST-START | /websockets/interfaces/WebSocket/send/008.html?wss
16:58:13     INFO - TEST-SKIP | /websockets/interfaces/WebSocket/send/008.html?wss | took 0ms
16:58:13     INFO - TEST-START | /websockets/interfaces/WebSocket/send/009.html?wss
16:58:13     INFO - TEST-SKIP | /websockets/interfaces/WebSocket/send/009.html?wss | took 1ms
16:58:13     INFO - TEST-START | /websockets/interfaces/WebSocket/send/009.html
16:58:13     INFO - TEST-SKIP | /websockets/interfaces/WebSocket/send/009.html | took 0ms
16:58:13     INFO - TEST-START | /websockets/interfaces/WebSocket/send/010.html?wss
16:58:13     INFO - TEST-SKIP | /websockets/interfaces/WebSocket/send/010.html?wss | took 0ms
16:58:13     INFO - TEST-START | /websockets/interfaces/WebSocket/send/010.html
16:58:13     INFO - TEST-SKIP | /websockets/interfaces/WebSocket/send/010.html | took 0ms
16:58:13     INFO - TEST-START | /websockets/interfaces/WebSocket/send/011.html
16:58:13     INFO - TEST-SKIP | /websockets/interfaces/WebSocket/send/011.html | took 1ms
16:58:13     INFO - TEST-START | /websockets/interfaces/WebSocket/send/011.html?wss
16:58:13     INFO - TEST-SKIP | /websockets/interfaces/WebSocket/send/011.html?wss | took 0ms
16:58:13     INFO - TEST-START | /websockets/interfaces/WebSocket/send/012.html
16:58:13     INFO - TEST-SKIP | /websockets/interfaces/WebSocket/send/012.html | took 0ms
16:58:13     INFO - TEST-START | /websockets/interfaces/WebSocket/send/012.html?wss
16:58:13     INFO - TEST-SKIP | /websockets/interfaces/WebSocket/send/012.html?wss | took 0ms
16:58:13     INFO - TEST-START | /workers/semantics/structured-clone/dedicated.html
16:58:13     INFO - TEST-SKIP | /workers/semantics/structured-clone/dedicated.html | took 0ms
16:58:13     INFO - TEST-START | /workers/semantics/structured-clone/shared.html
16:58:13     INFO - TEST-SKIP | /workers/semantics/structured-clone/shared.html | took 0ms
16:58:13     INFO - Setting up ssl
16:58:13     INFO - PROCESS | certutil | 
16:58:14     INFO - PROCESS | certutil | 
16:58:14     INFO - PROCESS | certutil | 
16:58:14     INFO - Certificate Nickname                                         Trust Attributes
16:58:14     INFO -                                                              SSL,S/MIME,JAR/XPI
16:58:14     INFO - 
16:58:14     INFO - web-platform-tests                                           CT,, 
16:58:14     INFO - 
16:58:14     INFO - Application command: /builds/slave/test/build/application/firefox/firefox --marionette about:blank -profile /tmp/tmpEwsA7y.mozrunner
16:58:14     INFO - Starting runner
16:58:16     INFO - PROCESS | 2139 | 1528502296368	Marionette	INFO	Listening on port 2828
16:58:22     INFO - TEST-START | /2dcontext/fill-and-stroke-styles/2d.fillStyle.default.html
16:58:23     INFO - .
16:58:23     INFO - TEST-OK | /2dcontext/fill-and-stroke-styles/2d.fillStyle.default.html | took 1397ms
16:58:23     INFO - TEST-START | /2dcontext/fill-and-stroke-styles/2d.fillStyle.get.semitransparent.html
16:58:25     INFO - .
16:58:25     INFO - TEST-OK | /2dcontext/fill-and-stroke-styles/2d.fillStyle.get.semitransparent.html | took 1229ms
16:58:25     INFO - TEST-START | /2dcontext/fill-and-stroke-styles/2d.fillStyle.get.solid.html
16:58:26     INFO - .
16:58:26     INFO - TEST-OK | /2dcontext/fill-and-stroke-styles/2d.fillStyle.get.solid.html | took 1127ms
16:58:26     INFO - TEST-START | /2dcontext/fill-and-stroke-styles/2d.fillStyle.get.transparent.html
16:58:27     INFO - .
16:58:27     INFO - TEST-OK | /2dcontext/fill-and-stroke-styles/2d.fillStyle.get.transparent.html | took 1130ms
16:58:27     INFO - TEST-START | /2dcontext/fill-and-stroke-styles/2d.fillStyle.invalidstring.html
16:58:28     INFO - .
16:58:28     INFO - TEST-OK | /2dcontext/fill-and-stroke-styles/2d.fillStyle.invalidstring.html | took 1437ms
16:58:28     INFO - TEST-START | /2dcontext/fill-and-stroke-styles/2d.fillStyle.invalidtype.html
16:58:29     INFO - .
16:58:29     INFO - TEST-OK | /2dcontext/fill-and-stroke-styles/2d.fillStyle.invalidtype.html | took 885ms
16:58:29     INFO - TEST-START | /2dcontext/fill-and-stroke-styles/2d.fillStyle.parse.css-color-4-hsl-1.html
16:58:30     INFO - .
16:58:30     INFO - TEST-OK | /2dcontext/fill-and-stroke-styles/2d.fillStyle.parse.css-color-4-hsl-1.html | took 780ms
16:58:30     INFO - TEST-START | /2dcontext/fill-and-stroke-styles/2d.fillStyle.parse.css-color-4-hsl-2.html
16:58:31     INFO - .
16:58:31     INFO - TEST-OK | /2dcontext/fill-and-stroke-styles/2d.fillStyle.parse.css-color-4-hsl-2.html | took 820ms
16:58:31     INFO - TEST-START | /2dcontext/fill-and-stroke-styles/2d.fillStyle.parse.css-color-4-hsl-3.html
16:58:32     INFO - .
16:58:32     INFO - TEST-OK | /2dcontext/fill-and-stroke-styles/2d.fillStyle.parse.css-color-4-hsl-3.html | took 870ms
16:58:32     INFO - TEST-START | /2dcontext/fill-and-stroke-styles/2d.fillStyle.parse.css-color-4-hsl-4.html
16:58:33     INFO - .
16:58:33     INFO - TEST-OK | /2dcontext/fill-and-stroke-styles/2d.fillStyle.parse.css-color-4-hsl-4.html | took 830ms
16:58:33     INFO - TEST-START | /2dcontext/fill-and-stroke-styles/2d.fillStyle.parse.css-color-4-hsl-5.html
16:58:34     INFO - .
16:58:34     INFO - TEST-OK | /2dcontext/fill-and-stroke-styles/2d.fillStyle.parse.css-color-4-hsl-5.html | took 789ms
16:58:34     INFO - TEST-START | /2dcontext/fill-and-stroke-styles/2d.fillStyle.parse.css-color-4-hsl-6.html
16:58:34     INFO - .
16:58:34     INFO - TEST-OK | /2dcontext/fill-and-stroke-styles/2d.fillStyle.parse.css-color-4-hsl-6.html | took 830ms
16:58:34     INFO - TEST-START | /2dcontext/fill-and-stroke-styles/2d.fillStyle.parse.css-color-4-hsl-7.html
16:58:35     INFO - .
16:58:35     INFO - TEST-OK | /2dcontext/fill-and-stroke-styles/2d.fillStyle.parse.css-color-4-hsl-7.html | took 773ms
16:58:35     INFO - TEST-START | /2dcontext/fill-and-stroke-styles/2d.fillStyle.parse.css-color-4-hsl-8.html
16:58:36     INFO - .
16:58:36     INFO - TEST-OK | /2dcontext/fill-and-stroke-styles/2d.fillStyle.parse.css-color-4-hsl-8.html | took 720ms
16:58:36     INFO - TEST-START | /2dcontext/fill-and-stroke-styles/2d.fillStyle.parse.css-color-4-hsl-9.html
16:58:37     INFO - .
16:58:37     INFO - TEST-OK | /2dcontext/fill-and-stroke-styles/2d.fillStyle.parse.css-color-4-hsl-9.html | took 728ms
16:58:37     INFO - TEST-START | /2dcontext/fill-and-stroke-styles/2d.fillStyle.parse.css-color-4-hsla-1.html
16:58:37     INFO - .
16:58:37     INFO - TEST-OK | /2dcontext/fill-and-stroke-styles/2d.fillStyle.parse.css-color-4-hsla-1.html | took 732ms
16:58:37     INFO - TEST-START | /2dcontext/fill-and-stroke-styles/2d.fillStyle.parse.css-color-4-hsla-2.html
16:58:38     INFO - .
16:58:38     INFO - TEST-OK | /2dcontext/fill-and-stroke-styles/2d.fillStyle.parse.css-color-4-hsla-2.html | took 832ms
16:58:38     INFO - TEST-START | /2dcontext/fill-and-stroke-styles/2d.fillStyle.parse.css-color-4-hsla-3.html
16:58:39     INFO - .
16:58:39     INFO - TEST-OK | /2dcontext/fill-and-stroke-styles/2d.fillStyle.parse.css-color-4-hsla-3.html | took 1086ms
16:58:39     INFO - TEST-START | /2dcontext/fill-and-stroke-styles/2d.fillStyle.parse.css-color-4-hsla-4.html
16:58:40     INFO - .
16:58:40     INFO - TEST-OK | /2dcontext/fill-and-stroke-styles/2d.fillStyle.parse.css-color-4-hsla-4.html | took 772ms
16:58:40     INFO - TEST-START | /2dcontext/fill-and-stroke-styles/2d.fillStyle.parse.css-color-4-hsla-5.html
16:58:41     INFO - .
16:58:41     INFO - TEST-OK | /2dcontext/fill-and-stroke-styles/2d.fillStyle.parse.css-color-4-hsla-5.html | took 733ms
16:58:41     INFO - TEST-START | /2dcontext/fill-and-stroke-styles/2d.fillStyle.parse.css-color-4-hsla-6.html
16:58:42     INFO - .
16:58:42     INFO - TEST-OK | /2dcontext/fill-and-stroke-styles/2d.fillStyle.parse.css-color-4-hsla-6.html | took 730ms
16:58:42     INFO - TEST-START | /2dcontext/fill-and-stroke-styles/2d.fillStyle.parse.css-color-4-hsla-7.html
16:58:42     INFO - .
16:58:42     INFO - TEST-OK | /2dcontext/fill-and-stroke-styles/2d.fillStyle.parse.css-color-4-hsla-7.html | took 774ms
16:58:42     INFO - TEST-START | /2dcontext/fill-and-stroke-styles/2d.fillStyle.parse.css-color-4-hsla-8.html
16:58:43     INFO - .
16:58:43     INFO - TEST-OK | /2dcontext/fill-and-stroke-styles/2d.fillStyle.parse.css-color-4-hsla-8.html | took 842ms
16:58:43     INFO - TEST-START | /2dcontext/fill-and-stroke-styles/2d.fillStyle.parse.css-color-4-hsla-9.html
16:58:44     INFO - .
16:58:44     INFO - TEST-OK | /2dcontext/fill-and-stroke-styles/2d.fillStyle.parse.css-color-4-hsla-9.html | took 883ms
16:58:44     INFO - TEST-START | /2dcontext/fill-and-stroke-styles/2d.fillStyle.parse.css-color-4-rgb-1.html
16:58:45     INFO - .
16:58:45     INFO - TEST-OK | /2dcontext/fill-and-stroke-styles/2d.fillStyle.parse.css-color-4-rgb-1.html | took 831ms
16:58:45     INFO - TEST-START | /2dcontext/fill-and-stroke-styles/2d.fillStyle.parse.css-color-4-rgb-2.html
16:58:46     INFO - .
16:58:46     INFO - TEST-OK | /2dcontext/fill-and-stroke-styles/2d.fillStyle.parse.css-color-4-rgb-2.html | took 1077ms
16:58:46     INFO - TEST-START | /2dcontext/fill-and-stroke-styles/2d.fillStyle.parse.css-color-4-rgb-3.html
16:58:47     INFO - .
16:58:47     INFO - TEST-OK | /2dcontext/fill-and-stroke-styles/2d.fillStyle.parse.css-color-4-rgb-3.html | took 985ms
16:58:47     INFO - TEST-START | /2dcontext/fill-and-stroke-styles/2d.fillStyle.parse.css-color-4-rgb-4.html
16:58:48     INFO - .
16:58:48     INFO - TEST-OK | /2dcontext/fill-and-stroke-styles/2d.fillStyle.parse.css-color-4-rgb-4.html | took 872ms
16:58:48     INFO - TEST-START | /2dcontext/fill-and-stroke-styles/2d.fillStyle.parse.css-color-4-rgb-5.html
16:58:49     INFO - .
16:58:49     INFO - TEST-OK | /2dcontext/fill-and-stroke-styles/2d.fillStyle.parse.css-color-4-rgb-5.html | took 927ms
16:58:49     INFO - TEST-START | /2dcontext/fill-and-stroke-styles/2d.fillStyle.parse.css-color-4-rgb-6.html
16:58:50     INFO - .
16:58:50     INFO - TEST-OK | /2dcontext/fill-and-stroke-styles/2d.fillStyle.parse.css-color-4-rgb-6.html | took 723ms
16:58:50     INFO - TEST-START | /2dcontext/fill-and-stroke-styles/2d.fillStyle.parse.css-color-4-rgba-1.html
16:58:50     INFO - .
16:58:50     INFO - TEST-OK | /2dcontext/fill-and-stroke-styles/2d.fillStyle.parse.css-color-4-rgba-1.html | took 751ms
16:58:50     INFO - TEST-START | /2dcontext/fill-and-stroke-styles/2d.fillStyle.parse.css-color-4-rgba-2.html
16:58:51     INFO - .
16:58:51     INFO - TEST-OK | /2dcontext/fill-and-stroke-styles/2d.fillStyle.parse.css-color-4-rgba-2.html | took 819ms
16:58:51     INFO - TEST-START | /2dcontext/fill-and-stroke-styles/2d.fillStyle.parse.css-color-4-rgba-3.html
16:58:52     INFO - .
16:58:52     INFO - TEST-OK | /2dcontext/fill-and-stroke-styles/2d.fillStyle.parse.css-color-4-rgba-3.html | took 937ms
16:58:52     INFO - TEST-START | /2dcontext/fill-and-stroke-styles/2d.fillStyle.parse.css-color-4-rgba-4.html
16:58:53     INFO - .
16:58:53     INFO - TEST-OK | /2dcontext/fill-and-stroke-styles/2d.fillStyle.parse.css-color-4-rgba-4.html | took 1080ms
16:58:53     INFO - TEST-START | /2dcontext/fill-and-stroke-styles/2d.fillStyle.parse.css-color-4-rgba-5.html
16:58:54     INFO - .
16:58:54     INFO - TEST-OK | /2dcontext/fill-and-stroke-styles/2d.fillStyle.parse.css-color-4-rgba-5.html | took 843ms
16:58:54     INFO - TEST-START | /2dcontext/fill-and-stroke-styles/2d.fillStyle.parse.css-color-4-rgba-6.html
16:58:55     INFO - .
16:58:55     INFO - TEST-OK | /2dcontext/fill-and-stroke-styles/2d.fillStyle.parse.css-color-4-rgba-6.html | took 924ms
16:58:55     INFO - TEST-START | /2dcontext/fill-and-stroke-styles/2d.fillStyle.parse.current.basic.html
16:58:56     INFO - .
16:58:56     INFO - TEST-OK | /2dcontext/fill-and-stroke-styles/2d.fillStyle.parse.current.basic.html | took 877ms
16:58:56     INFO - TEST-START | /2dcontext/fill-and-stroke-styles/2d.fillStyle.parse.current.changed.html
16:58:57     INFO - .
16:58:57     INFO - TEST-OK | /2dcontext/fill-and-stroke-styles/2d.fillStyle.parse.current.changed.html | took 1076ms
16:58:57     INFO - TEST-START | /2dcontext/fill-and-stroke-styles/2d.fillStyle.parse.current.notrendered.html
16:58:58     INFO - .
16:58:58     INFO - TEST-OK | /2dcontext/fill-and-stroke-styles/2d.fillStyle.parse.current.notrendered.html | took 823ms
16:58:58     INFO - TEST-START | /2dcontext/fill-and-stroke-styles/2d.fillStyle.parse.current.removed.html
16:58:59     INFO - .
16:58:59     INFO - TEST-OK | /2dcontext/fill-and-stroke-styles/2d.fillStyle.parse.current.removed.html | took 879ms
16:58:59     INFO - TEST-START | /2dcontext/fill-and-stroke-styles/2d.fillStyle.parse.hex3.html
16:59:00     INFO - .
16:59:00     INFO - TEST-OK | /2dcontext/fill-and-stroke-styles/2d.fillStyle.parse.hex3.html | took 1326ms
16:59:00     INFO - TEST-START | /2dcontext/fill-and-stroke-styles/2d.fillStyle.parse.hex4.html
16:59:01     INFO - .
16:59:01     INFO - TEST-OK | /2dcontext/fill-and-stroke-styles/2d.fillStyle.parse.hex4.html | took 1086ms
16:59:01     INFO - TEST-START | /2dcontext/fill-and-stroke-styles/2d.fillStyle.parse.hex6.html
16:59:02     INFO - .
16:59:02     INFO - TEST-OK | /2dcontext/fill-and-stroke-styles/2d.fillStyle.parse.hex6.html | took 839ms
16:59:02     INFO - TEST-START | /2dcontext/fill-and-stroke-styles/2d.fillStyle.parse.hex8.html
16:59:03     INFO - .
16:59:03     INFO - TEST-OK | /2dcontext/fill-and-stroke-styles/2d.fillStyle.parse.hex8.html | took 821ms
16:59:03     INFO - TEST-START | /2dcontext/fill-and-stroke-styles/2d.fillStyle.parse.hsl-1.html
16:59:04     INFO - .
16:59:04     INFO - TEST-OK | /2dcontext/fill-and-stroke-styles/2d.fillStyle.parse.hsl-1.html | took 829ms
16:59:04     INFO - TEST-START | /2dcontext/fill-and-stroke-styles/2d.fillStyle.parse.hsl-2.html
16:59:05     INFO - .
16:59:05     INFO - TEST-OK | /2dcontext/fill-and-stroke-styles/2d.fillStyle.parse.hsl-2.html | took 832ms
16:59:05     INFO - TEST-START | /2dcontext/fill-and-stroke-styles/2d.fillStyle.parse.hsl-3.html
16:59:05     INFO - .
16:59:05     INFO - TEST-OK | /2dcontext/fill-and-stroke-styles/2d.fillStyle.parse.hsl-3.html | took 779ms
16:59:05     INFO - TEST-START | /2dcontext/fill-and-stroke-styles/2d.fillStyle.parse.hsl-4.html
16:59:06     INFO - .
16:59:06     INFO - TEST-OK | /2dcontext/fill-and-stroke-styles/2d.fillStyle.parse.hsl-4.html | took 775ms
16:59:06     INFO - TEST-START | /2dcontext/fill-and-stroke-styles/2d.fillStyle.parse.hsl-5.html
16:59:07     INFO - .
16:59:07     INFO - TEST-OK | /2dcontext/fill-and-stroke-styles/2d.fillStyle.parse.hsl-5.html | took 1035ms
16:59:07     INFO - TEST-START | /2dcontext/fill-and-stroke-styles/2d.fillStyle.parse.hsl-6.html
16:59:08     INFO - .
16:59:08     INFO - TEST-OK | /2dcontext/fill-and-stroke-styles/2d.fillStyle.parse.hsl-6.html | took 1079ms
16:59:08     INFO - TEST-START | /2dcontext/fill-and-stroke-styles/2d.fillStyle.parse.hsl-clamp-1.html
16:59:09     INFO - .
16:59:09     INFO - TEST-OK | /2dcontext/fill-and-stroke-styles/2d.fillStyle.parse.hsl-clamp-1.html | took 824ms
16:59:09     INFO - TEST-START | /2dcontext/fill-and-stroke-styles/2d.fillStyle.parse.hsl-clamp-2.html
16:59:10     INFO - .
16:59:10     INFO - TEST-OK | /2dcontext/fill-and-stroke-styles/2d.fillStyle.parse.hsl-clamp-2.html | took 777ms
16:59:10     INFO - TEST-START | /2dcontext/fill-and-stroke-styles/2d.fillStyle.parse.hsl-clamp-3.html
16:59:11     INFO - .
16:59:11     INFO - TEST-OK | /2dcontext/fill-and-stroke-styles/2d.fillStyle.parse.hsl-clamp-3.html | took 923ms
16:59:11     INFO - TEST-START | /2dcontext/fill-and-stroke-styles/2d.fillStyle.parse.hsl-clamp-4.html
16:59:12     INFO - .
16:59:12     INFO - TEST-OK | /2dcontext/fill-and-stroke-styles/2d.fillStyle.parse.hsl-clamp-4.html | took 724ms
16:59:12     INFO - TEST-START | /2dcontext/fill-and-stroke-styles/2d.fillStyle.parse.hsla-1.html
16:59:13     INFO - .
16:59:13     INFO - TEST-OK | /2dcontext/fill-and-stroke-styles/2d.fillStyle.parse.hsla-1.html | took 1041ms
16:59:13     INFO - TEST-START | /2dcontext/fill-and-stroke-styles/2d.fillStyle.parse.hsla-2.html
16:59:14     INFO - .
16:59:14     INFO - TEST-OK | /2dcontext/fill-and-stroke-styles/2d.fillStyle.parse.hsla-2.html | took 781ms
16:59:14     INFO - TEST-START | /2dcontext/fill-and-stroke-styles/2d.fillStyle.parse.hsla-clamp-1.html
16:59:15     INFO - .
16:59:15     INFO - TEST-OK | /2dcontext/fill-and-stroke-styles/2d.fillStyle.parse.hsla-clamp-1.html | took 1027ms
16:59:15     INFO - TEST-START | /2dcontext/fill-and-stroke-styles/2d.fillStyle.parse.hsla-clamp-2.html
16:59:16     INFO - .
16:59:16     INFO - TEST-OK | /2dcontext/fill-and-stroke-styles/2d.fillStyle.parse.hsla-clamp-2.html | took 1186ms
16:59:16     INFO - TEST-START | /2dcontext/fill-and-stroke-styles/2d.fillStyle.parse.hsla-clamp-3.html
16:59:17     INFO - .
16:59:17     INFO - TEST-OK | /2dcontext/fill-and-stroke-styles/2d.fillStyle.parse.hsla-clamp-3.html | took 785ms
16:59:17     INFO - TEST-START | /2dcontext/fill-and-stroke-styles/2d.fillStyle.parse.hsla-clamp-4.html
16:59:17     INFO - .
16:59:17     INFO - TEST-OK | /2dcontext/fill-and-stroke-styles/2d.fillStyle.parse.hsla-clamp-4.html | took 729ms
16:59:17     INFO - TEST-START | /2dcontext/fill-and-stroke-styles/2d.fillStyle.parse.hsla-clamp-5.html
16:59:18     INFO - .
16:59:18     INFO - TEST-OK | /2dcontext/fill-and-stroke-styles/2d.fillStyle.parse.hsla-clamp-5.html | took 778ms
16:59:18     INFO - TEST-START | /2dcontext/fill-and-stroke-styles/2d.fillStyle.parse.hsla-clamp-6.html
16:59:19     INFO - .
16:59:19     INFO - TEST-OK | /2dcontext/fill-and-stroke-styles/2d.fillStyle.parse.hsla-clamp-6.html | took 726ms
16:59:19     INFO - TEST-START | /2dcontext/fill-and-stroke-styles/2d.fillStyle.parse.html4.html
16:59:20     INFO - .
16:59:20     INFO - TEST-OK | /2dcontext/fill-and-stroke-styles/2d.fillStyle.parse.html4.html | took 734ms
16:59:20     INFO - TEST-START | /2dcontext/fill-and-stroke-styles/2d.fillStyle.parse.invalid.css-color-4-hsl-1.html
16:59:20     INFO - .
16:59:20     INFO - TEST-OK | /2dcontext/fill-and-stroke-styles/2d.fillStyle.parse.invalid.css-color-4-hsl-1.html | took 724ms
16:59:20     INFO - TEST-START | /2dcontext/fill-and-stroke-styles/2d.fillStyle.parse.invalid.css-color-4-hsl-2.html
16:59:21     INFO - .
16:59:21     INFO - TEST-OK | /2dcontext/fill-and-stroke-styles/2d.fillStyle.parse.invalid.css-color-4-hsl-2.html | took 778ms
16:59:21     INFO - TEST-START | /2dcontext/fill-and-stroke-styles/2d.fillStyle.parse.invalid.css-color-4-hsl-3.html
16:59:22     INFO - .
16:59:22     INFO - TEST-OK | /2dcontext/fill-and-stroke-styles/2d.fillStyle.parse.invalid.css-color-4-hsl-3.html | took 1077ms
16:59:22     INFO - TEST-START | /2dcontext/fill-and-stroke-styles/2d.fillStyle.parse.invalid.css-color-4-hsl-4.html
16:59:23     INFO - .
16:59:23     INFO - TEST-OK | /2dcontext/fill-and-stroke-styles/2d.fillStyle.parse.invalid.css-color-4-hsl-4.html | took 1183ms
16:59:23     INFO - TEST-START | /2dcontext/fill-and-stroke-styles/2d.fillStyle.parse.invalid.css-color-4-hsl-5.html
16:59:24     INFO - .
16:59:24     INFO - TEST-OK | /2dcontext/fill-and-stroke-styles/2d.fillStyle.parse.invalid.css-color-4-hsl-5.html | took 771ms
16:59:24     INFO - TEST-START | /2dcontext/fill-and-stroke-styles/2d.fillStyle.parse.invalid.css-color-4-hsla-1.html
16:59:25     INFO - .
16:59:25     INFO - TEST-OK | /2dcontext/fill-and-stroke-styles/2d.fillStyle.parse.invalid.css-color-4-hsla-1.html | took 770ms
16:59:25     INFO - TEST-START | /2dcontext/fill-and-stroke-styles/2d.fillStyle.parse.invalid.css-color-4-hsla-2.html
16:59:26     INFO - .
16:59:26     INFO - TEST-OK | /2dcontext/fill-and-stroke-styles/2d.fillStyle.parse.invalid.css-color-4-hsla-2.html | took 777ms
16:59:26     INFO - TEST-START | /2dcontext/fill-and-stroke-styles/2d.fillStyle.parse.invalid.css-color-4-hsla-3.html
16:59:27     INFO - .
16:59:27     INFO - TEST-OK | /2dcontext/fill-and-stroke-styles/2d.fillStyle.parse.invalid.css-color-4-hsla-3.html | took 823ms
16:59:27     INFO - TEST-START | /2dcontext/fill-and-stroke-styles/2d.fillStyle.parse.invalid.css-color-4-rgb-1.html
16:59:28     INFO - .
16:59:28     INFO - TEST-OK | /2dcontext/fill-and-stroke-styles/2d.fillStyle.parse.invalid.css-color-4-rgb-1.html | took 871ms
16:59:28     INFO - TEST-START | /2dcontext/fill-and-stroke-styles/2d.fillStyle.parse.invalid.css-color-4-rgb-2.html
16:59:28     INFO - .
16:59:28     INFO - TEST-OK | /2dcontext/fill-and-stroke-styles/2d.fillStyle.parse.invalid.css-color-4-rgb-2.html | took 776ms
16:59:28     INFO - TEST-START | /2dcontext/fill-and-stroke-styles/2d.fillStyle.parse.invalid.css-color-4-rgb-3.html
16:59:29     INFO - .
16:59:29     INFO - TEST-OK | /2dcontext/fill-and-stroke-styles/2d.fillStyle.parse.invalid.css-color-4-rgb-3.html | took 976ms
16:59:29     INFO - TEST-START | /2dcontext/fill-and-stroke-styles/2d.fillStyle.parse.invalid.css-color-4-rgb-4.html
16:59:30     INFO - .
16:59:30     INFO - TEST-OK | /2dcontext/fill-and-stroke-styles/2d.fillStyle.parse.invalid.css-color-4-rgb-4.html | took 871ms
16:59:30     INFO - TEST-START | /2dcontext/fill-and-stroke-styles/2d.fillStyle.parse.invalid.css-color-4-rgb-5.html
16:59:31     INFO - .
16:59:31     INFO - TEST-OK | /2dcontext/fill-and-stroke-styles/2d.fillStyle.parse.invalid.css-color-4-rgb-5.html | took 983ms
16:59:31     INFO - TEST-START | /2dcontext/fill-and-stroke-styles/2d.fillStyle.parse.invalid.css-color-4-rgba-1.html
16:59:32     INFO - .
16:59:32     INFO - TEST-OK | /2dcontext/fill-and-stroke-styles/2d.fillStyle.parse.invalid.css-color-4-rgba-1.html | took 779ms
16:59:32     INFO - TEST-START | /2dcontext/fill-and-stroke-styles/2d.fillStyle.parse.invalid.css-color-4-rgba-2.html
16:59:33     INFO - .
16:59:33     INFO - TEST-OK | /2dcontext/fill-and-stroke-styles/2d.fillStyle.parse.invalid.css-color-4-rgba-2.html | took 776ms
16:59:33     INFO - TEST-START | /2dcontext/fill-and-stroke-styles/2d.fillStyle.parse.invalid.css-color-4-rgba-3.html
16:59:34     INFO - .
16:59:34     INFO - TEST-OK | /2dcontext/fill-and-stroke-styles/2d.fillStyle.parse.invalid.css-color-4-rgba-3.html | took 727ms
16:59:34     INFO - TEST-START | /2dcontext/fill-and-stroke-styles/2d.fillStyle.parse.invalid.hex1.html
16:59:34     INFO - .
16:59:34     INFO - TEST-OK | /2dcontext/fill-and-stroke-styles/2d.fillStyle.parse.invalid.hex1.html | took 821ms
16:59:34     INFO - TEST-START | /2dcontext/fill-and-stroke-styles/2d.fillStyle.parse.invalid.hex2.html
16:59:35     INFO - .
16:59:35     INFO - TEST-OK | /2dcontext/fill-and-stroke-styles/2d.fillStyle.parse.invalid.hex2.html | took 824ms
16:59:35     INFO - TEST-START | /2dcontext/fill-and-stroke-styles/2d.fillStyle.parse.invalid.hex3.html
16:59:36     INFO - .
16:59:36     INFO - TEST-OK | /2dcontext/fill-and-stroke-styles/2d.fillStyle.parse.invalid.hex3.html | took 1081ms
16:59:36     INFO - TEST-START | /2dcontext/fill-and-stroke-styles/2d.fillStyle.parse.invalid.hex4.html
16:59:37     INFO - .
16:59:37     INFO - TEST-OK | /2dcontext/fill-and-stroke-styles/2d.fillStyle.parse.invalid.hex4.html | took 972ms
16:59:37     INFO - TEST-START | /2dcontext/fill-and-stroke-styles/2d.fillStyle.parse.invalid.hex5.html
16:59:38     INFO - .
16:59:38     INFO - TEST-OK | /2dcontext/fill-and-stroke-styles/2d.fillStyle.parse.invalid.hex5.html | took 873ms
16:59:38     INFO - TEST-START | /2dcontext/fill-and-stroke-styles/2d.fillStyle.parse.invalid.hex6.html
16:59:39     INFO - .
16:59:39     INFO - TEST-OK | /2dcontext/fill-and-stroke-styles/2d.fillStyle.parse.invalid.hex6.html | took 825ms
16:59:39     INFO - TEST-START | /2dcontext/fill-and-stroke-styles/2d.fillStyle.parse.invalid.hex7.html
16:59:40     INFO - .
16:59:40     INFO - TEST-OK | /2dcontext/fill-and-stroke-styles/2d.fillStyle.parse.invalid.hex7.html | took 829ms
16:59:40     INFO - TEST-START | /2dcontext/fill-and-stroke-styles/2d.fillStyle.parse.invalid.hex8.html
16:59:41     INFO - .
16:59:41     INFO - TEST-OK | /2dcontext/fill-and-stroke-styles/2d.fillStyle.parse.invalid.hex8.html | took 832ms
16:59:41     INFO - TEST-START | /2dcontext/fill-and-stroke-styles/2d.fillStyle.parse.invalid.hsl-1.html
16:59:42     INFO - .
16:59:42     INFO - TEST-OK | /2dcontext/fill-and-stroke-styles/2d.fillStyle.parse.invalid.hsl-1.html | took 879ms
16:59:42     INFO - TEST-START | /2dcontext/fill-and-stroke-styles/2d.fillStyle.parse.invalid.hsl-2.html
16:59:42     INFO - .
16:59:42     INFO - TEST-OK | /2dcontext/fill-and-stroke-styles/2d.fillStyle.parse.invalid.hsl-2.html | took 780ms
16:59:42     INFO - TEST-START | /2dcontext/fill-and-stroke-styles/2d.fillStyle.parse.invalid.hsl-3.html
16:59:43     INFO - .
16:59:43     INFO - TEST-OK | /2dcontext/fill-and-stroke-styles/2d.fillStyle.parse.invalid.hsl-3.html | took 976ms
16:59:43     INFO - TEST-START | /2dcontext/fill-and-stroke-styles/2d.fillStyle.parse.invalid.hsl-4.html
16:59:44     INFO - .
16:59:44     INFO - TEST-OK | /2dcontext/fill-and-stroke-styles/2d.fillStyle.parse.invalid.hsl-4.html | took 837ms
16:59:44     INFO - TEST-START | /2dcontext/fill-and-stroke-styles/2d.fillStyle.parse.invalid.hsl-5.html
16:59:45     INFO - .
16:59:45     INFO - TEST-OK | /2dcontext/fill-and-stroke-styles/2d.fillStyle.parse.invalid.hsl-5.html | took 828ms
16:59:45     INFO - TEST-START | /2dcontext/fill-and-stroke-styles/2d.fillStyle.parse.invalid.hsl-6.html
16:59:46     INFO - .
16:59:46     INFO - TEST-OK | /2dcontext/fill-and-stroke-styles/2d.fillStyle.parse.invalid.hsl-6.html | took 819ms
16:59:46     INFO - TEST-START | /2dcontext/fill-and-stroke-styles/2d.fillStyle.parse.invalid.hsla-1.html
16:59:47     INFO - .
16:59:47     INFO - TEST-OK | /2dcontext/fill-and-stroke-styles/2d.fillStyle.parse.invalid.hsla-1.html | took 840ms
16:59:47     INFO - TEST-START | /2dcontext/fill-and-stroke-styles/2d.fillStyle.parse.invalid.hsla-2.html
16:59:47     INFO - .
16:59:47     INFO - TEST-OK | /2dcontext/fill-and-stroke-styles/2d.fillStyle.parse.invalid.hsla-2.html | took 723ms
16:59:47     INFO - TEST-START | /2dcontext/fill-and-stroke-styles/2d.fillStyle.parse.invalid.hsla-3.html
16:59:48     INFO - .
16:59:48     INFO - TEST-OK | /2dcontext/fill-and-stroke-styles/2d.fillStyle.parse.invalid.hsla-3.html | took 776ms
16:59:48     INFO - TEST-START | /2dcontext/fill-and-stroke-styles/2d.fillStyle.parse.invalid.name-1.html
16:59:49     INFO - .
16:59:49     INFO - TEST-OK | /2dcontext/fill-and-stroke-styles/2d.fillStyle.parse.invalid.name-1.html | took 1034ms
16:59:49     INFO - TEST-START | /2dcontext/fill-and-stroke-styles/2d.fillStyle.parse.invalid.name-2.html
16:59:50     INFO - .
16:59:50     INFO - TEST-OK | /2dcontext/fill-and-stroke-styles/2d.fillStyle.parse.invalid.name-2.html | took 941ms
16:59:50     INFO - TEST-START | /2dcontext/fill-and-stroke-styles/2d.fillStyle.parse.invalid.name-3.html
16:59:51     INFO - .
16:59:51     INFO - TEST-OK | /2dcontext/fill-and-stroke-styles/2d.fillStyle.parse.invalid.name-3.html | took 835ms
16:59:51     INFO - TEST-START | /2dcontext/fill-and-stroke-styles/2d.fillStyle.parse.invalid.name-4.html
16:59:52     INFO - .
16:59:52     INFO - TEST-OK | /2dcontext/fill-and-stroke-styles/2d.fillStyle.parse.invalid.name-4.html | took 739ms
16:59:52     INFO - TEST-START | /2dcontext/fill-and-stroke-styles/2d.fillStyle.parse.invalid.name-5.html
16:59:53     INFO - .
16:59:53     INFO - TEST-OK | /2dcontext/fill-and-stroke-styles/2d.fillStyle.parse.invalid.name-5.html | took 770ms
16:59:53     INFO - TEST-START | /2dcontext/fill-and-stroke-styles/2d.fillStyle.parse.invalid.rgb-1.html
16:59:53     INFO - .
16:59:53     INFO - TEST-OK | /2dcontext/fill-and-stroke-styles/2d.fillStyle.parse.invalid.rgb-1.html | took 823ms
16:59:53     INFO - TEST-START | /2dcontext/fill-and-stroke-styles/2d.fillStyle.parse.invalid.rgb-2.html
16:59:54     INFO - .
16:59:54     INFO - TEST-OK | /2dcontext/fill-and-stroke-styles/2d.fillStyle.parse.invalid.rgb-2.html | took 734ms
16:59:54     INFO - TEST-START | /2dcontext/fill-and-stroke-styles/2d.fillStyle.parse.invalid.rgb-3.html
16:59:55     INFO - .
16:59:55     INFO - TEST-OK | /2dcontext/fill-and-stroke-styles/2d.fillStyle.parse.invalid.rgb-3.html | took 781ms
16:59:55     INFO - TEST-START | /2dcontext/fill-and-stroke-styles/2d.fillStyle.parse.invalid.rgba-1.html
16:59:56     INFO - .
16:59:56     INFO - TEST-OK | /2dcontext/fill-and-stroke-styles/2d.fillStyle.parse.invalid.rgba-1.html | took 886ms
16:59:56     INFO - TEST-START | /2dcontext/fill-and-stroke-styles/2d.fillStyle.parse.invalid.rgba-2.html
16:59:57     INFO - .
16:59:57     INFO - TEST-OK | /2dcontext/fill-and-stroke-styles/2d.fillStyle.parse.invalid.rgba-2.html | took 1079ms
16:59:57     INFO - TEST-START | /2dcontext/fill-and-stroke-styles/2d.fillStyle.parse.invalid.rgba-3.html
16:59:58     INFO - .
16:59:58     INFO - TEST-OK | /2dcontext/fill-and-stroke-styles/2d.fillStyle.parse.invalid.rgba-3.html | took 873ms
16:59:58     INFO - TEST-START | /2dcontext/fill-and-stroke-styles/2d.fillStyle.parse.invalid.rgba-4.html
16:59:59     INFO - .
16:59:59     INFO - TEST-OK | /2dcontext/fill-and-stroke-styles/2d.fillStyle.parse.invalid.rgba-4.html | took 719ms
16:59:59     INFO - TEST-START | /2dcontext/fill-and-stroke-styles/2d.fillStyle.parse.invalid.rgba-5.html
17:00:00     INFO - .
17:00:00     INFO - TEST-OK | /2dcontext/fill-and-stroke-styles/2d.fillStyle.parse.invalid.rgba-5.html | took 973ms
17:00:00     INFO - TEST-START | /2dcontext/fill-and-stroke-styles/2d.fillStyle.parse.rgb-clamp-1.html
17:00:01     INFO - .
17:00:01     INFO - TEST-OK | /2dcontext/fill-and-stroke-styles/2d.fillStyle.parse.rgb-clamp-1.html | took 984ms
17:00:01     INFO - TEST-START | /2dcontext/fill-and-stroke-styles/2d.fillStyle.parse.rgb-clamp-2.html
17:00:02     INFO - .
17:00:02     INFO - TEST-OK | /2dcontext/fill-and-stroke-styles/2d.fillStyle.parse.rgb-clamp-2.html | took 984ms
17:00:02     INFO - TEST-START | /2dcontext/fill-and-stroke-styles/2d.fillStyle.parse.rgb-clamp-3.html
17:00:02     INFO - .
17:00:02     INFO - TEST-OK | /2dcontext/fill-and-stroke-styles/2d.fillStyle.parse.rgb-clamp-3.html | took 835ms
17:00:02     INFO - TEST-START | /2dcontext/fill-and-stroke-styles/2d.fillStyle.parse.rgb-clamp-4.html
17:00:04     INFO - .
17:00:04     INFO - TEST-OK | /2dcontext/fill-and-stroke-styles/2d.fillStyle.parse.rgb-clamp-4.html | took 1073ms
17:00:04     INFO - TEST-START | /2dcontext/fill-and-stroke-styles/2d.fillStyle.parse.rgb-clamp-5.html
17:00:04     INFO - .
17:00:04     INFO - TEST-OK | /2dcontext/fill-and-stroke-styles/2d.fillStyle.parse.rgb-clamp-5.html | took 876ms
17:00:04     INFO - TEST-START | /2dcontext/fill-and-stroke-styles/2d.fillStyle.parse.rgb-eof.html
17:00:05     INFO - .
17:00:05     INFO - TEST-OK | /2dcontext/fill-and-stroke-styles/2d.fillStyle.parse.rgb-eof.html | took 779ms
17:00:05     INFO - TEST-START | /2dcontext/fill-and-stroke-styles/2d.fillStyle.parse.rgb-num.html
17:00:06     INFO - .
17:00:06     INFO - TEST-OK | /2dcontext/fill-and-stroke-styles/2d.fillStyle.parse.rgb-num.html | took 783ms
17:00:06     INFO - TEST-START | /2dcontext/fill-and-stroke-styles/2d.fillStyle.parse.rgb-percent.html
17:00:07     INFO - .
17:00:07     INFO - TEST-OK | /2dcontext/fill-and-stroke-styles/2d.fillStyle.parse.rgb-percent.html | took 832ms
17:00:07     INFO - TEST-START | /2dcontext/fill-and-stroke-styles/2d.fillStyle.parse.rgba-clamp-1.html
17:00:08     INFO - .
17:00:08     INFO - TEST-OK | /2dcontext/fill-and-stroke-styles/2d.fillStyle.parse.rgba-clamp-1.html | took 878ms
17:00:08     INFO - TEST-START | /2dcontext/fill-and-stroke-styles/2d.fillStyle.parse.rgba-clamp-2.html
17:00:09     INFO - .
17:00:09     INFO - TEST-OK | /2dcontext/fill-and-stroke-styles/2d.fillStyle.parse.rgba-clamp-2.html | took 784ms
17:00:09     INFO - TEST-START | /2dcontext/fill-and-stroke-styles/2d.fillStyle.parse.rgba-eof.html
17:00:09     INFO - .
17:00:09     INFO - TEST-OK | /2dcontext/fill-and-stroke-styles/2d.fillStyle.parse.rgba-eof.html | took 783ms
17:00:09     INFO - TEST-START | /2dcontext/fill-and-stroke-styles/2d.fillStyle.parse.rgba-num-1.html
17:00:10     INFO - .
17:00:10     INFO - TEST-OK | /2dcontext/fill-and-stroke-styles/2d.fillStyle.parse.rgba-num-1.html | took 1027ms
17:00:10     INFO - TEST-START | /2dcontext/fill-and-stroke-styles/2d.fillStyle.parse.rgba-num-2.html
17:00:11     INFO - .
17:00:11     INFO - TEST-OK | /2dcontext/fill-and-stroke-styles/2d.fillStyle.parse.rgba-num-2.html | took 974ms
17:00:11     INFO - TEST-START | /2dcontext/fill-and-stroke-styles/2d.fillStyle.parse.rgba-percent.html
17:00:12     INFO - .
17:00:12     INFO - TEST-OK | /2dcontext/fill-and-stroke-styles/2d.fillStyle.parse.rgba-percent.html | took 874ms
17:00:12     INFO - TEST-START | /2dcontext/fill-and-stroke-styles/2d.fillStyle.parse.rgba-solid-1.html
17:00:13     INFO - .
17:00:13     INFO - TEST-OK | /2dcontext/fill-and-stroke-styles/2d.fillStyle.parse.rgba-solid-1.html | took 778ms
17:00:13     INFO - TEST-START | /2dcontext/fill-and-stroke-styles/2d.fillStyle.parse.rgba-solid-2.html
17:00:14     INFO - .
17:00:14     INFO - TEST-OK | /2dcontext/fill-and-stroke-styles/2d.fillStyle.parse.rgba-solid-2.html | took 873ms
17:00:14     INFO - TEST-START | /2dcontext/fill-and-stroke-styles/2d.fillStyle.parse.rgba-solid-3.html
17:00:15     INFO - .
17:00:15     INFO - TEST-OK | /2dcontext/fill-and-stroke-styles/2d.fillStyle.parse.rgba-solid-3.html | took 819ms
17:00:15     INFO - TEST-START | /2dcontext/fill-and-stroke-styles/2d.fillStyle.parse.rgba-solid-4.html
17:00:16     INFO - .
17:00:16     INFO - TEST-OK | /2dcontext/fill-and-stroke-styles/2d.fillStyle.parse.rgba-solid-4.html | took 781ms
17:00:16     INFO - TEST-START | /2dcontext/fill-and-stroke-styles/2d.fillStyle.parse.svg-1.html
17:00:16     INFO - .
17:00:16     INFO - TEST-OK | /2dcontext/fill-and-stroke-styles/2d.fillStyle.parse.svg-1.html | took 722ms
17:00:16     INFO - TEST-START | /2dcontext/fill-and-stroke-styles/2d.fillStyle.parse.svg-2.html
17:00:17     INFO - .
17:00:17     INFO - TEST-OK | /2dcontext/fill-and-stroke-styles/2d.fillStyle.parse.svg-2.html | took 725ms
17:00:17     INFO - TEST-START | /2dcontext/fill-and-stroke-styles/2d.fillStyle.parse.system.html
17:00:18     INFO - .
17:00:18     INFO - TEST-OK | /2dcontext/fill-and-stroke-styles/2d.fillStyle.parse.system.html | took 1129ms
17:00:18     INFO - TEST-START | /2dcontext/fill-and-stroke-styles/2d.fillStyle.parse.transparent-1.html
17:00:19     INFO - .
17:00:19     INFO - TEST-OK | /2dcontext/fill-and-stroke-styles/2d.fillStyle.parse.transparent-1.html | took 872ms
17:00:19     INFO - TEST-START | /2dcontext/fill-and-stroke-styles/2d.fillStyle.parse.transparent-2.html
17:00:20     INFO - .
17:00:20     INFO - TEST-OK | /2dcontext/fill-and-stroke-styles/2d.fillStyle.parse.transparent-2.html | took 720ms
17:00:20     INFO - TEST-START | /2dcontext/fill-and-stroke-styles/2d.gradient.empty.html
17:00:21     INFO - .
17:00:21     INFO - TEST-OK | /2dcontext/fill-and-stroke-styles/2d.gradient.empty.html | took 773ms
17:00:21     INFO - TEST-START | /2dcontext/fill-and-stroke-styles/2d.gradient.interpolate.alpha.html
17:00:21     INFO - .
17:00:21     INFO - TEST-OK | /2dcontext/fill-and-stroke-styles/2d.gradient.interpolate.alpha.html | took 776ms
17:00:21     INFO - TEST-START | /2dcontext/fill-and-stroke-styles/2d.gradient.interpolate.colour.html
17:00:22     INFO - .
17:00:22     INFO - TEST-OK | /2dcontext/fill-and-stroke-styles/2d.gradient.interpolate.colour.html | took 886ms
17:00:22     INFO - TEST-START | /2dcontext/fill-and-stroke-styles/2d.gradient.interpolate.colouralpha.html
17:00:23     INFO - .
17:00:23     INFO - TEST-OK | /2dcontext/fill-and-stroke-styles/2d.gradient.interpolate.colouralpha.html | took 772ms
17:00:23     INFO - TEST-START | /2dcontext/fill-and-stroke-styles/2d.gradient.interpolate.multiple.html
17:00:24     INFO - .
17:00:24     INFO - TEST-OK | /2dcontext/fill-and-stroke-styles/2d.gradient.interpolate.multiple.html | took 777ms
17:00:24     INFO - TEST-START | /2dcontext/fill-and-stroke-styles/2d.gradient.interpolate.outside.html
17:00:25     INFO - .
17:00:25     INFO - TEST-OK | /2dcontext/fill-and-stroke-styles/2d.gradient.interpolate.outside.html | took 1035ms
17:00:25     INFO - TEST-START | /2dcontext/fill-and-stroke-styles/2d.gradient.interpolate.overlap.html
17:00:26     INFO - .
17:00:26     INFO - TEST-OK | /2dcontext/fill-and-stroke-styles/2d.gradient.interpolate.overlap.html | took 983ms
17:00:26     INFO - TEST-START | /2dcontext/fill-and-stroke-styles/2d.gradient.interpolate.overlap2.html
17:00:27     INFO - .
17:00:27     INFO - TEST-OK | /2dcontext/fill-and-stroke-styles/2d.gradient.interpolate.overlap2.html | took 821ms
17:00:27     INFO - TEST-START | /2dcontext/fill-and-stroke-styles/2d.gradient.interpolate.solid.html
17:00:27     INFO - .
17:00:27     INFO - TEST-OK | /2dcontext/fill-and-stroke-styles/2d.gradient.interpolate.solid.html | took 726ms
17:00:27     INFO - TEST-START | /2dcontext/fill-and-stroke-styles/2d.gradient.interpolate.vertical.html
17:00:28     INFO - .
17:00:28     INFO - TEST-OK | /2dcontext/fill-and-stroke-styles/2d.gradient.interpolate.vertical.html | took 741ms
17:00:28     INFO - TEST-START | /2dcontext/fill-and-stroke-styles/2d.gradient.interpolate.zerosize.fill.html
17:00:29     INFO - .
17:00:29     INFO - TEST-OK | /2dcontext/fill-and-stroke-styles/2d.gradient.interpolate.zerosize.fill.html | took 831ms
17:00:29     INFO - TEST-START | /2dcontext/fill-and-stroke-styles/2d.gradient.interpolate.zerosize.fillRect.html
17:00:30     INFO - .
17:00:30     INFO - TEST-OK | /2dcontext/fill-and-stroke-styles/2d.gradient.interpolate.zerosize.fillRect.html | took 925ms
17:00:30     INFO - TEST-START | /2dcontext/fill-and-stroke-styles/2d.gradient.interpolate.zerosize.fillText.html
17:00:31     INFO - .
17:00:31     INFO - TEST-OK | /2dcontext/fill-and-stroke-styles/2d.gradient.interpolate.zerosize.fillText.html | took 880ms
17:00:31     INFO - TEST-START | /2dcontext/fill-and-stroke-styles/2d.gradient.interpolate.zerosize.stroke.html
17:00:32     INFO - .
17:00:32     INFO - TEST-OK | /2dcontext/fill-and-stroke-styles/2d.gradient.interpolate.zerosize.stroke.html | took 1074ms
17:00:32     INFO - TEST-START | /2dcontext/fill-and-stroke-styles/2d.gradient.interpolate.zerosize.strokeRect.html
17:00:33     INFO - .
17:00:33     INFO - TEST-OK | /2dcontext/fill-and-stroke-styles/2d.gradient.interpolate.zerosize.strokeRect.html | took 981ms
17:00:33     INFO - TEST-START | /2dcontext/fill-and-stroke-styles/2d.gradient.interpolate.zerosize.strokeText.html
17:00:34     INFO - .
17:00:34     INFO - TEST-OK | /2dcontext/fill-and-stroke-styles/2d.gradient.interpolate.zerosize.strokeText.html | took 872ms
17:00:34     INFO - TEST-START | /2dcontext/fill-and-stroke-styles/2d.gradient.linear.nonfinite.html
17:00:35     INFO - .
17:00:35     INFO - TEST-OK | /2dcontext/fill-and-stroke-styles/2d.gradient.linear.nonfinite.html | took 775ms
17:00:35     INFO - TEST-START | /2dcontext/fill-and-stroke-styles/2d.gradient.linear.transform.1.html
17:00:35     INFO - .
17:00:35     INFO - TEST-OK | /2dcontext/fill-and-stroke-styles/2d.gradient.linear.transform.1.html | took 826ms
17:00:35     INFO - TEST-START | /2dcontext/fill-and-stroke-styles/2d.gradient.linear.transform.2.html
17:00:36     INFO - .
17:00:36     INFO - TEST-OK | /2dcontext/fill-and-stroke-styles/2d.gradient.linear.transform.2.html | took 771ms
17:00:36     INFO - TEST-START | /2dcontext/fill-and-stroke-styles/2d.gradient.linear.transform.3.html
17:00:37     INFO - .
17:00:37     INFO - TEST-OK | /2dcontext/fill-and-stroke-styles/2d.gradient.linear.transform.3.html | took 972ms
17:00:37     INFO - TEST-START | /2dcontext/fill-and-stroke-styles/2d.gradient.object.compare.html
17:00:38     INFO - .
17:00:38     INFO - TEST-OK | /2dcontext/fill-and-stroke-styles/2d.gradient.object.compare.html | took 775ms
17:00:38     INFO - TEST-START | /2dcontext/fill-and-stroke-styles/2d.gradient.object.crosscanvas.html
17:00:39     INFO - .
17:00:39     INFO - TEST-OK | /2dcontext/fill-and-stroke-styles/2d.gradient.object.crosscanvas.html | took 1075ms
17:00:39     INFO - TEST-START | /2dcontext/fill-and-stroke-styles/2d.gradient.object.current.html
17:00:40     INFO - .
17:00:40     INFO - TEST-OK | /2dcontext/fill-and-stroke-styles/2d.gradient.object.current.html | took 1025ms
17:00:40     INFO - TEST-START | /2dcontext/fill-and-stroke-styles/2d.gradient.object.invalidcolour.html
17:00:41     INFO - .
17:00:41     INFO - TEST-OK | /2dcontext/fill-and-stroke-styles/2d.gradient.object.invalidcolour.html | took 796ms
17:00:41     INFO - TEST-START | /2dcontext/fill-and-stroke-styles/2d.gradient.object.invalidoffset.html
17:00:42     INFO - .
17:00:42     INFO - TEST-OK | /2dcontext/fill-and-stroke-styles/2d.gradient.object.invalidoffset.html | took 783ms
17:00:42     INFO - TEST-START | /2dcontext/fill-and-stroke-styles/2d.gradient.object.return.html
17:00:43     INFO - .
17:00:43     INFO - TEST-OK | /2dcontext/fill-and-stroke-styles/2d.gradient.object.return.html | took 731ms
17:00:43     INFO - TEST-START | /2dcontext/fill-and-stroke-styles/2d.gradient.object.type.html
17:00:43     INFO - .
17:00:43     INFO - TEST-OK | /2dcontext/fill-and-stroke-styles/2d.gradient.object.type.html | took 722ms
17:00:43     INFO - TEST-START | /2dcontext/fill-and-stroke-styles/2d.gradient.object.update.html
17:00:44     INFO - .
17:00:44     INFO - TEST-OK | /2dcontext/fill-and-stroke-styles/2d.gradient.object.update.html | took 879ms
17:00:44     INFO - TEST-START | /2dcontext/fill-and-stroke-styles/2d.gradient.radial.cone.behind.html
17:00:45     INFO - .
17:00:45     INFO - TEST-OK | /2dcontext/fill-and-stroke-styles/2d.gradient.radial.cone.behind.html | took 993ms
17:00:45     INFO - TEST-START | /2dcontext/fill-and-stroke-styles/2d.gradient.radial.cone.beside.html
17:00:46     INFO - .
17:00:46     INFO - TEST-OK | /2dcontext/fill-and-stroke-styles/2d.gradient.radial.cone.beside.html | took 1079ms
17:00:46     INFO - TEST-START | /2dcontext/fill-and-stroke-styles/2d.gradient.radial.cone.bottom.html
17:00:47     INFO - .
17:00:47     INFO - TEST-OK | /2dcontext/fill-and-stroke-styles/2d.gradient.radial.cone.bottom.html | took 924ms
17:00:47     INFO - TEST-START | /2dcontext/fill-and-stroke-styles/2d.gradient.radial.cone.cylinder.html
17:00:48     INFO - .
17:00:48     INFO - TEST-OK | /2dcontext/fill-and-stroke-styles/2d.gradient.radial.cone.cylinder.html | took 880ms
17:00:48     INFO - TEST-START | /2dcontext/fill-and-stroke-styles/2d.gradient.radial.cone.front.html
17:00:49     INFO - .
17:00:49     INFO - TEST-OK | /2dcontext/fill-and-stroke-styles/2d.gradient.radial.cone.front.html | took 874ms
17:00:49     INFO - TEST-START | /2dcontext/fill-and-stroke-styles/2d.gradient.radial.cone.shape1.html
17:00:50     INFO - .
17:00:50     INFO - TEST-OK | /2dcontext/fill-and-stroke-styles/2d.gradient.radial.cone.shape1.html | took 881ms
17:00:50     INFO - TEST-START | /2dcontext/fill-and-stroke-styles/2d.gradient.radial.cone.shape2.html
17:00:51     INFO - .
17:00:51     INFO - TEST-OK | /2dcontext/fill-and-stroke-styles/2d.gradient.radial.cone.shape2.html | took 835ms
17:00:51     INFO - TEST-START | /2dcontext/fill-and-stroke-styles/2d.gradient.radial.cone.top.html
17:00:52     INFO - .
17:00:52     INFO - TEST-OK | /2dcontext/fill-and-stroke-styles/2d.gradient.radial.cone.top.html | took 886ms
17:00:52     INFO - TEST-START | /2dcontext/fill-and-stroke-styles/2d.gradient.radial.equal.html
17:00:53     INFO - .
17:00:53     INFO - TEST-OK | /2dcontext/fill-and-stroke-styles/2d.gradient.radial.equal.html | took 1077ms
17:00:53     INFO - TEST-START | /2dcontext/fill-and-stroke-styles/2d.gradient.radial.inside1.html
17:00:54     INFO - .
17:00:54     INFO - TEST-OK | /2dcontext/fill-and-stroke-styles/2d.gradient.radial.inside1.html | took 951ms
17:00:54     INFO - TEST-START | /2dcontext/fill-and-stroke-styles/2d.gradient.radial.inside2.html
17:00:55     INFO - .
17:00:55     INFO - TEST-OK | /2dcontext/fill-and-stroke-styles/2d.gradient.radial.inside2.html | took 985ms
17:00:55     INFO - TEST-START | /2dcontext/fill-and-stroke-styles/2d.gradient.radial.inside3.html
17:00:56     INFO - .
17:00:56     INFO - TEST-OK | /2dcontext/fill-and-stroke-styles/2d.gradient.radial.inside3.html | took 876ms
17:00:56     INFO - TEST-START | /2dcontext/fill-and-stroke-styles/2d.gradient.radial.negative.html
17:00:56     INFO - .
17:00:56     INFO - TEST-OK | /2dcontext/fill-and-stroke-styles/2d.gradient.radial.negative.html | took 776ms
17:00:56     INFO - TEST-START | /2dcontext/fill-and-stroke-styles/2d.gradient.radial.nonfinite.html
17:00:57     INFO - .
17:00:57     INFO - TEST-OK | /2dcontext/fill-and-stroke-styles/2d.gradient.radial.nonfinite.html | took 776ms
17:00:57     INFO - TEST-START | /2dcontext/fill-and-stroke-styles/2d.gradient.radial.outside1.html
17:00:58     INFO - .
17:00:58     INFO - TEST-OK | /2dcontext/fill-and-stroke-styles/2d.gradient.radial.outside1.html | took 791ms
17:00:58     INFO - TEST-START | /2dcontext/fill-and-stroke-styles/2d.gradient.radial.outside2.html
17:00:59     INFO - .
17:00:59     INFO - TEST-OK | /2dcontext/fill-and-stroke-styles/2d.gradient.radial.outside2.html | took 1041ms
17:00:59     INFO - TEST-START | /2dcontext/fill-and-stroke-styles/2d.gradient.radial.outside3.html
17:01:00     INFO - .
17:01:00     INFO - TEST-OK | /2dcontext/fill-and-stroke-styles/2d.gradient.radial.outside3.html | took 1074ms
17:01:00     INFO - TEST-START | /2dcontext/fill-and-stroke-styles/2d.gradient.radial.touch1.html
17:01:01     INFO - .
17:01:01     INFO - TEST-OK | /2dcontext/fill-and-stroke-styles/2d.gradient.radial.touch1.html | took 934ms
17:01:01     INFO - TEST-START | /2dcontext/fill-and-stroke-styles/2d.gradient.radial.touch2.html
17:01:02     INFO - .
17:01:02     INFO - TEST-OK | /2dcontext/fill-and-stroke-styles/2d.gradient.radial.touch2.html | took 970ms
17:01:02     INFO - TEST-START | /2dcontext/fill-and-stroke-styles/2d.gradient.radial.touch3.html
17:01:03     INFO - .
17:01:03     INFO - TEST-OK | /2dcontext/fill-and-stroke-styles/2d.gradient.radial.touch3.html | took 1294ms
17:01:03     INFO - TEST-START | /2dcontext/fill-and-stroke-styles/2d.gradient.radial.transform.1.html
17:01:04     INFO - .
17:01:04     INFO - TEST-OK | /2dcontext/fill-and-stroke-styles/2d.gradient.radial.transform.1.html | took 1128ms
17:01:04     INFO - TEST-START | /2dcontext/fill-and-stroke-styles/2d.gradient.radial.transform.2.html
17:01:06     INFO - .
17:01:06     INFO - TEST-OK | /2dcontext/fill-and-stroke-styles/2d.gradient.radial.transform.2.html | took 1029ms
17:01:06     INFO - TEST-START | /2dcontext/fill-and-stroke-styles/2d.gradient.radial.transform.3.html
17:01:07     INFO - .
17:01:07     INFO - TEST-OK | /2dcontext/fill-and-stroke-styles/2d.gradient.radial.transform.3.html | took 1188ms
17:01:07     INFO - TEST-START | /2dcontext/fill-and-stroke-styles/2d.pattern.animated.gif.html
17:01:08     INFO - .
17:01:08     INFO - TEST-OK | /2dcontext/fill-and-stroke-styles/2d.pattern.animated.gif.html | took 1440ms
17:01:08     INFO - TEST-START | /2dcontext/fill-and-stroke-styles/2d.pattern.basic.canvas.html
17:01:09     INFO - .
17:01:09     INFO - TEST-OK | /2dcontext/fill-and-stroke-styles/2d.pattern.basic.canvas.html | took 822ms
17:01:09     INFO - TEST-START | /2dcontext/fill-and-stroke-styles/2d.pattern.basic.image.html
17:01:10     INFO - .
17:01:10     INFO - TEST-OK | /2dcontext/fill-and-stroke-styles/2d.pattern.basic.image.html | took 973ms
17:01:10     INFO - TEST-START | /2dcontext/fill-and-stroke-styles/2d.pattern.basic.nocontext.html
17:01:11     INFO - .
17:01:11     INFO - TEST-OK | /2dcontext/fill-and-stroke-styles/2d.pattern.basic.nocontext.html | took 1092ms
17:01:11     INFO - TEST-START | /2dcontext/fill-and-stroke-styles/2d.pattern.basic.type.html
17:01:12     INFO - .
17:01:12     INFO - TEST-OK | /2dcontext/fill-and-stroke-styles/2d.pattern.basic.type.html | took 1038ms
17:01:12     INFO - TEST-START | /2dcontext/fill-and-stroke-styles/2d.pattern.basic.zerocanvas.html
17:01:13     INFO - .
17:01:13     INFO - TEST-OK | /2dcontext/fill-and-stroke-styles/2d.pattern.basic.zerocanvas.html | took 1130ms
17:01:13     INFO - TEST-START | /2dcontext/fill-and-stroke-styles/2d.pattern.crosscanvas.html
17:01:14     INFO - .
17:01:14     INFO - TEST-OK | /2dcontext/fill-and-stroke-styles/2d.pattern.crosscanvas.html | took 977ms
17:01:14     INFO - TEST-START | /2dcontext/fill-and-stroke-styles/2d.pattern.image.broken.html
17:01:15     INFO - TEST-OK | /2dcontext/fill-and-stroke-styles/2d.pattern.image.broken.html | took 889ms
17:01:15     INFO - TEST-START | /2dcontext/fill-and-stroke-styles/2d.pattern.image.incomplete.emptysrc.html
17:01:16     INFO - .
17:01:16     INFO - TEST-OK | /2dcontext/fill-and-stroke-styles/2d.pattern.image.incomplete.emptysrc.html | took 771ms
17:01:16     INFO - TEST-START | /2dcontext/fill-and-stroke-styles/2d.pattern.image.incomplete.immediate.html
17:01:17     INFO - .
17:01:17     INFO - TEST-OK | /2dcontext/fill-and-stroke-styles/2d.pattern.image.incomplete.immediate.html | took 842ms
17:01:17     INFO - TEST-START | /2dcontext/fill-and-stroke-styles/2d.pattern.image.incomplete.nosrc.html
17:01:18     INFO - .
17:01:18     INFO - TEST-OK | /2dcontext/fill-and-stroke-styles/2d.pattern.image.incomplete.nosrc.html | took 831ms
17:01:18     INFO - TEST-START | /2dcontext/fill-and-stroke-styles/2d.pattern.image.incomplete.reload.html
17:01:18     INFO - .
17:01:18     INFO - TEST-OK | /2dcontext/fill-and-stroke-styles/2d.pattern.image.incomplete.reload.html | took 769ms
17:01:18     INFO - TEST-START | /2dcontext/fill-and-stroke-styles/2d.pattern.image.incomplete.removedsrc.html
17:01:19     INFO - .
17:01:19     INFO - TEST-OK | /2dcontext/fill-and-stroke-styles/2d.pattern.image.incomplete.removedsrc.html | took 995ms
17:01:19     INFO - TEST-START | /2dcontext/fill-and-stroke-styles/2d.pattern.image.null.html
17:01:21     INFO - .
17:01:21     INFO - TEST-OK | /2dcontext/fill-and-stroke-styles/2d.pattern.image.null.html | took 1141ms
17:01:21     INFO - TEST-START | /2dcontext/fill-and-stroke-styles/2d.pattern.image.string.html
17:01:22     INFO - .
17:01:22     INFO - TEST-OK | /2dcontext/fill-and-stroke-styles/2d.pattern.image.string.html | took 1029ms
17:01:22     INFO - TEST-START | /2dcontext/fill-and-stroke-styles/2d.pattern.image.undefined.html
17:01:23     INFO - .
17:01:23     INFO - TEST-OK | /2dcontext/fill-and-stroke-styles/2d.pattern.image.undefined.html | took 877ms
17:01:23     INFO - TEST-START | /2dcontext/fill-and-stroke-styles/2d.pattern.modify.canvas1.html
17:01:24     INFO - .
17:01:24     INFO - TEST-OK | /2dcontext/fill-and-stroke-styles/2d.pattern.modify.canvas1.html | took 977ms
17:01:24     INFO - TEST-START | /2dcontext/fill-and-stroke-styles/2d.pattern.modify.canvas2.html
17:01:25     INFO - .
17:01:25     INFO - TEST-OK | /2dcontext/fill-and-stroke-styles/2d.pattern.modify.canvas2.html | took 978ms
17:01:25     INFO - TEST-START | /2dcontext/fill-and-stroke-styles/2d.pattern.modify.image1.html
17:01:26     INFO - .
17:01:26     INFO - TEST-OK | /2dcontext/fill-and-stroke-styles/2d.pattern.modify.image1.html | took 1180ms
17:01:26     INFO - TEST-START | /2dcontext/fill-and-stroke-styles/2d.pattern.modify.image2.html
17:01:27     INFO - .
17:01:27     INFO - TEST-OK | /2dcontext/fill-and-stroke-styles/2d.pattern.modify.image2.html | took 1222ms
17:01:27     INFO - TEST-START | /2dcontext/fill-and-stroke-styles/2d.pattern.paint.norepeat.basic.html
17:01:28     INFO - .
17:01:28     INFO - TEST-OK | /2dcontext/fill-and-stroke-styles/2d.pattern.paint.norepeat.basic.html | took 1083ms
17:01:28     INFO - TEST-START | /2dcontext/fill-and-stroke-styles/2d.pattern.paint.norepeat.coord1.html
17:01:29     INFO - .
17:01:29     INFO - TEST-OK | /2dcontext/fill-and-stroke-styles/2d.pattern.paint.norepeat.coord1.html | took 1136ms
17:01:29     INFO - TEST-START | /2dcontext/fill-and-stroke-styles/2d.pattern.paint.norepeat.coord2.html
17:01:30     INFO - .
17:01:30     INFO - TEST-OK | /2dcontext/fill-and-stroke-styles/2d.pattern.paint.norepeat.coord2.html | took 1085ms
17:01:30     INFO - TEST-START | /2dcontext/fill-and-stroke-styles/2d.pattern.paint.norepeat.coord3.html
17:01:31     INFO - .
17:01:31     INFO - TEST-OK | /2dcontext/fill-and-stroke-styles/2d.pattern.paint.norepeat.coord3.html | took 1026ms
17:01:31     INFO - TEST-START | /2dcontext/fill-and-stroke-styles/2d.pattern.paint.norepeat.outside.html
17:01:32     INFO - .
17:01:32     INFO - TEST-OK | /2dcontext/fill-and-stroke-styles/2d.pattern.paint.norepeat.outside.html | took 925ms
17:01:32     INFO - TEST-START | /2dcontext/fill-and-stroke-styles/2d.pattern.paint.orientation.canvas.html
17:01:33     INFO - .
17:01:33     INFO - TEST-OK | /2dcontext/fill-and-stroke-styles/2d.pattern.paint.orientation.canvas.html | took 1038ms
17:01:33     INFO - TEST-START | /2dcontext/fill-and-stroke-styles/2d.pattern.paint.orientation.image.html
17:01:35     INFO - .
17:01:35     INFO - TEST-OK | /2dcontext/fill-and-stroke-styles/2d.pattern.paint.orientation.image.html | took 1126ms
17:01:35     INFO - TEST-START | /2dcontext/fill-and-stroke-styles/2d.pattern.paint.repeat.basic.html
17:01:35     INFO - .
17:01:35     INFO - TEST-OK | /2dcontext/fill-and-stroke-styles/2d.pattern.paint.repeat.basic.html | took 926ms
17:01:35     INFO - TEST-START | /2dcontext/fill-and-stroke-styles/2d.pattern.paint.repeat.coord1.html
17:01:36     INFO - .
17:01:36     INFO - TEST-OK | /2dcontext/fill-and-stroke-styles/2d.pattern.paint.repeat.coord1.html | took 876ms
17:01:36     INFO - TEST-START | /2dcontext/fill-and-stroke-styles/2d.pattern.paint.repeat.coord2.html
17:01:37     INFO - .
17:01:37     INFO - TEST-OK | /2dcontext/fill-and-stroke-styles/2d.pattern.paint.repeat.coord2.html | took 826ms
17:01:37     INFO - TEST-START | /2dcontext/fill-and-stroke-styles/2d.pattern.paint.repeat.coord3.html
17:01:38     INFO - .
17:01:38     INFO - TEST-OK | /2dcontext/fill-and-stroke-styles/2d.pattern.paint.repeat.coord3.html | took 875ms
17:01:38     INFO - TEST-START | /2dcontext/fill-and-stroke-styles/2d.pattern.paint.repeat.outside.html
17:01:39     INFO - .
17:01:39     INFO - TEST-OK | /2dcontext/fill-and-stroke-styles/2d.pattern.paint.repeat.outside.html | took 822ms
17:01:39     INFO - TEST-START | /2dcontext/fill-and-stroke-styles/2d.pattern.paint.repeatx.basic.html
17:01:40     INFO - .
17:01:40     INFO - TEST-OK | /2dcontext/fill-and-stroke-styles/2d.pattern.paint.repeatx.basic.html | took 831ms
17:01:40     INFO - TEST-START | /2dcontext/fill-and-stroke-styles/2d.pattern.paint.repeatx.coord1.html
17:01:41     INFO - .
17:01:41     INFO - TEST-OK | /2dcontext/fill-and-stroke-styles/2d.pattern.paint.repeatx.coord1.html | took 1188ms
17:01:41     INFO - TEST-START | /2dcontext/fill-and-stroke-styles/2d.pattern.paint.repeatx.outside.html
17:01:42     INFO - .
17:01:42     INFO - TEST-OK | /2dcontext/fill-and-stroke-styles/2d.pattern.paint.repeatx.outside.html | took 886ms
17:01:42     INFO - TEST-START | /2dcontext/fill-and-stroke-styles/2d.pattern.paint.repeaty.basic.html
17:01:43     INFO - .
17:01:43     INFO - TEST-OK | /2dcontext/fill-and-stroke-styles/2d.pattern.paint.repeaty.basic.html | took 792ms
17:01:43     INFO - TEST-START | /2dcontext/fill-and-stroke-styles/2d.pattern.paint.repeaty.coord1.html
17:01:44     INFO - .
17:01:44     INFO - TEST-OK | /2dcontext/fill-and-stroke-styles/2d.pattern.paint.repeaty.coord1.html | took 820ms
17:01:44     INFO - TEST-START | /2dcontext/fill-and-stroke-styles/2d.pattern.paint.repeaty.outside.html
17:01:44     INFO - .
17:01:44     INFO - TEST-OK | /2dcontext/fill-and-stroke-styles/2d.pattern.paint.repeaty.outside.html | took 879ms
17:01:44     INFO - TEST-START | /2dcontext/fill-and-stroke-styles/2d.pattern.repeat.case.html
17:01:45     INFO - .
17:01:45     INFO - TEST-OK | /2dcontext/fill-and-stroke-styles/2d.pattern.repeat.case.html | took 828ms
17:01:45     INFO - TEST-START | /2dcontext/fill-and-stroke-styles/2d.pattern.repeat.empty.html
17:01:46     INFO - .
17:01:46     INFO - TEST-OK | /2dcontext/fill-and-stroke-styles/2d.pattern.repeat.empty.html | took 822ms
17:01:46     INFO - TEST-START | /2dcontext/fill-and-stroke-styles/2d.pattern.repeat.null.html
17:01:47     INFO - .
17:01:47     INFO - TEST-OK | /2dcontext/fill-and-stroke-styles/2d.pattern.repeat.null.html | took 777ms
17:01:47     INFO - TEST-START | /2dcontext/fill-and-stroke-styles/2d.pattern.repeat.nullsuffix.html
17:01:48     INFO - .
17:01:48     INFO - TEST-OK | /2dcontext/fill-and-stroke-styles/2d.pattern.repeat.nullsuffix.html | took 987ms
17:01:48     INFO - TEST-START | /2dcontext/fill-and-stroke-styles/2d.pattern.repeat.undefined.html
17:01:49     INFO - .
17:01:49     INFO - TEST-OK | /2dcontext/fill-and-stroke-styles/2d.pattern.repeat.undefined.html | took 925ms
17:01:49     INFO - TEST-START | /2dcontext/fill-and-stroke-styles/2d.pattern.repeat.unrecognised.html
17:01:50     INFO - .
17:01:50     INFO - TEST-OK | /2dcontext/fill-and-stroke-styles/2d.pattern.repeat.unrecognised.html | took 832ms
17:01:50     INFO - TEST-START | /2dcontext/fill-and-stroke-styles/2d.pattern.repeat.unrecognisednull.html
17:01:51     INFO - .
17:01:51     INFO - TEST-OK | /2dcontext/fill-and-stroke-styles/2d.pattern.repeat.unrecognisednull.html | took 831ms
17:01:51     INFO - TEST-START | /2dcontext/fill-and-stroke-styles/2d.strokeStyle.default.html
17:01:51     INFO - .
17:01:51     INFO - TEST-OK | /2dcontext/fill-and-stroke-styles/2d.strokeStyle.default.html | took 837ms
17:01:51     INFO - TEST-START | /2dcontext/fill-and-stroke-styles/canvas_colorsandstyles_createlineargradient_001.htm
17:01:52     INFO - .
17:01:52     INFO - TEST-OK | /2dcontext/fill-and-stroke-styles/canvas_colorsandstyles_createlineargradient_001.htm | took 923ms
17:01:52     INFO - TEST-START | /2dcontext/text-styles/2d.text.align.default.html
17:01:53     INFO - .
17:01:53     INFO - TEST-OK | /2dcontext/text-styles/2d.text.align.default.html | took 779ms
17:01:53     INFO - TEST-START | /2dcontext/text-styles/2d.text.align.invalid.html
17:01:54     INFO - .
17:01:54     INFO - TEST-OK | /2dcontext/text-styles/2d.text.align.invalid.html | took 729ms
17:01:54     INFO - TEST-START | /2dcontext/text-styles/2d.text.align.valid.html
17:01:55     INFO - .
17:01:55     INFO - TEST-OK | /2dcontext/text-styles/2d.text.align.valid.html | took 897ms
17:01:55     INFO - TEST-START | /2dcontext/text-styles/2d.text.baseline.default.html
17:01:56     INFO - .
17:01:56     INFO - TEST-OK | /2dcontext/text-styles/2d.text.baseline.default.html | took 1124ms
17:01:56     INFO - TEST-START | /2dcontext/text-styles/2d.text.baseline.invalid.html
17:01:57     INFO - .
17:01:57     INFO - TEST-OK | /2dcontext/text-styles/2d.text.baseline.invalid.html | took 836ms
17:01:57     INFO - TEST-START | /2dcontext/text-styles/2d.text.baseline.valid.html
17:01:58     INFO - .
17:01:58     INFO - TEST-OK | /2dcontext/text-styles/2d.text.baseline.valid.html | took 778ms
17:01:58     INFO - TEST-START | /2dcontext/text-styles/2d.text.draw.baseline.bottom.html
17:01:59     INFO - .
17:01:59     INFO - TEST-OK | /2dcontext/text-styles/2d.text.draw.baseline.bottom.html | took 1275ms
17:01:59     INFO - TEST-START | /2dcontext/text-styles/2d.text.draw.baseline.hanging.html
17:02:00     INFO - .
17:02:00     INFO - TEST-OK | /2dcontext/text-styles/2d.text.draw.baseline.hanging.html | took 1290ms
17:02:00     INFO - TEST-START | /2dcontext/text-styles/2d.text.draw.baseline.ideographic.html
17:02:02     INFO - .
17:02:02     INFO - TEST-OK | /2dcontext/text-styles/2d.text.draw.baseline.ideographic.html | took 1387ms
17:02:02     INFO - TEST-START | /2dcontext/text-styles/2d.text.draw.baseline.middle.html
17:02:03     INFO - .
17:02:03     INFO - TEST-OK | /2dcontext/text-styles/2d.text.draw.baseline.middle.html | took 1527ms
17:02:03     INFO - TEST-START | /2dcontext/text-styles/2d.text.draw.baseline.top.html
17:02:04     INFO - .
17:02:04     INFO - TEST-OK | /2dcontext/text-styles/2d.text.draw.baseline.top.html | took 1275ms
17:02:04     INFO - TEST-START | /2dcontext/text-styles/2d.text.draw.space.collapse.end.html
17:02:06     INFO - .
17:02:06     INFO - TEST-OK | /2dcontext/text-styles/2d.text.draw.space.collapse.end.html | took 1231ms
17:02:06     INFO - TEST-START | /2dcontext/text-styles/2d.text.draw.space.collapse.other.html
17:02:07     INFO - .
17:02:07     INFO - TEST-OK | /2dcontext/text-styles/2d.text.draw.space.collapse.other.html | took 1273ms
17:02:07     INFO - TEST-START | /2dcontext/text-styles/2d.text.draw.space.collapse.space.html
17:02:08     INFO - .
17:02:08     INFO - TEST-OK | /2dcontext/text-styles/2d.text.draw.space.collapse.space.html | took 1333ms
17:02:08     INFO - TEST-START | /2dcontext/text-styles/2d.text.draw.space.collapse.start.html
17:02:10     INFO - .
17:02:10     INFO - TEST-OK | /2dcontext/text-styles/2d.text.draw.space.collapse.start.html | took 1584ms
17:02:10     INFO - TEST-START | /2dcontext/text-styles/2d.text.font.default.html
17:02:11     INFO - .
17:02:11     INFO - TEST-OK | /2dcontext/text-styles/2d.text.font.default.html | took 832ms
17:02:11     INFO - TEST-START | /2dcontext/text-styles/2d.text.font.parse.basic.html
17:02:11     INFO - .
17:02:11     INFO - TEST-OK | /2dcontext/text-styles/2d.text.font.parse.basic.html | took 824ms
17:02:12     INFO - TEST-START | /2dcontext/text-styles/2d.text.font.parse.complex.html
17:02:12     INFO - .
17:02:12     INFO - TEST-OK | /2dcontext/text-styles/2d.text.font.parse.complex.html | took 875ms
17:02:12     INFO - TEST-START | /2dcontext/text-styles/2d.text.font.parse.invalid.html
17:02:13     INFO - .
17:02:13     INFO - TEST-OK | /2dcontext/text-styles/2d.text.font.parse.invalid.html | took 819ms
17:02:13     INFO - TEST-START | /2dcontext/text-styles/2d.text.font.parse.size.percentage.default.html
17:02:14     INFO - .
17:02:14     INFO - TEST-OK | /2dcontext/text-styles/2d.text.font.parse.size.percentage.default.html | took 794ms
17:02:14     INFO - TEST-START | /2dcontext/text-styles/2d.text.font.parse.size.percentage.html
17:02:15     INFO - .
17:02:15     INFO - TEST-OK | /2dcontext/text-styles/2d.text.font.parse.size.percentage.html | took 828ms
17:02:15     INFO - TEST-START | /2dcontext/text-styles/2d.text.font.parse.system.html
17:02:16     INFO - .
17:02:16     INFO - TEST-OK | /2dcontext/text-styles/2d.text.font.parse.system.html | took 885ms
17:02:16     INFO - TEST-START | /2dcontext/text-styles/2d.text.measure.width.space.html
17:02:17     INFO - .
17:02:17     INFO - TEST-OK | /2dcontext/text-styles/2d.text.measure.width.space.html | took 1485ms
17:02:17     INFO - TEST-START | /2dcontext/the-canvas-state/2d.state.saverestore.bitmap.html
17:02:18     INFO - .
17:02:18     INFO - TEST-OK | /2dcontext/the-canvas-state/2d.state.saverestore.bitmap.html | took 870ms
17:02:18     INFO - TEST-START | /2dcontext/the-canvas-state/2d.state.saverestore.clip.html
17:02:19     INFO - .
17:02:19     INFO - TEST-OK | /2dcontext/the-canvas-state/2d.state.saverestore.clip.html | took 772ms
17:02:19     INFO - TEST-START | /2dcontext/the-canvas-state/2d.state.saverestore.fillStyle.html
17:02:20     INFO - .
17:02:20     INFO - TEST-OK | /2dcontext/the-canvas-state/2d.state.saverestore.fillStyle.html | took 835ms
17:02:20     INFO - TEST-START | /2dcontext/the-canvas-state/2d.state.saverestore.font.html
17:02:21     INFO - .
17:02:21     INFO - TEST-OK | /2dcontext/the-canvas-state/2d.state.saverestore.font.html | took 873ms
17:02:21     INFO - TEST-START | /2dcontext/the-canvas-state/2d.state.saverestore.globalAlpha.html
17:02:21     INFO - .
17:02:21     INFO - TEST-OK | /2dcontext/the-canvas-state/2d.state.saverestore.globalAlpha.html | took 772ms
17:02:21     INFO - TEST-START | /2dcontext/the-canvas-state/2d.state.saverestore.globalCompositeOperation.html
17:02:22     INFO - .
17:02:22     INFO - TEST-OK | /2dcontext/the-canvas-state/2d.state.saverestore.globalCompositeOperation.html | took 719ms
17:02:22     INFO - TEST-START | /2dcontext/the-canvas-state/2d.state.saverestore.imageSmoothingEnabled.html
17:02:23     INFO - ...
17:02:23     INFO - TEST-OK | /2dcontext/the-canvas-state/2d.state.saverestore.imageSmoothingEnabled.html | took 1036ms
17:02:23     INFO - TEST-START | /2dcontext/the-canvas-state/2d.state.saverestore.lineCap.html
17:02:24     INFO - .
17:02:24     INFO - TEST-OK | /2dcontext/the-canvas-state/2d.state.saverestore.lineCap.html | took 937ms
17:02:24     INFO - TEST-START | /2dcontext/the-canvas-state/2d.state.saverestore.lineJoin.html
17:02:25     INFO - .
17:02:25     INFO - TEST-OK | /2dcontext/the-canvas-state/2d.state.saverestore.lineJoin.html | took 878ms
17:02:25     INFO - TEST-START | /2dcontext/the-canvas-state/2d.state.saverestore.lineWidth.html
17:02:26     INFO - .
17:02:26     INFO - TEST-OK | /2dcontext/the-canvas-state/2d.state.saverestore.lineWidth.html | took 735ms
17:02:26     INFO - TEST-START | /2dcontext/the-canvas-state/2d.state.saverestore.miterLimit.html
17:02:26     INFO - .
17:02:26     INFO - TEST-OK | /2dcontext/the-canvas-state/2d.state.saverestore.miterLimit.html | took 721ms
17:02:26     INFO - TEST-START | /2dcontext/the-canvas-state/2d.state.saverestore.path.html
17:02:27     INFO - .
17:02:27     INFO - TEST-OK | /2dcontext/the-canvas-state/2d.state.saverestore.path.html | took 832ms
17:02:27     INFO - TEST-START | /2dcontext/the-canvas-state/2d.state.saverestore.shadowBlur.html
17:02:28     INFO - .
17:02:28     INFO - TEST-OK | /2dcontext/the-canvas-state/2d.state.saverestore.shadowBlur.html | took 941ms
17:02:28     INFO - TEST-START | /2dcontext/the-canvas-state/2d.state.saverestore.shadowColor.html
17:02:29     INFO - .
17:02:29     INFO - TEST-OK | /2dcontext/the-canvas-state/2d.state.saverestore.shadowColor.html | took 993ms
17:02:29     INFO - TEST-START | /2dcontext/the-canvas-state/2d.state.saverestore.shadowOffsetX.html
17:02:30     INFO - .
17:02:30     INFO - TEST-OK | /2dcontext/the-canvas-state/2d.state.saverestore.shadowOffsetX.html | took 1074ms
17:02:30     INFO - TEST-START | /2dcontext/the-canvas-state/2d.state.saverestore.shadowOffsetY.html
17:02:31     INFO - .
17:02:31     INFO - TEST-OK | /2dcontext/the-canvas-state/2d.state.saverestore.shadowOffsetY.html | took 975ms
17:02:31     INFO - TEST-START | /2dcontext/the-canvas-state/2d.state.saverestore.stack.html
17:02:32     INFO - .
17:02:32     INFO - TEST-OK | /2dcontext/the-canvas-state/2d.state.saverestore.stack.html | took 876ms
17:02:32     INFO - TEST-START | /2dcontext/the-canvas-state/2d.state.saverestore.stackdepth.html
17:02:33     INFO - .
17:02:33     INFO - TEST-OK | /2dcontext/the-canvas-state/2d.state.saverestore.stackdepth.html | took 829ms
17:02:33     INFO - TEST-START | /2dcontext/the-canvas-state/2d.state.saverestore.strokeStyle.html
17:02:34     INFO - .
17:02:34     INFO - TEST-OK | /2dcontext/the-canvas-state/2d.state.saverestore.strokeStyle.html | took 726ms
17:02:34     INFO - TEST-START | /2dcontext/the-canvas-state/2d.state.saverestore.textAlign.html
17:02:35     INFO - .
17:02:35     INFO - TEST-OK | /2dcontext/the-canvas-state/2d.state.saverestore.textAlign.html | took 883ms
17:02:35     INFO - TEST-START | /2dcontext/the-canvas-state/2d.state.saverestore.textBaseline.html
17:02:36     INFO - .
17:02:36     INFO - TEST-OK | /2dcontext/the-canvas-state/2d.state.saverestore.textBaseline.html | took 1127ms
17:02:36     INFO - TEST-START | /2dcontext/the-canvas-state/2d.state.saverestore.transformation.html
17:02:37     INFO - .
17:02:37     INFO - TEST-OK | /2dcontext/the-canvas-state/2d.state.saverestore.transformation.html | took 1032ms
17:02:37     INFO - TEST-START | /2dcontext/the-canvas-state/2d.state.saverestore.underflow.html
17:02:38     INFO - .
17:02:38     INFO - TEST-OK | /2dcontext/the-canvas-state/2d.state.saverestore.underflow.html | took 830ms
17:02:38     INFO - TEST-START | /FileAPI/FileReader/Progress_event_bubbles_cancelable.html
17:02:39     INFO - .
17:02:39     INFO - TEST-OK | /FileAPI/FileReader/Progress_event_bubbles_cancelable.html | took 781ms
17:02:39     INFO - TEST-START | /FileAPI/blob/Blob-XHR-revoke.html
17:02:39     INFO - .
17:02:39     INFO - TEST-OK | /FileAPI/blob/Blob-XHR-revoke.html | took 684ms
17:02:39     INFO - TEST-START | /FileAPI/blob/Blob-close.html
17:02:40     INFO - .
17:02:40     INFO - TEST-OK | /FileAPI/blob/Blob-close.html | took 773ms
17:02:40     INFO - TEST-START | /FileAPI/blob/Blob-constructor.html

command interrupted, attempting to kill
process killed by signal 9
program finished with exit code -1
elapsedTime=463.881568
The web-page 'stop build' button was pressed by 'rvandermeulen@mozilla.com': Cancelled via self-serve
========= master_lag: 0.15 =========
========= Finished '/tools/buildbot/bin/python scripts/scripts/web_platform_tests.py ...' interrupted (results: 4, elapsed: 7 mins, 44 secs) (at 2018-06-08 17:02:41.469200) =========

========= Started set props: build_url (results: 0, elapsed: 0 secs) (at 2018-06-08 17:02:41.470146) =========
bash -c 'for file in `ls -1`; do cat $file; done'
 in dir /builds/slave/test/properties (timeout 1200 secs)
 watching logfiles {}
 argv: ['bash', '-c', 'for file in `ls -1`; do cat $file; done']
 environment:
  HOME=/home/cltbld
  LANG=en_US.UTF-8
  LOGNAME=cltbld
  MAIL=/var/mail/cltbld
  NODE_PATH=/usr/lib/nodejs:/usr/lib/node_modules:/usr/share/javascript
  PATH=/usr/local/bin:/usr/local/bin:/usr/bin:/bin:/usr/local/games:/usr/games
  PWD=/builds/slave/test/properties
  SHELL=/bin/bash
  SHLVL=1
  TERM=linux
  TMOUT=86400
  USER=cltbld
  XDG_SESSION_COOKIE=9ca12473fbb1d023794ffd180000023c-1528502089.809347-963362218
  _=/tools/buildbot/bin/python
 using PTY: False
build_url:https://queue.taskcluster.net/v1/task/I1iAdq48Sa60c5BCPWswkg/artifacts/public/build/firefox-52.8.2.en-US.linux-x86_64.tar.bz2
program finished with exit code 0
elapsedTime=0.081645
build_url: 'https://queue.taskcluster.net/v1/task/I1iAdq48Sa60c5BCPWswkg/artifacts/public/build/firefox-52.8.2.en-US.linux-x86_64.tar.bz2'
========= master_lag: 0.02 =========
========= Finished set props: build_url (results: 0, elapsed: 0 secs) (at 2018-06-08 17:02:41.573851) =========

========= Started 'rm -f ...' interrupted (results: 4, elapsed: 0 secs) (at 2018-06-08 17:02:41.574206) =========
rm -f oauth.txt
 in dir /builds/slave/test/. (timeout 1200 secs)
 watching logfiles {}
 argv: ['rm', '-f', 'oauth.txt']
 environment:
  HOME=/home/cltbld
  LANG=en_US.UTF-8
  LOGNAME=cltbld
  MAIL=/var/mail/cltbld
  NODE_PATH=/usr/lib/nodejs:/usr/lib/node_modules:/usr/share/javascript
  PATH=/usr/local/bin:/usr/local/bin:/usr/bin:/bin:/usr/local/games:/usr/games
  PWD=/builds/slave/test
  SHELL=/bin/bash
  SHLVL=1
  TERM=linux
  TMOUT=86400
  USER=cltbld
  XDG_SESSION_COOKIE=9ca12473fbb1d023794ffd180000023c-1528502089.809347-963362218
  _=/tools/buildbot/bin/python
 using PTY: False

command interrupted, attempting to kill
process killed by signal 9
program finished with exit code -1
elapsedTime=0.061753
The web-page 'stop build' button was pressed by 'rvandermeulen@mozilla.com': Cancelled via self-serve
========= master_lag: 0.03 =========
========= Finished 'rm -f ...' interrupted (results: 4, elapsed: 0 secs) (at 2018-06-08 17:02:41.661963) =========

========= Started reboot skipped (results: 3, elapsed: 0 secs) (at 2018-06-08 17:02:41.662266) =========
========= Finished reboot skipped (results: 3, elapsed: 0 secs) (at 2018-06-08 17:02:41.662512) =========

========= Total master_lag: 0.27 =========

