builder: mozilla-esr52_ubuntu64_vm_test_pgo-web-platform-tests-e10s-5
slave: tst-linux64-spot-002
starttime: 1528502096.85
results: cancelled (6)
buildid: 20180608150819
builduid: b298b373e93d4f8dbf92436c9ed838a2
revision: cbfdf01aac455e0591471201c96b89dee98190b5

========= Started set props: master (results: 0, elapsed: 0 secs) (at 2018-06-08 16:54:56.851910) =========
master: http://buildbot-master52.bb.releng.use1.mozilla.com:8201/
========= Finished set props: master (results: 0, elapsed: 0 secs) (at 2018-06-08 16:54:56.852351) =========

========= Started downloading to buildprops.json (results: 0, elapsed: 0 secs) (at 2018-06-08 16:54:56.852646) =========
========= Finished downloading to buildprops.json (results: 0, elapsed: 0 secs) (at 2018-06-08 16:54:57.008160) =========

========= Started 'bash -c ...' (results: 0, elapsed: 0 secs) (at 2018-06-08 16:54:57.008435) =========
bash -c 'wget -Oarchiver_client.py --no-check-certificate --tries=10 --waitretry=3 https://hg.mozilla.org/build/tools/raw-file/default/buildfarm/utils/archiver_client.py'
 in dir /builds/slave/test/. (timeout 1200 secs)
 watching logfiles {}
 argv: ['bash', '-c', 'wget -Oarchiver_client.py --no-check-certificate --tries=10 --waitretry=3 https://hg.mozilla.org/build/tools/raw-file/default/buildfarm/utils/archiver_client.py']
 environment:
  HOME=/home/cltbld
  LANG=en_US.UTF-8
  LOGNAME=cltbld
  MAIL=/var/mail/cltbld
  NODE_PATH=/usr/lib/nodejs:/usr/lib/node_modules:/usr/share/javascript
  PATH=/usr/local/bin:/usr/local/bin:/usr/bin:/bin:/usr/local/games:/usr/games
  PWD=/builds/slave/test
  SHELL=/bin/bash
  SHLVL=1
  TERM=linux
  TMOUT=86400
  USER=cltbld
  XDG_SESSION_COOKIE=9ca12473fbb1d023794ffd180000023c-1528502093.210833-531434888
  _=/tools/buildbot/bin/python
 using PTY: False
--2018-06-08 16:54:56--  https://hg.mozilla.org/build/tools/raw-file/default/buildfarm/utils/archiver_client.py
Resolving hg.mozilla.org (hg.mozilla.org)... 63.245.215.25, 63.245.215.102
Connecting to hg.mozilla.org (hg.mozilla.org)|63.245.215.25|:443... connected.
HTTP request sent, awaiting response... 200 Script output follows
Length: 12179 (12K) [text/x-python]
Saving to: `archiver_client.py'

     0K .......... .                                          100% 2.51M=0.005s

2018-06-08 16:54:57 (2.51 MB/s) - `archiver_client.py' saved [12179/12179]

program finished with exit code 0
elapsedTime=0.625873
========= master_lag: 0.01 =========
========= Finished 'bash -c ...' (results: 0, elapsed: 0 secs) (at 2018-06-08 16:54:57.648893) =========

========= Started 'rm -rf ...' (results: 0, elapsed: 0 secs) (at 2018-06-08 16:54:57.649226) =========
rm -rf scripts properties
 in dir /builds/slave/test/. (timeout 1200 secs)
 watching logfiles {}
 argv: ['rm', '-rf', 'scripts', 'properties']
 environment:
  HOME=/home/cltbld
  LANG=en_US.UTF-8
  LOGNAME=cltbld
  MAIL=/var/mail/cltbld
  NODE_PATH=/usr/lib/nodejs:/usr/lib/node_modules:/usr/share/javascript
  PATH=/usr/local/bin:/usr/local/bin:/usr/bin:/bin:/usr/local/games:/usr/games
  PWD=/builds/slave/test
  SHELL=/bin/bash
  SHLVL=1
  TERM=linux
  TMOUT=86400
  USER=cltbld
  XDG_SESSION_COOKIE=9ca12473fbb1d023794ffd180000023c-1528502093.210833-531434888
  _=/tools/buildbot/bin/python
 using PTY: False
program finished with exit code 0
elapsedTime=0.021091
========= master_lag: 0.04 =========
========= Finished 'rm -rf ...' (results: 0, elapsed: 0 secs) (at 2018-06-08 16:54:57.713040) =========

========= Started 'bash -c ...' (results: 0, elapsed: 2 secs) (at 2018-06-08 16:54:57.713364) =========
bash -c 'python archiver_client.py mozharness --repo releases/mozilla-esr52 --rev cbfdf01aac455e0591471201c96b89dee98190b5 --destination scripts --debug'
 in dir /builds/slave/test/. (timeout 1200 secs)
 watching logfiles {}
 argv: ['bash', '-c', u'python archiver_client.py mozharness --repo releases/mozilla-esr52 --rev cbfdf01aac455e0591471201c96b89dee98190b5 --destination scripts --debug']
 environment:
  HOME=/home/cltbld
  LANG=en_US.UTF-8
  LOGNAME=cltbld
  MAIL=/var/mail/cltbld
  NODE_PATH=/usr/lib/nodejs:/usr/lib/node_modules:/usr/share/javascript
  PATH=/usr/local/bin:/usr/local/bin:/usr/bin:/bin:/usr/local/games:/usr/games
  PWD=/builds/slave/test
  SHELL=/bin/bash
  SHLVL=1
  TERM=linux
  TMOUT=86400
  USER=cltbld
  XDG_SESSION_COOKIE=9ca12473fbb1d023794ffd180000023c-1528502093.210833-531434888
  _=/tools/buildbot/bin/python
 using PTY: False
2018-06-08 16:54:57,750 truncating revision to first 12 chars
2018-06-08 16:54:57,751 Setting DEBUG logging.
2018-06-08 16:54:57,751 attempt 1/10
2018-06-08 16:54:57,751 Getting archive location from https://api.pub.build.mozilla.org/archiver/hgmo/releases/mozilla-esr52/cbfdf01aac45?&preferred_region=us-west-2&suffix=tar.gz&subdir=testing/mozharness
2018-06-08 16:54:58,977 unpacking tar archive at: mozilla-esr52-cbfdf01aac45/testing/mozharness/
program finished with exit code 0
elapsedTime=2.224198
========= master_lag: 0.01 =========
========= Finished 'bash -c ...' (results: 0, elapsed: 2 secs) (at 2018-06-08 16:54:59.949952) =========

========= Started set props: script_repo_revision (results: 0, elapsed: 0 secs) (at 2018-06-08 16:54:59.950296) =========
script_repo_revision: cbfdf01aac455e0591471201c96b89dee98190b5
========= Finished set props: script_repo_revision (results: 0, elapsed: 0 secs) (at 2018-06-08 16:54:59.950705) =========

========= Started downloading to oauth.txt (results: 0, elapsed: 0 secs) (at 2018-06-08 16:54:59.951009) =========
========= Finished downloading to oauth.txt (results: 0, elapsed: 0 secs) (at 2018-06-08 16:54:59.962156) =========

========= Started '/tools/buildbot/bin/python scripts/scripts/web_platform_tests.py ...' interrupted (results: 4, elapsed: 7 mins, 42 secs) (at 2018-06-08 16:54:59.962436) =========
/tools/buildbot/bin/python scripts/scripts/web_platform_tests.py --cfg web_platform_tests/prod_config.py --test-type=testharness --e10s --total-chunks 5 --this-chunk 5 --blob-upload-branch mozilla-esr52 --download-symbols ondemand
 in dir /builds/slave/test/. (timeout 1800 secs) (maxTime 7200 secs)
 watching logfiles {}
 argv: ['/tools/buildbot/bin/python', 'scripts/scripts/web_platform_tests.py', '--cfg', 'web_platform_tests/prod_config.py', '--test-type=testharness', '--e10s', '--total-chunks', '5', '--this-chunk', '5', '--blob-upload-branch', 'mozilla-esr52', '--download-symbols', 'ondemand']
 environment:
  CCACHE_DIR=/builds/ccache
  CCACHE_UMASK=002
  DISPLAY=:0
  HOME=/home/cltbld
  LANG=en_US.UTF-8
  LOGNAME=cltbld
  MAIL=/var/mail/cltbld
  MOZ_HIDE_RESULTS_TABLE=1
  MOZ_NODE_PATH=/usr/bin/node
  MOZ_NO_REMOTE=1
  NODE_PATH=/usr/lib/nodejs:/usr/lib/node_modules:/usr/share/javascript
  NO_FAIL_ON_TEST_ERRORS=1
  PATH=/usr/local/bin:/usr/local/bin:/usr/bin:/bin:/usr/local/games:/usr/games
  PROPERTIES_FILE=/builds/slave/test/buildprops.json
  PWD=/builds/slave/test
  SHELL=/bin/bash
  SHLVL=1
  TERM=linux
  TMOUT=86400
  USER=cltbld
  XDG_SESSION_COOKIE=9ca12473fbb1d023794ffd180000023c-1528502093.210833-531434888
  _=/tools/buildbot/bin/python
 using PTY: False
16:55:00     INFO - MultiFileLogger online at 20180608 16:55:00 in /builds/slave/test
16:55:00     INFO - Run as scripts/scripts/web_platform_tests.py --cfg web_platform_tests/prod_config.py --test-type=testharness --e10s --total-chunks 5 --this-chunk 5 --blob-upload-branch mozilla-esr52 --download-symbols ondemand
16:55:00     INFO - Dumping config to /builds/slave/test/logs/localconfig.json.
16:55:00     INFO - {'allow_software_gl_layers': False,
16:55:00     INFO -  'append_to_log': False,
16:55:00     INFO -  'base_work_dir': '/builds/slave/test',
16:55:00     INFO -  'blob_upload_branch': 'mozilla-esr52',
16:55:00     INFO -  'blob_uploader_auth_file': '/builds/slave/test/oauth.txt',
16:55:00     INFO -  'buildbot_json_path': 'buildprops.json',
16:55:00     INFO -  'config_files': ('web_platform_tests/prod_config.py',),
16:55:00     INFO -  'default_blob_upload_servers': ('https://blobupload.elasticbeanstalk.com',),
16:55:00     INFO -  'download_minidump_stackwalk': True,
16:55:00     INFO -  'download_symbols': 'ondemand',
16:55:00     INFO -  'download_tooltool': True,
16:55:00     INFO -  'e10s': True,
16:55:00     INFO -  'exes': {'python': '/tools/buildbot/bin/python',
16:55:00     INFO -           'tooltool.py': '/tools/tooltool.py',
16:55:00     INFO -           'virtualenv': ('/tools/buildbot/bin/python',
16:55:00     INFO -                          '/tools/misc-python/virtualenv.py')},
16:55:00     INFO -  'find_links': ('http://pypi.pvt.build.mozilla.org/pub',
16:55:00     INFO -                 'http://pypi.pub.build.mozilla.org/pub'),
16:55:00     INFO -  'log_level': 'info',
16:55:00     INFO -  'log_to_console': True,
16:55:00     INFO -  'opt_config_files': (),
16:55:00     INFO -  'options': ('--prefs-root=%(test_path)s/prefs',
16:55:00     INFO -              '--processes=1',
16:55:00     INFO -              '--config=%(test_path)s/wptrunner.ini',
16:55:00     INFO -              '--ca-cert-path=%(test_path)s/certs/cacert.pem',
16:55:00     INFO -              '--host-key-path=%(test_path)s/certs/web-platform.test.key',
16:55:00     INFO -              '--host-cert-path=%(test_path)s/certs/web-platform.test.pem',
16:55:00     INFO -              '--certutil-binary=%(test_install_path)s/bin/certutil'),
16:55:00     INFO -  'pip_index': False,
16:55:00     INFO -  'require_test_zip': True,
16:55:00     INFO -  'test_type': ('testharness',),
16:55:00     INFO -  'this_chunk': '5',
16:55:00     INFO -  'tooltool_cache': '/builds/tooltool_cache',
16:55:00     INFO -  'total_chunks': '5',
16:55:00     INFO -  'virtualenv_path': 'venv',
16:55:00     INFO -  'volatile_config': {'actions': None, 'add_actions': None, 'no_actions': None},
16:55:00     INFO -  'work_dir': 'build'}
16:55:00     INFO - [mozharness: 2018-06-08 23:55:00.172635Z] Running clobber step.
16:55:00     INFO - Running pre-action listener: _resource_record_pre_action
16:55:00     INFO - Running main action method: clobber
16:55:00     INFO - rmtree: /builds/slave/test/build
16:55:00     INFO - Running post-action listener: _resource_record_post_action
16:55:00     INFO - [mozharness: 2018-06-08 23:55:00.188730Z] Finished clobber step (success)
16:55:00     INFO - [mozharness: 2018-06-08 23:55:00.189189Z] Running read-buildbot-config step.
16:55:00     INFO - Running pre-action listener: _resource_record_pre_action
16:55:00     INFO - Running main action method: read_buildbot_config
16:55:00     INFO - Using buildbot properties:
16:55:00     INFO - {
16:55:00     INFO -     "project": "", 
16:55:00     INFO -     "product": "firefox", 
16:55:00     INFO -     "script_repo_revision": "production", 
16:55:00     INFO -     "scheduler": "tests-mozilla-esr52-ubuntu64_vm-pgo-unittest", 
16:55:00     INFO -     "repository": "", 
16:55:00     INFO -     "buildername": "Ubuntu VM 12.04 x64 mozilla-esr52 pgo test web-platform-tests-e10s-5", 
16:55:00     INFO -     "buildid": "20180608150819", 
16:55:00     INFO -     "pgo_build": "True", 
16:55:00     INFO -     "basedir": "/builds/slave/test", 
16:55:00     INFO -     "buildnumber": 90, 
16:55:00     INFO -     "slavename": "tst-linux64-spot-002", 
16:55:00     INFO -     "master": "http://buildbot-master52.bb.releng.use1.mozilla.com:8201/", 
16:55:00     INFO -     "platform": "linux64", 
16:55:00     INFO -     "branch": "mozilla-esr52", 
16:55:00     INFO -     "revision": "cbfdf01aac455e0591471201c96b89dee98190b5", 
16:55:00     INFO -     "repo_path": "releases/mozilla-esr52", 
16:55:00     INFO -     "moz_repo_path": "", 
16:55:00     INFO -     "stage_platform": "linux64-pgo", 
16:55:00     INFO -     "builduid": "b298b373e93d4f8dbf92436c9ed838a2", 
16:55:00     INFO -     "slavebuilddir": "test"
16:55:00     INFO - }
16:55:00     INFO - Found installer url https://queue.taskcluster.net/v1/task/I1iAdq48Sa60c5BCPWswkg/artifacts/public/build/firefox-52.8.2.en-US.linux-x86_64.tar.bz2.
16:55:00     INFO - Found a test packages url https://queue.taskcluster.net/v1/task/I1iAdq48Sa60c5BCPWswkg/artifacts/public/build/firefox-52.8.2.en-US.linux-x86_64.test_packages.json.
16:55:00     INFO - Running post-action listener: _resource_record_post_action
16:55:00     INFO - [mozharness: 2018-06-08 23:55:00.204359Z] Finished read-buildbot-config step (success)
16:55:00     INFO - [mozharness: 2018-06-08 23:55:00.204828Z] Running download-and-extract step.
16:55:00     INFO - Running pre-action listener: _resource_record_pre_action
16:55:00     INFO - Running main action method: download_and_extract
16:55:00     INFO - mkdir: /builds/slave/test/build/tests
16:55:00     INFO - Downloading https://queue.taskcluster.net/v1/task/I1iAdq48Sa60c5BCPWswkg/artifacts/public/build/firefox-52.8.2.en-US.linux-x86_64.test_packages.json to /builds/slave/test/build/firefox-52.8.2.en-US.linux-x86_64.test_packages.json
16:55:00     INFO - retry: Calling _download_file with args: (), kwargs: {'url': 'https://queue.taskcluster.net/v1/task/I1iAdq48Sa60c5BCPWswkg/artifacts/public/build/firefox-52.8.2.en-US.linux-x86_64.test_packages.json', 'file_name': '/builds/slave/test/build/firefox-52.8.2.en-US.linux-x86_64.test_packages.json'}, attempt #1
16:55:01     INFO - Downloaded 1361 bytes.
16:55:01     INFO - Reading from file /builds/slave/test/build/firefox-52.8.2.en-US.linux-x86_64.test_packages.json
16:55:01     INFO - Using the following test package requirements:
16:55:01     INFO - {u'common': [u'firefox-52.8.2.en-US.linux-x86_64.common.tests.zip'],
16:55:01     INFO -  u'cppunittest': [u'firefox-52.8.2.en-US.linux-x86_64.common.tests.zip',
16:55:01     INFO -                   u'firefox-52.8.2.en-US.linux-x86_64.cppunittest.tests.zip'],
16:55:01     INFO -  u'gtest': [u'firefox-52.8.2.en-US.linux-x86_64.common.tests.zip',
16:55:01     INFO -             u'firefox-52.8.2.en-US.linux-x86_64.gtest.tests.zip'],
16:55:01     INFO -  u'jittest': [u'firefox-52.8.2.en-US.linux-x86_64.common.tests.zip',
16:55:01     INFO -               u'jsshell-linux-x86_64.zip'],
16:55:01     INFO -  u'mochitest': [u'firefox-52.8.2.en-US.linux-x86_64.common.tests.zip',
16:55:01     INFO -                 u'firefox-52.8.2.en-US.linux-x86_64.mochitest.tests.zip'],
16:55:01     INFO -  u'mozbase': [u'firefox-52.8.2.en-US.linux-x86_64.common.tests.zip'],
16:55:01     INFO -  u'reftest': [u'firefox-52.8.2.en-US.linux-x86_64.common.tests.zip',
16:55:01     INFO -               u'firefox-52.8.2.en-US.linux-x86_64.reftest.tests.zip'],
16:55:01     INFO -  u'talos': [u'firefox-52.8.2.en-US.linux-x86_64.common.tests.zip',
16:55:01     INFO -             u'firefox-52.8.2.en-US.linux-x86_64.talos.tests.zip'],
16:55:01     INFO -  u'web-platform': [u'firefox-52.8.2.en-US.linux-x86_64.common.tests.zip',
16:55:01     INFO -                    u'firefox-52.8.2.en-US.linux-x86_64.web-platform.tests.zip'],
16:55:01     INFO -  u'xpcshell': [u'firefox-52.8.2.en-US.linux-x86_64.common.tests.zip',
16:55:01     INFO -                u'firefox-52.8.2.en-US.linux-x86_64.xpcshell.tests.zip']}
16:55:01     INFO - Downloading packages: [u'firefox-52.8.2.en-US.linux-x86_64.common.tests.zip', u'firefox-52.8.2.en-US.linux-x86_64.web-platform.tests.zip'] for test suite category: web-platform
16:55:01     INFO - Adding 'mach' for extraction from common.tests zip file
16:55:01     INFO - Adding 'mozinfo.json' for extraction from common.tests zip file
16:55:01     INFO - Downloading and extracting to /builds/slave/test/build/tests these dirs bin/*, config/*, mozbase/*, marionette/*, tools/wptserve/*, web-platform/*, mach, mozinfo.json from https://queue.taskcluster.net/v1/task/I1iAdq48Sa60c5BCPWswkg/artifacts/public/build/firefox-52.8.2.en-US.linux-x86_64.common.tests.zip
16:55:01     INFO - retry: Calling fetch_url_into_memory with args: (), kwargs: {'url': u'https://queue.taskcluster.net/v1/task/I1iAdq48Sa60c5BCPWswkg/artifacts/public/build/firefox-52.8.2.en-US.linux-x86_64.common.tests.zip'}, attempt #1
16:55:01     INFO - Fetch https://queue.taskcluster.net/v1/task/I1iAdq48Sa60c5BCPWswkg/artifacts/public/build/firefox-52.8.2.en-US.linux-x86_64.common.tests.zip into memory
16:55:03     INFO - Http code: 200
16:55:03     INFO - via: 1.1 ca024aca72de992a25bcd7fdcfe84b67.cloudfront.net (CloudFront)
16:55:03     INFO - x-amz-cf-id: d2I_JnVNkX_nuXvoLBstRyMuQQOK-fDQN7nBHBU-tdQnr3-KQcfrkA==
16:55:03     INFO - x-amz-version-id: amyEguiG3.NEsCgIpfpr7ojoc30OcAP5
16:55:05     INFO - Expected file size: 22192748
16:55:05     INFO - Obtained file size: 22192748
16:55:07     INFO - Downloading and extracting to /builds/slave/test/build/tests these dirs bin/*, config/*, mozbase/*, marionette/*, tools/wptserve/*, web-platform/*, mach, mozinfo.json from https://queue.taskcluster.net/v1/task/I1iAdq48Sa60c5BCPWswkg/artifacts/public/build/firefox-52.8.2.en-US.linux-x86_64.web-platform.tests.zip
16:55:07     INFO - retry: Calling fetch_url_into_memory with args: (), kwargs: {'url': u'https://queue.taskcluster.net/v1/task/I1iAdq48Sa60c5BCPWswkg/artifacts/public/build/firefox-52.8.2.en-US.linux-x86_64.web-platform.tests.zip'}, attempt #1
16:55:07     INFO - Fetch https://queue.taskcluster.net/v1/task/I1iAdq48Sa60c5BCPWswkg/artifacts/public/build/firefox-52.8.2.en-US.linux-x86_64.web-platform.tests.zip into memory
16:55:08     INFO - Http code: 200
16:55:08     INFO - via: 1.1 2a47832c458ab2a6b20c8363f5aa35ea.cloudfront.net (CloudFront)
16:55:08     INFO - x-amz-cf-id: 6VGHrckYRMT99H2fGZtALdT-W0X9C5k7o2NfdDUeUq4FhN9SawnJlA==
16:55:08     INFO - x-amz-version-id: SgBsh1cJwSpSmDQtewaqhOSYk2L1_BUt
16:55:11     INFO - Expected file size: 43270017
16:55:11     INFO - Obtained file size: 43270017
16:55:33     INFO - Downloading https://queue.taskcluster.net/v1/task/I1iAdq48Sa60c5BCPWswkg/artifacts/public/build/firefox-52.8.2.en-US.linux-x86_64.tar.bz2 to /builds/slave/test/build/firefox-52.8.2.en-US.linux-x86_64.tar.bz2
16:55:33     INFO - retry: Calling _download_file with args: (), kwargs: {'url': 'https://queue.taskcluster.net/v1/task/I1iAdq48Sa60c5BCPWswkg/artifacts/public/build/firefox-52.8.2.en-US.linux-x86_64.tar.bz2', 'file_name': '/builds/slave/test/build/firefox-52.8.2.en-US.linux-x86_64.tar.bz2'}, attempt #1
16:55:38     INFO - Downloaded 57821935 bytes.
16:55:38     INFO - Setting buildbot property build_url to https://queue.taskcluster.net/v1/task/I1iAdq48Sa60c5BCPWswkg/artifacts/public/build/firefox-52.8.2.en-US.linux-x86_64.tar.bz2
16:55:38     INFO - mkdir: /builds/slave/test/properties
16:55:38     INFO - Writing buildbot properties ['build_url'] to /builds/slave/test/properties/build_url
16:55:38     INFO - Writing to file /builds/slave/test/properties/build_url
16:55:38     INFO - Contents:
16:55:38     INFO -  build_url:https://queue.taskcluster.net/v1/task/I1iAdq48Sa60c5BCPWswkg/artifacts/public/build/firefox-52.8.2.en-US.linux-x86_64.tar.bz2
16:55:40     INFO - Running post-action listener: _resource_record_post_action
16:55:40     INFO - Running post-action listener: set_extra_try_arguments
16:55:40     INFO - [mozharness: 2018-06-08 23:55:40.300321Z] Finished download-and-extract step (success)
16:55:40     INFO - [mozharness: 2018-06-08 23:55:40.300709Z] Running fetch-geckodriver step.
16:55:40     INFO - Running pre-action listener: _resource_record_pre_action
16:55:40     INFO - Running main action method: fetch_geckodriver
16:55:40     INFO - Running post-action listener: _resource_record_post_action
16:55:40     INFO - [mozharness: 2018-06-08 23:55:40.339409Z] Finished fetch-geckodriver step (success)
16:55:40     INFO - [mozharness: 2018-06-08 23:55:40.339844Z] Running create-virtualenv step.
16:55:40     INFO - Running pre-action listener: _pre_create_virtualenv
16:55:40     INFO - Running pre-action listener: _resource_record_pre_action
16:55:40     INFO - Running main action method: create_virtualenv
16:55:40     INFO - Creating virtualenv /builds/slave/test/build/venv
16:55:40     INFO - Running command: ['/tools/buildbot/bin/python', '/builds/slave/test/scripts/external_tools/virtualenv/virtualenv.py', '--always-copy', '/builds/slave/test/build/venv'] in /builds/slave/test/build
16:55:40     INFO - Copy/paste: /tools/buildbot/bin/python /builds/slave/test/scripts/external_tools/virtualenv/virtualenv.py --always-copy /builds/slave/test/build/venv
16:55:40     INFO - Using partial env: {'VIRTUALENV_NO_DOWNLOAD': '1'}
16:55:42     INFO -  Using real prefix '/usr'
16:55:42     INFO -  New python executable in /builds/slave/test/build/venv/bin/python
16:55:45     INFO -  Installing setuptools, pip, wheel...done.
16:55:45     INFO - Return code: 0
16:55:45     INFO - Installing psutil>=3.1.1 into virtualenv /builds/slave/test/build/venv
16:55:46     INFO - retry: Calling run_command with args: [['/builds/slave/test/build/venv/bin/pip', 'install', '--timeout', '120', '--no-index', '--find-links', 'http://pypi.pvt.build.mozilla.org/pub', '--find-links', 'http://pypi.pub.build.mozilla.org/pub', '--trusted-host', 'pypi.pub.build.mozilla.org', '--trusted-host', 'pypi.pvt.build.mozilla.org', 'psutil>=3.1.1']], kwargs: {'error_level': 'warning', 'error_list': [{'substr': 'not found or a compiler error:', 'level': 'warning'}, {'regex': <_sre.SRE_Pattern object at 0x2aa5110>, 'level': 'error'}, {'regex': <_sre.SRE_Pattern object at 0x290b120>, 'level': 'warning'}, {'regex': <_sre.SRE_Pattern object at 0x2be2830>, 'level': 'debug'}, {'substr': 'command not found', 'level': 'error'}, {'regex': <_sre.SRE_Pattern object at 0x2bf0050>, 'level': 'warning'}, {'substr': 'Traceback (most recent call last)', 'level': 'error'}, {'substr': 'SyntaxError: ', 'level': 'error'}, {'substr': 'TypeError: ', 'level': 'error'}, {'substr': 'NameError: ', 'level': 'error'}, {'substr': 'ZeroDivisionError: ', 'level': 'error'}, {'regex': <_sre.SRE_Pattern object at 0x2beed20>, 'level': 'critical'}, {'regex': <_sre.SRE_Pattern object at 0x2bef1b0>, 'level': 'critical'}], 'cwd': '/builds/slave/test/build', 'env': {'TMOUT': '86400', 'LOGNAME': 'cltbld', 'USER': 'cltbld', 'HOME': '/home/cltbld', 'PATH': '/usr/local/bin:/usr/local/bin:/usr/bin:/bin:/usr/local/games:/usr/games', 'DISPLAY': ':0', 'CCACHE_UMASK': '002', 'LANG': 'en_US.UTF-8', 'TERM': 'linux', 'SHELL': '/bin/bash', 'MOZ_NODE_PATH': '/usr/bin/node', 'XDG_SESSION_COOKIE': '9ca12473fbb1d023794ffd180000023c-1528502093.210833-531434888', 'SHLVL': '1', 'NO_FAIL_ON_TEST_ERRORS': '1', 'MOZ_NO_REMOTE': '1', 'MOZ_HIDE_RESULTS_TABLE': '1', 'MAIL': '/var/mail/cltbld', '_': '/tools/buildbot/bin/python', 'NODE_PATH': '/usr/lib/nodejs:/usr/lib/node_modules:/usr/share/javascript', 'PWD': '/builds/slave/test', 'PROPERTIES_FILE': '/builds/slave/test/buildprops.json', 'CCACHE_DIR': '/builds/ccache'}}, attempt #1
16:55:46     INFO - Running command: ['/builds/slave/test/build/venv/bin/pip', 'install', '--timeout', '120', '--no-index', '--find-links', 'http://pypi.pvt.build.mozilla.org/pub', '--find-links', 'http://pypi.pub.build.mozilla.org/pub', '--trusted-host', 'pypi.pub.build.mozilla.org', '--trusted-host', 'pypi.pvt.build.mozilla.org', 'psutil>=3.1.1'] in /builds/slave/test/build
16:55:46     INFO - Copy/paste: /builds/slave/test/build/venv/bin/pip install --timeout 120 --no-index --find-links http://pypi.pvt.build.mozilla.org/pub --find-links http://pypi.pub.build.mozilla.org/pub --trusted-host pypi.pub.build.mozilla.org --trusted-host pypi.pvt.build.mozilla.org psutil>=3.1.1
16:55:46     INFO - Using env: {'CCACHE_DIR': '/builds/ccache',
16:55:46     INFO -  'CCACHE_UMASK': '002',
16:55:46     INFO -  'DISPLAY': ':0',
16:55:46     INFO -  'HOME': '/home/cltbld',
16:55:46     INFO -  'LANG': 'en_US.UTF-8',
16:55:46     INFO -  'LOGNAME': 'cltbld',
16:55:46     INFO -  'MAIL': '/var/mail/cltbld',
16:55:46     INFO -  'MOZ_HIDE_RESULTS_TABLE': '1',
16:55:46     INFO -  'MOZ_NODE_PATH': '/usr/bin/node',
16:55:46     INFO -  'MOZ_NO_REMOTE': '1',
16:55:46     INFO -  'NODE_PATH': '/usr/lib/nodejs:/usr/lib/node_modules:/usr/share/javascript',
16:55:46     INFO -  'NO_FAIL_ON_TEST_ERRORS': '1',
16:55:46     INFO -  'PATH': '/usr/local/bin:/usr/local/bin:/usr/bin:/bin:/usr/local/games:/usr/games',
16:55:46     INFO -  'PROPERTIES_FILE': '/builds/slave/test/buildprops.json',
16:55:46     INFO -  'PWD': '/builds/slave/test',
16:55:46     INFO -  'SHELL': '/bin/bash',
16:55:46     INFO -  'SHLVL': '1',
16:55:46     INFO -  'TERM': 'linux',
16:55:46     INFO -  'TMOUT': '86400',
16:55:46     INFO -  'USER': 'cltbld',
16:55:46     INFO -  'XDG_SESSION_COOKIE': '9ca12473fbb1d023794ffd180000023c-1528502093.210833-531434888',
16:55:46     INFO -  '_': '/tools/buildbot/bin/python'}
16:55:46     INFO -  Ignoring indexes: https://pypi.python.org/simple
16:55:46     INFO -  Collecting psutil>=3.1.1
16:55:47     INFO -  /builds/slave/test/build/venv/lib/python2.7/site-packages/pip/_vendor/requests/packages/urllib3/util/ssl_.py:318: SNIMissingWarning: An HTTPS request has been made, but the SNI (Subject Name Indication) extension to TLS is not available on this platform. This may cause the server to present an incorrect TLS certificate, which can cause validation failures. You can upgrade to a newer version of Python to solve this. For more information, see https://urllib3.readthedocs.org/en/latest/security.html#snimissingwarning.
16:55:47     INFO -    SNIMissingWarning
16:55:47     INFO -  /builds/slave/test/build/venv/lib/python2.7/site-packages/pip/_vendor/requests/packages/urllib3/util/ssl_.py:122: InsecurePlatformWarning: A true SSLContext object is not available. This prevents urllib3 from configuring SSL appropriately and may cause certain SSL connections to fail. You can upgrade to a newer version of Python to solve this. For more information, see https://urllib3.readthedocs.org/en/latest/security.html#insecureplatformwarning.
16:55:47     INFO -    InsecurePlatformWarning
16:55:49     INFO -  /builds/slave/test/build/venv/lib/python2.7/site-packages/pip/_vendor/requests/packages/urllib3/util/ssl_.py:122: InsecurePlatformWarning: A true SSLContext object is not available. This prevents urllib3 from configuring SSL appropriately and may cause certain SSL connections to fail. You can upgrade to a newer version of Python to solve this. For more information, see https://urllib3.readthedocs.org/en/latest/security.html#insecureplatformwarning.
16:55:49     INFO -    InsecurePlatformWarning
16:55:54     INFO -    Downloading https://pypi.pvt.build.mozilla.org/pub/psutil-5.4.3.tar.gz (412kB)
16:55:55     INFO -  Building wheels for collected packages: psutil
16:55:55     INFO -    Running setup.py bdist_wheel for psutil: started
16:55:57     INFO -    Running setup.py bdist_wheel for psutil: finished with status 'done'
16:55:58     INFO -    Stored in directory: /home/cltbld/.cache/pip/wheels/30/c0/c3/5cdb2b64c0d47a81af9c62935a64d83948d2c2b3e7af3eeee2
16:55:58     INFO -  Successfully built psutil
16:55:58     INFO -  Installing collected packages: psutil
16:55:58     INFO -  Successfully installed psutil-5.4.3
16:55:58     INFO - Return code: 0
16:55:58     INFO - Installing mozsystemmonitor==0.3 into virtualenv /builds/slave/test/build/venv
16:55:58     INFO - retry: Calling run_command with args: [['/builds/slave/test/build/venv/bin/pip', 'install', '--timeout', '120', '--no-index', '--find-links', 'http://pypi.pvt.build.mozilla.org/pub', '--find-links', 'http://pypi.pub.build.mozilla.org/pub', '--trusted-host', 'pypi.pub.build.mozilla.org', '--trusted-host', 'pypi.pvt.build.mozilla.org', 'mozsystemmonitor==0.3']], kwargs: {'error_level': 'warning', 'error_list': [{'substr': 'not found or a compiler error:', 'level': 'warning'}, {'regex': <_sre.SRE_Pattern object at 0x2aa5110>, 'level': 'error'}, {'regex': <_sre.SRE_Pattern object at 0x290b120>, 'level': 'warning'}, {'regex': <_sre.SRE_Pattern object at 0x2be2830>, 'level': 'debug'}, {'substr': 'command not found', 'level': 'error'}, {'regex': <_sre.SRE_Pattern object at 0x2bf0050>, 'level': 'warning'}, {'substr': 'Traceback (most recent call last)', 'level': 'error'}, {'substr': 'SyntaxError: ', 'level': 'error'}, {'substr': 'TypeError: ', 'level': 'error'}, {'substr': 'NameError: ', 'level': 'error'}, {'substr': 'ZeroDivisionError: ', 'level': 'error'}, {'regex': <_sre.SRE_Pattern object at 0x2beed20>, 'level': 'critical'}, {'regex': <_sre.SRE_Pattern object at 0x2bef1b0>, 'level': 'critical'}], 'cwd': '/builds/slave/test/build', 'env': {'TMOUT': '86400', 'LOGNAME': 'cltbld', 'USER': 'cltbld', 'HOME': '/home/cltbld', 'PATH': '/usr/local/bin:/usr/local/bin:/usr/bin:/bin:/usr/local/games:/usr/games', 'DISPLAY': ':0', 'CCACHE_UMASK': '002', 'LANG': 'en_US.UTF-8', 'TERM': 'linux', 'SHELL': '/bin/bash', 'MOZ_NODE_PATH': '/usr/bin/node', 'XDG_SESSION_COOKIE': '9ca12473fbb1d023794ffd180000023c-1528502093.210833-531434888', 'SHLVL': '1', 'NO_FAIL_ON_TEST_ERRORS': '1', 'MOZ_NO_REMOTE': '1', 'MOZ_HIDE_RESULTS_TABLE': '1', 'MAIL': '/var/mail/cltbld', '_': '/tools/buildbot/bin/python', 'NODE_PATH': '/usr/lib/nodejs:/usr/lib/node_modules:/usr/share/javascript', 'PWD': '/builds/slave/test', 'PROPERTIES_FILE': '/builds/slave/test/buildprops.json', 'CCACHE_DIR': '/builds/ccache'}}, attempt #1
16:55:58     INFO - Running command: ['/builds/slave/test/build/venv/bin/pip', 'install', '--timeout', '120', '--no-index', '--find-links', 'http://pypi.pvt.build.mozilla.org/pub', '--find-links', 'http://pypi.pub.build.mozilla.org/pub', '--trusted-host', 'pypi.pub.build.mozilla.org', '--trusted-host', 'pypi.pvt.build.mozilla.org', 'mozsystemmonitor==0.3'] in /builds/slave/test/build
16:55:58     INFO - Copy/paste: /builds/slave/test/build/venv/bin/pip install --timeout 120 --no-index --find-links http://pypi.pvt.build.mozilla.org/pub --find-links http://pypi.pub.build.mozilla.org/pub --trusted-host pypi.pub.build.mozilla.org --trusted-host pypi.pvt.build.mozilla.org mozsystemmonitor==0.3
16:55:58     INFO - Using env: {'CCACHE_DIR': '/builds/ccache',
16:55:58     INFO -  'CCACHE_UMASK': '002',
16:55:58     INFO -  'DISPLAY': ':0',
16:55:58     INFO -  'HOME': '/home/cltbld',
16:55:58     INFO -  'LANG': 'en_US.UTF-8',
16:55:58     INFO -  'LOGNAME': 'cltbld',
16:55:58     INFO -  'MAIL': '/var/mail/cltbld',
16:55:58     INFO -  'MOZ_HIDE_RESULTS_TABLE': '1',
16:55:58     INFO -  'MOZ_NODE_PATH': '/usr/bin/node',
16:55:58     INFO -  'MOZ_NO_REMOTE': '1',
16:55:58     INFO -  'NODE_PATH': '/usr/lib/nodejs:/usr/lib/node_modules:/usr/share/javascript',
16:55:58     INFO -  'NO_FAIL_ON_TEST_ERRORS': '1',
16:55:58     INFO -  'PATH': '/usr/local/bin:/usr/local/bin:/usr/bin:/bin:/usr/local/games:/usr/games',
16:55:58     INFO -  'PROPERTIES_FILE': '/builds/slave/test/buildprops.json',
16:55:58     INFO -  'PWD': '/builds/slave/test',
16:55:58     INFO -  'SHELL': '/bin/bash',
16:55:58     INFO -  'SHLVL': '1',
16:55:58     INFO -  'TERM': 'linux',
16:55:58     INFO -  'TMOUT': '86400',
16:55:58     INFO -  'USER': 'cltbld',
16:55:58     INFO -  'XDG_SESSION_COOKIE': '9ca12473fbb1d023794ffd180000023c-1528502093.210833-531434888',
16:55:58     INFO -  '_': '/tools/buildbot/bin/python'}
16:55:59     INFO -  Ignoring indexes: https://pypi.python.org/simple
16:55:59     INFO -  Collecting mozsystemmonitor==0.3
16:55:59     INFO -  /builds/slave/test/build/venv/lib/python2.7/site-packages/pip/_vendor/requests/packages/urllib3/util/ssl_.py:318: SNIMissingWarning: An HTTPS request has been made, but the SNI (Subject Name Indication) extension to TLS is not available on this platform. This may cause the server to present an incorrect TLS certificate, which can cause validation failures. You can upgrade to a newer version of Python to solve this. For more information, see https://urllib3.readthedocs.org/en/latest/security.html#snimissingwarning.
16:55:59     INFO -    SNIMissingWarning
16:55:59     INFO -  /builds/slave/test/build/venv/lib/python2.7/site-packages/pip/_vendor/requests/packages/urllib3/util/ssl_.py:122: InsecurePlatformWarning: A true SSLContext object is not available. This prevents urllib3 from configuring SSL appropriately and may cause certain SSL connections to fail. You can upgrade to a newer version of Python to solve this. For more information, see https://urllib3.readthedocs.org/en/latest/security.html#insecureplatformwarning.
16:55:59     INFO -    InsecurePlatformWarning
16:56:01     INFO -  /builds/slave/test/build/venv/lib/python2.7/site-packages/pip/_vendor/requests/packages/urllib3/util/ssl_.py:122: InsecurePlatformWarning: A true SSLContext object is not available. This prevents urllib3 from configuring SSL appropriately and may cause certain SSL connections to fail. You can upgrade to a newer version of Python to solve this. For more information, see https://urllib3.readthedocs.org/en/latest/security.html#insecureplatformwarning.
16:56:01     INFO -    InsecurePlatformWarning
16:56:07     INFO -    Downloading https://pypi.pvt.build.mozilla.org/pub/mozsystemmonitor-0.3.tar.gz
16:56:07     INFO -  Requirement already satisfied (use --upgrade to upgrade): psutil>=3.1.1 in ./venv/lib/python2.7/site-packages (from mozsystemmonitor==0.3)
16:56:07     INFO -  Building wheels for collected packages: mozsystemmonitor
16:56:07     INFO -    Running setup.py bdist_wheel for mozsystemmonitor: started
16:56:08     INFO -    Running setup.py bdist_wheel for mozsystemmonitor: finished with status 'done'
16:56:08     INFO -    Stored in directory: /home/cltbld/.cache/pip/wheels/f4/b7/9c/8a88c92aaad7c1d8bbd68513e1d91ad7f62b7465808c516aa8
16:56:08     INFO -  Successfully built mozsystemmonitor
16:56:08     INFO -  Installing collected packages: mozsystemmonitor
16:56:08     INFO -  Successfully installed mozsystemmonitor-0.3
16:56:08     INFO - Return code: 0
16:56:08     INFO - Installing jsonschema==2.5.1 into virtualenv /builds/slave/test/build/venv
16:56:08     INFO - retry: Calling run_command with args: [['/builds/slave/test/build/venv/bin/pip', 'install', '--timeout', '120', '--no-index', '--find-links', 'http://pypi.pvt.build.mozilla.org/pub', '--find-links', 'http://pypi.pub.build.mozilla.org/pub', '--trusted-host', 'pypi.pub.build.mozilla.org', '--trusted-host', 'pypi.pvt.build.mozilla.org', 'jsonschema==2.5.1']], kwargs: {'error_level': 'warning', 'error_list': [{'substr': 'not found or a compiler error:', 'level': 'warning'}, {'regex': <_sre.SRE_Pattern object at 0x2aa5110>, 'level': 'error'}, {'regex': <_sre.SRE_Pattern object at 0x290b120>, 'level': 'warning'}, {'regex': <_sre.SRE_Pattern object at 0x2be2830>, 'level': 'debug'}, {'substr': 'command not found', 'level': 'error'}, {'regex': <_sre.SRE_Pattern object at 0x2bf0050>, 'level': 'warning'}, {'substr': 'Traceback (most recent call last)', 'level': 'error'}, {'substr': 'SyntaxError: ', 'level': 'error'}, {'substr': 'TypeError: ', 'level': 'error'}, {'substr': 'NameError: ', 'level': 'error'}, {'substr': 'ZeroDivisionError: ', 'level': 'error'}, {'regex': <_sre.SRE_Pattern object at 0x2beed20>, 'level': 'critical'}, {'regex': <_sre.SRE_Pattern object at 0x2bef1b0>, 'level': 'critical'}], 'cwd': '/builds/slave/test/build', 'env': {'TMOUT': '86400', 'LOGNAME': 'cltbld', 'USER': 'cltbld', 'HOME': '/home/cltbld', 'PATH': '/usr/local/bin:/usr/local/bin:/usr/bin:/bin:/usr/local/games:/usr/games', 'DISPLAY': ':0', 'CCACHE_UMASK': '002', 'LANG': 'en_US.UTF-8', 'TERM': 'linux', 'SHELL': '/bin/bash', 'MOZ_NODE_PATH': '/usr/bin/node', 'XDG_SESSION_COOKIE': '9ca12473fbb1d023794ffd180000023c-1528502093.210833-531434888', 'SHLVL': '1', 'NO_FAIL_ON_TEST_ERRORS': '1', 'MOZ_NO_REMOTE': '1', 'MOZ_HIDE_RESULTS_TABLE': '1', 'MAIL': '/var/mail/cltbld', '_': '/tools/buildbot/bin/python', 'NODE_PATH': '/usr/lib/nodejs:/usr/lib/node_modules:/usr/share/javascript', 'PWD': '/builds/slave/test', 'PROPERTIES_FILE': '/builds/slave/test/buildprops.json', 'CCACHE_DIR': '/builds/ccache'}}, attempt #1
16:56:08     INFO - Running command: ['/builds/slave/test/build/venv/bin/pip', 'install', '--timeout', '120', '--no-index', '--find-links', 'http://pypi.pvt.build.mozilla.org/pub', '--find-links', 'http://pypi.pub.build.mozilla.org/pub', '--trusted-host', 'pypi.pub.build.mozilla.org', '--trusted-host', 'pypi.pvt.build.mozilla.org', 'jsonschema==2.5.1'] in /builds/slave/test/build
16:56:08     INFO - Copy/paste: /builds/slave/test/build/venv/bin/pip install --timeout 120 --no-index --find-links http://pypi.pvt.build.mozilla.org/pub --find-links http://pypi.pub.build.mozilla.org/pub --trusted-host pypi.pub.build.mozilla.org --trusted-host pypi.pvt.build.mozilla.org jsonschema==2.5.1
16:56:08     INFO - Using env: {'CCACHE_DIR': '/builds/ccache',
16:56:08     INFO -  'CCACHE_UMASK': '002',
16:56:08     INFO -  'DISPLAY': ':0',
16:56:08     INFO -  'HOME': '/home/cltbld',
16:56:08     INFO -  'LANG': 'en_US.UTF-8',
16:56:08     INFO -  'LOGNAME': 'cltbld',
16:56:08     INFO -  'MAIL': '/var/mail/cltbld',
16:56:08     INFO -  'MOZ_HIDE_RESULTS_TABLE': '1',
16:56:08     INFO -  'MOZ_NODE_PATH': '/usr/bin/node',
16:56:08     INFO -  'MOZ_NO_REMOTE': '1',
16:56:08     INFO -  'NODE_PATH': '/usr/lib/nodejs:/usr/lib/node_modules:/usr/share/javascript',
16:56:08     INFO -  'NO_FAIL_ON_TEST_ERRORS': '1',
16:56:08     INFO -  'PATH': '/usr/local/bin:/usr/local/bin:/usr/bin:/bin:/usr/local/games:/usr/games',
16:56:08     INFO -  'PROPERTIES_FILE': '/builds/slave/test/buildprops.json',
16:56:08     INFO -  'PWD': '/builds/slave/test',
16:56:08     INFO -  'SHELL': '/bin/bash',
16:56:08     INFO -  'SHLVL': '1',
16:56:08     INFO -  'TERM': 'linux',
16:56:08     INFO -  'TMOUT': '86400',
16:56:08     INFO -  'USER': 'cltbld',
16:56:08     INFO -  'XDG_SESSION_COOKIE': '9ca12473fbb1d023794ffd180000023c-1528502093.210833-531434888',
16:56:08     INFO -  '_': '/tools/buildbot/bin/python'}
16:56:09     INFO -  Ignoring indexes: https://pypi.python.org/simple
16:56:09     INFO -  Collecting jsonschema==2.5.1
16:56:10     INFO -  /builds/slave/test/build/venv/lib/python2.7/site-packages/pip/_vendor/requests/packages/urllib3/util/ssl_.py:318: SNIMissingWarning: An HTTPS request has been made, but the SNI (Subject Name Indication) extension to TLS is not available on this platform. This may cause the server to present an incorrect TLS certificate, which can cause validation failures. You can upgrade to a newer version of Python to solve this. For more information, see https://urllib3.readthedocs.org/en/latest/security.html#snimissingwarning.
16:56:10     INFO -    SNIMissingWarning
16:56:10     INFO -  /builds/slave/test/build/venv/lib/python2.7/site-packages/pip/_vendor/requests/packages/urllib3/util/ssl_.py:122: InsecurePlatformWarning: A true SSLContext object is not available. This prevents urllib3 from configuring SSL appropriately and may cause certain SSL connections to fail. You can upgrade to a newer version of Python to solve this. For more information, see https://urllib3.readthedocs.org/en/latest/security.html#insecureplatformwarning.
16:56:10     INFO -    InsecurePlatformWarning
16:56:11     INFO -  /builds/slave/test/build/venv/lib/python2.7/site-packages/pip/_vendor/requests/packages/urllib3/util/ssl_.py:122: InsecurePlatformWarning: A true SSLContext object is not available. This prevents urllib3 from configuring SSL appropriately and may cause certain SSL connections to fail. You can upgrade to a newer version of Python to solve this. For more information, see https://urllib3.readthedocs.org/en/latest/security.html#insecureplatformwarning.
16:56:11     INFO -    InsecurePlatformWarning
16:56:16     INFO -    Downloading https://pypi.pvt.build.mozilla.org/pub/jsonschema-2.5.1-py2.py3-none-any.whl
16:56:16     INFO -  Collecting functools32; python_version == "2.7" (from jsonschema==2.5.1)
16:56:30     INFO -    Downloading https://pypi.pvt.build.mozilla.org/pub/functools32-3.2.3-2.tar.gz
16:56:30     INFO -  Building wheels for collected packages: functools32
16:56:30     INFO -    Running setup.py bdist_wheel for functools32: started
16:56:31     INFO -    Running setup.py bdist_wheel for functools32: finished with status 'done'
16:56:31     INFO -    Stored in directory: /home/cltbld/.cache/pip/wheels/60/8e/5c/cd0944700dbec48e57da97dbe11bcc84b1332f6b43bc89d9b7
16:56:31     INFO -  Successfully built functools32
16:56:31     INFO -  Installing collected packages: functools32, jsonschema
16:56:31     INFO -  Successfully installed functools32-3.2.3.post2 jsonschema-2.5.1
16:56:31     INFO - Return code: 0
16:56:31     INFO - Installing functools32==3.2.3-2 into virtualenv /builds/slave/test/build/venv
16:56:31     INFO - retry: Calling run_command with args: [['/builds/slave/test/build/venv/bin/pip', 'install', '--timeout', '120', '--no-index', '--find-links', 'http://pypi.pvt.build.mozilla.org/pub', '--find-links', 'http://pypi.pub.build.mozilla.org/pub', '--trusted-host', 'pypi.pub.build.mozilla.org', '--trusted-host', 'pypi.pvt.build.mozilla.org', 'functools32==3.2.3-2']], kwargs: {'error_level': 'warning', 'error_list': [{'substr': 'not found or a compiler error:', 'level': 'warning'}, {'regex': <_sre.SRE_Pattern object at 0x2aa5110>, 'level': 'error'}, {'regex': <_sre.SRE_Pattern object at 0x290b120>, 'level': 'warning'}, {'regex': <_sre.SRE_Pattern object at 0x2be2830>, 'level': 'debug'}, {'substr': 'command not found', 'level': 'error'}, {'regex': <_sre.SRE_Pattern object at 0x2bf0050>, 'level': 'warning'}, {'substr': 'Traceback (most recent call last)', 'level': 'error'}, {'substr': 'SyntaxError: ', 'level': 'error'}, {'substr': 'TypeError: ', 'level': 'error'}, {'substr': 'NameError: ', 'level': 'error'}, {'substr': 'ZeroDivisionError: ', 'level': 'error'}, {'regex': <_sre.SRE_Pattern object at 0x2beed20>, 'level': 'critical'}, {'regex': <_sre.SRE_Pattern object at 0x2bef1b0>, 'level': 'critical'}], 'cwd': '/builds/slave/test/build', 'env': {'TMOUT': '86400', 'LOGNAME': 'cltbld', 'USER': 'cltbld', 'HOME': '/home/cltbld', 'PATH': '/usr/local/bin:/usr/local/bin:/usr/bin:/bin:/usr/local/games:/usr/games', 'DISPLAY': ':0', 'CCACHE_UMASK': '002', 'LANG': 'en_US.UTF-8', 'TERM': 'linux', 'SHELL': '/bin/bash', 'MOZ_NODE_PATH': '/usr/bin/node', 'XDG_SESSION_COOKIE': '9ca12473fbb1d023794ffd180000023c-1528502093.210833-531434888', 'SHLVL': '1', 'NO_FAIL_ON_TEST_ERRORS': '1', 'MOZ_NO_REMOTE': '1', 'MOZ_HIDE_RESULTS_TABLE': '1', 'MAIL': '/var/mail/cltbld', '_': '/tools/buildbot/bin/python', 'NODE_PATH': '/usr/lib/nodejs:/usr/lib/node_modules:/usr/share/javascript', 'PWD': '/builds/slave/test', 'PROPERTIES_FILE': '/builds/slave/test/buildprops.json', 'CCACHE_DIR': '/builds/ccache'}}, attempt #1
16:56:32     INFO - Running command: ['/builds/slave/test/build/venv/bin/pip', 'install', '--timeout', '120', '--no-index', '--find-links', 'http://pypi.pvt.build.mozilla.org/pub', '--find-links', 'http://pypi.pub.build.mozilla.org/pub', '--trusted-host', 'pypi.pub.build.mozilla.org', '--trusted-host', 'pypi.pvt.build.mozilla.org', 'functools32==3.2.3-2'] in /builds/slave/test/build
16:56:32     INFO - Copy/paste: /builds/slave/test/build/venv/bin/pip install --timeout 120 --no-index --find-links http://pypi.pvt.build.mozilla.org/pub --find-links http://pypi.pub.build.mozilla.org/pub --trusted-host pypi.pub.build.mozilla.org --trusted-host pypi.pvt.build.mozilla.org functools32==3.2.3-2
16:56:32     INFO - Using env: {'CCACHE_DIR': '/builds/ccache',
16:56:32     INFO -  'CCACHE_UMASK': '002',
16:56:32     INFO -  'DISPLAY': ':0',
16:56:32     INFO -  'HOME': '/home/cltbld',
16:56:32     INFO -  'LANG': 'en_US.UTF-8',
16:56:32     INFO -  'LOGNAME': 'cltbld',
16:56:32     INFO -  'MAIL': '/var/mail/cltbld',
16:56:32     INFO -  'MOZ_HIDE_RESULTS_TABLE': '1',
16:56:32     INFO -  'MOZ_NODE_PATH': '/usr/bin/node',
16:56:32     INFO -  'MOZ_NO_REMOTE': '1',
16:56:32     INFO -  'NODE_PATH': '/usr/lib/nodejs:/usr/lib/node_modules:/usr/share/javascript',
16:56:32     INFO -  'NO_FAIL_ON_TEST_ERRORS': '1',
16:56:32     INFO -  'PATH': '/usr/local/bin:/usr/local/bin:/usr/bin:/bin:/usr/local/games:/usr/games',
16:56:32     INFO -  'PROPERTIES_FILE': '/builds/slave/test/buildprops.json',
16:56:32     INFO -  'PWD': '/builds/slave/test',
16:56:32     INFO -  'SHELL': '/bin/bash',
16:56:32     INFO -  'SHLVL': '1',
16:56:32     INFO -  'TERM': 'linux',
16:56:32     INFO -  'TMOUT': '86400',
16:56:32     INFO -  'USER': 'cltbld',
16:56:32     INFO -  'XDG_SESSION_COOKIE': '9ca12473fbb1d023794ffd180000023c-1528502093.210833-531434888',
16:56:32     INFO -  '_': '/tools/buildbot/bin/python'}
16:56:32     INFO -  Ignoring indexes: https://pypi.python.org/simple
16:56:32     INFO -  Requirement already satisfied (use --upgrade to upgrade): functools32==3.2.3-2 in ./venv/lib/python2.7/site-packages
16:56:32     INFO - Return code: 0
16:56:32     INFO - Installing blobuploader==1.2.4 into virtualenv /builds/slave/test/build/venv
16:56:33     INFO - retry: Calling run_command with args: [['/builds/slave/test/build/venv/bin/pip', 'install', '--timeout', '120', '--no-index', '--find-links', 'http://pypi.pvt.build.mozilla.org/pub', '--find-links', 'http://pypi.pub.build.mozilla.org/pub', '--trusted-host', 'pypi.pub.build.mozilla.org', '--trusted-host', 'pypi.pvt.build.mozilla.org', 'blobuploader==1.2.4']], kwargs: {'error_level': 'warning', 'error_list': [{'substr': 'not found or a compiler error:', 'level': 'warning'}, {'regex': <_sre.SRE_Pattern object at 0x2aa5110>, 'level': 'error'}, {'regex': <_sre.SRE_Pattern object at 0x290b120>, 'level': 'warning'}, {'regex': <_sre.SRE_Pattern object at 0x2be2830>, 'level': 'debug'}, {'substr': 'command not found', 'level': 'error'}, {'regex': <_sre.SRE_Pattern object at 0x2bf0050>, 'level': 'warning'}, {'substr': 'Traceback (most recent call last)', 'level': 'error'}, {'substr': 'SyntaxError: ', 'level': 'error'}, {'substr': 'TypeError: ', 'level': 'error'}, {'substr': 'NameError: ', 'level': 'error'}, {'substr': 'ZeroDivisionError: ', 'level': 'error'}, {'regex': <_sre.SRE_Pattern object at 0x2beed20>, 'level': 'critical'}, {'regex': <_sre.SRE_Pattern object at 0x2bef1b0>, 'level': 'critical'}], 'cwd': '/builds/slave/test/build', 'env': {'TMOUT': '86400', 'LOGNAME': 'cltbld', 'USER': 'cltbld', 'HOME': '/home/cltbld', 'PATH': '/usr/local/bin:/usr/local/bin:/usr/bin:/bin:/usr/local/games:/usr/games', 'DISPLAY': ':0', 'CCACHE_UMASK': '002', 'LANG': 'en_US.UTF-8', 'TERM': 'linux', 'SHELL': '/bin/bash', 'MOZ_NODE_PATH': '/usr/bin/node', 'XDG_SESSION_COOKIE': '9ca12473fbb1d023794ffd180000023c-1528502093.210833-531434888', 'SHLVL': '1', 'NO_FAIL_ON_TEST_ERRORS': '1', 'MOZ_NO_REMOTE': '1', 'MOZ_HIDE_RESULTS_TABLE': '1', 'MAIL': '/var/mail/cltbld', '_': '/tools/buildbot/bin/python', 'NODE_PATH': '/usr/lib/nodejs:/usr/lib/node_modules:/usr/share/javascript', 'PWD': '/builds/slave/test', 'PROPERTIES_FILE': '/builds/slave/test/buildprops.json', 'CCACHE_DIR': '/builds/ccache'}}, attempt #1
16:56:33     INFO - Running command: ['/builds/slave/test/build/venv/bin/pip', 'install', '--timeout', '120', '--no-index', '--find-links', 'http://pypi.pvt.build.mozilla.org/pub', '--find-links', 'http://pypi.pub.build.mozilla.org/pub', '--trusted-host', 'pypi.pub.build.mozilla.org', '--trusted-host', 'pypi.pvt.build.mozilla.org', 'blobuploader==1.2.4'] in /builds/slave/test/build
16:56:33     INFO - Copy/paste: /builds/slave/test/build/venv/bin/pip install --timeout 120 --no-index --find-links http://pypi.pvt.build.mozilla.org/pub --find-links http://pypi.pub.build.mozilla.org/pub --trusted-host pypi.pub.build.mozilla.org --trusted-host pypi.pvt.build.mozilla.org blobuploader==1.2.4
16:56:33     INFO - Using env: {'CCACHE_DIR': '/builds/ccache',
16:56:33     INFO -  'CCACHE_UMASK': '002',
16:56:33     INFO -  'DISPLAY': ':0',
16:56:33     INFO -  'HOME': '/home/cltbld',
16:56:33     INFO -  'LANG': 'en_US.UTF-8',
16:56:33     INFO -  'LOGNAME': 'cltbld',
16:56:33     INFO -  'MAIL': '/var/mail/cltbld',
16:56:33     INFO -  'MOZ_HIDE_RESULTS_TABLE': '1',
16:56:33     INFO -  'MOZ_NODE_PATH': '/usr/bin/node',
16:56:33     INFO -  'MOZ_NO_REMOTE': '1',
16:56:33     INFO -  'NODE_PATH': '/usr/lib/nodejs:/usr/lib/node_modules:/usr/share/javascript',
16:56:33     INFO -  'NO_FAIL_ON_TEST_ERRORS': '1',
16:56:33     INFO -  'PATH': '/usr/local/bin:/usr/local/bin:/usr/bin:/bin:/usr/local/games:/usr/games',
16:56:33     INFO -  'PROPERTIES_FILE': '/builds/slave/test/buildprops.json',
16:56:33     INFO -  'PWD': '/builds/slave/test',
16:56:33     INFO -  'SHELL': '/bin/bash',
16:56:33     INFO -  'SHLVL': '1',
16:56:33     INFO -  'TERM': 'linux',
16:56:33     INFO -  'TMOUT': '86400',
16:56:33     INFO -  'USER': 'cltbld',
16:56:33     INFO -  'XDG_SESSION_COOKIE': '9ca12473fbb1d023794ffd180000023c-1528502093.210833-531434888',
16:56:33     INFO -  '_': '/tools/buildbot/bin/python'}
16:56:33     INFO -  Ignoring indexes: https://pypi.python.org/simple
16:56:33     INFO -  Collecting blobuploader==1.2.4
16:56:34     INFO -  /builds/slave/test/build/venv/lib/python2.7/site-packages/pip/_vendor/requests/packages/urllib3/util/ssl_.py:318: SNIMissingWarning: An HTTPS request has been made, but the SNI (Subject Name Indication) extension to TLS is not available on this platform. This may cause the server to present an incorrect TLS certificate, which can cause validation failures. You can upgrade to a newer version of Python to solve this. For more information, see https://urllib3.readthedocs.org/en/latest/security.html#snimissingwarning.
16:56:34     INFO -    SNIMissingWarning
16:56:34     INFO -  /builds/slave/test/build/venv/lib/python2.7/site-packages/pip/_vendor/requests/packages/urllib3/util/ssl_.py:122: InsecurePlatformWarning: A true SSLContext object is not available. This prevents urllib3 from configuring SSL appropriately and may cause certain SSL connections to fail. You can upgrade to a newer version of Python to solve this. For more information, see https://urllib3.readthedocs.org/en/latest/security.html#insecureplatformwarning.
16:56:34     INFO -    InsecurePlatformWarning
16:56:36     INFO -  /builds/slave/test/build/venv/lib/python2.7/site-packages/pip/_vendor/requests/packages/urllib3/util/ssl_.py:122: InsecurePlatformWarning: A true SSLContext object is not available. This prevents urllib3 from configuring SSL appropriately and may cause certain SSL connections to fail. You can upgrade to a newer version of Python to solve this. For more information, see https://urllib3.readthedocs.org/en/latest/security.html#insecureplatformwarning.
16:56:36     INFO -    InsecurePlatformWarning
16:56:42     INFO -    Downloading https://pypi.pvt.build.mozilla.org/pub/blobuploader-1.2.4.tar.gz
16:56:42     INFO -  Collecting requests==1.2.3. (from blobuploader==1.2.4)
16:56:49     INFO -    Downloading https://pypi.pvt.build.mozilla.org/pub/requests-1.2.3.tar.gz (348kB)
16:56:50     INFO -  Collecting docopt==0.6.1 (from blobuploader==1.2.4)
16:56:57     INFO -    Downloading https://pypi.pvt.build.mozilla.org/pub/docopt-0.6.1.tar.gz
16:56:57     INFO -  Building wheels for collected packages: blobuploader, requests, docopt
16:56:57     INFO -    Running setup.py bdist_wheel for blobuploader: started
16:56:57     INFO -    Running setup.py bdist_wheel for blobuploader: finished with status 'done'
16:56:57     INFO -    Stored in directory: /home/cltbld/.cache/pip/wheels/a7/2a/47/2d3828e4129ffeb548a26f4a87889dc9bc1a58e201a0ff8655
16:56:58     INFO -    Running setup.py bdist_wheel for requests: started
16:56:59     INFO -    Running setup.py bdist_wheel for requests: finished with status 'done'
16:56:59     INFO -    Stored in directory: /home/cltbld/.cache/pip/wheels/65/bb/90/359b65a7043ffc879dde877c4ad827f452218808c6cccf2658
16:56:59     INFO -    Running setup.py bdist_wheel for docopt: started
16:56:59     INFO -    Running setup.py bdist_wheel for docopt: finished with status 'done'
16:56:59     INFO -    Stored in directory: /home/cltbld/.cache/pip/wheels/ac/8b/84/7dbe9ada02c48c352fa733c81648516f92c6436f9d5bffad41
16:56:59     INFO -  Successfully built blobuploader requests docopt
16:56:59     INFO -  Installing collected packages: requests, docopt, blobuploader
16:57:00     INFO -  Successfully installed blobuploader-1.2.4 docopt-0.6.1 requests-1.2.3
16:57:00     INFO - Return code: 0
16:57:00     INFO - Installing None into virtualenv /builds/slave/test/build/venv
16:57:00     INFO - retry: Calling run_command with args: [['/builds/slave/test/build/venv/bin/pip', 'install', '--no-deps', '--timeout', '120', '-r', '/builds/slave/test/build/tests/config/marionette_requirements.txt', '--no-index', '--find-links', 'http://pypi.pvt.build.mozilla.org/pub', '--find-links', 'http://pypi.pub.build.mozilla.org/pub', '--trusted-host', 'pypi.pub.build.mozilla.org', '--trusted-host', 'pypi.pvt.build.mozilla.org']], kwargs: {'error_level': 'warning', 'error_list': [{'substr': 'not found or a compiler error:', 'level': 'warning'}, {'regex': <_sre.SRE_Pattern object at 0x2aa5110>, 'level': 'error'}, {'regex': <_sre.SRE_Pattern object at 0x290b120>, 'level': 'warning'}, {'regex': <_sre.SRE_Pattern object at 0x2be2830>, 'level': 'debug'}, {'substr': 'command not found', 'level': 'error'}, {'regex': <_sre.SRE_Pattern object at 0x2bf0050>, 'level': 'warning'}, {'substr': 'Traceback (most recent call last)', 'level': 'error'}, {'substr': 'SyntaxError: ', 'level': 'error'}, {'substr': 'TypeError: ', 'level': 'error'}, {'substr': 'NameError: ', 'level': 'error'}, {'substr': 'ZeroDivisionError: ', 'level': 'error'}, {'regex': <_sre.SRE_Pattern object at 0x2beed20>, 'level': 'critical'}, {'regex': <_sre.SRE_Pattern object at 0x2bef1b0>, 'level': 'critical'}], 'cwd': '/builds/slave/test/build/tests/config', 'env': {'TMOUT': '86400', 'LOGNAME': 'cltbld', 'USER': 'cltbld', 'HOME': '/home/cltbld', 'PATH': '/usr/local/bin:/usr/local/bin:/usr/bin:/bin:/usr/local/games:/usr/games', 'DISPLAY': ':0', 'CCACHE_UMASK': '002', 'LANG': 'en_US.UTF-8', 'TERM': 'linux', 'SHELL': '/bin/bash', 'MOZ_NODE_PATH': '/usr/bin/node', 'XDG_SESSION_COOKIE': '9ca12473fbb1d023794ffd180000023c-1528502093.210833-531434888', 'SHLVL': '1', 'NO_FAIL_ON_TEST_ERRORS': '1', 'MOZ_NO_REMOTE': '1', 'MOZ_HIDE_RESULTS_TABLE': '1', 'MAIL': '/var/mail/cltbld', '_': '/tools/buildbot/bin/python', 'NODE_PATH': '/usr/lib/nodejs:/usr/lib/node_modules:/usr/share/javascript', 'PWD': '/builds/slave/test', 'PROPERTIES_FILE': '/builds/slave/test/buildprops.json', 'CCACHE_DIR': '/builds/ccache'}}, attempt #1
16:57:00     INFO - Running command: ['/builds/slave/test/build/venv/bin/pip', 'install', '--no-deps', '--timeout', '120', '-r', '/builds/slave/test/build/tests/config/marionette_requirements.txt', '--no-index', '--find-links', 'http://pypi.pvt.build.mozilla.org/pub', '--find-links', 'http://pypi.pub.build.mozilla.org/pub', '--trusted-host', 'pypi.pub.build.mozilla.org', '--trusted-host', 'pypi.pvt.build.mozilla.org'] in /builds/slave/test/build/tests/config
16:57:00     INFO - Copy/paste: /builds/slave/test/build/venv/bin/pip install --no-deps --timeout 120 -r /builds/slave/test/build/tests/config/marionette_requirements.txt --no-index --find-links http://pypi.pvt.build.mozilla.org/pub --find-links http://pypi.pub.build.mozilla.org/pub --trusted-host pypi.pub.build.mozilla.org --trusted-host pypi.pvt.build.mozilla.org
16:57:00     INFO - Using env: {'CCACHE_DIR': '/builds/ccache',
16:57:00     INFO -  'CCACHE_UMASK': '002',
16:57:00     INFO -  'DISPLAY': ':0',
16:57:00     INFO -  'HOME': '/home/cltbld',
16:57:00     INFO -  'LANG': 'en_US.UTF-8',
16:57:00     INFO -  'LOGNAME': 'cltbld',
16:57:00     INFO -  'MAIL': '/var/mail/cltbld',
16:57:00     INFO -  'MOZ_HIDE_RESULTS_TABLE': '1',
16:57:00     INFO -  'MOZ_NODE_PATH': '/usr/bin/node',
16:57:00     INFO -  'MOZ_NO_REMOTE': '1',
16:57:00     INFO -  'NODE_PATH': '/usr/lib/nodejs:/usr/lib/node_modules:/usr/share/javascript',
16:57:00     INFO -  'NO_FAIL_ON_TEST_ERRORS': '1',
16:57:00     INFO -  'PATH': '/usr/local/bin:/usr/local/bin:/usr/bin:/bin:/usr/local/games:/usr/games',
16:57:00     INFO -  'PROPERTIES_FILE': '/builds/slave/test/buildprops.json',
16:57:00     INFO -  'PWD': '/builds/slave/test',
16:57:00     INFO -  'SHELL': '/bin/bash',
16:57:00     INFO -  'SHLVL': '1',
16:57:00     INFO -  'TERM': 'linux',
16:57:00     INFO -  'TMOUT': '86400',
16:57:00     INFO -  'USER': 'cltbld',
16:57:00     INFO -  'XDG_SESSION_COOKIE': '9ca12473fbb1d023794ffd180000023c-1528502093.210833-531434888',
16:57:00     INFO -  '_': '/tools/buildbot/bin/python'}
16:57:01     INFO -  Ignoring indexes: https://pypi.python.org/simple
16:57:01     INFO -  Processing /builds/slave/test/build/tests/mozbase/manifestparser
16:57:02     INFO -  Processing /builds/slave/test/build/tests/mozbase/mozcrash
16:57:02     INFO -  Processing /builds/slave/test/build/tests/mozbase/mozdebug
16:57:02     INFO -  Processing /builds/slave/test/build/tests/mozbase/mozdevice
16:57:03     INFO -  Processing /builds/slave/test/build/tests/mozbase/mozfile
16:57:03     INFO -  Processing /builds/slave/test/build/tests/mozbase/mozhttpd
16:57:03     INFO -  Processing /builds/slave/test/build/tests/mozbase/mozinfo
16:57:04     INFO -  Processing /builds/slave/test/build/tests/mozbase/mozinstall
16:57:04     INFO -  Processing /builds/slave/test/build/tests/mozbase/mozleak
16:57:04     INFO -  Processing /builds/slave/test/build/tests/mozbase/mozlog
16:57:05     INFO -  Processing /builds/slave/test/build/tests/mozbase/moznetwork
16:57:05     INFO -  Processing /builds/slave/test/build/tests/mozbase/mozprocess
16:57:06     INFO -  Processing /builds/slave/test/build/tests/mozbase/mozprofile
16:57:06     INFO -  Processing /builds/slave/test/build/tests/mozbase/mozrunner
16:57:06     INFO -  Processing /builds/slave/test/build/tests/mozbase/mozscreenshot
16:57:07     INFO -  Processing /builds/slave/test/build/tests/mozbase/moztest
16:57:07     INFO -  Processing /builds/slave/test/build/tests/mozbase/mozversion
16:57:07     INFO -  Processing /builds/slave/test/build/tests/tools/wptserve
16:57:08     INFO -  Processing /builds/slave/test/build/tests/marionette/client
16:57:08     INFO -  Processing /builds/slave/test/build/tests/marionette/harness/marionette_harness/runner/mixins/browsermob-proxy-py
16:57:09     INFO -  Processing /builds/slave/test/build/tests/marionette/harness
16:57:09     INFO -  Processing /builds/slave/test/build/tests/marionette/puppeteer/firefox
16:57:09     INFO -  Building wheels for collected packages: browsermob-proxy
16:57:09     INFO -    Running setup.py bdist_wheel for browsermob-proxy: started
16:57:10     INFO -    Running setup.py bdist_wheel for browsermob-proxy: finished with status 'done'
16:57:10     INFO -    Stored in directory: /home/cltbld/.cache/pip/wheels/10/00/c1/79bb793b6a7eb4dca9dfd244010f550ae5044951bcd23c261e
16:57:10     INFO -  Successfully built browsermob-proxy
16:57:10     INFO -  Installing collected packages: manifestparser, mozcrash, mozdebug, mozdevice, mozfile, mozhttpd, mozinfo, mozInstall, mozleak, mozlog, moznetwork, mozprocess, mozprofile, mozrunner, mozscreenshot, moztest, mozversion, wptserve, marionette-driver, browsermob-proxy, marionette-harness, firefox-puppeteer
16:57:10     INFO -    Running setup.py install for manifestparser: started
16:57:10     INFO -      Running setup.py install for manifestparser: finished with status 'done'
16:57:10     INFO -    Running setup.py install for mozcrash: started
16:57:11     INFO -      Running setup.py install for mozcrash: finished with status 'done'
16:57:11     INFO -    Running setup.py install for mozdebug: started
16:57:11     INFO -      Running setup.py install for mozdebug: finished with status 'done'
16:57:11     INFO -    Running setup.py install for mozdevice: started
16:57:12     INFO -      Running setup.py install for mozdevice: finished with status 'done'
16:57:12     INFO -    Running setup.py install for mozfile: started
16:57:12     INFO -      Running setup.py install for mozfile: finished with status 'done'
16:57:12     INFO -    Running setup.py install for mozhttpd: started
16:57:12     INFO -      Running setup.py install for mozhttpd: finished with status 'done'
16:57:12     INFO -    Running setup.py install for mozinfo: started
16:57:13     INFO -      Running setup.py install for mozinfo: finished with status 'done'
16:57:13     INFO -    Running setup.py install for mozInstall: started
16:57:13     INFO -      Running setup.py install for mozInstall: finished with status 'done'
16:57:13     INFO -    Running setup.py install for mozleak: started
16:57:14     INFO -      Running setup.py install for mozleak: finished with status 'done'
16:57:14     INFO -    Running setup.py install for mozlog: started
16:57:14     INFO -      Running setup.py install for mozlog: finished with status 'done'
16:57:14     INFO -    Running setup.py install for moznetwork: started
16:57:15     INFO -      Running setup.py install for moznetwork: finished with status 'done'
16:57:15     INFO -    Running setup.py install for mozprocess: started
16:57:15     INFO -      Running setup.py install for mozprocess: finished with status 'done'
16:57:15     INFO -    Running setup.py install for mozprofile: started
16:57:16     INFO -      Running setup.py install for mozprofile: finished with status 'done'
16:57:16     INFO -    Running setup.py install for mozrunner: started
16:57:16     INFO -      Running setup.py install for mozrunner: finished with status 'done'
16:57:16     INFO -    Running setup.py install for mozscreenshot: started
16:57:17     INFO -      Running setup.py install for mozscreenshot: finished with status 'done'
16:57:17     INFO -    Running setup.py install for moztest: started
16:57:17     INFO -      Running setup.py install for moztest: finished with status 'done'
16:57:17     INFO -    Running setup.py install for mozversion: started
16:57:17     INFO -      Running setup.py install for mozversion: finished with status 'done'
16:57:18     INFO -    Running setup.py install for wptserve: started
16:57:18     INFO -      Running setup.py install for wptserve: finished with status 'done'
16:57:18     INFO -    Running setup.py install for marionette-driver: started
16:57:18     INFO -      Running setup.py install for marionette-driver: finished with status 'done'
16:57:19     INFO -    Running setup.py install for marionette-harness: started
16:57:19     INFO -      Running setup.py install for marionette-harness: finished with status 'done'
16:57:19     INFO -    Running setup.py install for firefox-puppeteer: started
16:57:20     INFO -      Running setup.py install for firefox-puppeteer: finished with status 'done'
16:57:21     INFO -  Successfully installed browsermob-proxy-0.6.0 firefox-puppeteer-52.1.0 manifestparser-1.1 marionette-driver-2.2.0 marionette-harness-4.0.0 mozInstall-1.12 mozcrash-1.0 mozdebug-0.1 mozdevice-0.48 mozfile-1.2 mozhttpd-0.7 mozinfo-0.9 mozleak-0.1 mozlog-3.4 moznetwork-0.27 mozprocess-0.23 mozprofile-0.28 mozrunner-6.13 mozscreenshot-0.1 moztest-0.8 mozversion-1.4 wptserve-1.4.0
16:57:21     INFO - Return code: 0
16:57:21     INFO - Installing None into virtualenv /builds/slave/test/build/venv
16:57:21     INFO - retry: Calling run_command with args: [['/builds/slave/test/build/venv/bin/pip', 'install', '--timeout', '120', '-r', '/builds/slave/test/build/tests/config/marionette_requirements.txt', '--no-index', '--find-links', 'http://pypi.pvt.build.mozilla.org/pub', '--find-links', 'http://pypi.pub.build.mozilla.org/pub', '--trusted-host', 'pypi.pub.build.mozilla.org', '--trusted-host', 'pypi.pvt.build.mozilla.org']], kwargs: {'error_level': 'warning', 'error_list': [{'substr': 'not found or a compiler error:', 'level': 'warning'}, {'regex': <_sre.SRE_Pattern object at 0x2aa5110>, 'level': 'error'}, {'regex': <_sre.SRE_Pattern object at 0x290b120>, 'level': 'warning'}, {'regex': <_sre.SRE_Pattern object at 0x2be2830>, 'level': 'debug'}, {'substr': 'command not found', 'level': 'error'}, {'regex': <_sre.SRE_Pattern object at 0x2bf0050>, 'level': 'warning'}, {'substr': 'Traceback (most recent call last)', 'level': 'error'}, {'substr': 'SyntaxError: ', 'level': 'error'}, {'substr': 'TypeError: ', 'level': 'error'}, {'substr': 'NameError: ', 'level': 'error'}, {'substr': 'ZeroDivisionError: ', 'level': 'error'}, {'regex': <_sre.SRE_Pattern object at 0x2beed20>, 'level': 'critical'}, {'regex': <_sre.SRE_Pattern object at 0x2bef1b0>, 'level': 'critical'}], 'cwd': '/builds/slave/test/build/tests/config', 'env': {'TMOUT': '86400', 'LOGNAME': 'cltbld', 'USER': 'cltbld', 'HOME': '/home/cltbld', 'PATH': '/usr/local/bin:/usr/local/bin:/usr/bin:/bin:/usr/local/games:/usr/games', 'DISPLAY': ':0', 'CCACHE_UMASK': '002', 'LANG': 'en_US.UTF-8', 'TERM': 'linux', 'SHELL': '/bin/bash', 'MOZ_NODE_PATH': '/usr/bin/node', 'XDG_SESSION_COOKIE': '9ca12473fbb1d023794ffd180000023c-1528502093.210833-531434888', 'SHLVL': '1', 'NO_FAIL_ON_TEST_ERRORS': '1', 'MOZ_NO_REMOTE': '1', 'MOZ_HIDE_RESULTS_TABLE': '1', 'MAIL': '/var/mail/cltbld', '_': '/tools/buildbot/bin/python', 'NODE_PATH': '/usr/lib/nodejs:/usr/lib/node_modules:/usr/share/javascript', 'PWD': '/builds/slave/test', 'PROPERTIES_FILE': '/builds/slave/test/buildprops.json', 'CCACHE_DIR': '/builds/ccache'}}, attempt #1
16:57:21     INFO - Running command: ['/builds/slave/test/build/venv/bin/pip', 'install', '--timeout', '120', '-r', '/builds/slave/test/build/tests/config/marionette_requirements.txt', '--no-index', '--find-links', 'http://pypi.pvt.build.mozilla.org/pub', '--find-links', 'http://pypi.pub.build.mozilla.org/pub', '--trusted-host', 'pypi.pub.build.mozilla.org', '--trusted-host', 'pypi.pvt.build.mozilla.org'] in /builds/slave/test/build/tests/config
16:57:21     INFO - Copy/paste: /builds/slave/test/build/venv/bin/pip install --timeout 120 -r /builds/slave/test/build/tests/config/marionette_requirements.txt --no-index --find-links http://pypi.pvt.build.mozilla.org/pub --find-links http://pypi.pub.build.mozilla.org/pub --trusted-host pypi.pub.build.mozilla.org --trusted-host pypi.pvt.build.mozilla.org
16:57:21     INFO - Using env: {'CCACHE_DIR': '/builds/ccache',
16:57:21     INFO -  'CCACHE_UMASK': '002',
16:57:21     INFO -  'DISPLAY': ':0',
16:57:21     INFO -  'HOME': '/home/cltbld',
16:57:21     INFO -  'LANG': 'en_US.UTF-8',
16:57:21     INFO -  'LOGNAME': 'cltbld',
16:57:21     INFO -  'MAIL': '/var/mail/cltbld',
16:57:21     INFO -  'MOZ_HIDE_RESULTS_TABLE': '1',
16:57:21     INFO -  'MOZ_NODE_PATH': '/usr/bin/node',
16:57:21     INFO -  'MOZ_NO_REMOTE': '1',
16:57:21     INFO -  'NODE_PATH': '/usr/lib/nodejs:/usr/lib/node_modules:/usr/share/javascript',
16:57:21     INFO -  'NO_FAIL_ON_TEST_ERRORS': '1',
16:57:21     INFO -  'PATH': '/usr/local/bin:/usr/local/bin:/usr/bin:/bin:/usr/local/games:/usr/games',
16:57:21     INFO -  'PROPERTIES_FILE': '/builds/slave/test/buildprops.json',
16:57:21     INFO -  'PWD': '/builds/slave/test',
16:57:21     INFO -  'SHELL': '/bin/bash',
16:57:21     INFO -  'SHLVL': '1',
16:57:21     INFO -  'TERM': 'linux',
16:57:21     INFO -  'TMOUT': '86400',
16:57:21     INFO -  'USER': 'cltbld',
16:57:21     INFO -  'XDG_SESSION_COOKIE': '9ca12473fbb1d023794ffd180000023c-1528502093.210833-531434888',
16:57:21     INFO -  '_': '/tools/buildbot/bin/python'}
16:57:22     INFO -  Ignoring indexes: https://pypi.python.org/simple
16:57:22     INFO -  Processing /builds/slave/test/build/tests/mozbase/manifestparser
16:57:22     INFO -    Requirement already satisfied (use --upgrade to upgrade): manifestparser==1.1 from file:///builds/slave/test/build/tests/mozbase/manifestparser in /builds/slave/test/build/venv/lib/python2.7/site-packages (from -r /builds/slave/test/build/tests/config/mozbase_requirements.txt (line 1))
16:57:22     INFO -  Processing /builds/slave/test/build/tests/mozbase/mozcrash
16:57:23     INFO -    Requirement already satisfied (use --upgrade to upgrade): mozcrash==1.0 from file:///builds/slave/test/build/tests/mozbase/mozcrash in /builds/slave/test/build/venv/lib/python2.7/site-packages (from -r /builds/slave/test/build/tests/config/mozbase_requirements.txt (line 2))
16:57:23     INFO -  Processing /builds/slave/test/build/tests/mozbase/mozdebug
16:57:23     INFO -    Requirement already satisfied (use --upgrade to upgrade): mozdebug==0.1 from file:///builds/slave/test/build/tests/mozbase/mozdebug in /builds/slave/test/build/venv/lib/python2.7/site-packages (from -r /builds/slave/test/build/tests/config/mozbase_requirements.txt (line 3))
16:57:23     INFO -  Processing /builds/slave/test/build/tests/mozbase/mozdevice
16:57:23     INFO -    Requirement already satisfied (use --upgrade to upgrade): mozdevice==0.48 from file:///builds/slave/test/build/tests/mozbase/mozdevice in /builds/slave/test/build/venv/lib/python2.7/site-packages (from -r /builds/slave/test/build/tests/config/mozbase_requirements.txt (line 4))
16:57:23     INFO -  Processing /builds/slave/test/build/tests/mozbase/mozfile
16:57:24     INFO -    Requirement already satisfied (use --upgrade to upgrade): mozfile==1.2 from file:///builds/slave/test/build/tests/mozbase/mozfile in /builds/slave/test/build/venv/lib/python2.7/site-packages (from -r /builds/slave/test/build/tests/config/mozbase_requirements.txt (line 5))
16:57:24     INFO -  Processing /builds/slave/test/build/tests/mozbase/mozhttpd
16:57:24     INFO -    Requirement already satisfied (use --upgrade to upgrade): mozhttpd==0.7 from file:///builds/slave/test/build/tests/mozbase/mozhttpd in /builds/slave/test/build/venv/lib/python2.7/site-packages (from -r /builds/slave/test/build/tests/config/mozbase_requirements.txt (line 6))
16:57:24     INFO -  Processing /builds/slave/test/build/tests/mozbase/mozinfo
16:57:25     INFO -    Requirement already satisfied (use --upgrade to upgrade): mozinfo==0.9 from file:///builds/slave/test/build/tests/mozbase/mozinfo in /builds/slave/test/build/venv/lib/python2.7/site-packages (from -r /builds/slave/test/build/tests/config/mozbase_requirements.txt (line 7))
16:57:25     INFO -  Processing /builds/slave/test/build/tests/mozbase/mozinstall
16:57:25     INFO -    Requirement already satisfied (use --upgrade to upgrade): mozInstall==1.12 from file:///builds/slave/test/build/tests/mozbase/mozinstall in /builds/slave/test/build/venv/lib/python2.7/site-packages (from -r /builds/slave/test/build/tests/config/mozbase_requirements.txt (line 8))
16:57:25     INFO -  Processing /builds/slave/test/build/tests/mozbase/mozleak
16:57:26     INFO -    Requirement already satisfied (use --upgrade to upgrade): mozleak==0.1 from file:///builds/slave/test/build/tests/mozbase/mozleak in /builds/slave/test/build/venv/lib/python2.7/site-packages (from -r /builds/slave/test/build/tests/config/mozbase_requirements.txt (line 9))
16:57:26     INFO -  Processing /builds/slave/test/build/tests/mozbase/mozlog
16:57:26     INFO -    Requirement already satisfied (use --upgrade to upgrade): mozlog==3.4 from file:///builds/slave/test/build/tests/mozbase/mozlog in /builds/slave/test/build/venv/lib/python2.7/site-packages (from -r /builds/slave/test/build/tests/config/mozbase_requirements.txt (line 10))
16:57:26     INFO -  Processing /builds/slave/test/build/tests/mozbase/moznetwork
16:57:27     INFO -    Requirement already satisfied (use --upgrade to upgrade): moznetwork==0.27 from file:///builds/slave/test/build/tests/mozbase/moznetwork in /builds/slave/test/build/venv/lib/python2.7/site-packages (from -r /builds/slave/test/build/tests/config/mozbase_requirements.txt (line 11))
16:57:27     INFO -  Processing /builds/slave/test/build/tests/mozbase/mozprocess
16:57:27     INFO -    Requirement already satisfied (use --upgrade to upgrade): mozprocess==0.23 from file:///builds/slave/test/build/tests/mozbase/mozprocess in /builds/slave/test/build/venv/lib/python2.7/site-packages (from -r /builds/slave/test/build/tests/config/mozbase_requirements.txt (line 12))
16:57:27     INFO -  Processing /builds/slave/test/build/tests/mozbase/mozprofile
16:57:27     INFO -    Requirement already satisfied (use --upgrade to upgrade): mozprofile==0.28 from file:///builds/slave/test/build/tests/mozbase/mozprofile in /builds/slave/test/build/venv/lib/python2.7/site-packages (from -r /builds/slave/test/build/tests/config/mozbase_requirements.txt (line 13))
16:57:27     INFO -  Processing /builds/slave/test/build/tests/mozbase/mozrunner
16:57:28     INFO -    Requirement already satisfied (use --upgrade to upgrade): mozrunner==6.13 from file:///builds/slave/test/build/tests/mozbase/mozrunner in /builds/slave/test/build/venv/lib/python2.7/site-packages (from -r /builds/slave/test/build/tests/config/mozbase_requirements.txt (line 14))
16:57:28     INFO -  Processing /builds/slave/test/build/tests/mozbase/mozscreenshot
16:57:28     INFO -    Requirement already satisfied (use --upgrade to upgrade): mozscreenshot==0.1 from file:///builds/slave/test/build/tests/mozbase/mozscreenshot in /builds/slave/test/build/venv/lib/python2.7/site-packages (from -r /builds/slave/test/build/tests/config/mozbase_requirements.txt (line 15))
16:57:28     INFO -  Processing /builds/slave/test/build/tests/mozbase/moztest
16:57:29     INFO -    Requirement already satisfied (use --upgrade to upgrade): moztest==0.8 from file:///builds/slave/test/build/tests/mozbase/moztest in /builds/slave/test/build/venv/lib/python2.7/site-packages (from -r /builds/slave/test/build/tests/config/mozbase_requirements.txt (line 16))
16:57:29     INFO -  Processing /builds/slave/test/build/tests/mozbase/mozversion
16:57:29     INFO -    Requirement already satisfied (use --upgrade to upgrade): mozversion==1.4 from file:///builds/slave/test/build/tests/mozbase/mozversion in /builds/slave/test/build/venv/lib/python2.7/site-packages (from -r /builds/slave/test/build/tests/config/mozbase_requirements.txt (line 17))
16:57:29     INFO -  Processing /builds/slave/test/build/tests/tools/wptserve
16:57:30     INFO -    Requirement already satisfied (use --upgrade to upgrade): wptserve==1.4.0 from file:///builds/slave/test/build/tests/tools/wptserve in /builds/slave/test/build/venv/lib/python2.7/site-packages (from -r /builds/slave/test/build/tests/config/marionette_requirements.txt (line 3))
16:57:30     INFO -  Processing /builds/slave/test/build/tests/marionette/client
16:57:30     INFO -    Requirement already satisfied (use --upgrade to upgrade): marionette-driver==2.2.0 from file:///builds/slave/test/build/tests/marionette/client in /builds/slave/test/build/venv/lib/python2.7/site-packages (from -r /builds/slave/test/build/tests/config/marionette_requirements.txt (line 4))
16:57:30     INFO -  Processing /builds/slave/test/build/tests/marionette/harness/marionette_harness/runner/mixins/browsermob-proxy-py
16:57:31     INFO -    Requirement already satisfied (use --upgrade to upgrade): browsermob-proxy==0.6.0 from file:///builds/slave/test/build/tests/marionette/harness/marionette_harness/runner/mixins/browsermob-proxy-py in /builds/slave/test/build/venv/lib/python2.7/site-packages (from -r /builds/slave/test/build/tests/config/marionette_requirements.txt (line 5))
16:57:31     INFO -  Processing /builds/slave/test/build/tests/marionette/harness
16:57:31     INFO -    Requirement already satisfied (use --upgrade to upgrade): marionette-harness==4.0.0 from file:///builds/slave/test/build/tests/marionette/harness in /builds/slave/test/build/venv/lib/python2.7/site-packages (from -r /builds/slave/test/build/tests/config/marionette_requirements.txt (line 6))
16:57:31     INFO -  Processing /builds/slave/test/build/tests/marionette/puppeteer/firefox
16:57:32     INFO -    Requirement already satisfied (use --upgrade to upgrade): firefox-puppeteer==52.1.0 from file:///builds/slave/test/build/tests/marionette/puppeteer/firefox in /builds/slave/test/build/venv/lib/python2.7/site-packages (from -r /builds/slave/test/build/tests/config/marionette_requirements.txt (line 9))
16:57:32     INFO -  Requirement already satisfied (use --upgrade to upgrade): mozfile>=1.0 in /builds/slave/test/build/venv/lib/python2.7/site-packages (from mozcrash==1.0->-r /builds/slave/test/build/tests/config/mozbase_requirements.txt (line 2))
16:57:32     INFO -  Requirement already satisfied (use --upgrade to upgrade): mozlog>=3.0 in /builds/slave/test/build/venv/lib/python2.7/site-packages (from mozcrash==1.0->-r /builds/slave/test/build/tests/config/mozbase_requirements.txt (line 2))
16:57:32     INFO -  Requirement already satisfied (use --upgrade to upgrade): mozinfo in /builds/slave/test/build/venv/lib/python2.7/site-packages (from mozdebug==0.1->-r /builds/slave/test/build/tests/config/mozbase_requirements.txt (line 3))
16:57:32     INFO -  Requirement already satisfied (use --upgrade to upgrade): moznetwork>=0.24 in /builds/slave/test/build/venv/lib/python2.7/site-packages (from mozdevice==0.48->-r /builds/slave/test/build/tests/config/mozbase_requirements.txt (line 4))
16:57:32     INFO -  Requirement already satisfied (use --upgrade to upgrade): mozprocess>=0.19 in /builds/slave/test/build/venv/lib/python2.7/site-packages (from mozdevice==0.48->-r /builds/slave/test/build/tests/config/mozbase_requirements.txt (line 4))
16:57:32     INFO -  Collecting blessings>=1.3 (from mozlog==3.4->-r /builds/slave/test/build/tests/config/mozbase_requirements.txt (line 10))
16:57:32     INFO -  /builds/slave/test/build/venv/lib/python2.7/site-packages/pip/_vendor/requests/packages/urllib3/util/ssl_.py:318: SNIMissingWarning: An HTTPS request has been made, but the SNI (Subject Name Indication) extension to TLS is not available on this platform. This may cause the server to present an incorrect TLS certificate, which can cause validation failures. You can upgrade to a newer version of Python to solve this. For more information, see https://urllib3.readthedocs.org/en/latest/security.html#snimissingwarning.
16:57:32     INFO -    SNIMissingWarning
16:57:32     INFO -  /builds/slave/test/build/venv/lib/python2.7/site-packages/pip/_vendor/requests/packages/urllib3/util/ssl_.py:122: InsecurePlatformWarning: A true SSLContext object is not available. This prevents urllib3 from configuring SSL appropriately and may cause certain SSL connections to fail. You can upgrade to a newer version of Python to solve this. For more information, see https://urllib3.readthedocs.org/en/latest/security.html#insecureplatformwarning.
16:57:32     INFO -    InsecurePlatformWarning
16:57:34     INFO -  /builds/slave/test/build/venv/lib/python2.7/site-packages/pip/_vendor/requests/packages/urllib3/util/ssl_.py:122: InsecurePlatformWarning: A true SSLContext object is not available. This prevents urllib3 from configuring SSL appropriately and may cause certain SSL connections to fail. You can upgrade to a newer version of Python to solve this. For more information, see https://urllib3.readthedocs.org/en/latest/security.html#insecureplatformwarning.
16:57:34     INFO -    InsecurePlatformWarning
16:57:40     INFO -    Downloading https://pypi.pvt.build.mozilla.org/pub/blessings-1.6.tar.gz
16:57:41     INFO -  Requirement already satisfied (use --upgrade to upgrade): requests>=1.1.0 in /builds/slave/test/build/venv/lib/python2.7/site-packages (from browsermob-proxy==0.6.0->-r /builds/slave/test/build/tests/config/marionette_requirements.txt (line 5))
16:57:41     INFO -  Building wheels for collected packages: blessings, browsermob-proxy
16:57:41     INFO -    Running setup.py bdist_wheel for blessings: started
16:57:41     INFO -    Running setup.py bdist_wheel for blessings: finished with status 'done'
16:57:41     INFO -    Stored in directory: /home/cltbld/.cache/pip/wheels/fb/37/ae/c6b15ed5da2ead5847df54c8319487050d4dcc950c9795eae9
16:57:41     INFO -    Running setup.py bdist_wheel for browsermob-proxy: started
16:57:42     INFO -    Running setup.py bdist_wheel for browsermob-proxy: finished with status 'done'
16:57:42     INFO -    Stored in directory: /home/cltbld/.cache/pip/wheels/10/00/c1/79bb793b6a7eb4dca9dfd244010f550ae5044951bcd23c261e
16:57:42     INFO -  Successfully built blessings browsermob-proxy
16:57:42     INFO -  Installing collected packages: blessings
16:57:42     INFO -  Successfully installed blessings-1.6
16:57:42     INFO - Return code: 0
16:57:42     INFO - Done creating virtualenv /builds/slave/test/build/venv.
16:57:42     INFO - Getting output from command: ['/builds/slave/test/build/venv/bin/pip', 'freeze']
16:57:42     INFO - Copy/paste: /builds/slave/test/build/venv/bin/pip freeze
16:57:45     INFO - Reading from file tmpfile_stdout
16:57:45     INFO - Reading from file tmpfile_stderr
16:57:45     INFO - Current package versions:
16:57:45     INFO -   blessings == 1.6
16:57:45     INFO -   blobuploader == 1.2.4
16:57:45     INFO -   browsermob-proxy == 0.6.0
16:57:45     INFO -   docopt == 0.6.1
16:57:45     INFO -   firefox-puppeteer == 52.1.0
16:57:45     INFO -   functools32 == 3.2.3.post2
16:57:45     INFO -   jsonschema == 2.5.1
16:57:45     INFO -   manifestparser == 1.1
16:57:45     INFO -   marionette-driver == 2.2.0
16:57:45     INFO -   marionette-harness == 4.0.0
16:57:45     INFO -   mozInstall == 1.12
16:57:45     INFO -   mozcrash == 1.0
16:57:45     INFO -   mozdebug == 0.1
16:57:45     INFO -   mozdevice == 0.48
16:57:45     INFO -   mozfile == 1.2
16:57:45     INFO -   mozhttpd == 0.7
16:57:45     INFO -   mozinfo == 0.9
16:57:45     INFO -   mozleak == 0.1
16:57:45     INFO -   mozlog == 3.4
16:57:45     INFO -   moznetwork == 0.27
16:57:45     INFO -   mozprocess == 0.23
16:57:45     INFO -   mozprofile == 0.28
16:57:45     INFO -   mozrunner == 6.13
16:57:45     INFO -   mozscreenshot == 0.1
16:57:45     INFO -   mozsystemmonitor == 0.3
16:57:45     INFO -   moztest == 0.8
16:57:45     INFO -   mozversion == 1.4
16:57:45     INFO -   psutil == 5.4.3
16:57:45     INFO -   requests == 1.2.3
16:57:45     INFO -   wptserve == 1.4.0
16:57:45     INFO - Running post-action listener: _resource_record_post_action
16:57:45     INFO - Running post-action listener: _start_resource_monitoring
16:57:45     INFO - Starting resource monitoring.
16:57:45     INFO - [mozharness: 2018-06-08 23:57:45.087251Z] Finished create-virtualenv step (success)
16:57:45     INFO - [mozharness: 2018-06-08 23:57:45.089686Z] Running pull step.
16:57:45     INFO - Running pre-action listener: _resource_record_pre_action
16:57:45     INFO - Running main action method: pull
16:57:45     INFO - Pull has nothing to do!
16:57:45     INFO - Running post-action listener: _resource_record_post_action
16:57:45     INFO - [mozharness: 2018-06-08 23:57:45.095709Z] Finished pull step (success)
16:57:45     INFO - [mozharness: 2018-06-08 23:57:45.096134Z] Running install step.
16:57:45     INFO - Running pre-action listener: _resource_record_pre_action
16:57:45     INFO - Running main action method: install
16:57:45     INFO - Getting output from command: ['/builds/slave/test/build/venv/bin/pip', 'freeze']
16:57:45     INFO - Copy/paste: /builds/slave/test/build/venv/bin/pip freeze
16:57:45     INFO - Reading from file tmpfile_stdout
16:57:45     INFO - Reading from file tmpfile_stderr
16:57:45     INFO - Detecting whether we're running mozinstall >=1.0...
16:57:45     INFO - Getting output from command: ['/builds/slave/test/build/venv/bin/mozinstall', '-h']
16:57:45     INFO - Copy/paste: /builds/slave/test/build/venv/bin/mozinstall -h
16:57:46     INFO - Reading from file tmpfile_stdout
16:57:46     INFO - Output received:
16:57:46     INFO -  Usage: mozinstall [options] installer
16:57:46     INFO -  Options:
16:57:46     INFO -    -h, --help            show this help message and exit
16:57:46     INFO -    -d DEST, --destination=DEST
16:57:46     INFO -                          Directory to install application into. [default:
16:57:46     INFO -                          "/builds/slave/test"]
16:57:46     INFO -    --app=APP             Application being installed. [default: firefox]
16:57:46     INFO - mkdir: /builds/slave/test/build/application
16:57:46     INFO - Getting output from command: ['/builds/slave/test/build/venv/bin/mozinstall', '/builds/slave/test/build/firefox-52.8.2.en-US.linux-x86_64.tar.bz2', '--destination', '/builds/slave/test/build/application']
16:57:46     INFO - Copy/paste: /builds/slave/test/build/venv/bin/mozinstall /builds/slave/test/build/firefox-52.8.2.en-US.linux-x86_64.tar.bz2 --destination /builds/slave/test/build/application
16:58:10     INFO - Reading from file tmpfile_stdout
16:58:10     INFO - Output received:
16:58:10     INFO -  /builds/slave/test/build/application/firefox/firefox
16:58:10     INFO - Running post-action listener: _resource_record_post_action
16:58:10     INFO - [mozharness: 2018-06-08 23:58:10.605555Z] Finished install step (success)
16:58:10     INFO - [mozharness: 2018-06-08 23:58:10.605964Z] Running run-tests step.
16:58:10     INFO - Running pre-action listener: _resource_record_pre_action
16:58:10     INFO - Running main action method: run_tests
16:58:10     INFO - mkdir: /builds/slave/test/build/blobber_upload_dir
16:58:10     INFO - Minidump filename unknown. Determining based upon platform and architecture.
16:58:10     INFO - Minidump tooltool manifest unknown. Determining based upon platform and architecture.
16:58:10     INFO - grabbing minidump binary from tooltool
16:58:10     INFO - Downloading https://raw.githubusercontent.com/mozilla/build-tooltool/master/tooltool.py to /builds/slave/test/build/tooltool.py
16:58:10     INFO - retry: Calling _download_file with args: (), kwargs: {'url': 'https://raw.githubusercontent.com/mozilla/build-tooltool/master/tooltool.py', 'file_name': '/builds/slave/test/build/tooltool.py'}, attempt #1
16:58:11     INFO - Downloaded 38066 bytes.
16:58:11     INFO - Chmoding /builds/slave/test/build/tooltool.py to 0755
16:58:11     INFO - retry: Calling run_command with args: (['/tools/buildbot/bin/python', '/builds/slave/test/build/tooltool.py', '--url', 'https://api.pub.build.mozilla.org/tooltool/', '--authentication-file', '/builds/relengapi.tok', 'fetch', '-m', '/builds/slave/test/build/tests/config/tooltool-manifests/linux64/releng.manifest', '-o', '-c', '/builds/tooltool_cache'],), kwargs: {'output_timeout': 600, 'error_list': [{'substr': 'command not found', 'level': 'error'}, {'regex': <_sre.SRE_Pattern object at 0x2bf0050>, 'level': 'warning'}, {'substr': 'Traceback (most recent call last)', 'level': 'error'}, {'substr': 'SyntaxError: ', 'level': 'error'}, {'substr': 'TypeError: ', 'level': 'error'}, {'substr': 'NameError: ', 'level': 'error'}, {'substr': 'ZeroDivisionError: ', 'level': 'error'}, {'regex': <_sre.SRE_Pattern object at 0x2beed20>, 'level': 'critical'}, {'regex': <_sre.SRE_Pattern object at 0x2bef1b0>, 'level': 'critical'}, {'substr': 'ERROR - ', 'level': 'error'}], 'cwd': '/builds/slave/test/build', 'privileged': False}, attempt #1
16:58:11     INFO - Running command: ['/tools/buildbot/bin/python', '/builds/slave/test/build/tooltool.py', '--url', 'https://api.pub.build.mozilla.org/tooltool/', '--authentication-file', '/builds/relengapi.tok', 'fetch', '-m', '/builds/slave/test/build/tests/config/tooltool-manifests/linux64/releng.manifest', '-o', '-c', '/builds/tooltool_cache'] in /builds/slave/test/build
16:58:11     INFO - Copy/paste: /tools/buildbot/bin/python /builds/slave/test/build/tooltool.py --url https://api.pub.build.mozilla.org/tooltool/ --authentication-file /builds/relengapi.tok fetch -m /builds/slave/test/build/tests/config/tooltool-manifests/linux64/releng.manifest -o -c /builds/tooltool_cache
16:58:11     INFO - Calling ['/tools/buildbot/bin/python', '/builds/slave/test/build/tooltool.py', '--url', 'https://api.pub.build.mozilla.org/tooltool/', '--authentication-file', '/builds/relengapi.tok', 'fetch', '-m', '/builds/slave/test/build/tests/config/tooltool-manifests/linux64/releng.manifest', '-o', '-c', '/builds/tooltool_cache'] with output_timeout 600
16:58:11     INFO -  INFO - File linux64-minidump_stackwalk not present in local cache folder /builds/tooltool_cache
16:58:11     INFO -  INFO - Attempting to fetch from 'https://api.pub.build.mozilla.org/tooltool/'...
16:58:12     INFO -  INFO - File linux64-minidump_stackwalk fetched from https://api.pub.build.mozilla.org/tooltool/ as /builds/slave/test/build/tmpPWEPJq
16:58:12     INFO -  INFO - File integrity verified, renaming tmpPWEPJq to linux64-minidump_stackwalk
16:58:12     INFO -  INFO - Updating local cache /builds/tooltool_cache...
16:58:12     INFO -  INFO - Local cache /builds/tooltool_cache updated with linux64-minidump_stackwalk
16:58:12     INFO - Return code: 0
16:58:12     INFO - Chmoding /builds/slave/test/build/linux64-minidump_stackwalk to 0755
16:58:12     INFO - ENV: MINIDUMP_SAVE_PATH is now /builds/slave/test/build/blobber_upload_dir
16:58:12     INFO - Running command: ['/builds/slave/test/build/venv/bin/python', '-u', '/builds/slave/test/build/tests/web-platform/runtests.py', '--log-raw=-', '--log-raw=/builds/slave/test/build/blobber_upload_dir/wpt_raw.log', '--log-errorsummary=/builds/slave/test/build/blobber_upload_dir/wpt_errorsummary.log', '--binary=/builds/slave/test/build/application/firefox/firefox', '--symbols-path=https://queue.taskcluster.net/v1/task/I1iAdq48Sa60c5BCPWswkg/artifacts/public/build/firefox-52.8.2.en-US.linux-x86_64.crashreporter-symbols.zip', '--stackwalk-binary=/builds/slave/test/build/linux64-minidump_stackwalk', '--stackfix-dir=/builds/slave/test/build/tests/bin', '--test-type=testharness', '--total-chunks=5', '--this-chunk=5', '--prefs-root=/builds/slave/test/build/tests/web-platform/prefs', '--processes=1', '--config=/builds/slave/test/build/tests/web-platform/wptrunner.ini', '--ca-cert-path=/builds/slave/test/build/tests/web-platform/certs/cacert.pem', '--host-key-path=/builds/slave/test/build/tests/web-platform/certs/web-platform.test.key', '--host-cert-path=/builds/slave/test/build/tests/web-platform/certs/web-platform.test.pem', '--certutil-binary=/builds/slave/test/build/tests/bin/certutil'] in /builds/slave/test/build
16:58:12     INFO - Copy/paste: /builds/slave/test/build/venv/bin/python -u /builds/slave/test/build/tests/web-platform/runtests.py --log-raw=- --log-raw=/builds/slave/test/build/blobber_upload_dir/wpt_raw.log --log-errorsummary=/builds/slave/test/build/blobber_upload_dir/wpt_errorsummary.log --binary=/builds/slave/test/build/application/firefox/firefox --symbols-path=https://queue.taskcluster.net/v1/task/I1iAdq48Sa60c5BCPWswkg/artifacts/public/build/firefox-52.8.2.en-US.linux-x86_64.crashreporter-symbols.zip --stackwalk-binary=/builds/slave/test/build/linux64-minidump_stackwalk --stackfix-dir=/builds/slave/test/build/tests/bin --test-type=testharness --total-chunks=5 --this-chunk=5 --prefs-root=/builds/slave/test/build/tests/web-platform/prefs --processes=1 --config=/builds/slave/test/build/tests/web-platform/wptrunner.ini --ca-cert-path=/builds/slave/test/build/tests/web-platform/certs/cacert.pem --host-key-path=/builds/slave/test/build/tests/web-platform/certs/web-platform.test.key --host-cert-path=/builds/slave/test/build/tests/web-platform/certs/web-platform.test.pem --certutil-binary=/builds/slave/test/build/tests/bin/certutil
16:58:12     INFO - Using env: {'CCACHE_DIR': '/builds/ccache',
16:58:12     INFO -  'CCACHE_UMASK': '002',
16:58:12     INFO -  'DISPLAY': ':0',
16:58:12     INFO -  'HOME': '/home/cltbld',
16:58:12     INFO -  'LANG': 'en_US.UTF-8',
16:58:12     INFO -  'LOGNAME': 'cltbld',
16:58:12     INFO -  'MAIL': '/var/mail/cltbld',
16:58:12     INFO -  'MINIDUMP_SAVE_PATH': '/builds/slave/test/build/blobber_upload_dir',
16:58:12     INFO -  'MOZ_HIDE_RESULTS_TABLE': '1',
16:58:12     INFO -  'MOZ_NODE_PATH': '/usr/bin/node',
16:58:12     INFO -  'MOZ_NO_REMOTE': '1',
16:58:12     INFO -  'NODE_PATH': '/usr/lib/nodejs:/usr/lib/node_modules:/usr/share/javascript',
16:58:12     INFO -  'NO_FAIL_ON_TEST_ERRORS': '1',
16:58:12     INFO -  'PATH': '/builds/slave/test/build/venv/bin:/usr/local/bin:/usr/local/bin:/usr/bin:/bin:/usr/local/games:/usr/games',
16:58:12     INFO -  'PROPERTIES_FILE': '/builds/slave/test/buildprops.json',
16:58:12     INFO -  'PWD': '/builds/slave/test',
16:58:12     INFO -  'SHELL': '/bin/bash',
16:58:12     INFO -  'SHLVL': '1',
16:58:12     INFO -  'TERM': 'linux',
16:58:12     INFO -  'TMOUT': '86400',
16:58:12     INFO -  'USER': 'cltbld',
16:58:12     INFO -  'XDG_SESSION_COOKIE': '9ca12473fbb1d023794ffd180000023c-1528502093.210833-531434888',
16:58:12     INFO -  '_': '/tools/buildbot/bin/python'}
16:58:12     INFO - Calling ['/builds/slave/test/build/venv/bin/python', '-u', '/builds/slave/test/build/tests/web-platform/runtests.py', '--log-raw=-', '--log-raw=/builds/slave/test/build/blobber_upload_dir/wpt_raw.log', '--log-errorsummary=/builds/slave/test/build/blobber_upload_dir/wpt_errorsummary.log', '--binary=/builds/slave/test/build/application/firefox/firefox', '--symbols-path=https://queue.taskcluster.net/v1/task/I1iAdq48Sa60c5BCPWswkg/artifacts/public/build/firefox-52.8.2.en-US.linux-x86_64.crashreporter-symbols.zip', '--stackwalk-binary=/builds/slave/test/build/linux64-minidump_stackwalk', '--stackfix-dir=/builds/slave/test/build/tests/bin', '--test-type=testharness', '--total-chunks=5', '--this-chunk=5', '--prefs-root=/builds/slave/test/build/tests/web-platform/prefs', '--processes=1', '--config=/builds/slave/test/build/tests/web-platform/wptrunner.ini', '--ca-cert-path=/builds/slave/test/build/tests/web-platform/certs/cacert.pem', '--host-key-path=/builds/slave/test/build/tests/web-platform/certs/web-platform.test.key', '--host-cert-path=/builds/slave/test/build/tests/web-platform/certs/web-platform.test.pem', '--certutil-binary=/builds/slave/test/build/tests/bin/certutil'] with output_timeout 1000
16:58:14     INFO - STDERR: Opening manifest at /builds/slave/test/build/tests/web-platform/meta/MANIFEST.json
16:58:15     INFO - STDERR: Opening manifest at /builds/slave/test/build/tests/web-platform/mozilla/meta/MANIFEST.json
16:58:28     INFO - Using 1 client processes
16:58:29     INFO - wptserve Starting http server on 127.0.0.1:8000
16:58:29     INFO - wptserve Starting http server on 127.0.0.1:8001
16:58:29     INFO - wptserve Starting http server on 127.0.0.1:8443
16:58:31     INFO - SUITE-START | Running 1054 tests
16:58:31     INFO - Running testharness tests
16:58:31     INFO - TEST-START | /battery-status/battery-promise-iframe.html
16:58:31     INFO - TEST-SKIP | /battery-status/battery-promise-iframe.html | took 1ms
16:58:31     INFO - TEST-START | /battery-status/battery-promise-window.html
16:58:31     INFO - TEST-SKIP | /battery-status/battery-promise-window.html | took 1ms
16:58:31     INFO - TEST-START | /battery-status/battery-promise.html
16:58:31     INFO - TEST-SKIP | /battery-status/battery-promise.html | took 1ms
16:58:31     INFO - TEST-START | /dom/nodes/Document-contentType/contentType/contenttype_bmp.html
16:58:31     INFO - TEST-SKIP | /dom/nodes/Document-contentType/contentType/contenttype_bmp.html | took 0ms
16:58:31     INFO - TEST-START | /html/editing/focus/focus-management/focus-event-targets-simple.html
16:58:31     INFO - TEST-SKIP | /html/editing/focus/focus-management/focus-event-targets-simple.html | took 0ms
16:58:31     INFO - TEST-START | /html/editing/focus/focus-management/focus-events.html
16:58:31     INFO - TEST-SKIP | /html/editing/focus/focus-management/focus-events.html | took 1ms
16:58:31     INFO - TEST-START | /html/infrastructure/urls/resolving-urls/query-encoding/utf-16be.html
16:58:31     INFO - TEST-SKIP | /html/infrastructure/urls/resolving-urls/query-encoding/utf-16be.html | took 1ms
16:58:31     INFO - TEST-START | /html/infrastructure/urls/resolving-urls/query-encoding/utf-16le.html
16:58:31     INFO - TEST-SKIP | /html/infrastructure/urls/resolving-urls/query-encoding/utf-16le.html | took 0ms
16:58:31     INFO - TEST-START | /html/infrastructure/urls/resolving-urls/query-encoding/utf-8.html
16:58:31     INFO - TEST-SKIP | /html/infrastructure/urls/resolving-urls/query-encoding/utf-8.html | took 0ms
16:58:31     INFO - TEST-START | /html/infrastructure/urls/resolving-urls/query-encoding/windows-1251.html
16:58:31     INFO - TEST-SKIP | /html/infrastructure/urls/resolving-urls/query-encoding/windows-1251.html | took 0ms
16:58:31     INFO - TEST-START | /html/infrastructure/urls/resolving-urls/query-encoding/windows-1252.html
16:58:31     INFO - TEST-SKIP | /html/infrastructure/urls/resolving-urls/query-encoding/windows-1252.html | took 0ms
16:58:31     INFO - TEST-START | /mixed-content/blockable/http-csp/same-host-http/form-tag/top-level/no-redirect/opt-in-blocks.https.html
16:58:31     INFO - TEST-SKIP | /mixed-content/blockable/http-csp/same-host-http/form-tag/top-level/no-redirect/opt-in-blocks.https.html | took 0ms
16:58:31     INFO - TEST-START | /mixed-content/blockable/no-opt-in/same-host-http/form-tag/top-level/keep-scheme-redirect/no-opt-in-blocks.https.html
16:58:31     INFO - TEST-SKIP | /mixed-content/blockable/no-opt-in/same-host-http/form-tag/top-level/keep-scheme-redirect/no-opt-in-blocks.https.html | took 1ms
16:58:31     INFO - TEST-START | /mixed-content/blockable/no-opt-in/same-host-http/form-tag/top-level/no-redirect/no-opt-in-blocks.https.html
16:58:31     INFO - TEST-SKIP | /mixed-content/blockable/no-opt-in/same-host-http/form-tag/top-level/no-redirect/no-opt-in-blocks.https.html | took 0ms
16:58:31     INFO - TEST-START | /referrer-policy/no-referrer/meta-referrer/cross-origin/http-http/img-tag/generic.keep-origin-redirect.http.html
16:58:31     INFO - TEST-SKIP | /referrer-policy/no-referrer/meta-referrer/cross-origin/http-http/img-tag/generic.keep-origin-redirect.http.html | took 0ms
16:58:31     INFO - TEST-START | /referrer-policy/no-referrer/meta-referrer/cross-origin/http-http/img-tag/generic.no-redirect.http.html
16:58:31     INFO - TEST-SKIP | /referrer-policy/no-referrer/meta-referrer/cross-origin/http-http/img-tag/generic.no-redirect.http.html | took 0ms
16:58:31     INFO - TEST-START | /referrer-policy/no-referrer/meta-referrer/cross-origin/http-http/img-tag/generic.swap-origin-redirect.http.html
16:58:31     INFO - TEST-SKIP | /referrer-policy/no-referrer/meta-referrer/cross-origin/http-http/img-tag/generic.swap-origin-redirect.http.html | took 1ms
16:58:31     INFO - TEST-START | /referrer-policy/no-referrer/meta-referrer/cross-origin/http-https/img-tag/generic.keep-origin-redirect.http.html
16:58:31     INFO - TEST-SKIP | /referrer-policy/no-referrer/meta-referrer/cross-origin/http-https/img-tag/generic.keep-origin-redirect.http.html | took 4ms
16:58:31     INFO - TEST-START | /referrer-policy/no-referrer/meta-referrer/cross-origin/http-https/img-tag/generic.no-redirect.http.html
16:58:31     INFO - TEST-SKIP | /referrer-policy/no-referrer/meta-referrer/cross-origin/http-https/img-tag/generic.no-redirect.http.html | took 0ms
16:58:31     INFO - TEST-START | /referrer-policy/no-referrer/meta-referrer/cross-origin/http-https/img-tag/generic.swap-origin-redirect.http.html
16:58:31     INFO - TEST-SKIP | /referrer-policy/no-referrer/meta-referrer/cross-origin/http-https/img-tag/generic.swap-origin-redirect.http.html | took 0ms
16:58:31     INFO - TEST-START | /referrer-policy/origin-when-cross-origin/meta-referrer/same-origin/http-http/img-tag/same-origin-insecure.keep-origin-redirect.http.html
16:58:31     INFO - TEST-SKIP | /referrer-policy/origin-when-cross-origin/meta-referrer/same-origin/http-http/img-tag/same-origin-insecure.keep-origin-redirect.http.html | took 1ms
16:58:31     INFO - TEST-START | /referrer-policy/origin-when-cross-origin/meta-referrer/same-origin/http-http/img-tag/same-origin-insecure.no-redirect.http.html
16:58:31     INFO - TEST-SKIP | /referrer-policy/origin-when-cross-origin/meta-referrer/same-origin/http-http/img-tag/same-origin-insecure.no-redirect.http.html | took 1ms
16:58:31     INFO - TEST-START | /referrer-policy/origin-when-cross-origin/meta-referrer/same-origin/http-http/img-tag/same-origin-insecure.swap-origin-redirect.http.html
16:58:31     INFO - TEST-SKIP | /referrer-policy/origin-when-cross-origin/meta-referrer/same-origin/http-http/img-tag/same-origin-insecure.swap-origin-redirect.http.html | took 0ms
16:58:31     INFO - TEST-START | /referrer-policy/origin-when-cross-origin/meta-referrer/same-origin/http-https/img-tag/same-origin-downgrade.keep-origin-redirect.http.html
16:58:31     INFO - TEST-SKIP | /referrer-policy/origin-when-cross-origin/meta-referrer/same-origin/http-https/img-tag/same-origin-downgrade.keep-origin-redirect.http.html | took 0ms
16:58:31     INFO - TEST-START | /referrer-policy/origin-when-cross-origin/meta-referrer/same-origin/http-https/img-tag/same-origin-downgrade.no-redirect.http.html
16:58:31     INFO - TEST-SKIP | /referrer-policy/origin-when-cross-origin/meta-referrer/same-origin/http-https/img-tag/same-origin-downgrade.no-redirect.http.html | took 1ms
16:58:31     INFO - TEST-START | /referrer-policy/origin-when-cross-origin/meta-referrer/same-origin/http-https/img-tag/same-origin-downgrade.swap-origin-redirect.http.html
16:58:31     INFO - TEST-SKIP | /referrer-policy/origin-when-cross-origin/meta-referrer/same-origin/http-https/img-tag/same-origin-downgrade.swap-origin-redirect.http.html | took 0ms
16:58:31     INFO - TEST-START | /referrer-policy/origin-when-cross-origin/meta-referrer/same-origin/http-https/img-tag/same-origin-insecure.swap-origin-redirect.http.html
16:58:31     INFO - TEST-SKIP | /referrer-policy/origin-when-cross-origin/meta-referrer/same-origin/http-https/img-tag/same-origin-insecure.swap-origin-redirect.http.html | took 1ms
16:58:31     INFO - TEST-START | /referrer-policy/origin-when-cross-origin/meta-referrer/same-origin/http-https/img-tag/same-origin-upgrade.keep-origin-redirect.http.html
16:58:31     INFO - TEST-SKIP | /referrer-policy/origin-when-cross-origin/meta-referrer/same-origin/http-https/img-tag/same-origin-upgrade.keep-origin-redirect.http.html | took 1ms
16:58:31     INFO - TEST-START | /referrer-policy/origin-when-cross-origin/meta-referrer/same-origin/http-https/img-tag/same-origin-upgrade.no-redirect.http.html
16:58:31     INFO - TEST-SKIP | /referrer-policy/origin-when-cross-origin/meta-referrer/same-origin/http-https/img-tag/same-origin-upgrade.no-redirect.http.html | took 0ms
16:58:31     INFO - TEST-START | /referrer-policy/origin-when-cross-origin/meta-referrer/same-origin/http-https/img-tag/same-origin-upgrade.swap-origin-redirect.http.html
16:58:31     INFO - TEST-SKIP | /referrer-policy/origin-when-cross-origin/meta-referrer/same-origin/http-https/img-tag/same-origin-upgrade.swap-origin-redirect.http.html | took 0ms
16:58:31     INFO - TEST-START | /referrer-policy/strict-origin-when-cross-origin/http-rp/cross-origin/http-http/iframe-tag/cross-insecure.keep-origin-redirect.http.html
16:58:31     INFO - TEST-SKIP | /referrer-policy/strict-origin-when-cross-origin/http-rp/cross-origin/http-http/iframe-tag/cross-insecure.keep-origin-redirect.http.html | took 0ms
16:58:31     INFO - TEST-START | /referrer-policy/strict-origin-when-cross-origin/http-rp/cross-origin/http-http/iframe-tag/cross-insecure.no-redirect.http.html
16:58:31     INFO - TEST-SKIP | /referrer-policy/strict-origin-when-cross-origin/http-rp/cross-origin/http-http/iframe-tag/cross-insecure.no-redirect.http.html | took 1ms
16:58:31     INFO - TEST-START | /referrer-policy/strict-origin-when-cross-origin/http-rp/cross-origin/http-http/iframe-tag/cross-insecure.swap-origin-redirect.http.html
16:58:31     INFO - TEST-SKIP | /referrer-policy/strict-origin-when-cross-origin/http-rp/cross-origin/http-http/iframe-tag/cross-insecure.swap-origin-redirect.http.html | took 5ms
16:58:31     INFO - TEST-START | /referrer-policy/strict-origin-when-cross-origin/http-rp/cross-origin/http-http/img-tag/cross-insecure.keep-origin-redirect.http.html
16:58:31     INFO - TEST-SKIP | /referrer-policy/strict-origin-when-cross-origin/http-rp/cross-origin/http-http/img-tag/cross-insecure.keep-origin-redirect.http.html | took 0ms
16:58:31     INFO - TEST-START | /referrer-policy/strict-origin-when-cross-origin/http-rp/cross-origin/http-http/img-tag/cross-insecure.no-redirect.http.html
16:58:31     INFO - TEST-SKIP | /referrer-policy/strict-origin-when-cross-origin/http-rp/cross-origin/http-http/img-tag/cross-insecure.no-redirect.http.html | took 1ms
16:58:31     INFO - TEST-START | /referrer-policy/strict-origin-when-cross-origin/http-rp/cross-origin/http-http/img-tag/cross-insecure.swap-origin-redirect.http.html
16:58:31     INFO - TEST-SKIP | /referrer-policy/strict-origin-when-cross-origin/http-rp/cross-origin/http-http/img-tag/cross-insecure.swap-origin-redirect.http.html | took 1ms
16:58:31     INFO - TEST-START | /referrer-policy/strict-origin-when-cross-origin/http-rp/cross-origin/http-https/img-tag/upgrade-protocol.keep-origin-redirect.http.html
16:58:31     INFO - TEST-SKIP | /referrer-policy/strict-origin-when-cross-origin/http-rp/cross-origin/http-https/img-tag/upgrade-protocol.keep-origin-redirect.http.html | took 0ms
16:58:31     INFO - TEST-START | /referrer-policy/strict-origin-when-cross-origin/http-rp/cross-origin/http-https/img-tag/upgrade-protocol.no-redirect.http.html
16:58:31     INFO - TEST-SKIP | /referrer-policy/strict-origin-when-cross-origin/http-rp/cross-origin/http-https/img-tag/upgrade-protocol.no-redirect.http.html | took 0ms
16:58:31     INFO - TEST-START | /referrer-policy/strict-origin-when-cross-origin/http-rp/cross-origin/http-https/img-tag/upgrade-protocol.swap-origin-redirect.http.html
16:58:31     INFO - TEST-SKIP | /referrer-policy/strict-origin-when-cross-origin/http-rp/cross-origin/http-https/img-tag/upgrade-protocol.swap-origin-redirect.http.html | took 1ms
16:58:31     INFO - TEST-START | /referrer-policy/strict-origin-when-cross-origin/http-rp/same-origin/http-http/iframe-tag/same-insecure.keep-origin-redirect.http.html
16:58:31     INFO - TEST-SKIP | /referrer-policy/strict-origin-when-cross-origin/http-rp/same-origin/http-http/iframe-tag/same-insecure.keep-origin-redirect.http.html | took 1ms
16:58:31     INFO - TEST-START | /referrer-policy/strict-origin-when-cross-origin/http-rp/same-origin/http-http/iframe-tag/same-insecure.no-redirect.http.html
16:58:31     INFO - TEST-SKIP | /referrer-policy/strict-origin-when-cross-origin/http-rp/same-origin/http-http/iframe-tag/same-insecure.no-redirect.http.html | took 0ms
16:58:31     INFO - TEST-START | /referrer-policy/strict-origin-when-cross-origin/http-rp/same-origin/http-http/iframe-tag/same-insecure.swap-origin-redirect.http.html
16:58:31     INFO - TEST-SKIP | /referrer-policy/strict-origin-when-cross-origin/http-rp/same-origin/http-http/iframe-tag/same-insecure.swap-origin-redirect.http.html | took 1ms
16:58:31     INFO - TEST-START | /referrer-policy/strict-origin-when-cross-origin/http-rp/same-origin/http-http/script-tag/same-insecure.keep-origin-redirect.http.html
16:58:31     INFO - TEST-SKIP | /referrer-policy/strict-origin-when-cross-origin/http-rp/same-origin/http-http/script-tag/same-insecure.keep-origin-redirect.http.html | took 1ms
16:58:31     INFO - TEST-START | /referrer-policy/strict-origin-when-cross-origin/http-rp/same-origin/http-http/script-tag/same-insecure.no-redirect.http.html
16:58:31     INFO - TEST-SKIP | /referrer-policy/strict-origin-when-cross-origin/http-rp/same-origin/http-http/script-tag/same-insecure.no-redirect.http.html | took 0ms
16:58:31     INFO - TEST-START | /referrer-policy/strict-origin-when-cross-origin/http-rp/same-origin/http-http/script-tag/same-insecure.swap-origin-redirect.http.html
16:58:31     INFO - TEST-SKIP | /referrer-policy/strict-origin-when-cross-origin/http-rp/same-origin/http-http/script-tag/same-insecure.swap-origin-redirect.http.html | took 0ms
16:58:31     INFO - TEST-START | /referrer-policy/strict-origin-when-cross-origin/http-rp/same-origin/http-https/iframe-tag/upgrade-protocol.keep-origin-redirect.http.html
16:58:31     INFO - TEST-SKIP | /referrer-policy/strict-origin-when-cross-origin/http-rp/same-origin/http-https/iframe-tag/upgrade-protocol.keep-origin-redirect.http.html | took 1ms
16:58:31     INFO - TEST-START | /referrer-policy/strict-origin-when-cross-origin/http-rp/same-origin/http-https/iframe-tag/upgrade-protocol.no-redirect.http.html
16:58:31     INFO - TEST-SKIP | /referrer-policy/strict-origin-when-cross-origin/http-rp/same-origin/http-https/iframe-tag/upgrade-protocol.no-redirect.http.html | took 1ms
16:58:31     INFO - TEST-START | /referrer-policy/strict-origin-when-cross-origin/http-rp/same-origin/http-https/iframe-tag/upgrade-protocol.swap-origin-redirect.http.html
16:58:31     INFO - TEST-SKIP | /referrer-policy/strict-origin-when-cross-origin/http-rp/same-origin/http-https/iframe-tag/upgrade-protocol.swap-origin-redirect.http.html | took 5ms
16:58:31     INFO - TEST-START | /referrer-policy/strict-origin-when-cross-origin/http-rp/same-origin/http-https/xhr-request/upgrade-protocol.keep-origin-redirect.http.html
16:58:31     INFO - TEST-SKIP | /referrer-policy/strict-origin-when-cross-origin/http-rp/same-origin/http-https/xhr-request/upgrade-protocol.keep-origin-redirect.http.html | took 1ms
16:58:31     INFO - TEST-START | /referrer-policy/strict-origin-when-cross-origin/http-rp/same-origin/http-https/xhr-request/upgrade-protocol.no-redirect.http.html
16:58:31     INFO - TEST-SKIP | /referrer-policy/strict-origin-when-cross-origin/http-rp/same-origin/http-https/xhr-request/upgrade-protocol.no-redirect.http.html | took 1ms
16:58:31     INFO - TEST-START | /referrer-policy/strict-origin-when-cross-origin/http-rp/same-origin/http-https/xhr-request/upgrade-protocol.swap-origin-redirect.http.html
16:58:31     INFO - TEST-SKIP | /referrer-policy/strict-origin-when-cross-origin/http-rp/same-origin/http-https/xhr-request/upgrade-protocol.swap-origin-redirect.http.html | took 0ms
16:58:31     INFO - TEST-START | /referrer-policy/strict-origin-when-cross-origin/meta-referrer/cross-origin/http-http/iframe-tag/cross-insecure.keep-origin-redirect.http.html
16:58:31     INFO - TEST-SKIP | /referrer-policy/strict-origin-when-cross-origin/meta-referrer/cross-origin/http-http/iframe-tag/cross-insecure.keep-origin-redirect.http.html | took 0ms
16:58:31     INFO - TEST-START | /referrer-policy/strict-origin-when-cross-origin/meta-referrer/cross-origin/http-http/iframe-tag/cross-insecure.no-redirect.http.html
16:58:31     INFO - TEST-SKIP | /referrer-policy/strict-origin-when-cross-origin/meta-referrer/cross-origin/http-http/iframe-tag/cross-insecure.no-redirect.http.html | took 1ms
16:58:31     INFO - TEST-START | /referrer-policy/strict-origin-when-cross-origin/meta-referrer/cross-origin/http-http/iframe-tag/cross-insecure.swap-origin-redirect.http.html
16:58:31     INFO - TEST-SKIP | /referrer-policy/strict-origin-when-cross-origin/meta-referrer/cross-origin/http-http/iframe-tag/cross-insecure.swap-origin-redirect.http.html | took 1ms
16:58:31     INFO - TEST-START | /referrer-policy/strict-origin-when-cross-origin/meta-referrer/cross-origin/http-https/script-tag/upgrade-protocol.keep-origin-redirect.http.html
16:58:31     INFO - TEST-SKIP | /referrer-policy/strict-origin-when-cross-origin/meta-referrer/cross-origin/http-https/script-tag/upgrade-protocol.keep-origin-redirect.http.html | took 6ms
16:58:31     INFO - TEST-START | /referrer-policy/strict-origin-when-cross-origin/meta-referrer/cross-origin/http-https/script-tag/upgrade-protocol.no-redirect.http.html
16:58:31     INFO - TEST-SKIP | /referrer-policy/strict-origin-when-cross-origin/meta-referrer/cross-origin/http-https/script-tag/upgrade-protocol.no-redirect.http.html | took 0ms
16:58:31     INFO - TEST-START | /referrer-policy/strict-origin-when-cross-origin/meta-referrer/cross-origin/http-https/script-tag/upgrade-protocol.swap-origin-redirect.http.html
16:58:31     INFO - TEST-SKIP | /referrer-policy/strict-origin-when-cross-origin/meta-referrer/cross-origin/http-https/script-tag/upgrade-protocol.swap-origin-redirect.http.html | took 0ms
16:58:31     INFO - TEST-START | /referrer-policy/strict-origin/attr-referrer/cross-origin/http-https/iframe-tag/upgrade-protocol.keep-origin-redirect.http.html
16:58:31     INFO - TEST-SKIP | /referrer-policy/strict-origin/attr-referrer/cross-origin/http-https/iframe-tag/upgrade-protocol.keep-origin-redirect.http.html | took 1ms
16:58:31     INFO - TEST-START | /referrer-policy/strict-origin/attr-referrer/cross-origin/http-https/iframe-tag/upgrade-protocol.no-redirect.http.html
16:58:31     INFO - TEST-SKIP | /referrer-policy/strict-origin/attr-referrer/cross-origin/http-https/iframe-tag/upgrade-protocol.no-redirect.http.html | took 1ms
16:58:31     INFO - TEST-START | /referrer-policy/strict-origin/attr-referrer/cross-origin/http-https/iframe-tag/upgrade-protocol.swap-origin-redirect.http.html
16:58:31     INFO - TEST-SKIP | /referrer-policy/strict-origin/attr-referrer/cross-origin/http-https/iframe-tag/upgrade-protocol.swap-origin-redirect.http.html | took 0ms
16:58:31     INFO - TEST-START | /referrer-policy/strict-origin/attr-referrer/same-origin/http-http/img-tag/insecure-protocol.keep-origin-redirect.http.html
16:58:31     INFO - TEST-SKIP | /referrer-policy/strict-origin/attr-referrer/same-origin/http-http/img-tag/insecure-protocol.keep-origin-redirect.http.html | took 0ms
16:58:31     INFO - TEST-START | /referrer-policy/strict-origin/attr-referrer/same-origin/http-http/img-tag/insecure-protocol.no-redirect.http.html
16:58:31     INFO - TEST-SKIP | /referrer-policy/strict-origin/attr-referrer/same-origin/http-http/img-tag/insecure-protocol.no-redirect.http.html | took 0ms
16:58:31     INFO - TEST-START | /referrer-policy/strict-origin/attr-referrer/same-origin/http-http/img-tag/insecure-protocol.swap-origin-redirect.http.html
16:58:31     INFO - TEST-SKIP | /referrer-policy/strict-origin/attr-referrer/same-origin/http-http/img-tag/insecure-protocol.swap-origin-redirect.http.html | took 0ms
16:58:31     INFO - TEST-START | /referrer-policy/strict-origin/http-rp/cross-origin/http-http/script-tag/insecure-protocol.keep-origin-redirect.http.html
16:58:31     INFO - TEST-SKIP | /referrer-policy/strict-origin/http-rp/cross-origin/http-http/script-tag/insecure-protocol.keep-origin-redirect.http.html | took 0ms
16:58:31     INFO - TEST-START | /referrer-policy/strict-origin/http-rp/cross-origin/http-http/script-tag/insecure-protocol.no-redirect.http.html
16:58:31     INFO - TEST-SKIP | /referrer-policy/strict-origin/http-rp/cross-origin/http-http/script-tag/insecure-protocol.no-redirect.http.html | took 1ms
16:58:31     INFO - TEST-START | /referrer-policy/strict-origin/http-rp/cross-origin/http-http/script-tag/insecure-protocol.swap-origin-redirect.http.html
16:58:31     INFO - TEST-SKIP | /referrer-policy/strict-origin/http-rp/cross-origin/http-http/script-tag/insecure-protocol.swap-origin-redirect.http.html | took 1ms
16:58:31     INFO - TEST-START | /referrer-policy/strict-origin/meta-referrer/cross-origin/http-http/iframe-tag/insecure-protocol.keep-origin-redirect.http.html
16:58:31     INFO - TEST-SKIP | /referrer-policy/strict-origin/meta-referrer/cross-origin/http-http/iframe-tag/insecure-protocol.keep-origin-redirect.http.html | took 0ms
16:58:31     INFO - TEST-START | /referrer-policy/strict-origin/meta-referrer/cross-origin/http-http/iframe-tag/insecure-protocol.no-redirect.http.html
16:58:31     INFO - TEST-SKIP | /referrer-policy/strict-origin/meta-referrer/cross-origin/http-http/iframe-tag/insecure-protocol.no-redirect.http.html | took 0ms
16:58:31     INFO - TEST-START | /referrer-policy/strict-origin/meta-referrer/cross-origin/http-http/iframe-tag/insecure-protocol.swap-origin-redirect.http.html
16:58:31     INFO - TEST-SKIP | /referrer-policy/strict-origin/meta-referrer/cross-origin/http-http/iframe-tag/insecure-protocol.swap-origin-redirect.http.html | took 1ms
16:58:31     INFO - TEST-START | /referrer-policy/strict-origin/meta-referrer/cross-origin/http-http/xhr-request/insecure-protocol.keep-origin-redirect.http.html
16:58:31     INFO - TEST-SKIP | /referrer-policy/strict-origin/meta-referrer/cross-origin/http-http/xhr-request/insecure-protocol.keep-origin-redirect.http.html | took 5ms
16:58:31     INFO - TEST-START | /referrer-policy/strict-origin/meta-referrer/cross-origin/http-http/xhr-request/insecure-protocol.no-redirect.http.html
16:58:31     INFO - TEST-SKIP | /referrer-policy/strict-origin/meta-referrer/cross-origin/http-http/xhr-request/insecure-protocol.no-redirect.http.html | took 0ms
16:58:31     INFO - TEST-START | /referrer-policy/strict-origin/meta-referrer/cross-origin/http-http/xhr-request/insecure-protocol.swap-origin-redirect.http.html
16:58:31     INFO - TEST-SKIP | /referrer-policy/strict-origin/meta-referrer/cross-origin/http-http/xhr-request/insecure-protocol.swap-origin-redirect.http.html | took 1ms
16:58:31     INFO - TEST-START | /referrer-policy/strict-origin/meta-referrer/cross-origin/http-https/iframe-tag/upgrade-protocol.keep-origin-redirect.http.html
16:58:31     INFO - TEST-SKIP | /referrer-policy/strict-origin/meta-referrer/cross-origin/http-https/iframe-tag/upgrade-protocol.keep-origin-redirect.http.html | took 1ms
16:58:31     INFO - TEST-START | /referrer-policy/strict-origin/meta-referrer/cross-origin/http-https/iframe-tag/upgrade-protocol.no-redirect.http.html
16:58:31     INFO - TEST-SKIP | /referrer-policy/strict-origin/meta-referrer/cross-origin/http-https/iframe-tag/upgrade-protocol.no-redirect.http.html | took 0ms
16:58:31     INFO - TEST-START | /referrer-policy/strict-origin/meta-referrer/cross-origin/http-https/iframe-tag/upgrade-protocol.swap-origin-redirect.http.html
16:58:31     INFO - TEST-SKIP | /referrer-policy/strict-origin/meta-referrer/cross-origin/http-https/iframe-tag/upgrade-protocol.swap-origin-redirect.http.html | took 0ms
16:58:31     INFO - TEST-START | /referrer-policy/strict-origin/meta-referrer/same-origin/http-https/iframe-tag/upgrade-protocol.keep-origin-redirect.http.html
16:58:31     INFO - TEST-SKIP | /referrer-policy/strict-origin/meta-referrer/same-origin/http-https/iframe-tag/upgrade-protocol.keep-origin-redirect.http.html | took 0ms
16:58:31     INFO - TEST-START | /referrer-policy/strict-origin/meta-referrer/same-origin/http-https/iframe-tag/upgrade-protocol.no-redirect.http.html
16:58:31     INFO - TEST-SKIP | /referrer-policy/strict-origin/meta-referrer/same-origin/http-https/iframe-tag/upgrade-protocol.no-redirect.http.html | took 1ms
16:58:31     INFO - TEST-START | /referrer-policy/strict-origin/meta-referrer/same-origin/http-https/iframe-tag/upgrade-protocol.swap-origin-redirect.http.html
16:58:31     INFO - TEST-SKIP | /referrer-policy/strict-origin/meta-referrer/same-origin/http-https/iframe-tag/upgrade-protocol.swap-origin-redirect.http.html | took 0ms
16:58:31     INFO - TEST-START | /referrer-policy/unsafe-url/meta-referrer/same-origin/http-https/img-tag/generic.keep-origin-redirect.http.html
16:58:31     INFO - TEST-SKIP | /referrer-policy/unsafe-url/meta-referrer/same-origin/http-https/img-tag/generic.keep-origin-redirect.http.html | took 0ms
16:58:31     INFO - TEST-START | /referrer-policy/unsafe-url/meta-referrer/same-origin/http-https/img-tag/generic.no-redirect.http.html
16:58:31     INFO - TEST-SKIP | /referrer-policy/unsafe-url/meta-referrer/same-origin/http-https/img-tag/generic.no-redirect.http.html | took 1ms
16:58:31     INFO - TEST-START | /referrer-policy/unsafe-url/meta-referrer/same-origin/http-https/img-tag/generic.swap-origin-redirect.http.html
16:58:31     INFO - TEST-SKIP | /referrer-policy/unsafe-url/meta-referrer/same-origin/http-https/img-tag/generic.swap-origin-redirect.http.html | took 1ms
16:58:31     INFO - TEST-START | /referrer-policy/unset-referrer-policy/meta-referrer/same-origin/http-https/img-tag/upgrade-protocol.keep-origin-redirect.http.html
16:58:31     INFO - TEST-SKIP | /referrer-policy/unset-referrer-policy/meta-referrer/same-origin/http-https/img-tag/upgrade-protocol.keep-origin-redirect.http.html | took 0ms
16:58:31     INFO - TEST-START | /referrer-policy/unset-referrer-policy/meta-referrer/same-origin/http-https/img-tag/upgrade-protocol.no-redirect.http.html
16:58:31     INFO - TEST-SKIP | /referrer-policy/unset-referrer-policy/meta-referrer/same-origin/http-https/img-tag/upgrade-protocol.no-redirect.http.html | took 0ms
16:58:31     INFO - TEST-START | /referrer-policy/unset-referrer-policy/meta-referrer/same-origin/http-https/img-tag/upgrade-protocol.swap-origin-redirect.http.html
16:58:31     INFO - TEST-SKIP | /referrer-policy/unset-referrer-policy/meta-referrer/same-origin/http-https/img-tag/upgrade-protocol.swap-origin-redirect.http.html | took 1ms
16:58:31     INFO - TEST-START | /webgl/conformance-1.0.3/conformance/buffers/buffer-bind-test.html
16:58:31     INFO - TEST-SKIP | /webgl/conformance-1.0.3/conformance/buffers/buffer-bind-test.html | took 0ms
16:58:31     INFO - TEST-START | /webgl/conformance-1.0.3/conformance/buffers/buffer-data-array-buffer-delete.html
16:58:31     INFO - TEST-SKIP | /webgl/conformance-1.0.3/conformance/buffers/buffer-data-array-buffer-delete.html | took 1ms
16:58:31     INFO - TEST-START | /webgl/conformance-1.0.3/conformance/buffers/buffer-data-array-buffer.html
16:58:31     INFO - TEST-SKIP | /webgl/conformance-1.0.3/conformance/buffers/buffer-data-array-buffer.html | took 1ms
16:58:31     INFO - TEST-START | /webgl/conformance-1.0.3/conformance/buffers/element-array-buffer-delete-recreate.html
16:58:31     INFO - TEST-SKIP | /webgl/conformance-1.0.3/conformance/buffers/element-array-buffer-delete-recreate.html | took 0ms
16:58:31     INFO - TEST-START | /webgl/conformance-1.0.3/conformance/buffers/index-validation-copies-indices.html
16:58:31     INFO - TEST-SKIP | /webgl/conformance-1.0.3/conformance/buffers/index-validation-copies-indices.html | took 0ms
16:58:31     INFO - TEST-START | /webgl/conformance-1.0.3/conformance/buffers/index-validation-crash-with-buffer-sub-data.html
16:58:31     INFO - TEST-SKIP | /webgl/conformance-1.0.3/conformance/buffers/index-validation-crash-with-buffer-sub-data.html | took 0ms
16:58:31     INFO - TEST-START | /webgl/conformance-1.0.3/conformance/buffers/index-validation-large-buffer.html
16:58:31     INFO - TEST-SKIP | /webgl/conformance-1.0.3/conformance/buffers/index-validation-large-buffer.html | took 1ms
16:58:31     INFO - TEST-START | /webgl/conformance-1.0.3/conformance/buffers/index-validation-verifies-too-many-indices.html
16:58:31     INFO - TEST-SKIP | /webgl/conformance-1.0.3/conformance/buffers/index-validation-verifies-too-many-indices.html | took 1ms
16:58:31     INFO - TEST-START | /webgl/conformance-1.0.3/conformance/buffers/index-validation-with-resized-buffer.html
16:58:31     INFO - TEST-SKIP | /webgl/conformance-1.0.3/conformance/buffers/index-validation-with-resized-buffer.html | took 1ms
16:58:31     INFO - TEST-START | /webgl/conformance-1.0.3/conformance/buffers/index-validation.html
16:58:31     INFO - TEST-SKIP | /webgl/conformance-1.0.3/conformance/buffers/index-validation.html | took 0ms
16:58:31     INFO - TEST-START | /webgl/conformance-1.0.3/conformance/glsl/bugs/angle-d3d11-compiler-error.html
16:58:31     INFO - TEST-SKIP | /webgl/conformance-1.0.3/conformance/glsl/bugs/angle-d3d11-compiler-error.html | took 0ms
16:58:31     INFO - TEST-START | /webgl/conformance-1.0.3/conformance/glsl/bugs/angle-dx-variable-bug.html
16:58:31     INFO - TEST-SKIP | /webgl/conformance-1.0.3/conformance/glsl/bugs/angle-dx-variable-bug.html | took 1ms
16:58:31     INFO - TEST-START | /webgl/conformance-1.0.3/conformance/glsl/bugs/array-of-struct-with-int-first-position.html
16:58:31     INFO - TEST-SKIP | /webgl/conformance-1.0.3/conformance/glsl/bugs/array-of-struct-with-int-first-position.html | took 1ms
16:58:31     INFO - TEST-START | /webgl/conformance-1.0.3/conformance/glsl/bugs/compare-loop-index-to-uniform.html
16:58:32     INFO - TEST-SKIP | /webgl/conformance-1.0.3/conformance/glsl/bugs/compare-loop-index-to-uniform.html | took 0ms
16:58:32     INFO - TEST-START | /webgl/conformance-1.0.3/conformance/glsl/bugs/complex-glsl-does-not-crash.html
16:58:32     INFO - TEST-SKIP | /webgl/conformance-1.0.3/conformance/glsl/bugs/complex-glsl-does-not-crash.html | took 0ms
16:58:32     INFO - TEST-START | /webgl/conformance-1.0.3/conformance/glsl/bugs/conditional-discard-in-loop.html
16:58:32     INFO - TEST-SKIP | /webgl/conformance-1.0.3/conformance/glsl/bugs/conditional-discard-in-loop.html | took 0ms
16:58:32     INFO - TEST-START | /webgl/conformance-1.0.3/conformance/glsl/bugs/conditional-discard-optimization.html
16:58:32     INFO - TEST-SKIP | /webgl/conformance-1.0.3/conformance/glsl/bugs/conditional-discard-optimization.html | took 1ms
16:58:32     INFO - TEST-START | /webgl/conformance-1.0.3/conformance/glsl/bugs/constant-precision-qualifier.html
16:58:32     INFO - TEST-SKIP | /webgl/conformance-1.0.3/conformance/glsl/bugs/constant-precision-qualifier.html | took 1ms
16:58:32     INFO - TEST-START | /webgl/conformance-1.0.3/conformance/glsl/bugs/essl3-shaders-with-webgl1.html
16:58:32     INFO - TEST-SKIP | /webgl/conformance-1.0.3/conformance/glsl/bugs/essl3-shaders-with-webgl1.html | took 0ms
16:58:32     INFO - TEST-START | /webgl/conformance-1.0.3/conformance/glsl/bugs/floored-division-accuracy.html
16:58:32     INFO - TEST-SKIP | /webgl/conformance-1.0.3/conformance/glsl/bugs/floored-division-accuracy.html | took 1ms
16:58:32     INFO - TEST-START | /webgl/conformance-1.0.3/conformance/glsl/bugs/fragcoord-linking-bug.html
16:58:32     INFO - TEST-SKIP | /webgl/conformance-1.0.3/conformance/glsl/bugs/fragcoord-linking-bug.html | took 1ms
16:58:32     INFO - TEST-START | /webgl/conformance-1.0.3/conformance/glsl/bugs/long-expressions-should-not-crash.html
16:58:32     INFO - TEST-SKIP | /webgl/conformance-1.0.3/conformance/glsl/bugs/long-expressions-should-not-crash.html | took 0ms
16:58:32     INFO - TEST-START | /webgl/conformance-1.0.3/conformance/glsl/bugs/modulo-arithmetic-accuracy.html
16:58:32     INFO - TEST-SKIP | /webgl/conformance-1.0.3/conformance/glsl/bugs/modulo-arithmetic-accuracy.html | took 0ms
16:58:32     INFO - TEST-START | /webgl/conformance-1.0.3/conformance/glsl/bugs/multiplication-assignment.html
16:58:32     INFO - TEST-SKIP | /webgl/conformance-1.0.3/conformance/glsl/bugs/multiplication-assignment.html | took 0ms
16:58:32     INFO - TEST-START | /webgl/conformance-1.0.3/conformance/glsl/bugs/nested-functions-should-not-crash.html
16:58:32     INFO - TEST-SKIP | /webgl/conformance-1.0.3/conformance/glsl/bugs/nested-functions-should-not-crash.html | took 1ms
16:58:32     INFO - TEST-START | /webgl/conformance-1.0.3/conformance/glsl/bugs/sampler-array-using-loop-index.html
16:58:32     INFO - TEST-SKIP | /webgl/conformance-1.0.3/conformance/glsl/bugs/sampler-array-using-loop-index.html | took 0ms
16:58:32     INFO - TEST-START | /webgl/conformance-1.0.3/conformance/glsl/bugs/temp-expressions-should-not-crash.html
16:58:32     INFO - TEST-SKIP | /webgl/conformance-1.0.3/conformance/glsl/bugs/temp-expressions-should-not-crash.html | took 0ms
16:58:32     INFO - TEST-START | /webgl/conformance-1.0.3/conformance/glsl/bugs/uniforms-should-not-lose-values.html
16:58:32     INFO - TEST-SKIP | /webgl/conformance-1.0.3/conformance/glsl/bugs/uniforms-should-not-lose-values.html | took 0ms
16:58:32     INFO - TEST-START | /webgl/conformance-1.0.3/conformance/limits/gl-max-texture-dimensions.html
16:58:32     INFO - TEST-SKIP | /webgl/conformance-1.0.3/conformance/limits/gl-max-texture-dimensions.html | took 0ms
16:58:32     INFO - TEST-START | /webgl/conformance-1.0.3/conformance/limits/gl-min-attribs.html
16:58:32     INFO - TEST-SKIP | /webgl/conformance-1.0.3/conformance/limits/gl-min-attribs.html | took 0ms
16:58:32     INFO - TEST-START | /webgl/conformance-1.0.3/conformance/limits/gl-min-textures.html
16:58:32     INFO - TEST-SKIP | /webgl/conformance-1.0.3/conformance/limits/gl-min-textures.html | took 1ms
16:58:32     INFO - TEST-START | /webgl/conformance-1.0.3/conformance/limits/gl-min-uniforms.html
16:58:32     INFO - TEST-SKIP | /webgl/conformance-1.0.3/conformance/limits/gl-min-uniforms.html | took 1ms
16:58:32     INFO - TEST-START | /webgl/conformance-1.0.3/conformance/ogles/GL/asin/asin_001_to_006.html
16:58:32     INFO - TEST-SKIP | /webgl/conformance-1.0.3/conformance/ogles/GL/asin/asin_001_to_006.html | took 0ms
16:58:32     INFO - TEST-START | /webgl/conformance-1.0.3/conformance/ogles/GL/ceil/ceil_001_to_006.html
16:58:32     INFO - TEST-SKIP | /webgl/conformance-1.0.3/conformance/ogles/GL/ceil/ceil_001_to_006.html | took 0ms
16:58:32     INFO - TEST-START | /webgl/conformance-1.0.3/conformance/ogles/GL/control_flow/control_flow_001_to_008.html
16:58:32     INFO - TEST-SKIP | /webgl/conformance-1.0.3/conformance/ogles/GL/control_flow/control_flow_001_to_008.html | took 0ms
16:58:32     INFO - TEST-START | /webgl/conformance-1.0.3/conformance/ogles/GL/control_flow/control_flow_009_to_010.html
16:58:32     INFO - TEST-SKIP | /webgl/conformance-1.0.3/conformance/ogles/GL/control_flow/control_flow_009_to_010.html | took 1ms
16:58:32     INFO - TEST-START | /webgl/conformance-1.0.3/conformance/ogles/GL/exp/exp_001_to_008.html
16:58:32     INFO - TEST-SKIP | /webgl/conformance-1.0.3/conformance/ogles/GL/exp/exp_001_to_008.html | took 1ms
16:58:32     INFO - TEST-START | /webgl/conformance-1.0.3/conformance/ogles/GL/exp/exp_009_to_012.html
16:58:32     INFO - TEST-SKIP | /webgl/conformance-1.0.3/conformance/ogles/GL/exp/exp_009_to_012.html | took 3ms
16:58:32     INFO - TEST-START | /webgl/conformance-1.0.3/conformance/ogles/GL/length/length_001_to_006.html
16:58:32     INFO - TEST-SKIP | /webgl/conformance-1.0.3/conformance/ogles/GL/length/length_001_to_006.html | took 0ms
16:58:32     INFO - TEST-START | /webgl/conformance-1.0.3/conformance/ogles/GL/lessThanEqual/lessThanEqual_001_to_008.html
16:58:32     INFO - TEST-SKIP | /webgl/conformance-1.0.3/conformance/ogles/GL/lessThanEqual/lessThanEqual_001_to_008.html | took 1ms
16:58:32     INFO - TEST-START | /webgl/conformance-1.0.3/conformance/ogles/GL/log/log_001_to_008.html
16:58:32     INFO - TEST-SKIP | /webgl/conformance-1.0.3/conformance/ogles/GL/log/log_001_to_008.html | took 1ms
16:58:32     INFO - TEST-START | /webgl/conformance-1.0.3/conformance/ogles/GL/log/log_009_to_012.html
16:58:32     INFO - TEST-SKIP | /webgl/conformance-1.0.3/conformance/ogles/GL/log/log_009_to_012.html | took 0ms
16:58:32     INFO - TEST-START | /webgl/conformance-1.0.3/conformance/ogles/GL/matrixCompMult/matrixCompMult_001_to_004.html
16:58:32     INFO - TEST-SKIP | /webgl/conformance-1.0.3/conformance/ogles/GL/matrixCompMult/matrixCompMult_001_to_004.html | took 0ms
16:58:32     INFO - TEST-START | /webgl/conformance-1.0.3/conformance/ogles/GL/sign/sign_001_to_006.html
16:58:32     INFO - TEST-SKIP | /webgl/conformance-1.0.3/conformance/ogles/GL/sign/sign_001_to_006.html | took 1ms
16:58:32     INFO - TEST-START | /webgl/conformance-1.0.3/conformance/ogles/GL/step/step_001_to_006.html
16:58:32     INFO - TEST-SKIP | /webgl/conformance-1.0.3/conformance/ogles/GL/step/step_001_to_006.html | took 1ms
16:58:32     INFO - TEST-START | /webgl/conformance-1.0.3/conformance/ogles/GL/vec3/vec3_001_to_008.html
16:58:32     INFO - TEST-SKIP | /webgl/conformance-1.0.3/conformance/ogles/GL/vec3/vec3_001_to_008.html | took 0ms
16:58:32     INFO - TEST-START | /webgl/conformance-1.0.3/conformance/state/gl-enable-enum-test.html
16:58:32     INFO - TEST-SKIP | /webgl/conformance-1.0.3/conformance/state/gl-enable-enum-test.html | took 0ms
16:58:32     INFO - TEST-START | /webgl/conformance-1.0.3/conformance/state/gl-enum-tests.html
16:58:32     INFO - TEST-SKIP | /webgl/conformance-1.0.3/conformance/state/gl-enum-tests.html | took 1ms
16:58:32     INFO - TEST-START | /webgl/conformance-1.0.3/conformance/state/gl-get-calls.html
16:58:32     INFO - TEST-SKIP | /webgl/conformance-1.0.3/conformance/state/gl-get-calls.html | took 0ms
16:58:32     INFO - TEST-START | /webgl/conformance-1.0.3/conformance/state/gl-geterror.html
16:58:32     INFO - TEST-SKIP | /webgl/conformance-1.0.3/conformance/state/gl-geterror.html | took 1ms
16:58:32     INFO - TEST-START | /webgl/conformance-1.0.3/conformance/state/gl-getstring.html
16:58:32     INFO - TEST-SKIP | /webgl/conformance-1.0.3/conformance/state/gl-getstring.html | took 0ms
16:58:32     INFO - TEST-START | /webgl/conformance-1.0.3/conformance/state/gl-object-get-calls.html
16:58:32     INFO - TEST-SKIP | /webgl/conformance-1.0.3/conformance/state/gl-object-get-calls.html | took 1ms
16:58:32     INFO - TEST-START | /webgl/conformance-1.0.3/conformance/state/state-uneffected-after-compositing.html
16:58:32     INFO - TEST-SKIP | /webgl/conformance-1.0.3/conformance/state/state-uneffected-after-compositing.html | took 0ms
16:58:32     INFO - TEST-START | /webgl/conformance-1.0.3/conformance/uniforms/gl-uniform-arrays.html
16:58:32     INFO - TEST-SKIP | /webgl/conformance-1.0.3/conformance/uniforms/gl-uniform-arrays.html | took 0ms
16:58:32     INFO - TEST-START | /webgl/conformance-1.0.3/conformance/uniforms/gl-uniform-bool.html
16:58:32     INFO - TEST-SKIP | /webgl/conformance-1.0.3/conformance/uniforms/gl-uniform-bool.html | took 0ms
16:58:32     INFO - TEST-START | /webgl/conformance-1.0.3/conformance/uniforms/gl-uniformmatrix4fv.html
16:58:32     INFO - TEST-SKIP | /webgl/conformance-1.0.3/conformance/uniforms/gl-uniformmatrix4fv.html | took 0ms
16:58:32     INFO - TEST-START | /webgl/conformance-1.0.3/conformance/uniforms/gl-unknown-uniform.html
16:58:32     INFO - TEST-SKIP | /webgl/conformance-1.0.3/conformance/uniforms/gl-unknown-uniform.html | took 0ms
16:58:32     INFO - TEST-START | /webgl/conformance-1.0.3/conformance/uniforms/null-uniform-location.html
16:58:32     INFO - TEST-SKIP | /webgl/conformance-1.0.3/conformance/uniforms/null-uniform-location.html | took 0ms
16:58:32     INFO - TEST-START | /webgl/conformance-1.0.3/conformance/uniforms/out-of-bounds-uniform-array-access.html
16:58:32     INFO - TEST-SKIP | /webgl/conformance-1.0.3/conformance/uniforms/out-of-bounds-uniform-array-access.html | took 0ms
16:58:32     INFO - TEST-START | /webgl/conformance-1.0.3/conformance/uniforms/uniform-default-values.html
16:58:32     INFO - TEST-SKIP | /webgl/conformance-1.0.3/conformance/uniforms/uniform-default-values.html | took 0ms
16:58:32     INFO - TEST-START | /webgl/conformance-1.0.3/conformance/uniforms/uniform-location.html
16:58:32     INFO - TEST-SKIP | /webgl/conformance-1.0.3/conformance/uniforms/uniform-location.html | took 1ms
16:58:32     INFO - TEST-START | /webgl/conformance-1.0.3/conformance/uniforms/uniform-samplers-test.html
16:58:32     INFO - TEST-SKIP | /webgl/conformance-1.0.3/conformance/uniforms/uniform-samplers-test.html | took 0ms
16:58:32     INFO - TEST-START | /webgl/conformance-1.0.3/conformance/uniforms/uniform-values-per-program.html
16:58:32     INFO - TEST-SKIP | /webgl/conformance-1.0.3/conformance/uniforms/uniform-values-per-program.html | took 1ms
16:58:32     INFO - TEST-START | /websockets/interfaces/WebSocket/extensions/001.html?wss
16:58:32     INFO - TEST-SKIP | /websockets/interfaces/WebSocket/extensions/001.html?wss | took 0ms
16:58:32     INFO - TEST-START | /websockets/interfaces/WebSocket/extensions/001.html
16:58:32     INFO - TEST-SKIP | /websockets/interfaces/WebSocket/extensions/001.html | took 0ms
16:58:32     INFO - TEST-START | /webstorage/storage_local_setitem_quotaexceedederr.html
16:58:32     INFO - TEST-SKIP | /webstorage/storage_local_setitem_quotaexceedederr.html | took 0ms
16:58:32     INFO - TEST-START | /webstorage/storage_session_setitem_quotaexceedederr.html
16:58:32     INFO - TEST-SKIP | /webstorage/storage_session_setitem_quotaexceedederr.html | took 3ms
16:58:32     INFO - Setting up ssl
16:58:32     INFO - PROCESS | certutil | 
16:58:32     INFO - PROCESS | certutil | 
16:58:32     INFO - PROCESS | certutil | 
16:58:32     INFO - Certificate Nickname                                         Trust Attributes
16:58:32     INFO -                                                              SSL,S/MIME,JAR/XPI
16:58:32     INFO - 
16:58:32     INFO - web-platform-tests                                           CT,, 
16:58:32     INFO - 
16:58:32     INFO - Application command: /builds/slave/test/build/application/firefox/firefox --marionette about:blank -profile /tmp/tmpWjdqNs.mozrunner
16:58:32     INFO - Starting runner
16:58:34     INFO - PROCESS | 2176 | 1528502314620	Marionette	INFO	Listening on port 2828
16:58:39     INFO - TEST-START | /2dcontext/drawing-rectangles-to-the-canvas/2d.clearRect.basic.html
16:58:40     INFO - .
16:58:40     INFO - TEST-OK | /2dcontext/drawing-rectangles-to-the-canvas/2d.clearRect.basic.html | took 1031ms
16:58:40     INFO - TEST-START | /2dcontext/drawing-rectangles-to-the-canvas/2d.clearRect.clip.html
16:58:41     INFO - .
16:58:41     INFO - TEST-OK | /2dcontext/drawing-rectangles-to-the-canvas/2d.clearRect.clip.html | took 770ms
16:58:41     INFO - TEST-START | /2dcontext/drawing-rectangles-to-the-canvas/2d.clearRect.globalalpha.html
16:58:42     INFO - .
16:58:42     INFO - TEST-OK | /2dcontext/drawing-rectangles-to-the-canvas/2d.clearRect.globalalpha.html | took 723ms
16:58:42     INFO - TEST-START | /2dcontext/drawing-rectangles-to-the-canvas/2d.clearRect.globalcomposite.html
16:58:43     INFO - .
16:58:43     INFO - TEST-OK | /2dcontext/drawing-rectangles-to-the-canvas/2d.clearRect.globalcomposite.html | took 827ms
16:58:43     INFO - TEST-START | /2dcontext/drawing-rectangles-to-the-canvas/2d.clearRect.negative.html
16:58:43     INFO - .
16:58:43     INFO - TEST-OK | /2dcontext/drawing-rectangles-to-the-canvas/2d.clearRect.negative.html | took 719ms
16:58:43     INFO - TEST-START | /2dcontext/drawing-rectangles-to-the-canvas/2d.clearRect.nonfinite.html
16:58:44     INFO - .
16:58:44     INFO - TEST-OK | /2dcontext/drawing-rectangles-to-the-canvas/2d.clearRect.nonfinite.html | took 785ms
16:58:44     INFO - TEST-START | /2dcontext/drawing-rectangles-to-the-canvas/2d.clearRect.path.html
16:58:45     INFO - .
16:58:45     INFO - TEST-OK | /2dcontext/drawing-rectangles-to-the-canvas/2d.clearRect.path.html | took 1176ms
16:58:45     INFO - TEST-START | /2dcontext/drawing-rectangles-to-the-canvas/2d.clearRect.shadow.html
16:58:46     INFO - .
16:58:46     INFO - TEST-OK | /2dcontext/drawing-rectangles-to-the-canvas/2d.clearRect.shadow.html | took 821ms
16:58:46     INFO - TEST-START | /2dcontext/drawing-rectangles-to-the-canvas/2d.clearRect.transform.html
16:58:47     INFO - .
16:58:47     INFO - TEST-OK | /2dcontext/drawing-rectangles-to-the-canvas/2d.clearRect.transform.html | took 821ms
16:58:47     INFO - TEST-START | /2dcontext/drawing-rectangles-to-the-canvas/2d.clearRect.zero.html
16:58:48     INFO - .
16:58:48     INFO - TEST-OK | /2dcontext/drawing-rectangles-to-the-canvas/2d.clearRect.zero.html | took 773ms
16:58:48     INFO - TEST-START | /2dcontext/drawing-rectangles-to-the-canvas/2d.fillRect.basic.html
16:58:49     INFO - .
16:58:49     INFO - TEST-OK | /2dcontext/drawing-rectangles-to-the-canvas/2d.fillRect.basic.html | took 834ms
16:58:49     INFO - TEST-START | /2dcontext/drawing-rectangles-to-the-canvas/2d.fillRect.clip.html
16:58:50     INFO - .
16:58:50     INFO - TEST-OK | /2dcontext/drawing-rectangles-to-the-canvas/2d.fillRect.clip.html | took 784ms
16:58:50     INFO - TEST-START | /2dcontext/drawing-rectangles-to-the-canvas/2d.fillRect.negative.html
16:58:50     INFO - .
16:58:50     INFO - TEST-OK | /2dcontext/drawing-rectangles-to-the-canvas/2d.fillRect.negative.html | took 821ms
16:58:50     INFO - TEST-START | /2dcontext/drawing-rectangles-to-the-canvas/2d.fillRect.nonfinite.html
16:58:51     INFO - .
16:58:51     INFO - TEST-OK | /2dcontext/drawing-rectangles-to-the-canvas/2d.fillRect.nonfinite.html | took 741ms
16:58:51     INFO - TEST-START | /2dcontext/drawing-rectangles-to-the-canvas/2d.fillRect.path.html
16:58:52     INFO - .
16:58:52     INFO - TEST-OK | /2dcontext/drawing-rectangles-to-the-canvas/2d.fillRect.path.html | took 823ms
16:58:52     INFO - TEST-START | /2dcontext/drawing-rectangles-to-the-canvas/2d.fillRect.shadow.html
16:58:53     INFO - .
16:58:53     INFO - TEST-OK | /2dcontext/drawing-rectangles-to-the-canvas/2d.fillRect.shadow.html | took 679ms
16:58:53     INFO - TEST-START | /2dcontext/drawing-rectangles-to-the-canvas/2d.fillRect.transform.html
16:58:53     INFO - .
16:58:53     INFO - TEST-OK | /2dcontext/drawing-rectangles-to-the-canvas/2d.fillRect.transform.html | took 686ms
16:58:53     INFO - TEST-START | /2dcontext/drawing-rectangles-to-the-canvas/2d.fillRect.zero.html
16:58:54     INFO - .
16:58:54     INFO - TEST-OK | /2dcontext/drawing-rectangles-to-the-canvas/2d.fillRect.zero.html | took 771ms
16:58:54     INFO - TEST-START | /2dcontext/drawing-rectangles-to-the-canvas/2d.strokeRect.basic.html
16:58:55     INFO - .
16:58:55     INFO - TEST-OK | /2dcontext/drawing-rectangles-to-the-canvas/2d.strokeRect.basic.html | took 771ms
16:58:55     INFO - TEST-START | /2dcontext/drawing-rectangles-to-the-canvas/2d.strokeRect.clip.html
16:58:56     INFO - .
16:58:56     INFO - TEST-OK | /2dcontext/drawing-rectangles-to-the-canvas/2d.strokeRect.clip.html | took 826ms
16:58:56     INFO - TEST-START | /2dcontext/drawing-rectangles-to-the-canvas/2d.strokeRect.globalalpha.html
16:58:57     INFO - .
16:58:57     INFO - TEST-OK | /2dcontext/drawing-rectangles-to-the-canvas/2d.strokeRect.globalalpha.html | took 1094ms
16:58:57     INFO - TEST-START | /2dcontext/drawing-rectangles-to-the-canvas/2d.strokeRect.globalcomposite.html
16:58:58     INFO - .
16:58:58     INFO - TEST-OK | /2dcontext/drawing-rectangles-to-the-canvas/2d.strokeRect.globalcomposite.html | took 1094ms
16:58:58     INFO - TEST-START | /2dcontext/drawing-rectangles-to-the-canvas/2d.strokeRect.negative.html
16:58:59     INFO - .
16:58:59     INFO - TEST-OK | /2dcontext/drawing-rectangles-to-the-canvas/2d.strokeRect.negative.html | took 827ms
16:58:59     INFO - TEST-START | /2dcontext/drawing-rectangles-to-the-canvas/2d.strokeRect.nonfinite.html
16:59:00     INFO - .
16:59:00     INFO - TEST-OK | /2dcontext/drawing-rectangles-to-the-canvas/2d.strokeRect.nonfinite.html | took 891ms
16:59:00     INFO - TEST-START | /2dcontext/drawing-rectangles-to-the-canvas/2d.strokeRect.path.html
16:59:01     INFO - .
16:59:01     INFO - TEST-OK | /2dcontext/drawing-rectangles-to-the-canvas/2d.strokeRect.path.html | took 984ms
16:59:01     INFO - TEST-START | /2dcontext/drawing-rectangles-to-the-canvas/2d.strokeRect.shadow.html
16:59:02     INFO - .
16:59:02     INFO - TEST-OK | /2dcontext/drawing-rectangles-to-the-canvas/2d.strokeRect.shadow.html | took 975ms
16:59:02     INFO - TEST-START | /2dcontext/drawing-rectangles-to-the-canvas/2d.strokeRect.transform.html
16:59:03     INFO - .
16:59:03     INFO - TEST-OK | /2dcontext/drawing-rectangles-to-the-canvas/2d.strokeRect.transform.html | took 873ms
16:59:03     INFO - TEST-START | /2dcontext/drawing-rectangles-to-the-canvas/2d.strokeRect.zero.1.html
16:59:03     INFO - .
16:59:03     INFO - TEST-OK | /2dcontext/drawing-rectangles-to-the-canvas/2d.strokeRect.zero.1.html | took 775ms
16:59:03     INFO - TEST-START | /2dcontext/drawing-rectangles-to-the-canvas/2d.strokeRect.zero.2.html
16:59:04     INFO - .
16:59:04     INFO - TEST-OK | /2dcontext/drawing-rectangles-to-the-canvas/2d.strokeRect.zero.2.html | took 1029ms
16:59:05     INFO - TEST-START | /2dcontext/drawing-rectangles-to-the-canvas/2d.strokeRect.zero.3.html
16:59:05     INFO - .
16:59:05     INFO - TEST-OK | /2dcontext/drawing-rectangles-to-the-canvas/2d.strokeRect.zero.3.html | took 830ms
16:59:05     INFO - TEST-START | /2dcontext/drawing-rectangles-to-the-canvas/2d.strokeRect.zero.4.html
16:59:06     INFO - .
16:59:06     INFO - TEST-OK | /2dcontext/drawing-rectangles-to-the-canvas/2d.strokeRect.zero.4.html | took 930ms
16:59:06     INFO - TEST-START | /2dcontext/drawing-rectangles-to-the-canvas/2d.strokeRect.zero.5.html
16:59:07     INFO - .
16:59:07     INFO - TEST-OK | /2dcontext/drawing-rectangles-to-the-canvas/2d.strokeRect.zero.5.html | took 875ms
16:59:07     INFO - TEST-START | /WebCryptoAPI/sign_verify/ecdsa.worker
16:59:09     INFO - ........................................................................................................................................................................
16:59:09     INFO - TEST-OK | /WebCryptoAPI/sign_verify/ecdsa.worker | took 1914ms
16:59:09     INFO - TEST-START | /WebCryptoAPI/sign_verify/hmac.worker
16:59:10     INFO - ........................................
16:59:10     INFO - TEST-OK | /WebCryptoAPI/sign_verify/hmac.worker | took 1057ms
16:59:10     INFO - TEST-START | /WebCryptoAPI/sign_verify/rsa_pkcs.worker
16:59:12     INFO - ............................................
16:59:12     INFO - TEST-OK | /WebCryptoAPI/sign_verify/rsa_pkcs.worker | took 1354ms
16:59:12     INFO - TEST-START | /WebCryptoAPI/sign_verify/rsa_pss.worker
16:59:13     INFO - ........................................................................................
16:59:13     INFO - TEST-OK | /WebCryptoAPI/sign_verify/rsa_pss.worker | took 1412ms
16:59:13     INFO - TEST-START | /WebCryptoAPI/sign_verify/test_ecdsa.html
16:59:14     INFO - PROCESS | 2176 | JavaScript warning: http://web-platform.test:8000/WebCryptoAPI/sign_verify/ecdsa.js, line 478: unreachable code after return statement
16:59:14     INFO - PROCESS | 2176 | JavaScript warning: http://web-platform.test:8000/WebCryptoAPI/sign_verify/ecdsa.js, line 478: unreachable code after return statement
16:59:15     INFO - ..............................................
16:59:15     INFO - TEST-OK | /WebCryptoAPI/sign_verify/test_ecdsa.html | took 1525ms
16:59:15     INFO - TEST-START | /WebCryptoAPI/sign_verify/test_hmac.html
16:59:15     INFO - PROCESS | 2176 | JavaScript warning: http://web-platform.test:8000/WebCryptoAPI/sign_verify/hmac.js, line 346: unreachable code after return statement
16:59:15     INFO - PROCESS | 2176 | JavaScript warning: http://web-platform.test:8000/WebCryptoAPI/sign_verify/hmac.js, line 346: unreachable code after return statement
16:59:15     INFO - ........................................
16:59:15     INFO - TEST-OK | /WebCryptoAPI/sign_verify/test_hmac.html | took 935ms
16:59:16     INFO - TEST-START | /WebCryptoAPI/sign_verify/test_rsa_pkcs.html
16:59:17     INFO - ............................................
16:59:17     INFO - TEST-OK | /WebCryptoAPI/sign_verify/test_rsa_pkcs.html | took 1194ms
16:59:17     INFO - TEST-START | /WebCryptoAPI/sign_verify/test_rsa_pss.html
16:59:18     INFO - ........................................................................................
16:59:18     INFO - TEST-OK | /WebCryptoAPI/sign_verify/test_rsa_pss.html | took 1414ms
16:59:18     INFO - TEST-START | /battery-status/battery-interface-idlharness.html
16:59:19     INFO - .
16:59:19     INFO - TEST-OK | /battery-status/battery-interface-idlharness.html | took 938ms
16:59:19     INFO - TEST-START | /content-security-policy/generic/generic-0_1-img-src.html
16:59:20     INFO - ..
16:59:20     INFO - TEST-OK | /content-security-policy/generic/generic-0_1-img-src.html | took 1175ms
16:59:20     INFO - TEST-START | /content-security-policy/generic/generic-0_1-script-src.html
16:59:21     INFO - ...
16:59:21     INFO - TEST-OK | /content-security-policy/generic/generic-0_1-script-src.html | took 1121ms
16:59:21     INFO - TEST-START | /content-security-policy/generic/generic-0_10.html
16:59:27     INFO - .
16:59:27     INFO - TEST-OK | /content-security-policy/generic/generic-0_10.html | took 5703ms
16:59:27     INFO - TEST-START | /content-security-policy/generic/generic-0_10_1.sub.html
16:59:28     INFO - ..
16:59:28     INFO - TEST-OK | /content-security-policy/generic/generic-0_10_1.sub.html | took 1174ms
16:59:28     INFO - TEST-START | /content-security-policy/generic/generic-0_2.html
16:59:34     INFO - ..
16:59:34     INFO - TEST-OK | /content-security-policy/generic/generic-0_2.html | took 5694ms
16:59:34     INFO - TEST-START | /content-security-policy/generic/generic-0_2_2.sub.html
16:59:35     INFO - ..
16:59:35     INFO - TEST-OK | /content-security-policy/generic/generic-0_2_2.sub.html | took 1175ms
16:59:35     INFO - TEST-START | /content-security-policy/generic/generic-0_2_3.html
16:59:36     INFO - ..
16:59:36     INFO - TEST-OK | /content-security-policy/generic/generic-0_2_3.html | took 1187ms
16:59:36     INFO - TEST-START | /content-security-policy/generic/generic-0_8.html
16:59:42     INFO - ..
16:59:42     INFO - TEST-OK | /content-security-policy/generic/generic-0_8.html | took 5839ms
16:59:42     INFO - TEST-START | /content-security-policy/generic/generic-0_8_1.sub.html
16:59:43     INFO - ..
16:59:43     INFO - TEST-OK | /content-security-policy/generic/generic-0_8_1.sub.html | took 1225ms
16:59:43     INFO - TEST-START | /content-security-policy/generic/generic-0_9.sub.html
16:59:49     INFO - ..
16:59:49     INFO - TEST-OK | /content-security-policy/generic/generic-0_9.sub.html | took 5804ms
16:59:49     INFO - TEST-START | /content-security-policy/generic/no-default-src.sub.html
16:59:55     INFO - ..
16:59:55     INFO - TEST-OK | /content-security-policy/generic/no-default-src.sub.html | took 5698ms
16:59:55     INFO - TEST-START | /cookies/secure/set-from-dom.https.sub.html
16:59:56     INFO - ..
16:59:56     INFO - TEST-OK | /cookies/secure/set-from-dom.https.sub.html | took 1040ms
16:59:56     INFO - TEST-START | /cookies/secure/set-from-dom.sub.html
16:59:57     INFO - ..
16:59:57     INFO - TEST-OK | /cookies/secure/set-from-dom.sub.html | took 1015ms
16:59:57     INFO - TEST-START | /cookies/secure/set-from-http.https.sub.html
16:59:58     INFO - ..
16:59:58     INFO - TEST-OK | /cookies/secure/set-from-http.https.sub.html | took 916ms
16:59:58     INFO - TEST-START | /cookies/secure/set-from-http.sub.html
16:59:59     INFO - ..
16:59:59     INFO - TEST-OK | /cookies/secure/set-from-http.sub.html | took 869ms
16:59:59     INFO - TEST-START | /cookies/secure/set-from-ws.https.sub.html
17:00:00     INFO - .
17:00:00     INFO - TEST-OK | /cookies/secure/set-from-ws.https.sub.html | took 914ms
17:00:00     INFO - TEST-START | /cookies/secure/set-from-wss.https.sub.html
17:00:01     INFO - .
17:00:01     INFO - TEST-OK | /cookies/secure/set-from-wss.https.sub.html | took 1026ms
17:00:01     INFO - TEST-START | /dom/historical.html
17:00:02     INFO - ................................................
17:00:02     INFO - TEST-OK | /dom/historical.html | took 1075ms
17:00:02     INFO - TEST-START | /dom/interface-objects.html
17:00:03     INFO - .....................
17:00:03     INFO - TEST-OK | /dom/interface-objects.html | took 838ms
17:00:03     INFO - TEST-START | /dom/interfaces.html
17:00:03     INFO - Setting pref dom.node.rootNode.enabled (true)
17:00:05     INFO - .........................................................................................................................................................................................................................................................................................................................................................................................................................................................................................................................................................................................................................................................................................................................................................................................................................................................................................................................................................................................................................................................................................................................................................................................................................................................................................................................................................................................................................................................................................................................................................................................................................................................................
17:00:05     INFO - TEST-OK | /dom/interfaces.html | took 2717ms
17:00:05     INFO - TEST-START | /dom/nodes/CharacterData-appendChild.html
17:00:05     INFO - Clearing pref dom.node.rootNode.enabled
17:00:06     INFO - .........
17:00:06     INFO - TEST-OK | /dom/nodes/CharacterData-appendChild.html | took 790ms
17:00:06     INFO - TEST-START | /dom/nodes/CharacterData-appendData.html
17:00:07     INFO - ..............
17:00:07     INFO - TEST-OK | /dom/nodes/CharacterData-appendData.html | took 778ms
17:00:07     INFO - TEST-START | /dom/nodes/CharacterData-data.html
17:00:08     INFO - ................
17:00:08     INFO - TEST-OK | /dom/nodes/CharacterData-data.html | took 632ms
17:00:08     INFO - TEST-START | /dom/nodes/CharacterData-deleteData.html
17:00:08     INFO - ..................
17:00:08     INFO - TEST-OK | /dom/nodes/CharacterData-deleteData.html | took 631ms
17:00:08     INFO - TEST-START | /dom/nodes/CharacterData-insertData.html
17:00:09     INFO - ..................
17:00:09     INFO - TEST-OK | /dom/nodes/CharacterData-insertData.html | took 675ms
17:00:09     INFO - TEST-START | /dom/nodes/CharacterData-remove.html
17:00:10     INFO - ............
17:00:10     INFO - TEST-OK | /dom/nodes/CharacterData-remove.html | took 629ms
17:00:10     INFO - TEST-START | /dom/nodes/CharacterData-replaceData.html
17:00:11     INFO - ..................................
17:00:11     INFO - TEST-OK | /dom/nodes/CharacterData-replaceData.html | took 815ms
17:00:11     INFO - TEST-START | /dom/nodes/CharacterData-substringData.html
17:00:11     INFO - ............................
17:00:11     INFO - TEST-OK | /dom/nodes/CharacterData-substringData.html | took 880ms
17:00:11     INFO - TEST-START | /dom/nodes/CharacterData-surrogates.html
17:00:12     INFO - ........
17:00:12     INFO - TEST-OK | /dom/nodes/CharacterData-surrogates.html | took 722ms
17:00:12     INFO - TEST-START | /dom/nodes/ChildNode-after.html
17:00:13     INFO - .............................................
17:00:13     INFO - TEST-OK | /dom/nodes/ChildNode-after.html | took 741ms
17:00:13     INFO - TEST-START | /dom/nodes/ChildNode-before.html
17:00:14     INFO - .............................................
17:00:14     INFO - TEST-OK | /dom/nodes/ChildNode-before.html | took 648ms
17:00:14     INFO - TEST-START | /dom/nodes/ChildNode-replaceWith.html
17:00:14     INFO - .................................
17:00:14     INFO - TEST-OK | /dom/nodes/ChildNode-replaceWith.html | took 682ms
17:00:14     INFO - TEST-START | /dom/nodes/Comment-constructor.html
17:00:15     INFO - ................
17:00:15     INFO - TEST-OK | /dom/nodes/Comment-constructor.html | took 774ms
17:00:15     INFO - TEST-START | /dom/nodes/DOMImplementation-createDocument.html
17:00:16     INFO - ...........................................................................................................................................................................................................................................................................................................................................................................................................
17:00:16     INFO - TEST-OK | /dom/nodes/DOMImplementation-createDocument.html | took 1278ms
17:00:16     INFO - TEST-START | /dom/nodes/DOMImplementation-createDocumentType.html
17:00:17     INFO - ..................................................................................
17:00:17     INFO - TEST-OK | /dom/nodes/DOMImplementation-createDocumentType.html | took 748ms
17:00:17     INFO - TEST-START | /dom/nodes/DOMImplementation-createHTMLDocument.html
17:00:18     INFO - ............
17:00:18     INFO - TEST-OK | /dom/nodes/DOMImplementation-createHTMLDocument.html | took 676ms
17:00:18     INFO - TEST-START | /dom/nodes/DOMImplementation-hasFeature.html
17:00:19     INFO - .........................................................................................................................................
17:00:19     INFO - TEST-OK | /dom/nodes/DOMImplementation-hasFeature.html | took 936ms
17:00:19     INFO - TEST-START | /dom/nodes/Document-URL.sub.html
17:00:19     INFO - .
17:00:19     INFO - TEST-OK | /dom/nodes/Document-URL.sub.html | took 727ms
17:00:19     INFO - TEST-START | /dom/nodes/Document-adoptNode.html
17:00:20     INFO - ....
17:00:20     INFO - TEST-OK | /dom/nodes/Document-adoptNode.html | took 675ms
17:00:20     INFO - TEST-START | /dom/nodes/Document-characterSet-normalization.html
17:00:26     INFO - ..............................................................................................................................................................................................................................................................................................................................................................................................................................................................................................................................................................................................................................................................................
17:00:26     INFO - TEST-OK | /dom/nodes/Document-characterSet-normalization.html | took 5823ms
17:00:26     INFO - TEST-START | /dom/nodes/Document-constructor.html
17:00:27     INFO - .....
17:00:27     INFO - TEST-OK | /dom/nodes/Document-constructor.html | took 783ms
17:00:27     INFO - TEST-START | /dom/nodes/Document-contentType/contentType/contenttype_css.html
17:00:28     INFO - .
17:00:28     INFO - TEST-OK | /dom/nodes/Document-contentType/contentType/contenttype_css.html | took 780ms
17:00:28     INFO - TEST-START | /dom/nodes/Document-contentType/contentType/contenttype_datauri_01.html
17:00:28     INFO - .
17:00:28     INFO - TEST-OK | /dom/nodes/Document-contentType/contentType/contenttype_datauri_01.html | took 777ms
17:00:28     INFO - TEST-START | /dom/nodes/Document-contentType/contentType/contenttype_datauri_02.html
17:00:29     INFO - .
17:00:29     INFO - TEST-OK | /dom/nodes/Document-contentType/contentType/contenttype_datauri_02.html | took 1022ms
17:00:29     INFO - TEST-START | /dom/nodes/Document-contentType/contentType/contenttype_gif.html
17:00:30     INFO - .
17:00:30     INFO - TEST-OK | /dom/nodes/Document-contentType/contentType/contenttype_gif.html | took 926ms
17:00:30     INFO - TEST-START | /dom/nodes/Document-contentType/contentType/contenttype_html.html
17:00:31     INFO - .
17:00:31     INFO - TEST-OK | /dom/nodes/Document-contentType/contentType/contenttype_html.html | took 772ms
17:00:31     INFO - TEST-START | /dom/nodes/Document-contentType/contentType/contenttype_javascripturi.html
17:00:32     INFO - .
17:00:32     INFO - TEST-OK | /dom/nodes/Document-contentType/contentType/contenttype_javascripturi.html | took 838ms
17:00:32     INFO - TEST-START | /dom/nodes/Document-contentType/contentType/contenttype_jpg.html
17:00:33     INFO - .
17:00:33     INFO - TEST-OK | /dom/nodes/Document-contentType/contentType/contenttype_jpg.html | took 823ms
17:00:33     INFO - TEST-START | /dom/nodes/Document-contentType/contentType/contenttype_mimeheader_01.html
17:00:34     INFO - .
17:00:34     INFO - TEST-OK | /dom/nodes/Document-contentType/contentType/contenttype_mimeheader_01.html | took 1027ms
17:00:34     INFO - TEST-START | /dom/nodes/Document-contentType/contentType/contenttype_mimeheader_02.html
17:00:35     INFO - .
17:00:35     INFO - TEST-OK | /dom/nodes/Document-contentType/contentType/contenttype_mimeheader_02.html | took 729ms
17:00:35     INFO - TEST-START | /dom/nodes/Document-contentType/contentType/contenttype_png.html
17:00:35     INFO - .
17:00:35     INFO - TEST-OK | /dom/nodes/Document-contentType/contentType/contenttype_png.html | took 673ms
17:00:35     INFO - TEST-START | /dom/nodes/Document-contentType/contentType/contenttype_txt.html
17:00:36     INFO - .
17:00:36     INFO - TEST-OK | /dom/nodes/Document-contentType/contentType/contenttype_txt.html | took 877ms
17:00:36     INFO - TEST-START | /dom/nodes/Document-contentType/contentType/contenttype_xml.html
17:00:37     INFO - .
17:00:37     INFO - TEST-OK | /dom/nodes/Document-contentType/contentType/contenttype_xml.html | took 1127ms
17:00:37     INFO - TEST-START | /dom/nodes/Document-contentType/contentType/createDocument.html
17:00:38     INFO - .
17:00:38     INFO - TEST-OK | /dom/nodes/Document-contentType/contentType/createDocument.html | took 1175ms
17:00:38     INFO - TEST-START | /dom/nodes/Document-contentType/contentType/createHTMLDocument.html
17:00:39     INFO - .
17:00:39     INFO - TEST-OK | /dom/nodes/Document-contentType/contentType/createHTMLDocument.html | took 673ms
17:00:39     INFO - TEST-START | /dom/nodes/Document-contentType/contentType/xhr_responseType_document.html
17:00:40     INFO - .
17:00:40     INFO - TEST-OK | /dom/nodes/Document-contentType/contentType/xhr_responseType_document.html | took 671ms
17:00:40     INFO - TEST-START | /dom/nodes/Document-createAttribute.html
17:00:41     INFO - ......................
17:00:41     INFO - TEST-OK | /dom/nodes/Document-createAttribute.html | took 776ms
17:00:41     INFO - TEST-START | /dom/nodes/Document-createComment.html
17:00:41     INFO - ......
17:00:41     INFO - TEST-OK | /dom/nodes/Document-createComment.html | took 770ms
17:00:41     INFO - TEST-START | /dom/nodes/Document-createElement-namespace.html
17:00:44     INFO - ...................................................
17:00:44     INFO - TEST-OK | /dom/nodes/Document-createElement-namespace.html | took 2512ms
17:00:44     INFO - TEST-START | /dom/nodes/Document-createElement.html
17:00:45     INFO - ...................................................................................................................................................
17:00:45     INFO - TEST-OK | /dom/nodes/Document-createElement.html | took 1138ms
17:00:45     INFO - TEST-START | /dom/nodes/Document-createElementNS.html
17:00:47     INFO - ..............................................................................................................................................................................................................................................................................................................................................................................................................................................................................................................................................................................................................
17:00:47     INFO - TEST-OK | /dom/nodes/Document-createElementNS.html | took 1975ms
17:00:47     INFO - TEST-START | /dom/nodes/Document-createEvent.html
17:00:48     INFO - ..........................................................................................................................................................................................................................................................................................................................................................
17:00:48     INFO - TEST-OK | /dom/nodes/Document-createEvent.html | took 1179ms
17:00:48     INFO - TEST-START | /dom/nodes/Document-createProcessingInstruction-xhtml.xhtml
17:00:49     INFO - ............
17:00:49     INFO - TEST-OK | /dom/nodes/Document-createProcessingInstruction-xhtml.xhtml | took 776ms
17:00:49     INFO - TEST-START | /dom/nodes/Document-createProcessingInstruction.html
17:00:50     INFO - ............
17:00:50     INFO - TEST-OK | /dom/nodes/Document-createProcessingInstruction.html | took 974ms
17:00:50     INFO - TEST-START | /dom/nodes/Document-createTextNode.html
17:00:51     INFO - ......
17:00:51     INFO - TEST-OK | /dom/nodes/Document-createTextNode.html | took 879ms
17:00:51     INFO - TEST-START | /dom/nodes/Document-createTreeWalker.html
17:00:51     INFO - .....
17:00:51     INFO - TEST-OK | /dom/nodes/Document-createTreeWalker.html | took 624ms
17:00:52     INFO - TEST-START | /dom/nodes/Document-doctype.html
17:00:52     INFO - ..
17:00:52     INFO - TEST-OK | /dom/nodes/Document-doctype.html | took 669ms
17:00:52     INFO - TEST-START | /dom/nodes/Document-getElementById.html
17:00:53     INFO - ..................
17:00:53     INFO - TEST-OK | /dom/nodes/Document-getElementById.html | took 674ms
17:00:53     INFO - TEST-START | /dom/nodes/Document-getElementsByTagName-xhtml.xhtml
17:00:54     INFO - ..........
17:00:54     INFO - TEST-OK | /dom/nodes/Document-getElementsByTagName-xhtml.xhtml | took 678ms
17:00:54     INFO - TEST-START | /dom/nodes/Document-getElementsByTagName.html
17:00:55     INFO - .................
17:00:55     INFO - TEST-OK | /dom/nodes/Document-getElementsByTagName.html | took 1037ms
17:00:55     INFO - TEST-START | /dom/nodes/Document-getElementsByTagNameNS.html
17:00:55     INFO - .............
17:00:55     INFO - TEST-OK | /dom/nodes/Document-getElementsByTagNameNS.html | took 848ms
17:00:55     INFO - TEST-START | /dom/nodes/Document-implementation.html
17:00:56     INFO - ..
17:00:56     INFO - TEST-OK | /dom/nodes/Document-implementation.html | took 834ms
17:00:56     INFO - TEST-START | /dom/nodes/Document-importNode.html
17:00:57     INFO - ....
17:00:57     INFO - TEST-OK | /dom/nodes/Document-importNode.html | took 786ms
17:00:57     INFO - TEST-START | /dom/nodes/DocumentType-literal-xhtml.xhtml
17:00:58     INFO - .
17:00:58     INFO - TEST-OK | /dom/nodes/DocumentType-literal-xhtml.xhtml | took 721ms
17:00:58     INFO - TEST-START | /dom/nodes/DocumentType-literal.html
17:00:59     INFO - .
17:00:59     INFO - TEST-OK | /dom/nodes/DocumentType-literal.html | took 777ms
17:00:59     INFO - TEST-START | /dom/nodes/DocumentType-remove.html
17:00:59     INFO - ....
17:00:59     INFO - TEST-OK | /dom/nodes/DocumentType-remove.html | took 681ms
17:00:59     INFO - TEST-START | /dom/nodes/Element-childElement-null-svg.svg
17:01:00     INFO - .
17:01:00     INFO - TEST-OK | /dom/nodes/Element-childElement-null-svg.svg | took 672ms
17:01:00     INFO - TEST-START | /dom/nodes/Element-childElement-null-xhtml.xhtml
17:01:01     INFO - .
17:01:01     INFO - TEST-OK | /dom/nodes/Element-childElement-null-xhtml.xhtml | took 730ms
17:01:01     INFO - TEST-START | /dom/nodes/Element-childElement-null.html
17:01:01     INFO - .
17:01:01     INFO - TEST-OK | /dom/nodes/Element-childElement-null.html | took 682ms
17:01:01     INFO - TEST-START | /dom/nodes/Element-childElementCount-dynamic-add-svg.svg
17:01:02     INFO - .
17:01:02     INFO - TEST-OK | /dom/nodes/Element-childElementCount-dynamic-add-svg.svg | took 832ms
17:01:02     INFO - TEST-START | /dom/nodes/Element-childElementCount-dynamic-add-xhtml.xhtml
17:01:03     INFO - .
17:01:03     INFO - TEST-OK | /dom/nodes/Element-childElementCount-dynamic-add-xhtml.xhtml | took 1171ms
17:01:03     INFO - TEST-START | /dom/nodes/Element-childElementCount-dynamic-add.html
17:01:04     INFO - .
17:01:04     INFO - TEST-OK | /dom/nodes/Element-childElementCount-dynamic-add.html | took 972ms
17:01:04     INFO - TEST-START | /dom/nodes/Element-childElementCount-dynamic-remove-svg.svg
17:01:05     INFO - .
17:01:05     INFO - TEST-OK | /dom/nodes/Element-childElementCount-dynamic-remove-svg.svg | took 870ms
17:01:05     INFO - TEST-START | /dom/nodes/Element-childElementCount-dynamic-remove-xhtml.xhtml
17:01:06     INFO - .
17:01:06     INFO - TEST-OK | /dom/nodes/Element-childElementCount-dynamic-remove-xhtml.xhtml | took 877ms
17:01:06     INFO - TEST-START | /dom/nodes/Element-childElementCount-dynamic-remove.html
17:01:07     INFO - .
17:01:07     INFO - TEST-OK | /dom/nodes/Element-childElementCount-dynamic-remove.html | took 831ms
17:01:07     INFO - TEST-START | /dom/nodes/Element-childElementCount-nochild-svg.svg
17:01:08     INFO - .
17:01:08     INFO - TEST-OK | /dom/nodes/Element-childElementCount-nochild-svg.svg | took 772ms
17:01:08     INFO - TEST-START | /dom/nodes/Element-childElementCount-nochild-xhtml.xhtml
17:01:09     INFO - .
17:01:09     INFO - TEST-OK | /dom/nodes/Element-childElementCount-nochild-xhtml.xhtml | took 877ms
17:01:09     INFO - TEST-START | /dom/nodes/Element-childElementCount-nochild.html
17:01:10     INFO - .
17:01:10     INFO - TEST-OK | /dom/nodes/Element-childElementCount-nochild.html | took 883ms
17:01:10     INFO - TEST-START | /dom/nodes/Element-childElementCount-svg.svg
17:01:11     INFO - .
17:01:11     INFO - TEST-OK | /dom/nodes/Element-childElementCount-svg.svg | took 1024ms
17:01:11     INFO - TEST-START | /dom/nodes/Element-childElementCount-xhtml.xhtml
17:01:12     INFO - .
17:01:12     INFO - TEST-OK | /dom/nodes/Element-childElementCount-xhtml.xhtml | took 1038ms
17:01:12     INFO - TEST-START | /dom/nodes/Element-childElementCount.html
17:01:13     INFO - .
17:01:13     INFO - TEST-OK | /dom/nodes/Element-childElementCount.html | took 838ms
17:01:13     INFO - TEST-START | /dom/nodes/Element-children.html
17:01:13     INFO - ..
17:01:13     INFO - TEST-OK | /dom/nodes/Element-children.html | took 832ms
17:01:13     INFO - TEST-START | /dom/nodes/Element-classlist.html
17:01:15     INFO - ..............................................................................
17:01:15     INFO - TEST-OK | /dom/nodes/Element-classlist.html | took 1126ms
17:01:15     INFO - TEST-START | /dom/nodes/Element-closest.html
17:01:15     INFO - .............................
17:01:15     INFO - TEST-OK | /dom/nodes/Element-closest.html | took 834ms
17:01:15     INFO - TEST-START | /dom/nodes/Element-firstElementChild-entity-xhtml.xhtml
17:01:16     INFO - .
17:01:16     INFO - TEST-OK | /dom/nodes/Element-firstElementChild-entity-xhtml.xhtml | took 883ms
17:01:16     INFO - TEST-START | /dom/nodes/Element-firstElementChild-entity.svg
17:01:17     INFO - .
17:01:17     INFO - TEST-OK | /dom/nodes/Element-firstElementChild-entity.svg | took 1131ms
17:01:17     INFO - TEST-START | /dom/nodes/Element-firstElementChild-namespace-svg.svg
17:01:18     INFO - .
17:01:18     INFO - TEST-OK | /dom/nodes/Element-firstElementChild-namespace-svg.svg | took 924ms
17:01:18     INFO - TEST-START | /dom/nodes/Element-firstElementChild-namespace-xhtml.xhtml
17:01:19     INFO - .
17:01:19     INFO - TEST-OK | /dom/nodes/Element-firstElementChild-namespace-xhtml.xhtml | took 977ms
17:01:19     INFO - TEST-START | /dom/nodes/Element-firstElementChild-namespace.html
17:01:20     INFO - .
17:01:20     INFO - TEST-OK | /dom/nodes/Element-firstElementChild-namespace.html | took 836ms
17:01:20     INFO - TEST-START | /dom/nodes/Element-firstElementChild-svg.svg
17:01:21     INFO - .
17:01:21     INFO - TEST-OK | /dom/nodes/Element-firstElementChild-svg.svg | took 722ms
17:01:21     INFO - TEST-START | /dom/nodes/Element-firstElementChild-xhtml.xhtml
17:01:22     INFO - .
17:01:22     INFO - TEST-OK | /dom/nodes/Element-firstElementChild-xhtml.xhtml | took 677ms
17:01:22     INFO - TEST-START | /dom/nodes/Element-firstElementChild.html
17:01:22     INFO - .
17:01:22     INFO - TEST-OK | /dom/nodes/Element-firstElementChild.html | took 679ms
17:01:22     INFO - TEST-START | /dom/nodes/Element-getElementsByClassName.html
17:01:23     INFO - ..
17:01:23     INFO - TEST-OK | /dom/nodes/Element-getElementsByClassName.html | took 745ms
17:01:23     INFO - TEST-START | /dom/nodes/Element-getElementsByTagName-change-document-HTMLNess.html
17:01:24     INFO - .
17:01:24     INFO - TEST-OK | /dom/nodes/Element-getElementsByTagName-change-document-HTMLNess.html | took 1037ms
17:01:24     INFO - TEST-START | /dom/nodes/Element-getElementsByTagName.html
17:01:25     INFO - ..................
17:01:25     INFO - TEST-OK | /dom/nodes/Element-getElementsByTagName.html | took 883ms
17:01:25     INFO - TEST-START | /dom/nodes/Element-getElementsByTagNameNS.html
17:01:26     INFO - ...............
17:01:26     INFO - TEST-OK | /dom/nodes/Element-getElementsByTagNameNS.html | took 735ms
17:01:26     INFO - TEST-START | /dom/nodes/Element-hasAttributes.html
17:01:26     INFO - ..
17:01:26     INFO - TEST-OK | /dom/nodes/Element-hasAttributes.html | took 722ms
17:01:26     INFO - TEST-START | /dom/nodes/Element-insertAdjacentElement.html
17:01:27     INFO - ......
17:01:27     INFO - TEST-OK | /dom/nodes/Element-insertAdjacentElement.html | took 883ms
17:01:27     INFO - TEST-START | /dom/nodes/Element-insertAdjacentText.html
17:01:28     INFO - ......
17:01:28     INFO - TEST-OK | /dom/nodes/Element-insertAdjacentText.html | took 734ms
17:01:28     INFO - TEST-START | /dom/nodes/Element-lastElementChild-svg.svg
17:01:29     INFO - .
17:01:29     INFO - TEST-OK | /dom/nodes/Element-lastElementChild-svg.svg | took 721ms
17:01:29     INFO - TEST-START | /dom/nodes/Element-lastElementChild-xhtml.xhtml
17:01:30     INFO - .
17:01:30     INFO - TEST-OK | /dom/nodes/Element-lastElementChild-xhtml.xhtml | took 786ms
17:01:30     INFO - TEST-START | /dom/nodes/Element-lastElementChild.html
17:01:31     INFO - .
17:01:31     INFO - TEST-OK | /dom/nodes/Element-lastElementChild.html | took 1028ms
17:01:31     INFO - TEST-START | /dom/nodes/Element-matches.html
17:01:33     INFO - ..........................................................................................................................................................................................................................................................................................................................................................................................................................................................................................................................................................................................................................................................................................
17:01:33     INFO - TEST-OK | /dom/nodes/Element-matches.html | took 1895ms
17:01:33     INFO - TEST-START | /dom/nodes/Element-nextElementSibling-svg.svg
17:01:33     INFO - .
17:01:33     INFO - TEST-OK | /dom/nodes/Element-nextElementSibling-svg.svg | took 675ms
17:01:33     INFO - TEST-START | /dom/nodes/Element-nextElementSibling-xhtml.xhtml
17:01:34     INFO - .
17:01:34     INFO - TEST-OK | /dom/nodes/Element-nextElementSibling-xhtml.xhtml | took 777ms
17:01:34     INFO - TEST-START | /dom/nodes/Element-nextElementSibling.html
17:01:35     INFO - .
17:01:35     INFO - TEST-OK | /dom/nodes/Element-nextElementSibling.html | took 781ms
17:01:35     INFO - TEST-START | /dom/nodes/Element-previousElementSibling-svg.svg
17:01:36     INFO - .
17:01:36     INFO - TEST-OK | /dom/nodes/Element-previousElementSibling-svg.svg | took 775ms
17:01:36     INFO - TEST-START | /dom/nodes/Element-previousElementSibling-xhtml.xhtml
17:01:36     INFO - .
17:01:36     INFO - TEST-OK | /dom/nodes/Element-previousElementSibling-xhtml.xhtml | took 725ms
17:01:36     INFO - TEST-START | /dom/nodes/Element-previousElementSibling.html
17:01:37     INFO - .
17:01:37     INFO - TEST-OK | /dom/nodes/Element-previousElementSibling.html | took 729ms
17:01:37     INFO - TEST-START | /dom/nodes/Element-remove.html
17:01:38     INFO - ....
17:01:38     INFO - TEST-OK | /dom/nodes/Element-remove.html | took 1195ms
17:01:38     INFO - TEST-START | /dom/nodes/Element-removeAttributeNS.html
17:01:39     INFO - .
17:01:39     INFO - TEST-OK | /dom/nodes/Element-removeAttributeNS.html | took 729ms
17:01:39     INFO - TEST-START | /dom/nodes/Element-siblingElement-null-svg.svg
17:01:40     INFO - .
17:01:40     INFO - TEST-OK | /dom/nodes/Element-siblingElement-null-svg.svg | took 728ms
17:01:40     INFO - TEST-START | /dom/nodes/Element-siblingElement-null-xhtml.xhtml
17:01:40     INFO - .
17:01:40     INFO - TEST-OK | /dom/nodes/Element-siblingElement-null-xhtml.xhtml | took 622ms
17:01:41     INFO - TEST-START | /dom/nodes/Element-siblingElement-null.html
17:01:41     INFO - .
17:01:41     INFO - TEST-OK | /dom/nodes/Element-siblingElement-null.html | took 944ms
17:01:41     INFO - TEST-START | /dom/nodes/Element-tagName.html
17:01:43     INFO - .....
17:01:43     INFO - TEST-OK | /dom/nodes/Element-tagName.html | took 1032ms
17:01:43     INFO - TEST-START | /dom/nodes/MutationObserver-attributes.html
17:01:44     INFO - ..........................................
17:01:44     INFO - TEST-OK | /dom/nodes/MutationObserver-attributes.html | took 1423ms
17:01:44     INFO - TEST-START | /dom/nodes/MutationObserver-characterData.html
17:01:46     INFO - .......................
17:01:46     INFO - TEST-OK | /dom/nodes/MutationObserver-characterData.html | took 1540ms
17:01:46     INFO - TEST-START | /dom/nodes/MutationObserver-childList.html
17:01:47     INFO - ......................................
17:01:47     INFO - TEST-OK | /dom/nodes/MutationObserver-childList.html | took 1416ms
17:01:47     INFO - TEST-START | /dom/nodes/MutationObserver-disconnect.html
17:01:48     INFO - ..
17:01:48     INFO - TEST-OK | /dom/nodes/MutationObserver-disconnect.html | took 1124ms
17:01:48     INFO - TEST-START | /dom/nodes/MutationObserver-document.html
17:01:49     INFO - ....
17:01:49     INFO - TEST-OK | /dom/nodes/MutationObserver-document.html | took 1027ms
17:01:49     INFO - TEST-START | /dom/nodes/MutationObserver-inner-outer.html
17:01:50     INFO - ...
17:01:50     INFO - TEST-OK | /dom/nodes/MutationObserver-inner-outer.html | took 1034ms
17:01:50     INFO - TEST-START | /dom/nodes/MutationObserver-takeRecords.html
17:01:51     INFO - ...
17:01:51     INFO - TEST-OK | /dom/nodes/MutationObserver-takeRecords.html | took 782ms
17:01:51     INFO - TEST-START | /dom/nodes/Node-appendChild.html
17:01:52     INFO - ...........
17:01:52     INFO - TEST-OK | /dom/nodes/Node-appendChild.html | took 935ms
17:01:52     INFO - TEST-START | /dom/nodes/Node-baseURI.html
17:01:53     INFO - ....
17:01:53     INFO - TEST-OK | /dom/nodes/Node-baseURI.html | took 870ms
17:01:53     INFO - TEST-START | /dom/nodes/Node-childNodes.html
17:01:54     INFO - .....
17:01:54     INFO - TEST-OK | /dom/nodes/Node-childNodes.html | took 770ms
17:01:54     INFO - TEST-START | /dom/nodes/Node-cloneNode.html
17:01:54     INFO - ........................................
17:01:54     INFO - TEST-OK | /dom/nodes/Node-cloneNode.html | took 841ms
17:01:54     INFO - TEST-START | /dom/nodes/Node-compareDocumentPosition.html
17:01:56     INFO - .........................................................................................................................................................................................................................................................................................................................................................................................................................................................................................................................................................................................................................................................................................................................................................................................................................................................................................................................................................................................................................................................................................................................................................................................................................................................................................................................................................................................................................
17:01:56     INFO - TEST-OK | /dom/nodes/Node-compareDocumentPosition.html | took 1958ms
17:01:56     INFO - TEST-START | /dom/nodes/Node-constants.html
17:01:57     INFO - ........
17:01:57     INFO - TEST-OK | /dom/nodes/Node-constants.html | took 627ms
17:01:57     INFO - TEST-START | /dom/nodes/Node-contains-xml.xml
17:01:58     INFO - ........
17:01:58     INFO - TEST-OK | /dom/nodes/Node-contains-xml.xml | took 774ms
17:01:58     INFO - TEST-START | /dom/nodes/Node-contains.html
17:02:00     INFO - ..............................................................................................................................................................................................................................................................................................................................................................................................................................................................................................................................................................................................................................................................................................................................................................................................................................................................................................................................................................................................................................................................................................................................................................................................................................................................................................................................................................................................................................................................
17:02:00     INFO - TEST-OK | /dom/nodes/Node-contains.html | took 2186ms
17:02:00     INFO - TEST-START | /dom/nodes/Node-insertBefore.html
17:02:01     INFO - ..........................
17:02:01     INFO - TEST-OK | /dom/nodes/Node-insertBefore.html | took 884ms
17:02:01     INFO - TEST-START | /dom/nodes/Node-isConnected.html
17:02:02     INFO - ..
17:02:02     INFO - TEST-OK | /dom/nodes/Node-isConnected.html | took 883ms
17:02:02     INFO - TEST-START | /dom/nodes/Node-isEqualNode-xhtml.xhtml
17:02:03     INFO - ..............
17:02:03     INFO - TEST-OK | /dom/nodes/Node-isEqualNode-xhtml.xhtml | took 981ms
17:02:03     INFO - TEST-START | /dom/nodes/Node-isEqualNode.html
17:02:04     INFO - .........
17:02:04     INFO - TEST-OK | /dom/nodes/Node-isEqualNode.html | took 734ms
17:02:04     INFO - TEST-START | /dom/nodes/Node-isSameNode.html
17:02:04     INFO - ........
17:02:04     INFO - TEST-OK | /dom/nodes/Node-isSameNode.html | took 633ms
17:02:04     INFO - TEST-START | /dom/nodes/Node-lookupNamespaceURI.html
17:02:05     INFO - ..........................................................
17:02:05     INFO - TEST-OK | /dom/nodes/Node-lookupNamespaceURI.html | took 803ms
17:02:05     INFO - TEST-START | /dom/nodes/Node-lookupPrefix.xhtml
17:02:06     INFO - ...........
17:02:06     INFO - TEST-OK | /dom/nodes/Node-lookupPrefix.xhtml | took 1030ms
17:02:06     INFO - TEST-START | /dom/nodes/Node-nodeName-xhtml.xhtml
17:02:07     INFO - .......
17:02:07     INFO - TEST-OK | /dom/nodes/Node-nodeName-xhtml.xhtml | took 986ms
17:02:07     INFO - TEST-START | /dom/nodes/Node-nodeName.html
17:02:08     INFO - ......
17:02:08     INFO - TEST-OK | /dom/nodes/Node-nodeName.html | took 879ms
17:02:08     INFO - TEST-START | /dom/nodes/Node-nodeValue.html
17:02:09     INFO - .......
17:02:09     INFO - TEST-OK | /dom/nodes/Node-nodeValue.html | took 786ms
17:02:09     INFO - TEST-START | /dom/nodes/Node-normalize.html
17:02:10     INFO - ...
17:02:10     INFO - TEST-OK | /dom/nodes/Node-normalize.html | took 1075ms
17:02:10     INFO - TEST-START | /dom/nodes/Node-parentElement.html
17:02:11     INFO - ............
17:02:11     INFO - TEST-OK | /dom/nodes/Node-parentElement.html | took 899ms
17:02:11     INFO - TEST-START | /dom/nodes/Node-parentNode.html
17:02:12     INFO - .....
17:02:12     INFO - TEST-OK | /dom/nodes/Node-parentNode.html | took 1084ms
17:02:12     INFO - TEST-START | /dom/nodes/Node-properties.html
17:02:13     INFO - ...........................................................................................................................................................................................................................................................................................................................................................................................................................................................................................................................................................................................................................................................................................................................
17:02:13     INFO - TEST-OK | /dom/nodes/Node-properties.html | took 1690ms
17:02:14     INFO - TEST-START | /dom/nodes/Node-removeChild.html
17:02:14     INFO - ............................
17:02:14     INFO - TEST-OK | /dom/nodes/Node-removeChild.html | took 838ms
17:02:14     INFO - TEST-START | /dom/nodes/Node-replaceChild.html
17:02:15     INFO - ........................
17:02:15     INFO - TEST-OK | /dom/nodes/Node-replaceChild.html | took 836ms
17:02:15     INFO - TEST-START | /dom/nodes/Node-textContent.html
17:02:16     INFO - .................................................................................
17:02:16     INFO - TEST-OK | /dom/nodes/Node-textContent.html | took 797ms
17:02:16     INFO - TEST-START | /dom/nodes/NodeList-Iterable.html
17:02:17     INFO - ......
17:02:17     INFO - TEST-OK | /dom/nodes/NodeList-Iterable.html | took 621ms
17:02:17     INFO - TEST-START | /dom/nodes/ParentNode-append.html
17:02:17     INFO - ..............
17:02:17     INFO - TEST-OK | /dom/nodes/ParentNode-append.html | took 671ms
17:02:17     INFO - TEST-START | /dom/nodes/ParentNode-prepend.html
17:02:18     INFO - ..............
17:02:18     INFO - TEST-OK | /dom/nodes/ParentNode-prepend.html | took 726ms
17:02:18     INFO - TEST-START | /dom/nodes/ParentNode-querySelector-All-xht.xht
17:02:21     INFO - .......................................................................................................................................................................................................................................................................................................................................................................................................................................................................................................................................................................................................................................................................................................................................................................................................................................................................................................................................................................................................................................................................................................................................................................................................................................................................................................................................................................................................................................................................................................................................................................................................................................................................................................................................................................................................................................................................................................................................
17:02:21     INFO - TEST-OK | /dom/nodes/ParentNode-querySelector-All-xht.xht | took 2940ms
17:02:21     INFO - TEST-START | /dom/nodes/ParentNode-querySelector-All.html
17:02:24     INFO - .......................................................................................................................................................................................................................................................................................................................................................................................................................................................................................................................................................................................................................................................................................................................................................................................................................................................................................................................................................................................................................................................................................................................................................................................................................................................................................................................................................................................................................................................................................................................................................................................................................................................................................................................................................................................................................................................................................................................................
17:02:24     INFO - TEST-OK | /dom/nodes/ParentNode-querySelector-All.html | took 2642ms
17:02:24     INFO - TEST-START | /dom/nodes/ProcessingInstruction-escapes-1.xhtml
17:02:24     INFO - .
17:02:24     INFO - TEST-OK | /dom/nodes/ProcessingInstruction-escapes-1.xhtml | took 669ms
17:02:24     INFO - TEST-START | /dom/nodes/ProcessingInstruction-literal-1.xhtml
17:02:25     INFO - .
17:02:25     INFO - TEST-OK | /dom/nodes/ProcessingInstruction-literal-1.xhtml | took 626ms
17:02:25     INFO - TEST-START | /dom/nodes/ProcessingInstruction-literal-2.xhtml
17:02:26     INFO - .
17:02:26     INFO - TEST-OK | /dom/nodes/ProcessingInstruction-literal-2.xhtml | took 622ms
17:02:26     INFO - TEST-START | /dom/nodes/Text-constructor.html
17:02:27     INFO - ................
17:02:27     INFO - TEST-OK | /dom/nodes/Text-constructor.html | took 1025ms
17:02:27     INFO - TEST-START | /dom/nodes/Text-splitText.html
17:02:27     INFO - ......
17:02:27     INFO - TEST-OK | /dom/nodes/Text-splitText.html | took 821ms
17:02:28     INFO - TEST-START | /dom/nodes/append-on-Document.html
17:02:28     INFO - .....
17:02:28     INFO - TEST-OK | /dom/nodes/append-on-Document.html | took 885ms
17:02:28     INFO - TEST-START | /dom/nodes/attributes.html
17:02:29     INFO - ........................................................
17:02:29     INFO - TEST-OK | /dom/nodes/attributes.html | took 995ms
17:02:29     INFO - TEST-START | /dom/nodes/case.html
17:02:30     INFO - PROCESS | 2176 | JavaScript warning: http://web-platform.test:8000/dom/nodes/case.js, line 168: unreachable code after return statement
17:02:30     INFO - PROCESS | 2176 | JavaScript warning: http://web-platform.test:8000/dom/nodes/case.js, line 168: unreachable code after return statement
17:02:30     INFO - .............................................................................................................................................................................................................................................................................................
17:02:30     INFO - TEST-OK | /dom/nodes/case.html | took 1025ms
17:02:30     INFO - TEST-START | /dom/nodes/getElementsByClassName-01.htm
17:02:31     INFO - .
17:02:31     INFO - TEST-OK | /dom/nodes/getElementsByClassName-01.htm | took 674ms
17:02:31     INFO - TEST-START | /dom/nodes/getElementsByClassName-02.htm
17:02:32     INFO - .
17:02:32     INFO - TEST-OK | /dom/nodes/getElementsByClassName-02.htm | took 783ms
17:02:32     INFO - TEST-START | /dom/nodes/getElementsByClassName-03.htm
17:02:33     INFO - .
17:02:33     INFO - TEST-OK | /dom/nodes/getElementsByClassName-03.htm | took 920ms
17:02:33     INFO - TEST-START | /dom/nodes/getElementsByClassName-04.htm
17:02:34     INFO - .
17:02:34     INFO - TEST-OK | /dom/nodes/getElementsByClassName-04.htm | took 1032ms
17:02:34     INFO - TEST-START | /dom/nodes/getElementsByClassName-05.htm
17:02:35     INFO - .
17:02:35     INFO - TEST-OK | /dom/nodes/getElementsByClassName-05.htm | took 727ms
17:02:35     INFO - TEST-START | /dom/nodes/getElementsByClassName-06.htm
17:02:35     INFO - .
17:02:35     INFO - TEST-OK | /dom/nodes/getElementsByClassName-06.htm | took 625ms
17:02:35     INFO - TEST-START | /dom/nodes/getElementsByClassName-07.htm
17:02:36     INFO - .
17:02:36     INFO - TEST-OK | /dom/nodes/getElementsByClassName-07.htm | took 670ms
17:02:36     INFO - TEST-START | /dom/nodes/getElementsByClassName-08.htm
17:02:37     INFO - .
17:02:37     INFO - TEST-OK | /dom/nodes/getElementsByClassName-08.htm | took 729ms
17:02:37     INFO - TEST-START | /dom/nodes/getElementsByClassName-09.htm
17:02:37     INFO - .
17:02:37     INFO - TEST-OK | /dom/nodes/getElementsByClassName-09.htm | took 727ms
17:02:37     INFO - TEST-START | /dom/nodes/getElementsByClassName-10.xml
17:02:38     INFO - .
17:02:38     INFO - TEST-OK | /dom/nodes/getElementsByClassName-10.xml | took 674ms
17:02:38     INFO - TEST-START | /dom/nodes/getElementsByClassName-11.xml
17:02:39     INFO - .
17:02:39     INFO - TEST-OK | /dom/nodes/getElementsByClassName-11.xml | took 673ms
17:02:39     INFO - TEST-START | /dom/nodes/getElementsByClassName-12.htm
17:02:40     INFO - .
17:02:40     INFO - TEST-OK | /dom/nodes/getElementsByClassName-12.htm | took 818ms
17:02:40     INFO - TEST-START | /dom/nodes/getElementsByClassName-13.htm
17:02:41     INFO - .
17:02:41     INFO - TEST-OK | /dom/nodes/getElementsByClassName-13.htm | took 929ms
17:02:41     INFO - TEST-START | /dom/nodes/getElementsByClassName-14.htm
17:02:41     INFO - .
17:02:41     INFO - TEST-OK | /dom/nodes/getElementsByClassName-14.htm | took 679ms
17:02:41     INFO - TEST-START | /dom/nodes/getElementsByClassName-15.htm
17:02:42     INFO - .
17:02:42     INFO - TEST-OK | /dom/nodes/getElementsByClassName-15.htm | took 620ms
17:02:42     INFO - TEST-START | /dom/nodes/getElementsByClassName-16.htm

command interrupted, attempting to kill

command interrupted, attempting to kill
process killed by signal 9
program finished with exit code -1
elapsedTime=463.096942
The web-page 'stop build' button was pressed by 'rvandermeulen@mozilla.com': Cancelled via self-serve
The web-page 'stop build' button was pressed by 'rvandermeulen@mozilla.com': Cancelled via self-serve
========= master_lag: -0.14 =========
========= Finished '/tools/buildbot/bin/python scripts/scripts/web_platform_tests.py ...' interrupted (results: 4, elapsed: 7 mins, 42 secs) (at 2018-06-08 17:02:42.915311) =========

========= Started 'bash -c ...' interrupted (results: 4, elapsed: 0 secs) (at 2018-06-08 17:02:42.916486) =========
bash -c 'for file in `ls -1`; do cat $file; done'
 in dir /builds/slave/test/properties (timeout 1200 secs)
 watching logfiles {}
 argv: ['bash', '-c', 'for file in `ls -1`; do cat $file; done']
 environment:
  HOME=/home/cltbld
  LANG=en_US.UTF-8
  LOGNAME=cltbld
  MAIL=/var/mail/cltbld
  NODE_PATH=/usr/lib/nodejs:/usr/lib/node_modules:/usr/share/javascript
  PATH=/usr/local/bin:/usr/local/bin:/usr/bin:/bin:/usr/local/games:/usr/games
  PWD=/builds/slave/test/properties
  SHELL=/bin/bash
  SHLVL=1
  TERM=linux
  TMOUT=86400
  USER=cltbld
  XDG_SESSION_COOKIE=9ca12473fbb1d023794ffd180000023c-1528502093.210833-531434888
  _=/tools/buildbot/bin/python
 using PTY: False

command interrupted, attempting to kill
process killed by signal 9
program finished with exit code -1
elapsedTime=0.054275
The web-page 'stop build' button was pressed by 'rvandermeulen@mozilla.com': Cancelled via self-serve

========= master_lag: 0.02 =========
========= Finished 'bash -c ...' interrupted (results: 4, elapsed: 0 secs) (at 2018-06-08 17:02:42.991615) =========

========= Started 'rm -f ...' (results: 0, elapsed: 0 secs) (at 2018-06-08 17:02:42.992181) =========
rm -f oauth.txt
 in dir /builds/slave/test/. (timeout 1200 secs)
 watching logfiles {}
 argv: ['rm', '-f', 'oauth.txt']
 environment:
  HOME=/home/cltbld
  LANG=en_US.UTF-8
  LOGNAME=cltbld
  MAIL=/var/mail/cltbld
  NODE_PATH=/usr/lib/nodejs:/usr/lib/node_modules:/usr/share/javascript
  PATH=/usr/local/bin:/usr/local/bin:/usr/bin:/bin:/usr/local/games:/usr/games
  PWD=/builds/slave/test
  SHELL=/bin/bash
  SHLVL=1
  TERM=linux
  TMOUT=86400
  USER=cltbld
  XDG_SESSION_COOKIE=9ca12473fbb1d023794ffd180000023c-1528502093.210833-531434888
  _=/tools/buildbot/bin/python
 using PTY: False
program finished with exit code 0
elapsedTime=0.033261
========= master_lag: 0.05 =========
========= Finished 'rm -f ...' (results: 0, elapsed: 0 secs) (at 2018-06-08 17:02:43.070527) =========

========= Started reboot skipped (results: 3, elapsed: 0 secs) (at 2018-06-08 17:02:43.071017) =========
========= Finished reboot skipped (results: 3, elapsed: 0 secs) (at 2018-06-08 17:02:43.071415) =========

========= Total master_lag: -0.01 =========

