builder: mozilla-esr52_ubuntu64_vm_test_pgo-web-platform-tests-3
slave: tst-linux64-spot-305
starttime: 1528501923.57
results: cancelled (6)
buildid: 20180608150819
builduid: b298b373e93d4f8dbf92436c9ed838a2
revision: cbfdf01aac455e0591471201c96b89dee98190b5

========= Started set props: master (results: 0, elapsed: 0 secs) (at 2018-06-08 16:52:03.565788) =========
master: http://buildbot-master54.bb.releng.usw2.mozilla.com:8201/
========= Finished set props: master (results: 0, elapsed: 0 secs) (at 2018-06-08 16:52:03.566281) =========

========= Started downloading to buildprops.json (results: 0, elapsed: 0 secs) (at 2018-06-08 16:52:03.566578) =========
========= Finished downloading to buildprops.json (results: 0, elapsed: 0 secs) (at 2018-06-08 16:52:03.627077) =========

========= Started 'bash -c ...' (results: 0, elapsed: 0 secs) (at 2018-06-08 16:52:03.627371) =========
bash -c 'wget -Oarchiver_client.py --no-check-certificate --tries=10 --waitretry=3 https://hg.mozilla.org/build/tools/raw-file/default/buildfarm/utils/archiver_client.py'
 in dir /builds/slave/test/. (timeout 1200 secs)
 watching logfiles {}
 argv: ['bash', '-c', 'wget -Oarchiver_client.py --no-check-certificate --tries=10 --waitretry=3 https://hg.mozilla.org/build/tools/raw-file/default/buildfarm/utils/archiver_client.py']
 environment:
  HOME=/home/cltbld
  LANG=en_US.UTF-8
  LOGNAME=cltbld
  MAIL=/var/mail/cltbld
  NODE_PATH=/usr/lib/nodejs:/usr/lib/node_modules:/usr/share/javascript
  PATH=/usr/local/bin:/usr/local/bin:/usr/bin:/bin:/usr/local/games:/usr/games
  PWD=/builds/slave/test
  SHELL=/bin/bash
  SHLVL=1
  TERM=linux
  TMOUT=86400
  USER=cltbld
  XDG_SESSION_COOKIE=9ca12473fbb1d023794ffd180000023c-1528501922.16290-841377062
  _=/tools/buildbot/bin/python
 using PTY: False
--2018-06-08 16:52:03--  https://hg.mozilla.org/build/tools/raw-file/default/buildfarm/utils/archiver_client.py
Resolving hg.mozilla.org (hg.mozilla.org)... 63.245.215.25, 63.245.215.102
Connecting to hg.mozilla.org (hg.mozilla.org)|63.245.215.25|:443... connected.
HTTP request sent, awaiting response... 200 Script output follows
Length: 12179 (12K) [text/x-python]
Saving to: `archiver_client.py'

     0K .......... .                                          100% 2.65M=0.004s

2018-06-08 16:52:03 (2.65 MB/s) - `archiver_client.py' saved [12179/12179]

program finished with exit code 0
elapsedTime=0.286795
========= master_lag: 0.01 =========
========= Finished 'bash -c ...' (results: 0, elapsed: 0 secs) (at 2018-06-08 16:52:03.928875) =========

========= Started 'rm -rf ...' (results: 0, elapsed: 0 secs) (at 2018-06-08 16:52:03.929211) =========
rm -rf scripts properties
 in dir /builds/slave/test/. (timeout 1200 secs)
 watching logfiles {}
 argv: ['rm', '-rf', 'scripts', 'properties']
 environment:
  HOME=/home/cltbld
  LANG=en_US.UTF-8
  LOGNAME=cltbld
  MAIL=/var/mail/cltbld
  NODE_PATH=/usr/lib/nodejs:/usr/lib/node_modules:/usr/share/javascript
  PATH=/usr/local/bin:/usr/local/bin:/usr/bin:/bin:/usr/local/games:/usr/games
  PWD=/builds/slave/test
  SHELL=/bin/bash
  SHLVL=1
  TERM=linux
  TMOUT=86400
  USER=cltbld
  XDG_SESSION_COOKIE=9ca12473fbb1d023794ffd180000023c-1528501922.16290-841377062
  _=/tools/buildbot/bin/python
 using PTY: False
program finished with exit code 0
elapsedTime=0.019508
========= master_lag: 0.04 =========
========= Finished 'rm -rf ...' (results: 0, elapsed: 0 secs) (at 2018-06-08 16:52:03.990745) =========

========= Started 'bash -c ...' (results: 0, elapsed: 0 secs) (at 2018-06-08 16:52:03.991119) =========
bash -c 'python archiver_client.py mozharness --repo releases/mozilla-esr52 --rev cbfdf01aac455e0591471201c96b89dee98190b5 --destination scripts --debug'
 in dir /builds/slave/test/. (timeout 1200 secs)
 watching logfiles {}
 argv: ['bash', '-c', u'python archiver_client.py mozharness --repo releases/mozilla-esr52 --rev cbfdf01aac455e0591471201c96b89dee98190b5 --destination scripts --debug']
 environment:
  HOME=/home/cltbld
  LANG=en_US.UTF-8
  LOGNAME=cltbld
  MAIL=/var/mail/cltbld
  NODE_PATH=/usr/lib/nodejs:/usr/lib/node_modules:/usr/share/javascript
  PATH=/usr/local/bin:/usr/local/bin:/usr/bin:/bin:/usr/local/games:/usr/games
  PWD=/builds/slave/test
  SHELL=/bin/bash
  SHLVL=1
  TERM=linux
  TMOUT=86400
  USER=cltbld
  XDG_SESSION_COOKIE=9ca12473fbb1d023794ffd180000023c-1528501922.16290-841377062
  _=/tools/buildbot/bin/python
 using PTY: False
2018-06-08 16:52:04,102 truncating revision to first 12 chars
2018-06-08 16:52:04,102 Setting DEBUG logging.
2018-06-08 16:52:04,103 attempt 1/10
2018-06-08 16:52:04,103 Getting archive location from https://api.pub.build.mozilla.org/archiver/hgmo/releases/mozilla-esr52/cbfdf01aac45?&preferred_region=us-west-2&suffix=tar.gz&subdir=testing/mozharness
2018-06-08 16:52:04,553 unpacking tar archive at: mozilla-esr52-cbfdf01aac45/testing/mozharness/
program finished with exit code 0
elapsedTime=0.842735
========= master_lag: 0.01 =========
========= Finished 'bash -c ...' (results: 0, elapsed: 0 secs) (at 2018-06-08 16:52:04.846393) =========

========= Started set props: script_repo_revision (results: 0, elapsed: 0 secs) (at 2018-06-08 16:52:04.846753) =========
script_repo_revision: cbfdf01aac455e0591471201c96b89dee98190b5
========= Finished set props: script_repo_revision (results: 0, elapsed: 0 secs) (at 2018-06-08 16:52:04.847173) =========

========= Started downloading to oauth.txt (results: 0, elapsed: 0 secs) (at 2018-06-08 16:52:04.847469) =========
========= Finished downloading to oauth.txt (results: 0, elapsed: 0 secs) (at 2018-06-08 16:52:04.855890) =========

========= Started '/tools/buildbot/bin/python scripts/scripts/web_platform_tests.py ...' interrupted (results: 4, elapsed: 10 mins, 3 secs) (at 2018-06-08 16:52:04.856185) =========
/tools/buildbot/bin/python scripts/scripts/web_platform_tests.py --cfg web_platform_tests/prod_config.py --test-type=testharness --total-chunks 5 --this-chunk 3 --blob-upload-branch mozilla-esr52 --download-symbols ondemand
 in dir /builds/slave/test/. (timeout 1800 secs) (maxTime 7200 secs)
 watching logfiles {}
 argv: ['/tools/buildbot/bin/python', 'scripts/scripts/web_platform_tests.py', '--cfg', 'web_platform_tests/prod_config.py', '--test-type=testharness', '--total-chunks', '5', '--this-chunk', '3', '--blob-upload-branch', 'mozilla-esr52', '--download-symbols', 'ondemand']
 environment:
  CCACHE_DIR=/builds/ccache
  CCACHE_UMASK=002
  DISPLAY=:0
  HOME=/home/cltbld
  LANG=en_US.UTF-8
  LOGNAME=cltbld
  MAIL=/var/mail/cltbld
  MOZ_HIDE_RESULTS_TABLE=1
  MOZ_NODE_PATH=/usr/bin/node
  MOZ_NO_REMOTE=1
  NODE_PATH=/usr/lib/nodejs:/usr/lib/node_modules:/usr/share/javascript
  NO_FAIL_ON_TEST_ERRORS=1
  PATH=/usr/local/bin:/usr/local/bin:/usr/bin:/bin:/usr/local/games:/usr/games
  PROPERTIES_FILE=/builds/slave/test/buildprops.json
  PWD=/builds/slave/test
  SHELL=/bin/bash
  SHLVL=1
  TERM=linux
  TMOUT=86400
  USER=cltbld
  XDG_SESSION_COOKIE=9ca12473fbb1d023794ffd180000023c-1528501922.16290-841377062
  _=/tools/buildbot/bin/python
 using PTY: False
16:52:05     INFO - MultiFileLogger online at 20180608 16:52:05 in /builds/slave/test
16:52:05     INFO - Run as scripts/scripts/web_platform_tests.py --cfg web_platform_tests/prod_config.py --test-type=testharness --total-chunks 5 --this-chunk 3 --blob-upload-branch mozilla-esr52 --download-symbols ondemand
16:52:05     INFO - Dumping config to /builds/slave/test/logs/localconfig.json.
16:52:05     INFO - {'allow_software_gl_layers': False,
16:52:05     INFO -  'append_to_log': False,
16:52:05     INFO -  'base_work_dir': '/builds/slave/test',
16:52:05     INFO -  'blob_upload_branch': 'mozilla-esr52',
16:52:05     INFO -  'blob_uploader_auth_file': '/builds/slave/test/oauth.txt',
16:52:05     INFO -  'buildbot_json_path': 'buildprops.json',
16:52:05     INFO -  'config_files': ('web_platform_tests/prod_config.py',),
16:52:05     INFO -  'default_blob_upload_servers': ('https://blobupload.elasticbeanstalk.com',),
16:52:05     INFO -  'download_minidump_stackwalk': True,
16:52:05     INFO -  'download_symbols': 'ondemand',
16:52:05     INFO -  'download_tooltool': True,
16:52:05     INFO -  'e10s': False,
16:52:05     INFO -  'exes': {'python': '/tools/buildbot/bin/python',
16:52:05     INFO -           'tooltool.py': '/tools/tooltool.py',
16:52:05     INFO -           'virtualenv': ('/tools/buildbot/bin/python',
16:52:05     INFO -                          '/tools/misc-python/virtualenv.py')},
16:52:05     INFO -  'find_links': ('http://pypi.pvt.build.mozilla.org/pub',
16:52:05     INFO -                 'http://pypi.pub.build.mozilla.org/pub'),
16:52:05     INFO -  'log_level': 'info',
16:52:05     INFO -  'log_to_console': True,
16:52:05     INFO -  'opt_config_files': (),
16:52:05     INFO -  'options': ('--prefs-root=%(test_path)s/prefs',
16:52:05     INFO -              '--processes=1',
16:52:05     INFO -              '--config=%(test_path)s/wptrunner.ini',
16:52:05     INFO -              '--ca-cert-path=%(test_path)s/certs/cacert.pem',
16:52:05     INFO -              '--host-key-path=%(test_path)s/certs/web-platform.test.key',
16:52:05     INFO -              '--host-cert-path=%(test_path)s/certs/web-platform.test.pem',
16:52:05     INFO -              '--certutil-binary=%(test_install_path)s/bin/certutil'),
16:52:05     INFO -  'pip_index': False,
16:52:05     INFO -  'require_test_zip': True,
16:52:05     INFO -  'test_type': ('testharness',),
16:52:05     INFO -  'this_chunk': '3',
16:52:05     INFO -  'tooltool_cache': '/builds/tooltool_cache',
16:52:05     INFO -  'total_chunks': '5',
16:52:05     INFO -  'virtualenv_path': 'venv',
16:52:05     INFO -  'volatile_config': {'actions': None, 'add_actions': None, 'no_actions': None},
16:52:05     INFO -  'work_dir': 'build'}
16:52:05     INFO - [mozharness: 2018-06-08 23:52:05.137564Z] Running clobber step.
16:52:05     INFO - Running pre-action listener: _resource_record_pre_action
16:52:05     INFO - Running main action method: clobber
16:52:05     INFO - rmtree: /builds/slave/test/build
16:52:05     INFO - Running post-action listener: _resource_record_post_action
16:52:05     INFO - [mozharness: 2018-06-08 23:52:05.152451Z] Finished clobber step (success)
16:52:05     INFO - [mozharness: 2018-06-08 23:52:05.152855Z] Running read-buildbot-config step.
16:52:05     INFO - Running pre-action listener: _resource_record_pre_action
16:52:05     INFO - Running main action method: read_buildbot_config
16:52:05     INFO - Using buildbot properties:
16:52:05     INFO - {
16:52:05     INFO -     "project": "", 
16:52:05     INFO -     "product": "firefox", 
16:52:05     INFO -     "script_repo_revision": "production", 
16:52:05     INFO -     "scheduler": "tests-mozilla-esr52-ubuntu64_vm-pgo-unittest", 
16:52:05     INFO -     "repository": "", 
16:52:05     INFO -     "buildername": "Ubuntu VM 12.04 x64 mozilla-esr52 pgo test web-platform-tests-3", 
16:52:05     INFO -     "buildid": "20180608150819", 
16:52:05     INFO -     "pgo_build": "True", 
16:52:05     INFO -     "basedir": "/builds/slave/test", 
16:52:05     INFO -     "buildnumber": 46, 
16:52:05     INFO -     "slavename": "tst-linux64-spot-305", 
16:52:05     INFO -     "master": "http://buildbot-master54.bb.releng.usw2.mozilla.com:8201/", 
16:52:05     INFO -     "platform": "linux64", 
16:52:05     INFO -     "branch": "mozilla-esr52", 
16:52:05     INFO -     "revision": "cbfdf01aac455e0591471201c96b89dee98190b5", 
16:52:05     INFO -     "repo_path": "releases/mozilla-esr52", 
16:52:05     INFO -     "moz_repo_path": "", 
16:52:05     INFO -     "stage_platform": "linux64-pgo", 
16:52:05     INFO -     "builduid": "b298b373e93d4f8dbf92436c9ed838a2", 
16:52:05     INFO -     "slavebuilddir": "test"
16:52:05     INFO - }
16:52:05     INFO - Found installer url https://queue.taskcluster.net/v1/task/I1iAdq48Sa60c5BCPWswkg/artifacts/public/build/firefox-52.8.2.en-US.linux-x86_64.tar.bz2.
16:52:05     INFO - Found a test packages url https://queue.taskcluster.net/v1/task/I1iAdq48Sa60c5BCPWswkg/artifacts/public/build/firefox-52.8.2.en-US.linux-x86_64.test_packages.json.
16:52:05     INFO - Running post-action listener: _resource_record_post_action
16:52:05     INFO - [mozharness: 2018-06-08 23:52:05.163863Z] Finished read-buildbot-config step (success)
16:52:05     INFO - [mozharness: 2018-06-08 23:52:05.164185Z] Running download-and-extract step.
16:52:05     INFO - Running pre-action listener: _resource_record_pre_action
16:52:05     INFO - Running main action method: download_and_extract
16:52:05     INFO - mkdir: /builds/slave/test/build/tests
16:52:05     INFO - Downloading https://queue.taskcluster.net/v1/task/I1iAdq48Sa60c5BCPWswkg/artifacts/public/build/firefox-52.8.2.en-US.linux-x86_64.test_packages.json to /builds/slave/test/build/firefox-52.8.2.en-US.linux-x86_64.test_packages.json
16:52:05     INFO - retry: Calling _download_file with args: (), kwargs: {'url': 'https://queue.taskcluster.net/v1/task/I1iAdq48Sa60c5BCPWswkg/artifacts/public/build/firefox-52.8.2.en-US.linux-x86_64.test_packages.json', 'file_name': '/builds/slave/test/build/firefox-52.8.2.en-US.linux-x86_64.test_packages.json'}, attempt #1
16:52:06     INFO - Downloaded 1361 bytes.
16:52:06     INFO - Reading from file /builds/slave/test/build/firefox-52.8.2.en-US.linux-x86_64.test_packages.json
16:52:06     INFO - Using the following test package requirements:
16:52:06     INFO - {u'common': [u'firefox-52.8.2.en-US.linux-x86_64.common.tests.zip'],
16:52:06     INFO -  u'cppunittest': [u'firefox-52.8.2.en-US.linux-x86_64.common.tests.zip',
16:52:06     INFO -                   u'firefox-52.8.2.en-US.linux-x86_64.cppunittest.tests.zip'],
16:52:06     INFO -  u'gtest': [u'firefox-52.8.2.en-US.linux-x86_64.common.tests.zip',
16:52:06     INFO -             u'firefox-52.8.2.en-US.linux-x86_64.gtest.tests.zip'],
16:52:06     INFO -  u'jittest': [u'firefox-52.8.2.en-US.linux-x86_64.common.tests.zip',
16:52:06     INFO -               u'jsshell-linux-x86_64.zip'],
16:52:06     INFO -  u'mochitest': [u'firefox-52.8.2.en-US.linux-x86_64.common.tests.zip',
16:52:06     INFO -                 u'firefox-52.8.2.en-US.linux-x86_64.mochitest.tests.zip'],
16:52:06     INFO -  u'mozbase': [u'firefox-52.8.2.en-US.linux-x86_64.common.tests.zip'],
16:52:06     INFO -  u'reftest': [u'firefox-52.8.2.en-US.linux-x86_64.common.tests.zip',
16:52:06     INFO -               u'firefox-52.8.2.en-US.linux-x86_64.reftest.tests.zip'],
16:52:06     INFO -  u'talos': [u'firefox-52.8.2.en-US.linux-x86_64.common.tests.zip',
16:52:06     INFO -             u'firefox-52.8.2.en-US.linux-x86_64.talos.tests.zip'],
16:52:06     INFO -  u'web-platform': [u'firefox-52.8.2.en-US.linux-x86_64.common.tests.zip',
16:52:06     INFO -                    u'firefox-52.8.2.en-US.linux-x86_64.web-platform.tests.zip'],
16:52:06     INFO -  u'xpcshell': [u'firefox-52.8.2.en-US.linux-x86_64.common.tests.zip',
16:52:06     INFO -                u'firefox-52.8.2.en-US.linux-x86_64.xpcshell.tests.zip']}
16:52:06     INFO - Downloading packages: [u'firefox-52.8.2.en-US.linux-x86_64.common.tests.zip', u'firefox-52.8.2.en-US.linux-x86_64.web-platform.tests.zip'] for test suite category: web-platform
16:52:06     INFO - Adding 'mach' for extraction from common.tests zip file
16:52:06     INFO - Adding 'mozinfo.json' for extraction from common.tests zip file
16:52:06     INFO - Downloading and extracting to /builds/slave/test/build/tests these dirs bin/*, config/*, mozbase/*, marionette/*, tools/wptserve/*, web-platform/*, mach, mozinfo.json from https://queue.taskcluster.net/v1/task/I1iAdq48Sa60c5BCPWswkg/artifacts/public/build/firefox-52.8.2.en-US.linux-x86_64.common.tests.zip
16:52:06     INFO - retry: Calling fetch_url_into_memory with args: (), kwargs: {'url': u'https://queue.taskcluster.net/v1/task/I1iAdq48Sa60c5BCPWswkg/artifacts/public/build/firefox-52.8.2.en-US.linux-x86_64.common.tests.zip'}, attempt #1
16:52:06     INFO - Fetch https://queue.taskcluster.net/v1/task/I1iAdq48Sa60c5BCPWswkg/artifacts/public/build/firefox-52.8.2.en-US.linux-x86_64.common.tests.zip into memory
16:52:06     INFO - Http code: 200
16:52:06     INFO - via: 1.1 55676da1e5c0a9c4e60a94a95b01dc04.cloudfront.net (CloudFront)
16:52:06     INFO - x-amz-cf-id: olZWoOpVY2QoWeZu2chVVSszRxRtKwbjdA8VPLu-J67EKDhANJK0zA==
16:52:06     INFO - x-amz-version-id: amyEguiG3.NEsCgIpfpr7ojoc30OcAP5
16:52:07     INFO - Expected file size: 22192748
16:52:07     INFO - Obtained file size: 22192748
16:52:09     INFO - Downloading and extracting to /builds/slave/test/build/tests these dirs bin/*, config/*, mozbase/*, marionette/*, tools/wptserve/*, web-platform/*, mach, mozinfo.json from https://queue.taskcluster.net/v1/task/I1iAdq48Sa60c5BCPWswkg/artifacts/public/build/firefox-52.8.2.en-US.linux-x86_64.web-platform.tests.zip
16:52:09     INFO - retry: Calling fetch_url_into_memory with args: (), kwargs: {'url': u'https://queue.taskcluster.net/v1/task/I1iAdq48Sa60c5BCPWswkg/artifacts/public/build/firefox-52.8.2.en-US.linux-x86_64.web-platform.tests.zip'}, attempt #1
16:52:09     INFO - Fetch https://queue.taskcluster.net/v1/task/I1iAdq48Sa60c5BCPWswkg/artifacts/public/build/firefox-52.8.2.en-US.linux-x86_64.web-platform.tests.zip into memory
16:52:09     INFO - Http code: 200
16:52:09     INFO - via: 1.1 990c804118e679d7ea0f4d3ca3cc4534.cloudfront.net (CloudFront)
16:52:09     INFO - x-amz-cf-id: U1-5yUcQrhmFWSIgZyWEe8LaAzUJT-xjGIsgC56AEPkQ2z2BunsRYg==
16:52:09     INFO - x-amz-version-id: SgBsh1cJwSpSmDQtewaqhOSYk2L1_BUt
16:52:11     INFO - Expected file size: 43270017
16:52:11     INFO - Obtained file size: 43270017
16:52:26     INFO - Downloading https://queue.taskcluster.net/v1/task/I1iAdq48Sa60c5BCPWswkg/artifacts/public/build/firefox-52.8.2.en-US.linux-x86_64.tar.bz2 to /builds/slave/test/build/firefox-52.8.2.en-US.linux-x86_64.tar.bz2
16:52:26     INFO - retry: Calling _download_file with args: (), kwargs: {'url': 'https://queue.taskcluster.net/v1/task/I1iAdq48Sa60c5BCPWswkg/artifacts/public/build/firefox-52.8.2.en-US.linux-x86_64.tar.bz2', 'file_name': '/builds/slave/test/build/firefox-52.8.2.en-US.linux-x86_64.tar.bz2'}, attempt #1
16:52:28  WARNING - Socket error when accessing https://queue.taskcluster.net/v1/task/I1iAdq48Sa60c5BCPWswkg/artifacts/public/build/firefox-52.8.2.en-US.linux-x86_64.tar.bz2: [Errno 104] Connection reset by peer
16:52:28     INFO - retry: attempt #1 caught exception: [Errno 104] Connection reset by peer
16:52:28     INFO - retry: Failed, sleeping 60 seconds before retrying
16:53:28     INFO - retry: Calling _download_file with args: (), kwargs: {'url': 'https://queue.taskcluster.net/v1/task/I1iAdq48Sa60c5BCPWswkg/artifacts/public/build/firefox-52.8.2.en-US.linux-x86_64.tar.bz2', 'file_name': '/builds/slave/test/build/firefox-52.8.2.en-US.linux-x86_64.tar.bz2'}, attempt #2
16:53:31     INFO - Downloaded 57821935 bytes.
16:53:31     INFO - Setting buildbot property build_url to https://queue.taskcluster.net/v1/task/I1iAdq48Sa60c5BCPWswkg/artifacts/public/build/firefox-52.8.2.en-US.linux-x86_64.tar.bz2
16:53:31     INFO - mkdir: /builds/slave/test/properties
16:53:31     INFO - Writing buildbot properties ['build_url'] to /builds/slave/test/properties/build_url
16:53:31     INFO - Writing to file /builds/slave/test/properties/build_url
16:53:31     INFO - Contents:
16:53:31     INFO -  build_url:https://queue.taskcluster.net/v1/task/I1iAdq48Sa60c5BCPWswkg/artifacts/public/build/firefox-52.8.2.en-US.linux-x86_64.tar.bz2
16:53:32     INFO - Running post-action listener: _resource_record_post_action
16:53:32     INFO - Running post-action listener: set_extra_try_arguments
16:53:32     INFO - [mozharness: 2018-06-08 23:53:32.688731Z] Finished download-and-extract step (success)
16:53:32     INFO - [mozharness: 2018-06-08 23:53:32.689092Z] Running fetch-geckodriver step.
16:53:32     INFO - Running pre-action listener: _resource_record_pre_action
16:53:32     INFO - Running main action method: fetch_geckodriver
16:53:32     INFO - Running post-action listener: _resource_record_post_action
16:53:32     INFO - [mozharness: 2018-06-08 23:53:32.737638Z] Finished fetch-geckodriver step (success)
16:53:32     INFO - [mozharness: 2018-06-08 23:53:32.738061Z] Running create-virtualenv step.
16:53:32     INFO - Running pre-action listener: _pre_create_virtualenv
16:53:32     INFO - Running pre-action listener: _resource_record_pre_action
16:53:32     INFO - Running main action method: create_virtualenv
16:53:32     INFO - Creating virtualenv /builds/slave/test/build/venv
16:53:32     INFO - Running command: ['/tools/buildbot/bin/python', '/builds/slave/test/scripts/external_tools/virtualenv/virtualenv.py', '--always-copy', '/builds/slave/test/build/venv'] in /builds/slave/test/build
16:53:32     INFO - Copy/paste: /tools/buildbot/bin/python /builds/slave/test/scripts/external_tools/virtualenv/virtualenv.py --always-copy /builds/slave/test/build/venv
16:53:32     INFO - Using partial env: {'VIRTUALENV_NO_DOWNLOAD': '1'}
16:53:34     INFO -  Using real prefix '/usr'
16:53:34     INFO -  New python executable in /builds/slave/test/build/venv/bin/python
16:53:37     INFO -  Installing setuptools, pip, wheel...done.
16:53:37     INFO - Return code: 0
16:53:37     INFO - Installing psutil>=3.1.1 into virtualenv /builds/slave/test/build/venv
16:53:37     INFO - retry: Calling run_command with args: [['/builds/slave/test/build/venv/bin/pip', 'install', '--timeout', '120', '--no-index', '--find-links', 'http://pypi.pvt.build.mozilla.org/pub', '--find-links', 'http://pypi.pub.build.mozilla.org/pub', '--trusted-host', 'pypi.pub.build.mozilla.org', '--trusted-host', 'pypi.pvt.build.mozilla.org', 'psutil>=3.1.1']], kwargs: {'error_level': 'warning', 'error_list': [{'substr': 'not found or a compiler error:', 'level': 'warning'}, {'regex': <_sre.SRE_Pattern object at 0x24ef110>, 'level': 'error'}, {'regex': <_sre.SRE_Pattern object at 0x7fbb94c0b120>, 'level': 'warning'}, {'regex': <_sre.SRE_Pattern object at 0x2635e80>, 'level': 'debug'}, {'substr': 'command not found', 'level': 'error'}, {'regex': <_sre.SRE_Pattern object at 0x261fca0>, 'level': 'warning'}, {'substr': 'Traceback (most recent call last)', 'level': 'error'}, {'substr': 'SyntaxError: ', 'level': 'error'}, {'substr': 'TypeError: ', 'level': 'error'}, {'substr': 'NameError: ', 'level': 'error'}, {'substr': 'ZeroDivisionError: ', 'level': 'error'}, {'regex': <_sre.SRE_Pattern object at 0x26394f0>, 'level': 'critical'}, {'regex': <_sre.SRE_Pattern object at 0x2245a60>, 'level': 'critical'}], 'cwd': '/builds/slave/test/build', 'env': {'TMOUT': '86400', 'LOGNAME': 'cltbld', 'USER': 'cltbld', 'HOME': '/home/cltbld', 'PATH': '/usr/local/bin:/usr/local/bin:/usr/bin:/bin:/usr/local/games:/usr/games', 'DISPLAY': ':0', 'CCACHE_UMASK': '002', 'LANG': 'en_US.UTF-8', 'TERM': 'linux', 'SHELL': '/bin/bash', 'MOZ_NODE_PATH': '/usr/bin/node', 'XDG_SESSION_COOKIE': '9ca12473fbb1d023794ffd180000023c-1528501922.16290-841377062', 'SHLVL': '1', 'NO_FAIL_ON_TEST_ERRORS': '1', 'MOZ_NO_REMOTE': '1', 'MOZ_HIDE_RESULTS_TABLE': '1', 'MAIL': '/var/mail/cltbld', '_': '/tools/buildbot/bin/python', 'NODE_PATH': '/usr/lib/nodejs:/usr/lib/node_modules:/usr/share/javascript', 'PWD': '/builds/slave/test', 'PROPERTIES_FILE': '/builds/slave/test/buildprops.json', 'CCACHE_DIR': '/builds/ccache'}}, attempt #1
16:53:37     INFO - Running command: ['/builds/slave/test/build/venv/bin/pip', 'install', '--timeout', '120', '--no-index', '--find-links', 'http://pypi.pvt.build.mozilla.org/pub', '--find-links', 'http://pypi.pub.build.mozilla.org/pub', '--trusted-host', 'pypi.pub.build.mozilla.org', '--trusted-host', 'pypi.pvt.build.mozilla.org', 'psutil>=3.1.1'] in /builds/slave/test/build
16:53:37     INFO - Copy/paste: /builds/slave/test/build/venv/bin/pip install --timeout 120 --no-index --find-links http://pypi.pvt.build.mozilla.org/pub --find-links http://pypi.pub.build.mozilla.org/pub --trusted-host pypi.pub.build.mozilla.org --trusted-host pypi.pvt.build.mozilla.org psutil>=3.1.1
16:53:37     INFO - Using env: {'CCACHE_DIR': '/builds/ccache',
16:53:37     INFO -  'CCACHE_UMASK': '002',
16:53:37     INFO -  'DISPLAY': ':0',
16:53:37     INFO -  'HOME': '/home/cltbld',
16:53:37     INFO -  'LANG': 'en_US.UTF-8',
16:53:37     INFO -  'LOGNAME': 'cltbld',
16:53:37     INFO -  'MAIL': '/var/mail/cltbld',
16:53:37     INFO -  'MOZ_HIDE_RESULTS_TABLE': '1',
16:53:37     INFO -  'MOZ_NODE_PATH': '/usr/bin/node',
16:53:37     INFO -  'MOZ_NO_REMOTE': '1',
16:53:37     INFO -  'NODE_PATH': '/usr/lib/nodejs:/usr/lib/node_modules:/usr/share/javascript',
16:53:37     INFO -  'NO_FAIL_ON_TEST_ERRORS': '1',
16:53:37     INFO -  'PATH': '/usr/local/bin:/usr/local/bin:/usr/bin:/bin:/usr/local/games:/usr/games',
16:53:37     INFO -  'PROPERTIES_FILE': '/builds/slave/test/buildprops.json',
16:53:37     INFO -  'PWD': '/builds/slave/test',
16:53:37     INFO -  'SHELL': '/bin/bash',
16:53:37     INFO -  'SHLVL': '1',
16:53:37     INFO -  'TERM': 'linux',
16:53:37     INFO -  'TMOUT': '86400',
16:53:37     INFO -  'USER': 'cltbld',
16:53:37     INFO -  'XDG_SESSION_COOKIE': '9ca12473fbb1d023794ffd180000023c-1528501922.16290-841377062',
16:53:37     INFO -  '_': '/tools/buildbot/bin/python'}
16:53:38     INFO -  Ignoring indexes: https://pypi.python.org/simple
16:53:38     INFO -  Collecting psutil>=3.1.1
16:53:38     INFO -  /builds/slave/test/build/venv/lib/python2.7/site-packages/pip/_vendor/requests/packages/urllib3/util/ssl_.py:318: SNIMissingWarning: An HTTPS request has been made, but the SNI (Subject Name Indication) extension to TLS is not available on this platform. This may cause the server to present an incorrect TLS certificate, which can cause validation failures. You can upgrade to a newer version of Python to solve this. For more information, see https://urllib3.readthedocs.org/en/latest/security.html#snimissingwarning.
16:53:38     INFO -    SNIMissingWarning
16:53:38     INFO -  /builds/slave/test/build/venv/lib/python2.7/site-packages/pip/_vendor/requests/packages/urllib3/util/ssl_.py:122: InsecurePlatformWarning: A true SSLContext object is not available. This prevents urllib3 from configuring SSL appropriately and may cause certain SSL connections to fail. You can upgrade to a newer version of Python to solve this. For more information, see https://urllib3.readthedocs.org/en/latest/security.html#insecureplatformwarning.
16:53:38     INFO -    InsecurePlatformWarning
16:53:39     INFO -  /builds/slave/test/build/venv/lib/python2.7/site-packages/pip/_vendor/requests/packages/urllib3/util/ssl_.py:122: InsecurePlatformWarning: A true SSLContext object is not available. This prevents urllib3 from configuring SSL appropriately and may cause certain SSL connections to fail. You can upgrade to a newer version of Python to solve this. For more information, see https://urllib3.readthedocs.org/en/latest/security.html#insecureplatformwarning.
16:53:39     INFO -    InsecurePlatformWarning
16:53:43     INFO -    Downloading https://pypi.pvt.build.mozilla.org/pub/psutil-5.4.3.tar.gz (412kB)
16:53:44     INFO -  Building wheels for collected packages: psutil
16:53:44     INFO -    Running setup.py bdist_wheel for psutil: started
16:53:46     INFO -    Running setup.py bdist_wheel for psutil: finished with status 'done'
16:53:46     INFO -    Stored in directory: /home/cltbld/.cache/pip/wheels/30/c0/c3/5cdb2b64c0d47a81af9c62935a64d83948d2c2b3e7af3eeee2
16:53:46     INFO -  Successfully built psutil
16:53:46     INFO -  Installing collected packages: psutil
16:53:46     INFO -  Successfully installed psutil-5.4.3
16:53:47     INFO - Return code: 0
16:53:47     INFO - Installing mozsystemmonitor==0.3 into virtualenv /builds/slave/test/build/venv
16:53:47     INFO - retry: Calling run_command with args: [['/builds/slave/test/build/venv/bin/pip', 'install', '--timeout', '120', '--no-index', '--find-links', 'http://pypi.pvt.build.mozilla.org/pub', '--find-links', 'http://pypi.pub.build.mozilla.org/pub', '--trusted-host', 'pypi.pub.build.mozilla.org', '--trusted-host', 'pypi.pvt.build.mozilla.org', 'mozsystemmonitor==0.3']], kwargs: {'error_level': 'warning', 'error_list': [{'substr': 'not found or a compiler error:', 'level': 'warning'}, {'regex': <_sre.SRE_Pattern object at 0x24ef110>, 'level': 'error'}, {'regex': <_sre.SRE_Pattern object at 0x7fbb94c0b120>, 'level': 'warning'}, {'regex': <_sre.SRE_Pattern object at 0x2635e80>, 'level': 'debug'}, {'substr': 'command not found', 'level': 'error'}, {'regex': <_sre.SRE_Pattern object at 0x261fca0>, 'level': 'warning'}, {'substr': 'Traceback (most recent call last)', 'level': 'error'}, {'substr': 'SyntaxError: ', 'level': 'error'}, {'substr': 'TypeError: ', 'level': 'error'}, {'substr': 'NameError: ', 'level': 'error'}, {'substr': 'ZeroDivisionError: ', 'level': 'error'}, {'regex': <_sre.SRE_Pattern object at 0x26394f0>, 'level': 'critical'}, {'regex': <_sre.SRE_Pattern object at 0x2245a60>, 'level': 'critical'}], 'cwd': '/builds/slave/test/build', 'env': {'TMOUT': '86400', 'LOGNAME': 'cltbld', 'USER': 'cltbld', 'HOME': '/home/cltbld', 'PATH': '/usr/local/bin:/usr/local/bin:/usr/bin:/bin:/usr/local/games:/usr/games', 'DISPLAY': ':0', 'CCACHE_UMASK': '002', 'LANG': 'en_US.UTF-8', 'TERM': 'linux', 'SHELL': '/bin/bash', 'MOZ_NODE_PATH': '/usr/bin/node', 'XDG_SESSION_COOKIE': '9ca12473fbb1d023794ffd180000023c-1528501922.16290-841377062', 'SHLVL': '1', 'NO_FAIL_ON_TEST_ERRORS': '1', 'MOZ_NO_REMOTE': '1', 'MOZ_HIDE_RESULTS_TABLE': '1', 'MAIL': '/var/mail/cltbld', '_': '/tools/buildbot/bin/python', 'NODE_PATH': '/usr/lib/nodejs:/usr/lib/node_modules:/usr/share/javascript', 'PWD': '/builds/slave/test', 'PROPERTIES_FILE': '/builds/slave/test/buildprops.json', 'CCACHE_DIR': '/builds/ccache'}}, attempt #1
16:53:47     INFO - Running command: ['/builds/slave/test/build/venv/bin/pip', 'install', '--timeout', '120', '--no-index', '--find-links', 'http://pypi.pvt.build.mozilla.org/pub', '--find-links', 'http://pypi.pub.build.mozilla.org/pub', '--trusted-host', 'pypi.pub.build.mozilla.org', '--trusted-host', 'pypi.pvt.build.mozilla.org', 'mozsystemmonitor==0.3'] in /builds/slave/test/build
16:53:47     INFO - Copy/paste: /builds/slave/test/build/venv/bin/pip install --timeout 120 --no-index --find-links http://pypi.pvt.build.mozilla.org/pub --find-links http://pypi.pub.build.mozilla.org/pub --trusted-host pypi.pub.build.mozilla.org --trusted-host pypi.pvt.build.mozilla.org mozsystemmonitor==0.3
16:53:47     INFO - Using env: {'CCACHE_DIR': '/builds/ccache',
16:53:47     INFO -  'CCACHE_UMASK': '002',
16:53:47     INFO -  'DISPLAY': ':0',
16:53:47     INFO -  'HOME': '/home/cltbld',
16:53:47     INFO -  'LANG': 'en_US.UTF-8',
16:53:47     INFO -  'LOGNAME': 'cltbld',
16:53:47     INFO -  'MAIL': '/var/mail/cltbld',
16:53:47     INFO -  'MOZ_HIDE_RESULTS_TABLE': '1',
16:53:47     INFO -  'MOZ_NODE_PATH': '/usr/bin/node',
16:53:47     INFO -  'MOZ_NO_REMOTE': '1',
16:53:47     INFO -  'NODE_PATH': '/usr/lib/nodejs:/usr/lib/node_modules:/usr/share/javascript',
16:53:47     INFO -  'NO_FAIL_ON_TEST_ERRORS': '1',
16:53:47     INFO -  'PATH': '/usr/local/bin:/usr/local/bin:/usr/bin:/bin:/usr/local/games:/usr/games',
16:53:47     INFO -  'PROPERTIES_FILE': '/builds/slave/test/buildprops.json',
16:53:47     INFO -  'PWD': '/builds/slave/test',
16:53:47     INFO -  'SHELL': '/bin/bash',
16:53:47     INFO -  'SHLVL': '1',
16:53:47     INFO -  'TERM': 'linux',
16:53:47     INFO -  'TMOUT': '86400',
16:53:47     INFO -  'USER': 'cltbld',
16:53:47     INFO -  'XDG_SESSION_COOKIE': '9ca12473fbb1d023794ffd180000023c-1528501922.16290-841377062',
16:53:47     INFO -  '_': '/tools/buildbot/bin/python'}
16:53:47     INFO -  Ignoring indexes: https://pypi.python.org/simple
16:53:47     INFO -  Collecting mozsystemmonitor==0.3
16:53:48     INFO -  /builds/slave/test/build/venv/lib/python2.7/site-packages/pip/_vendor/requests/packages/urllib3/util/ssl_.py:318: SNIMissingWarning: An HTTPS request has been made, but the SNI (Subject Name Indication) extension to TLS is not available on this platform. This may cause the server to present an incorrect TLS certificate, which can cause validation failures. You can upgrade to a newer version of Python to solve this. For more information, see https://urllib3.readthedocs.org/en/latest/security.html#snimissingwarning.
16:53:48     INFO -    SNIMissingWarning
16:53:48     INFO -  /builds/slave/test/build/venv/lib/python2.7/site-packages/pip/_vendor/requests/packages/urllib3/util/ssl_.py:122: InsecurePlatformWarning: A true SSLContext object is not available. This prevents urllib3 from configuring SSL appropriately and may cause certain SSL connections to fail. You can upgrade to a newer version of Python to solve this. For more information, see https://urllib3.readthedocs.org/en/latest/security.html#insecureplatformwarning.
16:53:48     INFO -    InsecurePlatformWarning
16:53:49     INFO -  /builds/slave/test/build/venv/lib/python2.7/site-packages/pip/_vendor/requests/packages/urllib3/util/ssl_.py:122: InsecurePlatformWarning: A true SSLContext object is not available. This prevents urllib3 from configuring SSL appropriately and may cause certain SSL connections to fail. You can upgrade to a newer version of Python to solve this. For more information, see https://urllib3.readthedocs.org/en/latest/security.html#insecureplatformwarning.
16:53:49     INFO -    InsecurePlatformWarning
16:53:52     INFO -    Downloading https://pypi.pvt.build.mozilla.org/pub/mozsystemmonitor-0.3.tar.gz
16:53:53     INFO -  Requirement already satisfied (use --upgrade to upgrade): psutil>=3.1.1 in ./venv/lib/python2.7/site-packages (from mozsystemmonitor==0.3)
16:53:53     INFO -  Building wheels for collected packages: mozsystemmonitor
16:53:53     INFO -    Running setup.py bdist_wheel for mozsystemmonitor: started
16:53:53     INFO -    Running setup.py bdist_wheel for mozsystemmonitor: finished with status 'done'
16:53:53     INFO -    Stored in directory: /home/cltbld/.cache/pip/wheels/f4/b7/9c/8a88c92aaad7c1d8bbd68513e1d91ad7f62b7465808c516aa8
16:53:53     INFO -  Successfully built mozsystemmonitor
16:53:53     INFO -  Installing collected packages: mozsystemmonitor
16:53:53     INFO -  Successfully installed mozsystemmonitor-0.3
16:53:53     INFO - Return code: 0
16:53:53     INFO - Installing jsonschema==2.5.1 into virtualenv /builds/slave/test/build/venv
16:53:54     INFO - retry: Calling run_command with args: [['/builds/slave/test/build/venv/bin/pip', 'install', '--timeout', '120', '--no-index', '--find-links', 'http://pypi.pvt.build.mozilla.org/pub', '--find-links', 'http://pypi.pub.build.mozilla.org/pub', '--trusted-host', 'pypi.pub.build.mozilla.org', '--trusted-host', 'pypi.pvt.build.mozilla.org', 'jsonschema==2.5.1']], kwargs: {'error_level': 'warning', 'error_list': [{'substr': 'not found or a compiler error:', 'level': 'warning'}, {'regex': <_sre.SRE_Pattern object at 0x24ef110>, 'level': 'error'}, {'regex': <_sre.SRE_Pattern object at 0x7fbb94c0b120>, 'level': 'warning'}, {'regex': <_sre.SRE_Pattern object at 0x2635e80>, 'level': 'debug'}, {'substr': 'command not found', 'level': 'error'}, {'regex': <_sre.SRE_Pattern object at 0x261fca0>, 'level': 'warning'}, {'substr': 'Traceback (most recent call last)', 'level': 'error'}, {'substr': 'SyntaxError: ', 'level': 'error'}, {'substr': 'TypeError: ', 'level': 'error'}, {'substr': 'NameError: ', 'level': 'error'}, {'substr': 'ZeroDivisionError: ', 'level': 'error'}, {'regex': <_sre.SRE_Pattern object at 0x26394f0>, 'level': 'critical'}, {'regex': <_sre.SRE_Pattern object at 0x2245a60>, 'level': 'critical'}], 'cwd': '/builds/slave/test/build', 'env': {'TMOUT': '86400', 'LOGNAME': 'cltbld', 'USER': 'cltbld', 'HOME': '/home/cltbld', 'PATH': '/usr/local/bin:/usr/local/bin:/usr/bin:/bin:/usr/local/games:/usr/games', 'DISPLAY': ':0', 'CCACHE_UMASK': '002', 'LANG': 'en_US.UTF-8', 'TERM': 'linux', 'SHELL': '/bin/bash', 'MOZ_NODE_PATH': '/usr/bin/node', 'XDG_SESSION_COOKIE': '9ca12473fbb1d023794ffd180000023c-1528501922.16290-841377062', 'SHLVL': '1', 'NO_FAIL_ON_TEST_ERRORS': '1', 'MOZ_NO_REMOTE': '1', 'MOZ_HIDE_RESULTS_TABLE': '1', 'MAIL': '/var/mail/cltbld', '_': '/tools/buildbot/bin/python', 'NODE_PATH': '/usr/lib/nodejs:/usr/lib/node_modules:/usr/share/javascript', 'PWD': '/builds/slave/test', 'PROPERTIES_FILE': '/builds/slave/test/buildprops.json', 'CCACHE_DIR': '/builds/ccache'}}, attempt #1
16:53:54     INFO - Running command: ['/builds/slave/test/build/venv/bin/pip', 'install', '--timeout', '120', '--no-index', '--find-links', 'http://pypi.pvt.build.mozilla.org/pub', '--find-links', 'http://pypi.pub.build.mozilla.org/pub', '--trusted-host', 'pypi.pub.build.mozilla.org', '--trusted-host', 'pypi.pvt.build.mozilla.org', 'jsonschema==2.5.1'] in /builds/slave/test/build
16:53:54     INFO - Copy/paste: /builds/slave/test/build/venv/bin/pip install --timeout 120 --no-index --find-links http://pypi.pvt.build.mozilla.org/pub --find-links http://pypi.pub.build.mozilla.org/pub --trusted-host pypi.pub.build.mozilla.org --trusted-host pypi.pvt.build.mozilla.org jsonschema==2.5.1
16:53:54     INFO - Using env: {'CCACHE_DIR': '/builds/ccache',
16:53:54     INFO -  'CCACHE_UMASK': '002',
16:53:54     INFO -  'DISPLAY': ':0',
16:53:54     INFO -  'HOME': '/home/cltbld',
16:53:54     INFO -  'LANG': 'en_US.UTF-8',
16:53:54     INFO -  'LOGNAME': 'cltbld',
16:53:54     INFO -  'MAIL': '/var/mail/cltbld',
16:53:54     INFO -  'MOZ_HIDE_RESULTS_TABLE': '1',
16:53:54     INFO -  'MOZ_NODE_PATH': '/usr/bin/node',
16:53:54     INFO -  'MOZ_NO_REMOTE': '1',
16:53:54     INFO -  'NODE_PATH': '/usr/lib/nodejs:/usr/lib/node_modules:/usr/share/javascript',
16:53:54     INFO -  'NO_FAIL_ON_TEST_ERRORS': '1',
16:53:54     INFO -  'PATH': '/usr/local/bin:/usr/local/bin:/usr/bin:/bin:/usr/local/games:/usr/games',
16:53:54     INFO -  'PROPERTIES_FILE': '/builds/slave/test/buildprops.json',
16:53:54     INFO -  'PWD': '/builds/slave/test',
16:53:54     INFO -  'SHELL': '/bin/bash',
16:53:54     INFO -  'SHLVL': '1',
16:53:54     INFO -  'TERM': 'linux',
16:53:54     INFO -  'TMOUT': '86400',
16:53:54     INFO -  'USER': 'cltbld',
16:53:54     INFO -  'XDG_SESSION_COOKIE': '9ca12473fbb1d023794ffd180000023c-1528501922.16290-841377062',
16:53:54     INFO -  '_': '/tools/buildbot/bin/python'}
16:53:54     INFO -  Ignoring indexes: https://pypi.python.org/simple
16:53:54     INFO -  Collecting jsonschema==2.5.1
16:53:54     INFO -  /builds/slave/test/build/venv/lib/python2.7/site-packages/pip/_vendor/requests/packages/urllib3/util/ssl_.py:318: SNIMissingWarning: An HTTPS request has been made, but the SNI (Subject Name Indication) extension to TLS is not available on this platform. This may cause the server to present an incorrect TLS certificate, which can cause validation failures. You can upgrade to a newer version of Python to solve this. For more information, see https://urllib3.readthedocs.org/en/latest/security.html#snimissingwarning.
16:53:54     INFO -    SNIMissingWarning
16:53:54     INFO -  /builds/slave/test/build/venv/lib/python2.7/site-packages/pip/_vendor/requests/packages/urllib3/util/ssl_.py:122: InsecurePlatformWarning: A true SSLContext object is not available. This prevents urllib3 from configuring SSL appropriately and may cause certain SSL connections to fail. You can upgrade to a newer version of Python to solve this. For more information, see https://urllib3.readthedocs.org/en/latest/security.html#insecureplatformwarning.
16:53:54     INFO -    InsecurePlatformWarning
16:53:56     INFO -  /builds/slave/test/build/venv/lib/python2.7/site-packages/pip/_vendor/requests/packages/urllib3/util/ssl_.py:122: InsecurePlatformWarning: A true SSLContext object is not available. This prevents urllib3 from configuring SSL appropriately and may cause certain SSL connections to fail. You can upgrade to a newer version of Python to solve this. For more information, see https://urllib3.readthedocs.org/en/latest/security.html#insecureplatformwarning.
16:53:56     INFO -    InsecurePlatformWarning
16:53:59     INFO -    Downloading https://pypi.pvt.build.mozilla.org/pub/jsonschema-2.5.1-py2.py3-none-any.whl
16:53:59     INFO -  Collecting functools32; python_version == "2.7" (from jsonschema==2.5.1)
16:54:04     INFO -    Downloading https://pypi.pvt.build.mozilla.org/pub/functools32-3.2.3-2.tar.gz
16:54:04     INFO -  Building wheels for collected packages: functools32
16:54:04     INFO -    Running setup.py bdist_wheel for functools32: started
16:54:05     INFO -    Running setup.py bdist_wheel for functools32: finished with status 'done'
16:54:05     INFO -    Stored in directory: /home/cltbld/.cache/pip/wheels/60/8e/5c/cd0944700dbec48e57da97dbe11bcc84b1332f6b43bc89d9b7
16:54:05     INFO -  Successfully built functools32
16:54:05     INFO -  Installing collected packages: functools32, jsonschema
16:54:05     INFO -  Successfully installed functools32-3.2.3.post2 jsonschema-2.5.1
16:54:05     INFO - Return code: 0
16:54:05     INFO - Installing functools32==3.2.3-2 into virtualenv /builds/slave/test/build/venv
16:54:05     INFO - retry: Calling run_command with args: [['/builds/slave/test/build/venv/bin/pip', 'install', '--timeout', '120', '--no-index', '--find-links', 'http://pypi.pvt.build.mozilla.org/pub', '--find-links', 'http://pypi.pub.build.mozilla.org/pub', '--trusted-host', 'pypi.pub.build.mozilla.org', '--trusted-host', 'pypi.pvt.build.mozilla.org', 'functools32==3.2.3-2']], kwargs: {'error_level': 'warning', 'error_list': [{'substr': 'not found or a compiler error:', 'level': 'warning'}, {'regex': <_sre.SRE_Pattern object at 0x24ef110>, 'level': 'error'}, {'regex': <_sre.SRE_Pattern object at 0x7fbb94c0b120>, 'level': 'warning'}, {'regex': <_sre.SRE_Pattern object at 0x2635e80>, 'level': 'debug'}, {'substr': 'command not found', 'level': 'error'}, {'regex': <_sre.SRE_Pattern object at 0x261fca0>, 'level': 'warning'}, {'substr': 'Traceback (most recent call last)', 'level': 'error'}, {'substr': 'SyntaxError: ', 'level': 'error'}, {'substr': 'TypeError: ', 'level': 'error'}, {'substr': 'NameError: ', 'level': 'error'}, {'substr': 'ZeroDivisionError: ', 'level': 'error'}, {'regex': <_sre.SRE_Pattern object at 0x26394f0>, 'level': 'critical'}, {'regex': <_sre.SRE_Pattern object at 0x2245a60>, 'level': 'critical'}], 'cwd': '/builds/slave/test/build', 'env': {'TMOUT': '86400', 'LOGNAME': 'cltbld', 'USER': 'cltbld', 'HOME': '/home/cltbld', 'PATH': '/usr/local/bin:/usr/local/bin:/usr/bin:/bin:/usr/local/games:/usr/games', 'DISPLAY': ':0', 'CCACHE_UMASK': '002', 'LANG': 'en_US.UTF-8', 'TERM': 'linux', 'SHELL': '/bin/bash', 'MOZ_NODE_PATH': '/usr/bin/node', 'XDG_SESSION_COOKIE': '9ca12473fbb1d023794ffd180000023c-1528501922.16290-841377062', 'SHLVL': '1', 'NO_FAIL_ON_TEST_ERRORS': '1', 'MOZ_NO_REMOTE': '1', 'MOZ_HIDE_RESULTS_TABLE': '1', 'MAIL': '/var/mail/cltbld', '_': '/tools/buildbot/bin/python', 'NODE_PATH': '/usr/lib/nodejs:/usr/lib/node_modules:/usr/share/javascript', 'PWD': '/builds/slave/test', 'PROPERTIES_FILE': '/builds/slave/test/buildprops.json', 'CCACHE_DIR': '/builds/ccache'}}, attempt #1
16:54:05     INFO - Running command: ['/builds/slave/test/build/venv/bin/pip', 'install', '--timeout', '120', '--no-index', '--find-links', 'http://pypi.pvt.build.mozilla.org/pub', '--find-links', 'http://pypi.pub.build.mozilla.org/pub', '--trusted-host', 'pypi.pub.build.mozilla.org', '--trusted-host', 'pypi.pvt.build.mozilla.org', 'functools32==3.2.3-2'] in /builds/slave/test/build
16:54:05     INFO - Copy/paste: /builds/slave/test/build/venv/bin/pip install --timeout 120 --no-index --find-links http://pypi.pvt.build.mozilla.org/pub --find-links http://pypi.pub.build.mozilla.org/pub --trusted-host pypi.pub.build.mozilla.org --trusted-host pypi.pvt.build.mozilla.org functools32==3.2.3-2
16:54:05     INFO - Using env: {'CCACHE_DIR': '/builds/ccache',
16:54:05     INFO -  'CCACHE_UMASK': '002',
16:54:05     INFO -  'DISPLAY': ':0',
16:54:05     INFO -  'HOME': '/home/cltbld',
16:54:05     INFO -  'LANG': 'en_US.UTF-8',
16:54:05     INFO -  'LOGNAME': 'cltbld',
16:54:05     INFO -  'MAIL': '/var/mail/cltbld',
16:54:05     INFO -  'MOZ_HIDE_RESULTS_TABLE': '1',
16:54:05     INFO -  'MOZ_NODE_PATH': '/usr/bin/node',
16:54:05     INFO -  'MOZ_NO_REMOTE': '1',
16:54:05     INFO -  'NODE_PATH': '/usr/lib/nodejs:/usr/lib/node_modules:/usr/share/javascript',
16:54:05     INFO -  'NO_FAIL_ON_TEST_ERRORS': '1',
16:54:05     INFO -  'PATH': '/usr/local/bin:/usr/local/bin:/usr/bin:/bin:/usr/local/games:/usr/games',
16:54:05     INFO -  'PROPERTIES_FILE': '/builds/slave/test/buildprops.json',
16:54:05     INFO -  'PWD': '/builds/slave/test',
16:54:05     INFO -  'SHELL': '/bin/bash',
16:54:05     INFO -  'SHLVL': '1',
16:54:05     INFO -  'TERM': 'linux',
16:54:05     INFO -  'TMOUT': '86400',
16:54:05     INFO -  'USER': 'cltbld',
16:54:05     INFO -  'XDG_SESSION_COOKIE': '9ca12473fbb1d023794ffd180000023c-1528501922.16290-841377062',
16:54:05     INFO -  '_': '/tools/buildbot/bin/python'}
16:54:06     INFO -  Ignoring indexes: https://pypi.python.org/simple
16:54:06     INFO -  Requirement already satisfied (use --upgrade to upgrade): functools32==3.2.3-2 in ./venv/lib/python2.7/site-packages
16:54:06     INFO - Return code: 0
16:54:06     INFO - Installing blobuploader==1.2.4 into virtualenv /builds/slave/test/build/venv
16:54:06     INFO - retry: Calling run_command with args: [['/builds/slave/test/build/venv/bin/pip', 'install', '--timeout', '120', '--no-index', '--find-links', 'http://pypi.pvt.build.mozilla.org/pub', '--find-links', 'http://pypi.pub.build.mozilla.org/pub', '--trusted-host', 'pypi.pub.build.mozilla.org', '--trusted-host', 'pypi.pvt.build.mozilla.org', 'blobuploader==1.2.4']], kwargs: {'error_level': 'warning', 'error_list': [{'substr': 'not found or a compiler error:', 'level': 'warning'}, {'regex': <_sre.SRE_Pattern object at 0x24ef110>, 'level': 'error'}, {'regex': <_sre.SRE_Pattern object at 0x7fbb94c0b120>, 'level': 'warning'}, {'regex': <_sre.SRE_Pattern object at 0x2635e80>, 'level': 'debug'}, {'substr': 'command not found', 'level': 'error'}, {'regex': <_sre.SRE_Pattern object at 0x261fca0>, 'level': 'warning'}, {'substr': 'Traceback (most recent call last)', 'level': 'error'}, {'substr': 'SyntaxError: ', 'level': 'error'}, {'substr': 'TypeError: ', 'level': 'error'}, {'substr': 'NameError: ', 'level': 'error'}, {'substr': 'ZeroDivisionError: ', 'level': 'error'}, {'regex': <_sre.SRE_Pattern object at 0x26394f0>, 'level': 'critical'}, {'regex': <_sre.SRE_Pattern object at 0x2245a60>, 'level': 'critical'}], 'cwd': '/builds/slave/test/build', 'env': {'TMOUT': '86400', 'LOGNAME': 'cltbld', 'USER': 'cltbld', 'HOME': '/home/cltbld', 'PATH': '/usr/local/bin:/usr/local/bin:/usr/bin:/bin:/usr/local/games:/usr/games', 'DISPLAY': ':0', 'CCACHE_UMASK': '002', 'LANG': 'en_US.UTF-8', 'TERM': 'linux', 'SHELL': '/bin/bash', 'MOZ_NODE_PATH': '/usr/bin/node', 'XDG_SESSION_COOKIE': '9ca12473fbb1d023794ffd180000023c-1528501922.16290-841377062', 'SHLVL': '1', 'NO_FAIL_ON_TEST_ERRORS': '1', 'MOZ_NO_REMOTE': '1', 'MOZ_HIDE_RESULTS_TABLE': '1', 'MAIL': '/var/mail/cltbld', '_': '/tools/buildbot/bin/python', 'NODE_PATH': '/usr/lib/nodejs:/usr/lib/node_modules:/usr/share/javascript', 'PWD': '/builds/slave/test', 'PROPERTIES_FILE': '/builds/slave/test/buildprops.json', 'CCACHE_DIR': '/builds/ccache'}}, attempt #1
16:54:06     INFO - Running command: ['/builds/slave/test/build/venv/bin/pip', 'install', '--timeout', '120', '--no-index', '--find-links', 'http://pypi.pvt.build.mozilla.org/pub', '--find-links', 'http://pypi.pub.build.mozilla.org/pub', '--trusted-host', 'pypi.pub.build.mozilla.org', '--trusted-host', 'pypi.pvt.build.mozilla.org', 'blobuploader==1.2.4'] in /builds/slave/test/build
16:54:06     INFO - Copy/paste: /builds/slave/test/build/venv/bin/pip install --timeout 120 --no-index --find-links http://pypi.pvt.build.mozilla.org/pub --find-links http://pypi.pub.build.mozilla.org/pub --trusted-host pypi.pub.build.mozilla.org --trusted-host pypi.pvt.build.mozilla.org blobuploader==1.2.4
16:54:06     INFO - Using env: {'CCACHE_DIR': '/builds/ccache',
16:54:06     INFO -  'CCACHE_UMASK': '002',
16:54:06     INFO -  'DISPLAY': ':0',
16:54:06     INFO -  'HOME': '/home/cltbld',
16:54:06     INFO -  'LANG': 'en_US.UTF-8',
16:54:06     INFO -  'LOGNAME': 'cltbld',
16:54:06     INFO -  'MAIL': '/var/mail/cltbld',
16:54:06     INFO -  'MOZ_HIDE_RESULTS_TABLE': '1',
16:54:06     INFO -  'MOZ_NODE_PATH': '/usr/bin/node',
16:54:06     INFO -  'MOZ_NO_REMOTE': '1',
16:54:06     INFO -  'NODE_PATH': '/usr/lib/nodejs:/usr/lib/node_modules:/usr/share/javascript',
16:54:06     INFO -  'NO_FAIL_ON_TEST_ERRORS': '1',
16:54:06     INFO -  'PATH': '/usr/local/bin:/usr/local/bin:/usr/bin:/bin:/usr/local/games:/usr/games',
16:54:06     INFO -  'PROPERTIES_FILE': '/builds/slave/test/buildprops.json',
16:54:06     INFO -  'PWD': '/builds/slave/test',
16:54:06     INFO -  'SHELL': '/bin/bash',
16:54:06     INFO -  'SHLVL': '1',
16:54:06     INFO -  'TERM': 'linux',
16:54:06     INFO -  'TMOUT': '86400',
16:54:06     INFO -  'USER': 'cltbld',
16:54:06     INFO -  'XDG_SESSION_COOKIE': '9ca12473fbb1d023794ffd180000023c-1528501922.16290-841377062',
16:54:06     INFO -  '_': '/tools/buildbot/bin/python'}
16:54:07     INFO -  Ignoring indexes: https://pypi.python.org/simple
16:54:07     INFO -  Collecting blobuploader==1.2.4
16:54:07     INFO -  /builds/slave/test/build/venv/lib/python2.7/site-packages/pip/_vendor/requests/packages/urllib3/util/ssl_.py:318: SNIMissingWarning: An HTTPS request has been made, but the SNI (Subject Name Indication) extension to TLS is not available on this platform. This may cause the server to present an incorrect TLS certificate, which can cause validation failures. You can upgrade to a newer version of Python to solve this. For more information, see https://urllib3.readthedocs.org/en/latest/security.html#snimissingwarning.
16:54:07     INFO -    SNIMissingWarning
16:54:07     INFO -  /builds/slave/test/build/venv/lib/python2.7/site-packages/pip/_vendor/requests/packages/urllib3/util/ssl_.py:122: InsecurePlatformWarning: A true SSLContext object is not available. This prevents urllib3 from configuring SSL appropriately and may cause certain SSL connections to fail. You can upgrade to a newer version of Python to solve this. For more information, see https://urllib3.readthedocs.org/en/latest/security.html#insecureplatformwarning.
16:54:07     INFO -    InsecurePlatformWarning
16:54:08     INFO -  /builds/slave/test/build/venv/lib/python2.7/site-packages/pip/_vendor/requests/packages/urllib3/util/ssl_.py:122: InsecurePlatformWarning: A true SSLContext object is not available. This prevents urllib3 from configuring SSL appropriately and may cause certain SSL connections to fail. You can upgrade to a newer version of Python to solve this. For more information, see https://urllib3.readthedocs.org/en/latest/security.html#insecureplatformwarning.
16:54:08     INFO -    InsecurePlatformWarning
16:54:12     INFO -    Downloading https://pypi.pvt.build.mozilla.org/pub/blobuploader-1.2.4.tar.gz
16:54:12     INFO -  Collecting requests==1.2.3. (from blobuploader==1.2.4)
16:54:17     INFO -    Downloading https://pypi.pvt.build.mozilla.org/pub/requests-1.2.3.tar.gz (348kB)
16:54:18     INFO -  Collecting docopt==0.6.1 (from blobuploader==1.2.4)
16:54:22     INFO -    Downloading https://pypi.pvt.build.mozilla.org/pub/docopt-0.6.1.tar.gz
16:54:22     INFO -  Building wheels for collected packages: blobuploader, requests, docopt
16:54:22     INFO -    Running setup.py bdist_wheel for blobuploader: started
16:54:23     INFO -    Running setup.py bdist_wheel for blobuploader: finished with status 'done'
16:54:23     INFO -    Stored in directory: /home/cltbld/.cache/pip/wheels/a7/2a/47/2d3828e4129ffeb548a26f4a87889dc9bc1a58e201a0ff8655
16:54:23     INFO -    Running setup.py bdist_wheel for requests: started
16:54:24     INFO -    Running setup.py bdist_wheel for requests: finished with status 'done'
16:54:24     INFO -    Stored in directory: /home/cltbld/.cache/pip/wheels/65/bb/90/359b65a7043ffc879dde877c4ad827f452218808c6cccf2658
16:54:24     INFO -    Running setup.py bdist_wheel for docopt: started
16:54:24     INFO -    Running setup.py bdist_wheel for docopt: finished with status 'done'
16:54:24     INFO -    Stored in directory: /home/cltbld/.cache/pip/wheels/ac/8b/84/7dbe9ada02c48c352fa733c81648516f92c6436f9d5bffad41
16:54:24     INFO -  Successfully built blobuploader requests docopt
16:54:24     INFO -  Installing collected packages: requests, docopt, blobuploader
16:54:25     INFO -  Successfully installed blobuploader-1.2.4 docopt-0.6.1 requests-1.2.3
16:54:25     INFO - Return code: 0
16:54:25     INFO - Installing None into virtualenv /builds/slave/test/build/venv
16:54:25     INFO - retry: Calling run_command with args: [['/builds/slave/test/build/venv/bin/pip', 'install', '--no-deps', '--timeout', '120', '-r', '/builds/slave/test/build/tests/config/marionette_requirements.txt', '--no-index', '--find-links', 'http://pypi.pvt.build.mozilla.org/pub', '--find-links', 'http://pypi.pub.build.mozilla.org/pub', '--trusted-host', 'pypi.pub.build.mozilla.org', '--trusted-host', 'pypi.pvt.build.mozilla.org']], kwargs: {'error_level': 'warning', 'error_list': [{'substr': 'not found or a compiler error:', 'level': 'warning'}, {'regex': <_sre.SRE_Pattern object at 0x24ef110>, 'level': 'error'}, {'regex': <_sre.SRE_Pattern object at 0x7fbb94c0b120>, 'level': 'warning'}, {'regex': <_sre.SRE_Pattern object at 0x2635e80>, 'level': 'debug'}, {'substr': 'command not found', 'level': 'error'}, {'regex': <_sre.SRE_Pattern object at 0x261fca0>, 'level': 'warning'}, {'substr': 'Traceback (most recent call last)', 'level': 'error'}, {'substr': 'SyntaxError: ', 'level': 'error'}, {'substr': 'TypeError: ', 'level': 'error'}, {'substr': 'NameError: ', 'level': 'error'}, {'substr': 'ZeroDivisionError: ', 'level': 'error'}, {'regex': <_sre.SRE_Pattern object at 0x26394f0>, 'level': 'critical'}, {'regex': <_sre.SRE_Pattern object at 0x2245a60>, 'level': 'critical'}], 'cwd': '/builds/slave/test/build/tests/config', 'env': {'TMOUT': '86400', 'LOGNAME': 'cltbld', 'USER': 'cltbld', 'HOME': '/home/cltbld', 'PATH': '/usr/local/bin:/usr/local/bin:/usr/bin:/bin:/usr/local/games:/usr/games', 'DISPLAY': ':0', 'CCACHE_UMASK': '002', 'LANG': 'en_US.UTF-8', 'TERM': 'linux', 'SHELL': '/bin/bash', 'MOZ_NODE_PATH': '/usr/bin/node', 'XDG_SESSION_COOKIE': '9ca12473fbb1d023794ffd180000023c-1528501922.16290-841377062', 'SHLVL': '1', 'NO_FAIL_ON_TEST_ERRORS': '1', 'MOZ_NO_REMOTE': '1', 'MOZ_HIDE_RESULTS_TABLE': '1', 'MAIL': '/var/mail/cltbld', '_': '/tools/buildbot/bin/python', 'NODE_PATH': '/usr/lib/nodejs:/usr/lib/node_modules:/usr/share/javascript', 'PWD': '/builds/slave/test', 'PROPERTIES_FILE': '/builds/slave/test/buildprops.json', 'CCACHE_DIR': '/builds/ccache'}}, attempt #1
16:54:25     INFO - Running command: ['/builds/slave/test/build/venv/bin/pip', 'install', '--no-deps', '--timeout', '120', '-r', '/builds/slave/test/build/tests/config/marionette_requirements.txt', '--no-index', '--find-links', 'http://pypi.pvt.build.mozilla.org/pub', '--find-links', 'http://pypi.pub.build.mozilla.org/pub', '--trusted-host', 'pypi.pub.build.mozilla.org', '--trusted-host', 'pypi.pvt.build.mozilla.org'] in /builds/slave/test/build/tests/config
16:54:25     INFO - Copy/paste: /builds/slave/test/build/venv/bin/pip install --no-deps --timeout 120 -r /builds/slave/test/build/tests/config/marionette_requirements.txt --no-index --find-links http://pypi.pvt.build.mozilla.org/pub --find-links http://pypi.pub.build.mozilla.org/pub --trusted-host pypi.pub.build.mozilla.org --trusted-host pypi.pvt.build.mozilla.org
16:54:25     INFO - Using env: {'CCACHE_DIR': '/builds/ccache',
16:54:25     INFO -  'CCACHE_UMASK': '002',
16:54:25     INFO -  'DISPLAY': ':0',
16:54:25     INFO -  'HOME': '/home/cltbld',
16:54:25     INFO -  'LANG': 'en_US.UTF-8',
16:54:25     INFO -  'LOGNAME': 'cltbld',
16:54:25     INFO -  'MAIL': '/var/mail/cltbld',
16:54:25     INFO -  'MOZ_HIDE_RESULTS_TABLE': '1',
16:54:25     INFO -  'MOZ_NODE_PATH': '/usr/bin/node',
16:54:25     INFO -  'MOZ_NO_REMOTE': '1',
16:54:25     INFO -  'NODE_PATH': '/usr/lib/nodejs:/usr/lib/node_modules:/usr/share/javascript',
16:54:25     INFO -  'NO_FAIL_ON_TEST_ERRORS': '1',
16:54:25     INFO -  'PATH': '/usr/local/bin:/usr/local/bin:/usr/bin:/bin:/usr/local/games:/usr/games',
16:54:25     INFO -  'PROPERTIES_FILE': '/builds/slave/test/buildprops.json',
16:54:25     INFO -  'PWD': '/builds/slave/test',
16:54:25     INFO -  'SHELL': '/bin/bash',
16:54:25     INFO -  'SHLVL': '1',
16:54:25     INFO -  'TERM': 'linux',
16:54:25     INFO -  'TMOUT': '86400',
16:54:25     INFO -  'USER': 'cltbld',
16:54:25     INFO -  'XDG_SESSION_COOKIE': '9ca12473fbb1d023794ffd180000023c-1528501922.16290-841377062',
16:54:25     INFO -  '_': '/tools/buildbot/bin/python'}
16:54:26     INFO -  Ignoring indexes: https://pypi.python.org/simple
16:54:26     INFO -  Processing /builds/slave/test/build/tests/mozbase/manifestparser
16:54:26     INFO -  Processing /builds/slave/test/build/tests/mozbase/mozcrash
16:54:27     INFO -  Processing /builds/slave/test/build/tests/mozbase/mozdebug
16:54:27     INFO -  Processing /builds/slave/test/build/tests/mozbase/mozdevice
16:54:28     INFO -  Processing /builds/slave/test/build/tests/mozbase/mozfile
16:54:28     INFO -  Processing /builds/slave/test/build/tests/mozbase/mozhttpd
16:54:28     INFO -  Processing /builds/slave/test/build/tests/mozbase/mozinfo
16:54:29     INFO -  Processing /builds/slave/test/build/tests/mozbase/mozinstall
16:54:29     INFO -  Processing /builds/slave/test/build/tests/mozbase/mozleak
16:54:29     INFO -  Processing /builds/slave/test/build/tests/mozbase/mozlog
16:54:30     INFO -  Processing /builds/slave/test/build/tests/mozbase/moznetwork
16:54:30     INFO -  Processing /builds/slave/test/build/tests/mozbase/mozprocess
16:54:30     INFO -  Processing /builds/slave/test/build/tests/mozbase/mozprofile
16:54:31     INFO -  Processing /builds/slave/test/build/tests/mozbase/mozrunner
16:54:31     INFO -  Processing /builds/slave/test/build/tests/mozbase/mozscreenshot
16:54:32     INFO -  Processing /builds/slave/test/build/tests/mozbase/moztest
16:54:32     INFO -  Processing /builds/slave/test/build/tests/mozbase/mozversion
16:54:32     INFO -  Processing /builds/slave/test/build/tests/tools/wptserve
16:54:33     INFO -  Processing /builds/slave/test/build/tests/marionette/client
16:54:33     INFO -  Processing /builds/slave/test/build/tests/marionette/harness/marionette_harness/runner/mixins/browsermob-proxy-py
16:54:33     INFO -  Processing /builds/slave/test/build/tests/marionette/harness
16:54:34     INFO -  Processing /builds/slave/test/build/tests/marionette/puppeteer/firefox
16:54:34     INFO -  Building wheels for collected packages: browsermob-proxy
16:54:34     INFO -    Running setup.py bdist_wheel for browsermob-proxy: started
16:54:35     INFO -    Running setup.py bdist_wheel for browsermob-proxy: finished with status 'done'
16:54:35     INFO -    Stored in directory: /home/cltbld/.cache/pip/wheels/10/00/c1/79bb793b6a7eb4dca9dfd244010f550ae5044951bcd23c261e
16:54:35     INFO -  Successfully built browsermob-proxy
16:54:35     INFO -  Installing collected packages: manifestparser, mozcrash, mozdebug, mozdevice, mozfile, mozhttpd, mozinfo, mozInstall, mozleak, mozlog, moznetwork, mozprocess, mozprofile, mozrunner, mozscreenshot, moztest, mozversion, wptserve, marionette-driver, browsermob-proxy, marionette-harness, firefox-puppeteer
16:54:35     INFO -    Running setup.py install for manifestparser: started
16:54:35     INFO -      Running setup.py install for manifestparser: finished with status 'done'
16:54:35     INFO -    Running setup.py install for mozcrash: started
16:54:35     INFO -      Running setup.py install for mozcrash: finished with status 'done'
16:54:35     INFO -    Running setup.py install for mozdebug: started
16:54:36     INFO -      Running setup.py install for mozdebug: finished with status 'done'
16:54:36     INFO -    Running setup.py install for mozdevice: started
16:54:36     INFO -      Running setup.py install for mozdevice: finished with status 'done'
16:54:36     INFO -    Running setup.py install for mozfile: started
16:54:37     INFO -      Running setup.py install for mozfile: finished with status 'done'
16:54:37     INFO -    Running setup.py install for mozhttpd: started
16:54:37     INFO -      Running setup.py install for mozhttpd: finished with status 'done'
16:54:37     INFO -    Running setup.py install for mozinfo: started
16:54:38     INFO -      Running setup.py install for mozinfo: finished with status 'done'
16:54:38     INFO -    Running setup.py install for mozInstall: started
16:54:38     INFO -      Running setup.py install for mozInstall: finished with status 'done'
16:54:38     INFO -    Running setup.py install for mozleak: started
16:54:38     INFO -      Running setup.py install for mozleak: finished with status 'done'
16:54:38     INFO -    Running setup.py install for mozlog: started
16:54:39     INFO -      Running setup.py install for mozlog: finished with status 'done'
16:54:39     INFO -    Running setup.py install for moznetwork: started
16:54:39     INFO -      Running setup.py install for moznetwork: finished with status 'done'
16:54:39     INFO -    Running setup.py install for mozprocess: started
16:54:40     INFO -      Running setup.py install for mozprocess: finished with status 'done'
16:54:40     INFO -    Running setup.py install for mozprofile: started
16:54:40     INFO -      Running setup.py install for mozprofile: finished with status 'done'
16:54:40     INFO -    Running setup.py install for mozrunner: started
16:54:41     INFO -      Running setup.py install for mozrunner: finished with status 'done'
16:54:41     INFO -    Running setup.py install for mozscreenshot: started
16:54:41     INFO -      Running setup.py install for mozscreenshot: finished with status 'done'
16:54:41     INFO -    Running setup.py install for moztest: started
16:54:42     INFO -      Running setup.py install for moztest: finished with status 'done'
16:54:42     INFO -    Running setup.py install for mozversion: started
16:54:42     INFO -      Running setup.py install for mozversion: finished with status 'done'
16:54:42     INFO -    Running setup.py install for wptserve: started
16:54:43     INFO -      Running setup.py install for wptserve: finished with status 'done'
16:54:43     INFO -    Running setup.py install for marionette-driver: started
16:54:43     INFO -      Running setup.py install for marionette-driver: finished with status 'done'
16:54:43     INFO -    Running setup.py install for marionette-harness: started
16:54:44     INFO -      Running setup.py install for marionette-harness: finished with status 'done'
16:54:44     INFO -    Running setup.py install for firefox-puppeteer: started
16:54:44     INFO -      Running setup.py install for firefox-puppeteer: finished with status 'done'
16:54:45     INFO -  Successfully installed browsermob-proxy-0.6.0 firefox-puppeteer-52.1.0 manifestparser-1.1 marionette-driver-2.2.0 marionette-harness-4.0.0 mozInstall-1.12 mozcrash-1.0 mozdebug-0.1 mozdevice-0.48 mozfile-1.2 mozhttpd-0.7 mozinfo-0.9 mozleak-0.1 mozlog-3.4 moznetwork-0.27 mozprocess-0.23 mozprofile-0.28 mozrunner-6.13 mozscreenshot-0.1 moztest-0.8 mozversion-1.4 wptserve-1.4.0
16:54:45     INFO - Return code: 0
16:54:45     INFO - Installing None into virtualenv /builds/slave/test/build/venv
16:54:45     INFO - retry: Calling run_command with args: [['/builds/slave/test/build/venv/bin/pip', 'install', '--timeout', '120', '-r', '/builds/slave/test/build/tests/config/marionette_requirements.txt', '--no-index', '--find-links', 'http://pypi.pvt.build.mozilla.org/pub', '--find-links', 'http://pypi.pub.build.mozilla.org/pub', '--trusted-host', 'pypi.pub.build.mozilla.org', '--trusted-host', 'pypi.pvt.build.mozilla.org']], kwargs: {'error_level': 'warning', 'error_list': [{'substr': 'not found or a compiler error:', 'level': 'warning'}, {'regex': <_sre.SRE_Pattern object at 0x24ef110>, 'level': 'error'}, {'regex': <_sre.SRE_Pattern object at 0x7fbb94c0b120>, 'level': 'warning'}, {'regex': <_sre.SRE_Pattern object at 0x2635e80>, 'level': 'debug'}, {'substr': 'command not found', 'level': 'error'}, {'regex': <_sre.SRE_Pattern object at 0x261fca0>, 'level': 'warning'}, {'substr': 'Traceback (most recent call last)', 'level': 'error'}, {'substr': 'SyntaxError: ', 'level': 'error'}, {'substr': 'TypeError: ', 'level': 'error'}, {'substr': 'NameError: ', 'level': 'error'}, {'substr': 'ZeroDivisionError: ', 'level': 'error'}, {'regex': <_sre.SRE_Pattern object at 0x26394f0>, 'level': 'critical'}, {'regex': <_sre.SRE_Pattern object at 0x2245a60>, 'level': 'critical'}], 'cwd': '/builds/slave/test/build/tests/config', 'env': {'TMOUT': '86400', 'LOGNAME': 'cltbld', 'USER': 'cltbld', 'HOME': '/home/cltbld', 'PATH': '/usr/local/bin:/usr/local/bin:/usr/bin:/bin:/usr/local/games:/usr/games', 'DISPLAY': ':0', 'CCACHE_UMASK': '002', 'LANG': 'en_US.UTF-8', 'TERM': 'linux', 'SHELL': '/bin/bash', 'MOZ_NODE_PATH': '/usr/bin/node', 'XDG_SESSION_COOKIE': '9ca12473fbb1d023794ffd180000023c-1528501922.16290-841377062', 'SHLVL': '1', 'NO_FAIL_ON_TEST_ERRORS': '1', 'MOZ_NO_REMOTE': '1', 'MOZ_HIDE_RESULTS_TABLE': '1', 'MAIL': '/var/mail/cltbld', '_': '/tools/buildbot/bin/python', 'NODE_PATH': '/usr/lib/nodejs:/usr/lib/node_modules:/usr/share/javascript', 'PWD': '/builds/slave/test', 'PROPERTIES_FILE': '/builds/slave/test/buildprops.json', 'CCACHE_DIR': '/builds/ccache'}}, attempt #1
16:54:45     INFO - Running command: ['/builds/slave/test/build/venv/bin/pip', 'install', '--timeout', '120', '-r', '/builds/slave/test/build/tests/config/marionette_requirements.txt', '--no-index', '--find-links', 'http://pypi.pvt.build.mozilla.org/pub', '--find-links', 'http://pypi.pub.build.mozilla.org/pub', '--trusted-host', 'pypi.pub.build.mozilla.org', '--trusted-host', 'pypi.pvt.build.mozilla.org'] in /builds/slave/test/build/tests/config
16:54:45     INFO - Copy/paste: /builds/slave/test/build/venv/bin/pip install --timeout 120 -r /builds/slave/test/build/tests/config/marionette_requirements.txt --no-index --find-links http://pypi.pvt.build.mozilla.org/pub --find-links http://pypi.pub.build.mozilla.org/pub --trusted-host pypi.pub.build.mozilla.org --trusted-host pypi.pvt.build.mozilla.org
16:54:45     INFO - Using env: {'CCACHE_DIR': '/builds/ccache',
16:54:45     INFO -  'CCACHE_UMASK': '002',
16:54:45     INFO -  'DISPLAY': ':0',
16:54:45     INFO -  'HOME': '/home/cltbld',
16:54:45     INFO -  'LANG': 'en_US.UTF-8',
16:54:45     INFO -  'LOGNAME': 'cltbld',
16:54:45     INFO -  'MAIL': '/var/mail/cltbld',
16:54:45     INFO -  'MOZ_HIDE_RESULTS_TABLE': '1',
16:54:45     INFO -  'MOZ_NODE_PATH': '/usr/bin/node',
16:54:45     INFO -  'MOZ_NO_REMOTE': '1',
16:54:45     INFO -  'NODE_PATH': '/usr/lib/nodejs:/usr/lib/node_modules:/usr/share/javascript',
16:54:45     INFO -  'NO_FAIL_ON_TEST_ERRORS': '1',
16:54:45     INFO -  'PATH': '/usr/local/bin:/usr/local/bin:/usr/bin:/bin:/usr/local/games:/usr/games',
16:54:45     INFO -  'PROPERTIES_FILE': '/builds/slave/test/buildprops.json',
16:54:45     INFO -  'PWD': '/builds/slave/test',
16:54:45     INFO -  'SHELL': '/bin/bash',
16:54:45     INFO -  'SHLVL': '1',
16:54:45     INFO -  'TERM': 'linux',
16:54:45     INFO -  'TMOUT': '86400',
16:54:45     INFO -  'USER': 'cltbld',
16:54:45     INFO -  'XDG_SESSION_COOKIE': '9ca12473fbb1d023794ffd180000023c-1528501922.16290-841377062',
16:54:45     INFO -  '_': '/tools/buildbot/bin/python'}
16:54:46     INFO -  Ignoring indexes: https://pypi.python.org/simple
16:54:46     INFO -  Processing /builds/slave/test/build/tests/mozbase/manifestparser
16:54:47     INFO -    Requirement already satisfied (use --upgrade to upgrade): manifestparser==1.1 from file:///builds/slave/test/build/tests/mozbase/manifestparser in /builds/slave/test/build/venv/lib/python2.7/site-packages (from -r /builds/slave/test/build/tests/config/mozbase_requirements.txt (line 1))
16:54:47     INFO -  Processing /builds/slave/test/build/tests/mozbase/mozcrash
16:54:47     INFO -    Requirement already satisfied (use --upgrade to upgrade): mozcrash==1.0 from file:///builds/slave/test/build/tests/mozbase/mozcrash in /builds/slave/test/build/venv/lib/python2.7/site-packages (from -r /builds/slave/test/build/tests/config/mozbase_requirements.txt (line 2))
16:54:47     INFO -  Processing /builds/slave/test/build/tests/mozbase/mozdebug
16:54:47     INFO -    Requirement already satisfied (use --upgrade to upgrade): mozdebug==0.1 from file:///builds/slave/test/build/tests/mozbase/mozdebug in /builds/slave/test/build/venv/lib/python2.7/site-packages (from -r /builds/slave/test/build/tests/config/mozbase_requirements.txt (line 3))
16:54:48     INFO -  Processing /builds/slave/test/build/tests/mozbase/mozdevice
16:54:48     INFO -    Requirement already satisfied (use --upgrade to upgrade): mozdevice==0.48 from file:///builds/slave/test/build/tests/mozbase/mozdevice in /builds/slave/test/build/venv/lib/python2.7/site-packages (from -r /builds/slave/test/build/tests/config/mozbase_requirements.txt (line 4))
16:54:48     INFO -  Processing /builds/slave/test/build/tests/mozbase/mozfile
16:54:48     INFO -    Requirement already satisfied (use --upgrade to upgrade): mozfile==1.2 from file:///builds/slave/test/build/tests/mozbase/mozfile in /builds/slave/test/build/venv/lib/python2.7/site-packages (from -r /builds/slave/test/build/tests/config/mozbase_requirements.txt (line 5))
16:54:48     INFO -  Processing /builds/slave/test/build/tests/mozbase/mozhttpd
16:54:49     INFO -    Requirement already satisfied (use --upgrade to upgrade): mozhttpd==0.7 from file:///builds/slave/test/build/tests/mozbase/mozhttpd in /builds/slave/test/build/venv/lib/python2.7/site-packages (from -r /builds/slave/test/build/tests/config/mozbase_requirements.txt (line 6))
16:54:49     INFO -  Processing /builds/slave/test/build/tests/mozbase/mozinfo
16:54:49     INFO -    Requirement already satisfied (use --upgrade to upgrade): mozinfo==0.9 from file:///builds/slave/test/build/tests/mozbase/mozinfo in /builds/slave/test/build/venv/lib/python2.7/site-packages (from -r /builds/slave/test/build/tests/config/mozbase_requirements.txt (line 7))
16:54:49     INFO -  Processing /builds/slave/test/build/tests/mozbase/mozinstall
16:54:49     INFO -    Requirement already satisfied (use --upgrade to upgrade): mozInstall==1.12 from file:///builds/slave/test/build/tests/mozbase/mozinstall in /builds/slave/test/build/venv/lib/python2.7/site-packages (from -r /builds/slave/test/build/tests/config/mozbase_requirements.txt (line 8))
16:54:49     INFO -  Processing /builds/slave/test/build/tests/mozbase/mozleak
16:54:50     INFO -    Requirement already satisfied (use --upgrade to upgrade): mozleak==0.1 from file:///builds/slave/test/build/tests/mozbase/mozleak in /builds/slave/test/build/venv/lib/python2.7/site-packages (from -r /builds/slave/test/build/tests/config/mozbase_requirements.txt (line 9))
16:54:50     INFO -  Processing /builds/slave/test/build/tests/mozbase/mozlog
16:54:50     INFO -    Requirement already satisfied (use --upgrade to upgrade): mozlog==3.4 from file:///builds/slave/test/build/tests/mozbase/mozlog in /builds/slave/test/build/venv/lib/python2.7/site-packages (from -r /builds/slave/test/build/tests/config/mozbase_requirements.txt (line 10))
16:54:50     INFO -  Processing /builds/slave/test/build/tests/mozbase/moznetwork
16:54:51     INFO -    Requirement already satisfied (use --upgrade to upgrade): moznetwork==0.27 from file:///builds/slave/test/build/tests/mozbase/moznetwork in /builds/slave/test/build/venv/lib/python2.7/site-packages (from -r /builds/slave/test/build/tests/config/mozbase_requirements.txt (line 11))
16:54:51     INFO -  Processing /builds/slave/test/build/tests/mozbase/mozprocess
16:54:51     INFO -    Requirement already satisfied (use --upgrade to upgrade): mozprocess==0.23 from file:///builds/slave/test/build/tests/mozbase/mozprocess in /builds/slave/test/build/venv/lib/python2.7/site-packages (from -r /builds/slave/test/build/tests/config/mozbase_requirements.txt (line 12))
16:54:51     INFO -  Processing /builds/slave/test/build/tests/mozbase/mozprofile
16:54:51     INFO -    Requirement already satisfied (use --upgrade to upgrade): mozprofile==0.28 from file:///builds/slave/test/build/tests/mozbase/mozprofile in /builds/slave/test/build/venv/lib/python2.7/site-packages (from -r /builds/slave/test/build/tests/config/mozbase_requirements.txt (line 13))
16:54:51     INFO -  Processing /builds/slave/test/build/tests/mozbase/mozrunner
16:54:52     INFO -    Requirement already satisfied (use --upgrade to upgrade): mozrunner==6.13 from file:///builds/slave/test/build/tests/mozbase/mozrunner in /builds/slave/test/build/venv/lib/python2.7/site-packages (from -r /builds/slave/test/build/tests/config/mozbase_requirements.txt (line 14))
16:54:52     INFO -  Processing /builds/slave/test/build/tests/mozbase/mozscreenshot
16:54:52     INFO -    Requirement already satisfied (use --upgrade to upgrade): mozscreenshot==0.1 from file:///builds/slave/test/build/tests/mozbase/mozscreenshot in /builds/slave/test/build/venv/lib/python2.7/site-packages (from -r /builds/slave/test/build/tests/config/mozbase_requirements.txt (line 15))
16:54:52     INFO -  Processing /builds/slave/test/build/tests/mozbase/moztest
16:54:53     INFO -    Requirement already satisfied (use --upgrade to upgrade): moztest==0.8 from file:///builds/slave/test/build/tests/mozbase/moztest in /builds/slave/test/build/venv/lib/python2.7/site-packages (from -r /builds/slave/test/build/tests/config/mozbase_requirements.txt (line 16))
16:54:53     INFO -  Processing /builds/slave/test/build/tests/mozbase/mozversion
16:54:53     INFO -    Requirement already satisfied (use --upgrade to upgrade): mozversion==1.4 from file:///builds/slave/test/build/tests/mozbase/mozversion in /builds/slave/test/build/venv/lib/python2.7/site-packages (from -r /builds/slave/test/build/tests/config/mozbase_requirements.txt (line 17))
16:54:53     INFO -  Processing /builds/slave/test/build/tests/tools/wptserve
16:54:53     INFO -    Requirement already satisfied (use --upgrade to upgrade): wptserve==1.4.0 from file:///builds/slave/test/build/tests/tools/wptserve in /builds/slave/test/build/venv/lib/python2.7/site-packages (from -r /builds/slave/test/build/tests/config/marionette_requirements.txt (line 3))
16:54:53     INFO -  Processing /builds/slave/test/build/tests/marionette/client
16:54:54     INFO -    Requirement already satisfied (use --upgrade to upgrade): marionette-driver==2.2.0 from file:///builds/slave/test/build/tests/marionette/client in /builds/slave/test/build/venv/lib/python2.7/site-packages (from -r /builds/slave/test/build/tests/config/marionette_requirements.txt (line 4))
16:54:54     INFO -  Processing /builds/slave/test/build/tests/marionette/harness/marionette_harness/runner/mixins/browsermob-proxy-py
16:54:54     INFO -    Requirement already satisfied (use --upgrade to upgrade): browsermob-proxy==0.6.0 from file:///builds/slave/test/build/tests/marionette/harness/marionette_harness/runner/mixins/browsermob-proxy-py in /builds/slave/test/build/venv/lib/python2.7/site-packages (from -r /builds/slave/test/build/tests/config/marionette_requirements.txt (line 5))
16:54:54     INFO -  Processing /builds/slave/test/build/tests/marionette/harness
16:54:55     INFO -    Requirement already satisfied (use --upgrade to upgrade): marionette-harness==4.0.0 from file:///builds/slave/test/build/tests/marionette/harness in /builds/slave/test/build/venv/lib/python2.7/site-packages (from -r /builds/slave/test/build/tests/config/marionette_requirements.txt (line 6))
16:54:55     INFO -  Processing /builds/slave/test/build/tests/marionette/puppeteer/firefox
16:54:55     INFO -    Requirement already satisfied (use --upgrade to upgrade): firefox-puppeteer==52.1.0 from file:///builds/slave/test/build/tests/marionette/puppeteer/firefox in /builds/slave/test/build/venv/lib/python2.7/site-packages (from -r /builds/slave/test/build/tests/config/marionette_requirements.txt (line 9))
16:54:55     INFO -  Requirement already satisfied (use --upgrade to upgrade): mozfile>=1.0 in /builds/slave/test/build/venv/lib/python2.7/site-packages (from mozcrash==1.0->-r /builds/slave/test/build/tests/config/mozbase_requirements.txt (line 2))
16:54:55     INFO -  Requirement already satisfied (use --upgrade to upgrade): mozlog>=3.0 in /builds/slave/test/build/venv/lib/python2.7/site-packages (from mozcrash==1.0->-r /builds/slave/test/build/tests/config/mozbase_requirements.txt (line 2))
16:54:55     INFO -  Requirement already satisfied (use --upgrade to upgrade): mozinfo in /builds/slave/test/build/venv/lib/python2.7/site-packages (from mozdebug==0.1->-r /builds/slave/test/build/tests/config/mozbase_requirements.txt (line 3))
16:54:55     INFO -  Requirement already satisfied (use --upgrade to upgrade): moznetwork>=0.24 in /builds/slave/test/build/venv/lib/python2.7/site-packages (from mozdevice==0.48->-r /builds/slave/test/build/tests/config/mozbase_requirements.txt (line 4))
16:54:55     INFO -  Requirement already satisfied (use --upgrade to upgrade): mozprocess>=0.19 in /builds/slave/test/build/venv/lib/python2.7/site-packages (from mozdevice==0.48->-r /builds/slave/test/build/tests/config/mozbase_requirements.txt (line 4))
16:54:55     INFO -  Collecting blessings>=1.3 (from mozlog==3.4->-r /builds/slave/test/build/tests/config/mozbase_requirements.txt (line 10))
16:54:55     INFO -  /builds/slave/test/build/venv/lib/python2.7/site-packages/pip/_vendor/requests/packages/urllib3/util/ssl_.py:318: SNIMissingWarning: An HTTPS request has been made, but the SNI (Subject Name Indication) extension to TLS is not available on this platform. This may cause the server to present an incorrect TLS certificate, which can cause validation failures. You can upgrade to a newer version of Python to solve this. For more information, see https://urllib3.readthedocs.org/en/latest/security.html#snimissingwarning.
16:54:55     INFO -    SNIMissingWarning
16:54:55     INFO -  /builds/slave/test/build/venv/lib/python2.7/site-packages/pip/_vendor/requests/packages/urllib3/util/ssl_.py:122: InsecurePlatformWarning: A true SSLContext object is not available. This prevents urllib3 from configuring SSL appropriately and may cause certain SSL connections to fail. You can upgrade to a newer version of Python to solve this. For more information, see https://urllib3.readthedocs.org/en/latest/security.html#insecureplatformwarning.
16:54:55     INFO -    InsecurePlatformWarning
16:54:57     INFO -  /builds/slave/test/build/venv/lib/python2.7/site-packages/pip/_vendor/requests/packages/urllib3/util/ssl_.py:122: InsecurePlatformWarning: A true SSLContext object is not available. This prevents urllib3 from configuring SSL appropriately and may cause certain SSL connections to fail. You can upgrade to a newer version of Python to solve this. For more information, see https://urllib3.readthedocs.org/en/latest/security.html#insecureplatformwarning.
16:54:57     INFO -    InsecurePlatformWarning
16:55:00     INFO -    Downloading https://pypi.pvt.build.mozilla.org/pub/blessings-1.6.tar.gz
16:55:00     INFO -  Requirement already satisfied (use --upgrade to upgrade): requests>=1.1.0 in /builds/slave/test/build/venv/lib/python2.7/site-packages (from browsermob-proxy==0.6.0->-r /builds/slave/test/build/tests/config/marionette_requirements.txt (line 5))
16:55:00     INFO -  Building wheels for collected packages: blessings, browsermob-proxy
16:55:00     INFO -    Running setup.py bdist_wheel for blessings: started
16:55:01     INFO -    Running setup.py bdist_wheel for blessings: finished with status 'done'
16:55:01     INFO -    Stored in directory: /home/cltbld/.cache/pip/wheels/fb/37/ae/c6b15ed5da2ead5847df54c8319487050d4dcc950c9795eae9
16:55:01     INFO -    Running setup.py bdist_wheel for browsermob-proxy: started
16:55:02     INFO -    Running setup.py bdist_wheel for browsermob-proxy: finished with status 'done'
16:55:02     INFO -    Stored in directory: /home/cltbld/.cache/pip/wheels/10/00/c1/79bb793b6a7eb4dca9dfd244010f550ae5044951bcd23c261e
16:55:02     INFO -  Successfully built blessings browsermob-proxy
16:55:02     INFO -  Installing collected packages: blessings
16:55:02     INFO -  Successfully installed blessings-1.6
16:55:02     INFO - Return code: 0
16:55:02     INFO - Done creating virtualenv /builds/slave/test/build/venv.
16:55:02     INFO - Getting output from command: ['/builds/slave/test/build/venv/bin/pip', 'freeze']
16:55:02     INFO - Copy/paste: /builds/slave/test/build/venv/bin/pip freeze
16:55:03     INFO - Reading from file tmpfile_stdout
16:55:03     INFO - Reading from file tmpfile_stderr
16:55:03     INFO - Current package versions:
16:55:03     INFO -   blessings == 1.6
16:55:03     INFO -   blobuploader == 1.2.4
16:55:03     INFO -   browsermob-proxy == 0.6.0
16:55:03     INFO -   docopt == 0.6.1
16:55:03     INFO -   firefox-puppeteer == 52.1.0
16:55:03     INFO -   functools32 == 3.2.3.post2
16:55:03     INFO -   jsonschema == 2.5.1
16:55:03     INFO -   manifestparser == 1.1
16:55:03     INFO -   marionette-driver == 2.2.0
16:55:03     INFO -   marionette-harness == 4.0.0
16:55:03     INFO -   mozInstall == 1.12
16:55:03     INFO -   mozcrash == 1.0
16:55:03     INFO -   mozdebug == 0.1
16:55:03     INFO -   mozdevice == 0.48
16:55:03     INFO -   mozfile == 1.2
16:55:03     INFO -   mozhttpd == 0.7
16:55:03     INFO -   mozinfo == 0.9
16:55:03     INFO -   mozleak == 0.1
16:55:03     INFO -   mozlog == 3.4
16:55:03     INFO -   moznetwork == 0.27
16:55:03     INFO -   mozprocess == 0.23
16:55:03     INFO -   mozprofile == 0.28
16:55:03     INFO -   mozrunner == 6.13
16:55:03     INFO -   mozscreenshot == 0.1
16:55:03     INFO -   mozsystemmonitor == 0.3
16:55:03     INFO -   moztest == 0.8
16:55:03     INFO -   mozversion == 1.4
16:55:03     INFO -   psutil == 5.4.3
16:55:03     INFO -   requests == 1.2.3
16:55:03     INFO -   wptserve == 1.4.0
16:55:03     INFO - Running post-action listener: _resource_record_post_action
16:55:03     INFO - Running post-action listener: _start_resource_monitoring
16:55:03     INFO - Starting resource monitoring.
16:55:03     INFO - [mozharness: 2018-06-08 23:55:03.822540Z] Finished create-virtualenv step (success)
16:55:03     INFO - [mozharness: 2018-06-08 23:55:03.829737Z] Running pull step.
16:55:03     INFO - Running pre-action listener: _resource_record_pre_action
16:55:03     INFO - Running main action method: pull
16:55:03     INFO - Pull has nothing to do!
16:55:03     INFO - Running post-action listener: _resource_record_post_action
16:55:03     INFO - [mozharness: 2018-06-08 23:55:03.831984Z] Finished pull step (success)
16:55:03     INFO - [mozharness: 2018-06-08 23:55:03.832370Z] Running install step.
16:55:03     INFO - Running pre-action listener: _resource_record_pre_action
16:55:03     INFO - Running main action method: install
16:55:03     INFO - Getting output from command: ['/builds/slave/test/build/venv/bin/pip', 'freeze']
16:55:03     INFO - Copy/paste: /builds/slave/test/build/venv/bin/pip freeze
16:55:04     INFO - Reading from file tmpfile_stdout
16:55:04     INFO - Reading from file tmpfile_stderr
16:55:04     INFO - Detecting whether we're running mozinstall >=1.0...
16:55:04     INFO - Getting output from command: ['/builds/slave/test/build/venv/bin/mozinstall', '-h']
16:55:04     INFO - Copy/paste: /builds/slave/test/build/venv/bin/mozinstall -h
16:55:04     INFO - Reading from file tmpfile_stdout
16:55:05     INFO - Output received:
16:55:05     INFO -  Usage: mozinstall [options] installer
16:55:05     INFO -  Options:
16:55:05     INFO -    -h, --help            show this help message and exit
16:55:05     INFO -    -d DEST, --destination=DEST
16:55:05     INFO -                          Directory to install application into. [default:
16:55:05     INFO -                          "/builds/slave/test"]
16:55:05     INFO -    --app=APP             Application being installed. [default: firefox]
16:55:05     INFO - mkdir: /builds/slave/test/build/application
16:55:05     INFO - Getting output from command: ['/builds/slave/test/build/venv/bin/mozinstall', '/builds/slave/test/build/firefox-52.8.2.en-US.linux-x86_64.tar.bz2', '--destination', '/builds/slave/test/build/application']
16:55:05     INFO - Copy/paste: /builds/slave/test/build/venv/bin/mozinstall /builds/slave/test/build/firefox-52.8.2.en-US.linux-x86_64.tar.bz2 --destination /builds/slave/test/build/application
16:55:28     INFO - Reading from file tmpfile_stdout
16:55:28     INFO - Output received:
16:55:28     INFO -  /builds/slave/test/build/application/firefox/firefox
16:55:28     INFO - Running post-action listener: _resource_record_post_action
16:55:28     INFO - [mozharness: 2018-06-08 23:55:28.580978Z] Finished install step (success)
16:55:28     INFO - [mozharness: 2018-06-08 23:55:28.581473Z] Running run-tests step.
16:55:28     INFO - Running pre-action listener: _resource_record_pre_action
16:55:28     INFO - Running main action method: run_tests
16:55:28     INFO - mkdir: /builds/slave/test/build/blobber_upload_dir
16:55:28     INFO - Minidump filename unknown. Determining based upon platform and architecture.
16:55:28     INFO - Minidump tooltool manifest unknown. Determining based upon platform and architecture.
16:55:28     INFO - grabbing minidump binary from tooltool
16:55:28     INFO - Downloading https://raw.githubusercontent.com/mozilla/build-tooltool/master/tooltool.py to /builds/slave/test/build/tooltool.py
16:55:28     INFO - retry: Calling _download_file with args: (), kwargs: {'url': 'https://raw.githubusercontent.com/mozilla/build-tooltool/master/tooltool.py', 'file_name': '/builds/slave/test/build/tooltool.py'}, attempt #1
16:55:28     INFO - Downloaded 38066 bytes.
16:55:28     INFO - Chmoding /builds/slave/test/build/tooltool.py to 0755
16:55:28     INFO - retry: Calling run_command with args: (['/tools/buildbot/bin/python', '/builds/slave/test/build/tooltool.py', '--url', 'https://api.pub.build.mozilla.org/tooltool/', '--authentication-file', '/builds/relengapi.tok', 'fetch', '-m', '/builds/slave/test/build/tests/config/tooltool-manifests/linux64/releng.manifest', '-o', '-c', '/builds/tooltool_cache'],), kwargs: {'output_timeout': 600, 'error_list': [{'substr': 'command not found', 'level': 'error'}, {'regex': <_sre.SRE_Pattern object at 0x261fca0>, 'level': 'warning'}, {'substr': 'Traceback (most recent call last)', 'level': 'error'}, {'substr': 'SyntaxError: ', 'level': 'error'}, {'substr': 'TypeError: ', 'level': 'error'}, {'substr': 'NameError: ', 'level': 'error'}, {'substr': 'ZeroDivisionError: ', 'level': 'error'}, {'regex': <_sre.SRE_Pattern object at 0x26394f0>, 'level': 'critical'}, {'regex': <_sre.SRE_Pattern object at 0x2245a60>, 'level': 'critical'}, {'substr': 'ERROR - ', 'level': 'error'}], 'cwd': '/builds/slave/test/build', 'privileged': False}, attempt #1
16:55:28     INFO - Running command: ['/tools/buildbot/bin/python', '/builds/slave/test/build/tooltool.py', '--url', 'https://api.pub.build.mozilla.org/tooltool/', '--authentication-file', '/builds/relengapi.tok', 'fetch', '-m', '/builds/slave/test/build/tests/config/tooltool-manifests/linux64/releng.manifest', '-o', '-c', '/builds/tooltool_cache'] in /builds/slave/test/build
16:55:28     INFO - Copy/paste: /tools/buildbot/bin/python /builds/slave/test/build/tooltool.py --url https://api.pub.build.mozilla.org/tooltool/ --authentication-file /builds/relengapi.tok fetch -m /builds/slave/test/build/tests/config/tooltool-manifests/linux64/releng.manifest -o -c /builds/tooltool_cache
16:55:28     INFO - Calling ['/tools/buildbot/bin/python', '/builds/slave/test/build/tooltool.py', '--url', 'https://api.pub.build.mozilla.org/tooltool/', '--authentication-file', '/builds/relengapi.tok', 'fetch', '-m', '/builds/slave/test/build/tests/config/tooltool-manifests/linux64/releng.manifest', '-o', '-c', '/builds/tooltool_cache'] with output_timeout 600
16:55:28     INFO -  INFO - File linux64-minidump_stackwalk not present in local cache folder /builds/tooltool_cache
16:55:28     INFO -  INFO - Attempting to fetch from 'https://api.pub.build.mozilla.org/tooltool/'...
16:55:31     INFO -  INFO - File linux64-minidump_stackwalk fetched from https://api.pub.build.mozilla.org/tooltool/ as /builds/slave/test/build/tmp0akrBV
16:55:31     INFO -  INFO - File integrity verified, renaming tmp0akrBV to linux64-minidump_stackwalk
16:55:31     INFO -  INFO - Updating local cache /builds/tooltool_cache...
16:55:31     INFO -  INFO - Local cache /builds/tooltool_cache updated with linux64-minidump_stackwalk
16:55:31     INFO - Return code: 0
16:55:31     INFO - Chmoding /builds/slave/test/build/linux64-minidump_stackwalk to 0755
16:55:31     INFO - ENV: MINIDUMP_SAVE_PATH is now /builds/slave/test/build/blobber_upload_dir
16:55:31     INFO - Running command: ['/builds/slave/test/build/venv/bin/python', '-u', '/builds/slave/test/build/tests/web-platform/runtests.py', '--log-raw=-', '--log-raw=/builds/slave/test/build/blobber_upload_dir/wpt_raw.log', '--log-errorsummary=/builds/slave/test/build/blobber_upload_dir/wpt_errorsummary.log', '--binary=/builds/slave/test/build/application/firefox/firefox', '--symbols-path=https://queue.taskcluster.net/v1/task/I1iAdq48Sa60c5BCPWswkg/artifacts/public/build/firefox-52.8.2.en-US.linux-x86_64.crashreporter-symbols.zip', '--stackwalk-binary=/builds/slave/test/build/linux64-minidump_stackwalk', '--stackfix-dir=/builds/slave/test/build/tests/bin', '--test-type=testharness', '--disable-e10s', '--total-chunks=5', '--this-chunk=3', '--prefs-root=/builds/slave/test/build/tests/web-platform/prefs', '--processes=1', '--config=/builds/slave/test/build/tests/web-platform/wptrunner.ini', '--ca-cert-path=/builds/slave/test/build/tests/web-platform/certs/cacert.pem', '--host-key-path=/builds/slave/test/build/tests/web-platform/certs/web-platform.test.key', '--host-cert-path=/builds/slave/test/build/tests/web-platform/certs/web-platform.test.pem', '--certutil-binary=/builds/slave/test/build/tests/bin/certutil'] in /builds/slave/test/build
16:55:31     INFO - Copy/paste: /builds/slave/test/build/venv/bin/python -u /builds/slave/test/build/tests/web-platform/runtests.py --log-raw=- --log-raw=/builds/slave/test/build/blobber_upload_dir/wpt_raw.log --log-errorsummary=/builds/slave/test/build/blobber_upload_dir/wpt_errorsummary.log --binary=/builds/slave/test/build/application/firefox/firefox --symbols-path=https://queue.taskcluster.net/v1/task/I1iAdq48Sa60c5BCPWswkg/artifacts/public/build/firefox-52.8.2.en-US.linux-x86_64.crashreporter-symbols.zip --stackwalk-binary=/builds/slave/test/build/linux64-minidump_stackwalk --stackfix-dir=/builds/slave/test/build/tests/bin --test-type=testharness --disable-e10s --total-chunks=5 --this-chunk=3 --prefs-root=/builds/slave/test/build/tests/web-platform/prefs --processes=1 --config=/builds/slave/test/build/tests/web-platform/wptrunner.ini --ca-cert-path=/builds/slave/test/build/tests/web-platform/certs/cacert.pem --host-key-path=/builds/slave/test/build/tests/web-platform/certs/web-platform.test.key --host-cert-path=/builds/slave/test/build/tests/web-platform/certs/web-platform.test.pem --certutil-binary=/builds/slave/test/build/tests/bin/certutil
16:55:31     INFO - Using env: {'CCACHE_DIR': '/builds/ccache',
16:55:31     INFO -  'CCACHE_UMASK': '002',
16:55:31     INFO -  'DISPLAY': ':0',
16:55:31     INFO -  'HOME': '/home/cltbld',
16:55:31     INFO -  'LANG': 'en_US.UTF-8',
16:55:31     INFO -  'LOGNAME': 'cltbld',
16:55:31     INFO -  'MAIL': '/var/mail/cltbld',
16:55:31     INFO -  'MINIDUMP_SAVE_PATH': '/builds/slave/test/build/blobber_upload_dir',
16:55:31     INFO -  'MOZ_HIDE_RESULTS_TABLE': '1',
16:55:31     INFO -  'MOZ_NODE_PATH': '/usr/bin/node',
16:55:31     INFO -  'MOZ_NO_REMOTE': '1',
16:55:31     INFO -  'NODE_PATH': '/usr/lib/nodejs:/usr/lib/node_modules:/usr/share/javascript',
16:55:31     INFO -  'NO_FAIL_ON_TEST_ERRORS': '1',
16:55:31     INFO -  'PATH': '/builds/slave/test/build/venv/bin:/usr/local/bin:/usr/local/bin:/usr/bin:/bin:/usr/local/games:/usr/games',
16:55:31     INFO -  'PROPERTIES_FILE': '/builds/slave/test/buildprops.json',
16:55:31     INFO -  'PWD': '/builds/slave/test',
16:55:31     INFO -  'SHELL': '/bin/bash',
16:55:31     INFO -  'SHLVL': '1',
16:55:31     INFO -  'TERM': 'linux',
16:55:31     INFO -  'TMOUT': '86400',
16:55:31     INFO -  'USER': 'cltbld',
16:55:31     INFO -  'XDG_SESSION_COOKIE': '9ca12473fbb1d023794ffd180000023c-1528501922.16290-841377062',
16:55:31     INFO -  '_': '/tools/buildbot/bin/python'}
16:55:31     INFO - Calling ['/builds/slave/test/build/venv/bin/python', '-u', '/builds/slave/test/build/tests/web-platform/runtests.py', '--log-raw=-', '--log-raw=/builds/slave/test/build/blobber_upload_dir/wpt_raw.log', '--log-errorsummary=/builds/slave/test/build/blobber_upload_dir/wpt_errorsummary.log', '--binary=/builds/slave/test/build/application/firefox/firefox', '--symbols-path=https://queue.taskcluster.net/v1/task/I1iAdq48Sa60c5BCPWswkg/artifacts/public/build/firefox-52.8.2.en-US.linux-x86_64.crashreporter-symbols.zip', '--stackwalk-binary=/builds/slave/test/build/linux64-minidump_stackwalk', '--stackfix-dir=/builds/slave/test/build/tests/bin', '--test-type=testharness', '--disable-e10s', '--total-chunks=5', '--this-chunk=3', '--prefs-root=/builds/slave/test/build/tests/web-platform/prefs', '--processes=1', '--config=/builds/slave/test/build/tests/web-platform/wptrunner.ini', '--ca-cert-path=/builds/slave/test/build/tests/web-platform/certs/cacert.pem', '--host-key-path=/builds/slave/test/build/tests/web-platform/certs/web-platform.test.key', '--host-cert-path=/builds/slave/test/build/tests/web-platform/certs/web-platform.test.pem', '--certutil-binary=/builds/slave/test/build/tests/bin/certutil'] with output_timeout 1000
16:55:32     INFO - STDERR: Opening manifest at /builds/slave/test/build/tests/web-platform/meta/MANIFEST.json
16:55:33     INFO - STDERR: Opening manifest at /builds/slave/test/build/tests/web-platform/mozilla/meta/MANIFEST.json
16:55:45     INFO - Using 1 client processes
16:55:46     INFO - wptserve Starting http server on 127.0.0.1:8000
16:55:46     INFO - wptserve Starting http server on 127.0.0.1:8001
16:55:46     INFO - wptserve Starting http server on 127.0.0.1:8443
16:55:48     INFO - SUITE-START | Running 972 tests
16:55:48     INFO - Running testharness tests
16:55:48     INFO - TEST-START | /WebCryptoAPI/generateKey/test_failures.html
16:55:48     INFO - TEST-SKIP | /WebCryptoAPI/generateKey/test_failures.html | took 1ms
16:55:48     INFO - TEST-START | /WebCryptoAPI/generateKey/test_failures_RSA-OAEP.html
16:55:48     INFO - TEST-SKIP | /WebCryptoAPI/generateKey/test_failures_RSA-OAEP.html | took 0ms
16:55:48     INFO - TEST-START | /WebCryptoAPI/generateKey/test_failures_RSA-PSS.html
16:55:48     INFO - TEST-SKIP | /WebCryptoAPI/generateKey/test_failures_RSA-PSS.html | took 1ms
16:55:48     INFO - TEST-START | /WebCryptoAPI/generateKey/test_failures_RSASSA-PKCS1-v1_5.html
16:55:48     INFO - TEST-SKIP | /WebCryptoAPI/generateKey/test_failures_RSASSA-PKCS1-v1_5.html | took 0ms
16:55:48     INFO - TEST-START | /WebCryptoAPI/generateKey/test_successes.html
16:55:48     INFO - TEST-SKIP | /WebCryptoAPI/generateKey/test_successes.html | took 0ms
16:55:48     INFO - TEST-START | /WebCryptoAPI/generateKey/test_successes_AES-CBC.html
16:55:48     INFO - TEST-SKIP | /WebCryptoAPI/generateKey/test_successes_AES-CBC.html | took 7ms
16:55:48     INFO - TEST-START | /WebCryptoAPI/generateKey/test_successes_RSA-OAEP.html
16:55:48     INFO - TEST-SKIP | /WebCryptoAPI/generateKey/test_successes_RSA-OAEP.html | took 0ms
16:55:48     INFO - TEST-START | /WebCryptoAPI/generateKey/test_successes_RSA-PSS.html
16:55:48     INFO - TEST-SKIP | /WebCryptoAPI/generateKey/test_successes_RSA-PSS.html | took 1ms
16:55:48     INFO - TEST-START | /WebCryptoAPI/generateKey/test_successes_RSASSA-PKCS1-v1_5.html
16:55:48     INFO - TEST-SKIP | /WebCryptoAPI/generateKey/test_successes_RSASSA-PKCS1-v1_5.html | took 0ms
16:55:48     INFO - TEST-START | /custom-elements/v0/concepts/custom-elements-type-allowed-chars-first-char.html
16:55:48     INFO - TEST-SKIP | /custom-elements/v0/concepts/custom-elements-type-allowed-chars-first-char.html | took 0ms
16:55:48     INFO - TEST-START | /custom-elements/v0/concepts/custom-elements-type-allowed-chars.html
16:55:48     INFO - TEST-SKIP | /custom-elements/v0/concepts/custom-elements-type-allowed-chars.html | took 0ms
16:55:48     INFO - TEST-START | /custom-elements/v0/concepts/custom-elements-type-naming.html
16:55:48     INFO - TEST-SKIP | /custom-elements/v0/concepts/custom-elements-type-naming.html | took 0ms
16:55:48     INFO - TEST-START | /custom-elements/v0/creating-and-passing-registries/new-registry-test.html
16:55:48     INFO - TEST-SKIP | /custom-elements/v0/creating-and-passing-registries/new-registry-test.html | took 0ms
16:55:48     INFO - TEST-START | /custom-elements/v0/creating-and-passing-registries/no-registry-test.html
16:55:48     INFO - TEST-SKIP | /custom-elements/v0/creating-and-passing-registries/no-registry-test.html | took 0ms
16:55:48     INFO - TEST-START | /custom-elements/v0/creating-and-passing-registries/share-registry-create-document.html
16:55:48     INFO - TEST-SKIP | /custom-elements/v0/creating-and-passing-registries/share-registry-create-document.html | took 0ms
16:55:48     INFO - TEST-START | /custom-elements/v0/creating-and-passing-registries/share-registry-import-document.html
16:55:48     INFO - TEST-SKIP | /custom-elements/v0/creating-and-passing-registries/share-registry-import-document.html | took 7ms
16:55:48     INFO - TEST-START | /custom-elements/v0/custom-element-lifecycle/types-of-callbacks/attached-callback-move-element-test.html
16:55:48     INFO - TEST-SKIP | /custom-elements/v0/custom-element-lifecycle/types-of-callbacks/attached-callback-move-element-test.html | took 0ms
16:55:48     INFO - TEST-START | /custom-elements/v0/custom-element-lifecycle/types-of-callbacks/attached-callback-test.html
16:55:48     INFO - TEST-SKIP | /custom-elements/v0/custom-element-lifecycle/types-of-callbacks/attached-callback-test.html | took 0ms
16:55:48     INFO - TEST-START | /custom-elements/v0/custom-element-lifecycle/types-of-callbacks/attribute-changed-callback-change-attribute-test.html
16:55:48     INFO - TEST-SKIP | /custom-elements/v0/custom-element-lifecycle/types-of-callbacks/attribute-changed-callback-change-attribute-test.html | took 0ms
16:55:48     INFO - TEST-START | /custom-elements/v0/custom-element-lifecycle/types-of-callbacks/attribute-changed-callback-remove-attribute-test.html
16:55:48     INFO - TEST-SKIP | /custom-elements/v0/custom-element-lifecycle/types-of-callbacks/attribute-changed-callback-remove-attribute-test.html | took 1ms
16:55:48     INFO - TEST-START | /custom-elements/v0/custom-element-lifecycle/types-of-callbacks/attribute-changed-callback-set-attribute-test.html
16:55:48     INFO - TEST-SKIP | /custom-elements/v0/custom-element-lifecycle/types-of-callbacks/attribute-changed-callback-set-attribute-test.html | took 0ms
16:55:48     INFO - TEST-START | /custom-elements/v0/custom-element-lifecycle/types-of-callbacks/created-callback-element-prototype-test.html
16:55:48     INFO - TEST-SKIP | /custom-elements/v0/custom-element-lifecycle/types-of-callbacks/created-callback-element-prototype-test.html | took 0ms
16:55:48     INFO - TEST-START | /custom-elements/v0/custom-element-lifecycle/types-of-callbacks/created-callback-invocation-order-test.html
16:55:48     INFO - TEST-SKIP | /custom-elements/v0/custom-element-lifecycle/types-of-callbacks/created-callback-invocation-order-test.html | took 0ms
16:55:48     INFO - TEST-START | /custom-elements/v0/custom-element-lifecycle/types-of-callbacks/created-callback-invocation-test.html
16:55:48     INFO - TEST-SKIP | /custom-elements/v0/custom-element-lifecycle/types-of-callbacks/created-callback-invocation-test.html | took 7ms
16:55:48     INFO - TEST-START | /custom-elements/v0/custom-element-lifecycle/types-of-callbacks/detached-callback-move-element-test.html
16:55:48     INFO - TEST-SKIP | /custom-elements/v0/custom-element-lifecycle/types-of-callbacks/detached-callback-move-element-test.html | took 0ms
16:55:48     INFO - TEST-START | /custom-elements/v0/custom-element-lifecycle/types-of-callbacks/detached-callback-no-browsing-context-test.html
16:55:48     INFO - TEST-SKIP | /custom-elements/v0/custom-element-lifecycle/types-of-callbacks/detached-callback-no-browsing-context-test.html | took 0ms
16:55:48     INFO - TEST-START | /custom-elements/v0/custom-element-lifecycle/types-of-callbacks/detached-callback-with-browsing-context-test.html
16:55:48     INFO - TEST-SKIP | /custom-elements/v0/custom-element-lifecycle/types-of-callbacks/detached-callback-with-browsing-context-test.html | took 1ms
16:55:48     INFO - TEST-START | /custom-elements/v0/registering/definition-construction-algorithm-default-namespace.html
16:55:48     INFO - TEST-SKIP | /custom-elements/v0/registering/definition-construction-algorithm-default-namespace.html | took 0ms
16:55:48     INFO - TEST-START | /custom-elements/v0/registering/definition-construction-algorithm-duplicate-definition.html
16:55:48     INFO - TEST-SKIP | /custom-elements/v0/registering/definition-construction-algorithm-duplicate-definition.html | took 0ms
16:55:48     INFO - TEST-START | /custom-elements/v0/registering/definition-construction-algorithm-invalid-type.html
16:55:48     INFO - TEST-SKIP | /custom-elements/v0/registering/definition-construction-algorithm-invalid-type.html | took 1ms
16:55:48     INFO - TEST-START | /custom-elements/v0/registering/definition-construction-algorithm-local-name-lowercased.html
16:55:48     INFO - TEST-SKIP | /custom-elements/v0/registering/definition-construction-algorithm-local-name-lowercased.html | took 0ms
16:55:48     INFO - TEST-START | /custom-elements/v0/registering/definition-construction-algorithm-name-is-null.html
16:55:48     INFO - TEST-SKIP | /custom-elements/v0/registering/definition-construction-algorithm-name-is-null.html | took 1ms
16:55:48     INFO - TEST-START | /custom-elements/v0/registering/definition-construction-algorithm-no-interface-for-name.html
16:55:48     INFO - TEST-SKIP | /custom-elements/v0/registering/definition-construction-algorithm-no-interface-for-name.html | took 0ms
16:55:48     INFO - TEST-START | /custom-elements/v0/registering/definition-construction-algorithm-svg-namespace-name-is-null.html
16:55:48     INFO - TEST-SKIP | /custom-elements/v0/registering/definition-construction-algorithm-svg-namespace-name-is-null.html | took 0ms
16:55:48     INFO - TEST-START | /custom-elements/v0/registering/definition-construction-algorithm-svg-namespace.html
16:55:48     INFO - TEST-SKIP | /custom-elements/v0/registering/definition-construction-algorithm-svg-namespace.html | took 0ms
16:55:48     INFO - TEST-START | /custom-elements/v0/registering/definition-construction-algorithm-type-name-lowercased.html
16:55:48     INFO - TEST-SKIP | /custom-elements/v0/registering/definition-construction-algorithm-type-name-lowercased.html | took 0ms
16:55:48     INFO - TEST-START | /custom-elements/v0/registering/element-registration-algorithm-no-registry.html
16:55:48     INFO - TEST-SKIP | /custom-elements/v0/registering/element-registration-algorithm-no-registry.html | took 1ms
16:55:48     INFO - TEST-START | /custom-elements/v0/registering/extensions-to-document-interface/custom-element-name.html
16:55:48     INFO - TEST-SKIP | /custom-elements/v0/registering/extensions-to-document-interface/custom-element-name.html | took 0ms
16:55:48     INFO - TEST-START | /custom-elements/v0/registering/extensions-to-document-interface/custom-element-prototype.html
16:55:48     INFO - TEST-SKIP | /custom-elements/v0/registering/extensions-to-document-interface/custom-element-prototype.html | took 0ms
16:55:48     INFO - TEST-START | /custom-elements/v0/registering/unresolved-elements-interface-html-element.html
16:55:48     INFO - TEST-SKIP | /custom-elements/v0/registering/unresolved-elements-interface-html-element.html | took 0ms
16:55:48     INFO - TEST-START | /custom-elements/v0/registering/unresolved-elements-interface-html-unknown-element.html
16:55:48     INFO - TEST-SKIP | /custom-elements/v0/registering/unresolved-elements-interface-html-unknown-element.html | took 0ms
16:55:48     INFO - TEST-START | /custom-elements/v0/registering/unresolved-elements-interface-svg-element.html
16:55:48     INFO - TEST-SKIP | /custom-elements/v0/registering/unresolved-elements-interface-svg-element.html | took 0ms
16:55:48     INFO - TEST-START | /eventsource/format-data-before-final-empty-line.htm
16:55:48     INFO - TEST-SKIP | /eventsource/format-data-before-final-empty-line.htm | took 1ms
16:55:48     INFO - TEST-START | /eventsource/format-field-retry-bogus.htm
16:55:48     INFO - TEST-SKIP | /eventsource/format-field-retry-bogus.htm | took 0ms
16:55:48     INFO - TEST-START | /eventsource/format-field-retry.htm
16:55:48     INFO - TEST-SKIP | /eventsource/format-field-retry.htm | took 0ms
16:55:48     INFO - TEST-START | /html/the-xhtml-syntax/parsing-xhtml-documents/xhtml-mathml-dtd-entity-support.htm
16:55:48     INFO - TEST-SKIP | /html/the-xhtml-syntax/parsing-xhtml-documents/xhtml-mathml-dtd-entity-support.htm | took 1ms
16:55:48     INFO - TEST-START | /mixed-content/blockable/http-csp/cross-origin-http/form-tag/top-level/keep-scheme-redirect/opt-in-blocks.https.html
16:55:48     INFO - TEST-SKIP | /mixed-content/blockable/http-csp/cross-origin-http/form-tag/top-level/keep-scheme-redirect/opt-in-blocks.https.html | took 0ms
16:55:48     INFO - TEST-START | /mixed-content/blockable/http-csp/cross-origin-http/form-tag/top-level/no-redirect/opt-in-blocks.https.html
16:55:48     INFO - TEST-SKIP | /mixed-content/blockable/http-csp/cross-origin-http/form-tag/top-level/no-redirect/opt-in-blocks.https.html | took 0ms
16:55:48     INFO - TEST-START | /mixed-content/blockable/no-opt-in/cross-origin-http/form-tag/top-level/no-redirect/no-opt-in-blocks.https.html
16:55:48     INFO - TEST-SKIP | /mixed-content/blockable/no-opt-in/cross-origin-http/form-tag/top-level/no-redirect/no-opt-in-blocks.https.html | took 0ms
16:55:48     INFO - TEST-START | /mixed-content/blockable/no-opt-in/same-host-http/form-tag/top-level/swap-scheme-redirect/no-opt-in-blocks.https.html
16:55:48     INFO - TEST-SKIP | /mixed-content/blockable/no-opt-in/same-host-http/form-tag/top-level/swap-scheme-redirect/no-opt-in-blocks.https.html | took 0ms
16:55:48     INFO - TEST-START | /referrer-policy/no-referrer-when-downgrade/meta-referrer/same-origin/http-https/img-tag/upgrade-protocol.keep-origin-redirect.http.html
16:55:48     INFO - TEST-SKIP | /referrer-policy/no-referrer-when-downgrade/meta-referrer/same-origin/http-https/img-tag/upgrade-protocol.keep-origin-redirect.http.html | took 0ms
16:55:48     INFO - TEST-START | /referrer-policy/no-referrer-when-downgrade/meta-referrer/same-origin/http-https/img-tag/upgrade-protocol.no-redirect.http.html
16:55:48     INFO - TEST-SKIP | /referrer-policy/no-referrer-when-downgrade/meta-referrer/same-origin/http-https/img-tag/upgrade-protocol.no-redirect.http.html | took 0ms
16:55:48     INFO - TEST-START | /referrer-policy/no-referrer-when-downgrade/meta-referrer/same-origin/http-https/img-tag/upgrade-protocol.swap-origin-redirect.http.html
16:55:48     INFO - TEST-SKIP | /referrer-policy/no-referrer-when-downgrade/meta-referrer/same-origin/http-https/img-tag/upgrade-protocol.swap-origin-redirect.http.html | took 0ms
16:55:48     INFO - TEST-START | /referrer-policy/no-referrer/meta-referrer/same-origin/http-http/img-tag/generic.keep-origin-redirect.http.html
16:55:48     INFO - TEST-SKIP | /referrer-policy/no-referrer/meta-referrer/same-origin/http-http/img-tag/generic.keep-origin-redirect.http.html | took 1ms
16:55:48     INFO - TEST-START | /referrer-policy/no-referrer/meta-referrer/same-origin/http-http/img-tag/generic.no-redirect.http.html
16:55:48     INFO - TEST-SKIP | /referrer-policy/no-referrer/meta-referrer/same-origin/http-http/img-tag/generic.no-redirect.http.html | took 0ms
16:55:48     INFO - TEST-START | /referrer-policy/no-referrer/meta-referrer/same-origin/http-http/img-tag/generic.swap-origin-redirect.http.html
16:55:48     INFO - TEST-SKIP | /referrer-policy/no-referrer/meta-referrer/same-origin/http-http/img-tag/generic.swap-origin-redirect.http.html | took 0ms
16:55:48     INFO - TEST-START | /referrer-policy/strict-origin-when-cross-origin/attr-referrer/cross-origin/http-https/iframe-tag/upgrade-protocol.keep-origin-redirect.http.html
16:55:48     INFO - TEST-SKIP | /referrer-policy/strict-origin-when-cross-origin/attr-referrer/cross-origin/http-https/iframe-tag/upgrade-protocol.keep-origin-redirect.http.html | took 0ms
16:55:48     INFO - TEST-START | /referrer-policy/strict-origin-when-cross-origin/attr-referrer/cross-origin/http-https/iframe-tag/upgrade-protocol.no-redirect.http.html
16:55:48     INFO - TEST-SKIP | /referrer-policy/strict-origin-when-cross-origin/attr-referrer/cross-origin/http-https/iframe-tag/upgrade-protocol.no-redirect.http.html | took 7ms
16:55:48     INFO - TEST-START | /referrer-policy/strict-origin-when-cross-origin/attr-referrer/cross-origin/http-https/iframe-tag/upgrade-protocol.swap-origin-redirect.http.html
16:55:48     INFO - TEST-SKIP | /referrer-policy/strict-origin-when-cross-origin/attr-referrer/cross-origin/http-https/iframe-tag/upgrade-protocol.swap-origin-redirect.http.html | took 0ms
16:55:48     INFO - TEST-START | /referrer-policy/strict-origin-when-cross-origin/attr-referrer/same-origin/http-https/img-tag/upgrade-protocol.keep-origin-redirect.http.html
16:55:48     INFO - TEST-SKIP | /referrer-policy/strict-origin-when-cross-origin/attr-referrer/same-origin/http-https/img-tag/upgrade-protocol.keep-origin-redirect.http.html | took 0ms
16:55:48     INFO - TEST-START | /referrer-policy/strict-origin-when-cross-origin/attr-referrer/same-origin/http-https/img-tag/upgrade-protocol.no-redirect.http.html
16:55:48     INFO - TEST-SKIP | /referrer-policy/strict-origin-when-cross-origin/attr-referrer/same-origin/http-https/img-tag/upgrade-protocol.no-redirect.http.html | took 1ms
16:55:48     INFO - TEST-START | /referrer-policy/strict-origin-when-cross-origin/attr-referrer/same-origin/http-https/img-tag/upgrade-protocol.swap-origin-redirect.http.html
16:55:48     INFO - TEST-SKIP | /referrer-policy/strict-origin-when-cross-origin/attr-referrer/same-origin/http-https/img-tag/upgrade-protocol.swap-origin-redirect.http.html | took 0ms
16:55:48     INFO - TEST-START | /referrer-policy/strict-origin-when-cross-origin/http-rp/cross-origin/http-https/xhr-request/upgrade-protocol.keep-origin-redirect.http.html
16:55:48     INFO - TEST-SKIP | /referrer-policy/strict-origin-when-cross-origin/http-rp/cross-origin/http-https/xhr-request/upgrade-protocol.keep-origin-redirect.http.html | took 0ms
16:55:48     INFO - TEST-START | /referrer-policy/strict-origin-when-cross-origin/http-rp/cross-origin/http-https/xhr-request/upgrade-protocol.no-redirect.http.html
16:55:48     INFO - TEST-SKIP | /referrer-policy/strict-origin-when-cross-origin/http-rp/cross-origin/http-https/xhr-request/upgrade-protocol.no-redirect.http.html | took 1ms
16:55:48     INFO - TEST-START | /referrer-policy/strict-origin-when-cross-origin/http-rp/cross-origin/http-https/xhr-request/upgrade-protocol.swap-origin-redirect.http.html
16:55:48     INFO - TEST-SKIP | /referrer-policy/strict-origin-when-cross-origin/http-rp/cross-origin/http-https/xhr-request/upgrade-protocol.swap-origin-redirect.http.html | took 8ms
16:55:48     INFO - TEST-START | /referrer-policy/strict-origin-when-cross-origin/http-rp/same-origin/http-http/xhr-request/same-insecure.keep-origin-redirect.http.html
16:55:48     INFO - TEST-SKIP | /referrer-policy/strict-origin-when-cross-origin/http-rp/same-origin/http-http/xhr-request/same-insecure.keep-origin-redirect.http.html | took 0ms
16:55:48     INFO - TEST-START | /referrer-policy/strict-origin-when-cross-origin/http-rp/same-origin/http-http/xhr-request/same-insecure.no-redirect.http.html
16:55:48     INFO - TEST-SKIP | /referrer-policy/strict-origin-when-cross-origin/http-rp/same-origin/http-http/xhr-request/same-insecure.no-redirect.http.html | took 1ms
16:55:48     INFO - TEST-START | /referrer-policy/strict-origin-when-cross-origin/http-rp/same-origin/http-http/xhr-request/same-insecure.swap-origin-redirect.http.html
16:55:48     INFO - TEST-SKIP | /referrer-policy/strict-origin-when-cross-origin/http-rp/same-origin/http-http/xhr-request/same-insecure.swap-origin-redirect.http.html | took 0ms
16:55:48     INFO - TEST-START | /referrer-policy/strict-origin-when-cross-origin/http-rp/same-origin/http-https/fetch-request/upgrade-protocol.keep-origin-redirect.http.html
16:55:48     INFO - TEST-SKIP | /referrer-policy/strict-origin-when-cross-origin/http-rp/same-origin/http-https/fetch-request/upgrade-protocol.keep-origin-redirect.http.html | took 0ms
16:55:48     INFO - TEST-START | /referrer-policy/strict-origin-when-cross-origin/http-rp/same-origin/http-https/fetch-request/upgrade-protocol.no-redirect.http.html
16:55:48     INFO - TEST-SKIP | /referrer-policy/strict-origin-when-cross-origin/http-rp/same-origin/http-https/fetch-request/upgrade-protocol.no-redirect.http.html | took 0ms
16:55:48     INFO - TEST-START | /referrer-policy/strict-origin-when-cross-origin/http-rp/same-origin/http-https/fetch-request/upgrade-protocol.swap-origin-redirect.http.html
16:55:48     INFO - TEST-SKIP | /referrer-policy/strict-origin-when-cross-origin/http-rp/same-origin/http-https/fetch-request/upgrade-protocol.swap-origin-redirect.http.html | took 0ms
16:55:48     INFO - TEST-START | /referrer-policy/strict-origin-when-cross-origin/meta-referrer/cross-origin/http-http/xhr-request/cross-insecure.keep-origin-redirect.http.html
16:55:48     INFO - TEST-SKIP | /referrer-policy/strict-origin-when-cross-origin/meta-referrer/cross-origin/http-http/xhr-request/cross-insecure.keep-origin-redirect.http.html | took 0ms
16:55:48     INFO - TEST-START | /referrer-policy/strict-origin-when-cross-origin/meta-referrer/cross-origin/http-http/xhr-request/cross-insecure.no-redirect.http.html
16:55:48     INFO - TEST-SKIP | /referrer-policy/strict-origin-when-cross-origin/meta-referrer/cross-origin/http-http/xhr-request/cross-insecure.no-redirect.http.html | took 0ms
16:55:48     INFO - TEST-START | /referrer-policy/strict-origin-when-cross-origin/meta-referrer/cross-origin/http-http/xhr-request/cross-insecure.swap-origin-redirect.http.html
16:55:48     INFO - TEST-SKIP | /referrer-policy/strict-origin-when-cross-origin/meta-referrer/cross-origin/http-http/xhr-request/cross-insecure.swap-origin-redirect.http.html | took 1ms
16:55:48     INFO - TEST-START | /referrer-policy/strict-origin-when-cross-origin/meta-referrer/cross-origin/http-https/fetch-request/upgrade-protocol.keep-origin-redirect.http.html
16:55:48     INFO - TEST-SKIP | /referrer-policy/strict-origin-when-cross-origin/meta-referrer/cross-origin/http-https/fetch-request/upgrade-protocol.keep-origin-redirect.http.html | took 0ms
16:55:48     INFO - TEST-START | /referrer-policy/strict-origin-when-cross-origin/meta-referrer/cross-origin/http-https/fetch-request/upgrade-protocol.no-redirect.http.html
16:55:48     INFO - TEST-SKIP | /referrer-policy/strict-origin-when-cross-origin/meta-referrer/cross-origin/http-https/fetch-request/upgrade-protocol.no-redirect.http.html | took 0ms
16:55:48     INFO - TEST-START | /referrer-policy/strict-origin-when-cross-origin/meta-referrer/cross-origin/http-https/fetch-request/upgrade-protocol.swap-origin-redirect.http.html
16:55:48     INFO - TEST-SKIP | /referrer-policy/strict-origin-when-cross-origin/meta-referrer/cross-origin/http-https/fetch-request/upgrade-protocol.swap-origin-redirect.http.html | took 0ms
16:55:48     INFO - TEST-START | /referrer-policy/strict-origin-when-cross-origin/meta-referrer/same-origin/http-http/iframe-tag/same-insecure.keep-origin-redirect.http.html
16:55:48     INFO - TEST-SKIP | /referrer-policy/strict-origin-when-cross-origin/meta-referrer/same-origin/http-http/iframe-tag/same-insecure.keep-origin-redirect.http.html | took 0ms
16:55:48     INFO - TEST-START | /referrer-policy/strict-origin-when-cross-origin/meta-referrer/same-origin/http-http/iframe-tag/same-insecure.no-redirect.http.html
16:55:48     INFO - TEST-SKIP | /referrer-policy/strict-origin-when-cross-origin/meta-referrer/same-origin/http-http/iframe-tag/same-insecure.no-redirect.http.html | took 0ms
16:55:48     INFO - TEST-START | /referrer-policy/strict-origin-when-cross-origin/meta-referrer/same-origin/http-http/iframe-tag/same-insecure.swap-origin-redirect.http.html
16:55:48     INFO - TEST-SKIP | /referrer-policy/strict-origin-when-cross-origin/meta-referrer/same-origin/http-http/iframe-tag/same-insecure.swap-origin-redirect.http.html | took 1ms
16:55:48     INFO - TEST-START | /referrer-policy/strict-origin-when-cross-origin/meta-referrer/same-origin/http-http/xhr-request/same-insecure.keep-origin-redirect.http.html
16:55:48     INFO - TEST-SKIP | /referrer-policy/strict-origin-when-cross-origin/meta-referrer/same-origin/http-http/xhr-request/same-insecure.keep-origin-redirect.http.html | took 0ms
16:55:48     INFO - TEST-START | /referrer-policy/strict-origin-when-cross-origin/meta-referrer/same-origin/http-http/xhr-request/same-insecure.no-redirect.http.html
16:55:48     INFO - TEST-SKIP | /referrer-policy/strict-origin-when-cross-origin/meta-referrer/same-origin/http-http/xhr-request/same-insecure.no-redirect.http.html | took 0ms
16:55:48     INFO - TEST-START | /referrer-policy/strict-origin-when-cross-origin/meta-referrer/same-origin/http-http/xhr-request/same-insecure.swap-origin-redirect.http.html
16:55:48     INFO - TEST-SKIP | /referrer-policy/strict-origin-when-cross-origin/meta-referrer/same-origin/http-http/xhr-request/same-insecure.swap-origin-redirect.http.html | took 1ms
16:55:48     INFO - TEST-START | /referrer-policy/strict-origin/attr-referrer/cross-origin/http-http/img-tag/insecure-protocol.keep-origin-redirect.http.html
16:55:48     INFO - TEST-SKIP | /referrer-policy/strict-origin/attr-referrer/cross-origin/http-http/img-tag/insecure-protocol.keep-origin-redirect.http.html | took 0ms
16:55:48     INFO - TEST-START | /referrer-policy/strict-origin/attr-referrer/cross-origin/http-http/img-tag/insecure-protocol.no-redirect.http.html
16:55:48     INFO - TEST-SKIP | /referrer-policy/strict-origin/attr-referrer/cross-origin/http-http/img-tag/insecure-protocol.no-redirect.http.html | took 0ms
16:55:48     INFO - TEST-START | /referrer-policy/strict-origin/attr-referrer/cross-origin/http-http/img-tag/insecure-protocol.swap-origin-redirect.http.html
16:55:48     INFO - TEST-SKIP | /referrer-policy/strict-origin/attr-referrer/cross-origin/http-http/img-tag/insecure-protocol.swap-origin-redirect.http.html | took 0ms
16:55:48     INFO - TEST-START | /referrer-policy/strict-origin/attr-referrer/same-origin/http-http/iframe-tag/insecure-protocol.keep-origin-redirect.http.html
16:55:48     INFO - TEST-SKIP | /referrer-policy/strict-origin/attr-referrer/same-origin/http-http/iframe-tag/insecure-protocol.keep-origin-redirect.http.html | took 8ms
16:55:48     INFO - TEST-START | /referrer-policy/strict-origin/attr-referrer/same-origin/http-http/iframe-tag/insecure-protocol.no-redirect.http.html
16:55:48     INFO - TEST-SKIP | /referrer-policy/strict-origin/attr-referrer/same-origin/http-http/iframe-tag/insecure-protocol.no-redirect.http.html | took 0ms
16:55:48     INFO - TEST-START | /referrer-policy/strict-origin/attr-referrer/same-origin/http-http/iframe-tag/insecure-protocol.swap-origin-redirect.http.html
16:55:48     INFO - TEST-SKIP | /referrer-policy/strict-origin/attr-referrer/same-origin/http-http/iframe-tag/insecure-protocol.swap-origin-redirect.http.html | took 0ms
16:55:48     INFO - TEST-START | /referrer-policy/strict-origin/http-rp/cross-origin/http-https/script-tag/upgrade-protocol.keep-origin-redirect.http.html
16:55:48     INFO - TEST-SKIP | /referrer-policy/strict-origin/http-rp/cross-origin/http-https/script-tag/upgrade-protocol.keep-origin-redirect.http.html | took 0ms
16:55:48     INFO - TEST-START | /referrer-policy/strict-origin/http-rp/cross-origin/http-https/script-tag/upgrade-protocol.no-redirect.http.html
16:55:48     INFO - TEST-SKIP | /referrer-policy/strict-origin/http-rp/cross-origin/http-https/script-tag/upgrade-protocol.no-redirect.http.html | took 0ms
16:55:48     INFO - TEST-START | /referrer-policy/strict-origin/http-rp/cross-origin/http-https/script-tag/upgrade-protocol.swap-origin-redirect.http.html
16:55:48     INFO - TEST-SKIP | /referrer-policy/strict-origin/http-rp/cross-origin/http-https/script-tag/upgrade-protocol.swap-origin-redirect.http.html | took 1ms
16:55:48     INFO - TEST-START | /referrer-policy/strict-origin/http-rp/same-origin/http-http/xhr-request/insecure-protocol.keep-origin-redirect.http.html
16:55:48     INFO - TEST-SKIP | /referrer-policy/strict-origin/http-rp/same-origin/http-http/xhr-request/insecure-protocol.keep-origin-redirect.http.html | took 0ms
16:55:48     INFO - TEST-START | /referrer-policy/strict-origin/http-rp/same-origin/http-http/xhr-request/insecure-protocol.no-redirect.http.html
16:55:48     INFO - TEST-SKIP | /referrer-policy/strict-origin/http-rp/same-origin/http-http/xhr-request/insecure-protocol.no-redirect.http.html | took 0ms
16:55:48     INFO - TEST-START | /referrer-policy/strict-origin/http-rp/same-origin/http-http/xhr-request/insecure-protocol.swap-origin-redirect.http.html
16:55:48     INFO - TEST-SKIP | /referrer-policy/strict-origin/http-rp/same-origin/http-http/xhr-request/insecure-protocol.swap-origin-redirect.http.html | took 0ms
16:55:48     INFO - TEST-START | /referrer-policy/strict-origin/http-rp/same-origin/http-https/script-tag/upgrade-protocol.keep-origin-redirect.http.html
16:55:48     INFO - TEST-SKIP | /referrer-policy/strict-origin/http-rp/same-origin/http-https/script-tag/upgrade-protocol.keep-origin-redirect.http.html | took 1ms
16:55:48     INFO - TEST-START | /referrer-policy/strict-origin/http-rp/same-origin/http-https/script-tag/upgrade-protocol.no-redirect.http.html
16:55:48     INFO - TEST-SKIP | /referrer-policy/strict-origin/http-rp/same-origin/http-https/script-tag/upgrade-protocol.no-redirect.http.html | took 0ms
16:55:48     INFO - TEST-START | /referrer-policy/strict-origin/http-rp/same-origin/http-https/script-tag/upgrade-protocol.swap-origin-redirect.http.html
16:55:48     INFO - TEST-SKIP | /referrer-policy/strict-origin/http-rp/same-origin/http-https/script-tag/upgrade-protocol.swap-origin-redirect.http.html | took 0ms
16:55:48     INFO - TEST-START | /referrer-policy/strict-origin/meta-referrer/cross-origin/http-http/img-tag/insecure-protocol.keep-origin-redirect.http.html
16:55:48     INFO - TEST-SKIP | /referrer-policy/strict-origin/meta-referrer/cross-origin/http-http/img-tag/insecure-protocol.keep-origin-redirect.http.html | took 1ms
16:55:48     INFO - TEST-START | /referrer-policy/strict-origin/meta-referrer/cross-origin/http-http/img-tag/insecure-protocol.no-redirect.http.html
16:55:48     INFO - TEST-SKIP | /referrer-policy/strict-origin/meta-referrer/cross-origin/http-http/img-tag/insecure-protocol.no-redirect.http.html | took 0ms
16:55:48     INFO - TEST-START | /referrer-policy/strict-origin/meta-referrer/cross-origin/http-http/img-tag/insecure-protocol.swap-origin-redirect.http.html
16:55:48     INFO - TEST-SKIP | /referrer-policy/strict-origin/meta-referrer/cross-origin/http-http/img-tag/insecure-protocol.swap-origin-redirect.http.html | took 0ms
16:55:48     INFO - TEST-START | /referrer-policy/strict-origin/meta-referrer/same-origin/http-http/script-tag/insecure-protocol.keep-origin-redirect.http.html
16:55:48     INFO - TEST-SKIP | /referrer-policy/strict-origin/meta-referrer/same-origin/http-http/script-tag/insecure-protocol.keep-origin-redirect.http.html | took 8ms
16:55:48     INFO - TEST-START | /referrer-policy/strict-origin/meta-referrer/same-origin/http-http/script-tag/insecure-protocol.no-redirect.http.html
16:55:48     INFO - TEST-SKIP | /referrer-policy/strict-origin/meta-referrer/same-origin/http-http/script-tag/insecure-protocol.no-redirect.http.html | took 1ms
16:55:48     INFO - TEST-START | /referrer-policy/strict-origin/meta-referrer/same-origin/http-http/script-tag/insecure-protocol.swap-origin-redirect.http.html
16:55:48     INFO - TEST-SKIP | /referrer-policy/strict-origin/meta-referrer/same-origin/http-http/script-tag/insecure-protocol.swap-origin-redirect.http.html | took 0ms
16:55:48     INFO - TEST-START | /referrer-policy/strict-origin/meta-referrer/same-origin/http-http/xhr-request/insecure-protocol.keep-origin-redirect.http.html
16:55:48     INFO - TEST-SKIP | /referrer-policy/strict-origin/meta-referrer/same-origin/http-http/xhr-request/insecure-protocol.keep-origin-redirect.http.html | took 0ms
16:55:48     INFO - TEST-START | /referrer-policy/strict-origin/meta-referrer/same-origin/http-http/xhr-request/insecure-protocol.no-redirect.http.html
16:55:48     INFO - TEST-SKIP | /referrer-policy/strict-origin/meta-referrer/same-origin/http-http/xhr-request/insecure-protocol.no-redirect.http.html | took 0ms
16:55:48     INFO - TEST-START | /referrer-policy/strict-origin/meta-referrer/same-origin/http-http/xhr-request/insecure-protocol.swap-origin-redirect.http.html
16:55:48     INFO - TEST-SKIP | /referrer-policy/strict-origin/meta-referrer/same-origin/http-http/xhr-request/insecure-protocol.swap-origin-redirect.http.html | took 0ms
16:55:48     INFO - TEST-START | /referrer-policy/strict-origin/meta-referrer/same-origin/http-https/fetch-request/upgrade-protocol.keep-origin-redirect.http.html
16:55:48     INFO - TEST-SKIP | /referrer-policy/strict-origin/meta-referrer/same-origin/http-https/fetch-request/upgrade-protocol.keep-origin-redirect.http.html | took 0ms
16:55:48     INFO - TEST-START | /referrer-policy/strict-origin/meta-referrer/same-origin/http-https/fetch-request/upgrade-protocol.no-redirect.http.html
16:55:48     INFO - TEST-SKIP | /referrer-policy/strict-origin/meta-referrer/same-origin/http-https/fetch-request/upgrade-protocol.no-redirect.http.html | took 0ms
16:55:48     INFO - TEST-START | /referrer-policy/strict-origin/meta-referrer/same-origin/http-https/fetch-request/upgrade-protocol.swap-origin-redirect.http.html
16:55:48     INFO - TEST-SKIP | /referrer-policy/strict-origin/meta-referrer/same-origin/http-https/fetch-request/upgrade-protocol.swap-origin-redirect.http.html | took 0ms
16:55:48     INFO - TEST-START | /referrer-policy/unset-referrer-policy/meta-referrer/cross-origin/http-https/img-tag/upgrade-protocol.keep-origin-redirect.http.html
16:55:48     INFO - TEST-SKIP | /referrer-policy/unset-referrer-policy/meta-referrer/cross-origin/http-https/img-tag/upgrade-protocol.keep-origin-redirect.http.html | took 0ms
16:55:48     INFO - TEST-START | /referrer-policy/unset-referrer-policy/meta-referrer/cross-origin/http-https/img-tag/upgrade-protocol.no-redirect.http.html
16:55:48     INFO - TEST-SKIP | /referrer-policy/unset-referrer-policy/meta-referrer/cross-origin/http-https/img-tag/upgrade-protocol.no-redirect.http.html | took 1ms
16:55:48     INFO - TEST-START | /referrer-policy/unset-referrer-policy/meta-referrer/cross-origin/http-https/img-tag/upgrade-protocol.swap-origin-redirect.http.html
16:55:48     INFO - TEST-SKIP | /referrer-policy/unset-referrer-policy/meta-referrer/cross-origin/http-https/img-tag/upgrade-protocol.swap-origin-redirect.http.html | took 0ms
16:55:48     INFO - TEST-START | /service-workers/service-worker/appcache-ordering-main.https.html
16:55:48     INFO - TEST-SKIP | /service-workers/service-worker/appcache-ordering-main.https.html | took 0ms
16:55:48     INFO - TEST-START | /service-workers/service-worker/resource-timing.https.html
16:55:48     INFO - TEST-SKIP | /service-workers/service-worker/resource-timing.https.html | took 1ms
16:55:48     INFO - TEST-START | /webgl/conformance-1.0.3/conformance/context/constants-and-properties.html
16:55:48     INFO - TEST-SKIP | /webgl/conformance-1.0.3/conformance/context/constants-and-properties.html | took 0ms
16:55:48     INFO - TEST-START | /webgl/conformance-1.0.3/conformance/context/context-attribute-preserve-drawing-buffer.html
16:55:48     INFO - TEST-SKIP | /webgl/conformance-1.0.3/conformance/context/context-attribute-preserve-drawing-buffer.html | took 0ms
16:55:48     INFO - TEST-START | /webgl/conformance-1.0.3/conformance/context/context-attributes-alpha-depth-stencil-antialias.html
16:55:48     INFO - TEST-SKIP | /webgl/conformance-1.0.3/conformance/context/context-attributes-alpha-depth-stencil-antialias.html | took 7ms
16:55:48     INFO - TEST-START | /webgl/conformance-1.0.3/conformance/context/context-creation-and-destruction.html
16:55:48     INFO - TEST-SKIP | /webgl/conformance-1.0.3/conformance/context/context-creation-and-destruction.html | took 1ms
16:55:48     INFO - TEST-START | /webgl/conformance-1.0.3/conformance/context/context-creation.html
16:55:48     INFO - TEST-SKIP | /webgl/conformance-1.0.3/conformance/context/context-creation.html | took 0ms
16:55:48     INFO - TEST-START | /webgl/conformance-1.0.3/conformance/context/context-eviction-with-garbage-collection.html
16:55:48     INFO - TEST-SKIP | /webgl/conformance-1.0.3/conformance/context/context-eviction-with-garbage-collection.html | took 0ms
16:55:48     INFO - TEST-START | /webgl/conformance-1.0.3/conformance/context/context-hidden-alpha.html
16:55:48     INFO - TEST-SKIP | /webgl/conformance-1.0.3/conformance/context/context-hidden-alpha.html | took 0ms
16:55:48     INFO - TEST-START | /webgl/conformance-1.0.3/conformance/context/context-lost-restored.html
16:55:48     INFO - TEST-SKIP | /webgl/conformance-1.0.3/conformance/context/context-lost-restored.html | took 0ms
16:55:48     INFO - TEST-START | /webgl/conformance-1.0.3/conformance/context/context-lost.html
16:55:48     INFO - TEST-SKIP | /webgl/conformance-1.0.3/conformance/context/context-lost.html | took 0ms
16:55:48     INFO - TEST-START | /webgl/conformance-1.0.3/conformance/context/context-release-upon-reload.html
16:55:48     INFO - TEST-SKIP | /webgl/conformance-1.0.3/conformance/context/context-release-upon-reload.html | took 0ms
16:55:48     INFO - TEST-START | /webgl/conformance-1.0.3/conformance/context/context-release-with-workers.html
16:55:48     INFO - TEST-SKIP | /webgl/conformance-1.0.3/conformance/context/context-release-with-workers.html | took 0ms
16:55:48     INFO - TEST-START | /webgl/conformance-1.0.3/conformance/context/context-type-test.html
16:55:48     INFO - TEST-SKIP | /webgl/conformance-1.0.3/conformance/context/context-type-test.html | took 0ms
16:55:48     INFO - TEST-START | /webgl/conformance-1.0.3/conformance/context/incorrect-context-object-behaviour.html
16:55:48     INFO - TEST-SKIP | /webgl/conformance-1.0.3/conformance/context/incorrect-context-object-behaviour.html | took 0ms
16:55:48     INFO - TEST-START | /webgl/conformance-1.0.3/conformance/context/methods.html
16:55:48     INFO - TEST-SKIP | /webgl/conformance-1.0.3/conformance/context/methods.html | took 0ms
16:55:48     INFO - TEST-START | /webgl/conformance-1.0.3/conformance/context/premultiplyalpha-test.html
16:55:48     INFO - TEST-SKIP | /webgl/conformance-1.0.3/conformance/context/premultiplyalpha-test.html | took 0ms
16:55:48     INFO - TEST-START | /webgl/conformance-1.0.3/conformance/context/resource-sharing-test.html
16:55:48     INFO - TEST-SKIP | /webgl/conformance-1.0.3/conformance/context/resource-sharing-test.html | took 0ms
16:55:48     INFO - TEST-START | /webgl/conformance-1.0.3/conformance/glsl/variables/gl-fragcoord-xy-values.html
16:55:48     INFO - TEST-SKIP | /webgl/conformance-1.0.3/conformance/glsl/variables/gl-fragcoord-xy-values.html | took 1ms
16:55:48     INFO - TEST-START | /webgl/conformance-1.0.3/conformance/glsl/variables/gl-fragcoord.html
16:55:48     INFO - TEST-SKIP | /webgl/conformance-1.0.3/conformance/glsl/variables/gl-fragcoord.html | took 0ms
16:55:48     INFO - TEST-START | /webgl/conformance-1.0.3/conformance/glsl/variables/gl-fragdata-and-fragcolor.html
16:55:48     INFO - TEST-SKIP | /webgl/conformance-1.0.3/conformance/glsl/variables/gl-fragdata-and-fragcolor.html | took 0ms
16:55:48     INFO - TEST-START | /webgl/conformance-1.0.3/conformance/glsl/variables/gl-frontfacing.html
16:55:48     INFO - TEST-SKIP | /webgl/conformance-1.0.3/conformance/glsl/variables/gl-frontfacing.html | took 0ms
16:55:48     INFO - TEST-START | /webgl/conformance-1.0.3/conformance/glsl/variables/gl-pointcoord.html
16:55:48     INFO - TEST-SKIP | /webgl/conformance-1.0.3/conformance/glsl/variables/gl-pointcoord.html | took 0ms
16:55:48     INFO - TEST-START | /webgl/conformance-1.0.3/conformance/glsl/variables/glsl-built-ins.html
16:55:48     INFO - TEST-SKIP | /webgl/conformance-1.0.3/conformance/glsl/variables/glsl-built-ins.html | took 6ms
16:55:48     INFO - TEST-START | /webgl/conformance-1.0.3/conformance/misc/bad-arguments-test.html
16:55:48     INFO - TEST-SKIP | /webgl/conformance-1.0.3/conformance/misc/bad-arguments-test.html | took 0ms
16:55:48     INFO - TEST-START | /webgl/conformance-1.0.3/conformance/misc/boolean-argument-conversion.html
16:55:48     INFO - TEST-SKIP | /webgl/conformance-1.0.3/conformance/misc/boolean-argument-conversion.html | took 1ms
16:55:48     INFO - TEST-START | /webgl/conformance-1.0.3/conformance/misc/delayed-drawing.html
16:55:48     INFO - TEST-SKIP | /webgl/conformance-1.0.3/conformance/misc/delayed-drawing.html | took 0ms
16:55:48     INFO - TEST-START | /webgl/conformance-1.0.3/conformance/misc/error-reporting.html
16:55:48     INFO - TEST-SKIP | /webgl/conformance-1.0.3/conformance/misc/error-reporting.html | took 0ms
16:55:48     INFO - TEST-START | /webgl/conformance-1.0.3/conformance/misc/functions-returning-strings.html
16:55:48     INFO - TEST-SKIP | /webgl/conformance-1.0.3/conformance/misc/functions-returning-strings.html | took 0ms
16:55:48     INFO - TEST-START | /webgl/conformance-1.0.3/conformance/misc/instanceof-test.html
16:55:48     INFO - TEST-SKIP | /webgl/conformance-1.0.3/conformance/misc/instanceof-test.html | took 0ms
16:55:48     INFO - TEST-START | /webgl/conformance-1.0.3/conformance/misc/invalid-passed-params.html
16:55:48     INFO - TEST-SKIP | /webgl/conformance-1.0.3/conformance/misc/invalid-passed-params.html | took 0ms
16:55:48     INFO - TEST-START | /webgl/conformance-1.0.3/conformance/misc/is-object.html
16:55:48     INFO - TEST-SKIP | /webgl/conformance-1.0.3/conformance/misc/is-object.html | took 0ms
16:55:48     INFO - TEST-START | /webgl/conformance-1.0.3/conformance/misc/null-object-behaviour.html
16:55:48     INFO - TEST-SKIP | /webgl/conformance-1.0.3/conformance/misc/null-object-behaviour.html | took 0ms
16:55:48     INFO - TEST-START | /webgl/conformance-1.0.3/conformance/misc/object-deletion-behaviour.html
16:55:48     INFO - TEST-SKIP | /webgl/conformance-1.0.3/conformance/misc/object-deletion-behaviour.html | took 9ms
16:55:48     INFO - TEST-START | /webgl/conformance-1.0.3/conformance/misc/shader-precision-format.html
16:55:48     INFO - TEST-SKIP | /webgl/conformance-1.0.3/conformance/misc/shader-precision-format.html | took 0ms
16:55:48     INFO - TEST-START | /webgl/conformance-1.0.3/conformance/misc/type-conversion-test.html
16:55:48     INFO - TEST-SKIP | /webgl/conformance-1.0.3/conformance/misc/type-conversion-test.html | took 0ms
16:55:48     INFO - TEST-START | /webgl/conformance-1.0.3/conformance/misc/uninitialized-test.html
16:55:48     INFO - TEST-SKIP | /webgl/conformance-1.0.3/conformance/misc/uninitialized-test.html | took 1ms
16:55:48     INFO - TEST-START | /webgl/conformance-1.0.3/conformance/misc/webgl-specific.html
16:55:48     INFO - TEST-SKIP | /webgl/conformance-1.0.3/conformance/misc/webgl-specific.html | took 0ms
16:55:48     INFO - TEST-START | /webgl/conformance-1.0.3/conformance/more/glsl/arrayOutOfBounds.html
16:55:48     INFO - TEST-SKIP | /webgl/conformance-1.0.3/conformance/more/glsl/arrayOutOfBounds.html | took 0ms
16:55:48     INFO - TEST-START | /webgl/conformance-1.0.3/conformance/more/glsl/uniformOutOfBounds.html
16:55:48     INFO - TEST-SKIP | /webgl/conformance-1.0.3/conformance/more/glsl/uniformOutOfBounds.html | took 1ms
16:55:48     INFO - TEST-START | /webgl/conformance-1.0.3/conformance/ogles/GL/abs/abs_001_to_006.html
16:55:48     INFO - TEST-SKIP | /webgl/conformance-1.0.3/conformance/ogles/GL/abs/abs_001_to_006.html | took 0ms
16:55:48     INFO - TEST-START | /webgl/conformance-1.0.3/conformance/ogles/GL/any/any_001_to_004.html
16:55:48     INFO - TEST-SKIP | /webgl/conformance-1.0.3/conformance/ogles/GL/any/any_001_to_004.html | took 0ms
16:55:48     INFO - TEST-START | /webgl/conformance-1.0.3/conformance/ogles/GL/array/array_001_to_006.html
16:55:48     INFO - TEST-SKIP | /webgl/conformance-1.0.3/conformance/ogles/GL/array/array_001_to_006.html | took 0ms
16:55:48     INFO - TEST-START | /webgl/conformance-1.0.3/conformance/ogles/GL/atan/atan_001_to_008.html
16:55:48     INFO - TEST-SKIP | /webgl/conformance-1.0.3/conformance/ogles/GL/atan/atan_001_to_008.html | took 0ms
16:55:48     INFO - TEST-START | /webgl/conformance-1.0.3/conformance/ogles/GL/atan/atan_009_to_012.html
16:55:48     INFO - TEST-SKIP | /webgl/conformance-1.0.3/conformance/ogles/GL/atan/atan_009_to_012.html | took 0ms
16:55:48     INFO - TEST-START | /webgl/conformance-1.0.3/conformance/ogles/GL/cross/cross_001_to_002.html
16:55:48     INFO - TEST-SKIP | /webgl/conformance-1.0.3/conformance/ogles/GL/cross/cross_001_to_002.html | took 1ms
16:55:48     INFO - TEST-START | /webgl/conformance-1.0.3/conformance/ogles/GL/default/default_001_to_001.html
16:55:48     INFO - TEST-SKIP | /webgl/conformance-1.0.3/conformance/ogles/GL/default/default_001_to_001.html | took 0ms
16:55:48     INFO - TEST-START | /webgl/conformance-1.0.3/conformance/ogles/GL/degrees/degrees_001_to_006.html
16:55:48     INFO - TEST-SKIP | /webgl/conformance-1.0.3/conformance/ogles/GL/degrees/degrees_001_to_006.html | took 1ms
16:55:48     INFO - TEST-START | /webgl/conformance-1.0.3/conformance/ogles/GL/equal/equal_001_to_008.html
16:55:48     INFO - TEST-SKIP | /webgl/conformance-1.0.3/conformance/ogles/GL/equal/equal_001_to_008.html | took 0ms
16:55:48     INFO - TEST-START | /webgl/conformance-1.0.3/conformance/ogles/GL/equal/equal_009_to_012.html
16:55:48     INFO - TEST-SKIP | /webgl/conformance-1.0.3/conformance/ogles/GL/equal/equal_009_to_012.html | took 0ms
16:55:48     INFO - TEST-START | /webgl/conformance-1.0.3/conformance/ogles/GL/faceforward/faceforward_001_to_006.html
16:55:48     INFO - TEST-SKIP | /webgl/conformance-1.0.3/conformance/ogles/GL/faceforward/faceforward_001_to_006.html | took 1ms
16:55:48     INFO - TEST-START | /webgl/conformance-1.0.3/conformance/ogles/GL/log2/log2_001_to_008.html
16:55:48     INFO - TEST-SKIP | /webgl/conformance-1.0.3/conformance/ogles/GL/log2/log2_001_to_008.html | took 0ms
16:55:48     INFO - TEST-START | /webgl/conformance-1.0.3/conformance/ogles/GL/log2/log2_009_to_012.html
16:55:48     INFO - TEST-SKIP | /webgl/conformance-1.0.3/conformance/ogles/GL/log2/log2_009_to_012.html | took 9ms
16:55:48     INFO - TEST-START | /webgl/conformance-1.0.3/conformance/ogles/GL/min/min_001_to_006.html
16:55:48     INFO - TEST-SKIP | /webgl/conformance-1.0.3/conformance/ogles/GL/min/min_001_to_006.html | took 0ms
16:55:48     INFO - TEST-START | /webgl/conformance-1.0.3/conformance/ogles/GL/mix/mix_001_to_006.html
16:55:48     INFO - TEST-SKIP | /webgl/conformance-1.0.3/conformance/ogles/GL/mix/mix_001_to_006.html | took 0ms
16:55:48     INFO - TEST-START | /webgl/conformance-1.0.3/conformance/ogles/GL/normalize/normalize_001_to_006.html
16:55:48     INFO - TEST-SKIP | /webgl/conformance-1.0.3/conformance/ogles/GL/normalize/normalize_001_to_006.html | took 0ms
16:55:48     INFO - TEST-START | /webgl/conformance-1.0.3/conformance/ogles/GL/pow/pow_001_to_008.html
16:55:48     INFO - TEST-SKIP | /webgl/conformance-1.0.3/conformance/ogles/GL/pow/pow_001_to_008.html | took 0ms
16:55:48     INFO - TEST-START | /webgl/conformance-1.0.3/conformance/ogles/GL/pow/pow_009_to_016.html
16:55:48     INFO - TEST-SKIP | /webgl/conformance-1.0.3/conformance/ogles/GL/pow/pow_009_to_016.html | took 1ms
16:55:48     INFO - TEST-START | /webgl/conformance-1.0.3/conformance/ogles/GL/pow/pow_017_to_024.html
16:55:48     INFO - TEST-SKIP | /webgl/conformance-1.0.3/conformance/ogles/GL/pow/pow_017_to_024.html | took 0ms
16:55:48     INFO - TEST-START | /webgl/conformance-1.0.3/conformance/ogles/GL/reflect/reflect_001_to_006.html
16:55:48     INFO - TEST-SKIP | /webgl/conformance-1.0.3/conformance/ogles/GL/reflect/reflect_001_to_006.html | took 0ms
16:55:48     INFO - TEST-START | /webgl/conformance-1.0.3/conformance/ogles/GL/sqrt/sqrt_001_to_006.html
16:55:48     INFO - TEST-SKIP | /webgl/conformance-1.0.3/conformance/ogles/GL/sqrt/sqrt_001_to_006.html | took 0ms
16:55:48     INFO - TEST-START | /webgl/conformance-1.0.3/conformance/programs/get-active-test.html
16:55:48     INFO - TEST-SKIP | /webgl/conformance-1.0.3/conformance/programs/get-active-test.html | took 0ms
16:55:48     INFO - TEST-START | /webgl/conformance-1.0.3/conformance/programs/gl-bind-attrib-location-long-names-test.html
16:55:48     INFO - TEST-SKIP | /webgl/conformance-1.0.3/conformance/programs/gl-bind-attrib-location-long-names-test.html | took 1ms
16:55:48     INFO - TEST-START | /webgl/conformance-1.0.3/conformance/programs/gl-bind-attrib-location-test.html
16:55:48     INFO - TEST-SKIP | /webgl/conformance-1.0.3/conformance/programs/gl-bind-attrib-location-test.html | took 0ms
16:55:48     INFO - TEST-START | /webgl/conformance-1.0.3/conformance/programs/gl-get-active-attribute.html
16:55:48     INFO - TEST-SKIP | /webgl/conformance-1.0.3/conformance/programs/gl-get-active-attribute.html | took 0ms
16:55:48     INFO - TEST-START | /webgl/conformance-1.0.3/conformance/programs/gl-get-active-uniform.html
16:55:48     INFO - TEST-SKIP | /webgl/conformance-1.0.3/conformance/programs/gl-get-active-uniform.html | took 0ms
16:55:48     INFO - TEST-START | /webgl/conformance-1.0.3/conformance/programs/gl-getshadersource.html
16:55:48     INFO - TEST-SKIP | /webgl/conformance-1.0.3/conformance/programs/gl-getshadersource.html | took 0ms
16:55:48     INFO - TEST-START | /webgl/conformance-1.0.3/conformance/programs/gl-shader-test.html
16:55:48     INFO - TEST-SKIP | /webgl/conformance-1.0.3/conformance/programs/gl-shader-test.html | took 1ms
16:55:48     INFO - TEST-START | /webgl/conformance-1.0.3/conformance/programs/invalid-UTF-16.html
16:55:48     INFO - TEST-SKIP | /webgl/conformance-1.0.3/conformance/programs/invalid-UTF-16.html | took 0ms
16:55:48     INFO - TEST-START | /webgl/conformance-1.0.3/conformance/programs/program-test.html
16:55:48     INFO - TEST-SKIP | /webgl/conformance-1.0.3/conformance/programs/program-test.html | took 0ms
16:55:48     INFO - TEST-START | /webgl/conformance-1.0.3/conformance/programs/use-program-crash-with-discard-in-fragment-shader.html
16:55:48     INFO - TEST-SKIP | /webgl/conformance-1.0.3/conformance/programs/use-program-crash-with-discard-in-fragment-shader.html | took 1ms
16:55:48     INFO - Setting up ssl
16:55:48     INFO - PROCESS | certutil | 
16:55:48     INFO - PROCESS | certutil | 
16:55:49     INFO - PROCESS | certutil | 
16:55:49     INFO - Certificate Nickname                                         Trust Attributes
16:55:49     INFO -                                                              SSL,S/MIME,JAR/XPI
16:55:49     INFO - 
16:55:49     INFO - web-platform-tests                                           CT,, 
16:55:49     INFO - 
16:55:49     INFO - Application command: /builds/slave/test/build/application/firefox/firefox --marionette about:blank -profile /tmp/tmpFN6yeM.mozrunner
16:55:49     INFO - Starting runner
16:55:51     INFO - PROCESS | 2170 | 1528502151058	Marionette	INFO	Listening on port 2828
16:55:54     INFO - TEST-START | /2dcontext/hit-regions/addHitRegions-NotSupportedError-01.html
16:55:55     INFO - ....
16:55:55     INFO - TEST-OK | /2dcontext/hit-regions/addHitRegions-NotSupportedError-01.html | took 584ms
16:55:55     INFO - TEST-START | /2dcontext/hit-regions/hitregions-members-exist.html
16:55:55     INFO - ...
16:55:55     INFO - TEST-OK | /2dcontext/hit-regions/hitregions-members-exist.html | took 621ms
16:55:55     INFO - TEST-START | /2dcontext/image-smoothing/imagesmoothing.html
16:55:56     INFO - .........
16:55:56     INFO - TEST-OK | /2dcontext/image-smoothing/imagesmoothing.html | took 471ms
16:55:56     INFO - TEST-START | /2dcontext/transformations/2d.transformation.order.html
16:55:56     INFO - .
16:55:56     INFO - TEST-OK | /2dcontext/transformations/2d.transformation.order.html | took 531ms
16:55:56     INFO - TEST-START | /2dcontext/transformations/2d.transformation.rotate.direction.html
16:55:57     INFO - .
16:55:57     INFO - TEST-OK | /2dcontext/transformations/2d.transformation.rotate.direction.html | took 467ms
16:55:57     INFO - TEST-START | /2dcontext/transformations/2d.transformation.rotate.nonfinite.html
16:55:57     INFO - .
16:55:57     INFO - TEST-OK | /2dcontext/transformations/2d.transformation.rotate.nonfinite.html | took 478ms
16:55:57     INFO - TEST-START | /2dcontext/transformations/2d.transformation.rotate.radians.html
16:55:58     INFO - .
16:55:58     INFO - TEST-OK | /2dcontext/transformations/2d.transformation.rotate.radians.html | took 427ms
16:55:58     INFO - TEST-START | /2dcontext/transformations/2d.transformation.rotate.wrap.html
16:55:58     INFO - .
16:55:58     INFO - TEST-OK | /2dcontext/transformations/2d.transformation.rotate.wrap.html | took 470ms
16:55:58     INFO - TEST-START | /2dcontext/transformations/2d.transformation.rotate.wrapnegative.html
16:55:59     INFO - .
16:55:59     INFO - TEST-OK | /2dcontext/transformations/2d.transformation.rotate.wrapnegative.html | took 579ms
16:55:59     INFO - TEST-START | /2dcontext/transformations/2d.transformation.rotate.zero.html
16:55:59     INFO - .
16:55:59     INFO - TEST-OK | /2dcontext/transformations/2d.transformation.rotate.zero.html | took 468ms
16:55:59     INFO - TEST-START | /2dcontext/transformations/2d.transformation.scale.basic.html
16:56:00     INFO - .
16:56:00     INFO - TEST-OK | /2dcontext/transformations/2d.transformation.scale.basic.html | took 477ms
16:56:00     INFO - TEST-START | /2dcontext/transformations/2d.transformation.scale.large.html
16:56:00     INFO - .
16:56:00     INFO - TEST-OK | /2dcontext/transformations/2d.transformation.scale.large.html | took 518ms
16:56:00     INFO - TEST-START | /2dcontext/transformations/2d.transformation.scale.multiple.html
16:56:01     INFO - .
16:56:01     INFO - TEST-OK | /2dcontext/transformations/2d.transformation.scale.multiple.html | took 677ms
16:56:01     INFO - TEST-START | /2dcontext/transformations/2d.transformation.scale.negative.html
16:56:02     INFO - .
16:56:02     INFO - TEST-OK | /2dcontext/transformations/2d.transformation.scale.negative.html | took 823ms
16:56:02     INFO - TEST-START | /2dcontext/transformations/2d.transformation.scale.nonfinite.html
16:56:03     INFO - .
16:56:03     INFO - TEST-OK | /2dcontext/transformations/2d.transformation.scale.nonfinite.html | took 577ms
16:56:03     INFO - TEST-START | /2dcontext/transformations/2d.transformation.scale.zero.html
16:56:04     INFO - .
16:56:04     INFO - TEST-OK | /2dcontext/transformations/2d.transformation.scale.zero.html | took 1003ms
16:56:04     INFO - TEST-START | /2dcontext/transformations/2d.transformation.setTransform.multiple.html
16:56:04     INFO - .
16:56:04     INFO - TEST-OK | /2dcontext/transformations/2d.transformation.setTransform.multiple.html | took 523ms
16:56:04     INFO - TEST-START | /2dcontext/transformations/2d.transformation.setTransform.nonfinite.html
16:56:05     INFO - .
16:56:05     INFO - TEST-OK | /2dcontext/transformations/2d.transformation.setTransform.nonfinite.html | took 467ms
16:56:05     INFO - TEST-START | /2dcontext/transformations/2d.transformation.setTransform.skewed.html
16:56:05     INFO - .
16:56:05     INFO - TEST-OK | /2dcontext/transformations/2d.transformation.setTransform.skewed.html | took 523ms
16:56:05     INFO - TEST-START | /2dcontext/transformations/2d.transformation.transform.identity.html
16:56:06     INFO - .
16:56:06     INFO - TEST-OK | /2dcontext/transformations/2d.transformation.transform.identity.html | took 479ms
16:56:06     INFO - TEST-START | /2dcontext/transformations/2d.transformation.transform.multiply.html
16:56:06     INFO - .
16:56:06     INFO - TEST-OK | /2dcontext/transformations/2d.transformation.transform.multiply.html | took 519ms
16:56:06     INFO - TEST-START | /2dcontext/transformations/2d.transformation.transform.nonfinite.html
16:56:07     INFO - .
16:56:07     INFO - TEST-OK | /2dcontext/transformations/2d.transformation.transform.nonfinite.html | took 472ms
16:56:07     INFO - TEST-START | /2dcontext/transformations/2d.transformation.transform.skewed.html
16:56:07     INFO - .
16:56:07     INFO - TEST-OK | /2dcontext/transformations/2d.transformation.transform.skewed.html | took 471ms
16:56:07     INFO - TEST-START | /2dcontext/transformations/2d.transformation.translate.basic.html
16:56:08     INFO - .
16:56:08     INFO - TEST-OK | /2dcontext/transformations/2d.transformation.translate.basic.html | took 518ms
16:56:08     INFO - TEST-START | /2dcontext/transformations/2d.transformation.translate.nonfinite.html
16:56:08     INFO - .
16:56:08     INFO - TEST-OK | /2dcontext/transformations/2d.transformation.translate.nonfinite.html | took 784ms
16:56:08     INFO - TEST-START | /WebCryptoAPI/digest/digest.worker
16:56:09     INFO - ................................................................................
16:56:09     INFO - TEST-OK | /WebCryptoAPI/digest/digest.worker | took 1009ms
16:56:09     INFO - TEST-START | /WebCryptoAPI/digest/test_digest.html
16:56:10     INFO - ................................................................................
16:56:10     INFO - TEST-OK | /WebCryptoAPI/digest/test_digest.html | took 896ms
16:56:10     INFO - TEST-START | /WebCryptoAPI/encrypt_decrypt/aes_cbc.worker
16:56:11     INFO - ..........................................
16:56:11     INFO - TEST-OK | /WebCryptoAPI/encrypt_decrypt/aes_cbc.worker | took 686ms
16:56:11     INFO - TEST-START | /WebCryptoAPI/encrypt_decrypt/aes_ctr.worker
16:56:12     INFO - .................................
16:56:12     INFO - TEST-OK | /WebCryptoAPI/encrypt_decrypt/aes_ctr.worker | took 575ms
16:56:12     INFO - TEST-START | /WebCryptoAPI/encrypt_decrypt/aes_gcm.worker
16:56:13     INFO - ..........................................................................................................................................................................................................................................................................................................................................
16:56:13     INFO - TEST-OK | /WebCryptoAPI/encrypt_decrypt/aes_gcm.worker | took 1526ms
16:56:13     INFO - TEST-START | /WebCryptoAPI/encrypt_decrypt/rsa.worker
16:56:15     INFO - ............................................................................................................
16:56:15     INFO - TEST-OK | /WebCryptoAPI/encrypt_decrypt/rsa.worker | took 1814ms
16:56:15     INFO - TEST-START | /WebCryptoAPI/encrypt_decrypt/test_aes_cbc.html
16:56:16     INFO - ..........................................
16:56:16     INFO - TEST-OK | /WebCryptoAPI/encrypt_decrypt/test_aes_cbc.html | took 602ms
16:56:16     INFO - TEST-START | /WebCryptoAPI/encrypt_decrypt/test_aes_ctr.html
16:56:16     INFO - .................................
16:56:16     INFO - TEST-OK | /WebCryptoAPI/encrypt_decrypt/test_aes_ctr.html | took 640ms
16:56:16     INFO - TEST-START | /WebCryptoAPI/encrypt_decrypt/test_aes_gcm.html
16:56:17     INFO - ..........................................................................................................................................................................................................................................................................................................................................
16:56:17     INFO - TEST-OK | /WebCryptoAPI/encrypt_decrypt/test_aes_gcm.html | took 1094ms
16:56:17     INFO - TEST-START | /WebCryptoAPI/encrypt_decrypt/test_rsa_oaep.html
16:56:18     INFO - ............................................................................................................
16:56:18     INFO - TEST-OK | /WebCryptoAPI/encrypt_decrypt/test_rsa_oaep.html | took 1158ms
16:56:18     INFO - TEST-START | /WebCryptoAPI/generateKey/failures.worker
16:56:29     INFO - PROCESS | 2170 | MARIONETTE LOG: INFO: Timeout fired
16:56:29     INFO - TEST-ERROR | /WebCryptoAPI/generateKey/failures.worker | took 10215ms
16:56:29     INFO - TEST-START | /WebCryptoAPI/generateKey/failures_AES-CBC.worker
16:57:29     INFO - PROCESS | 2170 | MARIONETTE LOG: INFO: Timeout fired
16:57:29     INFO - TEST-ERROR | /WebCryptoAPI/generateKey/failures_AES-CBC.worker | took 60267ms
16:57:29     INFO - TEST-START | /WebCryptoAPI/generateKey/failures_AES-CTR.worker
16:58:29     INFO - PROCESS | 2170 | MARIONETTE LOG: INFO: Timeout fired
16:58:29     INFO - TEST-ERROR | /WebCryptoAPI/generateKey/failures_AES-CTR.worker | took 60253ms
16:58:29     INFO - TEST-START | /WebCryptoAPI/generateKey/failures_AES-GCM.worker
16:59:29     INFO - PROCESS | 2170 | MARIONETTE LOG: INFO: Timeout fired
16:59:30     INFO - TEST-ERROR | /WebCryptoAPI/generateKey/failures_AES-GCM.worker | took 60314ms
16:59:30     INFO - TEST-START | /WebCryptoAPI/generateKey/failures_AES-KW.worker
17:00:30     INFO - PROCESS | 2170 | MARIONETTE LOG: INFO: Timeout fired
17:00:30     INFO - TEST-ERROR | /WebCryptoAPI/generateKey/failures_AES-KW.worker | took 60256ms
17:00:30     INFO - TEST-START | /WebCryptoAPI/generateKey/failures_ECDH.worker
17:01:30     INFO - PROCESS | 2170 | MARIONETTE LOG: INFO: Timeout fired
17:01:30     INFO - TEST-ERROR | /WebCryptoAPI/generateKey/failures_ECDH.worker | took 60258ms
17:01:30     INFO - TEST-START | /WebCryptoAPI/generateKey/failures_ECDSA.worker

command interrupted, attempting to kill
process killed by signal 9
program finished with exit code -1
elapsedTime=603.054265
The web-page 'stop build' button was pressed by 'rvandermeulen@mozilla.com': Cancelled via self-serve
========= master_lag: 0.04 =========
========= Finished '/tools/buildbot/bin/python scripts/scripts/web_platform_tests.py ...' interrupted (results: 4, elapsed: 10 mins, 3 secs) (at 2018-06-08 17:02:07.945972) =========

========= Started 'bash -c ...' interrupted (results: 4, elapsed: 0 secs) (at 2018-06-08 17:02:07.946838) =========
bash -c 'for file in `ls -1`; do cat $file; done'
 in dir /builds/slave/test/properties (timeout 1200 secs)
 watching logfiles {}
 argv: ['bash', '-c', 'for file in `ls -1`; do cat $file; done']
 environment:
  HOME=/home/cltbld
  LANG=en_US.UTF-8
  LOGNAME=cltbld
  MAIL=/var/mail/cltbld
  NODE_PATH=/usr/lib/nodejs:/usr/lib/node_modules:/usr/share/javascript
  PATH=/usr/local/bin:/usr/local/bin:/usr/bin:/bin:/usr/local/games:/usr/games
  PWD=/builds/slave/test/properties
  SHELL=/bin/bash
  SHLVL=1
  TERM=linux
  TMOUT=86400
  USER=cltbld
  XDG_SESSION_COOKIE=9ca12473fbb1d023794ffd180000023c-1528501922.16290-841377062
  _=/tools/buildbot/bin/python
 using PTY: False

command interrupted, attempting to kill
process killed by signal 9
program finished with exit code -1
elapsedTime=0.026776
The web-page 'stop build' button was pressed by 'rvandermeulen@mozilla.com': Cancelled via self-serve

========= master_lag: 0.01 =========
========= Finished 'bash -c ...' interrupted (results: 4, elapsed: 0 secs) (at 2018-06-08 17:02:07.986108) =========

========= Started 'rm -f ...' (results: 0, elapsed: 0 secs) (at 2018-06-08 17:02:07.986431) =========
rm -f oauth.txt
 in dir /builds/slave/test/. (timeout 1200 secs)
 watching logfiles {}
 argv: ['rm', '-f', 'oauth.txt']
 environment:
  HOME=/home/cltbld
  LANG=en_US.UTF-8
  LOGNAME=cltbld
  MAIL=/var/mail/cltbld
  NODE_PATH=/usr/lib/nodejs:/usr/lib/node_modules:/usr/share/javascript
  PATH=/usr/local/bin:/usr/local/bin:/usr/bin:/bin:/usr/local/games:/usr/games
  PWD=/builds/slave/test
  SHELL=/bin/bash
  SHLVL=1
  TERM=linux
  TMOUT=86400
  USER=cltbld
  XDG_SESSION_COOKIE=9ca12473fbb1d023794ffd180000023c-1528501922.16290-841377062
  _=/tools/buildbot/bin/python
 using PTY: False
program finished with exit code 0
elapsedTime=0.020637
========= master_lag: 0.04 =========
========= Finished 'rm -f ...' (results: 0, elapsed: 0 secs) (at 2018-06-08 17:02:08.051931) =========

========= Started reboot skipped (results: 3, elapsed: 0 secs) (at 2018-06-08 17:02:08.052268) =========
========= Finished reboot skipped (results: 3, elapsed: 0 secs) (at 2018-06-08 17:02:08.052552) =========

========= Total master_lag: 0.16 =========

