builder: mozilla-esr52_yosemite_r7_test-web-platform-tests-2
slave: t-yosemite-r7-0015
starttime: 1528502251.73
results: cancelled (6)
buildid: 20180608150819
builduid: b298b373e93d4f8dbf92436c9ed838a2
revision: cbfdf01aac455e0591471201c96b89dee98190b5

========= Started set props: master (results: 0, elapsed: 0 secs) (at 2018-06-08 16:57:31.731897) =========
master: http://buildbot-master106.bb.releng.scl3.mozilla.com:8201/
========= Finished set props: master (results: 0, elapsed: 0 secs) (at 2018-06-08 16:57:31.732314) =========

========= Started downloading to buildprops.json (results: 0, elapsed: 0 secs) (at 2018-06-08 16:57:31.732604) =========
========= Finished downloading to buildprops.json (results: 0, elapsed: 0 secs) (at 2018-06-08 16:57:31.746451) =========

========= Started 'bash -c ...' (results: 0, elapsed: 0 secs) (at 2018-06-08 16:57:31.747160) =========
bash -c 'wget -Oarchiver_client.py --no-check-certificate --tries=10 --waitretry=3 https://hg.mozilla.org/build/tools/raw-file/default/buildfarm/utils/archiver_client.py'
 in dir /builds/slave/test/. (timeout 1200 secs)
 watching logfiles {}
 argv: ['bash', '-c', 'wget -Oarchiver_client.py --no-check-certificate --tries=10 --waitretry=3 https://hg.mozilla.org/build/tools/raw-file/default/buildfarm/utils/archiver_client.py']
 environment:
  Apple_PubSub_Socket_Render=/private/tmp/com.apple.launchd.wRe1tKHvRs/Render
  GIT_SHARE_BASE_DIR=/builds/git-shared
  HG_SHARE_BASE_DIR=/builds/hg-shared
  HOME=/Users/cltbld
  IDLEIZER_DISABLE_SHUTDOWN=true
  LOGNAME=cltbld
  PATH=/usr/local/sbin:/usr/local/bin:/usr/sbin:/usr/bin:/sbin:/bin:/usr/bin/X11
  PWD=/builds/slave/test
  RUNNER_CONFIG_CMD=/opt/runner/bin/python2.7 /opt/runner/bin/runner -c /opt/runner/runner.cfg
  SHELL=/bin/bash
  SSH_AUTH_SOCK=/private/tmp/com.apple.launchd.iYJiJ99ft3/Listeners
  TMPDIR=/var/folders/tr/w5h3k_vj5g92sq767b3y6v8w00000w/T/
  TWISTD_LOG_PATH=/builds/slave/twistd.log
  USER=cltbld
  VERSIONER_PYTHON_PREFER_32_BIT=no
  VERSIONER_PYTHON_VERSION=2.7
  XPC_FLAGS=0x0
  XPC_SERVICE_NAME=0
  __CF_USER_TEXT_ENCODING=0x1C:0:0
 using PTY: False
--2018-06-08 16:57:31--  https://hg.mozilla.org/build/tools/raw-file/default/buildfarm/utils/archiver_client.py
Resolving hg.mozilla.org... 63.245.215.25, 63.245.215.102
Connecting to hg.mozilla.org|63.245.215.25|:443... connected.
HTTP request sent, awaiting response... 200 Script output follows
Length: 12179 (12K) [text/x-python]
Saving to: 'archiver_client.py'

     0K .......... .                                          100% 38.8M=0s

2018-06-08 16:57:31 (38.8 MB/s) - 'archiver_client.py' saved [12179/12179]

program finished with exit code 0
elapsedTime=0.163511
========= master_lag: 0.02 =========
========= Finished 'bash -c ...' (results: 0, elapsed: 0 secs) (at 2018-06-08 16:57:31.927475) =========

========= Started 'rm -rf ...' (results: 0, elapsed: 0 secs) (at 2018-06-08 16:57:31.928205) =========
rm -rf scripts properties
 in dir /builds/slave/test/. (timeout 1200 secs)
 watching logfiles {}
 argv: ['rm', '-rf', 'scripts', 'properties']
 environment:
  Apple_PubSub_Socket_Render=/private/tmp/com.apple.launchd.wRe1tKHvRs/Render
  GIT_SHARE_BASE_DIR=/builds/git-shared
  HG_SHARE_BASE_DIR=/builds/hg-shared
  HOME=/Users/cltbld
  IDLEIZER_DISABLE_SHUTDOWN=true
  LOGNAME=cltbld
  PATH=/usr/local/sbin:/usr/local/bin:/usr/sbin:/usr/bin:/sbin:/bin:/usr/bin/X11
  PWD=/builds/slave/test
  RUNNER_CONFIG_CMD=/opt/runner/bin/python2.7 /opt/runner/bin/runner -c /opt/runner/runner.cfg
  SHELL=/bin/bash
  SSH_AUTH_SOCK=/private/tmp/com.apple.launchd.iYJiJ99ft3/Listeners
  TMPDIR=/var/folders/tr/w5h3k_vj5g92sq767b3y6v8w00000w/T/
  TWISTD_LOG_PATH=/builds/slave/twistd.log
  USER=cltbld
  VERSIONER_PYTHON_PREFER_32_BIT=no
  VERSIONER_PYTHON_VERSION=2.7
  XPC_FLAGS=0x0
  XPC_SERVICE_NAME=0
  __CF_USER_TEXT_ENCODING=0x1C:0:0
 using PTY: False
program finished with exit code 0
elapsedTime=0.029784
========= master_lag: 0.02 =========
========= Finished 'rm -rf ...' (results: 0, elapsed: 0 secs) (at 2018-06-08 16:57:31.978725) =========

========= Started 'bash -c ...' (results: 0, elapsed: 1 secs) (at 2018-06-08 16:57:31.979060) =========
bash -c 'python archiver_client.py mozharness --repo releases/mozilla-esr52 --rev cbfdf01aac455e0591471201c96b89dee98190b5 --destination scripts --debug'
 in dir /builds/slave/test/. (timeout 1200 secs)
 watching logfiles {}
 argv: ['bash', '-c', u'python archiver_client.py mozharness --repo releases/mozilla-esr52 --rev cbfdf01aac455e0591471201c96b89dee98190b5 --destination scripts --debug']
 environment:
  Apple_PubSub_Socket_Render=/private/tmp/com.apple.launchd.wRe1tKHvRs/Render
  GIT_SHARE_BASE_DIR=/builds/git-shared
  HG_SHARE_BASE_DIR=/builds/hg-shared
  HOME=/Users/cltbld
  IDLEIZER_DISABLE_SHUTDOWN=true
  LOGNAME=cltbld
  PATH=/usr/local/sbin:/usr/local/bin:/usr/sbin:/usr/bin:/sbin:/bin:/usr/bin/X11
  PWD=/builds/slave/test
  RUNNER_CONFIG_CMD=/opt/runner/bin/python2.7 /opt/runner/bin/runner -c /opt/runner/runner.cfg
  SHELL=/bin/bash
  SSH_AUTH_SOCK=/private/tmp/com.apple.launchd.iYJiJ99ft3/Listeners
  TMPDIR=/var/folders/tr/w5h3k_vj5g92sq767b3y6v8w00000w/T/
  TWISTD_LOG_PATH=/builds/slave/twistd.log
  USER=cltbld
  VERSIONER_PYTHON_PREFER_32_BIT=no
  VERSIONER_PYTHON_VERSION=2.7
  XPC_FLAGS=0x0
  XPC_SERVICE_NAME=0
  __CF_USER_TEXT_ENCODING=0x1C:0:0
 using PTY: False
2018-06-08 16:57:32,076 truncating revision to first 12 chars
2018-06-08 16:57:32,076 Setting DEBUG logging.
2018-06-08 16:57:32,076 attempt 1/10
2018-06-08 16:57:32,076 Getting archive location from https://api.pub.build.mozilla.org/archiver/hgmo/releases/mozilla-esr52/cbfdf01aac45?&preferred_region=us-west-2&suffix=tar.gz&subdir=testing/mozharness
2018-06-08 16:57:33,289 unpacking tar archive at: mozilla-esr52-cbfdf01aac45/testing/mozharness/
program finished with exit code 0
elapsedTime=1.644529
========= master_lag: 0.01 =========
========= Finished 'bash -c ...' (results: 0, elapsed: 1 secs) (at 2018-06-08 16:57:33.638160) =========

========= Started set props: script_repo_revision (results: 0, elapsed: 0 secs) (at 2018-06-08 16:57:33.638968) =========
script_repo_revision: cbfdf01aac455e0591471201c96b89dee98190b5
========= Finished set props: script_repo_revision (results: 0, elapsed: 0 secs) (at 2018-06-08 16:57:33.639962) =========

========= Started downloading to oauth.txt (results: 0, elapsed: 0 secs) (at 2018-06-08 16:57:33.640640) =========
========= Finished downloading to oauth.txt (results: 0, elapsed: 0 secs) (at 2018-06-08 16:57:33.650396) =========

========= Started '/tools/buildbot/bin/python -u ...' interrupted (results: 4, elapsed: 3 mins, 48 secs) (at 2018-06-08 16:57:33.650731) =========
/tools/buildbot/bin/python -u scripts/scripts/web_platform_tests.py --cfg web_platform_tests/prod_config.py --test-type=testharness --total-chunks 5 --this-chunk 2 --blob-upload-branch mozilla-esr52 --download-symbols ondemand
 in dir /builds/slave/test/. (timeout 1800 secs) (maxTime 7200 secs)
 watching logfiles {}
 argv: ['/tools/buildbot/bin/python', '-u', 'scripts/scripts/web_platform_tests.py', '--cfg', 'web_platform_tests/prod_config.py', '--test-type=testharness', '--total-chunks', '5', '--this-chunk', '2', '--blob-upload-branch', 'mozilla-esr52', '--download-symbols', 'ondemand']
 environment:
  Apple_PubSub_Socket_Render=/private/tmp/com.apple.launchd.wRe1tKHvRs/Render
  GIT_SHARE_BASE_DIR=/builds/git-shared
  HG_SHARE_BASE_DIR=/builds/hg-shared
  HOME=/Users/cltbld
  IDLEIZER_DISABLE_SHUTDOWN=true
  LOGNAME=cltbld
  MOZ_HIDE_RESULTS_TABLE=1
  MOZ_NODE_PATH=/usr/local/bin/node
  MOZ_NO_REMOTE=1
  NO_EM_RESTART=1
  NO_FAIL_ON_TEST_ERRORS=1
  PATH=/usr/local/sbin:/usr/local/bin:/usr/sbin:/usr/bin:/sbin:/bin:/usr/bin/X11
  PROPERTIES_FILE=/builds/slave/test/buildprops.json
  PWD=/builds/slave/test
  RUNNER_CONFIG_CMD=/opt/runner/bin/python2.7 /opt/runner/bin/runner -c /opt/runner/runner.cfg
  SHELL=/bin/bash
  SSH_AUTH_SOCK=/private/tmp/com.apple.launchd.iYJiJ99ft3/Listeners
  TMPDIR=/var/folders/tr/w5h3k_vj5g92sq767b3y6v8w00000w/T/
  TWISTD_LOG_PATH=/builds/slave/twistd.log
  USER=cltbld
  VERSIONER_PYTHON_PREFER_32_BIT=no
  VERSIONER_PYTHON_VERSION=2.7
  XPCOM_DEBUG_BREAK=warn
  XPC_FLAGS=0x0
  XPC_SERVICE_NAME=0
  __CF_USER_TEXT_ENCODING=0x1C:0:0
 using PTY: False
16:57:33     INFO - MultiFileLogger online at 20180608 16:57:33 in /builds/slave/test
16:57:33     INFO - Run as scripts/scripts/web_platform_tests.py --cfg web_platform_tests/prod_config.py --test-type=testharness --total-chunks 5 --this-chunk 2 --blob-upload-branch mozilla-esr52 --download-symbols ondemand
16:57:33     INFO - Dumping config to /builds/slave/test/logs/localconfig.json.
16:57:33     INFO - {'allow_software_gl_layers': False,
16:57:33     INFO -  'append_to_log': False,
16:57:33     INFO -  'base_work_dir': '/builds/slave/test',
16:57:33     INFO -  'blob_upload_branch': 'mozilla-esr52',
16:57:33     INFO -  'blob_uploader_auth_file': '/builds/slave/test/oauth.txt',
16:57:33     INFO -  'buildbot_json_path': 'buildprops.json',
16:57:33     INFO -  'config_files': ('web_platform_tests/prod_config.py',),
16:57:33     INFO -  'default_blob_upload_servers': ('https://blobupload.elasticbeanstalk.com',),
16:57:33     INFO -  'download_minidump_stackwalk': True,
16:57:33     INFO -  'download_symbols': 'ondemand',
16:57:33     INFO -  'download_tooltool': True,
16:57:33     INFO -  'e10s': False,
16:57:33     INFO -  'exes': {'python': '/tools/buildbot/bin/python',
16:57:33     INFO -           'tooltool.py': '/tools/tooltool.py',
16:57:33     INFO -           'virtualenv': ('/tools/buildbot/bin/python',
16:57:33     INFO -                          '/tools/misc-python/virtualenv.py')},
16:57:33     INFO -  'find_links': ('http://pypi.pvt.build.mozilla.org/pub',
16:57:33     INFO -                 'http://pypi.pub.build.mozilla.org/pub'),
16:57:33     INFO -  'log_level': 'info',
16:57:33     INFO -  'log_to_console': True,
16:57:33     INFO -  'opt_config_files': (),
16:57:33     INFO -  'options': ('--prefs-root=%(test_path)s/prefs',
16:57:33     INFO -              '--processes=1',
16:57:33     INFO -              '--config=%(test_path)s/wptrunner.ini',
16:57:33     INFO -              '--ca-cert-path=%(test_path)s/certs/cacert.pem',
16:57:33     INFO -              '--host-key-path=%(test_path)s/certs/web-platform.test.key',
16:57:33     INFO -              '--host-cert-path=%(test_path)s/certs/web-platform.test.pem',
16:57:33     INFO -              '--certutil-binary=%(test_install_path)s/bin/certutil'),
16:57:33     INFO -  'pip_index': False,
16:57:33     INFO -  'require_test_zip': True,
16:57:33     INFO -  'test_type': ('testharness',),
16:57:33     INFO -  'this_chunk': '2',
16:57:33     INFO -  'tooltool_cache': '/builds/tooltool_cache',
16:57:33     INFO -  'total_chunks': '5',
16:57:33     INFO -  'virtualenv_path': 'venv',
16:57:33     INFO -  'volatile_config': {'actions': None, 'add_actions': None, 'no_actions': None},
16:57:33     INFO -  'work_dir': 'build'}
16:57:33     INFO - [mozharness: 2018-06-08 23:57:33.851445Z] Running clobber step.
16:57:33     INFO - Running pre-action listener: _resource_record_pre_action
16:57:33     INFO - Running main action method: clobber
16:57:33     INFO - rmtree: /builds/slave/test/build
16:57:33     INFO - retry: Calling rmtree with args: ('/builds/slave/test/build',), kwargs: {}, attempt #1
16:57:36     INFO - Running post-action listener: _resource_record_post_action
16:57:36     INFO - [mozharness: 2018-06-08 23:57:36.816032Z] Finished clobber step (success)
16:57:36     INFO - [mozharness: 2018-06-08 23:57:36.816156Z] Running read-buildbot-config step.
16:57:36     INFO - Running pre-action listener: _resource_record_pre_action
16:57:36     INFO - Running main action method: read_buildbot_config
16:57:36     INFO - Using buildbot properties:
16:57:36     INFO - {
16:57:36     INFO -     "project": "", 
16:57:36     INFO -     "product": "firefox", 
16:57:36     INFO -     "script_repo_revision": "production", 
16:57:36     INFO -     "scheduler": "tests-mozilla-esr52-yosemite_r7-opt-unittest", 
16:57:36     INFO -     "repository": "", 
16:57:36     INFO -     "buildername": "Rev7 MacOSX Yosemite 10.10.5 mozilla-esr52 opt test web-platform-tests-2", 
16:57:36     INFO -     "buildid": "20180608150819", 
16:57:36     INFO -     "pgo_build": "False", 
16:57:36     INFO -     "basedir": "/builds/slave/test", 
16:57:36     INFO -     "buildnumber": 130, 
16:57:36     INFO -     "slavename": "t-yosemite-r7-0015", 
16:57:36     INFO -     "master": "http://buildbot-master106.bb.releng.scl3.mozilla.com:8201/", 
16:57:36     INFO -     "platform": "macosx64", 
16:57:36     INFO -     "branch": "mozilla-esr52", 
16:57:36     INFO -     "revision": "cbfdf01aac455e0591471201c96b89dee98190b5", 
16:57:36     INFO -     "repo_path": "releases/mozilla-esr52", 
16:57:36     INFO -     "moz_repo_path": "", 
16:57:36     INFO -     "stage_platform": "macosx64", 
16:57:36     INFO -     "builduid": "b298b373e93d4f8dbf92436c9ed838a2", 
16:57:36     INFO -     "slavebuilddir": "test"
16:57:36     INFO - }
16:57:36     INFO - Found installer url https://queue.taskcluster.net/v1/task/HHn8t6C8SBmHWYIFt5uc2A/artifacts/public/build/firefox-52.8.2.en-US.mac.dmg.
16:57:36     INFO - Found a test packages url https://queue.taskcluster.net/v1/task/HHn8t6C8SBmHWYIFt5uc2A/artifacts/public/build/firefox-52.8.2.en-US.mac.test_packages.json.
16:57:36     INFO - Running post-action listener: _resource_record_post_action
16:57:36     INFO - [mozharness: 2018-06-08 23:57:36.819642Z] Finished read-buildbot-config step (success)
16:57:36     INFO - [mozharness: 2018-06-08 23:57:36.819728Z] Running download-and-extract step.
16:57:36     INFO - Running pre-action listener: _resource_record_pre_action
16:57:36     INFO - Running main action method: download_and_extract
16:57:36     INFO - mkdir: /builds/slave/test/build/tests
16:57:36     INFO - Downloading https://queue.taskcluster.net/v1/task/HHn8t6C8SBmHWYIFt5uc2A/artifacts/public/build/firefox-52.8.2.en-US.mac.test_packages.json to /builds/slave/test/build/firefox-52.8.2.en-US.mac.test_packages.json
16:57:36     INFO - retry: Calling _download_file with args: (), kwargs: {'url': 'https://queue.taskcluster.net/v1/task/HHn8t6C8SBmHWYIFt5uc2A/artifacts/public/build/firefox-52.8.2.en-US.mac.test_packages.json', 'file_name': '/builds/slave/test/build/firefox-52.8.2.en-US.mac.test_packages.json'}, attempt #1
16:57:37     INFO - Downloaded 1199 bytes.
16:57:37     INFO - Reading from file /builds/slave/test/build/firefox-52.8.2.en-US.mac.test_packages.json
16:57:37     INFO - Using the following test package requirements:
16:57:37     INFO - {u'common': [u'firefox-52.8.2.en-US.mac.common.tests.zip'],
16:57:37     INFO -  u'cppunittest': [u'firefox-52.8.2.en-US.mac.common.tests.zip',
16:57:37     INFO -                   u'firefox-52.8.2.en-US.mac.cppunittest.tests.zip'],
16:57:37     INFO -  u'gtest': [u'firefox-52.8.2.en-US.mac.common.tests.zip',
16:57:37     INFO -             u'firefox-52.8.2.en-US.mac.gtest.tests.zip'],
16:57:37     INFO -  u'jittest': [u'firefox-52.8.2.en-US.mac.common.tests.zip',
16:57:37     INFO -               u'jsshell-mac.zip'],
16:57:37     INFO -  u'mochitest': [u'firefox-52.8.2.en-US.mac.common.tests.zip',
16:57:37     INFO -                 u'firefox-52.8.2.en-US.mac.mochitest.tests.zip'],
16:57:37     INFO -  u'mozbase': [u'firefox-52.8.2.en-US.mac.common.tests.zip'],
16:57:37     INFO -  u'reftest': [u'firefox-52.8.2.en-US.mac.common.tests.zip',
16:57:37     INFO -               u'firefox-52.8.2.en-US.mac.reftest.tests.zip'],
16:57:37     INFO -  u'talos': [u'firefox-52.8.2.en-US.mac.common.tests.zip',
16:57:37     INFO -             u'firefox-52.8.2.en-US.mac.talos.tests.zip'],
16:57:37     INFO -  u'web-platform': [u'firefox-52.8.2.en-US.mac.common.tests.zip',
16:57:37     INFO -                    u'firefox-52.8.2.en-US.mac.web-platform.tests.zip'],
16:57:37     INFO -  u'xpcshell': [u'firefox-52.8.2.en-US.mac.common.tests.zip',
16:57:37     INFO -                u'firefox-52.8.2.en-US.mac.xpcshell.tests.zip']}
16:57:37     INFO - Downloading packages: [u'firefox-52.8.2.en-US.mac.common.tests.zip', u'firefox-52.8.2.en-US.mac.web-platform.tests.zip'] for test suite category: web-platform
16:57:37     INFO - Adding 'mach' for extraction from common.tests zip file
16:57:37     INFO - Adding 'mozinfo.json' for extraction from common.tests zip file
16:57:37     INFO - Downloading and extracting to /builds/slave/test/build/tests these dirs bin/*, config/*, mozbase/*, marionette/*, tools/wptserve/*, web-platform/*, mach, mozinfo.json from https://queue.taskcluster.net/v1/task/HHn8t6C8SBmHWYIFt5uc2A/artifacts/public/build/firefox-52.8.2.en-US.mac.common.tests.zip
16:57:37     INFO - retry: Calling fetch_url_into_memory with args: (), kwargs: {'url': u'https://queue.taskcluster.net/v1/task/HHn8t6C8SBmHWYIFt5uc2A/artifacts/public/build/firefox-52.8.2.en-US.mac.common.tests.zip'}, attempt #1
16:57:37     INFO - Fetch https://queue.taskcluster.net/v1/task/HHn8t6C8SBmHWYIFt5uc2A/artifacts/public/build/firefox-52.8.2.en-US.mac.common.tests.zip into memory
16:57:38     INFO - Http code: 200
16:57:38     INFO - via: 1.1 4a55d86b7263f73c6817c7c25d4b3643.cloudfront.net (CloudFront)
16:57:38     INFO - x-amz-cf-id: d2H0Yg59xDrwuFEznDS9CpWYRVk1gcIpHrCbnhLegC5s9gDDmjF-pA==
16:57:38     INFO - x-amz-version-id: UkqyOZq8WNz45.a28JfbTxANLCd8IcMh
16:57:38     INFO - Expected file size: 16042780
16:57:38     INFO - Obtained file size: 16042780
16:57:39     INFO - Downloading and extracting to /builds/slave/test/build/tests these dirs bin/*, config/*, mozbase/*, marionette/*, tools/wptserve/*, web-platform/*, mach, mozinfo.json from https://queue.taskcluster.net/v1/task/HHn8t6C8SBmHWYIFt5uc2A/artifacts/public/build/firefox-52.8.2.en-US.mac.web-platform.tests.zip
16:57:39     INFO - retry: Calling fetch_url_into_memory with args: (), kwargs: {'url': u'https://queue.taskcluster.net/v1/task/HHn8t6C8SBmHWYIFt5uc2A/artifacts/public/build/firefox-52.8.2.en-US.mac.web-platform.tests.zip'}, attempt #1
16:57:39     INFO - Fetch https://queue.taskcluster.net/v1/task/HHn8t6C8SBmHWYIFt5uc2A/artifacts/public/build/firefox-52.8.2.en-US.mac.web-platform.tests.zip into memory
16:57:39     INFO - Http code: 200
16:57:39     INFO - via: 1.1 f46e4d7bc5419470a70eb57aa9c935c8.cloudfront.net (CloudFront)
16:57:39     INFO - x-amz-cf-id: LoPHQLFG7oH-_EcK6o8IKs5Z7mfzWIH6EykrywnIyPT_Sfg1QNuSHQ==
16:57:39     INFO - x-amz-version-id: LYQjhaKRipphfuxVrkIeZK5Lu4qhd5f6
16:57:40     INFO - Expected file size: 43270020
16:57:40     INFO - Obtained file size: 43270020
16:57:50     INFO - Downloading https://queue.taskcluster.net/v1/task/HHn8t6C8SBmHWYIFt5uc2A/artifacts/public/build/firefox-52.8.2.en-US.mac.dmg to /builds/slave/test/build/firefox-52.8.2.en-US.mac.dmg
16:57:50     INFO - retry: Calling _download_file with args: (), kwargs: {'url': 'https://queue.taskcluster.net/v1/task/HHn8t6C8SBmHWYIFt5uc2A/artifacts/public/build/firefox-52.8.2.en-US.mac.dmg', 'file_name': '/builds/slave/test/build/firefox-52.8.2.en-US.mac.dmg'}, attempt #1
16:57:53     INFO - Downloaded 82824028 bytes.
16:57:53     INFO - Setting buildbot property build_url to https://queue.taskcluster.net/v1/task/HHn8t6C8SBmHWYIFt5uc2A/artifacts/public/build/firefox-52.8.2.en-US.mac.dmg
16:57:53     INFO - mkdir: /builds/slave/test/properties
16:57:53     INFO - Writing buildbot properties ['build_url'] to /builds/slave/test/properties/build_url
16:57:53     INFO - Writing to file /builds/slave/test/properties/build_url
16:57:53     INFO - Contents:
16:57:53     INFO -  build_url:https://queue.taskcluster.net/v1/task/HHn8t6C8SBmHWYIFt5uc2A/artifacts/public/build/firefox-52.8.2.en-US.mac.dmg
16:57:53     INFO - Running post-action listener: _resource_record_post_action
16:57:53     INFO - Running post-action listener: set_extra_try_arguments
16:57:53     INFO - [mozharness: 2018-06-08 23:57:53.973623Z] Finished download-and-extract step (success)
16:57:53     INFO - [mozharness: 2018-06-08 23:57:53.973774Z] Running fetch-geckodriver step.
16:57:53     INFO - Running pre-action listener: _resource_record_pre_action
16:57:53     INFO - Running main action method: fetch_geckodriver
16:57:53     INFO - Running post-action listener: _resource_record_post_action
16:57:53     INFO - [mozharness: 2018-06-08 23:57:53.974229Z] Finished fetch-geckodriver step (success)
16:57:53     INFO - [mozharness: 2018-06-08 23:57:53.974346Z] Running create-virtualenv step.
16:57:53     INFO - Running pre-action listener: _pre_create_virtualenv
16:57:53     INFO - Running pre-action listener: _resource_record_pre_action
16:57:53     INFO - Running main action method: create_virtualenv
16:57:53     INFO - Creating virtualenv /builds/slave/test/build/venv
16:57:53     INFO - Running command: ['/tools/buildbot/bin/python', '/builds/slave/test/scripts/external_tools/virtualenv/virtualenv.py', '--always-copy', '/builds/slave/test/build/venv'] in /builds/slave/test/build
16:57:53     INFO - Copy/paste: /tools/buildbot/bin/python /builds/slave/test/scripts/external_tools/virtualenv/virtualenv.py --always-copy /builds/slave/test/build/venv
16:57:53     INFO - Using partial env: {'VIRTUALENV_NO_DOWNLOAD': '1'}
16:57:54     INFO -  Using real prefix '/tools/python27'
16:57:54     INFO -  New python executable in /builds/slave/test/build/venv/bin/python
16:57:56     INFO -  Installing setuptools, pip, wheel...done.
16:57:56     INFO - Return code: 0
16:57:56     INFO - Installing psutil>=3.1.1 into virtualenv /builds/slave/test/build/venv
16:57:56     INFO - retry: Calling run_command with args: [['/builds/slave/test/build/venv/bin/pip', 'install', '--timeout', '120', '--no-index', '--find-links', 'http://pypi.pvt.build.mozilla.org/pub', '--find-links', 'http://pypi.pub.build.mozilla.org/pub', '--trusted-host', 'pypi.pub.build.mozilla.org', '--trusted-host', 'pypi.pvt.build.mozilla.org', 'psutil>=3.1.1']], kwargs: {'error_level': 'warning', 'error_list': [{'substr': 'not found or a compiler error:', 'level': 'warning'}, {'regex': <_sre.SRE_Pattern object at 0x10e4fdb70>, 'level': 'error'}, {'regex': <_sre.SRE_Pattern object at 0x10e50dd50>, 'level': 'warning'}, {'regex': <_sre.SRE_Pattern object at 0x7f90704ba250>, 'level': 'debug'}, {'substr': 'command not found', 'level': 'error'}, {'regex': <_sre.SRE_Pattern object at 0x10e5265e0>, 'level': 'warning'}, {'substr': 'Traceback (most recent call last)', 'level': 'error'}, {'substr': 'SyntaxError: ', 'level': 'error'}, {'substr': 'TypeError: ', 'level': 'error'}, {'substr': 'NameError: ', 'level': 'error'}, {'substr': 'ZeroDivisionError: ', 'level': 'error'}, {'regex': <_sre.SRE_Pattern object at 0x10e4fb540>, 'level': 'critical'}, {'regex': <_sre.SRE_Pattern object at 0x10e485e40>, 'level': 'critical'}], 'cwd': '/builds/slave/test/build', 'env': {'VERSIONER_PYTHON_PREFER_32_BIT': 'no', 'LOGNAME': 'cltbld', 'USER': 'cltbld', 'XPC_SERVICE_NAME': '0', 'PATH': '/usr/local/sbin:/usr/local/bin:/usr/sbin:/usr/bin:/sbin:/bin:/usr/bin/X11', 'HOME': '/Users/cltbld', 'NO_EM_RESTART': '1', 'IDLEIZER_DISABLE_SHUTDOWN': 'true', 'XPCOM_DEBUG_BREAK': 'warn', 'Apple_PubSub_Socket_Render': '/private/tmp/com.apple.launchd.wRe1tKHvRs/Render', 'MOZ_NODE_PATH': '/usr/local/bin/node', 'TWISTD_LOG_PATH': '/builds/slave/twistd.log', 'GIT_SHARE_BASE_DIR': '/builds/git-shared', 'VERSIONER_PYTHON_VERSION': '2.7', 'XPC_FLAGS': '0x0', 'NO_FAIL_ON_TEST_ERRORS': '1', 'HG_SHARE_BASE_DIR': '/builds/hg-shared', 'RUNNER_CONFIG_CMD': '/opt/runner/bin/python2.7 /opt/runner/bin/runner -c /opt/runner/runner.cfg', 'MOZ_NO_REMOTE': '1', 'MOZ_HIDE_RESULTS_TABLE': '1', 'SSH_AUTH_SOCK': '/private/tmp/com.apple.launchd.iYJiJ99ft3/Listeners', 'SHELL': '/bin/bash', 'TMPDIR': '/var/folders/tr/w5h3k_vj5g92sq767b3y6v8w00000w/T/', '__CF_USER_TEXT_ENCODING': '0x1C:0:0', 'PWD': '/builds/slave/test', 'PROPERTIES_FILE': '/builds/slave/test/buildprops.json'}}, attempt #1
16:57:56     INFO - Running command: ['/builds/slave/test/build/venv/bin/pip', 'install', '--timeout', '120', '--no-index', '--find-links', 'http://pypi.pvt.build.mozilla.org/pub', '--find-links', 'http://pypi.pub.build.mozilla.org/pub', '--trusted-host', 'pypi.pub.build.mozilla.org', '--trusted-host', 'pypi.pvt.build.mozilla.org', 'psutil>=3.1.1'] in /builds/slave/test/build
16:57:56     INFO - Copy/paste: /builds/slave/test/build/venv/bin/pip install --timeout 120 --no-index --find-links http://pypi.pvt.build.mozilla.org/pub --find-links http://pypi.pub.build.mozilla.org/pub --trusted-host pypi.pub.build.mozilla.org --trusted-host pypi.pvt.build.mozilla.org psutil>=3.1.1
16:57:56     INFO - Using env: {'Apple_PubSub_Socket_Render': '/private/tmp/com.apple.launchd.wRe1tKHvRs/Render',
16:57:56     INFO -  'GIT_SHARE_BASE_DIR': '/builds/git-shared',
16:57:56     INFO -  'HG_SHARE_BASE_DIR': '/builds/hg-shared',
16:57:56     INFO -  'HOME': '/Users/cltbld',
16:57:56     INFO -  'IDLEIZER_DISABLE_SHUTDOWN': 'true',
16:57:56     INFO -  'LOGNAME': 'cltbld',
16:57:56     INFO -  'MOZ_HIDE_RESULTS_TABLE': '1',
16:57:56     INFO -  'MOZ_NODE_PATH': '/usr/local/bin/node',
16:57:56     INFO -  'MOZ_NO_REMOTE': '1',
16:57:56     INFO -  'NO_EM_RESTART': '1',
16:57:56     INFO -  'NO_FAIL_ON_TEST_ERRORS': '1',
16:57:56     INFO -  'PATH': '/usr/local/sbin:/usr/local/bin:/usr/sbin:/usr/bin:/sbin:/bin:/usr/bin/X11',
16:57:56     INFO -  'PROPERTIES_FILE': '/builds/slave/test/buildprops.json',
16:57:56     INFO -  'PWD': '/builds/slave/test',
16:57:56     INFO -  'RUNNER_CONFIG_CMD': '/opt/runner/bin/python2.7 /opt/runner/bin/runner -c /opt/runner/runner.cfg',
16:57:56     INFO -  'SHELL': '/bin/bash',
16:57:56     INFO -  'SSH_AUTH_SOCK': '/private/tmp/com.apple.launchd.iYJiJ99ft3/Listeners',
16:57:56     INFO -  'TMPDIR': '/var/folders/tr/w5h3k_vj5g92sq767b3y6v8w00000w/T/',
16:57:56     INFO -  'TWISTD_LOG_PATH': '/builds/slave/twistd.log',
16:57:56     INFO -  'USER': 'cltbld',
16:57:56     INFO -  'VERSIONER_PYTHON_PREFER_32_BIT': 'no',
16:57:56     INFO -  'VERSIONER_PYTHON_VERSION': '2.7',
16:57:56     INFO -  'XPCOM_DEBUG_BREAK': 'warn',
16:57:56     INFO -  'XPC_FLAGS': '0x0',
16:57:56     INFO -  'XPC_SERVICE_NAME': '0',
16:57:56     INFO -  '__CF_USER_TEXT_ENCODING': '0x1C:0:0'}
16:57:56     INFO -  Ignoring indexes: https://pypi.python.org/simple
16:57:56     INFO -  Collecting psutil>=3.1.1
16:57:56     INFO -  /builds/slave/test/build/venv/lib/python2.7/site-packages/pip/_vendor/requests/packages/urllib3/util/ssl_.py:318: SNIMissingWarning: An HTTPS request has been made, but the SNI (Subject Name Indication) extension to TLS is not available on this platform. This may cause the server to present an incorrect TLS certificate, which can cause validation failures. You can upgrade to a newer version of Python to solve this. For more information, see https://urllib3.readthedocs.org/en/latest/security.html#snimissingwarning.
16:57:56     INFO -    SNIMissingWarning
16:57:56     INFO -  /builds/slave/test/build/venv/lib/python2.7/site-packages/pip/_vendor/requests/packages/urllib3/util/ssl_.py:122: InsecurePlatformWarning: A true SSLContext object is not available. This prevents urllib3 from configuring SSL appropriately and may cause certain SSL connections to fail. You can upgrade to a newer version of Python to solve this. For more information, see https://urllib3.readthedocs.org/en/latest/security.html#insecureplatformwarning.
16:57:56     INFO -    InsecurePlatformWarning
16:57:57     INFO -  /builds/slave/test/build/venv/lib/python2.7/site-packages/pip/_vendor/requests/packages/urllib3/util/ssl_.py:122: InsecurePlatformWarning: A true SSLContext object is not available. This prevents urllib3 from configuring SSL appropriately and may cause certain SSL connections to fail. You can upgrade to a newer version of Python to solve this. For more information, see https://urllib3.readthedocs.org/en/latest/security.html#insecureplatformwarning.
16:57:57     INFO -    InsecurePlatformWarning
16:57:59     INFO -  Installing collected packages: psutil
16:58:00     INFO -  Successfully installed psutil-5.4.3
16:58:00     INFO - Return code: 0
16:58:00     INFO - Installing mozsystemmonitor==0.3 into virtualenv /builds/slave/test/build/venv
16:58:00     INFO - retry: Calling run_command with args: [['/builds/slave/test/build/venv/bin/pip', 'install', '--timeout', '120', '--no-index', '--find-links', 'http://pypi.pvt.build.mozilla.org/pub', '--find-links', 'http://pypi.pub.build.mozilla.org/pub', '--trusted-host', 'pypi.pub.build.mozilla.org', '--trusted-host', 'pypi.pvt.build.mozilla.org', 'mozsystemmonitor==0.3']], kwargs: {'error_level': 'warning', 'error_list': [{'substr': 'not found or a compiler error:', 'level': 'warning'}, {'regex': <_sre.SRE_Pattern object at 0x10e4fdb70>, 'level': 'error'}, {'regex': <_sre.SRE_Pattern object at 0x10e50dd50>, 'level': 'warning'}, {'regex': <_sre.SRE_Pattern object at 0x7f90704ba250>, 'level': 'debug'}, {'substr': 'command not found', 'level': 'error'}, {'regex': <_sre.SRE_Pattern object at 0x10e5265e0>, 'level': 'warning'}, {'substr': 'Traceback (most recent call last)', 'level': 'error'}, {'substr': 'SyntaxError: ', 'level': 'error'}, {'substr': 'TypeError: ', 'level': 'error'}, {'substr': 'NameError: ', 'level': 'error'}, {'substr': 'ZeroDivisionError: ', 'level': 'error'}, {'regex': <_sre.SRE_Pattern object at 0x10e4fb540>, 'level': 'critical'}, {'regex': <_sre.SRE_Pattern object at 0x10e485e40>, 'level': 'critical'}], 'cwd': '/builds/slave/test/build', 'env': {'VERSIONER_PYTHON_PREFER_32_BIT': 'no', 'LOGNAME': 'cltbld', 'USER': 'cltbld', 'XPC_SERVICE_NAME': '0', 'PATH': '/usr/local/sbin:/usr/local/bin:/usr/sbin:/usr/bin:/sbin:/bin:/usr/bin/X11', 'HOME': '/Users/cltbld', 'NO_EM_RESTART': '1', 'IDLEIZER_DISABLE_SHUTDOWN': 'true', 'XPCOM_DEBUG_BREAK': 'warn', 'Apple_PubSub_Socket_Render': '/private/tmp/com.apple.launchd.wRe1tKHvRs/Render', 'MOZ_NODE_PATH': '/usr/local/bin/node', 'TWISTD_LOG_PATH': '/builds/slave/twistd.log', 'GIT_SHARE_BASE_DIR': '/builds/git-shared', 'VERSIONER_PYTHON_VERSION': '2.7', 'XPC_FLAGS': '0x0', 'NO_FAIL_ON_TEST_ERRORS': '1', 'HG_SHARE_BASE_DIR': '/builds/hg-shared', 'RUNNER_CONFIG_CMD': '/opt/runner/bin/python2.7 /opt/runner/bin/runner -c /opt/runner/runner.cfg', 'MOZ_NO_REMOTE': '1', 'MOZ_HIDE_RESULTS_TABLE': '1', 'SSH_AUTH_SOCK': '/private/tmp/com.apple.launchd.iYJiJ99ft3/Listeners', 'SHELL': '/bin/bash', 'TMPDIR': '/var/folders/tr/w5h3k_vj5g92sq767b3y6v8w00000w/T/', '__CF_USER_TEXT_ENCODING': '0x1C:0:0', 'PWD': '/builds/slave/test', 'PROPERTIES_FILE': '/builds/slave/test/buildprops.json'}}, attempt #1
16:58:00     INFO - Running command: ['/builds/slave/test/build/venv/bin/pip', 'install', '--timeout', '120', '--no-index', '--find-links', 'http://pypi.pvt.build.mozilla.org/pub', '--find-links', 'http://pypi.pub.build.mozilla.org/pub', '--trusted-host', 'pypi.pub.build.mozilla.org', '--trusted-host', 'pypi.pvt.build.mozilla.org', 'mozsystemmonitor==0.3'] in /builds/slave/test/build
16:58:00     INFO - Copy/paste: /builds/slave/test/build/venv/bin/pip install --timeout 120 --no-index --find-links http://pypi.pvt.build.mozilla.org/pub --find-links http://pypi.pub.build.mozilla.org/pub --trusted-host pypi.pub.build.mozilla.org --trusted-host pypi.pvt.build.mozilla.org mozsystemmonitor==0.3
16:58:00     INFO - Using env: {'Apple_PubSub_Socket_Render': '/private/tmp/com.apple.launchd.wRe1tKHvRs/Render',
16:58:00     INFO -  'GIT_SHARE_BASE_DIR': '/builds/git-shared',
16:58:00     INFO -  'HG_SHARE_BASE_DIR': '/builds/hg-shared',
16:58:00     INFO -  'HOME': '/Users/cltbld',
16:58:00     INFO -  'IDLEIZER_DISABLE_SHUTDOWN': 'true',
16:58:00     INFO -  'LOGNAME': 'cltbld',
16:58:00     INFO -  'MOZ_HIDE_RESULTS_TABLE': '1',
16:58:00     INFO -  'MOZ_NODE_PATH': '/usr/local/bin/node',
16:58:00     INFO -  'MOZ_NO_REMOTE': '1',
16:58:00     INFO -  'NO_EM_RESTART': '1',
16:58:00     INFO -  'NO_FAIL_ON_TEST_ERRORS': '1',
16:58:00     INFO -  'PATH': '/usr/local/sbin:/usr/local/bin:/usr/sbin:/usr/bin:/sbin:/bin:/usr/bin/X11',
16:58:00     INFO -  'PROPERTIES_FILE': '/builds/slave/test/buildprops.json',
16:58:00     INFO -  'PWD': '/builds/slave/test',
16:58:00     INFO -  'RUNNER_CONFIG_CMD': '/opt/runner/bin/python2.7 /opt/runner/bin/runner -c /opt/runner/runner.cfg',
16:58:00     INFO -  'SHELL': '/bin/bash',
16:58:00     INFO -  'SSH_AUTH_SOCK': '/private/tmp/com.apple.launchd.iYJiJ99ft3/Listeners',
16:58:00     INFO -  'TMPDIR': '/var/folders/tr/w5h3k_vj5g92sq767b3y6v8w00000w/T/',
16:58:00     INFO -  'TWISTD_LOG_PATH': '/builds/slave/twistd.log',
16:58:00     INFO -  'USER': 'cltbld',
16:58:00     INFO -  'VERSIONER_PYTHON_PREFER_32_BIT': 'no',
16:58:00     INFO -  'VERSIONER_PYTHON_VERSION': '2.7',
16:58:00     INFO -  'XPCOM_DEBUG_BREAK': 'warn',
16:58:00     INFO -  'XPC_FLAGS': '0x0',
16:58:00     INFO -  'XPC_SERVICE_NAME': '0',
16:58:00     INFO -  '__CF_USER_TEXT_ENCODING': '0x1C:0:0'}
16:58:00     INFO -  Ignoring indexes: https://pypi.python.org/simple
16:58:00     INFO -  Collecting mozsystemmonitor==0.3
16:58:00     INFO -  /builds/slave/test/build/venv/lib/python2.7/site-packages/pip/_vendor/requests/packages/urllib3/util/ssl_.py:318: SNIMissingWarning: An HTTPS request has been made, but the SNI (Subject Name Indication) extension to TLS is not available on this platform. This may cause the server to present an incorrect TLS certificate, which can cause validation failures. You can upgrade to a newer version of Python to solve this. For more information, see https://urllib3.readthedocs.org/en/latest/security.html#snimissingwarning.
16:58:00     INFO -    SNIMissingWarning
16:58:00     INFO -  /builds/slave/test/build/venv/lib/python2.7/site-packages/pip/_vendor/requests/packages/urllib3/util/ssl_.py:122: InsecurePlatformWarning: A true SSLContext object is not available. This prevents urllib3 from configuring SSL appropriately and may cause certain SSL connections to fail. You can upgrade to a newer version of Python to solve this. For more information, see https://urllib3.readthedocs.org/en/latest/security.html#insecureplatformwarning.
16:58:00     INFO -    InsecurePlatformWarning
16:58:01     INFO -  /builds/slave/test/build/venv/lib/python2.7/site-packages/pip/_vendor/requests/packages/urllib3/util/ssl_.py:122: InsecurePlatformWarning: A true SSLContext object is not available. This prevents urllib3 from configuring SSL appropriately and may cause certain SSL connections to fail. You can upgrade to a newer version of Python to solve this. For more information, see https://urllib3.readthedocs.org/en/latest/security.html#insecureplatformwarning.
16:58:01     INFO -    InsecurePlatformWarning
16:58:03     INFO -  Requirement already satisfied (use --upgrade to upgrade): psutil>=3.1.1 in ./venv/lib/python2.7/site-packages (from mozsystemmonitor==0.3)
16:58:03     INFO -  Installing collected packages: mozsystemmonitor
16:58:03     INFO -  Successfully installed mozsystemmonitor-0.3
16:58:03     INFO - Return code: 0
16:58:03     INFO - Installing jsonschema==2.5.1 into virtualenv /builds/slave/test/build/venv
16:58:03     INFO - retry: Calling run_command with args: [['/builds/slave/test/build/venv/bin/pip', 'install', '--timeout', '120', '--no-index', '--find-links', 'http://pypi.pvt.build.mozilla.org/pub', '--find-links', 'http://pypi.pub.build.mozilla.org/pub', '--trusted-host', 'pypi.pub.build.mozilla.org', '--trusted-host', 'pypi.pvt.build.mozilla.org', 'jsonschema==2.5.1']], kwargs: {'error_level': 'warning', 'error_list': [{'substr': 'not found or a compiler error:', 'level': 'warning'}, {'regex': <_sre.SRE_Pattern object at 0x10e4fdb70>, 'level': 'error'}, {'regex': <_sre.SRE_Pattern object at 0x10e50dd50>, 'level': 'warning'}, {'regex': <_sre.SRE_Pattern object at 0x7f90704ba250>, 'level': 'debug'}, {'substr': 'command not found', 'level': 'error'}, {'regex': <_sre.SRE_Pattern object at 0x10e5265e0>, 'level': 'warning'}, {'substr': 'Traceback (most recent call last)', 'level': 'error'}, {'substr': 'SyntaxError: ', 'level': 'error'}, {'substr': 'TypeError: ', 'level': 'error'}, {'substr': 'NameError: ', 'level': 'error'}, {'substr': 'ZeroDivisionError: ', 'level': 'error'}, {'regex': <_sre.SRE_Pattern object at 0x10e4fb540>, 'level': 'critical'}, {'regex': <_sre.SRE_Pattern object at 0x10e485e40>, 'level': 'critical'}], 'cwd': '/builds/slave/test/build', 'env': {'VERSIONER_PYTHON_PREFER_32_BIT': 'no', 'LOGNAME': 'cltbld', 'USER': 'cltbld', 'XPC_SERVICE_NAME': '0', 'PATH': '/usr/local/sbin:/usr/local/bin:/usr/sbin:/usr/bin:/sbin:/bin:/usr/bin/X11', 'HOME': '/Users/cltbld', 'NO_EM_RESTART': '1', 'IDLEIZER_DISABLE_SHUTDOWN': 'true', 'XPCOM_DEBUG_BREAK': 'warn', 'Apple_PubSub_Socket_Render': '/private/tmp/com.apple.launchd.wRe1tKHvRs/Render', 'MOZ_NODE_PATH': '/usr/local/bin/node', 'TWISTD_LOG_PATH': '/builds/slave/twistd.log', 'GIT_SHARE_BASE_DIR': '/builds/git-shared', 'VERSIONER_PYTHON_VERSION': '2.7', 'XPC_FLAGS': '0x0', 'NO_FAIL_ON_TEST_ERRORS': '1', 'HG_SHARE_BASE_DIR': '/builds/hg-shared', 'RUNNER_CONFIG_CMD': '/opt/runner/bin/python2.7 /opt/runner/bin/runner -c /opt/runner/runner.cfg', 'MOZ_NO_REMOTE': '1', 'MOZ_HIDE_RESULTS_TABLE': '1', 'SSH_AUTH_SOCK': '/private/tmp/com.apple.launchd.iYJiJ99ft3/Listeners', 'SHELL': '/bin/bash', 'TMPDIR': '/var/folders/tr/w5h3k_vj5g92sq767b3y6v8w00000w/T/', '__CF_USER_TEXT_ENCODING': '0x1C:0:0', 'PWD': '/builds/slave/test', 'PROPERTIES_FILE': '/builds/slave/test/buildprops.json'}}, attempt #1
16:58:03     INFO - Running command: ['/builds/slave/test/build/venv/bin/pip', 'install', '--timeout', '120', '--no-index', '--find-links', 'http://pypi.pvt.build.mozilla.org/pub', '--find-links', 'http://pypi.pub.build.mozilla.org/pub', '--trusted-host', 'pypi.pub.build.mozilla.org', '--trusted-host', 'pypi.pvt.build.mozilla.org', 'jsonschema==2.5.1'] in /builds/slave/test/build
16:58:03     INFO - Copy/paste: /builds/slave/test/build/venv/bin/pip install --timeout 120 --no-index --find-links http://pypi.pvt.build.mozilla.org/pub --find-links http://pypi.pub.build.mozilla.org/pub --trusted-host pypi.pub.build.mozilla.org --trusted-host pypi.pvt.build.mozilla.org jsonschema==2.5.1
16:58:03     INFO - Using env: {'Apple_PubSub_Socket_Render': '/private/tmp/com.apple.launchd.wRe1tKHvRs/Render',
16:58:03     INFO -  'GIT_SHARE_BASE_DIR': '/builds/git-shared',
16:58:03     INFO -  'HG_SHARE_BASE_DIR': '/builds/hg-shared',
16:58:03     INFO -  'HOME': '/Users/cltbld',
16:58:03     INFO -  'IDLEIZER_DISABLE_SHUTDOWN': 'true',
16:58:03     INFO -  'LOGNAME': 'cltbld',
16:58:03     INFO -  'MOZ_HIDE_RESULTS_TABLE': '1',
16:58:03     INFO -  'MOZ_NODE_PATH': '/usr/local/bin/node',
16:58:03     INFO -  'MOZ_NO_REMOTE': '1',
16:58:03     INFO -  'NO_EM_RESTART': '1',
16:58:03     INFO -  'NO_FAIL_ON_TEST_ERRORS': '1',
16:58:03     INFO -  'PATH': '/usr/local/sbin:/usr/local/bin:/usr/sbin:/usr/bin:/sbin:/bin:/usr/bin/X11',
16:58:03     INFO -  'PROPERTIES_FILE': '/builds/slave/test/buildprops.json',
16:58:03     INFO -  'PWD': '/builds/slave/test',
16:58:03     INFO -  'RUNNER_CONFIG_CMD': '/opt/runner/bin/python2.7 /opt/runner/bin/runner -c /opt/runner/runner.cfg',
16:58:03     INFO -  'SHELL': '/bin/bash',
16:58:03     INFO -  'SSH_AUTH_SOCK': '/private/tmp/com.apple.launchd.iYJiJ99ft3/Listeners',
16:58:03     INFO -  'TMPDIR': '/var/folders/tr/w5h3k_vj5g92sq767b3y6v8w00000w/T/',
16:58:03     INFO -  'TWISTD_LOG_PATH': '/builds/slave/twistd.log',
16:58:03     INFO -  'USER': 'cltbld',
16:58:03     INFO -  'VERSIONER_PYTHON_PREFER_32_BIT': 'no',
16:58:03     INFO -  'VERSIONER_PYTHON_VERSION': '2.7',
16:58:03     INFO -  'XPCOM_DEBUG_BREAK': 'warn',
16:58:03     INFO -  'XPC_FLAGS': '0x0',
16:58:03     INFO -  'XPC_SERVICE_NAME': '0',
16:58:03     INFO -  '__CF_USER_TEXT_ENCODING': '0x1C:0:0'}
16:58:03     INFO -  Ignoring indexes: https://pypi.python.org/simple
16:58:03     INFO -  Collecting jsonschema==2.5.1
16:58:03     INFO -  /builds/slave/test/build/venv/lib/python2.7/site-packages/pip/_vendor/requests/packages/urllib3/util/ssl_.py:318: SNIMissingWarning: An HTTPS request has been made, but the SNI (Subject Name Indication) extension to TLS is not available on this platform. This may cause the server to present an incorrect TLS certificate, which can cause validation failures. You can upgrade to a newer version of Python to solve this. For more information, see https://urllib3.readthedocs.org/en/latest/security.html#snimissingwarning.
16:58:03     INFO -    SNIMissingWarning
16:58:03     INFO -  /builds/slave/test/build/venv/lib/python2.7/site-packages/pip/_vendor/requests/packages/urllib3/util/ssl_.py:122: InsecurePlatformWarning: A true SSLContext object is not available. This prevents urllib3 from configuring SSL appropriately and may cause certain SSL connections to fail. You can upgrade to a newer version of Python to solve this. For more information, see https://urllib3.readthedocs.org/en/latest/security.html#insecureplatformwarning.
16:58:03     INFO -    InsecurePlatformWarning
16:58:04     INFO -  /builds/slave/test/build/venv/lib/python2.7/site-packages/pip/_vendor/requests/packages/urllib3/util/ssl_.py:122: InsecurePlatformWarning: A true SSLContext object is not available. This prevents urllib3 from configuring SSL appropriately and may cause certain SSL connections to fail. You can upgrade to a newer version of Python to solve this. For more information, see https://urllib3.readthedocs.org/en/latest/security.html#insecureplatformwarning.
16:58:04     INFO -    InsecurePlatformWarning
16:58:06     INFO -    Downloading https://pypi.pvt.build.mozilla.org/pub/jsonschema-2.5.1-py2.py3-none-any.whl
16:58:06     INFO -  Collecting functools32; python_version == "2.7" (from jsonschema==2.5.1)
16:58:09     INFO -  Installing collected packages: functools32, jsonschema
16:58:09     INFO -  Successfully installed functools32-3.2.3.post2 jsonschema-2.5.1
16:58:09     INFO - Return code: 0
16:58:09     INFO - Installing functools32==3.2.3-2 into virtualenv /builds/slave/test/build/venv
16:58:09     INFO - retry: Calling run_command with args: [['/builds/slave/test/build/venv/bin/pip', 'install', '--timeout', '120', '--no-index', '--find-links', 'http://pypi.pvt.build.mozilla.org/pub', '--find-links', 'http://pypi.pub.build.mozilla.org/pub', '--trusted-host', 'pypi.pub.build.mozilla.org', '--trusted-host', 'pypi.pvt.build.mozilla.org', 'functools32==3.2.3-2']], kwargs: {'error_level': 'warning', 'error_list': [{'substr': 'not found or a compiler error:', 'level': 'warning'}, {'regex': <_sre.SRE_Pattern object at 0x10e4fdb70>, 'level': 'error'}, {'regex': <_sre.SRE_Pattern object at 0x10e50dd50>, 'level': 'warning'}, {'regex': <_sre.SRE_Pattern object at 0x7f90704ba250>, 'level': 'debug'}, {'substr': 'command not found', 'level': 'error'}, {'regex': <_sre.SRE_Pattern object at 0x10e5265e0>, 'level': 'warning'}, {'substr': 'Traceback (most recent call last)', 'level': 'error'}, {'substr': 'SyntaxError: ', 'level': 'error'}, {'substr': 'TypeError: ', 'level': 'error'}, {'substr': 'NameError: ', 'level': 'error'}, {'substr': 'ZeroDivisionError: ', 'level': 'error'}, {'regex': <_sre.SRE_Pattern object at 0x10e4fb540>, 'level': 'critical'}, {'regex': <_sre.SRE_Pattern object at 0x10e485e40>, 'level': 'critical'}], 'cwd': '/builds/slave/test/build', 'env': {'VERSIONER_PYTHON_PREFER_32_BIT': 'no', 'LOGNAME': 'cltbld', 'USER': 'cltbld', 'XPC_SERVICE_NAME': '0', 'PATH': '/usr/local/sbin:/usr/local/bin:/usr/sbin:/usr/bin:/sbin:/bin:/usr/bin/X11', 'HOME': '/Users/cltbld', 'NO_EM_RESTART': '1', 'IDLEIZER_DISABLE_SHUTDOWN': 'true', 'XPCOM_DEBUG_BREAK': 'warn', 'Apple_PubSub_Socket_Render': '/private/tmp/com.apple.launchd.wRe1tKHvRs/Render', 'MOZ_NODE_PATH': '/usr/local/bin/node', 'TWISTD_LOG_PATH': '/builds/slave/twistd.log', 'GIT_SHARE_BASE_DIR': '/builds/git-shared', 'VERSIONER_PYTHON_VERSION': '2.7', 'XPC_FLAGS': '0x0', 'NO_FAIL_ON_TEST_ERRORS': '1', 'HG_SHARE_BASE_DIR': '/builds/hg-shared', 'RUNNER_CONFIG_CMD': '/opt/runner/bin/python2.7 /opt/runner/bin/runner -c /opt/runner/runner.cfg', 'MOZ_NO_REMOTE': '1', 'MOZ_HIDE_RESULTS_TABLE': '1', 'SSH_AUTH_SOCK': '/private/tmp/com.apple.launchd.iYJiJ99ft3/Listeners', 'SHELL': '/bin/bash', 'TMPDIR': '/var/folders/tr/w5h3k_vj5g92sq767b3y6v8w00000w/T/', '__CF_USER_TEXT_ENCODING': '0x1C:0:0', 'PWD': '/builds/slave/test', 'PROPERTIES_FILE': '/builds/slave/test/buildprops.json'}}, attempt #1
16:58:09     INFO - Running command: ['/builds/slave/test/build/venv/bin/pip', 'install', '--timeout', '120', '--no-index', '--find-links', 'http://pypi.pvt.build.mozilla.org/pub', '--find-links', 'http://pypi.pub.build.mozilla.org/pub', '--trusted-host', 'pypi.pub.build.mozilla.org', '--trusted-host', 'pypi.pvt.build.mozilla.org', 'functools32==3.2.3-2'] in /builds/slave/test/build
16:58:09     INFO - Copy/paste: /builds/slave/test/build/venv/bin/pip install --timeout 120 --no-index --find-links http://pypi.pvt.build.mozilla.org/pub --find-links http://pypi.pub.build.mozilla.org/pub --trusted-host pypi.pub.build.mozilla.org --trusted-host pypi.pvt.build.mozilla.org functools32==3.2.3-2
16:58:09     INFO - Using env: {'Apple_PubSub_Socket_Render': '/private/tmp/com.apple.launchd.wRe1tKHvRs/Render',
16:58:09     INFO -  'GIT_SHARE_BASE_DIR': '/builds/git-shared',
16:58:09     INFO -  'HG_SHARE_BASE_DIR': '/builds/hg-shared',
16:58:09     INFO -  'HOME': '/Users/cltbld',
16:58:09     INFO -  'IDLEIZER_DISABLE_SHUTDOWN': 'true',
16:58:09     INFO -  'LOGNAME': 'cltbld',
16:58:09     INFO -  'MOZ_HIDE_RESULTS_TABLE': '1',
16:58:09     INFO -  'MOZ_NODE_PATH': '/usr/local/bin/node',
16:58:09     INFO -  'MOZ_NO_REMOTE': '1',
16:58:09     INFO -  'NO_EM_RESTART': '1',
16:58:09     INFO -  'NO_FAIL_ON_TEST_ERRORS': '1',
16:58:09     INFO -  'PATH': '/usr/local/sbin:/usr/local/bin:/usr/sbin:/usr/bin:/sbin:/bin:/usr/bin/X11',
16:58:09     INFO -  'PROPERTIES_FILE': '/builds/slave/test/buildprops.json',
16:58:09     INFO -  'PWD': '/builds/slave/test',
16:58:09     INFO -  'RUNNER_CONFIG_CMD': '/opt/runner/bin/python2.7 /opt/runner/bin/runner -c /opt/runner/runner.cfg',
16:58:09     INFO -  'SHELL': '/bin/bash',
16:58:09     INFO -  'SSH_AUTH_SOCK': '/private/tmp/com.apple.launchd.iYJiJ99ft3/Listeners',
16:58:09     INFO -  'TMPDIR': '/var/folders/tr/w5h3k_vj5g92sq767b3y6v8w00000w/T/',
16:58:09     INFO -  'TWISTD_LOG_PATH': '/builds/slave/twistd.log',
16:58:09     INFO -  'USER': 'cltbld',
16:58:09     INFO -  'VERSIONER_PYTHON_PREFER_32_BIT': 'no',
16:58:09     INFO -  'VERSIONER_PYTHON_VERSION': '2.7',
16:58:09     INFO -  'XPCOM_DEBUG_BREAK': 'warn',
16:58:09     INFO -  'XPC_FLAGS': '0x0',
16:58:09     INFO -  'XPC_SERVICE_NAME': '0',
16:58:09     INFO -  '__CF_USER_TEXT_ENCODING': '0x1C:0:0'}
16:58:09     INFO -  Ignoring indexes: https://pypi.python.org/simple
16:58:09     INFO -  Requirement already satisfied (use --upgrade to upgrade): functools32==3.2.3-2 in ./venv/lib/python2.7/site-packages
16:58:09     INFO - Return code: 0
16:58:09     INFO - Installing blobuploader==1.2.4 into virtualenv /builds/slave/test/build/venv
16:58:09     INFO - retry: Calling run_command with args: [['/builds/slave/test/build/venv/bin/pip', 'install', '--timeout', '120', '--no-index', '--find-links', 'http://pypi.pvt.build.mozilla.org/pub', '--find-links', 'http://pypi.pub.build.mozilla.org/pub', '--trusted-host', 'pypi.pub.build.mozilla.org', '--trusted-host', 'pypi.pvt.build.mozilla.org', 'blobuploader==1.2.4']], kwargs: {'error_level': 'warning', 'error_list': [{'substr': 'not found or a compiler error:', 'level': 'warning'}, {'regex': <_sre.SRE_Pattern object at 0x10e4fdb70>, 'level': 'error'}, {'regex': <_sre.SRE_Pattern object at 0x10e50dd50>, 'level': 'warning'}, {'regex': <_sre.SRE_Pattern object at 0x7f90704ba250>, 'level': 'debug'}, {'substr': 'command not found', 'level': 'error'}, {'regex': <_sre.SRE_Pattern object at 0x10e5265e0>, 'level': 'warning'}, {'substr': 'Traceback (most recent call last)', 'level': 'error'}, {'substr': 'SyntaxError: ', 'level': 'error'}, {'substr': 'TypeError: ', 'level': 'error'}, {'substr': 'NameError: ', 'level': 'error'}, {'substr': 'ZeroDivisionError: ', 'level': 'error'}, {'regex': <_sre.SRE_Pattern object at 0x10e4fb540>, 'level': 'critical'}, {'regex': <_sre.SRE_Pattern object at 0x10e485e40>, 'level': 'critical'}], 'cwd': '/builds/slave/test/build', 'env': {'VERSIONER_PYTHON_PREFER_32_BIT': 'no', 'LOGNAME': 'cltbld', 'USER': 'cltbld', 'XPC_SERVICE_NAME': '0', 'PATH': '/usr/local/sbin:/usr/local/bin:/usr/sbin:/usr/bin:/sbin:/bin:/usr/bin/X11', 'HOME': '/Users/cltbld', 'NO_EM_RESTART': '1', 'IDLEIZER_DISABLE_SHUTDOWN': 'true', 'XPCOM_DEBUG_BREAK': 'warn', 'Apple_PubSub_Socket_Render': '/private/tmp/com.apple.launchd.wRe1tKHvRs/Render', 'MOZ_NODE_PATH': '/usr/local/bin/node', 'TWISTD_LOG_PATH': '/builds/slave/twistd.log', 'GIT_SHARE_BASE_DIR': '/builds/git-shared', 'VERSIONER_PYTHON_VERSION': '2.7', 'XPC_FLAGS': '0x0', 'NO_FAIL_ON_TEST_ERRORS': '1', 'HG_SHARE_BASE_DIR': '/builds/hg-shared', 'RUNNER_CONFIG_CMD': '/opt/runner/bin/python2.7 /opt/runner/bin/runner -c /opt/runner/runner.cfg', 'MOZ_NO_REMOTE': '1', 'MOZ_HIDE_RESULTS_TABLE': '1', 'SSH_AUTH_SOCK': '/private/tmp/com.apple.launchd.iYJiJ99ft3/Listeners', 'SHELL': '/bin/bash', 'TMPDIR': '/var/folders/tr/w5h3k_vj5g92sq767b3y6v8w00000w/T/', '__CF_USER_TEXT_ENCODING': '0x1C:0:0', 'PWD': '/builds/slave/test', 'PROPERTIES_FILE': '/builds/slave/test/buildprops.json'}}, attempt #1
16:58:09     INFO - Running command: ['/builds/slave/test/build/venv/bin/pip', 'install', '--timeout', '120', '--no-index', '--find-links', 'http://pypi.pvt.build.mozilla.org/pub', '--find-links', 'http://pypi.pub.build.mozilla.org/pub', '--trusted-host', 'pypi.pub.build.mozilla.org', '--trusted-host', 'pypi.pvt.build.mozilla.org', 'blobuploader==1.2.4'] in /builds/slave/test/build
16:58:09     INFO - Copy/paste: /builds/slave/test/build/venv/bin/pip install --timeout 120 --no-index --find-links http://pypi.pvt.build.mozilla.org/pub --find-links http://pypi.pub.build.mozilla.org/pub --trusted-host pypi.pub.build.mozilla.org --trusted-host pypi.pvt.build.mozilla.org blobuploader==1.2.4
16:58:09     INFO - Using env: {'Apple_PubSub_Socket_Render': '/private/tmp/com.apple.launchd.wRe1tKHvRs/Render',
16:58:09     INFO -  'GIT_SHARE_BASE_DIR': '/builds/git-shared',
16:58:09     INFO -  'HG_SHARE_BASE_DIR': '/builds/hg-shared',
16:58:09     INFO -  'HOME': '/Users/cltbld',
16:58:09     INFO -  'IDLEIZER_DISABLE_SHUTDOWN': 'true',
16:58:09     INFO -  'LOGNAME': 'cltbld',
16:58:09     INFO -  'MOZ_HIDE_RESULTS_TABLE': '1',
16:58:09     INFO -  'MOZ_NODE_PATH': '/usr/local/bin/node',
16:58:09     INFO -  'MOZ_NO_REMOTE': '1',
16:58:09     INFO -  'NO_EM_RESTART': '1',
16:58:09     INFO -  'NO_FAIL_ON_TEST_ERRORS': '1',
16:58:09     INFO -  'PATH': '/usr/local/sbin:/usr/local/bin:/usr/sbin:/usr/bin:/sbin:/bin:/usr/bin/X11',
16:58:09     INFO -  'PROPERTIES_FILE': '/builds/slave/test/buildprops.json',
16:58:09     INFO -  'PWD': '/builds/slave/test',
16:58:09     INFO -  'RUNNER_CONFIG_CMD': '/opt/runner/bin/python2.7 /opt/runner/bin/runner -c /opt/runner/runner.cfg',
16:58:09     INFO -  'SHELL': '/bin/bash',
16:58:09     INFO -  'SSH_AUTH_SOCK': '/private/tmp/com.apple.launchd.iYJiJ99ft3/Listeners',
16:58:09     INFO -  'TMPDIR': '/var/folders/tr/w5h3k_vj5g92sq767b3y6v8w00000w/T/',
16:58:09     INFO -  'TWISTD_LOG_PATH': '/builds/slave/twistd.log',
16:58:09     INFO -  'USER': 'cltbld',
16:58:09     INFO -  'VERSIONER_PYTHON_PREFER_32_BIT': 'no',
16:58:09     INFO -  'VERSIONER_PYTHON_VERSION': '2.7',
16:58:09     INFO -  'XPCOM_DEBUG_BREAK': 'warn',
16:58:09     INFO -  'XPC_FLAGS': '0x0',
16:58:09     INFO -  'XPC_SERVICE_NAME': '0',
16:58:09     INFO -  '__CF_USER_TEXT_ENCODING': '0x1C:0:0'}
16:58:10     INFO -  Ignoring indexes: https://pypi.python.org/simple
16:58:10     INFO -  Collecting blobuploader==1.2.4
16:58:10     INFO -  /builds/slave/test/build/venv/lib/python2.7/site-packages/pip/_vendor/requests/packages/urllib3/util/ssl_.py:318: SNIMissingWarning: An HTTPS request has been made, but the SNI (Subject Name Indication) extension to TLS is not available on this platform. This may cause the server to present an incorrect TLS certificate, which can cause validation failures. You can upgrade to a newer version of Python to solve this. For more information, see https://urllib3.readthedocs.org/en/latest/security.html#snimissingwarning.
16:58:10     INFO -    SNIMissingWarning
16:58:10     INFO -  /builds/slave/test/build/venv/lib/python2.7/site-packages/pip/_vendor/requests/packages/urllib3/util/ssl_.py:122: InsecurePlatformWarning: A true SSLContext object is not available. This prevents urllib3 from configuring SSL appropriately and may cause certain SSL connections to fail. You can upgrade to a newer version of Python to solve this. For more information, see https://urllib3.readthedocs.org/en/latest/security.html#insecureplatformwarning.
16:58:10     INFO -    InsecurePlatformWarning
16:58:10     INFO -  /builds/slave/test/build/venv/lib/python2.7/site-packages/pip/_vendor/requests/packages/urllib3/util/ssl_.py:122: InsecurePlatformWarning: A true SSLContext object is not available. This prevents urllib3 from configuring SSL appropriately and may cause certain SSL connections to fail. You can upgrade to a newer version of Python to solve this. For more information, see https://urllib3.readthedocs.org/en/latest/security.html#insecureplatformwarning.
16:58:10     INFO -    InsecurePlatformWarning
16:58:13     INFO -  Collecting docopt==0.6.1 (from blobuploader==1.2.4)
16:58:15     INFO -  Collecting requests==1.2.3. (from blobuploader==1.2.4)
16:58:18     INFO -  Installing collected packages: docopt, requests, blobuploader
16:58:19     INFO -  Successfully installed blobuploader-1.2.4 docopt-0.6.1 requests-1.2.3
16:58:19     INFO - Return code: 0
16:58:19     INFO - Installing None into virtualenv /builds/slave/test/build/venv
16:58:19     INFO - retry: Calling run_command with args: [['/builds/slave/test/build/venv/bin/pip', 'install', '--no-deps', '--timeout', '120', '-r', '/builds/slave/test/build/tests/config/marionette_requirements.txt', '--no-index', '--find-links', 'http://pypi.pvt.build.mozilla.org/pub', '--find-links', 'http://pypi.pub.build.mozilla.org/pub', '--trusted-host', 'pypi.pub.build.mozilla.org', '--trusted-host', 'pypi.pvt.build.mozilla.org']], kwargs: {'error_level': 'warning', 'error_list': [{'substr': 'not found or a compiler error:', 'level': 'warning'}, {'regex': <_sre.SRE_Pattern object at 0x10e4fdb70>, 'level': 'error'}, {'regex': <_sre.SRE_Pattern object at 0x10e50dd50>, 'level': 'warning'}, {'regex': <_sre.SRE_Pattern object at 0x7f90704ba250>, 'level': 'debug'}, {'substr': 'command not found', 'level': 'error'}, {'regex': <_sre.SRE_Pattern object at 0x10e5265e0>, 'level': 'warning'}, {'substr': 'Traceback (most recent call last)', 'level': 'error'}, {'substr': 'SyntaxError: ', 'level': 'error'}, {'substr': 'TypeError: ', 'level': 'error'}, {'substr': 'NameError: ', 'level': 'error'}, {'substr': 'ZeroDivisionError: ', 'level': 'error'}, {'regex': <_sre.SRE_Pattern object at 0x10e4fb540>, 'level': 'critical'}, {'regex': <_sre.SRE_Pattern object at 0x10e485e40>, 'level': 'critical'}], 'cwd': '/builds/slave/test/build/tests/config', 'env': {'VERSIONER_PYTHON_PREFER_32_BIT': 'no', 'LOGNAME': 'cltbld', 'USER': 'cltbld', 'XPC_SERVICE_NAME': '0', 'PATH': '/usr/local/sbin:/usr/local/bin:/usr/sbin:/usr/bin:/sbin:/bin:/usr/bin/X11', 'HOME': '/Users/cltbld', 'NO_EM_RESTART': '1', 'IDLEIZER_DISABLE_SHUTDOWN': 'true', 'XPCOM_DEBUG_BREAK': 'warn', 'Apple_PubSub_Socket_Render': '/private/tmp/com.apple.launchd.wRe1tKHvRs/Render', 'MOZ_NODE_PATH': '/usr/local/bin/node', 'TWISTD_LOG_PATH': '/builds/slave/twistd.log', 'GIT_SHARE_BASE_DIR': '/builds/git-shared', 'VERSIONER_PYTHON_VERSION': '2.7', 'XPC_FLAGS': '0x0', 'NO_FAIL_ON_TEST_ERRORS': '1', 'HG_SHARE_BASE_DIR': '/builds/hg-shared', 'RUNNER_CONFIG_CMD': '/opt/runner/bin/python2.7 /opt/runner/bin/runner -c /opt/runner/runner.cfg', 'MOZ_NO_REMOTE': '1', 'MOZ_HIDE_RESULTS_TABLE': '1', 'SSH_AUTH_SOCK': '/private/tmp/com.apple.launchd.iYJiJ99ft3/Listeners', 'SHELL': '/bin/bash', 'TMPDIR': '/var/folders/tr/w5h3k_vj5g92sq767b3y6v8w00000w/T/', '__CF_USER_TEXT_ENCODING': '0x1C:0:0', 'PWD': '/builds/slave/test', 'PROPERTIES_FILE': '/builds/slave/test/buildprops.json'}}, attempt #1
16:58:19     INFO - Running command: ['/builds/slave/test/build/venv/bin/pip', 'install', '--no-deps', '--timeout', '120', '-r', '/builds/slave/test/build/tests/config/marionette_requirements.txt', '--no-index', '--find-links', 'http://pypi.pvt.build.mozilla.org/pub', '--find-links', 'http://pypi.pub.build.mozilla.org/pub', '--trusted-host', 'pypi.pub.build.mozilla.org', '--trusted-host', 'pypi.pvt.build.mozilla.org'] in /builds/slave/test/build/tests/config
16:58:19     INFO - Copy/paste: /builds/slave/test/build/venv/bin/pip install --no-deps --timeout 120 -r /builds/slave/test/build/tests/config/marionette_requirements.txt --no-index --find-links http://pypi.pvt.build.mozilla.org/pub --find-links http://pypi.pub.build.mozilla.org/pub --trusted-host pypi.pub.build.mozilla.org --trusted-host pypi.pvt.build.mozilla.org
16:58:19     INFO - Using env: {'Apple_PubSub_Socket_Render': '/private/tmp/com.apple.launchd.wRe1tKHvRs/Render',
16:58:19     INFO -  'GIT_SHARE_BASE_DIR': '/builds/git-shared',
16:58:19     INFO -  'HG_SHARE_BASE_DIR': '/builds/hg-shared',
16:58:19     INFO -  'HOME': '/Users/cltbld',
16:58:19     INFO -  'IDLEIZER_DISABLE_SHUTDOWN': 'true',
16:58:19     INFO -  'LOGNAME': 'cltbld',
16:58:19     INFO -  'MOZ_HIDE_RESULTS_TABLE': '1',
16:58:19     INFO -  'MOZ_NODE_PATH': '/usr/local/bin/node',
16:58:19     INFO -  'MOZ_NO_REMOTE': '1',
16:58:19     INFO -  'NO_EM_RESTART': '1',
16:58:19     INFO -  'NO_FAIL_ON_TEST_ERRORS': '1',
16:58:19     INFO -  'PATH': '/usr/local/sbin:/usr/local/bin:/usr/sbin:/usr/bin:/sbin:/bin:/usr/bin/X11',
16:58:19     INFO -  'PROPERTIES_FILE': '/builds/slave/test/buildprops.json',
16:58:19     INFO -  'PWD': '/builds/slave/test',
16:58:19     INFO -  'RUNNER_CONFIG_CMD': '/opt/runner/bin/python2.7 /opt/runner/bin/runner -c /opt/runner/runner.cfg',
16:58:19     INFO -  'SHELL': '/bin/bash',
16:58:19     INFO -  'SSH_AUTH_SOCK': '/private/tmp/com.apple.launchd.iYJiJ99ft3/Listeners',
16:58:19     INFO -  'TMPDIR': '/var/folders/tr/w5h3k_vj5g92sq767b3y6v8w00000w/T/',
16:58:19     INFO -  'TWISTD_LOG_PATH': '/builds/slave/twistd.log',
16:58:19     INFO -  'USER': 'cltbld',
16:58:19     INFO -  'VERSIONER_PYTHON_PREFER_32_BIT': 'no',
16:58:19     INFO -  'VERSIONER_PYTHON_VERSION': '2.7',
16:58:19     INFO -  'XPCOM_DEBUG_BREAK': 'warn',
16:58:19     INFO -  'XPC_FLAGS': '0x0',
16:58:19     INFO -  'XPC_SERVICE_NAME': '0',
16:58:19     INFO -  '__CF_USER_TEXT_ENCODING': '0x1C:0:0'}
16:58:19     INFO -  Ignoring indexes: https://pypi.python.org/simple
16:58:19     INFO -  Processing /builds/slave/test/build/tests/mozbase/manifestparser
16:58:19     INFO -  Processing /builds/slave/test/build/tests/mozbase/mozcrash
16:58:20     INFO -  Processing /builds/slave/test/build/tests/mozbase/mozdebug
16:58:20     INFO -  Processing /builds/slave/test/build/tests/mozbase/mozdevice
16:58:20     INFO -  Processing /builds/slave/test/build/tests/mozbase/mozfile
16:58:20     INFO -  Processing /builds/slave/test/build/tests/mozbase/mozhttpd
16:58:21     INFO -  Processing /builds/slave/test/build/tests/mozbase/mozinfo
16:58:21     INFO -  Processing /builds/slave/test/build/tests/mozbase/mozinstall
16:58:21     INFO -  Processing /builds/slave/test/build/tests/mozbase/mozleak
16:58:21     INFO -  Processing /builds/slave/test/build/tests/mozbase/mozlog
16:58:21     INFO -  Processing /builds/slave/test/build/tests/mozbase/moznetwork
16:58:22     INFO -  Processing /builds/slave/test/build/tests/mozbase/mozprocess
16:58:22     INFO -  Processing /builds/slave/test/build/tests/mozbase/mozprofile
16:58:22     INFO -  Processing /builds/slave/test/build/tests/mozbase/mozrunner
16:58:22     INFO -  Processing /builds/slave/test/build/tests/mozbase/mozscreenshot
16:58:23     INFO -  Processing /builds/slave/test/build/tests/mozbase/moztest
16:58:23     INFO -  Processing /builds/slave/test/build/tests/mozbase/mozversion
16:58:23     INFO -  Processing /builds/slave/test/build/tests/tools/wptserve
16:58:23     INFO -  Processing /builds/slave/test/build/tests/marionette/client
16:58:24     INFO -  Processing /builds/slave/test/build/tests/marionette/harness/marionette_harness/runner/mixins/browsermob-proxy-py
16:58:24     INFO -  Processing /builds/slave/test/build/tests/marionette/harness
16:58:24     INFO -  Processing /builds/slave/test/build/tests/marionette/puppeteer/firefox
16:58:24     INFO -  Building wheels for collected packages: browsermob-proxy
16:58:24     INFO -    Running setup.py bdist_wheel for browsermob-proxy: started
16:58:25     INFO -    Running setup.py bdist_wheel for browsermob-proxy: finished with status 'done'
16:58:25     INFO -    Stored in directory: /Users/cltbld/Library/Caches/pip/wheels/10/00/c1/79bb793b6a7eb4dca9dfd244010f550ae5044951bcd23c261e
16:58:25     INFO -  Successfully built browsermob-proxy
16:58:25     INFO -  Installing collected packages: manifestparser, mozcrash, mozdebug, mozdevice, mozfile, mozhttpd, mozinfo, mozInstall, mozleak, mozlog, moznetwork, mozprocess, mozprofile, mozrunner, mozscreenshot, moztest, mozversion, wptserve, marionette-driver, browsermob-proxy, marionette-harness, firefox-puppeteer
16:58:25     INFO -    Running setup.py install for manifestparser: started
16:58:25     INFO -      Running setup.py install for manifestparser: finished with status 'done'
16:58:25     INFO -    Running setup.py install for mozcrash: started
16:58:25     INFO -      Running setup.py install for mozcrash: finished with status 'done'
16:58:25     INFO -    Running setup.py install for mozdebug: started
16:58:26     INFO -      Running setup.py install for mozdebug: finished with status 'done'
16:58:26     INFO -    Running setup.py install for mozdevice: started
16:58:26     INFO -      Running setup.py install for mozdevice: finished with status 'done'
16:58:26     INFO -    Running setup.py install for mozfile: started
16:58:26     INFO -      Running setup.py install for mozfile: finished with status 'done'
16:58:26     INFO -    Running setup.py install for mozhttpd: started
16:58:26     INFO -      Running setup.py install for mozhttpd: finished with status 'done'
16:58:26     INFO -    Running setup.py install for mozinfo: started
16:58:27     INFO -      Running setup.py install for mozinfo: finished with status 'done'
16:58:27     INFO -    Running setup.py install for mozInstall: started
16:58:27     INFO -      Running setup.py install for mozInstall: finished with status 'done'
16:58:27     INFO -    Running setup.py install for mozleak: started
16:58:27     INFO -      Running setup.py install for mozleak: finished with status 'done'
16:58:27     INFO -    Running setup.py install for mozlog: started
16:58:28     INFO -      Running setup.py install for mozlog: finished with status 'done'
16:58:28     INFO -    Running setup.py install for moznetwork: started
16:58:28     INFO -      Running setup.py install for moznetwork: finished with status 'done'
16:58:28     INFO -    Running setup.py install for mozprocess: started
16:58:28     INFO -      Running setup.py install for mozprocess: finished with status 'done'
16:58:28     INFO -    Running setup.py install for mozprofile: started
16:58:28     INFO -      Running setup.py install for mozprofile: finished with status 'done'
16:58:28     INFO -    Running setup.py install for mozrunner: started
16:58:29     INFO -      Running setup.py install for mozrunner: finished with status 'done'
16:58:29     INFO -    Running setup.py install for mozscreenshot: started
16:58:29     INFO -      Running setup.py install for mozscreenshot: finished with status 'done'
16:58:29     INFO -    Running setup.py install for moztest: started
16:58:29     INFO -      Running setup.py install for moztest: finished with status 'done'
16:58:29     INFO -    Running setup.py install for mozversion: started
16:58:30     INFO -      Running setup.py install for mozversion: finished with status 'done'
16:58:30     INFO -    Running setup.py install for wptserve: started
16:58:30     INFO -      Running setup.py install for wptserve: finished with status 'done'
16:58:30     INFO -    Running setup.py install for marionette-driver: started
16:58:30     INFO -      Running setup.py install for marionette-driver: finished with status 'done'
16:58:30     INFO -    Running setup.py install for marionette-harness: started
16:58:31     INFO -      Running setup.py install for marionette-harness: finished with status 'done'
16:58:31     INFO -    Running setup.py install for firefox-puppeteer: started
16:58:31     INFO -      Running setup.py install for firefox-puppeteer: finished with status 'done'
16:58:32     INFO -  Successfully installed browsermob-proxy-0.6.0 firefox-puppeteer-52.1.0 manifestparser-1.1 marionette-driver-2.2.0 marionette-harness-4.0.0 mozInstall-1.12 mozcrash-1.0 mozdebug-0.1 mozdevice-0.48 mozfile-1.2 mozhttpd-0.7 mozinfo-0.9 mozleak-0.1 mozlog-3.4 moznetwork-0.27 mozprocess-0.23 mozprofile-0.28 mozrunner-6.13 mozscreenshot-0.1 moztest-0.8 mozversion-1.4 wptserve-1.4.0
16:58:32     INFO - Return code: 0
16:58:32     INFO - Installing None into virtualenv /builds/slave/test/build/venv
16:58:32     INFO - retry: Calling run_command with args: [['/builds/slave/test/build/venv/bin/pip', 'install', '--timeout', '120', '-r', '/builds/slave/test/build/tests/config/marionette_requirements.txt', '--no-index', '--find-links', 'http://pypi.pvt.build.mozilla.org/pub', '--find-links', 'http://pypi.pub.build.mozilla.org/pub', '--trusted-host', 'pypi.pub.build.mozilla.org', '--trusted-host', 'pypi.pvt.build.mozilla.org']], kwargs: {'error_level': 'warning', 'error_list': [{'substr': 'not found or a compiler error:', 'level': 'warning'}, {'regex': <_sre.SRE_Pattern object at 0x10e4fdb70>, 'level': 'error'}, {'regex': <_sre.SRE_Pattern object at 0x10e50dd50>, 'level': 'warning'}, {'regex': <_sre.SRE_Pattern object at 0x7f90704ba250>, 'level': 'debug'}, {'substr': 'command not found', 'level': 'error'}, {'regex': <_sre.SRE_Pattern object at 0x10e5265e0>, 'level': 'warning'}, {'substr': 'Traceback (most recent call last)', 'level': 'error'}, {'substr': 'SyntaxError: ', 'level': 'error'}, {'substr': 'TypeError: ', 'level': 'error'}, {'substr': 'NameError: ', 'level': 'error'}, {'substr': 'ZeroDivisionError: ', 'level': 'error'}, {'regex': <_sre.SRE_Pattern object at 0x10e4fb540>, 'level': 'critical'}, {'regex': <_sre.SRE_Pattern object at 0x10e485e40>, 'level': 'critical'}], 'cwd': '/builds/slave/test/build/tests/config', 'env': {'VERSIONER_PYTHON_PREFER_32_BIT': 'no', 'LOGNAME': 'cltbld', 'USER': 'cltbld', 'XPC_SERVICE_NAME': '0', 'PATH': '/usr/local/sbin:/usr/local/bin:/usr/sbin:/usr/bin:/sbin:/bin:/usr/bin/X11', 'HOME': '/Users/cltbld', 'NO_EM_RESTART': '1', 'IDLEIZER_DISABLE_SHUTDOWN': 'true', 'XPCOM_DEBUG_BREAK': 'warn', 'Apple_PubSub_Socket_Render': '/private/tmp/com.apple.launchd.wRe1tKHvRs/Render', 'MOZ_NODE_PATH': '/usr/local/bin/node', 'TWISTD_LOG_PATH': '/builds/slave/twistd.log', 'GIT_SHARE_BASE_DIR': '/builds/git-shared', 'VERSIONER_PYTHON_VERSION': '2.7', 'XPC_FLAGS': '0x0', 'NO_FAIL_ON_TEST_ERRORS': '1', 'HG_SHARE_BASE_DIR': '/builds/hg-shared', 'RUNNER_CONFIG_CMD': '/opt/runner/bin/python2.7 /opt/runner/bin/runner -c /opt/runner/runner.cfg', 'MOZ_NO_REMOTE': '1', 'MOZ_HIDE_RESULTS_TABLE': '1', 'SSH_AUTH_SOCK': '/private/tmp/com.apple.launchd.iYJiJ99ft3/Listeners', 'SHELL': '/bin/bash', 'TMPDIR': '/var/folders/tr/w5h3k_vj5g92sq767b3y6v8w00000w/T/', '__CF_USER_TEXT_ENCODING': '0x1C:0:0', 'PWD': '/builds/slave/test', 'PROPERTIES_FILE': '/builds/slave/test/buildprops.json'}}, attempt #1
16:58:32     INFO - Running command: ['/builds/slave/test/build/venv/bin/pip', 'install', '--timeout', '120', '-r', '/builds/slave/test/build/tests/config/marionette_requirements.txt', '--no-index', '--find-links', 'http://pypi.pvt.build.mozilla.org/pub', '--find-links', 'http://pypi.pub.build.mozilla.org/pub', '--trusted-host', 'pypi.pub.build.mozilla.org', '--trusted-host', 'pypi.pvt.build.mozilla.org'] in /builds/slave/test/build/tests/config
16:58:32     INFO - Copy/paste: /builds/slave/test/build/venv/bin/pip install --timeout 120 -r /builds/slave/test/build/tests/config/marionette_requirements.txt --no-index --find-links http://pypi.pvt.build.mozilla.org/pub --find-links http://pypi.pub.build.mozilla.org/pub --trusted-host pypi.pub.build.mozilla.org --trusted-host pypi.pvt.build.mozilla.org
16:58:32     INFO - Using env: {'Apple_PubSub_Socket_Render': '/private/tmp/com.apple.launchd.wRe1tKHvRs/Render',
16:58:32     INFO -  'GIT_SHARE_BASE_DIR': '/builds/git-shared',
16:58:32     INFO -  'HG_SHARE_BASE_DIR': '/builds/hg-shared',
16:58:32     INFO -  'HOME': '/Users/cltbld',
16:58:32     INFO -  'IDLEIZER_DISABLE_SHUTDOWN': 'true',
16:58:32     INFO -  'LOGNAME': 'cltbld',
16:58:32     INFO -  'MOZ_HIDE_RESULTS_TABLE': '1',
16:58:32     INFO -  'MOZ_NODE_PATH': '/usr/local/bin/node',
16:58:32     INFO -  'MOZ_NO_REMOTE': '1',
16:58:32     INFO -  'NO_EM_RESTART': '1',
16:58:32     INFO -  'NO_FAIL_ON_TEST_ERRORS': '1',
16:58:32     INFO -  'PATH': '/usr/local/sbin:/usr/local/bin:/usr/sbin:/usr/bin:/sbin:/bin:/usr/bin/X11',
16:58:32     INFO -  'PROPERTIES_FILE': '/builds/slave/test/buildprops.json',
16:58:32     INFO -  'PWD': '/builds/slave/test',
16:58:32     INFO -  'RUNNER_CONFIG_CMD': '/opt/runner/bin/python2.7 /opt/runner/bin/runner -c /opt/runner/runner.cfg',
16:58:32     INFO -  'SHELL': '/bin/bash',
16:58:32     INFO -  'SSH_AUTH_SOCK': '/private/tmp/com.apple.launchd.iYJiJ99ft3/Listeners',
16:58:32     INFO -  'TMPDIR': '/var/folders/tr/w5h3k_vj5g92sq767b3y6v8w00000w/T/',
16:58:32     INFO -  'TWISTD_LOG_PATH': '/builds/slave/twistd.log',
16:58:32     INFO -  'USER': 'cltbld',
16:58:32     INFO -  'VERSIONER_PYTHON_PREFER_32_BIT': 'no',
16:58:32     INFO -  'VERSIONER_PYTHON_VERSION': '2.7',
16:58:32     INFO -  'XPCOM_DEBUG_BREAK': 'warn',
16:58:32     INFO -  'XPC_FLAGS': '0x0',
16:58:32     INFO -  'XPC_SERVICE_NAME': '0',
16:58:32     INFO -  '__CF_USER_TEXT_ENCODING': '0x1C:0:0'}
16:58:33     INFO -  Ignoring indexes: https://pypi.python.org/simple
16:58:33     INFO -  Processing /builds/slave/test/build/tests/mozbase/manifestparser
16:58:33     INFO -    Requirement already satisfied (use --upgrade to upgrade): manifestparser==1.1 from file:///builds/slave/test/build/tests/mozbase/manifestparser in /builds/slave/test/build/venv/lib/python2.7/site-packages (from -r /builds/slave/test/build/tests/config/mozbase_requirements.txt (line 1))
16:58:33     INFO -  Processing /builds/slave/test/build/tests/mozbase/mozcrash
16:58:33     INFO -    Requirement already satisfied (use --upgrade to upgrade): mozcrash==1.0 from file:///builds/slave/test/build/tests/mozbase/mozcrash in /builds/slave/test/build/venv/lib/python2.7/site-packages (from -r /builds/slave/test/build/tests/config/mozbase_requirements.txt (line 2))
16:58:33     INFO -  Processing /builds/slave/test/build/tests/mozbase/mozdebug
16:58:34     INFO -    Requirement already satisfied (use --upgrade to upgrade): mozdebug==0.1 from file:///builds/slave/test/build/tests/mozbase/mozdebug in /builds/slave/test/build/venv/lib/python2.7/site-packages (from -r /builds/slave/test/build/tests/config/mozbase_requirements.txt (line 3))
16:58:34     INFO -  Processing /builds/slave/test/build/tests/mozbase/mozdevice
16:58:34     INFO -    Requirement already satisfied (use --upgrade to upgrade): mozdevice==0.48 from file:///builds/slave/test/build/tests/mozbase/mozdevice in /builds/slave/test/build/venv/lib/python2.7/site-packages (from -r /builds/slave/test/build/tests/config/mozbase_requirements.txt (line 4))
16:58:34     INFO -  Processing /builds/slave/test/build/tests/mozbase/mozfile
16:58:34     INFO -    Requirement already satisfied (use --upgrade to upgrade): mozfile==1.2 from file:///builds/slave/test/build/tests/mozbase/mozfile in /builds/slave/test/build/venv/lib/python2.7/site-packages (from -r /builds/slave/test/build/tests/config/mozbase_requirements.txt (line 5))
16:58:34     INFO -  Processing /builds/slave/test/build/tests/mozbase/mozhttpd
16:58:34     INFO -    Requirement already satisfied (use --upgrade to upgrade): mozhttpd==0.7 from file:///builds/slave/test/build/tests/mozbase/mozhttpd in /builds/slave/test/build/venv/lib/python2.7/site-packages (from -r /builds/slave/test/build/tests/config/mozbase_requirements.txt (line 6))
16:58:34     INFO -  Processing /builds/slave/test/build/tests/mozbase/mozinfo
16:58:35     INFO -    Requirement already satisfied (use --upgrade to upgrade): mozinfo==0.9 from file:///builds/slave/test/build/tests/mozbase/mozinfo in /builds/slave/test/build/venv/lib/python2.7/site-packages (from -r /builds/slave/test/build/tests/config/mozbase_requirements.txt (line 7))
16:58:35     INFO -  Processing /builds/slave/test/build/tests/mozbase/mozinstall
16:58:35     INFO -    Requirement already satisfied (use --upgrade to upgrade): mozInstall==1.12 from file:///builds/slave/test/build/tests/mozbase/mozinstall in /builds/slave/test/build/venv/lib/python2.7/site-packages (from -r /builds/slave/test/build/tests/config/mozbase_requirements.txt (line 8))
16:58:35     INFO -  Processing /builds/slave/test/build/tests/mozbase/mozleak
16:58:35     INFO -    Requirement already satisfied (use --upgrade to upgrade): mozleak==0.1 from file:///builds/slave/test/build/tests/mozbase/mozleak in /builds/slave/test/build/venv/lib/python2.7/site-packages (from -r /builds/slave/test/build/tests/config/mozbase_requirements.txt (line 9))
16:58:35     INFO -  Processing /builds/slave/test/build/tests/mozbase/mozlog
16:58:35     INFO -    Requirement already satisfied (use --upgrade to upgrade): mozlog==3.4 from file:///builds/slave/test/build/tests/mozbase/mozlog in /builds/slave/test/build/venv/lib/python2.7/site-packages (from -r /builds/slave/test/build/tests/config/mozbase_requirements.txt (line 10))
16:58:35     INFO -  Processing /builds/slave/test/build/tests/mozbase/moznetwork
16:58:36     INFO -    Requirement already satisfied (use --upgrade to upgrade): moznetwork==0.27 from file:///builds/slave/test/build/tests/mozbase/moznetwork in /builds/slave/test/build/venv/lib/python2.7/site-packages (from -r /builds/slave/test/build/tests/config/mozbase_requirements.txt (line 11))
16:58:36     INFO -  Processing /builds/slave/test/build/tests/mozbase/mozprocess
16:58:36     INFO -    Requirement already satisfied (use --upgrade to upgrade): mozprocess==0.23 from file:///builds/slave/test/build/tests/mozbase/mozprocess in /builds/slave/test/build/venv/lib/python2.7/site-packages (from -r /builds/slave/test/build/tests/config/mozbase_requirements.txt (line 12))
16:58:36     INFO -  Processing /builds/slave/test/build/tests/mozbase/mozprofile
16:58:36     INFO -    Requirement already satisfied (use --upgrade to upgrade): mozprofile==0.28 from file:///builds/slave/test/build/tests/mozbase/mozprofile in /builds/slave/test/build/venv/lib/python2.7/site-packages (from -r /builds/slave/test/build/tests/config/mozbase_requirements.txt (line 13))
16:58:36     INFO -  Processing /builds/slave/test/build/tests/mozbase/mozrunner
16:58:36     INFO -    Requirement already satisfied (use --upgrade to upgrade): mozrunner==6.13 from file:///builds/slave/test/build/tests/mozbase/mozrunner in /builds/slave/test/build/venv/lib/python2.7/site-packages (from -r /builds/slave/test/build/tests/config/mozbase_requirements.txt (line 14))
16:58:36     INFO -  Processing /builds/slave/test/build/tests/mozbase/mozscreenshot
16:58:37     INFO -    Requirement already satisfied (use --upgrade to upgrade): mozscreenshot==0.1 from file:///builds/slave/test/build/tests/mozbase/mozscreenshot in /builds/slave/test/build/venv/lib/python2.7/site-packages (from -r /builds/slave/test/build/tests/config/mozbase_requirements.txt (line 15))
16:58:37     INFO -  Processing /builds/slave/test/build/tests/mozbase/moztest
16:58:37     INFO -    Requirement already satisfied (use --upgrade to upgrade): moztest==0.8 from file:///builds/slave/test/build/tests/mozbase/moztest in /builds/slave/test/build/venv/lib/python2.7/site-packages (from -r /builds/slave/test/build/tests/config/mozbase_requirements.txt (line 16))
16:58:37     INFO -  Processing /builds/slave/test/build/tests/mozbase/mozversion
16:58:37     INFO -    Requirement already satisfied (use --upgrade to upgrade): mozversion==1.4 from file:///builds/slave/test/build/tests/mozbase/mozversion in /builds/slave/test/build/venv/lib/python2.7/site-packages (from -r /builds/slave/test/build/tests/config/mozbase_requirements.txt (line 17))
16:58:37     INFO -  Processing /builds/slave/test/build/tests/tools/wptserve
16:58:37     INFO -    Requirement already satisfied (use --upgrade to upgrade): wptserve==1.4.0 from file:///builds/slave/test/build/tests/tools/wptserve in /builds/slave/test/build/venv/lib/python2.7/site-packages (from -r /builds/slave/test/build/tests/config/marionette_requirements.txt (line 3))
16:58:37     INFO -  Processing /builds/slave/test/build/tests/marionette/client
16:58:38     INFO -    Requirement already satisfied (use --upgrade to upgrade): marionette-driver==2.2.0 from file:///builds/slave/test/build/tests/marionette/client in /builds/slave/test/build/venv/lib/python2.7/site-packages (from -r /builds/slave/test/build/tests/config/marionette_requirements.txt (line 4))
16:58:38     INFO -  Processing /builds/slave/test/build/tests/marionette/harness/marionette_harness/runner/mixins/browsermob-proxy-py
16:58:38     INFO -    Requirement already satisfied (use --upgrade to upgrade): browsermob-proxy==0.6.0 from file:///builds/slave/test/build/tests/marionette/harness/marionette_harness/runner/mixins/browsermob-proxy-py in /builds/slave/test/build/venv/lib/python2.7/site-packages (from -r /builds/slave/test/build/tests/config/marionette_requirements.txt (line 5))
16:58:38     INFO -  Processing /builds/slave/test/build/tests/marionette/harness
16:58:38     INFO -    Requirement already satisfied (use --upgrade to upgrade): marionette-harness==4.0.0 from file:///builds/slave/test/build/tests/marionette/harness in /builds/slave/test/build/venv/lib/python2.7/site-packages (from -r /builds/slave/test/build/tests/config/marionette_requirements.txt (line 6))
16:58:38     INFO -  Processing /builds/slave/test/build/tests/marionette/puppeteer/firefox
16:58:38     INFO -    Requirement already satisfied (use --upgrade to upgrade): firefox-puppeteer==52.1.0 from file:///builds/slave/test/build/tests/marionette/puppeteer/firefox in /builds/slave/test/build/venv/lib/python2.7/site-packages (from -r /builds/slave/test/build/tests/config/marionette_requirements.txt (line 9))
16:58:38     INFO -  Requirement already satisfied (use --upgrade to upgrade): mozfile>=1.0 in /builds/slave/test/build/venv/lib/python2.7/site-packages (from mozcrash==1.0->-r /builds/slave/test/build/tests/config/mozbase_requirements.txt (line 2))
16:58:38     INFO -  Requirement already satisfied (use --upgrade to upgrade): mozlog>=3.0 in /builds/slave/test/build/venv/lib/python2.7/site-packages (from mozcrash==1.0->-r /builds/slave/test/build/tests/config/mozbase_requirements.txt (line 2))
16:58:38     INFO -  Requirement already satisfied (use --upgrade to upgrade): mozinfo in /builds/slave/test/build/venv/lib/python2.7/site-packages (from mozdebug==0.1->-r /builds/slave/test/build/tests/config/mozbase_requirements.txt (line 3))
16:58:38     INFO -  Requirement already satisfied (use --upgrade to upgrade): moznetwork>=0.24 in /builds/slave/test/build/venv/lib/python2.7/site-packages (from mozdevice==0.48->-r /builds/slave/test/build/tests/config/mozbase_requirements.txt (line 4))
16:58:38     INFO -  Requirement already satisfied (use --upgrade to upgrade): mozprocess>=0.19 in /builds/slave/test/build/venv/lib/python2.7/site-packages (from mozdevice==0.48->-r /builds/slave/test/build/tests/config/mozbase_requirements.txt (line 4))
16:58:38     INFO -  Collecting blessings>=1.3 (from mozlog==3.4->-r /builds/slave/test/build/tests/config/mozbase_requirements.txt (line 10))
16:58:38     INFO -  /builds/slave/test/build/venv/lib/python2.7/site-packages/pip/_vendor/requests/packages/urllib3/util/ssl_.py:318: SNIMissingWarning: An HTTPS request has been made, but the SNI (Subject Name Indication) extension to TLS is not available on this platform. This may cause the server to present an incorrect TLS certificate, which can cause validation failures. You can upgrade to a newer version of Python to solve this. For more information, see https://urllib3.readthedocs.org/en/latest/security.html#snimissingwarning.
16:58:38     INFO -    SNIMissingWarning
16:58:38     INFO -  /builds/slave/test/build/venv/lib/python2.7/site-packages/pip/_vendor/requests/packages/urllib3/util/ssl_.py:122: InsecurePlatformWarning: A true SSLContext object is not available. This prevents urllib3 from configuring SSL appropriately and may cause certain SSL connections to fail. You can upgrade to a newer version of Python to solve this. For more information, see https://urllib3.readthedocs.org/en/latest/security.html#insecureplatformwarning.
16:58:39     INFO -    InsecurePlatformWarning
16:58:39     INFO -  /builds/slave/test/build/venv/lib/python2.7/site-packages/pip/_vendor/requests/packages/urllib3/util/ssl_.py:122: InsecurePlatformWarning: A true SSLContext object is not available. This prevents urllib3 from configuring SSL appropriately and may cause certain SSL connections to fail. You can upgrade to a newer version of Python to solve this. For more information, see https://urllib3.readthedocs.org/en/latest/security.html#insecureplatformwarning.
16:58:39     INFO -    InsecurePlatformWarning
16:58:41     INFO -  Requirement already satisfied (use --upgrade to upgrade): requests>=1.1.0 in /builds/slave/test/build/venv/lib/python2.7/site-packages (from browsermob-proxy==0.6.0->-r /builds/slave/test/build/tests/config/marionette_requirements.txt (line 5))
16:58:41     INFO -  Building wheels for collected packages: browsermob-proxy
16:58:41     INFO -    Running setup.py bdist_wheel for browsermob-proxy: started
16:58:42     INFO -    Running setup.py bdist_wheel for browsermob-proxy: finished with status 'done'
16:58:42     INFO -    Stored in directory: /Users/cltbld/Library/Caches/pip/wheels/10/00/c1/79bb793b6a7eb4dca9dfd244010f550ae5044951bcd23c261e
16:58:42     INFO -  Successfully built browsermob-proxy
16:58:42     INFO -  Installing collected packages: blessings
16:58:42     INFO -  Successfully installed blessings-1.6
16:58:42     INFO - Return code: 0
16:58:42     INFO - Done creating virtualenv /builds/slave/test/build/venv.
16:58:42     INFO - Getting output from command: ['/builds/slave/test/build/venv/bin/pip', 'freeze']
16:58:42     INFO - Copy/paste: /builds/slave/test/build/venv/bin/pip freeze
16:58:43     INFO - Reading from file tmpfile_stdout
16:58:43     INFO - Reading from file tmpfile_stderr
16:58:43     INFO - Current package versions:
16:58:43     INFO -   blessings == 1.6
16:58:43     INFO -   blobuploader == 1.2.4
16:58:43     INFO -   browsermob-proxy == 0.6.0
16:58:43     INFO -   docopt == 0.6.1
16:58:43     INFO -   firefox-puppeteer == 52.1.0
16:58:43     INFO -   functools32 == 3.2.3.post2
16:58:43     INFO -   jsonschema == 2.5.1
16:58:43     INFO -   manifestparser == 1.1
16:58:43     INFO -   marionette-driver == 2.2.0
16:58:43     INFO -   marionette-harness == 4.0.0
16:58:43     INFO -   mozInstall == 1.12
16:58:43     INFO -   mozcrash == 1.0
16:58:43     INFO -   mozdebug == 0.1
16:58:43     INFO -   mozdevice == 0.48
16:58:43     INFO -   mozfile == 1.2
16:58:43     INFO -   mozhttpd == 0.7
16:58:43     INFO -   mozinfo == 0.9
16:58:43     INFO -   mozleak == 0.1
16:58:43     INFO -   mozlog == 3.4
16:58:43     INFO -   moznetwork == 0.27
16:58:43     INFO -   mozprocess == 0.23
16:58:43     INFO -   mozprofile == 0.28
16:58:43     INFO -   mozrunner == 6.13
16:58:43     INFO -   mozscreenshot == 0.1
16:58:43     INFO -   mozsystemmonitor == 0.3
16:58:43     INFO -   moztest == 0.8
16:58:43     INFO -   mozversion == 1.4
16:58:43     INFO -   psutil == 5.4.3
16:58:43     INFO -   requests == 1.2.3
16:58:43     INFO -   wptserve == 1.4.0
16:58:43     INFO - Running post-action listener: _resource_record_post_action
16:58:43     INFO - Running post-action listener: _start_resource_monitoring
16:58:43     INFO - Starting resource monitoring.
16:58:43     INFO - [mozharness: 2018-06-08 23:58:43.157740Z] Finished create-virtualenv step (success)
16:58:43     INFO - [mozharness: 2018-06-08 23:58:43.158707Z] Running pull step.
16:58:43     INFO - Running pre-action listener: _resource_record_pre_action
16:58:43     INFO - Running main action method: pull
16:58:43     INFO - Pull has nothing to do!
16:58:43     INFO - Running post-action listener: _resource_record_post_action
16:58:43     INFO - [mozharness: 2018-06-08 23:58:43.159483Z] Finished pull step (success)
16:58:43     INFO - [mozharness: 2018-06-08 23:58:43.159620Z] Running install step.
16:58:43     INFO - Running pre-action listener: _resource_record_pre_action
16:58:43     INFO - Running main action method: install
16:58:43     INFO - Getting output from command: ['/builds/slave/test/build/venv/bin/pip', 'freeze']
16:58:43     INFO - Copy/paste: /builds/slave/test/build/venv/bin/pip freeze
16:58:43     INFO - Reading from file tmpfile_stdout
16:58:43     INFO - Reading from file tmpfile_stderr
16:58:43     INFO - Detecting whether we're running mozinstall >=1.0...
16:58:43     INFO - Getting output from command: ['/builds/slave/test/build/venv/bin/mozinstall', '-h']
16:58:43     INFO - Copy/paste: /builds/slave/test/build/venv/bin/mozinstall -h
16:58:43     INFO - Reading from file tmpfile_stdout
16:58:43     INFO - Output received:
16:58:43     INFO -  Usage: mozinstall [options] installer
16:58:43     INFO -  Options:
16:58:43     INFO -    -h, --help            show this help message and exit
16:58:43     INFO -    -d DEST, --destination=DEST
16:58:43     INFO -                          Directory to install application into. [default:
16:58:43     INFO -                          "/builds/slave/test"]
16:58:43     INFO -    --app=APP             Application being installed. [default: firefox]
16:58:43     INFO - mkdir: /builds/slave/test/build/application
16:58:43     INFO - Getting output from command: ['/builds/slave/test/build/venv/bin/mozinstall', '/builds/slave/test/build/firefox-52.8.2.en-US.mac.dmg', '--destination', '/builds/slave/test/build/application']
16:58:43     INFO - Copy/paste: /builds/slave/test/build/venv/bin/mozinstall /builds/slave/test/build/firefox-52.8.2.en-US.mac.dmg --destination /builds/slave/test/build/application
16:59:05     INFO - Reading from file tmpfile_stdout
16:59:05     INFO - Output received:
16:59:05     INFO -  /builds/slave/test/build/application/Firefox.app/Contents/MacOS/firefox
16:59:05     INFO - Running post-action listener: _resource_record_post_action
16:59:05     INFO - [mozharness: 2018-06-08 23:59:05.142382Z] Finished install step (success)
16:59:05     INFO - [mozharness: 2018-06-08 23:59:05.142528Z] Running run-tests step.
16:59:05     INFO - Running pre-action listener: _resource_record_pre_action
16:59:05     INFO - Running main action method: run_tests
16:59:05     INFO - mkdir: /builds/slave/test/build/blobber_upload_dir
16:59:05     INFO - Minidump filename unknown. Determining based upon platform and architecture.
16:59:05     INFO - Minidump tooltool manifest unknown. Determining based upon platform and architecture.
16:59:05     INFO - grabbing minidump binary from tooltool
16:59:05     INFO - Downloading https://raw.githubusercontent.com/mozilla/build-tooltool/master/tooltool.py to /builds/slave/test/build/tooltool.py
16:59:05     INFO - retry: Calling _download_file with args: (), kwargs: {'url': 'https://raw.githubusercontent.com/mozilla/build-tooltool/master/tooltool.py', 'file_name': '/builds/slave/test/build/tooltool.py'}, attempt #1
16:59:05     INFO - Downloaded 38066 bytes.
16:59:05     INFO - Chmoding /builds/slave/test/build/tooltool.py to 0755
16:59:05     INFO - retry: Calling run_command with args: (['/tools/buildbot/bin/python', '/builds/slave/test/build/tooltool.py', '--url', 'https://api.pub.build.mozilla.org/tooltool/', '--authentication-file', '/builds/relengapi.tok', 'fetch', '-m', '/builds/slave/test/build/tests/config/tooltool-manifests/macosx64/releng.manifest', '-o', '-c', '/builds/tooltool_cache'],), kwargs: {'output_timeout': 600, 'error_list': [{'substr': 'command not found', 'level': 'error'}, {'regex': <_sre.SRE_Pattern object at 0x10e5265e0>, 'level': 'warning'}, {'substr': 'Traceback (most recent call last)', 'level': 'error'}, {'substr': 'SyntaxError: ', 'level': 'error'}, {'substr': 'TypeError: ', 'level': 'error'}, {'substr': 'NameError: ', 'level': 'error'}, {'substr': 'ZeroDivisionError: ', 'level': 'error'}, {'regex': <_sre.SRE_Pattern object at 0x10e4fb540>, 'level': 'critical'}, {'regex': <_sre.SRE_Pattern object at 0x10e485e40>, 'level': 'critical'}, {'substr': 'ERROR - ', 'level': 'error'}], 'cwd': '/builds/slave/test/build', 'privileged': False}, attempt #1
16:59:05     INFO - Running command: ['/tools/buildbot/bin/python', '/builds/slave/test/build/tooltool.py', '--url', 'https://api.pub.build.mozilla.org/tooltool/', '--authentication-file', '/builds/relengapi.tok', 'fetch', '-m', '/builds/slave/test/build/tests/config/tooltool-manifests/macosx64/releng.manifest', '-o', '-c', '/builds/tooltool_cache'] in /builds/slave/test/build
16:59:05     INFO - Copy/paste: /tools/buildbot/bin/python /builds/slave/test/build/tooltool.py --url https://api.pub.build.mozilla.org/tooltool/ --authentication-file /builds/relengapi.tok fetch -m /builds/slave/test/build/tests/config/tooltool-manifests/macosx64/releng.manifest -o -c /builds/tooltool_cache
16:59:05     INFO - Calling ['/tools/buildbot/bin/python', '/builds/slave/test/build/tooltool.py', '--url', 'https://api.pub.build.mozilla.org/tooltool/', '--authentication-file', '/builds/relengapi.tok', 'fetch', '-m', '/builds/slave/test/build/tests/config/tooltool-manifests/macosx64/releng.manifest', '-o', '-c', '/builds/tooltool_cache'] with output_timeout 600
16:59:05     INFO -  INFO - File macosx64-minidump_stackwalk retrieved from local cache /builds/tooltool_cache
16:59:05     INFO - Return code: 0
16:59:05     INFO - Chmoding /builds/slave/test/build/macosx64-minidump_stackwalk to 0755
16:59:05     INFO - ENV: MINIDUMP_SAVE_PATH is now /builds/slave/test/build/blobber_upload_dir
16:59:05     INFO - Running command: ['/builds/slave/test/build/venv/bin/python', '-u', '/builds/slave/test/build/tests/web-platform/runtests.py', '--log-raw=-', '--log-raw=/builds/slave/test/build/blobber_upload_dir/wpt_raw.log', '--log-errorsummary=/builds/slave/test/build/blobber_upload_dir/wpt_errorsummary.log', '--binary=/builds/slave/test/build/application/Firefox.app/Contents/MacOS/firefox', '--symbols-path=https://queue.taskcluster.net/v1/task/HHn8t6C8SBmHWYIFt5uc2A/artifacts/public/build/firefox-52.8.2.en-US.mac.crashreporter-symbols.zip', '--stackwalk-binary=/builds/slave/test/build/macosx64-minidump_stackwalk', '--stackfix-dir=/builds/slave/test/build/tests/bin', '--test-type=testharness', '--disable-e10s', '--total-chunks=5', '--this-chunk=2', '--prefs-root=/builds/slave/test/build/tests/web-platform/prefs', '--processes=1', '--config=/builds/slave/test/build/tests/web-platform/wptrunner.ini', '--ca-cert-path=/builds/slave/test/build/tests/web-platform/certs/cacert.pem', '--host-key-path=/builds/slave/test/build/tests/web-platform/certs/web-platform.test.key', '--host-cert-path=/builds/slave/test/build/tests/web-platform/certs/web-platform.test.pem', '--certutil-binary=/builds/slave/test/build/tests/bin/certutil'] in /builds/slave/test/build
16:59:05     INFO - Copy/paste: /builds/slave/test/build/venv/bin/python -u /builds/slave/test/build/tests/web-platform/runtests.py --log-raw=- --log-raw=/builds/slave/test/build/blobber_upload_dir/wpt_raw.log --log-errorsummary=/builds/slave/test/build/blobber_upload_dir/wpt_errorsummary.log --binary=/builds/slave/test/build/application/Firefox.app/Contents/MacOS/firefox --symbols-path=https://queue.taskcluster.net/v1/task/HHn8t6C8SBmHWYIFt5uc2A/artifacts/public/build/firefox-52.8.2.en-US.mac.crashreporter-symbols.zip --stackwalk-binary=/builds/slave/test/build/macosx64-minidump_stackwalk --stackfix-dir=/builds/slave/test/build/tests/bin --test-type=testharness --disable-e10s --total-chunks=5 --this-chunk=2 --prefs-root=/builds/slave/test/build/tests/web-platform/prefs --processes=1 --config=/builds/slave/test/build/tests/web-platform/wptrunner.ini --ca-cert-path=/builds/slave/test/build/tests/web-platform/certs/cacert.pem --host-key-path=/builds/slave/test/build/tests/web-platform/certs/web-platform.test.key --host-cert-path=/builds/slave/test/build/tests/web-platform/certs/web-platform.test.pem --certutil-binary=/builds/slave/test/build/tests/bin/certutil
16:59:05     INFO - Using env: {'Apple_PubSub_Socket_Render': '/private/tmp/com.apple.launchd.wRe1tKHvRs/Render',
16:59:05     INFO -  'GIT_SHARE_BASE_DIR': '/builds/git-shared',
16:59:05     INFO -  'HG_SHARE_BASE_DIR': '/builds/hg-shared',
16:59:05     INFO -  'HOME': '/Users/cltbld',
16:59:05     INFO -  'IDLEIZER_DISABLE_SHUTDOWN': 'true',
16:59:05     INFO -  'LOGNAME': 'cltbld',
16:59:05     INFO -  'MINIDUMP_SAVE_PATH': '/builds/slave/test/build/blobber_upload_dir',
16:59:05     INFO -  'MOZ_HIDE_RESULTS_TABLE': '1',
16:59:05     INFO -  'MOZ_NODE_PATH': '/usr/local/bin/node',
16:59:05     INFO -  'MOZ_NO_REMOTE': '1',
16:59:05     INFO -  'NO_EM_RESTART': '1',
16:59:05     INFO -  'NO_FAIL_ON_TEST_ERRORS': '1',
16:59:05     INFO -  'PATH': '/builds/slave/test/build/venv/bin:/usr/local/sbin:/usr/local/bin:/usr/sbin:/usr/bin:/sbin:/bin:/usr/bin/X11',
16:59:05     INFO -  'PROPERTIES_FILE': '/builds/slave/test/buildprops.json',
16:59:05     INFO -  'PWD': '/builds/slave/test',
16:59:05     INFO -  'RUNNER_CONFIG_CMD': '/opt/runner/bin/python2.7 /opt/runner/bin/runner -c /opt/runner/runner.cfg',
16:59:05     INFO -  'SHELL': '/bin/bash',
16:59:05     INFO -  'SSH_AUTH_SOCK': '/private/tmp/com.apple.launchd.iYJiJ99ft3/Listeners',
16:59:05     INFO -  'TMPDIR': '/var/folders/tr/w5h3k_vj5g92sq767b3y6v8w00000w/T/',
16:59:05     INFO -  'TWISTD_LOG_PATH': '/builds/slave/twistd.log',
16:59:05     INFO -  'USER': 'cltbld',
16:59:05     INFO -  'VERSIONER_PYTHON_PREFER_32_BIT': 'no',
16:59:05     INFO -  'VERSIONER_PYTHON_VERSION': '2.7',
16:59:05     INFO -  'XPCOM_DEBUG_BREAK': 'warn',
16:59:05     INFO -  'XPC_FLAGS': '0x0',
16:59:05     INFO -  'XPC_SERVICE_NAME': '0',
16:59:05     INFO -  '__CF_USER_TEXT_ENCODING': '0x1C:0:0'}
16:59:05     INFO - Calling ['/builds/slave/test/build/venv/bin/python', '-u', '/builds/slave/test/build/tests/web-platform/runtests.py', '--log-raw=-', '--log-raw=/builds/slave/test/build/blobber_upload_dir/wpt_raw.log', '--log-errorsummary=/builds/slave/test/build/blobber_upload_dir/wpt_errorsummary.log', '--binary=/builds/slave/test/build/application/Firefox.app/Contents/MacOS/firefox', '--symbols-path=https://queue.taskcluster.net/v1/task/HHn8t6C8SBmHWYIFt5uc2A/artifacts/public/build/firefox-52.8.2.en-US.mac.crashreporter-symbols.zip', '--stackwalk-binary=/builds/slave/test/build/macosx64-minidump_stackwalk', '--stackfix-dir=/builds/slave/test/build/tests/bin', '--test-type=testharness', '--disable-e10s', '--total-chunks=5', '--this-chunk=2', '--prefs-root=/builds/slave/test/build/tests/web-platform/prefs', '--processes=1', '--config=/builds/slave/test/build/tests/web-platform/wptrunner.ini', '--ca-cert-path=/builds/slave/test/build/tests/web-platform/certs/cacert.pem', '--host-key-path=/builds/slave/test/build/tests/web-platform/certs/web-platform.test.key', '--host-cert-path=/builds/slave/test/build/tests/web-platform/certs/web-platform.test.pem', '--certutil-binary=/builds/slave/test/build/tests/bin/certutil'] with output_timeout 1000
16:59:06     INFO - STDERR: Opening manifest at /builds/slave/test/build/tests/web-platform/meta/MANIFEST.json
16:59:06     INFO - STDERR: Opening manifest at /builds/slave/test/build/tests/web-platform/mozilla/meta/MANIFEST.json
16:59:14     INFO - Using 1 client processes
16:59:14     INFO - wptserve Starting http server on 127.0.0.1:8000
16:59:14     INFO - wptserve Starting http server on 127.0.0.1:8001
16:59:14     INFO - wptserve Starting http server on 127.0.0.1:8443
16:59:16     INFO - SUITE-START | Running 1361 tests
16:59:16     INFO - Running testharness tests
16:59:16     INFO - TEST-START | /WebCryptoAPI/derive_bits_keys/pbkdf2.worker
16:59:16     INFO - TEST-SKIP | /WebCryptoAPI/derive_bits_keys/pbkdf2.worker | took 0ms
16:59:16     INFO - TEST-START | /WebCryptoAPI/derive_bits_keys/test_pbkdf2.html
16:59:16     INFO - TEST-SKIP | /WebCryptoAPI/derive_bits_keys/test_pbkdf2.html | took 0ms
16:59:16     INFO - TEST-START | /content-security-policy/frame-ancestors/multiple-frames-meta-ignored.sub.html
16:59:16     INFO - TEST-SKIP | /content-security-policy/frame-ancestors/multiple-frames-meta-ignored.sub.html | took 0ms
16:59:16     INFO - TEST-START | /content-security-policy/frame-ancestors/multiple-frames-self-allowed.sub.html
16:59:16     INFO - TEST-SKIP | /content-security-policy/frame-ancestors/multiple-frames-self-allowed.sub.html | took 0ms
16:59:16     INFO - TEST-START | /content-security-policy/frame-ancestors/single-frame-self-allowed.sub.html
16:59:16     INFO - TEST-SKIP | /content-security-policy/frame-ancestors/single-frame-self-allowed.sub.html | took 0ms
16:59:16     INFO - TEST-START | /html/browsers/the-window-object/apis-for-creating-and-navigating-browsing-contexts-by-name/close_script_defer.html
16:59:16     INFO - TEST-SKIP | /html/browsers/the-window-object/apis-for-creating-and-navigating-browsing-contexts-by-name/close_script_defer.html | took 0ms
16:59:16     INFO - TEST-START | /mixed-content/blockable/meta-csp/cross-origin-http/form-tag/top-level/no-redirect/opt-in-blocks.https.html
16:59:16     INFO - TEST-SKIP | /mixed-content/blockable/meta-csp/cross-origin-http/form-tag/top-level/no-redirect/opt-in-blocks.https.html | took 0ms
16:59:16     INFO - TEST-START | /mixed-content/blockable/meta-csp/same-host-http/form-tag/top-level/no-redirect/opt-in-blocks.https.html
16:59:16     INFO - TEST-SKIP | /mixed-content/blockable/meta-csp/same-host-http/form-tag/top-level/no-redirect/opt-in-blocks.https.html | took 0ms
16:59:16     INFO - TEST-START | /referrer-policy/generic/subresource-test/area-navigate.html
16:59:16     INFO - TEST-SKIP | /referrer-policy/generic/subresource-test/area-navigate.html | took 0ms
16:59:16     INFO - TEST-START | /referrer-policy/generic/subresource-test/attr-referrer-invalid-value.html
16:59:16     INFO - TEST-SKIP | /referrer-policy/generic/subresource-test/attr-referrer-invalid-value.html | took 0ms
16:59:16     INFO - TEST-START | /referrer-policy/generic/subresource-test/fetch-messaging.html
16:59:16     INFO - TEST-SKIP | /referrer-policy/generic/subresource-test/fetch-messaging.html | took 0ms
16:59:16     INFO - TEST-START | /referrer-policy/generic/subresource-test/iframe-messaging.html
16:59:16     INFO - TEST-SKIP | /referrer-policy/generic/subresource-test/iframe-messaging.html | took 0ms
16:59:16     INFO - TEST-START | /referrer-policy/generic/subresource-test/image-decoding.html
16:59:16     INFO - TEST-SKIP | /referrer-policy/generic/subresource-test/image-decoding.html | took 1ms
16:59:16     INFO - TEST-START | /referrer-policy/generic/subresource-test/link-navigate.html
16:59:16     INFO - TEST-SKIP | /referrer-policy/generic/subresource-test/link-navigate.html | took 8ms
16:59:16     INFO - TEST-START | /referrer-policy/generic/subresource-test/script-messaging.html
16:59:16     INFO - TEST-SKIP | /referrer-policy/generic/subresource-test/script-messaging.html | took 0ms
16:59:16     INFO - TEST-START | /referrer-policy/generic/subresource-test/worker-messaging.html
16:59:16     INFO - TEST-SKIP | /referrer-policy/generic/subresource-test/worker-messaging.html | took 1ms
16:59:16     INFO - TEST-START | /referrer-policy/generic/subresource-test/xhr-messaging.html
16:59:16     INFO - TEST-SKIP | /referrer-policy/generic/subresource-test/xhr-messaging.html | took 0ms
16:59:16     INFO - TEST-START | /referrer-policy/no-referrer-when-downgrade/meta-referrer/cross-origin/http-http/img-tag/insecure-protocol.keep-origin-redirect.http.html
16:59:16     INFO - TEST-SKIP | /referrer-policy/no-referrer-when-downgrade/meta-referrer/cross-origin/http-http/img-tag/insecure-protocol.keep-origin-redirect.http.html | took 0ms
16:59:16     INFO - TEST-START | /referrer-policy/no-referrer-when-downgrade/meta-referrer/cross-origin/http-http/img-tag/insecure-protocol.no-redirect.http.html
16:59:16     INFO - TEST-SKIP | /referrer-policy/no-referrer-when-downgrade/meta-referrer/cross-origin/http-http/img-tag/insecure-protocol.no-redirect.http.html | took 0ms
16:59:16     INFO - TEST-START | /referrer-policy/no-referrer-when-downgrade/meta-referrer/cross-origin/http-http/img-tag/insecure-protocol.swap-origin-redirect.http.html
16:59:16     INFO - TEST-SKIP | /referrer-policy/no-referrer-when-downgrade/meta-referrer/cross-origin/http-http/img-tag/insecure-protocol.swap-origin-redirect.http.html | took 0ms
16:59:16     INFO - TEST-START | /referrer-policy/no-referrer-when-downgrade/meta-referrer/cross-origin/http-https/img-tag/upgrade-protocol.keep-origin-redirect.http.html
16:59:16     INFO - TEST-SKIP | /referrer-policy/no-referrer-when-downgrade/meta-referrer/cross-origin/http-https/img-tag/upgrade-protocol.keep-origin-redirect.http.html | took 0ms
16:59:16     INFO - TEST-START | /referrer-policy/no-referrer-when-downgrade/meta-referrer/cross-origin/http-https/img-tag/upgrade-protocol.no-redirect.http.html
16:59:16     INFO - TEST-SKIP | /referrer-policy/no-referrer-when-downgrade/meta-referrer/cross-origin/http-https/img-tag/upgrade-protocol.no-redirect.http.html | took 0ms
16:59:16     INFO - TEST-START | /referrer-policy/no-referrer-when-downgrade/meta-referrer/cross-origin/http-https/img-tag/upgrade-protocol.swap-origin-redirect.http.html
16:59:16     INFO - TEST-SKIP | /referrer-policy/no-referrer-when-downgrade/meta-referrer/cross-origin/http-https/img-tag/upgrade-protocol.swap-origin-redirect.http.html | took 0ms
16:59:16     INFO - TEST-START | /referrer-policy/no-referrer-when-downgrade/meta-referrer/same-origin/http-http/img-tag/insecure-protocol.keep-origin-redirect.http.html
16:59:16     INFO - TEST-SKIP | /referrer-policy/no-referrer-when-downgrade/meta-referrer/same-origin/http-http/img-tag/insecure-protocol.keep-origin-redirect.http.html | took 1ms
16:59:16     INFO - TEST-START | /referrer-policy/no-referrer-when-downgrade/meta-referrer/same-origin/http-http/img-tag/insecure-protocol.no-redirect.http.html
16:59:16     INFO - TEST-SKIP | /referrer-policy/no-referrer-when-downgrade/meta-referrer/same-origin/http-http/img-tag/insecure-protocol.no-redirect.http.html | took 0ms
16:59:16     INFO - TEST-START | /referrer-policy/no-referrer-when-downgrade/meta-referrer/same-origin/http-http/img-tag/insecure-protocol.swap-origin-redirect.http.html
16:59:16     INFO - TEST-SKIP | /referrer-policy/no-referrer-when-downgrade/meta-referrer/same-origin/http-http/img-tag/insecure-protocol.swap-origin-redirect.http.html | took 0ms
16:59:16     INFO - TEST-START | /referrer-policy/origin-when-cross-origin/meta-referrer/cross-origin/http-http/img-tag/cross-origin.keep-origin-redirect.http.html
16:59:16     INFO - TEST-SKIP | /referrer-policy/origin-when-cross-origin/meta-referrer/cross-origin/http-http/img-tag/cross-origin.keep-origin-redirect.http.html | took 0ms
16:59:16     INFO - TEST-START | /referrer-policy/origin-when-cross-origin/meta-referrer/cross-origin/http-http/img-tag/cross-origin.no-redirect.http.html
16:59:16     INFO - TEST-SKIP | /referrer-policy/origin-when-cross-origin/meta-referrer/cross-origin/http-http/img-tag/cross-origin.no-redirect.http.html | took 0ms
16:59:16     INFO - TEST-START | /referrer-policy/origin-when-cross-origin/meta-referrer/cross-origin/http-http/img-tag/cross-origin.swap-origin-redirect.http.html
16:59:16     INFO - TEST-SKIP | /referrer-policy/origin-when-cross-origin/meta-referrer/cross-origin/http-http/img-tag/cross-origin.swap-origin-redirect.http.html | took 0ms
16:59:16     INFO - TEST-START | /resource-timing/resource-timing.html
16:59:16     INFO - TEST-SKIP | /resource-timing/resource-timing.html | took 0ms
16:59:16     INFO - TEST-START | /streams/byte-length-queuing-strategy.https.html
16:59:16     INFO - TEST-SKIP | /streams/byte-length-queuing-strategy.https.html | took 0ms
16:59:16     INFO - TEST-START | /streams/count-queuing-strategy.https.html
16:59:16     INFO - TEST-SKIP | /streams/count-queuing-strategy.https.html | took 0ms
16:59:16     INFO - TEST-START | /webgl/conformance-1.0.3/conformance/extensions/angle-instanced-arrays-out-of-bounds.html
16:59:16     INFO - TEST-SKIP | /webgl/conformance-1.0.3/conformance/extensions/angle-instanced-arrays-out-of-bounds.html | took 0ms
16:59:16     INFO - TEST-START | /webgl/conformance-1.0.3/conformance/extensions/angle-instanced-arrays.html
16:59:16     INFO - TEST-SKIP | /webgl/conformance-1.0.3/conformance/extensions/angle-instanced-arrays.html | took 0ms
16:59:16     INFO - TEST-START | /webgl/conformance-1.0.3/conformance/extensions/ext-blend-minmax.html
16:59:16     INFO - TEST-SKIP | /webgl/conformance-1.0.3/conformance/extensions/ext-blend-minmax.html | took 0ms
16:59:16     INFO - TEST-START | /webgl/conformance-1.0.3/conformance/extensions/ext-frag-depth.html
16:59:16     INFO - TEST-SKIP | /webgl/conformance-1.0.3/conformance/extensions/ext-frag-depth.html | took 0ms
16:59:16     INFO - TEST-START | /webgl/conformance-1.0.3/conformance/extensions/ext-sRGB.html
16:59:16     INFO - TEST-SKIP | /webgl/conformance-1.0.3/conformance/extensions/ext-sRGB.html | took 0ms
16:59:16     INFO - TEST-START | /webgl/conformance-1.0.3/conformance/extensions/ext-shader-texture-lod.html
16:59:16     INFO - TEST-SKIP | /webgl/conformance-1.0.3/conformance/extensions/ext-shader-texture-lod.html | took 1ms
16:59:16     INFO - TEST-START | /webgl/conformance-1.0.3/conformance/extensions/ext-texture-filter-anisotropic.html
16:59:16     INFO - TEST-SKIP | /webgl/conformance-1.0.3/conformance/extensions/ext-texture-filter-anisotropic.html | took 0ms
16:59:16     INFO - TEST-START | /webgl/conformance-1.0.3/conformance/extensions/get-extension.html
16:59:16     INFO - TEST-SKIP | /webgl/conformance-1.0.3/conformance/extensions/get-extension.html | took 0ms
16:59:16     INFO - TEST-START | /webgl/conformance-1.0.3/conformance/extensions/oes-element-index-uint.html
16:59:16     INFO - TEST-SKIP | /webgl/conformance-1.0.3/conformance/extensions/oes-element-index-uint.html | took 0ms
16:59:16     INFO - TEST-START | /webgl/conformance-1.0.3/conformance/extensions/oes-standard-derivatives.html
16:59:16     INFO - TEST-SKIP | /webgl/conformance-1.0.3/conformance/extensions/oes-standard-derivatives.html | took 0ms
16:59:16     INFO - TEST-START | /webgl/conformance-1.0.3/conformance/extensions/oes-texture-float-linear.html
16:59:16     INFO - TEST-SKIP | /webgl/conformance-1.0.3/conformance/extensions/oes-texture-float-linear.html | took 0ms
16:59:16     INFO - TEST-START | /webgl/conformance-1.0.3/conformance/extensions/oes-texture-float-with-canvas.html
16:59:16     INFO - TEST-SKIP | /webgl/conformance-1.0.3/conformance/extensions/oes-texture-float-with-canvas.html | took 0ms
16:59:16     INFO - TEST-START | /webgl/conformance-1.0.3/conformance/extensions/oes-texture-float-with-image-data.html
16:59:16     INFO - TEST-SKIP | /webgl/conformance-1.0.3/conformance/extensions/oes-texture-float-with-image-data.html | took 0ms
16:59:16     INFO - TEST-START | /webgl/conformance-1.0.3/conformance/extensions/oes-texture-float-with-image.html
16:59:16     INFO - TEST-SKIP | /webgl/conformance-1.0.3/conformance/extensions/oes-texture-float-with-image.html | took 0ms
16:59:16     INFO - TEST-START | /webgl/conformance-1.0.3/conformance/extensions/oes-texture-float-with-video.html
16:59:16     INFO - TEST-SKIP | /webgl/conformance-1.0.3/conformance/extensions/oes-texture-float-with-video.html | took 1ms
16:59:16     INFO - TEST-START | /webgl/conformance-1.0.3/conformance/extensions/oes-texture-float.html
16:59:16     INFO - TEST-SKIP | /webgl/conformance-1.0.3/conformance/extensions/oes-texture-float.html | took 0ms
16:59:16     INFO - TEST-START | /webgl/conformance-1.0.3/conformance/extensions/oes-texture-half-float-linear.html
16:59:16     INFO - TEST-SKIP | /webgl/conformance-1.0.3/conformance/extensions/oes-texture-half-float-linear.html | took 0ms
16:59:16     INFO - TEST-START | /webgl/conformance-1.0.3/conformance/extensions/oes-texture-half-float-with-canvas.html
16:59:16     INFO - TEST-SKIP | /webgl/conformance-1.0.3/conformance/extensions/oes-texture-half-float-with-canvas.html | took 0ms
16:59:16     INFO - TEST-START | /webgl/conformance-1.0.3/conformance/extensions/oes-texture-half-float-with-image-data.html
16:59:16     INFO - TEST-SKIP | /webgl/conformance-1.0.3/conformance/extensions/oes-texture-half-float-with-image-data.html | took 0ms
16:59:16     INFO - TEST-START | /webgl/conformance-1.0.3/conformance/extensions/oes-texture-half-float-with-image.html
16:59:16     INFO - TEST-SKIP | /webgl/conformance-1.0.3/conformance/extensions/oes-texture-half-float-with-image.html | took 0ms
16:59:16     INFO - TEST-START | /webgl/conformance-1.0.3/conformance/extensions/oes-texture-half-float-with-video.html
16:59:16     INFO - TEST-SKIP | /webgl/conformance-1.0.3/conformance/extensions/oes-texture-half-float-with-video.html | took 0ms
16:59:16     INFO - TEST-START | /webgl/conformance-1.0.3/conformance/extensions/oes-texture-half-float.html
16:59:16     INFO - TEST-SKIP | /webgl/conformance-1.0.3/conformance/extensions/oes-texture-half-float.html | took 0ms
16:59:16     INFO - TEST-START | /webgl/conformance-1.0.3/conformance/extensions/oes-vertex-array-object-bufferData.html
16:59:16     INFO - TEST-SKIP | /webgl/conformance-1.0.3/conformance/extensions/oes-vertex-array-object-bufferData.html | took 0ms
16:59:16     INFO - TEST-START | /webgl/conformance-1.0.3/conformance/extensions/oes-vertex-array-object.html
16:59:16     INFO - TEST-SKIP | /webgl/conformance-1.0.3/conformance/extensions/oes-vertex-array-object.html | took 0ms
16:59:16     INFO - TEST-START | /webgl/conformance-1.0.3/conformance/extensions/webgl-compressed-texture-atc.html
16:59:16     INFO - TEST-SKIP | /webgl/conformance-1.0.3/conformance/extensions/webgl-compressed-texture-atc.html | took 0ms
16:59:16     INFO - TEST-START | /webgl/conformance-1.0.3/conformance/extensions/webgl-compressed-texture-pvrtc.html
16:59:16     INFO - TEST-SKIP | /webgl/conformance-1.0.3/conformance/extensions/webgl-compressed-texture-pvrtc.html | took 0ms
16:59:16     INFO - TEST-START | /webgl/conformance-1.0.3/conformance/extensions/webgl-compressed-texture-s3tc.html
16:59:16     INFO - TEST-SKIP | /webgl/conformance-1.0.3/conformance/extensions/webgl-compressed-texture-s3tc.html | took 0ms
16:59:16     INFO - TEST-START | /webgl/conformance-1.0.3/conformance/extensions/webgl-compressed-texture-size-limit.html
16:59:16     INFO - TEST-SKIP | /webgl/conformance-1.0.3/conformance/extensions/webgl-compressed-texture-size-limit.html | took 0ms
16:59:16     INFO - TEST-START | /webgl/conformance-1.0.3/conformance/extensions/webgl-debug-renderer-info.html
16:59:16     INFO - TEST-SKIP | /webgl/conformance-1.0.3/conformance/extensions/webgl-debug-renderer-info.html | took 0ms
16:59:16     INFO - TEST-START | /webgl/conformance-1.0.3/conformance/extensions/webgl-debug-shaders.html
16:59:16     INFO - TEST-SKIP | /webgl/conformance-1.0.3/conformance/extensions/webgl-debug-shaders.html | took 0ms
16:59:16     INFO - TEST-START | /webgl/conformance-1.0.3/conformance/extensions/webgl-depth-texture.html
16:59:16     INFO - TEST-SKIP | /webgl/conformance-1.0.3/conformance/extensions/webgl-depth-texture.html | took 0ms
16:59:16     INFO - TEST-START | /webgl/conformance-1.0.3/conformance/extensions/webgl-draw-buffers.html
16:59:16     INFO - TEST-SKIP | /webgl/conformance-1.0.3/conformance/extensions/webgl-draw-buffers.html | took 0ms
16:59:16     INFO - TEST-START | /webgl/conformance-1.0.3/conformance/extensions/webgl-shared-resources.html
16:59:16     INFO - TEST-SKIP | /webgl/conformance-1.0.3/conformance/extensions/webgl-shared-resources.html | took 0ms
16:59:16     INFO - TEST-START | /webgl/conformance-1.0.3/conformance/glsl/samplers/glsl-function-texture2d-bias.html
16:59:16     INFO - TEST-SKIP | /webgl/conformance-1.0.3/conformance/glsl/samplers/glsl-function-texture2d-bias.html | took 0ms
16:59:16     INFO - TEST-START | /webgl/conformance-1.0.3/conformance/glsl/samplers/glsl-function-texture2dlod.html
16:59:16     INFO - TEST-SKIP | /webgl/conformance-1.0.3/conformance/glsl/samplers/glsl-function-texture2dlod.html | took 0ms
16:59:16     INFO - TEST-START | /webgl/conformance-1.0.3/conformance/glsl/samplers/glsl-function-texture2dproj.html
16:59:16     INFO - TEST-SKIP | /webgl/conformance-1.0.3/conformance/glsl/samplers/glsl-function-texture2dproj.html | took 0ms
16:59:16     INFO - TEST-START | /webgl/conformance-1.0.3/conformance/glsl/samplers/glsl-function-texture2dprojlod.html
16:59:16     INFO - TEST-SKIP | /webgl/conformance-1.0.3/conformance/glsl/samplers/glsl-function-texture2dprojlod.html | took 9ms
16:59:16     INFO - TEST-START | /webgl/conformance-1.0.3/conformance/more/conformance/constants.html
16:59:16     INFO - TEST-SKIP | /webgl/conformance-1.0.3/conformance/more/conformance/constants.html | took 0ms
16:59:16     INFO - TEST-START | /webgl/conformance-1.0.3/conformance/more/conformance/getContext.html
16:59:16     INFO - TEST-SKIP | /webgl/conformance-1.0.3/conformance/more/conformance/getContext.html | took 0ms
16:59:16     INFO - TEST-START | /webgl/conformance-1.0.3/conformance/more/conformance/methods.html
16:59:16     INFO - TEST-SKIP | /webgl/conformance-1.0.3/conformance/more/conformance/methods.html | took 0ms
16:59:16     INFO - TEST-START | /webgl/conformance-1.0.3/conformance/more/conformance/quickCheckAPI-A.html
16:59:16     INFO - TEST-SKIP | /webgl/conformance-1.0.3/conformance/more/conformance/quickCheckAPI-A.html | took 0ms
16:59:16     INFO - TEST-START | /webgl/conformance-1.0.3/conformance/more/conformance/quickCheckAPI-B1.html
16:59:16     INFO - TEST-SKIP | /webgl/conformance-1.0.3/conformance/more/conformance/quickCheckAPI-B1.html | took 1ms
16:59:16     INFO - TEST-START | /webgl/conformance-1.0.3/conformance/more/conformance/quickCheckAPI-B2.html
16:59:16     INFO - TEST-SKIP | /webgl/conformance-1.0.3/conformance/more/conformance/quickCheckAPI-B2.html | took 0ms
16:59:16     INFO - TEST-START | /webgl/conformance-1.0.3/conformance/more/conformance/quickCheckAPI-B3.html
16:59:16     INFO - TEST-SKIP | /webgl/conformance-1.0.3/conformance/more/conformance/quickCheckAPI-B3.html | took 0ms
16:59:16     INFO - TEST-START | /webgl/conformance-1.0.3/conformance/more/conformance/quickCheckAPI-B4.html
16:59:16     INFO - TEST-SKIP | /webgl/conformance-1.0.3/conformance/more/conformance/quickCheckAPI-B4.html | took 0ms
16:59:16     INFO - TEST-START | /webgl/conformance-1.0.3/conformance/more/conformance/quickCheckAPI-C.html
16:59:16     INFO - TEST-SKIP | /webgl/conformance-1.0.3/conformance/more/conformance/quickCheckAPI-C.html | took 0ms
16:59:16     INFO - TEST-START | /webgl/conformance-1.0.3/conformance/more/conformance/quickCheckAPI-D_G.html
16:59:16     INFO - TEST-SKIP | /webgl/conformance-1.0.3/conformance/more/conformance/quickCheckAPI-D_G.html | took 9ms
16:59:16     INFO - TEST-START | /webgl/conformance-1.0.3/conformance/more/conformance/quickCheckAPI-G_I.html
16:59:16     INFO - TEST-SKIP | /webgl/conformance-1.0.3/conformance/more/conformance/quickCheckAPI-G_I.html | took 0ms
16:59:16     INFO - TEST-START | /webgl/conformance-1.0.3/conformance/more/conformance/quickCheckAPI-L_S.html
16:59:16     INFO - TEST-SKIP | /webgl/conformance-1.0.3/conformance/more/conformance/quickCheckAPI-L_S.html | took 0ms
16:59:16     INFO - TEST-START | /webgl/conformance-1.0.3/conformance/more/conformance/quickCheckAPI-S_V.html
16:59:16     INFO - TEST-SKIP | /webgl/conformance-1.0.3/conformance/more/conformance/quickCheckAPI-S_V.html | took 1ms
16:59:16     INFO - TEST-START | /webgl/conformance-1.0.3/conformance/more/conformance/webGLArrays.html
16:59:16     INFO - TEST-SKIP | /webgl/conformance-1.0.3/conformance/more/conformance/webGLArrays.html | took 0ms
16:59:16     INFO - TEST-START | /webgl/conformance-1.0.3/conformance/more/functions/bindBuffer.html
16:59:16     INFO - TEST-SKIP | /webgl/conformance-1.0.3/conformance/more/functions/bindBuffer.html | took 0ms
16:59:16     INFO - TEST-START | /webgl/conformance-1.0.3/conformance/more/functions/bindBufferBadArgs.html
16:59:16     INFO - TEST-SKIP | /webgl/conformance-1.0.3/conformance/more/functions/bindBufferBadArgs.html | took 0ms
16:59:16     INFO - TEST-START | /webgl/conformance-1.0.3/conformance/more/functions/bindFramebufferLeaveNonZero.html
16:59:16     INFO - TEST-SKIP | /webgl/conformance-1.0.3/conformance/more/functions/bindFramebufferLeaveNonZero.html | took 0ms
16:59:16     INFO - TEST-START | /webgl/conformance-1.0.3/conformance/more/functions/bufferData.html
16:59:16     INFO - TEST-SKIP | /webgl/conformance-1.0.3/conformance/more/functions/bufferData.html | took 0ms
16:59:16     INFO - TEST-START | /webgl/conformance-1.0.3/conformance/more/functions/bufferDataBadArgs.html
16:59:16     INFO - TEST-SKIP | /webgl/conformance-1.0.3/conformance/more/functions/bufferDataBadArgs.html | took 0ms
16:59:16     INFO - TEST-START | /webgl/conformance-1.0.3/conformance/more/functions/bufferSubData.html
16:59:16     INFO - TEST-SKIP | /webgl/conformance-1.0.3/conformance/more/functions/bufferSubData.html | took 0ms
16:59:16     INFO - TEST-START | /webgl/conformance-1.0.3/conformance/more/functions/bufferSubDataBadArgs.html
16:59:16     INFO - TEST-SKIP | /webgl/conformance-1.0.3/conformance/more/functions/bufferSubDataBadArgs.html | took 0ms
16:59:16     INFO - TEST-START | /webgl/conformance-1.0.3/conformance/more/functions/copyTexImage2D.html
16:59:16     INFO - TEST-SKIP | /webgl/conformance-1.0.3/conformance/more/functions/copyTexImage2D.html | took 0ms
16:59:16     INFO - TEST-START | /webgl/conformance-1.0.3/conformance/more/functions/copyTexImage2DBadArgs.html
16:59:16     INFO - TEST-SKIP | /webgl/conformance-1.0.3/conformance/more/functions/copyTexImage2DBadArgs.html | took 0ms
16:59:16     INFO - TEST-START | /webgl/conformance-1.0.3/conformance/more/functions/copyTexSubImage2D.html
16:59:16     INFO - TEST-SKIP | /webgl/conformance-1.0.3/conformance/more/functions/copyTexSubImage2D.html | took 0ms
16:59:16     INFO - TEST-START | /webgl/conformance-1.0.3/conformance/more/functions/copyTexSubImage2DBadArgs.html
16:59:16     INFO - TEST-SKIP | /webgl/conformance-1.0.3/conformance/more/functions/copyTexSubImage2DBadArgs.html | took 0ms
16:59:16     INFO - TEST-START | /webgl/conformance-1.0.3/conformance/more/functions/deleteBufferBadArgs.html
16:59:16     INFO - TEST-SKIP | /webgl/conformance-1.0.3/conformance/more/functions/deleteBufferBadArgs.html | took 0ms
16:59:16     INFO - TEST-START | /webgl/conformance-1.0.3/conformance/more/functions/drawArrays.html
16:59:16     INFO - TEST-SKIP | /webgl/conformance-1.0.3/conformance/more/functions/drawArrays.html | took 0ms
16:59:16     INFO - TEST-START | /webgl/conformance-1.0.3/conformance/more/functions/drawArraysOutOfBounds.html
16:59:16     INFO - TEST-SKIP | /webgl/conformance-1.0.3/conformance/more/functions/drawArraysOutOfBounds.html | took 1ms
16:59:16     INFO - TEST-START | /webgl/conformance-1.0.3/conformance/more/functions/drawElements.html
16:59:16     INFO - TEST-SKIP | /webgl/conformance-1.0.3/conformance/more/functions/drawElements.html | took 0ms
16:59:16     INFO - TEST-START | /webgl/conformance-1.0.3/conformance/more/functions/drawElementsBadArgs.html
16:59:16     INFO - TEST-SKIP | /webgl/conformance-1.0.3/conformance/more/functions/drawElementsBadArgs.html | took 0ms
16:59:16     INFO - TEST-START | /webgl/conformance-1.0.3/conformance/more/functions/isTests.html
16:59:16     INFO - TEST-SKIP | /webgl/conformance-1.0.3/conformance/more/functions/isTests.html | took 0ms
16:59:16     INFO - TEST-START | /webgl/conformance-1.0.3/conformance/more/functions/isTestsBadArgs.html
16:59:16     INFO - TEST-SKIP | /webgl/conformance-1.0.3/conformance/more/functions/isTestsBadArgs.html | took 0ms
16:59:16     INFO - TEST-START | /webgl/conformance-1.0.3/conformance/more/functions/readPixels.html
16:59:16     INFO - TEST-SKIP | /webgl/conformance-1.0.3/conformance/more/functions/readPixels.html | took 0ms
16:59:16     INFO - TEST-START | /webgl/conformance-1.0.3/conformance/more/functions/readPixelsBadArgs.html
16:59:16     INFO - TEST-SKIP | /webgl/conformance-1.0.3/conformance/more/functions/readPixelsBadArgs.html | took 0ms
16:59:16     INFO - TEST-START | /webgl/conformance-1.0.3/conformance/more/functions/texImage2D.html
16:59:16     INFO - TEST-SKIP | /webgl/conformance-1.0.3/conformance/more/functions/texImage2D.html | took 0ms
16:59:16     INFO - TEST-START | /webgl/conformance-1.0.3/conformance/more/functions/texImage2DBadArgs.html
16:59:16     INFO - TEST-SKIP | /webgl/conformance-1.0.3/conformance/more/functions/texImage2DBadArgs.html | took 0ms
16:59:16     INFO - TEST-START | /webgl/conformance-1.0.3/conformance/more/functions/texImage2DHTML.html
16:59:16     INFO - TEST-SKIP | /webgl/conformance-1.0.3/conformance/more/functions/texImage2DHTML.html | took 0ms
16:59:16     INFO - TEST-START | /webgl/conformance-1.0.3/conformance/more/functions/texImage2DHTMLBadArgs.html
16:59:16     INFO - TEST-SKIP | /webgl/conformance-1.0.3/conformance/more/functions/texImage2DHTMLBadArgs.html | took 0ms
16:59:16     INFO - TEST-START | /webgl/conformance-1.0.3/conformance/more/functions/texSubImage2D.html
16:59:16     INFO - TEST-SKIP | /webgl/conformance-1.0.3/conformance/more/functions/texSubImage2D.html | took 0ms
16:59:16     INFO - TEST-START | /webgl/conformance-1.0.3/conformance/more/functions/texSubImage2DBadArgs.html
16:59:16     INFO - TEST-SKIP | /webgl/conformance-1.0.3/conformance/more/functions/texSubImage2DBadArgs.html | took 0ms
16:59:16     INFO - TEST-START | /webgl/conformance-1.0.3/conformance/more/functions/texSubImage2DHTML.html
16:59:16     INFO - TEST-SKIP | /webgl/conformance-1.0.3/conformance/more/functions/texSubImage2DHTML.html | took 0ms
16:59:16     INFO - TEST-START | /webgl/conformance-1.0.3/conformance/more/functions/texSubImage2DHTMLBadArgs.html
16:59:16     INFO - TEST-SKIP | /webgl/conformance-1.0.3/conformance/more/functions/texSubImage2DHTMLBadArgs.html | took 0ms
16:59:16     INFO - TEST-START | /webgl/conformance-1.0.3/conformance/more/functions/uniformMatrix.html
16:59:16     INFO - TEST-SKIP | /webgl/conformance-1.0.3/conformance/more/functions/uniformMatrix.html | took 0ms
16:59:16     INFO - TEST-START | /webgl/conformance-1.0.3/conformance/more/functions/uniformMatrixBadArgs.html
16:59:16     INFO - TEST-SKIP | /webgl/conformance-1.0.3/conformance/more/functions/uniformMatrixBadArgs.html | took 0ms
16:59:16     INFO - TEST-START | /webgl/conformance-1.0.3/conformance/more/functions/uniformf.html
16:59:16     INFO - TEST-SKIP | /webgl/conformance-1.0.3/conformance/more/functions/uniformf.html | took 0ms
16:59:16     INFO - TEST-START | /webgl/conformance-1.0.3/conformance/more/functions/uniformfArrayLen1.html
16:59:16     INFO - TEST-SKIP | /webgl/conformance-1.0.3/conformance/more/functions/uniformfArrayLen1.html | took 0ms
16:59:16     INFO - TEST-START | /webgl/conformance-1.0.3/conformance/more/functions/uniformfBadArgs.html
16:59:16     INFO - TEST-SKIP | /webgl/conformance-1.0.3/conformance/more/functions/uniformfBadArgs.html | took 1ms
16:59:16     INFO - TEST-START | /webgl/conformance-1.0.3/conformance/more/functions/uniformi.html
16:59:16     INFO - TEST-SKIP | /webgl/conformance-1.0.3/conformance/more/functions/uniformi.html | took 0ms
16:59:16     INFO - TEST-START | /webgl/conformance-1.0.3/conformance/more/functions/uniformiBadArgs.html
16:59:16     INFO - TEST-SKIP | /webgl/conformance-1.0.3/conformance/more/functions/uniformiBadArgs.html | took 9ms
16:59:16     INFO - TEST-START | /webgl/conformance-1.0.3/conformance/more/functions/vertexAttrib.html
16:59:16     INFO - TEST-SKIP | /webgl/conformance-1.0.3/conformance/more/functions/vertexAttrib.html | took 0ms
16:59:16     INFO - TEST-START | /webgl/conformance-1.0.3/conformance/more/functions/vertexAttribBadArgs.html
16:59:16     INFO - TEST-SKIP | /webgl/conformance-1.0.3/conformance/more/functions/vertexAttribBadArgs.html | took 0ms
16:59:16     INFO - TEST-START | /webgl/conformance-1.0.3/conformance/more/functions/vertexAttribPointer.html
16:59:16     INFO - TEST-SKIP | /webgl/conformance-1.0.3/conformance/more/functions/vertexAttribPointer.html | took 0ms
16:59:16     INFO - TEST-START | /webgl/conformance-1.0.3/conformance/more/functions/vertexAttribPointerBadArgs.html
16:59:16     INFO - TEST-SKIP | /webgl/conformance-1.0.3/conformance/more/functions/vertexAttribPointerBadArgs.html | took 0ms
16:59:16     INFO - TEST-START | /webgl/conformance-1.0.3/conformance/ogles/GL/biConstants/biConstants_001_to_008.html
16:59:16     INFO - TEST-SKIP | /webgl/conformance-1.0.3/conformance/ogles/GL/biConstants/biConstants_001_to_008.html | took 0ms
16:59:16     INFO - TEST-START | /webgl/conformance-1.0.3/conformance/ogles/GL/biConstants/biConstants_009_to_016.html
16:59:16     INFO - TEST-SKIP | /webgl/conformance-1.0.3/conformance/ogles/GL/biConstants/biConstants_009_to_016.html | took 1ms
16:59:16     INFO - TEST-START | /webgl/conformance-1.0.3/conformance/ogles/GL/build/build_001_to_008.html
16:59:16     INFO - TEST-SKIP | /webgl/conformance-1.0.3/conformance/ogles/GL/build/build_001_to_008.html | took 0ms
16:59:16     INFO - TEST-START | /webgl/conformance-1.0.3/conformance/ogles/GL/build/build_009_to_016.html
16:59:16     INFO - TEST-SKIP | /webgl/conformance-1.0.3/conformance/ogles/GL/build/build_009_to_016.html | took 0ms
16:59:16     INFO - TEST-START | /webgl/conformance-1.0.3/conformance/ogles/GL/build/build_017_to_024.html
16:59:16     INFO - TEST-SKIP | /webgl/conformance-1.0.3/conformance/ogles/GL/build/build_017_to_024.html | took 0ms
16:59:16     INFO - TEST-START | /webgl/conformance-1.0.3/conformance/ogles/GL/build/build_025_to_032.html
16:59:16     INFO - TEST-SKIP | /webgl/conformance-1.0.3/conformance/ogles/GL/build/build_025_to_032.html | took 0ms
16:59:16     INFO - TEST-START | /webgl/conformance-1.0.3/conformance/ogles/GL/build/build_033_to_040.html
16:59:16     INFO - TEST-SKIP | /webgl/conformance-1.0.3/conformance/ogles/GL/build/build_033_to_040.html | took 0ms
16:59:16     INFO - TEST-START | /webgl/conformance-1.0.3/conformance/ogles/GL/build/build_041_to_048.html
16:59:16     INFO - TEST-SKIP | /webgl/conformance-1.0.3/conformance/ogles/GL/build/build_041_to_048.html | took 0ms
16:59:16     INFO - TEST-START | /webgl/conformance-1.0.3/conformance/ogles/GL/build/build_049_to_056.html
16:59:16     INFO - TEST-SKIP | /webgl/conformance-1.0.3/conformance/ogles/GL/build/build_049_to_056.html | took 0ms
16:59:16     INFO - TEST-START | /webgl/conformance-1.0.3/conformance/ogles/GL/build/build_057_to_064.html
16:59:16     INFO - TEST-SKIP | /webgl/conformance-1.0.3/conformance/ogles/GL/build/build_057_to_064.html | took 0ms
16:59:16     INFO - TEST-START | /webgl/conformance-1.0.3/conformance/ogles/GL/build/build_065_to_072.html
16:59:16     INFO - TEST-SKIP | /webgl/conformance-1.0.3/conformance/ogles/GL/build/build_065_to_072.html | took 1ms
16:59:16     INFO - TEST-START | /webgl/conformance-1.0.3/conformance/ogles/GL/build/build_073_to_080.html
16:59:16     INFO - TEST-SKIP | /webgl/conformance-1.0.3/conformance/ogles/GL/build/build_073_to_080.html | took 0ms
16:59:16     INFO - TEST-START | /webgl/conformance-1.0.3/conformance/ogles/GL/build/build_081_to_088.html
16:59:16     INFO - TEST-SKIP | /webgl/conformance-1.0.3/conformance/ogles/GL/build/build_081_to_088.html | took 0ms
16:59:16     INFO - TEST-START | /webgl/conformance-1.0.3/conformance/ogles/GL/build/build_089_to_096.html
16:59:16     INFO - TEST-SKIP | /webgl/conformance-1.0.3/conformance/ogles/GL/build/build_089_to_096.html | took 0ms
16:59:16     INFO - TEST-START | /webgl/conformance-1.0.3/conformance/ogles/GL/build/build_097_to_104.html
16:59:16     INFO - TEST-SKIP | /webgl/conformance-1.0.3/conformance/ogles/GL/build/build_097_to_104.html | took 0ms
16:59:16     INFO - TEST-START | /webgl/conformance-1.0.3/conformance/ogles/GL/build/build_105_to_112.html
16:59:16     INFO - TEST-SKIP | /webgl/conformance-1.0.3/conformance/ogles/GL/build/build_105_to_112.html | took 0ms
16:59:16     INFO - TEST-START | /webgl/conformance-1.0.3/conformance/ogles/GL/build/build_113_to_120.html
16:59:16     INFO - TEST-SKIP | /webgl/conformance-1.0.3/conformance/ogles/GL/build/build_113_to_120.html | took 0ms
16:59:16     INFO - TEST-START | /webgl/conformance-1.0.3/conformance/ogles/GL/build/build_121_to_128.html
16:59:16     INFO - TEST-SKIP | /webgl/conformance-1.0.3/conformance/ogles/GL/build/build_121_to_128.html | took 0ms
16:59:16     INFO - TEST-START | /webgl/conformance-1.0.3/conformance/ogles/GL/build/build_129_to_136.html
16:59:16     INFO - TEST-SKIP | /webgl/conformance-1.0.3/conformance/ogles/GL/build/build_129_to_136.html | took 0ms
16:59:16     INFO - TEST-START | /webgl/conformance-1.0.3/conformance/ogles/GL/build/build_137_to_144.html
16:59:16     INFO - TEST-SKIP | /webgl/conformance-1.0.3/conformance/ogles/GL/build/build_137_to_144.html | took 1ms
16:59:16     INFO - TEST-START | /webgl/conformance-1.0.3/conformance/ogles/GL/build/build_145_to_152.html
16:59:16     INFO - TEST-SKIP | /webgl/conformance-1.0.3/conformance/ogles/GL/build/build_145_to_152.html | took 0ms
16:59:16     INFO - TEST-START | /webgl/conformance-1.0.3/conformance/ogles/GL/build/build_153_to_160.html
16:59:16     INFO - TEST-SKIP | /webgl/conformance-1.0.3/conformance/ogles/GL/build/build_153_to_160.html | took 0ms
16:59:16     INFO - TEST-START | /webgl/conformance-1.0.3/conformance/ogles/GL/build/build_161_to_168.html
16:59:16     INFO - TEST-SKIP | /webgl/conformance-1.0.3/conformance/ogles/GL/build/build_161_to_168.html | took 0ms
16:59:16     INFO - TEST-START | /webgl/conformance-1.0.3/conformance/ogles/GL/build/build_169_to_176.html
16:59:16     INFO - TEST-SKIP | /webgl/conformance-1.0.3/conformance/ogles/GL/build/build_169_to_176.html | took 0ms
16:59:16     INFO - TEST-START | /webgl/conformance-1.0.3/conformance/ogles/GL/build/build_177_to_178.html
16:59:16     INFO - TEST-SKIP | /webgl/conformance-1.0.3/conformance/ogles/GL/build/build_177_to_178.html | took 0ms
16:59:16     INFO - TEST-START | /webgl/conformance-1.0.3/conformance/ogles/GL/cos/cos_001_to_006.html
16:59:16     INFO - TEST-SKIP | /webgl/conformance-1.0.3/conformance/ogles/GL/cos/cos_001_to_006.html | took 0ms
16:59:16     INFO - TEST-START | /webgl/conformance-1.0.3/conformance/ogles/GL/distance/distance_001_to_006.html
16:59:16     INFO - TEST-SKIP | /webgl/conformance-1.0.3/conformance/ogles/GL/distance/distance_001_to_006.html | took 0ms
16:59:16     INFO - TEST-START | /webgl/conformance-1.0.3/conformance/ogles/GL/floor/floor_001_to_006.html
16:59:16     INFO - TEST-SKIP | /webgl/conformance-1.0.3/conformance/ogles/GL/floor/floor_001_to_006.html | took 0ms
16:59:16     INFO - TEST-START | /webgl/conformance-1.0.3/conformance/ogles/GL/fract/fract_001_to_006.html
16:59:16     INFO - TEST-SKIP | /webgl/conformance-1.0.3/conformance/ogles/GL/fract/fract_001_to_006.html | took 1ms
16:59:16     INFO - TEST-START | /webgl/conformance-1.0.3/conformance/ogles/GL/mat3/mat3_001_to_006.html
16:59:16     INFO - TEST-SKIP | /webgl/conformance-1.0.3/conformance/ogles/GL/mat3/mat3_001_to_006.html | took 0ms
16:59:16     INFO - TEST-START | /webgl/conformance-1.0.3/conformance/ogles/GL/sin/sin_001_to_006.html
16:59:16     INFO - TEST-SKIP | /webgl/conformance-1.0.3/conformance/ogles/GL/sin/sin_001_to_006.html | took 0ms
16:59:16     INFO - TEST-START | /webgl/conformance-1.0.3/conformance/ogles/GL/smoothstep/smoothstep_001_to_006.html
16:59:16     INFO - TEST-SKIP | /webgl/conformance-1.0.3/conformance/ogles/GL/smoothstep/smoothstep_001_to_006.html | took 0ms
16:59:16     INFO - TEST-START | /webgl/conformance-1.0.3/conformance/ogles/GL/struct/struct_001_to_008.html
16:59:16     INFO - TEST-SKIP | /webgl/conformance-1.0.3/conformance/ogles/GL/struct/struct_001_to_008.html | took 0ms
16:59:16     INFO - TEST-START | /webgl/conformance-1.0.3/conformance/ogles/GL/struct/struct_009_to_016.html
16:59:16     INFO - TEST-SKIP | /webgl/conformance-1.0.3/conformance/ogles/GL/struct/struct_009_to_016.html | took 0ms
16:59:16     INFO - TEST-START | /webgl/conformance-1.0.3/conformance/ogles/GL/struct/struct_017_to_024.html
16:59:16     INFO - TEST-SKIP | /webgl/conformance-1.0.3/conformance/ogles/GL/struct/struct_017_to_024.html | took 3ms
16:59:16     INFO - TEST-START | /webgl/conformance-1.0.3/conformance/ogles/GL/struct/struct_025_to_032.html
16:59:16     INFO - TEST-SKIP | /webgl/conformance-1.0.3/conformance/ogles/GL/struct/struct_025_to_032.html | took 0ms
16:59:16     INFO - TEST-START | /webgl/conformance-1.0.3/conformance/ogles/GL/struct/struct_033_to_040.html
16:59:16     INFO - TEST-SKIP | /webgl/conformance-1.0.3/conformance/ogles/GL/struct/struct_033_to_040.html | took 0ms
16:59:16     INFO - TEST-START | /webgl/conformance-1.0.3/conformance/ogles/GL/struct/struct_041_to_048.html
16:59:16     INFO - TEST-SKIP | /webgl/conformance-1.0.3/conformance/ogles/GL/struct/struct_041_to_048.html | took 0ms
16:59:16     INFO - TEST-START | /webgl/conformance-1.0.3/conformance/ogles/GL/struct/struct_049_to_056.html
16:59:16     INFO - TEST-SKIP | /webgl/conformance-1.0.3/conformance/ogles/GL/struct/struct_049_to_056.html | took 0ms
16:59:16     INFO - TEST-START | /webgl/conformance-1.0.3/conformance/ogles/GL/swizzlers/swizzlers_001_to_008.html
16:59:16     INFO - TEST-SKIP | /webgl/conformance-1.0.3/conformance/ogles/GL/swizzlers/swizzlers_001_to_008.html | took 0ms
16:59:16     INFO - TEST-START | /webgl/conformance-1.0.3/conformance/ogles/GL/swizzlers/swizzlers_009_to_016.html
16:59:16     INFO - TEST-SKIP | /webgl/conformance-1.0.3/conformance/ogles/GL/swizzlers/swizzlers_009_to_016.html | took 0ms
16:59:16     INFO - TEST-START | /webgl/conformance-1.0.3/conformance/ogles/GL/swizzlers/swizzlers_017_to_024.html
16:59:16     INFO - TEST-SKIP | /webgl/conformance-1.0.3/conformance/ogles/GL/swizzlers/swizzlers_017_to_024.html | took 0ms
16:59:16     INFO - TEST-START | /webgl/conformance-1.0.3/conformance/ogles/GL/swizzlers/swizzlers_025_to_032.html
16:59:16     INFO - TEST-SKIP | /webgl/conformance-1.0.3/conformance/ogles/GL/swizzlers/swizzlers_025_to_032.html | took 0ms
16:59:16     INFO - TEST-START | /webgl/conformance-1.0.3/conformance/ogles/GL/swizzlers/swizzlers_033_to_040.html
16:59:16     INFO - TEST-SKIP | /webgl/conformance-1.0.3/conformance/ogles/GL/swizzlers/swizzlers_033_to_040.html | took 0ms
16:59:16     INFO - TEST-START | /webgl/conformance-1.0.3/conformance/ogles/GL/swizzlers/swizzlers_041_to_048.html
16:59:16     INFO - TEST-SKIP | /webgl/conformance-1.0.3/conformance/ogles/GL/swizzlers/swizzlers_041_to_048.html | took 1ms
16:59:16     INFO - TEST-START | /webgl/conformance-1.0.3/conformance/ogles/GL/swizzlers/swizzlers_049_to_056.html
16:59:16     INFO - TEST-SKIP | /webgl/conformance-1.0.3/conformance/ogles/GL/swizzlers/swizzlers_049_to_056.html | took 0ms
16:59:16     INFO - TEST-START | /webgl/conformance-1.0.3/conformance/ogles/GL/swizzlers/swizzlers_057_to_064.html
16:59:16     INFO - TEST-SKIP | /webgl/conformance-1.0.3/conformance/ogles/GL/swizzlers/swizzlers_057_to_064.html | took 0ms
16:59:16     INFO - TEST-START | /webgl/conformance-1.0.3/conformance/ogles/GL/swizzlers/swizzlers_065_to_072.html
16:59:16     INFO - TEST-SKIP | /webgl/conformance-1.0.3/conformance/ogles/GL/swizzlers/swizzlers_065_to_072.html | took 0ms
16:59:16     INFO - TEST-START | /webgl/conformance-1.0.3/conformance/ogles/GL/swizzlers/swizzlers_073_to_080.html
16:59:16     INFO - TEST-SKIP | /webgl/conformance-1.0.3/conformance/ogles/GL/swizzlers/swizzlers_073_to_080.html | took 0ms
16:59:16     INFO - TEST-START | /webgl/conformance-1.0.3/conformance/ogles/GL/swizzlers/swizzlers_081_to_088.html
16:59:16     INFO - TEST-SKIP | /webgl/conformance-1.0.3/conformance/ogles/GL/swizzlers/swizzlers_081_to_088.html | took 0ms
16:59:16     INFO - TEST-START | /webgl/conformance-1.0.3/conformance/ogles/GL/swizzlers/swizzlers_089_to_096.html
16:59:16     INFO - TEST-SKIP | /webgl/conformance-1.0.3/conformance/ogles/GL/swizzlers/swizzlers_089_to_096.html | took 0ms
16:59:16     INFO - TEST-START | /webgl/conformance-1.0.3/conformance/ogles/GL/swizzlers/swizzlers_097_to_104.html
16:59:16     INFO - TEST-SKIP | /webgl/conformance-1.0.3/conformance/ogles/GL/swizzlers/swizzlers_097_to_104.html | took 0ms
16:59:16     INFO - TEST-START | /webgl/conformance-1.0.3/conformance/ogles/GL/swizzlers/swizzlers_105_to_112.html
16:59:16     INFO - TEST-SKIP | /webgl/conformance-1.0.3/conformance/ogles/GL/swizzlers/swizzlers_105_to_112.html | took 0ms
16:59:16     INFO - TEST-START | /webgl/conformance-1.0.3/conformance/ogles/GL/swizzlers/swizzlers_113_to_120.html
16:59:16     INFO - TEST-SKIP | /webgl/conformance-1.0.3/conformance/ogles/GL/swizzlers/swizzlers_113_to_120.html | took 2ms
16:59:16     INFO - TEST-START | /webgl/conformance-1.0.3/conformance/ogles/GL/vec/vec_001_to_008.html
16:59:16     INFO - TEST-SKIP | /webgl/conformance-1.0.3/conformance/ogles/GL/vec/vec_001_to_008.html | took 0ms
16:59:16     INFO - TEST-START | /webgl/conformance-1.0.3/conformance/ogles/GL/vec/vec_009_to_016.html
16:59:16     INFO - TEST-SKIP | /webgl/conformance-1.0.3/conformance/ogles/GL/vec/vec_009_to_016.html | took 0ms
16:59:16     INFO - TEST-START | /webgl/conformance-1.0.3/conformance/ogles/GL/vec/vec_017_to_018.html
16:59:16     INFO - TEST-SKIP | /webgl/conformance-1.0.3/conformance/ogles/GL/vec/vec_017_to_018.html | took 0ms
16:59:16     INFO - TEST-START | /websockets/interfaces/WebSocket/bufferedAmount/bufferedAmount-arraybuffer.html
16:59:16     INFO - TEST-SKIP | /websockets/interfaces/WebSocket/bufferedAmount/bufferedAmount-arraybuffer.html | took 0ms
16:59:16     INFO - TEST-START | /websockets/interfaces/WebSocket/bufferedAmount/bufferedAmount-arraybuffer.html?wss
16:59:16     INFO - TEST-SKIP | /websockets/interfaces/WebSocket/bufferedAmount/bufferedAmount-arraybuffer.html?wss | took 0ms
16:59:16     INFO - TEST-START | /websockets/interfaces/WebSocket/bufferedAmount/bufferedAmount-blob.html
16:59:16     INFO - TEST-SKIP | /websockets/interfaces/WebSocket/bufferedAmount/bufferedAmount-blob.html | took 0ms
16:59:16     INFO - TEST-START | /websockets/interfaces/WebSocket/bufferedAmount/bufferedAmount-blob.html?wss
16:59:16     INFO - TEST-SKIP | /websockets/interfaces/WebSocket/bufferedAmount/bufferedAmount-blob.html?wss | took 0ms
16:59:16     INFO - TEST-START | /websockets/interfaces/WebSocket/bufferedAmount/bufferedAmount-defineProperty-getter.html
16:59:16     INFO - TEST-SKIP | /websockets/interfaces/WebSocket/bufferedAmount/bufferedAmount-defineProperty-getter.html | took 0ms
16:59:16     INFO - TEST-START | /websockets/interfaces/WebSocket/bufferedAmount/bufferedAmount-defineProperty-getter.html?wss
16:59:16     INFO - TEST-SKIP | /websockets/interfaces/WebSocket/bufferedAmount/bufferedAmount-defineProperty-getter.html?wss | took 0ms
16:59:16     INFO - TEST-START | /websockets/interfaces/WebSocket/bufferedAmount/bufferedAmount-defineProperty-setter.html?wss
16:59:16     INFO - TEST-SKIP | /websockets/interfaces/WebSocket/bufferedAmount/bufferedAmount-defineProperty-setter.html?wss | took 0ms
16:59:16     INFO - TEST-START | /websockets/interfaces/WebSocket/bufferedAmount/bufferedAmount-defineProperty-setter.html
16:59:16     INFO - TEST-SKIP | /websockets/interfaces/WebSocket/bufferedAmount/bufferedAmount-defineProperty-setter.html | took 0ms
16:59:16     INFO - TEST-START | /websockets/interfaces/WebSocket/bufferedAmount/bufferedAmount-deleting.html?wss
16:59:16     INFO - TEST-SKIP | /websockets/interfaces/WebSocket/bufferedAmount/bufferedAmount-deleting.html?wss | took 1ms
16:59:16     INFO - TEST-START | /websockets/interfaces/WebSocket/bufferedAmount/bufferedAmount-deleting.html
16:59:16     INFO - TEST-SKIP | /websockets/interfaces/WebSocket/bufferedAmount/bufferedAmount-deleting.html | took 0ms
16:59:16     INFO - TEST-START | /websockets/interfaces/WebSocket/bufferedAmount/bufferedAmount-getting.html?wss
16:59:16     INFO - TEST-SKIP | /websockets/interfaces/WebSocket/bufferedAmount/bufferedAmount-getting.html?wss | took 0ms
16:59:16     INFO - TEST-START | /websockets/interfaces/WebSocket/bufferedAmount/bufferedAmount-getting.html
16:59:16     INFO - TEST-SKIP | /websockets/interfaces/WebSocket/bufferedAmount/bufferedAmount-getting.html | took 0ms
16:59:16     INFO - TEST-START | /websockets/interfaces/WebSocket/bufferedAmount/bufferedAmount-initial.html
16:59:16     INFO - TEST-SKIP | /websockets/interfaces/WebSocket/bufferedAmount/bufferedAmount-initial.html | took 0ms
16:59:16     INFO - TEST-START | /websockets/interfaces/WebSocket/bufferedAmount/bufferedAmount-initial.html?wss
16:59:16     INFO - TEST-SKIP | /websockets/interfaces/WebSocket/bufferedAmount/bufferedAmount-initial.html?wss | took 0ms
16:59:16     INFO - TEST-START | /websockets/interfaces/WebSocket/bufferedAmount/bufferedAmount-large.html
16:59:16     INFO - TEST-SKIP | /websockets/interfaces/WebSocket/bufferedAmount/bufferedAmount-large.html | took 0ms
16:59:16     INFO - TEST-START | /websockets/interfaces/WebSocket/bufferedAmount/bufferedAmount-large.html?wss
16:59:16     INFO - TEST-SKIP | /websockets/interfaces/WebSocket/bufferedAmount/bufferedAmount-large.html?wss | took 2ms
16:59:16     INFO - TEST-START | /websockets/interfaces/WebSocket/bufferedAmount/bufferedAmount-readonly.html
16:59:16     INFO - TEST-SKIP | /websockets/interfaces/WebSocket/bufferedAmount/bufferedAmount-readonly.html | took 0ms
16:59:16     INFO - TEST-START | /websockets/interfaces/WebSocket/bufferedAmount/bufferedAmount-readonly.html?wss
16:59:16     INFO - TEST-SKIP | /websockets/interfaces/WebSocket/bufferedAmount/bufferedAmount-readonly.html?wss | took 0ms
16:59:16     INFO - TEST-START | /websockets/interfaces/WebSocket/bufferedAmount/bufferedAmount-unicode.html
16:59:16     INFO - TEST-SKIP | /websockets/interfaces/WebSocket/bufferedAmount/bufferedAmount-unicode.html | took 1ms
16:59:16     INFO - TEST-START | /websockets/interfaces/WebSocket/bufferedAmount/bufferedAmount-unicode.html?wss
16:59:16     INFO - TEST-SKIP | /websockets/interfaces/WebSocket/bufferedAmount/bufferedAmount-unicode.html?wss | took 0ms
16:59:16     INFO - TEST-START | /workers/constructors/SharedWorker/undefined-arguments.html
16:59:16     INFO - TEST-SKIP | /workers/constructors/SharedWorker/undefined-arguments.html | took 0ms
16:59:16     INFO - Setting up ssl
16:59:16     INFO - PROCESS | certutil | 
16:59:17     INFO - PROCESS | certutil | 
16:59:17     INFO - PROCESS | certutil | 
16:59:17     INFO - Certificate Nickname                                         Trust Attributes
16:59:17     INFO -                                                              SSL,S/MIME,JAR/XPI
16:59:17     INFO - 
16:59:17     INFO - web-platform-tests                                           CT,, 
16:59:17     INFO - 
16:59:17     INFO - Application command: /builds/slave/test/build/application/Firefox.app/Contents/MacOS/firefox --marionette about:blank -foreground -profile /var/folders/tr/w5h3k_vj5g92sq767b3y6v8w00000w/T/tmpo6Ryko.mozrunner
16:59:17     INFO - Starting runner
16:59:18     INFO - PROCESS | 687 | 1528502358212	Marionette	INFO	Listening on port 2828
16:59:20     INFO - TEST-START | /2dcontext/compositing/2d.composite.canvas.copy.html
16:59:20     INFO - .
16:59:20     INFO - TEST-OK | /2dcontext/compositing/2d.composite.canvas.copy.html | took 217ms
16:59:20     INFO - TEST-START | /2dcontext/compositing/2d.composite.canvas.destination-atop.html
16:59:20     INFO - .
16:59:20     INFO - TEST-OK | /2dcontext/compositing/2d.composite.canvas.destination-atop.html | took 266ms
16:59:20     INFO - TEST-START | /2dcontext/compositing/2d.composite.canvas.destination-in.html
16:59:21     INFO - .
16:59:21     INFO - TEST-OK | /2dcontext/compositing/2d.composite.canvas.destination-in.html | took 216ms
16:59:21     INFO - TEST-START | /2dcontext/compositing/2d.composite.canvas.destination-out.html
16:59:21     INFO - .
16:59:21     INFO - TEST-OK | /2dcontext/compositing/2d.composite.canvas.destination-out.html | took 217ms
16:59:21     INFO - TEST-START | /2dcontext/compositing/2d.composite.canvas.destination-over.html
16:59:21     INFO - .
16:59:21     INFO - TEST-OK | /2dcontext/compositing/2d.composite.canvas.destination-over.html | took 215ms
16:59:21     INFO - TEST-START | /2dcontext/compositing/2d.composite.canvas.lighter.html
16:59:21     INFO - .
16:59:21     INFO - TEST-OK | /2dcontext/compositing/2d.composite.canvas.lighter.html | took 214ms
16:59:21     INFO - TEST-START | /2dcontext/compositing/2d.composite.canvas.source-atop.html
16:59:21     INFO - .
16:59:21     INFO - TEST-OK | /2dcontext/compositing/2d.composite.canvas.source-atop.html | took 264ms
16:59:21     INFO - TEST-START | /2dcontext/compositing/2d.composite.canvas.source-in.html
16:59:22     INFO - .
16:59:22     INFO - TEST-OK | /2dcontext/compositing/2d.composite.canvas.source-in.html | took 214ms
16:59:22     INFO - TEST-START | /2dcontext/compositing/2d.composite.canvas.source-out.html
16:59:22     INFO - .
16:59:22     INFO - TEST-OK | /2dcontext/compositing/2d.composite.canvas.source-out.html | took 214ms
16:59:22     INFO - TEST-START | /2dcontext/compositing/2d.composite.canvas.source-over.html
16:59:22     INFO - .
16:59:22     INFO - TEST-OK | /2dcontext/compositing/2d.composite.canvas.source-over.html | took 214ms
16:59:22     INFO - TEST-START | /2dcontext/compositing/2d.composite.canvas.xor.html
16:59:22     INFO - .
16:59:22     INFO - TEST-OK | /2dcontext/compositing/2d.composite.canvas.xor.html | took 214ms
16:59:22     INFO - TEST-START | /2dcontext/compositing/2d.composite.clip.copy.html
16:59:23     INFO - .
16:59:23     INFO - TEST-OK | /2dcontext/compositing/2d.composite.clip.copy.html | took 214ms
16:59:23     INFO - TEST-START | /2dcontext/compositing/2d.composite.clip.destination-atop.html
16:59:23     INFO - .
16:59:23     INFO - TEST-OK | /2dcontext/compositing/2d.composite.clip.destination-atop.html | took 264ms
16:59:23     INFO - TEST-START | /2dcontext/compositing/2d.composite.clip.destination-in.html
16:59:23     INFO - .
16:59:23     INFO - TEST-OK | /2dcontext/compositing/2d.composite.clip.destination-in.html | took 265ms
16:59:23     INFO - TEST-START | /2dcontext/compositing/2d.composite.clip.destination-out.html
16:59:23     INFO - .
16:59:23     INFO - TEST-OK | /2dcontext/compositing/2d.composite.clip.destination-out.html | took 215ms
16:59:23     INFO - TEST-START | /2dcontext/compositing/2d.composite.clip.destination-over.html
16:59:24     INFO - .
16:59:24     INFO - TEST-OK | /2dcontext/compositing/2d.composite.clip.destination-over.html | took 315ms
16:59:24     INFO - TEST-START | /2dcontext/compositing/2d.composite.clip.lighter.html
16:59:24     INFO - .
16:59:24     INFO - TEST-OK | /2dcontext/compositing/2d.composite.clip.lighter.html | took 264ms
16:59:24     INFO - TEST-START | /2dcontext/compositing/2d.composite.clip.source-atop.html
16:59:24     INFO - .
16:59:24     INFO - TEST-OK | /2dcontext/compositing/2d.composite.clip.source-atop.html | took 265ms
16:59:24     INFO - TEST-START | /2dcontext/compositing/2d.composite.clip.source-in.html
16:59:24     INFO - .
16:59:24     INFO - TEST-OK | /2dcontext/compositing/2d.composite.clip.source-in.html | took 265ms
16:59:24     INFO - TEST-START | /2dcontext/compositing/2d.composite.clip.source-out.html
16:59:25     INFO - .
16:59:25     INFO - TEST-OK | /2dcontext/compositing/2d.composite.clip.source-out.html | took 267ms
16:59:25     INFO - TEST-START | /2dcontext/compositing/2d.composite.clip.source-over.html
16:59:25     INFO - .
16:59:25     INFO - TEST-OK | /2dcontext/compositing/2d.composite.clip.source-over.html | took 215ms
16:59:25     INFO - TEST-START | /2dcontext/compositing/2d.composite.clip.xor.html
16:59:25     INFO - .
16:59:25     INFO - TEST-OK | /2dcontext/compositing/2d.composite.clip.xor.html | took 219ms
16:59:25     INFO - TEST-START | /2dcontext/compositing/2d.composite.globalAlpha.canvas.html
16:59:25     INFO - .
16:59:25     INFO - TEST-OK | /2dcontext/compositing/2d.composite.globalAlpha.canvas.html | took 215ms
16:59:25     INFO - TEST-START | /2dcontext/compositing/2d.composite.globalAlpha.canvaspattern.html
16:59:26     INFO - .
16:59:26     INFO - TEST-OK | /2dcontext/compositing/2d.composite.globalAlpha.canvaspattern.html | took 215ms
16:59:26     INFO - TEST-START | /2dcontext/compositing/2d.composite.globalAlpha.default.html
16:59:26     INFO - .
16:59:26     INFO - TEST-OK | /2dcontext/compositing/2d.composite.globalAlpha.default.html | took 265ms
16:59:26     INFO - TEST-START | /2dcontext/compositing/2d.composite.globalAlpha.fill.html
16:59:26     INFO - .
16:59:26     INFO - TEST-OK | /2dcontext/compositing/2d.composite.globalAlpha.fill.html | took 264ms
16:59:26     INFO - TEST-START | /2dcontext/compositing/2d.composite.globalAlpha.image.html
16:59:26     INFO - .
16:59:26     INFO - TEST-OK | /2dcontext/compositing/2d.composite.globalAlpha.image.html | took 214ms
16:59:26     INFO - TEST-START | /2dcontext/compositing/2d.composite.globalAlpha.imagepattern.html
16:59:27     INFO - .
16:59:27     INFO - TEST-OK | /2dcontext/compositing/2d.composite.globalAlpha.imagepattern.html | took 215ms
16:59:27     INFO - TEST-START | /2dcontext/compositing/2d.composite.globalAlpha.invalid.html
16:59:27     INFO - .
16:59:27     INFO - TEST-OK | /2dcontext/compositing/2d.composite.globalAlpha.invalid.html | took 215ms
16:59:27     INFO - TEST-START | /2dcontext/compositing/2d.composite.globalAlpha.range.html
16:59:27     INFO - .
16:59:27     INFO - TEST-OK | /2dcontext/compositing/2d.composite.globalAlpha.range.html | took 214ms
16:59:27     INFO - TEST-START | /2dcontext/compositing/2d.composite.image.copy.html
16:59:27     INFO - .
16:59:27     INFO - TEST-OK | /2dcontext/compositing/2d.composite.image.copy.html | took 216ms
16:59:27     INFO - TEST-START | /2dcontext/compositing/2d.composite.image.destination-atop.html
16:59:27     INFO - .
16:59:27     INFO - TEST-OK | /2dcontext/compositing/2d.composite.image.destination-atop.html | took 215ms
16:59:27     INFO - TEST-START | /2dcontext/compositing/2d.composite.image.destination-in.html
16:59:28     INFO - .
16:59:28     INFO - TEST-OK | /2dcontext/compositing/2d.composite.image.destination-in.html | took 314ms
16:59:28     INFO - TEST-START | /2dcontext/compositing/2d.composite.image.destination-out.html
16:59:28     INFO - .
16:59:28     INFO - TEST-OK | /2dcontext/compositing/2d.composite.image.destination-out.html | took 515ms
16:59:28     INFO - TEST-START | /2dcontext/compositing/2d.composite.image.destination-over.html
16:59:28     INFO - .
16:59:28     INFO - TEST-OK | /2dcontext/compositing/2d.composite.image.destination-over.html | took 264ms
16:59:28     INFO - TEST-START | /2dcontext/compositing/2d.composite.image.lighter.html
16:59:29     INFO - .
16:59:29     INFO - TEST-OK | /2dcontext/compositing/2d.composite.image.lighter.html | took 264ms
16:59:29     INFO - TEST-START | /2dcontext/compositing/2d.composite.image.source-atop.html
16:59:29     INFO - .
16:59:29     INFO - TEST-OK | /2dcontext/compositing/2d.composite.image.source-atop.html | took 214ms
16:59:29     INFO - TEST-START | /2dcontext/compositing/2d.composite.image.source-in.html
16:59:29     INFO - .
16:59:29     INFO - TEST-OK | /2dcontext/compositing/2d.composite.image.source-in.html | took 214ms
16:59:29     INFO - TEST-START | /2dcontext/compositing/2d.composite.image.source-out.html
16:59:29     INFO - .
16:59:29     INFO - TEST-OK | /2dcontext/compositing/2d.composite.image.source-out.html | took 265ms
16:59:29     INFO - TEST-START | /2dcontext/compositing/2d.composite.image.source-over.html
16:59:30     INFO - .
16:59:30     INFO - TEST-OK | /2dcontext/compositing/2d.composite.image.source-over.html | took 214ms
16:59:30     INFO - TEST-START | /2dcontext/compositing/2d.composite.image.xor.html
16:59:30     INFO - .
16:59:30     INFO - TEST-OK | /2dcontext/compositing/2d.composite.image.xor.html | took 214ms
16:59:30     INFO - TEST-START | /2dcontext/compositing/2d.composite.operation.casesensitive.html
16:59:30     INFO - .
16:59:30     INFO - TEST-OK | /2dcontext/compositing/2d.composite.operation.casesensitive.html | took 266ms
16:59:30     INFO - TEST-START | /2dcontext/compositing/2d.composite.operation.clear.html
16:59:31     INFO - .
16:59:31     INFO - TEST-OK | /2dcontext/compositing/2d.composite.operation.clear.html | took 316ms
16:59:31     INFO - TEST-START | /2dcontext/compositing/2d.composite.operation.darker.html
16:59:31     INFO - .
16:59:31     INFO - TEST-OK | /2dcontext/compositing/2d.composite.operation.darker.html | took 216ms
16:59:31     INFO - TEST-START | /2dcontext/compositing/2d.composite.operation.default.html
16:59:31     INFO - .
16:59:31     INFO - TEST-OK | /2dcontext/compositing/2d.composite.operation.default.html | took 215ms
16:59:31     INFO - TEST-START | /2dcontext/compositing/2d.composite.operation.get.html
16:59:31     INFO - .
16:59:31     INFO - TEST-OK | /2dcontext/compositing/2d.composite.operation.get.html | took 215ms
16:59:31     INFO - TEST-START | /2dcontext/compositing/2d.composite.operation.highlight.html
16:59:31     INFO - .
16:59:31     INFO - TEST-OK | /2dcontext/compositing/2d.composite.operation.highlight.html | took 215ms
16:59:31     INFO - TEST-START | /2dcontext/compositing/2d.composite.operation.nullsuffix.html
16:59:32     INFO - .
16:59:32     INFO - TEST-OK | /2dcontext/compositing/2d.composite.operation.nullsuffix.html | took 215ms
16:59:32     INFO - TEST-START | /2dcontext/compositing/2d.composite.operation.over.html
16:59:32     INFO - .
16:59:32     INFO - TEST-OK | /2dcontext/compositing/2d.composite.operation.over.html | took 214ms
16:59:32     INFO - TEST-START | /2dcontext/compositing/2d.composite.operation.unrecognised.html
16:59:32     INFO - .
16:59:32     INFO - TEST-OK | /2dcontext/compositing/2d.composite.operation.unrecognised.html | took 214ms
16:59:32     INFO - TEST-START | /2dcontext/compositing/2d.composite.solid.copy.html
16:59:32     INFO - .
16:59:32     INFO - TEST-OK | /2dcontext/compositing/2d.composite.solid.copy.html | took 214ms
16:59:32     INFO - TEST-START | /2dcontext/compositing/2d.composite.solid.destination-atop.html
16:59:32     INFO - .
16:59:32     INFO - TEST-OK | /2dcontext/compositing/2d.composite.solid.destination-atop.html | took 214ms
16:59:32     INFO - TEST-START | /2dcontext/compositing/2d.composite.solid.destination-in.html
16:59:33     INFO - .
16:59:33     INFO - TEST-OK | /2dcontext/compositing/2d.composite.solid.destination-in.html | took 214ms
16:59:33     INFO - TEST-START | /2dcontext/compositing/2d.composite.solid.destination-out.html
16:59:33     INFO - .
16:59:33     INFO - TEST-OK | /2dcontext/compositing/2d.composite.solid.destination-out.html | took 214ms
16:59:33     INFO - TEST-START | /2dcontext/compositing/2d.composite.solid.destination-over.html
16:59:33     INFO - .
16:59:33     INFO - TEST-OK | /2dcontext/compositing/2d.composite.solid.destination-over.html | took 464ms
16:59:33     INFO - TEST-START | /2dcontext/compositing/2d.composite.solid.lighter.html
16:59:34     INFO - .
16:59:34     INFO - TEST-OK | /2dcontext/compositing/2d.composite.solid.lighter.html | took 264ms
16:59:34     INFO - TEST-START | /2dcontext/compositing/2d.composite.solid.source-atop.html
16:59:34     INFO - .
16:59:34     INFO - TEST-OK | /2dcontext/compositing/2d.composite.solid.source-atop.html | took 365ms
16:59:34     INFO - TEST-START | /2dcontext/compositing/2d.composite.solid.source-in.html
16:59:34     INFO - .
16:59:34     INFO - TEST-OK | /2dcontext/compositing/2d.composite.solid.source-in.html | took 317ms
16:59:34     INFO - TEST-START | /2dcontext/compositing/2d.composite.solid.source-out.html
16:59:35     INFO - .
16:59:35     INFO - TEST-OK | /2dcontext/compositing/2d.composite.solid.source-out.html | took 217ms
16:59:35     INFO - TEST-START | /2dcontext/compositing/2d.composite.solid.source-over.html
16:59:35     INFO - .
16:59:35     INFO - TEST-OK | /2dcontext/compositing/2d.composite.solid.source-over.html | took 266ms
16:59:35     INFO - TEST-START | /2dcontext/compositing/2d.composite.solid.xor.html
16:59:35     INFO - .
16:59:35     INFO - TEST-OK | /2dcontext/compositing/2d.composite.solid.xor.html | took 516ms
16:59:35     INFO - TEST-START | /2dcontext/compositing/2d.composite.transparent.copy.html
16:59:36     INFO - .
16:59:36     INFO - TEST-OK | /2dcontext/compositing/2d.composite.transparent.copy.html | took 214ms
16:59:36     INFO - TEST-START | /2dcontext/compositing/2d.composite.transparent.destination-atop.html
16:59:36     INFO - .
16:59:36     INFO - TEST-OK | /2dcontext/compositing/2d.composite.transparent.destination-atop.html | took 215ms
16:59:36     INFO - TEST-START | /2dcontext/compositing/2d.composite.transparent.destination-in.html
16:59:36     INFO - .
16:59:36     INFO - TEST-OK | /2dcontext/compositing/2d.composite.transparent.destination-in.html | took 215ms
16:59:36     INFO - TEST-START | /2dcontext/compositing/2d.composite.transparent.destination-out.html
16:59:36     INFO - .
16:59:36     INFO - TEST-OK | /2dcontext/compositing/2d.composite.transparent.destination-out.html | took 214ms
16:59:36     INFO - TEST-START | /2dcontext/compositing/2d.composite.transparent.destination-over.html
16:59:36     INFO - .
16:59:36     INFO - TEST-OK | /2dcontext/compositing/2d.composite.transparent.destination-over.html | took 214ms
16:59:36     INFO - TEST-START | /2dcontext/compositing/2d.composite.transparent.lighter.html
16:59:37     INFO - .
16:59:37     INFO - TEST-OK | /2dcontext/compositing/2d.composite.transparent.lighter.html | took 214ms
16:59:37     INFO - TEST-START | /2dcontext/compositing/2d.composite.transparent.source-atop.html
16:59:37     INFO - .
16:59:37     INFO - TEST-OK | /2dcontext/compositing/2d.composite.transparent.source-atop.html | took 215ms
16:59:37     INFO - TEST-START | /2dcontext/compositing/2d.composite.transparent.source-in.html
16:59:37     INFO - .
16:59:37     INFO - TEST-OK | /2dcontext/compositing/2d.composite.transparent.source-in.html | took 214ms
16:59:37     INFO - TEST-START | /2dcontext/compositing/2d.composite.transparent.source-out.html
16:59:37     INFO - .
16:59:37     INFO - TEST-OK | /2dcontext/compositing/2d.composite.transparent.source-out.html | took 214ms
16:59:37     INFO - TEST-START | /2dcontext/compositing/2d.composite.transparent.source-over.html
16:59:38     INFO - .
16:59:38     INFO - TEST-OK | /2dcontext/compositing/2d.composite.transparent.source-over.html | took 315ms
16:59:38     INFO - TEST-START | /2dcontext/compositing/2d.composite.transparent.xor.html
16:59:38     INFO - .
16:59:38     INFO - TEST-OK | /2dcontext/compositing/2d.composite.transparent.xor.html | took 365ms
16:59:38     INFO - TEST-START | /2dcontext/compositing/2d.composite.uncovered.fill.copy.html
16:59:38     INFO - .
16:59:38     INFO - TEST-OK | /2dcontext/compositing/2d.composite.uncovered.fill.copy.html | took 464ms
16:59:38     INFO - TEST-START | /2dcontext/compositing/2d.composite.uncovered.fill.destination-atop.html
16:59:39     INFO - .
16:59:39     INFO - TEST-OK | /2dcontext/compositing/2d.composite.uncovered.fill.destination-atop.html | took 214ms
16:59:39     INFO - TEST-START | /2dcontext/compositing/2d.composite.uncovered.fill.destination-in.html
16:59:39     INFO - .
16:59:39     INFO - TEST-OK | /2dcontext/compositing/2d.composite.uncovered.fill.destination-in.html | took 265ms
16:59:39     INFO - TEST-START | /2dcontext/compositing/2d.composite.uncovered.fill.source-in.html
16:59:39     INFO - .
16:59:39     INFO - TEST-OK | /2dcontext/compositing/2d.composite.uncovered.fill.source-in.html | took 316ms
16:59:39     INFO - TEST-START | /2dcontext/compositing/2d.composite.uncovered.fill.source-out.html
16:59:40     INFO - .
16:59:40     INFO - TEST-OK | /2dcontext/compositing/2d.composite.uncovered.fill.source-out.html | took 266ms
16:59:40     INFO - TEST-START | /2dcontext/compositing/2d.composite.uncovered.image.copy.html
16:59:40     INFO - .
16:59:40     INFO - TEST-OK | /2dcontext/compositing/2d.composite.uncovered.image.copy.html | took 214ms
16:59:40     INFO - TEST-START | /2dcontext/compositing/2d.composite.uncovered.image.destination-atop.html
16:59:40     INFO - .
16:59:40     INFO - TEST-OK | /2dcontext/compositing/2d.composite.uncovered.image.destination-atop.html | took 215ms
16:59:40     INFO - TEST-START | /2dcontext/compositing/2d.composite.uncovered.image.destination-in.html
16:59:40     INFO - .
16:59:40     INFO - TEST-OK | /2dcontext/compositing/2d.composite.uncovered.image.destination-in.html | took 265ms
16:59:40     INFO - TEST-START | /2dcontext/compositing/2d.composite.uncovered.image.source-in.html
16:59:41     INFO - .
16:59:41     INFO - TEST-OK | /2dcontext/compositing/2d.composite.uncovered.image.source-in.html | took 264ms
16:59:41     INFO - TEST-START | /2dcontext/compositing/2d.composite.uncovered.image.source-out.html
16:59:41     INFO - .
16:59:41     INFO - TEST-OK | /2dcontext/compositing/2d.composite.uncovered.image.source-out.html | took 264ms
16:59:41     INFO - TEST-START | /2dcontext/compositing/2d.composite.uncovered.nocontext.copy.html
16:59:41     INFO - .
16:59:41     INFO - TEST-OK | /2dcontext/compositing/2d.composite.uncovered.nocontext.copy.html | took 215ms
16:59:41     INFO - TEST-START | /2dcontext/compositing/2d.composite.uncovered.nocontext.destination-atop.html
16:59:41     INFO - .
16:59:41     INFO - TEST-OK | /2dcontext/compositing/2d.composite.uncovered.nocontext.destination-atop.html | took 215ms
16:59:41     INFO - TEST-START | /2dcontext/compositing/2d.composite.uncovered.nocontext.destination-in.html
16:59:41     INFO - .
16:59:41     INFO - TEST-OK | /2dcontext/compositing/2d.composite.uncovered.nocontext.destination-in.html | took 215ms
16:59:41     INFO - TEST-START | /2dcontext/compositing/2d.composite.uncovered.nocontext.source-in.html
16:59:42     INFO - .
16:59:42     INFO - TEST-OK | /2dcontext/compositing/2d.composite.uncovered.nocontext.source-in.html | took 215ms
16:59:42     INFO - TEST-START | /2dcontext/compositing/2d.composite.uncovered.nocontext.source-out.html
16:59:42     INFO - .
16:59:42     INFO - TEST-OK | /2dcontext/compositing/2d.composite.uncovered.nocontext.source-out.html | took 180ms
16:59:42     INFO - TEST-START | /2dcontext/compositing/2d.composite.uncovered.pattern.copy.html
16:59:42     INFO - .
16:59:42     INFO - TEST-OK | /2dcontext/compositing/2d.composite.uncovered.pattern.copy.html | took 215ms
16:59:42     INFO - TEST-START | /2dcontext/compositing/2d.composite.uncovered.pattern.destination-atop.html
16:59:42     INFO - .
16:59:42     INFO - TEST-OK | /2dcontext/compositing/2d.composite.uncovered.pattern.destination-atop.html | took 215ms
16:59:42     INFO - TEST-START | /2dcontext/compositing/2d.composite.uncovered.pattern.destination-in.html
16:59:43     INFO - .
16:59:43     INFO - TEST-OK | /2dcontext/compositing/2d.composite.uncovered.pattern.destination-in.html | took 266ms
16:59:43     INFO - TEST-START | /2dcontext/compositing/2d.composite.uncovered.pattern.source-in.html
16:59:43     INFO - .
16:59:43     INFO - TEST-OK | /2dcontext/compositing/2d.composite.uncovered.pattern.source-in.html | took 314ms
16:59:43     INFO - TEST-START | /2dcontext/compositing/2d.composite.uncovered.pattern.source-out.html
16:59:43     INFO - .
16:59:43     INFO - TEST-OK | /2dcontext/compositing/2d.composite.uncovered.pattern.source-out.html | took 265ms
16:59:43     INFO - TEST-START | /2dcontext/conformance-requirements/2d.missingargs.html
16:59:43     INFO - .
16:59:43     INFO - TEST-OK | /2dcontext/conformance-requirements/2d.missingargs.html | took 166ms
16:59:43     INFO - TEST-START | /2dcontext/conformance-requirements/2d.type.delete.html
16:59:44     INFO - .
16:59:44     INFO - TEST-OK | /2dcontext/conformance-requirements/2d.type.delete.html | took 214ms
16:59:44     INFO - TEST-START | /2dcontext/conformance-requirements/2d.voidreturn.html
16:59:44     INFO - .
16:59:44     INFO - TEST-OK | /2dcontext/conformance-requirements/2d.voidreturn.html | took 264ms
16:59:44     INFO - TEST-START | /2dcontext/drawing-images-to-the-canvas/2d.drawImage.3arg.html
16:59:44     INFO - .
16:59:44     INFO - TEST-OK | /2dcontext/drawing-images-to-the-canvas/2d.drawImage.3arg.html | took 564ms
16:59:44     INFO - TEST-START | /2dcontext/drawing-images-to-the-canvas/2d.drawImage.5arg.html
16:59:45     INFO - .
16:59:45     INFO - TEST-OK | /2dcontext/drawing-images-to-the-canvas/2d.drawImage.5arg.html | took 215ms
16:59:45     INFO - TEST-START | /2dcontext/drawing-images-to-the-canvas/2d.drawImage.9arg.basic.html
16:59:45     INFO - .
16:59:45     INFO - TEST-OK | /2dcontext/drawing-images-to-the-canvas/2d.drawImage.9arg.basic.html | took 264ms
16:59:45     INFO - TEST-START | /2dcontext/drawing-images-to-the-canvas/2d.drawImage.9arg.destpos.html
16:59:45     INFO - .
16:59:45     INFO - TEST-OK | /2dcontext/drawing-images-to-the-canvas/2d.drawImage.9arg.destpos.html | took 214ms
16:59:45     INFO - TEST-START | /2dcontext/drawing-images-to-the-canvas/2d.drawImage.9arg.destsize.html
16:59:45     INFO - .
16:59:45     INFO - TEST-OK | /2dcontext/drawing-images-to-the-canvas/2d.drawImage.9arg.destsize.html | took 214ms
16:59:45     INFO - TEST-START | /2dcontext/drawing-images-to-the-canvas/2d.drawImage.9arg.sourcepos.html
16:59:46     INFO - .
16:59:46     INFO - TEST-OK | /2dcontext/drawing-images-to-the-canvas/2d.drawImage.9arg.sourcepos.html | took 215ms
16:59:46     INFO - TEST-START | /2dcontext/drawing-images-to-the-canvas/2d.drawImage.9arg.sourcesize.html
16:59:46     INFO - .
16:59:46     INFO - TEST-OK | /2dcontext/drawing-images-to-the-canvas/2d.drawImage.9arg.sourcesize.html | took 214ms
16:59:46     INFO - TEST-START | /2dcontext/drawing-images-to-the-canvas/2d.drawImage.alpha.html
16:59:46     INFO - .
16:59:46     INFO - TEST-OK | /2dcontext/drawing-images-to-the-canvas/2d.drawImage.alpha.html | took 265ms
16:59:46     INFO - TEST-START | /2dcontext/drawing-images-to-the-canvas/2d.drawImage.animated.apng.html
16:59:47     INFO - .
16:59:47     INFO - TEST-OK | /2dcontext/drawing-images-to-the-canvas/2d.drawImage.animated.apng.html | took 765ms
16:59:47     INFO - TEST-START | /2dcontext/drawing-images-to-the-canvas/2d.drawImage.animated.gif.html
16:59:48     INFO - .
16:59:48     INFO - TEST-OK | /2dcontext/drawing-images-to-the-canvas/2d.drawImage.animated.gif.html | took 765ms
16:59:48     INFO - TEST-START | /2dcontext/drawing-images-to-the-canvas/2d.drawImage.animated.poster.html
16:59:48     INFO - .
16:59:48     INFO - TEST-OK | /2dcontext/drawing-images-to-the-canvas/2d.drawImage.animated.poster.html | took 215ms
16:59:48     INFO - TEST-START | /2dcontext/drawing-images-to-the-canvas/2d.drawImage.broken.html
16:59:48     INFO - .
16:59:48     INFO - TEST-OK | /2dcontext/drawing-images-to-the-canvas/2d.drawImage.broken.html | took 215ms
16:59:48     INFO - TEST-START | /2dcontext/drawing-images-to-the-canvas/2d.drawImage.canvas.html
16:59:48     INFO - .
16:59:48     INFO - TEST-OK | /2dcontext/drawing-images-to-the-canvas/2d.drawImage.canvas.html | took 214ms
16:59:48     INFO - TEST-START | /2dcontext/drawing-images-to-the-canvas/2d.drawImage.clip.html
16:59:48     INFO - .
16:59:48     INFO - TEST-OK | /2dcontext/drawing-images-to-the-canvas/2d.drawImage.clip.html | took 214ms
16:59:48     INFO - TEST-START | /2dcontext/drawing-images-to-the-canvas/2d.drawImage.composite.html
16:59:49     INFO - .
16:59:49     INFO - TEST-OK | /2dcontext/drawing-images-to-the-canvas/2d.drawImage.composite.html | took 214ms
16:59:49     INFO - TEST-START | /2dcontext/drawing-images-to-the-canvas/2d.drawImage.floatsource.html
16:59:49     INFO - .
16:59:49     INFO - TEST-OK | /2dcontext/drawing-images-to-the-canvas/2d.drawImage.floatsource.html | took 214ms
16:59:49     INFO - TEST-START | /2dcontext/drawing-images-to-the-canvas/2d.drawImage.incomplete.emptysrc.html
16:59:49     INFO - .
16:59:49     INFO - TEST-OK | /2dcontext/drawing-images-to-the-canvas/2d.drawImage.incomplete.emptysrc.html | took 215ms
16:59:49     INFO - TEST-START | /2dcontext/drawing-images-to-the-canvas/2d.drawImage.incomplete.immediate.html
16:59:49     INFO - .
16:59:49     INFO - TEST-OK | /2dcontext/drawing-images-to-the-canvas/2d.drawImage.incomplete.immediate.html | took 214ms
16:59:49     INFO - TEST-START | /2dcontext/drawing-images-to-the-canvas/2d.drawImage.incomplete.nosrc.html
16:59:49     INFO - .
16:59:49     INFO - TEST-OK | /2dcontext/drawing-images-to-the-canvas/2d.drawImage.incomplete.nosrc.html | took 214ms
16:59:49     INFO - TEST-START | /2dcontext/drawing-images-to-the-canvas/2d.drawImage.incomplete.reload.html
16:59:50     INFO - .
16:59:50     INFO - TEST-OK | /2dcontext/drawing-images-to-the-canvas/2d.drawImage.incomplete.reload.html | took 214ms
16:59:50     INFO - TEST-START | /2dcontext/drawing-images-to-the-canvas/2d.drawImage.incomplete.removedsrc.html
16:59:50     INFO - .
16:59:50     INFO - TEST-OK | /2dcontext/drawing-images-to-the-canvas/2d.drawImage.incomplete.removedsrc.html | took 365ms
16:59:50     INFO - TEST-START | /2dcontext/drawing-images-to-the-canvas/2d.drawImage.negativedest.html
16:59:50     INFO - .
16:59:50     INFO - TEST-OK | /2dcontext/drawing-images-to-the-canvas/2d.drawImage.negativedest.html | took 366ms
16:59:50     INFO - TEST-START | /2dcontext/drawing-images-to-the-canvas/2d.drawImage.negativedir.html
16:59:51     INFO - .
16:59:51     INFO - TEST-OK | /2dcontext/drawing-images-to-the-canvas/2d.drawImage.negativedir.html | took 315ms
16:59:51     INFO - TEST-START | /2dcontext/drawing-images-to-the-canvas/2d.drawImage.negativesource.html
16:59:51     INFO - .
16:59:51     INFO - TEST-OK | /2dcontext/drawing-images-to-the-canvas/2d.drawImage.negativesource.html | took 315ms
16:59:51     INFO - TEST-START | /2dcontext/drawing-images-to-the-canvas/2d.drawImage.nonfinite.html
16:59:51     INFO - .
16:59:51     INFO - TEST-OK | /2dcontext/drawing-images-to-the-canvas/2d.drawImage.nonfinite.html | took 215ms
16:59:51     INFO - TEST-START | /2dcontext/drawing-images-to-the-canvas/2d.drawImage.nowrap.html
16:59:52     INFO - .
16:59:52     INFO - TEST-OK | /2dcontext/drawing-images-to-the-canvas/2d.drawImage.nowrap.html | took 214ms
16:59:52     INFO - TEST-START | /2dcontext/drawing-images-to-the-canvas/2d.drawImage.null.html
16:59:52     INFO - .
16:59:52     INFO - TEST-OK | /2dcontext/drawing-images-to-the-canvas/2d.drawImage.null.html | took 214ms
16:59:52     INFO - TEST-START | /2dcontext/drawing-images-to-the-canvas/2d.drawImage.path.html
16:59:52     INFO - .
16:59:52     INFO - TEST-OK | /2dcontext/drawing-images-to-the-canvas/2d.drawImage.path.html | took 215ms
16:59:52     INFO - TEST-START | /2dcontext/drawing-images-to-the-canvas/2d.drawImage.self.1.html
16:59:52     INFO - .
16:59:52     INFO - TEST-OK | /2dcontext/drawing-images-to-the-canvas/2d.drawImage.self.1.html | took 214ms
16:59:52     INFO - TEST-START | /2dcontext/drawing-images-to-the-canvas/2d.drawImage.self.2.html
16:59:52     INFO - .
16:59:52     INFO - TEST-OK | /2dcontext/drawing-images-to-the-canvas/2d.drawImage.self.2.html | took 264ms
16:59:52     INFO - TEST-START | /2dcontext/drawing-images-to-the-canvas/2d.drawImage.svg.html
16:59:53     INFO - .
16:59:53     INFO - TEST-OK | /2dcontext/drawing-images-to-the-canvas/2d.drawImage.svg.html | took 215ms
16:59:53     INFO - TEST-START | /2dcontext/drawing-images-to-the-canvas/2d.drawImage.transform.html
16:59:53     INFO - .
16:59:53     INFO - TEST-OK | /2dcontext/drawing-images-to-the-canvas/2d.drawImage.transform.html | took 366ms
16:59:53     INFO - TEST-START | /2dcontext/drawing-images-to-the-canvas/2d.drawImage.wrongtype.html
16:59:53     INFO - .
16:59:53     INFO - TEST-OK | /2dcontext/drawing-images-to-the-canvas/2d.drawImage.wrongtype.html | took 315ms
16:59:53     INFO - TEST-START | /2dcontext/drawing-images-to-the-canvas/2d.drawImage.zerocanvas.html
16:59:54     INFO - .
16:59:54     INFO - TEST-OK | /2dcontext/drawing-images-to-the-canvas/2d.drawImage.zerocanvas.html | took 215ms
16:59:54     INFO - TEST-START | /2dcontext/drawing-images-to-the-canvas/2d.drawImage.zerosource.html
16:59:54     INFO - .
16:59:54     INFO - TEST-OK | /2dcontext/drawing-images-to-the-canvas/2d.drawImage.zerosource.html | took 215ms
16:59:54     INFO - TEST-START | /2dcontext/drawing-images-to-the-canvas/2d.drawImage.zerosource.image.html
16:59:54     INFO - .
16:59:54     INFO - TEST-OK | /2dcontext/drawing-images-to-the-canvas/2d.drawImage.zerosource.image.html | took 265ms
16:59:54     INFO - TEST-START | /2dcontext/drawing-paths-to-the-canvas/canvas_complexshapes_ispointInpath_001.htm
16:59:54     INFO - .
16:59:54     INFO - TEST-OK | /2dcontext/drawing-paths-to-the-canvas/canvas_complexshapes_ispointInpath_001.htm | took 314ms
16:59:54     INFO - TEST-START | /2dcontext/drawing-paths-to-the-canvas/canvas_focus_drawCustomFocusRing_001.html
16:59:55     INFO - ..
16:59:55     INFO - TEST-OK | /2dcontext/drawing-paths-to-the-canvas/canvas_focus_drawCustomFocusRing_001.html | took 314ms
16:59:55     INFO - TEST-START | /2dcontext/drawing-paths-to-the-canvas/drawFocusIfNeeded_001.html
16:59:55     INFO - .
16:59:55     INFO - TEST-OK | /2dcontext/drawing-paths-to-the-canvas/drawFocusIfNeeded_001.html | took 214ms
16:59:55     INFO - TEST-START | /2dcontext/drawing-paths-to-the-canvas/drawFocusIfNeeded_002.html
16:59:55     INFO - .
16:59:55     INFO - TEST-OK | /2dcontext/drawing-paths-to-the-canvas/drawFocusIfNeeded_002.html | took 214ms
16:59:55     INFO - TEST-START | /2dcontext/drawing-paths-to-the-canvas/drawFocusIfNeeded_003.html
16:59:55     INFO - .
16:59:55     INFO - TEST-OK | /2dcontext/drawing-paths-to-the-canvas/drawFocusIfNeeded_003.html | took 215ms
16:59:55     INFO - TEST-START | /2dcontext/drawing-paths-to-the-canvas/drawFocusIfNeeded_004.html
16:59:56     INFO - .
16:59:56     INFO - TEST-OK | /2dcontext/drawing-paths-to-the-canvas/drawFocusIfNeeded_004.html | took 214ms
16:59:56     INFO - TEST-START | /2dcontext/drawing-paths-to-the-canvas/drawFocusIfNeeded_005.html
16:59:56     INFO - .
16:59:56     INFO - TEST-OK | /2dcontext/drawing-paths-to-the-canvas/drawFocusIfNeeded_005.html | took 315ms
16:59:56     INFO - TEST-START | /2dcontext/line-styles/2d.line.cap.butt.html
16:59:56     INFO - .
16:59:56     INFO - TEST-OK | /2dcontext/line-styles/2d.line.cap.butt.html | took 415ms
16:59:56     INFO - TEST-START | /2dcontext/line-styles/2d.line.cap.closed.html
16:59:57     INFO - .
16:59:57     INFO - TEST-OK | /2dcontext/line-styles/2d.line.cap.closed.html | took 464ms
16:59:57     INFO - TEST-START | /2dcontext/line-styles/2d.line.cap.invalid.html
16:59:57     INFO - .
16:59:57     INFO - TEST-OK | /2dcontext/line-styles/2d.line.cap.invalid.html | took 214ms
16:59:57     INFO - TEST-START | /2dcontext/line-styles/2d.line.cap.open.html
16:59:57     INFO - .
16:59:57     INFO - TEST-OK | /2dcontext/line-styles/2d.line.cap.open.html | took 214ms
16:59:57     INFO - TEST-START | /2dcontext/line-styles/2d.line.cap.round.html
16:59:57     INFO - .
16:59:57     INFO - TEST-OK | /2dcontext/line-styles/2d.line.cap.round.html | took 264ms
16:59:57     INFO - TEST-START | /2dcontext/line-styles/2d.line.cap.square.html
16:59:58     INFO - .
16:59:58     INFO - TEST-OK | /2dcontext/line-styles/2d.line.cap.square.html | took 314ms
16:59:58     INFO - TEST-START | /2dcontext/line-styles/2d.line.cap.valid.html
16:59:58     INFO - .
16:59:58     INFO - TEST-OK | /2dcontext/line-styles/2d.line.cap.valid.html | took 213ms
16:59:58     INFO - TEST-START | /2dcontext/line-styles/2d.line.cross.html
16:59:58     INFO - .
16:59:58     INFO - TEST-OK | /2dcontext/line-styles/2d.line.cross.html | took 214ms
16:59:58     INFO - TEST-START | /2dcontext/line-styles/2d.line.defaults.html
16:59:58     INFO - .
16:59:58     INFO - TEST-OK | /2dcontext/line-styles/2d.line.defaults.html | took 214ms
16:59:58     INFO - TEST-START | /2dcontext/line-styles/2d.line.join.bevel.html
16:59:59     INFO - .
16:59:59     INFO - TEST-OK | /2dcontext/line-styles/2d.line.join.bevel.html | took 265ms
16:59:59     INFO - TEST-START | /2dcontext/line-styles/2d.line.join.closed.html
16:59:59     INFO - .
16:59:59     INFO - TEST-OK | /2dcontext/line-styles/2d.line.join.closed.html | took 214ms
16:59:59     INFO - TEST-START | /2dcontext/line-styles/2d.line.join.invalid.html
16:59:59     INFO - .
16:59:59     INFO - TEST-OK | /2dcontext/line-styles/2d.line.join.invalid.html | took 265ms
16:59:59     INFO - TEST-START | /2dcontext/line-styles/2d.line.join.miter.html
16:59:59     INFO - .
16:59:59     INFO - TEST-OK | /2dcontext/line-styles/2d.line.join.miter.html | took 265ms
16:59:59     INFO - TEST-START | /2dcontext/line-styles/2d.line.join.open.html
17:00:00     INFO - .
17:00:00     INFO - TEST-OK | /2dcontext/line-styles/2d.line.join.open.html | took 214ms
17:00:00     INFO - TEST-START | /2dcontext/line-styles/2d.line.join.parallel.html
17:00:00     INFO - .
17:00:00     INFO - TEST-OK | /2dcontext/line-styles/2d.line.join.parallel.html | took 215ms
17:00:00     INFO - TEST-START | /2dcontext/line-styles/2d.line.join.round.html
17:00:00     INFO - .
17:00:00     INFO - TEST-OK | /2dcontext/line-styles/2d.line.join.round.html | took 223ms
17:00:00     INFO - TEST-START | /2dcontext/line-styles/2d.line.join.valid.html
17:00:00     INFO - .
17:00:00     INFO - TEST-OK | /2dcontext/line-styles/2d.line.join.valid.html | took 215ms
17:00:00     INFO - TEST-START | /2dcontext/line-styles/2d.line.miter.acute.html
17:00:01     INFO - .
17:00:01     INFO - TEST-OK | /2dcontext/line-styles/2d.line.miter.acute.html | took 215ms
17:00:01     INFO - TEST-START | /2dcontext/line-styles/2d.line.miter.exceeded.html
17:00:01     INFO - .
17:00:01     INFO - TEST-OK | /2dcontext/line-styles/2d.line.miter.exceeded.html | took 216ms
17:00:01     INFO - TEST-START | /2dcontext/line-styles/2d.line.miter.invalid.html
17:00:01     INFO - .
17:00:01     INFO - TEST-OK | /2dcontext/line-styles/2d.line.miter.invalid.html | took 215ms
17:00:01     INFO - TEST-START | /2dcontext/line-styles/2d.line.miter.lineedge.html
17:00:01     INFO - .
17:00:01     INFO - TEST-OK | /2dcontext/line-styles/2d.line.miter.lineedge.html | took 215ms
17:00:01     INFO - TEST-START | /2dcontext/line-styles/2d.line.miter.obtuse.html
17:00:01     INFO - .
17:00:01     INFO - TEST-OK | /2dcontext/line-styles/2d.line.miter.obtuse.html | took 215ms
17:00:01     INFO - TEST-START | /2dcontext/line-styles/2d.line.miter.rightangle.html
17:00:02     INFO - .
17:00:02     INFO - TEST-OK | /2dcontext/line-styles/2d.line.miter.rightangle.html | took 215ms
17:00:02     INFO - TEST-START | /2dcontext/line-styles/2d.line.miter.valid.html
17:00:02     INFO - .
17:00:02     INFO - TEST-OK | /2dcontext/line-styles/2d.line.miter.valid.html | took 215ms
17:00:02     INFO - TEST-START | /2dcontext/line-styles/2d.line.miter.within.html
17:00:02     INFO - .
17:00:02     INFO - TEST-OK | /2dcontext/line-styles/2d.line.miter.within.html | took 215ms
17:00:02     INFO - TEST-START | /2dcontext/line-styles/2d.line.union.html
17:00:02     INFO - .
17:00:02     INFO - TEST-OK | /2dcontext/line-styles/2d.line.union.html | took 214ms
17:00:02     INFO - TEST-START | /2dcontext/line-styles/2d.line.width.basic.html
17:00:03     INFO - .
17:00:03     INFO - TEST-OK | /2dcontext/line-styles/2d.line.width.basic.html | took 314ms
17:00:03     INFO - TEST-START | /2dcontext/line-styles/2d.line.width.invalid.html
17:00:03     INFO - .
17:00:03     INFO - TEST-OK | /2dcontext/line-styles/2d.line.width.invalid.html | took 364ms
17:00:03     INFO - TEST-START | /2dcontext/line-styles/2d.line.width.scaledefault.html
17:00:03     INFO - .
17:00:03     INFO - TEST-OK | /2dcontext/line-styles/2d.line.width.scaledefault.html | took 265ms
17:00:03     INFO - TEST-START | /2dcontext/line-styles/2d.line.width.transformed.html
17:00:03     INFO - .
17:00:03     INFO - TEST-OK | /2dcontext/line-styles/2d.line.width.transformed.html | took 214ms
17:00:03     INFO - TEST-START | /2dcontext/line-styles/2d.line.width.valid.html
17:00:04     INFO - .
17:00:04     INFO - TEST-OK | /2dcontext/line-styles/2d.line.width.valid.html | took 215ms
17:00:04     INFO - TEST-START | /2dcontext/line-styles/setLineDash.html
17:00:04     INFO - ..
17:00:04     INFO - TEST-OK | /2dcontext/line-styles/setLineDash.html | took 264ms
17:00:04     INFO - TEST-START | /2dcontext/pixel-manipulation/2d.imageData.create1.basic.html
17:00:04     INFO - .
17:00:04     INFO - TEST-OK | /2dcontext/pixel-manipulation/2d.imageData.create1.basic.html | took 215ms
17:00:04     INFO - TEST-START | /2dcontext/pixel-manipulation/2d.imageData.create1.initial.html
17:00:04     INFO - .
17:00:04     INFO - TEST-OK | /2dcontext/pixel-manipulation/2d.imageData.create1.initial.html | took 215ms
17:00:04     INFO - TEST-START | /2dcontext/pixel-manipulation/2d.imageData.create1.this.html
17:00:05     INFO - .
17:00:05     INFO - TEST-OK | /2dcontext/pixel-manipulation/2d.imageData.create1.this.html | took 215ms
17:00:05     INFO - TEST-START | /2dcontext/pixel-manipulation/2d.imageData.create1.type.html
17:00:05     INFO - .
17:00:05     INFO - TEST-OK | /2dcontext/pixel-manipulation/2d.imageData.create1.type.html | took 215ms
17:00:05     INFO - TEST-START | /2dcontext/pixel-manipulation/2d.imageData.create1.zero.html
17:00:05     INFO - .
17:00:05     INFO - TEST-OK | /2dcontext/pixel-manipulation/2d.imageData.create1.zero.html | took 266ms
17:00:05     INFO - TEST-START | /2dcontext/pixel-manipulation/2d.imageData.create2.basic.html
17:00:05     INFO - .
17:00:05     INFO - TEST-OK | /2dcontext/pixel-manipulation/2d.imageData.create2.basic.html | took 265ms
17:00:05     INFO - TEST-START | /2dcontext/pixel-manipulation/2d.imageData.create2.initial.html
17:00:06     INFO - .
17:00:06     INFO - TEST-OK | /2dcontext/pixel-manipulation/2d.imageData.create2.initial.html | took 214ms
17:00:06     INFO - TEST-START | /2dcontext/pixel-manipulation/2d.imageData.create2.large.html
17:00:06     INFO - .
17:00:06     INFO - TEST-OK | /2dcontext/pixel-manipulation/2d.imageData.create2.large.html | took 265ms
17:00:06     INFO - TEST-START | /2dcontext/pixel-manipulation/2d.imageData.create2.negative.html
17:00:06     INFO - .
17:00:06     INFO - TEST-OK | /2dcontext/pixel-manipulation/2d.imageData.create2.negative.html | took 216ms
17:00:06     INFO - TEST-START | /2dcontext/pixel-manipulation/2d.imageData.create2.nonfinite.html
17:00:06     INFO - .
17:00:06     INFO - TEST-OK | /2dcontext/pixel-manipulation/2d.imageData.create2.nonfinite.html | took 216ms
17:00:06     INFO - TEST-START | /2dcontext/pixel-manipulation/2d.imageData.create2.round.html
17:00:07     INFO - .
17:00:07     INFO - TEST-OK | /2dcontext/pixel-manipulation/2d.imageData.create2.round.html | took 264ms
17:00:07     INFO - TEST-START | /2dcontext/pixel-manipulation/2d.imageData.create2.this.html
17:00:07     INFO - .
17:00:07     INFO - TEST-OK | /2dcontext/pixel-manipulation/2d.imageData.create2.this.html | took 215ms
17:00:07     INFO - TEST-START | /2dcontext/pixel-manipulation/2d.imageData.create2.tiny.html
17:00:07     INFO - .
17:00:07     INFO - TEST-OK | /2dcontext/pixel-manipulation/2d.imageData.create2.tiny.html | took 214ms
17:00:07     INFO - TEST-START | /2dcontext/pixel-manipulation/2d.imageData.create2.type.html
17:00:07     INFO - .
17:00:07     INFO - TEST-OK | /2dcontext/pixel-manipulation/2d.imageData.create2.type.html | took 214ms
17:00:07     INFO - TEST-START | /2dcontext/pixel-manipulation/2d.imageData.create2.zero.html
17:00:07     INFO - .
17:00:07     INFO - TEST-OK | /2dcontext/pixel-manipulation/2d.imageData.create2.zero.html | took 215ms
17:00:07     INFO - TEST-START | /2dcontext/pixel-manipulation/2d.imageData.get.basic.html
17:00:08     INFO - .
17:00:08     INFO - TEST-OK | /2dcontext/pixel-manipulation/2d.imageData.get.basic.html | took 214ms
17:00:08     INFO - TEST-START | /2dcontext/pixel-manipulation/2d.imageData.get.clamp.html
17:00:08     INFO - .
17:00:08     INFO - TEST-OK | /2dcontext/pixel-manipulation/2d.imageData.get.clamp.html | took 215ms
17:00:08     INFO - TEST-START | /2dcontext/pixel-manipulation/2d.imageData.get.length.html
17:00:08     INFO - .
17:00:08     INFO - TEST-OK | /2dcontext/pixel-manipulation/2d.imageData.get.length.html | took 216ms
17:00:08     INFO - TEST-START | /2dcontext/pixel-manipulation/2d.imageData.get.nonfinite.html
17:00:08     INFO - .
17:00:08     INFO - TEST-OK | /2dcontext/pixel-manipulation/2d.imageData.get.nonfinite.html | took 314ms
17:00:08     INFO - TEST-START | /2dcontext/pixel-manipulation/2d.imageData.get.nonpremul.html
17:00:09     INFO - .
17:00:09     INFO - TEST-OK | /2dcontext/pixel-manipulation/2d.imageData.get.nonpremul.html | took 367ms
17:00:09     INFO - TEST-START | /2dcontext/pixel-manipulation/2d.imageData.get.order.alpha.html
17:00:09     INFO - .
17:00:09     INFO - TEST-OK | /2dcontext/pixel-manipulation/2d.imageData.get.order.alpha.html | took 414ms
17:00:09     INFO - TEST-START | /2dcontext/pixel-manipulation/2d.imageData.get.order.cols.html
17:00:10     INFO - .
17:00:10     INFO - TEST-OK | /2dcontext/pixel-manipulation/2d.imageData.get.order.cols.html | took 365ms
17:00:10     INFO - TEST-START | /2dcontext/pixel-manipulation/2d.imageData.get.order.rgb.html
17:00:10     INFO - .
17:00:10     INFO - TEST-OK | /2dcontext/pixel-manipulation/2d.imageData.get.order.rgb.html | took 215ms
17:00:10     INFO - TEST-START | /2dcontext/pixel-manipulation/2d.imageData.get.order.rows.html
17:00:10     INFO - .
17:00:10     INFO - TEST-OK | /2dcontext/pixel-manipulation/2d.imageData.get.order.rows.html | took 215ms
17:00:10     INFO - TEST-START | /2dcontext/pixel-manipulation/2d.imageData.get.range.html
17:00:10     INFO - .
17:00:10     INFO - TEST-OK | /2dcontext/pixel-manipulation/2d.imageData.get.range.html | took 215ms
17:00:10     INFO - TEST-START | /2dcontext/pixel-manipulation/2d.imageData.get.source.negative.html
17:00:10     INFO - .
17:00:10     INFO - TEST-OK | /2dcontext/pixel-manipulation/2d.imageData.get.source.negative.html | took 215ms
17:00:10     INFO - TEST-START | /2dcontext/pixel-manipulation/2d.imageData.get.source.outside.html
17:00:11     INFO - .
17:00:11     INFO - TEST-OK | /2dcontext/pixel-manipulation/2d.imageData.get.source.outside.html | took 265ms
17:00:11     INFO - TEST-START | /2dcontext/pixel-manipulation/2d.imageData.get.source.size.html
17:00:11     INFO - .
17:00:11     INFO - TEST-OK | /2dcontext/pixel-manipulation/2d.imageData.get.source.size.html | took 314ms
17:00:11     INFO - TEST-START | /2dcontext/pixel-manipulation/2d.imageData.get.tiny.html
17:00:11     INFO - .
17:00:11     INFO - TEST-OK | /2dcontext/pixel-manipulation/2d.imageData.get.tiny.html | took 214ms
17:00:11     INFO - TEST-START | /2dcontext/pixel-manipulation/2d.imageData.get.type.html
17:00:12     INFO - .
17:00:12     INFO - TEST-OK | /2dcontext/pixel-manipulation/2d.imageData.get.type.html | took 265ms
17:00:12     INFO - TEST-START | /2dcontext/pixel-manipulation/2d.imageData.get.unaffected.html
17:00:12     INFO - .
17:00:12     INFO - TEST-OK | /2dcontext/pixel-manipulation/2d.imageData.get.unaffected.html | took 264ms
17:00:12     INFO - TEST-START | /2dcontext/pixel-manipulation/2d.imageData.get.zero.html
17:00:12     INFO - .
17:00:12     INFO - TEST-OK | /2dcontext/pixel-manipulation/2d.imageData.get.zero.html | took 214ms
17:00:12     INFO - TEST-START | /2dcontext/pixel-manipulation/2d.imageData.object.clamp.html
17:00:12     INFO - .
17:00:12     INFO - TEST-OK | /2dcontext/pixel-manipulation/2d.imageData.object.clamp.html | took 265ms
17:00:12     INFO - TEST-START | /2dcontext/pixel-manipulation/2d.imageData.object.ctor.html
17:00:13     INFO - .
17:00:13     INFO - TEST-OK | /2dcontext/pixel-manipulation/2d.imageData.object.ctor.html | took 215ms
17:00:13     INFO - TEST-START | /2dcontext/pixel-manipulation/2d.imageData.object.nan.html
17:00:13     INFO - .
17:00:13     INFO - TEST-OK | /2dcontext/pixel-manipulation/2d.imageData.object.nan.html | took 215ms
17:00:13     INFO - TEST-START | /2dcontext/pixel-manipulation/2d.imageData.object.properties.html
17:00:13     INFO - .
17:00:13     INFO - TEST-OK | /2dcontext/pixel-manipulation/2d.imageData.object.properties.html | took 214ms
17:00:13     INFO - TEST-START | /2dcontext/pixel-manipulation/2d.imageData.object.readonly.html
17:00:13     INFO - .
17:00:13     INFO - TEST-OK | /2dcontext/pixel-manipulation/2d.imageData.object.readonly.html | took 216ms
17:00:13     INFO - TEST-START | /2dcontext/pixel-manipulation/2d.imageData.object.round.html
17:00:13     INFO - .
17:00:13     INFO - TEST-OK | /2dcontext/pixel-manipulation/2d.imageData.object.round.html | took 216ms
17:00:13     INFO - TEST-START | /2dcontext/pixel-manipulation/2d.imageData.object.set.html
17:00:14     INFO - .
17:00:14     INFO - TEST-OK | /2dcontext/pixel-manipulation/2d.imageData.object.set.html | took 215ms
17:00:14     INFO - TEST-START | /2dcontext/pixel-manipulation/2d.imageData.object.string.html
17:00:14     INFO - .
17:00:14     INFO - TEST-OK | /2dcontext/pixel-manipulation/2d.imageData.object.string.html | took 218ms
17:00:14     INFO - TEST-START | /2dcontext/pixel-manipulation/2d.imageData.object.undefined.html
17:00:14     INFO - .
17:00:14     INFO - TEST-OK | /2dcontext/pixel-manipulation/2d.imageData.object.undefined.html | took 215ms
17:00:14     INFO - TEST-START | /2dcontext/pixel-manipulation/2d.imageData.put.alpha.html
17:00:14     INFO - .
17:00:14     INFO - TEST-OK | /2dcontext/pixel-manipulation/2d.imageData.put.alpha.html | took 215ms
17:00:14     INFO - TEST-START | /2dcontext/pixel-manipulation/2d.imageData.put.basic.html
17:00:14     INFO - .
17:00:14     INFO - TEST-OK | /2dcontext/pixel-manipulation/2d.imageData.put.basic.html | took 215ms
17:00:14     INFO - TEST-START | /2dcontext/pixel-manipulation/2d.imageData.put.clip.html
17:00:15     INFO - .
17:00:15     INFO - TEST-OK | /2dcontext/pixel-manipulation/2d.imageData.put.clip.html | took 216ms
17:00:15     INFO - TEST-START | /2dcontext/pixel-manipulation/2d.imageData.put.created.html
17:00:15     INFO - .
17:00:15     INFO - TEST-OK | /2dcontext/pixel-manipulation/2d.imageData.put.created.html | took 215ms
17:00:15     INFO - TEST-START | /2dcontext/pixel-manipulation/2d.imageData.put.cross.html
17:00:15     INFO - .
17:00:15     INFO - TEST-OK | /2dcontext/pixel-manipulation/2d.imageData.put.cross.html | took 467ms
17:00:15     INFO - TEST-START | /2dcontext/pixel-manipulation/2d.imageData.put.dirty.negative.html
17:00:16     INFO - .
17:00:16     INFO - TEST-OK | /2dcontext/pixel-manipulation/2d.imageData.put.dirty.negative.html | took 216ms
17:00:16     INFO - TEST-START | /2dcontext/pixel-manipulation/2d.imageData.put.dirty.outside.html
17:00:16     INFO - .
17:00:16     INFO - TEST-OK | /2dcontext/pixel-manipulation/2d.imageData.put.dirty.outside.html | took 215ms
17:00:16     INFO - TEST-START | /2dcontext/pixel-manipulation/2d.imageData.put.dirty.rect1.html
17:00:16     INFO - .
17:00:16     INFO - TEST-OK | /2dcontext/pixel-manipulation/2d.imageData.put.dirty.rect1.html | took 215ms
17:00:16     INFO - TEST-START | /2dcontext/pixel-manipulation/2d.imageData.put.dirty.rect2.html
17:00:16     INFO - .
17:00:16     INFO - TEST-OK | /2dcontext/pixel-manipulation/2d.imageData.put.dirty.rect2.html | took 215ms
17:00:16     INFO - TEST-START | /2dcontext/pixel-manipulation/2d.imageData.put.dirty.zero.html
17:00:16     INFO - .
17:00:16     INFO - TEST-OK | /2dcontext/pixel-manipulation/2d.imageData.put.dirty.zero.html | took 214ms
17:00:16     INFO - TEST-START | /2dcontext/pixel-manipulation/2d.imageData.put.modified.html
17:00:17     INFO - .
17:00:17     INFO - TEST-OK | /2dcontext/pixel-manipulation/2d.imageData.put.modified.html | took 214ms
17:00:17     INFO - TEST-START | /2dcontext/pixel-manipulation/2d.imageData.put.nonfinite.html
17:00:17     INFO - .
17:00:17     INFO - TEST-OK | /2dcontext/pixel-manipulation/2d.imageData.put.nonfinite.html | took 265ms
17:00:17     INFO - TEST-START | /2dcontext/pixel-manipulation/2d.imageData.put.null.html
17:00:17     INFO - .
17:00:17     INFO - TEST-OK | /2dcontext/pixel-manipulation/2d.imageData.put.null.html | took 214ms
17:00:17     INFO - TEST-START | /2dcontext/pixel-manipulation/2d.imageData.put.path.html
17:00:17     INFO - .
17:00:17     INFO - TEST-OK | /2dcontext/pixel-manipulation/2d.imageData.put.path.html | took 264ms
17:00:17     INFO - TEST-START | /2dcontext/pixel-manipulation/2d.imageData.put.unaffected.html
17:00:18     INFO - .
17:00:18     INFO - TEST-OK | /2dcontext/pixel-manipulation/2d.imageData.put.unaffected.html | took 314ms
17:00:18     INFO - TEST-START | /2dcontext/pixel-manipulation/2d.imageData.put.unchanged.html
17:00:18     INFO - .
17:00:18     INFO - TEST-OK | /2dcontext/pixel-manipulation/2d.imageData.put.unchanged.html | took 315ms
17:00:18     INFO - TEST-START | /2dcontext/pixel-manipulation/2d.imageData.put.wrongtype.html
17:00:18     INFO - .
17:00:18     INFO - TEST-OK | /2dcontext/pixel-manipulation/2d.imageData.put.wrongtype.html | took 214ms
17:00:18     INFO - TEST-START | /FileAPI/reading-data-section/Determining-Encoding.html
17:00:19     INFO - ......
17:00:19     INFO - TEST-OK | /FileAPI/reading-data-section/Determining-Encoding.html | took 265ms
17:00:19     INFO - TEST-START | /FileAPI/reading-data-section/FileReader-event-handler-attributes.html
17:00:19     INFO - ......
17:00:19     INFO - TEST-OK | /FileAPI/reading-data-section/FileReader-event-handler-attributes.html | took 266ms
17:00:19     INFO - TEST-START | /FileAPI/reading-data-section/FileReader-multiple-reads.html
17:00:19     INFO - .....
17:00:19     INFO - TEST-OK | /FileAPI/reading-data-section/FileReader-multiple-reads.html | took 216ms
17:00:19     INFO - TEST-START | /FileAPI/reading-data-section/filereader_abort.html
17:00:19     INFO - ..
17:00:19     INFO - TEST-OK | /FileAPI/reading-data-section/filereader_abort.html | took 166ms
17:00:19     INFO - TEST-START | /FileAPI/reading-data-section/filereader_error.html
17:00:19     INFO - .
17:00:19     INFO - TEST-OK | /FileAPI/reading-data-section/filereader_error.html | took 214ms
17:00:19     INFO - TEST-START | /FileAPI/reading-data-section/filereader_readAsArrayBuffer.html
17:00:20     INFO - .
17:00:20     INFO - TEST-OK | /FileAPI/reading-data-section/filereader_readAsArrayBuffer.html | took 215ms
17:00:20     INFO - TEST-START | /FileAPI/reading-data-section/filereader_readAsDataURL.html
17:00:20     INFO - .
17:00:20     INFO - TEST-OK | /FileAPI/reading-data-section/filereader_readAsDataURL.html | took 165ms
17:00:20     INFO - TEST-START | /FileAPI/reading-data-section/filereader_readAsText.html
17:00:20     INFO - ..
17:00:20     INFO - TEST-OK | /FileAPI/reading-data-section/filereader_readAsText.html | took 214ms
17:00:20     INFO - TEST-START | /FileAPI/reading-data-section/filereader_readystate.html
17:00:20     INFO - .
17:00:20     INFO - TEST-OK | /FileAPI/reading-data-section/filereader_readystate.html | took 214ms
17:00:20     INFO - TEST-START | /FileAPI/reading-data-section/filereader_result.html
17:00:20     INFO - ...
17:00:20     INFO - TEST-OK | /FileAPI/reading-data-section/filereader_result.html | took 215ms
17:00:20     INFO - TEST-START | /FileAPI/url/url_createobjecturl_blob.html
17:00:21     INFO - ..
17:00:21     INFO - TEST-OK | /FileAPI/url/url_createobjecturl_blob.html | took 215ms
17:00:21     INFO - TEST-START | /FileAPI/url/url_xmlhttprequest.html
17:00:21     INFO - .
17:00:21     INFO - TEST-OK | /FileAPI/url/url_xmlhttprequest.html | took 214ms
17:00:21     INFO - TEST-START | /WebCryptoAPI/derive_bits_keys/ecdh_bits.worker
17:00:31     INFO - PROCESS | 687 | MARIONETTE LOG: INFO: Timeout fired
17:00:31     INFO - TEST-TIMEOUT | /WebCryptoAPI/derive_bits_keys/ecdh_bits.worker | took 10178ms
17:00:31     INFO - TEST-START | /WebCryptoAPI/derive_bits_keys/ecdh_keys.worker
17:00:41     INFO - PROCESS | 687 | MARIONETTE LOG: INFO: Timeout fired
17:00:41     INFO - TEST-TIMEOUT | /WebCryptoAPI/derive_bits_keys/ecdh_keys.worker | took 10124ms
17:00:41     INFO - TEST-START | /WebCryptoAPI/derive_bits_keys/hkdf.worker
17:00:44     INFO - ............................................................................................................................................................................................................................................................................................................................................................................................................................................................................................................................................................................................................................................................................................................................................................................................................................................................................................................................................................................................................................................................................................................................................................................................................................................................................................................................................................................................................................................................................................................................................................................................................................................................................................................................................................................................................................................................................................................................................................................................................................................................................................................................................................................................................................................................................................................................................................................................................................................................................................................................................................................................................................................................................................................................................................................................................................................................................................................................................................................................................................................................................................................................................................................................................................................................................................................................................................................................................................................................................................................................................................................................................................................................................................................................................................................................................................................................
17:00:44     INFO - TEST-OK | /WebCryptoAPI/derive_bits_keys/hkdf.worker | took 2686ms
17:00:44     INFO - TEST-START | /WebCryptoAPI/derive_bits_keys/test_ecdh_bits.html

command interrupted, attempting to kill
process killed by signal 9
program finished with exit code -1
elapsedTime=228.197745
The web-page 'stop build' button was pressed by 'rvandermeulen@mozilla.com': Cancelled via self-serve
========= master_lag: 0.06 =========
========= Finished '/tools/buildbot/bin/python -u ...' interrupted (results: 4, elapsed: 3 mins, 48 secs) (at 2018-06-08 17:01:21.907460) =========

========= Started set props: build_url (results: 0, elapsed: 0 secs) (at 2018-06-08 17:01:21.911929) =========
bash -c 'for file in `ls -1`; do cat $file; done'
 in dir /builds/slave/test/properties (timeout 1200 secs)
 watching logfiles {}
 argv: ['bash', '-c', 'for file in `ls -1`; do cat $file; done']
 environment:
  Apple_PubSub_Socket_Render=/private/tmp/com.apple.launchd.wRe1tKHvRs/Render
  GIT_SHARE_BASE_DIR=/builds/git-shared
  HG_SHARE_BASE_DIR=/builds/hg-shared
  HOME=/Users/cltbld
  IDLEIZER_DISABLE_SHUTDOWN=true
  LOGNAME=cltbld
  PATH=/usr/local/sbin:/usr/local/bin:/usr/sbin:/usr/bin:/sbin:/bin:/usr/bin/X11
  PWD=/builds/slave/test/properties
  RUNNER_CONFIG_CMD=/opt/runner/bin/python2.7 /opt/runner/bin/runner -c /opt/runner/runner.cfg
  SHELL=/bin/bash
  SSH_AUTH_SOCK=/private/tmp/com.apple.launchd.iYJiJ99ft3/Listeners
  TMPDIR=/var/folders/tr/w5h3k_vj5g92sq767b3y6v8w00000w/T/
  TWISTD_LOG_PATH=/builds/slave/twistd.log
  USER=cltbld
  VERSIONER_PYTHON_PREFER_32_BIT=no
  VERSIONER_PYTHON_VERSION=2.7
  XPC_FLAGS=0x0
  XPC_SERVICE_NAME=0
  __CF_USER_TEXT_ENCODING=0x1C:0:0
 using PTY: False
build_url:https://queue.taskcluster.net/v1/task/HHn8t6C8SBmHWYIFt5uc2A/artifacts/public/build/firefox-52.8.2.en-US.mac.dmg
program finished with exit code 0
elapsedTime=0.010567
build_url: 'https://queue.taskcluster.net/v1/task/HHn8t6C8SBmHWYIFt5uc2A/artifacts/public/build/firefox-52.8.2.en-US.mac.dmg'
========= master_lag: 0.01 =========
========= Finished set props: build_url (results: 0, elapsed: 0 secs) (at 2018-06-08 17:01:21.933446) =========

========= Started 'rm -f ...' (results: 0, elapsed: 0 secs) (at 2018-06-08 17:01:21.933778) =========
rm -f oauth.txt
 in dir /builds/slave/test/. (timeout 1200 secs)
 watching logfiles {}
 argv: ['rm', '-f', 'oauth.txt']
 environment:
  Apple_PubSub_Socket_Render=/private/tmp/com.apple.launchd.wRe1tKHvRs/Render
  GIT_SHARE_BASE_DIR=/builds/git-shared
  HG_SHARE_BASE_DIR=/builds/hg-shared
  HOME=/Users/cltbld
  IDLEIZER_DISABLE_SHUTDOWN=true
  LOGNAME=cltbld
  PATH=/usr/local/sbin:/usr/local/bin:/usr/sbin:/usr/bin:/sbin:/bin:/usr/bin/X11
  PWD=/builds/slave/test
  RUNNER_CONFIG_CMD=/opt/runner/bin/python2.7 /opt/runner/bin/runner -c /opt/runner/runner.cfg
  SHELL=/bin/bash
  SSH_AUTH_SOCK=/private/tmp/com.apple.launchd.iYJiJ99ft3/Listeners
  TMPDIR=/var/folders/tr/w5h3k_vj5g92sq767b3y6v8w00000w/T/
  TWISTD_LOG_PATH=/builds/slave/twistd.log
  USER=cltbld
  VERSIONER_PYTHON_PREFER_32_BIT=no
  VERSIONER_PYTHON_VERSION=2.7
  XPC_FLAGS=0x0
  XPC_SERVICE_NAME=0
  __CF_USER_TEXT_ENCODING=0x1C:0:0
 using PTY: False
program finished with exit code 0
elapsedTime=0.004967
========= master_lag: 0.05 =========
========= Finished 'rm -f ...' (results: 0, elapsed: 0 secs) (at 2018-06-08 17:01:21.986520) =========

========= Started reboot skipped (results: 3, elapsed: 0 secs) (at 2018-06-08 17:01:21.986837) =========
========= Finished reboot skipped (results: 3, elapsed: 0 secs) (at 2018-06-08 17:01:21.987109) =========

========= Total master_lag: 0.17 =========

