builder: mozilla-esr52_yosemite_r7_test-mochitest-clipboard
slave: t-yosemite-r7-0008
starttime: 1528502237.17
results: cancelled (6)
buildid: 20180608150819
builduid: b298b373e93d4f8dbf92436c9ed838a2
revision: cbfdf01aac455e0591471201c96b89dee98190b5

========= Started set props: master (results: 0, elapsed: 0 secs) (at 2018-06-08 16:57:17.167295) =========
master: http://buildbot-master107.bb.releng.scl3.mozilla.com:8201/
========= Finished set props: master (results: 0, elapsed: 0 secs) (at 2018-06-08 16:57:17.167819) =========

========= Started downloading to buildprops.json (results: 0, elapsed: 0 secs) (at 2018-06-08 16:57:17.168107) =========
========= Finished downloading to buildprops.json (results: 0, elapsed: 0 secs) (at 2018-06-08 16:57:17.179842) =========

========= Started 'bash -c ...' (results: 0, elapsed: 0 secs) (at 2018-06-08 16:57:17.180221) =========
bash -c 'wget -Oarchiver_client.py --no-check-certificate --tries=10 --waitretry=3 https://hg.mozilla.org/build/tools/raw-file/default/buildfarm/utils/archiver_client.py'
 in dir /builds/slave/test/. (timeout 1200 secs)
 watching logfiles {}
 argv: ['bash', '-c', 'wget -Oarchiver_client.py --no-check-certificate --tries=10 --waitretry=3 https://hg.mozilla.org/build/tools/raw-file/default/buildfarm/utils/archiver_client.py']
 environment:
  Apple_PubSub_Socket_Render=/private/tmp/com.apple.launchd.GD21awncaw/Render
  GIT_SHARE_BASE_DIR=/builds/git-shared
  HG_SHARE_BASE_DIR=/builds/hg-shared
  HOME=/Users/cltbld
  IDLEIZER_DISABLE_SHUTDOWN=true
  LOGNAME=cltbld
  PATH=/usr/local/sbin:/usr/local/bin:/usr/sbin:/usr/bin:/sbin:/bin:/usr/bin/X11
  PWD=/builds/slave/test
  RUNNER_CONFIG_CMD=/opt/runner/bin/python2.7 /opt/runner/bin/runner -c /opt/runner/runner.cfg
  SHELL=/bin/bash
  SSH_AUTH_SOCK=/private/tmp/com.apple.launchd.HuneRqluoD/Listeners
  TMPDIR=/var/folders/6j/h2_l2tgj0h5b111_ddr5tl_h00000w/T/
  TWISTD_LOG_PATH=/builds/slave/twistd.log
  USER=cltbld
  VERSIONER_PYTHON_PREFER_32_BIT=no
  VERSIONER_PYTHON_VERSION=2.7
  XPC_FLAGS=0x0
  XPC_SERVICE_NAME=0
  __CF_USER_TEXT_ENCODING=0x1C:0:0
 using PTY: False
--2018-06-08 16:57:17--  https://hg.mozilla.org/build/tools/raw-file/default/buildfarm/utils/archiver_client.py
Resolving hg.mozilla.org... 63.245.215.102, 63.245.215.25
Connecting to hg.mozilla.org|63.245.215.102|:443... connected.
HTTP request sent, awaiting response... 200 Script output follows
Length: 12179 (12K) [text/x-python]
Saving to: 'archiver_client.py'

     0K .......... .                                          100% 42.2M=0s

2018-06-08 16:57:17 (42.2 MB/s) - 'archiver_client.py' saved [12179/12179]

program finished with exit code 0
elapsedTime=0.108196
========= master_lag: 0.01 =========
========= Finished 'bash -c ...' (results: 0, elapsed: 0 secs) (at 2018-06-08 16:57:17.299428) =========

========= Started 'rm -rf ...' (results: 0, elapsed: 0 secs) (at 2018-06-08 16:57:17.299757) =========
rm -rf scripts properties
 in dir /builds/slave/test/. (timeout 1200 secs)
 watching logfiles {}
 argv: ['rm', '-rf', 'scripts', 'properties']
 environment:
  Apple_PubSub_Socket_Render=/private/tmp/com.apple.launchd.GD21awncaw/Render
  GIT_SHARE_BASE_DIR=/builds/git-shared
  HG_SHARE_BASE_DIR=/builds/hg-shared
  HOME=/Users/cltbld
  IDLEIZER_DISABLE_SHUTDOWN=true
  LOGNAME=cltbld
  PATH=/usr/local/sbin:/usr/local/bin:/usr/sbin:/usr/bin:/sbin:/bin:/usr/bin/X11
  PWD=/builds/slave/test
  RUNNER_CONFIG_CMD=/opt/runner/bin/python2.7 /opt/runner/bin/runner -c /opt/runner/runner.cfg
  SHELL=/bin/bash
  SSH_AUTH_SOCK=/private/tmp/com.apple.launchd.HuneRqluoD/Listeners
  TMPDIR=/var/folders/6j/h2_l2tgj0h5b111_ddr5tl_h00000w/T/
  TWISTD_LOG_PATH=/builds/slave/twistd.log
  USER=cltbld
  VERSIONER_PYTHON_PREFER_32_BIT=no
  VERSIONER_PYTHON_VERSION=2.7
  XPC_FLAGS=0x0
  XPC_SERVICE_NAME=0
  __CF_USER_TEXT_ENCODING=0x1C:0:0
 using PTY: False
program finished with exit code 0
elapsedTime=0.020918
========= master_lag: 0.03 =========
========= Finished 'rm -rf ...' (results: 0, elapsed: 0 secs) (at 2018-06-08 16:57:17.348047) =========

========= Started 'bash -c ...' (results: 0, elapsed: 1 secs) (at 2018-06-08 16:57:17.348410) =========
bash -c 'python archiver_client.py mozharness --repo releases/mozilla-esr52 --rev cbfdf01aac455e0591471201c96b89dee98190b5 --destination scripts --debug'
 in dir /builds/slave/test/. (timeout 1200 secs)
 watching logfiles {}
 argv: ['bash', '-c', u'python archiver_client.py mozharness --repo releases/mozilla-esr52 --rev cbfdf01aac455e0591471201c96b89dee98190b5 --destination scripts --debug']
 environment:
  Apple_PubSub_Socket_Render=/private/tmp/com.apple.launchd.GD21awncaw/Render
  GIT_SHARE_BASE_DIR=/builds/git-shared
  HG_SHARE_BASE_DIR=/builds/hg-shared
  HOME=/Users/cltbld
  IDLEIZER_DISABLE_SHUTDOWN=true
  LOGNAME=cltbld
  PATH=/usr/local/sbin:/usr/local/bin:/usr/sbin:/usr/bin:/sbin:/bin:/usr/bin/X11
  PWD=/builds/slave/test
  RUNNER_CONFIG_CMD=/opt/runner/bin/python2.7 /opt/runner/bin/runner -c /opt/runner/runner.cfg
  SHELL=/bin/bash
  SSH_AUTH_SOCK=/private/tmp/com.apple.launchd.HuneRqluoD/Listeners
  TMPDIR=/var/folders/6j/h2_l2tgj0h5b111_ddr5tl_h00000w/T/
  TWISTD_LOG_PATH=/builds/slave/twistd.log
  USER=cltbld
  VERSIONER_PYTHON_PREFER_32_BIT=no
  VERSIONER_PYTHON_VERSION=2.7
  XPC_FLAGS=0x0
  XPC_SERVICE_NAME=0
  __CF_USER_TEXT_ENCODING=0x1C:0:0
 using PTY: False
2018-06-08 16:57:17,419 truncating revision to first 12 chars
2018-06-08 16:57:17,419 Setting DEBUG logging.
2018-06-08 16:57:17,419 attempt 1/10
2018-06-08 16:57:17,419 Getting archive location from https://api.pub.build.mozilla.org/archiver/hgmo/releases/mozilla-esr52/cbfdf01aac45?&preferred_region=us-west-2&suffix=tar.gz&subdir=testing/mozharness
2018-06-08 16:57:18,750 unpacking tar archive at: mozilla-esr52-cbfdf01aac45/testing/mozharness/
program finished with exit code 0
elapsedTime=1.747279
========= master_lag: 0.01 =========
========= Finished 'bash -c ...' (results: 0, elapsed: 1 secs) (at 2018-06-08 16:57:19.107093) =========

========= Started set props: script_repo_revision (results: 0, elapsed: 0 secs) (at 2018-06-08 16:57:19.107413) =========
script_repo_revision: cbfdf01aac455e0591471201c96b89dee98190b5
========= Finished set props: script_repo_revision (results: 0, elapsed: 0 secs) (at 2018-06-08 16:57:19.107813) =========

========= Started downloading to oauth.txt (results: 0, elapsed: 0 secs) (at 2018-06-08 16:57:19.108075) =========
========= Finished downloading to oauth.txt (results: 0, elapsed: 0 secs) (at 2018-06-08 16:57:19.116537) =========

========= Started '/tools/buildbot/bin/python -u ...' interrupted (results: 4, elapsed: 4 mins, 23 secs) (at 2018-06-08 16:57:19.116931) =========
/tools/buildbot/bin/python -u scripts/scripts/desktop_unittest.py --cfg unittests/mac_unittest.py --mochitest-suite plain-clipboard,chrome-clipboard,browser-chrome-clipboard,jetpack-package-clipboard --blob-upload-branch mozilla-esr52 --download-symbols ondemand
 in dir /builds/slave/test/. (timeout 1800 secs) (maxTime 7200 secs)
 watching logfiles {}
 argv: ['/tools/buildbot/bin/python', '-u', 'scripts/scripts/desktop_unittest.py', '--cfg', 'unittests/mac_unittest.py', '--mochitest-suite', 'plain-clipboard,chrome-clipboard,browser-chrome-clipboard,jetpack-package-clipboard', '--blob-upload-branch', 'mozilla-esr52', '--download-symbols', 'ondemand']
 environment:
  Apple_PubSub_Socket_Render=/private/tmp/com.apple.launchd.GD21awncaw/Render
  GIT_SHARE_BASE_DIR=/builds/git-shared
  HG_SHARE_BASE_DIR=/builds/hg-shared
  HOME=/Users/cltbld
  IDLEIZER_DISABLE_SHUTDOWN=true
  LOGNAME=cltbld
  MOZ_HIDE_RESULTS_TABLE=1
  MOZ_NODE_PATH=/usr/local/bin/node
  MOZ_NO_REMOTE=1
  NO_EM_RESTART=1
  NO_FAIL_ON_TEST_ERRORS=1
  PATH=/usr/local/sbin:/usr/local/bin:/usr/sbin:/usr/bin:/sbin:/bin:/usr/bin/X11
  PROPERTIES_FILE=/builds/slave/test/buildprops.json
  PWD=/builds/slave/test
  RUNNER_CONFIG_CMD=/opt/runner/bin/python2.7 /opt/runner/bin/runner -c /opt/runner/runner.cfg
  SHELL=/bin/bash
  SSH_AUTH_SOCK=/private/tmp/com.apple.launchd.HuneRqluoD/Listeners
  TMPDIR=/var/folders/6j/h2_l2tgj0h5b111_ddr5tl_h00000w/T/
  TWISTD_LOG_PATH=/builds/slave/twistd.log
  USER=cltbld
  VERSIONER_PYTHON_PREFER_32_BIT=no
  VERSIONER_PYTHON_VERSION=2.7
  XPCOM_DEBUG_BREAK=warn
  XPC_FLAGS=0x0
  XPC_SERVICE_NAME=0
  __CF_USER_TEXT_ENCODING=0x1C:0:0
 using PTY: False
16:57:19     INFO - MultiFileLogger online at 20180608 16:57:19 in /builds/slave/test
16:57:19     INFO - Run as scripts/scripts/desktop_unittest.py --cfg unittests/mac_unittest.py --mochitest-suite plain-clipboard,chrome-clipboard,browser-chrome-clipboard,jetpack-package-clipboard --blob-upload-branch mozilla-esr52 --download-symbols ondemand
16:57:19     INFO - Dumping config to /builds/slave/test/logs/localconfig.json.
16:57:19     INFO - {'all_cppunittest_suites': {'cppunittest': ('tests/cppunittest',)},
16:57:19     INFO -  'all_gtest_suites': {'gtest': ()},
16:57:19     INFO -  'all_jittest_suites': {'jittest': ()},
16:57:19     INFO -  'all_mochitest_suites': {'a11y': ('--flavor=a11y',),
16:57:19     INFO -                           'browser-chrome': ('--flavor=browser',),
16:57:19     INFO -                           'browser-chrome-addons': ('--flavor=browser',
16:57:19     INFO -                                                     '--chunk-by-runtime',
16:57:19     INFO -                                                     '--tag=addons'),
16:57:19     INFO -                           'browser-chrome-chunked': ('--flavor=browser',
16:57:19     INFO -                                                      '--chunk-by-runtime'),
16:57:19     INFO -                           'browser-chrome-clipboard': ('--flavor=browser',
16:57:19     INFO -                                                        '--subsuite=clipboard'),
16:57:19     INFO -                           'browser-chrome-gpu': ('--flavor=browser',
16:57:19     INFO -                                                  '--subsuite=gpu'),
16:57:19     INFO -                           'browser-chrome-screenshots': ('--flavor=browser',
16:57:19     INFO -                                                          '--subsuite=screenshots'),
16:57:19     INFO -                           'chrome': ('--flavor=chrome',),
16:57:19     INFO -                           'chrome-chunked': ('--flavor=chrome',
16:57:19     INFO -                                              '--chunk-by-dir=4'),
16:57:19     INFO -                           'chrome-clipboard': ('--flavor=chrome',
16:57:19     INFO -                                                '--subsuite=clipboard'),
16:57:19     INFO -                           'chrome-gpu': ('--flavor=chrome', '--subsuite=gpu'),
16:57:19     INFO -                           'jetpack-addon': ('--flavor=jetpack-addon',),
16:57:19     INFO -                           'jetpack-package': ('--flavor=jetpack-package',),
16:57:19     INFO -                           'jetpack-package-clipboard': ('--flavor=jetpack-package',
16:57:19     INFO -                                                         '--subsuite=clipboard'),
16:57:19     INFO -                           'mochitest-devtools-chrome': ('--flavor=browser',
16:57:19     INFO -                                                         '--subsuite=devtools'),
16:57:19     INFO -                           'mochitest-devtools-chrome-chunked': ('--flavor=browser',
16:57:19     INFO -                                                                 '--subsuite=devtools',
16:57:19     INFO -                                                                 '--chunk-by-runtime'),
16:57:19     INFO -                           'mochitest-gl': ('--subsuite=webgl',),
16:57:19     INFO -                           'mochitest-media': ('--subsuite=media',),
16:57:19     INFO -                           'plain': (),
16:57:19     INFO -                           'plain-chunked': ('--chunk-by-dir=4',),
16:57:19     INFO -                           'plain-clipboard': ('--subsuite=clipboard',),
16:57:19     INFO -                           'plain-gpu': ('--subsuite=gpu',)},
16:57:19     INFO -  'all_mozbase_suites': {'mozbase': ()},
16:57:19     INFO -  'all_reftest_suites': {'crashtest': {'options': ('--suite=crashtest',),
16:57:19     INFO -                                       'tests': ('tests/reftest/tests/testing/crashtest/crashtests.list',)},
16:57:19     INFO -                         'jsreftest': {'options': ('--extra-profile-file=tests/jsreftest/tests/user.js',),
16:57:19     INFO -                                       'tests': ('tests/jsreftest/tests/jstests.list',)},
16:57:19     INFO -                         'reftest': {'options': ('--suite=reftest',),
16:57:19     INFO -                                     'tests': ('tests/reftest/tests/layout/reftests/reftest.list',)}},
16:57:19     INFO -  'all_xpcshell_suites': {'xpcshell': {'options': ('--xpcshell=%(abs_app_dir)s/xpcshell',
16:57:19     INFO -                                                   '--manifest=tests/xpcshell/tests/xpcshell.ini'),
16:57:19     INFO -                                       'tests': ()},
16:57:19     INFO -                          'xpcshell-addons': {'options': ('--xpcshell=%(abs_app_dir)s/xpcshell',
16:57:19     INFO -                                                          '--tag=addons',
16:57:19     INFO -                                                          '--manifest=tests/xpcshell/tests/xpcshell.ini'),
16:57:19     INFO -                                              'tests': ()}},
16:57:19     INFO -  'allow_software_gl_layers': False,
16:57:19     INFO -  'append_to_log': False,
16:57:19     INFO -  'base_work_dir': '/builds/slave/test',
16:57:19     INFO -  'blob_upload_branch': 'mozilla-esr52',
16:57:19     INFO -  'blob_uploader_auth_file': '/builds/slave/test/oauth.txt',
16:57:19     INFO -  'buildbot_json_path': 'buildprops.json',
16:57:19     INFO -  'buildbot_max_log_size': 52428800,
16:57:19     INFO -  'code_coverage': False,
16:57:19     INFO -  'config_files': ('unittests/mac_unittest.py',),
16:57:19     INFO -  'default_blob_upload_servers': ('https://blobupload.elasticbeanstalk.com',),
16:57:19     INFO -  'download_minidump_stackwalk': True,
16:57:19     INFO -  'download_nodejs': True,
16:57:19     INFO -  'download_symbols': 'ondemand',
16:57:19     INFO -  'e10s': False,
16:57:19     INFO -  'exe_suffix': '',
16:57:19     INFO -  'exes': {'python': '/tools/buildbot/bin/python',
16:57:19     INFO -           'tooltool.py': '/tools/tooltool.py',
16:57:19     INFO -           'virtualenv': ('/tools/buildbot/bin/python',
16:57:19     INFO -                          '/tools/misc-python/virtualenv.py')},
16:57:19     INFO -  'find_links': ('http://pypi.pvt.build.mozilla.org/pub',
16:57:19     INFO -                 'http://pypi.pub.build.mozilla.org/pub'),
16:57:19     INFO -  'installer_path': '/builds/slave/test/installer.dmg',
16:57:19     INFO -  'log_level': 'info',
16:57:19     INFO -  'log_to_console': True,
16:57:19     INFO -  'minidump_save_path': '%(abs_work_dir)s/../minidumps',
16:57:19     INFO -  'minidump_stackwalk_path': 'macosx64-minidump_stackwalk',
16:57:19     INFO -  'minidump_tooltool_manifest_path': 'config/tooltool-manifests/macosx64/releng.manifest',
16:57:19     INFO -  'minimum_tests_zip_dirs': ('bin/*',
16:57:19     INFO -                             'certs/*',
16:57:19     INFO -                             'config/*',
16:57:19     INFO -                             'mach',
16:57:19     INFO -                             'marionette/*',
16:57:19     INFO -                             'modules/*',
16:57:19     INFO -                             'mozbase/*',
16:57:19     INFO -                             'tools/*'),
16:57:19     INFO -  'no_random': False,
16:57:19     INFO -  'nodejs_path': 'node-osx/bin/node',
16:57:19     INFO -  'nodejs_tooltool_manifest_path': 'config/tooltool-manifests/macosx64/nodejs.manifest',
16:57:19     INFO -  'opt_config_files': (),
16:57:19     INFO -  'pip_index': False,
16:57:19     INFO -  'preflight_run_cmd_suites': ({'architectures': ('32bit', '64bit'),
16:57:19     INFO -                                'cmd': ('xset', 's', 'off', 's', 'reset'),
16:57:19     INFO -                                'enabled': False,
16:57:19     INFO -                                'halt_on_failure': False,
16:57:19     INFO -                                'name': 'disable_screen_saver'},
16:57:19     INFO -                               {'architectures': ('32bit',),
16:57:19     INFO -                                'cmd': ('python',
16:57:19     INFO -                                        '../scripts/external_tools/mouse_and_screen_resolution.py',
16:57:19     INFO -                                        '--configuration-file',
16:57:19     INFO -                                        '../scripts/external_tools/machine-configuration.json'),
16:57:19     INFO -                                'enabled': False,
16:57:19     INFO -                                'halt_on_failure': True,
16:57:19     INFO -                                'name': 'run mouse & screen adjustment script'}),
16:57:19     INFO -  'require_test_zip': True,
16:57:19     INFO -  'run_all_suites': False,
16:57:19     INFO -  'run_cmd_checks_enabled': True,
16:57:19     INFO -  'run_file_names': {'cppunittest': 'runcppunittests.py',
16:57:19     INFO -                     'gtest': 'rungtests.py',
16:57:19     INFO -                     'jittest': 'jit_test.py',
16:57:19     INFO -                     'mochitest': 'runtests.py',
16:57:19     INFO -                     'mozbase': 'test.py',
16:57:19     INFO -                     'mozmill': 'runtestlist.py',
16:57:19     INFO -                     'reftest': 'runreftest.py',
16:57:19     INFO -                     'xpcshell': 'runxpcshelltests.py'},
16:57:19     INFO -  'specific_tests_zip_dirs': {'cppunittest': ('cppunittest/*',),
16:57:19     INFO -                              'gtest': ('gtest/*',),
16:57:19     INFO -                              'jittest': ('jit-test/*',),
16:57:19     INFO -                              'mochitest': ('mochitest/*',),
16:57:19     INFO -                              'mozbase': ('mozbase/*',),
16:57:19     INFO -                              'mozmill': ('mozmill/*',),
16:57:19     INFO -                              'reftest': ('reftest/*', 'jsreftest/*'),
16:57:19     INFO -                              'xpcshell': ('xpcshell/*',)},
16:57:19     INFO -  'specified_mochitest_suites': ('plain-clipboard',
16:57:19     INFO -                                 'chrome-clipboard',
16:57:19     INFO -                                 'browser-chrome-clipboard',
16:57:19     INFO -                                 'jetpack-package-clipboard'),
16:57:19     INFO -  'strict_content_sandbox': False,
16:57:19     INFO -  'suite_definitions': {'cppunittest': {'options': ('--symbols-path=%(symbols_path)s',
16:57:19     INFO -                                                    '--xre-path=%(abs_res_dir)s'),
16:57:19     INFO -                                        'run_filename': 'runcppunittests.py',
16:57:19     INFO -                                        'testsdir': 'cppunittest'},
16:57:19     INFO -                        'gtest': {'options': ('--xre-path=%(abs_res_dir)s',
16:57:19     INFO -                                              '--cwd=%(gtest_dir)s',
16:57:19     INFO -                                              '--symbols-path=%(symbols_path)s',
16:57:19     INFO -                                              '--utility-path=tests/bin',
16:57:19     INFO -                                              '%(binary_path)s'),
16:57:19     INFO -                                  'run_filename': 'rungtests.py'},
16:57:19     INFO -                        'jittest': {'options': ('tests/bin/js',
16:57:19     INFO -                                                '--no-slow',
16:57:19     INFO -                                                '--no-progress',
16:57:19     INFO -                                                '--format=automation',
16:57:19     INFO -                                                '--jitflags=all',
16:57:19     INFO -                                                '--timeout=970'),
16:57:19     INFO -                                    'run_filename': 'jit_test.py',
16:57:19     INFO -                                    'run_timeout': 1000,
16:57:19     INFO -                                    'testsdir': 'jit-test/jit-test'},
16:57:19     INFO -                        'mochitest': {'options': ('--appname=%(binary_path)s',
16:57:19     INFO -                                                  '--utility-path=tests/bin',
16:57:19     INFO -                                                  '--extra-profile-file=tests/bin/plugins',
16:57:19     INFO -                                                  '--symbols-path=%(symbols_path)s',
16:57:19     INFO -                                                  '--certificate-path=tests/certs',
16:57:19     INFO -                                                  '--quiet',
16:57:19     INFO -                                                  '--log-raw=%(raw_log_file)s',
16:57:19     INFO -                                                  '--log-errorsummary=%(error_summary_file)s',
16:57:19     INFO -                                                  '--screenshot-on-fail',
16:57:19     INFO -                                                  '--cleanup-crashes'),
16:57:19     INFO -                                      'run_filename': 'runtests.py',
16:57:19     INFO -                                      'testsdir': 'mochitest'},
16:57:19     INFO -                        'mozbase': {'options': ('-b', '%(binary_path)s'),
16:57:19     INFO -                                    'run_filename': 'test.py',
16:57:19     INFO -                                    'testsdir': 'mozbase'},
16:57:19     INFO -                        'mozmill': {'options': ('--binary=%(binary_path)s',
16:57:19     INFO -                                                '--testing-modules-dir=test/modules',
16:57:19     INFO -                                                '--plugins-path=%(test_plugin_path)s',
16:57:19     INFO -                                                '--symbols-path=%(symbols_path)s'),
16:57:19     INFO -                                    'run_filename': 'runtestlist.py',
16:57:19     INFO -                                    'testsdir': 'mozmill'},
16:57:19     INFO -                        'reftest': {'options': ('--appname=%(binary_path)s',
16:57:19     INFO -                                                '--utility-path=tests/bin',
16:57:19     INFO -                                                '--extra-profile-file=tests/bin/plugins',
16:57:19     INFO -                                                '--symbols-path=%(symbols_path)s',
16:57:19     INFO -                                                '--log-raw=%(raw_log_file)s',
16:57:19     INFO -                                                '--log-errorsummary=%(error_summary_file)s',
16:57:19     INFO -                                                '--cleanup-crashes'),
16:57:19     INFO -                                    'run_filename': 'runreftest.py',
16:57:19     INFO -                                    'testsdir': 'reftest'},
16:57:19     INFO -                        'xpcshell': {'options': ('--symbols-path=%(symbols_path)s',
16:57:19     INFO -                                                 '--test-plugin-path=%(test_plugin_path)s',
16:57:19     INFO -                                                 '--log-raw=%(raw_log_file)s',
16:57:19     INFO -                                                 '--log-errorsummary=%(error_summary_file)s',
16:57:19     INFO -                                                 '--utility-path=tests/bin'),
16:57:19     INFO -                                     'run_filename': 'runxpcshelltests.py',
16:57:19     INFO -                                     'testsdir': 'xpcshell'}},
16:57:19     INFO -  'tooltool_cache': '/builds/tooltool_cache',
16:57:19     INFO -  'unstructured_flavors': {'cppunittest': (),
16:57:19     INFO -                           'gtest': (),
16:57:19     INFO -                           'jittest': (),
16:57:19     INFO -                           'mochitest': ('jetpack',),
16:57:19     INFO -                           'mozbase': (),
16:57:19     INFO -                           'mozmill': (),
16:57:19     INFO -                           'xpcshell': ()},
16:57:19     INFO -  'vcs_output_timeout': 1000,
16:57:19     INFO -  'virtualenv_modules': ('six==1.10.0', 'vcversioner==2.16.0.0'),
16:57:19     INFO -  'virtualenv_path': 'venv',
16:57:19     INFO -  'volatile_config': {'actions': None, 'add_actions': None, 'no_actions': None},
16:57:19     INFO -  'work_dir': 'build',
16:57:19     INFO -  'xpcshell_name': 'xpcshell'}
16:57:19     INFO - [mozharness: 2018-06-08 23:57:19.349138Z] Running clobber step.
16:57:19     INFO - Running pre-action listener: _resource_record_pre_action
16:57:19     INFO - Running main action method: clobber
16:57:19     INFO - rmtree: /builds/slave/test/build
16:57:19     INFO - retry: Calling rmtree with args: ('/builds/slave/test/build',), kwargs: {}, attempt #1
16:57:20     INFO - Running post-action listener: _resource_record_post_action
16:57:20     INFO - [mozharness: 2018-06-08 23:57:20.331236Z] Finished clobber step (success)
16:57:20     INFO - [mozharness: 2018-06-08 23:57:20.331361Z] Running read-buildbot-config step.
16:57:20     INFO - Running pre-action listener: _resource_record_pre_action
16:57:20     INFO - Running main action method: read_buildbot_config
16:57:20     INFO - Using buildbot properties:
16:57:20     INFO - {
16:57:20     INFO -     "project": "", 
16:57:20     INFO -     "product": "firefox", 
16:57:20     INFO -     "script_repo_revision": "production", 
16:57:20     INFO -     "scheduler": "tests-mozilla-esr52-yosemite_r7-opt-unittest", 
16:57:20     INFO -     "repository": "", 
16:57:20     INFO -     "buildername": "Rev7 MacOSX Yosemite 10.10.5 mozilla-esr52 opt test mochitest-clipboard", 
16:57:20     INFO -     "buildid": "20180608150819", 
16:57:20     INFO -     "pgo_build": "False", 
16:57:20     INFO -     "basedir": "/builds/slave/test", 
16:57:20     INFO -     "buildnumber": 4, 
16:57:20     INFO -     "slavename": "t-yosemite-r7-0008", 
16:57:20     INFO -     "master": "http://buildbot-master107.bb.releng.scl3.mozilla.com:8201/", 
16:57:20     INFO -     "platform": "macosx64", 
16:57:20     INFO -     "branch": "mozilla-esr52", 
16:57:20     INFO -     "revision": "cbfdf01aac455e0591471201c96b89dee98190b5", 
16:57:20     INFO -     "repo_path": "releases/mozilla-esr52", 
16:57:20     INFO -     "moz_repo_path": "", 
16:57:20     INFO -     "stage_platform": "macosx64", 
16:57:20     INFO -     "builduid": "b298b373e93d4f8dbf92436c9ed838a2", 
16:57:20     INFO -     "slavebuilddir": "test"
16:57:20     INFO - }
16:57:20     INFO - Found installer url https://queue.taskcluster.net/v1/task/HHn8t6C8SBmHWYIFt5uc2A/artifacts/public/build/firefox-52.8.2.en-US.mac.dmg.
16:57:20     INFO - Found a test packages url https://queue.taskcluster.net/v1/task/HHn8t6C8SBmHWYIFt5uc2A/artifacts/public/build/firefox-52.8.2.en-US.mac.test_packages.json.
16:57:20     INFO - Running post-action listener: _resource_record_post_action
16:57:20     INFO - [mozharness: 2018-06-08 23:57:20.334654Z] Finished read-buildbot-config step (success)
16:57:20     INFO - [mozharness: 2018-06-08 23:57:20.334802Z] Running download-and-extract step.
16:57:20     INFO - Running pre-action listener: _pre_download_and_extract
16:57:20  WARNING - Try message not found.
16:57:20     INFO - Running pre-action listener: _resource_record_pre_action
16:57:20     INFO - Running main action method: download_and_extract
16:57:20     INFO - mkdir: /builds/slave/test/build/tests
16:57:20     INFO - Downloading https://queue.taskcluster.net/v1/task/HHn8t6C8SBmHWYIFt5uc2A/artifacts/public/build/firefox-52.8.2.en-US.mac.test_packages.json to /builds/slave/test/build/firefox-52.8.2.en-US.mac.test_packages.json
16:57:20     INFO - retry: Calling _download_file with args: (), kwargs: {'url': 'https://queue.taskcluster.net/v1/task/HHn8t6C8SBmHWYIFt5uc2A/artifacts/public/build/firefox-52.8.2.en-US.mac.test_packages.json', 'file_name': '/builds/slave/test/build/firefox-52.8.2.en-US.mac.test_packages.json'}, attempt #1
16:57:21     INFO - Downloaded 1199 bytes.
16:57:21     INFO - Reading from file /builds/slave/test/build/firefox-52.8.2.en-US.mac.test_packages.json
16:57:21     INFO - Using the following test package requirements:
16:57:21     INFO - {u'common': [u'firefox-52.8.2.en-US.mac.common.tests.zip'],
16:57:21     INFO -  u'cppunittest': [u'firefox-52.8.2.en-US.mac.common.tests.zip',
16:57:21     INFO -                   u'firefox-52.8.2.en-US.mac.cppunittest.tests.zip'],
16:57:21     INFO -  u'gtest': [u'firefox-52.8.2.en-US.mac.common.tests.zip',
16:57:21     INFO -             u'firefox-52.8.2.en-US.mac.gtest.tests.zip'],
16:57:21     INFO -  u'jittest': [u'firefox-52.8.2.en-US.mac.common.tests.zip',
16:57:21     INFO -               u'jsshell-mac.zip'],
16:57:21     INFO -  u'mochitest': [u'firefox-52.8.2.en-US.mac.common.tests.zip',
16:57:21     INFO -                 u'firefox-52.8.2.en-US.mac.mochitest.tests.zip'],
16:57:21     INFO -  u'mozbase': [u'firefox-52.8.2.en-US.mac.common.tests.zip'],
16:57:21     INFO -  u'reftest': [u'firefox-52.8.2.en-US.mac.common.tests.zip',
16:57:21     INFO -               u'firefox-52.8.2.en-US.mac.reftest.tests.zip'],
16:57:21     INFO -  u'talos': [u'firefox-52.8.2.en-US.mac.common.tests.zip',
16:57:21     INFO -             u'firefox-52.8.2.en-US.mac.talos.tests.zip'],
16:57:21     INFO -  u'web-platform': [u'firefox-52.8.2.en-US.mac.common.tests.zip',
16:57:21     INFO -                    u'firefox-52.8.2.en-US.mac.web-platform.tests.zip'],
16:57:21     INFO -  u'xpcshell': [u'firefox-52.8.2.en-US.mac.common.tests.zip',
16:57:21     INFO -                u'firefox-52.8.2.en-US.mac.xpcshell.tests.zip']}
16:57:21     INFO - Downloading packages: [u'firefox-52.8.2.en-US.mac.common.tests.zip', u'firefox-52.8.2.en-US.mac.mochitest.tests.zip'] for test suite category: mochitest
16:57:21     INFO - Adding 'mozinfo.json' for extraction from common.tests zip file
16:57:21     INFO - Downloading and extracting to /builds/slave/test/build/tests these dirs bin/*, certs/*, config/*, mach, marionette/*, modules/*, mozbase/*, tools/*, mochitest/*, mozinfo.json from https://queue.taskcluster.net/v1/task/HHn8t6C8SBmHWYIFt5uc2A/artifacts/public/build/firefox-52.8.2.en-US.mac.common.tests.zip
16:57:21     INFO - retry: Calling fetch_url_into_memory with args: (), kwargs: {'url': u'https://queue.taskcluster.net/v1/task/HHn8t6C8SBmHWYIFt5uc2A/artifacts/public/build/firefox-52.8.2.en-US.mac.common.tests.zip'}, attempt #1
16:57:21     INFO - Fetch https://queue.taskcluster.net/v1/task/HHn8t6C8SBmHWYIFt5uc2A/artifacts/public/build/firefox-52.8.2.en-US.mac.common.tests.zip into memory
16:57:21     INFO - Http code: 200
16:57:21     INFO - via: 1.1 81871f1c889cc44b6c25e3ef722a3801.cloudfront.net (CloudFront)
16:57:21     INFO - x-amz-cf-id: WonBhYIWUANN9eUa9ncA5c2jYF-hGHY3bqvqakJX1DSWaeJcvoOv2A==
16:57:21     INFO - x-amz-version-id: UkqyOZq8WNz45.a28JfbTxANLCd8IcMh
16:57:22     INFO - Expected file size: 16042780
16:57:22     INFO - Obtained file size: 16042780
16:57:22     INFO - Downloading and extracting to /builds/slave/test/build/tests these dirs bin/*, certs/*, config/*, mach, marionette/*, modules/*, mozbase/*, tools/*, mochitest/*, mozinfo.json from https://queue.taskcluster.net/v1/task/HHn8t6C8SBmHWYIFt5uc2A/artifacts/public/build/firefox-52.8.2.en-US.mac.mochitest.tests.zip
16:57:22     INFO - retry: Calling fetch_url_into_memory with args: (), kwargs: {'url': u'https://queue.taskcluster.net/v1/task/HHn8t6C8SBmHWYIFt5uc2A/artifacts/public/build/firefox-52.8.2.en-US.mac.mochitest.tests.zip'}, attempt #1
16:57:22     INFO - Fetch https://queue.taskcluster.net/v1/task/HHn8t6C8SBmHWYIFt5uc2A/artifacts/public/build/firefox-52.8.2.en-US.mac.mochitest.tests.zip into memory
16:57:23     INFO - Http code: 200
16:57:23     INFO - via: 1.1 81871f1c889cc44b6c25e3ef722a3801.cloudfront.net (CloudFront)
16:57:23     INFO - x-amz-cf-id: UQZMx-4XeaLvG7DtVQz-6b_-_LWiOCHy83tHCuO2QNGBYhOijPjb_g==
16:57:23     INFO - x-amz-version-id: xgAMGpI0uaru90NO_X7ED2eFy6JPyfUY
16:57:26     INFO - Expected file size: 80335913
16:57:26     INFO - Obtained file size: 80335913
16:57:38     INFO - Downloading https://queue.taskcluster.net/v1/task/HHn8t6C8SBmHWYIFt5uc2A/artifacts/public/build/firefox-52.8.2.en-US.mac.dmg to /builds/slave/test/installer.dmg
16:57:38     INFO - retry: Calling _download_file with args: (), kwargs: {'url': 'https://queue.taskcluster.net/v1/task/HHn8t6C8SBmHWYIFt5uc2A/artifacts/public/build/firefox-52.8.2.en-US.mac.dmg', 'file_name': '/builds/slave/test/installer.dmg'}, attempt #1
16:57:41     INFO - Downloaded 82824028 bytes.
16:57:41     INFO - Setting buildbot property build_url to https://queue.taskcluster.net/v1/task/HHn8t6C8SBmHWYIFt5uc2A/artifacts/public/build/firefox-52.8.2.en-US.mac.dmg
16:57:41     INFO - mkdir: /builds/slave/test/properties
16:57:41     INFO - Writing buildbot properties ['build_url'] to /builds/slave/test/properties/build_url
16:57:41     INFO - Writing to file /builds/slave/test/properties/build_url
16:57:41     INFO - Contents:
16:57:41     INFO -  build_url:https://queue.taskcluster.net/v1/task/HHn8t6C8SBmHWYIFt5uc2A/artifacts/public/build/firefox-52.8.2.en-US.mac.dmg
16:57:41     INFO - Running post-action listener: _resource_record_post_action
16:57:41     INFO - Running post-action listener: set_extra_try_arguments
16:57:41     INFO - [mozharness: 2018-06-08 23:57:41.980325Z] Finished download-and-extract step (success)
16:57:41     INFO - [mozharness: 2018-06-08 23:57:41.980482Z] Running create-virtualenv step.
16:57:41     INFO - Running pre-action listener: _install_mozbase
16:57:41     INFO - Running pre-action listener: _pre_create_virtualenv
16:57:41     INFO - Running pre-action listener: _resource_record_pre_action
16:57:41     INFO - Running main action method: create_virtualenv
16:57:41     INFO - Creating virtualenv /builds/slave/test/build/venv
16:57:41     INFO - Running command: ['/tools/buildbot/bin/python', '/builds/slave/test/scripts/external_tools/virtualenv/virtualenv.py', '--always-copy', '/builds/slave/test/build/venv'] in /builds/slave/test/build
16:57:41     INFO - Copy/paste: /tools/buildbot/bin/python /builds/slave/test/scripts/external_tools/virtualenv/virtualenv.py --always-copy /builds/slave/test/build/venv
16:57:41     INFO - Using partial env: {'VIRTUALENV_NO_DOWNLOAD': '1'}
16:57:42     INFO -  Using real prefix '/tools/python27'
16:57:42     INFO -  New python executable in /builds/slave/test/build/venv/bin/python
16:57:44     INFO -  Installing setuptools, pip, wheel...done.
16:57:44     INFO - Return code: 0
16:57:44     INFO - Installing six==1.10.0 into virtualenv /builds/slave/test/build/venv
16:57:44     INFO - retry: Calling run_command with args: [['/builds/slave/test/build/venv/bin/pip', 'install', '--timeout', '120', '--no-index', '--find-links', 'http://pypi.pvt.build.mozilla.org/pub', '--find-links', 'http://pypi.pub.build.mozilla.org/pub', '--trusted-host', 'pypi.pub.build.mozilla.org', '--trusted-host', 'pypi.pvt.build.mozilla.org', 'six==1.10.0']], kwargs: {'error_level': 'warning', 'error_list': [{'substr': 'not found or a compiler error:', 'level': 'warning'}, {'regex': <_sre.SRE_Pattern object at 0x100e14170>, 'level': 'error'}, {'regex': <_sre.SRE_Pattern object at 0x100eb6960>, 'level': 'warning'}, {'regex': <_sre.SRE_Pattern object at 0x7fdc79c2ef60>, 'level': 'debug'}, {'substr': 'command not found', 'level': 'error'}, {'regex': <_sre.SRE_Pattern object at 0x100da71d0>, 'level': 'warning'}, {'substr': 'Traceback (most recent call last)', 'level': 'error'}, {'substr': 'SyntaxError: ', 'level': 'error'}, {'substr': 'TypeError: ', 'level': 'error'}, {'substr': 'NameError: ', 'level': 'error'}, {'substr': 'ZeroDivisionError: ', 'level': 'error'}, {'regex': <_sre.SRE_Pattern object at 0x100d82108>, 'level': 'critical'}, {'regex': <_sre.SRE_Pattern object at 0x100d9c030>, 'level': 'critical'}], 'cwd': '/builds/slave/test/build', 'env': {'VERSIONER_PYTHON_PREFER_32_BIT': 'no', 'LOGNAME': 'cltbld', 'USER': 'cltbld', 'XPC_SERVICE_NAME': '0', 'PATH': '/usr/local/sbin:/usr/local/bin:/usr/sbin:/usr/bin:/sbin:/bin:/usr/bin/X11', 'HOME': '/Users/cltbld', 'NO_EM_RESTART': '1', 'IDLEIZER_DISABLE_SHUTDOWN': 'true', 'XPCOM_DEBUG_BREAK': 'warn', 'Apple_PubSub_Socket_Render': '/private/tmp/com.apple.launchd.GD21awncaw/Render', 'MOZ_NODE_PATH': '/usr/local/bin/node', 'TWISTD_LOG_PATH': '/builds/slave/twistd.log', 'GIT_SHARE_BASE_DIR': '/builds/git-shared', 'VERSIONER_PYTHON_VERSION': '2.7', 'XPC_FLAGS': '0x0', 'NO_FAIL_ON_TEST_ERRORS': '1', 'HG_SHARE_BASE_DIR': '/builds/hg-shared', 'RUNNER_CONFIG_CMD': '/opt/runner/bin/python2.7 /opt/runner/bin/runner -c /opt/runner/runner.cfg', 'MOZ_NO_REMOTE': '1', 'MOZ_HIDE_RESULTS_TABLE': '1', 'SSH_AUTH_SOCK': '/private/tmp/com.apple.launchd.HuneRqluoD/Listeners', 'SHELL': '/bin/bash', 'TMPDIR': '/var/folders/6j/h2_l2tgj0h5b111_ddr5tl_h00000w/T/', '__CF_USER_TEXT_ENCODING': '0x1C:0:0', 'PWD': '/builds/slave/test', 'PROPERTIES_FILE': '/builds/slave/test/buildprops.json'}}, attempt #1
16:57:44     INFO - Running command: ['/builds/slave/test/build/venv/bin/pip', 'install', '--timeout', '120', '--no-index', '--find-links', 'http://pypi.pvt.build.mozilla.org/pub', '--find-links', 'http://pypi.pub.build.mozilla.org/pub', '--trusted-host', 'pypi.pub.build.mozilla.org', '--trusted-host', 'pypi.pvt.build.mozilla.org', 'six==1.10.0'] in /builds/slave/test/build
16:57:44     INFO - Copy/paste: /builds/slave/test/build/venv/bin/pip install --timeout 120 --no-index --find-links http://pypi.pvt.build.mozilla.org/pub --find-links http://pypi.pub.build.mozilla.org/pub --trusted-host pypi.pub.build.mozilla.org --trusted-host pypi.pvt.build.mozilla.org six==1.10.0
16:57:44     INFO - Using env: {'Apple_PubSub_Socket_Render': '/private/tmp/com.apple.launchd.GD21awncaw/Render',
16:57:44     INFO -  'GIT_SHARE_BASE_DIR': '/builds/git-shared',
16:57:44     INFO -  'HG_SHARE_BASE_DIR': '/builds/hg-shared',
16:57:44     INFO -  'HOME': '/Users/cltbld',
16:57:44     INFO -  'IDLEIZER_DISABLE_SHUTDOWN': 'true',
16:57:44     INFO -  'LOGNAME': 'cltbld',
16:57:44     INFO -  'MOZ_HIDE_RESULTS_TABLE': '1',
16:57:44     INFO -  'MOZ_NODE_PATH': '/usr/local/bin/node',
16:57:44     INFO -  'MOZ_NO_REMOTE': '1',
16:57:44     INFO -  'NO_EM_RESTART': '1',
16:57:44     INFO -  'NO_FAIL_ON_TEST_ERRORS': '1',
16:57:44     INFO -  'PATH': '/usr/local/sbin:/usr/local/bin:/usr/sbin:/usr/bin:/sbin:/bin:/usr/bin/X11',
16:57:44     INFO -  'PROPERTIES_FILE': '/builds/slave/test/buildprops.json',
16:57:44     INFO -  'PWD': '/builds/slave/test',
16:57:44     INFO -  'RUNNER_CONFIG_CMD': '/opt/runner/bin/python2.7 /opt/runner/bin/runner -c /opt/runner/runner.cfg',
16:57:44     INFO -  'SHELL': '/bin/bash',
16:57:44     INFO -  'SSH_AUTH_SOCK': '/private/tmp/com.apple.launchd.HuneRqluoD/Listeners',
16:57:44     INFO -  'TMPDIR': '/var/folders/6j/h2_l2tgj0h5b111_ddr5tl_h00000w/T/',
16:57:44     INFO -  'TWISTD_LOG_PATH': '/builds/slave/twistd.log',
16:57:44     INFO -  'USER': 'cltbld',
16:57:44     INFO -  'VERSIONER_PYTHON_PREFER_32_BIT': 'no',
16:57:44     INFO -  'VERSIONER_PYTHON_VERSION': '2.7',
16:57:44     INFO -  'XPCOM_DEBUG_BREAK': 'warn',
16:57:44     INFO -  'XPC_FLAGS': '0x0',
16:57:44     INFO -  'XPC_SERVICE_NAME': '0',
16:57:44     INFO -  '__CF_USER_TEXT_ENCODING': '0x1C:0:0'}
16:57:44     INFO -  Ignoring indexes: https://pypi.python.org/simple
16:57:44     INFO -  Collecting six==1.10.0
16:57:44     INFO -  /builds/slave/test/build/venv/lib/python2.7/site-packages/pip/_vendor/requests/packages/urllib3/util/ssl_.py:318: SNIMissingWarning: An HTTPS request has been made, but the SNI (Subject Name Indication) extension to TLS is not available on this platform. This may cause the server to present an incorrect TLS certificate, which can cause validation failures. You can upgrade to a newer version of Python to solve this. For more information, see https://urllib3.readthedocs.org/en/latest/security.html#snimissingwarning.
16:57:44     INFO -    SNIMissingWarning
16:57:44     INFO -  /builds/slave/test/build/venv/lib/python2.7/site-packages/pip/_vendor/requests/packages/urllib3/util/ssl_.py:122: InsecurePlatformWarning: A true SSLContext object is not available. This prevents urllib3 from configuring SSL appropriately and may cause certain SSL connections to fail. You can upgrade to a newer version of Python to solve this. For more information, see https://urllib3.readthedocs.org/en/latest/security.html#insecureplatformwarning.
16:57:44     INFO -    InsecurePlatformWarning
16:57:45     INFO -  /builds/slave/test/build/venv/lib/python2.7/site-packages/pip/_vendor/requests/packages/urllib3/util/ssl_.py:122: InsecurePlatformWarning: A true SSLContext object is not available. This prevents urllib3 from configuring SSL appropriately and may cause certain SSL connections to fail. You can upgrade to a newer version of Python to solve this. For more information, see https://urllib3.readthedocs.org/en/latest/security.html#insecureplatformwarning.
16:57:45     INFO -    InsecurePlatformWarning
16:57:47     INFO -    Downloading https://pypi.pvt.build.mozilla.org/pub/six-1.10.0-py2.py3-none-any.whl
16:57:47     INFO -  Installing collected packages: six
16:57:47     INFO -  Successfully installed six-1.10.0
16:57:47     INFO - Return code: 0
16:57:47     INFO - Installing vcversioner==2.16.0.0 into virtualenv /builds/slave/test/build/venv
16:57:47     INFO - retry: Calling run_command with args: [['/builds/slave/test/build/venv/bin/pip', 'install', '--timeout', '120', '--no-index', '--find-links', 'http://pypi.pvt.build.mozilla.org/pub', '--find-links', 'http://pypi.pub.build.mozilla.org/pub', '--trusted-host', 'pypi.pub.build.mozilla.org', '--trusted-host', 'pypi.pvt.build.mozilla.org', 'vcversioner==2.16.0.0']], kwargs: {'error_level': 'warning', 'error_list': [{'substr': 'not found or a compiler error:', 'level': 'warning'}, {'regex': <_sre.SRE_Pattern object at 0x100e14170>, 'level': 'error'}, {'regex': <_sre.SRE_Pattern object at 0x100eb6960>, 'level': 'warning'}, {'regex': <_sre.SRE_Pattern object at 0x7fdc79c2ef60>, 'level': 'debug'}, {'substr': 'command not found', 'level': 'error'}, {'regex': <_sre.SRE_Pattern object at 0x100da71d0>, 'level': 'warning'}, {'substr': 'Traceback (most recent call last)', 'level': 'error'}, {'substr': 'SyntaxError: ', 'level': 'error'}, {'substr': 'TypeError: ', 'level': 'error'}, {'substr': 'NameError: ', 'level': 'error'}, {'substr': 'ZeroDivisionError: ', 'level': 'error'}, {'regex': <_sre.SRE_Pattern object at 0x100d82108>, 'level': 'critical'}, {'regex': <_sre.SRE_Pattern object at 0x100d9c030>, 'level': 'critical'}], 'cwd': '/builds/slave/test/build', 'env': {'VERSIONER_PYTHON_PREFER_32_BIT': 'no', 'LOGNAME': 'cltbld', 'USER': 'cltbld', 'XPC_SERVICE_NAME': '0', 'PATH': '/usr/local/sbin:/usr/local/bin:/usr/sbin:/usr/bin:/sbin:/bin:/usr/bin/X11', 'HOME': '/Users/cltbld', 'NO_EM_RESTART': '1', 'IDLEIZER_DISABLE_SHUTDOWN': 'true', 'XPCOM_DEBUG_BREAK': 'warn', 'Apple_PubSub_Socket_Render': '/private/tmp/com.apple.launchd.GD21awncaw/Render', 'MOZ_NODE_PATH': '/usr/local/bin/node', 'TWISTD_LOG_PATH': '/builds/slave/twistd.log', 'GIT_SHARE_BASE_DIR': '/builds/git-shared', 'VERSIONER_PYTHON_VERSION': '2.7', 'XPC_FLAGS': '0x0', 'NO_FAIL_ON_TEST_ERRORS': '1', 'HG_SHARE_BASE_DIR': '/builds/hg-shared', 'RUNNER_CONFIG_CMD': '/opt/runner/bin/python2.7 /opt/runner/bin/runner -c /opt/runner/runner.cfg', 'MOZ_NO_REMOTE': '1', 'MOZ_HIDE_RESULTS_TABLE': '1', 'SSH_AUTH_SOCK': '/private/tmp/com.apple.launchd.HuneRqluoD/Listeners', 'SHELL': '/bin/bash', 'TMPDIR': '/var/folders/6j/h2_l2tgj0h5b111_ddr5tl_h00000w/T/', '__CF_USER_TEXT_ENCODING': '0x1C:0:0', 'PWD': '/builds/slave/test', 'PROPERTIES_FILE': '/builds/slave/test/buildprops.json'}}, attempt #1
16:57:47     INFO - Running command: ['/builds/slave/test/build/venv/bin/pip', 'install', '--timeout', '120', '--no-index', '--find-links', 'http://pypi.pvt.build.mozilla.org/pub', '--find-links', 'http://pypi.pub.build.mozilla.org/pub', '--trusted-host', 'pypi.pub.build.mozilla.org', '--trusted-host', 'pypi.pvt.build.mozilla.org', 'vcversioner==2.16.0.0'] in /builds/slave/test/build
16:57:47     INFO - Copy/paste: /builds/slave/test/build/venv/bin/pip install --timeout 120 --no-index --find-links http://pypi.pvt.build.mozilla.org/pub --find-links http://pypi.pub.build.mozilla.org/pub --trusted-host pypi.pub.build.mozilla.org --trusted-host pypi.pvt.build.mozilla.org vcversioner==2.16.0.0
16:57:47     INFO - Using env: {'Apple_PubSub_Socket_Render': '/private/tmp/com.apple.launchd.GD21awncaw/Render',
16:57:47     INFO -  'GIT_SHARE_BASE_DIR': '/builds/git-shared',
16:57:47     INFO -  'HG_SHARE_BASE_DIR': '/builds/hg-shared',
16:57:47     INFO -  'HOME': '/Users/cltbld',
16:57:47     INFO -  'IDLEIZER_DISABLE_SHUTDOWN': 'true',
16:57:47     INFO -  'LOGNAME': 'cltbld',
16:57:47     INFO -  'MOZ_HIDE_RESULTS_TABLE': '1',
16:57:47     INFO -  'MOZ_NODE_PATH': '/usr/local/bin/node',
16:57:47     INFO -  'MOZ_NO_REMOTE': '1',
16:57:47     INFO -  'NO_EM_RESTART': '1',
16:57:47     INFO -  'NO_FAIL_ON_TEST_ERRORS': '1',
16:57:47     INFO -  'PATH': '/usr/local/sbin:/usr/local/bin:/usr/sbin:/usr/bin:/sbin:/bin:/usr/bin/X11',
16:57:47     INFO -  'PROPERTIES_FILE': '/builds/slave/test/buildprops.json',
16:57:47     INFO -  'PWD': '/builds/slave/test',
16:57:47     INFO -  'RUNNER_CONFIG_CMD': '/opt/runner/bin/python2.7 /opt/runner/bin/runner -c /opt/runner/runner.cfg',
16:57:47     INFO -  'SHELL': '/bin/bash',
16:57:47     INFO -  'SSH_AUTH_SOCK': '/private/tmp/com.apple.launchd.HuneRqluoD/Listeners',
16:57:47     INFO -  'TMPDIR': '/var/folders/6j/h2_l2tgj0h5b111_ddr5tl_h00000w/T/',
16:57:47     INFO -  'TWISTD_LOG_PATH': '/builds/slave/twistd.log',
16:57:47     INFO -  'USER': 'cltbld',
16:57:47     INFO -  'VERSIONER_PYTHON_PREFER_32_BIT': 'no',
16:57:47     INFO -  'VERSIONER_PYTHON_VERSION': '2.7',
16:57:47     INFO -  'XPCOM_DEBUG_BREAK': 'warn',
16:57:47     INFO -  'XPC_FLAGS': '0x0',
16:57:47     INFO -  'XPC_SERVICE_NAME': '0',
16:57:47     INFO -  '__CF_USER_TEXT_ENCODING': '0x1C:0:0'}
16:57:48     INFO -  Ignoring indexes: https://pypi.python.org/simple
16:57:48     INFO -  Collecting vcversioner==2.16.0.0
16:57:48     INFO -  /builds/slave/test/build/venv/lib/python2.7/site-packages/pip/_vendor/requests/packages/urllib3/util/ssl_.py:318: SNIMissingWarning: An HTTPS request has been made, but the SNI (Subject Name Indication) extension to TLS is not available on this platform. This may cause the server to present an incorrect TLS certificate, which can cause validation failures. You can upgrade to a newer version of Python to solve this. For more information, see https://urllib3.readthedocs.org/en/latest/security.html#snimissingwarning.
16:57:48     INFO -    SNIMissingWarning
16:57:48     INFO -  /builds/slave/test/build/venv/lib/python2.7/site-packages/pip/_vendor/requests/packages/urllib3/util/ssl_.py:122: InsecurePlatformWarning: A true SSLContext object is not available. This prevents urllib3 from configuring SSL appropriately and may cause certain SSL connections to fail. You can upgrade to a newer version of Python to solve this. For more information, see https://urllib3.readthedocs.org/en/latest/security.html#insecureplatformwarning.
16:57:48     INFO -    InsecurePlatformWarning
16:57:48     INFO -  /builds/slave/test/build/venv/lib/python2.7/site-packages/pip/_vendor/requests/packages/urllib3/util/ssl_.py:122: InsecurePlatformWarning: A true SSLContext object is not available. This prevents urllib3 from configuring SSL appropriately and may cause certain SSL connections to fail. You can upgrade to a newer version of Python to solve this. For more information, see https://urllib3.readthedocs.org/en/latest/security.html#insecureplatformwarning.
16:57:48     INFO -    InsecurePlatformWarning
16:57:50     INFO -  Installing collected packages: vcversioner
16:57:50     INFO -  Successfully installed vcversioner-2.16.0.0
16:57:50     INFO - Return code: 0
16:57:50     INFO - Installing psutil>=3.1.1 into virtualenv /builds/slave/test/build/venv
16:57:50     INFO - retry: Calling run_command with args: [['/builds/slave/test/build/venv/bin/pip', 'install', '--timeout', '120', '--no-index', '--find-links', 'http://pypi.pvt.build.mozilla.org/pub', '--find-links', 'http://pypi.pub.build.mozilla.org/pub', '--trusted-host', 'pypi.pub.build.mozilla.org', '--trusted-host', 'pypi.pvt.build.mozilla.org', 'psutil>=3.1.1']], kwargs: {'error_level': 'warning', 'error_list': [{'substr': 'not found or a compiler error:', 'level': 'warning'}, {'regex': <_sre.SRE_Pattern object at 0x100e14170>, 'level': 'error'}, {'regex': <_sre.SRE_Pattern object at 0x100eb6960>, 'level': 'warning'}, {'regex': <_sre.SRE_Pattern object at 0x7fdc79c2ef60>, 'level': 'debug'}, {'substr': 'command not found', 'level': 'error'}, {'regex': <_sre.SRE_Pattern object at 0x100da71d0>, 'level': 'warning'}, {'substr': 'Traceback (most recent call last)', 'level': 'error'}, {'substr': 'SyntaxError: ', 'level': 'error'}, {'substr': 'TypeError: ', 'level': 'error'}, {'substr': 'NameError: ', 'level': 'error'}, {'substr': 'ZeroDivisionError: ', 'level': 'error'}, {'regex': <_sre.SRE_Pattern object at 0x100d82108>, 'level': 'critical'}, {'regex': <_sre.SRE_Pattern object at 0x100d9c030>, 'level': 'critical'}], 'cwd': '/builds/slave/test/build', 'env': {'VERSIONER_PYTHON_PREFER_32_BIT': 'no', 'LOGNAME': 'cltbld', 'USER': 'cltbld', 'XPC_SERVICE_NAME': '0', 'PATH': '/usr/local/sbin:/usr/local/bin:/usr/sbin:/usr/bin:/sbin:/bin:/usr/bin/X11', 'HOME': '/Users/cltbld', 'NO_EM_RESTART': '1', 'IDLEIZER_DISABLE_SHUTDOWN': 'true', 'XPCOM_DEBUG_BREAK': 'warn', 'Apple_PubSub_Socket_Render': '/private/tmp/com.apple.launchd.GD21awncaw/Render', 'MOZ_NODE_PATH': '/usr/local/bin/node', 'TWISTD_LOG_PATH': '/builds/slave/twistd.log', 'GIT_SHARE_BASE_DIR': '/builds/git-shared', 'VERSIONER_PYTHON_VERSION': '2.7', 'XPC_FLAGS': '0x0', 'NO_FAIL_ON_TEST_ERRORS': '1', 'HG_SHARE_BASE_DIR': '/builds/hg-shared', 'RUNNER_CONFIG_CMD': '/opt/runner/bin/python2.7 /opt/runner/bin/runner -c /opt/runner/runner.cfg', 'MOZ_NO_REMOTE': '1', 'MOZ_HIDE_RESULTS_TABLE': '1', 'SSH_AUTH_SOCK': '/private/tmp/com.apple.launchd.HuneRqluoD/Listeners', 'SHELL': '/bin/bash', 'TMPDIR': '/var/folders/6j/h2_l2tgj0h5b111_ddr5tl_h00000w/T/', '__CF_USER_TEXT_ENCODING': '0x1C:0:0', 'PWD': '/builds/slave/test', 'PROPERTIES_FILE': '/builds/slave/test/buildprops.json'}}, attempt #1
16:57:50     INFO - Running command: ['/builds/slave/test/build/venv/bin/pip', 'install', '--timeout', '120', '--no-index', '--find-links', 'http://pypi.pvt.build.mozilla.org/pub', '--find-links', 'http://pypi.pub.build.mozilla.org/pub', '--trusted-host', 'pypi.pub.build.mozilla.org', '--trusted-host', 'pypi.pvt.build.mozilla.org', 'psutil>=3.1.1'] in /builds/slave/test/build
16:57:50     INFO - Copy/paste: /builds/slave/test/build/venv/bin/pip install --timeout 120 --no-index --find-links http://pypi.pvt.build.mozilla.org/pub --find-links http://pypi.pub.build.mozilla.org/pub --trusted-host pypi.pub.build.mozilla.org --trusted-host pypi.pvt.build.mozilla.org psutil>=3.1.1
16:57:50     INFO - Using env: {'Apple_PubSub_Socket_Render': '/private/tmp/com.apple.launchd.GD21awncaw/Render',
16:57:50     INFO -  'GIT_SHARE_BASE_DIR': '/builds/git-shared',
16:57:50     INFO -  'HG_SHARE_BASE_DIR': '/builds/hg-shared',
16:57:50     INFO -  'HOME': '/Users/cltbld',
16:57:50     INFO -  'IDLEIZER_DISABLE_SHUTDOWN': 'true',
16:57:50     INFO -  'LOGNAME': 'cltbld',
16:57:50     INFO -  'MOZ_HIDE_RESULTS_TABLE': '1',
16:57:50     INFO -  'MOZ_NODE_PATH': '/usr/local/bin/node',
16:57:50     INFO -  'MOZ_NO_REMOTE': '1',
16:57:50     INFO -  'NO_EM_RESTART': '1',
16:57:50     INFO -  'NO_FAIL_ON_TEST_ERRORS': '1',
16:57:50     INFO -  'PATH': '/usr/local/sbin:/usr/local/bin:/usr/sbin:/usr/bin:/sbin:/bin:/usr/bin/X11',
16:57:50     INFO -  'PROPERTIES_FILE': '/builds/slave/test/buildprops.json',
16:57:50     INFO -  'PWD': '/builds/slave/test',
16:57:50     INFO -  'RUNNER_CONFIG_CMD': '/opt/runner/bin/python2.7 /opt/runner/bin/runner -c /opt/runner/runner.cfg',
16:57:50     INFO -  'SHELL': '/bin/bash',
16:57:50     INFO -  'SSH_AUTH_SOCK': '/private/tmp/com.apple.launchd.HuneRqluoD/Listeners',
16:57:50     INFO -  'TMPDIR': '/var/folders/6j/h2_l2tgj0h5b111_ddr5tl_h00000w/T/',
16:57:50     INFO -  'TWISTD_LOG_PATH': '/builds/slave/twistd.log',
16:57:50     INFO -  'USER': 'cltbld',
16:57:50     INFO -  'VERSIONER_PYTHON_PREFER_32_BIT': 'no',
16:57:50     INFO -  'VERSIONER_PYTHON_VERSION': '2.7',
16:57:50     INFO -  'XPCOM_DEBUG_BREAK': 'warn',
16:57:50     INFO -  'XPC_FLAGS': '0x0',
16:57:50     INFO -  'XPC_SERVICE_NAME': '0',
16:57:50     INFO -  '__CF_USER_TEXT_ENCODING': '0x1C:0:0'}
16:57:51     INFO -  Ignoring indexes: https://pypi.python.org/simple
16:57:51     INFO -  Collecting psutil>=3.1.1
16:57:51     INFO -  /builds/slave/test/build/venv/lib/python2.7/site-packages/pip/_vendor/requests/packages/urllib3/util/ssl_.py:318: SNIMissingWarning: An HTTPS request has been made, but the SNI (Subject Name Indication) extension to TLS is not available on this platform. This may cause the server to present an incorrect TLS certificate, which can cause validation failures. You can upgrade to a newer version of Python to solve this. For more information, see https://urllib3.readthedocs.org/en/latest/security.html#snimissingwarning.
16:57:51     INFO -    SNIMissingWarning
16:57:51     INFO -  /builds/slave/test/build/venv/lib/python2.7/site-packages/pip/_vendor/requests/packages/urllib3/util/ssl_.py:122: InsecurePlatformWarning: A true SSLContext object is not available. This prevents urllib3 from configuring SSL appropriately and may cause certain SSL connections to fail. You can upgrade to a newer version of Python to solve this. For more information, see https://urllib3.readthedocs.org/en/latest/security.html#insecureplatformwarning.
16:57:51     INFO -    InsecurePlatformWarning
16:57:51     INFO -  /builds/slave/test/build/venv/lib/python2.7/site-packages/pip/_vendor/requests/packages/urllib3/util/ssl_.py:122: InsecurePlatformWarning: A true SSLContext object is not available. This prevents urllib3 from configuring SSL appropriately and may cause certain SSL connections to fail. You can upgrade to a newer version of Python to solve this. For more information, see https://urllib3.readthedocs.org/en/latest/security.html#insecureplatformwarning.
16:57:51     INFO -    InsecurePlatformWarning
16:57:53     INFO -  Installing collected packages: psutil
16:57:54     INFO -  Successfully installed psutil-5.4.3
16:57:54     INFO - Return code: 0
16:57:54     INFO - Installing mozsystemmonitor==0.3 into virtualenv /builds/slave/test/build/venv
16:57:54     INFO - retry: Calling run_command with args: [['/builds/slave/test/build/venv/bin/pip', 'install', '--timeout', '120', '--no-index', '--find-links', 'http://pypi.pvt.build.mozilla.org/pub', '--find-links', 'http://pypi.pub.build.mozilla.org/pub', '--trusted-host', 'pypi.pub.build.mozilla.org', '--trusted-host', 'pypi.pvt.build.mozilla.org', 'mozsystemmonitor==0.3']], kwargs: {'error_level': 'warning', 'error_list': [{'substr': 'not found or a compiler error:', 'level': 'warning'}, {'regex': <_sre.SRE_Pattern object at 0x100e14170>, 'level': 'error'}, {'regex': <_sre.SRE_Pattern object at 0x100eb6960>, 'level': 'warning'}, {'regex': <_sre.SRE_Pattern object at 0x7fdc79c2ef60>, 'level': 'debug'}, {'substr': 'command not found', 'level': 'error'}, {'regex': <_sre.SRE_Pattern object at 0x100da71d0>, 'level': 'warning'}, {'substr': 'Traceback (most recent call last)', 'level': 'error'}, {'substr': 'SyntaxError: ', 'level': 'error'}, {'substr': 'TypeError: ', 'level': 'error'}, {'substr': 'NameError: ', 'level': 'error'}, {'substr': 'ZeroDivisionError: ', 'level': 'error'}, {'regex': <_sre.SRE_Pattern object at 0x100d82108>, 'level': 'critical'}, {'regex': <_sre.SRE_Pattern object at 0x100d9c030>, 'level': 'critical'}], 'cwd': '/builds/slave/test/build', 'env': {'VERSIONER_PYTHON_PREFER_32_BIT': 'no', 'LOGNAME': 'cltbld', 'USER': 'cltbld', 'XPC_SERVICE_NAME': '0', 'PATH': '/usr/local/sbin:/usr/local/bin:/usr/sbin:/usr/bin:/sbin:/bin:/usr/bin/X11', 'HOME': '/Users/cltbld', 'NO_EM_RESTART': '1', 'IDLEIZER_DISABLE_SHUTDOWN': 'true', 'XPCOM_DEBUG_BREAK': 'warn', 'Apple_PubSub_Socket_Render': '/private/tmp/com.apple.launchd.GD21awncaw/Render', 'MOZ_NODE_PATH': '/usr/local/bin/node', 'TWISTD_LOG_PATH': '/builds/slave/twistd.log', 'GIT_SHARE_BASE_DIR': '/builds/git-shared', 'VERSIONER_PYTHON_VERSION': '2.7', 'XPC_FLAGS': '0x0', 'NO_FAIL_ON_TEST_ERRORS': '1', 'HG_SHARE_BASE_DIR': '/builds/hg-shared', 'RUNNER_CONFIG_CMD': '/opt/runner/bin/python2.7 /opt/runner/bin/runner -c /opt/runner/runner.cfg', 'MOZ_NO_REMOTE': '1', 'MOZ_HIDE_RESULTS_TABLE': '1', 'SSH_AUTH_SOCK': '/private/tmp/com.apple.launchd.HuneRqluoD/Listeners', 'SHELL': '/bin/bash', 'TMPDIR': '/var/folders/6j/h2_l2tgj0h5b111_ddr5tl_h00000w/T/', '__CF_USER_TEXT_ENCODING': '0x1C:0:0', 'PWD': '/builds/slave/test', 'PROPERTIES_FILE': '/builds/slave/test/buildprops.json'}}, attempt #1
16:57:54     INFO - Running command: ['/builds/slave/test/build/venv/bin/pip', 'install', '--timeout', '120', '--no-index', '--find-links', 'http://pypi.pvt.build.mozilla.org/pub', '--find-links', 'http://pypi.pub.build.mozilla.org/pub', '--trusted-host', 'pypi.pub.build.mozilla.org', '--trusted-host', 'pypi.pvt.build.mozilla.org', 'mozsystemmonitor==0.3'] in /builds/slave/test/build
16:57:54     INFO - Copy/paste: /builds/slave/test/build/venv/bin/pip install --timeout 120 --no-index --find-links http://pypi.pvt.build.mozilla.org/pub --find-links http://pypi.pub.build.mozilla.org/pub --trusted-host pypi.pub.build.mozilla.org --trusted-host pypi.pvt.build.mozilla.org mozsystemmonitor==0.3
16:57:54     INFO - Using env: {'Apple_PubSub_Socket_Render': '/private/tmp/com.apple.launchd.GD21awncaw/Render',
16:57:54     INFO -  'GIT_SHARE_BASE_DIR': '/builds/git-shared',
16:57:54     INFO -  'HG_SHARE_BASE_DIR': '/builds/hg-shared',
16:57:54     INFO -  'HOME': '/Users/cltbld',
16:57:54     INFO -  'IDLEIZER_DISABLE_SHUTDOWN': 'true',
16:57:54     INFO -  'LOGNAME': 'cltbld',
16:57:54     INFO -  'MOZ_HIDE_RESULTS_TABLE': '1',
16:57:54     INFO -  'MOZ_NODE_PATH': '/usr/local/bin/node',
16:57:54     INFO -  'MOZ_NO_REMOTE': '1',
16:57:54     INFO -  'NO_EM_RESTART': '1',
16:57:54     INFO -  'NO_FAIL_ON_TEST_ERRORS': '1',
16:57:54     INFO -  'PATH': '/usr/local/sbin:/usr/local/bin:/usr/sbin:/usr/bin:/sbin:/bin:/usr/bin/X11',
16:57:54     INFO -  'PROPERTIES_FILE': '/builds/slave/test/buildprops.json',
16:57:54     INFO -  'PWD': '/builds/slave/test',
16:57:54     INFO -  'RUNNER_CONFIG_CMD': '/opt/runner/bin/python2.7 /opt/runner/bin/runner -c /opt/runner/runner.cfg',
16:57:54     INFO -  'SHELL': '/bin/bash',
16:57:54     INFO -  'SSH_AUTH_SOCK': '/private/tmp/com.apple.launchd.HuneRqluoD/Listeners',
16:57:54     INFO -  'TMPDIR': '/var/folders/6j/h2_l2tgj0h5b111_ddr5tl_h00000w/T/',
16:57:54     INFO -  'TWISTD_LOG_PATH': '/builds/slave/twistd.log',
16:57:54     INFO -  'USER': 'cltbld',
16:57:54     INFO -  'VERSIONER_PYTHON_PREFER_32_BIT': 'no',
16:57:54     INFO -  'VERSIONER_PYTHON_VERSION': '2.7',
16:57:54     INFO -  'XPCOM_DEBUG_BREAK': 'warn',
16:57:54     INFO -  'XPC_FLAGS': '0x0',
16:57:54     INFO -  'XPC_SERVICE_NAME': '0',
16:57:54     INFO -  '__CF_USER_TEXT_ENCODING': '0x1C:0:0'}
16:57:54     INFO -  Ignoring indexes: https://pypi.python.org/simple
16:57:54     INFO -  Collecting mozsystemmonitor==0.3
16:57:54     INFO -  /builds/slave/test/build/venv/lib/python2.7/site-packages/pip/_vendor/requests/packages/urllib3/util/ssl_.py:318: SNIMissingWarning: An HTTPS request has been made, but the SNI (Subject Name Indication) extension to TLS is not available on this platform. This may cause the server to present an incorrect TLS certificate, which can cause validation failures. You can upgrade to a newer version of Python to solve this. For more information, see https://urllib3.readthedocs.org/en/latest/security.html#snimissingwarning.
16:57:54     INFO -    SNIMissingWarning
16:57:54     INFO -  /builds/slave/test/build/venv/lib/python2.7/site-packages/pip/_vendor/requests/packages/urllib3/util/ssl_.py:122: InsecurePlatformWarning: A true SSLContext object is not available. This prevents urllib3 from configuring SSL appropriately and may cause certain SSL connections to fail. You can upgrade to a newer version of Python to solve this. For more information, see https://urllib3.readthedocs.org/en/latest/security.html#insecureplatformwarning.
16:57:54     INFO -    InsecurePlatformWarning
16:57:55     INFO -  /builds/slave/test/build/venv/lib/python2.7/site-packages/pip/_vendor/requests/packages/urllib3/util/ssl_.py:122: InsecurePlatformWarning: A true SSLContext object is not available. This prevents urllib3 from configuring SSL appropriately and may cause certain SSL connections to fail. You can upgrade to a newer version of Python to solve this. For more information, see https://urllib3.readthedocs.org/en/latest/security.html#insecureplatformwarning.
16:57:55     INFO -    InsecurePlatformWarning
16:57:57     INFO -  Requirement already satisfied (use --upgrade to upgrade): psutil>=3.1.1 in ./venv/lib/python2.7/site-packages (from mozsystemmonitor==0.3)
16:57:57     INFO -  Installing collected packages: mozsystemmonitor
16:57:57     INFO -  Successfully installed mozsystemmonitor-0.3
16:57:57     INFO - Return code: 0
16:57:57     INFO - Installing jsonschema==2.5.1 into virtualenv /builds/slave/test/build/venv
16:57:57     INFO - retry: Calling run_command with args: [['/builds/slave/test/build/venv/bin/pip', 'install', '--timeout', '120', '--no-index', '--find-links', 'http://pypi.pvt.build.mozilla.org/pub', '--find-links', 'http://pypi.pub.build.mozilla.org/pub', '--trusted-host', 'pypi.pub.build.mozilla.org', '--trusted-host', 'pypi.pvt.build.mozilla.org', 'jsonschema==2.5.1']], kwargs: {'error_level': 'warning', 'error_list': [{'substr': 'not found or a compiler error:', 'level': 'warning'}, {'regex': <_sre.SRE_Pattern object at 0x100e14170>, 'level': 'error'}, {'regex': <_sre.SRE_Pattern object at 0x100eb6960>, 'level': 'warning'}, {'regex': <_sre.SRE_Pattern object at 0x7fdc79c2ef60>, 'level': 'debug'}, {'substr': 'command not found', 'level': 'error'}, {'regex': <_sre.SRE_Pattern object at 0x100da71d0>, 'level': 'warning'}, {'substr': 'Traceback (most recent call last)', 'level': 'error'}, {'substr': 'SyntaxError: ', 'level': 'error'}, {'substr': 'TypeError: ', 'level': 'error'}, {'substr': 'NameError: ', 'level': 'error'}, {'substr': 'ZeroDivisionError: ', 'level': 'error'}, {'regex': <_sre.SRE_Pattern object at 0x100d82108>, 'level': 'critical'}, {'regex': <_sre.SRE_Pattern object at 0x100d9c030>, 'level': 'critical'}], 'cwd': '/builds/slave/test/build', 'env': {'VERSIONER_PYTHON_PREFER_32_BIT': 'no', 'LOGNAME': 'cltbld', 'USER': 'cltbld', 'XPC_SERVICE_NAME': '0', 'PATH': '/usr/local/sbin:/usr/local/bin:/usr/sbin:/usr/bin:/sbin:/bin:/usr/bin/X11', 'HOME': '/Users/cltbld', 'NO_EM_RESTART': '1', 'IDLEIZER_DISABLE_SHUTDOWN': 'true', 'XPCOM_DEBUG_BREAK': 'warn', 'Apple_PubSub_Socket_Render': '/private/tmp/com.apple.launchd.GD21awncaw/Render', 'MOZ_NODE_PATH': '/usr/local/bin/node', 'TWISTD_LOG_PATH': '/builds/slave/twistd.log', 'GIT_SHARE_BASE_DIR': '/builds/git-shared', 'VERSIONER_PYTHON_VERSION': '2.7', 'XPC_FLAGS': '0x0', 'NO_FAIL_ON_TEST_ERRORS': '1', 'HG_SHARE_BASE_DIR': '/builds/hg-shared', 'RUNNER_CONFIG_CMD': '/opt/runner/bin/python2.7 /opt/runner/bin/runner -c /opt/runner/runner.cfg', 'MOZ_NO_REMOTE': '1', 'MOZ_HIDE_RESULTS_TABLE': '1', 'SSH_AUTH_SOCK': '/private/tmp/com.apple.launchd.HuneRqluoD/Listeners', 'SHELL': '/bin/bash', 'TMPDIR': '/var/folders/6j/h2_l2tgj0h5b111_ddr5tl_h00000w/T/', '__CF_USER_TEXT_ENCODING': '0x1C:0:0', 'PWD': '/builds/slave/test', 'PROPERTIES_FILE': '/builds/slave/test/buildprops.json'}}, attempt #1
16:57:57     INFO - Running command: ['/builds/slave/test/build/venv/bin/pip', 'install', '--timeout', '120', '--no-index', '--find-links', 'http://pypi.pvt.build.mozilla.org/pub', '--find-links', 'http://pypi.pub.build.mozilla.org/pub', '--trusted-host', 'pypi.pub.build.mozilla.org', '--trusted-host', 'pypi.pvt.build.mozilla.org', 'jsonschema==2.5.1'] in /builds/slave/test/build
16:57:57     INFO - Copy/paste: /builds/slave/test/build/venv/bin/pip install --timeout 120 --no-index --find-links http://pypi.pvt.build.mozilla.org/pub --find-links http://pypi.pub.build.mozilla.org/pub --trusted-host pypi.pub.build.mozilla.org --trusted-host pypi.pvt.build.mozilla.org jsonschema==2.5.1
16:57:57     INFO - Using env: {'Apple_PubSub_Socket_Render': '/private/tmp/com.apple.launchd.GD21awncaw/Render',
16:57:57     INFO -  'GIT_SHARE_BASE_DIR': '/builds/git-shared',
16:57:57     INFO -  'HG_SHARE_BASE_DIR': '/builds/hg-shared',
16:57:57     INFO -  'HOME': '/Users/cltbld',
16:57:57     INFO -  'IDLEIZER_DISABLE_SHUTDOWN': 'true',
16:57:57     INFO -  'LOGNAME': 'cltbld',
16:57:57     INFO -  'MOZ_HIDE_RESULTS_TABLE': '1',
16:57:57     INFO -  'MOZ_NODE_PATH': '/usr/local/bin/node',
16:57:57     INFO -  'MOZ_NO_REMOTE': '1',
16:57:57     INFO -  'NO_EM_RESTART': '1',
16:57:57     INFO -  'NO_FAIL_ON_TEST_ERRORS': '1',
16:57:57     INFO -  'PATH': '/usr/local/sbin:/usr/local/bin:/usr/sbin:/usr/bin:/sbin:/bin:/usr/bin/X11',
16:57:57     INFO -  'PROPERTIES_FILE': '/builds/slave/test/buildprops.json',
16:57:57     INFO -  'PWD': '/builds/slave/test',
16:57:57     INFO -  'RUNNER_CONFIG_CMD': '/opt/runner/bin/python2.7 /opt/runner/bin/runner -c /opt/runner/runner.cfg',
16:57:57     INFO -  'SHELL': '/bin/bash',
16:57:57     INFO -  'SSH_AUTH_SOCK': '/private/tmp/com.apple.launchd.HuneRqluoD/Listeners',
16:57:57     INFO -  'TMPDIR': '/var/folders/6j/h2_l2tgj0h5b111_ddr5tl_h00000w/T/',
16:57:57     INFO -  'TWISTD_LOG_PATH': '/builds/slave/twistd.log',
16:57:57     INFO -  'USER': 'cltbld',
16:57:57     INFO -  'VERSIONER_PYTHON_PREFER_32_BIT': 'no',
16:57:57     INFO -  'VERSIONER_PYTHON_VERSION': '2.7',
16:57:57     INFO -  'XPCOM_DEBUG_BREAK': 'warn',
16:57:57     INFO -  'XPC_FLAGS': '0x0',
16:57:57     INFO -  'XPC_SERVICE_NAME': '0',
16:57:57     INFO -  '__CF_USER_TEXT_ENCODING': '0x1C:0:0'}
16:57:57     INFO -  Ignoring indexes: https://pypi.python.org/simple
16:57:57     INFO -  Collecting jsonschema==2.5.1
16:57:57     INFO -  /builds/slave/test/build/venv/lib/python2.7/site-packages/pip/_vendor/requests/packages/urllib3/util/ssl_.py:318: SNIMissingWarning: An HTTPS request has been made, but the SNI (Subject Name Indication) extension to TLS is not available on this platform. This may cause the server to present an incorrect TLS certificate, which can cause validation failures. You can upgrade to a newer version of Python to solve this. For more information, see https://urllib3.readthedocs.org/en/latest/security.html#snimissingwarning.
16:57:57     INFO -    SNIMissingWarning
16:57:57     INFO -  /builds/slave/test/build/venv/lib/python2.7/site-packages/pip/_vendor/requests/packages/urllib3/util/ssl_.py:122: InsecurePlatformWarning: A true SSLContext object is not available. This prevents urllib3 from configuring SSL appropriately and may cause certain SSL connections to fail. You can upgrade to a newer version of Python to solve this. For more information, see https://urllib3.readthedocs.org/en/latest/security.html#insecureplatformwarning.
16:57:57     INFO -    InsecurePlatformWarning
16:57:58     INFO -  /builds/slave/test/build/venv/lib/python2.7/site-packages/pip/_vendor/requests/packages/urllib3/util/ssl_.py:122: InsecurePlatformWarning: A true SSLContext object is not available. This prevents urllib3 from configuring SSL appropriately and may cause certain SSL connections to fail. You can upgrade to a newer version of Python to solve this. For more information, see https://urllib3.readthedocs.org/en/latest/security.html#insecureplatformwarning.
16:57:58     INFO -    InsecurePlatformWarning
16:58:00     INFO -    Downloading https://pypi.pvt.build.mozilla.org/pub/jsonschema-2.5.1-py2.py3-none-any.whl
16:58:00     INFO -  Collecting functools32; python_version == "2.7" (from jsonschema==2.5.1)
16:58:03     INFO -  Installing collected packages: functools32, jsonschema
16:58:03     INFO -  Successfully installed functools32-3.2.3.post2 jsonschema-2.5.1
16:58:03     INFO - Return code: 0
16:58:03     INFO - Installing functools32==3.2.3-2 into virtualenv /builds/slave/test/build/venv
16:58:03     INFO - retry: Calling run_command with args: [['/builds/slave/test/build/venv/bin/pip', 'install', '--timeout', '120', '--no-index', '--find-links', 'http://pypi.pvt.build.mozilla.org/pub', '--find-links', 'http://pypi.pub.build.mozilla.org/pub', '--trusted-host', 'pypi.pub.build.mozilla.org', '--trusted-host', 'pypi.pvt.build.mozilla.org', 'functools32==3.2.3-2']], kwargs: {'error_level': 'warning', 'error_list': [{'substr': 'not found or a compiler error:', 'level': 'warning'}, {'regex': <_sre.SRE_Pattern object at 0x100e14170>, 'level': 'error'}, {'regex': <_sre.SRE_Pattern object at 0x100eb6960>, 'level': 'warning'}, {'regex': <_sre.SRE_Pattern object at 0x7fdc79c2ef60>, 'level': 'debug'}, {'substr': 'command not found', 'level': 'error'}, {'regex': <_sre.SRE_Pattern object at 0x100da71d0>, 'level': 'warning'}, {'substr': 'Traceback (most recent call last)', 'level': 'error'}, {'substr': 'SyntaxError: ', 'level': 'error'}, {'substr': 'TypeError: ', 'level': 'error'}, {'substr': 'NameError: ', 'level': 'error'}, {'substr': 'ZeroDivisionError: ', 'level': 'error'}, {'regex': <_sre.SRE_Pattern object at 0x100d82108>, 'level': 'critical'}, {'regex': <_sre.SRE_Pattern object at 0x100d9c030>, 'level': 'critical'}], 'cwd': '/builds/slave/test/build', 'env': {'VERSIONER_PYTHON_PREFER_32_BIT': 'no', 'LOGNAME': 'cltbld', 'USER': 'cltbld', 'XPC_SERVICE_NAME': '0', 'PATH': '/usr/local/sbin:/usr/local/bin:/usr/sbin:/usr/bin:/sbin:/bin:/usr/bin/X11', 'HOME': '/Users/cltbld', 'NO_EM_RESTART': '1', 'IDLEIZER_DISABLE_SHUTDOWN': 'true', 'XPCOM_DEBUG_BREAK': 'warn', 'Apple_PubSub_Socket_Render': '/private/tmp/com.apple.launchd.GD21awncaw/Render', 'MOZ_NODE_PATH': '/usr/local/bin/node', 'TWISTD_LOG_PATH': '/builds/slave/twistd.log', 'GIT_SHARE_BASE_DIR': '/builds/git-shared', 'VERSIONER_PYTHON_VERSION': '2.7', 'XPC_FLAGS': '0x0', 'NO_FAIL_ON_TEST_ERRORS': '1', 'HG_SHARE_BASE_DIR': '/builds/hg-shared', 'RUNNER_CONFIG_CMD': '/opt/runner/bin/python2.7 /opt/runner/bin/runner -c /opt/runner/runner.cfg', 'MOZ_NO_REMOTE': '1', 'MOZ_HIDE_RESULTS_TABLE': '1', 'SSH_AUTH_SOCK': '/private/tmp/com.apple.launchd.HuneRqluoD/Listeners', 'SHELL': '/bin/bash', 'TMPDIR': '/var/folders/6j/h2_l2tgj0h5b111_ddr5tl_h00000w/T/', '__CF_USER_TEXT_ENCODING': '0x1C:0:0', 'PWD': '/builds/slave/test', 'PROPERTIES_FILE': '/builds/slave/test/buildprops.json'}}, attempt #1
16:58:03     INFO - Running command: ['/builds/slave/test/build/venv/bin/pip', 'install', '--timeout', '120', '--no-index', '--find-links', 'http://pypi.pvt.build.mozilla.org/pub', '--find-links', 'http://pypi.pub.build.mozilla.org/pub', '--trusted-host', 'pypi.pub.build.mozilla.org', '--trusted-host', 'pypi.pvt.build.mozilla.org', 'functools32==3.2.3-2'] in /builds/slave/test/build
16:58:03     INFO - Copy/paste: /builds/slave/test/build/venv/bin/pip install --timeout 120 --no-index --find-links http://pypi.pvt.build.mozilla.org/pub --find-links http://pypi.pub.build.mozilla.org/pub --trusted-host pypi.pub.build.mozilla.org --trusted-host pypi.pvt.build.mozilla.org functools32==3.2.3-2
16:58:03     INFO - Using env: {'Apple_PubSub_Socket_Render': '/private/tmp/com.apple.launchd.GD21awncaw/Render',
16:58:03     INFO -  'GIT_SHARE_BASE_DIR': '/builds/git-shared',
16:58:03     INFO -  'HG_SHARE_BASE_DIR': '/builds/hg-shared',
16:58:03     INFO -  'HOME': '/Users/cltbld',
16:58:03     INFO -  'IDLEIZER_DISABLE_SHUTDOWN': 'true',
16:58:03     INFO -  'LOGNAME': 'cltbld',
16:58:03     INFO -  'MOZ_HIDE_RESULTS_TABLE': '1',
16:58:03     INFO -  'MOZ_NODE_PATH': '/usr/local/bin/node',
16:58:03     INFO -  'MOZ_NO_REMOTE': '1',
16:58:03     INFO -  'NO_EM_RESTART': '1',
16:58:03     INFO -  'NO_FAIL_ON_TEST_ERRORS': '1',
16:58:03     INFO -  'PATH': '/usr/local/sbin:/usr/local/bin:/usr/sbin:/usr/bin:/sbin:/bin:/usr/bin/X11',
16:58:03     INFO -  'PROPERTIES_FILE': '/builds/slave/test/buildprops.json',
16:58:03     INFO -  'PWD': '/builds/slave/test',
16:58:03     INFO -  'RUNNER_CONFIG_CMD': '/opt/runner/bin/python2.7 /opt/runner/bin/runner -c /opt/runner/runner.cfg',
16:58:03     INFO -  'SHELL': '/bin/bash',
16:58:03     INFO -  'SSH_AUTH_SOCK': '/private/tmp/com.apple.launchd.HuneRqluoD/Listeners',
16:58:03     INFO -  'TMPDIR': '/var/folders/6j/h2_l2tgj0h5b111_ddr5tl_h00000w/T/',
16:58:03     INFO -  'TWISTD_LOG_PATH': '/builds/slave/twistd.log',
16:58:03     INFO -  'USER': 'cltbld',
16:58:03     INFO -  'VERSIONER_PYTHON_PREFER_32_BIT': 'no',
16:58:03     INFO -  'VERSIONER_PYTHON_VERSION': '2.7',
16:58:03     INFO -  'XPCOM_DEBUG_BREAK': 'warn',
16:58:03     INFO -  'XPC_FLAGS': '0x0',
16:58:03     INFO -  'XPC_SERVICE_NAME': '0',
16:58:03     INFO -  '__CF_USER_TEXT_ENCODING': '0x1C:0:0'}
16:58:03     INFO -  Ignoring indexes: https://pypi.python.org/simple
16:58:03     INFO -  Requirement already satisfied (use --upgrade to upgrade): functools32==3.2.3-2 in ./venv/lib/python2.7/site-packages
16:58:03     INFO - Return code: 0
16:58:03     INFO - Installing blobuploader==1.2.4 into virtualenv /builds/slave/test/build/venv
16:58:03     INFO - retry: Calling run_command with args: [['/builds/slave/test/build/venv/bin/pip', 'install', '--timeout', '120', '--no-index', '--find-links', 'http://pypi.pvt.build.mozilla.org/pub', '--find-links', 'http://pypi.pub.build.mozilla.org/pub', '--trusted-host', 'pypi.pub.build.mozilla.org', '--trusted-host', 'pypi.pvt.build.mozilla.org', 'blobuploader==1.2.4']], kwargs: {'error_level': 'warning', 'error_list': [{'substr': 'not found or a compiler error:', 'level': 'warning'}, {'regex': <_sre.SRE_Pattern object at 0x100e14170>, 'level': 'error'}, {'regex': <_sre.SRE_Pattern object at 0x100eb6960>, 'level': 'warning'}, {'regex': <_sre.SRE_Pattern object at 0x7fdc79c2ef60>, 'level': 'debug'}, {'substr': 'command not found', 'level': 'error'}, {'regex': <_sre.SRE_Pattern object at 0x100da71d0>, 'level': 'warning'}, {'substr': 'Traceback (most recent call last)', 'level': 'error'}, {'substr': 'SyntaxError: ', 'level': 'error'}, {'substr': 'TypeError: ', 'level': 'error'}, {'substr': 'NameError: ', 'level': 'error'}, {'substr': 'ZeroDivisionError: ', 'level': 'error'}, {'regex': <_sre.SRE_Pattern object at 0x100d82108>, 'level': 'critical'}, {'regex': <_sre.SRE_Pattern object at 0x100d9c030>, 'level': 'critical'}], 'cwd': '/builds/slave/test/build', 'env': {'VERSIONER_PYTHON_PREFER_32_BIT': 'no', 'LOGNAME': 'cltbld', 'USER': 'cltbld', 'XPC_SERVICE_NAME': '0', 'PATH': '/usr/local/sbin:/usr/local/bin:/usr/sbin:/usr/bin:/sbin:/bin:/usr/bin/X11', 'HOME': '/Users/cltbld', 'NO_EM_RESTART': '1', 'IDLEIZER_DISABLE_SHUTDOWN': 'true', 'XPCOM_DEBUG_BREAK': 'warn', 'Apple_PubSub_Socket_Render': '/private/tmp/com.apple.launchd.GD21awncaw/Render', 'MOZ_NODE_PATH': '/usr/local/bin/node', 'TWISTD_LOG_PATH': '/builds/slave/twistd.log', 'GIT_SHARE_BASE_DIR': '/builds/git-shared', 'VERSIONER_PYTHON_VERSION': '2.7', 'XPC_FLAGS': '0x0', 'NO_FAIL_ON_TEST_ERRORS': '1', 'HG_SHARE_BASE_DIR': '/builds/hg-shared', 'RUNNER_CONFIG_CMD': '/opt/runner/bin/python2.7 /opt/runner/bin/runner -c /opt/runner/runner.cfg', 'MOZ_NO_REMOTE': '1', 'MOZ_HIDE_RESULTS_TABLE': '1', 'SSH_AUTH_SOCK': '/private/tmp/com.apple.launchd.HuneRqluoD/Listeners', 'SHELL': '/bin/bash', 'TMPDIR': '/var/folders/6j/h2_l2tgj0h5b111_ddr5tl_h00000w/T/', '__CF_USER_TEXT_ENCODING': '0x1C:0:0', 'PWD': '/builds/slave/test', 'PROPERTIES_FILE': '/builds/slave/test/buildprops.json'}}, attempt #1
16:58:03     INFO - Running command: ['/builds/slave/test/build/venv/bin/pip', 'install', '--timeout', '120', '--no-index', '--find-links', 'http://pypi.pvt.build.mozilla.org/pub', '--find-links', 'http://pypi.pub.build.mozilla.org/pub', '--trusted-host', 'pypi.pub.build.mozilla.org', '--trusted-host', 'pypi.pvt.build.mozilla.org', 'blobuploader==1.2.4'] in /builds/slave/test/build
16:58:03     INFO - Copy/paste: /builds/slave/test/build/venv/bin/pip install --timeout 120 --no-index --find-links http://pypi.pvt.build.mozilla.org/pub --find-links http://pypi.pub.build.mozilla.org/pub --trusted-host pypi.pub.build.mozilla.org --trusted-host pypi.pvt.build.mozilla.org blobuploader==1.2.4
16:58:03     INFO - Using env: {'Apple_PubSub_Socket_Render': '/private/tmp/com.apple.launchd.GD21awncaw/Render',
16:58:03     INFO -  'GIT_SHARE_BASE_DIR': '/builds/git-shared',
16:58:03     INFO -  'HG_SHARE_BASE_DIR': '/builds/hg-shared',
16:58:03     INFO -  'HOME': '/Users/cltbld',
16:58:03     INFO -  'IDLEIZER_DISABLE_SHUTDOWN': 'true',
16:58:03     INFO -  'LOGNAME': 'cltbld',
16:58:03     INFO -  'MOZ_HIDE_RESULTS_TABLE': '1',
16:58:03     INFO -  'MOZ_NODE_PATH': '/usr/local/bin/node',
16:58:03     INFO -  'MOZ_NO_REMOTE': '1',
16:58:03     INFO -  'NO_EM_RESTART': '1',
16:58:03     INFO -  'NO_FAIL_ON_TEST_ERRORS': '1',
16:58:03     INFO -  'PATH': '/usr/local/sbin:/usr/local/bin:/usr/sbin:/usr/bin:/sbin:/bin:/usr/bin/X11',
16:58:03     INFO -  'PROPERTIES_FILE': '/builds/slave/test/buildprops.json',
16:58:03     INFO -  'PWD': '/builds/slave/test',
16:58:03     INFO -  'RUNNER_CONFIG_CMD': '/opt/runner/bin/python2.7 /opt/runner/bin/runner -c /opt/runner/runner.cfg',
16:58:03     INFO -  'SHELL': '/bin/bash',
16:58:03     INFO -  'SSH_AUTH_SOCK': '/private/tmp/com.apple.launchd.HuneRqluoD/Listeners',
16:58:03     INFO -  'TMPDIR': '/var/folders/6j/h2_l2tgj0h5b111_ddr5tl_h00000w/T/',
16:58:03     INFO -  'TWISTD_LOG_PATH': '/builds/slave/twistd.log',
16:58:03     INFO -  'USER': 'cltbld',
16:58:03     INFO -  'VERSIONER_PYTHON_PREFER_32_BIT': 'no',
16:58:03     INFO -  'VERSIONER_PYTHON_VERSION': '2.7',
16:58:03     INFO -  'XPCOM_DEBUG_BREAK': 'warn',
16:58:03     INFO -  'XPC_FLAGS': '0x0',
16:58:03     INFO -  'XPC_SERVICE_NAME': '0',
16:58:03     INFO -  '__CF_USER_TEXT_ENCODING': '0x1C:0:0'}
16:58:03     INFO -  Ignoring indexes: https://pypi.python.org/simple
16:58:03     INFO -  Collecting blobuploader==1.2.4
16:58:03     INFO -  /builds/slave/test/build/venv/lib/python2.7/site-packages/pip/_vendor/requests/packages/urllib3/util/ssl_.py:318: SNIMissingWarning: An HTTPS request has been made, but the SNI (Subject Name Indication) extension to TLS is not available on this platform. This may cause the server to present an incorrect TLS certificate, which can cause validation failures. You can upgrade to a newer version of Python to solve this. For more information, see https://urllib3.readthedocs.org/en/latest/security.html#snimissingwarning.
16:58:03     INFO -    SNIMissingWarning
16:58:03     INFO -  /builds/slave/test/build/venv/lib/python2.7/site-packages/pip/_vendor/requests/packages/urllib3/util/ssl_.py:122: InsecurePlatformWarning: A true SSLContext object is not available. This prevents urllib3 from configuring SSL appropriately and may cause certain SSL connections to fail. You can upgrade to a newer version of Python to solve this. For more information, see https://urllib3.readthedocs.org/en/latest/security.html#insecureplatformwarning.
16:58:03     INFO -    InsecurePlatformWarning
16:58:04     INFO -  /builds/slave/test/build/venv/lib/python2.7/site-packages/pip/_vendor/requests/packages/urllib3/util/ssl_.py:122: InsecurePlatformWarning: A true SSLContext object is not available. This prevents urllib3 from configuring SSL appropriately and may cause certain SSL connections to fail. You can upgrade to a newer version of Python to solve this. For more information, see https://urllib3.readthedocs.org/en/latest/security.html#insecureplatformwarning.
16:58:04     INFO -    InsecurePlatformWarning
16:58:06     INFO -  Collecting docopt==0.6.1 (from blobuploader==1.2.4)
16:58:09     INFO -  Collecting requests==1.2.3. (from blobuploader==1.2.4)
16:58:12     INFO -  Installing collected packages: docopt, requests, blobuploader
16:58:12     INFO -  Successfully installed blobuploader-1.2.4 docopt-0.6.1 requests-1.2.3
16:58:12     INFO - Return code: 0
16:58:12     INFO - Installing None into virtualenv /builds/slave/test/build/venv
16:58:12     INFO - retry: Calling run_command with args: [['/builds/slave/test/build/venv/bin/pip', 'install', '--no-deps', '--timeout', '120', '-r', '/builds/slave/test/build/tests/config/mozbase_requirements.txt', '--no-index', '--find-links', 'http://pypi.pvt.build.mozilla.org/pub', '--find-links', 'http://pypi.pub.build.mozilla.org/pub', '--trusted-host', 'pypi.pub.build.mozilla.org', '--trusted-host', 'pypi.pvt.build.mozilla.org']], kwargs: {'error_level': 'warning', 'error_list': [{'substr': 'not found or a compiler error:', 'level': 'warning'}, {'regex': <_sre.SRE_Pattern object at 0x100e14170>, 'level': 'error'}, {'regex': <_sre.SRE_Pattern object at 0x100eb6960>, 'level': 'warning'}, {'regex': <_sre.SRE_Pattern object at 0x7fdc79c2ef60>, 'level': 'debug'}, {'substr': 'command not found', 'level': 'error'}, {'regex': <_sre.SRE_Pattern object at 0x100da71d0>, 'level': 'warning'}, {'substr': 'Traceback (most recent call last)', 'level': 'error'}, {'substr': 'SyntaxError: ', 'level': 'error'}, {'substr': 'TypeError: ', 'level': 'error'}, {'substr': 'NameError: ', 'level': 'error'}, {'substr': 'ZeroDivisionError: ', 'level': 'error'}, {'regex': <_sre.SRE_Pattern object at 0x100d82108>, 'level': 'critical'}, {'regex': <_sre.SRE_Pattern object at 0x100d9c030>, 'level': 'critical'}], 'cwd': '/builds/slave/test/build/tests/config', 'env': {'VERSIONER_PYTHON_PREFER_32_BIT': 'no', 'LOGNAME': 'cltbld', 'USER': 'cltbld', 'XPC_SERVICE_NAME': '0', 'PATH': '/usr/local/sbin:/usr/local/bin:/usr/sbin:/usr/bin:/sbin:/bin:/usr/bin/X11', 'HOME': '/Users/cltbld', 'NO_EM_RESTART': '1', 'IDLEIZER_DISABLE_SHUTDOWN': 'true', 'XPCOM_DEBUG_BREAK': 'warn', 'Apple_PubSub_Socket_Render': '/private/tmp/com.apple.launchd.GD21awncaw/Render', 'MOZ_NODE_PATH': '/usr/local/bin/node', 'TWISTD_LOG_PATH': '/builds/slave/twistd.log', 'GIT_SHARE_BASE_DIR': '/builds/git-shared', 'VERSIONER_PYTHON_VERSION': '2.7', 'XPC_FLAGS': '0x0', 'NO_FAIL_ON_TEST_ERRORS': '1', 'HG_SHARE_BASE_DIR': '/builds/hg-shared', 'RUNNER_CONFIG_CMD': '/opt/runner/bin/python2.7 /opt/runner/bin/runner -c /opt/runner/runner.cfg', 'MOZ_NO_REMOTE': '1', 'MOZ_HIDE_RESULTS_TABLE': '1', 'SSH_AUTH_SOCK': '/private/tmp/com.apple.launchd.HuneRqluoD/Listeners', 'SHELL': '/bin/bash', 'TMPDIR': '/var/folders/6j/h2_l2tgj0h5b111_ddr5tl_h00000w/T/', '__CF_USER_TEXT_ENCODING': '0x1C:0:0', 'PWD': '/builds/slave/test', 'PROPERTIES_FILE': '/builds/slave/test/buildprops.json'}}, attempt #1
16:58:12     INFO - Running command: ['/builds/slave/test/build/venv/bin/pip', 'install', '--no-deps', '--timeout', '120', '-r', '/builds/slave/test/build/tests/config/mozbase_requirements.txt', '--no-index', '--find-links', 'http://pypi.pvt.build.mozilla.org/pub', '--find-links', 'http://pypi.pub.build.mozilla.org/pub', '--trusted-host', 'pypi.pub.build.mozilla.org', '--trusted-host', 'pypi.pvt.build.mozilla.org'] in /builds/slave/test/build/tests/config
16:58:12     INFO - Copy/paste: /builds/slave/test/build/venv/bin/pip install --no-deps --timeout 120 -r /builds/slave/test/build/tests/config/mozbase_requirements.txt --no-index --find-links http://pypi.pvt.build.mozilla.org/pub --find-links http://pypi.pub.build.mozilla.org/pub --trusted-host pypi.pub.build.mozilla.org --trusted-host pypi.pvt.build.mozilla.org
16:58:12     INFO - Using env: {'Apple_PubSub_Socket_Render': '/private/tmp/com.apple.launchd.GD21awncaw/Render',
16:58:12     INFO -  'GIT_SHARE_BASE_DIR': '/builds/git-shared',
16:58:12     INFO -  'HG_SHARE_BASE_DIR': '/builds/hg-shared',
16:58:12     INFO -  'HOME': '/Users/cltbld',
16:58:12     INFO -  'IDLEIZER_DISABLE_SHUTDOWN': 'true',
16:58:12     INFO -  'LOGNAME': 'cltbld',
16:58:12     INFO -  'MOZ_HIDE_RESULTS_TABLE': '1',
16:58:12     INFO -  'MOZ_NODE_PATH': '/usr/local/bin/node',
16:58:12     INFO -  'MOZ_NO_REMOTE': '1',
16:58:12     INFO -  'NO_EM_RESTART': '1',
16:58:12     INFO -  'NO_FAIL_ON_TEST_ERRORS': '1',
16:58:12     INFO -  'PATH': '/usr/local/sbin:/usr/local/bin:/usr/sbin:/usr/bin:/sbin:/bin:/usr/bin/X11',
16:58:12     INFO -  'PROPERTIES_FILE': '/builds/slave/test/buildprops.json',
16:58:12     INFO -  'PWD': '/builds/slave/test',
16:58:12     INFO -  'RUNNER_CONFIG_CMD': '/opt/runner/bin/python2.7 /opt/runner/bin/runner -c /opt/runner/runner.cfg',
16:58:12     INFO -  'SHELL': '/bin/bash',
16:58:12     INFO -  'SSH_AUTH_SOCK': '/private/tmp/com.apple.launchd.HuneRqluoD/Listeners',
16:58:12     INFO -  'TMPDIR': '/var/folders/6j/h2_l2tgj0h5b111_ddr5tl_h00000w/T/',
16:58:12     INFO -  'TWISTD_LOG_PATH': '/builds/slave/twistd.log',
16:58:12     INFO -  'USER': 'cltbld',
16:58:12     INFO -  'VERSIONER_PYTHON_PREFER_32_BIT': 'no',
16:58:12     INFO -  'VERSIONER_PYTHON_VERSION': '2.7',
16:58:12     INFO -  'XPCOM_DEBUG_BREAK': 'warn',
16:58:12     INFO -  'XPC_FLAGS': '0x0',
16:58:12     INFO -  'XPC_SERVICE_NAME': '0',
16:58:12     INFO -  '__CF_USER_TEXT_ENCODING': '0x1C:0:0'}
16:58:13     INFO -  Ignoring indexes: https://pypi.python.org/simple
16:58:13     INFO -  Processing /builds/slave/test/build/tests/mozbase/manifestparser
16:58:13     INFO -  Processing /builds/slave/test/build/tests/mozbase/mozcrash
16:58:13     INFO -  Processing /builds/slave/test/build/tests/mozbase/mozdebug
16:58:14     INFO -  Processing /builds/slave/test/build/tests/mozbase/mozdevice
16:58:14     INFO -  Processing /builds/slave/test/build/tests/mozbase/mozfile
16:58:14     INFO -  Processing /builds/slave/test/build/tests/mozbase/mozhttpd
16:58:14     INFO -  Processing /builds/slave/test/build/tests/mozbase/mozinfo
16:58:15     INFO -  Processing /builds/slave/test/build/tests/mozbase/mozinstall
16:58:15     INFO -  Processing /builds/slave/test/build/tests/mozbase/mozleak
16:58:15     INFO -  Processing /builds/slave/test/build/tests/mozbase/mozlog
16:58:15     INFO -  Processing /builds/slave/test/build/tests/mozbase/moznetwork
16:58:16     INFO -  Processing /builds/slave/test/build/tests/mozbase/mozprocess
16:58:16     INFO -  Processing /builds/slave/test/build/tests/mozbase/mozprofile
16:58:16     INFO -  Processing /builds/slave/test/build/tests/mozbase/mozrunner
16:58:16     INFO -  Processing /builds/slave/test/build/tests/mozbase/mozscreenshot
16:58:17     INFO -  Processing /builds/slave/test/build/tests/mozbase/moztest
16:58:17     INFO -  Processing /builds/slave/test/build/tests/mozbase/mozversion
16:58:17     INFO -  Installing collected packages: manifestparser, mozcrash, mozdebug, mozdevice, mozfile, mozhttpd, mozinfo, mozInstall, mozleak, mozlog, moznetwork, mozprocess, mozprofile, mozrunner, mozscreenshot, moztest, mozversion
16:58:17     INFO -    Running setup.py install for manifestparser: started
16:58:17     INFO -      Running setup.py install for manifestparser: finished with status 'done'
16:58:17     INFO -    Running setup.py install for mozcrash: started
16:58:18     INFO -      Running setup.py install for mozcrash: finished with status 'done'
16:58:18     INFO -    Running setup.py install for mozdebug: started
16:58:18     INFO -      Running setup.py install for mozdebug: finished with status 'done'
16:58:18     INFO -    Running setup.py install for mozdevice: started
16:58:18     INFO -      Running setup.py install for mozdevice: finished with status 'done'
16:58:18     INFO -    Running setup.py install for mozfile: started
16:58:18     INFO -      Running setup.py install for mozfile: finished with status 'done'
16:58:18     INFO -    Running setup.py install for mozhttpd: started
16:58:19     INFO -      Running setup.py install for mozhttpd: finished with status 'done'
16:58:19     INFO -    Running setup.py install for mozinfo: started
16:58:19     INFO -      Running setup.py install for mozinfo: finished with status 'done'
16:58:19     INFO -    Running setup.py install for mozInstall: started
16:58:19     INFO -      Running setup.py install for mozInstall: finished with status 'done'
16:58:19     INFO -    Running setup.py install for mozleak: started
16:58:20     INFO -      Running setup.py install for mozleak: finished with status 'done'
16:58:20     INFO -    Running setup.py install for mozlog: started
16:58:20     INFO -      Running setup.py install for mozlog: finished with status 'done'
16:58:20     INFO -    Running setup.py install for moznetwork: started
16:58:20     INFO -      Running setup.py install for moznetwork: finished with status 'done'
16:58:20     INFO -    Running setup.py install for mozprocess: started
16:58:20     INFO -      Running setup.py install for mozprocess: finished with status 'done'
16:58:20     INFO -    Running setup.py install for mozprofile: started
16:58:21     INFO -      Running setup.py install for mozprofile: finished with status 'done'
16:58:21     INFO -    Running setup.py install for mozrunner: started
16:58:21     INFO -      Running setup.py install for mozrunner: finished with status 'done'
16:58:21     INFO -    Running setup.py install for mozscreenshot: started
16:58:21     INFO -      Running setup.py install for mozscreenshot: finished with status 'done'
16:58:21     INFO -    Running setup.py install for moztest: started
16:58:22     INFO -      Running setup.py install for moztest: finished with status 'done'
16:58:22     INFO -    Running setup.py install for mozversion: started
16:58:22     INFO -      Running setup.py install for mozversion: finished with status 'done'
16:58:22     INFO -  Successfully installed manifestparser-1.1 mozInstall-1.12 mozcrash-1.0 mozdebug-0.1 mozdevice-0.48 mozfile-1.2 mozhttpd-0.7 mozinfo-0.9 mozleak-0.1 mozlog-3.4 moznetwork-0.27 mozprocess-0.23 mozprofile-0.28 mozrunner-6.13 mozscreenshot-0.1 moztest-0.8 mozversion-1.4
16:58:22     INFO - Return code: 0
16:58:22     INFO - Installing None into virtualenv /builds/slave/test/build/venv
16:58:23     INFO - retry: Calling run_command with args: [['/builds/slave/test/build/venv/bin/pip', 'install', '--timeout', '120', '-r', '/builds/slave/test/build/tests/config/mozbase_requirements.txt', '--no-index', '--find-links', 'http://pypi.pvt.build.mozilla.org/pub', '--find-links', 'http://pypi.pub.build.mozilla.org/pub', '--trusted-host', 'pypi.pub.build.mozilla.org', '--trusted-host', 'pypi.pvt.build.mozilla.org']], kwargs: {'error_level': 'warning', 'error_list': [{'substr': 'not found or a compiler error:', 'level': 'warning'}, {'regex': <_sre.SRE_Pattern object at 0x100e14170>, 'level': 'error'}, {'regex': <_sre.SRE_Pattern object at 0x100eb6960>, 'level': 'warning'}, {'regex': <_sre.SRE_Pattern object at 0x7fdc79c2ef60>, 'level': 'debug'}, {'substr': 'command not found', 'level': 'error'}, {'regex': <_sre.SRE_Pattern object at 0x100da71d0>, 'level': 'warning'}, {'substr': 'Traceback (most recent call last)', 'level': 'error'}, {'substr': 'SyntaxError: ', 'level': 'error'}, {'substr': 'TypeError: ', 'level': 'error'}, {'substr': 'NameError: ', 'level': 'error'}, {'substr': 'ZeroDivisionError: ', 'level': 'error'}, {'regex': <_sre.SRE_Pattern object at 0x100d82108>, 'level': 'critical'}, {'regex': <_sre.SRE_Pattern object at 0x100d9c030>, 'level': 'critical'}], 'cwd': '/builds/slave/test/build/tests/config', 'env': {'VERSIONER_PYTHON_PREFER_32_BIT': 'no', 'LOGNAME': 'cltbld', 'USER': 'cltbld', 'XPC_SERVICE_NAME': '0', 'PATH': '/usr/local/sbin:/usr/local/bin:/usr/sbin:/usr/bin:/sbin:/bin:/usr/bin/X11', 'HOME': '/Users/cltbld', 'NO_EM_RESTART': '1', 'IDLEIZER_DISABLE_SHUTDOWN': 'true', 'XPCOM_DEBUG_BREAK': 'warn', 'Apple_PubSub_Socket_Render': '/private/tmp/com.apple.launchd.GD21awncaw/Render', 'MOZ_NODE_PATH': '/usr/local/bin/node', 'TWISTD_LOG_PATH': '/builds/slave/twistd.log', 'GIT_SHARE_BASE_DIR': '/builds/git-shared', 'VERSIONER_PYTHON_VERSION': '2.7', 'XPC_FLAGS': '0x0', 'NO_FAIL_ON_TEST_ERRORS': '1', 'HG_SHARE_BASE_DIR': '/builds/hg-shared', 'RUNNER_CONFIG_CMD': '/opt/runner/bin/python2.7 /opt/runner/bin/runner -c /opt/runner/runner.cfg', 'MOZ_NO_REMOTE': '1', 'MOZ_HIDE_RESULTS_TABLE': '1', 'SSH_AUTH_SOCK': '/private/tmp/com.apple.launchd.HuneRqluoD/Listeners', 'SHELL': '/bin/bash', 'TMPDIR': '/var/folders/6j/h2_l2tgj0h5b111_ddr5tl_h00000w/T/', '__CF_USER_TEXT_ENCODING': '0x1C:0:0', 'PWD': '/builds/slave/test', 'PROPERTIES_FILE': '/builds/slave/test/buildprops.json'}}, attempt #1
16:58:23     INFO - Running command: ['/builds/slave/test/build/venv/bin/pip', 'install', '--timeout', '120', '-r', '/builds/slave/test/build/tests/config/mozbase_requirements.txt', '--no-index', '--find-links', 'http://pypi.pvt.build.mozilla.org/pub', '--find-links', 'http://pypi.pub.build.mozilla.org/pub', '--trusted-host', 'pypi.pub.build.mozilla.org', '--trusted-host', 'pypi.pvt.build.mozilla.org'] in /builds/slave/test/build/tests/config
16:58:23     INFO - Copy/paste: /builds/slave/test/build/venv/bin/pip install --timeout 120 -r /builds/slave/test/build/tests/config/mozbase_requirements.txt --no-index --find-links http://pypi.pvt.build.mozilla.org/pub --find-links http://pypi.pub.build.mozilla.org/pub --trusted-host pypi.pub.build.mozilla.org --trusted-host pypi.pvt.build.mozilla.org
16:58:23     INFO - Using env: {'Apple_PubSub_Socket_Render': '/private/tmp/com.apple.launchd.GD21awncaw/Render',
16:58:23     INFO -  'GIT_SHARE_BASE_DIR': '/builds/git-shared',
16:58:23     INFO -  'HG_SHARE_BASE_DIR': '/builds/hg-shared',
16:58:23     INFO -  'HOME': '/Users/cltbld',
16:58:23     INFO -  'IDLEIZER_DISABLE_SHUTDOWN': 'true',
16:58:23     INFO -  'LOGNAME': 'cltbld',
16:58:23     INFO -  'MOZ_HIDE_RESULTS_TABLE': '1',
16:58:23     INFO -  'MOZ_NODE_PATH': '/usr/local/bin/node',
16:58:23     INFO -  'MOZ_NO_REMOTE': '1',
16:58:23     INFO -  'NO_EM_RESTART': '1',
16:58:23     INFO -  'NO_FAIL_ON_TEST_ERRORS': '1',
16:58:23     INFO -  'PATH': '/usr/local/sbin:/usr/local/bin:/usr/sbin:/usr/bin:/sbin:/bin:/usr/bin/X11',
16:58:23     INFO -  'PROPERTIES_FILE': '/builds/slave/test/buildprops.json',
16:58:23     INFO -  'PWD': '/builds/slave/test',
16:58:23     INFO -  'RUNNER_CONFIG_CMD': '/opt/runner/bin/python2.7 /opt/runner/bin/runner -c /opt/runner/runner.cfg',
16:58:23     INFO -  'SHELL': '/bin/bash',
16:58:23     INFO -  'SSH_AUTH_SOCK': '/private/tmp/com.apple.launchd.HuneRqluoD/Listeners',
16:58:23     INFO -  'TMPDIR': '/var/folders/6j/h2_l2tgj0h5b111_ddr5tl_h00000w/T/',
16:58:23     INFO -  'TWISTD_LOG_PATH': '/builds/slave/twistd.log',
16:58:23     INFO -  'USER': 'cltbld',
16:58:23     INFO -  'VERSIONER_PYTHON_PREFER_32_BIT': 'no',
16:58:23     INFO -  'VERSIONER_PYTHON_VERSION': '2.7',
16:58:23     INFO -  'XPCOM_DEBUG_BREAK': 'warn',
16:58:23     INFO -  'XPC_FLAGS': '0x0',
16:58:23     INFO -  'XPC_SERVICE_NAME': '0',
16:58:23     INFO -  '__CF_USER_TEXT_ENCODING': '0x1C:0:0'}
16:58:23     INFO -  Ignoring indexes: https://pypi.python.org/simple
16:58:23     INFO -  Processing /builds/slave/test/build/tests/mozbase/manifestparser
16:58:23     INFO -    Requirement already satisfied (use --upgrade to upgrade): manifestparser==1.1 from file:///builds/slave/test/build/tests/mozbase/manifestparser in /builds/slave/test/build/venv/lib/python2.7/site-packages (from -r /builds/slave/test/build/tests/config/mozbase_requirements.txt (line 1))
16:58:23     INFO -  Processing /builds/slave/test/build/tests/mozbase/mozcrash
16:58:24     INFO -    Requirement already satisfied (use --upgrade to upgrade): mozcrash==1.0 from file:///builds/slave/test/build/tests/mozbase/mozcrash in /builds/slave/test/build/venv/lib/python2.7/site-packages (from -r /builds/slave/test/build/tests/config/mozbase_requirements.txt (line 2))
16:58:24     INFO -  Processing /builds/slave/test/build/tests/mozbase/mozdebug
16:58:24     INFO -    Requirement already satisfied (use --upgrade to upgrade): mozdebug==0.1 from file:///builds/slave/test/build/tests/mozbase/mozdebug in /builds/slave/test/build/venv/lib/python2.7/site-packages (from -r /builds/slave/test/build/tests/config/mozbase_requirements.txt (line 3))
16:58:24     INFO -  Processing /builds/slave/test/build/tests/mozbase/mozdevice
16:58:24     INFO -    Requirement already satisfied (use --upgrade to upgrade): mozdevice==0.48 from file:///builds/slave/test/build/tests/mozbase/mozdevice in /builds/slave/test/build/venv/lib/python2.7/site-packages (from -r /builds/slave/test/build/tests/config/mozbase_requirements.txt (line 4))
16:58:24     INFO -  Processing /builds/slave/test/build/tests/mozbase/mozfile
16:58:24     INFO -    Requirement already satisfied (use --upgrade to upgrade): mozfile==1.2 from file:///builds/slave/test/build/tests/mozbase/mozfile in /builds/slave/test/build/venv/lib/python2.7/site-packages (from -r /builds/slave/test/build/tests/config/mozbase_requirements.txt (line 5))
16:58:24     INFO -  Processing /builds/slave/test/build/tests/mozbase/mozhttpd
16:58:25     INFO -    Requirement already satisfied (use --upgrade to upgrade): mozhttpd==0.7 from file:///builds/slave/test/build/tests/mozbase/mozhttpd in /builds/slave/test/build/venv/lib/python2.7/site-packages (from -r /builds/slave/test/build/tests/config/mozbase_requirements.txt (line 6))
16:58:25     INFO -  Processing /builds/slave/test/build/tests/mozbase/mozinfo
16:58:25     INFO -    Requirement already satisfied (use --upgrade to upgrade): mozinfo==0.9 from file:///builds/slave/test/build/tests/mozbase/mozinfo in /builds/slave/test/build/venv/lib/python2.7/site-packages (from -r /builds/slave/test/build/tests/config/mozbase_requirements.txt (line 7))
16:58:25     INFO -  Processing /builds/slave/test/build/tests/mozbase/mozinstall
16:58:25     INFO -    Requirement already satisfied (use --upgrade to upgrade): mozInstall==1.12 from file:///builds/slave/test/build/tests/mozbase/mozinstall in /builds/slave/test/build/venv/lib/python2.7/site-packages (from -r /builds/slave/test/build/tests/config/mozbase_requirements.txt (line 8))
16:58:25     INFO -  Processing /builds/slave/test/build/tests/mozbase/mozleak
16:58:25     INFO -    Requirement already satisfied (use --upgrade to upgrade): mozleak==0.1 from file:///builds/slave/test/build/tests/mozbase/mozleak in /builds/slave/test/build/venv/lib/python2.7/site-packages (from -r /builds/slave/test/build/tests/config/mozbase_requirements.txt (line 9))
16:58:25     INFO -  Processing /builds/slave/test/build/tests/mozbase/mozlog
16:58:26     INFO -    Requirement already satisfied (use --upgrade to upgrade): mozlog==3.4 from file:///builds/slave/test/build/tests/mozbase/mozlog in /builds/slave/test/build/venv/lib/python2.7/site-packages (from -r /builds/slave/test/build/tests/config/mozbase_requirements.txt (line 10))
16:58:26     INFO -  Processing /builds/slave/test/build/tests/mozbase/moznetwork
16:58:26     INFO -    Requirement already satisfied (use --upgrade to upgrade): moznetwork==0.27 from file:///builds/slave/test/build/tests/mozbase/moznetwork in /builds/slave/test/build/venv/lib/python2.7/site-packages (from -r /builds/slave/test/build/tests/config/mozbase_requirements.txt (line 11))
16:58:26     INFO -  Processing /builds/slave/test/build/tests/mozbase/mozprocess
16:58:26     INFO -    Requirement already satisfied (use --upgrade to upgrade): mozprocess==0.23 from file:///builds/slave/test/build/tests/mozbase/mozprocess in /builds/slave/test/build/venv/lib/python2.7/site-packages (from -r /builds/slave/test/build/tests/config/mozbase_requirements.txt (line 12))
16:58:26     INFO -  Processing /builds/slave/test/build/tests/mozbase/mozprofile
16:58:26     INFO -    Requirement already satisfied (use --upgrade to upgrade): mozprofile==0.28 from file:///builds/slave/test/build/tests/mozbase/mozprofile in /builds/slave/test/build/venv/lib/python2.7/site-packages (from -r /builds/slave/test/build/tests/config/mozbase_requirements.txt (line 13))
16:58:26     INFO -  Processing /builds/slave/test/build/tests/mozbase/mozrunner
16:58:27     INFO -    Requirement already satisfied (use --upgrade to upgrade): mozrunner==6.13 from file:///builds/slave/test/build/tests/mozbase/mozrunner in /builds/slave/test/build/venv/lib/python2.7/site-packages (from -r /builds/slave/test/build/tests/config/mozbase_requirements.txt (line 14))
16:58:27     INFO -  Processing /builds/slave/test/build/tests/mozbase/mozscreenshot
16:58:27     INFO -    Requirement already satisfied (use --upgrade to upgrade): mozscreenshot==0.1 from file:///builds/slave/test/build/tests/mozbase/mozscreenshot in /builds/slave/test/build/venv/lib/python2.7/site-packages (from -r /builds/slave/test/build/tests/config/mozbase_requirements.txt (line 15))
16:58:27     INFO -  Processing /builds/slave/test/build/tests/mozbase/moztest
16:58:27     INFO -    Requirement already satisfied (use --upgrade to upgrade): moztest==0.8 from file:///builds/slave/test/build/tests/mozbase/moztest in /builds/slave/test/build/venv/lib/python2.7/site-packages (from -r /builds/slave/test/build/tests/config/mozbase_requirements.txt (line 16))
16:58:27     INFO -  Processing /builds/slave/test/build/tests/mozbase/mozversion
16:58:27     INFO -    Requirement already satisfied (use --upgrade to upgrade): mozversion==1.4 from file:///builds/slave/test/build/tests/mozbase/mozversion in /builds/slave/test/build/venv/lib/python2.7/site-packages (from -r /builds/slave/test/build/tests/config/mozbase_requirements.txt (line 17))
16:58:27     INFO -  Requirement already satisfied (use --upgrade to upgrade): mozfile>=1.0 in /builds/slave/test/build/venv/lib/python2.7/site-packages (from mozcrash==1.0->-r /builds/slave/test/build/tests/config/mozbase_requirements.txt (line 2))
16:58:27     INFO -  Requirement already satisfied (use --upgrade to upgrade): mozlog>=3.0 in /builds/slave/test/build/venv/lib/python2.7/site-packages (from mozcrash==1.0->-r /builds/slave/test/build/tests/config/mozbase_requirements.txt (line 2))
16:58:27     INFO -  Requirement already satisfied (use --upgrade to upgrade): mozinfo in /builds/slave/test/build/venv/lib/python2.7/site-packages (from mozdebug==0.1->-r /builds/slave/test/build/tests/config/mozbase_requirements.txt (line 3))
16:58:27     INFO -  Requirement already satisfied (use --upgrade to upgrade): moznetwork>=0.24 in /builds/slave/test/build/venv/lib/python2.7/site-packages (from mozdevice==0.48->-r /builds/slave/test/build/tests/config/mozbase_requirements.txt (line 4))
16:58:27     INFO -  Requirement already satisfied (use --upgrade to upgrade): mozprocess>=0.19 in /builds/slave/test/build/venv/lib/python2.7/site-packages (from mozdevice==0.48->-r /builds/slave/test/build/tests/config/mozbase_requirements.txt (line 4))
16:58:27     INFO -  Collecting blessings>=1.3 (from mozlog==3.4->-r /builds/slave/test/build/tests/config/mozbase_requirements.txt (line 10))
16:58:28     INFO -  /builds/slave/test/build/venv/lib/python2.7/site-packages/pip/_vendor/requests/packages/urllib3/util/ssl_.py:318: SNIMissingWarning: An HTTPS request has been made, but the SNI (Subject Name Indication) extension to TLS is not available on this platform. This may cause the server to present an incorrect TLS certificate, which can cause validation failures. You can upgrade to a newer version of Python to solve this. For more information, see https://urllib3.readthedocs.org/en/latest/security.html#snimissingwarning.
16:58:28     INFO -    SNIMissingWarning
16:58:28     INFO -  /builds/slave/test/build/venv/lib/python2.7/site-packages/pip/_vendor/requests/packages/urllib3/util/ssl_.py:122: InsecurePlatformWarning: A true SSLContext object is not available. This prevents urllib3 from configuring SSL appropriately and may cause certain SSL connections to fail. You can upgrade to a newer version of Python to solve this. For more information, see https://urllib3.readthedocs.org/en/latest/security.html#insecureplatformwarning.
16:58:28     INFO -    InsecurePlatformWarning
16:58:29     INFO -  /builds/slave/test/build/venv/lib/python2.7/site-packages/pip/_vendor/requests/packages/urllib3/util/ssl_.py:122: InsecurePlatformWarning: A true SSLContext object is not available. This prevents urllib3 from configuring SSL appropriately and may cause certain SSL connections to fail. You can upgrade to a newer version of Python to solve this. For more information, see https://urllib3.readthedocs.org/en/latest/security.html#insecureplatformwarning.
16:58:29     INFO -    InsecurePlatformWarning
16:58:31     INFO -  Installing collected packages: blessings
16:58:31     INFO -  Successfully installed blessings-1.6
16:58:31     INFO - Return code: 0
16:58:31     INFO - Installing pip>=1.5 into virtualenv /builds/slave/test/build/venv
16:58:31     INFO - retry: Calling run_command with args: [['/builds/slave/test/build/venv/bin/pip', 'install', '--timeout', '120', '--no-index', '--find-links', 'http://pypi.pvt.build.mozilla.org/pub', '--find-links', 'http://pypi.pub.build.mozilla.org/pub', '--trusted-host', 'pypi.pub.build.mozilla.org', '--trusted-host', 'pypi.pvt.build.mozilla.org', 'pip>=1.5']], kwargs: {'error_level': 'warning', 'error_list': [{'substr': 'not found or a compiler error:', 'level': 'warning'}, {'regex': <_sre.SRE_Pattern object at 0x100e14170>, 'level': 'error'}, {'regex': <_sre.SRE_Pattern object at 0x100eb6960>, 'level': 'warning'}, {'regex': <_sre.SRE_Pattern object at 0x7fdc79c2ef60>, 'level': 'debug'}, {'substr': 'command not found', 'level': 'error'}, {'regex': <_sre.SRE_Pattern object at 0x100da71d0>, 'level': 'warning'}, {'substr': 'Traceback (most recent call last)', 'level': 'error'}, {'substr': 'SyntaxError: ', 'level': 'error'}, {'substr': 'TypeError: ', 'level': 'error'}, {'substr': 'NameError: ', 'level': 'error'}, {'substr': 'ZeroDivisionError: ', 'level': 'error'}, {'regex': <_sre.SRE_Pattern object at 0x100d82108>, 'level': 'critical'}, {'regex': <_sre.SRE_Pattern object at 0x100d9c030>, 'level': 'critical'}], 'cwd': '/builds/slave/test/build', 'env': {'VERSIONER_PYTHON_PREFER_32_BIT': 'no', 'LOGNAME': 'cltbld', 'USER': 'cltbld', 'XPC_SERVICE_NAME': '0', 'PATH': '/usr/local/sbin:/usr/local/bin:/usr/sbin:/usr/bin:/sbin:/bin:/usr/bin/X11', 'HOME': '/Users/cltbld', 'NO_EM_RESTART': '1', 'IDLEIZER_DISABLE_SHUTDOWN': 'true', 'XPCOM_DEBUG_BREAK': 'warn', 'Apple_PubSub_Socket_Render': '/private/tmp/com.apple.launchd.GD21awncaw/Render', 'MOZ_NODE_PATH': '/usr/local/bin/node', 'TWISTD_LOG_PATH': '/builds/slave/twistd.log', 'GIT_SHARE_BASE_DIR': '/builds/git-shared', 'VERSIONER_PYTHON_VERSION': '2.7', 'XPC_FLAGS': '0x0', 'NO_FAIL_ON_TEST_ERRORS': '1', 'HG_SHARE_BASE_DIR': '/builds/hg-shared', 'RUNNER_CONFIG_CMD': '/opt/runner/bin/python2.7 /opt/runner/bin/runner -c /opt/runner/runner.cfg', 'MOZ_NO_REMOTE': '1', 'MOZ_HIDE_RESULTS_TABLE': '1', 'SSH_AUTH_SOCK': '/private/tmp/com.apple.launchd.HuneRqluoD/Listeners', 'SHELL': '/bin/bash', 'TMPDIR': '/var/folders/6j/h2_l2tgj0h5b111_ddr5tl_h00000w/T/', '__CF_USER_TEXT_ENCODING': '0x1C:0:0', 'PWD': '/builds/slave/test', 'PROPERTIES_FILE': '/builds/slave/test/buildprops.json'}}, attempt #1
16:58:31     INFO - Running command: ['/builds/slave/test/build/venv/bin/pip', 'install', '--timeout', '120', '--no-index', '--find-links', 'http://pypi.pvt.build.mozilla.org/pub', '--find-links', 'http://pypi.pub.build.mozilla.org/pub', '--trusted-host', 'pypi.pub.build.mozilla.org', '--trusted-host', 'pypi.pvt.build.mozilla.org', 'pip>=1.5'] in /builds/slave/test/build
16:58:31     INFO - Copy/paste: /builds/slave/test/build/venv/bin/pip install --timeout 120 --no-index --find-links http://pypi.pvt.build.mozilla.org/pub --find-links http://pypi.pub.build.mozilla.org/pub --trusted-host pypi.pub.build.mozilla.org --trusted-host pypi.pvt.build.mozilla.org pip>=1.5
16:58:31     INFO - Using env: {'Apple_PubSub_Socket_Render': '/private/tmp/com.apple.launchd.GD21awncaw/Render',
16:58:31     INFO -  'GIT_SHARE_BASE_DIR': '/builds/git-shared',
16:58:31     INFO -  'HG_SHARE_BASE_DIR': '/builds/hg-shared',
16:58:31     INFO -  'HOME': '/Users/cltbld',
16:58:31     INFO -  'IDLEIZER_DISABLE_SHUTDOWN': 'true',
16:58:31     INFO -  'LOGNAME': 'cltbld',
16:58:31     INFO -  'MOZ_HIDE_RESULTS_TABLE': '1',
16:58:31     INFO -  'MOZ_NODE_PATH': '/usr/local/bin/node',
16:58:31     INFO -  'MOZ_NO_REMOTE': '1',
16:58:31     INFO -  'NO_EM_RESTART': '1',
16:58:31     INFO -  'NO_FAIL_ON_TEST_ERRORS': '1',
16:58:31     INFO -  'PATH': '/usr/local/sbin:/usr/local/bin:/usr/sbin:/usr/bin:/sbin:/bin:/usr/bin/X11',
16:58:31     INFO -  'PROPERTIES_FILE': '/builds/slave/test/buildprops.json',
16:58:31     INFO -  'PWD': '/builds/slave/test',
16:58:31     INFO -  'RUNNER_CONFIG_CMD': '/opt/runner/bin/python2.7 /opt/runner/bin/runner -c /opt/runner/runner.cfg',
16:58:31     INFO -  'SHELL': '/bin/bash',
16:58:31     INFO -  'SSH_AUTH_SOCK': '/private/tmp/com.apple.launchd.HuneRqluoD/Listeners',
16:58:31     INFO -  'TMPDIR': '/var/folders/6j/h2_l2tgj0h5b111_ddr5tl_h00000w/T/',
16:58:31     INFO -  'TWISTD_LOG_PATH': '/builds/slave/twistd.log',
16:58:31     INFO -  'USER': 'cltbld',
16:58:31     INFO -  'VERSIONER_PYTHON_PREFER_32_BIT': 'no',
16:58:31     INFO -  'VERSIONER_PYTHON_VERSION': '2.7',
16:58:31     INFO -  'XPCOM_DEBUG_BREAK': 'warn',
16:58:31     INFO -  'XPC_FLAGS': '0x0',
16:58:31     INFO -  'XPC_SERVICE_NAME': '0',
16:58:31     INFO -  '__CF_USER_TEXT_ENCODING': '0x1C:0:0'}
16:58:31     INFO -  Ignoring indexes: https://pypi.python.org/simple
16:58:31     INFO -  Requirement already satisfied (use --upgrade to upgrade): pip>=1.5 in ./venv/lib/python2.7/site-packages
16:58:31     INFO - Return code: 0
16:58:31     INFO - Installing psutil==3.1.1 into virtualenv /builds/slave/test/build/venv
16:58:31     INFO - retry: Calling run_command with args: [['/builds/slave/test/build/venv/bin/pip', 'install', '--timeout', '120', '--no-index', '--find-links', 'http://pypi.pvt.build.mozilla.org/pub', '--find-links', 'http://pypi.pub.build.mozilla.org/pub', '--trusted-host', 'pypi.pub.build.mozilla.org', '--trusted-host', 'pypi.pvt.build.mozilla.org', 'psutil==3.1.1']], kwargs: {'error_level': 'warning', 'error_list': [{'substr': 'not found or a compiler error:', 'level': 'warning'}, {'regex': <_sre.SRE_Pattern object at 0x100e14170>, 'level': 'error'}, {'regex': <_sre.SRE_Pattern object at 0x100eb6960>, 'level': 'warning'}, {'regex': <_sre.SRE_Pattern object at 0x7fdc79c2ef60>, 'level': 'debug'}, {'substr': 'command not found', 'level': 'error'}, {'regex': <_sre.SRE_Pattern object at 0x100da71d0>, 'level': 'warning'}, {'substr': 'Traceback (most recent call last)', 'level': 'error'}, {'substr': 'SyntaxError: ', 'level': 'error'}, {'substr': 'TypeError: ', 'level': 'error'}, {'substr': 'NameError: ', 'level': 'error'}, {'substr': 'ZeroDivisionError: ', 'level': 'error'}, {'regex': <_sre.SRE_Pattern object at 0x100d82108>, 'level': 'critical'}, {'regex': <_sre.SRE_Pattern object at 0x100d9c030>, 'level': 'critical'}], 'cwd': '/builds/slave/test/build', 'env': {'VERSIONER_PYTHON_PREFER_32_BIT': 'no', 'LOGNAME': 'cltbld', 'USER': 'cltbld', 'XPC_SERVICE_NAME': '0', 'PATH': '/usr/local/sbin:/usr/local/bin:/usr/sbin:/usr/bin:/sbin:/bin:/usr/bin/X11', 'HOME': '/Users/cltbld', 'NO_EM_RESTART': '1', 'IDLEIZER_DISABLE_SHUTDOWN': 'true', 'XPCOM_DEBUG_BREAK': 'warn', 'Apple_PubSub_Socket_Render': '/private/tmp/com.apple.launchd.GD21awncaw/Render', 'MOZ_NODE_PATH': '/usr/local/bin/node', 'TWISTD_LOG_PATH': '/builds/slave/twistd.log', 'GIT_SHARE_BASE_DIR': '/builds/git-shared', 'VERSIONER_PYTHON_VERSION': '2.7', 'XPC_FLAGS': '0x0', 'NO_FAIL_ON_TEST_ERRORS': '1', 'HG_SHARE_BASE_DIR': '/builds/hg-shared', 'RUNNER_CONFIG_CMD': '/opt/runner/bin/python2.7 /opt/runner/bin/runner -c /opt/runner/runner.cfg', 'MOZ_NO_REMOTE': '1', 'MOZ_HIDE_RESULTS_TABLE': '1', 'SSH_AUTH_SOCK': '/private/tmp/com.apple.launchd.HuneRqluoD/Listeners', 'SHELL': '/bin/bash', 'TMPDIR': '/var/folders/6j/h2_l2tgj0h5b111_ddr5tl_h00000w/T/', '__CF_USER_TEXT_ENCODING': '0x1C:0:0', 'PWD': '/builds/slave/test', 'PROPERTIES_FILE': '/builds/slave/test/buildprops.json'}}, attempt #1
16:58:31     INFO - Running command: ['/builds/slave/test/build/venv/bin/pip', 'install', '--timeout', '120', '--no-index', '--find-links', 'http://pypi.pvt.build.mozilla.org/pub', '--find-links', 'http://pypi.pub.build.mozilla.org/pub', '--trusted-host', 'pypi.pub.build.mozilla.org', '--trusted-host', 'pypi.pvt.build.mozilla.org', 'psutil==3.1.1'] in /builds/slave/test/build
16:58:31     INFO - Copy/paste: /builds/slave/test/build/venv/bin/pip install --timeout 120 --no-index --find-links http://pypi.pvt.build.mozilla.org/pub --find-links http://pypi.pub.build.mozilla.org/pub --trusted-host pypi.pub.build.mozilla.org --trusted-host pypi.pvt.build.mozilla.org psutil==3.1.1
16:58:31     INFO - Using env: {'Apple_PubSub_Socket_Render': '/private/tmp/com.apple.launchd.GD21awncaw/Render',
16:58:31     INFO -  'GIT_SHARE_BASE_DIR': '/builds/git-shared',
16:58:31     INFO -  'HG_SHARE_BASE_DIR': '/builds/hg-shared',
16:58:31     INFO -  'HOME': '/Users/cltbld',
16:58:31     INFO -  'IDLEIZER_DISABLE_SHUTDOWN': 'true',
16:58:31     INFO -  'LOGNAME': 'cltbld',
16:58:31     INFO -  'MOZ_HIDE_RESULTS_TABLE': '1',
16:58:31     INFO -  'MOZ_NODE_PATH': '/usr/local/bin/node',
16:58:31     INFO -  'MOZ_NO_REMOTE': '1',
16:58:31     INFO -  'NO_EM_RESTART': '1',
16:58:31     INFO -  'NO_FAIL_ON_TEST_ERRORS': '1',
16:58:31     INFO -  'PATH': '/usr/local/sbin:/usr/local/bin:/usr/sbin:/usr/bin:/sbin:/bin:/usr/bin/X11',
16:58:31     INFO -  'PROPERTIES_FILE': '/builds/slave/test/buildprops.json',
16:58:31     INFO -  'PWD': '/builds/slave/test',
16:58:31     INFO -  'RUNNER_CONFIG_CMD': '/opt/runner/bin/python2.7 /opt/runner/bin/runner -c /opt/runner/runner.cfg',
16:58:31     INFO -  'SHELL': '/bin/bash',
16:58:31     INFO -  'SSH_AUTH_SOCK': '/private/tmp/com.apple.launchd.HuneRqluoD/Listeners',
16:58:31     INFO -  'TMPDIR': '/var/folders/6j/h2_l2tgj0h5b111_ddr5tl_h00000w/T/',
16:58:31     INFO -  'TWISTD_LOG_PATH': '/builds/slave/twistd.log',
16:58:31     INFO -  'USER': 'cltbld',
16:58:31     INFO -  'VERSIONER_PYTHON_PREFER_32_BIT': 'no',
16:58:31     INFO -  'VERSIONER_PYTHON_VERSION': '2.7',
16:58:31     INFO -  'XPCOM_DEBUG_BREAK': 'warn',
16:58:31     INFO -  'XPC_FLAGS': '0x0',
16:58:31     INFO -  'XPC_SERVICE_NAME': '0',
16:58:31     INFO -  '__CF_USER_TEXT_ENCODING': '0x1C:0:0'}
16:58:31     INFO -  Ignoring indexes: https://pypi.python.org/simple
16:58:31     INFO -  Collecting psutil==3.1.1
16:58:31     INFO -  /builds/slave/test/build/venv/lib/python2.7/site-packages/pip/_vendor/requests/packages/urllib3/util/ssl_.py:318: SNIMissingWarning: An HTTPS request has been made, but the SNI (Subject Name Indication) extension to TLS is not available on this platform. This may cause the server to present an incorrect TLS certificate, which can cause validation failures. You can upgrade to a newer version of Python to solve this. For more information, see https://urllib3.readthedocs.org/en/latest/security.html#snimissingwarning.
16:58:31     INFO -    SNIMissingWarning
16:58:31     INFO -  /builds/slave/test/build/venv/lib/python2.7/site-packages/pip/_vendor/requests/packages/urllib3/util/ssl_.py:122: InsecurePlatformWarning: A true SSLContext object is not available. This prevents urllib3 from configuring SSL appropriately and may cause certain SSL connections to fail. You can upgrade to a newer version of Python to solve this. For more information, see https://urllib3.readthedocs.org/en/latest/security.html#insecureplatformwarning.
16:58:31     INFO -    InsecurePlatformWarning
16:58:32     INFO -  /builds/slave/test/build/venv/lib/python2.7/site-packages/pip/_vendor/requests/packages/urllib3/util/ssl_.py:122: InsecurePlatformWarning: A true SSLContext object is not available. This prevents urllib3 from configuring SSL appropriately and may cause certain SSL connections to fail. You can upgrade to a newer version of Python to solve this. For more information, see https://urllib3.readthedocs.org/en/latest/security.html#insecureplatformwarning.
16:58:32     INFO -    InsecurePlatformWarning
16:58:34     INFO -  Installing collected packages: psutil
16:58:34     INFO -    Found existing installation: psutil 5.4.3
16:58:34     INFO -      Uninstalling psutil-5.4.3:
16:58:34     INFO -        Successfully uninstalled psutil-5.4.3
16:58:34     INFO -  Successfully installed psutil-3.1.1
16:58:34     INFO - Return code: 0
16:58:34     INFO - Installing mock into virtualenv /builds/slave/test/build/venv
16:58:34     INFO - retry: Calling run_command with args: [['/builds/slave/test/build/venv/bin/pip', 'install', '--timeout', '120', '--no-index', '--find-links', 'http://pypi.pvt.build.mozilla.org/pub', '--find-links', 'http://pypi.pub.build.mozilla.org/pub', '--trusted-host', 'pypi.pub.build.mozilla.org', '--trusted-host', 'pypi.pvt.build.mozilla.org', 'mock']], kwargs: {'error_level': 'warning', 'error_list': [{'substr': 'not found or a compiler error:', 'level': 'warning'}, {'regex': <_sre.SRE_Pattern object at 0x100e14170>, 'level': 'error'}, {'regex': <_sre.SRE_Pattern object at 0x100eb6960>, 'level': 'warning'}, {'regex': <_sre.SRE_Pattern object at 0x7fdc79c2ef60>, 'level': 'debug'}, {'substr': 'command not found', 'level': 'error'}, {'regex': <_sre.SRE_Pattern object at 0x100da71d0>, 'level': 'warning'}, {'substr': 'Traceback (most recent call last)', 'level': 'error'}, {'substr': 'SyntaxError: ', 'level': 'error'}, {'substr': 'TypeError: ', 'level': 'error'}, {'substr': 'NameError: ', 'level': 'error'}, {'substr': 'ZeroDivisionError: ', 'level': 'error'}, {'regex': <_sre.SRE_Pattern object at 0x100d82108>, 'level': 'critical'}, {'regex': <_sre.SRE_Pattern object at 0x100d9c030>, 'level': 'critical'}], 'cwd': '/builds/slave/test/build', 'env': {'VERSIONER_PYTHON_PREFER_32_BIT': 'no', 'LOGNAME': 'cltbld', 'USER': 'cltbld', 'XPC_SERVICE_NAME': '0', 'PATH': '/usr/local/sbin:/usr/local/bin:/usr/sbin:/usr/bin:/sbin:/bin:/usr/bin/X11', 'HOME': '/Users/cltbld', 'NO_EM_RESTART': '1', 'IDLEIZER_DISABLE_SHUTDOWN': 'true', 'XPCOM_DEBUG_BREAK': 'warn', 'Apple_PubSub_Socket_Render': '/private/tmp/com.apple.launchd.GD21awncaw/Render', 'MOZ_NODE_PATH': '/usr/local/bin/node', 'TWISTD_LOG_PATH': '/builds/slave/twistd.log', 'GIT_SHARE_BASE_DIR': '/builds/git-shared', 'VERSIONER_PYTHON_VERSION': '2.7', 'XPC_FLAGS': '0x0', 'NO_FAIL_ON_TEST_ERRORS': '1', 'HG_SHARE_BASE_DIR': '/builds/hg-shared', 'RUNNER_CONFIG_CMD': '/opt/runner/bin/python2.7 /opt/runner/bin/runner -c /opt/runner/runner.cfg', 'MOZ_NO_REMOTE': '1', 'MOZ_HIDE_RESULTS_TABLE': '1', 'SSH_AUTH_SOCK': '/private/tmp/com.apple.launchd.HuneRqluoD/Listeners', 'SHELL': '/bin/bash', 'TMPDIR': '/var/folders/6j/h2_l2tgj0h5b111_ddr5tl_h00000w/T/', '__CF_USER_TEXT_ENCODING': '0x1C:0:0', 'PWD': '/builds/slave/test', 'PROPERTIES_FILE': '/builds/slave/test/buildprops.json'}}, attempt #1
16:58:34     INFO - Running command: ['/builds/slave/test/build/venv/bin/pip', 'install', '--timeout', '120', '--no-index', '--find-links', 'http://pypi.pvt.build.mozilla.org/pub', '--find-links', 'http://pypi.pub.build.mozilla.org/pub', '--trusted-host', 'pypi.pub.build.mozilla.org', '--trusted-host', 'pypi.pvt.build.mozilla.org', 'mock'] in /builds/slave/test/build
16:58:34     INFO - Copy/paste: /builds/slave/test/build/venv/bin/pip install --timeout 120 --no-index --find-links http://pypi.pvt.build.mozilla.org/pub --find-links http://pypi.pub.build.mozilla.org/pub --trusted-host pypi.pub.build.mozilla.org --trusted-host pypi.pvt.build.mozilla.org mock
16:58:34     INFO - Using env: {'Apple_PubSub_Socket_Render': '/private/tmp/com.apple.launchd.GD21awncaw/Render',
16:58:34     INFO -  'GIT_SHARE_BASE_DIR': '/builds/git-shared',
16:58:34     INFO -  'HG_SHARE_BASE_DIR': '/builds/hg-shared',
16:58:34     INFO -  'HOME': '/Users/cltbld',
16:58:34     INFO -  'IDLEIZER_DISABLE_SHUTDOWN': 'true',
16:58:34     INFO -  'LOGNAME': 'cltbld',
16:58:34     INFO -  'MOZ_HIDE_RESULTS_TABLE': '1',
16:58:34     INFO -  'MOZ_NODE_PATH': '/usr/local/bin/node',
16:58:34     INFO -  'MOZ_NO_REMOTE': '1',
16:58:34     INFO -  'NO_EM_RESTART': '1',
16:58:34     INFO -  'NO_FAIL_ON_TEST_ERRORS': '1',
16:58:34     INFO -  'PATH': '/usr/local/sbin:/usr/local/bin:/usr/sbin:/usr/bin:/sbin:/bin:/usr/bin/X11',
16:58:34     INFO -  'PROPERTIES_FILE': '/builds/slave/test/buildprops.json',
16:58:34     INFO -  'PWD': '/builds/slave/test',
16:58:34     INFO -  'RUNNER_CONFIG_CMD': '/opt/runner/bin/python2.7 /opt/runner/bin/runner -c /opt/runner/runner.cfg',
16:58:34     INFO -  'SHELL': '/bin/bash',
16:58:34     INFO -  'SSH_AUTH_SOCK': '/private/tmp/com.apple.launchd.HuneRqluoD/Listeners',
16:58:34     INFO -  'TMPDIR': '/var/folders/6j/h2_l2tgj0h5b111_ddr5tl_h00000w/T/',
16:58:34     INFO -  'TWISTD_LOG_PATH': '/builds/slave/twistd.log',
16:58:34     INFO -  'USER': 'cltbld',
16:58:34     INFO -  'VERSIONER_PYTHON_PREFER_32_BIT': 'no',
16:58:34     INFO -  'VERSIONER_PYTHON_VERSION': '2.7',
16:58:34     INFO -  'XPCOM_DEBUG_BREAK': 'warn',
16:58:34     INFO -  'XPC_FLAGS': '0x0',
16:58:34     INFO -  'XPC_SERVICE_NAME': '0',
16:58:34     INFO -  '__CF_USER_TEXT_ENCODING': '0x1C:0:0'}
16:58:35     INFO -  Ignoring indexes: https://pypi.python.org/simple
16:58:35     INFO -  Collecting mock
16:58:35     INFO -  /builds/slave/test/build/venv/lib/python2.7/site-packages/pip/_vendor/requests/packages/urllib3/util/ssl_.py:318: SNIMissingWarning: An HTTPS request has been made, but the SNI (Subject Name Indication) extension to TLS is not available on this platform. This may cause the server to present an incorrect TLS certificate, which can cause validation failures. You can upgrade to a newer version of Python to solve this. For more information, see https://urllib3.readthedocs.org/en/latest/security.html#snimissingwarning.
16:58:35     INFO -    SNIMissingWarning
16:58:35     INFO -  /builds/slave/test/build/venv/lib/python2.7/site-packages/pip/_vendor/requests/packages/urllib3/util/ssl_.py:122: InsecurePlatformWarning: A true SSLContext object is not available. This prevents urllib3 from configuring SSL appropriately and may cause certain SSL connections to fail. You can upgrade to a newer version of Python to solve this. For more information, see https://urllib3.readthedocs.org/en/latest/security.html#insecureplatformwarning.
16:58:35     INFO -    InsecurePlatformWarning
16:58:35     INFO -  /builds/slave/test/build/venv/lib/python2.7/site-packages/pip/_vendor/requests/packages/urllib3/util/ssl_.py:122: InsecurePlatformWarning: A true SSLContext object is not available. This prevents urllib3 from configuring SSL appropriately and may cause certain SSL connections to fail. You can upgrade to a newer version of Python to solve this. For more information, see https://urllib3.readthedocs.org/en/latest/security.html#insecureplatformwarning.
16:58:35     INFO -    InsecurePlatformWarning
16:58:37     INFO -  Installing collected packages: mock
16:58:37     INFO -  Successfully installed mock-1.0.1
16:58:38     INFO - Return code: 0
16:58:38     INFO - Installing simplejson into virtualenv /builds/slave/test/build/venv
16:58:38     INFO - retry: Calling run_command with args: [['/builds/slave/test/build/venv/bin/pip', 'install', '--timeout', '120', '--no-index', '--find-links', 'http://pypi.pvt.build.mozilla.org/pub', '--find-links', 'http://pypi.pub.build.mozilla.org/pub', '--trusted-host', 'pypi.pub.build.mozilla.org', '--trusted-host', 'pypi.pvt.build.mozilla.org', 'simplejson']], kwargs: {'error_level': 'warning', 'error_list': [{'substr': 'not found or a compiler error:', 'level': 'warning'}, {'regex': <_sre.SRE_Pattern object at 0x100e14170>, 'level': 'error'}, {'regex': <_sre.SRE_Pattern object at 0x100eb6960>, 'level': 'warning'}, {'regex': <_sre.SRE_Pattern object at 0x7fdc79c2ef60>, 'level': 'debug'}, {'substr': 'command not found', 'level': 'error'}, {'regex': <_sre.SRE_Pattern object at 0x100da71d0>, 'level': 'warning'}, {'substr': 'Traceback (most recent call last)', 'level': 'error'}, {'substr': 'SyntaxError: ', 'level': 'error'}, {'substr': 'TypeError: ', 'level': 'error'}, {'substr': 'NameError: ', 'level': 'error'}, {'substr': 'ZeroDivisionError: ', 'level': 'error'}, {'regex': <_sre.SRE_Pattern object at 0x100d82108>, 'level': 'critical'}, {'regex': <_sre.SRE_Pattern object at 0x100d9c030>, 'level': 'critical'}], 'cwd': '/builds/slave/test/build', 'env': {'VERSIONER_PYTHON_PREFER_32_BIT': 'no', 'LOGNAME': 'cltbld', 'USER': 'cltbld', 'XPC_SERVICE_NAME': '0', 'PATH': '/usr/local/sbin:/usr/local/bin:/usr/sbin:/usr/bin:/sbin:/bin:/usr/bin/X11', 'HOME': '/Users/cltbld', 'NO_EM_RESTART': '1', 'IDLEIZER_DISABLE_SHUTDOWN': 'true', 'XPCOM_DEBUG_BREAK': 'warn', 'Apple_PubSub_Socket_Render': '/private/tmp/com.apple.launchd.GD21awncaw/Render', 'MOZ_NODE_PATH': '/usr/local/bin/node', 'TWISTD_LOG_PATH': '/builds/slave/twistd.log', 'GIT_SHARE_BASE_DIR': '/builds/git-shared', 'VERSIONER_PYTHON_VERSION': '2.7', 'XPC_FLAGS': '0x0', 'NO_FAIL_ON_TEST_ERRORS': '1', 'HG_SHARE_BASE_DIR': '/builds/hg-shared', 'RUNNER_CONFIG_CMD': '/opt/runner/bin/python2.7 /opt/runner/bin/runner -c /opt/runner/runner.cfg', 'MOZ_NO_REMOTE': '1', 'MOZ_HIDE_RESULTS_TABLE': '1', 'SSH_AUTH_SOCK': '/private/tmp/com.apple.launchd.HuneRqluoD/Listeners', 'SHELL': '/bin/bash', 'TMPDIR': '/var/folders/6j/h2_l2tgj0h5b111_ddr5tl_h00000w/T/', '__CF_USER_TEXT_ENCODING': '0x1C:0:0', 'PWD': '/builds/slave/test', 'PROPERTIES_FILE': '/builds/slave/test/buildprops.json'}}, attempt #1
16:58:38     INFO - Running command: ['/builds/slave/test/build/venv/bin/pip', 'install', '--timeout', '120', '--no-index', '--find-links', 'http://pypi.pvt.build.mozilla.org/pub', '--find-links', 'http://pypi.pub.build.mozilla.org/pub', '--trusted-host', 'pypi.pub.build.mozilla.org', '--trusted-host', 'pypi.pvt.build.mozilla.org', 'simplejson'] in /builds/slave/test/build
16:58:38     INFO - Copy/paste: /builds/slave/test/build/venv/bin/pip install --timeout 120 --no-index --find-links http://pypi.pvt.build.mozilla.org/pub --find-links http://pypi.pub.build.mozilla.org/pub --trusted-host pypi.pub.build.mozilla.org --trusted-host pypi.pvt.build.mozilla.org simplejson
16:58:38     INFO - Using env: {'Apple_PubSub_Socket_Render': '/private/tmp/com.apple.launchd.GD21awncaw/Render',
16:58:38     INFO -  'GIT_SHARE_BASE_DIR': '/builds/git-shared',
16:58:38     INFO -  'HG_SHARE_BASE_DIR': '/builds/hg-shared',
16:58:38     INFO -  'HOME': '/Users/cltbld',
16:58:38     INFO -  'IDLEIZER_DISABLE_SHUTDOWN': 'true',
16:58:38     INFO -  'LOGNAME': 'cltbld',
16:58:38     INFO -  'MOZ_HIDE_RESULTS_TABLE': '1',
16:58:38     INFO -  'MOZ_NODE_PATH': '/usr/local/bin/node',
16:58:38     INFO -  'MOZ_NO_REMOTE': '1',
16:58:38     INFO -  'NO_EM_RESTART': '1',
16:58:38     INFO -  'NO_FAIL_ON_TEST_ERRORS': '1',
16:58:38     INFO -  'PATH': '/usr/local/sbin:/usr/local/bin:/usr/sbin:/usr/bin:/sbin:/bin:/usr/bin/X11',
16:58:38     INFO -  'PROPERTIES_FILE': '/builds/slave/test/buildprops.json',
16:58:38     INFO -  'PWD': '/builds/slave/test',
16:58:38     INFO -  'RUNNER_CONFIG_CMD': '/opt/runner/bin/python2.7 /opt/runner/bin/runner -c /opt/runner/runner.cfg',
16:58:38     INFO -  'SHELL': '/bin/bash',
16:58:38     INFO -  'SSH_AUTH_SOCK': '/private/tmp/com.apple.launchd.HuneRqluoD/Listeners',
16:58:38     INFO -  'TMPDIR': '/var/folders/6j/h2_l2tgj0h5b111_ddr5tl_h00000w/T/',
16:58:38     INFO -  'TWISTD_LOG_PATH': '/builds/slave/twistd.log',
16:58:38     INFO -  'USER': 'cltbld',
16:58:38     INFO -  'VERSIONER_PYTHON_PREFER_32_BIT': 'no',
16:58:38     INFO -  'VERSIONER_PYTHON_VERSION': '2.7',
16:58:38     INFO -  'XPCOM_DEBUG_BREAK': 'warn',
16:58:38     INFO -  'XPC_FLAGS': '0x0',
16:58:38     INFO -  'XPC_SERVICE_NAME': '0',
16:58:38     INFO -  '__CF_USER_TEXT_ENCODING': '0x1C:0:0'}
16:58:38     INFO -  Ignoring indexes: https://pypi.python.org/simple
16:58:38     INFO -  Collecting simplejson
16:58:38     INFO -  /builds/slave/test/build/venv/lib/python2.7/site-packages/pip/_vendor/requests/packages/urllib3/util/ssl_.py:318: SNIMissingWarning: An HTTPS request has been made, but the SNI (Subject Name Indication) extension to TLS is not available on this platform. This may cause the server to present an incorrect TLS certificate, which can cause validation failures. You can upgrade to a newer version of Python to solve this. For more information, see https://urllib3.readthedocs.org/en/latest/security.html#snimissingwarning.
16:58:38     INFO -    SNIMissingWarning
16:58:38     INFO -  /builds/slave/test/build/venv/lib/python2.7/site-packages/pip/_vendor/requests/packages/urllib3/util/ssl_.py:122: InsecurePlatformWarning: A true SSLContext object is not available. This prevents urllib3 from configuring SSL appropriately and may cause certain SSL connections to fail. You can upgrade to a newer version of Python to solve this. For more information, see https://urllib3.readthedocs.org/en/latest/security.html#insecureplatformwarning.
16:58:38     INFO -    InsecurePlatformWarning
16:58:38     INFO -  /builds/slave/test/build/venv/lib/python2.7/site-packages/pip/_vendor/requests/packages/urllib3/util/ssl_.py:122: InsecurePlatformWarning: A true SSLContext object is not available. This prevents urllib3 from configuring SSL appropriately and may cause certain SSL connections to fail. You can upgrade to a newer version of Python to solve this. For more information, see https://urllib3.readthedocs.org/en/latest/security.html#insecureplatformwarning.
16:58:38     INFO -    InsecurePlatformWarning
16:58:41     INFO -  Installing collected packages: simplejson
16:58:41     INFO -  Successfully installed simplejson-3.3.0
16:58:41     INFO - Return code: 0
16:58:41     INFO - Installing None into virtualenv /builds/slave/test/build/venv
16:58:41     INFO - retry: Calling run_command with args: [['/builds/slave/test/build/venv/bin/pip', 'install', '--no-deps', '--timeout', '120', '-r', '/builds/slave/test/build/tests/config/marionette_requirements.txt', '--no-index', '--find-links', 'http://pypi.pvt.build.mozilla.org/pub', '--find-links', 'http://pypi.pub.build.mozilla.org/pub', '--trusted-host', 'pypi.pub.build.mozilla.org', '--trusted-host', 'pypi.pvt.build.mozilla.org']], kwargs: {'error_level': 'warning', 'error_list': [{'substr': 'not found or a compiler error:', 'level': 'warning'}, {'regex': <_sre.SRE_Pattern object at 0x100e14170>, 'level': 'error'}, {'regex': <_sre.SRE_Pattern object at 0x100eb6960>, 'level': 'warning'}, {'regex': <_sre.SRE_Pattern object at 0x7fdc79c2ef60>, 'level': 'debug'}, {'substr': 'command not found', 'level': 'error'}, {'regex': <_sre.SRE_Pattern object at 0x100da71d0>, 'level': 'warning'}, {'substr': 'Traceback (most recent call last)', 'level': 'error'}, {'substr': 'SyntaxError: ', 'level': 'error'}, {'substr': 'TypeError: ', 'level': 'error'}, {'substr': 'NameError: ', 'level': 'error'}, {'substr': 'ZeroDivisionError: ', 'level': 'error'}, {'regex': <_sre.SRE_Pattern object at 0x100d82108>, 'level': 'critical'}, {'regex': <_sre.SRE_Pattern object at 0x100d9c030>, 'level': 'critical'}], 'cwd': '/builds/slave/test/build/tests/config', 'env': {'VERSIONER_PYTHON_PREFER_32_BIT': 'no', 'LOGNAME': 'cltbld', 'USER': 'cltbld', 'XPC_SERVICE_NAME': '0', 'PATH': '/usr/local/sbin:/usr/local/bin:/usr/sbin:/usr/bin:/sbin:/bin:/usr/bin/X11', 'HOME': '/Users/cltbld', 'NO_EM_RESTART': '1', 'IDLEIZER_DISABLE_SHUTDOWN': 'true', 'XPCOM_DEBUG_BREAK': 'warn', 'Apple_PubSub_Socket_Render': '/private/tmp/com.apple.launchd.GD21awncaw/Render', 'MOZ_NODE_PATH': '/usr/local/bin/node', 'TWISTD_LOG_PATH': '/builds/slave/twistd.log', 'GIT_SHARE_BASE_DIR': '/builds/git-shared', 'VERSIONER_PYTHON_VERSION': '2.7', 'XPC_FLAGS': '0x0', 'NO_FAIL_ON_TEST_ERRORS': '1', 'HG_SHARE_BASE_DIR': '/builds/hg-shared', 'RUNNER_CONFIG_CMD': '/opt/runner/bin/python2.7 /opt/runner/bin/runner -c /opt/runner/runner.cfg', 'MOZ_NO_REMOTE': '1', 'MOZ_HIDE_RESULTS_TABLE': '1', 'SSH_AUTH_SOCK': '/private/tmp/com.apple.launchd.HuneRqluoD/Listeners', 'SHELL': '/bin/bash', 'TMPDIR': '/var/folders/6j/h2_l2tgj0h5b111_ddr5tl_h00000w/T/', '__CF_USER_TEXT_ENCODING': '0x1C:0:0', 'PWD': '/builds/slave/test', 'PROPERTIES_FILE': '/builds/slave/test/buildprops.json'}}, attempt #1
16:58:41     INFO - Running command: ['/builds/slave/test/build/venv/bin/pip', 'install', '--no-deps', '--timeout', '120', '-r', '/builds/slave/test/build/tests/config/marionette_requirements.txt', '--no-index', '--find-links', 'http://pypi.pvt.build.mozilla.org/pub', '--find-links', 'http://pypi.pub.build.mozilla.org/pub', '--trusted-host', 'pypi.pub.build.mozilla.org', '--trusted-host', 'pypi.pvt.build.mozilla.org'] in /builds/slave/test/build/tests/config
16:58:41     INFO - Copy/paste: /builds/slave/test/build/venv/bin/pip install --no-deps --timeout 120 -r /builds/slave/test/build/tests/config/marionette_requirements.txt --no-index --find-links http://pypi.pvt.build.mozilla.org/pub --find-links http://pypi.pub.build.mozilla.org/pub --trusted-host pypi.pub.build.mozilla.org --trusted-host pypi.pvt.build.mozilla.org
16:58:41     INFO - Using env: {'Apple_PubSub_Socket_Render': '/private/tmp/com.apple.launchd.GD21awncaw/Render',
16:58:41     INFO -  'GIT_SHARE_BASE_DIR': '/builds/git-shared',
16:58:41     INFO -  'HG_SHARE_BASE_DIR': '/builds/hg-shared',
16:58:41     INFO -  'HOME': '/Users/cltbld',
16:58:41     INFO -  'IDLEIZER_DISABLE_SHUTDOWN': 'true',
16:58:41     INFO -  'LOGNAME': 'cltbld',
16:58:41     INFO -  'MOZ_HIDE_RESULTS_TABLE': '1',
16:58:41     INFO -  'MOZ_NODE_PATH': '/usr/local/bin/node',
16:58:41     INFO -  'MOZ_NO_REMOTE': '1',
16:58:41     INFO -  'NO_EM_RESTART': '1',
16:58:41     INFO -  'NO_FAIL_ON_TEST_ERRORS': '1',
16:58:41     INFO -  'PATH': '/usr/local/sbin:/usr/local/bin:/usr/sbin:/usr/bin:/sbin:/bin:/usr/bin/X11',
16:58:41     INFO -  'PROPERTIES_FILE': '/builds/slave/test/buildprops.json',
16:58:41     INFO -  'PWD': '/builds/slave/test',
16:58:41     INFO -  'RUNNER_CONFIG_CMD': '/opt/runner/bin/python2.7 /opt/runner/bin/runner -c /opt/runner/runner.cfg',
16:58:41     INFO -  'SHELL': '/bin/bash',
16:58:41     INFO -  'SSH_AUTH_SOCK': '/private/tmp/com.apple.launchd.HuneRqluoD/Listeners',
16:58:41     INFO -  'TMPDIR': '/var/folders/6j/h2_l2tgj0h5b111_ddr5tl_h00000w/T/',
16:58:41     INFO -  'TWISTD_LOG_PATH': '/builds/slave/twistd.log',
16:58:41     INFO -  'USER': 'cltbld',
16:58:41     INFO -  'VERSIONER_PYTHON_PREFER_32_BIT': 'no',
16:58:41     INFO -  'VERSIONER_PYTHON_VERSION': '2.7',
16:58:41     INFO -  'XPCOM_DEBUG_BREAK': 'warn',
16:58:41     INFO -  'XPC_FLAGS': '0x0',
16:58:41     INFO -  'XPC_SERVICE_NAME': '0',
16:58:41     INFO -  '__CF_USER_TEXT_ENCODING': '0x1C:0:0'}
16:58:41     INFO -  Ignoring indexes: https://pypi.python.org/simple
16:58:41     INFO -  Processing /builds/slave/test/build/tests/mozbase/manifestparser
16:58:41     INFO -    Requirement already satisfied (use --upgrade to upgrade): manifestparser==1.1 from file:///builds/slave/test/build/tests/mozbase/manifestparser in /builds/slave/test/build/venv/lib/python2.7/site-packages (from -r /builds/slave/test/build/tests/config/mozbase_requirements.txt (line 1))
16:58:41     INFO -  Processing /builds/slave/test/build/tests/mozbase/mozcrash
16:58:42     INFO -    Requirement already satisfied (use --upgrade to upgrade): mozcrash==1.0 from file:///builds/slave/test/build/tests/mozbase/mozcrash in /builds/slave/test/build/venv/lib/python2.7/site-packages (from -r /builds/slave/test/build/tests/config/mozbase_requirements.txt (line 2))
16:58:42     INFO -  Processing /builds/slave/test/build/tests/mozbase/mozdebug
16:58:42     INFO -    Requirement already satisfied (use --upgrade to upgrade): mozdebug==0.1 from file:///builds/slave/test/build/tests/mozbase/mozdebug in /builds/slave/test/build/venv/lib/python2.7/site-packages (from -r /builds/slave/test/build/tests/config/mozbase_requirements.txt (line 3))
16:58:42     INFO -  Processing /builds/slave/test/build/tests/mozbase/mozdevice
16:58:42     INFO -    Requirement already satisfied (use --upgrade to upgrade): mozdevice==0.48 from file:///builds/slave/test/build/tests/mozbase/mozdevice in /builds/slave/test/build/venv/lib/python2.7/site-packages (from -r /builds/slave/test/build/tests/config/mozbase_requirements.txt (line 4))
16:58:42     INFO -  Processing /builds/slave/test/build/tests/mozbase/mozfile
16:58:42     INFO -    Requirement already satisfied (use --upgrade to upgrade): mozfile==1.2 from file:///builds/slave/test/build/tests/mozbase/mozfile in /builds/slave/test/build/venv/lib/python2.7/site-packages (from -r /builds/slave/test/build/tests/config/mozbase_requirements.txt (line 5))
16:58:42     INFO -  Processing /builds/slave/test/build/tests/mozbase/mozhttpd
16:58:43     INFO -    Requirement already satisfied (use --upgrade to upgrade): mozhttpd==0.7 from file:///builds/slave/test/build/tests/mozbase/mozhttpd in /builds/slave/test/build/venv/lib/python2.7/site-packages (from -r /builds/slave/test/build/tests/config/mozbase_requirements.txt (line 6))
16:58:43     INFO -  Processing /builds/slave/test/build/tests/mozbase/mozinfo
16:58:43     INFO -    Requirement already satisfied (use --upgrade to upgrade): mozinfo==0.9 from file:///builds/slave/test/build/tests/mozbase/mozinfo in /builds/slave/test/build/venv/lib/python2.7/site-packages (from -r /builds/slave/test/build/tests/config/mozbase_requirements.txt (line 7))
16:58:43     INFO -  Processing /builds/slave/test/build/tests/mozbase/mozinstall
16:58:43     INFO -    Requirement already satisfied (use --upgrade to upgrade): mozInstall==1.12 from file:///builds/slave/test/build/tests/mozbase/mozinstall in /builds/slave/test/build/venv/lib/python2.7/site-packages (from -r /builds/slave/test/build/tests/config/mozbase_requirements.txt (line 8))
16:58:43     INFO -  Processing /builds/slave/test/build/tests/mozbase/mozleak
16:58:43     INFO -    Requirement already satisfied (use --upgrade to upgrade): mozleak==0.1 from file:///builds/slave/test/build/tests/mozbase/mozleak in /builds/slave/test/build/venv/lib/python2.7/site-packages (from -r /builds/slave/test/build/tests/config/mozbase_requirements.txt (line 9))
16:58:43     INFO -  Processing /builds/slave/test/build/tests/mozbase/mozlog
16:58:44     INFO -    Requirement already satisfied (use --upgrade to upgrade): mozlog==3.4 from file:///builds/slave/test/build/tests/mozbase/mozlog in /builds/slave/test/build/venv/lib/python2.7/site-packages (from -r /builds/slave/test/build/tests/config/mozbase_requirements.txt (line 10))
16:58:44     INFO -  Processing /builds/slave/test/build/tests/mozbase/moznetwork
16:58:44     INFO -    Requirement already satisfied (use --upgrade to upgrade): moznetwork==0.27 from file:///builds/slave/test/build/tests/mozbase/moznetwork in /builds/slave/test/build/venv/lib/python2.7/site-packages (from -r /builds/slave/test/build/tests/config/mozbase_requirements.txt (line 11))
16:58:44     INFO -  Processing /builds/slave/test/build/tests/mozbase/mozprocess
16:58:44     INFO -    Requirement already satisfied (use --upgrade to upgrade): mozprocess==0.23 from file:///builds/slave/test/build/tests/mozbase/mozprocess in /builds/slave/test/build/venv/lib/python2.7/site-packages (from -r /builds/slave/test/build/tests/config/mozbase_requirements.txt (line 12))
16:58:44     INFO -  Processing /builds/slave/test/build/tests/mozbase/mozprofile
16:58:44     INFO -    Requirement already satisfied (use --upgrade to upgrade): mozprofile==0.28 from file:///builds/slave/test/build/tests/mozbase/mozprofile in /builds/slave/test/build/venv/lib/python2.7/site-packages (from -r /builds/slave/test/build/tests/config/mozbase_requirements.txt (line 13))
16:58:44     INFO -  Processing /builds/slave/test/build/tests/mozbase/mozrunner
16:58:45     INFO -    Requirement already satisfied (use --upgrade to upgrade): mozrunner==6.13 from file:///builds/slave/test/build/tests/mozbase/mozrunner in /builds/slave/test/build/venv/lib/python2.7/site-packages (from -r /builds/slave/test/build/tests/config/mozbase_requirements.txt (line 14))
16:58:45     INFO -  Processing /builds/slave/test/build/tests/mozbase/mozscreenshot
16:58:45     INFO -    Requirement already satisfied (use --upgrade to upgrade): mozscreenshot==0.1 from file:///builds/slave/test/build/tests/mozbase/mozscreenshot in /builds/slave/test/build/venv/lib/python2.7/site-packages (from -r /builds/slave/test/build/tests/config/mozbase_requirements.txt (line 15))
16:58:45     INFO -  Processing /builds/slave/test/build/tests/mozbase/moztest
16:58:45     INFO -    Requirement already satisfied (use --upgrade to upgrade): moztest==0.8 from file:///builds/slave/test/build/tests/mozbase/moztest in /builds/slave/test/build/venv/lib/python2.7/site-packages (from -r /builds/slave/test/build/tests/config/mozbase_requirements.txt (line 16))
16:58:45     INFO -  Processing /builds/slave/test/build/tests/mozbase/mozversion
16:58:45     INFO -    Requirement already satisfied (use --upgrade to upgrade): mozversion==1.4 from file:///builds/slave/test/build/tests/mozbase/mozversion in /builds/slave/test/build/venv/lib/python2.7/site-packages (from -r /builds/slave/test/build/tests/config/mozbase_requirements.txt (line 17))
16:58:45     INFO -  Processing /builds/slave/test/build/tests/tools/wptserve
16:58:46     INFO -  Processing /builds/slave/test/build/tests/marionette/client
16:58:46     INFO -  Processing /builds/slave/test/build/tests/marionette/harness/marionette_harness/runner/mixins/browsermob-proxy-py
16:58:46     INFO -  Processing /builds/slave/test/build/tests/marionette/harness
16:58:47     INFO -  Processing /builds/slave/test/build/tests/marionette/puppeteer/firefox
16:58:47     INFO -  Building wheels for collected packages: browsermob-proxy
16:58:47     INFO -    Running setup.py bdist_wheel for browsermob-proxy: started
16:58:47     INFO -    Running setup.py bdist_wheel for browsermob-proxy: finished with status 'done'
16:58:47     INFO -    Stored in directory: /Users/cltbld/Library/Caches/pip/wheels/10/00/c1/79bb793b6a7eb4dca9dfd244010f550ae5044951bcd23c261e
16:58:47     INFO -  Successfully built browsermob-proxy
16:58:47     INFO -  Installing collected packages: wptserve, marionette-driver, browsermob-proxy, marionette-harness, firefox-puppeteer
16:58:47     INFO -    Running setup.py install for wptserve: started
16:58:47     INFO -      Running setup.py install for wptserve: finished with status 'done'
16:58:47     INFO -    Running setup.py install for marionette-driver: started
16:58:48     INFO -      Running setup.py install for marionette-driver: finished with status 'done'
16:58:48     INFO -    Running setup.py install for marionette-harness: started
16:58:48     INFO -      Running setup.py install for marionette-harness: finished with status 'done'
16:58:48     INFO -    Running setup.py install for firefox-puppeteer: started
16:58:49     INFO -      Running setup.py install for firefox-puppeteer: finished with status 'done'
16:58:49     INFO -  Successfully installed browsermob-proxy-0.6.0 firefox-puppeteer-52.1.0 marionette-driver-2.2.0 marionette-harness-4.0.0 wptserve-1.4.0
16:58:49     INFO - Return code: 0
16:58:49     INFO - Installing None into virtualenv /builds/slave/test/build/venv
16:58:49     INFO - retry: Calling run_command with args: [['/builds/slave/test/build/venv/bin/pip', 'install', '--timeout', '120', '-r', '/builds/slave/test/build/tests/config/marionette_requirements.txt', '--no-index', '--find-links', 'http://pypi.pvt.build.mozilla.org/pub', '--find-links', 'http://pypi.pub.build.mozilla.org/pub', '--trusted-host', 'pypi.pub.build.mozilla.org', '--trusted-host', 'pypi.pvt.build.mozilla.org']], kwargs: {'error_level': 'warning', 'error_list': [{'substr': 'not found or a compiler error:', 'level': 'warning'}, {'regex': <_sre.SRE_Pattern object at 0x100e14170>, 'level': 'error'}, {'regex': <_sre.SRE_Pattern object at 0x100eb6960>, 'level': 'warning'}, {'regex': <_sre.SRE_Pattern object at 0x7fdc79c2ef60>, 'level': 'debug'}, {'substr': 'command not found', 'level': 'error'}, {'regex': <_sre.SRE_Pattern object at 0x100da71d0>, 'level': 'warning'}, {'substr': 'Traceback (most recent call last)', 'level': 'error'}, {'substr': 'SyntaxError: ', 'level': 'error'}, {'substr': 'TypeError: ', 'level': 'error'}, {'substr': 'NameError: ', 'level': 'error'}, {'substr': 'ZeroDivisionError: ', 'level': 'error'}, {'regex': <_sre.SRE_Pattern object at 0x100d82108>, 'level': 'critical'}, {'regex': <_sre.SRE_Pattern object at 0x100d9c030>, 'level': 'critical'}], 'cwd': '/builds/slave/test/build/tests/config', 'env': {'VERSIONER_PYTHON_PREFER_32_BIT': 'no', 'LOGNAME': 'cltbld', 'USER': 'cltbld', 'XPC_SERVICE_NAME': '0', 'PATH': '/usr/local/sbin:/usr/local/bin:/usr/sbin:/usr/bin:/sbin:/bin:/usr/bin/X11', 'HOME': '/Users/cltbld', 'NO_EM_RESTART': '1', 'IDLEIZER_DISABLE_SHUTDOWN': 'true', 'XPCOM_DEBUG_BREAK': 'warn', 'Apple_PubSub_Socket_Render': '/private/tmp/com.apple.launchd.GD21awncaw/Render', 'MOZ_NODE_PATH': '/usr/local/bin/node', 'TWISTD_LOG_PATH': '/builds/slave/twistd.log', 'GIT_SHARE_BASE_DIR': '/builds/git-shared', 'VERSIONER_PYTHON_VERSION': '2.7', 'XPC_FLAGS': '0x0', 'NO_FAIL_ON_TEST_ERRORS': '1', 'HG_SHARE_BASE_DIR': '/builds/hg-shared', 'RUNNER_CONFIG_CMD': '/opt/runner/bin/python2.7 /opt/runner/bin/runner -c /opt/runner/runner.cfg', 'MOZ_NO_REMOTE': '1', 'MOZ_HIDE_RESULTS_TABLE': '1', 'SSH_AUTH_SOCK': '/private/tmp/com.apple.launchd.HuneRqluoD/Listeners', 'SHELL': '/bin/bash', 'TMPDIR': '/var/folders/6j/h2_l2tgj0h5b111_ddr5tl_h00000w/T/', '__CF_USER_TEXT_ENCODING': '0x1C:0:0', 'PWD': '/builds/slave/test', 'PROPERTIES_FILE': '/builds/slave/test/buildprops.json'}}, attempt #1
16:58:49     INFO - Running command: ['/builds/slave/test/build/venv/bin/pip', 'install', '--timeout', '120', '-r', '/builds/slave/test/build/tests/config/marionette_requirements.txt', '--no-index', '--find-links', 'http://pypi.pvt.build.mozilla.org/pub', '--find-links', 'http://pypi.pub.build.mozilla.org/pub', '--trusted-host', 'pypi.pub.build.mozilla.org', '--trusted-host', 'pypi.pvt.build.mozilla.org'] in /builds/slave/test/build/tests/config
16:58:49     INFO - Copy/paste: /builds/slave/test/build/venv/bin/pip install --timeout 120 -r /builds/slave/test/build/tests/config/marionette_requirements.txt --no-index --find-links http://pypi.pvt.build.mozilla.org/pub --find-links http://pypi.pub.build.mozilla.org/pub --trusted-host pypi.pub.build.mozilla.org --trusted-host pypi.pvt.build.mozilla.org
16:58:49     INFO - Using env: {'Apple_PubSub_Socket_Render': '/private/tmp/com.apple.launchd.GD21awncaw/Render',
16:58:49     INFO -  'GIT_SHARE_BASE_DIR': '/builds/git-shared',
16:58:49     INFO -  'HG_SHARE_BASE_DIR': '/builds/hg-shared',
16:58:49     INFO -  'HOME': '/Users/cltbld',
16:58:49     INFO -  'IDLEIZER_DISABLE_SHUTDOWN': 'true',
16:58:49     INFO -  'LOGNAME': 'cltbld',
16:58:49     INFO -  'MOZ_HIDE_RESULTS_TABLE': '1',
16:58:49     INFO -  'MOZ_NODE_PATH': '/usr/local/bin/node',
16:58:49     INFO -  'MOZ_NO_REMOTE': '1',
16:58:49     INFO -  'NO_EM_RESTART': '1',
16:58:49     INFO -  'NO_FAIL_ON_TEST_ERRORS': '1',
16:58:49     INFO -  'PATH': '/usr/local/sbin:/usr/local/bin:/usr/sbin:/usr/bin:/sbin:/bin:/usr/bin/X11',
16:58:49     INFO -  'PROPERTIES_FILE': '/builds/slave/test/buildprops.json',
16:58:49     INFO -  'PWD': '/builds/slave/test',
16:58:49     INFO -  'RUNNER_CONFIG_CMD': '/opt/runner/bin/python2.7 /opt/runner/bin/runner -c /opt/runner/runner.cfg',
16:58:49     INFO -  'SHELL': '/bin/bash',
16:58:49     INFO -  'SSH_AUTH_SOCK': '/private/tmp/com.apple.launchd.HuneRqluoD/Listeners',
16:58:49     INFO -  'TMPDIR': '/var/folders/6j/h2_l2tgj0h5b111_ddr5tl_h00000w/T/',
16:58:49     INFO -  'TWISTD_LOG_PATH': '/builds/slave/twistd.log',
16:58:49     INFO -  'USER': 'cltbld',
16:58:49     INFO -  'VERSIONER_PYTHON_PREFER_32_BIT': 'no',
16:58:49     INFO -  'VERSIONER_PYTHON_VERSION': '2.7',
16:58:49     INFO -  'XPCOM_DEBUG_BREAK': 'warn',
16:58:49     INFO -  'XPC_FLAGS': '0x0',
16:58:49     INFO -  'XPC_SERVICE_NAME': '0',
16:58:49     INFO -  '__CF_USER_TEXT_ENCODING': '0x1C:0:0'}
16:58:50     INFO -  Ignoring indexes: https://pypi.python.org/simple
16:58:50     INFO -  Processing /builds/slave/test/build/tests/mozbase/manifestparser
16:58:50     INFO -    Requirement already satisfied (use --upgrade to upgrade): manifestparser==1.1 from file:///builds/slave/test/build/tests/mozbase/manifestparser in /builds/slave/test/build/venv/lib/python2.7/site-packages (from -r /builds/slave/test/build/tests/config/mozbase_requirements.txt (line 1))
16:58:50     INFO -  Processing /builds/slave/test/build/tests/mozbase/mozcrash
16:58:50     INFO -    Requirement already satisfied (use --upgrade to upgrade): mozcrash==1.0 from file:///builds/slave/test/build/tests/mozbase/mozcrash in /builds/slave/test/build/venv/lib/python2.7/site-packages (from -r /builds/slave/test/build/tests/config/mozbase_requirements.txt (line 2))
16:58:50     INFO -  Processing /builds/slave/test/build/tests/mozbase/mozdebug
16:58:50     INFO -    Requirement already satisfied (use --upgrade to upgrade): mozdebug==0.1 from file:///builds/slave/test/build/tests/mozbase/mozdebug in /builds/slave/test/build/venv/lib/python2.7/site-packages (from -r /builds/slave/test/build/tests/config/mozbase_requirements.txt (line 3))
16:58:50     INFO -  Processing /builds/slave/test/build/tests/mozbase/mozdevice
16:58:51     INFO -    Requirement already satisfied (use --upgrade to upgrade): mozdevice==0.48 from file:///builds/slave/test/build/tests/mozbase/mozdevice in /builds/slave/test/build/venv/lib/python2.7/site-packages (from -r /builds/slave/test/build/tests/config/mozbase_requirements.txt (line 4))
16:58:51     INFO -  Processing /builds/slave/test/build/tests/mozbase/mozfile
16:58:51     INFO -    Requirement already satisfied (use --upgrade to upgrade): mozfile==1.2 from file:///builds/slave/test/build/tests/mozbase/mozfile in /builds/slave/test/build/venv/lib/python2.7/site-packages (from -r /builds/slave/test/build/tests/config/mozbase_requirements.txt (line 5))
16:58:51     INFO -  Processing /builds/slave/test/build/tests/mozbase/mozhttpd
16:58:51     INFO -    Requirement already satisfied (use --upgrade to upgrade): mozhttpd==0.7 from file:///builds/slave/test/build/tests/mozbase/mozhttpd in /builds/slave/test/build/venv/lib/python2.7/site-packages (from -r /builds/slave/test/build/tests/config/mozbase_requirements.txt (line 6))
16:58:51     INFO -  Processing /builds/slave/test/build/tests/mozbase/mozinfo
16:58:52     INFO -    Requirement already satisfied (use --upgrade to upgrade): mozinfo==0.9 from file:///builds/slave/test/build/tests/mozbase/mozinfo in /builds/slave/test/build/venv/lib/python2.7/site-packages (from -r /builds/slave/test/build/tests/config/mozbase_requirements.txt (line 7))
16:58:52     INFO -  Processing /builds/slave/test/build/tests/mozbase/mozinstall
16:58:52     INFO -    Requirement already satisfied (use --upgrade to upgrade): mozInstall==1.12 from file:///builds/slave/test/build/tests/mozbase/mozinstall in /builds/slave/test/build/venv/lib/python2.7/site-packages (from -r /builds/slave/test/build/tests/config/mozbase_requirements.txt (line 8))
16:58:52     INFO -  Processing /builds/slave/test/build/tests/mozbase/mozleak
16:58:52     INFO -    Requirement already satisfied (use --upgrade to upgrade): mozleak==0.1 from file:///builds/slave/test/build/tests/mozbase/mozleak in /builds/slave/test/build/venv/lib/python2.7/site-packages (from -r /builds/slave/test/build/tests/config/mozbase_requirements.txt (line 9))
16:58:52     INFO -  Processing /builds/slave/test/build/tests/mozbase/mozlog
16:58:52     INFO -    Requirement already satisfied (use --upgrade to upgrade): mozlog==3.4 from file:///builds/slave/test/build/tests/mozbase/mozlog in /builds/slave/test/build/venv/lib/python2.7/site-packages (from -r /builds/slave/test/build/tests/config/mozbase_requirements.txt (line 10))
16:58:52     INFO -  Processing /builds/slave/test/build/tests/mozbase/moznetwork
16:58:53     INFO -    Requirement already satisfied (use --upgrade to upgrade): moznetwork==0.27 from file:///builds/slave/test/build/tests/mozbase/moznetwork in /builds/slave/test/build/venv/lib/python2.7/site-packages (from -r /builds/slave/test/build/tests/config/mozbase_requirements.txt (line 11))
16:58:53     INFO -  Processing /builds/slave/test/build/tests/mozbase/mozprocess
16:58:53     INFO -    Requirement already satisfied (use --upgrade to upgrade): mozprocess==0.23 from file:///builds/slave/test/build/tests/mozbase/mozprocess in /builds/slave/test/build/venv/lib/python2.7/site-packages (from -r /builds/slave/test/build/tests/config/mozbase_requirements.txt (line 12))
16:58:53     INFO -  Processing /builds/slave/test/build/tests/mozbase/mozprofile
16:58:53     INFO -    Requirement already satisfied (use --upgrade to upgrade): mozprofile==0.28 from file:///builds/slave/test/build/tests/mozbase/mozprofile in /builds/slave/test/build/venv/lib/python2.7/site-packages (from -r /builds/slave/test/build/tests/config/mozbase_requirements.txt (line 13))
16:58:53     INFO -  Processing /builds/slave/test/build/tests/mozbase/mozrunner
16:58:53     INFO -    Requirement already satisfied (use --upgrade to upgrade): mozrunner==6.13 from file:///builds/slave/test/build/tests/mozbase/mozrunner in /builds/slave/test/build/venv/lib/python2.7/site-packages (from -r /builds/slave/test/build/tests/config/mozbase_requirements.txt (line 14))
16:58:53     INFO -  Processing /builds/slave/test/build/tests/mozbase/mozscreenshot
16:58:54     INFO -    Requirement already satisfied (use --upgrade to upgrade): mozscreenshot==0.1 from file:///builds/slave/test/build/tests/mozbase/mozscreenshot in /builds/slave/test/build/venv/lib/python2.7/site-packages (from -r /builds/slave/test/build/tests/config/mozbase_requirements.txt (line 15))
16:58:54     INFO -  Processing /builds/slave/test/build/tests/mozbase/moztest
16:58:54     INFO -    Requirement already satisfied (use --upgrade to upgrade): moztest==0.8 from file:///builds/slave/test/build/tests/mozbase/moztest in /builds/slave/test/build/venv/lib/python2.7/site-packages (from -r /builds/slave/test/build/tests/config/mozbase_requirements.txt (line 16))
16:58:54     INFO -  Processing /builds/slave/test/build/tests/mozbase/mozversion
16:58:54     INFO -    Requirement already satisfied (use --upgrade to upgrade): mozversion==1.4 from file:///builds/slave/test/build/tests/mozbase/mozversion in /builds/slave/test/build/venv/lib/python2.7/site-packages (from -r /builds/slave/test/build/tests/config/mozbase_requirements.txt (line 17))
16:58:54     INFO -  Processing /builds/slave/test/build/tests/tools/wptserve
16:58:54     INFO -    Requirement already satisfied (use --upgrade to upgrade): wptserve==1.4.0 from file:///builds/slave/test/build/tests/tools/wptserve in /builds/slave/test/build/venv/lib/python2.7/site-packages (from -r /builds/slave/test/build/tests/config/marionette_requirements.txt (line 3))
16:58:54     INFO -  Processing /builds/slave/test/build/tests/marionette/client
16:58:55     INFO -    Requirement already satisfied (use --upgrade to upgrade): marionette-driver==2.2.0 from file:///builds/slave/test/build/tests/marionette/client in /builds/slave/test/build/venv/lib/python2.7/site-packages (from -r /builds/slave/test/build/tests/config/marionette_requirements.txt (line 4))
16:58:55     INFO -  Processing /builds/slave/test/build/tests/marionette/harness/marionette_harness/runner/mixins/browsermob-proxy-py
16:58:55     INFO -    Requirement already satisfied (use --upgrade to upgrade): browsermob-proxy==0.6.0 from file:///builds/slave/test/build/tests/marionette/harness/marionette_harness/runner/mixins/browsermob-proxy-py in /builds/slave/test/build/venv/lib/python2.7/site-packages (from -r /builds/slave/test/build/tests/config/marionette_requirements.txt (line 5))
16:58:55     INFO -  Processing /builds/slave/test/build/tests/marionette/harness
16:58:55     INFO -    Requirement already satisfied (use --upgrade to upgrade): marionette-harness==4.0.0 from file:///builds/slave/test/build/tests/marionette/harness in /builds/slave/test/build/venv/lib/python2.7/site-packages (from -r /builds/slave/test/build/tests/config/marionette_requirements.txt (line 6))
16:58:55     INFO -  Processing /builds/slave/test/build/tests/marionette/puppeteer/firefox
16:58:56     INFO -    Requirement already satisfied (use --upgrade to upgrade): firefox-puppeteer==52.1.0 from file:///builds/slave/test/build/tests/marionette/puppeteer/firefox in /builds/slave/test/build/venv/lib/python2.7/site-packages (from -r /builds/slave/test/build/tests/config/marionette_requirements.txt (line 9))
16:58:56     INFO -  Requirement already satisfied (use --upgrade to upgrade): mozfile>=1.0 in /builds/slave/test/build/venv/lib/python2.7/site-packages (from mozcrash==1.0->-r /builds/slave/test/build/tests/config/mozbase_requirements.txt (line 2))
16:58:56     INFO -  Requirement already satisfied (use --upgrade to upgrade): mozlog>=3.0 in /builds/slave/test/build/venv/lib/python2.7/site-packages (from mozcrash==1.0->-r /builds/slave/test/build/tests/config/mozbase_requirements.txt (line 2))
16:58:56     INFO -  Requirement already satisfied (use --upgrade to upgrade): mozinfo in /builds/slave/test/build/venv/lib/python2.7/site-packages (from mozdebug==0.1->-r /builds/slave/test/build/tests/config/mozbase_requirements.txt (line 3))
16:58:56     INFO -  Requirement already satisfied (use --upgrade to upgrade): moznetwork>=0.24 in /builds/slave/test/build/venv/lib/python2.7/site-packages (from mozdevice==0.48->-r /builds/slave/test/build/tests/config/mozbase_requirements.txt (line 4))
16:58:56     INFO -  Requirement already satisfied (use --upgrade to upgrade): mozprocess>=0.19 in /builds/slave/test/build/venv/lib/python2.7/site-packages (from mozdevice==0.48->-r /builds/slave/test/build/tests/config/mozbase_requirements.txt (line 4))
16:58:56     INFO -  Requirement already satisfied (use --upgrade to upgrade): blessings>=1.3 in /builds/slave/test/build/venv/lib/python2.7/site-packages (from mozlog==3.4->-r /builds/slave/test/build/tests/config/mozbase_requirements.txt (line 10))
16:58:56     INFO -  Requirement already satisfied (use --upgrade to upgrade): requests>=1.1.0 in /builds/slave/test/build/venv/lib/python2.7/site-packages (from browsermob-proxy==0.6.0->-r /builds/slave/test/build/tests/config/marionette_requirements.txt (line 5))
16:58:56     INFO -  Building wheels for collected packages: browsermob-proxy
16:58:56     INFO -    Running setup.py bdist_wheel for browsermob-proxy: started
16:58:56     INFO -    Running setup.py bdist_wheel for browsermob-proxy: finished with status 'done'
16:58:56     INFO -    Stored in directory: /Users/cltbld/Library/Caches/pip/wheels/10/00/c1/79bb793b6a7eb4dca9dfd244010f550ae5044951bcd23c261e
16:58:56     INFO -  Successfully built browsermob-proxy
16:58:56     INFO - Return code: 0
16:58:56     INFO - Installing None into virtualenv /builds/slave/test/build/venv
16:58:56     INFO - retry: Calling run_command with args: [['/builds/slave/test/build/venv/bin/pip', 'install', '--no-deps', '--timeout', '120', '-r', '/builds/slave/test/build/tests/mochitest/websocketprocessbridge/websocketprocessbridge_requirements.txt', '--no-index', '--find-links', 'http://pypi.pvt.build.mozilla.org/pub', '--find-links', 'http://pypi.pub.build.mozilla.org/pub', '--trusted-host', 'pypi.pub.build.mozilla.org', '--trusted-host', 'pypi.pvt.build.mozilla.org']], kwargs: {'error_level': 'warning', 'error_list': [{'substr': 'not found or a compiler error:', 'level': 'warning'}, {'regex': <_sre.SRE_Pattern object at 0x100e14170>, 'level': 'error'}, {'regex': <_sre.SRE_Pattern object at 0x100eb6960>, 'level': 'warning'}, {'regex': <_sre.SRE_Pattern object at 0x7fdc79c2ef60>, 'level': 'debug'}, {'substr': 'command not found', 'level': 'error'}, {'regex': <_sre.SRE_Pattern object at 0x100da71d0>, 'level': 'warning'}, {'substr': 'Traceback (most recent call last)', 'level': 'error'}, {'substr': 'SyntaxError: ', 'level': 'error'}, {'substr': 'TypeError: ', 'level': 'error'}, {'substr': 'NameError: ', 'level': 'error'}, {'substr': 'ZeroDivisionError: ', 'level': 'error'}, {'regex': <_sre.SRE_Pattern object at 0x100d82108>, 'level': 'critical'}, {'regex': <_sre.SRE_Pattern object at 0x100d9c030>, 'level': 'critical'}], 'cwd': '/builds/slave/test/build/tests/mochitest/websocketprocessbridge', 'env': {'VERSIONER_PYTHON_PREFER_32_BIT': 'no', 'LOGNAME': 'cltbld', 'USER': 'cltbld', 'XPC_SERVICE_NAME': '0', 'PATH': '/usr/local/sbin:/usr/local/bin:/usr/sbin:/usr/bin:/sbin:/bin:/usr/bin/X11', 'HOME': '/Users/cltbld', 'NO_EM_RESTART': '1', 'IDLEIZER_DISABLE_SHUTDOWN': 'true', 'XPCOM_DEBUG_BREAK': 'warn', 'Apple_PubSub_Socket_Render': '/private/tmp/com.apple.launchd.GD21awncaw/Render', 'MOZ_NODE_PATH': '/usr/local/bin/node', 'TWISTD_LOG_PATH': '/builds/slave/twistd.log', 'GIT_SHARE_BASE_DIR': '/builds/git-shared', 'VERSIONER_PYTHON_VERSION': '2.7', 'XPC_FLAGS': '0x0', 'NO_FAIL_ON_TEST_ERRORS': '1', 'HG_SHARE_BASE_DIR': '/builds/hg-shared', 'RUNNER_CONFIG_CMD': '/opt/runner/bin/python2.7 /opt/runner/bin/runner -c /opt/runner/runner.cfg', 'MOZ_NO_REMOTE': '1', 'MOZ_HIDE_RESULTS_TABLE': '1', 'SSH_AUTH_SOCK': '/private/tmp/com.apple.launchd.HuneRqluoD/Listeners', 'SHELL': '/bin/bash', 'TMPDIR': '/var/folders/6j/h2_l2tgj0h5b111_ddr5tl_h00000w/T/', '__CF_USER_TEXT_ENCODING': '0x1C:0:0', 'PWD': '/builds/slave/test', 'PROPERTIES_FILE': '/builds/slave/test/buildprops.json'}}, attempt #1
16:58:56     INFO - Running command: ['/builds/slave/test/build/venv/bin/pip', 'install', '--no-deps', '--timeout', '120', '-r', '/builds/slave/test/build/tests/mochitest/websocketprocessbridge/websocketprocessbridge_requirements.txt', '--no-index', '--find-links', 'http://pypi.pvt.build.mozilla.org/pub', '--find-links', 'http://pypi.pub.build.mozilla.org/pub', '--trusted-host', 'pypi.pub.build.mozilla.org', '--trusted-host', 'pypi.pvt.build.mozilla.org'] in /builds/slave/test/build/tests/mochitest/websocketprocessbridge
16:58:56     INFO - Copy/paste: /builds/slave/test/build/venv/bin/pip install --no-deps --timeout 120 -r /builds/slave/test/build/tests/mochitest/websocketprocessbridge/websocketprocessbridge_requirements.txt --no-index --find-links http://pypi.pvt.build.mozilla.org/pub --find-links http://pypi.pub.build.mozilla.org/pub --trusted-host pypi.pub.build.mozilla.org --trusted-host pypi.pvt.build.mozilla.org
16:58:56     INFO - Using env: {'Apple_PubSub_Socket_Render': '/private/tmp/com.apple.launchd.GD21awncaw/Render',
16:58:56     INFO -  'GIT_SHARE_BASE_DIR': '/builds/git-shared',
16:58:56     INFO -  'HG_SHARE_BASE_DIR': '/builds/hg-shared',
16:58:56     INFO -  'HOME': '/Users/cltbld',
16:58:56     INFO -  'IDLEIZER_DISABLE_SHUTDOWN': 'true',
16:58:56     INFO -  'LOGNAME': 'cltbld',
16:58:56     INFO -  'MOZ_HIDE_RESULTS_TABLE': '1',
16:58:56     INFO -  'MOZ_NODE_PATH': '/usr/local/bin/node',
16:58:56     INFO -  'MOZ_NO_REMOTE': '1',
16:58:56     INFO -  'NO_EM_RESTART': '1',
16:58:56     INFO -  'NO_FAIL_ON_TEST_ERRORS': '1',
16:58:56     INFO -  'PATH': '/usr/local/sbin:/usr/local/bin:/usr/sbin:/usr/bin:/sbin:/bin:/usr/bin/X11',
16:58:56     INFO -  'PROPERTIES_FILE': '/builds/slave/test/buildprops.json',
16:58:56     INFO -  'PWD': '/builds/slave/test',
16:58:56     INFO -  'RUNNER_CONFIG_CMD': '/opt/runner/bin/python2.7 /opt/runner/bin/runner -c /opt/runner/runner.cfg',
16:58:56     INFO -  'SHELL': '/bin/bash',
16:58:56     INFO -  'SSH_AUTH_SOCK': '/private/tmp/com.apple.launchd.HuneRqluoD/Listeners',
16:58:56     INFO -  'TMPDIR': '/var/folders/6j/h2_l2tgj0h5b111_ddr5tl_h00000w/T/',
16:58:56     INFO -  'TWISTD_LOG_PATH': '/builds/slave/twistd.log',
16:58:56     INFO -  'USER': 'cltbld',
16:58:56     INFO -  'VERSIONER_PYTHON_PREFER_32_BIT': 'no',
16:58:56     INFO -  'VERSIONER_PYTHON_VERSION': '2.7',
16:58:56     INFO -  'XPCOM_DEBUG_BREAK': 'warn',
16:58:56     INFO -  'XPC_FLAGS': '0x0',
16:58:56     INFO -  'XPC_SERVICE_NAME': '0',
16:58:56     INFO -  '__CF_USER_TEXT_ENCODING': '0x1C:0:0'}
16:58:57     INFO -  Ignoring indexes: https://pypi.python.org/simple
16:58:57     INFO -  Requirement already satisfied (use --upgrade to upgrade): six==1.10.0 in /builds/slave/test/build/venv/lib/python2.7/site-packages (from -r /builds/slave/test/build/tests/mochitest/websocketprocessbridge/websocketprocessbridge_requirements.txt (line 2))
16:58:57     INFO -  Collecting twisted==10.2.0 (from -r /builds/slave/test/build/tests/mochitest/websocketprocessbridge/websocketprocessbridge_requirements.txt (line 4))
16:58:57     INFO -  /builds/slave/test/build/venv/lib/python2.7/site-packages/pip/_vendor/requests/packages/urllib3/util/ssl_.py:318: SNIMissingWarning: An HTTPS request has been made, but the SNI (Subject Name Indication) extension to TLS is not available on this platform. This may cause the server to present an incorrect TLS certificate, which can cause validation failures. You can upgrade to a newer version of Python to solve this. For more information, see https://urllib3.readthedocs.org/en/latest/security.html#snimissingwarning.
16:58:57     INFO -    SNIMissingWarning
16:58:57     INFO -  /builds/slave/test/build/venv/lib/python2.7/site-packages/pip/_vendor/requests/packages/urllib3/util/ssl_.py:122: InsecurePlatformWarning: A true SSLContext object is not available. This prevents urllib3 from configuring SSL appropriately and may cause certain SSL connections to fail. You can upgrade to a newer version of Python to solve this. For more information, see https://urllib3.readthedocs.org/en/latest/security.html#insecureplatformwarning.
16:58:57     INFO -    InsecurePlatformWarning
16:58:58     INFO -  /builds/slave/test/build/venv/lib/python2.7/site-packages/pip/_vendor/requests/packages/urllib3/util/ssl_.py:122: InsecurePlatformWarning: A true SSLContext object is not available. This prevents urllib3 from configuring SSL appropriately and may cause certain SSL connections to fail. You can upgrade to a newer version of Python to solve this. For more information, see https://urllib3.readthedocs.org/en/latest/security.html#insecureplatformwarning.
16:58:58     INFO -    InsecurePlatformWarning
16:59:00     INFO -  Collecting txws==0.9.1 (from -r /builds/slave/test/build/tests/mochitest/websocketprocessbridge/websocketprocessbridge_requirements.txt (line 7))
16:59:03     INFO -  Requirement already satisfied (use --upgrade to upgrade): psutil==3.1.1 in /builds/slave/test/build/venv/lib/python2.7/site-packages (from -r /builds/slave/test/build/tests/mochitest/websocketprocessbridge/websocketprocessbridge_requirements.txt (line 9))
16:59:03     INFO -  Collecting ipaddr==2.1.11 (from -r /builds/slave/test/build/tests/mochitest/websocketprocessbridge/websocketprocessbridge_requirements.txt (line 12))
16:59:06     INFO -  Collecting passlib==1.6.5 (from -r /builds/slave/test/build/tests/mochitest/websocketprocessbridge/websocketprocessbridge_requirements.txt (line 13))
16:59:08     INFO -    Downloading https://pypi.pvt.build.mozilla.org/pub/passlib-1.6.5-py2.py3-none-any.whl (317kB)
16:59:08     INFO -  Installing collected packages: twisted, txws, ipaddr, passlib
16:59:11     INFO -  Successfully installed ipaddr-2.1.11 passlib-1.6.5 twisted-10.2.0 txws-0.9.1
16:59:11     INFO - Return code: 0
16:59:11     INFO - Installing None into virtualenv /builds/slave/test/build/venv
16:59:12     INFO - retry: Calling run_command with args: [['/builds/slave/test/build/venv/bin/pip', 'install', '--timeout', '120', '-r', '/builds/slave/test/build/tests/mochitest/websocketprocessbridge/websocketprocessbridge_requirements.txt', '--no-index', '--find-links', 'http://pypi.pvt.build.mozilla.org/pub', '--find-links', 'http://pypi.pub.build.mozilla.org/pub', '--trusted-host', 'pypi.pub.build.mozilla.org', '--trusted-host', 'pypi.pvt.build.mozilla.org']], kwargs: {'error_level': 'warning', 'error_list': [{'substr': 'not found or a compiler error:', 'level': 'warning'}, {'regex': <_sre.SRE_Pattern object at 0x100e14170>, 'level': 'error'}, {'regex': <_sre.SRE_Pattern object at 0x100eb6960>, 'level': 'warning'}, {'regex': <_sre.SRE_Pattern object at 0x7fdc79c2ef60>, 'level': 'debug'}, {'substr': 'command not found', 'level': 'error'}, {'regex': <_sre.SRE_Pattern object at 0x100da71d0>, 'level': 'warning'}, {'substr': 'Traceback (most recent call last)', 'level': 'error'}, {'substr': 'SyntaxError: ', 'level': 'error'}, {'substr': 'TypeError: ', 'level': 'error'}, {'substr': 'NameError: ', 'level': 'error'}, {'substr': 'ZeroDivisionError: ', 'level': 'error'}, {'regex': <_sre.SRE_Pattern object at 0x100d82108>, 'level': 'critical'}, {'regex': <_sre.SRE_Pattern object at 0x100d9c030>, 'level': 'critical'}], 'cwd': '/builds/slave/test/build/tests/mochitest/websocketprocessbridge', 'env': {'VERSIONER_PYTHON_PREFER_32_BIT': 'no', 'LOGNAME': 'cltbld', 'USER': 'cltbld', 'XPC_SERVICE_NAME': '0', 'PATH': '/usr/local/sbin:/usr/local/bin:/usr/sbin:/usr/bin:/sbin:/bin:/usr/bin/X11', 'HOME': '/Users/cltbld', 'NO_EM_RESTART': '1', 'IDLEIZER_DISABLE_SHUTDOWN': 'true', 'XPCOM_DEBUG_BREAK': 'warn', 'Apple_PubSub_Socket_Render': '/private/tmp/com.apple.launchd.GD21awncaw/Render', 'MOZ_NODE_PATH': '/usr/local/bin/node', 'TWISTD_LOG_PATH': '/builds/slave/twistd.log', 'GIT_SHARE_BASE_DIR': '/builds/git-shared', 'VERSIONER_PYTHON_VERSION': '2.7', 'XPC_FLAGS': '0x0', 'NO_FAIL_ON_TEST_ERRORS': '1', 'HG_SHARE_BASE_DIR': '/builds/hg-shared', 'RUNNER_CONFIG_CMD': '/opt/runner/bin/python2.7 /opt/runner/bin/runner -c /opt/runner/runner.cfg', 'MOZ_NO_REMOTE': '1', 'MOZ_HIDE_RESULTS_TABLE': '1', 'SSH_AUTH_SOCK': '/private/tmp/com.apple.launchd.HuneRqluoD/Listeners', 'SHELL': '/bin/bash', 'TMPDIR': '/var/folders/6j/h2_l2tgj0h5b111_ddr5tl_h00000w/T/', '__CF_USER_TEXT_ENCODING': '0x1C:0:0', 'PWD': '/builds/slave/test', 'PROPERTIES_FILE': '/builds/slave/test/buildprops.json'}}, attempt #1
16:59:12     INFO - Running command: ['/builds/slave/test/build/venv/bin/pip', 'install', '--timeout', '120', '-r', '/builds/slave/test/build/tests/mochitest/websocketprocessbridge/websocketprocessbridge_requirements.txt', '--no-index', '--find-links', 'http://pypi.pvt.build.mozilla.org/pub', '--find-links', 'http://pypi.pub.build.mozilla.org/pub', '--trusted-host', 'pypi.pub.build.mozilla.org', '--trusted-host', 'pypi.pvt.build.mozilla.org'] in /builds/slave/test/build/tests/mochitest/websocketprocessbridge
16:59:12     INFO - Copy/paste: /builds/slave/test/build/venv/bin/pip install --timeout 120 -r /builds/slave/test/build/tests/mochitest/websocketprocessbridge/websocketprocessbridge_requirements.txt --no-index --find-links http://pypi.pvt.build.mozilla.org/pub --find-links http://pypi.pub.build.mozilla.org/pub --trusted-host pypi.pub.build.mozilla.org --trusted-host pypi.pvt.build.mozilla.org
16:59:12     INFO - Using env: {'Apple_PubSub_Socket_Render': '/private/tmp/com.apple.launchd.GD21awncaw/Render',
16:59:12     INFO -  'GIT_SHARE_BASE_DIR': '/builds/git-shared',
16:59:12     INFO -  'HG_SHARE_BASE_DIR': '/builds/hg-shared',
16:59:12     INFO -  'HOME': '/Users/cltbld',
16:59:12     INFO -  'IDLEIZER_DISABLE_SHUTDOWN': 'true',
16:59:12     INFO -  'LOGNAME': 'cltbld',
16:59:12     INFO -  'MOZ_HIDE_RESULTS_TABLE': '1',
16:59:12     INFO -  'MOZ_NODE_PATH': '/usr/local/bin/node',
16:59:12     INFO -  'MOZ_NO_REMOTE': '1',
16:59:12     INFO -  'NO_EM_RESTART': '1',
16:59:12     INFO -  'NO_FAIL_ON_TEST_ERRORS': '1',
16:59:12     INFO -  'PATH': '/usr/local/sbin:/usr/local/bin:/usr/sbin:/usr/bin:/sbin:/bin:/usr/bin/X11',
16:59:12     INFO -  'PROPERTIES_FILE': '/builds/slave/test/buildprops.json',
16:59:12     INFO -  'PWD': '/builds/slave/test',
16:59:12     INFO -  'RUNNER_CONFIG_CMD': '/opt/runner/bin/python2.7 /opt/runner/bin/runner -c /opt/runner/runner.cfg',
16:59:12     INFO -  'SHELL': '/bin/bash',
16:59:12     INFO -  'SSH_AUTH_SOCK': '/private/tmp/com.apple.launchd.HuneRqluoD/Listeners',
16:59:12     INFO -  'TMPDIR': '/var/folders/6j/h2_l2tgj0h5b111_ddr5tl_h00000w/T/',
16:59:12     INFO -  'TWISTD_LOG_PATH': '/builds/slave/twistd.log',
16:59:12     INFO -  'USER': 'cltbld',
16:59:12     INFO -  'VERSIONER_PYTHON_PREFER_32_BIT': 'no',
16:59:12     INFO -  'VERSIONER_PYTHON_VERSION': '2.7',
16:59:12     INFO -  'XPCOM_DEBUG_BREAK': 'warn',
16:59:12     INFO -  'XPC_FLAGS': '0x0',
16:59:12     INFO -  'XPC_SERVICE_NAME': '0',
16:59:12     INFO -  '__CF_USER_TEXT_ENCODING': '0x1C:0:0'}
16:59:12     INFO -  Ignoring indexes: https://pypi.python.org/simple
16:59:12     INFO -  Requirement already satisfied (use --upgrade to upgrade): six==1.10.0 in /builds/slave/test/build/venv/lib/python2.7/site-packages (from -r /builds/slave/test/build/tests/mochitest/websocketprocessbridge/websocketprocessbridge_requirements.txt (line 2))
16:59:12     INFO -  Requirement already satisfied (use --upgrade to upgrade): twisted==10.2.0 in /builds/slave/test/build/venv/lib/python2.7/site-packages (from -r /builds/slave/test/build/tests/mochitest/websocketprocessbridge/websocketprocessbridge_requirements.txt (line 4))
16:59:12     INFO -  Requirement already satisfied (use --upgrade to upgrade): txws==0.9.1 in /builds/slave/test/build/venv/lib/python2.7/site-packages (from -r /builds/slave/test/build/tests/mochitest/websocketprocessbridge/websocketprocessbridge_requirements.txt (line 7))
16:59:12     INFO -  Requirement already satisfied (use --upgrade to upgrade): psutil==3.1.1 in /builds/slave/test/build/venv/lib/python2.7/site-packages (from -r /builds/slave/test/build/tests/mochitest/websocketprocessbridge/websocketprocessbridge_requirements.txt (line 9))
16:59:12     INFO -  Requirement already satisfied (use --upgrade to upgrade): ipaddr==2.1.11 in /builds/slave/test/build/venv/lib/python2.7/site-packages (from -r /builds/slave/test/build/tests/mochitest/websocketprocessbridge/websocketprocessbridge_requirements.txt (line 12))
16:59:12     INFO -  Requirement already satisfied (use --upgrade to upgrade): passlib==1.6.5 in /builds/slave/test/build/venv/lib/python2.7/site-packages (from -r /builds/slave/test/build/tests/mochitest/websocketprocessbridge/websocketprocessbridge_requirements.txt (line 13))
16:59:12     INFO -  Collecting zope.interface (from twisted==10.2.0->-r /builds/slave/test/build/tests/mochitest/websocketprocessbridge/websocketprocessbridge_requirements.txt (line 4))
16:59:12     INFO -  /builds/slave/test/build/venv/lib/python2.7/site-packages/pip/_vendor/requests/packages/urllib3/util/ssl_.py:318: SNIMissingWarning: An HTTPS request has been made, but the SNI (Subject Name Indication) extension to TLS is not available on this platform. This may cause the server to present an incorrect TLS certificate, which can cause validation failures. You can upgrade to a newer version of Python to solve this. For more information, see https://urllib3.readthedocs.org/en/latest/security.html#snimissingwarning.
16:59:12     INFO -    SNIMissingWarning
16:59:12     INFO -  /builds/slave/test/build/venv/lib/python2.7/site-packages/pip/_vendor/requests/packages/urllib3/util/ssl_.py:122: InsecurePlatformWarning: A true SSLContext object is not available. This prevents urllib3 from configuring SSL appropriately and may cause certain SSL connections to fail. You can upgrade to a newer version of Python to solve this. For more information, see https://urllib3.readthedocs.org/en/latest/security.html#insecureplatformwarning.
16:59:12     INFO -    InsecurePlatformWarning
16:59:13     INFO -  /builds/slave/test/build/venv/lib/python2.7/site-packages/pip/_vendor/requests/packages/urllib3/util/ssl_.py:122: InsecurePlatformWarning: A true SSLContext object is not available. This prevents urllib3 from configuring SSL appropriately and may cause certain SSL connections to fail. You can upgrade to a newer version of Python to solve this. For more information, see https://urllib3.readthedocs.org/en/latest/security.html#insecureplatformwarning.
16:59:13     INFO -    InsecurePlatformWarning
16:59:15     INFO -  Requirement already satisfied (use --upgrade to upgrade): setuptools in /builds/slave/test/build/venv/lib/python2.7/site-packages (from zope.interface->twisted==10.2.0->-r /builds/slave/test/build/tests/mochitest/websocketprocessbridge/websocketprocessbridge_requirements.txt (line 4))
16:59:15     INFO -  Installing collected packages: zope.interface
16:59:15     INFO -  Successfully installed zope.interface-4.0.2
16:59:15     INFO - Return code: 0
16:59:15     INFO - Done creating virtualenv /builds/slave/test/build/venv.
16:59:15     INFO - Getting output from command: ['/builds/slave/test/build/venv/bin/pip', 'freeze']
16:59:15     INFO - Copy/paste: /builds/slave/test/build/venv/bin/pip freeze
16:59:16     INFO - Reading from file tmpfile_stdout
16:59:16     INFO - Reading from file tmpfile_stderr
16:59:16     INFO - Current package versions:
16:59:16     INFO -   Twisted == 10.2.0
16:59:16     INFO -   blessings == 1.6
16:59:16     INFO -   blobuploader == 1.2.4
16:59:16     INFO -   browsermob-proxy == 0.6.0
16:59:16     INFO -   docopt == 0.6.1
16:59:16     INFO -   firefox-puppeteer == 52.1.0
16:59:16     INFO -   functools32 == 3.2.3.post2
16:59:16     INFO -   ipaddr == 2.1.11
16:59:16     INFO -   jsonschema == 2.5.1
16:59:16     INFO -   manifestparser == 1.1
16:59:16     INFO -   marionette-driver == 2.2.0
16:59:16     INFO -   marionette-harness == 4.0.0
16:59:16     INFO -   mock == 1.0.1
16:59:16     INFO -   mozInstall == 1.12
16:59:16     INFO -   mozcrash == 1.0
16:59:16     INFO -   mozdebug == 0.1
16:59:16     INFO -   mozdevice == 0.48
16:59:16     INFO -   mozfile == 1.2
16:59:16     INFO -   mozhttpd == 0.7
16:59:16     INFO -   mozinfo == 0.9
16:59:16     INFO -   mozleak == 0.1
16:59:16     INFO -   mozlog == 3.4
16:59:16     INFO -   moznetwork == 0.27
16:59:16     INFO -   mozprocess == 0.23
16:59:16     INFO -   mozprofile == 0.28
16:59:16     INFO -   mozrunner == 6.13
16:59:16     INFO -   mozscreenshot == 0.1
16:59:16     INFO -   mozsystemmonitor == 0.3
16:59:16     INFO -   moztest == 0.8
16:59:16     INFO -   mozversion == 1.4
16:59:16     INFO -   passlib == 1.6.5
16:59:16     INFO -   psutil == 3.1.1
16:59:16     INFO -   requests == 1.2.3
16:59:16     INFO -   simplejson == 3.3.0
16:59:16     INFO -   six == 1.10.0
16:59:16     INFO -   txWS == 0.9.1
16:59:16     INFO -   vcversioner == 2.16.0.0
16:59:16     INFO -   wptserve == 1.4.0
16:59:16     INFO -   zope.interface == 4.0.2
16:59:16     INFO - Running post-action listener: _resource_record_post_action
16:59:16     INFO - Running post-action listener: _start_resource_monitoring
16:59:16     INFO - Starting resource monitoring.
16:59:16     INFO - [mozharness: 2018-06-08 23:59:16.235991Z] Finished create-virtualenv step (success)
16:59:16     INFO - [mozharness: 2018-06-08 23:59:16.236929Z] Running install step.
16:59:16     INFO - Running pre-action listener: _resource_record_pre_action
16:59:16     INFO - Running main action method: install
16:59:16     INFO - Getting output from command: ['/builds/slave/test/build/venv/bin/pip', 'freeze']
16:59:16     INFO - Copy/paste: /builds/slave/test/build/venv/bin/pip freeze
16:59:16     INFO - Reading from file tmpfile_stdout
16:59:16     INFO - Reading from file tmpfile_stderr
16:59:16     INFO - Detecting whether we're running mozinstall >=1.0...
16:59:16     INFO - Getting output from command: ['/builds/slave/test/build/venv/bin/mozinstall', '-h']
16:59:16     INFO - Copy/paste: /builds/slave/test/build/venv/bin/mozinstall -h
16:59:16     INFO - Reading from file tmpfile_stdout
16:59:16     INFO - Output received:
16:59:16     INFO -  Usage: mozinstall [options] installer
16:59:16     INFO -  Options:
16:59:16     INFO -    -h, --help            show this help message and exit
16:59:16     INFO -    -d DEST, --destination=DEST
16:59:16     INFO -                          Directory to install application into. [default:
16:59:16     INFO -                          "/builds/slave/test"]
16:59:16     INFO -    --app=APP             Application being installed. [default: firefox]
16:59:16     INFO - mkdir: /builds/slave/test/build/application
16:59:16     INFO - Getting output from command: ['/builds/slave/test/build/venv/bin/mozinstall', '/builds/slave/test/installer.dmg', '--destination', '/builds/slave/test/build/application']
16:59:16     INFO - Copy/paste: /builds/slave/test/build/venv/bin/mozinstall /builds/slave/test/installer.dmg --destination /builds/slave/test/build/application
16:59:38     INFO - Reading from file tmpfile_stdout
16:59:38     INFO - Output received:
16:59:38     INFO -  /builds/slave/test/build/application/Firefox.app/Contents/MacOS/firefox
16:59:38     INFO - Running post-action listener: _resource_record_post_action
16:59:38     INFO - [mozharness: 2018-06-08 23:59:38.271898Z] Finished install step (success)
16:59:38     INFO - [mozharness: 2018-06-08 23:59:38.272043Z] Running stage-files step.
16:59:38     INFO - Running pre-action listener: _resource_record_pre_action
16:59:38     INFO - Running main action method: stage_files
16:59:38     INFO - Running post-action listener: _resource_record_post_action
16:59:38     INFO - [mozharness: 2018-06-08 23:59:38.272612Z] Finished stage-files step (success)
16:59:38     INFO - [mozharness: 2018-06-08 23:59:38.272735Z] Running run-tests step.
16:59:38     INFO - Running pre-action listener: _resource_record_pre_action
16:59:38     INFO - Running pre-action listener: _set_gcov_prefix
16:59:38     INFO - Running main action method: run_tests
16:59:38     INFO - #### Running mochitest suites
16:59:38     INFO - Structured output parser in use for mochitest.
16:59:38     INFO - grabbing minidump binary from tooltool
16:59:38     INFO - retry: Calling run_command with args: (['/tools/tooltool.py', '--url', 'https://api.pub.build.mozilla.org/tooltool/', '--authentication-file', '/builds/relengapi.tok', 'fetch', '-m', '/builds/slave/test/build/tests/config/tooltool-manifests/macosx64/releng.manifest', '-o', '-c', '/builds/tooltool_cache'],), kwargs: {'output_timeout': 600, 'error_list': [{'substr': 'command not found', 'level': 'error'}, {'regex': <_sre.SRE_Pattern object at 0x100da71d0>, 'level': 'warning'}, {'substr': 'Traceback (most recent call last)', 'level': 'error'}, {'substr': 'SyntaxError: ', 'level': 'error'}, {'substr': 'TypeError: ', 'level': 'error'}, {'substr': 'NameError: ', 'level': 'error'}, {'substr': 'ZeroDivisionError: ', 'level': 'error'}, {'regex': <_sre.SRE_Pattern object at 0x100d82108>, 'level': 'critical'}, {'regex': <_sre.SRE_Pattern object at 0x100d9c030>, 'level': 'critical'}, {'substr': 'ERROR - ', 'level': 'error'}], 'cwd': '/builds/slave/test/build', 'privileged': False}, attempt #1
16:59:38     INFO - Running command: ['/tools/tooltool.py', '--url', 'https://api.pub.build.mozilla.org/tooltool/', '--authentication-file', '/builds/relengapi.tok', 'fetch', '-m', '/builds/slave/test/build/tests/config/tooltool-manifests/macosx64/releng.manifest', '-o', '-c', '/builds/tooltool_cache'] in /builds/slave/test/build
16:59:38     INFO - Copy/paste: /tools/tooltool.py --url https://api.pub.build.mozilla.org/tooltool/ --authentication-file /builds/relengapi.tok fetch -m /builds/slave/test/build/tests/config/tooltool-manifests/macosx64/releng.manifest -o -c /builds/tooltool_cache
16:59:38     INFO - Calling ['/tools/tooltool.py', '--url', 'https://api.pub.build.mozilla.org/tooltool/', '--authentication-file', '/builds/relengapi.tok', 'fetch', '-m', '/builds/slave/test/build/tests/config/tooltool-manifests/macosx64/releng.manifest', '-o', '-c', '/builds/tooltool_cache'] with output_timeout 600
16:59:38     INFO -  INFO - File macosx64-minidump_stackwalk retrieved from local cache /builds/tooltool_cache
16:59:38     INFO - Return code: 0
16:59:38     INFO - Chmoding /builds/slave/test/build/macosx64-minidump_stackwalk to 0755
16:59:38     INFO - grabbing nodejs binary from tooltool
16:59:38     INFO - retry: Calling run_command with args: (['/tools/tooltool.py', '--url', 'https://api.pub.build.mozilla.org/tooltool/', '--authentication-file', '/builds/relengapi.tok', 'fetch', '-m', '/builds/slave/test/build/tests/config/tooltool-manifests/macosx64/nodejs.manifest', '-o', '-c', '/builds/tooltool_cache'],), kwargs: {'output_timeout': 600, 'error_list': [{'substr': 'command not found', 'level': 'error'}, {'regex': <_sre.SRE_Pattern object at 0x100da71d0>, 'level': 'warning'}, {'substr': 'Traceback (most recent call last)', 'level': 'error'}, {'substr': 'SyntaxError: ', 'level': 'error'}, {'substr': 'TypeError: ', 'level': 'error'}, {'substr': 'NameError: ', 'level': 'error'}, {'substr': 'ZeroDivisionError: ', 'level': 'error'}, {'regex': <_sre.SRE_Pattern object at 0x100d82108>, 'level': 'critical'}, {'regex': <_sre.SRE_Pattern object at 0x100d9c030>, 'level': 'critical'}, {'substr': 'ERROR - ', 'level': 'error'}], 'cwd': '/builds/slave/test/build', 'privileged': False}, attempt #1
16:59:38     INFO - Running command: ['/tools/tooltool.py', '--url', 'https://api.pub.build.mozilla.org/tooltool/', '--authentication-file', '/builds/relengapi.tok', 'fetch', '-m', '/builds/slave/test/build/tests/config/tooltool-manifests/macosx64/nodejs.manifest', '-o', '-c', '/builds/tooltool_cache'] in /builds/slave/test/build
16:59:38     INFO - Copy/paste: /tools/tooltool.py --url https://api.pub.build.mozilla.org/tooltool/ --authentication-file /builds/relengapi.tok fetch -m /builds/slave/test/build/tests/config/tooltool-manifests/macosx64/nodejs.manifest -o -c /builds/tooltool_cache
16:59:38     INFO - Calling ['/tools/tooltool.py', '--url', 'https://api.pub.build.mozilla.org/tooltool/', '--authentication-file', '/builds/relengapi.tok', 'fetch', '-m', '/builds/slave/test/build/tests/config/tooltool-manifests/macosx64/nodejs.manifest', '-o', '-c', '/builds/tooltool_cache'] with output_timeout 600
16:59:38     INFO -  INFO - File node-osx.tar.gz retrieved from local cache /builds/tooltool_cache
16:59:38     INFO -  INFO - untarring "node-osx.tar.gz"
16:59:39     INFO - Return code: 0
16:59:39     INFO - Chmoding /builds/slave/test/build/node-osx/bin/node to 0755
16:59:39     INFO - mkdir: /builds/slave/test/build/blobber_upload_dir
16:59:39     INFO - ENV: MOZ_UPLOAD_DIR is now /builds/slave/test/build/blobber_upload_dir
16:59:39     INFO - ENV: MINIDUMP_STACKWALK is now /builds/slave/test/build/macosx64-minidump_stackwalk
16:59:39     INFO - ENV: MOZ_NODE_PATH is now /builds/slave/test/build/node-osx/bin/node
16:59:39     INFO - ENV: MINIDUMP_SAVE_PATH is now /builds/slave/test/build/blobber_upload_dir
16:59:39     INFO - Running command: ['/builds/slave/test/build/venv/bin/python', '-u', '/builds/slave/test/build/tests/mochitest/runtests.py', '--disable-e10s', '--appname=/builds/slave/test/build/application/Firefox.app/Contents/MacOS/firefox', '--utility-path=tests/bin', '--extra-profile-file=tests/bin/plugins', '--symbols-path=https://queue.taskcluster.net/v1/task/HHn8t6C8SBmHWYIFt5uc2A/artifacts/public/build/firefox-52.8.2.en-US.mac.crashreporter-symbols.zip', '--certificate-path=tests/certs', '--quiet', '--log-raw=/builds/slave/test/build/blobber_upload_dir/chrome-clipboard_raw.log', '--log-errorsummary=/builds/slave/test/build/blobber_upload_dir/chrome-clipboard_errorsummary.log', '--screenshot-on-fail', '--cleanup-crashes', '--log-raw=-', '--flavor=chrome', '--subsuite=clipboard'] in /builds/slave/test/build
16:59:39     INFO - Copy/paste: /builds/slave/test/build/venv/bin/python -u /builds/slave/test/build/tests/mochitest/runtests.py --disable-e10s --appname=/builds/slave/test/build/application/Firefox.app/Contents/MacOS/firefox --utility-path=tests/bin --extra-profile-file=tests/bin/plugins --symbols-path=https://queue.taskcluster.net/v1/task/HHn8t6C8SBmHWYIFt5uc2A/artifacts/public/build/firefox-52.8.2.en-US.mac.crashreporter-symbols.zip --certificate-path=tests/certs --quiet --log-raw=/builds/slave/test/build/blobber_upload_dir/chrome-clipboard_raw.log --log-errorsummary=/builds/slave/test/build/blobber_upload_dir/chrome-clipboard_errorsummary.log --screenshot-on-fail --cleanup-crashes --log-raw=- --flavor=chrome --subsuite=clipboard
16:59:39     INFO - Using env: {'Apple_PubSub_Socket_Render': '/private/tmp/com.apple.launchd.GD21awncaw/Render',
16:59:39     INFO -  'GIT_SHARE_BASE_DIR': '/builds/git-shared',
16:59:39     INFO -  'HG_SHARE_BASE_DIR': '/builds/hg-shared',
16:59:39     INFO -  'HOME': '/Users/cltbld',
16:59:39     INFO -  'IDLEIZER_DISABLE_SHUTDOWN': 'true',
16:59:39     INFO -  'LOGNAME': 'cltbld',
16:59:39     INFO -  'MINIDUMP_SAVE_PATH': '/builds/slave/test/build/blobber_upload_dir',
16:59:39     INFO -  'MINIDUMP_STACKWALK': '/builds/slave/test/build/macosx64-minidump_stackwalk',
16:59:39     INFO -  'MOZ_HIDE_RESULTS_TABLE': '1',
16:59:39     INFO -  'MOZ_NODE_PATH': '/builds/slave/test/build/node-osx/bin/node',
16:59:39     INFO -  'MOZ_NO_REMOTE': '1',
16:59:39     INFO -  'MOZ_UPLOAD_DIR': '/builds/slave/test/build/blobber_upload_dir',
16:59:39     INFO -  'NO_EM_RESTART': '1',
16:59:39     INFO -  'NO_FAIL_ON_TEST_ERRORS': '1',
16:59:39     INFO -  'PATH': '/builds/slave/test/build/venv/bin:/usr/local/sbin:/usr/local/bin:/usr/sbin:/usr/bin:/sbin:/bin:/usr/bin/X11',
16:59:39     INFO -  'PROPERTIES_FILE': '/builds/slave/test/buildprops.json',
16:59:39     INFO -  'PWD': '/builds/slave/test',
16:59:39     INFO -  'RUNNER_CONFIG_CMD': '/opt/runner/bin/python2.7 /opt/runner/bin/runner -c /opt/runner/runner.cfg',
16:59:39     INFO -  'SHELL': '/bin/bash',
16:59:39     INFO -  'SSH_AUTH_SOCK': '/private/tmp/com.apple.launchd.HuneRqluoD/Listeners',
16:59:39     INFO -  'TMPDIR': '/var/folders/6j/h2_l2tgj0h5b111_ddr5tl_h00000w/T/',
16:59:39     INFO -  'TWISTD_LOG_PATH': '/builds/slave/twistd.log',
16:59:39     INFO -  'USER': 'cltbld',
16:59:39     INFO -  'VERSIONER_PYTHON_PREFER_32_BIT': 'no',
16:59:39     INFO -  'VERSIONER_PYTHON_VERSION': '2.7',
16:59:39     INFO -  'XPCOM_DEBUG_BREAK': 'warn',
16:59:39     INFO -  'XPC_FLAGS': '0x0',
16:59:39     INFO -  'XPC_SERVICE_NAME': '0',
16:59:39     INFO -  '__CF_USER_TEXT_ENCODING': '0x1C:0:0'}
16:59:39     INFO - Calling ['/builds/slave/test/build/venv/bin/python', '-u', '/builds/slave/test/build/tests/mochitest/runtests.py', '--disable-e10s', '--appname=/builds/slave/test/build/application/Firefox.app/Contents/MacOS/firefox', '--utility-path=tests/bin', '--extra-profile-file=tests/bin/plugins', '--symbols-path=https://queue.taskcluster.net/v1/task/HHn8t6C8SBmHWYIFt5uc2A/artifacts/public/build/firefox-52.8.2.en-US.mac.crashreporter-symbols.zip', '--certificate-path=tests/certs', '--quiet', '--log-raw=/builds/slave/test/build/blobber_upload_dir/chrome-clipboard_raw.log', '--log-errorsummary=/builds/slave/test/build/blobber_upload_dir/chrome-clipboard_errorsummary.log', '--screenshot-on-fail', '--cleanup-crashes', '--log-raw=-', '--flavor=chrome', '--subsuite=clipboard'] with output_timeout 1000
16:59:40     INFO - Checking for orphan ssltunnel processes...
16:59:40     INFO - Checking for orphan xpcshell processes...
16:59:40     INFO - mozcrash Removed pending crash reports at '/Users/cltbld/Library/Application Support/firefox/Crash Reports'
16:59:40     INFO - SUITE-START | Running 14 tests
16:59:40     INFO -  dir: dom/base/test
16:59:40     INFO -  mozprofile.addons WARNING | Could not install /builds/slave/test/build/tests/mochitest/extensions/mozscreenshots: [Errno 2] No such file or directory: '/builds/slave/test/build/tests/mochitest/extensions/mozscreenshots/install.rdf'
16:59:40     INFO -  pk12util: PKCS12 IMPORT SUCCESSFUL
16:59:40     INFO - MochitestServer : launching [u'/builds/slave/test/build/tests/bin/xpcshell', '-g', '/builds/slave/test/build/application/Firefox.app/Contents/Resources', '-v', '170', '-f', '/builds/slave/test/build/tests/bin/components/httpd.js', '-e', "const _PROFILE_PATH = '/var/folders/6j/h2_l2tgj0h5b111_ddr5tl_h00000w/T/tmpHVt7L4.mozrunner'; const _SERVER_PORT = '8888'; const _SERVER_ADDR = '127.0.0.1'; const _TEST_PREFIX = undefined; const _DISPLAY_RESULTS = false;", '-f', '/builds/slave/test/build/tests/mochitest/server.js']
16:59:40     INFO - runtests.py | Server pid: 1572
16:59:40     INFO - runtests.py | Websocket server pid: 1573
16:59:40     INFO - runtests.py | SSL tunnel pid: 1574
16:59:40     INFO - runtests.py | Running with e10s: False
16:59:40     INFO - runtests.py | Running tests: start.
16:59:40     INFO - 
16:59:40     INFO - Application command: /builds/slave/test/build/application/Firefox.app/Contents/MacOS/firefox -marionette -foreground -profile /var/folders/6j/h2_l2tgj0h5b111_ddr5tl_h00000w/T/tmpHVt7L4.mozrunner
16:59:41     INFO - runtests.py | Application pid: 1575
16:59:41     INFO - TEST-INFO | started process Main app process
16:59:42     INFO - 1528502382446	Marionette	INFO	Listening on port 2828
16:59:44     INFO - SimpleTest START
16:59:44     INFO - TEST-START | dom/base/test/test_copypaste.xul
16:59:45     INFO - MEMORY STAT vsizeMaxContiguous not supported in this build configuration.
16:59:45     INFO - MEMORY STAT | vsize 4022MB | residentFast 265MB | heapAllocated 134MB
16:59:45     INFO - TEST-OK | dom/base/test/test_copypaste.xul | took 1046ms
16:59:45     INFO - TEST-START | Shutdown
16:59:45     INFO - Passed:  2
16:59:45     INFO - Failed:  0
16:59:45     INFO - Todo:    0
16:59:45     INFO - Mode:    non-e10s
16:59:45     INFO - Slowest: 1046ms - chrome://mochitests/content/chrome/dom/base/test/test_copypaste.xul
16:59:45     INFO - SimpleTest FINISHED
16:59:45     INFO - TEST-INFO | Ran 1 Loops
16:59:45     INFO - SimpleTest FINISHED
16:59:45     INFO - -*- PresentationControlService.js: PresentationControlService - close
16:59:46     INFO - TEST-INFO | Main app process: exit 0
16:59:46     INFO - runtests.py | Application ran for: 0:00:05.287446
16:59:46     INFO - zombiecheck | Reading PID log: /var/folders/6j/h2_l2tgj0h5b111_ddr5tl_h00000w/T/tmpCuB2rlpidlog
16:59:46     INFO - Stopping web server
16:59:46     INFO - Stopping web socket server
16:59:46     INFO - Stopping ssltunnel
16:59:46  WARNING - leakcheck | refcount logging is off, so leaks can't be detected!
16:59:46     INFO - runtests.py | Running tests: end.
16:59:46     INFO - Buffered messages finished
16:59:46     INFO -  dir: toolkit/components/aboutmemory/tests
16:59:46     INFO -  mozprofile.addons WARNING | Could not install /builds/slave/test/build/tests/mochitest/extensions/mozscreenshots: [Errno 2] No such file or directory: '/builds/slave/test/build/tests/mochitest/extensions/mozscreenshots/install.rdf'
16:59:46     INFO -  pk12util: PKCS12 IMPORT SUCCESSFUL
16:59:46     INFO - MochitestServer : launching [u'/builds/slave/test/build/tests/bin/xpcshell', '-g', '/builds/slave/test/build/application/Firefox.app/Contents/Resources', '-v', '170', '-f', '/builds/slave/test/build/tests/bin/components/httpd.js', '-e', "const _PROFILE_PATH = '/var/folders/6j/h2_l2tgj0h5b111_ddr5tl_h00000w/T/tmpYzukBs.mozrunner'; const _SERVER_PORT = '8888'; const _SERVER_ADDR = '127.0.0.1'; const _TEST_PREFIX = undefined; const _DISPLAY_RESULTS = false;", '-f', '/builds/slave/test/build/tests/mochitest/server.js']
16:59:46     INFO - runtests.py | Server pid: 1585
16:59:46     INFO - runtests.py | Websocket server pid: 1586
16:59:46     INFO - runtests.py | SSL tunnel pid: 1587
16:59:46     INFO - runtests.py | Running with e10s: False
16:59:46     INFO - runtests.py | Running tests: start.
16:59:46     INFO - 
16:59:46     INFO - Application command: /builds/slave/test/build/application/Firefox.app/Contents/MacOS/firefox -marionette -foreground -profile /var/folders/6j/h2_l2tgj0h5b111_ddr5tl_h00000w/T/tmpYzukBs.mozrunner
16:59:46     INFO - runtests.py | Application pid: 1588
16:59:46     INFO - TEST-INFO | started process Main app process
16:59:48     INFO - 1528502388158	Marionette	INFO	Listening on port 2828
16:59:49     INFO - SimpleTest START
16:59:49     INFO - TEST-START | toolkit/components/aboutmemory/tests/test_aboutmemory.xul
16:59:51     INFO - MEMORY STAT vsizeMaxContiguous not supported in this build configuration.
16:59:51     INFO - MEMORY STAT | vsize 4033MB | residentFast 266MB | heapAllocated 140MB
16:59:51     INFO - TEST-OK | toolkit/components/aboutmemory/tests/test_aboutmemory.xul | took 1544ms
16:59:51     INFO - TEST-START | toolkit/components/aboutmemory/tests/test_aboutmemory2.xul
16:59:51     INFO - MEMORY STAT | vsize 4041MB | residentFast 275MB | heapAllocated 143MB
16:59:51     INFO - TEST-OK | toolkit/components/aboutmemory/tests/test_aboutmemory2.xul | took 242ms
16:59:51     INFO - TEST-START | toolkit/components/aboutmemory/tests/test_aboutmemory3.xul
16:59:52     INFO - MEMORY STAT | vsize 4048MB | residentFast 282MB | heapAllocated 147MB
16:59:52     INFO - TEST-OK | toolkit/components/aboutmemory/tests/test_aboutmemory3.xul | took 836ms
16:59:52     INFO - TEST-START | toolkit/components/aboutmemory/tests/test_aboutmemory4.xul
16:59:52     INFO - MEMORY STAT | vsize 4051MB | residentFast 286MB | heapAllocated 149MB
16:59:52     INFO - TEST-OK | toolkit/components/aboutmemory/tests/test_aboutmemory4.xul | took 264ms
16:59:52     INFO - TEST-START | toolkit/components/aboutmemory/tests/test_aboutmemory5.xul
16:59:53     INFO - 2018-06-08 16:59:53.955 plugin-container[1589:11244] *** CFMessagePort: bootstrap_register(): failed 1100 (0x44c) 'Permission denied', port = 0x8b33, name = 'com.apple.tsm.portname'
16:59:53     INFO - See /usr/include/servers/bootstrap_defs.h for the error codes.
16:59:53     INFO - 2018-06-08 16:59:53.956 plugin-container[1589:11244] *** CFMessagePort: bootstrap_register(): failed 1100 (0x44c) 'Permission denied', port = 0x910b, name = 'com.apple.CFPasteboardClient'
16:59:53     INFO - See /usr/include/servers/bootstrap_defs.h for the error codes.
16:59:53     INFO - 2018-06-08 16:59:53.956 plugin-container[1589:11244] Failed to allocate communication port for com.apple.CFPasteboardClient; this is likely due to sandbox restrictions
16:59:53     INFO - 2018-06-08 16:59:53.960 plugin-container[1591:11264] *** CFMessagePort: bootstrap_register(): failed 1100 (0x44c) 'Permission denied', port = 0x4c47, name = 'com.apple.tsm.portname'
16:59:53     INFO - See /usr/include/servers/bootstrap_defs.h for the error codes.
16:59:53     INFO - 2018-06-08 16:59:53.961 plugin-container[1591:11264] *** CFMessagePort: bootstrap_register(): failed 1100 (0x44c) 'Permission denied', port = 0x9017, name = 'com.apple.CFPasteboardClient'
16:59:53     INFO - See /usr/include/servers/bootstrap_defs.h for the error codes.
16:59:53     INFO - 2018-06-08 16:59:53.963 plugin-container[1591:11264] Failed to allocate communication port for com.apple.CFPasteboardClient; this is likely due to sandbox restrictions
16:59:54     INFO - 2018-06-08 16:59:54.036 plugin-container[1590:11254] *** CFMessagePort: bootstrap_register(): failed 1100 (0x44c) 'Permission denied', port = 0x8c43, name = 'com.apple.tsm.portname'
16:59:54     INFO - See /usr/include/servers/bootstrap_defs.h for the error codes.
16:59:54     INFO - 2018-06-08 16:59:54.037 plugin-container[1590:11254] *** CFMessagePort: bootstrap_register(): failed 1100 (0x44c) 'Permission denied', port = 0x8d0f, name = 'com.apple.CFPasteboardClient'
16:59:54     INFO - See /usr/include/servers/bootstrap_defs.h for the error codes.
16:59:54     INFO - 2018-06-08 16:59:54.037 plugin-container[1590:11254] Failed to allocate communication port for com.apple.CFPasteboardClient; this is likely due to sandbox restrictions
16:59:55     INFO - MEMORY STAT | vsize 4136MB | residentFast 359MB | heapAllocated 206MB
16:59:55     INFO - TEST-OK | toolkit/components/aboutmemory/tests/test_aboutmemory5.xul | took 2294ms
16:59:55     INFO - TEST-START | Shutdown
16:59:55     INFO - Passed:  24
16:59:55     INFO - Failed:  0
16:59:55     INFO - Todo:    0
16:59:55     INFO - Mode:    non-e10s
16:59:55     INFO - Slowest: 2294ms - chrome://mochitests/content/chrome/toolkit/components/aboutmemory/tests/test_aboutmemory5.xul
16:59:55     INFO - SimpleTest FINISHED
16:59:55     INFO - TEST-INFO | Ran 1 Loops
16:59:55     INFO - SimpleTest FINISHED
16:59:55     INFO - -*- PresentationControlService.js: PresentationControlService - close
16:59:56     INFO - TEST-INFO | Main app process: exit 0
16:59:56     INFO - runtests.py | Application ran for: 0:00:09.561734
16:59:56     INFO - zombiecheck | Reading PID log: /var/folders/6j/h2_l2tgj0h5b111_ddr5tl_h00000w/T/tmp0wOkPKpidlog
16:59:56     INFO - ==> process 1588 launched child process 1589
16:59:56     INFO - ==> process 1588 launched child process 1590
16:59:56     INFO - ==> process 1588 launched child process 1591
16:59:56     INFO - zombiecheck | Checking for orphan process with PID: 1589
16:59:56     INFO - zombiecheck | Checking for orphan process with PID: 1590
16:59:56     INFO - zombiecheck | Checking for orphan process with PID: 1591
16:59:56     INFO - Stopping web server
16:59:56     INFO - Stopping web socket server
16:59:56     INFO - Stopping ssltunnel
16:59:56  WARNING - leakcheck | refcount logging is off, so leaks can't be detected!
16:59:56     INFO - runtests.py | Running tests: end.
16:59:56     INFO - Buffered messages finished
16:59:56     INFO -  dir: toolkit/content/tests/chrome
16:59:56     INFO -  mozprofile.addons WARNING | Could not install /builds/slave/test/build/tests/mochitest/extensions/mozscreenshots: [Errno 2] No such file or directory: '/builds/slave/test/build/tests/mochitest/extensions/mozscreenshots/install.rdf'
16:59:56     INFO -  pk12util: PKCS12 IMPORT SUCCESSFUL
16:59:56     INFO - MochitestServer : launching [u'/builds/slave/test/build/tests/bin/xpcshell', '-g', '/builds/slave/test/build/application/Firefox.app/Contents/Resources', '-v', '170', '-f', '/builds/slave/test/build/tests/bin/components/httpd.js', '-e', "const _PROFILE_PATH = '/var/folders/6j/h2_l2tgj0h5b111_ddr5tl_h00000w/T/tmp1AQ4H7.mozrunner'; const _SERVER_PORT = '8888'; const _SERVER_ADDR = '127.0.0.1'; const _TEST_PREFIX = undefined; const _DISPLAY_RESULTS = false;", '-f', '/builds/slave/test/build/tests/mochitest/server.js']
16:59:56     INFO - runtests.py | Server pid: 1599
16:59:56     INFO - runtests.py | Websocket server pid: 1600
16:59:56     INFO - runtests.py | SSL tunnel pid: 1601
16:59:56     INFO - runtests.py | Running with e10s: False
16:59:56     INFO - runtests.py | Running tests: start.
16:59:56     INFO - 
16:59:56     INFO - Application command: /builds/slave/test/build/application/Firefox.app/Contents/MacOS/firefox -marionette -foreground -profile /var/folders/6j/h2_l2tgj0h5b111_ddr5tl_h00000w/T/tmp1AQ4H7.mozrunner
16:59:56     INFO - runtests.py | Application pid: 1602
16:59:56     INFO - TEST-INFO | started process Main app process
16:59:58     INFO - 1528502398230	Marionette	INFO	Listening on port 2828
17:00:00     INFO - SimpleTest START
17:00:00     INFO - TEST-START | toolkit/content/tests/chrome/test_autocomplete_delayOnPaste.xul
17:00:02     INFO - MEMORY STAT vsizeMaxContiguous not supported in this build configuration.
17:00:02     INFO - MEMORY STAT | vsize 4005MB | residentFast 254MB | heapAllocated 129MB
17:00:02     INFO - TEST-OK | toolkit/content/tests/chrome/test_autocomplete_delayOnPaste.xul | took 2092ms
17:00:02     INFO - TEST-START | toolkit/content/tests/chrome/test_bug253481.xul
17:00:02     INFO - MEMORY STAT | vsize 4012MB | residentFast 260MB | heapAllocated 132MB
17:00:02     INFO - TEST-OK | toolkit/content/tests/chrome/test_bug253481.xul | took 84ms
17:00:02     INFO - TEST-START | toolkit/content/tests/chrome/test_findbar.xul
17:00:03     INFO - 2018-06-08 17:00:03.025 plugin-container[1609:11762] *** CFMessagePort: bootstrap_register(): failed 1100 (0x44c) 'Permission denied', port = 0x4443, name = 'com.apple.tsm.portname'
17:00:03     INFO - See /usr/include/servers/bootstrap_defs.h for the error codes.
17:00:03     INFO - 2018-06-08 17:00:03.026 plugin-container[1609:11762] *** CFMessagePort: bootstrap_register(): failed 1100 (0x44c) 'Permission denied', port = 0x8c1f, name = 'com.apple.CFPasteboardClient'
17:00:03     INFO - See /usr/include/servers/bootstrap_defs.h for the error codes.
17:00:03     INFO - 2018-06-08 17:00:03.026 plugin-container[1609:11762] Failed to allocate communication port for com.apple.CFPasteboardClient; this is likely due to sandbox restrictions
17:00:45     INFO - MEMORY STAT | vsize 4227MB | residentFast 292MB | heapAllocated 89MB
17:00:45     INFO - TEST-OK | toolkit/content/tests/chrome/test_findbar.xul | took 43486ms
17:00:45     INFO - TEST-START | Shutdown
17:00:45     INFO - Passed:  216
17:00:45     INFO - Failed:  0
17:00:45     INFO - Todo:    0
17:00:45     INFO - Mode:    non-e10s
17:00:45     INFO - Slowest: 43486ms - chrome://mochitests/content/chrome/toolkit/content/tests/chrome/test_findbar.xul
17:00:45     INFO - SimpleTest FINISHED
17:00:45     INFO - TEST-INFO | Ran 1 Loops
17:00:45     INFO - SimpleTest FINISHED
17:00:46     INFO - -*- PresentationControlService.js: PresentationControlService - close
17:00:46     INFO - TEST-INFO | Main app process: exit 0
17:00:46     INFO - runtests.py | Application ran for: 0:00:49.955245
17:00:46     INFO - zombiecheck | Reading PID log: /var/folders/6j/h2_l2tgj0h5b111_ddr5tl_h00000w/T/tmp98zCibpidlog
17:00:46     INFO - ==> process 1602 launched child process 1609
17:00:46     INFO - zombiecheck | Checking for orphan process with PID: 1609
17:00:46     INFO - Stopping web server
17:00:46     INFO - Stopping web socket server
17:00:46     INFO - Stopping ssltunnel
17:00:46  WARNING - leakcheck | refcount logging is off, so leaks can't be detected!
17:00:46     INFO - runtests.py | Running tests: end.
17:00:46     INFO - Buffered messages finished
17:00:46     INFO -  dir: widget/tests
17:00:46     INFO -  mozprofile.addons WARNING | Could not install /builds/slave/test/build/tests/mochitest/extensions/mozscreenshots: [Errno 2] No such file or directory: '/builds/slave/test/build/tests/mochitest/extensions/mozscreenshots/install.rdf'
17:00:47     INFO -  pk12util: PKCS12 IMPORT SUCCESSFUL
17:00:47     INFO - MochitestServer : launching [u'/builds/slave/test/build/tests/bin/xpcshell', '-g', '/builds/slave/test/build/application/Firefox.app/Contents/Resources', '-v', '170', '-f', '/builds/slave/test/build/tests/bin/components/httpd.js', '-e', "const _PROFILE_PATH = '/var/folders/6j/h2_l2tgj0h5b111_ddr5tl_h00000w/T/tmpXxYkK6.mozrunner'; const _SERVER_PORT = '8888'; const _SERVER_ADDR = '127.0.0.1'; const _TEST_PREFIX = undefined; const _DISPLAY_RESULTS = false;", '-f', '/builds/slave/test/build/tests/mochitest/server.js']
17:00:47     INFO - runtests.py | Server pid: 1617
17:00:47     INFO - runtests.py | Websocket server pid: 1618
17:00:47     INFO - runtests.py | SSL tunnel pid: 1619
17:00:47     INFO - runtests.py | Running with e10s: False
17:00:47     INFO - runtests.py | Running tests: start.
17:00:47     INFO - 
17:00:47     INFO - Application command: /builds/slave/test/build/application/Firefox.app/Contents/MacOS/firefox -marionette -foreground -profile /var/folders/6j/h2_l2tgj0h5b111_ddr5tl_h00000w/T/tmpXxYkK6.mozrunner
17:00:47     INFO - runtests.py | Application pid: 1620
17:00:47     INFO - TEST-INFO | started process Main app process
17:00:48     INFO - 1528502448802	Marionette	INFO	Listening on port 2828
17:00:50     INFO - SimpleTest START
17:00:50     INFO - TEST-START | widget/tests/test_bug1123480.xul
17:00:52     INFO - MEMORY STAT vsizeMaxContiguous not supported in this build configuration.
17:00:52     INFO - MEMORY STAT | vsize 4027MB | residentFast 271MB | heapAllocated 141MB
17:00:52     INFO - TEST-OK | widget/tests/test_bug1123480.xul | took 1278ms
17:00:53     INFO - TEST-START | widget/tests/test_bug444800.xul
17:00:53     INFO - MEMORY STAT | vsize 4039MB | residentFast 278MB | heapAllocated 137MB
17:00:53     INFO - TEST-OK | widget/tests/test_bug444800.xul | took 44ms
17:00:53     INFO - TEST-START | widget/tests/test_bug466599.xul
17:00:53     INFO - MEMORY STAT | vsize 4039MB | residentFast 279MB | heapAllocated 138MB
17:00:53     INFO - TEST-OK | widget/tests/test_bug466599.xul | took 46ms
17:00:53     INFO - TEST-START | widget/tests/test_bug673301.xul
17:00:53     INFO - MEMORY STAT | vsize 4040MB | residentFast 280MB | heapAllocated 139MB
17:00:53     INFO - TEST-OK | widget/tests/test_bug673301.xul | took 28ms
17:00:53     INFO - TEST-START | widget/tests/test_clipboard.xul
17:00:53     INFO - MEMORY STAT | vsize 4040MB | residentFast 281MB | heapAllocated 140MB
17:00:53     INFO - TEST-OK | widget/tests/test_clipboard.xul | took 26ms
17:00:53     INFO - TEST-START | Shutdown
17:00:53     INFO - Passed:  23
17:00:53     INFO - Failed:  0
17:00:53     INFO - Todo:    0
17:00:53     INFO - Mode:    non-e10s
17:00:53     INFO - Slowest: 1278ms - chrome://mochitests/content/chrome/widget/tests/test_bug1123480.xul
17:00:53     INFO - SimpleTest FINISHED
17:00:53     INFO - TEST-INFO | Ran 1 Loops
17:00:53     INFO - SimpleTest FINISHED
17:00:53     INFO - -*- PresentationControlService.js: PresentationControlService - close
17:00:54     INFO - TEST-INFO | Main app process: exit 0
17:00:54     INFO - runtests.py | Application ran for: 0:00:06.842943
17:00:54     INFO - zombiecheck | Reading PID log: /var/folders/6j/h2_l2tgj0h5b111_ddr5tl_h00000w/T/tmp0AMGejpidlog
17:00:54     INFO - Stopping web server
17:00:54     INFO - Stopping web socket server
17:00:54     INFO - Stopping ssltunnel
17:00:54  WARNING - leakcheck | refcount logging is off, so leaks can't be detected!
17:00:54     INFO - runtests.py | Running tests: end.
17:00:54     INFO - Buffered messages finished
17:00:54     INFO -  0 INFO TEST-START | Shutdown
17:00:54     INFO -  1 INFO Passed:  265
17:00:54     INFO -  2 INFO Failed:  0
17:00:54     INFO -  3 INFO Todo:    0
17:00:54     INFO -  4 INFO Mode:    non-e10s
17:00:54     INFO -  5 INFO SimpleTest FINISHED
17:00:54     INFO - Buffered messages finished
17:00:54     INFO - SUITE-END | took 73s
17:00:54     INFO - Return code: 0
17:00:54     INFO - TinderboxPrint: mochitest-chrome-clipboard<br/>14/0/0
17:00:54  WARNING - # TBPL SUCCESS #
17:00:54  WARNING - The mochitest suite: chrome-clipboard ran with return status: SUCCESS
17:00:54     INFO - Structured output parser in use for mochitest.
17:00:54     INFO - ENV: MOZ_UPLOAD_DIR is now /builds/slave/test/build/blobber_upload_dir
17:00:54     INFO - ENV: MINIDUMP_STACKWALK is now /builds/slave/test/build/macosx64-minidump_stackwalk
17:00:54     INFO - ENV: MOZ_NODE_PATH is now /builds/slave/test/build/node-osx/bin/node
17:00:54     INFO - ENV: MINIDUMP_SAVE_PATH is now /builds/slave/test/build/blobber_upload_dir
17:00:54     INFO - Running command: ['/builds/slave/test/build/venv/bin/python', '-u', '/builds/slave/test/build/tests/mochitest/runtests.py', '--disable-e10s', '--appname=/builds/slave/test/build/application/Firefox.app/Contents/MacOS/firefox', '--utility-path=tests/bin', '--extra-profile-file=tests/bin/plugins', '--symbols-path=https://queue.taskcluster.net/v1/task/HHn8t6C8SBmHWYIFt5uc2A/artifacts/public/build/firefox-52.8.2.en-US.mac.crashreporter-symbols.zip', '--certificate-path=tests/certs', '--quiet', '--log-raw=/builds/slave/test/build/blobber_upload_dir/browser-chrome-clipboard_raw.log', '--log-errorsummary=/builds/slave/test/build/blobber_upload_dir/browser-chrome-clipboard_errorsummary.log', '--screenshot-on-fail', '--cleanup-crashes', '--log-raw=-', '--flavor=browser', '--subsuite=clipboard'] in /builds/slave/test/build
17:00:54     INFO - Copy/paste: /builds/slave/test/build/venv/bin/python -u /builds/slave/test/build/tests/mochitest/runtests.py --disable-e10s --appname=/builds/slave/test/build/application/Firefox.app/Contents/MacOS/firefox --utility-path=tests/bin --extra-profile-file=tests/bin/plugins --symbols-path=https://queue.taskcluster.net/v1/task/HHn8t6C8SBmHWYIFt5uc2A/artifacts/public/build/firefox-52.8.2.en-US.mac.crashreporter-symbols.zip --certificate-path=tests/certs --quiet --log-raw=/builds/slave/test/build/blobber_upload_dir/browser-chrome-clipboard_raw.log --log-errorsummary=/builds/slave/test/build/blobber_upload_dir/browser-chrome-clipboard_errorsummary.log --screenshot-on-fail --cleanup-crashes --log-raw=- --flavor=browser --subsuite=clipboard
17:00:54     INFO - Using env: {'Apple_PubSub_Socket_Render': '/private/tmp/com.apple.launchd.GD21awncaw/Render',
17:00:54     INFO -  'GIT_SHARE_BASE_DIR': '/builds/git-shared',
17:00:54     INFO -  'HG_SHARE_BASE_DIR': '/builds/hg-shared',
17:00:54     INFO -  'HOME': '/Users/cltbld',
17:00:54     INFO -  'IDLEIZER_DISABLE_SHUTDOWN': 'true',
17:00:54     INFO -  'LOGNAME': 'cltbld',
17:00:54     INFO -  'MINIDUMP_SAVE_PATH': '/builds/slave/test/build/blobber_upload_dir',
17:00:54     INFO -  'MINIDUMP_STACKWALK': '/builds/slave/test/build/macosx64-minidump_stackwalk',
17:00:54     INFO -  'MOZ_HIDE_RESULTS_TABLE': '1',
17:00:54     INFO -  'MOZ_NODE_PATH': '/builds/slave/test/build/node-osx/bin/node',
17:00:54     INFO -  'MOZ_NO_REMOTE': '1',
17:00:54     INFO -  'MOZ_UPLOAD_DIR': '/builds/slave/test/build/blobber_upload_dir',
17:00:54     INFO -  'NO_EM_RESTART': '1',
17:00:54     INFO -  'NO_FAIL_ON_TEST_ERRORS': '1',
17:00:54     INFO -  'PATH': '/builds/slave/test/build/venv/bin:/usr/local/sbin:/usr/local/bin:/usr/sbin:/usr/bin:/sbin:/bin:/usr/bin/X11',
17:00:54     INFO -  'PROPERTIES_FILE': '/builds/slave/test/buildprops.json',
17:00:54     INFO -  'PWD': '/builds/slave/test',
17:00:54     INFO -  'RUNNER_CONFIG_CMD': '/opt/runner/bin/python2.7 /opt/runner/bin/runner -c /opt/runner/runner.cfg',
17:00:54     INFO -  'SHELL': '/bin/bash',
17:00:54     INFO -  'SSH_AUTH_SOCK': '/private/tmp/com.apple.launchd.HuneRqluoD/Listeners',
17:00:54     INFO -  'TMPDIR': '/var/folders/6j/h2_l2tgj0h5b111_ddr5tl_h00000w/T/',
17:00:54     INFO -  'TWISTD_LOG_PATH': '/builds/slave/twistd.log',
17:00:54     INFO -  'USER': 'cltbld',
17:00:54     INFO -  'VERSIONER_PYTHON_PREFER_32_BIT': 'no',
17:00:54     INFO -  'VERSIONER_PYTHON_VERSION': '2.7',
17:00:54     INFO -  'XPCOM_DEBUG_BREAK': 'warn',
17:00:54     INFO -  'XPC_FLAGS': '0x0',
17:00:54     INFO -  'XPC_SERVICE_NAME': '0',
17:00:54     INFO -  '__CF_USER_TEXT_ENCODING': '0x1C:0:0'}
17:00:54     INFO - Calling ['/builds/slave/test/build/venv/bin/python', '-u', '/builds/slave/test/build/tests/mochitest/runtests.py', '--disable-e10s', '--appname=/builds/slave/test/build/application/Firefox.app/Contents/MacOS/firefox', '--utility-path=tests/bin', '--extra-profile-file=tests/bin/plugins', '--symbols-path=https://queue.taskcluster.net/v1/task/HHn8t6C8SBmHWYIFt5uc2A/artifacts/public/build/firefox-52.8.2.en-US.mac.crashreporter-symbols.zip', '--certificate-path=tests/certs', '--quiet', '--log-raw=/builds/slave/test/build/blobber_upload_dir/browser-chrome-clipboard_raw.log', '--log-errorsummary=/builds/slave/test/build/blobber_upload_dir/browser-chrome-clipboard_errorsummary.log', '--screenshot-on-fail', '--cleanup-crashes', '--log-raw=-', '--flavor=browser', '--subsuite=clipboard'] with output_timeout 1000
17:00:54     INFO - Checking for orphan ssltunnel processes...
17:00:54     INFO - Checking for orphan xpcshell processes...
17:00:54     INFO - mozcrash Removed pending crash reports at '/Users/cltbld/Library/Application Support/firefox/Crash Reports'
17:00:54     INFO - SUITE-START | Running 63 tests
17:00:54     INFO - TEST-START | browser/base/content/test/general/browser_bug321000.js
17:00:54     INFO - TEST-SKIP | browser/base/content/test/general/browser_bug321000.js | took 0ms
17:00:54     INFO -  dir: browser/base/content/test/general
17:00:54     INFO -  mozprofile.addons WARNING | Could not install /builds/slave/test/build/tests/mochitest/extensions/mozscreenshots: [Errno 2] No such file or directory: '/builds/slave/test/build/tests/mochitest/extensions/mozscreenshots/install.rdf'
17:00:55     INFO -  pk12util: PKCS12 IMPORT SUCCESSFUL
17:00:55     INFO - MochitestServer : launching [u'/builds/slave/test/build/tests/bin/xpcshell', '-g', '/builds/slave/test/build/application/Firefox.app/Contents/Resources', '-v', '170', '-f', '/builds/slave/test/build/tests/bin/components/httpd.js', '-e', "const _PROFILE_PATH = '/var/folders/6j/h2_l2tgj0h5b111_ddr5tl_h00000w/T/tmpVpvd_c.mozrunner'; const _SERVER_PORT = '8888'; const _SERVER_ADDR = '127.0.0.1'; const _TEST_PREFIX = undefined; const _DISPLAY_RESULTS = false;", '-f', '/builds/slave/test/build/tests/mochitest/server.js']
17:00:55     INFO - runtests.py | Server pid: 1636
17:00:55     INFO - runtests.py | Websocket server pid: 1637
17:00:55     INFO - runtests.py | SSL tunnel pid: 1638
17:00:55     INFO - runtests.py | Running with e10s: False
17:00:55     INFO - runtests.py | Running tests: start.
17:00:55     INFO - 
17:00:55     INFO - Application command: /builds/slave/test/build/application/Firefox.app/Contents/MacOS/firefox -marionette -foreground -profile /var/folders/6j/h2_l2tgj0h5b111_ddr5tl_h00000w/T/tmpVpvd_c.mozrunner
17:00:55     INFO - runtests.py | Application pid: 1639
17:00:55     INFO - TEST-INFO | started process Main app process
17:00:56     INFO - 1528502456808	Marionette	INFO	Listening on port 2828
17:00:58     INFO - *** Start BrowserChrome Test Results ***
17:00:58     INFO - checking window state
17:00:58     INFO - TEST-START | browser/base/content/test/general/browser_bug1261299.js
17:00:59     INFO - MEMORY STAT vsizeMaxContiguous not supported in this build configuration.
17:00:59     INFO - MEMORY STAT | vsize 4061MB | residentFast 300MB | heapAllocated 150MB
17:00:59     INFO - TEST-OK | browser/base/content/test/general/browser_bug1261299.js | took 690ms
17:00:59     INFO - checking window state
17:00:59     INFO - TEST-START | browser/base/content/test/general/browser_bug537013.js
17:01:00     INFO - MEMORY STAT | vsize 4129MB | residentFast 363MB | heapAllocated 192MB
17:01:00     INFO - TEST-OK | browser/base/content/test/general/browser_bug537013.js | took 1336ms
17:01:00     INFO - checking window state
17:01:00     INFO - TEST-START | browser/base/content/test/general/browser_bug567306.js
17:01:01     INFO - MEMORY STAT | vsize 4173MB | residentFast 401MB | heapAllocated 212MB
17:01:01     INFO - TEST-OK | browser/base/content/test/general/browser_bug567306.js | took 538ms
17:01:01     INFO - checking window state
17:01:01     INFO - TEST-START | browser/base/content/test/general/browser_clipboard.js
17:01:01     INFO - MEMORY STAT | vsize 4186MB | residentFast 424MB | heapAllocated 220MB
17:01:01     INFO - TEST-OK | browser/base/content/test/general/browser_clipboard.js | took 424ms
17:01:02     INFO - checking window state
17:01:02     INFO - TEST-START | browser/base/content/test/general/browser_contextmenu.js
17:01:05     INFO - MEMORY STAT | vsize 4465MB | residentFast 502MB | heapAllocated 249MB
17:01:05     INFO - TEST-OK | browser/base/content/test/general/browser_contextmenu.js | took 3132ms
17:01:05     INFO - checking window state
17:01:05     INFO - TEST-START | browser/base/content/test/general/browser_middleMouse_noJSPaste.js
17:01:05     INFO - MEMORY STAT | vsize 4450MB | residentFast 506MB | heapAllocated 209MB
17:01:05     INFO - TEST-OK | browser/base/content/test/general/browser_middleMouse_noJSPaste.js | took 444ms
17:01:05     INFO - checking window state
17:01:09     INFO - Completed ShutdownLeaks collections in process 1639
17:01:09     INFO - TEST-START | Shutdown
17:01:09     INFO - Browser Chrome Test Summary
17:01:09     INFO - Passed:  2144
17:01:09     INFO - Failed:  0
17:01:09     INFO - Todo:    7
17:01:09     INFO - Mode:    non-e10s
17:01:09     INFO - *** End BrowserChrome Test Results ***
17:01:09     INFO - -*- PresentationControlService.js: PresentationControlService - close
17:01:09     INFO - TEST-INFO | Main app process: exit 0
17:01:09     INFO - runtests.py | Application ran for: 0:00:14.698941
17:01:09     INFO - zombiecheck | Reading PID log: /var/folders/6j/h2_l2tgj0h5b111_ddr5tl_h00000w/T/tmp8ogcrqpidlog
17:01:09     INFO - Stopping web server
17:01:09     INFO - Stopping web socket server
17:01:10     INFO - Stopping ssltunnel
17:01:10  WARNING - leakcheck | refcount logging is off, so leaks can't be detected!
17:01:10     INFO - runtests.py | Running tests: end.
17:01:10     INFO - Buffered messages finished
17:01:10     INFO -  dir: browser/base/content/test/newtab
17:01:10     INFO -  mozprofile.addons WARNING | Could not install /builds/slave/test/build/tests/mochitest/extensions/mozscreenshots: [Errno 2] No such file or directory: '/builds/slave/test/build/tests/mochitest/extensions/mozscreenshots/install.rdf'
17:01:10     INFO -  pk12util: PKCS12 IMPORT SUCCESSFUL
17:01:10     INFO - MochitestServer : launching [u'/builds/slave/test/build/tests/bin/xpcshell', '-g', '/builds/slave/test/build/application/Firefox.app/Contents/Resources', '-v', '170', '-f', '/builds/slave/test/build/tests/bin/components/httpd.js', '-e', "const _PROFILE_PATH = '/var/folders/6j/h2_l2tgj0h5b111_ddr5tl_h00000w/T/tmpS9ZkOJ.mozrunner'; const _SERVER_PORT = '8888'; const _SERVER_ADDR = '127.0.0.1'; const _TEST_PREFIX = undefined; const _DISPLAY_RESULTS = false;", '-f', '/builds/slave/test/build/tests/mochitest/server.js']
17:01:10     INFO - runtests.py | Server pid: 1647
17:01:10     INFO - runtests.py | Websocket server pid: 1648
17:01:10     INFO - runtests.py | SSL tunnel pid: 1649
17:01:10     INFO - runtests.py | Running with e10s: False
17:01:10     INFO - runtests.py | Running tests: start.
17:01:10     INFO - 
17:01:10     INFO - Application command: /builds/slave/test/build/application/Firefox.app/Contents/MacOS/firefox -marionette -foreground -profile /var/folders/6j/h2_l2tgj0h5b111_ddr5tl_h00000w/T/tmpS9ZkOJ.mozrunner
17:01:10     INFO - runtests.py | Application pid: 1650
17:01:10     INFO - TEST-INFO | started process Main app process
17:01:11     INFO - 1528502471846	Marionette	INFO	Listening on port 2828
17:01:13     INFO - *** Start BrowserChrome Test Results ***
17:01:13     INFO - checking window state
17:01:13     INFO - TEST-START | browser/base/content/test/newtab/browser_newtab_drag_drop_ext.js
17:01:17     INFO - MEMORY STAT vsizeMaxContiguous not supported in this build configuration.
17:01:17     INFO - MEMORY STAT | vsize 4115MB | residentFast 351MB | heapAllocated 174MB
17:01:17     INFO - TEST-OK | browser/base/content/test/newtab/browser_newtab_drag_drop_ext.js | took 3126ms
17:01:17     INFO - checking window state
17:01:17     INFO - TEST-START | browser/base/content/test/newtab/browser_newtab_undo.js
17:01:19     INFO - MEMORY STAT | vsize 4121MB | residentFast 363MB | heapAllocated 182MB
17:01:19     INFO - TEST-OK | browser/base/content/test/newtab/browser_newtab_undo.js | took 2074ms
17:01:19     INFO - checking window state
17:01:22     INFO - Completed ShutdownLeaks collections in process 1650
17:01:22     INFO - TEST-START | Shutdown
17:01:22     INFO - Browser Chrome Test Summary
17:01:22     INFO - Passed:  15
17:01:22     INFO - Failed:  0
17:01:22     INFO - Todo:    0
17:01:22     INFO - Mode:    non-e10s
17:01:22     INFO - *** End BrowserChrome Test Results ***
17:01:22     INFO - -*- PresentationControlService.js: PresentationControlService - close
17:01:23     INFO - TEST-INFO | Main app process: exit 0
17:01:23     INFO - runtests.py | Application ran for: 0:00:12.478457
17:01:23     INFO - zombiecheck | Reading PID log: /var/folders/6j/h2_l2tgj0h5b111_ddr5tl_h00000w/T/tmphoOTsapidlog
17:01:23     INFO - Stopping web server
17:01:23     INFO - Stopping web socket server
17:01:23     INFO - Stopping ssltunnel
17:01:23  WARNING - leakcheck | refcount logging is off, so leaks can't be detected!
17:01:23     INFO - runtests.py | Running tests: end.
17:01:23     INFO - Buffered messages finished
17:01:23     INFO -  dir: browser/base/content/test/urlbar
17:01:23     INFO -  mozprofile.addons WARNING | Could not install /builds/slave/test/build/tests/mochitest/extensions/mozscreenshots: [Errno 2] No such file or directory: '/builds/slave/test/build/tests/mochitest/extensions/mozscreenshots/install.rdf'
17:01:23     INFO -  pk12util: PKCS12 IMPORT SUCCESSFUL
17:01:23     INFO - MochitestServer : launching [u'/builds/slave/test/build/tests/bin/xpcshell', '-g', '/builds/slave/test/build/application/Firefox.app/Contents/Resources', '-v', '170', '-f', '/builds/slave/test/build/tests/bin/components/httpd.js', '-e', "const _PROFILE_PATH = '/var/folders/6j/h2_l2tgj0h5b111_ddr5tl_h00000w/T/tmpjGabMz.mozrunner'; const _SERVER_PORT = '8888'; const _SERVER_ADDR = '127.0.0.1'; const _TEST_PREFIX = undefined; const _DISPLAY_RESULTS = false;", '-f', '/builds/slave/test/build/tests/mochitest/server.js']
17:01:23     INFO - runtests.py | Server pid: 1657
17:01:23     INFO - runtests.py | Websocket server pid: 1658
17:01:23     INFO - runtests.py | SSL tunnel pid: 1659
17:01:23     INFO - runtests.py | Running with e10s: False
17:01:23     INFO - runtests.py | Running tests: start.
17:01:23     INFO - 
17:01:23     INFO - Application command: /builds/slave/test/build/application/Firefox.app/Contents/MacOS/firefox -marionette -foreground -profile /var/folders/6j/h2_l2tgj0h5b111_ddr5tl_h00000w/T/tmpjGabMz.mozrunner
17:01:23     INFO - runtests.py | Application pid: 1660
17:01:23     INFO - TEST-INFO | started process Main app process
17:01:25     INFO - 1528502485072	Marionette	INFO	Listening on port 2828
17:01:27     INFO - *** Start BrowserChrome Test Results ***
17:01:27     INFO - checking window state
17:01:27     INFO - TEST-START | browser/base/content/test/urlbar/browser_bug556061.js
17:01:27     INFO - MEMORY STAT vsizeMaxContiguous not supported in this build configuration.
17:01:27     INFO - MEMORY STAT | vsize 4019MB | residentFast 251MB | heapAllocated 128MB
17:01:27     INFO - TEST-OK | browser/base/content/test/urlbar/browser_bug556061.js | took 108ms
17:01:27     INFO - checking window state
17:01:27     INFO - TEST-START | browser/base/content/test/urlbar/browser_removeUnsafeProtocolsFromURLBarPaste.js
17:01:27     INFO - MEMORY STAT | vsize 4032MB | residentFast 262MB | heapAllocated 135MB
17:01:27     INFO - TEST-OK | browser/base/content/test/urlbar/browser_removeUnsafeProtocolsFromURLBarPaste.js | took 306ms
17:01:27     INFO - checking window state
17:01:27     INFO - TEST-START | browser/base/content/test/urlbar/browser_urlbarCopying.js
17:01:28     INFO - MEMORY STAT | vsize 4076MB | residentFast 312MB | heapAllocated 157MB
17:01:28     INFO - TEST-OK | browser/base/content/test/urlbar/browser_urlbarCopying.js | took 1070ms
17:01:28     INFO - checking window state
17:01:28     INFO - TEST-START | browser/base/content/test/urlbar/browser_urlbarTrimURLs.js
17:01:29     INFO - MEMORY STAT | vsize 4088MB | residentFast 324MB | heapAllocated 169MB
17:01:29     INFO - TEST-OK | browser/base/content/test/urlbar/browser_urlbarTrimURLs.js | took 282ms
17:01:29     INFO - checking window state
17:01:29     INFO - TEST-START | browser/base/content/test/urlbar/browser_wyciwyg_urlbarCopying.js
17:01:29     INFO - MEMORY STAT | vsize 4095MB | residentFast 334MB | heapAllocated 173MB
17:01:29     INFO - TEST-OK | browser/base/content/test/urlbar/browser_wyciwyg_urlbarCopying.js | took 300ms
17:01:29     INFO - checking window state
17:01:32     INFO - Completed ShutdownLeaks collections in process 1660
17:01:32     INFO - TEST-START | Shutdown
17:01:32     INFO - Browser Chrome Test Summary
17:01:32     INFO - Passed:  117
17:01:32     INFO - Failed:  0
17:01:32     INFO - Todo:    0
17:01:32     INFO - Mode:    non-e10s
17:01:32     INFO - *** End BrowserChrome Test Results ***
17:01:32     INFO - -*- PresentationControlService.js: PresentationControlService - close
17:01:33     INFO - TEST-INFO | Main app process: exit 0
17:01:33     INFO - runtests.py | Application ran for: 0:00:09.440645
17:01:33     INFO - zombiecheck | Reading PID log: /var/folders/6j/h2_l2tgj0h5b111_ddr5tl_h00000w/T/tmp5mnOVMpidlog
17:01:33     INFO - Stopping web server
17:01:33     INFO - Stopping web socket server
17:01:33     INFO - Stopping ssltunnel
17:01:33  WARNING - leakcheck | refcount logging is off, so leaks can't be detected!
17:01:33     INFO - runtests.py | Running tests: end.
17:01:33     INFO - Buffered messages finished
17:01:33     INFO -  dir: browser/components/customizableui/test
17:01:33     INFO -  mozprofile.addons WARNING | Could not install /builds/slave/test/build/tests/mochitest/extensions/mozscreenshots: [Errno 2] No such file or directory: '/builds/slave/test/build/tests/mochitest/extensions/mozscreenshots/install.rdf'
17:01:33     INFO -  pk12util: PKCS12 IMPORT SUCCESSFUL
17:01:33     INFO - MochitestServer : launching [u'/builds/slave/test/build/tests/bin/xpcshell', '-g', '/builds/slave/test/build/application/Firefox.app/Contents/Resources', '-v', '170', '-f', '/builds/slave/test/build/tests/bin/components/httpd.js', '-e', "const _PROFILE_PATH = '/var/folders/6j/h2_l2tgj0h5b111_ddr5tl_h00000w/T/tmpBhZXT2.mozrunner'; const _SERVER_PORT = '8888'; const _SERVER_ADDR = '127.0.0.1'; const _TEST_PREFIX = undefined; const _DISPLAY_RESULTS = false;", '-f', '/builds/slave/test/build/tests/mochitest/server.js']
17:01:33     INFO - runtests.py | Server pid: 1667
17:01:33     INFO - runtests.py | Websocket server pid: 1668
17:01:33     INFO - runtests.py | SSL tunnel pid: 1669
17:01:33     INFO - runtests.py | Running with e10s: False
17:01:33     INFO - runtests.py | Running tests: start.
17:01:33     INFO - 
17:01:33     INFO - Application command: /builds/slave/test/build/application/Firefox.app/Contents/MacOS/firefox -marionette -foreground -profile /var/folders/6j/h2_l2tgj0h5b111_ddr5tl_h00000w/T/tmpBhZXT2.mozrunner
17:01:33     INFO - runtests.py | Application pid: 1670
17:01:33     INFO - TEST-INFO | started process Main app process
17:01:34     INFO - 1528502494810	Marionette	INFO	Listening on port 2828
17:01:36     INFO - *** Start BrowserChrome Test Results ***
17:01:36     INFO - checking window state
17:01:37     INFO - TEST-START | browser/components/customizableui/test/browser_947914_button_copy.js
17:01:37     INFO - MEMORY STAT vsizeMaxContiguous not supported in this build configuration.
17:01:37     INFO - MEMORY STAT | vsize 4035MB | residentFast 264MB | heapAllocated 135MB
17:01:37     INFO - TEST-OK | browser/components/customizableui/test/browser_947914_button_copy.js | took 520ms
17:01:37     INFO - checking window state
17:01:37     INFO - TEST-START | browser/components/customizableui/test/browser_947914_button_cut.js
17:01:37     INFO - MEMORY STAT | vsize 4040MB | residentFast 271MB | heapAllocated 138MB
17:01:37     INFO - TEST-OK | browser/components/customizableui/test/browser_947914_button_cut.js | took 332ms
17:01:37     INFO - checking window state
17:01:37     INFO - TEST-START | browser/components/customizableui/test/browser_947914_button_paste.js
17:01:38     INFO - MEMORY STAT | vsize 4042MB | residentFast 274MB | heapAllocated 143MB
17:01:38     INFO - TEST-OK | browser/components/customizableui/test/browser_947914_button_paste.js | took 366ms
17:01:38     INFO - checking window state
17:01:40     INFO - Completed ShutdownLeaks collections in process 1670
17:01:40     INFO - TEST-START | Shutdown
17:01:40     INFO - Browser Chrome Test Summary
17:01:40     INFO - Passed:  13
17:01:40     INFO - Failed:  0
17:01:40     INFO - Todo:    0
17:01:40     INFO - Mode:    non-e10s
17:01:40     INFO - *** End BrowserChrome Test Results ***
17:01:41     INFO - -*- PresentationControlService.js: PresentationControlService - close
17:01:41     INFO - TEST-INFO | Main app process: exit 0
17:01:41     INFO - runtests.py | Application ran for: 0:00:08.066180
17:01:41     INFO - zombiecheck | Reading PID log: /var/folders/6j/h2_l2tgj0h5b111_ddr5tl_h00000w/T/tmpnOMC8vpidlog
17:01:41     INFO - Stopping web server
17:01:41     INFO - Stopping web socket server
17:01:41     INFO - Stopping ssltunnel
17:01:41  WARNING - leakcheck | refcount logging is off, so leaks can't be detected!
17:01:41     INFO - runtests.py | Running tests: end.
17:01:41     INFO - Buffered messages finished
17:01:41     INFO -  dir: browser/components/places/tests/browser
17:01:41     INFO -  mozprofile.addons WARNING | Could not install /builds/slave/test/build/tests/mochitest/extensions/mozscreenshots: [Errno 2] No such file or directory: '/builds/slave/test/build/tests/mochitest/extensions/mozscreenshots/install.rdf'
17:01:41     INFO -  pk12util: PKCS12 IMPORT SUCCESSFUL
17:01:42     INFO - MochitestServer : launching [u'/builds/slave/test/build/tests/bin/xpcshell', '-g', '/builds/slave/test/build/application/Firefox.app/Contents/Resources', '-v', '170', '-f', '/builds/slave/test/build/tests/bin/components/httpd.js', '-e', "const _PROFILE_PATH = '/var/folders/6j/h2_l2tgj0h5b111_ddr5tl_h00000w/T/tmpuIt2AN.mozrunner'; const _SERVER_PORT = '8888'; const _SERVER_ADDR = '127.0.0.1'; const _TEST_PREFIX = undefined; const _DISPLAY_RESULTS = false;", '-f', '/builds/slave/test/build/tests/mochitest/server.js']
17:01:42     INFO - runtests.py | Server pid: 1678
17:01:42     INFO - runtests.py | Websocket server pid: 1679
17:01:42     INFO - runtests.py | SSL tunnel pid: 1680
17:01:42     INFO - runtests.py | Running with e10s: False
17:01:42     INFO - runtests.py | Running tests: start.
17:01:42     INFO - 
17:01:42     INFO - Application command: /builds/slave/test/build/application/Firefox.app/Contents/MacOS/firefox -marionette -foreground -profile /var/folders/6j/h2_l2tgj0h5b111_ddr5tl_h00000w/T/tmpuIt2AN.mozrunner
17:01:42     INFO - runtests.py | Application pid: 1681
17:01:42     INFO - TEST-INFO | started process Main app process

command interrupted, attempting to kill

command interrupted, attempting to kill
process killed by signal 9
program finished with exit code -1
elapsedTime=263.653245
The web-page 'stop build' button was pressed by 'rvandermeulen@mozilla.com': Cancelled via self-serve
The web-page 'stop build' button was pressed by 'rvandermeulen@mozilla.com': Cancelled via self-serve
========= master_lag: 0.04 =========
========= Finished '/tools/buildbot/bin/python -u ...' interrupted (results: 4, elapsed: 4 mins, 23 secs) (at 2018-06-08 17:01:42.814117) =========

========= Started set props: build_url (results: 0, elapsed: 0 secs) (at 2018-06-08 17:01:42.822058) =========
bash -c 'for file in `ls -1`; do cat $file; done'
 in dir /builds/slave/test/properties (timeout 1200 secs)
 watching logfiles {}
 argv: ['bash', '-c', 'for file in `ls -1`; do cat $file; done']
 environment:
  Apple_PubSub_Socket_Render=/private/tmp/com.apple.launchd.GD21awncaw/Render
  GIT_SHARE_BASE_DIR=/builds/git-shared
  HG_SHARE_BASE_DIR=/builds/hg-shared
  HOME=/Users/cltbld
  IDLEIZER_DISABLE_SHUTDOWN=true
  LOGNAME=cltbld
  PATH=/usr/local/sbin:/usr/local/bin:/usr/sbin:/usr/bin:/sbin:/bin:/usr/bin/X11
  PWD=/builds/slave/test/properties
  RUNNER_CONFIG_CMD=/opt/runner/bin/python2.7 /opt/runner/bin/runner -c /opt/runner/runner.cfg
  SHELL=/bin/bash
  SSH_AUTH_SOCK=/private/tmp/com.apple.launchd.HuneRqluoD/Listeners
  TMPDIR=/var/folders/6j/h2_l2tgj0h5b111_ddr5tl_h00000w/T/
  TWISTD_LOG_PATH=/builds/slave/twistd.log
  USER=cltbld
  VERSIONER_PYTHON_PREFER_32_BIT=no
  VERSIONER_PYTHON_VERSION=2.7
  XPC_FLAGS=0x0
  XPC_SERVICE_NAME=0
  __CF_USER_TEXT_ENCODING=0x1C:0:0
 using PTY: False
build_url:https://queue.taskcluster.net/v1/task/HHn8t6C8SBmHWYIFt5uc2A/artifacts/public/build/firefox-52.8.2.en-US.mac.dmg
program finished with exit code 0
elapsedTime=0.011482
build_url: 'https://queue.taskcluster.net/v1/task/HHn8t6C8SBmHWYIFt5uc2A/artifacts/public/build/firefox-52.8.2.en-US.mac.dmg'
========= master_lag: 0.01 =========
========= Finished set props: build_url (results: 0, elapsed: 0 secs) (at 2018-06-08 17:01:42.845672) =========

========= Started 'rm -f ...' (results: 0, elapsed: 0 secs) (at 2018-06-08 17:01:42.846003) =========
rm -f oauth.txt
 in dir /builds/slave/test/. (timeout 1200 secs)
 watching logfiles {}
 argv: ['rm', '-f', 'oauth.txt']
 environment:
  Apple_PubSub_Socket_Render=/private/tmp/com.apple.launchd.GD21awncaw/Render
  GIT_SHARE_BASE_DIR=/builds/git-shared
  HG_SHARE_BASE_DIR=/builds/hg-shared
  HOME=/Users/cltbld
  IDLEIZER_DISABLE_SHUTDOWN=true
  LOGNAME=cltbld
  PATH=/usr/local/sbin:/usr/local/bin:/usr/sbin:/usr/bin:/sbin:/bin:/usr/bin/X11
  PWD=/builds/slave/test
  RUNNER_CONFIG_CMD=/opt/runner/bin/python2.7 /opt/runner/bin/runner -c /opt/runner/runner.cfg
  SHELL=/bin/bash
  SSH_AUTH_SOCK=/private/tmp/com.apple.launchd.HuneRqluoD/Listeners
  TMPDIR=/var/folders/6j/h2_l2tgj0h5b111_ddr5tl_h00000w/T/
  TWISTD_LOG_PATH=/builds/slave/twistd.log
  USER=cltbld
  VERSIONER_PYTHON_PREFER_32_BIT=no
  VERSIONER_PYTHON_VERSION=2.7
  XPC_FLAGS=0x0
  XPC_SERVICE_NAME=0
  __CF_USER_TEXT_ENCODING=0x1C:0:0
 using PTY: False
program finished with exit code 0
elapsedTime=0.005766
========= master_lag: 0.04 =========
========= Finished 'rm -f ...' (results: 0, elapsed: 0 secs) (at 2018-06-08 17:01:42.895882) =========

========= Started reboot skipped (results: 3, elapsed: 0 secs) (at 2018-06-08 17:01:42.896201) =========
========= Finished reboot skipped (results: 3, elapsed: 0 secs) (at 2018-06-08 17:01:42.896479) =========

========= Total master_lag: 0.15 =========

