builder: mozilla-esr52_win8_64_test_pgo-web-platform-tests-1
slave: t-w864-ix-040
starttime: 1528502359.13
results: cancelled (6)
buildid: 20180608150819
builduid: b298b373e93d4f8dbf92436c9ed838a2
revision: cbfdf01aac455e0591471201c96b89dee98190b5

========= Started set props: master (results: 0, elapsed: 0 secs) (at 2018-06-08 16:59:19.133796) =========
master: http://buildbot-master111.bb.releng.scl3.mozilla.com:8201/
========= Finished set props: master (results: 0, elapsed: 0 secs) (at 2018-06-08 16:59:19.134390) =========

========= Started downloading to buildprops.json (results: 0, elapsed: 0 secs) (at 2018-06-08 16:59:19.134723) =========
========= Finished downloading to buildprops.json (results: 0, elapsed: 0 secs) (at 2018-06-08 16:59:19.208917) =========

========= Started 'bash -c ...' (results: 0, elapsed: 2 secs) (at 2018-06-08 16:59:19.209358) =========
'bash' '-c' 'wget -Oarchiver_client.py --no-check-certificate --tries=10 --waitretry=3 https://hg.mozilla.org/build/tools/raw-file/default/buildfarm/utils/archiver_client.py'
 in dir C:\slave\test\. (timeout 1200 secs)
 watching logfiles {}
 argv: ['bash', '-c', 'wget -Oarchiver_client.py --no-check-certificate --tries=10 --waitretry=3 https://hg.mozilla.org/build/tools/raw-file/default/buildfarm/utils/archiver_client.py']
 environment:
  ALLUSERSPROFILE=C:\ProgramData
  APPDATA=C:\Users\cltbld.T-W864-IX-040.001\AppData\Roaming
  COMMONPROGRAMFILES=C:\Program Files (x86)\Common Files
  COMMONPROGRAMFILES(X86)=C:\Program Files (x86)\Common Files
  COMMONPROGRAMW6432=C:\Program Files\Common Files
  COMPUTERNAME=T-W864-IX-040
  COMSPEC=C:\windows\system32\cmd.exe
  DCLOCATION=SCL3
  DNSSUFFIX=wintest.releng.scl3.mozilla.com
  FP_NO_HOST_CHECK=NO
  HOMEDRIVE=C:
  HOMEPATH=\Users\cltbld.T-W864-IX-040.001
  KTS_HOME=C:\Program Files\KTS
  KTS_VERSION=1.19c
  LOCALAPPDATA=C:\Users\cltbld.T-W864-IX-040.001\AppData\Local
  LOGONSERVER=\\T-W864-IX-040
  MONDIR=C:\Monitor_config\
  MOZBUILDDIR=C:\mozilla-build\
  NUMBER_OF_PROCESSORS=8
  OS=Windows_NT
  OURDRIVE=C:
  PATH=C:\Program Files (x86)\NVIDIA Corporation\PhysX\Common;C:\windows\system32;C:\windows;C:\windows\System32\Wbem;C:\windows\System32\WindowsPowerShell\v1.0\;C:\mozilla-build\python27;C:\mozilla-build\python27\Scripts;C:\mozilla-build\msys\bin;C:\mozilla-build\vim\vim72;C:\mozilla-build\wget;C:\mozilla-build\info-zip;C:\CoreUtils\bin;C:\mozilla-build\buildbotve\scripts;C:\mozilla-build\hg
  PATHEXT=.COM;.EXE;.BAT;.CMD;.VBS;.VBE;.JS;.JSE;.WSF;.WSH;.MSC
  PROCESSOR_ARCHITECTURE=x86
  PROCESSOR_ARCHITEW6432=AMD64
  PROCESSOR_IDENTIFIER=Intel64 Family 6 Model 30 Stepping 5, GenuineIntel
  PROCESSOR_LEVEL=6
  PROCESSOR_REVISION=1e05
  PROGRAMDATA=C:\ProgramData
  PROGRAMFILES=C:\Program Files (x86)
  PROGRAMFILES(X86)=C:\Program Files (x86)
  PROGRAMW6432=C:\Program Files
  PROMPT=$P$G
  PSMODULEPATH=C:\windows\system32\WindowsPowerShell\v1.0\Modules\
  PUBLIC=C:\Users\Public
  PWD=C:\slave\test
  RUNLOGFILE=C:\slave\\runslave.log
  SLAVEDIR=C:\slave\
  SYSTEMDRIVE=C:
  SYSTEMROOT=C:\windows
  TEMP=C:\Users\CLTBLD~1.001\AppData\Local\Temp
  TEST1=testie
  TMP=C:\Users\CLTBLD~1.001\AppData\Local\Temp
  USERDOMAIN=T-W864-IX-040
  USERDOMAIN_ROAMINGPROFILE=T-W864-IX-040
  USERNAME=cltbld
  USERPROFILE=C:\Users\cltbld.T-W864-IX-040.001
  WINDIR=C:\windows
 using PTY: False
--16:59:21--  https://hg.mozilla.org/build/tools/raw-file/default/buildfarm/utils/archiver_client.py
           => `archiver_client.py'
Resolving hg.mozilla.org... 63.245.215.25, 63.245.215.102
Connecting to hg.mozilla.org|63.245.215.25|:443... connected.
WARNING: Certificate verification error for hg.mozilla.org: certificate signature failure
HTTP request sent, awaiting response... 200 Script output follows
Length: 12,179 (12K) [text/x-python]

    0K .......... .                                          100%   22.37 MB/s

16:59:22 (22.37 MB/s) - `archiver_client.py' saved [12179/12179]

program finished with exit code 0
elapsedTime=2.050000
========= master_lag: 0.06 =========
========= Finished 'bash -c ...' (results: 0, elapsed: 2 secs) (at 2018-06-08 16:59:21.317518) =========

========= Started 'rm -rf ...' (results: 0, elapsed: 4 secs) (at 2018-06-08 16:59:21.317841) =========
'rm' '-rf' 'scripts' 'properties'
 in dir C:\slave\test\. (timeout 1200 secs)
 watching logfiles {}
 argv: ['rm', '-rf', 'scripts', 'properties']
 environment:
  ALLUSERSPROFILE=C:\ProgramData
  APPDATA=C:\Users\cltbld.T-W864-IX-040.001\AppData\Roaming
  COMMONPROGRAMFILES=C:\Program Files (x86)\Common Files
  COMMONPROGRAMFILES(X86)=C:\Program Files (x86)\Common Files
  COMMONPROGRAMW6432=C:\Program Files\Common Files
  COMPUTERNAME=T-W864-IX-040
  COMSPEC=C:\windows\system32\cmd.exe
  DCLOCATION=SCL3
  DNSSUFFIX=wintest.releng.scl3.mozilla.com
  FP_NO_HOST_CHECK=NO
  HOMEDRIVE=C:
  HOMEPATH=\Users\cltbld.T-W864-IX-040.001
  KTS_HOME=C:\Program Files\KTS
  KTS_VERSION=1.19c
  LOCALAPPDATA=C:\Users\cltbld.T-W864-IX-040.001\AppData\Local
  LOGONSERVER=\\T-W864-IX-040
  MONDIR=C:\Monitor_config\
  MOZBUILDDIR=C:\mozilla-build\
  NUMBER_OF_PROCESSORS=8
  OS=Windows_NT
  OURDRIVE=C:
  PATH=C:\Program Files (x86)\NVIDIA Corporation\PhysX\Common;C:\windows\system32;C:\windows;C:\windows\System32\Wbem;C:\windows\System32\WindowsPowerShell\v1.0\;C:\mozilla-build\python27;C:\mozilla-build\python27\Scripts;C:\mozilla-build\msys\bin;C:\mozilla-build\vim\vim72;C:\mozilla-build\wget;C:\mozilla-build\info-zip;C:\CoreUtils\bin;C:\mozilla-build\buildbotve\scripts;C:\mozilla-build\hg
  PATHEXT=.COM;.EXE;.BAT;.CMD;.VBS;.VBE;.JS;.JSE;.WSF;.WSH;.MSC
  PROCESSOR_ARCHITECTURE=x86
  PROCESSOR_ARCHITEW6432=AMD64
  PROCESSOR_IDENTIFIER=Intel64 Family 6 Model 30 Stepping 5, GenuineIntel
  PROCESSOR_LEVEL=6
  PROCESSOR_REVISION=1e05
  PROGRAMDATA=C:\ProgramData
  PROGRAMFILES=C:\Program Files (x86)
  PROGRAMFILES(X86)=C:\Program Files (x86)
  PROGRAMW6432=C:\Program Files
  PROMPT=$P$G
  PSMODULEPATH=C:\windows\system32\WindowsPowerShell\v1.0\Modules\
  PUBLIC=C:\Users\Public
  PWD=C:\slave\test
  RUNLOGFILE=C:\slave\\runslave.log
  SLAVEDIR=C:\slave\
  SYSTEMDRIVE=C:
  SYSTEMROOT=C:\windows
  TEMP=C:\Users\CLTBLD~1.001\AppData\Local\Temp
  TEST1=testie
  TMP=C:\Users\CLTBLD~1.001\AppData\Local\Temp
  USERDOMAIN=T-W864-IX-040
  USERDOMAIN_ROAMINGPROFILE=T-W864-IX-040
  USERNAME=cltbld
  USERPROFILE=C:\Users\cltbld.T-W864-IX-040.001
  WINDIR=C:\windows
 using PTY: False
program finished with exit code 0
elapsedTime=4.017000
========= master_lag: 0.02 =========
========= Finished 'rm -rf ...' (results: 0, elapsed: 4 secs) (at 2018-06-08 16:59:25.352480) =========

========= Started 'bash -c ...' (results: 0, elapsed: 2 secs) (at 2018-06-08 16:59:25.352896) =========
'bash' '-c' u'python archiver_client.py mozharness --repo releases/mozilla-esr52 --rev cbfdf01aac455e0591471201c96b89dee98190b5 --destination scripts --debug'
 in dir C:\slave\test\. (timeout 1200 secs)
 watching logfiles {}
 argv: ['bash', '-c', u'python archiver_client.py mozharness --repo releases/mozilla-esr52 --rev cbfdf01aac455e0591471201c96b89dee98190b5 --destination scripts --debug']
 environment:
  ALLUSERSPROFILE=C:\ProgramData
  APPDATA=C:\Users\cltbld.T-W864-IX-040.001\AppData\Roaming
  COMMONPROGRAMFILES=C:\Program Files (x86)\Common Files
  COMMONPROGRAMFILES(X86)=C:\Program Files (x86)\Common Files
  COMMONPROGRAMW6432=C:\Program Files\Common Files
  COMPUTERNAME=T-W864-IX-040
  COMSPEC=C:\windows\system32\cmd.exe
  DCLOCATION=SCL3
  DNSSUFFIX=wintest.releng.scl3.mozilla.com
  FP_NO_HOST_CHECK=NO
  HOMEDRIVE=C:
  HOMEPATH=\Users\cltbld.T-W864-IX-040.001
  KTS_HOME=C:\Program Files\KTS
  KTS_VERSION=1.19c
  LOCALAPPDATA=C:\Users\cltbld.T-W864-IX-040.001\AppData\Local
  LOGONSERVER=\\T-W864-IX-040
  MONDIR=C:\Monitor_config\
  MOZBUILDDIR=C:\mozilla-build\
  NUMBER_OF_PROCESSORS=8
  OS=Windows_NT
  OURDRIVE=C:
  PATH=C:\Program Files (x86)\NVIDIA Corporation\PhysX\Common;C:\windows\system32;C:\windows;C:\windows\System32\Wbem;C:\windows\System32\WindowsPowerShell\v1.0\;C:\mozilla-build\python27;C:\mozilla-build\python27\Scripts;C:\mozilla-build\msys\bin;C:\mozilla-build\vim\vim72;C:\mozilla-build\wget;C:\mozilla-build\info-zip;C:\CoreUtils\bin;C:\mozilla-build\buildbotve\scripts;C:\mozilla-build\hg
  PATHEXT=.COM;.EXE;.BAT;.CMD;.VBS;.VBE;.JS;.JSE;.WSF;.WSH;.MSC
  PROCESSOR_ARCHITECTURE=x86
  PROCESSOR_ARCHITEW6432=AMD64
  PROCESSOR_IDENTIFIER=Intel64 Family 6 Model 30 Stepping 5, GenuineIntel
  PROCESSOR_LEVEL=6
  PROCESSOR_REVISION=1e05
  PROGRAMDATA=C:\ProgramData
  PROGRAMFILES=C:\Program Files (x86)
  PROGRAMFILES(X86)=C:\Program Files (x86)
  PROGRAMW6432=C:\Program Files
  PROMPT=$P$G
  PSMODULEPATH=C:\windows\system32\WindowsPowerShell\v1.0\Modules\
  PUBLIC=C:\Users\Public
  PWD=C:\slave\test
  RUNLOGFILE=C:\slave\\runslave.log
  SLAVEDIR=C:\slave\
  SYSTEMDRIVE=C:
  SYSTEMROOT=C:\windows
  TEMP=C:\Users\CLTBLD~1.001\AppData\Local\Temp
  TEST1=testie
  TMP=C:\Users\CLTBLD~1.001\AppData\Local\Temp
  USERDOMAIN=T-W864-IX-040
  USERDOMAIN_ROAMINGPROFILE=T-W864-IX-040
  USERNAME=cltbld
  USERPROFILE=C:\Users\cltbld.T-W864-IX-040.001
  WINDIR=C:\windows
 using PTY: False
2018-06-08 16:59:26,711 truncating revision to first 12 chars
2018-06-08 16:59:26,711 Setting DEBUG logging.
2018-06-08 16:59:26,711 attempt 1/10
2018-06-08 16:59:26,711 Getting archive location from https://api.pub.build.mozilla.org/archiver/hgmo/releases/mozilla-esr52/cbfdf01aac45?&preferred_region=us-west-2&suffix=tar.gz&subdir=testing/mozharness
2018-06-08 16:59:27,841 unpacking tar archive at: mozilla-esr52-cbfdf01aac45/testing/mozharness/
2018-06-08 16:59:27,940 skipping symlink on windows: configs/single_locale/linux32.py
program finished with exit code 0
elapsedTime=2.080000
========= master_lag: 0.13 =========
========= Finished 'bash -c ...' (results: 0, elapsed: 2 secs) (at 2018-06-08 16:59:27.565750) =========

========= Started set props: script_repo_revision (results: 0, elapsed: 0 secs) (at 2018-06-08 16:59:27.566106) =========
script_repo_revision: cbfdf01aac455e0591471201c96b89dee98190b5
========= Finished set props: script_repo_revision (results: 0, elapsed: 0 secs) (at 2018-06-08 16:59:27.566540) =========

========= Started downloading to oauth.txt (results: 0, elapsed: 0 secs) (at 2018-06-08 16:59:27.566817) =========
========= Finished downloading to oauth.txt (results: 0, elapsed: 0 secs) (at 2018-06-08 16:59:27.575875) =========

========= Started 'c:/mozilla-build/python27/python -u ...' interrupted (results: 4, elapsed: 3 mins, 47 secs) (at 2018-06-08 16:59:27.576217) =========
'c:/mozilla-build/python27/python' '-u' 'scripts/scripts/web_platform_tests.py' '--cfg' 'web_platform_tests/prod_config_windows.py' '--test-type=testharness' '--total-chunks' '5' '--this-chunk' '1' '--blob-upload-branch' 'mozilla-esr52' '--download-symbols' 'ondemand'
 in dir C:\slave\test\. (timeout 1800 secs) (maxTime 7200 secs)
 watching logfiles {}
 argv: ['c:/mozilla-build/python27/python', '-u', 'scripts/scripts/web_platform_tests.py', '--cfg', 'web_platform_tests/prod_config_windows.py', '--test-type=testharness', '--total-chunks', '5', '--this-chunk', '1', '--blob-upload-branch', 'mozilla-esr52', '--download-symbols', 'ondemand']
 environment:
  ALLUSERSPROFILE=C:\ProgramData
  APPDATA=C:\Users\cltbld.T-W864-IX-040.001\AppData\Roaming
  COMMONPROGRAMFILES=C:\Program Files (x86)\Common Files
  COMMONPROGRAMFILES(X86)=C:\Program Files (x86)\Common Files
  COMMONPROGRAMW6432=C:\Program Files\Common Files
  COMPUTERNAME=T-W864-IX-040
  COMSPEC=C:\windows\system32\cmd.exe
  DCLOCATION=SCL3
  DNSSUFFIX=wintest.releng.scl3.mozilla.com
  FP_NO_HOST_CHECK=NO
  HOMEDRIVE=C:
  HOMEPATH=\Users\cltbld.T-W864-IX-040.001
  KTS_HOME=C:\Program Files\KTS
  KTS_VERSION=1.19c
  LOCALAPPDATA=C:\Users\cltbld.T-W864-IX-040.001\AppData\Local
  LOGONSERVER=\\T-W864-IX-040
  MONDIR=C:\Monitor_config\
  MOZBUILDDIR=C:\mozilla-build\
  MOZ_CRASHREPORTER_NO_REPORT=1
  MOZ_HIDE_RESULTS_TABLE=1
  MOZ_NO_REMOTE=1
  NO_EM_RESTART=1
  NO_FAIL_ON_TEST_ERRORS=1
  NUMBER_OF_PROCESSORS=8
  OS=Windows_NT
  OURDRIVE=C:
  PATH=C:\Program Files (x86)\NVIDIA Corporation\PhysX\Common;C:\windows\system32;C:\windows;C:\windows\System32\Wbem;C:\windows\System32\WindowsPowerShell\v1.0\;C:\mozilla-build\python27;C:\mozilla-build\python27\Scripts;C:\mozilla-build\msys\bin;C:\mozilla-build\vim\vim72;C:\mozilla-build\wget;C:\mozilla-build\info-zip;C:\CoreUtils\bin;C:\mozilla-build\buildbotve\scripts;C:\mozilla-build\hg
  PATHEXT=.COM;.EXE;.BAT;.CMD;.VBS;.VBE;.JS;.JSE;.WSF;.WSH;.MSC
  PROCESSOR_ARCHITECTURE=x86
  PROCESSOR_ARCHITEW6432=AMD64
  PROCESSOR_IDENTIFIER=Intel64 Family 6 Model 30 Stepping 5, GenuineIntel
  PROCESSOR_LEVEL=6
  PROCESSOR_REVISION=1e05
  PROGRAMDATA=C:\ProgramData
  PROGRAMFILES=C:\Program Files (x86)
  PROGRAMFILES(X86)=C:\Program Files (x86)
  PROGRAMW6432=C:\Program Files
  PROMPT=$P$G
  PROPERTIES_FILE=C:\slave\test/buildprops.json
  PSMODULEPATH=C:\windows\system32\WindowsPowerShell\v1.0\Modules\
  PUBLIC=C:\Users\Public
  PWD=C:\slave\test
  RUNLOGFILE=C:\slave\\runslave.log
  SLAVEDIR=C:\slave\
  SYSTEMDRIVE=C:
  SYSTEMROOT=C:\windows
  TEMP=C:\Users\CLTBLD~1.001\AppData\Local\Temp
  TEST1=testie
  TMP=C:\Users\CLTBLD~1.001\AppData\Local\Temp
  USERDOMAIN=T-W864-IX-040
  USERDOMAIN_ROAMINGPROFILE=T-W864-IX-040
  USERNAME=cltbld
  USERPROFILE=C:\Users\cltbld.T-W864-IX-040.001
  WINDIR=C:\windows
  XPCOM_DEBUG_BREAK=warn
 using PTY: False
16:59:28     INFO - MultiFileLogger online at 20180608 16:59:28 in C:\slave\test
16:59:28     INFO - Run as scripts/scripts/web_platform_tests.py --cfg web_platform_tests/prod_config_windows.py --test-type=testharness --total-chunks 5 --this-chunk 1 --blob-upload-branch mozilla-esr52 --download-symbols ondemand
16:59:28     INFO - Dumping config to C:\slave\test\logs\localconfig.json.
16:59:29     INFO - {'allow_software_gl_layers': False,
16:59:29     INFO -  'append_to_log': False,
16:59:29     INFO -  'base_work_dir': 'C:\\slave\\test',
16:59:29     INFO -  'blob_upload_branch': 'mozilla-esr52',
16:59:29     INFO -  'blob_uploader_auth_file': 'C:\\slave\\test\\oauth.txt',
16:59:29     INFO -  'buildbot_json_path': 'buildprops.json',
16:59:29     INFO -  'config_files': ('web_platform_tests/prod_config_windows.py',),
16:59:29     INFO -  'default_blob_upload_servers': ('https://blobupload.elasticbeanstalk.com',),
16:59:29     INFO -  'download_minidump_stackwalk': True,
16:59:29     INFO -  'download_symbols': 'ondemand',
16:59:29     INFO -  'e10s': False,
16:59:29     INFO -  'exes': {'hg': 'c:/mozilla-build/hg/hg',
16:59:29     INFO -           'mozinstall': ('C:\\slave\\test/build/venv/scripts/python',
16:59:29     INFO -                          'C:\\slave\\test/build/venv/scripts/mozinstall-script.py'),
16:59:29     INFO -           'python': 'c:\\mozilla-build\\python27\\python.exe',
16:59:29     INFO -           'tooltool.py': ('c:\\mozilla-build\\python27\\python.exe',
16:59:29     INFO -                           'C:/mozilla-build/tooltool.py'),
16:59:29     INFO -           'virtualenv': ('c:\\mozilla-build\\python27\\python.exe',
16:59:29     INFO -                          'c:/mozilla-build/buildbotve/virtualenv.py')},
16:59:29     INFO -  'find_links': ('http://pypi.pvt.build.mozilla.org/pub',
16:59:29     INFO -                 'http://pypi.pub.build.mozilla.org/pub'),
16:59:29     INFO -  'log_level': 'info',
16:59:29     INFO -  'log_to_console': True,
16:59:29     INFO -  'opt_config_files': (),
16:59:29     INFO -  'options': ('--prefs-root=%(test_path)s/prefs',
16:59:29     INFO -              '--processes=1',
16:59:29     INFO -              '--config=%(test_path)s/wptrunner.ini',
16:59:29     INFO -              '--ca-cert-path=%(test_path)s/certs/cacert.pem',
16:59:29     INFO -              '--host-key-path=%(test_path)s/certs/web-platform.test.key',
16:59:29     INFO -              '--host-cert-path=%(test_path)s/certs/web-platform.test.pem',
16:59:29     INFO -              '--certutil-binary=%(test_install_path)s/bin/certutil'),
16:59:29     INFO -  'pip_index': False,
16:59:29     INFO -  'require_test_zip': True,
16:59:29     INFO -  'test_type': ('testharness',),
16:59:29     INFO -  'this_chunk': '1',
16:59:29     INFO -  'total_chunks': '5',
16:59:29     INFO -  'virtualenv_path': 'venv',
16:59:29     INFO -  'volatile_config': {'actions': None, 'add_actions': None, 'no_actions': None},
16:59:29     INFO -  'work_dir': 'build'}
16:59:29     INFO - [mozharness: 2018-06-08 23:59:29.015000Z] Running clobber step.
16:59:29     INFO - Running pre-action listener: _resource_record_pre_action
16:59:29     INFO - Running main action method: clobber
16:59:29     INFO - rmtree: C:\slave\test\build
16:59:29     INFO - Using _rmtree_windows ...
16:59:29     INFO - retry: Calling _rmtree_windows with args: ('C:\\slave\\test\\build',), kwargs: {}, attempt #1
17:01:17     INFO - Running post-action listener: _resource_record_post_action
17:01:17     INFO - [mozharness: 2018-06-09 00:01:17.364000Z] Finished clobber step (success)
17:01:17     INFO - [mozharness: 2018-06-09 00:01:17.364000Z] Running read-buildbot-config step.
17:01:17     INFO - Running pre-action listener: _resource_record_pre_action
17:01:17     INFO - Running main action method: read_buildbot_config
17:01:17     INFO - Using buildbot properties:
17:01:17     INFO - {
17:01:17     INFO -     "project": "", 
17:01:17     INFO -     "product": "firefox", 
17:01:17     INFO -     "script_repo_revision": "production", 
17:01:17     INFO -     "scheduler": "tests-mozilla-esr52-win8_64-pgo-unittest", 
17:01:17     INFO -     "repository": "", 
17:01:17     INFO -     "buildername": "Windows 8 64-bit mozilla-esr52 pgo test web-platform-tests-1", 
17:01:17     INFO -     "buildid": "20180608150819", 
17:01:17     INFO -     "pgo_build": "True", 
17:01:17     INFO -     "basedir": "C:\\slave\\test", 
17:01:17     INFO -     "buildnumber": 13, 
17:01:17     INFO -     "slavename": "t-w864-ix-040", 
17:01:17     INFO -     "revision": "cbfdf01aac455e0591471201c96b89dee98190b5", 
17:01:17     INFO -     "master": "http://buildbot-master111.bb.releng.scl3.mozilla.com:8201/", 
17:01:17     INFO -     "platform": "win64", 
17:01:17     INFO -     "branch": "mozilla-esr52", 
17:01:17     INFO -     "repo_path": "releases/mozilla-esr52", 
17:01:17     INFO -     "moz_repo_path": "", 
17:01:17     INFO -     "stage_platform": "win64-pgo", 
17:01:17     INFO -     "builduid": "b298b373e93d4f8dbf92436c9ed838a2", 
17:01:17     INFO -     "slavebuilddir": "test"
17:01:17     INFO - }
17:01:17     INFO - Found a test packages url https://queue.taskcluster.net/v1/task/VAgbWLphTjmdh4hh8yTyVw/artifacts/public/build/firefox-52.8.2.en-US.win64.test_packages.json.
17:01:17     INFO - Found installer url https://queue.taskcluster.net/v1/task/VAgbWLphTjmdh4hh8yTyVw/artifacts/public/build/firefox-52.8.2.en-US.win64.zip.
17:01:17     INFO - Running post-action listener: _resource_record_post_action
17:01:17     INFO - [mozharness: 2018-06-09 00:01:17.368000Z] Finished read-buildbot-config step (success)
17:01:17     INFO - [mozharness: 2018-06-09 00:01:17.368000Z] Running download-and-extract step.
17:01:17     INFO - Running pre-action listener: _resource_record_pre_action
17:01:17     INFO - Running main action method: download_and_extract
17:01:17     INFO - mkdir: C:\slave\test\build\tests
17:01:17     INFO - Downloading https://queue.taskcluster.net/v1/task/VAgbWLphTjmdh4hh8yTyVw/artifacts/public/build/firefox-52.8.2.en-US.win64.test_packages.json to C:\slave\test\build\firefox-52.8.2.en-US.win64.test_packages.json
17:01:17     INFO - retry: Calling _download_file with args: (), kwargs: {'url': 'https://queue.taskcluster.net/v1/task/VAgbWLphTjmdh4hh8yTyVw/artifacts/public/build/firefox-52.8.2.en-US.win64.test_packages.json', 'file_name': 'C:\\slave\\test\\build\\firefox-52.8.2.en-US.win64.test_packages.json'}, attempt #1
17:01:18     INFO - Downloaded 1218 bytes.
17:01:18     INFO - Reading from file C:\slave\test\build\firefox-52.8.2.en-US.win64.test_packages.json
17:01:18     INFO - Using the following test package requirements:
17:01:18     INFO - {u'common': [u'firefox-52.8.2.en-US.win64.common.tests.zip'],
17:01:18     INFO -  u'cppunittest': [u'firefox-52.8.2.en-US.win64.common.tests.zip',
17:01:18     INFO -                   u'firefox-52.8.2.en-US.win64.cppunittest.tests.zip'],
17:01:18     INFO -  u'gtest': [u'firefox-52.8.2.en-US.win64.common.tests.zip'],
17:01:18     INFO -  u'jittest': [u'firefox-52.8.2.en-US.win64.common.tests.zip',
17:01:18     INFO -               u'jsshell-win64.zip'],
17:01:18     INFO -  u'mochitest': [u'firefox-52.8.2.en-US.win64.common.tests.zip',
17:01:18     INFO -                 u'firefox-52.8.2.en-US.win64.mochitest.tests.zip'],
17:01:18     INFO -  u'mozbase': [u'firefox-52.8.2.en-US.win64.common.tests.zip'],
17:01:18     INFO -  u'reftest': [u'firefox-52.8.2.en-US.win64.common.tests.zip',
17:01:18     INFO -               u'firefox-52.8.2.en-US.win64.reftest.tests.zip'],
17:01:18     INFO -  u'talos': [u'firefox-52.8.2.en-US.win64.common.tests.zip',
17:01:18     INFO -             u'firefox-52.8.2.en-US.win64.talos.tests.zip'],
17:01:18     INFO -  u'web-platform': [u'firefox-52.8.2.en-US.win64.common.tests.zip',
17:01:18     INFO -                    u'firefox-52.8.2.en-US.win64.web-platform.tests.zip'],
17:01:18     INFO -  u'xpcshell': [u'firefox-52.8.2.en-US.win64.common.tests.zip',
17:01:18     INFO -                u'firefox-52.8.2.en-US.win64.xpcshell.tests.zip']}
17:01:18     INFO - Downloading packages: [u'firefox-52.8.2.en-US.win64.common.tests.zip', u'firefox-52.8.2.en-US.win64.web-platform.tests.zip'] for test suite category: web-platform
17:01:18     INFO - Adding 'mach' for extraction from common.tests zip file
17:01:18     INFO - Adding 'mozinfo.json' for extraction from common.tests zip file
17:01:18     INFO - Downloading and extracting to C:\slave\test\build\tests these dirs bin/*, config/*, mozbase/*, marionette/*, tools/wptserve/*, web-platform/*, mach, mozinfo.json from https://queue.taskcluster.net/v1/task/VAgbWLphTjmdh4hh8yTyVw/artifacts/public/build/firefox-52.8.2.en-US.win64.common.tests.zip
17:01:18     INFO - retry: Calling fetch_url_into_memory with args: (), kwargs: {'url': u'https://queue.taskcluster.net/v1/task/VAgbWLphTjmdh4hh8yTyVw/artifacts/public/build/firefox-52.8.2.en-US.win64.common.tests.zip'}, attempt #1
17:01:18     INFO - Fetch https://queue.taskcluster.net/v1/task/VAgbWLphTjmdh4hh8yTyVw/artifacts/public/build/firefox-52.8.2.en-US.win64.common.tests.zip into memory
17:01:18     INFO - Http code: 200
17:01:18     INFO - via: 1.1 75d3bdff1b8eb2920f04077d77f16ca0.cloudfront.net (CloudFront)
17:01:18     INFO - x-amz-cf-id: 7RTa2-YeFXxHgpNvVEu5Sw0fQJlRKqsr91bwVaZFKZKohOq1mouceg==
17:01:18     INFO - x-amz-version-id: PWIf.SJCY7_2cY1I6UgZuHaMt7l.wuxG
17:01:19     INFO - Expected file size: 17259713
17:01:19     INFO - Obtained file size: 17259713
17:01:20     INFO - Downloading and extracting to C:\slave\test\build\tests these dirs bin/*, config/*, mozbase/*, marionette/*, tools/wptserve/*, web-platform/*, mach, mozinfo.json from https://queue.taskcluster.net/v1/task/VAgbWLphTjmdh4hh8yTyVw/artifacts/public/build/firefox-52.8.2.en-US.win64.web-platform.tests.zip
17:01:20     INFO - retry: Calling fetch_url_into_memory with args: (), kwargs: {'url': u'https://queue.taskcluster.net/v1/task/VAgbWLphTjmdh4hh8yTyVw/artifacts/public/build/firefox-52.8.2.en-US.win64.web-platform.tests.zip'}, attempt #1
17:01:20     INFO - Fetch https://queue.taskcluster.net/v1/task/VAgbWLphTjmdh4hh8yTyVw/artifacts/public/build/firefox-52.8.2.en-US.win64.web-platform.tests.zip into memory
17:01:20     INFO - Http code: 200
17:01:20     INFO - via: 1.1 6e65abb04cb818a6ec78111935b507f7.cloudfront.net (CloudFront)
17:01:20     INFO - x-amz-cf-id: cL9yXeBOdWSPJAL3zdZYHmFTWUZMZcyu3DunVAupmmzqDyAzs9K20A==
17:01:20     INFO - x-amz-version-id: j.1SDNsp04m2KmgBBvC_m2hcjBILX4fz
17:01:21     INFO - Expected file size: 43270029
17:01:21     INFO - Obtained file size: 43270029
17:02:03     INFO - Downloading https://queue.taskcluster.net/v1/task/VAgbWLphTjmdh4hh8yTyVw/artifacts/public/build/firefox-52.8.2.en-US.win64.zip to C:\slave\test\build\firefox-52.8.2.en-US.win64.zip
17:02:03     INFO - retry: Calling _download_file with args: (), kwargs: {'url': 'https://queue.taskcluster.net/v1/task/VAgbWLphTjmdh4hh8yTyVw/artifacts/public/build/firefox-52.8.2.en-US.win64.zip', 'file_name': 'C:\\slave\\test\\build\\firefox-52.8.2.en-US.win64.zip'}, attempt #1
17:02:04     INFO - Downloaded 59133206 bytes.
17:02:04     INFO - Setting buildbot property build_url to https://queue.taskcluster.net/v1/task/VAgbWLphTjmdh4hh8yTyVw/artifacts/public/build/firefox-52.8.2.en-US.win64.zip
17:02:04     INFO - mkdir: C:\slave\test\properties
17:02:04     INFO - Writing buildbot properties ['build_url'] to C:\slave\test\properties\build_url
17:02:04     INFO - Writing to file C:\slave\test\properties\build_url
17:02:04     INFO - Contents:
17:02:04     INFO -  build_url:https://queue.taskcluster.net/v1/task/VAgbWLphTjmdh4hh8yTyVw/artifacts/public/build/firefox-52.8.2.en-US.win64.zip
17:02:05     INFO - Running post-action listener: _resource_record_post_action
17:02:05     INFO - Running post-action listener: set_extra_try_arguments
17:02:05     INFO - [mozharness: 2018-06-09 00:02:05.275000Z] Finished download-and-extract step (success)
17:02:05     INFO - [mozharness: 2018-06-09 00:02:05.275000Z] Running fetch-geckodriver step.
17:02:05     INFO - Running pre-action listener: _resource_record_pre_action
17:02:05     INFO - Running main action method: fetch_geckodriver
17:02:05     INFO - Running post-action listener: _resource_record_post_action
17:02:05     INFO - [mozharness: 2018-06-09 00:02:05.276000Z] Finished fetch-geckodriver step (success)
17:02:05     INFO - [mozharness: 2018-06-09 00:02:05.276000Z] Running create-virtualenv step.
17:02:05     INFO - Running pre-action listener: _pre_create_virtualenv
17:02:05     INFO - Running pre-action listener: _resource_record_pre_action
17:02:05     INFO - Running main action method: create_virtualenv
17:02:05     INFO - Creating virtualenv C:\slave\test\build\venv
17:02:05     INFO - Running command: ['c:\\mozilla-build\\python27\\python.exe', 'C:\\slave\\test\\scripts\\external_tools\\virtualenv\\virtualenv.py', '--always-copy', 'C:\\slave\\test\\build\\venv'] in C:\slave\test\build
17:02:05     INFO - Copy/paste: c:\mozilla-build\python27\python.exe C:\slave\test\scripts\external_tools\virtualenv\virtualenv.py --always-copy C:\slave\test\build\venv
17:02:05     INFO - Using partial env: {'VIRTUALENV_NO_DOWNLOAD': '1'}
17:02:13     INFO -  New python executable in C:\slave\test\build\venv\Scripts\python.exe
17:02:21     INFO -  Installing setuptools, pip, wheel...done.
17:02:21     INFO - Return code: 0
17:02:21     INFO - Installing psutil>=3.1.1 into virtualenv C:\slave\test\build\venv
17:02:21     INFO - retry: Calling run_command with args: [['C:\\slave\\test\\build\\venv\\Scripts\\pip', 'install', '--timeout', '120', '--no-index', '--find-links', 'http://pypi.pvt.build.mozilla.org/pub', '--find-links', 'http://pypi.pub.build.mozilla.org/pub', '--trusted-host', 'pypi.pub.build.mozilla.org', '--trusted-host', 'pypi.pvt.build.mozilla.org', 'psutil>=3.1.1']], kwargs: {'error_level': 'warning', 'error_list': [{'substr': 'not found or a compiler error:', 'level': 'warning'}, {'regex': <_sre.SRE_Pattern object at 0x025CF250>, 'level': 'error'}, {'regex': <_sre.SRE_Pattern object at 0x025E3188>, 'level': 'warning'}, {'regex': <_sre.SRE_Pattern object at 0x0260D1C0>, 'level': 'debug'}, {'substr': 'command not found', 'level': 'error'}, {'regex': <_sre.SRE_Pattern object at 0x01D68DE8>, 'level': 'warning'}, {'substr': 'Traceback (most recent call last)', 'level': 'error'}, {'substr': 'SyntaxError: ', 'level': 'error'}, {'substr': 'TypeError: ', 'level': 'error'}, {'substr': 'NameError: ', 'level': 'error'}, {'substr': 'ZeroDivisionError: ', 'level': 'error'}, {'regex': <_sre.SRE_Pattern object at 0x0254F230>, 'level': 'critical'}, {'regex': <_sre.SRE_Pattern object at 0x025D7520>, 'level': 'critical'}], 'cwd': 'C:\\slave\\test\\build', 'env': {'TMP': 'C:\\Users\\CLTBLD~1.001\\AppData\\Local\\Temp', 'TEST1': 'testie', 'COMPUTERNAME': 'T-W864-IX-040', 'USERDOMAIN': 'T-W864-IX-040', 'KTS_VERSION': '1.19c', 'PSMODULEPATH': 'C:\\windows\\system32\\WindowsPowerShell\\v1.0\\Modules\\', 'COMMONPROGRAMFILES': 'C:\\Program Files (x86)\\Common Files', 'PROCESSOR_IDENTIFIER': 'Intel64 Family 6 Model 30 Stepping 5, GenuineIntel', 'PROGRAMFILES': 'C:\\Program Files (x86)', 'PROCESSOR_REVISION': '1e05', 'DNSSUFFIX': 'wintest.releng.scl3.mozilla.com', 'SYSTEMROOT': 'C:\\windows', 'NO_EM_RESTART': '1', 'PROGRAMFILES(X86)': 'C:\\Program Files (x86)', 'OURDRIVE': 'C:', 'MOZ_HIDE_RESULTS_TABLE': '1', 'XPCOM_DEBUG_BREAK': 'warn', 'MONDIR': 'C:\\Monitor_config\\', 'TEMP': 'C:\\Users\\CLTBLD~1.001\\AppData\\Local\\Temp', 'COMMONPROGRAMFILES(X86)': 'C:\\Program Files (x86)\\Common Files', 'RUNLOGFILE': 'C:\\slave\\\\runslave.log', 'PROCESSOR_ARCHITECTURE': 'x86', 'ALLUSERSPROFILE': 'C:\\ProgramData', 'USERPROFILE': 'C:\\Users\\cltbld.T-W864-IX-040.001', 'LOCALAPPDATA': 'C:\\Users\\cltbld.T-W864-IX-040.001\\AppData\\Local', 'HOMEPATH': '\\Users\\cltbld.T-W864-IX-040.001', 'USERDOMAIN_ROAMINGPROFILE': 'T-W864-IX-040', 'MOZBUILDDIR': 'C:\\mozilla-build\\', 'PROGRAMW6432': 'C:\\Program Files', 'USERNAME': 'cltbld', 'LOGONSERVER': '\\\\T-W864-IX-040', 'MOZ_NO_REMOTE': '1', 'COMSPEC': 'C:\\windows\\system32\\cmd.exe', 'PROGRAMDATA': 'C:\\ProgramData', 'PROPERTIES_FILE': 'C:\\slave\\test/buildprops.json', 'PATH': 'C:\\Program Files (x86)\\NVIDIA Corporation\\PhysX\\Common;C:\\windows\\system32;C:\\windows;C:\\windows\\System32\\Wbem;C:\\windows\\System32\\WindowsPowerShell\\v1.0\\;C:\\mozilla-build\\python27;C:\\mozilla-build\\python27\\Scripts;C:\\mozilla-build\\msys\\bin;C:\\mozilla-build\\vim\\vim72;C:\\mozilla-build\\wget;C:\\mozilla-build\\info-zip;C:\\CoreUtils\\bin;C:\\mozilla-build\\buildbotve\\scripts;C:\\mozilla-build\\hg', 'PROMPT': '$P$G', 'NO_FAIL_ON_TEST_ERRORS': '1', 'PATHEXT': '.COM;.EXE;.BAT;.CMD;.VBS;.VBE;.JS;.JSE;.WSF;.WSH;.MSC', 'FP_NO_HOST_CHECK': 'NO', 'DCLOCATION': 'SCL3', 'APPDATA': 'C:\\Users\\cltbld.T-W864-IX-040.001\\AppData\\Roaming', 'HOMEDRIVE': 'C:', 'SYSTEMDRIVE': 'C:', 'SLAVEDIR': 'C:\\slave\\', 'NUMBER_OF_PROCESSORS': '8', 'PWD': 'C:\\slave\\test', 'PROCESSOR_LEVEL': '6', 'KTS_HOME': 'C:\\Program Files\\KTS', 'PROCESSOR_ARCHITEW6432': 'AMD64', 'MOZ_CRASHREPORTER_NO_REPORT': '1', 'COMMONPROGRAMW6432': 'C:\\Program Files\\Common Files', 'OS': 'Windows_NT', 'PUBLIC': 'C:\\Users\\Public', 'WINDIR': 'C:\\windows'}}, attempt #1
17:02:21     INFO - Running command: ['C:\\slave\\test\\build\\venv\\Scripts\\pip', 'install', '--timeout', '120', '--no-index', '--find-links', 'http://pypi.pvt.build.mozilla.org/pub', '--find-links', 'http://pypi.pub.build.mozilla.org/pub', '--trusted-host', 'pypi.pub.build.mozilla.org', '--trusted-host', 'pypi.pvt.build.mozilla.org', 'psutil>=3.1.1'] in C:\slave\test\build
17:02:21     INFO - Copy/paste: C:\slave\test\build\venv\Scripts\pip install --timeout 120 --no-index --find-links http://pypi.pvt.build.mozilla.org/pub --find-links http://pypi.pub.build.mozilla.org/pub --trusted-host pypi.pub.build.mozilla.org --trusted-host pypi.pvt.build.mozilla.org psutil>=3.1.1
17:02:21     INFO - Using env: {'ALLUSERSPROFILE': 'C:\\ProgramData',
17:02:21     INFO -  'APPDATA': 'C:\\Users\\cltbld.T-W864-IX-040.001\\AppData\\Roaming',
17:02:21     INFO -  'COMMONPROGRAMFILES': 'C:\\Program Files (x86)\\Common Files',
17:02:21     INFO -  'COMMONPROGRAMFILES(X86)': 'C:\\Program Files (x86)\\Common Files',
17:02:21     INFO -  'COMMONPROGRAMW6432': 'C:\\Program Files\\Common Files',
17:02:21     INFO -  'COMPUTERNAME': 'T-W864-IX-040',
17:02:21     INFO -  'COMSPEC': 'C:\\windows\\system32\\cmd.exe',
17:02:21     INFO -  'DCLOCATION': 'SCL3',
17:02:21     INFO -  'DNSSUFFIX': 'wintest.releng.scl3.mozilla.com',
17:02:21     INFO -  'FP_NO_HOST_CHECK': 'NO',
17:02:21     INFO -  'HOMEDRIVE': 'C:',
17:02:21     INFO -  'HOMEPATH': '\\Users\\cltbld.T-W864-IX-040.001',
17:02:21     INFO -  'KTS_HOME': 'C:\\Program Files\\KTS',
17:02:21     INFO -  'KTS_VERSION': '1.19c',
17:02:21     INFO -  'LOCALAPPDATA': 'C:\\Users\\cltbld.T-W864-IX-040.001\\AppData\\Local',
17:02:21     INFO -  'LOGONSERVER': '\\\\T-W864-IX-040',
17:02:21     INFO -  'MONDIR': 'C:\\Monitor_config\\',
17:02:21     INFO -  'MOZBUILDDIR': 'C:\\mozilla-build\\',
17:02:21     INFO -  'MOZ_CRASHREPORTER_NO_REPORT': '1',
17:02:21     INFO -  'MOZ_HIDE_RESULTS_TABLE': '1',
17:02:21     INFO -  'MOZ_NO_REMOTE': '1',
17:02:21     INFO -  'NO_EM_RESTART': '1',
17:02:21     INFO -  'NO_FAIL_ON_TEST_ERRORS': '1',
17:02:21     INFO -  'NUMBER_OF_PROCESSORS': '8',
17:02:21     INFO -  'OS': 'Windows_NT',
17:02:21     INFO -  'OURDRIVE': 'C:',
17:02:21     INFO -  'PATH': 'C:\\Program Files (x86)\\NVIDIA Corporation\\PhysX\\Common;C:\\windows\\system32;C:\\windows;C:\\windows\\System32\\Wbem;C:\\windows\\System32\\WindowsPowerShell\\v1.0\\;C:\\mozilla-build\\python27;C:\\mozilla-build\\python27\\Scripts;C:\\mozilla-build\\msys\\bin;C:\\mozilla-build\\vim\\vim72;C:\\mozilla-build\\wget;C:\\mozilla-build\\info-zip;C:\\CoreUtils\\bin;C:\\mozilla-build\\buildbotve\\scripts;C:\\mozilla-build\\hg',
17:02:21     INFO -  'PATHEXT': '.COM;.EXE;.BAT;.CMD;.VBS;.VBE;.JS;.JSE;.WSF;.WSH;.MSC',
17:02:21     INFO -  'PROCESSOR_ARCHITECTURE': 'x86',
17:02:21     INFO -  'PROCESSOR_ARCHITEW6432': 'AMD64',
17:02:21     INFO -  'PROCESSOR_IDENTIFIER': 'Intel64 Family 6 Model 30 Stepping 5, GenuineIntel',
17:02:21     INFO -  'PROCESSOR_LEVEL': '6',
17:02:21     INFO -  'PROCESSOR_REVISION': '1e05',
17:02:21     INFO -  'PROGRAMDATA': 'C:\\ProgramData',
17:02:21     INFO -  'PROGRAMFILES': 'C:\\Program Files (x86)',
17:02:21     INFO -  'PROGRAMFILES(X86)': 'C:\\Program Files (x86)',
17:02:21     INFO -  'PROGRAMW6432': 'C:\\Program Files',
17:02:21     INFO -  'PROMPT': '$P$G',
17:02:21     INFO -  'PROPERTIES_FILE': 'C:\\slave\\test/buildprops.json',
17:02:21     INFO -  'PSMODULEPATH': 'C:\\windows\\system32\\WindowsPowerShell\\v1.0\\Modules\\',
17:02:21     INFO -  'PUBLIC': 'C:\\Users\\Public',
17:02:21     INFO -  'PWD': 'C:\\slave\\test',
17:02:21     INFO -  'RUNLOGFILE': 'C:\\slave\\\\runslave.log',
17:02:21     INFO -  'SLAVEDIR': 'C:\\slave\\',
17:02:21     INFO -  'SYSTEMDRIVE': 'C:',
17:02:21     INFO -  'SYSTEMROOT': 'C:\\windows',
17:02:21     INFO -  'TEMP': 'C:\\Users\\CLTBLD~1.001\\AppData\\Local\\Temp',
17:02:21     INFO -  'TEST1': 'testie',
17:02:21     INFO -  'TMP': 'C:\\Users\\CLTBLD~1.001\\AppData\\Local\\Temp',
17:02:21     INFO -  'USERDOMAIN': 'T-W864-IX-040',
17:02:21     INFO -  'USERDOMAIN_ROAMINGPROFILE': 'T-W864-IX-040',
17:02:21     INFO -  'USERNAME': 'cltbld',
17:02:21     INFO -  'USERPROFILE': 'C:\\Users\\cltbld.T-W864-IX-040.001',
17:02:21     INFO -  'WINDIR': 'C:\\windows',
17:02:21     INFO -  'XPCOM_DEBUG_BREAK': 'warn'}
17:02:22     INFO -  Ignoring indexes: https://pypi.python.org/simple
17:02:22     INFO -  Collecting psutil>=3.1.1
17:02:23     INFO -    Downloading http://pypi.pvt.build.mozilla.org/pub/psutil-5.4.3-cp27-none-win32.whl (220kB)
17:02:23     INFO -  Installing collected packages: psutil
17:02:23     INFO -  Successfully installed psutil-5.4.3
17:02:23     INFO - Return code: 0
17:02:23     INFO - Installing mozsystemmonitor==0.3 into virtualenv C:\slave\test\build\venv
17:02:23     INFO - retry: Calling run_command with args: [['C:\\slave\\test\\build\\venv\\Scripts\\pip', 'install', '--timeout', '120', '--no-index', '--find-links', 'http://pypi.pvt.build.mozilla.org/pub', '--find-links', 'http://pypi.pub.build.mozilla.org/pub', '--trusted-host', 'pypi.pub.build.mozilla.org', '--trusted-host', 'pypi.pvt.build.mozilla.org', 'mozsystemmonitor==0.3']], kwargs: {'error_level': 'warning', 'error_list': [{'substr': 'not found or a compiler error:', 'level': 'warning'}, {'regex': <_sre.SRE_Pattern object at 0x025CF250>, 'level': 'error'}, {'regex': <_sre.SRE_Pattern object at 0x025E3188>, 'level': 'warning'}, {'regex': <_sre.SRE_Pattern object at 0x0260D1C0>, 'level': 'debug'}, {'substr': 'command not found', 'level': 'error'}, {'regex': <_sre.SRE_Pattern object at 0x01D68DE8>, 'level': 'warning'}, {'substr': 'Traceback (most recent call last)', 'level': 'error'}, {'substr': 'SyntaxError: ', 'level': 'error'}, {'substr': 'TypeError: ', 'level': 'error'}, {'substr': 'NameError: ', 'level': 'error'}, {'substr': 'ZeroDivisionError: ', 'level': 'error'}, {'regex': <_sre.SRE_Pattern object at 0x0254F230>, 'level': 'critical'}, {'regex': <_sre.SRE_Pattern object at 0x025D7520>, 'level': 'critical'}], 'cwd': 'C:\\slave\\test\\build', 'env': {'TMP': 'C:\\Users\\CLTBLD~1.001\\AppData\\Local\\Temp', 'TEST1': 'testie', 'COMPUTERNAME': 'T-W864-IX-040', 'USERDOMAIN': 'T-W864-IX-040', 'KTS_VERSION': '1.19c', 'PSMODULEPATH': 'C:\\windows\\system32\\WindowsPowerShell\\v1.0\\Modules\\', 'COMMONPROGRAMFILES': 'C:\\Program Files (x86)\\Common Files', 'PROCESSOR_IDENTIFIER': 'Intel64 Family 6 Model 30 Stepping 5, GenuineIntel', 'PROGRAMFILES': 'C:\\Program Files (x86)', 'PROCESSOR_REVISION': '1e05', 'DNSSUFFIX': 'wintest.releng.scl3.mozilla.com', 'SYSTEMROOT': 'C:\\windows', 'NO_EM_RESTART': '1', 'PROGRAMFILES(X86)': 'C:\\Program Files (x86)', 'OURDRIVE': 'C:', 'MOZ_HIDE_RESULTS_TABLE': '1', 'XPCOM_DEBUG_BREAK': 'warn', 'MONDIR': 'C:\\Monitor_config\\', 'TEMP': 'C:\\Users\\CLTBLD~1.001\\AppData\\Local\\Temp', 'COMMONPROGRAMFILES(X86)': 'C:\\Program Files (x86)\\Common Files', 'RUNLOGFILE': 'C:\\slave\\\\runslave.log', 'PROCESSOR_ARCHITECTURE': 'x86', 'ALLUSERSPROFILE': 'C:\\ProgramData', 'USERPROFILE': 'C:\\Users\\cltbld.T-W864-IX-040.001', 'LOCALAPPDATA': 'C:\\Users\\cltbld.T-W864-IX-040.001\\AppData\\Local', 'HOMEPATH': '\\Users\\cltbld.T-W864-IX-040.001', 'USERDOMAIN_ROAMINGPROFILE': 'T-W864-IX-040', 'MOZBUILDDIR': 'C:\\mozilla-build\\', 'PROGRAMW6432': 'C:\\Program Files', 'USERNAME': 'cltbld', 'LOGONSERVER': '\\\\T-W864-IX-040', 'MOZ_NO_REMOTE': '1', 'COMSPEC': 'C:\\windows\\system32\\cmd.exe', 'PROGRAMDATA': 'C:\\ProgramData', 'PROPERTIES_FILE': 'C:\\slave\\test/buildprops.json', 'PATH': 'C:\\Program Files (x86)\\NVIDIA Corporation\\PhysX\\Common;C:\\windows\\system32;C:\\windows;C:\\windows\\System32\\Wbem;C:\\windows\\System32\\WindowsPowerShell\\v1.0\\;C:\\mozilla-build\\python27;C:\\mozilla-build\\python27\\Scripts;C:\\mozilla-build\\msys\\bin;C:\\mozilla-build\\vim\\vim72;C:\\mozilla-build\\wget;C:\\mozilla-build\\info-zip;C:\\CoreUtils\\bin;C:\\mozilla-build\\buildbotve\\scripts;C:\\mozilla-build\\hg', 'PROMPT': '$P$G', 'NO_FAIL_ON_TEST_ERRORS': '1', 'PATHEXT': '.COM;.EXE;.BAT;.CMD;.VBS;.VBE;.JS;.JSE;.WSF;.WSH;.MSC', 'FP_NO_HOST_CHECK': 'NO', 'DCLOCATION': 'SCL3', 'APPDATA': 'C:\\Users\\cltbld.T-W864-IX-040.001\\AppData\\Roaming', 'HOMEDRIVE': 'C:', 'SYSTEMDRIVE': 'C:', 'SLAVEDIR': 'C:\\slave\\', 'NUMBER_OF_PROCESSORS': '8', 'PWD': 'C:\\slave\\test', 'PROCESSOR_LEVEL': '6', 'KTS_HOME': 'C:\\Program Files\\KTS', 'PROCESSOR_ARCHITEW6432': 'AMD64', 'MOZ_CRASHREPORTER_NO_REPORT': '1', 'COMMONPROGRAMW6432': 'C:\\Program Files\\Common Files', 'OS': 'Windows_NT', 'PUBLIC': 'C:\\Users\\Public', 'WINDIR': 'C:\\windows'}}, attempt #1
17:02:23     INFO - Running command: ['C:\\slave\\test\\build\\venv\\Scripts\\pip', 'install', '--timeout', '120', '--no-index', '--find-links', 'http://pypi.pvt.build.mozilla.org/pub', '--find-links', 'http://pypi.pub.build.mozilla.org/pub', '--trusted-host', 'pypi.pub.build.mozilla.org', '--trusted-host', 'pypi.pvt.build.mozilla.org', 'mozsystemmonitor==0.3'] in C:\slave\test\build
17:02:23     INFO - Copy/paste: C:\slave\test\build\venv\Scripts\pip install --timeout 120 --no-index --find-links http://pypi.pvt.build.mozilla.org/pub --find-links http://pypi.pub.build.mozilla.org/pub --trusted-host pypi.pub.build.mozilla.org --trusted-host pypi.pvt.build.mozilla.org mozsystemmonitor==0.3
17:02:23     INFO - Using env: {'ALLUSERSPROFILE': 'C:\\ProgramData',
17:02:23     INFO -  'APPDATA': 'C:\\Users\\cltbld.T-W864-IX-040.001\\AppData\\Roaming',
17:02:23     INFO -  'COMMONPROGRAMFILES': 'C:\\Program Files (x86)\\Common Files',
17:02:23     INFO -  'COMMONPROGRAMFILES(X86)': 'C:\\Program Files (x86)\\Common Files',
17:02:23     INFO -  'COMMONPROGRAMW6432': 'C:\\Program Files\\Common Files',
17:02:23     INFO -  'COMPUTERNAME': 'T-W864-IX-040',
17:02:23     INFO -  'COMSPEC': 'C:\\windows\\system32\\cmd.exe',
17:02:23     INFO -  'DCLOCATION': 'SCL3',
17:02:23     INFO -  'DNSSUFFIX': 'wintest.releng.scl3.mozilla.com',
17:02:23     INFO -  'FP_NO_HOST_CHECK': 'NO',
17:02:23     INFO -  'HOMEDRIVE': 'C:',
17:02:23     INFO -  'HOMEPATH': '\\Users\\cltbld.T-W864-IX-040.001',
17:02:23     INFO -  'KTS_HOME': 'C:\\Program Files\\KTS',
17:02:23     INFO -  'KTS_VERSION': '1.19c',
17:02:23     INFO -  'LOCALAPPDATA': 'C:\\Users\\cltbld.T-W864-IX-040.001\\AppData\\Local',
17:02:23     INFO -  'LOGONSERVER': '\\\\T-W864-IX-040',
17:02:23     INFO -  'MONDIR': 'C:\\Monitor_config\\',
17:02:23     INFO -  'MOZBUILDDIR': 'C:\\mozilla-build\\',
17:02:23     INFO -  'MOZ_CRASHREPORTER_NO_REPORT': '1',
17:02:23     INFO -  'MOZ_HIDE_RESULTS_TABLE': '1',
17:02:23     INFO -  'MOZ_NO_REMOTE': '1',
17:02:23     INFO -  'NO_EM_RESTART': '1',
17:02:23     INFO -  'NO_FAIL_ON_TEST_ERRORS': '1',
17:02:23     INFO -  'NUMBER_OF_PROCESSORS': '8',
17:02:23     INFO -  'OS': 'Windows_NT',
17:02:23     INFO -  'OURDRIVE': 'C:',
17:02:23     INFO -  'PATH': 'C:\\Program Files (x86)\\NVIDIA Corporation\\PhysX\\Common;C:\\windows\\system32;C:\\windows;C:\\windows\\System32\\Wbem;C:\\windows\\System32\\WindowsPowerShell\\v1.0\\;C:\\mozilla-build\\python27;C:\\mozilla-build\\python27\\Scripts;C:\\mozilla-build\\msys\\bin;C:\\mozilla-build\\vim\\vim72;C:\\mozilla-build\\wget;C:\\mozilla-build\\info-zip;C:\\CoreUtils\\bin;C:\\mozilla-build\\buildbotve\\scripts;C:\\mozilla-build\\hg',
17:02:23     INFO -  'PATHEXT': '.COM;.EXE;.BAT;.CMD;.VBS;.VBE;.JS;.JSE;.WSF;.WSH;.MSC',
17:02:23     INFO -  'PROCESSOR_ARCHITECTURE': 'x86',
17:02:23     INFO -  'PROCESSOR_ARCHITEW6432': 'AMD64',
17:02:23     INFO -  'PROCESSOR_IDENTIFIER': 'Intel64 Family 6 Model 30 Stepping 5, GenuineIntel',
17:02:23     INFO -  'PROCESSOR_LEVEL': '6',
17:02:23     INFO -  'PROCESSOR_REVISION': '1e05',
17:02:23     INFO -  'PROGRAMDATA': 'C:\\ProgramData',
17:02:23     INFO -  'PROGRAMFILES': 'C:\\Program Files (x86)',
17:02:23     INFO -  'PROGRAMFILES(X86)': 'C:\\Program Files (x86)',
17:02:23     INFO -  'PROGRAMW6432': 'C:\\Program Files',
17:02:23     INFO -  'PROMPT': '$P$G',
17:02:23     INFO -  'PROPERTIES_FILE': 'C:\\slave\\test/buildprops.json',
17:02:23     INFO -  'PSMODULEPATH': 'C:\\windows\\system32\\WindowsPowerShell\\v1.0\\Modules\\',
17:02:23     INFO -  'PUBLIC': 'C:\\Users\\Public',
17:02:23     INFO -  'PWD': 'C:\\slave\\test',
17:02:23     INFO -  'RUNLOGFILE': 'C:\\slave\\\\runslave.log',
17:02:23     INFO -  'SLAVEDIR': 'C:\\slave\\',
17:02:23     INFO -  'SYSTEMDRIVE': 'C:',
17:02:23     INFO -  'SYSTEMROOT': 'C:\\windows',
17:02:23     INFO -  'TEMP': 'C:\\Users\\CLTBLD~1.001\\AppData\\Local\\Temp',
17:02:23     INFO -  'TEST1': 'testie',
17:02:23     INFO -  'TMP': 'C:\\Users\\CLTBLD~1.001\\AppData\\Local\\Temp',
17:02:23     INFO -  'USERDOMAIN': 'T-W864-IX-040',
17:02:23     INFO -  'USERDOMAIN_ROAMINGPROFILE': 'T-W864-IX-040',
17:02:23     INFO -  'USERNAME': 'cltbld',
17:02:23     INFO -  'USERPROFILE': 'C:\\Users\\cltbld.T-W864-IX-040.001',
17:02:23     INFO -  'WINDIR': 'C:\\windows',
17:02:23     INFO -  'XPCOM_DEBUG_BREAK': 'warn'}
17:02:24     INFO -  Ignoring indexes: https://pypi.python.org/simple
17:02:24     INFO -  Collecting mozsystemmonitor==0.3
17:02:25     INFO -  Requirement already satisfied (use --upgrade to upgrade): psutil>=3.1.1 in c:\slave\test\build\venv\lib\site-packages (from mozsystemmonitor==0.3)
17:02:25     INFO -  Installing collected packages: mozsystemmonitor
17:02:25     INFO -  Successfully installed mozsystemmonitor-0.3
17:02:25     INFO - Return code: 0
17:02:25     INFO - Installing jsonschema==2.5.1 into virtualenv C:\slave\test\build\venv
17:02:25     INFO - retry: Calling run_command with args: [['C:\\slave\\test\\build\\venv\\Scripts\\pip', 'install', '--timeout', '120', '--no-index', '--find-links', 'http://pypi.pvt.build.mozilla.org/pub', '--find-links', 'http://pypi.pub.build.mozilla.org/pub', '--trusted-host', 'pypi.pub.build.mozilla.org', '--trusted-host', 'pypi.pvt.build.mozilla.org', 'jsonschema==2.5.1']], kwargs: {'error_level': 'warning', 'error_list': [{'substr': 'not found or a compiler error:', 'level': 'warning'}, {'regex': <_sre.SRE_Pattern object at 0x025CF250>, 'level': 'error'}, {'regex': <_sre.SRE_Pattern object at 0x025E3188>, 'level': 'warning'}, {'regex': <_sre.SRE_Pattern object at 0x0260D1C0>, 'level': 'debug'}, {'substr': 'command not found', 'level': 'error'}, {'regex': <_sre.SRE_Pattern object at 0x01D68DE8>, 'level': 'warning'}, {'substr': 'Traceback (most recent call last)', 'level': 'error'}, {'substr': 'SyntaxError: ', 'level': 'error'}, {'substr': 'TypeError: ', 'level': 'error'}, {'substr': 'NameError: ', 'level': 'error'}, {'substr': 'ZeroDivisionError: ', 'level': 'error'}, {'regex': <_sre.SRE_Pattern object at 0x0254F230>, 'level': 'critical'}, {'regex': <_sre.SRE_Pattern object at 0x025D7520>, 'level': 'critical'}], 'cwd': 'C:\\slave\\test\\build', 'env': {'TMP': 'C:\\Users\\CLTBLD~1.001\\AppData\\Local\\Temp', 'TEST1': 'testie', 'COMPUTERNAME': 'T-W864-IX-040', 'USERDOMAIN': 'T-W864-IX-040', 'KTS_VERSION': '1.19c', 'PSMODULEPATH': 'C:\\windows\\system32\\WindowsPowerShell\\v1.0\\Modules\\', 'COMMONPROGRAMFILES': 'C:\\Program Files (x86)\\Common Files', 'PROCESSOR_IDENTIFIER': 'Intel64 Family 6 Model 30 Stepping 5, GenuineIntel', 'PROGRAMFILES': 'C:\\Program Files (x86)', 'PROCESSOR_REVISION': '1e05', 'DNSSUFFIX': 'wintest.releng.scl3.mozilla.com', 'SYSTEMROOT': 'C:\\windows', 'NO_EM_RESTART': '1', 'PROGRAMFILES(X86)': 'C:\\Program Files (x86)', 'OURDRIVE': 'C:', 'MOZ_HIDE_RESULTS_TABLE': '1', 'XPCOM_DEBUG_BREAK': 'warn', 'MONDIR': 'C:\\Monitor_config\\', 'TEMP': 'C:\\Users\\CLTBLD~1.001\\AppData\\Local\\Temp', 'COMMONPROGRAMFILES(X86)': 'C:\\Program Files (x86)\\Common Files', 'RUNLOGFILE': 'C:\\slave\\\\runslave.log', 'PROCESSOR_ARCHITECTURE': 'x86', 'ALLUSERSPROFILE': 'C:\\ProgramData', 'USERPROFILE': 'C:\\Users\\cltbld.T-W864-IX-040.001', 'LOCALAPPDATA': 'C:\\Users\\cltbld.T-W864-IX-040.001\\AppData\\Local', 'HOMEPATH': '\\Users\\cltbld.T-W864-IX-040.001', 'USERDOMAIN_ROAMINGPROFILE': 'T-W864-IX-040', 'MOZBUILDDIR': 'C:\\mozilla-build\\', 'PROGRAMW6432': 'C:\\Program Files', 'USERNAME': 'cltbld', 'LOGONSERVER': '\\\\T-W864-IX-040', 'MOZ_NO_REMOTE': '1', 'COMSPEC': 'C:\\windows\\system32\\cmd.exe', 'PROGRAMDATA': 'C:\\ProgramData', 'PROPERTIES_FILE': 'C:\\slave\\test/buildprops.json', 'PATH': 'C:\\Program Files (x86)\\NVIDIA Corporation\\PhysX\\Common;C:\\windows\\system32;C:\\windows;C:\\windows\\System32\\Wbem;C:\\windows\\System32\\WindowsPowerShell\\v1.0\\;C:\\mozilla-build\\python27;C:\\mozilla-build\\python27\\Scripts;C:\\mozilla-build\\msys\\bin;C:\\mozilla-build\\vim\\vim72;C:\\mozilla-build\\wget;C:\\mozilla-build\\info-zip;C:\\CoreUtils\\bin;C:\\mozilla-build\\buildbotve\\scripts;C:\\mozilla-build\\hg', 'PROMPT': '$P$G', 'NO_FAIL_ON_TEST_ERRORS': '1', 'PATHEXT': '.COM;.EXE;.BAT;.CMD;.VBS;.VBE;.JS;.JSE;.WSF;.WSH;.MSC', 'FP_NO_HOST_CHECK': 'NO', 'DCLOCATION': 'SCL3', 'APPDATA': 'C:\\Users\\cltbld.T-W864-IX-040.001\\AppData\\Roaming', 'HOMEDRIVE': 'C:', 'SYSTEMDRIVE': 'C:', 'SLAVEDIR': 'C:\\slave\\', 'NUMBER_OF_PROCESSORS': '8', 'PWD': 'C:\\slave\\test', 'PROCESSOR_LEVEL': '6', 'KTS_HOME': 'C:\\Program Files\\KTS', 'PROCESSOR_ARCHITEW6432': 'AMD64', 'MOZ_CRASHREPORTER_NO_REPORT': '1', 'COMMONPROGRAMW6432': 'C:\\Program Files\\Common Files', 'OS': 'Windows_NT', 'PUBLIC': 'C:\\Users\\Public', 'WINDIR': 'C:\\windows'}}, attempt #1
17:02:25     INFO - Running command: ['C:\\slave\\test\\build\\venv\\Scripts\\pip', 'install', '--timeout', '120', '--no-index', '--find-links', 'http://pypi.pvt.build.mozilla.org/pub', '--find-links', 'http://pypi.pub.build.mozilla.org/pub', '--trusted-host', 'pypi.pub.build.mozilla.org', '--trusted-host', 'pypi.pvt.build.mozilla.org', 'jsonschema==2.5.1'] in C:\slave\test\build
17:02:26     INFO - Copy/paste: C:\slave\test\build\venv\Scripts\pip install --timeout 120 --no-index --find-links http://pypi.pvt.build.mozilla.org/pub --find-links http://pypi.pub.build.mozilla.org/pub --trusted-host pypi.pub.build.mozilla.org --trusted-host pypi.pvt.build.mozilla.org jsonschema==2.5.1
17:02:26     INFO - Using env: {'ALLUSERSPROFILE': 'C:\\ProgramData',
17:02:26     INFO -  'APPDATA': 'C:\\Users\\cltbld.T-W864-IX-040.001\\AppData\\Roaming',
17:02:26     INFO -  'COMMONPROGRAMFILES': 'C:\\Program Files (x86)\\Common Files',
17:02:26     INFO -  'COMMONPROGRAMFILES(X86)': 'C:\\Program Files (x86)\\Common Files',
17:02:26     INFO -  'COMMONPROGRAMW6432': 'C:\\Program Files\\Common Files',
17:02:26     INFO -  'COMPUTERNAME': 'T-W864-IX-040',
17:02:26     INFO -  'COMSPEC': 'C:\\windows\\system32\\cmd.exe',
17:02:26     INFO -  'DCLOCATION': 'SCL3',
17:02:26     INFO -  'DNSSUFFIX': 'wintest.releng.scl3.mozilla.com',
17:02:26     INFO -  'FP_NO_HOST_CHECK': 'NO',
17:02:26     INFO -  'HOMEDRIVE': 'C:',
17:02:26     INFO -  'HOMEPATH': '\\Users\\cltbld.T-W864-IX-040.001',
17:02:26     INFO -  'KTS_HOME': 'C:\\Program Files\\KTS',
17:02:26     INFO -  'KTS_VERSION': '1.19c',
17:02:26     INFO -  'LOCALAPPDATA': 'C:\\Users\\cltbld.T-W864-IX-040.001\\AppData\\Local',
17:02:26     INFO -  'LOGONSERVER': '\\\\T-W864-IX-040',
17:02:26     INFO -  'MONDIR': 'C:\\Monitor_config\\',
17:02:26     INFO -  'MOZBUILDDIR': 'C:\\mozilla-build\\',
17:02:26     INFO -  'MOZ_CRASHREPORTER_NO_REPORT': '1',
17:02:26     INFO -  'MOZ_HIDE_RESULTS_TABLE': '1',
17:02:26     INFO -  'MOZ_NO_REMOTE': '1',
17:02:26     INFO -  'NO_EM_RESTART': '1',
17:02:26     INFO -  'NO_FAIL_ON_TEST_ERRORS': '1',
17:02:26     INFO -  'NUMBER_OF_PROCESSORS': '8',
17:02:26     INFO -  'OS': 'Windows_NT',
17:02:26     INFO -  'OURDRIVE': 'C:',
17:02:26     INFO -  'PATH': 'C:\\Program Files (x86)\\NVIDIA Corporation\\PhysX\\Common;C:\\windows\\system32;C:\\windows;C:\\windows\\System32\\Wbem;C:\\windows\\System32\\WindowsPowerShell\\v1.0\\;C:\\mozilla-build\\python27;C:\\mozilla-build\\python27\\Scripts;C:\\mozilla-build\\msys\\bin;C:\\mozilla-build\\vim\\vim72;C:\\mozilla-build\\wget;C:\\mozilla-build\\info-zip;C:\\CoreUtils\\bin;C:\\mozilla-build\\buildbotve\\scripts;C:\\mozilla-build\\hg',
17:02:26     INFO -  'PATHEXT': '.COM;.EXE;.BAT;.CMD;.VBS;.VBE;.JS;.JSE;.WSF;.WSH;.MSC',
17:02:26     INFO -  'PROCESSOR_ARCHITECTURE': 'x86',
17:02:26     INFO -  'PROCESSOR_ARCHITEW6432': 'AMD64',
17:02:26     INFO -  'PROCESSOR_IDENTIFIER': 'Intel64 Family 6 Model 30 Stepping 5, GenuineIntel',
17:02:26     INFO -  'PROCESSOR_LEVEL': '6',
17:02:26     INFO -  'PROCESSOR_REVISION': '1e05',
17:02:26     INFO -  'PROGRAMDATA': 'C:\\ProgramData',
17:02:26     INFO -  'PROGRAMFILES': 'C:\\Program Files (x86)',
17:02:26     INFO -  'PROGRAMFILES(X86)': 'C:\\Program Files (x86)',
17:02:26     INFO -  'PROGRAMW6432': 'C:\\Program Files',
17:02:26     INFO -  'PROMPT': '$P$G',
17:02:26     INFO -  'PROPERTIES_FILE': 'C:\\slave\\test/buildprops.json',
17:02:26     INFO -  'PSMODULEPATH': 'C:\\windows\\system32\\WindowsPowerShell\\v1.0\\Modules\\',
17:02:26     INFO -  'PUBLIC': 'C:\\Users\\Public',
17:02:26     INFO -  'PWD': 'C:\\slave\\test',
17:02:26     INFO -  'RUNLOGFILE': 'C:\\slave\\\\runslave.log',
17:02:26     INFO -  'SLAVEDIR': 'C:\\slave\\',
17:02:26     INFO -  'SYSTEMDRIVE': 'C:',
17:02:26     INFO -  'SYSTEMROOT': 'C:\\windows',
17:02:26     INFO -  'TEMP': 'C:\\Users\\CLTBLD~1.001\\AppData\\Local\\Temp',
17:02:26     INFO -  'TEST1': 'testie',
17:02:26     INFO -  'TMP': 'C:\\Users\\CLTBLD~1.001\\AppData\\Local\\Temp',
17:02:26     INFO -  'USERDOMAIN': 'T-W864-IX-040',
17:02:26     INFO -  'USERDOMAIN_ROAMINGPROFILE': 'T-W864-IX-040',
17:02:26     INFO -  'USERNAME': 'cltbld',
17:02:26     INFO -  'USERPROFILE': 'C:\\Users\\cltbld.T-W864-IX-040.001',
17:02:26     INFO -  'WINDIR': 'C:\\windows',
17:02:26     INFO -  'XPCOM_DEBUG_BREAK': 'warn'}
17:02:26     INFO -  Ignoring indexes: https://pypi.python.org/simple
17:02:26     INFO -  Collecting jsonschema==2.5.1
17:02:27     INFO -    Downloading http://pypi.pvt.build.mozilla.org/pub/jsonschema-2.5.1-py2.py3-none-any.whl
17:02:27     INFO -  Collecting functools32; python_version == "2.7" (from jsonschema==2.5.1)
17:02:28     INFO -  Installing collected packages: functools32, jsonschema
17:02:28     INFO -  Successfully installed functools32-3.2.3.post2 jsonschema-2.5.1
17:02:29     INFO - Return code: 0
17:02:29     INFO - Installing functools32==3.2.3-2 into virtualenv C:\slave\test\build\venv
17:02:29     INFO - retry: Calling run_command with args: [['C:\\slave\\test\\build\\venv\\Scripts\\pip', 'install', '--timeout', '120', '--no-index', '--find-links', 'http://pypi.pvt.build.mozilla.org/pub', '--find-links', 'http://pypi.pub.build.mozilla.org/pub', '--trusted-host', 'pypi.pub.build.mozilla.org', '--trusted-host', 'pypi.pvt.build.mozilla.org', 'functools32==3.2.3-2']], kwargs: {'error_level': 'warning', 'error_list': [{'substr': 'not found or a compiler error:', 'level': 'warning'}, {'regex': <_sre.SRE_Pattern object at 0x025CF250>, 'level': 'error'}, {'regex': <_sre.SRE_Pattern object at 0x025E3188>, 'level': 'warning'}, {'regex': <_sre.SRE_Pattern object at 0x0260D1C0>, 'level': 'debug'}, {'substr': 'command not found', 'level': 'error'}, {'regex': <_sre.SRE_Pattern object at 0x01D68DE8>, 'level': 'warning'}, {'substr': 'Traceback (most recent call last)', 'level': 'error'}, {'substr': 'SyntaxError: ', 'level': 'error'}, {'substr': 'TypeError: ', 'level': 'error'}, {'substr': 'NameError: ', 'level': 'error'}, {'substr': 'ZeroDivisionError: ', 'level': 'error'}, {'regex': <_sre.SRE_Pattern object at 0x0254F230>, 'level': 'critical'}, {'regex': <_sre.SRE_Pattern object at 0x025D7520>, 'level': 'critical'}], 'cwd': 'C:\\slave\\test\\build', 'env': {'TMP': 'C:\\Users\\CLTBLD~1.001\\AppData\\Local\\Temp', 'TEST1': 'testie', 'COMPUTERNAME': 'T-W864-IX-040', 'USERDOMAIN': 'T-W864-IX-040', 'KTS_VERSION': '1.19c', 'PSMODULEPATH': 'C:\\windows\\system32\\WindowsPowerShell\\v1.0\\Modules\\', 'COMMONPROGRAMFILES': 'C:\\Program Files (x86)\\Common Files', 'PROCESSOR_IDENTIFIER': 'Intel64 Family 6 Model 30 Stepping 5, GenuineIntel', 'PROGRAMFILES': 'C:\\Program Files (x86)', 'PROCESSOR_REVISION': '1e05', 'DNSSUFFIX': 'wintest.releng.scl3.mozilla.com', 'SYSTEMROOT': 'C:\\windows', 'NO_EM_RESTART': '1', 'PROGRAMFILES(X86)': 'C:\\Program Files (x86)', 'OURDRIVE': 'C:', 'MOZ_HIDE_RESULTS_TABLE': '1', 'XPCOM_DEBUG_BREAK': 'warn', 'MONDIR': 'C:\\Monitor_config\\', 'TEMP': 'C:\\Users\\CLTBLD~1.001\\AppData\\Local\\Temp', 'COMMONPROGRAMFILES(X86)': 'C:\\Program Files (x86)\\Common Files', 'RUNLOGFILE': 'C:\\slave\\\\runslave.log', 'PROCESSOR_ARCHITECTURE': 'x86', 'ALLUSERSPROFILE': 'C:\\ProgramData', 'USERPROFILE': 'C:\\Users\\cltbld.T-W864-IX-040.001', 'LOCALAPPDATA': 'C:\\Users\\cltbld.T-W864-IX-040.001\\AppData\\Local', 'HOMEPATH': '\\Users\\cltbld.T-W864-IX-040.001', 'USERDOMAIN_ROAMINGPROFILE': 'T-W864-IX-040', 'MOZBUILDDIR': 'C:\\mozilla-build\\', 'PROGRAMW6432': 'C:\\Program Files', 'USERNAME': 'cltbld', 'LOGONSERVER': '\\\\T-W864-IX-040', 'MOZ_NO_REMOTE': '1', 'COMSPEC': 'C:\\windows\\system32\\cmd.exe', 'PROGRAMDATA': 'C:\\ProgramData', 'PROPERTIES_FILE': 'C:\\slave\\test/buildprops.json', 'PATH': 'C:\\Program Files (x86)\\NVIDIA Corporation\\PhysX\\Common;C:\\windows\\system32;C:\\windows;C:\\windows\\System32\\Wbem;C:\\windows\\System32\\WindowsPowerShell\\v1.0\\;C:\\mozilla-build\\python27;C:\\mozilla-build\\python27\\Scripts;C:\\mozilla-build\\msys\\bin;C:\\mozilla-build\\vim\\vim72;C:\\mozilla-build\\wget;C:\\mozilla-build\\info-zip;C:\\CoreUtils\\bin;C:\\mozilla-build\\buildbotve\\scripts;C:\\mozilla-build\\hg', 'PROMPT': '$P$G', 'NO_FAIL_ON_TEST_ERRORS': '1', 'PATHEXT': '.COM;.EXE;.BAT;.CMD;.VBS;.VBE;.JS;.JSE;.WSF;.WSH;.MSC', 'FP_NO_HOST_CHECK': 'NO', 'DCLOCATION': 'SCL3', 'APPDATA': 'C:\\Users\\cltbld.T-W864-IX-040.001\\AppData\\Roaming', 'HOMEDRIVE': 'C:', 'SYSTEMDRIVE': 'C:', 'SLAVEDIR': 'C:\\slave\\', 'NUMBER_OF_PROCESSORS': '8', 'PWD': 'C:\\slave\\test', 'PROCESSOR_LEVEL': '6', 'KTS_HOME': 'C:\\Program Files\\KTS', 'PROCESSOR_ARCHITEW6432': 'AMD64', 'MOZ_CRASHREPORTER_NO_REPORT': '1', 'COMMONPROGRAMW6432': 'C:\\Program Files\\Common Files', 'OS': 'Windows_NT', 'PUBLIC': 'C:\\Users\\Public', 'WINDIR': 'C:\\windows'}}, attempt #1
17:02:29     INFO - Running command: ['C:\\slave\\test\\build\\venv\\Scripts\\pip', 'install', '--timeout', '120', '--no-index', '--find-links', 'http://pypi.pvt.build.mozilla.org/pub', '--find-links', 'http://pypi.pub.build.mozilla.org/pub', '--trusted-host', 'pypi.pub.build.mozilla.org', '--trusted-host', 'pypi.pvt.build.mozilla.org', 'functools32==3.2.3-2'] in C:\slave\test\build
17:02:29     INFO - Copy/paste: C:\slave\test\build\venv\Scripts\pip install --timeout 120 --no-index --find-links http://pypi.pvt.build.mozilla.org/pub --find-links http://pypi.pub.build.mozilla.org/pub --trusted-host pypi.pub.build.mozilla.org --trusted-host pypi.pvt.build.mozilla.org functools32==3.2.3-2
17:02:29     INFO - Using env: {'ALLUSERSPROFILE': 'C:\\ProgramData',
17:02:29     INFO -  'APPDATA': 'C:\\Users\\cltbld.T-W864-IX-040.001\\AppData\\Roaming',
17:02:29     INFO -  'COMMONPROGRAMFILES': 'C:\\Program Files (x86)\\Common Files',
17:02:29     INFO -  'COMMONPROGRAMFILES(X86)': 'C:\\Program Files (x86)\\Common Files',
17:02:29     INFO -  'COMMONPROGRAMW6432': 'C:\\Program Files\\Common Files',
17:02:29     INFO -  'COMPUTERNAME': 'T-W864-IX-040',
17:02:29     INFO -  'COMSPEC': 'C:\\windows\\system32\\cmd.exe',
17:02:29     INFO -  'DCLOCATION': 'SCL3',
17:02:29     INFO -  'DNSSUFFIX': 'wintest.releng.scl3.mozilla.com',
17:02:29     INFO -  'FP_NO_HOST_CHECK': 'NO',
17:02:29     INFO -  'HOMEDRIVE': 'C:',
17:02:29     INFO -  'HOMEPATH': '\\Users\\cltbld.T-W864-IX-040.001',
17:02:29     INFO -  'KTS_HOME': 'C:\\Program Files\\KTS',
17:02:29     INFO -  'KTS_VERSION': '1.19c',
17:02:29     INFO -  'LOCALAPPDATA': 'C:\\Users\\cltbld.T-W864-IX-040.001\\AppData\\Local',
17:02:29     INFO -  'LOGONSERVER': '\\\\T-W864-IX-040',
17:02:29     INFO -  'MONDIR': 'C:\\Monitor_config\\',
17:02:29     INFO -  'MOZBUILDDIR': 'C:\\mozilla-build\\',
17:02:29     INFO -  'MOZ_CRASHREPORTER_NO_REPORT': '1',
17:02:29     INFO -  'MOZ_HIDE_RESULTS_TABLE': '1',
17:02:29     INFO -  'MOZ_NO_REMOTE': '1',
17:02:29     INFO -  'NO_EM_RESTART': '1',
17:02:29     INFO -  'NO_FAIL_ON_TEST_ERRORS': '1',
17:02:29     INFO -  'NUMBER_OF_PROCESSORS': '8',
17:02:29     INFO -  'OS': 'Windows_NT',
17:02:29     INFO -  'OURDRIVE': 'C:',
17:02:29     INFO -  'PATH': 'C:\\Program Files (x86)\\NVIDIA Corporation\\PhysX\\Common;C:\\windows\\system32;C:\\windows;C:\\windows\\System32\\Wbem;C:\\windows\\System32\\WindowsPowerShell\\v1.0\\;C:\\mozilla-build\\python27;C:\\mozilla-build\\python27\\Scripts;C:\\mozilla-build\\msys\\bin;C:\\mozilla-build\\vim\\vim72;C:\\mozilla-build\\wget;C:\\mozilla-build\\info-zip;C:\\CoreUtils\\bin;C:\\mozilla-build\\buildbotve\\scripts;C:\\mozilla-build\\hg',
17:02:29     INFO -  'PATHEXT': '.COM;.EXE;.BAT;.CMD;.VBS;.VBE;.JS;.JSE;.WSF;.WSH;.MSC',
17:02:29     INFO -  'PROCESSOR_ARCHITECTURE': 'x86',
17:02:29     INFO -  'PROCESSOR_ARCHITEW6432': 'AMD64',
17:02:29     INFO -  'PROCESSOR_IDENTIFIER': 'Intel64 Family 6 Model 30 Stepping 5, GenuineIntel',
17:02:29     INFO -  'PROCESSOR_LEVEL': '6',
17:02:29     INFO -  'PROCESSOR_REVISION': '1e05',
17:02:29     INFO -  'PROGRAMDATA': 'C:\\ProgramData',
17:02:29     INFO -  'PROGRAMFILES': 'C:\\Program Files (x86)',
17:02:29     INFO -  'PROGRAMFILES(X86)': 'C:\\Program Files (x86)',
17:02:29     INFO -  'PROGRAMW6432': 'C:\\Program Files',
17:02:29     INFO -  'PROMPT': '$P$G',
17:02:29     INFO -  'PROPERTIES_FILE': 'C:\\slave\\test/buildprops.json',
17:02:29     INFO -  'PSMODULEPATH': 'C:\\windows\\system32\\WindowsPowerShell\\v1.0\\Modules\\',
17:02:29     INFO -  'PUBLIC': 'C:\\Users\\Public',
17:02:29     INFO -  'PWD': 'C:\\slave\\test',
17:02:29     INFO -  'RUNLOGFILE': 'C:\\slave\\\\runslave.log',
17:02:29     INFO -  'SLAVEDIR': 'C:\\slave\\',
17:02:29     INFO -  'SYSTEMDRIVE': 'C:',
17:02:29     INFO -  'SYSTEMROOT': 'C:\\windows',
17:02:29     INFO -  'TEMP': 'C:\\Users\\CLTBLD~1.001\\AppData\\Local\\Temp',
17:02:29     INFO -  'TEST1': 'testie',
17:02:29     INFO -  'TMP': 'C:\\Users\\CLTBLD~1.001\\AppData\\Local\\Temp',
17:02:29     INFO -  'USERDOMAIN': 'T-W864-IX-040',
17:02:29     INFO -  'USERDOMAIN_ROAMINGPROFILE': 'T-W864-IX-040',
17:02:29     INFO -  'USERNAME': 'cltbld',
17:02:29     INFO -  'USERPROFILE': 'C:\\Users\\cltbld.T-W864-IX-040.001',
17:02:29     INFO -  'WINDIR': 'C:\\windows',
17:02:29     INFO -  'XPCOM_DEBUG_BREAK': 'warn'}
17:02:29     INFO -  Ignoring indexes: https://pypi.python.org/simple
17:02:29     INFO -  Requirement already satisfied (use --upgrade to upgrade): functools32==3.2.3-2 in c:\slave\test\build\venv\lib\site-packages
17:02:29     INFO - Return code: 0
17:02:29     INFO - Installing blobuploader==1.2.4 into virtualenv C:\slave\test\build\venv
17:02:29     INFO - retry: Calling run_command with args: [['C:\\slave\\test\\build\\venv\\Scripts\\pip', 'install', '--timeout', '120', '--no-index', '--find-links', 'http://pypi.pvt.build.mozilla.org/pub', '--find-links', 'http://pypi.pub.build.mozilla.org/pub', '--trusted-host', 'pypi.pub.build.mozilla.org', '--trusted-host', 'pypi.pvt.build.mozilla.org', 'blobuploader==1.2.4']], kwargs: {'error_level': 'warning', 'error_list': [{'substr': 'not found or a compiler error:', 'level': 'warning'}, {'regex': <_sre.SRE_Pattern object at 0x025CF250>, 'level': 'error'}, {'regex': <_sre.SRE_Pattern object at 0x025E3188>, 'level': 'warning'}, {'regex': <_sre.SRE_Pattern object at 0x0260D1C0>, 'level': 'debug'}, {'substr': 'command not found', 'level': 'error'}, {'regex': <_sre.SRE_Pattern object at 0x01D68DE8>, 'level': 'warning'}, {'substr': 'Traceback (most recent call last)', 'level': 'error'}, {'substr': 'SyntaxError: ', 'level': 'error'}, {'substr': 'TypeError: ', 'level': 'error'}, {'substr': 'NameError: ', 'level': 'error'}, {'substr': 'ZeroDivisionError: ', 'level': 'error'}, {'regex': <_sre.SRE_Pattern object at 0x0254F230>, 'level': 'critical'}, {'regex': <_sre.SRE_Pattern object at 0x025D7520>, 'level': 'critical'}], 'cwd': 'C:\\slave\\test\\build', 'env': {'TMP': 'C:\\Users\\CLTBLD~1.001\\AppData\\Local\\Temp', 'TEST1': 'testie', 'COMPUTERNAME': 'T-W864-IX-040', 'USERDOMAIN': 'T-W864-IX-040', 'KTS_VERSION': '1.19c', 'PSMODULEPATH': 'C:\\windows\\system32\\WindowsPowerShell\\v1.0\\Modules\\', 'COMMONPROGRAMFILES': 'C:\\Program Files (x86)\\Common Files', 'PROCESSOR_IDENTIFIER': 'Intel64 Family 6 Model 30 Stepping 5, GenuineIntel', 'PROGRAMFILES': 'C:\\Program Files (x86)', 'PROCESSOR_REVISION': '1e05', 'DNSSUFFIX': 'wintest.releng.scl3.mozilla.com', 'SYSTEMROOT': 'C:\\windows', 'NO_EM_RESTART': '1', 'PROGRAMFILES(X86)': 'C:\\Program Files (x86)', 'OURDRIVE': 'C:', 'MOZ_HIDE_RESULTS_TABLE': '1', 'XPCOM_DEBUG_BREAK': 'warn', 'MONDIR': 'C:\\Monitor_config\\', 'TEMP': 'C:\\Users\\CLTBLD~1.001\\AppData\\Local\\Temp', 'COMMONPROGRAMFILES(X86)': 'C:\\Program Files (x86)\\Common Files', 'RUNLOGFILE': 'C:\\slave\\\\runslave.log', 'PROCESSOR_ARCHITECTURE': 'x86', 'ALLUSERSPROFILE': 'C:\\ProgramData', 'USERPROFILE': 'C:\\Users\\cltbld.T-W864-IX-040.001', 'LOCALAPPDATA': 'C:\\Users\\cltbld.T-W864-IX-040.001\\AppData\\Local', 'HOMEPATH': '\\Users\\cltbld.T-W864-IX-040.001', 'USERDOMAIN_ROAMINGPROFILE': 'T-W864-IX-040', 'MOZBUILDDIR': 'C:\\mozilla-build\\', 'PROGRAMW6432': 'C:\\Program Files', 'USERNAME': 'cltbld', 'LOGONSERVER': '\\\\T-W864-IX-040', 'MOZ_NO_REMOTE': '1', 'COMSPEC': 'C:\\windows\\system32\\cmd.exe', 'PROGRAMDATA': 'C:\\ProgramData', 'PROPERTIES_FILE': 'C:\\slave\\test/buildprops.json', 'PATH': 'C:\\Program Files (x86)\\NVIDIA Corporation\\PhysX\\Common;C:\\windows\\system32;C:\\windows;C:\\windows\\System32\\Wbem;C:\\windows\\System32\\WindowsPowerShell\\v1.0\\;C:\\mozilla-build\\python27;C:\\mozilla-build\\python27\\Scripts;C:\\mozilla-build\\msys\\bin;C:\\mozilla-build\\vim\\vim72;C:\\mozilla-build\\wget;C:\\mozilla-build\\info-zip;C:\\CoreUtils\\bin;C:\\mozilla-build\\buildbotve\\scripts;C:\\mozilla-build\\hg', 'PROMPT': '$P$G', 'NO_FAIL_ON_TEST_ERRORS': '1', 'PATHEXT': '.COM;.EXE;.BAT;.CMD;.VBS;.VBE;.JS;.JSE;.WSF;.WSH;.MSC', 'FP_NO_HOST_CHECK': 'NO', 'DCLOCATION': 'SCL3', 'APPDATA': 'C:\\Users\\cltbld.T-W864-IX-040.001\\AppData\\Roaming', 'HOMEDRIVE': 'C:', 'SYSTEMDRIVE': 'C:', 'SLAVEDIR': 'C:\\slave\\', 'NUMBER_OF_PROCESSORS': '8', 'PWD': 'C:\\slave\\test', 'PROCESSOR_LEVEL': '6', 'KTS_HOME': 'C:\\Program Files\\KTS', 'PROCESSOR_ARCHITEW6432': 'AMD64', 'MOZ_CRASHREPORTER_NO_REPORT': '1', 'COMMONPROGRAMW6432': 'C:\\Program Files\\Common Files', 'OS': 'Windows_NT', 'PUBLIC': 'C:\\Users\\Public', 'WINDIR': 'C:\\windows'}}, attempt #1
17:02:29     INFO - Running command: ['C:\\slave\\test\\build\\venv\\Scripts\\pip', 'install', '--timeout', '120', '--no-index', '--find-links', 'http://pypi.pvt.build.mozilla.org/pub', '--find-links', 'http://pypi.pub.build.mozilla.org/pub', '--trusted-host', 'pypi.pub.build.mozilla.org', '--trusted-host', 'pypi.pvt.build.mozilla.org', 'blobuploader==1.2.4'] in C:\slave\test\build
17:02:29     INFO - Copy/paste: C:\slave\test\build\venv\Scripts\pip install --timeout 120 --no-index --find-links http://pypi.pvt.build.mozilla.org/pub --find-links http://pypi.pub.build.mozilla.org/pub --trusted-host pypi.pub.build.mozilla.org --trusted-host pypi.pvt.build.mozilla.org blobuploader==1.2.4
17:02:29     INFO - Using env: {'ALLUSERSPROFILE': 'C:\\ProgramData',
17:02:29     INFO -  'APPDATA': 'C:\\Users\\cltbld.T-W864-IX-040.001\\AppData\\Roaming',
17:02:29     INFO -  'COMMONPROGRAMFILES': 'C:\\Program Files (x86)\\Common Files',
17:02:29     INFO -  'COMMONPROGRAMFILES(X86)': 'C:\\Program Files (x86)\\Common Files',
17:02:29     INFO -  'COMMONPROGRAMW6432': 'C:\\Program Files\\Common Files',
17:02:29     INFO -  'COMPUTERNAME': 'T-W864-IX-040',
17:02:29     INFO -  'COMSPEC': 'C:\\windows\\system32\\cmd.exe',
17:02:29     INFO -  'DCLOCATION': 'SCL3',
17:02:29     INFO -  'DNSSUFFIX': 'wintest.releng.scl3.mozilla.com',
17:02:29     INFO -  'FP_NO_HOST_CHECK': 'NO',
17:02:29     INFO -  'HOMEDRIVE': 'C:',
17:02:29     INFO -  'HOMEPATH': '\\Users\\cltbld.T-W864-IX-040.001',
17:02:29     INFO -  'KTS_HOME': 'C:\\Program Files\\KTS',
17:02:29     INFO -  'KTS_VERSION': '1.19c',
17:02:29     INFO -  'LOCALAPPDATA': 'C:\\Users\\cltbld.T-W864-IX-040.001\\AppData\\Local',
17:02:29     INFO -  'LOGONSERVER': '\\\\T-W864-IX-040',
17:02:29     INFO -  'MONDIR': 'C:\\Monitor_config\\',
17:02:29     INFO -  'MOZBUILDDIR': 'C:\\mozilla-build\\',
17:02:29     INFO -  'MOZ_CRASHREPORTER_NO_REPORT': '1',
17:02:29     INFO -  'MOZ_HIDE_RESULTS_TABLE': '1',
17:02:29     INFO -  'MOZ_NO_REMOTE': '1',
17:02:29     INFO -  'NO_EM_RESTART': '1',
17:02:29     INFO -  'NO_FAIL_ON_TEST_ERRORS': '1',
17:02:29     INFO -  'NUMBER_OF_PROCESSORS': '8',
17:02:29     INFO -  'OS': 'Windows_NT',
17:02:29     INFO -  'OURDRIVE': 'C:',
17:02:29     INFO -  'PATH': 'C:\\Program Files (x86)\\NVIDIA Corporation\\PhysX\\Common;C:\\windows\\system32;C:\\windows;C:\\windows\\System32\\Wbem;C:\\windows\\System32\\WindowsPowerShell\\v1.0\\;C:\\mozilla-build\\python27;C:\\mozilla-build\\python27\\Scripts;C:\\mozilla-build\\msys\\bin;C:\\mozilla-build\\vim\\vim72;C:\\mozilla-build\\wget;C:\\mozilla-build\\info-zip;C:\\CoreUtils\\bin;C:\\mozilla-build\\buildbotve\\scripts;C:\\mozilla-build\\hg',
17:02:29     INFO -  'PATHEXT': '.COM;.EXE;.BAT;.CMD;.VBS;.VBE;.JS;.JSE;.WSF;.WSH;.MSC',
17:02:29     INFO -  'PROCESSOR_ARCHITECTURE': 'x86',
17:02:29     INFO -  'PROCESSOR_ARCHITEW6432': 'AMD64',
17:02:29     INFO -  'PROCESSOR_IDENTIFIER': 'Intel64 Family 6 Model 30 Stepping 5, GenuineIntel',
17:02:29     INFO -  'PROCESSOR_LEVEL': '6',
17:02:29     INFO -  'PROCESSOR_REVISION': '1e05',
17:02:29     INFO -  'PROGRAMDATA': 'C:\\ProgramData',
17:02:29     INFO -  'PROGRAMFILES': 'C:\\Program Files (x86)',
17:02:29     INFO -  'PROGRAMFILES(X86)': 'C:\\Program Files (x86)',
17:02:29     INFO -  'PROGRAMW6432': 'C:\\Program Files',
17:02:29     INFO -  'PROMPT': '$P$G',
17:02:29     INFO -  'PROPERTIES_FILE': 'C:\\slave\\test/buildprops.json',
17:02:29     INFO -  'PSMODULEPATH': 'C:\\windows\\system32\\WindowsPowerShell\\v1.0\\Modules\\',
17:02:29     INFO -  'PUBLIC': 'C:\\Users\\Public',
17:02:29     INFO -  'PWD': 'C:\\slave\\test',
17:02:29     INFO -  'RUNLOGFILE': 'C:\\slave\\\\runslave.log',
17:02:29     INFO -  'SLAVEDIR': 'C:\\slave\\',
17:02:29     INFO -  'SYSTEMDRIVE': 'C:',
17:02:29     INFO -  'SYSTEMROOT': 'C:\\windows',
17:02:29     INFO -  'TEMP': 'C:\\Users\\CLTBLD~1.001\\AppData\\Local\\Temp',
17:02:29     INFO -  'TEST1': 'testie',
17:02:29     INFO -  'TMP': 'C:\\Users\\CLTBLD~1.001\\AppData\\Local\\Temp',
17:02:29     INFO -  'USERDOMAIN': 'T-W864-IX-040',
17:02:29     INFO -  'USERDOMAIN_ROAMINGPROFILE': 'T-W864-IX-040',
17:02:29     INFO -  'USERNAME': 'cltbld',
17:02:29     INFO -  'USERPROFILE': 'C:\\Users\\cltbld.T-W864-IX-040.001',
17:02:29     INFO -  'WINDIR': 'C:\\windows',
17:02:29     INFO -  'XPCOM_DEBUG_BREAK': 'warn'}
17:02:29     INFO -  Ignoring indexes: https://pypi.python.org/simple
17:02:29     INFO -  Collecting blobuploader==1.2.4
17:02:31     INFO -  Collecting docopt==0.6.1 (from blobuploader==1.2.4)
17:02:32     INFO -  Collecting requests==1.2.3. (from blobuploader==1.2.4)
17:02:33     INFO -  Installing collected packages: docopt, requests, blobuploader
17:02:33     INFO -  Successfully installed blobuploader-1.2.4 docopt-0.6.1 requests-1.2.3
17:02:34     INFO - Return code: 0
17:02:34     INFO - Installing None into virtualenv C:\slave\test\build\venv
17:02:34     INFO - retry: Calling run_command with args: [['C:\\slave\\test\\build\\venv\\Scripts\\pip', 'install', '--no-deps', '--timeout', '120', '-r', 'C:\\slave\\test\\build\\tests\\config\\marionette_requirements.txt', '--no-index', '--find-links', 'http://pypi.pvt.build.mozilla.org/pub', '--find-links', 'http://pypi.pub.build.mozilla.org/pub', '--trusted-host', 'pypi.pub.build.mozilla.org', '--trusted-host', 'pypi.pvt.build.mozilla.org']], kwargs: {'error_level': 'warning', 'error_list': [{'substr': 'not found or a compiler error:', 'level': 'warning'}, {'regex': <_sre.SRE_Pattern object at 0x025CF250>, 'level': 'error'}, {'regex': <_sre.SRE_Pattern object at 0x025E3188>, 'level': 'warning'}, {'regex': <_sre.SRE_Pattern object at 0x0260D1C0>, 'level': 'debug'}, {'substr': 'command not found', 'level': 'error'}, {'regex': <_sre.SRE_Pattern object at 0x01D68DE8>, 'level': 'warning'}, {'substr': 'Traceback (most recent call last)', 'level': 'error'}, {'substr': 'SyntaxError: ', 'level': 'error'}, {'substr': 'TypeError: ', 'level': 'error'}, {'substr': 'NameError: ', 'level': 'error'}, {'substr': 'ZeroDivisionError: ', 'level': 'error'}, {'regex': <_sre.SRE_Pattern object at 0x0254F230>, 'level': 'critical'}, {'regex': <_sre.SRE_Pattern object at 0x025D7520>, 'level': 'critical'}], 'cwd': 'C:\\slave\\test\\build\\tests\\config', 'env': {'TMP': 'C:\\Users\\CLTBLD~1.001\\AppData\\Local\\Temp', 'TEST1': 'testie', 'COMPUTERNAME': 'T-W864-IX-040', 'USERDOMAIN': 'T-W864-IX-040', 'KTS_VERSION': '1.19c', 'PSMODULEPATH': 'C:\\windows\\system32\\WindowsPowerShell\\v1.0\\Modules\\', 'COMMONPROGRAMFILES': 'C:\\Program Files (x86)\\Common Files', 'PROCESSOR_IDENTIFIER': 'Intel64 Family 6 Model 30 Stepping 5, GenuineIntel', 'PROGRAMFILES': 'C:\\Program Files (x86)', 'PROCESSOR_REVISION': '1e05', 'DNSSUFFIX': 'wintest.releng.scl3.mozilla.com', 'SYSTEMROOT': 'C:\\windows', 'NO_EM_RESTART': '1', 'PROGRAMFILES(X86)': 'C:\\Program Files (x86)', 'OURDRIVE': 'C:', 'MOZ_HIDE_RESULTS_TABLE': '1', 'XPCOM_DEBUG_BREAK': 'warn', 'MONDIR': 'C:\\Monitor_config\\', 'TEMP': 'C:\\Users\\CLTBLD~1.001\\AppData\\Local\\Temp', 'COMMONPROGRAMFILES(X86)': 'C:\\Program Files (x86)\\Common Files', 'RUNLOGFILE': 'C:\\slave\\\\runslave.log', 'PROCESSOR_ARCHITECTURE': 'x86', 'ALLUSERSPROFILE': 'C:\\ProgramData', 'USERPROFILE': 'C:\\Users\\cltbld.T-W864-IX-040.001', 'LOCALAPPDATA': 'C:\\Users\\cltbld.T-W864-IX-040.001\\AppData\\Local', 'HOMEPATH': '\\Users\\cltbld.T-W864-IX-040.001', 'USERDOMAIN_ROAMINGPROFILE': 'T-W864-IX-040', 'MOZBUILDDIR': 'C:\\mozilla-build\\', 'PROGRAMW6432': 'C:\\Program Files', 'USERNAME': 'cltbld', 'LOGONSERVER': '\\\\T-W864-IX-040', 'MOZ_NO_REMOTE': '1', 'COMSPEC': 'C:\\windows\\system32\\cmd.exe', 'PROGRAMDATA': 'C:\\ProgramData', 'PROPERTIES_FILE': 'C:\\slave\\test/buildprops.json', 'PATH': 'C:\\Program Files (x86)\\NVIDIA Corporation\\PhysX\\Common;C:\\windows\\system32;C:\\windows;C:\\windows\\System32\\Wbem;C:\\windows\\System32\\WindowsPowerShell\\v1.0\\;C:\\mozilla-build\\python27;C:\\mozilla-build\\python27\\Scripts;C:\\mozilla-build\\msys\\bin;C:\\mozilla-build\\vim\\vim72;C:\\mozilla-build\\wget;C:\\mozilla-build\\info-zip;C:\\CoreUtils\\bin;C:\\mozilla-build\\buildbotve\\scripts;C:\\mozilla-build\\hg', 'PROMPT': '$P$G', 'NO_FAIL_ON_TEST_ERRORS': '1', 'PATHEXT': '.COM;.EXE;.BAT;.CMD;.VBS;.VBE;.JS;.JSE;.WSF;.WSH;.MSC', 'FP_NO_HOST_CHECK': 'NO', 'DCLOCATION': 'SCL3', 'APPDATA': 'C:\\Users\\cltbld.T-W864-IX-040.001\\AppData\\Roaming', 'HOMEDRIVE': 'C:', 'SYSTEMDRIVE': 'C:', 'SLAVEDIR': 'C:\\slave\\', 'NUMBER_OF_PROCESSORS': '8', 'PWD': 'C:\\slave\\test', 'PROCESSOR_LEVEL': '6', 'KTS_HOME': 'C:\\Program Files\\KTS', 'PROCESSOR_ARCHITEW6432': 'AMD64', 'MOZ_CRASHREPORTER_NO_REPORT': '1', 'COMMONPROGRAMW6432': 'C:\\Program Files\\Common Files', 'OS': 'Windows_NT', 'PUBLIC': 'C:\\Users\\Public', 'WINDIR': 'C:\\windows'}}, attempt #1
17:02:34     INFO - Running command: ['C:\\slave\\test\\build\\venv\\Scripts\\pip', 'install', '--no-deps', '--timeout', '120', '-r', 'C:\\slave\\test\\build\\tests\\config\\marionette_requirements.txt', '--no-index', '--find-links', 'http://pypi.pvt.build.mozilla.org/pub', '--find-links', 'http://pypi.pub.build.mozilla.org/pub', '--trusted-host', 'pypi.pub.build.mozilla.org', '--trusted-host', 'pypi.pvt.build.mozilla.org'] in C:\slave\test\build\tests\config
17:02:34     INFO - Copy/paste: C:\slave\test\build\venv\Scripts\pip install --no-deps --timeout 120 -r C:\slave\test\build\tests\config\marionette_requirements.txt --no-index --find-links http://pypi.pvt.build.mozilla.org/pub --find-links http://pypi.pub.build.mozilla.org/pub --trusted-host pypi.pub.build.mozilla.org --trusted-host pypi.pvt.build.mozilla.org
17:02:34     INFO - Using env: {'ALLUSERSPROFILE': 'C:\\ProgramData',
17:02:34     INFO -  'APPDATA': 'C:\\Users\\cltbld.T-W864-IX-040.001\\AppData\\Roaming',
17:02:34     INFO -  'COMMONPROGRAMFILES': 'C:\\Program Files (x86)\\Common Files',
17:02:34     INFO -  'COMMONPROGRAMFILES(X86)': 'C:\\Program Files (x86)\\Common Files',
17:02:34     INFO -  'COMMONPROGRAMW6432': 'C:\\Program Files\\Common Files',
17:02:34     INFO -  'COMPUTERNAME': 'T-W864-IX-040',
17:02:34     INFO -  'COMSPEC': 'C:\\windows\\system32\\cmd.exe',
17:02:34     INFO -  'DCLOCATION': 'SCL3',
17:02:34     INFO -  'DNSSUFFIX': 'wintest.releng.scl3.mozilla.com',
17:02:34     INFO -  'FP_NO_HOST_CHECK': 'NO',
17:02:34     INFO -  'HOMEDRIVE': 'C:',
17:02:34     INFO -  'HOMEPATH': '\\Users\\cltbld.T-W864-IX-040.001',
17:02:34     INFO -  'KTS_HOME': 'C:\\Program Files\\KTS',
17:02:34     INFO -  'KTS_VERSION': '1.19c',
17:02:34     INFO -  'LOCALAPPDATA': 'C:\\Users\\cltbld.T-W864-IX-040.001\\AppData\\Local',
17:02:34     INFO -  'LOGONSERVER': '\\\\T-W864-IX-040',
17:02:34     INFO -  'MONDIR': 'C:\\Monitor_config\\',
17:02:34     INFO -  'MOZBUILDDIR': 'C:\\mozilla-build\\',
17:02:34     INFO -  'MOZ_CRASHREPORTER_NO_REPORT': '1',
17:02:34     INFO -  'MOZ_HIDE_RESULTS_TABLE': '1',
17:02:34     INFO -  'MOZ_NO_REMOTE': '1',
17:02:34     INFO -  'NO_EM_RESTART': '1',
17:02:34     INFO -  'NO_FAIL_ON_TEST_ERRORS': '1',
17:02:34     INFO -  'NUMBER_OF_PROCESSORS': '8',
17:02:34     INFO -  'OS': 'Windows_NT',
17:02:34     INFO -  'OURDRIVE': 'C:',
17:02:34     INFO -  'PATH': 'C:\\Program Files (x86)\\NVIDIA Corporation\\PhysX\\Common;C:\\windows\\system32;C:\\windows;C:\\windows\\System32\\Wbem;C:\\windows\\System32\\WindowsPowerShell\\v1.0\\;C:\\mozilla-build\\python27;C:\\mozilla-build\\python27\\Scripts;C:\\mozilla-build\\msys\\bin;C:\\mozilla-build\\vim\\vim72;C:\\mozilla-build\\wget;C:\\mozilla-build\\info-zip;C:\\CoreUtils\\bin;C:\\mozilla-build\\buildbotve\\scripts;C:\\mozilla-build\\hg',
17:02:34     INFO -  'PATHEXT': '.COM;.EXE;.BAT;.CMD;.VBS;.VBE;.JS;.JSE;.WSF;.WSH;.MSC',
17:02:34     INFO -  'PROCESSOR_ARCHITECTURE': 'x86',
17:02:34     INFO -  'PROCESSOR_ARCHITEW6432': 'AMD64',
17:02:34     INFO -  'PROCESSOR_IDENTIFIER': 'Intel64 Family 6 Model 30 Stepping 5, GenuineIntel',
17:02:34     INFO -  'PROCESSOR_LEVEL': '6',
17:02:34     INFO -  'PROCESSOR_REVISION': '1e05',
17:02:34     INFO -  'PROGRAMDATA': 'C:\\ProgramData',
17:02:34     INFO -  'PROGRAMFILES': 'C:\\Program Files (x86)',
17:02:34     INFO -  'PROGRAMFILES(X86)': 'C:\\Program Files (x86)',
17:02:34     INFO -  'PROGRAMW6432': 'C:\\Program Files',
17:02:34     INFO -  'PROMPT': '$P$G',
17:02:34     INFO -  'PROPERTIES_FILE': 'C:\\slave\\test/buildprops.json',
17:02:34     INFO -  'PSMODULEPATH': 'C:\\windows\\system32\\WindowsPowerShell\\v1.0\\Modules\\',
17:02:34     INFO -  'PUBLIC': 'C:\\Users\\Public',
17:02:34     INFO -  'PWD': 'C:\\slave\\test',
17:02:34     INFO -  'RUNLOGFILE': 'C:\\slave\\\\runslave.log',
17:02:34     INFO -  'SLAVEDIR': 'C:\\slave\\',
17:02:34     INFO -  'SYSTEMDRIVE': 'C:',
17:02:34     INFO -  'SYSTEMROOT': 'C:\\windows',
17:02:34     INFO -  'TEMP': 'C:\\Users\\CLTBLD~1.001\\AppData\\Local\\Temp',
17:02:34     INFO -  'TEST1': 'testie',
17:02:34     INFO -  'TMP': 'C:\\Users\\CLTBLD~1.001\\AppData\\Local\\Temp',
17:02:34     INFO -  'USERDOMAIN': 'T-W864-IX-040',
17:02:34     INFO -  'USERDOMAIN_ROAMINGPROFILE': 'T-W864-IX-040',
17:02:34     INFO -  'USERNAME': 'cltbld',
17:02:34     INFO -  'USERPROFILE': 'C:\\Users\\cltbld.T-W864-IX-040.001',
17:02:34     INFO -  'WINDIR': 'C:\\windows',
17:02:34     INFO -  'XPCOM_DEBUG_BREAK': 'warn'}
17:02:35     INFO -  Ignoring indexes: https://pypi.python.org/simple
17:02:35     INFO -  Processing c:\slave\test\build\tests\mozbase\manifestparser
17:02:35     INFO -  Processing c:\slave\test\build\tests\mozbase\mozcrash
17:02:35     INFO -  Processing c:\slave\test\build\tests\mozbase\mozdebug
17:02:36     INFO -  Processing c:\slave\test\build\tests\mozbase\mozdevice
17:02:36     INFO -  Processing c:\slave\test\build\tests\mozbase\mozfile
17:02:36     INFO -  Processing c:\slave\test\build\tests\mozbase\mozhttpd
17:02:36     INFO -  Processing c:\slave\test\build\tests\mozbase\mozinfo
17:02:37     INFO -  Processing c:\slave\test\build\tests\mozbase\mozinstall
17:02:37     INFO -  Processing c:\slave\test\build\tests\mozbase\mozleak
17:02:37     INFO -  Processing c:\slave\test\build\tests\mozbase\mozlog
17:02:37     INFO -  Processing c:\slave\test\build\tests\mozbase\moznetwork
17:02:38     INFO -  Processing c:\slave\test\build\tests\mozbase\mozprocess
17:02:38     INFO -  Processing c:\slave\test\build\tests\mozbase\mozprofile
17:02:38     INFO -  Processing c:\slave\test\build\tests\mozbase\mozrunner
17:02:38     INFO -  Processing c:\slave\test\build\tests\mozbase\mozscreenshot
17:02:39     INFO -  Processing c:\slave\test\build\tests\mozbase\moztest
17:02:39     INFO -  Processing c:\slave\test\build\tests\mozbase\mozversion
17:02:39     INFO -  Processing c:\slave\test\build\tests\tools\wptserve
17:02:39     INFO -  Processing c:\slave\test\build\tests\marionette\client
17:02:40     INFO -  Processing c:\slave\test\build\tests\marionette\harness\marionette_harness\runner\mixins\browsermob-proxy-py
17:02:40     INFO -  Processing c:\slave\test\build\tests\marionette\harness
17:02:40     INFO -  Processing c:\slave\test\build\tests\marionette\puppeteer\firefox
17:02:41     INFO -  Building wheels for collected packages: browsermob-proxy
17:02:41     INFO -    Running setup.py bdist_wheel for browsermob-proxy: started
17:02:42     INFO -    Running setup.py bdist_wheel for browsermob-proxy: finished with status 'done'
17:02:42     INFO -    Stored in directory: C:\Users\cltbld.T-W864-IX-040.001\AppData\Local\pip\Cache\wheels\08\c0\29\e3a3f32d6ca19470885c6032e6c0a54976e207f709e0326988
17:02:42     INFO -  Successfully built browsermob-proxy
17:02:42     INFO -  Installing collected packages: manifestparser, mozcrash, mozdebug, mozdevice, mozfile, mozhttpd, mozinfo, mozInstall, mozleak, mozlog, moznetwork, mozprocess, mozprofile, mozrunner, mozscreenshot, moztest, mozversion, wptserve, marionette-driver, browsermob-proxy, marionette-harness, firefox-puppeteer
17:02:42     INFO -    Running setup.py install for manifestparser: started
17:02:42     INFO -      Running setup.py install for manifestparser: finished with status 'done'
17:02:43     INFO -    Running setup.py install for mozcrash: started
17:02:43     INFO -      Running setup.py install for mozcrash: finished with status 'done'
17:02:43     INFO -    Running setup.py install for mozdebug: started
17:02:44     INFO -      Running setup.py install for mozdebug: finished with status 'done'
17:02:44     INFO -    Running setup.py install for mozdevice: started
17:02:44     INFO -      Running setup.py install for mozdevice: finished with status 'done'
17:02:45     INFO -    Running setup.py install for mozfile: started
17:02:45     INFO -      Running setup.py install for mozfile: finished with status 'done'
17:02:45     INFO -    Running setup.py install for mozhttpd: started
17:02:45     INFO -      Running setup.py install for mozhttpd: finished with status 'done'
17:02:46     INFO -    Running setup.py install for mozinfo: started
17:02:46     INFO -      Running setup.py install for mozinfo: finished with status 'done'
17:02:46     INFO -    Running setup.py install for mozInstall: started
17:02:46     INFO -      Running setup.py install for mozInstall: finished with status 'done'
17:02:47     INFO -    Running setup.py install for mozleak: started
17:02:47     INFO -      Running setup.py install for mozleak: finished with status 'done'
17:02:47     INFO -    Running setup.py install for mozlog: started
17:02:48     INFO -      Running setup.py install for mozlog: finished with status 'done'
17:02:49     INFO -    Running setup.py install for moznetwork: started
17:02:49     INFO -      Running setup.py install for moznetwork: finished with status 'done'
17:02:49     INFO -    Running setup.py install for mozprocess: started
17:02:50     INFO -      Running setup.py install for mozprocess: finished with status 'done'
17:02:50     INFO -    Running setup.py install for mozprofile: started
17:02:50     INFO -      Running setup.py install for mozprofile: finished with status 'done'
17:02:51     INFO -    Running setup.py install for mozrunner: started
17:02:51     INFO -      Running setup.py install for mozrunner: finished with status 'done'
17:02:52     INFO -    Running setup.py install for mozscreenshot: started
17:02:52     INFO -      Running setup.py install for mozscreenshot: finished with status 'done'
17:02:52     INFO -    Running setup.py install for moztest: started
17:02:52     INFO -      Running setup.py install for moztest: finished with status 'done'
17:02:53     INFO -    Running setup.py install for mozversion: started
17:02:53     INFO -      Running setup.py install for mozversion: finished with status 'done'
17:02:53     INFO -    Running setup.py install for wptserve: started
17:02:53     INFO -      Running setup.py install for wptserve: finished with status 'done'
17:02:54     INFO -    Running setup.py install for marionette-driver: started
17:02:54     INFO -      Running setup.py install for marionette-driver: finished with status 'done'
17:02:55     INFO -    Running setup.py install for marionette-harness: started
17:02:55     INFO -      Running setup.py install for marionette-harness: finished with status 'done'
17:02:56     INFO -    Running setup.py install for firefox-puppeteer: started
17:02:57     INFO -      Running setup.py install for firefox-puppeteer: finished with status 'done'
17:02:58     INFO -  Successfully installed browsermob-proxy-0.6.0 firefox-puppeteer-52.1.0 manifestparser-1.1 marionette-driver-2.2.0 marionette-harness-4.0.0 mozInstall-1.12 mozcrash-1.0 mozdebug-0.1 mozdevice-0.48 mozfile-1.2 mozhttpd-0.7 mozinfo-0.9 mozleak-0.1 mozlog-3.4 moznetwork-0.27 mozprocess-0.23 mozprofile-0.28 mozrunner-6.13 mozscreenshot-0.1 moztest-0.8 mozversion-1.4 wptserve-1.4.0
17:02:58     INFO - Return code: 0
17:02:58     INFO - Installing None into virtualenv C:\slave\test\build\venv
17:02:58     INFO - retry: Calling run_command with args: [['C:\\slave\\test\\build\\venv\\Scripts\\pip', 'install', '--timeout', '120', '-r', 'C:\\slave\\test\\build\\tests\\config\\marionette_requirements.txt', '--no-index', '--find-links', 'http://pypi.pvt.build.mozilla.org/pub', '--find-links', 'http://pypi.pub.build.mozilla.org/pub', '--trusted-host', 'pypi.pub.build.mozilla.org', '--trusted-host', 'pypi.pvt.build.mozilla.org']], kwargs: {'error_level': 'warning', 'error_list': [{'substr': 'not found or a compiler error:', 'level': 'warning'}, {'regex': <_sre.SRE_Pattern object at 0x025CF250>, 'level': 'error'}, {'regex': <_sre.SRE_Pattern object at 0x025E3188>, 'level': 'warning'}, {'regex': <_sre.SRE_Pattern object at 0x0260D1C0>, 'level': 'debug'}, {'substr': 'command not found', 'level': 'error'}, {'regex': <_sre.SRE_Pattern object at 0x01D68DE8>, 'level': 'warning'}, {'substr': 'Traceback (most recent call last)', 'level': 'error'}, {'substr': 'SyntaxError: ', 'level': 'error'}, {'substr': 'TypeError: ', 'level': 'error'}, {'substr': 'NameError: ', 'level': 'error'}, {'substr': 'ZeroDivisionError: ', 'level': 'error'}, {'regex': <_sre.SRE_Pattern object at 0x0254F230>, 'level': 'critical'}, {'regex': <_sre.SRE_Pattern object at 0x025D7520>, 'level': 'critical'}], 'cwd': 'C:\\slave\\test\\build\\tests\\config', 'env': {'TMP': 'C:\\Users\\CLTBLD~1.001\\AppData\\Local\\Temp', 'TEST1': 'testie', 'COMPUTERNAME': 'T-W864-IX-040', 'USERDOMAIN': 'T-W864-IX-040', 'KTS_VERSION': '1.19c', 'PSMODULEPATH': 'C:\\windows\\system32\\WindowsPowerShell\\v1.0\\Modules\\', 'COMMONPROGRAMFILES': 'C:\\Program Files (x86)\\Common Files', 'PROCESSOR_IDENTIFIER': 'Intel64 Family 6 Model 30 Stepping 5, GenuineIntel', 'PROGRAMFILES': 'C:\\Program Files (x86)', 'PROCESSOR_REVISION': '1e05', 'DNSSUFFIX': 'wintest.releng.scl3.mozilla.com', 'SYSTEMROOT': 'C:\\windows', 'NO_EM_RESTART': '1', 'PROGRAMFILES(X86)': 'C:\\Program Files (x86)', 'OURDRIVE': 'C:', 'MOZ_HIDE_RESULTS_TABLE': '1', 'XPCOM_DEBUG_BREAK': 'warn', 'MONDIR': 'C:\\Monitor_config\\', 'TEMP': 'C:\\Users\\CLTBLD~1.001\\AppData\\Local\\Temp', 'COMMONPROGRAMFILES(X86)': 'C:\\Program Files (x86)\\Common Files', 'RUNLOGFILE': 'C:\\slave\\\\runslave.log', 'PROCESSOR_ARCHITECTURE': 'x86', 'ALLUSERSPROFILE': 'C:\\ProgramData', 'USERPROFILE': 'C:\\Users\\cltbld.T-W864-IX-040.001', 'LOCALAPPDATA': 'C:\\Users\\cltbld.T-W864-IX-040.001\\AppData\\Local', 'HOMEPATH': '\\Users\\cltbld.T-W864-IX-040.001', 'USERDOMAIN_ROAMINGPROFILE': 'T-W864-IX-040', 'MOZBUILDDIR': 'C:\\mozilla-build\\', 'PROGRAMW6432': 'C:\\Program Files', 'USERNAME': 'cltbld', 'LOGONSERVER': '\\\\T-W864-IX-040', 'MOZ_NO_REMOTE': '1', 'COMSPEC': 'C:\\windows\\system32\\cmd.exe', 'PROGRAMDATA': 'C:\\ProgramData', 'PROPERTIES_FILE': 'C:\\slave\\test/buildprops.json', 'PATH': 'C:\\Program Files (x86)\\NVIDIA Corporation\\PhysX\\Common;C:\\windows\\system32;C:\\windows;C:\\windows\\System32\\Wbem;C:\\windows\\System32\\WindowsPowerShell\\v1.0\\;C:\\mozilla-build\\python27;C:\\mozilla-build\\python27\\Scripts;C:\\mozilla-build\\msys\\bin;C:\\mozilla-build\\vim\\vim72;C:\\mozilla-build\\wget;C:\\mozilla-build\\info-zip;C:\\CoreUtils\\bin;C:\\mozilla-build\\buildbotve\\scripts;C:\\mozilla-build\\hg', 'PROMPT': '$P$G', 'NO_FAIL_ON_TEST_ERRORS': '1', 'PATHEXT': '.COM;.EXE;.BAT;.CMD;.VBS;.VBE;.JS;.JSE;.WSF;.WSH;.MSC', 'FP_NO_HOST_CHECK': 'NO', 'DCLOCATION': 'SCL3', 'APPDATA': 'C:\\Users\\cltbld.T-W864-IX-040.001\\AppData\\Roaming', 'HOMEDRIVE': 'C:', 'SYSTEMDRIVE': 'C:', 'SLAVEDIR': 'C:\\slave\\', 'NUMBER_OF_PROCESSORS': '8', 'PWD': 'C:\\slave\\test', 'PROCESSOR_LEVEL': '6', 'KTS_HOME': 'C:\\Program Files\\KTS', 'PROCESSOR_ARCHITEW6432': 'AMD64', 'MOZ_CRASHREPORTER_NO_REPORT': '1', 'COMMONPROGRAMW6432': 'C:\\Program Files\\Common Files', 'OS': 'Windows_NT', 'PUBLIC': 'C:\\Users\\Public', 'WINDIR': 'C:\\windows'}}, attempt #1
17:02:58     INFO - Running command: ['C:\\slave\\test\\build\\venv\\Scripts\\pip', 'install', '--timeout', '120', '-r', 'C:\\slave\\test\\build\\tests\\config\\marionette_requirements.txt', '--no-index', '--find-links', 'http://pypi.pvt.build.mozilla.org/pub', '--find-links', 'http://pypi.pub.build.mozilla.org/pub', '--trusted-host', 'pypi.pub.build.mozilla.org', '--trusted-host', 'pypi.pvt.build.mozilla.org'] in C:\slave\test\build\tests\config
17:02:58     INFO - Copy/paste: C:\slave\test\build\venv\Scripts\pip install --timeout 120 -r C:\slave\test\build\tests\config\marionette_requirements.txt --no-index --find-links http://pypi.pvt.build.mozilla.org/pub --find-links http://pypi.pub.build.mozilla.org/pub --trusted-host pypi.pub.build.mozilla.org --trusted-host pypi.pvt.build.mozilla.org
17:02:58     INFO - Using env: {'ALLUSERSPROFILE': 'C:\\ProgramData',
17:02:58     INFO -  'APPDATA': 'C:\\Users\\cltbld.T-W864-IX-040.001\\AppData\\Roaming',
17:02:58     INFO -  'COMMONPROGRAMFILES': 'C:\\Program Files (x86)\\Common Files',
17:02:58     INFO -  'COMMONPROGRAMFILES(X86)': 'C:\\Program Files (x86)\\Common Files',
17:02:58     INFO -  'COMMONPROGRAMW6432': 'C:\\Program Files\\Common Files',
17:02:58     INFO -  'COMPUTERNAME': 'T-W864-IX-040',
17:02:58     INFO -  'COMSPEC': 'C:\\windows\\system32\\cmd.exe',
17:02:58     INFO -  'DCLOCATION': 'SCL3',
17:02:58     INFO -  'DNSSUFFIX': 'wintest.releng.scl3.mozilla.com',
17:02:58     INFO -  'FP_NO_HOST_CHECK': 'NO',
17:02:58     INFO -  'HOMEDRIVE': 'C:',
17:02:58     INFO -  'HOMEPATH': '\\Users\\cltbld.T-W864-IX-040.001',
17:02:58     INFO -  'KTS_HOME': 'C:\\Program Files\\KTS',
17:02:58     INFO -  'KTS_VERSION': '1.19c',
17:02:58     INFO -  'LOCALAPPDATA': 'C:\\Users\\cltbld.T-W864-IX-040.001\\AppData\\Local',
17:02:58     INFO -  'LOGONSERVER': '\\\\T-W864-IX-040',
17:02:58     INFO -  'MONDIR': 'C:\\Monitor_config\\',
17:02:58     INFO -  'MOZBUILDDIR': 'C:\\mozilla-build\\',
17:02:58     INFO -  'MOZ_CRASHREPORTER_NO_REPORT': '1',
17:02:58     INFO -  'MOZ_HIDE_RESULTS_TABLE': '1',
17:02:58     INFO -  'MOZ_NO_REMOTE': '1',
17:02:58     INFO -  'NO_EM_RESTART': '1',
17:02:58     INFO -  'NO_FAIL_ON_TEST_ERRORS': '1',
17:02:58     INFO -  'NUMBER_OF_PROCESSORS': '8',
17:02:58     INFO -  'OS': 'Windows_NT',
17:02:58     INFO -  'OURDRIVE': 'C:',
17:02:58     INFO -  'PATH': 'C:\\Program Files (x86)\\NVIDIA Corporation\\PhysX\\Common;C:\\windows\\system32;C:\\windows;C:\\windows\\System32\\Wbem;C:\\windows\\System32\\WindowsPowerShell\\v1.0\\;C:\\mozilla-build\\python27;C:\\mozilla-build\\python27\\Scripts;C:\\mozilla-build\\msys\\bin;C:\\mozilla-build\\vim\\vim72;C:\\mozilla-build\\wget;C:\\mozilla-build\\info-zip;C:\\CoreUtils\\bin;C:\\mozilla-build\\buildbotve\\scripts;C:\\mozilla-build\\hg',
17:02:58     INFO -  'PATHEXT': '.COM;.EXE;.BAT;.CMD;.VBS;.VBE;.JS;.JSE;.WSF;.WSH;.MSC',
17:02:58     INFO -  'PROCESSOR_ARCHITECTURE': 'x86',
17:02:58     INFO -  'PROCESSOR_ARCHITEW6432': 'AMD64',
17:02:58     INFO -  'PROCESSOR_IDENTIFIER': 'Intel64 Family 6 Model 30 Stepping 5, GenuineIntel',
17:02:58     INFO -  'PROCESSOR_LEVEL': '6',
17:02:58     INFO -  'PROCESSOR_REVISION': '1e05',
17:02:58     INFO -  'PROGRAMDATA': 'C:\\ProgramData',
17:02:58     INFO -  'PROGRAMFILES': 'C:\\Program Files (x86)',
17:02:58     INFO -  'PROGRAMFILES(X86)': 'C:\\Program Files (x86)',
17:02:58     INFO -  'PROGRAMW6432': 'C:\\Program Files',
17:02:58     INFO -  'PROMPT': '$P$G',
17:02:58     INFO -  'PROPERTIES_FILE': 'C:\\slave\\test/buildprops.json',
17:02:58     INFO -  'PSMODULEPATH': 'C:\\windows\\system32\\WindowsPowerShell\\v1.0\\Modules\\',
17:02:58     INFO -  'PUBLIC': 'C:\\Users\\Public',
17:02:58     INFO -  'PWD': 'C:\\slave\\test',
17:02:58     INFO -  'RUNLOGFILE': 'C:\\slave\\\\runslave.log',
17:02:58     INFO -  'SLAVEDIR': 'C:\\slave\\',
17:02:58     INFO -  'SYSTEMDRIVE': 'C:',
17:02:58     INFO -  'SYSTEMROOT': 'C:\\windows',
17:02:58     INFO -  'TEMP': 'C:\\Users\\CLTBLD~1.001\\AppData\\Local\\Temp',
17:02:58     INFO -  'TEST1': 'testie',
17:02:58     INFO -  'TMP': 'C:\\Users\\CLTBLD~1.001\\AppData\\Local\\Temp',
17:02:58     INFO -  'USERDOMAIN': 'T-W864-IX-040',
17:02:58     INFO -  'USERDOMAIN_ROAMINGPROFILE': 'T-W864-IX-040',
17:02:58     INFO -  'USERNAME': 'cltbld',
17:02:58     INFO -  'USERPROFILE': 'C:\\Users\\cltbld.T-W864-IX-040.001',
17:02:58     INFO -  'WINDIR': 'C:\\windows',
17:02:58     INFO -  'XPCOM_DEBUG_BREAK': 'warn'}
17:02:58     INFO -  Ignoring indexes: https://pypi.python.org/simple
17:02:58     INFO -  Processing c:\slave\test\build\tests\mozbase\manifestparser
17:02:59     INFO -    Requirement already satisfied (use --upgrade to upgrade): manifestparser==1.1 from file:///C:/slave/test/build/tests/mozbase/manifestparser in c:\slave\test\build\venv\lib\site-packages (from -r C:\slave\test\build\tests\config\mozbase_requirements.txt (line 1))
17:02:59     INFO -  Processing c:\slave\test\build\tests\mozbase\mozcrash
17:02:59     INFO -    Requirement already satisfied (use --upgrade to upgrade): mozcrash==1.0 from file:///C:/slave/test/build/tests/mozbase/mozcrash in c:\slave\test\build\venv\lib\site-packages (from -r C:\slave\test\build\tests\config\mozbase_requirements.txt (line 2))
17:02:59     INFO -  Processing c:\slave\test\build\tests\mozbase\mozdebug
17:02:59     INFO -    Requirement already satisfied (use --upgrade to upgrade): mozdebug==0.1 from file:///C:/slave/test/build/tests/mozbase/mozdebug in c:\slave\test\build\venv\lib\site-packages (from -r C:\slave\test\build\tests\config\mozbase_requirements.txt (line 3))
17:02:59     INFO -  Processing c:\slave\test\build\tests\mozbase\mozdevice
17:02:59     INFO -    Requirement already satisfied (use --upgrade to upgrade): mozdevice==0.48 from file:///C:/slave/test/build/tests/mozbase/mozdevice in c:\slave\test\build\venv\lib\site-packages (from -r C:\slave\test\build\tests\config\mozbase_requirements.txt (line 4))
17:02:59     INFO -  Processing c:\slave\test\build\tests\mozbase\mozfile
17:03:00     INFO -    Requirement already satisfied (use --upgrade to upgrade): mozfile==1.2 from file:///C:/slave/test/build/tests/mozbase/mozfile in c:\slave\test\build\venv\lib\site-packages (from -r C:\slave\test\build\tests\config\mozbase_requirements.txt (line 5))
17:03:00     INFO -  Processing c:\slave\test\build\tests\mozbase\mozhttpd
17:03:00     INFO -    Requirement already satisfied (use --upgrade to upgrade): mozhttpd==0.7 from file:///C:/slave/test/build/tests/mozbase/mozhttpd in c:\slave\test\build\venv\lib\site-packages (from -r C:\slave\test\build\tests\config\mozbase_requirements.txt (line 6))
17:03:00     INFO -  Processing c:\slave\test\build\tests\mozbase\mozinfo
17:03:00     INFO -    Requirement already satisfied (use --upgrade to upgrade): mozinfo==0.9 from file:///C:/slave/test/build/tests/mozbase/mozinfo in c:\slave\test\build\venv\lib\site-packages (from -r C:\slave\test\build\tests\config\mozbase_requirements.txt (line 7))
17:03:00     INFO -  Processing c:\slave\test\build\tests\mozbase\mozinstall
17:03:00     INFO -    Requirement already satisfied (use --upgrade to upgrade): mozInstall==1.12 from file:///C:/slave/test/build/tests/mozbase/mozinstall in c:\slave\test\build\venv\lib\site-packages (from -r C:\slave\test\build\tests\config\mozbase_requirements.txt (line 8))
17:03:00     INFO -  Processing c:\slave\test\build\tests\mozbase\mozleak
17:03:01     INFO -    Requirement already satisfied (use --upgrade to upgrade): mozleak==0.1 from file:///C:/slave/test/build/tests/mozbase/mozleak in c:\slave\test\build\venv\lib\site-packages (from -r C:\slave\test\build\tests\config\mozbase_requirements.txt (line 9))
17:03:01     INFO -  Processing c:\slave\test\build\tests\mozbase\mozlog
17:03:01     INFO -    Requirement already satisfied (use --upgrade to upgrade): mozlog==3.4 from file:///C:/slave/test/build/tests/mozbase/mozlog in c:\slave\test\build\venv\lib\site-packages (from -r C:\slave\test\build\tests\config\mozbase_requirements.txt (line 10))
17:03:01     INFO -  Processing c:\slave\test\build\tests\mozbase\moznetwork
17:03:01     INFO -    Requirement already satisfied (use --upgrade to upgrade): moznetwork==0.27 from file:///C:/slave/test/build/tests/mozbase/moznetwork in c:\slave\test\build\venv\lib\site-packages (from -r C:\slave\test\build\tests\config\mozbase_requirements.txt (line 11))
17:03:01     INFO -  Processing c:\slave\test\build\tests\mozbase\mozprocess
17:03:02     INFO -    Requirement already satisfied (use --upgrade to upgrade): mozprocess==0.23 from file:///C:/slave/test/build/tests/mozbase/mozprocess in c:\slave\test\build\venv\lib\site-packages (from -r C:\slave\test\build\tests\config\mozbase_requirements.txt (line 12))
17:03:02     INFO -  Processing c:\slave\test\build\tests\mozbase\mozprofile
17:03:02     INFO -    Requirement already satisfied (use --upgrade to upgrade): mozprofile==0.28 from file:///C:/slave/test/build/tests/mozbase/mozprofile in c:\slave\test\build\venv\lib\site-packages (from -r C:\slave\test\build\tests\config\mozbase_requirements.txt (line 13))
17:03:02     INFO -  Processing c:\slave\test\build\tests\mozbase\mozrunner
17:03:02     INFO -    Requirement already satisfied (use --upgrade to upgrade): mozrunner==6.13 from file:///C:/slave/test/build/tests/mozbase/mozrunner in c:\slave\test\build\venv\lib\site-packages (from -r C:\slave\test\build\tests\config\mozbase_requirements.txt (line 14))
17:03:02     INFO -  Processing c:\slave\test\build\tests\mozbase\mozscreenshot
17:03:02     INFO -    Requirement already satisfied (use --upgrade to upgrade): mozscreenshot==0.1 from file:///C:/slave/test/build/tests/mozbase/mozscreenshot in c:\slave\test\build\venv\lib\site-packages (from -r C:\slave\test\build\tests\config\mozbase_requirements.txt (line 15))
17:03:02     INFO -  Processing c:\slave\test\build\tests\mozbase\moztest
17:03:03     INFO -    Requirement already satisfied (use --upgrade to upgrade): moztest==0.8 from file:///C:/slave/test/build/tests/mozbase/moztest in c:\slave\test\build\venv\lib\site-packages (from -r C:\slave\test\build\tests\config\mozbase_requirements.txt (line 16))
17:03:03     INFO -  Processing c:\slave\test\build\tests\mozbase\mozversion
17:03:03     INFO -    Requirement already satisfied (use --upgrade to upgrade): mozversion==1.4 from file:///C:/slave/test/build/tests/mozbase/mozversion in c:\slave\test\build\venv\lib\site-packages (from -r C:\slave\test\build\tests\config\mozbase_requirements.txt (line 17))
17:03:03     INFO -  Processing c:\slave\test\build\tests\tools\wptserve
17:03:03     INFO -    Requirement already satisfied (use --upgrade to upgrade): wptserve==1.4.0 from file:///C:/slave/test/build/tests/tools/wptserve in c:\slave\test\build\venv\lib\site-packages (from -r C:\slave\test\build\tests\config\marionette_requirements.txt (line 3))
17:03:03     INFO -  Processing c:\slave\test\build\tests\marionette\client
17:03:03     INFO -    Requirement already satisfied (use --upgrade to upgrade): marionette-driver==2.2.0 from file:///C:/slave/test/build/tests/marionette/client in c:\slave\test\build\venv\lib\site-packages (from -r C:\slave\test\build\tests\config\marionette_requirements.txt (line 4))
17:03:03     INFO -  Processing c:\slave\test\build\tests\marionette\harness\marionette_harness\runner\mixins\browsermob-proxy-py
17:03:04     INFO -    Requirement already satisfied (use --upgrade to upgrade): browsermob-proxy==0.6.0 from file:///C:/slave/test/build/tests/marionette/harness/marionette_harness/runner/mixins/browsermob-proxy-py in c:\slave\test\build\venv\lib\site-packages (from -r C:\slave\test\build\tests\config\marionette_requirements.txt (line 5))
17:03:04     INFO -  Processing c:\slave\test\build\tests\marionette\harness
17:03:04     INFO -    Requirement already satisfied (use --upgrade to upgrade): marionette-harness==4.0.0 from file:///C:/slave/test/build/tests/marionette/harness in c:\slave\test\build\venv\lib\site-packages (from -r C:\slave\test\build\tests\config\marionette_requirements.txt (line 6))
17:03:04     INFO -  Processing c:\slave\test\build\tests\marionette\puppeteer\firefox
17:03:04     INFO -    Requirement already satisfied (use --upgrade to upgrade): firefox-puppeteer==52.1.0 from file:///C:/slave/test/build/tests/marionette/puppeteer/firefox in c:\slave\test\build\venv\lib\site-packages (from -r C:\slave\test\build\tests\config\marionette_requirements.txt (line 9))
17:03:04     INFO -  Requirement already satisfied (use --upgrade to upgrade): mozfile>=1.0 in c:\slave\test\build\venv\lib\site-packages (from mozcrash==1.0->-r C:\slave\test\build\tests\config\mozbase_requirements.txt (line 2))
17:03:04     INFO -  Requirement already satisfied (use --upgrade to upgrade): mozlog>=3.0 in c:\slave\test\build\venv\lib\site-packages (from mozcrash==1.0->-r C:\slave\test\build\tests\config\mozbase_requirements.txt (line 2))
17:03:04     INFO -  Requirement already satisfied (use --upgrade to upgrade): mozinfo in c:\slave\test\build\venv\lib\site-packages (from mozdebug==0.1->-r C:\slave\test\build\tests\config\mozbase_requirements.txt (line 3))
17:03:04     INFO -  Requirement already satisfied (use --upgrade to upgrade): moznetwork>=0.24 in c:\slave\test\build\venv\lib\site-packages (from mozdevice==0.48->-r C:\slave\test\build\tests\config\mozbase_requirements.txt (line 4))
17:03:04     INFO -  Requirement already satisfied (use --upgrade to upgrade): mozprocess>=0.19 in c:\slave\test\build\venv\lib\site-packages (from mozdevice==0.48->-r C:\slave\test\build\tests\config\mozbase_requirements.txt (line 4))
17:03:04     INFO -  Collecting blessings>=1.3 (from mozlog==3.4->-r C:\slave\test\build\tests\config\mozbase_requirements.txt (line 10))
17:03:06     INFO -  Requirement already satisfied (use --upgrade to upgrade): requests>=1.1.0 in c:\slave\test\build\venv\lib\site-packages (from browsermob-proxy==0.6.0->-r C:\slave\test\build\tests\config\marionette_requirements.txt (line 5))
17:03:06     INFO -  Building wheels for collected packages: browsermob-proxy
17:03:06     INFO -    Running setup.py bdist_wheel for browsermob-proxy: started
17:03:06     INFO -    Running setup.py bdist_wheel for browsermob-proxy: finished with status 'done'
17:03:06     INFO -    Stored in directory: C:\Users\cltbld.T-W864-IX-040.001\AppData\Local\pip\Cache\wheels\08\c0\29\e3a3f32d6ca19470885c6032e6c0a54976e207f709e0326988
17:03:07     INFO -  Successfully built browsermob-proxy
17:03:07     INFO -  Installing collected packages: blessings
17:03:07     INFO -  Successfully installed blessings-1.6
17:03:12     INFO - Return code: 0
17:03:12     INFO - Done creating virtualenv C:\slave\test\build\venv.
17:03:12     INFO - Getting output from command: ['C:\\slave\\test\\build\\venv\\Scripts\\pip', 'freeze']
17:03:12     INFO - Copy/paste: C:\slave\test\build\venv\Scripts\pip freeze
17:03:12     INFO - Reading from file tmpfile_stdout
17:03:12     INFO - Reading from file tmpfile_stderr
17:03:12     INFO - Using _rmtree_windows ...
17:03:12     INFO - Using _rmtree_windows ...
17:03:12     INFO - Current package versions:
17:03:12     INFO -   blessings == 1.6
17:03:12     INFO -   blobuploader == 1.2.4
17:03:12     INFO -   browsermob-proxy == 0.6.0
17:03:12     INFO -   docopt == 0.6.1
17:03:12     INFO -   firefox-puppeteer == 52.1.0
17:03:12     INFO -   functools32 == 3.2.3.post2
17:03:12     INFO -   jsonschema == 2.5.1
17:03:12     INFO -   manifestparser == 1.1
17:03:12     INFO -   marionette-driver == 2.2.0
17:03:12     INFO -   marionette-harness == 4.0.0
17:03:12     INFO -   mozInstall == 1.12
17:03:12     INFO -   mozcrash == 1.0
17:03:12     INFO -   mozdebug == 0.1
17:03:12     INFO -   mozdevice == 0.48
17:03:12     INFO -   mozfile == 1.2
17:03:12     INFO -   mozhttpd == 0.7
17:03:12     INFO -   mozinfo == 0.9
17:03:12     INFO -   mozleak == 0.1
17:03:12     INFO -   mozlog == 3.4
17:03:12     INFO -   moznetwork == 0.27
17:03:12     INFO -   mozprocess == 0.23
17:03:12     INFO -   mozprofile == 0.28
17:03:12     INFO -   mozrunner == 6.13
17:03:12     INFO -   mozscreenshot == 0.1
17:03:12     INFO -   mozsystemmonitor == 0.3
17:03:12     INFO -   moztest == 0.8
17:03:12     INFO -   mozversion == 1.4
17:03:12     INFO -   psutil == 5.4.3
17:03:12     INFO -   requests == 1.2.3
17:03:12     INFO -   wptserve == 1.4.0
17:03:12     INFO - Running post-action listener: _resource_record_post_action
17:03:12     INFO - Running post-action listener: _start_resource_monitoring
17:03:13     INFO - Starting resource monitoring.
17:03:13     INFO - [mozharness: 2018-06-09 00:03:13.270000Z] Finished create-virtualenv step (success)
17:03:13     INFO - [mozharness: 2018-06-09 00:03:13.270000Z] Running pull step.
17:03:13     INFO - Running pre-action listener: _resource_record_pre_action
17:03:13     INFO - Running main action method: pull
17:03:13     INFO - Pull has nothing to do!
17:03:13     INFO - Running post-action listener: _resource_record_post_action
17:03:13     INFO - [mozharness: 2018-06-09 00:03:13.271000Z] Finished pull step (success)
17:03:13     INFO - [mozharness: 2018-06-09 00:03:13.271000Z] Running install step.
17:03:13     INFO - Running pre-action listener: _resource_record_pre_action
17:03:13     INFO - Running main action method: install
17:03:13     INFO - Getting output from command: ['C:\\slave\\test\\build\\venv\\Scripts\\pip', 'freeze']
17:03:13     INFO - Copy/paste: C:\slave\test\build\venv\Scripts\pip freeze
17:03:13     INFO - Reading from file tmpfile_stdout
17:03:13     INFO - Reading from file tmpfile_stderr
17:03:13     INFO - Using _rmtree_windows ...
17:03:13     INFO - Using _rmtree_windows ...
17:03:13     INFO - Detecting whether we're running mozinstall >=1.0...
17:03:13     INFO - Getting output from command: ['C:\\slave\\test/build/venv/scripts/python', 'C:\\slave\\test/build/venv/scripts/mozinstall-script.py', '-h']
17:03:13     INFO - Copy/paste: C:\slave\test/build/venv/scripts/python C:\slave\test/build/venv/scripts/mozinstall-script.py -h
17:03:14     INFO - Reading from file tmpfile_stdout
17:03:14     INFO - Output received:
17:03:14     INFO -  Usage: mozinstall-script.py [options] installer
17:03:14     INFO -  Options:
17:03:14     INFO -    -h, --help            show this help message and exit
17:03:14     INFO -    -d DEST, --destination=DEST
17:03:14     INFO -                          Directory to install application into. [default:
17:03:14     INFO -                          "C:\slave\test"]
17:03:14     INFO -    --app=APP             Application being installed. [default: firefox]
17:03:14     INFO - Using _rmtree_windows ...
17:03:14     INFO - Using _rmtree_windows ...
17:03:14     INFO - mkdir: C:\slave\test\build\application
17:03:14     INFO - Getting output from command: ['C:\\slave\\test/build/venv/scripts/python', 'C:\\slave\\test/build/venv/scripts/mozinstall-script.py', 'C:\\slave\\test\\build\\firefox-52.8.2.en-US.win64.zip', '--destination', 'C:\\slave\\test\\build\\application']
17:03:14     INFO - Copy/paste: C:\slave\test/build/venv/scripts/python C:\slave\test/build/venv/scripts/mozinstall-script.py C:\slave\test\build\firefox-52.8.2.en-US.win64.zip --destination C:\slave\test\build\application

command interrupted, attempting to kill
program finished with exit code 1
elapsedTime=226.741000
The web-page 'stop build' button was pressed by 'rvandermeulen@mozilla.com': Cancelled via self-serve
The web-page 'stop build' button was pressed by 'rvandermeulen@mozilla.com': Cancelled via self-serve
========= master_lag: 0.51 =========
========= Finished 'c:/mozilla-build/python27/python -u ...' interrupted (results: 4, elapsed: 3 mins, 47 secs) (at 2018-06-08 17:03:14.823054) =========

========= Started set props: build_url (results: 0, elapsed: 0 secs) (at 2018-06-08 17:03:14.823917) =========
'cmd' '/C' 'for' '%f' 'in' '(*)' 'do' '@type' '%f'
 in dir C:\slave\test\properties (timeout 1200 secs)
 watching logfiles {}
 argv: ['cmd', '/C', 'for', '%f', 'in', '(*)', 'do', '@type', '%f']
 environment:
  ALLUSERSPROFILE=C:\ProgramData
  APPDATA=C:\Users\cltbld.T-W864-IX-040.001\AppData\Roaming
  COMMONPROGRAMFILES=C:\Program Files (x86)\Common Files
  COMMONPROGRAMFILES(X86)=C:\Program Files (x86)\Common Files
  COMMONPROGRAMW6432=C:\Program Files\Common Files
  COMPUTERNAME=T-W864-IX-040
  COMSPEC=C:\windows\system32\cmd.exe
  DCLOCATION=SCL3
  DNSSUFFIX=wintest.releng.scl3.mozilla.com
  FP_NO_HOST_CHECK=NO
  HOMEDRIVE=C:
  HOMEPATH=\Users\cltbld.T-W864-IX-040.001
  KTS_HOME=C:\Program Files\KTS
  KTS_VERSION=1.19c
  LOCALAPPDATA=C:\Users\cltbld.T-W864-IX-040.001\AppData\Local
  LOGONSERVER=\\T-W864-IX-040
  MONDIR=C:\Monitor_config\
  MOZBUILDDIR=C:\mozilla-build\
  NUMBER_OF_PROCESSORS=8
  OS=Windows_NT
  OURDRIVE=C:
  PATH=C:\Program Files (x86)\NVIDIA Corporation\PhysX\Common;C:\windows\system32;C:\windows;C:\windows\System32\Wbem;C:\windows\System32\WindowsPowerShell\v1.0\;C:\mozilla-build\python27;C:\mozilla-build\python27\Scripts;C:\mozilla-build\msys\bin;C:\mozilla-build\vim\vim72;C:\mozilla-build\wget;C:\mozilla-build\info-zip;C:\CoreUtils\bin;C:\mozilla-build\buildbotve\scripts;C:\mozilla-build\hg
  PATHEXT=.COM;.EXE;.BAT;.CMD;.VBS;.VBE;.JS;.JSE;.WSF;.WSH;.MSC
  PROCESSOR_ARCHITECTURE=x86
  PROCESSOR_ARCHITEW6432=AMD64
  PROCESSOR_IDENTIFIER=Intel64 Family 6 Model 30 Stepping 5, GenuineIntel
  PROCESSOR_LEVEL=6
  PROCESSOR_REVISION=1e05
  PROGRAMDATA=C:\ProgramData
  PROGRAMFILES=C:\Program Files (x86)
  PROGRAMFILES(X86)=C:\Program Files (x86)
  PROGRAMW6432=C:\Program Files
  PROMPT=$P$G
  PSMODULEPATH=C:\windows\system32\WindowsPowerShell\v1.0\Modules\
  PUBLIC=C:\Users\Public
  PWD=C:\slave\test\properties
  RUNLOGFILE=C:\slave\\runslave.log
  SLAVEDIR=C:\slave\
  SYSTEMDRIVE=C:
  SYSTEMROOT=C:\windows
  TEMP=C:\Users\CLTBLD~1.001\AppData\Local\Temp
  TEST1=testie
  TMP=C:\Users\CLTBLD~1.001\AppData\Local\Temp
  USERDOMAIN=T-W864-IX-040
  USERDOMAIN_ROAMINGPROFILE=T-W864-IX-040
  USERNAME=cltbld
  USERPROFILE=C:\Users\cltbld.T-W864-IX-040.001
  WINDIR=C:\windows
 using PTY: False
build_url:https://queue.taskcluster.net/v1/task/VAgbWLphTjmdh4hh8yTyVw/artifacts/public/build/firefox-52.8.2.en-US.win64.zip
program finished with exit code 0
elapsedTime=0.101000
build_url: 'https://queue.taskcluster.net/v1/task/VAgbWLphTjmdh4hh8yTyVw/artifacts/public/build/firefox-52.8.2.en-US.win64.zip'
========= master_lag: 0.01 =========
========= Finished set props: build_url (results: 0, elapsed: 0 secs) (at 2018-06-08 17:03:14.936409) =========

========= Started 'rm -f ...' (results: 0, elapsed: 0 secs) (at 2018-06-08 17:03:14.936996) =========
'rm' '-f' 'oauth.txt'
 in dir C:\slave\test\. (timeout 1200 secs)
 watching logfiles {}
 argv: ['rm', '-f', 'oauth.txt']
 environment:
  ALLUSERSPROFILE=C:\ProgramData
  APPDATA=C:\Users\cltbld.T-W864-IX-040.001\AppData\Roaming
  COMMONPROGRAMFILES=C:\Program Files (x86)\Common Files
  COMMONPROGRAMFILES(X86)=C:\Program Files (x86)\Common Files
  COMMONPROGRAMW6432=C:\Program Files\Common Files
  COMPUTERNAME=T-W864-IX-040
  COMSPEC=C:\windows\system32\cmd.exe
  DCLOCATION=SCL3
  DNSSUFFIX=wintest.releng.scl3.mozilla.com
  FP_NO_HOST_CHECK=NO
  HOMEDRIVE=C:
  HOMEPATH=\Users\cltbld.T-W864-IX-040.001
  KTS_HOME=C:\Program Files\KTS
  KTS_VERSION=1.19c
  LOCALAPPDATA=C:\Users\cltbld.T-W864-IX-040.001\AppData\Local
  LOGONSERVER=\\T-W864-IX-040
  MONDIR=C:\Monitor_config\
  MOZBUILDDIR=C:\mozilla-build\
  NUMBER_OF_PROCESSORS=8
  OS=Windows_NT
  OURDRIVE=C:
  PATH=C:\Program Files (x86)\NVIDIA Corporation\PhysX\Common;C:\windows\system32;C:\windows;C:\windows\System32\Wbem;C:\windows\System32\WindowsPowerShell\v1.0\;C:\mozilla-build\python27;C:\mozilla-build\python27\Scripts;C:\mozilla-build\msys\bin;C:\mozilla-build\vim\vim72;C:\mozilla-build\wget;C:\mozilla-build\info-zip;C:\CoreUtils\bin;C:\mozilla-build\buildbotve\scripts;C:\mozilla-build\hg
  PATHEXT=.COM;.EXE;.BAT;.CMD;.VBS;.VBE;.JS;.JSE;.WSF;.WSH;.MSC
  PROCESSOR_ARCHITECTURE=x86
  PROCESSOR_ARCHITEW6432=AMD64
  PROCESSOR_IDENTIFIER=Intel64 Family 6 Model 30 Stepping 5, GenuineIntel
  PROCESSOR_LEVEL=6
  PROCESSOR_REVISION=1e05
  PROGRAMDATA=C:\ProgramData
  PROGRAMFILES=C:\Program Files (x86)
  PROGRAMFILES(X86)=C:\Program Files (x86)
  PROGRAMW6432=C:\Program Files
  PROMPT=$P$G
  PSMODULEPATH=C:\windows\system32\WindowsPowerShell\v1.0\Modules\
  PUBLIC=C:\Users\Public
  PWD=C:\slave\test
  RUNLOGFILE=C:\slave\\runslave.log
  SLAVEDIR=C:\slave\
  SYSTEMDRIVE=C:
  SYSTEMROOT=C:\windows
  TEMP=C:\Users\CLTBLD~1.001\AppData\Local\Temp
  TEST1=testie
  TMP=C:\Users\CLTBLD~1.001\AppData\Local\Temp
  USERDOMAIN=T-W864-IX-040
  USERDOMAIN_ROAMINGPROFILE=T-W864-IX-040
  USERNAME=cltbld
  USERPROFILE=C:\Users\cltbld.T-W864-IX-040.001
  WINDIR=C:\windows
 using PTY: False
program finished with exit code 0
elapsedTime=0.100000
========= master_lag: 0.11 =========
========= Finished 'rm -f ...' (results: 0, elapsed: 0 secs) (at 2018-06-08 17:03:15.148801) =========

========= Started reboot slave lost (results: 0, elapsed: 0 secs) (at 2018-06-08 17:03:15.149125) =========

========= Finished reboot slave lost (results: 0, elapsed: 0 secs) (at 2018-06-08 17:03:15.482086) =========

========= Total master_lag: 0.84 =========

