builder: mozilla-esr52_win8_64_test_pgo-cppunit
slave: t-w864-ix-043
starttime: 1528502415.19
results: cancelled (6)
buildid: 20180608150819
builduid: b298b373e93d4f8dbf92436c9ed838a2
revision: cbfdf01aac455e0591471201c96b89dee98190b5

========= Started set props: master (results: 0, elapsed: 0 secs) (at 2018-06-08 17:00:15.186156) =========
master: http://buildbot-master111.bb.releng.scl3.mozilla.com:8201/
========= Finished set props: master (results: 0, elapsed: 0 secs) (at 2018-06-08 17:00:15.186724) =========

========= Started downloading to buildprops.json (results: 0, elapsed: 0 secs) (at 2018-06-08 17:00:15.187012) =========
========= Finished downloading to buildprops.json (results: 0, elapsed: 0 secs) (at 2018-06-08 17:00:15.291613) =========

========= Started 'bash -c ...' (results: 0, elapsed: 1 secs) (at 2018-06-08 17:00:15.292031) =========
'bash' '-c' 'wget -Oarchiver_client.py --no-check-certificate --tries=10 --waitretry=3 https://hg.mozilla.org/build/tools/raw-file/default/buildfarm/utils/archiver_client.py'
 in dir C:\slave\test\. (timeout 1200 secs)
 watching logfiles {}
 argv: ['bash', '-c', 'wget -Oarchiver_client.py --no-check-certificate --tries=10 --waitretry=3 https://hg.mozilla.org/build/tools/raw-file/default/buildfarm/utils/archiver_client.py']
 environment:
  ALLUSERSPROFILE=C:\ProgramData
  APPDATA=C:\Users\cltbld.T-W864-IX-043.001\AppData\Roaming
  COMMONPROGRAMFILES=C:\Program Files (x86)\Common Files
  COMMONPROGRAMFILES(X86)=C:\Program Files (x86)\Common Files
  COMMONPROGRAMW6432=C:\Program Files\Common Files
  COMPUTERNAME=T-W864-IX-043
  COMSPEC=C:\windows\system32\cmd.exe
  DCLOCATION=SCL3
  DNSSUFFIX=wintest.releng.scl3.mozilla.com
  FP_NO_HOST_CHECK=NO
  HOMEDRIVE=C:
  HOMEPATH=\Users\cltbld.T-W864-IX-043.001
  KTS_HOME=C:\Program Files\KTS
  KTS_VERSION=1.19c
  LOCALAPPDATA=C:\Users\cltbld.T-W864-IX-043.001\AppData\Local
  LOGONSERVER=\\T-W864-IX-043
  MONDIR=C:\Monitor_config\
  MOZBUILDDIR=C:\mozilla-build\
  NUMBER_OF_PROCESSORS=8
  OS=Windows_NT
  OURDRIVE=C:
  PATH=C:\Program Files (x86)\NVIDIA Corporation\PhysX\Common;C:\windows\system32;C:\windows;C:\windows\System32\Wbem;C:\windows\System32\WindowsPowerShell\v1.0\;C:\mozilla-build\python27;C:\mozilla-build\python27\Scripts;C:\mozilla-build\msys\bin;C:\mozilla-build\vim\vim72;C:\mozilla-build\wget;C:\mozilla-build\info-zip;C:\CoreUtils\bin;C:\mozilla-build\buildbotve\scripts;C:\mozilla-build\hg
  PATHEXT=.COM;.EXE;.BAT;.CMD;.VBS;.VBE;.JS;.JSE;.WSF;.WSH;.MSC
  PROCESSOR_ARCHITECTURE=x86
  PROCESSOR_ARCHITEW6432=AMD64
  PROCESSOR_IDENTIFIER=Intel64 Family 6 Model 30 Stepping 5, GenuineIntel
  PROCESSOR_LEVEL=6
  PROCESSOR_REVISION=1e05
  PROGRAMDATA=C:\ProgramData
  PROGRAMFILES=C:\Program Files (x86)
  PROGRAMFILES(X86)=C:\Program Files (x86)
  PROGRAMW6432=C:\Program Files
  PROMPT=$P$G
  PSMODULEPATH=C:\windows\system32\WindowsPowerShell\v1.0\Modules\
  PUBLIC=C:\Users\Public
  PWD=C:\slave\test
  RUNLOGFILE=C:\slave\\runslave.log
  SLAVEDIR=C:\slave\
  SYSTEMDRIVE=C:
  SYSTEMROOT=C:\windows
  TEMP=C:\Users\CLTBLD~1.001\AppData\Local\Temp
  TEST1=testie
  TMP=C:\Users\CLTBLD~1.001\AppData\Local\Temp
  USERDOMAIN=T-W864-IX-043
  USERDOMAIN_ROAMINGPROFILE=T-W864-IX-043
  USERNAME=cltbld
  USERPROFILE=C:\Users\cltbld.T-W864-IX-043.001
  WINDIR=C:\windows
 using PTY: False
--17:00:17--  https://hg.mozilla.org/build/tools/raw-file/default/buildfarm/utils/archiver_client.py
           => `archiver_client.py'
Resolving hg.mozilla.org... 63.245.215.102, 63.245.215.25
Connecting to hg.mozilla.org|63.245.215.102|:443... connected.
WARNING: Certificate verification error for hg.mozilla.org: certificate signature failure
HTTP request sent, awaiting response... 200 Script output follows
Length: 12,179 (12K) [text/x-python]

    0K .......... .                                          100%   18.52 MB/s

17:00:17 (18.52 MB/s) - `archiver_client.py' saved [12179/12179]

program finished with exit code 0
elapsedTime=1.868000
========= master_lag: 0.06 =========
========= Finished 'bash -c ...' (results: 0, elapsed: 1 secs) (at 2018-06-08 17:00:17.218123) =========

========= Started 'rm -rf ...' (results: 0, elapsed: 3 secs) (at 2018-06-08 17:00:17.218465) =========
'rm' '-rf' 'scripts' 'properties'
 in dir C:\slave\test\. (timeout 1200 secs)
 watching logfiles {}
 argv: ['rm', '-rf', 'scripts', 'properties']
 environment:
  ALLUSERSPROFILE=C:\ProgramData
  APPDATA=C:\Users\cltbld.T-W864-IX-043.001\AppData\Roaming
  COMMONPROGRAMFILES=C:\Program Files (x86)\Common Files
  COMMONPROGRAMFILES(X86)=C:\Program Files (x86)\Common Files
  COMMONPROGRAMW6432=C:\Program Files\Common Files
  COMPUTERNAME=T-W864-IX-043
  COMSPEC=C:\windows\system32\cmd.exe
  DCLOCATION=SCL3
  DNSSUFFIX=wintest.releng.scl3.mozilla.com
  FP_NO_HOST_CHECK=NO
  HOMEDRIVE=C:
  HOMEPATH=\Users\cltbld.T-W864-IX-043.001
  KTS_HOME=C:\Program Files\KTS
  KTS_VERSION=1.19c
  LOCALAPPDATA=C:\Users\cltbld.T-W864-IX-043.001\AppData\Local
  LOGONSERVER=\\T-W864-IX-043
  MONDIR=C:\Monitor_config\
  MOZBUILDDIR=C:\mozilla-build\
  NUMBER_OF_PROCESSORS=8
  OS=Windows_NT
  OURDRIVE=C:
  PATH=C:\Program Files (x86)\NVIDIA Corporation\PhysX\Common;C:\windows\system32;C:\windows;C:\windows\System32\Wbem;C:\windows\System32\WindowsPowerShell\v1.0\;C:\mozilla-build\python27;C:\mozilla-build\python27\Scripts;C:\mozilla-build\msys\bin;C:\mozilla-build\vim\vim72;C:\mozilla-build\wget;C:\mozilla-build\info-zip;C:\CoreUtils\bin;C:\mozilla-build\buildbotve\scripts;C:\mozilla-build\hg
  PATHEXT=.COM;.EXE;.BAT;.CMD;.VBS;.VBE;.JS;.JSE;.WSF;.WSH;.MSC
  PROCESSOR_ARCHITECTURE=x86
  PROCESSOR_ARCHITEW6432=AMD64
  PROCESSOR_IDENTIFIER=Intel64 Family 6 Model 30 Stepping 5, GenuineIntel
  PROCESSOR_LEVEL=6
  PROCESSOR_REVISION=1e05
  PROGRAMDATA=C:\ProgramData
  PROGRAMFILES=C:\Program Files (x86)
  PROGRAMFILES(X86)=C:\Program Files (x86)
  PROGRAMW6432=C:\Program Files
  PROMPT=$P$G
  PSMODULEPATH=C:\windows\system32\WindowsPowerShell\v1.0\Modules\
  PUBLIC=C:\Users\Public
  PWD=C:\slave\test
  RUNLOGFILE=C:\slave\\runslave.log
  SLAVEDIR=C:\slave\
  SYSTEMDRIVE=C:
  SYSTEMROOT=C:\windows
  TEMP=C:\Users\CLTBLD~1.001\AppData\Local\Temp
  TEST1=testie
  TMP=C:\Users\CLTBLD~1.001\AppData\Local\Temp
  USERDOMAIN=T-W864-IX-043
  USERDOMAIN_ROAMINGPROFILE=T-W864-IX-043
  USERNAME=cltbld
  USERPROFILE=C:\Users\cltbld.T-W864-IX-043.001
  WINDIR=C:\windows
 using PTY: False
program finished with exit code 0
elapsedTime=3.511000
========= master_lag: 0.02 =========
========= Finished 'rm -rf ...' (results: 0, elapsed: 3 secs) (at 2018-06-08 17:00:20.747332) =========

========= Started 'bash -c ...' (results: 0, elapsed: 2 secs) (at 2018-06-08 17:00:20.747731) =========
'bash' '-c' u'python archiver_client.py mozharness --repo releases/mozilla-esr52 --rev cbfdf01aac455e0591471201c96b89dee98190b5 --destination scripts --debug'
 in dir C:\slave\test\. (timeout 1200 secs)
 watching logfiles {}
 argv: ['bash', '-c', u'python archiver_client.py mozharness --repo releases/mozilla-esr52 --rev cbfdf01aac455e0591471201c96b89dee98190b5 --destination scripts --debug']
 environment:
  ALLUSERSPROFILE=C:\ProgramData
  APPDATA=C:\Users\cltbld.T-W864-IX-043.001\AppData\Roaming
  COMMONPROGRAMFILES=C:\Program Files (x86)\Common Files
  COMMONPROGRAMFILES(X86)=C:\Program Files (x86)\Common Files
  COMMONPROGRAMW6432=C:\Program Files\Common Files
  COMPUTERNAME=T-W864-IX-043
  COMSPEC=C:\windows\system32\cmd.exe
  DCLOCATION=SCL3
  DNSSUFFIX=wintest.releng.scl3.mozilla.com
  FP_NO_HOST_CHECK=NO
  HOMEDRIVE=C:
  HOMEPATH=\Users\cltbld.T-W864-IX-043.001
  KTS_HOME=C:\Program Files\KTS
  KTS_VERSION=1.19c
  LOCALAPPDATA=C:\Users\cltbld.T-W864-IX-043.001\AppData\Local
  LOGONSERVER=\\T-W864-IX-043
  MONDIR=C:\Monitor_config\
  MOZBUILDDIR=C:\mozilla-build\
  NUMBER_OF_PROCESSORS=8
  OS=Windows_NT
  OURDRIVE=C:
  PATH=C:\Program Files (x86)\NVIDIA Corporation\PhysX\Common;C:\windows\system32;C:\windows;C:\windows\System32\Wbem;C:\windows\System32\WindowsPowerShell\v1.0\;C:\mozilla-build\python27;C:\mozilla-build\python27\Scripts;C:\mozilla-build\msys\bin;C:\mozilla-build\vim\vim72;C:\mozilla-build\wget;C:\mozilla-build\info-zip;C:\CoreUtils\bin;C:\mozilla-build\buildbotve\scripts;C:\mozilla-build\hg
  PATHEXT=.COM;.EXE;.BAT;.CMD;.VBS;.VBE;.JS;.JSE;.WSF;.WSH;.MSC
  PROCESSOR_ARCHITECTURE=x86
  PROCESSOR_ARCHITEW6432=AMD64
  PROCESSOR_IDENTIFIER=Intel64 Family 6 Model 30 Stepping 5, GenuineIntel
  PROCESSOR_LEVEL=6
  PROCESSOR_REVISION=1e05
  PROGRAMDATA=C:\ProgramData
  PROGRAMFILES=C:\Program Files (x86)
  PROGRAMFILES(X86)=C:\Program Files (x86)
  PROGRAMW6432=C:\Program Files
  PROMPT=$P$G
  PSMODULEPATH=C:\windows\system32\WindowsPowerShell\v1.0\Modules\
  PUBLIC=C:\Users\Public
  PWD=C:\slave\test
  RUNLOGFILE=C:\slave\\runslave.log
  SLAVEDIR=C:\slave\
  SYSTEMDRIVE=C:
  SYSTEMROOT=C:\windows
  TEMP=C:\Users\CLTBLD~1.001\AppData\Local\Temp
  TEST1=testie
  TMP=C:\Users\CLTBLD~1.001\AppData\Local\Temp
  USERDOMAIN=T-W864-IX-043
  USERDOMAIN_ROAMINGPROFILE=T-W864-IX-043
  USERNAME=cltbld
  USERPROFILE=C:\Users\cltbld.T-W864-IX-043.001
  WINDIR=C:\windows
 using PTY: False
2018-06-08 17:00:21,871 truncating revision to first 12 chars
2018-06-08 17:00:21,871 Setting DEBUG logging.
2018-06-08 17:00:21,871 attempt 1/10
2018-06-08 17:00:21,872 Getting archive location from https://api.pub.build.mozilla.org/archiver/hgmo/releases/mozilla-esr52/cbfdf01aac45?&preferred_region=us-west-2&suffix=tar.gz&subdir=testing/mozharness
2018-06-08 17:00:23,181 unpacking tar archive at: mozilla-esr52-cbfdf01aac45/testing/mozharness/
2018-06-08 17:00:23,285 skipping symlink on windows: configs/single_locale/linux32.py
program finished with exit code 0
elapsedTime=2.216000
========= master_lag: 0.06 =========
========= Finished 'bash -c ...' (results: 0, elapsed: 2 secs) (at 2018-06-08 17:00:23.020017) =========

========= Started set props: script_repo_revision (results: 0, elapsed: 0 secs) (at 2018-06-08 17:00:23.020359) =========
script_repo_revision: cbfdf01aac455e0591471201c96b89dee98190b5
========= Finished set props: script_repo_revision (results: 0, elapsed: 0 secs) (at 2018-06-08 17:00:23.020830) =========

========= Started downloading to oauth.txt (results: 0, elapsed: 0 secs) (at 2018-06-08 17:00:23.021113) =========
========= Finished downloading to oauth.txt (results: 0, elapsed: 0 secs) (at 2018-06-08 17:00:23.030257) =========

========= Started 'c:/mozilla-build/python27/python -u ...' interrupted (results: 4, elapsed: 2 mins, 24 secs) (at 2018-06-08 17:00:23.030578) =========
'c:/mozilla-build/python27/python' '-u' 'scripts/scripts/desktop_unittest.py' '--cfg' 'unittests/win_unittest.py' '--cppunittest-suite' 'cppunittest' '--blob-upload-branch' 'mozilla-esr52' '--download-symbols' 'ondemand'
 in dir C:\slave\test\. (timeout 1800 secs) (maxTime 7200 secs)
 watching logfiles {}
 argv: ['c:/mozilla-build/python27/python', '-u', 'scripts/scripts/desktop_unittest.py', '--cfg', 'unittests/win_unittest.py', '--cppunittest-suite', 'cppunittest', '--blob-upload-branch', 'mozilla-esr52', '--download-symbols', 'ondemand']
 environment:
  ALLUSERSPROFILE=C:\ProgramData
  APPDATA=C:\Users\cltbld.T-W864-IX-043.001\AppData\Roaming
  COMMONPROGRAMFILES=C:\Program Files (x86)\Common Files
  COMMONPROGRAMFILES(X86)=C:\Program Files (x86)\Common Files
  COMMONPROGRAMW6432=C:\Program Files\Common Files
  COMPUTERNAME=T-W864-IX-043
  COMSPEC=C:\windows\system32\cmd.exe
  DCLOCATION=SCL3
  DNSSUFFIX=wintest.releng.scl3.mozilla.com
  FP_NO_HOST_CHECK=NO
  HOMEDRIVE=C:
  HOMEPATH=\Users\cltbld.T-W864-IX-043.001
  KTS_HOME=C:\Program Files\KTS
  KTS_VERSION=1.19c
  LOCALAPPDATA=C:\Users\cltbld.T-W864-IX-043.001\AppData\Local
  LOGONSERVER=\\T-W864-IX-043
  MONDIR=C:\Monitor_config\
  MOZBUILDDIR=C:\mozilla-build\
  MOZ_CRASHREPORTER_NO_REPORT=1
  MOZ_HIDE_RESULTS_TABLE=1
  MOZ_NO_REMOTE=1
  NO_EM_RESTART=1
  NO_FAIL_ON_TEST_ERRORS=1
  NUMBER_OF_PROCESSORS=8
  OS=Windows_NT
  OURDRIVE=C:
  PATH=C:\Program Files (x86)\NVIDIA Corporation\PhysX\Common;C:\windows\system32;C:\windows;C:\windows\System32\Wbem;C:\windows\System32\WindowsPowerShell\v1.0\;C:\mozilla-build\python27;C:\mozilla-build\python27\Scripts;C:\mozilla-build\msys\bin;C:\mozilla-build\vim\vim72;C:\mozilla-build\wget;C:\mozilla-build\info-zip;C:\CoreUtils\bin;C:\mozilla-build\buildbotve\scripts;C:\mozilla-build\hg
  PATHEXT=.COM;.EXE;.BAT;.CMD;.VBS;.VBE;.JS;.JSE;.WSF;.WSH;.MSC
  PROCESSOR_ARCHITECTURE=x86
  PROCESSOR_ARCHITEW6432=AMD64
  PROCESSOR_IDENTIFIER=Intel64 Family 6 Model 30 Stepping 5, GenuineIntel
  PROCESSOR_LEVEL=6
  PROCESSOR_REVISION=1e05
  PROGRAMDATA=C:\ProgramData
  PROGRAMFILES=C:\Program Files (x86)
  PROGRAMFILES(X86)=C:\Program Files (x86)
  PROGRAMW6432=C:\Program Files
  PROMPT=$P$G
  PROPERTIES_FILE=C:\slave\test/buildprops.json
  PSMODULEPATH=C:\windows\system32\WindowsPowerShell\v1.0\Modules\
  PUBLIC=C:\Users\Public
  PWD=C:\slave\test
  RUNLOGFILE=C:\slave\\runslave.log
  SLAVEDIR=C:\slave\
  SYSTEMDRIVE=C:
  SYSTEMROOT=C:\windows
  TEMP=C:\Users\CLTBLD~1.001\AppData\Local\Temp
  TEST1=testie
  TMP=C:\Users\CLTBLD~1.001\AppData\Local\Temp
  USERDOMAIN=T-W864-IX-043
  USERDOMAIN_ROAMINGPROFILE=T-W864-IX-043
  USERNAME=cltbld
  USERPROFILE=C:\Users\cltbld.T-W864-IX-043.001
  WINDIR=C:\windows
  XPCOM_DEBUG_BREAK=warn
 using PTY: False
17:00:24     INFO - MultiFileLogger online at 20180608 17:00:24 in C:\slave\test
17:00:24     INFO - Run as scripts/scripts/desktop_unittest.py --cfg unittests/win_unittest.py --cppunittest-suite cppunittest --blob-upload-branch mozilla-esr52 --download-symbols ondemand
17:00:24     INFO - Dumping config to C:\slave\test\logs\localconfig.json.
17:00:24     INFO - {'all_cppunittest_suites': {'cppunittest': ('tests/cppunittest',)},
17:00:24     INFO -  'all_gtest_suites': {'gtest': ()},
17:00:24     INFO -  'all_jittest_suites': {'jittest': ()},
17:00:24     INFO -  'all_mochitest_suites': {'a11y': ('--flavor=a11y',),
17:00:24     INFO -                           'browser-chrome': ('--flavor=browser',),
17:00:24     INFO -                           'browser-chrome-addons': ('--flavor=browser',
17:00:24     INFO -                                                     '--chunk-by-runtime',
17:00:24     INFO -                                                     '--tag=addons'),
17:00:24     INFO -                           'browser-chrome-chunked': ('--flavor=browser',
17:00:24     INFO -                                                      '--chunk-by-runtime'),
17:00:24     INFO -                           'browser-chrome-clipboard': ('--flavor=browser',
17:00:24     INFO -                                                        '--subsuite=clipboard'),
17:00:24     INFO -                           'browser-chrome-gpu': ('--flavor=browser',
17:00:24     INFO -                                                  '--subsuite=gpu'),
17:00:24     INFO -                           'browser-chrome-screenshots': ('--flavor=browser',
17:00:24     INFO -                                                          '--subsuite=screenshots'),
17:00:24     INFO -                           'chrome': ('--flavor=chrome',),
17:00:24     INFO -                           'chrome-chunked': ('--flavor=chrome',
17:00:24     INFO -                                              '--chunk-by-dir=4'),
17:00:24     INFO -                           'chrome-clipboard': ('--flavor=chrome',
17:00:24     INFO -                                                '--subsuite=clipboard'),
17:00:24     INFO -                           'chrome-gpu': ('--flavor=chrome', '--subsuite=gpu'),
17:00:24     INFO -                           'jetpack-addon': ('--flavor=jetpack-addon',),
17:00:24     INFO -                           'jetpack-package': ('--flavor=jetpack-package',),
17:00:24     INFO -                           'jetpack-package-clipboard': ('--flavor=jetpack-package',
17:00:24     INFO -                                                         '--subsuite=clipboard'),
17:00:24     INFO -                           'mochitest-devtools-chrome': ('--flavor=browser',
17:00:24     INFO -                                                         '--subsuite=devtools'),
17:00:24     INFO -                           'mochitest-devtools-chrome-chunked': ('--flavor=browser',
17:00:24     INFO -                                                                 '--subsuite=devtools',
17:00:24     INFO -                                                                 '--chunk-by-runtime'),
17:00:24     INFO -                           'mochitest-gl': ('--subsuite=webgl',),
17:00:24     INFO -                           'mochitest-media': ('--subsuite=media',),
17:00:24     INFO -                           'mochitest-metro-chrome': ('--flavor=browser',
17:00:24     INFO -                                                      '--metro-immersive'),
17:00:24     INFO -                           'plain': (),
17:00:24     INFO -                           'plain-chunked': ('--chunk-by-dir=4',),
17:00:24     INFO -                           'plain-clipboard': ('--subsuite=clipboard',),
17:00:24     INFO -                           'plain-gpu': ('--subsuite=gpu',)},
17:00:24     INFO -  'all_mozbase_suites': {'mozbase': ()},
17:00:24     INFO -  'all_reftest_suites': {'crashtest': {'options': ('--suite=crashtest',),
17:00:24     INFO -                                       'tests': ('tests/reftest/tests/testing/crashtest/crashtests.list',)},
17:00:24     INFO -                         'jsreftest': {'options': ('--extra-profile-file=tests/jsreftest/tests/user.js',),
17:00:24     INFO -                                       'tests': ('tests/jsreftest/tests/jstests.list',)},
17:00:24     INFO -                         'reftest': {'options': ('--suite=reftest',),
17:00:24     INFO -                                     'tests': ('tests/reftest/tests/layout/reftests/reftest.list',)},
17:00:24     INFO -                         'reftest-gpu': {'options': ('--suite=reftest',
17:00:24     INFO -                                                     '--setpref=layers.gpu-process.force-enabled=true'),
17:00:24     INFO -                                         'tests': ('tests/reftest/tests/layout/reftests/reftest.list',)},
17:00:24     INFO -                         'reftest-no-accel': {'options': ('--suite=reftest',
17:00:24     INFO -                                                          '--setpref=gfx.direct2d.disabled=true',
17:00:24     INFO -                                                          '--setpref=layers.acceleration.disabled=true'),
17:00:24     INFO -                                              'tests': ('tests/reftest/tests/layout/reftests/reftest.list',)}},
17:00:24     INFO -  'all_xpcshell_suites': {'xpcshell': {'options': ('--xpcshell=%(abs_app_dir)s/xpcshell.exe',
17:00:24     INFO -                                                   '--manifest=tests/xpcshell/tests/xpcshell.ini'),
17:00:24     INFO -                                       'tests': ()},
17:00:24     INFO -                          'xpcshell-addons': {'options': ('--xpcshell=%(abs_app_dir)s/xpcshell.exe',
17:00:24     INFO -                                                          '--tag=addons',
17:00:24     INFO -                                                          '--manifest=tests/xpcshell/tests/xpcshell.ini'),
17:00:24     INFO -                                              'tests': ()}},
17:00:24     INFO -  'allow_software_gl_layers': False,
17:00:24     INFO -  'append_to_log': False,
17:00:24     INFO -  'base_work_dir': 'C:\\slave\\test',
17:00:24     INFO -  'binary_path': 'C:\\slave\\test\\build\\application\\firefox\\firefox.exe',
17:00:24     INFO -  'blob_upload_branch': 'mozilla-esr52',
17:00:24     INFO -  'blob_uploader_auth_file': 'C:\\slave\\test\\oauth.txt',
17:00:24     INFO -  'buildbot_json_path': 'buildprops.json',
17:00:24     INFO -  'buildbot_max_log_size': 52428800,
17:00:24     INFO -  'code_coverage': False,
17:00:24     INFO -  'config_files': ('unittests/win_unittest.py',),
17:00:24     INFO -  'default_blob_upload_servers': ('https://blobupload.elasticbeanstalk.com',),
17:00:24     INFO -  'download_minidump_stackwalk': True,
17:00:24     INFO -  'download_nodejs': True,
17:00:24     INFO -  'download_symbols': 'ondemand',
17:00:24     INFO -  'e10s': False,
17:00:24     INFO -  'exe_suffix': '.exe',
17:00:24     INFO -  'exes': {'hg': 'c:/mozilla-build/hg/hg',
17:00:24     INFO -           'mozinstall': ('C:\\slave\\test/build/venv/scripts/python',
17:00:24     INFO -                          'C:\\slave\\test/build/venv/scripts/mozinstall-script.py'),
17:00:24     INFO -           'python': 'c:\\mozilla-build\\python27\\python.exe',
17:00:24     INFO -           'tooltool.py': ('c:\\mozilla-build\\python27\\python.exe',
17:00:24     INFO -                           'C:/mozilla-build/tooltool.py'),
17:00:24     INFO -           'virtualenv': ('c:\\mozilla-build\\python27\\python.exe',
17:00:24     INFO -                          'c:/mozilla-build/buildbotve/virtualenv.py')},
17:00:24     INFO -  'find_links': ('http://pypi.pvt.build.mozilla.org/pub',
17:00:24     INFO -                 'http://pypi.pub.build.mozilla.org/pub'),
17:00:24     INFO -  'installer_path': 'C:\\slave\\test\\build\\installer.zip',
17:00:24     INFO -  'log_level': 'info',
17:00:24     INFO -  'log_to_console': True,
17:00:24     INFO -  'minidump_save_path': '%(abs_work_dir)s/../minidumps',
17:00:24     INFO -  'minidump_stackwalk_path': 'win32-minidump_stackwalk.exe',
17:00:24     INFO -  'minidump_tooltool_manifest_path': 'config/tooltool-manifests/win32/releng.manifest',
17:00:24     INFO -  'minimum_tests_zip_dirs': ('bin/*',
17:00:24     INFO -                             'certs/*',
17:00:24     INFO -                             'config/*',
17:00:24     INFO -                             'mach',
17:00:24     INFO -                             'marionette/*',
17:00:24     INFO -                             'modules/*',
17:00:24     INFO -                             'mozbase/*',
17:00:24     INFO -                             'tools/*'),
17:00:24     INFO -  'no_random': False,
17:00:24     INFO -  'nodejs_path': 'node-win32.exe',
17:00:24     INFO -  'nodejs_tooltool_manifest_path': 'config/tooltool-manifests/win32/nodejs.manifest',
17:00:24     INFO -  'opt_config_files': (),
17:00:24     INFO -  'pip_index': False,
17:00:24     INFO -  'preflight_run_cmd_suites': ({'architectures': ('32bit', '64bit'),
17:00:24     INFO -                                'cmd': ('xset', 's', 'off', 's', 'reset'),
17:00:24     INFO -                                'enabled': False,
17:00:24     INFO -                                'halt_on_failure': False,
17:00:24     INFO -                                'name': 'disable_screen_saver'},
17:00:24     INFO -                               {'architectures': ('32bit',),
17:00:24     INFO -                                'cmd': ('c:\\mozilla-build\\python27\\python.exe',
17:00:24     INFO -                                        '../scripts/external_tools/mouse_and_screen_resolution.py',
17:00:24     INFO -                                        '--configuration-file',
17:00:24     INFO -                                        '../scripts/external_tools/machine-configuration.json'),
17:00:24     INFO -                                'enabled': True,
17:00:24     INFO -                                'halt_on_failure': True,
17:00:24     INFO -                                'name': 'run mouse & screen adjustment script'}),
17:00:24     INFO -  'require_test_zip': True,
17:00:24     INFO -  'run_all_suites': False,
17:00:24     INFO -  'run_cmd_checks_enabled': True,
17:00:24     INFO -  'run_file_names': {'cppunittest': 'runcppunittests.py',
17:00:24     INFO -                     'gtest': 'rungtests.py',
17:00:24     INFO -                     'jittest': 'jit_test.py',
17:00:24     INFO -                     'mochitest': 'runtests.py',
17:00:24     INFO -                     'mozbase': 'test.py',
17:00:24     INFO -                     'mozmill': 'runtestlist.py',
17:00:24     INFO -                     'reftest': 'runreftest.py',
17:00:24     INFO -                     'xpcshell': 'runxpcshelltests.py'},
17:00:24     INFO -  'specific_tests_zip_dirs': {'cppunittest': ('cppunittest/*',),
17:00:24     INFO -                              'gtest': ('gtest/*',),
17:00:24     INFO -                              'jittest': ('jit-test/*',),
17:00:24     INFO -                              'mochitest': ('mochitest/*',),
17:00:24     INFO -                              'mozbase': ('mozbase/*',),
17:00:24     INFO -                              'mozmill': ('mozmill/*',),
17:00:24     INFO -                              'reftest': ('reftest/*', 'jsreftest/*'),
17:00:24     INFO -                              'xpcshell': ('xpcshell/*',)},
17:00:24     INFO -  'specified_cppunittest_suites': ('cppunittest',),
17:00:24     INFO -  'strict_content_sandbox': False,
17:00:24     INFO -  'suite_definitions': {'cppunittest': {'options': ('--symbols-path=%(symbols_path)s',
17:00:24     INFO -                                                    '--xre-path=%(abs_app_dir)s'),
17:00:24     INFO -                                        'run_filename': 'runcppunittests.py',
17:00:24     INFO -                                        'testsdir': 'cppunittest'},
17:00:24     INFO -                        'gtest': {'options': ('--xre-path=%(abs_res_dir)s',
17:00:24     INFO -                                              '--cwd=%(gtest_dir)s',
17:00:24     INFO -                                              '--symbols-path=%(symbols_path)s',
17:00:24     INFO -                                              '--utility-path=tests/bin',
17:00:24     INFO -                                              '%(binary_path)s'),
17:00:24     INFO -                                  'run_filename': 'rungtests.py'},
17:00:24     INFO -                        'jittest': {'options': ('tests/bin/js',
17:00:24     INFO -                                                '--no-slow',
17:00:24     INFO -                                                '--no-progress',
17:00:24     INFO -                                                '--format=automation',
17:00:24     INFO -                                                '--jitflags=all',
17:00:24     INFO -                                                '--timeout=970'),
17:00:24     INFO -                                    'run_filename': 'jit_test.py',
17:00:24     INFO -                                    'run_timeout': 1000,
17:00:24     INFO -                                    'testsdir': 'jit-test/jit-test'},
17:00:24     INFO -                        'mochitest': {'options': ('--appname=%(binary_path)s',
17:00:24     INFO -                                                  '--utility-path=tests/bin',
17:00:24     INFO -                                                  '--extra-profile-file=tests/bin/plugins',
17:00:24     INFO -                                                  '--symbols-path=%(symbols_path)s',
17:00:24     INFO -                                                  '--certificate-path=tests/certs',
17:00:24     INFO -                                                  '--quiet',
17:00:24     INFO -                                                  '--log-raw=%(raw_log_file)s',
17:00:24     INFO -                                                  '--log-errorsummary=%(error_summary_file)s',
17:00:24     INFO -                                                  '--screenshot-on-fail',
17:00:24     INFO -                                                  '--cleanup-crashes'),
17:00:24     INFO -                                      'run_filename': 'runtests.py',
17:00:24     INFO -                                      'testsdir': 'mochitest'},
17:00:24     INFO -                        'mozbase': {'options': ('-b', '%(binary_path)s'),
17:00:24     INFO -                                    'run_filename': 'test.py',
17:00:24     INFO -                                    'testsdir': 'mozbase'},
17:00:24     INFO -                        'mozmill': {'options': ('--binary=%(binary_path)s',
17:00:24     INFO -                                                '--testing-modules-dir=test/modules',
17:00:24     INFO -                                                '--plugins-path=%(test_plugin_path)s',
17:00:24     INFO -                                                '--symbols-path=%(symbols_path)s'),
17:00:24     INFO -                                    'run_filename': 'runtestlist.py',
17:00:24     INFO -                                    'testsdir': 'mozmill'},
17:00:24     INFO -                        'reftest': {'options': ('--appname=%(binary_path)s',
17:00:24     INFO -                                                '--utility-path=tests/bin',
17:00:24     INFO -                                                '--extra-profile-file=tests/bin/plugins',
17:00:24     INFO -                                                '--symbols-path=%(symbols_path)s',
17:00:24     INFO -                                                '--log-raw=%(raw_log_file)s',
17:00:24     INFO -                                                '--log-errorsummary=%(error_summary_file)s',
17:00:24     INFO -                                                '--cleanup-crashes'),
17:00:24     INFO -                                    'run_filename': 'runreftest.py',
17:00:24     INFO -                                    'testsdir': 'reftest'},
17:00:24     INFO -                        'xpcshell': {'options': ('--symbols-path=%(symbols_path)s',
17:00:24     INFO -                                                 '--test-plugin-path=%(test_plugin_path)s',
17:00:24     INFO -                                                 '--log-raw=%(raw_log_file)s',
17:00:24     INFO -                                                 '--log-errorsummary=%(error_summary_file)s',
17:00:24     INFO -                                                 '--utility-path=tests/bin'),
17:00:24     INFO -                                     'run_filename': 'runxpcshelltests.py',
17:00:24     INFO -                                     'testsdir': 'xpcshell'}},
17:00:24     INFO -  'unstructured_flavors': {'cppunittest': (),
17:00:24     INFO -                           'gtest': (),
17:00:24     INFO -                           'jittest': (),
17:00:24     INFO -                           'mochitest': ('jetpack',),
17:00:24     INFO -                           'mozbase': (),
17:00:24     INFO -                           'mozmill': (),
17:00:24     INFO -                           'xpcshell': ()},
17:00:24     INFO -  'vcs_output_timeout': 1000,
17:00:24     INFO -  'virtualenv_modules': ('pypiwin32', 'six==1.10.0', 'vcversioner==2.16.0.0'),
17:00:24     INFO -  'virtualenv_path': 'venv',
17:00:24     INFO -  'virtualenv_python_dll': 'c:\\mozilla-build\\python27\\python27.dll',
17:00:24     INFO -  'volatile_config': {'actions': None, 'add_actions': None, 'no_actions': None},
17:00:24     INFO -  'work_dir': 'build',
17:00:24     INFO -  'xpcshell_name': 'xpcshell.exe'}
17:00:24     INFO - [mozharness: 2018-06-09 00:00:24.927000Z] Running clobber step.
17:00:24     INFO - Running pre-action listener: _resource_record_pre_action
17:00:24     INFO - Running main action method: clobber
17:00:24     INFO - rmtree: C:\slave\test\build
17:00:24     INFO - Using _rmtree_windows ...
17:00:24     INFO - retry: Calling _rmtree_windows with args: ('C:\\slave\\test\\build',), kwargs: {}, attempt #1
17:02:13     INFO - Running post-action listener: _resource_record_post_action
17:02:13     INFO - [mozharness: 2018-06-09 00:02:13.573000Z] Finished clobber step (success)
17:02:13     INFO - [mozharness: 2018-06-09 00:02:13.573000Z] Running read-buildbot-config step.
17:02:13     INFO - Running pre-action listener: _resource_record_pre_action
17:02:13     INFO - Running main action method: read_buildbot_config
17:02:13     INFO - Using buildbot properties:
17:02:13     INFO - {
17:02:13     INFO -     "project": "", 
17:02:13     INFO -     "product": "firefox", 
17:02:13     INFO -     "script_repo_revision": "production", 
17:02:13     INFO -     "scheduler": "tests-mozilla-esr52-win8_64-pgo-unittest", 
17:02:13     INFO -     "repository": "", 
17:02:13     INFO -     "buildername": "Windows 8 64-bit mozilla-esr52 pgo test cppunit", 
17:02:13     INFO -     "buildid": "20180608150819", 
17:02:13     INFO -     "pgo_build": "True", 
17:02:13     INFO -     "basedir": "C:\\slave\\test", 
17:02:13     INFO -     "buildnumber": 40, 
17:02:13     INFO -     "slavename": "t-w864-ix-043", 
17:02:13     INFO -     "revision": "cbfdf01aac455e0591471201c96b89dee98190b5", 
17:02:13     INFO -     "master": "http://buildbot-master111.bb.releng.scl3.mozilla.com:8201/", 
17:02:13     INFO -     "platform": "win64", 
17:02:13     INFO -     "branch": "mozilla-esr52", 
17:02:13     INFO -     "repo_path": "releases/mozilla-esr52", 
17:02:13     INFO -     "moz_repo_path": "", 
17:02:13     INFO -     "stage_platform": "win64-pgo", 
17:02:13     INFO -     "builduid": "b298b373e93d4f8dbf92436c9ed838a2", 
17:02:13     INFO -     "slavebuilddir": "test"
17:02:13     INFO - }
17:02:13     INFO - Found a test packages url https://queue.taskcluster.net/v1/task/VAgbWLphTjmdh4hh8yTyVw/artifacts/public/build/firefox-52.8.2.en-US.win64.test_packages.json.
17:02:13     INFO - Found installer url https://queue.taskcluster.net/v1/task/VAgbWLphTjmdh4hh8yTyVw/artifacts/public/build/firefox-52.8.2.en-US.win64.zip.
17:02:13     INFO - Running post-action listener: _resource_record_post_action
17:02:13     INFO - [mozharness: 2018-06-09 00:02:13.577000Z] Finished read-buildbot-config step (success)
17:02:13     INFO - [mozharness: 2018-06-09 00:02:13.577000Z] Running download-and-extract step.
17:02:13     INFO - Running pre-action listener: _pre_download_and_extract
17:02:13  WARNING - Try message not found.
17:02:13     INFO - Running pre-action listener: _resource_record_pre_action
17:02:13     INFO - Running main action method: download_and_extract
17:02:13     INFO - mkdir: C:\slave\test\build\tests
17:02:13     INFO - Downloading https://queue.taskcluster.net/v1/task/VAgbWLphTjmdh4hh8yTyVw/artifacts/public/build/firefox-52.8.2.en-US.win64.test_packages.json to C:\slave\test\build\firefox-52.8.2.en-US.win64.test_packages.json
17:02:13     INFO - retry: Calling _download_file with args: (), kwargs: {'url': 'https://queue.taskcluster.net/v1/task/VAgbWLphTjmdh4hh8yTyVw/artifacts/public/build/firefox-52.8.2.en-US.win64.test_packages.json', 'file_name': 'C:\\slave\\test\\build\\firefox-52.8.2.en-US.win64.test_packages.json'}, attempt #1
17:02:14     INFO - Downloaded 1218 bytes.
17:02:14     INFO - Reading from file C:\slave\test\build\firefox-52.8.2.en-US.win64.test_packages.json
17:02:14     INFO - Using the following test package requirements:
17:02:14     INFO - {u'common': [u'firefox-52.8.2.en-US.win64.common.tests.zip'],
17:02:14     INFO -  u'cppunittest': [u'firefox-52.8.2.en-US.win64.common.tests.zip',
17:02:14     INFO -                   u'firefox-52.8.2.en-US.win64.cppunittest.tests.zip'],
17:02:14     INFO -  u'gtest': [u'firefox-52.8.2.en-US.win64.common.tests.zip'],
17:02:14     INFO -  u'jittest': [u'firefox-52.8.2.en-US.win64.common.tests.zip',
17:02:14     INFO -               u'jsshell-win64.zip'],
17:02:14     INFO -  u'mochitest': [u'firefox-52.8.2.en-US.win64.common.tests.zip',
17:02:14     INFO -                 u'firefox-52.8.2.en-US.win64.mochitest.tests.zip'],
17:02:14     INFO -  u'mozbase': [u'firefox-52.8.2.en-US.win64.common.tests.zip'],
17:02:14     INFO -  u'reftest': [u'firefox-52.8.2.en-US.win64.common.tests.zip',
17:02:14     INFO -               u'firefox-52.8.2.en-US.win64.reftest.tests.zip'],
17:02:14     INFO -  u'talos': [u'firefox-52.8.2.en-US.win64.common.tests.zip',
17:02:14     INFO -             u'firefox-52.8.2.en-US.win64.talos.tests.zip'],
17:02:14     INFO -  u'web-platform': [u'firefox-52.8.2.en-US.win64.common.tests.zip',
17:02:14     INFO -                    u'firefox-52.8.2.en-US.win64.web-platform.tests.zip'],
17:02:14     INFO -  u'xpcshell': [u'firefox-52.8.2.en-US.win64.common.tests.zip',
17:02:14     INFO -                u'firefox-52.8.2.en-US.win64.xpcshell.tests.zip']}
17:02:14     INFO - Downloading packages: [u'firefox-52.8.2.en-US.win64.common.tests.zip', u'firefox-52.8.2.en-US.win64.cppunittest.tests.zip'] for test suite category: cppunittest
17:02:14     INFO - Adding 'mozinfo.json' for extraction from common.tests zip file
17:02:14     INFO - Downloading and extracting to C:\slave\test\build\tests these dirs bin/*, certs/*, config/*, mach, marionette/*, modules/*, mozbase/*, tools/*, cppunittest/*, mozinfo.json from https://queue.taskcluster.net/v1/task/VAgbWLphTjmdh4hh8yTyVw/artifacts/public/build/firefox-52.8.2.en-US.win64.common.tests.zip
17:02:14     INFO - retry: Calling fetch_url_into_memory with args: (), kwargs: {'url': u'https://queue.taskcluster.net/v1/task/VAgbWLphTjmdh4hh8yTyVw/artifacts/public/build/firefox-52.8.2.en-US.win64.common.tests.zip'}, attempt #1
17:02:14     INFO - Fetch https://queue.taskcluster.net/v1/task/VAgbWLphTjmdh4hh8yTyVw/artifacts/public/build/firefox-52.8.2.en-US.win64.common.tests.zip into memory
17:02:15     INFO - Http code: 200
17:02:15     INFO - via: 1.1 939ea9d62ec616846d41b16cea0dc65b.cloudfront.net (CloudFront)
17:02:15     INFO - x-amz-cf-id: a_g2Bcbaa7sCLD5qddKAktlIy3bMd726c8m8Ylr9uNmT59baUsvYFQ==
17:02:15     INFO - x-amz-version-id: PWIf.SJCY7_2cY1I6UgZuHaMt7l.wuxG
17:02:15     INFO - Expected file size: 17259713
17:02:15     INFO - Obtained file size: 17259713
17:02:16     INFO - Downloading and extracting to C:\slave\test\build\tests these dirs bin/*, certs/*, config/*, mach, marionette/*, modules/*, mozbase/*, tools/*, cppunittest/*, mozinfo.json from https://queue.taskcluster.net/v1/task/VAgbWLphTjmdh4hh8yTyVw/artifacts/public/build/firefox-52.8.2.en-US.win64.cppunittest.tests.zip
17:02:16     INFO - retry: Calling fetch_url_into_memory with args: (), kwargs: {'url': u'https://queue.taskcluster.net/v1/task/VAgbWLphTjmdh4hh8yTyVw/artifacts/public/build/firefox-52.8.2.en-US.win64.cppunittest.tests.zip'}, attempt #1
17:02:16     INFO - Fetch https://queue.taskcluster.net/v1/task/VAgbWLphTjmdh4hh8yTyVw/artifacts/public/build/firefox-52.8.2.en-US.win64.cppunittest.tests.zip into memory
17:02:17     INFO - Http code: 200
17:02:17     INFO - via: 1.1 88972e3933cc06dd11a6fa704a208631.cloudfront.net (CloudFront)
17:02:17     INFO - x-amz-cf-id: QuKlCA-bwXB4WiXcsMtwQXscpcEZsFKJpQmRyLp71u9gl4gPFiVHKA==
17:02:17     INFO - x-amz-version-id: SGIqrNde.yNquxFs3GtM9q.F6Q08neNo
17:02:17     INFO - Expected file size: 9828126
17:02:17     INFO - Obtained file size: 9828126
17:02:18     INFO - Downloading https://queue.taskcluster.net/v1/task/VAgbWLphTjmdh4hh8yTyVw/artifacts/public/build/firefox-52.8.2.en-US.win64.zip to C:\slave\test\build\installer.zip
17:02:18     INFO - retry: Calling _download_file with args: (), kwargs: {'url': 'https://queue.taskcluster.net/v1/task/VAgbWLphTjmdh4hh8yTyVw/artifacts/public/build/firefox-52.8.2.en-US.win64.zip', 'file_name': 'C:\\slave\\test\\build\\installer.zip'}, attempt #1
17:02:19     INFO - Downloaded 59133206 bytes.
17:02:19     INFO - Setting buildbot property build_url to https://queue.taskcluster.net/v1/task/VAgbWLphTjmdh4hh8yTyVw/artifacts/public/build/firefox-52.8.2.en-US.win64.zip
17:02:19     INFO - mkdir: C:\slave\test\properties
17:02:19     INFO - Writing buildbot properties ['build_url'] to C:\slave\test\properties\build_url
17:02:19     INFO - Writing to file C:\slave\test\properties\build_url
17:02:19     INFO - Contents:
17:02:19     INFO -  build_url:https://queue.taskcluster.net/v1/task/VAgbWLphTjmdh4hh8yTyVw/artifacts/public/build/firefox-52.8.2.en-US.win64.zip
17:02:20     INFO - Running post-action listener: _resource_record_post_action
17:02:20     INFO - Running post-action listener: set_extra_try_arguments
17:02:20     INFO - [mozharness: 2018-06-09 00:02:20.167000Z] Finished download-and-extract step (success)
17:02:20     INFO - [mozharness: 2018-06-09 00:02:20.167000Z] Running create-virtualenv step.
17:02:20     INFO - Running pre-action listener: _install_mozbase
17:02:20     INFO - Running pre-action listener: _pre_create_virtualenv
17:02:20     INFO - Running pre-action listener: _resource_record_pre_action
17:02:20     INFO - Running main action method: create_virtualenv
17:02:20     INFO - Creating virtualenv C:\slave\test\build\venv
17:02:20     INFO - Running command: ['c:\\mozilla-build\\python27\\python.exe', 'C:\\slave\\test\\scripts\\external_tools\\virtualenv\\virtualenv.py', '--always-copy', 'C:\\slave\\test\\build\\venv'] in C:\slave\test\build
17:02:20     INFO - Copy/paste: c:\mozilla-build\python27\python.exe C:\slave\test\scripts\external_tools\virtualenv\virtualenv.py --always-copy C:\slave\test\build\venv
17:02:20     INFO - Using partial env: {'VIRTUALENV_NO_DOWNLOAD': '1'}
17:02:25     INFO -  New python executable in C:\slave\test\build\venv\Scripts\python.exe
17:02:33     INFO -  Installing setuptools, pip, wheel...done.
17:02:33     INFO - Return code: 0
17:02:33     INFO - Installing pypiwin32 into virtualenv C:\slave\test\build\venv
17:02:33     INFO - retry: Calling run_command with args: [['C:\\slave\\test\\build\\venv\\Scripts\\pip', 'install', '--timeout', '120', '--no-index', '--find-links', 'http://pypi.pvt.build.mozilla.org/pub', '--find-links', 'http://pypi.pub.build.mozilla.org/pub', '--trusted-host', 'pypi.pub.build.mozilla.org', '--trusted-host', 'pypi.pvt.build.mozilla.org', 'pypiwin32']], kwargs: {'error_level': 'warning', 'error_list': [{'substr': 'not found or a compiler error:', 'level': 'warning'}, {'regex': <_sre.SRE_Pattern object at 0x022223A0>, 'level': 'error'}, {'regex': <_sre.SRE_Pattern object at 0x0231A020>, 'level': 'warning'}, {'regex': <_sre.SRE_Pattern object at 0x022891E0>, 'level': 'debug'}, {'substr': 'command not found', 'level': 'error'}, {'regex': <_sre.SRE_Pattern object at 0x022CD758>, 'level': 'warning'}, {'substr': 'Traceback (most recent call last)', 'level': 'error'}, {'substr': 'SyntaxError: ', 'level': 'error'}, {'substr': 'TypeError: ', 'level': 'error'}, {'substr': 'NameError: ', 'level': 'error'}, {'substr': 'ZeroDivisionError: ', 'level': 'error'}, {'regex': <_sre.SRE_Pattern object at 0x004BAB20>, 'level': 'critical'}, {'regex': <_sre.SRE_Pattern object at 0x022EA660>, 'level': 'critical'}], 'cwd': 'C:\\slave\\test\\build', 'env': {'TMP': 'C:\\Users\\CLTBLD~1.001\\AppData\\Local\\Temp', 'TEST1': 'testie', 'COMPUTERNAME': 'T-W864-IX-043', 'USERDOMAIN': 'T-W864-IX-043', 'KTS_VERSION': '1.19c', 'PSMODULEPATH': 'C:\\windows\\system32\\WindowsPowerShell\\v1.0\\Modules\\', 'COMMONPROGRAMFILES': 'C:\\Program Files (x86)\\Common Files', 'PROCESSOR_IDENTIFIER': 'Intel64 Family 6 Model 30 Stepping 5, GenuineIntel', 'PROGRAMFILES': 'C:\\Program Files (x86)', 'PROCESSOR_REVISION': '1e05', 'DNSSUFFIX': 'wintest.releng.scl3.mozilla.com', 'SYSTEMROOT': 'C:\\windows', 'NO_EM_RESTART': '1', 'PROGRAMFILES(X86)': 'C:\\Program Files (x86)', 'OURDRIVE': 'C:', 'MOZ_HIDE_RESULTS_TABLE': '1', 'XPCOM_DEBUG_BREAK': 'warn', 'MONDIR': 'C:\\Monitor_config\\', 'TEMP': 'C:\\Users\\CLTBLD~1.001\\AppData\\Local\\Temp', 'COMMONPROGRAMFILES(X86)': 'C:\\Program Files (x86)\\Common Files', 'RUNLOGFILE': 'C:\\slave\\\\runslave.log', 'PROCESSOR_ARCHITECTURE': 'x86', 'ALLUSERSPROFILE': 'C:\\ProgramData', 'USERPROFILE': 'C:\\Users\\cltbld.T-W864-IX-043.001', 'LOCALAPPDATA': 'C:\\Users\\cltbld.T-W864-IX-043.001\\AppData\\Local', 'HOMEPATH': '\\Users\\cltbld.T-W864-IX-043.001', 'USERDOMAIN_ROAMINGPROFILE': 'T-W864-IX-043', 'MOZBUILDDIR': 'C:\\mozilla-build\\', 'PROGRAMW6432': 'C:\\Program Files', 'USERNAME': 'cltbld', 'LOGONSERVER': '\\\\T-W864-IX-043', 'MOZ_NO_REMOTE': '1', 'COMSPEC': 'C:\\windows\\system32\\cmd.exe', 'PROGRAMDATA': 'C:\\ProgramData', 'PROPERTIES_FILE': 'C:\\slave\\test/buildprops.json', 'PATH': 'C:\\Program Files (x86)\\NVIDIA Corporation\\PhysX\\Common;C:\\windows\\system32;C:\\windows;C:\\windows\\System32\\Wbem;C:\\windows\\System32\\WindowsPowerShell\\v1.0\\;C:\\mozilla-build\\python27;C:\\mozilla-build\\python27\\Scripts;C:\\mozilla-build\\msys\\bin;C:\\mozilla-build\\vim\\vim72;C:\\mozilla-build\\wget;C:\\mozilla-build\\info-zip;C:\\CoreUtils\\bin;C:\\mozilla-build\\buildbotve\\scripts;C:\\mozilla-build\\hg', 'PROMPT': '$P$G', 'NO_FAIL_ON_TEST_ERRORS': '1', 'PATHEXT': '.COM;.EXE;.BAT;.CMD;.VBS;.VBE;.JS;.JSE;.WSF;.WSH;.MSC', 'FP_NO_HOST_CHECK': 'NO', 'DCLOCATION': 'SCL3', 'APPDATA': 'C:\\Users\\cltbld.T-W864-IX-043.001\\AppData\\Roaming', 'HOMEDRIVE': 'C:', 'SYSTEMDRIVE': 'C:', 'SLAVEDIR': 'C:\\slave\\', 'NUMBER_OF_PROCESSORS': '8', 'PWD': 'C:\\slave\\test', 'PROCESSOR_LEVEL': '6', 'KTS_HOME': 'C:\\Program Files\\KTS', 'PROCESSOR_ARCHITEW6432': 'AMD64', 'MOZ_CRASHREPORTER_NO_REPORT': '1', 'COMMONPROGRAMW6432': 'C:\\Program Files\\Common Files', 'OS': 'Windows_NT', 'PUBLIC': 'C:\\Users\\Public', 'WINDIR': 'C:\\windows'}}, attempt #1
17:02:33     INFO - Running command: ['C:\\slave\\test\\build\\venv\\Scripts\\pip', 'install', '--timeout', '120', '--no-index', '--find-links', 'http://pypi.pvt.build.mozilla.org/pub', '--find-links', 'http://pypi.pub.build.mozilla.org/pub', '--trusted-host', 'pypi.pub.build.mozilla.org', '--trusted-host', 'pypi.pvt.build.mozilla.org', 'pypiwin32'] in C:\slave\test\build
17:02:33     INFO - Copy/paste: C:\slave\test\build\venv\Scripts\pip install --timeout 120 --no-index --find-links http://pypi.pvt.build.mozilla.org/pub --find-links http://pypi.pub.build.mozilla.org/pub --trusted-host pypi.pub.build.mozilla.org --trusted-host pypi.pvt.build.mozilla.org pypiwin32
17:02:33     INFO - Using env: {'ALLUSERSPROFILE': 'C:\\ProgramData',
17:02:33     INFO -  'APPDATA': 'C:\\Users\\cltbld.T-W864-IX-043.001\\AppData\\Roaming',
17:02:33     INFO -  'COMMONPROGRAMFILES': 'C:\\Program Files (x86)\\Common Files',
17:02:33     INFO -  'COMMONPROGRAMFILES(X86)': 'C:\\Program Files (x86)\\Common Files',
17:02:33     INFO -  'COMMONPROGRAMW6432': 'C:\\Program Files\\Common Files',
17:02:33     INFO -  'COMPUTERNAME': 'T-W864-IX-043',
17:02:33     INFO -  'COMSPEC': 'C:\\windows\\system32\\cmd.exe',
17:02:33     INFO -  'DCLOCATION': 'SCL3',
17:02:33     INFO -  'DNSSUFFIX': 'wintest.releng.scl3.mozilla.com',
17:02:33     INFO -  'FP_NO_HOST_CHECK': 'NO',
17:02:33     INFO -  'HOMEDRIVE': 'C:',
17:02:33     INFO -  'HOMEPATH': '\\Users\\cltbld.T-W864-IX-043.001',
17:02:33     INFO -  'KTS_HOME': 'C:\\Program Files\\KTS',
17:02:33     INFO -  'KTS_VERSION': '1.19c',
17:02:33     INFO -  'LOCALAPPDATA': 'C:\\Users\\cltbld.T-W864-IX-043.001\\AppData\\Local',
17:02:33     INFO -  'LOGONSERVER': '\\\\T-W864-IX-043',
17:02:33     INFO -  'MONDIR': 'C:\\Monitor_config\\',
17:02:33     INFO -  'MOZBUILDDIR': 'C:\\mozilla-build\\',
17:02:33     INFO -  'MOZ_CRASHREPORTER_NO_REPORT': '1',
17:02:33     INFO -  'MOZ_HIDE_RESULTS_TABLE': '1',
17:02:33     INFO -  'MOZ_NO_REMOTE': '1',
17:02:33     INFO -  'NO_EM_RESTART': '1',
17:02:33     INFO -  'NO_FAIL_ON_TEST_ERRORS': '1',
17:02:33     INFO -  'NUMBER_OF_PROCESSORS': '8',
17:02:33     INFO -  'OS': 'Windows_NT',
17:02:33     INFO -  'OURDRIVE': 'C:',
17:02:33     INFO -  'PATH': 'C:\\Program Files (x86)\\NVIDIA Corporation\\PhysX\\Common;C:\\windows\\system32;C:\\windows;C:\\windows\\System32\\Wbem;C:\\windows\\System32\\WindowsPowerShell\\v1.0\\;C:\\mozilla-build\\python27;C:\\mozilla-build\\python27\\Scripts;C:\\mozilla-build\\msys\\bin;C:\\mozilla-build\\vim\\vim72;C:\\mozilla-build\\wget;C:\\mozilla-build\\info-zip;C:\\CoreUtils\\bin;C:\\mozilla-build\\buildbotve\\scripts;C:\\mozilla-build\\hg',
17:02:33     INFO -  'PATHEXT': '.COM;.EXE;.BAT;.CMD;.VBS;.VBE;.JS;.JSE;.WSF;.WSH;.MSC',
17:02:33     INFO -  'PROCESSOR_ARCHITECTURE': 'x86',
17:02:33     INFO -  'PROCESSOR_ARCHITEW6432': 'AMD64',
17:02:33     INFO -  'PROCESSOR_IDENTIFIER': 'Intel64 Family 6 Model 30 Stepping 5, GenuineIntel',
17:02:33     INFO -  'PROCESSOR_LEVEL': '6',
17:02:33     INFO -  'PROCESSOR_REVISION': '1e05',
17:02:33     INFO -  'PROGRAMDATA': 'C:\\ProgramData',
17:02:33     INFO -  'PROGRAMFILES': 'C:\\Program Files (x86)',
17:02:33     INFO -  'PROGRAMFILES(X86)': 'C:\\Program Files (x86)',
17:02:33     INFO -  'PROGRAMW6432': 'C:\\Program Files',
17:02:33     INFO -  'PROMPT': '$P$G',
17:02:33     INFO -  'PROPERTIES_FILE': 'C:\\slave\\test/buildprops.json',
17:02:33     INFO -  'PSMODULEPATH': 'C:\\windows\\system32\\WindowsPowerShell\\v1.0\\Modules\\',
17:02:33     INFO -  'PUBLIC': 'C:\\Users\\Public',
17:02:33     INFO -  'PWD': 'C:\\slave\\test',
17:02:33     INFO -  'RUNLOGFILE': 'C:\\slave\\\\runslave.log',
17:02:33     INFO -  'SLAVEDIR': 'C:\\slave\\',
17:02:33     INFO -  'SYSTEMDRIVE': 'C:',
17:02:33     INFO -  'SYSTEMROOT': 'C:\\windows',
17:02:33     INFO -  'TEMP': 'C:\\Users\\CLTBLD~1.001\\AppData\\Local\\Temp',
17:02:33     INFO -  'TEST1': 'testie',
17:02:33     INFO -  'TMP': 'C:\\Users\\CLTBLD~1.001\\AppData\\Local\\Temp',
17:02:33     INFO -  'USERDOMAIN': 'T-W864-IX-043',
17:02:33     INFO -  'USERDOMAIN_ROAMINGPROFILE': 'T-W864-IX-043',
17:02:33     INFO -  'USERNAME': 'cltbld',
17:02:33     INFO -  'USERPROFILE': 'C:\\Users\\cltbld.T-W864-IX-043.001',
17:02:33     INFO -  'WINDIR': 'C:\\windows',
17:02:33     INFO -  'XPCOM_DEBUG_BREAK': 'warn'}
17:02:34     INFO -  Ignoring indexes: https://pypi.python.org/simple
17:02:34     INFO -  Collecting pypiwin32
17:02:35     INFO -    Downloading http://pypi.pvt.build.mozilla.org/pub/pypiwin32-219-cp27-none-win32.whl (6.7MB)
17:02:36     INFO -  Installing collected packages: pypiwin32
17:02:40     INFO -  Successfully installed pypiwin32-219

command interrupted, attempting to kill
17:02:47     INFO - Return code: 0
17:02:47     INFO - Installing six==1.10.0 into virtualenv C:\slave\test\build\venv
17:02:47     INFO - retry: Calling run_command with args: [['C:\\slave\\test\\build\\venv\\Scripts\\pip', 'install', '--timeout', '120', '--no-index', '--find-links', 'http://pypi.pvt.build.mozilla.org/pub', '--find-links', 'http://pypi.pub.build.mozilla.org/pub', '--trusted-host', 'pypi.pub.build.mozilla.org', '--trusted-host', 'pypi.pvt.build.mozilla.org', 'six==1.10.0']], kwargs: {'error_level': 'warning', 'error_list': [{'substr': 'not found or a compiler error:', 'level': 'warning'}, {'regex': <_sre.SRE_Pattern object at 0x022223A0>, 'level': 'error'}, {'regex': <_sre.SRE_Pattern object at 0x0231A020>, 'level': 'warning'}, {'regex': <_sre.SRE_Pattern object at 0x022891E0>, 'level': 'debug'}, {'substr': 'command not found', 'level': 'error'}, {'regex': <_sre.SRE_Pattern object at 0x022CD758>, 'level': 'warning'}, {'substr': 'Traceback (most recent call last)', 'level': 'error'}, {'substr': 'SyntaxError: ', 'level': 'error'}, {'substr': 'TypeError: ', 'level': 'error'}, {'substr': 'NameError: ', 'level': 'error'}, {'substr': 'ZeroDivisionError: ', 'level': 'error'}, {'regex': <_sre.SRE_Pattern object at 0x004BAB20>, 'level': 'critical'}, {'regex': <_sre.SRE_Pattern object at 0x022EA660>, 'level': 'critical'}], 'cwd': 'C:\\slave\\test\\build', 'env': {'TMP': 'C:\\Users\\CLTBLD~1.001\\AppData\\Local\\Temp', 'TEST1': 'testie', 'COMPUTERNAME': 'T-W864-IX-043', 'USERDOMAIN': 'T-W864-IX-043', 'KTS_VERSION': '1.19c', 'PSMODULEPATH': 'C:\\windows\\system32\\WindowsPowerShell\\v1.0\\Modules\\', 'COMMONPROGRAMFILES': 'C:\\Program Files (x86)\\Common Files', 'PROCESSOR_IDENTIFIER': 'Intel64 Family 6 Model 30 Stepping 5, GenuineIntel', 'PROGRAMFILES': 'C:\\Program Files (x86)', 'PROCESSOR_REVISION': '1e05', 'DNSSUFFIX': 'wintest.releng.scl3.mozilla.com', 'SYSTEMROOT': 'C:\\windows', 'NO_EM_RESTART': '1', 'PROGRAMFILES(X86)': 'C:\\Program Files (x86)', 'OURDRIVE': 'C:', 'MOZ_HIDE_RESULTS_TABLE': '1', 'XPCOM_DEBUG_BREAK': 'warn', 'MONDIR': 'C:\\Monitor_config\\', 'TEMP': 'C:\\Users\\CLTBLD~1.001\\AppData\\Local\\Temp', 'COMMONPROGRAMFILES(X86)': 'C:\\Program Files (x86)\\Common Files', 'RUNLOGFILE': 'C:\\slave\\\\runslave.log', 'PROCESSOR_ARCHITECTURE': 'x86', 'ALLUSERSPROFILE': 'C:\\ProgramData', 'USERPROFILE': 'C:\\Users\\cltbld.T-W864-IX-043.001', 'LOCALAPPDATA': 'C:\\Users\\cltbld.T-W864-IX-043.001\\AppData\\Local', 'HOMEPATH': '\\Users\\cltbld.T-W864-IX-043.001', 'USERDOMAIN_ROAMINGPROFILE': 'T-W864-IX-043', 'MOZBUILDDIR': 'C:\\mozilla-build\\', 'PROGRAMW6432': 'C:\\Program Files', 'USERNAME': 'cltbld', 'LOGONSERVER': '\\\\T-W864-IX-043', 'MOZ_NO_REMOTE': '1', 'COMSPEC': 'C:\\windows\\system32\\cmd.exe', 'PROGRAMDATA': 'C:\\ProgramData', 'PROPERTIES_FILE': 'C:\\slave\\test/buildprops.json', 'PATH': 'C:\\Program Files (x86)\\NVIDIA Corporation\\PhysX\\Common;C:\\windows\\system32;C:\\windows;C:\\windows\\System32\\Wbem;C:\\windows\\System32\\WindowsPowerShell\\v1.0\\;C:\\mozilla-build\\python27;C:\\mozilla-build\\python27\\Scripts;C:\\mozilla-build\\msys\\bin;C:\\mozilla-build\\vim\\vim72;C:\\mozilla-build\\wget;C:\\mozilla-build\\info-zip;C:\\CoreUtils\\bin;C:\\mozilla-build\\buildbotve\\scripts;C:\\mozilla-build\\hg', 'PROMPT': '$P$G', 'NO_FAIL_ON_TEST_ERRORS': '1', 'PATHEXT': '.COM;.EXE;.BAT;.CMD;.VBS;.VBE;.JS;.JSE;.WSF;.WSH;.MSC', 'FP_NO_HOST_CHECK': 'NO', 'DCLOCATION': 'SCL3', 'APPDATA': 'C:\\Users\\cltbld.T-W864-IX-043.001\\AppData\\Roaming', 'HOMEDRIVE': 'C:', 'SYSTEMDRIVE': 'C:', 'SLAVEDIR': 'C:\\slave\\', 'NUMBER_OF_PROCESSORS': '8', 'PWD': 'C:\\slave\\test', 'PROCESSOR_LEVEL': '6', 'KTS_HOME': 'C:\\Program Files\\KTS', 'PROCESSOR_ARCHITEW6432': 'AMD64', 'MOZ_CRASHREPORTER_NO_REPORT': '1', 'COMMONPROGRAMW6432': 'C:\\Program Files\\Common Files', 'OS': 'Windows_NT', 'PUBLIC': 'C:\\Users\\Public', 'WINDIR': 'C:\\windows'}}, attempt #1
program finished with exit code 1
elapsedTime=144.103000
The web-page 'stop build' button was pressed by 'rvandermeulen@mozilla.com': Cancelled via self-serve
The web-page 'stop build' button was pressed by 'rvandermeulen@mozilla.com': Cancelled via self-serve
The web-page 'stop build' button was pressed by 'rvandermeulen@mozilla.com': Cancelled via self-serve
========= master_lag: 0.27 =========
========= Finished 'c:/mozilla-build/python27/python -u ...' interrupted (results: 4, elapsed: 2 mins, 24 secs) (at 2018-06-08 17:02:47.401928) =========

========= Started set props: build_url (results: 0, elapsed: 0 secs) (at 2018-06-08 17:02:47.402961) =========
'cmd' '/C' 'for' '%f' 'in' '(*)' 'do' '@type' '%f'
 in dir C:\slave\test\properties (timeout 1200 secs)
 watching logfiles {}
 argv: ['cmd', '/C', 'for', '%f', 'in', '(*)', 'do', '@type', '%f']
 environment:
  ALLUSERSPROFILE=C:\ProgramData
  APPDATA=C:\Users\cltbld.T-W864-IX-043.001\AppData\Roaming
  COMMONPROGRAMFILES=C:\Program Files (x86)\Common Files
  COMMONPROGRAMFILES(X86)=C:\Program Files (x86)\Common Files
  COMMONPROGRAMW6432=C:\Program Files\Common Files
  COMPUTERNAME=T-W864-IX-043
  COMSPEC=C:\windows\system32\cmd.exe
  DCLOCATION=SCL3
  DNSSUFFIX=wintest.releng.scl3.mozilla.com
  FP_NO_HOST_CHECK=NO
  HOMEDRIVE=C:
  HOMEPATH=\Users\cltbld.T-W864-IX-043.001
  KTS_HOME=C:\Program Files\KTS
  KTS_VERSION=1.19c
  LOCALAPPDATA=C:\Users\cltbld.T-W864-IX-043.001\AppData\Local
  LOGONSERVER=\\T-W864-IX-043
  MONDIR=C:\Monitor_config\
  MOZBUILDDIR=C:\mozilla-build\
  NUMBER_OF_PROCESSORS=8
  OS=Windows_NT
  OURDRIVE=C:
  PATH=C:\Program Files (x86)\NVIDIA Corporation\PhysX\Common;C:\windows\system32;C:\windows;C:\windows\System32\Wbem;C:\windows\System32\WindowsPowerShell\v1.0\;C:\mozilla-build\python27;C:\mozilla-build\python27\Scripts;C:\mozilla-build\msys\bin;C:\mozilla-build\vim\vim72;C:\mozilla-build\wget;C:\mozilla-build\info-zip;C:\CoreUtils\bin;C:\mozilla-build\buildbotve\scripts;C:\mozilla-build\hg
  PATHEXT=.COM;.EXE;.BAT;.CMD;.VBS;.VBE;.JS;.JSE;.WSF;.WSH;.MSC
  PROCESSOR_ARCHITECTURE=x86
  PROCESSOR_ARCHITEW6432=AMD64
  PROCESSOR_IDENTIFIER=Intel64 Family 6 Model 30 Stepping 5, GenuineIntel
  PROCESSOR_LEVEL=6
  PROCESSOR_REVISION=1e05
  PROGRAMDATA=C:\ProgramData
  PROGRAMFILES=C:\Program Files (x86)
  PROGRAMFILES(X86)=C:\Program Files (x86)
  PROGRAMW6432=C:\Program Files
  PROMPT=$P$G
  PSMODULEPATH=C:\windows\system32\WindowsPowerShell\v1.0\Modules\
  PUBLIC=C:\Users\Public
  PWD=C:\slave\test\properties
  RUNLOGFILE=C:\slave\\runslave.log
  SLAVEDIR=C:\slave\
  SYSTEMDRIVE=C:
  SYSTEMROOT=C:\windows
  TEMP=C:\Users\CLTBLD~1.001\AppData\Local\Temp
  TEST1=testie
  TMP=C:\Users\CLTBLD~1.001\AppData\Local\Temp
  USERDOMAIN=T-W864-IX-043
  USERDOMAIN_ROAMINGPROFILE=T-W864-IX-043
  USERNAME=cltbld
  USERPROFILE=C:\Users\cltbld.T-W864-IX-043.001
  WINDIR=C:\windows
 using PTY: False
build_url:https://queue.taskcluster.net/v1/task/VAgbWLphTjmdh4hh8yTyVw/artifacts/public/build/firefox-52.8.2.en-US.win64.zip
program finished with exit code 0
elapsedTime=0.101000
build_url: 'https://queue.taskcluster.net/v1/task/VAgbWLphTjmdh4hh8yTyVw/artifacts/public/build/firefox-52.8.2.en-US.win64.zip'
========= master_lag: 0.01 =========
========= Finished set props: build_url (results: 0, elapsed: 0 secs) (at 2018-06-08 17:02:47.515909) =========

========= Started 'rm -f ...' (results: 0, elapsed: 0 secs) (at 2018-06-08 17:02:47.516242) =========
'rm' '-f' 'oauth.txt'
 in dir C:\slave\test\. (timeout 1200 secs)
 watching logfiles {}
 argv: ['rm', '-f', 'oauth.txt']
 environment:
  ALLUSERSPROFILE=C:\ProgramData
  APPDATA=C:\Users\cltbld.T-W864-IX-043.001\AppData\Roaming
  COMMONPROGRAMFILES=C:\Program Files (x86)\Common Files
  COMMONPROGRAMFILES(X86)=C:\Program Files (x86)\Common Files
  COMMONPROGRAMW6432=C:\Program Files\Common Files
  COMPUTERNAME=T-W864-IX-043
  COMSPEC=C:\windows\system32\cmd.exe
  DCLOCATION=SCL3
  DNSSUFFIX=wintest.releng.scl3.mozilla.com
  FP_NO_HOST_CHECK=NO
  HOMEDRIVE=C:
  HOMEPATH=\Users\cltbld.T-W864-IX-043.001
  KTS_HOME=C:\Program Files\KTS
  KTS_VERSION=1.19c
  LOCALAPPDATA=C:\Users\cltbld.T-W864-IX-043.001\AppData\Local
  LOGONSERVER=\\T-W864-IX-043
  MONDIR=C:\Monitor_config\
  MOZBUILDDIR=C:\mozilla-build\
  NUMBER_OF_PROCESSORS=8
  OS=Windows_NT
  OURDRIVE=C:
  PATH=C:\Program Files (x86)\NVIDIA Corporation\PhysX\Common;C:\windows\system32;C:\windows;C:\windows\System32\Wbem;C:\windows\System32\WindowsPowerShell\v1.0\;C:\mozilla-build\python27;C:\mozilla-build\python27\Scripts;C:\mozilla-build\msys\bin;C:\mozilla-build\vim\vim72;C:\mozilla-build\wget;C:\mozilla-build\info-zip;C:\CoreUtils\bin;C:\mozilla-build\buildbotve\scripts;C:\mozilla-build\hg
  PATHEXT=.COM;.EXE;.BAT;.CMD;.VBS;.VBE;.JS;.JSE;.WSF;.WSH;.MSC
  PROCESSOR_ARCHITECTURE=x86
  PROCESSOR_ARCHITEW6432=AMD64
  PROCESSOR_IDENTIFIER=Intel64 Family 6 Model 30 Stepping 5, GenuineIntel
  PROCESSOR_LEVEL=6
  PROCESSOR_REVISION=1e05
  PROGRAMDATA=C:\ProgramData
  PROGRAMFILES=C:\Program Files (x86)
  PROGRAMFILES(X86)=C:\Program Files (x86)
  PROGRAMW6432=C:\Program Files
  PROMPT=$P$G
  PSMODULEPATH=C:\windows\system32\WindowsPowerShell\v1.0\Modules\
  PUBLIC=C:\Users\Public
  PWD=C:\slave\test
  RUNLOGFILE=C:\slave\\runslave.log
  SLAVEDIR=C:\slave\
  SYSTEMDRIVE=C:
  SYSTEMROOT=C:\windows
  TEMP=C:\Users\CLTBLD~1.001\AppData\Local\Temp
  TEST1=testie
  TMP=C:\Users\CLTBLD~1.001\AppData\Local\Temp
  USERDOMAIN=T-W864-IX-043
  USERDOMAIN_ROAMINGPROFILE=T-W864-IX-043
  USERNAME=cltbld
  USERPROFILE=C:\Users\cltbld.T-W864-IX-043.001
  WINDIR=C:\windows
 using PTY: False
program finished with exit code 0
elapsedTime=0.101000
========= master_lag: 0.01 =========
========= Finished 'rm -f ...' (results: 0, elapsed: 0 secs) (at 2018-06-08 17:02:47.626604) =========

========= Started reboot slave lost (results: 0, elapsed: 0 secs) (at 2018-06-08 17:02:47.626929) =========

========= Finished reboot slave lost (results: 0, elapsed: 0 secs) (at 2018-06-08 17:02:48.023708) =========

========= Total master_lag: 0.42 =========

