builder: mozilla-esr52_win8_64_test_pgo-gtest
slave: t-w864-ix-030
starttime: 1528502360.32
results: cancelled (6)
buildid: 20180608150819
builduid: b298b373e93d4f8dbf92436c9ed838a2
revision: cbfdf01aac455e0591471201c96b89dee98190b5

========= Started set props: master (results: 0, elapsed: 0 secs) (at 2018-06-08 16:59:20.320266) =========
master: http://buildbot-master111.bb.releng.scl3.mozilla.com:8201/
========= Finished set props: master (results: 0, elapsed: 0 secs) (at 2018-06-08 16:59:20.321006) =========

========= Started downloading to buildprops.json (results: 0, elapsed: 0 secs) (at 2018-06-08 16:59:20.321500) =========
========= Finished downloading to buildprops.json (results: 0, elapsed: 0 secs) (at 2018-06-08 16:59:20.409858) =========

========= Started 'bash -c ...' (results: 0, elapsed: 1 secs) (at 2018-06-08 16:59:20.410269) =========
'bash' '-c' 'wget -Oarchiver_client.py --no-check-certificate --tries=10 --waitretry=3 https://hg.mozilla.org/build/tools/raw-file/default/buildfarm/utils/archiver_client.py'
 in dir C:\slave\test\. (timeout 1200 secs)
 watching logfiles {}
 argv: ['bash', '-c', 'wget -Oarchiver_client.py --no-check-certificate --tries=10 --waitretry=3 https://hg.mozilla.org/build/tools/raw-file/default/buildfarm/utils/archiver_client.py']
 environment:
  ALLUSERSPROFILE=C:\ProgramData
  APPDATA=C:\Users\cltbld.T-W864-IX-030.001\AppData\Roaming
  COMMONPROGRAMFILES=C:\Program Files (x86)\Common Files
  COMMONPROGRAMFILES(X86)=C:\Program Files (x86)\Common Files
  COMMONPROGRAMW6432=C:\Program Files\Common Files
  COMPUTERNAME=T-W864-IX-030
  COMSPEC=C:\windows\system32\cmd.exe
  DCLOCATION=SCL3
  DNSSUFFIX=wintest.releng.scl3.mozilla.com
  FP_NO_HOST_CHECK=NO
  HOMEDRIVE=C:
  HOMEPATH=\Users\cltbld.T-W864-IX-030.001
  KTS_HOME=C:\Program Files\KTS
  KTS_VERSION=1.19c
  LOCALAPPDATA=C:\Users\cltbld.T-W864-IX-030.001\AppData\Local
  LOGONSERVER=\\T-W864-IX-030
  MONDIR=C:\Monitor_config\
  MOZBUILDDIR=C:\mozilla-build\
  NUMBER_OF_PROCESSORS=8
  OS=Windows_NT
  OURDRIVE=C:
  PATH=C:\Program Files (x86)\NVIDIA Corporation\PhysX\Common;C:\windows\system32;C:\windows;C:\windows\System32\Wbem;C:\windows\System32\WindowsPowerShell\v1.0\;C:\mozilla-build\python27;C:\mozilla-build\python27\Scripts;C:\mozilla-build\msys\bin;C:\mozilla-build\vim\vim72;C:\mozilla-build\wget;C:\mozilla-build\info-zip;C:\CoreUtils\bin;C:\mozilla-build\buildbotve\scripts;C:\mozilla-build\hg
  PATHEXT=.COM;.EXE;.BAT;.CMD;.VBS;.VBE;.JS;.JSE;.WSF;.WSH;.MSC
  PROCESSOR_ARCHITECTURE=x86
  PROCESSOR_ARCHITEW6432=AMD64
  PROCESSOR_IDENTIFIER=Intel64 Family 6 Model 30 Stepping 5, GenuineIntel
  PROCESSOR_LEVEL=6
  PROCESSOR_REVISION=1e05
  PROGRAMDATA=C:\ProgramData
  PROGRAMFILES=C:\Program Files (x86)
  PROGRAMFILES(X86)=C:\Program Files (x86)
  PROGRAMW6432=C:\Program Files
  PROMPT=$P$G
  PSMODULEPATH=C:\windows\system32\WindowsPowerShell\v1.0\Modules\
  PUBLIC=C:\Users\Public
  PWD=C:\slave\test
  RUNLOGFILE=C:\slave\\runslave.log
  SLAVEDIR=C:\slave\
  SYSTEMDRIVE=C:
  SYSTEMROOT=C:\windows
  TEMP=C:\Users\CLTBLD~1.001\AppData\Local\Temp
  TEST1=testie
  TMP=C:\Users\CLTBLD~1.001\AppData\Local\Temp
  USERDOMAIN=T-W864-IX-030
  USERDOMAIN_ROAMINGPROFILE=T-W864-IX-030
  USERNAME=cltbld
  USERPROFILE=C:\Users\cltbld.T-W864-IX-030.001
  WINDIR=C:\windows
 using PTY: False
--16:59:21--  https://hg.mozilla.org/build/tools/raw-file/default/buildfarm/utils/archiver_client.py
           => `archiver_client.py'
Resolving hg.mozilla.org... 63.245.215.102, 63.245.215.25
Connecting to hg.mozilla.org|63.245.215.102|:443... connected.
WARNING: Certificate verification error for hg.mozilla.org: certificate signature failure
HTTP request sent, awaiting response... 200 Script output follows
Length: 12,179 (12K) [text/x-python]

    0K .......... .                                          100%  120.16 KB/s

16:59:22 (120.16 KB/s) - `archiver_client.py' saved [12179/12179]

program finished with exit code 0
elapsedTime=1.474000
========= master_lag: 0.03 =========
========= Finished 'bash -c ...' (results: 0, elapsed: 1 secs) (at 2018-06-08 16:59:21.918502) =========

========= Started 'rm -rf ...' (results: 0, elapsed: 4 secs) (at 2018-06-08 16:59:21.918947) =========
'rm' '-rf' 'scripts' 'properties'
 in dir C:\slave\test\. (timeout 1200 secs)
 watching logfiles {}
 argv: ['rm', '-rf', 'scripts', 'properties']
 environment:
  ALLUSERSPROFILE=C:\ProgramData
  APPDATA=C:\Users\cltbld.T-W864-IX-030.001\AppData\Roaming
  COMMONPROGRAMFILES=C:\Program Files (x86)\Common Files
  COMMONPROGRAMFILES(X86)=C:\Program Files (x86)\Common Files
  COMMONPROGRAMW6432=C:\Program Files\Common Files
  COMPUTERNAME=T-W864-IX-030
  COMSPEC=C:\windows\system32\cmd.exe
  DCLOCATION=SCL3
  DNSSUFFIX=wintest.releng.scl3.mozilla.com
  FP_NO_HOST_CHECK=NO
  HOMEDRIVE=C:
  HOMEPATH=\Users\cltbld.T-W864-IX-030.001
  KTS_HOME=C:\Program Files\KTS
  KTS_VERSION=1.19c
  LOCALAPPDATA=C:\Users\cltbld.T-W864-IX-030.001\AppData\Local
  LOGONSERVER=\\T-W864-IX-030
  MONDIR=C:\Monitor_config\
  MOZBUILDDIR=C:\mozilla-build\
  NUMBER_OF_PROCESSORS=8
  OS=Windows_NT
  OURDRIVE=C:
  PATH=C:\Program Files (x86)\NVIDIA Corporation\PhysX\Common;C:\windows\system32;C:\windows;C:\windows\System32\Wbem;C:\windows\System32\WindowsPowerShell\v1.0\;C:\mozilla-build\python27;C:\mozilla-build\python27\Scripts;C:\mozilla-build\msys\bin;C:\mozilla-build\vim\vim72;C:\mozilla-build\wget;C:\mozilla-build\info-zip;C:\CoreUtils\bin;C:\mozilla-build\buildbotve\scripts;C:\mozilla-build\hg
  PATHEXT=.COM;.EXE;.BAT;.CMD;.VBS;.VBE;.JS;.JSE;.WSF;.WSH;.MSC
  PROCESSOR_ARCHITECTURE=x86
  PROCESSOR_ARCHITEW6432=AMD64
  PROCESSOR_IDENTIFIER=Intel64 Family 6 Model 30 Stepping 5, GenuineIntel
  PROCESSOR_LEVEL=6
  PROCESSOR_REVISION=1e05
  PROGRAMDATA=C:\ProgramData
  PROGRAMFILES=C:\Program Files (x86)
  PROGRAMFILES(X86)=C:\Program Files (x86)
  PROGRAMW6432=C:\Program Files
  PROMPT=$P$G
  PSMODULEPATH=C:\windows\system32\WindowsPowerShell\v1.0\Modules\
  PUBLIC=C:\Users\Public
  PWD=C:\slave\test
  RUNLOGFILE=C:\slave\\runslave.log
  SLAVEDIR=C:\slave\
  SYSTEMDRIVE=C:
  SYSTEMROOT=C:\windows
  TEMP=C:\Users\CLTBLD~1.001\AppData\Local\Temp
  TEST1=testie
  TMP=C:\Users\CLTBLD~1.001\AppData\Local\Temp
  USERDOMAIN=T-W864-IX-030
  USERDOMAIN_ROAMINGPROFILE=T-W864-IX-030
  USERNAME=cltbld
  USERPROFILE=C:\Users\cltbld.T-W864-IX-030.001
  WINDIR=C:\windows
 using PTY: False
program finished with exit code 0
elapsedTime=4.313000
========= master_lag: 0.03 =========
========= Finished 'rm -rf ...' (results: 0, elapsed: 4 secs) (at 2018-06-08 16:59:26.266936) =========

========= Started 'bash -c ...' (results: 0, elapsed: 1 secs) (at 2018-06-08 16:59:26.267303) =========
'bash' '-c' u'python archiver_client.py mozharness --repo releases/mozilla-esr52 --rev cbfdf01aac455e0591471201c96b89dee98190b5 --destination scripts --debug'
 in dir C:\slave\test\. (timeout 1200 secs)
 watching logfiles {}
 argv: ['bash', '-c', u'python archiver_client.py mozharness --repo releases/mozilla-esr52 --rev cbfdf01aac455e0591471201c96b89dee98190b5 --destination scripts --debug']
 environment:
  ALLUSERSPROFILE=C:\ProgramData
  APPDATA=C:\Users\cltbld.T-W864-IX-030.001\AppData\Roaming
  COMMONPROGRAMFILES=C:\Program Files (x86)\Common Files
  COMMONPROGRAMFILES(X86)=C:\Program Files (x86)\Common Files
  COMMONPROGRAMW6432=C:\Program Files\Common Files
  COMPUTERNAME=T-W864-IX-030
  COMSPEC=C:\windows\system32\cmd.exe
  DCLOCATION=SCL3
  DNSSUFFIX=wintest.releng.scl3.mozilla.com
  FP_NO_HOST_CHECK=NO
  HOMEDRIVE=C:
  HOMEPATH=\Users\cltbld.T-W864-IX-030.001
  KTS_HOME=C:\Program Files\KTS
  KTS_VERSION=1.19c
  LOCALAPPDATA=C:\Users\cltbld.T-W864-IX-030.001\AppData\Local
  LOGONSERVER=\\T-W864-IX-030
  MONDIR=C:\Monitor_config\
  MOZBUILDDIR=C:\mozilla-build\
  NUMBER_OF_PROCESSORS=8
  OS=Windows_NT
  OURDRIVE=C:
  PATH=C:\Program Files (x86)\NVIDIA Corporation\PhysX\Common;C:\windows\system32;C:\windows;C:\windows\System32\Wbem;C:\windows\System32\WindowsPowerShell\v1.0\;C:\mozilla-build\python27;C:\mozilla-build\python27\Scripts;C:\mozilla-build\msys\bin;C:\mozilla-build\vim\vim72;C:\mozilla-build\wget;C:\mozilla-build\info-zip;C:\CoreUtils\bin;C:\mozilla-build\buildbotve\scripts;C:\mozilla-build\hg
  PATHEXT=.COM;.EXE;.BAT;.CMD;.VBS;.VBE;.JS;.JSE;.WSF;.WSH;.MSC
  PROCESSOR_ARCHITECTURE=x86
  PROCESSOR_ARCHITEW6432=AMD64
  PROCESSOR_IDENTIFIER=Intel64 Family 6 Model 30 Stepping 5, GenuineIntel
  PROCESSOR_LEVEL=6
  PROCESSOR_REVISION=1e05
  PROGRAMDATA=C:\ProgramData
  PROGRAMFILES=C:\Program Files (x86)
  PROGRAMFILES(X86)=C:\Program Files (x86)
  PROGRAMW6432=C:\Program Files
  PROMPT=$P$G
  PSMODULEPATH=C:\windows\system32\WindowsPowerShell\v1.0\Modules\
  PUBLIC=C:\Users\Public
  PWD=C:\slave\test
  RUNLOGFILE=C:\slave\\runslave.log
  SLAVEDIR=C:\slave\
  SYSTEMDRIVE=C:
  SYSTEMROOT=C:\windows
  TEMP=C:\Users\CLTBLD~1.001\AppData\Local\Temp
  TEST1=testie
  TMP=C:\Users\CLTBLD~1.001\AppData\Local\Temp
  USERDOMAIN=T-W864-IX-030
  USERDOMAIN_ROAMINGPROFILE=T-W864-IX-030
  USERNAME=cltbld
  USERPROFILE=C:\Users\cltbld.T-W864-IX-030.001
  WINDIR=C:\windows
 using PTY: False
2018-06-08 16:59:26,744 truncating revision to first 12 chars
2018-06-08 16:59:26,744 Setting DEBUG logging.
2018-06-08 16:59:26,744 attempt 1/10
2018-06-08 16:59:26,744 Getting archive location from https://api.pub.build.mozilla.org/archiver/hgmo/releases/mozilla-esr52/cbfdf01aac45?&preferred_region=us-west-2&suffix=tar.gz&subdir=testing/mozharness
2018-06-08 16:59:27,256 unpacking tar archive at: mozilla-esr52-cbfdf01aac45/testing/mozharness/
2018-06-08 16:59:27,430 skipping symlink on windows: configs/single_locale/linux32.py
program finished with exit code 0
elapsedTime=1.476000
========= master_lag: 0.04 =========
========= Finished 'bash -c ...' (results: 0, elapsed: 1 secs) (at 2018-06-08 16:59:27.780894) =========

========= Started set props: script_repo_revision (results: 0, elapsed: 0 secs) (at 2018-06-08 16:59:27.781562) =========
script_repo_revision: cbfdf01aac455e0591471201c96b89dee98190b5
========= Finished set props: script_repo_revision (results: 0, elapsed: 0 secs) (at 2018-06-08 16:59:27.782445) =========

========= Started downloading to oauth.txt (results: 0, elapsed: 0 secs) (at 2018-06-08 16:59:27.782734) =========
========= Finished downloading to oauth.txt (results: 0, elapsed: 0 secs) (at 2018-06-08 16:59:27.791760) =========

========= Started 'c:/mozilla-build/python27/python -u ...' interrupted (results: 4, elapsed: 4 mins, 22 secs) (at 2018-06-08 16:59:27.792118) =========
'c:/mozilla-build/python27/python' '-u' 'scripts/scripts/desktop_unittest.py' '--cfg' 'unittests/win_unittest.py' '--gtest-suite' 'gtest' '--blob-upload-branch' 'mozilla-esr52' '--download-symbols' 'ondemand'
 in dir C:\slave\test\. (timeout 1800 secs) (maxTime 7200 secs)
 watching logfiles {}
 argv: ['c:/mozilla-build/python27/python', '-u', 'scripts/scripts/desktop_unittest.py', '--cfg', 'unittests/win_unittest.py', '--gtest-suite', 'gtest', '--blob-upload-branch', 'mozilla-esr52', '--download-symbols', 'ondemand']
 environment:
  ALLUSERSPROFILE=C:\ProgramData
  APPDATA=C:\Users\cltbld.T-W864-IX-030.001\AppData\Roaming
  COMMONPROGRAMFILES=C:\Program Files (x86)\Common Files
  COMMONPROGRAMFILES(X86)=C:\Program Files (x86)\Common Files
  COMMONPROGRAMW6432=C:\Program Files\Common Files
  COMPUTERNAME=T-W864-IX-030
  COMSPEC=C:\windows\system32\cmd.exe
  DCLOCATION=SCL3
  DNSSUFFIX=wintest.releng.scl3.mozilla.com
  FP_NO_HOST_CHECK=NO
  HOMEDRIVE=C:
  HOMEPATH=\Users\cltbld.T-W864-IX-030.001
  KTS_HOME=C:\Program Files\KTS
  KTS_VERSION=1.19c
  LOCALAPPDATA=C:\Users\cltbld.T-W864-IX-030.001\AppData\Local
  LOGONSERVER=\\T-W864-IX-030
  MONDIR=C:\Monitor_config\
  MOZBUILDDIR=C:\mozilla-build\
  MOZ_CRASHREPORTER_NO_REPORT=1
  MOZ_HIDE_RESULTS_TABLE=1
  MOZ_NO_REMOTE=1
  NO_EM_RESTART=1
  NO_FAIL_ON_TEST_ERRORS=1
  NUMBER_OF_PROCESSORS=8
  OS=Windows_NT
  OURDRIVE=C:
  PATH=C:\Program Files (x86)\NVIDIA Corporation\PhysX\Common;C:\windows\system32;C:\windows;C:\windows\System32\Wbem;C:\windows\System32\WindowsPowerShell\v1.0\;C:\mozilla-build\python27;C:\mozilla-build\python27\Scripts;C:\mozilla-build\msys\bin;C:\mozilla-build\vim\vim72;C:\mozilla-build\wget;C:\mozilla-build\info-zip;C:\CoreUtils\bin;C:\mozilla-build\buildbotve\scripts;C:\mozilla-build\hg
  PATHEXT=.COM;.EXE;.BAT;.CMD;.VBS;.VBE;.JS;.JSE;.WSF;.WSH;.MSC
  PROCESSOR_ARCHITECTURE=x86
  PROCESSOR_ARCHITEW6432=AMD64
  PROCESSOR_IDENTIFIER=Intel64 Family 6 Model 30 Stepping 5, GenuineIntel
  PROCESSOR_LEVEL=6
  PROCESSOR_REVISION=1e05
  PROGRAMDATA=C:\ProgramData
  PROGRAMFILES=C:\Program Files (x86)
  PROGRAMFILES(X86)=C:\Program Files (x86)
  PROGRAMW6432=C:\Program Files
  PROMPT=$P$G
  PROPERTIES_FILE=C:\slave\test/buildprops.json
  PSMODULEPATH=C:\windows\system32\WindowsPowerShell\v1.0\Modules\
  PUBLIC=C:\Users\Public
  PWD=C:\slave\test
  RUNLOGFILE=C:\slave\\runslave.log
  SLAVEDIR=C:\slave\
  SYSTEMDRIVE=C:
  SYSTEMROOT=C:\windows
  TEMP=C:\Users\CLTBLD~1.001\AppData\Local\Temp
  TEST1=testie
  TMP=C:\Users\CLTBLD~1.001\AppData\Local\Temp
  USERDOMAIN=T-W864-IX-030
  USERDOMAIN_ROAMINGPROFILE=T-W864-IX-030
  USERNAME=cltbld
  USERPROFILE=C:\Users\cltbld.T-W864-IX-030.001
  WINDIR=C:\windows
  XPCOM_DEBUG_BREAK=warn
 using PTY: False
16:59:28     INFO - MultiFileLogger online at 20180608 16:59:28 in C:\slave\test
16:59:28     INFO - Run as scripts/scripts/desktop_unittest.py --cfg unittests/win_unittest.py --gtest-suite gtest --blob-upload-branch mozilla-esr52 --download-symbols ondemand
16:59:28     INFO - Dumping config to C:\slave\test\logs\localconfig.json.
16:59:28     INFO - {'all_cppunittest_suites': {'cppunittest': ('tests/cppunittest',)},
16:59:28     INFO -  'all_gtest_suites': {'gtest': ()},
16:59:28     INFO -  'all_jittest_suites': {'jittest': ()},
16:59:28     INFO -  'all_mochitest_suites': {'a11y': ('--flavor=a11y',),
16:59:28     INFO -                           'browser-chrome': ('--flavor=browser',),
16:59:28     INFO -                           'browser-chrome-addons': ('--flavor=browser',
16:59:28     INFO -                                                     '--chunk-by-runtime',
16:59:28     INFO -                                                     '--tag=addons'),
16:59:28     INFO -                           'browser-chrome-chunked': ('--flavor=browser',
16:59:28     INFO -                                                      '--chunk-by-runtime'),
16:59:28     INFO -                           'browser-chrome-clipboard': ('--flavor=browser',
16:59:28     INFO -                                                        '--subsuite=clipboard'),
16:59:28     INFO -                           'browser-chrome-gpu': ('--flavor=browser',
16:59:28     INFO -                                                  '--subsuite=gpu'),
16:59:28     INFO -                           'browser-chrome-screenshots': ('--flavor=browser',
16:59:28     INFO -                                                          '--subsuite=screenshots'),
16:59:28     INFO -                           'chrome': ('--flavor=chrome',),
16:59:28     INFO -                           'chrome-chunked': ('--flavor=chrome',
16:59:28     INFO -                                              '--chunk-by-dir=4'),
16:59:28     INFO -                           'chrome-clipboard': ('--flavor=chrome',
16:59:28     INFO -                                                '--subsuite=clipboard'),
16:59:28     INFO -                           'chrome-gpu': ('--flavor=chrome', '--subsuite=gpu'),
16:59:28     INFO -                           'jetpack-addon': ('--flavor=jetpack-addon',),
16:59:28     INFO -                           'jetpack-package': ('--flavor=jetpack-package',),
16:59:28     INFO -                           'jetpack-package-clipboard': ('--flavor=jetpack-package',
16:59:28     INFO -                                                         '--subsuite=clipboard'),
16:59:28     INFO -                           'mochitest-devtools-chrome': ('--flavor=browser',
16:59:28     INFO -                                                         '--subsuite=devtools'),
16:59:28     INFO -                           'mochitest-devtools-chrome-chunked': ('--flavor=browser',
16:59:28     INFO -                                                                 '--subsuite=devtools',
16:59:28     INFO -                                                                 '--chunk-by-runtime'),
16:59:28     INFO -                           'mochitest-gl': ('--subsuite=webgl',),
16:59:28     INFO -                           'mochitest-media': ('--subsuite=media',),
16:59:28     INFO -                           'mochitest-metro-chrome': ('--flavor=browser',
16:59:28     INFO -                                                      '--metro-immersive'),
16:59:28     INFO -                           'plain': (),
16:59:28     INFO -                           'plain-chunked': ('--chunk-by-dir=4',),
16:59:28     INFO -                           'plain-clipboard': ('--subsuite=clipboard',),
16:59:28     INFO -                           'plain-gpu': ('--subsuite=gpu',)},
16:59:28     INFO -  'all_mozbase_suites': {'mozbase': ()},
16:59:28     INFO -  'all_reftest_suites': {'crashtest': {'options': ('--suite=crashtest',),
16:59:28     INFO -                                       'tests': ('tests/reftest/tests/testing/crashtest/crashtests.list',)},
16:59:28     INFO -                         'jsreftest': {'options': ('--extra-profile-file=tests/jsreftest/tests/user.js',),
16:59:28     INFO -                                       'tests': ('tests/jsreftest/tests/jstests.list',)},
16:59:28     INFO -                         'reftest': {'options': ('--suite=reftest',),
16:59:28     INFO -                                     'tests': ('tests/reftest/tests/layout/reftests/reftest.list',)},
16:59:28     INFO -                         'reftest-gpu': {'options': ('--suite=reftest',
16:59:28     INFO -                                                     '--setpref=layers.gpu-process.force-enabled=true'),
16:59:28     INFO -                                         'tests': ('tests/reftest/tests/layout/reftests/reftest.list',)},
16:59:28     INFO -                         'reftest-no-accel': {'options': ('--suite=reftest',
16:59:28     INFO -                                                          '--setpref=gfx.direct2d.disabled=true',
16:59:28     INFO -                                                          '--setpref=layers.acceleration.disabled=true'),
16:59:28     INFO -                                              'tests': ('tests/reftest/tests/layout/reftests/reftest.list',)}},
16:59:28     INFO -  'all_xpcshell_suites': {'xpcshell': {'options': ('--xpcshell=%(abs_app_dir)s/xpcshell.exe',
16:59:28     INFO -                                                   '--manifest=tests/xpcshell/tests/xpcshell.ini'),
16:59:28     INFO -                                       'tests': ()},
16:59:28     INFO -                          'xpcshell-addons': {'options': ('--xpcshell=%(abs_app_dir)s/xpcshell.exe',
16:59:28     INFO -                                                          '--tag=addons',
16:59:28     INFO -                                                          '--manifest=tests/xpcshell/tests/xpcshell.ini'),
16:59:28     INFO -                                              'tests': ()}},
16:59:28     INFO -  'allow_software_gl_layers': False,
16:59:28     INFO -  'append_to_log': False,
16:59:28     INFO -  'base_work_dir': 'C:\\slave\\test',
16:59:28     INFO -  'binary_path': 'C:\\slave\\test\\build\\application\\firefox\\firefox.exe',
16:59:28     INFO -  'blob_upload_branch': 'mozilla-esr52',
16:59:28     INFO -  'blob_uploader_auth_file': 'C:\\slave\\test\\oauth.txt',
16:59:28     INFO -  'buildbot_json_path': 'buildprops.json',
16:59:28     INFO -  'buildbot_max_log_size': 52428800,
16:59:28     INFO -  'code_coverage': False,
16:59:28     INFO -  'config_files': ('unittests/win_unittest.py',),
16:59:28     INFO -  'default_blob_upload_servers': ('https://blobupload.elasticbeanstalk.com',),
16:59:28     INFO -  'download_minidump_stackwalk': True,
16:59:28     INFO -  'download_nodejs': True,
16:59:28     INFO -  'download_symbols': 'ondemand',
16:59:28     INFO -  'e10s': False,
16:59:28     INFO -  'exe_suffix': '.exe',
16:59:28     INFO -  'exes': {'hg': 'c:/mozilla-build/hg/hg',
16:59:28     INFO -           'mozinstall': ('C:\\slave\\test/build/venv/scripts/python',
16:59:28     INFO -                          'C:\\slave\\test/build/venv/scripts/mozinstall-script.py'),
16:59:28     INFO -           'python': 'c:\\mozilla-build\\python27\\python.exe',
16:59:28     INFO -           'tooltool.py': ('c:\\mozilla-build\\python27\\python.exe',
16:59:28     INFO -                           'C:/mozilla-build/tooltool.py'),
16:59:28     INFO -           'virtualenv': ('c:\\mozilla-build\\python27\\python.exe',
16:59:28     INFO -                          'c:/mozilla-build/buildbotve/virtualenv.py')},
16:59:28     INFO -  'find_links': ('http://pypi.pvt.build.mozilla.org/pub',
16:59:28     INFO -                 'http://pypi.pub.build.mozilla.org/pub'),
16:59:28     INFO -  'installer_path': 'C:\\slave\\test\\build\\installer.zip',
16:59:28     INFO -  'log_level': 'info',
16:59:28     INFO -  'log_to_console': True,
16:59:28     INFO -  'minidump_save_path': '%(abs_work_dir)s/../minidumps',
16:59:28     INFO -  'minidump_stackwalk_path': 'win32-minidump_stackwalk.exe',
16:59:28     INFO -  'minidump_tooltool_manifest_path': 'config/tooltool-manifests/win32/releng.manifest',
16:59:28     INFO -  'minimum_tests_zip_dirs': ('bin/*',
16:59:28     INFO -                             'certs/*',
16:59:28     INFO -                             'config/*',
16:59:28     INFO -                             'mach',
16:59:28     INFO -                             'marionette/*',
16:59:28     INFO -                             'modules/*',
16:59:28     INFO -                             'mozbase/*',
16:59:28     INFO -                             'tools/*'),
16:59:28     INFO -  'no_random': False,
16:59:28     INFO -  'nodejs_path': 'node-win32.exe',
16:59:28     INFO -  'nodejs_tooltool_manifest_path': 'config/tooltool-manifests/win32/nodejs.manifest',
16:59:28     INFO -  'opt_config_files': (),
16:59:28     INFO -  'pip_index': False,
16:59:28     INFO -  'preflight_run_cmd_suites': ({'architectures': ('32bit', '64bit'),
16:59:28     INFO -                                'cmd': ('xset', 's', 'off', 's', 'reset'),
16:59:28     INFO -                                'enabled': False,
16:59:28     INFO -                                'halt_on_failure': False,
16:59:28     INFO -                                'name': 'disable_screen_saver'},
16:59:28     INFO -                               {'architectures': ('32bit',),
16:59:28     INFO -                                'cmd': ('c:\\mozilla-build\\python27\\python.exe',
16:59:28     INFO -                                        '../scripts/external_tools/mouse_and_screen_resolution.py',
16:59:28     INFO -                                        '--configuration-file',
16:59:28     INFO -                                        '../scripts/external_tools/machine-configuration.json'),
16:59:28     INFO -                                'enabled': True,
16:59:28     INFO -                                'halt_on_failure': True,
16:59:28     INFO -                                'name': 'run mouse & screen adjustment script'}),
16:59:28     INFO -  'require_test_zip': True,
16:59:28     INFO -  'run_all_suites': False,
16:59:28     INFO -  'run_cmd_checks_enabled': True,
16:59:28     INFO -  'run_file_names': {'cppunittest': 'runcppunittests.py',
16:59:28     INFO -                     'gtest': 'rungtests.py',
16:59:28     INFO -                     'jittest': 'jit_test.py',
16:59:28     INFO -                     'mochitest': 'runtests.py',
16:59:28     INFO -                     'mozbase': 'test.py',
16:59:28     INFO -                     'mozmill': 'runtestlist.py',
16:59:28     INFO -                     'reftest': 'runreftest.py',
16:59:28     INFO -                     'xpcshell': 'runxpcshelltests.py'},
16:59:28     INFO -  'specific_tests_zip_dirs': {'cppunittest': ('cppunittest/*',),
16:59:28     INFO -                              'gtest': ('gtest/*',),
16:59:28     INFO -                              'jittest': ('jit-test/*',),
16:59:28     INFO -                              'mochitest': ('mochitest/*',),
16:59:28     INFO -                              'mozbase': ('mozbase/*',),
16:59:28     INFO -                              'mozmill': ('mozmill/*',),
16:59:28     INFO -                              'reftest': ('reftest/*', 'jsreftest/*'),
16:59:28     INFO -                              'xpcshell': ('xpcshell/*',)},
16:59:28     INFO -  'specified_gtest_suites': ('gtest',),
16:59:28     INFO -  'strict_content_sandbox': False,
16:59:28     INFO -  'suite_definitions': {'cppunittest': {'options': ('--symbols-path=%(symbols_path)s',
16:59:28     INFO -                                                    '--xre-path=%(abs_app_dir)s'),
16:59:28     INFO -                                        'run_filename': 'runcppunittests.py',
16:59:28     INFO -                                        'testsdir': 'cppunittest'},
16:59:28     INFO -                        'gtest': {'options': ('--xre-path=%(abs_res_dir)s',
16:59:28     INFO -                                              '--cwd=%(gtest_dir)s',
16:59:28     INFO -                                              '--symbols-path=%(symbols_path)s',
16:59:28     INFO -                                              '--utility-path=tests/bin',
16:59:28     INFO -                                              '%(binary_path)s'),
16:59:28     INFO -                                  'run_filename': 'rungtests.py'},
16:59:28     INFO -                        'jittest': {'options': ('tests/bin/js',
16:59:28     INFO -                                                '--no-slow',
16:59:28     INFO -                                                '--no-progress',
16:59:28     INFO -                                                '--format=automation',
16:59:28     INFO -                                                '--jitflags=all',
16:59:28     INFO -                                                '--timeout=970'),
16:59:28     INFO -                                    'run_filename': 'jit_test.py',
16:59:28     INFO -                                    'run_timeout': 1000,
16:59:28     INFO -                                    'testsdir': 'jit-test/jit-test'},
16:59:28     INFO -                        'mochitest': {'options': ('--appname=%(binary_path)s',
16:59:28     INFO -                                                  '--utility-path=tests/bin',
16:59:28     INFO -                                                  '--extra-profile-file=tests/bin/plugins',
16:59:28     INFO -                                                  '--symbols-path=%(symbols_path)s',
16:59:28     INFO -                                                  '--certificate-path=tests/certs',
16:59:28     INFO -                                                  '--quiet',
16:59:28     INFO -                                                  '--log-raw=%(raw_log_file)s',
16:59:28     INFO -                                                  '--log-errorsummary=%(error_summary_file)s',
16:59:28     INFO -                                                  '--screenshot-on-fail',
16:59:28     INFO -                                                  '--cleanup-crashes'),
16:59:28     INFO -                                      'run_filename': 'runtests.py',
16:59:28     INFO -                                      'testsdir': 'mochitest'},
16:59:28     INFO -                        'mozbase': {'options': ('-b', '%(binary_path)s'),
16:59:28     INFO -                                    'run_filename': 'test.py',
16:59:28     INFO -                                    'testsdir': 'mozbase'},
16:59:28     INFO -                        'mozmill': {'options': ('--binary=%(binary_path)s',
16:59:28     INFO -                                                '--testing-modules-dir=test/modules',
16:59:28     INFO -                                                '--plugins-path=%(test_plugin_path)s',
16:59:28     INFO -                                                '--symbols-path=%(symbols_path)s'),
16:59:28     INFO -                                    'run_filename': 'runtestlist.py',
16:59:28     INFO -                                    'testsdir': 'mozmill'},
16:59:28     INFO -                        'reftest': {'options': ('--appname=%(binary_path)s',
16:59:28     INFO -                                                '--utility-path=tests/bin',
16:59:28     INFO -                                                '--extra-profile-file=tests/bin/plugins',
16:59:28     INFO -                                                '--symbols-path=%(symbols_path)s',
16:59:28     INFO -                                                '--log-raw=%(raw_log_file)s',
16:59:28     INFO -                                                '--log-errorsummary=%(error_summary_file)s',
16:59:28     INFO -                                                '--cleanup-crashes'),
16:59:28     INFO -                                    'run_filename': 'runreftest.py',
16:59:28     INFO -                                    'testsdir': 'reftest'},
16:59:28     INFO -                        'xpcshell': {'options': ('--symbols-path=%(symbols_path)s',
16:59:28     INFO -                                                 '--test-plugin-path=%(test_plugin_path)s',
16:59:28     INFO -                                                 '--log-raw=%(raw_log_file)s',
16:59:28     INFO -                                                 '--log-errorsummary=%(error_summary_file)s',
16:59:28     INFO -                                                 '--utility-path=tests/bin'),
16:59:28     INFO -                                     'run_filename': 'runxpcshelltests.py',
16:59:28     INFO -                                     'testsdir': 'xpcshell'}},
16:59:28     INFO -  'unstructured_flavors': {'cppunittest': (),
16:59:28     INFO -                           'gtest': (),
16:59:28     INFO -                           'jittest': (),
16:59:28     INFO -                           'mochitest': ('jetpack',),
16:59:28     INFO -                           'mozbase': (),
16:59:28     INFO -                           'mozmill': (),
16:59:28     INFO -                           'xpcshell': ()},
16:59:28     INFO -  'vcs_output_timeout': 1000,
16:59:28     INFO -  'virtualenv_modules': ('pypiwin32', 'six==1.10.0', 'vcversioner==2.16.0.0'),
16:59:28     INFO -  'virtualenv_path': 'venv',
16:59:28     INFO -  'virtualenv_python_dll': 'c:\\mozilla-build\\python27\\python27.dll',
16:59:28     INFO -  'volatile_config': {'actions': None, 'add_actions': None, 'no_actions': None},
16:59:28     INFO -  'work_dir': 'build',
16:59:28     INFO -  'xpcshell_name': 'xpcshell.exe'}
16:59:28     INFO - [mozharness: 2018-06-08 23:59:28.583000Z] Running clobber step.
16:59:28     INFO - Running pre-action listener: _resource_record_pre_action
16:59:28     INFO - Running main action method: clobber
16:59:28     INFO - rmtree: C:\slave\test\build
16:59:28     INFO - Using _rmtree_windows ...
16:59:28     INFO - retry: Calling _rmtree_windows with args: ('C:\\slave\\test\\build',), kwargs: {}, attempt #1
17:02:13     INFO - Running post-action listener: _resource_record_post_action
17:02:13     INFO - [mozharness: 2018-06-09 00:02:13.173000Z] Finished clobber step (success)
17:02:13     INFO - [mozharness: 2018-06-09 00:02:13.173000Z] Running read-buildbot-config step.
17:02:13     INFO - Running pre-action listener: _resource_record_pre_action
17:02:13     INFO - Running main action method: read_buildbot_config
17:02:13     INFO - Using buildbot properties:
17:02:13     INFO - {
17:02:13     INFO -     "project": "", 
17:02:13     INFO -     "product": "firefox", 
17:02:13     INFO -     "script_repo_revision": "production", 
17:02:13     INFO -     "scheduler": "tests-mozilla-esr52-win8_64-pgo-unittest", 
17:02:13     INFO -     "repository": "", 
17:02:13     INFO -     "buildername": "Windows 8 64-bit mozilla-esr52 pgo test gtest", 
17:02:13     INFO -     "buildid": "20180608150819", 
17:02:13     INFO -     "pgo_build": "True", 
17:02:13     INFO -     "basedir": "C:\\slave\\test", 
17:02:13     INFO -     "buildnumber": 27, 
17:02:13     INFO -     "slavename": "t-w864-ix-030", 
17:02:13     INFO -     "revision": "cbfdf01aac455e0591471201c96b89dee98190b5", 
17:02:13     INFO -     "master": "http://buildbot-master111.bb.releng.scl3.mozilla.com:8201/", 
17:02:13     INFO -     "platform": "win64", 
17:02:13     INFO -     "branch": "mozilla-esr52", 
17:02:13     INFO -     "repo_path": "releases/mozilla-esr52", 
17:02:13     INFO -     "moz_repo_path": "", 
17:02:13     INFO -     "stage_platform": "win64-pgo", 
17:02:13     INFO -     "builduid": "b298b373e93d4f8dbf92436c9ed838a2", 
17:02:13     INFO -     "slavebuilddir": "test"
17:02:13     INFO - }
17:02:13     INFO - Found a test packages url https://queue.taskcluster.net/v1/task/VAgbWLphTjmdh4hh8yTyVw/artifacts/public/build/firefox-52.8.2.en-US.win64.test_packages.json.
17:02:13     INFO - Found installer url https://queue.taskcluster.net/v1/task/VAgbWLphTjmdh4hh8yTyVw/artifacts/public/build/firefox-52.8.2.en-US.win64.zip.
17:02:13     INFO - Running post-action listener: _resource_record_post_action
17:02:13     INFO - [mozharness: 2018-06-09 00:02:13.176000Z] Finished read-buildbot-config step (success)
17:02:13     INFO - [mozharness: 2018-06-09 00:02:13.176000Z] Running download-and-extract step.
17:02:13     INFO - Running pre-action listener: _pre_download_and_extract
17:02:13  WARNING - Try message not found.
17:02:13     INFO - Running pre-action listener: _resource_record_pre_action
17:02:13     INFO - Running main action method: download_and_extract
17:02:13     INFO - mkdir: C:\slave\test\build\tests
17:02:13     INFO - Downloading https://queue.taskcluster.net/v1/task/VAgbWLphTjmdh4hh8yTyVw/artifacts/public/build/firefox-52.8.2.en-US.win64.test_packages.json to C:\slave\test\build\firefox-52.8.2.en-US.win64.test_packages.json
17:02:13     INFO - retry: Calling _download_file with args: (), kwargs: {'url': 'https://queue.taskcluster.net/v1/task/VAgbWLphTjmdh4hh8yTyVw/artifacts/public/build/firefox-52.8.2.en-US.win64.test_packages.json', 'file_name': 'C:\\slave\\test\\build\\firefox-52.8.2.en-US.win64.test_packages.json'}, attempt #1
17:02:13     INFO - Downloaded 1218 bytes.
17:02:13     INFO - Reading from file C:\slave\test\build\firefox-52.8.2.en-US.win64.test_packages.json
17:02:13     INFO - Using the following test package requirements:
17:02:13     INFO - {u'common': [u'firefox-52.8.2.en-US.win64.common.tests.zip'],
17:02:13     INFO -  u'cppunittest': [u'firefox-52.8.2.en-US.win64.common.tests.zip',
17:02:13     INFO -                   u'firefox-52.8.2.en-US.win64.cppunittest.tests.zip'],
17:02:13     INFO -  u'gtest': [u'firefox-52.8.2.en-US.win64.common.tests.zip'],
17:02:13     INFO -  u'jittest': [u'firefox-52.8.2.en-US.win64.common.tests.zip',
17:02:13     INFO -               u'jsshell-win64.zip'],
17:02:13     INFO -  u'mochitest': [u'firefox-52.8.2.en-US.win64.common.tests.zip',
17:02:13     INFO -                 u'firefox-52.8.2.en-US.win64.mochitest.tests.zip'],
17:02:13     INFO -  u'mozbase': [u'firefox-52.8.2.en-US.win64.common.tests.zip'],
17:02:13     INFO -  u'reftest': [u'firefox-52.8.2.en-US.win64.common.tests.zip',
17:02:13     INFO -               u'firefox-52.8.2.en-US.win64.reftest.tests.zip'],
17:02:13     INFO -  u'talos': [u'firefox-52.8.2.en-US.win64.common.tests.zip',
17:02:13     INFO -             u'firefox-52.8.2.en-US.win64.talos.tests.zip'],
17:02:13     INFO -  u'web-platform': [u'firefox-52.8.2.en-US.win64.common.tests.zip',
17:02:13     INFO -                    u'firefox-52.8.2.en-US.win64.web-platform.tests.zip'],
17:02:13     INFO -  u'xpcshell': [u'firefox-52.8.2.en-US.win64.common.tests.zip',
17:02:13     INFO -                u'firefox-52.8.2.en-US.win64.xpcshell.tests.zip']}
17:02:13     INFO - Downloading packages: [u'firefox-52.8.2.en-US.win64.common.tests.zip'] for test suite category: gtest
17:02:13     INFO - Adding 'mozinfo.json' for extraction from common.tests zip file
17:02:13     INFO - Downloading and extracting to C:\slave\test\build\tests these dirs bin/*, certs/*, config/*, mach, marionette/*, modules/*, mozbase/*, tools/*, gtest/*, mozinfo.json from https://queue.taskcluster.net/v1/task/VAgbWLphTjmdh4hh8yTyVw/artifacts/public/build/firefox-52.8.2.en-US.win64.common.tests.zip
17:02:13     INFO - retry: Calling fetch_url_into_memory with args: (), kwargs: {'url': u'https://queue.taskcluster.net/v1/task/VAgbWLphTjmdh4hh8yTyVw/artifacts/public/build/firefox-52.8.2.en-US.win64.common.tests.zip'}, attempt #1
17:02:13     INFO - Fetch https://queue.taskcluster.net/v1/task/VAgbWLphTjmdh4hh8yTyVw/artifacts/public/build/firefox-52.8.2.en-US.win64.common.tests.zip into memory
17:02:14     INFO - Http code: 200
17:02:14     INFO - via: 1.1 f46e4d7bc5419470a70eb57aa9c935c8.cloudfront.net (CloudFront)
17:02:14     INFO - x-amz-cf-id: Ax0EbSUiK8GAQnw2658KLAwguiXxrbKrboT90ASG5dROa5tyd-ctgQ==
17:02:14     INFO - x-amz-version-id: PWIf.SJCY7_2cY1I6UgZuHaMt7l.wuxG
17:02:14     INFO - Expected file size: 17259713
17:02:14     INFO - Obtained file size: 17259713
17:02:15     INFO - Downloading https://queue.taskcluster.net/v1/task/VAgbWLphTjmdh4hh8yTyVw/artifacts/public/build/firefox-52.8.2.en-US.win64.zip to C:\slave\test\build\installer.zip
17:02:15     INFO - retry: Calling _download_file with args: (), kwargs: {'url': 'https://queue.taskcluster.net/v1/task/VAgbWLphTjmdh4hh8yTyVw/artifacts/public/build/firefox-52.8.2.en-US.win64.zip', 'file_name': 'C:\\slave\\test\\build\\installer.zip'}, attempt #1
17:02:17     INFO - Downloaded 59133206 bytes.
17:02:17     INFO - Setting buildbot property build_url to https://queue.taskcluster.net/v1/task/VAgbWLphTjmdh4hh8yTyVw/artifacts/public/build/firefox-52.8.2.en-US.win64.zip
17:02:17     INFO - mkdir: C:\slave\test\properties
17:02:17     INFO - Writing buildbot properties ['build_url'] to C:\slave\test\properties\build_url
17:02:17     INFO - Writing to file C:\slave\test\properties\build_url
17:02:17     INFO - Contents:
17:02:17     INFO -  build_url:https://queue.taskcluster.net/v1/task/VAgbWLphTjmdh4hh8yTyVw/artifacts/public/build/firefox-52.8.2.en-US.win64.zip
17:02:17     INFO - Running post-action listener: _resource_record_post_action
17:02:17     INFO - Running post-action listener: set_extra_try_arguments
17:02:17     INFO - [mozharness: 2018-06-09 00:02:17.871000Z] Finished download-and-extract step (success)
17:02:17     INFO - [mozharness: 2018-06-09 00:02:17.871000Z] Running create-virtualenv step.
17:02:17     INFO - Running pre-action listener: _install_mozbase
17:02:17     INFO - Running pre-action listener: _pre_create_virtualenv
17:02:17     INFO - Running pre-action listener: _resource_record_pre_action
17:02:17     INFO - Running main action method: create_virtualenv
17:02:17     INFO - Creating virtualenv C:\slave\test\build\venv
17:02:17     INFO - Running command: ['c:\\mozilla-build\\python27\\python.exe', 'C:\\slave\\test\\scripts\\external_tools\\virtualenv\\virtualenv.py', '--always-copy', 'C:\\slave\\test\\build\\venv'] in C:\slave\test\build
17:02:17     INFO - Copy/paste: c:\mozilla-build\python27\python.exe C:\slave\test\scripts\external_tools\virtualenv\virtualenv.py --always-copy C:\slave\test\build\venv
17:02:17     INFO - Using partial env: {'VIRTUALENV_NO_DOWNLOAD': '1'}
17:02:24     INFO -  New python executable in C:\slave\test\build\venv\Scripts\python.exe
17:02:32     INFO -  Installing setuptools, pip, wheel...done.
17:02:32     INFO - Return code: 0
17:02:32     INFO - Installing pypiwin32 into virtualenv C:\slave\test\build\venv
17:02:32     INFO - retry: Calling run_command with args: [['C:\\slave\\test\\build\\venv\\Scripts\\pip', 'install', '--timeout', '120', '--no-index', '--find-links', 'http://pypi.pvt.build.mozilla.org/pub', '--find-links', 'http://pypi.pub.build.mozilla.org/pub', '--trusted-host', 'pypi.pub.build.mozilla.org', '--trusted-host', 'pypi.pvt.build.mozilla.org', 'pypiwin32']], kwargs: {'error_level': 'warning', 'error_list': [{'substr': 'not found or a compiler error:', 'level': 'warning'}, {'regex': <_sre.SRE_Pattern object at 0x022D23A0>, 'level': 'error'}, {'regex': <_sre.SRE_Pattern object at 0x023C3020>, 'level': 'warning'}, {'regex': <_sre.SRE_Pattern object at 0x023F9940>, 'level': 'debug'}, {'substr': 'command not found', 'level': 'error'}, {'regex': <_sre.SRE_Pattern object at 0x02374758>, 'level': 'warning'}, {'substr': 'Traceback (most recent call last)', 'level': 'error'}, {'substr': 'SyntaxError: ', 'level': 'error'}, {'substr': 'TypeError: ', 'level': 'error'}, {'substr': 'NameError: ', 'level': 'error'}, {'substr': 'ZeroDivisionError: ', 'level': 'error'}, {'regex': <_sre.SRE_Pattern object at 0x01DAAB20>, 'level': 'critical'}, {'regex': <_sre.SRE_Pattern object at 0x02393660>, 'level': 'critical'}], 'cwd': 'C:\\slave\\test\\build', 'env': {'TMP': 'C:\\Users\\CLTBLD~1.001\\AppData\\Local\\Temp', 'TEST1': 'testie', 'COMPUTERNAME': 'T-W864-IX-030', 'USERDOMAIN': 'T-W864-IX-030', 'KTS_VERSION': '1.19c', 'PSMODULEPATH': 'C:\\windows\\system32\\WindowsPowerShell\\v1.0\\Modules\\', 'COMMONPROGRAMFILES': 'C:\\Program Files (x86)\\Common Files', 'PROCESSOR_IDENTIFIER': 'Intel64 Family 6 Model 30 Stepping 5, GenuineIntel', 'PROGRAMFILES': 'C:\\Program Files (x86)', 'PROCESSOR_REVISION': '1e05', 'DNSSUFFIX': 'wintest.releng.scl3.mozilla.com', 'SYSTEMROOT': 'C:\\windows', 'NO_EM_RESTART': '1', 'PROGRAMFILES(X86)': 'C:\\Program Files (x86)', 'OURDRIVE': 'C:', 'MOZ_HIDE_RESULTS_TABLE': '1', 'XPCOM_DEBUG_BREAK': 'warn', 'MONDIR': 'C:\\Monitor_config\\', 'TEMP': 'C:\\Users\\CLTBLD~1.001\\AppData\\Local\\Temp', 'COMMONPROGRAMFILES(X86)': 'C:\\Program Files (x86)\\Common Files', 'RUNLOGFILE': 'C:\\slave\\\\runslave.log', 'PROCESSOR_ARCHITECTURE': 'x86', 'ALLUSERSPROFILE': 'C:\\ProgramData', 'USERPROFILE': 'C:\\Users\\cltbld.T-W864-IX-030.001', 'LOCALAPPDATA': 'C:\\Users\\cltbld.T-W864-IX-030.001\\AppData\\Local', 'HOMEPATH': '\\Users\\cltbld.T-W864-IX-030.001', 'USERDOMAIN_ROAMINGPROFILE': 'T-W864-IX-030', 'MOZBUILDDIR': 'C:\\mozilla-build\\', 'PROGRAMW6432': 'C:\\Program Files', 'USERNAME': 'cltbld', 'LOGONSERVER': '\\\\T-W864-IX-030', 'MOZ_NO_REMOTE': '1', 'COMSPEC': 'C:\\windows\\system32\\cmd.exe', 'PROGRAMDATA': 'C:\\ProgramData', 'PROPERTIES_FILE': 'C:\\slave\\test/buildprops.json', 'PATH': 'C:\\Program Files (x86)\\NVIDIA Corporation\\PhysX\\Common;C:\\windows\\system32;C:\\windows;C:\\windows\\System32\\Wbem;C:\\windows\\System32\\WindowsPowerShell\\v1.0\\;C:\\mozilla-build\\python27;C:\\mozilla-build\\python27\\Scripts;C:\\mozilla-build\\msys\\bin;C:\\mozilla-build\\vim\\vim72;C:\\mozilla-build\\wget;C:\\mozilla-build\\info-zip;C:\\CoreUtils\\bin;C:\\mozilla-build\\buildbotve\\scripts;C:\\mozilla-build\\hg', 'PROMPT': '$P$G', 'NO_FAIL_ON_TEST_ERRORS': '1', 'PATHEXT': '.COM;.EXE;.BAT;.CMD;.VBS;.VBE;.JS;.JSE;.WSF;.WSH;.MSC', 'FP_NO_HOST_CHECK': 'NO', 'DCLOCATION': 'SCL3', 'APPDATA': 'C:\\Users\\cltbld.T-W864-IX-030.001\\AppData\\Roaming', 'HOMEDRIVE': 'C:', 'SYSTEMDRIVE': 'C:', 'SLAVEDIR': 'C:\\slave\\', 'NUMBER_OF_PROCESSORS': '8', 'PWD': 'C:\\slave\\test', 'PROCESSOR_LEVEL': '6', 'KTS_HOME': 'C:\\Program Files\\KTS', 'PROCESSOR_ARCHITEW6432': 'AMD64', 'MOZ_CRASHREPORTER_NO_REPORT': '1', 'COMMONPROGRAMW6432': 'C:\\Program Files\\Common Files', 'OS': 'Windows_NT', 'PUBLIC': 'C:\\Users\\Public', 'WINDIR': 'C:\\windows'}}, attempt #1
17:02:32     INFO - Running command: ['C:\\slave\\test\\build\\venv\\Scripts\\pip', 'install', '--timeout', '120', '--no-index', '--find-links', 'http://pypi.pvt.build.mozilla.org/pub', '--find-links', 'http://pypi.pub.build.mozilla.org/pub', '--trusted-host', 'pypi.pub.build.mozilla.org', '--trusted-host', 'pypi.pvt.build.mozilla.org', 'pypiwin32'] in C:\slave\test\build
17:02:32     INFO - Copy/paste: C:\slave\test\build\venv\Scripts\pip install --timeout 120 --no-index --find-links http://pypi.pvt.build.mozilla.org/pub --find-links http://pypi.pub.build.mozilla.org/pub --trusted-host pypi.pub.build.mozilla.org --trusted-host pypi.pvt.build.mozilla.org pypiwin32
17:02:32     INFO - Using env: {'ALLUSERSPROFILE': 'C:\\ProgramData',
17:02:32     INFO -  'APPDATA': 'C:\\Users\\cltbld.T-W864-IX-030.001\\AppData\\Roaming',
17:02:32     INFO -  'COMMONPROGRAMFILES': 'C:\\Program Files (x86)\\Common Files',
17:02:32     INFO -  'COMMONPROGRAMFILES(X86)': 'C:\\Program Files (x86)\\Common Files',
17:02:32     INFO -  'COMMONPROGRAMW6432': 'C:\\Program Files\\Common Files',
17:02:32     INFO -  'COMPUTERNAME': 'T-W864-IX-030',
17:02:32     INFO -  'COMSPEC': 'C:\\windows\\system32\\cmd.exe',
17:02:32     INFO -  'DCLOCATION': 'SCL3',
17:02:32     INFO -  'DNSSUFFIX': 'wintest.releng.scl3.mozilla.com',
17:02:32     INFO -  'FP_NO_HOST_CHECK': 'NO',
17:02:32     INFO -  'HOMEDRIVE': 'C:',
17:02:32     INFO -  'HOMEPATH': '\\Users\\cltbld.T-W864-IX-030.001',
17:02:32     INFO -  'KTS_HOME': 'C:\\Program Files\\KTS',
17:02:32     INFO -  'KTS_VERSION': '1.19c',
17:02:32     INFO -  'LOCALAPPDATA': 'C:\\Users\\cltbld.T-W864-IX-030.001\\AppData\\Local',
17:02:32     INFO -  'LOGONSERVER': '\\\\T-W864-IX-030',
17:02:32     INFO -  'MONDIR': 'C:\\Monitor_config\\',
17:02:32     INFO -  'MOZBUILDDIR': 'C:\\mozilla-build\\',
17:02:32     INFO -  'MOZ_CRASHREPORTER_NO_REPORT': '1',
17:02:32     INFO -  'MOZ_HIDE_RESULTS_TABLE': '1',
17:02:32     INFO -  'MOZ_NO_REMOTE': '1',
17:02:32     INFO -  'NO_EM_RESTART': '1',
17:02:32     INFO -  'NO_FAIL_ON_TEST_ERRORS': '1',
17:02:32     INFO -  'NUMBER_OF_PROCESSORS': '8',
17:02:32     INFO -  'OS': 'Windows_NT',
17:02:32     INFO -  'OURDRIVE': 'C:',
17:02:32     INFO -  'PATH': 'C:\\Program Files (x86)\\NVIDIA Corporation\\PhysX\\Common;C:\\windows\\system32;C:\\windows;C:\\windows\\System32\\Wbem;C:\\windows\\System32\\WindowsPowerShell\\v1.0\\;C:\\mozilla-build\\python27;C:\\mozilla-build\\python27\\Scripts;C:\\mozilla-build\\msys\\bin;C:\\mozilla-build\\vim\\vim72;C:\\mozilla-build\\wget;C:\\mozilla-build\\info-zip;C:\\CoreUtils\\bin;C:\\mozilla-build\\buildbotve\\scripts;C:\\mozilla-build\\hg',
17:02:32     INFO -  'PATHEXT': '.COM;.EXE;.BAT;.CMD;.VBS;.VBE;.JS;.JSE;.WSF;.WSH;.MSC',
17:02:32     INFO -  'PROCESSOR_ARCHITECTURE': 'x86',
17:02:32     INFO -  'PROCESSOR_ARCHITEW6432': 'AMD64',
17:02:32     INFO -  'PROCESSOR_IDENTIFIER': 'Intel64 Family 6 Model 30 Stepping 5, GenuineIntel',
17:02:32     INFO -  'PROCESSOR_LEVEL': '6',
17:02:32     INFO -  'PROCESSOR_REVISION': '1e05',
17:02:32     INFO -  'PROGRAMDATA': 'C:\\ProgramData',
17:02:32     INFO -  'PROGRAMFILES': 'C:\\Program Files (x86)',
17:02:32     INFO -  'PROGRAMFILES(X86)': 'C:\\Program Files (x86)',
17:02:32     INFO -  'PROGRAMW6432': 'C:\\Program Files',
17:02:32     INFO -  'PROMPT': '$P$G',
17:02:32     INFO -  'PROPERTIES_FILE': 'C:\\slave\\test/buildprops.json',
17:02:32     INFO -  'PSMODULEPATH': 'C:\\windows\\system32\\WindowsPowerShell\\v1.0\\Modules\\',
17:02:32     INFO -  'PUBLIC': 'C:\\Users\\Public',
17:02:32     INFO -  'PWD': 'C:\\slave\\test',
17:02:32     INFO -  'RUNLOGFILE': 'C:\\slave\\\\runslave.log',
17:02:32     INFO -  'SLAVEDIR': 'C:\\slave\\',
17:02:32     INFO -  'SYSTEMDRIVE': 'C:',
17:02:32     INFO -  'SYSTEMROOT': 'C:\\windows',
17:02:32     INFO -  'TEMP': 'C:\\Users\\CLTBLD~1.001\\AppData\\Local\\Temp',
17:02:32     INFO -  'TEST1': 'testie',
17:02:32     INFO -  'TMP': 'C:\\Users\\CLTBLD~1.001\\AppData\\Local\\Temp',
17:02:32     INFO -  'USERDOMAIN': 'T-W864-IX-030',
17:02:32     INFO -  'USERDOMAIN_ROAMINGPROFILE': 'T-W864-IX-030',
17:02:32     INFO -  'USERNAME': 'cltbld',
17:02:32     INFO -  'USERPROFILE': 'C:\\Users\\cltbld.T-W864-IX-030.001',
17:02:32     INFO -  'WINDIR': 'C:\\windows',
17:02:32     INFO -  'XPCOM_DEBUG_BREAK': 'warn'}
17:02:33     INFO -  Ignoring indexes: https://pypi.python.org/simple
17:02:33     INFO -  Collecting pypiwin32
17:02:34     INFO -    Downloading http://pypi.pvt.build.mozilla.org/pub/pypiwin32-219-cp27-none-win32.whl (6.7MB)
17:02:35     INFO -  Installing collected packages: pypiwin32
17:02:39     INFO -  Successfully installed pypiwin32-219
17:02:46     INFO - Return code: 0
17:02:46     INFO - Installing six==1.10.0 into virtualenv C:\slave\test\build\venv
17:02:46     INFO - retry: Calling run_command with args: [['C:\\slave\\test\\build\\venv\\Scripts\\pip', 'install', '--timeout', '120', '--no-index', '--find-links', 'http://pypi.pvt.build.mozilla.org/pub', '--find-links', 'http://pypi.pub.build.mozilla.org/pub', '--trusted-host', 'pypi.pub.build.mozilla.org', '--trusted-host', 'pypi.pvt.build.mozilla.org', 'six==1.10.0']], kwargs: {'error_level': 'warning', 'error_list': [{'substr': 'not found or a compiler error:', 'level': 'warning'}, {'regex': <_sre.SRE_Pattern object at 0x022D23A0>, 'level': 'error'}, {'regex': <_sre.SRE_Pattern object at 0x023C3020>, 'level': 'warning'}, {'regex': <_sre.SRE_Pattern object at 0x023F9940>, 'level': 'debug'}, {'substr': 'command not found', 'level': 'error'}, {'regex': <_sre.SRE_Pattern object at 0x02374758>, 'level': 'warning'}, {'substr': 'Traceback (most recent call last)', 'level': 'error'}, {'substr': 'SyntaxError: ', 'level': 'error'}, {'substr': 'TypeError: ', 'level': 'error'}, {'substr': 'NameError: ', 'level': 'error'}, {'substr': 'ZeroDivisionError: ', 'level': 'error'}, {'regex': <_sre.SRE_Pattern object at 0x01DAAB20>, 'level': 'critical'}, {'regex': <_sre.SRE_Pattern object at 0x02393660>, 'level': 'critical'}], 'cwd': 'C:\\slave\\test\\build', 'env': {'TMP': 'C:\\Users\\CLTBLD~1.001\\AppData\\Local\\Temp', 'TEST1': 'testie', 'COMPUTERNAME': 'T-W864-IX-030', 'USERDOMAIN': 'T-W864-IX-030', 'KTS_VERSION': '1.19c', 'PSMODULEPATH': 'C:\\windows\\system32\\WindowsPowerShell\\v1.0\\Modules\\', 'COMMONPROGRAMFILES': 'C:\\Program Files (x86)\\Common Files', 'PROCESSOR_IDENTIFIER': 'Intel64 Family 6 Model 30 Stepping 5, GenuineIntel', 'PROGRAMFILES': 'C:\\Program Files (x86)', 'PROCESSOR_REVISION': '1e05', 'DNSSUFFIX': 'wintest.releng.scl3.mozilla.com', 'SYSTEMROOT': 'C:\\windows', 'NO_EM_RESTART': '1', 'PROGRAMFILES(X86)': 'C:\\Program Files (x86)', 'OURDRIVE': 'C:', 'MOZ_HIDE_RESULTS_TABLE': '1', 'XPCOM_DEBUG_BREAK': 'warn', 'MONDIR': 'C:\\Monitor_config\\', 'TEMP': 'C:\\Users\\CLTBLD~1.001\\AppData\\Local\\Temp', 'COMMONPROGRAMFILES(X86)': 'C:\\Program Files (x86)\\Common Files', 'RUNLOGFILE': 'C:\\slave\\\\runslave.log', 'PROCESSOR_ARCHITECTURE': 'x86', 'ALLUSERSPROFILE': 'C:\\ProgramData', 'USERPROFILE': 'C:\\Users\\cltbld.T-W864-IX-030.001', 'LOCALAPPDATA': 'C:\\Users\\cltbld.T-W864-IX-030.001\\AppData\\Local', 'HOMEPATH': '\\Users\\cltbld.T-W864-IX-030.001', 'USERDOMAIN_ROAMINGPROFILE': 'T-W864-IX-030', 'MOZBUILDDIR': 'C:\\mozilla-build\\', 'PROGRAMW6432': 'C:\\Program Files', 'USERNAME': 'cltbld', 'LOGONSERVER': '\\\\T-W864-IX-030', 'MOZ_NO_REMOTE': '1', 'COMSPEC': 'C:\\windows\\system32\\cmd.exe', 'PROGRAMDATA': 'C:\\ProgramData', 'PROPERTIES_FILE': 'C:\\slave\\test/buildprops.json', 'PATH': 'C:\\Program Files (x86)\\NVIDIA Corporation\\PhysX\\Common;C:\\windows\\system32;C:\\windows;C:\\windows\\System32\\Wbem;C:\\windows\\System32\\WindowsPowerShell\\v1.0\\;C:\\mozilla-build\\python27;C:\\mozilla-build\\python27\\Scripts;C:\\mozilla-build\\msys\\bin;C:\\mozilla-build\\vim\\vim72;C:\\mozilla-build\\wget;C:\\mozilla-build\\info-zip;C:\\CoreUtils\\bin;C:\\mozilla-build\\buildbotve\\scripts;C:\\mozilla-build\\hg', 'PROMPT': '$P$G', 'NO_FAIL_ON_TEST_ERRORS': '1', 'PATHEXT': '.COM;.EXE;.BAT;.CMD;.VBS;.VBE;.JS;.JSE;.WSF;.WSH;.MSC', 'FP_NO_HOST_CHECK': 'NO', 'DCLOCATION': 'SCL3', 'APPDATA': 'C:\\Users\\cltbld.T-W864-IX-030.001\\AppData\\Roaming', 'HOMEDRIVE': 'C:', 'SYSTEMDRIVE': 'C:', 'SLAVEDIR': 'C:\\slave\\', 'NUMBER_OF_PROCESSORS': '8', 'PWD': 'C:\\slave\\test', 'PROCESSOR_LEVEL': '6', 'KTS_HOME': 'C:\\Program Files\\KTS', 'PROCESSOR_ARCHITEW6432': 'AMD64', 'MOZ_CRASHREPORTER_NO_REPORT': '1', 'COMMONPROGRAMW6432': 'C:\\Program Files\\Common Files', 'OS': 'Windows_NT', 'PUBLIC': 'C:\\Users\\Public', 'WINDIR': 'C:\\windows'}}, attempt #1
17:02:46     INFO - Running command: ['C:\\slave\\test\\build\\venv\\Scripts\\pip', 'install', '--timeout', '120', '--no-index', '--find-links', 'http://pypi.pvt.build.mozilla.org/pub', '--find-links', 'http://pypi.pub.build.mozilla.org/pub', '--trusted-host', 'pypi.pub.build.mozilla.org', '--trusted-host', 'pypi.pvt.build.mozilla.org', 'six==1.10.0'] in C:\slave\test\build
17:02:46     INFO - Copy/paste: C:\slave\test\build\venv\Scripts\pip install --timeout 120 --no-index --find-links http://pypi.pvt.build.mozilla.org/pub --find-links http://pypi.pub.build.mozilla.org/pub --trusted-host pypi.pub.build.mozilla.org --trusted-host pypi.pvt.build.mozilla.org six==1.10.0
17:02:46     INFO - Using env: {'ALLUSERSPROFILE': 'C:\\ProgramData',
17:02:46     INFO -  'APPDATA': 'C:\\Users\\cltbld.T-W864-IX-030.001\\AppData\\Roaming',
17:02:46     INFO -  'COMMONPROGRAMFILES': 'C:\\Program Files (x86)\\Common Files',
17:02:46     INFO -  'COMMONPROGRAMFILES(X86)': 'C:\\Program Files (x86)\\Common Files',
17:02:46     INFO -  'COMMONPROGRAMW6432': 'C:\\Program Files\\Common Files',
17:02:46     INFO -  'COMPUTERNAME': 'T-W864-IX-030',
17:02:46     INFO -  'COMSPEC': 'C:\\windows\\system32\\cmd.exe',
17:02:46     INFO -  'DCLOCATION': 'SCL3',
17:02:46     INFO -  'DNSSUFFIX': 'wintest.releng.scl3.mozilla.com',
17:02:46     INFO -  'FP_NO_HOST_CHECK': 'NO',
17:02:46     INFO -  'HOMEDRIVE': 'C:',
17:02:46     INFO -  'HOMEPATH': '\\Users\\cltbld.T-W864-IX-030.001',
17:02:46     INFO -  'KTS_HOME': 'C:\\Program Files\\KTS',
17:02:46     INFO -  'KTS_VERSION': '1.19c',
17:02:46     INFO -  'LOCALAPPDATA': 'C:\\Users\\cltbld.T-W864-IX-030.001\\AppData\\Local',
17:02:46     INFO -  'LOGONSERVER': '\\\\T-W864-IX-030',
17:02:46     INFO -  'MONDIR': 'C:\\Monitor_config\\',
17:02:46     INFO -  'MOZBUILDDIR': 'C:\\mozilla-build\\',
17:02:46     INFO -  'MOZ_CRASHREPORTER_NO_REPORT': '1',
17:02:46     INFO -  'MOZ_HIDE_RESULTS_TABLE': '1',
17:02:46     INFO -  'MOZ_NO_REMOTE': '1',
17:02:46     INFO -  'NO_EM_RESTART': '1',
17:02:46     INFO -  'NO_FAIL_ON_TEST_ERRORS': '1',
17:02:46     INFO -  'NUMBER_OF_PROCESSORS': '8',
17:02:46     INFO -  'OS': 'Windows_NT',
17:02:46     INFO -  'OURDRIVE': 'C:',
17:02:46     INFO -  'PATH': 'C:\\Program Files (x86)\\NVIDIA Corporation\\PhysX\\Common;C:\\windows\\system32;C:\\windows;C:\\windows\\System32\\Wbem;C:\\windows\\System32\\WindowsPowerShell\\v1.0\\;C:\\mozilla-build\\python27;C:\\mozilla-build\\python27\\Scripts;C:\\mozilla-build\\msys\\bin;C:\\mozilla-build\\vim\\vim72;C:\\mozilla-build\\wget;C:\\mozilla-build\\info-zip;C:\\CoreUtils\\bin;C:\\mozilla-build\\buildbotve\\scripts;C:\\mozilla-build\\hg',
17:02:46     INFO -  'PATHEXT': '.COM;.EXE;.BAT;.CMD;.VBS;.VBE;.JS;.JSE;.WSF;.WSH;.MSC',
17:02:46     INFO -  'PROCESSOR_ARCHITECTURE': 'x86',
17:02:46     INFO -  'PROCESSOR_ARCHITEW6432': 'AMD64',
17:02:46     INFO -  'PROCESSOR_IDENTIFIER': 'Intel64 Family 6 Model 30 Stepping 5, GenuineIntel',
17:02:46     INFO -  'PROCESSOR_LEVEL': '6',
17:02:46     INFO -  'PROCESSOR_REVISION': '1e05',
17:02:46     INFO -  'PROGRAMDATA': 'C:\\ProgramData',
17:02:46     INFO -  'PROGRAMFILES': 'C:\\Program Files (x86)',
17:02:46     INFO -  'PROGRAMFILES(X86)': 'C:\\Program Files (x86)',
17:02:46     INFO -  'PROGRAMW6432': 'C:\\Program Files',
17:02:46     INFO -  'PROMPT': '$P$G',
17:02:46     INFO -  'PROPERTIES_FILE': 'C:\\slave\\test/buildprops.json',
17:02:46     INFO -  'PSMODULEPATH': 'C:\\windows\\system32\\WindowsPowerShell\\v1.0\\Modules\\',
17:02:46     INFO -  'PUBLIC': 'C:\\Users\\Public',
17:02:46     INFO -  'PWD': 'C:\\slave\\test',
17:02:46     INFO -  'RUNLOGFILE': 'C:\\slave\\\\runslave.log',
17:02:46     INFO -  'SLAVEDIR': 'C:\\slave\\',
17:02:46     INFO -  'SYSTEMDRIVE': 'C:',
17:02:46     INFO -  'SYSTEMROOT': 'C:\\windows',
17:02:46     INFO -  'TEMP': 'C:\\Users\\CLTBLD~1.001\\AppData\\Local\\Temp',
17:02:46     INFO -  'TEST1': 'testie',
17:02:46     INFO -  'TMP': 'C:\\Users\\CLTBLD~1.001\\AppData\\Local\\Temp',
17:02:46     INFO -  'USERDOMAIN': 'T-W864-IX-030',
17:02:46     INFO -  'USERDOMAIN_ROAMINGPROFILE': 'T-W864-IX-030',
17:02:46     INFO -  'USERNAME': 'cltbld',
17:02:46     INFO -  'USERPROFILE': 'C:\\Users\\cltbld.T-W864-IX-030.001',
17:02:46     INFO -  'WINDIR': 'C:\\windows',
17:02:46     INFO -  'XPCOM_DEBUG_BREAK': 'warn'}
17:02:46     INFO -  Ignoring indexes: https://pypi.python.org/simple
17:02:46     INFO -  Collecting six==1.10.0
17:02:47     INFO -    Downloading http://pypi.pvt.build.mozilla.org/pub/six-1.10.0-py2.py3-none-any.whl
17:02:47     INFO -  Installing collected packages: six
17:02:47     INFO -  Successfully installed six-1.10.0
17:02:47     INFO - Return code: 0
17:02:47     INFO - Installing vcversioner==2.16.0.0 into virtualenv C:\slave\test\build\venv
17:02:47     INFO - retry: Calling run_command with args: [['C:\\slave\\test\\build\\venv\\Scripts\\pip', 'install', '--timeout', '120', '--no-index', '--find-links', 'http://pypi.pvt.build.mozilla.org/pub', '--find-links', 'http://pypi.pub.build.mozilla.org/pub', '--trusted-host', 'pypi.pub.build.mozilla.org', '--trusted-host', 'pypi.pvt.build.mozilla.org', 'vcversioner==2.16.0.0']], kwargs: {'error_level': 'warning', 'error_list': [{'substr': 'not found or a compiler error:', 'level': 'warning'}, {'regex': <_sre.SRE_Pattern object at 0x022D23A0>, 'level': 'error'}, {'regex': <_sre.SRE_Pattern object at 0x023C3020>, 'level': 'warning'}, {'regex': <_sre.SRE_Pattern object at 0x023F9940>, 'level': 'debug'}, {'substr': 'command not found', 'level': 'error'}, {'regex': <_sre.SRE_Pattern object at 0x02374758>, 'level': 'warning'}, {'substr': 'Traceback (most recent call last)', 'level': 'error'}, {'substr': 'SyntaxError: ', 'level': 'error'}, {'substr': 'TypeError: ', 'level': 'error'}, {'substr': 'NameError: ', 'level': 'error'}, {'substr': 'ZeroDivisionError: ', 'level': 'error'}, {'regex': <_sre.SRE_Pattern object at 0x01DAAB20>, 'level': 'critical'}, {'regex': <_sre.SRE_Pattern object at 0x02393660>, 'level': 'critical'}], 'cwd': 'C:\\slave\\test\\build', 'env': {'TMP': 'C:\\Users\\CLTBLD~1.001\\AppData\\Local\\Temp', 'TEST1': 'testie', 'COMPUTERNAME': 'T-W864-IX-030', 'USERDOMAIN': 'T-W864-IX-030', 'KTS_VERSION': '1.19c', 'PSMODULEPATH': 'C:\\windows\\system32\\WindowsPowerShell\\v1.0\\Modules\\', 'COMMONPROGRAMFILES': 'C:\\Program Files (x86)\\Common Files', 'PROCESSOR_IDENTIFIER': 'Intel64 Family 6 Model 30 Stepping 5, GenuineIntel', 'PROGRAMFILES': 'C:\\Program Files (x86)', 'PROCESSOR_REVISION': '1e05', 'DNSSUFFIX': 'wintest.releng.scl3.mozilla.com', 'SYSTEMROOT': 'C:\\windows', 'NO_EM_RESTART': '1', 'PROGRAMFILES(X86)': 'C:\\Program Files (x86)', 'OURDRIVE': 'C:', 'MOZ_HIDE_RESULTS_TABLE': '1', 'XPCOM_DEBUG_BREAK': 'warn', 'MONDIR': 'C:\\Monitor_config\\', 'TEMP': 'C:\\Users\\CLTBLD~1.001\\AppData\\Local\\Temp', 'COMMONPROGRAMFILES(X86)': 'C:\\Program Files (x86)\\Common Files', 'RUNLOGFILE': 'C:\\slave\\\\runslave.log', 'PROCESSOR_ARCHITECTURE': 'x86', 'ALLUSERSPROFILE': 'C:\\ProgramData', 'USERPROFILE': 'C:\\Users\\cltbld.T-W864-IX-030.001', 'LOCALAPPDATA': 'C:\\Users\\cltbld.T-W864-IX-030.001\\AppData\\Local', 'HOMEPATH': '\\Users\\cltbld.T-W864-IX-030.001', 'USERDOMAIN_ROAMINGPROFILE': 'T-W864-IX-030', 'MOZBUILDDIR': 'C:\\mozilla-build\\', 'PROGRAMW6432': 'C:\\Program Files', 'USERNAME': 'cltbld', 'LOGONSERVER': '\\\\T-W864-IX-030', 'MOZ_NO_REMOTE': '1', 'COMSPEC': 'C:\\windows\\system32\\cmd.exe', 'PROGRAMDATA': 'C:\\ProgramData', 'PROPERTIES_FILE': 'C:\\slave\\test/buildprops.json', 'PATH': 'C:\\Program Files (x86)\\NVIDIA Corporation\\PhysX\\Common;C:\\windows\\system32;C:\\windows;C:\\windows\\System32\\Wbem;C:\\windows\\System32\\WindowsPowerShell\\v1.0\\;C:\\mozilla-build\\python27;C:\\mozilla-build\\python27\\Scripts;C:\\mozilla-build\\msys\\bin;C:\\mozilla-build\\vim\\vim72;C:\\mozilla-build\\wget;C:\\mozilla-build\\info-zip;C:\\CoreUtils\\bin;C:\\mozilla-build\\buildbotve\\scripts;C:\\mozilla-build\\hg', 'PROMPT': '$P$G', 'NO_FAIL_ON_TEST_ERRORS': '1', 'PATHEXT': '.COM;.EXE;.BAT;.CMD;.VBS;.VBE;.JS;.JSE;.WSF;.WSH;.MSC', 'FP_NO_HOST_CHECK': 'NO', 'DCLOCATION': 'SCL3', 'APPDATA': 'C:\\Users\\cltbld.T-W864-IX-030.001\\AppData\\Roaming', 'HOMEDRIVE': 'C:', 'SYSTEMDRIVE': 'C:', 'SLAVEDIR': 'C:\\slave\\', 'NUMBER_OF_PROCESSORS': '8', 'PWD': 'C:\\slave\\test', 'PROCESSOR_LEVEL': '6', 'KTS_HOME': 'C:\\Program Files\\KTS', 'PROCESSOR_ARCHITEW6432': 'AMD64', 'MOZ_CRASHREPORTER_NO_REPORT': '1', 'COMMONPROGRAMW6432': 'C:\\Program Files\\Common Files', 'OS': 'Windows_NT', 'PUBLIC': 'C:\\Users\\Public', 'WINDIR': 'C:\\windows'}}, attempt #1
17:02:47     INFO - Running command: ['C:\\slave\\test\\build\\venv\\Scripts\\pip', 'install', '--timeout', '120', '--no-index', '--find-links', 'http://pypi.pvt.build.mozilla.org/pub', '--find-links', 'http://pypi.pub.build.mozilla.org/pub', '--trusted-host', 'pypi.pub.build.mozilla.org', '--trusted-host', 'pypi.pvt.build.mozilla.org', 'vcversioner==2.16.0.0'] in C:\slave\test\build
17:02:48     INFO - Copy/paste: C:\slave\test\build\venv\Scripts\pip install --timeout 120 --no-index --find-links http://pypi.pvt.build.mozilla.org/pub --find-links http://pypi.pub.build.mozilla.org/pub --trusted-host pypi.pub.build.mozilla.org --trusted-host pypi.pvt.build.mozilla.org vcversioner==2.16.0.0
17:02:48     INFO - Using env: {'ALLUSERSPROFILE': 'C:\\ProgramData',
17:02:48     INFO -  'APPDATA': 'C:\\Users\\cltbld.T-W864-IX-030.001\\AppData\\Roaming',
17:02:48     INFO -  'COMMONPROGRAMFILES': 'C:\\Program Files (x86)\\Common Files',
17:02:48     INFO -  'COMMONPROGRAMFILES(X86)': 'C:\\Program Files (x86)\\Common Files',
17:02:48     INFO -  'COMMONPROGRAMW6432': 'C:\\Program Files\\Common Files',
17:02:48     INFO -  'COMPUTERNAME': 'T-W864-IX-030',
17:02:48     INFO -  'COMSPEC': 'C:\\windows\\system32\\cmd.exe',
17:02:48     INFO -  'DCLOCATION': 'SCL3',
17:02:48     INFO -  'DNSSUFFIX': 'wintest.releng.scl3.mozilla.com',
17:02:48     INFO -  'FP_NO_HOST_CHECK': 'NO',
17:02:48     INFO -  'HOMEDRIVE': 'C:',
17:02:48     INFO -  'HOMEPATH': '\\Users\\cltbld.T-W864-IX-030.001',
17:02:48     INFO -  'KTS_HOME': 'C:\\Program Files\\KTS',
17:02:48     INFO -  'KTS_VERSION': '1.19c',
17:02:48     INFO -  'LOCALAPPDATA': 'C:\\Users\\cltbld.T-W864-IX-030.001\\AppData\\Local',
17:02:48     INFO -  'LOGONSERVER': '\\\\T-W864-IX-030',
17:02:48     INFO -  'MONDIR': 'C:\\Monitor_config\\',
17:02:48     INFO -  'MOZBUILDDIR': 'C:\\mozilla-build\\',
17:02:48     INFO -  'MOZ_CRASHREPORTER_NO_REPORT': '1',
17:02:48     INFO -  'MOZ_HIDE_RESULTS_TABLE': '1',
17:02:48     INFO -  'MOZ_NO_REMOTE': '1',
17:02:48     INFO -  'NO_EM_RESTART': '1',
17:02:48     INFO -  'NO_FAIL_ON_TEST_ERRORS': '1',
17:02:48     INFO -  'NUMBER_OF_PROCESSORS': '8',
17:02:48     INFO -  'OS': 'Windows_NT',
17:02:48     INFO -  'OURDRIVE': 'C:',
17:02:48     INFO -  'PATH': 'C:\\Program Files (x86)\\NVIDIA Corporation\\PhysX\\Common;C:\\windows\\system32;C:\\windows;C:\\windows\\System32\\Wbem;C:\\windows\\System32\\WindowsPowerShell\\v1.0\\;C:\\mozilla-build\\python27;C:\\mozilla-build\\python27\\Scripts;C:\\mozilla-build\\msys\\bin;C:\\mozilla-build\\vim\\vim72;C:\\mozilla-build\\wget;C:\\mozilla-build\\info-zip;C:\\CoreUtils\\bin;C:\\mozilla-build\\buildbotve\\scripts;C:\\mozilla-build\\hg',
17:02:48     INFO -  'PATHEXT': '.COM;.EXE;.BAT;.CMD;.VBS;.VBE;.JS;.JSE;.WSF;.WSH;.MSC',
17:02:48     INFO -  'PROCESSOR_ARCHITECTURE': 'x86',
17:02:48     INFO -  'PROCESSOR_ARCHITEW6432': 'AMD64',
17:02:48     INFO -  'PROCESSOR_IDENTIFIER': 'Intel64 Family 6 Model 30 Stepping 5, GenuineIntel',
17:02:48     INFO -  'PROCESSOR_LEVEL': '6',
17:02:48     INFO -  'PROCESSOR_REVISION': '1e05',
17:02:48     INFO -  'PROGRAMDATA': 'C:\\ProgramData',
17:02:48     INFO -  'PROGRAMFILES': 'C:\\Program Files (x86)',
17:02:48     INFO -  'PROGRAMFILES(X86)': 'C:\\Program Files (x86)',
17:02:48     INFO -  'PROGRAMW6432': 'C:\\Program Files',
17:02:48     INFO -  'PROMPT': '$P$G',
17:02:48     INFO -  'PROPERTIES_FILE': 'C:\\slave\\test/buildprops.json',
17:02:48     INFO -  'PSMODULEPATH': 'C:\\windows\\system32\\WindowsPowerShell\\v1.0\\Modules\\',
17:02:48     INFO -  'PUBLIC': 'C:\\Users\\Public',
17:02:48     INFO -  'PWD': 'C:\\slave\\test',
17:02:48     INFO -  'RUNLOGFILE': 'C:\\slave\\\\runslave.log',
17:02:48     INFO -  'SLAVEDIR': 'C:\\slave\\',
17:02:48     INFO -  'SYSTEMDRIVE': 'C:',
17:02:48     INFO -  'SYSTEMROOT': 'C:\\windows',
17:02:48     INFO -  'TEMP': 'C:\\Users\\CLTBLD~1.001\\AppData\\Local\\Temp',
17:02:48     INFO -  'TEST1': 'testie',
17:02:48     INFO -  'TMP': 'C:\\Users\\CLTBLD~1.001\\AppData\\Local\\Temp',
17:02:48     INFO -  'USERDOMAIN': 'T-W864-IX-030',
17:02:48     INFO -  'USERDOMAIN_ROAMINGPROFILE': 'T-W864-IX-030',
17:02:48     INFO -  'USERNAME': 'cltbld',
17:02:48     INFO -  'USERPROFILE': 'C:\\Users\\cltbld.T-W864-IX-030.001',
17:02:48     INFO -  'WINDIR': 'C:\\windows',
17:02:48     INFO -  'XPCOM_DEBUG_BREAK': 'warn'}
17:02:48     INFO -  Ignoring indexes: https://pypi.python.org/simple
17:02:48     INFO -  Collecting vcversioner==2.16.0.0
17:02:49     INFO -  Installing collected packages: vcversioner
17:02:49     INFO -  Successfully installed vcversioner-2.16.0.0
17:02:49     INFO - Return code: 0
17:02:49     INFO - Installing psutil>=3.1.1 into virtualenv C:\slave\test\build\venv
17:02:49     INFO - retry: Calling run_command with args: [['C:\\slave\\test\\build\\venv\\Scripts\\pip', 'install', '--timeout', '120', '--no-index', '--find-links', 'http://pypi.pvt.build.mozilla.org/pub', '--find-links', 'http://pypi.pub.build.mozilla.org/pub', '--trusted-host', 'pypi.pub.build.mozilla.org', '--trusted-host', 'pypi.pvt.build.mozilla.org', 'psutil>=3.1.1']], kwargs: {'error_level': 'warning', 'error_list': [{'substr': 'not found or a compiler error:', 'level': 'warning'}, {'regex': <_sre.SRE_Pattern object at 0x022D23A0>, 'level': 'error'}, {'regex': <_sre.SRE_Pattern object at 0x023C3020>, 'level': 'warning'}, {'regex': <_sre.SRE_Pattern object at 0x023F9940>, 'level': 'debug'}, {'substr': 'command not found', 'level': 'error'}, {'regex': <_sre.SRE_Pattern object at 0x02374758>, 'level': 'warning'}, {'substr': 'Traceback (most recent call last)', 'level': 'error'}, {'substr': 'SyntaxError: ', 'level': 'error'}, {'substr': 'TypeError: ', 'level': 'error'}, {'substr': 'NameError: ', 'level': 'error'}, {'substr': 'ZeroDivisionError: ', 'level': 'error'}, {'regex': <_sre.SRE_Pattern object at 0x01DAAB20>, 'level': 'critical'}, {'regex': <_sre.SRE_Pattern object at 0x02393660>, 'level': 'critical'}], 'cwd': 'C:\\slave\\test\\build', 'env': {'TMP': 'C:\\Users\\CLTBLD~1.001\\AppData\\Local\\Temp', 'TEST1': 'testie', 'COMPUTERNAME': 'T-W864-IX-030', 'USERDOMAIN': 'T-W864-IX-030', 'KTS_VERSION': '1.19c', 'PSMODULEPATH': 'C:\\windows\\system32\\WindowsPowerShell\\v1.0\\Modules\\', 'COMMONPROGRAMFILES': 'C:\\Program Files (x86)\\Common Files', 'PROCESSOR_IDENTIFIER': 'Intel64 Family 6 Model 30 Stepping 5, GenuineIntel', 'PROGRAMFILES': 'C:\\Program Files (x86)', 'PROCESSOR_REVISION': '1e05', 'DNSSUFFIX': 'wintest.releng.scl3.mozilla.com', 'SYSTEMROOT': 'C:\\windows', 'NO_EM_RESTART': '1', 'PROGRAMFILES(X86)': 'C:\\Program Files (x86)', 'OURDRIVE': 'C:', 'MOZ_HIDE_RESULTS_TABLE': '1', 'XPCOM_DEBUG_BREAK': 'warn', 'MONDIR': 'C:\\Monitor_config\\', 'TEMP': 'C:\\Users\\CLTBLD~1.001\\AppData\\Local\\Temp', 'COMMONPROGRAMFILES(X86)': 'C:\\Program Files (x86)\\Common Files', 'RUNLOGFILE': 'C:\\slave\\\\runslave.log', 'PROCESSOR_ARCHITECTURE': 'x86', 'ALLUSERSPROFILE': 'C:\\ProgramData', 'USERPROFILE': 'C:\\Users\\cltbld.T-W864-IX-030.001', 'LOCALAPPDATA': 'C:\\Users\\cltbld.T-W864-IX-030.001\\AppData\\Local', 'HOMEPATH': '\\Users\\cltbld.T-W864-IX-030.001', 'USERDOMAIN_ROAMINGPROFILE': 'T-W864-IX-030', 'MOZBUILDDIR': 'C:\\mozilla-build\\', 'PROGRAMW6432': 'C:\\Program Files', 'USERNAME': 'cltbld', 'LOGONSERVER': '\\\\T-W864-IX-030', 'MOZ_NO_REMOTE': '1', 'COMSPEC': 'C:\\windows\\system32\\cmd.exe', 'PROGRAMDATA': 'C:\\ProgramData', 'PROPERTIES_FILE': 'C:\\slave\\test/buildprops.json', 'PATH': 'C:\\Program Files (x86)\\NVIDIA Corporation\\PhysX\\Common;C:\\windows\\system32;C:\\windows;C:\\windows\\System32\\Wbem;C:\\windows\\System32\\WindowsPowerShell\\v1.0\\;C:\\mozilla-build\\python27;C:\\mozilla-build\\python27\\Scripts;C:\\mozilla-build\\msys\\bin;C:\\mozilla-build\\vim\\vim72;C:\\mozilla-build\\wget;C:\\mozilla-build\\info-zip;C:\\CoreUtils\\bin;C:\\mozilla-build\\buildbotve\\scripts;C:\\mozilla-build\\hg', 'PROMPT': '$P$G', 'NO_FAIL_ON_TEST_ERRORS': '1', 'PATHEXT': '.COM;.EXE;.BAT;.CMD;.VBS;.VBE;.JS;.JSE;.WSF;.WSH;.MSC', 'FP_NO_HOST_CHECK': 'NO', 'DCLOCATION': 'SCL3', 'APPDATA': 'C:\\Users\\cltbld.T-W864-IX-030.001\\AppData\\Roaming', 'HOMEDRIVE': 'C:', 'SYSTEMDRIVE': 'C:', 'SLAVEDIR': 'C:\\slave\\', 'NUMBER_OF_PROCESSORS': '8', 'PWD': 'C:\\slave\\test', 'PROCESSOR_LEVEL': '6', 'KTS_HOME': 'C:\\Program Files\\KTS', 'PROCESSOR_ARCHITEW6432': 'AMD64', 'MOZ_CRASHREPORTER_NO_REPORT': '1', 'COMMONPROGRAMW6432': 'C:\\Program Files\\Common Files', 'OS': 'Windows_NT', 'PUBLIC': 'C:\\Users\\Public', 'WINDIR': 'C:\\windows'}}, attempt #1
17:02:49     INFO - Running command: ['C:\\slave\\test\\build\\venv\\Scripts\\pip', 'install', '--timeout', '120', '--no-index', '--find-links', 'http://pypi.pvt.build.mozilla.org/pub', '--find-links', 'http://pypi.pub.build.mozilla.org/pub', '--trusted-host', 'pypi.pub.build.mozilla.org', '--trusted-host', 'pypi.pvt.build.mozilla.org', 'psutil>=3.1.1'] in C:\slave\test\build
17:02:49     INFO - Copy/paste: C:\slave\test\build\venv\Scripts\pip install --timeout 120 --no-index --find-links http://pypi.pvt.build.mozilla.org/pub --find-links http://pypi.pub.build.mozilla.org/pub --trusted-host pypi.pub.build.mozilla.org --trusted-host pypi.pvt.build.mozilla.org psutil>=3.1.1
17:02:49     INFO - Using env: {'ALLUSERSPROFILE': 'C:\\ProgramData',
17:02:49     INFO -  'APPDATA': 'C:\\Users\\cltbld.T-W864-IX-030.001\\AppData\\Roaming',
17:02:49     INFO -  'COMMONPROGRAMFILES': 'C:\\Program Files (x86)\\Common Files',
17:02:49     INFO -  'COMMONPROGRAMFILES(X86)': 'C:\\Program Files (x86)\\Common Files',
17:02:49     INFO -  'COMMONPROGRAMW6432': 'C:\\Program Files\\Common Files',
17:02:49     INFO -  'COMPUTERNAME': 'T-W864-IX-030',
17:02:49     INFO -  'COMSPEC': 'C:\\windows\\system32\\cmd.exe',
17:02:49     INFO -  'DCLOCATION': 'SCL3',
17:02:49     INFO -  'DNSSUFFIX': 'wintest.releng.scl3.mozilla.com',
17:02:49     INFO -  'FP_NO_HOST_CHECK': 'NO',
17:02:49     INFO -  'HOMEDRIVE': 'C:',
17:02:49     INFO -  'HOMEPATH': '\\Users\\cltbld.T-W864-IX-030.001',
17:02:49     INFO -  'KTS_HOME': 'C:\\Program Files\\KTS',
17:02:49     INFO -  'KTS_VERSION': '1.19c',
17:02:49     INFO -  'LOCALAPPDATA': 'C:\\Users\\cltbld.T-W864-IX-030.001\\AppData\\Local',
17:02:49     INFO -  'LOGONSERVER': '\\\\T-W864-IX-030',
17:02:49     INFO -  'MONDIR': 'C:\\Monitor_config\\',
17:02:49     INFO -  'MOZBUILDDIR': 'C:\\mozilla-build\\',
17:02:49     INFO -  'MOZ_CRASHREPORTER_NO_REPORT': '1',
17:02:49     INFO -  'MOZ_HIDE_RESULTS_TABLE': '1',
17:02:49     INFO -  'MOZ_NO_REMOTE': '1',
17:02:49     INFO -  'NO_EM_RESTART': '1',
17:02:49     INFO -  'NO_FAIL_ON_TEST_ERRORS': '1',
17:02:49     INFO -  'NUMBER_OF_PROCESSORS': '8',
17:02:49     INFO -  'OS': 'Windows_NT',
17:02:49     INFO -  'OURDRIVE': 'C:',
17:02:49     INFO -  'PATH': 'C:\\Program Files (x86)\\NVIDIA Corporation\\PhysX\\Common;C:\\windows\\system32;C:\\windows;C:\\windows\\System32\\Wbem;C:\\windows\\System32\\WindowsPowerShell\\v1.0\\;C:\\mozilla-build\\python27;C:\\mozilla-build\\python27\\Scripts;C:\\mozilla-build\\msys\\bin;C:\\mozilla-build\\vim\\vim72;C:\\mozilla-build\\wget;C:\\mozilla-build\\info-zip;C:\\CoreUtils\\bin;C:\\mozilla-build\\buildbotve\\scripts;C:\\mozilla-build\\hg',
17:02:49     INFO -  'PATHEXT': '.COM;.EXE;.BAT;.CMD;.VBS;.VBE;.JS;.JSE;.WSF;.WSH;.MSC',
17:02:49     INFO -  'PROCESSOR_ARCHITECTURE': 'x86',
17:02:49     INFO -  'PROCESSOR_ARCHITEW6432': 'AMD64',
17:02:49     INFO -  'PROCESSOR_IDENTIFIER': 'Intel64 Family 6 Model 30 Stepping 5, GenuineIntel',
17:02:49     INFO -  'PROCESSOR_LEVEL': '6',
17:02:49     INFO -  'PROCESSOR_REVISION': '1e05',
17:02:49     INFO -  'PROGRAMDATA': 'C:\\ProgramData',
17:02:49     INFO -  'PROGRAMFILES': 'C:\\Program Files (x86)',
17:02:49     INFO -  'PROGRAMFILES(X86)': 'C:\\Program Files (x86)',
17:02:49     INFO -  'PROGRAMW6432': 'C:\\Program Files',
17:02:49     INFO -  'PROMPT': '$P$G',
17:02:49     INFO -  'PROPERTIES_FILE': 'C:\\slave\\test/buildprops.json',
17:02:49     INFO -  'PSMODULEPATH': 'C:\\windows\\system32\\WindowsPowerShell\\v1.0\\Modules\\',
17:02:49     INFO -  'PUBLIC': 'C:\\Users\\Public',
17:02:49     INFO -  'PWD': 'C:\\slave\\test',
17:02:49     INFO -  'RUNLOGFILE': 'C:\\slave\\\\runslave.log',
17:02:49     INFO -  'SLAVEDIR': 'C:\\slave\\',
17:02:49     INFO -  'SYSTEMDRIVE': 'C:',
17:02:49     INFO -  'SYSTEMROOT': 'C:\\windows',
17:02:49     INFO -  'TEMP': 'C:\\Users\\CLTBLD~1.001\\AppData\\Local\\Temp',
17:02:49     INFO -  'TEST1': 'testie',
17:02:49     INFO -  'TMP': 'C:\\Users\\CLTBLD~1.001\\AppData\\Local\\Temp',
17:02:49     INFO -  'USERDOMAIN': 'T-W864-IX-030',
17:02:49     INFO -  'USERDOMAIN_ROAMINGPROFILE': 'T-W864-IX-030',
17:02:49     INFO -  'USERNAME': 'cltbld',
17:02:49     INFO -  'USERPROFILE': 'C:\\Users\\cltbld.T-W864-IX-030.001',
17:02:49     INFO -  'WINDIR': 'C:\\windows',
17:02:49     INFO -  'XPCOM_DEBUG_BREAK': 'warn'}
17:02:50     INFO -  Ignoring indexes: https://pypi.python.org/simple
17:02:50     INFO -  Collecting psutil>=3.1.1
17:02:51     INFO -    Downloading http://pypi.pvt.build.mozilla.org/pub/psutil-5.4.3-cp27-none-win32.whl (220kB)
17:02:51     INFO -  Installing collected packages: psutil
17:02:51     INFO -  Successfully installed psutil-5.4.3
17:02:51     INFO - Return code: 0
17:02:51     INFO - Installing mozsystemmonitor==0.3 into virtualenv C:\slave\test\build\venv
17:02:51     INFO - retry: Calling run_command with args: [['C:\\slave\\test\\build\\venv\\Scripts\\pip', 'install', '--timeout', '120', '--no-index', '--find-links', 'http://pypi.pvt.build.mozilla.org/pub', '--find-links', 'http://pypi.pub.build.mozilla.org/pub', '--trusted-host', 'pypi.pub.build.mozilla.org', '--trusted-host', 'pypi.pvt.build.mozilla.org', 'mozsystemmonitor==0.3']], kwargs: {'error_level': 'warning', 'error_list': [{'substr': 'not found or a compiler error:', 'level': 'warning'}, {'regex': <_sre.SRE_Pattern object at 0x022D23A0>, 'level': 'error'}, {'regex': <_sre.SRE_Pattern object at 0x023C3020>, 'level': 'warning'}, {'regex': <_sre.SRE_Pattern object at 0x023F9940>, 'level': 'debug'}, {'substr': 'command not found', 'level': 'error'}, {'regex': <_sre.SRE_Pattern object at 0x02374758>, 'level': 'warning'}, {'substr': 'Traceback (most recent call last)', 'level': 'error'}, {'substr': 'SyntaxError: ', 'level': 'error'}, {'substr': 'TypeError: ', 'level': 'error'}, {'substr': 'NameError: ', 'level': 'error'}, {'substr': 'ZeroDivisionError: ', 'level': 'error'}, {'regex': <_sre.SRE_Pattern object at 0x01DAAB20>, 'level': 'critical'}, {'regex': <_sre.SRE_Pattern object at 0x02393660>, 'level': 'critical'}], 'cwd': 'C:\\slave\\test\\build', 'env': {'TMP': 'C:\\Users\\CLTBLD~1.001\\AppData\\Local\\Temp', 'TEST1': 'testie', 'COMPUTERNAME': 'T-W864-IX-030', 'USERDOMAIN': 'T-W864-IX-030', 'KTS_VERSION': '1.19c', 'PSMODULEPATH': 'C:\\windows\\system32\\WindowsPowerShell\\v1.0\\Modules\\', 'COMMONPROGRAMFILES': 'C:\\Program Files (x86)\\Common Files', 'PROCESSOR_IDENTIFIER': 'Intel64 Family 6 Model 30 Stepping 5, GenuineIntel', 'PROGRAMFILES': 'C:\\Program Files (x86)', 'PROCESSOR_REVISION': '1e05', 'DNSSUFFIX': 'wintest.releng.scl3.mozilla.com', 'SYSTEMROOT': 'C:\\windows', 'NO_EM_RESTART': '1', 'PROGRAMFILES(X86)': 'C:\\Program Files (x86)', 'OURDRIVE': 'C:', 'MOZ_HIDE_RESULTS_TABLE': '1', 'XPCOM_DEBUG_BREAK': 'warn', 'MONDIR': 'C:\\Monitor_config\\', 'TEMP': 'C:\\Users\\CLTBLD~1.001\\AppData\\Local\\Temp', 'COMMONPROGRAMFILES(X86)': 'C:\\Program Files (x86)\\Common Files', 'RUNLOGFILE': 'C:\\slave\\\\runslave.log', 'PROCESSOR_ARCHITECTURE': 'x86', 'ALLUSERSPROFILE': 'C:\\ProgramData', 'USERPROFILE': 'C:\\Users\\cltbld.T-W864-IX-030.001', 'LOCALAPPDATA': 'C:\\Users\\cltbld.T-W864-IX-030.001\\AppData\\Local', 'HOMEPATH': '\\Users\\cltbld.T-W864-IX-030.001', 'USERDOMAIN_ROAMINGPROFILE': 'T-W864-IX-030', 'MOZBUILDDIR': 'C:\\mozilla-build\\', 'PROGRAMW6432': 'C:\\Program Files', 'USERNAME': 'cltbld', 'LOGONSERVER': '\\\\T-W864-IX-030', 'MOZ_NO_REMOTE': '1', 'COMSPEC': 'C:\\windows\\system32\\cmd.exe', 'PROGRAMDATA': 'C:\\ProgramData', 'PROPERTIES_FILE': 'C:\\slave\\test/buildprops.json', 'PATH': 'C:\\Program Files (x86)\\NVIDIA Corporation\\PhysX\\Common;C:\\windows\\system32;C:\\windows;C:\\windows\\System32\\Wbem;C:\\windows\\System32\\WindowsPowerShell\\v1.0\\;C:\\mozilla-build\\python27;C:\\mozilla-build\\python27\\Scripts;C:\\mozilla-build\\msys\\bin;C:\\mozilla-build\\vim\\vim72;C:\\mozilla-build\\wget;C:\\mozilla-build\\info-zip;C:\\CoreUtils\\bin;C:\\mozilla-build\\buildbotve\\scripts;C:\\mozilla-build\\hg', 'PROMPT': '$P$G', 'NO_FAIL_ON_TEST_ERRORS': '1', 'PATHEXT': '.COM;.EXE;.BAT;.CMD;.VBS;.VBE;.JS;.JSE;.WSF;.WSH;.MSC', 'FP_NO_HOST_CHECK': 'NO', 'DCLOCATION': 'SCL3', 'APPDATA': 'C:\\Users\\cltbld.T-W864-IX-030.001\\AppData\\Roaming', 'HOMEDRIVE': 'C:', 'SYSTEMDRIVE': 'C:', 'SLAVEDIR': 'C:\\slave\\', 'NUMBER_OF_PROCESSORS': '8', 'PWD': 'C:\\slave\\test', 'PROCESSOR_LEVEL': '6', 'KTS_HOME': 'C:\\Program Files\\KTS', 'PROCESSOR_ARCHITEW6432': 'AMD64', 'MOZ_CRASHREPORTER_NO_REPORT': '1', 'COMMONPROGRAMW6432': 'C:\\Program Files\\Common Files', 'OS': 'Windows_NT', 'PUBLIC': 'C:\\Users\\Public', 'WINDIR': 'C:\\windows'}}, attempt #1
17:02:51     INFO - Running command: ['C:\\slave\\test\\build\\venv\\Scripts\\pip', 'install', '--timeout', '120', '--no-index', '--find-links', 'http://pypi.pvt.build.mozilla.org/pub', '--find-links', 'http://pypi.pub.build.mozilla.org/pub', '--trusted-host', 'pypi.pub.build.mozilla.org', '--trusted-host', 'pypi.pvt.build.mozilla.org', 'mozsystemmonitor==0.3'] in C:\slave\test\build
17:02:51     INFO - Copy/paste: C:\slave\test\build\venv\Scripts\pip install --timeout 120 --no-index --find-links http://pypi.pvt.build.mozilla.org/pub --find-links http://pypi.pub.build.mozilla.org/pub --trusted-host pypi.pub.build.mozilla.org --trusted-host pypi.pvt.build.mozilla.org mozsystemmonitor==0.3
17:02:51     INFO - Using env: {'ALLUSERSPROFILE': 'C:\\ProgramData',
17:02:51     INFO -  'APPDATA': 'C:\\Users\\cltbld.T-W864-IX-030.001\\AppData\\Roaming',
17:02:51     INFO -  'COMMONPROGRAMFILES': 'C:\\Program Files (x86)\\Common Files',
17:02:51     INFO -  'COMMONPROGRAMFILES(X86)': 'C:\\Program Files (x86)\\Common Files',
17:02:51     INFO -  'COMMONPROGRAMW6432': 'C:\\Program Files\\Common Files',
17:02:51     INFO -  'COMPUTERNAME': 'T-W864-IX-030',
17:02:51     INFO -  'COMSPEC': 'C:\\windows\\system32\\cmd.exe',
17:02:51     INFO -  'DCLOCATION': 'SCL3',
17:02:51     INFO -  'DNSSUFFIX': 'wintest.releng.scl3.mozilla.com',
17:02:51     INFO -  'FP_NO_HOST_CHECK': 'NO',
17:02:51     INFO -  'HOMEDRIVE': 'C:',
17:02:51     INFO -  'HOMEPATH': '\\Users\\cltbld.T-W864-IX-030.001',
17:02:51     INFO -  'KTS_HOME': 'C:\\Program Files\\KTS',
17:02:51     INFO -  'KTS_VERSION': '1.19c',
17:02:51     INFO -  'LOCALAPPDATA': 'C:\\Users\\cltbld.T-W864-IX-030.001\\AppData\\Local',
17:02:51     INFO -  'LOGONSERVER': '\\\\T-W864-IX-030',
17:02:51     INFO -  'MONDIR': 'C:\\Monitor_config\\',
17:02:51     INFO -  'MOZBUILDDIR': 'C:\\mozilla-build\\',
17:02:51     INFO -  'MOZ_CRASHREPORTER_NO_REPORT': '1',
17:02:51     INFO -  'MOZ_HIDE_RESULTS_TABLE': '1',
17:02:51     INFO -  'MOZ_NO_REMOTE': '1',
17:02:51     INFO -  'NO_EM_RESTART': '1',
17:02:51     INFO -  'NO_FAIL_ON_TEST_ERRORS': '1',
17:02:51     INFO -  'NUMBER_OF_PROCESSORS': '8',
17:02:51     INFO -  'OS': 'Windows_NT',
17:02:51     INFO -  'OURDRIVE': 'C:',
17:02:51     INFO -  'PATH': 'C:\\Program Files (x86)\\NVIDIA Corporation\\PhysX\\Common;C:\\windows\\system32;C:\\windows;C:\\windows\\System32\\Wbem;C:\\windows\\System32\\WindowsPowerShell\\v1.0\\;C:\\mozilla-build\\python27;C:\\mozilla-build\\python27\\Scripts;C:\\mozilla-build\\msys\\bin;C:\\mozilla-build\\vim\\vim72;C:\\mozilla-build\\wget;C:\\mozilla-build\\info-zip;C:\\CoreUtils\\bin;C:\\mozilla-build\\buildbotve\\scripts;C:\\mozilla-build\\hg',
17:02:51     INFO -  'PATHEXT': '.COM;.EXE;.BAT;.CMD;.VBS;.VBE;.JS;.JSE;.WSF;.WSH;.MSC',
17:02:51     INFO -  'PROCESSOR_ARCHITECTURE': 'x86',
17:02:51     INFO -  'PROCESSOR_ARCHITEW6432': 'AMD64',
17:02:51     INFO -  'PROCESSOR_IDENTIFIER': 'Intel64 Family 6 Model 30 Stepping 5, GenuineIntel',
17:02:51     INFO -  'PROCESSOR_LEVEL': '6',
17:02:51     INFO -  'PROCESSOR_REVISION': '1e05',
17:02:51     INFO -  'PROGRAMDATA': 'C:\\ProgramData',
17:02:51     INFO -  'PROGRAMFILES': 'C:\\Program Files (x86)',
17:02:51     INFO -  'PROGRAMFILES(X86)': 'C:\\Program Files (x86)',
17:02:51     INFO -  'PROGRAMW6432': 'C:\\Program Files',
17:02:51     INFO -  'PROMPT': '$P$G',
17:02:51     INFO -  'PROPERTIES_FILE': 'C:\\slave\\test/buildprops.json',
17:02:51     INFO -  'PSMODULEPATH': 'C:\\windows\\system32\\WindowsPowerShell\\v1.0\\Modules\\',
17:02:51     INFO -  'PUBLIC': 'C:\\Users\\Public',
17:02:51     INFO -  'PWD': 'C:\\slave\\test',
17:02:51     INFO -  'RUNLOGFILE': 'C:\\slave\\\\runslave.log',
17:02:51     INFO -  'SLAVEDIR': 'C:\\slave\\',
17:02:51     INFO -  'SYSTEMDRIVE': 'C:',
17:02:51     INFO -  'SYSTEMROOT': 'C:\\windows',
17:02:51     INFO -  'TEMP': 'C:\\Users\\CLTBLD~1.001\\AppData\\Local\\Temp',
17:02:51     INFO -  'TEST1': 'testie',
17:02:51     INFO -  'TMP': 'C:\\Users\\CLTBLD~1.001\\AppData\\Local\\Temp',
17:02:51     INFO -  'USERDOMAIN': 'T-W864-IX-030',
17:02:51     INFO -  'USERDOMAIN_ROAMINGPROFILE': 'T-W864-IX-030',
17:02:51     INFO -  'USERNAME': 'cltbld',
17:02:51     INFO -  'USERPROFILE': 'C:\\Users\\cltbld.T-W864-IX-030.001',
17:02:51     INFO -  'WINDIR': 'C:\\windows',
17:02:51     INFO -  'XPCOM_DEBUG_BREAK': 'warn'}
17:02:52     INFO -  Ignoring indexes: https://pypi.python.org/simple
17:02:52     INFO -  Collecting mozsystemmonitor==0.3
17:02:53     INFO -  Requirement already satisfied (use --upgrade to upgrade): psutil>=3.1.1 in c:\slave\test\build\venv\lib\site-packages (from mozsystemmonitor==0.3)
17:02:53     INFO -  Installing collected packages: mozsystemmonitor
17:02:53     INFO -  Successfully installed mozsystemmonitor-0.3
17:02:53     INFO - Return code: 0
17:02:53     INFO - Installing jsonschema==2.5.1 into virtualenv C:\slave\test\build\venv
17:02:53     INFO - retry: Calling run_command with args: [['C:\\slave\\test\\build\\venv\\Scripts\\pip', 'install', '--timeout', '120', '--no-index', '--find-links', 'http://pypi.pvt.build.mozilla.org/pub', '--find-links', 'http://pypi.pub.build.mozilla.org/pub', '--trusted-host', 'pypi.pub.build.mozilla.org', '--trusted-host', 'pypi.pvt.build.mozilla.org', 'jsonschema==2.5.1']], kwargs: {'error_level': 'warning', 'error_list': [{'substr': 'not found or a compiler error:', 'level': 'warning'}, {'regex': <_sre.SRE_Pattern object at 0x022D23A0>, 'level': 'error'}, {'regex': <_sre.SRE_Pattern object at 0x023C3020>, 'level': 'warning'}, {'regex': <_sre.SRE_Pattern object at 0x023F9940>, 'level': 'debug'}, {'substr': 'command not found', 'level': 'error'}, {'regex': <_sre.SRE_Pattern object at 0x02374758>, 'level': 'warning'}, {'substr': 'Traceback (most recent call last)', 'level': 'error'}, {'substr': 'SyntaxError: ', 'level': 'error'}, {'substr': 'TypeError: ', 'level': 'error'}, {'substr': 'NameError: ', 'level': 'error'}, {'substr': 'ZeroDivisionError: ', 'level': 'error'}, {'regex': <_sre.SRE_Pattern object at 0x01DAAB20>, 'level': 'critical'}, {'regex': <_sre.SRE_Pattern object at 0x02393660>, 'level': 'critical'}], 'cwd': 'C:\\slave\\test\\build', 'env': {'TMP': 'C:\\Users\\CLTBLD~1.001\\AppData\\Local\\Temp', 'TEST1': 'testie', 'COMPUTERNAME': 'T-W864-IX-030', 'USERDOMAIN': 'T-W864-IX-030', 'KTS_VERSION': '1.19c', 'PSMODULEPATH': 'C:\\windows\\system32\\WindowsPowerShell\\v1.0\\Modules\\', 'COMMONPROGRAMFILES': 'C:\\Program Files (x86)\\Common Files', 'PROCESSOR_IDENTIFIER': 'Intel64 Family 6 Model 30 Stepping 5, GenuineIntel', 'PROGRAMFILES': 'C:\\Program Files (x86)', 'PROCESSOR_REVISION': '1e05', 'DNSSUFFIX': 'wintest.releng.scl3.mozilla.com', 'SYSTEMROOT': 'C:\\windows', 'NO_EM_RESTART': '1', 'PROGRAMFILES(X86)': 'C:\\Program Files (x86)', 'OURDRIVE': 'C:', 'MOZ_HIDE_RESULTS_TABLE': '1', 'XPCOM_DEBUG_BREAK': 'warn', 'MONDIR': 'C:\\Monitor_config\\', 'TEMP': 'C:\\Users\\CLTBLD~1.001\\AppData\\Local\\Temp', 'COMMONPROGRAMFILES(X86)': 'C:\\Program Files (x86)\\Common Files', 'RUNLOGFILE': 'C:\\slave\\\\runslave.log', 'PROCESSOR_ARCHITECTURE': 'x86', 'ALLUSERSPROFILE': 'C:\\ProgramData', 'USERPROFILE': 'C:\\Users\\cltbld.T-W864-IX-030.001', 'LOCALAPPDATA': 'C:\\Users\\cltbld.T-W864-IX-030.001\\AppData\\Local', 'HOMEPATH': '\\Users\\cltbld.T-W864-IX-030.001', 'USERDOMAIN_ROAMINGPROFILE': 'T-W864-IX-030', 'MOZBUILDDIR': 'C:\\mozilla-build\\', 'PROGRAMW6432': 'C:\\Program Files', 'USERNAME': 'cltbld', 'LOGONSERVER': '\\\\T-W864-IX-030', 'MOZ_NO_REMOTE': '1', 'COMSPEC': 'C:\\windows\\system32\\cmd.exe', 'PROGRAMDATA': 'C:\\ProgramData', 'PROPERTIES_FILE': 'C:\\slave\\test/buildprops.json', 'PATH': 'C:\\Program Files (x86)\\NVIDIA Corporation\\PhysX\\Common;C:\\windows\\system32;C:\\windows;C:\\windows\\System32\\Wbem;C:\\windows\\System32\\WindowsPowerShell\\v1.0\\;C:\\mozilla-build\\python27;C:\\mozilla-build\\python27\\Scripts;C:\\mozilla-build\\msys\\bin;C:\\mozilla-build\\vim\\vim72;C:\\mozilla-build\\wget;C:\\mozilla-build\\info-zip;C:\\CoreUtils\\bin;C:\\mozilla-build\\buildbotve\\scripts;C:\\mozilla-build\\hg', 'PROMPT': '$P$G', 'NO_FAIL_ON_TEST_ERRORS': '1', 'PATHEXT': '.COM;.EXE;.BAT;.CMD;.VBS;.VBE;.JS;.JSE;.WSF;.WSH;.MSC', 'FP_NO_HOST_CHECK': 'NO', 'DCLOCATION': 'SCL3', 'APPDATA': 'C:\\Users\\cltbld.T-W864-IX-030.001\\AppData\\Roaming', 'HOMEDRIVE': 'C:', 'SYSTEMDRIVE': 'C:', 'SLAVEDIR': 'C:\\slave\\', 'NUMBER_OF_PROCESSORS': '8', 'PWD': 'C:\\slave\\test', 'PROCESSOR_LEVEL': '6', 'KTS_HOME': 'C:\\Program Files\\KTS', 'PROCESSOR_ARCHITEW6432': 'AMD64', 'MOZ_CRASHREPORTER_NO_REPORT': '1', 'COMMONPROGRAMW6432': 'C:\\Program Files\\Common Files', 'OS': 'Windows_NT', 'PUBLIC': 'C:\\Users\\Public', 'WINDIR': 'C:\\windows'}}, attempt #1
17:02:53     INFO - Running command: ['C:\\slave\\test\\build\\venv\\Scripts\\pip', 'install', '--timeout', '120', '--no-index', '--find-links', 'http://pypi.pvt.build.mozilla.org/pub', '--find-links', 'http://pypi.pub.build.mozilla.org/pub', '--trusted-host', 'pypi.pub.build.mozilla.org', '--trusted-host', 'pypi.pvt.build.mozilla.org', 'jsonschema==2.5.1'] in C:\slave\test\build
17:02:53     INFO - Copy/paste: C:\slave\test\build\venv\Scripts\pip install --timeout 120 --no-index --find-links http://pypi.pvt.build.mozilla.org/pub --find-links http://pypi.pub.build.mozilla.org/pub --trusted-host pypi.pub.build.mozilla.org --trusted-host pypi.pvt.build.mozilla.org jsonschema==2.5.1
17:02:53     INFO - Using env: {'ALLUSERSPROFILE': 'C:\\ProgramData',
17:02:53     INFO -  'APPDATA': 'C:\\Users\\cltbld.T-W864-IX-030.001\\AppData\\Roaming',
17:02:53     INFO -  'COMMONPROGRAMFILES': 'C:\\Program Files (x86)\\Common Files',
17:02:53     INFO -  'COMMONPROGRAMFILES(X86)': 'C:\\Program Files (x86)\\Common Files',
17:02:53     INFO -  'COMMONPROGRAMW6432': 'C:\\Program Files\\Common Files',
17:02:53     INFO -  'COMPUTERNAME': 'T-W864-IX-030',
17:02:53     INFO -  'COMSPEC': 'C:\\windows\\system32\\cmd.exe',
17:02:53     INFO -  'DCLOCATION': 'SCL3',
17:02:53     INFO -  'DNSSUFFIX': 'wintest.releng.scl3.mozilla.com',
17:02:53     INFO -  'FP_NO_HOST_CHECK': 'NO',
17:02:53     INFO -  'HOMEDRIVE': 'C:',
17:02:53     INFO -  'HOMEPATH': '\\Users\\cltbld.T-W864-IX-030.001',
17:02:53     INFO -  'KTS_HOME': 'C:\\Program Files\\KTS',
17:02:53     INFO -  'KTS_VERSION': '1.19c',
17:02:53     INFO -  'LOCALAPPDATA': 'C:\\Users\\cltbld.T-W864-IX-030.001\\AppData\\Local',
17:02:53     INFO -  'LOGONSERVER': '\\\\T-W864-IX-030',
17:02:53     INFO -  'MONDIR': 'C:\\Monitor_config\\',
17:02:53     INFO -  'MOZBUILDDIR': 'C:\\mozilla-build\\',
17:02:53     INFO -  'MOZ_CRASHREPORTER_NO_REPORT': '1',
17:02:53     INFO -  'MOZ_HIDE_RESULTS_TABLE': '1',
17:02:53     INFO -  'MOZ_NO_REMOTE': '1',
17:02:53     INFO -  'NO_EM_RESTART': '1',
17:02:53     INFO -  'NO_FAIL_ON_TEST_ERRORS': '1',
17:02:53     INFO -  'NUMBER_OF_PROCESSORS': '8',
17:02:53     INFO -  'OS': 'Windows_NT',
17:02:53     INFO -  'OURDRIVE': 'C:',
17:02:53     INFO -  'PATH': 'C:\\Program Files (x86)\\NVIDIA Corporation\\PhysX\\Common;C:\\windows\\system32;C:\\windows;C:\\windows\\System32\\Wbem;C:\\windows\\System32\\WindowsPowerShell\\v1.0\\;C:\\mozilla-build\\python27;C:\\mozilla-build\\python27\\Scripts;C:\\mozilla-build\\msys\\bin;C:\\mozilla-build\\vim\\vim72;C:\\mozilla-build\\wget;C:\\mozilla-build\\info-zip;C:\\CoreUtils\\bin;C:\\mozilla-build\\buildbotve\\scripts;C:\\mozilla-build\\hg',
17:02:53     INFO -  'PATHEXT': '.COM;.EXE;.BAT;.CMD;.VBS;.VBE;.JS;.JSE;.WSF;.WSH;.MSC',
17:02:53     INFO -  'PROCESSOR_ARCHITECTURE': 'x86',
17:02:53     INFO -  'PROCESSOR_ARCHITEW6432': 'AMD64',
17:02:53     INFO -  'PROCESSOR_IDENTIFIER': 'Intel64 Family 6 Model 30 Stepping 5, GenuineIntel',
17:02:53     INFO -  'PROCESSOR_LEVEL': '6',
17:02:53     INFO -  'PROCESSOR_REVISION': '1e05',
17:02:53     INFO -  'PROGRAMDATA': 'C:\\ProgramData',
17:02:53     INFO -  'PROGRAMFILES': 'C:\\Program Files (x86)',
17:02:53     INFO -  'PROGRAMFILES(X86)': 'C:\\Program Files (x86)',
17:02:53     INFO -  'PROGRAMW6432': 'C:\\Program Files',
17:02:53     INFO -  'PROMPT': '$P$G',
17:02:53     INFO -  'PROPERTIES_FILE': 'C:\\slave\\test/buildprops.json',
17:02:53     INFO -  'PSMODULEPATH': 'C:\\windows\\system32\\WindowsPowerShell\\v1.0\\Modules\\',
17:02:53     INFO -  'PUBLIC': 'C:\\Users\\Public',
17:02:53     INFO -  'PWD': 'C:\\slave\\test',
17:02:53     INFO -  'RUNLOGFILE': 'C:\\slave\\\\runslave.log',
17:02:53     INFO -  'SLAVEDIR': 'C:\\slave\\',
17:02:53     INFO -  'SYSTEMDRIVE': 'C:',
17:02:53     INFO -  'SYSTEMROOT': 'C:\\windows',
17:02:53     INFO -  'TEMP': 'C:\\Users\\CLTBLD~1.001\\AppData\\Local\\Temp',
17:02:53     INFO -  'TEST1': 'testie',
17:02:53     INFO -  'TMP': 'C:\\Users\\CLTBLD~1.001\\AppData\\Local\\Temp',
17:02:53     INFO -  'USERDOMAIN': 'T-W864-IX-030',
17:02:53     INFO -  'USERDOMAIN_ROAMINGPROFILE': 'T-W864-IX-030',
17:02:53     INFO -  'USERNAME': 'cltbld',
17:02:53     INFO -  'USERPROFILE': 'C:\\Users\\cltbld.T-W864-IX-030.001',
17:02:53     INFO -  'WINDIR': 'C:\\windows',
17:02:53     INFO -  'XPCOM_DEBUG_BREAK': 'warn'}
17:02:53     INFO -  Ignoring indexes: https://pypi.python.org/simple
17:02:53     INFO -  Collecting jsonschema==2.5.1
17:02:55     INFO -    Downloading http://pypi.pvt.build.mozilla.org/pub/jsonschema-2.5.1-py2.py3-none-any.whl
17:02:55     INFO -  Collecting functools32; python_version == "2.7" (from jsonschema==2.5.1)
17:02:56     INFO -  Installing collected packages: functools32, jsonschema
17:02:56     INFO -  Successfully installed functools32-3.2.3.post2 jsonschema-2.5.1
17:02:56     INFO - Return code: 0
17:02:56     INFO - Installing functools32==3.2.3-2 into virtualenv C:\slave\test\build\venv
17:02:56     INFO - retry: Calling run_command with args: [['C:\\slave\\test\\build\\venv\\Scripts\\pip', 'install', '--timeout', '120', '--no-index', '--find-links', 'http://pypi.pvt.build.mozilla.org/pub', '--find-links', 'http://pypi.pub.build.mozilla.org/pub', '--trusted-host', 'pypi.pub.build.mozilla.org', '--trusted-host', 'pypi.pvt.build.mozilla.org', 'functools32==3.2.3-2']], kwargs: {'error_level': 'warning', 'error_list': [{'substr': 'not found or a compiler error:', 'level': 'warning'}, {'regex': <_sre.SRE_Pattern object at 0x022D23A0>, 'level': 'error'}, {'regex': <_sre.SRE_Pattern object at 0x023C3020>, 'level': 'warning'}, {'regex': <_sre.SRE_Pattern object at 0x023F9940>, 'level': 'debug'}, {'substr': 'command not found', 'level': 'error'}, {'regex': <_sre.SRE_Pattern object at 0x02374758>, 'level': 'warning'}, {'substr': 'Traceback (most recent call last)', 'level': 'error'}, {'substr': 'SyntaxError: ', 'level': 'error'}, {'substr': 'TypeError: ', 'level': 'error'}, {'substr': 'NameError: ', 'level': 'error'}, {'substr': 'ZeroDivisionError: ', 'level': 'error'}, {'regex': <_sre.SRE_Pattern object at 0x01DAAB20>, 'level': 'critical'}, {'regex': <_sre.SRE_Pattern object at 0x02393660>, 'level': 'critical'}], 'cwd': 'C:\\slave\\test\\build', 'env': {'TMP': 'C:\\Users\\CLTBLD~1.001\\AppData\\Local\\Temp', 'TEST1': 'testie', 'COMPUTERNAME': 'T-W864-IX-030', 'USERDOMAIN': 'T-W864-IX-030', 'KTS_VERSION': '1.19c', 'PSMODULEPATH': 'C:\\windows\\system32\\WindowsPowerShell\\v1.0\\Modules\\', 'COMMONPROGRAMFILES': 'C:\\Program Files (x86)\\Common Files', 'PROCESSOR_IDENTIFIER': 'Intel64 Family 6 Model 30 Stepping 5, GenuineIntel', 'PROGRAMFILES': 'C:\\Program Files (x86)', 'PROCESSOR_REVISION': '1e05', 'DNSSUFFIX': 'wintest.releng.scl3.mozilla.com', 'SYSTEMROOT': 'C:\\windows', 'NO_EM_RESTART': '1', 'PROGRAMFILES(X86)': 'C:\\Program Files (x86)', 'OURDRIVE': 'C:', 'MOZ_HIDE_RESULTS_TABLE': '1', 'XPCOM_DEBUG_BREAK': 'warn', 'MONDIR': 'C:\\Monitor_config\\', 'TEMP': 'C:\\Users\\CLTBLD~1.001\\AppData\\Local\\Temp', 'COMMONPROGRAMFILES(X86)': 'C:\\Program Files (x86)\\Common Files', 'RUNLOGFILE': 'C:\\slave\\\\runslave.log', 'PROCESSOR_ARCHITECTURE': 'x86', 'ALLUSERSPROFILE': 'C:\\ProgramData', 'USERPROFILE': 'C:\\Users\\cltbld.T-W864-IX-030.001', 'LOCALAPPDATA': 'C:\\Users\\cltbld.T-W864-IX-030.001\\AppData\\Local', 'HOMEPATH': '\\Users\\cltbld.T-W864-IX-030.001', 'USERDOMAIN_ROAMINGPROFILE': 'T-W864-IX-030', 'MOZBUILDDIR': 'C:\\mozilla-build\\', 'PROGRAMW6432': 'C:\\Program Files', 'USERNAME': 'cltbld', 'LOGONSERVER': '\\\\T-W864-IX-030', 'MOZ_NO_REMOTE': '1', 'COMSPEC': 'C:\\windows\\system32\\cmd.exe', 'PROGRAMDATA': 'C:\\ProgramData', 'PROPERTIES_FILE': 'C:\\slave\\test/buildprops.json', 'PATH': 'C:\\Program Files (x86)\\NVIDIA Corporation\\PhysX\\Common;C:\\windows\\system32;C:\\windows;C:\\windows\\System32\\Wbem;C:\\windows\\System32\\WindowsPowerShell\\v1.0\\;C:\\mozilla-build\\python27;C:\\mozilla-build\\python27\\Scripts;C:\\mozilla-build\\msys\\bin;C:\\mozilla-build\\vim\\vim72;C:\\mozilla-build\\wget;C:\\mozilla-build\\info-zip;C:\\CoreUtils\\bin;C:\\mozilla-build\\buildbotve\\scripts;C:\\mozilla-build\\hg', 'PROMPT': '$P$G', 'NO_FAIL_ON_TEST_ERRORS': '1', 'PATHEXT': '.COM;.EXE;.BAT;.CMD;.VBS;.VBE;.JS;.JSE;.WSF;.WSH;.MSC', 'FP_NO_HOST_CHECK': 'NO', 'DCLOCATION': 'SCL3', 'APPDATA': 'C:\\Users\\cltbld.T-W864-IX-030.001\\AppData\\Roaming', 'HOMEDRIVE': 'C:', 'SYSTEMDRIVE': 'C:', 'SLAVEDIR': 'C:\\slave\\', 'NUMBER_OF_PROCESSORS': '8', 'PWD': 'C:\\slave\\test', 'PROCESSOR_LEVEL': '6', 'KTS_HOME': 'C:\\Program Files\\KTS', 'PROCESSOR_ARCHITEW6432': 'AMD64', 'MOZ_CRASHREPORTER_NO_REPORT': '1', 'COMMONPROGRAMW6432': 'C:\\Program Files\\Common Files', 'OS': 'Windows_NT', 'PUBLIC': 'C:\\Users\\Public', 'WINDIR': 'C:\\windows'}}, attempt #1
17:02:56     INFO - Running command: ['C:\\slave\\test\\build\\venv\\Scripts\\pip', 'install', '--timeout', '120', '--no-index', '--find-links', 'http://pypi.pvt.build.mozilla.org/pub', '--find-links', 'http://pypi.pub.build.mozilla.org/pub', '--trusted-host', 'pypi.pub.build.mozilla.org', '--trusted-host', 'pypi.pvt.build.mozilla.org', 'functools32==3.2.3-2'] in C:\slave\test\build
17:02:56     INFO - Copy/paste: C:\slave\test\build\venv\Scripts\pip install --timeout 120 --no-index --find-links http://pypi.pvt.build.mozilla.org/pub --find-links http://pypi.pub.build.mozilla.org/pub --trusted-host pypi.pub.build.mozilla.org --trusted-host pypi.pvt.build.mozilla.org functools32==3.2.3-2
17:02:56     INFO - Using env: {'ALLUSERSPROFILE': 'C:\\ProgramData',
17:02:56     INFO -  'APPDATA': 'C:\\Users\\cltbld.T-W864-IX-030.001\\AppData\\Roaming',
17:02:56     INFO -  'COMMONPROGRAMFILES': 'C:\\Program Files (x86)\\Common Files',
17:02:56     INFO -  'COMMONPROGRAMFILES(X86)': 'C:\\Program Files (x86)\\Common Files',
17:02:56     INFO -  'COMMONPROGRAMW6432': 'C:\\Program Files\\Common Files',
17:02:56     INFO -  'COMPUTERNAME': 'T-W864-IX-030',
17:02:56     INFO -  'COMSPEC': 'C:\\windows\\system32\\cmd.exe',
17:02:56     INFO -  'DCLOCATION': 'SCL3',
17:02:56     INFO -  'DNSSUFFIX': 'wintest.releng.scl3.mozilla.com',
17:02:56     INFO -  'FP_NO_HOST_CHECK': 'NO',
17:02:56     INFO -  'HOMEDRIVE': 'C:',
17:02:56     INFO -  'HOMEPATH': '\\Users\\cltbld.T-W864-IX-030.001',
17:02:56     INFO -  'KTS_HOME': 'C:\\Program Files\\KTS',
17:02:56     INFO -  'KTS_VERSION': '1.19c',
17:02:56     INFO -  'LOCALAPPDATA': 'C:\\Users\\cltbld.T-W864-IX-030.001\\AppData\\Local',
17:02:56     INFO -  'LOGONSERVER': '\\\\T-W864-IX-030',
17:02:56     INFO -  'MONDIR': 'C:\\Monitor_config\\',
17:02:56     INFO -  'MOZBUILDDIR': 'C:\\mozilla-build\\',
17:02:56     INFO -  'MOZ_CRASHREPORTER_NO_REPORT': '1',
17:02:56     INFO -  'MOZ_HIDE_RESULTS_TABLE': '1',
17:02:56     INFO -  'MOZ_NO_REMOTE': '1',
17:02:56     INFO -  'NO_EM_RESTART': '1',
17:02:56     INFO -  'NO_FAIL_ON_TEST_ERRORS': '1',
17:02:56     INFO -  'NUMBER_OF_PROCESSORS': '8',
17:02:56     INFO -  'OS': 'Windows_NT',
17:02:56     INFO -  'OURDRIVE': 'C:',
17:02:56     INFO -  'PATH': 'C:\\Program Files (x86)\\NVIDIA Corporation\\PhysX\\Common;C:\\windows\\system32;C:\\windows;C:\\windows\\System32\\Wbem;C:\\windows\\System32\\WindowsPowerShell\\v1.0\\;C:\\mozilla-build\\python27;C:\\mozilla-build\\python27\\Scripts;C:\\mozilla-build\\msys\\bin;C:\\mozilla-build\\vim\\vim72;C:\\mozilla-build\\wget;C:\\mozilla-build\\info-zip;C:\\CoreUtils\\bin;C:\\mozilla-build\\buildbotve\\scripts;C:\\mozilla-build\\hg',
17:02:56     INFO -  'PATHEXT': '.COM;.EXE;.BAT;.CMD;.VBS;.VBE;.JS;.JSE;.WSF;.WSH;.MSC',
17:02:56     INFO -  'PROCESSOR_ARCHITECTURE': 'x86',
17:02:56     INFO -  'PROCESSOR_ARCHITEW6432': 'AMD64',
17:02:56     INFO -  'PROCESSOR_IDENTIFIER': 'Intel64 Family 6 Model 30 Stepping 5, GenuineIntel',
17:02:56     INFO -  'PROCESSOR_LEVEL': '6',
17:02:56     INFO -  'PROCESSOR_REVISION': '1e05',
17:02:56     INFO -  'PROGRAMDATA': 'C:\\ProgramData',
17:02:56     INFO -  'PROGRAMFILES': 'C:\\Program Files (x86)',
17:02:56     INFO -  'PROGRAMFILES(X86)': 'C:\\Program Files (x86)',
17:02:56     INFO -  'PROGRAMW6432': 'C:\\Program Files',
17:02:56     INFO -  'PROMPT': '$P$G',
17:02:56     INFO -  'PROPERTIES_FILE': 'C:\\slave\\test/buildprops.json',
17:02:56     INFO -  'PSMODULEPATH': 'C:\\windows\\system32\\WindowsPowerShell\\v1.0\\Modules\\',
17:02:56     INFO -  'PUBLIC': 'C:\\Users\\Public',
17:02:56     INFO -  'PWD': 'C:\\slave\\test',
17:02:56     INFO -  'RUNLOGFILE': 'C:\\slave\\\\runslave.log',
17:02:56     INFO -  'SLAVEDIR': 'C:\\slave\\',
17:02:56     INFO -  'SYSTEMDRIVE': 'C:',
17:02:56     INFO -  'SYSTEMROOT': 'C:\\windows',
17:02:56     INFO -  'TEMP': 'C:\\Users\\CLTBLD~1.001\\AppData\\Local\\Temp',
17:02:56     INFO -  'TEST1': 'testie',
17:02:56     INFO -  'TMP': 'C:\\Users\\CLTBLD~1.001\\AppData\\Local\\Temp',
17:02:56     INFO -  'USERDOMAIN': 'T-W864-IX-030',
17:02:56     INFO -  'USERDOMAIN_ROAMINGPROFILE': 'T-W864-IX-030',
17:02:56     INFO -  'USERNAME': 'cltbld',
17:02:56     INFO -  'USERPROFILE': 'C:\\Users\\cltbld.T-W864-IX-030.001',
17:02:56     INFO -  'WINDIR': 'C:\\windows',
17:02:56     INFO -  'XPCOM_DEBUG_BREAK': 'warn'}
17:02:57     INFO -  Ignoring indexes: https://pypi.python.org/simple
17:02:57     INFO -  Requirement already satisfied (use --upgrade to upgrade): functools32==3.2.3-2 in c:\slave\test\build\venv\lib\site-packages
17:02:57     INFO - Return code: 0
17:02:57     INFO - Installing blobuploader==1.2.4 into virtualenv C:\slave\test\build\venv
17:02:57     INFO - retry: Calling run_command with args: [['C:\\slave\\test\\build\\venv\\Scripts\\pip', 'install', '--timeout', '120', '--no-index', '--find-links', 'http://pypi.pvt.build.mozilla.org/pub', '--find-links', 'http://pypi.pub.build.mozilla.org/pub', '--trusted-host', 'pypi.pub.build.mozilla.org', '--trusted-host', 'pypi.pvt.build.mozilla.org', 'blobuploader==1.2.4']], kwargs: {'error_level': 'warning', 'error_list': [{'substr': 'not found or a compiler error:', 'level': 'warning'}, {'regex': <_sre.SRE_Pattern object at 0x022D23A0>, 'level': 'error'}, {'regex': <_sre.SRE_Pattern object at 0x023C3020>, 'level': 'warning'}, {'regex': <_sre.SRE_Pattern object at 0x023F9940>, 'level': 'debug'}, {'substr': 'command not found', 'level': 'error'}, {'regex': <_sre.SRE_Pattern object at 0x02374758>, 'level': 'warning'}, {'substr': 'Traceback (most recent call last)', 'level': 'error'}, {'substr': 'SyntaxError: ', 'level': 'error'}, {'substr': 'TypeError: ', 'level': 'error'}, {'substr': 'NameError: ', 'level': 'error'}, {'substr': 'ZeroDivisionError: ', 'level': 'error'}, {'regex': <_sre.SRE_Pattern object at 0x01DAAB20>, 'level': 'critical'}, {'regex': <_sre.SRE_Pattern object at 0x02393660>, 'level': 'critical'}], 'cwd': 'C:\\slave\\test\\build', 'env': {'TMP': 'C:\\Users\\CLTBLD~1.001\\AppData\\Local\\Temp', 'TEST1': 'testie', 'COMPUTERNAME': 'T-W864-IX-030', 'USERDOMAIN': 'T-W864-IX-030', 'KTS_VERSION': '1.19c', 'PSMODULEPATH': 'C:\\windows\\system32\\WindowsPowerShell\\v1.0\\Modules\\', 'COMMONPROGRAMFILES': 'C:\\Program Files (x86)\\Common Files', 'PROCESSOR_IDENTIFIER': 'Intel64 Family 6 Model 30 Stepping 5, GenuineIntel', 'PROGRAMFILES': 'C:\\Program Files (x86)', 'PROCESSOR_REVISION': '1e05', 'DNSSUFFIX': 'wintest.releng.scl3.mozilla.com', 'SYSTEMROOT': 'C:\\windows', 'NO_EM_RESTART': '1', 'PROGRAMFILES(X86)': 'C:\\Program Files (x86)', 'OURDRIVE': 'C:', 'MOZ_HIDE_RESULTS_TABLE': '1', 'XPCOM_DEBUG_BREAK': 'warn', 'MONDIR': 'C:\\Monitor_config\\', 'TEMP': 'C:\\Users\\CLTBLD~1.001\\AppData\\Local\\Temp', 'COMMONPROGRAMFILES(X86)': 'C:\\Program Files (x86)\\Common Files', 'RUNLOGFILE': 'C:\\slave\\\\runslave.log', 'PROCESSOR_ARCHITECTURE': 'x86', 'ALLUSERSPROFILE': 'C:\\ProgramData', 'USERPROFILE': 'C:\\Users\\cltbld.T-W864-IX-030.001', 'LOCALAPPDATA': 'C:\\Users\\cltbld.T-W864-IX-030.001\\AppData\\Local', 'HOMEPATH': '\\Users\\cltbld.T-W864-IX-030.001', 'USERDOMAIN_ROAMINGPROFILE': 'T-W864-IX-030', 'MOZBUILDDIR': 'C:\\mozilla-build\\', 'PROGRAMW6432': 'C:\\Program Files', 'USERNAME': 'cltbld', 'LOGONSERVER': '\\\\T-W864-IX-030', 'MOZ_NO_REMOTE': '1', 'COMSPEC': 'C:\\windows\\system32\\cmd.exe', 'PROGRAMDATA': 'C:\\ProgramData', 'PROPERTIES_FILE': 'C:\\slave\\test/buildprops.json', 'PATH': 'C:\\Program Files (x86)\\NVIDIA Corporation\\PhysX\\Common;C:\\windows\\system32;C:\\windows;C:\\windows\\System32\\Wbem;C:\\windows\\System32\\WindowsPowerShell\\v1.0\\;C:\\mozilla-build\\python27;C:\\mozilla-build\\python27\\Scripts;C:\\mozilla-build\\msys\\bin;C:\\mozilla-build\\vim\\vim72;C:\\mozilla-build\\wget;C:\\mozilla-build\\info-zip;C:\\CoreUtils\\bin;C:\\mozilla-build\\buildbotve\\scripts;C:\\mozilla-build\\hg', 'PROMPT': '$P$G', 'NO_FAIL_ON_TEST_ERRORS': '1', 'PATHEXT': '.COM;.EXE;.BAT;.CMD;.VBS;.VBE;.JS;.JSE;.WSF;.WSH;.MSC', 'FP_NO_HOST_CHECK': 'NO', 'DCLOCATION': 'SCL3', 'APPDATA': 'C:\\Users\\cltbld.T-W864-IX-030.001\\AppData\\Roaming', 'HOMEDRIVE': 'C:', 'SYSTEMDRIVE': 'C:', 'SLAVEDIR': 'C:\\slave\\', 'NUMBER_OF_PROCESSORS': '8', 'PWD': 'C:\\slave\\test', 'PROCESSOR_LEVEL': '6', 'KTS_HOME': 'C:\\Program Files\\KTS', 'PROCESSOR_ARCHITEW6432': 'AMD64', 'MOZ_CRASHREPORTER_NO_REPORT': '1', 'COMMONPROGRAMW6432': 'C:\\Program Files\\Common Files', 'OS': 'Windows_NT', 'PUBLIC': 'C:\\Users\\Public', 'WINDIR': 'C:\\windows'}}, attempt #1
17:02:57     INFO - Running command: ['C:\\slave\\test\\build\\venv\\Scripts\\pip', 'install', '--timeout', '120', '--no-index', '--find-links', 'http://pypi.pvt.build.mozilla.org/pub', '--find-links', 'http://pypi.pub.build.mozilla.org/pub', '--trusted-host', 'pypi.pub.build.mozilla.org', '--trusted-host', 'pypi.pvt.build.mozilla.org', 'blobuploader==1.2.4'] in C:\slave\test\build
17:02:57     INFO - Copy/paste: C:\slave\test\build\venv\Scripts\pip install --timeout 120 --no-index --find-links http://pypi.pvt.build.mozilla.org/pub --find-links http://pypi.pub.build.mozilla.org/pub --trusted-host pypi.pub.build.mozilla.org --trusted-host pypi.pvt.build.mozilla.org blobuploader==1.2.4
17:02:57     INFO - Using env: {'ALLUSERSPROFILE': 'C:\\ProgramData',
17:02:57     INFO -  'APPDATA': 'C:\\Users\\cltbld.T-W864-IX-030.001\\AppData\\Roaming',
17:02:57     INFO -  'COMMONPROGRAMFILES': 'C:\\Program Files (x86)\\Common Files',
17:02:57     INFO -  'COMMONPROGRAMFILES(X86)': 'C:\\Program Files (x86)\\Common Files',
17:02:57     INFO -  'COMMONPROGRAMW6432': 'C:\\Program Files\\Common Files',
17:02:57     INFO -  'COMPUTERNAME': 'T-W864-IX-030',
17:02:57     INFO -  'COMSPEC': 'C:\\windows\\system32\\cmd.exe',
17:02:57     INFO -  'DCLOCATION': 'SCL3',
17:02:57     INFO -  'DNSSUFFIX': 'wintest.releng.scl3.mozilla.com',
17:02:57     INFO -  'FP_NO_HOST_CHECK': 'NO',
17:02:57     INFO -  'HOMEDRIVE': 'C:',
17:02:57     INFO -  'HOMEPATH': '\\Users\\cltbld.T-W864-IX-030.001',
17:02:57     INFO -  'KTS_HOME': 'C:\\Program Files\\KTS',
17:02:57     INFO -  'KTS_VERSION': '1.19c',
17:02:57     INFO -  'LOCALAPPDATA': 'C:\\Users\\cltbld.T-W864-IX-030.001\\AppData\\Local',
17:02:57     INFO -  'LOGONSERVER': '\\\\T-W864-IX-030',
17:02:57     INFO -  'MONDIR': 'C:\\Monitor_config\\',
17:02:57     INFO -  'MOZBUILDDIR': 'C:\\mozilla-build\\',
17:02:57     INFO -  'MOZ_CRASHREPORTER_NO_REPORT': '1',
17:02:57     INFO -  'MOZ_HIDE_RESULTS_TABLE': '1',
17:02:57     INFO -  'MOZ_NO_REMOTE': '1',
17:02:57     INFO -  'NO_EM_RESTART': '1',
17:02:57     INFO -  'NO_FAIL_ON_TEST_ERRORS': '1',
17:02:57     INFO -  'NUMBER_OF_PROCESSORS': '8',
17:02:57     INFO -  'OS': 'Windows_NT',
17:02:57     INFO -  'OURDRIVE': 'C:',
17:02:57     INFO -  'PATH': 'C:\\Program Files (x86)\\NVIDIA Corporation\\PhysX\\Common;C:\\windows\\system32;C:\\windows;C:\\windows\\System32\\Wbem;C:\\windows\\System32\\WindowsPowerShell\\v1.0\\;C:\\mozilla-build\\python27;C:\\mozilla-build\\python27\\Scripts;C:\\mozilla-build\\msys\\bin;C:\\mozilla-build\\vim\\vim72;C:\\mozilla-build\\wget;C:\\mozilla-build\\info-zip;C:\\CoreUtils\\bin;C:\\mozilla-build\\buildbotve\\scripts;C:\\mozilla-build\\hg',
17:02:57     INFO -  'PATHEXT': '.COM;.EXE;.BAT;.CMD;.VBS;.VBE;.JS;.JSE;.WSF;.WSH;.MSC',
17:02:57     INFO -  'PROCESSOR_ARCHITECTURE': 'x86',
17:02:57     INFO -  'PROCESSOR_ARCHITEW6432': 'AMD64',
17:02:57     INFO -  'PROCESSOR_IDENTIFIER': 'Intel64 Family 6 Model 30 Stepping 5, GenuineIntel',
17:02:57     INFO -  'PROCESSOR_LEVEL': '6',
17:02:57     INFO -  'PROCESSOR_REVISION': '1e05',
17:02:57     INFO -  'PROGRAMDATA': 'C:\\ProgramData',
17:02:57     INFO -  'PROGRAMFILES': 'C:\\Program Files (x86)',
17:02:57     INFO -  'PROGRAMFILES(X86)': 'C:\\Program Files (x86)',
17:02:57     INFO -  'PROGRAMW6432': 'C:\\Program Files',
17:02:57     INFO -  'PROMPT': '$P$G',
17:02:57     INFO -  'PROPERTIES_FILE': 'C:\\slave\\test/buildprops.json',
17:02:57     INFO -  'PSMODULEPATH': 'C:\\windows\\system32\\WindowsPowerShell\\v1.0\\Modules\\',
17:02:57     INFO -  'PUBLIC': 'C:\\Users\\Public',
17:02:57     INFO -  'PWD': 'C:\\slave\\test',
17:02:57     INFO -  'RUNLOGFILE': 'C:\\slave\\\\runslave.log',
17:02:57     INFO -  'SLAVEDIR': 'C:\\slave\\',
17:02:57     INFO -  'SYSTEMDRIVE': 'C:',
17:02:57     INFO -  'SYSTEMROOT': 'C:\\windows',
17:02:57     INFO -  'TEMP': 'C:\\Users\\CLTBLD~1.001\\AppData\\Local\\Temp',
17:02:57     INFO -  'TEST1': 'testie',
17:02:57     INFO -  'TMP': 'C:\\Users\\CLTBLD~1.001\\AppData\\Local\\Temp',
17:02:57     INFO -  'USERDOMAIN': 'T-W864-IX-030',
17:02:57     INFO -  'USERDOMAIN_ROAMINGPROFILE': 'T-W864-IX-030',
17:02:57     INFO -  'USERNAME': 'cltbld',
17:02:57     INFO -  'USERPROFILE': 'C:\\Users\\cltbld.T-W864-IX-030.001',
17:02:57     INFO -  'WINDIR': 'C:\\windows',
17:02:57     INFO -  'XPCOM_DEBUG_BREAK': 'warn'}
17:02:57     INFO -  Ignoring indexes: https://pypi.python.org/simple
17:02:57     INFO -  Collecting blobuploader==1.2.4
17:02:58     INFO -  Collecting docopt==0.6.1 (from blobuploader==1.2.4)
17:02:59     INFO -  Collecting requests==1.2.3. (from blobuploader==1.2.4)
17:03:01     INFO -  Installing collected packages: docopt, requests, blobuploader
17:03:01     INFO -  Successfully installed blobuploader-1.2.4 docopt-0.6.1 requests-1.2.3
17:03:02     INFO - Return code: 0
17:03:02     INFO - Installing None into virtualenv C:\slave\test\build\venv
17:03:02     INFO - retry: Calling run_command with args: [['C:\\slave\\test\\build\\venv\\Scripts\\pip', 'install', '--no-deps', '--timeout', '120', '-r', 'C:\\slave\\test\\build\\tests\\config\\mozbase_requirements.txt', '--no-index', '--find-links', 'http://pypi.pvt.build.mozilla.org/pub', '--find-links', 'http://pypi.pub.build.mozilla.org/pub', '--trusted-host', 'pypi.pub.build.mozilla.org', '--trusted-host', 'pypi.pvt.build.mozilla.org']], kwargs: {'error_level': 'warning', 'error_list': [{'substr': 'not found or a compiler error:', 'level': 'warning'}, {'regex': <_sre.SRE_Pattern object at 0x022D23A0>, 'level': 'error'}, {'regex': <_sre.SRE_Pattern object at 0x023C3020>, 'level': 'warning'}, {'regex': <_sre.SRE_Pattern object at 0x023F9940>, 'level': 'debug'}, {'substr': 'command not found', 'level': 'error'}, {'regex': <_sre.SRE_Pattern object at 0x02374758>, 'level': 'warning'}, {'substr': 'Traceback (most recent call last)', 'level': 'error'}, {'substr': 'SyntaxError: ', 'level': 'error'}, {'substr': 'TypeError: ', 'level': 'error'}, {'substr': 'NameError: ', 'level': 'error'}, {'substr': 'ZeroDivisionError: ', 'level': 'error'}, {'regex': <_sre.SRE_Pattern object at 0x01DAAB20>, 'level': 'critical'}, {'regex': <_sre.SRE_Pattern object at 0x02393660>, 'level': 'critical'}], 'cwd': 'C:\\slave\\test\\build\\tests\\config', 'env': {'TMP': 'C:\\Users\\CLTBLD~1.001\\AppData\\Local\\Temp', 'TEST1': 'testie', 'COMPUTERNAME': 'T-W864-IX-030', 'USERDOMAIN': 'T-W864-IX-030', 'KTS_VERSION': '1.19c', 'PSMODULEPATH': 'C:\\windows\\system32\\WindowsPowerShell\\v1.0\\Modules\\', 'COMMONPROGRAMFILES': 'C:\\Program Files (x86)\\Common Files', 'PROCESSOR_IDENTIFIER': 'Intel64 Family 6 Model 30 Stepping 5, GenuineIntel', 'PROGRAMFILES': 'C:\\Program Files (x86)', 'PROCESSOR_REVISION': '1e05', 'DNSSUFFIX': 'wintest.releng.scl3.mozilla.com', 'SYSTEMROOT': 'C:\\windows', 'NO_EM_RESTART': '1', 'PROGRAMFILES(X86)': 'C:\\Program Files (x86)', 'OURDRIVE': 'C:', 'MOZ_HIDE_RESULTS_TABLE': '1', 'XPCOM_DEBUG_BREAK': 'warn', 'MONDIR': 'C:\\Monitor_config\\', 'TEMP': 'C:\\Users\\CLTBLD~1.001\\AppData\\Local\\Temp', 'COMMONPROGRAMFILES(X86)': 'C:\\Program Files (x86)\\Common Files', 'RUNLOGFILE': 'C:\\slave\\\\runslave.log', 'PROCESSOR_ARCHITECTURE': 'x86', 'ALLUSERSPROFILE': 'C:\\ProgramData', 'USERPROFILE': 'C:\\Users\\cltbld.T-W864-IX-030.001', 'LOCALAPPDATA': 'C:\\Users\\cltbld.T-W864-IX-030.001\\AppData\\Local', 'HOMEPATH': '\\Users\\cltbld.T-W864-IX-030.001', 'USERDOMAIN_ROAMINGPROFILE': 'T-W864-IX-030', 'MOZBUILDDIR': 'C:\\mozilla-build\\', 'PROGRAMW6432': 'C:\\Program Files', 'USERNAME': 'cltbld', 'LOGONSERVER': '\\\\T-W864-IX-030', 'MOZ_NO_REMOTE': '1', 'COMSPEC': 'C:\\windows\\system32\\cmd.exe', 'PROGRAMDATA': 'C:\\ProgramData', 'PROPERTIES_FILE': 'C:\\slave\\test/buildprops.json', 'PATH': 'C:\\Program Files (x86)\\NVIDIA Corporation\\PhysX\\Common;C:\\windows\\system32;C:\\windows;C:\\windows\\System32\\Wbem;C:\\windows\\System32\\WindowsPowerShell\\v1.0\\;C:\\mozilla-build\\python27;C:\\mozilla-build\\python27\\Scripts;C:\\mozilla-build\\msys\\bin;C:\\mozilla-build\\vim\\vim72;C:\\mozilla-build\\wget;C:\\mozilla-build\\info-zip;C:\\CoreUtils\\bin;C:\\mozilla-build\\buildbotve\\scripts;C:\\mozilla-build\\hg', 'PROMPT': '$P$G', 'NO_FAIL_ON_TEST_ERRORS': '1', 'PATHEXT': '.COM;.EXE;.BAT;.CMD;.VBS;.VBE;.JS;.JSE;.WSF;.WSH;.MSC', 'FP_NO_HOST_CHECK': 'NO', 'DCLOCATION': 'SCL3', 'APPDATA': 'C:\\Users\\cltbld.T-W864-IX-030.001\\AppData\\Roaming', 'HOMEDRIVE': 'C:', 'SYSTEMDRIVE': 'C:', 'SLAVEDIR': 'C:\\slave\\', 'NUMBER_OF_PROCESSORS': '8', 'PWD': 'C:\\slave\\test', 'PROCESSOR_LEVEL': '6', 'KTS_HOME': 'C:\\Program Files\\KTS', 'PROCESSOR_ARCHITEW6432': 'AMD64', 'MOZ_CRASHREPORTER_NO_REPORT': '1', 'COMMONPROGRAMW6432': 'C:\\Program Files\\Common Files', 'OS': 'Windows_NT', 'PUBLIC': 'C:\\Users\\Public', 'WINDIR': 'C:\\windows'}}, attempt #1
17:03:02     INFO - Running command: ['C:\\slave\\test\\build\\venv\\Scripts\\pip', 'install', '--no-deps', '--timeout', '120', '-r', 'C:\\slave\\test\\build\\tests\\config\\mozbase_requirements.txt', '--no-index', '--find-links', 'http://pypi.pvt.build.mozilla.org/pub', '--find-links', 'http://pypi.pub.build.mozilla.org/pub', '--trusted-host', 'pypi.pub.build.mozilla.org', '--trusted-host', 'pypi.pvt.build.mozilla.org'] in C:\slave\test\build\tests\config
17:03:02     INFO - Copy/paste: C:\slave\test\build\venv\Scripts\pip install --no-deps --timeout 120 -r C:\slave\test\build\tests\config\mozbase_requirements.txt --no-index --find-links http://pypi.pvt.build.mozilla.org/pub --find-links http://pypi.pub.build.mozilla.org/pub --trusted-host pypi.pub.build.mozilla.org --trusted-host pypi.pvt.build.mozilla.org
17:03:02     INFO - Using env: {'ALLUSERSPROFILE': 'C:\\ProgramData',
17:03:02     INFO -  'APPDATA': 'C:\\Users\\cltbld.T-W864-IX-030.001\\AppData\\Roaming',
17:03:02     INFO -  'COMMONPROGRAMFILES': 'C:\\Program Files (x86)\\Common Files',
17:03:02     INFO -  'COMMONPROGRAMFILES(X86)': 'C:\\Program Files (x86)\\Common Files',
17:03:02     INFO -  'COMMONPROGRAMW6432': 'C:\\Program Files\\Common Files',
17:03:02     INFO -  'COMPUTERNAME': 'T-W864-IX-030',
17:03:02     INFO -  'COMSPEC': 'C:\\windows\\system32\\cmd.exe',
17:03:02     INFO -  'DCLOCATION': 'SCL3',
17:03:02     INFO -  'DNSSUFFIX': 'wintest.releng.scl3.mozilla.com',
17:03:02     INFO -  'FP_NO_HOST_CHECK': 'NO',
17:03:02     INFO -  'HOMEDRIVE': 'C:',
17:03:02     INFO -  'HOMEPATH': '\\Users\\cltbld.T-W864-IX-030.001',
17:03:02     INFO -  'KTS_HOME': 'C:\\Program Files\\KTS',
17:03:02     INFO -  'KTS_VERSION': '1.19c',
17:03:02     INFO -  'LOCALAPPDATA': 'C:\\Users\\cltbld.T-W864-IX-030.001\\AppData\\Local',
17:03:02     INFO -  'LOGONSERVER': '\\\\T-W864-IX-030',
17:03:02     INFO -  'MONDIR': 'C:\\Monitor_config\\',
17:03:02     INFO -  'MOZBUILDDIR': 'C:\\mozilla-build\\',
17:03:02     INFO -  'MOZ_CRASHREPORTER_NO_REPORT': '1',
17:03:02     INFO -  'MOZ_HIDE_RESULTS_TABLE': '1',
17:03:02     INFO -  'MOZ_NO_REMOTE': '1',
17:03:02     INFO -  'NO_EM_RESTART': '1',
17:03:02     INFO -  'NO_FAIL_ON_TEST_ERRORS': '1',
17:03:02     INFO -  'NUMBER_OF_PROCESSORS': '8',
17:03:02     INFO -  'OS': 'Windows_NT',
17:03:02     INFO -  'OURDRIVE': 'C:',
17:03:02     INFO -  'PATH': 'C:\\Program Files (x86)\\NVIDIA Corporation\\PhysX\\Common;C:\\windows\\system32;C:\\windows;C:\\windows\\System32\\Wbem;C:\\windows\\System32\\WindowsPowerShell\\v1.0\\;C:\\mozilla-build\\python27;C:\\mozilla-build\\python27\\Scripts;C:\\mozilla-build\\msys\\bin;C:\\mozilla-build\\vim\\vim72;C:\\mozilla-build\\wget;C:\\mozilla-build\\info-zip;C:\\CoreUtils\\bin;C:\\mozilla-build\\buildbotve\\scripts;C:\\mozilla-build\\hg',
17:03:02     INFO -  'PATHEXT': '.COM;.EXE;.BAT;.CMD;.VBS;.VBE;.JS;.JSE;.WSF;.WSH;.MSC',
17:03:02     INFO -  'PROCESSOR_ARCHITECTURE': 'x86',
17:03:02     INFO -  'PROCESSOR_ARCHITEW6432': 'AMD64',
17:03:02     INFO -  'PROCESSOR_IDENTIFIER': 'Intel64 Family 6 Model 30 Stepping 5, GenuineIntel',
17:03:02     INFO -  'PROCESSOR_LEVEL': '6',
17:03:02     INFO -  'PROCESSOR_REVISION': '1e05',
17:03:02     INFO -  'PROGRAMDATA': 'C:\\ProgramData',
17:03:02     INFO -  'PROGRAMFILES': 'C:\\Program Files (x86)',
17:03:02     INFO -  'PROGRAMFILES(X86)': 'C:\\Program Files (x86)',
17:03:02     INFO -  'PROGRAMW6432': 'C:\\Program Files',
17:03:02     INFO -  'PROMPT': '$P$G',
17:03:02     INFO -  'PROPERTIES_FILE': 'C:\\slave\\test/buildprops.json',
17:03:02     INFO -  'PSMODULEPATH': 'C:\\windows\\system32\\WindowsPowerShell\\v1.0\\Modules\\',
17:03:02     INFO -  'PUBLIC': 'C:\\Users\\Public',
17:03:02     INFO -  'PWD': 'C:\\slave\\test',
17:03:02     INFO -  'RUNLOGFILE': 'C:\\slave\\\\runslave.log',
17:03:02     INFO -  'SLAVEDIR': 'C:\\slave\\',
17:03:02     INFO -  'SYSTEMDRIVE': 'C:',
17:03:02     INFO -  'SYSTEMROOT': 'C:\\windows',
17:03:02     INFO -  'TEMP': 'C:\\Users\\CLTBLD~1.001\\AppData\\Local\\Temp',
17:03:02     INFO -  'TEST1': 'testie',
17:03:02     INFO -  'TMP': 'C:\\Users\\CLTBLD~1.001\\AppData\\Local\\Temp',
17:03:02     INFO -  'USERDOMAIN': 'T-W864-IX-030',
17:03:02     INFO -  'USERDOMAIN_ROAMINGPROFILE': 'T-W864-IX-030',
17:03:02     INFO -  'USERNAME': 'cltbld',
17:03:02     INFO -  'USERPROFILE': 'C:\\Users\\cltbld.T-W864-IX-030.001',
17:03:02     INFO -  'WINDIR': 'C:\\windows',
17:03:02     INFO -  'XPCOM_DEBUG_BREAK': 'warn'}
17:03:02     INFO -  Ignoring indexes: https://pypi.python.org/simple
17:03:02     INFO -  Processing c:\slave\test\build\tests\mozbase\manifestparser
17:03:03     INFO -  Processing c:\slave\test\build\tests\mozbase\mozcrash
17:03:03     INFO -  Processing c:\slave\test\build\tests\mozbase\mozdebug
17:03:03     INFO -  Processing c:\slave\test\build\tests\mozbase\mozdevice
17:03:04     INFO -  Processing c:\slave\test\build\tests\mozbase\mozfile
17:03:04     INFO -  Processing c:\slave\test\build\tests\mozbase\mozhttpd
17:03:04     INFO -  Processing c:\slave\test\build\tests\mozbase\mozinfo
17:03:04     INFO -  Processing c:\slave\test\build\tests\mozbase\mozinstall
17:03:05     INFO -  Processing c:\slave\test\build\tests\mozbase\mozleak
17:03:05     INFO -  Processing c:\slave\test\build\tests\mozbase\mozlog
17:03:05     INFO -  Processing c:\slave\test\build\tests\mozbase\moznetwork
17:03:05     INFO -  Processing c:\slave\test\build\tests\mozbase\mozprocess
17:03:06     INFO -  Processing c:\slave\test\build\tests\mozbase\mozprofile
17:03:06     INFO -  Processing c:\slave\test\build\tests\mozbase\mozrunner
17:03:06     INFO -  Processing c:\slave\test\build\tests\mozbase\mozscreenshot
17:03:06     INFO -  Processing c:\slave\test\build\tests\mozbase\moztest
17:03:07     INFO -  Processing c:\slave\test\build\tests\mozbase\mozversion
17:03:07     INFO -  Installing collected packages: manifestparser, mozcrash, mozdebug, mozdevice, mozfile, mozhttpd, mozinfo, mozInstall, mozleak, mozlog, moznetwork, mozprocess, mozprofile, mozrunner, mozscreenshot, moztest, mozversion
17:03:07     INFO -    Running setup.py install for manifestparser: started
17:03:08     INFO -      Running setup.py install for manifestparser: finished with status 'done'
17:03:08     INFO -    Running setup.py install for mozcrash: started
17:03:09     INFO -      Running setup.py install for mozcrash: finished with status 'done'
17:03:09     INFO -    Running setup.py install for mozdebug: started
17:03:09     INFO -      Running setup.py install for mozdebug: finished with status 'done'
17:03:09     INFO -    Running setup.py install for mozdevice: started
17:03:10     INFO -      Running setup.py install for mozdevice: finished with status 'done'
17:03:10     INFO -    Running setup.py install for mozfile: started
17:03:10     INFO -      Running setup.py install for mozfile: finished with status 'done'
17:03:11     INFO -    Running setup.py install for mozhttpd: started
17:03:11     INFO -      Running setup.py install for mozhttpd: finished with status 'done'
17:03:11     INFO -    Running setup.py install for mozinfo: started
17:03:11     INFO -      Running setup.py install for mozinfo: finished with status 'done'
17:03:12     INFO -    Running setup.py install for mozInstall: started
17:03:12     INFO -      Running setup.py install for mozInstall: finished with status 'done'
17:03:12     INFO -    Running setup.py install for mozleak: started
17:03:12     INFO -      Running setup.py install for mozleak: finished with status 'done'
17:03:12     INFO -    Running setup.py install for mozlog: started
17:03:13     INFO -      Running setup.py install for mozlog: finished with status 'done'
17:03:14     INFO -    Running setup.py install for moznetwork: started
17:03:14     INFO -      Running setup.py install for moznetwork: finished with status 'done'
17:03:14     INFO -    Running setup.py install for mozprocess: started
17:03:14     INFO -      Running setup.py install for mozprocess: finished with status 'done'
17:03:15     INFO -    Running setup.py install for mozprofile: started
17:03:15     INFO -      Running setup.py install for mozprofile: finished with status 'done'
17:03:16     INFO -    Running setup.py install for mozrunner: started
17:03:16     INFO -      Running setup.py install for mozrunner: finished with status 'done'
17:03:16     INFO -    Running setup.py install for mozscreenshot: started
17:03:17     INFO -      Running setup.py install for mozscreenshot: finished with status 'done'
17:03:17     INFO -    Running setup.py install for moztest: started
17:03:17     INFO -      Running setup.py install for moztest: finished with status 'done'
17:03:17     INFO -    Running setup.py install for mozversion: started
17:03:18     INFO -      Running setup.py install for mozversion: finished with status 'done'
17:03:18     INFO -  Successfully installed manifestparser-1.1 mozInstall-1.12 mozcrash-1.0 mozdebug-0.1 mozdevice-0.48 mozfile-1.2 mozhttpd-0.7 mozinfo-0.9 mozleak-0.1 mozlog-3.4 moznetwork-0.27 mozprocess-0.23 mozprofile-0.28 mozrunner-6.13 mozscreenshot-0.1 moztest-0.8 mozversion-1.4
17:03:18     INFO - Return code: 0
17:03:18     INFO - Installing None into virtualenv C:\slave\test\build\venv
17:03:18     INFO - retry: Calling run_command with args: [['C:\\slave\\test\\build\\venv\\Scripts\\pip', 'install', '--timeout', '120', '-r', 'C:\\slave\\test\\build\\tests\\config\\mozbase_requirements.txt', '--no-index', '--find-links', 'http://pypi.pvt.build.mozilla.org/pub', '--find-links', 'http://pypi.pub.build.mozilla.org/pub', '--trusted-host', 'pypi.pub.build.mozilla.org', '--trusted-host', 'pypi.pvt.build.mozilla.org']], kwargs: {'error_level': 'warning', 'error_list': [{'substr': 'not found or a compiler error:', 'level': 'warning'}, {'regex': <_sre.SRE_Pattern object at 0x022D23A0>, 'level': 'error'}, {'regex': <_sre.SRE_Pattern object at 0x023C3020>, 'level': 'warning'}, {'regex': <_sre.SRE_Pattern object at 0x023F9940>, 'level': 'debug'}, {'substr': 'command not found', 'level': 'error'}, {'regex': <_sre.SRE_Pattern object at 0x02374758>, 'level': 'warning'}, {'substr': 'Traceback (most recent call last)', 'level': 'error'}, {'substr': 'SyntaxError: ', 'level': 'error'}, {'substr': 'TypeError: ', 'level': 'error'}, {'substr': 'NameError: ', 'level': 'error'}, {'substr': 'ZeroDivisionError: ', 'level': 'error'}, {'regex': <_sre.SRE_Pattern object at 0x01DAAB20>, 'level': 'critical'}, {'regex': <_sre.SRE_Pattern object at 0x02393660>, 'level': 'critical'}], 'cwd': 'C:\\slave\\test\\build\\tests\\config', 'env': {'TMP': 'C:\\Users\\CLTBLD~1.001\\AppData\\Local\\Temp', 'TEST1': 'testie', 'COMPUTERNAME': 'T-W864-IX-030', 'USERDOMAIN': 'T-W864-IX-030', 'KTS_VERSION': '1.19c', 'PSMODULEPATH': 'C:\\windows\\system32\\WindowsPowerShell\\v1.0\\Modules\\', 'COMMONPROGRAMFILES': 'C:\\Program Files (x86)\\Common Files', 'PROCESSOR_IDENTIFIER': 'Intel64 Family 6 Model 30 Stepping 5, GenuineIntel', 'PROGRAMFILES': 'C:\\Program Files (x86)', 'PROCESSOR_REVISION': '1e05', 'DNSSUFFIX': 'wintest.releng.scl3.mozilla.com', 'SYSTEMROOT': 'C:\\windows', 'NO_EM_RESTART': '1', 'PROGRAMFILES(X86)': 'C:\\Program Files (x86)', 'OURDRIVE': 'C:', 'MOZ_HIDE_RESULTS_TABLE': '1', 'XPCOM_DEBUG_BREAK': 'warn', 'MONDIR': 'C:\\Monitor_config\\', 'TEMP': 'C:\\Users\\CLTBLD~1.001\\AppData\\Local\\Temp', 'COMMONPROGRAMFILES(X86)': 'C:\\Program Files (x86)\\Common Files', 'RUNLOGFILE': 'C:\\slave\\\\runslave.log', 'PROCESSOR_ARCHITECTURE': 'x86', 'ALLUSERSPROFILE': 'C:\\ProgramData', 'USERPROFILE': 'C:\\Users\\cltbld.T-W864-IX-030.001', 'LOCALAPPDATA': 'C:\\Users\\cltbld.T-W864-IX-030.001\\AppData\\Local', 'HOMEPATH': '\\Users\\cltbld.T-W864-IX-030.001', 'USERDOMAIN_ROAMINGPROFILE': 'T-W864-IX-030', 'MOZBUILDDIR': 'C:\\mozilla-build\\', 'PROGRAMW6432': 'C:\\Program Files', 'USERNAME': 'cltbld', 'LOGONSERVER': '\\\\T-W864-IX-030', 'MOZ_NO_REMOTE': '1', 'COMSPEC': 'C:\\windows\\system32\\cmd.exe', 'PROGRAMDATA': 'C:\\ProgramData', 'PROPERTIES_FILE': 'C:\\slave\\test/buildprops.json', 'PATH': 'C:\\Program Files (x86)\\NVIDIA Corporation\\PhysX\\Common;C:\\windows\\system32;C:\\windows;C:\\windows\\System32\\Wbem;C:\\windows\\System32\\WindowsPowerShell\\v1.0\\;C:\\mozilla-build\\python27;C:\\mozilla-build\\python27\\Scripts;C:\\mozilla-build\\msys\\bin;C:\\mozilla-build\\vim\\vim72;C:\\mozilla-build\\wget;C:\\mozilla-build\\info-zip;C:\\CoreUtils\\bin;C:\\mozilla-build\\buildbotve\\scripts;C:\\mozilla-build\\hg', 'PROMPT': '$P$G', 'NO_FAIL_ON_TEST_ERRORS': '1', 'PATHEXT': '.COM;.EXE;.BAT;.CMD;.VBS;.VBE;.JS;.JSE;.WSF;.WSH;.MSC', 'FP_NO_HOST_CHECK': 'NO', 'DCLOCATION': 'SCL3', 'APPDATA': 'C:\\Users\\cltbld.T-W864-IX-030.001\\AppData\\Roaming', 'HOMEDRIVE': 'C:', 'SYSTEMDRIVE': 'C:', 'SLAVEDIR': 'C:\\slave\\', 'NUMBER_OF_PROCESSORS': '8', 'PWD': 'C:\\slave\\test', 'PROCESSOR_LEVEL': '6', 'KTS_HOME': 'C:\\Program Files\\KTS', 'PROCESSOR_ARCHITEW6432': 'AMD64', 'MOZ_CRASHREPORTER_NO_REPORT': '1', 'COMMONPROGRAMW6432': 'C:\\Program Files\\Common Files', 'OS': 'Windows_NT', 'PUBLIC': 'C:\\Users\\Public', 'WINDIR': 'C:\\windows'}}, attempt #1
17:03:19     INFO - Running command: ['C:\\slave\\test\\build\\venv\\Scripts\\pip', 'install', '--timeout', '120', '-r', 'C:\\slave\\test\\build\\tests\\config\\mozbase_requirements.txt', '--no-index', '--find-links', 'http://pypi.pvt.build.mozilla.org/pub', '--find-links', 'http://pypi.pub.build.mozilla.org/pub', '--trusted-host', 'pypi.pub.build.mozilla.org', '--trusted-host', 'pypi.pvt.build.mozilla.org'] in C:\slave\test\build\tests\config
17:03:19     INFO - Copy/paste: C:\slave\test\build\venv\Scripts\pip install --timeout 120 -r C:\slave\test\build\tests\config\mozbase_requirements.txt --no-index --find-links http://pypi.pvt.build.mozilla.org/pub --find-links http://pypi.pub.build.mozilla.org/pub --trusted-host pypi.pub.build.mozilla.org --trusted-host pypi.pvt.build.mozilla.org
17:03:19     INFO - Using env: {'ALLUSERSPROFILE': 'C:\\ProgramData',
17:03:19     INFO -  'APPDATA': 'C:\\Users\\cltbld.T-W864-IX-030.001\\AppData\\Roaming',
17:03:19     INFO -  'COMMONPROGRAMFILES': 'C:\\Program Files (x86)\\Common Files',
17:03:19     INFO -  'COMMONPROGRAMFILES(X86)': 'C:\\Program Files (x86)\\Common Files',
17:03:19     INFO -  'COMMONPROGRAMW6432': 'C:\\Program Files\\Common Files',
17:03:19     INFO -  'COMPUTERNAME': 'T-W864-IX-030',
17:03:19     INFO -  'COMSPEC': 'C:\\windows\\system32\\cmd.exe',
17:03:19     INFO -  'DCLOCATION': 'SCL3',
17:03:19     INFO -  'DNSSUFFIX': 'wintest.releng.scl3.mozilla.com',
17:03:19     INFO -  'FP_NO_HOST_CHECK': 'NO',
17:03:19     INFO -  'HOMEDRIVE': 'C:',
17:03:19     INFO -  'HOMEPATH': '\\Users\\cltbld.T-W864-IX-030.001',
17:03:19     INFO -  'KTS_HOME': 'C:\\Program Files\\KTS',
17:03:19     INFO -  'KTS_VERSION': '1.19c',
17:03:19     INFO -  'LOCALAPPDATA': 'C:\\Users\\cltbld.T-W864-IX-030.001\\AppData\\Local',
17:03:19     INFO -  'LOGONSERVER': '\\\\T-W864-IX-030',
17:03:19     INFO -  'MONDIR': 'C:\\Monitor_config\\',
17:03:19     INFO -  'MOZBUILDDIR': 'C:\\mozilla-build\\',
17:03:19     INFO -  'MOZ_CRASHREPORTER_NO_REPORT': '1',
17:03:19     INFO -  'MOZ_HIDE_RESULTS_TABLE': '1',
17:03:19     INFO -  'MOZ_NO_REMOTE': '1',
17:03:19     INFO -  'NO_EM_RESTART': '1',
17:03:19     INFO -  'NO_FAIL_ON_TEST_ERRORS': '1',
17:03:19     INFO -  'NUMBER_OF_PROCESSORS': '8',
17:03:19     INFO -  'OS': 'Windows_NT',
17:03:19     INFO -  'OURDRIVE': 'C:',
17:03:19     INFO -  'PATH': 'C:\\Program Files (x86)\\NVIDIA Corporation\\PhysX\\Common;C:\\windows\\system32;C:\\windows;C:\\windows\\System32\\Wbem;C:\\windows\\System32\\WindowsPowerShell\\v1.0\\;C:\\mozilla-build\\python27;C:\\mozilla-build\\python27\\Scripts;C:\\mozilla-build\\msys\\bin;C:\\mozilla-build\\vim\\vim72;C:\\mozilla-build\\wget;C:\\mozilla-build\\info-zip;C:\\CoreUtils\\bin;C:\\mozilla-build\\buildbotve\\scripts;C:\\mozilla-build\\hg',
17:03:19     INFO -  'PATHEXT': '.COM;.EXE;.BAT;.CMD;.VBS;.VBE;.JS;.JSE;.WSF;.WSH;.MSC',
17:03:19     INFO -  'PROCESSOR_ARCHITECTURE': 'x86',
17:03:19     INFO -  'PROCESSOR_ARCHITEW6432': 'AMD64',
17:03:19     INFO -  'PROCESSOR_IDENTIFIER': 'Intel64 Family 6 Model 30 Stepping 5, GenuineIntel',
17:03:19     INFO -  'PROCESSOR_LEVEL': '6',
17:03:19     INFO -  'PROCESSOR_REVISION': '1e05',
17:03:19     INFO -  'PROGRAMDATA': 'C:\\ProgramData',
17:03:19     INFO -  'PROGRAMFILES': 'C:\\Program Files (x86)',
17:03:19     INFO -  'PROGRAMFILES(X86)': 'C:\\Program Files (x86)',
17:03:19     INFO -  'PROGRAMW6432': 'C:\\Program Files',
17:03:19     INFO -  'PROMPT': '$P$G',
17:03:19     INFO -  'PROPERTIES_FILE': 'C:\\slave\\test/buildprops.json',
17:03:19     INFO -  'PSMODULEPATH': 'C:\\windows\\system32\\WindowsPowerShell\\v1.0\\Modules\\',
17:03:19     INFO -  'PUBLIC': 'C:\\Users\\Public',
17:03:19     INFO -  'PWD': 'C:\\slave\\test',
17:03:19     INFO -  'RUNLOGFILE': 'C:\\slave\\\\runslave.log',
17:03:19     INFO -  'SLAVEDIR': 'C:\\slave\\',
17:03:19     INFO -  'SYSTEMDRIVE': 'C:',
17:03:19     INFO -  'SYSTEMROOT': 'C:\\windows',
17:03:19     INFO -  'TEMP': 'C:\\Users\\CLTBLD~1.001\\AppData\\Local\\Temp',
17:03:19     INFO -  'TEST1': 'testie',
17:03:19     INFO -  'TMP': 'C:\\Users\\CLTBLD~1.001\\AppData\\Local\\Temp',
17:03:19     INFO -  'USERDOMAIN': 'T-W864-IX-030',
17:03:19     INFO -  'USERDOMAIN_ROAMINGPROFILE': 'T-W864-IX-030',
17:03:19     INFO -  'USERNAME': 'cltbld',
17:03:19     INFO -  'USERPROFILE': 'C:\\Users\\cltbld.T-W864-IX-030.001',
17:03:19     INFO -  'WINDIR': 'C:\\windows',
17:03:19     INFO -  'XPCOM_DEBUG_BREAK': 'warn'}
17:03:19     INFO -  Ignoring indexes: https://pypi.python.org/simple
17:03:19     INFO -  Processing c:\slave\test\build\tests\mozbase\manifestparser
17:03:19     INFO -    Requirement already satisfied (use --upgrade to upgrade): manifestparser==1.1 from file:///C:/slave/test/build/tests/mozbase/manifestparser in c:\slave\test\build\venv\lib\site-packages (from -r C:\slave\test\build\tests\config\mozbase_requirements.txt (line 1))
17:03:19     INFO -  Processing c:\slave\test\build\tests\mozbase\mozcrash
17:03:20     INFO -    Requirement already satisfied (use --upgrade to upgrade): mozcrash==1.0 from file:///C:/slave/test/build/tests/mozbase/mozcrash in c:\slave\test\build\venv\lib\site-packages (from -r C:\slave\test\build\tests\config\mozbase_requirements.txt (line 2))
17:03:20     INFO -  Processing c:\slave\test\build\tests\mozbase\mozdebug
17:03:20     INFO -    Requirement already satisfied (use --upgrade to upgrade): mozdebug==0.1 from file:///C:/slave/test/build/tests/mozbase/mozdebug in c:\slave\test\build\venv\lib\site-packages (from -r C:\slave\test\build\tests\config\mozbase_requirements.txt (line 3))
17:03:20     INFO -  Processing c:\slave\test\build\tests\mozbase\mozdevice
17:03:20     INFO -    Requirement already satisfied (use --upgrade to upgrade): mozdevice==0.48 from file:///C:/slave/test/build/tests/mozbase/mozdevice in c:\slave\test\build\venv\lib\site-packages (from -r C:\slave\test\build\tests\config\mozbase_requirements.txt (line 4))
17:03:20     INFO -  Processing c:\slave\test\build\tests\mozbase\mozfile
17:03:20     INFO -    Requirement already satisfied (use --upgrade to upgrade): mozfile==1.2 from file:///C:/slave/test/build/tests/mozbase/mozfile in c:\slave\test\build\venv\lib\site-packages (from -r C:\slave\test\build\tests\config\mozbase_requirements.txt (line 5))
17:03:20     INFO -  Processing c:\slave\test\build\tests\mozbase\mozhttpd
17:03:21     INFO -    Requirement already satisfied (use --upgrade to upgrade): mozhttpd==0.7 from file:///C:/slave/test/build/tests/mozbase/mozhttpd in c:\slave\test\build\venv\lib\site-packages (from -r C:\slave\test\build\tests\config\mozbase_requirements.txt (line 6))
17:03:21     INFO -  Processing c:\slave\test\build\tests\mozbase\mozinfo
17:03:21     INFO -    Requirement already satisfied (use --upgrade to upgrade): mozinfo==0.9 from file:///C:/slave/test/build/tests/mozbase/mozinfo in c:\slave\test\build\venv\lib\site-packages (from -r C:\slave\test\build\tests\config\mozbase_requirements.txt (line 7))
17:03:21     INFO -  Processing c:\slave\test\build\tests\mozbase\mozinstall
17:03:21     INFO -    Requirement already satisfied (use --upgrade to upgrade): mozInstall==1.12 from file:///C:/slave/test/build/tests/mozbase/mozinstall in c:\slave\test\build\venv\lib\site-packages (from -r C:\slave\test\build\tests\config\mozbase_requirements.txt (line 8))
17:03:21     INFO -  Processing c:\slave\test\build\tests\mozbase\mozleak
17:03:21     INFO -    Requirement already satisfied (use --upgrade to upgrade): mozleak==0.1 from file:///C:/slave/test/build/tests/mozbase/mozleak in c:\slave\test\build\venv\lib\site-packages (from -r C:\slave\test\build\tests\config\mozbase_requirements.txt (line 9))
17:03:21     INFO -  Processing c:\slave\test\build\tests\mozbase\mozlog
17:03:22     INFO -    Requirement already satisfied (use --upgrade to upgrade): mozlog==3.4 from file:///C:/slave/test/build/tests/mozbase/mozlog in c:\slave\test\build\venv\lib\site-packages (from -r C:\slave\test\build\tests\config\mozbase_requirements.txt (line 10))
17:03:22     INFO -  Processing c:\slave\test\build\tests\mozbase\moznetwork
17:03:22     INFO -    Requirement already satisfied (use --upgrade to upgrade): moznetwork==0.27 from file:///C:/slave/test/build/tests/mozbase/moznetwork in c:\slave\test\build\venv\lib\site-packages (from -r C:\slave\test\build\tests\config\mozbase_requirements.txt (line 11))
17:03:22     INFO -  Processing c:\slave\test\build\tests\mozbase\mozprocess
17:03:22     INFO -    Requirement already satisfied (use --upgrade to upgrade): mozprocess==0.23 from file:///C:/slave/test/build/tests/mozbase/mozprocess in c:\slave\test\build\venv\lib\site-packages (from -r C:\slave\test\build\tests\config\mozbase_requirements.txt (line 12))
17:03:22     INFO -  Processing c:\slave\test\build\tests\mozbase\mozprofile
17:03:23     INFO -    Requirement already satisfied (use --upgrade to upgrade): mozprofile==0.28 from file:///C:/slave/test/build/tests/mozbase/mozprofile in c:\slave\test\build\venv\lib\site-packages (from -r C:\slave\test\build\tests\config\mozbase_requirements.txt (line 13))
17:03:23     INFO -  Processing c:\slave\test\build\tests\mozbase\mozrunner
17:03:23     INFO -    Requirement already satisfied (use --upgrade to upgrade): mozrunner==6.13 from file:///C:/slave/test/build/tests/mozbase/mozrunner in c:\slave\test\build\venv\lib\site-packages (from -r C:\slave\test\build\tests\config\mozbase_requirements.txt (line 14))
17:03:23     INFO -  Processing c:\slave\test\build\tests\mozbase\mozscreenshot
17:03:23     INFO -    Requirement already satisfied (use --upgrade to upgrade): mozscreenshot==0.1 from file:///C:/slave/test/build/tests/mozbase/mozscreenshot in c:\slave\test\build\venv\lib\site-packages (from -r C:\slave\test\build\tests\config\mozbase_requirements.txt (line 15))
17:03:23     INFO -  Processing c:\slave\test\build\tests\mozbase\moztest
17:03:23     INFO -    Requirement already satisfied (use --upgrade to upgrade): moztest==0.8 from file:///C:/slave/test/build/tests/mozbase/moztest in c:\slave\test\build\venv\lib\site-packages (from -r C:\slave\test\build\tests\config\mozbase_requirements.txt (line 16))
17:03:23     INFO -  Processing c:\slave\test\build\tests\mozbase\mozversion
17:03:24     INFO -    Requirement already satisfied (use --upgrade to upgrade): mozversion==1.4 from file:///C:/slave/test/build/tests/mozbase/mozversion in c:\slave\test\build\venv\lib\site-packages (from -r C:\slave\test\build\tests\config\mozbase_requirements.txt (line 17))
17:03:24     INFO -  Requirement already satisfied (use --upgrade to upgrade): mozfile>=1.0 in c:\slave\test\build\venv\lib\site-packages (from mozcrash==1.0->-r C:\slave\test\build\tests\config\mozbase_requirements.txt (line 2))
17:03:24     INFO -  Requirement already satisfied (use --upgrade to upgrade): mozlog>=3.0 in c:\slave\test\build\venv\lib\site-packages (from mozcrash==1.0->-r C:\slave\test\build\tests\config\mozbase_requirements.txt (line 2))
17:03:24     INFO -  Requirement already satisfied (use --upgrade to upgrade): mozinfo in c:\slave\test\build\venv\lib\site-packages (from mozdebug==0.1->-r C:\slave\test\build\tests\config\mozbase_requirements.txt (line 3))
17:03:24     INFO -  Requirement already satisfied (use --upgrade to upgrade): moznetwork>=0.24 in c:\slave\test\build\venv\lib\site-packages (from mozdevice==0.48->-r C:\slave\test\build\tests\config\mozbase_requirements.txt (line 4))
17:03:24     INFO -  Requirement already satisfied (use --upgrade to upgrade): mozprocess>=0.19 in c:\slave\test\build\venv\lib\site-packages (from mozdevice==0.48->-r C:\slave\test\build\tests\config\mozbase_requirements.txt (line 4))
17:03:24     INFO -  Collecting blessings>=1.3 (from mozlog==3.4->-r C:\slave\test\build\tests\config\mozbase_requirements.txt (line 10))
17:03:25     INFO -  Installing collected packages: blessings
17:03:25     INFO -  Successfully installed blessings-1.6
17:03:28     INFO - Return code: 0
17:03:28     INFO - Installing pip>=1.5 into virtualenv C:\slave\test\build\venv
17:03:28     INFO - retry: Calling run_command with args: [['C:\\slave\\test\\build\\venv\\Scripts\\pip', 'install', '--timeout', '120', '--no-index', '--find-links', 'http://pypi.pvt.build.mozilla.org/pub', '--find-links', 'http://pypi.pub.build.mozilla.org/pub', '--trusted-host', 'pypi.pub.build.mozilla.org', '--trusted-host', 'pypi.pvt.build.mozilla.org', 'pip>=1.5']], kwargs: {'error_level': 'warning', 'error_list': [{'substr': 'not found or a compiler error:', 'level': 'warning'}, {'regex': <_sre.SRE_Pattern object at 0x022D23A0>, 'level': 'error'}, {'regex': <_sre.SRE_Pattern object at 0x023C3020>, 'level': 'warning'}, {'regex': <_sre.SRE_Pattern object at 0x023F9940>, 'level': 'debug'}, {'substr': 'command not found', 'level': 'error'}, {'regex': <_sre.SRE_Pattern object at 0x02374758>, 'level': 'warning'}, {'substr': 'Traceback (most recent call last)', 'level': 'error'}, {'substr': 'SyntaxError: ', 'level': 'error'}, {'substr': 'TypeError: ', 'level': 'error'}, {'substr': 'NameError: ', 'level': 'error'}, {'substr': 'ZeroDivisionError: ', 'level': 'error'}, {'regex': <_sre.SRE_Pattern object at 0x01DAAB20>, 'level': 'critical'}, {'regex': <_sre.SRE_Pattern object at 0x02393660>, 'level': 'critical'}], 'cwd': 'C:\\slave\\test\\build', 'env': {'TMP': 'C:\\Users\\CLTBLD~1.001\\AppData\\Local\\Temp', 'TEST1': 'testie', 'COMPUTERNAME': 'T-W864-IX-030', 'USERDOMAIN': 'T-W864-IX-030', 'KTS_VERSION': '1.19c', 'PSMODULEPATH': 'C:\\windows\\system32\\WindowsPowerShell\\v1.0\\Modules\\', 'COMMONPROGRAMFILES': 'C:\\Program Files (x86)\\Common Files', 'PROCESSOR_IDENTIFIER': 'Intel64 Family 6 Model 30 Stepping 5, GenuineIntel', 'PROGRAMFILES': 'C:\\Program Files (x86)', 'PROCESSOR_REVISION': '1e05', 'DNSSUFFIX': 'wintest.releng.scl3.mozilla.com', 'SYSTEMROOT': 'C:\\windows', 'NO_EM_RESTART': '1', 'PROGRAMFILES(X86)': 'C:\\Program Files (x86)', 'OURDRIVE': 'C:', 'MOZ_HIDE_RESULTS_TABLE': '1', 'XPCOM_DEBUG_BREAK': 'warn', 'MONDIR': 'C:\\Monitor_config\\', 'TEMP': 'C:\\Users\\CLTBLD~1.001\\AppData\\Local\\Temp', 'COMMONPROGRAMFILES(X86)': 'C:\\Program Files (x86)\\Common Files', 'RUNLOGFILE': 'C:\\slave\\\\runslave.log', 'PROCESSOR_ARCHITECTURE': 'x86', 'ALLUSERSPROFILE': 'C:\\ProgramData', 'USERPROFILE': 'C:\\Users\\cltbld.T-W864-IX-030.001', 'LOCALAPPDATA': 'C:\\Users\\cltbld.T-W864-IX-030.001\\AppData\\Local', 'HOMEPATH': '\\Users\\cltbld.T-W864-IX-030.001', 'USERDOMAIN_ROAMINGPROFILE': 'T-W864-IX-030', 'MOZBUILDDIR': 'C:\\mozilla-build\\', 'PROGRAMW6432': 'C:\\Program Files', 'USERNAME': 'cltbld', 'LOGONSERVER': '\\\\T-W864-IX-030', 'MOZ_NO_REMOTE': '1', 'COMSPEC': 'C:\\windows\\system32\\cmd.exe', 'PROGRAMDATA': 'C:\\ProgramData', 'PROPERTIES_FILE': 'C:\\slave\\test/buildprops.json', 'PATH': 'C:\\Program Files (x86)\\NVIDIA Corporation\\PhysX\\Common;C:\\windows\\system32;C:\\windows;C:\\windows\\System32\\Wbem;C:\\windows\\System32\\WindowsPowerShell\\v1.0\\;C:\\mozilla-build\\python27;C:\\mozilla-build\\python27\\Scripts;C:\\mozilla-build\\msys\\bin;C:\\mozilla-build\\vim\\vim72;C:\\mozilla-build\\wget;C:\\mozilla-build\\info-zip;C:\\CoreUtils\\bin;C:\\mozilla-build\\buildbotve\\scripts;C:\\mozilla-build\\hg', 'PROMPT': '$P$G', 'NO_FAIL_ON_TEST_ERRORS': '1', 'PATHEXT': '.COM;.EXE;.BAT;.CMD;.VBS;.VBE;.JS;.JSE;.WSF;.WSH;.MSC', 'FP_NO_HOST_CHECK': 'NO', 'DCLOCATION': 'SCL3', 'APPDATA': 'C:\\Users\\cltbld.T-W864-IX-030.001\\AppData\\Roaming', 'HOMEDRIVE': 'C:', 'SYSTEMDRIVE': 'C:', 'SLAVEDIR': 'C:\\slave\\', 'NUMBER_OF_PROCESSORS': '8', 'PWD': 'C:\\slave\\test', 'PROCESSOR_LEVEL': '6', 'KTS_HOME': 'C:\\Program Files\\KTS', 'PROCESSOR_ARCHITEW6432': 'AMD64', 'MOZ_CRASHREPORTER_NO_REPORT': '1', 'COMMONPROGRAMW6432': 'C:\\Program Files\\Common Files', 'OS': 'Windows_NT', 'PUBLIC': 'C:\\Users\\Public', 'WINDIR': 'C:\\windows'}}, attempt #1
17:03:28     INFO - Running command: ['C:\\slave\\test\\build\\venv\\Scripts\\pip', 'install', '--timeout', '120', '--no-index', '--find-links', 'http://pypi.pvt.build.mozilla.org/pub', '--find-links', 'http://pypi.pub.build.mozilla.org/pub', '--trusted-host', 'pypi.pub.build.mozilla.org', '--trusted-host', 'pypi.pvt.build.mozilla.org', 'pip>=1.5'] in C:\slave\test\build
17:03:28     INFO - Copy/paste: C:\slave\test\build\venv\Scripts\pip install --timeout 120 --no-index --find-links http://pypi.pvt.build.mozilla.org/pub --find-links http://pypi.pub.build.mozilla.org/pub --trusted-host pypi.pub.build.mozilla.org --trusted-host pypi.pvt.build.mozilla.org pip>=1.5
17:03:28     INFO - Using env: {'ALLUSERSPROFILE': 'C:\\ProgramData',
17:03:28     INFO -  'APPDATA': 'C:\\Users\\cltbld.T-W864-IX-030.001\\AppData\\Roaming',
17:03:28     INFO -  'COMMONPROGRAMFILES': 'C:\\Program Files (x86)\\Common Files',
17:03:28     INFO -  'COMMONPROGRAMFILES(X86)': 'C:\\Program Files (x86)\\Common Files',
17:03:28     INFO -  'COMMONPROGRAMW6432': 'C:\\Program Files\\Common Files',
17:03:28     INFO -  'COMPUTERNAME': 'T-W864-IX-030',
17:03:28     INFO -  'COMSPEC': 'C:\\windows\\system32\\cmd.exe',
17:03:28     INFO -  'DCLOCATION': 'SCL3',
17:03:28     INFO -  'DNSSUFFIX': 'wintest.releng.scl3.mozilla.com',
17:03:28     INFO -  'FP_NO_HOST_CHECK': 'NO',
17:03:28     INFO -  'HOMEDRIVE': 'C:',
17:03:28     INFO -  'HOMEPATH': '\\Users\\cltbld.T-W864-IX-030.001',
17:03:28     INFO -  'KTS_HOME': 'C:\\Program Files\\KTS',
17:03:28     INFO -  'KTS_VERSION': '1.19c',
17:03:28     INFO -  'LOCALAPPDATA': 'C:\\Users\\cltbld.T-W864-IX-030.001\\AppData\\Local',
17:03:28     INFO -  'LOGONSERVER': '\\\\T-W864-IX-030',
17:03:28     INFO -  'MONDIR': 'C:\\Monitor_config\\',
17:03:28     INFO -  'MOZBUILDDIR': 'C:\\mozilla-build\\',
17:03:28     INFO -  'MOZ_CRASHREPORTER_NO_REPORT': '1',
17:03:28     INFO -  'MOZ_HIDE_RESULTS_TABLE': '1',
17:03:28     INFO -  'MOZ_NO_REMOTE': '1',
17:03:28     INFO -  'NO_EM_RESTART': '1',
17:03:28     INFO -  'NO_FAIL_ON_TEST_ERRORS': '1',
17:03:28     INFO -  'NUMBER_OF_PROCESSORS': '8',
17:03:28     INFO -  'OS': 'Windows_NT',
17:03:28     INFO -  'OURDRIVE': 'C:',
17:03:28     INFO -  'PATH': 'C:\\Program Files (x86)\\NVIDIA Corporation\\PhysX\\Common;C:\\windows\\system32;C:\\windows;C:\\windows\\System32\\Wbem;C:\\windows\\System32\\WindowsPowerShell\\v1.0\\;C:\\mozilla-build\\python27;C:\\mozilla-build\\python27\\Scripts;C:\\mozilla-build\\msys\\bin;C:\\mozilla-build\\vim\\vim72;C:\\mozilla-build\\wget;C:\\mozilla-build\\info-zip;C:\\CoreUtils\\bin;C:\\mozilla-build\\buildbotve\\scripts;C:\\mozilla-build\\hg',
17:03:28     INFO -  'PATHEXT': '.COM;.EXE;.BAT;.CMD;.VBS;.VBE;.JS;.JSE;.WSF;.WSH;.MSC',
17:03:28     INFO -  'PROCESSOR_ARCHITECTURE': 'x86',
17:03:28     INFO -  'PROCESSOR_ARCHITEW6432': 'AMD64',
17:03:28     INFO -  'PROCESSOR_IDENTIFIER': 'Intel64 Family 6 Model 30 Stepping 5, GenuineIntel',
17:03:28     INFO -  'PROCESSOR_LEVEL': '6',
17:03:28     INFO -  'PROCESSOR_REVISION': '1e05',
17:03:28     INFO -  'PROGRAMDATA': 'C:\\ProgramData',
17:03:28     INFO -  'PROGRAMFILES': 'C:\\Program Files (x86)',
17:03:28     INFO -  'PROGRAMFILES(X86)': 'C:\\Program Files (x86)',
17:03:28     INFO -  'PROGRAMW6432': 'C:\\Program Files',
17:03:28     INFO -  'PROMPT': '$P$G',
17:03:28     INFO -  'PROPERTIES_FILE': 'C:\\slave\\test/buildprops.json',
17:03:28     INFO -  'PSMODULEPATH': 'C:\\windows\\system32\\WindowsPowerShell\\v1.0\\Modules\\',
17:03:28     INFO -  'PUBLIC': 'C:\\Users\\Public',
17:03:28     INFO -  'PWD': 'C:\\slave\\test',
17:03:28     INFO -  'RUNLOGFILE': 'C:\\slave\\\\runslave.log',
17:03:28     INFO -  'SLAVEDIR': 'C:\\slave\\',
17:03:28     INFO -  'SYSTEMDRIVE': 'C:',
17:03:28     INFO -  'SYSTEMROOT': 'C:\\windows',
17:03:28     INFO -  'TEMP': 'C:\\Users\\CLTBLD~1.001\\AppData\\Local\\Temp',
17:03:28     INFO -  'TEST1': 'testie',
17:03:28     INFO -  'TMP': 'C:\\Users\\CLTBLD~1.001\\AppData\\Local\\Temp',
17:03:28     INFO -  'USERDOMAIN': 'T-W864-IX-030',
17:03:28     INFO -  'USERDOMAIN_ROAMINGPROFILE': 'T-W864-IX-030',
17:03:28     INFO -  'USERNAME': 'cltbld',
17:03:28     INFO -  'USERPROFILE': 'C:\\Users\\cltbld.T-W864-IX-030.001',
17:03:28     INFO -  'WINDIR': 'C:\\windows',
17:03:28     INFO -  'XPCOM_DEBUG_BREAK': 'warn'}
17:03:29     INFO -  Ignoring indexes: https://pypi.python.org/simple
17:03:29     INFO -  Requirement already satisfied (use --upgrade to upgrade): pip>=1.5 in c:\slave\test\build\venv\lib\site-packages
17:03:29     INFO - Return code: 0
17:03:29     INFO - Installing psutil==3.1.1 into virtualenv C:\slave\test\build\venv
17:03:29     INFO - retry: Calling run_command with args: [['C:\\slave\\test\\build\\venv\\Scripts\\pip', 'install', '--timeout', '120', '--no-index', '--find-links', 'http://pypi.pvt.build.mozilla.org/pub', '--find-links', 'http://pypi.pub.build.mozilla.org/pub', '--trusted-host', 'pypi.pub.build.mozilla.org', '--trusted-host', 'pypi.pvt.build.mozilla.org', 'psutil==3.1.1']], kwargs: {'error_level': 'warning', 'error_list': [{'substr': 'not found or a compiler error:', 'level': 'warning'}, {'regex': <_sre.SRE_Pattern object at 0x022D23A0>, 'level': 'error'}, {'regex': <_sre.SRE_Pattern object at 0x023C3020>, 'level': 'warning'}, {'regex': <_sre.SRE_Pattern object at 0x023F9940>, 'level': 'debug'}, {'substr': 'command not found', 'level': 'error'}, {'regex': <_sre.SRE_Pattern object at 0x02374758>, 'level': 'warning'}, {'substr': 'Traceback (most recent call last)', 'level': 'error'}, {'substr': 'SyntaxError: ', 'level': 'error'}, {'substr': 'TypeError: ', 'level': 'error'}, {'substr': 'NameError: ', 'level': 'error'}, {'substr': 'ZeroDivisionError: ', 'level': 'error'}, {'regex': <_sre.SRE_Pattern object at 0x01DAAB20>, 'level': 'critical'}, {'regex': <_sre.SRE_Pattern object at 0x02393660>, 'level': 'critical'}], 'cwd': 'C:\\slave\\test\\build', 'env': {'TMP': 'C:\\Users\\CLTBLD~1.001\\AppData\\Local\\Temp', 'TEST1': 'testie', 'COMPUTERNAME': 'T-W864-IX-030', 'USERDOMAIN': 'T-W864-IX-030', 'KTS_VERSION': '1.19c', 'PSMODULEPATH': 'C:\\windows\\system32\\WindowsPowerShell\\v1.0\\Modules\\', 'COMMONPROGRAMFILES': 'C:\\Program Files (x86)\\Common Files', 'PROCESSOR_IDENTIFIER': 'Intel64 Family 6 Model 30 Stepping 5, GenuineIntel', 'PROGRAMFILES': 'C:\\Program Files (x86)', 'PROCESSOR_REVISION': '1e05', 'DNSSUFFIX': 'wintest.releng.scl3.mozilla.com', 'SYSTEMROOT': 'C:\\windows', 'NO_EM_RESTART': '1', 'PROGRAMFILES(X86)': 'C:\\Program Files (x86)', 'OURDRIVE': 'C:', 'MOZ_HIDE_RESULTS_TABLE': '1', 'XPCOM_DEBUG_BREAK': 'warn', 'MONDIR': 'C:\\Monitor_config\\', 'TEMP': 'C:\\Users\\CLTBLD~1.001\\AppData\\Local\\Temp', 'COMMONPROGRAMFILES(X86)': 'C:\\Program Files (x86)\\Common Files', 'RUNLOGFILE': 'C:\\slave\\\\runslave.log', 'PROCESSOR_ARCHITECTURE': 'x86', 'ALLUSERSPROFILE': 'C:\\ProgramData', 'USERPROFILE': 'C:\\Users\\cltbld.T-W864-IX-030.001', 'LOCALAPPDATA': 'C:\\Users\\cltbld.T-W864-IX-030.001\\AppData\\Local', 'HOMEPATH': '\\Users\\cltbld.T-W864-IX-030.001', 'USERDOMAIN_ROAMINGPROFILE': 'T-W864-IX-030', 'MOZBUILDDIR': 'C:\\mozilla-build\\', 'PROGRAMW6432': 'C:\\Program Files', 'USERNAME': 'cltbld', 'LOGONSERVER': '\\\\T-W864-IX-030', 'MOZ_NO_REMOTE': '1', 'COMSPEC': 'C:\\windows\\system32\\cmd.exe', 'PROGRAMDATA': 'C:\\ProgramData', 'PROPERTIES_FILE': 'C:\\slave\\test/buildprops.json', 'PATH': 'C:\\Program Files (x86)\\NVIDIA Corporation\\PhysX\\Common;C:\\windows\\system32;C:\\windows;C:\\windows\\System32\\Wbem;C:\\windows\\System32\\WindowsPowerShell\\v1.0\\;C:\\mozilla-build\\python27;C:\\mozilla-build\\python27\\Scripts;C:\\mozilla-build\\msys\\bin;C:\\mozilla-build\\vim\\vim72;C:\\mozilla-build\\wget;C:\\mozilla-build\\info-zip;C:\\CoreUtils\\bin;C:\\mozilla-build\\buildbotve\\scripts;C:\\mozilla-build\\hg', 'PROMPT': '$P$G', 'NO_FAIL_ON_TEST_ERRORS': '1', 'PATHEXT': '.COM;.EXE;.BAT;.CMD;.VBS;.VBE;.JS;.JSE;.WSF;.WSH;.MSC', 'FP_NO_HOST_CHECK': 'NO', 'DCLOCATION': 'SCL3', 'APPDATA': 'C:\\Users\\cltbld.T-W864-IX-030.001\\AppData\\Roaming', 'HOMEDRIVE': 'C:', 'SYSTEMDRIVE': 'C:', 'SLAVEDIR': 'C:\\slave\\', 'NUMBER_OF_PROCESSORS': '8', 'PWD': 'C:\\slave\\test', 'PROCESSOR_LEVEL': '6', 'KTS_HOME': 'C:\\Program Files\\KTS', 'PROCESSOR_ARCHITEW6432': 'AMD64', 'MOZ_CRASHREPORTER_NO_REPORT': '1', 'COMMONPROGRAMW6432': 'C:\\Program Files\\Common Files', 'OS': 'Windows_NT', 'PUBLIC': 'C:\\Users\\Public', 'WINDIR': 'C:\\windows'}}, attempt #1
17:03:29     INFO - Running command: ['C:\\slave\\test\\build\\venv\\Scripts\\pip', 'install', '--timeout', '120', '--no-index', '--find-links', 'http://pypi.pvt.build.mozilla.org/pub', '--find-links', 'http://pypi.pub.build.mozilla.org/pub', '--trusted-host', 'pypi.pub.build.mozilla.org', '--trusted-host', 'pypi.pvt.build.mozilla.org', 'psutil==3.1.1'] in C:\slave\test\build
17:03:29     INFO - Copy/paste: C:\slave\test\build\venv\Scripts\pip install --timeout 120 --no-index --find-links http://pypi.pvt.build.mozilla.org/pub --find-links http://pypi.pub.build.mozilla.org/pub --trusted-host pypi.pub.build.mozilla.org --trusted-host pypi.pvt.build.mozilla.org psutil==3.1.1
17:03:29     INFO - Using env: {'ALLUSERSPROFILE': 'C:\\ProgramData',
17:03:29     INFO -  'APPDATA': 'C:\\Users\\cltbld.T-W864-IX-030.001\\AppData\\Roaming',
17:03:29     INFO -  'COMMONPROGRAMFILES': 'C:\\Program Files (x86)\\Common Files',
17:03:29     INFO -  'COMMONPROGRAMFILES(X86)': 'C:\\Program Files (x86)\\Common Files',
17:03:29     INFO -  'COMMONPROGRAMW6432': 'C:\\Program Files\\Common Files',
17:03:29     INFO -  'COMPUTERNAME': 'T-W864-IX-030',
17:03:29     INFO -  'COMSPEC': 'C:\\windows\\system32\\cmd.exe',
17:03:29     INFO -  'DCLOCATION': 'SCL3',
17:03:29     INFO -  'DNSSUFFIX': 'wintest.releng.scl3.mozilla.com',
17:03:29     INFO -  'FP_NO_HOST_CHECK': 'NO',
17:03:29     INFO -  'HOMEDRIVE': 'C:',
17:03:29     INFO -  'HOMEPATH': '\\Users\\cltbld.T-W864-IX-030.001',
17:03:29     INFO -  'KTS_HOME': 'C:\\Program Files\\KTS',
17:03:29     INFO -  'KTS_VERSION': '1.19c',
17:03:29     INFO -  'LOCALAPPDATA': 'C:\\Users\\cltbld.T-W864-IX-030.001\\AppData\\Local',
17:03:29     INFO -  'LOGONSERVER': '\\\\T-W864-IX-030',
17:03:29     INFO -  'MONDIR': 'C:\\Monitor_config\\',
17:03:29     INFO -  'MOZBUILDDIR': 'C:\\mozilla-build\\',
17:03:29     INFO -  'MOZ_CRASHREPORTER_NO_REPORT': '1',
17:03:29     INFO -  'MOZ_HIDE_RESULTS_TABLE': '1',
17:03:29     INFO -  'MOZ_NO_REMOTE': '1',
17:03:29     INFO -  'NO_EM_RESTART': '1',
17:03:29     INFO -  'NO_FAIL_ON_TEST_ERRORS': '1',
17:03:29     INFO -  'NUMBER_OF_PROCESSORS': '8',
17:03:29     INFO -  'OS': 'Windows_NT',
17:03:29     INFO -  'OURDRIVE': 'C:',
17:03:29     INFO -  'PATH': 'C:\\Program Files (x86)\\NVIDIA Corporation\\PhysX\\Common;C:\\windows\\system32;C:\\windows;C:\\windows\\System32\\Wbem;C:\\windows\\System32\\WindowsPowerShell\\v1.0\\;C:\\mozilla-build\\python27;C:\\mozilla-build\\python27\\Scripts;C:\\mozilla-build\\msys\\bin;C:\\mozilla-build\\vim\\vim72;C:\\mozilla-build\\wget;C:\\mozilla-build\\info-zip;C:\\CoreUtils\\bin;C:\\mozilla-build\\buildbotve\\scripts;C:\\mozilla-build\\hg',
17:03:29     INFO -  'PATHEXT': '.COM;.EXE;.BAT;.CMD;.VBS;.VBE;.JS;.JSE;.WSF;.WSH;.MSC',
17:03:29     INFO -  'PROCESSOR_ARCHITECTURE': 'x86',
17:03:29     INFO -  'PROCESSOR_ARCHITEW6432': 'AMD64',
17:03:29     INFO -  'PROCESSOR_IDENTIFIER': 'Intel64 Family 6 Model 30 Stepping 5, GenuineIntel',
17:03:29     INFO -  'PROCESSOR_LEVEL': '6',
17:03:29     INFO -  'PROCESSOR_REVISION': '1e05',
17:03:29     INFO -  'PROGRAMDATA': 'C:\\ProgramData',
17:03:29     INFO -  'PROGRAMFILES': 'C:\\Program Files (x86)',
17:03:29     INFO -  'PROGRAMFILES(X86)': 'C:\\Program Files (x86)',
17:03:29     INFO -  'PROGRAMW6432': 'C:\\Program Files',
17:03:29     INFO -  'PROMPT': '$P$G',
17:03:29     INFO -  'PROPERTIES_FILE': 'C:\\slave\\test/buildprops.json',
17:03:29     INFO -  'PSMODULEPATH': 'C:\\windows\\system32\\WindowsPowerShell\\v1.0\\Modules\\',
17:03:29     INFO -  'PUBLIC': 'C:\\Users\\Public',
17:03:29     INFO -  'PWD': 'C:\\slave\\test',
17:03:29     INFO -  'RUNLOGFILE': 'C:\\slave\\\\runslave.log',
17:03:29     INFO -  'SLAVEDIR': 'C:\\slave\\',
17:03:29     INFO -  'SYSTEMDRIVE': 'C:',
17:03:29     INFO -  'SYSTEMROOT': 'C:\\windows',
17:03:29     INFO -  'TEMP': 'C:\\Users\\CLTBLD~1.001\\AppData\\Local\\Temp',
17:03:29     INFO -  'TEST1': 'testie',
17:03:29     INFO -  'TMP': 'C:\\Users\\CLTBLD~1.001\\AppData\\Local\\Temp',
17:03:29     INFO -  'USERDOMAIN': 'T-W864-IX-030',
17:03:29     INFO -  'USERDOMAIN_ROAMINGPROFILE': 'T-W864-IX-030',
17:03:29     INFO -  'USERNAME': 'cltbld',
17:03:29     INFO -  'USERPROFILE': 'C:\\Users\\cltbld.T-W864-IX-030.001',
17:03:29     INFO -  'WINDIR': 'C:\\windows',
17:03:29     INFO -  'XPCOM_DEBUG_BREAK': 'warn'}
17:03:29     INFO -  Ignoring indexes: https://pypi.python.org/simple
17:03:29     INFO -  Collecting psutil==3.1.1
17:03:30     INFO -    Downloading http://pypi.pvt.build.mozilla.org/pub/psutil-3.1.1-cp27-none-win32.whl (87kB)
17:03:30     INFO -  Installing collected packages: psutil
17:03:30     INFO -    Found existing installation: psutil 5.4.3
17:03:30     INFO -      Uninstalling psutil-5.4.3:
17:03:31     INFO -        Successfully uninstalled psutil-5.4.3
17:03:31     INFO -  Successfully installed psutil-3.1.1
17:03:31     INFO - Return code: 0
17:03:31     INFO - Installing mock into virtualenv C:\slave\test\build\venv
17:03:31     INFO - retry: Calling run_command with args: [['C:\\slave\\test\\build\\venv\\Scripts\\pip', 'install', '--timeout', '120', '--no-index', '--find-links', 'http://pypi.pvt.build.mozilla.org/pub', '--find-links', 'http://pypi.pub.build.mozilla.org/pub', '--trusted-host', 'pypi.pub.build.mozilla.org', '--trusted-host', 'pypi.pvt.build.mozilla.org', 'mock']], kwargs: {'error_level': 'warning', 'error_list': [{'substr': 'not found or a compiler error:', 'level': 'warning'}, {'regex': <_sre.SRE_Pattern object at 0x022D23A0>, 'level': 'error'}, {'regex': <_sre.SRE_Pattern object at 0x023C3020>, 'level': 'warning'}, {'regex': <_sre.SRE_Pattern object at 0x023F9940>, 'level': 'debug'}, {'substr': 'command not found', 'level': 'error'}, {'regex': <_sre.SRE_Pattern object at 0x02374758>, 'level': 'warning'}, {'substr': 'Traceback (most recent call last)', 'level': 'error'}, {'substr': 'SyntaxError: ', 'level': 'error'}, {'substr': 'TypeError: ', 'level': 'error'}, {'substr': 'NameError: ', 'level': 'error'}, {'substr': 'ZeroDivisionError: ', 'level': 'error'}, {'regex': <_sre.SRE_Pattern object at 0x01DAAB20>, 'level': 'critical'}, {'regex': <_sre.SRE_Pattern object at 0x02393660>, 'level': 'critical'}], 'cwd': 'C:\\slave\\test\\build', 'env': {'TMP': 'C:\\Users\\CLTBLD~1.001\\AppData\\Local\\Temp', 'TEST1': 'testie', 'COMPUTERNAME': 'T-W864-IX-030', 'USERDOMAIN': 'T-W864-IX-030', 'KTS_VERSION': '1.19c', 'PSMODULEPATH': 'C:\\windows\\system32\\WindowsPowerShell\\v1.0\\Modules\\', 'COMMONPROGRAMFILES': 'C:\\Program Files (x86)\\Common Files', 'PROCESSOR_IDENTIFIER': 'Intel64 Family 6 Model 30 Stepping 5, GenuineIntel', 'PROGRAMFILES': 'C:\\Program Files (x86)', 'PROCESSOR_REVISION': '1e05', 'DNSSUFFIX': 'wintest.releng.scl3.mozilla.com', 'SYSTEMROOT': 'C:\\windows', 'NO_EM_RESTART': '1', 'PROGRAMFILES(X86)': 'C:\\Program Files (x86)', 'OURDRIVE': 'C:', 'MOZ_HIDE_RESULTS_TABLE': '1', 'XPCOM_DEBUG_BREAK': 'warn', 'MONDIR': 'C:\\Monitor_config\\', 'TEMP': 'C:\\Users\\CLTBLD~1.001\\AppData\\Local\\Temp', 'COMMONPROGRAMFILES(X86)': 'C:\\Program Files (x86)\\Common Files', 'RUNLOGFILE': 'C:\\slave\\\\runslave.log', 'PROCESSOR_ARCHITECTURE': 'x86', 'ALLUSERSPROFILE': 'C:\\ProgramData', 'USERPROFILE': 'C:\\Users\\cltbld.T-W864-IX-030.001', 'LOCALAPPDATA': 'C:\\Users\\cltbld.T-W864-IX-030.001\\AppData\\Local', 'HOMEPATH': '\\Users\\cltbld.T-W864-IX-030.001', 'USERDOMAIN_ROAMINGPROFILE': 'T-W864-IX-030', 'MOZBUILDDIR': 'C:\\mozilla-build\\', 'PROGRAMW6432': 'C:\\Program Files', 'USERNAME': 'cltbld', 'LOGONSERVER': '\\\\T-W864-IX-030', 'MOZ_NO_REMOTE': '1', 'COMSPEC': 'C:\\windows\\system32\\cmd.exe', 'PROGRAMDATA': 'C:\\ProgramData', 'PROPERTIES_FILE': 'C:\\slave\\test/buildprops.json', 'PATH': 'C:\\Program Files (x86)\\NVIDIA Corporation\\PhysX\\Common;C:\\windows\\system32;C:\\windows;C:\\windows\\System32\\Wbem;C:\\windows\\System32\\WindowsPowerShell\\v1.0\\;C:\\mozilla-build\\python27;C:\\mozilla-build\\python27\\Scripts;C:\\mozilla-build\\msys\\bin;C:\\mozilla-build\\vim\\vim72;C:\\mozilla-build\\wget;C:\\mozilla-build\\info-zip;C:\\CoreUtils\\bin;C:\\mozilla-build\\buildbotve\\scripts;C:\\mozilla-build\\hg', 'PROMPT': '$P$G', 'NO_FAIL_ON_TEST_ERRORS': '1', 'PATHEXT': '.COM;.EXE;.BAT;.CMD;.VBS;.VBE;.JS;.JSE;.WSF;.WSH;.MSC', 'FP_NO_HOST_CHECK': 'NO', 'DCLOCATION': 'SCL3', 'APPDATA': 'C:\\Users\\cltbld.T-W864-IX-030.001\\AppData\\Roaming', 'HOMEDRIVE': 'C:', 'SYSTEMDRIVE': 'C:', 'SLAVEDIR': 'C:\\slave\\', 'NUMBER_OF_PROCESSORS': '8', 'PWD': 'C:\\slave\\test', 'PROCESSOR_LEVEL': '6', 'KTS_HOME': 'C:\\Program Files\\KTS', 'PROCESSOR_ARCHITEW6432': 'AMD64', 'MOZ_CRASHREPORTER_NO_REPORT': '1', 'COMMONPROGRAMW6432': 'C:\\Program Files\\Common Files', 'OS': 'Windows_NT', 'PUBLIC': 'C:\\Users\\Public', 'WINDIR': 'C:\\windows'}}, attempt #1
17:03:31     INFO - Running command: ['C:\\slave\\test\\build\\venv\\Scripts\\pip', 'install', '--timeout', '120', '--no-index', '--find-links', 'http://pypi.pvt.build.mozilla.org/pub', '--find-links', 'http://pypi.pub.build.mozilla.org/pub', '--trusted-host', 'pypi.pub.build.mozilla.org', '--trusted-host', 'pypi.pvt.build.mozilla.org', 'mock'] in C:\slave\test\build
17:03:31     INFO - Copy/paste: C:\slave\test\build\venv\Scripts\pip install --timeout 120 --no-index --find-links http://pypi.pvt.build.mozilla.org/pub --find-links http://pypi.pub.build.mozilla.org/pub --trusted-host pypi.pub.build.mozilla.org --trusted-host pypi.pvt.build.mozilla.org mock
17:03:31     INFO - Using env: {'ALLUSERSPROFILE': 'C:\\ProgramData',
17:03:31     INFO -  'APPDATA': 'C:\\Users\\cltbld.T-W864-IX-030.001\\AppData\\Roaming',
17:03:31     INFO -  'COMMONPROGRAMFILES': 'C:\\Program Files (x86)\\Common Files',
17:03:31     INFO -  'COMMONPROGRAMFILES(X86)': 'C:\\Program Files (x86)\\Common Files',
17:03:31     INFO -  'COMMONPROGRAMW6432': 'C:\\Program Files\\Common Files',
17:03:31     INFO -  'COMPUTERNAME': 'T-W864-IX-030',
17:03:31     INFO -  'COMSPEC': 'C:\\windows\\system32\\cmd.exe',
17:03:31     INFO -  'DCLOCATION': 'SCL3',
17:03:31     INFO -  'DNSSUFFIX': 'wintest.releng.scl3.mozilla.com',
17:03:31     INFO -  'FP_NO_HOST_CHECK': 'NO',
17:03:31     INFO -  'HOMEDRIVE': 'C:',
17:03:31     INFO -  'HOMEPATH': '\\Users\\cltbld.T-W864-IX-030.001',
17:03:31     INFO -  'KTS_HOME': 'C:\\Program Files\\KTS',
17:03:31     INFO -  'KTS_VERSION': '1.19c',
17:03:31     INFO -  'LOCALAPPDATA': 'C:\\Users\\cltbld.T-W864-IX-030.001\\AppData\\Local',
17:03:31     INFO -  'LOGONSERVER': '\\\\T-W864-IX-030',
17:03:31     INFO -  'MONDIR': 'C:\\Monitor_config\\',
17:03:31     INFO -  'MOZBUILDDIR': 'C:\\mozilla-build\\',
17:03:31     INFO -  'MOZ_CRASHREPORTER_NO_REPORT': '1',
17:03:31     INFO -  'MOZ_HIDE_RESULTS_TABLE': '1',
17:03:31     INFO -  'MOZ_NO_REMOTE': '1',
17:03:31     INFO -  'NO_EM_RESTART': '1',
17:03:31     INFO -  'NO_FAIL_ON_TEST_ERRORS': '1',
17:03:31     INFO -  'NUMBER_OF_PROCESSORS': '8',
17:03:31     INFO -  'OS': 'Windows_NT',
17:03:31     INFO -  'OURDRIVE': 'C:',
17:03:31     INFO -  'PATH': 'C:\\Program Files (x86)\\NVIDIA Corporation\\PhysX\\Common;C:\\windows\\system32;C:\\windows;C:\\windows\\System32\\Wbem;C:\\windows\\System32\\WindowsPowerShell\\v1.0\\;C:\\mozilla-build\\python27;C:\\mozilla-build\\python27\\Scripts;C:\\mozilla-build\\msys\\bin;C:\\mozilla-build\\vim\\vim72;C:\\mozilla-build\\wget;C:\\mozilla-build\\info-zip;C:\\CoreUtils\\bin;C:\\mozilla-build\\buildbotve\\scripts;C:\\mozilla-build\\hg',
17:03:31     INFO -  'PATHEXT': '.COM;.EXE;.BAT;.CMD;.VBS;.VBE;.JS;.JSE;.WSF;.WSH;.MSC',
17:03:31     INFO -  'PROCESSOR_ARCHITECTURE': 'x86',
17:03:31     INFO -  'PROCESSOR_ARCHITEW6432': 'AMD64',
17:03:31     INFO -  'PROCESSOR_IDENTIFIER': 'Intel64 Family 6 Model 30 Stepping 5, GenuineIntel',
17:03:31     INFO -  'PROCESSOR_LEVEL': '6',
17:03:31     INFO -  'PROCESSOR_REVISION': '1e05',
17:03:31     INFO -  'PROGRAMDATA': 'C:\\ProgramData',
17:03:31     INFO -  'PROGRAMFILES': 'C:\\Program Files (x86)',
17:03:31     INFO -  'PROGRAMFILES(X86)': 'C:\\Program Files (x86)',
17:03:31     INFO -  'PROGRAMW6432': 'C:\\Program Files',
17:03:31     INFO -  'PROMPT': '$P$G',
17:03:31     INFO -  'PROPERTIES_FILE': 'C:\\slave\\test/buildprops.json',
17:03:31     INFO -  'PSMODULEPATH': 'C:\\windows\\system32\\WindowsPowerShell\\v1.0\\Modules\\',
17:03:31     INFO -  'PUBLIC': 'C:\\Users\\Public',
17:03:31     INFO -  'PWD': 'C:\\slave\\test',
17:03:31     INFO -  'RUNLOGFILE': 'C:\\slave\\\\runslave.log',
17:03:31     INFO -  'SLAVEDIR': 'C:\\slave\\',
17:03:31     INFO -  'SYSTEMDRIVE': 'C:',
17:03:31     INFO -  'SYSTEMROOT': 'C:\\windows',
17:03:31     INFO -  'TEMP': 'C:\\Users\\CLTBLD~1.001\\AppData\\Local\\Temp',
17:03:31     INFO -  'TEST1': 'testie',
17:03:31     INFO -  'TMP': 'C:\\Users\\CLTBLD~1.001\\AppData\\Local\\Temp',
17:03:31     INFO -  'USERDOMAIN': 'T-W864-IX-030',
17:03:31     INFO -  'USERDOMAIN_ROAMINGPROFILE': 'T-W864-IX-030',
17:03:31     INFO -  'USERNAME': 'cltbld',
17:03:31     INFO -  'USERPROFILE': 'C:\\Users\\cltbld.T-W864-IX-030.001',
17:03:31     INFO -  'WINDIR': 'C:\\windows',
17:03:31     INFO -  'XPCOM_DEBUG_BREAK': 'warn'}
17:03:31     INFO -  Ignoring indexes: https://pypi.python.org/simple
17:03:31     INFO -  Collecting mock
17:03:33     INFO -  Installing collected packages: mock
17:03:33     INFO -  Successfully installed mock-1.0.1
17:03:33     INFO - Return code: 0
17:03:33     INFO - Installing simplejson into virtualenv C:\slave\test\build\venv
17:03:33     INFO - retry: Calling run_command with args: [['C:\\slave\\test\\build\\venv\\Scripts\\pip', 'install', '--timeout', '120', '--no-index', '--find-links', 'http://pypi.pvt.build.mozilla.org/pub', '--find-links', 'http://pypi.pub.build.mozilla.org/pub', '--trusted-host', 'pypi.pub.build.mozilla.org', '--trusted-host', 'pypi.pvt.build.mozilla.org', 'simplejson']], kwargs: {'error_level': 'warning', 'error_list': [{'substr': 'not found or a compiler error:', 'level': 'warning'}, {'regex': <_sre.SRE_Pattern object at 0x022D23A0>, 'level': 'error'}, {'regex': <_sre.SRE_Pattern object at 0x023C3020>, 'level': 'warning'}, {'regex': <_sre.SRE_Pattern object at 0x023F9940>, 'level': 'debug'}, {'substr': 'command not found', 'level': 'error'}, {'regex': <_sre.SRE_Pattern object at 0x02374758>, 'level': 'warning'}, {'substr': 'Traceback (most recent call last)', 'level': 'error'}, {'substr': 'SyntaxError: ', 'level': 'error'}, {'substr': 'TypeError: ', 'level': 'error'}, {'substr': 'NameError: ', 'level': 'error'}, {'substr': 'ZeroDivisionError: ', 'level': 'error'}, {'regex': <_sre.SRE_Pattern object at 0x01DAAB20>, 'level': 'critical'}, {'regex': <_sre.SRE_Pattern object at 0x02393660>, 'level': 'critical'}], 'cwd': 'C:\\slave\\test\\build', 'env': {'TMP': 'C:\\Users\\CLTBLD~1.001\\AppData\\Local\\Temp', 'TEST1': 'testie', 'COMPUTERNAME': 'T-W864-IX-030', 'USERDOMAIN': 'T-W864-IX-030', 'KTS_VERSION': '1.19c', 'PSMODULEPATH': 'C:\\windows\\system32\\WindowsPowerShell\\v1.0\\Modules\\', 'COMMONPROGRAMFILES': 'C:\\Program Files (x86)\\Common Files', 'PROCESSOR_IDENTIFIER': 'Intel64 Family 6 Model 30 Stepping 5, GenuineIntel', 'PROGRAMFILES': 'C:\\Program Files (x86)', 'PROCESSOR_REVISION': '1e05', 'DNSSUFFIX': 'wintest.releng.scl3.mozilla.com', 'SYSTEMROOT': 'C:\\windows', 'NO_EM_RESTART': '1', 'PROGRAMFILES(X86)': 'C:\\Program Files (x86)', 'OURDRIVE': 'C:', 'MOZ_HIDE_RESULTS_TABLE': '1', 'XPCOM_DEBUG_BREAK': 'warn', 'MONDIR': 'C:\\Monitor_config\\', 'TEMP': 'C:\\Users\\CLTBLD~1.001\\AppData\\Local\\Temp', 'COMMONPROGRAMFILES(X86)': 'C:\\Program Files (x86)\\Common Files', 'RUNLOGFILE': 'C:\\slave\\\\runslave.log', 'PROCESSOR_ARCHITECTURE': 'x86', 'ALLUSERSPROFILE': 'C:\\ProgramData', 'USERPROFILE': 'C:\\Users\\cltbld.T-W864-IX-030.001', 'LOCALAPPDATA': 'C:\\Users\\cltbld.T-W864-IX-030.001\\AppData\\Local', 'HOMEPATH': '\\Users\\cltbld.T-W864-IX-030.001', 'USERDOMAIN_ROAMINGPROFILE': 'T-W864-IX-030', 'MOZBUILDDIR': 'C:\\mozilla-build\\', 'PROGRAMW6432': 'C:\\Program Files', 'USERNAME': 'cltbld', 'LOGONSERVER': '\\\\T-W864-IX-030', 'MOZ_NO_REMOTE': '1', 'COMSPEC': 'C:\\windows\\system32\\cmd.exe', 'PROGRAMDATA': 'C:\\ProgramData', 'PROPERTIES_FILE': 'C:\\slave\\test/buildprops.json', 'PATH': 'C:\\Program Files (x86)\\NVIDIA Corporation\\PhysX\\Common;C:\\windows\\system32;C:\\windows;C:\\windows\\System32\\Wbem;C:\\windows\\System32\\WindowsPowerShell\\v1.0\\;C:\\mozilla-build\\python27;C:\\mozilla-build\\python27\\Scripts;C:\\mozilla-build\\msys\\bin;C:\\mozilla-build\\vim\\vim72;C:\\mozilla-build\\wget;C:\\mozilla-build\\info-zip;C:\\CoreUtils\\bin;C:\\mozilla-build\\buildbotve\\scripts;C:\\mozilla-build\\hg', 'PROMPT': '$P$G', 'NO_FAIL_ON_TEST_ERRORS': '1', 'PATHEXT': '.COM;.EXE;.BAT;.CMD;.VBS;.VBE;.JS;.JSE;.WSF;.WSH;.MSC', 'FP_NO_HOST_CHECK': 'NO', 'DCLOCATION': 'SCL3', 'APPDATA': 'C:\\Users\\cltbld.T-W864-IX-030.001\\AppData\\Roaming', 'HOMEDRIVE': 'C:', 'SYSTEMDRIVE': 'C:', 'SLAVEDIR': 'C:\\slave\\', 'NUMBER_OF_PROCESSORS': '8', 'PWD': 'C:\\slave\\test', 'PROCESSOR_LEVEL': '6', 'KTS_HOME': 'C:\\Program Files\\KTS', 'PROCESSOR_ARCHITEW6432': 'AMD64', 'MOZ_CRASHREPORTER_NO_REPORT': '1', 'COMMONPROGRAMW6432': 'C:\\Program Files\\Common Files', 'OS': 'Windows_NT', 'PUBLIC': 'C:\\Users\\Public', 'WINDIR': 'C:\\windows'}}, attempt #1
17:03:33     INFO - Running command: ['C:\\slave\\test\\build\\venv\\Scripts\\pip', 'install', '--timeout', '120', '--no-index', '--find-links', 'http://pypi.pvt.build.mozilla.org/pub', '--find-links', 'http://pypi.pub.build.mozilla.org/pub', '--trusted-host', 'pypi.pub.build.mozilla.org', '--trusted-host', 'pypi.pvt.build.mozilla.org', 'simplejson'] in C:\slave\test\build
17:03:33     INFO - Copy/paste: C:\slave\test\build\venv\Scripts\pip install --timeout 120 --no-index --find-links http://pypi.pvt.build.mozilla.org/pub --find-links http://pypi.pub.build.mozilla.org/pub --trusted-host pypi.pub.build.mozilla.org --trusted-host pypi.pvt.build.mozilla.org simplejson
17:03:33     INFO - Using env: {'ALLUSERSPROFILE': 'C:\\ProgramData',
17:03:33     INFO -  'APPDATA': 'C:\\Users\\cltbld.T-W864-IX-030.001\\AppData\\Roaming',
17:03:33     INFO -  'COMMONPROGRAMFILES': 'C:\\Program Files (x86)\\Common Files',
17:03:33     INFO -  'COMMONPROGRAMFILES(X86)': 'C:\\Program Files (x86)\\Common Files',
17:03:33     INFO -  'COMMONPROGRAMW6432': 'C:\\Program Files\\Common Files',
17:03:33     INFO -  'COMPUTERNAME': 'T-W864-IX-030',
17:03:33     INFO -  'COMSPEC': 'C:\\windows\\system32\\cmd.exe',
17:03:33     INFO -  'DCLOCATION': 'SCL3',
17:03:33     INFO -  'DNSSUFFIX': 'wintest.releng.scl3.mozilla.com',
17:03:33     INFO -  'FP_NO_HOST_CHECK': 'NO',
17:03:33     INFO -  'HOMEDRIVE': 'C:',
17:03:33     INFO -  'HOMEPATH': '\\Users\\cltbld.T-W864-IX-030.001',
17:03:33     INFO -  'KTS_HOME': 'C:\\Program Files\\KTS',
17:03:33     INFO -  'KTS_VERSION': '1.19c',
17:03:33     INFO -  'LOCALAPPDATA': 'C:\\Users\\cltbld.T-W864-IX-030.001\\AppData\\Local',
17:03:33     INFO -  'LOGONSERVER': '\\\\T-W864-IX-030',
17:03:33     INFO -  'MONDIR': 'C:\\Monitor_config\\',
17:03:33     INFO -  'MOZBUILDDIR': 'C:\\mozilla-build\\',
17:03:33     INFO -  'MOZ_CRASHREPORTER_NO_REPORT': '1',
17:03:33     INFO -  'MOZ_HIDE_RESULTS_TABLE': '1',
17:03:33     INFO -  'MOZ_NO_REMOTE': '1',
17:03:33     INFO -  'NO_EM_RESTART': '1',
17:03:33     INFO -  'NO_FAIL_ON_TEST_ERRORS': '1',
17:03:33     INFO -  'NUMBER_OF_PROCESSORS': '8',
17:03:33     INFO -  'OS': 'Windows_NT',
17:03:33     INFO -  'OURDRIVE': 'C:',
17:03:33     INFO -  'PATH': 'C:\\Program Files (x86)\\NVIDIA Corporation\\PhysX\\Common;C:\\windows\\system32;C:\\windows;C:\\windows\\System32\\Wbem;C:\\windows\\System32\\WindowsPowerShell\\v1.0\\;C:\\mozilla-build\\python27;C:\\mozilla-build\\python27\\Scripts;C:\\mozilla-build\\msys\\bin;C:\\mozilla-build\\vim\\vim72;C:\\mozilla-build\\wget;C:\\mozilla-build\\info-zip;C:\\CoreUtils\\bin;C:\\mozilla-build\\buildbotve\\scripts;C:\\mozilla-build\\hg',
17:03:33     INFO -  'PATHEXT': '.COM;.EXE;.BAT;.CMD;.VBS;.VBE;.JS;.JSE;.WSF;.WSH;.MSC',
17:03:33     INFO -  'PROCESSOR_ARCHITECTURE': 'x86',
17:03:33     INFO -  'PROCESSOR_ARCHITEW6432': 'AMD64',
17:03:33     INFO -  'PROCESSOR_IDENTIFIER': 'Intel64 Family 6 Model 30 Stepping 5, GenuineIntel',
17:03:33     INFO -  'PROCESSOR_LEVEL': '6',
17:03:33     INFO -  'PROCESSOR_REVISION': '1e05',
17:03:33     INFO -  'PROGRAMDATA': 'C:\\ProgramData',
17:03:33     INFO -  'PROGRAMFILES': 'C:\\Program Files (x86)',
17:03:33     INFO -  'PROGRAMFILES(X86)': 'C:\\Program Files (x86)',
17:03:33     INFO -  'PROGRAMW6432': 'C:\\Program Files',
17:03:33     INFO -  'PROMPT': '$P$G',
17:03:33     INFO -  'PROPERTIES_FILE': 'C:\\slave\\test/buildprops.json',
17:03:33     INFO -  'PSMODULEPATH': 'C:\\windows\\system32\\WindowsPowerShell\\v1.0\\Modules\\',
17:03:33     INFO -  'PUBLIC': 'C:\\Users\\Public',
17:03:33     INFO -  'PWD': 'C:\\slave\\test',
17:03:33     INFO -  'RUNLOGFILE': 'C:\\slave\\\\runslave.log',
17:03:33     INFO -  'SLAVEDIR': 'C:\\slave\\',
17:03:33     INFO -  'SYSTEMDRIVE': 'C:',
17:03:33     INFO -  'SYSTEMROOT': 'C:\\windows',
17:03:33     INFO -  'TEMP': 'C:\\Users\\CLTBLD~1.001\\AppData\\Local\\Temp',
17:03:33     INFO -  'TEST1': 'testie',
17:03:33     INFO -  'TMP': 'C:\\Users\\CLTBLD~1.001\\AppData\\Local\\Temp',
17:03:33     INFO -  'USERDOMAIN': 'T-W864-IX-030',
17:03:33     INFO -  'USERDOMAIN_ROAMINGPROFILE': 'T-W864-IX-030',
17:03:33     INFO -  'USERNAME': 'cltbld',
17:03:33     INFO -  'USERPROFILE': 'C:\\Users\\cltbld.T-W864-IX-030.001',
17:03:33     INFO -  'WINDIR': 'C:\\windows',
17:03:33     INFO -  'XPCOM_DEBUG_BREAK': 'warn'}
17:03:33     INFO -  Ignoring indexes: https://pypi.python.org/simple
17:03:33     INFO -  Collecting simplejson
17:03:34     INFO -  Installing collected packages: simplejson
17:03:35     INFO -  Successfully installed simplejson-3.3.0
17:03:35     INFO - Return code: 0
17:03:35     INFO - Installing None into virtualenv C:\slave\test\build\venv
17:03:35     INFO - retry: Calling run_command with args: [['C:\\slave\\test\\build\\venv\\Scripts\\pip', 'install', '--no-deps', '--timeout', '120', '-r', 'C:\\slave\\test\\build\\tests\\config\\marionette_requirements.txt', '--no-index', '--find-links', 'http://pypi.pvt.build.mozilla.org/pub', '--find-links', 'http://pypi.pub.build.mozilla.org/pub', '--trusted-host', 'pypi.pub.build.mozilla.org', '--trusted-host', 'pypi.pvt.build.mozilla.org']], kwargs: {'error_level': 'warning', 'error_list': [{'substr': 'not found or a compiler error:', 'level': 'warning'}, {'regex': <_sre.SRE_Pattern object at 0x022D23A0>, 'level': 'error'}, {'regex': <_sre.SRE_Pattern object at 0x023C3020>, 'level': 'warning'}, {'regex': <_sre.SRE_Pattern object at 0x023F9940>, 'level': 'debug'}, {'substr': 'command not found', 'level': 'error'}, {'regex': <_sre.SRE_Pattern object at 0x02374758>, 'level': 'warning'}, {'substr': 'Traceback (most recent call last)', 'level': 'error'}, {'substr': 'SyntaxError: ', 'level': 'error'}, {'substr': 'TypeError: ', 'level': 'error'}, {'substr': 'NameError: ', 'level': 'error'}, {'substr': 'ZeroDivisionError: ', 'level': 'error'}, {'regex': <_sre.SRE_Pattern object at 0x01DAAB20>, 'level': 'critical'}, {'regex': <_sre.SRE_Pattern object at 0x02393660>, 'level': 'critical'}], 'cwd': 'C:\\slave\\test\\build\\tests\\config', 'env': {'TMP': 'C:\\Users\\CLTBLD~1.001\\AppData\\Local\\Temp', 'TEST1': 'testie', 'COMPUTERNAME': 'T-W864-IX-030', 'USERDOMAIN': 'T-W864-IX-030', 'KTS_VERSION': '1.19c', 'PSMODULEPATH': 'C:\\windows\\system32\\WindowsPowerShell\\v1.0\\Modules\\', 'COMMONPROGRAMFILES': 'C:\\Program Files (x86)\\Common Files', 'PROCESSOR_IDENTIFIER': 'Intel64 Family 6 Model 30 Stepping 5, GenuineIntel', 'PROGRAMFILES': 'C:\\Program Files (x86)', 'PROCESSOR_REVISION': '1e05', 'DNSSUFFIX': 'wintest.releng.scl3.mozilla.com', 'SYSTEMROOT': 'C:\\windows', 'NO_EM_RESTART': '1', 'PROGRAMFILES(X86)': 'C:\\Program Files (x86)', 'OURDRIVE': 'C:', 'MOZ_HIDE_RESULTS_TABLE': '1', 'XPCOM_DEBUG_BREAK': 'warn', 'MONDIR': 'C:\\Monitor_config\\', 'TEMP': 'C:\\Users\\CLTBLD~1.001\\AppData\\Local\\Temp', 'COMMONPROGRAMFILES(X86)': 'C:\\Program Files (x86)\\Common Files', 'RUNLOGFILE': 'C:\\slave\\\\runslave.log', 'PROCESSOR_ARCHITECTURE': 'x86', 'ALLUSERSPROFILE': 'C:\\ProgramData', 'USERPROFILE': 'C:\\Users\\cltbld.T-W864-IX-030.001', 'LOCALAPPDATA': 'C:\\Users\\cltbld.T-W864-IX-030.001\\AppData\\Local', 'HOMEPATH': '\\Users\\cltbld.T-W864-IX-030.001', 'USERDOMAIN_ROAMINGPROFILE': 'T-W864-IX-030', 'MOZBUILDDIR': 'C:\\mozilla-build\\', 'PROGRAMW6432': 'C:\\Program Files', 'USERNAME': 'cltbld', 'LOGONSERVER': '\\\\T-W864-IX-030', 'MOZ_NO_REMOTE': '1', 'COMSPEC': 'C:\\windows\\system32\\cmd.exe', 'PROGRAMDATA': 'C:\\ProgramData', 'PROPERTIES_FILE': 'C:\\slave\\test/buildprops.json', 'PATH': 'C:\\Program Files (x86)\\NVIDIA Corporation\\PhysX\\Common;C:\\windows\\system32;C:\\windows;C:\\windows\\System32\\Wbem;C:\\windows\\System32\\WindowsPowerShell\\v1.0\\;C:\\mozilla-build\\python27;C:\\mozilla-build\\python27\\Scripts;C:\\mozilla-build\\msys\\bin;C:\\mozilla-build\\vim\\vim72;C:\\mozilla-build\\wget;C:\\mozilla-build\\info-zip;C:\\CoreUtils\\bin;C:\\mozilla-build\\buildbotve\\scripts;C:\\mozilla-build\\hg', 'PROMPT': '$P$G', 'NO_FAIL_ON_TEST_ERRORS': '1', 'PATHEXT': '.COM;.EXE;.BAT;.CMD;.VBS;.VBE;.JS;.JSE;.WSF;.WSH;.MSC', 'FP_NO_HOST_CHECK': 'NO', 'DCLOCATION': 'SCL3', 'APPDATA': 'C:\\Users\\cltbld.T-W864-IX-030.001\\AppData\\Roaming', 'HOMEDRIVE': 'C:', 'SYSTEMDRIVE': 'C:', 'SLAVEDIR': 'C:\\slave\\', 'NUMBER_OF_PROCESSORS': '8', 'PWD': 'C:\\slave\\test', 'PROCESSOR_LEVEL': '6', 'KTS_HOME': 'C:\\Program Files\\KTS', 'PROCESSOR_ARCHITEW6432': 'AMD64', 'MOZ_CRASHREPORTER_NO_REPORT': '1', 'COMMONPROGRAMW6432': 'C:\\Program Files\\Common Files', 'OS': 'Windows_NT', 'PUBLIC': 'C:\\Users\\Public', 'WINDIR': 'C:\\windows'}}, attempt #1
17:03:35     INFO - Running command: ['C:\\slave\\test\\build\\venv\\Scripts\\pip', 'install', '--no-deps', '--timeout', '120', '-r', 'C:\\slave\\test\\build\\tests\\config\\marionette_requirements.txt', '--no-index', '--find-links', 'http://pypi.pvt.build.mozilla.org/pub', '--find-links', 'http://pypi.pub.build.mozilla.org/pub', '--trusted-host', 'pypi.pub.build.mozilla.org', '--trusted-host', 'pypi.pvt.build.mozilla.org'] in C:\slave\test\build\tests\config
17:03:35     INFO - Copy/paste: C:\slave\test\build\venv\Scripts\pip install --no-deps --timeout 120 -r C:\slave\test\build\tests\config\marionette_requirements.txt --no-index --find-links http://pypi.pvt.build.mozilla.org/pub --find-links http://pypi.pub.build.mozilla.org/pub --trusted-host pypi.pub.build.mozilla.org --trusted-host pypi.pvt.build.mozilla.org
17:03:35     INFO - Using env: {'ALLUSERSPROFILE': 'C:\\ProgramData',
17:03:35     INFO -  'APPDATA': 'C:\\Users\\cltbld.T-W864-IX-030.001\\AppData\\Roaming',
17:03:35     INFO -  'COMMONPROGRAMFILES': 'C:\\Program Files (x86)\\Common Files',
17:03:35     INFO -  'COMMONPROGRAMFILES(X86)': 'C:\\Program Files (x86)\\Common Files',
17:03:35     INFO -  'COMMONPROGRAMW6432': 'C:\\Program Files\\Common Files',
17:03:35     INFO -  'COMPUTERNAME': 'T-W864-IX-030',
17:03:35     INFO -  'COMSPEC': 'C:\\windows\\system32\\cmd.exe',
17:03:35     INFO -  'DCLOCATION': 'SCL3',
17:03:35     INFO -  'DNSSUFFIX': 'wintest.releng.scl3.mozilla.com',
17:03:35     INFO -  'FP_NO_HOST_CHECK': 'NO',
17:03:35     INFO -  'HOMEDRIVE': 'C:',
17:03:35     INFO -  'HOMEPATH': '\\Users\\cltbld.T-W864-IX-030.001',
17:03:35     INFO -  'KTS_HOME': 'C:\\Program Files\\KTS',
17:03:35     INFO -  'KTS_VERSION': '1.19c',
17:03:35     INFO -  'LOCALAPPDATA': 'C:\\Users\\cltbld.T-W864-IX-030.001\\AppData\\Local',
17:03:35     INFO -  'LOGONSERVER': '\\\\T-W864-IX-030',
17:03:35     INFO -  'MONDIR': 'C:\\Monitor_config\\',
17:03:35     INFO -  'MOZBUILDDIR': 'C:\\mozilla-build\\',
17:03:35     INFO -  'MOZ_CRASHREPORTER_NO_REPORT': '1',
17:03:35     INFO -  'MOZ_HIDE_RESULTS_TABLE': '1',
17:03:35     INFO -  'MOZ_NO_REMOTE': '1',
17:03:35     INFO -  'NO_EM_RESTART': '1',
17:03:35     INFO -  'NO_FAIL_ON_TEST_ERRORS': '1',
17:03:35     INFO -  'NUMBER_OF_PROCESSORS': '8',
17:03:35     INFO -  'OS': 'Windows_NT',
17:03:35     INFO -  'OURDRIVE': 'C:',
17:03:35     INFO -  'PATH': 'C:\\Program Files (x86)\\NVIDIA Corporation\\PhysX\\Common;C:\\windows\\system32;C:\\windows;C:\\windows\\System32\\Wbem;C:\\windows\\System32\\WindowsPowerShell\\v1.0\\;C:\\mozilla-build\\python27;C:\\mozilla-build\\python27\\Scripts;C:\\mozilla-build\\msys\\bin;C:\\mozilla-build\\vim\\vim72;C:\\mozilla-build\\wget;C:\\mozilla-build\\info-zip;C:\\CoreUtils\\bin;C:\\mozilla-build\\buildbotve\\scripts;C:\\mozilla-build\\hg',
17:03:35     INFO -  'PATHEXT': '.COM;.EXE;.BAT;.CMD;.VBS;.VBE;.JS;.JSE;.WSF;.WSH;.MSC',
17:03:35     INFO -  'PROCESSOR_ARCHITECTURE': 'x86',
17:03:35     INFO -  'PROCESSOR_ARCHITEW6432': 'AMD64',
17:03:35     INFO -  'PROCESSOR_IDENTIFIER': 'Intel64 Family 6 Model 30 Stepping 5, GenuineIntel',
17:03:35     INFO -  'PROCESSOR_LEVEL': '6',
17:03:35     INFO -  'PROCESSOR_REVISION': '1e05',
17:03:35     INFO -  'PROGRAMDATA': 'C:\\ProgramData',
17:03:35     INFO -  'PROGRAMFILES': 'C:\\Program Files (x86)',
17:03:35     INFO -  'PROGRAMFILES(X86)': 'C:\\Program Files (x86)',
17:03:35     INFO -  'PROGRAMW6432': 'C:\\Program Files',
17:03:35     INFO -  'PROMPT': '$P$G',
17:03:35     INFO -  'PROPERTIES_FILE': 'C:\\slave\\test/buildprops.json',
17:03:35     INFO -  'PSMODULEPATH': 'C:\\windows\\system32\\WindowsPowerShell\\v1.0\\Modules\\',
17:03:35     INFO -  'PUBLIC': 'C:\\Users\\Public',
17:03:35     INFO -  'PWD': 'C:\\slave\\test',
17:03:35     INFO -  'RUNLOGFILE': 'C:\\slave\\\\runslave.log',
17:03:35     INFO -  'SLAVEDIR': 'C:\\slave\\',
17:03:35     INFO -  'SYSTEMDRIVE': 'C:',
17:03:35     INFO -  'SYSTEMROOT': 'C:\\windows',
17:03:35     INFO -  'TEMP': 'C:\\Users\\CLTBLD~1.001\\AppData\\Local\\Temp',
17:03:35     INFO -  'TEST1': 'testie',
17:03:35     INFO -  'TMP': 'C:\\Users\\CLTBLD~1.001\\AppData\\Local\\Temp',
17:03:35     INFO -  'USERDOMAIN': 'T-W864-IX-030',
17:03:35     INFO -  'USERDOMAIN_ROAMINGPROFILE': 'T-W864-IX-030',
17:03:35     INFO -  'USERNAME': 'cltbld',
17:03:35     INFO -  'USERPROFILE': 'C:\\Users\\cltbld.T-W864-IX-030.001',
17:03:35     INFO -  'WINDIR': 'C:\\windows',
17:03:35     INFO -  'XPCOM_DEBUG_BREAK': 'warn'}
17:03:35     INFO -  Ignoring indexes: https://pypi.python.org/simple
17:03:35     INFO -  Processing c:\slave\test\build\tests\mozbase\manifestparser
17:03:36     INFO -    Requirement already satisfied (use --upgrade to upgrade): manifestparser==1.1 from file:///C:/slave/test/build/tests/mozbase/manifestparser in c:\slave\test\build\venv\lib\site-packages (from -r C:\slave\test\build\tests\config\mozbase_requirements.txt (line 1))
17:03:36     INFO -  Processing c:\slave\test\build\tests\mozbase\mozcrash
17:03:36     INFO -    Requirement already satisfied (use --upgrade to upgrade): mozcrash==1.0 from file:///C:/slave/test/build/tests/mozbase/mozcrash in c:\slave\test\build\venv\lib\site-packages (from -r C:\slave\test\build\tests\config\mozbase_requirements.txt (line 2))
17:03:36     INFO -  Processing c:\slave\test\build\tests\mozbase\mozdebug
17:03:36     INFO -    Requirement already satisfied (use --upgrade to upgrade): mozdebug==0.1 from file:///C:/slave/test/build/tests/mozbase/mozdebug in c:\slave\test\build\venv\lib\site-packages (from -r C:\slave\test\build\tests\config\mozbase_requirements.txt (line 3))
17:03:36     INFO -  Processing c:\slave\test\build\tests\mozbase\mozdevice
17:03:36     INFO -    Requirement already satisfied (use --upgrade to upgrade): mozdevice==0.48 from file:///C:/slave/test/build/tests/mozbase/mozdevice in c:\slave\test\build\venv\lib\site-packages (from -r C:\slave\test\build\tests\config\mozbase_requirements.txt (line 4))
17:03:36     INFO -  Processing c:\slave\test\build\tests\mozbase\mozfile
17:03:37     INFO -    Requirement already satisfied (use --upgrade to upgrade): mozfile==1.2 from file:///C:/slave/test/build/tests/mozbase/mozfile in c:\slave\test\build\venv\lib\site-packages (from -r C:\slave\test\build\tests\config\mozbase_requirements.txt (line 5))
17:03:37     INFO -  Processing c:\slave\test\build\tests\mozbase\mozhttpd
17:03:37     INFO -    Requirement already satisfied (use --upgrade to upgrade): mozhttpd==0.7 from file:///C:/slave/test/build/tests/mozbase/mozhttpd in c:\slave\test\build\venv\lib\site-packages (from -r C:\slave\test\build\tests\config\mozbase_requirements.txt (line 6))
17:03:37     INFO -  Processing c:\slave\test\build\tests\mozbase\mozinfo
17:03:37     INFO -    Requirement already satisfied (use --upgrade to upgrade): mozinfo==0.9 from file:///C:/slave/test/build/tests/mozbase/mozinfo in c:\slave\test\build\venv\lib\site-packages (from -r C:\slave\test\build\tests\config\mozbase_requirements.txt (line 7))
17:03:37     INFO -  Processing c:\slave\test\build\tests\mozbase\mozinstall
17:03:38     INFO -    Requirement already satisfied (use --upgrade to upgrade): mozInstall==1.12 from file:///C:/slave/test/build/tests/mozbase/mozinstall in c:\slave\test\build\venv\lib\site-packages (from -r C:\slave\test\build\tests\config\mozbase_requirements.txt (line 8))
17:03:38     INFO -  Processing c:\slave\test\build\tests\mozbase\mozleak
17:03:38     INFO -    Requirement already satisfied (use --upgrade to upgrade): mozleak==0.1 from file:///C:/slave/test/build/tests/mozbase/mozleak in c:\slave\test\build\venv\lib\site-packages (from -r C:\slave\test\build\tests\config\mozbase_requirements.txt (line 9))
17:03:38     INFO -  Processing c:\slave\test\build\tests\mozbase\mozlog
17:03:38     INFO -    Requirement already satisfied (use --upgrade to upgrade): mozlog==3.4 from file:///C:/slave/test/build/tests/mozbase/mozlog in c:\slave\test\build\venv\lib\site-packages (from -r C:\slave\test\build\tests\config\mozbase_requirements.txt (line 10))
17:03:38     INFO -  Processing c:\slave\test\build\tests\mozbase\moznetwork
17:03:38     INFO -    Requirement already satisfied (use --upgrade to upgrade): moznetwork==0.27 from file:///C:/slave/test/build/tests/mozbase/moznetwork in c:\slave\test\build\venv\lib\site-packages (from -r C:\slave\test\build\tests\config\mozbase_requirements.txt (line 11))
17:03:38     INFO -  Processing c:\slave\test\build\tests\mozbase\mozprocess
17:03:39     INFO -    Requirement already satisfied (use --upgrade to upgrade): mozprocess==0.23 from file:///C:/slave/test/build/tests/mozbase/mozprocess in c:\slave\test\build\venv\lib\site-packages (from -r C:\slave\test\build\tests\config\mozbase_requirements.txt (line 12))
17:03:39     INFO -  Processing c:\slave\test\build\tests\mozbase\mozprofile
17:03:39     INFO -    Requirement already satisfied (use --upgrade to upgrade): mozprofile==0.28 from file:///C:/slave/test/build/tests/mozbase/mozprofile in c:\slave\test\build\venv\lib\site-packages (from -r C:\slave\test\build\tests\config\mozbase_requirements.txt (line 13))
17:03:39     INFO -  Processing c:\slave\test\build\tests\mozbase\mozrunner
17:03:39     INFO -    Requirement already satisfied (use --upgrade to upgrade): mozrunner==6.13 from file:///C:/slave/test/build/tests/mozbase/mozrunner in c:\slave\test\build\venv\lib\site-packages (from -r C:\slave\test\build\tests\config\mozbase_requirements.txt (line 14))
17:03:39     INFO -  Processing c:\slave\test\build\tests\mozbase\mozscreenshot
17:03:39     INFO -    Requirement already satisfied (use --upgrade to upgrade): mozscreenshot==0.1 from file:///C:/slave/test/build/tests/mozbase/mozscreenshot in c:\slave\test\build\venv\lib\site-packages (from -r C:\slave\test\build\tests\config\mozbase_requirements.txt (line 15))
17:03:39     INFO -  Processing c:\slave\test\build\tests\mozbase\moztest
17:03:40     INFO -    Requirement already satisfied (use --upgrade to upgrade): moztest==0.8 from file:///C:/slave/test/build/tests/mozbase/moztest in c:\slave\test\build\venv\lib\site-packages (from -r C:\slave\test\build\tests\config\mozbase_requirements.txt (line 16))
17:03:40     INFO -  Processing c:\slave\test\build\tests\mozbase\mozversion
17:03:40     INFO -    Requirement already satisfied (use --upgrade to upgrade): mozversion==1.4 from file:///C:/slave/test/build/tests/mozbase/mozversion in c:\slave\test\build\venv\lib\site-packages (from -r C:\slave\test\build\tests\config\mozbase_requirements.txt (line 17))
17:03:40     INFO -  Processing c:\slave\test\build\tests\tools\wptserve
17:03:40     INFO -  Processing c:\slave\test\build\tests\marionette\client
17:03:41     INFO -  Processing c:\slave\test\build\tests\marionette\harness\marionette_harness\runner\mixins\browsermob-proxy-py
17:03:41     INFO -  Processing c:\slave\test\build\tests\marionette\harness
17:03:41     INFO -  Processing c:\slave\test\build\tests\marionette\puppeteer\firefox
17:03:42     INFO -  Building wheels for collected packages: browsermob-proxy
17:03:42     INFO -    Running setup.py bdist_wheel for browsermob-proxy: started
17:03:42     INFO -    Running setup.py bdist_wheel for browsermob-proxy: finished with status 'done'
17:03:42     INFO -    Stored in directory: C:\Users\cltbld.T-W864-IX-030.001\AppData\Local\pip\Cache\wheels\08\c0\29\e3a3f32d6ca19470885c6032e6c0a54976e207f709e0326988
17:03:43     INFO -  Successfully built browsermob-proxy
17:03:43     INFO -  Installing collected packages: wptserve, marionette-driver, browsermob-proxy, marionette-harness, firefox-puppeteer
17:03:43     INFO -    Running setup.py install for wptserve: started
17:03:43     INFO -      Running setup.py install for wptserve: finished with status 'done'
17:03:44     INFO -    Running setup.py install for marionette-driver: started
17:03:44     INFO -      Running setup.py install for marionette-driver: finished with status 'done'
17:03:45     INFO -    Running setup.py install for marionette-harness: started
17:03:45     INFO -      Running setup.py install for marionette-harness: finished with status 'done'
17:03:46     INFO -    Running setup.py install for firefox-puppeteer: started
17:03:46     INFO -      Running setup.py install for firefox-puppeteer: finished with status 'done'
17:03:47     INFO -  Successfully installed browsermob-proxy-0.6.0 firefox-puppeteer-52.1.0 marionette-driver-2.2.0 marionette-harness-4.0.0 wptserve-1.4.0

command interrupted, attempting to kill
program finished with exit code 1
elapsedTime=262.475000
The web-page 'stop build' button was pressed by 'rvandermeulen@mozilla.com': Cancelled via self-serve
The web-page 'stop build' button was pressed by 'rvandermeulen@mozilla.com': Cancelled via self-serve
========= master_lag: 0.11 =========
========= Finished 'c:/mozilla-build/python27/python -u ...' interrupted (results: 4, elapsed: 4 mins, 22 secs) (at 2018-06-08 17:03:50.375100) =========

========= Started set props: build_url (results: 0, elapsed: 0 secs) (at 2018-06-08 17:03:50.375885) =========
'cmd' '/C' 'for' '%f' 'in' '(*)' 'do' '@type' '%f'
 in dir C:\slave\test\properties (timeout 1200 secs)
 watching logfiles {}
 argv: ['cmd', '/C', 'for', '%f', 'in', '(*)', 'do', '@type', '%f']
 environment:
  ALLUSERSPROFILE=C:\ProgramData
  APPDATA=C:\Users\cltbld.T-W864-IX-030.001\AppData\Roaming
  COMMONPROGRAMFILES=C:\Program Files (x86)\Common Files
  COMMONPROGRAMFILES(X86)=C:\Program Files (x86)\Common Files
  COMMONPROGRAMW6432=C:\Program Files\Common Files
  COMPUTERNAME=T-W864-IX-030
  COMSPEC=C:\windows\system32\cmd.exe
  DCLOCATION=SCL3
  DNSSUFFIX=wintest.releng.scl3.mozilla.com
  FP_NO_HOST_CHECK=NO
  HOMEDRIVE=C:
  HOMEPATH=\Users\cltbld.T-W864-IX-030.001
  KTS_HOME=C:\Program Files\KTS
  KTS_VERSION=1.19c
  LOCALAPPDATA=C:\Users\cltbld.T-W864-IX-030.001\AppData\Local
  LOGONSERVER=\\T-W864-IX-030
  MONDIR=C:\Monitor_config\
  MOZBUILDDIR=C:\mozilla-build\
  NUMBER_OF_PROCESSORS=8
  OS=Windows_NT
  OURDRIVE=C:
  PATH=C:\Program Files (x86)\NVIDIA Corporation\PhysX\Common;C:\windows\system32;C:\windows;C:\windows\System32\Wbem;C:\windows\System32\WindowsPowerShell\v1.0\;C:\mozilla-build\python27;C:\mozilla-build\python27\Scripts;C:\mozilla-build\msys\bin;C:\mozilla-build\vim\vim72;C:\mozilla-build\wget;C:\mozilla-build\info-zip;C:\CoreUtils\bin;C:\mozilla-build\buildbotve\scripts;C:\mozilla-build\hg
  PATHEXT=.COM;.EXE;.BAT;.CMD;.VBS;.VBE;.JS;.JSE;.WSF;.WSH;.MSC
  PROCESSOR_ARCHITECTURE=x86
  PROCESSOR_ARCHITEW6432=AMD64
  PROCESSOR_IDENTIFIER=Intel64 Family 6 Model 30 Stepping 5, GenuineIntel
  PROCESSOR_LEVEL=6
  PROCESSOR_REVISION=1e05
  PROGRAMDATA=C:\ProgramData
  PROGRAMFILES=C:\Program Files (x86)
  PROGRAMFILES(X86)=C:\Program Files (x86)
  PROGRAMW6432=C:\Program Files
  PROMPT=$P$G
  PSMODULEPATH=C:\windows\system32\WindowsPowerShell\v1.0\Modules\
  PUBLIC=C:\Users\Public
  PWD=C:\slave\test\properties
  RUNLOGFILE=C:\slave\\runslave.log
  SLAVEDIR=C:\slave\
  SYSTEMDRIVE=C:
  SYSTEMROOT=C:\windows
  TEMP=C:\Users\CLTBLD~1.001\AppData\Local\Temp
  TEST1=testie
  TMP=C:\Users\CLTBLD~1.001\AppData\Local\Temp
  USERDOMAIN=T-W864-IX-030
  USERDOMAIN_ROAMINGPROFILE=T-W864-IX-030
  USERNAME=cltbld
  USERPROFILE=C:\Users\cltbld.T-W864-IX-030.001
  WINDIR=C:\windows
 using PTY: False
build_url:https://queue.taskcluster.net/v1/task/VAgbWLphTjmdh4hh8yTyVw/artifacts/public/build/firefox-52.8.2.en-US.win64.zip
program finished with exit code 0
elapsedTime=0.101000
build_url: 'https://queue.taskcluster.net/v1/task/VAgbWLphTjmdh4hh8yTyVw/artifacts/public/build/firefox-52.8.2.en-US.win64.zip'
========= master_lag: 0.01 =========
========= Finished set props: build_url (results: 0, elapsed: 0 secs) (at 2018-06-08 17:03:50.487828) =========

========= Started 'rm -f ...' (results: 0, elapsed: 0 secs) (at 2018-06-08 17:03:50.488168) =========
'rm' '-f' 'oauth.txt'
 in dir C:\slave\test\. (timeout 1200 secs)
 watching logfiles {}
 argv: ['rm', '-f', 'oauth.txt']
 environment:
  ALLUSERSPROFILE=C:\ProgramData
  APPDATA=C:\Users\cltbld.T-W864-IX-030.001\AppData\Roaming
  COMMONPROGRAMFILES=C:\Program Files (x86)\Common Files
  COMMONPROGRAMFILES(X86)=C:\Program Files (x86)\Common Files
  COMMONPROGRAMW6432=C:\Program Files\Common Files
  COMPUTERNAME=T-W864-IX-030
  COMSPEC=C:\windows\system32\cmd.exe
  DCLOCATION=SCL3
  DNSSUFFIX=wintest.releng.scl3.mozilla.com
  FP_NO_HOST_CHECK=NO
  HOMEDRIVE=C:
  HOMEPATH=\Users\cltbld.T-W864-IX-030.001
  KTS_HOME=C:\Program Files\KTS
  KTS_VERSION=1.19c
  LOCALAPPDATA=C:\Users\cltbld.T-W864-IX-030.001\AppData\Local
  LOGONSERVER=\\T-W864-IX-030
  MONDIR=C:\Monitor_config\
  MOZBUILDDIR=C:\mozilla-build\
  NUMBER_OF_PROCESSORS=8
  OS=Windows_NT
  OURDRIVE=C:
  PATH=C:\Program Files (x86)\NVIDIA Corporation\PhysX\Common;C:\windows\system32;C:\windows;C:\windows\System32\Wbem;C:\windows\System32\WindowsPowerShell\v1.0\;C:\mozilla-build\python27;C:\mozilla-build\python27\Scripts;C:\mozilla-build\msys\bin;C:\mozilla-build\vim\vim72;C:\mozilla-build\wget;C:\mozilla-build\info-zip;C:\CoreUtils\bin;C:\mozilla-build\buildbotve\scripts;C:\mozilla-build\hg
  PATHEXT=.COM;.EXE;.BAT;.CMD;.VBS;.VBE;.JS;.JSE;.WSF;.WSH;.MSC
  PROCESSOR_ARCHITECTURE=x86
  PROCESSOR_ARCHITEW6432=AMD64
  PROCESSOR_IDENTIFIER=Intel64 Family 6 Model 30 Stepping 5, GenuineIntel
  PROCESSOR_LEVEL=6
  PROCESSOR_REVISION=1e05
  PROGRAMDATA=C:\ProgramData
  PROGRAMFILES=C:\Program Files (x86)
  PROGRAMFILES(X86)=C:\Program Files (x86)
  PROGRAMW6432=C:\Program Files
  PROMPT=$P$G
  PSMODULEPATH=C:\windows\system32\WindowsPowerShell\v1.0\Modules\
  PUBLIC=C:\Users\Public
  PWD=C:\slave\test
  RUNLOGFILE=C:\slave\\runslave.log
  SLAVEDIR=C:\slave\
  SYSTEMDRIVE=C:
  SYSTEMROOT=C:\windows
  TEMP=C:\Users\CLTBLD~1.001\AppData\Local\Temp
  TEST1=testie
  TMP=C:\Users\CLTBLD~1.001\AppData\Local\Temp
  USERDOMAIN=T-W864-IX-030
  USERDOMAIN_ROAMINGPROFILE=T-W864-IX-030
  USERNAME=cltbld
  USERPROFILE=C:\Users\cltbld.T-W864-IX-030.001
  WINDIR=C:\windows
 using PTY: False
program finished with exit code 0
elapsedTime=0.100000
========= master_lag: 0.01 =========
========= Finished 'rm -f ...' (results: 0, elapsed: 0 secs) (at 2018-06-08 17:03:50.598128) =========

========= Started reboot slave lost (results: 0, elapsed: 0 secs) (at 2018-06-08 17:03:50.598566) =========

========= Finished reboot slave lost (results: 0, elapsed: 0 secs) (at 2018-06-08 17:03:50.881369) =========

========= Total master_lag: 0.24 =========

