builder: mozilla-esr52_ubuntu64_vm_test_pgo-mochitest-clipboard-e10s
slave: tst-linux64-spot-010
starttime: 1528501970.3
results: cancelled (6)
buildid: 20180608150819
builduid: b298b373e93d4f8dbf92436c9ed838a2
revision: cbfdf01aac455e0591471201c96b89dee98190b5

========= Started set props: master (results: 0, elapsed: 0 secs) (at 2018-06-08 16:52:50.300202) =========
master: http://buildbot-master52.bb.releng.use1.mozilla.com:8201/
========= Finished set props: master (results: 0, elapsed: 0 secs) (at 2018-06-08 16:52:50.300603) =========

========= Started downloading to buildprops.json (results: 0, elapsed: 0 secs) (at 2018-06-08 16:52:50.300912) =========
========= Finished downloading to buildprops.json (results: 0, elapsed: 0 secs) (at 2018-06-08 16:52:50.459383) =========

========= Started 'bash -c ...' (results: 0, elapsed: 0 secs) (at 2018-06-08 16:52:50.459657) =========
bash -c 'wget -Oarchiver_client.py --no-check-certificate --tries=10 --waitretry=3 https://hg.mozilla.org/build/tools/raw-file/default/buildfarm/utils/archiver_client.py'
 in dir /builds/slave/test/. (timeout 1200 secs)
 watching logfiles {}
 argv: ['bash', '-c', 'wget -Oarchiver_client.py --no-check-certificate --tries=10 --waitretry=3 https://hg.mozilla.org/build/tools/raw-file/default/buildfarm/utils/archiver_client.py']
 environment:
  HOME=/home/cltbld
  LANG=en_US.UTF-8
  LOGNAME=cltbld
  MAIL=/var/mail/cltbld
  NODE_PATH=/usr/lib/nodejs:/usr/lib/node_modules:/usr/share/javascript
  PATH=/usr/local/bin:/usr/local/bin:/usr/bin:/bin:/usr/local/games:/usr/games
  PWD=/builds/slave/test
  SHELL=/bin/bash
  SHLVL=1
  TERM=linux
  TMOUT=86400
  USER=cltbld
  XDG_SESSION_COOKIE=9ca12473fbb1d023794ffd180000023c-1528501966.728139-969065761
  _=/tools/buildbot/bin/python
 using PTY: False
--2018-06-08 16:52:50--  https://hg.mozilla.org/build/tools/raw-file/default/buildfarm/utils/archiver_client.py
Resolving hg.mozilla.org (hg.mozilla.org)... 63.245.215.102, 63.245.215.25
Connecting to hg.mozilla.org (hg.mozilla.org)|63.245.215.102|:443... connected.
HTTP request sent, awaiting response... 200 Script output follows
Length: 12179 (12K) [text/x-python]
Saving to: `archiver_client.py'

     0K .......... .                                          100% 9.80M=0.001s

2018-06-08 16:52:51 (9.80 MB/s) - `archiver_client.py' saved [12179/12179]

program finished with exit code 0
elapsedTime=0.567258
========= master_lag: 0.01 =========
========= Finished 'bash -c ...' (results: 0, elapsed: 0 secs) (at 2018-06-08 16:52:51.039913) =========

========= Started 'rm -rf ...' (results: 0, elapsed: 0 secs) (at 2018-06-08 16:52:51.040222) =========
rm -rf scripts properties
 in dir /builds/slave/test/. (timeout 1200 secs)
 watching logfiles {}
 argv: ['rm', '-rf', 'scripts', 'properties']
 environment:
  HOME=/home/cltbld
  LANG=en_US.UTF-8
  LOGNAME=cltbld
  MAIL=/var/mail/cltbld
  NODE_PATH=/usr/lib/nodejs:/usr/lib/node_modules:/usr/share/javascript
  PATH=/usr/local/bin:/usr/local/bin:/usr/bin:/bin:/usr/local/games:/usr/games
  PWD=/builds/slave/test
  SHELL=/bin/bash
  SHLVL=1
  TERM=linux
  TMOUT=86400
  USER=cltbld
  XDG_SESSION_COOKIE=9ca12473fbb1d023794ffd180000023c-1528501966.728139-969065761
  _=/tools/buildbot/bin/python
 using PTY: False
program finished with exit code 0
elapsedTime=0.018182
========= master_lag: 0.04 =========
========= Finished 'rm -rf ...' (results: 0, elapsed: 0 secs) (at 2018-06-08 16:52:51.100866) =========

========= Started 'bash -c ...' (results: 0, elapsed: 2 secs) (at 2018-06-08 16:52:51.101206) =========
bash -c 'python archiver_client.py mozharness --repo releases/mozilla-esr52 --rev cbfdf01aac455e0591471201c96b89dee98190b5 --destination scripts --debug'
 in dir /builds/slave/test/. (timeout 1200 secs)
 watching logfiles {}
 argv: ['bash', '-c', u'python archiver_client.py mozharness --repo releases/mozilla-esr52 --rev cbfdf01aac455e0591471201c96b89dee98190b5 --destination scripts --debug']
 environment:
  HOME=/home/cltbld
  LANG=en_US.UTF-8
  LOGNAME=cltbld
  MAIL=/var/mail/cltbld
  NODE_PATH=/usr/lib/nodejs:/usr/lib/node_modules:/usr/share/javascript
  PATH=/usr/local/bin:/usr/local/bin:/usr/bin:/bin:/usr/local/games:/usr/games
  PWD=/builds/slave/test
  SHELL=/bin/bash
  SHLVL=1
  TERM=linux
  TMOUT=86400
  USER=cltbld
  XDG_SESSION_COOKIE=9ca12473fbb1d023794ffd180000023c-1528501966.728139-969065761
  _=/tools/buildbot/bin/python
 using PTY: False
2018-06-08 16:52:51,207 truncating revision to first 12 chars
2018-06-08 16:52:51,207 Setting DEBUG logging.
2018-06-08 16:52:51,208 attempt 1/10
2018-06-08 16:52:51,208 Getting archive location from https://api.pub.build.mozilla.org/archiver/hgmo/releases/mozilla-esr52/cbfdf01aac45?&preferred_region=us-west-2&suffix=tar.gz&subdir=testing/mozharness
2018-06-08 16:52:52,433 unpacking tar archive at: mozilla-esr52-cbfdf01aac45/testing/mozharness/
program finished with exit code 0
elapsedTime=2.263442
========= master_lag: 0.24 =========
========= Finished 'bash -c ...' (results: 0, elapsed: 2 secs) (at 2018-06-08 16:52:53.602855) =========

========= Started set props: script_repo_revision (results: 0, elapsed: 0 secs) (at 2018-06-08 16:52:53.603174) =========
script_repo_revision: cbfdf01aac455e0591471201c96b89dee98190b5
========= Finished set props: script_repo_revision (results: 0, elapsed: 0 secs) (at 2018-06-08 16:52:53.603555) =========

========= Started downloading to oauth.txt (results: 0, elapsed: 0 secs) (at 2018-06-08 16:52:53.603845) =========
========= Finished downloading to oauth.txt (results: 0, elapsed: 0 secs) (at 2018-06-08 16:52:53.613993) =========

========= Started '/tools/buildbot/bin/python scripts/scripts/desktop_unittest.py ...' interrupted (results: 4, elapsed: 9 mins, 28 secs) (at 2018-06-08 16:52:53.614273) =========
/tools/buildbot/bin/python scripts/scripts/desktop_unittest.py --cfg unittests/linux_unittest.py --mochitest-suite plain-clipboard,chrome-clipboard,browser-chrome-clipboard,jetpack-package-clipboard --e10s --blob-upload-branch mozilla-esr52 --download-symbols ondemand
 in dir /builds/slave/test/. (timeout 1800 secs) (maxTime 7200 secs)
 watching logfiles {}
 argv: ['/tools/buildbot/bin/python', 'scripts/scripts/desktop_unittest.py', '--cfg', 'unittests/linux_unittest.py', '--mochitest-suite', 'plain-clipboard,chrome-clipboard,browser-chrome-clipboard,jetpack-package-clipboard', '--e10s', '--blob-upload-branch', 'mozilla-esr52', '--download-symbols', 'ondemand']
 environment:
  CCACHE_DIR=/builds/ccache
  CCACHE_UMASK=002
  DISPLAY=:0
  HOME=/home/cltbld
  LANG=en_US.UTF-8
  LOGNAME=cltbld
  MAIL=/var/mail/cltbld
  MOZ_HIDE_RESULTS_TABLE=1
  MOZ_NODE_PATH=/usr/bin/node
  MOZ_NO_REMOTE=1
  NODE_PATH=/usr/lib/nodejs:/usr/lib/node_modules:/usr/share/javascript
  NO_FAIL_ON_TEST_ERRORS=1
  PATH=/usr/local/bin:/usr/local/bin:/usr/bin:/bin:/usr/local/games:/usr/games
  PROPERTIES_FILE=/builds/slave/test/buildprops.json
  PWD=/builds/slave/test
  SHELL=/bin/bash
  SHLVL=1
  TERM=linux
  TMOUT=86400
  USER=cltbld
  XDG_SESSION_COOKIE=9ca12473fbb1d023794ffd180000023c-1528501966.728139-969065761
  _=/tools/buildbot/bin/python
 using PTY: False
16:52:53     INFO - MultiFileLogger online at 20180608 16:52:53 in /builds/slave/test
16:52:53     INFO - Run as scripts/scripts/desktop_unittest.py --cfg unittests/linux_unittest.py --mochitest-suite plain-clipboard,chrome-clipboard,browser-chrome-clipboard,jetpack-package-clipboard --e10s --blob-upload-branch mozilla-esr52 --download-symbols ondemand
16:52:53     INFO - Dumping config to /builds/slave/test/logs/localconfig.json.
16:52:53     INFO - {'all_cppunittest_suites': {'cppunittest': {'tests': ('tests/cppunittest',)}},
16:52:53     INFO -  'all_gtest_suites': {'gtest': ()},
16:52:53     INFO -  'all_jittest_suites': {'jittest': (),
16:52:53     INFO -                         'jittest-chunked': (),
16:52:53     INFO -                         'jittest1': ('--total-chunks=2', '--this-chunk=1'),
16:52:53     INFO -                         'jittest2': ('--total-chunks=2', '--this-chunk=2')},
16:52:53     INFO -  'all_mochitest_suites': {'a11y': ('--flavor=a11y',),
16:52:53     INFO -                           'browser-chrome': ('--flavor=browser',),
16:52:53     INFO -                           'browser-chrome-addons': ('--flavor=browser',
16:52:53     INFO -                                                     '--chunk-by-runtime',
16:52:53     INFO -                                                     '--tag=addons'),
16:52:53     INFO -                           'browser-chrome-chunked': ('--flavor=browser',
16:52:53     INFO -                                                      '--chunk-by-runtime'),
16:52:53     INFO -                           'browser-chrome-clipboard': ('--flavor=browser',
16:52:53     INFO -                                                        '--subsuite=clipboard'),
16:52:53     INFO -                           'browser-chrome-coverage': ('--flavor=browser',
16:52:53     INFO -                                                       '--chunk-by-runtime',
16:52:53     INFO -                                                       '--timeout=1200'),
16:52:53     INFO -                           'browser-chrome-gpu': ('--flavor=browser',
16:52:53     INFO -                                                  '--subsuite=gpu'),
16:52:53     INFO -                           'browser-chrome-screenshots': ('--flavor=browser',
16:52:53     INFO -                                                          '--subsuite=screenshots'),
16:52:53     INFO -                           'chrome': ('--flavor=chrome',),
16:52:53     INFO -                           'chrome-chunked': ('--flavor=chrome',
16:52:53     INFO -                                              '--chunk-by-dir=4'),
16:52:53     INFO -                           'chrome-clipboard': ('--flavor=chrome',
16:52:53     INFO -                                                '--subsuite=clipboard'),
16:52:53     INFO -                           'chrome-gpu': ('--flavor=chrome', '--subsuite=gpu'),
16:52:53     INFO -                           'jetpack-addon': ('--flavor=jetpack-addon',),
16:52:53     INFO -                           'jetpack-package': ('--flavor=jetpack-package',),
16:52:53     INFO -                           'jetpack-package-clipboard': ('--flavor=jetpack-package',
16:52:53     INFO -                                                         '--subsuite=clipboard'),
16:52:53     INFO -                           'mochitest-devtools-chrome': ('--flavor=browser',
16:52:53     INFO -                                                         '--subsuite=devtools'),
16:52:53     INFO -                           'mochitest-devtools-chrome-chunked': ('--flavor=browser',
16:52:53     INFO -                                                                 '--subsuite=devtools',
16:52:53     INFO -                                                                 '--chunk-by-runtime'),
16:52:53     INFO -                           'mochitest-devtools-chrome-coverage': ('--flavor=browser',
16:52:53     INFO -                                                                  '--subsuite=devtools',
16:52:53     INFO -                                                                  '--chunk-by-runtime',
16:52:53     INFO -                                                                  '--timeout=1200'),
16:52:53     INFO -                           'mochitest-gl': ('--subsuite=webgl',),
16:52:53     INFO -                           'mochitest-media': ('--subsuite=media',),
16:52:53     INFO -                           'plain': (),
16:52:53     INFO -                           'plain-chunked': ('--chunk-by-dir=4',),
16:52:53     INFO -                           'plain-clipboard': ('--subsuite=clipboard',),
16:52:53     INFO -                           'plain-gpu': ('--subsuite=gpu',),
16:52:53     INFO -                           'valgrind-plain': ('--valgrind=/usr/bin/valgrind',
16:52:53     INFO -                                              '--valgrind-supp-files=/builds/slave/test/build/tests/mochitest/x86_64-redhat-linux-gnu.sup,/builds/slave/test/build/tests/mochitest/cross-architecture.sup',
16:52:53     INFO -                                              '--timeout=900',
16:52:53     INFO -                                              '--max-timeouts=50')},
16:52:53     INFO -  'all_mozbase_suites': {'mozbase': ()},
16:52:53     INFO -  'all_reftest_suites': {'crashtest': {'options': ('--suite=crashtest',),
16:52:53     INFO -                                       'tests': ('tests/reftest/tests/testing/crashtest/crashtests.list',)},
16:52:53     INFO -                         'jsreftest': {'options': ('--extra-profile-file=tests/jsreftest/tests/user.js',
16:52:53     INFO -                                                   '--suite=jstestbrowser'),
16:52:53     INFO -                                       'tests': ('tests/jsreftest/tests/jstests.list',)},
16:52:53     INFO -                         'reftest': {'options': ('--suite=reftest',),
16:52:53     INFO -                                     'tests': ('tests/reftest/tests/layout/reftests/reftest.list',)},
16:52:53     INFO -                         'reftest-no-accel': {'options': ('--suite=reftest',
16:52:53     INFO -                                                          '--setpref=layers.acceleration.force-enabled=disabled'),
16:52:53     INFO -                                              'tests': ('tests/reftest/tests/layout/reftests/reftest.list',)}},
16:52:53     INFO -  'all_xpcshell_suites': {'xpcshell': {'options': ('--xpcshell=%(abs_app_dir)s/xpcshell',
16:52:53     INFO -                                                   '--manifest=tests/xpcshell/tests/xpcshell.ini'),
16:52:53     INFO -                                       'tests': ()},
16:52:53     INFO -                          'xpcshell-addons': {'options': ('--xpcshell=%(abs_app_dir)s/xpcshell',
16:52:53     INFO -                                                          '--tag=addons',
16:52:53     INFO -                                                          '--manifest=tests/xpcshell/tests/xpcshell.ini'),
16:52:53     INFO -                                              'tests': ()},
16:52:53     INFO -                          'xpcshell-coverage': {'options': ('--xpcshell=%(abs_app_dir)s/xpcshell',
16:52:53     INFO -                                                            '--manifest=tests/xpcshell/tests/xpcshell.ini'),
16:52:53     INFO -                                                'tests': ()}},
16:52:53     INFO -  'allow_software_gl_layers': False,
16:52:53     INFO -  'append_to_log': False,
16:52:53     INFO -  'base_work_dir': '/builds/slave/test',
16:52:53     INFO -  'binary_path': '/builds/slave/test/build/application/firefox/firefox-bin',
16:52:53     INFO -  'blob_upload_branch': 'mozilla-esr52',
16:52:53     INFO -  'blob_uploader_auth_file': '/builds/slave/test/oauth.txt',
16:52:53     INFO -  'buildbot_json_path': 'buildprops.json',
16:52:53     INFO -  'buildbot_max_log_size': 52428800,
16:52:53     INFO -  'code_coverage': False,
16:52:53     INFO -  'config_files': ('unittests/linux_unittest.py',),
16:52:53     INFO -  'default_blob_upload_servers': ('https://blobupload.elasticbeanstalk.com',),
16:52:53     INFO -  'download_minidump_stackwalk': True,
16:52:53     INFO -  'download_nodejs': True,
16:52:53     INFO -  'download_symbols': 'ondemand',
16:52:53     INFO -  'e10s': True,
16:52:53     INFO -  'exe_suffix': '',
16:52:53     INFO -  'exes': {'python': '/tools/buildbot/bin/python',
16:52:53     INFO -           'tooltool.py': '/tools/tooltool.py',
16:52:53     INFO -           'virtualenv': ('/tools/buildbot/bin/python',
16:52:53     INFO -                          '/tools/misc-python/virtualenv.py')},
16:52:53     INFO -  'find_links': ('http://pypi.pvt.build.mozilla.org/pub',
16:52:53     INFO -                 'http://pypi.pub.build.mozilla.org/pub'),
16:52:53     INFO -  'installer_path': '/builds/slave/test/build/installer.tar.bz2',
16:52:53     INFO -  'log_level': 'info',
16:52:53     INFO -  'log_to_console': True,
16:52:53     INFO -  'minidump_save_path': '%(abs_work_dir)s/../minidumps',
16:52:53     INFO -  'minidump_stackwalk_path': 'linux64-minidump_stackwalk',
16:52:53     INFO -  'minidump_tooltool_manifest_path': 'config/tooltool-manifests/linux64/releng.manifest',
16:52:53     INFO -  'minimum_tests_zip_dirs': ('bin/*',
16:52:53     INFO -                             'certs/*',
16:52:53     INFO -                             'config/*',
16:52:53     INFO -                             'mach',
16:52:53     INFO -                             'marionette/*',
16:52:53     INFO -                             'modules/*',
16:52:53     INFO -                             'mozbase/*',
16:52:53     INFO -                             'tools/*'),
16:52:53     INFO -  'no_random': False,
16:52:53     INFO -  'nodejs_path': 'node-linux-x64/bin/node',
16:52:53     INFO -  'nodejs_tooltool_manifest_path': 'config/tooltool-manifests/linux64/nodejs.manifest',
16:52:53     INFO -  'opt_config_files': (),
16:52:53     INFO -  'pip_index': False,
16:52:53     INFO -  'preflight_run_cmd_suites': ({'architectures': ('32bit', '64bit'),
16:52:53     INFO -                                'cmd': ('xset', 's', 'off', 's', 'reset'),
16:52:53     INFO -                                'enabled': True,
16:52:53     INFO -                                'halt_on_failure': False,
16:52:53     INFO -                                'name': 'disable_screen_saver'},
16:52:53     INFO -                               {'architectures': ('32bit',),
16:52:53     INFO -                                'cmd': ('python',
16:52:53     INFO -                                        '../scripts/external_tools/mouse_and_screen_resolution.py',
16:52:53     INFO -                                        '--configuration-file',
16:52:53     INFO -                                        '../scripts/external_tools/machine-configuration.json'),
16:52:53     INFO -                                'enabled': False,
16:52:53     INFO -                                'halt_on_failure': True,
16:52:53     INFO -                                'name': 'run mouse & screen adjustment script'}),
16:52:53     INFO -  'require_test_zip': True,
16:52:53     INFO -  'run_all_suites': False,
16:52:53     INFO -  'run_cmd_checks_enabled': True,
16:52:53     INFO -  'run_file_names': {'cppunittest': 'runcppunittests.py',
16:52:53     INFO -                     'gtest': 'rungtests.py',
16:52:53     INFO -                     'jittest': 'jit_test.py',
16:52:53     INFO -                     'mochitest': 'runtests.py',
16:52:53     INFO -                     'mozbase': 'test.py',
16:52:53     INFO -                     'mozmill': 'runtestlist.py',
16:52:53     INFO -                     'reftest': 'runreftest.py',
16:52:53     INFO -                     'xpcshell': 'runxpcshelltests.py'},
16:52:53     INFO -  'specific_tests_zip_dirs': {'cppunittest': ('cppunittest/*',),
16:52:53     INFO -                              'gtest': ('gtest/*',),
16:52:53     INFO -                              'jittest': ('jit-test/*',),
16:52:53     INFO -                              'mochitest': ('mochitest/*',),
16:52:53     INFO -                              'mozbase': ('mozbase/*',),
16:52:53     INFO -                              'mozmill': ('mozmill/*',),
16:52:53     INFO -                              'reftest': ('reftest/*', 'jsreftest/*'),
16:52:53     INFO -                              'xpcshell': ('xpcshell/*',)},
16:52:53     INFO -  'specified_mochitest_suites': ('plain-clipboard',
16:52:53     INFO -                                 'chrome-clipboard',
16:52:53     INFO -                                 'browser-chrome-clipboard',
16:52:53     INFO -                                 'jetpack-package-clipboard'),
16:52:53     INFO -  'strict_content_sandbox': False,
16:52:53     INFO -  'suite_definitions': {'cppunittest': {'options': ('--symbols-path=%(symbols_path)s',
16:52:53     INFO -                                                    '--xre-path=%(abs_app_dir)s'),
16:52:53     INFO -                                        'run_filename': 'runcppunittests.py',
16:52:53     INFO -                                        'testsdir': 'cppunittest'},
16:52:53     INFO -                        'gtest': {'options': ('--xre-path=%(abs_res_dir)s',
16:52:53     INFO -                                              '--cwd=%(gtest_dir)s',
16:52:53     INFO -                                              '--symbols-path=%(symbols_path)s',
16:52:53     INFO -                                              '--utility-path=tests/bin',
16:52:53     INFO -                                              '%(binary_path)s'),
16:52:53     INFO -                                  'run_filename': 'rungtests.py'},
16:52:53     INFO -                        'jittest': {'options': ('tests/bin/js',
16:52:53     INFO -                                                '--no-slow',
16:52:53     INFO -                                                '--no-progress',
16:52:53     INFO -                                                '--format=automation',
16:52:53     INFO -                                                '--jitflags=all',
16:52:53     INFO -                                                '--timeout=970'),
16:52:53     INFO -                                    'run_filename': 'jit_test.py',
16:52:53     INFO -                                    'run_timeout': 1000,
16:52:54     INFO -                                    'testsdir': 'jit-test/jit-test'},
16:52:54     INFO -                        'mochitest': {'options': ('--appname=%(binary_path)s',
16:52:54     INFO -                                                  '--utility-path=tests/bin',
16:52:54     INFO -                                                  '--extra-profile-file=tests/bin/plugins',
16:52:54     INFO -                                                  '--symbols-path=%(symbols_path)s',
16:52:54     INFO -                                                  '--certificate-path=tests/certs',
16:52:54     INFO -                                                  '--setpref=webgl.force-enabled=true',
16:52:54     INFO -                                                  '--quiet',
16:52:54     INFO -                                                  '--log-raw=%(raw_log_file)s',
16:52:54     INFO -                                                  '--log-errorsummary=%(error_summary_file)s',
16:52:54     INFO -                                                  '--use-test-media-devices',
16:52:54     INFO -                                                  '--screenshot-on-fail',
16:52:54     INFO -                                                  '--cleanup-crashes',
16:52:54     INFO -                                                  '--marionette-startup-timeout=180'),
16:52:54     INFO -                                      'run_filename': 'runtests.py',
16:52:54     INFO -                                      'testsdir': 'mochitest'},
16:52:54     INFO -                        'mozbase': {'options': ('-b', '%(binary_path)s'),
16:52:54     INFO -                                    'run_filename': 'test.py',
16:52:54     INFO -                                    'testsdir': 'mozbase'},
16:52:54     INFO -                        'mozmill': {'options': ('--binary=%(binary_path)s',
16:52:54     INFO -                                                '--testing-modules-dir=test/modules',
16:52:54     INFO -                                                '--plugins-path=%(test_plugin_path)s',
16:52:54     INFO -                                                '--symbols-path=%(symbols_path)s'),
16:52:54     INFO -                                    'run_filename': 'runtestlist.py',
16:52:54     INFO -                                    'testsdir': 'mozmill'},
16:52:54     INFO -                        'reftest': {'options': ('--appname=%(binary_path)s',
16:52:54     INFO -                                                '--utility-path=tests/bin',
16:52:54     INFO -                                                '--extra-profile-file=tests/bin/plugins',
16:52:54     INFO -                                                '--symbols-path=%(symbols_path)s',
16:52:54     INFO -                                                '--log-raw=%(raw_log_file)s',
16:52:54     INFO -                                                '--log-errorsummary=%(error_summary_file)s',
16:52:54     INFO -                                                '--cleanup-crashes'),
16:52:54     INFO -                                    'run_filename': 'runreftest.py',
16:52:54     INFO -                                    'testsdir': 'reftest'},
16:52:54     INFO -                        'xpcshell': {'options': ('--symbols-path=%(symbols_path)s',
16:52:54     INFO -                                                 '--test-plugin-path=%(test_plugin_path)s',
16:52:54     INFO -                                                 '--log-raw=%(raw_log_file)s',
16:52:54     INFO -                                                 '--log-errorsummary=%(error_summary_file)s',
16:52:54     INFO -                                                 '--utility-path=tests/bin'),
16:52:54     INFO -                                     'run_filename': 'runxpcshelltests.py',
16:52:54     INFO -                                     'testsdir': 'xpcshell'}},
16:52:54     INFO -  'tooltool_cache': '/builds/tooltool_cache',
16:52:54     INFO -  'unstructured_flavors': {'cppunittest': (),
16:52:54     INFO -                           'gtest': (),
16:52:54     INFO -                           'jittest': (),
16:52:54     INFO -                           'mochitest': ('jetpack',),
16:52:54     INFO -                           'mozbase': (),
16:52:54     INFO -                           'mozmill': (),
16:52:54     INFO -                           'xpcshell': ()},
16:52:54     INFO -  'vcs_output_timeout': 1000,
16:52:54     INFO -  'virtualenv_path': 'venv',
16:52:54     INFO -  'volatile_config': {'actions': None, 'add_actions': None, 'no_actions': None},
16:52:54     INFO -  'work_dir': 'build',
16:52:54     INFO -  'xpcshell_name': 'xpcshell'}
16:52:54     INFO - [mozharness: 2018-06-08 23:52:54.016058Z] Running clobber step.
16:52:54     INFO - Running pre-action listener: _resource_record_pre_action
16:52:54     INFO - Running main action method: clobber
16:52:54     INFO - rmtree: /builds/slave/test/build
16:52:54     INFO - Running post-action listener: _resource_record_post_action
16:52:54     INFO - [mozharness: 2018-06-08 23:52:54.030324Z] Finished clobber step (success)
16:52:54     INFO - [mozharness: 2018-06-08 23:52:54.030727Z] Running read-buildbot-config step.
16:52:54     INFO - Running pre-action listener: _resource_record_pre_action
16:52:54     INFO - Running main action method: read_buildbot_config
16:52:54     INFO - Using buildbot properties:
16:52:54     INFO - {
16:52:54     INFO -     "project": "", 
16:52:54     INFO -     "product": "firefox", 
16:52:54     INFO -     "script_repo_revision": "production", 
16:52:54     INFO -     "scheduler": "tests-mozilla-esr52-ubuntu64_vm-pgo-unittest", 
16:52:54     INFO -     "repository": "", 
16:52:54     INFO -     "buildername": "Ubuntu VM 12.04 x64 mozilla-esr52 pgo test mochitest-clipboard-e10s", 
16:52:54     INFO -     "buildid": "20180608150819", 
16:52:54     INFO -     "pgo_build": "True", 
16:52:54     INFO -     "basedir": "/builds/slave/test", 
16:52:54     INFO -     "buildnumber": 33, 
16:52:54     INFO -     "slavename": "tst-linux64-spot-010", 
16:52:54     INFO -     "master": "http://buildbot-master52.bb.releng.use1.mozilla.com:8201/", 
16:52:54     INFO -     "platform": "linux64", 
16:52:54     INFO -     "branch": "mozilla-esr52", 
16:52:54     INFO -     "revision": "cbfdf01aac455e0591471201c96b89dee98190b5", 
16:52:54     INFO -     "repo_path": "releases/mozilla-esr52", 
16:52:54     INFO -     "moz_repo_path": "", 
16:52:54     INFO -     "stage_platform": "linux64-pgo", 
16:52:54     INFO -     "builduid": "b298b373e93d4f8dbf92436c9ed838a2", 
16:52:54     INFO -     "slavebuilddir": "test"
16:52:54     INFO - }
16:52:54     INFO - Found installer url https://queue.taskcluster.net/v1/task/I1iAdq48Sa60c5BCPWswkg/artifacts/public/build/firefox-52.8.2.en-US.linux-x86_64.tar.bz2.
16:52:54     INFO - Found a test packages url https://queue.taskcluster.net/v1/task/I1iAdq48Sa60c5BCPWswkg/artifacts/public/build/firefox-52.8.2.en-US.linux-x86_64.test_packages.json.
16:52:54     INFO - Running post-action listener: _resource_record_post_action
16:52:54     INFO - [mozharness: 2018-06-08 23:52:54.040923Z] Finished read-buildbot-config step (success)
16:52:54     INFO - [mozharness: 2018-06-08 23:52:54.041273Z] Running download-and-extract step.
16:52:54     INFO - Running pre-action listener: _pre_download_and_extract
16:52:54  WARNING - Try message not found.
16:52:54     INFO - Running pre-action listener: _resource_record_pre_action
16:52:54     INFO - Running main action method: download_and_extract
16:52:54     INFO - mkdir: /builds/slave/test/build/tests
16:52:54     INFO - Downloading https://queue.taskcluster.net/v1/task/I1iAdq48Sa60c5BCPWswkg/artifacts/public/build/firefox-52.8.2.en-US.linux-x86_64.test_packages.json to /builds/slave/test/build/firefox-52.8.2.en-US.linux-x86_64.test_packages.json
16:52:54     INFO - retry: Calling _download_file with args: (), kwargs: {'url': 'https://queue.taskcluster.net/v1/task/I1iAdq48Sa60c5BCPWswkg/artifacts/public/build/firefox-52.8.2.en-US.linux-x86_64.test_packages.json', 'file_name': '/builds/slave/test/build/firefox-52.8.2.en-US.linux-x86_64.test_packages.json'}, attempt #1
16:52:55     INFO - Downloaded 1361 bytes.
16:52:55     INFO - Reading from file /builds/slave/test/build/firefox-52.8.2.en-US.linux-x86_64.test_packages.json
16:52:55     INFO - Using the following test package requirements:
16:52:55     INFO - {u'common': [u'firefox-52.8.2.en-US.linux-x86_64.common.tests.zip'],
16:52:55     INFO -  u'cppunittest': [u'firefox-52.8.2.en-US.linux-x86_64.common.tests.zip',
16:52:55     INFO -                   u'firefox-52.8.2.en-US.linux-x86_64.cppunittest.tests.zip'],
16:52:55     INFO -  u'gtest': [u'firefox-52.8.2.en-US.linux-x86_64.common.tests.zip',
16:52:55     INFO -             u'firefox-52.8.2.en-US.linux-x86_64.gtest.tests.zip'],
16:52:55     INFO -  u'jittest': [u'firefox-52.8.2.en-US.linux-x86_64.common.tests.zip',
16:52:55     INFO -               u'jsshell-linux-x86_64.zip'],
16:52:55     INFO -  u'mochitest': [u'firefox-52.8.2.en-US.linux-x86_64.common.tests.zip',
16:52:55     INFO -                 u'firefox-52.8.2.en-US.linux-x86_64.mochitest.tests.zip'],
16:52:55     INFO -  u'mozbase': [u'firefox-52.8.2.en-US.linux-x86_64.common.tests.zip'],
16:52:55     INFO -  u'reftest': [u'firefox-52.8.2.en-US.linux-x86_64.common.tests.zip',
16:52:55     INFO -               u'firefox-52.8.2.en-US.linux-x86_64.reftest.tests.zip'],
16:52:55     INFO -  u'talos': [u'firefox-52.8.2.en-US.linux-x86_64.common.tests.zip',
16:52:55     INFO -             u'firefox-52.8.2.en-US.linux-x86_64.talos.tests.zip'],
16:52:55     INFO -  u'web-platform': [u'firefox-52.8.2.en-US.linux-x86_64.common.tests.zip',
16:52:55     INFO -                    u'firefox-52.8.2.en-US.linux-x86_64.web-platform.tests.zip'],
16:52:55     INFO -  u'xpcshell': [u'firefox-52.8.2.en-US.linux-x86_64.common.tests.zip',
16:52:55     INFO -                u'firefox-52.8.2.en-US.linux-x86_64.xpcshell.tests.zip']}
16:52:55     INFO - Downloading packages: [u'firefox-52.8.2.en-US.linux-x86_64.common.tests.zip', u'firefox-52.8.2.en-US.linux-x86_64.mochitest.tests.zip'] for test suite category: mochitest
16:52:55     INFO - Adding 'mozinfo.json' for extraction from common.tests zip file
16:52:55     INFO - Downloading and extracting to /builds/slave/test/build/tests these dirs bin/*, certs/*, config/*, mach, marionette/*, modules/*, mozbase/*, tools/*, mochitest/*, mozinfo.json from https://queue.taskcluster.net/v1/task/I1iAdq48Sa60c5BCPWswkg/artifacts/public/build/firefox-52.8.2.en-US.linux-x86_64.common.tests.zip
16:52:55     INFO - retry: Calling fetch_url_into_memory with args: (), kwargs: {'url': u'https://queue.taskcluster.net/v1/task/I1iAdq48Sa60c5BCPWswkg/artifacts/public/build/firefox-52.8.2.en-US.linux-x86_64.common.tests.zip'}, attempt #1
16:52:55     INFO - Fetch https://queue.taskcluster.net/v1/task/I1iAdq48Sa60c5BCPWswkg/artifacts/public/build/firefox-52.8.2.en-US.linux-x86_64.common.tests.zip into memory
16:52:57     INFO - Http code: 200
16:52:57     INFO - via: 1.1 2a47832c458ab2a6b20c8363f5aa35ea.cloudfront.net (CloudFront)
16:52:57     INFO - x-amz-cf-id: dm7mpBl3K6mq6VtUIMKRfbjJT9Pt7g45TLXiXGo1NKoOZHrNzlMWgg==
16:52:57     INFO - x-amz-version-id: amyEguiG3.NEsCgIpfpr7ojoc30OcAP5
16:52:59     INFO - Expected file size: 22192748
16:52:59     INFO - Obtained file size: 22192748
16:53:00     INFO - Downloading and extracting to /builds/slave/test/build/tests these dirs bin/*, certs/*, config/*, mach, marionette/*, modules/*, mozbase/*, tools/*, mochitest/*, mozinfo.json from https://queue.taskcluster.net/v1/task/I1iAdq48Sa60c5BCPWswkg/artifacts/public/build/firefox-52.8.2.en-US.linux-x86_64.mochitest.tests.zip
16:53:00     INFO - retry: Calling fetch_url_into_memory with args: (), kwargs: {'url': u'https://queue.taskcluster.net/v1/task/I1iAdq48Sa60c5BCPWswkg/artifacts/public/build/firefox-52.8.2.en-US.linux-x86_64.mochitest.tests.zip'}, attempt #1
16:53:00     INFO - Fetch https://queue.taskcluster.net/v1/task/I1iAdq48Sa60c5BCPWswkg/artifacts/public/build/firefox-52.8.2.en-US.linux-x86_64.mochitest.tests.zip into memory
16:53:02     INFO - Http code: 200
16:53:02     INFO - via: 1.1 11512f00e812993b9daa35c376d7cb20.cloudfront.net (CloudFront)
16:53:02     INFO - x-amz-cf-id: AiJ5_xgYoTVY4Gv03bsrOvej0i-9PSiG1VK1X61rKQU_TcyjL_2RDw==
16:53:02     INFO - x-amz-version-id: pVaLoGmwkPIw3WqAG.TA2Gozslw06heL
16:53:07     INFO - Expected file size: 80595071
16:53:07     INFO - Obtained file size: 80595071
16:53:30     INFO - Downloading https://queue.taskcluster.net/v1/task/I1iAdq48Sa60c5BCPWswkg/artifacts/public/build/firefox-52.8.2.en-US.linux-x86_64.tar.bz2 to /builds/slave/test/build/installer.tar.bz2
16:53:30     INFO - retry: Calling _download_file with args: (), kwargs: {'url': 'https://queue.taskcluster.net/v1/task/I1iAdq48Sa60c5BCPWswkg/artifacts/public/build/firefox-52.8.2.en-US.linux-x86_64.tar.bz2', 'file_name': '/builds/slave/test/build/installer.tar.bz2'}, attempt #1
16:53:34     INFO - Downloaded 57821935 bytes.
16:53:34     INFO - Setting buildbot property build_url to https://queue.taskcluster.net/v1/task/I1iAdq48Sa60c5BCPWswkg/artifacts/public/build/firefox-52.8.2.en-US.linux-x86_64.tar.bz2
16:53:34     INFO - mkdir: /builds/slave/test/properties
16:53:34     INFO - Writing buildbot properties ['build_url'] to /builds/slave/test/properties/build_url
16:53:34     INFO - Writing to file /builds/slave/test/properties/build_url
16:53:34     INFO - Contents:
16:53:34     INFO -  build_url:https://queue.taskcluster.net/v1/task/I1iAdq48Sa60c5BCPWswkg/artifacts/public/build/firefox-52.8.2.en-US.linux-x86_64.tar.bz2
16:53:36     INFO - Running post-action listener: _resource_record_post_action
16:53:36     INFO - Running post-action listener: set_extra_try_arguments
16:53:36     INFO - [mozharness: 2018-06-08 23:53:36.572737Z] Finished download-and-extract step (success)
16:53:36     INFO - [mozharness: 2018-06-08 23:53:36.573173Z] Running create-virtualenv step.
16:53:36     INFO - Running pre-action listener: _install_mozbase
16:53:36     INFO - Running pre-action listener: _pre_create_virtualenv
16:53:36     INFO - Running pre-action listener: _resource_record_pre_action
16:53:36     INFO - Running main action method: create_virtualenv
16:53:36     INFO - Creating virtualenv /builds/slave/test/build/venv
16:53:36     INFO - Running command: ['/tools/buildbot/bin/python', '/builds/slave/test/scripts/external_tools/virtualenv/virtualenv.py', '--always-copy', '/builds/slave/test/build/venv'] in /builds/slave/test/build
16:53:36     INFO - Copy/paste: /tools/buildbot/bin/python /builds/slave/test/scripts/external_tools/virtualenv/virtualenv.py --always-copy /builds/slave/test/build/venv
16:53:36     INFO - Using partial env: {'VIRTUALENV_NO_DOWNLOAD': '1'}
16:53:40     INFO -  Using real prefix '/usr'
16:53:40     INFO -  New python executable in /builds/slave/test/build/venv/bin/python
16:53:43     INFO -  Installing setuptools, pip, wheel...done.
16:53:43     INFO - Return code: 0
16:53:43     INFO - Installing psutil>=3.1.1 into virtualenv /builds/slave/test/build/venv
16:53:43     INFO - retry: Calling run_command with args: [['/builds/slave/test/build/venv/bin/pip', 'install', '--timeout', '120', '--no-index', '--find-links', 'http://pypi.pvt.build.mozilla.org/pub', '--find-links', 'http://pypi.pub.build.mozilla.org/pub', '--trusted-host', 'pypi.pub.build.mozilla.org', '--trusted-host', 'pypi.pvt.build.mozilla.org', 'psutil>=3.1.1']], kwargs: {'error_level': 'warning', 'error_list': [{'substr': 'not found or a compiler error:', 'level': 'warning'}, {'regex': <_sre.SRE_Pattern object at 0x7f84696e9110>, 'level': 'error'}, {'regex': <_sre.SRE_Pattern object at 0x7f84697f1e40>, 'level': 'warning'}, {'regex': <_sre.SRE_Pattern object at 0x28e43e0>, 'level': 'debug'}, {'substr': 'command not found', 'level': 'error'}, {'regex': <_sre.SRE_Pattern object at 0x28e0a90>, 'level': 'warning'}, {'substr': 'Traceback (most recent call last)', 'level': 'error'}, {'substr': 'SyntaxError: ', 'level': 'error'}, {'substr': 'TypeError: ', 'level': 'error'}, {'substr': 'NameError: ', 'level': 'error'}, {'substr': 'ZeroDivisionError: ', 'level': 'error'}, {'regex': <_sre.SRE_Pattern object at 0x28e23f0>, 'level': 'critical'}, {'regex': <_sre.SRE_Pattern object at 0x28e2670>, 'level': 'critical'}], 'cwd': '/builds/slave/test/build', 'env': {'TMOUT': '86400', 'LOGNAME': 'cltbld', 'USER': 'cltbld', 'HOME': '/home/cltbld', 'PATH': '/usr/local/bin:/usr/local/bin:/usr/bin:/bin:/usr/local/games:/usr/games', 'DISPLAY': ':0', 'CCACHE_UMASK': '002', 'LANG': 'en_US.UTF-8', 'TERM': 'linux', 'SHELL': '/bin/bash', 'MOZ_NODE_PATH': '/usr/bin/node', 'XDG_SESSION_COOKIE': '9ca12473fbb1d023794ffd180000023c-1528501966.728139-969065761', 'SHLVL': '1', 'NO_FAIL_ON_TEST_ERRORS': '1', 'MOZ_NO_REMOTE': '1', 'MOZ_HIDE_RESULTS_TABLE': '1', 'MAIL': '/var/mail/cltbld', '_': '/tools/buildbot/bin/python', 'NODE_PATH': '/usr/lib/nodejs:/usr/lib/node_modules:/usr/share/javascript', 'PWD': '/builds/slave/test', 'PROPERTIES_FILE': '/builds/slave/test/buildprops.json', 'CCACHE_DIR': '/builds/ccache'}}, attempt #1
16:53:43     INFO - Running command: ['/builds/slave/test/build/venv/bin/pip', 'install', '--timeout', '120', '--no-index', '--find-links', 'http://pypi.pvt.build.mozilla.org/pub', '--find-links', 'http://pypi.pub.build.mozilla.org/pub', '--trusted-host', 'pypi.pub.build.mozilla.org', '--trusted-host', 'pypi.pvt.build.mozilla.org', 'psutil>=3.1.1'] in /builds/slave/test/build
16:53:43     INFO - Copy/paste: /builds/slave/test/build/venv/bin/pip install --timeout 120 --no-index --find-links http://pypi.pvt.build.mozilla.org/pub --find-links http://pypi.pub.build.mozilla.org/pub --trusted-host pypi.pub.build.mozilla.org --trusted-host pypi.pvt.build.mozilla.org psutil>=3.1.1
16:53:43     INFO - Using env: {'CCACHE_DIR': '/builds/ccache',
16:53:43     INFO -  'CCACHE_UMASK': '002',
16:53:43     INFO -  'DISPLAY': ':0',
16:53:43     INFO -  'HOME': '/home/cltbld',
16:53:43     INFO -  'LANG': 'en_US.UTF-8',
16:53:43     INFO -  'LOGNAME': 'cltbld',
16:53:43     INFO -  'MAIL': '/var/mail/cltbld',
16:53:43     INFO -  'MOZ_HIDE_RESULTS_TABLE': '1',
16:53:43     INFO -  'MOZ_NODE_PATH': '/usr/bin/node',
16:53:43     INFO -  'MOZ_NO_REMOTE': '1',
16:53:43     INFO -  'NODE_PATH': '/usr/lib/nodejs:/usr/lib/node_modules:/usr/share/javascript',
16:53:43     INFO -  'NO_FAIL_ON_TEST_ERRORS': '1',
16:53:43     INFO -  'PATH': '/usr/local/bin:/usr/local/bin:/usr/bin:/bin:/usr/local/games:/usr/games',
16:53:43     INFO -  'PROPERTIES_FILE': '/builds/slave/test/buildprops.json',
16:53:43     INFO -  'PWD': '/builds/slave/test',
16:53:43     INFO -  'SHELL': '/bin/bash',
16:53:43     INFO -  'SHLVL': '1',
16:53:43     INFO -  'TERM': 'linux',
16:53:43     INFO -  'TMOUT': '86400',
16:53:43     INFO -  'USER': 'cltbld',
16:53:43     INFO -  'XDG_SESSION_COOKIE': '9ca12473fbb1d023794ffd180000023c-1528501966.728139-969065761',
16:53:43     INFO -  '_': '/tools/buildbot/bin/python'}
16:53:44     INFO -  Ignoring indexes: https://pypi.python.org/simple
16:53:44     INFO -  Collecting psutil>=3.1.1
16:53:44     INFO -  /builds/slave/test/build/venv/lib/python2.7/site-packages/pip/_vendor/requests/packages/urllib3/util/ssl_.py:318: SNIMissingWarning: An HTTPS request has been made, but the SNI (Subject Name Indication) extension to TLS is not available on this platform. This may cause the server to present an incorrect TLS certificate, which can cause validation failures. You can upgrade to a newer version of Python to solve this. For more information, see https://urllib3.readthedocs.org/en/latest/security.html#snimissingwarning.
16:53:44     INFO -    SNIMissingWarning
16:53:44     INFO -  /builds/slave/test/build/venv/lib/python2.7/site-packages/pip/_vendor/requests/packages/urllib3/util/ssl_.py:122: InsecurePlatformWarning: A true SSLContext object is not available. This prevents urllib3 from configuring SSL appropriately and may cause certain SSL connections to fail. You can upgrade to a newer version of Python to solve this. For more information, see https://urllib3.readthedocs.org/en/latest/security.html#insecureplatformwarning.
16:53:44     INFO -    InsecurePlatformWarning
16:53:46     INFO -  /builds/slave/test/build/venv/lib/python2.7/site-packages/pip/_vendor/requests/packages/urllib3/util/ssl_.py:122: InsecurePlatformWarning: A true SSLContext object is not available. This prevents urllib3 from configuring SSL appropriately and may cause certain SSL connections to fail. You can upgrade to a newer version of Python to solve this. For more information, see https://urllib3.readthedocs.org/en/latest/security.html#insecureplatformwarning.
16:53:46     INFO -    InsecurePlatformWarning
16:53:51     INFO -    Downloading https://pypi.pvt.build.mozilla.org/pub/psutil-5.4.3.tar.gz (412kB)
16:53:53     INFO -  Building wheels for collected packages: psutil
16:53:53     INFO -    Running setup.py bdist_wheel for psutil: started
16:53:56     INFO -    Running setup.py bdist_wheel for psutil: finished with status 'done'
16:53:56     INFO -    Stored in directory: /home/cltbld/.cache/pip/wheels/30/c0/c3/5cdb2b64c0d47a81af9c62935a64d83948d2c2b3e7af3eeee2
16:53:56     INFO -  Successfully built psutil
16:53:56     INFO -  Installing collected packages: psutil
16:53:56     INFO -  Successfully installed psutil-5.4.3
16:53:56     INFO - Return code: 0
16:53:56     INFO - Installing mozsystemmonitor==0.3 into virtualenv /builds/slave/test/build/venv
16:53:57     INFO - retry: Calling run_command with args: [['/builds/slave/test/build/venv/bin/pip', 'install', '--timeout', '120', '--no-index', '--find-links', 'http://pypi.pvt.build.mozilla.org/pub', '--find-links', 'http://pypi.pub.build.mozilla.org/pub', '--trusted-host', 'pypi.pub.build.mozilla.org', '--trusted-host', 'pypi.pvt.build.mozilla.org', 'mozsystemmonitor==0.3']], kwargs: {'error_level': 'warning', 'error_list': [{'substr': 'not found or a compiler error:', 'level': 'warning'}, {'regex': <_sre.SRE_Pattern object at 0x7f84696e9110>, 'level': 'error'}, {'regex': <_sre.SRE_Pattern object at 0x7f84697f1e40>, 'level': 'warning'}, {'regex': <_sre.SRE_Pattern object at 0x28e43e0>, 'level': 'debug'}, {'substr': 'command not found', 'level': 'error'}, {'regex': <_sre.SRE_Pattern object at 0x28e0a90>, 'level': 'warning'}, {'substr': 'Traceback (most recent call last)', 'level': 'error'}, {'substr': 'SyntaxError: ', 'level': 'error'}, {'substr': 'TypeError: ', 'level': 'error'}, {'substr': 'NameError: ', 'level': 'error'}, {'substr': 'ZeroDivisionError: ', 'level': 'error'}, {'regex': <_sre.SRE_Pattern object at 0x28e23f0>, 'level': 'critical'}, {'regex': <_sre.SRE_Pattern object at 0x28e2670>, 'level': 'critical'}], 'cwd': '/builds/slave/test/build', 'env': {'TMOUT': '86400', 'LOGNAME': 'cltbld', 'USER': 'cltbld', 'HOME': '/home/cltbld', 'PATH': '/usr/local/bin:/usr/local/bin:/usr/bin:/bin:/usr/local/games:/usr/games', 'DISPLAY': ':0', 'CCACHE_UMASK': '002', 'LANG': 'en_US.UTF-8', 'TERM': 'linux', 'SHELL': '/bin/bash', 'MOZ_NODE_PATH': '/usr/bin/node', 'XDG_SESSION_COOKIE': '9ca12473fbb1d023794ffd180000023c-1528501966.728139-969065761', 'SHLVL': '1', 'NO_FAIL_ON_TEST_ERRORS': '1', 'MOZ_NO_REMOTE': '1', 'MOZ_HIDE_RESULTS_TABLE': '1', 'MAIL': '/var/mail/cltbld', '_': '/tools/buildbot/bin/python', 'NODE_PATH': '/usr/lib/nodejs:/usr/lib/node_modules:/usr/share/javascript', 'PWD': '/builds/slave/test', 'PROPERTIES_FILE': '/builds/slave/test/buildprops.json', 'CCACHE_DIR': '/builds/ccache'}}, attempt #1
16:53:57     INFO - Running command: ['/builds/slave/test/build/venv/bin/pip', 'install', '--timeout', '120', '--no-index', '--find-links', 'http://pypi.pvt.build.mozilla.org/pub', '--find-links', 'http://pypi.pub.build.mozilla.org/pub', '--trusted-host', 'pypi.pub.build.mozilla.org', '--trusted-host', 'pypi.pvt.build.mozilla.org', 'mozsystemmonitor==0.3'] in /builds/slave/test/build
16:53:57     INFO - Copy/paste: /builds/slave/test/build/venv/bin/pip install --timeout 120 --no-index --find-links http://pypi.pvt.build.mozilla.org/pub --find-links http://pypi.pub.build.mozilla.org/pub --trusted-host pypi.pub.build.mozilla.org --trusted-host pypi.pvt.build.mozilla.org mozsystemmonitor==0.3
16:53:57     INFO - Using env: {'CCACHE_DIR': '/builds/ccache',
16:53:57     INFO -  'CCACHE_UMASK': '002',
16:53:57     INFO -  'DISPLAY': ':0',
16:53:57     INFO -  'HOME': '/home/cltbld',
16:53:57     INFO -  'LANG': 'en_US.UTF-8',
16:53:57     INFO -  'LOGNAME': 'cltbld',
16:53:57     INFO -  'MAIL': '/var/mail/cltbld',
16:53:57     INFO -  'MOZ_HIDE_RESULTS_TABLE': '1',
16:53:57     INFO -  'MOZ_NODE_PATH': '/usr/bin/node',
16:53:57     INFO -  'MOZ_NO_REMOTE': '1',
16:53:57     INFO -  'NODE_PATH': '/usr/lib/nodejs:/usr/lib/node_modules:/usr/share/javascript',
16:53:57     INFO -  'NO_FAIL_ON_TEST_ERRORS': '1',
16:53:57     INFO -  'PATH': '/usr/local/bin:/usr/local/bin:/usr/bin:/bin:/usr/local/games:/usr/games',
16:53:57     INFO -  'PROPERTIES_FILE': '/builds/slave/test/buildprops.json',
16:53:57     INFO -  'PWD': '/builds/slave/test',
16:53:57     INFO -  'SHELL': '/bin/bash',
16:53:57     INFO -  'SHLVL': '1',
16:53:57     INFO -  'TERM': 'linux',
16:53:57     INFO -  'TMOUT': '86400',
16:53:57     INFO -  'USER': 'cltbld',
16:53:57     INFO -  'XDG_SESSION_COOKIE': '9ca12473fbb1d023794ffd180000023c-1528501966.728139-969065761',
16:53:57     INFO -  '_': '/tools/buildbot/bin/python'}
16:53:57     INFO -  Ignoring indexes: https://pypi.python.org/simple
16:53:57     INFO -  Collecting mozsystemmonitor==0.3
16:53:58     INFO -  /builds/slave/test/build/venv/lib/python2.7/site-packages/pip/_vendor/requests/packages/urllib3/util/ssl_.py:318: SNIMissingWarning: An HTTPS request has been made, but the SNI (Subject Name Indication) extension to TLS is not available on this platform. This may cause the server to present an incorrect TLS certificate, which can cause validation failures. You can upgrade to a newer version of Python to solve this. For more information, see https://urllib3.readthedocs.org/en/latest/security.html#snimissingwarning.
16:53:58     INFO -    SNIMissingWarning
16:53:58     INFO -  /builds/slave/test/build/venv/lib/python2.7/site-packages/pip/_vendor/requests/packages/urllib3/util/ssl_.py:122: InsecurePlatformWarning: A true SSLContext object is not available. This prevents urllib3 from configuring SSL appropriately and may cause certain SSL connections to fail. You can upgrade to a newer version of Python to solve this. For more information, see https://urllib3.readthedocs.org/en/latest/security.html#insecureplatformwarning.
16:53:58     INFO -    InsecurePlatformWarning
16:54:00     INFO -  /builds/slave/test/build/venv/lib/python2.7/site-packages/pip/_vendor/requests/packages/urllib3/util/ssl_.py:122: InsecurePlatformWarning: A true SSLContext object is not available. This prevents urllib3 from configuring SSL appropriately and may cause certain SSL connections to fail. You can upgrade to a newer version of Python to solve this. For more information, see https://urllib3.readthedocs.org/en/latest/security.html#insecureplatformwarning.
16:54:00     INFO -    InsecurePlatformWarning
16:54:05     INFO -    Downloading https://pypi.pvt.build.mozilla.org/pub/mozsystemmonitor-0.3.tar.gz
16:54:05     INFO -  Requirement already satisfied (use --upgrade to upgrade): psutil>=3.1.1 in ./venv/lib/python2.7/site-packages (from mozsystemmonitor==0.3)
16:54:05     INFO -  Building wheels for collected packages: mozsystemmonitor
16:54:05     INFO -    Running setup.py bdist_wheel for mozsystemmonitor: started
16:54:06     INFO -    Running setup.py bdist_wheel for mozsystemmonitor: finished with status 'done'
16:54:06     INFO -    Stored in directory: /home/cltbld/.cache/pip/wheels/f4/b7/9c/8a88c92aaad7c1d8bbd68513e1d91ad7f62b7465808c516aa8
16:54:06     INFO -  Successfully built mozsystemmonitor
16:54:06     INFO -  Installing collected packages: mozsystemmonitor
16:54:06     INFO -  Successfully installed mozsystemmonitor-0.3
16:54:06     INFO - Return code: 0
16:54:06     INFO - Installing jsonschema==2.5.1 into virtualenv /builds/slave/test/build/venv
16:54:06     INFO - retry: Calling run_command with args: [['/builds/slave/test/build/venv/bin/pip', 'install', '--timeout', '120', '--no-index', '--find-links', 'http://pypi.pvt.build.mozilla.org/pub', '--find-links', 'http://pypi.pub.build.mozilla.org/pub', '--trusted-host', 'pypi.pub.build.mozilla.org', '--trusted-host', 'pypi.pvt.build.mozilla.org', 'jsonschema==2.5.1']], kwargs: {'error_level': 'warning', 'error_list': [{'substr': 'not found or a compiler error:', 'level': 'warning'}, {'regex': <_sre.SRE_Pattern object at 0x7f84696e9110>, 'level': 'error'}, {'regex': <_sre.SRE_Pattern object at 0x7f84697f1e40>, 'level': 'warning'}, {'regex': <_sre.SRE_Pattern object at 0x28e43e0>, 'level': 'debug'}, {'substr': 'command not found', 'level': 'error'}, {'regex': <_sre.SRE_Pattern object at 0x28e0a90>, 'level': 'warning'}, {'substr': 'Traceback (most recent call last)', 'level': 'error'}, {'substr': 'SyntaxError: ', 'level': 'error'}, {'substr': 'TypeError: ', 'level': 'error'}, {'substr': 'NameError: ', 'level': 'error'}, {'substr': 'ZeroDivisionError: ', 'level': 'error'}, {'regex': <_sre.SRE_Pattern object at 0x28e23f0>, 'level': 'critical'}, {'regex': <_sre.SRE_Pattern object at 0x28e2670>, 'level': 'critical'}], 'cwd': '/builds/slave/test/build', 'env': {'TMOUT': '86400', 'LOGNAME': 'cltbld', 'USER': 'cltbld', 'HOME': '/home/cltbld', 'PATH': '/usr/local/bin:/usr/local/bin:/usr/bin:/bin:/usr/local/games:/usr/games', 'DISPLAY': ':0', 'CCACHE_UMASK': '002', 'LANG': 'en_US.UTF-8', 'TERM': 'linux', 'SHELL': '/bin/bash', 'MOZ_NODE_PATH': '/usr/bin/node', 'XDG_SESSION_COOKIE': '9ca12473fbb1d023794ffd180000023c-1528501966.728139-969065761', 'SHLVL': '1', 'NO_FAIL_ON_TEST_ERRORS': '1', 'MOZ_NO_REMOTE': '1', 'MOZ_HIDE_RESULTS_TABLE': '1', 'MAIL': '/var/mail/cltbld', '_': '/tools/buildbot/bin/python', 'NODE_PATH': '/usr/lib/nodejs:/usr/lib/node_modules:/usr/share/javascript', 'PWD': '/builds/slave/test', 'PROPERTIES_FILE': '/builds/slave/test/buildprops.json', 'CCACHE_DIR': '/builds/ccache'}}, attempt #1
16:54:06     INFO - Running command: ['/builds/slave/test/build/venv/bin/pip', 'install', '--timeout', '120', '--no-index', '--find-links', 'http://pypi.pvt.build.mozilla.org/pub', '--find-links', 'http://pypi.pub.build.mozilla.org/pub', '--trusted-host', 'pypi.pub.build.mozilla.org', '--trusted-host', 'pypi.pvt.build.mozilla.org', 'jsonschema==2.5.1'] in /builds/slave/test/build
16:54:06     INFO - Copy/paste: /builds/slave/test/build/venv/bin/pip install --timeout 120 --no-index --find-links http://pypi.pvt.build.mozilla.org/pub --find-links http://pypi.pub.build.mozilla.org/pub --trusted-host pypi.pub.build.mozilla.org --trusted-host pypi.pvt.build.mozilla.org jsonschema==2.5.1
16:54:06     INFO - Using env: {'CCACHE_DIR': '/builds/ccache',
16:54:06     INFO -  'CCACHE_UMASK': '002',
16:54:06     INFO -  'DISPLAY': ':0',
16:54:06     INFO -  'HOME': '/home/cltbld',
16:54:06     INFO -  'LANG': 'en_US.UTF-8',
16:54:06     INFO -  'LOGNAME': 'cltbld',
16:54:06     INFO -  'MAIL': '/var/mail/cltbld',
16:54:06     INFO -  'MOZ_HIDE_RESULTS_TABLE': '1',
16:54:06     INFO -  'MOZ_NODE_PATH': '/usr/bin/node',
16:54:06     INFO -  'MOZ_NO_REMOTE': '1',
16:54:06     INFO -  'NODE_PATH': '/usr/lib/nodejs:/usr/lib/node_modules:/usr/share/javascript',
16:54:06     INFO -  'NO_FAIL_ON_TEST_ERRORS': '1',
16:54:06     INFO -  'PATH': '/usr/local/bin:/usr/local/bin:/usr/bin:/bin:/usr/local/games:/usr/games',
16:54:06     INFO -  'PROPERTIES_FILE': '/builds/slave/test/buildprops.json',
16:54:06     INFO -  'PWD': '/builds/slave/test',
16:54:06     INFO -  'SHELL': '/bin/bash',
16:54:06     INFO -  'SHLVL': '1',
16:54:06     INFO -  'TERM': 'linux',
16:54:06     INFO -  'TMOUT': '86400',
16:54:06     INFO -  'USER': 'cltbld',
16:54:06     INFO -  'XDG_SESSION_COOKIE': '9ca12473fbb1d023794ffd180000023c-1528501966.728139-969065761',
16:54:06     INFO -  '_': '/tools/buildbot/bin/python'}
16:54:07     INFO -  Ignoring indexes: https://pypi.python.org/simple
16:54:07     INFO -  Collecting jsonschema==2.5.1
16:54:07     INFO -  /builds/slave/test/build/venv/lib/python2.7/site-packages/pip/_vendor/requests/packages/urllib3/util/ssl_.py:318: SNIMissingWarning: An HTTPS request has been made, but the SNI (Subject Name Indication) extension to TLS is not available on this platform. This may cause the server to present an incorrect TLS certificate, which can cause validation failures. You can upgrade to a newer version of Python to solve this. For more information, see https://urllib3.readthedocs.org/en/latest/security.html#snimissingwarning.
16:54:07     INFO -    SNIMissingWarning
16:54:07     INFO -  /builds/slave/test/build/venv/lib/python2.7/site-packages/pip/_vendor/requests/packages/urllib3/util/ssl_.py:122: InsecurePlatformWarning: A true SSLContext object is not available. This prevents urllib3 from configuring SSL appropriately and may cause certain SSL connections to fail. You can upgrade to a newer version of Python to solve this. For more information, see https://urllib3.readthedocs.org/en/latest/security.html#insecureplatformwarning.
16:54:07     INFO -    InsecurePlatformWarning
16:54:09     INFO -  /builds/slave/test/build/venv/lib/python2.7/site-packages/pip/_vendor/requests/packages/urllib3/util/ssl_.py:122: InsecurePlatformWarning: A true SSLContext object is not available. This prevents urllib3 from configuring SSL appropriately and may cause certain SSL connections to fail. You can upgrade to a newer version of Python to solve this. For more information, see https://urllib3.readthedocs.org/en/latest/security.html#insecureplatformwarning.
16:54:09     INFO -    InsecurePlatformWarning
16:54:14     INFO -    Downloading https://pypi.pvt.build.mozilla.org/pub/jsonschema-2.5.1-py2.py3-none-any.whl
16:54:14     INFO -  Collecting functools32; python_version == "2.7" (from jsonschema==2.5.1)
16:54:20     INFO -    Downloading https://pypi.pvt.build.mozilla.org/pub/functools32-3.2.3-2.tar.gz
16:54:21     INFO -  Building wheels for collected packages: functools32
16:54:21     INFO -    Running setup.py bdist_wheel for functools32: started
16:54:21     INFO -    Running setup.py bdist_wheel for functools32: finished with status 'done'
16:54:21     INFO -    Stored in directory: /home/cltbld/.cache/pip/wheels/60/8e/5c/cd0944700dbec48e57da97dbe11bcc84b1332f6b43bc89d9b7
16:54:21     INFO -  Successfully built functools32
16:54:21     INFO -  Installing collected packages: functools32, jsonschema
16:54:21     INFO -  Successfully installed functools32-3.2.3.post2 jsonschema-2.5.1
16:54:21     INFO - Return code: 0
16:54:21     INFO - Installing functools32==3.2.3-2 into virtualenv /builds/slave/test/build/venv
16:54:22     INFO - retry: Calling run_command with args: [['/builds/slave/test/build/venv/bin/pip', 'install', '--timeout', '120', '--no-index', '--find-links', 'http://pypi.pvt.build.mozilla.org/pub', '--find-links', 'http://pypi.pub.build.mozilla.org/pub', '--trusted-host', 'pypi.pub.build.mozilla.org', '--trusted-host', 'pypi.pvt.build.mozilla.org', 'functools32==3.2.3-2']], kwargs: {'error_level': 'warning', 'error_list': [{'substr': 'not found or a compiler error:', 'level': 'warning'}, {'regex': <_sre.SRE_Pattern object at 0x7f84696e9110>, 'level': 'error'}, {'regex': <_sre.SRE_Pattern object at 0x7f84697f1e40>, 'level': 'warning'}, {'regex': <_sre.SRE_Pattern object at 0x28e43e0>, 'level': 'debug'}, {'substr': 'command not found', 'level': 'error'}, {'regex': <_sre.SRE_Pattern object at 0x28e0a90>, 'level': 'warning'}, {'substr': 'Traceback (most recent call last)', 'level': 'error'}, {'substr': 'SyntaxError: ', 'level': 'error'}, {'substr': 'TypeError: ', 'level': 'error'}, {'substr': 'NameError: ', 'level': 'error'}, {'substr': 'ZeroDivisionError: ', 'level': 'error'}, {'regex': <_sre.SRE_Pattern object at 0x28e23f0>, 'level': 'critical'}, {'regex': <_sre.SRE_Pattern object at 0x28e2670>, 'level': 'critical'}], 'cwd': '/builds/slave/test/build', 'env': {'TMOUT': '86400', 'LOGNAME': 'cltbld', 'USER': 'cltbld', 'HOME': '/home/cltbld', 'PATH': '/usr/local/bin:/usr/local/bin:/usr/bin:/bin:/usr/local/games:/usr/games', 'DISPLAY': ':0', 'CCACHE_UMASK': '002', 'LANG': 'en_US.UTF-8', 'TERM': 'linux', 'SHELL': '/bin/bash', 'MOZ_NODE_PATH': '/usr/bin/node', 'XDG_SESSION_COOKIE': '9ca12473fbb1d023794ffd180000023c-1528501966.728139-969065761', 'SHLVL': '1', 'NO_FAIL_ON_TEST_ERRORS': '1', 'MOZ_NO_REMOTE': '1', 'MOZ_HIDE_RESULTS_TABLE': '1', 'MAIL': '/var/mail/cltbld', '_': '/tools/buildbot/bin/python', 'NODE_PATH': '/usr/lib/nodejs:/usr/lib/node_modules:/usr/share/javascript', 'PWD': '/builds/slave/test', 'PROPERTIES_FILE': '/builds/slave/test/buildprops.json', 'CCACHE_DIR': '/builds/ccache'}}, attempt #1
16:54:22     INFO - Running command: ['/builds/slave/test/build/venv/bin/pip', 'install', '--timeout', '120', '--no-index', '--find-links', 'http://pypi.pvt.build.mozilla.org/pub', '--find-links', 'http://pypi.pub.build.mozilla.org/pub', '--trusted-host', 'pypi.pub.build.mozilla.org', '--trusted-host', 'pypi.pvt.build.mozilla.org', 'functools32==3.2.3-2'] in /builds/slave/test/build
16:54:22     INFO - Copy/paste: /builds/slave/test/build/venv/bin/pip install --timeout 120 --no-index --find-links http://pypi.pvt.build.mozilla.org/pub --find-links http://pypi.pub.build.mozilla.org/pub --trusted-host pypi.pub.build.mozilla.org --trusted-host pypi.pvt.build.mozilla.org functools32==3.2.3-2
16:54:22     INFO - Using env: {'CCACHE_DIR': '/builds/ccache',
16:54:22     INFO -  'CCACHE_UMASK': '002',
16:54:22     INFO -  'DISPLAY': ':0',
16:54:22     INFO -  'HOME': '/home/cltbld',
16:54:22     INFO -  'LANG': 'en_US.UTF-8',
16:54:22     INFO -  'LOGNAME': 'cltbld',
16:54:22     INFO -  'MAIL': '/var/mail/cltbld',
16:54:22     INFO -  'MOZ_HIDE_RESULTS_TABLE': '1',
16:54:22     INFO -  'MOZ_NODE_PATH': '/usr/bin/node',
16:54:22     INFO -  'MOZ_NO_REMOTE': '1',
16:54:22     INFO -  'NODE_PATH': '/usr/lib/nodejs:/usr/lib/node_modules:/usr/share/javascript',
16:54:22     INFO -  'NO_FAIL_ON_TEST_ERRORS': '1',
16:54:22     INFO -  'PATH': '/usr/local/bin:/usr/local/bin:/usr/bin:/bin:/usr/local/games:/usr/games',
16:54:22     INFO -  'PROPERTIES_FILE': '/builds/slave/test/buildprops.json',
16:54:22     INFO -  'PWD': '/builds/slave/test',
16:54:22     INFO -  'SHELL': '/bin/bash',
16:54:22     INFO -  'SHLVL': '1',
16:54:22     INFO -  'TERM': 'linux',
16:54:22     INFO -  'TMOUT': '86400',
16:54:22     INFO -  'USER': 'cltbld',
16:54:22     INFO -  'XDG_SESSION_COOKIE': '9ca12473fbb1d023794ffd180000023c-1528501966.728139-969065761',
16:54:22     INFO -  '_': '/tools/buildbot/bin/python'}
16:54:23     INFO -  Ignoring indexes: https://pypi.python.org/simple
16:54:23     INFO -  Requirement already satisfied (use --upgrade to upgrade): functools32==3.2.3-2 in ./venv/lib/python2.7/site-packages
16:54:23     INFO - Return code: 0
16:54:23     INFO - Installing blobuploader==1.2.4 into virtualenv /builds/slave/test/build/venv
16:54:23     INFO - retry: Calling run_command with args: [['/builds/slave/test/build/venv/bin/pip', 'install', '--timeout', '120', '--no-index', '--find-links', 'http://pypi.pvt.build.mozilla.org/pub', '--find-links', 'http://pypi.pub.build.mozilla.org/pub', '--trusted-host', 'pypi.pub.build.mozilla.org', '--trusted-host', 'pypi.pvt.build.mozilla.org', 'blobuploader==1.2.4']], kwargs: {'error_level': 'warning', 'error_list': [{'substr': 'not found or a compiler error:', 'level': 'warning'}, {'regex': <_sre.SRE_Pattern object at 0x7f84696e9110>, 'level': 'error'}, {'regex': <_sre.SRE_Pattern object at 0x7f84697f1e40>, 'level': 'warning'}, {'regex': <_sre.SRE_Pattern object at 0x28e43e0>, 'level': 'debug'}, {'substr': 'command not found', 'level': 'error'}, {'regex': <_sre.SRE_Pattern object at 0x28e0a90>, 'level': 'warning'}, {'substr': 'Traceback (most recent call last)', 'level': 'error'}, {'substr': 'SyntaxError: ', 'level': 'error'}, {'substr': 'TypeError: ', 'level': 'error'}, {'substr': 'NameError: ', 'level': 'error'}, {'substr': 'ZeroDivisionError: ', 'level': 'error'}, {'regex': <_sre.SRE_Pattern object at 0x28e23f0>, 'level': 'critical'}, {'regex': <_sre.SRE_Pattern object at 0x28e2670>, 'level': 'critical'}], 'cwd': '/builds/slave/test/build', 'env': {'TMOUT': '86400', 'LOGNAME': 'cltbld', 'USER': 'cltbld', 'HOME': '/home/cltbld', 'PATH': '/usr/local/bin:/usr/local/bin:/usr/bin:/bin:/usr/local/games:/usr/games', 'DISPLAY': ':0', 'CCACHE_UMASK': '002', 'LANG': 'en_US.UTF-8', 'TERM': 'linux', 'SHELL': '/bin/bash', 'MOZ_NODE_PATH': '/usr/bin/node', 'XDG_SESSION_COOKIE': '9ca12473fbb1d023794ffd180000023c-1528501966.728139-969065761', 'SHLVL': '1', 'NO_FAIL_ON_TEST_ERRORS': '1', 'MOZ_NO_REMOTE': '1', 'MOZ_HIDE_RESULTS_TABLE': '1', 'MAIL': '/var/mail/cltbld', '_': '/tools/buildbot/bin/python', 'NODE_PATH': '/usr/lib/nodejs:/usr/lib/node_modules:/usr/share/javascript', 'PWD': '/builds/slave/test', 'PROPERTIES_FILE': '/builds/slave/test/buildprops.json', 'CCACHE_DIR': '/builds/ccache'}}, attempt #1
16:54:23     INFO - Running command: ['/builds/slave/test/build/venv/bin/pip', 'install', '--timeout', '120', '--no-index', '--find-links', 'http://pypi.pvt.build.mozilla.org/pub', '--find-links', 'http://pypi.pub.build.mozilla.org/pub', '--trusted-host', 'pypi.pub.build.mozilla.org', '--trusted-host', 'pypi.pvt.build.mozilla.org', 'blobuploader==1.2.4'] in /builds/slave/test/build
16:54:23     INFO - Copy/paste: /builds/slave/test/build/venv/bin/pip install --timeout 120 --no-index --find-links http://pypi.pvt.build.mozilla.org/pub --find-links http://pypi.pub.build.mozilla.org/pub --trusted-host pypi.pub.build.mozilla.org --trusted-host pypi.pvt.build.mozilla.org blobuploader==1.2.4
16:54:23     INFO - Using env: {'CCACHE_DIR': '/builds/ccache',
16:54:23     INFO -  'CCACHE_UMASK': '002',
16:54:23     INFO -  'DISPLAY': ':0',
16:54:23     INFO -  'HOME': '/home/cltbld',
16:54:23     INFO -  'LANG': 'en_US.UTF-8',
16:54:23     INFO -  'LOGNAME': 'cltbld',
16:54:23     INFO -  'MAIL': '/var/mail/cltbld',
16:54:23     INFO -  'MOZ_HIDE_RESULTS_TABLE': '1',
16:54:23     INFO -  'MOZ_NODE_PATH': '/usr/bin/node',
16:54:23     INFO -  'MOZ_NO_REMOTE': '1',
16:54:23     INFO -  'NODE_PATH': '/usr/lib/nodejs:/usr/lib/node_modules:/usr/share/javascript',
16:54:23     INFO -  'NO_FAIL_ON_TEST_ERRORS': '1',
16:54:23     INFO -  'PATH': '/usr/local/bin:/usr/local/bin:/usr/bin:/bin:/usr/local/games:/usr/games',
16:54:23     INFO -  'PROPERTIES_FILE': '/builds/slave/test/buildprops.json',
16:54:23     INFO -  'PWD': '/builds/slave/test',
16:54:23     INFO -  'SHELL': '/bin/bash',
16:54:23     INFO -  'SHLVL': '1',
16:54:23     INFO -  'TERM': 'linux',
16:54:23     INFO -  'TMOUT': '86400',
16:54:23     INFO -  'USER': 'cltbld',
16:54:23     INFO -  'XDG_SESSION_COOKIE': '9ca12473fbb1d023794ffd180000023c-1528501966.728139-969065761',
16:54:23     INFO -  '_': '/tools/buildbot/bin/python'}
16:54:24     INFO -  Ignoring indexes: https://pypi.python.org/simple
16:54:24     INFO -  Collecting blobuploader==1.2.4
16:54:24     INFO -  /builds/slave/test/build/venv/lib/python2.7/site-packages/pip/_vendor/requests/packages/urllib3/util/ssl_.py:318: SNIMissingWarning: An HTTPS request has been made, but the SNI (Subject Name Indication) extension to TLS is not available on this platform. This may cause the server to present an incorrect TLS certificate, which can cause validation failures. You can upgrade to a newer version of Python to solve this. For more information, see https://urllib3.readthedocs.org/en/latest/security.html#snimissingwarning.
16:54:24     INFO -    SNIMissingWarning
16:54:24     INFO -  /builds/slave/test/build/venv/lib/python2.7/site-packages/pip/_vendor/requests/packages/urllib3/util/ssl_.py:122: InsecurePlatformWarning: A true SSLContext object is not available. This prevents urllib3 from configuring SSL appropriately and may cause certain SSL connections to fail. You can upgrade to a newer version of Python to solve this. For more information, see https://urllib3.readthedocs.org/en/latest/security.html#insecureplatformwarning.
16:54:24     INFO -    InsecurePlatformWarning
16:54:26     INFO -  /builds/slave/test/build/venv/lib/python2.7/site-packages/pip/_vendor/requests/packages/urllib3/util/ssl_.py:122: InsecurePlatformWarning: A true SSLContext object is not available. This prevents urllib3 from configuring SSL appropriately and may cause certain SSL connections to fail. You can upgrade to a newer version of Python to solve this. For more information, see https://urllib3.readthedocs.org/en/latest/security.html#insecureplatformwarning.
16:54:26     INFO -    InsecurePlatformWarning
16:54:31     INFO -    Downloading https://pypi.pvt.build.mozilla.org/pub/blobuploader-1.2.4.tar.gz
16:54:31     INFO -  Collecting requests==1.2.3. (from blobuploader==1.2.4)
16:54:37     INFO -    Downloading https://pypi.pvt.build.mozilla.org/pub/requests-1.2.3.tar.gz (348kB)
16:54:38     INFO -  Collecting docopt==0.6.1 (from blobuploader==1.2.4)
16:54:44     INFO -    Downloading https://pypi.pvt.build.mozilla.org/pub/docopt-0.6.1.tar.gz
16:54:44     INFO -  Building wheels for collected packages: blobuploader, requests, docopt
16:54:44     INFO -    Running setup.py bdist_wheel for blobuploader: started
16:54:45     INFO -    Running setup.py bdist_wheel for blobuploader: finished with status 'done'
16:54:45     INFO -    Stored in directory: /home/cltbld/.cache/pip/wheels/a7/2a/47/2d3828e4129ffeb548a26f4a87889dc9bc1a58e201a0ff8655
16:54:45     INFO -    Running setup.py bdist_wheel for requests: started
16:54:46     INFO -    Running setup.py bdist_wheel for requests: finished with status 'done'
16:54:46     INFO -    Stored in directory: /home/cltbld/.cache/pip/wheels/65/bb/90/359b65a7043ffc879dde877c4ad827f452218808c6cccf2658
16:54:46     INFO -    Running setup.py bdist_wheel for docopt: started
16:54:46     INFO -    Running setup.py bdist_wheel for docopt: finished with status 'done'
16:54:46     INFO -    Stored in directory: /home/cltbld/.cache/pip/wheels/ac/8b/84/7dbe9ada02c48c352fa733c81648516f92c6436f9d5bffad41
16:54:46     INFO -  Successfully built blobuploader requests docopt
16:54:46     INFO -  Installing collected packages: requests, docopt, blobuploader
16:54:47     INFO -  Successfully installed blobuploader-1.2.4 docopt-0.6.1 requests-1.2.3
16:54:47     INFO - Return code: 0
16:54:47     INFO - Installing None into virtualenv /builds/slave/test/build/venv
16:54:47     INFO - retry: Calling run_command with args: [['/builds/slave/test/build/venv/bin/pip', 'install', '--no-deps', '--timeout', '120', '-r', '/builds/slave/test/build/tests/config/mozbase_requirements.txt', '--no-index', '--find-links', 'http://pypi.pvt.build.mozilla.org/pub', '--find-links', 'http://pypi.pub.build.mozilla.org/pub', '--trusted-host', 'pypi.pub.build.mozilla.org', '--trusted-host', 'pypi.pvt.build.mozilla.org']], kwargs: {'error_level': 'warning', 'error_list': [{'substr': 'not found or a compiler error:', 'level': 'warning'}, {'regex': <_sre.SRE_Pattern object at 0x7f84696e9110>, 'level': 'error'}, {'regex': <_sre.SRE_Pattern object at 0x7f84697f1e40>, 'level': 'warning'}, {'regex': <_sre.SRE_Pattern object at 0x28e43e0>, 'level': 'debug'}, {'substr': 'command not found', 'level': 'error'}, {'regex': <_sre.SRE_Pattern object at 0x28e0a90>, 'level': 'warning'}, {'substr': 'Traceback (most recent call last)', 'level': 'error'}, {'substr': 'SyntaxError: ', 'level': 'error'}, {'substr': 'TypeError: ', 'level': 'error'}, {'substr': 'NameError: ', 'level': 'error'}, {'substr': 'ZeroDivisionError: ', 'level': 'error'}, {'regex': <_sre.SRE_Pattern object at 0x28e23f0>, 'level': 'critical'}, {'regex': <_sre.SRE_Pattern object at 0x28e2670>, 'level': 'critical'}], 'cwd': '/builds/slave/test/build/tests/config', 'env': {'TMOUT': '86400', 'LOGNAME': 'cltbld', 'USER': 'cltbld', 'HOME': '/home/cltbld', 'PATH': '/usr/local/bin:/usr/local/bin:/usr/bin:/bin:/usr/local/games:/usr/games', 'DISPLAY': ':0', 'CCACHE_UMASK': '002', 'LANG': 'en_US.UTF-8', 'TERM': 'linux', 'SHELL': '/bin/bash', 'MOZ_NODE_PATH': '/usr/bin/node', 'XDG_SESSION_COOKIE': '9ca12473fbb1d023794ffd180000023c-1528501966.728139-969065761', 'SHLVL': '1', 'NO_FAIL_ON_TEST_ERRORS': '1', 'MOZ_NO_REMOTE': '1', 'MOZ_HIDE_RESULTS_TABLE': '1', 'MAIL': '/var/mail/cltbld', '_': '/tools/buildbot/bin/python', 'NODE_PATH': '/usr/lib/nodejs:/usr/lib/node_modules:/usr/share/javascript', 'PWD': '/builds/slave/test', 'PROPERTIES_FILE': '/builds/slave/test/buildprops.json', 'CCACHE_DIR': '/builds/ccache'}}, attempt #1
16:54:47     INFO - Running command: ['/builds/slave/test/build/venv/bin/pip', 'install', '--no-deps', '--timeout', '120', '-r', '/builds/slave/test/build/tests/config/mozbase_requirements.txt', '--no-index', '--find-links', 'http://pypi.pvt.build.mozilla.org/pub', '--find-links', 'http://pypi.pub.build.mozilla.org/pub', '--trusted-host', 'pypi.pub.build.mozilla.org', '--trusted-host', 'pypi.pvt.build.mozilla.org'] in /builds/slave/test/build/tests/config
16:54:47     INFO - Copy/paste: /builds/slave/test/build/venv/bin/pip install --no-deps --timeout 120 -r /builds/slave/test/build/tests/config/mozbase_requirements.txt --no-index --find-links http://pypi.pvt.build.mozilla.org/pub --find-links http://pypi.pub.build.mozilla.org/pub --trusted-host pypi.pub.build.mozilla.org --trusted-host pypi.pvt.build.mozilla.org
16:54:47     INFO - Using env: {'CCACHE_DIR': '/builds/ccache',
16:54:47     INFO -  'CCACHE_UMASK': '002',
16:54:47     INFO -  'DISPLAY': ':0',
16:54:47     INFO -  'HOME': '/home/cltbld',
16:54:47     INFO -  'LANG': 'en_US.UTF-8',
16:54:47     INFO -  'LOGNAME': 'cltbld',
16:54:47     INFO -  'MAIL': '/var/mail/cltbld',
16:54:47     INFO -  'MOZ_HIDE_RESULTS_TABLE': '1',
16:54:47     INFO -  'MOZ_NODE_PATH': '/usr/bin/node',
16:54:47     INFO -  'MOZ_NO_REMOTE': '1',
16:54:47     INFO -  'NODE_PATH': '/usr/lib/nodejs:/usr/lib/node_modules:/usr/share/javascript',
16:54:47     INFO -  'NO_FAIL_ON_TEST_ERRORS': '1',
16:54:47     INFO -  'PATH': '/usr/local/bin:/usr/local/bin:/usr/bin:/bin:/usr/local/games:/usr/games',
16:54:47     INFO -  'PROPERTIES_FILE': '/builds/slave/test/buildprops.json',
16:54:47     INFO -  'PWD': '/builds/slave/test',
16:54:47     INFO -  'SHELL': '/bin/bash',
16:54:47     INFO -  'SHLVL': '1',
16:54:47     INFO -  'TERM': 'linux',
16:54:47     INFO -  'TMOUT': '86400',
16:54:47     INFO -  'USER': 'cltbld',
16:54:47     INFO -  'XDG_SESSION_COOKIE': '9ca12473fbb1d023794ffd180000023c-1528501966.728139-969065761',
16:54:47     INFO -  '_': '/tools/buildbot/bin/python'}
16:54:48     INFO -  Ignoring indexes: https://pypi.python.org/simple
16:54:48     INFO -  Processing /builds/slave/test/build/tests/mozbase/manifestparser
16:54:48     INFO -  Processing /builds/slave/test/build/tests/mozbase/mozcrash
16:54:49     INFO -  Processing /builds/slave/test/build/tests/mozbase/mozdebug
16:54:49     INFO -  Processing /builds/slave/test/build/tests/mozbase/mozdevice
16:54:49     INFO -  Processing /builds/slave/test/build/tests/mozbase/mozfile
16:54:50     INFO -  Processing /builds/slave/test/build/tests/mozbase/mozhttpd
16:54:50     INFO -  Processing /builds/slave/test/build/tests/mozbase/mozinfo
16:54:50     INFO -  Processing /builds/slave/test/build/tests/mozbase/mozinstall
16:54:51     INFO -  Processing /builds/slave/test/build/tests/mozbase/mozleak
16:54:51     INFO -  Processing /builds/slave/test/build/tests/mozbase/mozlog
16:54:52     INFO -  Processing /builds/slave/test/build/tests/mozbase/moznetwork
16:54:52     INFO -  Processing /builds/slave/test/build/tests/mozbase/mozprocess
16:54:52     INFO -  Processing /builds/slave/test/build/tests/mozbase/mozprofile
16:54:53     INFO -  Processing /builds/slave/test/build/tests/mozbase/mozrunner
16:54:53     INFO -  Processing /builds/slave/test/build/tests/mozbase/mozscreenshot
16:54:53     INFO -  Processing /builds/slave/test/build/tests/mozbase/moztest
16:54:54     INFO -  Processing /builds/slave/test/build/tests/mozbase/mozversion
16:54:54     INFO -  Installing collected packages: manifestparser, mozcrash, mozdebug, mozdevice, mozfile, mozhttpd, mozinfo, mozInstall, mozleak, mozlog, moznetwork, mozprocess, mozprofile, mozrunner, mozscreenshot, moztest, mozversion
16:54:54     INFO -    Running setup.py install for manifestparser: started
16:54:54     INFO -      Running setup.py install for manifestparser: finished with status 'done'
16:54:54     INFO -    Running setup.py install for mozcrash: started
16:54:55     INFO -      Running setup.py install for mozcrash: finished with status 'done'
16:54:55     INFO -    Running setup.py install for mozdebug: started
16:54:55     INFO -      Running setup.py install for mozdebug: finished with status 'done'
16:54:55     INFO -    Running setup.py install for mozdevice: started
16:54:56     INFO -      Running setup.py install for mozdevice: finished with status 'done'
16:54:56     INFO -    Running setup.py install for mozfile: started
16:54:56     INFO -      Running setup.py install for mozfile: finished with status 'done'
16:54:56     INFO -    Running setup.py install for mozhttpd: started
16:54:56     INFO -      Running setup.py install for mozhttpd: finished with status 'done'
16:54:56     INFO -    Running setup.py install for mozinfo: started
16:54:57     INFO -      Running setup.py install for mozinfo: finished with status 'done'
16:54:57     INFO -    Running setup.py install for mozInstall: started
16:54:57     INFO -      Running setup.py install for mozInstall: finished with status 'done'
16:54:57     INFO -    Running setup.py install for mozleak: started
16:54:58     INFO -      Running setup.py install for mozleak: finished with status 'done'
16:54:58     INFO -    Running setup.py install for mozlog: started
16:54:58     INFO -      Running setup.py install for mozlog: finished with status 'done'
16:54:58     INFO -    Running setup.py install for moznetwork: started
16:54:59     INFO -      Running setup.py install for moznetwork: finished with status 'done'
16:54:59     INFO -    Running setup.py install for mozprocess: started
16:54:59     INFO -      Running setup.py install for mozprocess: finished with status 'done'
16:54:59     INFO -    Running setup.py install for mozprofile: started
16:55:00     INFO -      Running setup.py install for mozprofile: finished with status 'done'
16:55:00     INFO -    Running setup.py install for mozrunner: started
16:55:00     INFO -      Running setup.py install for mozrunner: finished with status 'done'
16:55:00     INFO -    Running setup.py install for mozscreenshot: started
16:55:00     INFO -      Running setup.py install for mozscreenshot: finished with status 'done'
16:55:01     INFO -    Running setup.py install for moztest: started
16:55:01     INFO -      Running setup.py install for moztest: finished with status 'done'
16:55:01     INFO -    Running setup.py install for mozversion: started
16:55:01     INFO -      Running setup.py install for mozversion: finished with status 'done'
16:55:02     INFO -  Successfully installed manifestparser-1.1 mozInstall-1.12 mozcrash-1.0 mozdebug-0.1 mozdevice-0.48 mozfile-1.2 mozhttpd-0.7 mozinfo-0.9 mozleak-0.1 mozlog-3.4 moznetwork-0.27 mozprocess-0.23 mozprofile-0.28 mozrunner-6.13 mozscreenshot-0.1 moztest-0.8 mozversion-1.4
16:55:02     INFO - Return code: 0
16:55:02     INFO - Installing None into virtualenv /builds/slave/test/build/venv
16:55:02     INFO - retry: Calling run_command with args: [['/builds/slave/test/build/venv/bin/pip', 'install', '--timeout', '120', '-r', '/builds/slave/test/build/tests/config/mozbase_requirements.txt', '--no-index', '--find-links', 'http://pypi.pvt.build.mozilla.org/pub', '--find-links', 'http://pypi.pub.build.mozilla.org/pub', '--trusted-host', 'pypi.pub.build.mozilla.org', '--trusted-host', 'pypi.pvt.build.mozilla.org']], kwargs: {'error_level': 'warning', 'error_list': [{'substr': 'not found or a compiler error:', 'level': 'warning'}, {'regex': <_sre.SRE_Pattern object at 0x7f84696e9110>, 'level': 'error'}, {'regex': <_sre.SRE_Pattern object at 0x7f84697f1e40>, 'level': 'warning'}, {'regex': <_sre.SRE_Pattern object at 0x28e43e0>, 'level': 'debug'}, {'substr': 'command not found', 'level': 'error'}, {'regex': <_sre.SRE_Pattern object at 0x28e0a90>, 'level': 'warning'}, {'substr': 'Traceback (most recent call last)', 'level': 'error'}, {'substr': 'SyntaxError: ', 'level': 'error'}, {'substr': 'TypeError: ', 'level': 'error'}, {'substr': 'NameError: ', 'level': 'error'}, {'substr': 'ZeroDivisionError: ', 'level': 'error'}, {'regex': <_sre.SRE_Pattern object at 0x28e23f0>, 'level': 'critical'}, {'regex': <_sre.SRE_Pattern object at 0x28e2670>, 'level': 'critical'}], 'cwd': '/builds/slave/test/build/tests/config', 'env': {'TMOUT': '86400', 'LOGNAME': 'cltbld', 'USER': 'cltbld', 'HOME': '/home/cltbld', 'PATH': '/usr/local/bin:/usr/local/bin:/usr/bin:/bin:/usr/local/games:/usr/games', 'DISPLAY': ':0', 'CCACHE_UMASK': '002', 'LANG': 'en_US.UTF-8', 'TERM': 'linux', 'SHELL': '/bin/bash', 'MOZ_NODE_PATH': '/usr/bin/node', 'XDG_SESSION_COOKIE': '9ca12473fbb1d023794ffd180000023c-1528501966.728139-969065761', 'SHLVL': '1', 'NO_FAIL_ON_TEST_ERRORS': '1', 'MOZ_NO_REMOTE': '1', 'MOZ_HIDE_RESULTS_TABLE': '1', 'MAIL': '/var/mail/cltbld', '_': '/tools/buildbot/bin/python', 'NODE_PATH': '/usr/lib/nodejs:/usr/lib/node_modules:/usr/share/javascript', 'PWD': '/builds/slave/test', 'PROPERTIES_FILE': '/builds/slave/test/buildprops.json', 'CCACHE_DIR': '/builds/ccache'}}, attempt #1
16:55:02     INFO - Running command: ['/builds/slave/test/build/venv/bin/pip', 'install', '--timeout', '120', '-r', '/builds/slave/test/build/tests/config/mozbase_requirements.txt', '--no-index', '--find-links', 'http://pypi.pvt.build.mozilla.org/pub', '--find-links', 'http://pypi.pub.build.mozilla.org/pub', '--trusted-host', 'pypi.pub.build.mozilla.org', '--trusted-host', 'pypi.pvt.build.mozilla.org'] in /builds/slave/test/build/tests/config
16:55:02     INFO - Copy/paste: /builds/slave/test/build/venv/bin/pip install --timeout 120 -r /builds/slave/test/build/tests/config/mozbase_requirements.txt --no-index --find-links http://pypi.pvt.build.mozilla.org/pub --find-links http://pypi.pub.build.mozilla.org/pub --trusted-host pypi.pub.build.mozilla.org --trusted-host pypi.pvt.build.mozilla.org
16:55:02     INFO - Using env: {'CCACHE_DIR': '/builds/ccache',
16:55:02     INFO -  'CCACHE_UMASK': '002',
16:55:02     INFO -  'DISPLAY': ':0',
16:55:02     INFO -  'HOME': '/home/cltbld',
16:55:02     INFO -  'LANG': 'en_US.UTF-8',
16:55:02     INFO -  'LOGNAME': 'cltbld',
16:55:02     INFO -  'MAIL': '/var/mail/cltbld',
16:55:02     INFO -  'MOZ_HIDE_RESULTS_TABLE': '1',
16:55:02     INFO -  'MOZ_NODE_PATH': '/usr/bin/node',
16:55:02     INFO -  'MOZ_NO_REMOTE': '1',
16:55:02     INFO -  'NODE_PATH': '/usr/lib/nodejs:/usr/lib/node_modules:/usr/share/javascript',
16:55:02     INFO -  'NO_FAIL_ON_TEST_ERRORS': '1',
16:55:02     INFO -  'PATH': '/usr/local/bin:/usr/local/bin:/usr/bin:/bin:/usr/local/games:/usr/games',
16:55:02     INFO -  'PROPERTIES_FILE': '/builds/slave/test/buildprops.json',
16:55:02     INFO -  'PWD': '/builds/slave/test',
16:55:02     INFO -  'SHELL': '/bin/bash',
16:55:02     INFO -  'SHLVL': '1',
16:55:02     INFO -  'TERM': 'linux',
16:55:02     INFO -  'TMOUT': '86400',
16:55:02     INFO -  'USER': 'cltbld',
16:55:02     INFO -  'XDG_SESSION_COOKIE': '9ca12473fbb1d023794ffd180000023c-1528501966.728139-969065761',
16:55:02     INFO -  '_': '/tools/buildbot/bin/python'}
16:55:03     INFO -  Ignoring indexes: https://pypi.python.org/simple
16:55:03     INFO -  Processing /builds/slave/test/build/tests/mozbase/manifestparser
16:55:04     INFO -    Requirement already satisfied (use --upgrade to upgrade): manifestparser==1.1 from file:///builds/slave/test/build/tests/mozbase/manifestparser in /builds/slave/test/build/venv/lib/python2.7/site-packages (from -r /builds/slave/test/build/tests/config/mozbase_requirements.txt (line 1))
16:55:04     INFO -  Processing /builds/slave/test/build/tests/mozbase/mozcrash
16:55:04     INFO -    Requirement already satisfied (use --upgrade to upgrade): mozcrash==1.0 from file:///builds/slave/test/build/tests/mozbase/mozcrash in /builds/slave/test/build/venv/lib/python2.7/site-packages (from -r /builds/slave/test/build/tests/config/mozbase_requirements.txt (line 2))
16:55:04     INFO -  Processing /builds/slave/test/build/tests/mozbase/mozdebug
16:55:04     INFO -    Requirement already satisfied (use --upgrade to upgrade): mozdebug==0.1 from file:///builds/slave/test/build/tests/mozbase/mozdebug in /builds/slave/test/build/venv/lib/python2.7/site-packages (from -r /builds/slave/test/build/tests/config/mozbase_requirements.txt (line 3))
16:55:04     INFO -  Processing /builds/slave/test/build/tests/mozbase/mozdevice
16:55:05     INFO -    Requirement already satisfied (use --upgrade to upgrade): mozdevice==0.48 from file:///builds/slave/test/build/tests/mozbase/mozdevice in /builds/slave/test/build/venv/lib/python2.7/site-packages (from -r /builds/slave/test/build/tests/config/mozbase_requirements.txt (line 4))
16:55:05     INFO -  Processing /builds/slave/test/build/tests/mozbase/mozfile
16:55:05     INFO -    Requirement already satisfied (use --upgrade to upgrade): mozfile==1.2 from file:///builds/slave/test/build/tests/mozbase/mozfile in /builds/slave/test/build/venv/lib/python2.7/site-packages (from -r /builds/slave/test/build/tests/config/mozbase_requirements.txt (line 5))
16:55:05     INFO -  Processing /builds/slave/test/build/tests/mozbase/mozhttpd
16:55:05     INFO -    Requirement already satisfied (use --upgrade to upgrade): mozhttpd==0.7 from file:///builds/slave/test/build/tests/mozbase/mozhttpd in /builds/slave/test/build/venv/lib/python2.7/site-packages (from -r /builds/slave/test/build/tests/config/mozbase_requirements.txt (line 6))
16:55:05     INFO -  Processing /builds/slave/test/build/tests/mozbase/mozinfo
16:55:06     INFO -    Requirement already satisfied (use --upgrade to upgrade): mozinfo==0.9 from file:///builds/slave/test/build/tests/mozbase/mozinfo in /builds/slave/test/build/venv/lib/python2.7/site-packages (from -r /builds/slave/test/build/tests/config/mozbase_requirements.txt (line 7))
16:55:06     INFO -  Processing /builds/slave/test/build/tests/mozbase/mozinstall
16:55:06     INFO -    Requirement already satisfied (use --upgrade to upgrade): mozInstall==1.12 from file:///builds/slave/test/build/tests/mozbase/mozinstall in /builds/slave/test/build/venv/lib/python2.7/site-packages (from -r /builds/slave/test/build/tests/config/mozbase_requirements.txt (line 8))
16:55:06     INFO -  Processing /builds/slave/test/build/tests/mozbase/mozleak
16:55:07     INFO -    Requirement already satisfied (use --upgrade to upgrade): mozleak==0.1 from file:///builds/slave/test/build/tests/mozbase/mozleak in /builds/slave/test/build/venv/lib/python2.7/site-packages (from -r /builds/slave/test/build/tests/config/mozbase_requirements.txt (line 9))
16:55:07     INFO -  Processing /builds/slave/test/build/tests/mozbase/mozlog
16:55:07     INFO -    Requirement already satisfied (use --upgrade to upgrade): mozlog==3.4 from file:///builds/slave/test/build/tests/mozbase/mozlog in /builds/slave/test/build/venv/lib/python2.7/site-packages (from -r /builds/slave/test/build/tests/config/mozbase_requirements.txt (line 10))
16:55:07     INFO -  Processing /builds/slave/test/build/tests/mozbase/moznetwork
16:55:07     INFO -    Requirement already satisfied (use --upgrade to upgrade): moznetwork==0.27 from file:///builds/slave/test/build/tests/mozbase/moznetwork in /builds/slave/test/build/venv/lib/python2.7/site-packages (from -r /builds/slave/test/build/tests/config/mozbase_requirements.txt (line 11))
16:55:07     INFO -  Processing /builds/slave/test/build/tests/mozbase/mozprocess
16:55:08     INFO -    Requirement already satisfied (use --upgrade to upgrade): mozprocess==0.23 from file:///builds/slave/test/build/tests/mozbase/mozprocess in /builds/slave/test/build/venv/lib/python2.7/site-packages (from -r /builds/slave/test/build/tests/config/mozbase_requirements.txt (line 12))
16:55:08     INFO -  Processing /builds/slave/test/build/tests/mozbase/mozprofile
16:55:08     INFO -    Requirement already satisfied (use --upgrade to upgrade): mozprofile==0.28 from file:///builds/slave/test/build/tests/mozbase/mozprofile in /builds/slave/test/build/venv/lib/python2.7/site-packages (from -r /builds/slave/test/build/tests/config/mozbase_requirements.txt (line 13))
16:55:08     INFO -  Processing /builds/slave/test/build/tests/mozbase/mozrunner
16:55:08     INFO -    Requirement already satisfied (use --upgrade to upgrade): mozrunner==6.13 from file:///builds/slave/test/build/tests/mozbase/mozrunner in /builds/slave/test/build/venv/lib/python2.7/site-packages (from -r /builds/slave/test/build/tests/config/mozbase_requirements.txt (line 14))
16:55:08     INFO -  Processing /builds/slave/test/build/tests/mozbase/mozscreenshot
16:55:09     INFO -    Requirement already satisfied (use --upgrade to upgrade): mozscreenshot==0.1 from file:///builds/slave/test/build/tests/mozbase/mozscreenshot in /builds/slave/test/build/venv/lib/python2.7/site-packages (from -r /builds/slave/test/build/tests/config/mozbase_requirements.txt (line 15))
16:55:09     INFO -  Processing /builds/slave/test/build/tests/mozbase/moztest
16:55:09     INFO -    Requirement already satisfied (use --upgrade to upgrade): moztest==0.8 from file:///builds/slave/test/build/tests/mozbase/moztest in /builds/slave/test/build/venv/lib/python2.7/site-packages (from -r /builds/slave/test/build/tests/config/mozbase_requirements.txt (line 16))
16:55:09     INFO -  Processing /builds/slave/test/build/tests/mozbase/mozversion
16:55:10     INFO -    Requirement already satisfied (use --upgrade to upgrade): mozversion==1.4 from file:///builds/slave/test/build/tests/mozbase/mozversion in /builds/slave/test/build/venv/lib/python2.7/site-packages (from -r /builds/slave/test/build/tests/config/mozbase_requirements.txt (line 17))
16:55:10     INFO -  Requirement already satisfied (use --upgrade to upgrade): mozfile>=1.0 in /builds/slave/test/build/venv/lib/python2.7/site-packages (from mozcrash==1.0->-r /builds/slave/test/build/tests/config/mozbase_requirements.txt (line 2))
16:55:10     INFO -  Requirement already satisfied (use --upgrade to upgrade): mozlog>=3.0 in /builds/slave/test/build/venv/lib/python2.7/site-packages (from mozcrash==1.0->-r /builds/slave/test/build/tests/config/mozbase_requirements.txt (line 2))
16:55:10     INFO -  Requirement already satisfied (use --upgrade to upgrade): mozinfo in /builds/slave/test/build/venv/lib/python2.7/site-packages (from mozdebug==0.1->-r /builds/slave/test/build/tests/config/mozbase_requirements.txt (line 3))
16:55:10     INFO -  Requirement already satisfied (use --upgrade to upgrade): moznetwork>=0.24 in /builds/slave/test/build/venv/lib/python2.7/site-packages (from mozdevice==0.48->-r /builds/slave/test/build/tests/config/mozbase_requirements.txt (line 4))
16:55:10     INFO -  Requirement already satisfied (use --upgrade to upgrade): mozprocess>=0.19 in /builds/slave/test/build/venv/lib/python2.7/site-packages (from mozdevice==0.48->-r /builds/slave/test/build/tests/config/mozbase_requirements.txt (line 4))
16:55:10     INFO -  Collecting blessings>=1.3 (from mozlog==3.4->-r /builds/slave/test/build/tests/config/mozbase_requirements.txt (line 10))
16:55:10     INFO -  /builds/slave/test/build/venv/lib/python2.7/site-packages/pip/_vendor/requests/packages/urllib3/util/ssl_.py:318: SNIMissingWarning: An HTTPS request has been made, but the SNI (Subject Name Indication) extension to TLS is not available on this platform. This may cause the server to present an incorrect TLS certificate, which can cause validation failures. You can upgrade to a newer version of Python to solve this. For more information, see https://urllib3.readthedocs.org/en/latest/security.html#snimissingwarning.
16:55:10     INFO -    SNIMissingWarning
16:55:10     INFO -  /builds/slave/test/build/venv/lib/python2.7/site-packages/pip/_vendor/requests/packages/urllib3/util/ssl_.py:122: InsecurePlatformWarning: A true SSLContext object is not available. This prevents urllib3 from configuring SSL appropriately and may cause certain SSL connections to fail. You can upgrade to a newer version of Python to solve this. For more information, see https://urllib3.readthedocs.org/en/latest/security.html#insecureplatformwarning.
16:55:10     INFO -    InsecurePlatformWarning
16:55:12     INFO -  /builds/slave/test/build/venv/lib/python2.7/site-packages/pip/_vendor/requests/packages/urllib3/util/ssl_.py:122: InsecurePlatformWarning: A true SSLContext object is not available. This prevents urllib3 from configuring SSL appropriately and may cause certain SSL connections to fail. You can upgrade to a newer version of Python to solve this. For more information, see https://urllib3.readthedocs.org/en/latest/security.html#insecureplatformwarning.
16:55:12     INFO -    InsecurePlatformWarning
16:55:17     INFO -    Downloading https://pypi.pvt.build.mozilla.org/pub/blessings-1.6.tar.gz
16:55:17     INFO -  Building wheels for collected packages: blessings
16:55:17     INFO -    Running setup.py bdist_wheel for blessings: started
16:55:18     INFO -    Running setup.py bdist_wheel for blessings: finished with status 'done'
16:55:18     INFO -    Stored in directory: /home/cltbld/.cache/pip/wheels/fb/37/ae/c6b15ed5da2ead5847df54c8319487050d4dcc950c9795eae9
16:55:18     INFO -  Successfully built blessings
16:55:18     INFO -  Installing collected packages: blessings
16:55:18     INFO -  Successfully installed blessings-1.6
16:55:18     INFO - Return code: 0
16:55:18     INFO - Installing pip>=1.5 into virtualenv /builds/slave/test/build/venv
16:55:19     INFO - retry: Calling run_command with args: [['/builds/slave/test/build/venv/bin/pip', 'install', '--timeout', '120', '--no-index', '--find-links', 'http://pypi.pvt.build.mozilla.org/pub', '--find-links', 'http://pypi.pub.build.mozilla.org/pub', '--trusted-host', 'pypi.pub.build.mozilla.org', '--trusted-host', 'pypi.pvt.build.mozilla.org', 'pip>=1.5']], kwargs: {'error_level': 'warning', 'error_list': [{'substr': 'not found or a compiler error:', 'level': 'warning'}, {'regex': <_sre.SRE_Pattern object at 0x7f84696e9110>, 'level': 'error'}, {'regex': <_sre.SRE_Pattern object at 0x7f84697f1e40>, 'level': 'warning'}, {'regex': <_sre.SRE_Pattern object at 0x28e43e0>, 'level': 'debug'}, {'substr': 'command not found', 'level': 'error'}, {'regex': <_sre.SRE_Pattern object at 0x28e0a90>, 'level': 'warning'}, {'substr': 'Traceback (most recent call last)', 'level': 'error'}, {'substr': 'SyntaxError: ', 'level': 'error'}, {'substr': 'TypeError: ', 'level': 'error'}, {'substr': 'NameError: ', 'level': 'error'}, {'substr': 'ZeroDivisionError: ', 'level': 'error'}, {'regex': <_sre.SRE_Pattern object at 0x28e23f0>, 'level': 'critical'}, {'regex': <_sre.SRE_Pattern object at 0x28e2670>, 'level': 'critical'}], 'cwd': '/builds/slave/test/build', 'env': {'TMOUT': '86400', 'LOGNAME': 'cltbld', 'USER': 'cltbld', 'HOME': '/home/cltbld', 'PATH': '/usr/local/bin:/usr/local/bin:/usr/bin:/bin:/usr/local/games:/usr/games', 'DISPLAY': ':0', 'CCACHE_UMASK': '002', 'LANG': 'en_US.UTF-8', 'TERM': 'linux', 'SHELL': '/bin/bash', 'MOZ_NODE_PATH': '/usr/bin/node', 'XDG_SESSION_COOKIE': '9ca12473fbb1d023794ffd180000023c-1528501966.728139-969065761', 'SHLVL': '1', 'NO_FAIL_ON_TEST_ERRORS': '1', 'MOZ_NO_REMOTE': '1', 'MOZ_HIDE_RESULTS_TABLE': '1', 'MAIL': '/var/mail/cltbld', '_': '/tools/buildbot/bin/python', 'NODE_PATH': '/usr/lib/nodejs:/usr/lib/node_modules:/usr/share/javascript', 'PWD': '/builds/slave/test', 'PROPERTIES_FILE': '/builds/slave/test/buildprops.json', 'CCACHE_DIR': '/builds/ccache'}}, attempt #1
16:55:19     INFO - Running command: ['/builds/slave/test/build/venv/bin/pip', 'install', '--timeout', '120', '--no-index', '--find-links', 'http://pypi.pvt.build.mozilla.org/pub', '--find-links', 'http://pypi.pub.build.mozilla.org/pub', '--trusted-host', 'pypi.pub.build.mozilla.org', '--trusted-host', 'pypi.pvt.build.mozilla.org', 'pip>=1.5'] in /builds/slave/test/build
16:55:19     INFO - Copy/paste: /builds/slave/test/build/venv/bin/pip install --timeout 120 --no-index --find-links http://pypi.pvt.build.mozilla.org/pub --find-links http://pypi.pub.build.mozilla.org/pub --trusted-host pypi.pub.build.mozilla.org --trusted-host pypi.pvt.build.mozilla.org pip>=1.5
16:55:19     INFO - Using env: {'CCACHE_DIR': '/builds/ccache',
16:55:19     INFO -  'CCACHE_UMASK': '002',
16:55:19     INFO -  'DISPLAY': ':0',
16:55:19     INFO -  'HOME': '/home/cltbld',
16:55:19     INFO -  'LANG': 'en_US.UTF-8',
16:55:19     INFO -  'LOGNAME': 'cltbld',
16:55:19     INFO -  'MAIL': '/var/mail/cltbld',
16:55:19     INFO -  'MOZ_HIDE_RESULTS_TABLE': '1',
16:55:19     INFO -  'MOZ_NODE_PATH': '/usr/bin/node',
16:55:19     INFO -  'MOZ_NO_REMOTE': '1',
16:55:19     INFO -  'NODE_PATH': '/usr/lib/nodejs:/usr/lib/node_modules:/usr/share/javascript',
16:55:19     INFO -  'NO_FAIL_ON_TEST_ERRORS': '1',
16:55:19     INFO -  'PATH': '/usr/local/bin:/usr/local/bin:/usr/bin:/bin:/usr/local/games:/usr/games',
16:55:19     INFO -  'PROPERTIES_FILE': '/builds/slave/test/buildprops.json',
16:55:19     INFO -  'PWD': '/builds/slave/test',
16:55:19     INFO -  'SHELL': '/bin/bash',
16:55:19     INFO -  'SHLVL': '1',
16:55:19     INFO -  'TERM': 'linux',
16:55:19     INFO -  'TMOUT': '86400',
16:55:19     INFO -  'USER': 'cltbld',
16:55:19     INFO -  'XDG_SESSION_COOKIE': '9ca12473fbb1d023794ffd180000023c-1528501966.728139-969065761',
16:55:19     INFO -  '_': '/tools/buildbot/bin/python'}
16:55:19     INFO -  Ignoring indexes: https://pypi.python.org/simple
16:55:19     INFO -  Requirement already satisfied (use --upgrade to upgrade): pip>=1.5 in ./venv/lib/python2.7/site-packages
16:55:19     INFO - Return code: 0
16:55:19     INFO - Installing psutil==3.1.1 into virtualenv /builds/slave/test/build/venv
16:55:20     INFO - retry: Calling run_command with args: [['/builds/slave/test/build/venv/bin/pip', 'install', '--timeout', '120', '--no-index', '--find-links', 'http://pypi.pvt.build.mozilla.org/pub', '--find-links', 'http://pypi.pub.build.mozilla.org/pub', '--trusted-host', 'pypi.pub.build.mozilla.org', '--trusted-host', 'pypi.pvt.build.mozilla.org', 'psutil==3.1.1']], kwargs: {'error_level': 'warning', 'error_list': [{'substr': 'not found or a compiler error:', 'level': 'warning'}, {'regex': <_sre.SRE_Pattern object at 0x7f84696e9110>, 'level': 'error'}, {'regex': <_sre.SRE_Pattern object at 0x7f84697f1e40>, 'level': 'warning'}, {'regex': <_sre.SRE_Pattern object at 0x28e43e0>, 'level': 'debug'}, {'substr': 'command not found', 'level': 'error'}, {'regex': <_sre.SRE_Pattern object at 0x28e0a90>, 'level': 'warning'}, {'substr': 'Traceback (most recent call last)', 'level': 'error'}, {'substr': 'SyntaxError: ', 'level': 'error'}, {'substr': 'TypeError: ', 'level': 'error'}, {'substr': 'NameError: ', 'level': 'error'}, {'substr': 'ZeroDivisionError: ', 'level': 'error'}, {'regex': <_sre.SRE_Pattern object at 0x28e23f0>, 'level': 'critical'}, {'regex': <_sre.SRE_Pattern object at 0x28e2670>, 'level': 'critical'}], 'cwd': '/builds/slave/test/build', 'env': {'TMOUT': '86400', 'LOGNAME': 'cltbld', 'USER': 'cltbld', 'HOME': '/home/cltbld', 'PATH': '/usr/local/bin:/usr/local/bin:/usr/bin:/bin:/usr/local/games:/usr/games', 'DISPLAY': ':0', 'CCACHE_UMASK': '002', 'LANG': 'en_US.UTF-8', 'TERM': 'linux', 'SHELL': '/bin/bash', 'MOZ_NODE_PATH': '/usr/bin/node', 'XDG_SESSION_COOKIE': '9ca12473fbb1d023794ffd180000023c-1528501966.728139-969065761', 'SHLVL': '1', 'NO_FAIL_ON_TEST_ERRORS': '1', 'MOZ_NO_REMOTE': '1', 'MOZ_HIDE_RESULTS_TABLE': '1', 'MAIL': '/var/mail/cltbld', '_': '/tools/buildbot/bin/python', 'NODE_PATH': '/usr/lib/nodejs:/usr/lib/node_modules:/usr/share/javascript', 'PWD': '/builds/slave/test', 'PROPERTIES_FILE': '/builds/slave/test/buildprops.json', 'CCACHE_DIR': '/builds/ccache'}}, attempt #1
16:55:20     INFO - Running command: ['/builds/slave/test/build/venv/bin/pip', 'install', '--timeout', '120', '--no-index', '--find-links', 'http://pypi.pvt.build.mozilla.org/pub', '--find-links', 'http://pypi.pub.build.mozilla.org/pub', '--trusted-host', 'pypi.pub.build.mozilla.org', '--trusted-host', 'pypi.pvt.build.mozilla.org', 'psutil==3.1.1'] in /builds/slave/test/build
16:55:20     INFO - Copy/paste: /builds/slave/test/build/venv/bin/pip install --timeout 120 --no-index --find-links http://pypi.pvt.build.mozilla.org/pub --find-links http://pypi.pub.build.mozilla.org/pub --trusted-host pypi.pub.build.mozilla.org --trusted-host pypi.pvt.build.mozilla.org psutil==3.1.1
16:55:20     INFO - Using env: {'CCACHE_DIR': '/builds/ccache',
16:55:20     INFO -  'CCACHE_UMASK': '002',
16:55:20     INFO -  'DISPLAY': ':0',
16:55:20     INFO -  'HOME': '/home/cltbld',
16:55:20     INFO -  'LANG': 'en_US.UTF-8',
16:55:20     INFO -  'LOGNAME': 'cltbld',
16:55:20     INFO -  'MAIL': '/var/mail/cltbld',
16:55:20     INFO -  'MOZ_HIDE_RESULTS_TABLE': '1',
16:55:20     INFO -  'MOZ_NODE_PATH': '/usr/bin/node',
16:55:20     INFO -  'MOZ_NO_REMOTE': '1',
16:55:20     INFO -  'NODE_PATH': '/usr/lib/nodejs:/usr/lib/node_modules:/usr/share/javascript',
16:55:20     INFO -  'NO_FAIL_ON_TEST_ERRORS': '1',
16:55:20     INFO -  'PATH': '/usr/local/bin:/usr/local/bin:/usr/bin:/bin:/usr/local/games:/usr/games',
16:55:20     INFO -  'PROPERTIES_FILE': '/builds/slave/test/buildprops.json',
16:55:20     INFO -  'PWD': '/builds/slave/test',
16:55:20     INFO -  'SHELL': '/bin/bash',
16:55:20     INFO -  'SHLVL': '1',
16:55:20     INFO -  'TERM': 'linux',
16:55:20     INFO -  'TMOUT': '86400',
16:55:20     INFO -  'USER': 'cltbld',
16:55:20     INFO -  'XDG_SESSION_COOKIE': '9ca12473fbb1d023794ffd180000023c-1528501966.728139-969065761',
16:55:20     INFO -  '_': '/tools/buildbot/bin/python'}
16:55:20     INFO -  Ignoring indexes: https://pypi.python.org/simple
16:55:20     INFO -  Collecting psutil==3.1.1
16:55:21     INFO -  /builds/slave/test/build/venv/lib/python2.7/site-packages/pip/_vendor/requests/packages/urllib3/util/ssl_.py:318: SNIMissingWarning: An HTTPS request has been made, but the SNI (Subject Name Indication) extension to TLS is not available on this platform. This may cause the server to present an incorrect TLS certificate, which can cause validation failures. You can upgrade to a newer version of Python to solve this. For more information, see https://urllib3.readthedocs.org/en/latest/security.html#snimissingwarning.
16:55:21     INFO -    SNIMissingWarning
16:55:21     INFO -  /builds/slave/test/build/venv/lib/python2.7/site-packages/pip/_vendor/requests/packages/urllib3/util/ssl_.py:122: InsecurePlatformWarning: A true SSLContext object is not available. This prevents urllib3 from configuring SSL appropriately and may cause certain SSL connections to fail. You can upgrade to a newer version of Python to solve this. For more information, see https://urllib3.readthedocs.org/en/latest/security.html#insecureplatformwarning.
16:55:21     INFO -    InsecurePlatformWarning
16:55:23     INFO -  /builds/slave/test/build/venv/lib/python2.7/site-packages/pip/_vendor/requests/packages/urllib3/util/ssl_.py:122: InsecurePlatformWarning: A true SSLContext object is not available. This prevents urllib3 from configuring SSL appropriately and may cause certain SSL connections to fail. You can upgrade to a newer version of Python to solve this. For more information, see https://urllib3.readthedocs.org/en/latest/security.html#insecureplatformwarning.
16:55:23     INFO -    InsecurePlatformWarning
16:55:28     INFO -    Downloading https://pypi.pvt.build.mozilla.org/pub/psutil-3.1.1.tar.gz (247kB)
16:55:29     INFO -  Building wheels for collected packages: psutil
16:55:29     INFO -    Running setup.py bdist_wheel for psutil: started
16:55:30     INFO -    Running setup.py bdist_wheel for psutil: finished with status 'done'
16:55:30     INFO -    Stored in directory: /home/cltbld/.cache/pip/wheels/1e/e6/25/f0494673fc8d727828e74362e3beb4cbaf34d8be516156ba0c
16:55:30     INFO -  Successfully built psutil
16:55:30     INFO -  Installing collected packages: psutil
16:55:30     INFO -    Found existing installation: psutil 5.4.3
16:55:30     INFO -      Uninstalling psutil-5.4.3:
16:55:30     INFO -        Successfully uninstalled psutil-5.4.3
16:55:30     INFO -  Successfully installed psutil-3.1.1
16:55:30     INFO - Return code: 0
16:55:30     INFO - Installing mock into virtualenv /builds/slave/test/build/venv
16:55:31     INFO - retry: Calling run_command with args: [['/builds/slave/test/build/venv/bin/pip', 'install', '--timeout', '120', '--no-index', '--find-links', 'http://pypi.pvt.build.mozilla.org/pub', '--find-links', 'http://pypi.pub.build.mozilla.org/pub', '--trusted-host', 'pypi.pub.build.mozilla.org', '--trusted-host', 'pypi.pvt.build.mozilla.org', 'mock']], kwargs: {'error_level': 'warning', 'error_list': [{'substr': 'not found or a compiler error:', 'level': 'warning'}, {'regex': <_sre.SRE_Pattern object at 0x7f84696e9110>, 'level': 'error'}, {'regex': <_sre.SRE_Pattern object at 0x7f84697f1e40>, 'level': 'warning'}, {'regex': <_sre.SRE_Pattern object at 0x28e43e0>, 'level': 'debug'}, {'substr': 'command not found', 'level': 'error'}, {'regex': <_sre.SRE_Pattern object at 0x28e0a90>, 'level': 'warning'}, {'substr': 'Traceback (most recent call last)', 'level': 'error'}, {'substr': 'SyntaxError: ', 'level': 'error'}, {'substr': 'TypeError: ', 'level': 'error'}, {'substr': 'NameError: ', 'level': 'error'}, {'substr': 'ZeroDivisionError: ', 'level': 'error'}, {'regex': <_sre.SRE_Pattern object at 0x28e23f0>, 'level': 'critical'}, {'regex': <_sre.SRE_Pattern object at 0x28e2670>, 'level': 'critical'}], 'cwd': '/builds/slave/test/build', 'env': {'TMOUT': '86400', 'LOGNAME': 'cltbld', 'USER': 'cltbld', 'HOME': '/home/cltbld', 'PATH': '/usr/local/bin:/usr/local/bin:/usr/bin:/bin:/usr/local/games:/usr/games', 'DISPLAY': ':0', 'CCACHE_UMASK': '002', 'LANG': 'en_US.UTF-8', 'TERM': 'linux', 'SHELL': '/bin/bash', 'MOZ_NODE_PATH': '/usr/bin/node', 'XDG_SESSION_COOKIE': '9ca12473fbb1d023794ffd180000023c-1528501966.728139-969065761', 'SHLVL': '1', 'NO_FAIL_ON_TEST_ERRORS': '1', 'MOZ_NO_REMOTE': '1', 'MOZ_HIDE_RESULTS_TABLE': '1', 'MAIL': '/var/mail/cltbld', '_': '/tools/buildbot/bin/python', 'NODE_PATH': '/usr/lib/nodejs:/usr/lib/node_modules:/usr/share/javascript', 'PWD': '/builds/slave/test', 'PROPERTIES_FILE': '/builds/slave/test/buildprops.json', 'CCACHE_DIR': '/builds/ccache'}}, attempt #1
16:55:31     INFO - Running command: ['/builds/slave/test/build/venv/bin/pip', 'install', '--timeout', '120', '--no-index', '--find-links', 'http://pypi.pvt.build.mozilla.org/pub', '--find-links', 'http://pypi.pub.build.mozilla.org/pub', '--trusted-host', 'pypi.pub.build.mozilla.org', '--trusted-host', 'pypi.pvt.build.mozilla.org', 'mock'] in /builds/slave/test/build
16:55:31     INFO - Copy/paste: /builds/slave/test/build/venv/bin/pip install --timeout 120 --no-index --find-links http://pypi.pvt.build.mozilla.org/pub --find-links http://pypi.pub.build.mozilla.org/pub --trusted-host pypi.pub.build.mozilla.org --trusted-host pypi.pvt.build.mozilla.org mock
16:55:31     INFO - Using env: {'CCACHE_DIR': '/builds/ccache',
16:55:31     INFO -  'CCACHE_UMASK': '002',
16:55:31     INFO -  'DISPLAY': ':0',
16:55:31     INFO -  'HOME': '/home/cltbld',
16:55:31     INFO -  'LANG': 'en_US.UTF-8',
16:55:31     INFO -  'LOGNAME': 'cltbld',
16:55:31     INFO -  'MAIL': '/var/mail/cltbld',
16:55:31     INFO -  'MOZ_HIDE_RESULTS_TABLE': '1',
16:55:31     INFO -  'MOZ_NODE_PATH': '/usr/bin/node',
16:55:31     INFO -  'MOZ_NO_REMOTE': '1',
16:55:31     INFO -  'NODE_PATH': '/usr/lib/nodejs:/usr/lib/node_modules:/usr/share/javascript',
16:55:31     INFO -  'NO_FAIL_ON_TEST_ERRORS': '1',
16:55:31     INFO -  'PATH': '/usr/local/bin:/usr/local/bin:/usr/bin:/bin:/usr/local/games:/usr/games',
16:55:31     INFO -  'PROPERTIES_FILE': '/builds/slave/test/buildprops.json',
16:55:31     INFO -  'PWD': '/builds/slave/test',
16:55:31     INFO -  'SHELL': '/bin/bash',
16:55:31     INFO -  'SHLVL': '1',
16:55:31     INFO -  'TERM': 'linux',
16:55:31     INFO -  'TMOUT': '86400',
16:55:31     INFO -  'USER': 'cltbld',
16:55:31     INFO -  'XDG_SESSION_COOKIE': '9ca12473fbb1d023794ffd180000023c-1528501966.728139-969065761',
16:55:31     INFO -  '_': '/tools/buildbot/bin/python'}
16:55:32     INFO -  Ignoring indexes: https://pypi.python.org/simple
16:55:32     INFO -  Collecting mock
16:55:32     INFO -  /builds/slave/test/build/venv/lib/python2.7/site-packages/pip/_vendor/requests/packages/urllib3/util/ssl_.py:318: SNIMissingWarning: An HTTPS request has been made, but the SNI (Subject Name Indication) extension to TLS is not available on this platform. This may cause the server to present an incorrect TLS certificate, which can cause validation failures. You can upgrade to a newer version of Python to solve this. For more information, see https://urllib3.readthedocs.org/en/latest/security.html#snimissingwarning.
16:55:32     INFO -    SNIMissingWarning
16:55:32     INFO -  /builds/slave/test/build/venv/lib/python2.7/site-packages/pip/_vendor/requests/packages/urllib3/util/ssl_.py:122: InsecurePlatformWarning: A true SSLContext object is not available. This prevents urllib3 from configuring SSL appropriately and may cause certain SSL connections to fail. You can upgrade to a newer version of Python to solve this. For more information, see https://urllib3.readthedocs.org/en/latest/security.html#insecureplatformwarning.
16:55:32     INFO -    InsecurePlatformWarning
16:55:34     INFO -  /builds/slave/test/build/venv/lib/python2.7/site-packages/pip/_vendor/requests/packages/urllib3/util/ssl_.py:122: InsecurePlatformWarning: A true SSLContext object is not available. This prevents urllib3 from configuring SSL appropriately and may cause certain SSL connections to fail. You can upgrade to a newer version of Python to solve this. For more information, see https://urllib3.readthedocs.org/en/latest/security.html#insecureplatformwarning.
16:55:34     INFO -    InsecurePlatformWarning
16:55:39     INFO -    Downloading https://pypi.pvt.build.mozilla.org/pub/mock-1.0.1.tar.gz (818kB)
16:55:40     INFO -  Building wheels for collected packages: mock
16:55:40     INFO -    Running setup.py bdist_wheel for mock: started
16:55:41     INFO -    Running setup.py bdist_wheel for mock: finished with status 'done'
16:55:41     INFO -    Stored in directory: /home/cltbld/.cache/pip/wheels/42/d3/87/79283a2f50dfedbfad996edf7028483b27c5953e56856af7d0
16:55:41     INFO -  Successfully built mock
16:55:41     INFO -  Installing collected packages: mock
16:55:41     INFO -  Successfully installed mock-1.0.1
16:55:41     INFO - Return code: 0
16:55:41     INFO - Installing simplejson into virtualenv /builds/slave/test/build/venv
16:55:41     INFO - retry: Calling run_command with args: [['/builds/slave/test/build/venv/bin/pip', 'install', '--timeout', '120', '--no-index', '--find-links', 'http://pypi.pvt.build.mozilla.org/pub', '--find-links', 'http://pypi.pub.build.mozilla.org/pub', '--trusted-host', 'pypi.pub.build.mozilla.org', '--trusted-host', 'pypi.pvt.build.mozilla.org', 'simplejson']], kwargs: {'error_level': 'warning', 'error_list': [{'substr': 'not found or a compiler error:', 'level': 'warning'}, {'regex': <_sre.SRE_Pattern object at 0x7f84696e9110>, 'level': 'error'}, {'regex': <_sre.SRE_Pattern object at 0x7f84697f1e40>, 'level': 'warning'}, {'regex': <_sre.SRE_Pattern object at 0x28e43e0>, 'level': 'debug'}, {'substr': 'command not found', 'level': 'error'}, {'regex': <_sre.SRE_Pattern object at 0x28e0a90>, 'level': 'warning'}, {'substr': 'Traceback (most recent call last)', 'level': 'error'}, {'substr': 'SyntaxError: ', 'level': 'error'}, {'substr': 'TypeError: ', 'level': 'error'}, {'substr': 'NameError: ', 'level': 'error'}, {'substr': 'ZeroDivisionError: ', 'level': 'error'}, {'regex': <_sre.SRE_Pattern object at 0x28e23f0>, 'level': 'critical'}, {'regex': <_sre.SRE_Pattern object at 0x28e2670>, 'level': 'critical'}], 'cwd': '/builds/slave/test/build', 'env': {'TMOUT': '86400', 'LOGNAME': 'cltbld', 'USER': 'cltbld', 'HOME': '/home/cltbld', 'PATH': '/usr/local/bin:/usr/local/bin:/usr/bin:/bin:/usr/local/games:/usr/games', 'DISPLAY': ':0', 'CCACHE_UMASK': '002', 'LANG': 'en_US.UTF-8', 'TERM': 'linux', 'SHELL': '/bin/bash', 'MOZ_NODE_PATH': '/usr/bin/node', 'XDG_SESSION_COOKIE': '9ca12473fbb1d023794ffd180000023c-1528501966.728139-969065761', 'SHLVL': '1', 'NO_FAIL_ON_TEST_ERRORS': '1', 'MOZ_NO_REMOTE': '1', 'MOZ_HIDE_RESULTS_TABLE': '1', 'MAIL': '/var/mail/cltbld', '_': '/tools/buildbot/bin/python', 'NODE_PATH': '/usr/lib/nodejs:/usr/lib/node_modules:/usr/share/javascript', 'PWD': '/builds/slave/test', 'PROPERTIES_FILE': '/builds/slave/test/buildprops.json', 'CCACHE_DIR': '/builds/ccache'}}, attempt #1
16:55:41     INFO - Running command: ['/builds/slave/test/build/venv/bin/pip', 'install', '--timeout', '120', '--no-index', '--find-links', 'http://pypi.pvt.build.mozilla.org/pub', '--find-links', 'http://pypi.pub.build.mozilla.org/pub', '--trusted-host', 'pypi.pub.build.mozilla.org', '--trusted-host', 'pypi.pvt.build.mozilla.org', 'simplejson'] in /builds/slave/test/build
16:55:41     INFO - Copy/paste: /builds/slave/test/build/venv/bin/pip install --timeout 120 --no-index --find-links http://pypi.pvt.build.mozilla.org/pub --find-links http://pypi.pub.build.mozilla.org/pub --trusted-host pypi.pub.build.mozilla.org --trusted-host pypi.pvt.build.mozilla.org simplejson
16:55:41     INFO - Using env: {'CCACHE_DIR': '/builds/ccache',
16:55:41     INFO -  'CCACHE_UMASK': '002',
16:55:41     INFO -  'DISPLAY': ':0',
16:55:41     INFO -  'HOME': '/home/cltbld',
16:55:41     INFO -  'LANG': 'en_US.UTF-8',
16:55:41     INFO -  'LOGNAME': 'cltbld',
16:55:41     INFO -  'MAIL': '/var/mail/cltbld',
16:55:41     INFO -  'MOZ_HIDE_RESULTS_TABLE': '1',
16:55:41     INFO -  'MOZ_NODE_PATH': '/usr/bin/node',
16:55:41     INFO -  'MOZ_NO_REMOTE': '1',
16:55:41     INFO -  'NODE_PATH': '/usr/lib/nodejs:/usr/lib/node_modules:/usr/share/javascript',
16:55:41     INFO -  'NO_FAIL_ON_TEST_ERRORS': '1',
16:55:41     INFO -  'PATH': '/usr/local/bin:/usr/local/bin:/usr/bin:/bin:/usr/local/games:/usr/games',
16:55:41     INFO -  'PROPERTIES_FILE': '/builds/slave/test/buildprops.json',
16:55:41     INFO -  'PWD': '/builds/slave/test',
16:55:41     INFO -  'SHELL': '/bin/bash',
16:55:41     INFO -  'SHLVL': '1',
16:55:41     INFO -  'TERM': 'linux',
16:55:41     INFO -  'TMOUT': '86400',
16:55:41     INFO -  'USER': 'cltbld',
16:55:41     INFO -  'XDG_SESSION_COOKIE': '9ca12473fbb1d023794ffd180000023c-1528501966.728139-969065761',
16:55:41     INFO -  '_': '/tools/buildbot/bin/python'}
16:55:42     INFO -  Ignoring indexes: https://pypi.python.org/simple
16:55:42     INFO -  Collecting simplejson
16:55:43     INFO -  /builds/slave/test/build/venv/lib/python2.7/site-packages/pip/_vendor/requests/packages/urllib3/util/ssl_.py:318: SNIMissingWarning: An HTTPS request has been made, but the SNI (Subject Name Indication) extension to TLS is not available on this platform. This may cause the server to present an incorrect TLS certificate, which can cause validation failures. You can upgrade to a newer version of Python to solve this. For more information, see https://urllib3.readthedocs.org/en/latest/security.html#snimissingwarning.
16:55:43     INFO -    SNIMissingWarning
16:55:43     INFO -  /builds/slave/test/build/venv/lib/python2.7/site-packages/pip/_vendor/requests/packages/urllib3/util/ssl_.py:122: InsecurePlatformWarning: A true SSLContext object is not available. This prevents urllib3 from configuring SSL appropriately and may cause certain SSL connections to fail. You can upgrade to a newer version of Python to solve this. For more information, see https://urllib3.readthedocs.org/en/latest/security.html#insecureplatformwarning.
16:55:43     INFO -    InsecurePlatformWarning
16:55:45     INFO -  /builds/slave/test/build/venv/lib/python2.7/site-packages/pip/_vendor/requests/packages/urllib3/util/ssl_.py:122: InsecurePlatformWarning: A true SSLContext object is not available. This prevents urllib3 from configuring SSL appropriately and may cause certain SSL connections to fail. You can upgrade to a newer version of Python to solve this. For more information, see https://urllib3.readthedocs.org/en/latest/security.html#insecureplatformwarning.
16:55:45     INFO -    InsecurePlatformWarning
16:55:50     INFO -    Downloading https://pypi.pvt.build.mozilla.org/pub/simplejson-3.3.0.tar.gz (67kB)
16:55:51     INFO -  Building wheels for collected packages: simplejson
16:55:51     INFO -    Running setup.py bdist_wheel for simplejson: started
16:55:53     INFO -    Running setup.py bdist_wheel for simplejson: finished with status 'done'
16:55:53     INFO -    Stored in directory: /home/cltbld/.cache/pip/wheels/b1/26/8f/72b2a349729d24b9c6aa399407fddd384f8814e045e6de407e
16:55:53     INFO -  Successfully built simplejson
16:55:53     INFO -  Installing collected packages: simplejson
16:55:53     INFO -  Successfully installed simplejson-3.3.0
16:55:53     INFO - Return code: 0
16:55:53     INFO - Installing None into virtualenv /builds/slave/test/build/venv
16:55:53     INFO - retry: Calling run_command with args: [['/builds/slave/test/build/venv/bin/pip', 'install', '--no-deps', '--timeout', '120', '-r', '/builds/slave/test/build/tests/config/marionette_requirements.txt', '--no-index', '--find-links', 'http://pypi.pvt.build.mozilla.org/pub', '--find-links', 'http://pypi.pub.build.mozilla.org/pub', '--trusted-host', 'pypi.pub.build.mozilla.org', '--trusted-host', 'pypi.pvt.build.mozilla.org']], kwargs: {'error_level': 'warning', 'error_list': [{'substr': 'not found or a compiler error:', 'level': 'warning'}, {'regex': <_sre.SRE_Pattern object at 0x7f84696e9110>, 'level': 'error'}, {'regex': <_sre.SRE_Pattern object at 0x7f84697f1e40>, 'level': 'warning'}, {'regex': <_sre.SRE_Pattern object at 0x28e43e0>, 'level': 'debug'}, {'substr': 'command not found', 'level': 'error'}, {'regex': <_sre.SRE_Pattern object at 0x28e0a90>, 'level': 'warning'}, {'substr': 'Traceback (most recent call last)', 'level': 'error'}, {'substr': 'SyntaxError: ', 'level': 'error'}, {'substr': 'TypeError: ', 'level': 'error'}, {'substr': 'NameError: ', 'level': 'error'}, {'substr': 'ZeroDivisionError: ', 'level': 'error'}, {'regex': <_sre.SRE_Pattern object at 0x28e23f0>, 'level': 'critical'}, {'regex': <_sre.SRE_Pattern object at 0x28e2670>, 'level': 'critical'}], 'cwd': '/builds/slave/test/build/tests/config', 'env': {'TMOUT': '86400', 'LOGNAME': 'cltbld', 'USER': 'cltbld', 'HOME': '/home/cltbld', 'PATH': '/usr/local/bin:/usr/local/bin:/usr/bin:/bin:/usr/local/games:/usr/games', 'DISPLAY': ':0', 'CCACHE_UMASK': '002', 'LANG': 'en_US.UTF-8', 'TERM': 'linux', 'SHELL': '/bin/bash', 'MOZ_NODE_PATH': '/usr/bin/node', 'XDG_SESSION_COOKIE': '9ca12473fbb1d023794ffd180000023c-1528501966.728139-969065761', 'SHLVL': '1', 'NO_FAIL_ON_TEST_ERRORS': '1', 'MOZ_NO_REMOTE': '1', 'MOZ_HIDE_RESULTS_TABLE': '1', 'MAIL': '/var/mail/cltbld', '_': '/tools/buildbot/bin/python', 'NODE_PATH': '/usr/lib/nodejs:/usr/lib/node_modules:/usr/share/javascript', 'PWD': '/builds/slave/test', 'PROPERTIES_FILE': '/builds/slave/test/buildprops.json', 'CCACHE_DIR': '/builds/ccache'}}, attempt #1
16:55:53     INFO - Running command: ['/builds/slave/test/build/venv/bin/pip', 'install', '--no-deps', '--timeout', '120', '-r', '/builds/slave/test/build/tests/config/marionette_requirements.txt', '--no-index', '--find-links', 'http://pypi.pvt.build.mozilla.org/pub', '--find-links', 'http://pypi.pub.build.mozilla.org/pub', '--trusted-host', 'pypi.pub.build.mozilla.org', '--trusted-host', 'pypi.pvt.build.mozilla.org'] in /builds/slave/test/build/tests/config
16:55:53     INFO - Copy/paste: /builds/slave/test/build/venv/bin/pip install --no-deps --timeout 120 -r /builds/slave/test/build/tests/config/marionette_requirements.txt --no-index --find-links http://pypi.pvt.build.mozilla.org/pub --find-links http://pypi.pub.build.mozilla.org/pub --trusted-host pypi.pub.build.mozilla.org --trusted-host pypi.pvt.build.mozilla.org
16:55:53     INFO - Using env: {'CCACHE_DIR': '/builds/ccache',
16:55:53     INFO -  'CCACHE_UMASK': '002',
16:55:53     INFO -  'DISPLAY': ':0',
16:55:53     INFO -  'HOME': '/home/cltbld',
16:55:53     INFO -  'LANG': 'en_US.UTF-8',
16:55:53     INFO -  'LOGNAME': 'cltbld',
16:55:53     INFO -  'MAIL': '/var/mail/cltbld',
16:55:53     INFO -  'MOZ_HIDE_RESULTS_TABLE': '1',
16:55:53     INFO -  'MOZ_NODE_PATH': '/usr/bin/node',
16:55:53     INFO -  'MOZ_NO_REMOTE': '1',
16:55:53     INFO -  'NODE_PATH': '/usr/lib/nodejs:/usr/lib/node_modules:/usr/share/javascript',
16:55:53     INFO -  'NO_FAIL_ON_TEST_ERRORS': '1',
16:55:53     INFO -  'PATH': '/usr/local/bin:/usr/local/bin:/usr/bin:/bin:/usr/local/games:/usr/games',
16:55:53     INFO -  'PROPERTIES_FILE': '/builds/slave/test/buildprops.json',
16:55:53     INFO -  'PWD': '/builds/slave/test',
16:55:53     INFO -  'SHELL': '/bin/bash',
16:55:53     INFO -  'SHLVL': '1',
16:55:53     INFO -  'TERM': 'linux',
16:55:53     INFO -  'TMOUT': '86400',
16:55:53     INFO -  'USER': 'cltbld',
16:55:53     INFO -  'XDG_SESSION_COOKIE': '9ca12473fbb1d023794ffd180000023c-1528501966.728139-969065761',
16:55:53     INFO -  '_': '/tools/buildbot/bin/python'}
16:55:54     INFO -  Ignoring indexes: https://pypi.python.org/simple
16:55:54     INFO -  Processing /builds/slave/test/build/tests/mozbase/manifestparser
16:55:55     INFO -    Requirement already satisfied (use --upgrade to upgrade): manifestparser==1.1 from file:///builds/slave/test/build/tests/mozbase/manifestparser in /builds/slave/test/build/venv/lib/python2.7/site-packages (from -r /builds/slave/test/build/tests/config/mozbase_requirements.txt (line 1))
16:55:55     INFO -  Processing /builds/slave/test/build/tests/mozbase/mozcrash
16:55:55     INFO -    Requirement already satisfied (use --upgrade to upgrade): mozcrash==1.0 from file:///builds/slave/test/build/tests/mozbase/mozcrash in /builds/slave/test/build/venv/lib/python2.7/site-packages (from -r /builds/slave/test/build/tests/config/mozbase_requirements.txt (line 2))
16:55:55     INFO -  Processing /builds/slave/test/build/tests/mozbase/mozdebug
16:55:55     INFO -    Requirement already satisfied (use --upgrade to upgrade): mozdebug==0.1 from file:///builds/slave/test/build/tests/mozbase/mozdebug in /builds/slave/test/build/venv/lib/python2.7/site-packages (from -r /builds/slave/test/build/tests/config/mozbase_requirements.txt (line 3))
16:55:55     INFO -  Processing /builds/slave/test/build/tests/mozbase/mozdevice
16:55:56     INFO -    Requirement already satisfied (use --upgrade to upgrade): mozdevice==0.48 from file:///builds/slave/test/build/tests/mozbase/mozdevice in /builds/slave/test/build/venv/lib/python2.7/site-packages (from -r /builds/slave/test/build/tests/config/mozbase_requirements.txt (line 4))
16:55:56     INFO -  Processing /builds/slave/test/build/tests/mozbase/mozfile
16:55:56     INFO -    Requirement already satisfied (use --upgrade to upgrade): mozfile==1.2 from file:///builds/slave/test/build/tests/mozbase/mozfile in /builds/slave/test/build/venv/lib/python2.7/site-packages (from -r /builds/slave/test/build/tests/config/mozbase_requirements.txt (line 5))
16:55:56     INFO -  Processing /builds/slave/test/build/tests/mozbase/mozhttpd
16:55:57     INFO -    Requirement already satisfied (use --upgrade to upgrade): mozhttpd==0.7 from file:///builds/slave/test/build/tests/mozbase/mozhttpd in /builds/slave/test/build/venv/lib/python2.7/site-packages (from -r /builds/slave/test/build/tests/config/mozbase_requirements.txt (line 6))
16:55:57     INFO -  Processing /builds/slave/test/build/tests/mozbase/mozinfo
16:55:57     INFO -    Requirement already satisfied (use --upgrade to upgrade): mozinfo==0.9 from file:///builds/slave/test/build/tests/mozbase/mozinfo in /builds/slave/test/build/venv/lib/python2.7/site-packages (from -r /builds/slave/test/build/tests/config/mozbase_requirements.txt (line 7))
16:55:57     INFO -  Processing /builds/slave/test/build/tests/mozbase/mozinstall
16:55:57     INFO -    Requirement already satisfied (use --upgrade to upgrade): mozInstall==1.12 from file:///builds/slave/test/build/tests/mozbase/mozinstall in /builds/slave/test/build/venv/lib/python2.7/site-packages (from -r /builds/slave/test/build/tests/config/mozbase_requirements.txt (line 8))
16:55:57     INFO -  Processing /builds/slave/test/build/tests/mozbase/mozleak
16:55:58     INFO -    Requirement already satisfied (use --upgrade to upgrade): mozleak==0.1 from file:///builds/slave/test/build/tests/mozbase/mozleak in /builds/slave/test/build/venv/lib/python2.7/site-packages (from -r /builds/slave/test/build/tests/config/mozbase_requirements.txt (line 9))
16:55:58     INFO -  Processing /builds/slave/test/build/tests/mozbase/mozlog
16:55:58     INFO -    Requirement already satisfied (use --upgrade to upgrade): mozlog==3.4 from file:///builds/slave/test/build/tests/mozbase/mozlog in /builds/slave/test/build/venv/lib/python2.7/site-packages (from -r /builds/slave/test/build/tests/config/mozbase_requirements.txt (line 10))
16:55:58     INFO -  Processing /builds/slave/test/build/tests/mozbase/moznetwork
16:55:58     INFO -    Requirement already satisfied (use --upgrade to upgrade): moznetwork==0.27 from file:///builds/slave/test/build/tests/mozbase/moznetwork in /builds/slave/test/build/venv/lib/python2.7/site-packages (from -r /builds/slave/test/build/tests/config/mozbase_requirements.txt (line 11))
16:55:58     INFO -  Processing /builds/slave/test/build/tests/mozbase/mozprocess
16:55:59     INFO -    Requirement already satisfied (use --upgrade to upgrade): mozprocess==0.23 from file:///builds/slave/test/build/tests/mozbase/mozprocess in /builds/slave/test/build/venv/lib/python2.7/site-packages (from -r /builds/slave/test/build/tests/config/mozbase_requirements.txt (line 12))
16:55:59     INFO -  Processing /builds/slave/test/build/tests/mozbase/mozprofile
16:55:59     INFO -    Requirement already satisfied (use --upgrade to upgrade): mozprofile==0.28 from file:///builds/slave/test/build/tests/mozbase/mozprofile in /builds/slave/test/build/venv/lib/python2.7/site-packages (from -r /builds/slave/test/build/tests/config/mozbase_requirements.txt (line 13))
16:55:59     INFO -  Processing /builds/slave/test/build/tests/mozbase/mozrunner
16:55:59     INFO -    Requirement already satisfied (use --upgrade to upgrade): mozrunner==6.13 from file:///builds/slave/test/build/tests/mozbase/mozrunner in /builds/slave/test/build/venv/lib/python2.7/site-packages (from -r /builds/slave/test/build/tests/config/mozbase_requirements.txt (line 14))
16:55:59     INFO -  Processing /builds/slave/test/build/tests/mozbase/mozscreenshot
16:56:00     INFO -    Requirement already satisfied (use --upgrade to upgrade): mozscreenshot==0.1 from file:///builds/slave/test/build/tests/mozbase/mozscreenshot in /builds/slave/test/build/venv/lib/python2.7/site-packages (from -r /builds/slave/test/build/tests/config/mozbase_requirements.txt (line 15))
16:56:00     INFO -  Processing /builds/slave/test/build/tests/mozbase/moztest
16:56:00     INFO -    Requirement already satisfied (use --upgrade to upgrade): moztest==0.8 from file:///builds/slave/test/build/tests/mozbase/moztest in /builds/slave/test/build/venv/lib/python2.7/site-packages (from -r /builds/slave/test/build/tests/config/mozbase_requirements.txt (line 16))
16:56:00     INFO -  Processing /builds/slave/test/build/tests/mozbase/mozversion
16:56:01     INFO -    Requirement already satisfied (use --upgrade to upgrade): mozversion==1.4 from file:///builds/slave/test/build/tests/mozbase/mozversion in /builds/slave/test/build/venv/lib/python2.7/site-packages (from -r /builds/slave/test/build/tests/config/mozbase_requirements.txt (line 17))
16:56:01     INFO -  Processing /builds/slave/test/build/tests/tools/wptserve
16:56:01     INFO -  Processing /builds/slave/test/build/tests/marionette/client
16:56:01     INFO -  Processing /builds/slave/test/build/tests/marionette/harness/marionette_harness/runner/mixins/browsermob-proxy-py
16:56:02     INFO -  Processing /builds/slave/test/build/tests/marionette/harness
16:56:02     INFO -  Processing /builds/slave/test/build/tests/marionette/puppeteer/firefox
16:56:03     INFO -  Building wheels for collected packages: browsermob-proxy
16:56:03     INFO -    Running setup.py bdist_wheel for browsermob-proxy: started
16:56:03     INFO -    Running setup.py bdist_wheel for browsermob-proxy: finished with status 'done'
16:56:03     INFO -    Stored in directory: /home/cltbld/.cache/pip/wheels/10/00/c1/79bb793b6a7eb4dca9dfd244010f550ae5044951bcd23c261e
16:56:03     INFO -  Successfully built browsermob-proxy
16:56:03     INFO -  Installing collected packages: wptserve, marionette-driver, browsermob-proxy, marionette-harness, firefox-puppeteer
16:56:03     INFO -    Running setup.py install for wptserve: started
16:56:04     INFO -      Running setup.py install for wptserve: finished with status 'done'
16:56:04     INFO -    Running setup.py install for marionette-driver: started
16:56:04     INFO -      Running setup.py install for marionette-driver: finished with status 'done'
16:56:04     INFO -    Running setup.py install for marionette-harness: started
16:56:05     INFO -      Running setup.py install for marionette-harness: finished with status 'done'
16:56:05     INFO -    Running setup.py install for firefox-puppeteer: started
16:56:05     INFO -      Running setup.py install for firefox-puppeteer: finished with status 'done'
16:56:06     INFO -  Successfully installed browsermob-proxy-0.6.0 firefox-puppeteer-52.1.0 marionette-driver-2.2.0 marionette-harness-4.0.0 wptserve-1.4.0
16:56:06     INFO - Return code: 0
16:56:06     INFO - Installing None into virtualenv /builds/slave/test/build/venv
16:56:06     INFO - retry: Calling run_command with args: [['/builds/slave/test/build/venv/bin/pip', 'install', '--timeout', '120', '-r', '/builds/slave/test/build/tests/config/marionette_requirements.txt', '--no-index', '--find-links', 'http://pypi.pvt.build.mozilla.org/pub', '--find-links', 'http://pypi.pub.build.mozilla.org/pub', '--trusted-host', 'pypi.pub.build.mozilla.org', '--trusted-host', 'pypi.pvt.build.mozilla.org']], kwargs: {'error_level': 'warning', 'error_list': [{'substr': 'not found or a compiler error:', 'level': 'warning'}, {'regex': <_sre.SRE_Pattern object at 0x7f84696e9110>, 'level': 'error'}, {'regex': <_sre.SRE_Pattern object at 0x7f84697f1e40>, 'level': 'warning'}, {'regex': <_sre.SRE_Pattern object at 0x28e43e0>, 'level': 'debug'}, {'substr': 'command not found', 'level': 'error'}, {'regex': <_sre.SRE_Pattern object at 0x28e0a90>, 'level': 'warning'}, {'substr': 'Traceback (most recent call last)', 'level': 'error'}, {'substr': 'SyntaxError: ', 'level': 'error'}, {'substr': 'TypeError: ', 'level': 'error'}, {'substr': 'NameError: ', 'level': 'error'}, {'substr': 'ZeroDivisionError: ', 'level': 'error'}, {'regex': <_sre.SRE_Pattern object at 0x28e23f0>, 'level': 'critical'}, {'regex': <_sre.SRE_Pattern object at 0x28e2670>, 'level': 'critical'}], 'cwd': '/builds/slave/test/build/tests/config', 'env': {'TMOUT': '86400', 'LOGNAME': 'cltbld', 'USER': 'cltbld', 'HOME': '/home/cltbld', 'PATH': '/usr/local/bin:/usr/local/bin:/usr/bin:/bin:/usr/local/games:/usr/games', 'DISPLAY': ':0', 'CCACHE_UMASK': '002', 'LANG': 'en_US.UTF-8', 'TERM': 'linux', 'SHELL': '/bin/bash', 'MOZ_NODE_PATH': '/usr/bin/node', 'XDG_SESSION_COOKIE': '9ca12473fbb1d023794ffd180000023c-1528501966.728139-969065761', 'SHLVL': '1', 'NO_FAIL_ON_TEST_ERRORS': '1', 'MOZ_NO_REMOTE': '1', 'MOZ_HIDE_RESULTS_TABLE': '1', 'MAIL': '/var/mail/cltbld', '_': '/tools/buildbot/bin/python', 'NODE_PATH': '/usr/lib/nodejs:/usr/lib/node_modules:/usr/share/javascript', 'PWD': '/builds/slave/test', 'PROPERTIES_FILE': '/builds/slave/test/buildprops.json', 'CCACHE_DIR': '/builds/ccache'}}, attempt #1
16:56:06     INFO - Running command: ['/builds/slave/test/build/venv/bin/pip', 'install', '--timeout', '120', '-r', '/builds/slave/test/build/tests/config/marionette_requirements.txt', '--no-index', '--find-links', 'http://pypi.pvt.build.mozilla.org/pub', '--find-links', 'http://pypi.pub.build.mozilla.org/pub', '--trusted-host', 'pypi.pub.build.mozilla.org', '--trusted-host', 'pypi.pvt.build.mozilla.org'] in /builds/slave/test/build/tests/config
16:56:06     INFO - Copy/paste: /builds/slave/test/build/venv/bin/pip install --timeout 120 -r /builds/slave/test/build/tests/config/marionette_requirements.txt --no-index --find-links http://pypi.pvt.build.mozilla.org/pub --find-links http://pypi.pub.build.mozilla.org/pub --trusted-host pypi.pub.build.mozilla.org --trusted-host pypi.pvt.build.mozilla.org
16:56:06     INFO - Using env: {'CCACHE_DIR': '/builds/ccache',
16:56:06     INFO -  'CCACHE_UMASK': '002',
16:56:06     INFO -  'DISPLAY': ':0',
16:56:06     INFO -  'HOME': '/home/cltbld',
16:56:06     INFO -  'LANG': 'en_US.UTF-8',
16:56:06     INFO -  'LOGNAME': 'cltbld',
16:56:06     INFO -  'MAIL': '/var/mail/cltbld',
16:56:06     INFO -  'MOZ_HIDE_RESULTS_TABLE': '1',
16:56:06     INFO -  'MOZ_NODE_PATH': '/usr/bin/node',
16:56:06     INFO -  'MOZ_NO_REMOTE': '1',
16:56:06     INFO -  'NODE_PATH': '/usr/lib/nodejs:/usr/lib/node_modules:/usr/share/javascript',
16:56:06     INFO -  'NO_FAIL_ON_TEST_ERRORS': '1',
16:56:06     INFO -  'PATH': '/usr/local/bin:/usr/local/bin:/usr/bin:/bin:/usr/local/games:/usr/games',
16:56:06     INFO -  'PROPERTIES_FILE': '/builds/slave/test/buildprops.json',
16:56:06     INFO -  'PWD': '/builds/slave/test',
16:56:06     INFO -  'SHELL': '/bin/bash',
16:56:06     INFO -  'SHLVL': '1',
16:56:06     INFO -  'TERM': 'linux',
16:56:06     INFO -  'TMOUT': '86400',
16:56:06     INFO -  'USER': 'cltbld',
16:56:06     INFO -  'XDG_SESSION_COOKIE': '9ca12473fbb1d023794ffd180000023c-1528501966.728139-969065761',
16:56:06     INFO -  '_': '/tools/buildbot/bin/python'}
16:56:07     INFO -  Ignoring indexes: https://pypi.python.org/simple
16:56:07     INFO -  Processing /builds/slave/test/build/tests/mozbase/manifestparser
16:56:07     INFO -    Requirement already satisfied (use --upgrade to upgrade): manifestparser==1.1 from file:///builds/slave/test/build/tests/mozbase/manifestparser in /builds/slave/test/build/venv/lib/python2.7/site-packages (from -r /builds/slave/test/build/tests/config/mozbase_requirements.txt (line 1))
16:56:07     INFO -  Processing /builds/slave/test/build/tests/mozbase/mozcrash
16:56:08     INFO -    Requirement already satisfied (use --upgrade to upgrade): mozcrash==1.0 from file:///builds/slave/test/build/tests/mozbase/mozcrash in /builds/slave/test/build/venv/lib/python2.7/site-packages (from -r /builds/slave/test/build/tests/config/mozbase_requirements.txt (line 2))
16:56:08     INFO -  Processing /builds/slave/test/build/tests/mozbase/mozdebug
16:56:08     INFO -    Requirement already satisfied (use --upgrade to upgrade): mozdebug==0.1 from file:///builds/slave/test/build/tests/mozbase/mozdebug in /builds/slave/test/build/venv/lib/python2.7/site-packages (from -r /builds/slave/test/build/tests/config/mozbase_requirements.txt (line 3))
16:56:08     INFO -  Processing /builds/slave/test/build/tests/mozbase/mozdevice
16:56:08     INFO -    Requirement already satisfied (use --upgrade to upgrade): mozdevice==0.48 from file:///builds/slave/test/build/tests/mozbase/mozdevice in /builds/slave/test/build/venv/lib/python2.7/site-packages (from -r /builds/slave/test/build/tests/config/mozbase_requirements.txt (line 4))
16:56:08     INFO -  Processing /builds/slave/test/build/tests/mozbase/mozfile
16:56:09     INFO -    Requirement already satisfied (use --upgrade to upgrade): mozfile==1.2 from file:///builds/slave/test/build/tests/mozbase/mozfile in /builds/slave/test/build/venv/lib/python2.7/site-packages (from -r /builds/slave/test/build/tests/config/mozbase_requirements.txt (line 5))
16:56:09     INFO -  Processing /builds/slave/test/build/tests/mozbase/mozhttpd
16:56:09     INFO -    Requirement already satisfied (use --upgrade to upgrade): mozhttpd==0.7 from file:///builds/slave/test/build/tests/mozbase/mozhttpd in /builds/slave/test/build/venv/lib/python2.7/site-packages (from -r /builds/slave/test/build/tests/config/mozbase_requirements.txt (line 6))
16:56:09     INFO -  Processing /builds/slave/test/build/tests/mozbase/mozinfo
16:56:10     INFO -    Requirement already satisfied (use --upgrade to upgrade): mozinfo==0.9 from file:///builds/slave/test/build/tests/mozbase/mozinfo in /builds/slave/test/build/venv/lib/python2.7/site-packages (from -r /builds/slave/test/build/tests/config/mozbase_requirements.txt (line 7))
16:56:10     INFO -  Processing /builds/slave/test/build/tests/mozbase/mozinstall
16:56:10     INFO -    Requirement already satisfied (use --upgrade to upgrade): mozInstall==1.12 from file:///builds/slave/test/build/tests/mozbase/mozinstall in /builds/slave/test/build/venv/lib/python2.7/site-packages (from -r /builds/slave/test/build/tests/config/mozbase_requirements.txt (line 8))
16:56:10     INFO -  Processing /builds/slave/test/build/tests/mozbase/mozleak
16:56:10     INFO -    Requirement already satisfied (use --upgrade to upgrade): mozleak==0.1 from file:///builds/slave/test/build/tests/mozbase/mozleak in /builds/slave/test/build/venv/lib/python2.7/site-packages (from -r /builds/slave/test/build/tests/config/mozbase_requirements.txt (line 9))
16:56:10     INFO -  Processing /builds/slave/test/build/tests/mozbase/mozlog
16:56:11     INFO -    Requirement already satisfied (use --upgrade to upgrade): mozlog==3.4 from file:///builds/slave/test/build/tests/mozbase/mozlog in /builds/slave/test/build/venv/lib/python2.7/site-packages (from -r /builds/slave/test/build/tests/config/mozbase_requirements.txt (line 10))
16:56:11     INFO -  Processing /builds/slave/test/build/tests/mozbase/moznetwork
16:56:11     INFO -    Requirement already satisfied (use --upgrade to upgrade): moznetwork==0.27 from file:///builds/slave/test/build/tests/mozbase/moznetwork in /builds/slave/test/build/venv/lib/python2.7/site-packages (from -r /builds/slave/test/build/tests/config/mozbase_requirements.txt (line 11))
16:56:11     INFO -  Processing /builds/slave/test/build/tests/mozbase/mozprocess
16:56:11     INFO -    Requirement already satisfied (use --upgrade to upgrade): mozprocess==0.23 from file:///builds/slave/test/build/tests/mozbase/mozprocess in /builds/slave/test/build/venv/lib/python2.7/site-packages (from -r /builds/slave/test/build/tests/config/mozbase_requirements.txt (line 12))
16:56:11     INFO -  Processing /builds/slave/test/build/tests/mozbase/mozprofile
16:56:12     INFO -    Requirement already satisfied (use --upgrade to upgrade): mozprofile==0.28 from file:///builds/slave/test/build/tests/mozbase/mozprofile in /builds/slave/test/build/venv/lib/python2.7/site-packages (from -r /builds/slave/test/build/tests/config/mozbase_requirements.txt (line 13))
16:56:12     INFO -  Processing /builds/slave/test/build/tests/mozbase/mozrunner
16:56:12     INFO -    Requirement already satisfied (use --upgrade to upgrade): mozrunner==6.13 from file:///builds/slave/test/build/tests/mozbase/mozrunner in /builds/slave/test/build/venv/lib/python2.7/site-packages (from -r /builds/slave/test/build/tests/config/mozbase_requirements.txt (line 14))
16:56:12     INFO -  Processing /builds/slave/test/build/tests/mozbase/mozscreenshot
16:56:13     INFO -    Requirement already satisfied (use --upgrade to upgrade): mozscreenshot==0.1 from file:///builds/slave/test/build/tests/mozbase/mozscreenshot in /builds/slave/test/build/venv/lib/python2.7/site-packages (from -r /builds/slave/test/build/tests/config/mozbase_requirements.txt (line 15))
16:56:13     INFO -  Processing /builds/slave/test/build/tests/mozbase/moztest
16:56:13     INFO -    Requirement already satisfied (use --upgrade to upgrade): moztest==0.8 from file:///builds/slave/test/build/tests/mozbase/moztest in /builds/slave/test/build/venv/lib/python2.7/site-packages (from -r /builds/slave/test/build/tests/config/mozbase_requirements.txt (line 16))
16:56:13     INFO -  Processing /builds/slave/test/build/tests/mozbase/mozversion
16:56:13     INFO -    Requirement already satisfied (use --upgrade to upgrade): mozversion==1.4 from file:///builds/slave/test/build/tests/mozbase/mozversion in /builds/slave/test/build/venv/lib/python2.7/site-packages (from -r /builds/slave/test/build/tests/config/mozbase_requirements.txt (line 17))
16:56:13     INFO -  Processing /builds/slave/test/build/tests/tools/wptserve
16:56:14     INFO -    Requirement already satisfied (use --upgrade to upgrade): wptserve==1.4.0 from file:///builds/slave/test/build/tests/tools/wptserve in /builds/slave/test/build/venv/lib/python2.7/site-packages (from -r /builds/slave/test/build/tests/config/marionette_requirements.txt (line 3))
16:56:14     INFO -  Processing /builds/slave/test/build/tests/marionette/client
16:56:14     INFO -    Requirement already satisfied (use --upgrade to upgrade): marionette-driver==2.2.0 from file:///builds/slave/test/build/tests/marionette/client in /builds/slave/test/build/venv/lib/python2.7/site-packages (from -r /builds/slave/test/build/tests/config/marionette_requirements.txt (line 4))
16:56:14     INFO -  Processing /builds/slave/test/build/tests/marionette/harness/marionette_harness/runner/mixins/browsermob-proxy-py
16:56:15     INFO -    Requirement already satisfied (use --upgrade to upgrade): browsermob-proxy==0.6.0 from file:///builds/slave/test/build/tests/marionette/harness/marionette_harness/runner/mixins/browsermob-proxy-py in /builds/slave/test/build/venv/lib/python2.7/site-packages (from -r /builds/slave/test/build/tests/config/marionette_requirements.txt (line 5))
16:56:15     INFO -  Processing /builds/slave/test/build/tests/marionette/harness
16:56:15     INFO -    Requirement already satisfied (use --upgrade to upgrade): marionette-harness==4.0.0 from file:///builds/slave/test/build/tests/marionette/harness in /builds/slave/test/build/venv/lib/python2.7/site-packages (from -r /builds/slave/test/build/tests/config/marionette_requirements.txt (line 6))
16:56:15     INFO -  Processing /builds/slave/test/build/tests/marionette/puppeteer/firefox
16:56:15     INFO -    Requirement already satisfied (use --upgrade to upgrade): firefox-puppeteer==52.1.0 from file:///builds/slave/test/build/tests/marionette/puppeteer/firefox in /builds/slave/test/build/venv/lib/python2.7/site-packages (from -r /builds/slave/test/build/tests/config/marionette_requirements.txt (line 9))
16:56:15     INFO -  Requirement already satisfied (use --upgrade to upgrade): mozfile>=1.0 in /builds/slave/test/build/venv/lib/python2.7/site-packages (from mozcrash==1.0->-r /builds/slave/test/build/tests/config/mozbase_requirements.txt (line 2))
16:56:15     INFO -  Requirement already satisfied (use --upgrade to upgrade): mozlog>=3.0 in /builds/slave/test/build/venv/lib/python2.7/site-packages (from mozcrash==1.0->-r /builds/slave/test/build/tests/config/mozbase_requirements.txt (line 2))
16:56:15     INFO -  Requirement already satisfied (use --upgrade to upgrade): mozinfo in /builds/slave/test/build/venv/lib/python2.7/site-packages (from mozdebug==0.1->-r /builds/slave/test/build/tests/config/mozbase_requirements.txt (line 3))
16:56:15     INFO -  Requirement already satisfied (use --upgrade to upgrade): moznetwork>=0.24 in /builds/slave/test/build/venv/lib/python2.7/site-packages (from mozdevice==0.48->-r /builds/slave/test/build/tests/config/mozbase_requirements.txt (line 4))
16:56:15     INFO -  Requirement already satisfied (use --upgrade to upgrade): mozprocess>=0.19 in /builds/slave/test/build/venv/lib/python2.7/site-packages (from mozdevice==0.48->-r /builds/slave/test/build/tests/config/mozbase_requirements.txt (line 4))
16:56:15     INFO -  Requirement already satisfied (use --upgrade to upgrade): blessings>=1.3 in /builds/slave/test/build/venv/lib/python2.7/site-packages (from mozlog==3.4->-r /builds/slave/test/build/tests/config/mozbase_requirements.txt (line 10))
16:56:15     INFO -  Requirement already satisfied (use --upgrade to upgrade): requests>=1.1.0 in /builds/slave/test/build/venv/lib/python2.7/site-packages (from browsermob-proxy==0.6.0->-r /builds/slave/test/build/tests/config/marionette_requirements.txt (line 5))
16:56:15     INFO -  Building wheels for collected packages: browsermob-proxy
16:56:15     INFO -    Running setup.py bdist_wheel for browsermob-proxy: started
16:56:16     INFO -    Running setup.py bdist_wheel for browsermob-proxy: finished with status 'done'
16:56:16     INFO -    Stored in directory: /home/cltbld/.cache/pip/wheels/10/00/c1/79bb793b6a7eb4dca9dfd244010f550ae5044951bcd23c261e
16:56:16     INFO -  Successfully built browsermob-proxy
16:56:16     INFO - Return code: 0
16:56:16     INFO - Installing None into virtualenv /builds/slave/test/build/venv
16:56:16     INFO - retry: Calling run_command with args: [['/builds/slave/test/build/venv/bin/pip', 'install', '--no-deps', '--timeout', '120', '-r', '/builds/slave/test/build/tests/mochitest/websocketprocessbridge/websocketprocessbridge_requirements.txt', '--no-index', '--find-links', 'http://pypi.pvt.build.mozilla.org/pub', '--find-links', 'http://pypi.pub.build.mozilla.org/pub', '--trusted-host', 'pypi.pub.build.mozilla.org', '--trusted-host', 'pypi.pvt.build.mozilla.org']], kwargs: {'error_level': 'warning', 'error_list': [{'substr': 'not found or a compiler error:', 'level': 'warning'}, {'regex': <_sre.SRE_Pattern object at 0x7f84696e9110>, 'level': 'error'}, {'regex': <_sre.SRE_Pattern object at 0x7f84697f1e40>, 'level': 'warning'}, {'regex': <_sre.SRE_Pattern object at 0x28e43e0>, 'level': 'debug'}, {'substr': 'command not found', 'level': 'error'}, {'regex': <_sre.SRE_Pattern object at 0x28e0a90>, 'level': 'warning'}, {'substr': 'Traceback (most recent call last)', 'level': 'error'}, {'substr': 'SyntaxError: ', 'level': 'error'}, {'substr': 'TypeError: ', 'level': 'error'}, {'substr': 'NameError: ', 'level': 'error'}, {'substr': 'ZeroDivisionError: ', 'level': 'error'}, {'regex': <_sre.SRE_Pattern object at 0x28e23f0>, 'level': 'critical'}, {'regex': <_sre.SRE_Pattern object at 0x28e2670>, 'level': 'critical'}], 'cwd': '/builds/slave/test/build/tests/mochitest/websocketprocessbridge', 'env': {'TMOUT': '86400', 'LOGNAME': 'cltbld', 'USER': 'cltbld', 'HOME': '/home/cltbld', 'PATH': '/usr/local/bin:/usr/local/bin:/usr/bin:/bin:/usr/local/games:/usr/games', 'DISPLAY': ':0', 'CCACHE_UMASK': '002', 'LANG': 'en_US.UTF-8', 'TERM': 'linux', 'SHELL': '/bin/bash', 'MOZ_NODE_PATH': '/usr/bin/node', 'XDG_SESSION_COOKIE': '9ca12473fbb1d023794ffd180000023c-1528501966.728139-969065761', 'SHLVL': '1', 'NO_FAIL_ON_TEST_ERRORS': '1', 'MOZ_NO_REMOTE': '1', 'MOZ_HIDE_RESULTS_TABLE': '1', 'MAIL': '/var/mail/cltbld', '_': '/tools/buildbot/bin/python', 'NODE_PATH': '/usr/lib/nodejs:/usr/lib/node_modules:/usr/share/javascript', 'PWD': '/builds/slave/test', 'PROPERTIES_FILE': '/builds/slave/test/buildprops.json', 'CCACHE_DIR': '/builds/ccache'}}, attempt #1
16:56:16     INFO - Running command: ['/builds/slave/test/build/venv/bin/pip', 'install', '--no-deps', '--timeout', '120', '-r', '/builds/slave/test/build/tests/mochitest/websocketprocessbridge/websocketprocessbridge_requirements.txt', '--no-index', '--find-links', 'http://pypi.pvt.build.mozilla.org/pub', '--find-links', 'http://pypi.pub.build.mozilla.org/pub', '--trusted-host', 'pypi.pub.build.mozilla.org', '--trusted-host', 'pypi.pvt.build.mozilla.org'] in /builds/slave/test/build/tests/mochitest/websocketprocessbridge
16:56:16     INFO - Copy/paste: /builds/slave/test/build/venv/bin/pip install --no-deps --timeout 120 -r /builds/slave/test/build/tests/mochitest/websocketprocessbridge/websocketprocessbridge_requirements.txt --no-index --find-links http://pypi.pvt.build.mozilla.org/pub --find-links http://pypi.pub.build.mozilla.org/pub --trusted-host pypi.pub.build.mozilla.org --trusted-host pypi.pvt.build.mozilla.org
16:56:16     INFO - Using env: {'CCACHE_DIR': '/builds/ccache',
16:56:16     INFO -  'CCACHE_UMASK': '002',
16:56:16     INFO -  'DISPLAY': ':0',
16:56:16     INFO -  'HOME': '/home/cltbld',
16:56:16     INFO -  'LANG': 'en_US.UTF-8',
16:56:16     INFO -  'LOGNAME': 'cltbld',
16:56:16     INFO -  'MAIL': '/var/mail/cltbld',
16:56:16     INFO -  'MOZ_HIDE_RESULTS_TABLE': '1',
16:56:16     INFO -  'MOZ_NODE_PATH': '/usr/bin/node',
16:56:16     INFO -  'MOZ_NO_REMOTE': '1',
16:56:16     INFO -  'NODE_PATH': '/usr/lib/nodejs:/usr/lib/node_modules:/usr/share/javascript',
16:56:16     INFO -  'NO_FAIL_ON_TEST_ERRORS': '1',
16:56:16     INFO -  'PATH': '/usr/local/bin:/usr/local/bin:/usr/bin:/bin:/usr/local/games:/usr/games',
16:56:16     INFO -  'PROPERTIES_FILE': '/builds/slave/test/buildprops.json',
16:56:16     INFO -  'PWD': '/builds/slave/test',
16:56:16     INFO -  'SHELL': '/bin/bash',
16:56:16     INFO -  'SHLVL': '1',
16:56:16     INFO -  'TERM': 'linux',
16:56:16     INFO -  'TMOUT': '86400',
16:56:16     INFO -  'USER': 'cltbld',
16:56:16     INFO -  'XDG_SESSION_COOKIE': '9ca12473fbb1d023794ffd180000023c-1528501966.728139-969065761',
16:56:16     INFO -  '_': '/tools/buildbot/bin/python'}
16:56:17     INFO -  Ignoring indexes: https://pypi.python.org/simple
16:56:17     INFO -  Collecting six==1.10.0 (from -r /builds/slave/test/build/tests/mochitest/websocketprocessbridge/websocketprocessbridge_requirements.txt (line 2))
16:56:17     INFO -  /builds/slave/test/build/venv/lib/python2.7/site-packages/pip/_vendor/requests/packages/urllib3/util/ssl_.py:318: SNIMissingWarning: An HTTPS request has been made, but the SNI (Subject Name Indication) extension to TLS is not available on this platform. This may cause the server to present an incorrect TLS certificate, which can cause validation failures. You can upgrade to a newer version of Python to solve this. For more information, see https://urllib3.readthedocs.org/en/latest/security.html#snimissingwarning.
16:56:17     INFO -    SNIMissingWarning
16:56:17     INFO -  /builds/slave/test/build/venv/lib/python2.7/site-packages/pip/_vendor/requests/packages/urllib3/util/ssl_.py:122: InsecurePlatformWarning: A true SSLContext object is not available. This prevents urllib3 from configuring SSL appropriately and may cause certain SSL connections to fail. You can upgrade to a newer version of Python to solve this. For more information, see https://urllib3.readthedocs.org/en/latest/security.html#insecureplatformwarning.
16:56:17     INFO -    InsecurePlatformWarning
16:56:19     INFO -  /builds/slave/test/build/venv/lib/python2.7/site-packages/pip/_vendor/requests/packages/urllib3/util/ssl_.py:122: InsecurePlatformWarning: A true SSLContext object is not available. This prevents urllib3 from configuring SSL appropriately and may cause certain SSL connections to fail. You can upgrade to a newer version of Python to solve this. For more information, see https://urllib3.readthedocs.org/en/latest/security.html#insecureplatformwarning.
16:56:19     INFO -    InsecurePlatformWarning
16:56:24     INFO -    Downloading https://pypi.pvt.build.mozilla.org/pub/six-1.10.0-py2.py3-none-any.whl
16:56:24     INFO -  Collecting twisted==10.2.0 (from -r /builds/slave/test/build/tests/mochitest/websocketprocessbridge/websocketprocessbridge_requirements.txt (line 4))
16:56:30     INFO -    Downloading https://pypi.pvt.build.mozilla.org/pub/Twisted-10.2.0.tar.gz (1.9MB)
16:56:32     INFO -  Collecting txws==0.9.1 (from -r /builds/slave/test/build/tests/mochitest/websocketprocessbridge/websocketprocessbridge_requirements.txt (line 7))
16:56:38     INFO -    Downloading https://pypi.pvt.build.mozilla.org/pub/txWS-0.9.1.tar.gz
16:56:42     INFO -  Requirement already satisfied (use --upgrade to upgrade): psutil==3.1.1 in /builds/slave/test/build/venv/lib/python2.7/site-packages (from -r /builds/slave/test/build/tests/mochitest/websocketprocessbridge/websocketprocessbridge_requirements.txt (line 9))
16:56:42     INFO -  Collecting ipaddr==2.1.11 (from -r /builds/slave/test/build/tests/mochitest/websocketprocessbridge/websocketprocessbridge_requirements.txt (line 12))
16:56:48     INFO -    Downloading https://pypi.pvt.build.mozilla.org/pub/ipaddr-2.1.11.tar.gz
16:56:48     INFO -  Collecting passlib==1.6.5 (from -r /builds/slave/test/build/tests/mochitest/websocketprocessbridge/websocketprocessbridge_requirements.txt (line 13))
16:56:54     INFO -    Downloading https://pypi.pvt.build.mozilla.org/pub/passlib-1.6.5-py2.py3-none-any.whl (317kB)
16:56:54     INFO -  Building wheels for collected packages: twisted, txws, ipaddr
16:56:54     INFO -    Running setup.py bdist_wheel for twisted: started
16:56:57     INFO -    Running setup.py bdist_wheel for twisted: finished with status 'done'
16:56:57     INFO -    Stored in directory: /home/cltbld/.cache/pip/wheels/2a/06/64/df4bef56496f61aee018cad118db54f7a03015723d10662b26
16:56:57     INFO -    Running setup.py bdist_wheel for txws: started
16:56:58     INFO -    Running setup.py bdist_wheel for txws: finished with status 'done'
16:56:58     INFO -    Stored in directory: /home/cltbld/.cache/pip/wheels/51/f5/78/51b5dd281cb5c86337c41faadc891bd5089a07842da35b9248
16:56:58     INFO -    Running setup.py bdist_wheel for ipaddr: started
16:56:58     INFO -    Running setup.py bdist_wheel for ipaddr: finished with status 'done'
16:56:58     INFO -    Stored in directory: /home/cltbld/.cache/pip/wheels/6a/e7/d2/68af1df9a4dd7fd032c9375a12bd438c6fa81ee69d5e07993f
16:56:58     INFO -  Successfully built twisted txws ipaddr
16:56:58     INFO -  Installing collected packages: six, twisted, txws, ipaddr, passlib
16:57:02     INFO -  Successfully installed ipaddr-2.1.11 passlib-1.6.5 six-1.10.0 twisted-10.2.0 txws-0.9.1
16:57:02     INFO - Return code: 0
16:57:02     INFO - Installing None into virtualenv /builds/slave/test/build/venv
16:57:02     INFO - retry: Calling run_command with args: [['/builds/slave/test/build/venv/bin/pip', 'install', '--timeout', '120', '-r', '/builds/slave/test/build/tests/mochitest/websocketprocessbridge/websocketprocessbridge_requirements.txt', '--no-index', '--find-links', 'http://pypi.pvt.build.mozilla.org/pub', '--find-links', 'http://pypi.pub.build.mozilla.org/pub', '--trusted-host', 'pypi.pub.build.mozilla.org', '--trusted-host', 'pypi.pvt.build.mozilla.org']], kwargs: {'error_level': 'warning', 'error_list': [{'substr': 'not found or a compiler error:', 'level': 'warning'}, {'regex': <_sre.SRE_Pattern object at 0x7f84696e9110>, 'level': 'error'}, {'regex': <_sre.SRE_Pattern object at 0x7f84697f1e40>, 'level': 'warning'}, {'regex': <_sre.SRE_Pattern object at 0x28e43e0>, 'level': 'debug'}, {'substr': 'command not found', 'level': 'error'}, {'regex': <_sre.SRE_Pattern object at 0x28e0a90>, 'level': 'warning'}, {'substr': 'Traceback (most recent call last)', 'level': 'error'}, {'substr': 'SyntaxError: ', 'level': 'error'}, {'substr': 'TypeError: ', 'level': 'error'}, {'substr': 'NameError: ', 'level': 'error'}, {'substr': 'ZeroDivisionError: ', 'level': 'error'}, {'regex': <_sre.SRE_Pattern object at 0x28e23f0>, 'level': 'critical'}, {'regex': <_sre.SRE_Pattern object at 0x28e2670>, 'level': 'critical'}], 'cwd': '/builds/slave/test/build/tests/mochitest/websocketprocessbridge', 'env': {'TMOUT': '86400', 'LOGNAME': 'cltbld', 'USER': 'cltbld', 'HOME': '/home/cltbld', 'PATH': '/usr/local/bin:/usr/local/bin:/usr/bin:/bin:/usr/local/games:/usr/games', 'DISPLAY': ':0', 'CCACHE_UMASK': '002', 'LANG': 'en_US.UTF-8', 'TERM': 'linux', 'SHELL': '/bin/bash', 'MOZ_NODE_PATH': '/usr/bin/node', 'XDG_SESSION_COOKIE': '9ca12473fbb1d023794ffd180000023c-1528501966.728139-969065761', 'SHLVL': '1', 'NO_FAIL_ON_TEST_ERRORS': '1', 'MOZ_NO_REMOTE': '1', 'MOZ_HIDE_RESULTS_TABLE': '1', 'MAIL': '/var/mail/cltbld', '_': '/tools/buildbot/bin/python', 'NODE_PATH': '/usr/lib/nodejs:/usr/lib/node_modules:/usr/share/javascript', 'PWD': '/builds/slave/test', 'PROPERTIES_FILE': '/builds/slave/test/buildprops.json', 'CCACHE_DIR': '/builds/ccache'}}, attempt #1
16:57:02     INFO - Running command: ['/builds/slave/test/build/venv/bin/pip', 'install', '--timeout', '120', '-r', '/builds/slave/test/build/tests/mochitest/websocketprocessbridge/websocketprocessbridge_requirements.txt', '--no-index', '--find-links', 'http://pypi.pvt.build.mozilla.org/pub', '--find-links', 'http://pypi.pub.build.mozilla.org/pub', '--trusted-host', 'pypi.pub.build.mozilla.org', '--trusted-host', 'pypi.pvt.build.mozilla.org'] in /builds/slave/test/build/tests/mochitest/websocketprocessbridge
16:57:02     INFO - Copy/paste: /builds/slave/test/build/venv/bin/pip install --timeout 120 -r /builds/slave/test/build/tests/mochitest/websocketprocessbridge/websocketprocessbridge_requirements.txt --no-index --find-links http://pypi.pvt.build.mozilla.org/pub --find-links http://pypi.pub.build.mozilla.org/pub --trusted-host pypi.pub.build.mozilla.org --trusted-host pypi.pvt.build.mozilla.org
16:57:02     INFO - Using env: {'CCACHE_DIR': '/builds/ccache',
16:57:02     INFO -  'CCACHE_UMASK': '002',
16:57:02     INFO -  'DISPLAY': ':0',
16:57:02     INFO -  'HOME': '/home/cltbld',
16:57:02     INFO -  'LANG': 'en_US.UTF-8',
16:57:02     INFO -  'LOGNAME': 'cltbld',
16:57:02     INFO -  'MAIL': '/var/mail/cltbld',
16:57:02     INFO -  'MOZ_HIDE_RESULTS_TABLE': '1',
16:57:02     INFO -  'MOZ_NODE_PATH': '/usr/bin/node',
16:57:02     INFO -  'MOZ_NO_REMOTE': '1',
16:57:02     INFO -  'NODE_PATH': '/usr/lib/nodejs:/usr/lib/node_modules:/usr/share/javascript',
16:57:02     INFO -  'NO_FAIL_ON_TEST_ERRORS': '1',
16:57:02     INFO -  'PATH': '/usr/local/bin:/usr/local/bin:/usr/bin:/bin:/usr/local/games:/usr/games',
16:57:02     INFO -  'PROPERTIES_FILE': '/builds/slave/test/buildprops.json',
16:57:02     INFO -  'PWD': '/builds/slave/test',
16:57:02     INFO -  'SHELL': '/bin/bash',
16:57:02     INFO -  'SHLVL': '1',
16:57:02     INFO -  'TERM': 'linux',
16:57:02     INFO -  'TMOUT': '86400',
16:57:02     INFO -  'USER': 'cltbld',
16:57:02     INFO -  'XDG_SESSION_COOKIE': '9ca12473fbb1d023794ffd180000023c-1528501966.728139-969065761',
16:57:02     INFO -  '_': '/tools/buildbot/bin/python'}
16:57:03     INFO -  Ignoring indexes: https://pypi.python.org/simple
16:57:03     INFO -  Requirement already satisfied (use --upgrade to upgrade): six==1.10.0 in /builds/slave/test/build/venv/lib/python2.7/site-packages (from -r /builds/slave/test/build/tests/mochitest/websocketprocessbridge/websocketprocessbridge_requirements.txt (line 2))
16:57:03     INFO -  Requirement already satisfied (use --upgrade to upgrade): twisted==10.2.0 in /builds/slave/test/build/venv/lib/python2.7/site-packages (from -r /builds/slave/test/build/tests/mochitest/websocketprocessbridge/websocketprocessbridge_requirements.txt (line 4))
16:57:03     INFO -  Requirement already satisfied (use --upgrade to upgrade): txws==0.9.1 in /builds/slave/test/build/venv/lib/python2.7/site-packages (from -r /builds/slave/test/build/tests/mochitest/websocketprocessbridge/websocketprocessbridge_requirements.txt (line 7))
16:57:03     INFO -  Requirement already satisfied (use --upgrade to upgrade): psutil==3.1.1 in /builds/slave/test/build/venv/lib/python2.7/site-packages (from -r /builds/slave/test/build/tests/mochitest/websocketprocessbridge/websocketprocessbridge_requirements.txt (line 9))
16:57:03     INFO -  Requirement already satisfied (use --upgrade to upgrade): ipaddr==2.1.11 in /builds/slave/test/build/venv/lib/python2.7/site-packages (from -r /builds/slave/test/build/tests/mochitest/websocketprocessbridge/websocketprocessbridge_requirements.txt (line 12))
16:57:03     INFO -  Requirement already satisfied (use --upgrade to upgrade): passlib==1.6.5 in /builds/slave/test/build/venv/lib/python2.7/site-packages (from -r /builds/slave/test/build/tests/mochitest/websocketprocessbridge/websocketprocessbridge_requirements.txt (line 13))
16:57:03     INFO -  Collecting zope.interface (from twisted==10.2.0->-r /builds/slave/test/build/tests/mochitest/websocketprocessbridge/websocketprocessbridge_requirements.txt (line 4))
16:57:04     INFO -  /builds/slave/test/build/venv/lib/python2.7/site-packages/pip/_vendor/requests/packages/urllib3/util/ssl_.py:318: SNIMissingWarning: An HTTPS request has been made, but the SNI (Subject Name Indication) extension to TLS is not available on this platform. This may cause the server to present an incorrect TLS certificate, which can cause validation failures. You can upgrade to a newer version of Python to solve this. For more information, see https://urllib3.readthedocs.org/en/latest/security.html#snimissingwarning.
16:57:04     INFO -    SNIMissingWarning
16:57:04     INFO -  /builds/slave/test/build/venv/lib/python2.7/site-packages/pip/_vendor/requests/packages/urllib3/util/ssl_.py:122: InsecurePlatformWarning: A true SSLContext object is not available. This prevents urllib3 from configuring SSL appropriately and may cause certain SSL connections to fail. You can upgrade to a newer version of Python to solve this. For more information, see https://urllib3.readthedocs.org/en/latest/security.html#insecureplatformwarning.
16:57:04     INFO -    InsecurePlatformWarning
16:57:05     INFO -  /builds/slave/test/build/venv/lib/python2.7/site-packages/pip/_vendor/requests/packages/urllib3/util/ssl_.py:122: InsecurePlatformWarning: A true SSLContext object is not available. This prevents urllib3 from configuring SSL appropriately and may cause certain SSL connections to fail. You can upgrade to a newer version of Python to solve this. For more information, see https://urllib3.readthedocs.org/en/latest/security.html#insecureplatformwarning.
16:57:05     INFO -    InsecurePlatformWarning
16:57:11     INFO -    Downloading https://pypi.pvt.build.mozilla.org/pub/zope.interface-4.0.2.tar.gz (139kB)
16:57:11     INFO -  Requirement already satisfied (use --upgrade to upgrade): setuptools in /builds/slave/test/build/venv/lib/python2.7/site-packages (from zope.interface->twisted==10.2.0->-r /builds/slave/test/build/tests/mochitest/websocketprocessbridge/websocketprocessbridge_requirements.txt (line 4))
16:57:11     INFO -  Building wheels for collected packages: zope.interface
16:57:11     INFO -    Running setup.py bdist_wheel for zope.interface: started
16:57:13     INFO -    Running setup.py bdist_wheel for zope.interface: finished with status 'done'
16:57:13     INFO -    Stored in directory: /home/cltbld/.cache/pip/wheels/54/5c/71/e718400d2babcda41f4d97864183e1268dab308acc88e22470
16:57:13     INFO -  Successfully built zope.interface
16:57:13     INFO -  Installing collected packages: zope.interface
16:57:13     INFO -  Successfully installed zope.interface-4.0.2
16:57:13     INFO - Return code: 0
16:57:13     INFO - Done creating virtualenv /builds/slave/test/build/venv.
16:57:13     INFO - Getting output from command: ['/builds/slave/test/build/venv/bin/pip', 'freeze']
16:57:13     INFO - Copy/paste: /builds/slave/test/build/venv/bin/pip freeze
16:57:15     INFO - Reading from file tmpfile_stdout
16:57:15     INFO - Reading from file tmpfile_stderr
16:57:15     INFO - Current package versions:
16:57:15     INFO -   Twisted == 10.2.0
16:57:15     INFO -   blessings == 1.6
16:57:15     INFO -   blobuploader == 1.2.4
16:57:15     INFO -   browsermob-proxy == 0.6.0
16:57:15     INFO -   docopt == 0.6.1
16:57:15     INFO -   firefox-puppeteer == 52.1.0
16:57:15     INFO -   functools32 == 3.2.3.post2
16:57:15     INFO -   ipaddr == 2.1.11
16:57:15     INFO -   jsonschema == 2.5.1
16:57:15     INFO -   manifestparser == 1.1
16:57:15     INFO -   marionette-driver == 2.2.0
16:57:15     INFO -   marionette-harness == 4.0.0
16:57:15     INFO -   mock == 1.0.1
16:57:15     INFO -   mozInstall == 1.12
16:57:15     INFO -   mozcrash == 1.0
16:57:15     INFO -   mozdebug == 0.1
16:57:15     INFO -   mozdevice == 0.48
16:57:15     INFO -   mozfile == 1.2
16:57:15     INFO -   mozhttpd == 0.7
16:57:15     INFO -   mozinfo == 0.9
16:57:15     INFO -   mozleak == 0.1
16:57:15     INFO -   mozlog == 3.4
16:57:15     INFO -   moznetwork == 0.27
16:57:15     INFO -   mozprocess == 0.23
16:57:15     INFO -   mozprofile == 0.28
16:57:15     INFO -   mozrunner == 6.13
16:57:15     INFO -   mozscreenshot == 0.1
16:57:15     INFO -   mozsystemmonitor == 0.3
16:57:15     INFO -   moztest == 0.8
16:57:15     INFO -   mozversion == 1.4
16:57:15     INFO -   passlib == 1.6.5
16:57:15     INFO -   psutil == 3.1.1
16:57:15     INFO -   requests == 1.2.3
16:57:15     INFO -   simplejson == 3.3.0
16:57:15     INFO -   six == 1.10.0
16:57:15     INFO -   txWS == 0.9.1
16:57:15     INFO -   wptserve == 1.4.0
16:57:15     INFO -   zope.interface == 4.0.2
16:57:15     INFO - Running post-action listener: _resource_record_post_action
16:57:15     INFO - Running post-action listener: _start_resource_monitoring
16:57:16     INFO - Starting resource monitoring.
16:57:16     INFO - [mozharness: 2018-06-08 23:57:16.029192Z] Finished create-virtualenv step (success)
16:57:16     INFO - [mozharness: 2018-06-08 23:57:16.035699Z] Running install step.
16:57:16     INFO - Running pre-action listener: _resource_record_pre_action
16:57:16     INFO - Running main action method: install
16:57:16     INFO - Getting output from command: ['/builds/slave/test/build/venv/bin/pip', 'freeze']
16:57:16     INFO - Copy/paste: /builds/slave/test/build/venv/bin/pip freeze
16:57:16     INFO - Reading from file tmpfile_stdout
16:57:16     INFO - Reading from file tmpfile_stderr
16:57:16     INFO - Detecting whether we're running mozinstall >=1.0...
16:57:16     INFO - Getting output from command: ['/builds/slave/test/build/venv/bin/mozinstall', '-h']
16:57:16     INFO - Copy/paste: /builds/slave/test/build/venv/bin/mozinstall -h
16:57:17     INFO - Reading from file tmpfile_stdout
16:57:17     INFO - Output received:
16:57:17     INFO -  Usage: mozinstall [options] installer
16:57:17     INFO -  Options:
16:57:17     INFO -    -h, --help            show this help message and exit
16:57:17     INFO -    -d DEST, --destination=DEST
16:57:17     INFO -                          Directory to install application into. [default:
16:57:17     INFO -                          "/builds/slave/test"]
16:57:17     INFO -    --app=APP             Application being installed. [default: firefox]
16:57:17     INFO - mkdir: /builds/slave/test/build/application
16:57:17     INFO - Getting output from command: ['/builds/slave/test/build/venv/bin/mozinstall', '/builds/slave/test/build/installer.tar.bz2', '--destination', '/builds/slave/test/build/application']
16:57:17     INFO - Copy/paste: /builds/slave/test/build/venv/bin/mozinstall /builds/slave/test/build/installer.tar.bz2 --destination /builds/slave/test/build/application
16:57:40     INFO - Reading from file tmpfile_stdout
16:57:40     INFO - Output received:
16:57:40     INFO -  /builds/slave/test/build/application/firefox/firefox
16:57:40     INFO - Running post-action listener: _resource_record_post_action
16:57:40     INFO - [mozharness: 2018-06-08 23:57:40.995194Z] Finished install step (success)
16:57:40     INFO - [mozharness: 2018-06-08 23:57:40.995609Z] Running stage-files step.
16:57:40     INFO - Running pre-action listener: _resource_record_pre_action
16:57:40     INFO - Running main action method: stage_files
16:57:40     INFO - Running post-action listener: _resource_record_post_action
16:57:40     INFO - [mozharness: 2018-06-08 23:57:40.997347Z] Finished stage-files step (success)
16:57:40     INFO - [mozharness: 2018-06-08 23:57:40.997743Z] Running run-tests step.
16:57:40     INFO - Running pre-action listener: _resource_record_pre_action
16:57:40     INFO - Running pre-action listener: _set_gcov_prefix
16:57:40     INFO - Running main action method: run_tests
16:57:41     INFO - Running pre test command disable_screen_saver with 'xset s off s reset'
16:57:41     INFO - Running command: ['xset', 's', 'off', 's', 'reset'] in /builds/slave/test/build
16:57:41     INFO - Copy/paste: xset s off s reset
16:57:41     INFO - Return code: 0
16:57:41     INFO - #### Running mochitest suites
16:57:41     INFO - Structured output parser in use for mochitest.
16:57:41     INFO - grabbing minidump binary from tooltool
16:57:41     INFO - retry: Calling run_command with args: (['/tools/tooltool.py', '--url', 'https://api.pub.build.mozilla.org/tooltool/', '--authentication-file', '/builds/relengapi.tok', 'fetch', '-m', '/builds/slave/test/build/tests/config/tooltool-manifests/linux64/releng.manifest', '-o', '-c', '/builds/tooltool_cache'],), kwargs: {'output_timeout': 600, 'error_list': [{'substr': 'command not found', 'level': 'error'}, {'regex': <_sre.SRE_Pattern object at 0x28e0a90>, 'level': 'warning'}, {'substr': 'Traceback (most recent call last)', 'level': 'error'}, {'substr': 'SyntaxError: ', 'level': 'error'}, {'substr': 'TypeError: ', 'level': 'error'}, {'substr': 'NameError: ', 'level': 'error'}, {'substr': 'ZeroDivisionError: ', 'level': 'error'}, {'regex': <_sre.SRE_Pattern object at 0x28e23f0>, 'level': 'critical'}, {'regex': <_sre.SRE_Pattern object at 0x28e2670>, 'level': 'critical'}, {'substr': 'ERROR - ', 'level': 'error'}], 'cwd': '/builds/slave/test/build', 'privileged': False}, attempt #1
16:57:41     INFO - Running command: ['/tools/tooltool.py', '--url', 'https://api.pub.build.mozilla.org/tooltool/', '--authentication-file', '/builds/relengapi.tok', 'fetch', '-m', '/builds/slave/test/build/tests/config/tooltool-manifests/linux64/releng.manifest', '-o', '-c', '/builds/tooltool_cache'] in /builds/slave/test/build
16:57:41     INFO - Copy/paste: /tools/tooltool.py --url https://api.pub.build.mozilla.org/tooltool/ --authentication-file /builds/relengapi.tok fetch -m /builds/slave/test/build/tests/config/tooltool-manifests/linux64/releng.manifest -o -c /builds/tooltool_cache
16:57:41     INFO - Calling ['/tools/tooltool.py', '--url', 'https://api.pub.build.mozilla.org/tooltool/', '--authentication-file', '/builds/relengapi.tok', 'fetch', '-m', '/builds/slave/test/build/tests/config/tooltool-manifests/linux64/releng.manifest', '-o', '-c', '/builds/tooltool_cache'] with output_timeout 600
16:57:41     INFO -  INFO - File linux64-minidump_stackwalk not present in local cache folder /builds/tooltool_cache
16:57:41     INFO -  INFO - Attempting to fetch from 'https://api.pub.build.mozilla.org/tooltool/'...
16:57:42     INFO -  INFO - File linux64-minidump_stackwalk fetched from https://api.pub.build.mozilla.org/tooltool/ as /builds/slave/test/build/tmpTaSgWf
16:57:42     INFO -  INFO - File integrity verified, renaming tmpTaSgWf to linux64-minidump_stackwalk
16:57:42     INFO -  INFO - Updating local cache /builds/tooltool_cache...
16:57:42     INFO -  INFO - Local cache /builds/tooltool_cache updated with linux64-minidump_stackwalk
16:57:42     INFO - Return code: 0
16:57:42     INFO - Chmoding /builds/slave/test/build/linux64-minidump_stackwalk to 0755
16:57:42     INFO - grabbing nodejs binary from tooltool
16:57:42     INFO - retry: Calling run_command with args: (['/tools/tooltool.py', '--url', 'https://api.pub.build.mozilla.org/tooltool/', '--authentication-file', '/builds/relengapi.tok', 'fetch', '-m', '/builds/slave/test/build/tests/config/tooltool-manifests/linux64/nodejs.manifest', '-o', '-c', '/builds/tooltool_cache'],), kwargs: {'output_timeout': 600, 'error_list': [{'substr': 'command not found', 'level': 'error'}, {'regex': <_sre.SRE_Pattern object at 0x28e0a90>, 'level': 'warning'}, {'substr': 'Traceback (most recent call last)', 'level': 'error'}, {'substr': 'SyntaxError: ', 'level': 'error'}, {'substr': 'TypeError: ', 'level': 'error'}, {'substr': 'NameError: ', 'level': 'error'}, {'substr': 'ZeroDivisionError: ', 'level': 'error'}, {'regex': <_sre.SRE_Pattern object at 0x28e23f0>, 'level': 'critical'}, {'regex': <_sre.SRE_Pattern object at 0x28e2670>, 'level': 'critical'}, {'substr': 'ERROR - ', 'level': 'error'}], 'cwd': '/builds/slave/test/build', 'privileged': False}, attempt #1
16:57:42     INFO - Running command: ['/tools/tooltool.py', '--url', 'https://api.pub.build.mozilla.org/tooltool/', '--authentication-file', '/builds/relengapi.tok', 'fetch', '-m', '/builds/slave/test/build/tests/config/tooltool-manifests/linux64/nodejs.manifest', '-o', '-c', '/builds/tooltool_cache'] in /builds/slave/test/build
16:57:42     INFO - Copy/paste: /tools/tooltool.py --url https://api.pub.build.mozilla.org/tooltool/ --authentication-file /builds/relengapi.tok fetch -m /builds/slave/test/build/tests/config/tooltool-manifests/linux64/nodejs.manifest -o -c /builds/tooltool_cache
16:57:42     INFO - Calling ['/tools/tooltool.py', '--url', 'https://api.pub.build.mozilla.org/tooltool/', '--authentication-file', '/builds/relengapi.tok', 'fetch', '-m', '/builds/slave/test/build/tests/config/tooltool-manifests/linux64/nodejs.manifest', '-o', '-c', '/builds/tooltool_cache'] with output_timeout 600
16:57:42     INFO -  INFO - File node-linux-x64.tar.gz not present in local cache folder /builds/tooltool_cache
16:57:42     INFO -  INFO - Attempting to fetch from 'https://api.pub.build.mozilla.org/tooltool/'...
16:57:49     INFO -  INFO - File node-linux-x64.tar.gz fetched from https://api.pub.build.mozilla.org/tooltool/ as /builds/slave/test/build/tmpoLClSP
16:57:49     INFO -  INFO - File integrity verified, renaming tmpoLClSP to node-linux-x64.tar.gz
16:57:49     INFO -  INFO - Updating local cache /builds/tooltool_cache...
16:57:49     INFO -  INFO - Local cache /builds/tooltool_cache updated with node-linux-x64.tar.gz
16:57:49     INFO -  INFO - untarring "node-linux-x64.tar.gz"
16:57:51     INFO - Return code: 0
16:57:51     INFO - Chmoding /builds/slave/test/build/node-linux-x64/bin/node to 0755
16:57:51     INFO - mkdir: /builds/slave/test/build/blobber_upload_dir
16:57:51     INFO - ENV: MOZ_UPLOAD_DIR is now /builds/slave/test/build/blobber_upload_dir
16:57:51     INFO - ENV: MINIDUMP_STACKWALK is now /builds/slave/test/build/linux64-minidump_stackwalk
16:57:51     INFO - ENV: MOZ_NODE_PATH is now /builds/slave/test/build/node-linux-x64/bin/node
16:57:51     INFO - ENV: MINIDUMP_SAVE_PATH is now /builds/slave/test/build/blobber_upload_dir
16:57:51     INFO - Running command: ['/builds/slave/test/build/venv/bin/python', '-u', '/builds/slave/test/build/tests/mochitest/runtests.py', '--appname=/builds/slave/test/build/application/firefox/firefox', '--utility-path=tests/bin', '--extra-profile-file=tests/bin/plugins', '--symbols-path=https://queue.taskcluster.net/v1/task/I1iAdq48Sa60c5BCPWswkg/artifacts/public/build/firefox-52.8.2.en-US.linux-x86_64.crashreporter-symbols.zip', '--certificate-path=tests/certs', '--setpref=webgl.force-enabled=true', '--quiet', '--log-raw=/builds/slave/test/build/blobber_upload_dir/chrome-clipboard_raw.log', '--log-errorsummary=/builds/slave/test/build/blobber_upload_dir/chrome-clipboard_errorsummary.log', '--use-test-media-devices', '--screenshot-on-fail', '--cleanup-crashes', '--marionette-startup-timeout=180', '--log-raw=-', '--flavor=chrome', '--subsuite=clipboard'] in /builds/slave/test/build
16:57:51     INFO - Copy/paste: /builds/slave/test/build/venv/bin/python -u /builds/slave/test/build/tests/mochitest/runtests.py --appname=/builds/slave/test/build/application/firefox/firefox --utility-path=tests/bin --extra-profile-file=tests/bin/plugins --symbols-path=https://queue.taskcluster.net/v1/task/I1iAdq48Sa60c5BCPWswkg/artifacts/public/build/firefox-52.8.2.en-US.linux-x86_64.crashreporter-symbols.zip --certificate-path=tests/certs --setpref=webgl.force-enabled=true --quiet --log-raw=/builds/slave/test/build/blobber_upload_dir/chrome-clipboard_raw.log --log-errorsummary=/builds/slave/test/build/blobber_upload_dir/chrome-clipboard_errorsummary.log --use-test-media-devices --screenshot-on-fail --cleanup-crashes --marionette-startup-timeout=180 --log-raw=- --flavor=chrome --subsuite=clipboard
16:57:51     INFO - Using env: {'CCACHE_DIR': '/builds/ccache',
16:57:51     INFO -  'CCACHE_UMASK': '002',
16:57:51     INFO -  'DISPLAY': ':0',
16:57:51     INFO -  'HOME': '/home/cltbld',
16:57:51     INFO -  'LANG': 'en_US.UTF-8',
16:57:51     INFO -  'LOGNAME': 'cltbld',
16:57:51     INFO -  'MAIL': '/var/mail/cltbld',
16:57:51     INFO -  'MINIDUMP_SAVE_PATH': '/builds/slave/test/build/blobber_upload_dir',
16:57:51     INFO -  'MINIDUMP_STACKWALK': '/builds/slave/test/build/linux64-minidump_stackwalk',
16:57:51     INFO -  'MOZ_HIDE_RESULTS_TABLE': '1',
16:57:51     INFO -  'MOZ_NODE_PATH': '/builds/slave/test/build/node-linux-x64/bin/node',
16:57:51     INFO -  'MOZ_NO_REMOTE': '1',
16:57:51     INFO -  'MOZ_UPLOAD_DIR': '/builds/slave/test/build/blobber_upload_dir',
16:57:51     INFO -  'NODE_PATH': '/usr/lib/nodejs:/usr/lib/node_modules:/usr/share/javascript',
16:57:51     INFO -  'NO_FAIL_ON_TEST_ERRORS': '1',
16:57:51     INFO -  'PATH': '/builds/slave/test/build/venv/bin:/usr/local/bin:/usr/local/bin:/usr/bin:/bin:/usr/local/games:/usr/games',
16:57:51     INFO -  'PROPERTIES_FILE': '/builds/slave/test/buildprops.json',
16:57:51     INFO -  'PWD': '/builds/slave/test',
16:57:51     INFO -  'SHELL': '/bin/bash',
16:57:51     INFO -  'SHLVL': '1',
16:57:51     INFO -  'TERM': 'linux',
16:57:51     INFO -  'TMOUT': '86400',
16:57:51     INFO -  'USER': 'cltbld',
16:57:51     INFO -  'XDG_SESSION_COOKIE': '9ca12473fbb1d023794ffd180000023c-1528501966.728139-969065761',
16:57:51     INFO -  '_': '/tools/buildbot/bin/python'}
16:57:51     INFO - Calling ['/builds/slave/test/build/venv/bin/python', '-u', '/builds/slave/test/build/tests/mochitest/runtests.py', '--appname=/builds/slave/test/build/application/firefox/firefox', '--utility-path=tests/bin', '--extra-profile-file=tests/bin/plugins', '--symbols-path=https://queue.taskcluster.net/v1/task/I1iAdq48Sa60c5BCPWswkg/artifacts/public/build/firefox-52.8.2.en-US.linux-x86_64.crashreporter-symbols.zip', '--certificate-path=tests/certs', '--setpref=webgl.force-enabled=true', '--quiet', '--log-raw=/builds/slave/test/build/blobber_upload_dir/chrome-clipboard_raw.log', '--log-errorsummary=/builds/slave/test/build/blobber_upload_dir/chrome-clipboard_errorsummary.log', '--use-test-media-devices', '--screenshot-on-fail', '--cleanup-crashes', '--marionette-startup-timeout=180', '--log-raw=-', '--flavor=chrome', '--subsuite=clipboard'] with output_timeout 1000
16:57:52     INFO - Checking for orphan ssltunnel processes...
16:57:52     INFO - Checking for orphan xpcshell processes...
16:57:52     INFO - SUITE-START | Running 14 tests
16:57:52     INFO - TEST-START | widget/tests/test_bug466599.xul
16:57:52     INFO - TEST-SKIP | widget/tests/test_bug466599.xul | took 1ms
16:57:52     INFO - TEST-START | widget/tests/test_bug673301.xul
16:57:52     INFO - TEST-SKIP | widget/tests/test_bug673301.xul | took 1ms
16:57:52     INFO -  dir: dom/base/test
16:57:56     INFO -  ImportError: No module named pygtk
16:57:57     INFO -  Setting pipeline to PAUSED ...
16:57:57     INFO -  libv4l2: error getting pixformat: Invalid argument
16:57:57     INFO -  Pipeline is PREROLLING ...
16:57:57     INFO -  Pipeline is PREROLLED ...
16:57:57     INFO -  Setting pipeline to PLAYING ...
16:57:57     INFO -  New clock: GstSystemClock
16:57:57     INFO -  Got EOS from element "pipeline0".
16:57:57     INFO -  Execution ended after 32248617 ns.
16:57:57     INFO -  Setting pipeline to PAUSED ...
16:57:57     INFO -  Setting pipeline to READY ...
16:57:57     INFO -  Setting pipeline to NULL ...
16:57:57     INFO -  Freeing pipeline ...
16:57:57     INFO -  23
16:57:58     INFO -  mozprofile.addons WARNING | Could not install /builds/slave/test/build/tests/mochitest/extensions/mozscreenshots: [Errno 2] No such file or directory: '/builds/slave/test/build/tests/mochitest/extensions/mozscreenshots/install.rdf'
16:57:58     INFO -  pk12util: PKCS12 IMPORT SUCCESSFUL
16:57:58     INFO - MochitestServer : launching [u'/builds/slave/test/build/tests/bin/xpcshell', '-g', '/builds/slave/test/build/application/firefox', '-v', '170', '-f', '/builds/slave/test/build/tests/bin/components/httpd.js', '-e', "const _PROFILE_PATH = '/tmp/tmpee06SC.mozrunner'; const _SERVER_PORT = '8888'; const _SERVER_ADDR = '127.0.0.1'; const _TEST_PREFIX = undefined; const _DISPLAY_RESULTS = false;", '-f', '/builds/slave/test/build/tests/mochitest/server.js']
16:57:58     INFO - runtests.py | Server pid: 2398
16:57:58     INFO - runtests.py | Websocket server pid: 2401
16:57:58     INFO - runtests.py | SSL tunnel pid: 2404
16:57:59     INFO - runtests.py | Running with e10s: False
16:57:59     INFO - runtests.py | Running tests: start.
16:57:59     INFO - 
16:57:59     INFO - Application command: /builds/slave/test/build/application/firefox/firefox -marionette -foreground -profile /tmp/tmpee06SC.mozrunner
16:57:59     INFO - runtests.py | Application pid: 2426
16:57:59     INFO - TEST-INFO | started process Main app process
16:58:02     INFO - 1528502282226	Marionette	INFO	Listening on port 2828
16:58:06     INFO - SimpleTest START
16:58:06     INFO - TEST-START | dom/base/test/test_copypaste.xul
16:58:07     INFO - MEMORY STAT vsizeMaxContiguous not supported in this build configuration.
16:58:07     INFO - MEMORY STAT | vsize 1976MB | residentFast 228MB | heapAllocated 127MB
16:58:07     INFO - TEST-OK | dom/base/test/test_copypaste.xul | took 1090ms
16:58:07     INFO - TEST-START | Shutdown
16:58:07     INFO - Passed:  2
16:58:07     INFO - Failed:  0
16:58:07     INFO - Todo:    0
16:58:07     INFO - Mode:    non-e10s
16:58:07     INFO - Slowest: 1090ms - chrome://mochitests/content/chrome/dom/base/test/test_copypaste.xul
16:58:07     INFO - SimpleTest FINISHED
16:58:07     INFO - TEST-INFO | Ran 1 Loops
16:58:07     INFO - SimpleTest FINISHED
16:58:08     INFO - TEST-INFO | Main app process: exit 0
16:58:08     INFO - runtests.py | Application ran for: 0:00:09.937146
16:58:08     INFO - zombiecheck | Reading PID log: /tmp/tmpDOHujvpidlog
16:58:08     INFO - ==> process 2426 launched child process 2447
16:58:08     INFO - zombiecheck | Checking for orphan process with PID: 2447
16:58:08     INFO - Stopping web server
16:58:09     INFO - Stopping web socket server
16:58:09     INFO - Stopping ssltunnel
16:58:09  WARNING - leakcheck | refcount logging is off, so leaks can't be detected!
16:58:09     INFO - runtests.py | Running tests: end.
16:58:09     INFO - Buffered messages finished
16:58:09     INFO -  dir: toolkit/components/aboutmemory/tests
16:58:09     INFO -  Setting pipeline to PAUSED ...
16:58:09     INFO -  Pipeline is PREROLLING ...
16:58:09     INFO -  Pipeline is PREROLLED ...
16:58:09     INFO -  Setting pipeline to PLAYING ...
16:58:09     INFO -  New clock: GstSystemClock
16:58:09     INFO -  Got EOS from element "pipeline0".
16:58:09     INFO -  Execution ended after 32554720 ns.
16:58:09     INFO -  Setting pipeline to PAUSED ...
16:58:09     INFO -  Setting pipeline to READY ...
16:58:09     INFO -  Setting pipeline to NULL ...
16:58:09     INFO -  Freeing pipeline ...
16:58:09     INFO -  mozprofile.addons WARNING | Could not install /builds/slave/test/build/tests/mochitest/extensions/mozscreenshots: [Errno 2] No such file or directory: '/builds/slave/test/build/tests/mochitest/extensions/mozscreenshots/install.rdf'
16:58:09     INFO -  pk12util: PKCS12 IMPORT SUCCESSFUL
16:58:09     INFO - MochitestServer : launching [u'/builds/slave/test/build/tests/bin/xpcshell', '-g', '/builds/slave/test/build/application/firefox', '-v', '170', '-f', '/builds/slave/test/build/tests/bin/components/httpd.js', '-e', "const _PROFILE_PATH = '/tmp/tmpJzanlQ.mozrunner'; const _SERVER_PORT = '8888'; const _SERVER_ADDR = '127.0.0.1'; const _TEST_PREFIX = undefined; const _DISPLAY_RESULTS = false;", '-f', '/builds/slave/test/build/tests/mochitest/server.js']
16:58:09     INFO - runtests.py | Server pid: 2516
16:58:09     INFO - runtests.py | Websocket server pid: 2519
16:58:09     INFO - runtests.py | SSL tunnel pid: 2522
16:58:10     INFO - runtests.py | Running with e10s: False
16:58:10     INFO - runtests.py | Running tests: start.
16:58:10     INFO - 
16:58:10     INFO - Application command: /builds/slave/test/build/application/firefox/firefox -marionette -foreground -profile /tmp/tmpJzanlQ.mozrunner
16:58:10     INFO - runtests.py | Application pid: 2544
16:58:10     INFO - TEST-INFO | started process Main app process
16:58:13     INFO - 1528502293326	Marionette	INFO	Listening on port 2828
16:58:17     INFO - SimpleTest START
16:58:17     INFO - TEST-START | toolkit/components/aboutmemory/tests/test_aboutmemory.xul
16:58:18     INFO - [2544] WARNING: gtk_clipboard_set_with_data: assertion `targets != NULL' failed: 'glib warning', file /builds/slave/m-esr52-l64-000000000000000000/build/src/toolkit/xre/nsSigHandlers.cpp, line 142
16:58:18     INFO - (firefox:2544): Gtk-CRITICAL **: gtk_clipboard_set_with_data: assertion `targets != NULL' failed
16:58:18     INFO - [2544] WARNING: gtk_clipboard_set_with_data: assertion `targets != NULL' failed: 'glib warning', file /builds/slave/m-esr52-l64-000000000000000000/build/src/toolkit/xre/nsSigHandlers.cpp, line 142
16:58:18     INFO - (firefox:2544): Gtk-CRITICAL **: gtk_clipboard_set_with_data: assertion `targets != NULL' failed
16:58:18     INFO - MEMORY STAT vsizeMaxContiguous not supported in this build configuration.
16:58:18     INFO - MEMORY STAT | vsize 1973MB | residentFast 231MB | heapAllocated 125MB
16:58:18     INFO - TEST-OK | toolkit/components/aboutmemory/tests/test_aboutmemory.xul | took 1784ms
16:58:19     INFO - TEST-START | toolkit/components/aboutmemory/tests/test_aboutmemory2.xul
16:58:19     INFO - [2544] WARNING: gtk_clipboard_set_with_data: assertion `targets != NULL' failed: 'glib warning', file /builds/slave/m-esr52-l64-000000000000000000/build/src/toolkit/xre/nsSigHandlers.cpp, line 142
16:58:19     INFO - (firefox:2544): Gtk-CRITICAL **: gtk_clipboard_set_with_data: assertion `targets != NULL' failed
16:58:19     INFO - [2544] WARNING: gtk_clipboard_set_with_data: assertion `targets != NULL' failed: 'glib warning', file /builds/slave/m-esr52-l64-000000000000000000/build/src/toolkit/xre/nsSigHandlers.cpp, line 142
16:58:19     INFO - (firefox:2544): Gtk-CRITICAL **: gtk_clipboard_set_with_data: assertion `targets != NULL' failed
16:58:19     INFO - MEMORY STAT | vsize 1976MB | residentFast 234MB | heapAllocated 127MB
16:58:19     INFO - TEST-OK | toolkit/components/aboutmemory/tests/test_aboutmemory2.xul | took 570ms
16:58:19     INFO - TEST-START | toolkit/components/aboutmemory/tests/test_aboutmemory3.xul
16:58:19     INFO - [2544] WARNING: gtk_clipboard_set_with_data: assertion `targets != NULL' failed: 'glib warning', file /builds/slave/m-esr52-l64-000000000000000000/build/src/toolkit/xre/nsSigHandlers.cpp, line 142
16:58:19     INFO - (firefox:2544): Gtk-CRITICAL **: gtk_clipboard_set_with_data: assertion `targets != NULL' failed
16:58:19     INFO - [2544] WARNING: gtk_clipboard_set_with_data: assertion `targets != NULL' failed: 'glib warning', file /builds/slave/m-esr52-l64-000000000000000000/build/src/toolkit/xre/nsSigHandlers.cpp, line 142
16:58:19     INFO - (firefox:2544): Gtk-CRITICAL **: gtk_clipboard_set_with_data: assertion `targets != NULL' failed
16:58:20     INFO - [2544] WARNING: gtk_clipboard_set_with_data: assertion `targets != NULL' failed: 'glib warning', file /builds/slave/m-esr52-l64-000000000000000000/build/src/toolkit/xre/nsSigHandlers.cpp, line 142
16:58:20     INFO - (firefox:2544): Gtk-CRITICAL **: gtk_clipboard_set_with_data: assertion `targets != NULL' failed
16:58:20     INFO - [2544] WARNING: gtk_clipboard_set_with_data: assertion `targets != NULL' failed: 'glib warning', file /builds/slave/m-esr52-l64-000000000000000000/build/src/toolkit/xre/nsSigHandlers.cpp, line 142
16:58:20     INFO - (firefox:2544): Gtk-CRITICAL **: gtk_clipboard_set_with_data: assertion `targets != NULL' failed
16:58:20     INFO - [2544] WARNING: gtk_clipboard_set_with_data: assertion `targets != NULL' failed: 'glib warning', file /builds/slave/m-esr52-l64-000000000000000000/build/src/toolkit/xre/nsSigHandlers.cpp, line 142
16:58:20     INFO - (firefox:2544): Gtk-CRITICAL **: gtk_clipboard_set_with_data: assertion `targets != NULL' failed
16:58:20     INFO - [2544] WARNING: gtk_clipboard_set_with_data: assertion `targets != NULL' failed: 'glib warning', file /builds/slave/m-esr52-l64-000000000000000000/build/src/toolkit/xre/nsSigHandlers.cpp, line 142
16:58:20     INFO - (firefox:2544): Gtk-CRITICAL **: gtk_clipboard_set_with_data: assertion `targets != NULL' failed
16:58:20     INFO - [2544] WARNING: gtk_clipboard_set_with_data: assertion `targets != NULL' failed: 'glib warning', file /builds/slave/m-esr52-l64-000000000000000000/build/src/toolkit/xre/nsSigHandlers.cpp, line 142
16:58:20     INFO - (firefox:2544): Gtk-CRITICAL **: gtk_clipboard_set_with_data: assertion `targets != NULL' failed
16:58:20     INFO - MEMORY STAT | vsize 1982MB | residentFast 241MB | heapAllocated 132MB
16:58:20     INFO - TEST-OK | toolkit/components/aboutmemory/tests/test_aboutmemory3.xul | took 1048ms
16:58:20     INFO - TEST-START | toolkit/components/aboutmemory/tests/test_aboutmemory4.xul
16:58:21     INFO - MEMORY STAT | vsize 1995MB | residentFast 246MB | heapAllocated 135MB
16:58:21     INFO - TEST-OK | toolkit/components/aboutmemory/tests/test_aboutmemory4.xul | took 484ms
16:58:21     INFO - TEST-START | toolkit/components/aboutmemory/tests/test_aboutmemory5.xul
16:58:26     INFO - [Parent 2544] WARNING: gtk_clipboard_set_with_data: assertion `targets != NULL' failed: 'glib warning', file /builds/slave/m-esr52-l64-000000000000000000/build/src/toolkit/xre/nsSigHandlers.cpp, line 142
16:58:26     INFO - (firefox:2544): Gtk-CRITICAL **: gtk_clipboard_set_with_data: assertion `targets != NULL' failed
16:58:31     INFO - [Parent 2544] WARNING: gtk_clipboard_set_with_data: assertion `targets != NULL' failed: 'glib warning', file /builds/slave/m-esr52-l64-000000000000000000/build/src/toolkit/xre/nsSigHandlers.cpp, line 142
16:58:31     INFO - (firefox:2544): Gtk-CRITICAL **: gtk_clipboard_set_with_data: assertion `targets != NULL' failed
16:58:31     INFO - MEMORY STAT | vsize 2111MB | residentFast 342MB | heapAllocated 205MB
16:58:31     INFO - TEST-OK | toolkit/components/aboutmemory/tests/test_aboutmemory5.xul | took 10326ms
16:58:31     INFO - TEST-START | Shutdown
16:58:31     INFO - Passed:  25
16:58:31     INFO - Failed:  0
16:58:31     INFO - Todo:    0
16:58:31     INFO - Mode:    non-e10s
16:58:31     INFO - Slowest: 10326ms - chrome://mochitests/content/chrome/toolkit/components/aboutmemory/tests/test_aboutmemory5.xul
16:58:31     INFO - SimpleTest FINISHED
16:58:31     INFO - TEST-INFO | Ran 1 Loops
16:58:31     INFO - SimpleTest FINISHED
16:58:33     INFO - TEST-INFO | Main app process: exit 0
16:58:33     INFO - runtests.py | Application ran for: 0:00:23.119476
16:58:33     INFO - zombiecheck | Reading PID log: /tmp/tmpAp_IDSpidlog
16:58:33     INFO - ==> process 2544 launched child process 2565
16:58:33     INFO - ==> process 2544 launched child process 2609
16:58:33     INFO - ==> process 2544 launched child process 2615
16:58:33     INFO - ==> process 2544 launched child process 2621
16:58:33     INFO - zombiecheck | Checking for orphan process with PID: 2565
16:58:33     INFO - zombiecheck | Checking for orphan process with PID: 2609
16:58:33     INFO - zombiecheck | Checking for orphan process with PID: 2615
16:58:33     INFO - zombiecheck | Checking for orphan process with PID: 2621
16:58:33     INFO - Stopping web server
16:58:33     INFO - Stopping web socket server
16:58:33     INFO - Stopping ssltunnel
16:58:33  WARNING - leakcheck | refcount logging is off, so leaks can't be detected!
16:58:33     INFO - runtests.py | Running tests: end.
16:58:33     INFO - Buffered messages finished
16:58:33     INFO -  dir: toolkit/content/tests/chrome
16:58:33     INFO -  Setting pipeline to PAUSED ...
16:58:33     INFO -  Pipeline is PREROLLING ...
16:58:33     INFO -  Pipeline is PREROLLED ...
16:58:33     INFO -  Setting pipeline to PLAYING ...
16:58:33     INFO -  New clock: GstSystemClock
16:58:33     INFO -  Got EOS from element "pipeline0".
16:58:33     INFO -  Execution ended after 32586671 ns.
16:58:33     INFO -  Setting pipeline to PAUSED ...
16:58:33     INFO -  Setting pipeline to READY ...
16:58:33     INFO -  Setting pipeline to NULL ...
16:58:33     INFO -  Freeing pipeline ...
16:58:33     INFO -  mozprofile.addons WARNING | Could not install /builds/slave/test/build/tests/mochitest/extensions/mozscreenshots: [Errno 2] No such file or directory: '/builds/slave/test/build/tests/mochitest/extensions/mozscreenshots/install.rdf'
16:58:34     INFO -  pk12util: PKCS12 IMPORT SUCCESSFUL
16:58:34     INFO - MochitestServer : launching [u'/builds/slave/test/build/tests/bin/xpcshell', '-g', '/builds/slave/test/build/application/firefox', '-v', '170', '-f', '/builds/slave/test/build/tests/bin/components/httpd.js', '-e', "const _PROFILE_PATH = '/tmp/tmp5sw1GK.mozrunner'; const _SERVER_PORT = '8888'; const _SERVER_ADDR = '127.0.0.1'; const _TEST_PREFIX = undefined; const _DISPLAY_RESULTS = false;", '-f', '/builds/slave/test/build/tests/mochitest/server.js']
16:58:34     INFO - runtests.py | Server pid: 2705
16:58:34     INFO - runtests.py | Websocket server pid: 2708
16:58:34     INFO - runtests.py | SSL tunnel pid: 2711
16:58:34     INFO - runtests.py | Running with e10s: False
16:58:34     INFO - runtests.py | Running tests: start.
16:58:34     INFO - 
16:58:34     INFO - Application command: /builds/slave/test/build/application/firefox/firefox -marionette -foreground -profile /tmp/tmp5sw1GK.mozrunner
16:58:34     INFO - runtests.py | Application pid: 2733
16:58:34     INFO - TEST-INFO | started process Main app process
16:58:37     INFO - 1528502317776	Marionette	INFO	Listening on port 2828
16:58:41     INFO - SimpleTest START
16:58:41     INFO - TEST-START | toolkit/content/tests/chrome/test_autocomplete_delayOnPaste.xul
16:58:43     INFO - MEMORY STAT vsizeMaxContiguous not supported in this build configuration.
16:58:43     INFO - MEMORY STAT | vsize 1965MB | residentFast 223MB | heapAllocated 119MB
16:58:43     INFO - TEST-OK | toolkit/content/tests/chrome/test_autocomplete_delayOnPaste.xul | took 2170ms
16:58:43     INFO - TEST-START | toolkit/content/tests/chrome/test_bug253481.xul
16:58:44     INFO - MEMORY STAT | vsize 1967MB | residentFast 225MB | heapAllocated 121MB
16:58:44     INFO - TEST-OK | toolkit/content/tests/chrome/test_bug253481.xul | took 218ms
16:58:44     INFO - TEST-START | toolkit/content/tests/chrome/test_findbar.xul
16:59:30     INFO - MEMORY STAT | vsize 2010MB | residentFast 209MB | heapAllocated 90MB
16:59:30     INFO - TEST-OK | toolkit/content/tests/chrome/test_findbar.xul | took 46300ms
16:59:30     INFO - TEST-START | Shutdown
16:59:30     INFO - Passed:  212
16:59:30     INFO - Failed:  0
16:59:30     INFO - Todo:    0
16:59:30     INFO - Mode:    non-e10s
16:59:30     INFO - Slowest: 46300ms - chrome://mochitests/content/chrome/toolkit/content/tests/chrome/test_findbar.xul
16:59:30     INFO - SimpleTest FINISHED
16:59:30     INFO - TEST-INFO | Ran 1 Loops
16:59:30     INFO - SimpleTest FINISHED
16:59:31     INFO - TEST-INFO | Main app process: exit 0
16:59:31     INFO - runtests.py | Application ran for: 0:00:57.229324
16:59:31     INFO - zombiecheck | Reading PID log: /tmp/tmpU_BnZvpidlog
16:59:31     INFO - ==> process 2733 launched child process 2754
16:59:31     INFO - ==> process 2733 launched child process 2796
16:59:31     INFO - zombiecheck | Checking for orphan process with PID: 2754
16:59:31     INFO - zombiecheck | Checking for orphan process with PID: 2796
16:59:31     INFO - Stopping web server
16:59:32     INFO - Stopping web socket server
16:59:32     INFO - Stopping ssltunnel
16:59:32  WARNING - leakcheck | refcount logging is off, so leaks can't be detected!
16:59:32     INFO - runtests.py | Running tests: end.
16:59:32     INFO - Buffered messages finished
16:59:32     INFO -  dir: widget/tests
16:59:32     INFO -  Setting pipeline to PAUSED ...
16:59:32     INFO -  Pipeline is PREROLLING ...
16:59:32     INFO -  Pipeline is PREROLLED ...
16:59:32     INFO -  Setting pipeline to PLAYING ...
16:59:32     INFO -  New clock: GstSystemClock
16:59:32     INFO -  Got EOS from element "pipeline0".
16:59:32     INFO -  Execution ended after 31335472 ns.
16:59:32     INFO -  Setting pipeline to PAUSED ...
16:59:32     INFO -  Setting pipeline to READY ...
16:59:32     INFO -  Setting pipeline to NULL ...
16:59:32     INFO -  Freeing pipeline ...
16:59:32     INFO -  mozprofile.addons WARNING | Could not install /builds/slave/test/build/tests/mochitest/extensions/mozscreenshots: [Errno 2] No such file or directory: '/builds/slave/test/build/tests/mochitest/extensions/mozscreenshots/install.rdf'
16:59:32     INFO -  pk12util: PKCS12 IMPORT SUCCESSFUL
16:59:32     INFO - MochitestServer : launching [u'/builds/slave/test/build/tests/bin/xpcshell', '-g', '/builds/slave/test/build/application/firefox', '-v', '170', '-f', '/builds/slave/test/build/tests/bin/components/httpd.js', '-e', "const _PROFILE_PATH = '/tmp/tmpLAPjvH.mozrunner'; const _SERVER_PORT = '8888'; const _SERVER_ADDR = '127.0.0.1'; const _TEST_PREFIX = undefined; const _DISPLAY_RESULTS = false;", '-f', '/builds/slave/test/build/tests/mochitest/server.js']
16:59:32     INFO - runtests.py | Server pid: 2852
16:59:32     INFO - runtests.py | Websocket server pid: 2855
16:59:32     INFO - runtests.py | SSL tunnel pid: 2858
16:59:33     INFO - runtests.py | Running with e10s: False
16:59:33     INFO - runtests.py | Running tests: start.
16:59:33     INFO - 
16:59:33     INFO - Application command: /builds/slave/test/build/application/firefox/firefox -marionette -foreground -profile /tmp/tmpLAPjvH.mozrunner
16:59:33     INFO - runtests.py | Application pid: 2880
16:59:33     INFO - TEST-INFO | started process Main app process
16:59:36     INFO - 1528502376328	Marionette	INFO	Listening on port 2828
16:59:40     INFO - SimpleTest START
16:59:40     INFO - TEST-START | widget/tests/test_bug1123480.xul
16:59:41     INFO - MEMORY STAT vsizeMaxContiguous not supported in this build configuration.
16:59:41     INFO - MEMORY STAT | vsize 1978MB | residentFast 230MB | heapAllocated 123MB
16:59:41     INFO - TEST-OK | widget/tests/test_bug1123480.xul | took 1346ms
16:59:41     INFO - TEST-START | widget/tests/test_bug444800.xul
16:59:41     INFO - MEMORY STAT | vsize 1983MB | residentFast 234MB | heapAllocated 125MB
16:59:41     INFO - TEST-OK | widget/tests/test_bug444800.xul | took 140ms
16:59:41     INFO - TEST-START | widget/tests/test_clipboard.xul
16:59:41     INFO - MEMORY STAT | vsize 1984MB | residentFast 235MB | heapAllocated 125MB
16:59:41     INFO - TEST-OK | widget/tests/test_clipboard.xul | took 64ms
16:59:41     INFO - TEST-START | Shutdown
16:59:41     INFO - Passed:  21
16:59:41     INFO - Failed:  0
16:59:41     INFO - Todo:    0
16:59:41     INFO - Mode:    non-e10s
16:59:41     INFO - Slowest: 1346ms - chrome://mochitests/content/chrome/widget/tests/test_bug1123480.xul
16:59:41     INFO - SimpleTest FINISHED
16:59:41     INFO - TEST-INFO | Ran 1 Loops
16:59:41     INFO - SimpleTest FINISHED
16:59:43     INFO - TEST-INFO | Main app process: exit 0
16:59:43     INFO - runtests.py | Application ran for: 0:00:10.063978
16:59:43     INFO - zombiecheck | Reading PID log: /tmp/tmpM2roLFpidlog
16:59:43     INFO - ==> process 2880 launched child process 2901
16:59:43     INFO - zombiecheck | Checking for orphan process with PID: 2901
16:59:43     INFO - Stopping web server
16:59:43     INFO - Stopping web socket server
16:59:43     INFO - Stopping ssltunnel
16:59:43  WARNING - leakcheck | refcount logging is off, so leaks can't be detected!
16:59:43     INFO - runtests.py | Running tests: end.
16:59:43     INFO - Buffered messages finished
16:59:43     INFO -  0 INFO TEST-START | Shutdown
16:59:43     INFO -  1 INFO Passed:  260
16:59:43     INFO -  2 INFO Failed:  0
16:59:43     INFO -  3 INFO Todo:    0
16:59:43     INFO -  4 INFO Mode:    non-e10s
16:59:43     INFO -  5 INFO SimpleTest FINISHED
16:59:43     INFO - Buffered messages finished
16:59:43     INFO - SUITE-END | took 111s
16:59:43     INFO - Return code: 0
16:59:43     INFO - TinderboxPrint: mochitest-chrome-clipboard<br/>14/0/0
16:59:43  WARNING - # TBPL SUCCESS #
16:59:43  WARNING - The mochitest suite: chrome-clipboard ran with return status: SUCCESS
16:59:43     INFO - Structured output parser in use for mochitest.
16:59:43     INFO - ENV: MOZ_UPLOAD_DIR is now /builds/slave/test/build/blobber_upload_dir
16:59:43     INFO - ENV: MINIDUMP_STACKWALK is now /builds/slave/test/build/linux64-minidump_stackwalk
16:59:43     INFO - ENV: MOZ_NODE_PATH is now /builds/slave/test/build/node-linux-x64/bin/node
16:59:43     INFO - ENV: MINIDUMP_SAVE_PATH is now /builds/slave/test/build/blobber_upload_dir
16:59:43     INFO - Running command: ['/builds/slave/test/build/venv/bin/python', '-u', '/builds/slave/test/build/tests/mochitest/runtests.py', '--appname=/builds/slave/test/build/application/firefox/firefox', '--utility-path=tests/bin', '--extra-profile-file=tests/bin/plugins', '--symbols-path=https://queue.taskcluster.net/v1/task/I1iAdq48Sa60c5BCPWswkg/artifacts/public/build/firefox-52.8.2.en-US.linux-x86_64.crashreporter-symbols.zip', '--certificate-path=tests/certs', '--setpref=webgl.force-enabled=true', '--quiet', '--log-raw=/builds/slave/test/build/blobber_upload_dir/browser-chrome-clipboard_raw.log', '--log-errorsummary=/builds/slave/test/build/blobber_upload_dir/browser-chrome-clipboard_errorsummary.log', '--use-test-media-devices', '--screenshot-on-fail', '--cleanup-crashes', '--marionette-startup-timeout=180', '--log-raw=-', '--flavor=browser', '--subsuite=clipboard'] in /builds/slave/test/build
16:59:43     INFO - Copy/paste: /builds/slave/test/build/venv/bin/python -u /builds/slave/test/build/tests/mochitest/runtests.py --appname=/builds/slave/test/build/application/firefox/firefox --utility-path=tests/bin --extra-profile-file=tests/bin/plugins --symbols-path=https://queue.taskcluster.net/v1/task/I1iAdq48Sa60c5BCPWswkg/artifacts/public/build/firefox-52.8.2.en-US.linux-x86_64.crashreporter-symbols.zip --certificate-path=tests/certs --setpref=webgl.force-enabled=true --quiet --log-raw=/builds/slave/test/build/blobber_upload_dir/browser-chrome-clipboard_raw.log --log-errorsummary=/builds/slave/test/build/blobber_upload_dir/browser-chrome-clipboard_errorsummary.log --use-test-media-devices --screenshot-on-fail --cleanup-crashes --marionette-startup-timeout=180 --log-raw=- --flavor=browser --subsuite=clipboard
16:59:43     INFO - Using env: {'CCACHE_DIR': '/builds/ccache',
16:59:43     INFO -  'CCACHE_UMASK': '002',
16:59:43     INFO -  'DISPLAY': ':0',
16:59:43     INFO -  'HOME': '/home/cltbld',
16:59:43     INFO -  'LANG': 'en_US.UTF-8',
16:59:43     INFO -  'LOGNAME': 'cltbld',
16:59:43     INFO -  'MAIL': '/var/mail/cltbld',
16:59:43     INFO -  'MINIDUMP_SAVE_PATH': '/builds/slave/test/build/blobber_upload_dir',
16:59:43     INFO -  'MINIDUMP_STACKWALK': '/builds/slave/test/build/linux64-minidump_stackwalk',
16:59:43     INFO -  'MOZ_HIDE_RESULTS_TABLE': '1',
16:59:43     INFO -  'MOZ_NODE_PATH': '/builds/slave/test/build/node-linux-x64/bin/node',
16:59:43     INFO -  'MOZ_NO_REMOTE': '1',
16:59:43     INFO -  'MOZ_UPLOAD_DIR': '/builds/slave/test/build/blobber_upload_dir',
16:59:43     INFO -  'NODE_PATH': '/usr/lib/nodejs:/usr/lib/node_modules:/usr/share/javascript',
16:59:43     INFO -  'NO_FAIL_ON_TEST_ERRORS': '1',
16:59:43     INFO -  'PATH': '/builds/slave/test/build/venv/bin:/usr/local/bin:/usr/local/bin:/usr/bin:/bin:/usr/local/games:/usr/games',
16:59:43     INFO -  'PROPERTIES_FILE': '/builds/slave/test/buildprops.json',
16:59:43     INFO -  'PWD': '/builds/slave/test',
16:59:43     INFO -  'SHELL': '/bin/bash',
16:59:43     INFO -  'SHLVL': '1',
16:59:43     INFO -  'TERM': 'linux',
16:59:43     INFO -  'TMOUT': '86400',
16:59:43     INFO -  'USER': 'cltbld',
16:59:43     INFO -  'XDG_SESSION_COOKIE': '9ca12473fbb1d023794ffd180000023c-1528501966.728139-969065761',
16:59:43     INFO -  '_': '/tools/buildbot/bin/python'}
16:59:43     INFO - Calling ['/builds/slave/test/build/venv/bin/python', '-u', '/builds/slave/test/build/tests/mochitest/runtests.py', '--appname=/builds/slave/test/build/application/firefox/firefox', '--utility-path=tests/bin', '--extra-profile-file=tests/bin/plugins', '--symbols-path=https://queue.taskcluster.net/v1/task/I1iAdq48Sa60c5BCPWswkg/artifacts/public/build/firefox-52.8.2.en-US.linux-x86_64.crashreporter-symbols.zip', '--certificate-path=tests/certs', '--setpref=webgl.force-enabled=true', '--quiet', '--log-raw=/builds/slave/test/build/blobber_upload_dir/browser-chrome-clipboard_raw.log', '--log-errorsummary=/builds/slave/test/build/blobber_upload_dir/browser-chrome-clipboard_errorsummary.log', '--use-test-media-devices', '--screenshot-on-fail', '--cleanup-crashes', '--marionette-startup-timeout=180', '--log-raw=-', '--flavor=browser', '--subsuite=clipboard'] with output_timeout 1000
16:59:44     INFO - Checking for orphan ssltunnel processes...
16:59:44     INFO - Checking for orphan xpcshell processes...
16:59:44     INFO - mozcrash Removed pending crash reports at '/home/cltbld/.mozilla/firefox/Crash Reports'
16:59:44     INFO - SUITE-START | Running 63 tests
16:59:44     INFO - TEST-START | browser/base/content/test/general/browser_bug1261299.js
16:59:44     INFO - TEST-SKIP | browser/base/content/test/general/browser_bug1261299.js | took 0ms
16:59:44     INFO - TEST-START | browser/base/content/test/general/browser_bug321000.js
16:59:44     INFO - TEST-SKIP | browser/base/content/test/general/browser_bug321000.js | took 0ms
16:59:44     INFO - TEST-START | browser/base/content/test/general/browser_bug537013.js
16:59:44     INFO - TEST-SKIP | browser/base/content/test/general/browser_bug537013.js | took 0ms
16:59:44     INFO - TEST-START | browser/base/content/test/general/browser_contextmenu.js
16:59:44     INFO - TEST-SKIP | browser/base/content/test/general/browser_contextmenu.js | took 0ms
16:59:44     INFO - TEST-START | browser/base/content/test/newtab/browser_newtab_drag_drop_ext.js
16:59:44     INFO - TEST-SKIP | browser/base/content/test/newtab/browser_newtab_drag_drop_ext.js | took 0ms
16:59:44     INFO - TEST-START | browser/base/content/test/newtab/browser_newtab_undo.js
16:59:44     INFO - TEST-SKIP | browser/base/content/test/newtab/browser_newtab_undo.js | took 0ms
16:59:44     INFO - TEST-START | browser/components/customizableui/test/browser_947914_button_copy.js
16:59:44     INFO - TEST-SKIP | browser/components/customizableui/test/browser_947914_button_copy.js | took 0ms
16:59:44     INFO - TEST-START | browser/components/customizableui/test/browser_947914_button_cut.js
16:59:44     INFO - TEST-SKIP | browser/components/customizableui/test/browser_947914_button_cut.js | took 0ms
16:59:44     INFO - TEST-START | browser/components/customizableui/test/browser_947914_button_paste.js
16:59:44     INFO - TEST-SKIP | browser/components/customizableui/test/browser_947914_button_paste.js | took 0ms
16:59:44     INFO - TEST-START | devtools/client/commandline/test/browser_cmd_screenshot.js
16:59:44     INFO - TEST-SKIP | devtools/client/commandline/test/browser_cmd_screenshot.js | took 0ms
16:59:44     INFO -  dir: browser/base/content/test/general
16:59:44     INFO -  Setting pipeline to PAUSED ...
16:59:44     INFO -  Pipeline is PREROLLING ...
16:59:44     INFO -  Pipeline is PREROLLED ...
16:59:44     INFO -  Setting pipeline to PLAYING ...
16:59:44     INFO -  New clock: GstSystemClock
16:59:44     INFO -  Got EOS from element "pipeline0".
16:59:44     INFO -  Execution ended after 32578214 ns.
16:59:44     INFO -  Setting pipeline to PAUSED ...
16:59:44     INFO -  Setting pipeline to READY ...
16:59:44     INFO -  Setting pipeline to NULL ...
16:59:44     INFO -  Freeing pipeline ...
16:59:44     INFO -  mozprofile.addons WARNING | Could not install /builds/slave/test/build/tests/mochitest/extensions/mozscreenshots: [Errno 2] No such file or directory: '/builds/slave/test/build/tests/mochitest/extensions/mozscreenshots/install.rdf'
16:59:45     INFO -  pk12util: PKCS12 IMPORT SUCCESSFUL
16:59:45     INFO - MochitestServer : launching [u'/builds/slave/test/build/tests/bin/xpcshell', '-g', '/builds/slave/test/build/application/firefox', '-v', '170', '-f', '/builds/slave/test/build/tests/bin/components/httpd.js', '-e', "const _PROFILE_PATH = '/tmp/tmpOfnYp2.mozrunner'; const _SERVER_PORT = '8888'; const _SERVER_ADDR = '127.0.0.1'; const _TEST_PREFIX = undefined; const _DISPLAY_RESULTS = false;", '-f', '/builds/slave/test/build/tests/mochitest/server.js']
16:59:45     INFO - runtests.py | Server pid: 2990
16:59:45     INFO - runtests.py | Websocket server pid: 2993
16:59:45     INFO - runtests.py | SSL tunnel pid: 2996
16:59:45     INFO - runtests.py | Running with e10s: True
16:59:45     INFO - runtests.py | Running tests: start.
16:59:45     INFO - 
16:59:45     INFO - Application command: /builds/slave/test/build/application/firefox/firefox -marionette -foreground -profile /tmp/tmpOfnYp2.mozrunner
16:59:45     INFO - runtests.py | Application pid: 3018
16:59:45     INFO - TEST-INFO | started process Main app process
16:59:48     INFO - 1528502388950	Marionette	INFO	Listening on port 2828
16:59:54     INFO - *** Start BrowserChrome Test Results ***
16:59:54     INFO - checking window state
16:59:54     INFO - TEST-START | browser/base/content/test/general/browser_bug567306.js
16:59:56     INFO - MEMORY STAT vsizeMaxContiguous not supported in this build configuration.
16:59:56     INFO - MEMORY STAT | vsize 2023MB | residentFast 251MB | heapAllocated 132MB
16:59:56     INFO - TEST-OK | browser/base/content/test/general/browser_bug567306.js | took 1638ms
16:59:56     INFO - checking window state
16:59:56     INFO - TEST-START | browser/base/content/test/general/browser_clipboard.js
16:59:57     INFO - MEMORY STAT | vsize 2106MB | residentFast 266MB | heapAllocated 143MB
16:59:57     INFO - TEST-OK | browser/base/content/test/general/browser_clipboard.js | took 1452ms
16:59:57     INFO - checking window state
16:59:57     INFO - TEST-START | browser/base/content/test/general/browser_middleMouse_noJSPaste.js
16:59:58     INFO - JavaScript error: chrome://browser/content/browser.js, line 5679: TypeError: event.stopPropagation is not a function
16:59:58     INFO - MEMORY STAT | vsize 2107MB | residentFast 253MB | heapAllocated 127MB
16:59:58     INFO - TEST-OK | browser/base/content/test/general/browser_middleMouse_noJSPaste.js | took 1164ms
16:59:59     INFO - checking window state
17:00:01     INFO - Completed ShutdownLeaks collections in process 3071
17:00:03     INFO - Completed ShutdownLeaks collections in process 3018
17:00:03     INFO - TEST-START | Shutdown
17:00:03     INFO - Browser Chrome Test Summary
17:00:03     INFO - Passed:  21
17:00:03     INFO - Failed:  0
17:00:03     INFO - Todo:    0
17:00:03     INFO - Mode:    e10s
17:00:03     INFO - *** End BrowserChrome Test Results ***
17:00:05     INFO - TEST-INFO | Main app process: exit 0
17:00:05     INFO - runtests.py | Application ran for: 0:00:19.211256
17:00:05     INFO - zombiecheck | Reading PID log: /tmp/tmpj4m2Zxpidlog
17:00:05     INFO - ==> process 3018 launched child process 3039
17:00:05     INFO - ==> process 3018 launched child process 3071
17:00:05     INFO - zombiecheck | Checking for orphan process with PID: 3039
17:00:05     INFO - zombiecheck | Checking for orphan process with PID: 3071
17:00:05     INFO - Stopping web server
17:00:05     INFO - Stopping web socket server
17:00:05     INFO - Stopping ssltunnel
17:00:05  WARNING - leakcheck | refcount logging is off, so leaks can't be detected!
17:00:05     INFO - runtests.py | Running tests: end.
17:00:05     INFO - Buffered messages finished
17:00:05     INFO -  dir: browser/base/content/test/urlbar
17:00:05     INFO -  Setting pipeline to PAUSED ...
17:00:05     INFO -  Pipeline is PREROLLING ...
17:00:05     INFO -  Pipeline is PREROLLED ...
17:00:05     INFO -  Setting pipeline to PLAYING ...
17:00:05     INFO -  New clock: GstSystemClock
17:00:05     INFO -  Got EOS from element "pipeline0".
17:00:05     INFO -  Execution ended after 32580382 ns.
17:00:05     INFO -  Setting pipeline to PAUSED ...
17:00:05     INFO -  Setting pipeline to READY ...
17:00:05     INFO -  Setting pipeline to NULL ...
17:00:05     INFO -  Freeing pipeline ...
17:00:05     INFO -  mozprofile.addons WARNING | Could not install /builds/slave/test/build/tests/mochitest/extensions/mozscreenshots: [Errno 2] No such file or directory: '/builds/slave/test/build/tests/mochitest/extensions/mozscreenshots/install.rdf'
17:00:05     INFO -  pk12util: PKCS12 IMPORT SUCCESSFUL
17:00:05     INFO - MochitestServer : launching [u'/builds/slave/test/build/tests/bin/xpcshell', '-g', '/builds/slave/test/build/application/firefox', '-v', '170', '-f', '/builds/slave/test/build/tests/bin/components/httpd.js', '-e', "const _PROFILE_PATH = '/tmp/tmppTbIEo.mozrunner'; const _SERVER_PORT = '8888'; const _SERVER_ADDR = '127.0.0.1'; const _TEST_PREFIX = undefined; const _DISPLAY_RESULTS = false;", '-f', '/builds/slave/test/build/tests/mochitest/server.js']
17:00:05     INFO - runtests.py | Server pid: 3134
17:00:05     INFO - runtests.py | Websocket server pid: 3137
17:00:06     INFO - runtests.py | SSL tunnel pid: 3140
17:00:06     INFO - runtests.py | Running with e10s: True
17:00:06     INFO - runtests.py | Running tests: start.
17:00:06     INFO - 
17:00:06     INFO - Application command: /builds/slave/test/build/application/firefox/firefox -marionette -foreground -profile /tmp/tmppTbIEo.mozrunner
17:00:06     INFO - runtests.py | Application pid: 3162
17:00:06     INFO - TEST-INFO | started process Main app process
17:00:09     INFO - 1528502409518	Marionette	INFO	Listening on port 2828
17:00:14     INFO - *** Start BrowserChrome Test Results ***
17:00:14     INFO - checking window state
17:00:15     INFO - TEST-START | browser/base/content/test/urlbar/browser_bug556061.js
17:00:15     INFO - MEMORY STAT vsizeMaxContiguous not supported in this build configuration.
17:00:15     INFO - MEMORY STAT | vsize 1998MB | residentFast 235MB | heapAllocated 124MB
17:00:15     INFO - TEST-OK | browser/base/content/test/urlbar/browser_bug556061.js | took 422ms
17:00:15     INFO - checking window state
17:00:15     INFO - TEST-START | browser/base/content/test/urlbar/browser_removeUnsafeProtocolsFromURLBarPaste.js
17:00:16     INFO - MEMORY STAT | vsize 2015MB | residentFast 244MB | heapAllocated 129MB
17:00:16     INFO - TEST-OK | browser/base/content/test/urlbar/browser_removeUnsafeProtocolsFromURLBarPaste.js | took 606ms
17:00:16     INFO - checking window state
17:00:16     INFO - TEST-START | browser/base/content/test/urlbar/browser_urlbarCopying.js
17:00:21     INFO - MEMORY STAT | vsize 2030MB | residentFast 221MB | heapAllocated 101MB
17:00:21     INFO - TEST-OK | browser/base/content/test/urlbar/browser_urlbarCopying.js | took 4572ms
17:00:21     INFO - checking window state
17:00:21     INFO - TEST-START | browser/base/content/test/urlbar/browser_urlbarTrimURLs.js
17:00:22     INFO - MEMORY STAT | vsize 2030MB | residentFast 224MB | heapAllocated 103MB
17:00:22     INFO - TEST-OK | browser/base/content/test/urlbar/browser_urlbarTrimURLs.js | took 1186ms
17:00:22     INFO - checking window state
17:00:22     INFO - TEST-START | browser/base/content/test/urlbar/browser_wyciwyg_urlbarCopying.js
17:00:23     INFO - MEMORY STAT | vsize 2030MB | residentFast 226MB | heapAllocated 105MB
17:00:23     INFO - TEST-OK | browser/base/content/test/urlbar/browser_wyciwyg_urlbarCopying.js | took 1256ms
17:00:23     INFO - checking window state
17:00:25     INFO - Completed ShutdownLeaks collections in process 3217
17:00:27     INFO - Completed ShutdownLeaks collections in process 3162
17:00:27     INFO - TEST-START | Shutdown
17:00:27     INFO - Browser Chrome Test Summary
17:00:27     INFO - Passed:  117
17:00:27     INFO - Failed:  0
17:00:27     INFO - Todo:    0
17:00:27     INFO - Mode:    e10s
17:00:27     INFO - *** End BrowserChrome Test Results ***
17:00:29     INFO - TEST-INFO | Main app process: exit 0
17:00:29     INFO - runtests.py | Application ran for: 0:00:22.863048
17:00:29     INFO - zombiecheck | Reading PID log: /tmp/tmpbzmnYlpidlog
17:00:29     INFO - ==> process 3162 launched child process 3183
17:00:29     INFO - ==> process 3162 launched child process 3217
17:00:29     INFO - zombiecheck | Checking for orphan process with PID: 3183
17:00:29     INFO - zombiecheck | Checking for orphan process with PID: 3217
17:00:29     INFO - Stopping web server
17:00:29     INFO - Stopping web socket server
17:00:29     INFO - Stopping ssltunnel
17:00:29  WARNING - leakcheck | refcount logging is off, so leaks can't be detected!
17:00:29     INFO - runtests.py | Running tests: end.
17:00:29     INFO - Buffered messages finished
17:00:29     INFO -  dir: browser/components/places/tests/browser
17:00:29     INFO -  Setting pipeline to PAUSED ...
17:00:29     INFO -  Pipeline is PREROLLING ...
17:00:29     INFO -  Pipeline is PREROLLED ...
17:00:29     INFO -  Setting pipeline to PLAYING ...
17:00:29     INFO -  New clock: GstSystemClock
17:00:29     INFO -  Got EOS from element "pipeline0".
17:00:29     INFO -  Execution ended after 32593723 ns.
17:00:29     INFO -  Setting pipeline to PAUSED ...
17:00:29     INFO -  Setting pipeline to READY ...
17:00:29     INFO -  Setting pipeline to NULL ...
17:00:29     INFO -  Freeing pipeline ...
17:00:29     INFO -  mozprofile.addons WARNING | Could not install /builds/slave/test/build/tests/mochitest/extensions/mozscreenshots: [Errno 2] No such file or directory: '/builds/slave/test/build/tests/mochitest/extensions/mozscreenshots/install.rdf'
17:00:30     INFO -  pk12util: PKCS12 IMPORT SUCCESSFUL
17:00:30     INFO - MochitestServer : launching [u'/builds/slave/test/build/tests/bin/xpcshell', '-g', '/builds/slave/test/build/application/firefox', '-v', '170', '-f', '/builds/slave/test/build/tests/bin/components/httpd.js', '-e', "const _PROFILE_PATH = '/tmp/tmpD2ngcq.mozrunner'; const _SERVER_PORT = '8888'; const _SERVER_ADDR = '127.0.0.1'; const _TEST_PREFIX = undefined; const _DISPLAY_RESULTS = false;", '-f', '/builds/slave/test/build/tests/mochitest/server.js']
17:00:30     INFO - runtests.py | Server pid: 3282
17:00:30     INFO - runtests.py | Websocket server pid: 3285
17:00:30     INFO - runtests.py | SSL tunnel pid: 3288
17:00:30     INFO - runtests.py | Running with e10s: True
17:00:30     INFO - runtests.py | Running tests: start.
17:00:30     INFO - 
17:00:30     INFO - Application command: /builds/slave/test/build/application/firefox/firefox -marionette -foreground -profile /tmp/tmpD2ngcq.mozrunner
17:00:30     INFO - runtests.py | Application pid: 3310
17:00:30     INFO - TEST-INFO | started process Main app process
17:00:33     INFO - 1528502433670	Marionette	INFO	Listening on port 2828
17:00:39     INFO - *** Start BrowserChrome Test Results ***
17:00:39     INFO - checking window state
17:00:39     INFO - TEST-START | browser/components/places/tests/browser/browser_410196_paste_into_tags.js
17:00:41     INFO - MEMORY STAT vsizeMaxContiguous not supported in this build configuration.
17:00:41     INFO - MEMORY STAT | vsize 2028MB | residentFast 252MB | heapAllocated 134MB
17:00:41     INFO - TEST-OK | browser/components/places/tests/browser/browser_410196_paste_into_tags.js | took 1930ms
17:00:41     INFO - checking window state
17:00:41     INFO - TEST-START | browser/components/places/tests/browser/browser_416459_cut.js
17:00:42     INFO - MEMORY STAT | vsize 2043MB | residentFast 262MB | heapAllocated 139MB
17:00:42     INFO - TEST-OK | browser/components/places/tests/browser/browser_416459_cut.js | took 1344ms
17:00:42     INFO - checking window state
17:00:42     INFO - TEST-START | browser/components/places/tests/browser/browser_435851_copy_query.js
17:00:43     INFO - MEMORY STAT | vsize 2049MB | residentFast 252MB | heapAllocated 122MB
17:00:43     INFO - TEST-OK | browser/components/places/tests/browser/browser_435851_copy_query.js | took 1092ms
17:00:44     INFO - checking window state
17:00:46     INFO - Completed ShutdownLeaks collections in process 3365
17:00:48     INFO - Completed ShutdownLeaks collections in process 3310
17:00:48     INFO - TEST-START | Shutdown
17:00:48     INFO - Browser Chrome Test Summary
17:00:48     INFO - Passed:  41
17:00:48     INFO - Failed:  0
17:00:48     INFO - Todo:    0
17:00:48     INFO - Mode:    e10s
17:00:48     INFO - *** End BrowserChrome Test Results ***
17:00:49     INFO - TEST-INFO | Main app process: exit 0
17:00:49     INFO - runtests.py | Application ran for: 0:00:18.998101
17:00:49     INFO - zombiecheck | Reading PID log: /tmp/tmplFzOFzpidlog
17:00:49     INFO - ==> process 3310 launched child process 3331
17:00:49     INFO - ==> process 3310 launched child process 3365
17:00:49     INFO - zombiecheck | Checking for orphan process with PID: 3331
17:00:49     INFO - zombiecheck | Checking for orphan process with PID: 3365
17:00:49     INFO - Stopping web server
17:00:49     INFO - Stopping web socket server
17:00:49     INFO - Stopping ssltunnel
17:00:49  WARNING - leakcheck | refcount logging is off, so leaks can't be detected!
17:00:49     INFO - runtests.py | Running tests: end.
17:00:49     INFO - Buffered messages finished
17:00:49     INFO -  dir: devtools/client/debugger/test/mochitest
17:00:49     INFO -  Setting pipeline to PAUSED ...
17:00:49     INFO -  Pipeline is PREROLLING ...
17:00:49     INFO -  Pipeline is PREROLLED ...
17:00:49     INFO -  Setting pipeline to PLAYING ...
17:00:49     INFO -  New clock: GstSystemClock
17:00:49     INFO -  Got EOS from element "pipeline0".
17:00:49     INFO -  Execution ended after 32528956 ns.
17:00:49     INFO -  Setting pipeline to PAUSED ...
17:00:49     INFO -  Setting pipeline to READY ...
17:00:49     INFO -  Setting pipeline to NULL ...
17:00:49     INFO -  Freeing pipeline ...
17:00:50     INFO -  mozprofile.addons WARNING | Could not install /builds/slave/test/build/tests/mochitest/extensions/mozscreenshots: [Errno 2] No such file or directory: '/builds/slave/test/build/tests/mochitest/extensions/mozscreenshots/install.rdf'
17:00:50     INFO -  pk12util: PKCS12 IMPORT SUCCESSFUL
17:00:50     INFO - MochitestServer : launching [u'/builds/slave/test/build/tests/bin/xpcshell', '-g', '/builds/slave/test/build/application/firefox', '-v', '170', '-f', '/builds/slave/test/build/tests/bin/components/httpd.js', '-e', "const _PROFILE_PATH = '/tmp/tmp9F1xZy.mozrunner'; const _SERVER_PORT = '8888'; const _SERVER_ADDR = '127.0.0.1'; const _TEST_PREFIX = undefined; const _DISPLAY_RESULTS = false;", '-f', '/builds/slave/test/build/tests/mochitest/server.js']
17:00:50     INFO - runtests.py | Server pid: 3426
17:00:50     INFO - runtests.py | Websocket server pid: 3429
17:00:50     INFO - runtests.py | SSL tunnel pid: 3432
17:00:51     INFO - runtests.py | Running with e10s: True
17:00:51     INFO - runtests.py | Running tests: start.
17:00:51     INFO - 
17:00:51     INFO - Application command: /builds/slave/test/build/application/firefox/firefox -marionette -foreground -profile /tmp/tmp9F1xZy.mozrunner
17:00:51     INFO - runtests.py | Application pid: 3454
17:00:51     INFO - TEST-INFO | started process Main app process
17:00:54     INFO - 1528502454126	Marionette	INFO	Listening on port 2828
17:00:59     INFO - *** Start BrowserChrome Test Results ***
17:00:59     INFO - checking window state
17:00:59     INFO - TEST-START | devtools/client/debugger/test/mochitest/browser_dbg_sources-contextmenu-01.js
17:01:00     INFO - Frame script loaded.
17:01:07     INFO - MEMORY STAT vsizeMaxContiguous not supported in this build configuration.
17:01:07     INFO - MEMORY STAT | vsize 2141MB | residentFast 262MB | heapAllocated 125MB
17:01:07     INFO - TEST-OK | devtools/client/debugger/test/mochitest/browser_dbg_sources-contextmenu-01.js | took 7312ms
17:01:07     INFO - checking window state
17:01:07     INFO - TEST-START | devtools/client/debugger/test/mochitest/browser_dbg_sources-keybindings.js
17:01:07     INFO - Frame script loaded.
17:01:11     INFO - MEMORY STAT | vsize 2151MB | residentFast 263MB | heapAllocated 126MB
17:01:11     INFO - TEST-OK | devtools/client/debugger/test/mochitest/browser_dbg_sources-keybindings.js | took 3684ms
17:01:11     INFO - checking window state
17:01:11     INFO - TEST-START | devtools/client/debugger/test/mochitest/browser_dbg_stack-contextmenu-02.js
17:01:11     INFO - Frame script loaded.
17:01:13     INFO - Calling function with name simpleCall.
17:01:13     INFO - args []
17:01:15     INFO - MEMORY STAT | vsize 2167MB | residentFast 262MB | heapAllocated 126MB
17:01:15     INFO - TEST-OK | devtools/client/debugger/test/mochitest/browser_dbg_stack-contextmenu-02.js | took 3958ms
17:01:15     INFO - checking window state
17:01:15     INFO - TEST-START | devtools/client/debugger/test/mochitest/browser_dbg_variables-view-accessibility.js
17:01:15     INFO - Frame script loaded.
17:01:18     INFO - MEMORY STAT | vsize 2167MB | residentFast 259MB | heapAllocated 124MB
17:01:18     INFO - TEST-OK | devtools/client/debugger/test/mochitest/browser_dbg_variables-view-accessibility.js | took 3532ms
17:01:18     INFO - checking window state
17:01:21     INFO - Completed ShutdownLeaks collections in process 3508
17:01:23     INFO - Completed ShutdownLeaks collections in process 3454
17:01:23     INFO - TEST-START | Shutdown
17:01:23     INFO - Browser Chrome Test Summary
17:01:23     INFO - Passed:  127
17:01:23     INFO - Failed:  0
17:01:23     INFO - Todo:    0
17:01:23     INFO - Mode:    e10s
17:01:23     INFO - *** End BrowserChrome Test Results ***
17:01:25     INFO - TEST-INFO | Main app process: exit 0
17:01:25     INFO - runtests.py | Application ran for: 0:00:34.205702
17:01:25     INFO - zombiecheck | Reading PID log: /tmp/tmp5qTlg8pidlog
17:01:25     INFO - ==> process 3454 launched child process 3475
17:01:25     INFO - ==> process 3454 launched child process 3508
17:01:25     INFO - zombiecheck | Checking for orphan process with PID: 3475
17:01:25     INFO - zombiecheck | Checking for orphan process with PID: 3508
17:01:25     INFO - Stopping web server
17:01:25     INFO - Stopping web socket server
17:01:25     INFO - Stopping ssltunnel
17:01:25  WARNING - leakcheck | refcount logging is off, so leaks can't be detected!
17:01:25     INFO - runtests.py | Running tests: end.
17:01:25     INFO - Buffered messages finished
17:01:25     INFO -  dir: devtools/client/inspector/computed/test
17:01:25     INFO -  Setting pipeline to PAUSED ...
17:01:25     INFO -  Pipeline is PREROLLING ...
17:01:25     INFO -  Pipeline is PREROLLED ...
17:01:25     INFO -  Setting pipeline to PLAYING ...
17:01:25     INFO -  New clock: GstSystemClock
17:01:25     INFO -  Got EOS from element "pipeline0".
17:01:25     INFO -  Execution ended after 32597911 ns.
17:01:25     INFO -  Setting pipeline to PAUSED ...
17:01:25     INFO -  Setting pipeline to READY ...
17:01:25     INFO -  Setting pipeline to NULL ...
17:01:25     INFO -  Freeing pipeline ...
17:01:25     INFO -  mozprofile.addons WARNING | Could not install /builds/slave/test/build/tests/mochitest/extensions/mozscreenshots: [Errno 2] No such file or directory: '/builds/slave/test/build/tests/mochitest/extensions/mozscreenshots/install.rdf'
17:01:26     INFO -  pk12util: PKCS12 IMPORT SUCCESSFUL
17:01:26     INFO - MochitestServer : launching [u'/builds/slave/test/build/tests/bin/xpcshell', '-g', '/builds/slave/test/build/application/firefox', '-v', '170', '-f', '/builds/slave/test/build/tests/bin/components/httpd.js', '-e', "const _PROFILE_PATH = '/tmp/tmpxY6bzO.mozrunner'; const _SERVER_PORT = '8888'; const _SERVER_ADDR = '127.0.0.1'; const _TEST_PREFIX = undefined; const _DISPLAY_RESULTS = false;", '-f', '/builds/slave/test/build/tests/mochitest/server.js']
17:01:26     INFO - runtests.py | Server pid: 3572
17:01:26     INFO - runtests.py | Websocket server pid: 3575
17:01:26     INFO - runtests.py | SSL tunnel pid: 3578
17:01:26     INFO - runtests.py | Running with e10s: True
17:01:26     INFO - runtests.py | Running tests: start.
17:01:26     INFO - 
17:01:26     INFO - Application command: /builds/slave/test/build/application/firefox/firefox -marionette -foreground -profile /tmp/tmpxY6bzO.mozrunner
17:01:26     INFO - runtests.py | Application pid: 3600
17:01:26     INFO - TEST-INFO | started process Main app process
17:01:29     INFO - 1528502489848	Marionette	INFO	Listening on port 2828
17:01:35     INFO - *** Start BrowserChrome Test Results ***
17:01:35     INFO - checking window state
17:01:35     INFO - TEST-START | devtools/client/inspector/computed/test/browser_computed_search-filter_context-menu.js
17:01:43     INFO - MEMORY STAT vsizeMaxContiguous not supported in this build configuration.
17:01:43     INFO - MEMORY STAT | vsize 2163MB | residentFast 290MB | heapAllocated 147MB
17:01:43     INFO - TEST-OK | devtools/client/inspector/computed/test/browser_computed_search-filter_context-menu.js | took 7456ms
17:01:43     INFO - checking window state
17:01:43     INFO - TEST-START | devtools/client/inspector/computed/test/browser_computed_select-and-copy-styles.js
17:01:47     INFO - MEMORY STAT | vsize 2169MB | residentFast 310MB | heapAllocated 165MB
17:01:47     INFO - TEST-OK | devtools/client/inspector/computed/test/browser_computed_select-and-copy-styles.js | took 4260ms
17:01:47     INFO - checking window state
17:01:50     INFO - Completed ShutdownLeaks collections in process 3653
17:01:52     INFO - Completed ShutdownLeaks collections in process 3600
17:01:52     INFO - TEST-START | Shutdown
17:01:52     INFO - Browser Chrome Test Summary
17:01:52     INFO - Passed:  16
17:01:52     INFO - Failed:  0
17:01:52     INFO - Todo:    0
17:01:52     INFO - Mode:    e10s
17:01:52     INFO - *** End BrowserChrome Test Results ***
17:01:53     INFO - JavaScript error: resource://gre/components/nsUrlClassifierListManager.js, line 337: NS_ERROR_NOT_INITIALIZED: Component returned failure code: 0xc1f30001 (NS_ERROR_NOT_INITIALIZED) [nsIUrlClassifierDBService.getTables]
17:01:54     INFO - TEST-INFO | Main app process: exit 0
17:01:54     INFO - runtests.py | Application ran for: 0:00:28.115783
17:01:54     INFO - zombiecheck | Reading PID log: /tmp/tmpzkCocEpidlog
17:01:54     INFO - ==> process 3600 launched child process 3621
17:01:54     INFO - ==> process 3600 launched child process 3653
17:01:54     INFO - zombiecheck | Checking for orphan process with PID: 3621
17:01:54     INFO - zombiecheck | Checking for orphan process with PID: 3653
17:01:54     INFO - Stopping web server
17:01:54     INFO - Stopping web socket server
17:01:54     INFO - Stopping ssltunnel
17:01:54  WARNING - leakcheck | refcount logging is off, so leaks can't be detected!
17:01:54     INFO - runtests.py | Running tests: end.
17:01:54     INFO - Buffered messages finished
17:01:54     INFO -  dir: devtools/client/inspector/markup/test
17:01:55     INFO -  Setting pipeline to PAUSED ...
17:01:55     INFO -  Pipeline is PREROLLING ...
17:01:55     INFO -  Pipeline is PREROLLED ...
17:01:55     INFO -  Setting pipeline to PLAYING ...
17:01:55     INFO -  New clock: GstSystemClock
17:01:55     INFO -  Got EOS from element "pipeline0".
17:01:55     INFO -  Execution ended after 32517460 ns.
17:01:55     INFO -  Setting pipeline to PAUSED ...
17:01:55     INFO -  Setting pipeline to READY ...
17:01:55     INFO -  Setting pipeline to NULL ...
17:01:55     INFO -  Freeing pipeline ...
17:01:55     INFO -  mozprofile.addons WARNING | Could not install /builds/slave/test/build/tests/mochitest/extensions/mozscreenshots: [Errno 2] No such file or directory: '/builds/slave/test/build/tests/mochitest/extensions/mozscreenshots/install.rdf'
17:01:55     INFO -  pk12util: PKCS12 IMPORT SUCCESSFUL
17:01:55     INFO - MochitestServer : launching [u'/builds/slave/test/build/tests/bin/xpcshell', '-g', '/builds/slave/test/build/application/firefox', '-v', '170', '-f', '/builds/slave/test/build/tests/bin/components/httpd.js', '-e', "const _PROFILE_PATH = '/tmp/tmp36GXQo.mozrunner'; const _SERVER_PORT = '8888'; const _SERVER_ADDR = '127.0.0.1'; const _TEST_PREFIX = undefined; const _DISPLAY_RESULTS = false;", '-f', '/builds/slave/test/build/tests/mochitest/server.js']
17:01:55     INFO - runtests.py | Server pid: 3717
17:01:55     INFO - runtests.py | Websocket server pid: 3720
17:01:55     INFO - runtests.py | SSL tunnel pid: 3723
17:01:56     INFO - runtests.py | Running with e10s: True
17:01:56     INFO - runtests.py | Running tests: start.
17:01:56     INFO - 
17:01:56     INFO - Application command: /builds/slave/test/build/application/firefox/firefox -marionette -foreground -profile /tmp/tmp36GXQo.mozrunner
17:01:56     INFO - runtests.py | Application pid: 3745
17:01:56     INFO - TEST-INFO | started process Main app process
17:01:59     INFO - 1528502519284	Marionette	INFO	Listening on port 2828
17:02:04     INFO - *** Start BrowserChrome Test Results ***
17:02:04     INFO - checking window state
17:02:05     INFO - TEST-START | devtools/client/inspector/markup/test/browser_markup_copy_image_data.js
17:02:05     INFO - Entering test bound 
17:02:05     INFO - Adding a new tab with URL: http://example.com/browser/devtools/client/inspector/markup/test/doc_markup_image_and_canvas.html
17:02:05     INFO - Tab added and finished loading
17:02:05     INFO - Opening the inspector
17:02:05     INFO - Opening the toolbox
17:02:08     INFO - Console message: [JavaScript Warning: "Use of nsIFile in content process is deprecated." {file: "resource://gre/modules/NetUtil.jsm" line: 304}]
17:02:08     INFO - Console message: [JavaScript Warning: "Use of nsIFile in content process is deprecated." {file: "resource://gre/modules/NetUtil.jsm" line: 304}]
17:02:08     INFO - Console message: [JavaScript Warning: "Use of nsIFile in content process is deprecated." {file: "resource://gre/modules/commonjs/toolkit/loader.js -> resource://devtools/shared/gcli/source/lib/gcli/util/filesystem.js" line: 40}]
17:02:10     INFO - Console message: [JavaScript Warning: "Expected declaration but found *.  Skipped to next declaration." {file: "chrome://devtools/content/sourceeditor/codemirror/lib/codemirror.css" line: 210 column: 2 source: "  *zoom:1;"}]
17:02:10     INFO - Console message: [JavaScript Warning: "Expected declaration but found *.  Skipped to next declaration." {file: "chrome://devtools/content/sourceeditor/codemirror/lib/codemirror.css" line: 211 column: 2 source: "  *display:inline;"}]
17:02:10     INFO - Console message: [JavaScript Warning: "Unknown property user-select.  Declaration dropped." {file: "chrome://devtools/content/sourceeditor/codemirror/lib/codemirror.css" line: 232 column: 13 source: "  user-select: none;"}]
17:02:10     INFO - Console message: [JavaScript Warning: "Unknown property -moz-border-radius.  Declaration dropped." {file: "chrome://devtools/content/sourceeditor/codemirror/lib/codemirror.css" line: 241 column: 20 source: "  -moz-border-radius: 0; -webkit-border-radius: 0; border-radius: 0;"}]
17:02:10     INFO - Console message: [JavaScript Warning: "Unknown pseudo-class or pseudo-element selection.  Ruleset ignored due to bad selector." {file: "chrome://devtools/content/sourceeditor/codemirror/lib/codemirror.css" line: 322 column: 18 source: ".CodeMirror-line::selection, .CodeMirror-line > span::selection, .CodeMirror-line > span > span::selection { background: #d7d4f0; }"}]
17:02:10     INFO - Console message: [JavaScript Warning: "Expected declaration but found *.  Skipped to next declaration." {file: "chrome://devtools/content/sourceeditor/codemirror/lib/codemirror.css" line: 331 column: 19 source: ".CodeMirror span { *vertical-align: text-bottom; }"}]
17:02:11     INFO - Toolbox opened and focused
17:02:11     INFO - Waiting for actor features to be detected
17:02:12     INFO - Selecting the node for 'div'
17:02:12     INFO - TEST-PASS | devtools/client/inspector/markup/test/browser_markup_copy_image_data.js | The menu item was found in the contextual menu - 
17:02:12     INFO - TEST-PASS | devtools/client/inspector/markup/test/browser_markup_copy_image_data.js | The menu item is disabled - 
17:02:12     INFO - Selecting the node for 'img'
17:02:12     INFO - TEST-PASS | devtools/client/inspector/markup/test/browser_markup_copy_image_data.js | The menu item was found in the contextual menu - 
17:02:12     INFO - TEST-PASS | devtools/client/inspector/markup/test/browser_markup_copy_image_data.js | The menu item is enabled - 
17:02:12     INFO - TEST-PASS | devtools/client/inspector/markup/test/browser_markup_copy_image_data.js | Clipboard has the given value - 
17:02:12     INFO - TEST-PASS | devtools/client/inspector/markup/test/browser_markup_copy_image_data.js | The clipboard contains the expected value data:image/png;base64,iVBORw0KGgoAAAANSUhEUgAAADAA... - 
17:02:12     INFO - Selecting the node for 'canvas'
17:02:12     INFO - TEST-PASS | devtools/client/inspector/markup/test/browser_markup_copy_image_data.js | The menu item was found in the contextual menu - 
17:02:12     INFO - TEST-PASS | devtools/client/inspector/markup/test/browser_markup_copy_image_data.js | The menu item is enabled - 
17:02:13     INFO - TEST-PASS | devtools/client/inspector/markup/test/browser_markup_copy_image_data.js | Clipboard has the given value - 
17:02:13     INFO - TEST-PASS | devtools/client/inspector/markup/test/browser_markup_copy_image_data.js | The clipboard contains the expected value data:image/png;base64,iVBORw0KGgoAAAANSUhEUgAAAlgA... - 
17:02:13     INFO - Selecting the node for 'div'
17:02:13     INFO - TEST-PASS | devtools/client/inspector/markup/test/browser_markup_copy_image_data.js | The menu item was found in the contextual menu - 
17:02:13     INFO - TEST-PASS | devtools/client/inspector/markup/test/browser_markup_copy_image_data.js | The menu item is disabled - 
17:02:13     INFO - Leaving test bound 
17:02:13     INFO - Removing tab.
17:02:13     INFO - Waiting for event: 'TabClose' on [object XULElement].
17:02:13     INFO - Got event: 'TabClose' on [object XULElement].
17:02:13     INFO - Tab removed and finished closing
17:02:13     INFO - MEMORY STAT vsizeMaxContiguous not supported in this build configuration.
17:02:13     INFO - MEMORY STAT | vsize 2159MB | residentFast 294MB | heapAllocated 149MB
17:02:13     INFO - TEST-OK | devtools/client/inspector/markup/test/browser_markup_copy_image_data.js | took 8906ms
17:02:14     INFO - checking window state
17:02:14     INFO - TEST-START | devtools/client/inspector/markup/test/browser_markup_links_04.js
17:02:14     INFO - Entering test bound 
17:02:14     INFO - Adding a new tab with URL: http://example.com/browser/devtools/client/inspector/markup/test/doc_markup_links.html
17:02:14     INFO - Console message: [JavaScript Warning: "HTTP load failed with status 404. Load of media resource http://example.com/browser/devtools/client/inspector/markup/test/code-rush.mp4 failed." {file: "http://example.com/browser/devtools/client/inspector/markup/test/doc_markup_links.html" line: 0}]
17:02:14     INFO - Tab added and finished loading
17:02:14     INFO - Opening the inspector
17:02:14     INFO - Opening the toolbox
17:02:17     INFO - Toolbox opened and focused
17:02:17     INFO - Waiting for actor features to be detected
17:02:17     INFO - Selecting test node link
17:02:17     INFO - Selecting the node for 'link'
17:02:17     INFO - Finding the popupNode to anchor the context-menu to
17:02:17     INFO - Getting the markup-container for node link
17:02:17     INFO - Found markup-container [MarkupContainer for [Front for domnode/server1.conn1.child1/domnode49]]
17:02:18     INFO - TEST-PASS | devtools/client/inspector/markup/test/browser_markup_links_04.js | Found the popupNode in attribute href - 
17:02:18     INFO - Simulating a context click on the popupNode
17:02:18     INFO - TEST-PASS | devtools/client/inspector/markup/test/browser_markup_links_04.js | The follow-link item display is correct - 
17:02:18     INFO - TEST-PASS | devtools/client/inspector/markup/test/browser_markup_links_04.js | The copy-link item display is correct - 
17:02:18     INFO - TEST-PASS | devtools/client/inspector/markup/test/browser_markup_links_04.js | the follow-link label is correct - 
17:02:18     INFO - TEST-PASS | devtools/client/inspector/markup/test/browser_markup_links_04.js | the copy-link label is correct - 
17:02:18     INFO - Selecting test node link[rel=icon]
17:02:18     INFO - Selecting the node for 'link[rel=icon]'
17:02:18     INFO - Finding the popupNode to anchor the context-menu to
17:02:18     INFO - Getting the markup-container for node link[rel=icon]
17:02:18     INFO - Found markup-container [MarkupContainer for [Front for domnode/server1.conn1.child1/domnode52]]
17:02:18     INFO - TEST-PASS | devtools/client/inspector/markup/test/browser_markup_links_04.js | Found the popupNode in attribute href - 
17:02:18     INFO - Simulating a context click on the popupNode
17:02:18     INFO - TEST-PASS | devtools/client/inspector/markup/test/browser_markup_links_04.js | The follow-link item display is correct - 
17:02:18     INFO - TEST-PASS | devtools/client/inspector/markup/test/browser_markup_links_04.js | The copy-link item display is correct - 
17:02:18     INFO - TEST-PASS | devtools/client/inspector/markup/test/browser_markup_links_04.js | the follow-link label is correct - 
17:02:18     INFO - TEST-PASS | devtools/client/inspector/markup/test/browser_markup_links_04.js | the copy-link label is correct - 
17:02:18     INFO - Selecting test node link
17:02:18     INFO - Selecting the node for 'link'
17:02:18     INFO - Finding the popupNode to anchor the context-menu to
17:02:18     INFO - Getting the markup-container for node link
17:02:18     INFO - Found markup-container [MarkupContainer for [Front for domnode/server1.conn1.child1/domnode49]]
17:02:18     INFO - TEST-PASS | devtools/client/inspector/markup/test/browser_markup_links_04.js | Found the popupNode in attribute rel - 
17:02:18     INFO - Simulating a context click on the popupNode
17:02:18     INFO - TEST-PASS | devtools/client/inspector/markup/test/browser_markup_links_04.js | The follow-link item display is correct - 
17:02:18     INFO - TEST-PASS | devtools/client/inspector/markup/test/browser_markup_links_04.js | The copy-link item display is correct - 
17:02:18     INFO - Selecting test node output
17:02:18     INFO - Selecting the node for 'output'
17:02:18     INFO - Finding the popupNode to anchor the context-menu to
17:02:18     INFO - Getting the markup-container for node output
17:02:18     INFO - Found markup-container [MarkupContainer for [Front for domnode/server1.conn1.child1/domnode57]]
17:02:18     INFO - TEST-PASS | devtools/client/inspector/markup/test/browser_markup_links_04.js | Found the popupNode in attribute for - 
17:02:18     INFO - Simulating a context click on the popupNode
17:02:18     INFO - TEST-PASS | devtools/client/inspector/markup/test/browser_markup_links_04.js | The follow-link item display is correct - 
17:02:18     INFO - TEST-PASS | devtools/client/inspector/markup/test/browser_markup_links_04.js | The copy-link item display is correct - 
17:02:18     INFO - TEST-PASS | devtools/client/inspector/markup/test/browser_markup_links_04.js | the follow-link label is correct - 
17:02:18     INFO - Selecting test node script
17:02:18     INFO - Selecting the node for 'script'
17:02:18     INFO - Finding the popupNode to anchor the context-menu to
17:02:18     INFO - Getting the markup-container for node script
17:02:19     INFO - Found markup-container [MarkupContainer for [Front for domnode/server1.conn1.child1/domnode45]]
17:02:19     INFO - TEST-PASS | devtools/client/inspector/markup/test/browser_markup_links_04.js | Found the popupNode in attribute src - 
17:02:19     INFO - Simulating a context click on the popupNode
17:02:19     INFO - TEST-PASS | devtools/client/inspector/markup/test/browser_markup_links_04.js | The follow-link item display is correct - 
17:02:19     INFO - TEST-PASS | devtools/client/inspector/markup/test/browser_markup_links_04.js | The copy-link item display is correct - 
17:02:19     INFO - TEST-PASS | devtools/client/inspector/markup/test/browser_markup_links_04.js | the follow-link label is correct - 
17:02:19     INFO - TEST-PASS | devtools/client/inspector/markup/test/browser_markup_links_04.js | the copy-link label is correct - 
17:02:19     INFO - Selecting test node p[for]
17:02:19     INFO - Selecting the node for 'p[for]'
17:02:19     INFO - Finding the popupNode to anchor the context-menu to
17:02:19     INFO - Getting the markup-container for node p[for]
17:02:19     INFO - Found markup-container [MarkupContainer for [Front for domnode/server1.conn1.child1/domnode61]]
17:02:19     INFO - TEST-PASS | devtools/client/inspector/markup/test/browser_markup_links_04.js | Found the popupNode in attribute for - 
17:02:19     INFO - Simulating a context click on the popupNode
17:02:19     INFO - TEST-PASS | devtools/client/inspector/markup/test/browser_markup_links_04.js | The follow-link item display is correct - 
17:02:19     INFO - TEST-PASS | devtools/client/inspector/markup/test/browser_markup_links_04.js | The copy-link item display is correct - 
17:02:19     INFO - Leaving test bound 
17:02:19     INFO - Removing tab.
17:02:19     INFO - Waiting for event: 'TabClose' on [object XULElement].
17:02:19     INFO - Got event: 'TabClose' on [object XULElement].
17:02:19     INFO - Tab removed and finished closing
17:02:19     INFO - MEMORY STAT | vsize 2175MB | residentFast 311MB | heapAllocated 164MB
17:02:19     INFO - TEST-OK | devtools/client/inspector/markup/test/browser_markup_links_04.js | took 5708ms
17:02:19     INFO - checking window state

command interrupted, attempting to kill
process killed by signal 9
program finished with exit code -1
elapsedTime=568.035241
The web-page 'stop build' button was pressed by 'rvandermeulen@mozilla.com': Cancelled via self-serve
========= master_lag: 0.03 =========
========= Finished '/tools/buildbot/bin/python scripts/scripts/desktop_unittest.py ...' interrupted (results: 4, elapsed: 9 mins, 28 secs) (at 2018-06-08 17:02:21.675028) =========

========= Started 'bash -c ...' interrupted (results: 4, elapsed: 0 secs) (at 2018-06-08 17:02:21.675988) =========
bash -c 'for file in `ls -1`; do cat $file; done'
 in dir /builds/slave/test/properties (timeout 1200 secs)
 watching logfiles {}
 argv: ['bash', '-c', 'for file in `ls -1`; do cat $file; done']
 environment:
  HOME=/home/cltbld
  LANG=en_US.UTF-8
  LOGNAME=cltbld
  MAIL=/var/mail/cltbld
  NODE_PATH=/usr/lib/nodejs:/usr/lib/node_modules:/usr/share/javascript
  PATH=/usr/local/bin:/usr/local/bin:/usr/bin:/bin:/usr/local/games:/usr/games
  PWD=/builds/slave/test/properties
  SHELL=/bin/bash
  SHLVL=1
  TERM=linux
  TMOUT=86400
  USER=cltbld
  XDG_SESSION_COOKIE=9ca12473fbb1d023794ffd180000023c-1528501966.728139-969065761
  _=/tools/buildbot/bin/python
 using PTY: False

command interrupted, attempting to kill
process killed by signal 9
program finished with exit code -1
elapsedTime=0.097764
The web-page 'stop build' button was pressed by 'rvandermeulen@mozilla.com': Cancelled via self-serve
The web-page 'stop build' button was pressed by 'rvandermeulen@mozilla.com': Cancelled via self-serve

========= master_lag: 0.04 =========
========= Finished 'bash -c ...' interrupted (results: 4, elapsed: 0 secs) (at 2018-06-08 17:02:21.812058) =========

========= Started 'rm -f ...' (results: 0, elapsed: 0 secs) (at 2018-06-08 17:02:21.812396) =========
rm -f oauth.txt
 in dir /builds/slave/test/. (timeout 1200 secs)
 watching logfiles {}
 argv: ['rm', '-f', 'oauth.txt']
 environment:
  HOME=/home/cltbld
  LANG=en_US.UTF-8
  LOGNAME=cltbld
  MAIL=/var/mail/cltbld
  NODE_PATH=/usr/lib/nodejs:/usr/lib/node_modules:/usr/share/javascript
  PATH=/usr/local/bin:/usr/local/bin:/usr/bin:/bin:/usr/local/games:/usr/games
  PWD=/builds/slave/test
  SHELL=/bin/bash
  SHLVL=1
  TERM=linux
  TMOUT=86400
  USER=cltbld
  XDG_SESSION_COOKIE=9ca12473fbb1d023794ffd180000023c-1528501966.728139-969065761
  _=/tools/buildbot/bin/python
 using PTY: False
program finished with exit code 0
elapsedTime=0.039933
========= master_lag: 0.07 =========
========= Finished 'rm -f ...' (results: 0, elapsed: 0 secs) (at 2018-06-08 17:02:21.921025) =========

========= Started reboot skipped (results: 3, elapsed: 0 secs) (at 2018-06-08 17:02:21.921323) =========
========= Finished reboot skipped (results: 3, elapsed: 0 secs) (at 2018-06-08 17:02:21.921587) =========

========= Total master_lag: 0.43 =========

