builder: mozilla-esr52_yosemite_r7_test-mochitest-gpu-e10s
slave: t-yosemite-r7-0009
starttime: 1528502340.79
results: cancelled (6)
buildid: 20180608150819
builduid: b298b373e93d4f8dbf92436c9ed838a2
revision: cbfdf01aac455e0591471201c96b89dee98190b5

========= Started set props: master (results: 0, elapsed: 0 secs) (at 2018-06-08 16:59:00.789229) =========
master: http://buildbot-master106.bb.releng.scl3.mozilla.com:8201/
========= Finished set props: master (results: 0, elapsed: 0 secs) (at 2018-06-08 16:59:00.789673) =========

========= Started downloading to buildprops.json (results: 0, elapsed: 0 secs) (at 2018-06-08 16:59:00.789953) =========
========= Finished downloading to buildprops.json (results: 0, elapsed: 0 secs) (at 2018-06-08 16:59:00.801327) =========

========= Started 'bash -c ...' (results: 0, elapsed: 0 secs) (at 2018-06-08 16:59:00.801603) =========
bash -c 'wget -Oarchiver_client.py --no-check-certificate --tries=10 --waitretry=3 https://hg.mozilla.org/build/tools/raw-file/default/buildfarm/utils/archiver_client.py'
 in dir /builds/slave/test/. (timeout 1200 secs)
 watching logfiles {}
 argv: ['bash', '-c', 'wget -Oarchiver_client.py --no-check-certificate --tries=10 --waitretry=3 https://hg.mozilla.org/build/tools/raw-file/default/buildfarm/utils/archiver_client.py']
 environment:
  Apple_PubSub_Socket_Render=/private/tmp/com.apple.launchd.0pLSsYQFFe/Render
  GIT_SHARE_BASE_DIR=/builds/git-shared
  HG_SHARE_BASE_DIR=/builds/hg-shared
  HOME=/Users/cltbld
  IDLEIZER_DISABLE_SHUTDOWN=true
  LOGNAME=cltbld
  PATH=/usr/local/sbin:/usr/local/bin:/usr/sbin:/usr/bin:/sbin:/bin:/usr/bin/X11
  PWD=/builds/slave/test
  RUNNER_CONFIG_CMD=/opt/runner/bin/python2.7 /opt/runner/bin/runner -c /opt/runner/runner.cfg
  SHELL=/bin/bash
  SSH_AUTH_SOCK=/private/tmp/com.apple.launchd.5G5o1gGJ2d/Listeners
  TMPDIR=/var/folders/y_/73jt3trx0w72555v5jn0nbtm00000w/T/
  TWISTD_LOG_PATH=/builds/slave/twistd.log
  USER=cltbld
  VERSIONER_PYTHON_PREFER_32_BIT=no
  VERSIONER_PYTHON_VERSION=2.7
  XPC_FLAGS=0x0
  XPC_SERVICE_NAME=0
  __CF_USER_TEXT_ENCODING=0x1C:0:0
 using PTY: False
--2018-06-08 16:59:00--  https://hg.mozilla.org/build/tools/raw-file/default/buildfarm/utils/archiver_client.py
Resolving hg.mozilla.org... 63.245.215.25, 63.245.215.102
Connecting to hg.mozilla.org|63.245.215.25|:443... connected.
HTTP request sent, awaiting response... 200 Script output follows
Length: 12179 (12K) [text/x-python]
Saving to: 'archiver_client.py'

     0K .......... .                                          100% 41.2M=0s

2018-06-08 16:59:00 (41.2 MB/s) - 'archiver_client.py' saved [12179/12179]

program finished with exit code 0
elapsedTime=0.094014
========= master_lag: 0.01 =========
========= Finished 'bash -c ...' (results: 0, elapsed: 0 secs) (at 2018-06-08 16:59:00.906442) =========

========= Started 'rm -rf ...' (results: 0, elapsed: 0 secs) (at 2018-06-08 16:59:00.906820) =========
rm -rf scripts properties
 in dir /builds/slave/test/. (timeout 1200 secs)
 watching logfiles {}
 argv: ['rm', '-rf', 'scripts', 'properties']
 environment:
  Apple_PubSub_Socket_Render=/private/tmp/com.apple.launchd.0pLSsYQFFe/Render
  GIT_SHARE_BASE_DIR=/builds/git-shared
  HG_SHARE_BASE_DIR=/builds/hg-shared
  HOME=/Users/cltbld
  IDLEIZER_DISABLE_SHUTDOWN=true
  LOGNAME=cltbld
  PATH=/usr/local/sbin:/usr/local/bin:/usr/sbin:/usr/bin:/sbin:/bin:/usr/bin/X11
  PWD=/builds/slave/test
  RUNNER_CONFIG_CMD=/opt/runner/bin/python2.7 /opt/runner/bin/runner -c /opt/runner/runner.cfg
  SHELL=/bin/bash
  SSH_AUTH_SOCK=/private/tmp/com.apple.launchd.5G5o1gGJ2d/Listeners
  TMPDIR=/var/folders/y_/73jt3trx0w72555v5jn0nbtm00000w/T/
  TWISTD_LOG_PATH=/builds/slave/twistd.log
  USER=cltbld
  VERSIONER_PYTHON_PREFER_32_BIT=no
  VERSIONER_PYTHON_VERSION=2.7
  XPC_FLAGS=0x0
  XPC_SERVICE_NAME=0
  __CF_USER_TEXT_ENCODING=0x1C:0:0
 using PTY: False
program finished with exit code 0
elapsedTime=0.020936
========= master_lag: 0.03 =========
========= Finished 'rm -rf ...' (results: 0, elapsed: 0 secs) (at 2018-06-08 16:59:00.955454) =========

========= Started 'bash -c ...' (results: 0, elapsed: 0 secs) (at 2018-06-08 16:59:00.955831) =========
bash -c 'python archiver_client.py mozharness --repo releases/mozilla-esr52 --rev cbfdf01aac455e0591471201c96b89dee98190b5 --destination scripts --debug'
 in dir /builds/slave/test/. (timeout 1200 secs)
 watching logfiles {}
 argv: ['bash', '-c', u'python archiver_client.py mozharness --repo releases/mozilla-esr52 --rev cbfdf01aac455e0591471201c96b89dee98190b5 --destination scripts --debug']
 environment:
  Apple_PubSub_Socket_Render=/private/tmp/com.apple.launchd.0pLSsYQFFe/Render
  GIT_SHARE_BASE_DIR=/builds/git-shared
  HG_SHARE_BASE_DIR=/builds/hg-shared
  HOME=/Users/cltbld
  IDLEIZER_DISABLE_SHUTDOWN=true
  LOGNAME=cltbld
  PATH=/usr/local/sbin:/usr/local/bin:/usr/sbin:/usr/bin:/sbin:/bin:/usr/bin/X11
  PWD=/builds/slave/test
  RUNNER_CONFIG_CMD=/opt/runner/bin/python2.7 /opt/runner/bin/runner -c /opt/runner/runner.cfg
  SHELL=/bin/bash
  SSH_AUTH_SOCK=/private/tmp/com.apple.launchd.5G5o1gGJ2d/Listeners
  TMPDIR=/var/folders/y_/73jt3trx0w72555v5jn0nbtm00000w/T/
  TWISTD_LOG_PATH=/builds/slave/twistd.log
  USER=cltbld
  VERSIONER_PYTHON_PREFER_32_BIT=no
  VERSIONER_PYTHON_VERSION=2.7
  XPC_FLAGS=0x0
  XPC_SERVICE_NAME=0
  __CF_USER_TEXT_ENCODING=0x1C:0:0
 using PTY: False
2018-06-08 16:59:01,011 truncating revision to first 12 chars
2018-06-08 16:59:01,012 Setting DEBUG logging.
2018-06-08 16:59:01,012 attempt 1/10
2018-06-08 16:59:01,012 Getting archive location from https://api.pub.build.mozilla.org/archiver/hgmo/releases/mozilla-esr52/cbfdf01aac45?&preferred_region=us-west-2&suffix=tar.gz&subdir=testing/mozharness
2018-06-08 16:59:01,419 unpacking tar archive at: mozilla-esr52-cbfdf01aac45/testing/mozharness/
program finished with exit code 0
elapsedTime=0.818899
========= master_lag: 0.02 =========
========= Finished 'bash -c ...' (results: 0, elapsed: 0 secs) (at 2018-06-08 16:59:01.790108) =========

========= Started set props: script_repo_revision (results: 0, elapsed: 0 secs) (at 2018-06-08 16:59:01.790948) =========
script_repo_revision: cbfdf01aac455e0591471201c96b89dee98190b5
========= Finished set props: script_repo_revision (results: 0, elapsed: 0 secs) (at 2018-06-08 16:59:01.791895) =========

========= Started downloading to oauth.txt (results: 0, elapsed: 0 secs) (at 2018-06-08 16:59:01.792627) =========
========= Finished downloading to oauth.txt (results: 0, elapsed: 0 secs) (at 2018-06-08 16:59:01.802597) =========

========= Started '/tools/buildbot/bin/python -u ...' interrupted (results: 4, elapsed: 2 mins, 29 secs) (at 2018-06-08 16:59:01.802907) =========
/tools/buildbot/bin/python -u scripts/scripts/desktop_unittest.py --cfg unittests/mac_unittest.py --mochitest-suite plain-gpu,chrome-gpu,browser-chrome-gpu --e10s --blob-upload-branch mozilla-esr52 --download-symbols ondemand
 in dir /builds/slave/test/. (timeout 1800 secs) (maxTime 7200 secs)
 watching logfiles {}
 argv: ['/tools/buildbot/bin/python', '-u', 'scripts/scripts/desktop_unittest.py', '--cfg', 'unittests/mac_unittest.py', '--mochitest-suite', 'plain-gpu,chrome-gpu,browser-chrome-gpu', '--e10s', '--blob-upload-branch', 'mozilla-esr52', '--download-symbols', 'ondemand']
 environment:
  Apple_PubSub_Socket_Render=/private/tmp/com.apple.launchd.0pLSsYQFFe/Render
  GIT_SHARE_BASE_DIR=/builds/git-shared
  HG_SHARE_BASE_DIR=/builds/hg-shared
  HOME=/Users/cltbld
  IDLEIZER_DISABLE_SHUTDOWN=true
  LOGNAME=cltbld
  MOZ_HIDE_RESULTS_TABLE=1
  MOZ_NODE_PATH=/usr/local/bin/node
  MOZ_NO_REMOTE=1
  NO_EM_RESTART=1
  NO_FAIL_ON_TEST_ERRORS=1
  PATH=/usr/local/sbin:/usr/local/bin:/usr/sbin:/usr/bin:/sbin:/bin:/usr/bin/X11
  PROPERTIES_FILE=/builds/slave/test/buildprops.json
  PWD=/builds/slave/test
  RUNNER_CONFIG_CMD=/opt/runner/bin/python2.7 /opt/runner/bin/runner -c /opt/runner/runner.cfg
  SHELL=/bin/bash
  SSH_AUTH_SOCK=/private/tmp/com.apple.launchd.5G5o1gGJ2d/Listeners
  TMPDIR=/var/folders/y_/73jt3trx0w72555v5jn0nbtm00000w/T/
  TWISTD_LOG_PATH=/builds/slave/twistd.log
  USER=cltbld
  VERSIONER_PYTHON_PREFER_32_BIT=no
  VERSIONER_PYTHON_VERSION=2.7
  XPCOM_DEBUG_BREAK=warn
  XPC_FLAGS=0x0
  XPC_SERVICE_NAME=0
  __CF_USER_TEXT_ENCODING=0x1C:0:0
 using PTY: False
16:59:01     INFO - MultiFileLogger online at 20180608 16:59:01 in /builds/slave/test
16:59:01     INFO - Run as scripts/scripts/desktop_unittest.py --cfg unittests/mac_unittest.py --mochitest-suite plain-gpu,chrome-gpu,browser-chrome-gpu --e10s --blob-upload-branch mozilla-esr52 --download-symbols ondemand
16:59:01     INFO - Dumping config to /builds/slave/test/logs/localconfig.json.
16:59:01     INFO - {'all_cppunittest_suites': {'cppunittest': ('tests/cppunittest',)},
16:59:01     INFO -  'all_gtest_suites': {'gtest': ()},
16:59:01     INFO -  'all_jittest_suites': {'jittest': ()},
16:59:01     INFO -  'all_mochitest_suites': {'a11y': ('--flavor=a11y',),
16:59:01     INFO -                           'browser-chrome': ('--flavor=browser',),
16:59:01     INFO -                           'browser-chrome-addons': ('--flavor=browser',
16:59:01     INFO -                                                     '--chunk-by-runtime',
16:59:01     INFO -                                                     '--tag=addons'),
16:59:01     INFO -                           'browser-chrome-chunked': ('--flavor=browser',
16:59:01     INFO -                                                      '--chunk-by-runtime'),
16:59:01     INFO -                           'browser-chrome-clipboard': ('--flavor=browser',
16:59:01     INFO -                                                        '--subsuite=clipboard'),
16:59:01     INFO -                           'browser-chrome-gpu': ('--flavor=browser',
16:59:01     INFO -                                                  '--subsuite=gpu'),
16:59:01     INFO -                           'browser-chrome-screenshots': ('--flavor=browser',
16:59:01     INFO -                                                          '--subsuite=screenshots'),
16:59:01     INFO -                           'chrome': ('--flavor=chrome',),
16:59:01     INFO -                           'chrome-chunked': ('--flavor=chrome',
16:59:01     INFO -                                              '--chunk-by-dir=4'),
16:59:01     INFO -                           'chrome-clipboard': ('--flavor=chrome',
16:59:01     INFO -                                                '--subsuite=clipboard'),
16:59:01     INFO -                           'chrome-gpu': ('--flavor=chrome', '--subsuite=gpu'),
16:59:01     INFO -                           'jetpack-addon': ('--flavor=jetpack-addon',),
16:59:01     INFO -                           'jetpack-package': ('--flavor=jetpack-package',),
16:59:01     INFO -                           'jetpack-package-clipboard': ('--flavor=jetpack-package',
16:59:01     INFO -                                                         '--subsuite=clipboard'),
16:59:01     INFO -                           'mochitest-devtools-chrome': ('--flavor=browser',
16:59:01     INFO -                                                         '--subsuite=devtools'),
16:59:01     INFO -                           'mochitest-devtools-chrome-chunked': ('--flavor=browser',
16:59:01     INFO -                                                                 '--subsuite=devtools',
16:59:01     INFO -                                                                 '--chunk-by-runtime'),
16:59:01     INFO -                           'mochitest-gl': ('--subsuite=webgl',),
16:59:01     INFO -                           'mochitest-media': ('--subsuite=media',),
16:59:01     INFO -                           'plain': (),
16:59:01     INFO -                           'plain-chunked': ('--chunk-by-dir=4',),
16:59:01     INFO -                           'plain-clipboard': ('--subsuite=clipboard',),
16:59:01     INFO -                           'plain-gpu': ('--subsuite=gpu',)},
16:59:01     INFO -  'all_mozbase_suites': {'mozbase': ()},
16:59:01     INFO -  'all_reftest_suites': {'crashtest': {'options': ('--suite=crashtest',),
16:59:01     INFO -                                       'tests': ('tests/reftest/tests/testing/crashtest/crashtests.list',)},
16:59:01     INFO -                         'jsreftest': {'options': ('--extra-profile-file=tests/jsreftest/tests/user.js',),
16:59:01     INFO -                                       'tests': ('tests/jsreftest/tests/jstests.list',)},
16:59:01     INFO -                         'reftest': {'options': ('--suite=reftest',),
16:59:01     INFO -                                     'tests': ('tests/reftest/tests/layout/reftests/reftest.list',)}},
16:59:01     INFO -  'all_xpcshell_suites': {'xpcshell': {'options': ('--xpcshell=%(abs_app_dir)s/xpcshell',
16:59:01     INFO -                                                   '--manifest=tests/xpcshell/tests/xpcshell.ini'),
16:59:01     INFO -                                       'tests': ()},
16:59:01     INFO -                          'xpcshell-addons': {'options': ('--xpcshell=%(abs_app_dir)s/xpcshell',
16:59:01     INFO -                                                          '--tag=addons',
16:59:01     INFO -                                                          '--manifest=tests/xpcshell/tests/xpcshell.ini'),
16:59:01     INFO -                                              'tests': ()}},
16:59:01     INFO -  'allow_software_gl_layers': False,
16:59:01     INFO -  'append_to_log': False,
16:59:01     INFO -  'base_work_dir': '/builds/slave/test',
16:59:01     INFO -  'blob_upload_branch': 'mozilla-esr52',
16:59:01     INFO -  'blob_uploader_auth_file': '/builds/slave/test/oauth.txt',
16:59:01     INFO -  'buildbot_json_path': 'buildprops.json',
16:59:01     INFO -  'buildbot_max_log_size': 52428800,
16:59:01     INFO -  'code_coverage': False,
16:59:01     INFO -  'config_files': ('unittests/mac_unittest.py',),
16:59:01     INFO -  'default_blob_upload_servers': ('https://blobupload.elasticbeanstalk.com',),
16:59:01     INFO -  'download_minidump_stackwalk': True,
16:59:01     INFO -  'download_nodejs': True,
16:59:01     INFO -  'download_symbols': 'ondemand',
16:59:01     INFO -  'e10s': True,
16:59:01     INFO -  'exe_suffix': '',
16:59:01     INFO -  'exes': {'python': '/tools/buildbot/bin/python',
16:59:01     INFO -           'tooltool.py': '/tools/tooltool.py',
16:59:01     INFO -           'virtualenv': ('/tools/buildbot/bin/python',
16:59:01     INFO -                          '/tools/misc-python/virtualenv.py')},
16:59:01     INFO -  'find_links': ('http://pypi.pvt.build.mozilla.org/pub',
16:59:01     INFO -                 'http://pypi.pub.build.mozilla.org/pub'),
16:59:01     INFO -  'installer_path': '/builds/slave/test/installer.dmg',
16:59:01     INFO -  'log_level': 'info',
16:59:01     INFO -  'log_to_console': True,
16:59:01     INFO -  'minidump_save_path': '%(abs_work_dir)s/../minidumps',
16:59:01     INFO -  'minidump_stackwalk_path': 'macosx64-minidump_stackwalk',
16:59:01     INFO -  'minidump_tooltool_manifest_path': 'config/tooltool-manifests/macosx64/releng.manifest',
16:59:01     INFO -  'minimum_tests_zip_dirs': ('bin/*',
16:59:01     INFO -                             'certs/*',
16:59:01     INFO -                             'config/*',
16:59:01     INFO -                             'mach',
16:59:01     INFO -                             'marionette/*',
16:59:01     INFO -                             'modules/*',
16:59:01     INFO -                             'mozbase/*',
16:59:01     INFO -                             'tools/*'),
16:59:01     INFO -  'no_random': False,
16:59:01     INFO -  'nodejs_path': 'node-osx/bin/node',
16:59:01     INFO -  'nodejs_tooltool_manifest_path': 'config/tooltool-manifests/macosx64/nodejs.manifest',
16:59:01     INFO -  'opt_config_files': (),
16:59:01     INFO -  'pip_index': False,
16:59:01     INFO -  'preflight_run_cmd_suites': ({'architectures': ('32bit', '64bit'),
16:59:01     INFO -                                'cmd': ('xset', 's', 'off', 's', 'reset'),
16:59:01     INFO -                                'enabled': False,
16:59:01     INFO -                                'halt_on_failure': False,
16:59:01     INFO -                                'name': 'disable_screen_saver'},
16:59:01     INFO -                               {'architectures': ('32bit',),
16:59:01     INFO -                                'cmd': ('python',
16:59:01     INFO -                                        '../scripts/external_tools/mouse_and_screen_resolution.py',
16:59:01     INFO -                                        '--configuration-file',
16:59:01     INFO -                                        '../scripts/external_tools/machine-configuration.json'),
16:59:01     INFO -                                'enabled': False,
16:59:01     INFO -                                'halt_on_failure': True,
16:59:01     INFO -                                'name': 'run mouse & screen adjustment script'}),
16:59:01     INFO -  'require_test_zip': True,
16:59:01     INFO -  'run_all_suites': False,
16:59:01     INFO -  'run_cmd_checks_enabled': True,
16:59:02     INFO -  'run_file_names': {'cppunittest': 'runcppunittests.py',
16:59:02     INFO -                     'gtest': 'rungtests.py',
16:59:02     INFO -                     'jittest': 'jit_test.py',
16:59:02     INFO -                     'mochitest': 'runtests.py',
16:59:02     INFO -                     'mozbase': 'test.py',
16:59:02     INFO -                     'mozmill': 'runtestlist.py',
16:59:02     INFO -                     'reftest': 'runreftest.py',
16:59:02     INFO -                     'xpcshell': 'runxpcshelltests.py'},
16:59:02     INFO -  'specific_tests_zip_dirs': {'cppunittest': ('cppunittest/*',),
16:59:02     INFO -                              'gtest': ('gtest/*',),
16:59:02     INFO -                              'jittest': ('jit-test/*',),
16:59:02     INFO -                              'mochitest': ('mochitest/*',),
16:59:02     INFO -                              'mozbase': ('mozbase/*',),
16:59:02     INFO -                              'mozmill': ('mozmill/*',),
16:59:02     INFO -                              'reftest': ('reftest/*', 'jsreftest/*'),
16:59:02     INFO -                              'xpcshell': ('xpcshell/*',)},
16:59:02     INFO -  'specified_mochitest_suites': ('plain-gpu',
16:59:02     INFO -                                 'chrome-gpu',
16:59:02     INFO -                                 'browser-chrome-gpu'),
16:59:02     INFO -  'strict_content_sandbox': False,
16:59:02     INFO -  'suite_definitions': {'cppunittest': {'options': ('--symbols-path=%(symbols_path)s',
16:59:02     INFO -                                                    '--xre-path=%(abs_res_dir)s'),
16:59:02     INFO -                                        'run_filename': 'runcppunittests.py',
16:59:02     INFO -                                        'testsdir': 'cppunittest'},
16:59:02     INFO -                        'gtest': {'options': ('--xre-path=%(abs_res_dir)s',
16:59:02     INFO -                                              '--cwd=%(gtest_dir)s',
16:59:02     INFO -                                              '--symbols-path=%(symbols_path)s',
16:59:02     INFO -                                              '--utility-path=tests/bin',
16:59:02     INFO -                                              '%(binary_path)s'),
16:59:02     INFO -                                  'run_filename': 'rungtests.py'},
16:59:02     INFO -                        'jittest': {'options': ('tests/bin/js',
16:59:02     INFO -                                                '--no-slow',
16:59:02     INFO -                                                '--no-progress',
16:59:02     INFO -                                                '--format=automation',
16:59:02     INFO -                                                '--jitflags=all',
16:59:02     INFO -                                                '--timeout=970'),
16:59:02     INFO -                                    'run_filename': 'jit_test.py',
16:59:02     INFO -                                    'run_timeout': 1000,
16:59:02     INFO -                                    'testsdir': 'jit-test/jit-test'},
16:59:02     INFO -                        'mochitest': {'options': ('--appname=%(binary_path)s',
16:59:02     INFO -                                                  '--utility-path=tests/bin',
16:59:02     INFO -                                                  '--extra-profile-file=tests/bin/plugins',
16:59:02     INFO -                                                  '--symbols-path=%(symbols_path)s',
16:59:02     INFO -                                                  '--certificate-path=tests/certs',
16:59:02     INFO -                                                  '--quiet',
16:59:02     INFO -                                                  '--log-raw=%(raw_log_file)s',
16:59:02     INFO -                                                  '--log-errorsummary=%(error_summary_file)s',
16:59:02     INFO -                                                  '--screenshot-on-fail',
16:59:02     INFO -                                                  '--cleanup-crashes'),
16:59:02     INFO -                                      'run_filename': 'runtests.py',
16:59:02     INFO -                                      'testsdir': 'mochitest'},
16:59:02     INFO -                        'mozbase': {'options': ('-b', '%(binary_path)s'),
16:59:02     INFO -                                    'run_filename': 'test.py',
16:59:02     INFO -                                    'testsdir': 'mozbase'},
16:59:02     INFO -                        'mozmill': {'options': ('--binary=%(binary_path)s',
16:59:02     INFO -                                                '--testing-modules-dir=test/modules',
16:59:02     INFO -                                                '--plugins-path=%(test_plugin_path)s',
16:59:02     INFO -                                                '--symbols-path=%(symbols_path)s'),
16:59:02     INFO -                                    'run_filename': 'runtestlist.py',
16:59:02     INFO -                                    'testsdir': 'mozmill'},
16:59:02     INFO -                        'reftest': {'options': ('--appname=%(binary_path)s',
16:59:02     INFO -                                                '--utility-path=tests/bin',
16:59:02     INFO -                                                '--extra-profile-file=tests/bin/plugins',
16:59:02     INFO -                                                '--symbols-path=%(symbols_path)s',
16:59:02     INFO -                                                '--log-raw=%(raw_log_file)s',
16:59:02     INFO -                                                '--log-errorsummary=%(error_summary_file)s',
16:59:02     INFO -                                                '--cleanup-crashes'),
16:59:02     INFO -                                    'run_filename': 'runreftest.py',
16:59:02     INFO -                                    'testsdir': 'reftest'},
16:59:02     INFO -                        'xpcshell': {'options': ('--symbols-path=%(symbols_path)s',
16:59:02     INFO -                                                 '--test-plugin-path=%(test_plugin_path)s',
16:59:02     INFO -                                                 '--log-raw=%(raw_log_file)s',
16:59:02     INFO -                                                 '--log-errorsummary=%(error_summary_file)s',
16:59:02     INFO -                                                 '--utility-path=tests/bin'),
16:59:02     INFO -                                     'run_filename': 'runxpcshelltests.py',
16:59:02     INFO -                                     'testsdir': 'xpcshell'}},
16:59:02     INFO -  'tooltool_cache': '/builds/tooltool_cache',
16:59:02     INFO -  'unstructured_flavors': {'cppunittest': (),
16:59:02     INFO -                           'gtest': (),
16:59:02     INFO -                           'jittest': (),
16:59:02     INFO -                           'mochitest': ('jetpack',),
16:59:02     INFO -                           'mozbase': (),
16:59:02     INFO -                           'mozmill': (),
16:59:02     INFO -                           'xpcshell': ()},
16:59:02     INFO -  'vcs_output_timeout': 1000,
16:59:02     INFO -  'virtualenv_modules': ('six==1.10.0', 'vcversioner==2.16.0.0'),
16:59:02     INFO -  'virtualenv_path': 'venv',
16:59:02     INFO -  'volatile_config': {'actions': None, 'add_actions': None, 'no_actions': None},
16:59:02     INFO -  'work_dir': 'build',
16:59:02     INFO -  'xpcshell_name': 'xpcshell'}
16:59:02     INFO - [mozharness: 2018-06-08 23:59:02.010047Z] Running clobber step.
16:59:02     INFO - Running pre-action listener: _resource_record_pre_action
16:59:02     INFO - Running main action method: clobber
16:59:02     INFO - rmtree: /builds/slave/test/build
16:59:02     INFO - retry: Calling rmtree with args: ('/builds/slave/test/build',), kwargs: {}, attempt #1
16:59:03     INFO - Running post-action listener: _resource_record_post_action
16:59:03     INFO - [mozharness: 2018-06-08 23:59:03.704026Z] Finished clobber step (success)
16:59:03     INFO - [mozharness: 2018-06-08 23:59:03.704179Z] Running read-buildbot-config step.
16:59:03     INFO - Running pre-action listener: _resource_record_pre_action
16:59:03     INFO - Running main action method: read_buildbot_config
16:59:03     INFO - Using buildbot properties:
16:59:03     INFO - {
16:59:03     INFO -     "project": "", 
16:59:03     INFO -     "product": "firefox", 
16:59:03     INFO -     "script_repo_revision": "production", 
16:59:03     INFO -     "scheduler": "tests-mozilla-esr52-yosemite_r7-opt-unittest", 
16:59:03     INFO -     "repository": "", 
16:59:03     INFO -     "buildername": "Rev7 MacOSX Yosemite 10.10.5 mozilla-esr52 opt test mochitest-gpu-e10s", 
16:59:03     INFO -     "buildid": "20180608150819", 
16:59:03     INFO -     "pgo_build": "False", 
16:59:03     INFO -     "basedir": "/builds/slave/test", 
16:59:03     INFO -     "buildnumber": 46, 
16:59:03     INFO -     "slavename": "t-yosemite-r7-0009", 
16:59:03     INFO -     "master": "http://buildbot-master106.bb.releng.scl3.mozilla.com:8201/", 
16:59:03     INFO -     "platform": "macosx64", 
16:59:03     INFO -     "branch": "mozilla-esr52", 
16:59:03     INFO -     "revision": "cbfdf01aac455e0591471201c96b89dee98190b5", 
16:59:03     INFO -     "repo_path": "releases/mozilla-esr52", 
16:59:03     INFO -     "moz_repo_path": "", 
16:59:03     INFO -     "stage_platform": "macosx64", 
16:59:03     INFO -     "builduid": "b298b373e93d4f8dbf92436c9ed838a2", 
16:59:03     INFO -     "slavebuilddir": "test"
16:59:03     INFO - }
16:59:03     INFO - Found installer url https://queue.taskcluster.net/v1/task/HHn8t6C8SBmHWYIFt5uc2A/artifacts/public/build/firefox-52.8.2.en-US.mac.dmg.
16:59:03     INFO - Found a test packages url https://queue.taskcluster.net/v1/task/HHn8t6C8SBmHWYIFt5uc2A/artifacts/public/build/firefox-52.8.2.en-US.mac.test_packages.json.
16:59:03     INFO - Running post-action listener: _resource_record_post_action
16:59:03     INFO - [mozharness: 2018-06-08 23:59:03.707594Z] Finished read-buildbot-config step (success)
16:59:03     INFO - [mozharness: 2018-06-08 23:59:03.707689Z] Running download-and-extract step.
16:59:03     INFO - Running pre-action listener: _pre_download_and_extract
16:59:03  WARNING - Try message not found.
16:59:03     INFO - Running pre-action listener: _resource_record_pre_action
16:59:03     INFO - Running main action method: download_and_extract
16:59:03     INFO - mkdir: /builds/slave/test/build/tests
16:59:03     INFO - Downloading https://queue.taskcluster.net/v1/task/HHn8t6C8SBmHWYIFt5uc2A/artifacts/public/build/firefox-52.8.2.en-US.mac.test_packages.json to /builds/slave/test/build/firefox-52.8.2.en-US.mac.test_packages.json
16:59:03     INFO - retry: Calling _download_file with args: (), kwargs: {'url': 'https://queue.taskcluster.net/v1/task/HHn8t6C8SBmHWYIFt5uc2A/artifacts/public/build/firefox-52.8.2.en-US.mac.test_packages.json', 'file_name': '/builds/slave/test/build/firefox-52.8.2.en-US.mac.test_packages.json'}, attempt #1
16:59:04     INFO - Downloaded 1199 bytes.
16:59:04     INFO - Reading from file /builds/slave/test/build/firefox-52.8.2.en-US.mac.test_packages.json
16:59:04     INFO - Using the following test package requirements:
16:59:04     INFO - {u'common': [u'firefox-52.8.2.en-US.mac.common.tests.zip'],
16:59:04     INFO -  u'cppunittest': [u'firefox-52.8.2.en-US.mac.common.tests.zip',
16:59:04     INFO -                   u'firefox-52.8.2.en-US.mac.cppunittest.tests.zip'],
16:59:04     INFO -  u'gtest': [u'firefox-52.8.2.en-US.mac.common.tests.zip',
16:59:04     INFO -             u'firefox-52.8.2.en-US.mac.gtest.tests.zip'],
16:59:04     INFO -  u'jittest': [u'firefox-52.8.2.en-US.mac.common.tests.zip',
16:59:04     INFO -               u'jsshell-mac.zip'],
16:59:04     INFO -  u'mochitest': [u'firefox-52.8.2.en-US.mac.common.tests.zip',
16:59:04     INFO -                 u'firefox-52.8.2.en-US.mac.mochitest.tests.zip'],
16:59:04     INFO -  u'mozbase': [u'firefox-52.8.2.en-US.mac.common.tests.zip'],
16:59:04     INFO -  u'reftest': [u'firefox-52.8.2.en-US.mac.common.tests.zip',
16:59:04     INFO -               u'firefox-52.8.2.en-US.mac.reftest.tests.zip'],
16:59:04     INFO -  u'talos': [u'firefox-52.8.2.en-US.mac.common.tests.zip',
16:59:04     INFO -             u'firefox-52.8.2.en-US.mac.talos.tests.zip'],
16:59:04     INFO -  u'web-platform': [u'firefox-52.8.2.en-US.mac.common.tests.zip',
16:59:04     INFO -                    u'firefox-52.8.2.en-US.mac.web-platform.tests.zip'],
16:59:04     INFO -  u'xpcshell': [u'firefox-52.8.2.en-US.mac.common.tests.zip',
16:59:04     INFO -                u'firefox-52.8.2.en-US.mac.xpcshell.tests.zip']}
16:59:04     INFO - Downloading packages: [u'firefox-52.8.2.en-US.mac.common.tests.zip', u'firefox-52.8.2.en-US.mac.mochitest.tests.zip'] for test suite category: mochitest
16:59:04     INFO - Adding 'mozinfo.json' for extraction from common.tests zip file
16:59:04     INFO - Downloading and extracting to /builds/slave/test/build/tests these dirs bin/*, certs/*, config/*, mach, marionette/*, modules/*, mozbase/*, tools/*, mochitest/*, mozinfo.json from https://queue.taskcluster.net/v1/task/HHn8t6C8SBmHWYIFt5uc2A/artifacts/public/build/firefox-52.8.2.en-US.mac.common.tests.zip
16:59:04     INFO - retry: Calling fetch_url_into_memory with args: (), kwargs: {'url': u'https://queue.taskcluster.net/v1/task/HHn8t6C8SBmHWYIFt5uc2A/artifacts/public/build/firefox-52.8.2.en-US.mac.common.tests.zip'}, attempt #1
16:59:04     INFO - Fetch https://queue.taskcluster.net/v1/task/HHn8t6C8SBmHWYIFt5uc2A/artifacts/public/build/firefox-52.8.2.en-US.mac.common.tests.zip into memory
16:59:05     INFO - Http code: 200
16:59:05     INFO - via: 1.1 81871f1c889cc44b6c25e3ef722a3801.cloudfront.net (CloudFront)
16:59:05     INFO - x-amz-cf-id: fXhbFu9TSuNIrHy1NDvoQ5s2ExzfdOtdPqoCLJLT7RX9Cctt2GUygQ==
16:59:05     INFO - x-amz-version-id: UkqyOZq8WNz45.a28JfbTxANLCd8IcMh
16:59:05     INFO - Expected file size: 16042780
16:59:05     INFO - Obtained file size: 16042780
16:59:06     INFO - Downloading and extracting to /builds/slave/test/build/tests these dirs bin/*, certs/*, config/*, mach, marionette/*, modules/*, mozbase/*, tools/*, mochitest/*, mozinfo.json from https://queue.taskcluster.net/v1/task/HHn8t6C8SBmHWYIFt5uc2A/artifacts/public/build/firefox-52.8.2.en-US.mac.mochitest.tests.zip
16:59:06     INFO - retry: Calling fetch_url_into_memory with args: (), kwargs: {'url': u'https://queue.taskcluster.net/v1/task/HHn8t6C8SBmHWYIFt5uc2A/artifacts/public/build/firefox-52.8.2.en-US.mac.mochitest.tests.zip'}, attempt #1
16:59:06     INFO - Fetch https://queue.taskcluster.net/v1/task/HHn8t6C8SBmHWYIFt5uc2A/artifacts/public/build/firefox-52.8.2.en-US.mac.mochitest.tests.zip into memory
16:59:06     INFO - Http code: 200
16:59:06     INFO - via: 1.1 f0ef92e52918ab5129ebd66f2f633cbb.cloudfront.net (CloudFront)
16:59:06     INFO - x-amz-cf-id: fcruuz_UTrckrGmwh4jp9ih121_gPk2jv4mf_RRHucB-OayS7j4XBA==
16:59:06     INFO - x-amz-version-id: xgAMGpI0uaru90NO_X7ED2eFy6JPyfUY
16:59:08     INFO - Expected file size: 80335913
16:59:08     INFO - Obtained file size: 80335913
16:59:20     INFO - Downloading https://queue.taskcluster.net/v1/task/HHn8t6C8SBmHWYIFt5uc2A/artifacts/public/build/firefox-52.8.2.en-US.mac.dmg to /builds/slave/test/installer.dmg
16:59:20     INFO - retry: Calling _download_file with args: (), kwargs: {'url': 'https://queue.taskcluster.net/v1/task/HHn8t6C8SBmHWYIFt5uc2A/artifacts/public/build/firefox-52.8.2.en-US.mac.dmg', 'file_name': '/builds/slave/test/installer.dmg'}, attempt #1
16:59:22     INFO - Downloaded 82824028 bytes.
16:59:22     INFO - Setting buildbot property build_url to https://queue.taskcluster.net/v1/task/HHn8t6C8SBmHWYIFt5uc2A/artifacts/public/build/firefox-52.8.2.en-US.mac.dmg
16:59:22     INFO - mkdir: /builds/slave/test/properties
16:59:22     INFO - Writing buildbot properties ['build_url'] to /builds/slave/test/properties/build_url
16:59:22     INFO - Writing to file /builds/slave/test/properties/build_url
16:59:22     INFO - Contents:
16:59:22     INFO -  build_url:https://queue.taskcluster.net/v1/task/HHn8t6C8SBmHWYIFt5uc2A/artifacts/public/build/firefox-52.8.2.en-US.mac.dmg
16:59:23     INFO - Running post-action listener: _resource_record_post_action
16:59:23     INFO - Running post-action listener: set_extra_try_arguments
16:59:23     INFO - [mozharness: 2018-06-08 23:59:23.513441Z] Finished download-and-extract step (success)
16:59:23     INFO - [mozharness: 2018-06-08 23:59:23.513582Z] Running create-virtualenv step.
16:59:23     INFO - Running pre-action listener: _install_mozbase
16:59:23     INFO - Running pre-action listener: _pre_create_virtualenv
16:59:23     INFO - Running pre-action listener: _resource_record_pre_action
16:59:23     INFO - Running main action method: create_virtualenv
16:59:23     INFO - Creating virtualenv /builds/slave/test/build/venv
16:59:23     INFO - Running command: ['/tools/buildbot/bin/python', '/builds/slave/test/scripts/external_tools/virtualenv/virtualenv.py', '--always-copy', '/builds/slave/test/build/venv'] in /builds/slave/test/build
16:59:23     INFO - Copy/paste: /tools/buildbot/bin/python /builds/slave/test/scripts/external_tools/virtualenv/virtualenv.py --always-copy /builds/slave/test/build/venv
16:59:23     INFO - Using partial env: {'VIRTUALENV_NO_DOWNLOAD': '1'}
16:59:23     INFO -  Using real prefix '/tools/python27'
16:59:23     INFO -  New python executable in /builds/slave/test/build/venv/bin/python
16:59:25     INFO -  Installing setuptools, pip, wheel...done.
16:59:25     INFO - Return code: 0
16:59:25     INFO - Installing six==1.10.0 into virtualenv /builds/slave/test/build/venv
16:59:25     INFO - retry: Calling run_command with args: [['/builds/slave/test/build/venv/bin/pip', 'install', '--timeout', '120', '--no-index', '--find-links', 'http://pypi.pvt.build.mozilla.org/pub', '--find-links', 'http://pypi.pub.build.mozilla.org/pub', '--trusted-host', 'pypi.pub.build.mozilla.org', '--trusted-host', 'pypi.pvt.build.mozilla.org', 'six==1.10.0']], kwargs: {'error_level': 'warning', 'error_list': [{'substr': 'not found or a compiler error:', 'level': 'warning'}, {'regex': <_sre.SRE_Pattern object at 0x104b72170>, 'level': 'error'}, {'regex': <_sre.SRE_Pattern object at 0x104c14960>, 'level': 'warning'}, {'regex': <_sre.SRE_Pattern object at 0x7fd39352c920>, 'level': 'debug'}, {'substr': 'command not found', 'level': 'error'}, {'regex': <_sre.SRE_Pattern object at 0x104b051d0>, 'level': 'warning'}, {'substr': 'Traceback (most recent call last)', 'level': 'error'}, {'substr': 'SyntaxError: ', 'level': 'error'}, {'substr': 'TypeError: ', 'level': 'error'}, {'substr': 'NameError: ', 'level': 'error'}, {'substr': 'ZeroDivisionError: ', 'level': 'error'}, {'regex': <_sre.SRE_Pattern object at 0x104ae0108>, 'level': 'critical'}, {'regex': <_sre.SRE_Pattern object at 0x104afa030>, 'level': 'critical'}], 'cwd': '/builds/slave/test/build', 'env': {'VERSIONER_PYTHON_PREFER_32_BIT': 'no', 'LOGNAME': 'cltbld', 'USER': 'cltbld', 'XPC_SERVICE_NAME': '0', 'PATH': '/usr/local/sbin:/usr/local/bin:/usr/sbin:/usr/bin:/sbin:/bin:/usr/bin/X11', 'HOME': '/Users/cltbld', 'NO_EM_RESTART': '1', 'IDLEIZER_DISABLE_SHUTDOWN': 'true', 'XPCOM_DEBUG_BREAK': 'warn', 'Apple_PubSub_Socket_Render': '/private/tmp/com.apple.launchd.0pLSsYQFFe/Render', 'MOZ_NODE_PATH': '/usr/local/bin/node', 'TWISTD_LOG_PATH': '/builds/slave/twistd.log', 'GIT_SHARE_BASE_DIR': '/builds/git-shared', 'VERSIONER_PYTHON_VERSION': '2.7', 'XPC_FLAGS': '0x0', 'NO_FAIL_ON_TEST_ERRORS': '1', 'HG_SHARE_BASE_DIR': '/builds/hg-shared', 'RUNNER_CONFIG_CMD': '/opt/runner/bin/python2.7 /opt/runner/bin/runner -c /opt/runner/runner.cfg', 'MOZ_NO_REMOTE': '1', 'MOZ_HIDE_RESULTS_TABLE': '1', 'SSH_AUTH_SOCK': '/private/tmp/com.apple.launchd.5G5o1gGJ2d/Listeners', 'SHELL': '/bin/bash', 'TMPDIR': '/var/folders/y_/73jt3trx0w72555v5jn0nbtm00000w/T/', '__CF_USER_TEXT_ENCODING': '0x1C:0:0', 'PWD': '/builds/slave/test', 'PROPERTIES_FILE': '/builds/slave/test/buildprops.json'}}, attempt #1
16:59:25     INFO - Running command: ['/builds/slave/test/build/venv/bin/pip', 'install', '--timeout', '120', '--no-index', '--find-links', 'http://pypi.pvt.build.mozilla.org/pub', '--find-links', 'http://pypi.pub.build.mozilla.org/pub', '--trusted-host', 'pypi.pub.build.mozilla.org', '--trusted-host', 'pypi.pvt.build.mozilla.org', 'six==1.10.0'] in /builds/slave/test/build
16:59:25     INFO - Copy/paste: /builds/slave/test/build/venv/bin/pip install --timeout 120 --no-index --find-links http://pypi.pvt.build.mozilla.org/pub --find-links http://pypi.pub.build.mozilla.org/pub --trusted-host pypi.pub.build.mozilla.org --trusted-host pypi.pvt.build.mozilla.org six==1.10.0
16:59:25     INFO - Using env: {'Apple_PubSub_Socket_Render': '/private/tmp/com.apple.launchd.0pLSsYQFFe/Render',
16:59:25     INFO -  'GIT_SHARE_BASE_DIR': '/builds/git-shared',
16:59:25     INFO -  'HG_SHARE_BASE_DIR': '/builds/hg-shared',
16:59:25     INFO -  'HOME': '/Users/cltbld',
16:59:25     INFO -  'IDLEIZER_DISABLE_SHUTDOWN': 'true',
16:59:25     INFO -  'LOGNAME': 'cltbld',
16:59:25     INFO -  'MOZ_HIDE_RESULTS_TABLE': '1',
16:59:25     INFO -  'MOZ_NODE_PATH': '/usr/local/bin/node',
16:59:25     INFO -  'MOZ_NO_REMOTE': '1',
16:59:25     INFO -  'NO_EM_RESTART': '1',
16:59:25     INFO -  'NO_FAIL_ON_TEST_ERRORS': '1',
16:59:25     INFO -  'PATH': '/usr/local/sbin:/usr/local/bin:/usr/sbin:/usr/bin:/sbin:/bin:/usr/bin/X11',
16:59:25     INFO -  'PROPERTIES_FILE': '/builds/slave/test/buildprops.json',
16:59:25     INFO -  'PWD': '/builds/slave/test',
16:59:25     INFO -  'RUNNER_CONFIG_CMD': '/opt/runner/bin/python2.7 /opt/runner/bin/runner -c /opt/runner/runner.cfg',
16:59:25     INFO -  'SHELL': '/bin/bash',
16:59:25     INFO -  'SSH_AUTH_SOCK': '/private/tmp/com.apple.launchd.5G5o1gGJ2d/Listeners',
16:59:25     INFO -  'TMPDIR': '/var/folders/y_/73jt3trx0w72555v5jn0nbtm00000w/T/',
16:59:25     INFO -  'TWISTD_LOG_PATH': '/builds/slave/twistd.log',
16:59:25     INFO -  'USER': 'cltbld',
16:59:25     INFO -  'VERSIONER_PYTHON_PREFER_32_BIT': 'no',
16:59:25     INFO -  'VERSIONER_PYTHON_VERSION': '2.7',
16:59:25     INFO -  'XPCOM_DEBUG_BREAK': 'warn',
16:59:25     INFO -  'XPC_FLAGS': '0x0',
16:59:25     INFO -  'XPC_SERVICE_NAME': '0',
16:59:25     INFO -  '__CF_USER_TEXT_ENCODING': '0x1C:0:0'}
16:59:26     INFO -  Ignoring indexes: https://pypi.python.org/simple
16:59:26     INFO -  Collecting six==1.10.0
16:59:26     INFO -  /builds/slave/test/build/venv/lib/python2.7/site-packages/pip/_vendor/requests/packages/urllib3/util/ssl_.py:318: SNIMissingWarning: An HTTPS request has been made, but the SNI (Subject Name Indication) extension to TLS is not available on this platform. This may cause the server to present an incorrect TLS certificate, which can cause validation failures. You can upgrade to a newer version of Python to solve this. For more information, see https://urllib3.readthedocs.org/en/latest/security.html#snimissingwarning.
16:59:26     INFO -    SNIMissingWarning
16:59:26     INFO -  /builds/slave/test/build/venv/lib/python2.7/site-packages/pip/_vendor/requests/packages/urllib3/util/ssl_.py:122: InsecurePlatformWarning: A true SSLContext object is not available. This prevents urllib3 from configuring SSL appropriately and may cause certain SSL connections to fail. You can upgrade to a newer version of Python to solve this. For more information, see https://urllib3.readthedocs.org/en/latest/security.html#insecureplatformwarning.
16:59:26     INFO -    InsecurePlatformWarning
16:59:27     INFO -  /builds/slave/test/build/venv/lib/python2.7/site-packages/pip/_vendor/requests/packages/urllib3/util/ssl_.py:122: InsecurePlatformWarning: A true SSLContext object is not available. This prevents urllib3 from configuring SSL appropriately and may cause certain SSL connections to fail. You can upgrade to a newer version of Python to solve this. For more information, see https://urllib3.readthedocs.org/en/latest/security.html#insecureplatformwarning.
16:59:27     INFO -    InsecurePlatformWarning
16:59:29     INFO -    Downloading https://pypi.pvt.build.mozilla.org/pub/six-1.10.0-py2.py3-none-any.whl
16:59:29     INFO -  Installing collected packages: six
16:59:29     INFO -  Successfully installed six-1.10.0
16:59:29     INFO - Return code: 0
16:59:29     INFO - Installing vcversioner==2.16.0.0 into virtualenv /builds/slave/test/build/venv
16:59:29     INFO - retry: Calling run_command with args: [['/builds/slave/test/build/venv/bin/pip', 'install', '--timeout', '120', '--no-index', '--find-links', 'http://pypi.pvt.build.mozilla.org/pub', '--find-links', 'http://pypi.pub.build.mozilla.org/pub', '--trusted-host', 'pypi.pub.build.mozilla.org', '--trusted-host', 'pypi.pvt.build.mozilla.org', 'vcversioner==2.16.0.0']], kwargs: {'error_level': 'warning', 'error_list': [{'substr': 'not found or a compiler error:', 'level': 'warning'}, {'regex': <_sre.SRE_Pattern object at 0x104b72170>, 'level': 'error'}, {'regex': <_sre.SRE_Pattern object at 0x104c14960>, 'level': 'warning'}, {'regex': <_sre.SRE_Pattern object at 0x7fd39352c920>, 'level': 'debug'}, {'substr': 'command not found', 'level': 'error'}, {'regex': <_sre.SRE_Pattern object at 0x104b051d0>, 'level': 'warning'}, {'substr': 'Traceback (most recent call last)', 'level': 'error'}, {'substr': 'SyntaxError: ', 'level': 'error'}, {'substr': 'TypeError: ', 'level': 'error'}, {'substr': 'NameError: ', 'level': 'error'}, {'substr': 'ZeroDivisionError: ', 'level': 'error'}, {'regex': <_sre.SRE_Pattern object at 0x104ae0108>, 'level': 'critical'}, {'regex': <_sre.SRE_Pattern object at 0x104afa030>, 'level': 'critical'}], 'cwd': '/builds/slave/test/build', 'env': {'VERSIONER_PYTHON_PREFER_32_BIT': 'no', 'LOGNAME': 'cltbld', 'USER': 'cltbld', 'XPC_SERVICE_NAME': '0', 'PATH': '/usr/local/sbin:/usr/local/bin:/usr/sbin:/usr/bin:/sbin:/bin:/usr/bin/X11', 'HOME': '/Users/cltbld', 'NO_EM_RESTART': '1', 'IDLEIZER_DISABLE_SHUTDOWN': 'true', 'XPCOM_DEBUG_BREAK': 'warn', 'Apple_PubSub_Socket_Render': '/private/tmp/com.apple.launchd.0pLSsYQFFe/Render', 'MOZ_NODE_PATH': '/usr/local/bin/node', 'TWISTD_LOG_PATH': '/builds/slave/twistd.log', 'GIT_SHARE_BASE_DIR': '/builds/git-shared', 'VERSIONER_PYTHON_VERSION': '2.7', 'XPC_FLAGS': '0x0', 'NO_FAIL_ON_TEST_ERRORS': '1', 'HG_SHARE_BASE_DIR': '/builds/hg-shared', 'RUNNER_CONFIG_CMD': '/opt/runner/bin/python2.7 /opt/runner/bin/runner -c /opt/runner/runner.cfg', 'MOZ_NO_REMOTE': '1', 'MOZ_HIDE_RESULTS_TABLE': '1', 'SSH_AUTH_SOCK': '/private/tmp/com.apple.launchd.5G5o1gGJ2d/Listeners', 'SHELL': '/bin/bash', 'TMPDIR': '/var/folders/y_/73jt3trx0w72555v5jn0nbtm00000w/T/', '__CF_USER_TEXT_ENCODING': '0x1C:0:0', 'PWD': '/builds/slave/test', 'PROPERTIES_FILE': '/builds/slave/test/buildprops.json'}}, attempt #1
16:59:29     INFO - Running command: ['/builds/slave/test/build/venv/bin/pip', 'install', '--timeout', '120', '--no-index', '--find-links', 'http://pypi.pvt.build.mozilla.org/pub', '--find-links', 'http://pypi.pub.build.mozilla.org/pub', '--trusted-host', 'pypi.pub.build.mozilla.org', '--trusted-host', 'pypi.pvt.build.mozilla.org', 'vcversioner==2.16.0.0'] in /builds/slave/test/build
16:59:29     INFO - Copy/paste: /builds/slave/test/build/venv/bin/pip install --timeout 120 --no-index --find-links http://pypi.pvt.build.mozilla.org/pub --find-links http://pypi.pub.build.mozilla.org/pub --trusted-host pypi.pub.build.mozilla.org --trusted-host pypi.pvt.build.mozilla.org vcversioner==2.16.0.0
16:59:29     INFO - Using env: {'Apple_PubSub_Socket_Render': '/private/tmp/com.apple.launchd.0pLSsYQFFe/Render',
16:59:29     INFO -  'GIT_SHARE_BASE_DIR': '/builds/git-shared',
16:59:29     INFO -  'HG_SHARE_BASE_DIR': '/builds/hg-shared',
16:59:29     INFO -  'HOME': '/Users/cltbld',
16:59:29     INFO -  'IDLEIZER_DISABLE_SHUTDOWN': 'true',
16:59:29     INFO -  'LOGNAME': 'cltbld',
16:59:29     INFO -  'MOZ_HIDE_RESULTS_TABLE': '1',
16:59:29     INFO -  'MOZ_NODE_PATH': '/usr/local/bin/node',
16:59:29     INFO -  'MOZ_NO_REMOTE': '1',
16:59:29     INFO -  'NO_EM_RESTART': '1',
16:59:29     INFO -  'NO_FAIL_ON_TEST_ERRORS': '1',
16:59:29     INFO -  'PATH': '/usr/local/sbin:/usr/local/bin:/usr/sbin:/usr/bin:/sbin:/bin:/usr/bin/X11',
16:59:29     INFO -  'PROPERTIES_FILE': '/builds/slave/test/buildprops.json',
16:59:29     INFO -  'PWD': '/builds/slave/test',
16:59:29     INFO -  'RUNNER_CONFIG_CMD': '/opt/runner/bin/python2.7 /opt/runner/bin/runner -c /opt/runner/runner.cfg',
16:59:29     INFO -  'SHELL': '/bin/bash',
16:59:29     INFO -  'SSH_AUTH_SOCK': '/private/tmp/com.apple.launchd.5G5o1gGJ2d/Listeners',
16:59:29     INFO -  'TMPDIR': '/var/folders/y_/73jt3trx0w72555v5jn0nbtm00000w/T/',
16:59:29     INFO -  'TWISTD_LOG_PATH': '/builds/slave/twistd.log',
16:59:29     INFO -  'USER': 'cltbld',
16:59:29     INFO -  'VERSIONER_PYTHON_PREFER_32_BIT': 'no',
16:59:29     INFO -  'VERSIONER_PYTHON_VERSION': '2.7',
16:59:29     INFO -  'XPCOM_DEBUG_BREAK': 'warn',
16:59:29     INFO -  'XPC_FLAGS': '0x0',
16:59:29     INFO -  'XPC_SERVICE_NAME': '0',
16:59:29     INFO -  '__CF_USER_TEXT_ENCODING': '0x1C:0:0'}
16:59:29     INFO -  Ignoring indexes: https://pypi.python.org/simple
16:59:29     INFO -  Collecting vcversioner==2.16.0.0
16:59:29     INFO -  /builds/slave/test/build/venv/lib/python2.7/site-packages/pip/_vendor/requests/packages/urllib3/util/ssl_.py:318: SNIMissingWarning: An HTTPS request has been made, but the SNI (Subject Name Indication) extension to TLS is not available on this platform. This may cause the server to present an incorrect TLS certificate, which can cause validation failures. You can upgrade to a newer version of Python to solve this. For more information, see https://urllib3.readthedocs.org/en/latest/security.html#snimissingwarning.
16:59:29     INFO -    SNIMissingWarning
16:59:29     INFO -  /builds/slave/test/build/venv/lib/python2.7/site-packages/pip/_vendor/requests/packages/urllib3/util/ssl_.py:122: InsecurePlatformWarning: A true SSLContext object is not available. This prevents urllib3 from configuring SSL appropriately and may cause certain SSL connections to fail. You can upgrade to a newer version of Python to solve this. For more information, see https://urllib3.readthedocs.org/en/latest/security.html#insecureplatformwarning.
16:59:29     INFO -    InsecurePlatformWarning
16:59:30     INFO -  /builds/slave/test/build/venv/lib/python2.7/site-packages/pip/_vendor/requests/packages/urllib3/util/ssl_.py:122: InsecurePlatformWarning: A true SSLContext object is not available. This prevents urllib3 from configuring SSL appropriately and may cause certain SSL connections to fail. You can upgrade to a newer version of Python to solve this. For more information, see https://urllib3.readthedocs.org/en/latest/security.html#insecureplatformwarning.
16:59:30     INFO -    InsecurePlatformWarning
16:59:32     INFO -  Installing collected packages: vcversioner
16:59:32     INFO -  Successfully installed vcversioner-2.16.0.0
16:59:32     INFO - Return code: 0
16:59:32     INFO - Installing psutil>=3.1.1 into virtualenv /builds/slave/test/build/venv
16:59:32     INFO - retry: Calling run_command with args: [['/builds/slave/test/build/venv/bin/pip', 'install', '--timeout', '120', '--no-index', '--find-links', 'http://pypi.pvt.build.mozilla.org/pub', '--find-links', 'http://pypi.pub.build.mozilla.org/pub', '--trusted-host', 'pypi.pub.build.mozilla.org', '--trusted-host', 'pypi.pvt.build.mozilla.org', 'psutil>=3.1.1']], kwargs: {'error_level': 'warning', 'error_list': [{'substr': 'not found or a compiler error:', 'level': 'warning'}, {'regex': <_sre.SRE_Pattern object at 0x104b72170>, 'level': 'error'}, {'regex': <_sre.SRE_Pattern object at 0x104c14960>, 'level': 'warning'}, {'regex': <_sre.SRE_Pattern object at 0x7fd39352c920>, 'level': 'debug'}, {'substr': 'command not found', 'level': 'error'}, {'regex': <_sre.SRE_Pattern object at 0x104b051d0>, 'level': 'warning'}, {'substr': 'Traceback (most recent call last)', 'level': 'error'}, {'substr': 'SyntaxError: ', 'level': 'error'}, {'substr': 'TypeError: ', 'level': 'error'}, {'substr': 'NameError: ', 'level': 'error'}, {'substr': 'ZeroDivisionError: ', 'level': 'error'}, {'regex': <_sre.SRE_Pattern object at 0x104ae0108>, 'level': 'critical'}, {'regex': <_sre.SRE_Pattern object at 0x104afa030>, 'level': 'critical'}], 'cwd': '/builds/slave/test/build', 'env': {'VERSIONER_PYTHON_PREFER_32_BIT': 'no', 'LOGNAME': 'cltbld', 'USER': 'cltbld', 'XPC_SERVICE_NAME': '0', 'PATH': '/usr/local/sbin:/usr/local/bin:/usr/sbin:/usr/bin:/sbin:/bin:/usr/bin/X11', 'HOME': '/Users/cltbld', 'NO_EM_RESTART': '1', 'IDLEIZER_DISABLE_SHUTDOWN': 'true', 'XPCOM_DEBUG_BREAK': 'warn', 'Apple_PubSub_Socket_Render': '/private/tmp/com.apple.launchd.0pLSsYQFFe/Render', 'MOZ_NODE_PATH': '/usr/local/bin/node', 'TWISTD_LOG_PATH': '/builds/slave/twistd.log', 'GIT_SHARE_BASE_DIR': '/builds/git-shared', 'VERSIONER_PYTHON_VERSION': '2.7', 'XPC_FLAGS': '0x0', 'NO_FAIL_ON_TEST_ERRORS': '1', 'HG_SHARE_BASE_DIR': '/builds/hg-shared', 'RUNNER_CONFIG_CMD': '/opt/runner/bin/python2.7 /opt/runner/bin/runner -c /opt/runner/runner.cfg', 'MOZ_NO_REMOTE': '1', 'MOZ_HIDE_RESULTS_TABLE': '1', 'SSH_AUTH_SOCK': '/private/tmp/com.apple.launchd.5G5o1gGJ2d/Listeners', 'SHELL': '/bin/bash', 'TMPDIR': '/var/folders/y_/73jt3trx0w72555v5jn0nbtm00000w/T/', '__CF_USER_TEXT_ENCODING': '0x1C:0:0', 'PWD': '/builds/slave/test', 'PROPERTIES_FILE': '/builds/slave/test/buildprops.json'}}, attempt #1
16:59:32     INFO - Running command: ['/builds/slave/test/build/venv/bin/pip', 'install', '--timeout', '120', '--no-index', '--find-links', 'http://pypi.pvt.build.mozilla.org/pub', '--find-links', 'http://pypi.pub.build.mozilla.org/pub', '--trusted-host', 'pypi.pub.build.mozilla.org', '--trusted-host', 'pypi.pvt.build.mozilla.org', 'psutil>=3.1.1'] in /builds/slave/test/build
16:59:32     INFO - Copy/paste: /builds/slave/test/build/venv/bin/pip install --timeout 120 --no-index --find-links http://pypi.pvt.build.mozilla.org/pub --find-links http://pypi.pub.build.mozilla.org/pub --trusted-host pypi.pub.build.mozilla.org --trusted-host pypi.pvt.build.mozilla.org psutil>=3.1.1
16:59:32     INFO - Using env: {'Apple_PubSub_Socket_Render': '/private/tmp/com.apple.launchd.0pLSsYQFFe/Render',
16:59:32     INFO -  'GIT_SHARE_BASE_DIR': '/builds/git-shared',
16:59:32     INFO -  'HG_SHARE_BASE_DIR': '/builds/hg-shared',
16:59:32     INFO -  'HOME': '/Users/cltbld',
16:59:32     INFO -  'IDLEIZER_DISABLE_SHUTDOWN': 'true',
16:59:32     INFO -  'LOGNAME': 'cltbld',
16:59:32     INFO -  'MOZ_HIDE_RESULTS_TABLE': '1',
16:59:32     INFO -  'MOZ_NODE_PATH': '/usr/local/bin/node',
16:59:32     INFO -  'MOZ_NO_REMOTE': '1',
16:59:32     INFO -  'NO_EM_RESTART': '1',
16:59:32     INFO -  'NO_FAIL_ON_TEST_ERRORS': '1',
16:59:32     INFO -  'PATH': '/usr/local/sbin:/usr/local/bin:/usr/sbin:/usr/bin:/sbin:/bin:/usr/bin/X11',
16:59:32     INFO -  'PROPERTIES_FILE': '/builds/slave/test/buildprops.json',
16:59:32     INFO -  'PWD': '/builds/slave/test',
16:59:32     INFO -  'RUNNER_CONFIG_CMD': '/opt/runner/bin/python2.7 /opt/runner/bin/runner -c /opt/runner/runner.cfg',
16:59:32     INFO -  'SHELL': '/bin/bash',
16:59:32     INFO -  'SSH_AUTH_SOCK': '/private/tmp/com.apple.launchd.5G5o1gGJ2d/Listeners',
16:59:32     INFO -  'TMPDIR': '/var/folders/y_/73jt3trx0w72555v5jn0nbtm00000w/T/',
16:59:32     INFO -  'TWISTD_LOG_PATH': '/builds/slave/twistd.log',
16:59:32     INFO -  'USER': 'cltbld',
16:59:32     INFO -  'VERSIONER_PYTHON_PREFER_32_BIT': 'no',
16:59:32     INFO -  'VERSIONER_PYTHON_VERSION': '2.7',
16:59:32     INFO -  'XPCOM_DEBUG_BREAK': 'warn',
16:59:32     INFO -  'XPC_FLAGS': '0x0',
16:59:32     INFO -  'XPC_SERVICE_NAME': '0',
16:59:32     INFO -  '__CF_USER_TEXT_ENCODING': '0x1C:0:0'}
16:59:32     INFO -  Ignoring indexes: https://pypi.python.org/simple
16:59:32     INFO -  Collecting psutil>=3.1.1
16:59:32     INFO -  /builds/slave/test/build/venv/lib/python2.7/site-packages/pip/_vendor/requests/packages/urllib3/util/ssl_.py:318: SNIMissingWarning: An HTTPS request has been made, but the SNI (Subject Name Indication) extension to TLS is not available on this platform. This may cause the server to present an incorrect TLS certificate, which can cause validation failures. You can upgrade to a newer version of Python to solve this. For more information, see https://urllib3.readthedocs.org/en/latest/security.html#snimissingwarning.
16:59:32     INFO -    SNIMissingWarning
16:59:32     INFO -  /builds/slave/test/build/venv/lib/python2.7/site-packages/pip/_vendor/requests/packages/urllib3/util/ssl_.py:122: InsecurePlatformWarning: A true SSLContext object is not available. This prevents urllib3 from configuring SSL appropriately and may cause certain SSL connections to fail. You can upgrade to a newer version of Python to solve this. For more information, see https://urllib3.readthedocs.org/en/latest/security.html#insecureplatformwarning.
16:59:32     INFO -    InsecurePlatformWarning
16:59:33     INFO -  /builds/slave/test/build/venv/lib/python2.7/site-packages/pip/_vendor/requests/packages/urllib3/util/ssl_.py:122: InsecurePlatformWarning: A true SSLContext object is not available. This prevents urllib3 from configuring SSL appropriately and may cause certain SSL connections to fail. You can upgrade to a newer version of Python to solve this. For more information, see https://urllib3.readthedocs.org/en/latest/security.html#insecureplatformwarning.
16:59:33     INFO -    InsecurePlatformWarning
16:59:35     INFO -  Installing collected packages: psutil
16:59:35     INFO -  Successfully installed psutil-5.4.3
16:59:35     INFO - Return code: 0
16:59:35     INFO - Installing mozsystemmonitor==0.3 into virtualenv /builds/slave/test/build/venv
16:59:35     INFO - retry: Calling run_command with args: [['/builds/slave/test/build/venv/bin/pip', 'install', '--timeout', '120', '--no-index', '--find-links', 'http://pypi.pvt.build.mozilla.org/pub', '--find-links', 'http://pypi.pub.build.mozilla.org/pub', '--trusted-host', 'pypi.pub.build.mozilla.org', '--trusted-host', 'pypi.pvt.build.mozilla.org', 'mozsystemmonitor==0.3']], kwargs: {'error_level': 'warning', 'error_list': [{'substr': 'not found or a compiler error:', 'level': 'warning'}, {'regex': <_sre.SRE_Pattern object at 0x104b72170>, 'level': 'error'}, {'regex': <_sre.SRE_Pattern object at 0x104c14960>, 'level': 'warning'}, {'regex': <_sre.SRE_Pattern object at 0x7fd39352c920>, 'level': 'debug'}, {'substr': 'command not found', 'level': 'error'}, {'regex': <_sre.SRE_Pattern object at 0x104b051d0>, 'level': 'warning'}, {'substr': 'Traceback (most recent call last)', 'level': 'error'}, {'substr': 'SyntaxError: ', 'level': 'error'}, {'substr': 'TypeError: ', 'level': 'error'}, {'substr': 'NameError: ', 'level': 'error'}, {'substr': 'ZeroDivisionError: ', 'level': 'error'}, {'regex': <_sre.SRE_Pattern object at 0x104ae0108>, 'level': 'critical'}, {'regex': <_sre.SRE_Pattern object at 0x104afa030>, 'level': 'critical'}], 'cwd': '/builds/slave/test/build', 'env': {'VERSIONER_PYTHON_PREFER_32_BIT': 'no', 'LOGNAME': 'cltbld', 'USER': 'cltbld', 'XPC_SERVICE_NAME': '0', 'PATH': '/usr/local/sbin:/usr/local/bin:/usr/sbin:/usr/bin:/sbin:/bin:/usr/bin/X11', 'HOME': '/Users/cltbld', 'NO_EM_RESTART': '1', 'IDLEIZER_DISABLE_SHUTDOWN': 'true', 'XPCOM_DEBUG_BREAK': 'warn', 'Apple_PubSub_Socket_Render': '/private/tmp/com.apple.launchd.0pLSsYQFFe/Render', 'MOZ_NODE_PATH': '/usr/local/bin/node', 'TWISTD_LOG_PATH': '/builds/slave/twistd.log', 'GIT_SHARE_BASE_DIR': '/builds/git-shared', 'VERSIONER_PYTHON_VERSION': '2.7', 'XPC_FLAGS': '0x0', 'NO_FAIL_ON_TEST_ERRORS': '1', 'HG_SHARE_BASE_DIR': '/builds/hg-shared', 'RUNNER_CONFIG_CMD': '/opt/runner/bin/python2.7 /opt/runner/bin/runner -c /opt/runner/runner.cfg', 'MOZ_NO_REMOTE': '1', 'MOZ_HIDE_RESULTS_TABLE': '1', 'SSH_AUTH_SOCK': '/private/tmp/com.apple.launchd.5G5o1gGJ2d/Listeners', 'SHELL': '/bin/bash', 'TMPDIR': '/var/folders/y_/73jt3trx0w72555v5jn0nbtm00000w/T/', '__CF_USER_TEXT_ENCODING': '0x1C:0:0', 'PWD': '/builds/slave/test', 'PROPERTIES_FILE': '/builds/slave/test/buildprops.json'}}, attempt #1
16:59:35     INFO - Running command: ['/builds/slave/test/build/venv/bin/pip', 'install', '--timeout', '120', '--no-index', '--find-links', 'http://pypi.pvt.build.mozilla.org/pub', '--find-links', 'http://pypi.pub.build.mozilla.org/pub', '--trusted-host', 'pypi.pub.build.mozilla.org', '--trusted-host', 'pypi.pvt.build.mozilla.org', 'mozsystemmonitor==0.3'] in /builds/slave/test/build
16:59:35     INFO - Copy/paste: /builds/slave/test/build/venv/bin/pip install --timeout 120 --no-index --find-links http://pypi.pvt.build.mozilla.org/pub --find-links http://pypi.pub.build.mozilla.org/pub --trusted-host pypi.pub.build.mozilla.org --trusted-host pypi.pvt.build.mozilla.org mozsystemmonitor==0.3
16:59:35     INFO - Using env: {'Apple_PubSub_Socket_Render': '/private/tmp/com.apple.launchd.0pLSsYQFFe/Render',
16:59:35     INFO -  'GIT_SHARE_BASE_DIR': '/builds/git-shared',
16:59:35     INFO -  'HG_SHARE_BASE_DIR': '/builds/hg-shared',
16:59:35     INFO -  'HOME': '/Users/cltbld',
16:59:35     INFO -  'IDLEIZER_DISABLE_SHUTDOWN': 'true',
16:59:35     INFO -  'LOGNAME': 'cltbld',
16:59:35     INFO -  'MOZ_HIDE_RESULTS_TABLE': '1',
16:59:35     INFO -  'MOZ_NODE_PATH': '/usr/local/bin/node',
16:59:35     INFO -  'MOZ_NO_REMOTE': '1',
16:59:35     INFO -  'NO_EM_RESTART': '1',
16:59:35     INFO -  'NO_FAIL_ON_TEST_ERRORS': '1',
16:59:35     INFO -  'PATH': '/usr/local/sbin:/usr/local/bin:/usr/sbin:/usr/bin:/sbin:/bin:/usr/bin/X11',
16:59:35     INFO -  'PROPERTIES_FILE': '/builds/slave/test/buildprops.json',
16:59:35     INFO -  'PWD': '/builds/slave/test',
16:59:35     INFO -  'RUNNER_CONFIG_CMD': '/opt/runner/bin/python2.7 /opt/runner/bin/runner -c /opt/runner/runner.cfg',
16:59:35     INFO -  'SHELL': '/bin/bash',
16:59:35     INFO -  'SSH_AUTH_SOCK': '/private/tmp/com.apple.launchd.5G5o1gGJ2d/Listeners',
16:59:35     INFO -  'TMPDIR': '/var/folders/y_/73jt3trx0w72555v5jn0nbtm00000w/T/',
16:59:35     INFO -  'TWISTD_LOG_PATH': '/builds/slave/twistd.log',
16:59:35     INFO -  'USER': 'cltbld',
16:59:35     INFO -  'VERSIONER_PYTHON_PREFER_32_BIT': 'no',
16:59:35     INFO -  'VERSIONER_PYTHON_VERSION': '2.7',
16:59:35     INFO -  'XPCOM_DEBUG_BREAK': 'warn',
16:59:35     INFO -  'XPC_FLAGS': '0x0',
16:59:35     INFO -  'XPC_SERVICE_NAME': '0',
16:59:35     INFO -  '__CF_USER_TEXT_ENCODING': '0x1C:0:0'}
16:59:36     INFO -  Ignoring indexes: https://pypi.python.org/simple
16:59:36     INFO -  Collecting mozsystemmonitor==0.3
16:59:36     INFO -  /builds/slave/test/build/venv/lib/python2.7/site-packages/pip/_vendor/requests/packages/urllib3/util/ssl_.py:318: SNIMissingWarning: An HTTPS request has been made, but the SNI (Subject Name Indication) extension to TLS is not available on this platform. This may cause the server to present an incorrect TLS certificate, which can cause validation failures. You can upgrade to a newer version of Python to solve this. For more information, see https://urllib3.readthedocs.org/en/latest/security.html#snimissingwarning.
16:59:36     INFO -    SNIMissingWarning
16:59:36     INFO -  /builds/slave/test/build/venv/lib/python2.7/site-packages/pip/_vendor/requests/packages/urllib3/util/ssl_.py:122: InsecurePlatformWarning: A true SSLContext object is not available. This prevents urllib3 from configuring SSL appropriately and may cause certain SSL connections to fail. You can upgrade to a newer version of Python to solve this. For more information, see https://urllib3.readthedocs.org/en/latest/security.html#insecureplatformwarning.
16:59:36     INFO -    InsecurePlatformWarning
16:59:36     INFO -  /builds/slave/test/build/venv/lib/python2.7/site-packages/pip/_vendor/requests/packages/urllib3/util/ssl_.py:122: InsecurePlatformWarning: A true SSLContext object is not available. This prevents urllib3 from configuring SSL appropriately and may cause certain SSL connections to fail. You can upgrade to a newer version of Python to solve this. For more information, see https://urllib3.readthedocs.org/en/latest/security.html#insecureplatformwarning.
16:59:36     INFO -    InsecurePlatformWarning
16:59:38     INFO -  Requirement already satisfied (use --upgrade to upgrade): psutil>=3.1.1 in ./venv/lib/python2.7/site-packages (from mozsystemmonitor==0.3)
16:59:38     INFO -  Installing collected packages: mozsystemmonitor
16:59:38     INFO -  Successfully installed mozsystemmonitor-0.3
16:59:39     INFO - Return code: 0
16:59:39     INFO - Installing jsonschema==2.5.1 into virtualenv /builds/slave/test/build/venv
16:59:39     INFO - retry: Calling run_command with args: [['/builds/slave/test/build/venv/bin/pip', 'install', '--timeout', '120', '--no-index', '--find-links', 'http://pypi.pvt.build.mozilla.org/pub', '--find-links', 'http://pypi.pub.build.mozilla.org/pub', '--trusted-host', 'pypi.pub.build.mozilla.org', '--trusted-host', 'pypi.pvt.build.mozilla.org', 'jsonschema==2.5.1']], kwargs: {'error_level': 'warning', 'error_list': [{'substr': 'not found or a compiler error:', 'level': 'warning'}, {'regex': <_sre.SRE_Pattern object at 0x104b72170>, 'level': 'error'}, {'regex': <_sre.SRE_Pattern object at 0x104c14960>, 'level': 'warning'}, {'regex': <_sre.SRE_Pattern object at 0x7fd39352c920>, 'level': 'debug'}, {'substr': 'command not found', 'level': 'error'}, {'regex': <_sre.SRE_Pattern object at 0x104b051d0>, 'level': 'warning'}, {'substr': 'Traceback (most recent call last)', 'level': 'error'}, {'substr': 'SyntaxError: ', 'level': 'error'}, {'substr': 'TypeError: ', 'level': 'error'}, {'substr': 'NameError: ', 'level': 'error'}, {'substr': 'ZeroDivisionError: ', 'level': 'error'}, {'regex': <_sre.SRE_Pattern object at 0x104ae0108>, 'level': 'critical'}, {'regex': <_sre.SRE_Pattern object at 0x104afa030>, 'level': 'critical'}], 'cwd': '/builds/slave/test/build', 'env': {'VERSIONER_PYTHON_PREFER_32_BIT': 'no', 'LOGNAME': 'cltbld', 'USER': 'cltbld', 'XPC_SERVICE_NAME': '0', 'PATH': '/usr/local/sbin:/usr/local/bin:/usr/sbin:/usr/bin:/sbin:/bin:/usr/bin/X11', 'HOME': '/Users/cltbld', 'NO_EM_RESTART': '1', 'IDLEIZER_DISABLE_SHUTDOWN': 'true', 'XPCOM_DEBUG_BREAK': 'warn', 'Apple_PubSub_Socket_Render': '/private/tmp/com.apple.launchd.0pLSsYQFFe/Render', 'MOZ_NODE_PATH': '/usr/local/bin/node', 'TWISTD_LOG_PATH': '/builds/slave/twistd.log', 'GIT_SHARE_BASE_DIR': '/builds/git-shared', 'VERSIONER_PYTHON_VERSION': '2.7', 'XPC_FLAGS': '0x0', 'NO_FAIL_ON_TEST_ERRORS': '1', 'HG_SHARE_BASE_DIR': '/builds/hg-shared', 'RUNNER_CONFIG_CMD': '/opt/runner/bin/python2.7 /opt/runner/bin/runner -c /opt/runner/runner.cfg', 'MOZ_NO_REMOTE': '1', 'MOZ_HIDE_RESULTS_TABLE': '1', 'SSH_AUTH_SOCK': '/private/tmp/com.apple.launchd.5G5o1gGJ2d/Listeners', 'SHELL': '/bin/bash', 'TMPDIR': '/var/folders/y_/73jt3trx0w72555v5jn0nbtm00000w/T/', '__CF_USER_TEXT_ENCODING': '0x1C:0:0', 'PWD': '/builds/slave/test', 'PROPERTIES_FILE': '/builds/slave/test/buildprops.json'}}, attempt #1
16:59:39     INFO - Running command: ['/builds/slave/test/build/venv/bin/pip', 'install', '--timeout', '120', '--no-index', '--find-links', 'http://pypi.pvt.build.mozilla.org/pub', '--find-links', 'http://pypi.pub.build.mozilla.org/pub', '--trusted-host', 'pypi.pub.build.mozilla.org', '--trusted-host', 'pypi.pvt.build.mozilla.org', 'jsonschema==2.5.1'] in /builds/slave/test/build
16:59:39     INFO - Copy/paste: /builds/slave/test/build/venv/bin/pip install --timeout 120 --no-index --find-links http://pypi.pvt.build.mozilla.org/pub --find-links http://pypi.pub.build.mozilla.org/pub --trusted-host pypi.pub.build.mozilla.org --trusted-host pypi.pvt.build.mozilla.org jsonschema==2.5.1
16:59:39     INFO - Using env: {'Apple_PubSub_Socket_Render': '/private/tmp/com.apple.launchd.0pLSsYQFFe/Render',
16:59:39     INFO -  'GIT_SHARE_BASE_DIR': '/builds/git-shared',
16:59:39     INFO -  'HG_SHARE_BASE_DIR': '/builds/hg-shared',
16:59:39     INFO -  'HOME': '/Users/cltbld',
16:59:39     INFO -  'IDLEIZER_DISABLE_SHUTDOWN': 'true',
16:59:39     INFO -  'LOGNAME': 'cltbld',
16:59:39     INFO -  'MOZ_HIDE_RESULTS_TABLE': '1',
16:59:39     INFO -  'MOZ_NODE_PATH': '/usr/local/bin/node',
16:59:39     INFO -  'MOZ_NO_REMOTE': '1',
16:59:39     INFO -  'NO_EM_RESTART': '1',
16:59:39     INFO -  'NO_FAIL_ON_TEST_ERRORS': '1',
16:59:39     INFO -  'PATH': '/usr/local/sbin:/usr/local/bin:/usr/sbin:/usr/bin:/sbin:/bin:/usr/bin/X11',
16:59:39     INFO -  'PROPERTIES_FILE': '/builds/slave/test/buildprops.json',
16:59:39     INFO -  'PWD': '/builds/slave/test',
16:59:39     INFO -  'RUNNER_CONFIG_CMD': '/opt/runner/bin/python2.7 /opt/runner/bin/runner -c /opt/runner/runner.cfg',
16:59:39     INFO -  'SHELL': '/bin/bash',
16:59:39     INFO -  'SSH_AUTH_SOCK': '/private/tmp/com.apple.launchd.5G5o1gGJ2d/Listeners',
16:59:39     INFO -  'TMPDIR': '/var/folders/y_/73jt3trx0w72555v5jn0nbtm00000w/T/',
16:59:39     INFO -  'TWISTD_LOG_PATH': '/builds/slave/twistd.log',
16:59:39     INFO -  'USER': 'cltbld',
16:59:39     INFO -  'VERSIONER_PYTHON_PREFER_32_BIT': 'no',
16:59:39     INFO -  'VERSIONER_PYTHON_VERSION': '2.7',
16:59:39     INFO -  'XPCOM_DEBUG_BREAK': 'warn',
16:59:39     INFO -  'XPC_FLAGS': '0x0',
16:59:39     INFO -  'XPC_SERVICE_NAME': '0',
16:59:39     INFO -  '__CF_USER_TEXT_ENCODING': '0x1C:0:0'}
16:59:39     INFO -  Ignoring indexes: https://pypi.python.org/simple
16:59:39     INFO -  Collecting jsonschema==2.5.1
16:59:39     INFO -  /builds/slave/test/build/venv/lib/python2.7/site-packages/pip/_vendor/requests/packages/urllib3/util/ssl_.py:318: SNIMissingWarning: An HTTPS request has been made, but the SNI (Subject Name Indication) extension to TLS is not available on this platform. This may cause the server to present an incorrect TLS certificate, which can cause validation failures. You can upgrade to a newer version of Python to solve this. For more information, see https://urllib3.readthedocs.org/en/latest/security.html#snimissingwarning.
16:59:39     INFO -    SNIMissingWarning
16:59:39     INFO -  /builds/slave/test/build/venv/lib/python2.7/site-packages/pip/_vendor/requests/packages/urllib3/util/ssl_.py:122: InsecurePlatformWarning: A true SSLContext object is not available. This prevents urllib3 from configuring SSL appropriately and may cause certain SSL connections to fail. You can upgrade to a newer version of Python to solve this. For more information, see https://urllib3.readthedocs.org/en/latest/security.html#insecureplatformwarning.
16:59:39     INFO -    InsecurePlatformWarning
16:59:40     INFO -  /builds/slave/test/build/venv/lib/python2.7/site-packages/pip/_vendor/requests/packages/urllib3/util/ssl_.py:122: InsecurePlatformWarning: A true SSLContext object is not available. This prevents urllib3 from configuring SSL appropriately and may cause certain SSL connections to fail. You can upgrade to a newer version of Python to solve this. For more information, see https://urllib3.readthedocs.org/en/latest/security.html#insecureplatformwarning.
16:59:40     INFO -    InsecurePlatformWarning
16:59:42     INFO -    Downloading https://pypi.pvt.build.mozilla.org/pub/jsonschema-2.5.1-py2.py3-none-any.whl
16:59:42     INFO -  Collecting functools32; python_version == "2.7" (from jsonschema==2.5.1)
16:59:44     INFO -  Installing collected packages: functools32, jsonschema
16:59:44     INFO -  Successfully installed functools32-3.2.3.post2 jsonschema-2.5.1
16:59:44     INFO - Return code: 0
16:59:44     INFO - Installing functools32==3.2.3-2 into virtualenv /builds/slave/test/build/venv
16:59:44     INFO - retry: Calling run_command with args: [['/builds/slave/test/build/venv/bin/pip', 'install', '--timeout', '120', '--no-index', '--find-links', 'http://pypi.pvt.build.mozilla.org/pub', '--find-links', 'http://pypi.pub.build.mozilla.org/pub', '--trusted-host', 'pypi.pub.build.mozilla.org', '--trusted-host', 'pypi.pvt.build.mozilla.org', 'functools32==3.2.3-2']], kwargs: {'error_level': 'warning', 'error_list': [{'substr': 'not found or a compiler error:', 'level': 'warning'}, {'regex': <_sre.SRE_Pattern object at 0x104b72170>, 'level': 'error'}, {'regex': <_sre.SRE_Pattern object at 0x104c14960>, 'level': 'warning'}, {'regex': <_sre.SRE_Pattern object at 0x7fd39352c920>, 'level': 'debug'}, {'substr': 'command not found', 'level': 'error'}, {'regex': <_sre.SRE_Pattern object at 0x104b051d0>, 'level': 'warning'}, {'substr': 'Traceback (most recent call last)', 'level': 'error'}, {'substr': 'SyntaxError: ', 'level': 'error'}, {'substr': 'TypeError: ', 'level': 'error'}, {'substr': 'NameError: ', 'level': 'error'}, {'substr': 'ZeroDivisionError: ', 'level': 'error'}, {'regex': <_sre.SRE_Pattern object at 0x104ae0108>, 'level': 'critical'}, {'regex': <_sre.SRE_Pattern object at 0x104afa030>, 'level': 'critical'}], 'cwd': '/builds/slave/test/build', 'env': {'VERSIONER_PYTHON_PREFER_32_BIT': 'no', 'LOGNAME': 'cltbld', 'USER': 'cltbld', 'XPC_SERVICE_NAME': '0', 'PATH': '/usr/local/sbin:/usr/local/bin:/usr/sbin:/usr/bin:/sbin:/bin:/usr/bin/X11', 'HOME': '/Users/cltbld', 'NO_EM_RESTART': '1', 'IDLEIZER_DISABLE_SHUTDOWN': 'true', 'XPCOM_DEBUG_BREAK': 'warn', 'Apple_PubSub_Socket_Render': '/private/tmp/com.apple.launchd.0pLSsYQFFe/Render', 'MOZ_NODE_PATH': '/usr/local/bin/node', 'TWISTD_LOG_PATH': '/builds/slave/twistd.log', 'GIT_SHARE_BASE_DIR': '/builds/git-shared', 'VERSIONER_PYTHON_VERSION': '2.7', 'XPC_FLAGS': '0x0', 'NO_FAIL_ON_TEST_ERRORS': '1', 'HG_SHARE_BASE_DIR': '/builds/hg-shared', 'RUNNER_CONFIG_CMD': '/opt/runner/bin/python2.7 /opt/runner/bin/runner -c /opt/runner/runner.cfg', 'MOZ_NO_REMOTE': '1', 'MOZ_HIDE_RESULTS_TABLE': '1', 'SSH_AUTH_SOCK': '/private/tmp/com.apple.launchd.5G5o1gGJ2d/Listeners', 'SHELL': '/bin/bash', 'TMPDIR': '/var/folders/y_/73jt3trx0w72555v5jn0nbtm00000w/T/', '__CF_USER_TEXT_ENCODING': '0x1C:0:0', 'PWD': '/builds/slave/test', 'PROPERTIES_FILE': '/builds/slave/test/buildprops.json'}}, attempt #1
16:59:44     INFO - Running command: ['/builds/slave/test/build/venv/bin/pip', 'install', '--timeout', '120', '--no-index', '--find-links', 'http://pypi.pvt.build.mozilla.org/pub', '--find-links', 'http://pypi.pub.build.mozilla.org/pub', '--trusted-host', 'pypi.pub.build.mozilla.org', '--trusted-host', 'pypi.pvt.build.mozilla.org', 'functools32==3.2.3-2'] in /builds/slave/test/build
16:59:44     INFO - Copy/paste: /builds/slave/test/build/venv/bin/pip install --timeout 120 --no-index --find-links http://pypi.pvt.build.mozilla.org/pub --find-links http://pypi.pub.build.mozilla.org/pub --trusted-host pypi.pub.build.mozilla.org --trusted-host pypi.pvt.build.mozilla.org functools32==3.2.3-2
16:59:44     INFO - Using env: {'Apple_PubSub_Socket_Render': '/private/tmp/com.apple.launchd.0pLSsYQFFe/Render',
16:59:44     INFO -  'GIT_SHARE_BASE_DIR': '/builds/git-shared',
16:59:44     INFO -  'HG_SHARE_BASE_DIR': '/builds/hg-shared',
16:59:44     INFO -  'HOME': '/Users/cltbld',
16:59:44     INFO -  'IDLEIZER_DISABLE_SHUTDOWN': 'true',
16:59:44     INFO -  'LOGNAME': 'cltbld',
16:59:44     INFO -  'MOZ_HIDE_RESULTS_TABLE': '1',
16:59:44     INFO -  'MOZ_NODE_PATH': '/usr/local/bin/node',
16:59:44     INFO -  'MOZ_NO_REMOTE': '1',
16:59:44     INFO -  'NO_EM_RESTART': '1',
16:59:44     INFO -  'NO_FAIL_ON_TEST_ERRORS': '1',
16:59:44     INFO -  'PATH': '/usr/local/sbin:/usr/local/bin:/usr/sbin:/usr/bin:/sbin:/bin:/usr/bin/X11',
16:59:44     INFO -  'PROPERTIES_FILE': '/builds/slave/test/buildprops.json',
16:59:44     INFO -  'PWD': '/builds/slave/test',
16:59:44     INFO -  'RUNNER_CONFIG_CMD': '/opt/runner/bin/python2.7 /opt/runner/bin/runner -c /opt/runner/runner.cfg',
16:59:44     INFO -  'SHELL': '/bin/bash',
16:59:44     INFO -  'SSH_AUTH_SOCK': '/private/tmp/com.apple.launchd.5G5o1gGJ2d/Listeners',
16:59:44     INFO -  'TMPDIR': '/var/folders/y_/73jt3trx0w72555v5jn0nbtm00000w/T/',
16:59:44     INFO -  'TWISTD_LOG_PATH': '/builds/slave/twistd.log',
16:59:44     INFO -  'USER': 'cltbld',
16:59:44     INFO -  'VERSIONER_PYTHON_PREFER_32_BIT': 'no',
16:59:44     INFO -  'VERSIONER_PYTHON_VERSION': '2.7',
16:59:44     INFO -  'XPCOM_DEBUG_BREAK': 'warn',
16:59:44     INFO -  'XPC_FLAGS': '0x0',
16:59:44     INFO -  'XPC_SERVICE_NAME': '0',
16:59:44     INFO -  '__CF_USER_TEXT_ENCODING': '0x1C:0:0'}
16:59:45     INFO -  Ignoring indexes: https://pypi.python.org/simple
16:59:45     INFO -  Requirement already satisfied (use --upgrade to upgrade): functools32==3.2.3-2 in ./venv/lib/python2.7/site-packages
16:59:45     INFO - Return code: 0
16:59:45     INFO - Installing blobuploader==1.2.4 into virtualenv /builds/slave/test/build/venv
16:59:45     INFO - retry: Calling run_command with args: [['/builds/slave/test/build/venv/bin/pip', 'install', '--timeout', '120', '--no-index', '--find-links', 'http://pypi.pvt.build.mozilla.org/pub', '--find-links', 'http://pypi.pub.build.mozilla.org/pub', '--trusted-host', 'pypi.pub.build.mozilla.org', '--trusted-host', 'pypi.pvt.build.mozilla.org', 'blobuploader==1.2.4']], kwargs: {'error_level': 'warning', 'error_list': [{'substr': 'not found or a compiler error:', 'level': 'warning'}, {'regex': <_sre.SRE_Pattern object at 0x104b72170>, 'level': 'error'}, {'regex': <_sre.SRE_Pattern object at 0x104c14960>, 'level': 'warning'}, {'regex': <_sre.SRE_Pattern object at 0x7fd39352c920>, 'level': 'debug'}, {'substr': 'command not found', 'level': 'error'}, {'regex': <_sre.SRE_Pattern object at 0x104b051d0>, 'level': 'warning'}, {'substr': 'Traceback (most recent call last)', 'level': 'error'}, {'substr': 'SyntaxError: ', 'level': 'error'}, {'substr': 'TypeError: ', 'level': 'error'}, {'substr': 'NameError: ', 'level': 'error'}, {'substr': 'ZeroDivisionError: ', 'level': 'error'}, {'regex': <_sre.SRE_Pattern object at 0x104ae0108>, 'level': 'critical'}, {'regex': <_sre.SRE_Pattern object at 0x104afa030>, 'level': 'critical'}], 'cwd': '/builds/slave/test/build', 'env': {'VERSIONER_PYTHON_PREFER_32_BIT': 'no', 'LOGNAME': 'cltbld', 'USER': 'cltbld', 'XPC_SERVICE_NAME': '0', 'PATH': '/usr/local/sbin:/usr/local/bin:/usr/sbin:/usr/bin:/sbin:/bin:/usr/bin/X11', 'HOME': '/Users/cltbld', 'NO_EM_RESTART': '1', 'IDLEIZER_DISABLE_SHUTDOWN': 'true', 'XPCOM_DEBUG_BREAK': 'warn', 'Apple_PubSub_Socket_Render': '/private/tmp/com.apple.launchd.0pLSsYQFFe/Render', 'MOZ_NODE_PATH': '/usr/local/bin/node', 'TWISTD_LOG_PATH': '/builds/slave/twistd.log', 'GIT_SHARE_BASE_DIR': '/builds/git-shared', 'VERSIONER_PYTHON_VERSION': '2.7', 'XPC_FLAGS': '0x0', 'NO_FAIL_ON_TEST_ERRORS': '1', 'HG_SHARE_BASE_DIR': '/builds/hg-shared', 'RUNNER_CONFIG_CMD': '/opt/runner/bin/python2.7 /opt/runner/bin/runner -c /opt/runner/runner.cfg', 'MOZ_NO_REMOTE': '1', 'MOZ_HIDE_RESULTS_TABLE': '1', 'SSH_AUTH_SOCK': '/private/tmp/com.apple.launchd.5G5o1gGJ2d/Listeners', 'SHELL': '/bin/bash', 'TMPDIR': '/var/folders/y_/73jt3trx0w72555v5jn0nbtm00000w/T/', '__CF_USER_TEXT_ENCODING': '0x1C:0:0', 'PWD': '/builds/slave/test', 'PROPERTIES_FILE': '/builds/slave/test/buildprops.json'}}, attempt #1
16:59:45     INFO - Running command: ['/builds/slave/test/build/venv/bin/pip', 'install', '--timeout', '120', '--no-index', '--find-links', 'http://pypi.pvt.build.mozilla.org/pub', '--find-links', 'http://pypi.pub.build.mozilla.org/pub', '--trusted-host', 'pypi.pub.build.mozilla.org', '--trusted-host', 'pypi.pvt.build.mozilla.org', 'blobuploader==1.2.4'] in /builds/slave/test/build
16:59:45     INFO - Copy/paste: /builds/slave/test/build/venv/bin/pip install --timeout 120 --no-index --find-links http://pypi.pvt.build.mozilla.org/pub --find-links http://pypi.pub.build.mozilla.org/pub --trusted-host pypi.pub.build.mozilla.org --trusted-host pypi.pvt.build.mozilla.org blobuploader==1.2.4
16:59:45     INFO - Using env: {'Apple_PubSub_Socket_Render': '/private/tmp/com.apple.launchd.0pLSsYQFFe/Render',
16:59:45     INFO -  'GIT_SHARE_BASE_DIR': '/builds/git-shared',
16:59:45     INFO -  'HG_SHARE_BASE_DIR': '/builds/hg-shared',
16:59:45     INFO -  'HOME': '/Users/cltbld',
16:59:45     INFO -  'IDLEIZER_DISABLE_SHUTDOWN': 'true',
16:59:45     INFO -  'LOGNAME': 'cltbld',
16:59:45     INFO -  'MOZ_HIDE_RESULTS_TABLE': '1',
16:59:45     INFO -  'MOZ_NODE_PATH': '/usr/local/bin/node',
16:59:45     INFO -  'MOZ_NO_REMOTE': '1',
16:59:45     INFO -  'NO_EM_RESTART': '1',
16:59:45     INFO -  'NO_FAIL_ON_TEST_ERRORS': '1',
16:59:45     INFO -  'PATH': '/usr/local/sbin:/usr/local/bin:/usr/sbin:/usr/bin:/sbin:/bin:/usr/bin/X11',
16:59:45     INFO -  'PROPERTIES_FILE': '/builds/slave/test/buildprops.json',
16:59:45     INFO -  'PWD': '/builds/slave/test',
16:59:45     INFO -  'RUNNER_CONFIG_CMD': '/opt/runner/bin/python2.7 /opt/runner/bin/runner -c /opt/runner/runner.cfg',
16:59:45     INFO -  'SHELL': '/bin/bash',
16:59:45     INFO -  'SSH_AUTH_SOCK': '/private/tmp/com.apple.launchd.5G5o1gGJ2d/Listeners',
16:59:45     INFO -  'TMPDIR': '/var/folders/y_/73jt3trx0w72555v5jn0nbtm00000w/T/',
16:59:45     INFO -  'TWISTD_LOG_PATH': '/builds/slave/twistd.log',
16:59:45     INFO -  'USER': 'cltbld',
16:59:45     INFO -  'VERSIONER_PYTHON_PREFER_32_BIT': 'no',
16:59:45     INFO -  'VERSIONER_PYTHON_VERSION': '2.7',
16:59:45     INFO -  'XPCOM_DEBUG_BREAK': 'warn',
16:59:45     INFO -  'XPC_FLAGS': '0x0',
16:59:45     INFO -  'XPC_SERVICE_NAME': '0',
16:59:45     INFO -  '__CF_USER_TEXT_ENCODING': '0x1C:0:0'}
16:59:45     INFO -  Ignoring indexes: https://pypi.python.org/simple
16:59:45     INFO -  Collecting blobuploader==1.2.4
16:59:45     INFO -  /builds/slave/test/build/venv/lib/python2.7/site-packages/pip/_vendor/requests/packages/urllib3/util/ssl_.py:318: SNIMissingWarning: An HTTPS request has been made, but the SNI (Subject Name Indication) extension to TLS is not available on this platform. This may cause the server to present an incorrect TLS certificate, which can cause validation failures. You can upgrade to a newer version of Python to solve this. For more information, see https://urllib3.readthedocs.org/en/latest/security.html#snimissingwarning.
16:59:45     INFO -    SNIMissingWarning
16:59:45     INFO -  /builds/slave/test/build/venv/lib/python2.7/site-packages/pip/_vendor/requests/packages/urllib3/util/ssl_.py:122: InsecurePlatformWarning: A true SSLContext object is not available. This prevents urllib3 from configuring SSL appropriately and may cause certain SSL connections to fail. You can upgrade to a newer version of Python to solve this. For more information, see https://urllib3.readthedocs.org/en/latest/security.html#insecureplatformwarning.
16:59:45     INFO -    InsecurePlatformWarning
16:59:46     INFO -  /builds/slave/test/build/venv/lib/python2.7/site-packages/pip/_vendor/requests/packages/urllib3/util/ssl_.py:122: InsecurePlatformWarning: A true SSLContext object is not available. This prevents urllib3 from configuring SSL appropriately and may cause certain SSL connections to fail. You can upgrade to a newer version of Python to solve this. For more information, see https://urllib3.readthedocs.org/en/latest/security.html#insecureplatformwarning.
16:59:46     INFO -    InsecurePlatformWarning
16:59:48     INFO -  Collecting docopt==0.6.1 (from blobuploader==1.2.4)
16:59:51     INFO -  Collecting requests==1.2.3. (from blobuploader==1.2.4)
16:59:53     INFO -  Installing collected packages: docopt, requests, blobuploader
16:59:54     INFO -  Successfully installed blobuploader-1.2.4 docopt-0.6.1 requests-1.2.3
16:59:54     INFO - Return code: 0
16:59:54     INFO - Installing None into virtualenv /builds/slave/test/build/venv
16:59:54     INFO - retry: Calling run_command with args: [['/builds/slave/test/build/venv/bin/pip', 'install', '--no-deps', '--timeout', '120', '-r', '/builds/slave/test/build/tests/config/mozbase_requirements.txt', '--no-index', '--find-links', 'http://pypi.pvt.build.mozilla.org/pub', '--find-links', 'http://pypi.pub.build.mozilla.org/pub', '--trusted-host', 'pypi.pub.build.mozilla.org', '--trusted-host', 'pypi.pvt.build.mozilla.org']], kwargs: {'error_level': 'warning', 'error_list': [{'substr': 'not found or a compiler error:', 'level': 'warning'}, {'regex': <_sre.SRE_Pattern object at 0x104b72170>, 'level': 'error'}, {'regex': <_sre.SRE_Pattern object at 0x104c14960>, 'level': 'warning'}, {'regex': <_sre.SRE_Pattern object at 0x7fd39352c920>, 'level': 'debug'}, {'substr': 'command not found', 'level': 'error'}, {'regex': <_sre.SRE_Pattern object at 0x104b051d0>, 'level': 'warning'}, {'substr': 'Traceback (most recent call last)', 'level': 'error'}, {'substr': 'SyntaxError: ', 'level': 'error'}, {'substr': 'TypeError: ', 'level': 'error'}, {'substr': 'NameError: ', 'level': 'error'}, {'substr': 'ZeroDivisionError: ', 'level': 'error'}, {'regex': <_sre.SRE_Pattern object at 0x104ae0108>, 'level': 'critical'}, {'regex': <_sre.SRE_Pattern object at 0x104afa030>, 'level': 'critical'}], 'cwd': '/builds/slave/test/build/tests/config', 'env': {'VERSIONER_PYTHON_PREFER_32_BIT': 'no', 'LOGNAME': 'cltbld', 'USER': 'cltbld', 'XPC_SERVICE_NAME': '0', 'PATH': '/usr/local/sbin:/usr/local/bin:/usr/sbin:/usr/bin:/sbin:/bin:/usr/bin/X11', 'HOME': '/Users/cltbld', 'NO_EM_RESTART': '1', 'IDLEIZER_DISABLE_SHUTDOWN': 'true', 'XPCOM_DEBUG_BREAK': 'warn', 'Apple_PubSub_Socket_Render': '/private/tmp/com.apple.launchd.0pLSsYQFFe/Render', 'MOZ_NODE_PATH': '/usr/local/bin/node', 'TWISTD_LOG_PATH': '/builds/slave/twistd.log', 'GIT_SHARE_BASE_DIR': '/builds/git-shared', 'VERSIONER_PYTHON_VERSION': '2.7', 'XPC_FLAGS': '0x0', 'NO_FAIL_ON_TEST_ERRORS': '1', 'HG_SHARE_BASE_DIR': '/builds/hg-shared', 'RUNNER_CONFIG_CMD': '/opt/runner/bin/python2.7 /opt/runner/bin/runner -c /opt/runner/runner.cfg', 'MOZ_NO_REMOTE': '1', 'MOZ_HIDE_RESULTS_TABLE': '1', 'SSH_AUTH_SOCK': '/private/tmp/com.apple.launchd.5G5o1gGJ2d/Listeners', 'SHELL': '/bin/bash', 'TMPDIR': '/var/folders/y_/73jt3trx0w72555v5jn0nbtm00000w/T/', '__CF_USER_TEXT_ENCODING': '0x1C:0:0', 'PWD': '/builds/slave/test', 'PROPERTIES_FILE': '/builds/slave/test/buildprops.json'}}, attempt #1
16:59:54     INFO - Running command: ['/builds/slave/test/build/venv/bin/pip', 'install', '--no-deps', '--timeout', '120', '-r', '/builds/slave/test/build/tests/config/mozbase_requirements.txt', '--no-index', '--find-links', 'http://pypi.pvt.build.mozilla.org/pub', '--find-links', 'http://pypi.pub.build.mozilla.org/pub', '--trusted-host', 'pypi.pub.build.mozilla.org', '--trusted-host', 'pypi.pvt.build.mozilla.org'] in /builds/slave/test/build/tests/config
16:59:54     INFO - Copy/paste: /builds/slave/test/build/venv/bin/pip install --no-deps --timeout 120 -r /builds/slave/test/build/tests/config/mozbase_requirements.txt --no-index --find-links http://pypi.pvt.build.mozilla.org/pub --find-links http://pypi.pub.build.mozilla.org/pub --trusted-host pypi.pub.build.mozilla.org --trusted-host pypi.pvt.build.mozilla.org
16:59:54     INFO - Using env: {'Apple_PubSub_Socket_Render': '/private/tmp/com.apple.launchd.0pLSsYQFFe/Render',
16:59:54     INFO -  'GIT_SHARE_BASE_DIR': '/builds/git-shared',
16:59:54     INFO -  'HG_SHARE_BASE_DIR': '/builds/hg-shared',
16:59:54     INFO -  'HOME': '/Users/cltbld',
16:59:54     INFO -  'IDLEIZER_DISABLE_SHUTDOWN': 'true',
16:59:54     INFO -  'LOGNAME': 'cltbld',
16:59:54     INFO -  'MOZ_HIDE_RESULTS_TABLE': '1',
16:59:54     INFO -  'MOZ_NODE_PATH': '/usr/local/bin/node',
16:59:54     INFO -  'MOZ_NO_REMOTE': '1',
16:59:54     INFO -  'NO_EM_RESTART': '1',
16:59:54     INFO -  'NO_FAIL_ON_TEST_ERRORS': '1',
16:59:54     INFO -  'PATH': '/usr/local/sbin:/usr/local/bin:/usr/sbin:/usr/bin:/sbin:/bin:/usr/bin/X11',
16:59:54     INFO -  'PROPERTIES_FILE': '/builds/slave/test/buildprops.json',
16:59:54     INFO -  'PWD': '/builds/slave/test',
16:59:54     INFO -  'RUNNER_CONFIG_CMD': '/opt/runner/bin/python2.7 /opt/runner/bin/runner -c /opt/runner/runner.cfg',
16:59:54     INFO -  'SHELL': '/bin/bash',
16:59:54     INFO -  'SSH_AUTH_SOCK': '/private/tmp/com.apple.launchd.5G5o1gGJ2d/Listeners',
16:59:54     INFO -  'TMPDIR': '/var/folders/y_/73jt3trx0w72555v5jn0nbtm00000w/T/',
16:59:54     INFO -  'TWISTD_LOG_PATH': '/builds/slave/twistd.log',
16:59:54     INFO -  'USER': 'cltbld',
16:59:54     INFO -  'VERSIONER_PYTHON_PREFER_32_BIT': 'no',
16:59:54     INFO -  'VERSIONER_PYTHON_VERSION': '2.7',
16:59:54     INFO -  'XPCOM_DEBUG_BREAK': 'warn',
16:59:54     INFO -  'XPC_FLAGS': '0x0',
16:59:54     INFO -  'XPC_SERVICE_NAME': '0',
16:59:54     INFO -  '__CF_USER_TEXT_ENCODING': '0x1C:0:0'}
16:59:54     INFO -  Ignoring indexes: https://pypi.python.org/simple
16:59:54     INFO -  Processing /builds/slave/test/build/tests/mozbase/manifestparser
16:59:54     INFO -  Processing /builds/slave/test/build/tests/mozbase/mozcrash
16:59:55     INFO -  Processing /builds/slave/test/build/tests/mozbase/mozdebug
16:59:55     INFO -  Processing /builds/slave/test/build/tests/mozbase/mozdevice
16:59:55     INFO -  Processing /builds/slave/test/build/tests/mozbase/mozfile
16:59:55     INFO -  Processing /builds/slave/test/build/tests/mozbase/mozhttpd
16:59:56     INFO -  Processing /builds/slave/test/build/tests/mozbase/mozinfo
16:59:56     INFO -  Processing /builds/slave/test/build/tests/mozbase/mozinstall
16:59:56     INFO -  Processing /builds/slave/test/build/tests/mozbase/mozleak
16:59:56     INFO -  Processing /builds/slave/test/build/tests/mozbase/mozlog
16:59:57     INFO -  Processing /builds/slave/test/build/tests/mozbase/moznetwork
16:59:57     INFO -  Processing /builds/slave/test/build/tests/mozbase/mozprocess
16:59:57     INFO -  Processing /builds/slave/test/build/tests/mozbase/mozprofile
16:59:57     INFO -  Processing /builds/slave/test/build/tests/mozbase/mozrunner
16:59:58     INFO -  Processing /builds/slave/test/build/tests/mozbase/mozscreenshot
16:59:58     INFO -  Processing /builds/slave/test/build/tests/mozbase/moztest
16:59:58     INFO -  Processing /builds/slave/test/build/tests/mozbase/mozversion
16:59:58     INFO -  Installing collected packages: manifestparser, mozcrash, mozdebug, mozdevice, mozfile, mozhttpd, mozinfo, mozInstall, mozleak, mozlog, moznetwork, mozprocess, mozprofile, mozrunner, mozscreenshot, moztest, mozversion
16:59:58     INFO -    Running setup.py install for manifestparser: started
16:59:59     INFO -      Running setup.py install for manifestparser: finished with status 'done'
16:59:59     INFO -    Running setup.py install for mozcrash: started
16:59:59     INFO -      Running setup.py install for mozcrash: finished with status 'done'
16:59:59     INFO -    Running setup.py install for mozdebug: started
16:59:59     INFO -      Running setup.py install for mozdebug: finished with status 'done'
16:59:59     INFO -    Running setup.py install for mozdevice: started
16:59:59     INFO -      Running setup.py install for mozdevice: finished with status 'done'
16:59:59     INFO -    Running setup.py install for mozfile: started
17:00:00     INFO -      Running setup.py install for mozfile: finished with status 'done'
17:00:00     INFO -    Running setup.py install for mozhttpd: started
17:00:00     INFO -      Running setup.py install for mozhttpd: finished with status 'done'
17:00:00     INFO -    Running setup.py install for mozinfo: started
17:00:00     INFO -      Running setup.py install for mozinfo: finished with status 'done'
17:00:00     INFO -    Running setup.py install for mozInstall: started
17:00:01     INFO -      Running setup.py install for mozInstall: finished with status 'done'
17:00:01     INFO -    Running setup.py install for mozleak: started
17:00:01     INFO -      Running setup.py install for mozleak: finished with status 'done'
17:00:01     INFO -    Running setup.py install for mozlog: started
17:00:01     INFO -      Running setup.py install for mozlog: finished with status 'done'
17:00:01     INFO -    Running setup.py install for moznetwork: started
17:00:01     INFO -      Running setup.py install for moznetwork: finished with status 'done'
17:00:01     INFO -    Running setup.py install for mozprocess: started
17:00:02     INFO -      Running setup.py install for mozprocess: finished with status 'done'
17:00:02     INFO -    Running setup.py install for mozprofile: started
17:00:02     INFO -      Running setup.py install for mozprofile: finished with status 'done'
17:00:02     INFO -    Running setup.py install for mozrunner: started
17:00:02     INFO -      Running setup.py install for mozrunner: finished with status 'done'
17:00:02     INFO -    Running setup.py install for mozscreenshot: started
17:00:03     INFO -      Running setup.py install for mozscreenshot: finished with status 'done'
17:00:03     INFO -    Running setup.py install for moztest: started
17:00:03     INFO -      Running setup.py install for moztest: finished with status 'done'
17:00:03     INFO -    Running setup.py install for mozversion: started
17:00:03     INFO -      Running setup.py install for mozversion: finished with status 'done'
17:00:04     INFO -  Successfully installed manifestparser-1.1 mozInstall-1.12 mozcrash-1.0 mozdebug-0.1 mozdevice-0.48 mozfile-1.2 mozhttpd-0.7 mozinfo-0.9 mozleak-0.1 mozlog-3.4 moznetwork-0.27 mozprocess-0.23 mozprofile-0.28 mozrunner-6.13 mozscreenshot-0.1 moztest-0.8 mozversion-1.4
17:00:04     INFO - Return code: 0
17:00:04     INFO - Installing None into virtualenv /builds/slave/test/build/venv
17:00:04     INFO - retry: Calling run_command with args: [['/builds/slave/test/build/venv/bin/pip', 'install', '--timeout', '120', '-r', '/builds/slave/test/build/tests/config/mozbase_requirements.txt', '--no-index', '--find-links', 'http://pypi.pvt.build.mozilla.org/pub', '--find-links', 'http://pypi.pub.build.mozilla.org/pub', '--trusted-host', 'pypi.pub.build.mozilla.org', '--trusted-host', 'pypi.pvt.build.mozilla.org']], kwargs: {'error_level': 'warning', 'error_list': [{'substr': 'not found or a compiler error:', 'level': 'warning'}, {'regex': <_sre.SRE_Pattern object at 0x104b72170>, 'level': 'error'}, {'regex': <_sre.SRE_Pattern object at 0x104c14960>, 'level': 'warning'}, {'regex': <_sre.SRE_Pattern object at 0x7fd39352c920>, 'level': 'debug'}, {'substr': 'command not found', 'level': 'error'}, {'regex': <_sre.SRE_Pattern object at 0x104b051d0>, 'level': 'warning'}, {'substr': 'Traceback (most recent call last)', 'level': 'error'}, {'substr': 'SyntaxError: ', 'level': 'error'}, {'substr': 'TypeError: ', 'level': 'error'}, {'substr': 'NameError: ', 'level': 'error'}, {'substr': 'ZeroDivisionError: ', 'level': 'error'}, {'regex': <_sre.SRE_Pattern object at 0x104ae0108>, 'level': 'critical'}, {'regex': <_sre.SRE_Pattern object at 0x104afa030>, 'level': 'critical'}], 'cwd': '/builds/slave/test/build/tests/config', 'env': {'VERSIONER_PYTHON_PREFER_32_BIT': 'no', 'LOGNAME': 'cltbld', 'USER': 'cltbld', 'XPC_SERVICE_NAME': '0', 'PATH': '/usr/local/sbin:/usr/local/bin:/usr/sbin:/usr/bin:/sbin:/bin:/usr/bin/X11', 'HOME': '/Users/cltbld', 'NO_EM_RESTART': '1', 'IDLEIZER_DISABLE_SHUTDOWN': 'true', 'XPCOM_DEBUG_BREAK': 'warn', 'Apple_PubSub_Socket_Render': '/private/tmp/com.apple.launchd.0pLSsYQFFe/Render', 'MOZ_NODE_PATH': '/usr/local/bin/node', 'TWISTD_LOG_PATH': '/builds/slave/twistd.log', 'GIT_SHARE_BASE_DIR': '/builds/git-shared', 'VERSIONER_PYTHON_VERSION': '2.7', 'XPC_FLAGS': '0x0', 'NO_FAIL_ON_TEST_ERRORS': '1', 'HG_SHARE_BASE_DIR': '/builds/hg-shared', 'RUNNER_CONFIG_CMD': '/opt/runner/bin/python2.7 /opt/runner/bin/runner -c /opt/runner/runner.cfg', 'MOZ_NO_REMOTE': '1', 'MOZ_HIDE_RESULTS_TABLE': '1', 'SSH_AUTH_SOCK': '/private/tmp/com.apple.launchd.5G5o1gGJ2d/Listeners', 'SHELL': '/bin/bash', 'TMPDIR': '/var/folders/y_/73jt3trx0w72555v5jn0nbtm00000w/T/', '__CF_USER_TEXT_ENCODING': '0x1C:0:0', 'PWD': '/builds/slave/test', 'PROPERTIES_FILE': '/builds/slave/test/buildprops.json'}}, attempt #1
17:00:04     INFO - Running command: ['/builds/slave/test/build/venv/bin/pip', 'install', '--timeout', '120', '-r', '/builds/slave/test/build/tests/config/mozbase_requirements.txt', '--no-index', '--find-links', 'http://pypi.pvt.build.mozilla.org/pub', '--find-links', 'http://pypi.pub.build.mozilla.org/pub', '--trusted-host', 'pypi.pub.build.mozilla.org', '--trusted-host', 'pypi.pvt.build.mozilla.org'] in /builds/slave/test/build/tests/config
17:00:04     INFO - Copy/paste: /builds/slave/test/build/venv/bin/pip install --timeout 120 -r /builds/slave/test/build/tests/config/mozbase_requirements.txt --no-index --find-links http://pypi.pvt.build.mozilla.org/pub --find-links http://pypi.pub.build.mozilla.org/pub --trusted-host pypi.pub.build.mozilla.org --trusted-host pypi.pvt.build.mozilla.org
17:00:04     INFO - Using env: {'Apple_PubSub_Socket_Render': '/private/tmp/com.apple.launchd.0pLSsYQFFe/Render',
17:00:04     INFO -  'GIT_SHARE_BASE_DIR': '/builds/git-shared',
17:00:04     INFO -  'HG_SHARE_BASE_DIR': '/builds/hg-shared',
17:00:04     INFO -  'HOME': '/Users/cltbld',
17:00:04     INFO -  'IDLEIZER_DISABLE_SHUTDOWN': 'true',
17:00:04     INFO -  'LOGNAME': 'cltbld',
17:00:04     INFO -  'MOZ_HIDE_RESULTS_TABLE': '1',
17:00:04     INFO -  'MOZ_NODE_PATH': '/usr/local/bin/node',
17:00:04     INFO -  'MOZ_NO_REMOTE': '1',
17:00:04     INFO -  'NO_EM_RESTART': '1',
17:00:04     INFO -  'NO_FAIL_ON_TEST_ERRORS': '1',
17:00:04     INFO -  'PATH': '/usr/local/sbin:/usr/local/bin:/usr/sbin:/usr/bin:/sbin:/bin:/usr/bin/X11',
17:00:04     INFO -  'PROPERTIES_FILE': '/builds/slave/test/buildprops.json',
17:00:04     INFO -  'PWD': '/builds/slave/test',
17:00:04     INFO -  'RUNNER_CONFIG_CMD': '/opt/runner/bin/python2.7 /opt/runner/bin/runner -c /opt/runner/runner.cfg',
17:00:04     INFO -  'SHELL': '/bin/bash',
17:00:04     INFO -  'SSH_AUTH_SOCK': '/private/tmp/com.apple.launchd.5G5o1gGJ2d/Listeners',
17:00:04     INFO -  'TMPDIR': '/var/folders/y_/73jt3trx0w72555v5jn0nbtm00000w/T/',
17:00:04     INFO -  'TWISTD_LOG_PATH': '/builds/slave/twistd.log',
17:00:04     INFO -  'USER': 'cltbld',
17:00:04     INFO -  'VERSIONER_PYTHON_PREFER_32_BIT': 'no',
17:00:04     INFO -  'VERSIONER_PYTHON_VERSION': '2.7',
17:00:04     INFO -  'XPCOM_DEBUG_BREAK': 'warn',
17:00:04     INFO -  'XPC_FLAGS': '0x0',
17:00:04     INFO -  'XPC_SERVICE_NAME': '0',
17:00:04     INFO -  '__CF_USER_TEXT_ENCODING': '0x1C:0:0'}
17:00:04     INFO -  Ignoring indexes: https://pypi.python.org/simple
17:00:04     INFO -  Processing /builds/slave/test/build/tests/mozbase/manifestparser
17:00:05     INFO -    Requirement already satisfied (use --upgrade to upgrade): manifestparser==1.1 from file:///builds/slave/test/build/tests/mozbase/manifestparser in /builds/slave/test/build/venv/lib/python2.7/site-packages (from -r /builds/slave/test/build/tests/config/mozbase_requirements.txt (line 1))
17:00:05     INFO -  Processing /builds/slave/test/build/tests/mozbase/mozcrash
17:00:05     INFO -    Requirement already satisfied (use --upgrade to upgrade): mozcrash==1.0 from file:///builds/slave/test/build/tests/mozbase/mozcrash in /builds/slave/test/build/venv/lib/python2.7/site-packages (from -r /builds/slave/test/build/tests/config/mozbase_requirements.txt (line 2))
17:00:05     INFO -  Processing /builds/slave/test/build/tests/mozbase/mozdebug
17:00:05     INFO -    Requirement already satisfied (use --upgrade to upgrade): mozdebug==0.1 from file:///builds/slave/test/build/tests/mozbase/mozdebug in /builds/slave/test/build/venv/lib/python2.7/site-packages (from -r /builds/slave/test/build/tests/config/mozbase_requirements.txt (line 3))
17:00:05     INFO -  Processing /builds/slave/test/build/tests/mozbase/mozdevice
17:00:05     INFO -    Requirement already satisfied (use --upgrade to upgrade): mozdevice==0.48 from file:///builds/slave/test/build/tests/mozbase/mozdevice in /builds/slave/test/build/venv/lib/python2.7/site-packages (from -r /builds/slave/test/build/tests/config/mozbase_requirements.txt (line 4))
17:00:05     INFO -  Processing /builds/slave/test/build/tests/mozbase/mozfile
17:00:06     INFO -    Requirement already satisfied (use --upgrade to upgrade): mozfile==1.2 from file:///builds/slave/test/build/tests/mozbase/mozfile in /builds/slave/test/build/venv/lib/python2.7/site-packages (from -r /builds/slave/test/build/tests/config/mozbase_requirements.txt (line 5))
17:00:06     INFO -  Processing /builds/slave/test/build/tests/mozbase/mozhttpd
17:00:06     INFO -    Requirement already satisfied (use --upgrade to upgrade): mozhttpd==0.7 from file:///builds/slave/test/build/tests/mozbase/mozhttpd in /builds/slave/test/build/venv/lib/python2.7/site-packages (from -r /builds/slave/test/build/tests/config/mozbase_requirements.txt (line 6))
17:00:06     INFO -  Processing /builds/slave/test/build/tests/mozbase/mozinfo
17:00:06     INFO -    Requirement already satisfied (use --upgrade to upgrade): mozinfo==0.9 from file:///builds/slave/test/build/tests/mozbase/mozinfo in /builds/slave/test/build/venv/lib/python2.7/site-packages (from -r /builds/slave/test/build/tests/config/mozbase_requirements.txt (line 7))
17:00:06     INFO -  Processing /builds/slave/test/build/tests/mozbase/mozinstall
17:00:06     INFO -    Requirement already satisfied (use --upgrade to upgrade): mozInstall==1.12 from file:///builds/slave/test/build/tests/mozbase/mozinstall in /builds/slave/test/build/venv/lib/python2.7/site-packages (from -r /builds/slave/test/build/tests/config/mozbase_requirements.txt (line 8))
17:00:06     INFO -  Processing /builds/slave/test/build/tests/mozbase/mozleak
17:00:07     INFO -    Requirement already satisfied (use --upgrade to upgrade): mozleak==0.1 from file:///builds/slave/test/build/tests/mozbase/mozleak in /builds/slave/test/build/venv/lib/python2.7/site-packages (from -r /builds/slave/test/build/tests/config/mozbase_requirements.txt (line 9))
17:00:07     INFO -  Processing /builds/slave/test/build/tests/mozbase/mozlog
17:00:07     INFO -    Requirement already satisfied (use --upgrade to upgrade): mozlog==3.4 from file:///builds/slave/test/build/tests/mozbase/mozlog in /builds/slave/test/build/venv/lib/python2.7/site-packages (from -r /builds/slave/test/build/tests/config/mozbase_requirements.txt (line 10))
17:00:07     INFO -  Processing /builds/slave/test/build/tests/mozbase/moznetwork
17:00:07     INFO -    Requirement already satisfied (use --upgrade to upgrade): moznetwork==0.27 from file:///builds/slave/test/build/tests/mozbase/moznetwork in /builds/slave/test/build/venv/lib/python2.7/site-packages (from -r /builds/slave/test/build/tests/config/mozbase_requirements.txt (line 11))
17:00:07     INFO -  Processing /builds/slave/test/build/tests/mozbase/mozprocess
17:00:07     INFO -    Requirement already satisfied (use --upgrade to upgrade): mozprocess==0.23 from file:///builds/slave/test/build/tests/mozbase/mozprocess in /builds/slave/test/build/venv/lib/python2.7/site-packages (from -r /builds/slave/test/build/tests/config/mozbase_requirements.txt (line 12))
17:00:07     INFO -  Processing /builds/slave/test/build/tests/mozbase/mozprofile
17:00:08     INFO -    Requirement already satisfied (use --upgrade to upgrade): mozprofile==0.28 from file:///builds/slave/test/build/tests/mozbase/mozprofile in /builds/slave/test/build/venv/lib/python2.7/site-packages (from -r /builds/slave/test/build/tests/config/mozbase_requirements.txt (line 13))
17:00:08     INFO -  Processing /builds/slave/test/build/tests/mozbase/mozrunner
17:00:08     INFO -    Requirement already satisfied (use --upgrade to upgrade): mozrunner==6.13 from file:///builds/slave/test/build/tests/mozbase/mozrunner in /builds/slave/test/build/venv/lib/python2.7/site-packages (from -r /builds/slave/test/build/tests/config/mozbase_requirements.txt (line 14))
17:00:08     INFO -  Processing /builds/slave/test/build/tests/mozbase/mozscreenshot
17:00:08     INFO -    Requirement already satisfied (use --upgrade to upgrade): mozscreenshot==0.1 from file:///builds/slave/test/build/tests/mozbase/mozscreenshot in /builds/slave/test/build/venv/lib/python2.7/site-packages (from -r /builds/slave/test/build/tests/config/mozbase_requirements.txt (line 15))
17:00:08     INFO -  Processing /builds/slave/test/build/tests/mozbase/moztest
17:00:08     INFO -    Requirement already satisfied (use --upgrade to upgrade): moztest==0.8 from file:///builds/slave/test/build/tests/mozbase/moztest in /builds/slave/test/build/venv/lib/python2.7/site-packages (from -r /builds/slave/test/build/tests/config/mozbase_requirements.txt (line 16))
17:00:08     INFO -  Processing /builds/slave/test/build/tests/mozbase/mozversion
17:00:09     INFO -    Requirement already satisfied (use --upgrade to upgrade): mozversion==1.4 from file:///builds/slave/test/build/tests/mozbase/mozversion in /builds/slave/test/build/venv/lib/python2.7/site-packages (from -r /builds/slave/test/build/tests/config/mozbase_requirements.txt (line 17))
17:00:09     INFO -  Requirement already satisfied (use --upgrade to upgrade): mozfile>=1.0 in /builds/slave/test/build/venv/lib/python2.7/site-packages (from mozcrash==1.0->-r /builds/slave/test/build/tests/config/mozbase_requirements.txt (line 2))
17:00:09     INFO -  Requirement already satisfied (use --upgrade to upgrade): mozlog>=3.0 in /builds/slave/test/build/venv/lib/python2.7/site-packages (from mozcrash==1.0->-r /builds/slave/test/build/tests/config/mozbase_requirements.txt (line 2))
17:00:09     INFO -  Requirement already satisfied (use --upgrade to upgrade): mozinfo in /builds/slave/test/build/venv/lib/python2.7/site-packages (from mozdebug==0.1->-r /builds/slave/test/build/tests/config/mozbase_requirements.txt (line 3))
17:00:09     INFO -  Requirement already satisfied (use --upgrade to upgrade): moznetwork>=0.24 in /builds/slave/test/build/venv/lib/python2.7/site-packages (from mozdevice==0.48->-r /builds/slave/test/build/tests/config/mozbase_requirements.txt (line 4))
17:00:09     INFO -  Requirement already satisfied (use --upgrade to upgrade): mozprocess>=0.19 in /builds/slave/test/build/venv/lib/python2.7/site-packages (from mozdevice==0.48->-r /builds/slave/test/build/tests/config/mozbase_requirements.txt (line 4))
17:00:09     INFO -  Collecting blessings>=1.3 (from mozlog==3.4->-r /builds/slave/test/build/tests/config/mozbase_requirements.txt (line 10))
17:00:09     INFO -  /builds/slave/test/build/venv/lib/python2.7/site-packages/pip/_vendor/requests/packages/urllib3/util/ssl_.py:318: SNIMissingWarning: An HTTPS request has been made, but the SNI (Subject Name Indication) extension to TLS is not available on this platform. This may cause the server to present an incorrect TLS certificate, which can cause validation failures. You can upgrade to a newer version of Python to solve this. For more information, see https://urllib3.readthedocs.org/en/latest/security.html#snimissingwarning.
17:00:09     INFO -    SNIMissingWarning
17:00:09     INFO -  /builds/slave/test/build/venv/lib/python2.7/site-packages/pip/_vendor/requests/packages/urllib3/util/ssl_.py:122: InsecurePlatformWarning: A true SSLContext object is not available. This prevents urllib3 from configuring SSL appropriately and may cause certain SSL connections to fail. You can upgrade to a newer version of Python to solve this. For more information, see https://urllib3.readthedocs.org/en/latest/security.html#insecureplatformwarning.
17:00:09     INFO -    InsecurePlatformWarning
17:00:10     INFO -  /builds/slave/test/build/venv/lib/python2.7/site-packages/pip/_vendor/requests/packages/urllib3/util/ssl_.py:122: InsecurePlatformWarning: A true SSLContext object is not available. This prevents urllib3 from configuring SSL appropriately and may cause certain SSL connections to fail. You can upgrade to a newer version of Python to solve this. For more information, see https://urllib3.readthedocs.org/en/latest/security.html#insecureplatformwarning.
17:00:10     INFO -    InsecurePlatformWarning
17:00:12     INFO -  Installing collected packages: blessings
17:00:12     INFO -  Successfully installed blessings-1.6
17:00:13     INFO - Return code: 0
17:00:13     INFO - Installing pip>=1.5 into virtualenv /builds/slave/test/build/venv
17:00:13     INFO - retry: Calling run_command with args: [['/builds/slave/test/build/venv/bin/pip', 'install', '--timeout', '120', '--no-index', '--find-links', 'http://pypi.pvt.build.mozilla.org/pub', '--find-links', 'http://pypi.pub.build.mozilla.org/pub', '--trusted-host', 'pypi.pub.build.mozilla.org', '--trusted-host', 'pypi.pvt.build.mozilla.org', 'pip>=1.5']], kwargs: {'error_level': 'warning', 'error_list': [{'substr': 'not found or a compiler error:', 'level': 'warning'}, {'regex': <_sre.SRE_Pattern object at 0x104b72170>, 'level': 'error'}, {'regex': <_sre.SRE_Pattern object at 0x104c14960>, 'level': 'warning'}, {'regex': <_sre.SRE_Pattern object at 0x7fd39352c920>, 'level': 'debug'}, {'substr': 'command not found', 'level': 'error'}, {'regex': <_sre.SRE_Pattern object at 0x104b051d0>, 'level': 'warning'}, {'substr': 'Traceback (most recent call last)', 'level': 'error'}, {'substr': 'SyntaxError: ', 'level': 'error'}, {'substr': 'TypeError: ', 'level': 'error'}, {'substr': 'NameError: ', 'level': 'error'}, {'substr': 'ZeroDivisionError: ', 'level': 'error'}, {'regex': <_sre.SRE_Pattern object at 0x104ae0108>, 'level': 'critical'}, {'regex': <_sre.SRE_Pattern object at 0x104afa030>, 'level': 'critical'}], 'cwd': '/builds/slave/test/build', 'env': {'VERSIONER_PYTHON_PREFER_32_BIT': 'no', 'LOGNAME': 'cltbld', 'USER': 'cltbld', 'XPC_SERVICE_NAME': '0', 'PATH': '/usr/local/sbin:/usr/local/bin:/usr/sbin:/usr/bin:/sbin:/bin:/usr/bin/X11', 'HOME': '/Users/cltbld', 'NO_EM_RESTART': '1', 'IDLEIZER_DISABLE_SHUTDOWN': 'true', 'XPCOM_DEBUG_BREAK': 'warn', 'Apple_PubSub_Socket_Render': '/private/tmp/com.apple.launchd.0pLSsYQFFe/Render', 'MOZ_NODE_PATH': '/usr/local/bin/node', 'TWISTD_LOG_PATH': '/builds/slave/twistd.log', 'GIT_SHARE_BASE_DIR': '/builds/git-shared', 'VERSIONER_PYTHON_VERSION': '2.7', 'XPC_FLAGS': '0x0', 'NO_FAIL_ON_TEST_ERRORS': '1', 'HG_SHARE_BASE_DIR': '/builds/hg-shared', 'RUNNER_CONFIG_CMD': '/opt/runner/bin/python2.7 /opt/runner/bin/runner -c /opt/runner/runner.cfg', 'MOZ_NO_REMOTE': '1', 'MOZ_HIDE_RESULTS_TABLE': '1', 'SSH_AUTH_SOCK': '/private/tmp/com.apple.launchd.5G5o1gGJ2d/Listeners', 'SHELL': '/bin/bash', 'TMPDIR': '/var/folders/y_/73jt3trx0w72555v5jn0nbtm00000w/T/', '__CF_USER_TEXT_ENCODING': '0x1C:0:0', 'PWD': '/builds/slave/test', 'PROPERTIES_FILE': '/builds/slave/test/buildprops.json'}}, attempt #1
17:00:13     INFO - Running command: ['/builds/slave/test/build/venv/bin/pip', 'install', '--timeout', '120', '--no-index', '--find-links', 'http://pypi.pvt.build.mozilla.org/pub', '--find-links', 'http://pypi.pub.build.mozilla.org/pub', '--trusted-host', 'pypi.pub.build.mozilla.org', '--trusted-host', 'pypi.pvt.build.mozilla.org', 'pip>=1.5'] in /builds/slave/test/build
17:00:13     INFO - Copy/paste: /builds/slave/test/build/venv/bin/pip install --timeout 120 --no-index --find-links http://pypi.pvt.build.mozilla.org/pub --find-links http://pypi.pub.build.mozilla.org/pub --trusted-host pypi.pub.build.mozilla.org --trusted-host pypi.pvt.build.mozilla.org pip>=1.5
17:00:13     INFO - Using env: {'Apple_PubSub_Socket_Render': '/private/tmp/com.apple.launchd.0pLSsYQFFe/Render',
17:00:13     INFO -  'GIT_SHARE_BASE_DIR': '/builds/git-shared',
17:00:13     INFO -  'HG_SHARE_BASE_DIR': '/builds/hg-shared',
17:00:13     INFO -  'HOME': '/Users/cltbld',
17:00:13     INFO -  'IDLEIZER_DISABLE_SHUTDOWN': 'true',
17:00:13     INFO -  'LOGNAME': 'cltbld',
17:00:13     INFO -  'MOZ_HIDE_RESULTS_TABLE': '1',
17:00:13     INFO -  'MOZ_NODE_PATH': '/usr/local/bin/node',
17:00:13     INFO -  'MOZ_NO_REMOTE': '1',
17:00:13     INFO -  'NO_EM_RESTART': '1',
17:00:13     INFO -  'NO_FAIL_ON_TEST_ERRORS': '1',
17:00:13     INFO -  'PATH': '/usr/local/sbin:/usr/local/bin:/usr/sbin:/usr/bin:/sbin:/bin:/usr/bin/X11',
17:00:13     INFO -  'PROPERTIES_FILE': '/builds/slave/test/buildprops.json',
17:00:13     INFO -  'PWD': '/builds/slave/test',
17:00:13     INFO -  'RUNNER_CONFIG_CMD': '/opt/runner/bin/python2.7 /opt/runner/bin/runner -c /opt/runner/runner.cfg',
17:00:13     INFO -  'SHELL': '/bin/bash',
17:00:13     INFO -  'SSH_AUTH_SOCK': '/private/tmp/com.apple.launchd.5G5o1gGJ2d/Listeners',
17:00:13     INFO -  'TMPDIR': '/var/folders/y_/73jt3trx0w72555v5jn0nbtm00000w/T/',
17:00:13     INFO -  'TWISTD_LOG_PATH': '/builds/slave/twistd.log',
17:00:13     INFO -  'USER': 'cltbld',
17:00:13     INFO -  'VERSIONER_PYTHON_PREFER_32_BIT': 'no',
17:00:13     INFO -  'VERSIONER_PYTHON_VERSION': '2.7',
17:00:13     INFO -  'XPCOM_DEBUG_BREAK': 'warn',
17:00:13     INFO -  'XPC_FLAGS': '0x0',
17:00:13     INFO -  'XPC_SERVICE_NAME': '0',
17:00:13     INFO -  '__CF_USER_TEXT_ENCODING': '0x1C:0:0'}
17:00:13     INFO -  Ignoring indexes: https://pypi.python.org/simple
17:00:13     INFO -  Requirement already satisfied (use --upgrade to upgrade): pip>=1.5 in ./venv/lib/python2.7/site-packages
17:00:13     INFO - Return code: 0
17:00:13     INFO - Installing psutil==3.1.1 into virtualenv /builds/slave/test/build/venv
17:00:13     INFO - retry: Calling run_command with args: [['/builds/slave/test/build/venv/bin/pip', 'install', '--timeout', '120', '--no-index', '--find-links', 'http://pypi.pvt.build.mozilla.org/pub', '--find-links', 'http://pypi.pub.build.mozilla.org/pub', '--trusted-host', 'pypi.pub.build.mozilla.org', '--trusted-host', 'pypi.pvt.build.mozilla.org', 'psutil==3.1.1']], kwargs: {'error_level': 'warning', 'error_list': [{'substr': 'not found or a compiler error:', 'level': 'warning'}, {'regex': <_sre.SRE_Pattern object at 0x104b72170>, 'level': 'error'}, {'regex': <_sre.SRE_Pattern object at 0x104c14960>, 'level': 'warning'}, {'regex': <_sre.SRE_Pattern object at 0x7fd39352c920>, 'level': 'debug'}, {'substr': 'command not found', 'level': 'error'}, {'regex': <_sre.SRE_Pattern object at 0x104b051d0>, 'level': 'warning'}, {'substr': 'Traceback (most recent call last)', 'level': 'error'}, {'substr': 'SyntaxError: ', 'level': 'error'}, {'substr': 'TypeError: ', 'level': 'error'}, {'substr': 'NameError: ', 'level': 'error'}, {'substr': 'ZeroDivisionError: ', 'level': 'error'}, {'regex': <_sre.SRE_Pattern object at 0x104ae0108>, 'level': 'critical'}, {'regex': <_sre.SRE_Pattern object at 0x104afa030>, 'level': 'critical'}], 'cwd': '/builds/slave/test/build', 'env': {'VERSIONER_PYTHON_PREFER_32_BIT': 'no', 'LOGNAME': 'cltbld', 'USER': 'cltbld', 'XPC_SERVICE_NAME': '0', 'PATH': '/usr/local/sbin:/usr/local/bin:/usr/sbin:/usr/bin:/sbin:/bin:/usr/bin/X11', 'HOME': '/Users/cltbld', 'NO_EM_RESTART': '1', 'IDLEIZER_DISABLE_SHUTDOWN': 'true', 'XPCOM_DEBUG_BREAK': 'warn', 'Apple_PubSub_Socket_Render': '/private/tmp/com.apple.launchd.0pLSsYQFFe/Render', 'MOZ_NODE_PATH': '/usr/local/bin/node', 'TWISTD_LOG_PATH': '/builds/slave/twistd.log', 'GIT_SHARE_BASE_DIR': '/builds/git-shared', 'VERSIONER_PYTHON_VERSION': '2.7', 'XPC_FLAGS': '0x0', 'NO_FAIL_ON_TEST_ERRORS': '1', 'HG_SHARE_BASE_DIR': '/builds/hg-shared', 'RUNNER_CONFIG_CMD': '/opt/runner/bin/python2.7 /opt/runner/bin/runner -c /opt/runner/runner.cfg', 'MOZ_NO_REMOTE': '1', 'MOZ_HIDE_RESULTS_TABLE': '1', 'SSH_AUTH_SOCK': '/private/tmp/com.apple.launchd.5G5o1gGJ2d/Listeners', 'SHELL': '/bin/bash', 'TMPDIR': '/var/folders/y_/73jt3trx0w72555v5jn0nbtm00000w/T/', '__CF_USER_TEXT_ENCODING': '0x1C:0:0', 'PWD': '/builds/slave/test', 'PROPERTIES_FILE': '/builds/slave/test/buildprops.json'}}, attempt #1
17:00:13     INFO - Running command: ['/builds/slave/test/build/venv/bin/pip', 'install', '--timeout', '120', '--no-index', '--find-links', 'http://pypi.pvt.build.mozilla.org/pub', '--find-links', 'http://pypi.pub.build.mozilla.org/pub', '--trusted-host', 'pypi.pub.build.mozilla.org', '--trusted-host', 'pypi.pvt.build.mozilla.org', 'psutil==3.1.1'] in /builds/slave/test/build
17:00:13     INFO - Copy/paste: /builds/slave/test/build/venv/bin/pip install --timeout 120 --no-index --find-links http://pypi.pvt.build.mozilla.org/pub --find-links http://pypi.pub.build.mozilla.org/pub --trusted-host pypi.pub.build.mozilla.org --trusted-host pypi.pvt.build.mozilla.org psutil==3.1.1
17:00:13     INFO - Using env: {'Apple_PubSub_Socket_Render': '/private/tmp/com.apple.launchd.0pLSsYQFFe/Render',
17:00:13     INFO -  'GIT_SHARE_BASE_DIR': '/builds/git-shared',
17:00:13     INFO -  'HG_SHARE_BASE_DIR': '/builds/hg-shared',
17:00:13     INFO -  'HOME': '/Users/cltbld',
17:00:13     INFO -  'IDLEIZER_DISABLE_SHUTDOWN': 'true',
17:00:13     INFO -  'LOGNAME': 'cltbld',
17:00:13     INFO -  'MOZ_HIDE_RESULTS_TABLE': '1',
17:00:13     INFO -  'MOZ_NODE_PATH': '/usr/local/bin/node',
17:00:13     INFO -  'MOZ_NO_REMOTE': '1',
17:00:13     INFO -  'NO_EM_RESTART': '1',
17:00:13     INFO -  'NO_FAIL_ON_TEST_ERRORS': '1',
17:00:13     INFO -  'PATH': '/usr/local/sbin:/usr/local/bin:/usr/sbin:/usr/bin:/sbin:/bin:/usr/bin/X11',
17:00:13     INFO -  'PROPERTIES_FILE': '/builds/slave/test/buildprops.json',
17:00:13     INFO -  'PWD': '/builds/slave/test',
17:00:13     INFO -  'RUNNER_CONFIG_CMD': '/opt/runner/bin/python2.7 /opt/runner/bin/runner -c /opt/runner/runner.cfg',
17:00:13     INFO -  'SHELL': '/bin/bash',
17:00:13     INFO -  'SSH_AUTH_SOCK': '/private/tmp/com.apple.launchd.5G5o1gGJ2d/Listeners',
17:00:13     INFO -  'TMPDIR': '/var/folders/y_/73jt3trx0w72555v5jn0nbtm00000w/T/',
17:00:13     INFO -  'TWISTD_LOG_PATH': '/builds/slave/twistd.log',
17:00:13     INFO -  'USER': 'cltbld',
17:00:13     INFO -  'VERSIONER_PYTHON_PREFER_32_BIT': 'no',
17:00:13     INFO -  'VERSIONER_PYTHON_VERSION': '2.7',
17:00:13     INFO -  'XPCOM_DEBUG_BREAK': 'warn',
17:00:13     INFO -  'XPC_FLAGS': '0x0',
17:00:13     INFO -  'XPC_SERVICE_NAME': '0',
17:00:13     INFO -  '__CF_USER_TEXT_ENCODING': '0x1C:0:0'}
17:00:13     INFO -  Ignoring indexes: https://pypi.python.org/simple
17:00:13     INFO -  Collecting psutil==3.1.1
17:00:13     INFO -  /builds/slave/test/build/venv/lib/python2.7/site-packages/pip/_vendor/requests/packages/urllib3/util/ssl_.py:318: SNIMissingWarning: An HTTPS request has been made, but the SNI (Subject Name Indication) extension to TLS is not available on this platform. This may cause the server to present an incorrect TLS certificate, which can cause validation failures. You can upgrade to a newer version of Python to solve this. For more information, see https://urllib3.readthedocs.org/en/latest/security.html#snimissingwarning.
17:00:13     INFO -    SNIMissingWarning
17:00:13     INFO -  /builds/slave/test/build/venv/lib/python2.7/site-packages/pip/_vendor/requests/packages/urllib3/util/ssl_.py:122: InsecurePlatformWarning: A true SSLContext object is not available. This prevents urllib3 from configuring SSL appropriately and may cause certain SSL connections to fail. You can upgrade to a newer version of Python to solve this. For more information, see https://urllib3.readthedocs.org/en/latest/security.html#insecureplatformwarning.
17:00:13     INFO -    InsecurePlatformWarning
17:00:14     INFO -  /builds/slave/test/build/venv/lib/python2.7/site-packages/pip/_vendor/requests/packages/urllib3/util/ssl_.py:122: InsecurePlatformWarning: A true SSLContext object is not available. This prevents urllib3 from configuring SSL appropriately and may cause certain SSL connections to fail. You can upgrade to a newer version of Python to solve this. For more information, see https://urllib3.readthedocs.org/en/latest/security.html#insecureplatformwarning.
17:00:14     INFO -    InsecurePlatformWarning
17:00:16     INFO -  Installing collected packages: psutil
17:00:16     INFO -    Found existing installation: psutil 5.4.3
17:00:16     INFO -      Uninstalling psutil-5.4.3:
17:00:16     INFO -        Successfully uninstalled psutil-5.4.3
17:00:16     INFO -  Successfully installed psutil-3.1.1
17:00:16     INFO - Return code: 0
17:00:16     INFO - Installing mock into virtualenv /builds/slave/test/build/venv
17:00:16     INFO - retry: Calling run_command with args: [['/builds/slave/test/build/venv/bin/pip', 'install', '--timeout', '120', '--no-index', '--find-links', 'http://pypi.pvt.build.mozilla.org/pub', '--find-links', 'http://pypi.pub.build.mozilla.org/pub', '--trusted-host', 'pypi.pub.build.mozilla.org', '--trusted-host', 'pypi.pvt.build.mozilla.org', 'mock']], kwargs: {'error_level': 'warning', 'error_list': [{'substr': 'not found or a compiler error:', 'level': 'warning'}, {'regex': <_sre.SRE_Pattern object at 0x104b72170>, 'level': 'error'}, {'regex': <_sre.SRE_Pattern object at 0x104c14960>, 'level': 'warning'}, {'regex': <_sre.SRE_Pattern object at 0x7fd39352c920>, 'level': 'debug'}, {'substr': 'command not found', 'level': 'error'}, {'regex': <_sre.SRE_Pattern object at 0x104b051d0>, 'level': 'warning'}, {'substr': 'Traceback (most recent call last)', 'level': 'error'}, {'substr': 'SyntaxError: ', 'level': 'error'}, {'substr': 'TypeError: ', 'level': 'error'}, {'substr': 'NameError: ', 'level': 'error'}, {'substr': 'ZeroDivisionError: ', 'level': 'error'}, {'regex': <_sre.SRE_Pattern object at 0x104ae0108>, 'level': 'critical'}, {'regex': <_sre.SRE_Pattern object at 0x104afa030>, 'level': 'critical'}], 'cwd': '/builds/slave/test/build', 'env': {'VERSIONER_PYTHON_PREFER_32_BIT': 'no', 'LOGNAME': 'cltbld', 'USER': 'cltbld', 'XPC_SERVICE_NAME': '0', 'PATH': '/usr/local/sbin:/usr/local/bin:/usr/sbin:/usr/bin:/sbin:/bin:/usr/bin/X11', 'HOME': '/Users/cltbld', 'NO_EM_RESTART': '1', 'IDLEIZER_DISABLE_SHUTDOWN': 'true', 'XPCOM_DEBUG_BREAK': 'warn', 'Apple_PubSub_Socket_Render': '/private/tmp/com.apple.launchd.0pLSsYQFFe/Render', 'MOZ_NODE_PATH': '/usr/local/bin/node', 'TWISTD_LOG_PATH': '/builds/slave/twistd.log', 'GIT_SHARE_BASE_DIR': '/builds/git-shared', 'VERSIONER_PYTHON_VERSION': '2.7', 'XPC_FLAGS': '0x0', 'NO_FAIL_ON_TEST_ERRORS': '1', 'HG_SHARE_BASE_DIR': '/builds/hg-shared', 'RUNNER_CONFIG_CMD': '/opt/runner/bin/python2.7 /opt/runner/bin/runner -c /opt/runner/runner.cfg', 'MOZ_NO_REMOTE': '1', 'MOZ_HIDE_RESULTS_TABLE': '1', 'SSH_AUTH_SOCK': '/private/tmp/com.apple.launchd.5G5o1gGJ2d/Listeners', 'SHELL': '/bin/bash', 'TMPDIR': '/var/folders/y_/73jt3trx0w72555v5jn0nbtm00000w/T/', '__CF_USER_TEXT_ENCODING': '0x1C:0:0', 'PWD': '/builds/slave/test', 'PROPERTIES_FILE': '/builds/slave/test/buildprops.json'}}, attempt #1
17:00:16     INFO - Running command: ['/builds/slave/test/build/venv/bin/pip', 'install', '--timeout', '120', '--no-index', '--find-links', 'http://pypi.pvt.build.mozilla.org/pub', '--find-links', 'http://pypi.pub.build.mozilla.org/pub', '--trusted-host', 'pypi.pub.build.mozilla.org', '--trusted-host', 'pypi.pvt.build.mozilla.org', 'mock'] in /builds/slave/test/build
17:00:16     INFO - Copy/paste: /builds/slave/test/build/venv/bin/pip install --timeout 120 --no-index --find-links http://pypi.pvt.build.mozilla.org/pub --find-links http://pypi.pub.build.mozilla.org/pub --trusted-host pypi.pub.build.mozilla.org --trusted-host pypi.pvt.build.mozilla.org mock
17:00:16     INFO - Using env: {'Apple_PubSub_Socket_Render': '/private/tmp/com.apple.launchd.0pLSsYQFFe/Render',
17:00:16     INFO -  'GIT_SHARE_BASE_DIR': '/builds/git-shared',
17:00:16     INFO -  'HG_SHARE_BASE_DIR': '/builds/hg-shared',
17:00:16     INFO -  'HOME': '/Users/cltbld',
17:00:16     INFO -  'IDLEIZER_DISABLE_SHUTDOWN': 'true',
17:00:16     INFO -  'LOGNAME': 'cltbld',
17:00:16     INFO -  'MOZ_HIDE_RESULTS_TABLE': '1',
17:00:16     INFO -  'MOZ_NODE_PATH': '/usr/local/bin/node',
17:00:16     INFO -  'MOZ_NO_REMOTE': '1',
17:00:16     INFO -  'NO_EM_RESTART': '1',
17:00:16     INFO -  'NO_FAIL_ON_TEST_ERRORS': '1',
17:00:16     INFO -  'PATH': '/usr/local/sbin:/usr/local/bin:/usr/sbin:/usr/bin:/sbin:/bin:/usr/bin/X11',
17:00:16     INFO -  'PROPERTIES_FILE': '/builds/slave/test/buildprops.json',
17:00:16     INFO -  'PWD': '/builds/slave/test',
17:00:16     INFO -  'RUNNER_CONFIG_CMD': '/opt/runner/bin/python2.7 /opt/runner/bin/runner -c /opt/runner/runner.cfg',
17:00:16     INFO -  'SHELL': '/bin/bash',
17:00:16     INFO -  'SSH_AUTH_SOCK': '/private/tmp/com.apple.launchd.5G5o1gGJ2d/Listeners',
17:00:16     INFO -  'TMPDIR': '/var/folders/y_/73jt3trx0w72555v5jn0nbtm00000w/T/',
17:00:16     INFO -  'TWISTD_LOG_PATH': '/builds/slave/twistd.log',
17:00:16     INFO -  'USER': 'cltbld',
17:00:16     INFO -  'VERSIONER_PYTHON_PREFER_32_BIT': 'no',
17:00:16     INFO -  'VERSIONER_PYTHON_VERSION': '2.7',
17:00:16     INFO -  'XPCOM_DEBUG_BREAK': 'warn',
17:00:16     INFO -  'XPC_FLAGS': '0x0',
17:00:16     INFO -  'XPC_SERVICE_NAME': '0',
17:00:16     INFO -  '__CF_USER_TEXT_ENCODING': '0x1C:0:0'}
17:00:16     INFO -  Ignoring indexes: https://pypi.python.org/simple
17:00:16     INFO -  Collecting mock
17:00:16     INFO -  /builds/slave/test/build/venv/lib/python2.7/site-packages/pip/_vendor/requests/packages/urllib3/util/ssl_.py:318: SNIMissingWarning: An HTTPS request has been made, but the SNI (Subject Name Indication) extension to TLS is not available on this platform. This may cause the server to present an incorrect TLS certificate, which can cause validation failures. You can upgrade to a newer version of Python to solve this. For more information, see https://urllib3.readthedocs.org/en/latest/security.html#snimissingwarning.
17:00:16     INFO -    SNIMissingWarning
17:00:16     INFO -  /builds/slave/test/build/venv/lib/python2.7/site-packages/pip/_vendor/requests/packages/urllib3/util/ssl_.py:122: InsecurePlatformWarning: A true SSLContext object is not available. This prevents urllib3 from configuring SSL appropriately and may cause certain SSL connections to fail. You can upgrade to a newer version of Python to solve this. For more information, see https://urllib3.readthedocs.org/en/latest/security.html#insecureplatformwarning.
17:00:16     INFO -    InsecurePlatformWarning
17:00:17     INFO -  /builds/slave/test/build/venv/lib/python2.7/site-packages/pip/_vendor/requests/packages/urllib3/util/ssl_.py:122: InsecurePlatformWarning: A true SSLContext object is not available. This prevents urllib3 from configuring SSL appropriately and may cause certain SSL connections to fail. You can upgrade to a newer version of Python to solve this. For more information, see https://urllib3.readthedocs.org/en/latest/security.html#insecureplatformwarning.
17:00:17     INFO -    InsecurePlatformWarning
17:00:19     INFO -  Installing collected packages: mock
17:00:19     INFO -  Successfully installed mock-1.0.1
17:00:19     INFO - Return code: 0
17:00:19     INFO - Installing simplejson into virtualenv /builds/slave/test/build/venv
17:00:19     INFO - retry: Calling run_command with args: [['/builds/slave/test/build/venv/bin/pip', 'install', '--timeout', '120', '--no-index', '--find-links', 'http://pypi.pvt.build.mozilla.org/pub', '--find-links', 'http://pypi.pub.build.mozilla.org/pub', '--trusted-host', 'pypi.pub.build.mozilla.org', '--trusted-host', 'pypi.pvt.build.mozilla.org', 'simplejson']], kwargs: {'error_level': 'warning', 'error_list': [{'substr': 'not found or a compiler error:', 'level': 'warning'}, {'regex': <_sre.SRE_Pattern object at 0x104b72170>, 'level': 'error'}, {'regex': <_sre.SRE_Pattern object at 0x104c14960>, 'level': 'warning'}, {'regex': <_sre.SRE_Pattern object at 0x7fd39352c920>, 'level': 'debug'}, {'substr': 'command not found', 'level': 'error'}, {'regex': <_sre.SRE_Pattern object at 0x104b051d0>, 'level': 'warning'}, {'substr': 'Traceback (most recent call last)', 'level': 'error'}, {'substr': 'SyntaxError: ', 'level': 'error'}, {'substr': 'TypeError: ', 'level': 'error'}, {'substr': 'NameError: ', 'level': 'error'}, {'substr': 'ZeroDivisionError: ', 'level': 'error'}, {'regex': <_sre.SRE_Pattern object at 0x104ae0108>, 'level': 'critical'}, {'regex': <_sre.SRE_Pattern object at 0x104afa030>, 'level': 'critical'}], 'cwd': '/builds/slave/test/build', 'env': {'VERSIONER_PYTHON_PREFER_32_BIT': 'no', 'LOGNAME': 'cltbld', 'USER': 'cltbld', 'XPC_SERVICE_NAME': '0', 'PATH': '/usr/local/sbin:/usr/local/bin:/usr/sbin:/usr/bin:/sbin:/bin:/usr/bin/X11', 'HOME': '/Users/cltbld', 'NO_EM_RESTART': '1', 'IDLEIZER_DISABLE_SHUTDOWN': 'true', 'XPCOM_DEBUG_BREAK': 'warn', 'Apple_PubSub_Socket_Render': '/private/tmp/com.apple.launchd.0pLSsYQFFe/Render', 'MOZ_NODE_PATH': '/usr/local/bin/node', 'TWISTD_LOG_PATH': '/builds/slave/twistd.log', 'GIT_SHARE_BASE_DIR': '/builds/git-shared', 'VERSIONER_PYTHON_VERSION': '2.7', 'XPC_FLAGS': '0x0', 'NO_FAIL_ON_TEST_ERRORS': '1', 'HG_SHARE_BASE_DIR': '/builds/hg-shared', 'RUNNER_CONFIG_CMD': '/opt/runner/bin/python2.7 /opt/runner/bin/runner -c /opt/runner/runner.cfg', 'MOZ_NO_REMOTE': '1', 'MOZ_HIDE_RESULTS_TABLE': '1', 'SSH_AUTH_SOCK': '/private/tmp/com.apple.launchd.5G5o1gGJ2d/Listeners', 'SHELL': '/bin/bash', 'TMPDIR': '/var/folders/y_/73jt3trx0w72555v5jn0nbtm00000w/T/', '__CF_USER_TEXT_ENCODING': '0x1C:0:0', 'PWD': '/builds/slave/test', 'PROPERTIES_FILE': '/builds/slave/test/buildprops.json'}}, attempt #1
17:00:19     INFO - Running command: ['/builds/slave/test/build/venv/bin/pip', 'install', '--timeout', '120', '--no-index', '--find-links', 'http://pypi.pvt.build.mozilla.org/pub', '--find-links', 'http://pypi.pub.build.mozilla.org/pub', '--trusted-host', 'pypi.pub.build.mozilla.org', '--trusted-host', 'pypi.pvt.build.mozilla.org', 'simplejson'] in /builds/slave/test/build
17:00:19     INFO - Copy/paste: /builds/slave/test/build/venv/bin/pip install --timeout 120 --no-index --find-links http://pypi.pvt.build.mozilla.org/pub --find-links http://pypi.pub.build.mozilla.org/pub --trusted-host pypi.pub.build.mozilla.org --trusted-host pypi.pvt.build.mozilla.org simplejson
17:00:19     INFO - Using env: {'Apple_PubSub_Socket_Render': '/private/tmp/com.apple.launchd.0pLSsYQFFe/Render',
17:00:19     INFO -  'GIT_SHARE_BASE_DIR': '/builds/git-shared',
17:00:19     INFO -  'HG_SHARE_BASE_DIR': '/builds/hg-shared',
17:00:19     INFO -  'HOME': '/Users/cltbld',
17:00:19     INFO -  'IDLEIZER_DISABLE_SHUTDOWN': 'true',
17:00:19     INFO -  'LOGNAME': 'cltbld',
17:00:19     INFO -  'MOZ_HIDE_RESULTS_TABLE': '1',
17:00:19     INFO -  'MOZ_NODE_PATH': '/usr/local/bin/node',
17:00:19     INFO -  'MOZ_NO_REMOTE': '1',
17:00:19     INFO -  'NO_EM_RESTART': '1',
17:00:19     INFO -  'NO_FAIL_ON_TEST_ERRORS': '1',
17:00:19     INFO -  'PATH': '/usr/local/sbin:/usr/local/bin:/usr/sbin:/usr/bin:/sbin:/bin:/usr/bin/X11',
17:00:19     INFO -  'PROPERTIES_FILE': '/builds/slave/test/buildprops.json',
17:00:19     INFO -  'PWD': '/builds/slave/test',
17:00:19     INFO -  'RUNNER_CONFIG_CMD': '/opt/runner/bin/python2.7 /opt/runner/bin/runner -c /opt/runner/runner.cfg',
17:00:19     INFO -  'SHELL': '/bin/bash',
17:00:19     INFO -  'SSH_AUTH_SOCK': '/private/tmp/com.apple.launchd.5G5o1gGJ2d/Listeners',
17:00:19     INFO -  'TMPDIR': '/var/folders/y_/73jt3trx0w72555v5jn0nbtm00000w/T/',
17:00:19     INFO -  'TWISTD_LOG_PATH': '/builds/slave/twistd.log',
17:00:19     INFO -  'USER': 'cltbld',
17:00:19     INFO -  'VERSIONER_PYTHON_PREFER_32_BIT': 'no',
17:00:19     INFO -  'VERSIONER_PYTHON_VERSION': '2.7',
17:00:19     INFO -  'XPCOM_DEBUG_BREAK': 'warn',
17:00:19     INFO -  'XPC_FLAGS': '0x0',
17:00:19     INFO -  'XPC_SERVICE_NAME': '0',
17:00:19     INFO -  '__CF_USER_TEXT_ENCODING': '0x1C:0:0'}
17:00:20     INFO -  Ignoring indexes: https://pypi.python.org/simple
17:00:20     INFO -  Collecting simplejson
17:00:20     INFO -  /builds/slave/test/build/venv/lib/python2.7/site-packages/pip/_vendor/requests/packages/urllib3/util/ssl_.py:318: SNIMissingWarning: An HTTPS request has been made, but the SNI (Subject Name Indication) extension to TLS is not available on this platform. This may cause the server to present an incorrect TLS certificate, which can cause validation failures. You can upgrade to a newer version of Python to solve this. For more information, see https://urllib3.readthedocs.org/en/latest/security.html#snimissingwarning.
17:00:20     INFO -    SNIMissingWarning
17:00:20     INFO -  /builds/slave/test/build/venv/lib/python2.7/site-packages/pip/_vendor/requests/packages/urllib3/util/ssl_.py:122: InsecurePlatformWarning: A true SSLContext object is not available. This prevents urllib3 from configuring SSL appropriately and may cause certain SSL connections to fail. You can upgrade to a newer version of Python to solve this. For more information, see https://urllib3.readthedocs.org/en/latest/security.html#insecureplatformwarning.
17:00:20     INFO -    InsecurePlatformWarning
17:00:20     INFO -  /builds/slave/test/build/venv/lib/python2.7/site-packages/pip/_vendor/requests/packages/urllib3/util/ssl_.py:122: InsecurePlatformWarning: A true SSLContext object is not available. This prevents urllib3 from configuring SSL appropriately and may cause certain SSL connections to fail. You can upgrade to a newer version of Python to solve this. For more information, see https://urllib3.readthedocs.org/en/latest/security.html#insecureplatformwarning.
17:00:20     INFO -    InsecurePlatformWarning
17:00:22     INFO -  Installing collected packages: simplejson
17:00:22     INFO -  Successfully installed simplejson-3.3.0
17:00:22     INFO - Return code: 0
17:00:22     INFO - Installing None into virtualenv /builds/slave/test/build/venv
17:00:22     INFO - retry: Calling run_command with args: [['/builds/slave/test/build/venv/bin/pip', 'install', '--no-deps', '--timeout', '120', '-r', '/builds/slave/test/build/tests/config/marionette_requirements.txt', '--no-index', '--find-links', 'http://pypi.pvt.build.mozilla.org/pub', '--find-links', 'http://pypi.pub.build.mozilla.org/pub', '--trusted-host', 'pypi.pub.build.mozilla.org', '--trusted-host', 'pypi.pvt.build.mozilla.org']], kwargs: {'error_level': 'warning', 'error_list': [{'substr': 'not found or a compiler error:', 'level': 'warning'}, {'regex': <_sre.SRE_Pattern object at 0x104b72170>, 'level': 'error'}, {'regex': <_sre.SRE_Pattern object at 0x104c14960>, 'level': 'warning'}, {'regex': <_sre.SRE_Pattern object at 0x7fd39352c920>, 'level': 'debug'}, {'substr': 'command not found', 'level': 'error'}, {'regex': <_sre.SRE_Pattern object at 0x104b051d0>, 'level': 'warning'}, {'substr': 'Traceback (most recent call last)', 'level': 'error'}, {'substr': 'SyntaxError: ', 'level': 'error'}, {'substr': 'TypeError: ', 'level': 'error'}, {'substr': 'NameError: ', 'level': 'error'}, {'substr': 'ZeroDivisionError: ', 'level': 'error'}, {'regex': <_sre.SRE_Pattern object at 0x104ae0108>, 'level': 'critical'}, {'regex': <_sre.SRE_Pattern object at 0x104afa030>, 'level': 'critical'}], 'cwd': '/builds/slave/test/build/tests/config', 'env': {'VERSIONER_PYTHON_PREFER_32_BIT': 'no', 'LOGNAME': 'cltbld', 'USER': 'cltbld', 'XPC_SERVICE_NAME': '0', 'PATH': '/usr/local/sbin:/usr/local/bin:/usr/sbin:/usr/bin:/sbin:/bin:/usr/bin/X11', 'HOME': '/Users/cltbld', 'NO_EM_RESTART': '1', 'IDLEIZER_DISABLE_SHUTDOWN': 'true', 'XPCOM_DEBUG_BREAK': 'warn', 'Apple_PubSub_Socket_Render': '/private/tmp/com.apple.launchd.0pLSsYQFFe/Render', 'MOZ_NODE_PATH': '/usr/local/bin/node', 'TWISTD_LOG_PATH': '/builds/slave/twistd.log', 'GIT_SHARE_BASE_DIR': '/builds/git-shared', 'VERSIONER_PYTHON_VERSION': '2.7', 'XPC_FLAGS': '0x0', 'NO_FAIL_ON_TEST_ERRORS': '1', 'HG_SHARE_BASE_DIR': '/builds/hg-shared', 'RUNNER_CONFIG_CMD': '/opt/runner/bin/python2.7 /opt/runner/bin/runner -c /opt/runner/runner.cfg', 'MOZ_NO_REMOTE': '1', 'MOZ_HIDE_RESULTS_TABLE': '1', 'SSH_AUTH_SOCK': '/private/tmp/com.apple.launchd.5G5o1gGJ2d/Listeners', 'SHELL': '/bin/bash', 'TMPDIR': '/var/folders/y_/73jt3trx0w72555v5jn0nbtm00000w/T/', '__CF_USER_TEXT_ENCODING': '0x1C:0:0', 'PWD': '/builds/slave/test', 'PROPERTIES_FILE': '/builds/slave/test/buildprops.json'}}, attempt #1
17:00:22     INFO - Running command: ['/builds/slave/test/build/venv/bin/pip', 'install', '--no-deps', '--timeout', '120', '-r', '/builds/slave/test/build/tests/config/marionette_requirements.txt', '--no-index', '--find-links', 'http://pypi.pvt.build.mozilla.org/pub', '--find-links', 'http://pypi.pub.build.mozilla.org/pub', '--trusted-host', 'pypi.pub.build.mozilla.org', '--trusted-host', 'pypi.pvt.build.mozilla.org'] in /builds/slave/test/build/tests/config
17:00:22     INFO - Copy/paste: /builds/slave/test/build/venv/bin/pip install --no-deps --timeout 120 -r /builds/slave/test/build/tests/config/marionette_requirements.txt --no-index --find-links http://pypi.pvt.build.mozilla.org/pub --find-links http://pypi.pub.build.mozilla.org/pub --trusted-host pypi.pub.build.mozilla.org --trusted-host pypi.pvt.build.mozilla.org
17:00:22     INFO - Using env: {'Apple_PubSub_Socket_Render': '/private/tmp/com.apple.launchd.0pLSsYQFFe/Render',
17:00:22     INFO -  'GIT_SHARE_BASE_DIR': '/builds/git-shared',
17:00:22     INFO -  'HG_SHARE_BASE_DIR': '/builds/hg-shared',
17:00:22     INFO -  'HOME': '/Users/cltbld',
17:00:22     INFO -  'IDLEIZER_DISABLE_SHUTDOWN': 'true',
17:00:22     INFO -  'LOGNAME': 'cltbld',
17:00:22     INFO -  'MOZ_HIDE_RESULTS_TABLE': '1',
17:00:22     INFO -  'MOZ_NODE_PATH': '/usr/local/bin/node',
17:00:22     INFO -  'MOZ_NO_REMOTE': '1',
17:00:22     INFO -  'NO_EM_RESTART': '1',
17:00:22     INFO -  'NO_FAIL_ON_TEST_ERRORS': '1',
17:00:22     INFO -  'PATH': '/usr/local/sbin:/usr/local/bin:/usr/sbin:/usr/bin:/sbin:/bin:/usr/bin/X11',
17:00:22     INFO -  'PROPERTIES_FILE': '/builds/slave/test/buildprops.json',
17:00:22     INFO -  'PWD': '/builds/slave/test',
17:00:22     INFO -  'RUNNER_CONFIG_CMD': '/opt/runner/bin/python2.7 /opt/runner/bin/runner -c /opt/runner/runner.cfg',
17:00:22     INFO -  'SHELL': '/bin/bash',
17:00:22     INFO -  'SSH_AUTH_SOCK': '/private/tmp/com.apple.launchd.5G5o1gGJ2d/Listeners',
17:00:22     INFO -  'TMPDIR': '/var/folders/y_/73jt3trx0w72555v5jn0nbtm00000w/T/',
17:00:22     INFO -  'TWISTD_LOG_PATH': '/builds/slave/twistd.log',
17:00:22     INFO -  'USER': 'cltbld',
17:00:22     INFO -  'VERSIONER_PYTHON_PREFER_32_BIT': 'no',
17:00:22     INFO -  'VERSIONER_PYTHON_VERSION': '2.7',
17:00:22     INFO -  'XPCOM_DEBUG_BREAK': 'warn',
17:00:22     INFO -  'XPC_FLAGS': '0x0',
17:00:22     INFO -  'XPC_SERVICE_NAME': '0',
17:00:22     INFO -  '__CF_USER_TEXT_ENCODING': '0x1C:0:0'}
17:00:23     INFO -  Ignoring indexes: https://pypi.python.org/simple
17:00:23     INFO -  Processing /builds/slave/test/build/tests/mozbase/manifestparser
17:00:23     INFO -    Requirement already satisfied (use --upgrade to upgrade): manifestparser==1.1 from file:///builds/slave/test/build/tests/mozbase/manifestparser in /builds/slave/test/build/venv/lib/python2.7/site-packages (from -r /builds/slave/test/build/tests/config/mozbase_requirements.txt (line 1))
17:00:23     INFO -  Processing /builds/slave/test/build/tests/mozbase/mozcrash
17:00:23     INFO -    Requirement already satisfied (use --upgrade to upgrade): mozcrash==1.0 from file:///builds/slave/test/build/tests/mozbase/mozcrash in /builds/slave/test/build/venv/lib/python2.7/site-packages (from -r /builds/slave/test/build/tests/config/mozbase_requirements.txt (line 2))
17:00:23     INFO -  Processing /builds/slave/test/build/tests/mozbase/mozdebug
17:00:24     INFO -    Requirement already satisfied (use --upgrade to upgrade): mozdebug==0.1 from file:///builds/slave/test/build/tests/mozbase/mozdebug in /builds/slave/test/build/venv/lib/python2.7/site-packages (from -r /builds/slave/test/build/tests/config/mozbase_requirements.txt (line 3))
17:00:24     INFO -  Processing /builds/slave/test/build/tests/mozbase/mozdevice
17:00:24     INFO -    Requirement already satisfied (use --upgrade to upgrade): mozdevice==0.48 from file:///builds/slave/test/build/tests/mozbase/mozdevice in /builds/slave/test/build/venv/lib/python2.7/site-packages (from -r /builds/slave/test/build/tests/config/mozbase_requirements.txt (line 4))
17:00:24     INFO -  Processing /builds/slave/test/build/tests/mozbase/mozfile
17:00:24     INFO -    Requirement already satisfied (use --upgrade to upgrade): mozfile==1.2 from file:///builds/slave/test/build/tests/mozbase/mozfile in /builds/slave/test/build/venv/lib/python2.7/site-packages (from -r /builds/slave/test/build/tests/config/mozbase_requirements.txt (line 5))
17:00:24     INFO -  Processing /builds/slave/test/build/tests/mozbase/mozhttpd
17:00:24     INFO -    Requirement already satisfied (use --upgrade to upgrade): mozhttpd==0.7 from file:///builds/slave/test/build/tests/mozbase/mozhttpd in /builds/slave/test/build/venv/lib/python2.7/site-packages (from -r /builds/slave/test/build/tests/config/mozbase_requirements.txt (line 6))
17:00:24     INFO -  Processing /builds/slave/test/build/tests/mozbase/mozinfo
17:00:25     INFO -    Requirement already satisfied (use --upgrade to upgrade): mozinfo==0.9 from file:///builds/slave/test/build/tests/mozbase/mozinfo in /builds/slave/test/build/venv/lib/python2.7/site-packages (from -r /builds/slave/test/build/tests/config/mozbase_requirements.txt (line 7))
17:00:25     INFO -  Processing /builds/slave/test/build/tests/mozbase/mozinstall
17:00:25     INFO -    Requirement already satisfied (use --upgrade to upgrade): mozInstall==1.12 from file:///builds/slave/test/build/tests/mozbase/mozinstall in /builds/slave/test/build/venv/lib/python2.7/site-packages (from -r /builds/slave/test/build/tests/config/mozbase_requirements.txt (line 8))
17:00:25     INFO -  Processing /builds/slave/test/build/tests/mozbase/mozleak
17:00:25     INFO -    Requirement already satisfied (use --upgrade to upgrade): mozleak==0.1 from file:///builds/slave/test/build/tests/mozbase/mozleak in /builds/slave/test/build/venv/lib/python2.7/site-packages (from -r /builds/slave/test/build/tests/config/mozbase_requirements.txt (line 9))
17:00:25     INFO -  Processing /builds/slave/test/build/tests/mozbase/mozlog
17:00:25     INFO -    Requirement already satisfied (use --upgrade to upgrade): mozlog==3.4 from file:///builds/slave/test/build/tests/mozbase/mozlog in /builds/slave/test/build/venv/lib/python2.7/site-packages (from -r /builds/slave/test/build/tests/config/mozbase_requirements.txt (line 10))
17:00:25     INFO -  Processing /builds/slave/test/build/tests/mozbase/moznetwork
17:00:26     INFO -    Requirement already satisfied (use --upgrade to upgrade): moznetwork==0.27 from file:///builds/slave/test/build/tests/mozbase/moznetwork in /builds/slave/test/build/venv/lib/python2.7/site-packages (from -r /builds/slave/test/build/tests/config/mozbase_requirements.txt (line 11))
17:00:26     INFO -  Processing /builds/slave/test/build/tests/mozbase/mozprocess
17:00:26     INFO -    Requirement already satisfied (use --upgrade to upgrade): mozprocess==0.23 from file:///builds/slave/test/build/tests/mozbase/mozprocess in /builds/slave/test/build/venv/lib/python2.7/site-packages (from -r /builds/slave/test/build/tests/config/mozbase_requirements.txt (line 12))
17:00:26     INFO -  Processing /builds/slave/test/build/tests/mozbase/mozprofile
17:00:26     INFO -    Requirement already satisfied (use --upgrade to upgrade): mozprofile==0.28 from file:///builds/slave/test/build/tests/mozbase/mozprofile in /builds/slave/test/build/venv/lib/python2.7/site-packages (from -r /builds/slave/test/build/tests/config/mozbase_requirements.txt (line 13))
17:00:26     INFO -  Processing /builds/slave/test/build/tests/mozbase/mozrunner
17:00:26     INFO -    Requirement already satisfied (use --upgrade to upgrade): mozrunner==6.13 from file:///builds/slave/test/build/tests/mozbase/mozrunner in /builds/slave/test/build/venv/lib/python2.7/site-packages (from -r /builds/slave/test/build/tests/config/mozbase_requirements.txt (line 14))
17:00:26     INFO -  Processing /builds/slave/test/build/tests/mozbase/mozscreenshot
17:00:27     INFO -    Requirement already satisfied (use --upgrade to upgrade): mozscreenshot==0.1 from file:///builds/slave/test/build/tests/mozbase/mozscreenshot in /builds/slave/test/build/venv/lib/python2.7/site-packages (from -r /builds/slave/test/build/tests/config/mozbase_requirements.txt (line 15))
17:00:27     INFO -  Processing /builds/slave/test/build/tests/mozbase/moztest
17:00:27     INFO -    Requirement already satisfied (use --upgrade to upgrade): moztest==0.8 from file:///builds/slave/test/build/tests/mozbase/moztest in /builds/slave/test/build/venv/lib/python2.7/site-packages (from -r /builds/slave/test/build/tests/config/mozbase_requirements.txt (line 16))
17:00:27     INFO -  Processing /builds/slave/test/build/tests/mozbase/mozversion
17:00:27     INFO -    Requirement already satisfied (use --upgrade to upgrade): mozversion==1.4 from file:///builds/slave/test/build/tests/mozbase/mozversion in /builds/slave/test/build/venv/lib/python2.7/site-packages (from -r /builds/slave/test/build/tests/config/mozbase_requirements.txt (line 17))
17:00:27     INFO -  Processing /builds/slave/test/build/tests/tools/wptserve
17:00:27     INFO -  Processing /builds/slave/test/build/tests/marionette/client
17:00:28     INFO -  Processing /builds/slave/test/build/tests/marionette/harness/marionette_harness/runner/mixins/browsermob-proxy-py
17:00:28     INFO -  Processing /builds/slave/test/build/tests/marionette/harness
17:00:28     INFO -  Processing /builds/slave/test/build/tests/marionette/puppeteer/firefox
17:00:29     INFO -  Building wheels for collected packages: browsermob-proxy
17:00:29     INFO -    Running setup.py bdist_wheel for browsermob-proxy: started
17:00:29     INFO -    Running setup.py bdist_wheel for browsermob-proxy: finished with status 'done'
17:00:29     INFO -    Stored in directory: /Users/cltbld/Library/Caches/pip/wheels/10/00/c1/79bb793b6a7eb4dca9dfd244010f550ae5044951bcd23c261e
17:00:29     INFO -  Successfully built browsermob-proxy
17:00:29     INFO -  Installing collected packages: wptserve, marionette-driver, browsermob-proxy, marionette-harness, firefox-puppeteer
17:00:29     INFO -    Running setup.py install for wptserve: started
17:00:29     INFO -      Running setup.py install for wptserve: finished with status 'done'
17:00:29     INFO -    Running setup.py install for marionette-driver: started
17:00:30     INFO -      Running setup.py install for marionette-driver: finished with status 'done'
17:00:30     INFO -    Running setup.py install for marionette-harness: started
17:00:30     INFO -      Running setup.py install for marionette-harness: finished with status 'done'
17:00:30     INFO -    Running setup.py install for firefox-puppeteer: started
17:00:30     INFO -      Running setup.py install for firefox-puppeteer: finished with status 'done'
17:00:31     INFO -  Successfully installed browsermob-proxy-0.6.0 firefox-puppeteer-52.1.0 marionette-driver-2.2.0 marionette-harness-4.0.0 wptserve-1.4.0
17:00:31     INFO - Return code: 0
17:00:31     INFO - Installing None into virtualenv /builds/slave/test/build/venv
17:00:31     INFO - retry: Calling run_command with args: [['/builds/slave/test/build/venv/bin/pip', 'install', '--timeout', '120', '-r', '/builds/slave/test/build/tests/config/marionette_requirements.txt', '--no-index', '--find-links', 'http://pypi.pvt.build.mozilla.org/pub', '--find-links', 'http://pypi.pub.build.mozilla.org/pub', '--trusted-host', 'pypi.pub.build.mozilla.org', '--trusted-host', 'pypi.pvt.build.mozilla.org']], kwargs: {'error_level': 'warning', 'error_list': [{'substr': 'not found or a compiler error:', 'level': 'warning'}, {'regex': <_sre.SRE_Pattern object at 0x104b72170>, 'level': 'error'}, {'regex': <_sre.SRE_Pattern object at 0x104c14960>, 'level': 'warning'}, {'regex': <_sre.SRE_Pattern object at 0x7fd39352c920>, 'level': 'debug'}, {'substr': 'command not found', 'level': 'error'}, {'regex': <_sre.SRE_Pattern object at 0x104b051d0>, 'level': 'warning'}, {'substr': 'Traceback (most recent call last)', 'level': 'error'}, {'substr': 'SyntaxError: ', 'level': 'error'}, {'substr': 'TypeError: ', 'level': 'error'}, {'substr': 'NameError: ', 'level': 'error'}, {'substr': 'ZeroDivisionError: ', 'level': 'error'}, {'regex': <_sre.SRE_Pattern object at 0x104ae0108>, 'level': 'critical'}, {'regex': <_sre.SRE_Pattern object at 0x104afa030>, 'level': 'critical'}], 'cwd': '/builds/slave/test/build/tests/config', 'env': {'VERSIONER_PYTHON_PREFER_32_BIT': 'no', 'LOGNAME': 'cltbld', 'USER': 'cltbld', 'XPC_SERVICE_NAME': '0', 'PATH': '/usr/local/sbin:/usr/local/bin:/usr/sbin:/usr/bin:/sbin:/bin:/usr/bin/X11', 'HOME': '/Users/cltbld', 'NO_EM_RESTART': '1', 'IDLEIZER_DISABLE_SHUTDOWN': 'true', 'XPCOM_DEBUG_BREAK': 'warn', 'Apple_PubSub_Socket_Render': '/private/tmp/com.apple.launchd.0pLSsYQFFe/Render', 'MOZ_NODE_PATH': '/usr/local/bin/node', 'TWISTD_LOG_PATH': '/builds/slave/twistd.log', 'GIT_SHARE_BASE_DIR': '/builds/git-shared', 'VERSIONER_PYTHON_VERSION': '2.7', 'XPC_FLAGS': '0x0', 'NO_FAIL_ON_TEST_ERRORS': '1', 'HG_SHARE_BASE_DIR': '/builds/hg-shared', 'RUNNER_CONFIG_CMD': '/opt/runner/bin/python2.7 /opt/runner/bin/runner -c /opt/runner/runner.cfg', 'MOZ_NO_REMOTE': '1', 'MOZ_HIDE_RESULTS_TABLE': '1', 'SSH_AUTH_SOCK': '/private/tmp/com.apple.launchd.5G5o1gGJ2d/Listeners', 'SHELL': '/bin/bash', 'TMPDIR': '/var/folders/y_/73jt3trx0w72555v5jn0nbtm00000w/T/', '__CF_USER_TEXT_ENCODING': '0x1C:0:0', 'PWD': '/builds/slave/test', 'PROPERTIES_FILE': '/builds/slave/test/buildprops.json'}}, attempt #1
17:00:31     INFO - Running command: ['/builds/slave/test/build/venv/bin/pip', 'install', '--timeout', '120', '-r', '/builds/slave/test/build/tests/config/marionette_requirements.txt', '--no-index', '--find-links', 'http://pypi.pvt.build.mozilla.org/pub', '--find-links', 'http://pypi.pub.build.mozilla.org/pub', '--trusted-host', 'pypi.pub.build.mozilla.org', '--trusted-host', 'pypi.pvt.build.mozilla.org'] in /builds/slave/test/build/tests/config
17:00:31     INFO - Copy/paste: /builds/slave/test/build/venv/bin/pip install --timeout 120 -r /builds/slave/test/build/tests/config/marionette_requirements.txt --no-index --find-links http://pypi.pvt.build.mozilla.org/pub --find-links http://pypi.pub.build.mozilla.org/pub --trusted-host pypi.pub.build.mozilla.org --trusted-host pypi.pvt.build.mozilla.org
17:00:31     INFO - Using env: {'Apple_PubSub_Socket_Render': '/private/tmp/com.apple.launchd.0pLSsYQFFe/Render',
17:00:31     INFO -  'GIT_SHARE_BASE_DIR': '/builds/git-shared',
17:00:31     INFO -  'HG_SHARE_BASE_DIR': '/builds/hg-shared',
17:00:31     INFO -  'HOME': '/Users/cltbld',
17:00:31     INFO -  'IDLEIZER_DISABLE_SHUTDOWN': 'true',
17:00:31     INFO -  'LOGNAME': 'cltbld',
17:00:31     INFO -  'MOZ_HIDE_RESULTS_TABLE': '1',
17:00:31     INFO -  'MOZ_NODE_PATH': '/usr/local/bin/node',
17:00:31     INFO -  'MOZ_NO_REMOTE': '1',
17:00:31     INFO -  'NO_EM_RESTART': '1',
17:00:31     INFO -  'NO_FAIL_ON_TEST_ERRORS': '1',
17:00:31     INFO -  'PATH': '/usr/local/sbin:/usr/local/bin:/usr/sbin:/usr/bin:/sbin:/bin:/usr/bin/X11',
17:00:31     INFO -  'PROPERTIES_FILE': '/builds/slave/test/buildprops.json',
17:00:31     INFO -  'PWD': '/builds/slave/test',
17:00:31     INFO -  'RUNNER_CONFIG_CMD': '/opt/runner/bin/python2.7 /opt/runner/bin/runner -c /opt/runner/runner.cfg',
17:00:31     INFO -  'SHELL': '/bin/bash',
17:00:31     INFO -  'SSH_AUTH_SOCK': '/private/tmp/com.apple.launchd.5G5o1gGJ2d/Listeners',
17:00:31     INFO -  'TMPDIR': '/var/folders/y_/73jt3trx0w72555v5jn0nbtm00000w/T/',
17:00:31     INFO -  'TWISTD_LOG_PATH': '/builds/slave/twistd.log',
17:00:31     INFO -  'USER': 'cltbld',
17:00:31     INFO -  'VERSIONER_PYTHON_PREFER_32_BIT': 'no',
17:00:31     INFO -  'VERSIONER_PYTHON_VERSION': '2.7',
17:00:31     INFO -  'XPCOM_DEBUG_BREAK': 'warn',
17:00:31     INFO -  'XPC_FLAGS': '0x0',
17:00:31     INFO -  'XPC_SERVICE_NAME': '0',
17:00:31     INFO -  '__CF_USER_TEXT_ENCODING': '0x1C:0:0'}
17:00:32     INFO -  Ignoring indexes: https://pypi.python.org/simple
17:00:32     INFO -  Processing /builds/slave/test/build/tests/mozbase/manifestparser
17:00:32     INFO -    Requirement already satisfied (use --upgrade to upgrade): manifestparser==1.1 from file:///builds/slave/test/build/tests/mozbase/manifestparser in /builds/slave/test/build/venv/lib/python2.7/site-packages (from -r /builds/slave/test/build/tests/config/mozbase_requirements.txt (line 1))
17:00:32     INFO -  Processing /builds/slave/test/build/tests/mozbase/mozcrash
17:00:32     INFO -    Requirement already satisfied (use --upgrade to upgrade): mozcrash==1.0 from file:///builds/slave/test/build/tests/mozbase/mozcrash in /builds/slave/test/build/venv/lib/python2.7/site-packages (from -r /builds/slave/test/build/tests/config/mozbase_requirements.txt (line 2))
17:00:32     INFO -  Processing /builds/slave/test/build/tests/mozbase/mozdebug
17:00:33     INFO -    Requirement already satisfied (use --upgrade to upgrade): mozdebug==0.1 from file:///builds/slave/test/build/tests/mozbase/mozdebug in /builds/slave/test/build/venv/lib/python2.7/site-packages (from -r /builds/slave/test/build/tests/config/mozbase_requirements.txt (line 3))
17:00:33     INFO -  Processing /builds/slave/test/build/tests/mozbase/mozdevice
17:00:33     INFO -    Requirement already satisfied (use --upgrade to upgrade): mozdevice==0.48 from file:///builds/slave/test/build/tests/mozbase/mozdevice in /builds/slave/test/build/venv/lib/python2.7/site-packages (from -r /builds/slave/test/build/tests/config/mozbase_requirements.txt (line 4))
17:00:33     INFO -  Processing /builds/slave/test/build/tests/mozbase/mozfile
17:00:33     INFO -    Requirement already satisfied (use --upgrade to upgrade): mozfile==1.2 from file:///builds/slave/test/build/tests/mozbase/mozfile in /builds/slave/test/build/venv/lib/python2.7/site-packages (from -r /builds/slave/test/build/tests/config/mozbase_requirements.txt (line 5))
17:00:33     INFO -  Processing /builds/slave/test/build/tests/mozbase/mozhttpd
17:00:33     INFO -    Requirement already satisfied (use --upgrade to upgrade): mozhttpd==0.7 from file:///builds/slave/test/build/tests/mozbase/mozhttpd in /builds/slave/test/build/venv/lib/python2.7/site-packages (from -r /builds/slave/test/build/tests/config/mozbase_requirements.txt (line 6))
17:00:33     INFO -  Processing /builds/slave/test/build/tests/mozbase/mozinfo
17:00:34     INFO -    Requirement already satisfied (use --upgrade to upgrade): mozinfo==0.9 from file:///builds/slave/test/build/tests/mozbase/mozinfo in /builds/slave/test/build/venv/lib/python2.7/site-packages (from -r /builds/slave/test/build/tests/config/mozbase_requirements.txt (line 7))
17:00:34     INFO -  Processing /builds/slave/test/build/tests/mozbase/mozinstall
17:00:34     INFO -    Requirement already satisfied (use --upgrade to upgrade): mozInstall==1.12 from file:///builds/slave/test/build/tests/mozbase/mozinstall in /builds/slave/test/build/venv/lib/python2.7/site-packages (from -r /builds/slave/test/build/tests/config/mozbase_requirements.txt (line 8))
17:00:34     INFO -  Processing /builds/slave/test/build/tests/mozbase/mozleak
17:00:34     INFO -    Requirement already satisfied (use --upgrade to upgrade): mozleak==0.1 from file:///builds/slave/test/build/tests/mozbase/mozleak in /builds/slave/test/build/venv/lib/python2.7/site-packages (from -r /builds/slave/test/build/tests/config/mozbase_requirements.txt (line 9))
17:00:34     INFO -  Processing /builds/slave/test/build/tests/mozbase/mozlog
17:00:34     INFO -    Requirement already satisfied (use --upgrade to upgrade): mozlog==3.4 from file:///builds/slave/test/build/tests/mozbase/mozlog in /builds/slave/test/build/venv/lib/python2.7/site-packages (from -r /builds/slave/test/build/tests/config/mozbase_requirements.txt (line 10))
17:00:34     INFO -  Processing /builds/slave/test/build/tests/mozbase/moznetwork
17:00:35     INFO -    Requirement already satisfied (use --upgrade to upgrade): moznetwork==0.27 from file:///builds/slave/test/build/tests/mozbase/moznetwork in /builds/slave/test/build/venv/lib/python2.7/site-packages (from -r /builds/slave/test/build/tests/config/mozbase_requirements.txt (line 11))
17:00:35     INFO -  Processing /builds/slave/test/build/tests/mozbase/mozprocess
17:00:35     INFO -    Requirement already satisfied (use --upgrade to upgrade): mozprocess==0.23 from file:///builds/slave/test/build/tests/mozbase/mozprocess in /builds/slave/test/build/venv/lib/python2.7/site-packages (from -r /builds/slave/test/build/tests/config/mozbase_requirements.txt (line 12))
17:00:35     INFO -  Processing /builds/slave/test/build/tests/mozbase/mozprofile
17:00:35     INFO -    Requirement already satisfied (use --upgrade to upgrade): mozprofile==0.28 from file:///builds/slave/test/build/tests/mozbase/mozprofile in /builds/slave/test/build/venv/lib/python2.7/site-packages (from -r /builds/slave/test/build/tests/config/mozbase_requirements.txt (line 13))
17:00:35     INFO -  Processing /builds/slave/test/build/tests/mozbase/mozrunner
17:00:35     INFO -    Requirement already satisfied (use --upgrade to upgrade): mozrunner==6.13 from file:///builds/slave/test/build/tests/mozbase/mozrunner in /builds/slave/test/build/venv/lib/python2.7/site-packages (from -r /builds/slave/test/build/tests/config/mozbase_requirements.txt (line 14))
17:00:35     INFO -  Processing /builds/slave/test/build/tests/mozbase/mozscreenshot
17:00:36     INFO -    Requirement already satisfied (use --upgrade to upgrade): mozscreenshot==0.1 from file:///builds/slave/test/build/tests/mozbase/mozscreenshot in /builds/slave/test/build/venv/lib/python2.7/site-packages (from -r /builds/slave/test/build/tests/config/mozbase_requirements.txt (line 15))
17:00:36     INFO -  Processing /builds/slave/test/build/tests/mozbase/moztest
17:00:36     INFO -    Requirement already satisfied (use --upgrade to upgrade): moztest==0.8 from file:///builds/slave/test/build/tests/mozbase/moztest in /builds/slave/test/build/venv/lib/python2.7/site-packages (from -r /builds/slave/test/build/tests/config/mozbase_requirements.txt (line 16))
17:00:36     INFO -  Processing /builds/slave/test/build/tests/mozbase/mozversion
17:00:36     INFO -    Requirement already satisfied (use --upgrade to upgrade): mozversion==1.4 from file:///builds/slave/test/build/tests/mozbase/mozversion in /builds/slave/test/build/venv/lib/python2.7/site-packages (from -r /builds/slave/test/build/tests/config/mozbase_requirements.txt (line 17))
17:00:36     INFO -  Processing /builds/slave/test/build/tests/tools/wptserve
17:00:36     INFO -    Requirement already satisfied (use --upgrade to upgrade): wptserve==1.4.0 from file:///builds/slave/test/build/tests/tools/wptserve in /builds/slave/test/build/venv/lib/python2.7/site-packages (from -r /builds/slave/test/build/tests/config/marionette_requirements.txt (line 3))
17:00:36     INFO -  Processing /builds/slave/test/build/tests/marionette/client
17:00:37     INFO -    Requirement already satisfied (use --upgrade to upgrade): marionette-driver==2.2.0 from file:///builds/slave/test/build/tests/marionette/client in /builds/slave/test/build/venv/lib/python2.7/site-packages (from -r /builds/slave/test/build/tests/config/marionette_requirements.txt (line 4))
17:00:37     INFO -  Processing /builds/slave/test/build/tests/marionette/harness/marionette_harness/runner/mixins/browsermob-proxy-py
17:00:37     INFO -    Requirement already satisfied (use --upgrade to upgrade): browsermob-proxy==0.6.0 from file:///builds/slave/test/build/tests/marionette/harness/marionette_harness/runner/mixins/browsermob-proxy-py in /builds/slave/test/build/venv/lib/python2.7/site-packages (from -r /builds/slave/test/build/tests/config/marionette_requirements.txt (line 5))
17:00:37     INFO -  Processing /builds/slave/test/build/tests/marionette/harness
17:00:37     INFO -    Requirement already satisfied (use --upgrade to upgrade): marionette-harness==4.0.0 from file:///builds/slave/test/build/tests/marionette/harness in /builds/slave/test/build/venv/lib/python2.7/site-packages (from -r /builds/slave/test/build/tests/config/marionette_requirements.txt (line 6))
17:00:37     INFO -  Processing /builds/slave/test/build/tests/marionette/puppeteer/firefox
17:00:38     INFO -    Requirement already satisfied (use --upgrade to upgrade): firefox-puppeteer==52.1.0 from file:///builds/slave/test/build/tests/marionette/puppeteer/firefox in /builds/slave/test/build/venv/lib/python2.7/site-packages (from -r /builds/slave/test/build/tests/config/marionette_requirements.txt (line 9))
17:00:38     INFO -  Requirement already satisfied (use --upgrade to upgrade): mozfile>=1.0 in /builds/slave/test/build/venv/lib/python2.7/site-packages (from mozcrash==1.0->-r /builds/slave/test/build/tests/config/mozbase_requirements.txt (line 2))
17:00:38     INFO -  Requirement already satisfied (use --upgrade to upgrade): mozlog>=3.0 in /builds/slave/test/build/venv/lib/python2.7/site-packages (from mozcrash==1.0->-r /builds/slave/test/build/tests/config/mozbase_requirements.txt (line 2))
17:00:38     INFO -  Requirement already satisfied (use --upgrade to upgrade): mozinfo in /builds/slave/test/build/venv/lib/python2.7/site-packages (from mozdebug==0.1->-r /builds/slave/test/build/tests/config/mozbase_requirements.txt (line 3))
17:00:38     INFO -  Requirement already satisfied (use --upgrade to upgrade): moznetwork>=0.24 in /builds/slave/test/build/venv/lib/python2.7/site-packages (from mozdevice==0.48->-r /builds/slave/test/build/tests/config/mozbase_requirements.txt (line 4))
17:00:38     INFO -  Requirement already satisfied (use --upgrade to upgrade): mozprocess>=0.19 in /builds/slave/test/build/venv/lib/python2.7/site-packages (from mozdevice==0.48->-r /builds/slave/test/build/tests/config/mozbase_requirements.txt (line 4))
17:00:38     INFO -  Requirement already satisfied (use --upgrade to upgrade): blessings>=1.3 in /builds/slave/test/build/venv/lib/python2.7/site-packages (from mozlog==3.4->-r /builds/slave/test/build/tests/config/mozbase_requirements.txt (line 10))
17:00:38     INFO -  Requirement already satisfied (use --upgrade to upgrade): requests>=1.1.0 in /builds/slave/test/build/venv/lib/python2.7/site-packages (from browsermob-proxy==0.6.0->-r /builds/slave/test/build/tests/config/marionette_requirements.txt (line 5))
17:00:38     INFO -  Building wheels for collected packages: browsermob-proxy
17:00:38     INFO -    Running setup.py bdist_wheel for browsermob-proxy: started
17:00:38     INFO -    Running setup.py bdist_wheel for browsermob-proxy: finished with status 'done'
17:00:38     INFO -    Stored in directory: /Users/cltbld/Library/Caches/pip/wheels/10/00/c1/79bb793b6a7eb4dca9dfd244010f550ae5044951bcd23c261e
17:00:38     INFO -  Successfully built browsermob-proxy
17:00:38     INFO - Return code: 0
17:00:38     INFO - Installing None into virtualenv /builds/slave/test/build/venv
17:00:38     INFO - retry: Calling run_command with args: [['/builds/slave/test/build/venv/bin/pip', 'install', '--no-deps', '--timeout', '120', '-r', '/builds/slave/test/build/tests/mochitest/websocketprocessbridge/websocketprocessbridge_requirements.txt', '--no-index', '--find-links', 'http://pypi.pvt.build.mozilla.org/pub', '--find-links', 'http://pypi.pub.build.mozilla.org/pub', '--trusted-host', 'pypi.pub.build.mozilla.org', '--trusted-host', 'pypi.pvt.build.mozilla.org']], kwargs: {'error_level': 'warning', 'error_list': [{'substr': 'not found or a compiler error:', 'level': 'warning'}, {'regex': <_sre.SRE_Pattern object at 0x104b72170>, 'level': 'error'}, {'regex': <_sre.SRE_Pattern object at 0x104c14960>, 'level': 'warning'}, {'regex': <_sre.SRE_Pattern object at 0x7fd39352c920>, 'level': 'debug'}, {'substr': 'command not found', 'level': 'error'}, {'regex': <_sre.SRE_Pattern object at 0x104b051d0>, 'level': 'warning'}, {'substr': 'Traceback (most recent call last)', 'level': 'error'}, {'substr': 'SyntaxError: ', 'level': 'error'}, {'substr': 'TypeError: ', 'level': 'error'}, {'substr': 'NameError: ', 'level': 'error'}, {'substr': 'ZeroDivisionError: ', 'level': 'error'}, {'regex': <_sre.SRE_Pattern object at 0x104ae0108>, 'level': 'critical'}, {'regex': <_sre.SRE_Pattern object at 0x104afa030>, 'level': 'critical'}], 'cwd': '/builds/slave/test/build/tests/mochitest/websocketprocessbridge', 'env': {'VERSIONER_PYTHON_PREFER_32_BIT': 'no', 'LOGNAME': 'cltbld', 'USER': 'cltbld', 'XPC_SERVICE_NAME': '0', 'PATH': '/usr/local/sbin:/usr/local/bin:/usr/sbin:/usr/bin:/sbin:/bin:/usr/bin/X11', 'HOME': '/Users/cltbld', 'NO_EM_RESTART': '1', 'IDLEIZER_DISABLE_SHUTDOWN': 'true', 'XPCOM_DEBUG_BREAK': 'warn', 'Apple_PubSub_Socket_Render': '/private/tmp/com.apple.launchd.0pLSsYQFFe/Render', 'MOZ_NODE_PATH': '/usr/local/bin/node', 'TWISTD_LOG_PATH': '/builds/slave/twistd.log', 'GIT_SHARE_BASE_DIR': '/builds/git-shared', 'VERSIONER_PYTHON_VERSION': '2.7', 'XPC_FLAGS': '0x0', 'NO_FAIL_ON_TEST_ERRORS': '1', 'HG_SHARE_BASE_DIR': '/builds/hg-shared', 'RUNNER_CONFIG_CMD': '/opt/runner/bin/python2.7 /opt/runner/bin/runner -c /opt/runner/runner.cfg', 'MOZ_NO_REMOTE': '1', 'MOZ_HIDE_RESULTS_TABLE': '1', 'SSH_AUTH_SOCK': '/private/tmp/com.apple.launchd.5G5o1gGJ2d/Listeners', 'SHELL': '/bin/bash', 'TMPDIR': '/var/folders/y_/73jt3trx0w72555v5jn0nbtm00000w/T/', '__CF_USER_TEXT_ENCODING': '0x1C:0:0', 'PWD': '/builds/slave/test', 'PROPERTIES_FILE': '/builds/slave/test/buildprops.json'}}, attempt #1
17:00:38     INFO - Running command: ['/builds/slave/test/build/venv/bin/pip', 'install', '--no-deps', '--timeout', '120', '-r', '/builds/slave/test/build/tests/mochitest/websocketprocessbridge/websocketprocessbridge_requirements.txt', '--no-index', '--find-links', 'http://pypi.pvt.build.mozilla.org/pub', '--find-links', 'http://pypi.pub.build.mozilla.org/pub', '--trusted-host', 'pypi.pub.build.mozilla.org', '--trusted-host', 'pypi.pvt.build.mozilla.org'] in /builds/slave/test/build/tests/mochitest/websocketprocessbridge
17:00:38     INFO - Copy/paste: /builds/slave/test/build/venv/bin/pip install --no-deps --timeout 120 -r /builds/slave/test/build/tests/mochitest/websocketprocessbridge/websocketprocessbridge_requirements.txt --no-index --find-links http://pypi.pvt.build.mozilla.org/pub --find-links http://pypi.pub.build.mozilla.org/pub --trusted-host pypi.pub.build.mozilla.org --trusted-host pypi.pvt.build.mozilla.org
17:00:39     INFO - Using env: {'Apple_PubSub_Socket_Render': '/private/tmp/com.apple.launchd.0pLSsYQFFe/Render',
17:00:39     INFO -  'GIT_SHARE_BASE_DIR': '/builds/git-shared',
17:00:39     INFO -  'HG_SHARE_BASE_DIR': '/builds/hg-shared',
17:00:39     INFO -  'HOME': '/Users/cltbld',
17:00:39     INFO -  'IDLEIZER_DISABLE_SHUTDOWN': 'true',
17:00:39     INFO -  'LOGNAME': 'cltbld',
17:00:39     INFO -  'MOZ_HIDE_RESULTS_TABLE': '1',
17:00:39     INFO -  'MOZ_NODE_PATH': '/usr/local/bin/node',
17:00:39     INFO -  'MOZ_NO_REMOTE': '1',
17:00:39     INFO -  'NO_EM_RESTART': '1',
17:00:39     INFO -  'NO_FAIL_ON_TEST_ERRORS': '1',
17:00:39     INFO -  'PATH': '/usr/local/sbin:/usr/local/bin:/usr/sbin:/usr/bin:/sbin:/bin:/usr/bin/X11',
17:00:39     INFO -  'PROPERTIES_FILE': '/builds/slave/test/buildprops.json',
17:00:39     INFO -  'PWD': '/builds/slave/test',
17:00:39     INFO -  'RUNNER_CONFIG_CMD': '/opt/runner/bin/python2.7 /opt/runner/bin/runner -c /opt/runner/runner.cfg',
17:00:39     INFO -  'SHELL': '/bin/bash',
17:00:39     INFO -  'SSH_AUTH_SOCK': '/private/tmp/com.apple.launchd.5G5o1gGJ2d/Listeners',
17:00:39     INFO -  'TMPDIR': '/var/folders/y_/73jt3trx0w72555v5jn0nbtm00000w/T/',
17:00:39     INFO -  'TWISTD_LOG_PATH': '/builds/slave/twistd.log',
17:00:39     INFO -  'USER': 'cltbld',
17:00:39     INFO -  'VERSIONER_PYTHON_PREFER_32_BIT': 'no',
17:00:39     INFO -  'VERSIONER_PYTHON_VERSION': '2.7',
17:00:39     INFO -  'XPCOM_DEBUG_BREAK': 'warn',
17:00:39     INFO -  'XPC_FLAGS': '0x0',
17:00:39     INFO -  'XPC_SERVICE_NAME': '0',
17:00:39     INFO -  '__CF_USER_TEXT_ENCODING': '0x1C:0:0'}
17:00:39     INFO -  Ignoring indexes: https://pypi.python.org/simple
17:00:39     INFO -  Requirement already satisfied (use --upgrade to upgrade): six==1.10.0 in /builds/slave/test/build/venv/lib/python2.7/site-packages (from -r /builds/slave/test/build/tests/mochitest/websocketprocessbridge/websocketprocessbridge_requirements.txt (line 2))
17:00:39     INFO -  Collecting twisted==10.2.0 (from -r /builds/slave/test/build/tests/mochitest/websocketprocessbridge/websocketprocessbridge_requirements.txt (line 4))
17:00:39     INFO -  /builds/slave/test/build/venv/lib/python2.7/site-packages/pip/_vendor/requests/packages/urllib3/util/ssl_.py:318: SNIMissingWarning: An HTTPS request has been made, but the SNI (Subject Name Indication) extension to TLS is not available on this platform. This may cause the server to present an incorrect TLS certificate, which can cause validation failures. You can upgrade to a newer version of Python to solve this. For more information, see https://urllib3.readthedocs.org/en/latest/security.html#snimissingwarning.
17:00:39     INFO -    SNIMissingWarning
17:00:39     INFO -  /builds/slave/test/build/venv/lib/python2.7/site-packages/pip/_vendor/requests/packages/urllib3/util/ssl_.py:122: InsecurePlatformWarning: A true SSLContext object is not available. This prevents urllib3 from configuring SSL appropriately and may cause certain SSL connections to fail. You can upgrade to a newer version of Python to solve this. For more information, see https://urllib3.readthedocs.org/en/latest/security.html#insecureplatformwarning.
17:00:39     INFO -    InsecurePlatformWarning
17:00:40     INFO -  /builds/slave/test/build/venv/lib/python2.7/site-packages/pip/_vendor/requests/packages/urllib3/util/ssl_.py:122: InsecurePlatformWarning: A true SSLContext object is not available. This prevents urllib3 from configuring SSL appropriately and may cause certain SSL connections to fail. You can upgrade to a newer version of Python to solve this. For more information, see https://urllib3.readthedocs.org/en/latest/security.html#insecureplatformwarning.
17:00:40     INFO -    InsecurePlatformWarning
17:00:42     INFO -  Collecting txws==0.9.1 (from -r /builds/slave/test/build/tests/mochitest/websocketprocessbridge/websocketprocessbridge_requirements.txt (line 7))
17:00:45     INFO -  Requirement already satisfied (use --upgrade to upgrade): psutil==3.1.1 in /builds/slave/test/build/venv/lib/python2.7/site-packages (from -r /builds/slave/test/build/tests/mochitest/websocketprocessbridge/websocketprocessbridge_requirements.txt (line 9))
17:00:45     INFO -  Collecting ipaddr==2.1.11 (from -r /builds/slave/test/build/tests/mochitest/websocketprocessbridge/websocketprocessbridge_requirements.txt (line 12))
17:00:48     INFO -  Collecting passlib==1.6.5 (from -r /builds/slave/test/build/tests/mochitest/websocketprocessbridge/websocketprocessbridge_requirements.txt (line 13))
17:00:50     INFO -    Downloading https://pypi.pvt.build.mozilla.org/pub/passlib-1.6.5-py2.py3-none-any.whl (317kB)
17:00:50     INFO -  Installing collected packages: twisted, txws, ipaddr, passlib
17:00:53     INFO -  Successfully installed ipaddr-2.1.11 passlib-1.6.5 twisted-10.2.0 txws-0.9.1
17:00:53     INFO - Return code: 0
17:00:53     INFO - Installing None into virtualenv /builds/slave/test/build/venv
17:00:53     INFO - retry: Calling run_command with args: [['/builds/slave/test/build/venv/bin/pip', 'install', '--timeout', '120', '-r', '/builds/slave/test/build/tests/mochitest/websocketprocessbridge/websocketprocessbridge_requirements.txt', '--no-index', '--find-links', 'http://pypi.pvt.build.mozilla.org/pub', '--find-links', 'http://pypi.pub.build.mozilla.org/pub', '--trusted-host', 'pypi.pub.build.mozilla.org', '--trusted-host', 'pypi.pvt.build.mozilla.org']], kwargs: {'error_level': 'warning', 'error_list': [{'substr': 'not found or a compiler error:', 'level': 'warning'}, {'regex': <_sre.SRE_Pattern object at 0x104b72170>, 'level': 'error'}, {'regex': <_sre.SRE_Pattern object at 0x104c14960>, 'level': 'warning'}, {'regex': <_sre.SRE_Pattern object at 0x7fd39352c920>, 'level': 'debug'}, {'substr': 'command not found', 'level': 'error'}, {'regex': <_sre.SRE_Pattern object at 0x104b051d0>, 'level': 'warning'}, {'substr': 'Traceback (most recent call last)', 'level': 'error'}, {'substr': 'SyntaxError: ', 'level': 'error'}, {'substr': 'TypeError: ', 'level': 'error'}, {'substr': 'NameError: ', 'level': 'error'}, {'substr': 'ZeroDivisionError: ', 'level': 'error'}, {'regex': <_sre.SRE_Pattern object at 0x104ae0108>, 'level': 'critical'}, {'regex': <_sre.SRE_Pattern object at 0x104afa030>, 'level': 'critical'}], 'cwd': '/builds/slave/test/build/tests/mochitest/websocketprocessbridge', 'env': {'VERSIONER_PYTHON_PREFER_32_BIT': 'no', 'LOGNAME': 'cltbld', 'USER': 'cltbld', 'XPC_SERVICE_NAME': '0', 'PATH': '/usr/local/sbin:/usr/local/bin:/usr/sbin:/usr/bin:/sbin:/bin:/usr/bin/X11', 'HOME': '/Users/cltbld', 'NO_EM_RESTART': '1', 'IDLEIZER_DISABLE_SHUTDOWN': 'true', 'XPCOM_DEBUG_BREAK': 'warn', 'Apple_PubSub_Socket_Render': '/private/tmp/com.apple.launchd.0pLSsYQFFe/Render', 'MOZ_NODE_PATH': '/usr/local/bin/node', 'TWISTD_LOG_PATH': '/builds/slave/twistd.log', 'GIT_SHARE_BASE_DIR': '/builds/git-shared', 'VERSIONER_PYTHON_VERSION': '2.7', 'XPC_FLAGS': '0x0', 'NO_FAIL_ON_TEST_ERRORS': '1', 'HG_SHARE_BASE_DIR': '/builds/hg-shared', 'RUNNER_CONFIG_CMD': '/opt/runner/bin/python2.7 /opt/runner/bin/runner -c /opt/runner/runner.cfg', 'MOZ_NO_REMOTE': '1', 'MOZ_HIDE_RESULTS_TABLE': '1', 'SSH_AUTH_SOCK': '/private/tmp/com.apple.launchd.5G5o1gGJ2d/Listeners', 'SHELL': '/bin/bash', 'TMPDIR': '/var/folders/y_/73jt3trx0w72555v5jn0nbtm00000w/T/', '__CF_USER_TEXT_ENCODING': '0x1C:0:0', 'PWD': '/builds/slave/test', 'PROPERTIES_FILE': '/builds/slave/test/buildprops.json'}}, attempt #1
17:00:53     INFO - Running command: ['/builds/slave/test/build/venv/bin/pip', 'install', '--timeout', '120', '-r', '/builds/slave/test/build/tests/mochitest/websocketprocessbridge/websocketprocessbridge_requirements.txt', '--no-index', '--find-links', 'http://pypi.pvt.build.mozilla.org/pub', '--find-links', 'http://pypi.pub.build.mozilla.org/pub', '--trusted-host', 'pypi.pub.build.mozilla.org', '--trusted-host', 'pypi.pvt.build.mozilla.org'] in /builds/slave/test/build/tests/mochitest/websocketprocessbridge
17:00:53     INFO - Copy/paste: /builds/slave/test/build/venv/bin/pip install --timeout 120 -r /builds/slave/test/build/tests/mochitest/websocketprocessbridge/websocketprocessbridge_requirements.txt --no-index --find-links http://pypi.pvt.build.mozilla.org/pub --find-links http://pypi.pub.build.mozilla.org/pub --trusted-host pypi.pub.build.mozilla.org --trusted-host pypi.pvt.build.mozilla.org
17:00:53     INFO - Using env: {'Apple_PubSub_Socket_Render': '/private/tmp/com.apple.launchd.0pLSsYQFFe/Render',
17:00:53     INFO -  'GIT_SHARE_BASE_DIR': '/builds/git-shared',
17:00:53     INFO -  'HG_SHARE_BASE_DIR': '/builds/hg-shared',
17:00:53     INFO -  'HOME': '/Users/cltbld',
17:00:53     INFO -  'IDLEIZER_DISABLE_SHUTDOWN': 'true',
17:00:53     INFO -  'LOGNAME': 'cltbld',
17:00:53     INFO -  'MOZ_HIDE_RESULTS_TABLE': '1',
17:00:53     INFO -  'MOZ_NODE_PATH': '/usr/local/bin/node',
17:00:53     INFO -  'MOZ_NO_REMOTE': '1',
17:00:53     INFO -  'NO_EM_RESTART': '1',
17:00:53     INFO -  'NO_FAIL_ON_TEST_ERRORS': '1',
17:00:53     INFO -  'PATH': '/usr/local/sbin:/usr/local/bin:/usr/sbin:/usr/bin:/sbin:/bin:/usr/bin/X11',
17:00:53     INFO -  'PROPERTIES_FILE': '/builds/slave/test/buildprops.json',
17:00:53     INFO -  'PWD': '/builds/slave/test',
17:00:53     INFO -  'RUNNER_CONFIG_CMD': '/opt/runner/bin/python2.7 /opt/runner/bin/runner -c /opt/runner/runner.cfg',
17:00:53     INFO -  'SHELL': '/bin/bash',
17:00:53     INFO -  'SSH_AUTH_SOCK': '/private/tmp/com.apple.launchd.5G5o1gGJ2d/Listeners',
17:00:53     INFO -  'TMPDIR': '/var/folders/y_/73jt3trx0w72555v5jn0nbtm00000w/T/',
17:00:53     INFO -  'TWISTD_LOG_PATH': '/builds/slave/twistd.log',
17:00:53     INFO -  'USER': 'cltbld',
17:00:53     INFO -  'VERSIONER_PYTHON_PREFER_32_BIT': 'no',
17:00:53     INFO -  'VERSIONER_PYTHON_VERSION': '2.7',
17:00:53     INFO -  'XPCOM_DEBUG_BREAK': 'warn',
17:00:53     INFO -  'XPC_FLAGS': '0x0',
17:00:53     INFO -  'XPC_SERVICE_NAME': '0',
17:00:53     INFO -  '__CF_USER_TEXT_ENCODING': '0x1C:0:0'}
17:00:54     INFO -  Ignoring indexes: https://pypi.python.org/simple
17:00:54     INFO -  Requirement already satisfied (use --upgrade to upgrade): six==1.10.0 in /builds/slave/test/build/venv/lib/python2.7/site-packages (from -r /builds/slave/test/build/tests/mochitest/websocketprocessbridge/websocketprocessbridge_requirements.txt (line 2))
17:00:54     INFO -  Requirement already satisfied (use --upgrade to upgrade): twisted==10.2.0 in /builds/slave/test/build/venv/lib/python2.7/site-packages (from -r /builds/slave/test/build/tests/mochitest/websocketprocessbridge/websocketprocessbridge_requirements.txt (line 4))
17:00:54     INFO -  Requirement already satisfied (use --upgrade to upgrade): txws==0.9.1 in /builds/slave/test/build/venv/lib/python2.7/site-packages (from -r /builds/slave/test/build/tests/mochitest/websocketprocessbridge/websocketprocessbridge_requirements.txt (line 7))
17:00:54     INFO -  Requirement already satisfied (use --upgrade to upgrade): psutil==3.1.1 in /builds/slave/test/build/venv/lib/python2.7/site-packages (from -r /builds/slave/test/build/tests/mochitest/websocketprocessbridge/websocketprocessbridge_requirements.txt (line 9))
17:00:54     INFO -  Requirement already satisfied (use --upgrade to upgrade): ipaddr==2.1.11 in /builds/slave/test/build/venv/lib/python2.7/site-packages (from -r /builds/slave/test/build/tests/mochitest/websocketprocessbridge/websocketprocessbridge_requirements.txt (line 12))
17:00:54     INFO -  Requirement already satisfied (use --upgrade to upgrade): passlib==1.6.5 in /builds/slave/test/build/venv/lib/python2.7/site-packages (from -r /builds/slave/test/build/tests/mochitest/websocketprocessbridge/websocketprocessbridge_requirements.txt (line 13))
17:00:54     INFO -  Collecting zope.interface (from twisted==10.2.0->-r /builds/slave/test/build/tests/mochitest/websocketprocessbridge/websocketprocessbridge_requirements.txt (line 4))
17:00:54     INFO -  /builds/slave/test/build/venv/lib/python2.7/site-packages/pip/_vendor/requests/packages/urllib3/util/ssl_.py:318: SNIMissingWarning: An HTTPS request has been made, but the SNI (Subject Name Indication) extension to TLS is not available on this platform. This may cause the server to present an incorrect TLS certificate, which can cause validation failures. You can upgrade to a newer version of Python to solve this. For more information, see https://urllib3.readthedocs.org/en/latest/security.html#snimissingwarning.
17:00:54     INFO -    SNIMissingWarning
17:00:54     INFO -  /builds/slave/test/build/venv/lib/python2.7/site-packages/pip/_vendor/requests/packages/urllib3/util/ssl_.py:122: InsecurePlatformWarning: A true SSLContext object is not available. This prevents urllib3 from configuring SSL appropriately and may cause certain SSL connections to fail. You can upgrade to a newer version of Python to solve this. For more information, see https://urllib3.readthedocs.org/en/latest/security.html#insecureplatformwarning.
17:00:54     INFO -    InsecurePlatformWarning
17:00:54     INFO -  /builds/slave/test/build/venv/lib/python2.7/site-packages/pip/_vendor/requests/packages/urllib3/util/ssl_.py:122: InsecurePlatformWarning: A true SSLContext object is not available. This prevents urllib3 from configuring SSL appropriately and may cause certain SSL connections to fail. You can upgrade to a newer version of Python to solve this. For more information, see https://urllib3.readthedocs.org/en/latest/security.html#insecureplatformwarning.
17:00:54     INFO -    InsecurePlatformWarning
17:00:57     INFO -  Requirement already satisfied (use --upgrade to upgrade): setuptools in /builds/slave/test/build/venv/lib/python2.7/site-packages (from zope.interface->twisted==10.2.0->-r /builds/slave/test/build/tests/mochitest/websocketprocessbridge/websocketprocessbridge_requirements.txt (line 4))
17:00:57     INFO -  Installing collected packages: zope.interface
17:00:57     INFO -  Successfully installed zope.interface-4.0.2
17:00:57     INFO - Return code: 0
17:00:57     INFO - Done creating virtualenv /builds/slave/test/build/venv.
17:00:57     INFO - Getting output from command: ['/builds/slave/test/build/venv/bin/pip', 'freeze']
17:00:57     INFO - Copy/paste: /builds/slave/test/build/venv/bin/pip freeze
17:00:57     INFO - Reading from file tmpfile_stdout
17:00:57     INFO - Reading from file tmpfile_stderr
17:00:57     INFO - Current package versions:
17:00:57     INFO -   Twisted == 10.2.0
17:00:57     INFO -   blessings == 1.6
17:00:57     INFO -   blobuploader == 1.2.4
17:00:57     INFO -   browsermob-proxy == 0.6.0
17:00:57     INFO -   docopt == 0.6.1
17:00:57     INFO -   firefox-puppeteer == 52.1.0
17:00:57     INFO -   functools32 == 3.2.3.post2
17:00:57     INFO -   ipaddr == 2.1.11
17:00:57     INFO -   jsonschema == 2.5.1
17:00:57     INFO -   manifestparser == 1.1
17:00:57     INFO -   marionette-driver == 2.2.0
17:00:57     INFO -   marionette-harness == 4.0.0
17:00:57     INFO -   mock == 1.0.1
17:00:57     INFO -   mozInstall == 1.12
17:00:57     INFO -   mozcrash == 1.0
17:00:57     INFO -   mozdebug == 0.1
17:00:57     INFO -   mozdevice == 0.48
17:00:57     INFO -   mozfile == 1.2
17:00:57     INFO -   mozhttpd == 0.7
17:00:57     INFO -   mozinfo == 0.9
17:00:57     INFO -   mozleak == 0.1
17:00:57     INFO -   mozlog == 3.4
17:00:57     INFO -   moznetwork == 0.27
17:00:57     INFO -   mozprocess == 0.23
17:00:57     INFO -   mozprofile == 0.28
17:00:57     INFO -   mozrunner == 6.13
17:00:57     INFO -   mozscreenshot == 0.1
17:00:57     INFO -   mozsystemmonitor == 0.3
17:00:57     INFO -   moztest == 0.8
17:00:57     INFO -   mozversion == 1.4
17:00:57     INFO -   passlib == 1.6.5
17:00:57     INFO -   psutil == 3.1.1
17:00:57     INFO -   requests == 1.2.3
17:00:57     INFO -   simplejson == 3.3.0
17:00:57     INFO -   six == 1.10.0
17:00:57     INFO -   txWS == 0.9.1
17:00:57     INFO -   vcversioner == 2.16.0.0
17:00:57     INFO -   wptserve == 1.4.0
17:00:57     INFO -   zope.interface == 4.0.2
17:00:57     INFO - Running post-action listener: _resource_record_post_action
17:00:57     INFO - Running post-action listener: _start_resource_monitoring
17:00:57     INFO - Starting resource monitoring.
17:00:57     INFO - [mozharness: 2018-06-09 00:00:57.823226Z] Finished create-virtualenv step (success)
17:00:57     INFO - [mozharness: 2018-06-09 00:00:57.824243Z] Running install step.
17:00:57     INFO - Running pre-action listener: _resource_record_pre_action
17:00:57     INFO - Running main action method: install
17:00:57     INFO - Getting output from command: ['/builds/slave/test/build/venv/bin/pip', 'freeze']
17:00:57     INFO - Copy/paste: /builds/slave/test/build/venv/bin/pip freeze
17:00:58     INFO - Reading from file tmpfile_stdout
17:00:58     INFO - Reading from file tmpfile_stderr
17:00:58     INFO - Detecting whether we're running mozinstall >=1.0...
17:00:58     INFO - Getting output from command: ['/builds/slave/test/build/venv/bin/mozinstall', '-h']
17:00:58     INFO - Copy/paste: /builds/slave/test/build/venv/bin/mozinstall -h
17:00:58     INFO - Reading from file tmpfile_stdout
17:00:58     INFO - Output received:
17:00:58     INFO -  Usage: mozinstall [options] installer
17:00:58     INFO -  Options:
17:00:58     INFO -    -h, --help            show this help message and exit
17:00:58     INFO -    -d DEST, --destination=DEST
17:00:58     INFO -                          Directory to install application into. [default:
17:00:58     INFO -                          "/builds/slave/test"]
17:00:58     INFO -    --app=APP             Application being installed. [default: firefox]
17:00:58     INFO - mkdir: /builds/slave/test/build/application
17:00:58     INFO - Getting output from command: ['/builds/slave/test/build/venv/bin/mozinstall', '/builds/slave/test/installer.dmg', '--destination', '/builds/slave/test/build/application']
17:00:58     INFO - Copy/paste: /builds/slave/test/build/venv/bin/mozinstall /builds/slave/test/installer.dmg --destination /builds/slave/test/build/application
17:01:20     INFO - Reading from file tmpfile_stdout
17:01:20     INFO - Output received:
17:01:20     INFO -  /builds/slave/test/build/application/Firefox.app/Contents/MacOS/firefox
17:01:20     INFO - Running post-action listener: _resource_record_post_action
17:01:20     INFO - [mozharness: 2018-06-09 00:01:20.143490Z] Finished install step (success)
17:01:20     INFO - [mozharness: 2018-06-09 00:01:20.143645Z] Running stage-files step.
17:01:20     INFO - Running pre-action listener: _resource_record_pre_action
17:01:20     INFO - Running main action method: stage_files
17:01:20     INFO - Running post-action listener: _resource_record_post_action
17:01:20     INFO - [mozharness: 2018-06-09 00:01:20.144228Z] Finished stage-files step (success)
17:01:20     INFO - [mozharness: 2018-06-09 00:01:20.144342Z] Running run-tests step.
17:01:20     INFO - Running pre-action listener: _resource_record_pre_action
17:01:20     INFO - Running pre-action listener: _set_gcov_prefix
17:01:20     INFO - Running main action method: run_tests
17:01:20     INFO - #### Running mochitest suites
17:01:20     INFO - Structured output parser in use for mochitest.
17:01:20     INFO - grabbing minidump binary from tooltool
17:01:20     INFO - retry: Calling run_command with args: (['/tools/tooltool.py', '--url', 'https://api.pub.build.mozilla.org/tooltool/', '--authentication-file', '/builds/relengapi.tok', 'fetch', '-m', '/builds/slave/test/build/tests/config/tooltool-manifests/macosx64/releng.manifest', '-o', '-c', '/builds/tooltool_cache'],), kwargs: {'output_timeout': 600, 'error_list': [{'substr': 'command not found', 'level': 'error'}, {'regex': <_sre.SRE_Pattern object at 0x104b051d0>, 'level': 'warning'}, {'substr': 'Traceback (most recent call last)', 'level': 'error'}, {'substr': 'SyntaxError: ', 'level': 'error'}, {'substr': 'TypeError: ', 'level': 'error'}, {'substr': 'NameError: ', 'level': 'error'}, {'substr': 'ZeroDivisionError: ', 'level': 'error'}, {'regex': <_sre.SRE_Pattern object at 0x104ae0108>, 'level': 'critical'}, {'regex': <_sre.SRE_Pattern object at 0x104afa030>, 'level': 'critical'}, {'substr': 'ERROR - ', 'level': 'error'}], 'cwd': '/builds/slave/test/build', 'privileged': False}, attempt #1
17:01:20     INFO - Running command: ['/tools/tooltool.py', '--url', 'https://api.pub.build.mozilla.org/tooltool/', '--authentication-file', '/builds/relengapi.tok', 'fetch', '-m', '/builds/slave/test/build/tests/config/tooltool-manifests/macosx64/releng.manifest', '-o', '-c', '/builds/tooltool_cache'] in /builds/slave/test/build
17:01:20     INFO - Copy/paste: /tools/tooltool.py --url https://api.pub.build.mozilla.org/tooltool/ --authentication-file /builds/relengapi.tok fetch -m /builds/slave/test/build/tests/config/tooltool-manifests/macosx64/releng.manifest -o -c /builds/tooltool_cache
17:01:20     INFO - Calling ['/tools/tooltool.py', '--url', 'https://api.pub.build.mozilla.org/tooltool/', '--authentication-file', '/builds/relengapi.tok', 'fetch', '-m', '/builds/slave/test/build/tests/config/tooltool-manifests/macosx64/releng.manifest', '-o', '-c', '/builds/tooltool_cache'] with output_timeout 600
17:01:20     INFO -  INFO - File macosx64-minidump_stackwalk retrieved from local cache /builds/tooltool_cache
17:01:20     INFO - Return code: 0
17:01:20     INFO - Chmoding /builds/slave/test/build/macosx64-minidump_stackwalk to 0755
17:01:20     INFO - grabbing nodejs binary from tooltool
17:01:20     INFO - retry: Calling run_command with args: (['/tools/tooltool.py', '--url', 'https://api.pub.build.mozilla.org/tooltool/', '--authentication-file', '/builds/relengapi.tok', 'fetch', '-m', '/builds/slave/test/build/tests/config/tooltool-manifests/macosx64/nodejs.manifest', '-o', '-c', '/builds/tooltool_cache'],), kwargs: {'output_timeout': 600, 'error_list': [{'substr': 'command not found', 'level': 'error'}, {'regex': <_sre.SRE_Pattern object at 0x104b051d0>, 'level': 'warning'}, {'substr': 'Traceback (most recent call last)', 'level': 'error'}, {'substr': 'SyntaxError: ', 'level': 'error'}, {'substr': 'TypeError: ', 'level': 'error'}, {'substr': 'NameError: ', 'level': 'error'}, {'substr': 'ZeroDivisionError: ', 'level': 'error'}, {'regex': <_sre.SRE_Pattern object at 0x104ae0108>, 'level': 'critical'}, {'regex': <_sre.SRE_Pattern object at 0x104afa030>, 'level': 'critical'}, {'substr': 'ERROR - ', 'level': 'error'}], 'cwd': '/builds/slave/test/build', 'privileged': False}, attempt #1
17:01:20     INFO - Running command: ['/tools/tooltool.py', '--url', 'https://api.pub.build.mozilla.org/tooltool/', '--authentication-file', '/builds/relengapi.tok', 'fetch', '-m', '/builds/slave/test/build/tests/config/tooltool-manifests/macosx64/nodejs.manifest', '-o', '-c', '/builds/tooltool_cache'] in /builds/slave/test/build
17:01:20     INFO - Copy/paste: /tools/tooltool.py --url https://api.pub.build.mozilla.org/tooltool/ --authentication-file /builds/relengapi.tok fetch -m /builds/slave/test/build/tests/config/tooltool-manifests/macosx64/nodejs.manifest -o -c /builds/tooltool_cache
17:01:20     INFO - Calling ['/tools/tooltool.py', '--url', 'https://api.pub.build.mozilla.org/tooltool/', '--authentication-file', '/builds/relengapi.tok', 'fetch', '-m', '/builds/slave/test/build/tests/config/tooltool-manifests/macosx64/nodejs.manifest', '-o', '-c', '/builds/tooltool_cache'] with output_timeout 600
17:01:20     INFO -  INFO - File node-osx.tar.gz retrieved from local cache /builds/tooltool_cache
17:01:20     INFO -  INFO - untarring "node-osx.tar.gz"
17:01:21     INFO - Return code: 0
17:01:21     INFO - Chmoding /builds/slave/test/build/node-osx/bin/node to 0755
17:01:21     INFO - mkdir: /builds/slave/test/build/blobber_upload_dir
17:01:21     INFO - ENV: MOZ_UPLOAD_DIR is now /builds/slave/test/build/blobber_upload_dir
17:01:21     INFO - ENV: MINIDUMP_STACKWALK is now /builds/slave/test/build/macosx64-minidump_stackwalk
17:01:21     INFO - ENV: MOZ_NODE_PATH is now /builds/slave/test/build/node-osx/bin/node
17:01:21     INFO - ENV: MINIDUMP_SAVE_PATH is now /builds/slave/test/build/blobber_upload_dir
17:01:21     INFO - Running command: ['/builds/slave/test/build/venv/bin/python', '-u', '/builds/slave/test/build/tests/mochitest/runtests.py', '--appname=/builds/slave/test/build/application/Firefox.app/Contents/MacOS/firefox', '--utility-path=tests/bin', '--extra-profile-file=tests/bin/plugins', '--symbols-path=https://queue.taskcluster.net/v1/task/HHn8t6C8SBmHWYIFt5uc2A/artifacts/public/build/firefox-52.8.2.en-US.mac.crashreporter-symbols.zip', '--certificate-path=tests/certs', '--quiet', '--log-raw=/builds/slave/test/build/blobber_upload_dir/plain-gpu_raw.log', '--log-errorsummary=/builds/slave/test/build/blobber_upload_dir/plain-gpu_errorsummary.log', '--screenshot-on-fail', '--cleanup-crashes', '--log-raw=-', '--subsuite=gpu'] in /builds/slave/test/build
17:01:21     INFO - Copy/paste: /builds/slave/test/build/venv/bin/python -u /builds/slave/test/build/tests/mochitest/runtests.py --appname=/builds/slave/test/build/application/Firefox.app/Contents/MacOS/firefox --utility-path=tests/bin --extra-profile-file=tests/bin/plugins --symbols-path=https://queue.taskcluster.net/v1/task/HHn8t6C8SBmHWYIFt5uc2A/artifacts/public/build/firefox-52.8.2.en-US.mac.crashreporter-symbols.zip --certificate-path=tests/certs --quiet --log-raw=/builds/slave/test/build/blobber_upload_dir/plain-gpu_raw.log --log-errorsummary=/builds/slave/test/build/blobber_upload_dir/plain-gpu_errorsummary.log --screenshot-on-fail --cleanup-crashes --log-raw=- --subsuite=gpu
17:01:21     INFO - Using env: {'Apple_PubSub_Socket_Render': '/private/tmp/com.apple.launchd.0pLSsYQFFe/Render',
17:01:21     INFO -  'GIT_SHARE_BASE_DIR': '/builds/git-shared',
17:01:21     INFO -  'HG_SHARE_BASE_DIR': '/builds/hg-shared',
17:01:21     INFO -  'HOME': '/Users/cltbld',
17:01:21     INFO -  'IDLEIZER_DISABLE_SHUTDOWN': 'true',
17:01:21     INFO -  'LOGNAME': 'cltbld',
17:01:21     INFO -  'MINIDUMP_SAVE_PATH': '/builds/slave/test/build/blobber_upload_dir',
17:01:21     INFO -  'MINIDUMP_STACKWALK': '/builds/slave/test/build/macosx64-minidump_stackwalk',
17:01:21     INFO -  'MOZ_HIDE_RESULTS_TABLE': '1',
17:01:21     INFO -  'MOZ_NODE_PATH': '/builds/slave/test/build/node-osx/bin/node',
17:01:21     INFO -  'MOZ_NO_REMOTE': '1',
17:01:21     INFO -  'MOZ_UPLOAD_DIR': '/builds/slave/test/build/blobber_upload_dir',
17:01:21     INFO -  'NO_EM_RESTART': '1',
17:01:21     INFO -  'NO_FAIL_ON_TEST_ERRORS': '1',
17:01:21     INFO -  'PATH': '/builds/slave/test/build/venv/bin:/usr/local/sbin:/usr/local/bin:/usr/sbin:/usr/bin:/sbin:/bin:/usr/bin/X11',
17:01:21     INFO -  'PROPERTIES_FILE': '/builds/slave/test/buildprops.json',
17:01:21     INFO -  'PWD': '/builds/slave/test',
17:01:21     INFO -  'RUNNER_CONFIG_CMD': '/opt/runner/bin/python2.7 /opt/runner/bin/runner -c /opt/runner/runner.cfg',
17:01:21     INFO -  'SHELL': '/bin/bash',
17:01:21     INFO -  'SSH_AUTH_SOCK': '/private/tmp/com.apple.launchd.5G5o1gGJ2d/Listeners',
17:01:21     INFO -  'TMPDIR': '/var/folders/y_/73jt3trx0w72555v5jn0nbtm00000w/T/',
17:01:21     INFO -  'TWISTD_LOG_PATH': '/builds/slave/twistd.log',
17:01:21     INFO -  'USER': 'cltbld',
17:01:21     INFO -  'VERSIONER_PYTHON_PREFER_32_BIT': 'no',
17:01:21     INFO -  'VERSIONER_PYTHON_VERSION': '2.7',
17:01:21     INFO -  'XPCOM_DEBUG_BREAK': 'warn',
17:01:21     INFO -  'XPC_FLAGS': '0x0',
17:01:21     INFO -  'XPC_SERVICE_NAME': '0',
17:01:21     INFO -  '__CF_USER_TEXT_ENCODING': '0x1C:0:0'}
17:01:21     INFO - Calling ['/builds/slave/test/build/venv/bin/python', '-u', '/builds/slave/test/build/tests/mochitest/runtests.py', '--appname=/builds/slave/test/build/application/Firefox.app/Contents/MacOS/firefox', '--utility-path=tests/bin', '--extra-profile-file=tests/bin/plugins', '--symbols-path=https://queue.taskcluster.net/v1/task/HHn8t6C8SBmHWYIFt5uc2A/artifacts/public/build/firefox-52.8.2.en-US.mac.crashreporter-symbols.zip', '--certificate-path=tests/certs', '--quiet', '--log-raw=/builds/slave/test/build/blobber_upload_dir/plain-gpu_raw.log', '--log-errorsummary=/builds/slave/test/build/blobber_upload_dir/plain-gpu_errorsummary.log', '--screenshot-on-fail', '--cleanup-crashes', '--log-raw=-', '--subsuite=gpu'] with output_timeout 1000
17:01:22     INFO - Checking for orphan ssltunnel processes...
17:01:22     INFO - Checking for orphan xpcshell processes...
17:01:22     INFO - mozcrash Removed pending crash reports at '/Users/cltbld/Library/Application Support/firefox/Crash Reports'
17:01:23     INFO - SUITE-START | Running 21 tests
17:01:23     INFO - TEST-START | dom/canvas/test/test_offscreencanvas_basic_webgl.html
17:01:23     INFO - TEST-SKIP | dom/canvas/test/test_offscreencanvas_basic_webgl.html | took 0ms
17:01:23     INFO - TEST-START | dom/canvas/test/test_offscreencanvas_dynamic_fallback.html
17:01:23     INFO - TEST-SKIP | dom/canvas/test/test_offscreencanvas_dynamic_fallback.html | took 1ms
17:01:23     INFO - TEST-START | dom/canvas/test/test_offscreencanvas_many.html
17:01:23     INFO - TEST-SKIP | dom/canvas/test/test_offscreencanvas_many.html | took 0ms
17:01:23     INFO - TEST-START | dom/canvas/test/test_offscreencanvas_neuter.html
17:01:23     INFO - TEST-SKIP | dom/canvas/test/test_offscreencanvas_neuter.html | took 0ms
17:01:23     INFO - TEST-START | dom/canvas/test/test_offscreencanvas_serviceworker.html
17:01:23     INFO - TEST-SKIP | dom/canvas/test/test_offscreencanvas_serviceworker.html | took 0ms
17:01:23     INFO - TEST-START | dom/canvas/test/test_offscreencanvas_sharedworker.html
17:01:23     INFO - TEST-SKIP | dom/canvas/test/test_offscreencanvas_sharedworker.html | took 0ms
17:01:23     INFO - TEST-START | dom/canvas/test/test_offscreencanvas_sizechange.html
17:01:23     INFO - TEST-SKIP | dom/canvas/test/test_offscreencanvas_sizechange.html | took 0ms
17:01:23     INFO - TEST-START | dom/canvas/test/test_offscreencanvas_subworker.html
17:01:23     INFO - TEST-SKIP | dom/canvas/test/test_offscreencanvas_subworker.html | took 0ms
17:01:23     INFO - TEST-START | dom/canvas/test/test_offscreencanvas_toblob.html
17:01:23     INFO - TEST-SKIP | dom/canvas/test/test_offscreencanvas_toblob.html | took 0ms
17:01:23     INFO - TEST-START | dom/canvas/test/test_offscreencanvas_toimagebitmap.html
17:01:23     INFO - TEST-SKIP | dom/canvas/test/test_offscreencanvas_toimagebitmap.html | took 0ms
17:01:23     INFO - TEST-START | dom/imptests/html/webgl/test_compressedTexSubImage2D.html
17:01:23     INFO - TEST-SKIP | dom/imptests/html/webgl/test_compressedTexSubImage2D.html | took 0ms
17:01:23     INFO -  dir: dom/bindings/test
17:01:23     INFO -  mozprofile.addons WARNING | Could not install /builds/slave/test/build/tests/mochitest/extensions/mozscreenshots: [Errno 2] No such file or directory: '/builds/slave/test/build/tests/mochitest/extensions/mozscreenshots/install.rdf'
17:01:23     INFO -  pk12util: PKCS12 IMPORT SUCCESSFUL
17:01:23     INFO - MochitestServer : launching [u'/builds/slave/test/build/tests/bin/xpcshell', '-g', '/builds/slave/test/build/application/Firefox.app/Contents/Resources', '-v', '170', '-f', '/builds/slave/test/build/tests/bin/components/httpd.js', '-e', "const _PROFILE_PATH = '/var/folders/y_/73jt3trx0w72555v5jn0nbtm00000w/T/tmpW0LUtg.mozrunner'; const _SERVER_PORT = '8888'; const _SERVER_ADDR = '127.0.0.1'; const _TEST_PREFIX = undefined; const _DISPLAY_RESULTS = false;", '-f', '/builds/slave/test/build/tests/mochitest/server.js']
17:01:23     INFO - runtests.py | Server pid: 2425
17:01:23     INFO - runtests.py | Websocket server pid: 2426
17:01:23     INFO - runtests.py | SSL tunnel pid: 2427
17:01:23     INFO - runtests.py | Running with e10s: True
17:01:23     INFO - runtests.py | Running tests: start.
17:01:23     INFO - 
17:01:23     INFO - Application command: /builds/slave/test/build/application/Firefox.app/Contents/MacOS/firefox -marionette -foreground -profile /var/folders/y_/73jt3trx0w72555v5jn0nbtm00000w/T/tmpW0LUtg.mozrunner
17:01:23     INFO - runtests.py | Application pid: 2428
17:01:23     INFO - TEST-INFO | started process Main app process
17:01:25     INFO - 1528502485174	Marionette	INFO	Listening on port 2828
17:01:27     INFO - 2018-06-08 17:01:27.033 plugin-container[2431:22471] *** CFMessagePort: bootstrap_register(): failed 1100 (0x44c) 'Permission denied', port = 0x494f, name = 'com.apple.tsm.portname'
17:01:27     INFO - See /usr/include/servers/bootstrap_defs.h for the error codes.
17:01:27     INFO - 2018-06-08 17:01:27.034 plugin-container[2431:22471] *** CFMessagePort: bootstrap_register(): failed 1100 (0x44c) 'Permission denied', port = 0x4c1f, name = 'com.apple.CFPasteboardClient'
17:01:27     INFO - See /usr/include/servers/bootstrap_defs.h for the error codes.
17:01:27     INFO - 2018-06-08 17:01:27.034 plugin-container[2431:22471] Failed to allocate communication port for com.apple.CFPasteboardClient; this is likely due to sandbox restrictions
17:01:27     INFO - SimpleTest START
17:01:27     INFO - TEST-START | dom/bindings/test/test_sequence_wrapping.html
17:01:28     INFO - MEMORY STAT vsizeMaxContiguous not supported in this build configuration.
17:01:28     INFO - MEMORY STAT | vsize 3806MB | residentFast 91MB | heapAllocated 23MB
17:01:28     INFO - TEST-OK | dom/bindings/test/test_sequence_wrapping.html | took 1108ms
17:01:28     INFO - TEST-START | Shutdown
17:01:28     INFO - Passed:  4
17:01:28     INFO - Failed:  0
17:01:28     INFO - Todo:    0
17:01:28     INFO - Mode:    e10s
17:01:28     INFO - Slowest: 1106ms - /tests/dom/bindings/test/test_sequence_wrapping.html
17:01:28     INFO - SimpleTest FINISHED
17:01:28     INFO - TEST-INFO | Ran 1 Loops
17:01:28     INFO - SimpleTest FINISHED
17:01:28     INFO - -*- PresentationControlService.js: PresentationControlService - close
17:01:29     INFO - TEST-INFO | Main app process: exit 0
17:01:29     INFO - runtests.py | Application ran for: 0:00:05.793816
17:01:29     INFO - zombiecheck | Reading PID log: /var/folders/y_/73jt3trx0w72555v5jn0nbtm00000w/T/tmpz44HpZpidlog
17:01:29     INFO - ==> process 2428 launched child process 2431
17:01:29     INFO - zombiecheck | Checking for orphan process with PID: 2431
17:01:29     INFO - Stopping web server
17:01:29     INFO - Stopping web socket server
17:01:29     INFO - Stopping ssltunnel
17:01:29  WARNING - leakcheck | refcount logging is off, so leaks can't be detected!
17:01:29     INFO - runtests.py | Running tests: end.
17:01:29     INFO - Buffered messages finished
17:01:29     INFO -  dir: dom/canvas/test/crossorigin
17:01:29     INFO -  mozprofile.addons WARNING | Could not install /builds/slave/test/build/tests/mochitest/extensions/mozscreenshots: [Errno 2] No such file or directory: '/builds/slave/test/build/tests/mochitest/extensions/mozscreenshots/install.rdf'
17:01:29     INFO -  pk12util: PKCS12 IMPORT SUCCESSFUL
17:01:29     INFO - MochitestServer : launching [u'/builds/slave/test/build/tests/bin/xpcshell', '-g', '/builds/slave/test/build/application/Firefox.app/Contents/Resources', '-v', '170', '-f', '/builds/slave/test/build/tests/bin/components/httpd.js', '-e', "const _PROFILE_PATH = '/var/folders/y_/73jt3trx0w72555v5jn0nbtm00000w/T/tmpSKj0oZ.mozrunner'; const _SERVER_PORT = '8888'; const _SERVER_ADDR = '127.0.0.1'; const _TEST_PREFIX = undefined; const _DISPLAY_RESULTS = false;", '-f', '/builds/slave/test/build/tests/mochitest/server.js']
17:01:29     INFO - runtests.py | Server pid: 2438
17:01:29     INFO - runtests.py | Websocket server pid: 2439
17:01:29     INFO - runtests.py | SSL tunnel pid: 2440
17:01:29     INFO - runtests.py | Running with e10s: True
17:01:29     INFO - runtests.py | Running tests: start.
17:01:29     INFO - 
17:01:29     INFO - Application command: /builds/slave/test/build/application/Firefox.app/Contents/MacOS/firefox -marionette -foreground -profile /var/folders/y_/73jt3trx0w72555v5jn0nbtm00000w/T/tmpSKj0oZ.mozrunner
17:01:29     INFO - runtests.py | Application pid: 2441
17:01:29     INFO - TEST-INFO | started process Main app process
17:01:31     INFO - 1528502491066	Marionette	INFO	Listening on port 2828

command interrupted, attempting to kill
process killed by signal 9
program finished with exit code -1
elapsedTime=149.642738
The web-page 'stop build' button was pressed by 'rvandermeulen@mozilla.com': Cancelled via self-serve
========= master_lag: 0.05 =========
========= Finished '/tools/buildbot/bin/python -u ...' interrupted (results: 4, elapsed: 2 mins, 29 secs) (at 2018-06-08 17:01:31.491391) =========

========= Started set props: build_url (results: 0, elapsed: 0 secs) (at 2018-06-08 17:01:31.499971) =========
bash -c 'for file in `ls -1`; do cat $file; done'
 in dir /builds/slave/test/properties (timeout 1200 secs)
 watching logfiles {}
 argv: ['bash', '-c', 'for file in `ls -1`; do cat $file; done']
 environment:
  Apple_PubSub_Socket_Render=/private/tmp/com.apple.launchd.0pLSsYQFFe/Render
  GIT_SHARE_BASE_DIR=/builds/git-shared
  HG_SHARE_BASE_DIR=/builds/hg-shared
  HOME=/Users/cltbld
  IDLEIZER_DISABLE_SHUTDOWN=true
  LOGNAME=cltbld
  PATH=/usr/local/sbin:/usr/local/bin:/usr/sbin:/usr/bin:/sbin:/bin:/usr/bin/X11
  PWD=/builds/slave/test/properties
  RUNNER_CONFIG_CMD=/opt/runner/bin/python2.7 /opt/runner/bin/runner -c /opt/runner/runner.cfg
  SHELL=/bin/bash
  SSH_AUTH_SOCK=/private/tmp/com.apple.launchd.5G5o1gGJ2d/Listeners
  TMPDIR=/var/folders/y_/73jt3trx0w72555v5jn0nbtm00000w/T/
  TWISTD_LOG_PATH=/builds/slave/twistd.log
  USER=cltbld
  VERSIONER_PYTHON_PREFER_32_BIT=no
  VERSIONER_PYTHON_VERSION=2.7
  XPC_FLAGS=0x0
  XPC_SERVICE_NAME=0
  __CF_USER_TEXT_ENCODING=0x1C:0:0
 using PTY: False
build_url:https://queue.taskcluster.net/v1/task/HHn8t6C8SBmHWYIFt5uc2A/artifacts/public/build/firefox-52.8.2.en-US.mac.dmg
program finished with exit code 0
elapsedTime=0.011225
build_url: 'https://queue.taskcluster.net/v1/task/HHn8t6C8SBmHWYIFt5uc2A/artifacts/public/build/firefox-52.8.2.en-US.mac.dmg'
========= master_lag: 0.01 =========
========= Finished set props: build_url (results: 0, elapsed: 0 secs) (at 2018-06-08 17:01:31.523846) =========

========= Started 'rm -f ...' (results: 0, elapsed: 0 secs) (at 2018-06-08 17:01:31.524176) =========
rm -f oauth.txt
 in dir /builds/slave/test/. (timeout 1200 secs)
 watching logfiles {}
 argv: ['rm', '-f', 'oauth.txt']
 environment:
  Apple_PubSub_Socket_Render=/private/tmp/com.apple.launchd.0pLSsYQFFe/Render
  GIT_SHARE_BASE_DIR=/builds/git-shared
  HG_SHARE_BASE_DIR=/builds/hg-shared
  HOME=/Users/cltbld
  IDLEIZER_DISABLE_SHUTDOWN=true
  LOGNAME=cltbld
  PATH=/usr/local/sbin:/usr/local/bin:/usr/sbin:/usr/bin:/sbin:/bin:/usr/bin/X11
  PWD=/builds/slave/test
  RUNNER_CONFIG_CMD=/opt/runner/bin/python2.7 /opt/runner/bin/runner -c /opt/runner/runner.cfg
  SHELL=/bin/bash
  SSH_AUTH_SOCK=/private/tmp/com.apple.launchd.5G5o1gGJ2d/Listeners
  TMPDIR=/var/folders/y_/73jt3trx0w72555v5jn0nbtm00000w/T/
  TWISTD_LOG_PATH=/builds/slave/twistd.log
  USER=cltbld
  VERSIONER_PYTHON_PREFER_32_BIT=no
  VERSIONER_PYTHON_VERSION=2.7
  XPC_FLAGS=0x0
  XPC_SERVICE_NAME=0
  __CF_USER_TEXT_ENCODING=0x1C:0:0
 using PTY: False
program finished with exit code 0
elapsedTime=0.005409
========= master_lag: 0.05 =========
========= Finished 'rm -f ...' (results: 0, elapsed: 0 secs) (at 2018-06-08 17:01:31.577516) =========

========= Started reboot skipped (results: 3, elapsed: 0 secs) (at 2018-06-08 17:01:31.577835) =========
========= Finished reboot skipped (results: 3, elapsed: 0 secs) (at 2018-06-08 17:01:31.578103) =========

========= Total master_lag: 0.16 =========

