builder: mozilla-esr52_yosemite_r7_test-mochitest-e10s-devtools-chrome-7
slave: t-yosemite-r7-0017
starttime: 1528502275.07
results: cancelled (6)
buildid: 20180608150819
builduid: b298b373e93d4f8dbf92436c9ed838a2
revision: cbfdf01aac455e0591471201c96b89dee98190b5

========= Started set props: master (results: 0, elapsed: 0 secs) (at 2018-06-08 16:57:55.066007) =========
master: http://buildbot-master106.bb.releng.scl3.mozilla.com:8201/
========= Finished set props: master (results: 0, elapsed: 0 secs) (at 2018-06-08 16:57:55.066891) =========

========= Started downloading to buildprops.json (results: 0, elapsed: 0 secs) (at 2018-06-08 16:57:55.067350) =========
========= Finished downloading to buildprops.json (results: 0, elapsed: 0 secs) (at 2018-06-08 16:57:55.082731) =========

========= Started 'bash -c ...' (results: 0, elapsed: 0 secs) (at 2018-06-08 16:57:55.083240) =========
bash -c 'wget -Oarchiver_client.py --no-check-certificate --tries=10 --waitretry=3 https://hg.mozilla.org/build/tools/raw-file/default/buildfarm/utils/archiver_client.py'
 in dir /builds/slave/test/. (timeout 1200 secs)
 watching logfiles {}
 argv: ['bash', '-c', 'wget -Oarchiver_client.py --no-check-certificate --tries=10 --waitretry=3 https://hg.mozilla.org/build/tools/raw-file/default/buildfarm/utils/archiver_client.py']
 environment:
  Apple_PubSub_Socket_Render=/private/tmp/com.apple.launchd.MmuHTSBaPJ/Render
  GIT_SHARE_BASE_DIR=/builds/git-shared
  HG_SHARE_BASE_DIR=/builds/hg-shared
  HOME=/Users/cltbld
  IDLEIZER_DISABLE_SHUTDOWN=true
  LOGNAME=cltbld
  PATH=/usr/local/sbin:/usr/local/bin:/usr/sbin:/usr/bin:/sbin:/bin:/usr/bin/X11
  PWD=/builds/slave/test
  RUNNER_CONFIG_CMD=/opt/runner/bin/python2.7 /opt/runner/bin/runner -c /opt/runner/runner.cfg
  SHELL=/bin/bash
  SSH_AUTH_SOCK=/private/tmp/com.apple.launchd.sy8lxwzk7y/Listeners
  TMPDIR=/var/folders/rz/w7m7229s0dx0sz__p5rcj2wh00000w/T/
  TWISTD_LOG_PATH=/builds/slave/twistd.log
  USER=cltbld
  VERSIONER_PYTHON_PREFER_32_BIT=no
  VERSIONER_PYTHON_VERSION=2.7
  XPC_FLAGS=0x0
  XPC_SERVICE_NAME=0
  __CF_USER_TEXT_ENCODING=0x1C:0:0
 using PTY: False
--2018-06-08 16:57:55--  https://hg.mozilla.org/build/tools/raw-file/default/buildfarm/utils/archiver_client.py
Resolving hg.mozilla.org... 63.245.215.102, 63.245.215.25
Connecting to hg.mozilla.org|63.245.215.102|:443... connected.
HTTP request sent, awaiting response... 200 Script output follows
Length: 12179 (12K) [text/x-python]
Saving to: 'archiver_client.py'

     0K .......... .                                          100% 80.1M=0s

2018-06-08 16:57:55 (80.1 MB/s) - 'archiver_client.py' saved [12179/12179]

program finished with exit code 0
elapsedTime=0.139633
========= master_lag: 0.01 =========
========= Finished 'bash -c ...' (results: 0, elapsed: 0 secs) (at 2018-06-08 16:57:55.235750) =========

========= Started 'rm -rf ...' (results: 0, elapsed: 0 secs) (at 2018-06-08 16:57:55.236122) =========
rm -rf scripts properties
 in dir /builds/slave/test/. (timeout 1200 secs)
 watching logfiles {}
 argv: ['rm', '-rf', 'scripts', 'properties']
 environment:
  Apple_PubSub_Socket_Render=/private/tmp/com.apple.launchd.MmuHTSBaPJ/Render
  GIT_SHARE_BASE_DIR=/builds/git-shared
  HG_SHARE_BASE_DIR=/builds/hg-shared
  HOME=/Users/cltbld
  IDLEIZER_DISABLE_SHUTDOWN=true
  LOGNAME=cltbld
  PATH=/usr/local/sbin:/usr/local/bin:/usr/sbin:/usr/bin:/sbin:/bin:/usr/bin/X11
  PWD=/builds/slave/test
  RUNNER_CONFIG_CMD=/opt/runner/bin/python2.7 /opt/runner/bin/runner -c /opt/runner/runner.cfg
  SHELL=/bin/bash
  SSH_AUTH_SOCK=/private/tmp/com.apple.launchd.sy8lxwzk7y/Listeners
  TMPDIR=/var/folders/rz/w7m7229s0dx0sz__p5rcj2wh00000w/T/
  TWISTD_LOG_PATH=/builds/slave/twistd.log
  USER=cltbld
  VERSIONER_PYTHON_PREFER_32_BIT=no
  VERSIONER_PYTHON_VERSION=2.7
  XPC_FLAGS=0x0
  XPC_SERVICE_NAME=0
  __CF_USER_TEXT_ENCODING=0x1C:0:0
 using PTY: False
program finished with exit code 0
elapsedTime=0.026324
========= master_lag: 0.02 =========
========= Finished 'rm -rf ...' (results: 0, elapsed: 0 secs) (at 2018-06-08 16:57:55.284646) =========

========= Started 'bash -c ...' (results: 0, elapsed: 1 secs) (at 2018-06-08 16:57:55.285020) =========
bash -c 'python archiver_client.py mozharness --repo releases/mozilla-esr52 --rev cbfdf01aac455e0591471201c96b89dee98190b5 --destination scripts --debug'
 in dir /builds/slave/test/. (timeout 1200 secs)
 watching logfiles {}
 argv: ['bash', '-c', u'python archiver_client.py mozharness --repo releases/mozilla-esr52 --rev cbfdf01aac455e0591471201c96b89dee98190b5 --destination scripts --debug']
 environment:
  Apple_PubSub_Socket_Render=/private/tmp/com.apple.launchd.MmuHTSBaPJ/Render
  GIT_SHARE_BASE_DIR=/builds/git-shared
  HG_SHARE_BASE_DIR=/builds/hg-shared
  HOME=/Users/cltbld
  IDLEIZER_DISABLE_SHUTDOWN=true
  LOGNAME=cltbld
  PATH=/usr/local/sbin:/usr/local/bin:/usr/sbin:/usr/bin:/sbin:/bin:/usr/bin/X11
  PWD=/builds/slave/test
  RUNNER_CONFIG_CMD=/opt/runner/bin/python2.7 /opt/runner/bin/runner -c /opt/runner/runner.cfg
  SHELL=/bin/bash
  SSH_AUTH_SOCK=/private/tmp/com.apple.launchd.sy8lxwzk7y/Listeners
  TMPDIR=/var/folders/rz/w7m7229s0dx0sz__p5rcj2wh00000w/T/
  TWISTD_LOG_PATH=/builds/slave/twistd.log
  USER=cltbld
  VERSIONER_PYTHON_PREFER_32_BIT=no
  VERSIONER_PYTHON_VERSION=2.7
  XPC_FLAGS=0x0
  XPC_SERVICE_NAME=0
  __CF_USER_TEXT_ENCODING=0x1C:0:0
 using PTY: False
2018-06-08 16:57:55,381 truncating revision to first 12 chars
2018-06-08 16:57:55,381 Setting DEBUG logging.
2018-06-08 16:57:55,382 attempt 1/10
2018-06-08 16:57:55,382 Getting archive location from https://api.pub.build.mozilla.org/archiver/hgmo/releases/mozilla-esr52/cbfdf01aac45?&preferred_region=us-west-2&suffix=tar.gz&subdir=testing/mozharness
2018-06-08 16:57:56,501 unpacking tar archive at: mozilla-esr52-cbfdf01aac45/testing/mozharness/
program finished with exit code 0
elapsedTime=1.539688
========= master_lag: 0.02 =========
========= Finished 'bash -c ...' (results: 0, elapsed: 1 secs) (at 2018-06-08 16:57:56.840403) =========

========= Started set props: script_repo_revision (results: 0, elapsed: 0 secs) (at 2018-06-08 16:57:56.841046) =========
script_repo_revision: cbfdf01aac455e0591471201c96b89dee98190b5
========= Finished set props: script_repo_revision (results: 0, elapsed: 0 secs) (at 2018-06-08 16:57:56.841530) =========

========= Started downloading to oauth.txt (results: 0, elapsed: 0 secs) (at 2018-06-08 16:57:56.841846) =========
========= Finished downloading to oauth.txt (results: 0, elapsed: 0 secs) (at 2018-06-08 16:57:56.850777) =========

========= Started '/tools/buildbot/bin/python -u ...' interrupted (results: 4, elapsed: 3 mins, 42 secs) (at 2018-06-08 16:57:56.851091) =========
/tools/buildbot/bin/python -u scripts/scripts/desktop_unittest.py --cfg unittests/mac_unittest.py --mochitest-suite mochitest-devtools-chrome --e10s --total-chunks 8 --this-chunk 7 --blob-upload-branch mozilla-esr52 --download-symbols ondemand
 in dir /builds/slave/test/. (timeout 1800 secs) (maxTime 4800 secs)
 watching logfiles {}
 argv: ['/tools/buildbot/bin/python', '-u', 'scripts/scripts/desktop_unittest.py', '--cfg', 'unittests/mac_unittest.py', '--mochitest-suite', 'mochitest-devtools-chrome', '--e10s', '--total-chunks', '8', '--this-chunk', '7', '--blob-upload-branch', 'mozilla-esr52', '--download-symbols', 'ondemand']
 environment:
  Apple_PubSub_Socket_Render=/private/tmp/com.apple.launchd.MmuHTSBaPJ/Render
  GIT_SHARE_BASE_DIR=/builds/git-shared
  HG_SHARE_BASE_DIR=/builds/hg-shared
  HOME=/Users/cltbld
  IDLEIZER_DISABLE_SHUTDOWN=true
  LOGNAME=cltbld
  MOZ_HIDE_RESULTS_TABLE=1
  MOZ_NODE_PATH=/usr/local/bin/node
  MOZ_NO_REMOTE=1
  NO_EM_RESTART=1
  NO_FAIL_ON_TEST_ERRORS=1
  PATH=/usr/local/sbin:/usr/local/bin:/usr/sbin:/usr/bin:/sbin:/bin:/usr/bin/X11
  PROPERTIES_FILE=/builds/slave/test/buildprops.json
  PWD=/builds/slave/test
  RUNNER_CONFIG_CMD=/opt/runner/bin/python2.7 /opt/runner/bin/runner -c /opt/runner/runner.cfg
  SHELL=/bin/bash
  SSH_AUTH_SOCK=/private/tmp/com.apple.launchd.sy8lxwzk7y/Listeners
  TMPDIR=/var/folders/rz/w7m7229s0dx0sz__p5rcj2wh00000w/T/
  TWISTD_LOG_PATH=/builds/slave/twistd.log
  USER=cltbld
  VERSIONER_PYTHON_PREFER_32_BIT=no
  VERSIONER_PYTHON_VERSION=2.7
  XPCOM_DEBUG_BREAK=warn
  XPC_FLAGS=0x0
  XPC_SERVICE_NAME=0
  __CF_USER_TEXT_ENCODING=0x1C:0:0
 using PTY: False
16:57:57     INFO - MultiFileLogger online at 20180608 16:57:57 in /builds/slave/test
16:57:57     INFO - Run as scripts/scripts/desktop_unittest.py --cfg unittests/mac_unittest.py --mochitest-suite mochitest-devtools-chrome --e10s --total-chunks 8 --this-chunk 7 --blob-upload-branch mozilla-esr52 --download-symbols ondemand
16:57:57     INFO - Dumping config to /builds/slave/test/logs/localconfig.json.
16:57:57     INFO - {'all_cppunittest_suites': {'cppunittest': ('tests/cppunittest',)},
16:57:57     INFO -  'all_gtest_suites': {'gtest': ()},
16:57:57     INFO -  'all_jittest_suites': {'jittest': ()},
16:57:57     INFO -  'all_mochitest_suites': {'a11y': ('--flavor=a11y',),
16:57:57     INFO -                           'browser-chrome': ('--flavor=browser',),
16:57:57     INFO -                           'browser-chrome-addons': ('--flavor=browser',
16:57:57     INFO -                                                     '--chunk-by-runtime',
16:57:57     INFO -                                                     '--tag=addons'),
16:57:57     INFO -                           'browser-chrome-chunked': ('--flavor=browser',
16:57:57     INFO -                                                      '--chunk-by-runtime'),
16:57:57     INFO -                           'browser-chrome-clipboard': ('--flavor=browser',
16:57:57     INFO -                                                        '--subsuite=clipboard'),
16:57:57     INFO -                           'browser-chrome-gpu': ('--flavor=browser',
16:57:57     INFO -                                                  '--subsuite=gpu'),
16:57:57     INFO -                           'browser-chrome-screenshots': ('--flavor=browser',
16:57:57     INFO -                                                          '--subsuite=screenshots'),
16:57:57     INFO -                           'chrome': ('--flavor=chrome',),
16:57:57     INFO -                           'chrome-chunked': ('--flavor=chrome',
16:57:57     INFO -                                              '--chunk-by-dir=4'),
16:57:57     INFO -                           'chrome-clipboard': ('--flavor=chrome',
16:57:57     INFO -                                                '--subsuite=clipboard'),
16:57:57     INFO -                           'chrome-gpu': ('--flavor=chrome', '--subsuite=gpu'),
16:57:57     INFO -                           'jetpack-addon': ('--flavor=jetpack-addon',),
16:57:57     INFO -                           'jetpack-package': ('--flavor=jetpack-package',),
16:57:57     INFO -                           'jetpack-package-clipboard': ('--flavor=jetpack-package',
16:57:57     INFO -                                                         '--subsuite=clipboard'),
16:57:57     INFO -                           'mochitest-devtools-chrome': ('--flavor=browser',
16:57:57     INFO -                                                         '--subsuite=devtools'),
16:57:57     INFO -                           'mochitest-devtools-chrome-chunked': ('--flavor=browser',
16:57:57     INFO -                                                                 '--subsuite=devtools',
16:57:57     INFO -                                                                 '--chunk-by-runtime'),
16:57:57     INFO -                           'mochitest-gl': ('--subsuite=webgl',),
16:57:57     INFO -                           'mochitest-media': ('--subsuite=media',),
16:57:57     INFO -                           'plain': (),
16:57:57     INFO -                           'plain-chunked': ('--chunk-by-dir=4',),
16:57:57     INFO -                           'plain-clipboard': ('--subsuite=clipboard',),
16:57:57     INFO -                           'plain-gpu': ('--subsuite=gpu',)},
16:57:57     INFO -  'all_mozbase_suites': {'mozbase': ()},
16:57:57     INFO -  'all_reftest_suites': {'crashtest': {'options': ('--suite=crashtest',),
16:57:57     INFO -                                       'tests': ('tests/reftest/tests/testing/crashtest/crashtests.list',)},
16:57:57     INFO -                         'jsreftest': {'options': ('--extra-profile-file=tests/jsreftest/tests/user.js',),
16:57:57     INFO -                                       'tests': ('tests/jsreftest/tests/jstests.list',)},
16:57:57     INFO -                         'reftest': {'options': ('--suite=reftest',),
16:57:57     INFO -                                     'tests': ('tests/reftest/tests/layout/reftests/reftest.list',)}},
16:57:57     INFO -  'all_xpcshell_suites': {'xpcshell': {'options': ('--xpcshell=%(abs_app_dir)s/xpcshell',
16:57:57     INFO -                                                   '--manifest=tests/xpcshell/tests/xpcshell.ini'),
16:57:57     INFO -                                       'tests': ()},
16:57:57     INFO -                          'xpcshell-addons': {'options': ('--xpcshell=%(abs_app_dir)s/xpcshell',
16:57:57     INFO -                                                          '--tag=addons',
16:57:57     INFO -                                                          '--manifest=tests/xpcshell/tests/xpcshell.ini'),
16:57:57     INFO -                                              'tests': ()}},
16:57:57     INFO -  'allow_software_gl_layers': False,
16:57:57     INFO -  'append_to_log': False,
16:57:57     INFO -  'base_work_dir': '/builds/slave/test',
16:57:57     INFO -  'blob_upload_branch': 'mozilla-esr52',
16:57:57     INFO -  'blob_uploader_auth_file': '/builds/slave/test/oauth.txt',
16:57:57     INFO -  'buildbot_json_path': 'buildprops.json',
16:57:57     INFO -  'buildbot_max_log_size': 52428800,
16:57:57     INFO -  'code_coverage': False,
16:57:57     INFO -  'config_files': ('unittests/mac_unittest.py',),
16:57:57     INFO -  'default_blob_upload_servers': ('https://blobupload.elasticbeanstalk.com',),
16:57:57     INFO -  'download_minidump_stackwalk': True,
16:57:57     INFO -  'download_nodejs': True,
16:57:57     INFO -  'download_symbols': 'ondemand',
16:57:57     INFO -  'e10s': True,
16:57:57     INFO -  'exe_suffix': '',
16:57:57     INFO -  'exes': {'python': '/tools/buildbot/bin/python',
16:57:57     INFO -           'tooltool.py': '/tools/tooltool.py',
16:57:57     INFO -           'virtualenv': ('/tools/buildbot/bin/python',
16:57:57     INFO -                          '/tools/misc-python/virtualenv.py')},
16:57:57     INFO -  'find_links': ('http://pypi.pvt.build.mozilla.org/pub',
16:57:57     INFO -                 'http://pypi.pub.build.mozilla.org/pub'),
16:57:57     INFO -  'installer_path': '/builds/slave/test/installer.dmg',
16:57:57     INFO -  'log_level': 'info',
16:57:57     INFO -  'log_to_console': True,
16:57:57     INFO -  'minidump_save_path': '%(abs_work_dir)s/../minidumps',
16:57:57     INFO -  'minidump_stackwalk_path': 'macosx64-minidump_stackwalk',
16:57:57     INFO -  'minidump_tooltool_manifest_path': 'config/tooltool-manifests/macosx64/releng.manifest',
16:57:57     INFO -  'minimum_tests_zip_dirs': ('bin/*',
16:57:57     INFO -                             'certs/*',
16:57:57     INFO -                             'config/*',
16:57:57     INFO -                             'mach',
16:57:57     INFO -                             'marionette/*',
16:57:57     INFO -                             'modules/*',
16:57:57     INFO -                             'mozbase/*',
16:57:57     INFO -                             'tools/*'),
16:57:57     INFO -  'no_random': False,
16:57:57     INFO -  'nodejs_path': 'node-osx/bin/node',
16:57:57     INFO -  'nodejs_tooltool_manifest_path': 'config/tooltool-manifests/macosx64/nodejs.manifest',
16:57:57     INFO -  'opt_config_files': (),
16:57:57     INFO -  'pip_index': False,
16:57:57     INFO -  'preflight_run_cmd_suites': ({'architectures': ('32bit', '64bit'),
16:57:57     INFO -                                'cmd': ('xset', 's', 'off', 's', 'reset'),
16:57:57     INFO -                                'enabled': False,
16:57:57     INFO -                                'halt_on_failure': False,
16:57:57     INFO -                                'name': 'disable_screen_saver'},
16:57:57     INFO -                               {'architectures': ('32bit',),
16:57:57     INFO -                                'cmd': ('python',
16:57:57     INFO -                                        '../scripts/external_tools/mouse_and_screen_resolution.py',
16:57:57     INFO -                                        '--configuration-file',
16:57:57     INFO -                                        '../scripts/external_tools/machine-configuration.json'),
16:57:57     INFO -                                'enabled': False,
16:57:57     INFO -                                'halt_on_failure': True,
16:57:57     INFO -                                'name': 'run mouse & screen adjustment script'}),
16:57:57     INFO -  'require_test_zip': True,
16:57:57     INFO -  'run_all_suites': False,
16:57:57     INFO -  'run_cmd_checks_enabled': True,
16:57:57     INFO -  'run_file_names': {'cppunittest': 'runcppunittests.py',
16:57:57     INFO -                     'gtest': 'rungtests.py',
16:57:57     INFO -                     'jittest': 'jit_test.py',
16:57:57     INFO -                     'mochitest': 'runtests.py',
16:57:57     INFO -                     'mozbase': 'test.py',
16:57:57     INFO -                     'mozmill': 'runtestlist.py',
16:57:57     INFO -                     'reftest': 'runreftest.py',
16:57:57     INFO -                     'xpcshell': 'runxpcshelltests.py'},
16:57:57     INFO -  'specific_tests_zip_dirs': {'cppunittest': ('cppunittest/*',),
16:57:57     INFO -                              'gtest': ('gtest/*',),
16:57:57     INFO -                              'jittest': ('jit-test/*',),
16:57:57     INFO -                              'mochitest': ('mochitest/*',),
16:57:57     INFO -                              'mozbase': ('mozbase/*',),
16:57:57     INFO -                              'mozmill': ('mozmill/*',),
16:57:57     INFO -                              'reftest': ('reftest/*', 'jsreftest/*'),
16:57:57     INFO -                              'xpcshell': ('xpcshell/*',)},
16:57:57     INFO -  'specified_mochitest_suites': ('mochitest-devtools-chrome',),
16:57:57     INFO -  'strict_content_sandbox': False,
16:57:57     INFO -  'suite_definitions': {'cppunittest': {'options': ('--symbols-path=%(symbols_path)s',
16:57:57     INFO -                                                    '--xre-path=%(abs_res_dir)s'),
16:57:57     INFO -                                        'run_filename': 'runcppunittests.py',
16:57:57     INFO -                                        'testsdir': 'cppunittest'},
16:57:57     INFO -                        'gtest': {'options': ('--xre-path=%(abs_res_dir)s',
16:57:57     INFO -                                              '--cwd=%(gtest_dir)s',
16:57:57     INFO -                                              '--symbols-path=%(symbols_path)s',
16:57:57     INFO -                                              '--utility-path=tests/bin',
16:57:57     INFO -                                              '%(binary_path)s'),
16:57:57     INFO -                                  'run_filename': 'rungtests.py'},
16:57:57     INFO -                        'jittest': {'options': ('tests/bin/js',
16:57:57     INFO -                                                '--no-slow',
16:57:57     INFO -                                                '--no-progress',
16:57:57     INFO -                                                '--format=automation',
16:57:57     INFO -                                                '--jitflags=all',
16:57:57     INFO -                                                '--timeout=970'),
16:57:57     INFO -                                    'run_filename': 'jit_test.py',
16:57:57     INFO -                                    'run_timeout': 1000,
16:57:57     INFO -                                    'testsdir': 'jit-test/jit-test'},
16:57:57     INFO -                        'mochitest': {'options': ('--appname=%(binary_path)s',
16:57:57     INFO -                                                  '--utility-path=tests/bin',
16:57:57     INFO -                                                  '--extra-profile-file=tests/bin/plugins',
16:57:57     INFO -                                                  '--symbols-path=%(symbols_path)s',
16:57:57     INFO -                                                  '--certificate-path=tests/certs',
16:57:57     INFO -                                                  '--quiet',
16:57:57     INFO -                                                  '--log-raw=%(raw_log_file)s',
16:57:57     INFO -                                                  '--log-errorsummary=%(error_summary_file)s',
16:57:57     INFO -                                                  '--screenshot-on-fail',
16:57:57     INFO -                                                  '--cleanup-crashes'),
16:57:57     INFO -                                      'run_filename': 'runtests.py',
16:57:57     INFO -                                      'testsdir': 'mochitest'},
16:57:57     INFO -                        'mozbase': {'options': ('-b', '%(binary_path)s'),
16:57:57     INFO -                                    'run_filename': 'test.py',
16:57:57     INFO -                                    'testsdir': 'mozbase'},
16:57:57     INFO -                        'mozmill': {'options': ('--binary=%(binary_path)s',
16:57:57     INFO -                                                '--testing-modules-dir=test/modules',
16:57:57     INFO -                                                '--plugins-path=%(test_plugin_path)s',
16:57:57     INFO -                                                '--symbols-path=%(symbols_path)s'),
16:57:57     INFO -                                    'run_filename': 'runtestlist.py',
16:57:57     INFO -                                    'testsdir': 'mozmill'},
16:57:57     INFO -                        'reftest': {'options': ('--appname=%(binary_path)s',
16:57:57     INFO -                                                '--utility-path=tests/bin',
16:57:57     INFO -                                                '--extra-profile-file=tests/bin/plugins',
16:57:57     INFO -                                                '--symbols-path=%(symbols_path)s',
16:57:57     INFO -                                                '--log-raw=%(raw_log_file)s',
16:57:57     INFO -                                                '--log-errorsummary=%(error_summary_file)s',
16:57:57     INFO -                                                '--cleanup-crashes'),
16:57:57     INFO -                                    'run_filename': 'runreftest.py',
16:57:57     INFO -                                    'testsdir': 'reftest'},
16:57:57     INFO -                        'xpcshell': {'options': ('--symbols-path=%(symbols_path)s',
16:57:57     INFO -                                                 '--test-plugin-path=%(test_plugin_path)s',
16:57:57     INFO -                                                 '--log-raw=%(raw_log_file)s',
16:57:57     INFO -                                                 '--log-errorsummary=%(error_summary_file)s',
16:57:57     INFO -                                                 '--utility-path=tests/bin'),
16:57:57     INFO -                                     'run_filename': 'runxpcshelltests.py',
16:57:57     INFO -                                     'testsdir': 'xpcshell'}},
16:57:57     INFO -  'this_chunk': '7',
16:57:57     INFO -  'tooltool_cache': '/builds/tooltool_cache',
16:57:57     INFO -  'total_chunks': '8',
16:57:57     INFO -  'unstructured_flavors': {'cppunittest': (),
16:57:57     INFO -                           'gtest': (),
16:57:57     INFO -                           'jittest': (),
16:57:57     INFO -                           'mochitest': ('jetpack',),
16:57:57     INFO -                           'mozbase': (),
16:57:57     INFO -                           'mozmill': (),
16:57:57     INFO -                           'xpcshell': ()},
16:57:57     INFO -  'vcs_output_timeout': 1000,
16:57:57     INFO -  'virtualenv_modules': ('six==1.10.0', 'vcversioner==2.16.0.0'),
16:57:57     INFO -  'virtualenv_path': 'venv',
16:57:57     INFO -  'volatile_config': {'actions': None, 'add_actions': None, 'no_actions': None},
16:57:57     INFO -  'work_dir': 'build',
16:57:57     INFO -  'xpcshell_name': 'xpcshell'}
16:57:57     INFO - [mozharness: 2018-06-08 23:57:57.086956Z] Running clobber step.
16:57:57     INFO - Running pre-action listener: _resource_record_pre_action
16:57:57     INFO - Running main action method: clobber
16:57:57     INFO - rmtree: /builds/slave/test/build
16:57:57     INFO - retry: Calling rmtree with args: ('/builds/slave/test/build',), kwargs: {}, attempt #1
16:57:57     INFO - Running post-action listener: _resource_record_post_action
16:57:57     INFO - [mozharness: 2018-06-08 23:57:57.278135Z] Finished clobber step (success)
16:57:57     INFO - [mozharness: 2018-06-08 23:57:57.278288Z] Running read-buildbot-config step.
16:57:57     INFO - Running pre-action listener: _resource_record_pre_action
16:57:57     INFO - Running main action method: read_buildbot_config
16:57:57     INFO - Using buildbot properties:
16:57:57     INFO - {
16:57:57     INFO -     "project": "", 
16:57:57     INFO -     "product": "firefox", 
16:57:57     INFO -     "script_repo_revision": "production", 
16:57:57     INFO -     "scheduler": "tests-mozilla-esr52-yosemite_r7-opt-unittest", 
16:57:57     INFO -     "repository": "", 
16:57:57     INFO -     "buildername": "Rev7 MacOSX Yosemite 10.10.5 mozilla-esr52 opt test mochitest-e10s-devtools-chrome-7", 
16:57:57     INFO -     "buildid": "20180608150819", 
16:57:57     INFO -     "pgo_build": "False", 
16:57:57     INFO -     "basedir": "/builds/slave/test", 
16:57:57     INFO -     "buildnumber": 149, 
16:57:57     INFO -     "slavename": "t-yosemite-r7-0017", 
16:57:57     INFO -     "master": "http://buildbot-master106.bb.releng.scl3.mozilla.com:8201/", 
16:57:57     INFO -     "platform": "macosx64", 
16:57:57     INFO -     "branch": "mozilla-esr52", 
16:57:57     INFO -     "revision": "cbfdf01aac455e0591471201c96b89dee98190b5", 
16:57:57     INFO -     "repo_path": "releases/mozilla-esr52", 
16:57:57     INFO -     "moz_repo_path": "", 
16:57:57     INFO -     "stage_platform": "macosx64", 
16:57:57     INFO -     "builduid": "b298b373e93d4f8dbf92436c9ed838a2", 
16:57:57     INFO -     "slavebuilddir": "test"
16:57:57     INFO - }
16:57:57     INFO - Found installer url https://queue.taskcluster.net/v1/task/HHn8t6C8SBmHWYIFt5uc2A/artifacts/public/build/firefox-52.8.2.en-US.mac.dmg.
16:57:57     INFO - Found a test packages url https://queue.taskcluster.net/v1/task/HHn8t6C8SBmHWYIFt5uc2A/artifacts/public/build/firefox-52.8.2.en-US.mac.test_packages.json.
16:57:57     INFO - Running post-action listener: _resource_record_post_action
16:57:57     INFO - [mozharness: 2018-06-08 23:57:57.282093Z] Finished read-buildbot-config step (success)
16:57:57     INFO - [mozharness: 2018-06-08 23:57:57.282225Z] Running download-and-extract step.
16:57:57     INFO - Running pre-action listener: _pre_download_and_extract
16:57:57  WARNING - Try message not found.
16:57:57     INFO - Running pre-action listener: _resource_record_pre_action
16:57:57     INFO - Running main action method: download_and_extract
16:57:57     INFO - mkdir: /builds/slave/test/build/tests
16:57:57     INFO - Downloading https://queue.taskcluster.net/v1/task/HHn8t6C8SBmHWYIFt5uc2A/artifacts/public/build/firefox-52.8.2.en-US.mac.test_packages.json to /builds/slave/test/build/firefox-52.8.2.en-US.mac.test_packages.json
16:57:57     INFO - retry: Calling _download_file with args: (), kwargs: {'url': 'https://queue.taskcluster.net/v1/task/HHn8t6C8SBmHWYIFt5uc2A/artifacts/public/build/firefox-52.8.2.en-US.mac.test_packages.json', 'file_name': '/builds/slave/test/build/firefox-52.8.2.en-US.mac.test_packages.json'}, attempt #1
16:57:58     INFO - Downloaded 1199 bytes.
16:57:58     INFO - Reading from file /builds/slave/test/build/firefox-52.8.2.en-US.mac.test_packages.json
16:57:58     INFO - Using the following test package requirements:
16:57:58     INFO - {u'common': [u'firefox-52.8.2.en-US.mac.common.tests.zip'],
16:57:58     INFO -  u'cppunittest': [u'firefox-52.8.2.en-US.mac.common.tests.zip',
16:57:58     INFO -                   u'firefox-52.8.2.en-US.mac.cppunittest.tests.zip'],
16:57:58     INFO -  u'gtest': [u'firefox-52.8.2.en-US.mac.common.tests.zip',
16:57:58     INFO -             u'firefox-52.8.2.en-US.mac.gtest.tests.zip'],
16:57:58     INFO -  u'jittest': [u'firefox-52.8.2.en-US.mac.common.tests.zip',
16:57:58     INFO -               u'jsshell-mac.zip'],
16:57:58     INFO -  u'mochitest': [u'firefox-52.8.2.en-US.mac.common.tests.zip',
16:57:58     INFO -                 u'firefox-52.8.2.en-US.mac.mochitest.tests.zip'],
16:57:58     INFO -  u'mozbase': [u'firefox-52.8.2.en-US.mac.common.tests.zip'],
16:57:58     INFO -  u'reftest': [u'firefox-52.8.2.en-US.mac.common.tests.zip',
16:57:58     INFO -               u'firefox-52.8.2.en-US.mac.reftest.tests.zip'],
16:57:58     INFO -  u'talos': [u'firefox-52.8.2.en-US.mac.common.tests.zip',
16:57:58     INFO -             u'firefox-52.8.2.en-US.mac.talos.tests.zip'],
16:57:58     INFO -  u'web-platform': [u'firefox-52.8.2.en-US.mac.common.tests.zip',
16:57:58     INFO -                    u'firefox-52.8.2.en-US.mac.web-platform.tests.zip'],
16:57:58     INFO -  u'xpcshell': [u'firefox-52.8.2.en-US.mac.common.tests.zip',
16:57:58     INFO -                u'firefox-52.8.2.en-US.mac.xpcshell.tests.zip']}
16:57:58     INFO - Downloading packages: [u'firefox-52.8.2.en-US.mac.common.tests.zip', u'firefox-52.8.2.en-US.mac.mochitest.tests.zip'] for test suite category: mochitest
16:57:58     INFO - Adding 'mozinfo.json' for extraction from common.tests zip file
16:57:58     INFO - Downloading and extracting to /builds/slave/test/build/tests these dirs bin/*, certs/*, config/*, mach, marionette/*, modules/*, mozbase/*, tools/*, mochitest/*, mozinfo.json from https://queue.taskcluster.net/v1/task/HHn8t6C8SBmHWYIFt5uc2A/artifacts/public/build/firefox-52.8.2.en-US.mac.common.tests.zip
16:57:58     INFO - retry: Calling fetch_url_into_memory with args: (), kwargs: {'url': u'https://queue.taskcluster.net/v1/task/HHn8t6C8SBmHWYIFt5uc2A/artifacts/public/build/firefox-52.8.2.en-US.mac.common.tests.zip'}, attempt #1
16:57:58     INFO - Fetch https://queue.taskcluster.net/v1/task/HHn8t6C8SBmHWYIFt5uc2A/artifacts/public/build/firefox-52.8.2.en-US.mac.common.tests.zip into memory
16:58:00     INFO - Http code: 200
16:58:00     INFO - via: 1.1 0ffb9964022445351e635c66ad0176ff.cloudfront.net (CloudFront)
16:58:00     INFO - x-amz-cf-id: O8NJAieSPgjNLkH7dCQvvGrgHQo1rLH2FakPXIpjZyJ9qGY02vq8bA==
16:58:00     INFO - x-amz-version-id: UkqyOZq8WNz45.a28JfbTxANLCd8IcMh
16:58:00     INFO - Expected file size: 16042780
16:58:00     INFO - Obtained file size: 16042780
16:58:01     INFO - Downloading and extracting to /builds/slave/test/build/tests these dirs bin/*, certs/*, config/*, mach, marionette/*, modules/*, mozbase/*, tools/*, mochitest/*, mozinfo.json from https://queue.taskcluster.net/v1/task/HHn8t6C8SBmHWYIFt5uc2A/artifacts/public/build/firefox-52.8.2.en-US.mac.mochitest.tests.zip
16:58:01     INFO - retry: Calling fetch_url_into_memory with args: (), kwargs: {'url': u'https://queue.taskcluster.net/v1/task/HHn8t6C8SBmHWYIFt5uc2A/artifacts/public/build/firefox-52.8.2.en-US.mac.mochitest.tests.zip'}, attempt #1
16:58:01     INFO - Fetch https://queue.taskcluster.net/v1/task/HHn8t6C8SBmHWYIFt5uc2A/artifacts/public/build/firefox-52.8.2.en-US.mac.mochitest.tests.zip into memory
16:58:01     INFO - Http code: 200
16:58:01     INFO - via: 1.1 6eaa7f856e226a0db7cef6201d3b8393.cloudfront.net (CloudFront)
16:58:01     INFO - x-amz-cf-id: Td2G1_bcAwrK70tLI-i6ey2EXCxCYxCISBBUWrF1aWbh-CuXXuckvA==
16:58:01     INFO - x-amz-version-id: xgAMGpI0uaru90NO_X7ED2eFy6JPyfUY
16:58:03     INFO - Expected file size: 80335913
16:58:03     INFO - Obtained file size: 80335913
16:58:15     INFO - Downloading https://queue.taskcluster.net/v1/task/HHn8t6C8SBmHWYIFt5uc2A/artifacts/public/build/firefox-52.8.2.en-US.mac.dmg to /builds/slave/test/installer.dmg
16:58:15     INFO - retry: Calling _download_file with args: (), kwargs: {'url': 'https://queue.taskcluster.net/v1/task/HHn8t6C8SBmHWYIFt5uc2A/artifacts/public/build/firefox-52.8.2.en-US.mac.dmg', 'file_name': '/builds/slave/test/installer.dmg'}, attempt #1
16:58:18     INFO - Downloaded 82824028 bytes.
16:58:18     INFO - Setting buildbot property build_url to https://queue.taskcluster.net/v1/task/HHn8t6C8SBmHWYIFt5uc2A/artifacts/public/build/firefox-52.8.2.en-US.mac.dmg
16:58:18     INFO - mkdir: /builds/slave/test/properties
16:58:18     INFO - Writing buildbot properties ['build_url'] to /builds/slave/test/properties/build_url
16:58:18     INFO - Writing to file /builds/slave/test/properties/build_url
16:58:18     INFO - Contents:
16:58:18     INFO -  build_url:https://queue.taskcluster.net/v1/task/HHn8t6C8SBmHWYIFt5uc2A/artifacts/public/build/firefox-52.8.2.en-US.mac.dmg
16:58:18     INFO - Running post-action listener: _resource_record_post_action
16:58:18     INFO - Running post-action listener: set_extra_try_arguments
16:58:18     INFO - [mozharness: 2018-06-08 23:58:18.762210Z] Finished download-and-extract step (success)
16:58:18     INFO - [mozharness: 2018-06-08 23:58:18.762334Z] Running create-virtualenv step.
16:58:18     INFO - Running pre-action listener: _install_mozbase
16:58:18     INFO - Running pre-action listener: _pre_create_virtualenv
16:58:18     INFO - Running pre-action listener: _resource_record_pre_action
16:58:18     INFO - Running main action method: create_virtualenv
16:58:18     INFO - Creating virtualenv /builds/slave/test/build/venv
16:58:18     INFO - Running command: ['/tools/buildbot/bin/python', '/builds/slave/test/scripts/external_tools/virtualenv/virtualenv.py', '--always-copy', '/builds/slave/test/build/venv'] in /builds/slave/test/build
16:58:18     INFO - Copy/paste: /tools/buildbot/bin/python /builds/slave/test/scripts/external_tools/virtualenv/virtualenv.py --always-copy /builds/slave/test/build/venv
16:58:18     INFO - Using partial env: {'VIRTUALENV_NO_DOWNLOAD': '1'}
16:58:19     INFO -  Using real prefix '/tools/python27'
16:58:19     INFO -  New python executable in /builds/slave/test/build/venv/bin/python
16:58:21     INFO -  Installing setuptools, pip, wheel...done.
16:58:21     INFO - Return code: 0
16:58:21     INFO - Installing six==1.10.0 into virtualenv /builds/slave/test/build/venv
16:58:21     INFO - retry: Calling run_command with args: [['/builds/slave/test/build/venv/bin/pip', 'install', '--timeout', '120', '--no-index', '--find-links', 'http://pypi.pvt.build.mozilla.org/pub', '--find-links', 'http://pypi.pub.build.mozilla.org/pub', '--trusted-host', 'pypi.pub.build.mozilla.org', '--trusted-host', 'pypi.pvt.build.mozilla.org', 'six==1.10.0']], kwargs: {'error_level': 'warning', 'error_list': [{'substr': 'not found or a compiler error:', 'level': 'warning'}, {'regex': <_sre.SRE_Pattern object at 0x102d3d170>, 'level': 'error'}, {'regex': <_sre.SRE_Pattern object at 0x102ddf960>, 'level': 'warning'}, {'regex': <_sre.SRE_Pattern object at 0x7f997a532df0>, 'level': 'debug'}, {'substr': 'command not found', 'level': 'error'}, {'regex': <_sre.SRE_Pattern object at 0x102cd01d0>, 'level': 'warning'}, {'substr': 'Traceback (most recent call last)', 'level': 'error'}, {'substr': 'SyntaxError: ', 'level': 'error'}, {'substr': 'TypeError: ', 'level': 'error'}, {'substr': 'NameError: ', 'level': 'error'}, {'substr': 'ZeroDivisionError: ', 'level': 'error'}, {'regex': <_sre.SRE_Pattern object at 0x102cab108>, 'level': 'critical'}, {'regex': <_sre.SRE_Pattern object at 0x102cc5030>, 'level': 'critical'}], 'cwd': '/builds/slave/test/build', 'env': {'VERSIONER_PYTHON_PREFER_32_BIT': 'no', 'LOGNAME': 'cltbld', 'USER': 'cltbld', 'XPC_SERVICE_NAME': '0', 'PATH': '/usr/local/sbin:/usr/local/bin:/usr/sbin:/usr/bin:/sbin:/bin:/usr/bin/X11', 'HOME': '/Users/cltbld', 'NO_EM_RESTART': '1', 'IDLEIZER_DISABLE_SHUTDOWN': 'true', 'XPCOM_DEBUG_BREAK': 'warn', 'Apple_PubSub_Socket_Render': '/private/tmp/com.apple.launchd.MmuHTSBaPJ/Render', 'MOZ_NODE_PATH': '/usr/local/bin/node', 'TWISTD_LOG_PATH': '/builds/slave/twistd.log', 'GIT_SHARE_BASE_DIR': '/builds/git-shared', 'VERSIONER_PYTHON_VERSION': '2.7', 'XPC_FLAGS': '0x0', 'NO_FAIL_ON_TEST_ERRORS': '1', 'HG_SHARE_BASE_DIR': '/builds/hg-shared', 'RUNNER_CONFIG_CMD': '/opt/runner/bin/python2.7 /opt/runner/bin/runner -c /opt/runner/runner.cfg', 'MOZ_NO_REMOTE': '1', 'MOZ_HIDE_RESULTS_TABLE': '1', 'SSH_AUTH_SOCK': '/private/tmp/com.apple.launchd.sy8lxwzk7y/Listeners', 'SHELL': '/bin/bash', 'TMPDIR': '/var/folders/rz/w7m7229s0dx0sz__p5rcj2wh00000w/T/', '__CF_USER_TEXT_ENCODING': '0x1C:0:0', 'PWD': '/builds/slave/test', 'PROPERTIES_FILE': '/builds/slave/test/buildprops.json'}}, attempt #1
16:58:21     INFO - Running command: ['/builds/slave/test/build/venv/bin/pip', 'install', '--timeout', '120', '--no-index', '--find-links', 'http://pypi.pvt.build.mozilla.org/pub', '--find-links', 'http://pypi.pub.build.mozilla.org/pub', '--trusted-host', 'pypi.pub.build.mozilla.org', '--trusted-host', 'pypi.pvt.build.mozilla.org', 'six==1.10.0'] in /builds/slave/test/build
16:58:21     INFO - Copy/paste: /builds/slave/test/build/venv/bin/pip install --timeout 120 --no-index --find-links http://pypi.pvt.build.mozilla.org/pub --find-links http://pypi.pub.build.mozilla.org/pub --trusted-host pypi.pub.build.mozilla.org --trusted-host pypi.pvt.build.mozilla.org six==1.10.0
16:58:21     INFO - Using env: {'Apple_PubSub_Socket_Render': '/private/tmp/com.apple.launchd.MmuHTSBaPJ/Render',
16:58:21     INFO -  'GIT_SHARE_BASE_DIR': '/builds/git-shared',
16:58:21     INFO -  'HG_SHARE_BASE_DIR': '/builds/hg-shared',
16:58:21     INFO -  'HOME': '/Users/cltbld',
16:58:21     INFO -  'IDLEIZER_DISABLE_SHUTDOWN': 'true',
16:58:21     INFO -  'LOGNAME': 'cltbld',
16:58:21     INFO -  'MOZ_HIDE_RESULTS_TABLE': '1',
16:58:21     INFO -  'MOZ_NODE_PATH': '/usr/local/bin/node',
16:58:21     INFO -  'MOZ_NO_REMOTE': '1',
16:58:21     INFO -  'NO_EM_RESTART': '1',
16:58:21     INFO -  'NO_FAIL_ON_TEST_ERRORS': '1',
16:58:21     INFO -  'PATH': '/usr/local/sbin:/usr/local/bin:/usr/sbin:/usr/bin:/sbin:/bin:/usr/bin/X11',
16:58:21     INFO -  'PROPERTIES_FILE': '/builds/slave/test/buildprops.json',
16:58:21     INFO -  'PWD': '/builds/slave/test',
16:58:21     INFO -  'RUNNER_CONFIG_CMD': '/opt/runner/bin/python2.7 /opt/runner/bin/runner -c /opt/runner/runner.cfg',
16:58:21     INFO -  'SHELL': '/bin/bash',
16:58:21     INFO -  'SSH_AUTH_SOCK': '/private/tmp/com.apple.launchd.sy8lxwzk7y/Listeners',
16:58:21     INFO -  'TMPDIR': '/var/folders/rz/w7m7229s0dx0sz__p5rcj2wh00000w/T/',
16:58:21     INFO -  'TWISTD_LOG_PATH': '/builds/slave/twistd.log',
16:58:21     INFO -  'USER': 'cltbld',
16:58:21     INFO -  'VERSIONER_PYTHON_PREFER_32_BIT': 'no',
16:58:21     INFO -  'VERSIONER_PYTHON_VERSION': '2.7',
16:58:21     INFO -  'XPCOM_DEBUG_BREAK': 'warn',
16:58:21     INFO -  'XPC_FLAGS': '0x0',
16:58:21     INFO -  'XPC_SERVICE_NAME': '0',
16:58:21     INFO -  '__CF_USER_TEXT_ENCODING': '0x1C:0:0'}
16:58:21     INFO -  Ignoring indexes: https://pypi.python.org/simple
16:58:21     INFO -  Collecting six==1.10.0
16:58:21     INFO -  /builds/slave/test/build/venv/lib/python2.7/site-packages/pip/_vendor/requests/packages/urllib3/util/ssl_.py:318: SNIMissingWarning: An HTTPS request has been made, but the SNI (Subject Name Indication) extension to TLS is not available on this platform. This may cause the server to present an incorrect TLS certificate, which can cause validation failures. You can upgrade to a newer version of Python to solve this. For more information, see https://urllib3.readthedocs.org/en/latest/security.html#snimissingwarning.
16:58:21     INFO -    SNIMissingWarning
16:58:21     INFO -  /builds/slave/test/build/venv/lib/python2.7/site-packages/pip/_vendor/requests/packages/urllib3/util/ssl_.py:122: InsecurePlatformWarning: A true SSLContext object is not available. This prevents urllib3 from configuring SSL appropriately and may cause certain SSL connections to fail. You can upgrade to a newer version of Python to solve this. For more information, see https://urllib3.readthedocs.org/en/latest/security.html#insecureplatformwarning.
16:58:21     INFO -    InsecurePlatformWarning
16:58:22     INFO -  /builds/slave/test/build/venv/lib/python2.7/site-packages/pip/_vendor/requests/packages/urllib3/util/ssl_.py:122: InsecurePlatformWarning: A true SSLContext object is not available. This prevents urllib3 from configuring SSL appropriately and may cause certain SSL connections to fail. You can upgrade to a newer version of Python to solve this. For more information, see https://urllib3.readthedocs.org/en/latest/security.html#insecureplatformwarning.
16:58:22     INFO -    InsecurePlatformWarning
16:58:24     INFO -    Downloading https://pypi.pvt.build.mozilla.org/pub/six-1.10.0-py2.py3-none-any.whl
16:58:24     INFO -  Installing collected packages: six
16:58:24     INFO -  Successfully installed six-1.10.0
16:58:24     INFO - Return code: 0
16:58:24     INFO - Installing vcversioner==2.16.0.0 into virtualenv /builds/slave/test/build/venv
16:58:24     INFO - retry: Calling run_command with args: [['/builds/slave/test/build/venv/bin/pip', 'install', '--timeout', '120', '--no-index', '--find-links', 'http://pypi.pvt.build.mozilla.org/pub', '--find-links', 'http://pypi.pub.build.mozilla.org/pub', '--trusted-host', 'pypi.pub.build.mozilla.org', '--trusted-host', 'pypi.pvt.build.mozilla.org', 'vcversioner==2.16.0.0']], kwargs: {'error_level': 'warning', 'error_list': [{'substr': 'not found or a compiler error:', 'level': 'warning'}, {'regex': <_sre.SRE_Pattern object at 0x102d3d170>, 'level': 'error'}, {'regex': <_sre.SRE_Pattern object at 0x102ddf960>, 'level': 'warning'}, {'regex': <_sre.SRE_Pattern object at 0x7f997a532df0>, 'level': 'debug'}, {'substr': 'command not found', 'level': 'error'}, {'regex': <_sre.SRE_Pattern object at 0x102cd01d0>, 'level': 'warning'}, {'substr': 'Traceback (most recent call last)', 'level': 'error'}, {'substr': 'SyntaxError: ', 'level': 'error'}, {'substr': 'TypeError: ', 'level': 'error'}, {'substr': 'NameError: ', 'level': 'error'}, {'substr': 'ZeroDivisionError: ', 'level': 'error'}, {'regex': <_sre.SRE_Pattern object at 0x102cab108>, 'level': 'critical'}, {'regex': <_sre.SRE_Pattern object at 0x102cc5030>, 'level': 'critical'}], 'cwd': '/builds/slave/test/build', 'env': {'VERSIONER_PYTHON_PREFER_32_BIT': 'no', 'LOGNAME': 'cltbld', 'USER': 'cltbld', 'XPC_SERVICE_NAME': '0', 'PATH': '/usr/local/sbin:/usr/local/bin:/usr/sbin:/usr/bin:/sbin:/bin:/usr/bin/X11', 'HOME': '/Users/cltbld', 'NO_EM_RESTART': '1', 'IDLEIZER_DISABLE_SHUTDOWN': 'true', 'XPCOM_DEBUG_BREAK': 'warn', 'Apple_PubSub_Socket_Render': '/private/tmp/com.apple.launchd.MmuHTSBaPJ/Render', 'MOZ_NODE_PATH': '/usr/local/bin/node', 'TWISTD_LOG_PATH': '/builds/slave/twistd.log', 'GIT_SHARE_BASE_DIR': '/builds/git-shared', 'VERSIONER_PYTHON_VERSION': '2.7', 'XPC_FLAGS': '0x0', 'NO_FAIL_ON_TEST_ERRORS': '1', 'HG_SHARE_BASE_DIR': '/builds/hg-shared', 'RUNNER_CONFIG_CMD': '/opt/runner/bin/python2.7 /opt/runner/bin/runner -c /opt/runner/runner.cfg', 'MOZ_NO_REMOTE': '1', 'MOZ_HIDE_RESULTS_TABLE': '1', 'SSH_AUTH_SOCK': '/private/tmp/com.apple.launchd.sy8lxwzk7y/Listeners', 'SHELL': '/bin/bash', 'TMPDIR': '/var/folders/rz/w7m7229s0dx0sz__p5rcj2wh00000w/T/', '__CF_USER_TEXT_ENCODING': '0x1C:0:0', 'PWD': '/builds/slave/test', 'PROPERTIES_FILE': '/builds/slave/test/buildprops.json'}}, attempt #1
16:58:24     INFO - Running command: ['/builds/slave/test/build/venv/bin/pip', 'install', '--timeout', '120', '--no-index', '--find-links', 'http://pypi.pvt.build.mozilla.org/pub', '--find-links', 'http://pypi.pub.build.mozilla.org/pub', '--trusted-host', 'pypi.pub.build.mozilla.org', '--trusted-host', 'pypi.pvt.build.mozilla.org', 'vcversioner==2.16.0.0'] in /builds/slave/test/build
16:58:24     INFO - Copy/paste: /builds/slave/test/build/venv/bin/pip install --timeout 120 --no-index --find-links http://pypi.pvt.build.mozilla.org/pub --find-links http://pypi.pub.build.mozilla.org/pub --trusted-host pypi.pub.build.mozilla.org --trusted-host pypi.pvt.build.mozilla.org vcversioner==2.16.0.0
16:58:24     INFO - Using env: {'Apple_PubSub_Socket_Render': '/private/tmp/com.apple.launchd.MmuHTSBaPJ/Render',
16:58:24     INFO -  'GIT_SHARE_BASE_DIR': '/builds/git-shared',
16:58:24     INFO -  'HG_SHARE_BASE_DIR': '/builds/hg-shared',
16:58:24     INFO -  'HOME': '/Users/cltbld',
16:58:24     INFO -  'IDLEIZER_DISABLE_SHUTDOWN': 'true',
16:58:24     INFO -  'LOGNAME': 'cltbld',
16:58:24     INFO -  'MOZ_HIDE_RESULTS_TABLE': '1',
16:58:24     INFO -  'MOZ_NODE_PATH': '/usr/local/bin/node',
16:58:24     INFO -  'MOZ_NO_REMOTE': '1',
16:58:24     INFO -  'NO_EM_RESTART': '1',
16:58:24     INFO -  'NO_FAIL_ON_TEST_ERRORS': '1',
16:58:24     INFO -  'PATH': '/usr/local/sbin:/usr/local/bin:/usr/sbin:/usr/bin:/sbin:/bin:/usr/bin/X11',
16:58:24     INFO -  'PROPERTIES_FILE': '/builds/slave/test/buildprops.json',
16:58:24     INFO -  'PWD': '/builds/slave/test',
16:58:24     INFO -  'RUNNER_CONFIG_CMD': '/opt/runner/bin/python2.7 /opt/runner/bin/runner -c /opt/runner/runner.cfg',
16:58:24     INFO -  'SHELL': '/bin/bash',
16:58:24     INFO -  'SSH_AUTH_SOCK': '/private/tmp/com.apple.launchd.sy8lxwzk7y/Listeners',
16:58:24     INFO -  'TMPDIR': '/var/folders/rz/w7m7229s0dx0sz__p5rcj2wh00000w/T/',
16:58:24     INFO -  'TWISTD_LOG_PATH': '/builds/slave/twistd.log',
16:58:24     INFO -  'USER': 'cltbld',
16:58:24     INFO -  'VERSIONER_PYTHON_PREFER_32_BIT': 'no',
16:58:24     INFO -  'VERSIONER_PYTHON_VERSION': '2.7',
16:58:24     INFO -  'XPCOM_DEBUG_BREAK': 'warn',
16:58:24     INFO -  'XPC_FLAGS': '0x0',
16:58:24     INFO -  'XPC_SERVICE_NAME': '0',
16:58:24     INFO -  '__CF_USER_TEXT_ENCODING': '0x1C:0:0'}
16:58:25     INFO -  Ignoring indexes: https://pypi.python.org/simple
16:58:25     INFO -  Collecting vcversioner==2.16.0.0
16:58:25     INFO -  /builds/slave/test/build/venv/lib/python2.7/site-packages/pip/_vendor/requests/packages/urllib3/util/ssl_.py:318: SNIMissingWarning: An HTTPS request has been made, but the SNI (Subject Name Indication) extension to TLS is not available on this platform. This may cause the server to present an incorrect TLS certificate, which can cause validation failures. You can upgrade to a newer version of Python to solve this. For more information, see https://urllib3.readthedocs.org/en/latest/security.html#snimissingwarning.
16:58:25     INFO -    SNIMissingWarning
16:58:25     INFO -  /builds/slave/test/build/venv/lib/python2.7/site-packages/pip/_vendor/requests/packages/urllib3/util/ssl_.py:122: InsecurePlatformWarning: A true SSLContext object is not available. This prevents urllib3 from configuring SSL appropriately and may cause certain SSL connections to fail. You can upgrade to a newer version of Python to solve this. For more information, see https://urllib3.readthedocs.org/en/latest/security.html#insecureplatformwarning.
16:58:25     INFO -    InsecurePlatformWarning
16:58:25     INFO -  /builds/slave/test/build/venv/lib/python2.7/site-packages/pip/_vendor/requests/packages/urllib3/util/ssl_.py:122: InsecurePlatformWarning: A true SSLContext object is not available. This prevents urllib3 from configuring SSL appropriately and may cause certain SSL connections to fail. You can upgrade to a newer version of Python to solve this. For more information, see https://urllib3.readthedocs.org/en/latest/security.html#insecureplatformwarning.
16:58:25     INFO -    InsecurePlatformWarning
16:58:27     INFO -  Installing collected packages: vcversioner
16:58:27     INFO -  Successfully installed vcversioner-2.16.0.0
16:58:27     INFO - Return code: 0
16:58:27     INFO - Installing psutil>=3.1.1 into virtualenv /builds/slave/test/build/venv
16:58:27     INFO - retry: Calling run_command with args: [['/builds/slave/test/build/venv/bin/pip', 'install', '--timeout', '120', '--no-index', '--find-links', 'http://pypi.pvt.build.mozilla.org/pub', '--find-links', 'http://pypi.pub.build.mozilla.org/pub', '--trusted-host', 'pypi.pub.build.mozilla.org', '--trusted-host', 'pypi.pvt.build.mozilla.org', 'psutil>=3.1.1']], kwargs: {'error_level': 'warning', 'error_list': [{'substr': 'not found or a compiler error:', 'level': 'warning'}, {'regex': <_sre.SRE_Pattern object at 0x102d3d170>, 'level': 'error'}, {'regex': <_sre.SRE_Pattern object at 0x102ddf960>, 'level': 'warning'}, {'regex': <_sre.SRE_Pattern object at 0x7f997a532df0>, 'level': 'debug'}, {'substr': 'command not found', 'level': 'error'}, {'regex': <_sre.SRE_Pattern object at 0x102cd01d0>, 'level': 'warning'}, {'substr': 'Traceback (most recent call last)', 'level': 'error'}, {'substr': 'SyntaxError: ', 'level': 'error'}, {'substr': 'TypeError: ', 'level': 'error'}, {'substr': 'NameError: ', 'level': 'error'}, {'substr': 'ZeroDivisionError: ', 'level': 'error'}, {'regex': <_sre.SRE_Pattern object at 0x102cab108>, 'level': 'critical'}, {'regex': <_sre.SRE_Pattern object at 0x102cc5030>, 'level': 'critical'}], 'cwd': '/builds/slave/test/build', 'env': {'VERSIONER_PYTHON_PREFER_32_BIT': 'no', 'LOGNAME': 'cltbld', 'USER': 'cltbld', 'XPC_SERVICE_NAME': '0', 'PATH': '/usr/local/sbin:/usr/local/bin:/usr/sbin:/usr/bin:/sbin:/bin:/usr/bin/X11', 'HOME': '/Users/cltbld', 'NO_EM_RESTART': '1', 'IDLEIZER_DISABLE_SHUTDOWN': 'true', 'XPCOM_DEBUG_BREAK': 'warn', 'Apple_PubSub_Socket_Render': '/private/tmp/com.apple.launchd.MmuHTSBaPJ/Render', 'MOZ_NODE_PATH': '/usr/local/bin/node', 'TWISTD_LOG_PATH': '/builds/slave/twistd.log', 'GIT_SHARE_BASE_DIR': '/builds/git-shared', 'VERSIONER_PYTHON_VERSION': '2.7', 'XPC_FLAGS': '0x0', 'NO_FAIL_ON_TEST_ERRORS': '1', 'HG_SHARE_BASE_DIR': '/builds/hg-shared', 'RUNNER_CONFIG_CMD': '/opt/runner/bin/python2.7 /opt/runner/bin/runner -c /opt/runner/runner.cfg', 'MOZ_NO_REMOTE': '1', 'MOZ_HIDE_RESULTS_TABLE': '1', 'SSH_AUTH_SOCK': '/private/tmp/com.apple.launchd.sy8lxwzk7y/Listeners', 'SHELL': '/bin/bash', 'TMPDIR': '/var/folders/rz/w7m7229s0dx0sz__p5rcj2wh00000w/T/', '__CF_USER_TEXT_ENCODING': '0x1C:0:0', 'PWD': '/builds/slave/test', 'PROPERTIES_FILE': '/builds/slave/test/buildprops.json'}}, attempt #1
16:58:27     INFO - Running command: ['/builds/slave/test/build/venv/bin/pip', 'install', '--timeout', '120', '--no-index', '--find-links', 'http://pypi.pvt.build.mozilla.org/pub', '--find-links', 'http://pypi.pub.build.mozilla.org/pub', '--trusted-host', 'pypi.pub.build.mozilla.org', '--trusted-host', 'pypi.pvt.build.mozilla.org', 'psutil>=3.1.1'] in /builds/slave/test/build
16:58:27     INFO - Copy/paste: /builds/slave/test/build/venv/bin/pip install --timeout 120 --no-index --find-links http://pypi.pvt.build.mozilla.org/pub --find-links http://pypi.pub.build.mozilla.org/pub --trusted-host pypi.pub.build.mozilla.org --trusted-host pypi.pvt.build.mozilla.org psutil>=3.1.1
16:58:27     INFO - Using env: {'Apple_PubSub_Socket_Render': '/private/tmp/com.apple.launchd.MmuHTSBaPJ/Render',
16:58:27     INFO -  'GIT_SHARE_BASE_DIR': '/builds/git-shared',
16:58:27     INFO -  'HG_SHARE_BASE_DIR': '/builds/hg-shared',
16:58:27     INFO -  'HOME': '/Users/cltbld',
16:58:27     INFO -  'IDLEIZER_DISABLE_SHUTDOWN': 'true',
16:58:27     INFO -  'LOGNAME': 'cltbld',
16:58:27     INFO -  'MOZ_HIDE_RESULTS_TABLE': '1',
16:58:27     INFO -  'MOZ_NODE_PATH': '/usr/local/bin/node',
16:58:27     INFO -  'MOZ_NO_REMOTE': '1',
16:58:27     INFO -  'NO_EM_RESTART': '1',
16:58:27     INFO -  'NO_FAIL_ON_TEST_ERRORS': '1',
16:58:27     INFO -  'PATH': '/usr/local/sbin:/usr/local/bin:/usr/sbin:/usr/bin:/sbin:/bin:/usr/bin/X11',
16:58:27     INFO -  'PROPERTIES_FILE': '/builds/slave/test/buildprops.json',
16:58:27     INFO -  'PWD': '/builds/slave/test',
16:58:27     INFO -  'RUNNER_CONFIG_CMD': '/opt/runner/bin/python2.7 /opt/runner/bin/runner -c /opt/runner/runner.cfg',
16:58:27     INFO -  'SHELL': '/bin/bash',
16:58:27     INFO -  'SSH_AUTH_SOCK': '/private/tmp/com.apple.launchd.sy8lxwzk7y/Listeners',
16:58:27     INFO -  'TMPDIR': '/var/folders/rz/w7m7229s0dx0sz__p5rcj2wh00000w/T/',
16:58:27     INFO -  'TWISTD_LOG_PATH': '/builds/slave/twistd.log',
16:58:27     INFO -  'USER': 'cltbld',
16:58:27     INFO -  'VERSIONER_PYTHON_PREFER_32_BIT': 'no',
16:58:27     INFO -  'VERSIONER_PYTHON_VERSION': '2.7',
16:58:27     INFO -  'XPCOM_DEBUG_BREAK': 'warn',
16:58:27     INFO -  'XPC_FLAGS': '0x0',
16:58:27     INFO -  'XPC_SERVICE_NAME': '0',
16:58:27     INFO -  '__CF_USER_TEXT_ENCODING': '0x1C:0:0'}
16:58:28     INFO -  Ignoring indexes: https://pypi.python.org/simple
16:58:28     INFO -  Collecting psutil>=3.1.1
16:58:28     INFO -  /builds/slave/test/build/venv/lib/python2.7/site-packages/pip/_vendor/requests/packages/urllib3/util/ssl_.py:318: SNIMissingWarning: An HTTPS request has been made, but the SNI (Subject Name Indication) extension to TLS is not available on this platform. This may cause the server to present an incorrect TLS certificate, which can cause validation failures. You can upgrade to a newer version of Python to solve this. For more information, see https://urllib3.readthedocs.org/en/latest/security.html#snimissingwarning.
16:58:28     INFO -    SNIMissingWarning
16:58:28     INFO -  /builds/slave/test/build/venv/lib/python2.7/site-packages/pip/_vendor/requests/packages/urllib3/util/ssl_.py:122: InsecurePlatformWarning: A true SSLContext object is not available. This prevents urllib3 from configuring SSL appropriately and may cause certain SSL connections to fail. You can upgrade to a newer version of Python to solve this. For more information, see https://urllib3.readthedocs.org/en/latest/security.html#insecureplatformwarning.
16:58:28     INFO -    InsecurePlatformWarning
16:58:28     INFO -  /builds/slave/test/build/venv/lib/python2.7/site-packages/pip/_vendor/requests/packages/urllib3/util/ssl_.py:122: InsecurePlatformWarning: A true SSLContext object is not available. This prevents urllib3 from configuring SSL appropriately and may cause certain SSL connections to fail. You can upgrade to a newer version of Python to solve this. For more information, see https://urllib3.readthedocs.org/en/latest/security.html#insecureplatformwarning.
16:58:28     INFO -    InsecurePlatformWarning
16:58:31     INFO -  Installing collected packages: psutil
16:58:31     INFO -  Successfully installed psutil-5.4.3
16:58:31     INFO - Return code: 0
16:58:31     INFO - Installing mozsystemmonitor==0.3 into virtualenv /builds/slave/test/build/venv
16:58:31     INFO - retry: Calling run_command with args: [['/builds/slave/test/build/venv/bin/pip', 'install', '--timeout', '120', '--no-index', '--find-links', 'http://pypi.pvt.build.mozilla.org/pub', '--find-links', 'http://pypi.pub.build.mozilla.org/pub', '--trusted-host', 'pypi.pub.build.mozilla.org', '--trusted-host', 'pypi.pvt.build.mozilla.org', 'mozsystemmonitor==0.3']], kwargs: {'error_level': 'warning', 'error_list': [{'substr': 'not found or a compiler error:', 'level': 'warning'}, {'regex': <_sre.SRE_Pattern object at 0x102d3d170>, 'level': 'error'}, {'regex': <_sre.SRE_Pattern object at 0x102ddf960>, 'level': 'warning'}, {'regex': <_sre.SRE_Pattern object at 0x7f997a532df0>, 'level': 'debug'}, {'substr': 'command not found', 'level': 'error'}, {'regex': <_sre.SRE_Pattern object at 0x102cd01d0>, 'level': 'warning'}, {'substr': 'Traceback (most recent call last)', 'level': 'error'}, {'substr': 'SyntaxError: ', 'level': 'error'}, {'substr': 'TypeError: ', 'level': 'error'}, {'substr': 'NameError: ', 'level': 'error'}, {'substr': 'ZeroDivisionError: ', 'level': 'error'}, {'regex': <_sre.SRE_Pattern object at 0x102cab108>, 'level': 'critical'}, {'regex': <_sre.SRE_Pattern object at 0x102cc5030>, 'level': 'critical'}], 'cwd': '/builds/slave/test/build', 'env': {'VERSIONER_PYTHON_PREFER_32_BIT': 'no', 'LOGNAME': 'cltbld', 'USER': 'cltbld', 'XPC_SERVICE_NAME': '0', 'PATH': '/usr/local/sbin:/usr/local/bin:/usr/sbin:/usr/bin:/sbin:/bin:/usr/bin/X11', 'HOME': '/Users/cltbld', 'NO_EM_RESTART': '1', 'IDLEIZER_DISABLE_SHUTDOWN': 'true', 'XPCOM_DEBUG_BREAK': 'warn', 'Apple_PubSub_Socket_Render': '/private/tmp/com.apple.launchd.MmuHTSBaPJ/Render', 'MOZ_NODE_PATH': '/usr/local/bin/node', 'TWISTD_LOG_PATH': '/builds/slave/twistd.log', 'GIT_SHARE_BASE_DIR': '/builds/git-shared', 'VERSIONER_PYTHON_VERSION': '2.7', 'XPC_FLAGS': '0x0', 'NO_FAIL_ON_TEST_ERRORS': '1', 'HG_SHARE_BASE_DIR': '/builds/hg-shared', 'RUNNER_CONFIG_CMD': '/opt/runner/bin/python2.7 /opt/runner/bin/runner -c /opt/runner/runner.cfg', 'MOZ_NO_REMOTE': '1', 'MOZ_HIDE_RESULTS_TABLE': '1', 'SSH_AUTH_SOCK': '/private/tmp/com.apple.launchd.sy8lxwzk7y/Listeners', 'SHELL': '/bin/bash', 'TMPDIR': '/var/folders/rz/w7m7229s0dx0sz__p5rcj2wh00000w/T/', '__CF_USER_TEXT_ENCODING': '0x1C:0:0', 'PWD': '/builds/slave/test', 'PROPERTIES_FILE': '/builds/slave/test/buildprops.json'}}, attempt #1
16:58:31     INFO - Running command: ['/builds/slave/test/build/venv/bin/pip', 'install', '--timeout', '120', '--no-index', '--find-links', 'http://pypi.pvt.build.mozilla.org/pub', '--find-links', 'http://pypi.pub.build.mozilla.org/pub', '--trusted-host', 'pypi.pub.build.mozilla.org', '--trusted-host', 'pypi.pvt.build.mozilla.org', 'mozsystemmonitor==0.3'] in /builds/slave/test/build
16:58:31     INFO - Copy/paste: /builds/slave/test/build/venv/bin/pip install --timeout 120 --no-index --find-links http://pypi.pvt.build.mozilla.org/pub --find-links http://pypi.pub.build.mozilla.org/pub --trusted-host pypi.pub.build.mozilla.org --trusted-host pypi.pvt.build.mozilla.org mozsystemmonitor==0.3
16:58:31     INFO - Using env: {'Apple_PubSub_Socket_Render': '/private/tmp/com.apple.launchd.MmuHTSBaPJ/Render',
16:58:31     INFO -  'GIT_SHARE_BASE_DIR': '/builds/git-shared',
16:58:31     INFO -  'HG_SHARE_BASE_DIR': '/builds/hg-shared',
16:58:31     INFO -  'HOME': '/Users/cltbld',
16:58:31     INFO -  'IDLEIZER_DISABLE_SHUTDOWN': 'true',
16:58:31     INFO -  'LOGNAME': 'cltbld',
16:58:31     INFO -  'MOZ_HIDE_RESULTS_TABLE': '1',
16:58:31     INFO -  'MOZ_NODE_PATH': '/usr/local/bin/node',
16:58:31     INFO -  'MOZ_NO_REMOTE': '1',
16:58:31     INFO -  'NO_EM_RESTART': '1',
16:58:31     INFO -  'NO_FAIL_ON_TEST_ERRORS': '1',
16:58:31     INFO -  'PATH': '/usr/local/sbin:/usr/local/bin:/usr/sbin:/usr/bin:/sbin:/bin:/usr/bin/X11',
16:58:31     INFO -  'PROPERTIES_FILE': '/builds/slave/test/buildprops.json',
16:58:31     INFO -  'PWD': '/builds/slave/test',
16:58:31     INFO -  'RUNNER_CONFIG_CMD': '/opt/runner/bin/python2.7 /opt/runner/bin/runner -c /opt/runner/runner.cfg',
16:58:31     INFO -  'SHELL': '/bin/bash',
16:58:31     INFO -  'SSH_AUTH_SOCK': '/private/tmp/com.apple.launchd.sy8lxwzk7y/Listeners',
16:58:31     INFO -  'TMPDIR': '/var/folders/rz/w7m7229s0dx0sz__p5rcj2wh00000w/T/',
16:58:31     INFO -  'TWISTD_LOG_PATH': '/builds/slave/twistd.log',
16:58:31     INFO -  'USER': 'cltbld',
16:58:31     INFO -  'VERSIONER_PYTHON_PREFER_32_BIT': 'no',
16:58:31     INFO -  'VERSIONER_PYTHON_VERSION': '2.7',
16:58:31     INFO -  'XPCOM_DEBUG_BREAK': 'warn',
16:58:31     INFO -  'XPC_FLAGS': '0x0',
16:58:31     INFO -  'XPC_SERVICE_NAME': '0',
16:58:31     INFO -  '__CF_USER_TEXT_ENCODING': '0x1C:0:0'}
16:58:31     INFO -  Ignoring indexes: https://pypi.python.org/simple
16:58:31     INFO -  Collecting mozsystemmonitor==0.3
16:58:31     INFO -  /builds/slave/test/build/venv/lib/python2.7/site-packages/pip/_vendor/requests/packages/urllib3/util/ssl_.py:318: SNIMissingWarning: An HTTPS request has been made, but the SNI (Subject Name Indication) extension to TLS is not available on this platform. This may cause the server to present an incorrect TLS certificate, which can cause validation failures. You can upgrade to a newer version of Python to solve this. For more information, see https://urllib3.readthedocs.org/en/latest/security.html#snimissingwarning.
16:58:31     INFO -    SNIMissingWarning
16:58:31     INFO -  /builds/slave/test/build/venv/lib/python2.7/site-packages/pip/_vendor/requests/packages/urllib3/util/ssl_.py:122: InsecurePlatformWarning: A true SSLContext object is not available. This prevents urllib3 from configuring SSL appropriately and may cause certain SSL connections to fail. You can upgrade to a newer version of Python to solve this. For more information, see https://urllib3.readthedocs.org/en/latest/security.html#insecureplatformwarning.
16:58:31     INFO -    InsecurePlatformWarning
16:58:32     INFO -  /builds/slave/test/build/venv/lib/python2.7/site-packages/pip/_vendor/requests/packages/urllib3/util/ssl_.py:122: InsecurePlatformWarning: A true SSLContext object is not available. This prevents urllib3 from configuring SSL appropriately and may cause certain SSL connections to fail. You can upgrade to a newer version of Python to solve this. For more information, see https://urllib3.readthedocs.org/en/latest/security.html#insecureplatformwarning.
16:58:32     INFO -    InsecurePlatformWarning
16:58:34     INFO -  Requirement already satisfied (use --upgrade to upgrade): psutil>=3.1.1 in ./venv/lib/python2.7/site-packages (from mozsystemmonitor==0.3)
16:58:34     INFO -  Installing collected packages: mozsystemmonitor
16:58:34     INFO -  Successfully installed mozsystemmonitor-0.3
16:58:34     INFO - Return code: 0
16:58:34     INFO - Installing jsonschema==2.5.1 into virtualenv /builds/slave/test/build/venv
16:58:34     INFO - retry: Calling run_command with args: [['/builds/slave/test/build/venv/bin/pip', 'install', '--timeout', '120', '--no-index', '--find-links', 'http://pypi.pvt.build.mozilla.org/pub', '--find-links', 'http://pypi.pub.build.mozilla.org/pub', '--trusted-host', 'pypi.pub.build.mozilla.org', '--trusted-host', 'pypi.pvt.build.mozilla.org', 'jsonschema==2.5.1']], kwargs: {'error_level': 'warning', 'error_list': [{'substr': 'not found or a compiler error:', 'level': 'warning'}, {'regex': <_sre.SRE_Pattern object at 0x102d3d170>, 'level': 'error'}, {'regex': <_sre.SRE_Pattern object at 0x102ddf960>, 'level': 'warning'}, {'regex': <_sre.SRE_Pattern object at 0x7f997a532df0>, 'level': 'debug'}, {'substr': 'command not found', 'level': 'error'}, {'regex': <_sre.SRE_Pattern object at 0x102cd01d0>, 'level': 'warning'}, {'substr': 'Traceback (most recent call last)', 'level': 'error'}, {'substr': 'SyntaxError: ', 'level': 'error'}, {'substr': 'TypeError: ', 'level': 'error'}, {'substr': 'NameError: ', 'level': 'error'}, {'substr': 'ZeroDivisionError: ', 'level': 'error'}, {'regex': <_sre.SRE_Pattern object at 0x102cab108>, 'level': 'critical'}, {'regex': <_sre.SRE_Pattern object at 0x102cc5030>, 'level': 'critical'}], 'cwd': '/builds/slave/test/build', 'env': {'VERSIONER_PYTHON_PREFER_32_BIT': 'no', 'LOGNAME': 'cltbld', 'USER': 'cltbld', 'XPC_SERVICE_NAME': '0', 'PATH': '/usr/local/sbin:/usr/local/bin:/usr/sbin:/usr/bin:/sbin:/bin:/usr/bin/X11', 'HOME': '/Users/cltbld', 'NO_EM_RESTART': '1', 'IDLEIZER_DISABLE_SHUTDOWN': 'true', 'XPCOM_DEBUG_BREAK': 'warn', 'Apple_PubSub_Socket_Render': '/private/tmp/com.apple.launchd.MmuHTSBaPJ/Render', 'MOZ_NODE_PATH': '/usr/local/bin/node', 'TWISTD_LOG_PATH': '/builds/slave/twistd.log', 'GIT_SHARE_BASE_DIR': '/builds/git-shared', 'VERSIONER_PYTHON_VERSION': '2.7', 'XPC_FLAGS': '0x0', 'NO_FAIL_ON_TEST_ERRORS': '1', 'HG_SHARE_BASE_DIR': '/builds/hg-shared', 'RUNNER_CONFIG_CMD': '/opt/runner/bin/python2.7 /opt/runner/bin/runner -c /opt/runner/runner.cfg', 'MOZ_NO_REMOTE': '1', 'MOZ_HIDE_RESULTS_TABLE': '1', 'SSH_AUTH_SOCK': '/private/tmp/com.apple.launchd.sy8lxwzk7y/Listeners', 'SHELL': '/bin/bash', 'TMPDIR': '/var/folders/rz/w7m7229s0dx0sz__p5rcj2wh00000w/T/', '__CF_USER_TEXT_ENCODING': '0x1C:0:0', 'PWD': '/builds/slave/test', 'PROPERTIES_FILE': '/builds/slave/test/buildprops.json'}}, attempt #1
16:58:34     INFO - Running command: ['/builds/slave/test/build/venv/bin/pip', 'install', '--timeout', '120', '--no-index', '--find-links', 'http://pypi.pvt.build.mozilla.org/pub', '--find-links', 'http://pypi.pub.build.mozilla.org/pub', '--trusted-host', 'pypi.pub.build.mozilla.org', '--trusted-host', 'pypi.pvt.build.mozilla.org', 'jsonschema==2.5.1'] in /builds/slave/test/build
16:58:34     INFO - Copy/paste: /builds/slave/test/build/venv/bin/pip install --timeout 120 --no-index --find-links http://pypi.pvt.build.mozilla.org/pub --find-links http://pypi.pub.build.mozilla.org/pub --trusted-host pypi.pub.build.mozilla.org --trusted-host pypi.pvt.build.mozilla.org jsonschema==2.5.1
16:58:34     INFO - Using env: {'Apple_PubSub_Socket_Render': '/private/tmp/com.apple.launchd.MmuHTSBaPJ/Render',
16:58:34     INFO -  'GIT_SHARE_BASE_DIR': '/builds/git-shared',
16:58:34     INFO -  'HG_SHARE_BASE_DIR': '/builds/hg-shared',
16:58:34     INFO -  'HOME': '/Users/cltbld',
16:58:34     INFO -  'IDLEIZER_DISABLE_SHUTDOWN': 'true',
16:58:34     INFO -  'LOGNAME': 'cltbld',
16:58:34     INFO -  'MOZ_HIDE_RESULTS_TABLE': '1',
16:58:34     INFO -  'MOZ_NODE_PATH': '/usr/local/bin/node',
16:58:34     INFO -  'MOZ_NO_REMOTE': '1',
16:58:34     INFO -  'NO_EM_RESTART': '1',
16:58:34     INFO -  'NO_FAIL_ON_TEST_ERRORS': '1',
16:58:34     INFO -  'PATH': '/usr/local/sbin:/usr/local/bin:/usr/sbin:/usr/bin:/sbin:/bin:/usr/bin/X11',
16:58:34     INFO -  'PROPERTIES_FILE': '/builds/slave/test/buildprops.json',
16:58:34     INFO -  'PWD': '/builds/slave/test',
16:58:34     INFO -  'RUNNER_CONFIG_CMD': '/opt/runner/bin/python2.7 /opt/runner/bin/runner -c /opt/runner/runner.cfg',
16:58:34     INFO -  'SHELL': '/bin/bash',
16:58:34     INFO -  'SSH_AUTH_SOCK': '/private/tmp/com.apple.launchd.sy8lxwzk7y/Listeners',
16:58:34     INFO -  'TMPDIR': '/var/folders/rz/w7m7229s0dx0sz__p5rcj2wh00000w/T/',
16:58:34     INFO -  'TWISTD_LOG_PATH': '/builds/slave/twistd.log',
16:58:34     INFO -  'USER': 'cltbld',
16:58:34     INFO -  'VERSIONER_PYTHON_PREFER_32_BIT': 'no',
16:58:34     INFO -  'VERSIONER_PYTHON_VERSION': '2.7',
16:58:34     INFO -  'XPCOM_DEBUG_BREAK': 'warn',
16:58:34     INFO -  'XPC_FLAGS': '0x0',
16:58:34     INFO -  'XPC_SERVICE_NAME': '0',
16:58:34     INFO -  '__CF_USER_TEXT_ENCODING': '0x1C:0:0'}
16:58:35     INFO -  Ignoring indexes: https://pypi.python.org/simple
16:58:35     INFO -  Collecting jsonschema==2.5.1
16:58:35     INFO -  /builds/slave/test/build/venv/lib/python2.7/site-packages/pip/_vendor/requests/packages/urllib3/util/ssl_.py:318: SNIMissingWarning: An HTTPS request has been made, but the SNI (Subject Name Indication) extension to TLS is not available on this platform. This may cause the server to present an incorrect TLS certificate, which can cause validation failures. You can upgrade to a newer version of Python to solve this. For more information, see https://urllib3.readthedocs.org/en/latest/security.html#snimissingwarning.
16:58:35     INFO -    SNIMissingWarning
16:58:35     INFO -  /builds/slave/test/build/venv/lib/python2.7/site-packages/pip/_vendor/requests/packages/urllib3/util/ssl_.py:122: InsecurePlatformWarning: A true SSLContext object is not available. This prevents urllib3 from configuring SSL appropriately and may cause certain SSL connections to fail. You can upgrade to a newer version of Python to solve this. For more information, see https://urllib3.readthedocs.org/en/latest/security.html#insecureplatformwarning.
16:58:35     INFO -    InsecurePlatformWarning
16:58:35     INFO -  /builds/slave/test/build/venv/lib/python2.7/site-packages/pip/_vendor/requests/packages/urllib3/util/ssl_.py:122: InsecurePlatformWarning: A true SSLContext object is not available. This prevents urllib3 from configuring SSL appropriately and may cause certain SSL connections to fail. You can upgrade to a newer version of Python to solve this. For more information, see https://urllib3.readthedocs.org/en/latest/security.html#insecureplatformwarning.
16:58:35     INFO -    InsecurePlatformWarning
16:58:37     INFO -    Downloading https://pypi.pvt.build.mozilla.org/pub/jsonschema-2.5.1-py2.py3-none-any.whl
16:58:37     INFO -  Collecting functools32; python_version == "2.7" (from jsonschema==2.5.1)
16:58:40     INFO -  Installing collected packages: functools32, jsonschema
16:58:40     INFO -  Successfully installed functools32-3.2.3.post2 jsonschema-2.5.1
16:58:40     INFO - Return code: 0
16:58:40     INFO - Installing functools32==3.2.3-2 into virtualenv /builds/slave/test/build/venv
16:58:40     INFO - retry: Calling run_command with args: [['/builds/slave/test/build/venv/bin/pip', 'install', '--timeout', '120', '--no-index', '--find-links', 'http://pypi.pvt.build.mozilla.org/pub', '--find-links', 'http://pypi.pub.build.mozilla.org/pub', '--trusted-host', 'pypi.pub.build.mozilla.org', '--trusted-host', 'pypi.pvt.build.mozilla.org', 'functools32==3.2.3-2']], kwargs: {'error_level': 'warning', 'error_list': [{'substr': 'not found or a compiler error:', 'level': 'warning'}, {'regex': <_sre.SRE_Pattern object at 0x102d3d170>, 'level': 'error'}, {'regex': <_sre.SRE_Pattern object at 0x102ddf960>, 'level': 'warning'}, {'regex': <_sre.SRE_Pattern object at 0x7f997a532df0>, 'level': 'debug'}, {'substr': 'command not found', 'level': 'error'}, {'regex': <_sre.SRE_Pattern object at 0x102cd01d0>, 'level': 'warning'}, {'substr': 'Traceback (most recent call last)', 'level': 'error'}, {'substr': 'SyntaxError: ', 'level': 'error'}, {'substr': 'TypeError: ', 'level': 'error'}, {'substr': 'NameError: ', 'level': 'error'}, {'substr': 'ZeroDivisionError: ', 'level': 'error'}, {'regex': <_sre.SRE_Pattern object at 0x102cab108>, 'level': 'critical'}, {'regex': <_sre.SRE_Pattern object at 0x102cc5030>, 'level': 'critical'}], 'cwd': '/builds/slave/test/build', 'env': {'VERSIONER_PYTHON_PREFER_32_BIT': 'no', 'LOGNAME': 'cltbld', 'USER': 'cltbld', 'XPC_SERVICE_NAME': '0', 'PATH': '/usr/local/sbin:/usr/local/bin:/usr/sbin:/usr/bin:/sbin:/bin:/usr/bin/X11', 'HOME': '/Users/cltbld', 'NO_EM_RESTART': '1', 'IDLEIZER_DISABLE_SHUTDOWN': 'true', 'XPCOM_DEBUG_BREAK': 'warn', 'Apple_PubSub_Socket_Render': '/private/tmp/com.apple.launchd.MmuHTSBaPJ/Render', 'MOZ_NODE_PATH': '/usr/local/bin/node', 'TWISTD_LOG_PATH': '/builds/slave/twistd.log', 'GIT_SHARE_BASE_DIR': '/builds/git-shared', 'VERSIONER_PYTHON_VERSION': '2.7', 'XPC_FLAGS': '0x0', 'NO_FAIL_ON_TEST_ERRORS': '1', 'HG_SHARE_BASE_DIR': '/builds/hg-shared', 'RUNNER_CONFIG_CMD': '/opt/runner/bin/python2.7 /opt/runner/bin/runner -c /opt/runner/runner.cfg', 'MOZ_NO_REMOTE': '1', 'MOZ_HIDE_RESULTS_TABLE': '1', 'SSH_AUTH_SOCK': '/private/tmp/com.apple.launchd.sy8lxwzk7y/Listeners', 'SHELL': '/bin/bash', 'TMPDIR': '/var/folders/rz/w7m7229s0dx0sz__p5rcj2wh00000w/T/', '__CF_USER_TEXT_ENCODING': '0x1C:0:0', 'PWD': '/builds/slave/test', 'PROPERTIES_FILE': '/builds/slave/test/buildprops.json'}}, attempt #1
16:58:40     INFO - Running command: ['/builds/slave/test/build/venv/bin/pip', 'install', '--timeout', '120', '--no-index', '--find-links', 'http://pypi.pvt.build.mozilla.org/pub', '--find-links', 'http://pypi.pub.build.mozilla.org/pub', '--trusted-host', 'pypi.pub.build.mozilla.org', '--trusted-host', 'pypi.pvt.build.mozilla.org', 'functools32==3.2.3-2'] in /builds/slave/test/build
16:58:40     INFO - Copy/paste: /builds/slave/test/build/venv/bin/pip install --timeout 120 --no-index --find-links http://pypi.pvt.build.mozilla.org/pub --find-links http://pypi.pub.build.mozilla.org/pub --trusted-host pypi.pub.build.mozilla.org --trusted-host pypi.pvt.build.mozilla.org functools32==3.2.3-2
16:58:40     INFO - Using env: {'Apple_PubSub_Socket_Render': '/private/tmp/com.apple.launchd.MmuHTSBaPJ/Render',
16:58:40     INFO -  'GIT_SHARE_BASE_DIR': '/builds/git-shared',
16:58:40     INFO -  'HG_SHARE_BASE_DIR': '/builds/hg-shared',
16:58:40     INFO -  'HOME': '/Users/cltbld',
16:58:40     INFO -  'IDLEIZER_DISABLE_SHUTDOWN': 'true',
16:58:40     INFO -  'LOGNAME': 'cltbld',
16:58:40     INFO -  'MOZ_HIDE_RESULTS_TABLE': '1',
16:58:40     INFO -  'MOZ_NODE_PATH': '/usr/local/bin/node',
16:58:40     INFO -  'MOZ_NO_REMOTE': '1',
16:58:40     INFO -  'NO_EM_RESTART': '1',
16:58:40     INFO -  'NO_FAIL_ON_TEST_ERRORS': '1',
16:58:40     INFO -  'PATH': '/usr/local/sbin:/usr/local/bin:/usr/sbin:/usr/bin:/sbin:/bin:/usr/bin/X11',
16:58:40     INFO -  'PROPERTIES_FILE': '/builds/slave/test/buildprops.json',
16:58:40     INFO -  'PWD': '/builds/slave/test',
16:58:40     INFO -  'RUNNER_CONFIG_CMD': '/opt/runner/bin/python2.7 /opt/runner/bin/runner -c /opt/runner/runner.cfg',
16:58:40     INFO -  'SHELL': '/bin/bash',
16:58:40     INFO -  'SSH_AUTH_SOCK': '/private/tmp/com.apple.launchd.sy8lxwzk7y/Listeners',
16:58:40     INFO -  'TMPDIR': '/var/folders/rz/w7m7229s0dx0sz__p5rcj2wh00000w/T/',
16:58:40     INFO -  'TWISTD_LOG_PATH': '/builds/slave/twistd.log',
16:58:40     INFO -  'USER': 'cltbld',
16:58:40     INFO -  'VERSIONER_PYTHON_PREFER_32_BIT': 'no',
16:58:40     INFO -  'VERSIONER_PYTHON_VERSION': '2.7',
16:58:40     INFO -  'XPCOM_DEBUG_BREAK': 'warn',
16:58:40     INFO -  'XPC_FLAGS': '0x0',
16:58:40     INFO -  'XPC_SERVICE_NAME': '0',
16:58:40     INFO -  '__CF_USER_TEXT_ENCODING': '0x1C:0:0'}
16:58:41     INFO -  Ignoring indexes: https://pypi.python.org/simple
16:58:41     INFO -  Requirement already satisfied (use --upgrade to upgrade): functools32==3.2.3-2 in ./venv/lib/python2.7/site-packages
16:58:41     INFO - Return code: 0
16:58:41     INFO - Installing blobuploader==1.2.4 into virtualenv /builds/slave/test/build/venv
16:58:41     INFO - retry: Calling run_command with args: [['/builds/slave/test/build/venv/bin/pip', 'install', '--timeout', '120', '--no-index', '--find-links', 'http://pypi.pvt.build.mozilla.org/pub', '--find-links', 'http://pypi.pub.build.mozilla.org/pub', '--trusted-host', 'pypi.pub.build.mozilla.org', '--trusted-host', 'pypi.pvt.build.mozilla.org', 'blobuploader==1.2.4']], kwargs: {'error_level': 'warning', 'error_list': [{'substr': 'not found or a compiler error:', 'level': 'warning'}, {'regex': <_sre.SRE_Pattern object at 0x102d3d170>, 'level': 'error'}, {'regex': <_sre.SRE_Pattern object at 0x102ddf960>, 'level': 'warning'}, {'regex': <_sre.SRE_Pattern object at 0x7f997a532df0>, 'level': 'debug'}, {'substr': 'command not found', 'level': 'error'}, {'regex': <_sre.SRE_Pattern object at 0x102cd01d0>, 'level': 'warning'}, {'substr': 'Traceback (most recent call last)', 'level': 'error'}, {'substr': 'SyntaxError: ', 'level': 'error'}, {'substr': 'TypeError: ', 'level': 'error'}, {'substr': 'NameError: ', 'level': 'error'}, {'substr': 'ZeroDivisionError: ', 'level': 'error'}, {'regex': <_sre.SRE_Pattern object at 0x102cab108>, 'level': 'critical'}, {'regex': <_sre.SRE_Pattern object at 0x102cc5030>, 'level': 'critical'}], 'cwd': '/builds/slave/test/build', 'env': {'VERSIONER_PYTHON_PREFER_32_BIT': 'no', 'LOGNAME': 'cltbld', 'USER': 'cltbld', 'XPC_SERVICE_NAME': '0', 'PATH': '/usr/local/sbin:/usr/local/bin:/usr/sbin:/usr/bin:/sbin:/bin:/usr/bin/X11', 'HOME': '/Users/cltbld', 'NO_EM_RESTART': '1', 'IDLEIZER_DISABLE_SHUTDOWN': 'true', 'XPCOM_DEBUG_BREAK': 'warn', 'Apple_PubSub_Socket_Render': '/private/tmp/com.apple.launchd.MmuHTSBaPJ/Render', 'MOZ_NODE_PATH': '/usr/local/bin/node', 'TWISTD_LOG_PATH': '/builds/slave/twistd.log', 'GIT_SHARE_BASE_DIR': '/builds/git-shared', 'VERSIONER_PYTHON_VERSION': '2.7', 'XPC_FLAGS': '0x0', 'NO_FAIL_ON_TEST_ERRORS': '1', 'HG_SHARE_BASE_DIR': '/builds/hg-shared', 'RUNNER_CONFIG_CMD': '/opt/runner/bin/python2.7 /opt/runner/bin/runner -c /opt/runner/runner.cfg', 'MOZ_NO_REMOTE': '1', 'MOZ_HIDE_RESULTS_TABLE': '1', 'SSH_AUTH_SOCK': '/private/tmp/com.apple.launchd.sy8lxwzk7y/Listeners', 'SHELL': '/bin/bash', 'TMPDIR': '/var/folders/rz/w7m7229s0dx0sz__p5rcj2wh00000w/T/', '__CF_USER_TEXT_ENCODING': '0x1C:0:0', 'PWD': '/builds/slave/test', 'PROPERTIES_FILE': '/builds/slave/test/buildprops.json'}}, attempt #1
16:58:41     INFO - Running command: ['/builds/slave/test/build/venv/bin/pip', 'install', '--timeout', '120', '--no-index', '--find-links', 'http://pypi.pvt.build.mozilla.org/pub', '--find-links', 'http://pypi.pub.build.mozilla.org/pub', '--trusted-host', 'pypi.pub.build.mozilla.org', '--trusted-host', 'pypi.pvt.build.mozilla.org', 'blobuploader==1.2.4'] in /builds/slave/test/build
16:58:41     INFO - Copy/paste: /builds/slave/test/build/venv/bin/pip install --timeout 120 --no-index --find-links http://pypi.pvt.build.mozilla.org/pub --find-links http://pypi.pub.build.mozilla.org/pub --trusted-host pypi.pub.build.mozilla.org --trusted-host pypi.pvt.build.mozilla.org blobuploader==1.2.4
16:58:41     INFO - Using env: {'Apple_PubSub_Socket_Render': '/private/tmp/com.apple.launchd.MmuHTSBaPJ/Render',
16:58:41     INFO -  'GIT_SHARE_BASE_DIR': '/builds/git-shared',
16:58:41     INFO -  'HG_SHARE_BASE_DIR': '/builds/hg-shared',
16:58:41     INFO -  'HOME': '/Users/cltbld',
16:58:41     INFO -  'IDLEIZER_DISABLE_SHUTDOWN': 'true',
16:58:41     INFO -  'LOGNAME': 'cltbld',
16:58:41     INFO -  'MOZ_HIDE_RESULTS_TABLE': '1',
16:58:41     INFO -  'MOZ_NODE_PATH': '/usr/local/bin/node',
16:58:41     INFO -  'MOZ_NO_REMOTE': '1',
16:58:41     INFO -  'NO_EM_RESTART': '1',
16:58:41     INFO -  'NO_FAIL_ON_TEST_ERRORS': '1',
16:58:41     INFO -  'PATH': '/usr/local/sbin:/usr/local/bin:/usr/sbin:/usr/bin:/sbin:/bin:/usr/bin/X11',
16:58:41     INFO -  'PROPERTIES_FILE': '/builds/slave/test/buildprops.json',
16:58:41     INFO -  'PWD': '/builds/slave/test',
16:58:41     INFO -  'RUNNER_CONFIG_CMD': '/opt/runner/bin/python2.7 /opt/runner/bin/runner -c /opt/runner/runner.cfg',
16:58:41     INFO -  'SHELL': '/bin/bash',
16:58:41     INFO -  'SSH_AUTH_SOCK': '/private/tmp/com.apple.launchd.sy8lxwzk7y/Listeners',
16:58:41     INFO -  'TMPDIR': '/var/folders/rz/w7m7229s0dx0sz__p5rcj2wh00000w/T/',
16:58:41     INFO -  'TWISTD_LOG_PATH': '/builds/slave/twistd.log',
16:58:41     INFO -  'USER': 'cltbld',
16:58:41     INFO -  'VERSIONER_PYTHON_PREFER_32_BIT': 'no',
16:58:41     INFO -  'VERSIONER_PYTHON_VERSION': '2.7',
16:58:41     INFO -  'XPCOM_DEBUG_BREAK': 'warn',
16:58:41     INFO -  'XPC_FLAGS': '0x0',
16:58:41     INFO -  'XPC_SERVICE_NAME': '0',
16:58:41     INFO -  '__CF_USER_TEXT_ENCODING': '0x1C:0:0'}
16:58:41     INFO -  Ignoring indexes: https://pypi.python.org/simple
16:58:41     INFO -  Collecting blobuploader==1.2.4
16:58:41     INFO -  /builds/slave/test/build/venv/lib/python2.7/site-packages/pip/_vendor/requests/packages/urllib3/util/ssl_.py:318: SNIMissingWarning: An HTTPS request has been made, but the SNI (Subject Name Indication) extension to TLS is not available on this platform. This may cause the server to present an incorrect TLS certificate, which can cause validation failures. You can upgrade to a newer version of Python to solve this. For more information, see https://urllib3.readthedocs.org/en/latest/security.html#snimissingwarning.
16:58:41     INFO -    SNIMissingWarning
16:58:41     INFO -  /builds/slave/test/build/venv/lib/python2.7/site-packages/pip/_vendor/requests/packages/urllib3/util/ssl_.py:122: InsecurePlatformWarning: A true SSLContext object is not available. This prevents urllib3 from configuring SSL appropriately and may cause certain SSL connections to fail. You can upgrade to a newer version of Python to solve this. For more information, see https://urllib3.readthedocs.org/en/latest/security.html#insecureplatformwarning.
16:58:41     INFO -    InsecurePlatformWarning
16:58:42     INFO -  /builds/slave/test/build/venv/lib/python2.7/site-packages/pip/_vendor/requests/packages/urllib3/util/ssl_.py:122: InsecurePlatformWarning: A true SSLContext object is not available. This prevents urllib3 from configuring SSL appropriately and may cause certain SSL connections to fail. You can upgrade to a newer version of Python to solve this. For more information, see https://urllib3.readthedocs.org/en/latest/security.html#insecureplatformwarning.
16:58:42     INFO -    InsecurePlatformWarning
16:58:44     INFO -  Collecting docopt==0.6.1 (from blobuploader==1.2.4)
16:58:46     INFO -  Collecting requests==1.2.3. (from blobuploader==1.2.4)
16:58:49     INFO -  Installing collected packages: docopt, requests, blobuploader
16:58:49     INFO -  Successfully installed blobuploader-1.2.4 docopt-0.6.1 requests-1.2.3
16:58:50     INFO - Return code: 0
16:58:50     INFO - Installing None into virtualenv /builds/slave/test/build/venv
16:58:50     INFO - retry: Calling run_command with args: [['/builds/slave/test/build/venv/bin/pip', 'install', '--no-deps', '--timeout', '120', '-r', '/builds/slave/test/build/tests/config/mozbase_requirements.txt', '--no-index', '--find-links', 'http://pypi.pvt.build.mozilla.org/pub', '--find-links', 'http://pypi.pub.build.mozilla.org/pub', '--trusted-host', 'pypi.pub.build.mozilla.org', '--trusted-host', 'pypi.pvt.build.mozilla.org']], kwargs: {'error_level': 'warning', 'error_list': [{'substr': 'not found or a compiler error:', 'level': 'warning'}, {'regex': <_sre.SRE_Pattern object at 0x102d3d170>, 'level': 'error'}, {'regex': <_sre.SRE_Pattern object at 0x102ddf960>, 'level': 'warning'}, {'regex': <_sre.SRE_Pattern object at 0x7f997a532df0>, 'level': 'debug'}, {'substr': 'command not found', 'level': 'error'}, {'regex': <_sre.SRE_Pattern object at 0x102cd01d0>, 'level': 'warning'}, {'substr': 'Traceback (most recent call last)', 'level': 'error'}, {'substr': 'SyntaxError: ', 'level': 'error'}, {'substr': 'TypeError: ', 'level': 'error'}, {'substr': 'NameError: ', 'level': 'error'}, {'substr': 'ZeroDivisionError: ', 'level': 'error'}, {'regex': <_sre.SRE_Pattern object at 0x102cab108>, 'level': 'critical'}, {'regex': <_sre.SRE_Pattern object at 0x102cc5030>, 'level': 'critical'}], 'cwd': '/builds/slave/test/build/tests/config', 'env': {'VERSIONER_PYTHON_PREFER_32_BIT': 'no', 'LOGNAME': 'cltbld', 'USER': 'cltbld', 'XPC_SERVICE_NAME': '0', 'PATH': '/usr/local/sbin:/usr/local/bin:/usr/sbin:/usr/bin:/sbin:/bin:/usr/bin/X11', 'HOME': '/Users/cltbld', 'NO_EM_RESTART': '1', 'IDLEIZER_DISABLE_SHUTDOWN': 'true', 'XPCOM_DEBUG_BREAK': 'warn', 'Apple_PubSub_Socket_Render': '/private/tmp/com.apple.launchd.MmuHTSBaPJ/Render', 'MOZ_NODE_PATH': '/usr/local/bin/node', 'TWISTD_LOG_PATH': '/builds/slave/twistd.log', 'GIT_SHARE_BASE_DIR': '/builds/git-shared', 'VERSIONER_PYTHON_VERSION': '2.7', 'XPC_FLAGS': '0x0', 'NO_FAIL_ON_TEST_ERRORS': '1', 'HG_SHARE_BASE_DIR': '/builds/hg-shared', 'RUNNER_CONFIG_CMD': '/opt/runner/bin/python2.7 /opt/runner/bin/runner -c /opt/runner/runner.cfg', 'MOZ_NO_REMOTE': '1', 'MOZ_HIDE_RESULTS_TABLE': '1', 'SSH_AUTH_SOCK': '/private/tmp/com.apple.launchd.sy8lxwzk7y/Listeners', 'SHELL': '/bin/bash', 'TMPDIR': '/var/folders/rz/w7m7229s0dx0sz__p5rcj2wh00000w/T/', '__CF_USER_TEXT_ENCODING': '0x1C:0:0', 'PWD': '/builds/slave/test', 'PROPERTIES_FILE': '/builds/slave/test/buildprops.json'}}, attempt #1
16:58:50     INFO - Running command: ['/builds/slave/test/build/venv/bin/pip', 'install', '--no-deps', '--timeout', '120', '-r', '/builds/slave/test/build/tests/config/mozbase_requirements.txt', '--no-index', '--find-links', 'http://pypi.pvt.build.mozilla.org/pub', '--find-links', 'http://pypi.pub.build.mozilla.org/pub', '--trusted-host', 'pypi.pub.build.mozilla.org', '--trusted-host', 'pypi.pvt.build.mozilla.org'] in /builds/slave/test/build/tests/config
16:58:50     INFO - Copy/paste: /builds/slave/test/build/venv/bin/pip install --no-deps --timeout 120 -r /builds/slave/test/build/tests/config/mozbase_requirements.txt --no-index --find-links http://pypi.pvt.build.mozilla.org/pub --find-links http://pypi.pub.build.mozilla.org/pub --trusted-host pypi.pub.build.mozilla.org --trusted-host pypi.pvt.build.mozilla.org
16:58:50     INFO - Using env: {'Apple_PubSub_Socket_Render': '/private/tmp/com.apple.launchd.MmuHTSBaPJ/Render',
16:58:50     INFO -  'GIT_SHARE_BASE_DIR': '/builds/git-shared',
16:58:50     INFO -  'HG_SHARE_BASE_DIR': '/builds/hg-shared',
16:58:50     INFO -  'HOME': '/Users/cltbld',
16:58:50     INFO -  'IDLEIZER_DISABLE_SHUTDOWN': 'true',
16:58:50     INFO -  'LOGNAME': 'cltbld',
16:58:50     INFO -  'MOZ_HIDE_RESULTS_TABLE': '1',
16:58:50     INFO -  'MOZ_NODE_PATH': '/usr/local/bin/node',
16:58:50     INFO -  'MOZ_NO_REMOTE': '1',
16:58:50     INFO -  'NO_EM_RESTART': '1',
16:58:50     INFO -  'NO_FAIL_ON_TEST_ERRORS': '1',
16:58:50     INFO -  'PATH': '/usr/local/sbin:/usr/local/bin:/usr/sbin:/usr/bin:/sbin:/bin:/usr/bin/X11',
16:58:50     INFO -  'PROPERTIES_FILE': '/builds/slave/test/buildprops.json',
16:58:50     INFO -  'PWD': '/builds/slave/test',
16:58:50     INFO -  'RUNNER_CONFIG_CMD': '/opt/runner/bin/python2.7 /opt/runner/bin/runner -c /opt/runner/runner.cfg',
16:58:50     INFO -  'SHELL': '/bin/bash',
16:58:50     INFO -  'SSH_AUTH_SOCK': '/private/tmp/com.apple.launchd.sy8lxwzk7y/Listeners',
16:58:50     INFO -  'TMPDIR': '/var/folders/rz/w7m7229s0dx0sz__p5rcj2wh00000w/T/',
16:58:50     INFO -  'TWISTD_LOG_PATH': '/builds/slave/twistd.log',
16:58:50     INFO -  'USER': 'cltbld',
16:58:50     INFO -  'VERSIONER_PYTHON_PREFER_32_BIT': 'no',
16:58:50     INFO -  'VERSIONER_PYTHON_VERSION': '2.7',
16:58:50     INFO -  'XPCOM_DEBUG_BREAK': 'warn',
16:58:50     INFO -  'XPC_FLAGS': '0x0',
16:58:50     INFO -  'XPC_SERVICE_NAME': '0',
16:58:50     INFO -  '__CF_USER_TEXT_ENCODING': '0x1C:0:0'}
16:58:50     INFO -  Ignoring indexes: https://pypi.python.org/simple
16:58:50     INFO -  Processing /builds/slave/test/build/tests/mozbase/manifestparser
16:58:50     INFO -  Processing /builds/slave/test/build/tests/mozbase/mozcrash
16:58:50     INFO -  Processing /builds/slave/test/build/tests/mozbase/mozdebug
16:58:51     INFO -  Processing /builds/slave/test/build/tests/mozbase/mozdevice
16:58:51     INFO -  Processing /builds/slave/test/build/tests/mozbase/mozfile
16:58:51     INFO -  Processing /builds/slave/test/build/tests/mozbase/mozhttpd
16:58:51     INFO -  Processing /builds/slave/test/build/tests/mozbase/mozinfo
16:58:52     INFO -  Processing /builds/slave/test/build/tests/mozbase/mozinstall
16:58:52     INFO -  Processing /builds/slave/test/build/tests/mozbase/mozleak
16:58:52     INFO -  Processing /builds/slave/test/build/tests/mozbase/mozlog
16:58:52     INFO -  Processing /builds/slave/test/build/tests/mozbase/moznetwork
16:58:53     INFO -  Processing /builds/slave/test/build/tests/mozbase/mozprocess
16:58:53     INFO -  Processing /builds/slave/test/build/tests/mozbase/mozprofile
16:58:53     INFO -  Processing /builds/slave/test/build/tests/mozbase/mozrunner
16:58:53     INFO -  Processing /builds/slave/test/build/tests/mozbase/mozscreenshot
16:58:54     INFO -  Processing /builds/slave/test/build/tests/mozbase/moztest
16:58:54     INFO -  Processing /builds/slave/test/build/tests/mozbase/mozversion
16:58:54     INFO -  Installing collected packages: manifestparser, mozcrash, mozdebug, mozdevice, mozfile, mozhttpd, mozinfo, mozInstall, mozleak, mozlog, moznetwork, mozprocess, mozprofile, mozrunner, mozscreenshot, moztest, mozversion
16:58:54     INFO -    Running setup.py install for manifestparser: started
16:58:54     INFO -      Running setup.py install for manifestparser: finished with status 'done'
16:58:54     INFO -    Running setup.py install for mozcrash: started
16:58:55     INFO -      Running setup.py install for mozcrash: finished with status 'done'
16:58:55     INFO -    Running setup.py install for mozdebug: started
16:58:55     INFO -      Running setup.py install for mozdebug: finished with status 'done'
16:58:55     INFO -    Running setup.py install for mozdevice: started
16:58:55     INFO -      Running setup.py install for mozdevice: finished with status 'done'
16:58:55     INFO -    Running setup.py install for mozfile: started
16:58:55     INFO -      Running setup.py install for mozfile: finished with status 'done'
16:58:55     INFO -    Running setup.py install for mozhttpd: started
16:58:56     INFO -      Running setup.py install for mozhttpd: finished with status 'done'
16:58:56     INFO -    Running setup.py install for mozinfo: started
16:58:56     INFO -      Running setup.py install for mozinfo: finished with status 'done'
16:58:56     INFO -    Running setup.py install for mozInstall: started
16:58:56     INFO -      Running setup.py install for mozInstall: finished with status 'done'
16:58:56     INFO -    Running setup.py install for mozleak: started
16:58:56     INFO -      Running setup.py install for mozleak: finished with status 'done'
16:58:56     INFO -    Running setup.py install for mozlog: started
16:58:57     INFO -      Running setup.py install for mozlog: finished with status 'done'
16:58:57     INFO -    Running setup.py install for moznetwork: started
16:58:57     INFO -      Running setup.py install for moznetwork: finished with status 'done'
16:58:57     INFO -    Running setup.py install for mozprocess: started
16:58:57     INFO -      Running setup.py install for mozprocess: finished with status 'done'
16:58:57     INFO -    Running setup.py install for mozprofile: started
16:58:58     INFO -      Running setup.py install for mozprofile: finished with status 'done'
16:58:58     INFO -    Running setup.py install for mozrunner: started
16:58:58     INFO -      Running setup.py install for mozrunner: finished with status 'done'
16:58:58     INFO -    Running setup.py install for mozscreenshot: started
16:58:58     INFO -      Running setup.py install for mozscreenshot: finished with status 'done'
16:58:58     INFO -    Running setup.py install for moztest: started
16:58:59     INFO -      Running setup.py install for moztest: finished with status 'done'
16:58:59     INFO -    Running setup.py install for mozversion: started
16:58:59     INFO -      Running setup.py install for mozversion: finished with status 'done'
16:58:59     INFO -  Successfully installed manifestparser-1.1 mozInstall-1.12 mozcrash-1.0 mozdebug-0.1 mozdevice-0.48 mozfile-1.2 mozhttpd-0.7 mozinfo-0.9 mozleak-0.1 mozlog-3.4 moznetwork-0.27 mozprocess-0.23 mozprofile-0.28 mozrunner-6.13 mozscreenshot-0.1 moztest-0.8 mozversion-1.4
16:58:59     INFO - Return code: 0
16:58:59     INFO - Installing None into virtualenv /builds/slave/test/build/venv
16:59:00     INFO - retry: Calling run_command with args: [['/builds/slave/test/build/venv/bin/pip', 'install', '--timeout', '120', '-r', '/builds/slave/test/build/tests/config/mozbase_requirements.txt', '--no-index', '--find-links', 'http://pypi.pvt.build.mozilla.org/pub', '--find-links', 'http://pypi.pub.build.mozilla.org/pub', '--trusted-host', 'pypi.pub.build.mozilla.org', '--trusted-host', 'pypi.pvt.build.mozilla.org']], kwargs: {'error_level': 'warning', 'error_list': [{'substr': 'not found or a compiler error:', 'level': 'warning'}, {'regex': <_sre.SRE_Pattern object at 0x102d3d170>, 'level': 'error'}, {'regex': <_sre.SRE_Pattern object at 0x102ddf960>, 'level': 'warning'}, {'regex': <_sre.SRE_Pattern object at 0x7f997a532df0>, 'level': 'debug'}, {'substr': 'command not found', 'level': 'error'}, {'regex': <_sre.SRE_Pattern object at 0x102cd01d0>, 'level': 'warning'}, {'substr': 'Traceback (most recent call last)', 'level': 'error'}, {'substr': 'SyntaxError: ', 'level': 'error'}, {'substr': 'TypeError: ', 'level': 'error'}, {'substr': 'NameError: ', 'level': 'error'}, {'substr': 'ZeroDivisionError: ', 'level': 'error'}, {'regex': <_sre.SRE_Pattern object at 0x102cab108>, 'level': 'critical'}, {'regex': <_sre.SRE_Pattern object at 0x102cc5030>, 'level': 'critical'}], 'cwd': '/builds/slave/test/build/tests/config', 'env': {'VERSIONER_PYTHON_PREFER_32_BIT': 'no', 'LOGNAME': 'cltbld', 'USER': 'cltbld', 'XPC_SERVICE_NAME': '0', 'PATH': '/usr/local/sbin:/usr/local/bin:/usr/sbin:/usr/bin:/sbin:/bin:/usr/bin/X11', 'HOME': '/Users/cltbld', 'NO_EM_RESTART': '1', 'IDLEIZER_DISABLE_SHUTDOWN': 'true', 'XPCOM_DEBUG_BREAK': 'warn', 'Apple_PubSub_Socket_Render': '/private/tmp/com.apple.launchd.MmuHTSBaPJ/Render', 'MOZ_NODE_PATH': '/usr/local/bin/node', 'TWISTD_LOG_PATH': '/builds/slave/twistd.log', 'GIT_SHARE_BASE_DIR': '/builds/git-shared', 'VERSIONER_PYTHON_VERSION': '2.7', 'XPC_FLAGS': '0x0', 'NO_FAIL_ON_TEST_ERRORS': '1', 'HG_SHARE_BASE_DIR': '/builds/hg-shared', 'RUNNER_CONFIG_CMD': '/opt/runner/bin/python2.7 /opt/runner/bin/runner -c /opt/runner/runner.cfg', 'MOZ_NO_REMOTE': '1', 'MOZ_HIDE_RESULTS_TABLE': '1', 'SSH_AUTH_SOCK': '/private/tmp/com.apple.launchd.sy8lxwzk7y/Listeners', 'SHELL': '/bin/bash', 'TMPDIR': '/var/folders/rz/w7m7229s0dx0sz__p5rcj2wh00000w/T/', '__CF_USER_TEXT_ENCODING': '0x1C:0:0', 'PWD': '/builds/slave/test', 'PROPERTIES_FILE': '/builds/slave/test/buildprops.json'}}, attempt #1
16:59:00     INFO - Running command: ['/builds/slave/test/build/venv/bin/pip', 'install', '--timeout', '120', '-r', '/builds/slave/test/build/tests/config/mozbase_requirements.txt', '--no-index', '--find-links', 'http://pypi.pvt.build.mozilla.org/pub', '--find-links', 'http://pypi.pub.build.mozilla.org/pub', '--trusted-host', 'pypi.pub.build.mozilla.org', '--trusted-host', 'pypi.pvt.build.mozilla.org'] in /builds/slave/test/build/tests/config
16:59:00     INFO - Copy/paste: /builds/slave/test/build/venv/bin/pip install --timeout 120 -r /builds/slave/test/build/tests/config/mozbase_requirements.txt --no-index --find-links http://pypi.pvt.build.mozilla.org/pub --find-links http://pypi.pub.build.mozilla.org/pub --trusted-host pypi.pub.build.mozilla.org --trusted-host pypi.pvt.build.mozilla.org
16:59:00     INFO - Using env: {'Apple_PubSub_Socket_Render': '/private/tmp/com.apple.launchd.MmuHTSBaPJ/Render',
16:59:00     INFO -  'GIT_SHARE_BASE_DIR': '/builds/git-shared',
16:59:00     INFO -  'HG_SHARE_BASE_DIR': '/builds/hg-shared',
16:59:00     INFO -  'HOME': '/Users/cltbld',
16:59:00     INFO -  'IDLEIZER_DISABLE_SHUTDOWN': 'true',
16:59:00     INFO -  'LOGNAME': 'cltbld',
16:59:00     INFO -  'MOZ_HIDE_RESULTS_TABLE': '1',
16:59:00     INFO -  'MOZ_NODE_PATH': '/usr/local/bin/node',
16:59:00     INFO -  'MOZ_NO_REMOTE': '1',
16:59:00     INFO -  'NO_EM_RESTART': '1',
16:59:00     INFO -  'NO_FAIL_ON_TEST_ERRORS': '1',
16:59:00     INFO -  'PATH': '/usr/local/sbin:/usr/local/bin:/usr/sbin:/usr/bin:/sbin:/bin:/usr/bin/X11',
16:59:00     INFO -  'PROPERTIES_FILE': '/builds/slave/test/buildprops.json',
16:59:00     INFO -  'PWD': '/builds/slave/test',
16:59:00     INFO -  'RUNNER_CONFIG_CMD': '/opt/runner/bin/python2.7 /opt/runner/bin/runner -c /opt/runner/runner.cfg',
16:59:00     INFO -  'SHELL': '/bin/bash',
16:59:00     INFO -  'SSH_AUTH_SOCK': '/private/tmp/com.apple.launchd.sy8lxwzk7y/Listeners',
16:59:00     INFO -  'TMPDIR': '/var/folders/rz/w7m7229s0dx0sz__p5rcj2wh00000w/T/',
16:59:00     INFO -  'TWISTD_LOG_PATH': '/builds/slave/twistd.log',
16:59:00     INFO -  'USER': 'cltbld',
16:59:00     INFO -  'VERSIONER_PYTHON_PREFER_32_BIT': 'no',
16:59:00     INFO -  'VERSIONER_PYTHON_VERSION': '2.7',
16:59:00     INFO -  'XPCOM_DEBUG_BREAK': 'warn',
16:59:00     INFO -  'XPC_FLAGS': '0x0',
16:59:00     INFO -  'XPC_SERVICE_NAME': '0',
16:59:00     INFO -  '__CF_USER_TEXT_ENCODING': '0x1C:0:0'}
16:59:00     INFO -  Ignoring indexes: https://pypi.python.org/simple
16:59:00     INFO -  Processing /builds/slave/test/build/tests/mozbase/manifestparser
16:59:00     INFO -    Requirement already satisfied (use --upgrade to upgrade): manifestparser==1.1 from file:///builds/slave/test/build/tests/mozbase/manifestparser in /builds/slave/test/build/venv/lib/python2.7/site-packages (from -r /builds/slave/test/build/tests/config/mozbase_requirements.txt (line 1))
16:59:00     INFO -  Processing /builds/slave/test/build/tests/mozbase/mozcrash
16:59:01     INFO -    Requirement already satisfied (use --upgrade to upgrade): mozcrash==1.0 from file:///builds/slave/test/build/tests/mozbase/mozcrash in /builds/slave/test/build/venv/lib/python2.7/site-packages (from -r /builds/slave/test/build/tests/config/mozbase_requirements.txt (line 2))
16:59:01     INFO -  Processing /builds/slave/test/build/tests/mozbase/mozdebug
16:59:01     INFO -    Requirement already satisfied (use --upgrade to upgrade): mozdebug==0.1 from file:///builds/slave/test/build/tests/mozbase/mozdebug in /builds/slave/test/build/venv/lib/python2.7/site-packages (from -r /builds/slave/test/build/tests/config/mozbase_requirements.txt (line 3))
16:59:01     INFO -  Processing /builds/slave/test/build/tests/mozbase/mozdevice
16:59:01     INFO -    Requirement already satisfied (use --upgrade to upgrade): mozdevice==0.48 from file:///builds/slave/test/build/tests/mozbase/mozdevice in /builds/slave/test/build/venv/lib/python2.7/site-packages (from -r /builds/slave/test/build/tests/config/mozbase_requirements.txt (line 4))
16:59:01     INFO -  Processing /builds/slave/test/build/tests/mozbase/mozfile
16:59:01     INFO -    Requirement already satisfied (use --upgrade to upgrade): mozfile==1.2 from file:///builds/slave/test/build/tests/mozbase/mozfile in /builds/slave/test/build/venv/lib/python2.7/site-packages (from -r /builds/slave/test/build/tests/config/mozbase_requirements.txt (line 5))
16:59:01     INFO -  Processing /builds/slave/test/build/tests/mozbase/mozhttpd
16:59:02     INFO -    Requirement already satisfied (use --upgrade to upgrade): mozhttpd==0.7 from file:///builds/slave/test/build/tests/mozbase/mozhttpd in /builds/slave/test/build/venv/lib/python2.7/site-packages (from -r /builds/slave/test/build/tests/config/mozbase_requirements.txt (line 6))
16:59:02     INFO -  Processing /builds/slave/test/build/tests/mozbase/mozinfo
16:59:02     INFO -    Requirement already satisfied (use --upgrade to upgrade): mozinfo==0.9 from file:///builds/slave/test/build/tests/mozbase/mozinfo in /builds/slave/test/build/venv/lib/python2.7/site-packages (from -r /builds/slave/test/build/tests/config/mozbase_requirements.txt (line 7))
16:59:02     INFO -  Processing /builds/slave/test/build/tests/mozbase/mozinstall
16:59:02     INFO -    Requirement already satisfied (use --upgrade to upgrade): mozInstall==1.12 from file:///builds/slave/test/build/tests/mozbase/mozinstall in /builds/slave/test/build/venv/lib/python2.7/site-packages (from -r /builds/slave/test/build/tests/config/mozbase_requirements.txt (line 8))
16:59:02     INFO -  Processing /builds/slave/test/build/tests/mozbase/mozleak
16:59:02     INFO -    Requirement already satisfied (use --upgrade to upgrade): mozleak==0.1 from file:///builds/slave/test/build/tests/mozbase/mozleak in /builds/slave/test/build/venv/lib/python2.7/site-packages (from -r /builds/slave/test/build/tests/config/mozbase_requirements.txt (line 9))
16:59:02     INFO -  Processing /builds/slave/test/build/tests/mozbase/mozlog
16:59:03     INFO -    Requirement already satisfied (use --upgrade to upgrade): mozlog==3.4 from file:///builds/slave/test/build/tests/mozbase/mozlog in /builds/slave/test/build/venv/lib/python2.7/site-packages (from -r /builds/slave/test/build/tests/config/mozbase_requirements.txt (line 10))
16:59:03     INFO -  Processing /builds/slave/test/build/tests/mozbase/moznetwork
16:59:03     INFO -    Requirement already satisfied (use --upgrade to upgrade): moznetwork==0.27 from file:///builds/slave/test/build/tests/mozbase/moznetwork in /builds/slave/test/build/venv/lib/python2.7/site-packages (from -r /builds/slave/test/build/tests/config/mozbase_requirements.txt (line 11))
16:59:03     INFO -  Processing /builds/slave/test/build/tests/mozbase/mozprocess
16:59:03     INFO -    Requirement already satisfied (use --upgrade to upgrade): mozprocess==0.23 from file:///builds/slave/test/build/tests/mozbase/mozprocess in /builds/slave/test/build/venv/lib/python2.7/site-packages (from -r /builds/slave/test/build/tests/config/mozbase_requirements.txt (line 12))
16:59:03     INFO -  Processing /builds/slave/test/build/tests/mozbase/mozprofile
16:59:03     INFO -    Requirement already satisfied (use --upgrade to upgrade): mozprofile==0.28 from file:///builds/slave/test/build/tests/mozbase/mozprofile in /builds/slave/test/build/venv/lib/python2.7/site-packages (from -r /builds/slave/test/build/tests/config/mozbase_requirements.txt (line 13))
16:59:03     INFO -  Processing /builds/slave/test/build/tests/mozbase/mozrunner
16:59:04     INFO -    Requirement already satisfied (use --upgrade to upgrade): mozrunner==6.13 from file:///builds/slave/test/build/tests/mozbase/mozrunner in /builds/slave/test/build/venv/lib/python2.7/site-packages (from -r /builds/slave/test/build/tests/config/mozbase_requirements.txt (line 14))
16:59:04     INFO -  Processing /builds/slave/test/build/tests/mozbase/mozscreenshot
16:59:04     INFO -    Requirement already satisfied (use --upgrade to upgrade): mozscreenshot==0.1 from file:///builds/slave/test/build/tests/mozbase/mozscreenshot in /builds/slave/test/build/venv/lib/python2.7/site-packages (from -r /builds/slave/test/build/tests/config/mozbase_requirements.txt (line 15))
16:59:04     INFO -  Processing /builds/slave/test/build/tests/mozbase/moztest
16:59:04     INFO -    Requirement already satisfied (use --upgrade to upgrade): moztest==0.8 from file:///builds/slave/test/build/tests/mozbase/moztest in /builds/slave/test/build/venv/lib/python2.7/site-packages (from -r /builds/slave/test/build/tests/config/mozbase_requirements.txt (line 16))
16:59:04     INFO -  Processing /builds/slave/test/build/tests/mozbase/mozversion
16:59:04     INFO -    Requirement already satisfied (use --upgrade to upgrade): mozversion==1.4 from file:///builds/slave/test/build/tests/mozbase/mozversion in /builds/slave/test/build/venv/lib/python2.7/site-packages (from -r /builds/slave/test/build/tests/config/mozbase_requirements.txt (line 17))
16:59:04     INFO -  Requirement already satisfied (use --upgrade to upgrade): mozfile>=1.0 in /builds/slave/test/build/venv/lib/python2.7/site-packages (from mozcrash==1.0->-r /builds/slave/test/build/tests/config/mozbase_requirements.txt (line 2))
16:59:04     INFO -  Requirement already satisfied (use --upgrade to upgrade): mozlog>=3.0 in /builds/slave/test/build/venv/lib/python2.7/site-packages (from mozcrash==1.0->-r /builds/slave/test/build/tests/config/mozbase_requirements.txt (line 2))
16:59:04     INFO -  Requirement already satisfied (use --upgrade to upgrade): mozinfo in /builds/slave/test/build/venv/lib/python2.7/site-packages (from mozdebug==0.1->-r /builds/slave/test/build/tests/config/mozbase_requirements.txt (line 3))
16:59:04     INFO -  Requirement already satisfied (use --upgrade to upgrade): moznetwork>=0.24 in /builds/slave/test/build/venv/lib/python2.7/site-packages (from mozdevice==0.48->-r /builds/slave/test/build/tests/config/mozbase_requirements.txt (line 4))
16:59:04     INFO -  Requirement already satisfied (use --upgrade to upgrade): mozprocess>=0.19 in /builds/slave/test/build/venv/lib/python2.7/site-packages (from mozdevice==0.48->-r /builds/slave/test/build/tests/config/mozbase_requirements.txt (line 4))
16:59:04     INFO -  Collecting blessings>=1.3 (from mozlog==3.4->-r /builds/slave/test/build/tests/config/mozbase_requirements.txt (line 10))
16:59:05     INFO -  /builds/slave/test/build/venv/lib/python2.7/site-packages/pip/_vendor/requests/packages/urllib3/util/ssl_.py:318: SNIMissingWarning: An HTTPS request has been made, but the SNI (Subject Name Indication) extension to TLS is not available on this platform. This may cause the server to present an incorrect TLS certificate, which can cause validation failures. You can upgrade to a newer version of Python to solve this. For more information, see https://urllib3.readthedocs.org/en/latest/security.html#snimissingwarning.
16:59:05     INFO -    SNIMissingWarning
16:59:05     INFO -  /builds/slave/test/build/venv/lib/python2.7/site-packages/pip/_vendor/requests/packages/urllib3/util/ssl_.py:122: InsecurePlatformWarning: A true SSLContext object is not available. This prevents urllib3 from configuring SSL appropriately and may cause certain SSL connections to fail. You can upgrade to a newer version of Python to solve this. For more information, see https://urllib3.readthedocs.org/en/latest/security.html#insecureplatformwarning.
16:59:05     INFO -    InsecurePlatformWarning
16:59:05     INFO -  /builds/slave/test/build/venv/lib/python2.7/site-packages/pip/_vendor/requests/packages/urllib3/util/ssl_.py:122: InsecurePlatformWarning: A true SSLContext object is not available. This prevents urllib3 from configuring SSL appropriately and may cause certain SSL connections to fail. You can upgrade to a newer version of Python to solve this. For more information, see https://urllib3.readthedocs.org/en/latest/security.html#insecureplatformwarning.
16:59:05     INFO -    InsecurePlatformWarning
16:59:07     INFO -  Installing collected packages: blessings
16:59:08     INFO -  Successfully installed blessings-1.6
16:59:08     INFO - Return code: 0
16:59:08     INFO - Installing pip>=1.5 into virtualenv /builds/slave/test/build/venv
16:59:08     INFO - retry: Calling run_command with args: [['/builds/slave/test/build/venv/bin/pip', 'install', '--timeout', '120', '--no-index', '--find-links', 'http://pypi.pvt.build.mozilla.org/pub', '--find-links', 'http://pypi.pub.build.mozilla.org/pub', '--trusted-host', 'pypi.pub.build.mozilla.org', '--trusted-host', 'pypi.pvt.build.mozilla.org', 'pip>=1.5']], kwargs: {'error_level': 'warning', 'error_list': [{'substr': 'not found or a compiler error:', 'level': 'warning'}, {'regex': <_sre.SRE_Pattern object at 0x102d3d170>, 'level': 'error'}, {'regex': <_sre.SRE_Pattern object at 0x102ddf960>, 'level': 'warning'}, {'regex': <_sre.SRE_Pattern object at 0x7f997a532df0>, 'level': 'debug'}, {'substr': 'command not found', 'level': 'error'}, {'regex': <_sre.SRE_Pattern object at 0x102cd01d0>, 'level': 'warning'}, {'substr': 'Traceback (most recent call last)', 'level': 'error'}, {'substr': 'SyntaxError: ', 'level': 'error'}, {'substr': 'TypeError: ', 'level': 'error'}, {'substr': 'NameError: ', 'level': 'error'}, {'substr': 'ZeroDivisionError: ', 'level': 'error'}, {'regex': <_sre.SRE_Pattern object at 0x102cab108>, 'level': 'critical'}, {'regex': <_sre.SRE_Pattern object at 0x102cc5030>, 'level': 'critical'}], 'cwd': '/builds/slave/test/build', 'env': {'VERSIONER_PYTHON_PREFER_32_BIT': 'no', 'LOGNAME': 'cltbld', 'USER': 'cltbld', 'XPC_SERVICE_NAME': '0', 'PATH': '/usr/local/sbin:/usr/local/bin:/usr/sbin:/usr/bin:/sbin:/bin:/usr/bin/X11', 'HOME': '/Users/cltbld', 'NO_EM_RESTART': '1', 'IDLEIZER_DISABLE_SHUTDOWN': 'true', 'XPCOM_DEBUG_BREAK': 'warn', 'Apple_PubSub_Socket_Render': '/private/tmp/com.apple.launchd.MmuHTSBaPJ/Render', 'MOZ_NODE_PATH': '/usr/local/bin/node', 'TWISTD_LOG_PATH': '/builds/slave/twistd.log', 'GIT_SHARE_BASE_DIR': '/builds/git-shared', 'VERSIONER_PYTHON_VERSION': '2.7', 'XPC_FLAGS': '0x0', 'NO_FAIL_ON_TEST_ERRORS': '1', 'HG_SHARE_BASE_DIR': '/builds/hg-shared', 'RUNNER_CONFIG_CMD': '/opt/runner/bin/python2.7 /opt/runner/bin/runner -c /opt/runner/runner.cfg', 'MOZ_NO_REMOTE': '1', 'MOZ_HIDE_RESULTS_TABLE': '1', 'SSH_AUTH_SOCK': '/private/tmp/com.apple.launchd.sy8lxwzk7y/Listeners', 'SHELL': '/bin/bash', 'TMPDIR': '/var/folders/rz/w7m7229s0dx0sz__p5rcj2wh00000w/T/', '__CF_USER_TEXT_ENCODING': '0x1C:0:0', 'PWD': '/builds/slave/test', 'PROPERTIES_FILE': '/builds/slave/test/buildprops.json'}}, attempt #1
16:59:08     INFO - Running command: ['/builds/slave/test/build/venv/bin/pip', 'install', '--timeout', '120', '--no-index', '--find-links', 'http://pypi.pvt.build.mozilla.org/pub', '--find-links', 'http://pypi.pub.build.mozilla.org/pub', '--trusted-host', 'pypi.pub.build.mozilla.org', '--trusted-host', 'pypi.pvt.build.mozilla.org', 'pip>=1.5'] in /builds/slave/test/build
16:59:08     INFO - Copy/paste: /builds/slave/test/build/venv/bin/pip install --timeout 120 --no-index --find-links http://pypi.pvt.build.mozilla.org/pub --find-links http://pypi.pub.build.mozilla.org/pub --trusted-host pypi.pub.build.mozilla.org --trusted-host pypi.pvt.build.mozilla.org pip>=1.5
16:59:08     INFO - Using env: {'Apple_PubSub_Socket_Render': '/private/tmp/com.apple.launchd.MmuHTSBaPJ/Render',
16:59:08     INFO -  'GIT_SHARE_BASE_DIR': '/builds/git-shared',
16:59:08     INFO -  'HG_SHARE_BASE_DIR': '/builds/hg-shared',
16:59:08     INFO -  'HOME': '/Users/cltbld',
16:59:08     INFO -  'IDLEIZER_DISABLE_SHUTDOWN': 'true',
16:59:08     INFO -  'LOGNAME': 'cltbld',
16:59:08     INFO -  'MOZ_HIDE_RESULTS_TABLE': '1',
16:59:08     INFO -  'MOZ_NODE_PATH': '/usr/local/bin/node',
16:59:08     INFO -  'MOZ_NO_REMOTE': '1',
16:59:08     INFO -  'NO_EM_RESTART': '1',
16:59:08     INFO -  'NO_FAIL_ON_TEST_ERRORS': '1',
16:59:08     INFO -  'PATH': '/usr/local/sbin:/usr/local/bin:/usr/sbin:/usr/bin:/sbin:/bin:/usr/bin/X11',
16:59:08     INFO -  'PROPERTIES_FILE': '/builds/slave/test/buildprops.json',
16:59:08     INFO -  'PWD': '/builds/slave/test',
16:59:08     INFO -  'RUNNER_CONFIG_CMD': '/opt/runner/bin/python2.7 /opt/runner/bin/runner -c /opt/runner/runner.cfg',
16:59:08     INFO -  'SHELL': '/bin/bash',
16:59:08     INFO -  'SSH_AUTH_SOCK': '/private/tmp/com.apple.launchd.sy8lxwzk7y/Listeners',
16:59:08     INFO -  'TMPDIR': '/var/folders/rz/w7m7229s0dx0sz__p5rcj2wh00000w/T/',
16:59:08     INFO -  'TWISTD_LOG_PATH': '/builds/slave/twistd.log',
16:59:08     INFO -  'USER': 'cltbld',
16:59:08     INFO -  'VERSIONER_PYTHON_PREFER_32_BIT': 'no',
16:59:08     INFO -  'VERSIONER_PYTHON_VERSION': '2.7',
16:59:08     INFO -  'XPCOM_DEBUG_BREAK': 'warn',
16:59:08     INFO -  'XPC_FLAGS': '0x0',
16:59:08     INFO -  'XPC_SERVICE_NAME': '0',
16:59:08     INFO -  '__CF_USER_TEXT_ENCODING': '0x1C:0:0'}
16:59:08     INFO -  Ignoring indexes: https://pypi.python.org/simple
16:59:08     INFO -  Requirement already satisfied (use --upgrade to upgrade): pip>=1.5 in ./venv/lib/python2.7/site-packages
16:59:08     INFO - Return code: 0
16:59:08     INFO - Installing psutil==3.1.1 into virtualenv /builds/slave/test/build/venv
16:59:08     INFO - retry: Calling run_command with args: [['/builds/slave/test/build/venv/bin/pip', 'install', '--timeout', '120', '--no-index', '--find-links', 'http://pypi.pvt.build.mozilla.org/pub', '--find-links', 'http://pypi.pub.build.mozilla.org/pub', '--trusted-host', 'pypi.pub.build.mozilla.org', '--trusted-host', 'pypi.pvt.build.mozilla.org', 'psutil==3.1.1']], kwargs: {'error_level': 'warning', 'error_list': [{'substr': 'not found or a compiler error:', 'level': 'warning'}, {'regex': <_sre.SRE_Pattern object at 0x102d3d170>, 'level': 'error'}, {'regex': <_sre.SRE_Pattern object at 0x102ddf960>, 'level': 'warning'}, {'regex': <_sre.SRE_Pattern object at 0x7f997a532df0>, 'level': 'debug'}, {'substr': 'command not found', 'level': 'error'}, {'regex': <_sre.SRE_Pattern object at 0x102cd01d0>, 'level': 'warning'}, {'substr': 'Traceback (most recent call last)', 'level': 'error'}, {'substr': 'SyntaxError: ', 'level': 'error'}, {'substr': 'TypeError: ', 'level': 'error'}, {'substr': 'NameError: ', 'level': 'error'}, {'substr': 'ZeroDivisionError: ', 'level': 'error'}, {'regex': <_sre.SRE_Pattern object at 0x102cab108>, 'level': 'critical'}, {'regex': <_sre.SRE_Pattern object at 0x102cc5030>, 'level': 'critical'}], 'cwd': '/builds/slave/test/build', 'env': {'VERSIONER_PYTHON_PREFER_32_BIT': 'no', 'LOGNAME': 'cltbld', 'USER': 'cltbld', 'XPC_SERVICE_NAME': '0', 'PATH': '/usr/local/sbin:/usr/local/bin:/usr/sbin:/usr/bin:/sbin:/bin:/usr/bin/X11', 'HOME': '/Users/cltbld', 'NO_EM_RESTART': '1', 'IDLEIZER_DISABLE_SHUTDOWN': 'true', 'XPCOM_DEBUG_BREAK': 'warn', 'Apple_PubSub_Socket_Render': '/private/tmp/com.apple.launchd.MmuHTSBaPJ/Render', 'MOZ_NODE_PATH': '/usr/local/bin/node', 'TWISTD_LOG_PATH': '/builds/slave/twistd.log', 'GIT_SHARE_BASE_DIR': '/builds/git-shared', 'VERSIONER_PYTHON_VERSION': '2.7', 'XPC_FLAGS': '0x0', 'NO_FAIL_ON_TEST_ERRORS': '1', 'HG_SHARE_BASE_DIR': '/builds/hg-shared', 'RUNNER_CONFIG_CMD': '/opt/runner/bin/python2.7 /opt/runner/bin/runner -c /opt/runner/runner.cfg', 'MOZ_NO_REMOTE': '1', 'MOZ_HIDE_RESULTS_TABLE': '1', 'SSH_AUTH_SOCK': '/private/tmp/com.apple.launchd.sy8lxwzk7y/Listeners', 'SHELL': '/bin/bash', 'TMPDIR': '/var/folders/rz/w7m7229s0dx0sz__p5rcj2wh00000w/T/', '__CF_USER_TEXT_ENCODING': '0x1C:0:0', 'PWD': '/builds/slave/test', 'PROPERTIES_FILE': '/builds/slave/test/buildprops.json'}}, attempt #1
16:59:08     INFO - Running command: ['/builds/slave/test/build/venv/bin/pip', 'install', '--timeout', '120', '--no-index', '--find-links', 'http://pypi.pvt.build.mozilla.org/pub', '--find-links', 'http://pypi.pub.build.mozilla.org/pub', '--trusted-host', 'pypi.pub.build.mozilla.org', '--trusted-host', 'pypi.pvt.build.mozilla.org', 'psutil==3.1.1'] in /builds/slave/test/build
16:59:08     INFO - Copy/paste: /builds/slave/test/build/venv/bin/pip install --timeout 120 --no-index --find-links http://pypi.pvt.build.mozilla.org/pub --find-links http://pypi.pub.build.mozilla.org/pub --trusted-host pypi.pub.build.mozilla.org --trusted-host pypi.pvt.build.mozilla.org psutil==3.1.1
16:59:08     INFO - Using env: {'Apple_PubSub_Socket_Render': '/private/tmp/com.apple.launchd.MmuHTSBaPJ/Render',
16:59:08     INFO -  'GIT_SHARE_BASE_DIR': '/builds/git-shared',
16:59:08     INFO -  'HG_SHARE_BASE_DIR': '/builds/hg-shared',
16:59:08     INFO -  'HOME': '/Users/cltbld',
16:59:08     INFO -  'IDLEIZER_DISABLE_SHUTDOWN': 'true',
16:59:08     INFO -  'LOGNAME': 'cltbld',
16:59:08     INFO -  'MOZ_HIDE_RESULTS_TABLE': '1',
16:59:08     INFO -  'MOZ_NODE_PATH': '/usr/local/bin/node',
16:59:08     INFO -  'MOZ_NO_REMOTE': '1',
16:59:08     INFO -  'NO_EM_RESTART': '1',
16:59:08     INFO -  'NO_FAIL_ON_TEST_ERRORS': '1',
16:59:08     INFO -  'PATH': '/usr/local/sbin:/usr/local/bin:/usr/sbin:/usr/bin:/sbin:/bin:/usr/bin/X11',
16:59:08     INFO -  'PROPERTIES_FILE': '/builds/slave/test/buildprops.json',
16:59:08     INFO -  'PWD': '/builds/slave/test',
16:59:08     INFO -  'RUNNER_CONFIG_CMD': '/opt/runner/bin/python2.7 /opt/runner/bin/runner -c /opt/runner/runner.cfg',
16:59:08     INFO -  'SHELL': '/bin/bash',
16:59:08     INFO -  'SSH_AUTH_SOCK': '/private/tmp/com.apple.launchd.sy8lxwzk7y/Listeners',
16:59:08     INFO -  'TMPDIR': '/var/folders/rz/w7m7229s0dx0sz__p5rcj2wh00000w/T/',
16:59:08     INFO -  'TWISTD_LOG_PATH': '/builds/slave/twistd.log',
16:59:08     INFO -  'USER': 'cltbld',
16:59:08     INFO -  'VERSIONER_PYTHON_PREFER_32_BIT': 'no',
16:59:08     INFO -  'VERSIONER_PYTHON_VERSION': '2.7',
16:59:08     INFO -  'XPCOM_DEBUG_BREAK': 'warn',
16:59:08     INFO -  'XPC_FLAGS': '0x0',
16:59:08     INFO -  'XPC_SERVICE_NAME': '0',
16:59:08     INFO -  '__CF_USER_TEXT_ENCODING': '0x1C:0:0'}
16:59:08     INFO -  Ignoring indexes: https://pypi.python.org/simple
16:59:08     INFO -  Collecting psutil==3.1.1
16:59:08     INFO -  /builds/slave/test/build/venv/lib/python2.7/site-packages/pip/_vendor/requests/packages/urllib3/util/ssl_.py:318: SNIMissingWarning: An HTTPS request has been made, but the SNI (Subject Name Indication) extension to TLS is not available on this platform. This may cause the server to present an incorrect TLS certificate, which can cause validation failures. You can upgrade to a newer version of Python to solve this. For more information, see https://urllib3.readthedocs.org/en/latest/security.html#snimissingwarning.
16:59:08     INFO -    SNIMissingWarning
16:59:08     INFO -  /builds/slave/test/build/venv/lib/python2.7/site-packages/pip/_vendor/requests/packages/urllib3/util/ssl_.py:122: InsecurePlatformWarning: A true SSLContext object is not available. This prevents urllib3 from configuring SSL appropriately and may cause certain SSL connections to fail. You can upgrade to a newer version of Python to solve this. For more information, see https://urllib3.readthedocs.org/en/latest/security.html#insecureplatformwarning.
16:59:08     INFO -    InsecurePlatformWarning
16:59:09     INFO -  /builds/slave/test/build/venv/lib/python2.7/site-packages/pip/_vendor/requests/packages/urllib3/util/ssl_.py:122: InsecurePlatformWarning: A true SSLContext object is not available. This prevents urllib3 from configuring SSL appropriately and may cause certain SSL connections to fail. You can upgrade to a newer version of Python to solve this. For more information, see https://urllib3.readthedocs.org/en/latest/security.html#insecureplatformwarning.
16:59:09     INFO -    InsecurePlatformWarning
16:59:11     INFO -  Installing collected packages: psutil
16:59:11     INFO -    Found existing installation: psutil 5.4.3
16:59:11     INFO -      Uninstalling psutil-5.4.3:
16:59:11     INFO -        Successfully uninstalled psutil-5.4.3
16:59:11     INFO -  Successfully installed psutil-3.1.1
16:59:12     INFO - Return code: 0
16:59:12     INFO - Installing mock into virtualenv /builds/slave/test/build/venv
16:59:12     INFO - retry: Calling run_command with args: [['/builds/slave/test/build/venv/bin/pip', 'install', '--timeout', '120', '--no-index', '--find-links', 'http://pypi.pvt.build.mozilla.org/pub', '--find-links', 'http://pypi.pub.build.mozilla.org/pub', '--trusted-host', 'pypi.pub.build.mozilla.org', '--trusted-host', 'pypi.pvt.build.mozilla.org', 'mock']], kwargs: {'error_level': 'warning', 'error_list': [{'substr': 'not found or a compiler error:', 'level': 'warning'}, {'regex': <_sre.SRE_Pattern object at 0x102d3d170>, 'level': 'error'}, {'regex': <_sre.SRE_Pattern object at 0x102ddf960>, 'level': 'warning'}, {'regex': <_sre.SRE_Pattern object at 0x7f997a532df0>, 'level': 'debug'}, {'substr': 'command not found', 'level': 'error'}, {'regex': <_sre.SRE_Pattern object at 0x102cd01d0>, 'level': 'warning'}, {'substr': 'Traceback (most recent call last)', 'level': 'error'}, {'substr': 'SyntaxError: ', 'level': 'error'}, {'substr': 'TypeError: ', 'level': 'error'}, {'substr': 'NameError: ', 'level': 'error'}, {'substr': 'ZeroDivisionError: ', 'level': 'error'}, {'regex': <_sre.SRE_Pattern object at 0x102cab108>, 'level': 'critical'}, {'regex': <_sre.SRE_Pattern object at 0x102cc5030>, 'level': 'critical'}], 'cwd': '/builds/slave/test/build', 'env': {'VERSIONER_PYTHON_PREFER_32_BIT': 'no', 'LOGNAME': 'cltbld', 'USER': 'cltbld', 'XPC_SERVICE_NAME': '0', 'PATH': '/usr/local/sbin:/usr/local/bin:/usr/sbin:/usr/bin:/sbin:/bin:/usr/bin/X11', 'HOME': '/Users/cltbld', 'NO_EM_RESTART': '1', 'IDLEIZER_DISABLE_SHUTDOWN': 'true', 'XPCOM_DEBUG_BREAK': 'warn', 'Apple_PubSub_Socket_Render': '/private/tmp/com.apple.launchd.MmuHTSBaPJ/Render', 'MOZ_NODE_PATH': '/usr/local/bin/node', 'TWISTD_LOG_PATH': '/builds/slave/twistd.log', 'GIT_SHARE_BASE_DIR': '/builds/git-shared', 'VERSIONER_PYTHON_VERSION': '2.7', 'XPC_FLAGS': '0x0', 'NO_FAIL_ON_TEST_ERRORS': '1', 'HG_SHARE_BASE_DIR': '/builds/hg-shared', 'RUNNER_CONFIG_CMD': '/opt/runner/bin/python2.7 /opt/runner/bin/runner -c /opt/runner/runner.cfg', 'MOZ_NO_REMOTE': '1', 'MOZ_HIDE_RESULTS_TABLE': '1', 'SSH_AUTH_SOCK': '/private/tmp/com.apple.launchd.sy8lxwzk7y/Listeners', 'SHELL': '/bin/bash', 'TMPDIR': '/var/folders/rz/w7m7229s0dx0sz__p5rcj2wh00000w/T/', '__CF_USER_TEXT_ENCODING': '0x1C:0:0', 'PWD': '/builds/slave/test', 'PROPERTIES_FILE': '/builds/slave/test/buildprops.json'}}, attempt #1
16:59:12     INFO - Running command: ['/builds/slave/test/build/venv/bin/pip', 'install', '--timeout', '120', '--no-index', '--find-links', 'http://pypi.pvt.build.mozilla.org/pub', '--find-links', 'http://pypi.pub.build.mozilla.org/pub', '--trusted-host', 'pypi.pub.build.mozilla.org', '--trusted-host', 'pypi.pvt.build.mozilla.org', 'mock'] in /builds/slave/test/build
16:59:12     INFO - Copy/paste: /builds/slave/test/build/venv/bin/pip install --timeout 120 --no-index --find-links http://pypi.pvt.build.mozilla.org/pub --find-links http://pypi.pub.build.mozilla.org/pub --trusted-host pypi.pub.build.mozilla.org --trusted-host pypi.pvt.build.mozilla.org mock
16:59:12     INFO - Using env: {'Apple_PubSub_Socket_Render': '/private/tmp/com.apple.launchd.MmuHTSBaPJ/Render',
16:59:12     INFO -  'GIT_SHARE_BASE_DIR': '/builds/git-shared',
16:59:12     INFO -  'HG_SHARE_BASE_DIR': '/builds/hg-shared',
16:59:12     INFO -  'HOME': '/Users/cltbld',
16:59:12     INFO -  'IDLEIZER_DISABLE_SHUTDOWN': 'true',
16:59:12     INFO -  'LOGNAME': 'cltbld',
16:59:12     INFO -  'MOZ_HIDE_RESULTS_TABLE': '1',
16:59:12     INFO -  'MOZ_NODE_PATH': '/usr/local/bin/node',
16:59:12     INFO -  'MOZ_NO_REMOTE': '1',
16:59:12     INFO -  'NO_EM_RESTART': '1',
16:59:12     INFO -  'NO_FAIL_ON_TEST_ERRORS': '1',
16:59:12     INFO -  'PATH': '/usr/local/sbin:/usr/local/bin:/usr/sbin:/usr/bin:/sbin:/bin:/usr/bin/X11',
16:59:12     INFO -  'PROPERTIES_FILE': '/builds/slave/test/buildprops.json',
16:59:12     INFO -  'PWD': '/builds/slave/test',
16:59:12     INFO -  'RUNNER_CONFIG_CMD': '/opt/runner/bin/python2.7 /opt/runner/bin/runner -c /opt/runner/runner.cfg',
16:59:12     INFO -  'SHELL': '/bin/bash',
16:59:12     INFO -  'SSH_AUTH_SOCK': '/private/tmp/com.apple.launchd.sy8lxwzk7y/Listeners',
16:59:12     INFO -  'TMPDIR': '/var/folders/rz/w7m7229s0dx0sz__p5rcj2wh00000w/T/',
16:59:12     INFO -  'TWISTD_LOG_PATH': '/builds/slave/twistd.log',
16:59:12     INFO -  'USER': 'cltbld',
16:59:12     INFO -  'VERSIONER_PYTHON_PREFER_32_BIT': 'no',
16:59:12     INFO -  'VERSIONER_PYTHON_VERSION': '2.7',
16:59:12     INFO -  'XPCOM_DEBUG_BREAK': 'warn',
16:59:12     INFO -  'XPC_FLAGS': '0x0',
16:59:12     INFO -  'XPC_SERVICE_NAME': '0',
16:59:12     INFO -  '__CF_USER_TEXT_ENCODING': '0x1C:0:0'}
16:59:12     INFO -  Ignoring indexes: https://pypi.python.org/simple
16:59:12     INFO -  Collecting mock
16:59:12     INFO -  /builds/slave/test/build/venv/lib/python2.7/site-packages/pip/_vendor/requests/packages/urllib3/util/ssl_.py:318: SNIMissingWarning: An HTTPS request has been made, but the SNI (Subject Name Indication) extension to TLS is not available on this platform. This may cause the server to present an incorrect TLS certificate, which can cause validation failures. You can upgrade to a newer version of Python to solve this. For more information, see https://urllib3.readthedocs.org/en/latest/security.html#snimissingwarning.
16:59:12     INFO -    SNIMissingWarning
16:59:12     INFO -  /builds/slave/test/build/venv/lib/python2.7/site-packages/pip/_vendor/requests/packages/urllib3/util/ssl_.py:122: InsecurePlatformWarning: A true SSLContext object is not available. This prevents urllib3 from configuring SSL appropriately and may cause certain SSL connections to fail. You can upgrade to a newer version of Python to solve this. For more information, see https://urllib3.readthedocs.org/en/latest/security.html#insecureplatformwarning.
16:59:12     INFO -    InsecurePlatformWarning
16:59:13     INFO -  /builds/slave/test/build/venv/lib/python2.7/site-packages/pip/_vendor/requests/packages/urllib3/util/ssl_.py:122: InsecurePlatformWarning: A true SSLContext object is not available. This prevents urllib3 from configuring SSL appropriately and may cause certain SSL connections to fail. You can upgrade to a newer version of Python to solve this. For more information, see https://urllib3.readthedocs.org/en/latest/security.html#insecureplatformwarning.
16:59:13     INFO -    InsecurePlatformWarning
16:59:15     INFO -  Installing collected packages: mock
16:59:15     INFO -  Successfully installed mock-1.0.1
16:59:15     INFO - Return code: 0
16:59:15     INFO - Installing simplejson into virtualenv /builds/slave/test/build/venv
16:59:15     INFO - retry: Calling run_command with args: [['/builds/slave/test/build/venv/bin/pip', 'install', '--timeout', '120', '--no-index', '--find-links', 'http://pypi.pvt.build.mozilla.org/pub', '--find-links', 'http://pypi.pub.build.mozilla.org/pub', '--trusted-host', 'pypi.pub.build.mozilla.org', '--trusted-host', 'pypi.pvt.build.mozilla.org', 'simplejson']], kwargs: {'error_level': 'warning', 'error_list': [{'substr': 'not found or a compiler error:', 'level': 'warning'}, {'regex': <_sre.SRE_Pattern object at 0x102d3d170>, 'level': 'error'}, {'regex': <_sre.SRE_Pattern object at 0x102ddf960>, 'level': 'warning'}, {'regex': <_sre.SRE_Pattern object at 0x7f997a532df0>, 'level': 'debug'}, {'substr': 'command not found', 'level': 'error'}, {'regex': <_sre.SRE_Pattern object at 0x102cd01d0>, 'level': 'warning'}, {'substr': 'Traceback (most recent call last)', 'level': 'error'}, {'substr': 'SyntaxError: ', 'level': 'error'}, {'substr': 'TypeError: ', 'level': 'error'}, {'substr': 'NameError: ', 'level': 'error'}, {'substr': 'ZeroDivisionError: ', 'level': 'error'}, {'regex': <_sre.SRE_Pattern object at 0x102cab108>, 'level': 'critical'}, {'regex': <_sre.SRE_Pattern object at 0x102cc5030>, 'level': 'critical'}], 'cwd': '/builds/slave/test/build', 'env': {'VERSIONER_PYTHON_PREFER_32_BIT': 'no', 'LOGNAME': 'cltbld', 'USER': 'cltbld', 'XPC_SERVICE_NAME': '0', 'PATH': '/usr/local/sbin:/usr/local/bin:/usr/sbin:/usr/bin:/sbin:/bin:/usr/bin/X11', 'HOME': '/Users/cltbld', 'NO_EM_RESTART': '1', 'IDLEIZER_DISABLE_SHUTDOWN': 'true', 'XPCOM_DEBUG_BREAK': 'warn', 'Apple_PubSub_Socket_Render': '/private/tmp/com.apple.launchd.MmuHTSBaPJ/Render', 'MOZ_NODE_PATH': '/usr/local/bin/node', 'TWISTD_LOG_PATH': '/builds/slave/twistd.log', 'GIT_SHARE_BASE_DIR': '/builds/git-shared', 'VERSIONER_PYTHON_VERSION': '2.7', 'XPC_FLAGS': '0x0', 'NO_FAIL_ON_TEST_ERRORS': '1', 'HG_SHARE_BASE_DIR': '/builds/hg-shared', 'RUNNER_CONFIG_CMD': '/opt/runner/bin/python2.7 /opt/runner/bin/runner -c /opt/runner/runner.cfg', 'MOZ_NO_REMOTE': '1', 'MOZ_HIDE_RESULTS_TABLE': '1', 'SSH_AUTH_SOCK': '/private/tmp/com.apple.launchd.sy8lxwzk7y/Listeners', 'SHELL': '/bin/bash', 'TMPDIR': '/var/folders/rz/w7m7229s0dx0sz__p5rcj2wh00000w/T/', '__CF_USER_TEXT_ENCODING': '0x1C:0:0', 'PWD': '/builds/slave/test', 'PROPERTIES_FILE': '/builds/slave/test/buildprops.json'}}, attempt #1
16:59:15     INFO - Running command: ['/builds/slave/test/build/venv/bin/pip', 'install', '--timeout', '120', '--no-index', '--find-links', 'http://pypi.pvt.build.mozilla.org/pub', '--find-links', 'http://pypi.pub.build.mozilla.org/pub', '--trusted-host', 'pypi.pub.build.mozilla.org', '--trusted-host', 'pypi.pvt.build.mozilla.org', 'simplejson'] in /builds/slave/test/build
16:59:15     INFO - Copy/paste: /builds/slave/test/build/venv/bin/pip install --timeout 120 --no-index --find-links http://pypi.pvt.build.mozilla.org/pub --find-links http://pypi.pub.build.mozilla.org/pub --trusted-host pypi.pub.build.mozilla.org --trusted-host pypi.pvt.build.mozilla.org simplejson
16:59:15     INFO - Using env: {'Apple_PubSub_Socket_Render': '/private/tmp/com.apple.launchd.MmuHTSBaPJ/Render',
16:59:15     INFO -  'GIT_SHARE_BASE_DIR': '/builds/git-shared',
16:59:15     INFO -  'HG_SHARE_BASE_DIR': '/builds/hg-shared',
16:59:15     INFO -  'HOME': '/Users/cltbld',
16:59:15     INFO -  'IDLEIZER_DISABLE_SHUTDOWN': 'true',
16:59:15     INFO -  'LOGNAME': 'cltbld',
16:59:15     INFO -  'MOZ_HIDE_RESULTS_TABLE': '1',
16:59:15     INFO -  'MOZ_NODE_PATH': '/usr/local/bin/node',
16:59:15     INFO -  'MOZ_NO_REMOTE': '1',
16:59:15     INFO -  'NO_EM_RESTART': '1',
16:59:15     INFO -  'NO_FAIL_ON_TEST_ERRORS': '1',
16:59:15     INFO -  'PATH': '/usr/local/sbin:/usr/local/bin:/usr/sbin:/usr/bin:/sbin:/bin:/usr/bin/X11',
16:59:15     INFO -  'PROPERTIES_FILE': '/builds/slave/test/buildprops.json',
16:59:15     INFO -  'PWD': '/builds/slave/test',
16:59:15     INFO -  'RUNNER_CONFIG_CMD': '/opt/runner/bin/python2.7 /opt/runner/bin/runner -c /opt/runner/runner.cfg',
16:59:15     INFO -  'SHELL': '/bin/bash',
16:59:15     INFO -  'SSH_AUTH_SOCK': '/private/tmp/com.apple.launchd.sy8lxwzk7y/Listeners',
16:59:15     INFO -  'TMPDIR': '/var/folders/rz/w7m7229s0dx0sz__p5rcj2wh00000w/T/',
16:59:15     INFO -  'TWISTD_LOG_PATH': '/builds/slave/twistd.log',
16:59:15     INFO -  'USER': 'cltbld',
16:59:15     INFO -  'VERSIONER_PYTHON_PREFER_32_BIT': 'no',
16:59:15     INFO -  'VERSIONER_PYTHON_VERSION': '2.7',
16:59:15     INFO -  'XPCOM_DEBUG_BREAK': 'warn',
16:59:15     INFO -  'XPC_FLAGS': '0x0',
16:59:15     INFO -  'XPC_SERVICE_NAME': '0',
16:59:15     INFO -  '__CF_USER_TEXT_ENCODING': '0x1C:0:0'}
16:59:15     INFO -  Ignoring indexes: https://pypi.python.org/simple
16:59:15     INFO -  Collecting simplejson
16:59:15     INFO -  /builds/slave/test/build/venv/lib/python2.7/site-packages/pip/_vendor/requests/packages/urllib3/util/ssl_.py:318: SNIMissingWarning: An HTTPS request has been made, but the SNI (Subject Name Indication) extension to TLS is not available on this platform. This may cause the server to present an incorrect TLS certificate, which can cause validation failures. You can upgrade to a newer version of Python to solve this. For more information, see https://urllib3.readthedocs.org/en/latest/security.html#snimissingwarning.
16:59:15     INFO -    SNIMissingWarning
16:59:15     INFO -  /builds/slave/test/build/venv/lib/python2.7/site-packages/pip/_vendor/requests/packages/urllib3/util/ssl_.py:122: InsecurePlatformWarning: A true SSLContext object is not available. This prevents urllib3 from configuring SSL appropriately and may cause certain SSL connections to fail. You can upgrade to a newer version of Python to solve this. For more information, see https://urllib3.readthedocs.org/en/latest/security.html#insecureplatformwarning.
16:59:15     INFO -    InsecurePlatformWarning
16:59:16     INFO -  /builds/slave/test/build/venv/lib/python2.7/site-packages/pip/_vendor/requests/packages/urllib3/util/ssl_.py:122: InsecurePlatformWarning: A true SSLContext object is not available. This prevents urllib3 from configuring SSL appropriately and may cause certain SSL connections to fail. You can upgrade to a newer version of Python to solve this. For more information, see https://urllib3.readthedocs.org/en/latest/security.html#insecureplatformwarning.
16:59:16     INFO -    InsecurePlatformWarning
16:59:18     INFO -  Installing collected packages: simplejson
16:59:18     INFO -  Successfully installed simplejson-3.3.0
16:59:18     INFO - Return code: 0
16:59:18     INFO - Installing None into virtualenv /builds/slave/test/build/venv
16:59:18     INFO - retry: Calling run_command with args: [['/builds/slave/test/build/venv/bin/pip', 'install', '--no-deps', '--timeout', '120', '-r', '/builds/slave/test/build/tests/config/marionette_requirements.txt', '--no-index', '--find-links', 'http://pypi.pvt.build.mozilla.org/pub', '--find-links', 'http://pypi.pub.build.mozilla.org/pub', '--trusted-host', 'pypi.pub.build.mozilla.org', '--trusted-host', 'pypi.pvt.build.mozilla.org']], kwargs: {'error_level': 'warning', 'error_list': [{'substr': 'not found or a compiler error:', 'level': 'warning'}, {'regex': <_sre.SRE_Pattern object at 0x102d3d170>, 'level': 'error'}, {'regex': <_sre.SRE_Pattern object at 0x102ddf960>, 'level': 'warning'}, {'regex': <_sre.SRE_Pattern object at 0x7f997a532df0>, 'level': 'debug'}, {'substr': 'command not found', 'level': 'error'}, {'regex': <_sre.SRE_Pattern object at 0x102cd01d0>, 'level': 'warning'}, {'substr': 'Traceback (most recent call last)', 'level': 'error'}, {'substr': 'SyntaxError: ', 'level': 'error'}, {'substr': 'TypeError: ', 'level': 'error'}, {'substr': 'NameError: ', 'level': 'error'}, {'substr': 'ZeroDivisionError: ', 'level': 'error'}, {'regex': <_sre.SRE_Pattern object at 0x102cab108>, 'level': 'critical'}, {'regex': <_sre.SRE_Pattern object at 0x102cc5030>, 'level': 'critical'}], 'cwd': '/builds/slave/test/build/tests/config', 'env': {'VERSIONER_PYTHON_PREFER_32_BIT': 'no', 'LOGNAME': 'cltbld', 'USER': 'cltbld', 'XPC_SERVICE_NAME': '0', 'PATH': '/usr/local/sbin:/usr/local/bin:/usr/sbin:/usr/bin:/sbin:/bin:/usr/bin/X11', 'HOME': '/Users/cltbld', 'NO_EM_RESTART': '1', 'IDLEIZER_DISABLE_SHUTDOWN': 'true', 'XPCOM_DEBUG_BREAK': 'warn', 'Apple_PubSub_Socket_Render': '/private/tmp/com.apple.launchd.MmuHTSBaPJ/Render', 'MOZ_NODE_PATH': '/usr/local/bin/node', 'TWISTD_LOG_PATH': '/builds/slave/twistd.log', 'GIT_SHARE_BASE_DIR': '/builds/git-shared', 'VERSIONER_PYTHON_VERSION': '2.7', 'XPC_FLAGS': '0x0', 'NO_FAIL_ON_TEST_ERRORS': '1', 'HG_SHARE_BASE_DIR': '/builds/hg-shared', 'RUNNER_CONFIG_CMD': '/opt/runner/bin/python2.7 /opt/runner/bin/runner -c /opt/runner/runner.cfg', 'MOZ_NO_REMOTE': '1', 'MOZ_HIDE_RESULTS_TABLE': '1', 'SSH_AUTH_SOCK': '/private/tmp/com.apple.launchd.sy8lxwzk7y/Listeners', 'SHELL': '/bin/bash', 'TMPDIR': '/var/folders/rz/w7m7229s0dx0sz__p5rcj2wh00000w/T/', '__CF_USER_TEXT_ENCODING': '0x1C:0:0', 'PWD': '/builds/slave/test', 'PROPERTIES_FILE': '/builds/slave/test/buildprops.json'}}, attempt #1
16:59:18     INFO - Running command: ['/builds/slave/test/build/venv/bin/pip', 'install', '--no-deps', '--timeout', '120', '-r', '/builds/slave/test/build/tests/config/marionette_requirements.txt', '--no-index', '--find-links', 'http://pypi.pvt.build.mozilla.org/pub', '--find-links', 'http://pypi.pub.build.mozilla.org/pub', '--trusted-host', 'pypi.pub.build.mozilla.org', '--trusted-host', 'pypi.pvt.build.mozilla.org'] in /builds/slave/test/build/tests/config
16:59:18     INFO - Copy/paste: /builds/slave/test/build/venv/bin/pip install --no-deps --timeout 120 -r /builds/slave/test/build/tests/config/marionette_requirements.txt --no-index --find-links http://pypi.pvt.build.mozilla.org/pub --find-links http://pypi.pub.build.mozilla.org/pub --trusted-host pypi.pub.build.mozilla.org --trusted-host pypi.pvt.build.mozilla.org
16:59:18     INFO - Using env: {'Apple_PubSub_Socket_Render': '/private/tmp/com.apple.launchd.MmuHTSBaPJ/Render',
16:59:18     INFO -  'GIT_SHARE_BASE_DIR': '/builds/git-shared',
16:59:18     INFO -  'HG_SHARE_BASE_DIR': '/builds/hg-shared',
16:59:18     INFO -  'HOME': '/Users/cltbld',
16:59:18     INFO -  'IDLEIZER_DISABLE_SHUTDOWN': 'true',
16:59:18     INFO -  'LOGNAME': 'cltbld',
16:59:18     INFO -  'MOZ_HIDE_RESULTS_TABLE': '1',
16:59:18     INFO -  'MOZ_NODE_PATH': '/usr/local/bin/node',
16:59:18     INFO -  'MOZ_NO_REMOTE': '1',
16:59:18     INFO -  'NO_EM_RESTART': '1',
16:59:18     INFO -  'NO_FAIL_ON_TEST_ERRORS': '1',
16:59:18     INFO -  'PATH': '/usr/local/sbin:/usr/local/bin:/usr/sbin:/usr/bin:/sbin:/bin:/usr/bin/X11',
16:59:18     INFO -  'PROPERTIES_FILE': '/builds/slave/test/buildprops.json',
16:59:18     INFO -  'PWD': '/builds/slave/test',
16:59:18     INFO -  'RUNNER_CONFIG_CMD': '/opt/runner/bin/python2.7 /opt/runner/bin/runner -c /opt/runner/runner.cfg',
16:59:18     INFO -  'SHELL': '/bin/bash',
16:59:18     INFO -  'SSH_AUTH_SOCK': '/private/tmp/com.apple.launchd.sy8lxwzk7y/Listeners',
16:59:18     INFO -  'TMPDIR': '/var/folders/rz/w7m7229s0dx0sz__p5rcj2wh00000w/T/',
16:59:18     INFO -  'TWISTD_LOG_PATH': '/builds/slave/twistd.log',
16:59:18     INFO -  'USER': 'cltbld',
16:59:18     INFO -  'VERSIONER_PYTHON_PREFER_32_BIT': 'no',
16:59:18     INFO -  'VERSIONER_PYTHON_VERSION': '2.7',
16:59:18     INFO -  'XPCOM_DEBUG_BREAK': 'warn',
16:59:18     INFO -  'XPC_FLAGS': '0x0',
16:59:18     INFO -  'XPC_SERVICE_NAME': '0',
16:59:18     INFO -  '__CF_USER_TEXT_ENCODING': '0x1C:0:0'}
16:59:18     INFO -  Ignoring indexes: https://pypi.python.org/simple
16:59:18     INFO -  Processing /builds/slave/test/build/tests/mozbase/manifestparser
16:59:19     INFO -    Requirement already satisfied (use --upgrade to upgrade): manifestparser==1.1 from file:///builds/slave/test/build/tests/mozbase/manifestparser in /builds/slave/test/build/venv/lib/python2.7/site-packages (from -r /builds/slave/test/build/tests/config/mozbase_requirements.txt (line 1))
16:59:19     INFO -  Processing /builds/slave/test/build/tests/mozbase/mozcrash
16:59:19     INFO -    Requirement already satisfied (use --upgrade to upgrade): mozcrash==1.0 from file:///builds/slave/test/build/tests/mozbase/mozcrash in /builds/slave/test/build/venv/lib/python2.7/site-packages (from -r /builds/slave/test/build/tests/config/mozbase_requirements.txt (line 2))
16:59:19     INFO -  Processing /builds/slave/test/build/tests/mozbase/mozdebug
16:59:19     INFO -    Requirement already satisfied (use --upgrade to upgrade): mozdebug==0.1 from file:///builds/slave/test/build/tests/mozbase/mozdebug in /builds/slave/test/build/venv/lib/python2.7/site-packages (from -r /builds/slave/test/build/tests/config/mozbase_requirements.txt (line 3))
16:59:19     INFO -  Processing /builds/slave/test/build/tests/mozbase/mozdevice
16:59:19     INFO -    Requirement already satisfied (use --upgrade to upgrade): mozdevice==0.48 from file:///builds/slave/test/build/tests/mozbase/mozdevice in /builds/slave/test/build/venv/lib/python2.7/site-packages (from -r /builds/slave/test/build/tests/config/mozbase_requirements.txt (line 4))
16:59:19     INFO -  Processing /builds/slave/test/build/tests/mozbase/mozfile
16:59:20     INFO -    Requirement already satisfied (use --upgrade to upgrade): mozfile==1.2 from file:///builds/slave/test/build/tests/mozbase/mozfile in /builds/slave/test/build/venv/lib/python2.7/site-packages (from -r /builds/slave/test/build/tests/config/mozbase_requirements.txt (line 5))
16:59:20     INFO -  Processing /builds/slave/test/build/tests/mozbase/mozhttpd
16:59:20     INFO -    Requirement already satisfied (use --upgrade to upgrade): mozhttpd==0.7 from file:///builds/slave/test/build/tests/mozbase/mozhttpd in /builds/slave/test/build/venv/lib/python2.7/site-packages (from -r /builds/slave/test/build/tests/config/mozbase_requirements.txt (line 6))
16:59:20     INFO -  Processing /builds/slave/test/build/tests/mozbase/mozinfo
16:59:20     INFO -    Requirement already satisfied (use --upgrade to upgrade): mozinfo==0.9 from file:///builds/slave/test/build/tests/mozbase/mozinfo in /builds/slave/test/build/venv/lib/python2.7/site-packages (from -r /builds/slave/test/build/tests/config/mozbase_requirements.txt (line 7))
16:59:20     INFO -  Processing /builds/slave/test/build/tests/mozbase/mozinstall
16:59:20     INFO -    Requirement already satisfied (use --upgrade to upgrade): mozInstall==1.12 from file:///builds/slave/test/build/tests/mozbase/mozinstall in /builds/slave/test/build/venv/lib/python2.7/site-packages (from -r /builds/slave/test/build/tests/config/mozbase_requirements.txt (line 8))
16:59:20     INFO -  Processing /builds/slave/test/build/tests/mozbase/mozleak
16:59:21     INFO -    Requirement already satisfied (use --upgrade to upgrade): mozleak==0.1 from file:///builds/slave/test/build/tests/mozbase/mozleak in /builds/slave/test/build/venv/lib/python2.7/site-packages (from -r /builds/slave/test/build/tests/config/mozbase_requirements.txt (line 9))
16:59:21     INFO -  Processing /builds/slave/test/build/tests/mozbase/mozlog
16:59:21     INFO -    Requirement already satisfied (use --upgrade to upgrade): mozlog==3.4 from file:///builds/slave/test/build/tests/mozbase/mozlog in /builds/slave/test/build/venv/lib/python2.7/site-packages (from -r /builds/slave/test/build/tests/config/mozbase_requirements.txt (line 10))
16:59:21     INFO -  Processing /builds/slave/test/build/tests/mozbase/moznetwork
16:59:21     INFO -    Requirement already satisfied (use --upgrade to upgrade): moznetwork==0.27 from file:///builds/slave/test/build/tests/mozbase/moznetwork in /builds/slave/test/build/venv/lib/python2.7/site-packages (from -r /builds/slave/test/build/tests/config/mozbase_requirements.txt (line 11))
16:59:21     INFO -  Processing /builds/slave/test/build/tests/mozbase/mozprocess
16:59:21     INFO -    Requirement already satisfied (use --upgrade to upgrade): mozprocess==0.23 from file:///builds/slave/test/build/tests/mozbase/mozprocess in /builds/slave/test/build/venv/lib/python2.7/site-packages (from -r /builds/slave/test/build/tests/config/mozbase_requirements.txt (line 12))
16:59:21     INFO -  Processing /builds/slave/test/build/tests/mozbase/mozprofile
16:59:22     INFO -    Requirement already satisfied (use --upgrade to upgrade): mozprofile==0.28 from file:///builds/slave/test/build/tests/mozbase/mozprofile in /builds/slave/test/build/venv/lib/python2.7/site-packages (from -r /builds/slave/test/build/tests/config/mozbase_requirements.txt (line 13))
16:59:22     INFO -  Processing /builds/slave/test/build/tests/mozbase/mozrunner
16:59:22     INFO -    Requirement already satisfied (use --upgrade to upgrade): mozrunner==6.13 from file:///builds/slave/test/build/tests/mozbase/mozrunner in /builds/slave/test/build/venv/lib/python2.7/site-packages (from -r /builds/slave/test/build/tests/config/mozbase_requirements.txt (line 14))
16:59:22     INFO -  Processing /builds/slave/test/build/tests/mozbase/mozscreenshot
16:59:22     INFO -    Requirement already satisfied (use --upgrade to upgrade): mozscreenshot==0.1 from file:///builds/slave/test/build/tests/mozbase/mozscreenshot in /builds/slave/test/build/venv/lib/python2.7/site-packages (from -r /builds/slave/test/build/tests/config/mozbase_requirements.txt (line 15))
16:59:22     INFO -  Processing /builds/slave/test/build/tests/mozbase/moztest
16:59:22     INFO -    Requirement already satisfied (use --upgrade to upgrade): moztest==0.8 from file:///builds/slave/test/build/tests/mozbase/moztest in /builds/slave/test/build/venv/lib/python2.7/site-packages (from -r /builds/slave/test/build/tests/config/mozbase_requirements.txt (line 16))
16:59:22     INFO -  Processing /builds/slave/test/build/tests/mozbase/mozversion
16:59:23     INFO -    Requirement already satisfied (use --upgrade to upgrade): mozversion==1.4 from file:///builds/slave/test/build/tests/mozbase/mozversion in /builds/slave/test/build/venv/lib/python2.7/site-packages (from -r /builds/slave/test/build/tests/config/mozbase_requirements.txt (line 17))
16:59:23     INFO -  Processing /builds/slave/test/build/tests/tools/wptserve
16:59:23     INFO -  Processing /builds/slave/test/build/tests/marionette/client
16:59:23     INFO -  Processing /builds/slave/test/build/tests/marionette/harness/marionette_harness/runner/mixins/browsermob-proxy-py
16:59:24     INFO -  Processing /builds/slave/test/build/tests/marionette/harness
16:59:24     INFO -  Processing /builds/slave/test/build/tests/marionette/puppeteer/firefox
16:59:24     INFO -  Building wheels for collected packages: browsermob-proxy
16:59:24     INFO -    Running setup.py bdist_wheel for browsermob-proxy: started
16:59:24     INFO -    Running setup.py bdist_wheel for browsermob-proxy: finished with status 'done'
16:59:24     INFO -    Stored in directory: /Users/cltbld/Library/Caches/pip/wheels/10/00/c1/79bb793b6a7eb4dca9dfd244010f550ae5044951bcd23c261e
16:59:24     INFO -  Successfully built browsermob-proxy
16:59:24     INFO -  Installing collected packages: wptserve, marionette-driver, browsermob-proxy, marionette-harness, firefox-puppeteer
16:59:24     INFO -    Running setup.py install for wptserve: started
16:59:25     INFO -      Running setup.py install for wptserve: finished with status 'done'
16:59:25     INFO -    Running setup.py install for marionette-driver: started
16:59:25     INFO -      Running setup.py install for marionette-driver: finished with status 'done'
16:59:25     INFO -    Running setup.py install for marionette-harness: started
16:59:25     INFO -      Running setup.py install for marionette-harness: finished with status 'done'
16:59:26     INFO -    Running setup.py install for firefox-puppeteer: started
16:59:26     INFO -      Running setup.py install for firefox-puppeteer: finished with status 'done'
16:59:26     INFO -  Successfully installed browsermob-proxy-0.6.0 firefox-puppeteer-52.1.0 marionette-driver-2.2.0 marionette-harness-4.0.0 wptserve-1.4.0
16:59:26     INFO - Return code: 0
16:59:26     INFO - Installing None into virtualenv /builds/slave/test/build/venv
16:59:27     INFO - retry: Calling run_command with args: [['/builds/slave/test/build/venv/bin/pip', 'install', '--timeout', '120', '-r', '/builds/slave/test/build/tests/config/marionette_requirements.txt', '--no-index', '--find-links', 'http://pypi.pvt.build.mozilla.org/pub', '--find-links', 'http://pypi.pub.build.mozilla.org/pub', '--trusted-host', 'pypi.pub.build.mozilla.org', '--trusted-host', 'pypi.pvt.build.mozilla.org']], kwargs: {'error_level': 'warning', 'error_list': [{'substr': 'not found or a compiler error:', 'level': 'warning'}, {'regex': <_sre.SRE_Pattern object at 0x102d3d170>, 'level': 'error'}, {'regex': <_sre.SRE_Pattern object at 0x102ddf960>, 'level': 'warning'}, {'regex': <_sre.SRE_Pattern object at 0x7f997a532df0>, 'level': 'debug'}, {'substr': 'command not found', 'level': 'error'}, {'regex': <_sre.SRE_Pattern object at 0x102cd01d0>, 'level': 'warning'}, {'substr': 'Traceback (most recent call last)', 'level': 'error'}, {'substr': 'SyntaxError: ', 'level': 'error'}, {'substr': 'TypeError: ', 'level': 'error'}, {'substr': 'NameError: ', 'level': 'error'}, {'substr': 'ZeroDivisionError: ', 'level': 'error'}, {'regex': <_sre.SRE_Pattern object at 0x102cab108>, 'level': 'critical'}, {'regex': <_sre.SRE_Pattern object at 0x102cc5030>, 'level': 'critical'}], 'cwd': '/builds/slave/test/build/tests/config', 'env': {'VERSIONER_PYTHON_PREFER_32_BIT': 'no', 'LOGNAME': 'cltbld', 'USER': 'cltbld', 'XPC_SERVICE_NAME': '0', 'PATH': '/usr/local/sbin:/usr/local/bin:/usr/sbin:/usr/bin:/sbin:/bin:/usr/bin/X11', 'HOME': '/Users/cltbld', 'NO_EM_RESTART': '1', 'IDLEIZER_DISABLE_SHUTDOWN': 'true', 'XPCOM_DEBUG_BREAK': 'warn', 'Apple_PubSub_Socket_Render': '/private/tmp/com.apple.launchd.MmuHTSBaPJ/Render', 'MOZ_NODE_PATH': '/usr/local/bin/node', 'TWISTD_LOG_PATH': '/builds/slave/twistd.log', 'GIT_SHARE_BASE_DIR': '/builds/git-shared', 'VERSIONER_PYTHON_VERSION': '2.7', 'XPC_FLAGS': '0x0', 'NO_FAIL_ON_TEST_ERRORS': '1', 'HG_SHARE_BASE_DIR': '/builds/hg-shared', 'RUNNER_CONFIG_CMD': '/opt/runner/bin/python2.7 /opt/runner/bin/runner -c /opt/runner/runner.cfg', 'MOZ_NO_REMOTE': '1', 'MOZ_HIDE_RESULTS_TABLE': '1', 'SSH_AUTH_SOCK': '/private/tmp/com.apple.launchd.sy8lxwzk7y/Listeners', 'SHELL': '/bin/bash', 'TMPDIR': '/var/folders/rz/w7m7229s0dx0sz__p5rcj2wh00000w/T/', '__CF_USER_TEXT_ENCODING': '0x1C:0:0', 'PWD': '/builds/slave/test', 'PROPERTIES_FILE': '/builds/slave/test/buildprops.json'}}, attempt #1
16:59:27     INFO - Running command: ['/builds/slave/test/build/venv/bin/pip', 'install', '--timeout', '120', '-r', '/builds/slave/test/build/tests/config/marionette_requirements.txt', '--no-index', '--find-links', 'http://pypi.pvt.build.mozilla.org/pub', '--find-links', 'http://pypi.pub.build.mozilla.org/pub', '--trusted-host', 'pypi.pub.build.mozilla.org', '--trusted-host', 'pypi.pvt.build.mozilla.org'] in /builds/slave/test/build/tests/config
16:59:27     INFO - Copy/paste: /builds/slave/test/build/venv/bin/pip install --timeout 120 -r /builds/slave/test/build/tests/config/marionette_requirements.txt --no-index --find-links http://pypi.pvt.build.mozilla.org/pub --find-links http://pypi.pub.build.mozilla.org/pub --trusted-host pypi.pub.build.mozilla.org --trusted-host pypi.pvt.build.mozilla.org
16:59:27     INFO - Using env: {'Apple_PubSub_Socket_Render': '/private/tmp/com.apple.launchd.MmuHTSBaPJ/Render',
16:59:27     INFO -  'GIT_SHARE_BASE_DIR': '/builds/git-shared',
16:59:27     INFO -  'HG_SHARE_BASE_DIR': '/builds/hg-shared',
16:59:27     INFO -  'HOME': '/Users/cltbld',
16:59:27     INFO -  'IDLEIZER_DISABLE_SHUTDOWN': 'true',
16:59:27     INFO -  'LOGNAME': 'cltbld',
16:59:27     INFO -  'MOZ_HIDE_RESULTS_TABLE': '1',
16:59:27     INFO -  'MOZ_NODE_PATH': '/usr/local/bin/node',
16:59:27     INFO -  'MOZ_NO_REMOTE': '1',
16:59:27     INFO -  'NO_EM_RESTART': '1',
16:59:27     INFO -  'NO_FAIL_ON_TEST_ERRORS': '1',
16:59:27     INFO -  'PATH': '/usr/local/sbin:/usr/local/bin:/usr/sbin:/usr/bin:/sbin:/bin:/usr/bin/X11',
16:59:27     INFO -  'PROPERTIES_FILE': '/builds/slave/test/buildprops.json',
16:59:27     INFO -  'PWD': '/builds/slave/test',
16:59:27     INFO -  'RUNNER_CONFIG_CMD': '/opt/runner/bin/python2.7 /opt/runner/bin/runner -c /opt/runner/runner.cfg',
16:59:27     INFO -  'SHELL': '/bin/bash',
16:59:27     INFO -  'SSH_AUTH_SOCK': '/private/tmp/com.apple.launchd.sy8lxwzk7y/Listeners',
16:59:27     INFO -  'TMPDIR': '/var/folders/rz/w7m7229s0dx0sz__p5rcj2wh00000w/T/',
16:59:27     INFO -  'TWISTD_LOG_PATH': '/builds/slave/twistd.log',
16:59:27     INFO -  'USER': 'cltbld',
16:59:27     INFO -  'VERSIONER_PYTHON_PREFER_32_BIT': 'no',
16:59:27     INFO -  'VERSIONER_PYTHON_VERSION': '2.7',
16:59:27     INFO -  'XPCOM_DEBUG_BREAK': 'warn',
16:59:27     INFO -  'XPC_FLAGS': '0x0',
16:59:27     INFO -  'XPC_SERVICE_NAME': '0',
16:59:27     INFO -  '__CF_USER_TEXT_ENCODING': '0x1C:0:0'}
16:59:27     INFO -  Ignoring indexes: https://pypi.python.org/simple
16:59:27     INFO -  Processing /builds/slave/test/build/tests/mozbase/manifestparser
16:59:27     INFO -    Requirement already satisfied (use --upgrade to upgrade): manifestparser==1.1 from file:///builds/slave/test/build/tests/mozbase/manifestparser in /builds/slave/test/build/venv/lib/python2.7/site-packages (from -r /builds/slave/test/build/tests/config/mozbase_requirements.txt (line 1))
16:59:27     INFO -  Processing /builds/slave/test/build/tests/mozbase/mozcrash
16:59:28     INFO -    Requirement already satisfied (use --upgrade to upgrade): mozcrash==1.0 from file:///builds/slave/test/build/tests/mozbase/mozcrash in /builds/slave/test/build/venv/lib/python2.7/site-packages (from -r /builds/slave/test/build/tests/config/mozbase_requirements.txt (line 2))
16:59:28     INFO -  Processing /builds/slave/test/build/tests/mozbase/mozdebug
16:59:28     INFO -    Requirement already satisfied (use --upgrade to upgrade): mozdebug==0.1 from file:///builds/slave/test/build/tests/mozbase/mozdebug in /builds/slave/test/build/venv/lib/python2.7/site-packages (from -r /builds/slave/test/build/tests/config/mozbase_requirements.txt (line 3))
16:59:28     INFO -  Processing /builds/slave/test/build/tests/mozbase/mozdevice
16:59:28     INFO -    Requirement already satisfied (use --upgrade to upgrade): mozdevice==0.48 from file:///builds/slave/test/build/tests/mozbase/mozdevice in /builds/slave/test/build/venv/lib/python2.7/site-packages (from -r /builds/slave/test/build/tests/config/mozbase_requirements.txt (line 4))
16:59:28     INFO -  Processing /builds/slave/test/build/tests/mozbase/mozfile
16:59:28     INFO -    Requirement already satisfied (use --upgrade to upgrade): mozfile==1.2 from file:///builds/slave/test/build/tests/mozbase/mozfile in /builds/slave/test/build/venv/lib/python2.7/site-packages (from -r /builds/slave/test/build/tests/config/mozbase_requirements.txt (line 5))
16:59:28     INFO -  Processing /builds/slave/test/build/tests/mozbase/mozhttpd
16:59:29     INFO -    Requirement already satisfied (use --upgrade to upgrade): mozhttpd==0.7 from file:///builds/slave/test/build/tests/mozbase/mozhttpd in /builds/slave/test/build/venv/lib/python2.7/site-packages (from -r /builds/slave/test/build/tests/config/mozbase_requirements.txt (line 6))
16:59:29     INFO -  Processing /builds/slave/test/build/tests/mozbase/mozinfo
16:59:29     INFO -    Requirement already satisfied (use --upgrade to upgrade): mozinfo==0.9 from file:///builds/slave/test/build/tests/mozbase/mozinfo in /builds/slave/test/build/venv/lib/python2.7/site-packages (from -r /builds/slave/test/build/tests/config/mozbase_requirements.txt (line 7))
16:59:29     INFO -  Processing /builds/slave/test/build/tests/mozbase/mozinstall
16:59:29     INFO -    Requirement already satisfied (use --upgrade to upgrade): mozInstall==1.12 from file:///builds/slave/test/build/tests/mozbase/mozinstall in /builds/slave/test/build/venv/lib/python2.7/site-packages (from -r /builds/slave/test/build/tests/config/mozbase_requirements.txt (line 8))
16:59:29     INFO -  Processing /builds/slave/test/build/tests/mozbase/mozleak
16:59:29     INFO -    Requirement already satisfied (use --upgrade to upgrade): mozleak==0.1 from file:///builds/slave/test/build/tests/mozbase/mozleak in /builds/slave/test/build/venv/lib/python2.7/site-packages (from -r /builds/slave/test/build/tests/config/mozbase_requirements.txt (line 9))
16:59:29     INFO -  Processing /builds/slave/test/build/tests/mozbase/mozlog
16:59:30     INFO -    Requirement already satisfied (use --upgrade to upgrade): mozlog==3.4 from file:///builds/slave/test/build/tests/mozbase/mozlog in /builds/slave/test/build/venv/lib/python2.7/site-packages (from -r /builds/slave/test/build/tests/config/mozbase_requirements.txt (line 10))
16:59:30     INFO -  Processing /builds/slave/test/build/tests/mozbase/moznetwork
16:59:30     INFO -    Requirement already satisfied (use --upgrade to upgrade): moznetwork==0.27 from file:///builds/slave/test/build/tests/mozbase/moznetwork in /builds/slave/test/build/venv/lib/python2.7/site-packages (from -r /builds/slave/test/build/tests/config/mozbase_requirements.txt (line 11))
16:59:30     INFO -  Processing /builds/slave/test/build/tests/mozbase/mozprocess
16:59:30     INFO -    Requirement already satisfied (use --upgrade to upgrade): mozprocess==0.23 from file:///builds/slave/test/build/tests/mozbase/mozprocess in /builds/slave/test/build/venv/lib/python2.7/site-packages (from -r /builds/slave/test/build/tests/config/mozbase_requirements.txt (line 12))
16:59:30     INFO -  Processing /builds/slave/test/build/tests/mozbase/mozprofile
16:59:30     INFO -    Requirement already satisfied (use --upgrade to upgrade): mozprofile==0.28 from file:///builds/slave/test/build/tests/mozbase/mozprofile in /builds/slave/test/build/venv/lib/python2.7/site-packages (from -r /builds/slave/test/build/tests/config/mozbase_requirements.txt (line 13))
16:59:30     INFO -  Processing /builds/slave/test/build/tests/mozbase/mozrunner
16:59:31     INFO -    Requirement already satisfied (use --upgrade to upgrade): mozrunner==6.13 from file:///builds/slave/test/build/tests/mozbase/mozrunner in /builds/slave/test/build/venv/lib/python2.7/site-packages (from -r /builds/slave/test/build/tests/config/mozbase_requirements.txt (line 14))
16:59:31     INFO -  Processing /builds/slave/test/build/tests/mozbase/mozscreenshot
16:59:31     INFO -    Requirement already satisfied (use --upgrade to upgrade): mozscreenshot==0.1 from file:///builds/slave/test/build/tests/mozbase/mozscreenshot in /builds/slave/test/build/venv/lib/python2.7/site-packages (from -r /builds/slave/test/build/tests/config/mozbase_requirements.txt (line 15))
16:59:31     INFO -  Processing /builds/slave/test/build/tests/mozbase/moztest
16:59:31     INFO -    Requirement already satisfied (use --upgrade to upgrade): moztest==0.8 from file:///builds/slave/test/build/tests/mozbase/moztest in /builds/slave/test/build/venv/lib/python2.7/site-packages (from -r /builds/slave/test/build/tests/config/mozbase_requirements.txt (line 16))
16:59:31     INFO -  Processing /builds/slave/test/build/tests/mozbase/mozversion
16:59:31     INFO -    Requirement already satisfied (use --upgrade to upgrade): mozversion==1.4 from file:///builds/slave/test/build/tests/mozbase/mozversion in /builds/slave/test/build/venv/lib/python2.7/site-packages (from -r /builds/slave/test/build/tests/config/mozbase_requirements.txt (line 17))
16:59:31     INFO -  Processing /builds/slave/test/build/tests/tools/wptserve
16:59:32     INFO -    Requirement already satisfied (use --upgrade to upgrade): wptserve==1.4.0 from file:///builds/slave/test/build/tests/tools/wptserve in /builds/slave/test/build/venv/lib/python2.7/site-packages (from -r /builds/slave/test/build/tests/config/marionette_requirements.txt (line 3))
16:59:32     INFO -  Processing /builds/slave/test/build/tests/marionette/client
16:59:32     INFO -    Requirement already satisfied (use --upgrade to upgrade): marionette-driver==2.2.0 from file:///builds/slave/test/build/tests/marionette/client in /builds/slave/test/build/venv/lib/python2.7/site-packages (from -r /builds/slave/test/build/tests/config/marionette_requirements.txt (line 4))
16:59:32     INFO -  Processing /builds/slave/test/build/tests/marionette/harness/marionette_harness/runner/mixins/browsermob-proxy-py
16:59:32     INFO -    Requirement already satisfied (use --upgrade to upgrade): browsermob-proxy==0.6.0 from file:///builds/slave/test/build/tests/marionette/harness/marionette_harness/runner/mixins/browsermob-proxy-py in /builds/slave/test/build/venv/lib/python2.7/site-packages (from -r /builds/slave/test/build/tests/config/marionette_requirements.txt (line 5))
16:59:32     INFO -  Processing /builds/slave/test/build/tests/marionette/harness
16:59:33     INFO -    Requirement already satisfied (use --upgrade to upgrade): marionette-harness==4.0.0 from file:///builds/slave/test/build/tests/marionette/harness in /builds/slave/test/build/venv/lib/python2.7/site-packages (from -r /builds/slave/test/build/tests/config/marionette_requirements.txt (line 6))
16:59:33     INFO -  Processing /builds/slave/test/build/tests/marionette/puppeteer/firefox
16:59:33     INFO -    Requirement already satisfied (use --upgrade to upgrade): firefox-puppeteer==52.1.0 from file:///builds/slave/test/build/tests/marionette/puppeteer/firefox in /builds/slave/test/build/venv/lib/python2.7/site-packages (from -r /builds/slave/test/build/tests/config/marionette_requirements.txt (line 9))
16:59:33     INFO -  Requirement already satisfied (use --upgrade to upgrade): mozfile>=1.0 in /builds/slave/test/build/venv/lib/python2.7/site-packages (from mozcrash==1.0->-r /builds/slave/test/build/tests/config/mozbase_requirements.txt (line 2))
16:59:33     INFO -  Requirement already satisfied (use --upgrade to upgrade): mozlog>=3.0 in /builds/slave/test/build/venv/lib/python2.7/site-packages (from mozcrash==1.0->-r /builds/slave/test/build/tests/config/mozbase_requirements.txt (line 2))
16:59:33     INFO -  Requirement already satisfied (use --upgrade to upgrade): mozinfo in /builds/slave/test/build/venv/lib/python2.7/site-packages (from mozdebug==0.1->-r /builds/slave/test/build/tests/config/mozbase_requirements.txt (line 3))
16:59:33     INFO -  Requirement already satisfied (use --upgrade to upgrade): moznetwork>=0.24 in /builds/slave/test/build/venv/lib/python2.7/site-packages (from mozdevice==0.48->-r /builds/slave/test/build/tests/config/mozbase_requirements.txt (line 4))
16:59:33     INFO -  Requirement already satisfied (use --upgrade to upgrade): mozprocess>=0.19 in /builds/slave/test/build/venv/lib/python2.7/site-packages (from mozdevice==0.48->-r /builds/slave/test/build/tests/config/mozbase_requirements.txt (line 4))
16:59:33     INFO -  Requirement already satisfied (use --upgrade to upgrade): blessings>=1.3 in /builds/slave/test/build/venv/lib/python2.7/site-packages (from mozlog==3.4->-r /builds/slave/test/build/tests/config/mozbase_requirements.txt (line 10))
16:59:33     INFO -  Requirement already satisfied (use --upgrade to upgrade): requests>=1.1.0 in /builds/slave/test/build/venv/lib/python2.7/site-packages (from browsermob-proxy==0.6.0->-r /builds/slave/test/build/tests/config/marionette_requirements.txt (line 5))
16:59:33     INFO -  Building wheels for collected packages: browsermob-proxy
16:59:33     INFO -    Running setup.py bdist_wheel for browsermob-proxy: started
16:59:33     INFO -    Running setup.py bdist_wheel for browsermob-proxy: finished with status 'done'
16:59:33     INFO -    Stored in directory: /Users/cltbld/Library/Caches/pip/wheels/10/00/c1/79bb793b6a7eb4dca9dfd244010f550ae5044951bcd23c261e
16:59:33     INFO -  Successfully built browsermob-proxy
16:59:33     INFO - Return code: 0
16:59:33     INFO - Installing None into virtualenv /builds/slave/test/build/venv
16:59:34     INFO - retry: Calling run_command with args: [['/builds/slave/test/build/venv/bin/pip', 'install', '--no-deps', '--timeout', '120', '-r', '/builds/slave/test/build/tests/mochitest/websocketprocessbridge/websocketprocessbridge_requirements.txt', '--no-index', '--find-links', 'http://pypi.pvt.build.mozilla.org/pub', '--find-links', 'http://pypi.pub.build.mozilla.org/pub', '--trusted-host', 'pypi.pub.build.mozilla.org', '--trusted-host', 'pypi.pvt.build.mozilla.org']], kwargs: {'error_level': 'warning', 'error_list': [{'substr': 'not found or a compiler error:', 'level': 'warning'}, {'regex': <_sre.SRE_Pattern object at 0x102d3d170>, 'level': 'error'}, {'regex': <_sre.SRE_Pattern object at 0x102ddf960>, 'level': 'warning'}, {'regex': <_sre.SRE_Pattern object at 0x7f997a532df0>, 'level': 'debug'}, {'substr': 'command not found', 'level': 'error'}, {'regex': <_sre.SRE_Pattern object at 0x102cd01d0>, 'level': 'warning'}, {'substr': 'Traceback (most recent call last)', 'level': 'error'}, {'substr': 'SyntaxError: ', 'level': 'error'}, {'substr': 'TypeError: ', 'level': 'error'}, {'substr': 'NameError: ', 'level': 'error'}, {'substr': 'ZeroDivisionError: ', 'level': 'error'}, {'regex': <_sre.SRE_Pattern object at 0x102cab108>, 'level': 'critical'}, {'regex': <_sre.SRE_Pattern object at 0x102cc5030>, 'level': 'critical'}], 'cwd': '/builds/slave/test/build/tests/mochitest/websocketprocessbridge', 'env': {'VERSIONER_PYTHON_PREFER_32_BIT': 'no', 'LOGNAME': 'cltbld', 'USER': 'cltbld', 'XPC_SERVICE_NAME': '0', 'PATH': '/usr/local/sbin:/usr/local/bin:/usr/sbin:/usr/bin:/sbin:/bin:/usr/bin/X11', 'HOME': '/Users/cltbld', 'NO_EM_RESTART': '1', 'IDLEIZER_DISABLE_SHUTDOWN': 'true', 'XPCOM_DEBUG_BREAK': 'warn', 'Apple_PubSub_Socket_Render': '/private/tmp/com.apple.launchd.MmuHTSBaPJ/Render', 'MOZ_NODE_PATH': '/usr/local/bin/node', 'TWISTD_LOG_PATH': '/builds/slave/twistd.log', 'GIT_SHARE_BASE_DIR': '/builds/git-shared', 'VERSIONER_PYTHON_VERSION': '2.7', 'XPC_FLAGS': '0x0', 'NO_FAIL_ON_TEST_ERRORS': '1', 'HG_SHARE_BASE_DIR': '/builds/hg-shared', 'RUNNER_CONFIG_CMD': '/opt/runner/bin/python2.7 /opt/runner/bin/runner -c /opt/runner/runner.cfg', 'MOZ_NO_REMOTE': '1', 'MOZ_HIDE_RESULTS_TABLE': '1', 'SSH_AUTH_SOCK': '/private/tmp/com.apple.launchd.sy8lxwzk7y/Listeners', 'SHELL': '/bin/bash', 'TMPDIR': '/var/folders/rz/w7m7229s0dx0sz__p5rcj2wh00000w/T/', '__CF_USER_TEXT_ENCODING': '0x1C:0:0', 'PWD': '/builds/slave/test', 'PROPERTIES_FILE': '/builds/slave/test/buildprops.json'}}, attempt #1
16:59:34     INFO - Running command: ['/builds/slave/test/build/venv/bin/pip', 'install', '--no-deps', '--timeout', '120', '-r', '/builds/slave/test/build/tests/mochitest/websocketprocessbridge/websocketprocessbridge_requirements.txt', '--no-index', '--find-links', 'http://pypi.pvt.build.mozilla.org/pub', '--find-links', 'http://pypi.pub.build.mozilla.org/pub', '--trusted-host', 'pypi.pub.build.mozilla.org', '--trusted-host', 'pypi.pvt.build.mozilla.org'] in /builds/slave/test/build/tests/mochitest/websocketprocessbridge
16:59:34     INFO - Copy/paste: /builds/slave/test/build/venv/bin/pip install --no-deps --timeout 120 -r /builds/slave/test/build/tests/mochitest/websocketprocessbridge/websocketprocessbridge_requirements.txt --no-index --find-links http://pypi.pvt.build.mozilla.org/pub --find-links http://pypi.pub.build.mozilla.org/pub --trusted-host pypi.pub.build.mozilla.org --trusted-host pypi.pvt.build.mozilla.org
16:59:34     INFO - Using env: {'Apple_PubSub_Socket_Render': '/private/tmp/com.apple.launchd.MmuHTSBaPJ/Render',
16:59:34     INFO -  'GIT_SHARE_BASE_DIR': '/builds/git-shared',
16:59:34     INFO -  'HG_SHARE_BASE_DIR': '/builds/hg-shared',
16:59:34     INFO -  'HOME': '/Users/cltbld',
16:59:34     INFO -  'IDLEIZER_DISABLE_SHUTDOWN': 'true',
16:59:34     INFO -  'LOGNAME': 'cltbld',
16:59:34     INFO -  'MOZ_HIDE_RESULTS_TABLE': '1',
16:59:34     INFO -  'MOZ_NODE_PATH': '/usr/local/bin/node',
16:59:34     INFO -  'MOZ_NO_REMOTE': '1',
16:59:34     INFO -  'NO_EM_RESTART': '1',
16:59:34     INFO -  'NO_FAIL_ON_TEST_ERRORS': '1',
16:59:34     INFO -  'PATH': '/usr/local/sbin:/usr/local/bin:/usr/sbin:/usr/bin:/sbin:/bin:/usr/bin/X11',
16:59:34     INFO -  'PROPERTIES_FILE': '/builds/slave/test/buildprops.json',
16:59:34     INFO -  'PWD': '/builds/slave/test',
16:59:34     INFO -  'RUNNER_CONFIG_CMD': '/opt/runner/bin/python2.7 /opt/runner/bin/runner -c /opt/runner/runner.cfg',
16:59:34     INFO -  'SHELL': '/bin/bash',
16:59:34     INFO -  'SSH_AUTH_SOCK': '/private/tmp/com.apple.launchd.sy8lxwzk7y/Listeners',
16:59:34     INFO -  'TMPDIR': '/var/folders/rz/w7m7229s0dx0sz__p5rcj2wh00000w/T/',
16:59:34     INFO -  'TWISTD_LOG_PATH': '/builds/slave/twistd.log',
16:59:34     INFO -  'USER': 'cltbld',
16:59:34     INFO -  'VERSIONER_PYTHON_PREFER_32_BIT': 'no',
16:59:34     INFO -  'VERSIONER_PYTHON_VERSION': '2.7',
16:59:34     INFO -  'XPCOM_DEBUG_BREAK': 'warn',
16:59:34     INFO -  'XPC_FLAGS': '0x0',
16:59:34     INFO -  'XPC_SERVICE_NAME': '0',
16:59:34     INFO -  '__CF_USER_TEXT_ENCODING': '0x1C:0:0'}
16:59:34     INFO -  Ignoring indexes: https://pypi.python.org/simple
16:59:34     INFO -  Requirement already satisfied (use --upgrade to upgrade): six==1.10.0 in /builds/slave/test/build/venv/lib/python2.7/site-packages (from -r /builds/slave/test/build/tests/mochitest/websocketprocessbridge/websocketprocessbridge_requirements.txt (line 2))
16:59:34     INFO -  Collecting twisted==10.2.0 (from -r /builds/slave/test/build/tests/mochitest/websocketprocessbridge/websocketprocessbridge_requirements.txt (line 4))
16:59:34     INFO -  /builds/slave/test/build/venv/lib/python2.7/site-packages/pip/_vendor/requests/packages/urllib3/util/ssl_.py:318: SNIMissingWarning: An HTTPS request has been made, but the SNI (Subject Name Indication) extension to TLS is not available on this platform. This may cause the server to present an incorrect TLS certificate, which can cause validation failures. You can upgrade to a newer version of Python to solve this. For more information, see https://urllib3.readthedocs.org/en/latest/security.html#snimissingwarning.
16:59:34     INFO -    SNIMissingWarning
16:59:34     INFO -  /builds/slave/test/build/venv/lib/python2.7/site-packages/pip/_vendor/requests/packages/urllib3/util/ssl_.py:122: InsecurePlatformWarning: A true SSLContext object is not available. This prevents urllib3 from configuring SSL appropriately and may cause certain SSL connections to fail. You can upgrade to a newer version of Python to solve this. For more information, see https://urllib3.readthedocs.org/en/latest/security.html#insecureplatformwarning.
16:59:34     INFO -    InsecurePlatformWarning
16:59:35     INFO -  /builds/slave/test/build/venv/lib/python2.7/site-packages/pip/_vendor/requests/packages/urllib3/util/ssl_.py:122: InsecurePlatformWarning: A true SSLContext object is not available. This prevents urllib3 from configuring SSL appropriately and may cause certain SSL connections to fail. You can upgrade to a newer version of Python to solve this. For more information, see https://urllib3.readthedocs.org/en/latest/security.html#insecureplatformwarning.
16:59:35     INFO -    InsecurePlatformWarning
16:59:37     INFO -  Collecting txws==0.9.1 (from -r /builds/slave/test/build/tests/mochitest/websocketprocessbridge/websocketprocessbridge_requirements.txt (line 7))
16:59:40     INFO -  Requirement already satisfied (use --upgrade to upgrade): psutil==3.1.1 in /builds/slave/test/build/venv/lib/python2.7/site-packages (from -r /builds/slave/test/build/tests/mochitest/websocketprocessbridge/websocketprocessbridge_requirements.txt (line 9))
16:59:40     INFO -  Collecting ipaddr==2.1.11 (from -r /builds/slave/test/build/tests/mochitest/websocketprocessbridge/websocketprocessbridge_requirements.txt (line 12))
16:59:43     INFO -  Collecting passlib==1.6.5 (from -r /builds/slave/test/build/tests/mochitest/websocketprocessbridge/websocketprocessbridge_requirements.txt (line 13))
16:59:45     INFO -    Downloading https://pypi.pvt.build.mozilla.org/pub/passlib-1.6.5-py2.py3-none-any.whl (317kB)
16:59:46     INFO -  Installing collected packages: twisted, txws, ipaddr, passlib
16:59:48     INFO -  Successfully installed ipaddr-2.1.11 passlib-1.6.5 twisted-10.2.0 txws-0.9.1
16:59:49     INFO - Return code: 0
16:59:49     INFO - Installing None into virtualenv /builds/slave/test/build/venv
16:59:49     INFO - retry: Calling run_command with args: [['/builds/slave/test/build/venv/bin/pip', 'install', '--timeout', '120', '-r', '/builds/slave/test/build/tests/mochitest/websocketprocessbridge/websocketprocessbridge_requirements.txt', '--no-index', '--find-links', 'http://pypi.pvt.build.mozilla.org/pub', '--find-links', 'http://pypi.pub.build.mozilla.org/pub', '--trusted-host', 'pypi.pub.build.mozilla.org', '--trusted-host', 'pypi.pvt.build.mozilla.org']], kwargs: {'error_level': 'warning', 'error_list': [{'substr': 'not found or a compiler error:', 'level': 'warning'}, {'regex': <_sre.SRE_Pattern object at 0x102d3d170>, 'level': 'error'}, {'regex': <_sre.SRE_Pattern object at 0x102ddf960>, 'level': 'warning'}, {'regex': <_sre.SRE_Pattern object at 0x7f997a532df0>, 'level': 'debug'}, {'substr': 'command not found', 'level': 'error'}, {'regex': <_sre.SRE_Pattern object at 0x102cd01d0>, 'level': 'warning'}, {'substr': 'Traceback (most recent call last)', 'level': 'error'}, {'substr': 'SyntaxError: ', 'level': 'error'}, {'substr': 'TypeError: ', 'level': 'error'}, {'substr': 'NameError: ', 'level': 'error'}, {'substr': 'ZeroDivisionError: ', 'level': 'error'}, {'regex': <_sre.SRE_Pattern object at 0x102cab108>, 'level': 'critical'}, {'regex': <_sre.SRE_Pattern object at 0x102cc5030>, 'level': 'critical'}], 'cwd': '/builds/slave/test/build/tests/mochitest/websocketprocessbridge', 'env': {'VERSIONER_PYTHON_PREFER_32_BIT': 'no', 'LOGNAME': 'cltbld', 'USER': 'cltbld', 'XPC_SERVICE_NAME': '0', 'PATH': '/usr/local/sbin:/usr/local/bin:/usr/sbin:/usr/bin:/sbin:/bin:/usr/bin/X11', 'HOME': '/Users/cltbld', 'NO_EM_RESTART': '1', 'IDLEIZER_DISABLE_SHUTDOWN': 'true', 'XPCOM_DEBUG_BREAK': 'warn', 'Apple_PubSub_Socket_Render': '/private/tmp/com.apple.launchd.MmuHTSBaPJ/Render', 'MOZ_NODE_PATH': '/usr/local/bin/node', 'TWISTD_LOG_PATH': '/builds/slave/twistd.log', 'GIT_SHARE_BASE_DIR': '/builds/git-shared', 'VERSIONER_PYTHON_VERSION': '2.7', 'XPC_FLAGS': '0x0', 'NO_FAIL_ON_TEST_ERRORS': '1', 'HG_SHARE_BASE_DIR': '/builds/hg-shared', 'RUNNER_CONFIG_CMD': '/opt/runner/bin/python2.7 /opt/runner/bin/runner -c /opt/runner/runner.cfg', 'MOZ_NO_REMOTE': '1', 'MOZ_HIDE_RESULTS_TABLE': '1', 'SSH_AUTH_SOCK': '/private/tmp/com.apple.launchd.sy8lxwzk7y/Listeners', 'SHELL': '/bin/bash', 'TMPDIR': '/var/folders/rz/w7m7229s0dx0sz__p5rcj2wh00000w/T/', '__CF_USER_TEXT_ENCODING': '0x1C:0:0', 'PWD': '/builds/slave/test', 'PROPERTIES_FILE': '/builds/slave/test/buildprops.json'}}, attempt #1
16:59:49     INFO - Running command: ['/builds/slave/test/build/venv/bin/pip', 'install', '--timeout', '120', '-r', '/builds/slave/test/build/tests/mochitest/websocketprocessbridge/websocketprocessbridge_requirements.txt', '--no-index', '--find-links', 'http://pypi.pvt.build.mozilla.org/pub', '--find-links', 'http://pypi.pub.build.mozilla.org/pub', '--trusted-host', 'pypi.pub.build.mozilla.org', '--trusted-host', 'pypi.pvt.build.mozilla.org'] in /builds/slave/test/build/tests/mochitest/websocketprocessbridge
16:59:49     INFO - Copy/paste: /builds/slave/test/build/venv/bin/pip install --timeout 120 -r /builds/slave/test/build/tests/mochitest/websocketprocessbridge/websocketprocessbridge_requirements.txt --no-index --find-links http://pypi.pvt.build.mozilla.org/pub --find-links http://pypi.pub.build.mozilla.org/pub --trusted-host pypi.pub.build.mozilla.org --trusted-host pypi.pvt.build.mozilla.org
16:59:49     INFO - Using env: {'Apple_PubSub_Socket_Render': '/private/tmp/com.apple.launchd.MmuHTSBaPJ/Render',
16:59:49     INFO -  'GIT_SHARE_BASE_DIR': '/builds/git-shared',
16:59:49     INFO -  'HG_SHARE_BASE_DIR': '/builds/hg-shared',
16:59:49     INFO -  'HOME': '/Users/cltbld',
16:59:49     INFO -  'IDLEIZER_DISABLE_SHUTDOWN': 'true',
16:59:49     INFO -  'LOGNAME': 'cltbld',
16:59:49     INFO -  'MOZ_HIDE_RESULTS_TABLE': '1',
16:59:49     INFO -  'MOZ_NODE_PATH': '/usr/local/bin/node',
16:59:49     INFO -  'MOZ_NO_REMOTE': '1',
16:59:49     INFO -  'NO_EM_RESTART': '1',
16:59:49     INFO -  'NO_FAIL_ON_TEST_ERRORS': '1',
16:59:49     INFO -  'PATH': '/usr/local/sbin:/usr/local/bin:/usr/sbin:/usr/bin:/sbin:/bin:/usr/bin/X11',
16:59:49     INFO -  'PROPERTIES_FILE': '/builds/slave/test/buildprops.json',
16:59:49     INFO -  'PWD': '/builds/slave/test',
16:59:49     INFO -  'RUNNER_CONFIG_CMD': '/opt/runner/bin/python2.7 /opt/runner/bin/runner -c /opt/runner/runner.cfg',
16:59:49     INFO -  'SHELL': '/bin/bash',
16:59:49     INFO -  'SSH_AUTH_SOCK': '/private/tmp/com.apple.launchd.sy8lxwzk7y/Listeners',
16:59:49     INFO -  'TMPDIR': '/var/folders/rz/w7m7229s0dx0sz__p5rcj2wh00000w/T/',
16:59:49     INFO -  'TWISTD_LOG_PATH': '/builds/slave/twistd.log',
16:59:49     INFO -  'USER': 'cltbld',
16:59:49     INFO -  'VERSIONER_PYTHON_PREFER_32_BIT': 'no',
16:59:49     INFO -  'VERSIONER_PYTHON_VERSION': '2.7',
16:59:49     INFO -  'XPCOM_DEBUG_BREAK': 'warn',
16:59:49     INFO -  'XPC_FLAGS': '0x0',
16:59:49     INFO -  'XPC_SERVICE_NAME': '0',
16:59:49     INFO -  '__CF_USER_TEXT_ENCODING': '0x1C:0:0'}
16:59:49     INFO -  Ignoring indexes: https://pypi.python.org/simple
16:59:49     INFO -  Requirement already satisfied (use --upgrade to upgrade): six==1.10.0 in /builds/slave/test/build/venv/lib/python2.7/site-packages (from -r /builds/slave/test/build/tests/mochitest/websocketprocessbridge/websocketprocessbridge_requirements.txt (line 2))
16:59:49     INFO -  Requirement already satisfied (use --upgrade to upgrade): twisted==10.2.0 in /builds/slave/test/build/venv/lib/python2.7/site-packages (from -r /builds/slave/test/build/tests/mochitest/websocketprocessbridge/websocketprocessbridge_requirements.txt (line 4))
16:59:49     INFO -  Requirement already satisfied (use --upgrade to upgrade): txws==0.9.1 in /builds/slave/test/build/venv/lib/python2.7/site-packages (from -r /builds/slave/test/build/tests/mochitest/websocketprocessbridge/websocketprocessbridge_requirements.txt (line 7))
16:59:49     INFO -  Requirement already satisfied (use --upgrade to upgrade): psutil==3.1.1 in /builds/slave/test/build/venv/lib/python2.7/site-packages (from -r /builds/slave/test/build/tests/mochitest/websocketprocessbridge/websocketprocessbridge_requirements.txt (line 9))
16:59:49     INFO -  Requirement already satisfied (use --upgrade to upgrade): ipaddr==2.1.11 in /builds/slave/test/build/venv/lib/python2.7/site-packages (from -r /builds/slave/test/build/tests/mochitest/websocketprocessbridge/websocketprocessbridge_requirements.txt (line 12))
16:59:49     INFO -  Requirement already satisfied (use --upgrade to upgrade): passlib==1.6.5 in /builds/slave/test/build/venv/lib/python2.7/site-packages (from -r /builds/slave/test/build/tests/mochitest/websocketprocessbridge/websocketprocessbridge_requirements.txt (line 13))
16:59:49     INFO -  Collecting zope.interface (from twisted==10.2.0->-r /builds/slave/test/build/tests/mochitest/websocketprocessbridge/websocketprocessbridge_requirements.txt (line 4))
16:59:49     INFO -  /builds/slave/test/build/venv/lib/python2.7/site-packages/pip/_vendor/requests/packages/urllib3/util/ssl_.py:318: SNIMissingWarning: An HTTPS request has been made, but the SNI (Subject Name Indication) extension to TLS is not available on this platform. This may cause the server to present an incorrect TLS certificate, which can cause validation failures. You can upgrade to a newer version of Python to solve this. For more information, see https://urllib3.readthedocs.org/en/latest/security.html#snimissingwarning.
16:59:49     INFO -    SNIMissingWarning
16:59:49     INFO -  /builds/slave/test/build/venv/lib/python2.7/site-packages/pip/_vendor/requests/packages/urllib3/util/ssl_.py:122: InsecurePlatformWarning: A true SSLContext object is not available. This prevents urllib3 from configuring SSL appropriately and may cause certain SSL connections to fail. You can upgrade to a newer version of Python to solve this. For more information, see https://urllib3.readthedocs.org/en/latest/security.html#insecureplatformwarning.
16:59:49     INFO -    InsecurePlatformWarning
16:59:50     INFO -  /builds/slave/test/build/venv/lib/python2.7/site-packages/pip/_vendor/requests/packages/urllib3/util/ssl_.py:122: InsecurePlatformWarning: A true SSLContext object is not available. This prevents urllib3 from configuring SSL appropriately and may cause certain SSL connections to fail. You can upgrade to a newer version of Python to solve this. For more information, see https://urllib3.readthedocs.org/en/latest/security.html#insecureplatformwarning.
16:59:50     INFO -    InsecurePlatformWarning
16:59:52     INFO -  Requirement already satisfied (use --upgrade to upgrade): setuptools in /builds/slave/test/build/venv/lib/python2.7/site-packages (from zope.interface->twisted==10.2.0->-r /builds/slave/test/build/tests/mochitest/websocketprocessbridge/websocketprocessbridge_requirements.txt (line 4))
16:59:52     INFO -  Installing collected packages: zope.interface
16:59:52     INFO -  Successfully installed zope.interface-4.0.2
16:59:52     INFO - Return code: 0
16:59:52     INFO - Done creating virtualenv /builds/slave/test/build/venv.
16:59:52     INFO - Getting output from command: ['/builds/slave/test/build/venv/bin/pip', 'freeze']
16:59:52     INFO - Copy/paste: /builds/slave/test/build/venv/bin/pip freeze
16:59:53     INFO - Reading from file tmpfile_stdout
16:59:53     INFO - Reading from file tmpfile_stderr
16:59:53     INFO - Current package versions:
16:59:53     INFO -   Twisted == 10.2.0
16:59:53     INFO -   blessings == 1.6
16:59:53     INFO -   blobuploader == 1.2.4
16:59:53     INFO -   browsermob-proxy == 0.6.0
16:59:53     INFO -   docopt == 0.6.1
16:59:53     INFO -   firefox-puppeteer == 52.1.0
16:59:53     INFO -   functools32 == 3.2.3.post2
16:59:53     INFO -   ipaddr == 2.1.11
16:59:53     INFO -   jsonschema == 2.5.1
16:59:53     INFO -   manifestparser == 1.1
16:59:53     INFO -   marionette-driver == 2.2.0
16:59:53     INFO -   marionette-harness == 4.0.0
16:59:53     INFO -   mock == 1.0.1
16:59:53     INFO -   mozInstall == 1.12
16:59:53     INFO -   mozcrash == 1.0
16:59:53     INFO -   mozdebug == 0.1
16:59:53     INFO -   mozdevice == 0.48
16:59:53     INFO -   mozfile == 1.2
16:59:53     INFO -   mozhttpd == 0.7
16:59:53     INFO -   mozinfo == 0.9
16:59:53     INFO -   mozleak == 0.1
16:59:53     INFO -   mozlog == 3.4
16:59:53     INFO -   moznetwork == 0.27
16:59:53     INFO -   mozprocess == 0.23
16:59:53     INFO -   mozprofile == 0.28
16:59:53     INFO -   mozrunner == 6.13
16:59:53     INFO -   mozscreenshot == 0.1
16:59:53     INFO -   mozsystemmonitor == 0.3
16:59:53     INFO -   moztest == 0.8
16:59:53     INFO -   mozversion == 1.4
16:59:53     INFO -   passlib == 1.6.5
16:59:53     INFO -   psutil == 3.1.1
16:59:53     INFO -   requests == 1.2.3
16:59:53     INFO -   simplejson == 3.3.0
16:59:53     INFO -   six == 1.10.0
16:59:53     INFO -   txWS == 0.9.1
16:59:53     INFO -   vcversioner == 2.16.0.0
16:59:53     INFO -   wptserve == 1.4.0
16:59:53     INFO -   zope.interface == 4.0.2
16:59:53     INFO - Running post-action listener: _resource_record_post_action
16:59:53     INFO - Running post-action listener: _start_resource_monitoring
16:59:53     INFO - Starting resource monitoring.
16:59:53     INFO - [mozharness: 2018-06-08 23:59:53.295958Z] Finished create-virtualenv step (success)
16:59:53     INFO - [mozharness: 2018-06-08 23:59:53.297019Z] Running install step.
16:59:53     INFO - Running pre-action listener: _resource_record_pre_action
16:59:53     INFO - Running main action method: install
16:59:53     INFO - Getting output from command: ['/builds/slave/test/build/venv/bin/pip', 'freeze']
16:59:53     INFO - Copy/paste: /builds/slave/test/build/venv/bin/pip freeze
16:59:53     INFO - Reading from file tmpfile_stdout
16:59:53     INFO - Reading from file tmpfile_stderr
16:59:53     INFO - Detecting whether we're running mozinstall >=1.0...
16:59:53     INFO - Getting output from command: ['/builds/slave/test/build/venv/bin/mozinstall', '-h']
16:59:53     INFO - Copy/paste: /builds/slave/test/build/venv/bin/mozinstall -h
16:59:53     INFO - Reading from file tmpfile_stdout
16:59:53     INFO - Output received:
16:59:53     INFO -  Usage: mozinstall [options] installer
16:59:53     INFO -  Options:
16:59:53     INFO -    -h, --help            show this help message and exit
16:59:53     INFO -    -d DEST, --destination=DEST
16:59:53     INFO -                          Directory to install application into. [default:
16:59:53     INFO -                          "/builds/slave/test"]
16:59:53     INFO -    --app=APP             Application being installed. [default: firefox]
16:59:53     INFO - mkdir: /builds/slave/test/build/application
16:59:53     INFO - Getting output from command: ['/builds/slave/test/build/venv/bin/mozinstall', '/builds/slave/test/installer.dmg', '--destination', '/builds/slave/test/build/application']
16:59:53     INFO - Copy/paste: /builds/slave/test/build/venv/bin/mozinstall /builds/slave/test/installer.dmg --destination /builds/slave/test/build/application
17:00:15     INFO - Reading from file tmpfile_stdout
17:00:15     INFO - Output received:
17:00:15     INFO -  /builds/slave/test/build/application/Firefox.app/Contents/MacOS/firefox
17:00:15     INFO - Running post-action listener: _resource_record_post_action
17:00:15     INFO - [mozharness: 2018-06-09 00:00:15.931807Z] Finished install step (success)
17:00:15     INFO - [mozharness: 2018-06-09 00:00:15.931952Z] Running stage-files step.
17:00:15     INFO - Running pre-action listener: _resource_record_pre_action
17:00:15     INFO - Running main action method: stage_files
17:00:15     INFO - Running post-action listener: _resource_record_post_action
17:00:15     INFO - [mozharness: 2018-06-09 00:00:15.932647Z] Finished stage-files step (success)
17:00:15     INFO - [mozharness: 2018-06-09 00:00:15.932761Z] Running run-tests step.
17:00:15     INFO - Running pre-action listener: _resource_record_pre_action
17:00:15     INFO - Running pre-action listener: _set_gcov_prefix
17:00:15     INFO - Running main action method: run_tests
17:00:15     INFO - #### Running mochitest suites
17:00:15     INFO - Structured output parser in use for mochitest.
17:00:15     INFO - grabbing minidump binary from tooltool
17:00:15     INFO - retry: Calling run_command with args: (['/tools/tooltool.py', '--url', 'https://api.pub.build.mozilla.org/tooltool/', '--authentication-file', '/builds/relengapi.tok', 'fetch', '-m', '/builds/slave/test/build/tests/config/tooltool-manifests/macosx64/releng.manifest', '-o', '-c', '/builds/tooltool_cache'],), kwargs: {'output_timeout': 600, 'error_list': [{'substr': 'command not found', 'level': 'error'}, {'regex': <_sre.SRE_Pattern object at 0x102cd01d0>, 'level': 'warning'}, {'substr': 'Traceback (most recent call last)', 'level': 'error'}, {'substr': 'SyntaxError: ', 'level': 'error'}, {'substr': 'TypeError: ', 'level': 'error'}, {'substr': 'NameError: ', 'level': 'error'}, {'substr': 'ZeroDivisionError: ', 'level': 'error'}, {'regex': <_sre.SRE_Pattern object at 0x102cab108>, 'level': 'critical'}, {'regex': <_sre.SRE_Pattern object at 0x102cc5030>, 'level': 'critical'}, {'substr': 'ERROR - ', 'level': 'error'}], 'cwd': '/builds/slave/test/build', 'privileged': False}, attempt #1
17:00:15     INFO - Running command: ['/tools/tooltool.py', '--url', 'https://api.pub.build.mozilla.org/tooltool/', '--authentication-file', '/builds/relengapi.tok', 'fetch', '-m', '/builds/slave/test/build/tests/config/tooltool-manifests/macosx64/releng.manifest', '-o', '-c', '/builds/tooltool_cache'] in /builds/slave/test/build
17:00:15     INFO - Copy/paste: /tools/tooltool.py --url https://api.pub.build.mozilla.org/tooltool/ --authentication-file /builds/relengapi.tok fetch -m /builds/slave/test/build/tests/config/tooltool-manifests/macosx64/releng.manifest -o -c /builds/tooltool_cache
17:00:15     INFO - Calling ['/tools/tooltool.py', '--url', 'https://api.pub.build.mozilla.org/tooltool/', '--authentication-file', '/builds/relengapi.tok', 'fetch', '-m', '/builds/slave/test/build/tests/config/tooltool-manifests/macosx64/releng.manifest', '-o', '-c', '/builds/tooltool_cache'] with output_timeout 600
17:00:16     INFO -  INFO - File macosx64-minidump_stackwalk retrieved from local cache /builds/tooltool_cache
17:00:16     INFO - Return code: 0
17:00:16     INFO - Chmoding /builds/slave/test/build/macosx64-minidump_stackwalk to 0755
17:00:16     INFO - grabbing nodejs binary from tooltool
17:00:16     INFO - retry: Calling run_command with args: (['/tools/tooltool.py', '--url', 'https://api.pub.build.mozilla.org/tooltool/', '--authentication-file', '/builds/relengapi.tok', 'fetch', '-m', '/builds/slave/test/build/tests/config/tooltool-manifests/macosx64/nodejs.manifest', '-o', '-c', '/builds/tooltool_cache'],), kwargs: {'output_timeout': 600, 'error_list': [{'substr': 'command not found', 'level': 'error'}, {'regex': <_sre.SRE_Pattern object at 0x102cd01d0>, 'level': 'warning'}, {'substr': 'Traceback (most recent call last)', 'level': 'error'}, {'substr': 'SyntaxError: ', 'level': 'error'}, {'substr': 'TypeError: ', 'level': 'error'}, {'substr': 'NameError: ', 'level': 'error'}, {'substr': 'ZeroDivisionError: ', 'level': 'error'}, {'regex': <_sre.SRE_Pattern object at 0x102cab108>, 'level': 'critical'}, {'regex': <_sre.SRE_Pattern object at 0x102cc5030>, 'level': 'critical'}, {'substr': 'ERROR - ', 'level': 'error'}], 'cwd': '/builds/slave/test/build', 'privileged': False}, attempt #1
17:00:16     INFO - Running command: ['/tools/tooltool.py', '--url', 'https://api.pub.build.mozilla.org/tooltool/', '--authentication-file', '/builds/relengapi.tok', 'fetch', '-m', '/builds/slave/test/build/tests/config/tooltool-manifests/macosx64/nodejs.manifest', '-o', '-c', '/builds/tooltool_cache'] in /builds/slave/test/build
17:00:16     INFO - Copy/paste: /tools/tooltool.py --url https://api.pub.build.mozilla.org/tooltool/ --authentication-file /builds/relengapi.tok fetch -m /builds/slave/test/build/tests/config/tooltool-manifests/macosx64/nodejs.manifest -o -c /builds/tooltool_cache
17:00:16     INFO - Calling ['/tools/tooltool.py', '--url', 'https://api.pub.build.mozilla.org/tooltool/', '--authentication-file', '/builds/relengapi.tok', 'fetch', '-m', '/builds/slave/test/build/tests/config/tooltool-manifests/macosx64/nodejs.manifest', '-o', '-c', '/builds/tooltool_cache'] with output_timeout 600
17:00:16     INFO -  INFO - File node-osx.tar.gz retrieved from local cache /builds/tooltool_cache
17:00:16     INFO -  INFO - untarring "node-osx.tar.gz"
17:00:17     INFO - Return code: 0
17:00:17     INFO - Chmoding /builds/slave/test/build/node-osx/bin/node to 0755
17:00:17     INFO - mkdir: /builds/slave/test/build/blobber_upload_dir
17:00:17     INFO - ENV: MOZ_UPLOAD_DIR is now /builds/slave/test/build/blobber_upload_dir
17:00:17     INFO - ENV: MINIDUMP_STACKWALK is now /builds/slave/test/build/macosx64-minidump_stackwalk
17:00:17     INFO - ENV: MOZ_NODE_PATH is now /builds/slave/test/build/node-osx/bin/node
17:00:17     INFO - ENV: MINIDUMP_SAVE_PATH is now /builds/slave/test/build/blobber_upload_dir
17:00:17     INFO - Running command: ['/builds/slave/test/build/venv/bin/python', '-u', '/builds/slave/test/build/tests/mochitest/runtests.py', '--total-chunks', '8', '--this-chunk', '7', '--appname=/builds/slave/test/build/application/Firefox.app/Contents/MacOS/firefox', '--utility-path=tests/bin', '--extra-profile-file=tests/bin/plugins', '--symbols-path=https://queue.taskcluster.net/v1/task/HHn8t6C8SBmHWYIFt5uc2A/artifacts/public/build/firefox-52.8.2.en-US.mac.crashreporter-symbols.zip', '--certificate-path=tests/certs', '--quiet', '--log-raw=/builds/slave/test/build/blobber_upload_dir/mochitest-devtools-chrome_raw.log', '--log-errorsummary=/builds/slave/test/build/blobber_upload_dir/mochitest-devtools-chrome_errorsummary.log', '--screenshot-on-fail', '--cleanup-crashes', '--log-raw=-', '--flavor=browser', '--subsuite=devtools'] in /builds/slave/test/build
17:00:17     INFO - Copy/paste: /builds/slave/test/build/venv/bin/python -u /builds/slave/test/build/tests/mochitest/runtests.py --total-chunks 8 --this-chunk 7 --appname=/builds/slave/test/build/application/Firefox.app/Contents/MacOS/firefox --utility-path=tests/bin --extra-profile-file=tests/bin/plugins --symbols-path=https://queue.taskcluster.net/v1/task/HHn8t6C8SBmHWYIFt5uc2A/artifacts/public/build/firefox-52.8.2.en-US.mac.crashreporter-symbols.zip --certificate-path=tests/certs --quiet --log-raw=/builds/slave/test/build/blobber_upload_dir/mochitest-devtools-chrome_raw.log --log-errorsummary=/builds/slave/test/build/blobber_upload_dir/mochitest-devtools-chrome_errorsummary.log --screenshot-on-fail --cleanup-crashes --log-raw=- --flavor=browser --subsuite=devtools
17:00:17     INFO - Using env: {'Apple_PubSub_Socket_Render': '/private/tmp/com.apple.launchd.MmuHTSBaPJ/Render',
17:00:17     INFO -  'GIT_SHARE_BASE_DIR': '/builds/git-shared',
17:00:17     INFO -  'HG_SHARE_BASE_DIR': '/builds/hg-shared',
17:00:17     INFO -  'HOME': '/Users/cltbld',
17:00:17     INFO -  'IDLEIZER_DISABLE_SHUTDOWN': 'true',
17:00:17     INFO -  'LOGNAME': 'cltbld',
17:00:17     INFO -  'MINIDUMP_SAVE_PATH': '/builds/slave/test/build/blobber_upload_dir',
17:00:17     INFO -  'MINIDUMP_STACKWALK': '/builds/slave/test/build/macosx64-minidump_stackwalk',
17:00:17     INFO -  'MOZ_HIDE_RESULTS_TABLE': '1',
17:00:17     INFO -  'MOZ_NODE_PATH': '/builds/slave/test/build/node-osx/bin/node',
17:00:17     INFO -  'MOZ_NO_REMOTE': '1',
17:00:17     INFO -  'MOZ_UPLOAD_DIR': '/builds/slave/test/build/blobber_upload_dir',
17:00:17     INFO -  'NO_EM_RESTART': '1',
17:00:17     INFO -  'NO_FAIL_ON_TEST_ERRORS': '1',
17:00:17     INFO -  'PATH': '/builds/slave/test/build/venv/bin:/usr/local/sbin:/usr/local/bin:/usr/sbin:/usr/bin:/sbin:/bin:/usr/bin/X11',
17:00:17     INFO -  'PROPERTIES_FILE': '/builds/slave/test/buildprops.json',
17:00:17     INFO -  'PWD': '/builds/slave/test',
17:00:17     INFO -  'RUNNER_CONFIG_CMD': '/opt/runner/bin/python2.7 /opt/runner/bin/runner -c /opt/runner/runner.cfg',
17:00:17     INFO -  'SHELL': '/bin/bash',
17:00:17     INFO -  'SSH_AUTH_SOCK': '/private/tmp/com.apple.launchd.sy8lxwzk7y/Listeners',
17:00:17     INFO -  'TMPDIR': '/var/folders/rz/w7m7229s0dx0sz__p5rcj2wh00000w/T/',
17:00:17     INFO -  'TWISTD_LOG_PATH': '/builds/slave/twistd.log',
17:00:17     INFO -  'USER': 'cltbld',
17:00:17     INFO -  'VERSIONER_PYTHON_PREFER_32_BIT': 'no',
17:00:17     INFO -  'VERSIONER_PYTHON_VERSION': '2.7',
17:00:17     INFO -  'XPCOM_DEBUG_BREAK': 'warn',
17:00:17     INFO -  'XPC_FLAGS': '0x0',
17:00:17     INFO -  'XPC_SERVICE_NAME': '0',
17:00:17     INFO -  '__CF_USER_TEXT_ENCODING': '0x1C:0:0'}
17:00:17     INFO - Calling ['/builds/slave/test/build/venv/bin/python', '-u', '/builds/slave/test/build/tests/mochitest/runtests.py', '--total-chunks', '8', '--this-chunk', '7', '--appname=/builds/slave/test/build/application/Firefox.app/Contents/MacOS/firefox', '--utility-path=tests/bin', '--extra-profile-file=tests/bin/plugins', '--symbols-path=https://queue.taskcluster.net/v1/task/HHn8t6C8SBmHWYIFt5uc2A/artifacts/public/build/firefox-52.8.2.en-US.mac.crashreporter-symbols.zip', '--certificate-path=tests/certs', '--quiet', '--log-raw=/builds/slave/test/build/blobber_upload_dir/mochitest-devtools-chrome_raw.log', '--log-errorsummary=/builds/slave/test/build/blobber_upload_dir/mochitest-devtools-chrome_errorsummary.log', '--screenshot-on-fail', '--cleanup-crashes', '--log-raw=-', '--flavor=browser', '--subsuite=devtools'] with output_timeout 1000
17:00:17     INFO - Checking for orphan ssltunnel processes...
17:00:18     INFO - Checking for orphan xpcshell processes...
17:00:18     INFO - mozcrash Removed pending crash reports at '/Users/cltbld/Library/Application Support/firefox/Crash Reports'
17:00:18     INFO - SUITE-START | Running 215 tests
17:00:18     INFO - TEST-START | devtools/client/shared/test/browser_outputparser.js
17:00:18     INFO - TEST-SKIP | devtools/client/shared/test/browser_outputparser.js | took 1ms
17:00:18     INFO - TEST-START | devtools/client/shared/test/browser_telemetry_button_paintflashing.js
17:00:18     INFO - TEST-SKIP | devtools/client/shared/test/browser_telemetry_button_paintflashing.js | took 0ms
17:00:18     INFO - TEST-START | devtools/client/shared/test/browser_telemetry_button_responsive.js
17:00:18     INFO - TEST-SKIP | devtools/client/shared/test/browser_telemetry_button_responsive.js | took 0ms
17:00:18     INFO - TEST-START | devtools/client/shared/test/browser_toolbar_webconsole_errors_count.js
17:00:18     INFO - TEST-SKIP | devtools/client/shared/test/browser_toolbar_webconsole_errors_count.js | took 0ms
17:00:18     INFO - TEST-START | devtools/client/webaudioeditor/test/browser_audionode-actor-connectparam.js
17:00:18     INFO - TEST-SKIP | devtools/client/webaudioeditor/test/browser_audionode-actor-connectparam.js | took 0ms
17:00:18     INFO - TEST-START | devtools/client/webaudioeditor/test/browser_wa_graph-render-05.js
17:00:18     INFO - TEST-SKIP | devtools/client/webaudioeditor/test/browser_wa_graph-render-05.js | took 0ms
17:00:18     INFO - TEST-START | devtools/client/webaudioeditor/test/browser_wa_properties-view-edit-01.js
17:00:18     INFO - TEST-SKIP | devtools/client/webaudioeditor/test/browser_wa_properties-view-edit-01.js | took 1ms
17:00:18     INFO - TEST-START | devtools/client/webaudioeditor/test/browser_wa_properties-view-edit-02.js
17:00:18     INFO - TEST-SKIP | devtools/client/webaudioeditor/test/browser_wa_properties-view-edit-02.js | took 0ms
17:00:18     INFO - TEST-START | devtools/client/webaudioeditor/test/browser_wa_properties-view-media-nodes.js
17:00:18     INFO - TEST-SKIP | devtools/client/webaudioeditor/test/browser_wa_properties-view-media-nodes.js | took 0ms
17:00:18     INFO - TEST-START | devtools/client/webconsole/new-console-output/test/fixtures/stub-generators/browser_webconsole_update_stubs_console_api.js
17:00:18     INFO - TEST-SKIP | devtools/client/webconsole/new-console-output/test/fixtures/stub-generators/browser_webconsole_update_stubs_console_api.js | took 0ms
17:00:18     INFO - TEST-START | devtools/client/webconsole/new-console-output/test/fixtures/stub-generators/browser_webconsole_update_stubs_evaluation_result.js
17:00:18     INFO - TEST-SKIP | devtools/client/webconsole/new-console-output/test/fixtures/stub-generators/browser_webconsole_update_stubs_evaluation_result.js | took 0ms
17:00:18     INFO - TEST-START | devtools/client/webconsole/new-console-output/test/fixtures/stub-generators/browser_webconsole_update_stubs_network_event.js
17:00:18     INFO - TEST-SKIP | devtools/client/webconsole/new-console-output/test/fixtures/stub-generators/browser_webconsole_update_stubs_network_event.js | took 0ms
17:00:18     INFO - TEST-START | devtools/client/webconsole/new-console-output/test/fixtures/stub-generators/browser_webconsole_update_stubs_page_error.js
17:00:18     INFO - TEST-SKIP | devtools/client/webconsole/new-console-output/test/fixtures/stub-generators/browser_webconsole_update_stubs_page_error.js | took 1ms
17:00:18     INFO - TEST-START | devtools/client/webconsole/test/browser_bug_862916_console_dir_and_filter_off.js
17:00:18     INFO - TEST-SKIP | devtools/client/webconsole/test/browser_bug_862916_console_dir_and_filter_off.js | took 0ms
17:00:18     INFO - TEST-START | devtools/client/webconsole/test/browser_console_dead_objects.js
17:00:18     INFO - TEST-SKIP | devtools/client/webconsole/test/browser_console_dead_objects.js | took 0ms
17:00:18     INFO - TEST-START | devtools/client/webconsole/test/browser_console_private_browsing.js
17:00:18     INFO - TEST-SKIP | devtools/client/webconsole/test/browser_console_private_browsing.js | took 0ms
17:00:18     INFO -  dir: devtools/client/shared/test
17:00:18     INFO -  mozprofile.addons WARNING | Could not install /builds/slave/test/build/tests/mochitest/extensions/mozscreenshots: [Errno 2] No such file or directory: '/builds/slave/test/build/tests/mochitest/extensions/mozscreenshots/install.rdf'
17:00:18     INFO -  pk12util: PKCS12 IMPORT SUCCESSFUL
17:00:18     INFO - MochitestServer : launching [u'/builds/slave/test/build/tests/bin/xpcshell', '-g', '/builds/slave/test/build/application/Firefox.app/Contents/Resources', '-v', '170', '-f', '/builds/slave/test/build/tests/bin/components/httpd.js', '-e', "const _PROFILE_PATH = '/var/folders/rz/w7m7229s0dx0sz__p5rcj2wh00000w/T/tmpAHawF5.mozrunner'; const _SERVER_PORT = '8888'; const _SERVER_ADDR = '127.0.0.1'; const _TEST_PREFIX = undefined; const _DISPLAY_RESULTS = false;", '-f', '/builds/slave/test/build/tests/mochitest/server.js']
17:00:18     INFO - runtests.py | Server pid: 826
17:00:18     INFO - runtests.py | Websocket server pid: 827
17:00:18     INFO - runtests.py | SSL tunnel pid: 828
17:00:18     INFO - runtests.py | Running with e10s: True
17:00:18     INFO - runtests.py | Running tests: start.
17:00:18     INFO - 
17:00:18     INFO - Application command: /builds/slave/test/build/application/Firefox.app/Contents/MacOS/firefox -marionette -foreground -profile /var/folders/rz/w7m7229s0dx0sz__p5rcj2wh00000w/T/tmpAHawF5.mozrunner
17:00:18     INFO - runtests.py | Application pid: 829
17:00:18     INFO - TEST-INFO | started process Main app process
17:00:20     INFO - 1528502420460	Marionette	INFO	Listening on port 2828
17:00:22     INFO - 2018-06-08 17:00:22.396 plugin-container[833:4168] *** CFMessagePort: bootstrap_register(): failed 1100 (0x44c) 'Permission denied', port = 0x8f4b, name = 'com.apple.tsm.portname'
17:00:22     INFO - See /usr/include/servers/bootstrap_defs.h for the error codes.
17:00:22     INFO - 2018-06-08 17:00:22.396 plugin-container[833:4168] *** CFMessagePort: bootstrap_register(): failed 1100 (0x44c) 'Permission denied', port = 0x940f, name = 'com.apple.CFPasteboardClient'
17:00:22     INFO - See /usr/include/servers/bootstrap_defs.h for the error codes.
17:00:22     INFO - 2018-06-08 17:00:22.397 plugin-container[833:4168] Failed to allocate communication port for com.apple.CFPasteboardClient; this is likely due to sandbox restrictions
17:00:22     INFO - *** Start BrowserChrome Test Results ***
17:00:22     INFO - checking window state
17:00:23     INFO - TEST-START | devtools/client/shared/test/browser_devices.js
17:00:23     INFO - MEMORY STAT vsizeMaxContiguous not supported in this build configuration.
17:00:23     INFO - MEMORY STAT | vsize 4014MB | residentFast 261MB | heapAllocated 131MB
17:00:23     INFO - TEST-OK | devtools/client/shared/test/browser_devices.js | took 154ms
17:00:23     INFO - checking window state
17:00:23     INFO - TEST-START | devtools/client/shared/test/browser_mdn-docs-02.js
17:00:23     INFO - MEMORY STAT | vsize 4029MB | residentFast 271MB | heapAllocated 136MB
17:00:23     INFO - TEST-OK | devtools/client/shared/test/browser_mdn-docs-02.js | took 292ms
17:00:23     INFO - checking window state
17:00:23     INFO - TEST-START | devtools/client/shared/test/browser_mdn-docs-03.js
17:00:23     INFO - MEMORY STAT | vsize 4037MB | residentFast 278MB | heapAllocated 142MB
17:00:23     INFO - TEST-OK | devtools/client/shared/test/browser_mdn-docs-03.js | took 448ms
17:00:24     INFO - checking window state
17:00:24     INFO - TEST-START | devtools/client/shared/test/browser_num-l10n.js
17:00:24     INFO - MEMORY STAT | vsize 4037MB | residentFast 279MB | heapAllocated 141MB
17:00:24     INFO - TEST-OK | devtools/client/shared/test/browser_num-l10n.js | took 70ms
17:00:24     INFO - checking window state
17:00:24     INFO - TEST-START | devtools/client/shared/test/browser_options-view-01.js
17:00:24     INFO - MEMORY STAT | vsize 4048MB | residentFast 284MB | heapAllocated 144MB
17:00:24     INFO - TEST-OK | devtools/client/shared/test/browser_options-view-01.js | took 540ms
17:00:24     INFO - checking window state
17:00:24     INFO - TEST-START | devtools/client/shared/test/browser_poller.js
17:00:27     INFO - MEMORY STAT | vsize 4054MB | residentFast 291MB | heapAllocated 148MB
17:00:27     INFO - TEST-OK | devtools/client/shared/test/browser_poller.js | took 2782ms
17:00:27     INFO - checking window state
17:00:27     INFO - TEST-START | devtools/client/shared/test/browser_prefs-01.js
17:00:27     INFO - MEMORY STAT | vsize 4056MB | residentFast 292MB | heapAllocated 149MB
17:00:27     INFO - TEST-OK | devtools/client/shared/test/browser_prefs-01.js | took 54ms
17:00:27     INFO - checking window state
17:00:27     INFO - TEST-START | devtools/client/shared/test/browser_prefs-02.js
17:00:27     INFO - MEMORY STAT | vsize 4056MB | residentFast 293MB | heapAllocated 150MB
17:00:27     INFO - TEST-OK | devtools/client/shared/test/browser_prefs-02.js | took 38ms
17:00:27     INFO - checking window state
17:00:27     INFO - TEST-START | devtools/client/shared/test/browser_require_raw.js
17:00:27     INFO - MEMORY STAT | vsize 4057MB | residentFast 293MB | heapAllocated 148MB
17:00:27     INFO - TEST-OK | devtools/client/shared/test/browser_require_raw.js | took 42ms
17:00:27     INFO - checking window state
17:00:27     INFO - TEST-START | devtools/client/shared/test/browser_spectrum.js
17:00:27     INFO - MEMORY STAT | vsize 4057MB | residentFast 294MB | heapAllocated 149MB
17:00:27     INFO - TEST-OK | devtools/client/shared/test/browser_spectrum.js | took 88ms
17:00:27     INFO - checking window state
17:00:27     INFO - TEST-START | devtools/client/shared/test/browser_tableWidget_basic.js
17:00:28     INFO - MEMORY STAT | vsize 4182MB | residentFast 300MB | heapAllocated 153MB
17:00:28     INFO - TEST-OK | devtools/client/shared/test/browser_tableWidget_basic.js | took 426ms
17:00:28     INFO - checking window state
17:00:28     INFO - TEST-START | devtools/client/shared/test/browser_tableWidget_keyboard_interaction.js
17:00:28     INFO - MEMORY STAT | vsize 4272MB | residentFast 307MB | heapAllocated 154MB
17:00:28     INFO - TEST-OK | devtools/client/shared/test/browser_tableWidget_keyboard_interaction.js | took 294ms
17:00:28     INFO - checking window state
17:00:28     INFO - TEST-START | devtools/client/shared/test/browser_tableWidget_mouse_interaction.js
17:00:29     INFO - MEMORY STAT | vsize 4275MB | residentFast 313MB | heapAllocated 154MB
17:00:29     INFO - TEST-OK | devtools/client/shared/test/browser_tableWidget_mouse_interaction.js | took 846ms
17:00:29     INFO - checking window state
17:00:29     INFO - TEST-START | devtools/client/shared/test/browser_telemetry_button_eyedropper.js
17:00:32     INFO - MEMORY STAT | vsize 4287MB | residentFast 346MB | heapAllocated 124MB
17:00:32     INFO - TEST-OK | devtools/client/shared/test/browser_telemetry_button_eyedropper.js | took 3416ms
17:00:33     INFO - checking window state
17:00:33     INFO - TEST-START | devtools/client/shared/test/browser_telemetry_button_scratchpad.js
17:00:36     INFO - MEMORY STAT | vsize 4337MB | residentFast 397MB | heapAllocated 140MB
17:00:36     INFO - TEST-OK | devtools/client/shared/test/browser_telemetry_button_scratchpad.js | took 3588ms
17:00:36     INFO - checking window state
17:00:36     INFO - TEST-START | devtools/client/shared/test/browser_telemetry_sidebar.js
17:00:41     INFO - MEMORY STAT | vsize 4338MB | residentFast 395MB | heapAllocated 125MB
17:00:41     INFO - TEST-OK | devtools/client/shared/test/browser_telemetry_sidebar.js | took 4860ms
17:00:41     INFO - checking window state
17:00:41     INFO - TEST-START | devtools/client/shared/test/browser_telemetry_toolbox.js
17:00:45     INFO - MEMORY STAT | vsize 4348MB | residentFast 404MB | heapAllocated 129MB
17:00:45     INFO - TEST-OK | devtools/client/shared/test/browser_telemetry_toolbox.js | took 4350ms
17:00:45     INFO - checking window state
17:00:45     INFO - TEST-START | devtools/client/shared/test/browser_telemetry_toolboxtabs_canvasdebugger.js
17:00:47     INFO - MEMORY STAT | vsize 4348MB | residentFast 403MB | heapAllocated 118MB
17:00:47     INFO - TEST-OK | devtools/client/shared/test/browser_telemetry_toolboxtabs_canvasdebugger.js | took 1724ms
17:00:47     INFO - checking window state
17:00:47     INFO - TEST-START | devtools/client/shared/test/browser_telemetry_toolboxtabs_inspector.js
17:00:50     INFO - MEMORY STAT | vsize 4348MB | residentFast 406MB | heapAllocated 129MB
17:00:50     INFO - TEST-OK | devtools/client/shared/test/browser_telemetry_toolboxtabs_inspector.js | took 2886ms
17:00:50     INFO - checking window state
17:00:50     INFO - TEST-START | devtools/client/shared/test/browser_telemetry_toolboxtabs_jsdebugger.js
17:00:52     INFO - MEMORY STAT | vsize 4348MB | residentFast 407MB | heapAllocated 130MB
17:00:52     INFO - TEST-OK | devtools/client/shared/test/browser_telemetry_toolboxtabs_jsdebugger.js | took 2214ms
17:00:52     INFO - checking window state
17:00:52     INFO - TEST-START | devtools/client/shared/test/browser_telemetry_toolboxtabs_jsprofiler.js
17:00:53     INFO - JavaScript warning: resource://gre/modules/commonjs/toolkit/loader.js -> resource://devtools/client/shared/demangle.js, line 0: Successfully compiled asm.js code (total compilation time 88ms; caching disabled in Firefox ESR52)
17:00:55     INFO - MEMORY STAT | vsize 10491MB | residentFast 413MB | heapAllocated 128MB
17:00:55     INFO - TEST-OK | devtools/client/shared/test/browser_telemetry_toolboxtabs_jsprofiler.js | took 2248ms
17:00:55     INFO - checking window state
17:00:55     INFO - TEST-START | devtools/client/shared/test/browser_telemetry_toolboxtabs_netmonitor.js
17:00:57     INFO - MEMORY STAT | vsize 10488MB | residentFast 415MB | heapAllocated 131MB
17:00:57     INFO - TEST-OK | devtools/client/shared/test/browser_telemetry_toolboxtabs_netmonitor.js | took 2082ms
17:00:57     INFO - checking window state
17:00:57     INFO - TEST-START | devtools/client/shared/test/browser_telemetry_toolboxtabs_options.js
17:00:58     INFO - MEMORY STAT | vsize 10493MB | residentFast 419MB | heapAllocated 130MB
17:00:58     INFO - TEST-OK | devtools/client/shared/test/browser_telemetry_toolboxtabs_options.js | took 1646ms
17:00:58     INFO - checking window state
17:00:58     INFO - TEST-START | devtools/client/shared/test/browser_telemetry_toolboxtabs_shadereditor.js
17:01:00     INFO - MEMORY STAT | vsize 10493MB | residentFast 419MB | heapAllocated 130MB
17:01:00     INFO - TEST-OK | devtools/client/shared/test/browser_telemetry_toolboxtabs_shadereditor.js | took 1460ms
17:01:00     INFO - checking window state
17:01:00     INFO - TEST-START | devtools/client/shared/test/browser_telemetry_toolboxtabs_storage.js
17:01:00     INFO - console.warn: Failed to enumerate localStorage for host data:text/html;charset=utf-8,<p>browser_telemetry_toolboxtabs_storage.js</p>: [Exception... "Component is not available"  nsresult: "0x80040111 (NS_ERROR_NOT_AVAILABLE)"  location: "JS frame :: resource://gre/modules/commonjs/toolkit/loader.js -> resource://devtools/server/actors/storage.js :: populateStoresForHost :: line 1012"  data: no]
17:01:00     INFO - console.warn: Failed to enumerate sessionStorage for host data:text/html;charset=utf-8,<p>browser_telemetry_toolboxtabs_storage.js</p>: [Exception... "Component is not available"  nsresult: "0x80040111 (NS_ERROR_NOT_AVAILABLE)"  location: "JS frame :: resource://gre/modules/commonjs/toolkit/loader.js -> resource://devtools/server/actors/storage.js :: populateStoresForHost :: line 1012"  data: no]
17:01:00     INFO - console.warn: Failed to enumerate CacheStorage for host data:text/html;charset=utf-8,<p>browser_telemetry_toolboxtabs_storage.js</p>: SecurityError: The operation is insecure.
17:01:02     INFO - console.warn: Failed to enumerate localStorage for host data:text/html;charset=utf-8,<p>browser_telemetry_toolboxtabs_storage.js</p>: [Exception... "Component is not available"  nsresult: "0x80040111 (NS_ERROR_NOT_AVAILABLE)"  location: "JS frame :: resource://gre/modules/commonjs/toolkit/loader.js -> resource://devtools/server/actors/storage.js :: populateStoresForHost :: line 1012"  data: no]
17:01:02     INFO - console.warn: Failed to enumerate sessionStorage for host data:text/html;charset=utf-8,<p>browser_telemetry_toolboxtabs_storage.js</p>: [Exception... "Component is not available"  nsresult: "0x80040111 (NS_ERROR_NOT_AVAILABLE)"  location: "JS frame :: resource://gre/modules/commonjs/toolkit/loader.js -> resource://devtools/server/actors/storage.js :: populateStoresForHost :: line 1012"  data: no]
17:01:02     INFO - console.warn: Failed to enumerate CacheStorage for host data:text/html;charset=utf-8,<p>browser_telemetry_toolboxtabs_storage.js</p>: SecurityError: The operation is insecure.
17:01:03     INFO - MEMORY STAT | vsize 10495MB | residentFast 420MB | heapAllocated 125MB
17:01:03     INFO - TEST-OK | devtools/client/shared/test/browser_telemetry_toolboxtabs_storage.js | took 3286ms
17:01:03     INFO - checking window state
17:01:03     INFO - TEST-START | devtools/client/shared/test/browser_telemetry_toolboxtabs_styleeditor.js
17:01:05     INFO - MEMORY STAT | vsize 10493MB | residentFast 420MB | heapAllocated 123MB
17:01:05     INFO - TEST-OK | devtools/client/shared/test/browser_telemetry_toolboxtabs_styleeditor.js | took 1710ms
17:01:05     INFO - checking window state
17:01:05     INFO - TEST-START | devtools/client/shared/test/browser_telemetry_toolboxtabs_webaudioeditor.js
17:01:07     INFO - MEMORY STAT | vsize 10493MB | residentFast 421MB | heapAllocated 128MB
17:01:07     INFO - TEST-OK | devtools/client/shared/test/browser_telemetry_toolboxtabs_webaudioeditor.js | took 1734ms
17:01:07     INFO - checking window state
17:01:07     INFO - TEST-START | devtools/client/shared/test/browser_telemetry_toolboxtabs_webconsole.js
17:01:09     INFO - MEMORY STAT | vsize 10496MB | residentFast 423MB | heapAllocated 142MB
17:01:09     INFO - TEST-OK | devtools/client/shared/test/browser_telemetry_toolboxtabs_webconsole.js | took 2390ms
17:01:09     INFO - checking window state
17:01:09     INFO - TEST-START | devtools/client/shared/test/browser_templater_basic.js
17:01:09     INFO - console.error:
17:01:09     INFO -   allowEval is not set, however 'Math.max(1, 2)' can not be resolved using a simple property path. (In: DIV#propertyFail > P > #text > ${Math.max(1, 2)})
17:01:09     INFO - MEMORY STAT | vsize 10496MB | residentFast 424MB | heapAllocated 140MB
17:01:09     INFO - TEST-OK | devtools/client/shared/test/browser_templater_basic.js | took 240ms
17:01:09     INFO - checking window state
17:01:09     INFO - TEST-START | devtools/client/shared/test/browser_theme.js
17:01:10     INFO - MEMORY STAT | vsize 10496MB | residentFast 424MB | heapAllocated 142MB
17:01:10     INFO - TEST-OK | devtools/client/shared/test/browser_theme.js | took 140ms
17:01:10     INFO - checking window state
17:01:10     INFO - TEST-START | devtools/client/shared/test/browser_theme_switching.js
17:01:11     INFO - MEMORY STAT | vsize 10496MB | residentFast 423MB | heapAllocated 143MB
17:01:11     INFO - TEST-OK | devtools/client/shared/test/browser_theme_switching.js | took 1010ms
17:01:11     INFO - checking window state
17:01:11     INFO - TEST-START | devtools/client/shared/test/browser_toolbar_basic.js
17:01:12     INFO - console.warn: An error occurred as the tab was closed while updating Developer Toolbar state. The error was:  {"error":"connectionClosed","message":"'getTab' active request packet to 'root' can't be sent as the connection just closed."}
17:01:12     INFO - MEMORY STAT | vsize 10510MB | residentFast 441MB | heapAllocated 166MB
17:01:12     INFO - TEST-OK | devtools/client/shared/test/browser_toolbar_basic.js | took 1764ms
17:01:12     INFO - checking window state
17:01:12     INFO - TEST-START | devtools/client/shared/test/browser_toolbar_tooltip.js
17:01:13     INFO - MEMORY STAT | vsize 10510MB | residentFast 441MB | heapAllocated 167MB
17:01:13     INFO - TEST-OK | devtools/client/shared/test/browser_toolbar_tooltip.js | took 774ms
17:01:13     INFO - checking window state
17:01:13     INFO - TEST-START | devtools/client/shared/test/browser_treeWidget_basic.js
17:01:13     INFO - MEMORY STAT | vsize 10510MB | residentFast 442MB | heapAllocated 170MB
17:01:13     INFO - TEST-OK | devtools/client/shared/test/browser_treeWidget_basic.js | took 172ms
17:01:14     INFO - checking window state
17:01:14     INFO - TEST-START | devtools/client/shared/test/browser_treeWidget_keyboard_interaction.js
17:01:14     INFO - MEMORY STAT | vsize 10510MB | residentFast 442MB | heapAllocated 172MB
17:01:14     INFO - TEST-OK | devtools/client/shared/test/browser_treeWidget_keyboard_interaction.js | took 252ms
17:01:14     INFO - checking window state
17:01:14     INFO - TEST-START | devtools/client/shared/test/browser_treeWidget_mouse_interaction.js
17:01:14     INFO - MEMORY STAT | vsize 10510MB | residentFast 443MB | heapAllocated 172MB
17:01:14     INFO - TEST-OK | devtools/client/shared/test/browser_treeWidget_mouse_interaction.js | took 220ms
17:01:14     INFO - checking window state
17:01:16     INFO - Completed ShutdownLeaks collections in process 833
17:01:17     INFO - Completed ShutdownLeaks collections in process 829
17:01:17     INFO - TEST-START | Shutdown
17:01:17     INFO - Browser Chrome Test Summary
17:01:17     INFO - Passed:  1266
17:01:17     INFO - Failed:  0
17:01:17     INFO - Todo:    0
17:01:17     INFO - Mode:    e10s
17:01:17     INFO - *** End BrowserChrome Test Results ***
17:01:18     INFO - -*- PresentationControlService.js: PresentationControlService - close
17:01:19     INFO - TEST-INFO | Main app process: exit 0
17:01:19     INFO - runtests.py | Application ran for: 0:01:00.475491
17:01:19     INFO - zombiecheck | Reading PID log: /var/folders/rz/w7m7229s0dx0sz__p5rcj2wh00000w/T/tmpCA_KXrpidlog
17:01:19     INFO - ==> process 829 launched child process 833
17:01:19     INFO - zombiecheck | Checking for orphan process with PID: 833
17:01:19     INFO - Stopping web server
17:01:19     INFO - Stopping web socket server
17:01:19     INFO - Stopping ssltunnel
17:01:19  WARNING - leakcheck | refcount logging is off, so leaks can't be detected!
17:01:19     INFO - runtests.py | Running tests: end.
17:01:19     INFO - Buffered messages finished
17:01:19     INFO -  dir: devtools/client/sourceeditor/test
17:01:19     INFO -  mozprofile.addons WARNING | Could not install /builds/slave/test/build/tests/mochitest/extensions/mozscreenshots: [Errno 2] No such file or directory: '/builds/slave/test/build/tests/mochitest/extensions/mozscreenshots/install.rdf'
17:01:19     INFO -  pk12util: PKCS12 IMPORT SUCCESSFUL
17:01:19     INFO - MochitestServer : launching [u'/builds/slave/test/build/tests/bin/xpcshell', '-g', '/builds/slave/test/build/application/Firefox.app/Contents/Resources', '-v', '170', '-f', '/builds/slave/test/build/tests/bin/components/httpd.js', '-e', "const _PROFILE_PATH = '/var/folders/rz/w7m7229s0dx0sz__p5rcj2wh00000w/T/tmpPPUPOE.mozrunner'; const _SERVER_PORT = '8888'; const _SERVER_ADDR = '127.0.0.1'; const _TEST_PREFIX = undefined; const _DISPLAY_RESULTS = false;", '-f', '/builds/slave/test/build/tests/mochitest/server.js']
17:01:19     INFO - runtests.py | Server pid: 848
17:01:19     INFO - runtests.py | Websocket server pid: 849
17:01:19     INFO - runtests.py | SSL tunnel pid: 850
17:01:19     INFO - runtests.py | Running with e10s: True
17:01:19     INFO - runtests.py | Running tests: start.
17:01:19     INFO - 
17:01:19     INFO - Application command: /builds/slave/test/build/application/Firefox.app/Contents/MacOS/firefox -marionette -foreground -profile /var/folders/rz/w7m7229s0dx0sz__p5rcj2wh00000w/T/tmpPPUPOE.mozrunner
17:01:19     INFO - runtests.py | Application pid: 851
17:01:19     INFO - TEST-INFO | started process Main app process
17:01:21     INFO - 1528502481110	Marionette	INFO	Listening on port 2828
17:01:22     INFO - 2018-06-08 17:01:22.855 plugin-container[852:5061] *** CFMessagePort: bootstrap_register(): failed 1100 (0x44c) 'Permission denied', port = 0x873f, name = 'com.apple.tsm.portname'
17:01:22     INFO - See /usr/include/servers/bootstrap_defs.h for the error codes.
17:01:22     INFO - 2018-06-08 17:01:22.856 plugin-container[852:5061] *** CFMessagePort: bootstrap_register(): failed 1100 (0x44c) 'Permission denied', port = 0x8d0b, name = 'com.apple.CFPasteboardClient'
17:01:22     INFO - See /usr/include/servers/bootstrap_defs.h for the error codes.
17:01:22     INFO - 2018-06-08 17:01:22.856 plugin-container[852:5061] Failed to allocate communication port for com.apple.CFPasteboardClient; this is likely due to sandbox restrictions
17:01:23     INFO - *** Start BrowserChrome Test Results ***
17:01:23     INFO - checking window state
17:01:23     INFO - TEST-START | devtools/client/sourceeditor/test/browser_codemirror.js
17:01:25     INFO - MEMORY STAT vsizeMaxContiguous not supported in this build configuration.
17:01:25     INFO - MEMORY STAT | vsize 4097MB | residentFast 326MB | heapAllocated 163MB
17:01:25     INFO - TEST-OK | devtools/client/sourceeditor/test/browser_codemirror.js | took 2416ms
17:01:25     INFO - checking window state
17:01:25     INFO - TEST-START | devtools/client/sourceeditor/test/browser_css_autocompletion.js
17:01:26     INFO - MEMORY STAT | vsize 4111MB | residentFast 343MB | heapAllocated 171MB
17:01:26     INFO - TEST-OK | devtools/client/sourceeditor/test/browser_css_autocompletion.js | took 830ms
17:01:26     INFO - checking window state
17:01:26     INFO - TEST-START | devtools/client/sourceeditor/test/browser_css_getInfo.js
17:01:27     INFO - MEMORY STAT | vsize 4119MB | residentFast 348MB | heapAllocated 173MB
17:01:27     INFO - TEST-OK | devtools/client/sourceeditor/test/browser_css_getInfo.js | took 564ms
17:01:27     INFO - checking window state
17:01:27     INFO - TEST-START | devtools/client/sourceeditor/test/browser_css_statemachine.js
17:01:27     INFO - MEMORY STAT | vsize 4124MB | residentFast 355MB | heapAllocated 177MB
17:01:27     INFO - TEST-OK | devtools/client/sourceeditor/test/browser_css_statemachine.js | took 350ms
17:01:27     INFO - checking window state
17:01:27     INFO - TEST-START | devtools/client/sourceeditor/test/browser_detectindent.js
17:01:28     INFO - MEMORY STAT | vsize 4148MB | residentFast 371MB | heapAllocated 188MB
17:01:28     INFO - TEST-OK | devtools/client/sourceeditor/test/browser_detectindent.js | took 430ms
17:01:28     INFO - checking window state
17:01:28     INFO - TEST-START | devtools/client/sourceeditor/test/browser_editor_addons.js
17:01:28     INFO - MEMORY STAT | vsize 4371MB | residentFast 390MB | heapAllocated 193MB
17:01:28     INFO - TEST-OK | devtools/client/sourceeditor/test/browser_editor_addons.js | took 696ms
17:01:28     INFO - checking window state
17:01:28     INFO - TEST-START | devtools/client/sourceeditor/test/browser_editor_autocomplete_basic.js
17:01:29     INFO - MEMORY STAT | vsize 4398MB | residentFast 416MB | heapAllocated 206MB
17:01:29     INFO - TEST-OK | devtools/client/sourceeditor/test/browser_editor_autocomplete_basic.js | took 670ms
17:01:29     INFO - checking window state
17:01:29     INFO - TEST-START | devtools/client/sourceeditor/test/browser_editor_autocomplete_events.js
17:01:30     INFO - MEMORY STAT | vsize 4425MB | residentFast 439MB | heapAllocated 217MB
17:01:30     INFO - TEST-OK | devtools/client/sourceeditor/test/browser_editor_autocomplete_events.js | took 1070ms
17:01:30     INFO - checking window state
17:01:30     INFO - TEST-START | devtools/client/sourceeditor/test/browser_editor_autocomplete_js.js
17:01:31     INFO - MEMORY STAT | vsize 4419MB | residentFast 445MB | heapAllocated 166MB
17:01:31     INFO - TEST-OK | devtools/client/sourceeditor/test/browser_editor_autocomplete_js.js | took 596ms
17:01:31     INFO - checking window state
17:01:31     INFO - TEST-START | devtools/client/sourceeditor/test/browser_editor_basic.js
17:01:32     INFO - MEMORY STAT | vsize 4420MB | residentFast 438MB | heapAllocated 138MB
17:01:32     INFO - TEST-OK | devtools/client/sourceeditor/test/browser_editor_basic.js | took 626ms
17:01:32     INFO - checking window state
17:01:32     INFO - TEST-START | devtools/client/sourceeditor/test/browser_editor_cursor.js
17:01:32     INFO - MEMORY STAT | vsize 4420MB | residentFast 439MB | heapAllocated 142MB
17:01:32     INFO - TEST-OK | devtools/client/sourceeditor/test/browser_editor_cursor.js | took 412ms
17:01:32     INFO - checking window state
17:01:32     INFO - TEST-START | devtools/client/sourceeditor/test/browser_editor_find_again.js
17:01:33     INFO - MEMORY STAT | vsize 4384MB | residentFast 427MB | heapAllocated 142MB
17:01:33     INFO - TEST-OK | devtools/client/sourceeditor/test/browser_editor_find_again.js | took 540ms
17:01:33     INFO - checking window state
17:01:33     INFO - TEST-START | devtools/client/sourceeditor/test/browser_editor_goto_line.js
17:01:33     INFO - MEMORY STAT | vsize 4396MB | residentFast 432MB | heapAllocated 150MB
17:01:33     INFO - TEST-OK | devtools/client/sourceeditor/test/browser_editor_goto_line.js | took 666ms
17:01:33     INFO - checking window state
17:01:33     INFO - TEST-START | devtools/client/sourceeditor/test/browser_editor_history.js
17:01:34     INFO - MEMORY STAT | vsize 4401MB | residentFast 434MB | heapAllocated 156MB
17:01:34     INFO - TEST-OK | devtools/client/sourceeditor/test/browser_editor_history.js | took 302ms
17:01:34     INFO - checking window state
17:01:34     INFO - TEST-START | devtools/client/sourceeditor/test/browser_editor_markers.js
17:01:34     INFO - MEMORY STAT | vsize 4407MB | residentFast 436MB | heapAllocated 161MB
17:01:34     INFO - TEST-OK | devtools/client/sourceeditor/test/browser_editor_markers.js | took 332ms
17:01:34     INFO - checking window state
17:01:34     INFO - TEST-START | devtools/client/sourceeditor/test/browser_editor_movelines.js
17:01:34     INFO - MEMORY STAT | vsize 4417MB | residentFast 439MB | heapAllocated 169MB
17:01:34     INFO - TEST-OK | devtools/client/sourceeditor/test/browser_editor_movelines.js | took 406ms
17:01:34     INFO - checking window state
17:01:34     INFO - TEST-START | devtools/client/sourceeditor/test/browser_editor_prefs.js
17:01:35     INFO - MEMORY STAT | vsize 4422MB | residentFast 441MB | heapAllocated 179MB
17:01:35     INFO - TEST-OK | devtools/client/sourceeditor/test/browser_editor_prefs.js | took 384ms
17:01:35     INFO - checking window state
17:01:35     INFO - TEST-START | devtools/client/sourceeditor/test/browser_editor_script_injection.js
17:01:35     INFO - MEMORY STAT | vsize 4432MB | residentFast 446MB | heapAllocated 184MB
17:01:35     INFO - TEST-OK | devtools/client/sourceeditor/test/browser_editor_script_injection.js | took 294ms
17:01:35     INFO - checking window state
17:01:35     INFO - TEST-START | devtools/client/sourceeditor/test/browser_vimemacs.js

command interrupted, attempting to kill
process killed by signal 9
program finished with exit code -1
elapsedTime=222.087553
The web-page 'stop build' button was pressed by 'rvandermeulen@mozilla.com': Cancelled via self-serve
========= master_lag: 0.06 =========
========= Finished '/tools/buildbot/bin/python -u ...' interrupted (results: 4, elapsed: 3 mins, 42 secs) (at 2018-06-08 17:01:38.998964) =========

========= Started set props: build_url (results: 0, elapsed: 0 secs) (at 2018-06-08 17:01:39.007969) =========
bash -c 'for file in `ls -1`; do cat $file; done'
 in dir /builds/slave/test/properties (timeout 1200 secs)
 watching logfiles {}
 argv: ['bash', '-c', 'for file in `ls -1`; do cat $file; done']
 environment:
  Apple_PubSub_Socket_Render=/private/tmp/com.apple.launchd.MmuHTSBaPJ/Render
  GIT_SHARE_BASE_DIR=/builds/git-shared
  HG_SHARE_BASE_DIR=/builds/hg-shared
  HOME=/Users/cltbld
  IDLEIZER_DISABLE_SHUTDOWN=true
  LOGNAME=cltbld
  PATH=/usr/local/sbin:/usr/local/bin:/usr/sbin:/usr/bin:/sbin:/bin:/usr/bin/X11
  PWD=/builds/slave/test/properties
  RUNNER_CONFIG_CMD=/opt/runner/bin/python2.7 /opt/runner/bin/runner -c /opt/runner/runner.cfg
  SHELL=/bin/bash
  SSH_AUTH_SOCK=/private/tmp/com.apple.launchd.sy8lxwzk7y/Listeners
  TMPDIR=/var/folders/rz/w7m7229s0dx0sz__p5rcj2wh00000w/T/
  TWISTD_LOG_PATH=/builds/slave/twistd.log
  USER=cltbld
  VERSIONER_PYTHON_PREFER_32_BIT=no
  VERSIONER_PYTHON_VERSION=2.7
  XPC_FLAGS=0x0
  XPC_SERVICE_NAME=0
  __CF_USER_TEXT_ENCODING=0x1C:0:0
 using PTY: False
build_url:https://queue.taskcluster.net/v1/task/HHn8t6C8SBmHWYIFt5uc2A/artifacts/public/build/firefox-52.8.2.en-US.mac.dmg
program finished with exit code 0
elapsedTime=0.013541
build_url: 'https://queue.taskcluster.net/v1/task/HHn8t6C8SBmHWYIFt5uc2A/artifacts/public/build/firefox-52.8.2.en-US.mac.dmg'
========= master_lag: 0.01 =========
========= Finished set props: build_url (results: 0, elapsed: 0 secs) (at 2018-06-08 17:01:39.034186) =========

========= Started 'rm -f ...' (results: 0, elapsed: 0 secs) (at 2018-06-08 17:01:39.039040) =========
rm -f oauth.txt
 in dir /builds/slave/test/. (timeout 1200 secs)
 watching logfiles {}
 argv: ['rm', '-f', 'oauth.txt']
 environment:
  Apple_PubSub_Socket_Render=/private/tmp/com.apple.launchd.MmuHTSBaPJ/Render
  GIT_SHARE_BASE_DIR=/builds/git-shared
  HG_SHARE_BASE_DIR=/builds/hg-shared
  HOME=/Users/cltbld
  IDLEIZER_DISABLE_SHUTDOWN=true
  LOGNAME=cltbld
  PATH=/usr/local/sbin:/usr/local/bin:/usr/sbin:/usr/bin:/sbin:/bin:/usr/bin/X11
  PWD=/builds/slave/test
  RUNNER_CONFIG_CMD=/opt/runner/bin/python2.7 /opt/runner/bin/runner -c /opt/runner/runner.cfg
  SHELL=/bin/bash
  SSH_AUTH_SOCK=/private/tmp/com.apple.launchd.sy8lxwzk7y/Listeners
  TMPDIR=/var/folders/rz/w7m7229s0dx0sz__p5rcj2wh00000w/T/
  TWISTD_LOG_PATH=/builds/slave/twistd.log
  USER=cltbld
  VERSIONER_PYTHON_PREFER_32_BIT=no
  VERSIONER_PYTHON_VERSION=2.7
  XPC_FLAGS=0x0
  XPC_SERVICE_NAME=0
  __CF_USER_TEXT_ENCODING=0x1C:0:0
 using PTY: False
program finished with exit code 0
elapsedTime=0.005274
========= master_lag: 0.04 =========
========= Finished 'rm -f ...' (results: 0, elapsed: 0 secs) (at 2018-06-08 17:01:39.088481) =========

========= Started reboot skipped (results: 3, elapsed: 0 secs) (at 2018-06-08 17:01:39.088816) =========
========= Finished reboot skipped (results: 3, elapsed: 0 secs) (at 2018-06-08 17:01:39.089066) =========

========= Total master_lag: 0.17 =========

