builder: mozilla-esr52_ubuntu64_vm_test_pgo-mochitest-devtools-chrome-6
slave: tst-linux64-spot-313
starttime: 1528501953.32
results: cancelled (6)
buildid: 20180608150819
builduid: b298b373e93d4f8dbf92436c9ed838a2
revision: cbfdf01aac455e0591471201c96b89dee98190b5

========= Started set props: master (results: 0, elapsed: 0 secs) (at 2018-06-08 16:52:33.316631) =========
master: http://buildbot-master53.bb.releng.usw2.mozilla.com:8201/
========= Finished set props: master (results: 0, elapsed: 0 secs) (at 2018-06-08 16:52:33.317090) =========

========= Started downloading to buildprops.json (results: 0, elapsed: 0 secs) (at 2018-06-08 16:52:33.317380) =========
========= Finished downloading to buildprops.json (results: 0, elapsed: 0 secs) (at 2018-06-08 16:52:33.383509) =========

========= Started 'bash -c ...' (results: 0, elapsed: 0 secs) (at 2018-06-08 16:52:33.383867) =========
bash -c 'wget -Oarchiver_client.py --no-check-certificate --tries=10 --waitretry=3 https://hg.mozilla.org/build/tools/raw-file/default/buildfarm/utils/archiver_client.py'
 in dir /builds/slave/test/. (timeout 1200 secs)
 watching logfiles {}
 argv: ['bash', '-c', 'wget -Oarchiver_client.py --no-check-certificate --tries=10 --waitretry=3 https://hg.mozilla.org/build/tools/raw-file/default/buildfarm/utils/archiver_client.py']
 environment:
  HOME=/home/cltbld
  LANG=en_US.UTF-8
  LOGNAME=cltbld
  MAIL=/var/mail/cltbld
  NODE_PATH=/usr/lib/nodejs:/usr/lib/node_modules:/usr/share/javascript
  PATH=/usr/local/bin:/usr/local/bin:/usr/bin:/bin:/usr/local/games:/usr/games
  PWD=/builds/slave/test
  SHELL=/bin/bash
  SHLVL=1
  TERM=linux
  TMOUT=86400
  USER=cltbld
  XDG_SESSION_COOKIE=9ca12473fbb1d023794ffd180000023c-1528501951.856766-1829740940
  _=/tools/buildbot/bin/python
 using PTY: False
--2018-06-08 16:52:33--  https://hg.mozilla.org/build/tools/raw-file/default/buildfarm/utils/archiver_client.py
Resolving hg.mozilla.org (hg.mozilla.org)... 63.245.215.25, 63.245.215.102
Connecting to hg.mozilla.org (hg.mozilla.org)|63.245.215.25|:443... connected.
HTTP request sent, awaiting response... 200 Script output follows
Length: 12179 (12K) [text/x-python]
Saving to: `archiver_client.py'

     0K .......... .                                          100% 8.25M=0.001s

2018-06-08 16:52:33 (8.25 MB/s) - `archiver_client.py' saved [12179/12179]

program finished with exit code 0
elapsedTime=0.324879
========= master_lag: 0.01 =========
========= Finished 'bash -c ...' (results: 0, elapsed: 0 secs) (at 2018-06-08 16:52:33.722282) =========

========= Started 'rm -rf ...' (results: 0, elapsed: 0 secs) (at 2018-06-08 16:52:33.722621) =========
rm -rf scripts properties
 in dir /builds/slave/test/. (timeout 1200 secs)
 watching logfiles {}
 argv: ['rm', '-rf', 'scripts', 'properties']
 environment:
  HOME=/home/cltbld
  LANG=en_US.UTF-8
  LOGNAME=cltbld
  MAIL=/var/mail/cltbld
  NODE_PATH=/usr/lib/nodejs:/usr/lib/node_modules:/usr/share/javascript
  PATH=/usr/local/bin:/usr/local/bin:/usr/bin:/bin:/usr/local/games:/usr/games
  PWD=/builds/slave/test
  SHELL=/bin/bash
  SHLVL=1
  TERM=linux
  TMOUT=86400
  USER=cltbld
  XDG_SESSION_COOKIE=9ca12473fbb1d023794ffd180000023c-1528501951.856766-1829740940
  _=/tools/buildbot/bin/python
 using PTY: False
program finished with exit code 0
elapsedTime=0.019674
========= master_lag: 0.04 =========
========= Finished 'rm -rf ...' (results: 0, elapsed: 0 secs) (at 2018-06-08 16:52:33.783869) =========

========= Started 'bash -c ...' (results: 0, elapsed: 1 secs) (at 2018-06-08 16:52:33.784201) =========
bash -c 'python archiver_client.py mozharness --repo releases/mozilla-esr52 --rev cbfdf01aac455e0591471201c96b89dee98190b5 --destination scripts --debug'
 in dir /builds/slave/test/. (timeout 1200 secs)
 watching logfiles {}
 argv: ['bash', '-c', u'python archiver_client.py mozharness --repo releases/mozilla-esr52 --rev cbfdf01aac455e0591471201c96b89dee98190b5 --destination scripts --debug']
 environment:
  HOME=/home/cltbld
  LANG=en_US.UTF-8
  LOGNAME=cltbld
  MAIL=/var/mail/cltbld
  NODE_PATH=/usr/lib/nodejs:/usr/lib/node_modules:/usr/share/javascript
  PATH=/usr/local/bin:/usr/local/bin:/usr/bin:/bin:/usr/local/games:/usr/games
  PWD=/builds/slave/test
  SHELL=/bin/bash
  SHLVL=1
  TERM=linux
  TMOUT=86400
  USER=cltbld
  XDG_SESSION_COOKIE=9ca12473fbb1d023794ffd180000023c-1528501951.856766-1829740940
  _=/tools/buildbot/bin/python
 using PTY: False
2018-06-08 16:52:33,900 truncating revision to first 12 chars
2018-06-08 16:52:33,901 Setting DEBUG logging.
2018-06-08 16:52:33,901 attempt 1/10
2018-06-08 16:52:33,901 Getting archive location from https://api.pub.build.mozilla.org/archiver/hgmo/releases/mozilla-esr52/cbfdf01aac45?&preferred_region=us-west-2&suffix=tar.gz&subdir=testing/mozharness
2018-06-08 16:52:34,814 unpacking tar archive at: mozilla-esr52-cbfdf01aac45/testing/mozharness/
program finished with exit code 0
elapsedTime=1.292657
========= master_lag: 0.02 =========
========= Finished 'bash -c ...' (results: 0, elapsed: 1 secs) (at 2018-06-08 16:52:35.094184) =========

========= Started set props: script_repo_revision (results: 0, elapsed: 0 secs) (at 2018-06-08 16:52:35.094539) =========
script_repo_revision: cbfdf01aac455e0591471201c96b89dee98190b5
========= Finished set props: script_repo_revision (results: 0, elapsed: 0 secs) (at 2018-06-08 16:52:35.094943) =========

========= Started downloading to oauth.txt (results: 0, elapsed: 0 secs) (at 2018-06-08 16:52:35.095217) =========
========= Finished downloading to oauth.txt (results: 0, elapsed: 0 secs) (at 2018-06-08 16:52:35.103421) =========

========= Started '/tools/buildbot/bin/python scripts/scripts/desktop_unittest.py ...' interrupted (results: 4, elapsed: 9 mins, 25 secs) (at 2018-06-08 16:52:35.103716) =========
/tools/buildbot/bin/python scripts/scripts/desktop_unittest.py --cfg unittests/linux_unittest.py --mochitest-suite mochitest-devtools-chrome-chunked --total-chunks 8 --this-chunk 6 --blob-upload-branch mozilla-esr52 --download-symbols ondemand
 in dir /builds/slave/test/. (timeout 1800 secs) (maxTime 4800 secs)
 watching logfiles {}
 argv: ['/tools/buildbot/bin/python', 'scripts/scripts/desktop_unittest.py', '--cfg', 'unittests/linux_unittest.py', '--mochitest-suite', 'mochitest-devtools-chrome-chunked', '--total-chunks', '8', '--this-chunk', '6', '--blob-upload-branch', 'mozilla-esr52', '--download-symbols', 'ondemand']
 environment:
  CCACHE_DIR=/builds/ccache
  CCACHE_UMASK=002
  DISPLAY=:0
  HOME=/home/cltbld
  LANG=en_US.UTF-8
  LOGNAME=cltbld
  MAIL=/var/mail/cltbld
  MOZ_HIDE_RESULTS_TABLE=1
  MOZ_NODE_PATH=/usr/bin/node
  MOZ_NO_REMOTE=1
  NODE_PATH=/usr/lib/nodejs:/usr/lib/node_modules:/usr/share/javascript
  NO_FAIL_ON_TEST_ERRORS=1
  PATH=/usr/local/bin:/usr/local/bin:/usr/bin:/bin:/usr/local/games:/usr/games
  PROPERTIES_FILE=/builds/slave/test/buildprops.json
  PWD=/builds/slave/test
  SHELL=/bin/bash
  SHLVL=1
  TERM=linux
  TMOUT=86400
  USER=cltbld
  XDG_SESSION_COOKIE=9ca12473fbb1d023794ffd180000023c-1528501951.856766-1829740940
  _=/tools/buildbot/bin/python
 using PTY: False
16:52:35     INFO - MultiFileLogger online at 20180608 16:52:35 in /builds/slave/test
16:52:35     INFO - Run as scripts/scripts/desktop_unittest.py --cfg unittests/linux_unittest.py --mochitest-suite mochitest-devtools-chrome-chunked --total-chunks 8 --this-chunk 6 --blob-upload-branch mozilla-esr52 --download-symbols ondemand
16:52:35     INFO - Dumping config to /builds/slave/test/logs/localconfig.json.
16:52:35     INFO - {'all_cppunittest_suites': {'cppunittest': {'tests': ('tests/cppunittest',)}},
16:52:35     INFO -  'all_gtest_suites': {'gtest': ()},
16:52:35     INFO -  'all_jittest_suites': {'jittest': (),
16:52:35     INFO -                         'jittest-chunked': (),
16:52:35     INFO -                         'jittest1': ('--total-chunks=2', '--this-chunk=1'),
16:52:35     INFO -                         'jittest2': ('--total-chunks=2', '--this-chunk=2')},
16:52:35     INFO -  'all_mochitest_suites': {'a11y': ('--flavor=a11y',),
16:52:35     INFO -                           'browser-chrome': ('--flavor=browser',),
16:52:35     INFO -                           'browser-chrome-addons': ('--flavor=browser',
16:52:35     INFO -                                                     '--chunk-by-runtime',
16:52:35     INFO -                                                     '--tag=addons'),
16:52:35     INFO -                           'browser-chrome-chunked': ('--flavor=browser',
16:52:35     INFO -                                                      '--chunk-by-runtime'),
16:52:35     INFO -                           'browser-chrome-clipboard': ('--flavor=browser',
16:52:35     INFO -                                                        '--subsuite=clipboard'),
16:52:35     INFO -                           'browser-chrome-coverage': ('--flavor=browser',
16:52:35     INFO -                                                       '--chunk-by-runtime',
16:52:35     INFO -                                                       '--timeout=1200'),
16:52:35     INFO -                           'browser-chrome-gpu': ('--flavor=browser',
16:52:35     INFO -                                                  '--subsuite=gpu'),
16:52:35     INFO -                           'browser-chrome-screenshots': ('--flavor=browser',
16:52:35     INFO -                                                          '--subsuite=screenshots'),
16:52:35     INFO -                           'chrome': ('--flavor=chrome',),
16:52:35     INFO -                           'chrome-chunked': ('--flavor=chrome',
16:52:35     INFO -                                              '--chunk-by-dir=4'),
16:52:35     INFO -                           'chrome-clipboard': ('--flavor=chrome',
16:52:35     INFO -                                                '--subsuite=clipboard'),
16:52:35     INFO -                           'chrome-gpu': ('--flavor=chrome', '--subsuite=gpu'),
16:52:35     INFO -                           'jetpack-addon': ('--flavor=jetpack-addon',),
16:52:35     INFO -                           'jetpack-package': ('--flavor=jetpack-package',),
16:52:35     INFO -                           'jetpack-package-clipboard': ('--flavor=jetpack-package',
16:52:35     INFO -                                                         '--subsuite=clipboard'),
16:52:35     INFO -                           'mochitest-devtools-chrome': ('--flavor=browser',
16:52:35     INFO -                                                         '--subsuite=devtools'),
16:52:35     INFO -                           'mochitest-devtools-chrome-chunked': ('--flavor=browser',
16:52:35     INFO -                                                                 '--subsuite=devtools',
16:52:35     INFO -                                                                 '--chunk-by-runtime'),
16:52:35     INFO -                           'mochitest-devtools-chrome-coverage': ('--flavor=browser',
16:52:35     INFO -                                                                  '--subsuite=devtools',
16:52:35     INFO -                                                                  '--chunk-by-runtime',
16:52:35     INFO -                                                                  '--timeout=1200'),
16:52:35     INFO -                           'mochitest-gl': ('--subsuite=webgl',),
16:52:35     INFO -                           'mochitest-media': ('--subsuite=media',),
16:52:35     INFO -                           'plain': (),
16:52:35     INFO -                           'plain-chunked': ('--chunk-by-dir=4',),
16:52:35     INFO -                           'plain-clipboard': ('--subsuite=clipboard',),
16:52:35     INFO -                           'plain-gpu': ('--subsuite=gpu',),
16:52:35     INFO -                           'valgrind-plain': ('--valgrind=/usr/bin/valgrind',
16:52:35     INFO -                                              '--valgrind-supp-files=/builds/slave/test/build/tests/mochitest/x86_64-redhat-linux-gnu.sup,/builds/slave/test/build/tests/mochitest/cross-architecture.sup',
16:52:35     INFO -                                              '--timeout=900',
16:52:35     INFO -                                              '--max-timeouts=50')},
16:52:35     INFO -  'all_mozbase_suites': {'mozbase': ()},
16:52:35     INFO -  'all_reftest_suites': {'crashtest': {'options': ('--suite=crashtest',),
16:52:35     INFO -                                       'tests': ('tests/reftest/tests/testing/crashtest/crashtests.list',)},
16:52:35     INFO -                         'jsreftest': {'options': ('--extra-profile-file=tests/jsreftest/tests/user.js',
16:52:35     INFO -                                                   '--suite=jstestbrowser'),
16:52:35     INFO -                                       'tests': ('tests/jsreftest/tests/jstests.list',)},
16:52:35     INFO -                         'reftest': {'options': ('--suite=reftest',),
16:52:35     INFO -                                     'tests': ('tests/reftest/tests/layout/reftests/reftest.list',)},
16:52:35     INFO -                         'reftest-no-accel': {'options': ('--suite=reftest',
16:52:35     INFO -                                                          '--setpref=layers.acceleration.force-enabled=disabled'),
16:52:35     INFO -                                              'tests': ('tests/reftest/tests/layout/reftests/reftest.list',)}},
16:52:35     INFO -  'all_xpcshell_suites': {'xpcshell': {'options': ('--xpcshell=%(abs_app_dir)s/xpcshell',
16:52:35     INFO -                                                   '--manifest=tests/xpcshell/tests/xpcshell.ini'),
16:52:35     INFO -                                       'tests': ()},
16:52:35     INFO -                          'xpcshell-addons': {'options': ('--xpcshell=%(abs_app_dir)s/xpcshell',
16:52:35     INFO -                                                          '--tag=addons',
16:52:35     INFO -                                                          '--manifest=tests/xpcshell/tests/xpcshell.ini'),
16:52:35     INFO -                                              'tests': ()},
16:52:35     INFO -                          'xpcshell-coverage': {'options': ('--xpcshell=%(abs_app_dir)s/xpcshell',
16:52:35     INFO -                                                            '--manifest=tests/xpcshell/tests/xpcshell.ini'),
16:52:35     INFO -                                                'tests': ()}},
16:52:35     INFO -  'allow_software_gl_layers': False,
16:52:35     INFO -  'append_to_log': False,
16:52:35     INFO -  'base_work_dir': '/builds/slave/test',
16:52:35     INFO -  'binary_path': '/builds/slave/test/build/application/firefox/firefox-bin',
16:52:35     INFO -  'blob_upload_branch': 'mozilla-esr52',
16:52:35     INFO -  'blob_uploader_auth_file': '/builds/slave/test/oauth.txt',
16:52:35     INFO -  'buildbot_json_path': 'buildprops.json',
16:52:35     INFO -  'buildbot_max_log_size': 52428800,
16:52:35     INFO -  'code_coverage': False,
16:52:35     INFO -  'config_files': ('unittests/linux_unittest.py',),
16:52:35     INFO -  'default_blob_upload_servers': ('https://blobupload.elasticbeanstalk.com',),
16:52:35     INFO -  'download_minidump_stackwalk': True,
16:52:35     INFO -  'download_nodejs': True,
16:52:35     INFO -  'download_symbols': 'ondemand',
16:52:35     INFO -  'e10s': False,
16:52:35     INFO -  'exe_suffix': '',
16:52:35     INFO -  'exes': {'python': '/tools/buildbot/bin/python',
16:52:35     INFO -           'tooltool.py': '/tools/tooltool.py',
16:52:35     INFO -           'virtualenv': ('/tools/buildbot/bin/python',
16:52:35     INFO -                          '/tools/misc-python/virtualenv.py')},
16:52:35     INFO -  'find_links': ('http://pypi.pvt.build.mozilla.org/pub',
16:52:35     INFO -                 'http://pypi.pub.build.mozilla.org/pub'),
16:52:35     INFO -  'installer_path': '/builds/slave/test/build/installer.tar.bz2',
16:52:35     INFO -  'log_level': 'info',
16:52:35     INFO -  'log_to_console': True,
16:52:35     INFO -  'minidump_save_path': '%(abs_work_dir)s/../minidumps',
16:52:35     INFO -  'minidump_stackwalk_path': 'linux64-minidump_stackwalk',
16:52:35     INFO -  'minidump_tooltool_manifest_path': 'config/tooltool-manifests/linux64/releng.manifest',
16:52:35     INFO -  'minimum_tests_zip_dirs': ('bin/*',
16:52:35     INFO -                             'certs/*',
16:52:35     INFO -                             'config/*',
16:52:35     INFO -                             'mach',
16:52:35     INFO -                             'marionette/*',
16:52:35     INFO -                             'modules/*',
16:52:35     INFO -                             'mozbase/*',
16:52:35     INFO -                             'tools/*'),
16:52:35     INFO -  'no_random': False,
16:52:35     INFO -  'nodejs_path': 'node-linux-x64/bin/node',
16:52:35     INFO -  'nodejs_tooltool_manifest_path': 'config/tooltool-manifests/linux64/nodejs.manifest',
16:52:35     INFO -  'opt_config_files': (),
16:52:35     INFO -  'pip_index': False,
16:52:35     INFO -  'preflight_run_cmd_suites': ({'architectures': ('32bit', '64bit'),
16:52:35     INFO -                                'cmd': ('xset', 's', 'off', 's', 'reset'),
16:52:35     INFO -                                'enabled': True,
16:52:35     INFO -                                'halt_on_failure': False,
16:52:35     INFO -                                'name': 'disable_screen_saver'},
16:52:35     INFO -                               {'architectures': ('32bit',),
16:52:35     INFO -                                'cmd': ('python',
16:52:35     INFO -                                        '../scripts/external_tools/mouse_and_screen_resolution.py',
16:52:35     INFO -                                        '--configuration-file',
16:52:35     INFO -                                        '../scripts/external_tools/machine-configuration.json'),
16:52:35     INFO -                                'enabled': False,
16:52:35     INFO -                                'halt_on_failure': True,
16:52:35     INFO -                                'name': 'run mouse & screen adjustment script'}),
16:52:35     INFO -  'require_test_zip': True,
16:52:35     INFO -  'run_all_suites': False,
16:52:35     INFO -  'run_cmd_checks_enabled': True,
16:52:35     INFO -  'run_file_names': {'cppunittest': 'runcppunittests.py',
16:52:35     INFO -                     'gtest': 'rungtests.py',
16:52:35     INFO -                     'jittest': 'jit_test.py',
16:52:35     INFO -                     'mochitest': 'runtests.py',
16:52:35     INFO -                     'mozbase': 'test.py',
16:52:35     INFO -                     'mozmill': 'runtestlist.py',
16:52:35     INFO -                     'reftest': 'runreftest.py',
16:52:35     INFO -                     'xpcshell': 'runxpcshelltests.py'},
16:52:35     INFO -  'specific_tests_zip_dirs': {'cppunittest': ('cppunittest/*',),
16:52:35     INFO -                              'gtest': ('gtest/*',),
16:52:35     INFO -                              'jittest': ('jit-test/*',),
16:52:35     INFO -                              'mochitest': ('mochitest/*',),
16:52:35     INFO -                              'mozbase': ('mozbase/*',),
16:52:35     INFO -                              'mozmill': ('mozmill/*',),
16:52:35     INFO -                              'reftest': ('reftest/*', 'jsreftest/*'),
16:52:35     INFO -                              'xpcshell': ('xpcshell/*',)},
16:52:35     INFO -  'specified_mochitest_suites': ('mochitest-devtools-chrome-chunked',),
16:52:35     INFO -  'strict_content_sandbox': False,
16:52:35     INFO -  'suite_definitions': {'cppunittest': {'options': ('--symbols-path=%(symbols_path)s',
16:52:35     INFO -                                                    '--xre-path=%(abs_app_dir)s'),
16:52:35     INFO -                                        'run_filename': 'runcppunittests.py',
16:52:35     INFO -                                        'testsdir': 'cppunittest'},
16:52:35     INFO -                        'gtest': {'options': ('--xre-path=%(abs_res_dir)s',
16:52:35     INFO -                                              '--cwd=%(gtest_dir)s',
16:52:35     INFO -                                              '--symbols-path=%(symbols_path)s',
16:52:35     INFO -                                              '--utility-path=tests/bin',
16:52:35     INFO -                                              '%(binary_path)s'),
16:52:35     INFO -                                  'run_filename': 'rungtests.py'},
16:52:35     INFO -                        'jittest': {'options': ('tests/bin/js',
16:52:35     INFO -                                                '--no-slow',
16:52:35     INFO -                                                '--no-progress',
16:52:35     INFO -                                                '--format=automation',
16:52:35     INFO -                                                '--jitflags=all',
16:52:35     INFO -                                                '--timeout=970'),
16:52:35     INFO -                                    'run_filename': 'jit_test.py',
16:52:35     INFO -                                    'run_timeout': 1000,
16:52:35     INFO -                                    'testsdir': 'jit-test/jit-test'},
16:52:35     INFO -                        'mochitest': {'options': ('--appname=%(binary_path)s',
16:52:35     INFO -                                                  '--utility-path=tests/bin',
16:52:35     INFO -                                                  '--extra-profile-file=tests/bin/plugins',
16:52:35     INFO -                                                  '--symbols-path=%(symbols_path)s',
16:52:35     INFO -                                                  '--certificate-path=tests/certs',
16:52:35     INFO -                                                  '--setpref=webgl.force-enabled=true',
16:52:35     INFO -                                                  '--quiet',
16:52:35     INFO -                                                  '--log-raw=%(raw_log_file)s',
16:52:35     INFO -                                                  '--log-errorsummary=%(error_summary_file)s',
16:52:35     INFO -                                                  '--use-test-media-devices',
16:52:35     INFO -                                                  '--screenshot-on-fail',
16:52:35     INFO -                                                  '--cleanup-crashes',
16:52:35     INFO -                                                  '--marionette-startup-timeout=180'),
16:52:35     INFO -                                      'run_filename': 'runtests.py',
16:52:35     INFO -                                      'testsdir': 'mochitest'},
16:52:35     INFO -                        'mozbase': {'options': ('-b', '%(binary_path)s'),
16:52:35     INFO -                                    'run_filename': 'test.py',
16:52:35     INFO -                                    'testsdir': 'mozbase'},
16:52:35     INFO -                        'mozmill': {'options': ('--binary=%(binary_path)s',
16:52:35     INFO -                                                '--testing-modules-dir=test/modules',
16:52:35     INFO -                                                '--plugins-path=%(test_plugin_path)s',
16:52:35     INFO -                                                '--symbols-path=%(symbols_path)s'),
16:52:35     INFO -                                    'run_filename': 'runtestlist.py',
16:52:35     INFO -                                    'testsdir': 'mozmill'},
16:52:35     INFO -                        'reftest': {'options': ('--appname=%(binary_path)s',
16:52:35     INFO -                                                '--utility-path=tests/bin',
16:52:35     INFO -                                                '--extra-profile-file=tests/bin/plugins',
16:52:35     INFO -                                                '--symbols-path=%(symbols_path)s',
16:52:35     INFO -                                                '--log-raw=%(raw_log_file)s',
16:52:35     INFO -                                                '--log-errorsummary=%(error_summary_file)s',
16:52:35     INFO -                                                '--cleanup-crashes'),
16:52:35     INFO -                                    'run_filename': 'runreftest.py',
16:52:35     INFO -                                    'testsdir': 'reftest'},
16:52:35     INFO -                        'xpcshell': {'options': ('--symbols-path=%(symbols_path)s',
16:52:35     INFO -                                                 '--test-plugin-path=%(test_plugin_path)s',
16:52:35     INFO -                                                 '--log-raw=%(raw_log_file)s',
16:52:35     INFO -                                                 '--log-errorsummary=%(error_summary_file)s',
16:52:35     INFO -                                                 '--utility-path=tests/bin'),
16:52:35     INFO -                                     'run_filename': 'runxpcshelltests.py',
16:52:35     INFO -                                     'testsdir': 'xpcshell'}},
16:52:35     INFO -  'this_chunk': '6',
16:52:35     INFO -  'tooltool_cache': '/builds/tooltool_cache',
16:52:35     INFO -  'total_chunks': '8',
16:52:35     INFO -  'unstructured_flavors': {'cppunittest': (),
16:52:35     INFO -                           'gtest': (),
16:52:35     INFO -                           'jittest': (),
16:52:35     INFO -                           'mochitest': ('jetpack',),
16:52:35     INFO -                           'mozbase': (),
16:52:35     INFO -                           'mozmill': (),
16:52:35     INFO -                           'xpcshell': ()},
16:52:35     INFO -  'vcs_output_timeout': 1000,
16:52:35     INFO -  'virtualenv_path': 'venv',
16:52:35     INFO -  'volatile_config': {'actions': None, 'add_actions': None, 'no_actions': None},
16:52:35     INFO -  'work_dir': 'build',
16:52:35     INFO -  'xpcshell_name': 'xpcshell'}
16:52:35     INFO - [mozharness: 2018-06-08 23:52:35.473261Z] Running clobber step.
16:52:35     INFO - Running pre-action listener: _resource_record_pre_action
16:52:35     INFO - Running main action method: clobber
16:52:35     INFO - rmtree: /builds/slave/test/build
16:52:35     INFO - Running post-action listener: _resource_record_post_action
16:52:35     INFO - [mozharness: 2018-06-08 23:52:35.487444Z] Finished clobber step (success)
16:52:35     INFO - [mozharness: 2018-06-08 23:52:35.487864Z] Running read-buildbot-config step.
16:52:35     INFO - Running pre-action listener: _resource_record_pre_action
16:52:35     INFO - Running main action method: read_buildbot_config
16:52:35     INFO - Using buildbot properties:
16:52:35     INFO - {
16:52:35     INFO -     "project": "", 
16:52:35     INFO -     "product": "firefox", 
16:52:35     INFO -     "script_repo_revision": "production", 
16:52:35     INFO -     "scheduler": "tests-mozilla-esr52-ubuntu64_vm-pgo-unittest", 
16:52:35     INFO -     "repository": "", 
16:52:35     INFO -     "buildername": "Ubuntu VM 12.04 x64 mozilla-esr52 pgo test mochitest-devtools-chrome-6", 
16:52:35     INFO -     "buildid": "20180608150819", 
16:52:35     INFO -     "pgo_build": "True", 
16:52:35     INFO -     "basedir": "/builds/slave/test", 
16:52:35     INFO -     "buildnumber": 18, 
16:52:35     INFO -     "slavename": "tst-linux64-spot-313", 
16:52:35     INFO -     "master": "http://buildbot-master53.bb.releng.usw2.mozilla.com:8201/", 
16:52:35     INFO -     "platform": "linux64", 
16:52:35     INFO -     "branch": "mozilla-esr52", 
16:52:35     INFO -     "revision": "cbfdf01aac455e0591471201c96b89dee98190b5", 
16:52:35     INFO -     "repo_path": "releases/mozilla-esr52", 
16:52:35     INFO -     "moz_repo_path": "", 
16:52:35     INFO -     "stage_platform": "linux64-pgo", 
16:52:35     INFO -     "builduid": "b298b373e93d4f8dbf92436c9ed838a2", 
16:52:35     INFO -     "slavebuilddir": "test"
16:52:35     INFO - }
16:52:35     INFO - Found installer url https://queue.taskcluster.net/v1/task/I1iAdq48Sa60c5BCPWswkg/artifacts/public/build/firefox-52.8.2.en-US.linux-x86_64.tar.bz2.
16:52:35     INFO - Found a test packages url https://queue.taskcluster.net/v1/task/I1iAdq48Sa60c5BCPWswkg/artifacts/public/build/firefox-52.8.2.en-US.linux-x86_64.test_packages.json.
16:52:35     INFO - Running post-action listener: _resource_record_post_action
16:52:35     INFO - [mozharness: 2018-06-08 23:52:35.498488Z] Finished read-buildbot-config step (success)
16:52:35     INFO - [mozharness: 2018-06-08 23:52:35.498845Z] Running download-and-extract step.
16:52:35     INFO - Running pre-action listener: _pre_download_and_extract
16:52:35  WARNING - Try message not found.
16:52:35     INFO - Running pre-action listener: _resource_record_pre_action
16:52:35     INFO - Running main action method: download_and_extract
16:52:35     INFO - mkdir: /builds/slave/test/build/tests
16:52:35     INFO - Downloading https://queue.taskcluster.net/v1/task/I1iAdq48Sa60c5BCPWswkg/artifacts/public/build/firefox-52.8.2.en-US.linux-x86_64.test_packages.json to /builds/slave/test/build/firefox-52.8.2.en-US.linux-x86_64.test_packages.json
16:52:35     INFO - retry: Calling _download_file with args: (), kwargs: {'url': 'https://queue.taskcluster.net/v1/task/I1iAdq48Sa60c5BCPWswkg/artifacts/public/build/firefox-52.8.2.en-US.linux-x86_64.test_packages.json', 'file_name': '/builds/slave/test/build/firefox-52.8.2.en-US.linux-x86_64.test_packages.json'}, attempt #1
16:52:36     INFO - Downloaded 1361 bytes.
16:52:36     INFO - Reading from file /builds/slave/test/build/firefox-52.8.2.en-US.linux-x86_64.test_packages.json
16:52:36     INFO - Using the following test package requirements:
16:52:36     INFO - {u'common': [u'firefox-52.8.2.en-US.linux-x86_64.common.tests.zip'],
16:52:36     INFO -  u'cppunittest': [u'firefox-52.8.2.en-US.linux-x86_64.common.tests.zip',
16:52:36     INFO -                   u'firefox-52.8.2.en-US.linux-x86_64.cppunittest.tests.zip'],
16:52:36     INFO -  u'gtest': [u'firefox-52.8.2.en-US.linux-x86_64.common.tests.zip',
16:52:36     INFO -             u'firefox-52.8.2.en-US.linux-x86_64.gtest.tests.zip'],
16:52:36     INFO -  u'jittest': [u'firefox-52.8.2.en-US.linux-x86_64.common.tests.zip',
16:52:36     INFO -               u'jsshell-linux-x86_64.zip'],
16:52:36     INFO -  u'mochitest': [u'firefox-52.8.2.en-US.linux-x86_64.common.tests.zip',
16:52:36     INFO -                 u'firefox-52.8.2.en-US.linux-x86_64.mochitest.tests.zip'],
16:52:36     INFO -  u'mozbase': [u'firefox-52.8.2.en-US.linux-x86_64.common.tests.zip'],
16:52:36     INFO -  u'reftest': [u'firefox-52.8.2.en-US.linux-x86_64.common.tests.zip',
16:52:36     INFO -               u'firefox-52.8.2.en-US.linux-x86_64.reftest.tests.zip'],
16:52:36     INFO -  u'talos': [u'firefox-52.8.2.en-US.linux-x86_64.common.tests.zip',
16:52:36     INFO -             u'firefox-52.8.2.en-US.linux-x86_64.talos.tests.zip'],
16:52:36     INFO -  u'web-platform': [u'firefox-52.8.2.en-US.linux-x86_64.common.tests.zip',
16:52:36     INFO -                    u'firefox-52.8.2.en-US.linux-x86_64.web-platform.tests.zip'],
16:52:36     INFO -  u'xpcshell': [u'firefox-52.8.2.en-US.linux-x86_64.common.tests.zip',
16:52:36     INFO -                u'firefox-52.8.2.en-US.linux-x86_64.xpcshell.tests.zip']}
16:52:36     INFO - Downloading packages: [u'firefox-52.8.2.en-US.linux-x86_64.common.tests.zip', u'firefox-52.8.2.en-US.linux-x86_64.mochitest.tests.zip'] for test suite category: mochitest
16:52:36     INFO - Adding 'mozinfo.json' for extraction from common.tests zip file
16:52:36     INFO - Downloading and extracting to /builds/slave/test/build/tests these dirs bin/*, certs/*, config/*, mach, marionette/*, modules/*, mozbase/*, tools/*, mochitest/*, mozinfo.json from https://queue.taskcluster.net/v1/task/I1iAdq48Sa60c5BCPWswkg/artifacts/public/build/firefox-52.8.2.en-US.linux-x86_64.common.tests.zip
16:52:36     INFO - retry: Calling fetch_url_into_memory with args: (), kwargs: {'url': u'https://queue.taskcluster.net/v1/task/I1iAdq48Sa60c5BCPWswkg/artifacts/public/build/firefox-52.8.2.en-US.linux-x86_64.common.tests.zip'}, attempt #1
16:52:36     INFO - Fetch https://queue.taskcluster.net/v1/task/I1iAdq48Sa60c5BCPWswkg/artifacts/public/build/firefox-52.8.2.en-US.linux-x86_64.common.tests.zip into memory
16:52:37     INFO - Http code: 200
16:52:37     INFO - via: 1.1 ca024aca72de992a25bcd7fdcfe84b67.cloudfront.net (CloudFront)
16:52:37     INFO - x-amz-cf-id: 4ahkcsGV8Rg2xOAptQXPxCr_ISh31TdHmubcpi47LarEHkCtgTT8HQ==
16:52:37     INFO - x-amz-version-id: amyEguiG3.NEsCgIpfpr7ojoc30OcAP5
16:52:38     INFO - Expected file size: 22192748
16:52:38     INFO - Obtained file size: 22192748
16:52:39     INFO - Downloading and extracting to /builds/slave/test/build/tests these dirs bin/*, certs/*, config/*, mach, marionette/*, modules/*, mozbase/*, tools/*, mochitest/*, mozinfo.json from https://queue.taskcluster.net/v1/task/I1iAdq48Sa60c5BCPWswkg/artifacts/public/build/firefox-52.8.2.en-US.linux-x86_64.mochitest.tests.zip
16:52:39     INFO - retry: Calling fetch_url_into_memory with args: (), kwargs: {'url': u'https://queue.taskcluster.net/v1/task/I1iAdq48Sa60c5BCPWswkg/artifacts/public/build/firefox-52.8.2.en-US.linux-x86_64.mochitest.tests.zip'}, attempt #1
16:52:39     INFO - Fetch https://queue.taskcluster.net/v1/task/I1iAdq48Sa60c5BCPWswkg/artifacts/public/build/firefox-52.8.2.en-US.linux-x86_64.mochitest.tests.zip into memory
16:52:40     INFO - Http code: 200
16:52:40     INFO - via: 1.1 88972e3933cc06dd11a6fa704a208631.cloudfront.net (CloudFront)
16:52:40     INFO - x-amz-cf-id: ziw4P10v_QNXzJNGafgWxKbJV_RKJ-9fUs2VODtZwD77VgnUvRXvLQ==
16:52:40     INFO - x-amz-version-id: pVaLoGmwkPIw3WqAG.TA2Gozslw06heL
16:52:42     INFO - Expected file size: 80595071
16:52:42     INFO - Obtained file size: 80595071
16:53:06     INFO - Downloading https://queue.taskcluster.net/v1/task/I1iAdq48Sa60c5BCPWswkg/artifacts/public/build/firefox-52.8.2.en-US.linux-x86_64.tar.bz2 to /builds/slave/test/build/installer.tar.bz2
16:53:06     INFO - retry: Calling _download_file with args: (), kwargs: {'url': 'https://queue.taskcluster.net/v1/task/I1iAdq48Sa60c5BCPWswkg/artifacts/public/build/firefox-52.8.2.en-US.linux-x86_64.tar.bz2', 'file_name': '/builds/slave/test/build/installer.tar.bz2'}, attempt #1
16:53:08     INFO - Downloaded 57821935 bytes.
16:53:08     INFO - Setting buildbot property build_url to https://queue.taskcluster.net/v1/task/I1iAdq48Sa60c5BCPWswkg/artifacts/public/build/firefox-52.8.2.en-US.linux-x86_64.tar.bz2
16:53:08     INFO - mkdir: /builds/slave/test/properties
16:53:08     INFO - Writing buildbot properties ['build_url'] to /builds/slave/test/properties/build_url
16:53:08     INFO - Writing to file /builds/slave/test/properties/build_url
16:53:08     INFO - Contents:
16:53:08     INFO -  build_url:https://queue.taskcluster.net/v1/task/I1iAdq48Sa60c5BCPWswkg/artifacts/public/build/firefox-52.8.2.en-US.linux-x86_64.tar.bz2
16:53:09     INFO - Running post-action listener: _resource_record_post_action
16:53:09     INFO - Running post-action listener: set_extra_try_arguments
16:53:09     INFO - [mozharness: 2018-06-08 23:53:09.489208Z] Finished download-and-extract step (success)
16:53:09     INFO - [mozharness: 2018-06-08 23:53:09.489595Z] Running create-virtualenv step.
16:53:09     INFO - Running pre-action listener: _install_mozbase
16:53:09     INFO - Running pre-action listener: _pre_create_virtualenv
16:53:09     INFO - Running pre-action listener: _resource_record_pre_action
16:53:09     INFO - Running main action method: create_virtualenv
16:53:09     INFO - Creating virtualenv /builds/slave/test/build/venv
16:53:09     INFO - Running command: ['/tools/buildbot/bin/python', '/builds/slave/test/scripts/external_tools/virtualenv/virtualenv.py', '--always-copy', '/builds/slave/test/build/venv'] in /builds/slave/test/build
16:53:09     INFO - Copy/paste: /tools/buildbot/bin/python /builds/slave/test/scripts/external_tools/virtualenv/virtualenv.py --always-copy /builds/slave/test/build/venv
16:53:09     INFO - Using partial env: {'VIRTUALENV_NO_DOWNLOAD': '1'}
16:53:11     INFO -  Using real prefix '/usr'
16:53:11     INFO -  New python executable in /builds/slave/test/build/venv/bin/python
16:53:14     INFO -  Installing setuptools, pip, wheel...done.
16:53:14     INFO - Return code: 0
16:53:14     INFO - Installing psutil>=3.1.1 into virtualenv /builds/slave/test/build/venv
16:53:14     INFO - retry: Calling run_command with args: [['/builds/slave/test/build/venv/bin/pip', 'install', '--timeout', '120', '--no-index', '--find-links', 'http://pypi.pvt.build.mozilla.org/pub', '--find-links', 'http://pypi.pub.build.mozilla.org/pub', '--trusted-host', 'pypi.pub.build.mozilla.org', '--trusted-host', 'pypi.pvt.build.mozilla.org', 'psutil>=3.1.1']], kwargs: {'error_level': 'warning', 'error_list': [{'substr': 'not found or a compiler error:', 'level': 'warning'}, {'regex': <_sre.SRE_Pattern object at 0x7f92d2424110>, 'level': 'error'}, {'regex': <_sre.SRE_Pattern object at 0x7f92d252ce40>, 'level': 'warning'}, {'regex': <_sre.SRE_Pattern object at 0x215e3e0>, 'level': 'debug'}, {'substr': 'command not found', 'level': 'error'}, {'regex': <_sre.SRE_Pattern object at 0x215aa90>, 'level': 'warning'}, {'substr': 'Traceback (most recent call last)', 'level': 'error'}, {'substr': 'SyntaxError: ', 'level': 'error'}, {'substr': 'TypeError: ', 'level': 'error'}, {'substr': 'NameError: ', 'level': 'error'}, {'substr': 'ZeroDivisionError: ', 'level': 'error'}, {'regex': <_sre.SRE_Pattern object at 0x215c3f0>, 'level': 'critical'}, {'regex': <_sre.SRE_Pattern object at 0x215c670>, 'level': 'critical'}], 'cwd': '/builds/slave/test/build', 'env': {'TMOUT': '86400', 'LOGNAME': 'cltbld', 'USER': 'cltbld', 'HOME': '/home/cltbld', 'PATH': '/usr/local/bin:/usr/local/bin:/usr/bin:/bin:/usr/local/games:/usr/games', 'DISPLAY': ':0', 'CCACHE_UMASK': '002', 'LANG': 'en_US.UTF-8', 'TERM': 'linux', 'SHELL': '/bin/bash', 'MOZ_NODE_PATH': '/usr/bin/node', 'XDG_SESSION_COOKIE': '9ca12473fbb1d023794ffd180000023c-1528501951.856766-1829740940', 'SHLVL': '1', 'NO_FAIL_ON_TEST_ERRORS': '1', 'MOZ_NO_REMOTE': '1', 'MOZ_HIDE_RESULTS_TABLE': '1', 'MAIL': '/var/mail/cltbld', '_': '/tools/buildbot/bin/python', 'NODE_PATH': '/usr/lib/nodejs:/usr/lib/node_modules:/usr/share/javascript', 'PWD': '/builds/slave/test', 'PROPERTIES_FILE': '/builds/slave/test/buildprops.json', 'CCACHE_DIR': '/builds/ccache'}}, attempt #1
16:53:14     INFO - Running command: ['/builds/slave/test/build/venv/bin/pip', 'install', '--timeout', '120', '--no-index', '--find-links', 'http://pypi.pvt.build.mozilla.org/pub', '--find-links', 'http://pypi.pub.build.mozilla.org/pub', '--trusted-host', 'pypi.pub.build.mozilla.org', '--trusted-host', 'pypi.pvt.build.mozilla.org', 'psutil>=3.1.1'] in /builds/slave/test/build
16:53:14     INFO - Copy/paste: /builds/slave/test/build/venv/bin/pip install --timeout 120 --no-index --find-links http://pypi.pvt.build.mozilla.org/pub --find-links http://pypi.pub.build.mozilla.org/pub --trusted-host pypi.pub.build.mozilla.org --trusted-host pypi.pvt.build.mozilla.org psutil>=3.1.1
16:53:14     INFO - Using env: {'CCACHE_DIR': '/builds/ccache',
16:53:14     INFO -  'CCACHE_UMASK': '002',
16:53:14     INFO -  'DISPLAY': ':0',
16:53:14     INFO -  'HOME': '/home/cltbld',
16:53:14     INFO -  'LANG': 'en_US.UTF-8',
16:53:14     INFO -  'LOGNAME': 'cltbld',
16:53:14     INFO -  'MAIL': '/var/mail/cltbld',
16:53:14     INFO -  'MOZ_HIDE_RESULTS_TABLE': '1',
16:53:14     INFO -  'MOZ_NODE_PATH': '/usr/bin/node',
16:53:14     INFO -  'MOZ_NO_REMOTE': '1',
16:53:14     INFO -  'NODE_PATH': '/usr/lib/nodejs:/usr/lib/node_modules:/usr/share/javascript',
16:53:14     INFO -  'NO_FAIL_ON_TEST_ERRORS': '1',
16:53:14     INFO -  'PATH': '/usr/local/bin:/usr/local/bin:/usr/bin:/bin:/usr/local/games:/usr/games',
16:53:14     INFO -  'PROPERTIES_FILE': '/builds/slave/test/buildprops.json',
16:53:14     INFO -  'PWD': '/builds/slave/test',
16:53:14     INFO -  'SHELL': '/bin/bash',
16:53:14     INFO -  'SHLVL': '1',
16:53:14     INFO -  'TERM': 'linux',
16:53:14     INFO -  'TMOUT': '86400',
16:53:14     INFO -  'USER': 'cltbld',
16:53:14     INFO -  'XDG_SESSION_COOKIE': '9ca12473fbb1d023794ffd180000023c-1528501951.856766-1829740940',
16:53:14     INFO -  '_': '/tools/buildbot/bin/python'}
16:53:15     INFO -  Ignoring indexes: https://pypi.python.org/simple
16:53:15     INFO -  Collecting psutil>=3.1.1
16:53:15     INFO -  /builds/slave/test/build/venv/lib/python2.7/site-packages/pip/_vendor/requests/packages/urllib3/util/ssl_.py:318: SNIMissingWarning: An HTTPS request has been made, but the SNI (Subject Name Indication) extension to TLS is not available on this platform. This may cause the server to present an incorrect TLS certificate, which can cause validation failures. You can upgrade to a newer version of Python to solve this. For more information, see https://urllib3.readthedocs.org/en/latest/security.html#snimissingwarning.
16:53:15     INFO -    SNIMissingWarning
16:53:15     INFO -  /builds/slave/test/build/venv/lib/python2.7/site-packages/pip/_vendor/requests/packages/urllib3/util/ssl_.py:122: InsecurePlatformWarning: A true SSLContext object is not available. This prevents urllib3 from configuring SSL appropriately and may cause certain SSL connections to fail. You can upgrade to a newer version of Python to solve this. For more information, see https://urllib3.readthedocs.org/en/latest/security.html#insecureplatformwarning.
16:53:15     INFO -    InsecurePlatformWarning
16:53:16     INFO -  /builds/slave/test/build/venv/lib/python2.7/site-packages/pip/_vendor/requests/packages/urllib3/util/ssl_.py:122: InsecurePlatformWarning: A true SSLContext object is not available. This prevents urllib3 from configuring SSL appropriately and may cause certain SSL connections to fail. You can upgrade to a newer version of Python to solve this. For more information, see https://urllib3.readthedocs.org/en/latest/security.html#insecureplatformwarning.
16:53:16     INFO -    InsecurePlatformWarning
16:53:20     INFO -    Downloading https://pypi.pvt.build.mozilla.org/pub/psutil-5.4.3.tar.gz (412kB)
16:53:21     INFO -  Building wheels for collected packages: psutil
16:53:21     INFO -    Running setup.py bdist_wheel for psutil: started
16:53:23     INFO -    Running setup.py bdist_wheel for psutil: finished with status 'done'
16:53:23     INFO -    Stored in directory: /home/cltbld/.cache/pip/wheels/30/c0/c3/5cdb2b64c0d47a81af9c62935a64d83948d2c2b3e7af3eeee2
16:53:23     INFO -  Successfully built psutil
16:53:23     INFO -  Installing collected packages: psutil
16:53:24     INFO -  Successfully installed psutil-5.4.3
16:53:24     INFO - Return code: 0
16:53:24     INFO - Installing mozsystemmonitor==0.3 into virtualenv /builds/slave/test/build/venv
16:53:24     INFO - retry: Calling run_command with args: [['/builds/slave/test/build/venv/bin/pip', 'install', '--timeout', '120', '--no-index', '--find-links', 'http://pypi.pvt.build.mozilla.org/pub', '--find-links', 'http://pypi.pub.build.mozilla.org/pub', '--trusted-host', 'pypi.pub.build.mozilla.org', '--trusted-host', 'pypi.pvt.build.mozilla.org', 'mozsystemmonitor==0.3']], kwargs: {'error_level': 'warning', 'error_list': [{'substr': 'not found or a compiler error:', 'level': 'warning'}, {'regex': <_sre.SRE_Pattern object at 0x7f92d2424110>, 'level': 'error'}, {'regex': <_sre.SRE_Pattern object at 0x7f92d252ce40>, 'level': 'warning'}, {'regex': <_sre.SRE_Pattern object at 0x215e3e0>, 'level': 'debug'}, {'substr': 'command not found', 'level': 'error'}, {'regex': <_sre.SRE_Pattern object at 0x215aa90>, 'level': 'warning'}, {'substr': 'Traceback (most recent call last)', 'level': 'error'}, {'substr': 'SyntaxError: ', 'level': 'error'}, {'substr': 'TypeError: ', 'level': 'error'}, {'substr': 'NameError: ', 'level': 'error'}, {'substr': 'ZeroDivisionError: ', 'level': 'error'}, {'regex': <_sre.SRE_Pattern object at 0x215c3f0>, 'level': 'critical'}, {'regex': <_sre.SRE_Pattern object at 0x215c670>, 'level': 'critical'}], 'cwd': '/builds/slave/test/build', 'env': {'TMOUT': '86400', 'LOGNAME': 'cltbld', 'USER': 'cltbld', 'HOME': '/home/cltbld', 'PATH': '/usr/local/bin:/usr/local/bin:/usr/bin:/bin:/usr/local/games:/usr/games', 'DISPLAY': ':0', 'CCACHE_UMASK': '002', 'LANG': 'en_US.UTF-8', 'TERM': 'linux', 'SHELL': '/bin/bash', 'MOZ_NODE_PATH': '/usr/bin/node', 'XDG_SESSION_COOKIE': '9ca12473fbb1d023794ffd180000023c-1528501951.856766-1829740940', 'SHLVL': '1', 'NO_FAIL_ON_TEST_ERRORS': '1', 'MOZ_NO_REMOTE': '1', 'MOZ_HIDE_RESULTS_TABLE': '1', 'MAIL': '/var/mail/cltbld', '_': '/tools/buildbot/bin/python', 'NODE_PATH': '/usr/lib/nodejs:/usr/lib/node_modules:/usr/share/javascript', 'PWD': '/builds/slave/test', 'PROPERTIES_FILE': '/builds/slave/test/buildprops.json', 'CCACHE_DIR': '/builds/ccache'}}, attempt #1
16:53:24     INFO - Running command: ['/builds/slave/test/build/venv/bin/pip', 'install', '--timeout', '120', '--no-index', '--find-links', 'http://pypi.pvt.build.mozilla.org/pub', '--find-links', 'http://pypi.pub.build.mozilla.org/pub', '--trusted-host', 'pypi.pub.build.mozilla.org', '--trusted-host', 'pypi.pvt.build.mozilla.org', 'mozsystemmonitor==0.3'] in /builds/slave/test/build
16:53:24     INFO - Copy/paste: /builds/slave/test/build/venv/bin/pip install --timeout 120 --no-index --find-links http://pypi.pvt.build.mozilla.org/pub --find-links http://pypi.pub.build.mozilla.org/pub --trusted-host pypi.pub.build.mozilla.org --trusted-host pypi.pvt.build.mozilla.org mozsystemmonitor==0.3
16:53:24     INFO - Using env: {'CCACHE_DIR': '/builds/ccache',
16:53:24     INFO -  'CCACHE_UMASK': '002',
16:53:24     INFO -  'DISPLAY': ':0',
16:53:24     INFO -  'HOME': '/home/cltbld',
16:53:24     INFO -  'LANG': 'en_US.UTF-8',
16:53:24     INFO -  'LOGNAME': 'cltbld',
16:53:24     INFO -  'MAIL': '/var/mail/cltbld',
16:53:24     INFO -  'MOZ_HIDE_RESULTS_TABLE': '1',
16:53:24     INFO -  'MOZ_NODE_PATH': '/usr/bin/node',
16:53:24     INFO -  'MOZ_NO_REMOTE': '1',
16:53:24     INFO -  'NODE_PATH': '/usr/lib/nodejs:/usr/lib/node_modules:/usr/share/javascript',
16:53:24     INFO -  'NO_FAIL_ON_TEST_ERRORS': '1',
16:53:24     INFO -  'PATH': '/usr/local/bin:/usr/local/bin:/usr/bin:/bin:/usr/local/games:/usr/games',
16:53:24     INFO -  'PROPERTIES_FILE': '/builds/slave/test/buildprops.json',
16:53:24     INFO -  'PWD': '/builds/slave/test',
16:53:24     INFO -  'SHELL': '/bin/bash',
16:53:24     INFO -  'SHLVL': '1',
16:53:24     INFO -  'TERM': 'linux',
16:53:24     INFO -  'TMOUT': '86400',
16:53:24     INFO -  'USER': 'cltbld',
16:53:24     INFO -  'XDG_SESSION_COOKIE': '9ca12473fbb1d023794ffd180000023c-1528501951.856766-1829740940',
16:53:24     INFO -  '_': '/tools/buildbot/bin/python'}
16:53:25     INFO -  Ignoring indexes: https://pypi.python.org/simple
16:53:25     INFO -  Collecting mozsystemmonitor==0.3
16:53:25     INFO -  /builds/slave/test/build/venv/lib/python2.7/site-packages/pip/_vendor/requests/packages/urllib3/util/ssl_.py:318: SNIMissingWarning: An HTTPS request has been made, but the SNI (Subject Name Indication) extension to TLS is not available on this platform. This may cause the server to present an incorrect TLS certificate, which can cause validation failures. You can upgrade to a newer version of Python to solve this. For more information, see https://urllib3.readthedocs.org/en/latest/security.html#snimissingwarning.
16:53:25     INFO -    SNIMissingWarning
16:53:25     INFO -  /builds/slave/test/build/venv/lib/python2.7/site-packages/pip/_vendor/requests/packages/urllib3/util/ssl_.py:122: InsecurePlatformWarning: A true SSLContext object is not available. This prevents urllib3 from configuring SSL appropriately and may cause certain SSL connections to fail. You can upgrade to a newer version of Python to solve this. For more information, see https://urllib3.readthedocs.org/en/latest/security.html#insecureplatformwarning.
16:53:25     INFO -    InsecurePlatformWarning
16:53:26     INFO -  /builds/slave/test/build/venv/lib/python2.7/site-packages/pip/_vendor/requests/packages/urllib3/util/ssl_.py:122: InsecurePlatformWarning: A true SSLContext object is not available. This prevents urllib3 from configuring SSL appropriately and may cause certain SSL connections to fail. You can upgrade to a newer version of Python to solve this. For more information, see https://urllib3.readthedocs.org/en/latest/security.html#insecureplatformwarning.
16:53:26     INFO -    InsecurePlatformWarning
16:53:30     INFO -    Downloading https://pypi.pvt.build.mozilla.org/pub/mozsystemmonitor-0.3.tar.gz
16:53:30     INFO -  Requirement already satisfied (use --upgrade to upgrade): psutil>=3.1.1 in ./venv/lib/python2.7/site-packages (from mozsystemmonitor==0.3)
16:53:30     INFO -  Building wheels for collected packages: mozsystemmonitor
16:53:30     INFO -    Running setup.py bdist_wheel for mozsystemmonitor: started
16:53:30     INFO -    Running setup.py bdist_wheel for mozsystemmonitor: finished with status 'done'
16:53:30     INFO -    Stored in directory: /home/cltbld/.cache/pip/wheels/f4/b7/9c/8a88c92aaad7c1d8bbd68513e1d91ad7f62b7465808c516aa8
16:53:31     INFO -  Successfully built mozsystemmonitor
16:53:31     INFO -  Installing collected packages: mozsystemmonitor
16:53:31     INFO -  Successfully installed mozsystemmonitor-0.3
16:53:31     INFO - Return code: 0
16:53:31     INFO - Installing jsonschema==2.5.1 into virtualenv /builds/slave/test/build/venv
16:53:31     INFO - retry: Calling run_command with args: [['/builds/slave/test/build/venv/bin/pip', 'install', '--timeout', '120', '--no-index', '--find-links', 'http://pypi.pvt.build.mozilla.org/pub', '--find-links', 'http://pypi.pub.build.mozilla.org/pub', '--trusted-host', 'pypi.pub.build.mozilla.org', '--trusted-host', 'pypi.pvt.build.mozilla.org', 'jsonschema==2.5.1']], kwargs: {'error_level': 'warning', 'error_list': [{'substr': 'not found or a compiler error:', 'level': 'warning'}, {'regex': <_sre.SRE_Pattern object at 0x7f92d2424110>, 'level': 'error'}, {'regex': <_sre.SRE_Pattern object at 0x7f92d252ce40>, 'level': 'warning'}, {'regex': <_sre.SRE_Pattern object at 0x215e3e0>, 'level': 'debug'}, {'substr': 'command not found', 'level': 'error'}, {'regex': <_sre.SRE_Pattern object at 0x215aa90>, 'level': 'warning'}, {'substr': 'Traceback (most recent call last)', 'level': 'error'}, {'substr': 'SyntaxError: ', 'level': 'error'}, {'substr': 'TypeError: ', 'level': 'error'}, {'substr': 'NameError: ', 'level': 'error'}, {'substr': 'ZeroDivisionError: ', 'level': 'error'}, {'regex': <_sre.SRE_Pattern object at 0x215c3f0>, 'level': 'critical'}, {'regex': <_sre.SRE_Pattern object at 0x215c670>, 'level': 'critical'}], 'cwd': '/builds/slave/test/build', 'env': {'TMOUT': '86400', 'LOGNAME': 'cltbld', 'USER': 'cltbld', 'HOME': '/home/cltbld', 'PATH': '/usr/local/bin:/usr/local/bin:/usr/bin:/bin:/usr/local/games:/usr/games', 'DISPLAY': ':0', 'CCACHE_UMASK': '002', 'LANG': 'en_US.UTF-8', 'TERM': 'linux', 'SHELL': '/bin/bash', 'MOZ_NODE_PATH': '/usr/bin/node', 'XDG_SESSION_COOKIE': '9ca12473fbb1d023794ffd180000023c-1528501951.856766-1829740940', 'SHLVL': '1', 'NO_FAIL_ON_TEST_ERRORS': '1', 'MOZ_NO_REMOTE': '1', 'MOZ_HIDE_RESULTS_TABLE': '1', 'MAIL': '/var/mail/cltbld', '_': '/tools/buildbot/bin/python', 'NODE_PATH': '/usr/lib/nodejs:/usr/lib/node_modules:/usr/share/javascript', 'PWD': '/builds/slave/test', 'PROPERTIES_FILE': '/builds/slave/test/buildprops.json', 'CCACHE_DIR': '/builds/ccache'}}, attempt #1
16:53:31     INFO - Running command: ['/builds/slave/test/build/venv/bin/pip', 'install', '--timeout', '120', '--no-index', '--find-links', 'http://pypi.pvt.build.mozilla.org/pub', '--find-links', 'http://pypi.pub.build.mozilla.org/pub', '--trusted-host', 'pypi.pub.build.mozilla.org', '--trusted-host', 'pypi.pvt.build.mozilla.org', 'jsonschema==2.5.1'] in /builds/slave/test/build
16:53:31     INFO - Copy/paste: /builds/slave/test/build/venv/bin/pip install --timeout 120 --no-index --find-links http://pypi.pvt.build.mozilla.org/pub --find-links http://pypi.pub.build.mozilla.org/pub --trusted-host pypi.pub.build.mozilla.org --trusted-host pypi.pvt.build.mozilla.org jsonschema==2.5.1
16:53:31     INFO - Using env: {'CCACHE_DIR': '/builds/ccache',
16:53:31     INFO -  'CCACHE_UMASK': '002',
16:53:31     INFO -  'DISPLAY': ':0',
16:53:31     INFO -  'HOME': '/home/cltbld',
16:53:31     INFO -  'LANG': 'en_US.UTF-8',
16:53:31     INFO -  'LOGNAME': 'cltbld',
16:53:31     INFO -  'MAIL': '/var/mail/cltbld',
16:53:31     INFO -  'MOZ_HIDE_RESULTS_TABLE': '1',
16:53:31     INFO -  'MOZ_NODE_PATH': '/usr/bin/node',
16:53:31     INFO -  'MOZ_NO_REMOTE': '1',
16:53:31     INFO -  'NODE_PATH': '/usr/lib/nodejs:/usr/lib/node_modules:/usr/share/javascript',
16:53:31     INFO -  'NO_FAIL_ON_TEST_ERRORS': '1',
16:53:31     INFO -  'PATH': '/usr/local/bin:/usr/local/bin:/usr/bin:/bin:/usr/local/games:/usr/games',
16:53:31     INFO -  'PROPERTIES_FILE': '/builds/slave/test/buildprops.json',
16:53:31     INFO -  'PWD': '/builds/slave/test',
16:53:31     INFO -  'SHELL': '/bin/bash',
16:53:31     INFO -  'SHLVL': '1',
16:53:31     INFO -  'TERM': 'linux',
16:53:31     INFO -  'TMOUT': '86400',
16:53:31     INFO -  'USER': 'cltbld',
16:53:31     INFO -  'XDG_SESSION_COOKIE': '9ca12473fbb1d023794ffd180000023c-1528501951.856766-1829740940',
16:53:31     INFO -  '_': '/tools/buildbot/bin/python'}
16:53:32     INFO -  Ignoring indexes: https://pypi.python.org/simple
16:53:32     INFO -  Collecting jsonschema==2.5.1
16:53:32     INFO -  /builds/slave/test/build/venv/lib/python2.7/site-packages/pip/_vendor/requests/packages/urllib3/util/ssl_.py:318: SNIMissingWarning: An HTTPS request has been made, but the SNI (Subject Name Indication) extension to TLS is not available on this platform. This may cause the server to present an incorrect TLS certificate, which can cause validation failures. You can upgrade to a newer version of Python to solve this. For more information, see https://urllib3.readthedocs.org/en/latest/security.html#snimissingwarning.
16:53:32     INFO -    SNIMissingWarning
16:53:32     INFO -  /builds/slave/test/build/venv/lib/python2.7/site-packages/pip/_vendor/requests/packages/urllib3/util/ssl_.py:122: InsecurePlatformWarning: A true SSLContext object is not available. This prevents urllib3 from configuring SSL appropriately and may cause certain SSL connections to fail. You can upgrade to a newer version of Python to solve this. For more information, see https://urllib3.readthedocs.org/en/latest/security.html#insecureplatformwarning.
16:53:32     INFO -    InsecurePlatformWarning
16:53:33     INFO -  /builds/slave/test/build/venv/lib/python2.7/site-packages/pip/_vendor/requests/packages/urllib3/util/ssl_.py:122: InsecurePlatformWarning: A true SSLContext object is not available. This prevents urllib3 from configuring SSL appropriately and may cause certain SSL connections to fail. You can upgrade to a newer version of Python to solve this. For more information, see https://urllib3.readthedocs.org/en/latest/security.html#insecureplatformwarning.
16:53:33     INFO -    InsecurePlatformWarning
16:53:36     INFO -    Downloading https://pypi.pvt.build.mozilla.org/pub/jsonschema-2.5.1-py2.py3-none-any.whl
16:53:36     INFO -  Collecting functools32; python_version == "2.7" (from jsonschema==2.5.1)
16:53:40     INFO -    Downloading https://pypi.pvt.build.mozilla.org/pub/functools32-3.2.3-2.tar.gz
16:53:41     INFO -  Building wheels for collected packages: functools32
16:53:41     INFO -    Running setup.py bdist_wheel for functools32: started
16:53:41     INFO -    Running setup.py bdist_wheel for functools32: finished with status 'done'
16:53:41     INFO -    Stored in directory: /home/cltbld/.cache/pip/wheels/60/8e/5c/cd0944700dbec48e57da97dbe11bcc84b1332f6b43bc89d9b7
16:53:41     INFO -  Successfully built functools32
16:53:41     INFO -  Installing collected packages: functools32, jsonschema
16:53:42     INFO -  Successfully installed functools32-3.2.3.post2 jsonschema-2.5.1
16:53:42     INFO - Return code: 0
16:53:42     INFO - Installing functools32==3.2.3-2 into virtualenv /builds/slave/test/build/venv
16:53:42     INFO - retry: Calling run_command with args: [['/builds/slave/test/build/venv/bin/pip', 'install', '--timeout', '120', '--no-index', '--find-links', 'http://pypi.pvt.build.mozilla.org/pub', '--find-links', 'http://pypi.pub.build.mozilla.org/pub', '--trusted-host', 'pypi.pub.build.mozilla.org', '--trusted-host', 'pypi.pvt.build.mozilla.org', 'functools32==3.2.3-2']], kwargs: {'error_level': 'warning', 'error_list': [{'substr': 'not found or a compiler error:', 'level': 'warning'}, {'regex': <_sre.SRE_Pattern object at 0x7f92d2424110>, 'level': 'error'}, {'regex': <_sre.SRE_Pattern object at 0x7f92d252ce40>, 'level': 'warning'}, {'regex': <_sre.SRE_Pattern object at 0x215e3e0>, 'level': 'debug'}, {'substr': 'command not found', 'level': 'error'}, {'regex': <_sre.SRE_Pattern object at 0x215aa90>, 'level': 'warning'}, {'substr': 'Traceback (most recent call last)', 'level': 'error'}, {'substr': 'SyntaxError: ', 'level': 'error'}, {'substr': 'TypeError: ', 'level': 'error'}, {'substr': 'NameError: ', 'level': 'error'}, {'substr': 'ZeroDivisionError: ', 'level': 'error'}, {'regex': <_sre.SRE_Pattern object at 0x215c3f0>, 'level': 'critical'}, {'regex': <_sre.SRE_Pattern object at 0x215c670>, 'level': 'critical'}], 'cwd': '/builds/slave/test/build', 'env': {'TMOUT': '86400', 'LOGNAME': 'cltbld', 'USER': 'cltbld', 'HOME': '/home/cltbld', 'PATH': '/usr/local/bin:/usr/local/bin:/usr/bin:/bin:/usr/local/games:/usr/games', 'DISPLAY': ':0', 'CCACHE_UMASK': '002', 'LANG': 'en_US.UTF-8', 'TERM': 'linux', 'SHELL': '/bin/bash', 'MOZ_NODE_PATH': '/usr/bin/node', 'XDG_SESSION_COOKIE': '9ca12473fbb1d023794ffd180000023c-1528501951.856766-1829740940', 'SHLVL': '1', 'NO_FAIL_ON_TEST_ERRORS': '1', 'MOZ_NO_REMOTE': '1', 'MOZ_HIDE_RESULTS_TABLE': '1', 'MAIL': '/var/mail/cltbld', '_': '/tools/buildbot/bin/python', 'NODE_PATH': '/usr/lib/nodejs:/usr/lib/node_modules:/usr/share/javascript', 'PWD': '/builds/slave/test', 'PROPERTIES_FILE': '/builds/slave/test/buildprops.json', 'CCACHE_DIR': '/builds/ccache'}}, attempt #1
16:53:42     INFO - Running command: ['/builds/slave/test/build/venv/bin/pip', 'install', '--timeout', '120', '--no-index', '--find-links', 'http://pypi.pvt.build.mozilla.org/pub', '--find-links', 'http://pypi.pub.build.mozilla.org/pub', '--trusted-host', 'pypi.pub.build.mozilla.org', '--trusted-host', 'pypi.pvt.build.mozilla.org', 'functools32==3.2.3-2'] in /builds/slave/test/build
16:53:42     INFO - Copy/paste: /builds/slave/test/build/venv/bin/pip install --timeout 120 --no-index --find-links http://pypi.pvt.build.mozilla.org/pub --find-links http://pypi.pub.build.mozilla.org/pub --trusted-host pypi.pub.build.mozilla.org --trusted-host pypi.pvt.build.mozilla.org functools32==3.2.3-2
16:53:42     INFO - Using env: {'CCACHE_DIR': '/builds/ccache',
16:53:42     INFO -  'CCACHE_UMASK': '002',
16:53:42     INFO -  'DISPLAY': ':0',
16:53:42     INFO -  'HOME': '/home/cltbld',
16:53:42     INFO -  'LANG': 'en_US.UTF-8',
16:53:42     INFO -  'LOGNAME': 'cltbld',
16:53:42     INFO -  'MAIL': '/var/mail/cltbld',
16:53:42     INFO -  'MOZ_HIDE_RESULTS_TABLE': '1',
16:53:42     INFO -  'MOZ_NODE_PATH': '/usr/bin/node',
16:53:42     INFO -  'MOZ_NO_REMOTE': '1',
16:53:42     INFO -  'NODE_PATH': '/usr/lib/nodejs:/usr/lib/node_modules:/usr/share/javascript',
16:53:42     INFO -  'NO_FAIL_ON_TEST_ERRORS': '1',
16:53:42     INFO -  'PATH': '/usr/local/bin:/usr/local/bin:/usr/bin:/bin:/usr/local/games:/usr/games',
16:53:42     INFO -  'PROPERTIES_FILE': '/builds/slave/test/buildprops.json',
16:53:42     INFO -  'PWD': '/builds/slave/test',
16:53:42     INFO -  'SHELL': '/bin/bash',
16:53:42     INFO -  'SHLVL': '1',
16:53:42     INFO -  'TERM': 'linux',
16:53:42     INFO -  'TMOUT': '86400',
16:53:42     INFO -  'USER': 'cltbld',
16:53:42     INFO -  'XDG_SESSION_COOKIE': '9ca12473fbb1d023794ffd180000023c-1528501951.856766-1829740940',
16:53:42     INFO -  '_': '/tools/buildbot/bin/python'}
16:53:43     INFO -  Ignoring indexes: https://pypi.python.org/simple
16:53:43     INFO -  Requirement already satisfied (use --upgrade to upgrade): functools32==3.2.3-2 in ./venv/lib/python2.7/site-packages
16:53:43     INFO - Return code: 0
16:53:43     INFO - Installing blobuploader==1.2.4 into virtualenv /builds/slave/test/build/venv
16:53:43     INFO - retry: Calling run_command with args: [['/builds/slave/test/build/venv/bin/pip', 'install', '--timeout', '120', '--no-index', '--find-links', 'http://pypi.pvt.build.mozilla.org/pub', '--find-links', 'http://pypi.pub.build.mozilla.org/pub', '--trusted-host', 'pypi.pub.build.mozilla.org', '--trusted-host', 'pypi.pvt.build.mozilla.org', 'blobuploader==1.2.4']], kwargs: {'error_level': 'warning', 'error_list': [{'substr': 'not found or a compiler error:', 'level': 'warning'}, {'regex': <_sre.SRE_Pattern object at 0x7f92d2424110>, 'level': 'error'}, {'regex': <_sre.SRE_Pattern object at 0x7f92d252ce40>, 'level': 'warning'}, {'regex': <_sre.SRE_Pattern object at 0x215e3e0>, 'level': 'debug'}, {'substr': 'command not found', 'level': 'error'}, {'regex': <_sre.SRE_Pattern object at 0x215aa90>, 'level': 'warning'}, {'substr': 'Traceback (most recent call last)', 'level': 'error'}, {'substr': 'SyntaxError: ', 'level': 'error'}, {'substr': 'TypeError: ', 'level': 'error'}, {'substr': 'NameError: ', 'level': 'error'}, {'substr': 'ZeroDivisionError: ', 'level': 'error'}, {'regex': <_sre.SRE_Pattern object at 0x215c3f0>, 'level': 'critical'}, {'regex': <_sre.SRE_Pattern object at 0x215c670>, 'level': 'critical'}], 'cwd': '/builds/slave/test/build', 'env': {'TMOUT': '86400', 'LOGNAME': 'cltbld', 'USER': 'cltbld', 'HOME': '/home/cltbld', 'PATH': '/usr/local/bin:/usr/local/bin:/usr/bin:/bin:/usr/local/games:/usr/games', 'DISPLAY': ':0', 'CCACHE_UMASK': '002', 'LANG': 'en_US.UTF-8', 'TERM': 'linux', 'SHELL': '/bin/bash', 'MOZ_NODE_PATH': '/usr/bin/node', 'XDG_SESSION_COOKIE': '9ca12473fbb1d023794ffd180000023c-1528501951.856766-1829740940', 'SHLVL': '1', 'NO_FAIL_ON_TEST_ERRORS': '1', 'MOZ_NO_REMOTE': '1', 'MOZ_HIDE_RESULTS_TABLE': '1', 'MAIL': '/var/mail/cltbld', '_': '/tools/buildbot/bin/python', 'NODE_PATH': '/usr/lib/nodejs:/usr/lib/node_modules:/usr/share/javascript', 'PWD': '/builds/slave/test', 'PROPERTIES_FILE': '/builds/slave/test/buildprops.json', 'CCACHE_DIR': '/builds/ccache'}}, attempt #1
16:53:43     INFO - Running command: ['/builds/slave/test/build/venv/bin/pip', 'install', '--timeout', '120', '--no-index', '--find-links', 'http://pypi.pvt.build.mozilla.org/pub', '--find-links', 'http://pypi.pub.build.mozilla.org/pub', '--trusted-host', 'pypi.pub.build.mozilla.org', '--trusted-host', 'pypi.pvt.build.mozilla.org', 'blobuploader==1.2.4'] in /builds/slave/test/build
16:53:43     INFO - Copy/paste: /builds/slave/test/build/venv/bin/pip install --timeout 120 --no-index --find-links http://pypi.pvt.build.mozilla.org/pub --find-links http://pypi.pub.build.mozilla.org/pub --trusted-host pypi.pub.build.mozilla.org --trusted-host pypi.pvt.build.mozilla.org blobuploader==1.2.4
16:53:43     INFO - Using env: {'CCACHE_DIR': '/builds/ccache',
16:53:43     INFO -  'CCACHE_UMASK': '002',
16:53:43     INFO -  'DISPLAY': ':0',
16:53:43     INFO -  'HOME': '/home/cltbld',
16:53:43     INFO -  'LANG': 'en_US.UTF-8',
16:53:43     INFO -  'LOGNAME': 'cltbld',
16:53:43     INFO -  'MAIL': '/var/mail/cltbld',
16:53:43     INFO -  'MOZ_HIDE_RESULTS_TABLE': '1',
16:53:43     INFO -  'MOZ_NODE_PATH': '/usr/bin/node',
16:53:43     INFO -  'MOZ_NO_REMOTE': '1',
16:53:43     INFO -  'NODE_PATH': '/usr/lib/nodejs:/usr/lib/node_modules:/usr/share/javascript',
16:53:43     INFO -  'NO_FAIL_ON_TEST_ERRORS': '1',
16:53:43     INFO -  'PATH': '/usr/local/bin:/usr/local/bin:/usr/bin:/bin:/usr/local/games:/usr/games',
16:53:43     INFO -  'PROPERTIES_FILE': '/builds/slave/test/buildprops.json',
16:53:43     INFO -  'PWD': '/builds/slave/test',
16:53:43     INFO -  'SHELL': '/bin/bash',
16:53:43     INFO -  'SHLVL': '1',
16:53:43     INFO -  'TERM': 'linux',
16:53:43     INFO -  'TMOUT': '86400',
16:53:43     INFO -  'USER': 'cltbld',
16:53:43     INFO -  'XDG_SESSION_COOKIE': '9ca12473fbb1d023794ffd180000023c-1528501951.856766-1829740940',
16:53:43     INFO -  '_': '/tools/buildbot/bin/python'}
16:53:44     INFO -  Ignoring indexes: https://pypi.python.org/simple
16:53:44     INFO -  Collecting blobuploader==1.2.4
16:53:44     INFO -  /builds/slave/test/build/venv/lib/python2.7/site-packages/pip/_vendor/requests/packages/urllib3/util/ssl_.py:318: SNIMissingWarning: An HTTPS request has been made, but the SNI (Subject Name Indication) extension to TLS is not available on this platform. This may cause the server to present an incorrect TLS certificate, which can cause validation failures. You can upgrade to a newer version of Python to solve this. For more information, see https://urllib3.readthedocs.org/en/latest/security.html#snimissingwarning.
16:53:44     INFO -    SNIMissingWarning
16:53:44     INFO -  /builds/slave/test/build/venv/lib/python2.7/site-packages/pip/_vendor/requests/packages/urllib3/util/ssl_.py:122: InsecurePlatformWarning: A true SSLContext object is not available. This prevents urllib3 from configuring SSL appropriately and may cause certain SSL connections to fail. You can upgrade to a newer version of Python to solve this. For more information, see https://urllib3.readthedocs.org/en/latest/security.html#insecureplatformwarning.
16:53:44     INFO -    InsecurePlatformWarning
16:53:45     INFO -  /builds/slave/test/build/venv/lib/python2.7/site-packages/pip/_vendor/requests/packages/urllib3/util/ssl_.py:122: InsecurePlatformWarning: A true SSLContext object is not available. This prevents urllib3 from configuring SSL appropriately and may cause certain SSL connections to fail. You can upgrade to a newer version of Python to solve this. For more information, see https://urllib3.readthedocs.org/en/latest/security.html#insecureplatformwarning.
16:53:45     INFO -    InsecurePlatformWarning
16:53:48     INFO -    Downloading https://pypi.pvt.build.mozilla.org/pub/blobuploader-1.2.4.tar.gz
16:53:49     INFO -  Collecting requests==1.2.3. (from blobuploader==1.2.4)
16:53:53     INFO -    Downloading https://pypi.pvt.build.mozilla.org/pub/requests-1.2.3.tar.gz (348kB)
16:53:54     INFO -  Collecting docopt==0.6.1 (from blobuploader==1.2.4)
16:53:58     INFO -    Downloading https://pypi.pvt.build.mozilla.org/pub/docopt-0.6.1.tar.gz
16:53:58     INFO -  Building wheels for collected packages: blobuploader, requests, docopt
16:53:58     INFO -    Running setup.py bdist_wheel for blobuploader: started
16:53:59     INFO -    Running setup.py bdist_wheel for blobuploader: finished with status 'done'
16:53:59     INFO -    Stored in directory: /home/cltbld/.cache/pip/wheels/a7/2a/47/2d3828e4129ffeb548a26f4a87889dc9bc1a58e201a0ff8655
16:53:59     INFO -    Running setup.py bdist_wheel for requests: started
16:54:00     INFO -    Running setup.py bdist_wheel for requests: finished with status 'done'
16:54:00     INFO -    Stored in directory: /home/cltbld/.cache/pip/wheels/65/bb/90/359b65a7043ffc879dde877c4ad827f452218808c6cccf2658
16:54:00     INFO -    Running setup.py bdist_wheel for docopt: started
16:54:00     INFO -    Running setup.py bdist_wheel for docopt: finished with status 'done'
16:54:00     INFO -    Stored in directory: /home/cltbld/.cache/pip/wheels/ac/8b/84/7dbe9ada02c48c352fa733c81648516f92c6436f9d5bffad41
16:54:00     INFO -  Successfully built blobuploader requests docopt
16:54:00     INFO -  Installing collected packages: requests, docopt, blobuploader
16:54:01     INFO -  Successfully installed blobuploader-1.2.4 docopt-0.6.1 requests-1.2.3
16:54:02     INFO - Return code: 0
16:54:02     INFO - Installing None into virtualenv /builds/slave/test/build/venv
16:54:02     INFO - retry: Calling run_command with args: [['/builds/slave/test/build/venv/bin/pip', 'install', '--no-deps', '--timeout', '120', '-r', '/builds/slave/test/build/tests/config/mozbase_requirements.txt', '--no-index', '--find-links', 'http://pypi.pvt.build.mozilla.org/pub', '--find-links', 'http://pypi.pub.build.mozilla.org/pub', '--trusted-host', 'pypi.pub.build.mozilla.org', '--trusted-host', 'pypi.pvt.build.mozilla.org']], kwargs: {'error_level': 'warning', 'error_list': [{'substr': 'not found or a compiler error:', 'level': 'warning'}, {'regex': <_sre.SRE_Pattern object at 0x7f92d2424110>, 'level': 'error'}, {'regex': <_sre.SRE_Pattern object at 0x7f92d252ce40>, 'level': 'warning'}, {'regex': <_sre.SRE_Pattern object at 0x215e3e0>, 'level': 'debug'}, {'substr': 'command not found', 'level': 'error'}, {'regex': <_sre.SRE_Pattern object at 0x215aa90>, 'level': 'warning'}, {'substr': 'Traceback (most recent call last)', 'level': 'error'}, {'substr': 'SyntaxError: ', 'level': 'error'}, {'substr': 'TypeError: ', 'level': 'error'}, {'substr': 'NameError: ', 'level': 'error'}, {'substr': 'ZeroDivisionError: ', 'level': 'error'}, {'regex': <_sre.SRE_Pattern object at 0x215c3f0>, 'level': 'critical'}, {'regex': <_sre.SRE_Pattern object at 0x215c670>, 'level': 'critical'}], 'cwd': '/builds/slave/test/build/tests/config', 'env': {'TMOUT': '86400', 'LOGNAME': 'cltbld', 'USER': 'cltbld', 'HOME': '/home/cltbld', 'PATH': '/usr/local/bin:/usr/local/bin:/usr/bin:/bin:/usr/local/games:/usr/games', 'DISPLAY': ':0', 'CCACHE_UMASK': '002', 'LANG': 'en_US.UTF-8', 'TERM': 'linux', 'SHELL': '/bin/bash', 'MOZ_NODE_PATH': '/usr/bin/node', 'XDG_SESSION_COOKIE': '9ca12473fbb1d023794ffd180000023c-1528501951.856766-1829740940', 'SHLVL': '1', 'NO_FAIL_ON_TEST_ERRORS': '1', 'MOZ_NO_REMOTE': '1', 'MOZ_HIDE_RESULTS_TABLE': '1', 'MAIL': '/var/mail/cltbld', '_': '/tools/buildbot/bin/python', 'NODE_PATH': '/usr/lib/nodejs:/usr/lib/node_modules:/usr/share/javascript', 'PWD': '/builds/slave/test', 'PROPERTIES_FILE': '/builds/slave/test/buildprops.json', 'CCACHE_DIR': '/builds/ccache'}}, attempt #1
16:54:02     INFO - Running command: ['/builds/slave/test/build/venv/bin/pip', 'install', '--no-deps', '--timeout', '120', '-r', '/builds/slave/test/build/tests/config/mozbase_requirements.txt', '--no-index', '--find-links', 'http://pypi.pvt.build.mozilla.org/pub', '--find-links', 'http://pypi.pub.build.mozilla.org/pub', '--trusted-host', 'pypi.pub.build.mozilla.org', '--trusted-host', 'pypi.pvt.build.mozilla.org'] in /builds/slave/test/build/tests/config
16:54:02     INFO - Copy/paste: /builds/slave/test/build/venv/bin/pip install --no-deps --timeout 120 -r /builds/slave/test/build/tests/config/mozbase_requirements.txt --no-index --find-links http://pypi.pvt.build.mozilla.org/pub --find-links http://pypi.pub.build.mozilla.org/pub --trusted-host pypi.pub.build.mozilla.org --trusted-host pypi.pvt.build.mozilla.org
16:54:02     INFO - Using env: {'CCACHE_DIR': '/builds/ccache',
16:54:02     INFO -  'CCACHE_UMASK': '002',
16:54:02     INFO -  'DISPLAY': ':0',
16:54:02     INFO -  'HOME': '/home/cltbld',
16:54:02     INFO -  'LANG': 'en_US.UTF-8',
16:54:02     INFO -  'LOGNAME': 'cltbld',
16:54:02     INFO -  'MAIL': '/var/mail/cltbld',
16:54:02     INFO -  'MOZ_HIDE_RESULTS_TABLE': '1',
16:54:02     INFO -  'MOZ_NODE_PATH': '/usr/bin/node',
16:54:02     INFO -  'MOZ_NO_REMOTE': '1',
16:54:02     INFO -  'NODE_PATH': '/usr/lib/nodejs:/usr/lib/node_modules:/usr/share/javascript',
16:54:02     INFO -  'NO_FAIL_ON_TEST_ERRORS': '1',
16:54:02     INFO -  'PATH': '/usr/local/bin:/usr/local/bin:/usr/bin:/bin:/usr/local/games:/usr/games',
16:54:02     INFO -  'PROPERTIES_FILE': '/builds/slave/test/buildprops.json',
16:54:02     INFO -  'PWD': '/builds/slave/test',
16:54:02     INFO -  'SHELL': '/bin/bash',
16:54:02     INFO -  'SHLVL': '1',
16:54:02     INFO -  'TERM': 'linux',
16:54:02     INFO -  'TMOUT': '86400',
16:54:02     INFO -  'USER': 'cltbld',
16:54:02     INFO -  'XDG_SESSION_COOKIE': '9ca12473fbb1d023794ffd180000023c-1528501951.856766-1829740940',
16:54:02     INFO -  '_': '/tools/buildbot/bin/python'}
16:54:02     INFO -  Ignoring indexes: https://pypi.python.org/simple
16:54:03     INFO -  Processing /builds/slave/test/build/tests/mozbase/manifestparser
16:54:03     INFO -  Processing /builds/slave/test/build/tests/mozbase/mozcrash
16:54:03     INFO -  Processing /builds/slave/test/build/tests/mozbase/mozdebug
16:54:04     INFO -  Processing /builds/slave/test/build/tests/mozbase/mozdevice
16:54:04     INFO -  Processing /builds/slave/test/build/tests/mozbase/mozfile
16:54:04     INFO -  Processing /builds/slave/test/build/tests/mozbase/mozhttpd
16:54:05     INFO -  Processing /builds/slave/test/build/tests/mozbase/mozinfo
16:54:05     INFO -  Processing /builds/slave/test/build/tests/mozbase/mozinstall
16:54:06     INFO -  Processing /builds/slave/test/build/tests/mozbase/mozleak
16:54:06     INFO -  Processing /builds/slave/test/build/tests/mozbase/mozlog
16:54:06     INFO -  Processing /builds/slave/test/build/tests/mozbase/moznetwork
16:54:07     INFO -  Processing /builds/slave/test/build/tests/mozbase/mozprocess
16:54:07     INFO -  Processing /builds/slave/test/build/tests/mozbase/mozprofile
16:54:07     INFO -  Processing /builds/slave/test/build/tests/mozbase/mozrunner
16:54:08     INFO -  Processing /builds/slave/test/build/tests/mozbase/mozscreenshot
16:54:08     INFO -  Processing /builds/slave/test/build/tests/mozbase/moztest
16:54:08     INFO -  Processing /builds/slave/test/build/tests/mozbase/mozversion
16:54:09     INFO -  Installing collected packages: manifestparser, mozcrash, mozdebug, mozdevice, mozfile, mozhttpd, mozinfo, mozInstall, mozleak, mozlog, moznetwork, mozprocess, mozprofile, mozrunner, mozscreenshot, moztest, mozversion
16:54:09     INFO -    Running setup.py install for manifestparser: started
16:54:09     INFO -      Running setup.py install for manifestparser: finished with status 'done'
16:54:09     INFO -    Running setup.py install for mozcrash: started
16:54:10     INFO -      Running setup.py install for mozcrash: finished with status 'done'
16:54:10     INFO -    Running setup.py install for mozdebug: started
16:54:10     INFO -      Running setup.py install for mozdebug: finished with status 'done'
16:54:10     INFO -    Running setup.py install for mozdevice: started
16:54:10     INFO -      Running setup.py install for mozdevice: finished with status 'done'
16:54:10     INFO -    Running setup.py install for mozfile: started
16:54:11     INFO -      Running setup.py install for mozfile: finished with status 'done'
16:54:11     INFO -    Running setup.py install for mozhttpd: started
16:54:11     INFO -      Running setup.py install for mozhttpd: finished with status 'done'
16:54:11     INFO -    Running setup.py install for mozinfo: started
16:54:12     INFO -      Running setup.py install for mozinfo: finished with status 'done'
16:54:12     INFO -    Running setup.py install for mozInstall: started
16:54:12     INFO -      Running setup.py install for mozInstall: finished with status 'done'
16:54:12     INFO -    Running setup.py install for mozleak: started
16:54:12     INFO -      Running setup.py install for mozleak: finished with status 'done'
16:54:12     INFO -    Running setup.py install for mozlog: started
16:54:13     INFO -      Running setup.py install for mozlog: finished with status 'done'
16:54:13     INFO -    Running setup.py install for moznetwork: started
16:54:13     INFO -      Running setup.py install for moznetwork: finished with status 'done'
16:54:13     INFO -    Running setup.py install for mozprocess: started
16:54:14     INFO -      Running setup.py install for mozprocess: finished with status 'done'
16:54:14     INFO -    Running setup.py install for mozprofile: started
16:54:14     INFO -      Running setup.py install for mozprofile: finished with status 'done'
16:54:14     INFO -    Running setup.py install for mozrunner: started
16:54:15     INFO -      Running setup.py install for mozrunner: finished with status 'done'
16:54:15     INFO -    Running setup.py install for mozscreenshot: started
16:54:15     INFO -      Running setup.py install for mozscreenshot: finished with status 'done'
16:54:15     INFO -    Running setup.py install for moztest: started
16:54:16     INFO -      Running setup.py install for moztest: finished with status 'done'
16:54:16     INFO -    Running setup.py install for mozversion: started
16:54:16     INFO -      Running setup.py install for mozversion: finished with status 'done'
16:54:17     INFO -  Successfully installed manifestparser-1.1 mozInstall-1.12 mozcrash-1.0 mozdebug-0.1 mozdevice-0.48 mozfile-1.2 mozhttpd-0.7 mozinfo-0.9 mozleak-0.1 mozlog-3.4 moznetwork-0.27 mozprocess-0.23 mozprofile-0.28 mozrunner-6.13 mozscreenshot-0.1 moztest-0.8 mozversion-1.4
16:54:17     INFO - Return code: 0
16:54:17     INFO - Installing None into virtualenv /builds/slave/test/build/venv
16:54:17     INFO - retry: Calling run_command with args: [['/builds/slave/test/build/venv/bin/pip', 'install', '--timeout', '120', '-r', '/builds/slave/test/build/tests/config/mozbase_requirements.txt', '--no-index', '--find-links', 'http://pypi.pvt.build.mozilla.org/pub', '--find-links', 'http://pypi.pub.build.mozilla.org/pub', '--trusted-host', 'pypi.pub.build.mozilla.org', '--trusted-host', 'pypi.pvt.build.mozilla.org']], kwargs: {'error_level': 'warning', 'error_list': [{'substr': 'not found or a compiler error:', 'level': 'warning'}, {'regex': <_sre.SRE_Pattern object at 0x7f92d2424110>, 'level': 'error'}, {'regex': <_sre.SRE_Pattern object at 0x7f92d252ce40>, 'level': 'warning'}, {'regex': <_sre.SRE_Pattern object at 0x215e3e0>, 'level': 'debug'}, {'substr': 'command not found', 'level': 'error'}, {'regex': <_sre.SRE_Pattern object at 0x215aa90>, 'level': 'warning'}, {'substr': 'Traceback (most recent call last)', 'level': 'error'}, {'substr': 'SyntaxError: ', 'level': 'error'}, {'substr': 'TypeError: ', 'level': 'error'}, {'substr': 'NameError: ', 'level': 'error'}, {'substr': 'ZeroDivisionError: ', 'level': 'error'}, {'regex': <_sre.SRE_Pattern object at 0x215c3f0>, 'level': 'critical'}, {'regex': <_sre.SRE_Pattern object at 0x215c670>, 'level': 'critical'}], 'cwd': '/builds/slave/test/build/tests/config', 'env': {'TMOUT': '86400', 'LOGNAME': 'cltbld', 'USER': 'cltbld', 'HOME': '/home/cltbld', 'PATH': '/usr/local/bin:/usr/local/bin:/usr/bin:/bin:/usr/local/games:/usr/games', 'DISPLAY': ':0', 'CCACHE_UMASK': '002', 'LANG': 'en_US.UTF-8', 'TERM': 'linux', 'SHELL': '/bin/bash', 'MOZ_NODE_PATH': '/usr/bin/node', 'XDG_SESSION_COOKIE': '9ca12473fbb1d023794ffd180000023c-1528501951.856766-1829740940', 'SHLVL': '1', 'NO_FAIL_ON_TEST_ERRORS': '1', 'MOZ_NO_REMOTE': '1', 'MOZ_HIDE_RESULTS_TABLE': '1', 'MAIL': '/var/mail/cltbld', '_': '/tools/buildbot/bin/python', 'NODE_PATH': '/usr/lib/nodejs:/usr/lib/node_modules:/usr/share/javascript', 'PWD': '/builds/slave/test', 'PROPERTIES_FILE': '/builds/slave/test/buildprops.json', 'CCACHE_DIR': '/builds/ccache'}}, attempt #1
16:54:17     INFO - Running command: ['/builds/slave/test/build/venv/bin/pip', 'install', '--timeout', '120', '-r', '/builds/slave/test/build/tests/config/mozbase_requirements.txt', '--no-index', '--find-links', 'http://pypi.pvt.build.mozilla.org/pub', '--find-links', 'http://pypi.pub.build.mozilla.org/pub', '--trusted-host', 'pypi.pub.build.mozilla.org', '--trusted-host', 'pypi.pvt.build.mozilla.org'] in /builds/slave/test/build/tests/config
16:54:17     INFO - Copy/paste: /builds/slave/test/build/venv/bin/pip install --timeout 120 -r /builds/slave/test/build/tests/config/mozbase_requirements.txt --no-index --find-links http://pypi.pvt.build.mozilla.org/pub --find-links http://pypi.pub.build.mozilla.org/pub --trusted-host pypi.pub.build.mozilla.org --trusted-host pypi.pvt.build.mozilla.org
16:54:17     INFO - Using env: {'CCACHE_DIR': '/builds/ccache',
16:54:17     INFO -  'CCACHE_UMASK': '002',
16:54:17     INFO -  'DISPLAY': ':0',
16:54:17     INFO -  'HOME': '/home/cltbld',
16:54:17     INFO -  'LANG': 'en_US.UTF-8',
16:54:17     INFO -  'LOGNAME': 'cltbld',
16:54:17     INFO -  'MAIL': '/var/mail/cltbld',
16:54:17     INFO -  'MOZ_HIDE_RESULTS_TABLE': '1',
16:54:17     INFO -  'MOZ_NODE_PATH': '/usr/bin/node',
16:54:17     INFO -  'MOZ_NO_REMOTE': '1',
16:54:17     INFO -  'NODE_PATH': '/usr/lib/nodejs:/usr/lib/node_modules:/usr/share/javascript',
16:54:17     INFO -  'NO_FAIL_ON_TEST_ERRORS': '1',
16:54:17     INFO -  'PATH': '/usr/local/bin:/usr/local/bin:/usr/bin:/bin:/usr/local/games:/usr/games',
16:54:17     INFO -  'PROPERTIES_FILE': '/builds/slave/test/buildprops.json',
16:54:17     INFO -  'PWD': '/builds/slave/test',
16:54:17     INFO -  'SHELL': '/bin/bash',
16:54:17     INFO -  'SHLVL': '1',
16:54:17     INFO -  'TERM': 'linux',
16:54:17     INFO -  'TMOUT': '86400',
16:54:17     INFO -  'USER': 'cltbld',
16:54:17     INFO -  'XDG_SESSION_COOKIE': '9ca12473fbb1d023794ffd180000023c-1528501951.856766-1829740940',
16:54:17     INFO -  '_': '/tools/buildbot/bin/python'}
16:54:17     INFO -  Ignoring indexes: https://pypi.python.org/simple
16:54:18     INFO -  Processing /builds/slave/test/build/tests/mozbase/manifestparser
16:54:18     INFO -    Requirement already satisfied (use --upgrade to upgrade): manifestparser==1.1 from file:///builds/slave/test/build/tests/mozbase/manifestparser in /builds/slave/test/build/venv/lib/python2.7/site-packages (from -r /builds/slave/test/build/tests/config/mozbase_requirements.txt (line 1))
16:54:18     INFO -  Processing /builds/slave/test/build/tests/mozbase/mozcrash
16:54:18     INFO -    Requirement already satisfied (use --upgrade to upgrade): mozcrash==1.0 from file:///builds/slave/test/build/tests/mozbase/mozcrash in /builds/slave/test/build/venv/lib/python2.7/site-packages (from -r /builds/slave/test/build/tests/config/mozbase_requirements.txt (line 2))
16:54:18     INFO -  Processing /builds/slave/test/build/tests/mozbase/mozdebug
16:54:19     INFO -    Requirement already satisfied (use --upgrade to upgrade): mozdebug==0.1 from file:///builds/slave/test/build/tests/mozbase/mozdebug in /builds/slave/test/build/venv/lib/python2.7/site-packages (from -r /builds/slave/test/build/tests/config/mozbase_requirements.txt (line 3))
16:54:19     INFO -  Processing /builds/slave/test/build/tests/mozbase/mozdevice
16:54:19     INFO -    Requirement already satisfied (use --upgrade to upgrade): mozdevice==0.48 from file:///builds/slave/test/build/tests/mozbase/mozdevice in /builds/slave/test/build/venv/lib/python2.7/site-packages (from -r /builds/slave/test/build/tests/config/mozbase_requirements.txt (line 4))
16:54:19     INFO -  Processing /builds/slave/test/build/tests/mozbase/mozfile
16:54:19     INFO -    Requirement already satisfied (use --upgrade to upgrade): mozfile==1.2 from file:///builds/slave/test/build/tests/mozbase/mozfile in /builds/slave/test/build/venv/lib/python2.7/site-packages (from -r /builds/slave/test/build/tests/config/mozbase_requirements.txt (line 5))
16:54:19     INFO -  Processing /builds/slave/test/build/tests/mozbase/mozhttpd
16:54:20     INFO -    Requirement already satisfied (use --upgrade to upgrade): mozhttpd==0.7 from file:///builds/slave/test/build/tests/mozbase/mozhttpd in /builds/slave/test/build/venv/lib/python2.7/site-packages (from -r /builds/slave/test/build/tests/config/mozbase_requirements.txt (line 6))
16:54:20     INFO -  Processing /builds/slave/test/build/tests/mozbase/mozinfo
16:54:20     INFO -    Requirement already satisfied (use --upgrade to upgrade): mozinfo==0.9 from file:///builds/slave/test/build/tests/mozbase/mozinfo in /builds/slave/test/build/venv/lib/python2.7/site-packages (from -r /builds/slave/test/build/tests/config/mozbase_requirements.txt (line 7))
16:54:20     INFO -  Processing /builds/slave/test/build/tests/mozbase/mozinstall
16:54:21     INFO -    Requirement already satisfied (use --upgrade to upgrade): mozInstall==1.12 from file:///builds/slave/test/build/tests/mozbase/mozinstall in /builds/slave/test/build/venv/lib/python2.7/site-packages (from -r /builds/slave/test/build/tests/config/mozbase_requirements.txt (line 8))
16:54:21     INFO -  Processing /builds/slave/test/build/tests/mozbase/mozleak
16:54:21     INFO -    Requirement already satisfied (use --upgrade to upgrade): mozleak==0.1 from file:///builds/slave/test/build/tests/mozbase/mozleak in /builds/slave/test/build/venv/lib/python2.7/site-packages (from -r /builds/slave/test/build/tests/config/mozbase_requirements.txt (line 9))
16:54:21     INFO -  Processing /builds/slave/test/build/tests/mozbase/mozlog
16:54:21     INFO -    Requirement already satisfied (use --upgrade to upgrade): mozlog==3.4 from file:///builds/slave/test/build/tests/mozbase/mozlog in /builds/slave/test/build/venv/lib/python2.7/site-packages (from -r /builds/slave/test/build/tests/config/mozbase_requirements.txt (line 10))
16:54:21     INFO -  Processing /builds/slave/test/build/tests/mozbase/moznetwork
16:54:22     INFO -    Requirement already satisfied (use --upgrade to upgrade): moznetwork==0.27 from file:///builds/slave/test/build/tests/mozbase/moznetwork in /builds/slave/test/build/venv/lib/python2.7/site-packages (from -r /builds/slave/test/build/tests/config/mozbase_requirements.txt (line 11))
16:54:22     INFO -  Processing /builds/slave/test/build/tests/mozbase/mozprocess
16:54:22     INFO -    Requirement already satisfied (use --upgrade to upgrade): mozprocess==0.23 from file:///builds/slave/test/build/tests/mozbase/mozprocess in /builds/slave/test/build/venv/lib/python2.7/site-packages (from -r /builds/slave/test/build/tests/config/mozbase_requirements.txt (line 12))
16:54:22     INFO -  Processing /builds/slave/test/build/tests/mozbase/mozprofile
16:54:22     INFO -    Requirement already satisfied (use --upgrade to upgrade): mozprofile==0.28 from file:///builds/slave/test/build/tests/mozbase/mozprofile in /builds/slave/test/build/venv/lib/python2.7/site-packages (from -r /builds/slave/test/build/tests/config/mozbase_requirements.txt (line 13))
16:54:22     INFO -  Processing /builds/slave/test/build/tests/mozbase/mozrunner
16:54:23     INFO -    Requirement already satisfied (use --upgrade to upgrade): mozrunner==6.13 from file:///builds/slave/test/build/tests/mozbase/mozrunner in /builds/slave/test/build/venv/lib/python2.7/site-packages (from -r /builds/slave/test/build/tests/config/mozbase_requirements.txt (line 14))
16:54:23     INFO -  Processing /builds/slave/test/build/tests/mozbase/mozscreenshot
16:54:23     INFO -    Requirement already satisfied (use --upgrade to upgrade): mozscreenshot==0.1 from file:///builds/slave/test/build/tests/mozbase/mozscreenshot in /builds/slave/test/build/venv/lib/python2.7/site-packages (from -r /builds/slave/test/build/tests/config/mozbase_requirements.txt (line 15))
16:54:23     INFO -  Processing /builds/slave/test/build/tests/mozbase/moztest
16:54:24     INFO -    Requirement already satisfied (use --upgrade to upgrade): moztest==0.8 from file:///builds/slave/test/build/tests/mozbase/moztest in /builds/slave/test/build/venv/lib/python2.7/site-packages (from -r /builds/slave/test/build/tests/config/mozbase_requirements.txt (line 16))
16:54:24     INFO -  Processing /builds/slave/test/build/tests/mozbase/mozversion
16:54:24     INFO -    Requirement already satisfied (use --upgrade to upgrade): mozversion==1.4 from file:///builds/slave/test/build/tests/mozbase/mozversion in /builds/slave/test/build/venv/lib/python2.7/site-packages (from -r /builds/slave/test/build/tests/config/mozbase_requirements.txt (line 17))
16:54:24     INFO -  Requirement already satisfied (use --upgrade to upgrade): mozfile>=1.0 in /builds/slave/test/build/venv/lib/python2.7/site-packages (from mozcrash==1.0->-r /builds/slave/test/build/tests/config/mozbase_requirements.txt (line 2))
16:54:24     INFO -  Requirement already satisfied (use --upgrade to upgrade): mozlog>=3.0 in /builds/slave/test/build/venv/lib/python2.7/site-packages (from mozcrash==1.0->-r /builds/slave/test/build/tests/config/mozbase_requirements.txt (line 2))
16:54:24     INFO -  Requirement already satisfied (use --upgrade to upgrade): mozinfo in /builds/slave/test/build/venv/lib/python2.7/site-packages (from mozdebug==0.1->-r /builds/slave/test/build/tests/config/mozbase_requirements.txt (line 3))
16:54:24     INFO -  Requirement already satisfied (use --upgrade to upgrade): moznetwork>=0.24 in /builds/slave/test/build/venv/lib/python2.7/site-packages (from mozdevice==0.48->-r /builds/slave/test/build/tests/config/mozbase_requirements.txt (line 4))
16:54:24     INFO -  Requirement already satisfied (use --upgrade to upgrade): mozprocess>=0.19 in /builds/slave/test/build/venv/lib/python2.7/site-packages (from mozdevice==0.48->-r /builds/slave/test/build/tests/config/mozbase_requirements.txt (line 4))
16:54:24     INFO -  Collecting blessings>=1.3 (from mozlog==3.4->-r /builds/slave/test/build/tests/config/mozbase_requirements.txt (line 10))
16:54:24     INFO -  /builds/slave/test/build/venv/lib/python2.7/site-packages/pip/_vendor/requests/packages/urllib3/util/ssl_.py:318: SNIMissingWarning: An HTTPS request has been made, but the SNI (Subject Name Indication) extension to TLS is not available on this platform. This may cause the server to present an incorrect TLS certificate, which can cause validation failures. You can upgrade to a newer version of Python to solve this. For more information, see https://urllib3.readthedocs.org/en/latest/security.html#snimissingwarning.
16:54:24     INFO -    SNIMissingWarning
16:54:24     INFO -  /builds/slave/test/build/venv/lib/python2.7/site-packages/pip/_vendor/requests/packages/urllib3/util/ssl_.py:122: InsecurePlatformWarning: A true SSLContext object is not available. This prevents urllib3 from configuring SSL appropriately and may cause certain SSL connections to fail. You can upgrade to a newer version of Python to solve this. For more information, see https://urllib3.readthedocs.org/en/latest/security.html#insecureplatformwarning.
16:54:24     INFO -    InsecurePlatformWarning
16:54:25     INFO -  /builds/slave/test/build/venv/lib/python2.7/site-packages/pip/_vendor/requests/packages/urllib3/util/ssl_.py:122: InsecurePlatformWarning: A true SSLContext object is not available. This prevents urllib3 from configuring SSL appropriately and may cause certain SSL connections to fail. You can upgrade to a newer version of Python to solve this. For more information, see https://urllib3.readthedocs.org/en/latest/security.html#insecureplatformwarning.
16:54:25     INFO -    InsecurePlatformWarning
16:54:29     INFO -    Downloading https://pypi.pvt.build.mozilla.org/pub/blessings-1.6.tar.gz
16:54:29     INFO -  Building wheels for collected packages: blessings
16:54:29     INFO -    Running setup.py bdist_wheel for blessings: started
16:54:30     INFO -    Running setup.py bdist_wheel for blessings: finished with status 'done'
16:54:30     INFO -    Stored in directory: /home/cltbld/.cache/pip/wheels/fb/37/ae/c6b15ed5da2ead5847df54c8319487050d4dcc950c9795eae9
16:54:30     INFO -  Successfully built blessings
16:54:30     INFO -  Installing collected packages: blessings
16:54:30     INFO -  Successfully installed blessings-1.6
16:54:30     INFO - Return code: 0
16:54:30     INFO - Installing pip>=1.5 into virtualenv /builds/slave/test/build/venv
16:54:30     INFO - retry: Calling run_command with args: [['/builds/slave/test/build/venv/bin/pip', 'install', '--timeout', '120', '--no-index', '--find-links', 'http://pypi.pvt.build.mozilla.org/pub', '--find-links', 'http://pypi.pub.build.mozilla.org/pub', '--trusted-host', 'pypi.pub.build.mozilla.org', '--trusted-host', 'pypi.pvt.build.mozilla.org', 'pip>=1.5']], kwargs: {'error_level': 'warning', 'error_list': [{'substr': 'not found or a compiler error:', 'level': 'warning'}, {'regex': <_sre.SRE_Pattern object at 0x7f92d2424110>, 'level': 'error'}, {'regex': <_sre.SRE_Pattern object at 0x7f92d252ce40>, 'level': 'warning'}, {'regex': <_sre.SRE_Pattern object at 0x215e3e0>, 'level': 'debug'}, {'substr': 'command not found', 'level': 'error'}, {'regex': <_sre.SRE_Pattern object at 0x215aa90>, 'level': 'warning'}, {'substr': 'Traceback (most recent call last)', 'level': 'error'}, {'substr': 'SyntaxError: ', 'level': 'error'}, {'substr': 'TypeError: ', 'level': 'error'}, {'substr': 'NameError: ', 'level': 'error'}, {'substr': 'ZeroDivisionError: ', 'level': 'error'}, {'regex': <_sre.SRE_Pattern object at 0x215c3f0>, 'level': 'critical'}, {'regex': <_sre.SRE_Pattern object at 0x215c670>, 'level': 'critical'}], 'cwd': '/builds/slave/test/build', 'env': {'TMOUT': '86400', 'LOGNAME': 'cltbld', 'USER': 'cltbld', 'HOME': '/home/cltbld', 'PATH': '/usr/local/bin:/usr/local/bin:/usr/bin:/bin:/usr/local/games:/usr/games', 'DISPLAY': ':0', 'CCACHE_UMASK': '002', 'LANG': 'en_US.UTF-8', 'TERM': 'linux', 'SHELL': '/bin/bash', 'MOZ_NODE_PATH': '/usr/bin/node', 'XDG_SESSION_COOKIE': '9ca12473fbb1d023794ffd180000023c-1528501951.856766-1829740940', 'SHLVL': '1', 'NO_FAIL_ON_TEST_ERRORS': '1', 'MOZ_NO_REMOTE': '1', 'MOZ_HIDE_RESULTS_TABLE': '1', 'MAIL': '/var/mail/cltbld', '_': '/tools/buildbot/bin/python', 'NODE_PATH': '/usr/lib/nodejs:/usr/lib/node_modules:/usr/share/javascript', 'PWD': '/builds/slave/test', 'PROPERTIES_FILE': '/builds/slave/test/buildprops.json', 'CCACHE_DIR': '/builds/ccache'}}, attempt #1
16:54:30     INFO - Running command: ['/builds/slave/test/build/venv/bin/pip', 'install', '--timeout', '120', '--no-index', '--find-links', 'http://pypi.pvt.build.mozilla.org/pub', '--find-links', 'http://pypi.pub.build.mozilla.org/pub', '--trusted-host', 'pypi.pub.build.mozilla.org', '--trusted-host', 'pypi.pvt.build.mozilla.org', 'pip>=1.5'] in /builds/slave/test/build
16:54:30     INFO - Copy/paste: /builds/slave/test/build/venv/bin/pip install --timeout 120 --no-index --find-links http://pypi.pvt.build.mozilla.org/pub --find-links http://pypi.pub.build.mozilla.org/pub --trusted-host pypi.pub.build.mozilla.org --trusted-host pypi.pvt.build.mozilla.org pip>=1.5
16:54:30     INFO - Using env: {'CCACHE_DIR': '/builds/ccache',
16:54:30     INFO -  'CCACHE_UMASK': '002',
16:54:30     INFO -  'DISPLAY': ':0',
16:54:30     INFO -  'HOME': '/home/cltbld',
16:54:30     INFO -  'LANG': 'en_US.UTF-8',
16:54:30     INFO -  'LOGNAME': 'cltbld',
16:54:30     INFO -  'MAIL': '/var/mail/cltbld',
16:54:30     INFO -  'MOZ_HIDE_RESULTS_TABLE': '1',
16:54:30     INFO -  'MOZ_NODE_PATH': '/usr/bin/node',
16:54:30     INFO -  'MOZ_NO_REMOTE': '1',
16:54:30     INFO -  'NODE_PATH': '/usr/lib/nodejs:/usr/lib/node_modules:/usr/share/javascript',
16:54:30     INFO -  'NO_FAIL_ON_TEST_ERRORS': '1',
16:54:30     INFO -  'PATH': '/usr/local/bin:/usr/local/bin:/usr/bin:/bin:/usr/local/games:/usr/games',
16:54:30     INFO -  'PROPERTIES_FILE': '/builds/slave/test/buildprops.json',
16:54:30     INFO -  'PWD': '/builds/slave/test',
16:54:30     INFO -  'SHELL': '/bin/bash',
16:54:30     INFO -  'SHLVL': '1',
16:54:30     INFO -  'TERM': 'linux',
16:54:30     INFO -  'TMOUT': '86400',
16:54:30     INFO -  'USER': 'cltbld',
16:54:30     INFO -  'XDG_SESSION_COOKIE': '9ca12473fbb1d023794ffd180000023c-1528501951.856766-1829740940',
16:54:30     INFO -  '_': '/tools/buildbot/bin/python'}
16:54:31     INFO -  Ignoring indexes: https://pypi.python.org/simple
16:54:31     INFO -  Requirement already satisfied (use --upgrade to upgrade): pip>=1.5 in ./venv/lib/python2.7/site-packages
16:54:31     INFO - Return code: 0
16:54:31     INFO - Installing psutil==3.1.1 into virtualenv /builds/slave/test/build/venv
16:54:31     INFO - retry: Calling run_command with args: [['/builds/slave/test/build/venv/bin/pip', 'install', '--timeout', '120', '--no-index', '--find-links', 'http://pypi.pvt.build.mozilla.org/pub', '--find-links', 'http://pypi.pub.build.mozilla.org/pub', '--trusted-host', 'pypi.pub.build.mozilla.org', '--trusted-host', 'pypi.pvt.build.mozilla.org', 'psutil==3.1.1']], kwargs: {'error_level': 'warning', 'error_list': [{'substr': 'not found or a compiler error:', 'level': 'warning'}, {'regex': <_sre.SRE_Pattern object at 0x7f92d2424110>, 'level': 'error'}, {'regex': <_sre.SRE_Pattern object at 0x7f92d252ce40>, 'level': 'warning'}, {'regex': <_sre.SRE_Pattern object at 0x215e3e0>, 'level': 'debug'}, {'substr': 'command not found', 'level': 'error'}, {'regex': <_sre.SRE_Pattern object at 0x215aa90>, 'level': 'warning'}, {'substr': 'Traceback (most recent call last)', 'level': 'error'}, {'substr': 'SyntaxError: ', 'level': 'error'}, {'substr': 'TypeError: ', 'level': 'error'}, {'substr': 'NameError: ', 'level': 'error'}, {'substr': 'ZeroDivisionError: ', 'level': 'error'}, {'regex': <_sre.SRE_Pattern object at 0x215c3f0>, 'level': 'critical'}, {'regex': <_sre.SRE_Pattern object at 0x215c670>, 'level': 'critical'}], 'cwd': '/builds/slave/test/build', 'env': {'TMOUT': '86400', 'LOGNAME': 'cltbld', 'USER': 'cltbld', 'HOME': '/home/cltbld', 'PATH': '/usr/local/bin:/usr/local/bin:/usr/bin:/bin:/usr/local/games:/usr/games', 'DISPLAY': ':0', 'CCACHE_UMASK': '002', 'LANG': 'en_US.UTF-8', 'TERM': 'linux', 'SHELL': '/bin/bash', 'MOZ_NODE_PATH': '/usr/bin/node', 'XDG_SESSION_COOKIE': '9ca12473fbb1d023794ffd180000023c-1528501951.856766-1829740940', 'SHLVL': '1', 'NO_FAIL_ON_TEST_ERRORS': '1', 'MOZ_NO_REMOTE': '1', 'MOZ_HIDE_RESULTS_TABLE': '1', 'MAIL': '/var/mail/cltbld', '_': '/tools/buildbot/bin/python', 'NODE_PATH': '/usr/lib/nodejs:/usr/lib/node_modules:/usr/share/javascript', 'PWD': '/builds/slave/test', 'PROPERTIES_FILE': '/builds/slave/test/buildprops.json', 'CCACHE_DIR': '/builds/ccache'}}, attempt #1
16:54:31     INFO - Running command: ['/builds/slave/test/build/venv/bin/pip', 'install', '--timeout', '120', '--no-index', '--find-links', 'http://pypi.pvt.build.mozilla.org/pub', '--find-links', 'http://pypi.pub.build.mozilla.org/pub', '--trusted-host', 'pypi.pub.build.mozilla.org', '--trusted-host', 'pypi.pvt.build.mozilla.org', 'psutil==3.1.1'] in /builds/slave/test/build
16:54:31     INFO - Copy/paste: /builds/slave/test/build/venv/bin/pip install --timeout 120 --no-index --find-links http://pypi.pvt.build.mozilla.org/pub --find-links http://pypi.pub.build.mozilla.org/pub --trusted-host pypi.pub.build.mozilla.org --trusted-host pypi.pvt.build.mozilla.org psutil==3.1.1
16:54:31     INFO - Using env: {'CCACHE_DIR': '/builds/ccache',
16:54:31     INFO -  'CCACHE_UMASK': '002',
16:54:31     INFO -  'DISPLAY': ':0',
16:54:31     INFO -  'HOME': '/home/cltbld',
16:54:31     INFO -  'LANG': 'en_US.UTF-8',
16:54:31     INFO -  'LOGNAME': 'cltbld',
16:54:31     INFO -  'MAIL': '/var/mail/cltbld',
16:54:31     INFO -  'MOZ_HIDE_RESULTS_TABLE': '1',
16:54:31     INFO -  'MOZ_NODE_PATH': '/usr/bin/node',
16:54:31     INFO -  'MOZ_NO_REMOTE': '1',
16:54:31     INFO -  'NODE_PATH': '/usr/lib/nodejs:/usr/lib/node_modules:/usr/share/javascript',
16:54:31     INFO -  'NO_FAIL_ON_TEST_ERRORS': '1',
16:54:31     INFO -  'PATH': '/usr/local/bin:/usr/local/bin:/usr/bin:/bin:/usr/local/games:/usr/games',
16:54:31     INFO -  'PROPERTIES_FILE': '/builds/slave/test/buildprops.json',
16:54:31     INFO -  'PWD': '/builds/slave/test',
16:54:31     INFO -  'SHELL': '/bin/bash',
16:54:31     INFO -  'SHLVL': '1',
16:54:31     INFO -  'TERM': 'linux',
16:54:31     INFO -  'TMOUT': '86400',
16:54:31     INFO -  'USER': 'cltbld',
16:54:31     INFO -  'XDG_SESSION_COOKIE': '9ca12473fbb1d023794ffd180000023c-1528501951.856766-1829740940',
16:54:31     INFO -  '_': '/tools/buildbot/bin/python'}
16:54:32     INFO -  Ignoring indexes: https://pypi.python.org/simple
16:54:32     INFO -  Collecting psutil==3.1.1
16:54:32     INFO -  /builds/slave/test/build/venv/lib/python2.7/site-packages/pip/_vendor/requests/packages/urllib3/util/ssl_.py:318: SNIMissingWarning: An HTTPS request has been made, but the SNI (Subject Name Indication) extension to TLS is not available on this platform. This may cause the server to present an incorrect TLS certificate, which can cause validation failures. You can upgrade to a newer version of Python to solve this. For more information, see https://urllib3.readthedocs.org/en/latest/security.html#snimissingwarning.
16:54:32     INFO -    SNIMissingWarning
16:54:32     INFO -  /builds/slave/test/build/venv/lib/python2.7/site-packages/pip/_vendor/requests/packages/urllib3/util/ssl_.py:122: InsecurePlatformWarning: A true SSLContext object is not available. This prevents urllib3 from configuring SSL appropriately and may cause certain SSL connections to fail. You can upgrade to a newer version of Python to solve this. For more information, see https://urllib3.readthedocs.org/en/latest/security.html#insecureplatformwarning.
16:54:32     INFO -    InsecurePlatformWarning
16:54:33     INFO -  /builds/slave/test/build/venv/lib/python2.7/site-packages/pip/_vendor/requests/packages/urllib3/util/ssl_.py:122: InsecurePlatformWarning: A true SSLContext object is not available. This prevents urllib3 from configuring SSL appropriately and may cause certain SSL connections to fail. You can upgrade to a newer version of Python to solve this. For more information, see https://urllib3.readthedocs.org/en/latest/security.html#insecureplatformwarning.
16:54:33     INFO -    InsecurePlatformWarning
16:54:37     INFO -    Downloading https://pypi.pvt.build.mozilla.org/pub/psutil-3.1.1.tar.gz (247kB)
16:54:37     INFO -  Building wheels for collected packages: psutil
16:54:37     INFO -    Running setup.py bdist_wheel for psutil: started
16:54:39     INFO -    Running setup.py bdist_wheel for psutil: finished with status 'done'
16:54:39     INFO -    Stored in directory: /home/cltbld/.cache/pip/wheels/1e/e6/25/f0494673fc8d727828e74362e3beb4cbaf34d8be516156ba0c
16:54:39     INFO -  Successfully built psutil
16:54:39     INFO -  Installing collected packages: psutil
16:54:39     INFO -    Found existing installation: psutil 5.4.3
16:54:39     INFO -      Uninstalling psutil-5.4.3:
16:54:39     INFO -        Successfully uninstalled psutil-5.4.3
16:54:39     INFO -  Successfully installed psutil-3.1.1
16:54:39     INFO - Return code: 0
16:54:39     INFO - Installing mock into virtualenv /builds/slave/test/build/venv
16:54:39     INFO - retry: Calling run_command with args: [['/builds/slave/test/build/venv/bin/pip', 'install', '--timeout', '120', '--no-index', '--find-links', 'http://pypi.pvt.build.mozilla.org/pub', '--find-links', 'http://pypi.pub.build.mozilla.org/pub', '--trusted-host', 'pypi.pub.build.mozilla.org', '--trusted-host', 'pypi.pvt.build.mozilla.org', 'mock']], kwargs: {'error_level': 'warning', 'error_list': [{'substr': 'not found or a compiler error:', 'level': 'warning'}, {'regex': <_sre.SRE_Pattern object at 0x7f92d2424110>, 'level': 'error'}, {'regex': <_sre.SRE_Pattern object at 0x7f92d252ce40>, 'level': 'warning'}, {'regex': <_sre.SRE_Pattern object at 0x215e3e0>, 'level': 'debug'}, {'substr': 'command not found', 'level': 'error'}, {'regex': <_sre.SRE_Pattern object at 0x215aa90>, 'level': 'warning'}, {'substr': 'Traceback (most recent call last)', 'level': 'error'}, {'substr': 'SyntaxError: ', 'level': 'error'}, {'substr': 'TypeError: ', 'level': 'error'}, {'substr': 'NameError: ', 'level': 'error'}, {'substr': 'ZeroDivisionError: ', 'level': 'error'}, {'regex': <_sre.SRE_Pattern object at 0x215c3f0>, 'level': 'critical'}, {'regex': <_sre.SRE_Pattern object at 0x215c670>, 'level': 'critical'}], 'cwd': '/builds/slave/test/build', 'env': {'TMOUT': '86400', 'LOGNAME': 'cltbld', 'USER': 'cltbld', 'HOME': '/home/cltbld', 'PATH': '/usr/local/bin:/usr/local/bin:/usr/bin:/bin:/usr/local/games:/usr/games', 'DISPLAY': ':0', 'CCACHE_UMASK': '002', 'LANG': 'en_US.UTF-8', 'TERM': 'linux', 'SHELL': '/bin/bash', 'MOZ_NODE_PATH': '/usr/bin/node', 'XDG_SESSION_COOKIE': '9ca12473fbb1d023794ffd180000023c-1528501951.856766-1829740940', 'SHLVL': '1', 'NO_FAIL_ON_TEST_ERRORS': '1', 'MOZ_NO_REMOTE': '1', 'MOZ_HIDE_RESULTS_TABLE': '1', 'MAIL': '/var/mail/cltbld', '_': '/tools/buildbot/bin/python', 'NODE_PATH': '/usr/lib/nodejs:/usr/lib/node_modules:/usr/share/javascript', 'PWD': '/builds/slave/test', 'PROPERTIES_FILE': '/builds/slave/test/buildprops.json', 'CCACHE_DIR': '/builds/ccache'}}, attempt #1
16:54:39     INFO - Running command: ['/builds/slave/test/build/venv/bin/pip', 'install', '--timeout', '120', '--no-index', '--find-links', 'http://pypi.pvt.build.mozilla.org/pub', '--find-links', 'http://pypi.pub.build.mozilla.org/pub', '--trusted-host', 'pypi.pub.build.mozilla.org', '--trusted-host', 'pypi.pvt.build.mozilla.org', 'mock'] in /builds/slave/test/build
16:54:39     INFO - Copy/paste: /builds/slave/test/build/venv/bin/pip install --timeout 120 --no-index --find-links http://pypi.pvt.build.mozilla.org/pub --find-links http://pypi.pub.build.mozilla.org/pub --trusted-host pypi.pub.build.mozilla.org --trusted-host pypi.pvt.build.mozilla.org mock
16:54:39     INFO - Using env: {'CCACHE_DIR': '/builds/ccache',
16:54:39     INFO -  'CCACHE_UMASK': '002',
16:54:39     INFO -  'DISPLAY': ':0',
16:54:39     INFO -  'HOME': '/home/cltbld',
16:54:39     INFO -  'LANG': 'en_US.UTF-8',
16:54:39     INFO -  'LOGNAME': 'cltbld',
16:54:39     INFO -  'MAIL': '/var/mail/cltbld',
16:54:39     INFO -  'MOZ_HIDE_RESULTS_TABLE': '1',
16:54:39     INFO -  'MOZ_NODE_PATH': '/usr/bin/node',
16:54:39     INFO -  'MOZ_NO_REMOTE': '1',
16:54:39     INFO -  'NODE_PATH': '/usr/lib/nodejs:/usr/lib/node_modules:/usr/share/javascript',
16:54:39     INFO -  'NO_FAIL_ON_TEST_ERRORS': '1',
16:54:39     INFO -  'PATH': '/usr/local/bin:/usr/local/bin:/usr/bin:/bin:/usr/local/games:/usr/games',
16:54:39     INFO -  'PROPERTIES_FILE': '/builds/slave/test/buildprops.json',
16:54:39     INFO -  'PWD': '/builds/slave/test',
16:54:39     INFO -  'SHELL': '/bin/bash',
16:54:39     INFO -  'SHLVL': '1',
16:54:39     INFO -  'TERM': 'linux',
16:54:39     INFO -  'TMOUT': '86400',
16:54:39     INFO -  'USER': 'cltbld',
16:54:39     INFO -  'XDG_SESSION_COOKIE': '9ca12473fbb1d023794ffd180000023c-1528501951.856766-1829740940',
16:54:39     INFO -  '_': '/tools/buildbot/bin/python'}
16:54:40     INFO -  Ignoring indexes: https://pypi.python.org/simple
16:54:40     INFO -  Collecting mock
16:54:40     INFO -  /builds/slave/test/build/venv/lib/python2.7/site-packages/pip/_vendor/requests/packages/urllib3/util/ssl_.py:318: SNIMissingWarning: An HTTPS request has been made, but the SNI (Subject Name Indication) extension to TLS is not available on this platform. This may cause the server to present an incorrect TLS certificate, which can cause validation failures. You can upgrade to a newer version of Python to solve this. For more information, see https://urllib3.readthedocs.org/en/latest/security.html#snimissingwarning.
16:54:40     INFO -    SNIMissingWarning
16:54:40     INFO -  /builds/slave/test/build/venv/lib/python2.7/site-packages/pip/_vendor/requests/packages/urllib3/util/ssl_.py:122: InsecurePlatformWarning: A true SSLContext object is not available. This prevents urllib3 from configuring SSL appropriately and may cause certain SSL connections to fail. You can upgrade to a newer version of Python to solve this. For more information, see https://urllib3.readthedocs.org/en/latest/security.html#insecureplatformwarning.
16:54:40     INFO -    InsecurePlatformWarning
16:54:41     INFO -  /builds/slave/test/build/venv/lib/python2.7/site-packages/pip/_vendor/requests/packages/urllib3/util/ssl_.py:122: InsecurePlatformWarning: A true SSLContext object is not available. This prevents urllib3 from configuring SSL appropriately and may cause certain SSL connections to fail. You can upgrade to a newer version of Python to solve this. For more information, see https://urllib3.readthedocs.org/en/latest/security.html#insecureplatformwarning.
16:54:41     INFO -    InsecurePlatformWarning
16:54:45     INFO -    Downloading https://pypi.pvt.build.mozilla.org/pub/mock-1.0.1.tar.gz (818kB)
16:54:46     INFO -  Building wheels for collected packages: mock
16:54:46     INFO -    Running setup.py bdist_wheel for mock: started
16:54:46     INFO -    Running setup.py bdist_wheel for mock: finished with status 'done'
16:54:46     INFO -    Stored in directory: /home/cltbld/.cache/pip/wheels/42/d3/87/79283a2f50dfedbfad996edf7028483b27c5953e56856af7d0
16:54:46     INFO -  Successfully built mock
16:54:46     INFO -  Installing collected packages: mock
16:54:46     INFO -  Successfully installed mock-1.0.1
16:54:46     INFO - Return code: 0
16:54:46     INFO - Installing simplejson into virtualenv /builds/slave/test/build/venv
16:54:46     INFO - retry: Calling run_command with args: [['/builds/slave/test/build/venv/bin/pip', 'install', '--timeout', '120', '--no-index', '--find-links', 'http://pypi.pvt.build.mozilla.org/pub', '--find-links', 'http://pypi.pub.build.mozilla.org/pub', '--trusted-host', 'pypi.pub.build.mozilla.org', '--trusted-host', 'pypi.pvt.build.mozilla.org', 'simplejson']], kwargs: {'error_level': 'warning', 'error_list': [{'substr': 'not found or a compiler error:', 'level': 'warning'}, {'regex': <_sre.SRE_Pattern object at 0x7f92d2424110>, 'level': 'error'}, {'regex': <_sre.SRE_Pattern object at 0x7f92d252ce40>, 'level': 'warning'}, {'regex': <_sre.SRE_Pattern object at 0x215e3e0>, 'level': 'debug'}, {'substr': 'command not found', 'level': 'error'}, {'regex': <_sre.SRE_Pattern object at 0x215aa90>, 'level': 'warning'}, {'substr': 'Traceback (most recent call last)', 'level': 'error'}, {'substr': 'SyntaxError: ', 'level': 'error'}, {'substr': 'TypeError: ', 'level': 'error'}, {'substr': 'NameError: ', 'level': 'error'}, {'substr': 'ZeroDivisionError: ', 'level': 'error'}, {'regex': <_sre.SRE_Pattern object at 0x215c3f0>, 'level': 'critical'}, {'regex': <_sre.SRE_Pattern object at 0x215c670>, 'level': 'critical'}], 'cwd': '/builds/slave/test/build', 'env': {'TMOUT': '86400', 'LOGNAME': 'cltbld', 'USER': 'cltbld', 'HOME': '/home/cltbld', 'PATH': '/usr/local/bin:/usr/local/bin:/usr/bin:/bin:/usr/local/games:/usr/games', 'DISPLAY': ':0', 'CCACHE_UMASK': '002', 'LANG': 'en_US.UTF-8', 'TERM': 'linux', 'SHELL': '/bin/bash', 'MOZ_NODE_PATH': '/usr/bin/node', 'XDG_SESSION_COOKIE': '9ca12473fbb1d023794ffd180000023c-1528501951.856766-1829740940', 'SHLVL': '1', 'NO_FAIL_ON_TEST_ERRORS': '1', 'MOZ_NO_REMOTE': '1', 'MOZ_HIDE_RESULTS_TABLE': '1', 'MAIL': '/var/mail/cltbld', '_': '/tools/buildbot/bin/python', 'NODE_PATH': '/usr/lib/nodejs:/usr/lib/node_modules:/usr/share/javascript', 'PWD': '/builds/slave/test', 'PROPERTIES_FILE': '/builds/slave/test/buildprops.json', 'CCACHE_DIR': '/builds/ccache'}}, attempt #1
16:54:46     INFO - Running command: ['/builds/slave/test/build/venv/bin/pip', 'install', '--timeout', '120', '--no-index', '--find-links', 'http://pypi.pvt.build.mozilla.org/pub', '--find-links', 'http://pypi.pub.build.mozilla.org/pub', '--trusted-host', 'pypi.pub.build.mozilla.org', '--trusted-host', 'pypi.pvt.build.mozilla.org', 'simplejson'] in /builds/slave/test/build
16:54:46     INFO - Copy/paste: /builds/slave/test/build/venv/bin/pip install --timeout 120 --no-index --find-links http://pypi.pvt.build.mozilla.org/pub --find-links http://pypi.pub.build.mozilla.org/pub --trusted-host pypi.pub.build.mozilla.org --trusted-host pypi.pvt.build.mozilla.org simplejson
16:54:46     INFO - Using env: {'CCACHE_DIR': '/builds/ccache',
16:54:46     INFO -  'CCACHE_UMASK': '002',
16:54:46     INFO -  'DISPLAY': ':0',
16:54:46     INFO -  'HOME': '/home/cltbld',
16:54:46     INFO -  'LANG': 'en_US.UTF-8',
16:54:46     INFO -  'LOGNAME': 'cltbld',
16:54:46     INFO -  'MAIL': '/var/mail/cltbld',
16:54:46     INFO -  'MOZ_HIDE_RESULTS_TABLE': '1',
16:54:46     INFO -  'MOZ_NODE_PATH': '/usr/bin/node',
16:54:46     INFO -  'MOZ_NO_REMOTE': '1',
16:54:46     INFO -  'NODE_PATH': '/usr/lib/nodejs:/usr/lib/node_modules:/usr/share/javascript',
16:54:46     INFO -  'NO_FAIL_ON_TEST_ERRORS': '1',
16:54:46     INFO -  'PATH': '/usr/local/bin:/usr/local/bin:/usr/bin:/bin:/usr/local/games:/usr/games',
16:54:46     INFO -  'PROPERTIES_FILE': '/builds/slave/test/buildprops.json',
16:54:46     INFO -  'PWD': '/builds/slave/test',
16:54:46     INFO -  'SHELL': '/bin/bash',
16:54:46     INFO -  'SHLVL': '1',
16:54:46     INFO -  'TERM': 'linux',
16:54:46     INFO -  'TMOUT': '86400',
16:54:46     INFO -  'USER': 'cltbld',
16:54:46     INFO -  'XDG_SESSION_COOKIE': '9ca12473fbb1d023794ffd180000023c-1528501951.856766-1829740940',
16:54:46     INFO -  '_': '/tools/buildbot/bin/python'}
16:54:47     INFO -  Ignoring indexes: https://pypi.python.org/simple
16:54:47     INFO -  Collecting simplejson
16:54:47     INFO -  /builds/slave/test/build/venv/lib/python2.7/site-packages/pip/_vendor/requests/packages/urllib3/util/ssl_.py:318: SNIMissingWarning: An HTTPS request has been made, but the SNI (Subject Name Indication) extension to TLS is not available on this platform. This may cause the server to present an incorrect TLS certificate, which can cause validation failures. You can upgrade to a newer version of Python to solve this. For more information, see https://urllib3.readthedocs.org/en/latest/security.html#snimissingwarning.
16:54:47     INFO -    SNIMissingWarning
16:54:47     INFO -  /builds/slave/test/build/venv/lib/python2.7/site-packages/pip/_vendor/requests/packages/urllib3/util/ssl_.py:122: InsecurePlatformWarning: A true SSLContext object is not available. This prevents urllib3 from configuring SSL appropriately and may cause certain SSL connections to fail. You can upgrade to a newer version of Python to solve this. For more information, see https://urllib3.readthedocs.org/en/latest/security.html#insecureplatformwarning.
16:54:47     INFO -    InsecurePlatformWarning
16:54:49     INFO -  /builds/slave/test/build/venv/lib/python2.7/site-packages/pip/_vendor/requests/packages/urllib3/util/ssl_.py:122: InsecurePlatformWarning: A true SSLContext object is not available. This prevents urllib3 from configuring SSL appropriately and may cause certain SSL connections to fail. You can upgrade to a newer version of Python to solve this. For more information, see https://urllib3.readthedocs.org/en/latest/security.html#insecureplatformwarning.
16:54:49     INFO -    InsecurePlatformWarning
16:54:52     INFO -    Downloading https://pypi.pvt.build.mozilla.org/pub/simplejson-3.3.0.tar.gz (67kB)
16:54:53     INFO -  Building wheels for collected packages: simplejson
16:54:53     INFO -    Running setup.py bdist_wheel for simplejson: started
16:54:55     INFO -    Running setup.py bdist_wheel for simplejson: finished with status 'done'
16:54:55     INFO -    Stored in directory: /home/cltbld/.cache/pip/wheels/b1/26/8f/72b2a349729d24b9c6aa399407fddd384f8814e045e6de407e
16:54:55     INFO -  Successfully built simplejson
16:54:55     INFO -  Installing collected packages: simplejson
16:54:55     INFO -  Successfully installed simplejson-3.3.0
16:54:55     INFO - Return code: 0
16:54:55     INFO - Installing None into virtualenv /builds/slave/test/build/venv
16:54:55     INFO - retry: Calling run_command with args: [['/builds/slave/test/build/venv/bin/pip', 'install', '--no-deps', '--timeout', '120', '-r', '/builds/slave/test/build/tests/config/marionette_requirements.txt', '--no-index', '--find-links', 'http://pypi.pvt.build.mozilla.org/pub', '--find-links', 'http://pypi.pub.build.mozilla.org/pub', '--trusted-host', 'pypi.pub.build.mozilla.org', '--trusted-host', 'pypi.pvt.build.mozilla.org']], kwargs: {'error_level': 'warning', 'error_list': [{'substr': 'not found or a compiler error:', 'level': 'warning'}, {'regex': <_sre.SRE_Pattern object at 0x7f92d2424110>, 'level': 'error'}, {'regex': <_sre.SRE_Pattern object at 0x7f92d252ce40>, 'level': 'warning'}, {'regex': <_sre.SRE_Pattern object at 0x215e3e0>, 'level': 'debug'}, {'substr': 'command not found', 'level': 'error'}, {'regex': <_sre.SRE_Pattern object at 0x215aa90>, 'level': 'warning'}, {'substr': 'Traceback (most recent call last)', 'level': 'error'}, {'substr': 'SyntaxError: ', 'level': 'error'}, {'substr': 'TypeError: ', 'level': 'error'}, {'substr': 'NameError: ', 'level': 'error'}, {'substr': 'ZeroDivisionError: ', 'level': 'error'}, {'regex': <_sre.SRE_Pattern object at 0x215c3f0>, 'level': 'critical'}, {'regex': <_sre.SRE_Pattern object at 0x215c670>, 'level': 'critical'}], 'cwd': '/builds/slave/test/build/tests/config', 'env': {'TMOUT': '86400', 'LOGNAME': 'cltbld', 'USER': 'cltbld', 'HOME': '/home/cltbld', 'PATH': '/usr/local/bin:/usr/local/bin:/usr/bin:/bin:/usr/local/games:/usr/games', 'DISPLAY': ':0', 'CCACHE_UMASK': '002', 'LANG': 'en_US.UTF-8', 'TERM': 'linux', 'SHELL': '/bin/bash', 'MOZ_NODE_PATH': '/usr/bin/node', 'XDG_SESSION_COOKIE': '9ca12473fbb1d023794ffd180000023c-1528501951.856766-1829740940', 'SHLVL': '1', 'NO_FAIL_ON_TEST_ERRORS': '1', 'MOZ_NO_REMOTE': '1', 'MOZ_HIDE_RESULTS_TABLE': '1', 'MAIL': '/var/mail/cltbld', '_': '/tools/buildbot/bin/python', 'NODE_PATH': '/usr/lib/nodejs:/usr/lib/node_modules:/usr/share/javascript', 'PWD': '/builds/slave/test', 'PROPERTIES_FILE': '/builds/slave/test/buildprops.json', 'CCACHE_DIR': '/builds/ccache'}}, attempt #1
16:54:55     INFO - Running command: ['/builds/slave/test/build/venv/bin/pip', 'install', '--no-deps', '--timeout', '120', '-r', '/builds/slave/test/build/tests/config/marionette_requirements.txt', '--no-index', '--find-links', 'http://pypi.pvt.build.mozilla.org/pub', '--find-links', 'http://pypi.pub.build.mozilla.org/pub', '--trusted-host', 'pypi.pub.build.mozilla.org', '--trusted-host', 'pypi.pvt.build.mozilla.org'] in /builds/slave/test/build/tests/config
16:54:55     INFO - Copy/paste: /builds/slave/test/build/venv/bin/pip install --no-deps --timeout 120 -r /builds/slave/test/build/tests/config/marionette_requirements.txt --no-index --find-links http://pypi.pvt.build.mozilla.org/pub --find-links http://pypi.pub.build.mozilla.org/pub --trusted-host pypi.pub.build.mozilla.org --trusted-host pypi.pvt.build.mozilla.org
16:54:55     INFO - Using env: {'CCACHE_DIR': '/builds/ccache',
16:54:55     INFO -  'CCACHE_UMASK': '002',
16:54:55     INFO -  'DISPLAY': ':0',
16:54:55     INFO -  'HOME': '/home/cltbld',
16:54:55     INFO -  'LANG': 'en_US.UTF-8',
16:54:55     INFO -  'LOGNAME': 'cltbld',
16:54:55     INFO -  'MAIL': '/var/mail/cltbld',
16:54:55     INFO -  'MOZ_HIDE_RESULTS_TABLE': '1',
16:54:55     INFO -  'MOZ_NODE_PATH': '/usr/bin/node',
16:54:55     INFO -  'MOZ_NO_REMOTE': '1',
16:54:55     INFO -  'NODE_PATH': '/usr/lib/nodejs:/usr/lib/node_modules:/usr/share/javascript',
16:54:55     INFO -  'NO_FAIL_ON_TEST_ERRORS': '1',
16:54:55     INFO -  'PATH': '/usr/local/bin:/usr/local/bin:/usr/bin:/bin:/usr/local/games:/usr/games',
16:54:55     INFO -  'PROPERTIES_FILE': '/builds/slave/test/buildprops.json',
16:54:55     INFO -  'PWD': '/builds/slave/test',
16:54:55     INFO -  'SHELL': '/bin/bash',
16:54:55     INFO -  'SHLVL': '1',
16:54:55     INFO -  'TERM': 'linux',
16:54:55     INFO -  'TMOUT': '86400',
16:54:55     INFO -  'USER': 'cltbld',
16:54:55     INFO -  'XDG_SESSION_COOKIE': '9ca12473fbb1d023794ffd180000023c-1528501951.856766-1829740940',
16:54:55     INFO -  '_': '/tools/buildbot/bin/python'}
16:54:56     INFO -  Ignoring indexes: https://pypi.python.org/simple
16:54:56     INFO -  Processing /builds/slave/test/build/tests/mozbase/manifestparser
16:54:57     INFO -    Requirement already satisfied (use --upgrade to upgrade): manifestparser==1.1 from file:///builds/slave/test/build/tests/mozbase/manifestparser in /builds/slave/test/build/venv/lib/python2.7/site-packages (from -r /builds/slave/test/build/tests/config/mozbase_requirements.txt (line 1))
16:54:57     INFO -  Processing /builds/slave/test/build/tests/mozbase/mozcrash
16:54:57     INFO -    Requirement already satisfied (use --upgrade to upgrade): mozcrash==1.0 from file:///builds/slave/test/build/tests/mozbase/mozcrash in /builds/slave/test/build/venv/lib/python2.7/site-packages (from -r /builds/slave/test/build/tests/config/mozbase_requirements.txt (line 2))
16:54:57     INFO -  Processing /builds/slave/test/build/tests/mozbase/mozdebug
16:54:57     INFO -    Requirement already satisfied (use --upgrade to upgrade): mozdebug==0.1 from file:///builds/slave/test/build/tests/mozbase/mozdebug in /builds/slave/test/build/venv/lib/python2.7/site-packages (from -r /builds/slave/test/build/tests/config/mozbase_requirements.txt (line 3))
16:54:57     INFO -  Processing /builds/slave/test/build/tests/mozbase/mozdevice
16:54:58     INFO -    Requirement already satisfied (use --upgrade to upgrade): mozdevice==0.48 from file:///builds/slave/test/build/tests/mozbase/mozdevice in /builds/slave/test/build/venv/lib/python2.7/site-packages (from -r /builds/slave/test/build/tests/config/mozbase_requirements.txt (line 4))
16:54:58     INFO -  Processing /builds/slave/test/build/tests/mozbase/mozfile
16:54:58     INFO -    Requirement already satisfied (use --upgrade to upgrade): mozfile==1.2 from file:///builds/slave/test/build/tests/mozbase/mozfile in /builds/slave/test/build/venv/lib/python2.7/site-packages (from -r /builds/slave/test/build/tests/config/mozbase_requirements.txt (line 5))
16:54:58     INFO -  Processing /builds/slave/test/build/tests/mozbase/mozhttpd
16:54:58     INFO -    Requirement already satisfied (use --upgrade to upgrade): mozhttpd==0.7 from file:///builds/slave/test/build/tests/mozbase/mozhttpd in /builds/slave/test/build/venv/lib/python2.7/site-packages (from -r /builds/slave/test/build/tests/config/mozbase_requirements.txt (line 6))
16:54:58     INFO -  Processing /builds/slave/test/build/tests/mozbase/mozinfo
16:54:59     INFO -    Requirement already satisfied (use --upgrade to upgrade): mozinfo==0.9 from file:///builds/slave/test/build/tests/mozbase/mozinfo in /builds/slave/test/build/venv/lib/python2.7/site-packages (from -r /builds/slave/test/build/tests/config/mozbase_requirements.txt (line 7))
16:54:59     INFO -  Processing /builds/slave/test/build/tests/mozbase/mozinstall
16:54:59     INFO -    Requirement already satisfied (use --upgrade to upgrade): mozInstall==1.12 from file:///builds/slave/test/build/tests/mozbase/mozinstall in /builds/slave/test/build/venv/lib/python2.7/site-packages (from -r /builds/slave/test/build/tests/config/mozbase_requirements.txt (line 8))
16:54:59     INFO -  Processing /builds/slave/test/build/tests/mozbase/mozleak
16:55:00     INFO -    Requirement already satisfied (use --upgrade to upgrade): mozleak==0.1 from file:///builds/slave/test/build/tests/mozbase/mozleak in /builds/slave/test/build/venv/lib/python2.7/site-packages (from -r /builds/slave/test/build/tests/config/mozbase_requirements.txt (line 9))
16:55:00     INFO -  Processing /builds/slave/test/build/tests/mozbase/mozlog
16:55:00     INFO -    Requirement already satisfied (use --upgrade to upgrade): mozlog==3.4 from file:///builds/slave/test/build/tests/mozbase/mozlog in /builds/slave/test/build/venv/lib/python2.7/site-packages (from -r /builds/slave/test/build/tests/config/mozbase_requirements.txt (line 10))
16:55:00     INFO -  Processing /builds/slave/test/build/tests/mozbase/moznetwork
16:55:00     INFO -    Requirement already satisfied (use --upgrade to upgrade): moznetwork==0.27 from file:///builds/slave/test/build/tests/mozbase/moznetwork in /builds/slave/test/build/venv/lib/python2.7/site-packages (from -r /builds/slave/test/build/tests/config/mozbase_requirements.txt (line 11))
16:55:00     INFO -  Processing /builds/slave/test/build/tests/mozbase/mozprocess
16:55:01     INFO -    Requirement already satisfied (use --upgrade to upgrade): mozprocess==0.23 from file:///builds/slave/test/build/tests/mozbase/mozprocess in /builds/slave/test/build/venv/lib/python2.7/site-packages (from -r /builds/slave/test/build/tests/config/mozbase_requirements.txt (line 12))
16:55:01     INFO -  Processing /builds/slave/test/build/tests/mozbase/mozprofile
16:55:01     INFO -    Requirement already satisfied (use --upgrade to upgrade): mozprofile==0.28 from file:///builds/slave/test/build/tests/mozbase/mozprofile in /builds/slave/test/build/venv/lib/python2.7/site-packages (from -r /builds/slave/test/build/tests/config/mozbase_requirements.txt (line 13))
16:55:01     INFO -  Processing /builds/slave/test/build/tests/mozbase/mozrunner
16:55:02     INFO -    Requirement already satisfied (use --upgrade to upgrade): mozrunner==6.13 from file:///builds/slave/test/build/tests/mozbase/mozrunner in /builds/slave/test/build/venv/lib/python2.7/site-packages (from -r /builds/slave/test/build/tests/config/mozbase_requirements.txt (line 14))
16:55:02     INFO -  Processing /builds/slave/test/build/tests/mozbase/mozscreenshot
16:55:02     INFO -    Requirement already satisfied (use --upgrade to upgrade): mozscreenshot==0.1 from file:///builds/slave/test/build/tests/mozbase/mozscreenshot in /builds/slave/test/build/venv/lib/python2.7/site-packages (from -r /builds/slave/test/build/tests/config/mozbase_requirements.txt (line 15))
16:55:02     INFO -  Processing /builds/slave/test/build/tests/mozbase/moztest
16:55:02     INFO -    Requirement already satisfied (use --upgrade to upgrade): moztest==0.8 from file:///builds/slave/test/build/tests/mozbase/moztest in /builds/slave/test/build/venv/lib/python2.7/site-packages (from -r /builds/slave/test/build/tests/config/mozbase_requirements.txt (line 16))
16:55:02     INFO -  Processing /builds/slave/test/build/tests/mozbase/mozversion
16:55:03     INFO -    Requirement already satisfied (use --upgrade to upgrade): mozversion==1.4 from file:///builds/slave/test/build/tests/mozbase/mozversion in /builds/slave/test/build/venv/lib/python2.7/site-packages (from -r /builds/slave/test/build/tests/config/mozbase_requirements.txt (line 17))
16:55:03     INFO -  Processing /builds/slave/test/build/tests/tools/wptserve
16:55:03     INFO -  Processing /builds/slave/test/build/tests/marionette/client
16:55:04     INFO -  Processing /builds/slave/test/build/tests/marionette/harness/marionette_harness/runner/mixins/browsermob-proxy-py
16:55:04     INFO -  Processing /builds/slave/test/build/tests/marionette/harness
16:55:04     INFO -  Processing /builds/slave/test/build/tests/marionette/puppeteer/firefox
16:55:05     INFO -  Building wheels for collected packages: browsermob-proxy
16:55:05     INFO -    Running setup.py bdist_wheel for browsermob-proxy: started
16:55:05     INFO -    Running setup.py bdist_wheel for browsermob-proxy: finished with status 'done'
16:55:05     INFO -    Stored in directory: /home/cltbld/.cache/pip/wheels/10/00/c1/79bb793b6a7eb4dca9dfd244010f550ae5044951bcd23c261e
16:55:05     INFO -  Successfully built browsermob-proxy
16:55:05     INFO -  Installing collected packages: wptserve, marionette-driver, browsermob-proxy, marionette-harness, firefox-puppeteer
16:55:05     INFO -    Running setup.py install for wptserve: started
16:55:06     INFO -      Running setup.py install for wptserve: finished with status 'done'
16:55:06     INFO -    Running setup.py install for marionette-driver: started
16:55:06     INFO -      Running setup.py install for marionette-driver: finished with status 'done'
16:55:06     INFO -    Running setup.py install for marionette-harness: started
16:55:07     INFO -      Running setup.py install for marionette-harness: finished with status 'done'
16:55:07     INFO -    Running setup.py install for firefox-puppeteer: started
16:55:08     INFO -      Running setup.py install for firefox-puppeteer: finished with status 'done'
16:55:08     INFO -  Successfully installed browsermob-proxy-0.6.0 firefox-puppeteer-52.1.0 marionette-driver-2.2.0 marionette-harness-4.0.0 wptserve-1.4.0
16:55:08     INFO - Return code: 0
16:55:08     INFO - Installing None into virtualenv /builds/slave/test/build/venv
16:55:08     INFO - retry: Calling run_command with args: [['/builds/slave/test/build/venv/bin/pip', 'install', '--timeout', '120', '-r', '/builds/slave/test/build/tests/config/marionette_requirements.txt', '--no-index', '--find-links', 'http://pypi.pvt.build.mozilla.org/pub', '--find-links', 'http://pypi.pub.build.mozilla.org/pub', '--trusted-host', 'pypi.pub.build.mozilla.org', '--trusted-host', 'pypi.pvt.build.mozilla.org']], kwargs: {'error_level': 'warning', 'error_list': [{'substr': 'not found or a compiler error:', 'level': 'warning'}, {'regex': <_sre.SRE_Pattern object at 0x7f92d2424110>, 'level': 'error'}, {'regex': <_sre.SRE_Pattern object at 0x7f92d252ce40>, 'level': 'warning'}, {'regex': <_sre.SRE_Pattern object at 0x215e3e0>, 'level': 'debug'}, {'substr': 'command not found', 'level': 'error'}, {'regex': <_sre.SRE_Pattern object at 0x215aa90>, 'level': 'warning'}, {'substr': 'Traceback (most recent call last)', 'level': 'error'}, {'substr': 'SyntaxError: ', 'level': 'error'}, {'substr': 'TypeError: ', 'level': 'error'}, {'substr': 'NameError: ', 'level': 'error'}, {'substr': 'ZeroDivisionError: ', 'level': 'error'}, {'regex': <_sre.SRE_Pattern object at 0x215c3f0>, 'level': 'critical'}, {'regex': <_sre.SRE_Pattern object at 0x215c670>, 'level': 'critical'}], 'cwd': '/builds/slave/test/build/tests/config', 'env': {'TMOUT': '86400', 'LOGNAME': 'cltbld', 'USER': 'cltbld', 'HOME': '/home/cltbld', 'PATH': '/usr/local/bin:/usr/local/bin:/usr/bin:/bin:/usr/local/games:/usr/games', 'DISPLAY': ':0', 'CCACHE_UMASK': '002', 'LANG': 'en_US.UTF-8', 'TERM': 'linux', 'SHELL': '/bin/bash', 'MOZ_NODE_PATH': '/usr/bin/node', 'XDG_SESSION_COOKIE': '9ca12473fbb1d023794ffd180000023c-1528501951.856766-1829740940', 'SHLVL': '1', 'NO_FAIL_ON_TEST_ERRORS': '1', 'MOZ_NO_REMOTE': '1', 'MOZ_HIDE_RESULTS_TABLE': '1', 'MAIL': '/var/mail/cltbld', '_': '/tools/buildbot/bin/python', 'NODE_PATH': '/usr/lib/nodejs:/usr/lib/node_modules:/usr/share/javascript', 'PWD': '/builds/slave/test', 'PROPERTIES_FILE': '/builds/slave/test/buildprops.json', 'CCACHE_DIR': '/builds/ccache'}}, attempt #1
16:55:08     INFO - Running command: ['/builds/slave/test/build/venv/bin/pip', 'install', '--timeout', '120', '-r', '/builds/slave/test/build/tests/config/marionette_requirements.txt', '--no-index', '--find-links', 'http://pypi.pvt.build.mozilla.org/pub', '--find-links', 'http://pypi.pub.build.mozilla.org/pub', '--trusted-host', 'pypi.pub.build.mozilla.org', '--trusted-host', 'pypi.pvt.build.mozilla.org'] in /builds/slave/test/build/tests/config
16:55:08     INFO - Copy/paste: /builds/slave/test/build/venv/bin/pip install --timeout 120 -r /builds/slave/test/build/tests/config/marionette_requirements.txt --no-index --find-links http://pypi.pvt.build.mozilla.org/pub --find-links http://pypi.pub.build.mozilla.org/pub --trusted-host pypi.pub.build.mozilla.org --trusted-host pypi.pvt.build.mozilla.org
16:55:08     INFO - Using env: {'CCACHE_DIR': '/builds/ccache',
16:55:08     INFO -  'CCACHE_UMASK': '002',
16:55:08     INFO -  'DISPLAY': ':0',
16:55:08     INFO -  'HOME': '/home/cltbld',
16:55:08     INFO -  'LANG': 'en_US.UTF-8',
16:55:08     INFO -  'LOGNAME': 'cltbld',
16:55:08     INFO -  'MAIL': '/var/mail/cltbld',
16:55:08     INFO -  'MOZ_HIDE_RESULTS_TABLE': '1',
16:55:08     INFO -  'MOZ_NODE_PATH': '/usr/bin/node',
16:55:08     INFO -  'MOZ_NO_REMOTE': '1',
16:55:08     INFO -  'NODE_PATH': '/usr/lib/nodejs:/usr/lib/node_modules:/usr/share/javascript',
16:55:08     INFO -  'NO_FAIL_ON_TEST_ERRORS': '1',
16:55:08     INFO -  'PATH': '/usr/local/bin:/usr/local/bin:/usr/bin:/bin:/usr/local/games:/usr/games',
16:55:08     INFO -  'PROPERTIES_FILE': '/builds/slave/test/buildprops.json',
16:55:08     INFO -  'PWD': '/builds/slave/test',
16:55:08     INFO -  'SHELL': '/bin/bash',
16:55:08     INFO -  'SHLVL': '1',
16:55:08     INFO -  'TERM': 'linux',
16:55:08     INFO -  'TMOUT': '86400',
16:55:08     INFO -  'USER': 'cltbld',
16:55:08     INFO -  'XDG_SESSION_COOKIE': '9ca12473fbb1d023794ffd180000023c-1528501951.856766-1829740940',
16:55:08     INFO -  '_': '/tools/buildbot/bin/python'}
16:55:09     INFO -  Ignoring indexes: https://pypi.python.org/simple
16:55:09     INFO -  Processing /builds/slave/test/build/tests/mozbase/manifestparser
16:55:09     INFO -    Requirement already satisfied (use --upgrade to upgrade): manifestparser==1.1 from file:///builds/slave/test/build/tests/mozbase/manifestparser in /builds/slave/test/build/venv/lib/python2.7/site-packages (from -r /builds/slave/test/build/tests/config/mozbase_requirements.txt (line 1))
16:55:09     INFO -  Processing /builds/slave/test/build/tests/mozbase/mozcrash
16:55:10     INFO -    Requirement already satisfied (use --upgrade to upgrade): mozcrash==1.0 from file:///builds/slave/test/build/tests/mozbase/mozcrash in /builds/slave/test/build/venv/lib/python2.7/site-packages (from -r /builds/slave/test/build/tests/config/mozbase_requirements.txt (line 2))
16:55:10     INFO -  Processing /builds/slave/test/build/tests/mozbase/mozdebug
16:55:10     INFO -    Requirement already satisfied (use --upgrade to upgrade): mozdebug==0.1 from file:///builds/slave/test/build/tests/mozbase/mozdebug in /builds/slave/test/build/venv/lib/python2.7/site-packages (from -r /builds/slave/test/build/tests/config/mozbase_requirements.txt (line 3))
16:55:10     INFO -  Processing /builds/slave/test/build/tests/mozbase/mozdevice
16:55:11     INFO -    Requirement already satisfied (use --upgrade to upgrade): mozdevice==0.48 from file:///builds/slave/test/build/tests/mozbase/mozdevice in /builds/slave/test/build/venv/lib/python2.7/site-packages (from -r /builds/slave/test/build/tests/config/mozbase_requirements.txt (line 4))
16:55:11     INFO -  Processing /builds/slave/test/build/tests/mozbase/mozfile
16:55:11     INFO -    Requirement already satisfied (use --upgrade to upgrade): mozfile==1.2 from file:///builds/slave/test/build/tests/mozbase/mozfile in /builds/slave/test/build/venv/lib/python2.7/site-packages (from -r /builds/slave/test/build/tests/config/mozbase_requirements.txt (line 5))
16:55:11     INFO -  Processing /builds/slave/test/build/tests/mozbase/mozhttpd
16:55:11     INFO -    Requirement already satisfied (use --upgrade to upgrade): mozhttpd==0.7 from file:///builds/slave/test/build/tests/mozbase/mozhttpd in /builds/slave/test/build/venv/lib/python2.7/site-packages (from -r /builds/slave/test/build/tests/config/mozbase_requirements.txt (line 6))
16:55:11     INFO -  Processing /builds/slave/test/build/tests/mozbase/mozinfo
16:55:12     INFO -    Requirement already satisfied (use --upgrade to upgrade): mozinfo==0.9 from file:///builds/slave/test/build/tests/mozbase/mozinfo in /builds/slave/test/build/venv/lib/python2.7/site-packages (from -r /builds/slave/test/build/tests/config/mozbase_requirements.txt (line 7))
16:55:12     INFO -  Processing /builds/slave/test/build/tests/mozbase/mozinstall
16:55:12     INFO -    Requirement already satisfied (use --upgrade to upgrade): mozInstall==1.12 from file:///builds/slave/test/build/tests/mozbase/mozinstall in /builds/slave/test/build/venv/lib/python2.7/site-packages (from -r /builds/slave/test/build/tests/config/mozbase_requirements.txt (line 8))
16:55:12     INFO -  Processing /builds/slave/test/build/tests/mozbase/mozleak
16:55:12     INFO -    Requirement already satisfied (use --upgrade to upgrade): mozleak==0.1 from file:///builds/slave/test/build/tests/mozbase/mozleak in /builds/slave/test/build/venv/lib/python2.7/site-packages (from -r /builds/slave/test/build/tests/config/mozbase_requirements.txt (line 9))
16:55:12     INFO -  Processing /builds/slave/test/build/tests/mozbase/mozlog
16:55:13     INFO -    Requirement already satisfied (use --upgrade to upgrade): mozlog==3.4 from file:///builds/slave/test/build/tests/mozbase/mozlog in /builds/slave/test/build/venv/lib/python2.7/site-packages (from -r /builds/slave/test/build/tests/config/mozbase_requirements.txt (line 10))
16:55:13     INFO -  Processing /builds/slave/test/build/tests/mozbase/moznetwork
16:55:13     INFO -    Requirement already satisfied (use --upgrade to upgrade): moznetwork==0.27 from file:///builds/slave/test/build/tests/mozbase/moznetwork in /builds/slave/test/build/venv/lib/python2.7/site-packages (from -r /builds/slave/test/build/tests/config/mozbase_requirements.txt (line 11))
16:55:13     INFO -  Processing /builds/slave/test/build/tests/mozbase/mozprocess
16:55:14     INFO -    Requirement already satisfied (use --upgrade to upgrade): mozprocess==0.23 from file:///builds/slave/test/build/tests/mozbase/mozprocess in /builds/slave/test/build/venv/lib/python2.7/site-packages (from -r /builds/slave/test/build/tests/config/mozbase_requirements.txt (line 12))
16:55:14     INFO -  Processing /builds/slave/test/build/tests/mozbase/mozprofile
16:55:14     INFO -    Requirement already satisfied (use --upgrade to upgrade): mozprofile==0.28 from file:///builds/slave/test/build/tests/mozbase/mozprofile in /builds/slave/test/build/venv/lib/python2.7/site-packages (from -r /builds/slave/test/build/tests/config/mozbase_requirements.txt (line 13))
16:55:14     INFO -  Processing /builds/slave/test/build/tests/mozbase/mozrunner
16:55:14     INFO -    Requirement already satisfied (use --upgrade to upgrade): mozrunner==6.13 from file:///builds/slave/test/build/tests/mozbase/mozrunner in /builds/slave/test/build/venv/lib/python2.7/site-packages (from -r /builds/slave/test/build/tests/config/mozbase_requirements.txt (line 14))
16:55:14     INFO -  Processing /builds/slave/test/build/tests/mozbase/mozscreenshot
16:55:15     INFO -    Requirement already satisfied (use --upgrade to upgrade): mozscreenshot==0.1 from file:///builds/slave/test/build/tests/mozbase/mozscreenshot in /builds/slave/test/build/venv/lib/python2.7/site-packages (from -r /builds/slave/test/build/tests/config/mozbase_requirements.txt (line 15))
16:55:15     INFO -  Processing /builds/slave/test/build/tests/mozbase/moztest
16:55:15     INFO -    Requirement already satisfied (use --upgrade to upgrade): moztest==0.8 from file:///builds/slave/test/build/tests/mozbase/moztest in /builds/slave/test/build/venv/lib/python2.7/site-packages (from -r /builds/slave/test/build/tests/config/mozbase_requirements.txt (line 16))
16:55:15     INFO -  Processing /builds/slave/test/build/tests/mozbase/mozversion
16:55:16     INFO -    Requirement already satisfied (use --upgrade to upgrade): mozversion==1.4 from file:///builds/slave/test/build/tests/mozbase/mozversion in /builds/slave/test/build/venv/lib/python2.7/site-packages (from -r /builds/slave/test/build/tests/config/mozbase_requirements.txt (line 17))
16:55:16     INFO -  Processing /builds/slave/test/build/tests/tools/wptserve
16:55:16     INFO -    Requirement already satisfied (use --upgrade to upgrade): wptserve==1.4.0 from file:///builds/slave/test/build/tests/tools/wptserve in /builds/slave/test/build/venv/lib/python2.7/site-packages (from -r /builds/slave/test/build/tests/config/marionette_requirements.txt (line 3))
16:55:16     INFO -  Processing /builds/slave/test/build/tests/marionette/client
16:55:16     INFO -    Requirement already satisfied (use --upgrade to upgrade): marionette-driver==2.2.0 from file:///builds/slave/test/build/tests/marionette/client in /builds/slave/test/build/venv/lib/python2.7/site-packages (from -r /builds/slave/test/build/tests/config/marionette_requirements.txt (line 4))
16:55:16     INFO -  Processing /builds/slave/test/build/tests/marionette/harness/marionette_harness/runner/mixins/browsermob-proxy-py
16:55:17     INFO -    Requirement already satisfied (use --upgrade to upgrade): browsermob-proxy==0.6.0 from file:///builds/slave/test/build/tests/marionette/harness/marionette_harness/runner/mixins/browsermob-proxy-py in /builds/slave/test/build/venv/lib/python2.7/site-packages (from -r /builds/slave/test/build/tests/config/marionette_requirements.txt (line 5))
16:55:17     INFO -  Processing /builds/slave/test/build/tests/marionette/harness
16:55:17     INFO -    Requirement already satisfied (use --upgrade to upgrade): marionette-harness==4.0.0 from file:///builds/slave/test/build/tests/marionette/harness in /builds/slave/test/build/venv/lib/python2.7/site-packages (from -r /builds/slave/test/build/tests/config/marionette_requirements.txt (line 6))
16:55:17     INFO -  Processing /builds/slave/test/build/tests/marionette/puppeteer/firefox
16:55:18     INFO -    Requirement already satisfied (use --upgrade to upgrade): firefox-puppeteer==52.1.0 from file:///builds/slave/test/build/tests/marionette/puppeteer/firefox in /builds/slave/test/build/venv/lib/python2.7/site-packages (from -r /builds/slave/test/build/tests/config/marionette_requirements.txt (line 9))
16:55:18     INFO -  Requirement already satisfied (use --upgrade to upgrade): mozfile>=1.0 in /builds/slave/test/build/venv/lib/python2.7/site-packages (from mozcrash==1.0->-r /builds/slave/test/build/tests/config/mozbase_requirements.txt (line 2))
16:55:18     INFO -  Requirement already satisfied (use --upgrade to upgrade): mozlog>=3.0 in /builds/slave/test/build/venv/lib/python2.7/site-packages (from mozcrash==1.0->-r /builds/slave/test/build/tests/config/mozbase_requirements.txt (line 2))
16:55:18     INFO -  Requirement already satisfied (use --upgrade to upgrade): mozinfo in /builds/slave/test/build/venv/lib/python2.7/site-packages (from mozdebug==0.1->-r /builds/slave/test/build/tests/config/mozbase_requirements.txt (line 3))
16:55:18     INFO -  Requirement already satisfied (use --upgrade to upgrade): moznetwork>=0.24 in /builds/slave/test/build/venv/lib/python2.7/site-packages (from mozdevice==0.48->-r /builds/slave/test/build/tests/config/mozbase_requirements.txt (line 4))
16:55:18     INFO -  Requirement already satisfied (use --upgrade to upgrade): mozprocess>=0.19 in /builds/slave/test/build/venv/lib/python2.7/site-packages (from mozdevice==0.48->-r /builds/slave/test/build/tests/config/mozbase_requirements.txt (line 4))
16:55:18     INFO -  Requirement already satisfied (use --upgrade to upgrade): blessings>=1.3 in /builds/slave/test/build/venv/lib/python2.7/site-packages (from mozlog==3.4->-r /builds/slave/test/build/tests/config/mozbase_requirements.txt (line 10))
16:55:18     INFO -  Requirement already satisfied (use --upgrade to upgrade): requests>=1.1.0 in /builds/slave/test/build/venv/lib/python2.7/site-packages (from browsermob-proxy==0.6.0->-r /builds/slave/test/build/tests/config/marionette_requirements.txt (line 5))
16:55:18     INFO -  Building wheels for collected packages: browsermob-proxy
16:55:18     INFO -    Running setup.py bdist_wheel for browsermob-proxy: started
16:55:18     INFO -    Running setup.py bdist_wheel for browsermob-proxy: finished with status 'done'
16:55:18     INFO -    Stored in directory: /home/cltbld/.cache/pip/wheels/10/00/c1/79bb793b6a7eb4dca9dfd244010f550ae5044951bcd23c261e
16:55:18     INFO -  Successfully built browsermob-proxy
16:55:18     INFO - Return code: 0
16:55:18     INFO - Installing None into virtualenv /builds/slave/test/build/venv
16:55:18     INFO - retry: Calling run_command with args: [['/builds/slave/test/build/venv/bin/pip', 'install', '--no-deps', '--timeout', '120', '-r', '/builds/slave/test/build/tests/mochitest/websocketprocessbridge/websocketprocessbridge_requirements.txt', '--no-index', '--find-links', 'http://pypi.pvt.build.mozilla.org/pub', '--find-links', 'http://pypi.pub.build.mozilla.org/pub', '--trusted-host', 'pypi.pub.build.mozilla.org', '--trusted-host', 'pypi.pvt.build.mozilla.org']], kwargs: {'error_level': 'warning', 'error_list': [{'substr': 'not found or a compiler error:', 'level': 'warning'}, {'regex': <_sre.SRE_Pattern object at 0x7f92d2424110>, 'level': 'error'}, {'regex': <_sre.SRE_Pattern object at 0x7f92d252ce40>, 'level': 'warning'}, {'regex': <_sre.SRE_Pattern object at 0x215e3e0>, 'level': 'debug'}, {'substr': 'command not found', 'level': 'error'}, {'regex': <_sre.SRE_Pattern object at 0x215aa90>, 'level': 'warning'}, {'substr': 'Traceback (most recent call last)', 'level': 'error'}, {'substr': 'SyntaxError: ', 'level': 'error'}, {'substr': 'TypeError: ', 'level': 'error'}, {'substr': 'NameError: ', 'level': 'error'}, {'substr': 'ZeroDivisionError: ', 'level': 'error'}, {'regex': <_sre.SRE_Pattern object at 0x215c3f0>, 'level': 'critical'}, {'regex': <_sre.SRE_Pattern object at 0x215c670>, 'level': 'critical'}], 'cwd': '/builds/slave/test/build/tests/mochitest/websocketprocessbridge', 'env': {'TMOUT': '86400', 'LOGNAME': 'cltbld', 'USER': 'cltbld', 'HOME': '/home/cltbld', 'PATH': '/usr/local/bin:/usr/local/bin:/usr/bin:/bin:/usr/local/games:/usr/games', 'DISPLAY': ':0', 'CCACHE_UMASK': '002', 'LANG': 'en_US.UTF-8', 'TERM': 'linux', 'SHELL': '/bin/bash', 'MOZ_NODE_PATH': '/usr/bin/node', 'XDG_SESSION_COOKIE': '9ca12473fbb1d023794ffd180000023c-1528501951.856766-1829740940', 'SHLVL': '1', 'NO_FAIL_ON_TEST_ERRORS': '1', 'MOZ_NO_REMOTE': '1', 'MOZ_HIDE_RESULTS_TABLE': '1', 'MAIL': '/var/mail/cltbld', '_': '/tools/buildbot/bin/python', 'NODE_PATH': '/usr/lib/nodejs:/usr/lib/node_modules:/usr/share/javascript', 'PWD': '/builds/slave/test', 'PROPERTIES_FILE': '/builds/slave/test/buildprops.json', 'CCACHE_DIR': '/builds/ccache'}}, attempt #1
16:55:18     INFO - Running command: ['/builds/slave/test/build/venv/bin/pip', 'install', '--no-deps', '--timeout', '120', '-r', '/builds/slave/test/build/tests/mochitest/websocketprocessbridge/websocketprocessbridge_requirements.txt', '--no-index', '--find-links', 'http://pypi.pvt.build.mozilla.org/pub', '--find-links', 'http://pypi.pub.build.mozilla.org/pub', '--trusted-host', 'pypi.pub.build.mozilla.org', '--trusted-host', 'pypi.pvt.build.mozilla.org'] in /builds/slave/test/build/tests/mochitest/websocketprocessbridge
16:55:18     INFO - Copy/paste: /builds/slave/test/build/venv/bin/pip install --no-deps --timeout 120 -r /builds/slave/test/build/tests/mochitest/websocketprocessbridge/websocketprocessbridge_requirements.txt --no-index --find-links http://pypi.pvt.build.mozilla.org/pub --find-links http://pypi.pub.build.mozilla.org/pub --trusted-host pypi.pub.build.mozilla.org --trusted-host pypi.pvt.build.mozilla.org
16:55:18     INFO - Using env: {'CCACHE_DIR': '/builds/ccache',
16:55:18     INFO -  'CCACHE_UMASK': '002',
16:55:18     INFO -  'DISPLAY': ':0',
16:55:18     INFO -  'HOME': '/home/cltbld',
16:55:18     INFO -  'LANG': 'en_US.UTF-8',
16:55:18     INFO -  'LOGNAME': 'cltbld',
16:55:18     INFO -  'MAIL': '/var/mail/cltbld',
16:55:18     INFO -  'MOZ_HIDE_RESULTS_TABLE': '1',
16:55:18     INFO -  'MOZ_NODE_PATH': '/usr/bin/node',
16:55:18     INFO -  'MOZ_NO_REMOTE': '1',
16:55:18     INFO -  'NODE_PATH': '/usr/lib/nodejs:/usr/lib/node_modules:/usr/share/javascript',
16:55:18     INFO -  'NO_FAIL_ON_TEST_ERRORS': '1',
16:55:18     INFO -  'PATH': '/usr/local/bin:/usr/local/bin:/usr/bin:/bin:/usr/local/games:/usr/games',
16:55:18     INFO -  'PROPERTIES_FILE': '/builds/slave/test/buildprops.json',
16:55:18     INFO -  'PWD': '/builds/slave/test',
16:55:18     INFO -  'SHELL': '/bin/bash',
16:55:18     INFO -  'SHLVL': '1',
16:55:18     INFO -  'TERM': 'linux',
16:55:18     INFO -  'TMOUT': '86400',
16:55:18     INFO -  'USER': 'cltbld',
16:55:18     INFO -  'XDG_SESSION_COOKIE': '9ca12473fbb1d023794ffd180000023c-1528501951.856766-1829740940',
16:55:18     INFO -  '_': '/tools/buildbot/bin/python'}
16:55:19     INFO -  Ignoring indexes: https://pypi.python.org/simple
16:55:19     INFO -  Collecting six==1.10.0 (from -r /builds/slave/test/build/tests/mochitest/websocketprocessbridge/websocketprocessbridge_requirements.txt (line 2))
16:55:19     INFO -  /builds/slave/test/build/venv/lib/python2.7/site-packages/pip/_vendor/requests/packages/urllib3/util/ssl_.py:318: SNIMissingWarning: An HTTPS request has been made, but the SNI (Subject Name Indication) extension to TLS is not available on this platform. This may cause the server to present an incorrect TLS certificate, which can cause validation failures. You can upgrade to a newer version of Python to solve this. For more information, see https://urllib3.readthedocs.org/en/latest/security.html#snimissingwarning.
16:55:19     INFO -    SNIMissingWarning
16:55:19     INFO -  /builds/slave/test/build/venv/lib/python2.7/site-packages/pip/_vendor/requests/packages/urllib3/util/ssl_.py:122: InsecurePlatformWarning: A true SSLContext object is not available. This prevents urllib3 from configuring SSL appropriately and may cause certain SSL connections to fail. You can upgrade to a newer version of Python to solve this. For more information, see https://urllib3.readthedocs.org/en/latest/security.html#insecureplatformwarning.
16:55:19     INFO -    InsecurePlatformWarning
16:55:21     INFO -  /builds/slave/test/build/venv/lib/python2.7/site-packages/pip/_vendor/requests/packages/urllib3/util/ssl_.py:122: InsecurePlatformWarning: A true SSLContext object is not available. This prevents urllib3 from configuring SSL appropriately and may cause certain SSL connections to fail. You can upgrade to a newer version of Python to solve this. For more information, see https://urllib3.readthedocs.org/en/latest/security.html#insecureplatformwarning.
16:55:21     INFO -    InsecurePlatformWarning
16:55:24     INFO -    Downloading https://pypi.pvt.build.mozilla.org/pub/six-1.10.0-py2.py3-none-any.whl
16:55:24     INFO -  Collecting twisted==10.2.0 (from -r /builds/slave/test/build/tests/mochitest/websocketprocessbridge/websocketprocessbridge_requirements.txt (line 4))
16:55:28     INFO -    Downloading https://pypi.pvt.build.mozilla.org/pub/Twisted-10.2.0.tar.gz (1.9MB)
16:55:30     INFO -  Collecting txws==0.9.1 (from -r /builds/slave/test/build/tests/mochitest/websocketprocessbridge/websocketprocessbridge_requirements.txt (line 7))
16:55:34     INFO -    Downloading https://pypi.pvt.build.mozilla.org/pub/txWS-0.9.1.tar.gz
16:55:36     INFO -  Requirement already satisfied (use --upgrade to upgrade): psutil==3.1.1 in /builds/slave/test/build/venv/lib/python2.7/site-packages (from -r /builds/slave/test/build/tests/mochitest/websocketprocessbridge/websocketprocessbridge_requirements.txt (line 9))
16:55:36     INFO -  Collecting ipaddr==2.1.11 (from -r /builds/slave/test/build/tests/mochitest/websocketprocessbridge/websocketprocessbridge_requirements.txt (line 12))
16:55:41     INFO -    Downloading https://pypi.pvt.build.mozilla.org/pub/ipaddr-2.1.11.tar.gz
16:55:41     INFO -  Collecting passlib==1.6.5 (from -r /builds/slave/test/build/tests/mochitest/websocketprocessbridge/websocketprocessbridge_requirements.txt (line 13))
16:55:46     INFO -    Downloading https://pypi.pvt.build.mozilla.org/pub/passlib-1.6.5-py2.py3-none-any.whl (317kB)
16:55:46     INFO -  Building wheels for collected packages: twisted, txws, ipaddr
16:55:46     INFO -    Running setup.py bdist_wheel for twisted: started
16:55:49     INFO -    Running setup.py bdist_wheel for twisted: finished with status 'done'
16:55:49     INFO -    Stored in directory: /home/cltbld/.cache/pip/wheels/2a/06/64/df4bef56496f61aee018cad118db54f7a03015723d10662b26
16:55:50     INFO -    Running setup.py bdist_wheel for txws: started
16:55:50     INFO -    Running setup.py bdist_wheel for txws: finished with status 'done'
16:55:50     INFO -    Stored in directory: /home/cltbld/.cache/pip/wheels/51/f5/78/51b5dd281cb5c86337c41faadc891bd5089a07842da35b9248
16:55:50     INFO -    Running setup.py bdist_wheel for ipaddr: started
16:55:51     INFO -    Running setup.py bdist_wheel for ipaddr: finished with status 'done'
16:55:51     INFO -    Stored in directory: /home/cltbld/.cache/pip/wheels/6a/e7/d2/68af1df9a4dd7fd032c9375a12bd438c6fa81ee69d5e07993f
16:55:51     INFO -  Successfully built twisted txws ipaddr
16:55:51     INFO -  Installing collected packages: six, twisted, txws, ipaddr, passlib
16:55:54     INFO -  Successfully installed ipaddr-2.1.11 passlib-1.6.5 six-1.10.0 twisted-10.2.0 txws-0.9.1
16:55:55     INFO - Return code: 0
16:55:55     INFO - Installing None into virtualenv /builds/slave/test/build/venv
16:55:55     INFO - retry: Calling run_command with args: [['/builds/slave/test/build/venv/bin/pip', 'install', '--timeout', '120', '-r', '/builds/slave/test/build/tests/mochitest/websocketprocessbridge/websocketprocessbridge_requirements.txt', '--no-index', '--find-links', 'http://pypi.pvt.build.mozilla.org/pub', '--find-links', 'http://pypi.pub.build.mozilla.org/pub', '--trusted-host', 'pypi.pub.build.mozilla.org', '--trusted-host', 'pypi.pvt.build.mozilla.org']], kwargs: {'error_level': 'warning', 'error_list': [{'substr': 'not found or a compiler error:', 'level': 'warning'}, {'regex': <_sre.SRE_Pattern object at 0x7f92d2424110>, 'level': 'error'}, {'regex': <_sre.SRE_Pattern object at 0x7f92d252ce40>, 'level': 'warning'}, {'regex': <_sre.SRE_Pattern object at 0x215e3e0>, 'level': 'debug'}, {'substr': 'command not found', 'level': 'error'}, {'regex': <_sre.SRE_Pattern object at 0x215aa90>, 'level': 'warning'}, {'substr': 'Traceback (most recent call last)', 'level': 'error'}, {'substr': 'SyntaxError: ', 'level': 'error'}, {'substr': 'TypeError: ', 'level': 'error'}, {'substr': 'NameError: ', 'level': 'error'}, {'substr': 'ZeroDivisionError: ', 'level': 'error'}, {'regex': <_sre.SRE_Pattern object at 0x215c3f0>, 'level': 'critical'}, {'regex': <_sre.SRE_Pattern object at 0x215c670>, 'level': 'critical'}], 'cwd': '/builds/slave/test/build/tests/mochitest/websocketprocessbridge', 'env': {'TMOUT': '86400', 'LOGNAME': 'cltbld', 'USER': 'cltbld', 'HOME': '/home/cltbld', 'PATH': '/usr/local/bin:/usr/local/bin:/usr/bin:/bin:/usr/local/games:/usr/games', 'DISPLAY': ':0', 'CCACHE_UMASK': '002', 'LANG': 'en_US.UTF-8', 'TERM': 'linux', 'SHELL': '/bin/bash', 'MOZ_NODE_PATH': '/usr/bin/node', 'XDG_SESSION_COOKIE': '9ca12473fbb1d023794ffd180000023c-1528501951.856766-1829740940', 'SHLVL': '1', 'NO_FAIL_ON_TEST_ERRORS': '1', 'MOZ_NO_REMOTE': '1', 'MOZ_HIDE_RESULTS_TABLE': '1', 'MAIL': '/var/mail/cltbld', '_': '/tools/buildbot/bin/python', 'NODE_PATH': '/usr/lib/nodejs:/usr/lib/node_modules:/usr/share/javascript', 'PWD': '/builds/slave/test', 'PROPERTIES_FILE': '/builds/slave/test/buildprops.json', 'CCACHE_DIR': '/builds/ccache'}}, attempt #1
16:55:55     INFO - Running command: ['/builds/slave/test/build/venv/bin/pip', 'install', '--timeout', '120', '-r', '/builds/slave/test/build/tests/mochitest/websocketprocessbridge/websocketprocessbridge_requirements.txt', '--no-index', '--find-links', 'http://pypi.pvt.build.mozilla.org/pub', '--find-links', 'http://pypi.pub.build.mozilla.org/pub', '--trusted-host', 'pypi.pub.build.mozilla.org', '--trusted-host', 'pypi.pvt.build.mozilla.org'] in /builds/slave/test/build/tests/mochitest/websocketprocessbridge
16:55:55     INFO - Copy/paste: /builds/slave/test/build/venv/bin/pip install --timeout 120 -r /builds/slave/test/build/tests/mochitest/websocketprocessbridge/websocketprocessbridge_requirements.txt --no-index --find-links http://pypi.pvt.build.mozilla.org/pub --find-links http://pypi.pub.build.mozilla.org/pub --trusted-host pypi.pub.build.mozilla.org --trusted-host pypi.pvt.build.mozilla.org
16:55:55     INFO - Using env: {'CCACHE_DIR': '/builds/ccache',
16:55:55     INFO -  'CCACHE_UMASK': '002',
16:55:55     INFO -  'DISPLAY': ':0',
16:55:55     INFO -  'HOME': '/home/cltbld',
16:55:55     INFO -  'LANG': 'en_US.UTF-8',
16:55:55     INFO -  'LOGNAME': 'cltbld',
16:55:55     INFO -  'MAIL': '/var/mail/cltbld',
16:55:55     INFO -  'MOZ_HIDE_RESULTS_TABLE': '1',
16:55:55     INFO -  'MOZ_NODE_PATH': '/usr/bin/node',
16:55:55     INFO -  'MOZ_NO_REMOTE': '1',
16:55:55     INFO -  'NODE_PATH': '/usr/lib/nodejs:/usr/lib/node_modules:/usr/share/javascript',
16:55:55     INFO -  'NO_FAIL_ON_TEST_ERRORS': '1',
16:55:55     INFO -  'PATH': '/usr/local/bin:/usr/local/bin:/usr/bin:/bin:/usr/local/games:/usr/games',
16:55:55     INFO -  'PROPERTIES_FILE': '/builds/slave/test/buildprops.json',
16:55:55     INFO -  'PWD': '/builds/slave/test',
16:55:55     INFO -  'SHELL': '/bin/bash',
16:55:55     INFO -  'SHLVL': '1',
16:55:55     INFO -  'TERM': 'linux',
16:55:55     INFO -  'TMOUT': '86400',
16:55:55     INFO -  'USER': 'cltbld',
16:55:55     INFO -  'XDG_SESSION_COOKIE': '9ca12473fbb1d023794ffd180000023c-1528501951.856766-1829740940',
16:55:55     INFO -  '_': '/tools/buildbot/bin/python'}
16:55:56     INFO -  Ignoring indexes: https://pypi.python.org/simple
16:55:56     INFO -  Requirement already satisfied (use --upgrade to upgrade): six==1.10.0 in /builds/slave/test/build/venv/lib/python2.7/site-packages (from -r /builds/slave/test/build/tests/mochitest/websocketprocessbridge/websocketprocessbridge_requirements.txt (line 2))
16:55:56     INFO -  Requirement already satisfied (use --upgrade to upgrade): twisted==10.2.0 in /builds/slave/test/build/venv/lib/python2.7/site-packages (from -r /builds/slave/test/build/tests/mochitest/websocketprocessbridge/websocketprocessbridge_requirements.txt (line 4))
16:55:56     INFO -  Requirement already satisfied (use --upgrade to upgrade): txws==0.9.1 in /builds/slave/test/build/venv/lib/python2.7/site-packages (from -r /builds/slave/test/build/tests/mochitest/websocketprocessbridge/websocketprocessbridge_requirements.txt (line 7))
16:55:56     INFO -  Requirement already satisfied (use --upgrade to upgrade): psutil==3.1.1 in /builds/slave/test/build/venv/lib/python2.7/site-packages (from -r /builds/slave/test/build/tests/mochitest/websocketprocessbridge/websocketprocessbridge_requirements.txt (line 9))
16:55:56     INFO -  Requirement already satisfied (use --upgrade to upgrade): ipaddr==2.1.11 in /builds/slave/test/build/venv/lib/python2.7/site-packages (from -r /builds/slave/test/build/tests/mochitest/websocketprocessbridge/websocketprocessbridge_requirements.txt (line 12))
16:55:56     INFO -  Requirement already satisfied (use --upgrade to upgrade): passlib==1.6.5 in /builds/slave/test/build/venv/lib/python2.7/site-packages (from -r /builds/slave/test/build/tests/mochitest/websocketprocessbridge/websocketprocessbridge_requirements.txt (line 13))
16:55:56     INFO -  Collecting zope.interface (from twisted==10.2.0->-r /builds/slave/test/build/tests/mochitest/websocketprocessbridge/websocketprocessbridge_requirements.txt (line 4))
16:55:56     INFO -  /builds/slave/test/build/venv/lib/python2.7/site-packages/pip/_vendor/requests/packages/urllib3/util/ssl_.py:318: SNIMissingWarning: An HTTPS request has been made, but the SNI (Subject Name Indication) extension to TLS is not available on this platform. This may cause the server to present an incorrect TLS certificate, which can cause validation failures. You can upgrade to a newer version of Python to solve this. For more information, see https://urllib3.readthedocs.org/en/latest/security.html#snimissingwarning.
16:55:56     INFO -    SNIMissingWarning
16:55:56     INFO -  /builds/slave/test/build/venv/lib/python2.7/site-packages/pip/_vendor/requests/packages/urllib3/util/ssl_.py:122: InsecurePlatformWarning: A true SSLContext object is not available. This prevents urllib3 from configuring SSL appropriately and may cause certain SSL connections to fail. You can upgrade to a newer version of Python to solve this. For more information, see https://urllib3.readthedocs.org/en/latest/security.html#insecureplatformwarning.
16:55:56     INFO -    InsecurePlatformWarning
16:55:57     INFO -  /builds/slave/test/build/venv/lib/python2.7/site-packages/pip/_vendor/requests/packages/urllib3/util/ssl_.py:122: InsecurePlatformWarning: A true SSLContext object is not available. This prevents urllib3 from configuring SSL appropriately and may cause certain SSL connections to fail. You can upgrade to a newer version of Python to solve this. For more information, see https://urllib3.readthedocs.org/en/latest/security.html#insecureplatformwarning.
16:55:57     INFO -    InsecurePlatformWarning
16:56:00     INFO -    Downloading https://pypi.pvt.build.mozilla.org/pub/zope.interface-4.0.2.tar.gz (139kB)
16:56:01     INFO -  Requirement already satisfied (use --upgrade to upgrade): setuptools in /builds/slave/test/build/venv/lib/python2.7/site-packages (from zope.interface->twisted==10.2.0->-r /builds/slave/test/build/tests/mochitest/websocketprocessbridge/websocketprocessbridge_requirements.txt (line 4))
16:56:01     INFO -  Building wheels for collected packages: zope.interface
16:56:01     INFO -    Running setup.py bdist_wheel for zope.interface: started
16:56:02     INFO -    Running setup.py bdist_wheel for zope.interface: finished with status 'done'
16:56:02     INFO -    Stored in directory: /home/cltbld/.cache/pip/wheels/54/5c/71/e718400d2babcda41f4d97864183e1268dab308acc88e22470
16:56:02     INFO -  Successfully built zope.interface
16:56:02     INFO -  Installing collected packages: zope.interface
16:56:03     INFO -  Successfully installed zope.interface-4.0.2
16:56:03     INFO - Return code: 0
16:56:03     INFO - Done creating virtualenv /builds/slave/test/build/venv.
16:56:03     INFO - Getting output from command: ['/builds/slave/test/build/venv/bin/pip', 'freeze']
16:56:03     INFO - Copy/paste: /builds/slave/test/build/venv/bin/pip freeze
16:56:04     INFO - Reading from file tmpfile_stdout
16:56:04     INFO - Reading from file tmpfile_stderr
16:56:04     INFO - Current package versions:
16:56:04     INFO -   Twisted == 10.2.0
16:56:04     INFO -   blessings == 1.6
16:56:04     INFO -   blobuploader == 1.2.4
16:56:04     INFO -   browsermob-proxy == 0.6.0
16:56:04     INFO -   docopt == 0.6.1
16:56:04     INFO -   firefox-puppeteer == 52.1.0
16:56:04     INFO -   functools32 == 3.2.3.post2
16:56:04     INFO -   ipaddr == 2.1.11
16:56:04     INFO -   jsonschema == 2.5.1
16:56:04     INFO -   manifestparser == 1.1
16:56:04     INFO -   marionette-driver == 2.2.0
16:56:04     INFO -   marionette-harness == 4.0.0
16:56:04     INFO -   mock == 1.0.1
16:56:04     INFO -   mozInstall == 1.12
16:56:04     INFO -   mozcrash == 1.0
16:56:04     INFO -   mozdebug == 0.1
16:56:04     INFO -   mozdevice == 0.48
16:56:04     INFO -   mozfile == 1.2
16:56:04     INFO -   mozhttpd == 0.7
16:56:04     INFO -   mozinfo == 0.9
16:56:04     INFO -   mozleak == 0.1
16:56:04     INFO -   mozlog == 3.4
16:56:04     INFO -   moznetwork == 0.27
16:56:04     INFO -   mozprocess == 0.23
16:56:04     INFO -   mozprofile == 0.28
16:56:04     INFO -   mozrunner == 6.13
16:56:04     INFO -   mozscreenshot == 0.1
16:56:04     INFO -   mozsystemmonitor == 0.3
16:56:04     INFO -   moztest == 0.8
16:56:04     INFO -   mozversion == 1.4
16:56:04     INFO -   passlib == 1.6.5
16:56:04     INFO -   psutil == 3.1.1
16:56:04     INFO -   requests == 1.2.3
16:56:04     INFO -   simplejson == 3.3.0
16:56:04     INFO -   six == 1.10.0
16:56:04     INFO -   txWS == 0.9.1
16:56:04     INFO -   wptserve == 1.4.0
16:56:04     INFO -   zope.interface == 4.0.2
16:56:04     INFO - Running post-action listener: _resource_record_post_action
16:56:04     INFO - Running post-action listener: _start_resource_monitoring
16:56:04     INFO - Starting resource monitoring.
16:56:04     INFO - [mozharness: 2018-06-08 23:56:04.754578Z] Finished create-virtualenv step (success)
16:56:04     INFO - [mozharness: 2018-06-08 23:56:04.761264Z] Running install step.
16:56:04     INFO - Running pre-action listener: _resource_record_pre_action
16:56:04     INFO - Running main action method: install
16:56:04     INFO - Getting output from command: ['/builds/slave/test/build/venv/bin/pip', 'freeze']
16:56:04     INFO - Copy/paste: /builds/slave/test/build/venv/bin/pip freeze
16:56:05     INFO - Reading from file tmpfile_stdout
16:56:05     INFO - Reading from file tmpfile_stderr
16:56:05     INFO - Detecting whether we're running mozinstall >=1.0...
16:56:05     INFO - Getting output from command: ['/builds/slave/test/build/venv/bin/mozinstall', '-h']
16:56:05     INFO - Copy/paste: /builds/slave/test/build/venv/bin/mozinstall -h
16:56:05     INFO - Reading from file tmpfile_stdout
16:56:05     INFO - Output received:
16:56:05     INFO -  Usage: mozinstall [options] installer
16:56:05     INFO -  Options:
16:56:05     INFO -    -h, --help            show this help message and exit
16:56:05     INFO -    -d DEST, --destination=DEST
16:56:05     INFO -                          Directory to install application into. [default:
16:56:05     INFO -                          "/builds/slave/test"]
16:56:05     INFO -    --app=APP             Application being installed. [default: firefox]
16:56:05     INFO - mkdir: /builds/slave/test/build/application
16:56:05     INFO - Getting output from command: ['/builds/slave/test/build/venv/bin/mozinstall', '/builds/slave/test/build/installer.tar.bz2', '--destination', '/builds/slave/test/build/application']
16:56:05     INFO - Copy/paste: /builds/slave/test/build/venv/bin/mozinstall /builds/slave/test/build/installer.tar.bz2 --destination /builds/slave/test/build/application
16:56:28     INFO - Reading from file tmpfile_stdout
16:56:28     INFO - Output received:
16:56:28     INFO -  /builds/slave/test/build/application/firefox/firefox
16:56:28     INFO - Running post-action listener: _resource_record_post_action
16:56:28     INFO - [mozharness: 2018-06-08 23:56:28.402957Z] Finished install step (success)
16:56:28     INFO - [mozharness: 2018-06-08 23:56:28.403397Z] Running stage-files step.
16:56:28     INFO - Running pre-action listener: _resource_record_pre_action
16:56:28     INFO - Running main action method: stage_files
16:56:28     INFO - Running post-action listener: _resource_record_post_action
16:56:28     INFO - [mozharness: 2018-06-08 23:56:28.405213Z] Finished stage-files step (success)
16:56:28     INFO - [mozharness: 2018-06-08 23:56:28.405587Z] Running run-tests step.
16:56:28     INFO - Running pre-action listener: _resource_record_pre_action
16:56:28     INFO - Running pre-action listener: _set_gcov_prefix
16:56:28     INFO - Running main action method: run_tests
16:56:28     INFO - Running pre test command disable_screen_saver with 'xset s off s reset'
16:56:28     INFO - Running command: ['xset', 's', 'off', 's', 'reset'] in /builds/slave/test/build
16:56:28     INFO - Copy/paste: xset s off s reset
16:56:28     INFO - Return code: 0
16:56:28     INFO - #### Running mochitest suites
16:56:28     INFO - Structured output parser in use for mochitest.
16:56:28     INFO - grabbing minidump binary from tooltool
16:56:28     INFO - retry: Calling run_command with args: (['/tools/tooltool.py', '--url', 'https://api.pub.build.mozilla.org/tooltool/', '--authentication-file', '/builds/relengapi.tok', 'fetch', '-m', '/builds/slave/test/build/tests/config/tooltool-manifests/linux64/releng.manifest', '-o', '-c', '/builds/tooltool_cache'],), kwargs: {'output_timeout': 600, 'error_list': [{'substr': 'command not found', 'level': 'error'}, {'regex': <_sre.SRE_Pattern object at 0x215aa90>, 'level': 'warning'}, {'substr': 'Traceback (most recent call last)', 'level': 'error'}, {'substr': 'SyntaxError: ', 'level': 'error'}, {'substr': 'TypeError: ', 'level': 'error'}, {'substr': 'NameError: ', 'level': 'error'}, {'substr': 'ZeroDivisionError: ', 'level': 'error'}, {'regex': <_sre.SRE_Pattern object at 0x215c3f0>, 'level': 'critical'}, {'regex': <_sre.SRE_Pattern object at 0x215c670>, 'level': 'critical'}, {'substr': 'ERROR - ', 'level': 'error'}], 'cwd': '/builds/slave/test/build', 'privileged': False}, attempt #1
16:56:28     INFO - Running command: ['/tools/tooltool.py', '--url', 'https://api.pub.build.mozilla.org/tooltool/', '--authentication-file', '/builds/relengapi.tok', 'fetch', '-m', '/builds/slave/test/build/tests/config/tooltool-manifests/linux64/releng.manifest', '-o', '-c', '/builds/tooltool_cache'] in /builds/slave/test/build
16:56:28     INFO - Copy/paste: /tools/tooltool.py --url https://api.pub.build.mozilla.org/tooltool/ --authentication-file /builds/relengapi.tok fetch -m /builds/slave/test/build/tests/config/tooltool-manifests/linux64/releng.manifest -o -c /builds/tooltool_cache
16:56:28     INFO - Calling ['/tools/tooltool.py', '--url', 'https://api.pub.build.mozilla.org/tooltool/', '--authentication-file', '/builds/relengapi.tok', 'fetch', '-m', '/builds/slave/test/build/tests/config/tooltool-manifests/linux64/releng.manifest', '-o', '-c', '/builds/tooltool_cache'] with output_timeout 600
16:56:28     INFO -  INFO - File linux64-minidump_stackwalk not present in local cache folder /builds/tooltool_cache
16:56:28     INFO -  INFO - Attempting to fetch from 'https://api.pub.build.mozilla.org/tooltool/'...
16:56:30     INFO -  INFO - File linux64-minidump_stackwalk fetched from https://api.pub.build.mozilla.org/tooltool/ as /builds/slave/test/build/tmpDpWeHU
16:56:30     INFO -  INFO - File integrity verified, renaming tmpDpWeHU to linux64-minidump_stackwalk
16:56:30     INFO -  INFO - Updating local cache /builds/tooltool_cache...
16:56:30     INFO -  INFO - Local cache /builds/tooltool_cache updated with linux64-minidump_stackwalk
16:56:30     INFO - Return code: 0
16:56:30     INFO - Chmoding /builds/slave/test/build/linux64-minidump_stackwalk to 0755
16:56:30     INFO - grabbing nodejs binary from tooltool
16:56:30     INFO - retry: Calling run_command with args: (['/tools/tooltool.py', '--url', 'https://api.pub.build.mozilla.org/tooltool/', '--authentication-file', '/builds/relengapi.tok', 'fetch', '-m', '/builds/slave/test/build/tests/config/tooltool-manifests/linux64/nodejs.manifest', '-o', '-c', '/builds/tooltool_cache'],), kwargs: {'output_timeout': 600, 'error_list': [{'substr': 'command not found', 'level': 'error'}, {'regex': <_sre.SRE_Pattern object at 0x215aa90>, 'level': 'warning'}, {'substr': 'Traceback (most recent call last)', 'level': 'error'}, {'substr': 'SyntaxError: ', 'level': 'error'}, {'substr': 'TypeError: ', 'level': 'error'}, {'substr': 'NameError: ', 'level': 'error'}, {'substr': 'ZeroDivisionError: ', 'level': 'error'}, {'regex': <_sre.SRE_Pattern object at 0x215c3f0>, 'level': 'critical'}, {'regex': <_sre.SRE_Pattern object at 0x215c670>, 'level': 'critical'}, {'substr': 'ERROR - ', 'level': 'error'}], 'cwd': '/builds/slave/test/build', 'privileged': False}, attempt #1
16:56:30     INFO - Running command: ['/tools/tooltool.py', '--url', 'https://api.pub.build.mozilla.org/tooltool/', '--authentication-file', '/builds/relengapi.tok', 'fetch', '-m', '/builds/slave/test/build/tests/config/tooltool-manifests/linux64/nodejs.manifest', '-o', '-c', '/builds/tooltool_cache'] in /builds/slave/test/build
16:56:30     INFO - Copy/paste: /tools/tooltool.py --url https://api.pub.build.mozilla.org/tooltool/ --authentication-file /builds/relengapi.tok fetch -m /builds/slave/test/build/tests/config/tooltool-manifests/linux64/nodejs.manifest -o -c /builds/tooltool_cache
16:56:30     INFO - Calling ['/tools/tooltool.py', '--url', 'https://api.pub.build.mozilla.org/tooltool/', '--authentication-file', '/builds/relengapi.tok', 'fetch', '-m', '/builds/slave/test/build/tests/config/tooltool-manifests/linux64/nodejs.manifest', '-o', '-c', '/builds/tooltool_cache'] with output_timeout 600
16:56:30     INFO -  INFO - File node-linux-x64.tar.gz not present in local cache folder /builds/tooltool_cache
16:56:30     INFO -  INFO - Attempting to fetch from 'https://api.pub.build.mozilla.org/tooltool/'...
16:56:31     INFO -  INFO - File node-linux-x64.tar.gz fetched from https://api.pub.build.mozilla.org/tooltool/ as /builds/slave/test/build/tmp4A7RXV
16:56:31     INFO -  INFO - File integrity verified, renaming tmp4A7RXV to node-linux-x64.tar.gz
16:56:31     INFO -  INFO - Updating local cache /builds/tooltool_cache...
16:56:31     INFO -  INFO - Local cache /builds/tooltool_cache updated with node-linux-x64.tar.gz
16:56:31     INFO -  INFO - untarring "node-linux-x64.tar.gz"
16:56:33     INFO - Return code: 0
16:56:33     INFO - Chmoding /builds/slave/test/build/node-linux-x64/bin/node to 0755
16:56:33     INFO - mkdir: /builds/slave/test/build/blobber_upload_dir
16:56:33     INFO - ENV: MOZ_UPLOAD_DIR is now /builds/slave/test/build/blobber_upload_dir
16:56:33     INFO - ENV: MINIDUMP_STACKWALK is now /builds/slave/test/build/linux64-minidump_stackwalk
16:56:33     INFO - ENV: MOZ_NODE_PATH is now /builds/slave/test/build/node-linux-x64/bin/node
16:56:33     INFO - ENV: MINIDUMP_SAVE_PATH is now /builds/slave/test/build/blobber_upload_dir
16:56:33     INFO - Running command: ['/builds/slave/test/build/venv/bin/python', '-u', '/builds/slave/test/build/tests/mochitest/runtests.py', '--disable-e10s', '--total-chunks', '8', '--this-chunk', '6', '--appname=/builds/slave/test/build/application/firefox/firefox', '--utility-path=tests/bin', '--extra-profile-file=tests/bin/plugins', '--symbols-path=https://queue.taskcluster.net/v1/task/I1iAdq48Sa60c5BCPWswkg/artifacts/public/build/firefox-52.8.2.en-US.linux-x86_64.crashreporter-symbols.zip', '--certificate-path=tests/certs', '--setpref=webgl.force-enabled=true', '--quiet', '--log-raw=/builds/slave/test/build/blobber_upload_dir/mochitest-devtools-chrome-chunked_raw.log', '--log-errorsummary=/builds/slave/test/build/blobber_upload_dir/mochitest-devtools-chrome-chunked_errorsummary.log', '--use-test-media-devices', '--screenshot-on-fail', '--cleanup-crashes', '--marionette-startup-timeout=180', '--log-raw=-', '--flavor=browser', '--subsuite=devtools', '--chunk-by-runtime'] in /builds/slave/test/build
16:56:33     INFO - Copy/paste: /builds/slave/test/build/venv/bin/python -u /builds/slave/test/build/tests/mochitest/runtests.py --disable-e10s --total-chunks 8 --this-chunk 6 --appname=/builds/slave/test/build/application/firefox/firefox --utility-path=tests/bin --extra-profile-file=tests/bin/plugins --symbols-path=https://queue.taskcluster.net/v1/task/I1iAdq48Sa60c5BCPWswkg/artifacts/public/build/firefox-52.8.2.en-US.linux-x86_64.crashreporter-symbols.zip --certificate-path=tests/certs --setpref=webgl.force-enabled=true --quiet --log-raw=/builds/slave/test/build/blobber_upload_dir/mochitest-devtools-chrome-chunked_raw.log --log-errorsummary=/builds/slave/test/build/blobber_upload_dir/mochitest-devtools-chrome-chunked_errorsummary.log --use-test-media-devices --screenshot-on-fail --cleanup-crashes --marionette-startup-timeout=180 --log-raw=- --flavor=browser --subsuite=devtools --chunk-by-runtime
16:56:33     INFO - Using env: {'CCACHE_DIR': '/builds/ccache',
16:56:33     INFO -  'CCACHE_UMASK': '002',
16:56:33     INFO -  'DISPLAY': ':0',
16:56:33     INFO -  'HOME': '/home/cltbld',
16:56:33     INFO -  'LANG': 'en_US.UTF-8',
16:56:33     INFO -  'LOGNAME': 'cltbld',
16:56:33     INFO -  'MAIL': '/var/mail/cltbld',
16:56:33     INFO -  'MINIDUMP_SAVE_PATH': '/builds/slave/test/build/blobber_upload_dir',
16:56:33     INFO -  'MINIDUMP_STACKWALK': '/builds/slave/test/build/linux64-minidump_stackwalk',
16:56:33     INFO -  'MOZ_HIDE_RESULTS_TABLE': '1',
16:56:33     INFO -  'MOZ_NODE_PATH': '/builds/slave/test/build/node-linux-x64/bin/node',
16:56:33     INFO -  'MOZ_NO_REMOTE': '1',
16:56:33     INFO -  'MOZ_UPLOAD_DIR': '/builds/slave/test/build/blobber_upload_dir',
16:56:33     INFO -  'NODE_PATH': '/usr/lib/nodejs:/usr/lib/node_modules:/usr/share/javascript',
16:56:33     INFO -  'NO_FAIL_ON_TEST_ERRORS': '1',
16:56:33     INFO -  'PATH': '/builds/slave/test/build/venv/bin:/usr/local/bin:/usr/local/bin:/usr/bin:/bin:/usr/local/games:/usr/games',
16:56:33     INFO -  'PROPERTIES_FILE': '/builds/slave/test/buildprops.json',
16:56:33     INFO -  'PWD': '/builds/slave/test',
16:56:33     INFO -  'SHELL': '/bin/bash',
16:56:33     INFO -  'SHLVL': '1',
16:56:33     INFO -  'TERM': 'linux',
16:56:33     INFO -  'TMOUT': '86400',
16:56:33     INFO -  'USER': 'cltbld',
16:56:33     INFO -  'XDG_SESSION_COOKIE': '9ca12473fbb1d023794ffd180000023c-1528501951.856766-1829740940',
16:56:33     INFO -  '_': '/tools/buildbot/bin/python'}
16:56:33     INFO - Calling ['/builds/slave/test/build/venv/bin/python', '-u', '/builds/slave/test/build/tests/mochitest/runtests.py', '--disable-e10s', '--total-chunks', '8', '--this-chunk', '6', '--appname=/builds/slave/test/build/application/firefox/firefox', '--utility-path=tests/bin', '--extra-profile-file=tests/bin/plugins', '--symbols-path=https://queue.taskcluster.net/v1/task/I1iAdq48Sa60c5BCPWswkg/artifacts/public/build/firefox-52.8.2.en-US.linux-x86_64.crashreporter-symbols.zip', '--certificate-path=tests/certs', '--setpref=webgl.force-enabled=true', '--quiet', '--log-raw=/builds/slave/test/build/blobber_upload_dir/mochitest-devtools-chrome-chunked_raw.log', '--log-errorsummary=/builds/slave/test/build/blobber_upload_dir/mochitest-devtools-chrome-chunked_errorsummary.log', '--use-test-media-devices', '--screenshot-on-fail', '--cleanup-crashes', '--marionette-startup-timeout=180', '--log-raw=-', '--flavor=browser', '--subsuite=devtools', '--chunk-by-runtime'] with output_timeout 1000
16:56:34     INFO - Checking for orphan ssltunnel processes...
16:56:34     INFO - Checking for orphan xpcshell processes...
16:56:34     INFO - SUITE-START | Running 222 tests
16:56:34     INFO - TEST-START | devtools/client/webaudioeditor/test/browser_audionode-actor-connectparam.js
16:56:34     INFO - TEST-SKIP | devtools/client/webaudioeditor/test/browser_audionode-actor-connectparam.js | took 1ms
16:56:34     INFO - TEST-START | devtools/client/webaudioeditor/test/browser_wa_graph-render-05.js
16:56:34     INFO - TEST-SKIP | devtools/client/webaudioeditor/test/browser_wa_graph-render-05.js | took 0ms
16:56:34     INFO - TEST-START | devtools/client/webaudioeditor/test/browser_wa_properties-view-edit-01.js
16:56:34     INFO - TEST-SKIP | devtools/client/webaudioeditor/test/browser_wa_properties-view-edit-01.js | took 0ms
16:56:34     INFO - TEST-START | devtools/client/webaudioeditor/test/browser_wa_properties-view-edit-02.js
16:56:34     INFO - TEST-SKIP | devtools/client/webaudioeditor/test/browser_wa_properties-view-edit-02.js | took 0ms
16:56:34     INFO -  dir: devtools/client/inspector/rules/test
16:56:36     INFO -  ImportError: No module named pygtk
16:56:37     INFO -  Setting pipeline to PAUSED ...
16:56:37     INFO -  libv4l2: error getting pixformat: Invalid argument
16:56:37     INFO -  Pipeline is PREROLLING ...
16:56:37     INFO -  Pipeline is PREROLLED ...
16:56:37     INFO -  Setting pipeline to PLAYING ...
16:56:37     INFO -  New clock: GstSystemClock
16:56:37     INFO -  Got EOS from element "pipeline0".
16:56:37     INFO -  Execution ended after 32291194 ns.
16:56:37     INFO -  Setting pipeline to PAUSED ...
16:56:37     INFO -  Setting pipeline to READY ...
16:56:37     INFO -  Setting pipeline to NULL ...
16:56:37     INFO -  Freeing pipeline ...
16:56:37     INFO -  23
16:56:38     INFO -  mozprofile.addons WARNING | Could not install /builds/slave/test/build/tests/mochitest/extensions/mozscreenshots: [Errno 2] No such file or directory: '/builds/slave/test/build/tests/mochitest/extensions/mozscreenshots/install.rdf'
16:56:38     INFO -  pk12util: PKCS12 IMPORT SUCCESSFUL
16:56:38     INFO - MochitestServer : launching [u'/builds/slave/test/build/tests/bin/xpcshell', '-g', '/builds/slave/test/build/application/firefox', '-v', '170', '-f', '/builds/slave/test/build/tests/bin/components/httpd.js', '-e', "const _PROFILE_PATH = '/tmp/tmpOO5TNf.mozrunner'; const _SERVER_PORT = '8888'; const _SERVER_ADDR = '127.0.0.1'; const _TEST_PREFIX = undefined; const _DISPLAY_RESULTS = false;", '-f', '/builds/slave/test/build/tests/mochitest/server.js']
16:56:38     INFO - runtests.py | Server pid: 2453
16:56:38     INFO - runtests.py | Websocket server pid: 2456
16:56:38     INFO - runtests.py | SSL tunnel pid: 2459
16:56:39     INFO - runtests.py | Running with e10s: False
16:56:39     INFO - runtests.py | Running tests: start.
16:56:39     INFO - 
16:56:39     INFO - Application command: /builds/slave/test/build/application/firefox/firefox -marionette -foreground -profile /tmp/tmpOO5TNf.mozrunner
16:56:39     INFO - runtests.py | Application pid: 2481
16:56:39     INFO - TEST-INFO | started process Main app process
16:56:42     INFO - 1528502202116	Marionette	INFO	Listening on port 2828
16:56:46     INFO - *** Start BrowserChrome Test Results ***
16:56:46     INFO - checking window state
16:56:46     INFO - TEST-START | devtools/client/inspector/rules/test/browser_rules_add-property-and-reselect.js
16:56:54     INFO - MEMORY STAT vsizeMaxContiguous not supported in this build configuration.
16:56:54     INFO - MEMORY STAT | vsize 2119MB | residentFast 327MB | heapAllocated 175MB
16:56:54     INFO - TEST-OK | devtools/client/inspector/rules/test/browser_rules_add-property-and-reselect.js | took 7596ms
16:56:54     INFO - checking window state
16:56:54     INFO - TEST-START | devtools/client/inspector/rules/test/browser_rules_add-property-cancel_01.js
16:56:57     INFO - MEMORY STAT | vsize 2124MB | residentFast 352MB | heapAllocated 195MB
16:56:57     INFO - TEST-OK | devtools/client/inspector/rules/test/browser_rules_add-property-cancel_01.js | took 3226ms
16:56:57     INFO - checking window state
16:56:57     INFO - TEST-START | devtools/client/inspector/rules/test/browser_rules_add-property-cancel_02.js
16:57:01     INFO - MEMORY STAT | vsize 2159MB | residentFast 365MB | heapAllocated 189MB
16:57:01     INFO - TEST-OK | devtools/client/inspector/rules/test/browser_rules_add-property-cancel_02.js | took 3782ms
16:57:01     INFO - checking window state
16:57:01     INFO - TEST-START | devtools/client/inspector/rules/test/browser_rules_add-property-cancel_03.js
16:57:05     INFO - MEMORY STAT | vsize 2159MB | residentFast 351MB | heapAllocated 173MB
16:57:05     INFO - TEST-OK | devtools/client/inspector/rules/test/browser_rules_add-property-cancel_03.js | took 3808ms
16:57:05     INFO - checking window state
16:57:05     INFO - TEST-START | devtools/client/inspector/rules/test/browser_rules_add-property-commented.js
16:57:10     INFO - MEMORY STAT | vsize 2154MB | residentFast 339MB | heapAllocated 172MB
16:57:10     INFO - TEST-OK | devtools/client/inspector/rules/test/browser_rules_add-property-commented.js | took 4626ms
16:57:10     INFO - checking window state
16:57:10     INFO - TEST-START | devtools/client/inspector/rules/test/browser_rules_add-property-svg.js
16:57:12     INFO - console.error:
16:57:12     INFO -   Error writing response to: getUniqueSelector
16:57:12     INFO - console.error:
16:57:12     INFO -   Message: Error: undefined passed where a value is required
16:57:12     INFO -   Stack:
16:57:12     INFO -     identityWrite@resource://gre/modules/commonjs/toolkit/loader.js -> resource://devtools/shared/protocol.js:109:11
16:57:12     INFO - RetVal<.write@resource://gre/modules/commonjs/toolkit/loader.js -> resource://devtools/shared/protocol.js:528:12
16:57:12     INFO - Response<.write/<@resource://gre/modules/commonjs/toolkit/loader.js -> resource://devtools/shared/protocol.js:681:16
16:57:12     INFO - Response<.write@resource://gre/modules/commonjs/toolkit/loader.js -> resource://devtools/shared/protocol.js:679:23
16:57:12     INFO - generateRequestHandlers/</handler/sendReturn@resource://gre/modules/commonjs/toolkit/loader.js -> resource://devtools/shared/protocol.js:1052:24
16:57:12     INFO - Handler.prototype.process@resource://gre/modules/Promise.jsm -> resource://gre/modules/Promise-backend.js:932:23
16:57:12     INFO - this.PromiseWalker.walkerLoop@resource://gre/modules/Promise.jsm -> resource://gre/modules/Promise-backend.js:813:7
16:57:12     INFO - this.PromiseWalker.scheduleWalkerLoop/<@resource://gre/modules/Promise.jsm -> resource://gre/modules/Promise-backend.js:747:11
16:57:12     INFO - identityWrite@resource://gre/modules/commonjs/toolkit/loader.js -> resource://devtools/shared/protocol.js:109:11
16:57:12     INFO - RetVal<.write@resource://gre/modules/commonjs/toolkit/loader.js -> resource://devtools/shared/protocol.js:528:12
16:57:12     INFO - Response<.write/<@resource://gre/modules/commonjs/toolkit/loader.js -> resource://devtools/shared/protocol.js:681:16
16:57:12     INFO - Response<.write@resource://gre/modules/commonjs/toolkit/loader.js -> resource://devtools/shared/protocol.js:679:23
16:57:12     INFO - generateRequestHandlers/</handler/sendReturn@resource://gre/modules/commonjs/toolkit/loader.js -> resource://devtools/shared/protocol.js:1052:24
16:57:12     INFO - Handler.prototype.process@resource://gre/modules/Promise.jsm -> resource://gre/modules/Promise-backend.js:932:23
16:57:12     INFO - this.PromiseWalker.walkerLoop@resource://gre/modules/Promise.jsm -> resource://gre/modules/Promise-backend.js:813:7
16:57:12     INFO - this.PromiseWalker.scheduleWalkerLoop/<@resource://gre/modules/Promise.jsm -> resource://gre/modules/Promise-backend.js:747:11
16:57:14     INFO - MEMORY STAT | vsize 2172MB | residentFast 358MB | heapAllocated 185MB
16:57:14     INFO - TEST-OK | devtools/client/inspector/rules/test/browser_rules_add-property-svg.js | took 3810ms
16:57:14     INFO - checking window state
16:57:14     INFO - TEST-START | devtools/client/inspector/rules/test/browser_rules_add-property_01.js
16:57:18     INFO - MEMORY STAT | vsize 2178MB | residentFast 365MB | heapAllocated 179MB
16:57:18     INFO - TEST-OK | devtools/client/inspector/rules/test/browser_rules_add-property_01.js | took 4466ms
16:57:18     INFO - checking window state
16:57:19     INFO - TEST-START | devtools/client/inspector/rules/test/browser_rules_add-property_02.js
16:57:22     INFO - MEMORY STAT | vsize 2180MB | residentFast 379MB | heapAllocated 195MB
16:57:22     INFO - TEST-OK | devtools/client/inspector/rules/test/browser_rules_add-property_02.js | took 3744ms
16:57:22     INFO - checking window state
16:57:22     INFO - TEST-START | devtools/client/inspector/rules/test/browser_rules_add-rule-and-property.js
16:57:26     INFO - MEMORY STAT | vsize 2183MB | residentFast 386MB | heapAllocated 195MB
16:57:26     INFO - TEST-OK | devtools/client/inspector/rules/test/browser_rules_add-rule-and-property.js | took 3574ms
16:57:26     INFO - checking window state
16:57:26     INFO - TEST-START | devtools/client/inspector/rules/test/browser_rules_add-rule-button-state.js
16:57:29     INFO - console.error:
16:57:29     INFO -   Got an addition of an actor we didn't know about: server1.conn9.child1/domnode39
16:57:30     INFO - MEMORY STAT | vsize 2178MB | residentFast 385MB | heapAllocated 198MB
16:57:30     INFO - TEST-OK | devtools/client/inspector/rules/test/browser_rules_add-rule-button-state.js | took 3848ms
16:57:30     INFO - checking window state
16:57:30     INFO - TEST-START | devtools/client/inspector/rules/test/browser_rules_add-rule-edit-selector.js
16:57:34     INFO - MEMORY STAT | vsize 2188MB | residentFast 389MB | heapAllocated 196MB
16:57:34     INFO - TEST-OK | devtools/client/inspector/rules/test/browser_rules_add-rule-edit-selector.js | took 3806ms
16:57:34     INFO - checking window state
16:57:34     INFO - TEST-START | devtools/client/inspector/rules/test/browser_rules_add-rule-iframes.js
16:57:40     INFO - MEMORY STAT | vsize 2187MB | residentFast 376MB | heapAllocated 183MB
16:57:40     INFO - TEST-OK | devtools/client/inspector/rules/test/browser_rules_add-rule-iframes.js | took 6128ms
16:57:40     INFO - checking window state
16:57:40     INFO - TEST-START | devtools/client/inspector/rules/test/browser_rules_add-rule-namespace-elements.js
16:57:46     INFO - MEMORY STAT | vsize 2191MB | residentFast 326MB | heapAllocated 153MB
16:57:46     INFO - TEST-OK | devtools/client/inspector/rules/test/browser_rules_add-rule-namespace-elements.js | took 5974ms
16:57:47     INFO - checking window state
16:57:47     INFO - TEST-START | devtools/client/inspector/rules/test/browser_rules_add-rule-pseudo-class.js
16:57:54     INFO - MEMORY STAT | vsize 2192MB | residentFast 313MB | heapAllocated 148MB
16:57:54     INFO - TEST-OK | devtools/client/inspector/rules/test/browser_rules_add-rule-pseudo-class.js | took 7702ms
16:57:54     INFO - checking window state
16:57:54     INFO - TEST-START | devtools/client/inspector/rules/test/browser_rules_add-rule-then-property-edit-selector.js
16:57:59     INFO - MEMORY STAT | vsize 2198MB | residentFast 336MB | heapAllocated 168MB
16:57:59     INFO - TEST-OK | devtools/client/inspector/rules/test/browser_rules_add-rule-then-property-edit-selector.js | took 4376ms
16:57:59     INFO - checking window state
16:57:59     INFO - TEST-START | devtools/client/inspector/rules/test/browser_rules_add-rule-with-menu.js
16:58:03     INFO - MEMORY STAT | vsize 2272MB | residentFast 337MB | heapAllocated 163MB
16:58:03     INFO - TEST-OK | devtools/client/inspector/rules/test/browser_rules_add-rule-with-menu.js | took 3746ms
16:58:03     INFO - checking window state
16:58:03     INFO - TEST-START | devtools/client/inspector/rules/test/browser_rules_add-rule.js
16:58:09     INFO - MEMORY STAT | vsize 2272MB | residentFast 354MB | heapAllocated 176MB
16:58:09     INFO - TEST-OK | devtools/client/inspector/rules/test/browser_rules_add-rule.js | took 6288ms
16:58:09     INFO - checking window state
16:58:09     INFO - TEST-START | devtools/client/inspector/rules/test/browser_rules_authored.js
16:58:13     INFO - MEMORY STAT | vsize 2261MB | residentFast 345MB | heapAllocated 168MB
16:58:13     INFO - TEST-OK | devtools/client/inspector/rules/test/browser_rules_authored.js | took 4044ms
16:58:13     INFO - checking window state
16:58:13     INFO - TEST-START | devtools/client/inspector/rules/test/browser_rules_authored_color.js
16:58:19     INFO - MEMORY STAT | vsize 2312MB | residentFast 346MB | heapAllocated 152MB
16:58:19     INFO - TEST-OK | devtools/client/inspector/rules/test/browser_rules_authored_color.js | took 5222ms
16:58:19     INFO - checking window state
16:58:19     INFO - TEST-START | devtools/client/inspector/rules/test/browser_rules_authored_override.js
16:58:22     INFO - MEMORY STAT | vsize 2312MB | residentFast 362MB | heapAllocated 173MB
16:58:22     INFO - TEST-OK | devtools/client/inspector/rules/test/browser_rules_authored_override.js | took 3190ms
16:58:22     INFO - checking window state
16:58:22     INFO - TEST-START | devtools/client/inspector/rules/test/browser_rules_blob_stylesheet.js
16:58:27     INFO - MEMORY STAT | vsize 2303MB | residentFast 342MB | heapAllocated 162MB
16:58:27     INFO - TEST-OK | devtools/client/inspector/rules/test/browser_rules_blob_stylesheet.js | took 4536ms
16:58:27     INFO - checking window state
16:58:27     INFO - TEST-START | devtools/client/inspector/rules/test/browser_rules_colorUnit.js
16:58:36     INFO - MEMORY STAT | vsize 2300MB | residentFast 312MB | heapAllocated 146MB
16:58:36     INFO - TEST-OK | devtools/client/inspector/rules/test/browser_rules_colorUnit.js | took 8938ms
16:58:36     INFO - checking window state
16:58:36     INFO - TEST-START | devtools/client/inspector/rules/test/browser_rules_colorpicker-and-image-tooltip_01.js
16:58:40     INFO - MEMORY STAT | vsize 2312MB | residentFast 334MB | heapAllocated 165MB
16:58:40     INFO - TEST-OK | devtools/client/inspector/rules/test/browser_rules_colorpicker-and-image-tooltip_01.js | took 3678ms
16:58:40     INFO - checking window state
16:58:40     INFO - TEST-START | devtools/client/inspector/rules/test/browser_rules_colorpicker-and-image-tooltip_02.js
16:58:44     INFO - MEMORY STAT | vsize 2302MB | residentFast 336MB | heapAllocated 170MB
16:58:44     INFO - TEST-OK | devtools/client/inspector/rules/test/browser_rules_colorpicker-and-image-tooltip_02.js | took 4412ms
16:58:44     INFO - checking window state
16:58:44     INFO - TEST-START | devtools/client/inspector/rules/test/browser_rules_colorpicker-appears-on-swatch-click.js
16:58:47     INFO - [2481] WARNING: gtk_window_resize: assertion `height > 0' failed: 'glib warning', file /builds/slave/m-esr52-l64-000000000000000000/build/src/toolkit/xre/nsSigHandlers.cpp, line 142
16:58:47     INFO - (firefox:2481): Gtk-CRITICAL **: gtk_window_resize: assertion `height > 0' failed
16:58:48     INFO - MEMORY STAT | vsize 2312MB | residentFast 340MB | heapAllocated 170MB
16:58:48     INFO - TEST-OK | devtools/client/inspector/rules/test/browser_rules_colorpicker-appears-on-swatch-click.js | took 3376ms
16:58:48     INFO - checking window state
16:58:48     INFO - TEST-START | devtools/client/inspector/rules/test/browser_rules_colorpicker-commit-on-ENTER.js
16:58:52     INFO - MEMORY STAT | vsize 2312MB | residentFast 349MB | heapAllocated 173MB
16:58:52     INFO - TEST-OK | devtools/client/inspector/rules/test/browser_rules_colorpicker-commit-on-ENTER.js | took 3804ms
16:58:52     INFO - checking window state
16:58:52     INFO - TEST-START | devtools/client/inspector/rules/test/browser_rules_colorpicker-edit-gradient.js
16:58:55     INFO - MEMORY STAT | vsize 2312MB | residentFast 360MB | heapAllocated 186MB
16:58:55     INFO - TEST-OK | devtools/client/inspector/rules/test/browser_rules_colorpicker-edit-gradient.js | took 2892ms
16:58:55     INFO - checking window state
16:58:55     INFO - TEST-START | devtools/client/inspector/rules/test/browser_rules_colorpicker-hides-on-tooltip.js
16:58:59     INFO - MEMORY STAT | vsize 2306MB | residentFast 361MB | heapAllocated 175MB
16:58:59     INFO - TEST-OK | devtools/client/inspector/rules/test/browser_rules_colorpicker-hides-on-tooltip.js | took 3862ms
16:58:59     INFO - checking window state
16:58:59     INFO - TEST-START | devtools/client/inspector/rules/test/browser_rules_colorpicker-multiple-changes.js
16:59:03     INFO - [2481] WARNING: gtk_window_resize: assertion `height > 0' failed: 'glib warning', file /builds/slave/m-esr52-l64-000000000000000000/build/src/toolkit/xre/nsSigHandlers.cpp, line 142
16:59:03     INFO - (firefox:2481): Gtk-CRITICAL **: gtk_window_resize: assertion `height > 0' failed
16:59:03     INFO - [2481] WARNING: gtk_window_resize: assertion `height > 0' failed: 'glib warning', file /builds/slave/m-esr52-l64-000000000000000000/build/src/toolkit/xre/nsSigHandlers.cpp, line 142
16:59:03     INFO - (firefox:2481): Gtk-CRITICAL **: gtk_window_resize: assertion `height > 0' failed
16:59:04     INFO - MEMORY STAT | vsize 2312MB | residentFast 382MB | heapAllocated 196MB
16:59:04     INFO - TEST-OK | devtools/client/inspector/rules/test/browser_rules_colorpicker-multiple-changes.js | took 5000ms
16:59:04     INFO - checking window state
16:59:04     INFO - TEST-START | devtools/client/inspector/rules/test/browser_rules_colorpicker-release-outside-frame.js
16:59:08     INFO - MEMORY STAT | vsize 2312MB | residentFast 391MB | heapAllocated 197MB
16:59:08     INFO - TEST-OK | devtools/client/inspector/rules/test/browser_rules_colorpicker-release-outside-frame.js | took 3550ms
16:59:08     INFO - checking window state
16:59:08     INFO - TEST-START | devtools/client/inspector/rules/test/browser_rules_colorpicker-revert-on-ESC.js
16:59:12     INFO - Getting the value for property name background-color in sheet 0 and rule 0
16:59:12     INFO - Getting the value for property name background-color in sheet 0 and rule 0
16:59:12     INFO - MEMORY STAT | vsize 2304MB | residentFast 393MB | heapAllocated 201MB
16:59:12     INFO - TEST-OK | devtools/client/inspector/rules/test/browser_rules_colorpicker-revert-on-ESC.js | took 4328ms
16:59:12     INFO - checking window state
16:59:12     INFO - TEST-START | devtools/client/inspector/rules/test/browser_rules_colorpicker-swatch-displayed.js
16:59:16     INFO - MEMORY STAT | vsize 2312MB | residentFast 383MB | heapAllocated 186MB
16:59:16     INFO - TEST-OK | devtools/client/inspector/rules/test/browser_rules_colorpicker-swatch-displayed.js | took 3340ms
16:59:16     INFO - checking window state
16:59:16     INFO - TEST-START | devtools/client/inspector/rules/test/browser_rules_completion-existing-property_01.js
16:59:26     INFO - MEMORY STAT | vsize 2312MB | residentFast 351MB | heapAllocated 168MB
16:59:26     INFO - TEST-OK | devtools/client/inspector/rules/test/browser_rules_completion-existing-property_01.js | took 9926ms
16:59:26     INFO - checking window state
16:59:26     INFO - TEST-START | devtools/client/inspector/rules/test/browser_rules_completion-existing-property_02.js
16:59:35     INFO - MEMORY STAT | vsize 2312MB | residentFast 326MB | heapAllocated 153MB
16:59:35     INFO - TEST-OK | devtools/client/inspector/rules/test/browser_rules_completion-existing-property_02.js | took 9078ms
16:59:35     INFO - checking window state
16:59:35     INFO - TEST-START | devtools/client/inspector/rules/test/browser_rules_completion-new-property_01.js
16:59:41     INFO - MEMORY STAT | vsize 2312MB | residentFast 352MB | heapAllocated 179MB
16:59:41     INFO - TEST-OK | devtools/client/inspector/rules/test/browser_rules_completion-new-property_01.js | took 6100ms
16:59:41     INFO - checking window state
16:59:41     INFO - TEST-START | devtools/client/inspector/rules/test/browser_rules_completion-new-property_02.js
16:59:51     INFO - MEMORY STAT | vsize 2328MB | residentFast 359MB | heapAllocated 183MB
16:59:51     INFO - TEST-OK | devtools/client/inspector/rules/test/browser_rules_completion-new-property_02.js | took 9694ms
16:59:51     INFO - checking window state
16:59:51     INFO - TEST-START | devtools/client/inspector/rules/test/browser_rules_completion-new-property_03.js
16:59:56     INFO - MEMORY STAT | vsize 2318MB | residentFast 353MB | heapAllocated 172MB
16:59:56     INFO - TEST-OK | devtools/client/inspector/rules/test/browser_rules_completion-new-property_03.js | took 4988ms
16:59:56     INFO - checking window state
16:59:56     INFO - TEST-START | devtools/client/inspector/rules/test/browser_rules_completion-new-property_04.js
17:00:01     INFO - MEMORY STAT | vsize 2328MB | residentFast 360MB | heapAllocated 176MB
17:00:01     INFO - TEST-OK | devtools/client/inspector/rules/test/browser_rules_completion-new-property_04.js | took 4912ms
17:00:01     INFO - checking window state
17:00:02     INFO - TEST-START | devtools/client/inspector/rules/test/browser_rules_completion-new-property_multiline.js
17:00:07     INFO - MEMORY STAT | vsize 2318MB | residentFast 352MB | heapAllocated 181MB
17:00:07     INFO - TEST-OK | devtools/client/inspector/rules/test/browser_rules_completion-new-property_multiline.js | took 5474ms
17:00:07     INFO - checking window state
17:00:07     INFO - TEST-START | devtools/client/inspector/rules/test/browser_rules_completion-popup-hidden-after-navigation.js
17:00:11     INFO - MEMORY STAT | vsize 2328MB | residentFast 359MB | heapAllocated 183MB
17:00:11     INFO - TEST-OK | devtools/client/inspector/rules/test/browser_rules_completion-popup-hidden-after-navigation.js | took 4230ms
17:00:12     INFO - checking window state
17:00:12     INFO - TEST-START | devtools/client/inspector/rules/test/browser_rules_computed-lists_01.js
17:00:16     INFO - MEMORY STAT | vsize 2315MB | residentFast 350MB | heapAllocated 175MB
17:00:16     INFO - TEST-OK | devtools/client/inspector/rules/test/browser_rules_computed-lists_01.js | took 4296ms
17:00:16     INFO - checking window state
17:00:16     INFO - TEST-START | devtools/client/inspector/rules/test/browser_rules_computed-lists_02.js
17:00:19     INFO - MEMORY STAT | vsize 2327MB | residentFast 362MB | heapAllocated 185MB
17:00:19     INFO - TEST-OK | devtools/client/inspector/rules/test/browser_rules_computed-lists_02.js | took 3230ms
17:00:19     INFO - checking window state
17:00:20     INFO - TEST-START | devtools/client/inspector/rules/test/browser_rules_content_01.js
17:00:24     INFO - MEMORY STAT | vsize 2315MB | residentFast 347MB | heapAllocated 174MB
17:00:24     INFO - TEST-OK | devtools/client/inspector/rules/test/browser_rules_content_01.js | took 4654ms
17:00:24     INFO - checking window state
17:00:24     INFO - TEST-START | devtools/client/inspector/rules/test/browser_rules_content_02.js
17:00:29     INFO - MEMORY STAT | vsize 2328MB | residentFast 355MB | heapAllocated 178MB
17:00:29     INFO - TEST-OK | devtools/client/inspector/rules/test/browser_rules_content_02.js | took 4648ms
17:00:29     INFO - checking window state
17:00:29     INFO - TEST-START | devtools/client/inspector/rules/test/browser_rules_context-menu-show-mdn-docs-01.js
17:00:34     INFO - MEMORY STAT | vsize 2328MB | residentFast 346MB | heapAllocated 175MB
17:00:34     INFO - TEST-OK | devtools/client/inspector/rules/test/browser_rules_context-menu-show-mdn-docs-01.js | took 4950ms
17:00:34     INFO - checking window state
17:00:34     INFO - TEST-START | devtools/client/inspector/rules/test/browser_rules_context-menu-show-mdn-docs-02.js
17:00:38     INFO - MEMORY STAT | vsize 2328MB | residentFast 345MB | heapAllocated 168MB
17:00:38     INFO - TEST-OK | devtools/client/inspector/rules/test/browser_rules_context-menu-show-mdn-docs-02.js | took 3616ms
17:00:38     INFO - checking window state
17:00:38     INFO - TEST-START | devtools/client/inspector/rules/test/browser_rules_context-menu-show-mdn-docs-03.js
17:00:45     INFO - MEMORY STAT | vsize 2328MB | residentFast 359MB | heapAllocated 181MB
17:00:45     INFO - TEST-OK | devtools/client/inspector/rules/test/browser_rules_context-menu-show-mdn-docs-03.js | took 6600ms
17:00:45     INFO - checking window state
17:00:45     INFO - TEST-START | devtools/client/inspector/rules/test/browser_rules_cssom.js
17:00:49     INFO - MEMORY STAT | vsize 2318MB | residentFast 351MB | heapAllocated 167MB
17:00:49     INFO - TEST-OK | devtools/client/inspector/rules/test/browser_rules_cssom.js | took 4226ms
17:00:49     INFO - checking window state
17:00:49     INFO - TEST-START | devtools/client/inspector/rules/test/browser_rules_cubicbezier-appears-on-swatch-click.js
17:00:53     INFO - [2481] WARNING: gtk_window_resize: assertion `height > 0' failed: 'glib warning', file /builds/slave/m-esr52-l64-000000000000000000/build/src/toolkit/xre/nsSigHandlers.cpp, line 142
17:00:53     INFO - (firefox:2481): Gtk-CRITICAL **: gtk_window_resize: assertion `height > 0' failed
17:00:53     INFO - MEMORY STAT | vsize 2320MB | residentFast 367MB | heapAllocated 185MB
17:00:53     INFO - TEST-OK | devtools/client/inspector/rules/test/browser_rules_cubicbezier-appears-on-swatch-click.js | took 3930ms
17:00:53     INFO - checking window state
17:00:53     INFO - TEST-START | devtools/client/inspector/rules/test/browser_rules_cubicbezier-commit-on-ENTER.js
17:00:57     INFO - MEMORY STAT | vsize 2317MB | residentFast 344MB | heapAllocated 167MB
17:00:57     INFO - TEST-OK | devtools/client/inspector/rules/test/browser_rules_cubicbezier-commit-on-ENTER.js | took 3994ms
17:00:58     INFO - checking window state
17:00:58     INFO - TEST-START | devtools/client/inspector/rules/test/browser_rules_cubicbezier-revert-on-ESC.js
17:01:01     INFO - Getting the value for property name animation-timing-function in sheet 0 and rule 0
17:01:01     INFO - Getting the value for property name animation-timing-function in sheet 0 and rule 0
17:01:01     INFO - MEMORY STAT | vsize 2320MB | residentFast 360MB | heapAllocated 186MB
17:01:01     INFO - TEST-OK | devtools/client/inspector/rules/test/browser_rules_cubicbezier-revert-on-ESC.js | took 3664ms
17:01:01     INFO - checking window state
17:01:01     INFO - TEST-START | devtools/client/inspector/rules/test/browser_rules_custom.js
17:01:07     INFO - MEMORY STAT | vsize 2322MB | residentFast 347MB | heapAllocated 170MB
17:01:07     INFO - TEST-OK | devtools/client/inspector/rules/test/browser_rules_custom.js | took 5430ms
17:01:07     INFO - checking window state
17:01:07     INFO - TEST-START | devtools/client/inspector/rules/test/browser_rules_cycle-angle.js
17:01:11     INFO - MEMORY STAT | vsize 2328MB | residentFast 363MB | heapAllocated 186MB
17:01:11     INFO - TEST-OK | devtools/client/inspector/rules/test/browser_rules_cycle-angle.js | took 3854ms
17:01:11     INFO - checking window state
17:01:11     INFO - TEST-START | devtools/client/inspector/rules/test/browser_rules_cycle-color.js
17:01:18     INFO - MEMORY STAT | vsize 2320MB | residentFast 357MB | heapAllocated 185MB
17:01:18     INFO - TEST-OK | devtools/client/inspector/rules/test/browser_rules_cycle-color.js | took 6370ms
17:01:18     INFO - checking window state
17:01:18     INFO - TEST-START | devtools/client/inspector/rules/test/browser_rules_edit-display-grid-property.js
17:01:22     INFO - MEMORY STAT | vsize 2327MB | residentFast 352MB | heapAllocated 179MB
17:01:22     INFO - TEST-OK | devtools/client/inspector/rules/test/browser_rules_edit-display-grid-property.js | took 4014ms
17:01:22     INFO - checking window state
17:01:22     INFO - TEST-START | devtools/client/inspector/rules/test/browser_rules_edit-property-cancel.js
17:01:26     INFO - MEMORY STAT | vsize 2319MB | residentFast 357MB | heapAllocated 186MB
17:01:26     INFO - TEST-OK | devtools/client/inspector/rules/test/browser_rules_edit-property-cancel.js | took 4280ms
17:01:26     INFO - checking window state
17:01:26     INFO - TEST-START | devtools/client/inspector/rules/test/browser_rules_edit-property-click.js
17:01:30     INFO - MEMORY STAT | vsize 2327MB | residentFast 353MB | heapAllocated 178MB
17:01:30     INFO - TEST-OK | devtools/client/inspector/rules/test/browser_rules_edit-property-click.js | took 3744ms
17:01:30     INFO - checking window state
17:01:30     INFO - TEST-START | devtools/client/inspector/rules/test/browser_rules_edit-property-commit.js
17:01:36     INFO - MEMORY STAT | vsize 2319MB | residentFast 348MB | heapAllocated 175MB
17:01:36     INFO - TEST-OK | devtools/client/inspector/rules/test/browser_rules_edit-property-commit.js | took 5882ms
17:01:36     INFO - checking window state
17:01:36     INFO - TEST-START | devtools/client/inspector/rules/test/browser_rules_edit-property-computed.js
17:01:41     INFO - MEMORY STAT | vsize 2319MB | residentFast 333MB | heapAllocated 158MB
17:01:41     INFO - TEST-OK | devtools/client/inspector/rules/test/browser_rules_edit-property-computed.js | took 4550ms
17:01:41     INFO - checking window state
17:01:41     INFO - TEST-START | devtools/client/inspector/rules/test/browser_rules_edit-property-increments.js
17:01:52     INFO - MEMORY STAT | vsize 2327MB | residentFast 352MB | heapAllocated 182MB
17:01:52     INFO - TEST-OK | devtools/client/inspector/rules/test/browser_rules_edit-property-increments.js | took 10606ms
17:01:52     INFO - checking window state
17:01:52     INFO - TEST-START | devtools/client/inspector/rules/test/browser_rules_edit-property-order.js
17:01:58     INFO - MEMORY STAT | vsize 2313MB | residentFast 350MB | heapAllocated 170MB
17:01:58     INFO - TEST-OK | devtools/client/inspector/rules/test/browser_rules_edit-property-order.js | took 6780ms
17:01:59     INFO - checking window state
17:01:59     INFO - TEST-START | devtools/client/inspector/rules/test/browser_rules_edit-property-remove_01.js

command interrupted, attempting to kill

command interrupted, attempting to kill
process killed by signal 9
program finished with exit code -1
elapsedTime=565.910080
The web-page 'stop build' button was pressed by 'rvandermeulen@mozilla.com': Cancelled via self-serve
The web-page 'stop build' button was pressed by 'rvandermeulen@mozilla.com': Cancelled via self-serve
========= master_lag: 0.04 =========
========= Finished '/tools/buildbot/bin/python scripts/scripts/desktop_unittest.py ...' interrupted (results: 4, elapsed: 9 mins, 25 secs) (at 2018-06-08 17:02:01.053947) =========

========= Started set props: build_url (results: 0, elapsed: 0 secs) (at 2018-06-08 17:02:01.054994) =========
bash -c 'for file in `ls -1`; do cat $file; done'
 in dir /builds/slave/test/properties (timeout 1200 secs)
 watching logfiles {}
 argv: ['bash', '-c', 'for file in `ls -1`; do cat $file; done']
 environment:
  HOME=/home/cltbld
  LANG=en_US.UTF-8
  LOGNAME=cltbld
  MAIL=/var/mail/cltbld
  NODE_PATH=/usr/lib/nodejs:/usr/lib/node_modules:/usr/share/javascript
  PATH=/usr/local/bin:/usr/local/bin:/usr/bin:/bin:/usr/local/games:/usr/games
  PWD=/builds/slave/test/properties
  SHELL=/bin/bash
  SHLVL=1
  TERM=linux
  TMOUT=86400
  USER=cltbld
  XDG_SESSION_COOKIE=9ca12473fbb1d023794ffd180000023c-1528501951.856766-1829740940
  _=/tools/buildbot/bin/python
 using PTY: False
build_url:https://queue.taskcluster.net/v1/task/I1iAdq48Sa60c5BCPWswkg/artifacts/public/build/firefox-52.8.2.en-US.linux-x86_64.tar.bz2
program finished with exit code 0
elapsedTime=0.076281
build_url: 'https://queue.taskcluster.net/v1/task/I1iAdq48Sa60c5BCPWswkg/artifacts/public/build/firefox-52.8.2.en-US.linux-x86_64.tar.bz2'
========= master_lag: 0.02 =========
========= Finished set props: build_url (results: 0, elapsed: 0 secs) (at 2018-06-08 17:02:01.153380) =========

========= Started 'rm -f ...' (results: 0, elapsed: 0 secs) (at 2018-06-08 17:02:01.153903) =========
rm -f oauth.txt
 in dir /builds/slave/test/. (timeout 1200 secs)
 watching logfiles {}
 argv: ['rm', '-f', 'oauth.txt']
 environment:
  HOME=/home/cltbld
  LANG=en_US.UTF-8
  LOGNAME=cltbld
  MAIL=/var/mail/cltbld
  NODE_PATH=/usr/lib/nodejs:/usr/lib/node_modules:/usr/share/javascript
  PATH=/usr/local/bin:/usr/local/bin:/usr/bin:/bin:/usr/local/games:/usr/games
  PWD=/builds/slave/test
  SHELL=/bin/bash
  SHLVL=1
  TERM=linux
  TMOUT=86400
  USER=cltbld
  XDG_SESSION_COOKIE=9ca12473fbb1d023794ffd180000023c-1528501951.856766-1829740940
  _=/tools/buildbot/bin/python
 using PTY: False
program finished with exit code 0
elapsedTime=0.050073
========= master_lag: 0.04 =========
========= Finished 'rm -f ...' (results: 0, elapsed: 0 secs) (at 2018-06-08 17:02:01.242250) =========

========= Started reboot skipped (results: 3, elapsed: 0 secs) (at 2018-06-08 17:02:01.242586) =========
========= Finished reboot skipped (results: 3, elapsed: 0 secs) (at 2018-06-08 17:02:01.242842) =========

========= Total master_lag: 0.17 =========

