builder: mozilla-esr52_ubuntu64_vm_test_pgo-mochitest-e10s-browser-chrome-1
slave: tst-linux64-spot-322
starttime: 1528501933.66
results: cancelled (6)
buildid: 20180608150819
builduid: b298b373e93d4f8dbf92436c9ed838a2
revision: cbfdf01aac455e0591471201c96b89dee98190b5

========= Started set props: master (results: 0, elapsed: 0 secs) (at 2018-06-08 16:52:13.663345) =========
master: http://buildbot-master53.bb.releng.usw2.mozilla.com:8201/
========= Finished set props: master (results: 0, elapsed: 0 secs) (at 2018-06-08 16:52:13.664127) =========

========= Started downloading to buildprops.json (results: 0, elapsed: 0 secs) (at 2018-06-08 16:52:13.664420) =========
========= Finished downloading to buildprops.json (results: 0, elapsed: 0 secs) (at 2018-06-08 16:52:13.681027) =========

========= Started 'bash -c ...' (results: 0, elapsed: 0 secs) (at 2018-06-08 16:52:13.681294) =========
bash -c 'wget -Oarchiver_client.py --no-check-certificate --tries=10 --waitretry=3 https://hg.mozilla.org/build/tools/raw-file/default/buildfarm/utils/archiver_client.py'
 in dir /builds/slave/test/. (timeout 1200 secs)
 watching logfiles {}
 argv: ['bash', '-c', 'wget -Oarchiver_client.py --no-check-certificate --tries=10 --waitretry=3 https://hg.mozilla.org/build/tools/raw-file/default/buildfarm/utils/archiver_client.py']
 environment:
  HOME=/home/cltbld
  LANG=en_US.UTF-8
  LOGNAME=cltbld
  MAIL=/var/mail/cltbld
  NODE_PATH=/usr/lib/nodejs:/usr/lib/node_modules:/usr/share/javascript
  PATH=/usr/local/bin:/usr/local/bin:/usr/bin:/bin:/usr/local/games:/usr/games
  PWD=/builds/slave/test
  SHELL=/bin/bash
  SHLVL=1
  TERM=linux
  TMOUT=86400
  USER=cltbld
  XDG_SESSION_COOKIE=9ca12473fbb1d023794ffd180000023c-1528501932.352285-1229103633
  _=/tools/buildbot/bin/python
 using PTY: False
--2018-06-08 16:52:13--  https://hg.mozilla.org/build/tools/raw-file/default/buildfarm/utils/archiver_client.py
Resolving hg.mozilla.org (hg.mozilla.org)... 63.245.215.102, 63.245.215.25
Connecting to hg.mozilla.org (hg.mozilla.org)|63.245.215.102|:443... connected.
HTTP request sent, awaiting response... 200 Script output follows
Length: 12179 (12K) [text/x-python]
Saving to: `archiver_client.py'

     0K .......... .                                          100% 7.50M=0.002s

2018-06-08 16:52:13 (7.50 MB/s) - `archiver_client.py' saved [12179/12179]

program finished with exit code 0
elapsedTime=0.262475
========= master_lag: 0.05 =========
========= Finished 'bash -c ...' (results: 0, elapsed: 0 secs) (at 2018-06-08 16:52:13.993569) =========

========= Started 'rm -rf ...' (results: 0, elapsed: 0 secs) (at 2018-06-08 16:52:13.993892) =========
rm -rf scripts properties
 in dir /builds/slave/test/. (timeout 1200 secs)
 watching logfiles {}
 argv: ['rm', '-rf', 'scripts', 'properties']
 environment:
  HOME=/home/cltbld
  LANG=en_US.UTF-8
  LOGNAME=cltbld
  MAIL=/var/mail/cltbld
  NODE_PATH=/usr/lib/nodejs:/usr/lib/node_modules:/usr/share/javascript
  PATH=/usr/local/bin:/usr/local/bin:/usr/bin:/bin:/usr/local/games:/usr/games
  PWD=/builds/slave/test
  SHELL=/bin/bash
  SHLVL=1
  TERM=linux
  TMOUT=86400
  USER=cltbld
  XDG_SESSION_COOKIE=9ca12473fbb1d023794ffd180000023c-1528501932.352285-1229103633
  _=/tools/buildbot/bin/python
 using PTY: False
program finished with exit code 0
elapsedTime=0.018356
========= master_lag: 0.01 =========
========= Finished 'rm -rf ...' (results: 0, elapsed: 0 secs) (at 2018-06-08 16:52:14.022109) =========

========= Started 'bash -c ...' (results: 0, elapsed: 0 secs) (at 2018-06-08 16:52:14.022430) =========
bash -c 'python archiver_client.py mozharness --repo releases/mozilla-esr52 --rev cbfdf01aac455e0591471201c96b89dee98190b5 --destination scripts --debug'
 in dir /builds/slave/test/. (timeout 1200 secs)
 watching logfiles {}
 argv: ['bash', '-c', u'python archiver_client.py mozharness --repo releases/mozilla-esr52 --rev cbfdf01aac455e0591471201c96b89dee98190b5 --destination scripts --debug']
 environment:
  HOME=/home/cltbld
  LANG=en_US.UTF-8
  LOGNAME=cltbld
  MAIL=/var/mail/cltbld
  NODE_PATH=/usr/lib/nodejs:/usr/lib/node_modules:/usr/share/javascript
  PATH=/usr/local/bin:/usr/local/bin:/usr/bin:/bin:/usr/local/games:/usr/games
  PWD=/builds/slave/test
  SHELL=/bin/bash
  SHLVL=1
  TERM=linux
  TMOUT=86400
  USER=cltbld
  XDG_SESSION_COOKIE=9ca12473fbb1d023794ffd180000023c-1528501932.352285-1229103633
  _=/tools/buildbot/bin/python
 using PTY: False
2018-06-08 16:52:14,128 truncating revision to first 12 chars
2018-06-08 16:52:14,129 Setting DEBUG logging.
2018-06-08 16:52:14,129 attempt 1/10
2018-06-08 16:52:14,129 Getting archive location from https://api.pub.build.mozilla.org/archiver/hgmo/releases/mozilla-esr52/cbfdf01aac45?&preferred_region=us-west-2&suffix=tar.gz&subdir=testing/mozharness
2018-06-08 16:52:14,552 unpacking tar archive at: mozilla-esr52-cbfdf01aac45/testing/mozharness/
program finished with exit code 0
elapsedTime=0.799468
========= master_lag: 0.01 =========
========= Finished 'bash -c ...' (results: 0, elapsed: 0 secs) (at 2018-06-08 16:52:14.833678) =========

========= Started set props: script_repo_revision (results: 0, elapsed: 0 secs) (at 2018-06-08 16:52:14.834011) =========
script_repo_revision: cbfdf01aac455e0591471201c96b89dee98190b5
========= Finished set props: script_repo_revision (results: 0, elapsed: 0 secs) (at 2018-06-08 16:52:14.834407) =========

========= Started downloading to oauth.txt (results: 0, elapsed: 0 secs) (at 2018-06-08 16:52:14.834713) =========
========= Finished downloading to oauth.txt (results: 0, elapsed: 0 secs) (at 2018-06-08 16:52:14.842656) =========

========= Started '/tools/buildbot/bin/python scripts/scripts/desktop_unittest.py ...' interrupted (results: 4, elapsed: 9 mins, 59 secs) (at 2018-06-08 16:52:14.842935) =========
/tools/buildbot/bin/python scripts/scripts/desktop_unittest.py --cfg unittests/linux_unittest.py --mochitest-suite browser-chrome-chunked --e10s --total-chunks 7 --this-chunk 1 --blob-upload-branch mozilla-esr52 --download-symbols ondemand
 in dir /builds/slave/test/. (timeout 1800 secs) (maxTime 12000 secs)
 watching logfiles {}
 argv: ['/tools/buildbot/bin/python', 'scripts/scripts/desktop_unittest.py', '--cfg', 'unittests/linux_unittest.py', '--mochitest-suite', 'browser-chrome-chunked', '--e10s', '--total-chunks', '7', '--this-chunk', '1', '--blob-upload-branch', 'mozilla-esr52', '--download-symbols', 'ondemand']
 environment:
  CCACHE_DIR=/builds/ccache
  CCACHE_UMASK=002
  DISPLAY=:0
  HOME=/home/cltbld
  LANG=en_US.UTF-8
  LOGNAME=cltbld
  MAIL=/var/mail/cltbld
  MOZ_HIDE_RESULTS_TABLE=1
  MOZ_NODE_PATH=/usr/bin/node
  MOZ_NO_REMOTE=1
  NODE_PATH=/usr/lib/nodejs:/usr/lib/node_modules:/usr/share/javascript
  NO_FAIL_ON_TEST_ERRORS=1
  PATH=/usr/local/bin:/usr/local/bin:/usr/bin:/bin:/usr/local/games:/usr/games
  PROPERTIES_FILE=/builds/slave/test/buildprops.json
  PWD=/builds/slave/test
  SHELL=/bin/bash
  SHLVL=1
  TERM=linux
  TMOUT=86400
  USER=cltbld
  XDG_SESSION_COOKIE=9ca12473fbb1d023794ffd180000023c-1528501932.352285-1229103633
  _=/tools/buildbot/bin/python
 using PTY: False
16:52:15     INFO - MultiFileLogger online at 20180608 16:52:15 in /builds/slave/test
16:52:15     INFO - Run as scripts/scripts/desktop_unittest.py --cfg unittests/linux_unittest.py --mochitest-suite browser-chrome-chunked --e10s --total-chunks 7 --this-chunk 1 --blob-upload-branch mozilla-esr52 --download-symbols ondemand
16:52:15     INFO - Dumping config to /builds/slave/test/logs/localconfig.json.
16:52:15     INFO - {'all_cppunittest_suites': {'cppunittest': {'tests': ('tests/cppunittest',)}},
16:52:15     INFO -  'all_gtest_suites': {'gtest': ()},
16:52:15     INFO -  'all_jittest_suites': {'jittest': (),
16:52:15     INFO -                         'jittest-chunked': (),
16:52:15     INFO -                         'jittest1': ('--total-chunks=2', '--this-chunk=1'),
16:52:15     INFO -                         'jittest2': ('--total-chunks=2', '--this-chunk=2')},
16:52:15     INFO -  'all_mochitest_suites': {'a11y': ('--flavor=a11y',),
16:52:15     INFO -                           'browser-chrome': ('--flavor=browser',),
16:52:15     INFO -                           'browser-chrome-addons': ('--flavor=browser',
16:52:15     INFO -                                                     '--chunk-by-runtime',
16:52:15     INFO -                                                     '--tag=addons'),
16:52:15     INFO -                           'browser-chrome-chunked': ('--flavor=browser',
16:52:15     INFO -                                                      '--chunk-by-runtime'),
16:52:15     INFO -                           'browser-chrome-clipboard': ('--flavor=browser',
16:52:15     INFO -                                                        '--subsuite=clipboard'),
16:52:15     INFO -                           'browser-chrome-coverage': ('--flavor=browser',
16:52:15     INFO -                                                       '--chunk-by-runtime',
16:52:15     INFO -                                                       '--timeout=1200'),
16:52:15     INFO -                           'browser-chrome-gpu': ('--flavor=browser',
16:52:15     INFO -                                                  '--subsuite=gpu'),
16:52:15     INFO -                           'browser-chrome-screenshots': ('--flavor=browser',
16:52:15     INFO -                                                          '--subsuite=screenshots'),
16:52:15     INFO -                           'chrome': ('--flavor=chrome',),
16:52:15     INFO -                           'chrome-chunked': ('--flavor=chrome',
16:52:15     INFO -                                              '--chunk-by-dir=4'),
16:52:15     INFO -                           'chrome-clipboard': ('--flavor=chrome',
16:52:15     INFO -                                                '--subsuite=clipboard'),
16:52:15     INFO -                           'chrome-gpu': ('--flavor=chrome', '--subsuite=gpu'),
16:52:15     INFO -                           'jetpack-addon': ('--flavor=jetpack-addon',),
16:52:15     INFO -                           'jetpack-package': ('--flavor=jetpack-package',),
16:52:15     INFO -                           'jetpack-package-clipboard': ('--flavor=jetpack-package',
16:52:15     INFO -                                                         '--subsuite=clipboard'),
16:52:15     INFO -                           'mochitest-devtools-chrome': ('--flavor=browser',
16:52:15     INFO -                                                         '--subsuite=devtools'),
16:52:15     INFO -                           'mochitest-devtools-chrome-chunked': ('--flavor=browser',
16:52:15     INFO -                                                                 '--subsuite=devtools',
16:52:15     INFO -                                                                 '--chunk-by-runtime'),
16:52:15     INFO -                           'mochitest-devtools-chrome-coverage': ('--flavor=browser',
16:52:15     INFO -                                                                  '--subsuite=devtools',
16:52:15     INFO -                                                                  '--chunk-by-runtime',
16:52:15     INFO -                                                                  '--timeout=1200'),
16:52:15     INFO -                           'mochitest-gl': ('--subsuite=webgl',),
16:52:15     INFO -                           'mochitest-media': ('--subsuite=media',),
16:52:15     INFO -                           'plain': (),
16:52:15     INFO -                           'plain-chunked': ('--chunk-by-dir=4',),
16:52:15     INFO -                           'plain-clipboard': ('--subsuite=clipboard',),
16:52:15     INFO -                           'plain-gpu': ('--subsuite=gpu',),
16:52:15     INFO -                           'valgrind-plain': ('--valgrind=/usr/bin/valgrind',
16:52:15     INFO -                                              '--valgrind-supp-files=/builds/slave/test/build/tests/mochitest/x86_64-redhat-linux-gnu.sup,/builds/slave/test/build/tests/mochitest/cross-architecture.sup',
16:52:15     INFO -                                              '--timeout=900',
16:52:15     INFO -                                              '--max-timeouts=50')},
16:52:15     INFO -  'all_mozbase_suites': {'mozbase': ()},
16:52:15     INFO -  'all_reftest_suites': {'crashtest': {'options': ('--suite=crashtest',),
16:52:15     INFO -                                       'tests': ('tests/reftest/tests/testing/crashtest/crashtests.list',)},
16:52:15     INFO -                         'jsreftest': {'options': ('--extra-profile-file=tests/jsreftest/tests/user.js',
16:52:15     INFO -                                                   '--suite=jstestbrowser'),
16:52:15     INFO -                                       'tests': ('tests/jsreftest/tests/jstests.list',)},
16:52:15     INFO -                         'reftest': {'options': ('--suite=reftest',),
16:52:15     INFO -                                     'tests': ('tests/reftest/tests/layout/reftests/reftest.list',)},
16:52:15     INFO -                         'reftest-no-accel': {'options': ('--suite=reftest',
16:52:15     INFO -                                                          '--setpref=layers.acceleration.force-enabled=disabled'),
16:52:15     INFO -                                              'tests': ('tests/reftest/tests/layout/reftests/reftest.list',)}},
16:52:15     INFO -  'all_xpcshell_suites': {'xpcshell': {'options': ('--xpcshell=%(abs_app_dir)s/xpcshell',
16:52:15     INFO -                                                   '--manifest=tests/xpcshell/tests/xpcshell.ini'),
16:52:15     INFO -                                       'tests': ()},
16:52:15     INFO -                          'xpcshell-addons': {'options': ('--xpcshell=%(abs_app_dir)s/xpcshell',
16:52:15     INFO -                                                          '--tag=addons',
16:52:15     INFO -                                                          '--manifest=tests/xpcshell/tests/xpcshell.ini'),
16:52:15     INFO -                                              'tests': ()},
16:52:15     INFO -                          'xpcshell-coverage': {'options': ('--xpcshell=%(abs_app_dir)s/xpcshell',
16:52:15     INFO -                                                            '--manifest=tests/xpcshell/tests/xpcshell.ini'),
16:52:15     INFO -                                                'tests': ()}},
16:52:15     INFO -  'allow_software_gl_layers': False,
16:52:15     INFO -  'append_to_log': False,
16:52:15     INFO -  'base_work_dir': '/builds/slave/test',
16:52:15     INFO -  'binary_path': '/builds/slave/test/build/application/firefox/firefox-bin',
16:52:15     INFO -  'blob_upload_branch': 'mozilla-esr52',
16:52:15     INFO -  'blob_uploader_auth_file': '/builds/slave/test/oauth.txt',
16:52:15     INFO -  'buildbot_json_path': 'buildprops.json',
16:52:15     INFO -  'buildbot_max_log_size': 52428800,
16:52:15     INFO -  'code_coverage': False,
16:52:15     INFO -  'config_files': ('unittests/linux_unittest.py',),
16:52:15     INFO -  'default_blob_upload_servers': ('https://blobupload.elasticbeanstalk.com',),
16:52:15     INFO -  'download_minidump_stackwalk': True,
16:52:15     INFO -  'download_nodejs': True,
16:52:15     INFO -  'download_symbols': 'ondemand',
16:52:15     INFO -  'e10s': True,
16:52:15     INFO -  'exe_suffix': '',
16:52:15     INFO -  'exes': {'python': '/tools/buildbot/bin/python',
16:52:15     INFO -           'tooltool.py': '/tools/tooltool.py',
16:52:15     INFO -           'virtualenv': ('/tools/buildbot/bin/python',
16:52:15     INFO -                          '/tools/misc-python/virtualenv.py')},
16:52:15     INFO -  'find_links': ('http://pypi.pvt.build.mozilla.org/pub',
16:52:15     INFO -                 'http://pypi.pub.build.mozilla.org/pub'),
16:52:15     INFO -  'installer_path': '/builds/slave/test/build/installer.tar.bz2',
16:52:15     INFO -  'log_level': 'info',
16:52:15     INFO -  'log_to_console': True,
16:52:15     INFO -  'minidump_save_path': '%(abs_work_dir)s/../minidumps',
16:52:15     INFO -  'minidump_stackwalk_path': 'linux64-minidump_stackwalk',
16:52:15     INFO -  'minidump_tooltool_manifest_path': 'config/tooltool-manifests/linux64/releng.manifest',
16:52:15     INFO -  'minimum_tests_zip_dirs': ('bin/*',
16:52:15     INFO -                             'certs/*',
16:52:15     INFO -                             'config/*',
16:52:15     INFO -                             'mach',
16:52:15     INFO -                             'marionette/*',
16:52:15     INFO -                             'modules/*',
16:52:15     INFO -                             'mozbase/*',
16:52:15     INFO -                             'tools/*'),
16:52:15     INFO -  'no_random': False,
16:52:15     INFO -  'nodejs_path': 'node-linux-x64/bin/node',
16:52:15     INFO -  'nodejs_tooltool_manifest_path': 'config/tooltool-manifests/linux64/nodejs.manifest',
16:52:15     INFO -  'opt_config_files': (),
16:52:15     INFO -  'pip_index': False,
16:52:15     INFO -  'preflight_run_cmd_suites': ({'architectures': ('32bit', '64bit'),
16:52:15     INFO -                                'cmd': ('xset', 's', 'off', 's', 'reset'),
16:52:15     INFO -                                'enabled': True,
16:52:15     INFO -                                'halt_on_failure': False,
16:52:15     INFO -                                'name': 'disable_screen_saver'},
16:52:15     INFO -                               {'architectures': ('32bit',),
16:52:15     INFO -                                'cmd': ('python',
16:52:15     INFO -                                        '../scripts/external_tools/mouse_and_screen_resolution.py',
16:52:15     INFO -                                        '--configuration-file',
16:52:15     INFO -                                        '../scripts/external_tools/machine-configuration.json'),
16:52:15     INFO -                                'enabled': False,
16:52:15     INFO -                                'halt_on_failure': True,
16:52:15     INFO -                                'name': 'run mouse & screen adjustment script'}),
16:52:15     INFO -  'require_test_zip': True,
16:52:15     INFO -  'run_all_suites': False,
16:52:15     INFO -  'run_cmd_checks_enabled': True,
16:52:15     INFO -  'run_file_names': {'cppunittest': 'runcppunittests.py',
16:52:15     INFO -                     'gtest': 'rungtests.py',
16:52:15     INFO -                     'jittest': 'jit_test.py',
16:52:15     INFO -                     'mochitest': 'runtests.py',
16:52:15     INFO -                     'mozbase': 'test.py',
16:52:15     INFO -                     'mozmill': 'runtestlist.py',
16:52:15     INFO -                     'reftest': 'runreftest.py',
16:52:15     INFO -                     'xpcshell': 'runxpcshelltests.py'},
16:52:15     INFO -  'specific_tests_zip_dirs': {'cppunittest': ('cppunittest/*',),
16:52:15     INFO -                              'gtest': ('gtest/*',),
16:52:15     INFO -                              'jittest': ('jit-test/*',),
16:52:15     INFO -                              'mochitest': ('mochitest/*',),
16:52:15     INFO -                              'mozbase': ('mozbase/*',),
16:52:15     INFO -                              'mozmill': ('mozmill/*',),
16:52:15     INFO -                              'reftest': ('reftest/*', 'jsreftest/*'),
16:52:15     INFO -                              'xpcshell': ('xpcshell/*',)},
16:52:15     INFO -  'specified_mochitest_suites': ('browser-chrome-chunked',),
16:52:15     INFO -  'strict_content_sandbox': False,
16:52:15     INFO -  'suite_definitions': {'cppunittest': {'options': ('--symbols-path=%(symbols_path)s',
16:52:15     INFO -                                                    '--xre-path=%(abs_app_dir)s'),
16:52:15     INFO -                                        'run_filename': 'runcppunittests.py',
16:52:15     INFO -                                        'testsdir': 'cppunittest'},
16:52:15     INFO -                        'gtest': {'options': ('--xre-path=%(abs_res_dir)s',
16:52:15     INFO -                                              '--cwd=%(gtest_dir)s',
16:52:15     INFO -                                              '--symbols-path=%(symbols_path)s',
16:52:15     INFO -                                              '--utility-path=tests/bin',
16:52:15     INFO -                                              '%(binary_path)s'),
16:52:15     INFO -                                  'run_filename': 'rungtests.py'},
16:52:15     INFO -                        'jittest': {'options': ('tests/bin/js',
16:52:15     INFO -                                                '--no-slow',
16:52:15     INFO -                                                '--no-progress',
16:52:15     INFO -                                                '--format=automation',
16:52:15     INFO -                                                '--jitflags=all',
16:52:15     INFO -                                                '--timeout=970'),
16:52:15     INFO -                                    'run_filename': 'jit_test.py',
16:52:15     INFO -                                    'run_timeout': 1000,
16:52:15     INFO -                                    'testsdir': 'jit-test/jit-test'},
16:52:15     INFO -                        'mochitest': {'options': ('--appname=%(binary_path)s',
16:52:15     INFO -                                                  '--utility-path=tests/bin',
16:52:15     INFO -                                                  '--extra-profile-file=tests/bin/plugins',
16:52:15     INFO -                                                  '--symbols-path=%(symbols_path)s',
16:52:15     INFO -                                                  '--certificate-path=tests/certs',
16:52:15     INFO -                                                  '--setpref=webgl.force-enabled=true',
16:52:15     INFO -                                                  '--quiet',
16:52:15     INFO -                                                  '--log-raw=%(raw_log_file)s',
16:52:15     INFO -                                                  '--log-errorsummary=%(error_summary_file)s',
16:52:15     INFO -                                                  '--use-test-media-devices',
16:52:15     INFO -                                                  '--screenshot-on-fail',
16:52:15     INFO -                                                  '--cleanup-crashes',
16:52:15     INFO -                                                  '--marionette-startup-timeout=180'),
16:52:15     INFO -                                      'run_filename': 'runtests.py',
16:52:15     INFO -                                      'testsdir': 'mochitest'},
16:52:15     INFO -                        'mozbase': {'options': ('-b', '%(binary_path)s'),
16:52:15     INFO -                                    'run_filename': 'test.py',
16:52:15     INFO -                                    'testsdir': 'mozbase'},
16:52:15     INFO -                        'mozmill': {'options': ('--binary=%(binary_path)s',
16:52:15     INFO -                                                '--testing-modules-dir=test/modules',
16:52:15     INFO -                                                '--plugins-path=%(test_plugin_path)s',
16:52:15     INFO -                                                '--symbols-path=%(symbols_path)s'),
16:52:15     INFO -                                    'run_filename': 'runtestlist.py',
16:52:15     INFO -                                    'testsdir': 'mozmill'},
16:52:15     INFO -                        'reftest': {'options': ('--appname=%(binary_path)s',
16:52:15     INFO -                                                '--utility-path=tests/bin',
16:52:15     INFO -                                                '--extra-profile-file=tests/bin/plugins',
16:52:15     INFO -                                                '--symbols-path=%(symbols_path)s',
16:52:15     INFO -                                                '--log-raw=%(raw_log_file)s',
16:52:15     INFO -                                                '--log-errorsummary=%(error_summary_file)s',
16:52:15     INFO -                                                '--cleanup-crashes'),
16:52:15     INFO -                                    'run_filename': 'runreftest.py',
16:52:15     INFO -                                    'testsdir': 'reftest'},
16:52:15     INFO -                        'xpcshell': {'options': ('--symbols-path=%(symbols_path)s',
16:52:15     INFO -                                                 '--test-plugin-path=%(test_plugin_path)s',
16:52:15     INFO -                                                 '--log-raw=%(raw_log_file)s',
16:52:15     INFO -                                                 '--log-errorsummary=%(error_summary_file)s',
16:52:15     INFO -                                                 '--utility-path=tests/bin'),
16:52:15     INFO -                                     'run_filename': 'runxpcshelltests.py',
16:52:15     INFO -                                     'testsdir': 'xpcshell'}},
16:52:15     INFO -  'this_chunk': '1',
16:52:15     INFO -  'tooltool_cache': '/builds/tooltool_cache',
16:52:15     INFO -  'total_chunks': '7',
16:52:15     INFO -  'unstructured_flavors': {'cppunittest': (),
16:52:15     INFO -                           'gtest': (),
16:52:15     INFO -                           'jittest': (),
16:52:15     INFO -                           'mochitest': ('jetpack',),
16:52:15     INFO -                           'mozbase': (),
16:52:15     INFO -                           'mozmill': (),
16:52:15     INFO -                           'xpcshell': ()},
16:52:15     INFO -  'vcs_output_timeout': 1000,
16:52:15     INFO -  'virtualenv_path': 'venv',
16:52:15     INFO -  'volatile_config': {'actions': None, 'add_actions': None, 'no_actions': None},
16:52:15     INFO -  'work_dir': 'build',
16:52:15     INFO -  'xpcshell_name': 'xpcshell'}
16:52:15     INFO - [mozharness: 2018-06-08 23:52:15.222111Z] Running clobber step.
16:52:15     INFO - Running pre-action listener: _resource_record_pre_action
16:52:15     INFO - Running main action method: clobber
16:52:15     INFO - rmtree: /builds/slave/test/build
16:52:15     INFO - Running post-action listener: _resource_record_post_action
16:52:15     INFO - [mozharness: 2018-06-08 23:52:15.236383Z] Finished clobber step (success)
16:52:15     INFO - [mozharness: 2018-06-08 23:52:15.236828Z] Running read-buildbot-config step.
16:52:15     INFO - Running pre-action listener: _resource_record_pre_action
16:52:15     INFO - Running main action method: read_buildbot_config
16:52:15     INFO - Using buildbot properties:
16:52:15     INFO - {
16:52:15     INFO -     "project": "", 
16:52:15     INFO -     "product": "firefox", 
16:52:15     INFO -     "script_repo_revision": "production", 
16:52:15     INFO -     "scheduler": "tests-mozilla-esr52-ubuntu64_vm-pgo-unittest", 
16:52:15     INFO -     "repository": "", 
16:52:15     INFO -     "buildername": "Ubuntu VM 12.04 x64 mozilla-esr52 pgo test mochitest-e10s-browser-chrome-1", 
16:52:15     INFO -     "buildid": "20180608150819", 
16:52:15     INFO -     "pgo_build": "True", 
16:52:15     INFO -     "basedir": "/builds/slave/test", 
16:52:15     INFO -     "buildnumber": 19, 
16:52:15     INFO -     "slavename": "tst-linux64-spot-322", 
16:52:15     INFO -     "master": "http://buildbot-master53.bb.releng.usw2.mozilla.com:8201/", 
16:52:15     INFO -     "platform": "linux64", 
16:52:15     INFO -     "branch": "mozilla-esr52", 
16:52:15     INFO -     "revision": "cbfdf01aac455e0591471201c96b89dee98190b5", 
16:52:15     INFO -     "repo_path": "releases/mozilla-esr52", 
16:52:15     INFO -     "moz_repo_path": "", 
16:52:15     INFO -     "stage_platform": "linux64-pgo", 
16:52:15     INFO -     "builduid": "b298b373e93d4f8dbf92436c9ed838a2", 
16:52:15     INFO -     "slavebuilddir": "test"
16:52:15     INFO - }
16:52:15     INFO - Found installer url https://queue.taskcluster.net/v1/task/I1iAdq48Sa60c5BCPWswkg/artifacts/public/build/firefox-52.8.2.en-US.linux-x86_64.tar.bz2.
16:52:15     INFO - Found a test packages url https://queue.taskcluster.net/v1/task/I1iAdq48Sa60c5BCPWswkg/artifacts/public/build/firefox-52.8.2.en-US.linux-x86_64.test_packages.json.
16:52:15     INFO - Running post-action listener: _resource_record_post_action
16:52:15     INFO - [mozharness: 2018-06-08 23:52:15.247521Z] Finished read-buildbot-config step (success)
16:52:15     INFO - [mozharness: 2018-06-08 23:52:15.247885Z] Running download-and-extract step.
16:52:15     INFO - Running pre-action listener: _pre_download_and_extract
16:52:15  WARNING - Try message not found.
16:52:15     INFO - Running pre-action listener: _resource_record_pre_action
16:52:15     INFO - Running main action method: download_and_extract
16:52:15     INFO - mkdir: /builds/slave/test/build/tests
16:52:15     INFO - Downloading https://queue.taskcluster.net/v1/task/I1iAdq48Sa60c5BCPWswkg/artifacts/public/build/firefox-52.8.2.en-US.linux-x86_64.test_packages.json to /builds/slave/test/build/firefox-52.8.2.en-US.linux-x86_64.test_packages.json
16:52:15     INFO - retry: Calling _download_file with args: (), kwargs: {'url': 'https://queue.taskcluster.net/v1/task/I1iAdq48Sa60c5BCPWswkg/artifacts/public/build/firefox-52.8.2.en-US.linux-x86_64.test_packages.json', 'file_name': '/builds/slave/test/build/firefox-52.8.2.en-US.linux-x86_64.test_packages.json'}, attempt #1
16:52:16     INFO - Downloaded 1361 bytes.
16:52:16     INFO - Reading from file /builds/slave/test/build/firefox-52.8.2.en-US.linux-x86_64.test_packages.json
16:52:16     INFO - Using the following test package requirements:
16:52:16     INFO - {u'common': [u'firefox-52.8.2.en-US.linux-x86_64.common.tests.zip'],
16:52:16     INFO -  u'cppunittest': [u'firefox-52.8.2.en-US.linux-x86_64.common.tests.zip',
16:52:16     INFO -                   u'firefox-52.8.2.en-US.linux-x86_64.cppunittest.tests.zip'],
16:52:16     INFO -  u'gtest': [u'firefox-52.8.2.en-US.linux-x86_64.common.tests.zip',
16:52:16     INFO -             u'firefox-52.8.2.en-US.linux-x86_64.gtest.tests.zip'],
16:52:16     INFO -  u'jittest': [u'firefox-52.8.2.en-US.linux-x86_64.common.tests.zip',
16:52:16     INFO -               u'jsshell-linux-x86_64.zip'],
16:52:16     INFO -  u'mochitest': [u'firefox-52.8.2.en-US.linux-x86_64.common.tests.zip',
16:52:16     INFO -                 u'firefox-52.8.2.en-US.linux-x86_64.mochitest.tests.zip'],
16:52:16     INFO -  u'mozbase': [u'firefox-52.8.2.en-US.linux-x86_64.common.tests.zip'],
16:52:16     INFO -  u'reftest': [u'firefox-52.8.2.en-US.linux-x86_64.common.tests.zip',
16:52:16     INFO -               u'firefox-52.8.2.en-US.linux-x86_64.reftest.tests.zip'],
16:52:16     INFO -  u'talos': [u'firefox-52.8.2.en-US.linux-x86_64.common.tests.zip',
16:52:16     INFO -             u'firefox-52.8.2.en-US.linux-x86_64.talos.tests.zip'],
16:52:16     INFO -  u'web-platform': [u'firefox-52.8.2.en-US.linux-x86_64.common.tests.zip',
16:52:16     INFO -                    u'firefox-52.8.2.en-US.linux-x86_64.web-platform.tests.zip'],
16:52:16     INFO -  u'xpcshell': [u'firefox-52.8.2.en-US.linux-x86_64.common.tests.zip',
16:52:16     INFO -                u'firefox-52.8.2.en-US.linux-x86_64.xpcshell.tests.zip']}
16:52:16     INFO - Downloading packages: [u'firefox-52.8.2.en-US.linux-x86_64.common.tests.zip', u'firefox-52.8.2.en-US.linux-x86_64.mochitest.tests.zip'] for test suite category: mochitest
16:52:16     INFO - Adding 'mozinfo.json' for extraction from common.tests zip file
16:52:16     INFO - Downloading and extracting to /builds/slave/test/build/tests these dirs bin/*, certs/*, config/*, mach, marionette/*, modules/*, mozbase/*, tools/*, mochitest/*, mozinfo.json from https://queue.taskcluster.net/v1/task/I1iAdq48Sa60c5BCPWswkg/artifacts/public/build/firefox-52.8.2.en-US.linux-x86_64.common.tests.zip
16:52:16     INFO - retry: Calling fetch_url_into_memory with args: (), kwargs: {'url': u'https://queue.taskcluster.net/v1/task/I1iAdq48Sa60c5BCPWswkg/artifacts/public/build/firefox-52.8.2.en-US.linux-x86_64.common.tests.zip'}, attempt #1
16:52:16     INFO - Fetch https://queue.taskcluster.net/v1/task/I1iAdq48Sa60c5BCPWswkg/artifacts/public/build/firefox-52.8.2.en-US.linux-x86_64.common.tests.zip into memory
16:52:17     INFO - Http code: 200
16:52:17     INFO - via: 1.1 7db492e48a5d55351dcb787a8a14e113.cloudfront.net (CloudFront)
16:52:17     INFO - x-amz-cf-id: gGsdnKEgRFhVgfkGgYoO0pRHI9yq3D_f1y1uV_yhmrJwpqpMOEE3LQ==
16:52:17     INFO - x-amz-version-id: amyEguiG3.NEsCgIpfpr7ojoc30OcAP5
16:52:17     INFO - Expected file size: 22192748
16:52:17     INFO - Obtained file size: 22192748
16:52:19     INFO - Downloading and extracting to /builds/slave/test/build/tests these dirs bin/*, certs/*, config/*, mach, marionette/*, modules/*, mozbase/*, tools/*, mochitest/*, mozinfo.json from https://queue.taskcluster.net/v1/task/I1iAdq48Sa60c5BCPWswkg/artifacts/public/build/firefox-52.8.2.en-US.linux-x86_64.mochitest.tests.zip
16:52:19     INFO - retry: Calling fetch_url_into_memory with args: (), kwargs: {'url': u'https://queue.taskcluster.net/v1/task/I1iAdq48Sa60c5BCPWswkg/artifacts/public/build/firefox-52.8.2.en-US.linux-x86_64.mochitest.tests.zip'}, attempt #1
16:52:19     INFO - Fetch https://queue.taskcluster.net/v1/task/I1iAdq48Sa60c5BCPWswkg/artifacts/public/build/firefox-52.8.2.en-US.linux-x86_64.mochitest.tests.zip into memory
16:52:20     INFO - Http code: 200
16:52:20     INFO - via: 1.1 fc7da6323a08a2c16d48dd4939ce0898.cloudfront.net (CloudFront)
16:52:20     INFO - x-amz-cf-id: qBlCiF8UWcyaN7d8zpTDB_3blMWVSYiRfMPY7exAUcnmgEfUJSYymQ==
16:52:20     INFO - x-amz-version-id: pVaLoGmwkPIw3WqAG.TA2Gozslw06heL
16:52:22     INFO - Expected file size: 80595071
16:52:22     INFO - Obtained file size: 80595071
16:52:41     INFO - Downloading https://queue.taskcluster.net/v1/task/I1iAdq48Sa60c5BCPWswkg/artifacts/public/build/firefox-52.8.2.en-US.linux-x86_64.tar.bz2 to /builds/slave/test/build/installer.tar.bz2
16:52:41     INFO - retry: Calling _download_file with args: (), kwargs: {'url': 'https://queue.taskcluster.net/v1/task/I1iAdq48Sa60c5BCPWswkg/artifacts/public/build/firefox-52.8.2.en-US.linux-x86_64.tar.bz2', 'file_name': '/builds/slave/test/build/installer.tar.bz2'}, attempt #1
16:52:44     INFO - Downloaded 57821935 bytes.
16:52:44     INFO - Setting buildbot property build_url to https://queue.taskcluster.net/v1/task/I1iAdq48Sa60c5BCPWswkg/artifacts/public/build/firefox-52.8.2.en-US.linux-x86_64.tar.bz2
16:52:44     INFO - mkdir: /builds/slave/test/properties
16:52:44     INFO - Writing buildbot properties ['build_url'] to /builds/slave/test/properties/build_url
16:52:44     INFO - Writing to file /builds/slave/test/properties/build_url
16:52:44     INFO - Contents:
16:52:44     INFO -  build_url:https://queue.taskcluster.net/v1/task/I1iAdq48Sa60c5BCPWswkg/artifacts/public/build/firefox-52.8.2.en-US.linux-x86_64.tar.bz2
16:52:45     INFO - Running post-action listener: _resource_record_post_action
16:52:45     INFO - Running post-action listener: set_extra_try_arguments
16:52:45     INFO - [mozharness: 2018-06-08 23:52:45.408300Z] Finished download-and-extract step (success)
16:52:45     INFO - [mozharness: 2018-06-08 23:52:45.408682Z] Running create-virtualenv step.
16:52:45     INFO - Running pre-action listener: _install_mozbase
16:52:45     INFO - Running pre-action listener: _pre_create_virtualenv
16:52:45     INFO - Running pre-action listener: _resource_record_pre_action
16:52:45     INFO - Running main action method: create_virtualenv
16:52:45     INFO - Creating virtualenv /builds/slave/test/build/venv
16:52:45     INFO - Running command: ['/tools/buildbot/bin/python', '/builds/slave/test/scripts/external_tools/virtualenv/virtualenv.py', '--always-copy', '/builds/slave/test/build/venv'] in /builds/slave/test/build
16:52:45     INFO - Copy/paste: /tools/buildbot/bin/python /builds/slave/test/scripts/external_tools/virtualenv/virtualenv.py --always-copy /builds/slave/test/build/venv
16:52:45     INFO - Using partial env: {'VIRTUALENV_NO_DOWNLOAD': '1'}
16:52:47     INFO -  Using real prefix '/usr'
16:52:47     INFO -  New python executable in /builds/slave/test/build/venv/bin/python
16:52:50     INFO -  Installing setuptools, pip, wheel...done.
16:52:50     INFO - Return code: 0
16:52:50     INFO - Installing psutil>=3.1.1 into virtualenv /builds/slave/test/build/venv
16:52:50     INFO - retry: Calling run_command with args: [['/builds/slave/test/build/venv/bin/pip', 'install', '--timeout', '120', '--no-index', '--find-links', 'http://pypi.pvt.build.mozilla.org/pub', '--find-links', 'http://pypi.pub.build.mozilla.org/pub', '--trusted-host', 'pypi.pub.build.mozilla.org', '--trusted-host', 'pypi.pvt.build.mozilla.org', 'psutil>=3.1.1']], kwargs: {'error_level': 'warning', 'error_list': [{'substr': 'not found or a compiler error:', 'level': 'warning'}, {'regex': <_sre.SRE_Pattern object at 0x7ff3ee382110>, 'level': 'error'}, {'regex': <_sre.SRE_Pattern object at 0x7ff3ee48ae40>, 'level': 'warning'}, {'regex': <_sre.SRE_Pattern object at 0x14aa3e0>, 'level': 'debug'}, {'substr': 'command not found', 'level': 'error'}, {'regex': <_sre.SRE_Pattern object at 0x14a6a90>, 'level': 'warning'}, {'substr': 'Traceback (most recent call last)', 'level': 'error'}, {'substr': 'SyntaxError: ', 'level': 'error'}, {'substr': 'TypeError: ', 'level': 'error'}, {'substr': 'NameError: ', 'level': 'error'}, {'substr': 'ZeroDivisionError: ', 'level': 'error'}, {'regex': <_sre.SRE_Pattern object at 0x14a83f0>, 'level': 'critical'}, {'regex': <_sre.SRE_Pattern object at 0x14a8670>, 'level': 'critical'}], 'cwd': '/builds/slave/test/build', 'env': {'TMOUT': '86400', 'LOGNAME': 'cltbld', 'USER': 'cltbld', 'HOME': '/home/cltbld', 'PATH': '/usr/local/bin:/usr/local/bin:/usr/bin:/bin:/usr/local/games:/usr/games', 'DISPLAY': ':0', 'CCACHE_UMASK': '002', 'LANG': 'en_US.UTF-8', 'TERM': 'linux', 'SHELL': '/bin/bash', 'MOZ_NODE_PATH': '/usr/bin/node', 'XDG_SESSION_COOKIE': '9ca12473fbb1d023794ffd180000023c-1528501932.352285-1229103633', 'SHLVL': '1', 'NO_FAIL_ON_TEST_ERRORS': '1', 'MOZ_NO_REMOTE': '1', 'MOZ_HIDE_RESULTS_TABLE': '1', 'MAIL': '/var/mail/cltbld', '_': '/tools/buildbot/bin/python', 'NODE_PATH': '/usr/lib/nodejs:/usr/lib/node_modules:/usr/share/javascript', 'PWD': '/builds/slave/test', 'PROPERTIES_FILE': '/builds/slave/test/buildprops.json', 'CCACHE_DIR': '/builds/ccache'}}, attempt #1
16:52:50     INFO - Running command: ['/builds/slave/test/build/venv/bin/pip', 'install', '--timeout', '120', '--no-index', '--find-links', 'http://pypi.pvt.build.mozilla.org/pub', '--find-links', 'http://pypi.pub.build.mozilla.org/pub', '--trusted-host', 'pypi.pub.build.mozilla.org', '--trusted-host', 'pypi.pvt.build.mozilla.org', 'psutil>=3.1.1'] in /builds/slave/test/build
16:52:50     INFO - Copy/paste: /builds/slave/test/build/venv/bin/pip install --timeout 120 --no-index --find-links http://pypi.pvt.build.mozilla.org/pub --find-links http://pypi.pub.build.mozilla.org/pub --trusted-host pypi.pub.build.mozilla.org --trusted-host pypi.pvt.build.mozilla.org psutil>=3.1.1
16:52:50     INFO - Using env: {'CCACHE_DIR': '/builds/ccache',
16:52:50     INFO -  'CCACHE_UMASK': '002',
16:52:50     INFO -  'DISPLAY': ':0',
16:52:50     INFO -  'HOME': '/home/cltbld',
16:52:50     INFO -  'LANG': 'en_US.UTF-8',
16:52:50     INFO -  'LOGNAME': 'cltbld',
16:52:50     INFO -  'MAIL': '/var/mail/cltbld',
16:52:50     INFO -  'MOZ_HIDE_RESULTS_TABLE': '1',
16:52:50     INFO -  'MOZ_NODE_PATH': '/usr/bin/node',
16:52:50     INFO -  'MOZ_NO_REMOTE': '1',
16:52:50     INFO -  'NODE_PATH': '/usr/lib/nodejs:/usr/lib/node_modules:/usr/share/javascript',
16:52:50     INFO -  'NO_FAIL_ON_TEST_ERRORS': '1',
16:52:50     INFO -  'PATH': '/usr/local/bin:/usr/local/bin:/usr/bin:/bin:/usr/local/games:/usr/games',
16:52:50     INFO -  'PROPERTIES_FILE': '/builds/slave/test/buildprops.json',
16:52:50     INFO -  'PWD': '/builds/slave/test',
16:52:50     INFO -  'SHELL': '/bin/bash',
16:52:50     INFO -  'SHLVL': '1',
16:52:50     INFO -  'TERM': 'linux',
16:52:50     INFO -  'TMOUT': '86400',
16:52:50     INFO -  'USER': 'cltbld',
16:52:50     INFO -  'XDG_SESSION_COOKIE': '9ca12473fbb1d023794ffd180000023c-1528501932.352285-1229103633',
16:52:50     INFO -  '_': '/tools/buildbot/bin/python'}
16:52:51     INFO -  Ignoring indexes: https://pypi.python.org/simple
16:52:51     INFO -  Collecting psutil>=3.1.1
16:52:51     INFO -  /builds/slave/test/build/venv/lib/python2.7/site-packages/pip/_vendor/requests/packages/urllib3/util/ssl_.py:318: SNIMissingWarning: An HTTPS request has been made, but the SNI (Subject Name Indication) extension to TLS is not available on this platform. This may cause the server to present an incorrect TLS certificate, which can cause validation failures. You can upgrade to a newer version of Python to solve this. For more information, see https://urllib3.readthedocs.org/en/latest/security.html#snimissingwarning.
16:52:51     INFO -    SNIMissingWarning
16:52:51     INFO -  /builds/slave/test/build/venv/lib/python2.7/site-packages/pip/_vendor/requests/packages/urllib3/util/ssl_.py:122: InsecurePlatformWarning: A true SSLContext object is not available. This prevents urllib3 from configuring SSL appropriately and may cause certain SSL connections to fail. You can upgrade to a newer version of Python to solve this. For more information, see https://urllib3.readthedocs.org/en/latest/security.html#insecureplatformwarning.
16:52:51     INFO -    InsecurePlatformWarning
16:52:52     INFO -  /builds/slave/test/build/venv/lib/python2.7/site-packages/pip/_vendor/requests/packages/urllib3/util/ssl_.py:122: InsecurePlatformWarning: A true SSLContext object is not available. This prevents urllib3 from configuring SSL appropriately and may cause certain SSL connections to fail. You can upgrade to a newer version of Python to solve this. For more information, see https://urllib3.readthedocs.org/en/latest/security.html#insecureplatformwarning.
16:52:52     INFO -    InsecurePlatformWarning
16:52:56     INFO -    Downloading https://pypi.pvt.build.mozilla.org/pub/psutil-5.4.3.tar.gz (412kB)
16:52:57     INFO -  Building wheels for collected packages: psutil
16:52:57     INFO -    Running setup.py bdist_wheel for psutil: started
16:52:59     INFO -    Running setup.py bdist_wheel for psutil: finished with status 'done'
16:52:59     INFO -    Stored in directory: /home/cltbld/.cache/pip/wheels/30/c0/c3/5cdb2b64c0d47a81af9c62935a64d83948d2c2b3e7af3eeee2
16:52:59     INFO -  Successfully built psutil
16:52:59     INFO -  Installing collected packages: psutil
16:53:00     INFO -  Successfully installed psutil-5.4.3
16:53:00     INFO - Return code: 0
16:53:00     INFO - Installing mozsystemmonitor==0.3 into virtualenv /builds/slave/test/build/venv
16:53:00     INFO - retry: Calling run_command with args: [['/builds/slave/test/build/venv/bin/pip', 'install', '--timeout', '120', '--no-index', '--find-links', 'http://pypi.pvt.build.mozilla.org/pub', '--find-links', 'http://pypi.pub.build.mozilla.org/pub', '--trusted-host', 'pypi.pub.build.mozilla.org', '--trusted-host', 'pypi.pvt.build.mozilla.org', 'mozsystemmonitor==0.3']], kwargs: {'error_level': 'warning', 'error_list': [{'substr': 'not found or a compiler error:', 'level': 'warning'}, {'regex': <_sre.SRE_Pattern object at 0x7ff3ee382110>, 'level': 'error'}, {'regex': <_sre.SRE_Pattern object at 0x7ff3ee48ae40>, 'level': 'warning'}, {'regex': <_sre.SRE_Pattern object at 0x14aa3e0>, 'level': 'debug'}, {'substr': 'command not found', 'level': 'error'}, {'regex': <_sre.SRE_Pattern object at 0x14a6a90>, 'level': 'warning'}, {'substr': 'Traceback (most recent call last)', 'level': 'error'}, {'substr': 'SyntaxError: ', 'level': 'error'}, {'substr': 'TypeError: ', 'level': 'error'}, {'substr': 'NameError: ', 'level': 'error'}, {'substr': 'ZeroDivisionError: ', 'level': 'error'}, {'regex': <_sre.SRE_Pattern object at 0x14a83f0>, 'level': 'critical'}, {'regex': <_sre.SRE_Pattern object at 0x14a8670>, 'level': 'critical'}], 'cwd': '/builds/slave/test/build', 'env': {'TMOUT': '86400', 'LOGNAME': 'cltbld', 'USER': 'cltbld', 'HOME': '/home/cltbld', 'PATH': '/usr/local/bin:/usr/local/bin:/usr/bin:/bin:/usr/local/games:/usr/games', 'DISPLAY': ':0', 'CCACHE_UMASK': '002', 'LANG': 'en_US.UTF-8', 'TERM': 'linux', 'SHELL': '/bin/bash', 'MOZ_NODE_PATH': '/usr/bin/node', 'XDG_SESSION_COOKIE': '9ca12473fbb1d023794ffd180000023c-1528501932.352285-1229103633', 'SHLVL': '1', 'NO_FAIL_ON_TEST_ERRORS': '1', 'MOZ_NO_REMOTE': '1', 'MOZ_HIDE_RESULTS_TABLE': '1', 'MAIL': '/var/mail/cltbld', '_': '/tools/buildbot/bin/python', 'NODE_PATH': '/usr/lib/nodejs:/usr/lib/node_modules:/usr/share/javascript', 'PWD': '/builds/slave/test', 'PROPERTIES_FILE': '/builds/slave/test/buildprops.json', 'CCACHE_DIR': '/builds/ccache'}}, attempt #1
16:53:00     INFO - Running command: ['/builds/slave/test/build/venv/bin/pip', 'install', '--timeout', '120', '--no-index', '--find-links', 'http://pypi.pvt.build.mozilla.org/pub', '--find-links', 'http://pypi.pub.build.mozilla.org/pub', '--trusted-host', 'pypi.pub.build.mozilla.org', '--trusted-host', 'pypi.pvt.build.mozilla.org', 'mozsystemmonitor==0.3'] in /builds/slave/test/build
16:53:00     INFO - Copy/paste: /builds/slave/test/build/venv/bin/pip install --timeout 120 --no-index --find-links http://pypi.pvt.build.mozilla.org/pub --find-links http://pypi.pub.build.mozilla.org/pub --trusted-host pypi.pub.build.mozilla.org --trusted-host pypi.pvt.build.mozilla.org mozsystemmonitor==0.3
16:53:00     INFO - Using env: {'CCACHE_DIR': '/builds/ccache',
16:53:00     INFO -  'CCACHE_UMASK': '002',
16:53:00     INFO -  'DISPLAY': ':0',
16:53:00     INFO -  'HOME': '/home/cltbld',
16:53:00     INFO -  'LANG': 'en_US.UTF-8',
16:53:00     INFO -  'LOGNAME': 'cltbld',
16:53:00     INFO -  'MAIL': '/var/mail/cltbld',
16:53:00     INFO -  'MOZ_HIDE_RESULTS_TABLE': '1',
16:53:00     INFO -  'MOZ_NODE_PATH': '/usr/bin/node',
16:53:00     INFO -  'MOZ_NO_REMOTE': '1',
16:53:00     INFO -  'NODE_PATH': '/usr/lib/nodejs:/usr/lib/node_modules:/usr/share/javascript',
16:53:00     INFO -  'NO_FAIL_ON_TEST_ERRORS': '1',
16:53:00     INFO -  'PATH': '/usr/local/bin:/usr/local/bin:/usr/bin:/bin:/usr/local/games:/usr/games',
16:53:00     INFO -  'PROPERTIES_FILE': '/builds/slave/test/buildprops.json',
16:53:00     INFO -  'PWD': '/builds/slave/test',
16:53:00     INFO -  'SHELL': '/bin/bash',
16:53:00     INFO -  'SHLVL': '1',
16:53:00     INFO -  'TERM': 'linux',
16:53:00     INFO -  'TMOUT': '86400',
16:53:00     INFO -  'USER': 'cltbld',
16:53:00     INFO -  'XDG_SESSION_COOKIE': '9ca12473fbb1d023794ffd180000023c-1528501932.352285-1229103633',
16:53:00     INFO -  '_': '/tools/buildbot/bin/python'}
16:53:01     INFO -  Ignoring indexes: https://pypi.python.org/simple
16:53:01     INFO -  Collecting mozsystemmonitor==0.3
16:53:01     INFO -  /builds/slave/test/build/venv/lib/python2.7/site-packages/pip/_vendor/requests/packages/urllib3/util/ssl_.py:318: SNIMissingWarning: An HTTPS request has been made, but the SNI (Subject Name Indication) extension to TLS is not available on this platform. This may cause the server to present an incorrect TLS certificate, which can cause validation failures. You can upgrade to a newer version of Python to solve this. For more information, see https://urllib3.readthedocs.org/en/latest/security.html#snimissingwarning.
16:53:01     INFO -    SNIMissingWarning
16:53:01     INFO -  /builds/slave/test/build/venv/lib/python2.7/site-packages/pip/_vendor/requests/packages/urllib3/util/ssl_.py:122: InsecurePlatformWarning: A true SSLContext object is not available. This prevents urllib3 from configuring SSL appropriately and may cause certain SSL connections to fail. You can upgrade to a newer version of Python to solve this. For more information, see https://urllib3.readthedocs.org/en/latest/security.html#insecureplatformwarning.
16:53:01     INFO -    InsecurePlatformWarning
16:53:02     INFO -  /builds/slave/test/build/venv/lib/python2.7/site-packages/pip/_vendor/requests/packages/urllib3/util/ssl_.py:122: InsecurePlatformWarning: A true SSLContext object is not available. This prevents urllib3 from configuring SSL appropriately and may cause certain SSL connections to fail. You can upgrade to a newer version of Python to solve this. For more information, see https://urllib3.readthedocs.org/en/latest/security.html#insecureplatformwarning.
16:53:02     INFO -    InsecurePlatformWarning
16:53:06     INFO -    Downloading https://pypi.pvt.build.mozilla.org/pub/mozsystemmonitor-0.3.tar.gz
16:53:06     INFO -  Requirement already satisfied (use --upgrade to upgrade): psutil>=3.1.1 in ./venv/lib/python2.7/site-packages (from mozsystemmonitor==0.3)
16:53:06     INFO -  Building wheels for collected packages: mozsystemmonitor
16:53:06     INFO -    Running setup.py bdist_wheel for mozsystemmonitor: started
16:53:07     INFO -    Running setup.py bdist_wheel for mozsystemmonitor: finished with status 'done'
16:53:07     INFO -    Stored in directory: /home/cltbld/.cache/pip/wheels/f4/b7/9c/8a88c92aaad7c1d8bbd68513e1d91ad7f62b7465808c516aa8
16:53:07     INFO -  Successfully built mozsystemmonitor
16:53:07     INFO -  Installing collected packages: mozsystemmonitor
16:53:07     INFO -  Successfully installed mozsystemmonitor-0.3
16:53:07     INFO - Return code: 0
16:53:07     INFO - Installing jsonschema==2.5.1 into virtualenv /builds/slave/test/build/venv
16:53:07     INFO - retry: Calling run_command with args: [['/builds/slave/test/build/venv/bin/pip', 'install', '--timeout', '120', '--no-index', '--find-links', 'http://pypi.pvt.build.mozilla.org/pub', '--find-links', 'http://pypi.pub.build.mozilla.org/pub', '--trusted-host', 'pypi.pub.build.mozilla.org', '--trusted-host', 'pypi.pvt.build.mozilla.org', 'jsonschema==2.5.1']], kwargs: {'error_level': 'warning', 'error_list': [{'substr': 'not found or a compiler error:', 'level': 'warning'}, {'regex': <_sre.SRE_Pattern object at 0x7ff3ee382110>, 'level': 'error'}, {'regex': <_sre.SRE_Pattern object at 0x7ff3ee48ae40>, 'level': 'warning'}, {'regex': <_sre.SRE_Pattern object at 0x14aa3e0>, 'level': 'debug'}, {'substr': 'command not found', 'level': 'error'}, {'regex': <_sre.SRE_Pattern object at 0x14a6a90>, 'level': 'warning'}, {'substr': 'Traceback (most recent call last)', 'level': 'error'}, {'substr': 'SyntaxError: ', 'level': 'error'}, {'substr': 'TypeError: ', 'level': 'error'}, {'substr': 'NameError: ', 'level': 'error'}, {'substr': 'ZeroDivisionError: ', 'level': 'error'}, {'regex': <_sre.SRE_Pattern object at 0x14a83f0>, 'level': 'critical'}, {'regex': <_sre.SRE_Pattern object at 0x14a8670>, 'level': 'critical'}], 'cwd': '/builds/slave/test/build', 'env': {'TMOUT': '86400', 'LOGNAME': 'cltbld', 'USER': 'cltbld', 'HOME': '/home/cltbld', 'PATH': '/usr/local/bin:/usr/local/bin:/usr/bin:/bin:/usr/local/games:/usr/games', 'DISPLAY': ':0', 'CCACHE_UMASK': '002', 'LANG': 'en_US.UTF-8', 'TERM': 'linux', 'SHELL': '/bin/bash', 'MOZ_NODE_PATH': '/usr/bin/node', 'XDG_SESSION_COOKIE': '9ca12473fbb1d023794ffd180000023c-1528501932.352285-1229103633', 'SHLVL': '1', 'NO_FAIL_ON_TEST_ERRORS': '1', 'MOZ_NO_REMOTE': '1', 'MOZ_HIDE_RESULTS_TABLE': '1', 'MAIL': '/var/mail/cltbld', '_': '/tools/buildbot/bin/python', 'NODE_PATH': '/usr/lib/nodejs:/usr/lib/node_modules:/usr/share/javascript', 'PWD': '/builds/slave/test', 'PROPERTIES_FILE': '/builds/slave/test/buildprops.json', 'CCACHE_DIR': '/builds/ccache'}}, attempt #1
16:53:07     INFO - Running command: ['/builds/slave/test/build/venv/bin/pip', 'install', '--timeout', '120', '--no-index', '--find-links', 'http://pypi.pvt.build.mozilla.org/pub', '--find-links', 'http://pypi.pub.build.mozilla.org/pub', '--trusted-host', 'pypi.pub.build.mozilla.org', '--trusted-host', 'pypi.pvt.build.mozilla.org', 'jsonschema==2.5.1'] in /builds/slave/test/build
16:53:07     INFO - Copy/paste: /builds/slave/test/build/venv/bin/pip install --timeout 120 --no-index --find-links http://pypi.pvt.build.mozilla.org/pub --find-links http://pypi.pub.build.mozilla.org/pub --trusted-host pypi.pub.build.mozilla.org --trusted-host pypi.pvt.build.mozilla.org jsonschema==2.5.1
16:53:07     INFO - Using env: {'CCACHE_DIR': '/builds/ccache',
16:53:07     INFO -  'CCACHE_UMASK': '002',
16:53:07     INFO -  'DISPLAY': ':0',
16:53:07     INFO -  'HOME': '/home/cltbld',
16:53:07     INFO -  'LANG': 'en_US.UTF-8',
16:53:07     INFO -  'LOGNAME': 'cltbld',
16:53:07     INFO -  'MAIL': '/var/mail/cltbld',
16:53:07     INFO -  'MOZ_HIDE_RESULTS_TABLE': '1',
16:53:07     INFO -  'MOZ_NODE_PATH': '/usr/bin/node',
16:53:07     INFO -  'MOZ_NO_REMOTE': '1',
16:53:07     INFO -  'NODE_PATH': '/usr/lib/nodejs:/usr/lib/node_modules:/usr/share/javascript',
16:53:07     INFO -  'NO_FAIL_ON_TEST_ERRORS': '1',
16:53:07     INFO -  'PATH': '/usr/local/bin:/usr/local/bin:/usr/bin:/bin:/usr/local/games:/usr/games',
16:53:07     INFO -  'PROPERTIES_FILE': '/builds/slave/test/buildprops.json',
16:53:07     INFO -  'PWD': '/builds/slave/test',
16:53:07     INFO -  'SHELL': '/bin/bash',
16:53:07     INFO -  'SHLVL': '1',
16:53:07     INFO -  'TERM': 'linux',
16:53:07     INFO -  'TMOUT': '86400',
16:53:07     INFO -  'USER': 'cltbld',
16:53:07     INFO -  'XDG_SESSION_COOKIE': '9ca12473fbb1d023794ffd180000023c-1528501932.352285-1229103633',
16:53:07     INFO -  '_': '/tools/buildbot/bin/python'}
16:53:08     INFO -  Ignoring indexes: https://pypi.python.org/simple
16:53:08     INFO -  Collecting jsonschema==2.5.1
16:53:08     INFO -  /builds/slave/test/build/venv/lib/python2.7/site-packages/pip/_vendor/requests/packages/urllib3/util/ssl_.py:318: SNIMissingWarning: An HTTPS request has been made, but the SNI (Subject Name Indication) extension to TLS is not available on this platform. This may cause the server to present an incorrect TLS certificate, which can cause validation failures. You can upgrade to a newer version of Python to solve this. For more information, see https://urllib3.readthedocs.org/en/latest/security.html#snimissingwarning.
16:53:08     INFO -    SNIMissingWarning
16:53:08     INFO -  /builds/slave/test/build/venv/lib/python2.7/site-packages/pip/_vendor/requests/packages/urllib3/util/ssl_.py:122: InsecurePlatformWarning: A true SSLContext object is not available. This prevents urllib3 from configuring SSL appropriately and may cause certain SSL connections to fail. You can upgrade to a newer version of Python to solve this. For more information, see https://urllib3.readthedocs.org/en/latest/security.html#insecureplatformwarning.
16:53:08     INFO -    InsecurePlatformWarning
16:53:09     INFO -  /builds/slave/test/build/venv/lib/python2.7/site-packages/pip/_vendor/requests/packages/urllib3/util/ssl_.py:122: InsecurePlatformWarning: A true SSLContext object is not available. This prevents urllib3 from configuring SSL appropriately and may cause certain SSL connections to fail. You can upgrade to a newer version of Python to solve this. For more information, see https://urllib3.readthedocs.org/en/latest/security.html#insecureplatformwarning.
16:53:09     INFO -    InsecurePlatformWarning
16:53:12     INFO -    Downloading https://pypi.pvt.build.mozilla.org/pub/jsonschema-2.5.1-py2.py3-none-any.whl
16:53:13     INFO -  Collecting functools32; python_version == "2.7" (from jsonschema==2.5.1)
16:53:17     INFO -    Downloading https://pypi.pvt.build.mozilla.org/pub/functools32-3.2.3-2.tar.gz
16:53:17     INFO -  Building wheels for collected packages: functools32
16:53:17     INFO -    Running setup.py bdist_wheel for functools32: started
16:53:18     INFO -    Running setup.py bdist_wheel for functools32: finished with status 'done'
16:53:18     INFO -    Stored in directory: /home/cltbld/.cache/pip/wheels/60/8e/5c/cd0944700dbec48e57da97dbe11bcc84b1332f6b43bc89d9b7
16:53:18     INFO -  Successfully built functools32
16:53:18     INFO -  Installing collected packages: functools32, jsonschema
16:53:18     INFO -  Successfully installed functools32-3.2.3.post2 jsonschema-2.5.1
16:53:18     INFO - Return code: 0
16:53:18     INFO - Installing functools32==3.2.3-2 into virtualenv /builds/slave/test/build/venv
16:53:18     INFO - retry: Calling run_command with args: [['/builds/slave/test/build/venv/bin/pip', 'install', '--timeout', '120', '--no-index', '--find-links', 'http://pypi.pvt.build.mozilla.org/pub', '--find-links', 'http://pypi.pub.build.mozilla.org/pub', '--trusted-host', 'pypi.pub.build.mozilla.org', '--trusted-host', 'pypi.pvt.build.mozilla.org', 'functools32==3.2.3-2']], kwargs: {'error_level': 'warning', 'error_list': [{'substr': 'not found or a compiler error:', 'level': 'warning'}, {'regex': <_sre.SRE_Pattern object at 0x7ff3ee382110>, 'level': 'error'}, {'regex': <_sre.SRE_Pattern object at 0x7ff3ee48ae40>, 'level': 'warning'}, {'regex': <_sre.SRE_Pattern object at 0x14aa3e0>, 'level': 'debug'}, {'substr': 'command not found', 'level': 'error'}, {'regex': <_sre.SRE_Pattern object at 0x14a6a90>, 'level': 'warning'}, {'substr': 'Traceback (most recent call last)', 'level': 'error'}, {'substr': 'SyntaxError: ', 'level': 'error'}, {'substr': 'TypeError: ', 'level': 'error'}, {'substr': 'NameError: ', 'level': 'error'}, {'substr': 'ZeroDivisionError: ', 'level': 'error'}, {'regex': <_sre.SRE_Pattern object at 0x14a83f0>, 'level': 'critical'}, {'regex': <_sre.SRE_Pattern object at 0x14a8670>, 'level': 'critical'}], 'cwd': '/builds/slave/test/build', 'env': {'TMOUT': '86400', 'LOGNAME': 'cltbld', 'USER': 'cltbld', 'HOME': '/home/cltbld', 'PATH': '/usr/local/bin:/usr/local/bin:/usr/bin:/bin:/usr/local/games:/usr/games', 'DISPLAY': ':0', 'CCACHE_UMASK': '002', 'LANG': 'en_US.UTF-8', 'TERM': 'linux', 'SHELL': '/bin/bash', 'MOZ_NODE_PATH': '/usr/bin/node', 'XDG_SESSION_COOKIE': '9ca12473fbb1d023794ffd180000023c-1528501932.352285-1229103633', 'SHLVL': '1', 'NO_FAIL_ON_TEST_ERRORS': '1', 'MOZ_NO_REMOTE': '1', 'MOZ_HIDE_RESULTS_TABLE': '1', 'MAIL': '/var/mail/cltbld', '_': '/tools/buildbot/bin/python', 'NODE_PATH': '/usr/lib/nodejs:/usr/lib/node_modules:/usr/share/javascript', 'PWD': '/builds/slave/test', 'PROPERTIES_FILE': '/builds/slave/test/buildprops.json', 'CCACHE_DIR': '/builds/ccache'}}, attempt #1
16:53:18     INFO - Running command: ['/builds/slave/test/build/venv/bin/pip', 'install', '--timeout', '120', '--no-index', '--find-links', 'http://pypi.pvt.build.mozilla.org/pub', '--find-links', 'http://pypi.pub.build.mozilla.org/pub', '--trusted-host', 'pypi.pub.build.mozilla.org', '--trusted-host', 'pypi.pvt.build.mozilla.org', 'functools32==3.2.3-2'] in /builds/slave/test/build
16:53:18     INFO - Copy/paste: /builds/slave/test/build/venv/bin/pip install --timeout 120 --no-index --find-links http://pypi.pvt.build.mozilla.org/pub --find-links http://pypi.pub.build.mozilla.org/pub --trusted-host pypi.pub.build.mozilla.org --trusted-host pypi.pvt.build.mozilla.org functools32==3.2.3-2
16:53:18     INFO - Using env: {'CCACHE_DIR': '/builds/ccache',
16:53:18     INFO -  'CCACHE_UMASK': '002',
16:53:18     INFO -  'DISPLAY': ':0',
16:53:18     INFO -  'HOME': '/home/cltbld',
16:53:18     INFO -  'LANG': 'en_US.UTF-8',
16:53:18     INFO -  'LOGNAME': 'cltbld',
16:53:18     INFO -  'MAIL': '/var/mail/cltbld',
16:53:18     INFO -  'MOZ_HIDE_RESULTS_TABLE': '1',
16:53:18     INFO -  'MOZ_NODE_PATH': '/usr/bin/node',
16:53:18     INFO -  'MOZ_NO_REMOTE': '1',
16:53:18     INFO -  'NODE_PATH': '/usr/lib/nodejs:/usr/lib/node_modules:/usr/share/javascript',
16:53:18     INFO -  'NO_FAIL_ON_TEST_ERRORS': '1',
16:53:18     INFO -  'PATH': '/usr/local/bin:/usr/local/bin:/usr/bin:/bin:/usr/local/games:/usr/games',
16:53:18     INFO -  'PROPERTIES_FILE': '/builds/slave/test/buildprops.json',
16:53:18     INFO -  'PWD': '/builds/slave/test',
16:53:18     INFO -  'SHELL': '/bin/bash',
16:53:18     INFO -  'SHLVL': '1',
16:53:18     INFO -  'TERM': 'linux',
16:53:18     INFO -  'TMOUT': '86400',
16:53:18     INFO -  'USER': 'cltbld',
16:53:18     INFO -  'XDG_SESSION_COOKIE': '9ca12473fbb1d023794ffd180000023c-1528501932.352285-1229103633',
16:53:18     INFO -  '_': '/tools/buildbot/bin/python'}
16:53:19     INFO -  Ignoring indexes: https://pypi.python.org/simple
16:53:19     INFO -  Requirement already satisfied (use --upgrade to upgrade): functools32==3.2.3-2 in ./venv/lib/python2.7/site-packages
16:53:19     INFO - Return code: 0
16:53:19     INFO - Installing blobuploader==1.2.4 into virtualenv /builds/slave/test/build/venv
16:53:19     INFO - retry: Calling run_command with args: [['/builds/slave/test/build/venv/bin/pip', 'install', '--timeout', '120', '--no-index', '--find-links', 'http://pypi.pvt.build.mozilla.org/pub', '--find-links', 'http://pypi.pub.build.mozilla.org/pub', '--trusted-host', 'pypi.pub.build.mozilla.org', '--trusted-host', 'pypi.pvt.build.mozilla.org', 'blobuploader==1.2.4']], kwargs: {'error_level': 'warning', 'error_list': [{'substr': 'not found or a compiler error:', 'level': 'warning'}, {'regex': <_sre.SRE_Pattern object at 0x7ff3ee382110>, 'level': 'error'}, {'regex': <_sre.SRE_Pattern object at 0x7ff3ee48ae40>, 'level': 'warning'}, {'regex': <_sre.SRE_Pattern object at 0x14aa3e0>, 'level': 'debug'}, {'substr': 'command not found', 'level': 'error'}, {'regex': <_sre.SRE_Pattern object at 0x14a6a90>, 'level': 'warning'}, {'substr': 'Traceback (most recent call last)', 'level': 'error'}, {'substr': 'SyntaxError: ', 'level': 'error'}, {'substr': 'TypeError: ', 'level': 'error'}, {'substr': 'NameError: ', 'level': 'error'}, {'substr': 'ZeroDivisionError: ', 'level': 'error'}, {'regex': <_sre.SRE_Pattern object at 0x14a83f0>, 'level': 'critical'}, {'regex': <_sre.SRE_Pattern object at 0x14a8670>, 'level': 'critical'}], 'cwd': '/builds/slave/test/build', 'env': {'TMOUT': '86400', 'LOGNAME': 'cltbld', 'USER': 'cltbld', 'HOME': '/home/cltbld', 'PATH': '/usr/local/bin:/usr/local/bin:/usr/bin:/bin:/usr/local/games:/usr/games', 'DISPLAY': ':0', 'CCACHE_UMASK': '002', 'LANG': 'en_US.UTF-8', 'TERM': 'linux', 'SHELL': '/bin/bash', 'MOZ_NODE_PATH': '/usr/bin/node', 'XDG_SESSION_COOKIE': '9ca12473fbb1d023794ffd180000023c-1528501932.352285-1229103633', 'SHLVL': '1', 'NO_FAIL_ON_TEST_ERRORS': '1', 'MOZ_NO_REMOTE': '1', 'MOZ_HIDE_RESULTS_TABLE': '1', 'MAIL': '/var/mail/cltbld', '_': '/tools/buildbot/bin/python', 'NODE_PATH': '/usr/lib/nodejs:/usr/lib/node_modules:/usr/share/javascript', 'PWD': '/builds/slave/test', 'PROPERTIES_FILE': '/builds/slave/test/buildprops.json', 'CCACHE_DIR': '/builds/ccache'}}, attempt #1
16:53:19     INFO - Running command: ['/builds/slave/test/build/venv/bin/pip', 'install', '--timeout', '120', '--no-index', '--find-links', 'http://pypi.pvt.build.mozilla.org/pub', '--find-links', 'http://pypi.pub.build.mozilla.org/pub', '--trusted-host', 'pypi.pub.build.mozilla.org', '--trusted-host', 'pypi.pvt.build.mozilla.org', 'blobuploader==1.2.4'] in /builds/slave/test/build
16:53:19     INFO - Copy/paste: /builds/slave/test/build/venv/bin/pip install --timeout 120 --no-index --find-links http://pypi.pvt.build.mozilla.org/pub --find-links http://pypi.pub.build.mozilla.org/pub --trusted-host pypi.pub.build.mozilla.org --trusted-host pypi.pvt.build.mozilla.org blobuploader==1.2.4
16:53:19     INFO - Using env: {'CCACHE_DIR': '/builds/ccache',
16:53:19     INFO -  'CCACHE_UMASK': '002',
16:53:19     INFO -  'DISPLAY': ':0',
16:53:19     INFO -  'HOME': '/home/cltbld',
16:53:19     INFO -  'LANG': 'en_US.UTF-8',
16:53:19     INFO -  'LOGNAME': 'cltbld',
16:53:19     INFO -  'MAIL': '/var/mail/cltbld',
16:53:19     INFO -  'MOZ_HIDE_RESULTS_TABLE': '1',
16:53:19     INFO -  'MOZ_NODE_PATH': '/usr/bin/node',
16:53:19     INFO -  'MOZ_NO_REMOTE': '1',
16:53:19     INFO -  'NODE_PATH': '/usr/lib/nodejs:/usr/lib/node_modules:/usr/share/javascript',
16:53:19     INFO -  'NO_FAIL_ON_TEST_ERRORS': '1',
16:53:19     INFO -  'PATH': '/usr/local/bin:/usr/local/bin:/usr/bin:/bin:/usr/local/games:/usr/games',
16:53:19     INFO -  'PROPERTIES_FILE': '/builds/slave/test/buildprops.json',
16:53:19     INFO -  'PWD': '/builds/slave/test',
16:53:19     INFO -  'SHELL': '/bin/bash',
16:53:19     INFO -  'SHLVL': '1',
16:53:19     INFO -  'TERM': 'linux',
16:53:19     INFO -  'TMOUT': '86400',
16:53:19     INFO -  'USER': 'cltbld',
16:53:19     INFO -  'XDG_SESSION_COOKIE': '9ca12473fbb1d023794ffd180000023c-1528501932.352285-1229103633',
16:53:19     INFO -  '_': '/tools/buildbot/bin/python'}
16:53:20     INFO -  Ignoring indexes: https://pypi.python.org/simple
16:53:20     INFO -  Collecting blobuploader==1.2.4
16:53:20     INFO -  /builds/slave/test/build/venv/lib/python2.7/site-packages/pip/_vendor/requests/packages/urllib3/util/ssl_.py:318: SNIMissingWarning: An HTTPS request has been made, but the SNI (Subject Name Indication) extension to TLS is not available on this platform. This may cause the server to present an incorrect TLS certificate, which can cause validation failures. You can upgrade to a newer version of Python to solve this. For more information, see https://urllib3.readthedocs.org/en/latest/security.html#snimissingwarning.
16:53:20     INFO -    SNIMissingWarning
16:53:20     INFO -  /builds/slave/test/build/venv/lib/python2.7/site-packages/pip/_vendor/requests/packages/urllib3/util/ssl_.py:122: InsecurePlatformWarning: A true SSLContext object is not available. This prevents urllib3 from configuring SSL appropriately and may cause certain SSL connections to fail. You can upgrade to a newer version of Python to solve this. For more information, see https://urllib3.readthedocs.org/en/latest/security.html#insecureplatformwarning.
16:53:20     INFO -    InsecurePlatformWarning
16:53:21     INFO -  /builds/slave/test/build/venv/lib/python2.7/site-packages/pip/_vendor/requests/packages/urllib3/util/ssl_.py:122: InsecurePlatformWarning: A true SSLContext object is not available. This prevents urllib3 from configuring SSL appropriately and may cause certain SSL connections to fail. You can upgrade to a newer version of Python to solve this. For more information, see https://urllib3.readthedocs.org/en/latest/security.html#insecureplatformwarning.
16:53:21     INFO -    InsecurePlatformWarning
16:53:25     INFO -    Downloading https://pypi.pvt.build.mozilla.org/pub/blobuploader-1.2.4.tar.gz
16:53:25     INFO -  Collecting requests==1.2.3. (from blobuploader==1.2.4)
16:53:30     INFO -    Downloading https://pypi.pvt.build.mozilla.org/pub/requests-1.2.3.tar.gz (348kB)
16:53:30     INFO -  Collecting docopt==0.6.1 (from blobuploader==1.2.4)
16:53:35     INFO -    Downloading https://pypi.pvt.build.mozilla.org/pub/docopt-0.6.1.tar.gz
16:53:35     INFO -  Building wheels for collected packages: blobuploader, requests, docopt
16:53:35     INFO -    Running setup.py bdist_wheel for blobuploader: started
16:53:35     INFO -    Running setup.py bdist_wheel for blobuploader: finished with status 'done'
16:53:35     INFO -    Stored in directory: /home/cltbld/.cache/pip/wheels/a7/2a/47/2d3828e4129ffeb548a26f4a87889dc9bc1a58e201a0ff8655
16:53:36     INFO -    Running setup.py bdist_wheel for requests: started
16:53:36     INFO -    Running setup.py bdist_wheel for requests: finished with status 'done'
16:53:36     INFO -    Stored in directory: /home/cltbld/.cache/pip/wheels/65/bb/90/359b65a7043ffc879dde877c4ad827f452218808c6cccf2658
16:53:36     INFO -    Running setup.py bdist_wheel for docopt: started
16:53:37     INFO -    Running setup.py bdist_wheel for docopt: finished with status 'done'
16:53:37     INFO -    Stored in directory: /home/cltbld/.cache/pip/wheels/ac/8b/84/7dbe9ada02c48c352fa733c81648516f92c6436f9d5bffad41
16:53:37     INFO -  Successfully built blobuploader requests docopt
16:53:37     INFO -  Installing collected packages: requests, docopt, blobuploader
16:53:37     INFO -  Successfully installed blobuploader-1.2.4 docopt-0.6.1 requests-1.2.3
16:53:38     INFO - Return code: 0
16:53:38     INFO - Installing None into virtualenv /builds/slave/test/build/venv
16:53:38     INFO - retry: Calling run_command with args: [['/builds/slave/test/build/venv/bin/pip', 'install', '--no-deps', '--timeout', '120', '-r', '/builds/slave/test/build/tests/config/mozbase_requirements.txt', '--no-index', '--find-links', 'http://pypi.pvt.build.mozilla.org/pub', '--find-links', 'http://pypi.pub.build.mozilla.org/pub', '--trusted-host', 'pypi.pub.build.mozilla.org', '--trusted-host', 'pypi.pvt.build.mozilla.org']], kwargs: {'error_level': 'warning', 'error_list': [{'substr': 'not found or a compiler error:', 'level': 'warning'}, {'regex': <_sre.SRE_Pattern object at 0x7ff3ee382110>, 'level': 'error'}, {'regex': <_sre.SRE_Pattern object at 0x7ff3ee48ae40>, 'level': 'warning'}, {'regex': <_sre.SRE_Pattern object at 0x14aa3e0>, 'level': 'debug'}, {'substr': 'command not found', 'level': 'error'}, {'regex': <_sre.SRE_Pattern object at 0x14a6a90>, 'level': 'warning'}, {'substr': 'Traceback (most recent call last)', 'level': 'error'}, {'substr': 'SyntaxError: ', 'level': 'error'}, {'substr': 'TypeError: ', 'level': 'error'}, {'substr': 'NameError: ', 'level': 'error'}, {'substr': 'ZeroDivisionError: ', 'level': 'error'}, {'regex': <_sre.SRE_Pattern object at 0x14a83f0>, 'level': 'critical'}, {'regex': <_sre.SRE_Pattern object at 0x14a8670>, 'level': 'critical'}], 'cwd': '/builds/slave/test/build/tests/config', 'env': {'TMOUT': '86400', 'LOGNAME': 'cltbld', 'USER': 'cltbld', 'HOME': '/home/cltbld', 'PATH': '/usr/local/bin:/usr/local/bin:/usr/bin:/bin:/usr/local/games:/usr/games', 'DISPLAY': ':0', 'CCACHE_UMASK': '002', 'LANG': 'en_US.UTF-8', 'TERM': 'linux', 'SHELL': '/bin/bash', 'MOZ_NODE_PATH': '/usr/bin/node', 'XDG_SESSION_COOKIE': '9ca12473fbb1d023794ffd180000023c-1528501932.352285-1229103633', 'SHLVL': '1', 'NO_FAIL_ON_TEST_ERRORS': '1', 'MOZ_NO_REMOTE': '1', 'MOZ_HIDE_RESULTS_TABLE': '1', 'MAIL': '/var/mail/cltbld', '_': '/tools/buildbot/bin/python', 'NODE_PATH': '/usr/lib/nodejs:/usr/lib/node_modules:/usr/share/javascript', 'PWD': '/builds/slave/test', 'PROPERTIES_FILE': '/builds/slave/test/buildprops.json', 'CCACHE_DIR': '/builds/ccache'}}, attempt #1
16:53:38     INFO - Running command: ['/builds/slave/test/build/venv/bin/pip', 'install', '--no-deps', '--timeout', '120', '-r', '/builds/slave/test/build/tests/config/mozbase_requirements.txt', '--no-index', '--find-links', 'http://pypi.pvt.build.mozilla.org/pub', '--find-links', 'http://pypi.pub.build.mozilla.org/pub', '--trusted-host', 'pypi.pub.build.mozilla.org', '--trusted-host', 'pypi.pvt.build.mozilla.org'] in /builds/slave/test/build/tests/config
16:53:38     INFO - Copy/paste: /builds/slave/test/build/venv/bin/pip install --no-deps --timeout 120 -r /builds/slave/test/build/tests/config/mozbase_requirements.txt --no-index --find-links http://pypi.pvt.build.mozilla.org/pub --find-links http://pypi.pub.build.mozilla.org/pub --trusted-host pypi.pub.build.mozilla.org --trusted-host pypi.pvt.build.mozilla.org
16:53:38     INFO - Using env: {'CCACHE_DIR': '/builds/ccache',
16:53:38     INFO -  'CCACHE_UMASK': '002',
16:53:38     INFO -  'DISPLAY': ':0',
16:53:38     INFO -  'HOME': '/home/cltbld',
16:53:38     INFO -  'LANG': 'en_US.UTF-8',
16:53:38     INFO -  'LOGNAME': 'cltbld',
16:53:38     INFO -  'MAIL': '/var/mail/cltbld',
16:53:38     INFO -  'MOZ_HIDE_RESULTS_TABLE': '1',
16:53:38     INFO -  'MOZ_NODE_PATH': '/usr/bin/node',
16:53:38     INFO -  'MOZ_NO_REMOTE': '1',
16:53:38     INFO -  'NODE_PATH': '/usr/lib/nodejs:/usr/lib/node_modules:/usr/share/javascript',
16:53:38     INFO -  'NO_FAIL_ON_TEST_ERRORS': '1',
16:53:38     INFO -  'PATH': '/usr/local/bin:/usr/local/bin:/usr/bin:/bin:/usr/local/games:/usr/games',
16:53:38     INFO -  'PROPERTIES_FILE': '/builds/slave/test/buildprops.json',
16:53:38     INFO -  'PWD': '/builds/slave/test',
16:53:38     INFO -  'SHELL': '/bin/bash',
16:53:38     INFO -  'SHLVL': '1',
16:53:38     INFO -  'TERM': 'linux',
16:53:38     INFO -  'TMOUT': '86400',
16:53:38     INFO -  'USER': 'cltbld',
16:53:38     INFO -  'XDG_SESSION_COOKIE': '9ca12473fbb1d023794ffd180000023c-1528501932.352285-1229103633',
16:53:38     INFO -  '_': '/tools/buildbot/bin/python'}
16:53:38     INFO -  Ignoring indexes: https://pypi.python.org/simple
16:53:38     INFO -  Processing /builds/slave/test/build/tests/mozbase/manifestparser
16:53:39     INFO -  Processing /builds/slave/test/build/tests/mozbase/mozcrash
16:53:39     INFO -  Processing /builds/slave/test/build/tests/mozbase/mozdebug
16:53:40     INFO -  Processing /builds/slave/test/build/tests/mozbase/mozdevice
16:53:40     INFO -  Processing /builds/slave/test/build/tests/mozbase/mozfile
16:53:40     INFO -  Processing /builds/slave/test/build/tests/mozbase/mozhttpd
16:53:41     INFO -  Processing /builds/slave/test/build/tests/mozbase/mozinfo
16:53:41     INFO -  Processing /builds/slave/test/build/tests/mozbase/mozinstall
16:53:41     INFO -  Processing /builds/slave/test/build/tests/mozbase/mozleak
16:53:42     INFO -  Processing /builds/slave/test/build/tests/mozbase/mozlog
16:53:42     INFO -  Processing /builds/slave/test/build/tests/mozbase/moznetwork
16:53:42     INFO -  Processing /builds/slave/test/build/tests/mozbase/mozprocess
16:53:43     INFO -  Processing /builds/slave/test/build/tests/mozbase/mozprofile
16:53:43     INFO -  Processing /builds/slave/test/build/tests/mozbase/mozrunner
16:53:44     INFO -  Processing /builds/slave/test/build/tests/mozbase/mozscreenshot
16:53:44     INFO -  Processing /builds/slave/test/build/tests/mozbase/moztest
16:53:44     INFO -  Processing /builds/slave/test/build/tests/mozbase/mozversion
16:53:45     INFO -  Installing collected packages: manifestparser, mozcrash, mozdebug, mozdevice, mozfile, mozhttpd, mozinfo, mozInstall, mozleak, mozlog, moznetwork, mozprocess, mozprofile, mozrunner, mozscreenshot, moztest, mozversion
16:53:45     INFO -    Running setup.py install for manifestparser: started
16:53:45     INFO -      Running setup.py install for manifestparser: finished with status 'done'
16:53:45     INFO -    Running setup.py install for mozcrash: started
16:53:45     INFO -      Running setup.py install for mozcrash: finished with status 'done'
16:53:45     INFO -    Running setup.py install for mozdebug: started
16:53:46     INFO -      Running setup.py install for mozdebug: finished with status 'done'
16:53:46     INFO -    Running setup.py install for mozdevice: started
16:53:46     INFO -      Running setup.py install for mozdevice: finished with status 'done'
16:53:46     INFO -    Running setup.py install for mozfile: started
16:53:47     INFO -      Running setup.py install for mozfile: finished with status 'done'
16:53:47     INFO -    Running setup.py install for mozhttpd: started
16:53:47     INFO -      Running setup.py install for mozhttpd: finished with status 'done'
16:53:47     INFO -    Running setup.py install for mozinfo: started
16:53:48     INFO -      Running setup.py install for mozinfo: finished with status 'done'
16:53:48     INFO -    Running setup.py install for mozInstall: started
16:53:48     INFO -      Running setup.py install for mozInstall: finished with status 'done'
16:53:48     INFO -    Running setup.py install for mozleak: started
16:53:48     INFO -      Running setup.py install for mozleak: finished with status 'done'
16:53:48     INFO -    Running setup.py install for mozlog: started
16:53:49     INFO -      Running setup.py install for mozlog: finished with status 'done'
16:53:49     INFO -    Running setup.py install for moznetwork: started
16:53:49     INFO -      Running setup.py install for moznetwork: finished with status 'done'
16:53:49     INFO -    Running setup.py install for mozprocess: started
16:53:50     INFO -      Running setup.py install for mozprocess: finished with status 'done'
16:53:50     INFO -    Running setup.py install for mozprofile: started
16:53:50     INFO -      Running setup.py install for mozprofile: finished with status 'done'
16:53:50     INFO -    Running setup.py install for mozrunner: started
16:53:51     INFO -      Running setup.py install for mozrunner: finished with status 'done'
16:53:51     INFO -    Running setup.py install for mozscreenshot: started
16:53:51     INFO -      Running setup.py install for mozscreenshot: finished with status 'done'
16:53:51     INFO -    Running setup.py install for moztest: started
16:53:52     INFO -      Running setup.py install for moztest: finished with status 'done'
16:53:52     INFO -    Running setup.py install for mozversion: started
16:53:52     INFO -      Running setup.py install for mozversion: finished with status 'done'
16:53:53     INFO -  Successfully installed manifestparser-1.1 mozInstall-1.12 mozcrash-1.0 mozdebug-0.1 mozdevice-0.48 mozfile-1.2 mozhttpd-0.7 mozinfo-0.9 mozleak-0.1 mozlog-3.4 moznetwork-0.27 mozprocess-0.23 mozprofile-0.28 mozrunner-6.13 mozscreenshot-0.1 moztest-0.8 mozversion-1.4
16:53:53     INFO - Return code: 0
16:53:53     INFO - Installing None into virtualenv /builds/slave/test/build/venv
16:53:53     INFO - retry: Calling run_command with args: [['/builds/slave/test/build/venv/bin/pip', 'install', '--timeout', '120', '-r', '/builds/slave/test/build/tests/config/mozbase_requirements.txt', '--no-index', '--find-links', 'http://pypi.pvt.build.mozilla.org/pub', '--find-links', 'http://pypi.pub.build.mozilla.org/pub', '--trusted-host', 'pypi.pub.build.mozilla.org', '--trusted-host', 'pypi.pvt.build.mozilla.org']], kwargs: {'error_level': 'warning', 'error_list': [{'substr': 'not found or a compiler error:', 'level': 'warning'}, {'regex': <_sre.SRE_Pattern object at 0x7ff3ee382110>, 'level': 'error'}, {'regex': <_sre.SRE_Pattern object at 0x7ff3ee48ae40>, 'level': 'warning'}, {'regex': <_sre.SRE_Pattern object at 0x14aa3e0>, 'level': 'debug'}, {'substr': 'command not found', 'level': 'error'}, {'regex': <_sre.SRE_Pattern object at 0x14a6a90>, 'level': 'warning'}, {'substr': 'Traceback (most recent call last)', 'level': 'error'}, {'substr': 'SyntaxError: ', 'level': 'error'}, {'substr': 'TypeError: ', 'level': 'error'}, {'substr': 'NameError: ', 'level': 'error'}, {'substr': 'ZeroDivisionError: ', 'level': 'error'}, {'regex': <_sre.SRE_Pattern object at 0x14a83f0>, 'level': 'critical'}, {'regex': <_sre.SRE_Pattern object at 0x14a8670>, 'level': 'critical'}], 'cwd': '/builds/slave/test/build/tests/config', 'env': {'TMOUT': '86400', 'LOGNAME': 'cltbld', 'USER': 'cltbld', 'HOME': '/home/cltbld', 'PATH': '/usr/local/bin:/usr/local/bin:/usr/bin:/bin:/usr/local/games:/usr/games', 'DISPLAY': ':0', 'CCACHE_UMASK': '002', 'LANG': 'en_US.UTF-8', 'TERM': 'linux', 'SHELL': '/bin/bash', 'MOZ_NODE_PATH': '/usr/bin/node', 'XDG_SESSION_COOKIE': '9ca12473fbb1d023794ffd180000023c-1528501932.352285-1229103633', 'SHLVL': '1', 'NO_FAIL_ON_TEST_ERRORS': '1', 'MOZ_NO_REMOTE': '1', 'MOZ_HIDE_RESULTS_TABLE': '1', 'MAIL': '/var/mail/cltbld', '_': '/tools/buildbot/bin/python', 'NODE_PATH': '/usr/lib/nodejs:/usr/lib/node_modules:/usr/share/javascript', 'PWD': '/builds/slave/test', 'PROPERTIES_FILE': '/builds/slave/test/buildprops.json', 'CCACHE_DIR': '/builds/ccache'}}, attempt #1
16:53:53     INFO - Running command: ['/builds/slave/test/build/venv/bin/pip', 'install', '--timeout', '120', '-r', '/builds/slave/test/build/tests/config/mozbase_requirements.txt', '--no-index', '--find-links', 'http://pypi.pvt.build.mozilla.org/pub', '--find-links', 'http://pypi.pub.build.mozilla.org/pub', '--trusted-host', 'pypi.pub.build.mozilla.org', '--trusted-host', 'pypi.pvt.build.mozilla.org'] in /builds/slave/test/build/tests/config
16:53:53     INFO - Copy/paste: /builds/slave/test/build/venv/bin/pip install --timeout 120 -r /builds/slave/test/build/tests/config/mozbase_requirements.txt --no-index --find-links http://pypi.pvt.build.mozilla.org/pub --find-links http://pypi.pub.build.mozilla.org/pub --trusted-host pypi.pub.build.mozilla.org --trusted-host pypi.pvt.build.mozilla.org
16:53:53     INFO - Using env: {'CCACHE_DIR': '/builds/ccache',
16:53:53     INFO -  'CCACHE_UMASK': '002',
16:53:53     INFO -  'DISPLAY': ':0',
16:53:53     INFO -  'HOME': '/home/cltbld',
16:53:53     INFO -  'LANG': 'en_US.UTF-8',
16:53:53     INFO -  'LOGNAME': 'cltbld',
16:53:53     INFO -  'MAIL': '/var/mail/cltbld',
16:53:53     INFO -  'MOZ_HIDE_RESULTS_TABLE': '1',
16:53:53     INFO -  'MOZ_NODE_PATH': '/usr/bin/node',
16:53:53     INFO -  'MOZ_NO_REMOTE': '1',
16:53:53     INFO -  'NODE_PATH': '/usr/lib/nodejs:/usr/lib/node_modules:/usr/share/javascript',
16:53:53     INFO -  'NO_FAIL_ON_TEST_ERRORS': '1',
16:53:53     INFO -  'PATH': '/usr/local/bin:/usr/local/bin:/usr/bin:/bin:/usr/local/games:/usr/games',
16:53:53     INFO -  'PROPERTIES_FILE': '/builds/slave/test/buildprops.json',
16:53:53     INFO -  'PWD': '/builds/slave/test',
16:53:53     INFO -  'SHELL': '/bin/bash',
16:53:53     INFO -  'SHLVL': '1',
16:53:53     INFO -  'TERM': 'linux',
16:53:53     INFO -  'TMOUT': '86400',
16:53:53     INFO -  'USER': 'cltbld',
16:53:53     INFO -  'XDG_SESSION_COOKIE': '9ca12473fbb1d023794ffd180000023c-1528501932.352285-1229103633',
16:53:53     INFO -  '_': '/tools/buildbot/bin/python'}
16:53:54     INFO -  Ignoring indexes: https://pypi.python.org/simple
16:53:54     INFO -  Processing /builds/slave/test/build/tests/mozbase/manifestparser
16:53:54     INFO -    Requirement already satisfied (use --upgrade to upgrade): manifestparser==1.1 from file:///builds/slave/test/build/tests/mozbase/manifestparser in /builds/slave/test/build/venv/lib/python2.7/site-packages (from -r /builds/slave/test/build/tests/config/mozbase_requirements.txt (line 1))
16:53:54     INFO -  Processing /builds/slave/test/build/tests/mozbase/mozcrash
16:53:54     INFO -    Requirement already satisfied (use --upgrade to upgrade): mozcrash==1.0 from file:///builds/slave/test/build/tests/mozbase/mozcrash in /builds/slave/test/build/venv/lib/python2.7/site-packages (from -r /builds/slave/test/build/tests/config/mozbase_requirements.txt (line 2))
16:53:54     INFO -  Processing /builds/slave/test/build/tests/mozbase/mozdebug
16:53:55     INFO -    Requirement already satisfied (use --upgrade to upgrade): mozdebug==0.1 from file:///builds/slave/test/build/tests/mozbase/mozdebug in /builds/slave/test/build/venv/lib/python2.7/site-packages (from -r /builds/slave/test/build/tests/config/mozbase_requirements.txt (line 3))
16:53:55     INFO -  Processing /builds/slave/test/build/tests/mozbase/mozdevice
16:53:55     INFO -    Requirement already satisfied (use --upgrade to upgrade): mozdevice==0.48 from file:///builds/slave/test/build/tests/mozbase/mozdevice in /builds/slave/test/build/venv/lib/python2.7/site-packages (from -r /builds/slave/test/build/tests/config/mozbase_requirements.txt (line 4))
16:53:55     INFO -  Processing /builds/slave/test/build/tests/mozbase/mozfile
16:53:56     INFO -    Requirement already satisfied (use --upgrade to upgrade): mozfile==1.2 from file:///builds/slave/test/build/tests/mozbase/mozfile in /builds/slave/test/build/venv/lib/python2.7/site-packages (from -r /builds/slave/test/build/tests/config/mozbase_requirements.txt (line 5))
16:53:56     INFO -  Processing /builds/slave/test/build/tests/mozbase/mozhttpd
16:53:56     INFO -    Requirement already satisfied (use --upgrade to upgrade): mozhttpd==0.7 from file:///builds/slave/test/build/tests/mozbase/mozhttpd in /builds/slave/test/build/venv/lib/python2.7/site-packages (from -r /builds/slave/test/build/tests/config/mozbase_requirements.txt (line 6))
16:53:56     INFO -  Processing /builds/slave/test/build/tests/mozbase/mozinfo
16:53:56     INFO -    Requirement already satisfied (use --upgrade to upgrade): mozinfo==0.9 from file:///builds/slave/test/build/tests/mozbase/mozinfo in /builds/slave/test/build/venv/lib/python2.7/site-packages (from -r /builds/slave/test/build/tests/config/mozbase_requirements.txt (line 7))
16:53:56     INFO -  Processing /builds/slave/test/build/tests/mozbase/mozinstall
16:53:57     INFO -    Requirement already satisfied (use --upgrade to upgrade): mozInstall==1.12 from file:///builds/slave/test/build/tests/mozbase/mozinstall in /builds/slave/test/build/venv/lib/python2.7/site-packages (from -r /builds/slave/test/build/tests/config/mozbase_requirements.txt (line 8))
16:53:57     INFO -  Processing /builds/slave/test/build/tests/mozbase/mozleak
16:53:57     INFO -    Requirement already satisfied (use --upgrade to upgrade): mozleak==0.1 from file:///builds/slave/test/build/tests/mozbase/mozleak in /builds/slave/test/build/venv/lib/python2.7/site-packages (from -r /builds/slave/test/build/tests/config/mozbase_requirements.txt (line 9))
16:53:57     INFO -  Processing /builds/slave/test/build/tests/mozbase/mozlog
16:53:58     INFO -    Requirement already satisfied (use --upgrade to upgrade): mozlog==3.4 from file:///builds/slave/test/build/tests/mozbase/mozlog in /builds/slave/test/build/venv/lib/python2.7/site-packages (from -r /builds/slave/test/build/tests/config/mozbase_requirements.txt (line 10))
16:53:58     INFO -  Processing /builds/slave/test/build/tests/mozbase/moznetwork
16:53:58     INFO -    Requirement already satisfied (use --upgrade to upgrade): moznetwork==0.27 from file:///builds/slave/test/build/tests/mozbase/moznetwork in /builds/slave/test/build/venv/lib/python2.7/site-packages (from -r /builds/slave/test/build/tests/config/mozbase_requirements.txt (line 11))
16:53:58     INFO -  Processing /builds/slave/test/build/tests/mozbase/mozprocess
16:53:58     INFO -    Requirement already satisfied (use --upgrade to upgrade): mozprocess==0.23 from file:///builds/slave/test/build/tests/mozbase/mozprocess in /builds/slave/test/build/venv/lib/python2.7/site-packages (from -r /builds/slave/test/build/tests/config/mozbase_requirements.txt (line 12))
16:53:58     INFO -  Processing /builds/slave/test/build/tests/mozbase/mozprofile
16:53:59     INFO -    Requirement already satisfied (use --upgrade to upgrade): mozprofile==0.28 from file:///builds/slave/test/build/tests/mozbase/mozprofile in /builds/slave/test/build/venv/lib/python2.7/site-packages (from -r /builds/slave/test/build/tests/config/mozbase_requirements.txt (line 13))
16:53:59     INFO -  Processing /builds/slave/test/build/tests/mozbase/mozrunner
16:53:59     INFO -    Requirement already satisfied (use --upgrade to upgrade): mozrunner==6.13 from file:///builds/slave/test/build/tests/mozbase/mozrunner in /builds/slave/test/build/venv/lib/python2.7/site-packages (from -r /builds/slave/test/build/tests/config/mozbase_requirements.txt (line 14))
16:53:59     INFO -  Processing /builds/slave/test/build/tests/mozbase/mozscreenshot
16:53:59     INFO -    Requirement already satisfied (use --upgrade to upgrade): mozscreenshot==0.1 from file:///builds/slave/test/build/tests/mozbase/mozscreenshot in /builds/slave/test/build/venv/lib/python2.7/site-packages (from -r /builds/slave/test/build/tests/config/mozbase_requirements.txt (line 15))
16:53:59     INFO -  Processing /builds/slave/test/build/tests/mozbase/moztest
16:54:00     INFO -    Requirement already satisfied (use --upgrade to upgrade): moztest==0.8 from file:///builds/slave/test/build/tests/mozbase/moztest in /builds/slave/test/build/venv/lib/python2.7/site-packages (from -r /builds/slave/test/build/tests/config/mozbase_requirements.txt (line 16))
16:54:00     INFO -  Processing /builds/slave/test/build/tests/mozbase/mozversion
16:54:00     INFO -    Requirement already satisfied (use --upgrade to upgrade): mozversion==1.4 from file:///builds/slave/test/build/tests/mozbase/mozversion in /builds/slave/test/build/venv/lib/python2.7/site-packages (from -r /builds/slave/test/build/tests/config/mozbase_requirements.txt (line 17))
16:54:00     INFO -  Requirement already satisfied (use --upgrade to upgrade): mozfile>=1.0 in /builds/slave/test/build/venv/lib/python2.7/site-packages (from mozcrash==1.0->-r /builds/slave/test/build/tests/config/mozbase_requirements.txt (line 2))
16:54:00     INFO -  Requirement already satisfied (use --upgrade to upgrade): mozlog>=3.0 in /builds/slave/test/build/venv/lib/python2.7/site-packages (from mozcrash==1.0->-r /builds/slave/test/build/tests/config/mozbase_requirements.txt (line 2))
16:54:00     INFO -  Requirement already satisfied (use --upgrade to upgrade): mozinfo in /builds/slave/test/build/venv/lib/python2.7/site-packages (from mozdebug==0.1->-r /builds/slave/test/build/tests/config/mozbase_requirements.txt (line 3))
16:54:00     INFO -  Requirement already satisfied (use --upgrade to upgrade): moznetwork>=0.24 in /builds/slave/test/build/venv/lib/python2.7/site-packages (from mozdevice==0.48->-r /builds/slave/test/build/tests/config/mozbase_requirements.txt (line 4))
16:54:00     INFO -  Requirement already satisfied (use --upgrade to upgrade): mozprocess>=0.19 in /builds/slave/test/build/venv/lib/python2.7/site-packages (from mozdevice==0.48->-r /builds/slave/test/build/tests/config/mozbase_requirements.txt (line 4))
16:54:00     INFO -  Collecting blessings>=1.3 (from mozlog==3.4->-r /builds/slave/test/build/tests/config/mozbase_requirements.txt (line 10))
16:54:00     INFO -  /builds/slave/test/build/venv/lib/python2.7/site-packages/pip/_vendor/requests/packages/urllib3/util/ssl_.py:318: SNIMissingWarning: An HTTPS request has been made, but the SNI (Subject Name Indication) extension to TLS is not available on this platform. This may cause the server to present an incorrect TLS certificate, which can cause validation failures. You can upgrade to a newer version of Python to solve this. For more information, see https://urllib3.readthedocs.org/en/latest/security.html#snimissingwarning.
16:54:00     INFO -    SNIMissingWarning
16:54:00     INFO -  /builds/slave/test/build/venv/lib/python2.7/site-packages/pip/_vendor/requests/packages/urllib3/util/ssl_.py:122: InsecurePlatformWarning: A true SSLContext object is not available. This prevents urllib3 from configuring SSL appropriately and may cause certain SSL connections to fail. You can upgrade to a newer version of Python to solve this. For more information, see https://urllib3.readthedocs.org/en/latest/security.html#insecureplatformwarning.
16:54:00     INFO -    InsecurePlatformWarning
16:54:02     INFO -  /builds/slave/test/build/venv/lib/python2.7/site-packages/pip/_vendor/requests/packages/urllib3/util/ssl_.py:122: InsecurePlatformWarning: A true SSLContext object is not available. This prevents urllib3 from configuring SSL appropriately and may cause certain SSL connections to fail. You can upgrade to a newer version of Python to solve this. For more information, see https://urllib3.readthedocs.org/en/latest/security.html#insecureplatformwarning.
16:54:02     INFO -    InsecurePlatformWarning
16:54:05     INFO -    Downloading https://pypi.pvt.build.mozilla.org/pub/blessings-1.6.tar.gz
16:54:06     INFO -  Building wheels for collected packages: blessings
16:54:06     INFO -    Running setup.py bdist_wheel for blessings: started
16:54:06     INFO -    Running setup.py bdist_wheel for blessings: finished with status 'done'
16:54:06     INFO -    Stored in directory: /home/cltbld/.cache/pip/wheels/fb/37/ae/c6b15ed5da2ead5847df54c8319487050d4dcc950c9795eae9
16:54:06     INFO -  Successfully built blessings
16:54:06     INFO -  Installing collected packages: blessings
16:54:06     INFO -  Successfully installed blessings-1.6
16:54:07     INFO - Return code: 0
16:54:07     INFO - Installing pip>=1.5 into virtualenv /builds/slave/test/build/venv
16:54:07     INFO - retry: Calling run_command with args: [['/builds/slave/test/build/venv/bin/pip', 'install', '--timeout', '120', '--no-index', '--find-links', 'http://pypi.pvt.build.mozilla.org/pub', '--find-links', 'http://pypi.pub.build.mozilla.org/pub', '--trusted-host', 'pypi.pub.build.mozilla.org', '--trusted-host', 'pypi.pvt.build.mozilla.org', 'pip>=1.5']], kwargs: {'error_level': 'warning', 'error_list': [{'substr': 'not found or a compiler error:', 'level': 'warning'}, {'regex': <_sre.SRE_Pattern object at 0x7ff3ee382110>, 'level': 'error'}, {'regex': <_sre.SRE_Pattern object at 0x7ff3ee48ae40>, 'level': 'warning'}, {'regex': <_sre.SRE_Pattern object at 0x14aa3e0>, 'level': 'debug'}, {'substr': 'command not found', 'level': 'error'}, {'regex': <_sre.SRE_Pattern object at 0x14a6a90>, 'level': 'warning'}, {'substr': 'Traceback (most recent call last)', 'level': 'error'}, {'substr': 'SyntaxError: ', 'level': 'error'}, {'substr': 'TypeError: ', 'level': 'error'}, {'substr': 'NameError: ', 'level': 'error'}, {'substr': 'ZeroDivisionError: ', 'level': 'error'}, {'regex': <_sre.SRE_Pattern object at 0x14a83f0>, 'level': 'critical'}, {'regex': <_sre.SRE_Pattern object at 0x14a8670>, 'level': 'critical'}], 'cwd': '/builds/slave/test/build', 'env': {'TMOUT': '86400', 'LOGNAME': 'cltbld', 'USER': 'cltbld', 'HOME': '/home/cltbld', 'PATH': '/usr/local/bin:/usr/local/bin:/usr/bin:/bin:/usr/local/games:/usr/games', 'DISPLAY': ':0', 'CCACHE_UMASK': '002', 'LANG': 'en_US.UTF-8', 'TERM': 'linux', 'SHELL': '/bin/bash', 'MOZ_NODE_PATH': '/usr/bin/node', 'XDG_SESSION_COOKIE': '9ca12473fbb1d023794ffd180000023c-1528501932.352285-1229103633', 'SHLVL': '1', 'NO_FAIL_ON_TEST_ERRORS': '1', 'MOZ_NO_REMOTE': '1', 'MOZ_HIDE_RESULTS_TABLE': '1', 'MAIL': '/var/mail/cltbld', '_': '/tools/buildbot/bin/python', 'NODE_PATH': '/usr/lib/nodejs:/usr/lib/node_modules:/usr/share/javascript', 'PWD': '/builds/slave/test', 'PROPERTIES_FILE': '/builds/slave/test/buildprops.json', 'CCACHE_DIR': '/builds/ccache'}}, attempt #1
16:54:07     INFO - Running command: ['/builds/slave/test/build/venv/bin/pip', 'install', '--timeout', '120', '--no-index', '--find-links', 'http://pypi.pvt.build.mozilla.org/pub', '--find-links', 'http://pypi.pub.build.mozilla.org/pub', '--trusted-host', 'pypi.pub.build.mozilla.org', '--trusted-host', 'pypi.pvt.build.mozilla.org', 'pip>=1.5'] in /builds/slave/test/build
16:54:07     INFO - Copy/paste: /builds/slave/test/build/venv/bin/pip install --timeout 120 --no-index --find-links http://pypi.pvt.build.mozilla.org/pub --find-links http://pypi.pub.build.mozilla.org/pub --trusted-host pypi.pub.build.mozilla.org --trusted-host pypi.pvt.build.mozilla.org pip>=1.5
16:54:07     INFO - Using env: {'CCACHE_DIR': '/builds/ccache',
16:54:07     INFO -  'CCACHE_UMASK': '002',
16:54:07     INFO -  'DISPLAY': ':0',
16:54:07     INFO -  'HOME': '/home/cltbld',
16:54:07     INFO -  'LANG': 'en_US.UTF-8',
16:54:07     INFO -  'LOGNAME': 'cltbld',
16:54:07     INFO -  'MAIL': '/var/mail/cltbld',
16:54:07     INFO -  'MOZ_HIDE_RESULTS_TABLE': '1',
16:54:07     INFO -  'MOZ_NODE_PATH': '/usr/bin/node',
16:54:07     INFO -  'MOZ_NO_REMOTE': '1',
16:54:07     INFO -  'NODE_PATH': '/usr/lib/nodejs:/usr/lib/node_modules:/usr/share/javascript',
16:54:07     INFO -  'NO_FAIL_ON_TEST_ERRORS': '1',
16:54:07     INFO -  'PATH': '/usr/local/bin:/usr/local/bin:/usr/bin:/bin:/usr/local/games:/usr/games',
16:54:07     INFO -  'PROPERTIES_FILE': '/builds/slave/test/buildprops.json',
16:54:07     INFO -  'PWD': '/builds/slave/test',
16:54:07     INFO -  'SHELL': '/bin/bash',
16:54:07     INFO -  'SHLVL': '1',
16:54:07     INFO -  'TERM': 'linux',
16:54:07     INFO -  'TMOUT': '86400',
16:54:07     INFO -  'USER': 'cltbld',
16:54:07     INFO -  'XDG_SESSION_COOKIE': '9ca12473fbb1d023794ffd180000023c-1528501932.352285-1229103633',
16:54:07     INFO -  '_': '/tools/buildbot/bin/python'}
16:54:07     INFO -  Ignoring indexes: https://pypi.python.org/simple
16:54:07     INFO -  Requirement already satisfied (use --upgrade to upgrade): pip>=1.5 in ./venv/lib/python2.7/site-packages
16:54:08     INFO - Return code: 0
16:54:08     INFO - Installing psutil==3.1.1 into virtualenv /builds/slave/test/build/venv
16:54:08     INFO - retry: Calling run_command with args: [['/builds/slave/test/build/venv/bin/pip', 'install', '--timeout', '120', '--no-index', '--find-links', 'http://pypi.pvt.build.mozilla.org/pub', '--find-links', 'http://pypi.pub.build.mozilla.org/pub', '--trusted-host', 'pypi.pub.build.mozilla.org', '--trusted-host', 'pypi.pvt.build.mozilla.org', 'psutil==3.1.1']], kwargs: {'error_level': 'warning', 'error_list': [{'substr': 'not found or a compiler error:', 'level': 'warning'}, {'regex': <_sre.SRE_Pattern object at 0x7ff3ee382110>, 'level': 'error'}, {'regex': <_sre.SRE_Pattern object at 0x7ff3ee48ae40>, 'level': 'warning'}, {'regex': <_sre.SRE_Pattern object at 0x14aa3e0>, 'level': 'debug'}, {'substr': 'command not found', 'level': 'error'}, {'regex': <_sre.SRE_Pattern object at 0x14a6a90>, 'level': 'warning'}, {'substr': 'Traceback (most recent call last)', 'level': 'error'}, {'substr': 'SyntaxError: ', 'level': 'error'}, {'substr': 'TypeError: ', 'level': 'error'}, {'substr': 'NameError: ', 'level': 'error'}, {'substr': 'ZeroDivisionError: ', 'level': 'error'}, {'regex': <_sre.SRE_Pattern object at 0x14a83f0>, 'level': 'critical'}, {'regex': <_sre.SRE_Pattern object at 0x14a8670>, 'level': 'critical'}], 'cwd': '/builds/slave/test/build', 'env': {'TMOUT': '86400', 'LOGNAME': 'cltbld', 'USER': 'cltbld', 'HOME': '/home/cltbld', 'PATH': '/usr/local/bin:/usr/local/bin:/usr/bin:/bin:/usr/local/games:/usr/games', 'DISPLAY': ':0', 'CCACHE_UMASK': '002', 'LANG': 'en_US.UTF-8', 'TERM': 'linux', 'SHELL': '/bin/bash', 'MOZ_NODE_PATH': '/usr/bin/node', 'XDG_SESSION_COOKIE': '9ca12473fbb1d023794ffd180000023c-1528501932.352285-1229103633', 'SHLVL': '1', 'NO_FAIL_ON_TEST_ERRORS': '1', 'MOZ_NO_REMOTE': '1', 'MOZ_HIDE_RESULTS_TABLE': '1', 'MAIL': '/var/mail/cltbld', '_': '/tools/buildbot/bin/python', 'NODE_PATH': '/usr/lib/nodejs:/usr/lib/node_modules:/usr/share/javascript', 'PWD': '/builds/slave/test', 'PROPERTIES_FILE': '/builds/slave/test/buildprops.json', 'CCACHE_DIR': '/builds/ccache'}}, attempt #1
16:54:08     INFO - Running command: ['/builds/slave/test/build/venv/bin/pip', 'install', '--timeout', '120', '--no-index', '--find-links', 'http://pypi.pvt.build.mozilla.org/pub', '--find-links', 'http://pypi.pub.build.mozilla.org/pub', '--trusted-host', 'pypi.pub.build.mozilla.org', '--trusted-host', 'pypi.pvt.build.mozilla.org', 'psutil==3.1.1'] in /builds/slave/test/build
16:54:08     INFO - Copy/paste: /builds/slave/test/build/venv/bin/pip install --timeout 120 --no-index --find-links http://pypi.pvt.build.mozilla.org/pub --find-links http://pypi.pub.build.mozilla.org/pub --trusted-host pypi.pub.build.mozilla.org --trusted-host pypi.pvt.build.mozilla.org psutil==3.1.1
16:54:08     INFO - Using env: {'CCACHE_DIR': '/builds/ccache',
16:54:08     INFO -  'CCACHE_UMASK': '002',
16:54:08     INFO -  'DISPLAY': ':0',
16:54:08     INFO -  'HOME': '/home/cltbld',
16:54:08     INFO -  'LANG': 'en_US.UTF-8',
16:54:08     INFO -  'LOGNAME': 'cltbld',
16:54:08     INFO -  'MAIL': '/var/mail/cltbld',
16:54:08     INFO -  'MOZ_HIDE_RESULTS_TABLE': '1',
16:54:08     INFO -  'MOZ_NODE_PATH': '/usr/bin/node',
16:54:08     INFO -  'MOZ_NO_REMOTE': '1',
16:54:08     INFO -  'NODE_PATH': '/usr/lib/nodejs:/usr/lib/node_modules:/usr/share/javascript',
16:54:08     INFO -  'NO_FAIL_ON_TEST_ERRORS': '1',
16:54:08     INFO -  'PATH': '/usr/local/bin:/usr/local/bin:/usr/bin:/bin:/usr/local/games:/usr/games',
16:54:08     INFO -  'PROPERTIES_FILE': '/builds/slave/test/buildprops.json',
16:54:08     INFO -  'PWD': '/builds/slave/test',
16:54:08     INFO -  'SHELL': '/bin/bash',
16:54:08     INFO -  'SHLVL': '1',
16:54:08     INFO -  'TERM': 'linux',
16:54:08     INFO -  'TMOUT': '86400',
16:54:08     INFO -  'USER': 'cltbld',
16:54:08     INFO -  'XDG_SESSION_COOKIE': '9ca12473fbb1d023794ffd180000023c-1528501932.352285-1229103633',
16:54:08     INFO -  '_': '/tools/buildbot/bin/python'}
16:54:08     INFO -  Ignoring indexes: https://pypi.python.org/simple
16:54:08     INFO -  Collecting psutil==3.1.1
16:54:09     INFO -  /builds/slave/test/build/venv/lib/python2.7/site-packages/pip/_vendor/requests/packages/urllib3/util/ssl_.py:318: SNIMissingWarning: An HTTPS request has been made, but the SNI (Subject Name Indication) extension to TLS is not available on this platform. This may cause the server to present an incorrect TLS certificate, which can cause validation failures. You can upgrade to a newer version of Python to solve this. For more information, see https://urllib3.readthedocs.org/en/latest/security.html#snimissingwarning.
16:54:09     INFO -    SNIMissingWarning
16:54:09     INFO -  /builds/slave/test/build/venv/lib/python2.7/site-packages/pip/_vendor/requests/packages/urllib3/util/ssl_.py:122: InsecurePlatformWarning: A true SSLContext object is not available. This prevents urllib3 from configuring SSL appropriately and may cause certain SSL connections to fail. You can upgrade to a newer version of Python to solve this. For more information, see https://urllib3.readthedocs.org/en/latest/security.html#insecureplatformwarning.
16:54:09     INFO -    InsecurePlatformWarning
16:54:10     INFO -  /builds/slave/test/build/venv/lib/python2.7/site-packages/pip/_vendor/requests/packages/urllib3/util/ssl_.py:122: InsecurePlatformWarning: A true SSLContext object is not available. This prevents urllib3 from configuring SSL appropriately and may cause certain SSL connections to fail. You can upgrade to a newer version of Python to solve this. For more information, see https://urllib3.readthedocs.org/en/latest/security.html#insecureplatformwarning.
16:54:10     INFO -    InsecurePlatformWarning
16:54:13     INFO -    Downloading https://pypi.pvt.build.mozilla.org/pub/psutil-3.1.1.tar.gz (247kB)
16:54:14     INFO -  Building wheels for collected packages: psutil
16:54:14     INFO -    Running setup.py bdist_wheel for psutil: started
16:54:15     INFO -    Running setup.py bdist_wheel for psutil: finished with status 'done'
16:54:15     INFO -    Stored in directory: /home/cltbld/.cache/pip/wheels/1e/e6/25/f0494673fc8d727828e74362e3beb4cbaf34d8be516156ba0c
16:54:15     INFO -  Successfully built psutil
16:54:15     INFO -  Installing collected packages: psutil
16:54:15     INFO -    Found existing installation: psutil 5.4.3
16:54:15     INFO -      Uninstalling psutil-5.4.3:
16:54:15     INFO -        Successfully uninstalled psutil-5.4.3
16:54:16     INFO -  Successfully installed psutil-3.1.1
16:54:16     INFO - Return code: 0
16:54:16     INFO - Installing mock into virtualenv /builds/slave/test/build/venv
16:54:16     INFO - retry: Calling run_command with args: [['/builds/slave/test/build/venv/bin/pip', 'install', '--timeout', '120', '--no-index', '--find-links', 'http://pypi.pvt.build.mozilla.org/pub', '--find-links', 'http://pypi.pub.build.mozilla.org/pub', '--trusted-host', 'pypi.pub.build.mozilla.org', '--trusted-host', 'pypi.pvt.build.mozilla.org', 'mock']], kwargs: {'error_level': 'warning', 'error_list': [{'substr': 'not found or a compiler error:', 'level': 'warning'}, {'regex': <_sre.SRE_Pattern object at 0x7ff3ee382110>, 'level': 'error'}, {'regex': <_sre.SRE_Pattern object at 0x7ff3ee48ae40>, 'level': 'warning'}, {'regex': <_sre.SRE_Pattern object at 0x14aa3e0>, 'level': 'debug'}, {'substr': 'command not found', 'level': 'error'}, {'regex': <_sre.SRE_Pattern object at 0x14a6a90>, 'level': 'warning'}, {'substr': 'Traceback (most recent call last)', 'level': 'error'}, {'substr': 'SyntaxError: ', 'level': 'error'}, {'substr': 'TypeError: ', 'level': 'error'}, {'substr': 'NameError: ', 'level': 'error'}, {'substr': 'ZeroDivisionError: ', 'level': 'error'}, {'regex': <_sre.SRE_Pattern object at 0x14a83f0>, 'level': 'critical'}, {'regex': <_sre.SRE_Pattern object at 0x14a8670>, 'level': 'critical'}], 'cwd': '/builds/slave/test/build', 'env': {'TMOUT': '86400', 'LOGNAME': 'cltbld', 'USER': 'cltbld', 'HOME': '/home/cltbld', 'PATH': '/usr/local/bin:/usr/local/bin:/usr/bin:/bin:/usr/local/games:/usr/games', 'DISPLAY': ':0', 'CCACHE_UMASK': '002', 'LANG': 'en_US.UTF-8', 'TERM': 'linux', 'SHELL': '/bin/bash', 'MOZ_NODE_PATH': '/usr/bin/node', 'XDG_SESSION_COOKIE': '9ca12473fbb1d023794ffd180000023c-1528501932.352285-1229103633', 'SHLVL': '1', 'NO_FAIL_ON_TEST_ERRORS': '1', 'MOZ_NO_REMOTE': '1', 'MOZ_HIDE_RESULTS_TABLE': '1', 'MAIL': '/var/mail/cltbld', '_': '/tools/buildbot/bin/python', 'NODE_PATH': '/usr/lib/nodejs:/usr/lib/node_modules:/usr/share/javascript', 'PWD': '/builds/slave/test', 'PROPERTIES_FILE': '/builds/slave/test/buildprops.json', 'CCACHE_DIR': '/builds/ccache'}}, attempt #1
16:54:16     INFO - Running command: ['/builds/slave/test/build/venv/bin/pip', 'install', '--timeout', '120', '--no-index', '--find-links', 'http://pypi.pvt.build.mozilla.org/pub', '--find-links', 'http://pypi.pub.build.mozilla.org/pub', '--trusted-host', 'pypi.pub.build.mozilla.org', '--trusted-host', 'pypi.pvt.build.mozilla.org', 'mock'] in /builds/slave/test/build
16:54:16     INFO - Copy/paste: /builds/slave/test/build/venv/bin/pip install --timeout 120 --no-index --find-links http://pypi.pvt.build.mozilla.org/pub --find-links http://pypi.pub.build.mozilla.org/pub --trusted-host pypi.pub.build.mozilla.org --trusted-host pypi.pvt.build.mozilla.org mock
16:54:16     INFO - Using env: {'CCACHE_DIR': '/builds/ccache',
16:54:16     INFO -  'CCACHE_UMASK': '002',
16:54:16     INFO -  'DISPLAY': ':0',
16:54:16     INFO -  'HOME': '/home/cltbld',
16:54:16     INFO -  'LANG': 'en_US.UTF-8',
16:54:16     INFO -  'LOGNAME': 'cltbld',
16:54:16     INFO -  'MAIL': '/var/mail/cltbld',
16:54:16     INFO -  'MOZ_HIDE_RESULTS_TABLE': '1',
16:54:16     INFO -  'MOZ_NODE_PATH': '/usr/bin/node',
16:54:16     INFO -  'MOZ_NO_REMOTE': '1',
16:54:16     INFO -  'NODE_PATH': '/usr/lib/nodejs:/usr/lib/node_modules:/usr/share/javascript',
16:54:16     INFO -  'NO_FAIL_ON_TEST_ERRORS': '1',
16:54:16     INFO -  'PATH': '/usr/local/bin:/usr/local/bin:/usr/bin:/bin:/usr/local/games:/usr/games',
16:54:16     INFO -  'PROPERTIES_FILE': '/builds/slave/test/buildprops.json',
16:54:16     INFO -  'PWD': '/builds/slave/test',
16:54:16     INFO -  'SHELL': '/bin/bash',
16:54:16     INFO -  'SHLVL': '1',
16:54:16     INFO -  'TERM': 'linux',
16:54:16     INFO -  'TMOUT': '86400',
16:54:16     INFO -  'USER': 'cltbld',
16:54:16     INFO -  'XDG_SESSION_COOKIE': '9ca12473fbb1d023794ffd180000023c-1528501932.352285-1229103633',
16:54:16     INFO -  '_': '/tools/buildbot/bin/python'}
16:54:17     INFO -  Ignoring indexes: https://pypi.python.org/simple
16:54:17     INFO -  Collecting mock
16:54:17     INFO -  /builds/slave/test/build/venv/lib/python2.7/site-packages/pip/_vendor/requests/packages/urllib3/util/ssl_.py:318: SNIMissingWarning: An HTTPS request has been made, but the SNI (Subject Name Indication) extension to TLS is not available on this platform. This may cause the server to present an incorrect TLS certificate, which can cause validation failures. You can upgrade to a newer version of Python to solve this. For more information, see https://urllib3.readthedocs.org/en/latest/security.html#snimissingwarning.
16:54:17     INFO -    SNIMissingWarning
16:54:17     INFO -  /builds/slave/test/build/venv/lib/python2.7/site-packages/pip/_vendor/requests/packages/urllib3/util/ssl_.py:122: InsecurePlatformWarning: A true SSLContext object is not available. This prevents urllib3 from configuring SSL appropriately and may cause certain SSL connections to fail. You can upgrade to a newer version of Python to solve this. For more information, see https://urllib3.readthedocs.org/en/latest/security.html#insecureplatformwarning.
16:54:17     INFO -    InsecurePlatformWarning
16:54:18     INFO -  /builds/slave/test/build/venv/lib/python2.7/site-packages/pip/_vendor/requests/packages/urllib3/util/ssl_.py:122: InsecurePlatformWarning: A true SSLContext object is not available. This prevents urllib3 from configuring SSL appropriately and may cause certain SSL connections to fail. You can upgrade to a newer version of Python to solve this. For more information, see https://urllib3.readthedocs.org/en/latest/security.html#insecureplatformwarning.
16:54:18     INFO -    InsecurePlatformWarning
16:54:22     INFO -    Downloading https://pypi.pvt.build.mozilla.org/pub/mock-1.0.1.tar.gz (818kB)
16:54:22     INFO -  Building wheels for collected packages: mock
16:54:22     INFO -    Running setup.py bdist_wheel for mock: started
16:54:23     INFO -    Running setup.py bdist_wheel for mock: finished with status 'done'
16:54:23     INFO -    Stored in directory: /home/cltbld/.cache/pip/wheels/42/d3/87/79283a2f50dfedbfad996edf7028483b27c5953e56856af7d0
16:54:23     INFO -  Successfully built mock
16:54:23     INFO -  Installing collected packages: mock
16:54:23     INFO -  Successfully installed mock-1.0.1
16:54:23     INFO - Return code: 0
16:54:23     INFO - Installing simplejson into virtualenv /builds/slave/test/build/venv
16:54:23     INFO - retry: Calling run_command with args: [['/builds/slave/test/build/venv/bin/pip', 'install', '--timeout', '120', '--no-index', '--find-links', 'http://pypi.pvt.build.mozilla.org/pub', '--find-links', 'http://pypi.pub.build.mozilla.org/pub', '--trusted-host', 'pypi.pub.build.mozilla.org', '--trusted-host', 'pypi.pvt.build.mozilla.org', 'simplejson']], kwargs: {'error_level': 'warning', 'error_list': [{'substr': 'not found or a compiler error:', 'level': 'warning'}, {'regex': <_sre.SRE_Pattern object at 0x7ff3ee382110>, 'level': 'error'}, {'regex': <_sre.SRE_Pattern object at 0x7ff3ee48ae40>, 'level': 'warning'}, {'regex': <_sre.SRE_Pattern object at 0x14aa3e0>, 'level': 'debug'}, {'substr': 'command not found', 'level': 'error'}, {'regex': <_sre.SRE_Pattern object at 0x14a6a90>, 'level': 'warning'}, {'substr': 'Traceback (most recent call last)', 'level': 'error'}, {'substr': 'SyntaxError: ', 'level': 'error'}, {'substr': 'TypeError: ', 'level': 'error'}, {'substr': 'NameError: ', 'level': 'error'}, {'substr': 'ZeroDivisionError: ', 'level': 'error'}, {'regex': <_sre.SRE_Pattern object at 0x14a83f0>, 'level': 'critical'}, {'regex': <_sre.SRE_Pattern object at 0x14a8670>, 'level': 'critical'}], 'cwd': '/builds/slave/test/build', 'env': {'TMOUT': '86400', 'LOGNAME': 'cltbld', 'USER': 'cltbld', 'HOME': '/home/cltbld', 'PATH': '/usr/local/bin:/usr/local/bin:/usr/bin:/bin:/usr/local/games:/usr/games', 'DISPLAY': ':0', 'CCACHE_UMASK': '002', 'LANG': 'en_US.UTF-8', 'TERM': 'linux', 'SHELL': '/bin/bash', 'MOZ_NODE_PATH': '/usr/bin/node', 'XDG_SESSION_COOKIE': '9ca12473fbb1d023794ffd180000023c-1528501932.352285-1229103633', 'SHLVL': '1', 'NO_FAIL_ON_TEST_ERRORS': '1', 'MOZ_NO_REMOTE': '1', 'MOZ_HIDE_RESULTS_TABLE': '1', 'MAIL': '/var/mail/cltbld', '_': '/tools/buildbot/bin/python', 'NODE_PATH': '/usr/lib/nodejs:/usr/lib/node_modules:/usr/share/javascript', 'PWD': '/builds/slave/test', 'PROPERTIES_FILE': '/builds/slave/test/buildprops.json', 'CCACHE_DIR': '/builds/ccache'}}, attempt #1
16:54:23     INFO - Running command: ['/builds/slave/test/build/venv/bin/pip', 'install', '--timeout', '120', '--no-index', '--find-links', 'http://pypi.pvt.build.mozilla.org/pub', '--find-links', 'http://pypi.pub.build.mozilla.org/pub', '--trusted-host', 'pypi.pub.build.mozilla.org', '--trusted-host', 'pypi.pvt.build.mozilla.org', 'simplejson'] in /builds/slave/test/build
16:54:23     INFO - Copy/paste: /builds/slave/test/build/venv/bin/pip install --timeout 120 --no-index --find-links http://pypi.pvt.build.mozilla.org/pub --find-links http://pypi.pub.build.mozilla.org/pub --trusted-host pypi.pub.build.mozilla.org --trusted-host pypi.pvt.build.mozilla.org simplejson
16:54:23     INFO - Using env: {'CCACHE_DIR': '/builds/ccache',
16:54:23     INFO -  'CCACHE_UMASK': '002',
16:54:23     INFO -  'DISPLAY': ':0',
16:54:23     INFO -  'HOME': '/home/cltbld',
16:54:23     INFO -  'LANG': 'en_US.UTF-8',
16:54:23     INFO -  'LOGNAME': 'cltbld',
16:54:23     INFO -  'MAIL': '/var/mail/cltbld',
16:54:23     INFO -  'MOZ_HIDE_RESULTS_TABLE': '1',
16:54:23     INFO -  'MOZ_NODE_PATH': '/usr/bin/node',
16:54:23     INFO -  'MOZ_NO_REMOTE': '1',
16:54:23     INFO -  'NODE_PATH': '/usr/lib/nodejs:/usr/lib/node_modules:/usr/share/javascript',
16:54:23     INFO -  'NO_FAIL_ON_TEST_ERRORS': '1',
16:54:23     INFO -  'PATH': '/usr/local/bin:/usr/local/bin:/usr/bin:/bin:/usr/local/games:/usr/games',
16:54:23     INFO -  'PROPERTIES_FILE': '/builds/slave/test/buildprops.json',
16:54:23     INFO -  'PWD': '/builds/slave/test',
16:54:23     INFO -  'SHELL': '/bin/bash',
16:54:23     INFO -  'SHLVL': '1',
16:54:23     INFO -  'TERM': 'linux',
16:54:23     INFO -  'TMOUT': '86400',
16:54:23     INFO -  'USER': 'cltbld',
16:54:23     INFO -  'XDG_SESSION_COOKIE': '9ca12473fbb1d023794ffd180000023c-1528501932.352285-1229103633',
16:54:23     INFO -  '_': '/tools/buildbot/bin/python'}
16:54:24     INFO -  Ignoring indexes: https://pypi.python.org/simple
16:54:24     INFO -  Collecting simplejson
16:54:24     INFO -  /builds/slave/test/build/venv/lib/python2.7/site-packages/pip/_vendor/requests/packages/urllib3/util/ssl_.py:318: SNIMissingWarning: An HTTPS request has been made, but the SNI (Subject Name Indication) extension to TLS is not available on this platform. This may cause the server to present an incorrect TLS certificate, which can cause validation failures. You can upgrade to a newer version of Python to solve this. For more information, see https://urllib3.readthedocs.org/en/latest/security.html#snimissingwarning.
16:54:24     INFO -    SNIMissingWarning
16:54:24     INFO -  /builds/slave/test/build/venv/lib/python2.7/site-packages/pip/_vendor/requests/packages/urllib3/util/ssl_.py:122: InsecurePlatformWarning: A true SSLContext object is not available. This prevents urllib3 from configuring SSL appropriately and may cause certain SSL connections to fail. You can upgrade to a newer version of Python to solve this. For more information, see https://urllib3.readthedocs.org/en/latest/security.html#insecureplatformwarning.
16:54:24     INFO -    InsecurePlatformWarning
16:54:26     INFO -  /builds/slave/test/build/venv/lib/python2.7/site-packages/pip/_vendor/requests/packages/urllib3/util/ssl_.py:122: InsecurePlatformWarning: A true SSLContext object is not available. This prevents urllib3 from configuring SSL appropriately and may cause certain SSL connections to fail. You can upgrade to a newer version of Python to solve this. For more information, see https://urllib3.readthedocs.org/en/latest/security.html#insecureplatformwarning.
16:54:26     INFO -    InsecurePlatformWarning
16:54:29     INFO -    Downloading https://pypi.pvt.build.mozilla.org/pub/simplejson-3.3.0.tar.gz (67kB)
16:54:30     INFO -  Building wheels for collected packages: simplejson
16:54:30     INFO -    Running setup.py bdist_wheel for simplejson: started
16:54:32     INFO -    Running setup.py bdist_wheel for simplejson: finished with status 'done'
16:54:32     INFO -    Stored in directory: /home/cltbld/.cache/pip/wheels/b1/26/8f/72b2a349729d24b9c6aa399407fddd384f8814e045e6de407e
16:54:32     INFO -  Successfully built simplejson
16:54:32     INFO -  Installing collected packages: simplejson
16:54:32     INFO -  Successfully installed simplejson-3.3.0
16:54:32     INFO - Return code: 0
16:54:32     INFO - Installing None into virtualenv /builds/slave/test/build/venv
16:54:32     INFO - retry: Calling run_command with args: [['/builds/slave/test/build/venv/bin/pip', 'install', '--no-deps', '--timeout', '120', '-r', '/builds/slave/test/build/tests/config/marionette_requirements.txt', '--no-index', '--find-links', 'http://pypi.pvt.build.mozilla.org/pub', '--find-links', 'http://pypi.pub.build.mozilla.org/pub', '--trusted-host', 'pypi.pub.build.mozilla.org', '--trusted-host', 'pypi.pvt.build.mozilla.org']], kwargs: {'error_level': 'warning', 'error_list': [{'substr': 'not found or a compiler error:', 'level': 'warning'}, {'regex': <_sre.SRE_Pattern object at 0x7ff3ee382110>, 'level': 'error'}, {'regex': <_sre.SRE_Pattern object at 0x7ff3ee48ae40>, 'level': 'warning'}, {'regex': <_sre.SRE_Pattern object at 0x14aa3e0>, 'level': 'debug'}, {'substr': 'command not found', 'level': 'error'}, {'regex': <_sre.SRE_Pattern object at 0x14a6a90>, 'level': 'warning'}, {'substr': 'Traceback (most recent call last)', 'level': 'error'}, {'substr': 'SyntaxError: ', 'level': 'error'}, {'substr': 'TypeError: ', 'level': 'error'}, {'substr': 'NameError: ', 'level': 'error'}, {'substr': 'ZeroDivisionError: ', 'level': 'error'}, {'regex': <_sre.SRE_Pattern object at 0x14a83f0>, 'level': 'critical'}, {'regex': <_sre.SRE_Pattern object at 0x14a8670>, 'level': 'critical'}], 'cwd': '/builds/slave/test/build/tests/config', 'env': {'TMOUT': '86400', 'LOGNAME': 'cltbld', 'USER': 'cltbld', 'HOME': '/home/cltbld', 'PATH': '/usr/local/bin:/usr/local/bin:/usr/bin:/bin:/usr/local/games:/usr/games', 'DISPLAY': ':0', 'CCACHE_UMASK': '002', 'LANG': 'en_US.UTF-8', 'TERM': 'linux', 'SHELL': '/bin/bash', 'MOZ_NODE_PATH': '/usr/bin/node', 'XDG_SESSION_COOKIE': '9ca12473fbb1d023794ffd180000023c-1528501932.352285-1229103633', 'SHLVL': '1', 'NO_FAIL_ON_TEST_ERRORS': '1', 'MOZ_NO_REMOTE': '1', 'MOZ_HIDE_RESULTS_TABLE': '1', 'MAIL': '/var/mail/cltbld', '_': '/tools/buildbot/bin/python', 'NODE_PATH': '/usr/lib/nodejs:/usr/lib/node_modules:/usr/share/javascript', 'PWD': '/builds/slave/test', 'PROPERTIES_FILE': '/builds/slave/test/buildprops.json', 'CCACHE_DIR': '/builds/ccache'}}, attempt #1
16:54:32     INFO - Running command: ['/builds/slave/test/build/venv/bin/pip', 'install', '--no-deps', '--timeout', '120', '-r', '/builds/slave/test/build/tests/config/marionette_requirements.txt', '--no-index', '--find-links', 'http://pypi.pvt.build.mozilla.org/pub', '--find-links', 'http://pypi.pub.build.mozilla.org/pub', '--trusted-host', 'pypi.pub.build.mozilla.org', '--trusted-host', 'pypi.pvt.build.mozilla.org'] in /builds/slave/test/build/tests/config
16:54:32     INFO - Copy/paste: /builds/slave/test/build/venv/bin/pip install --no-deps --timeout 120 -r /builds/slave/test/build/tests/config/marionette_requirements.txt --no-index --find-links http://pypi.pvt.build.mozilla.org/pub --find-links http://pypi.pub.build.mozilla.org/pub --trusted-host pypi.pub.build.mozilla.org --trusted-host pypi.pvt.build.mozilla.org
16:54:32     INFO - Using env: {'CCACHE_DIR': '/builds/ccache',
16:54:32     INFO -  'CCACHE_UMASK': '002',
16:54:32     INFO -  'DISPLAY': ':0',
16:54:32     INFO -  'HOME': '/home/cltbld',
16:54:32     INFO -  'LANG': 'en_US.UTF-8',
16:54:32     INFO -  'LOGNAME': 'cltbld',
16:54:32     INFO -  'MAIL': '/var/mail/cltbld',
16:54:32     INFO -  'MOZ_HIDE_RESULTS_TABLE': '1',
16:54:32     INFO -  'MOZ_NODE_PATH': '/usr/bin/node',
16:54:32     INFO -  'MOZ_NO_REMOTE': '1',
16:54:32     INFO -  'NODE_PATH': '/usr/lib/nodejs:/usr/lib/node_modules:/usr/share/javascript',
16:54:32     INFO -  'NO_FAIL_ON_TEST_ERRORS': '1',
16:54:32     INFO -  'PATH': '/usr/local/bin:/usr/local/bin:/usr/bin:/bin:/usr/local/games:/usr/games',
16:54:32     INFO -  'PROPERTIES_FILE': '/builds/slave/test/buildprops.json',
16:54:32     INFO -  'PWD': '/builds/slave/test',
16:54:32     INFO -  'SHELL': '/bin/bash',
16:54:32     INFO -  'SHLVL': '1',
16:54:32     INFO -  'TERM': 'linux',
16:54:32     INFO -  'TMOUT': '86400',
16:54:32     INFO -  'USER': 'cltbld',
16:54:32     INFO -  'XDG_SESSION_COOKIE': '9ca12473fbb1d023794ffd180000023c-1528501932.352285-1229103633',
16:54:32     INFO -  '_': '/tools/buildbot/bin/python'}
16:54:33     INFO -  Ignoring indexes: https://pypi.python.org/simple
16:54:33     INFO -  Processing /builds/slave/test/build/tests/mozbase/manifestparser
16:54:34     INFO -    Requirement already satisfied (use --upgrade to upgrade): manifestparser==1.1 from file:///builds/slave/test/build/tests/mozbase/manifestparser in /builds/slave/test/build/venv/lib/python2.7/site-packages (from -r /builds/slave/test/build/tests/config/mozbase_requirements.txt (line 1))
16:54:34     INFO -  Processing /builds/slave/test/build/tests/mozbase/mozcrash
16:54:34     INFO -    Requirement already satisfied (use --upgrade to upgrade): mozcrash==1.0 from file:///builds/slave/test/build/tests/mozbase/mozcrash in /builds/slave/test/build/venv/lib/python2.7/site-packages (from -r /builds/slave/test/build/tests/config/mozbase_requirements.txt (line 2))
16:54:34     INFO -  Processing /builds/slave/test/build/tests/mozbase/mozdebug
16:54:34     INFO -    Requirement already satisfied (use --upgrade to upgrade): mozdebug==0.1 from file:///builds/slave/test/build/tests/mozbase/mozdebug in /builds/slave/test/build/venv/lib/python2.7/site-packages (from -r /builds/slave/test/build/tests/config/mozbase_requirements.txt (line 3))
16:54:34     INFO -  Processing /builds/slave/test/build/tests/mozbase/mozdevice
16:54:35     INFO -    Requirement already satisfied (use --upgrade to upgrade): mozdevice==0.48 from file:///builds/slave/test/build/tests/mozbase/mozdevice in /builds/slave/test/build/venv/lib/python2.7/site-packages (from -r /builds/slave/test/build/tests/config/mozbase_requirements.txt (line 4))
16:54:35     INFO -  Processing /builds/slave/test/build/tests/mozbase/mozfile
16:54:35     INFO -    Requirement already satisfied (use --upgrade to upgrade): mozfile==1.2 from file:///builds/slave/test/build/tests/mozbase/mozfile in /builds/slave/test/build/venv/lib/python2.7/site-packages (from -r /builds/slave/test/build/tests/config/mozbase_requirements.txt (line 5))
16:54:35     INFO -  Processing /builds/slave/test/build/tests/mozbase/mozhttpd
16:54:35     INFO -    Requirement already satisfied (use --upgrade to upgrade): mozhttpd==0.7 from file:///builds/slave/test/build/tests/mozbase/mozhttpd in /builds/slave/test/build/venv/lib/python2.7/site-packages (from -r /builds/slave/test/build/tests/config/mozbase_requirements.txt (line 6))
16:54:35     INFO -  Processing /builds/slave/test/build/tests/mozbase/mozinfo
16:54:36     INFO -    Requirement already satisfied (use --upgrade to upgrade): mozinfo==0.9 from file:///builds/slave/test/build/tests/mozbase/mozinfo in /builds/slave/test/build/venv/lib/python2.7/site-packages (from -r /builds/slave/test/build/tests/config/mozbase_requirements.txt (line 7))
16:54:36     INFO -  Processing /builds/slave/test/build/tests/mozbase/mozinstall
16:54:36     INFO -    Requirement already satisfied (use --upgrade to upgrade): mozInstall==1.12 from file:///builds/slave/test/build/tests/mozbase/mozinstall in /builds/slave/test/build/venv/lib/python2.7/site-packages (from -r /builds/slave/test/build/tests/config/mozbase_requirements.txt (line 8))
16:54:36     INFO -  Processing /builds/slave/test/build/tests/mozbase/mozleak
16:54:36     INFO -    Requirement already satisfied (use --upgrade to upgrade): mozleak==0.1 from file:///builds/slave/test/build/tests/mozbase/mozleak in /builds/slave/test/build/venv/lib/python2.7/site-packages (from -r /builds/slave/test/build/tests/config/mozbase_requirements.txt (line 9))
16:54:36     INFO -  Processing /builds/slave/test/build/tests/mozbase/mozlog
16:54:37     INFO -    Requirement already satisfied (use --upgrade to upgrade): mozlog==3.4 from file:///builds/slave/test/build/tests/mozbase/mozlog in /builds/slave/test/build/venv/lib/python2.7/site-packages (from -r /builds/slave/test/build/tests/config/mozbase_requirements.txt (line 10))
16:54:37     INFO -  Processing /builds/slave/test/build/tests/mozbase/moznetwork
16:54:37     INFO -    Requirement already satisfied (use --upgrade to upgrade): moznetwork==0.27 from file:///builds/slave/test/build/tests/mozbase/moznetwork in /builds/slave/test/build/venv/lib/python2.7/site-packages (from -r /builds/slave/test/build/tests/config/mozbase_requirements.txt (line 11))
16:54:37     INFO -  Processing /builds/slave/test/build/tests/mozbase/mozprocess
16:54:38     INFO -    Requirement already satisfied (use --upgrade to upgrade): mozprocess==0.23 from file:///builds/slave/test/build/tests/mozbase/mozprocess in /builds/slave/test/build/venv/lib/python2.7/site-packages (from -r /builds/slave/test/build/tests/config/mozbase_requirements.txt (line 12))
16:54:38     INFO -  Processing /builds/slave/test/build/tests/mozbase/mozprofile
16:54:38     INFO -    Requirement already satisfied (use --upgrade to upgrade): mozprofile==0.28 from file:///builds/slave/test/build/tests/mozbase/mozprofile in /builds/slave/test/build/venv/lib/python2.7/site-packages (from -r /builds/slave/test/build/tests/config/mozbase_requirements.txt (line 13))
16:54:38     INFO -  Processing /builds/slave/test/build/tests/mozbase/mozrunner
16:54:38     INFO -    Requirement already satisfied (use --upgrade to upgrade): mozrunner==6.13 from file:///builds/slave/test/build/tests/mozbase/mozrunner in /builds/slave/test/build/venv/lib/python2.7/site-packages (from -r /builds/slave/test/build/tests/config/mozbase_requirements.txt (line 14))
16:54:38     INFO -  Processing /builds/slave/test/build/tests/mozbase/mozscreenshot
16:54:39     INFO -    Requirement already satisfied (use --upgrade to upgrade): mozscreenshot==0.1 from file:///builds/slave/test/build/tests/mozbase/mozscreenshot in /builds/slave/test/build/venv/lib/python2.7/site-packages (from -r /builds/slave/test/build/tests/config/mozbase_requirements.txt (line 15))
16:54:39     INFO -  Processing /builds/slave/test/build/tests/mozbase/moztest
16:54:39     INFO -    Requirement already satisfied (use --upgrade to upgrade): moztest==0.8 from file:///builds/slave/test/build/tests/mozbase/moztest in /builds/slave/test/build/venv/lib/python2.7/site-packages (from -r /builds/slave/test/build/tests/config/mozbase_requirements.txt (line 16))
16:54:39     INFO -  Processing /builds/slave/test/build/tests/mozbase/mozversion
16:54:39     INFO -    Requirement already satisfied (use --upgrade to upgrade): mozversion==1.4 from file:///builds/slave/test/build/tests/mozbase/mozversion in /builds/slave/test/build/venv/lib/python2.7/site-packages (from -r /builds/slave/test/build/tests/config/mozbase_requirements.txt (line 17))
16:54:39     INFO -  Processing /builds/slave/test/build/tests/tools/wptserve
16:54:40     INFO -  Processing /builds/slave/test/build/tests/marionette/client
16:54:40     INFO -  Processing /builds/slave/test/build/tests/marionette/harness/marionette_harness/runner/mixins/browsermob-proxy-py
16:54:41     INFO -  Processing /builds/slave/test/build/tests/marionette/harness
16:54:41     INFO -  Processing /builds/slave/test/build/tests/marionette/puppeteer/firefox
16:54:41     INFO -  Building wheels for collected packages: browsermob-proxy
16:54:41     INFO -    Running setup.py bdist_wheel for browsermob-proxy: started
16:54:42     INFO -    Running setup.py bdist_wheel for browsermob-proxy: finished with status 'done'
16:54:42     INFO -    Stored in directory: /home/cltbld/.cache/pip/wheels/10/00/c1/79bb793b6a7eb4dca9dfd244010f550ae5044951bcd23c261e
16:54:42     INFO -  Successfully built browsermob-proxy
16:54:42     INFO -  Installing collected packages: wptserve, marionette-driver, browsermob-proxy, marionette-harness, firefox-puppeteer
16:54:42     INFO -    Running setup.py install for wptserve: started
16:54:42     INFO -      Running setup.py install for wptserve: finished with status 'done'
16:54:42     INFO -    Running setup.py install for marionette-driver: started
16:54:43     INFO -      Running setup.py install for marionette-driver: finished with status 'done'
16:54:43     INFO -    Running setup.py install for marionette-harness: started
16:54:44     INFO -      Running setup.py install for marionette-harness: finished with status 'done'
16:54:44     INFO -    Running setup.py install for firefox-puppeteer: started
16:54:44     INFO -      Running setup.py install for firefox-puppeteer: finished with status 'done'
16:54:44     INFO -  Successfully installed browsermob-proxy-0.6.0 firefox-puppeteer-52.1.0 marionette-driver-2.2.0 marionette-harness-4.0.0 wptserve-1.4.0
16:54:45     INFO - Return code: 0
16:54:45     INFO - Installing None into virtualenv /builds/slave/test/build/venv
16:54:45     INFO - retry: Calling run_command with args: [['/builds/slave/test/build/venv/bin/pip', 'install', '--timeout', '120', '-r', '/builds/slave/test/build/tests/config/marionette_requirements.txt', '--no-index', '--find-links', 'http://pypi.pvt.build.mozilla.org/pub', '--find-links', 'http://pypi.pub.build.mozilla.org/pub', '--trusted-host', 'pypi.pub.build.mozilla.org', '--trusted-host', 'pypi.pvt.build.mozilla.org']], kwargs: {'error_level': 'warning', 'error_list': [{'substr': 'not found or a compiler error:', 'level': 'warning'}, {'regex': <_sre.SRE_Pattern object at 0x7ff3ee382110>, 'level': 'error'}, {'regex': <_sre.SRE_Pattern object at 0x7ff3ee48ae40>, 'level': 'warning'}, {'regex': <_sre.SRE_Pattern object at 0x14aa3e0>, 'level': 'debug'}, {'substr': 'command not found', 'level': 'error'}, {'regex': <_sre.SRE_Pattern object at 0x14a6a90>, 'level': 'warning'}, {'substr': 'Traceback (most recent call last)', 'level': 'error'}, {'substr': 'SyntaxError: ', 'level': 'error'}, {'substr': 'TypeError: ', 'level': 'error'}, {'substr': 'NameError: ', 'level': 'error'}, {'substr': 'ZeroDivisionError: ', 'level': 'error'}, {'regex': <_sre.SRE_Pattern object at 0x14a83f0>, 'level': 'critical'}, {'regex': <_sre.SRE_Pattern object at 0x14a8670>, 'level': 'critical'}], 'cwd': '/builds/slave/test/build/tests/config', 'env': {'TMOUT': '86400', 'LOGNAME': 'cltbld', 'USER': 'cltbld', 'HOME': '/home/cltbld', 'PATH': '/usr/local/bin:/usr/local/bin:/usr/bin:/bin:/usr/local/games:/usr/games', 'DISPLAY': ':0', 'CCACHE_UMASK': '002', 'LANG': 'en_US.UTF-8', 'TERM': 'linux', 'SHELL': '/bin/bash', 'MOZ_NODE_PATH': '/usr/bin/node', 'XDG_SESSION_COOKIE': '9ca12473fbb1d023794ffd180000023c-1528501932.352285-1229103633', 'SHLVL': '1', 'NO_FAIL_ON_TEST_ERRORS': '1', 'MOZ_NO_REMOTE': '1', 'MOZ_HIDE_RESULTS_TABLE': '1', 'MAIL': '/var/mail/cltbld', '_': '/tools/buildbot/bin/python', 'NODE_PATH': '/usr/lib/nodejs:/usr/lib/node_modules:/usr/share/javascript', 'PWD': '/builds/slave/test', 'PROPERTIES_FILE': '/builds/slave/test/buildprops.json', 'CCACHE_DIR': '/builds/ccache'}}, attempt #1
16:54:45     INFO - Running command: ['/builds/slave/test/build/venv/bin/pip', 'install', '--timeout', '120', '-r', '/builds/slave/test/build/tests/config/marionette_requirements.txt', '--no-index', '--find-links', 'http://pypi.pvt.build.mozilla.org/pub', '--find-links', 'http://pypi.pub.build.mozilla.org/pub', '--trusted-host', 'pypi.pub.build.mozilla.org', '--trusted-host', 'pypi.pvt.build.mozilla.org'] in /builds/slave/test/build/tests/config
16:54:45     INFO - Copy/paste: /builds/slave/test/build/venv/bin/pip install --timeout 120 -r /builds/slave/test/build/tests/config/marionette_requirements.txt --no-index --find-links http://pypi.pvt.build.mozilla.org/pub --find-links http://pypi.pub.build.mozilla.org/pub --trusted-host pypi.pub.build.mozilla.org --trusted-host pypi.pvt.build.mozilla.org
16:54:45     INFO - Using env: {'CCACHE_DIR': '/builds/ccache',
16:54:45     INFO -  'CCACHE_UMASK': '002',
16:54:45     INFO -  'DISPLAY': ':0',
16:54:45     INFO -  'HOME': '/home/cltbld',
16:54:45     INFO -  'LANG': 'en_US.UTF-8',
16:54:45     INFO -  'LOGNAME': 'cltbld',
16:54:45     INFO -  'MAIL': '/var/mail/cltbld',
16:54:45     INFO -  'MOZ_HIDE_RESULTS_TABLE': '1',
16:54:45     INFO -  'MOZ_NODE_PATH': '/usr/bin/node',
16:54:45     INFO -  'MOZ_NO_REMOTE': '1',
16:54:45     INFO -  'NODE_PATH': '/usr/lib/nodejs:/usr/lib/node_modules:/usr/share/javascript',
16:54:45     INFO -  'NO_FAIL_ON_TEST_ERRORS': '1',
16:54:45     INFO -  'PATH': '/usr/local/bin:/usr/local/bin:/usr/bin:/bin:/usr/local/games:/usr/games',
16:54:45     INFO -  'PROPERTIES_FILE': '/builds/slave/test/buildprops.json',
16:54:45     INFO -  'PWD': '/builds/slave/test',
16:54:45     INFO -  'SHELL': '/bin/bash',
16:54:45     INFO -  'SHLVL': '1',
16:54:45     INFO -  'TERM': 'linux',
16:54:45     INFO -  'TMOUT': '86400',
16:54:45     INFO -  'USER': 'cltbld',
16:54:45     INFO -  'XDG_SESSION_COOKIE': '9ca12473fbb1d023794ffd180000023c-1528501932.352285-1229103633',
16:54:45     INFO -  '_': '/tools/buildbot/bin/python'}
16:54:45     INFO -  Ignoring indexes: https://pypi.python.org/simple
16:54:45     INFO -  Processing /builds/slave/test/build/tests/mozbase/manifestparser
16:54:46     INFO -    Requirement already satisfied (use --upgrade to upgrade): manifestparser==1.1 from file:///builds/slave/test/build/tests/mozbase/manifestparser in /builds/slave/test/build/venv/lib/python2.7/site-packages (from -r /builds/slave/test/build/tests/config/mozbase_requirements.txt (line 1))
16:54:46     INFO -  Processing /builds/slave/test/build/tests/mozbase/mozcrash
16:54:46     INFO -    Requirement already satisfied (use --upgrade to upgrade): mozcrash==1.0 from file:///builds/slave/test/build/tests/mozbase/mozcrash in /builds/slave/test/build/venv/lib/python2.7/site-packages (from -r /builds/slave/test/build/tests/config/mozbase_requirements.txt (line 2))
16:54:46     INFO -  Processing /builds/slave/test/build/tests/mozbase/mozdebug
16:54:47     INFO -    Requirement already satisfied (use --upgrade to upgrade): mozdebug==0.1 from file:///builds/slave/test/build/tests/mozbase/mozdebug in /builds/slave/test/build/venv/lib/python2.7/site-packages (from -r /builds/slave/test/build/tests/config/mozbase_requirements.txt (line 3))
16:54:47     INFO -  Processing /builds/slave/test/build/tests/mozbase/mozdevice
16:54:47     INFO -    Requirement already satisfied (use --upgrade to upgrade): mozdevice==0.48 from file:///builds/slave/test/build/tests/mozbase/mozdevice in /builds/slave/test/build/venv/lib/python2.7/site-packages (from -r /builds/slave/test/build/tests/config/mozbase_requirements.txt (line 4))
16:54:47     INFO -  Processing /builds/slave/test/build/tests/mozbase/mozfile
16:54:47     INFO -    Requirement already satisfied (use --upgrade to upgrade): mozfile==1.2 from file:///builds/slave/test/build/tests/mozbase/mozfile in /builds/slave/test/build/venv/lib/python2.7/site-packages (from -r /builds/slave/test/build/tests/config/mozbase_requirements.txt (line 5))
16:54:47     INFO -  Processing /builds/slave/test/build/tests/mozbase/mozhttpd
16:54:48     INFO -    Requirement already satisfied (use --upgrade to upgrade): mozhttpd==0.7 from file:///builds/slave/test/build/tests/mozbase/mozhttpd in /builds/slave/test/build/venv/lib/python2.7/site-packages (from -r /builds/slave/test/build/tests/config/mozbase_requirements.txt (line 6))
16:54:48     INFO -  Processing /builds/slave/test/build/tests/mozbase/mozinfo
16:54:48     INFO -    Requirement already satisfied (use --upgrade to upgrade): mozinfo==0.9 from file:///builds/slave/test/build/tests/mozbase/mozinfo in /builds/slave/test/build/venv/lib/python2.7/site-packages (from -r /builds/slave/test/build/tests/config/mozbase_requirements.txt (line 7))
16:54:48     INFO -  Processing /builds/slave/test/build/tests/mozbase/mozinstall
16:54:49     INFO -    Requirement already satisfied (use --upgrade to upgrade): mozInstall==1.12 from file:///builds/slave/test/build/tests/mozbase/mozinstall in /builds/slave/test/build/venv/lib/python2.7/site-packages (from -r /builds/slave/test/build/tests/config/mozbase_requirements.txt (line 8))
16:54:49     INFO -  Processing /builds/slave/test/build/tests/mozbase/mozleak
16:54:49     INFO -    Requirement already satisfied (use --upgrade to upgrade): mozleak==0.1 from file:///builds/slave/test/build/tests/mozbase/mozleak in /builds/slave/test/build/venv/lib/python2.7/site-packages (from -r /builds/slave/test/build/tests/config/mozbase_requirements.txt (line 9))
16:54:49     INFO -  Processing /builds/slave/test/build/tests/mozbase/mozlog
16:54:49     INFO -    Requirement already satisfied (use --upgrade to upgrade): mozlog==3.4 from file:///builds/slave/test/build/tests/mozbase/mozlog in /builds/slave/test/build/venv/lib/python2.7/site-packages (from -r /builds/slave/test/build/tests/config/mozbase_requirements.txt (line 10))
16:54:49     INFO -  Processing /builds/slave/test/build/tests/mozbase/moznetwork
16:54:50     INFO -    Requirement already satisfied (use --upgrade to upgrade): moznetwork==0.27 from file:///builds/slave/test/build/tests/mozbase/moznetwork in /builds/slave/test/build/venv/lib/python2.7/site-packages (from -r /builds/slave/test/build/tests/config/mozbase_requirements.txt (line 11))
16:54:50     INFO -  Processing /builds/slave/test/build/tests/mozbase/mozprocess
16:54:50     INFO -    Requirement already satisfied (use --upgrade to upgrade): mozprocess==0.23 from file:///builds/slave/test/build/tests/mozbase/mozprocess in /builds/slave/test/build/venv/lib/python2.7/site-packages (from -r /builds/slave/test/build/tests/config/mozbase_requirements.txt (line 12))
16:54:50     INFO -  Processing /builds/slave/test/build/tests/mozbase/mozprofile
16:54:50     INFO -    Requirement already satisfied (use --upgrade to upgrade): mozprofile==0.28 from file:///builds/slave/test/build/tests/mozbase/mozprofile in /builds/slave/test/build/venv/lib/python2.7/site-packages (from -r /builds/slave/test/build/tests/config/mozbase_requirements.txt (line 13))
16:54:50     INFO -  Processing /builds/slave/test/build/tests/mozbase/mozrunner
16:54:51     INFO -    Requirement already satisfied (use --upgrade to upgrade): mozrunner==6.13 from file:///builds/slave/test/build/tests/mozbase/mozrunner in /builds/slave/test/build/venv/lib/python2.7/site-packages (from -r /builds/slave/test/build/tests/config/mozbase_requirements.txt (line 14))
16:54:51     INFO -  Processing /builds/slave/test/build/tests/mozbase/mozscreenshot
16:54:51     INFO -    Requirement already satisfied (use --upgrade to upgrade): mozscreenshot==0.1 from file:///builds/slave/test/build/tests/mozbase/mozscreenshot in /builds/slave/test/build/venv/lib/python2.7/site-packages (from -r /builds/slave/test/build/tests/config/mozbase_requirements.txt (line 15))
16:54:51     INFO -  Processing /builds/slave/test/build/tests/mozbase/moztest
16:54:52     INFO -    Requirement already satisfied (use --upgrade to upgrade): moztest==0.8 from file:///builds/slave/test/build/tests/mozbase/moztest in /builds/slave/test/build/venv/lib/python2.7/site-packages (from -r /builds/slave/test/build/tests/config/mozbase_requirements.txt (line 16))
16:54:52     INFO -  Processing /builds/slave/test/build/tests/mozbase/mozversion
16:54:52     INFO -    Requirement already satisfied (use --upgrade to upgrade): mozversion==1.4 from file:///builds/slave/test/build/tests/mozbase/mozversion in /builds/slave/test/build/venv/lib/python2.7/site-packages (from -r /builds/slave/test/build/tests/config/mozbase_requirements.txt (line 17))
16:54:52     INFO -  Processing /builds/slave/test/build/tests/tools/wptserve
16:54:52     INFO -    Requirement already satisfied (use --upgrade to upgrade): wptserve==1.4.0 from file:///builds/slave/test/build/tests/tools/wptserve in /builds/slave/test/build/venv/lib/python2.7/site-packages (from -r /builds/slave/test/build/tests/config/marionette_requirements.txt (line 3))
16:54:52     INFO -  Processing /builds/slave/test/build/tests/marionette/client
16:54:53     INFO -    Requirement already satisfied (use --upgrade to upgrade): marionette-driver==2.2.0 from file:///builds/slave/test/build/tests/marionette/client in /builds/slave/test/build/venv/lib/python2.7/site-packages (from -r /builds/slave/test/build/tests/config/marionette_requirements.txt (line 4))
16:54:53     INFO -  Processing /builds/slave/test/build/tests/marionette/harness/marionette_harness/runner/mixins/browsermob-proxy-py
16:54:53     INFO -    Requirement already satisfied (use --upgrade to upgrade): browsermob-proxy==0.6.0 from file:///builds/slave/test/build/tests/marionette/harness/marionette_harness/runner/mixins/browsermob-proxy-py in /builds/slave/test/build/venv/lib/python2.7/site-packages (from -r /builds/slave/test/build/tests/config/marionette_requirements.txt (line 5))
16:54:53     INFO -  Processing /builds/slave/test/build/tests/marionette/harness
16:54:54     INFO -    Requirement already satisfied (use --upgrade to upgrade): marionette-harness==4.0.0 from file:///builds/slave/test/build/tests/marionette/harness in /builds/slave/test/build/venv/lib/python2.7/site-packages (from -r /builds/slave/test/build/tests/config/marionette_requirements.txt (line 6))
16:54:54     INFO -  Processing /builds/slave/test/build/tests/marionette/puppeteer/firefox
16:54:54     INFO -    Requirement already satisfied (use --upgrade to upgrade): firefox-puppeteer==52.1.0 from file:///builds/slave/test/build/tests/marionette/puppeteer/firefox in /builds/slave/test/build/venv/lib/python2.7/site-packages (from -r /builds/slave/test/build/tests/config/marionette_requirements.txt (line 9))
16:54:54     INFO -  Requirement already satisfied (use --upgrade to upgrade): mozfile>=1.0 in /builds/slave/test/build/venv/lib/python2.7/site-packages (from mozcrash==1.0->-r /builds/slave/test/build/tests/config/mozbase_requirements.txt (line 2))
16:54:54     INFO -  Requirement already satisfied (use --upgrade to upgrade): mozlog>=3.0 in /builds/slave/test/build/venv/lib/python2.7/site-packages (from mozcrash==1.0->-r /builds/slave/test/build/tests/config/mozbase_requirements.txt (line 2))
16:54:54     INFO -  Requirement already satisfied (use --upgrade to upgrade): mozinfo in /builds/slave/test/build/venv/lib/python2.7/site-packages (from mozdebug==0.1->-r /builds/slave/test/build/tests/config/mozbase_requirements.txt (line 3))
16:54:54     INFO -  Requirement already satisfied (use --upgrade to upgrade): moznetwork>=0.24 in /builds/slave/test/build/venv/lib/python2.7/site-packages (from mozdevice==0.48->-r /builds/slave/test/build/tests/config/mozbase_requirements.txt (line 4))
16:54:54     INFO -  Requirement already satisfied (use --upgrade to upgrade): mozprocess>=0.19 in /builds/slave/test/build/venv/lib/python2.7/site-packages (from mozdevice==0.48->-r /builds/slave/test/build/tests/config/mozbase_requirements.txt (line 4))
16:54:54     INFO -  Requirement already satisfied (use --upgrade to upgrade): blessings>=1.3 in /builds/slave/test/build/venv/lib/python2.7/site-packages (from mozlog==3.4->-r /builds/slave/test/build/tests/config/mozbase_requirements.txt (line 10))
16:54:54     INFO -  Requirement already satisfied (use --upgrade to upgrade): requests>=1.1.0 in /builds/slave/test/build/venv/lib/python2.7/site-packages (from browsermob-proxy==0.6.0->-r /builds/slave/test/build/tests/config/marionette_requirements.txt (line 5))
16:54:54     INFO -  Building wheels for collected packages: browsermob-proxy
16:54:54     INFO -    Running setup.py bdist_wheel for browsermob-proxy: started
16:54:55     INFO -    Running setup.py bdist_wheel for browsermob-proxy: finished with status 'done'
16:54:55     INFO -    Stored in directory: /home/cltbld/.cache/pip/wheels/10/00/c1/79bb793b6a7eb4dca9dfd244010f550ae5044951bcd23c261e
16:54:55     INFO -  Successfully built browsermob-proxy
16:54:55     INFO - Return code: 0
16:54:55     INFO - Installing None into virtualenv /builds/slave/test/build/venv
16:54:55     INFO - retry: Calling run_command with args: [['/builds/slave/test/build/venv/bin/pip', 'install', '--no-deps', '--timeout', '120', '-r', '/builds/slave/test/build/tests/mochitest/websocketprocessbridge/websocketprocessbridge_requirements.txt', '--no-index', '--find-links', 'http://pypi.pvt.build.mozilla.org/pub', '--find-links', 'http://pypi.pub.build.mozilla.org/pub', '--trusted-host', 'pypi.pub.build.mozilla.org', '--trusted-host', 'pypi.pvt.build.mozilla.org']], kwargs: {'error_level': 'warning', 'error_list': [{'substr': 'not found or a compiler error:', 'level': 'warning'}, {'regex': <_sre.SRE_Pattern object at 0x7ff3ee382110>, 'level': 'error'}, {'regex': <_sre.SRE_Pattern object at 0x7ff3ee48ae40>, 'level': 'warning'}, {'regex': <_sre.SRE_Pattern object at 0x14aa3e0>, 'level': 'debug'}, {'substr': 'command not found', 'level': 'error'}, {'regex': <_sre.SRE_Pattern object at 0x14a6a90>, 'level': 'warning'}, {'substr': 'Traceback (most recent call last)', 'level': 'error'}, {'substr': 'SyntaxError: ', 'level': 'error'}, {'substr': 'TypeError: ', 'level': 'error'}, {'substr': 'NameError: ', 'level': 'error'}, {'substr': 'ZeroDivisionError: ', 'level': 'error'}, {'regex': <_sre.SRE_Pattern object at 0x14a83f0>, 'level': 'critical'}, {'regex': <_sre.SRE_Pattern object at 0x14a8670>, 'level': 'critical'}], 'cwd': '/builds/slave/test/build/tests/mochitest/websocketprocessbridge', 'env': {'TMOUT': '86400', 'LOGNAME': 'cltbld', 'USER': 'cltbld', 'HOME': '/home/cltbld', 'PATH': '/usr/local/bin:/usr/local/bin:/usr/bin:/bin:/usr/local/games:/usr/games', 'DISPLAY': ':0', 'CCACHE_UMASK': '002', 'LANG': 'en_US.UTF-8', 'TERM': 'linux', 'SHELL': '/bin/bash', 'MOZ_NODE_PATH': '/usr/bin/node', 'XDG_SESSION_COOKIE': '9ca12473fbb1d023794ffd180000023c-1528501932.352285-1229103633', 'SHLVL': '1', 'NO_FAIL_ON_TEST_ERRORS': '1', 'MOZ_NO_REMOTE': '1', 'MOZ_HIDE_RESULTS_TABLE': '1', 'MAIL': '/var/mail/cltbld', '_': '/tools/buildbot/bin/python', 'NODE_PATH': '/usr/lib/nodejs:/usr/lib/node_modules:/usr/share/javascript', 'PWD': '/builds/slave/test', 'PROPERTIES_FILE': '/builds/slave/test/buildprops.json', 'CCACHE_DIR': '/builds/ccache'}}, attempt #1
16:54:55     INFO - Running command: ['/builds/slave/test/build/venv/bin/pip', 'install', '--no-deps', '--timeout', '120', '-r', '/builds/slave/test/build/tests/mochitest/websocketprocessbridge/websocketprocessbridge_requirements.txt', '--no-index', '--find-links', 'http://pypi.pvt.build.mozilla.org/pub', '--find-links', 'http://pypi.pub.build.mozilla.org/pub', '--trusted-host', 'pypi.pub.build.mozilla.org', '--trusted-host', 'pypi.pvt.build.mozilla.org'] in /builds/slave/test/build/tests/mochitest/websocketprocessbridge
16:54:55     INFO - Copy/paste: /builds/slave/test/build/venv/bin/pip install --no-deps --timeout 120 -r /builds/slave/test/build/tests/mochitest/websocketprocessbridge/websocketprocessbridge_requirements.txt --no-index --find-links http://pypi.pvt.build.mozilla.org/pub --find-links http://pypi.pub.build.mozilla.org/pub --trusted-host pypi.pub.build.mozilla.org --trusted-host pypi.pvt.build.mozilla.org
16:54:55     INFO - Using env: {'CCACHE_DIR': '/builds/ccache',
16:54:55     INFO -  'CCACHE_UMASK': '002',
16:54:55     INFO -  'DISPLAY': ':0',
16:54:55     INFO -  'HOME': '/home/cltbld',
16:54:55     INFO -  'LANG': 'en_US.UTF-8',
16:54:55     INFO -  'LOGNAME': 'cltbld',
16:54:55     INFO -  'MAIL': '/var/mail/cltbld',
16:54:55     INFO -  'MOZ_HIDE_RESULTS_TABLE': '1',
16:54:55     INFO -  'MOZ_NODE_PATH': '/usr/bin/node',
16:54:55     INFO -  'MOZ_NO_REMOTE': '1',
16:54:55     INFO -  'NODE_PATH': '/usr/lib/nodejs:/usr/lib/node_modules:/usr/share/javascript',
16:54:55     INFO -  'NO_FAIL_ON_TEST_ERRORS': '1',
16:54:55     INFO -  'PATH': '/usr/local/bin:/usr/local/bin:/usr/bin:/bin:/usr/local/games:/usr/games',
16:54:55     INFO -  'PROPERTIES_FILE': '/builds/slave/test/buildprops.json',
16:54:55     INFO -  'PWD': '/builds/slave/test',
16:54:55     INFO -  'SHELL': '/bin/bash',
16:54:55     INFO -  'SHLVL': '1',
16:54:55     INFO -  'TERM': 'linux',
16:54:55     INFO -  'TMOUT': '86400',
16:54:55     INFO -  'USER': 'cltbld',
16:54:55     INFO -  'XDG_SESSION_COOKIE': '9ca12473fbb1d023794ffd180000023c-1528501932.352285-1229103633',
16:54:55     INFO -  '_': '/tools/buildbot/bin/python'}
16:54:56     INFO -  Ignoring indexes: https://pypi.python.org/simple
16:54:56     INFO -  Collecting six==1.10.0 (from -r /builds/slave/test/build/tests/mochitest/websocketprocessbridge/websocketprocessbridge_requirements.txt (line 2))
16:54:56     INFO -  /builds/slave/test/build/venv/lib/python2.7/site-packages/pip/_vendor/requests/packages/urllib3/util/ssl_.py:318: SNIMissingWarning: An HTTPS request has been made, but the SNI (Subject Name Indication) extension to TLS is not available on this platform. This may cause the server to present an incorrect TLS certificate, which can cause validation failures. You can upgrade to a newer version of Python to solve this. For more information, see https://urllib3.readthedocs.org/en/latest/security.html#snimissingwarning.
16:54:56     INFO -    SNIMissingWarning
16:54:56     INFO -  /builds/slave/test/build/venv/lib/python2.7/site-packages/pip/_vendor/requests/packages/urllib3/util/ssl_.py:122: InsecurePlatformWarning: A true SSLContext object is not available. This prevents urllib3 from configuring SSL appropriately and may cause certain SSL connections to fail. You can upgrade to a newer version of Python to solve this. For more information, see https://urllib3.readthedocs.org/en/latest/security.html#insecureplatformwarning.
16:54:56     INFO -    InsecurePlatformWarning
16:54:57     INFO -  /builds/slave/test/build/venv/lib/python2.7/site-packages/pip/_vendor/requests/packages/urllib3/util/ssl_.py:122: InsecurePlatformWarning: A true SSLContext object is not available. This prevents urllib3 from configuring SSL appropriately and may cause certain SSL connections to fail. You can upgrade to a newer version of Python to solve this. For more information, see https://urllib3.readthedocs.org/en/latest/security.html#insecureplatformwarning.
16:54:57     INFO -    InsecurePlatformWarning
16:55:00     INFO -    Downloading https://pypi.pvt.build.mozilla.org/pub/six-1.10.0-py2.py3-none-any.whl
16:55:00     INFO -  Collecting twisted==10.2.0 (from -r /builds/slave/test/build/tests/mochitest/websocketprocessbridge/websocketprocessbridge_requirements.txt (line 4))
16:55:04     INFO -    Downloading https://pypi.pvt.build.mozilla.org/pub/Twisted-10.2.0.tar.gz (1.9MB)
16:55:06     INFO -  Collecting txws==0.9.1 (from -r /builds/slave/test/build/tests/mochitest/websocketprocessbridge/websocketprocessbridge_requirements.txt (line 7))
16:55:11     INFO -    Downloading https://pypi.pvt.build.mozilla.org/pub/txWS-0.9.1.tar.gz
16:55:13     INFO -  Requirement already satisfied (use --upgrade to upgrade): psutil==3.1.1 in /builds/slave/test/build/venv/lib/python2.7/site-packages (from -r /builds/slave/test/build/tests/mochitest/websocketprocessbridge/websocketprocessbridge_requirements.txt (line 9))
16:55:13     INFO -  Collecting ipaddr==2.1.11 (from -r /builds/slave/test/build/tests/mochitest/websocketprocessbridge/websocketprocessbridge_requirements.txt (line 12))
16:55:17     INFO -    Downloading https://pypi.pvt.build.mozilla.org/pub/ipaddr-2.1.11.tar.gz
16:55:18     INFO -  Collecting passlib==1.6.5 (from -r /builds/slave/test/build/tests/mochitest/websocketprocessbridge/websocketprocessbridge_requirements.txt (line 13))
16:55:22     INFO -    Downloading https://pypi.pvt.build.mozilla.org/pub/passlib-1.6.5-py2.py3-none-any.whl (317kB)
16:55:22     INFO -  Building wheels for collected packages: twisted, txws, ipaddr
16:55:22     INFO -    Running setup.py bdist_wheel for twisted: started
16:55:25     INFO -    Running setup.py bdist_wheel for twisted: finished with status 'done'
16:55:25     INFO -    Stored in directory: /home/cltbld/.cache/pip/wheels/2a/06/64/df4bef56496f61aee018cad118db54f7a03015723d10662b26
16:55:25     INFO -    Running setup.py bdist_wheel for txws: started
16:55:26     INFO -    Running setup.py bdist_wheel for txws: finished with status 'done'
16:55:26     INFO -    Stored in directory: /home/cltbld/.cache/pip/wheels/51/f5/78/51b5dd281cb5c86337c41faadc891bd5089a07842da35b9248
16:55:26     INFO -    Running setup.py bdist_wheel for ipaddr: started
16:55:26     INFO -    Running setup.py bdist_wheel for ipaddr: finished with status 'done'
16:55:26     INFO -    Stored in directory: /home/cltbld/.cache/pip/wheels/6a/e7/d2/68af1df9a4dd7fd032c9375a12bd438c6fa81ee69d5e07993f
16:55:26     INFO -  Successfully built twisted txws ipaddr
16:55:26     INFO -  Installing collected packages: six, twisted, txws, ipaddr, passlib
16:55:30     INFO -  Successfully installed ipaddr-2.1.11 passlib-1.6.5 six-1.10.0 twisted-10.2.0 txws-0.9.1
16:55:30     INFO - Return code: 0
16:55:30     INFO - Installing None into virtualenv /builds/slave/test/build/venv
16:55:30     INFO - retry: Calling run_command with args: [['/builds/slave/test/build/venv/bin/pip', 'install', '--timeout', '120', '-r', '/builds/slave/test/build/tests/mochitest/websocketprocessbridge/websocketprocessbridge_requirements.txt', '--no-index', '--find-links', 'http://pypi.pvt.build.mozilla.org/pub', '--find-links', 'http://pypi.pub.build.mozilla.org/pub', '--trusted-host', 'pypi.pub.build.mozilla.org', '--trusted-host', 'pypi.pvt.build.mozilla.org']], kwargs: {'error_level': 'warning', 'error_list': [{'substr': 'not found or a compiler error:', 'level': 'warning'}, {'regex': <_sre.SRE_Pattern object at 0x7ff3ee382110>, 'level': 'error'}, {'regex': <_sre.SRE_Pattern object at 0x7ff3ee48ae40>, 'level': 'warning'}, {'regex': <_sre.SRE_Pattern object at 0x14aa3e0>, 'level': 'debug'}, {'substr': 'command not found', 'level': 'error'}, {'regex': <_sre.SRE_Pattern object at 0x14a6a90>, 'level': 'warning'}, {'substr': 'Traceback (most recent call last)', 'level': 'error'}, {'substr': 'SyntaxError: ', 'level': 'error'}, {'substr': 'TypeError: ', 'level': 'error'}, {'substr': 'NameError: ', 'level': 'error'}, {'substr': 'ZeroDivisionError: ', 'level': 'error'}, {'regex': <_sre.SRE_Pattern object at 0x14a83f0>, 'level': 'critical'}, {'regex': <_sre.SRE_Pattern object at 0x14a8670>, 'level': 'critical'}], 'cwd': '/builds/slave/test/build/tests/mochitest/websocketprocessbridge', 'env': {'TMOUT': '86400', 'LOGNAME': 'cltbld', 'USER': 'cltbld', 'HOME': '/home/cltbld', 'PATH': '/usr/local/bin:/usr/local/bin:/usr/bin:/bin:/usr/local/games:/usr/games', 'DISPLAY': ':0', 'CCACHE_UMASK': '002', 'LANG': 'en_US.UTF-8', 'TERM': 'linux', 'SHELL': '/bin/bash', 'MOZ_NODE_PATH': '/usr/bin/node', 'XDG_SESSION_COOKIE': '9ca12473fbb1d023794ffd180000023c-1528501932.352285-1229103633', 'SHLVL': '1', 'NO_FAIL_ON_TEST_ERRORS': '1', 'MOZ_NO_REMOTE': '1', 'MOZ_HIDE_RESULTS_TABLE': '1', 'MAIL': '/var/mail/cltbld', '_': '/tools/buildbot/bin/python', 'NODE_PATH': '/usr/lib/nodejs:/usr/lib/node_modules:/usr/share/javascript', 'PWD': '/builds/slave/test', 'PROPERTIES_FILE': '/builds/slave/test/buildprops.json', 'CCACHE_DIR': '/builds/ccache'}}, attempt #1
16:55:30     INFO - Running command: ['/builds/slave/test/build/venv/bin/pip', 'install', '--timeout', '120', '-r', '/builds/slave/test/build/tests/mochitest/websocketprocessbridge/websocketprocessbridge_requirements.txt', '--no-index', '--find-links', 'http://pypi.pvt.build.mozilla.org/pub', '--find-links', 'http://pypi.pub.build.mozilla.org/pub', '--trusted-host', 'pypi.pub.build.mozilla.org', '--trusted-host', 'pypi.pvt.build.mozilla.org'] in /builds/slave/test/build/tests/mochitest/websocketprocessbridge
16:55:30     INFO - Copy/paste: /builds/slave/test/build/venv/bin/pip install --timeout 120 -r /builds/slave/test/build/tests/mochitest/websocketprocessbridge/websocketprocessbridge_requirements.txt --no-index --find-links http://pypi.pvt.build.mozilla.org/pub --find-links http://pypi.pub.build.mozilla.org/pub --trusted-host pypi.pub.build.mozilla.org --trusted-host pypi.pvt.build.mozilla.org
16:55:30     INFO - Using env: {'CCACHE_DIR': '/builds/ccache',
16:55:30     INFO -  'CCACHE_UMASK': '002',
16:55:30     INFO -  'DISPLAY': ':0',
16:55:30     INFO -  'HOME': '/home/cltbld',
16:55:30     INFO -  'LANG': 'en_US.UTF-8',
16:55:30     INFO -  'LOGNAME': 'cltbld',
16:55:30     INFO -  'MAIL': '/var/mail/cltbld',
16:55:30     INFO -  'MOZ_HIDE_RESULTS_TABLE': '1',
16:55:30     INFO -  'MOZ_NODE_PATH': '/usr/bin/node',
16:55:30     INFO -  'MOZ_NO_REMOTE': '1',
16:55:30     INFO -  'NODE_PATH': '/usr/lib/nodejs:/usr/lib/node_modules:/usr/share/javascript',
16:55:30     INFO -  'NO_FAIL_ON_TEST_ERRORS': '1',
16:55:30     INFO -  'PATH': '/usr/local/bin:/usr/local/bin:/usr/bin:/bin:/usr/local/games:/usr/games',
16:55:30     INFO -  'PROPERTIES_FILE': '/builds/slave/test/buildprops.json',
16:55:30     INFO -  'PWD': '/builds/slave/test',
16:55:30     INFO -  'SHELL': '/bin/bash',
16:55:30     INFO -  'SHLVL': '1',
16:55:30     INFO -  'TERM': 'linux',
16:55:30     INFO -  'TMOUT': '86400',
16:55:30     INFO -  'USER': 'cltbld',
16:55:30     INFO -  'XDG_SESSION_COOKIE': '9ca12473fbb1d023794ffd180000023c-1528501932.352285-1229103633',
16:55:30     INFO -  '_': '/tools/buildbot/bin/python'}
16:55:31     INFO -  Ignoring indexes: https://pypi.python.org/simple
16:55:31     INFO -  Requirement already satisfied (use --upgrade to upgrade): six==1.10.0 in /builds/slave/test/build/venv/lib/python2.7/site-packages (from -r /builds/slave/test/build/tests/mochitest/websocketprocessbridge/websocketprocessbridge_requirements.txt (line 2))
16:55:31     INFO -  Requirement already satisfied (use --upgrade to upgrade): twisted==10.2.0 in /builds/slave/test/build/venv/lib/python2.7/site-packages (from -r /builds/slave/test/build/tests/mochitest/websocketprocessbridge/websocketprocessbridge_requirements.txt (line 4))
16:55:31     INFO -  Requirement already satisfied (use --upgrade to upgrade): txws==0.9.1 in /builds/slave/test/build/venv/lib/python2.7/site-packages (from -r /builds/slave/test/build/tests/mochitest/websocketprocessbridge/websocketprocessbridge_requirements.txt (line 7))
16:55:31     INFO -  Requirement already satisfied (use --upgrade to upgrade): psutil==3.1.1 in /builds/slave/test/build/venv/lib/python2.7/site-packages (from -r /builds/slave/test/build/tests/mochitest/websocketprocessbridge/websocketprocessbridge_requirements.txt (line 9))
16:55:31     INFO -  Requirement already satisfied (use --upgrade to upgrade): ipaddr==2.1.11 in /builds/slave/test/build/venv/lib/python2.7/site-packages (from -r /builds/slave/test/build/tests/mochitest/websocketprocessbridge/websocketprocessbridge_requirements.txt (line 12))
16:55:31     INFO -  Requirement already satisfied (use --upgrade to upgrade): passlib==1.6.5 in /builds/slave/test/build/venv/lib/python2.7/site-packages (from -r /builds/slave/test/build/tests/mochitest/websocketprocessbridge/websocketprocessbridge_requirements.txt (line 13))
16:55:31     INFO -  Collecting zope.interface (from twisted==10.2.0->-r /builds/slave/test/build/tests/mochitest/websocketprocessbridge/websocketprocessbridge_requirements.txt (line 4))
16:55:31     INFO -  /builds/slave/test/build/venv/lib/python2.7/site-packages/pip/_vendor/requests/packages/urllib3/util/ssl_.py:318: SNIMissingWarning: An HTTPS request has been made, but the SNI (Subject Name Indication) extension to TLS is not available on this platform. This may cause the server to present an incorrect TLS certificate, which can cause validation failures. You can upgrade to a newer version of Python to solve this. For more information, see https://urllib3.readthedocs.org/en/latest/security.html#snimissingwarning.
16:55:31     INFO -    SNIMissingWarning
16:55:31     INFO -  /builds/slave/test/build/venv/lib/python2.7/site-packages/pip/_vendor/requests/packages/urllib3/util/ssl_.py:122: InsecurePlatformWarning: A true SSLContext object is not available. This prevents urllib3 from configuring SSL appropriately and may cause certain SSL connections to fail. You can upgrade to a newer version of Python to solve this. For more information, see https://urllib3.readthedocs.org/en/latest/security.html#insecureplatformwarning.
16:55:31     INFO -    InsecurePlatformWarning
16:55:33     INFO -  /builds/slave/test/build/venv/lib/python2.7/site-packages/pip/_vendor/requests/packages/urllib3/util/ssl_.py:122: InsecurePlatformWarning: A true SSLContext object is not available. This prevents urllib3 from configuring SSL appropriately and may cause certain SSL connections to fail. You can upgrade to a newer version of Python to solve this. For more information, see https://urllib3.readthedocs.org/en/latest/security.html#insecureplatformwarning.
16:55:33     INFO -    InsecurePlatformWarning
16:55:36     INFO -    Downloading https://pypi.pvt.build.mozilla.org/pub/zope.interface-4.0.2.tar.gz (139kB)
16:55:37     INFO -  Requirement already satisfied (use --upgrade to upgrade): setuptools in /builds/slave/test/build/venv/lib/python2.7/site-packages (from zope.interface->twisted==10.2.0->-r /builds/slave/test/build/tests/mochitest/websocketprocessbridge/websocketprocessbridge_requirements.txt (line 4))
16:55:37     INFO -  Building wheels for collected packages: zope.interface
16:55:37     INFO -    Running setup.py bdist_wheel for zope.interface: started
16:55:38     INFO -    Running setup.py bdist_wheel for zope.interface: finished with status 'done'
16:55:38     INFO -    Stored in directory: /home/cltbld/.cache/pip/wheels/54/5c/71/e718400d2babcda41f4d97864183e1268dab308acc88e22470
16:55:38     INFO -  Successfully built zope.interface
16:55:38     INFO -  Installing collected packages: zope.interface
16:55:39     INFO -  Successfully installed zope.interface-4.0.2
16:55:39     INFO - Return code: 0
16:55:39     INFO - Done creating virtualenv /builds/slave/test/build/venv.
16:55:39     INFO - Getting output from command: ['/builds/slave/test/build/venv/bin/pip', 'freeze']
16:55:39     INFO - Copy/paste: /builds/slave/test/build/venv/bin/pip freeze
16:55:40     INFO - Reading from file tmpfile_stdout
16:55:40     INFO - Reading from file tmpfile_stderr
16:55:40     INFO - Current package versions:
16:55:40     INFO -   Twisted == 10.2.0
16:55:40     INFO -   blessings == 1.6
16:55:40     INFO -   blobuploader == 1.2.4
16:55:40     INFO -   browsermob-proxy == 0.6.0
16:55:40     INFO -   docopt == 0.6.1
16:55:40     INFO -   firefox-puppeteer == 52.1.0
16:55:40     INFO -   functools32 == 3.2.3.post2
16:55:40     INFO -   ipaddr == 2.1.11
16:55:40     INFO -   jsonschema == 2.5.1
16:55:40     INFO -   manifestparser == 1.1
16:55:40     INFO -   marionette-driver == 2.2.0
16:55:40     INFO -   marionette-harness == 4.0.0
16:55:40     INFO -   mock == 1.0.1
16:55:40     INFO -   mozInstall == 1.12
16:55:40     INFO -   mozcrash == 1.0
16:55:40     INFO -   mozdebug == 0.1
16:55:40     INFO -   mozdevice == 0.48
16:55:40     INFO -   mozfile == 1.2
16:55:40     INFO -   mozhttpd == 0.7
16:55:40     INFO -   mozinfo == 0.9
16:55:40     INFO -   mozleak == 0.1
16:55:40     INFO -   mozlog == 3.4
16:55:40     INFO -   moznetwork == 0.27
16:55:40     INFO -   mozprocess == 0.23
16:55:40     INFO -   mozprofile == 0.28
16:55:40     INFO -   mozrunner == 6.13
16:55:40     INFO -   mozscreenshot == 0.1
16:55:40     INFO -   mozsystemmonitor == 0.3
16:55:40     INFO -   moztest == 0.8
16:55:40     INFO -   mozversion == 1.4
16:55:40     INFO -   passlib == 1.6.5
16:55:40     INFO -   psutil == 3.1.1
16:55:40     INFO -   requests == 1.2.3
16:55:40     INFO -   simplejson == 3.3.0
16:55:40     INFO -   six == 1.10.0
16:55:40     INFO -   txWS == 0.9.1
16:55:40     INFO -   wptserve == 1.4.0
16:55:40     INFO -   zope.interface == 4.0.2
16:55:40     INFO - Running post-action listener: _resource_record_post_action
16:55:40     INFO - Running post-action listener: _start_resource_monitoring
16:55:40     INFO - Starting resource monitoring.
16:55:41     INFO - [mozharness: 2018-06-08 23:55:41.013194Z] Finished create-virtualenv step (success)
16:55:41     INFO - [mozharness: 2018-06-08 23:55:41.020473Z] Running install step.
16:55:41     INFO - Running pre-action listener: _resource_record_pre_action
16:55:41     INFO - Running main action method: install
16:55:41     INFO - Getting output from command: ['/builds/slave/test/build/venv/bin/pip', 'freeze']
16:55:41     INFO - Copy/paste: /builds/slave/test/build/venv/bin/pip freeze
16:55:41     INFO - Reading from file tmpfile_stdout
16:55:41     INFO - Reading from file tmpfile_stderr
16:55:41     INFO - Detecting whether we're running mozinstall >=1.0...
16:55:41     INFO - Getting output from command: ['/builds/slave/test/build/venv/bin/mozinstall', '-h']
16:55:41     INFO - Copy/paste: /builds/slave/test/build/venv/bin/mozinstall -h
16:55:42     INFO - Reading from file tmpfile_stdout
16:55:42     INFO - Output received:
16:55:42     INFO -  Usage: mozinstall [options] installer
16:55:42     INFO -  Options:
16:55:42     INFO -    -h, --help            show this help message and exit
16:55:42     INFO -    -d DEST, --destination=DEST
16:55:42     INFO -                          Directory to install application into. [default:
16:55:42     INFO -                          "/builds/slave/test"]
16:55:42     INFO -    --app=APP             Application being installed. [default: firefox]
16:55:42     INFO - mkdir: /builds/slave/test/build/application
16:55:42     INFO - Getting output from command: ['/builds/slave/test/build/venv/bin/mozinstall', '/builds/slave/test/build/installer.tar.bz2', '--destination', '/builds/slave/test/build/application']
16:55:42     INFO - Copy/paste: /builds/slave/test/build/venv/bin/mozinstall /builds/slave/test/build/installer.tar.bz2 --destination /builds/slave/test/build/application
16:56:04     INFO - Reading from file tmpfile_stdout
16:56:04     INFO - Output received:
16:56:04     INFO -  /builds/slave/test/build/application/firefox/firefox
16:56:04     INFO - Running post-action listener: _resource_record_post_action
16:56:04     INFO - [mozharness: 2018-06-08 23:56:04.513594Z] Finished install step (success)
16:56:04     INFO - [mozharness: 2018-06-08 23:56:04.514271Z] Running stage-files step.
16:56:04     INFO - Running pre-action listener: _resource_record_pre_action
16:56:04     INFO - Running main action method: stage_files
16:56:04     INFO - Running post-action listener: _resource_record_post_action
16:56:04     INFO - [mozharness: 2018-06-08 23:56:04.517086Z] Finished stage-files step (success)
16:56:04     INFO - [mozharness: 2018-06-08 23:56:04.517673Z] Running run-tests step.
16:56:04     INFO - Running pre-action listener: _resource_record_pre_action
16:56:04     INFO - Running pre-action listener: _set_gcov_prefix
16:56:04     INFO - Running main action method: run_tests
16:56:04     INFO - Running pre test command disable_screen_saver with 'xset s off s reset'
16:56:04     INFO - Running command: ['xset', 's', 'off', 's', 'reset'] in /builds/slave/test/build
16:56:04     INFO - Copy/paste: xset s off s reset
16:56:04     INFO - Return code: 0
16:56:04     INFO - #### Running mochitest suites
16:56:04     INFO - Structured output parser in use for mochitest.
16:56:04     INFO - grabbing minidump binary from tooltool
16:56:04     INFO - retry: Calling run_command with args: (['/tools/tooltool.py', '--url', 'https://api.pub.build.mozilla.org/tooltool/', '--authentication-file', '/builds/relengapi.tok', 'fetch', '-m', '/builds/slave/test/build/tests/config/tooltool-manifests/linux64/releng.manifest', '-o', '-c', '/builds/tooltool_cache'],), kwargs: {'output_timeout': 600, 'error_list': [{'substr': 'command not found', 'level': 'error'}, {'regex': <_sre.SRE_Pattern object at 0x14a6a90>, 'level': 'warning'}, {'substr': 'Traceback (most recent call last)', 'level': 'error'}, {'substr': 'SyntaxError: ', 'level': 'error'}, {'substr': 'TypeError: ', 'level': 'error'}, {'substr': 'NameError: ', 'level': 'error'}, {'substr': 'ZeroDivisionError: ', 'level': 'error'}, {'regex': <_sre.SRE_Pattern object at 0x14a83f0>, 'level': 'critical'}, {'regex': <_sre.SRE_Pattern object at 0x14a8670>, 'level': 'critical'}, {'substr': 'ERROR - ', 'level': 'error'}], 'cwd': '/builds/slave/test/build', 'privileged': False}, attempt #1
16:56:04     INFO - Running command: ['/tools/tooltool.py', '--url', 'https://api.pub.build.mozilla.org/tooltool/', '--authentication-file', '/builds/relengapi.tok', 'fetch', '-m', '/builds/slave/test/build/tests/config/tooltool-manifests/linux64/releng.manifest', '-o', '-c', '/builds/tooltool_cache'] in /builds/slave/test/build
16:56:04     INFO - Copy/paste: /tools/tooltool.py --url https://api.pub.build.mozilla.org/tooltool/ --authentication-file /builds/relengapi.tok fetch -m /builds/slave/test/build/tests/config/tooltool-manifests/linux64/releng.manifest -o -c /builds/tooltool_cache
16:56:04     INFO - Calling ['/tools/tooltool.py', '--url', 'https://api.pub.build.mozilla.org/tooltool/', '--authentication-file', '/builds/relengapi.tok', 'fetch', '-m', '/builds/slave/test/build/tests/config/tooltool-manifests/linux64/releng.manifest', '-o', '-c', '/builds/tooltool_cache'] with output_timeout 600
16:56:04     INFO -  INFO - File linux64-minidump_stackwalk not present in local cache folder /builds/tooltool_cache
16:56:04     INFO -  INFO - Attempting to fetch from 'https://api.pub.build.mozilla.org/tooltool/'...
16:56:05     INFO -  INFO - File linux64-minidump_stackwalk fetched from https://api.pub.build.mozilla.org/tooltool/ as /builds/slave/test/build/tmpyiitUS
16:56:05     INFO -  INFO - File integrity verified, renaming tmpyiitUS to linux64-minidump_stackwalk
16:56:05     INFO -  INFO - Updating local cache /builds/tooltool_cache...
16:56:05     INFO -  INFO - Local cache /builds/tooltool_cache updated with linux64-minidump_stackwalk
16:56:05     INFO - Return code: 0
16:56:05     INFO - Chmoding /builds/slave/test/build/linux64-minidump_stackwalk to 0755
16:56:05     INFO - grabbing nodejs binary from tooltool
16:56:05     INFO - retry: Calling run_command with args: (['/tools/tooltool.py', '--url', 'https://api.pub.build.mozilla.org/tooltool/', '--authentication-file', '/builds/relengapi.tok', 'fetch', '-m', '/builds/slave/test/build/tests/config/tooltool-manifests/linux64/nodejs.manifest', '-o', '-c', '/builds/tooltool_cache'],), kwargs: {'output_timeout': 600, 'error_list': [{'substr': 'command not found', 'level': 'error'}, {'regex': <_sre.SRE_Pattern object at 0x14a6a90>, 'level': 'warning'}, {'substr': 'Traceback (most recent call last)', 'level': 'error'}, {'substr': 'SyntaxError: ', 'level': 'error'}, {'substr': 'TypeError: ', 'level': 'error'}, {'substr': 'NameError: ', 'level': 'error'}, {'substr': 'ZeroDivisionError: ', 'level': 'error'}, {'regex': <_sre.SRE_Pattern object at 0x14a83f0>, 'level': 'critical'}, {'regex': <_sre.SRE_Pattern object at 0x14a8670>, 'level': 'critical'}, {'substr': 'ERROR - ', 'level': 'error'}], 'cwd': '/builds/slave/test/build', 'privileged': False}, attempt #1
16:56:05     INFO - Running command: ['/tools/tooltool.py', '--url', 'https://api.pub.build.mozilla.org/tooltool/', '--authentication-file', '/builds/relengapi.tok', 'fetch', '-m', '/builds/slave/test/build/tests/config/tooltool-manifests/linux64/nodejs.manifest', '-o', '-c', '/builds/tooltool_cache'] in /builds/slave/test/build
16:56:05     INFO - Copy/paste: /tools/tooltool.py --url https://api.pub.build.mozilla.org/tooltool/ --authentication-file /builds/relengapi.tok fetch -m /builds/slave/test/build/tests/config/tooltool-manifests/linux64/nodejs.manifest -o -c /builds/tooltool_cache
16:56:05     INFO - Calling ['/tools/tooltool.py', '--url', 'https://api.pub.build.mozilla.org/tooltool/', '--authentication-file', '/builds/relengapi.tok', 'fetch', '-m', '/builds/slave/test/build/tests/config/tooltool-manifests/linux64/nodejs.manifest', '-o', '-c', '/builds/tooltool_cache'] with output_timeout 600
16:56:05     INFO -  INFO - File node-linux-x64.tar.gz not present in local cache folder /builds/tooltool_cache
16:56:05     INFO -  INFO - Attempting to fetch from 'https://api.pub.build.mozilla.org/tooltool/'...
16:56:07     INFO -  INFO - File node-linux-x64.tar.gz fetched from https://api.pub.build.mozilla.org/tooltool/ as /builds/slave/test/build/tmpIY0bD4
16:56:07     INFO -  INFO - File integrity verified, renaming tmpIY0bD4 to node-linux-x64.tar.gz
16:56:07     INFO -  INFO - Updating local cache /builds/tooltool_cache...
16:56:07     INFO -  INFO - Local cache /builds/tooltool_cache updated with node-linux-x64.tar.gz
16:56:07     INFO -  INFO - untarring "node-linux-x64.tar.gz"
16:56:09     INFO - Return code: 0
16:56:09     INFO - Chmoding /builds/slave/test/build/node-linux-x64/bin/node to 0755
16:56:09     INFO - mkdir: /builds/slave/test/build/blobber_upload_dir
16:56:09     INFO - ENV: MOZ_UPLOAD_DIR is now /builds/slave/test/build/blobber_upload_dir
16:56:09     INFO - ENV: MINIDUMP_STACKWALK is now /builds/slave/test/build/linux64-minidump_stackwalk
16:56:09     INFO - ENV: MOZ_NODE_PATH is now /builds/slave/test/build/node-linux-x64/bin/node
16:56:09     INFO - ENV: MINIDUMP_SAVE_PATH is now /builds/slave/test/build/blobber_upload_dir
16:56:09     INFO - Running command: ['/builds/slave/test/build/venv/bin/python', '-u', '/builds/slave/test/build/tests/mochitest/runtests.py', '--total-chunks', '7', '--this-chunk', '1', '--appname=/builds/slave/test/build/application/firefox/firefox', '--utility-path=tests/bin', '--extra-profile-file=tests/bin/plugins', '--symbols-path=https://queue.taskcluster.net/v1/task/I1iAdq48Sa60c5BCPWswkg/artifacts/public/build/firefox-52.8.2.en-US.linux-x86_64.crashreporter-symbols.zip', '--certificate-path=tests/certs', '--setpref=webgl.force-enabled=true', '--quiet', '--log-raw=/builds/slave/test/build/blobber_upload_dir/browser-chrome-chunked_raw.log', '--log-errorsummary=/builds/slave/test/build/blobber_upload_dir/browser-chrome-chunked_errorsummary.log', '--use-test-media-devices', '--screenshot-on-fail', '--cleanup-crashes', '--marionette-startup-timeout=180', '--log-raw=-', '--flavor=browser', '--chunk-by-runtime'] in /builds/slave/test/build
16:56:09     INFO - Copy/paste: /builds/slave/test/build/venv/bin/python -u /builds/slave/test/build/tests/mochitest/runtests.py --total-chunks 7 --this-chunk 1 --appname=/builds/slave/test/build/application/firefox/firefox --utility-path=tests/bin --extra-profile-file=tests/bin/plugins --symbols-path=https://queue.taskcluster.net/v1/task/I1iAdq48Sa60c5BCPWswkg/artifacts/public/build/firefox-52.8.2.en-US.linux-x86_64.crashreporter-symbols.zip --certificate-path=tests/certs --setpref=webgl.force-enabled=true --quiet --log-raw=/builds/slave/test/build/blobber_upload_dir/browser-chrome-chunked_raw.log --log-errorsummary=/builds/slave/test/build/blobber_upload_dir/browser-chrome-chunked_errorsummary.log --use-test-media-devices --screenshot-on-fail --cleanup-crashes --marionette-startup-timeout=180 --log-raw=- --flavor=browser --chunk-by-runtime
16:56:09     INFO - Using env: {'CCACHE_DIR': '/builds/ccache',
16:56:09     INFO -  'CCACHE_UMASK': '002',
16:56:09     INFO -  'DISPLAY': ':0',
16:56:09     INFO -  'HOME': '/home/cltbld',
16:56:09     INFO -  'LANG': 'en_US.UTF-8',
16:56:09     INFO -  'LOGNAME': 'cltbld',
16:56:09     INFO -  'MAIL': '/var/mail/cltbld',
16:56:09     INFO -  'MINIDUMP_SAVE_PATH': '/builds/slave/test/build/blobber_upload_dir',
16:56:09     INFO -  'MINIDUMP_STACKWALK': '/builds/slave/test/build/linux64-minidump_stackwalk',
16:56:09     INFO -  'MOZ_HIDE_RESULTS_TABLE': '1',
16:56:09     INFO -  'MOZ_NODE_PATH': '/builds/slave/test/build/node-linux-x64/bin/node',
16:56:09     INFO -  'MOZ_NO_REMOTE': '1',
16:56:09     INFO -  'MOZ_UPLOAD_DIR': '/builds/slave/test/build/blobber_upload_dir',
16:56:09     INFO -  'NODE_PATH': '/usr/lib/nodejs:/usr/lib/node_modules:/usr/share/javascript',
16:56:09     INFO -  'NO_FAIL_ON_TEST_ERRORS': '1',
16:56:09     INFO -  'PATH': '/builds/slave/test/build/venv/bin:/usr/local/bin:/usr/local/bin:/usr/bin:/bin:/usr/local/games:/usr/games',
16:56:09     INFO -  'PROPERTIES_FILE': '/builds/slave/test/buildprops.json',
16:56:09     INFO -  'PWD': '/builds/slave/test',
16:56:09     INFO -  'SHELL': '/bin/bash',
16:56:09     INFO -  'SHLVL': '1',
16:56:09     INFO -  'TERM': 'linux',
16:56:09     INFO -  'TMOUT': '86400',
16:56:09     INFO -  'USER': 'cltbld',
16:56:09     INFO -  'XDG_SESSION_COOKIE': '9ca12473fbb1d023794ffd180000023c-1528501932.352285-1229103633',
16:56:09     INFO -  '_': '/tools/buildbot/bin/python'}
16:56:09     INFO - Calling ['/builds/slave/test/build/venv/bin/python', '-u', '/builds/slave/test/build/tests/mochitest/runtests.py', '--total-chunks', '7', '--this-chunk', '1', '--appname=/builds/slave/test/build/application/firefox/firefox', '--utility-path=tests/bin', '--extra-profile-file=tests/bin/plugins', '--symbols-path=https://queue.taskcluster.net/v1/task/I1iAdq48Sa60c5BCPWswkg/artifacts/public/build/firefox-52.8.2.en-US.linux-x86_64.crashreporter-symbols.zip', '--certificate-path=tests/certs', '--setpref=webgl.force-enabled=true', '--quiet', '--log-raw=/builds/slave/test/build/blobber_upload_dir/browser-chrome-chunked_raw.log', '--log-errorsummary=/builds/slave/test/build/blobber_upload_dir/browser-chrome-chunked_errorsummary.log', '--use-test-media-devices', '--screenshot-on-fail', '--cleanup-crashes', '--marionette-startup-timeout=180', '--log-raw=-', '--flavor=browser', '--chunk-by-runtime'] with output_timeout 1000
16:56:10     INFO - Checking for orphan ssltunnel processes...
16:56:10     INFO - Checking for orphan xpcshell processes...
16:56:10     INFO - SUITE-START | Running 287 tests
16:56:10     INFO - TEST-START | accessible/tests/browser/e10s/browser_treeupdate_imagemap.js
16:56:10     INFO - TEST-SKIP | accessible/tests/browser/e10s/browser_treeupdate_imagemap.js | took 0ms
16:56:10     INFO - TEST-START | accessible/tests/browser/e10s/browser_treeupdate_whitespace.js
16:56:10     INFO - TEST-SKIP | accessible/tests/browser/e10s/browser_treeupdate_whitespace.js | took 1ms
16:56:10     INFO - TEST-START | browser/base/content/test/newtab/browser_newtab_1188015.js
16:56:10     INFO - TEST-SKIP | browser/base/content/test/newtab/browser_newtab_1188015.js | took 0ms
16:56:10     INFO - TEST-START | browser/base/content/test/newtab/browser_newtab_background_captures.js
16:56:10     INFO - TEST-SKIP | browser/base/content/test/newtab/browser_newtab_background_captures.js | took 0ms
16:56:10     INFO - TEST-START | browser/base/content/test/newtab/browser_newtab_block.js
16:56:10     INFO - TEST-SKIP | browser/base/content/test/newtab/browser_newtab_block.js | took 0ms
16:56:10     INFO - TEST-START | browser/base/content/test/newtab/browser_newtab_bug1145428.js
16:56:10     INFO - TEST-SKIP | browser/base/content/test/newtab/browser_newtab_bug1145428.js | took 1ms
16:56:10     INFO - TEST-START | browser/base/content/test/newtab/browser_newtab_bug1178586.js
16:56:10     INFO - TEST-SKIP | browser/base/content/test/newtab/browser_newtab_bug1178586.js | took 0ms
16:56:10     INFO - TEST-START | browser/base/content/test/newtab/browser_newtab_bug1194895.js
16:56:10     INFO - TEST-SKIP | browser/base/content/test/newtab/browser_newtab_bug1194895.js | took 0ms
16:56:10     INFO - TEST-START | browser/base/content/test/newtab/browser_newtab_bug1271075.js
16:56:10     INFO - TEST-SKIP | browser/base/content/test/newtab/browser_newtab_bug1271075.js | took 0ms
16:56:10     INFO - TEST-START | browser/base/content/test/newtab/browser_newtab_bug721442.js
16:56:10     INFO - TEST-SKIP | browser/base/content/test/newtab/browser_newtab_bug721442.js | took 1ms
16:56:10     INFO - TEST-START | browser/base/content/test/newtab/browser_newtab_bug722273.js
16:56:10     INFO - TEST-SKIP | browser/base/content/test/newtab/browser_newtab_bug722273.js | took 0ms
16:56:10     INFO - TEST-START | browser/base/content/test/newtab/browser_newtab_bug723102.js
16:56:10     INFO - TEST-SKIP | browser/base/content/test/newtab/browser_newtab_bug723102.js | took 0ms
16:56:10     INFO - TEST-START | browser/base/content/test/newtab/browser_newtab_bug723121.js
16:56:10     INFO - TEST-SKIP | browser/base/content/test/newtab/browser_newtab_bug723121.js | took 0ms
16:56:10     INFO - TEST-START | browser/base/content/test/newtab/browser_newtab_bug725996.js
16:56:10     INFO - TEST-SKIP | browser/base/content/test/newtab/browser_newtab_bug725996.js | took 1ms
16:56:10     INFO - TEST-START | browser/base/content/test/newtab/browser_newtab_bug734043.js
16:56:10     INFO - TEST-SKIP | browser/base/content/test/newtab/browser_newtab_bug734043.js | took 0ms
16:56:10     INFO - TEST-START | browser/base/content/test/newtab/browser_newtab_bug735987.js
16:56:10     INFO - TEST-SKIP | browser/base/content/test/newtab/browser_newtab_bug735987.js | took 0ms
16:56:10     INFO - TEST-START | browser/base/content/test/newtab/browser_newtab_bug752841.js
16:56:10     INFO - TEST-SKIP | browser/base/content/test/newtab/browser_newtab_bug752841.js | took 0ms
16:56:10     INFO - TEST-START | browser/base/content/test/newtab/browser_newtab_bug765628.js
16:56:10     INFO - TEST-SKIP | browser/base/content/test/newtab/browser_newtab_bug765628.js | took 0ms
16:56:10     INFO - TEST-START | browser/base/content/test/newtab/browser_newtab_bug876313.js
16:56:10     INFO - TEST-SKIP | browser/base/content/test/newtab/browser_newtab_bug876313.js | took 0ms
16:56:10     INFO - TEST-START | browser/base/content/test/newtab/browser_newtab_bug991111.js
16:56:10     INFO - TEST-SKIP | browser/base/content/test/newtab/browser_newtab_bug991111.js | took 0ms
16:56:10     INFO - TEST-START | browser/base/content/test/newtab/browser_newtab_bug991210.js
16:56:10     INFO - TEST-SKIP | browser/base/content/test/newtab/browser_newtab_bug991210.js | took 0ms
16:56:10     INFO - TEST-START | browser/base/content/test/newtab/browser_newtab_bug998387.js
16:56:10     INFO - TEST-SKIP | browser/base/content/test/newtab/browser_newtab_bug998387.js | took 1ms
16:56:10     INFO - TEST-START | browser/base/content/test/newtab/browser_newtab_disable.js
16:56:10     INFO - TEST-SKIP | browser/base/content/test/newtab/browser_newtab_disable.js | took 0ms
16:56:10     INFO - TEST-START | browser/base/content/test/newtab/browser_newtab_drag_drop.js
16:56:10     INFO - TEST-SKIP | browser/base/content/test/newtab/browser_newtab_drag_drop.js | took 0ms
16:56:10     INFO - TEST-START | browser/base/content/test/newtab/browser_newtab_drop_preview.js
16:56:10     INFO - TEST-SKIP | browser/base/content/test/newtab/browser_newtab_drop_preview.js | took 0ms
16:56:10     INFO - TEST-START | browser/base/content/test/newtab/browser_newtab_enhanced.js
16:56:10     INFO - TEST-SKIP | browser/base/content/test/newtab/browser_newtab_enhanced.js | took 1ms
16:56:10     INFO - TEST-START | browser/base/content/test/newtab/browser_newtab_focus.js
16:56:10     INFO - TEST-SKIP | browser/base/content/test/newtab/browser_newtab_focus.js | took 0ms
16:56:10     INFO - TEST-START | browser/base/content/test/newtab/browser_newtab_perwindow_private_browsing.js
16:56:10     INFO - TEST-SKIP | browser/base/content/test/newtab/browser_newtab_perwindow_private_browsing.js | took 0ms
16:56:10     INFO - TEST-START | browser/base/content/test/newtab/browser_newtab_reflow_load.js
16:56:10     INFO - TEST-SKIP | browser/base/content/test/newtab/browser_newtab_reflow_load.js | took 0ms
16:56:10     INFO - TEST-START | browser/base/content/test/newtab/browser_newtab_reportLinkAction.js
16:56:10     INFO - TEST-SKIP | browser/base/content/test/newtab/browser_newtab_reportLinkAction.js | took 0ms
16:56:10     INFO - TEST-START | browser/base/content/test/newtab/browser_newtab_search.js
16:56:10     INFO - TEST-SKIP | browser/base/content/test/newtab/browser_newtab_search.js | took 0ms
16:56:10     INFO - TEST-START | browser/base/content/test/newtab/browser_newtab_sponsored_icon_click.js
16:56:10     INFO - TEST-SKIP | browser/base/content/test/newtab/browser_newtab_sponsored_icon_click.js | took 0ms
16:56:10     INFO - TEST-START | browser/base/content/test/newtab/browser_newtab_unpin.js
16:56:10     INFO - TEST-SKIP | browser/base/content/test/newtab/browser_newtab_unpin.js | took 0ms
16:56:10     INFO - TEST-START | browser/base/content/test/newtab/browser_newtab_update.js
16:56:10     INFO - TEST-SKIP | browser/base/content/test/newtab/browser_newtab_update.js | took 0ms
16:56:10     INFO - TEST-START | browser/base/content/test/referrer/browser_referrer_open_link_in_container_tab.js
16:56:10     INFO - TEST-SKIP | browser/base/content/test/referrer/browser_referrer_open_link_in_container_tab.js | took 0ms
16:56:10     INFO - TEST-START | browser/base/content/test/referrer/browser_referrer_open_link_in_container_tab2.js
16:56:10     INFO - TEST-SKIP | browser/base/content/test/referrer/browser_referrer_open_link_in_container_tab2.js | took 0ms
16:56:10     INFO - TEST-START | browser/base/content/test/referrer/browser_referrer_open_link_in_container_tab3.js
16:56:10     INFO - TEST-SKIP | browser/base/content/test/referrer/browser_referrer_open_link_in_container_tab3.js | took 0ms
16:56:10     INFO - TEST-START | browser/base/content/test/referrer/browser_referrer_open_link_in_private.js
16:56:10     INFO - TEST-SKIP | browser/base/content/test/referrer/browser_referrer_open_link_in_private.js | took 1ms
16:56:10     INFO - TEST-START | browser/base/content/test/referrer/browser_referrer_open_link_in_tab.js
16:56:10     INFO - TEST-SKIP | browser/base/content/test/referrer/browser_referrer_open_link_in_tab.js | took 0ms
16:56:10     INFO - TEST-START | browser/base/content/test/referrer/browser_referrer_open_link_in_window.js
16:56:10     INFO - TEST-SKIP | browser/base/content/test/referrer/browser_referrer_open_link_in_window.js | took 0ms
16:56:10     INFO - TEST-START | browser/base/content/test/referrer/browser_referrer_open_link_in_window_in_container.js
16:56:10     INFO - TEST-SKIP | browser/base/content/test/referrer/browser_referrer_open_link_in_window_in_container.js | took 0ms
16:56:10     INFO - TEST-START | browser/components/newtab/tests/browser/browser_newtabmessages.js
16:56:10     INFO - TEST-SKIP | browser/components/newtab/tests/browser/browser_newtabmessages.js | took 0ms
16:56:10     INFO - TEST-START | browser/modules/test/browser_ContentSearch.js
16:56:10     INFO - TEST-SKIP | browser/modules/test/browser_ContentSearch.js | took 0ms
16:56:10     INFO - TEST-START | browser/modules/test/browser_taskbar_preview.js
16:56:10     INFO - TEST-SKIP | browser/modules/test/browser_taskbar_preview.js | took 0ms
16:56:10     INFO - TEST-START | dom/plugins/test/mochitest/browser_bug1163570.js
16:56:10     INFO - TEST-SKIP | dom/plugins/test/mochitest/browser_bug1163570.js | took 0ms
16:56:10     INFO - TEST-START | dom/plugins/test/mochitest/browser_bug1196539.js
16:56:10     INFO - TEST-SKIP | dom/plugins/test/mochitest/browser_bug1196539.js | took 0ms
16:56:10     INFO - TEST-START | dom/plugins/test/mochitest/browser_pluginscroll.js
16:56:10     INFO - TEST-SKIP | dom/plugins/test/mochitest/browser_pluginscroll.js | took 0ms
16:56:10     INFO - TEST-START | dom/plugins/test/mochitest/browser_tabswitchbetweenplugins.js
16:56:10     INFO - TEST-SKIP | dom/plugins/test/mochitest/browser_tabswitchbetweenplugins.js | took 0ms
16:56:10     INFO - TEST-START | dom/power/test/browser_wakelocks.js
16:56:10     INFO - TEST-SKIP | dom/power/test/browser_wakelocks.js | took 0ms
16:56:10     INFO - TEST-START | testing/mochitest/tests/browser/browser_fail.js
16:56:10     INFO - TEST-SKIP | testing/mochitest/tests/browser/browser_fail.js | took 0ms
16:56:10     INFO - TEST-START | testing/mochitest/tests/browser/browser_fail_add_task.js
16:56:10     INFO - TEST-SKIP | testing/mochitest/tests/browser/browser_fail_add_task.js | took 0ms
16:56:10     INFO - TEST-START | testing/mochitest/tests/browser/browser_fail_async_throw.js
16:56:10     INFO - TEST-SKIP | testing/mochitest/tests/browser/browser_fail_async_throw.js | took 0ms
16:56:10     INFO - TEST-START | testing/mochitest/tests/browser/browser_fail_throw.js
16:56:10     INFO - TEST-SKIP | testing/mochitest/tests/browser/browser_fail_throw.js | took 0ms
16:56:10     INFO - TEST-START | testing/mochitest/tests/browser/browser_fail_timeout.js
16:56:10     INFO - TEST-SKIP | testing/mochitest/tests/browser/browser_fail_timeout.js | took 0ms
16:56:10     INFO - TEST-START | testing/mochitest/tests/browser/browser_fail_unexpectedTimeout.js
16:56:10     INFO - TEST-SKIP | testing/mochitest/tests/browser/browser_fail_unexpectedTimeout.js | took 0ms
16:56:10     INFO - TEST-START | testing/mochitest/tests/browser/browser_zz_fail_openwindow.js
16:56:10     INFO - TEST-SKIP | testing/mochitest/tests/browser/browser_zz_fail_openwindow.js | took 0ms
16:56:10     INFO - TEST-START | toolkit/components/jsdownloads/test/browser/browser_DownloadPDFSaver.js
16:56:10     INFO - TEST-SKIP | toolkit/components/jsdownloads/test/browser/browser_DownloadPDFSaver.js | took 0ms
16:56:10     INFO - TEST-START | toolkit/mozapps/extensions/test/xpinstall/browser_bug672485.js
16:56:10     INFO - TEST-SKIP | toolkit/mozapps/extensions/test/xpinstall/browser_bug672485.js | took 0ms
16:56:10     INFO - TEST-START | toolkit/mozapps/extensions/test/xpinstall/browser_cookies4.js
16:56:10     INFO - TEST-SKIP | toolkit/mozapps/extensions/test/xpinstall/browser_cookies4.js | took 0ms
16:56:10     INFO - TEST-START | toolkit/xre/test/browser_checkdllblockliststate.js
16:56:10     INFO - TEST-SKIP | toolkit/xre/test/browser_checkdllblockliststate.js | took 0ms
16:56:10     INFO -  dir: accessible/tests/browser
16:56:12     INFO -  ImportError: No module named pygtk
16:56:12     INFO -  Setting pipeline to PAUSED ...
16:56:12     INFO -  libv4l2: error getting pixformat: Invalid argument
16:56:12     INFO -  Pipeline is PREROLLING ...
16:56:13     INFO -  Pipeline is PREROLLED ...
16:56:13     INFO -  Setting pipeline to PLAYING ...
16:56:13     INFO -  New clock: GstSystemClock
16:56:13     INFO -  Got EOS from element "pipeline0".
16:56:13     INFO -  Execution ended after 32239389 ns.
16:56:13     INFO -  Setting pipeline to PAUSED ...
16:56:13     INFO -  Setting pipeline to READY ...
16:56:13     INFO -  Setting pipeline to NULL ...
16:56:13     INFO -  Freeing pipeline ...
16:56:13     INFO -  23
16:56:13     INFO -  mozprofile.addons WARNING | Could not install /builds/slave/test/build/tests/mochitest/extensions/mozscreenshots: [Errno 2] No such file or directory: '/builds/slave/test/build/tests/mochitest/extensions/mozscreenshots/install.rdf'
16:56:13     INFO -  pk12util: PKCS12 IMPORT SUCCESSFUL
16:56:13     INFO - MochitestServer : launching [u'/builds/slave/test/build/tests/bin/xpcshell', '-g', '/builds/slave/test/build/application/firefox', '-v', '170', '-f', '/builds/slave/test/build/tests/bin/components/httpd.js', '-e', "const _PROFILE_PATH = '/tmp/tmpmvb2O7.mozrunner'; const _SERVER_PORT = '8888'; const _SERVER_ADDR = '127.0.0.1'; const _TEST_PREFIX = undefined; const _DISPLAY_RESULTS = false;", '-f', '/builds/slave/test/build/tests/mochitest/server.js']
16:56:13     INFO - runtests.py | Server pid: 2393
16:56:13     INFO - runtests.py | Websocket server pid: 2396
16:56:13     INFO - runtests.py | SSL tunnel pid: 2399
16:56:14     INFO - runtests.py | Running with e10s: True
16:56:14     INFO - runtests.py | Running tests: start.
16:56:14     INFO - 
16:56:14     INFO - Application command: /builds/slave/test/build/application/firefox/firefox -marionette -foreground -profile /tmp/tmpmvb2O7.mozrunner
16:56:14     INFO - runtests.py | Application pid: 2421
16:56:14     INFO - TEST-INFO | started process Main app process
16:56:17     INFO - 1528502177722	Marionette	INFO	Listening on port 2828
16:56:23     INFO - *** Start BrowserChrome Test Results ***
16:56:23     INFO - checking window state
16:56:23     INFO - TEST-START | accessible/tests/browser/browser_shutdown_multi_reference.js
16:56:24     INFO - MEMORY STAT vsizeMaxContiguous not supported in this build configuration.
16:56:24     INFO - MEMORY STAT | vsize 1993MB | residentFast 201MB | heapAllocated 89MB
16:56:24     INFO - TEST-OK | accessible/tests/browser/browser_shutdown_multi_reference.js | took 892ms
16:56:24     INFO - checking window state
16:56:24     INFO - TEST-START | accessible/tests/browser/browser_shutdown_parent_own_reference.js
16:56:25     INFO - [Parent 2421] WARNING: g_type_add_interface_static: assertion `g_type_parent (interface_type) == G_TYPE_INTERFACE' failed: 'glib warning', file /builds/slave/m-esr52-l64-000000000000000000/build/src/toolkit/xre/nsSigHandlers.cpp, line 142
16:56:25     INFO - (firefox:2421): GLib-GObject-CRITICAL **: g_type_add_interface_static: assertion `g_type_parent (interface_type) == G_TYPE_INTERFACE' failed
16:56:25     INFO - [Parent 2421] WARNING: g_type_add_interface_static: assertion `g_type_parent (interface_type) == G_TYPE_INTERFACE' failed: 'glib warning', file /builds/slave/m-esr52-l64-000000000000000000/build/src/toolkit/xre/nsSigHandlers.cpp, line 142
16:56:25     INFO - (firefox:2421): GLib-GObject-CRITICAL **: g_type_add_interface_static: assertion `g_type_parent (interface_type) == G_TYPE_INTERFACE' failed
16:56:25     INFO - [Parent 2421] WARNING: g_type_add_interface_static: assertion `g_type_parent (interface_type) == G_TYPE_INTERFACE' failed: 'glib warning', file /builds/slave/m-esr52-l64-000000000000000000/build/src/toolkit/xre/nsSigHandlers.cpp, line 142
16:56:25     INFO - (firefox:2421): GLib-GObject-CRITICAL **: g_type_add_interface_static: assertion `g_type_parent (interface_type) == G_TYPE_INTERFACE' failed
16:56:25     INFO - MEMORY STAT | vsize 1997MB | residentFast 205MB | heapAllocated 90MB
16:56:25     INFO - TEST-OK | accessible/tests/browser/browser_shutdown_parent_own_reference.js | took 978ms
16:56:25     INFO - checking window state
16:56:25     INFO - TEST-START | accessible/tests/browser/browser_shutdown_remote_no_reference.js
16:56:26     INFO - MEMORY STAT | vsize 2005MB | residentFast 206MB | heapAllocated 92MB
16:56:26     INFO - TEST-OK | accessible/tests/browser/browser_shutdown_remote_no_reference.js | took 826ms
16:56:26     INFO - checking window state
16:56:26     INFO - TEST-START | accessible/tests/browser/browser_shutdown_remote_only.js
16:56:27     INFO - MEMORY STAT | vsize 2005MB | residentFast 207MB | heapAllocated 93MB
16:56:27     INFO - TEST-OK | accessible/tests/browser/browser_shutdown_remote_only.js | took 708ms
16:56:27     INFO - checking window state
16:56:27     INFO - TEST-START | accessible/tests/browser/browser_shutdown_remote_own_reference.js
16:56:28     INFO - MEMORY STAT | vsize 1993MB | residentFast 203MB | heapAllocated 92MB
16:56:28     INFO - TEST-OK | accessible/tests/browser/browser_shutdown_remote_own_reference.js | took 1074ms
16:56:28     INFO - checking window state
16:56:28     INFO - TEST-START | accessible/tests/browser/browser_shutdown_scope_lifecycle.js
16:56:28     INFO - MEMORY STAT | vsize 1993MB | residentFast 203MB | heapAllocated 92MB
16:56:28     INFO - TEST-OK | accessible/tests/browser/browser_shutdown_scope_lifecycle.js | took 310ms
16:56:29     INFO - checking window state
16:56:29     INFO - TEST-START | accessible/tests/browser/browser_shutdown_start_restart.js
16:56:29     INFO - MEMORY STAT | vsize 1993MB | residentFast 199MB | heapAllocated 89MB
16:56:29     INFO - TEST-OK | accessible/tests/browser/browser_shutdown_start_restart.js | took 620ms
16:56:29     INFO - checking window state
16:56:31     INFO - Completed ShutdownLeaks collections in process 2535
16:56:33     INFO - Completed ShutdownLeaks collections in process 2421
16:56:33     INFO - TEST-START | Shutdown
16:56:33     INFO - Browser Chrome Test Summary
16:56:33     INFO - Passed:  37
16:56:33     INFO - Failed:  0
16:56:33     INFO - Todo:    0
16:56:33     INFO - Mode:    e10s
16:56:33     INFO - *** End BrowserChrome Test Results ***
16:56:34     INFO - TEST-INFO | Main app process: exit 0
16:56:34     INFO - runtests.py | Application ran for: 0:00:20.239850
16:56:34     INFO - zombiecheck | Reading PID log: /tmp/tmpny8ce3pidlog
16:56:34     INFO - ==> process 2421 launched child process 2503
16:56:34     INFO - ==> process 2421 launched child process 2535
16:56:34     INFO - zombiecheck | Checking for orphan process with PID: 2503
16:56:34     INFO - zombiecheck | Checking for orphan process with PID: 2535
16:56:34     INFO - Stopping web server
16:56:34     INFO - Stopping web socket server
16:56:34     INFO - Stopping ssltunnel
16:56:34  WARNING - leakcheck | refcount logging is off, so leaks can't be detected!
16:56:34     INFO - runtests.py | Running tests: end.
16:56:34     INFO - Buffered messages finished
16:56:34     INFO -  dir: accessible/tests/browser/e10s
16:56:34     INFO -  Setting pipeline to PAUSED ...
16:56:34     INFO -  Pipeline is PREROLLING ...
16:56:34     INFO -  Pipeline is PREROLLED ...
16:56:34     INFO -  Setting pipeline to PLAYING ...
16:56:34     INFO -  New clock: GstSystemClock
16:56:34     INFO -  Got EOS from element "pipeline0".
16:56:34     INFO -  Execution ended after 32597864 ns.
16:56:34     INFO -  Setting pipeline to PAUSED ...
16:56:34     INFO -  Setting pipeline to READY ...
16:56:34     INFO -  Setting pipeline to NULL ...
16:56:34     INFO -  Freeing pipeline ...
16:56:35     INFO -  mozprofile.addons WARNING | Could not install /builds/slave/test/build/tests/mochitest/extensions/mozscreenshots: [Errno 2] No such file or directory: '/builds/slave/test/build/tests/mochitest/extensions/mozscreenshots/install.rdf'
16:56:35     INFO -  pk12util: PKCS12 IMPORT SUCCESSFUL
16:56:35     INFO - MochitestServer : launching [u'/builds/slave/test/build/tests/bin/xpcshell', '-g', '/builds/slave/test/build/application/firefox', '-v', '170', '-f', '/builds/slave/test/build/tests/bin/components/httpd.js', '-e', "const _PROFILE_PATH = '/tmp/tmpvnIvOH.mozrunner'; const _SERVER_PORT = '8888'; const _SERVER_ADDR = '127.0.0.1'; const _TEST_PREFIX = undefined; const _DISPLAY_RESULTS = false;", '-f', '/builds/slave/test/build/tests/mochitest/server.js']
16:56:35     INFO - runtests.py | Server pid: 2598
16:56:35     INFO - runtests.py | Websocket server pid: 2601
16:56:35     INFO - runtests.py | SSL tunnel pid: 2604
16:56:36     INFO - runtests.py | Running with e10s: True
16:56:36     INFO - runtests.py | Running tests: start.
16:56:36     INFO - 
16:56:36     INFO - Application command: /builds/slave/test/build/application/firefox/firefox -marionette -foreground -profile /tmp/tmpvnIvOH.mozrunner
16:56:36     INFO - runtests.py | Application pid: 2626
16:56:36     INFO - TEST-INFO | started process Main app process
16:56:39     INFO - 1528502198994	Marionette	INFO	Listening on port 2828
16:56:44     INFO - *** Start BrowserChrome Test Results ***
16:56:44     INFO - checking window state
16:56:45     INFO - TEST-START | accessible/tests/browser/e10s/browser_caching_attributes.js
16:56:45     INFO - [Parent 2626] WARNING: g_type_add_interface_static: assertion `g_type_parent (interface_type) == G_TYPE_INTERFACE' failed: 'glib warning', file /builds/slave/m-esr52-l64-000000000000000000/build/src/toolkit/xre/nsSigHandlers.cpp, line 142
16:56:45     INFO - (firefox:2626): GLib-GObject-CRITICAL **: g_type_add_interface_static: assertion `g_type_parent (interface_type) == G_TYPE_INTERFACE' failed
16:56:45     INFO - [Parent 2626] WARNING: /build/buildd/glib2.0-2.32.1/./gobject/gsignal.c:3393: signal name `selection_changed' is invalid for instance `0x7fdc5713e540': 'glib warning', file /builds/slave/m-esr52-l64-000000000000000000/build/src/toolkit/xre/nsSigHandlers.cpp, line 142
16:56:45     INFO - (firefox:2626): GLib-GObject-WARNING **: /build/buildd/glib2.0-2.32.1/./gobject/gsignal.c:3393: signal name `selection_changed' is invalid for instance `0x7fdc5713e540'
16:56:46     INFO - MEMORY STAT vsizeMaxContiguous not supported in this build configuration.
16:56:46     INFO - MEMORY STAT | vsize 2004MB | residentFast 240MB | heapAllocated 126MB
16:56:46     INFO - TEST-OK | accessible/tests/browser/e10s/browser_caching_attributes.js | took 892ms
16:56:46     INFO - checking window state
16:56:46     INFO - TEST-START | accessible/tests/browser/e10s/browser_caching_description.js
16:56:46     INFO - [Parent 2626] WARNING: g_type_add_interface_static: assertion `g_type_parent (interface_type) == G_TYPE_INTERFACE' failed: 'glib warning', file /builds/slave/m-esr52-l64-000000000000000000/build/src/toolkit/xre/nsSigHandlers.cpp, line 142
16:56:46     INFO - (firefox:2626): GLib-GObject-CRITICAL **: g_type_add_interface_static: assertion `g_type_parent (interface_type) == G_TYPE_INTERFACE' failed
16:56:46     INFO - [Parent 2626] WARNING: g_type_add_interface_static: assertion `g_type_parent (interface_type) == G_TYPE_INTERFACE' failed: 'glib warning', file /builds/slave/m-esr52-l64-000000000000000000/build/src/toolkit/xre/nsSigHandlers.cpp, line 142
16:56:46     INFO - (firefox:2626): GLib-GObject-CRITICAL **: g_type_add_interface_static: assertion `g_type_parent (interface_type) == G_TYPE_INTERFACE' failed
16:56:47     INFO - MEMORY STAT | vsize 2008MB | residentFast 244MB | heapAllocated 129MB
16:56:47     INFO - TEST-OK | accessible/tests/browser/e10s/browser_caching_description.js | took 904ms
16:56:47     INFO - checking window state
16:56:47     INFO - [Parent 2626] WARNING: g_type_add_interface_static: assertion `g_type_parent (interface_type) == G_TYPE_INTERFACE' failed: 'glib warning', file /builds/slave/m-esr52-l64-000000000000000000/build/src/toolkit/xre/nsSigHandlers.cpp, line 142
16:56:47     INFO - (firefox:2626): GLib-GObject-CRITICAL **: g_type_add_interface_static: assertion `g_type_parent (interface_type) == G_TYPE_INTERFACE' failed
16:56:47     INFO - TEST-START | accessible/tests/browser/e10s/browser_caching_name.js
16:56:51     INFO - [Parent 2626] WARNING: g_type_add_interface_static: assertion `g_type_parent (interface_type) == G_TYPE_INTERFACE' failed: 'glib warning', file /builds/slave/m-esr52-l64-000000000000000000/build/src/toolkit/xre/nsSigHandlers.cpp, line 142
16:56:51     INFO - (firefox:2626): GLib-GObject-CRITICAL **: g_type_add_interface_static: assertion `g_type_parent (interface_type) == G_TYPE_INTERFACE' failed
16:56:51     INFO - [Parent 2626] WARNING: g_type_add_interface_static: assertion `g_type_parent (interface_type) == G_TYPE_INTERFACE' failed: 'glib warning', file /builds/slave/m-esr52-l64-000000000000000000/build/src/toolkit/xre/nsSigHandlers.cpp, line 142
16:56:51     INFO - (firefox:2626): GLib-GObject-CRITICAL **: g_type_add_interface_static: assertion `g_type_parent (interface_type) == G_TYPE_INTERFACE' failed
16:56:52     INFO - [Parent 2626] WARNING: g_type_add_interface_static: assertion `g_type_parent (interface_type) == G_TYPE_INTERFACE' failed: 'glib warning', file /builds/slave/m-esr52-l64-000000000000000000/build/src/toolkit/xre/nsSigHandlers.cpp, line 142
16:56:52     INFO - (firefox:2626): GLib-GObject-CRITICAL **: g_type_add_interface_static: assertion `g_type_parent (interface_type) == G_TYPE_INTERFACE' failed
16:56:56     INFO - MEMORY STAT | vsize 2011MB | residentFast 228MB | heapAllocated 107MB
16:56:56     INFO - TEST-OK | accessible/tests/browser/e10s/browser_caching_name.js | took 8898ms
16:56:56     INFO - checking window state
16:56:56     INFO - TEST-START | accessible/tests/browser/e10s/browser_caching_relations.js
16:56:57     INFO - MEMORY STAT | vsize 2013MB | residentFast 228MB | heapAllocated 108MB
16:56:57     INFO - TEST-OK | accessible/tests/browser/e10s/browser_caching_relations.js | took 932ms
16:56:57     INFO - checking window state
16:56:57     INFO - TEST-START | accessible/tests/browser/e10s/browser_caching_states.js
16:56:57     INFO - MEMORY STAT | vsize 2013MB | residentFast 225MB | heapAllocated 104MB
16:56:57     INFO - TEST-OK | accessible/tests/browser/e10s/browser_caching_states.js | took 680ms
16:56:58     INFO - checking window state
16:56:58     INFO - TEST-START | accessible/tests/browser/e10s/browser_caching_value.js
16:56:58     INFO - [Parent 2626] WARNING: g_type_add_interface_static: assertion `g_type_parent (interface_type) == G_TYPE_INTERFACE' failed: 'glib warning', file /builds/slave/m-esr52-l64-000000000000000000/build/src/toolkit/xre/nsSigHandlers.cpp, line 142
16:56:58     INFO - (firefox:2626): GLib-GObject-CRITICAL **: g_type_add_interface_static: assertion `g_type_parent (interface_type) == G_TYPE_INTERFACE' failed
16:56:58     INFO - [Parent 2626] WARNING: /build/buildd/glib2.0-2.32.1/./gobject/gsignal.c:3393: signal name `selection_changed' is invalid for instance `0x7fdc5713e630': 'glib warning', file /builds/slave/m-esr52-l64-000000000000000000/build/src/toolkit/xre/nsSigHandlers.cpp, line 142
16:56:58     INFO - (firefox:2626): GLib-GObject-WARNING **: /build/buildd/glib2.0-2.32.1/./gobject/gsignal.c:3393: signal name `selection_changed' is invalid for instance `0x7fdc5713e630'
16:56:58     INFO - [Parent 2626] WARNING: /build/buildd/glib2.0-2.32.1/./gobject/gsignal.c:3393: signal name `selection_changed' is invalid for instance `0x7fdc5713e630': 'glib warning', file /builds/slave/m-esr52-l64-000000000000000000/build/src/toolkit/xre/nsSigHandlers.cpp, line 142
16:56:58     INFO - (firefox:2626): GLib-GObject-WARNING **: /build/buildd/glib2.0-2.32.1/./gobject/gsignal.c:3393: signal name `selection_changed' is invalid for instance `0x7fdc5713e630'
16:56:58     INFO - MEMORY STAT | vsize 2013MB | residentFast 226MB | heapAllocated 105MB
16:56:58     INFO - TEST-OK | accessible/tests/browser/e10s/browser_caching_value.js | took 908ms
16:56:59     INFO - checking window state
16:56:59     INFO - TEST-START | accessible/tests/browser/e10s/browser_events_caretmove.js
16:56:59     INFO - [Parent 2626] WARNING: /build/buildd/glib2.0-2.32.1/./gobject/gsignal.c:3393: signal name `selection_changed' is invalid for instance `0x7fdc57031c50': 'glib warning', file /builds/slave/m-esr52-l64-000000000000000000/build/src/toolkit/xre/nsSigHandlers.cpp, line 142
16:56:59     INFO - (firefox:2626): GLib-GObject-WARNING **: /build/buildd/glib2.0-2.32.1/./gobject/gsignal.c:3393: signal name `selection_changed' is invalid for instance `0x7fdc57031c50'
16:56:59     INFO - MEMORY STAT | vsize 2013MB | residentFast 226MB | heapAllocated 106MB
16:56:59     INFO - TEST-OK | accessible/tests/browser/e10s/browser_events_caretmove.js | took 598ms
16:56:59     INFO - checking window state
16:56:59     INFO - TEST-START | accessible/tests/browser/e10s/browser_events_hide.js
16:57:00     INFO - MEMORY STAT | vsize 2013MB | residentFast 227MB | heapAllocated 106MB
16:57:00     INFO - TEST-OK | accessible/tests/browser/e10s/browser_events_hide.js | took 576ms
16:57:00     INFO - checking window state
16:57:00     INFO - TEST-START | accessible/tests/browser/e10s/browser_events_show.js
16:57:01     INFO - MEMORY STAT | vsize 2017MB | residentFast 226MB | heapAllocated 105MB
16:57:01     INFO - TEST-OK | accessible/tests/browser/e10s/browser_events_show.js | took 950ms
16:57:01     INFO - checking window state
16:57:01     INFO - TEST-START | accessible/tests/browser/e10s/browser_events_statechange.js
16:57:02     INFO - MEMORY STAT | vsize 2017MB | residentFast 228MB | heapAllocated 107MB
16:57:02     INFO - TEST-OK | accessible/tests/browser/e10s/browser_events_statechange.js | took 1074ms
16:57:02     INFO - checking window state
16:57:02     INFO - TEST-START | accessible/tests/browser/e10s/browser_events_textchange.js
16:57:03     INFO - [Parent 2626] WARNING: /build/buildd/glib2.0-2.32.1/./gobject/gsignal.c:3393: signal name `selection_changed' is invalid for instance `0x7fdc56b300a0': 'glib warning', file /builds/slave/m-esr52-l64-000000000000000000/build/src/toolkit/xre/nsSigHandlers.cpp, line 142
16:57:03     INFO - (firefox:2626): GLib-GObject-WARNING **: /build/buildd/glib2.0-2.32.1/./gobject/gsignal.c:3393: signal name `selection_changed' is invalid for instance `0x7fdc56b300a0'
16:57:03     INFO - [Parent 2626] WARNING: /build/buildd/glib2.0-2.32.1/./gobject/gsignal.c:3393: signal name `selection_changed' is invalid for instance `0x7fdc57031ca0': 'glib warning', file /builds/slave/m-esr52-l64-000000000000000000/build/src/toolkit/xre/nsSigHandlers.cpp, line 142
16:57:03     INFO - (firefox:2626): GLib-GObject-WARNING **: /build/buildd/glib2.0-2.32.1/./gobject/gsignal.c:3393: signal name `selection_changed' is invalid for instance `0x7fdc57031ca0'
16:57:03     INFO - MEMORY STAT | vsize 2011MB | residentFast 226MB | heapAllocated 102MB
16:57:03     INFO - TEST-OK | accessible/tests/browser/e10s/browser_events_textchange.js | took 1052ms
16:57:03     INFO - checking window state
16:57:03     INFO - TEST-START | accessible/tests/browser/e10s/browser_treeupdate_ariadialog.js
16:57:04     INFO - [Parent 2626] WARNING: /build/buildd/glib2.0-2.32.1/./gobject/gsignal.c:3393: signal name `load_complete' is invalid for instance `0x7fdc57031e80': 'glib warning', file /builds/slave/m-esr52-l64-000000000000000000/build/src/toolkit/xre/nsSigHandlers.cpp, line 142
16:57:04     INFO - (firefox:2626): GLib-GObject-WARNING **: /build/buildd/glib2.0-2.32.1/./gobject/gsignal.c:3393: signal name `load_complete' is invalid for instance `0x7fdc57031e80'
16:57:04     INFO - MEMORY STAT | vsize 2011MB | residentFast 227MB | heapAllocated 104MB
16:57:04     INFO - TEST-OK | accessible/tests/browser/e10s/browser_treeupdate_ariadialog.js | took 880ms
16:57:04     INFO - checking window state
16:57:04     INFO - TEST-START | accessible/tests/browser/e10s/browser_treeupdate_ariaowns.js
16:57:07     INFO - MEMORY STAT | vsize 2012MB | residentFast 229MB | heapAllocated 108MB
16:57:07     INFO - TEST-OK | accessible/tests/browser/e10s/browser_treeupdate_ariaowns.js | took 2526ms
16:57:07     INFO - checking window state
16:57:07     INFO - TEST-START | accessible/tests/browser/e10s/browser_treeupdate_canvas.js
16:57:08     INFO - [Parent 2626] WARNING: /build/buildd/glib2.0-2.32.1/./gobject/gsignal.c:3393: signal name `load_complete' is invalid for instance `0x7fdc57031e30': 'glib warning', file /builds/slave/m-esr52-l64-000000000000000000/build/src/toolkit/xre/nsSigHandlers.cpp, line 142
16:57:08     INFO - (firefox:2626): GLib-GObject-WARNING **: /build/buildd/glib2.0-2.32.1/./gobject/gsignal.c:3393: signal name `load_complete' is invalid for instance `0x7fdc57031e30'
16:57:08     INFO - MEMORY STAT | vsize 2012MB | residentFast 230MB | heapAllocated 108MB
16:57:08     INFO - TEST-OK | accessible/tests/browser/e10s/browser_treeupdate_canvas.js | took 638ms
16:57:08     INFO - checking window state
16:57:08     INFO - TEST-START | accessible/tests/browser/e10s/browser_treeupdate_cssoverflow.js
16:57:09     INFO - MEMORY STAT | vsize 2014MB | residentFast 232MB | heapAllocated 109MB
16:57:09     INFO - TEST-OK | accessible/tests/browser/e10s/browser_treeupdate_cssoverflow.js | took 914ms
16:57:09     INFO - checking window state
16:57:09     INFO - TEST-START | accessible/tests/browser/e10s/browser_treeupdate_doc.js
16:57:11     INFO - MEMORY STAT | vsize 2012MB | residentFast 229MB | heapAllocated 106MB
16:57:11     INFO - TEST-OK | accessible/tests/browser/e10s/browser_treeupdate_doc.js | took 1584ms
16:57:11     INFO - checking window state
16:57:11     INFO - TEST-START | accessible/tests/browser/e10s/browser_treeupdate_gencontent.js
16:57:12     INFO - MEMORY STAT | vsize 2012MB | residentFast 230MB | heapAllocated 107MB
16:57:12     INFO - TEST-OK | accessible/tests/browser/e10s/browser_treeupdate_gencontent.js | took 864ms
16:57:12     INFO - checking window state
16:57:12     INFO - TEST-START | accessible/tests/browser/e10s/browser_treeupdate_hidden.js
16:57:12     INFO - MEMORY STAT | vsize 2012MB | residentFast 230MB | heapAllocated 108MB
16:57:12     INFO - TEST-OK | accessible/tests/browser/e10s/browser_treeupdate_hidden.js | took 750ms
16:57:12     INFO - checking window state
16:57:13     INFO - TEST-START | accessible/tests/browser/e10s/browser_treeupdate_list.js
16:57:13     INFO - MEMORY STAT | vsize 2012MB | residentFast 231MB | heapAllocated 109MB
16:57:13     INFO - TEST-OK | accessible/tests/browser/e10s/browser_treeupdate_list.js | took 782ms
16:57:13     INFO - checking window state
16:57:13     INFO - TEST-START | accessible/tests/browser/e10s/browser_treeupdate_list_editabledoc.js
16:57:14     INFO - MEMORY STAT | vsize 2012MB | residentFast 232MB | heapAllocated 109MB
16:57:14     INFO - TEST-OK | accessible/tests/browser/e10s/browser_treeupdate_list_editabledoc.js | took 692ms
16:57:14     INFO - checking window state
16:57:14     INFO - TEST-START | accessible/tests/browser/e10s/browser_treeupdate_listener.js
16:57:15     INFO - MEMORY STAT | vsize 2012MB | residentFast 232MB | heapAllocated 110MB
16:57:15     INFO - TEST-OK | accessible/tests/browser/e10s/browser_treeupdate_listener.js | took 544ms
16:57:15     INFO - checking window state
16:57:15     INFO - TEST-START | accessible/tests/browser/e10s/browser_treeupdate_optgroup.js
16:57:16     INFO - MEMORY STAT | vsize 2012MB | residentFast 234MB | heapAllocated 112MB
16:57:16     INFO - TEST-OK | accessible/tests/browser/e10s/browser_treeupdate_optgroup.js | took 940ms
16:57:16     INFO - checking window state
16:57:16     INFO - TEST-START | accessible/tests/browser/e10s/browser_treeupdate_removal.js
16:57:17     INFO - MEMORY STAT | vsize 2014MB | residentFast 234MB | heapAllocated 111MB
16:57:17     INFO - TEST-OK | accessible/tests/browser/e10s/browser_treeupdate_removal.js | took 814ms
16:57:17     INFO - checking window state
16:57:17     INFO - TEST-START | accessible/tests/browser/e10s/browser_treeupdate_table.js
16:57:18     INFO - MEMORY STAT | vsize 2014MB | residentFast 235MB | heapAllocated 111MB
16:57:18     INFO - TEST-OK | accessible/tests/browser/e10s/browser_treeupdate_table.js | took 1010ms
16:57:18     INFO - checking window state
16:57:18     INFO - TEST-START | accessible/tests/browser/e10s/browser_treeupdate_textleaf.js
16:57:19     INFO - MEMORY STAT | vsize 2012MB | residentFast 235MB | heapAllocated 109MB
16:57:19     INFO - TEST-OK | accessible/tests/browser/e10s/browser_treeupdate_textleaf.js | took 676ms
16:57:19     INFO - checking window state
16:57:19     INFO - TEST-START | accessible/tests/browser/e10s/browser_treeupdate_visibility.js
16:57:21     INFO - MEMORY STAT | vsize 2012MB | residentFast 237MB | heapAllocated 112MB
16:57:21     INFO - TEST-OK | accessible/tests/browser/e10s/browser_treeupdate_visibility.js | took 2312ms
16:57:21     INFO - checking window state
16:57:24     INFO - Completed ShutdownLeaks collections in process 2679
16:57:25     INFO - Completed ShutdownLeaks collections in process 2626
16:57:25     INFO - TEST-START | Shutdown
16:57:25     INFO - Browser Chrome Test Summary
16:57:25     INFO - Passed:  1829
16:57:25     INFO - Failed:  0
16:57:25     INFO - Todo:    0
16:57:25     INFO - Mode:    e10s
16:57:25     INFO - *** End BrowserChrome Test Results ***
16:57:27     INFO - TEST-INFO | Main app process: exit 0
16:57:27     INFO - runtests.py | Application ran for: 0:00:51.495739
16:57:27     INFO - zombiecheck | Reading PID log: /tmp/tmpR4PtfGpidlog
16:57:27     INFO - ==> process 2626 launched child process 2647
16:57:27     INFO - ==> process 2626 launched child process 2679
16:57:27     INFO - zombiecheck | Checking for orphan process with PID: 2647
16:57:27     INFO - zombiecheck | Checking for orphan process with PID: 2679
16:57:27     INFO - Stopping web server
16:57:27     INFO - Stopping web socket server
16:57:27     INFO - Stopping ssltunnel
16:57:27  WARNING - leakcheck | refcount logging is off, so leaks can't be detected!
16:57:27     INFO - runtests.py | Running tests: end.
16:57:27     INFO - Buffered messages finished
16:57:27     INFO -  dir: browser/base/content/test/alerts
16:57:27     INFO -  Setting pipeline to PAUSED ...
16:57:27     INFO -  Pipeline is PREROLLING ...
16:57:27     INFO -  Pipeline is PREROLLED ...
16:57:27     INFO -  Setting pipeline to PLAYING ...
16:57:27     INFO -  New clock: GstSystemClock
16:57:27     INFO -  Got EOS from element "pipeline0".
16:57:27     INFO -  Execution ended after 32522649 ns.
16:57:27     INFO -  Setting pipeline to PAUSED ...
16:57:27     INFO -  Setting pipeline to READY ...
16:57:27     INFO -  Setting pipeline to NULL ...
16:57:27     INFO -  Freeing pipeline ...
16:57:27     INFO -  mozprofile.addons WARNING | Could not install /builds/slave/test/build/tests/mochitest/extensions/mozscreenshots: [Errno 2] No such file or directory: '/builds/slave/test/build/tests/mochitest/extensions/mozscreenshots/install.rdf'
16:57:28     INFO -  pk12util: PKCS12 IMPORT SUCCESSFUL
16:57:28     INFO - MochitestServer : launching [u'/builds/slave/test/build/tests/bin/xpcshell', '-g', '/builds/slave/test/build/application/firefox', '-v', '170', '-f', '/builds/slave/test/build/tests/bin/components/httpd.js', '-e', "const _PROFILE_PATH = '/tmp/tmpXJYx3o.mozrunner'; const _SERVER_PORT = '8888'; const _SERVER_ADDR = '127.0.0.1'; const _TEST_PREFIX = undefined; const _DISPLAY_RESULTS = false;", '-f', '/builds/slave/test/build/tests/mochitest/server.js']
16:57:28     INFO - runtests.py | Server pid: 2743
16:57:28     INFO - runtests.py | Websocket server pid: 2746
16:57:28     INFO - runtests.py | SSL tunnel pid: 2749
16:57:28     INFO - runtests.py | Running with e10s: True
16:57:28     INFO - runtests.py | Running tests: start.
16:57:28     INFO - 
16:57:28     INFO - Application command: /builds/slave/test/build/application/firefox/firefox -marionette -foreground -profile /tmp/tmpXJYx3o.mozrunner
16:57:29     INFO - runtests.py | Application pid: 2771
16:57:29     INFO - TEST-INFO | started process Main app process
16:57:31     INFO - 1528502251916	Marionette	INFO	Listening on port 2828
16:57:37     INFO - *** Start BrowserChrome Test Results ***
16:57:37     INFO - checking window state
16:57:37     INFO - TEST-START | browser/base/content/test/alerts/browser_notification_close.js
16:57:39     INFO - MEMORY STAT vsizeMaxContiguous not supported in this build configuration.
16:57:39     INFO - MEMORY STAT | vsize 2017MB | residentFast 244MB | heapAllocated 128MB
16:57:39     INFO - TEST-OK | browser/base/content/test/alerts/browser_notification_close.js | took 1816ms
16:57:39     INFO - checking window state
16:57:39     INFO - TEST-START | browser/base/content/test/alerts/browser_notification_do_not_disturb.js
16:57:42     INFO - MEMORY STAT | vsize 2019MB | residentFast 213MB | heapAllocated 97MB
16:57:42     INFO - TEST-OK | browser/base/content/test/alerts/browser_notification_do_not_disturb.js | took 3266ms
16:57:43     INFO - checking window state
16:57:43     INFO - TEST-START | browser/base/content/test/alerts/browser_notification_open_settings.js
16:57:45     INFO - MEMORY STAT | vsize 2032MB | residentFast 228MB | heapAllocated 111MB
16:57:45     INFO - TEST-OK | browser/base/content/test/alerts/browser_notification_open_settings.js | took 2394ms
16:57:45     INFO - checking window state
16:57:45     INFO - TEST-START | browser/base/content/test/alerts/browser_notification_permission_migration.js
16:57:45     INFO - MEMORY STAT | vsize 2032MB | residentFast 229MB | heapAllocated 112MB
16:57:45     INFO - TEST-OK | browser/base/content/test/alerts/browser_notification_permission_migration.js | took 104ms
16:57:45     INFO - checking window state
16:57:45     INFO - TEST-START | browser/base/content/test/alerts/browser_notification_remove_permission.js
16:57:47     INFO - MEMORY STAT | vsize 2032MB | residentFast 230MB | heapAllocated 112MB
16:57:47     INFO - TEST-OK | browser/base/content/test/alerts/browser_notification_remove_permission.js | took 1200ms
16:57:47     INFO - checking window state
16:57:47     INFO - TEST-START | browser/base/content/test/alerts/browser_notification_replace.js
16:57:47     INFO - MEMORY STAT | vsize 2032MB | residentFast 232MB | heapAllocated 114MB
16:57:47     INFO - TEST-OK | browser/base/content/test/alerts/browser_notification_replace.js | took 656ms
16:57:47     INFO - checking window state
16:57:47     INFO - TEST-START | browser/base/content/test/alerts/browser_notification_tab_switching.js
16:57:49     INFO - MEMORY STAT | vsize 2032MB | residentFast 235MB | heapAllocated 116MB
16:57:49     INFO - TEST-OK | browser/base/content/test/alerts/browser_notification_tab_switching.js | took 1104ms
16:57:49     INFO - checking window state
16:57:51     INFO - Completed ShutdownLeaks collections in process 2824
16:57:53     INFO - Completed ShutdownLeaks collections in process 2771
16:57:53     INFO - TEST-START | Shutdown
16:57:53     INFO - Browser Chrome Test Summary
16:57:53     INFO - Passed:  25
16:57:53     INFO - Failed:  0
16:57:53     INFO - Todo:    0
16:57:53     INFO - Mode:    e10s
16:57:53     INFO - *** End BrowserChrome Test Results ***
16:57:54     INFO - TEST-INFO | Main app process: exit 0
16:57:54     INFO - runtests.py | Application ran for: 0:00:25.961018
16:57:54     INFO - zombiecheck | Reading PID log: /tmp/tmpG8kzC4pidlog
16:57:54     INFO - ==> process 2771 launched child process 2792
16:57:54     INFO - ==> process 2771 launched child process 2824
16:57:54     INFO - zombiecheck | Checking for orphan process with PID: 2792
16:57:54     INFO - zombiecheck | Checking for orphan process with PID: 2824
16:57:54     INFO - Stopping web server
16:57:54     INFO - Stopping web socket server
16:57:54     INFO - Stopping ssltunnel
16:57:55  WARNING - leakcheck | refcount logging is off, so leaks can't be detected!
16:57:55     INFO - runtests.py | Running tests: end.
16:57:55     INFO - Buffered messages finished
16:57:55     INFO -  dir: browser/base/content/test/referrer
16:57:55     INFO -  Setting pipeline to PAUSED ...
16:57:55     INFO -  Pipeline is PREROLLING ...
16:57:55     INFO -  Pipeline is PREROLLED ...
16:57:55     INFO -  Setting pipeline to PLAYING ...
16:57:55     INFO -  New clock: GstSystemClock
16:57:55     INFO -  Got EOS from element "pipeline0".
16:57:55     INFO -  Execution ended after 32576300 ns.
16:57:55     INFO -  Setting pipeline to PAUSED ...
16:57:55     INFO -  Setting pipeline to READY ...
16:57:55     INFO -  Setting pipeline to NULL ...
16:57:55     INFO -  Freeing pipeline ...
16:57:55     INFO -  mozprofile.addons WARNING | Could not install /builds/slave/test/build/tests/mochitest/extensions/mozscreenshots: [Errno 2] No such file or directory: '/builds/slave/test/build/tests/mochitest/extensions/mozscreenshots/install.rdf'
16:57:55     INFO -  pk12util: PKCS12 IMPORT SUCCESSFUL
16:57:55     INFO - MochitestServer : launching [u'/builds/slave/test/build/tests/bin/xpcshell', '-g', '/builds/slave/test/build/application/firefox', '-v', '170', '-f', '/builds/slave/test/build/tests/bin/components/httpd.js', '-e', "const _PROFILE_PATH = '/tmp/tmpiijbei.mozrunner'; const _SERVER_PORT = '8888'; const _SERVER_ADDR = '127.0.0.1'; const _TEST_PREFIX = undefined; const _DISPLAY_RESULTS = false;", '-f', '/builds/slave/test/build/tests/mochitest/server.js']
16:57:55     INFO - runtests.py | Server pid: 2891
16:57:55     INFO - runtests.py | Websocket server pid: 2894
16:57:55     INFO - runtests.py | SSL tunnel pid: 2897
16:57:56     INFO - runtests.py | Running with e10s: True
16:57:56     INFO - runtests.py | Running tests: start.
16:57:56     INFO - 
16:57:56     INFO - Application command: /builds/slave/test/build/application/firefox/firefox -marionette -foreground -profile /tmp/tmpiijbei.mozrunner
16:57:56     INFO - runtests.py | Application pid: 2919
16:57:56     INFO - TEST-INFO | started process Main app process
16:57:59     INFO - 1528502279284	Marionette	INFO	Listening on port 2828
16:58:05     INFO - *** Start BrowserChrome Test Results ***
16:58:05     INFO - checking window state
16:58:05     INFO - TEST-START | browser/base/content/test/referrer/browser_referrer_middle_click.js
16:58:24     INFO - MEMORY STAT vsizeMaxContiguous not supported in this build configuration.
16:58:24     INFO - MEMORY STAT | vsize 2041MB | residentFast 227MB | heapAllocated 102MB
16:58:24     INFO - TEST-OK | browser/base/content/test/referrer/browser_referrer_middle_click.js | took 19130ms
16:58:24     INFO - checking window state
16:58:24     INFO - TEST-START | browser/base/content/test/referrer/browser_referrer_middle_click_in_container.js
16:58:44     INFO - MEMORY STAT | vsize 2040MB | residentFast 229MB | heapAllocated 102MB
16:58:44     INFO - TEST-OK | browser/base/content/test/referrer/browser_referrer_middle_click_in_container.js | took 19560ms
16:58:44     INFO - checking window state
16:58:44     INFO - TEST-START | browser/base/content/test/referrer/browser_referrer_simple_click.js
16:58:56     INFO - MEMORY STAT | vsize 2042MB | residentFast 235MB | heapAllocated 108MB
16:58:56     INFO - TEST-OK | browser/base/content/test/referrer/browser_referrer_simple_click.js | took 12176ms
16:58:56     INFO - checking window state
16:58:56     INFO - must wait for focus
16:58:59     INFO - Completed ShutdownLeaks collections in process 2972
16:59:01     INFO - Completed ShutdownLeaks collections in process 2919
16:59:01     INFO - TEST-START | Shutdown
16:59:01     INFO - Browser Chrome Test Summary
16:59:01     INFO - Passed:  72
16:59:01     INFO - Failed:  0
16:59:01     INFO - Todo:    0
16:59:01     INFO - Mode:    e10s
16:59:01     INFO - *** End BrowserChrome Test Results ***
16:59:02     INFO - TEST-INFO | Main app process: exit 0
16:59:02     INFO - runtests.py | Application ran for: 0:01:06.553661
16:59:02     INFO - zombiecheck | Reading PID log: /tmp/tmpBjUMBppidlog
16:59:02     INFO - ==> process 2919 launched child process 2940
16:59:02     INFO - ==> process 2919 launched child process 2972
16:59:02     INFO - zombiecheck | Checking for orphan process with PID: 2940
16:59:02     INFO - zombiecheck | Checking for orphan process with PID: 2972
16:59:02     INFO - Stopping web server
16:59:02     INFO - Stopping web socket server
16:59:02     INFO - Stopping ssltunnel
16:59:02  WARNING - leakcheck | refcount logging is off, so leaks can't be detected!
16:59:02     INFO - runtests.py | Running tests: end.
16:59:03     INFO - Buffered messages finished
16:59:03     INFO -  dir: browser/base/content/test/tabPrompts
16:59:03     INFO -  Setting pipeline to PAUSED ...
16:59:03     INFO -  Pipeline is PREROLLING ...
16:59:03     INFO -  Pipeline is PREROLLED ...
16:59:03     INFO -  Setting pipeline to PLAYING ...
16:59:03     INFO -  New clock: GstSystemClock
16:59:03     INFO -  Got EOS from element "pipeline0".
16:59:03     INFO -  Execution ended after 32693168 ns.
16:59:03     INFO -  Setting pipeline to PAUSED ...
16:59:03     INFO -  Setting pipeline to READY ...
16:59:03     INFO -  Setting pipeline to NULL ...
16:59:03     INFO -  Freeing pipeline ...
16:59:03     INFO -  mozprofile.addons WARNING | Could not install /builds/slave/test/build/tests/mochitest/extensions/mozscreenshots: [Errno 2] No such file or directory: '/builds/slave/test/build/tests/mochitest/extensions/mozscreenshots/install.rdf'
16:59:03     INFO -  pk12util: PKCS12 IMPORT SUCCESSFUL
16:59:03     INFO - MochitestServer : launching [u'/builds/slave/test/build/tests/bin/xpcshell', '-g', '/builds/slave/test/build/application/firefox', '-v', '170', '-f', '/builds/slave/test/build/tests/bin/components/httpd.js', '-e', "const _PROFILE_PATH = '/tmp/tmpPcgUsA.mozrunner'; const _SERVER_PORT = '8888'; const _SERVER_ADDR = '127.0.0.1'; const _TEST_PREFIX = undefined; const _DISPLAY_RESULTS = false;", '-f', '/builds/slave/test/build/tests/mochitest/server.js']
16:59:03     INFO - runtests.py | Server pid: 3037
16:59:03     INFO - runtests.py | Websocket server pid: 3040
16:59:03     INFO - runtests.py | SSL tunnel pid: 3043
16:59:04     INFO - runtests.py | Running with e10s: True
16:59:04     INFO - runtests.py | Running tests: start.
16:59:04     INFO - 
16:59:04     INFO - Application command: /builds/slave/test/build/application/firefox/firefox -marionette -foreground -profile /tmp/tmpPcgUsA.mozrunner
16:59:04     INFO - runtests.py | Application pid: 3065
16:59:04     INFO - TEST-INFO | started process Main app process
16:59:07     INFO - 1528502347428	Marionette	INFO	Listening on port 2828
16:59:13     INFO - *** Start BrowserChrome Test Results ***
16:59:13     INFO - checking window state
16:59:13     INFO - TEST-START | browser/base/content/test/tabPrompts/browser_closeTabSpecificPanels.js
16:59:14     INFO - MEMORY STAT vsizeMaxContiguous not supported in this build configuration.
16:59:14     INFO - MEMORY STAT | vsize 1998MB | residentFast 236MB | heapAllocated 124MB
16:59:14     INFO - TEST-OK | browser/base/content/test/tabPrompts/browser_closeTabSpecificPanels.js | took 720ms
16:59:14     INFO - checking window state
16:59:14     INFO - TEST-START | browser/base/content/test/tabPrompts/browser_multiplePrompts.js
16:59:15     INFO - MEMORY STAT | vsize 2021MB | residentFast 242MB | heapAllocated 128MB
16:59:15     INFO - TEST-OK | browser/base/content/test/tabPrompts/browser_multiplePrompts.js | took 922ms
16:59:15     INFO - checking window state
16:59:15     INFO - TEST-START | browser/base/content/test/tabPrompts/browser_openPromptInBackgroundTab.js
16:59:17     INFO - MEMORY STAT | vsize 2039MB | residentFast 236MB | heapAllocated 114MB
16:59:17     INFO - TEST-OK | browser/base/content/test/tabPrompts/browser_openPromptInBackgroundTab.js | took 1830ms
16:59:17     INFO - checking window state
16:59:19     INFO - Completed ShutdownLeaks collections in process 3118
16:59:21     INFO - Completed ShutdownLeaks collections in process 3065
16:59:21     INFO - TEST-START | Shutdown
16:59:21     INFO - Browser Chrome Test Summary
16:59:21     INFO - Passed:  50
16:59:21     INFO - Failed:  0
16:59:21     INFO - Todo:    0
16:59:21     INFO - Mode:    e10s
16:59:21     INFO - *** End BrowserChrome Test Results ***
16:59:23     INFO - TEST-INFO | Main app process: exit 0
16:59:23     INFO - runtests.py | Application ran for: 0:00:18.750553
16:59:23     INFO - zombiecheck | Reading PID log: /tmp/tmpBm6Z2Bpidlog
16:59:23     INFO - ==> process 3065 launched child process 3086
16:59:23     INFO - ==> process 3065 launched child process 3118
16:59:23     INFO - zombiecheck | Checking for orphan process with PID: 3086
16:59:23     INFO - zombiecheck | Checking for orphan process with PID: 3118
16:59:23     INFO - Stopping web server
16:59:23     INFO - Stopping web socket server
16:59:23     INFO - Stopping ssltunnel
16:59:23  WARNING - leakcheck | refcount logging is off, so leaks can't be detected!
16:59:23     INFO - runtests.py | Running tests: end.
16:59:23     INFO - Buffered messages finished
16:59:23     INFO -  dir: browser/components/newtab/tests/browser
16:59:23     INFO -  Setting pipeline to PAUSED ...
16:59:23     INFO -  Pipeline is PREROLLING ...
16:59:23     INFO -  Pipeline is PREROLLED ...
16:59:23     INFO -  Setting pipeline to PLAYING ...
16:59:23     INFO -  New clock: GstSystemClock
16:59:23     INFO -  Got EOS from element "pipeline0".
16:59:23     INFO -  Execution ended after 32571515 ns.
16:59:23     INFO -  Setting pipeline to PAUSED ...
16:59:23     INFO -  Setting pipeline to READY ...
16:59:23     INFO -  Setting pipeline to NULL ...
16:59:23     INFO -  Freeing pipeline ...
16:59:23     INFO -  mozprofile.addons WARNING | Could not install /builds/slave/test/build/tests/mochitest/extensions/mozscreenshots: [Errno 2] No such file or directory: '/builds/slave/test/build/tests/mochitest/extensions/mozscreenshots/install.rdf'
16:59:23     INFO -  pk12util: PKCS12 IMPORT SUCCESSFUL
16:59:23     INFO - MochitestServer : launching [u'/builds/slave/test/build/tests/bin/xpcshell', '-g', '/builds/slave/test/build/application/firefox', '-v', '170', '-f', '/builds/slave/test/build/tests/bin/components/httpd.js', '-e', "const _PROFILE_PATH = '/tmp/tmpyWgLyE.mozrunner'; const _SERVER_PORT = '8888'; const _SERVER_ADDR = '127.0.0.1'; const _TEST_PREFIX = undefined; const _DISPLAY_RESULTS = false;", '-f', '/builds/slave/test/build/tests/mochitest/server.js']
16:59:23     INFO - runtests.py | Server pid: 3180
16:59:23     INFO - runtests.py | Websocket server pid: 3183
16:59:24     INFO - runtests.py | SSL tunnel pid: 3186
16:59:24     INFO - runtests.py | Running with e10s: True
16:59:24     INFO - runtests.py | Running tests: start.
16:59:24     INFO - 
16:59:24     INFO - Application command: /builds/slave/test/build/application/firefox/firefox -marionette -foreground -profile /tmp/tmpyWgLyE.mozrunner
16:59:24     INFO - runtests.py | Application pid: 3208
16:59:24     INFO - TEST-INFO | started process Main app process
16:59:27     INFO - 1528502367524	Marionette	INFO	Listening on port 2828
16:59:33     INFO - *** Start BrowserChrome Test Results ***
16:59:33     INFO - checking window state
16:59:33     INFO - TEST-START | browser/components/newtab/tests/browser/browser_PreviewProvider.js
16:59:34     INFO - MEMORY STAT vsizeMaxContiguous not supported in this build configuration.
16:59:34     INFO - MEMORY STAT | vsize 2012MB | residentFast 240MB | heapAllocated 125MB
16:59:34     INFO - TEST-OK | browser/components/newtab/tests/browser/browser_PreviewProvider.js | took 596ms
16:59:34     INFO - checking window state
16:59:34     INFO - TEST-START | browser/components/newtab/tests/browser/browser_newtab_overrides.js
16:59:38     INFO - MEMORY STAT | vsize 2056MB | residentFast 243MB | heapAllocated 115MB
16:59:38     INFO - TEST-OK | browser/components/newtab/tests/browser/browser_newtab_overrides.js | took 4228ms
16:59:38     INFO - checking window state
16:59:38     INFO - TEST-START | browser/components/newtab/tests/browser/browser_newtabwebchannel.js
16:59:42     INFO - MEMORY STAT | vsize 2049MB | residentFast 232MB | heapAllocated 105MB
16:59:42     INFO - TEST-OK | browser/components/newtab/tests/browser/browser_newtabwebchannel.js | took 4410ms
16:59:43     INFO - checking window state
16:59:43     INFO - TEST-START | browser/components/newtab/tests/browser/browser_remotenewtab_pageloads.js
16:59:43     INFO - MEMORY STAT | vsize 2049MB | residentFast 232MB | heapAllocated 106MB
16:59:43     INFO - TEST-OK | browser/components/newtab/tests/browser/browser_remotenewtab_pageloads.js | took 656ms
16:59:43     INFO - checking window state
16:59:46     INFO - Completed ShutdownLeaks collections in process 3261
16:59:48     INFO - Completed ShutdownLeaks collections in process 3208
16:59:48     INFO - TEST-START | Shutdown
16:59:48     INFO - Browser Chrome Test Summary
16:59:48     INFO - Passed:  68
16:59:48     INFO - Failed:  0
16:59:48     INFO - Todo:    0
16:59:48     INFO - Mode:    e10s
16:59:48     INFO - *** End BrowserChrome Test Results ***
16:59:49     INFO - TEST-INFO | Main app process: exit 0
16:59:49     INFO - runtests.py | Application ran for: 0:00:25.138504
16:59:49     INFO - zombiecheck | Reading PID log: /tmp/tmptrIAqcpidlog
16:59:49     INFO - ==> process 3208 launched child process 3229
16:59:49     INFO - ==> process 3208 launched child process 3261
16:59:49     INFO - zombiecheck | Checking for orphan process with PID: 3229
16:59:49     INFO - zombiecheck | Checking for orphan process with PID: 3261
16:59:49     INFO - Stopping web server
16:59:49     INFO - Stopping web socket server
16:59:49     INFO - Stopping ssltunnel
16:59:49  WARNING - leakcheck | refcount logging is off, so leaks can't be detected!
16:59:49     INFO - runtests.py | Running tests: end.
16:59:49     INFO - Buffered messages finished
16:59:49     INFO -  dir: browser/components/originattributes/test/browser
16:59:49     INFO -  Setting pipeline to PAUSED ...
16:59:49     INFO -  Pipeline is PREROLLING ...
16:59:49     INFO -  Pipeline is PREROLLED ...
16:59:49     INFO -  Setting pipeline to PLAYING ...
16:59:49     INFO -  New clock: GstSystemClock
16:59:49     INFO -  Got EOS from element "pipeline0".
16:59:49     INFO -  Execution ended after 32550308 ns.
16:59:49     INFO -  Setting pipeline to PAUSED ...
16:59:49     INFO -  Setting pipeline to READY ...
16:59:49     INFO -  Setting pipeline to NULL ...
16:59:49     INFO -  Freeing pipeline ...
16:59:50     INFO -  mozprofile.addons WARNING | Could not install /builds/slave/test/build/tests/mochitest/extensions/mozscreenshots: [Errno 2] No such file or directory: '/builds/slave/test/build/tests/mochitest/extensions/mozscreenshots/install.rdf'
16:59:50     INFO -  pk12util: PKCS12 IMPORT SUCCESSFUL
16:59:50     INFO - MochitestServer : launching [u'/builds/slave/test/build/tests/bin/xpcshell', '-g', '/builds/slave/test/build/application/firefox', '-v', '170', '-f', '/builds/slave/test/build/tests/bin/components/httpd.js', '-e', "const _PROFILE_PATH = '/tmp/tmpXhLIov.mozrunner'; const _SERVER_PORT = '8888'; const _SERVER_ADDR = '127.0.0.1'; const _TEST_PREFIX = undefined; const _DISPLAY_RESULTS = false;", '-f', '/builds/slave/test/build/tests/mochitest/server.js']
16:59:50     INFO - runtests.py | Server pid: 3327
16:59:50     INFO - runtests.py | Websocket server pid: 3330
16:59:50     INFO - runtests.py | SSL tunnel pid: 3333
16:59:51     INFO - runtests.py | Running with e10s: True
16:59:51     INFO - runtests.py | Running tests: start.
16:59:51     INFO - 
16:59:51     INFO - Application command: /builds/slave/test/build/application/firefox/firefox -marionette -foreground -profile /tmp/tmpXhLIov.mozrunner
16:59:51     INFO - runtests.py | Application pid: 3355
16:59:51     INFO - TEST-INFO | started process Main app process
16:59:54     INFO - 1528502394034	Marionette	INFO	Listening on port 2828
16:59:59     INFO - *** Start BrowserChrome Test Results ***
16:59:59     INFO - checking window state
16:59:59     INFO - TEST-START | browser/components/originattributes/test/browser/browser_blobURLIsolation.js
17:00:09     INFO - MEMORY STAT vsizeMaxContiguous not supported in this build configuration.
17:00:09     INFO - MEMORY STAT | vsize 2010MB | residentFast 221MB | heapAllocated 103MB
17:00:09     INFO - TEST-OK | browser/components/originattributes/test/browser/browser_blobURLIsolation.js | took 9748ms
17:00:09     INFO - checking window state
17:00:09     INFO - TEST-START | browser/components/originattributes/test/browser/browser_broadcastChannel.js
17:00:17     INFO - MEMORY STAT | vsize 2010MB | residentFast 218MB | heapAllocated 97MB
17:00:17     INFO - TEST-OK | browser/components/originattributes/test/browser/browser_broadcastChannel.js | took 8016ms
17:00:17     INFO - checking window state
17:00:17     INFO - TEST-START | browser/components/originattributes/test/browser/browser_cache.js
17:00:36     INFO - MEMORY STAT | vsize 2010MB | residentFast 221MB | heapAllocated 101MB
17:00:36     INFO - TEST-OK | browser/components/originattributes/test/browser/browser_cache.js | took 18078ms
17:00:36     INFO - checking window state
17:00:36     INFO - TEST-START | browser/components/originattributes/test/browser/browser_clientAuth.js
17:00:49     INFO - MEMORY STAT | vsize 2009MB | residentFast 223MB | heapAllocated 99MB
17:00:49     INFO - TEST-OK | browser/components/originattributes/test/browser/browser_clientAuth.js | took 12856ms
17:00:49     INFO - checking window state
17:00:49     INFO - TEST-START | browser/components/originattributes/test/browser/browser_cookieIsolation.js
17:00:56     INFO - MEMORY STAT | vsize 2009MB | residentFast 227MB | heapAllocated 103MB
17:00:56     INFO - TEST-OK | browser/components/originattributes/test/browser/browser_cookieIsolation.js | took 7766ms
17:00:57     INFO - checking window state
17:00:57     INFO - TEST-START | browser/components/originattributes/test/browser/browser_favicon_firstParty.js
17:01:06     INFO - MEMORY STAT | vsize 2017MB | residentFast 224MB | heapAllocated 100MB
17:01:06     INFO - TEST-OK | browser/components/originattributes/test/browser/browser_favicon_firstParty.js | took 8872ms
17:01:06     INFO - checking window state
17:01:06     INFO - TEST-START | browser/components/originattributes/test/browser/browser_favicon_userContextId.js
17:01:12     INFO - MEMORY STAT | vsize 2017MB | residentFast 228MB | heapAllocated 102MB
17:01:12     INFO - TEST-OK | browser/components/originattributes/test/browser/browser_favicon_userContextId.js | took 6168ms
17:01:12     INFO - checking window state
17:01:12     INFO - TEST-START | browser/components/originattributes/test/browser/browser_firstPartyIsolation.js
17:01:18     INFO - MEMORY STAT | vsize 2029MB | residentFast 233MB | heapAllocated 108MB
17:01:18     INFO - TEST-OK | browser/components/originattributes/test/browser/browser_firstPartyIsolation.js | took 6102ms
17:01:18     INFO - checking window state
17:01:18     INFO - TEST-START | browser/components/originattributes/test/browser/browser_httpauth.js
17:01:34     INFO - MEMORY STAT | vsize 2071MB | residentFast 214MB | heapAllocated 96MB
17:01:34     INFO - TEST-OK | browser/components/originattributes/test/browser/browser_httpauth.js | took 15988ms
17:01:34     INFO - checking window state
17:01:35     INFO - TEST-START | browser/components/originattributes/test/browser/browser_imageCacheIsolation.js
17:01:48     INFO - MEMORY STAT | vsize 2071MB | residentFast 216MB | heapAllocated 94MB
17:01:48     INFO - TEST-OK | browser/components/originattributes/test/browser/browser_imageCacheIsolation.js | took 13760ms
17:01:48     INFO - checking window state
17:01:48     INFO - TEST-START | browser/components/originattributes/test/browser/browser_localStorageIsolation.js
17:01:56     INFO - MEMORY STAT | vsize 2071MB | residentFast 225MB | heapAllocated 104MB
17:01:56     INFO - TEST-OK | browser/components/originattributes/test/browser/browser_localStorageIsolation.js | took 7818ms
17:01:56     INFO - checking window state
17:01:56     INFO - TEST-START | browser/components/originattributes/test/browser/browser_sharedworker.js
17:02:05     INFO - MEMORY STAT | vsize 2073MB | residentFast 232MB | heapAllocated 110MB
17:02:05     INFO - TEST-OK | browser/components/originattributes/test/browser/browser_sharedworker.js | took 8260ms
17:02:05     INFO - checking window state
17:02:08     INFO - Completed ShutdownLeaks collections in process 3408
17:02:10     INFO - Completed ShutdownLeaks collections in process 3355
17:02:10     INFO - TEST-START | Shutdown
17:02:10     INFO - Browser Chrome Test Summary
17:02:10     INFO - Passed:  488
17:02:10     INFO - Failed:  0
17:02:10     INFO - Todo:    0
17:02:10     INFO - Mode:    e10s
17:02:10     INFO - *** End BrowserChrome Test Results ***
17:02:11     INFO - TEST-INFO | Main app process: exit 0
17:02:11     INFO - runtests.py | Application ran for: 0:02:20.583379
17:02:11     INFO - zombiecheck | Reading PID log: /tmp/tmpLZ6yPhpidlog
17:02:11     INFO - ==> process 3355 launched child process 3376
17:02:11     INFO - ==> process 3355 launched child process 3408
17:02:11     INFO - zombiecheck | Checking for orphan process with PID: 3376
17:02:11     INFO - zombiecheck | Checking for orphan process with PID: 3408
17:02:11     INFO - Stopping web server
17:02:11     INFO - Stopping web socket server
17:02:11     INFO - Stopping ssltunnel
17:02:11  WARNING - leakcheck | refcount logging is off, so leaks can't be detected!
17:02:11     INFO - runtests.py | Running tests: end.
17:02:11     INFO - Buffered messages finished
17:02:11     INFO -  dir: browser/components/privatebrowsing/test/browser
17:02:11     INFO -  Setting pipeline to PAUSED ...
17:02:11     INFO -  Pipeline is PREROLLING ...
17:02:11     INFO -  Pipeline is PREROLLED ...
17:02:11     INFO -  Setting pipeline to PLAYING ...
17:02:11     INFO -  New clock: GstSystemClock
17:02:11     INFO -  Got EOS from element "pipeline0".
17:02:11     INFO -  Execution ended after 32553390 ns.
17:02:11     INFO -  Setting pipeline to PAUSED ...
17:02:11     INFO -  Setting pipeline to READY ...
17:02:11     INFO -  Setting pipeline to NULL ...
17:02:11     INFO -  Freeing pipeline ...
17:02:12     INFO -  mozprofile.addons WARNING | Could not install /builds/slave/test/build/tests/mochitest/extensions/mozscreenshots: [Errno 2] No such file or directory: '/builds/slave/test/build/tests/mochitest/extensions/mozscreenshots/install.rdf'
17:02:12     INFO -  pk12util: PKCS12 IMPORT SUCCESSFUL
17:02:12     INFO - MochitestServer : launching [u'/builds/slave/test/build/tests/bin/xpcshell', '-g', '/builds/slave/test/build/application/firefox', '-v', '170', '-f', '/builds/slave/test/build/tests/bin/components/httpd.js', '-e', "const _PROFILE_PATH = '/tmp/tmp_q3jQs.mozrunner'; const _SERVER_PORT = '8888'; const _SERVER_ADDR = '127.0.0.1'; const _TEST_PREFIX = undefined; const _DISPLAY_RESULTS = false;", '-f', '/builds/slave/test/build/tests/mochitest/server.js']
17:02:12     INFO - runtests.py | Server pid: 3504
17:02:12     INFO - runtests.py | Websocket server pid: 3507
17:02:12     INFO - runtests.py | SSL tunnel pid: 3510
17:02:13     INFO - runtests.py | Running with e10s: True
17:02:13     INFO - runtests.py | Running tests: start.
17:02:13     INFO - 
17:02:13     INFO - Application command: /builds/slave/test/build/application/firefox/firefox -marionette -foreground -profile /tmp/tmp_q3jQs.mozrunner
17:02:13     INFO - runtests.py | Application pid: 3532
17:02:13     INFO - TEST-INFO | started process Main app process

command interrupted, attempting to kill
process killed by signal 9
program finished with exit code -1
elapsedTime=599.887351
The web-page 'stop build' button was pressed by 'rvandermeulen@mozilla.com': Cancelled via self-serve
========= master_lag: 0.07 =========
========= Finished '/tools/buildbot/bin/python scripts/scripts/desktop_unittest.py ...' interrupted (results: 4, elapsed: 9 mins, 59 secs) (at 2018-06-08 17:02:14.796061) =========

========= Started set props: build_url (results: 0, elapsed: 0 secs) (at 2018-06-08 17:02:14.796991) =========
bash -c 'for file in `ls -1`; do cat $file; done'
 in dir /builds/slave/test/properties (timeout 1200 secs)
 watching logfiles {}
 argv: ['bash', '-c', 'for file in `ls -1`; do cat $file; done']
 environment:
  HOME=/home/cltbld
  LANG=en_US.UTF-8
  LOGNAME=cltbld
  MAIL=/var/mail/cltbld
  NODE_PATH=/usr/lib/nodejs:/usr/lib/node_modules:/usr/share/javascript
  PATH=/usr/local/bin:/usr/local/bin:/usr/bin:/bin:/usr/local/games:/usr/games
  PWD=/builds/slave/test/properties
  SHELL=/bin/bash
  SHLVL=1
  TERM=linux
  TMOUT=86400
  USER=cltbld
  XDG_SESSION_COOKIE=9ca12473fbb1d023794ffd180000023c-1528501932.352285-1229103633
  _=/tools/buildbot/bin/python
 using PTY: False
build_url:https://queue.taskcluster.net/v1/task/I1iAdq48Sa60c5BCPWswkg/artifacts/public/build/firefox-52.8.2.en-US.linux-x86_64.tar.bz2
program finished with exit code 0
elapsedTime=0.087343
build_url: 'https://queue.taskcluster.net/v1/task/I1iAdq48Sa60c5BCPWswkg/artifacts/public/build/firefox-52.8.2.en-US.linux-x86_64.tar.bz2'
========= master_lag: 0.02 =========
========= Finished set props: build_url (results: 0, elapsed: 0 secs) (at 2018-06-08 17:02:14.901300) =========

========= Started 'rm -f ...' (results: 0, elapsed: 0 secs) (at 2018-06-08 17:02:14.901612) =========
rm -f oauth.txt
 in dir /builds/slave/test/. (timeout 1200 secs)
 watching logfiles {}
 argv: ['rm', '-f', 'oauth.txt']
 environment:
  HOME=/home/cltbld
  LANG=en_US.UTF-8
  LOGNAME=cltbld
  MAIL=/var/mail/cltbld
  NODE_PATH=/usr/lib/nodejs:/usr/lib/node_modules:/usr/share/javascript
  PATH=/usr/local/bin:/usr/local/bin:/usr/bin:/bin:/usr/local/games:/usr/games
  PWD=/builds/slave/test
  SHELL=/bin/bash
  SHLVL=1
  TERM=linux
  TMOUT=86400
  USER=cltbld
  XDG_SESSION_COOKIE=9ca12473fbb1d023794ffd180000023c-1528501932.352285-1229103633
  _=/tools/buildbot/bin/python
 using PTY: False
program finished with exit code 0
elapsedTime=0.050589
========= master_lag: 0.03 =========
========= Finished 'rm -f ...' (results: 0, elapsed: 0 secs) (at 2018-06-08 17:02:14.982045) =========

========= Started reboot skipped (results: 3, elapsed: 0 secs) (at 2018-06-08 17:02:14.982322) =========
========= Finished reboot skipped (results: 3, elapsed: 0 secs) (at 2018-06-08 17:02:14.982579) =========

========= Total master_lag: 0.18 =========

