builder: mozilla-esr52_yosemite_r7_test-mochitest-a11y
slave: t-yosemite-r7-0016
starttime: 1528502311.81
results: cancelled (6)
buildid: 20180608150819
builduid: b298b373e93d4f8dbf92436c9ed838a2
revision: cbfdf01aac455e0591471201c96b89dee98190b5

========= Started set props: master (results: 0, elapsed: 0 secs) (at 2018-06-08 16:58:31.807690) =========
master: http://buildbot-master106.bb.releng.scl3.mozilla.com:8201/
========= Finished set props: master (results: 0, elapsed: 0 secs) (at 2018-06-08 16:58:31.808625) =========

========= Started downloading to buildprops.json (results: 0, elapsed: 0 secs) (at 2018-06-08 16:58:31.809317) =========
========= Finished downloading to buildprops.json (results: 0, elapsed: 0 secs) (at 2018-06-08 16:58:31.821529) =========

========= Started 'bash -c ...' (results: 0, elapsed: 0 secs) (at 2018-06-08 16:58:31.821911) =========
bash -c 'wget -Oarchiver_client.py --no-check-certificate --tries=10 --waitretry=3 https://hg.mozilla.org/build/tools/raw-file/default/buildfarm/utils/archiver_client.py'
 in dir /builds/slave/test/. (timeout 1200 secs)
 watching logfiles {}
 argv: ['bash', '-c', 'wget -Oarchiver_client.py --no-check-certificate --tries=10 --waitretry=3 https://hg.mozilla.org/build/tools/raw-file/default/buildfarm/utils/archiver_client.py']
 environment:
  Apple_PubSub_Socket_Render=/private/tmp/com.apple.launchd.B3k0T72GHQ/Render
  GIT_SHARE_BASE_DIR=/builds/git-shared
  HG_SHARE_BASE_DIR=/builds/hg-shared
  HOME=/Users/cltbld
  IDLEIZER_DISABLE_SHUTDOWN=true
  LOGNAME=cltbld
  PATH=/usr/local/sbin:/usr/local/bin:/usr/sbin:/usr/bin:/sbin:/bin:/usr/bin/X11
  PWD=/builds/slave/test
  RUNNER_CONFIG_CMD=/opt/runner/bin/python2.7 /opt/runner/bin/runner -c /opt/runner/runner.cfg
  SHELL=/bin/bash
  SSH_AUTH_SOCK=/private/tmp/com.apple.launchd.vd73pA5iOt/Listeners
  TMPDIR=/var/folders/dw/ppzkjs4j7vl0jq205ykbqxc000000w/T/
  TWISTD_LOG_PATH=/builds/slave/twistd.log
  USER=cltbld
  VERSIONER_PYTHON_PREFER_32_BIT=no
  VERSIONER_PYTHON_VERSION=2.7
  XPC_FLAGS=0x0
  XPC_SERVICE_NAME=0
  __CF_USER_TEXT_ENCODING=0x1C:0:0
 using PTY: False
--2018-06-08 16:58:31--  https://hg.mozilla.org/build/tools/raw-file/default/buildfarm/utils/archiver_client.py
Resolving hg.mozilla.org... 63.245.215.25, 63.245.215.102
Connecting to hg.mozilla.org|63.245.215.25|:443... connected.
HTTP request sent, awaiting response... 200 Script output follows
Length: 12179 (12K) [text/x-python]
Saving to: 'archiver_client.py'

     0K .......... .                                          100% 27.7M=0s

2018-06-08 16:58:31 (27.7 MB/s) - 'archiver_client.py' saved [12179/12179]

program finished with exit code 0
elapsedTime=0.117710
========= master_lag: 0.01 =========
========= Finished 'bash -c ...' (results: 0, elapsed: 0 secs) (at 2018-06-08 16:58:31.950926) =========

========= Started 'rm -rf ...' (results: 0, elapsed: 0 secs) (at 2018-06-08 16:58:31.951295) =========
rm -rf scripts properties
 in dir /builds/slave/test/. (timeout 1200 secs)
 watching logfiles {}
 argv: ['rm', '-rf', 'scripts', 'properties']
 environment:
  Apple_PubSub_Socket_Render=/private/tmp/com.apple.launchd.B3k0T72GHQ/Render
  GIT_SHARE_BASE_DIR=/builds/git-shared
  HG_SHARE_BASE_DIR=/builds/hg-shared
  HOME=/Users/cltbld
  IDLEIZER_DISABLE_SHUTDOWN=true
  LOGNAME=cltbld
  PATH=/usr/local/sbin:/usr/local/bin:/usr/sbin:/usr/bin:/sbin:/bin:/usr/bin/X11
  PWD=/builds/slave/test
  RUNNER_CONFIG_CMD=/opt/runner/bin/python2.7 /opt/runner/bin/runner -c /opt/runner/runner.cfg
  SHELL=/bin/bash
  SSH_AUTH_SOCK=/private/tmp/com.apple.launchd.vd73pA5iOt/Listeners
  TMPDIR=/var/folders/dw/ppzkjs4j7vl0jq205ykbqxc000000w/T/
  TWISTD_LOG_PATH=/builds/slave/twistd.log
  USER=cltbld
  VERSIONER_PYTHON_PREFER_32_BIT=no
  VERSIONER_PYTHON_VERSION=2.7
  XPC_FLAGS=0x0
  XPC_SERVICE_NAME=0
  __CF_USER_TEXT_ENCODING=0x1C:0:0
 using PTY: False
program finished with exit code 0
elapsedTime=0.020908
========= master_lag: 0.03 =========
========= Finished 'rm -rf ...' (results: 0, elapsed: 0 secs) (at 2018-06-08 16:58:32.001202) =========

========= Started 'bash -c ...' (results: 0, elapsed: 1 secs) (at 2018-06-08 16:58:32.001580) =========
bash -c 'python archiver_client.py mozharness --repo releases/mozilla-esr52 --rev cbfdf01aac455e0591471201c96b89dee98190b5 --destination scripts --debug'
 in dir /builds/slave/test/. (timeout 1200 secs)
 watching logfiles {}
 argv: ['bash', '-c', u'python archiver_client.py mozharness --repo releases/mozilla-esr52 --rev cbfdf01aac455e0591471201c96b89dee98190b5 --destination scripts --debug']
 environment:
  Apple_PubSub_Socket_Render=/private/tmp/com.apple.launchd.B3k0T72GHQ/Render
  GIT_SHARE_BASE_DIR=/builds/git-shared
  HG_SHARE_BASE_DIR=/builds/hg-shared
  HOME=/Users/cltbld
  IDLEIZER_DISABLE_SHUTDOWN=true
  LOGNAME=cltbld
  PATH=/usr/local/sbin:/usr/local/bin:/usr/sbin:/usr/bin:/sbin:/bin:/usr/bin/X11
  PWD=/builds/slave/test
  RUNNER_CONFIG_CMD=/opt/runner/bin/python2.7 /opt/runner/bin/runner -c /opt/runner/runner.cfg
  SHELL=/bin/bash
  SSH_AUTH_SOCK=/private/tmp/com.apple.launchd.vd73pA5iOt/Listeners
  TMPDIR=/var/folders/dw/ppzkjs4j7vl0jq205ykbqxc000000w/T/
  TWISTD_LOG_PATH=/builds/slave/twistd.log
  USER=cltbld
  VERSIONER_PYTHON_PREFER_32_BIT=no
  VERSIONER_PYTHON_VERSION=2.7
  XPC_FLAGS=0x0
  XPC_SERVICE_NAME=0
  __CF_USER_TEXT_ENCODING=0x1C:0:0
 using PTY: False
2018-06-08 16:58:32,031 truncating revision to first 12 chars
2018-06-08 16:58:32,032 Setting DEBUG logging.
2018-06-08 16:58:32,032 attempt 1/10
2018-06-08 16:58:32,032 Getting archive location from https://api.pub.build.mozilla.org/archiver/hgmo/releases/mozilla-esr52/cbfdf01aac45?&preferred_region=us-west-2&suffix=tar.gz&subdir=testing/mozharness
2018-06-08 16:58:33,369 unpacking tar archive at: mozilla-esr52-cbfdf01aac45/testing/mozharness/
program finished with exit code 0
elapsedTime=1.764804
========= master_lag: 0.01 =========
========= Finished 'bash -c ...' (results: 0, elapsed: 1 secs) (at 2018-06-08 16:58:33.778796) =========

========= Started set props: script_repo_revision (results: 0, elapsed: 0 secs) (at 2018-06-08 16:58:33.779193) =========
script_repo_revision: cbfdf01aac455e0591471201c96b89dee98190b5
========= Finished set props: script_repo_revision (results: 0, elapsed: 0 secs) (at 2018-06-08 16:58:33.779709) =========

========= Started downloading to oauth.txt (results: 0, elapsed: 0 secs) (at 2018-06-08 16:58:33.780024) =========
========= Finished downloading to oauth.txt (results: 0, elapsed: 0 secs) (at 2018-06-08 16:58:33.789270) =========

========= Started '/tools/buildbot/bin/python -u ...' interrupted (results: 4, elapsed: 2 mins, 41 secs) (at 2018-06-08 16:58:33.789752) =========
/tools/buildbot/bin/python -u scripts/scripts/desktop_unittest.py --cfg unittests/mac_unittest.py --mochitest-suite a11y --blob-upload-branch mozilla-esr52 --download-symbols ondemand
 in dir /builds/slave/test/. (timeout 1800 secs) (maxTime 1800 secs)
 watching logfiles {}
 argv: ['/tools/buildbot/bin/python', '-u', 'scripts/scripts/desktop_unittest.py', '--cfg', 'unittests/mac_unittest.py', '--mochitest-suite', 'a11y', '--blob-upload-branch', 'mozilla-esr52', '--download-symbols', 'ondemand']
 environment:
  Apple_PubSub_Socket_Render=/private/tmp/com.apple.launchd.B3k0T72GHQ/Render
  GIT_SHARE_BASE_DIR=/builds/git-shared
  HG_SHARE_BASE_DIR=/builds/hg-shared
  HOME=/Users/cltbld
  IDLEIZER_DISABLE_SHUTDOWN=true
  LOGNAME=cltbld
  MOZ_HIDE_RESULTS_TABLE=1
  MOZ_NODE_PATH=/usr/local/bin/node
  MOZ_NO_REMOTE=1
  NO_EM_RESTART=1
  NO_FAIL_ON_TEST_ERRORS=1
  PATH=/usr/local/sbin:/usr/local/bin:/usr/sbin:/usr/bin:/sbin:/bin:/usr/bin/X11
  PROPERTIES_FILE=/builds/slave/test/buildprops.json
  PWD=/builds/slave/test
  RUNNER_CONFIG_CMD=/opt/runner/bin/python2.7 /opt/runner/bin/runner -c /opt/runner/runner.cfg
  SHELL=/bin/bash
  SSH_AUTH_SOCK=/private/tmp/com.apple.launchd.vd73pA5iOt/Listeners
  TMPDIR=/var/folders/dw/ppzkjs4j7vl0jq205ykbqxc000000w/T/
  TWISTD_LOG_PATH=/builds/slave/twistd.log
  USER=cltbld
  VERSIONER_PYTHON_PREFER_32_BIT=no
  VERSIONER_PYTHON_VERSION=2.7
  XPCOM_DEBUG_BREAK=warn
  XPC_FLAGS=0x0
  XPC_SERVICE_NAME=0
  __CF_USER_TEXT_ENCODING=0x1C:0:0
 using PTY: False
16:58:33     INFO - MultiFileLogger online at 20180608 16:58:33 in /builds/slave/test
16:58:33     INFO - Run as scripts/scripts/desktop_unittest.py --cfg unittests/mac_unittest.py --mochitest-suite a11y --blob-upload-branch mozilla-esr52 --download-symbols ondemand
16:58:33     INFO - Dumping config to /builds/slave/test/logs/localconfig.json.
16:58:33     INFO - {'all_cppunittest_suites': {'cppunittest': ('tests/cppunittest',)},
16:58:33     INFO -  'all_gtest_suites': {'gtest': ()},
16:58:33     INFO -  'all_jittest_suites': {'jittest': ()},
16:58:33     INFO -  'all_mochitest_suites': {'a11y': ('--flavor=a11y',),
16:58:33     INFO -                           'browser-chrome': ('--flavor=browser',),
16:58:33     INFO -                           'browser-chrome-addons': ('--flavor=browser',
16:58:33     INFO -                                                     '--chunk-by-runtime',
16:58:33     INFO -                                                     '--tag=addons'),
16:58:33     INFO -                           'browser-chrome-chunked': ('--flavor=browser',
16:58:33     INFO -                                                      '--chunk-by-runtime'),
16:58:33     INFO -                           'browser-chrome-clipboard': ('--flavor=browser',
16:58:33     INFO -                                                        '--subsuite=clipboard'),
16:58:33     INFO -                           'browser-chrome-gpu': ('--flavor=browser',
16:58:33     INFO -                                                  '--subsuite=gpu'),
16:58:33     INFO -                           'browser-chrome-screenshots': ('--flavor=browser',
16:58:33     INFO -                                                          '--subsuite=screenshots'),
16:58:33     INFO -                           'chrome': ('--flavor=chrome',),
16:58:33     INFO -                           'chrome-chunked': ('--flavor=chrome',
16:58:33     INFO -                                              '--chunk-by-dir=4'),
16:58:33     INFO -                           'chrome-clipboard': ('--flavor=chrome',
16:58:33     INFO -                                                '--subsuite=clipboard'),
16:58:33     INFO -                           'chrome-gpu': ('--flavor=chrome', '--subsuite=gpu'),
16:58:33     INFO -                           'jetpack-addon': ('--flavor=jetpack-addon',),
16:58:33     INFO -                           'jetpack-package': ('--flavor=jetpack-package',),
16:58:33     INFO -                           'jetpack-package-clipboard': ('--flavor=jetpack-package',
16:58:33     INFO -                                                         '--subsuite=clipboard'),
16:58:33     INFO -                           'mochitest-devtools-chrome': ('--flavor=browser',
16:58:33     INFO -                                                         '--subsuite=devtools'),
16:58:33     INFO -                           'mochitest-devtools-chrome-chunked': ('--flavor=browser',
16:58:33     INFO -                                                                 '--subsuite=devtools',
16:58:33     INFO -                                                                 '--chunk-by-runtime'),
16:58:33     INFO -                           'mochitest-gl': ('--subsuite=webgl',),
16:58:33     INFO -                           'mochitest-media': ('--subsuite=media',),
16:58:33     INFO -                           'plain': (),
16:58:33     INFO -                           'plain-chunked': ('--chunk-by-dir=4',),
16:58:33     INFO -                           'plain-clipboard': ('--subsuite=clipboard',),
16:58:33     INFO -                           'plain-gpu': ('--subsuite=gpu',)},
16:58:33     INFO -  'all_mozbase_suites': {'mozbase': ()},
16:58:33     INFO -  'all_reftest_suites': {'crashtest': {'options': ('--suite=crashtest',),
16:58:33     INFO -                                       'tests': ('tests/reftest/tests/testing/crashtest/crashtests.list',)},
16:58:33     INFO -                         'jsreftest': {'options': ('--extra-profile-file=tests/jsreftest/tests/user.js',),
16:58:33     INFO -                                       'tests': ('tests/jsreftest/tests/jstests.list',)},
16:58:33     INFO -                         'reftest': {'options': ('--suite=reftest',),
16:58:33     INFO -                                     'tests': ('tests/reftest/tests/layout/reftests/reftest.list',)}},
16:58:33     INFO -  'all_xpcshell_suites': {'xpcshell': {'options': ('--xpcshell=%(abs_app_dir)s/xpcshell',
16:58:33     INFO -                                                   '--manifest=tests/xpcshell/tests/xpcshell.ini'),
16:58:33     INFO -                                       'tests': ()},
16:58:33     INFO -                          'xpcshell-addons': {'options': ('--xpcshell=%(abs_app_dir)s/xpcshell',
16:58:33     INFO -                                                          '--tag=addons',
16:58:33     INFO -                                                          '--manifest=tests/xpcshell/tests/xpcshell.ini'),
16:58:33     INFO -                                              'tests': ()}},
16:58:33     INFO -  'allow_software_gl_layers': False,
16:58:33     INFO -  'append_to_log': False,
16:58:33     INFO -  'base_work_dir': '/builds/slave/test',
16:58:33     INFO -  'blob_upload_branch': 'mozilla-esr52',
16:58:33     INFO -  'blob_uploader_auth_file': '/builds/slave/test/oauth.txt',
16:58:33     INFO -  'buildbot_json_path': 'buildprops.json',
16:58:33     INFO -  'buildbot_max_log_size': 52428800,
16:58:33     INFO -  'code_coverage': False,
16:58:33     INFO -  'config_files': ('unittests/mac_unittest.py',),
16:58:33     INFO -  'default_blob_upload_servers': ('https://blobupload.elasticbeanstalk.com',),
16:58:33     INFO -  'download_minidump_stackwalk': True,
16:58:33     INFO -  'download_nodejs': True,
16:58:33     INFO -  'download_symbols': 'ondemand',
16:58:33     INFO -  'e10s': False,
16:58:33     INFO -  'exe_suffix': '',
16:58:33     INFO -  'exes': {'python': '/tools/buildbot/bin/python',
16:58:33     INFO -           'tooltool.py': '/tools/tooltool.py',
16:58:33     INFO -           'virtualenv': ('/tools/buildbot/bin/python',
16:58:33     INFO -                          '/tools/misc-python/virtualenv.py')},
16:58:33     INFO -  'find_links': ('http://pypi.pvt.build.mozilla.org/pub',
16:58:33     INFO -                 'http://pypi.pub.build.mozilla.org/pub'),
16:58:33     INFO -  'installer_path': '/builds/slave/test/installer.dmg',
16:58:33     INFO -  'log_level': 'info',
16:58:33     INFO -  'log_to_console': True,
16:58:33     INFO -  'minidump_save_path': '%(abs_work_dir)s/../minidumps',
16:58:33     INFO -  'minidump_stackwalk_path': 'macosx64-minidump_stackwalk',
16:58:33     INFO -  'minidump_tooltool_manifest_path': 'config/tooltool-manifests/macosx64/releng.manifest',
16:58:33     INFO -  'minimum_tests_zip_dirs': ('bin/*',
16:58:33     INFO -                             'certs/*',
16:58:33     INFO -                             'config/*',
16:58:33     INFO -                             'mach',
16:58:33     INFO -                             'marionette/*',
16:58:33     INFO -                             'modules/*',
16:58:33     INFO -                             'mozbase/*',
16:58:33     INFO -                             'tools/*'),
16:58:33     INFO -  'no_random': False,
16:58:33     INFO -  'nodejs_path': 'node-osx/bin/node',
16:58:33     INFO -  'nodejs_tooltool_manifest_path': 'config/tooltool-manifests/macosx64/nodejs.manifest',
16:58:33     INFO -  'opt_config_files': (),
16:58:33     INFO -  'pip_index': False,
16:58:33     INFO -  'preflight_run_cmd_suites': ({'architectures': ('32bit', '64bit'),
16:58:33     INFO -                                'cmd': ('xset', 's', 'off', 's', 'reset'),
16:58:33     INFO -                                'enabled': False,
16:58:33     INFO -                                'halt_on_failure': False,
16:58:33     INFO -                                'name': 'disable_screen_saver'},
16:58:33     INFO -                               {'architectures': ('32bit',),
16:58:33     INFO -                                'cmd': ('python',
16:58:33     INFO -                                        '../scripts/external_tools/mouse_and_screen_resolution.py',
16:58:33     INFO -                                        '--configuration-file',
16:58:33     INFO -                                        '../scripts/external_tools/machine-configuration.json'),
16:58:33     INFO -                                'enabled': False,
16:58:33     INFO -                                'halt_on_failure': True,
16:58:33     INFO -                                'name': 'run mouse & screen adjustment script'}),
16:58:33     INFO -  'require_test_zip': True,
16:58:33     INFO -  'run_all_suites': False,
16:58:33     INFO -  'run_cmd_checks_enabled': True,
16:58:33     INFO -  'run_file_names': {'cppunittest': 'runcppunittests.py',
16:58:33     INFO -                     'gtest': 'rungtests.py',
16:58:33     INFO -                     'jittest': 'jit_test.py',
16:58:33     INFO -                     'mochitest': 'runtests.py',
16:58:33     INFO -                     'mozbase': 'test.py',
16:58:33     INFO -                     'mozmill': 'runtestlist.py',
16:58:33     INFO -                     'reftest': 'runreftest.py',
16:58:33     INFO -                     'xpcshell': 'runxpcshelltests.py'},
16:58:33     INFO -  'specific_tests_zip_dirs': {'cppunittest': ('cppunittest/*',),
16:58:33     INFO -                              'gtest': ('gtest/*',),
16:58:33     INFO -                              'jittest': ('jit-test/*',),
16:58:33     INFO -                              'mochitest': ('mochitest/*',),
16:58:33     INFO -                              'mozbase': ('mozbase/*',),
16:58:33     INFO -                              'mozmill': ('mozmill/*',),
16:58:33     INFO -                              'reftest': ('reftest/*', 'jsreftest/*'),
16:58:33     INFO -                              'xpcshell': ('xpcshell/*',)},
16:58:33     INFO -  'specified_mochitest_suites': ('a11y',),
16:58:33     INFO -  'strict_content_sandbox': False,
16:58:33     INFO -  'suite_definitions': {'cppunittest': {'options': ('--symbols-path=%(symbols_path)s',
16:58:33     INFO -                                                    '--xre-path=%(abs_res_dir)s'),
16:58:33     INFO -                                        'run_filename': 'runcppunittests.py',
16:58:33     INFO -                                        'testsdir': 'cppunittest'},
16:58:33     INFO -                        'gtest': {'options': ('--xre-path=%(abs_res_dir)s',
16:58:33     INFO -                                              '--cwd=%(gtest_dir)s',
16:58:33     INFO -                                              '--symbols-path=%(symbols_path)s',
16:58:33     INFO -                                              '--utility-path=tests/bin',
16:58:33     INFO -                                              '%(binary_path)s'),
16:58:33     INFO -                                  'run_filename': 'rungtests.py'},
16:58:33     INFO -                        'jittest': {'options': ('tests/bin/js',
16:58:33     INFO -                                                '--no-slow',
16:58:33     INFO -                                                '--no-progress',
16:58:33     INFO -                                                '--format=automation',
16:58:33     INFO -                                                '--jitflags=all',
16:58:33     INFO -                                                '--timeout=970'),
16:58:33     INFO -                                    'run_filename': 'jit_test.py',
16:58:33     INFO -                                    'run_timeout': 1000,
16:58:33     INFO -                                    'testsdir': 'jit-test/jit-test'},
16:58:33     INFO -                        'mochitest': {'options': ('--appname=%(binary_path)s',
16:58:33     INFO -                                                  '--utility-path=tests/bin',
16:58:33     INFO -                                                  '--extra-profile-file=tests/bin/plugins',
16:58:33     INFO -                                                  '--symbols-path=%(symbols_path)s',
16:58:33     INFO -                                                  '--certificate-path=tests/certs',
16:58:33     INFO -                                                  '--quiet',
16:58:33     INFO -                                                  '--log-raw=%(raw_log_file)s',
16:58:33     INFO -                                                  '--log-errorsummary=%(error_summary_file)s',
16:58:33     INFO -                                                  '--screenshot-on-fail',
16:58:33     INFO -                                                  '--cleanup-crashes'),
16:58:33     INFO -                                      'run_filename': 'runtests.py',
16:58:33     INFO -                                      'testsdir': 'mochitest'},
16:58:33     INFO -                        'mozbase': {'options': ('-b', '%(binary_path)s'),
16:58:33     INFO -                                    'run_filename': 'test.py',
16:58:33     INFO -                                    'testsdir': 'mozbase'},
16:58:33     INFO -                        'mozmill': {'options': ('--binary=%(binary_path)s',
16:58:33     INFO -                                                '--testing-modules-dir=test/modules',
16:58:33     INFO -                                                '--plugins-path=%(test_plugin_path)s',
16:58:33     INFO -                                                '--symbols-path=%(symbols_path)s'),
16:58:33     INFO -                                    'run_filename': 'runtestlist.py',
16:58:33     INFO -                                    'testsdir': 'mozmill'},
16:58:33     INFO -                        'reftest': {'options': ('--appname=%(binary_path)s',
16:58:33     INFO -                                                '--utility-path=tests/bin',
16:58:33     INFO -                                                '--extra-profile-file=tests/bin/plugins',
16:58:33     INFO -                                                '--symbols-path=%(symbols_path)s',
16:58:33     INFO -                                                '--log-raw=%(raw_log_file)s',
16:58:33     INFO -                                                '--log-errorsummary=%(error_summary_file)s',
16:58:33     INFO -                                                '--cleanup-crashes'),
16:58:33     INFO -                                    'run_filename': 'runreftest.py',
16:58:33     INFO -                                    'testsdir': 'reftest'},
16:58:33     INFO -                        'xpcshell': {'options': ('--symbols-path=%(symbols_path)s',
16:58:33     INFO -                                                 '--test-plugin-path=%(test_plugin_path)s',
16:58:33     INFO -                                                 '--log-raw=%(raw_log_file)s',
16:58:33     INFO -                                                 '--log-errorsummary=%(error_summary_file)s',
16:58:33     INFO -                                                 '--utility-path=tests/bin'),
16:58:33     INFO -                                     'run_filename': 'runxpcshelltests.py',
16:58:33     INFO -                                     'testsdir': 'xpcshell'}},
16:58:33     INFO -  'tooltool_cache': '/builds/tooltool_cache',
16:58:33     INFO -  'unstructured_flavors': {'cppunittest': (),
16:58:33     INFO -                           'gtest': (),
16:58:33     INFO -                           'jittest': (),
16:58:33     INFO -                           'mochitest': ('jetpack',),
16:58:33     INFO -                           'mozbase': (),
16:58:33     INFO -                           'mozmill': (),
16:58:33     INFO -                           'xpcshell': ()},
16:58:33     INFO -  'vcs_output_timeout': 1000,
16:58:33     INFO -  'virtualenv_modules': ('six==1.10.0', 'vcversioner==2.16.0.0'),
16:58:33     INFO -  'virtualenv_path': 'venv',
16:58:33     INFO -  'volatile_config': {'actions': None, 'add_actions': None, 'no_actions': None},
16:58:33     INFO -  'work_dir': 'build',
16:58:33     INFO -  'xpcshell_name': 'xpcshell'}
16:58:33     INFO - [mozharness: 2018-06-08 23:58:33.977922Z] Running clobber step.
16:58:33     INFO - Running pre-action listener: _resource_record_pre_action
16:58:33     INFO - Running main action method: clobber
16:58:33     INFO - rmtree: /builds/slave/test/build
16:58:33     INFO - retry: Calling rmtree with args: ('/builds/slave/test/build',), kwargs: {}, attempt #1
16:58:35     INFO - Running post-action listener: _resource_record_post_action
16:58:35     INFO - [mozharness: 2018-06-08 23:58:35.594060Z] Finished clobber step (success)
16:58:35     INFO - [mozharness: 2018-06-08 23:58:35.594169Z] Running read-buildbot-config step.
16:58:35     INFO - Running pre-action listener: _resource_record_pre_action
16:58:35     INFO - Running main action method: read_buildbot_config
16:58:35     INFO - Using buildbot properties:
16:58:35     INFO - {
16:58:35     INFO -     "project": "", 
16:58:35     INFO -     "product": "firefox", 
16:58:35     INFO -     "script_repo_revision": "production", 
16:58:35     INFO -     "scheduler": "tests-mozilla-esr52-yosemite_r7-opt-unittest", 
16:58:35     INFO -     "repository": "", 
16:58:35     INFO -     "buildername": "Rev7 MacOSX Yosemite 10.10.5 mozilla-esr52 opt test mochitest-a11y", 
16:58:35     INFO -     "buildid": "20180608150819", 
16:58:35     INFO -     "pgo_build": "False", 
16:58:35     INFO -     "basedir": "/builds/slave/test", 
16:58:35     INFO -     "buildnumber": 112, 
16:58:35     INFO -     "slavename": "t-yosemite-r7-0016", 
16:58:35     INFO -     "master": "http://buildbot-master106.bb.releng.scl3.mozilla.com:8201/", 
16:58:35     INFO -     "platform": "macosx64", 
16:58:35     INFO -     "branch": "mozilla-esr52", 
16:58:35     INFO -     "revision": "cbfdf01aac455e0591471201c96b89dee98190b5", 
16:58:35     INFO -     "repo_path": "releases/mozilla-esr52", 
16:58:35     INFO -     "moz_repo_path": "", 
16:58:35     INFO -     "stage_platform": "macosx64", 
16:58:35     INFO -     "builduid": "b298b373e93d4f8dbf92436c9ed838a2", 
16:58:35     INFO -     "slavebuilddir": "test"
16:58:35     INFO - }
16:58:35     INFO - Found installer url https://queue.taskcluster.net/v1/task/HHn8t6C8SBmHWYIFt5uc2A/artifacts/public/build/firefox-52.8.2.en-US.mac.dmg.
16:58:35     INFO - Found a test packages url https://queue.taskcluster.net/v1/task/HHn8t6C8SBmHWYIFt5uc2A/artifacts/public/build/firefox-52.8.2.en-US.mac.test_packages.json.
16:58:35     INFO - Running post-action listener: _resource_record_post_action
16:58:35     INFO - [mozharness: 2018-06-08 23:58:35.597133Z] Finished read-buildbot-config step (success)
16:58:35     INFO - [mozharness: 2018-06-08 23:58:35.597236Z] Running download-and-extract step.
16:58:35     INFO - Running pre-action listener: _pre_download_and_extract
16:58:35  WARNING - Try message not found.
16:58:35     INFO - Running pre-action listener: _resource_record_pre_action
16:58:35     INFO - Running main action method: download_and_extract
16:58:35     INFO - mkdir: /builds/slave/test/build/tests
16:58:35     INFO - Downloading https://queue.taskcluster.net/v1/task/HHn8t6C8SBmHWYIFt5uc2A/artifacts/public/build/firefox-52.8.2.en-US.mac.test_packages.json to /builds/slave/test/build/firefox-52.8.2.en-US.mac.test_packages.json
16:58:35     INFO - retry: Calling _download_file with args: (), kwargs: {'url': 'https://queue.taskcluster.net/v1/task/HHn8t6C8SBmHWYIFt5uc2A/artifacts/public/build/firefox-52.8.2.en-US.mac.test_packages.json', 'file_name': '/builds/slave/test/build/firefox-52.8.2.en-US.mac.test_packages.json'}, attempt #1
16:58:36     INFO - Downloaded 1199 bytes.
16:58:36     INFO - Reading from file /builds/slave/test/build/firefox-52.8.2.en-US.mac.test_packages.json
16:58:36     INFO - Using the following test package requirements:
16:58:36     INFO - {u'common': [u'firefox-52.8.2.en-US.mac.common.tests.zip'],
16:58:36     INFO -  u'cppunittest': [u'firefox-52.8.2.en-US.mac.common.tests.zip',
16:58:36     INFO -                   u'firefox-52.8.2.en-US.mac.cppunittest.tests.zip'],
16:58:36     INFO -  u'gtest': [u'firefox-52.8.2.en-US.mac.common.tests.zip',
16:58:36     INFO -             u'firefox-52.8.2.en-US.mac.gtest.tests.zip'],
16:58:36     INFO -  u'jittest': [u'firefox-52.8.2.en-US.mac.common.tests.zip',
16:58:36     INFO -               u'jsshell-mac.zip'],
16:58:36     INFO -  u'mochitest': [u'firefox-52.8.2.en-US.mac.common.tests.zip',
16:58:36     INFO -                 u'firefox-52.8.2.en-US.mac.mochitest.tests.zip'],
16:58:36     INFO -  u'mozbase': [u'firefox-52.8.2.en-US.mac.common.tests.zip'],
16:58:36     INFO -  u'reftest': [u'firefox-52.8.2.en-US.mac.common.tests.zip',
16:58:36     INFO -               u'firefox-52.8.2.en-US.mac.reftest.tests.zip'],
16:58:36     INFO -  u'talos': [u'firefox-52.8.2.en-US.mac.common.tests.zip',
16:58:36     INFO -             u'firefox-52.8.2.en-US.mac.talos.tests.zip'],
16:58:36     INFO -  u'web-platform': [u'firefox-52.8.2.en-US.mac.common.tests.zip',
16:58:36     INFO -                    u'firefox-52.8.2.en-US.mac.web-platform.tests.zip'],
16:58:36     INFO -  u'xpcshell': [u'firefox-52.8.2.en-US.mac.common.tests.zip',
16:58:36     INFO -                u'firefox-52.8.2.en-US.mac.xpcshell.tests.zip']}
16:58:36     INFO - Downloading packages: [u'firefox-52.8.2.en-US.mac.common.tests.zip', u'firefox-52.8.2.en-US.mac.mochitest.tests.zip'] for test suite category: mochitest
16:58:36     INFO - Adding 'mozinfo.json' for extraction from common.tests zip file
16:58:36     INFO - Downloading and extracting to /builds/slave/test/build/tests these dirs bin/*, certs/*, config/*, mach, marionette/*, modules/*, mozbase/*, tools/*, mochitest/*, mozinfo.json from https://queue.taskcluster.net/v1/task/HHn8t6C8SBmHWYIFt5uc2A/artifacts/public/build/firefox-52.8.2.en-US.mac.common.tests.zip
16:58:36     INFO - retry: Calling fetch_url_into_memory with args: (), kwargs: {'url': u'https://queue.taskcluster.net/v1/task/HHn8t6C8SBmHWYIFt5uc2A/artifacts/public/build/firefox-52.8.2.en-US.mac.common.tests.zip'}, attempt #1
16:58:36     INFO - Fetch https://queue.taskcluster.net/v1/task/HHn8t6C8SBmHWYIFt5uc2A/artifacts/public/build/firefox-52.8.2.en-US.mac.common.tests.zip into memory
16:58:36     INFO - Http code: 200
16:58:36     INFO - via: 1.1 81871f1c889cc44b6c25e3ef722a3801.cloudfront.net (CloudFront)
16:58:36     INFO - x-amz-cf-id: y57Qb9beU5hvT2ylsOj-R4A9m6v0H216hdVkS_Mmw4mYt2PuaKY9Gg==
16:58:36     INFO - x-amz-version-id: UkqyOZq8WNz45.a28JfbTxANLCd8IcMh
16:58:37     INFO - Expected file size: 16042780
16:58:37     INFO - Obtained file size: 16042780
16:58:37     INFO - Downloading and extracting to /builds/slave/test/build/tests these dirs bin/*, certs/*, config/*, mach, marionette/*, modules/*, mozbase/*, tools/*, mochitest/*, mozinfo.json from https://queue.taskcluster.net/v1/task/HHn8t6C8SBmHWYIFt5uc2A/artifacts/public/build/firefox-52.8.2.en-US.mac.mochitest.tests.zip
16:58:37     INFO - retry: Calling fetch_url_into_memory with args: (), kwargs: {'url': u'https://queue.taskcluster.net/v1/task/HHn8t6C8SBmHWYIFt5uc2A/artifacts/public/build/firefox-52.8.2.en-US.mac.mochitest.tests.zip'}, attempt #1
16:58:37     INFO - Fetch https://queue.taskcluster.net/v1/task/HHn8t6C8SBmHWYIFt5uc2A/artifacts/public/build/firefox-52.8.2.en-US.mac.mochitest.tests.zip into memory
16:58:38     INFO - Http code: 200
16:58:38     INFO - via: 1.1 4a7b695b8ae560fe9087da065a2b7812.cloudfront.net (CloudFront)
16:58:38     INFO - x-amz-cf-id: xp3KTOeb-C9TCDvR_uQaxTM7LDJf6wJCprvs5lIWimvR2JKlfkWq4w==
16:58:38     INFO - x-amz-version-id: xgAMGpI0uaru90NO_X7ED2eFy6JPyfUY
16:58:39     INFO - Expected file size: 80335913
16:58:39     INFO - Obtained file size: 80335913
16:58:51     INFO - Downloading https://queue.taskcluster.net/v1/task/HHn8t6C8SBmHWYIFt5uc2A/artifacts/public/build/firefox-52.8.2.en-US.mac.dmg to /builds/slave/test/installer.dmg
16:58:51     INFO - retry: Calling _download_file with args: (), kwargs: {'url': 'https://queue.taskcluster.net/v1/task/HHn8t6C8SBmHWYIFt5uc2A/artifacts/public/build/firefox-52.8.2.en-US.mac.dmg', 'file_name': '/builds/slave/test/installer.dmg'}, attempt #1
16:58:54     INFO - Downloaded 82824028 bytes.
16:58:54     INFO - Setting buildbot property build_url to https://queue.taskcluster.net/v1/task/HHn8t6C8SBmHWYIFt5uc2A/artifacts/public/build/firefox-52.8.2.en-US.mac.dmg
16:58:54     INFO - mkdir: /builds/slave/test/properties
16:58:54     INFO - Writing buildbot properties ['build_url'] to /builds/slave/test/properties/build_url
16:58:54     INFO - Writing to file /builds/slave/test/properties/build_url
16:58:54     INFO - Contents:
16:58:54     INFO -  build_url:https://queue.taskcluster.net/v1/task/HHn8t6C8SBmHWYIFt5uc2A/artifacts/public/build/firefox-52.8.2.en-US.mac.dmg
16:58:54     INFO - Running post-action listener: _resource_record_post_action
16:58:54     INFO - Running post-action listener: set_extra_try_arguments
16:58:54     INFO - [mozharness: 2018-06-08 23:58:54.721851Z] Finished download-and-extract step (success)
16:58:54     INFO - [mozharness: 2018-06-08 23:58:54.721986Z] Running create-virtualenv step.
16:58:54     INFO - Running pre-action listener: _install_mozbase
16:58:54     INFO - Running pre-action listener: _pre_create_virtualenv
16:58:54     INFO - Running pre-action listener: _resource_record_pre_action
16:58:54     INFO - Running main action method: create_virtualenv
16:58:54     INFO - Creating virtualenv /builds/slave/test/build/venv
16:58:54     INFO - Running command: ['/tools/buildbot/bin/python', '/builds/slave/test/scripts/external_tools/virtualenv/virtualenv.py', '--always-copy', '/builds/slave/test/build/venv'] in /builds/slave/test/build
16:58:54     INFO - Copy/paste: /tools/buildbot/bin/python /builds/slave/test/scripts/external_tools/virtualenv/virtualenv.py --always-copy /builds/slave/test/build/venv
16:58:54     INFO - Using partial env: {'VIRTUALENV_NO_DOWNLOAD': '1'}
16:58:55     INFO -  Using real prefix '/tools/python27'
16:58:55     INFO -  New python executable in /builds/slave/test/build/venv/bin/python
16:58:57     INFO -  Installing setuptools, pip, wheel...done.
16:58:57     INFO - Return code: 0
16:58:57     INFO - Installing six==1.10.0 into virtualenv /builds/slave/test/build/venv
16:58:57     INFO - retry: Calling run_command with args: [['/builds/slave/test/build/venv/bin/pip', 'install', '--timeout', '120', '--no-index', '--find-links', 'http://pypi.pvt.build.mozilla.org/pub', '--find-links', 'http://pypi.pub.build.mozilla.org/pub', '--trusted-host', 'pypi.pub.build.mozilla.org', '--trusted-host', 'pypi.pvt.build.mozilla.org', 'six==1.10.0']], kwargs: {'error_level': 'warning', 'error_list': [{'substr': 'not found or a compiler error:', 'level': 'warning'}, {'regex': <_sre.SRE_Pattern object at 0x1086bd170>, 'level': 'error'}, {'regex': <_sre.SRE_Pattern object at 0x10875f960>, 'level': 'warning'}, {'regex': <_sre.SRE_Pattern object at 0x7fe55343fc10>, 'level': 'debug'}, {'substr': 'command not found', 'level': 'error'}, {'regex': <_sre.SRE_Pattern object at 0x1086501d0>, 'level': 'warning'}, {'substr': 'Traceback (most recent call last)', 'level': 'error'}, {'substr': 'SyntaxError: ', 'level': 'error'}, {'substr': 'TypeError: ', 'level': 'error'}, {'substr': 'NameError: ', 'level': 'error'}, {'substr': 'ZeroDivisionError: ', 'level': 'error'}, {'regex': <_sre.SRE_Pattern object at 0x10862b108>, 'level': 'critical'}, {'regex': <_sre.SRE_Pattern object at 0x108645030>, 'level': 'critical'}], 'cwd': '/builds/slave/test/build', 'env': {'VERSIONER_PYTHON_PREFER_32_BIT': 'no', 'LOGNAME': 'cltbld', 'USER': 'cltbld', 'XPC_SERVICE_NAME': '0', 'PATH': '/usr/local/sbin:/usr/local/bin:/usr/sbin:/usr/bin:/sbin:/bin:/usr/bin/X11', 'HOME': '/Users/cltbld', 'NO_EM_RESTART': '1', 'IDLEIZER_DISABLE_SHUTDOWN': 'true', 'XPCOM_DEBUG_BREAK': 'warn', 'Apple_PubSub_Socket_Render': '/private/tmp/com.apple.launchd.B3k0T72GHQ/Render', 'MOZ_NODE_PATH': '/usr/local/bin/node', 'TWISTD_LOG_PATH': '/builds/slave/twistd.log', 'GIT_SHARE_BASE_DIR': '/builds/git-shared', 'VERSIONER_PYTHON_VERSION': '2.7', 'XPC_FLAGS': '0x0', 'NO_FAIL_ON_TEST_ERRORS': '1', 'HG_SHARE_BASE_DIR': '/builds/hg-shared', 'RUNNER_CONFIG_CMD': '/opt/runner/bin/python2.7 /opt/runner/bin/runner -c /opt/runner/runner.cfg', 'MOZ_NO_REMOTE': '1', 'MOZ_HIDE_RESULTS_TABLE': '1', 'SSH_AUTH_SOCK': '/private/tmp/com.apple.launchd.vd73pA5iOt/Listeners', 'SHELL': '/bin/bash', 'TMPDIR': '/var/folders/dw/ppzkjs4j7vl0jq205ykbqxc000000w/T/', '__CF_USER_TEXT_ENCODING': '0x1C:0:0', 'PWD': '/builds/slave/test', 'PROPERTIES_FILE': '/builds/slave/test/buildprops.json'}}, attempt #1
16:58:57     INFO - Running command: ['/builds/slave/test/build/venv/bin/pip', 'install', '--timeout', '120', '--no-index', '--find-links', 'http://pypi.pvt.build.mozilla.org/pub', '--find-links', 'http://pypi.pub.build.mozilla.org/pub', '--trusted-host', 'pypi.pub.build.mozilla.org', '--trusted-host', 'pypi.pvt.build.mozilla.org', 'six==1.10.0'] in /builds/slave/test/build
16:58:57     INFO - Copy/paste: /builds/slave/test/build/venv/bin/pip install --timeout 120 --no-index --find-links http://pypi.pvt.build.mozilla.org/pub --find-links http://pypi.pub.build.mozilla.org/pub --trusted-host pypi.pub.build.mozilla.org --trusted-host pypi.pvt.build.mozilla.org six==1.10.0
16:58:57     INFO - Using env: {'Apple_PubSub_Socket_Render': '/private/tmp/com.apple.launchd.B3k0T72GHQ/Render',
16:58:57     INFO -  'GIT_SHARE_BASE_DIR': '/builds/git-shared',
16:58:57     INFO -  'HG_SHARE_BASE_DIR': '/builds/hg-shared',
16:58:57     INFO -  'HOME': '/Users/cltbld',
16:58:57     INFO -  'IDLEIZER_DISABLE_SHUTDOWN': 'true',
16:58:57     INFO -  'LOGNAME': 'cltbld',
16:58:57     INFO -  'MOZ_HIDE_RESULTS_TABLE': '1',
16:58:57     INFO -  'MOZ_NODE_PATH': '/usr/local/bin/node',
16:58:57     INFO -  'MOZ_NO_REMOTE': '1',
16:58:57     INFO -  'NO_EM_RESTART': '1',
16:58:57     INFO -  'NO_FAIL_ON_TEST_ERRORS': '1',
16:58:57     INFO -  'PATH': '/usr/local/sbin:/usr/local/bin:/usr/sbin:/usr/bin:/sbin:/bin:/usr/bin/X11',
16:58:57     INFO -  'PROPERTIES_FILE': '/builds/slave/test/buildprops.json',
16:58:57     INFO -  'PWD': '/builds/slave/test',
16:58:57     INFO -  'RUNNER_CONFIG_CMD': '/opt/runner/bin/python2.7 /opt/runner/bin/runner -c /opt/runner/runner.cfg',
16:58:57     INFO -  'SHELL': '/bin/bash',
16:58:57     INFO -  'SSH_AUTH_SOCK': '/private/tmp/com.apple.launchd.vd73pA5iOt/Listeners',
16:58:57     INFO -  'TMPDIR': '/var/folders/dw/ppzkjs4j7vl0jq205ykbqxc000000w/T/',
16:58:57     INFO -  'TWISTD_LOG_PATH': '/builds/slave/twistd.log',
16:58:57     INFO -  'USER': 'cltbld',
16:58:57     INFO -  'VERSIONER_PYTHON_PREFER_32_BIT': 'no',
16:58:57     INFO -  'VERSIONER_PYTHON_VERSION': '2.7',
16:58:57     INFO -  'XPCOM_DEBUG_BREAK': 'warn',
16:58:57     INFO -  'XPC_FLAGS': '0x0',
16:58:57     INFO -  'XPC_SERVICE_NAME': '0',
16:58:57     INFO -  '__CF_USER_TEXT_ENCODING': '0x1C:0:0'}
16:58:57     INFO -  Ignoring indexes: https://pypi.python.org/simple
16:58:57     INFO -  Collecting six==1.10.0
16:58:57     INFO -  /builds/slave/test/build/venv/lib/python2.7/site-packages/pip/_vendor/requests/packages/urllib3/util/ssl_.py:318: SNIMissingWarning: An HTTPS request has been made, but the SNI (Subject Name Indication) extension to TLS is not available on this platform. This may cause the server to present an incorrect TLS certificate, which can cause validation failures. You can upgrade to a newer version of Python to solve this. For more information, see https://urllib3.readthedocs.org/en/latest/security.html#snimissingwarning.
16:58:57     INFO -    SNIMissingWarning
16:58:57     INFO -  /builds/slave/test/build/venv/lib/python2.7/site-packages/pip/_vendor/requests/packages/urllib3/util/ssl_.py:122: InsecurePlatformWarning: A true SSLContext object is not available. This prevents urllib3 from configuring SSL appropriately and may cause certain SSL connections to fail. You can upgrade to a newer version of Python to solve this. For more information, see https://urllib3.readthedocs.org/en/latest/security.html#insecureplatformwarning.
16:58:57     INFO -    InsecurePlatformWarning
16:58:58     INFO -  /builds/slave/test/build/venv/lib/python2.7/site-packages/pip/_vendor/requests/packages/urllib3/util/ssl_.py:122: InsecurePlatformWarning: A true SSLContext object is not available. This prevents urllib3 from configuring SSL appropriately and may cause certain SSL connections to fail. You can upgrade to a newer version of Python to solve this. For more information, see https://urllib3.readthedocs.org/en/latest/security.html#insecureplatformwarning.
16:58:58     INFO -    InsecurePlatformWarning
16:59:00     INFO -    Downloading https://pypi.pvt.build.mozilla.org/pub/six-1.10.0-py2.py3-none-any.whl
16:59:00     INFO -  Installing collected packages: six
16:59:00     INFO -  Successfully installed six-1.10.0
16:59:00     INFO - Return code: 0
16:59:00     INFO - Installing vcversioner==2.16.0.0 into virtualenv /builds/slave/test/build/venv
16:59:00     INFO - retry: Calling run_command with args: [['/builds/slave/test/build/venv/bin/pip', 'install', '--timeout', '120', '--no-index', '--find-links', 'http://pypi.pvt.build.mozilla.org/pub', '--find-links', 'http://pypi.pub.build.mozilla.org/pub', '--trusted-host', 'pypi.pub.build.mozilla.org', '--trusted-host', 'pypi.pvt.build.mozilla.org', 'vcversioner==2.16.0.0']], kwargs: {'error_level': 'warning', 'error_list': [{'substr': 'not found or a compiler error:', 'level': 'warning'}, {'regex': <_sre.SRE_Pattern object at 0x1086bd170>, 'level': 'error'}, {'regex': <_sre.SRE_Pattern object at 0x10875f960>, 'level': 'warning'}, {'regex': <_sre.SRE_Pattern object at 0x7fe55343fc10>, 'level': 'debug'}, {'substr': 'command not found', 'level': 'error'}, {'regex': <_sre.SRE_Pattern object at 0x1086501d0>, 'level': 'warning'}, {'substr': 'Traceback (most recent call last)', 'level': 'error'}, {'substr': 'SyntaxError: ', 'level': 'error'}, {'substr': 'TypeError: ', 'level': 'error'}, {'substr': 'NameError: ', 'level': 'error'}, {'substr': 'ZeroDivisionError: ', 'level': 'error'}, {'regex': <_sre.SRE_Pattern object at 0x10862b108>, 'level': 'critical'}, {'regex': <_sre.SRE_Pattern object at 0x108645030>, 'level': 'critical'}], 'cwd': '/builds/slave/test/build', 'env': {'VERSIONER_PYTHON_PREFER_32_BIT': 'no', 'LOGNAME': 'cltbld', 'USER': 'cltbld', 'XPC_SERVICE_NAME': '0', 'PATH': '/usr/local/sbin:/usr/local/bin:/usr/sbin:/usr/bin:/sbin:/bin:/usr/bin/X11', 'HOME': '/Users/cltbld', 'NO_EM_RESTART': '1', 'IDLEIZER_DISABLE_SHUTDOWN': 'true', 'XPCOM_DEBUG_BREAK': 'warn', 'Apple_PubSub_Socket_Render': '/private/tmp/com.apple.launchd.B3k0T72GHQ/Render', 'MOZ_NODE_PATH': '/usr/local/bin/node', 'TWISTD_LOG_PATH': '/builds/slave/twistd.log', 'GIT_SHARE_BASE_DIR': '/builds/git-shared', 'VERSIONER_PYTHON_VERSION': '2.7', 'XPC_FLAGS': '0x0', 'NO_FAIL_ON_TEST_ERRORS': '1', 'HG_SHARE_BASE_DIR': '/builds/hg-shared', 'RUNNER_CONFIG_CMD': '/opt/runner/bin/python2.7 /opt/runner/bin/runner -c /opt/runner/runner.cfg', 'MOZ_NO_REMOTE': '1', 'MOZ_HIDE_RESULTS_TABLE': '1', 'SSH_AUTH_SOCK': '/private/tmp/com.apple.launchd.vd73pA5iOt/Listeners', 'SHELL': '/bin/bash', 'TMPDIR': '/var/folders/dw/ppzkjs4j7vl0jq205ykbqxc000000w/T/', '__CF_USER_TEXT_ENCODING': '0x1C:0:0', 'PWD': '/builds/slave/test', 'PROPERTIES_FILE': '/builds/slave/test/buildprops.json'}}, attempt #1
16:59:00     INFO - Running command: ['/builds/slave/test/build/venv/bin/pip', 'install', '--timeout', '120', '--no-index', '--find-links', 'http://pypi.pvt.build.mozilla.org/pub', '--find-links', 'http://pypi.pub.build.mozilla.org/pub', '--trusted-host', 'pypi.pub.build.mozilla.org', '--trusted-host', 'pypi.pvt.build.mozilla.org', 'vcversioner==2.16.0.0'] in /builds/slave/test/build
16:59:00     INFO - Copy/paste: /builds/slave/test/build/venv/bin/pip install --timeout 120 --no-index --find-links http://pypi.pvt.build.mozilla.org/pub --find-links http://pypi.pub.build.mozilla.org/pub --trusted-host pypi.pub.build.mozilla.org --trusted-host pypi.pvt.build.mozilla.org vcversioner==2.16.0.0
16:59:00     INFO - Using env: {'Apple_PubSub_Socket_Render': '/private/tmp/com.apple.launchd.B3k0T72GHQ/Render',
16:59:00     INFO -  'GIT_SHARE_BASE_DIR': '/builds/git-shared',
16:59:00     INFO -  'HG_SHARE_BASE_DIR': '/builds/hg-shared',
16:59:00     INFO -  'HOME': '/Users/cltbld',
16:59:00     INFO -  'IDLEIZER_DISABLE_SHUTDOWN': 'true',
16:59:00     INFO -  'LOGNAME': 'cltbld',
16:59:00     INFO -  'MOZ_HIDE_RESULTS_TABLE': '1',
16:59:00     INFO -  'MOZ_NODE_PATH': '/usr/local/bin/node',
16:59:00     INFO -  'MOZ_NO_REMOTE': '1',
16:59:00     INFO -  'NO_EM_RESTART': '1',
16:59:00     INFO -  'NO_FAIL_ON_TEST_ERRORS': '1',
16:59:00     INFO -  'PATH': '/usr/local/sbin:/usr/local/bin:/usr/sbin:/usr/bin:/sbin:/bin:/usr/bin/X11',
16:59:00     INFO -  'PROPERTIES_FILE': '/builds/slave/test/buildprops.json',
16:59:00     INFO -  'PWD': '/builds/slave/test',
16:59:00     INFO -  'RUNNER_CONFIG_CMD': '/opt/runner/bin/python2.7 /opt/runner/bin/runner -c /opt/runner/runner.cfg',
16:59:00     INFO -  'SHELL': '/bin/bash',
16:59:00     INFO -  'SSH_AUTH_SOCK': '/private/tmp/com.apple.launchd.vd73pA5iOt/Listeners',
16:59:00     INFO -  'TMPDIR': '/var/folders/dw/ppzkjs4j7vl0jq205ykbqxc000000w/T/',
16:59:00     INFO -  'TWISTD_LOG_PATH': '/builds/slave/twistd.log',
16:59:00     INFO -  'USER': 'cltbld',
16:59:00     INFO -  'VERSIONER_PYTHON_PREFER_32_BIT': 'no',
16:59:00     INFO -  'VERSIONER_PYTHON_VERSION': '2.7',
16:59:00     INFO -  'XPCOM_DEBUG_BREAK': 'warn',
16:59:00     INFO -  'XPC_FLAGS': '0x0',
16:59:00     INFO -  'XPC_SERVICE_NAME': '0',
16:59:00     INFO -  '__CF_USER_TEXT_ENCODING': '0x1C:0:0'}
16:59:00     INFO -  Ignoring indexes: https://pypi.python.org/simple
16:59:00     INFO -  Collecting vcversioner==2.16.0.0
16:59:00     INFO -  /builds/slave/test/build/venv/lib/python2.7/site-packages/pip/_vendor/requests/packages/urllib3/util/ssl_.py:318: SNIMissingWarning: An HTTPS request has been made, but the SNI (Subject Name Indication) extension to TLS is not available on this platform. This may cause the server to present an incorrect TLS certificate, which can cause validation failures. You can upgrade to a newer version of Python to solve this. For more information, see https://urllib3.readthedocs.org/en/latest/security.html#snimissingwarning.
16:59:00     INFO -    SNIMissingWarning
16:59:00     INFO -  /builds/slave/test/build/venv/lib/python2.7/site-packages/pip/_vendor/requests/packages/urllib3/util/ssl_.py:122: InsecurePlatformWarning: A true SSLContext object is not available. This prevents urllib3 from configuring SSL appropriately and may cause certain SSL connections to fail. You can upgrade to a newer version of Python to solve this. For more information, see https://urllib3.readthedocs.org/en/latest/security.html#insecureplatformwarning.
16:59:00     INFO -    InsecurePlatformWarning
16:59:01     INFO -  /builds/slave/test/build/venv/lib/python2.7/site-packages/pip/_vendor/requests/packages/urllib3/util/ssl_.py:122: InsecurePlatformWarning: A true SSLContext object is not available. This prevents urllib3 from configuring SSL appropriately and may cause certain SSL connections to fail. You can upgrade to a newer version of Python to solve this. For more information, see https://urllib3.readthedocs.org/en/latest/security.html#insecureplatformwarning.
16:59:01     INFO -    InsecurePlatformWarning
16:59:03     INFO -  Installing collected packages: vcversioner
16:59:03     INFO -  Successfully installed vcversioner-2.16.0.0
16:59:03     INFO - Return code: 0
16:59:03     INFO - Installing psutil>=3.1.1 into virtualenv /builds/slave/test/build/venv
16:59:03     INFO - retry: Calling run_command with args: [['/builds/slave/test/build/venv/bin/pip', 'install', '--timeout', '120', '--no-index', '--find-links', 'http://pypi.pvt.build.mozilla.org/pub', '--find-links', 'http://pypi.pub.build.mozilla.org/pub', '--trusted-host', 'pypi.pub.build.mozilla.org', '--trusted-host', 'pypi.pvt.build.mozilla.org', 'psutil>=3.1.1']], kwargs: {'error_level': 'warning', 'error_list': [{'substr': 'not found or a compiler error:', 'level': 'warning'}, {'regex': <_sre.SRE_Pattern object at 0x1086bd170>, 'level': 'error'}, {'regex': <_sre.SRE_Pattern object at 0x10875f960>, 'level': 'warning'}, {'regex': <_sre.SRE_Pattern object at 0x7fe55343fc10>, 'level': 'debug'}, {'substr': 'command not found', 'level': 'error'}, {'regex': <_sre.SRE_Pattern object at 0x1086501d0>, 'level': 'warning'}, {'substr': 'Traceback (most recent call last)', 'level': 'error'}, {'substr': 'SyntaxError: ', 'level': 'error'}, {'substr': 'TypeError: ', 'level': 'error'}, {'substr': 'NameError: ', 'level': 'error'}, {'substr': 'ZeroDivisionError: ', 'level': 'error'}, {'regex': <_sre.SRE_Pattern object at 0x10862b108>, 'level': 'critical'}, {'regex': <_sre.SRE_Pattern object at 0x108645030>, 'level': 'critical'}], 'cwd': '/builds/slave/test/build', 'env': {'VERSIONER_PYTHON_PREFER_32_BIT': 'no', 'LOGNAME': 'cltbld', 'USER': 'cltbld', 'XPC_SERVICE_NAME': '0', 'PATH': '/usr/local/sbin:/usr/local/bin:/usr/sbin:/usr/bin:/sbin:/bin:/usr/bin/X11', 'HOME': '/Users/cltbld', 'NO_EM_RESTART': '1', 'IDLEIZER_DISABLE_SHUTDOWN': 'true', 'XPCOM_DEBUG_BREAK': 'warn', 'Apple_PubSub_Socket_Render': '/private/tmp/com.apple.launchd.B3k0T72GHQ/Render', 'MOZ_NODE_PATH': '/usr/local/bin/node', 'TWISTD_LOG_PATH': '/builds/slave/twistd.log', 'GIT_SHARE_BASE_DIR': '/builds/git-shared', 'VERSIONER_PYTHON_VERSION': '2.7', 'XPC_FLAGS': '0x0', 'NO_FAIL_ON_TEST_ERRORS': '1', 'HG_SHARE_BASE_DIR': '/builds/hg-shared', 'RUNNER_CONFIG_CMD': '/opt/runner/bin/python2.7 /opt/runner/bin/runner -c /opt/runner/runner.cfg', 'MOZ_NO_REMOTE': '1', 'MOZ_HIDE_RESULTS_TABLE': '1', 'SSH_AUTH_SOCK': '/private/tmp/com.apple.launchd.vd73pA5iOt/Listeners', 'SHELL': '/bin/bash', 'TMPDIR': '/var/folders/dw/ppzkjs4j7vl0jq205ykbqxc000000w/T/', '__CF_USER_TEXT_ENCODING': '0x1C:0:0', 'PWD': '/builds/slave/test', 'PROPERTIES_FILE': '/builds/slave/test/buildprops.json'}}, attempt #1
16:59:03     INFO - Running command: ['/builds/slave/test/build/venv/bin/pip', 'install', '--timeout', '120', '--no-index', '--find-links', 'http://pypi.pvt.build.mozilla.org/pub', '--find-links', 'http://pypi.pub.build.mozilla.org/pub', '--trusted-host', 'pypi.pub.build.mozilla.org', '--trusted-host', 'pypi.pvt.build.mozilla.org', 'psutil>=3.1.1'] in /builds/slave/test/build
16:59:03     INFO - Copy/paste: /builds/slave/test/build/venv/bin/pip install --timeout 120 --no-index --find-links http://pypi.pvt.build.mozilla.org/pub --find-links http://pypi.pub.build.mozilla.org/pub --trusted-host pypi.pub.build.mozilla.org --trusted-host pypi.pvt.build.mozilla.org psutil>=3.1.1
16:59:03     INFO - Using env: {'Apple_PubSub_Socket_Render': '/private/tmp/com.apple.launchd.B3k0T72GHQ/Render',
16:59:03     INFO -  'GIT_SHARE_BASE_DIR': '/builds/git-shared',
16:59:03     INFO -  'HG_SHARE_BASE_DIR': '/builds/hg-shared',
16:59:03     INFO -  'HOME': '/Users/cltbld',
16:59:03     INFO -  'IDLEIZER_DISABLE_SHUTDOWN': 'true',
16:59:03     INFO -  'LOGNAME': 'cltbld',
16:59:03     INFO -  'MOZ_HIDE_RESULTS_TABLE': '1',
16:59:03     INFO -  'MOZ_NODE_PATH': '/usr/local/bin/node',
16:59:03     INFO -  'MOZ_NO_REMOTE': '1',
16:59:03     INFO -  'NO_EM_RESTART': '1',
16:59:03     INFO -  'NO_FAIL_ON_TEST_ERRORS': '1',
16:59:03     INFO -  'PATH': '/usr/local/sbin:/usr/local/bin:/usr/sbin:/usr/bin:/sbin:/bin:/usr/bin/X11',
16:59:03     INFO -  'PROPERTIES_FILE': '/builds/slave/test/buildprops.json',
16:59:03     INFO -  'PWD': '/builds/slave/test',
16:59:03     INFO -  'RUNNER_CONFIG_CMD': '/opt/runner/bin/python2.7 /opt/runner/bin/runner -c /opt/runner/runner.cfg',
16:59:03     INFO -  'SHELL': '/bin/bash',
16:59:03     INFO -  'SSH_AUTH_SOCK': '/private/tmp/com.apple.launchd.vd73pA5iOt/Listeners',
16:59:03     INFO -  'TMPDIR': '/var/folders/dw/ppzkjs4j7vl0jq205ykbqxc000000w/T/',
16:59:03     INFO -  'TWISTD_LOG_PATH': '/builds/slave/twistd.log',
16:59:03     INFO -  'USER': 'cltbld',
16:59:03     INFO -  'VERSIONER_PYTHON_PREFER_32_BIT': 'no',
16:59:03     INFO -  'VERSIONER_PYTHON_VERSION': '2.7',
16:59:03     INFO -  'XPCOM_DEBUG_BREAK': 'warn',
16:59:03     INFO -  'XPC_FLAGS': '0x0',
16:59:03     INFO -  'XPC_SERVICE_NAME': '0',
16:59:03     INFO -  '__CF_USER_TEXT_ENCODING': '0x1C:0:0'}
16:59:04     INFO -  Ignoring indexes: https://pypi.python.org/simple
16:59:04     INFO -  Collecting psutil>=3.1.1
16:59:04     INFO -  /builds/slave/test/build/venv/lib/python2.7/site-packages/pip/_vendor/requests/packages/urllib3/util/ssl_.py:318: SNIMissingWarning: An HTTPS request has been made, but the SNI (Subject Name Indication) extension to TLS is not available on this platform. This may cause the server to present an incorrect TLS certificate, which can cause validation failures. You can upgrade to a newer version of Python to solve this. For more information, see https://urllib3.readthedocs.org/en/latest/security.html#snimissingwarning.
16:59:04     INFO -    SNIMissingWarning
16:59:04     INFO -  /builds/slave/test/build/venv/lib/python2.7/site-packages/pip/_vendor/requests/packages/urllib3/util/ssl_.py:122: InsecurePlatformWarning: A true SSLContext object is not available. This prevents urllib3 from configuring SSL appropriately and may cause certain SSL connections to fail. You can upgrade to a newer version of Python to solve this. For more information, see https://urllib3.readthedocs.org/en/latest/security.html#insecureplatformwarning.
16:59:04     INFO -    InsecurePlatformWarning
16:59:04     INFO -  /builds/slave/test/build/venv/lib/python2.7/site-packages/pip/_vendor/requests/packages/urllib3/util/ssl_.py:122: InsecurePlatformWarning: A true SSLContext object is not available. This prevents urllib3 from configuring SSL appropriately and may cause certain SSL connections to fail. You can upgrade to a newer version of Python to solve this. For more information, see https://urllib3.readthedocs.org/en/latest/security.html#insecureplatformwarning.
16:59:04     INFO -    InsecurePlatformWarning
16:59:06     INFO -  Installing collected packages: psutil
16:59:07     INFO -  Successfully installed psutil-5.4.3
16:59:07     INFO - Return code: 0
16:59:07     INFO - Installing mozsystemmonitor==0.3 into virtualenv /builds/slave/test/build/venv
16:59:07     INFO - retry: Calling run_command with args: [['/builds/slave/test/build/venv/bin/pip', 'install', '--timeout', '120', '--no-index', '--find-links', 'http://pypi.pvt.build.mozilla.org/pub', '--find-links', 'http://pypi.pub.build.mozilla.org/pub', '--trusted-host', 'pypi.pub.build.mozilla.org', '--trusted-host', 'pypi.pvt.build.mozilla.org', 'mozsystemmonitor==0.3']], kwargs: {'error_level': 'warning', 'error_list': [{'substr': 'not found or a compiler error:', 'level': 'warning'}, {'regex': <_sre.SRE_Pattern object at 0x1086bd170>, 'level': 'error'}, {'regex': <_sre.SRE_Pattern object at 0x10875f960>, 'level': 'warning'}, {'regex': <_sre.SRE_Pattern object at 0x7fe55343fc10>, 'level': 'debug'}, {'substr': 'command not found', 'level': 'error'}, {'regex': <_sre.SRE_Pattern object at 0x1086501d0>, 'level': 'warning'}, {'substr': 'Traceback (most recent call last)', 'level': 'error'}, {'substr': 'SyntaxError: ', 'level': 'error'}, {'substr': 'TypeError: ', 'level': 'error'}, {'substr': 'NameError: ', 'level': 'error'}, {'substr': 'ZeroDivisionError: ', 'level': 'error'}, {'regex': <_sre.SRE_Pattern object at 0x10862b108>, 'level': 'critical'}, {'regex': <_sre.SRE_Pattern object at 0x108645030>, 'level': 'critical'}], 'cwd': '/builds/slave/test/build', 'env': {'VERSIONER_PYTHON_PREFER_32_BIT': 'no', 'LOGNAME': 'cltbld', 'USER': 'cltbld', 'XPC_SERVICE_NAME': '0', 'PATH': '/usr/local/sbin:/usr/local/bin:/usr/sbin:/usr/bin:/sbin:/bin:/usr/bin/X11', 'HOME': '/Users/cltbld', 'NO_EM_RESTART': '1', 'IDLEIZER_DISABLE_SHUTDOWN': 'true', 'XPCOM_DEBUG_BREAK': 'warn', 'Apple_PubSub_Socket_Render': '/private/tmp/com.apple.launchd.B3k0T72GHQ/Render', 'MOZ_NODE_PATH': '/usr/local/bin/node', 'TWISTD_LOG_PATH': '/builds/slave/twistd.log', 'GIT_SHARE_BASE_DIR': '/builds/git-shared', 'VERSIONER_PYTHON_VERSION': '2.7', 'XPC_FLAGS': '0x0', 'NO_FAIL_ON_TEST_ERRORS': '1', 'HG_SHARE_BASE_DIR': '/builds/hg-shared', 'RUNNER_CONFIG_CMD': '/opt/runner/bin/python2.7 /opt/runner/bin/runner -c /opt/runner/runner.cfg', 'MOZ_NO_REMOTE': '1', 'MOZ_HIDE_RESULTS_TABLE': '1', 'SSH_AUTH_SOCK': '/private/tmp/com.apple.launchd.vd73pA5iOt/Listeners', 'SHELL': '/bin/bash', 'TMPDIR': '/var/folders/dw/ppzkjs4j7vl0jq205ykbqxc000000w/T/', '__CF_USER_TEXT_ENCODING': '0x1C:0:0', 'PWD': '/builds/slave/test', 'PROPERTIES_FILE': '/builds/slave/test/buildprops.json'}}, attempt #1
16:59:07     INFO - Running command: ['/builds/slave/test/build/venv/bin/pip', 'install', '--timeout', '120', '--no-index', '--find-links', 'http://pypi.pvt.build.mozilla.org/pub', '--find-links', 'http://pypi.pub.build.mozilla.org/pub', '--trusted-host', 'pypi.pub.build.mozilla.org', '--trusted-host', 'pypi.pvt.build.mozilla.org', 'mozsystemmonitor==0.3'] in /builds/slave/test/build
16:59:07     INFO - Copy/paste: /builds/slave/test/build/venv/bin/pip install --timeout 120 --no-index --find-links http://pypi.pvt.build.mozilla.org/pub --find-links http://pypi.pub.build.mozilla.org/pub --trusted-host pypi.pub.build.mozilla.org --trusted-host pypi.pvt.build.mozilla.org mozsystemmonitor==0.3
16:59:07     INFO - Using env: {'Apple_PubSub_Socket_Render': '/private/tmp/com.apple.launchd.B3k0T72GHQ/Render',
16:59:07     INFO -  'GIT_SHARE_BASE_DIR': '/builds/git-shared',
16:59:07     INFO -  'HG_SHARE_BASE_DIR': '/builds/hg-shared',
16:59:07     INFO -  'HOME': '/Users/cltbld',
16:59:07     INFO -  'IDLEIZER_DISABLE_SHUTDOWN': 'true',
16:59:07     INFO -  'LOGNAME': 'cltbld',
16:59:07     INFO -  'MOZ_HIDE_RESULTS_TABLE': '1',
16:59:07     INFO -  'MOZ_NODE_PATH': '/usr/local/bin/node',
16:59:07     INFO -  'MOZ_NO_REMOTE': '1',
16:59:07     INFO -  'NO_EM_RESTART': '1',
16:59:07     INFO -  'NO_FAIL_ON_TEST_ERRORS': '1',
16:59:07     INFO -  'PATH': '/usr/local/sbin:/usr/local/bin:/usr/sbin:/usr/bin:/sbin:/bin:/usr/bin/X11',
16:59:07     INFO -  'PROPERTIES_FILE': '/builds/slave/test/buildprops.json',
16:59:07     INFO -  'PWD': '/builds/slave/test',
16:59:07     INFO -  'RUNNER_CONFIG_CMD': '/opt/runner/bin/python2.7 /opt/runner/bin/runner -c /opt/runner/runner.cfg',
16:59:07     INFO -  'SHELL': '/bin/bash',
16:59:07     INFO -  'SSH_AUTH_SOCK': '/private/tmp/com.apple.launchd.vd73pA5iOt/Listeners',
16:59:07     INFO -  'TMPDIR': '/var/folders/dw/ppzkjs4j7vl0jq205ykbqxc000000w/T/',
16:59:07     INFO -  'TWISTD_LOG_PATH': '/builds/slave/twistd.log',
16:59:07     INFO -  'USER': 'cltbld',
16:59:07     INFO -  'VERSIONER_PYTHON_PREFER_32_BIT': 'no',
16:59:07     INFO -  'VERSIONER_PYTHON_VERSION': '2.7',
16:59:07     INFO -  'XPCOM_DEBUG_BREAK': 'warn',
16:59:07     INFO -  'XPC_FLAGS': '0x0',
16:59:07     INFO -  'XPC_SERVICE_NAME': '0',
16:59:07     INFO -  '__CF_USER_TEXT_ENCODING': '0x1C:0:0'}
16:59:07     INFO -  Ignoring indexes: https://pypi.python.org/simple
16:59:07     INFO -  Collecting mozsystemmonitor==0.3
16:59:07     INFO -  /builds/slave/test/build/venv/lib/python2.7/site-packages/pip/_vendor/requests/packages/urllib3/util/ssl_.py:318: SNIMissingWarning: An HTTPS request has been made, but the SNI (Subject Name Indication) extension to TLS is not available on this platform. This may cause the server to present an incorrect TLS certificate, which can cause validation failures. You can upgrade to a newer version of Python to solve this. For more information, see https://urllib3.readthedocs.org/en/latest/security.html#snimissingwarning.
16:59:07     INFO -    SNIMissingWarning
16:59:07     INFO -  /builds/slave/test/build/venv/lib/python2.7/site-packages/pip/_vendor/requests/packages/urllib3/util/ssl_.py:122: InsecurePlatformWarning: A true SSLContext object is not available. This prevents urllib3 from configuring SSL appropriately and may cause certain SSL connections to fail. You can upgrade to a newer version of Python to solve this. For more information, see https://urllib3.readthedocs.org/en/latest/security.html#insecureplatformwarning.
16:59:07     INFO -    InsecurePlatformWarning
16:59:08     INFO -  /builds/slave/test/build/venv/lib/python2.7/site-packages/pip/_vendor/requests/packages/urllib3/util/ssl_.py:122: InsecurePlatformWarning: A true SSLContext object is not available. This prevents urllib3 from configuring SSL appropriately and may cause certain SSL connections to fail. You can upgrade to a newer version of Python to solve this. For more information, see https://urllib3.readthedocs.org/en/latest/security.html#insecureplatformwarning.
16:59:08     INFO -    InsecurePlatformWarning
16:59:10     INFO -  Requirement already satisfied (use --upgrade to upgrade): psutil>=3.1.1 in ./venv/lib/python2.7/site-packages (from mozsystemmonitor==0.3)
16:59:10     INFO -  Installing collected packages: mozsystemmonitor
16:59:10     INFO -  Successfully installed mozsystemmonitor-0.3
16:59:10     INFO - Return code: 0
16:59:10     INFO - Installing jsonschema==2.5.1 into virtualenv /builds/slave/test/build/venv
16:59:10     INFO - retry: Calling run_command with args: [['/builds/slave/test/build/venv/bin/pip', 'install', '--timeout', '120', '--no-index', '--find-links', 'http://pypi.pvt.build.mozilla.org/pub', '--find-links', 'http://pypi.pub.build.mozilla.org/pub', '--trusted-host', 'pypi.pub.build.mozilla.org', '--trusted-host', 'pypi.pvt.build.mozilla.org', 'jsonschema==2.5.1']], kwargs: {'error_level': 'warning', 'error_list': [{'substr': 'not found or a compiler error:', 'level': 'warning'}, {'regex': <_sre.SRE_Pattern object at 0x1086bd170>, 'level': 'error'}, {'regex': <_sre.SRE_Pattern object at 0x10875f960>, 'level': 'warning'}, {'regex': <_sre.SRE_Pattern object at 0x7fe55343fc10>, 'level': 'debug'}, {'substr': 'command not found', 'level': 'error'}, {'regex': <_sre.SRE_Pattern object at 0x1086501d0>, 'level': 'warning'}, {'substr': 'Traceback (most recent call last)', 'level': 'error'}, {'substr': 'SyntaxError: ', 'level': 'error'}, {'substr': 'TypeError: ', 'level': 'error'}, {'substr': 'NameError: ', 'level': 'error'}, {'substr': 'ZeroDivisionError: ', 'level': 'error'}, {'regex': <_sre.SRE_Pattern object at 0x10862b108>, 'level': 'critical'}, {'regex': <_sre.SRE_Pattern object at 0x108645030>, 'level': 'critical'}], 'cwd': '/builds/slave/test/build', 'env': {'VERSIONER_PYTHON_PREFER_32_BIT': 'no', 'LOGNAME': 'cltbld', 'USER': 'cltbld', 'XPC_SERVICE_NAME': '0', 'PATH': '/usr/local/sbin:/usr/local/bin:/usr/sbin:/usr/bin:/sbin:/bin:/usr/bin/X11', 'HOME': '/Users/cltbld', 'NO_EM_RESTART': '1', 'IDLEIZER_DISABLE_SHUTDOWN': 'true', 'XPCOM_DEBUG_BREAK': 'warn', 'Apple_PubSub_Socket_Render': '/private/tmp/com.apple.launchd.B3k0T72GHQ/Render', 'MOZ_NODE_PATH': '/usr/local/bin/node', 'TWISTD_LOG_PATH': '/builds/slave/twistd.log', 'GIT_SHARE_BASE_DIR': '/builds/git-shared', 'VERSIONER_PYTHON_VERSION': '2.7', 'XPC_FLAGS': '0x0', 'NO_FAIL_ON_TEST_ERRORS': '1', 'HG_SHARE_BASE_DIR': '/builds/hg-shared', 'RUNNER_CONFIG_CMD': '/opt/runner/bin/python2.7 /opt/runner/bin/runner -c /opt/runner/runner.cfg', 'MOZ_NO_REMOTE': '1', 'MOZ_HIDE_RESULTS_TABLE': '1', 'SSH_AUTH_SOCK': '/private/tmp/com.apple.launchd.vd73pA5iOt/Listeners', 'SHELL': '/bin/bash', 'TMPDIR': '/var/folders/dw/ppzkjs4j7vl0jq205ykbqxc000000w/T/', '__CF_USER_TEXT_ENCODING': '0x1C:0:0', 'PWD': '/builds/slave/test', 'PROPERTIES_FILE': '/builds/slave/test/buildprops.json'}}, attempt #1
16:59:10     INFO - Running command: ['/builds/slave/test/build/venv/bin/pip', 'install', '--timeout', '120', '--no-index', '--find-links', 'http://pypi.pvt.build.mozilla.org/pub', '--find-links', 'http://pypi.pub.build.mozilla.org/pub', '--trusted-host', 'pypi.pub.build.mozilla.org', '--trusted-host', 'pypi.pvt.build.mozilla.org', 'jsonschema==2.5.1'] in /builds/slave/test/build
16:59:10     INFO - Copy/paste: /builds/slave/test/build/venv/bin/pip install --timeout 120 --no-index --find-links http://pypi.pvt.build.mozilla.org/pub --find-links http://pypi.pub.build.mozilla.org/pub --trusted-host pypi.pub.build.mozilla.org --trusted-host pypi.pvt.build.mozilla.org jsonschema==2.5.1
16:59:10     INFO - Using env: {'Apple_PubSub_Socket_Render': '/private/tmp/com.apple.launchd.B3k0T72GHQ/Render',
16:59:10     INFO -  'GIT_SHARE_BASE_DIR': '/builds/git-shared',
16:59:10     INFO -  'HG_SHARE_BASE_DIR': '/builds/hg-shared',
16:59:10     INFO -  'HOME': '/Users/cltbld',
16:59:10     INFO -  'IDLEIZER_DISABLE_SHUTDOWN': 'true',
16:59:10     INFO -  'LOGNAME': 'cltbld',
16:59:10     INFO -  'MOZ_HIDE_RESULTS_TABLE': '1',
16:59:10     INFO -  'MOZ_NODE_PATH': '/usr/local/bin/node',
16:59:10     INFO -  'MOZ_NO_REMOTE': '1',
16:59:10     INFO -  'NO_EM_RESTART': '1',
16:59:10     INFO -  'NO_FAIL_ON_TEST_ERRORS': '1',
16:59:10     INFO -  'PATH': '/usr/local/sbin:/usr/local/bin:/usr/sbin:/usr/bin:/sbin:/bin:/usr/bin/X11',
16:59:10     INFO -  'PROPERTIES_FILE': '/builds/slave/test/buildprops.json',
16:59:10     INFO -  'PWD': '/builds/slave/test',
16:59:10     INFO -  'RUNNER_CONFIG_CMD': '/opt/runner/bin/python2.7 /opt/runner/bin/runner -c /opt/runner/runner.cfg',
16:59:10     INFO -  'SHELL': '/bin/bash',
16:59:10     INFO -  'SSH_AUTH_SOCK': '/private/tmp/com.apple.launchd.vd73pA5iOt/Listeners',
16:59:10     INFO -  'TMPDIR': '/var/folders/dw/ppzkjs4j7vl0jq205ykbqxc000000w/T/',
16:59:10     INFO -  'TWISTD_LOG_PATH': '/builds/slave/twistd.log',
16:59:10     INFO -  'USER': 'cltbld',
16:59:10     INFO -  'VERSIONER_PYTHON_PREFER_32_BIT': 'no',
16:59:10     INFO -  'VERSIONER_PYTHON_VERSION': '2.7',
16:59:10     INFO -  'XPCOM_DEBUG_BREAK': 'warn',
16:59:10     INFO -  'XPC_FLAGS': '0x0',
16:59:10     INFO -  'XPC_SERVICE_NAME': '0',
16:59:10     INFO -  '__CF_USER_TEXT_ENCODING': '0x1C:0:0'}
16:59:10     INFO -  Ignoring indexes: https://pypi.python.org/simple
16:59:10     INFO -  Collecting jsonschema==2.5.1
16:59:10     INFO -  /builds/slave/test/build/venv/lib/python2.7/site-packages/pip/_vendor/requests/packages/urllib3/util/ssl_.py:318: SNIMissingWarning: An HTTPS request has been made, but the SNI (Subject Name Indication) extension to TLS is not available on this platform. This may cause the server to present an incorrect TLS certificate, which can cause validation failures. You can upgrade to a newer version of Python to solve this. For more information, see https://urllib3.readthedocs.org/en/latest/security.html#snimissingwarning.
16:59:10     INFO -    SNIMissingWarning
16:59:10     INFO -  /builds/slave/test/build/venv/lib/python2.7/site-packages/pip/_vendor/requests/packages/urllib3/util/ssl_.py:122: InsecurePlatformWarning: A true SSLContext object is not available. This prevents urllib3 from configuring SSL appropriately and may cause certain SSL connections to fail. You can upgrade to a newer version of Python to solve this. For more information, see https://urllib3.readthedocs.org/en/latest/security.html#insecureplatformwarning.
16:59:10     INFO -    InsecurePlatformWarning
16:59:11     INFO -  /builds/slave/test/build/venv/lib/python2.7/site-packages/pip/_vendor/requests/packages/urllib3/util/ssl_.py:122: InsecurePlatformWarning: A true SSLContext object is not available. This prevents urllib3 from configuring SSL appropriately and may cause certain SSL connections to fail. You can upgrade to a newer version of Python to solve this. For more information, see https://urllib3.readthedocs.org/en/latest/security.html#insecureplatformwarning.
16:59:11     INFO -    InsecurePlatformWarning
16:59:13     INFO -    Downloading https://pypi.pvt.build.mozilla.org/pub/jsonschema-2.5.1-py2.py3-none-any.whl
16:59:13     INFO -  Collecting functools32; python_version == "2.7" (from jsonschema==2.5.1)
16:59:16     INFO -  Installing collected packages: functools32, jsonschema
16:59:16     INFO -  Successfully installed functools32-3.2.3.post2 jsonschema-2.5.1
16:59:16     INFO - Return code: 0
16:59:16     INFO - Installing functools32==3.2.3-2 into virtualenv /builds/slave/test/build/venv
16:59:16     INFO - retry: Calling run_command with args: [['/builds/slave/test/build/venv/bin/pip', 'install', '--timeout', '120', '--no-index', '--find-links', 'http://pypi.pvt.build.mozilla.org/pub', '--find-links', 'http://pypi.pub.build.mozilla.org/pub', '--trusted-host', 'pypi.pub.build.mozilla.org', '--trusted-host', 'pypi.pvt.build.mozilla.org', 'functools32==3.2.3-2']], kwargs: {'error_level': 'warning', 'error_list': [{'substr': 'not found or a compiler error:', 'level': 'warning'}, {'regex': <_sre.SRE_Pattern object at 0x1086bd170>, 'level': 'error'}, {'regex': <_sre.SRE_Pattern object at 0x10875f960>, 'level': 'warning'}, {'regex': <_sre.SRE_Pattern object at 0x7fe55343fc10>, 'level': 'debug'}, {'substr': 'command not found', 'level': 'error'}, {'regex': <_sre.SRE_Pattern object at 0x1086501d0>, 'level': 'warning'}, {'substr': 'Traceback (most recent call last)', 'level': 'error'}, {'substr': 'SyntaxError: ', 'level': 'error'}, {'substr': 'TypeError: ', 'level': 'error'}, {'substr': 'NameError: ', 'level': 'error'}, {'substr': 'ZeroDivisionError: ', 'level': 'error'}, {'regex': <_sre.SRE_Pattern object at 0x10862b108>, 'level': 'critical'}, {'regex': <_sre.SRE_Pattern object at 0x108645030>, 'level': 'critical'}], 'cwd': '/builds/slave/test/build', 'env': {'VERSIONER_PYTHON_PREFER_32_BIT': 'no', 'LOGNAME': 'cltbld', 'USER': 'cltbld', 'XPC_SERVICE_NAME': '0', 'PATH': '/usr/local/sbin:/usr/local/bin:/usr/sbin:/usr/bin:/sbin:/bin:/usr/bin/X11', 'HOME': '/Users/cltbld', 'NO_EM_RESTART': '1', 'IDLEIZER_DISABLE_SHUTDOWN': 'true', 'XPCOM_DEBUG_BREAK': 'warn', 'Apple_PubSub_Socket_Render': '/private/tmp/com.apple.launchd.B3k0T72GHQ/Render', 'MOZ_NODE_PATH': '/usr/local/bin/node', 'TWISTD_LOG_PATH': '/builds/slave/twistd.log', 'GIT_SHARE_BASE_DIR': '/builds/git-shared', 'VERSIONER_PYTHON_VERSION': '2.7', 'XPC_FLAGS': '0x0', 'NO_FAIL_ON_TEST_ERRORS': '1', 'HG_SHARE_BASE_DIR': '/builds/hg-shared', 'RUNNER_CONFIG_CMD': '/opt/runner/bin/python2.7 /opt/runner/bin/runner -c /opt/runner/runner.cfg', 'MOZ_NO_REMOTE': '1', 'MOZ_HIDE_RESULTS_TABLE': '1', 'SSH_AUTH_SOCK': '/private/tmp/com.apple.launchd.vd73pA5iOt/Listeners', 'SHELL': '/bin/bash', 'TMPDIR': '/var/folders/dw/ppzkjs4j7vl0jq205ykbqxc000000w/T/', '__CF_USER_TEXT_ENCODING': '0x1C:0:0', 'PWD': '/builds/slave/test', 'PROPERTIES_FILE': '/builds/slave/test/buildprops.json'}}, attempt #1
16:59:16     INFO - Running command: ['/builds/slave/test/build/venv/bin/pip', 'install', '--timeout', '120', '--no-index', '--find-links', 'http://pypi.pvt.build.mozilla.org/pub', '--find-links', 'http://pypi.pub.build.mozilla.org/pub', '--trusted-host', 'pypi.pub.build.mozilla.org', '--trusted-host', 'pypi.pvt.build.mozilla.org', 'functools32==3.2.3-2'] in /builds/slave/test/build
16:59:16     INFO - Copy/paste: /builds/slave/test/build/venv/bin/pip install --timeout 120 --no-index --find-links http://pypi.pvt.build.mozilla.org/pub --find-links http://pypi.pub.build.mozilla.org/pub --trusted-host pypi.pub.build.mozilla.org --trusted-host pypi.pvt.build.mozilla.org functools32==3.2.3-2
16:59:16     INFO - Using env: {'Apple_PubSub_Socket_Render': '/private/tmp/com.apple.launchd.B3k0T72GHQ/Render',
16:59:16     INFO -  'GIT_SHARE_BASE_DIR': '/builds/git-shared',
16:59:16     INFO -  'HG_SHARE_BASE_DIR': '/builds/hg-shared',
16:59:16     INFO -  'HOME': '/Users/cltbld',
16:59:16     INFO -  'IDLEIZER_DISABLE_SHUTDOWN': 'true',
16:59:16     INFO -  'LOGNAME': 'cltbld',
16:59:16     INFO -  'MOZ_HIDE_RESULTS_TABLE': '1',
16:59:16     INFO -  'MOZ_NODE_PATH': '/usr/local/bin/node',
16:59:16     INFO -  'MOZ_NO_REMOTE': '1',
16:59:16     INFO -  'NO_EM_RESTART': '1',
16:59:16     INFO -  'NO_FAIL_ON_TEST_ERRORS': '1',
16:59:16     INFO -  'PATH': '/usr/local/sbin:/usr/local/bin:/usr/sbin:/usr/bin:/sbin:/bin:/usr/bin/X11',
16:59:16     INFO -  'PROPERTIES_FILE': '/builds/slave/test/buildprops.json',
16:59:16     INFO -  'PWD': '/builds/slave/test',
16:59:16     INFO -  'RUNNER_CONFIG_CMD': '/opt/runner/bin/python2.7 /opt/runner/bin/runner -c /opt/runner/runner.cfg',
16:59:16     INFO -  'SHELL': '/bin/bash',
16:59:16     INFO -  'SSH_AUTH_SOCK': '/private/tmp/com.apple.launchd.vd73pA5iOt/Listeners',
16:59:16     INFO -  'TMPDIR': '/var/folders/dw/ppzkjs4j7vl0jq205ykbqxc000000w/T/',
16:59:16     INFO -  'TWISTD_LOG_PATH': '/builds/slave/twistd.log',
16:59:16     INFO -  'USER': 'cltbld',
16:59:16     INFO -  'VERSIONER_PYTHON_PREFER_32_BIT': 'no',
16:59:16     INFO -  'VERSIONER_PYTHON_VERSION': '2.7',
16:59:16     INFO -  'XPCOM_DEBUG_BREAK': 'warn',
16:59:16     INFO -  'XPC_FLAGS': '0x0',
16:59:16     INFO -  'XPC_SERVICE_NAME': '0',
16:59:16     INFO -  '__CF_USER_TEXT_ENCODING': '0x1C:0:0'}
16:59:16     INFO -  Ignoring indexes: https://pypi.python.org/simple
16:59:16     INFO -  Requirement already satisfied (use --upgrade to upgrade): functools32==3.2.3-2 in ./venv/lib/python2.7/site-packages
16:59:16     INFO - Return code: 0
16:59:16     INFO - Installing blobuploader==1.2.4 into virtualenv /builds/slave/test/build/venv
16:59:16     INFO - retry: Calling run_command with args: [['/builds/slave/test/build/venv/bin/pip', 'install', '--timeout', '120', '--no-index', '--find-links', 'http://pypi.pvt.build.mozilla.org/pub', '--find-links', 'http://pypi.pub.build.mozilla.org/pub', '--trusted-host', 'pypi.pub.build.mozilla.org', '--trusted-host', 'pypi.pvt.build.mozilla.org', 'blobuploader==1.2.4']], kwargs: {'error_level': 'warning', 'error_list': [{'substr': 'not found or a compiler error:', 'level': 'warning'}, {'regex': <_sre.SRE_Pattern object at 0x1086bd170>, 'level': 'error'}, {'regex': <_sre.SRE_Pattern object at 0x10875f960>, 'level': 'warning'}, {'regex': <_sre.SRE_Pattern object at 0x7fe55343fc10>, 'level': 'debug'}, {'substr': 'command not found', 'level': 'error'}, {'regex': <_sre.SRE_Pattern object at 0x1086501d0>, 'level': 'warning'}, {'substr': 'Traceback (most recent call last)', 'level': 'error'}, {'substr': 'SyntaxError: ', 'level': 'error'}, {'substr': 'TypeError: ', 'level': 'error'}, {'substr': 'NameError: ', 'level': 'error'}, {'substr': 'ZeroDivisionError: ', 'level': 'error'}, {'regex': <_sre.SRE_Pattern object at 0x10862b108>, 'level': 'critical'}, {'regex': <_sre.SRE_Pattern object at 0x108645030>, 'level': 'critical'}], 'cwd': '/builds/slave/test/build', 'env': {'VERSIONER_PYTHON_PREFER_32_BIT': 'no', 'LOGNAME': 'cltbld', 'USER': 'cltbld', 'XPC_SERVICE_NAME': '0', 'PATH': '/usr/local/sbin:/usr/local/bin:/usr/sbin:/usr/bin:/sbin:/bin:/usr/bin/X11', 'HOME': '/Users/cltbld', 'NO_EM_RESTART': '1', 'IDLEIZER_DISABLE_SHUTDOWN': 'true', 'XPCOM_DEBUG_BREAK': 'warn', 'Apple_PubSub_Socket_Render': '/private/tmp/com.apple.launchd.B3k0T72GHQ/Render', 'MOZ_NODE_PATH': '/usr/local/bin/node', 'TWISTD_LOG_PATH': '/builds/slave/twistd.log', 'GIT_SHARE_BASE_DIR': '/builds/git-shared', 'VERSIONER_PYTHON_VERSION': '2.7', 'XPC_FLAGS': '0x0', 'NO_FAIL_ON_TEST_ERRORS': '1', 'HG_SHARE_BASE_DIR': '/builds/hg-shared', 'RUNNER_CONFIG_CMD': '/opt/runner/bin/python2.7 /opt/runner/bin/runner -c /opt/runner/runner.cfg', 'MOZ_NO_REMOTE': '1', 'MOZ_HIDE_RESULTS_TABLE': '1', 'SSH_AUTH_SOCK': '/private/tmp/com.apple.launchd.vd73pA5iOt/Listeners', 'SHELL': '/bin/bash', 'TMPDIR': '/var/folders/dw/ppzkjs4j7vl0jq205ykbqxc000000w/T/', '__CF_USER_TEXT_ENCODING': '0x1C:0:0', 'PWD': '/builds/slave/test', 'PROPERTIES_FILE': '/builds/slave/test/buildprops.json'}}, attempt #1
16:59:16     INFO - Running command: ['/builds/slave/test/build/venv/bin/pip', 'install', '--timeout', '120', '--no-index', '--find-links', 'http://pypi.pvt.build.mozilla.org/pub', '--find-links', 'http://pypi.pub.build.mozilla.org/pub', '--trusted-host', 'pypi.pub.build.mozilla.org', '--trusted-host', 'pypi.pvt.build.mozilla.org', 'blobuploader==1.2.4'] in /builds/slave/test/build
16:59:16     INFO - Copy/paste: /builds/slave/test/build/venv/bin/pip install --timeout 120 --no-index --find-links http://pypi.pvt.build.mozilla.org/pub --find-links http://pypi.pub.build.mozilla.org/pub --trusted-host pypi.pub.build.mozilla.org --trusted-host pypi.pvt.build.mozilla.org blobuploader==1.2.4
16:59:16     INFO - Using env: {'Apple_PubSub_Socket_Render': '/private/tmp/com.apple.launchd.B3k0T72GHQ/Render',
16:59:16     INFO -  'GIT_SHARE_BASE_DIR': '/builds/git-shared',
16:59:16     INFO -  'HG_SHARE_BASE_DIR': '/builds/hg-shared',
16:59:16     INFO -  'HOME': '/Users/cltbld',
16:59:16     INFO -  'IDLEIZER_DISABLE_SHUTDOWN': 'true',
16:59:16     INFO -  'LOGNAME': 'cltbld',
16:59:16     INFO -  'MOZ_HIDE_RESULTS_TABLE': '1',
16:59:16     INFO -  'MOZ_NODE_PATH': '/usr/local/bin/node',
16:59:16     INFO -  'MOZ_NO_REMOTE': '1',
16:59:16     INFO -  'NO_EM_RESTART': '1',
16:59:16     INFO -  'NO_FAIL_ON_TEST_ERRORS': '1',
16:59:16     INFO -  'PATH': '/usr/local/sbin:/usr/local/bin:/usr/sbin:/usr/bin:/sbin:/bin:/usr/bin/X11',
16:59:16     INFO -  'PROPERTIES_FILE': '/builds/slave/test/buildprops.json',
16:59:16     INFO -  'PWD': '/builds/slave/test',
16:59:16     INFO -  'RUNNER_CONFIG_CMD': '/opt/runner/bin/python2.7 /opt/runner/bin/runner -c /opt/runner/runner.cfg',
16:59:16     INFO -  'SHELL': '/bin/bash',
16:59:16     INFO -  'SSH_AUTH_SOCK': '/private/tmp/com.apple.launchd.vd73pA5iOt/Listeners',
16:59:16     INFO -  'TMPDIR': '/var/folders/dw/ppzkjs4j7vl0jq205ykbqxc000000w/T/',
16:59:16     INFO -  'TWISTD_LOG_PATH': '/builds/slave/twistd.log',
16:59:16     INFO -  'USER': 'cltbld',
16:59:16     INFO -  'VERSIONER_PYTHON_PREFER_32_BIT': 'no',
16:59:16     INFO -  'VERSIONER_PYTHON_VERSION': '2.7',
16:59:16     INFO -  'XPCOM_DEBUG_BREAK': 'warn',
16:59:16     INFO -  'XPC_FLAGS': '0x0',
16:59:16     INFO -  'XPC_SERVICE_NAME': '0',
16:59:16     INFO -  '__CF_USER_TEXT_ENCODING': '0x1C:0:0'}
16:59:17     INFO -  Ignoring indexes: https://pypi.python.org/simple
16:59:17     INFO -  Collecting blobuploader==1.2.4
16:59:17     INFO -  /builds/slave/test/build/venv/lib/python2.7/site-packages/pip/_vendor/requests/packages/urllib3/util/ssl_.py:318: SNIMissingWarning: An HTTPS request has been made, but the SNI (Subject Name Indication) extension to TLS is not available on this platform. This may cause the server to present an incorrect TLS certificate, which can cause validation failures. You can upgrade to a newer version of Python to solve this. For more information, see https://urllib3.readthedocs.org/en/latest/security.html#snimissingwarning.
16:59:17     INFO -    SNIMissingWarning
16:59:17     INFO -  /builds/slave/test/build/venv/lib/python2.7/site-packages/pip/_vendor/requests/packages/urllib3/util/ssl_.py:122: InsecurePlatformWarning: A true SSLContext object is not available. This prevents urllib3 from configuring SSL appropriately and may cause certain SSL connections to fail. You can upgrade to a newer version of Python to solve this. For more information, see https://urllib3.readthedocs.org/en/latest/security.html#insecureplatformwarning.
16:59:17     INFO -    InsecurePlatformWarning
16:59:17     INFO -  /builds/slave/test/build/venv/lib/python2.7/site-packages/pip/_vendor/requests/packages/urllib3/util/ssl_.py:122: InsecurePlatformWarning: A true SSLContext object is not available. This prevents urllib3 from configuring SSL appropriately and may cause certain SSL connections to fail. You can upgrade to a newer version of Python to solve this. For more information, see https://urllib3.readthedocs.org/en/latest/security.html#insecureplatformwarning.
16:59:17     INFO -    InsecurePlatformWarning
16:59:19     INFO -  Collecting docopt==0.6.1 (from blobuploader==1.2.4)
16:59:22     INFO -  Collecting requests==1.2.3. (from blobuploader==1.2.4)
16:59:25     INFO -  Installing collected packages: docopt, requests, blobuploader
16:59:25     INFO -  Successfully installed blobuploader-1.2.4 docopt-0.6.1 requests-1.2.3
16:59:25     INFO - Return code: 0
16:59:25     INFO - Installing None into virtualenv /builds/slave/test/build/venv
16:59:26     INFO - retry: Calling run_command with args: [['/builds/slave/test/build/venv/bin/pip', 'install', '--no-deps', '--timeout', '120', '-r', '/builds/slave/test/build/tests/config/mozbase_requirements.txt', '--no-index', '--find-links', 'http://pypi.pvt.build.mozilla.org/pub', '--find-links', 'http://pypi.pub.build.mozilla.org/pub', '--trusted-host', 'pypi.pub.build.mozilla.org', '--trusted-host', 'pypi.pvt.build.mozilla.org']], kwargs: {'error_level': 'warning', 'error_list': [{'substr': 'not found or a compiler error:', 'level': 'warning'}, {'regex': <_sre.SRE_Pattern object at 0x1086bd170>, 'level': 'error'}, {'regex': <_sre.SRE_Pattern object at 0x10875f960>, 'level': 'warning'}, {'regex': <_sre.SRE_Pattern object at 0x7fe55343fc10>, 'level': 'debug'}, {'substr': 'command not found', 'level': 'error'}, {'regex': <_sre.SRE_Pattern object at 0x1086501d0>, 'level': 'warning'}, {'substr': 'Traceback (most recent call last)', 'level': 'error'}, {'substr': 'SyntaxError: ', 'level': 'error'}, {'substr': 'TypeError: ', 'level': 'error'}, {'substr': 'NameError: ', 'level': 'error'}, {'substr': 'ZeroDivisionError: ', 'level': 'error'}, {'regex': <_sre.SRE_Pattern object at 0x10862b108>, 'level': 'critical'}, {'regex': <_sre.SRE_Pattern object at 0x108645030>, 'level': 'critical'}], 'cwd': '/builds/slave/test/build/tests/config', 'env': {'VERSIONER_PYTHON_PREFER_32_BIT': 'no', 'LOGNAME': 'cltbld', 'USER': 'cltbld', 'XPC_SERVICE_NAME': '0', 'PATH': '/usr/local/sbin:/usr/local/bin:/usr/sbin:/usr/bin:/sbin:/bin:/usr/bin/X11', 'HOME': '/Users/cltbld', 'NO_EM_RESTART': '1', 'IDLEIZER_DISABLE_SHUTDOWN': 'true', 'XPCOM_DEBUG_BREAK': 'warn', 'Apple_PubSub_Socket_Render': '/private/tmp/com.apple.launchd.B3k0T72GHQ/Render', 'MOZ_NODE_PATH': '/usr/local/bin/node', 'TWISTD_LOG_PATH': '/builds/slave/twistd.log', 'GIT_SHARE_BASE_DIR': '/builds/git-shared', 'VERSIONER_PYTHON_VERSION': '2.7', 'XPC_FLAGS': '0x0', 'NO_FAIL_ON_TEST_ERRORS': '1', 'HG_SHARE_BASE_DIR': '/builds/hg-shared', 'RUNNER_CONFIG_CMD': '/opt/runner/bin/python2.7 /opt/runner/bin/runner -c /opt/runner/runner.cfg', 'MOZ_NO_REMOTE': '1', 'MOZ_HIDE_RESULTS_TABLE': '1', 'SSH_AUTH_SOCK': '/private/tmp/com.apple.launchd.vd73pA5iOt/Listeners', 'SHELL': '/bin/bash', 'TMPDIR': '/var/folders/dw/ppzkjs4j7vl0jq205ykbqxc000000w/T/', '__CF_USER_TEXT_ENCODING': '0x1C:0:0', 'PWD': '/builds/slave/test', 'PROPERTIES_FILE': '/builds/slave/test/buildprops.json'}}, attempt #1
16:59:26     INFO - Running command: ['/builds/slave/test/build/venv/bin/pip', 'install', '--no-deps', '--timeout', '120', '-r', '/builds/slave/test/build/tests/config/mozbase_requirements.txt', '--no-index', '--find-links', 'http://pypi.pvt.build.mozilla.org/pub', '--find-links', 'http://pypi.pub.build.mozilla.org/pub', '--trusted-host', 'pypi.pub.build.mozilla.org', '--trusted-host', 'pypi.pvt.build.mozilla.org'] in /builds/slave/test/build/tests/config
16:59:26     INFO - Copy/paste: /builds/slave/test/build/venv/bin/pip install --no-deps --timeout 120 -r /builds/slave/test/build/tests/config/mozbase_requirements.txt --no-index --find-links http://pypi.pvt.build.mozilla.org/pub --find-links http://pypi.pub.build.mozilla.org/pub --trusted-host pypi.pub.build.mozilla.org --trusted-host pypi.pvt.build.mozilla.org
16:59:26     INFO - Using env: {'Apple_PubSub_Socket_Render': '/private/tmp/com.apple.launchd.B3k0T72GHQ/Render',
16:59:26     INFO -  'GIT_SHARE_BASE_DIR': '/builds/git-shared',
16:59:26     INFO -  'HG_SHARE_BASE_DIR': '/builds/hg-shared',
16:59:26     INFO -  'HOME': '/Users/cltbld',
16:59:26     INFO -  'IDLEIZER_DISABLE_SHUTDOWN': 'true',
16:59:26     INFO -  'LOGNAME': 'cltbld',
16:59:26     INFO -  'MOZ_HIDE_RESULTS_TABLE': '1',
16:59:26     INFO -  'MOZ_NODE_PATH': '/usr/local/bin/node',
16:59:26     INFO -  'MOZ_NO_REMOTE': '1',
16:59:26     INFO -  'NO_EM_RESTART': '1',
16:59:26     INFO -  'NO_FAIL_ON_TEST_ERRORS': '1',
16:59:26     INFO -  'PATH': '/usr/local/sbin:/usr/local/bin:/usr/sbin:/usr/bin:/sbin:/bin:/usr/bin/X11',
16:59:26     INFO -  'PROPERTIES_FILE': '/builds/slave/test/buildprops.json',
16:59:26     INFO -  'PWD': '/builds/slave/test',
16:59:26     INFO -  'RUNNER_CONFIG_CMD': '/opt/runner/bin/python2.7 /opt/runner/bin/runner -c /opt/runner/runner.cfg',
16:59:26     INFO -  'SHELL': '/bin/bash',
16:59:26     INFO -  'SSH_AUTH_SOCK': '/private/tmp/com.apple.launchd.vd73pA5iOt/Listeners',
16:59:26     INFO -  'TMPDIR': '/var/folders/dw/ppzkjs4j7vl0jq205ykbqxc000000w/T/',
16:59:26     INFO -  'TWISTD_LOG_PATH': '/builds/slave/twistd.log',
16:59:26     INFO -  'USER': 'cltbld',
16:59:26     INFO -  'VERSIONER_PYTHON_PREFER_32_BIT': 'no',
16:59:26     INFO -  'VERSIONER_PYTHON_VERSION': '2.7',
16:59:26     INFO -  'XPCOM_DEBUG_BREAK': 'warn',
16:59:26     INFO -  'XPC_FLAGS': '0x0',
16:59:26     INFO -  'XPC_SERVICE_NAME': '0',
16:59:26     INFO -  '__CF_USER_TEXT_ENCODING': '0x1C:0:0'}
16:59:27     INFO -  Ignoring indexes: https://pypi.python.org/simple
16:59:27     INFO -  Processing /builds/slave/test/build/tests/mozbase/manifestparser
16:59:27     INFO -  Processing /builds/slave/test/build/tests/mozbase/mozcrash
16:59:27     INFO -  Processing /builds/slave/test/build/tests/mozbase/mozdebug
16:59:27     INFO -  Processing /builds/slave/test/build/tests/mozbase/mozdevice
16:59:28     INFO -  Processing /builds/slave/test/build/tests/mozbase/mozfile
16:59:28     INFO -  Processing /builds/slave/test/build/tests/mozbase/mozhttpd
16:59:28     INFO -  Processing /builds/slave/test/build/tests/mozbase/mozinfo
16:59:28     INFO -  Processing /builds/slave/test/build/tests/mozbase/mozinstall
16:59:29     INFO -  Processing /builds/slave/test/build/tests/mozbase/mozleak
16:59:29     INFO -  Processing /builds/slave/test/build/tests/mozbase/mozlog
16:59:29     INFO -  Processing /builds/slave/test/build/tests/mozbase/moznetwork
16:59:29     INFO -  Processing /builds/slave/test/build/tests/mozbase/mozprocess
16:59:30     INFO -  Processing /builds/slave/test/build/tests/mozbase/mozprofile
16:59:30     INFO -  Processing /builds/slave/test/build/tests/mozbase/mozrunner
16:59:30     INFO -  Processing /builds/slave/test/build/tests/mozbase/mozscreenshot
16:59:30     INFO -  Processing /builds/slave/test/build/tests/mozbase/moztest
16:59:31     INFO -  Processing /builds/slave/test/build/tests/mozbase/mozversion
16:59:31     INFO -  Installing collected packages: manifestparser, mozcrash, mozdebug, mozdevice, mozfile, mozhttpd, mozinfo, mozInstall, mozleak, mozlog, moznetwork, mozprocess, mozprofile, mozrunner, mozscreenshot, moztest, mozversion
16:59:31     INFO -    Running setup.py install for manifestparser: started
16:59:31     INFO -      Running setup.py install for manifestparser: finished with status 'done'
16:59:31     INFO -    Running setup.py install for mozcrash: started
16:59:31     INFO -      Running setup.py install for mozcrash: finished with status 'done'
16:59:31     INFO -    Running setup.py install for mozdebug: started
16:59:32     INFO -      Running setup.py install for mozdebug: finished with status 'done'
16:59:32     INFO -    Running setup.py install for mozdevice: started
16:59:32     INFO -      Running setup.py install for mozdevice: finished with status 'done'
16:59:32     INFO -    Running setup.py install for mozfile: started
16:59:32     INFO -      Running setup.py install for mozfile: finished with status 'done'
16:59:32     INFO -    Running setup.py install for mozhttpd: started
16:59:32     INFO -      Running setup.py install for mozhttpd: finished with status 'done'
16:59:32     INFO -    Running setup.py install for mozinfo: started
16:59:33     INFO -      Running setup.py install for mozinfo: finished with status 'done'
16:59:33     INFO -    Running setup.py install for mozInstall: started
16:59:33     INFO -      Running setup.py install for mozInstall: finished with status 'done'
16:59:33     INFO -    Running setup.py install for mozleak: started
16:59:33     INFO -      Running setup.py install for mozleak: finished with status 'done'
16:59:33     INFO -    Running setup.py install for mozlog: started
16:59:34     INFO -      Running setup.py install for mozlog: finished with status 'done'
16:59:34     INFO -    Running setup.py install for moznetwork: started
16:59:34     INFO -      Running setup.py install for moznetwork: finished with status 'done'
16:59:34     INFO -    Running setup.py install for mozprocess: started
16:59:34     INFO -      Running setup.py install for mozprocess: finished with status 'done'
16:59:34     INFO -    Running setup.py install for mozprofile: started
16:59:34     INFO -      Running setup.py install for mozprofile: finished with status 'done'
16:59:34     INFO -    Running setup.py install for mozrunner: started
16:59:35     INFO -      Running setup.py install for mozrunner: finished with status 'done'
16:59:35     INFO -    Running setup.py install for mozscreenshot: started
16:59:35     INFO -      Running setup.py install for mozscreenshot: finished with status 'done'
16:59:35     INFO -    Running setup.py install for moztest: started
16:59:35     INFO -      Running setup.py install for moztest: finished with status 'done'
16:59:35     INFO -    Running setup.py install for mozversion: started
16:59:36     INFO -      Running setup.py install for mozversion: finished with status 'done'
16:59:36     INFO -  Successfully installed manifestparser-1.1 mozInstall-1.12 mozcrash-1.0 mozdebug-0.1 mozdevice-0.48 mozfile-1.2 mozhttpd-0.7 mozinfo-0.9 mozleak-0.1 mozlog-3.4 moznetwork-0.27 mozprocess-0.23 mozprofile-0.28 mozrunner-6.13 mozscreenshot-0.1 moztest-0.8 mozversion-1.4
16:59:36     INFO - Return code: 0
16:59:36     INFO - Installing None into virtualenv /builds/slave/test/build/venv
16:59:36     INFO - retry: Calling run_command with args: [['/builds/slave/test/build/venv/bin/pip', 'install', '--timeout', '120', '-r', '/builds/slave/test/build/tests/config/mozbase_requirements.txt', '--no-index', '--find-links', 'http://pypi.pvt.build.mozilla.org/pub', '--find-links', 'http://pypi.pub.build.mozilla.org/pub', '--trusted-host', 'pypi.pub.build.mozilla.org', '--trusted-host', 'pypi.pvt.build.mozilla.org']], kwargs: {'error_level': 'warning', 'error_list': [{'substr': 'not found or a compiler error:', 'level': 'warning'}, {'regex': <_sre.SRE_Pattern object at 0x1086bd170>, 'level': 'error'}, {'regex': <_sre.SRE_Pattern object at 0x10875f960>, 'level': 'warning'}, {'regex': <_sre.SRE_Pattern object at 0x7fe55343fc10>, 'level': 'debug'}, {'substr': 'command not found', 'level': 'error'}, {'regex': <_sre.SRE_Pattern object at 0x1086501d0>, 'level': 'warning'}, {'substr': 'Traceback (most recent call last)', 'level': 'error'}, {'substr': 'SyntaxError: ', 'level': 'error'}, {'substr': 'TypeError: ', 'level': 'error'}, {'substr': 'NameError: ', 'level': 'error'}, {'substr': 'ZeroDivisionError: ', 'level': 'error'}, {'regex': <_sre.SRE_Pattern object at 0x10862b108>, 'level': 'critical'}, {'regex': <_sre.SRE_Pattern object at 0x108645030>, 'level': 'critical'}], 'cwd': '/builds/slave/test/build/tests/config', 'env': {'VERSIONER_PYTHON_PREFER_32_BIT': 'no', 'LOGNAME': 'cltbld', 'USER': 'cltbld', 'XPC_SERVICE_NAME': '0', 'PATH': '/usr/local/sbin:/usr/local/bin:/usr/sbin:/usr/bin:/sbin:/bin:/usr/bin/X11', 'HOME': '/Users/cltbld', 'NO_EM_RESTART': '1', 'IDLEIZER_DISABLE_SHUTDOWN': 'true', 'XPCOM_DEBUG_BREAK': 'warn', 'Apple_PubSub_Socket_Render': '/private/tmp/com.apple.launchd.B3k0T72GHQ/Render', 'MOZ_NODE_PATH': '/usr/local/bin/node', 'TWISTD_LOG_PATH': '/builds/slave/twistd.log', 'GIT_SHARE_BASE_DIR': '/builds/git-shared', 'VERSIONER_PYTHON_VERSION': '2.7', 'XPC_FLAGS': '0x0', 'NO_FAIL_ON_TEST_ERRORS': '1', 'HG_SHARE_BASE_DIR': '/builds/hg-shared', 'RUNNER_CONFIG_CMD': '/opt/runner/bin/python2.7 /opt/runner/bin/runner -c /opt/runner/runner.cfg', 'MOZ_NO_REMOTE': '1', 'MOZ_HIDE_RESULTS_TABLE': '1', 'SSH_AUTH_SOCK': '/private/tmp/com.apple.launchd.vd73pA5iOt/Listeners', 'SHELL': '/bin/bash', 'TMPDIR': '/var/folders/dw/ppzkjs4j7vl0jq205ykbqxc000000w/T/', '__CF_USER_TEXT_ENCODING': '0x1C:0:0', 'PWD': '/builds/slave/test', 'PROPERTIES_FILE': '/builds/slave/test/buildprops.json'}}, attempt #1
16:59:36     INFO - Running command: ['/builds/slave/test/build/venv/bin/pip', 'install', '--timeout', '120', '-r', '/builds/slave/test/build/tests/config/mozbase_requirements.txt', '--no-index', '--find-links', 'http://pypi.pvt.build.mozilla.org/pub', '--find-links', 'http://pypi.pub.build.mozilla.org/pub', '--trusted-host', 'pypi.pub.build.mozilla.org', '--trusted-host', 'pypi.pvt.build.mozilla.org'] in /builds/slave/test/build/tests/config
16:59:36     INFO - Copy/paste: /builds/slave/test/build/venv/bin/pip install --timeout 120 -r /builds/slave/test/build/tests/config/mozbase_requirements.txt --no-index --find-links http://pypi.pvt.build.mozilla.org/pub --find-links http://pypi.pub.build.mozilla.org/pub --trusted-host pypi.pub.build.mozilla.org --trusted-host pypi.pvt.build.mozilla.org
16:59:36     INFO - Using env: {'Apple_PubSub_Socket_Render': '/private/tmp/com.apple.launchd.B3k0T72GHQ/Render',
16:59:36     INFO -  'GIT_SHARE_BASE_DIR': '/builds/git-shared',
16:59:36     INFO -  'HG_SHARE_BASE_DIR': '/builds/hg-shared',
16:59:36     INFO -  'HOME': '/Users/cltbld',
16:59:36     INFO -  'IDLEIZER_DISABLE_SHUTDOWN': 'true',
16:59:36     INFO -  'LOGNAME': 'cltbld',
16:59:36     INFO -  'MOZ_HIDE_RESULTS_TABLE': '1',
16:59:36     INFO -  'MOZ_NODE_PATH': '/usr/local/bin/node',
16:59:36     INFO -  'MOZ_NO_REMOTE': '1',
16:59:36     INFO -  'NO_EM_RESTART': '1',
16:59:36     INFO -  'NO_FAIL_ON_TEST_ERRORS': '1',
16:59:36     INFO -  'PATH': '/usr/local/sbin:/usr/local/bin:/usr/sbin:/usr/bin:/sbin:/bin:/usr/bin/X11',
16:59:36     INFO -  'PROPERTIES_FILE': '/builds/slave/test/buildprops.json',
16:59:36     INFO -  'PWD': '/builds/slave/test',
16:59:36     INFO -  'RUNNER_CONFIG_CMD': '/opt/runner/bin/python2.7 /opt/runner/bin/runner -c /opt/runner/runner.cfg',
16:59:36     INFO -  'SHELL': '/bin/bash',
16:59:36     INFO -  'SSH_AUTH_SOCK': '/private/tmp/com.apple.launchd.vd73pA5iOt/Listeners',
16:59:36     INFO -  'TMPDIR': '/var/folders/dw/ppzkjs4j7vl0jq205ykbqxc000000w/T/',
16:59:36     INFO -  'TWISTD_LOG_PATH': '/builds/slave/twistd.log',
16:59:36     INFO -  'USER': 'cltbld',
16:59:36     INFO -  'VERSIONER_PYTHON_PREFER_32_BIT': 'no',
16:59:36     INFO -  'VERSIONER_PYTHON_VERSION': '2.7',
16:59:36     INFO -  'XPCOM_DEBUG_BREAK': 'warn',
16:59:36     INFO -  'XPC_FLAGS': '0x0',
16:59:36     INFO -  'XPC_SERVICE_NAME': '0',
16:59:36     INFO -  '__CF_USER_TEXT_ENCODING': '0x1C:0:0'}
16:59:37     INFO -  Ignoring indexes: https://pypi.python.org/simple
16:59:37     INFO -  Processing /builds/slave/test/build/tests/mozbase/manifestparser
16:59:37     INFO -    Requirement already satisfied (use --upgrade to upgrade): manifestparser==1.1 from file:///builds/slave/test/build/tests/mozbase/manifestparser in /builds/slave/test/build/venv/lib/python2.7/site-packages (from -r /builds/slave/test/build/tests/config/mozbase_requirements.txt (line 1))
16:59:37     INFO -  Processing /builds/slave/test/build/tests/mozbase/mozcrash
16:59:37     INFO -    Requirement already satisfied (use --upgrade to upgrade): mozcrash==1.0 from file:///builds/slave/test/build/tests/mozbase/mozcrash in /builds/slave/test/build/venv/lib/python2.7/site-packages (from -r /builds/slave/test/build/tests/config/mozbase_requirements.txt (line 2))
16:59:37     INFO -  Processing /builds/slave/test/build/tests/mozbase/mozdebug
16:59:38     INFO -    Requirement already satisfied (use --upgrade to upgrade): mozdebug==0.1 from file:///builds/slave/test/build/tests/mozbase/mozdebug in /builds/slave/test/build/venv/lib/python2.7/site-packages (from -r /builds/slave/test/build/tests/config/mozbase_requirements.txt (line 3))
16:59:38     INFO -  Processing /builds/slave/test/build/tests/mozbase/mozdevice
16:59:38     INFO -    Requirement already satisfied (use --upgrade to upgrade): mozdevice==0.48 from file:///builds/slave/test/build/tests/mozbase/mozdevice in /builds/slave/test/build/venv/lib/python2.7/site-packages (from -r /builds/slave/test/build/tests/config/mozbase_requirements.txt (line 4))
16:59:38     INFO -  Processing /builds/slave/test/build/tests/mozbase/mozfile
16:59:38     INFO -    Requirement already satisfied (use --upgrade to upgrade): mozfile==1.2 from file:///builds/slave/test/build/tests/mozbase/mozfile in /builds/slave/test/build/venv/lib/python2.7/site-packages (from -r /builds/slave/test/build/tests/config/mozbase_requirements.txt (line 5))
16:59:38     INFO -  Processing /builds/slave/test/build/tests/mozbase/mozhttpd
16:59:38     INFO -    Requirement already satisfied (use --upgrade to upgrade): mozhttpd==0.7 from file:///builds/slave/test/build/tests/mozbase/mozhttpd in /builds/slave/test/build/venv/lib/python2.7/site-packages (from -r /builds/slave/test/build/tests/config/mozbase_requirements.txt (line 6))
16:59:38     INFO -  Processing /builds/slave/test/build/tests/mozbase/mozinfo
16:59:39     INFO -    Requirement already satisfied (use --upgrade to upgrade): mozinfo==0.9 from file:///builds/slave/test/build/tests/mozbase/mozinfo in /builds/slave/test/build/venv/lib/python2.7/site-packages (from -r /builds/slave/test/build/tests/config/mozbase_requirements.txt (line 7))
16:59:39     INFO -  Processing /builds/slave/test/build/tests/mozbase/mozinstall
16:59:39     INFO -    Requirement already satisfied (use --upgrade to upgrade): mozInstall==1.12 from file:///builds/slave/test/build/tests/mozbase/mozinstall in /builds/slave/test/build/venv/lib/python2.7/site-packages (from -r /builds/slave/test/build/tests/config/mozbase_requirements.txt (line 8))
16:59:39     INFO -  Processing /builds/slave/test/build/tests/mozbase/mozleak
16:59:39     INFO -    Requirement already satisfied (use --upgrade to upgrade): mozleak==0.1 from file:///builds/slave/test/build/tests/mozbase/mozleak in /builds/slave/test/build/venv/lib/python2.7/site-packages (from -r /builds/slave/test/build/tests/config/mozbase_requirements.txt (line 9))
16:59:39     INFO -  Processing /builds/slave/test/build/tests/mozbase/mozlog
16:59:39     INFO -    Requirement already satisfied (use --upgrade to upgrade): mozlog==3.4 from file:///builds/slave/test/build/tests/mozbase/mozlog in /builds/slave/test/build/venv/lib/python2.7/site-packages (from -r /builds/slave/test/build/tests/config/mozbase_requirements.txt (line 10))
16:59:39     INFO -  Processing /builds/slave/test/build/tests/mozbase/moznetwork
16:59:40     INFO -    Requirement already satisfied (use --upgrade to upgrade): moznetwork==0.27 from file:///builds/slave/test/build/tests/mozbase/moznetwork in /builds/slave/test/build/venv/lib/python2.7/site-packages (from -r /builds/slave/test/build/tests/config/mozbase_requirements.txt (line 11))
16:59:40     INFO -  Processing /builds/slave/test/build/tests/mozbase/mozprocess
16:59:40     INFO -    Requirement already satisfied (use --upgrade to upgrade): mozprocess==0.23 from file:///builds/slave/test/build/tests/mozbase/mozprocess in /builds/slave/test/build/venv/lib/python2.7/site-packages (from -r /builds/slave/test/build/tests/config/mozbase_requirements.txt (line 12))
16:59:40     INFO -  Processing /builds/slave/test/build/tests/mozbase/mozprofile
16:59:40     INFO -    Requirement already satisfied (use --upgrade to upgrade): mozprofile==0.28 from file:///builds/slave/test/build/tests/mozbase/mozprofile in /builds/slave/test/build/venv/lib/python2.7/site-packages (from -r /builds/slave/test/build/tests/config/mozbase_requirements.txt (line 13))
16:59:40     INFO -  Processing /builds/slave/test/build/tests/mozbase/mozrunner
16:59:40     INFO -    Requirement already satisfied (use --upgrade to upgrade): mozrunner==6.13 from file:///builds/slave/test/build/tests/mozbase/mozrunner in /builds/slave/test/build/venv/lib/python2.7/site-packages (from -r /builds/slave/test/build/tests/config/mozbase_requirements.txt (line 14))
16:59:40     INFO -  Processing /builds/slave/test/build/tests/mozbase/mozscreenshot
16:59:41     INFO -    Requirement already satisfied (use --upgrade to upgrade): mozscreenshot==0.1 from file:///builds/slave/test/build/tests/mozbase/mozscreenshot in /builds/slave/test/build/venv/lib/python2.7/site-packages (from -r /builds/slave/test/build/tests/config/mozbase_requirements.txt (line 15))
16:59:41     INFO -  Processing /builds/slave/test/build/tests/mozbase/moztest
16:59:41     INFO -    Requirement already satisfied (use --upgrade to upgrade): moztest==0.8 from file:///builds/slave/test/build/tests/mozbase/moztest in /builds/slave/test/build/venv/lib/python2.7/site-packages (from -r /builds/slave/test/build/tests/config/mozbase_requirements.txt (line 16))
16:59:41     INFO -  Processing /builds/slave/test/build/tests/mozbase/mozversion
16:59:41     INFO -    Requirement already satisfied (use --upgrade to upgrade): mozversion==1.4 from file:///builds/slave/test/build/tests/mozbase/mozversion in /builds/slave/test/build/venv/lib/python2.7/site-packages (from -r /builds/slave/test/build/tests/config/mozbase_requirements.txt (line 17))
16:59:41     INFO -  Requirement already satisfied (use --upgrade to upgrade): mozfile>=1.0 in /builds/slave/test/build/venv/lib/python2.7/site-packages (from mozcrash==1.0->-r /builds/slave/test/build/tests/config/mozbase_requirements.txt (line 2))
16:59:41     INFO -  Requirement already satisfied (use --upgrade to upgrade): mozlog>=3.0 in /builds/slave/test/build/venv/lib/python2.7/site-packages (from mozcrash==1.0->-r /builds/slave/test/build/tests/config/mozbase_requirements.txt (line 2))
16:59:41     INFO -  Requirement already satisfied (use --upgrade to upgrade): mozinfo in /builds/slave/test/build/venv/lib/python2.7/site-packages (from mozdebug==0.1->-r /builds/slave/test/build/tests/config/mozbase_requirements.txt (line 3))
16:59:41     INFO -  Requirement already satisfied (use --upgrade to upgrade): moznetwork>=0.24 in /builds/slave/test/build/venv/lib/python2.7/site-packages (from mozdevice==0.48->-r /builds/slave/test/build/tests/config/mozbase_requirements.txt (line 4))
16:59:41     INFO -  Requirement already satisfied (use --upgrade to upgrade): mozprocess>=0.19 in /builds/slave/test/build/venv/lib/python2.7/site-packages (from mozdevice==0.48->-r /builds/slave/test/build/tests/config/mozbase_requirements.txt (line 4))
16:59:41     INFO -  Collecting blessings>=1.3 (from mozlog==3.4->-r /builds/slave/test/build/tests/config/mozbase_requirements.txt (line 10))
16:59:41     INFO -  /builds/slave/test/build/venv/lib/python2.7/site-packages/pip/_vendor/requests/packages/urllib3/util/ssl_.py:318: SNIMissingWarning: An HTTPS request has been made, but the SNI (Subject Name Indication) extension to TLS is not available on this platform. This may cause the server to present an incorrect TLS certificate, which can cause validation failures. You can upgrade to a newer version of Python to solve this. For more information, see https://urllib3.readthedocs.org/en/latest/security.html#snimissingwarning.
16:59:41     INFO -    SNIMissingWarning
16:59:41     INFO -  /builds/slave/test/build/venv/lib/python2.7/site-packages/pip/_vendor/requests/packages/urllib3/util/ssl_.py:122: InsecurePlatformWarning: A true SSLContext object is not available. This prevents urllib3 from configuring SSL appropriately and may cause certain SSL connections to fail. You can upgrade to a newer version of Python to solve this. For more information, see https://urllib3.readthedocs.org/en/latest/security.html#insecureplatformwarning.
16:59:41     INFO -    InsecurePlatformWarning
16:59:42     INFO -  /builds/slave/test/build/venv/lib/python2.7/site-packages/pip/_vendor/requests/packages/urllib3/util/ssl_.py:122: InsecurePlatformWarning: A true SSLContext object is not available. This prevents urllib3 from configuring SSL appropriately and may cause certain SSL connections to fail. You can upgrade to a newer version of Python to solve this. For more information, see https://urllib3.readthedocs.org/en/latest/security.html#insecureplatformwarning.
16:59:42     INFO -    InsecurePlatformWarning
16:59:44     INFO -  Installing collected packages: blessings
16:59:44     INFO -  Successfully installed blessings-1.6
16:59:44     INFO - Return code: 0
16:59:44     INFO - Installing pip>=1.5 into virtualenv /builds/slave/test/build/venv
16:59:44     INFO - retry: Calling run_command with args: [['/builds/slave/test/build/venv/bin/pip', 'install', '--timeout', '120', '--no-index', '--find-links', 'http://pypi.pvt.build.mozilla.org/pub', '--find-links', 'http://pypi.pub.build.mozilla.org/pub', '--trusted-host', 'pypi.pub.build.mozilla.org', '--trusted-host', 'pypi.pvt.build.mozilla.org', 'pip>=1.5']], kwargs: {'error_level': 'warning', 'error_list': [{'substr': 'not found or a compiler error:', 'level': 'warning'}, {'regex': <_sre.SRE_Pattern object at 0x1086bd170>, 'level': 'error'}, {'regex': <_sre.SRE_Pattern object at 0x10875f960>, 'level': 'warning'}, {'regex': <_sre.SRE_Pattern object at 0x7fe55343fc10>, 'level': 'debug'}, {'substr': 'command not found', 'level': 'error'}, {'regex': <_sre.SRE_Pattern object at 0x1086501d0>, 'level': 'warning'}, {'substr': 'Traceback (most recent call last)', 'level': 'error'}, {'substr': 'SyntaxError: ', 'level': 'error'}, {'substr': 'TypeError: ', 'level': 'error'}, {'substr': 'NameError: ', 'level': 'error'}, {'substr': 'ZeroDivisionError: ', 'level': 'error'}, {'regex': <_sre.SRE_Pattern object at 0x10862b108>, 'level': 'critical'}, {'regex': <_sre.SRE_Pattern object at 0x108645030>, 'level': 'critical'}], 'cwd': '/builds/slave/test/build', 'env': {'VERSIONER_PYTHON_PREFER_32_BIT': 'no', 'LOGNAME': 'cltbld', 'USER': 'cltbld', 'XPC_SERVICE_NAME': '0', 'PATH': '/usr/local/sbin:/usr/local/bin:/usr/sbin:/usr/bin:/sbin:/bin:/usr/bin/X11', 'HOME': '/Users/cltbld', 'NO_EM_RESTART': '1', 'IDLEIZER_DISABLE_SHUTDOWN': 'true', 'XPCOM_DEBUG_BREAK': 'warn', 'Apple_PubSub_Socket_Render': '/private/tmp/com.apple.launchd.B3k0T72GHQ/Render', 'MOZ_NODE_PATH': '/usr/local/bin/node', 'TWISTD_LOG_PATH': '/builds/slave/twistd.log', 'GIT_SHARE_BASE_DIR': '/builds/git-shared', 'VERSIONER_PYTHON_VERSION': '2.7', 'XPC_FLAGS': '0x0', 'NO_FAIL_ON_TEST_ERRORS': '1', 'HG_SHARE_BASE_DIR': '/builds/hg-shared', 'RUNNER_CONFIG_CMD': '/opt/runner/bin/python2.7 /opt/runner/bin/runner -c /opt/runner/runner.cfg', 'MOZ_NO_REMOTE': '1', 'MOZ_HIDE_RESULTS_TABLE': '1', 'SSH_AUTH_SOCK': '/private/tmp/com.apple.launchd.vd73pA5iOt/Listeners', 'SHELL': '/bin/bash', 'TMPDIR': '/var/folders/dw/ppzkjs4j7vl0jq205ykbqxc000000w/T/', '__CF_USER_TEXT_ENCODING': '0x1C:0:0', 'PWD': '/builds/slave/test', 'PROPERTIES_FILE': '/builds/slave/test/buildprops.json'}}, attempt #1
16:59:44     INFO - Running command: ['/builds/slave/test/build/venv/bin/pip', 'install', '--timeout', '120', '--no-index', '--find-links', 'http://pypi.pvt.build.mozilla.org/pub', '--find-links', 'http://pypi.pub.build.mozilla.org/pub', '--trusted-host', 'pypi.pub.build.mozilla.org', '--trusted-host', 'pypi.pvt.build.mozilla.org', 'pip>=1.5'] in /builds/slave/test/build
16:59:44     INFO - Copy/paste: /builds/slave/test/build/venv/bin/pip install --timeout 120 --no-index --find-links http://pypi.pvt.build.mozilla.org/pub --find-links http://pypi.pub.build.mozilla.org/pub --trusted-host pypi.pub.build.mozilla.org --trusted-host pypi.pvt.build.mozilla.org pip>=1.5
16:59:44     INFO - Using env: {'Apple_PubSub_Socket_Render': '/private/tmp/com.apple.launchd.B3k0T72GHQ/Render',
16:59:44     INFO -  'GIT_SHARE_BASE_DIR': '/builds/git-shared',
16:59:44     INFO -  'HG_SHARE_BASE_DIR': '/builds/hg-shared',
16:59:44     INFO -  'HOME': '/Users/cltbld',
16:59:44     INFO -  'IDLEIZER_DISABLE_SHUTDOWN': 'true',
16:59:44     INFO -  'LOGNAME': 'cltbld',
16:59:44     INFO -  'MOZ_HIDE_RESULTS_TABLE': '1',
16:59:44     INFO -  'MOZ_NODE_PATH': '/usr/local/bin/node',
16:59:44     INFO -  'MOZ_NO_REMOTE': '1',
16:59:44     INFO -  'NO_EM_RESTART': '1',
16:59:44     INFO -  'NO_FAIL_ON_TEST_ERRORS': '1',
16:59:44     INFO -  'PATH': '/usr/local/sbin:/usr/local/bin:/usr/sbin:/usr/bin:/sbin:/bin:/usr/bin/X11',
16:59:44     INFO -  'PROPERTIES_FILE': '/builds/slave/test/buildprops.json',
16:59:44     INFO -  'PWD': '/builds/slave/test',
16:59:44     INFO -  'RUNNER_CONFIG_CMD': '/opt/runner/bin/python2.7 /opt/runner/bin/runner -c /opt/runner/runner.cfg',
16:59:44     INFO -  'SHELL': '/bin/bash',
16:59:44     INFO -  'SSH_AUTH_SOCK': '/private/tmp/com.apple.launchd.vd73pA5iOt/Listeners',
16:59:44     INFO -  'TMPDIR': '/var/folders/dw/ppzkjs4j7vl0jq205ykbqxc000000w/T/',
16:59:44     INFO -  'TWISTD_LOG_PATH': '/builds/slave/twistd.log',
16:59:44     INFO -  'USER': 'cltbld',
16:59:44     INFO -  'VERSIONER_PYTHON_PREFER_32_BIT': 'no',
16:59:44     INFO -  'VERSIONER_PYTHON_VERSION': '2.7',
16:59:44     INFO -  'XPCOM_DEBUG_BREAK': 'warn',
16:59:44     INFO -  'XPC_FLAGS': '0x0',
16:59:44     INFO -  'XPC_SERVICE_NAME': '0',
16:59:44     INFO -  '__CF_USER_TEXT_ENCODING': '0x1C:0:0'}
16:59:44     INFO -  Ignoring indexes: https://pypi.python.org/simple
16:59:44     INFO -  Requirement already satisfied (use --upgrade to upgrade): pip>=1.5 in ./venv/lib/python2.7/site-packages
16:59:44     INFO - Return code: 0
16:59:44     INFO - Installing psutil==3.1.1 into virtualenv /builds/slave/test/build/venv
16:59:44     INFO - retry: Calling run_command with args: [['/builds/slave/test/build/venv/bin/pip', 'install', '--timeout', '120', '--no-index', '--find-links', 'http://pypi.pvt.build.mozilla.org/pub', '--find-links', 'http://pypi.pub.build.mozilla.org/pub', '--trusted-host', 'pypi.pub.build.mozilla.org', '--trusted-host', 'pypi.pvt.build.mozilla.org', 'psutil==3.1.1']], kwargs: {'error_level': 'warning', 'error_list': [{'substr': 'not found or a compiler error:', 'level': 'warning'}, {'regex': <_sre.SRE_Pattern object at 0x1086bd170>, 'level': 'error'}, {'regex': <_sre.SRE_Pattern object at 0x10875f960>, 'level': 'warning'}, {'regex': <_sre.SRE_Pattern object at 0x7fe55343fc10>, 'level': 'debug'}, {'substr': 'command not found', 'level': 'error'}, {'regex': <_sre.SRE_Pattern object at 0x1086501d0>, 'level': 'warning'}, {'substr': 'Traceback (most recent call last)', 'level': 'error'}, {'substr': 'SyntaxError: ', 'level': 'error'}, {'substr': 'TypeError: ', 'level': 'error'}, {'substr': 'NameError: ', 'level': 'error'}, {'substr': 'ZeroDivisionError: ', 'level': 'error'}, {'regex': <_sre.SRE_Pattern object at 0x10862b108>, 'level': 'critical'}, {'regex': <_sre.SRE_Pattern object at 0x108645030>, 'level': 'critical'}], 'cwd': '/builds/slave/test/build', 'env': {'VERSIONER_PYTHON_PREFER_32_BIT': 'no', 'LOGNAME': 'cltbld', 'USER': 'cltbld', 'XPC_SERVICE_NAME': '0', 'PATH': '/usr/local/sbin:/usr/local/bin:/usr/sbin:/usr/bin:/sbin:/bin:/usr/bin/X11', 'HOME': '/Users/cltbld', 'NO_EM_RESTART': '1', 'IDLEIZER_DISABLE_SHUTDOWN': 'true', 'XPCOM_DEBUG_BREAK': 'warn', 'Apple_PubSub_Socket_Render': '/private/tmp/com.apple.launchd.B3k0T72GHQ/Render', 'MOZ_NODE_PATH': '/usr/local/bin/node', 'TWISTD_LOG_PATH': '/builds/slave/twistd.log', 'GIT_SHARE_BASE_DIR': '/builds/git-shared', 'VERSIONER_PYTHON_VERSION': '2.7', 'XPC_FLAGS': '0x0', 'NO_FAIL_ON_TEST_ERRORS': '1', 'HG_SHARE_BASE_DIR': '/builds/hg-shared', 'RUNNER_CONFIG_CMD': '/opt/runner/bin/python2.7 /opt/runner/bin/runner -c /opt/runner/runner.cfg', 'MOZ_NO_REMOTE': '1', 'MOZ_HIDE_RESULTS_TABLE': '1', 'SSH_AUTH_SOCK': '/private/tmp/com.apple.launchd.vd73pA5iOt/Listeners', 'SHELL': '/bin/bash', 'TMPDIR': '/var/folders/dw/ppzkjs4j7vl0jq205ykbqxc000000w/T/', '__CF_USER_TEXT_ENCODING': '0x1C:0:0', 'PWD': '/builds/slave/test', 'PROPERTIES_FILE': '/builds/slave/test/buildprops.json'}}, attempt #1
16:59:44     INFO - Running command: ['/builds/slave/test/build/venv/bin/pip', 'install', '--timeout', '120', '--no-index', '--find-links', 'http://pypi.pvt.build.mozilla.org/pub', '--find-links', 'http://pypi.pub.build.mozilla.org/pub', '--trusted-host', 'pypi.pub.build.mozilla.org', '--trusted-host', 'pypi.pvt.build.mozilla.org', 'psutil==3.1.1'] in /builds/slave/test/build
16:59:44     INFO - Copy/paste: /builds/slave/test/build/venv/bin/pip install --timeout 120 --no-index --find-links http://pypi.pvt.build.mozilla.org/pub --find-links http://pypi.pub.build.mozilla.org/pub --trusted-host pypi.pub.build.mozilla.org --trusted-host pypi.pvt.build.mozilla.org psutil==3.1.1
16:59:44     INFO - Using env: {'Apple_PubSub_Socket_Render': '/private/tmp/com.apple.launchd.B3k0T72GHQ/Render',
16:59:44     INFO -  'GIT_SHARE_BASE_DIR': '/builds/git-shared',
16:59:44     INFO -  'HG_SHARE_BASE_DIR': '/builds/hg-shared',
16:59:44     INFO -  'HOME': '/Users/cltbld',
16:59:44     INFO -  'IDLEIZER_DISABLE_SHUTDOWN': 'true',
16:59:44     INFO -  'LOGNAME': 'cltbld',
16:59:44     INFO -  'MOZ_HIDE_RESULTS_TABLE': '1',
16:59:44     INFO -  'MOZ_NODE_PATH': '/usr/local/bin/node',
16:59:44     INFO -  'MOZ_NO_REMOTE': '1',
16:59:44     INFO -  'NO_EM_RESTART': '1',
16:59:44     INFO -  'NO_FAIL_ON_TEST_ERRORS': '1',
16:59:44     INFO -  'PATH': '/usr/local/sbin:/usr/local/bin:/usr/sbin:/usr/bin:/sbin:/bin:/usr/bin/X11',
16:59:44     INFO -  'PROPERTIES_FILE': '/builds/slave/test/buildprops.json',
16:59:44     INFO -  'PWD': '/builds/slave/test',
16:59:44     INFO -  'RUNNER_CONFIG_CMD': '/opt/runner/bin/python2.7 /opt/runner/bin/runner -c /opt/runner/runner.cfg',
16:59:44     INFO -  'SHELL': '/bin/bash',
16:59:44     INFO -  'SSH_AUTH_SOCK': '/private/tmp/com.apple.launchd.vd73pA5iOt/Listeners',
16:59:44     INFO -  'TMPDIR': '/var/folders/dw/ppzkjs4j7vl0jq205ykbqxc000000w/T/',
16:59:44     INFO -  'TWISTD_LOG_PATH': '/builds/slave/twistd.log',
16:59:44     INFO -  'USER': 'cltbld',
16:59:44     INFO -  'VERSIONER_PYTHON_PREFER_32_BIT': 'no',
16:59:44     INFO -  'VERSIONER_PYTHON_VERSION': '2.7',
16:59:44     INFO -  'XPCOM_DEBUG_BREAK': 'warn',
16:59:44     INFO -  'XPC_FLAGS': '0x0',
16:59:44     INFO -  'XPC_SERVICE_NAME': '0',
16:59:44     INFO -  '__CF_USER_TEXT_ENCODING': '0x1C:0:0'}
16:59:45     INFO -  Ignoring indexes: https://pypi.python.org/simple
16:59:45     INFO -  Collecting psutil==3.1.1
16:59:45     INFO -  /builds/slave/test/build/venv/lib/python2.7/site-packages/pip/_vendor/requests/packages/urllib3/util/ssl_.py:318: SNIMissingWarning: An HTTPS request has been made, but the SNI (Subject Name Indication) extension to TLS is not available on this platform. This may cause the server to present an incorrect TLS certificate, which can cause validation failures. You can upgrade to a newer version of Python to solve this. For more information, see https://urllib3.readthedocs.org/en/latest/security.html#snimissingwarning.
16:59:45     INFO -    SNIMissingWarning
16:59:45     INFO -  /builds/slave/test/build/venv/lib/python2.7/site-packages/pip/_vendor/requests/packages/urllib3/util/ssl_.py:122: InsecurePlatformWarning: A true SSLContext object is not available. This prevents urllib3 from configuring SSL appropriately and may cause certain SSL connections to fail. You can upgrade to a newer version of Python to solve this. For more information, see https://urllib3.readthedocs.org/en/latest/security.html#insecureplatformwarning.
16:59:45     INFO -    InsecurePlatformWarning
16:59:45     INFO -  /builds/slave/test/build/venv/lib/python2.7/site-packages/pip/_vendor/requests/packages/urllib3/util/ssl_.py:122: InsecurePlatformWarning: A true SSLContext object is not available. This prevents urllib3 from configuring SSL appropriately and may cause certain SSL connections to fail. You can upgrade to a newer version of Python to solve this. For more information, see https://urllib3.readthedocs.org/en/latest/security.html#insecureplatformwarning.
16:59:45     INFO -    InsecurePlatformWarning
16:59:48     INFO -  Installing collected packages: psutil
16:59:48     INFO -    Found existing installation: psutil 5.4.3
16:59:48     INFO -      Uninstalling psutil-5.4.3:
16:59:48     INFO -        Successfully uninstalled psutil-5.4.3
16:59:48     INFO -  Successfully installed psutil-3.1.1
16:59:48     INFO - Return code: 0
16:59:48     INFO - Installing mock into virtualenv /builds/slave/test/build/venv
16:59:48     INFO - retry: Calling run_command with args: [['/builds/slave/test/build/venv/bin/pip', 'install', '--timeout', '120', '--no-index', '--find-links', 'http://pypi.pvt.build.mozilla.org/pub', '--find-links', 'http://pypi.pub.build.mozilla.org/pub', '--trusted-host', 'pypi.pub.build.mozilla.org', '--trusted-host', 'pypi.pvt.build.mozilla.org', 'mock']], kwargs: {'error_level': 'warning', 'error_list': [{'substr': 'not found or a compiler error:', 'level': 'warning'}, {'regex': <_sre.SRE_Pattern object at 0x1086bd170>, 'level': 'error'}, {'regex': <_sre.SRE_Pattern object at 0x10875f960>, 'level': 'warning'}, {'regex': <_sre.SRE_Pattern object at 0x7fe55343fc10>, 'level': 'debug'}, {'substr': 'command not found', 'level': 'error'}, {'regex': <_sre.SRE_Pattern object at 0x1086501d0>, 'level': 'warning'}, {'substr': 'Traceback (most recent call last)', 'level': 'error'}, {'substr': 'SyntaxError: ', 'level': 'error'}, {'substr': 'TypeError: ', 'level': 'error'}, {'substr': 'NameError: ', 'level': 'error'}, {'substr': 'ZeroDivisionError: ', 'level': 'error'}, {'regex': <_sre.SRE_Pattern object at 0x10862b108>, 'level': 'critical'}, {'regex': <_sre.SRE_Pattern object at 0x108645030>, 'level': 'critical'}], 'cwd': '/builds/slave/test/build', 'env': {'VERSIONER_PYTHON_PREFER_32_BIT': 'no', 'LOGNAME': 'cltbld', 'USER': 'cltbld', 'XPC_SERVICE_NAME': '0', 'PATH': '/usr/local/sbin:/usr/local/bin:/usr/sbin:/usr/bin:/sbin:/bin:/usr/bin/X11', 'HOME': '/Users/cltbld', 'NO_EM_RESTART': '1', 'IDLEIZER_DISABLE_SHUTDOWN': 'true', 'XPCOM_DEBUG_BREAK': 'warn', 'Apple_PubSub_Socket_Render': '/private/tmp/com.apple.launchd.B3k0T72GHQ/Render', 'MOZ_NODE_PATH': '/usr/local/bin/node', 'TWISTD_LOG_PATH': '/builds/slave/twistd.log', 'GIT_SHARE_BASE_DIR': '/builds/git-shared', 'VERSIONER_PYTHON_VERSION': '2.7', 'XPC_FLAGS': '0x0', 'NO_FAIL_ON_TEST_ERRORS': '1', 'HG_SHARE_BASE_DIR': '/builds/hg-shared', 'RUNNER_CONFIG_CMD': '/opt/runner/bin/python2.7 /opt/runner/bin/runner -c /opt/runner/runner.cfg', 'MOZ_NO_REMOTE': '1', 'MOZ_HIDE_RESULTS_TABLE': '1', 'SSH_AUTH_SOCK': '/private/tmp/com.apple.launchd.vd73pA5iOt/Listeners', 'SHELL': '/bin/bash', 'TMPDIR': '/var/folders/dw/ppzkjs4j7vl0jq205ykbqxc000000w/T/', '__CF_USER_TEXT_ENCODING': '0x1C:0:0', 'PWD': '/builds/slave/test', 'PROPERTIES_FILE': '/builds/slave/test/buildprops.json'}}, attempt #1
16:59:48     INFO - Running command: ['/builds/slave/test/build/venv/bin/pip', 'install', '--timeout', '120', '--no-index', '--find-links', 'http://pypi.pvt.build.mozilla.org/pub', '--find-links', 'http://pypi.pub.build.mozilla.org/pub', '--trusted-host', 'pypi.pub.build.mozilla.org', '--trusted-host', 'pypi.pvt.build.mozilla.org', 'mock'] in /builds/slave/test/build
16:59:48     INFO - Copy/paste: /builds/slave/test/build/venv/bin/pip install --timeout 120 --no-index --find-links http://pypi.pvt.build.mozilla.org/pub --find-links http://pypi.pub.build.mozilla.org/pub --trusted-host pypi.pub.build.mozilla.org --trusted-host pypi.pvt.build.mozilla.org mock
16:59:48     INFO - Using env: {'Apple_PubSub_Socket_Render': '/private/tmp/com.apple.launchd.B3k0T72GHQ/Render',
16:59:48     INFO -  'GIT_SHARE_BASE_DIR': '/builds/git-shared',
16:59:48     INFO -  'HG_SHARE_BASE_DIR': '/builds/hg-shared',
16:59:48     INFO -  'HOME': '/Users/cltbld',
16:59:48     INFO -  'IDLEIZER_DISABLE_SHUTDOWN': 'true',
16:59:48     INFO -  'LOGNAME': 'cltbld',
16:59:48     INFO -  'MOZ_HIDE_RESULTS_TABLE': '1',
16:59:48     INFO -  'MOZ_NODE_PATH': '/usr/local/bin/node',
16:59:48     INFO -  'MOZ_NO_REMOTE': '1',
16:59:48     INFO -  'NO_EM_RESTART': '1',
16:59:48     INFO -  'NO_FAIL_ON_TEST_ERRORS': '1',
16:59:48     INFO -  'PATH': '/usr/local/sbin:/usr/local/bin:/usr/sbin:/usr/bin:/sbin:/bin:/usr/bin/X11',
16:59:48     INFO -  'PROPERTIES_FILE': '/builds/slave/test/buildprops.json',
16:59:48     INFO -  'PWD': '/builds/slave/test',
16:59:48     INFO -  'RUNNER_CONFIG_CMD': '/opt/runner/bin/python2.7 /opt/runner/bin/runner -c /opt/runner/runner.cfg',
16:59:48     INFO -  'SHELL': '/bin/bash',
16:59:48     INFO -  'SSH_AUTH_SOCK': '/private/tmp/com.apple.launchd.vd73pA5iOt/Listeners',
16:59:48     INFO -  'TMPDIR': '/var/folders/dw/ppzkjs4j7vl0jq205ykbqxc000000w/T/',
16:59:48     INFO -  'TWISTD_LOG_PATH': '/builds/slave/twistd.log',
16:59:48     INFO -  'USER': 'cltbld',
16:59:48     INFO -  'VERSIONER_PYTHON_PREFER_32_BIT': 'no',
16:59:48     INFO -  'VERSIONER_PYTHON_VERSION': '2.7',
16:59:48     INFO -  'XPCOM_DEBUG_BREAK': 'warn',
16:59:48     INFO -  'XPC_FLAGS': '0x0',
16:59:48     INFO -  'XPC_SERVICE_NAME': '0',
16:59:48     INFO -  '__CF_USER_TEXT_ENCODING': '0x1C:0:0'}
16:59:48     INFO -  Ignoring indexes: https://pypi.python.org/simple
16:59:48     INFO -  Collecting mock
16:59:48     INFO -  /builds/slave/test/build/venv/lib/python2.7/site-packages/pip/_vendor/requests/packages/urllib3/util/ssl_.py:318: SNIMissingWarning: An HTTPS request has been made, but the SNI (Subject Name Indication) extension to TLS is not available on this platform. This may cause the server to present an incorrect TLS certificate, which can cause validation failures. You can upgrade to a newer version of Python to solve this. For more information, see https://urllib3.readthedocs.org/en/latest/security.html#snimissingwarning.
16:59:48     INFO -    SNIMissingWarning
16:59:48     INFO -  /builds/slave/test/build/venv/lib/python2.7/site-packages/pip/_vendor/requests/packages/urllib3/util/ssl_.py:122: InsecurePlatformWarning: A true SSLContext object is not available. This prevents urllib3 from configuring SSL appropriately and may cause certain SSL connections to fail. You can upgrade to a newer version of Python to solve this. For more information, see https://urllib3.readthedocs.org/en/latest/security.html#insecureplatformwarning.
16:59:48     INFO -    InsecurePlatformWarning
16:59:49     INFO -  /builds/slave/test/build/venv/lib/python2.7/site-packages/pip/_vendor/requests/packages/urllib3/util/ssl_.py:122: InsecurePlatformWarning: A true SSLContext object is not available. This prevents urllib3 from configuring SSL appropriately and may cause certain SSL connections to fail. You can upgrade to a newer version of Python to solve this. For more information, see https://urllib3.readthedocs.org/en/latest/security.html#insecureplatformwarning.
16:59:49     INFO -    InsecurePlatformWarning
16:59:51     INFO -  Installing collected packages: mock
16:59:51     INFO -  Successfully installed mock-1.0.1
16:59:51     INFO - Return code: 0
16:59:51     INFO - Installing simplejson into virtualenv /builds/slave/test/build/venv
16:59:51     INFO - retry: Calling run_command with args: [['/builds/slave/test/build/venv/bin/pip', 'install', '--timeout', '120', '--no-index', '--find-links', 'http://pypi.pvt.build.mozilla.org/pub', '--find-links', 'http://pypi.pub.build.mozilla.org/pub', '--trusted-host', 'pypi.pub.build.mozilla.org', '--trusted-host', 'pypi.pvt.build.mozilla.org', 'simplejson']], kwargs: {'error_level': 'warning', 'error_list': [{'substr': 'not found or a compiler error:', 'level': 'warning'}, {'regex': <_sre.SRE_Pattern object at 0x1086bd170>, 'level': 'error'}, {'regex': <_sre.SRE_Pattern object at 0x10875f960>, 'level': 'warning'}, {'regex': <_sre.SRE_Pattern object at 0x7fe55343fc10>, 'level': 'debug'}, {'substr': 'command not found', 'level': 'error'}, {'regex': <_sre.SRE_Pattern object at 0x1086501d0>, 'level': 'warning'}, {'substr': 'Traceback (most recent call last)', 'level': 'error'}, {'substr': 'SyntaxError: ', 'level': 'error'}, {'substr': 'TypeError: ', 'level': 'error'}, {'substr': 'NameError: ', 'level': 'error'}, {'substr': 'ZeroDivisionError: ', 'level': 'error'}, {'regex': <_sre.SRE_Pattern object at 0x10862b108>, 'level': 'critical'}, {'regex': <_sre.SRE_Pattern object at 0x108645030>, 'level': 'critical'}], 'cwd': '/builds/slave/test/build', 'env': {'VERSIONER_PYTHON_PREFER_32_BIT': 'no', 'LOGNAME': 'cltbld', 'USER': 'cltbld', 'XPC_SERVICE_NAME': '0', 'PATH': '/usr/local/sbin:/usr/local/bin:/usr/sbin:/usr/bin:/sbin:/bin:/usr/bin/X11', 'HOME': '/Users/cltbld', 'NO_EM_RESTART': '1', 'IDLEIZER_DISABLE_SHUTDOWN': 'true', 'XPCOM_DEBUG_BREAK': 'warn', 'Apple_PubSub_Socket_Render': '/private/tmp/com.apple.launchd.B3k0T72GHQ/Render', 'MOZ_NODE_PATH': '/usr/local/bin/node', 'TWISTD_LOG_PATH': '/builds/slave/twistd.log', 'GIT_SHARE_BASE_DIR': '/builds/git-shared', 'VERSIONER_PYTHON_VERSION': '2.7', 'XPC_FLAGS': '0x0', 'NO_FAIL_ON_TEST_ERRORS': '1', 'HG_SHARE_BASE_DIR': '/builds/hg-shared', 'RUNNER_CONFIG_CMD': '/opt/runner/bin/python2.7 /opt/runner/bin/runner -c /opt/runner/runner.cfg', 'MOZ_NO_REMOTE': '1', 'MOZ_HIDE_RESULTS_TABLE': '1', 'SSH_AUTH_SOCK': '/private/tmp/com.apple.launchd.vd73pA5iOt/Listeners', 'SHELL': '/bin/bash', 'TMPDIR': '/var/folders/dw/ppzkjs4j7vl0jq205ykbqxc000000w/T/', '__CF_USER_TEXT_ENCODING': '0x1C:0:0', 'PWD': '/builds/slave/test', 'PROPERTIES_FILE': '/builds/slave/test/buildprops.json'}}, attempt #1
16:59:51     INFO - Running command: ['/builds/slave/test/build/venv/bin/pip', 'install', '--timeout', '120', '--no-index', '--find-links', 'http://pypi.pvt.build.mozilla.org/pub', '--find-links', 'http://pypi.pub.build.mozilla.org/pub', '--trusted-host', 'pypi.pub.build.mozilla.org', '--trusted-host', 'pypi.pvt.build.mozilla.org', 'simplejson'] in /builds/slave/test/build
16:59:51     INFO - Copy/paste: /builds/slave/test/build/venv/bin/pip install --timeout 120 --no-index --find-links http://pypi.pvt.build.mozilla.org/pub --find-links http://pypi.pub.build.mozilla.org/pub --trusted-host pypi.pub.build.mozilla.org --trusted-host pypi.pvt.build.mozilla.org simplejson
16:59:51     INFO - Using env: {'Apple_PubSub_Socket_Render': '/private/tmp/com.apple.launchd.B3k0T72GHQ/Render',
16:59:51     INFO -  'GIT_SHARE_BASE_DIR': '/builds/git-shared',
16:59:51     INFO -  'HG_SHARE_BASE_DIR': '/builds/hg-shared',
16:59:51     INFO -  'HOME': '/Users/cltbld',
16:59:51     INFO -  'IDLEIZER_DISABLE_SHUTDOWN': 'true',
16:59:51     INFO -  'LOGNAME': 'cltbld',
16:59:51     INFO -  'MOZ_HIDE_RESULTS_TABLE': '1',
16:59:51     INFO -  'MOZ_NODE_PATH': '/usr/local/bin/node',
16:59:51     INFO -  'MOZ_NO_REMOTE': '1',
16:59:51     INFO -  'NO_EM_RESTART': '1',
16:59:51     INFO -  'NO_FAIL_ON_TEST_ERRORS': '1',
16:59:51     INFO -  'PATH': '/usr/local/sbin:/usr/local/bin:/usr/sbin:/usr/bin:/sbin:/bin:/usr/bin/X11',
16:59:51     INFO -  'PROPERTIES_FILE': '/builds/slave/test/buildprops.json',
16:59:51     INFO -  'PWD': '/builds/slave/test',
16:59:51     INFO -  'RUNNER_CONFIG_CMD': '/opt/runner/bin/python2.7 /opt/runner/bin/runner -c /opt/runner/runner.cfg',
16:59:51     INFO -  'SHELL': '/bin/bash',
16:59:51     INFO -  'SSH_AUTH_SOCK': '/private/tmp/com.apple.launchd.vd73pA5iOt/Listeners',
16:59:51     INFO -  'TMPDIR': '/var/folders/dw/ppzkjs4j7vl0jq205ykbqxc000000w/T/',
16:59:51     INFO -  'TWISTD_LOG_PATH': '/builds/slave/twistd.log',
16:59:51     INFO -  'USER': 'cltbld',
16:59:51     INFO -  'VERSIONER_PYTHON_PREFER_32_BIT': 'no',
16:59:51     INFO -  'VERSIONER_PYTHON_VERSION': '2.7',
16:59:51     INFO -  'XPCOM_DEBUG_BREAK': 'warn',
16:59:51     INFO -  'XPC_FLAGS': '0x0',
16:59:51     INFO -  'XPC_SERVICE_NAME': '0',
16:59:51     INFO -  '__CF_USER_TEXT_ENCODING': '0x1C:0:0'}
16:59:51     INFO -  Ignoring indexes: https://pypi.python.org/simple
16:59:51     INFO -  Collecting simplejson
16:59:51     INFO -  /builds/slave/test/build/venv/lib/python2.7/site-packages/pip/_vendor/requests/packages/urllib3/util/ssl_.py:318: SNIMissingWarning: An HTTPS request has been made, but the SNI (Subject Name Indication) extension to TLS is not available on this platform. This may cause the server to present an incorrect TLS certificate, which can cause validation failures. You can upgrade to a newer version of Python to solve this. For more information, see https://urllib3.readthedocs.org/en/latest/security.html#snimissingwarning.
16:59:51     INFO -    SNIMissingWarning
16:59:51     INFO -  /builds/slave/test/build/venv/lib/python2.7/site-packages/pip/_vendor/requests/packages/urllib3/util/ssl_.py:122: InsecurePlatformWarning: A true SSLContext object is not available. This prevents urllib3 from configuring SSL appropriately and may cause certain SSL connections to fail. You can upgrade to a newer version of Python to solve this. For more information, see https://urllib3.readthedocs.org/en/latest/security.html#insecureplatformwarning.
16:59:51     INFO -    InsecurePlatformWarning
16:59:52     INFO -  /builds/slave/test/build/venv/lib/python2.7/site-packages/pip/_vendor/requests/packages/urllib3/util/ssl_.py:122: InsecurePlatformWarning: A true SSLContext object is not available. This prevents urllib3 from configuring SSL appropriately and may cause certain SSL connections to fail. You can upgrade to a newer version of Python to solve this. For more information, see https://urllib3.readthedocs.org/en/latest/security.html#insecureplatformwarning.
16:59:52     INFO -    InsecurePlatformWarning
16:59:54     INFO -  Installing collected packages: simplejson
16:59:54     INFO -  Successfully installed simplejson-3.3.0
16:59:54     INFO - Return code: 0
16:59:54     INFO - Installing None into virtualenv /builds/slave/test/build/venv
16:59:54     INFO - retry: Calling run_command with args: [['/builds/slave/test/build/venv/bin/pip', 'install', '--no-deps', '--timeout', '120', '-r', '/builds/slave/test/build/tests/config/marionette_requirements.txt', '--no-index', '--find-links', 'http://pypi.pvt.build.mozilla.org/pub', '--find-links', 'http://pypi.pub.build.mozilla.org/pub', '--trusted-host', 'pypi.pub.build.mozilla.org', '--trusted-host', 'pypi.pvt.build.mozilla.org']], kwargs: {'error_level': 'warning', 'error_list': [{'substr': 'not found or a compiler error:', 'level': 'warning'}, {'regex': <_sre.SRE_Pattern object at 0x1086bd170>, 'level': 'error'}, {'regex': <_sre.SRE_Pattern object at 0x10875f960>, 'level': 'warning'}, {'regex': <_sre.SRE_Pattern object at 0x7fe55343fc10>, 'level': 'debug'}, {'substr': 'command not found', 'level': 'error'}, {'regex': <_sre.SRE_Pattern object at 0x1086501d0>, 'level': 'warning'}, {'substr': 'Traceback (most recent call last)', 'level': 'error'}, {'substr': 'SyntaxError: ', 'level': 'error'}, {'substr': 'TypeError: ', 'level': 'error'}, {'substr': 'NameError: ', 'level': 'error'}, {'substr': 'ZeroDivisionError: ', 'level': 'error'}, {'regex': <_sre.SRE_Pattern object at 0x10862b108>, 'level': 'critical'}, {'regex': <_sre.SRE_Pattern object at 0x108645030>, 'level': 'critical'}], 'cwd': '/builds/slave/test/build/tests/config', 'env': {'VERSIONER_PYTHON_PREFER_32_BIT': 'no', 'LOGNAME': 'cltbld', 'USER': 'cltbld', 'XPC_SERVICE_NAME': '0', 'PATH': '/usr/local/sbin:/usr/local/bin:/usr/sbin:/usr/bin:/sbin:/bin:/usr/bin/X11', 'HOME': '/Users/cltbld', 'NO_EM_RESTART': '1', 'IDLEIZER_DISABLE_SHUTDOWN': 'true', 'XPCOM_DEBUG_BREAK': 'warn', 'Apple_PubSub_Socket_Render': '/private/tmp/com.apple.launchd.B3k0T72GHQ/Render', 'MOZ_NODE_PATH': '/usr/local/bin/node', 'TWISTD_LOG_PATH': '/builds/slave/twistd.log', 'GIT_SHARE_BASE_DIR': '/builds/git-shared', 'VERSIONER_PYTHON_VERSION': '2.7', 'XPC_FLAGS': '0x0', 'NO_FAIL_ON_TEST_ERRORS': '1', 'HG_SHARE_BASE_DIR': '/builds/hg-shared', 'RUNNER_CONFIG_CMD': '/opt/runner/bin/python2.7 /opt/runner/bin/runner -c /opt/runner/runner.cfg', 'MOZ_NO_REMOTE': '1', 'MOZ_HIDE_RESULTS_TABLE': '1', 'SSH_AUTH_SOCK': '/private/tmp/com.apple.launchd.vd73pA5iOt/Listeners', 'SHELL': '/bin/bash', 'TMPDIR': '/var/folders/dw/ppzkjs4j7vl0jq205ykbqxc000000w/T/', '__CF_USER_TEXT_ENCODING': '0x1C:0:0', 'PWD': '/builds/slave/test', 'PROPERTIES_FILE': '/builds/slave/test/buildprops.json'}}, attempt #1
16:59:54     INFO - Running command: ['/builds/slave/test/build/venv/bin/pip', 'install', '--no-deps', '--timeout', '120', '-r', '/builds/slave/test/build/tests/config/marionette_requirements.txt', '--no-index', '--find-links', 'http://pypi.pvt.build.mozilla.org/pub', '--find-links', 'http://pypi.pub.build.mozilla.org/pub', '--trusted-host', 'pypi.pub.build.mozilla.org', '--trusted-host', 'pypi.pvt.build.mozilla.org'] in /builds/slave/test/build/tests/config
16:59:54     INFO - Copy/paste: /builds/slave/test/build/venv/bin/pip install --no-deps --timeout 120 -r /builds/slave/test/build/tests/config/marionette_requirements.txt --no-index --find-links http://pypi.pvt.build.mozilla.org/pub --find-links http://pypi.pub.build.mozilla.org/pub --trusted-host pypi.pub.build.mozilla.org --trusted-host pypi.pvt.build.mozilla.org
16:59:54     INFO - Using env: {'Apple_PubSub_Socket_Render': '/private/tmp/com.apple.launchd.B3k0T72GHQ/Render',
16:59:54     INFO -  'GIT_SHARE_BASE_DIR': '/builds/git-shared',
16:59:54     INFO -  'HG_SHARE_BASE_DIR': '/builds/hg-shared',
16:59:54     INFO -  'HOME': '/Users/cltbld',
16:59:54     INFO -  'IDLEIZER_DISABLE_SHUTDOWN': 'true',
16:59:54     INFO -  'LOGNAME': 'cltbld',
16:59:54     INFO -  'MOZ_HIDE_RESULTS_TABLE': '1',
16:59:54     INFO -  'MOZ_NODE_PATH': '/usr/local/bin/node',
16:59:54     INFO -  'MOZ_NO_REMOTE': '1',
16:59:54     INFO -  'NO_EM_RESTART': '1',
16:59:54     INFO -  'NO_FAIL_ON_TEST_ERRORS': '1',
16:59:54     INFO -  'PATH': '/usr/local/sbin:/usr/local/bin:/usr/sbin:/usr/bin:/sbin:/bin:/usr/bin/X11',
16:59:54     INFO -  'PROPERTIES_FILE': '/builds/slave/test/buildprops.json',
16:59:54     INFO -  'PWD': '/builds/slave/test',
16:59:54     INFO -  'RUNNER_CONFIG_CMD': '/opt/runner/bin/python2.7 /opt/runner/bin/runner -c /opt/runner/runner.cfg',
16:59:54     INFO -  'SHELL': '/bin/bash',
16:59:54     INFO -  'SSH_AUTH_SOCK': '/private/tmp/com.apple.launchd.vd73pA5iOt/Listeners',
16:59:54     INFO -  'TMPDIR': '/var/folders/dw/ppzkjs4j7vl0jq205ykbqxc000000w/T/',
16:59:54     INFO -  'TWISTD_LOG_PATH': '/builds/slave/twistd.log',
16:59:54     INFO -  'USER': 'cltbld',
16:59:54     INFO -  'VERSIONER_PYTHON_PREFER_32_BIT': 'no',
16:59:54     INFO -  'VERSIONER_PYTHON_VERSION': '2.7',
16:59:54     INFO -  'XPCOM_DEBUG_BREAK': 'warn',
16:59:54     INFO -  'XPC_FLAGS': '0x0',
16:59:54     INFO -  'XPC_SERVICE_NAME': '0',
16:59:54     INFO -  '__CF_USER_TEXT_ENCODING': '0x1C:0:0'}
16:59:55     INFO -  Ignoring indexes: https://pypi.python.org/simple
16:59:55     INFO -  Processing /builds/slave/test/build/tests/mozbase/manifestparser
16:59:55     INFO -    Requirement already satisfied (use --upgrade to upgrade): manifestparser==1.1 from file:///builds/slave/test/build/tests/mozbase/manifestparser in /builds/slave/test/build/venv/lib/python2.7/site-packages (from -r /builds/slave/test/build/tests/config/mozbase_requirements.txt (line 1))
16:59:55     INFO -  Processing /builds/slave/test/build/tests/mozbase/mozcrash
16:59:55     INFO -    Requirement already satisfied (use --upgrade to upgrade): mozcrash==1.0 from file:///builds/slave/test/build/tests/mozbase/mozcrash in /builds/slave/test/build/venv/lib/python2.7/site-packages (from -r /builds/slave/test/build/tests/config/mozbase_requirements.txt (line 2))
16:59:55     INFO -  Processing /builds/slave/test/build/tests/mozbase/mozdebug
16:59:55     INFO -    Requirement already satisfied (use --upgrade to upgrade): mozdebug==0.1 from file:///builds/slave/test/build/tests/mozbase/mozdebug in /builds/slave/test/build/venv/lib/python2.7/site-packages (from -r /builds/slave/test/build/tests/config/mozbase_requirements.txt (line 3))
16:59:55     INFO -  Processing /builds/slave/test/build/tests/mozbase/mozdevice
16:59:56     INFO -    Requirement already satisfied (use --upgrade to upgrade): mozdevice==0.48 from file:///builds/slave/test/build/tests/mozbase/mozdevice in /builds/slave/test/build/venv/lib/python2.7/site-packages (from -r /builds/slave/test/build/tests/config/mozbase_requirements.txt (line 4))
16:59:56     INFO -  Processing /builds/slave/test/build/tests/mozbase/mozfile
16:59:56     INFO -    Requirement already satisfied (use --upgrade to upgrade): mozfile==1.2 from file:///builds/slave/test/build/tests/mozbase/mozfile in /builds/slave/test/build/venv/lib/python2.7/site-packages (from -r /builds/slave/test/build/tests/config/mozbase_requirements.txt (line 5))
16:59:56     INFO -  Processing /builds/slave/test/build/tests/mozbase/mozhttpd
16:59:56     INFO -    Requirement already satisfied (use --upgrade to upgrade): mozhttpd==0.7 from file:///builds/slave/test/build/tests/mozbase/mozhttpd in /builds/slave/test/build/venv/lib/python2.7/site-packages (from -r /builds/slave/test/build/tests/config/mozbase_requirements.txt (line 6))
16:59:56     INFO -  Processing /builds/slave/test/build/tests/mozbase/mozinfo
16:59:56     INFO -    Requirement already satisfied (use --upgrade to upgrade): mozinfo==0.9 from file:///builds/slave/test/build/tests/mozbase/mozinfo in /builds/slave/test/build/venv/lib/python2.7/site-packages (from -r /builds/slave/test/build/tests/config/mozbase_requirements.txt (line 7))
16:59:56     INFO -  Processing /builds/slave/test/build/tests/mozbase/mozinstall
16:59:57     INFO -    Requirement already satisfied (use --upgrade to upgrade): mozInstall==1.12 from file:///builds/slave/test/build/tests/mozbase/mozinstall in /builds/slave/test/build/venv/lib/python2.7/site-packages (from -r /builds/slave/test/build/tests/config/mozbase_requirements.txt (line 8))
16:59:57     INFO -  Processing /builds/slave/test/build/tests/mozbase/mozleak
16:59:57     INFO -    Requirement already satisfied (use --upgrade to upgrade): mozleak==0.1 from file:///builds/slave/test/build/tests/mozbase/mozleak in /builds/slave/test/build/venv/lib/python2.7/site-packages (from -r /builds/slave/test/build/tests/config/mozbase_requirements.txt (line 9))
16:59:57     INFO -  Processing /builds/slave/test/build/tests/mozbase/mozlog
16:59:57     INFO -    Requirement already satisfied (use --upgrade to upgrade): mozlog==3.4 from file:///builds/slave/test/build/tests/mozbase/mozlog in /builds/slave/test/build/venv/lib/python2.7/site-packages (from -r /builds/slave/test/build/tests/config/mozbase_requirements.txt (line 10))
16:59:57     INFO -  Processing /builds/slave/test/build/tests/mozbase/moznetwork
16:59:57     INFO -    Requirement already satisfied (use --upgrade to upgrade): moznetwork==0.27 from file:///builds/slave/test/build/tests/mozbase/moznetwork in /builds/slave/test/build/venv/lib/python2.7/site-packages (from -r /builds/slave/test/build/tests/config/mozbase_requirements.txt (line 11))
16:59:57     INFO -  Processing /builds/slave/test/build/tests/mozbase/mozprocess
16:59:58     INFO -    Requirement already satisfied (use --upgrade to upgrade): mozprocess==0.23 from file:///builds/slave/test/build/tests/mozbase/mozprocess in /builds/slave/test/build/venv/lib/python2.7/site-packages (from -r /builds/slave/test/build/tests/config/mozbase_requirements.txt (line 12))
16:59:58     INFO -  Processing /builds/slave/test/build/tests/mozbase/mozprofile
16:59:58     INFO -    Requirement already satisfied (use --upgrade to upgrade): mozprofile==0.28 from file:///builds/slave/test/build/tests/mozbase/mozprofile in /builds/slave/test/build/venv/lib/python2.7/site-packages (from -r /builds/slave/test/build/tests/config/mozbase_requirements.txt (line 13))
16:59:58     INFO -  Processing /builds/slave/test/build/tests/mozbase/mozrunner
16:59:58     INFO -    Requirement already satisfied (use --upgrade to upgrade): mozrunner==6.13 from file:///builds/slave/test/build/tests/mozbase/mozrunner in /builds/slave/test/build/venv/lib/python2.7/site-packages (from -r /builds/slave/test/build/tests/config/mozbase_requirements.txt (line 14))
16:59:58     INFO -  Processing /builds/slave/test/build/tests/mozbase/mozscreenshot
16:59:58     INFO -    Requirement already satisfied (use --upgrade to upgrade): mozscreenshot==0.1 from file:///builds/slave/test/build/tests/mozbase/mozscreenshot in /builds/slave/test/build/venv/lib/python2.7/site-packages (from -r /builds/slave/test/build/tests/config/mozbase_requirements.txt (line 15))
16:59:58     INFO -  Processing /builds/slave/test/build/tests/mozbase/moztest
16:59:59     INFO -    Requirement already satisfied (use --upgrade to upgrade): moztest==0.8 from file:///builds/slave/test/build/tests/mozbase/moztest in /builds/slave/test/build/venv/lib/python2.7/site-packages (from -r /builds/slave/test/build/tests/config/mozbase_requirements.txt (line 16))
16:59:59     INFO -  Processing /builds/slave/test/build/tests/mozbase/mozversion
16:59:59     INFO -    Requirement already satisfied (use --upgrade to upgrade): mozversion==1.4 from file:///builds/slave/test/build/tests/mozbase/mozversion in /builds/slave/test/build/venv/lib/python2.7/site-packages (from -r /builds/slave/test/build/tests/config/mozbase_requirements.txt (line 17))
16:59:59     INFO -  Processing /builds/slave/test/build/tests/tools/wptserve
16:59:59     INFO -  Processing /builds/slave/test/build/tests/marionette/client
16:59:59     INFO -  Processing /builds/slave/test/build/tests/marionette/harness/marionette_harness/runner/mixins/browsermob-proxy-py
17:00:00     INFO -  Processing /builds/slave/test/build/tests/marionette/harness
17:00:00     INFO -  Processing /builds/slave/test/build/tests/marionette/puppeteer/firefox
17:00:00     INFO -  Building wheels for collected packages: browsermob-proxy
17:00:00     INFO -    Running setup.py bdist_wheel for browsermob-proxy: started
17:00:01     INFO -    Running setup.py bdist_wheel for browsermob-proxy: finished with status 'done'
17:00:01     INFO -    Stored in directory: /Users/cltbld/Library/Caches/pip/wheels/10/00/c1/79bb793b6a7eb4dca9dfd244010f550ae5044951bcd23c261e
17:00:01     INFO -  Successfully built browsermob-proxy
17:00:01     INFO -  Installing collected packages: wptserve, marionette-driver, browsermob-proxy, marionette-harness, firefox-puppeteer
17:00:01     INFO -    Running setup.py install for wptserve: started
17:00:01     INFO -      Running setup.py install for wptserve: finished with status 'done'
17:00:01     INFO -    Running setup.py install for marionette-driver: started
17:00:01     INFO -      Running setup.py install for marionette-driver: finished with status 'done'
17:00:01     INFO -    Running setup.py install for marionette-harness: started
17:00:02     INFO -      Running setup.py install for marionette-harness: finished with status 'done'
17:00:02     INFO -    Running setup.py install for firefox-puppeteer: started
17:00:02     INFO -      Running setup.py install for firefox-puppeteer: finished with status 'done'
17:00:02     INFO -  Successfully installed browsermob-proxy-0.6.0 firefox-puppeteer-52.1.0 marionette-driver-2.2.0 marionette-harness-4.0.0 wptserve-1.4.0
17:00:02     INFO - Return code: 0
17:00:02     INFO - Installing None into virtualenv /builds/slave/test/build/venv
17:00:03     INFO - retry: Calling run_command with args: [['/builds/slave/test/build/venv/bin/pip', 'install', '--timeout', '120', '-r', '/builds/slave/test/build/tests/config/marionette_requirements.txt', '--no-index', '--find-links', 'http://pypi.pvt.build.mozilla.org/pub', '--find-links', 'http://pypi.pub.build.mozilla.org/pub', '--trusted-host', 'pypi.pub.build.mozilla.org', '--trusted-host', 'pypi.pvt.build.mozilla.org']], kwargs: {'error_level': 'warning', 'error_list': [{'substr': 'not found or a compiler error:', 'level': 'warning'}, {'regex': <_sre.SRE_Pattern object at 0x1086bd170>, 'level': 'error'}, {'regex': <_sre.SRE_Pattern object at 0x10875f960>, 'level': 'warning'}, {'regex': <_sre.SRE_Pattern object at 0x7fe55343fc10>, 'level': 'debug'}, {'substr': 'command not found', 'level': 'error'}, {'regex': <_sre.SRE_Pattern object at 0x1086501d0>, 'level': 'warning'}, {'substr': 'Traceback (most recent call last)', 'level': 'error'}, {'substr': 'SyntaxError: ', 'level': 'error'}, {'substr': 'TypeError: ', 'level': 'error'}, {'substr': 'NameError: ', 'level': 'error'}, {'substr': 'ZeroDivisionError: ', 'level': 'error'}, {'regex': <_sre.SRE_Pattern object at 0x10862b108>, 'level': 'critical'}, {'regex': <_sre.SRE_Pattern object at 0x108645030>, 'level': 'critical'}], 'cwd': '/builds/slave/test/build/tests/config', 'env': {'VERSIONER_PYTHON_PREFER_32_BIT': 'no', 'LOGNAME': 'cltbld', 'USER': 'cltbld', 'XPC_SERVICE_NAME': '0', 'PATH': '/usr/local/sbin:/usr/local/bin:/usr/sbin:/usr/bin:/sbin:/bin:/usr/bin/X11', 'HOME': '/Users/cltbld', 'NO_EM_RESTART': '1', 'IDLEIZER_DISABLE_SHUTDOWN': 'true', 'XPCOM_DEBUG_BREAK': 'warn', 'Apple_PubSub_Socket_Render': '/private/tmp/com.apple.launchd.B3k0T72GHQ/Render', 'MOZ_NODE_PATH': '/usr/local/bin/node', 'TWISTD_LOG_PATH': '/builds/slave/twistd.log', 'GIT_SHARE_BASE_DIR': '/builds/git-shared', 'VERSIONER_PYTHON_VERSION': '2.7', 'XPC_FLAGS': '0x0', 'NO_FAIL_ON_TEST_ERRORS': '1', 'HG_SHARE_BASE_DIR': '/builds/hg-shared', 'RUNNER_CONFIG_CMD': '/opt/runner/bin/python2.7 /opt/runner/bin/runner -c /opt/runner/runner.cfg', 'MOZ_NO_REMOTE': '1', 'MOZ_HIDE_RESULTS_TABLE': '1', 'SSH_AUTH_SOCK': '/private/tmp/com.apple.launchd.vd73pA5iOt/Listeners', 'SHELL': '/bin/bash', 'TMPDIR': '/var/folders/dw/ppzkjs4j7vl0jq205ykbqxc000000w/T/', '__CF_USER_TEXT_ENCODING': '0x1C:0:0', 'PWD': '/builds/slave/test', 'PROPERTIES_FILE': '/builds/slave/test/buildprops.json'}}, attempt #1
17:00:03     INFO - Running command: ['/builds/slave/test/build/venv/bin/pip', 'install', '--timeout', '120', '-r', '/builds/slave/test/build/tests/config/marionette_requirements.txt', '--no-index', '--find-links', 'http://pypi.pvt.build.mozilla.org/pub', '--find-links', 'http://pypi.pub.build.mozilla.org/pub', '--trusted-host', 'pypi.pub.build.mozilla.org', '--trusted-host', 'pypi.pvt.build.mozilla.org'] in /builds/slave/test/build/tests/config
17:00:03     INFO - Copy/paste: /builds/slave/test/build/venv/bin/pip install --timeout 120 -r /builds/slave/test/build/tests/config/marionette_requirements.txt --no-index --find-links http://pypi.pvt.build.mozilla.org/pub --find-links http://pypi.pub.build.mozilla.org/pub --trusted-host pypi.pub.build.mozilla.org --trusted-host pypi.pvt.build.mozilla.org
17:00:03     INFO - Using env: {'Apple_PubSub_Socket_Render': '/private/tmp/com.apple.launchd.B3k0T72GHQ/Render',
17:00:03     INFO -  'GIT_SHARE_BASE_DIR': '/builds/git-shared',
17:00:03     INFO -  'HG_SHARE_BASE_DIR': '/builds/hg-shared',
17:00:03     INFO -  'HOME': '/Users/cltbld',
17:00:03     INFO -  'IDLEIZER_DISABLE_SHUTDOWN': 'true',
17:00:03     INFO -  'LOGNAME': 'cltbld',
17:00:03     INFO -  'MOZ_HIDE_RESULTS_TABLE': '1',
17:00:03     INFO -  'MOZ_NODE_PATH': '/usr/local/bin/node',
17:00:03     INFO -  'MOZ_NO_REMOTE': '1',
17:00:03     INFO -  'NO_EM_RESTART': '1',
17:00:03     INFO -  'NO_FAIL_ON_TEST_ERRORS': '1',
17:00:03     INFO -  'PATH': '/usr/local/sbin:/usr/local/bin:/usr/sbin:/usr/bin:/sbin:/bin:/usr/bin/X11',
17:00:03     INFO -  'PROPERTIES_FILE': '/builds/slave/test/buildprops.json',
17:00:03     INFO -  'PWD': '/builds/slave/test',
17:00:03     INFO -  'RUNNER_CONFIG_CMD': '/opt/runner/bin/python2.7 /opt/runner/bin/runner -c /opt/runner/runner.cfg',
17:00:03     INFO -  'SHELL': '/bin/bash',
17:00:03     INFO -  'SSH_AUTH_SOCK': '/private/tmp/com.apple.launchd.vd73pA5iOt/Listeners',
17:00:03     INFO -  'TMPDIR': '/var/folders/dw/ppzkjs4j7vl0jq205ykbqxc000000w/T/',
17:00:03     INFO -  'TWISTD_LOG_PATH': '/builds/slave/twistd.log',
17:00:03     INFO -  'USER': 'cltbld',
17:00:03     INFO -  'VERSIONER_PYTHON_PREFER_32_BIT': 'no',
17:00:03     INFO -  'VERSIONER_PYTHON_VERSION': '2.7',
17:00:03     INFO -  'XPCOM_DEBUG_BREAK': 'warn',
17:00:03     INFO -  'XPC_FLAGS': '0x0',
17:00:03     INFO -  'XPC_SERVICE_NAME': '0',
17:00:03     INFO -  '__CF_USER_TEXT_ENCODING': '0x1C:0:0'}
17:00:03     INFO -  Ignoring indexes: https://pypi.python.org/simple
17:00:03     INFO -  Processing /builds/slave/test/build/tests/mozbase/manifestparser
17:00:04     INFO -    Requirement already satisfied (use --upgrade to upgrade): manifestparser==1.1 from file:///builds/slave/test/build/tests/mozbase/manifestparser in /builds/slave/test/build/venv/lib/python2.7/site-packages (from -r /builds/slave/test/build/tests/config/mozbase_requirements.txt (line 1))
17:00:04     INFO -  Processing /builds/slave/test/build/tests/mozbase/mozcrash
17:00:04     INFO -    Requirement already satisfied (use --upgrade to upgrade): mozcrash==1.0 from file:///builds/slave/test/build/tests/mozbase/mozcrash in /builds/slave/test/build/venv/lib/python2.7/site-packages (from -r /builds/slave/test/build/tests/config/mozbase_requirements.txt (line 2))
17:00:04     INFO -  Processing /builds/slave/test/build/tests/mozbase/mozdebug
17:00:04     INFO -    Requirement already satisfied (use --upgrade to upgrade): mozdebug==0.1 from file:///builds/slave/test/build/tests/mozbase/mozdebug in /builds/slave/test/build/venv/lib/python2.7/site-packages (from -r /builds/slave/test/build/tests/config/mozbase_requirements.txt (line 3))
17:00:04     INFO -  Processing /builds/slave/test/build/tests/mozbase/mozdevice
17:00:04     INFO -    Requirement already satisfied (use --upgrade to upgrade): mozdevice==0.48 from file:///builds/slave/test/build/tests/mozbase/mozdevice in /builds/slave/test/build/venv/lib/python2.7/site-packages (from -r /builds/slave/test/build/tests/config/mozbase_requirements.txt (line 4))
17:00:04     INFO -  Processing /builds/slave/test/build/tests/mozbase/mozfile
17:00:05     INFO -    Requirement already satisfied (use --upgrade to upgrade): mozfile==1.2 from file:///builds/slave/test/build/tests/mozbase/mozfile in /builds/slave/test/build/venv/lib/python2.7/site-packages (from -r /builds/slave/test/build/tests/config/mozbase_requirements.txt (line 5))
17:00:05     INFO -  Processing /builds/slave/test/build/tests/mozbase/mozhttpd
17:00:05     INFO -    Requirement already satisfied (use --upgrade to upgrade): mozhttpd==0.7 from file:///builds/slave/test/build/tests/mozbase/mozhttpd in /builds/slave/test/build/venv/lib/python2.7/site-packages (from -r /builds/slave/test/build/tests/config/mozbase_requirements.txt (line 6))
17:00:05     INFO -  Processing /builds/slave/test/build/tests/mozbase/mozinfo
17:00:05     INFO -    Requirement already satisfied (use --upgrade to upgrade): mozinfo==0.9 from file:///builds/slave/test/build/tests/mozbase/mozinfo in /builds/slave/test/build/venv/lib/python2.7/site-packages (from -r /builds/slave/test/build/tests/config/mozbase_requirements.txt (line 7))
17:00:05     INFO -  Processing /builds/slave/test/build/tests/mozbase/mozinstall
17:00:05     INFO -    Requirement already satisfied (use --upgrade to upgrade): mozInstall==1.12 from file:///builds/slave/test/build/tests/mozbase/mozinstall in /builds/slave/test/build/venv/lib/python2.7/site-packages (from -r /builds/slave/test/build/tests/config/mozbase_requirements.txt (line 8))
17:00:05     INFO -  Processing /builds/slave/test/build/tests/mozbase/mozleak
17:00:06     INFO -    Requirement already satisfied (use --upgrade to upgrade): mozleak==0.1 from file:///builds/slave/test/build/tests/mozbase/mozleak in /builds/slave/test/build/venv/lib/python2.7/site-packages (from -r /builds/slave/test/build/tests/config/mozbase_requirements.txt (line 9))
17:00:06     INFO -  Processing /builds/slave/test/build/tests/mozbase/mozlog
17:00:06     INFO -    Requirement already satisfied (use --upgrade to upgrade): mozlog==3.4 from file:///builds/slave/test/build/tests/mozbase/mozlog in /builds/slave/test/build/venv/lib/python2.7/site-packages (from -r /builds/slave/test/build/tests/config/mozbase_requirements.txt (line 10))
17:00:06     INFO -  Processing /builds/slave/test/build/tests/mozbase/moznetwork
17:00:06     INFO -    Requirement already satisfied (use --upgrade to upgrade): moznetwork==0.27 from file:///builds/slave/test/build/tests/mozbase/moznetwork in /builds/slave/test/build/venv/lib/python2.7/site-packages (from -r /builds/slave/test/build/tests/config/mozbase_requirements.txt (line 11))
17:00:06     INFO -  Processing /builds/slave/test/build/tests/mozbase/mozprocess
17:00:06     INFO -    Requirement already satisfied (use --upgrade to upgrade): mozprocess==0.23 from file:///builds/slave/test/build/tests/mozbase/mozprocess in /builds/slave/test/build/venv/lib/python2.7/site-packages (from -r /builds/slave/test/build/tests/config/mozbase_requirements.txt (line 12))
17:00:06     INFO -  Processing /builds/slave/test/build/tests/mozbase/mozprofile
17:00:07     INFO -    Requirement already satisfied (use --upgrade to upgrade): mozprofile==0.28 from file:///builds/slave/test/build/tests/mozbase/mozprofile in /builds/slave/test/build/venv/lib/python2.7/site-packages (from -r /builds/slave/test/build/tests/config/mozbase_requirements.txt (line 13))
17:00:07     INFO -  Processing /builds/slave/test/build/tests/mozbase/mozrunner
17:00:07     INFO -    Requirement already satisfied (use --upgrade to upgrade): mozrunner==6.13 from file:///builds/slave/test/build/tests/mozbase/mozrunner in /builds/slave/test/build/venv/lib/python2.7/site-packages (from -r /builds/slave/test/build/tests/config/mozbase_requirements.txt (line 14))
17:00:07     INFO -  Processing /builds/slave/test/build/tests/mozbase/mozscreenshot
17:00:07     INFO -    Requirement already satisfied (use --upgrade to upgrade): mozscreenshot==0.1 from file:///builds/slave/test/build/tests/mozbase/mozscreenshot in /builds/slave/test/build/venv/lib/python2.7/site-packages (from -r /builds/slave/test/build/tests/config/mozbase_requirements.txt (line 15))
17:00:07     INFO -  Processing /builds/slave/test/build/tests/mozbase/moztest
17:00:07     INFO -    Requirement already satisfied (use --upgrade to upgrade): moztest==0.8 from file:///builds/slave/test/build/tests/mozbase/moztest in /builds/slave/test/build/venv/lib/python2.7/site-packages (from -r /builds/slave/test/build/tests/config/mozbase_requirements.txt (line 16))
17:00:07     INFO -  Processing /builds/slave/test/build/tests/mozbase/mozversion
17:00:08     INFO -    Requirement already satisfied (use --upgrade to upgrade): mozversion==1.4 from file:///builds/slave/test/build/tests/mozbase/mozversion in /builds/slave/test/build/venv/lib/python2.7/site-packages (from -r /builds/slave/test/build/tests/config/mozbase_requirements.txt (line 17))
17:00:08     INFO -  Processing /builds/slave/test/build/tests/tools/wptserve
17:00:08     INFO -    Requirement already satisfied (use --upgrade to upgrade): wptserve==1.4.0 from file:///builds/slave/test/build/tests/tools/wptserve in /builds/slave/test/build/venv/lib/python2.7/site-packages (from -r /builds/slave/test/build/tests/config/marionette_requirements.txt (line 3))
17:00:08     INFO -  Processing /builds/slave/test/build/tests/marionette/client
17:00:08     INFO -    Requirement already satisfied (use --upgrade to upgrade): marionette-driver==2.2.0 from file:///builds/slave/test/build/tests/marionette/client in /builds/slave/test/build/venv/lib/python2.7/site-packages (from -r /builds/slave/test/build/tests/config/marionette_requirements.txt (line 4))
17:00:08     INFO -  Processing /builds/slave/test/build/tests/marionette/harness/marionette_harness/runner/mixins/browsermob-proxy-py
17:00:08     INFO -    Requirement already satisfied (use --upgrade to upgrade): browsermob-proxy==0.6.0 from file:///builds/slave/test/build/tests/marionette/harness/marionette_harness/runner/mixins/browsermob-proxy-py in /builds/slave/test/build/venv/lib/python2.7/site-packages (from -r /builds/slave/test/build/tests/config/marionette_requirements.txt (line 5))
17:00:08     INFO -  Processing /builds/slave/test/build/tests/marionette/harness
17:00:09     INFO -    Requirement already satisfied (use --upgrade to upgrade): marionette-harness==4.0.0 from file:///builds/slave/test/build/tests/marionette/harness in /builds/slave/test/build/venv/lib/python2.7/site-packages (from -r /builds/slave/test/build/tests/config/marionette_requirements.txt (line 6))
17:00:09     INFO -  Processing /builds/slave/test/build/tests/marionette/puppeteer/firefox
17:00:09     INFO -    Requirement already satisfied (use --upgrade to upgrade): firefox-puppeteer==52.1.0 from file:///builds/slave/test/build/tests/marionette/puppeteer/firefox in /builds/slave/test/build/venv/lib/python2.7/site-packages (from -r /builds/slave/test/build/tests/config/marionette_requirements.txt (line 9))
17:00:09     INFO -  Requirement already satisfied (use --upgrade to upgrade): mozfile>=1.0 in /builds/slave/test/build/venv/lib/python2.7/site-packages (from mozcrash==1.0->-r /builds/slave/test/build/tests/config/mozbase_requirements.txt (line 2))
17:00:09     INFO -  Requirement already satisfied (use --upgrade to upgrade): mozlog>=3.0 in /builds/slave/test/build/venv/lib/python2.7/site-packages (from mozcrash==1.0->-r /builds/slave/test/build/tests/config/mozbase_requirements.txt (line 2))
17:00:09     INFO -  Requirement already satisfied (use --upgrade to upgrade): mozinfo in /builds/slave/test/build/venv/lib/python2.7/site-packages (from mozdebug==0.1->-r /builds/slave/test/build/tests/config/mozbase_requirements.txt (line 3))
17:00:09     INFO -  Requirement already satisfied (use --upgrade to upgrade): moznetwork>=0.24 in /builds/slave/test/build/venv/lib/python2.7/site-packages (from mozdevice==0.48->-r /builds/slave/test/build/tests/config/mozbase_requirements.txt (line 4))
17:00:09     INFO -  Requirement already satisfied (use --upgrade to upgrade): mozprocess>=0.19 in /builds/slave/test/build/venv/lib/python2.7/site-packages (from mozdevice==0.48->-r /builds/slave/test/build/tests/config/mozbase_requirements.txt (line 4))
17:00:09     INFO -  Requirement already satisfied (use --upgrade to upgrade): blessings>=1.3 in /builds/slave/test/build/venv/lib/python2.7/site-packages (from mozlog==3.4->-r /builds/slave/test/build/tests/config/mozbase_requirements.txt (line 10))
17:00:09     INFO -  Requirement already satisfied (use --upgrade to upgrade): requests>=1.1.0 in /builds/slave/test/build/venv/lib/python2.7/site-packages (from browsermob-proxy==0.6.0->-r /builds/slave/test/build/tests/config/marionette_requirements.txt (line 5))
17:00:09     INFO -  Building wheels for collected packages: browsermob-proxy
17:00:09     INFO -    Running setup.py bdist_wheel for browsermob-proxy: started
17:00:09     INFO -    Running setup.py bdist_wheel for browsermob-proxy: finished with status 'done'
17:00:09     INFO -    Stored in directory: /Users/cltbld/Library/Caches/pip/wheels/10/00/c1/79bb793b6a7eb4dca9dfd244010f550ae5044951bcd23c261e
17:00:09     INFO -  Successfully built browsermob-proxy
17:00:09     INFO - Return code: 0
17:00:09     INFO - Installing None into virtualenv /builds/slave/test/build/venv
17:00:10     INFO - retry: Calling run_command with args: [['/builds/slave/test/build/venv/bin/pip', 'install', '--no-deps', '--timeout', '120', '-r', '/builds/slave/test/build/tests/mochitest/websocketprocessbridge/websocketprocessbridge_requirements.txt', '--no-index', '--find-links', 'http://pypi.pvt.build.mozilla.org/pub', '--find-links', 'http://pypi.pub.build.mozilla.org/pub', '--trusted-host', 'pypi.pub.build.mozilla.org', '--trusted-host', 'pypi.pvt.build.mozilla.org']], kwargs: {'error_level': 'warning', 'error_list': [{'substr': 'not found or a compiler error:', 'level': 'warning'}, {'regex': <_sre.SRE_Pattern object at 0x1086bd170>, 'level': 'error'}, {'regex': <_sre.SRE_Pattern object at 0x10875f960>, 'level': 'warning'}, {'regex': <_sre.SRE_Pattern object at 0x7fe55343fc10>, 'level': 'debug'}, {'substr': 'command not found', 'level': 'error'}, {'regex': <_sre.SRE_Pattern object at 0x1086501d0>, 'level': 'warning'}, {'substr': 'Traceback (most recent call last)', 'level': 'error'}, {'substr': 'SyntaxError: ', 'level': 'error'}, {'substr': 'TypeError: ', 'level': 'error'}, {'substr': 'NameError: ', 'level': 'error'}, {'substr': 'ZeroDivisionError: ', 'level': 'error'}, {'regex': <_sre.SRE_Pattern object at 0x10862b108>, 'level': 'critical'}, {'regex': <_sre.SRE_Pattern object at 0x108645030>, 'level': 'critical'}], 'cwd': '/builds/slave/test/build/tests/mochitest/websocketprocessbridge', 'env': {'VERSIONER_PYTHON_PREFER_32_BIT': 'no', 'LOGNAME': 'cltbld', 'USER': 'cltbld', 'XPC_SERVICE_NAME': '0', 'PATH': '/usr/local/sbin:/usr/local/bin:/usr/sbin:/usr/bin:/sbin:/bin:/usr/bin/X11', 'HOME': '/Users/cltbld', 'NO_EM_RESTART': '1', 'IDLEIZER_DISABLE_SHUTDOWN': 'true', 'XPCOM_DEBUG_BREAK': 'warn', 'Apple_PubSub_Socket_Render': '/private/tmp/com.apple.launchd.B3k0T72GHQ/Render', 'MOZ_NODE_PATH': '/usr/local/bin/node', 'TWISTD_LOG_PATH': '/builds/slave/twistd.log', 'GIT_SHARE_BASE_DIR': '/builds/git-shared', 'VERSIONER_PYTHON_VERSION': '2.7', 'XPC_FLAGS': '0x0', 'NO_FAIL_ON_TEST_ERRORS': '1', 'HG_SHARE_BASE_DIR': '/builds/hg-shared', 'RUNNER_CONFIG_CMD': '/opt/runner/bin/python2.7 /opt/runner/bin/runner -c /opt/runner/runner.cfg', 'MOZ_NO_REMOTE': '1', 'MOZ_HIDE_RESULTS_TABLE': '1', 'SSH_AUTH_SOCK': '/private/tmp/com.apple.launchd.vd73pA5iOt/Listeners', 'SHELL': '/bin/bash', 'TMPDIR': '/var/folders/dw/ppzkjs4j7vl0jq205ykbqxc000000w/T/', '__CF_USER_TEXT_ENCODING': '0x1C:0:0', 'PWD': '/builds/slave/test', 'PROPERTIES_FILE': '/builds/slave/test/buildprops.json'}}, attempt #1
17:00:10     INFO - Running command: ['/builds/slave/test/build/venv/bin/pip', 'install', '--no-deps', '--timeout', '120', '-r', '/builds/slave/test/build/tests/mochitest/websocketprocessbridge/websocketprocessbridge_requirements.txt', '--no-index', '--find-links', 'http://pypi.pvt.build.mozilla.org/pub', '--find-links', 'http://pypi.pub.build.mozilla.org/pub', '--trusted-host', 'pypi.pub.build.mozilla.org', '--trusted-host', 'pypi.pvt.build.mozilla.org'] in /builds/slave/test/build/tests/mochitest/websocketprocessbridge
17:00:10     INFO - Copy/paste: /builds/slave/test/build/venv/bin/pip install --no-deps --timeout 120 -r /builds/slave/test/build/tests/mochitest/websocketprocessbridge/websocketprocessbridge_requirements.txt --no-index --find-links http://pypi.pvt.build.mozilla.org/pub --find-links http://pypi.pub.build.mozilla.org/pub --trusted-host pypi.pub.build.mozilla.org --trusted-host pypi.pvt.build.mozilla.org
17:00:10     INFO - Using env: {'Apple_PubSub_Socket_Render': '/private/tmp/com.apple.launchd.B3k0T72GHQ/Render',
17:00:10     INFO -  'GIT_SHARE_BASE_DIR': '/builds/git-shared',
17:00:10     INFO -  'HG_SHARE_BASE_DIR': '/builds/hg-shared',
17:00:10     INFO -  'HOME': '/Users/cltbld',
17:00:10     INFO -  'IDLEIZER_DISABLE_SHUTDOWN': 'true',
17:00:10     INFO -  'LOGNAME': 'cltbld',
17:00:10     INFO -  'MOZ_HIDE_RESULTS_TABLE': '1',
17:00:10     INFO -  'MOZ_NODE_PATH': '/usr/local/bin/node',
17:00:10     INFO -  'MOZ_NO_REMOTE': '1',
17:00:10     INFO -  'NO_EM_RESTART': '1',
17:00:10     INFO -  'NO_FAIL_ON_TEST_ERRORS': '1',
17:00:10     INFO -  'PATH': '/usr/local/sbin:/usr/local/bin:/usr/sbin:/usr/bin:/sbin:/bin:/usr/bin/X11',
17:00:10     INFO -  'PROPERTIES_FILE': '/builds/slave/test/buildprops.json',
17:00:10     INFO -  'PWD': '/builds/slave/test',
17:00:10     INFO -  'RUNNER_CONFIG_CMD': '/opt/runner/bin/python2.7 /opt/runner/bin/runner -c /opt/runner/runner.cfg',
17:00:10     INFO -  'SHELL': '/bin/bash',
17:00:10     INFO -  'SSH_AUTH_SOCK': '/private/tmp/com.apple.launchd.vd73pA5iOt/Listeners',
17:00:10     INFO -  'TMPDIR': '/var/folders/dw/ppzkjs4j7vl0jq205ykbqxc000000w/T/',
17:00:10     INFO -  'TWISTD_LOG_PATH': '/builds/slave/twistd.log',
17:00:10     INFO -  'USER': 'cltbld',
17:00:10     INFO -  'VERSIONER_PYTHON_PREFER_32_BIT': 'no',
17:00:10     INFO -  'VERSIONER_PYTHON_VERSION': '2.7',
17:00:10     INFO -  'XPCOM_DEBUG_BREAK': 'warn',
17:00:10     INFO -  'XPC_FLAGS': '0x0',
17:00:10     INFO -  'XPC_SERVICE_NAME': '0',
17:00:10     INFO -  '__CF_USER_TEXT_ENCODING': '0x1C:0:0'}
17:00:10     INFO -  Ignoring indexes: https://pypi.python.org/simple
17:00:10     INFO -  Requirement already satisfied (use --upgrade to upgrade): six==1.10.0 in /builds/slave/test/build/venv/lib/python2.7/site-packages (from -r /builds/slave/test/build/tests/mochitest/websocketprocessbridge/websocketprocessbridge_requirements.txt (line 2))
17:00:10     INFO -  Collecting twisted==10.2.0 (from -r /builds/slave/test/build/tests/mochitest/websocketprocessbridge/websocketprocessbridge_requirements.txt (line 4))
17:00:10     INFO -  /builds/slave/test/build/venv/lib/python2.7/site-packages/pip/_vendor/requests/packages/urllib3/util/ssl_.py:318: SNIMissingWarning: An HTTPS request has been made, but the SNI (Subject Name Indication) extension to TLS is not available on this platform. This may cause the server to present an incorrect TLS certificate, which can cause validation failures. You can upgrade to a newer version of Python to solve this. For more information, see https://urllib3.readthedocs.org/en/latest/security.html#snimissingwarning.
17:00:10     INFO -    SNIMissingWarning
17:00:10     INFO -  /builds/slave/test/build/venv/lib/python2.7/site-packages/pip/_vendor/requests/packages/urllib3/util/ssl_.py:122: InsecurePlatformWarning: A true SSLContext object is not available. This prevents urllib3 from configuring SSL appropriately and may cause certain SSL connections to fail. You can upgrade to a newer version of Python to solve this. For more information, see https://urllib3.readthedocs.org/en/latest/security.html#insecureplatformwarning.
17:00:10     INFO -    InsecurePlatformWarning
17:00:11     INFO -  /builds/slave/test/build/venv/lib/python2.7/site-packages/pip/_vendor/requests/packages/urllib3/util/ssl_.py:122: InsecurePlatformWarning: A true SSLContext object is not available. This prevents urllib3 from configuring SSL appropriately and may cause certain SSL connections to fail. You can upgrade to a newer version of Python to solve this. For more information, see https://urllib3.readthedocs.org/en/latest/security.html#insecureplatformwarning.
17:00:11     INFO -    InsecurePlatformWarning
17:00:14     INFO -  Collecting txws==0.9.1 (from -r /builds/slave/test/build/tests/mochitest/websocketprocessbridge/websocketprocessbridge_requirements.txt (line 7))
17:00:16     INFO -  Requirement already satisfied (use --upgrade to upgrade): psutil==3.1.1 in /builds/slave/test/build/venv/lib/python2.7/site-packages (from -r /builds/slave/test/build/tests/mochitest/websocketprocessbridge/websocketprocessbridge_requirements.txt (line 9))
17:00:16     INFO -  Collecting ipaddr==2.1.11 (from -r /builds/slave/test/build/tests/mochitest/websocketprocessbridge/websocketprocessbridge_requirements.txt (line 12))
17:00:19     INFO -  Collecting passlib==1.6.5 (from -r /builds/slave/test/build/tests/mochitest/websocketprocessbridge/websocketprocessbridge_requirements.txt (line 13))
17:00:22     INFO -    Downloading https://pypi.pvt.build.mozilla.org/pub/passlib-1.6.5-py2.py3-none-any.whl (317kB)
17:00:22     INFO -  Installing collected packages: twisted, txws, ipaddr, passlib
17:00:24     INFO -  Successfully installed ipaddr-2.1.11 passlib-1.6.5 twisted-10.2.0 txws-0.9.1
17:00:25     INFO - Return code: 0
17:00:25     INFO - Installing None into virtualenv /builds/slave/test/build/venv
17:00:25     INFO - retry: Calling run_command with args: [['/builds/slave/test/build/venv/bin/pip', 'install', '--timeout', '120', '-r', '/builds/slave/test/build/tests/mochitest/websocketprocessbridge/websocketprocessbridge_requirements.txt', '--no-index', '--find-links', 'http://pypi.pvt.build.mozilla.org/pub', '--find-links', 'http://pypi.pub.build.mozilla.org/pub', '--trusted-host', 'pypi.pub.build.mozilla.org', '--trusted-host', 'pypi.pvt.build.mozilla.org']], kwargs: {'error_level': 'warning', 'error_list': [{'substr': 'not found or a compiler error:', 'level': 'warning'}, {'regex': <_sre.SRE_Pattern object at 0x1086bd170>, 'level': 'error'}, {'regex': <_sre.SRE_Pattern object at 0x10875f960>, 'level': 'warning'}, {'regex': <_sre.SRE_Pattern object at 0x7fe55343fc10>, 'level': 'debug'}, {'substr': 'command not found', 'level': 'error'}, {'regex': <_sre.SRE_Pattern object at 0x1086501d0>, 'level': 'warning'}, {'substr': 'Traceback (most recent call last)', 'level': 'error'}, {'substr': 'SyntaxError: ', 'level': 'error'}, {'substr': 'TypeError: ', 'level': 'error'}, {'substr': 'NameError: ', 'level': 'error'}, {'substr': 'ZeroDivisionError: ', 'level': 'error'}, {'regex': <_sre.SRE_Pattern object at 0x10862b108>, 'level': 'critical'}, {'regex': <_sre.SRE_Pattern object at 0x108645030>, 'level': 'critical'}], 'cwd': '/builds/slave/test/build/tests/mochitest/websocketprocessbridge', 'env': {'VERSIONER_PYTHON_PREFER_32_BIT': 'no', 'LOGNAME': 'cltbld', 'USER': 'cltbld', 'XPC_SERVICE_NAME': '0', 'PATH': '/usr/local/sbin:/usr/local/bin:/usr/sbin:/usr/bin:/sbin:/bin:/usr/bin/X11', 'HOME': '/Users/cltbld', 'NO_EM_RESTART': '1', 'IDLEIZER_DISABLE_SHUTDOWN': 'true', 'XPCOM_DEBUG_BREAK': 'warn', 'Apple_PubSub_Socket_Render': '/private/tmp/com.apple.launchd.B3k0T72GHQ/Render', 'MOZ_NODE_PATH': '/usr/local/bin/node', 'TWISTD_LOG_PATH': '/builds/slave/twistd.log', 'GIT_SHARE_BASE_DIR': '/builds/git-shared', 'VERSIONER_PYTHON_VERSION': '2.7', 'XPC_FLAGS': '0x0', 'NO_FAIL_ON_TEST_ERRORS': '1', 'HG_SHARE_BASE_DIR': '/builds/hg-shared', 'RUNNER_CONFIG_CMD': '/opt/runner/bin/python2.7 /opt/runner/bin/runner -c /opt/runner/runner.cfg', 'MOZ_NO_REMOTE': '1', 'MOZ_HIDE_RESULTS_TABLE': '1', 'SSH_AUTH_SOCK': '/private/tmp/com.apple.launchd.vd73pA5iOt/Listeners', 'SHELL': '/bin/bash', 'TMPDIR': '/var/folders/dw/ppzkjs4j7vl0jq205ykbqxc000000w/T/', '__CF_USER_TEXT_ENCODING': '0x1C:0:0', 'PWD': '/builds/slave/test', 'PROPERTIES_FILE': '/builds/slave/test/buildprops.json'}}, attempt #1
17:00:25     INFO - Running command: ['/builds/slave/test/build/venv/bin/pip', 'install', '--timeout', '120', '-r', '/builds/slave/test/build/tests/mochitest/websocketprocessbridge/websocketprocessbridge_requirements.txt', '--no-index', '--find-links', 'http://pypi.pvt.build.mozilla.org/pub', '--find-links', 'http://pypi.pub.build.mozilla.org/pub', '--trusted-host', 'pypi.pub.build.mozilla.org', '--trusted-host', 'pypi.pvt.build.mozilla.org'] in /builds/slave/test/build/tests/mochitest/websocketprocessbridge
17:00:25     INFO - Copy/paste: /builds/slave/test/build/venv/bin/pip install --timeout 120 -r /builds/slave/test/build/tests/mochitest/websocketprocessbridge/websocketprocessbridge_requirements.txt --no-index --find-links http://pypi.pvt.build.mozilla.org/pub --find-links http://pypi.pub.build.mozilla.org/pub --trusted-host pypi.pub.build.mozilla.org --trusted-host pypi.pvt.build.mozilla.org
17:00:25     INFO - Using env: {'Apple_PubSub_Socket_Render': '/private/tmp/com.apple.launchd.B3k0T72GHQ/Render',
17:00:25     INFO -  'GIT_SHARE_BASE_DIR': '/builds/git-shared',
17:00:25     INFO -  'HG_SHARE_BASE_DIR': '/builds/hg-shared',
17:00:25     INFO -  'HOME': '/Users/cltbld',
17:00:25     INFO -  'IDLEIZER_DISABLE_SHUTDOWN': 'true',
17:00:25     INFO -  'LOGNAME': 'cltbld',
17:00:25     INFO -  'MOZ_HIDE_RESULTS_TABLE': '1',
17:00:25     INFO -  'MOZ_NODE_PATH': '/usr/local/bin/node',
17:00:25     INFO -  'MOZ_NO_REMOTE': '1',
17:00:25     INFO -  'NO_EM_RESTART': '1',
17:00:25     INFO -  'NO_FAIL_ON_TEST_ERRORS': '1',
17:00:25     INFO -  'PATH': '/usr/local/sbin:/usr/local/bin:/usr/sbin:/usr/bin:/sbin:/bin:/usr/bin/X11',
17:00:25     INFO -  'PROPERTIES_FILE': '/builds/slave/test/buildprops.json',
17:00:25     INFO -  'PWD': '/builds/slave/test',
17:00:25     INFO -  'RUNNER_CONFIG_CMD': '/opt/runner/bin/python2.7 /opt/runner/bin/runner -c /opt/runner/runner.cfg',
17:00:25     INFO -  'SHELL': '/bin/bash',
17:00:25     INFO -  'SSH_AUTH_SOCK': '/private/tmp/com.apple.launchd.vd73pA5iOt/Listeners',
17:00:25     INFO -  'TMPDIR': '/var/folders/dw/ppzkjs4j7vl0jq205ykbqxc000000w/T/',
17:00:25     INFO -  'TWISTD_LOG_PATH': '/builds/slave/twistd.log',
17:00:25     INFO -  'USER': 'cltbld',
17:00:25     INFO -  'VERSIONER_PYTHON_PREFER_32_BIT': 'no',
17:00:25     INFO -  'VERSIONER_PYTHON_VERSION': '2.7',
17:00:25     INFO -  'XPCOM_DEBUG_BREAK': 'warn',
17:00:25     INFO -  'XPC_FLAGS': '0x0',
17:00:25     INFO -  'XPC_SERVICE_NAME': '0',
17:00:25     INFO -  '__CF_USER_TEXT_ENCODING': '0x1C:0:0'}
17:00:25     INFO -  Ignoring indexes: https://pypi.python.org/simple
17:00:25     INFO -  Requirement already satisfied (use --upgrade to upgrade): six==1.10.0 in /builds/slave/test/build/venv/lib/python2.7/site-packages (from -r /builds/slave/test/build/tests/mochitest/websocketprocessbridge/websocketprocessbridge_requirements.txt (line 2))
17:00:25     INFO -  Requirement already satisfied (use --upgrade to upgrade): twisted==10.2.0 in /builds/slave/test/build/venv/lib/python2.7/site-packages (from -r /builds/slave/test/build/tests/mochitest/websocketprocessbridge/websocketprocessbridge_requirements.txt (line 4))
17:00:25     INFO -  Requirement already satisfied (use --upgrade to upgrade): txws==0.9.1 in /builds/slave/test/build/venv/lib/python2.7/site-packages (from -r /builds/slave/test/build/tests/mochitest/websocketprocessbridge/websocketprocessbridge_requirements.txt (line 7))
17:00:25     INFO -  Requirement already satisfied (use --upgrade to upgrade): psutil==3.1.1 in /builds/slave/test/build/venv/lib/python2.7/site-packages (from -r /builds/slave/test/build/tests/mochitest/websocketprocessbridge/websocketprocessbridge_requirements.txt (line 9))
17:00:25     INFO -  Requirement already satisfied (use --upgrade to upgrade): ipaddr==2.1.11 in /builds/slave/test/build/venv/lib/python2.7/site-packages (from -r /builds/slave/test/build/tests/mochitest/websocketprocessbridge/websocketprocessbridge_requirements.txt (line 12))
17:00:26     INFO -  Requirement already satisfied (use --upgrade to upgrade): passlib==1.6.5 in /builds/slave/test/build/venv/lib/python2.7/site-packages (from -r /builds/slave/test/build/tests/mochitest/websocketprocessbridge/websocketprocessbridge_requirements.txt (line 13))
17:00:26     INFO -  Collecting zope.interface (from twisted==10.2.0->-r /builds/slave/test/build/tests/mochitest/websocketprocessbridge/websocketprocessbridge_requirements.txt (line 4))
17:00:26     INFO -  /builds/slave/test/build/venv/lib/python2.7/site-packages/pip/_vendor/requests/packages/urllib3/util/ssl_.py:318: SNIMissingWarning: An HTTPS request has been made, but the SNI (Subject Name Indication) extension to TLS is not available on this platform. This may cause the server to present an incorrect TLS certificate, which can cause validation failures. You can upgrade to a newer version of Python to solve this. For more information, see https://urllib3.readthedocs.org/en/latest/security.html#snimissingwarning.
17:00:26     INFO -    SNIMissingWarning
17:00:26     INFO -  /builds/slave/test/build/venv/lib/python2.7/site-packages/pip/_vendor/requests/packages/urllib3/util/ssl_.py:122: InsecurePlatformWarning: A true SSLContext object is not available. This prevents urllib3 from configuring SSL appropriately and may cause certain SSL connections to fail. You can upgrade to a newer version of Python to solve this. For more information, see https://urllib3.readthedocs.org/en/latest/security.html#insecureplatformwarning.
17:00:26     INFO -    InsecurePlatformWarning
17:00:27     INFO -  /builds/slave/test/build/venv/lib/python2.7/site-packages/pip/_vendor/requests/packages/urllib3/util/ssl_.py:122: InsecurePlatformWarning: A true SSLContext object is not available. This prevents urllib3 from configuring SSL appropriately and may cause certain SSL connections to fail. You can upgrade to a newer version of Python to solve this. For more information, see https://urllib3.readthedocs.org/en/latest/security.html#insecureplatformwarning.
17:00:27     INFO -    InsecurePlatformWarning
17:00:29     INFO -  Requirement already satisfied (use --upgrade to upgrade): setuptools in /builds/slave/test/build/venv/lib/python2.7/site-packages (from zope.interface->twisted==10.2.0->-r /builds/slave/test/build/tests/mochitest/websocketprocessbridge/websocketprocessbridge_requirements.txt (line 4))
17:00:29     INFO -  Installing collected packages: zope.interface
17:00:29     INFO -  Successfully installed zope.interface-4.0.2
17:00:29     INFO - Return code: 0
17:00:29     INFO - Done creating virtualenv /builds/slave/test/build/venv.
17:00:29     INFO - Getting output from command: ['/builds/slave/test/build/venv/bin/pip', 'freeze']
17:00:29     INFO - Copy/paste: /builds/slave/test/build/venv/bin/pip freeze
17:00:29     INFO - Reading from file tmpfile_stdout
17:00:29     INFO - Reading from file tmpfile_stderr
17:00:29     INFO - Current package versions:
17:00:29     INFO -   Twisted == 10.2.0
17:00:29     INFO -   blessings == 1.6
17:00:29     INFO -   blobuploader == 1.2.4
17:00:29     INFO -   browsermob-proxy == 0.6.0
17:00:29     INFO -   docopt == 0.6.1
17:00:29     INFO -   firefox-puppeteer == 52.1.0
17:00:29     INFO -   functools32 == 3.2.3.post2
17:00:29     INFO -   ipaddr == 2.1.11
17:00:29     INFO -   jsonschema == 2.5.1
17:00:29     INFO -   manifestparser == 1.1
17:00:29     INFO -   marionette-driver == 2.2.0
17:00:29     INFO -   marionette-harness == 4.0.0
17:00:29     INFO -   mock == 1.0.1
17:00:29     INFO -   mozInstall == 1.12
17:00:29     INFO -   mozcrash == 1.0
17:00:29     INFO -   mozdebug == 0.1
17:00:29     INFO -   mozdevice == 0.48
17:00:29     INFO -   mozfile == 1.2
17:00:29     INFO -   mozhttpd == 0.7
17:00:29     INFO -   mozinfo == 0.9
17:00:29     INFO -   mozleak == 0.1
17:00:29     INFO -   mozlog == 3.4
17:00:29     INFO -   moznetwork == 0.27
17:00:29     INFO -   mozprocess == 0.23
17:00:29     INFO -   mozprofile == 0.28
17:00:29     INFO -   mozrunner == 6.13
17:00:29     INFO -   mozscreenshot == 0.1
17:00:29     INFO -   mozsystemmonitor == 0.3
17:00:29     INFO -   moztest == 0.8
17:00:29     INFO -   mozversion == 1.4
17:00:29     INFO -   passlib == 1.6.5
17:00:29     INFO -   psutil == 3.1.1
17:00:29     INFO -   requests == 1.2.3
17:00:29     INFO -   simplejson == 3.3.0
17:00:29     INFO -   six == 1.10.0
17:00:29     INFO -   txWS == 0.9.1
17:00:29     INFO -   vcversioner == 2.16.0.0
17:00:29     INFO -   wptserve == 1.4.0
17:00:29     INFO -   zope.interface == 4.0.2
17:00:29     INFO - Running post-action listener: _resource_record_post_action
17:00:29     INFO - Running post-action listener: _start_resource_monitoring
17:00:29     INFO - Starting resource monitoring.
17:00:29     INFO - [mozharness: 2018-06-09 00:00:29.862483Z] Finished create-virtualenv step (success)
17:00:29     INFO - [mozharness: 2018-06-09 00:00:29.863447Z] Running install step.
17:00:29     INFO - Running pre-action listener: _resource_record_pre_action
17:00:29     INFO - Running main action method: install
17:00:29     INFO - Getting output from command: ['/builds/slave/test/build/venv/bin/pip', 'freeze']
17:00:29     INFO - Copy/paste: /builds/slave/test/build/venv/bin/pip freeze
17:00:30     INFO - Reading from file tmpfile_stdout
17:00:30     INFO - Reading from file tmpfile_stderr
17:00:30     INFO - Detecting whether we're running mozinstall >=1.0...
17:00:30     INFO - Getting output from command: ['/builds/slave/test/build/venv/bin/mozinstall', '-h']
17:00:30     INFO - Copy/paste: /builds/slave/test/build/venv/bin/mozinstall -h
17:00:30     INFO - Reading from file tmpfile_stdout
17:00:30     INFO - Output received:
17:00:30     INFO -  Usage: mozinstall [options] installer
17:00:30     INFO -  Options:
17:00:30     INFO -    -h, --help            show this help message and exit
17:00:30     INFO -    -d DEST, --destination=DEST
17:00:30     INFO -                          Directory to install application into. [default:
17:00:30     INFO -                          "/builds/slave/test"]
17:00:30     INFO -    --app=APP             Application being installed. [default: firefox]
17:00:30     INFO - mkdir: /builds/slave/test/build/application
17:00:30     INFO - Getting output from command: ['/builds/slave/test/build/venv/bin/mozinstall', '/builds/slave/test/installer.dmg', '--destination', '/builds/slave/test/build/application']
17:00:30     INFO - Copy/paste: /builds/slave/test/build/venv/bin/mozinstall /builds/slave/test/installer.dmg --destination /builds/slave/test/build/application
17:00:51     INFO - Reading from file tmpfile_stdout
17:00:51     INFO - Output received:
17:00:51     INFO -  /builds/slave/test/build/application/Firefox.app/Contents/MacOS/firefox
17:00:51     INFO - Running post-action listener: _resource_record_post_action
17:00:51     INFO - [mozharness: 2018-06-09 00:00:51.967291Z] Finished install step (success)
17:00:51     INFO - [mozharness: 2018-06-09 00:00:51.967403Z] Running stage-files step.
17:00:51     INFO - Running pre-action listener: _resource_record_pre_action
17:00:51     INFO - Running main action method: stage_files
17:00:51     INFO - Running post-action listener: _resource_record_post_action
17:00:51     INFO - [mozharness: 2018-06-09 00:00:51.967997Z] Finished stage-files step (success)
17:00:51     INFO - [mozharness: 2018-06-09 00:00:51.968111Z] Running run-tests step.
17:00:51     INFO - Running pre-action listener: _resource_record_pre_action
17:00:51     INFO - Running pre-action listener: _set_gcov_prefix
17:00:51     INFO - Running main action method: run_tests
17:00:51     INFO - #### Running mochitest suites
17:00:51     INFO - Structured output parser in use for mochitest.
17:00:51     INFO - grabbing minidump binary from tooltool
17:00:51     INFO - retry: Calling run_command with args: (['/tools/tooltool.py', '--url', 'https://api.pub.build.mozilla.org/tooltool/', '--authentication-file', '/builds/relengapi.tok', 'fetch', '-m', '/builds/slave/test/build/tests/config/tooltool-manifests/macosx64/releng.manifest', '-o', '-c', '/builds/tooltool_cache'],), kwargs: {'output_timeout': 600, 'error_list': [{'substr': 'command not found', 'level': 'error'}, {'regex': <_sre.SRE_Pattern object at 0x1086501d0>, 'level': 'warning'}, {'substr': 'Traceback (most recent call last)', 'level': 'error'}, {'substr': 'SyntaxError: ', 'level': 'error'}, {'substr': 'TypeError: ', 'level': 'error'}, {'substr': 'NameError: ', 'level': 'error'}, {'substr': 'ZeroDivisionError: ', 'level': 'error'}, {'regex': <_sre.SRE_Pattern object at 0x10862b108>, 'level': 'critical'}, {'regex': <_sre.SRE_Pattern object at 0x108645030>, 'level': 'critical'}, {'substr': 'ERROR - ', 'level': 'error'}], 'cwd': '/builds/slave/test/build', 'privileged': False}, attempt #1
17:00:51     INFO - Running command: ['/tools/tooltool.py', '--url', 'https://api.pub.build.mozilla.org/tooltool/', '--authentication-file', '/builds/relengapi.tok', 'fetch', '-m', '/builds/slave/test/build/tests/config/tooltool-manifests/macosx64/releng.manifest', '-o', '-c', '/builds/tooltool_cache'] in /builds/slave/test/build
17:00:51     INFO - Copy/paste: /tools/tooltool.py --url https://api.pub.build.mozilla.org/tooltool/ --authentication-file /builds/relengapi.tok fetch -m /builds/slave/test/build/tests/config/tooltool-manifests/macosx64/releng.manifest -o -c /builds/tooltool_cache
17:00:51     INFO - Calling ['/tools/tooltool.py', '--url', 'https://api.pub.build.mozilla.org/tooltool/', '--authentication-file', '/builds/relengapi.tok', 'fetch', '-m', '/builds/slave/test/build/tests/config/tooltool-manifests/macosx64/releng.manifest', '-o', '-c', '/builds/tooltool_cache'] with output_timeout 600
17:00:52     INFO -  INFO - File macosx64-minidump_stackwalk retrieved from local cache /builds/tooltool_cache
17:00:52     INFO - Return code: 0
17:00:52     INFO - Chmoding /builds/slave/test/build/macosx64-minidump_stackwalk to 0755
17:00:52     INFO - grabbing nodejs binary from tooltool
17:00:52     INFO - retry: Calling run_command with args: (['/tools/tooltool.py', '--url', 'https://api.pub.build.mozilla.org/tooltool/', '--authentication-file', '/builds/relengapi.tok', 'fetch', '-m', '/builds/slave/test/build/tests/config/tooltool-manifests/macosx64/nodejs.manifest', '-o', '-c', '/builds/tooltool_cache'],), kwargs: {'output_timeout': 600, 'error_list': [{'substr': 'command not found', 'level': 'error'}, {'regex': <_sre.SRE_Pattern object at 0x1086501d0>, 'level': 'warning'}, {'substr': 'Traceback (most recent call last)', 'level': 'error'}, {'substr': 'SyntaxError: ', 'level': 'error'}, {'substr': 'TypeError: ', 'level': 'error'}, {'substr': 'NameError: ', 'level': 'error'}, {'substr': 'ZeroDivisionError: ', 'level': 'error'}, {'regex': <_sre.SRE_Pattern object at 0x10862b108>, 'level': 'critical'}, {'regex': <_sre.SRE_Pattern object at 0x108645030>, 'level': 'critical'}, {'substr': 'ERROR - ', 'level': 'error'}], 'cwd': '/builds/slave/test/build', 'privileged': False}, attempt #1
17:00:52     INFO - Running command: ['/tools/tooltool.py', '--url', 'https://api.pub.build.mozilla.org/tooltool/', '--authentication-file', '/builds/relengapi.tok', 'fetch', '-m', '/builds/slave/test/build/tests/config/tooltool-manifests/macosx64/nodejs.manifest', '-o', '-c', '/builds/tooltool_cache'] in /builds/slave/test/build
17:00:52     INFO - Copy/paste: /tools/tooltool.py --url https://api.pub.build.mozilla.org/tooltool/ --authentication-file /builds/relengapi.tok fetch -m /builds/slave/test/build/tests/config/tooltool-manifests/macosx64/nodejs.manifest -o -c /builds/tooltool_cache
17:00:52     INFO - Calling ['/tools/tooltool.py', '--url', 'https://api.pub.build.mozilla.org/tooltool/', '--authentication-file', '/builds/relengapi.tok', 'fetch', '-m', '/builds/slave/test/build/tests/config/tooltool-manifests/macosx64/nodejs.manifest', '-o', '-c', '/builds/tooltool_cache'] with output_timeout 600
17:00:52     INFO -  INFO - File node-osx.tar.gz retrieved from local cache /builds/tooltool_cache
17:00:52     INFO -  INFO - untarring "node-osx.tar.gz"
17:00:53     INFO - Return code: 0
17:00:53     INFO - Chmoding /builds/slave/test/build/node-osx/bin/node to 0755
17:00:53     INFO - mkdir: /builds/slave/test/build/blobber_upload_dir
17:00:53     INFO - ENV: MOZ_UPLOAD_DIR is now /builds/slave/test/build/blobber_upload_dir
17:00:53     INFO - ENV: MINIDUMP_STACKWALK is now /builds/slave/test/build/macosx64-minidump_stackwalk
17:00:53     INFO - ENV: MOZ_NODE_PATH is now /builds/slave/test/build/node-osx/bin/node
17:00:53     INFO - ENV: MINIDUMP_SAVE_PATH is now /builds/slave/test/build/blobber_upload_dir
17:00:53     INFO - Running command: ['/builds/slave/test/build/venv/bin/python', '-u', '/builds/slave/test/build/tests/mochitest/runtests.py', '--disable-e10s', '--appname=/builds/slave/test/build/application/Firefox.app/Contents/MacOS/firefox', '--utility-path=tests/bin', '--extra-profile-file=tests/bin/plugins', '--symbols-path=https://queue.taskcluster.net/v1/task/HHn8t6C8SBmHWYIFt5uc2A/artifacts/public/build/firefox-52.8.2.en-US.mac.crashreporter-symbols.zip', '--certificate-path=tests/certs', '--quiet', '--log-raw=/builds/slave/test/build/blobber_upload_dir/a11y_raw.log', '--log-errorsummary=/builds/slave/test/build/blobber_upload_dir/a11y_errorsummary.log', '--screenshot-on-fail', '--cleanup-crashes', '--log-raw=-', '--flavor=a11y'] in /builds/slave/test/build
17:00:53     INFO - Copy/paste: /builds/slave/test/build/venv/bin/python -u /builds/slave/test/build/tests/mochitest/runtests.py --disable-e10s --appname=/builds/slave/test/build/application/Firefox.app/Contents/MacOS/firefox --utility-path=tests/bin --extra-profile-file=tests/bin/plugins --symbols-path=https://queue.taskcluster.net/v1/task/HHn8t6C8SBmHWYIFt5uc2A/artifacts/public/build/firefox-52.8.2.en-US.mac.crashreporter-symbols.zip --certificate-path=tests/certs --quiet --log-raw=/builds/slave/test/build/blobber_upload_dir/a11y_raw.log --log-errorsummary=/builds/slave/test/build/blobber_upload_dir/a11y_errorsummary.log --screenshot-on-fail --cleanup-crashes --log-raw=- --flavor=a11y
17:00:53     INFO - Using env: {'Apple_PubSub_Socket_Render': '/private/tmp/com.apple.launchd.B3k0T72GHQ/Render',
17:00:53     INFO -  'GIT_SHARE_BASE_DIR': '/builds/git-shared',
17:00:53     INFO -  'HG_SHARE_BASE_DIR': '/builds/hg-shared',
17:00:53     INFO -  'HOME': '/Users/cltbld',
17:00:53     INFO -  'IDLEIZER_DISABLE_SHUTDOWN': 'true',
17:00:53     INFO -  'LOGNAME': 'cltbld',
17:00:53     INFO -  'MINIDUMP_SAVE_PATH': '/builds/slave/test/build/blobber_upload_dir',
17:00:53     INFO -  'MINIDUMP_STACKWALK': '/builds/slave/test/build/macosx64-minidump_stackwalk',
17:00:53     INFO -  'MOZ_HIDE_RESULTS_TABLE': '1',
17:00:53     INFO -  'MOZ_NODE_PATH': '/builds/slave/test/build/node-osx/bin/node',
17:00:53     INFO -  'MOZ_NO_REMOTE': '1',
17:00:53     INFO -  'MOZ_UPLOAD_DIR': '/builds/slave/test/build/blobber_upload_dir',
17:00:53     INFO -  'NO_EM_RESTART': '1',
17:00:53     INFO -  'NO_FAIL_ON_TEST_ERRORS': '1',
17:00:53     INFO -  'PATH': '/builds/slave/test/build/venv/bin:/usr/local/sbin:/usr/local/bin:/usr/sbin:/usr/bin:/sbin:/bin:/usr/bin/X11',
17:00:53     INFO -  'PROPERTIES_FILE': '/builds/slave/test/buildprops.json',
17:00:53     INFO -  'PWD': '/builds/slave/test',
17:00:53     INFO -  'RUNNER_CONFIG_CMD': '/opt/runner/bin/python2.7 /opt/runner/bin/runner -c /opt/runner/runner.cfg',
17:00:53     INFO -  'SHELL': '/bin/bash',
17:00:53     INFO -  'SSH_AUTH_SOCK': '/private/tmp/com.apple.launchd.vd73pA5iOt/Listeners',
17:00:53     INFO -  'TMPDIR': '/var/folders/dw/ppzkjs4j7vl0jq205ykbqxc000000w/T/',
17:00:53     INFO -  'TWISTD_LOG_PATH': '/builds/slave/twistd.log',
17:00:53     INFO -  'USER': 'cltbld',
17:00:53     INFO -  'VERSIONER_PYTHON_PREFER_32_BIT': 'no',
17:00:53     INFO -  'VERSIONER_PYTHON_VERSION': '2.7',
17:00:53     INFO -  'XPCOM_DEBUG_BREAK': 'warn',
17:00:53     INFO -  'XPC_FLAGS': '0x0',
17:00:53     INFO -  'XPC_SERVICE_NAME': '0',
17:00:53     INFO -  '__CF_USER_TEXT_ENCODING': '0x1C:0:0'}
17:00:53     INFO - Calling ['/builds/slave/test/build/venv/bin/python', '-u', '/builds/slave/test/build/tests/mochitest/runtests.py', '--disable-e10s', '--appname=/builds/slave/test/build/application/Firefox.app/Contents/MacOS/firefox', '--utility-path=tests/bin', '--extra-profile-file=tests/bin/plugins', '--symbols-path=https://queue.taskcluster.net/v1/task/HHn8t6C8SBmHWYIFt5uc2A/artifacts/public/build/firefox-52.8.2.en-US.mac.crashreporter-symbols.zip', '--certificate-path=tests/certs', '--quiet', '--log-raw=/builds/slave/test/build/blobber_upload_dir/a11y_raw.log', '--log-errorsummary=/builds/slave/test/build/blobber_upload_dir/a11y_errorsummary.log', '--screenshot-on-fail', '--cleanup-crashes', '--log-raw=-', '--flavor=a11y'] with output_timeout 1000
17:00:54     INFO - Checking for orphan ssltunnel processes...
17:00:54     INFO - Checking for orphan xpcshell processes...
17:00:54     INFO - mozcrash Removed pending crash reports at '/Users/cltbld/Library/Application Support/firefox/Crash Reports'
17:00:54     INFO - SUITE-START | Running 299 tests
17:00:54     INFO - TEST-START | accessible/tests/mochitest/events/test_selection.html
17:00:54     INFO - TEST-SKIP | accessible/tests/mochitest/events/test_selection.html | took 0ms
17:00:54     INFO - TEST-START | accessible/tests/mochitest/events/test_selection.xul
17:00:54     INFO - TEST-SKIP | accessible/tests/mochitest/events/test_selection.xul | took 0ms
17:00:54     INFO - TEST-START | accessible/tests/mochitest/events/test_valuechange.html
17:00:54     INFO - TEST-SKIP | accessible/tests/mochitest/events/test_valuechange.html | took 0ms
17:00:54     INFO - TEST-START | accessible/tests/mochitest/tree/test_applicationacc.xul
17:00:54     INFO - TEST-SKIP | accessible/tests/mochitest/tree/test_applicationacc.xul | took 1ms
17:00:54     INFO -  mozprofile.addons WARNING | Could not install /builds/slave/test/build/tests/mochitest/extensions/mozscreenshots: [Errno 2] No such file or directory: '/builds/slave/test/build/tests/mochitest/extensions/mozscreenshots/install.rdf'
17:00:54     INFO -  pk12util: PKCS12 IMPORT SUCCESSFUL
17:00:54     INFO - MochitestServer : launching [u'/builds/slave/test/build/tests/bin/xpcshell', '-g', '/builds/slave/test/build/application/Firefox.app/Contents/Resources', '-v', '170', '-f', '/builds/slave/test/build/tests/bin/components/httpd.js', '-e', "const _PROFILE_PATH = '/var/folders/dw/ppzkjs4j7vl0jq205ykbqxc000000w/T/tmpTBVYj4.mozrunner'; const _SERVER_PORT = '8888'; const _SERVER_ADDR = '127.0.0.1'; const _TEST_PREFIX = undefined; const _DISPLAY_RESULTS = false;", '-f', '/builds/slave/test/build/tests/mochitest/server.js']
17:00:54     INFO - runtests.py | Server pid: 1224
17:00:54     INFO - runtests.py | Websocket server pid: 1225
17:00:54     INFO - runtests.py | SSL tunnel pid: 1226
17:00:54     INFO - runtests.py | Running with e10s: False
17:00:54     INFO - runtests.py | Running tests: start.
17:00:54     INFO - 
17:00:54     INFO - Application command: /builds/slave/test/build/application/Firefox.app/Contents/MacOS/firefox -marionette -foreground -profile /var/folders/dw/ppzkjs4j7vl0jq205ykbqxc000000w/T/tmpTBVYj4.mozrunner
17:00:54     INFO - runtests.py | Application pid: 1227
17:00:54     INFO - TEST-INFO | started process Main app process
17:00:56     INFO - 1528502456104	Marionette	INFO	Listening on port 2828
17:00:58     INFO - SimpleTest START
17:00:58     INFO - TEST-START | chrome://mochitests/content/a11y/accessible/tests/mochitest/actions/test_anchors.html
17:00:59     INFO - MEMORY STAT vsizeMaxContiguous not supported in this build configuration.
17:00:59     INFO - MEMORY STAT | vsize 4017MB | residentFast 266MB | heapAllocated 138MB
17:00:59     INFO - TEST-OK | chrome://mochitests/content/a11y/accessible/tests/mochitest/actions/test_anchors.html | took 1430ms
17:00:59     INFO - TEST-START | chrome://mochitests/content/a11y/accessible/tests/mochitest/actions/test_aria.html
17:01:00     INFO - MEMORY STAT | vsize 4025MB | residentFast 273MB | heapAllocated 141MB
17:01:00     INFO - TEST-OK | chrome://mochitests/content/a11y/accessible/tests/mochitest/actions/test_aria.html | took 432ms
17:01:00     INFO - TEST-START | chrome://mochitests/content/a11y/accessible/tests/mochitest/actions/test_controls.html
17:01:00     INFO - MEMORY STAT | vsize 4027MB | residentFast 277MB | heapAllocated 143MB
17:01:00     INFO - TEST-OK | chrome://mochitests/content/a11y/accessible/tests/mochitest/actions/test_controls.html | took 446ms
17:01:00     INFO - TEST-START | chrome://mochitests/content/a11y/accessible/tests/mochitest/actions/test_general.html
17:01:00     INFO - MEMORY STAT | vsize 4028MB | residentFast 279MB | heapAllocated 145MB
17:01:00     INFO - TEST-OK | chrome://mochitests/content/a11y/accessible/tests/mochitest/actions/test_general.html | took 402ms
17:01:01     INFO - TEST-START | chrome://mochitests/content/a11y/accessible/tests/mochitest/actions/test_general.xul
17:01:01     INFO - MEMORY STAT | vsize 4033MB | residentFast 284MB | heapAllocated 146MB
17:01:01     INFO - TEST-OK | chrome://mochitests/content/a11y/accessible/tests/mochitest/actions/test_general.xul | took 640ms
17:01:01     INFO - TEST-START | chrome://mochitests/content/a11y/accessible/tests/mochitest/actions/test_keys.html
17:01:01     INFO - MEMORY STAT | vsize 4034MB | residentFast 284MB | heapAllocated 146MB
17:01:01     INFO - TEST-OK | chrome://mochitests/content/a11y/accessible/tests/mochitest/actions/test_keys.html | took 66ms
17:01:01     INFO - TEST-START | chrome://mochitests/content/a11y/accessible/tests/mochitest/actions/test_keys_menu.xul
17:01:02     INFO - MEMORY STAT | vsize 4037MB | residentFast 286MB | heapAllocated 114MB
17:01:02     INFO - TEST-OK | chrome://mochitests/content/a11y/accessible/tests/mochitest/actions/test_keys_menu.xul | took 412ms
17:01:02     INFO - TEST-START | chrome://mochitests/content/a11y/accessible/tests/mochitest/actions/test_link.html
17:01:02     INFO - MEMORY STAT | vsize 4034MB | residentFast 281MB | heapAllocated 109MB
17:01:02     INFO - TEST-OK | chrome://mochitests/content/a11y/accessible/tests/mochitest/actions/test_link.html | took 736ms
17:01:02     INFO - TEST-START | chrome://mochitests/content/a11y/accessible/tests/mochitest/actions/test_media.html
17:01:03     INFO - MEMORY STAT | vsize 4038MB | residentFast 283MB | heapAllocated 106MB
17:01:03     INFO - TEST-OK | chrome://mochitests/content/a11y/accessible/tests/mochitest/actions/test_media.html | took 458ms
17:01:03     INFO - TEST-START | chrome://mochitests/content/a11y/accessible/tests/mochitest/actions/test_select.html
17:01:03     INFO - MEMORY STAT | vsize 4235MB | residentFast 284MB | heapAllocated 109MB
17:01:03     INFO - TEST-OK | chrome://mochitests/content/a11y/accessible/tests/mochitest/actions/test_select.html | took 480ms
17:01:04     INFO - TEST-START | chrome://mochitests/content/a11y/accessible/tests/mochitest/actions/test_tree.xul
17:01:04     INFO - MEMORY STAT | vsize 4235MB | residentFast 285MB | heapAllocated 110MB
17:01:04     INFO - TEST-OK | chrome://mochitests/content/a11y/accessible/tests/mochitest/actions/test_tree.xul | took 746ms
17:01:04     INFO - TEST-START | chrome://mochitests/content/a11y/accessible/tests/mochitest/actions/test_treegrid.xul
17:01:05     INFO - MEMORY STAT | vsize 4235MB | residentFast 285MB | heapAllocated 112MB
17:01:05     INFO - TEST-OK | chrome://mochitests/content/a11y/accessible/tests/mochitest/actions/test_treegrid.xul | took 452ms
17:01:05     INFO - TEST-START | chrome://mochitests/content/a11y/accessible/tests/mochitest/aom/test_general.html
17:01:05     INFO - MEMORY STAT | vsize 4235MB | residentFast 286MB | heapAllocated 113MB
17:01:05     INFO - TEST-OK | chrome://mochitests/content/a11y/accessible/tests/mochitest/aom/test_general.html | took 58ms
17:01:05     INFO - TEST-START | chrome://mochitests/content/a11y/accessible/tests/mochitest/attributes/test_obj.html
17:01:05     INFO - MEMORY STAT | vsize 4236MB | residentFast 287MB | heapAllocated 112MB
17:01:05     INFO - TEST-OK | chrome://mochitests/content/a11y/accessible/tests/mochitest/attributes/test_obj.html | took 114ms
17:01:05     INFO - TEST-START | chrome://mochitests/content/a11y/accessible/tests/mochitest/attributes/test_obj_css.html
17:01:05     INFO - MEMORY STAT | vsize 4236MB | residentFast 288MB | heapAllocated 115MB
17:01:05     INFO - TEST-OK | chrome://mochitests/content/a11y/accessible/tests/mochitest/attributes/test_obj_css.html | took 444ms
17:01:05     INFO - TEST-START | chrome://mochitests/content/a11y/accessible/tests/mochitest/attributes/test_obj_css.xul
17:01:06     INFO - MEMORY STAT | vsize 4237MB | residentFast 289MB | heapAllocated 117MB
17:01:06     INFO - TEST-OK | chrome://mochitests/content/a11y/accessible/tests/mochitest/attributes/test_obj_css.xul | took 64ms
17:01:06     INFO - TEST-START | chrome://mochitests/content/a11y/accessible/tests/mochitest/attributes/test_obj_group.html
17:01:06     INFO - MEMORY STAT | vsize 4225MB | residentFast 290MB | heapAllocated 120MB
17:01:06     INFO - TEST-OK | chrome://mochitests/content/a11y/accessible/tests/mochitest/attributes/test_obj_group.html | took 148ms
17:01:06     INFO - TEST-START | chrome://mochitests/content/a11y/accessible/tests/mochitest/attributes/test_obj_group.xul
17:01:06     INFO - MEMORY STAT | vsize 4225MB | residentFast 292MB | heapAllocated 122MB
17:01:06     INFO - TEST-OK | chrome://mochitests/content/a11y/accessible/tests/mochitest/attributes/test_obj_group.xul | took 442ms
17:01:06     INFO - TEST-START | chrome://mochitests/content/a11y/accessible/tests/mochitest/attributes/test_obj_group_tree.xul
17:01:07     INFO - MEMORY STAT | vsize 4226MB | residentFast 292MB | heapAllocated 123MB
17:01:07     INFO - TEST-OK | chrome://mochitests/content/a11y/accessible/tests/mochitest/attributes/test_obj_group_tree.xul | took 392ms
17:01:07     INFO - TEST-START | chrome://mochitests/content/a11y/accessible/tests/mochitest/attributes/test_tag.html
17:01:07     INFO - MEMORY STAT | vsize 4226MB | residentFast 294MB | heapAllocated 123MB
17:01:07     INFO - TEST-OK | chrome://mochitests/content/a11y/accessible/tests/mochitest/attributes/test_tag.html | took 66ms
17:01:07     INFO - TEST-START | chrome://mochitests/content/a11y/accessible/tests/mochitest/attributes/test_xml-roles.html
17:01:07     INFO - MEMORY STAT | vsize 4955MB | residentFast 305MB | heapAllocated 132MB
17:01:07     INFO - TEST-OK | chrome://mochitests/content/a11y/accessible/tests/mochitest/attributes/test_xml-roles.html | took 684ms
17:01:07     INFO - TEST-START | chrome://mochitests/content/a11y/accessible/tests/mochitest/bounds/test_list.html
17:01:07     INFO - MEMORY STAT | vsize 4955MB | residentFast 306MB | heapAllocated 128MB
17:01:07     INFO - TEST-OK | chrome://mochitests/content/a11y/accessible/tests/mochitest/bounds/test_list.html | took 60ms
17:01:07     INFO - TEST-START | chrome://mochitests/content/a11y/accessible/tests/mochitest/bounds/test_select.html
17:01:08     INFO - MEMORY STAT | vsize 4956MB | residentFast 307MB | heapAllocated 129MB
17:01:08     INFO - TEST-OK | chrome://mochitests/content/a11y/accessible/tests/mochitest/bounds/test_select.html | took 382ms
17:01:08     INFO - TEST-START | chrome://mochitests/content/a11y/accessible/tests/mochitest/bounds/test_zoom.html
17:01:08     INFO - WARNING: content window passed to PrivateBrowsingUtils.isWindowPrivate. Use isContentWindowPrivate instead (but only for frame scripts).
17:01:08     INFO - pbu_isWindowPrivate@resource://gre/modules/PrivateBrowsingUtils.jsm:25:14
17:01:08     INFO - adoptFromWindow@chrome://browser/content/browser-sidebar.js:76:57
17:01:08     INFO - init@chrome://browser/content/browser-sidebar.js:35:10
17:01:08     INFO - gBrowserInit.onLoad@chrome://browser/content/browser.js:1020:5
17:01:08     INFO - onload@chrome://browser/content/browser.xul:1:1
17:01:08     INFO - MEMORY STAT | vsize 4967MB | residentFast 312MB | heapAllocated 140MB
17:01:09     INFO - TEST-OK | chrome://mochitests/content/a11y/accessible/tests/mochitest/bounds/test_zoom.html | took 620ms
17:01:09     INFO - TEST-START | chrome://mochitests/content/a11y/accessible/tests/mochitest/bounds/test_zoom_text.html
17:01:09     INFO - WARNING: content window passed to PrivateBrowsingUtils.isWindowPrivate. Use isContentWindowPrivate instead (but only for frame scripts).
17:01:09     INFO - pbu_isWindowPrivate@resource://gre/modules/PrivateBrowsingUtils.jsm:25:14
17:01:09     INFO - adoptFromWindow@chrome://browser/content/browser-sidebar.js:76:57
17:01:09     INFO - init@chrome://browser/content/browser-sidebar.js:35:10
17:01:09     INFO - gBrowserInit.onLoad@chrome://browser/content/browser.js:1020:5
17:01:09     INFO - onload@chrome://browser/content/browser.xul:1:1
17:01:09     INFO - MEMORY STAT | vsize 4983MB | residentFast 324MB | heapAllocated 152MB
17:01:09     INFO - TEST-OK | chrome://mochitests/content/a11y/accessible/tests/mochitest/bounds/test_zoom_text.html | took 546ms
17:01:09     INFO - TEST-START | chrome://mochitests/content/a11y/accessible/tests/mochitest/editabletext/test_1.html
17:01:10     INFO - setTextContents 'hello'
17:01:10     INFO - setTextContents 'olleh'
17:01:10     INFO - setTextContents ''
17:01:10     INFO - insertText 'hello' at 0 pos
17:01:10     INFO - insertText 'ma ' at 0 pos
17:01:10     INFO - insertText 'ma' at 2 pos
17:01:10     INFO - insertText ' hello' at 10 pos
17:01:10     INFO - setTextContents 'hello'
17:01:10     INFO - setTextContents 'olleh'
17:01:10     INFO - setTextContents ''
17:01:10     INFO - insertText 'hello' at 0 pos
17:01:10     INFO - insertText 'ma ' at 0 pos
17:01:10     INFO - insertText 'ma' at 2 pos
17:01:10     INFO - insertText ' hello' at 10 pos
17:01:10     INFO - setTextContents 'hello'
17:01:10     INFO - setTextContents 'olleh'
17:01:10     INFO - setTextContents ''
17:01:10     INFO - insertText 'hello' at 14 pos
17:01:10     INFO - insertText 'ma ' at 14 pos
17:01:10     INFO - insertText 'ma' at 16 pos
17:01:10     INFO - insertText ' hello' at 24 pos
17:01:11     INFO - setTextContents 'hello'
17:01:11     INFO - setTextContents 'olleh'
17:01:11     INFO - setTextContents ''
17:01:11     INFO - insertText 'hello' at 0 pos
17:01:11     INFO - insertText 'ma ' at 0 pos
17:01:11     INFO - insertText 'ma' at 2 pos
17:01:11     INFO - insertText ' hello' at 10 pos
17:01:11     INFO - setTextContents 'hello'
17:01:11     INFO - setTextContents 'olleh'
17:01:11     INFO - setTextContents ''
17:01:11     INFO - insertText 'hello' at 6 pos
17:01:11     INFO - insertText 'ma ' at 6 pos
17:01:11     INFO - insertText 'ma' at 8 pos
17:01:11     INFO - insertText ' hello' at 16 pos
17:01:12     INFO - setTextContents 'hello'
17:01:12     INFO - setTextContents 'olleh'
17:01:12     INFO - setTextContents ''
17:01:12     INFO - insertText 'hello' at 0 pos
17:01:12     INFO - insertText 'ma ' at 0 pos
17:01:12     INFO - insertText 'ma' at 2 pos
17:01:12     INFO - insertText ' hello' at 10 pos
17:01:12     INFO - MEMORY STAT | vsize 4970MB | residentFast 319MB | heapAllocated 120MB
17:01:12     INFO - TEST-OK | chrome://mochitests/content/a11y/accessible/tests/mochitest/editabletext/test_1.html | took 2680ms
17:01:12     INFO - TEST-START | chrome://mochitests/content/a11y/accessible/tests/mochitest/editabletext/test_2.html
17:01:12     INFO - insertText 'ee' at 1 pos
17:01:13     INFO - insertText 'ee' at 2 pos
17:01:13     INFO - MEMORY STAT | vsize 4970MB | residentFast 319MB | heapAllocated 120MB
17:01:13     INFO - TEST-OK | chrome://mochitests/content/a11y/accessible/tests/mochitest/editabletext/test_2.html | took 768ms
17:01:13     INFO - TEST-START | chrome://mochitests/content/a11y/accessible/tests/mochitest/elm/test_HTMLSpec.html
17:01:13     INFO - console.warn: LoginHelper: dedupeLogins: Deduping with a scheme preference but couldn't get the preferred origin scheme.
17:01:13     INFO - MEMORY STAT | vsize 4973MB | residentFast 321MB | heapAllocated 132MB
17:01:13     INFO - TEST-OK | chrome://mochitests/content/a11y/accessible/tests/mochitest/elm/test_HTMLSpec.html | took 712ms
17:01:13     INFO - TEST-START | chrome://mochitests/content/a11y/accessible/tests/mochitest/elm/test_MathMLSpec.html
17:01:14     INFO - MEMORY STAT | vsize 4972MB | residentFast 323MB | heapAllocated 141MB
17:01:14     INFO - TEST-OK | chrome://mochitests/content/a11y/accessible/tests/mochitest/elm/test_MathMLSpec.html | took 168ms
17:01:14     INFO - TEST-START | chrome://mochitests/content/a11y/accessible/tests/mochitest/elm/test_canvas.html
17:01:14     INFO - MEMORY STAT | vsize 4979MB | residentFast 324MB | heapAllocated 144MB
17:01:14     INFO - TEST-OK | chrome://mochitests/content/a11y/accessible/tests/mochitest/elm/test_canvas.html | took 112ms
17:01:14     INFO - TEST-START | chrome://mochitests/content/a11y/accessible/tests/mochitest/elm/test_figure.html
17:01:14     INFO - MEMORY STAT | vsize 4981MB | residentFast 326MB | heapAllocated 146MB
17:01:14     INFO - TEST-OK | chrome://mochitests/content/a11y/accessible/tests/mochitest/elm/test_figure.html | took 74ms
17:01:14     INFO - TEST-START | chrome://mochitests/content/a11y/accessible/tests/mochitest/elm/test_listbox.xul
17:01:14     INFO - MEMORY STAT | vsize 4981MB | residentFast 327MB | heapAllocated 147MB
17:01:14     INFO - TEST-OK | chrome://mochitests/content/a11y/accessible/tests/mochitest/elm/test_listbox.xul | took 74ms
17:01:14     INFO - TEST-START | chrome://mochitests/content/a11y/accessible/tests/mochitest/elm/test_nsApplicationAcc.html
17:01:14     INFO - MEMORY STAT | vsize 4981MB | residentFast 327MB | heapAllocated 149MB
17:01:14     INFO - TEST-OK | chrome://mochitests/content/a11y/accessible/tests/mochitest/elm/test_nsApplicationAcc.html | took 66ms
17:01:14     INFO - TEST-START | chrome://mochitests/content/a11y/accessible/tests/mochitest/elm/test_plugin.html
17:01:14     INFO - MEMORY STAT | vsize 4983MB | residentFast 327MB | heapAllocated 134MB
17:01:14     INFO - TEST-OK | chrome://mochitests/content/a11y/accessible/tests/mochitest/elm/test_plugin.html | took 200ms
17:01:14     INFO - TEST-START | chrome://mochitests/content/a11y/accessible/tests/mochitest/elm/test_shadowroot.html
17:01:14     INFO - MEMORY STAT | vsize 4983MB | residentFast 328MB | heapAllocated 135MB
17:01:14     INFO - TEST-OK | chrome://mochitests/content/a11y/accessible/tests/mochitest/elm/test_shadowroot.html | took 62ms
17:01:14     INFO - TEST-START | chrome://mochitests/content/a11y/accessible/tests/mochitest/events/test_aria_alert.html

command interrupted, attempting to kill
process killed by signal 9
program finished with exit code -1
elapsedTime=161.145642
The web-page 'stop build' button was pressed by 'rvandermeulen@mozilla.com': Cancelled via self-serve
========= master_lag: -0.02 =========
========= Finished '/tools/buildbot/bin/python -u ...' interrupted (results: 4, elapsed: 2 mins, 41 secs) (at 2018-06-08 17:01:14.917407) =========

========= Started set props: build_url (results: 0, elapsed: 0 secs) (at 2018-06-08 17:01:14.921092) =========
bash -c 'for file in `ls -1`; do cat $file; done'
 in dir /builds/slave/test/properties (timeout 1200 secs)
 watching logfiles {}
 argv: ['bash', '-c', 'for file in `ls -1`; do cat $file; done']
 environment:
  Apple_PubSub_Socket_Render=/private/tmp/com.apple.launchd.B3k0T72GHQ/Render
  GIT_SHARE_BASE_DIR=/builds/git-shared
  HG_SHARE_BASE_DIR=/builds/hg-shared
  HOME=/Users/cltbld
  IDLEIZER_DISABLE_SHUTDOWN=true
  LOGNAME=cltbld
  PATH=/usr/local/sbin:/usr/local/bin:/usr/sbin:/usr/bin:/sbin:/bin:/usr/bin/X11
  PWD=/builds/slave/test/properties
  RUNNER_CONFIG_CMD=/opt/runner/bin/python2.7 /opt/runner/bin/runner -c /opt/runner/runner.cfg
  SHELL=/bin/bash
  SSH_AUTH_SOCK=/private/tmp/com.apple.launchd.vd73pA5iOt/Listeners
  TMPDIR=/var/folders/dw/ppzkjs4j7vl0jq205ykbqxc000000w/T/
  TWISTD_LOG_PATH=/builds/slave/twistd.log
  USER=cltbld
  VERSIONER_PYTHON_PREFER_32_BIT=no
  VERSIONER_PYTHON_VERSION=2.7
  XPC_FLAGS=0x0
  XPC_SERVICE_NAME=0
  __CF_USER_TEXT_ENCODING=0x1C:0:0
 using PTY: False
build_url:https://queue.taskcluster.net/v1/task/HHn8t6C8SBmHWYIFt5uc2A/artifacts/public/build/firefox-52.8.2.en-US.mac.dmg
program finished with exit code 0
elapsedTime=0.009396
build_url: 'https://queue.taskcluster.net/v1/task/HHn8t6C8SBmHWYIFt5uc2A/artifacts/public/build/firefox-52.8.2.en-US.mac.dmg'
========= master_lag: 0.04 =========
========= Finished set props: build_url (results: 0, elapsed: 0 secs) (at 2018-06-08 17:01:14.971514) =========

========= Started 'rm -f ...' (results: 0, elapsed: 0 secs) (at 2018-06-08 17:01:14.971841) =========
rm -f oauth.txt
 in dir /builds/slave/test/. (timeout 1200 secs)
 watching logfiles {}
 argv: ['rm', '-f', 'oauth.txt']
 environment:
  Apple_PubSub_Socket_Render=/private/tmp/com.apple.launchd.B3k0T72GHQ/Render
  GIT_SHARE_BASE_DIR=/builds/git-shared
  HG_SHARE_BASE_DIR=/builds/hg-shared
  HOME=/Users/cltbld
  IDLEIZER_DISABLE_SHUTDOWN=true
  LOGNAME=cltbld
  PATH=/usr/local/sbin:/usr/local/bin:/usr/sbin:/usr/bin:/sbin:/bin:/usr/bin/X11
  PWD=/builds/slave/test
  RUNNER_CONFIG_CMD=/opt/runner/bin/python2.7 /opt/runner/bin/runner -c /opt/runner/runner.cfg
  SHELL=/bin/bash
  SSH_AUTH_SOCK=/private/tmp/com.apple.launchd.vd73pA5iOt/Listeners
  TMPDIR=/var/folders/dw/ppzkjs4j7vl0jq205ykbqxc000000w/T/
  TWISTD_LOG_PATH=/builds/slave/twistd.log
  USER=cltbld
  VERSIONER_PYTHON_PREFER_32_BIT=no
  VERSIONER_PYTHON_VERSION=2.7
  XPC_FLAGS=0x0
  XPC_SERVICE_NAME=0
  __CF_USER_TEXT_ENCODING=0x1C:0:0
 using PTY: False
program finished with exit code 0
elapsedTime=0.005079
========= master_lag: 0.04 =========
========= Finished 'rm -f ...' (results: 0, elapsed: 0 secs) (at 2018-06-08 17:01:15.020526) =========

========= Started reboot skipped (results: 3, elapsed: 0 secs) (at 2018-06-08 17:01:15.020862) =========
========= Finished reboot skipped (results: 3, elapsed: 0 secs) (at 2018-06-08 17:01:15.021166) =========

========= Total master_lag: 0.12 =========

