builder: mozilla-esr52_ubuntu64_vm_test_pgo-mochitest-gpu
slave: tst-linux64-spot-001
starttime: 1528588465.42
results: success (0)
buildid: 20180609145619
builduid: b1c96505513c43fda408cdf95090aab8
revision: 1e9a9a6b6e74d8eafe01f87850eb3d85bfba88d8

========= Started set props: master (results: 0, elapsed: 0 secs) (at 2018-06-09 16:54:25.424043) =========
master: http://buildbot-master52.bb.releng.use1.mozilla.com:8201/
========= Finished set props: master (results: 0, elapsed: 0 secs) (at 2018-06-09 16:54:25.424476) =========

========= Started downloading to buildprops.json (results: 0, elapsed: 0 secs) (at 2018-06-09 16:54:25.424765) =========
========= Finished downloading to buildprops.json (results: 0, elapsed: 0 secs) (at 2018-06-09 16:54:25.578726) =========

========= Started 'bash -c ...' (results: 0, elapsed: 0 secs) (at 2018-06-09 16:54:25.579024) =========
bash -c 'wget -Oarchiver_client.py --no-check-certificate --tries=10 --waitretry=3 https://hg.mozilla.org/build/tools/raw-file/default/buildfarm/utils/archiver_client.py'
 in dir /builds/slave/test/. (timeout 1200 secs)
 watching logfiles {}
 argv: ['bash', '-c', 'wget -Oarchiver_client.py --no-check-certificate --tries=10 --waitretry=3 https://hg.mozilla.org/build/tools/raw-file/default/buildfarm/utils/archiver_client.py']
 environment:
  HOME=/home/cltbld
  LANG=en_US.UTF-8
  LOGNAME=cltbld
  MAIL=/var/mail/cltbld
  NODE_PATH=/usr/lib/nodejs:/usr/lib/node_modules:/usr/share/javascript
  PATH=/usr/local/bin:/usr/local/bin:/usr/bin:/bin:/usr/local/games:/usr/games
  PWD=/builds/slave/test
  SHELL=/bin/bash
  SHLVL=1
  TERM=linux
  TMOUT=86400
  USER=cltbld
  XDG_SESSION_COOKIE=9ca12473fbb1d023794ffd180000023c-1528588462.609626-1376402297
  _=/tools/buildbot/bin/python
 using PTY: False
--2018-06-09 16:54:25--  https://hg.mozilla.org/build/tools/raw-file/default/buildfarm/utils/archiver_client.py
Resolving hg.mozilla.org (hg.mozilla.org)... 63.245.215.102, 63.245.215.25
Connecting to hg.mozilla.org (hg.mozilla.org)|63.245.215.102|:443... connected.
HTTP request sent, awaiting response... 200 Script output follows
Length: 12179 (12K) [text/x-python]
Saving to: `archiver_client.py'

     0K .......... .                                          100% 4.06M=0.003s

2018-06-09 16:54:26 (4.06 MB/s) - `archiver_client.py' saved [12179/12179]

program finished with exit code 0
elapsedTime=0.615644
========= master_lag: 0.01 =========
========= Finished 'bash -c ...' (results: 0, elapsed: 0 secs) (at 2018-06-09 16:54:26.208604) =========

========= Started 'rm -rf ...' (results: 0, elapsed: 0 secs) (at 2018-06-09 16:54:26.208936) =========
rm -rf scripts properties
 in dir /builds/slave/test/. (timeout 1200 secs)
 watching logfiles {}
 argv: ['rm', '-rf', 'scripts', 'properties']
 environment:
  HOME=/home/cltbld
  LANG=en_US.UTF-8
  LOGNAME=cltbld
  MAIL=/var/mail/cltbld
  NODE_PATH=/usr/lib/nodejs:/usr/lib/node_modules:/usr/share/javascript
  PATH=/usr/local/bin:/usr/local/bin:/usr/bin:/bin:/usr/local/games:/usr/games
  PWD=/builds/slave/test
  SHELL=/bin/bash
  SHLVL=1
  TERM=linux
  TMOUT=86400
  USER=cltbld
  XDG_SESSION_COOKIE=9ca12473fbb1d023794ffd180000023c-1528588462.609626-1376402297
  _=/tools/buildbot/bin/python
 using PTY: False
program finished with exit code 0
elapsedTime=0.019608
========= master_lag: 0.04 =========
========= Finished 'rm -rf ...' (results: 0, elapsed: 0 secs) (at 2018-06-09 16:54:26.271051) =========

========= Started 'bash -c ...' (results: 0, elapsed: 2 secs) (at 2018-06-09 16:54:26.271375) =========
bash -c 'python archiver_client.py mozharness --repo releases/mozilla-esr52 --rev 1e9a9a6b6e74d8eafe01f87850eb3d85bfba88d8 --destination scripts --debug'
 in dir /builds/slave/test/. (timeout 1200 secs)
 watching logfiles {}
 argv: ['bash', '-c', u'python archiver_client.py mozharness --repo releases/mozilla-esr52 --rev 1e9a9a6b6e74d8eafe01f87850eb3d85bfba88d8 --destination scripts --debug']
 environment:
  HOME=/home/cltbld
  LANG=en_US.UTF-8
  LOGNAME=cltbld
  MAIL=/var/mail/cltbld
  NODE_PATH=/usr/lib/nodejs:/usr/lib/node_modules:/usr/share/javascript
  PATH=/usr/local/bin:/usr/local/bin:/usr/bin:/bin:/usr/local/games:/usr/games
  PWD=/builds/slave/test
  SHELL=/bin/bash
  SHLVL=1
  TERM=linux
  TMOUT=86400
  USER=cltbld
  XDG_SESSION_COOKIE=9ca12473fbb1d023794ffd180000023c-1528588462.609626-1376402297
  _=/tools/buildbot/bin/python
 using PTY: False
2018-06-09 16:54:26,376 truncating revision to first 12 chars
2018-06-09 16:54:26,377 Setting DEBUG logging.
2018-06-09 16:54:26,377 attempt 1/10
2018-06-09 16:54:26,378 Getting archive location from https://api.pub.build.mozilla.org/archiver/hgmo/releases/mozilla-esr52/1e9a9a6b6e74?&preferred_region=us-west-2&suffix=tar.gz&subdir=testing/mozharness
2018-06-09 16:54:27,862 unpacking tar archive at: mozilla-esr52-1e9a9a6b6e74/testing/mozharness/
program finished with exit code 0
elapsedTime=2.566616
========= master_lag: 0.14 =========
========= Finished 'bash -c ...' (results: 0, elapsed: 2 secs) (at 2018-06-09 16:54:28.979689) =========

========= Started set props: script_repo_revision (results: 0, elapsed: 0 secs) (at 2018-06-09 16:54:28.980042) =========
script_repo_revision: 1e9a9a6b6e74d8eafe01f87850eb3d85bfba88d8
========= Finished set props: script_repo_revision (results: 0, elapsed: 0 secs) (at 2018-06-09 16:54:28.980454) =========

========= Started downloading to oauth.txt (results: 0, elapsed: 0 secs) (at 2018-06-09 16:54:28.980742) =========
========= Finished downloading to oauth.txt (results: 0, elapsed: 0 secs) (at 2018-06-09 16:54:28.992443) =========

========= Started '/tools/buildbot/bin/python scripts/scripts/desktop_unittest.py ...' (results: 0, elapsed: 7 mins, 16 secs) (at 2018-06-09 16:54:28.992725) =========
/tools/buildbot/bin/python scripts/scripts/desktop_unittest.py --cfg unittests/linux_unittest.py --mochitest-suite plain-gpu,chrome-gpu,browser-chrome-gpu --blob-upload-branch mozilla-esr52 --download-symbols ondemand
 in dir /builds/slave/test/. (timeout 1800 secs) (maxTime 7200 secs)
 watching logfiles {}
 argv: ['/tools/buildbot/bin/python', 'scripts/scripts/desktop_unittest.py', '--cfg', 'unittests/linux_unittest.py', '--mochitest-suite', 'plain-gpu,chrome-gpu,browser-chrome-gpu', '--blob-upload-branch', 'mozilla-esr52', '--download-symbols', 'ondemand']
 environment:
  CCACHE_DIR=/builds/ccache
  CCACHE_UMASK=002
  DISPLAY=:0
  HOME=/home/cltbld
  LANG=en_US.UTF-8
  LOGNAME=cltbld
  MAIL=/var/mail/cltbld
  MOZ_HIDE_RESULTS_TABLE=1
  MOZ_NODE_PATH=/usr/bin/node
  MOZ_NO_REMOTE=1
  NODE_PATH=/usr/lib/nodejs:/usr/lib/node_modules:/usr/share/javascript
  NO_FAIL_ON_TEST_ERRORS=1
  PATH=/usr/local/bin:/usr/local/bin:/usr/bin:/bin:/usr/local/games:/usr/games
  PROPERTIES_FILE=/builds/slave/test/buildprops.json
  PWD=/builds/slave/test
  SHELL=/bin/bash
  SHLVL=1
  TERM=linux
  TMOUT=86400
  USER=cltbld
  XDG_SESSION_COOKIE=9ca12473fbb1d023794ffd180000023c-1528588462.609626-1376402297
  _=/tools/buildbot/bin/python
 using PTY: False
16:54:29     INFO - MultiFileLogger online at 20180609 16:54:29 in /builds/slave/test
16:54:29     INFO - Run as scripts/scripts/desktop_unittest.py --cfg unittests/linux_unittest.py --mochitest-suite plain-gpu,chrome-gpu,browser-chrome-gpu --blob-upload-branch mozilla-esr52 --download-symbols ondemand
16:54:29     INFO - Dumping config to /builds/slave/test/logs/localconfig.json.
16:54:29     INFO - {'all_cppunittest_suites': {'cppunittest': {'tests': ('tests/cppunittest',)}},
16:54:29     INFO -  'all_gtest_suites': {'gtest': ()},
16:54:29     INFO -  'all_jittest_suites': {'jittest': (),
16:54:29     INFO -                         'jittest-chunked': (),
16:54:29     INFO -                         'jittest1': ('--total-chunks=2', '--this-chunk=1'),
16:54:29     INFO -                         'jittest2': ('--total-chunks=2', '--this-chunk=2')},
16:54:29     INFO -  'all_mochitest_suites': {'a11y': ('--flavor=a11y',),
16:54:29     INFO -                           'browser-chrome': ('--flavor=browser',),
16:54:29     INFO -                           'browser-chrome-addons': ('--flavor=browser',
16:54:29     INFO -                                                     '--chunk-by-runtime',
16:54:29     INFO -                                                     '--tag=addons'),
16:54:29     INFO -                           'browser-chrome-chunked': ('--flavor=browser',
16:54:29     INFO -                                                      '--chunk-by-runtime'),
16:54:29     INFO -                           'browser-chrome-clipboard': ('--flavor=browser',
16:54:29     INFO -                                                        '--subsuite=clipboard'),
16:54:29     INFO -                           'browser-chrome-coverage': ('--flavor=browser',
16:54:29     INFO -                                                       '--chunk-by-runtime',
16:54:29     INFO -                                                       '--timeout=1200'),
16:54:29     INFO -                           'browser-chrome-gpu': ('--flavor=browser',
16:54:29     INFO -                                                  '--subsuite=gpu'),
16:54:29     INFO -                           'browser-chrome-screenshots': ('--flavor=browser',
16:54:29     INFO -                                                          '--subsuite=screenshots'),
16:54:29     INFO -                           'chrome': ('--flavor=chrome',),
16:54:29     INFO -                           'chrome-chunked': ('--flavor=chrome',
16:54:29     INFO -                                              '--chunk-by-dir=4'),
16:54:29     INFO -                           'chrome-clipboard': ('--flavor=chrome',
16:54:29     INFO -                                                '--subsuite=clipboard'),
16:54:29     INFO -                           'chrome-gpu': ('--flavor=chrome', '--subsuite=gpu'),
16:54:29     INFO -                           'jetpack-addon': ('--flavor=jetpack-addon',),
16:54:29     INFO -                           'jetpack-package': ('--flavor=jetpack-package',),
16:54:29     INFO -                           'jetpack-package-clipboard': ('--flavor=jetpack-package',
16:54:29     INFO -                                                         '--subsuite=clipboard'),
16:54:29     INFO -                           'mochitest-devtools-chrome': ('--flavor=browser',
16:54:29     INFO -                                                         '--subsuite=devtools'),
16:54:29     INFO -                           'mochitest-devtools-chrome-chunked': ('--flavor=browser',
16:54:29     INFO -                                                                 '--subsuite=devtools',
16:54:29     INFO -                                                                 '--chunk-by-runtime'),
16:54:29     INFO -                           'mochitest-devtools-chrome-coverage': ('--flavor=browser',
16:54:29     INFO -                                                                  '--subsuite=devtools',
16:54:29     INFO -                                                                  '--chunk-by-runtime',
16:54:29     INFO -                                                                  '--timeout=1200'),
16:54:29     INFO -                           'mochitest-gl': ('--subsuite=webgl',),
16:54:29     INFO -                           'mochitest-media': ('--subsuite=media',),
16:54:29     INFO -                           'plain': (),
16:54:29     INFO -                           'plain-chunked': ('--chunk-by-dir=4',),
16:54:29     INFO -                           'plain-clipboard': ('--subsuite=clipboard',),
16:54:29     INFO -                           'plain-gpu': ('--subsuite=gpu',),
16:54:29     INFO -                           'valgrind-plain': ('--valgrind=/usr/bin/valgrind',
16:54:29     INFO -                                              '--valgrind-supp-files=/builds/slave/test/build/tests/mochitest/x86_64-redhat-linux-gnu.sup,/builds/slave/test/build/tests/mochitest/cross-architecture.sup',
16:54:29     INFO -                                              '--timeout=900',
16:54:29     INFO -                                              '--max-timeouts=50')},
16:54:29     INFO -  'all_mozbase_suites': {'mozbase': ()},
16:54:29     INFO -  'all_reftest_suites': {'crashtest': {'options': ('--suite=crashtest',),
16:54:29     INFO -                                       'tests': ('tests/reftest/tests/testing/crashtest/crashtests.list',)},
16:54:29     INFO -                         'jsreftest': {'options': ('--extra-profile-file=tests/jsreftest/tests/user.js',
16:54:29     INFO -                                                   '--suite=jstestbrowser'),
16:54:29     INFO -                                       'tests': ('tests/jsreftest/tests/jstests.list',)},
16:54:29     INFO -                         'reftest': {'options': ('--suite=reftest',),
16:54:29     INFO -                                     'tests': ('tests/reftest/tests/layout/reftests/reftest.list',)},
16:54:29     INFO -                         'reftest-no-accel': {'options': ('--suite=reftest',
16:54:29     INFO -                                                          '--setpref=layers.acceleration.force-enabled=disabled'),
16:54:29     INFO -                                              'tests': ('tests/reftest/tests/layout/reftests/reftest.list',)}},
16:54:29     INFO -  'all_xpcshell_suites': {'xpcshell': {'options': ('--xpcshell=%(abs_app_dir)s/xpcshell',
16:54:29     INFO -                                                   '--manifest=tests/xpcshell/tests/xpcshell.ini'),
16:54:29     INFO -                                       'tests': ()},
16:54:29     INFO -                          'xpcshell-addons': {'options': ('--xpcshell=%(abs_app_dir)s/xpcshell',
16:54:29     INFO -                                                          '--tag=addons',
16:54:29     INFO -                                                          '--manifest=tests/xpcshell/tests/xpcshell.ini'),
16:54:29     INFO -                                              'tests': ()},
16:54:29     INFO -                          'xpcshell-coverage': {'options': ('--xpcshell=%(abs_app_dir)s/xpcshell',
16:54:29     INFO -                                                            '--manifest=tests/xpcshell/tests/xpcshell.ini'),
16:54:29     INFO -                                                'tests': ()}},
16:54:29     INFO -  'allow_software_gl_layers': False,
16:54:29     INFO -  'append_to_log': False,
16:54:29     INFO -  'base_work_dir': '/builds/slave/test',
16:54:29     INFO -  'binary_path': '/builds/slave/test/build/application/firefox/firefox-bin',
16:54:29     INFO -  'blob_upload_branch': 'mozilla-esr52',
16:54:29     INFO -  'blob_uploader_auth_file': '/builds/slave/test/oauth.txt',
16:54:29     INFO -  'buildbot_json_path': 'buildprops.json',
16:54:29     INFO -  'buildbot_max_log_size': 52428800,
16:54:29     INFO -  'code_coverage': False,
16:54:29     INFO -  'config_files': ('unittests/linux_unittest.py',),
16:54:29     INFO -  'default_blob_upload_servers': ('https://blobupload.elasticbeanstalk.com',),
16:54:29     INFO -  'download_minidump_stackwalk': True,
16:54:29     INFO -  'download_nodejs': True,
16:54:29     INFO -  'download_symbols': 'ondemand',
16:54:29     INFO -  'e10s': False,
16:54:29     INFO -  'exe_suffix': '',
16:54:29     INFO -  'exes': {'python': '/tools/buildbot/bin/python',
16:54:29     INFO -           'tooltool.py': '/tools/tooltool.py',
16:54:29     INFO -           'virtualenv': ('/tools/buildbot/bin/python',
16:54:29     INFO -                          '/tools/misc-python/virtualenv.py')},
16:54:29     INFO -  'find_links': ('http://pypi.pvt.build.mozilla.org/pub',
16:54:29     INFO -                 'http://pypi.pub.build.mozilla.org/pub'),
16:54:29     INFO -  'installer_path': '/builds/slave/test/build/installer.tar.bz2',
16:54:29     INFO -  'log_level': 'info',
16:54:29     INFO -  'log_to_console': True,
16:54:29     INFO -  'minidump_save_path': '%(abs_work_dir)s/../minidumps',
16:54:29     INFO -  'minidump_stackwalk_path': 'linux64-minidump_stackwalk',
16:54:29     INFO -  'minidump_tooltool_manifest_path': 'config/tooltool-manifests/linux64/releng.manifest',
16:54:29     INFO -  'minimum_tests_zip_dirs': ('bin/*',
16:54:29     INFO -                             'certs/*',
16:54:29     INFO -                             'config/*',
16:54:29     INFO -                             'mach',
16:54:29     INFO -                             'marionette/*',
16:54:29     INFO -                             'modules/*',
16:54:29     INFO -                             'mozbase/*',
16:54:29     INFO -                             'tools/*'),
16:54:29     INFO -  'no_random': False,
16:54:29     INFO -  'nodejs_path': 'node-linux-x64/bin/node',
16:54:29     INFO -  'nodejs_tooltool_manifest_path': 'config/tooltool-manifests/linux64/nodejs.manifest',
16:54:29     INFO -  'opt_config_files': (),
16:54:29     INFO -  'pip_index': False,
16:54:29     INFO -  'preflight_run_cmd_suites': ({'architectures': ('32bit', '64bit'),
16:54:29     INFO -                                'cmd': ('xset', 's', 'off', 's', 'reset'),
16:54:29     INFO -                                'enabled': True,
16:54:29     INFO -                                'halt_on_failure': False,
16:54:29     INFO -                                'name': 'disable_screen_saver'},
16:54:29     INFO -                               {'architectures': ('32bit',),
16:54:29     INFO -                                'cmd': ('python',
16:54:29     INFO -                                        '../scripts/external_tools/mouse_and_screen_resolution.py',
16:54:29     INFO -                                        '--configuration-file',
16:54:29     INFO -                                        '../scripts/external_tools/machine-configuration.json'),
16:54:29     INFO -                                'enabled': False,
16:54:29     INFO -                                'halt_on_failure': True,
16:54:29     INFO -                                'name': 'run mouse & screen adjustment script'}),
16:54:29     INFO -  'require_test_zip': True,
16:54:29     INFO -  'run_all_suites': False,
16:54:29     INFO -  'run_cmd_checks_enabled': True,
16:54:29     INFO -  'run_file_names': {'cppunittest': 'runcppunittests.py',
16:54:29     INFO -                     'gtest': 'rungtests.py',
16:54:29     INFO -                     'jittest': 'jit_test.py',
16:54:29     INFO -                     'mochitest': 'runtests.py',
16:54:29     INFO -                     'mozbase': 'test.py',
16:54:29     INFO -                     'mozmill': 'runtestlist.py',
16:54:29     INFO -                     'reftest': 'runreftest.py',
16:54:29     INFO -                     'xpcshell': 'runxpcshelltests.py'},
16:54:29     INFO -  'specific_tests_zip_dirs': {'cppunittest': ('cppunittest/*',),
16:54:29     INFO -                              'gtest': ('gtest/*',),
16:54:29     INFO -                              'jittest': ('jit-test/*',),
16:54:29     INFO -                              'mochitest': ('mochitest/*',),
16:54:29     INFO -                              'mozbase': ('mozbase/*',),
16:54:29     INFO -                              'mozmill': ('mozmill/*',),
16:54:29     INFO -                              'reftest': ('reftest/*', 'jsreftest/*'),
16:54:29     INFO -                              'xpcshell': ('xpcshell/*',)},
16:54:29     INFO -  'specified_mochitest_suites': ('plain-gpu',
16:54:29     INFO -                                 'chrome-gpu',
16:54:29     INFO -                                 'browser-chrome-gpu'),
16:54:29     INFO -  'strict_content_sandbox': False,
16:54:29     INFO -  'suite_definitions': {'cppunittest': {'options': ('--symbols-path=%(symbols_path)s',
16:54:29     INFO -                                                    '--xre-path=%(abs_app_dir)s'),
16:54:29     INFO -                                        'run_filename': 'runcppunittests.py',
16:54:29     INFO -                                        'testsdir': 'cppunittest'},
16:54:29     INFO -                        'gtest': {'options': ('--xre-path=%(abs_res_dir)s',
16:54:29     INFO -                                              '--cwd=%(gtest_dir)s',
16:54:29     INFO -                                              '--symbols-path=%(symbols_path)s',
16:54:29     INFO -                                              '--utility-path=tests/bin',
16:54:29     INFO -                                              '%(binary_path)s'),
16:54:29     INFO -                                  'run_filename': 'rungtests.py'},
16:54:29     INFO -                        'jittest': {'options': ('tests/bin/js',
16:54:29     INFO -                                                '--no-slow',
16:54:29     INFO -                                                '--no-progress',
16:54:29     INFO -                                                '--format=automation',
16:54:29     INFO -                                                '--jitflags=all',
16:54:29     INFO -                                                '--timeout=970'),
16:54:29     INFO -                                    'run_filename': 'jit_test.py',
16:54:29     INFO -                                    'run_timeout': 1000,
16:54:29     INFO -                                    'testsdir': 'jit-test/jit-test'},
16:54:29     INFO -                        'mochitest': {'options': ('--appname=%(binary_path)s',
16:54:29     INFO -                                                  '--utility-path=tests/bin',
16:54:29     INFO -                                                  '--extra-profile-file=tests/bin/plugins',
16:54:29     INFO -                                                  '--symbols-path=%(symbols_path)s',
16:54:29     INFO -                                                  '--certificate-path=tests/certs',
16:54:29     INFO -                                                  '--setpref=webgl.force-enabled=true',
16:54:29     INFO -                                                  '--quiet',
16:54:29     INFO -                                                  '--log-raw=%(raw_log_file)s',
16:54:29     INFO -                                                  '--log-errorsummary=%(error_summary_file)s',
16:54:29     INFO -                                                  '--use-test-media-devices',
16:54:29     INFO -                                                  '--screenshot-on-fail',
16:54:29     INFO -                                                  '--cleanup-crashes',
16:54:29     INFO -                                                  '--marionette-startup-timeout=180'),
16:54:29     INFO -                                      'run_filename': 'runtests.py',
16:54:29     INFO -                                      'testsdir': 'mochitest'},
16:54:29     INFO -                        'mozbase': {'options': ('-b', '%(binary_path)s'),
16:54:29     INFO -                                    'run_filename': 'test.py',
16:54:29     INFO -                                    'testsdir': 'mozbase'},
16:54:29     INFO -                        'mozmill': {'options': ('--binary=%(binary_path)s',
16:54:29     INFO -                                                '--testing-modules-dir=test/modules',
16:54:29     INFO -                                                '--plugins-path=%(test_plugin_path)s',
16:54:29     INFO -                                                '--symbols-path=%(symbols_path)s'),
16:54:29     INFO -                                    'run_filename': 'runtestlist.py',
16:54:29     INFO -                                    'testsdir': 'mozmill'},
16:54:29     INFO -                        'reftest': {'options': ('--appname=%(binary_path)s',
16:54:29     INFO -                                                '--utility-path=tests/bin',
16:54:29     INFO -                                                '--extra-profile-file=tests/bin/plugins',
16:54:29     INFO -                                                '--symbols-path=%(symbols_path)s',
16:54:29     INFO -                                                '--log-raw=%(raw_log_file)s',
16:54:29     INFO -                                                '--log-errorsummary=%(error_summary_file)s',
16:54:29     INFO -                                                '--cleanup-crashes'),
16:54:29     INFO -                                    'run_filename': 'runreftest.py',
16:54:29     INFO -                                    'testsdir': 'reftest'},
16:54:29     INFO -                        'xpcshell': {'options': ('--symbols-path=%(symbols_path)s',
16:54:29     INFO -                                                 '--test-plugin-path=%(test_plugin_path)s',
16:54:29     INFO -                                                 '--log-raw=%(raw_log_file)s',
16:54:29     INFO -                                                 '--log-errorsummary=%(error_summary_file)s',
16:54:29     INFO -                                                 '--utility-path=tests/bin'),
16:54:29     INFO -                                     'run_filename': 'runxpcshelltests.py',
16:54:29     INFO -                                     'testsdir': 'xpcshell'}},
16:54:29     INFO -  'tooltool_cache': '/builds/tooltool_cache',
16:54:29     INFO -  'unstructured_flavors': {'cppunittest': (),
16:54:29     INFO -                           'gtest': (),
16:54:29     INFO -                           'jittest': (),
16:54:29     INFO -                           'mochitest': ('jetpack',),
16:54:29     INFO -                           'mozbase': (),
16:54:29     INFO -                           'mozmill': (),
16:54:29     INFO -                           'xpcshell': ()},
16:54:29     INFO -  'vcs_output_timeout': 1000,
16:54:29     INFO -  'virtualenv_path': 'venv',
16:54:29     INFO -  'volatile_config': {'actions': None, 'add_actions': None, 'no_actions': None},
16:54:29     INFO -  'work_dir': 'build',
16:54:29     INFO -  'xpcshell_name': 'xpcshell'}
16:54:29     INFO - [mozharness: 2018-06-09 23:54:29.394747Z] Running clobber step.
16:54:29     INFO - Running pre-action listener: _resource_record_pre_action
16:54:29     INFO - Running main action method: clobber
16:54:29     INFO - rmtree: /builds/slave/test/build
16:54:29     INFO - Running post-action listener: _resource_record_post_action
16:54:29     INFO - [mozharness: 2018-06-09 23:54:29.409744Z] Finished clobber step (success)
16:54:29     INFO - [mozharness: 2018-06-09 23:54:29.410189Z] Running read-buildbot-config step.
16:54:29     INFO - Running pre-action listener: _resource_record_pre_action
16:54:29     INFO - Running main action method: read_buildbot_config
16:54:29     INFO - Using buildbot properties:
16:54:29     INFO - {
16:54:29     INFO -     "project": "", 
16:54:29     INFO -     "product": "firefox", 
16:54:29     INFO -     "script_repo_revision": "production", 
16:54:29     INFO -     "scheduler": "tests-mozilla-esr52-ubuntu64_vm-pgo-unittest", 
16:54:29     INFO -     "repository": "", 
16:54:29     INFO -     "buildername": "Ubuntu VM 12.04 x64 mozilla-esr52 pgo test mochitest-gpu", 
16:54:29     INFO -     "buildid": "20180609145619", 
16:54:29     INFO -     "pgo_build": "True", 
16:54:29     INFO -     "basedir": "/builds/slave/test", 
16:54:29     INFO -     "buildnumber": 6, 
16:54:29     INFO -     "slavename": "tst-linux64-spot-001", 
16:54:29     INFO -     "master": "http://buildbot-master52.bb.releng.use1.mozilla.com:8201/", 
16:54:29     INFO -     "platform": "linux64", 
16:54:29     INFO -     "branch": "mozilla-esr52", 
16:54:29     INFO -     "revision": "1e9a9a6b6e74d8eafe01f87850eb3d85bfba88d8", 
16:54:29     INFO -     "repo_path": "releases/mozilla-esr52", 
16:54:29     INFO -     "moz_repo_path": "", 
16:54:29     INFO -     "stage_platform": "linux64-pgo", 
16:54:29     INFO -     "builduid": "b1c96505513c43fda408cdf95090aab8", 
16:54:29     INFO -     "slavebuilddir": "test"
16:54:29     INFO - }
16:54:29     INFO - Found installer url https://queue.taskcluster.net/v1/task/SxO2A4qlRoiC9xT9-GoQJQ/artifacts/public/build/firefox-52.8.2.en-US.linux-x86_64.tar.bz2.
16:54:29     INFO - Found a test packages url https://queue.taskcluster.net/v1/task/SxO2A4qlRoiC9xT9-GoQJQ/artifacts/public/build/firefox-52.8.2.en-US.linux-x86_64.test_packages.json.
16:54:29     INFO - Running post-action listener: _resource_record_post_action
16:54:29     INFO - [mozharness: 2018-06-09 23:54:29.421010Z] Finished read-buildbot-config step (success)
16:54:29     INFO - [mozharness: 2018-06-09 23:54:29.421377Z] Running download-and-extract step.
16:54:29     INFO - Running pre-action listener: _pre_download_and_extract
16:54:29  WARNING - Try message not found.
16:54:29     INFO - Running pre-action listener: _resource_record_pre_action
16:54:29     INFO - Running main action method: download_and_extract
16:54:29     INFO - mkdir: /builds/slave/test/build/tests
16:54:29     INFO - Downloading https://queue.taskcluster.net/v1/task/SxO2A4qlRoiC9xT9-GoQJQ/artifacts/public/build/firefox-52.8.2.en-US.linux-x86_64.test_packages.json to /builds/slave/test/build/firefox-52.8.2.en-US.linux-x86_64.test_packages.json
16:54:29     INFO - retry: Calling _download_file with args: (), kwargs: {'url': 'https://queue.taskcluster.net/v1/task/SxO2A4qlRoiC9xT9-GoQJQ/artifacts/public/build/firefox-52.8.2.en-US.linux-x86_64.test_packages.json', 'file_name': '/builds/slave/test/build/firefox-52.8.2.en-US.linux-x86_64.test_packages.json'}, attempt #1
16:54:30     INFO - Downloaded 1361 bytes.
16:54:30     INFO - Reading from file /builds/slave/test/build/firefox-52.8.2.en-US.linux-x86_64.test_packages.json
16:54:30     INFO - Using the following test package requirements:
16:54:30     INFO - {u'common': [u'firefox-52.8.2.en-US.linux-x86_64.common.tests.zip'],
16:54:30     INFO -  u'cppunittest': [u'firefox-52.8.2.en-US.linux-x86_64.common.tests.zip',
16:54:30     INFO -                   u'firefox-52.8.2.en-US.linux-x86_64.cppunittest.tests.zip'],
16:54:30     INFO -  u'gtest': [u'firefox-52.8.2.en-US.linux-x86_64.common.tests.zip',
16:54:30     INFO -             u'firefox-52.8.2.en-US.linux-x86_64.gtest.tests.zip'],
16:54:30     INFO -  u'jittest': [u'firefox-52.8.2.en-US.linux-x86_64.common.tests.zip',
16:54:30     INFO -               u'jsshell-linux-x86_64.zip'],
16:54:30     INFO -  u'mochitest': [u'firefox-52.8.2.en-US.linux-x86_64.common.tests.zip',
16:54:30     INFO -                 u'firefox-52.8.2.en-US.linux-x86_64.mochitest.tests.zip'],
16:54:30     INFO -  u'mozbase': [u'firefox-52.8.2.en-US.linux-x86_64.common.tests.zip'],
16:54:30     INFO -  u'reftest': [u'firefox-52.8.2.en-US.linux-x86_64.common.tests.zip',
16:54:30     INFO -               u'firefox-52.8.2.en-US.linux-x86_64.reftest.tests.zip'],
16:54:30     INFO -  u'talos': [u'firefox-52.8.2.en-US.linux-x86_64.common.tests.zip',
16:54:30     INFO -             u'firefox-52.8.2.en-US.linux-x86_64.talos.tests.zip'],
16:54:30     INFO -  u'web-platform': [u'firefox-52.8.2.en-US.linux-x86_64.common.tests.zip',
16:54:30     INFO -                    u'firefox-52.8.2.en-US.linux-x86_64.web-platform.tests.zip'],
16:54:30     INFO -  u'xpcshell': [u'firefox-52.8.2.en-US.linux-x86_64.common.tests.zip',
16:54:30     INFO -                u'firefox-52.8.2.en-US.linux-x86_64.xpcshell.tests.zip']}
16:54:30     INFO - Downloading packages: [u'firefox-52.8.2.en-US.linux-x86_64.common.tests.zip', u'firefox-52.8.2.en-US.linux-x86_64.mochitest.tests.zip'] for test suite category: mochitest
16:54:30     INFO - Adding 'mozinfo.json' for extraction from common.tests zip file
16:54:30     INFO - Downloading and extracting to /builds/slave/test/build/tests these dirs bin/*, certs/*, config/*, mach, marionette/*, modules/*, mozbase/*, tools/*, mochitest/*, mozinfo.json from https://queue.taskcluster.net/v1/task/SxO2A4qlRoiC9xT9-GoQJQ/artifacts/public/build/firefox-52.8.2.en-US.linux-x86_64.common.tests.zip
16:54:30     INFO - retry: Calling fetch_url_into_memory with args: (), kwargs: {'url': u'https://queue.taskcluster.net/v1/task/SxO2A4qlRoiC9xT9-GoQJQ/artifacts/public/build/firefox-52.8.2.en-US.linux-x86_64.common.tests.zip'}, attempt #1
16:54:30     INFO - Fetch https://queue.taskcluster.net/v1/task/SxO2A4qlRoiC9xT9-GoQJQ/artifacts/public/build/firefox-52.8.2.en-US.linux-x86_64.common.tests.zip into memory
16:54:32     INFO - Http code: 200
16:54:32     INFO - via: 1.1 dc7c4fb5024ff022cad1642ec506a6e8.cloudfront.net (CloudFront)
16:54:32     INFO - x-amz-cf-id: FGRUhJTKmlwV_nuiTwKySfDQy1yCJb7MtfU74ZFmIVRryU1dZBg1og==
16:54:32     INFO - x-amz-version-id: 8Fb7Y.FNSfCe.4t2uDbdk1HdChzvUKS5
16:54:35     INFO - Expected file size: 22192748
16:54:35     INFO - Obtained file size: 22192748
16:54:36     INFO - Downloading and extracting to /builds/slave/test/build/tests these dirs bin/*, certs/*, config/*, mach, marionette/*, modules/*, mozbase/*, tools/*, mochitest/*, mozinfo.json from https://queue.taskcluster.net/v1/task/SxO2A4qlRoiC9xT9-GoQJQ/artifacts/public/build/firefox-52.8.2.en-US.linux-x86_64.mochitest.tests.zip
16:54:36     INFO - retry: Calling fetch_url_into_memory with args: (), kwargs: {'url': u'https://queue.taskcluster.net/v1/task/SxO2A4qlRoiC9xT9-GoQJQ/artifacts/public/build/firefox-52.8.2.en-US.linux-x86_64.mochitest.tests.zip'}, attempt #1
16:54:36     INFO - Fetch https://queue.taskcluster.net/v1/task/SxO2A4qlRoiC9xT9-GoQJQ/artifacts/public/build/firefox-52.8.2.en-US.linux-x86_64.mochitest.tests.zip into memory
16:54:37     INFO - Http code: 200
16:54:37     INFO - via: 1.1 d01884a3320364227d925bce1a38f0ad.cloudfront.net (CloudFront)
16:54:37     INFO - x-amz-cf-id: V-Mo74loGj1WKAMS1NRDrBEsnuVaih6rpOKnB2KW-xU3FbYtJ-AJWg==
16:54:37     INFO - x-amz-version-id: IieDkdJ6qPOrXKaZjBgewiM_r_F0TqJ5
16:54:50     INFO - Expected file size: 80595059
16:54:50     INFO - Obtained file size: 80595059
16:55:07     INFO - Downloading https://queue.taskcluster.net/v1/task/SxO2A4qlRoiC9xT9-GoQJQ/artifacts/public/build/firefox-52.8.2.en-US.linux-x86_64.tar.bz2 to /builds/slave/test/build/installer.tar.bz2
16:55:07     INFO - retry: Calling _download_file with args: (), kwargs: {'url': 'https://queue.taskcluster.net/v1/task/SxO2A4qlRoiC9xT9-GoQJQ/artifacts/public/build/firefox-52.8.2.en-US.linux-x86_64.tar.bz2', 'file_name': '/builds/slave/test/build/installer.tar.bz2'}, attempt #1
16:55:12     INFO - Downloaded 57820937 bytes.
16:55:12     INFO - Setting buildbot property build_url to https://queue.taskcluster.net/v1/task/SxO2A4qlRoiC9xT9-GoQJQ/artifacts/public/build/firefox-52.8.2.en-US.linux-x86_64.tar.bz2
16:55:12     INFO - mkdir: /builds/slave/test/properties
16:55:12     INFO - Writing buildbot properties ['build_url'] to /builds/slave/test/properties/build_url
16:55:12     INFO - Writing to file /builds/slave/test/properties/build_url
16:55:12     INFO - Contents:
16:55:12     INFO -  build_url:https://queue.taskcluster.net/v1/task/SxO2A4qlRoiC9xT9-GoQJQ/artifacts/public/build/firefox-52.8.2.en-US.linux-x86_64.tar.bz2
16:55:13     INFO - Running post-action listener: _resource_record_post_action
16:55:13     INFO - Running post-action listener: set_extra_try_arguments
16:55:13     INFO - [mozharness: 2018-06-09 23:55:13.976518Z] Finished download-and-extract step (success)
16:55:13     INFO - [mozharness: 2018-06-09 23:55:13.977172Z] Running create-virtualenv step.
16:55:13     INFO - Running pre-action listener: _install_mozbase
16:55:13     INFO - Running pre-action listener: _pre_create_virtualenv
16:55:13     INFO - Running pre-action listener: _resource_record_pre_action
16:55:13     INFO - Running main action method: create_virtualenv
16:55:13     INFO - Creating virtualenv /builds/slave/test/build/venv
16:55:13     INFO - Running command: ['/tools/buildbot/bin/python', '/builds/slave/test/scripts/external_tools/virtualenv/virtualenv.py', '--always-copy', '/builds/slave/test/build/venv'] in /builds/slave/test/build
16:55:13     INFO - Copy/paste: /tools/buildbot/bin/python /builds/slave/test/scripts/external_tools/virtualenv/virtualenv.py --always-copy /builds/slave/test/build/venv
16:55:13     INFO - Using partial env: {'VIRTUALENV_NO_DOWNLOAD': '1'}
16:55:16     INFO -  Using real prefix '/usr'
16:55:16     INFO -  New python executable in /builds/slave/test/build/venv/bin/python
16:55:22     INFO -  Installing setuptools, pip, wheel...done.
16:55:22     INFO - Return code: 0
16:55:22     INFO - Installing psutil>=3.1.1 into virtualenv /builds/slave/test/build/venv
16:55:22     INFO - retry: Calling run_command with args: [['/builds/slave/test/build/venv/bin/pip', 'install', '--timeout', '120', '--no-index', '--find-links', 'http://pypi.pvt.build.mozilla.org/pub', '--find-links', 'http://pypi.pub.build.mozilla.org/pub', '--trusted-host', 'pypi.pub.build.mozilla.org', '--trusted-host', 'pypi.pvt.build.mozilla.org', 'psutil>=3.1.1']], kwargs: {'error_level': 'warning', 'error_list': [{'substr': 'not found or a compiler error:', 'level': 'warning'}, {'regex': <_sre.SRE_Pattern object at 0x7f6f351a8110>, 'level': 'error'}, {'regex': <_sre.SRE_Pattern object at 0x7f6f352b0e40>, 'level': 'warning'}, {'regex': <_sre.SRE_Pattern object at 0xd693e0>, 'level': 'debug'}, {'substr': 'command not found', 'level': 'error'}, {'regex': <_sre.SRE_Pattern object at 0xd65a90>, 'level': 'warning'}, {'substr': 'Traceback (most recent call last)', 'level': 'error'}, {'substr': 'SyntaxError: ', 'level': 'error'}, {'substr': 'TypeError: ', 'level': 'error'}, {'substr': 'NameError: ', 'level': 'error'}, {'substr': 'ZeroDivisionError: ', 'level': 'error'}, {'regex': <_sre.SRE_Pattern object at 0xd673f0>, 'level': 'critical'}, {'regex': <_sre.SRE_Pattern object at 0xd67670>, 'level': 'critical'}], 'cwd': '/builds/slave/test/build', 'env': {'TMOUT': '86400', 'LOGNAME': 'cltbld', 'USER': 'cltbld', 'HOME': '/home/cltbld', 'PATH': '/usr/local/bin:/usr/local/bin:/usr/bin:/bin:/usr/local/games:/usr/games', 'DISPLAY': ':0', 'CCACHE_UMASK': '002', 'LANG': 'en_US.UTF-8', 'TERM': 'linux', 'SHELL': '/bin/bash', 'MOZ_NODE_PATH': '/usr/bin/node', 'XDG_SESSION_COOKIE': '9ca12473fbb1d023794ffd180000023c-1528588462.609626-1376402297', 'SHLVL': '1', 'NO_FAIL_ON_TEST_ERRORS': '1', 'MOZ_NO_REMOTE': '1', 'MOZ_HIDE_RESULTS_TABLE': '1', 'MAIL': '/var/mail/cltbld', '_': '/tools/buildbot/bin/python', 'NODE_PATH': '/usr/lib/nodejs:/usr/lib/node_modules:/usr/share/javascript', 'PWD': '/builds/slave/test', 'PROPERTIES_FILE': '/builds/slave/test/buildprops.json', 'CCACHE_DIR': '/builds/ccache'}}, attempt #1
16:55:22     INFO - Running command: ['/builds/slave/test/build/venv/bin/pip', 'install', '--timeout', '120', '--no-index', '--find-links', 'http://pypi.pvt.build.mozilla.org/pub', '--find-links', 'http://pypi.pub.build.mozilla.org/pub', '--trusted-host', 'pypi.pub.build.mozilla.org', '--trusted-host', 'pypi.pvt.build.mozilla.org', 'psutil>=3.1.1'] in /builds/slave/test/build
16:55:22     INFO - Copy/paste: /builds/slave/test/build/venv/bin/pip install --timeout 120 --no-index --find-links http://pypi.pvt.build.mozilla.org/pub --find-links http://pypi.pub.build.mozilla.org/pub --trusted-host pypi.pub.build.mozilla.org --trusted-host pypi.pvt.build.mozilla.org psutil>=3.1.1
16:55:22     INFO - Using env: {'CCACHE_DIR': '/builds/ccache',
16:55:22     INFO -  'CCACHE_UMASK': '002',
16:55:22     INFO -  'DISPLAY': ':0',
16:55:22     INFO -  'HOME': '/home/cltbld',
16:55:22     INFO -  'LANG': 'en_US.UTF-8',
16:55:22     INFO -  'LOGNAME': 'cltbld',
16:55:22     INFO -  'MAIL': '/var/mail/cltbld',
16:55:22     INFO -  'MOZ_HIDE_RESULTS_TABLE': '1',
16:55:22     INFO -  'MOZ_NODE_PATH': '/usr/bin/node',
16:55:22     INFO -  'MOZ_NO_REMOTE': '1',
16:55:22     INFO -  'NODE_PATH': '/usr/lib/nodejs:/usr/lib/node_modules:/usr/share/javascript',
16:55:22     INFO -  'NO_FAIL_ON_TEST_ERRORS': '1',
16:55:22     INFO -  'PATH': '/usr/local/bin:/usr/local/bin:/usr/bin:/bin:/usr/local/games:/usr/games',
16:55:22     INFO -  'PROPERTIES_FILE': '/builds/slave/test/buildprops.json',
16:55:22     INFO -  'PWD': '/builds/slave/test',
16:55:22     INFO -  'SHELL': '/bin/bash',
16:55:22     INFO -  'SHLVL': '1',
16:55:22     INFO -  'TERM': 'linux',
16:55:22     INFO -  'TMOUT': '86400',
16:55:22     INFO -  'USER': 'cltbld',
16:55:22     INFO -  'XDG_SESSION_COOKIE': '9ca12473fbb1d023794ffd180000023c-1528588462.609626-1376402297',
16:55:22     INFO -  '_': '/tools/buildbot/bin/python'}
16:55:24     INFO -  Ignoring indexes: https://pypi.python.org/simple
16:55:24     INFO -  Collecting psutil>=3.1.1
16:55:24     INFO -  /builds/slave/test/build/venv/lib/python2.7/site-packages/pip/_vendor/requests/packages/urllib3/util/ssl_.py:318: SNIMissingWarning: An HTTPS request has been made, but the SNI (Subject Name Indication) extension to TLS is not available on this platform. This may cause the server to present an incorrect TLS certificate, which can cause validation failures. You can upgrade to a newer version of Python to solve this. For more information, see https://urllib3.readthedocs.org/en/latest/security.html#snimissingwarning.
16:55:24     INFO -    SNIMissingWarning
16:55:24     INFO -  /builds/slave/test/build/venv/lib/python2.7/site-packages/pip/_vendor/requests/packages/urllib3/util/ssl_.py:122: InsecurePlatformWarning: A true SSLContext object is not available. This prevents urllib3 from configuring SSL appropriately and may cause certain SSL connections to fail. You can upgrade to a newer version of Python to solve this. For more information, see https://urllib3.readthedocs.org/en/latest/security.html#insecureplatformwarning.
16:55:24     INFO -    InsecurePlatformWarning
16:55:26     INFO -  /builds/slave/test/build/venv/lib/python2.7/site-packages/pip/_vendor/requests/packages/urllib3/util/ssl_.py:122: InsecurePlatformWarning: A true SSLContext object is not available. This prevents urllib3 from configuring SSL appropriately and may cause certain SSL connections to fail. You can upgrade to a newer version of Python to solve this. For more information, see https://urllib3.readthedocs.org/en/latest/security.html#insecureplatformwarning.
16:55:26     INFO -    InsecurePlatformWarning
16:55:32     INFO -    Downloading https://pypi.pvt.build.mozilla.org/pub/psutil-5.4.3.tar.gz (412kB)
16:55:33     INFO -  Building wheels for collected packages: psutil
16:55:33     INFO -    Running setup.py bdist_wheel for psutil: started
16:55:37     INFO -    Running setup.py bdist_wheel for psutil: finished with status 'done'
16:55:37     INFO -    Stored in directory: /home/cltbld/.cache/pip/wheels/30/c0/c3/5cdb2b64c0d47a81af9c62935a64d83948d2c2b3e7af3eeee2
16:55:37     INFO -  Successfully built psutil
16:55:37     INFO -  Installing collected packages: psutil
16:55:37     INFO -  Successfully installed psutil-5.4.3
16:55:37     INFO - Return code: 0
16:55:37     INFO - Installing mozsystemmonitor==0.3 into virtualenv /builds/slave/test/build/venv
16:55:38     INFO - retry: Calling run_command with args: [['/builds/slave/test/build/venv/bin/pip', 'install', '--timeout', '120', '--no-index', '--find-links', 'http://pypi.pvt.build.mozilla.org/pub', '--find-links', 'http://pypi.pub.build.mozilla.org/pub', '--trusted-host', 'pypi.pub.build.mozilla.org', '--trusted-host', 'pypi.pvt.build.mozilla.org', 'mozsystemmonitor==0.3']], kwargs: {'error_level': 'warning', 'error_list': [{'substr': 'not found or a compiler error:', 'level': 'warning'}, {'regex': <_sre.SRE_Pattern object at 0x7f6f351a8110>, 'level': 'error'}, {'regex': <_sre.SRE_Pattern object at 0x7f6f352b0e40>, 'level': 'warning'}, {'regex': <_sre.SRE_Pattern object at 0xd693e0>, 'level': 'debug'}, {'substr': 'command not found', 'level': 'error'}, {'regex': <_sre.SRE_Pattern object at 0xd65a90>, 'level': 'warning'}, {'substr': 'Traceback (most recent call last)', 'level': 'error'}, {'substr': 'SyntaxError: ', 'level': 'error'}, {'substr': 'TypeError: ', 'level': 'error'}, {'substr': 'NameError: ', 'level': 'error'}, {'substr': 'ZeroDivisionError: ', 'level': 'error'}, {'regex': <_sre.SRE_Pattern object at 0xd673f0>, 'level': 'critical'}, {'regex': <_sre.SRE_Pattern object at 0xd67670>, 'level': 'critical'}], 'cwd': '/builds/slave/test/build', 'env': {'TMOUT': '86400', 'LOGNAME': 'cltbld', 'USER': 'cltbld', 'HOME': '/home/cltbld', 'PATH': '/usr/local/bin:/usr/local/bin:/usr/bin:/bin:/usr/local/games:/usr/games', 'DISPLAY': ':0', 'CCACHE_UMASK': '002', 'LANG': 'en_US.UTF-8', 'TERM': 'linux', 'SHELL': '/bin/bash', 'MOZ_NODE_PATH': '/usr/bin/node', 'XDG_SESSION_COOKIE': '9ca12473fbb1d023794ffd180000023c-1528588462.609626-1376402297', 'SHLVL': '1', 'NO_FAIL_ON_TEST_ERRORS': '1', 'MOZ_NO_REMOTE': '1', 'MOZ_HIDE_RESULTS_TABLE': '1', 'MAIL': '/var/mail/cltbld', '_': '/tools/buildbot/bin/python', 'NODE_PATH': '/usr/lib/nodejs:/usr/lib/node_modules:/usr/share/javascript', 'PWD': '/builds/slave/test', 'PROPERTIES_FILE': '/builds/slave/test/buildprops.json', 'CCACHE_DIR': '/builds/ccache'}}, attempt #1
16:55:38     INFO - Running command: ['/builds/slave/test/build/venv/bin/pip', 'install', '--timeout', '120', '--no-index', '--find-links', 'http://pypi.pvt.build.mozilla.org/pub', '--find-links', 'http://pypi.pub.build.mozilla.org/pub', '--trusted-host', 'pypi.pub.build.mozilla.org', '--trusted-host', 'pypi.pvt.build.mozilla.org', 'mozsystemmonitor==0.3'] in /builds/slave/test/build
16:55:38     INFO - Copy/paste: /builds/slave/test/build/venv/bin/pip install --timeout 120 --no-index --find-links http://pypi.pvt.build.mozilla.org/pub --find-links http://pypi.pub.build.mozilla.org/pub --trusted-host pypi.pub.build.mozilla.org --trusted-host pypi.pvt.build.mozilla.org mozsystemmonitor==0.3
16:55:38     INFO - Using env: {'CCACHE_DIR': '/builds/ccache',
16:55:38     INFO -  'CCACHE_UMASK': '002',
16:55:38     INFO -  'DISPLAY': ':0',
16:55:38     INFO -  'HOME': '/home/cltbld',
16:55:38     INFO -  'LANG': 'en_US.UTF-8',
16:55:38     INFO -  'LOGNAME': 'cltbld',
16:55:38     INFO -  'MAIL': '/var/mail/cltbld',
16:55:38     INFO -  'MOZ_HIDE_RESULTS_TABLE': '1',
16:55:38     INFO -  'MOZ_NODE_PATH': '/usr/bin/node',
16:55:38     INFO -  'MOZ_NO_REMOTE': '1',
16:55:38     INFO -  'NODE_PATH': '/usr/lib/nodejs:/usr/lib/node_modules:/usr/share/javascript',
16:55:38     INFO -  'NO_FAIL_ON_TEST_ERRORS': '1',
16:55:38     INFO -  'PATH': '/usr/local/bin:/usr/local/bin:/usr/bin:/bin:/usr/local/games:/usr/games',
16:55:38     INFO -  'PROPERTIES_FILE': '/builds/slave/test/buildprops.json',
16:55:38     INFO -  'PWD': '/builds/slave/test',
16:55:38     INFO -  'SHELL': '/bin/bash',
16:55:38     INFO -  'SHLVL': '1',
16:55:38     INFO -  'TERM': 'linux',
16:55:38     INFO -  'TMOUT': '86400',
16:55:38     INFO -  'USER': 'cltbld',
16:55:38     INFO -  'XDG_SESSION_COOKIE': '9ca12473fbb1d023794ffd180000023c-1528588462.609626-1376402297',
16:55:38     INFO -  '_': '/tools/buildbot/bin/python'}
16:55:38     INFO -  Ignoring indexes: https://pypi.python.org/simple
16:55:38     INFO -  Collecting mozsystemmonitor==0.3
16:55:39     INFO -  /builds/slave/test/build/venv/lib/python2.7/site-packages/pip/_vendor/requests/packages/urllib3/util/ssl_.py:318: SNIMissingWarning: An HTTPS request has been made, but the SNI (Subject Name Indication) extension to TLS is not available on this platform. This may cause the server to present an incorrect TLS certificate, which can cause validation failures. You can upgrade to a newer version of Python to solve this. For more information, see https://urllib3.readthedocs.org/en/latest/security.html#snimissingwarning.
16:55:39     INFO -    SNIMissingWarning
16:55:39     INFO -  /builds/slave/test/build/venv/lib/python2.7/site-packages/pip/_vendor/requests/packages/urllib3/util/ssl_.py:122: InsecurePlatformWarning: A true SSLContext object is not available. This prevents urllib3 from configuring SSL appropriately and may cause certain SSL connections to fail. You can upgrade to a newer version of Python to solve this. For more information, see https://urllib3.readthedocs.org/en/latest/security.html#insecureplatformwarning.
16:55:39     INFO -    InsecurePlatformWarning
16:55:41     INFO -  /builds/slave/test/build/venv/lib/python2.7/site-packages/pip/_vendor/requests/packages/urllib3/util/ssl_.py:122: InsecurePlatformWarning: A true SSLContext object is not available. This prevents urllib3 from configuring SSL appropriately and may cause certain SSL connections to fail. You can upgrade to a newer version of Python to solve this. For more information, see https://urllib3.readthedocs.org/en/latest/security.html#insecureplatformwarning.
16:55:41     INFO -    InsecurePlatformWarning
16:55:46     INFO -    Downloading https://pypi.pvt.build.mozilla.org/pub/mozsystemmonitor-0.3.tar.gz
16:55:46     INFO -  Requirement already satisfied (use --upgrade to upgrade): psutil>=3.1.1 in ./venv/lib/python2.7/site-packages (from mozsystemmonitor==0.3)
16:55:46     INFO -  Building wheels for collected packages: mozsystemmonitor
16:55:46     INFO -    Running setup.py bdist_wheel for mozsystemmonitor: started
16:55:47     INFO -    Running setup.py bdist_wheel for mozsystemmonitor: finished with status 'done'
16:55:47     INFO -    Stored in directory: /home/cltbld/.cache/pip/wheels/f4/b7/9c/8a88c92aaad7c1d8bbd68513e1d91ad7f62b7465808c516aa8
16:55:47     INFO -  Successfully built mozsystemmonitor
16:55:47     INFO -  Installing collected packages: mozsystemmonitor
16:55:47     INFO -  Successfully installed mozsystemmonitor-0.3
16:55:47     INFO - Return code: 0
16:55:47     INFO - Installing jsonschema==2.5.1 into virtualenv /builds/slave/test/build/venv
16:55:47     INFO - retry: Calling run_command with args: [['/builds/slave/test/build/venv/bin/pip', 'install', '--timeout', '120', '--no-index', '--find-links', 'http://pypi.pvt.build.mozilla.org/pub', '--find-links', 'http://pypi.pub.build.mozilla.org/pub', '--trusted-host', 'pypi.pub.build.mozilla.org', '--trusted-host', 'pypi.pvt.build.mozilla.org', 'jsonschema==2.5.1']], kwargs: {'error_level': 'warning', 'error_list': [{'substr': 'not found or a compiler error:', 'level': 'warning'}, {'regex': <_sre.SRE_Pattern object at 0x7f6f351a8110>, 'level': 'error'}, {'regex': <_sre.SRE_Pattern object at 0x7f6f352b0e40>, 'level': 'warning'}, {'regex': <_sre.SRE_Pattern object at 0xd693e0>, 'level': 'debug'}, {'substr': 'command not found', 'level': 'error'}, {'regex': <_sre.SRE_Pattern object at 0xd65a90>, 'level': 'warning'}, {'substr': 'Traceback (most recent call last)', 'level': 'error'}, {'substr': 'SyntaxError: ', 'level': 'error'}, {'substr': 'TypeError: ', 'level': 'error'}, {'substr': 'NameError: ', 'level': 'error'}, {'substr': 'ZeroDivisionError: ', 'level': 'error'}, {'regex': <_sre.SRE_Pattern object at 0xd673f0>, 'level': 'critical'}, {'regex': <_sre.SRE_Pattern object at 0xd67670>, 'level': 'critical'}], 'cwd': '/builds/slave/test/build', 'env': {'TMOUT': '86400', 'LOGNAME': 'cltbld', 'USER': 'cltbld', 'HOME': '/home/cltbld', 'PATH': '/usr/local/bin:/usr/local/bin:/usr/bin:/bin:/usr/local/games:/usr/games', 'DISPLAY': ':0', 'CCACHE_UMASK': '002', 'LANG': 'en_US.UTF-8', 'TERM': 'linux', 'SHELL': '/bin/bash', 'MOZ_NODE_PATH': '/usr/bin/node', 'XDG_SESSION_COOKIE': '9ca12473fbb1d023794ffd180000023c-1528588462.609626-1376402297', 'SHLVL': '1', 'NO_FAIL_ON_TEST_ERRORS': '1', 'MOZ_NO_REMOTE': '1', 'MOZ_HIDE_RESULTS_TABLE': '1', 'MAIL': '/var/mail/cltbld', '_': '/tools/buildbot/bin/python', 'NODE_PATH': '/usr/lib/nodejs:/usr/lib/node_modules:/usr/share/javascript', 'PWD': '/builds/slave/test', 'PROPERTIES_FILE': '/builds/slave/test/buildprops.json', 'CCACHE_DIR': '/builds/ccache'}}, attempt #1
16:55:47     INFO - Running command: ['/builds/slave/test/build/venv/bin/pip', 'install', '--timeout', '120', '--no-index', '--find-links', 'http://pypi.pvt.build.mozilla.org/pub', '--find-links', 'http://pypi.pub.build.mozilla.org/pub', '--trusted-host', 'pypi.pub.build.mozilla.org', '--trusted-host', 'pypi.pvt.build.mozilla.org', 'jsonschema==2.5.1'] in /builds/slave/test/build
16:55:47     INFO - Copy/paste: /builds/slave/test/build/venv/bin/pip install --timeout 120 --no-index --find-links http://pypi.pvt.build.mozilla.org/pub --find-links http://pypi.pub.build.mozilla.org/pub --trusted-host pypi.pub.build.mozilla.org --trusted-host pypi.pvt.build.mozilla.org jsonschema==2.5.1
16:55:47     INFO - Using env: {'CCACHE_DIR': '/builds/ccache',
16:55:47     INFO -  'CCACHE_UMASK': '002',
16:55:47     INFO -  'DISPLAY': ':0',
16:55:47     INFO -  'HOME': '/home/cltbld',
16:55:47     INFO -  'LANG': 'en_US.UTF-8',
16:55:47     INFO -  'LOGNAME': 'cltbld',
16:55:47     INFO -  'MAIL': '/var/mail/cltbld',
16:55:47     INFO -  'MOZ_HIDE_RESULTS_TABLE': '1',
16:55:47     INFO -  'MOZ_NODE_PATH': '/usr/bin/node',
16:55:47     INFO -  'MOZ_NO_REMOTE': '1',
16:55:47     INFO -  'NODE_PATH': '/usr/lib/nodejs:/usr/lib/node_modules:/usr/share/javascript',
16:55:47     INFO -  'NO_FAIL_ON_TEST_ERRORS': '1',
16:55:47     INFO -  'PATH': '/usr/local/bin:/usr/local/bin:/usr/bin:/bin:/usr/local/games:/usr/games',
16:55:47     INFO -  'PROPERTIES_FILE': '/builds/slave/test/buildprops.json',
16:55:47     INFO -  'PWD': '/builds/slave/test',
16:55:47     INFO -  'SHELL': '/bin/bash',
16:55:47     INFO -  'SHLVL': '1',
16:55:47     INFO -  'TERM': 'linux',
16:55:47     INFO -  'TMOUT': '86400',
16:55:47     INFO -  'USER': 'cltbld',
16:55:47     INFO -  'XDG_SESSION_COOKIE': '9ca12473fbb1d023794ffd180000023c-1528588462.609626-1376402297',
16:55:47     INFO -  '_': '/tools/buildbot/bin/python'}
16:55:48     INFO -  Ignoring indexes: https://pypi.python.org/simple
16:55:48     INFO -  Collecting jsonschema==2.5.1
16:55:48     INFO -  /builds/slave/test/build/venv/lib/python2.7/site-packages/pip/_vendor/requests/packages/urllib3/util/ssl_.py:318: SNIMissingWarning: An HTTPS request has been made, but the SNI (Subject Name Indication) extension to TLS is not available on this platform. This may cause the server to present an incorrect TLS certificate, which can cause validation failures. You can upgrade to a newer version of Python to solve this. For more information, see https://urllib3.readthedocs.org/en/latest/security.html#snimissingwarning.
16:55:48     INFO -    SNIMissingWarning
16:55:48     INFO -  /builds/slave/test/build/venv/lib/python2.7/site-packages/pip/_vendor/requests/packages/urllib3/util/ssl_.py:122: InsecurePlatformWarning: A true SSLContext object is not available. This prevents urllib3 from configuring SSL appropriately and may cause certain SSL connections to fail. You can upgrade to a newer version of Python to solve this. For more information, see https://urllib3.readthedocs.org/en/latest/security.html#insecureplatformwarning.
16:55:48     INFO -    InsecurePlatformWarning
16:55:50     INFO -  /builds/slave/test/build/venv/lib/python2.7/site-packages/pip/_vendor/requests/packages/urllib3/util/ssl_.py:122: InsecurePlatformWarning: A true SSLContext object is not available. This prevents urllib3 from configuring SSL appropriately and may cause certain SSL connections to fail. You can upgrade to a newer version of Python to solve this. For more information, see https://urllib3.readthedocs.org/en/latest/security.html#insecureplatformwarning.
16:55:50     INFO -    InsecurePlatformWarning
16:55:55     INFO -    Downloading https://pypi.pvt.build.mozilla.org/pub/jsonschema-2.5.1-py2.py3-none-any.whl
16:55:55     INFO -  Collecting functools32; python_version == "2.7" (from jsonschema==2.5.1)
16:56:01     INFO -    Downloading https://pypi.pvt.build.mozilla.org/pub/functools32-3.2.3-2.tar.gz
16:56:02     INFO -  Building wheels for collected packages: functools32
16:56:02     INFO -    Running setup.py bdist_wheel for functools32: started
16:56:02     INFO -    Running setup.py bdist_wheel for functools32: finished with status 'done'
16:56:02     INFO -    Stored in directory: /home/cltbld/.cache/pip/wheels/60/8e/5c/cd0944700dbec48e57da97dbe11bcc84b1332f6b43bc89d9b7
16:56:02     INFO -  Successfully built functools32
16:56:02     INFO -  Installing collected packages: functools32, jsonschema
16:56:02     INFO -  Successfully installed functools32-3.2.3.post2 jsonschema-2.5.1
16:56:03     INFO - Return code: 0
16:56:03     INFO - Installing functools32==3.2.3-2 into virtualenv /builds/slave/test/build/venv
16:56:03     INFO - retry: Calling run_command with args: [['/builds/slave/test/build/venv/bin/pip', 'install', '--timeout', '120', '--no-index', '--find-links', 'http://pypi.pvt.build.mozilla.org/pub', '--find-links', 'http://pypi.pub.build.mozilla.org/pub', '--trusted-host', 'pypi.pub.build.mozilla.org', '--trusted-host', 'pypi.pvt.build.mozilla.org', 'functools32==3.2.3-2']], kwargs: {'error_level': 'warning', 'error_list': [{'substr': 'not found or a compiler error:', 'level': 'warning'}, {'regex': <_sre.SRE_Pattern object at 0x7f6f351a8110>, 'level': 'error'}, {'regex': <_sre.SRE_Pattern object at 0x7f6f352b0e40>, 'level': 'warning'}, {'regex': <_sre.SRE_Pattern object at 0xd693e0>, 'level': 'debug'}, {'substr': 'command not found', 'level': 'error'}, {'regex': <_sre.SRE_Pattern object at 0xd65a90>, 'level': 'warning'}, {'substr': 'Traceback (most recent call last)', 'level': 'error'}, {'substr': 'SyntaxError: ', 'level': 'error'}, {'substr': 'TypeError: ', 'level': 'error'}, {'substr': 'NameError: ', 'level': 'error'}, {'substr': 'ZeroDivisionError: ', 'level': 'error'}, {'regex': <_sre.SRE_Pattern object at 0xd673f0>, 'level': 'critical'}, {'regex': <_sre.SRE_Pattern object at 0xd67670>, 'level': 'critical'}], 'cwd': '/builds/slave/test/build', 'env': {'TMOUT': '86400', 'LOGNAME': 'cltbld', 'USER': 'cltbld', 'HOME': '/home/cltbld', 'PATH': '/usr/local/bin:/usr/local/bin:/usr/bin:/bin:/usr/local/games:/usr/games', 'DISPLAY': ':0', 'CCACHE_UMASK': '002', 'LANG': 'en_US.UTF-8', 'TERM': 'linux', 'SHELL': '/bin/bash', 'MOZ_NODE_PATH': '/usr/bin/node', 'XDG_SESSION_COOKIE': '9ca12473fbb1d023794ffd180000023c-1528588462.609626-1376402297', 'SHLVL': '1', 'NO_FAIL_ON_TEST_ERRORS': '1', 'MOZ_NO_REMOTE': '1', 'MOZ_HIDE_RESULTS_TABLE': '1', 'MAIL': '/var/mail/cltbld', '_': '/tools/buildbot/bin/python', 'NODE_PATH': '/usr/lib/nodejs:/usr/lib/node_modules:/usr/share/javascript', 'PWD': '/builds/slave/test', 'PROPERTIES_FILE': '/builds/slave/test/buildprops.json', 'CCACHE_DIR': '/builds/ccache'}}, attempt #1
16:56:03     INFO - Running command: ['/builds/slave/test/build/venv/bin/pip', 'install', '--timeout', '120', '--no-index', '--find-links', 'http://pypi.pvt.build.mozilla.org/pub', '--find-links', 'http://pypi.pub.build.mozilla.org/pub', '--trusted-host', 'pypi.pub.build.mozilla.org', '--trusted-host', 'pypi.pvt.build.mozilla.org', 'functools32==3.2.3-2'] in /builds/slave/test/build
16:56:03     INFO - Copy/paste: /builds/slave/test/build/venv/bin/pip install --timeout 120 --no-index --find-links http://pypi.pvt.build.mozilla.org/pub --find-links http://pypi.pub.build.mozilla.org/pub --trusted-host pypi.pub.build.mozilla.org --trusted-host pypi.pvt.build.mozilla.org functools32==3.2.3-2
16:56:03     INFO - Using env: {'CCACHE_DIR': '/builds/ccache',
16:56:03     INFO -  'CCACHE_UMASK': '002',
16:56:03     INFO -  'DISPLAY': ':0',
16:56:03     INFO -  'HOME': '/home/cltbld',
16:56:03     INFO -  'LANG': 'en_US.UTF-8',
16:56:03     INFO -  'LOGNAME': 'cltbld',
16:56:03     INFO -  'MAIL': '/var/mail/cltbld',
16:56:03     INFO -  'MOZ_HIDE_RESULTS_TABLE': '1',
16:56:03     INFO -  'MOZ_NODE_PATH': '/usr/bin/node',
16:56:03     INFO -  'MOZ_NO_REMOTE': '1',
16:56:03     INFO -  'NODE_PATH': '/usr/lib/nodejs:/usr/lib/node_modules:/usr/share/javascript',
16:56:03     INFO -  'NO_FAIL_ON_TEST_ERRORS': '1',
16:56:03     INFO -  'PATH': '/usr/local/bin:/usr/local/bin:/usr/bin:/bin:/usr/local/games:/usr/games',
16:56:03     INFO -  'PROPERTIES_FILE': '/builds/slave/test/buildprops.json',
16:56:03     INFO -  'PWD': '/builds/slave/test',
16:56:03     INFO -  'SHELL': '/bin/bash',
16:56:03     INFO -  'SHLVL': '1',
16:56:03     INFO -  'TERM': 'linux',
16:56:03     INFO -  'TMOUT': '86400',
16:56:03     INFO -  'USER': 'cltbld',
16:56:03     INFO -  'XDG_SESSION_COOKIE': '9ca12473fbb1d023794ffd180000023c-1528588462.609626-1376402297',
16:56:03     INFO -  '_': '/tools/buildbot/bin/python'}
16:56:04     INFO -  Ignoring indexes: https://pypi.python.org/simple
16:56:04     INFO -  Requirement already satisfied (use --upgrade to upgrade): functools32==3.2.3-2 in ./venv/lib/python2.7/site-packages
16:56:04     INFO - Return code: 0
16:56:04     INFO - Installing blobuploader==1.2.4 into virtualenv /builds/slave/test/build/venv
16:56:04     INFO - retry: Calling run_command with args: [['/builds/slave/test/build/venv/bin/pip', 'install', '--timeout', '120', '--no-index', '--find-links', 'http://pypi.pvt.build.mozilla.org/pub', '--find-links', 'http://pypi.pub.build.mozilla.org/pub', '--trusted-host', 'pypi.pub.build.mozilla.org', '--trusted-host', 'pypi.pvt.build.mozilla.org', 'blobuploader==1.2.4']], kwargs: {'error_level': 'warning', 'error_list': [{'substr': 'not found or a compiler error:', 'level': 'warning'}, {'regex': <_sre.SRE_Pattern object at 0x7f6f351a8110>, 'level': 'error'}, {'regex': <_sre.SRE_Pattern object at 0x7f6f352b0e40>, 'level': 'warning'}, {'regex': <_sre.SRE_Pattern object at 0xd693e0>, 'level': 'debug'}, {'substr': 'command not found', 'level': 'error'}, {'regex': <_sre.SRE_Pattern object at 0xd65a90>, 'level': 'warning'}, {'substr': 'Traceback (most recent call last)', 'level': 'error'}, {'substr': 'SyntaxError: ', 'level': 'error'}, {'substr': 'TypeError: ', 'level': 'error'}, {'substr': 'NameError: ', 'level': 'error'}, {'substr': 'ZeroDivisionError: ', 'level': 'error'}, {'regex': <_sre.SRE_Pattern object at 0xd673f0>, 'level': 'critical'}, {'regex': <_sre.SRE_Pattern object at 0xd67670>, 'level': 'critical'}], 'cwd': '/builds/slave/test/build', 'env': {'TMOUT': '86400', 'LOGNAME': 'cltbld', 'USER': 'cltbld', 'HOME': '/home/cltbld', 'PATH': '/usr/local/bin:/usr/local/bin:/usr/bin:/bin:/usr/local/games:/usr/games', 'DISPLAY': ':0', 'CCACHE_UMASK': '002', 'LANG': 'en_US.UTF-8', 'TERM': 'linux', 'SHELL': '/bin/bash', 'MOZ_NODE_PATH': '/usr/bin/node', 'XDG_SESSION_COOKIE': '9ca12473fbb1d023794ffd180000023c-1528588462.609626-1376402297', 'SHLVL': '1', 'NO_FAIL_ON_TEST_ERRORS': '1', 'MOZ_NO_REMOTE': '1', 'MOZ_HIDE_RESULTS_TABLE': '1', 'MAIL': '/var/mail/cltbld', '_': '/tools/buildbot/bin/python', 'NODE_PATH': '/usr/lib/nodejs:/usr/lib/node_modules:/usr/share/javascript', 'PWD': '/builds/slave/test', 'PROPERTIES_FILE': '/builds/slave/test/buildprops.json', 'CCACHE_DIR': '/builds/ccache'}}, attempt #1
16:56:04     INFO - Running command: ['/builds/slave/test/build/venv/bin/pip', 'install', '--timeout', '120', '--no-index', '--find-links', 'http://pypi.pvt.build.mozilla.org/pub', '--find-links', 'http://pypi.pub.build.mozilla.org/pub', '--trusted-host', 'pypi.pub.build.mozilla.org', '--trusted-host', 'pypi.pvt.build.mozilla.org', 'blobuploader==1.2.4'] in /builds/slave/test/build
16:56:04     INFO - Copy/paste: /builds/slave/test/build/venv/bin/pip install --timeout 120 --no-index --find-links http://pypi.pvt.build.mozilla.org/pub --find-links http://pypi.pub.build.mozilla.org/pub --trusted-host pypi.pub.build.mozilla.org --trusted-host pypi.pvt.build.mozilla.org blobuploader==1.2.4
16:56:04     INFO - Using env: {'CCACHE_DIR': '/builds/ccache',
16:56:04     INFO -  'CCACHE_UMASK': '002',
16:56:04     INFO -  'DISPLAY': ':0',
16:56:04     INFO -  'HOME': '/home/cltbld',
16:56:04     INFO -  'LANG': 'en_US.UTF-8',
16:56:04     INFO -  'LOGNAME': 'cltbld',
16:56:04     INFO -  'MAIL': '/var/mail/cltbld',
16:56:04     INFO -  'MOZ_HIDE_RESULTS_TABLE': '1',
16:56:04     INFO -  'MOZ_NODE_PATH': '/usr/bin/node',
16:56:04     INFO -  'MOZ_NO_REMOTE': '1',
16:56:04     INFO -  'NODE_PATH': '/usr/lib/nodejs:/usr/lib/node_modules:/usr/share/javascript',
16:56:04     INFO -  'NO_FAIL_ON_TEST_ERRORS': '1',
16:56:04     INFO -  'PATH': '/usr/local/bin:/usr/local/bin:/usr/bin:/bin:/usr/local/games:/usr/games',
16:56:04     INFO -  'PROPERTIES_FILE': '/builds/slave/test/buildprops.json',
16:56:04     INFO -  'PWD': '/builds/slave/test',
16:56:04     INFO -  'SHELL': '/bin/bash',
16:56:04     INFO -  'SHLVL': '1',
16:56:04     INFO -  'TERM': 'linux',
16:56:04     INFO -  'TMOUT': '86400',
16:56:04     INFO -  'USER': 'cltbld',
16:56:04     INFO -  'XDG_SESSION_COOKIE': '9ca12473fbb1d023794ffd180000023c-1528588462.609626-1376402297',
16:56:04     INFO -  '_': '/tools/buildbot/bin/python'}
16:56:05     INFO -  Ignoring indexes: https://pypi.python.org/simple
16:56:05     INFO -  Collecting blobuploader==1.2.4
16:56:05     INFO -  /builds/slave/test/build/venv/lib/python2.7/site-packages/pip/_vendor/requests/packages/urllib3/util/ssl_.py:318: SNIMissingWarning: An HTTPS request has been made, but the SNI (Subject Name Indication) extension to TLS is not available on this platform. This may cause the server to present an incorrect TLS certificate, which can cause validation failures. You can upgrade to a newer version of Python to solve this. For more information, see https://urllib3.readthedocs.org/en/latest/security.html#snimissingwarning.
16:56:05     INFO -    SNIMissingWarning
16:56:05     INFO -  /builds/slave/test/build/venv/lib/python2.7/site-packages/pip/_vendor/requests/packages/urllib3/util/ssl_.py:122: InsecurePlatformWarning: A true SSLContext object is not available. This prevents urllib3 from configuring SSL appropriately and may cause certain SSL connections to fail. You can upgrade to a newer version of Python to solve this. For more information, see https://urllib3.readthedocs.org/en/latest/security.html#insecureplatformwarning.
16:56:05     INFO -    InsecurePlatformWarning
16:56:07     INFO -  /builds/slave/test/build/venv/lib/python2.7/site-packages/pip/_vendor/requests/packages/urllib3/util/ssl_.py:122: InsecurePlatformWarning: A true SSLContext object is not available. This prevents urllib3 from configuring SSL appropriately and may cause certain SSL connections to fail. You can upgrade to a newer version of Python to solve this. For more information, see https://urllib3.readthedocs.org/en/latest/security.html#insecureplatformwarning.
16:56:07     INFO -    InsecurePlatformWarning
16:56:12     INFO -    Downloading https://pypi.pvt.build.mozilla.org/pub/blobuploader-1.2.4.tar.gz
16:56:13     INFO -  Collecting requests==1.2.3. (from blobuploader==1.2.4)
16:56:18     INFO -    Downloading https://pypi.pvt.build.mozilla.org/pub/requests-1.2.3.tar.gz (348kB)
16:56:20     INFO -  Collecting docopt==0.6.1 (from blobuploader==1.2.4)
16:56:26     INFO -    Downloading https://pypi.pvt.build.mozilla.org/pub/docopt-0.6.1.tar.gz
16:56:26     INFO -  Building wheels for collected packages: blobuploader, requests, docopt
16:56:26     INFO -    Running setup.py bdist_wheel for blobuploader: started
16:56:27     INFO -    Running setup.py bdist_wheel for blobuploader: finished with status 'done'
16:56:27     INFO -    Stored in directory: /home/cltbld/.cache/pip/wheels/a7/2a/47/2d3828e4129ffeb548a26f4a87889dc9bc1a58e201a0ff8655
16:56:27     INFO -    Running setup.py bdist_wheel for requests: started
16:56:27     INFO -    Running setup.py bdist_wheel for requests: finished with status 'done'
16:56:27     INFO -    Stored in directory: /home/cltbld/.cache/pip/wheels/65/bb/90/359b65a7043ffc879dde877c4ad827f452218808c6cccf2658
16:56:28     INFO -    Running setup.py bdist_wheel for docopt: started
16:56:28     INFO -    Running setup.py bdist_wheel for docopt: finished with status 'done'
16:56:28     INFO -    Stored in directory: /home/cltbld/.cache/pip/wheels/ac/8b/84/7dbe9ada02c48c352fa733c81648516f92c6436f9d5bffad41
16:56:28     INFO -  Successfully built blobuploader requests docopt
16:56:28     INFO -  Installing collected packages: requests, docopt, blobuploader
16:56:29     INFO -  Successfully installed blobuploader-1.2.4 docopt-0.6.1 requests-1.2.3
16:56:29     INFO - Return code: 0
16:56:29     INFO - Installing None into virtualenv /builds/slave/test/build/venv
16:56:29     INFO - retry: Calling run_command with args: [['/builds/slave/test/build/venv/bin/pip', 'install', '--no-deps', '--timeout', '120', '-r', '/builds/slave/test/build/tests/config/mozbase_requirements.txt', '--no-index', '--find-links', 'http://pypi.pvt.build.mozilla.org/pub', '--find-links', 'http://pypi.pub.build.mozilla.org/pub', '--trusted-host', 'pypi.pub.build.mozilla.org', '--trusted-host', 'pypi.pvt.build.mozilla.org']], kwargs: {'error_level': 'warning', 'error_list': [{'substr': 'not found or a compiler error:', 'level': 'warning'}, {'regex': <_sre.SRE_Pattern object at 0x7f6f351a8110>, 'level': 'error'}, {'regex': <_sre.SRE_Pattern object at 0x7f6f352b0e40>, 'level': 'warning'}, {'regex': <_sre.SRE_Pattern object at 0xd693e0>, 'level': 'debug'}, {'substr': 'command not found', 'level': 'error'}, {'regex': <_sre.SRE_Pattern object at 0xd65a90>, 'level': 'warning'}, {'substr': 'Traceback (most recent call last)', 'level': 'error'}, {'substr': 'SyntaxError: ', 'level': 'error'}, {'substr': 'TypeError: ', 'level': 'error'}, {'substr': 'NameError: ', 'level': 'error'}, {'substr': 'ZeroDivisionError: ', 'level': 'error'}, {'regex': <_sre.SRE_Pattern object at 0xd673f0>, 'level': 'critical'}, {'regex': <_sre.SRE_Pattern object at 0xd67670>, 'level': 'critical'}], 'cwd': '/builds/slave/test/build/tests/config', 'env': {'TMOUT': '86400', 'LOGNAME': 'cltbld', 'USER': 'cltbld', 'HOME': '/home/cltbld', 'PATH': '/usr/local/bin:/usr/local/bin:/usr/bin:/bin:/usr/local/games:/usr/games', 'DISPLAY': ':0', 'CCACHE_UMASK': '002', 'LANG': 'en_US.UTF-8', 'TERM': 'linux', 'SHELL': '/bin/bash', 'MOZ_NODE_PATH': '/usr/bin/node', 'XDG_SESSION_COOKIE': '9ca12473fbb1d023794ffd180000023c-1528588462.609626-1376402297', 'SHLVL': '1', 'NO_FAIL_ON_TEST_ERRORS': '1', 'MOZ_NO_REMOTE': '1', 'MOZ_HIDE_RESULTS_TABLE': '1', 'MAIL': '/var/mail/cltbld', '_': '/tools/buildbot/bin/python', 'NODE_PATH': '/usr/lib/nodejs:/usr/lib/node_modules:/usr/share/javascript', 'PWD': '/builds/slave/test', 'PROPERTIES_FILE': '/builds/slave/test/buildprops.json', 'CCACHE_DIR': '/builds/ccache'}}, attempt #1
16:56:29     INFO - Running command: ['/builds/slave/test/build/venv/bin/pip', 'install', '--no-deps', '--timeout', '120', '-r', '/builds/slave/test/build/tests/config/mozbase_requirements.txt', '--no-index', '--find-links', 'http://pypi.pvt.build.mozilla.org/pub', '--find-links', 'http://pypi.pub.build.mozilla.org/pub', '--trusted-host', 'pypi.pub.build.mozilla.org', '--trusted-host', 'pypi.pvt.build.mozilla.org'] in /builds/slave/test/build/tests/config
16:56:29     INFO - Copy/paste: /builds/slave/test/build/venv/bin/pip install --no-deps --timeout 120 -r /builds/slave/test/build/tests/config/mozbase_requirements.txt --no-index --find-links http://pypi.pvt.build.mozilla.org/pub --find-links http://pypi.pub.build.mozilla.org/pub --trusted-host pypi.pub.build.mozilla.org --trusted-host pypi.pvt.build.mozilla.org
16:56:29     INFO - Using env: {'CCACHE_DIR': '/builds/ccache',
16:56:29     INFO -  'CCACHE_UMASK': '002',
16:56:29     INFO -  'DISPLAY': ':0',
16:56:29     INFO -  'HOME': '/home/cltbld',
16:56:29     INFO -  'LANG': 'en_US.UTF-8',
16:56:29     INFO -  'LOGNAME': 'cltbld',
16:56:29     INFO -  'MAIL': '/var/mail/cltbld',
16:56:29     INFO -  'MOZ_HIDE_RESULTS_TABLE': '1',
16:56:29     INFO -  'MOZ_NODE_PATH': '/usr/bin/node',
16:56:29     INFO -  'MOZ_NO_REMOTE': '1',
16:56:29     INFO -  'NODE_PATH': '/usr/lib/nodejs:/usr/lib/node_modules:/usr/share/javascript',
16:56:29     INFO -  'NO_FAIL_ON_TEST_ERRORS': '1',
16:56:29     INFO -  'PATH': '/usr/local/bin:/usr/local/bin:/usr/bin:/bin:/usr/local/games:/usr/games',
16:56:29     INFO -  'PROPERTIES_FILE': '/builds/slave/test/buildprops.json',
16:56:29     INFO -  'PWD': '/builds/slave/test',
16:56:29     INFO -  'SHELL': '/bin/bash',
16:56:29     INFO -  'SHLVL': '1',
16:56:29     INFO -  'TERM': 'linux',
16:56:29     INFO -  'TMOUT': '86400',
16:56:29     INFO -  'USER': 'cltbld',
16:56:29     INFO -  'XDG_SESSION_COOKIE': '9ca12473fbb1d023794ffd180000023c-1528588462.609626-1376402297',
16:56:29     INFO -  '_': '/tools/buildbot/bin/python'}
16:56:30     INFO -  Ignoring indexes: https://pypi.python.org/simple
16:56:30     INFO -  Processing /builds/slave/test/build/tests/mozbase/manifestparser
16:56:30     INFO -  Processing /builds/slave/test/build/tests/mozbase/mozcrash
16:56:31     INFO -  Processing /builds/slave/test/build/tests/mozbase/mozdebug
16:56:31     INFO -  Processing /builds/slave/test/build/tests/mozbase/mozdevice
16:56:31     INFO -  Processing /builds/slave/test/build/tests/mozbase/mozfile
16:56:32     INFO -  Processing /builds/slave/test/build/tests/mozbase/mozhttpd
16:56:32     INFO -  Processing /builds/slave/test/build/tests/mozbase/mozinfo
16:56:32     INFO -  Processing /builds/slave/test/build/tests/mozbase/mozinstall
16:56:33     INFO -  Processing /builds/slave/test/build/tests/mozbase/mozleak
16:56:33     INFO -  Processing /builds/slave/test/build/tests/mozbase/mozlog
16:56:34     INFO -  Processing /builds/slave/test/build/tests/mozbase/moznetwork
16:56:34     INFO -  Processing /builds/slave/test/build/tests/mozbase/mozprocess
16:56:34     INFO -  Processing /builds/slave/test/build/tests/mozbase/mozprofile
16:56:35     INFO -  Processing /builds/slave/test/build/tests/mozbase/mozrunner
16:56:35     INFO -  Processing /builds/slave/test/build/tests/mozbase/mozscreenshot
16:56:35     INFO -  Processing /builds/slave/test/build/tests/mozbase/moztest
16:56:36     INFO -  Processing /builds/slave/test/build/tests/mozbase/mozversion
16:56:36     INFO -  Installing collected packages: manifestparser, mozcrash, mozdebug, mozdevice, mozfile, mozhttpd, mozinfo, mozInstall, mozleak, mozlog, moznetwork, mozprocess, mozprofile, mozrunner, mozscreenshot, moztest, mozversion
16:56:36     INFO -    Running setup.py install for manifestparser: started
16:56:37     INFO -      Running setup.py install for manifestparser: finished with status 'done'
16:56:37     INFO -    Running setup.py install for mozcrash: started
16:56:37     INFO -      Running setup.py install for mozcrash: finished with status 'done'
16:56:37     INFO -    Running setup.py install for mozdebug: started
16:56:37     INFO -      Running setup.py install for mozdebug: finished with status 'done'
16:56:38     INFO -    Running setup.py install for mozdevice: started
16:56:38     INFO -      Running setup.py install for mozdevice: finished with status 'done'
16:56:38     INFO -    Running setup.py install for mozfile: started
16:56:38     INFO -      Running setup.py install for mozfile: finished with status 'done'
16:56:38     INFO -    Running setup.py install for mozhttpd: started
16:56:39     INFO -      Running setup.py install for mozhttpd: finished with status 'done'
16:56:39     INFO -    Running setup.py install for mozinfo: started
16:56:39     INFO -      Running setup.py install for mozinfo: finished with status 'done'
16:56:39     INFO -    Running setup.py install for mozInstall: started
16:56:40     INFO -      Running setup.py install for mozInstall: finished with status 'done'
16:56:40     INFO -    Running setup.py install for mozleak: started
16:56:40     INFO -      Running setup.py install for mozleak: finished with status 'done'
16:56:40     INFO -    Running setup.py install for mozlog: started
16:56:41     INFO -      Running setup.py install for mozlog: finished with status 'done'
16:56:41     INFO -    Running setup.py install for moznetwork: started
16:56:41     INFO -      Running setup.py install for moznetwork: finished with status 'done'
16:56:41     INFO -    Running setup.py install for mozprocess: started
16:56:41     INFO -      Running setup.py install for mozprocess: finished with status 'done'
16:56:41     INFO -    Running setup.py install for mozprofile: started
16:56:42     INFO -      Running setup.py install for mozprofile: finished with status 'done'
16:56:42     INFO -    Running setup.py install for mozrunner: started
16:56:42     INFO -      Running setup.py install for mozrunner: finished with status 'done'
16:56:42     INFO -    Running setup.py install for mozscreenshot: started
16:56:43     INFO -      Running setup.py install for mozscreenshot: finished with status 'done'
16:56:43     INFO -    Running setup.py install for moztest: started
16:56:43     INFO -      Running setup.py install for moztest: finished with status 'done'
16:56:43     INFO -    Running setup.py install for mozversion: started
16:56:44     INFO -      Running setup.py install for mozversion: finished with status 'done'
16:56:44     INFO -  Successfully installed manifestparser-1.1 mozInstall-1.12 mozcrash-1.0 mozdebug-0.1 mozdevice-0.48 mozfile-1.2 mozhttpd-0.7 mozinfo-0.9 mozleak-0.1 mozlog-3.4 moznetwork-0.27 mozprocess-0.23 mozprofile-0.28 mozrunner-6.13 mozscreenshot-0.1 moztest-0.8 mozversion-1.4
16:56:44     INFO - Return code: 0
16:56:44     INFO - Installing None into virtualenv /builds/slave/test/build/venv
16:56:45     INFO - retry: Calling run_command with args: [['/builds/slave/test/build/venv/bin/pip', 'install', '--timeout', '120', '-r', '/builds/slave/test/build/tests/config/mozbase_requirements.txt', '--no-index', '--find-links', 'http://pypi.pvt.build.mozilla.org/pub', '--find-links', 'http://pypi.pub.build.mozilla.org/pub', '--trusted-host', 'pypi.pub.build.mozilla.org', '--trusted-host', 'pypi.pvt.build.mozilla.org']], kwargs: {'error_level': 'warning', 'error_list': [{'substr': 'not found or a compiler error:', 'level': 'warning'}, {'regex': <_sre.SRE_Pattern object at 0x7f6f351a8110>, 'level': 'error'}, {'regex': <_sre.SRE_Pattern object at 0x7f6f352b0e40>, 'level': 'warning'}, {'regex': <_sre.SRE_Pattern object at 0xd693e0>, 'level': 'debug'}, {'substr': 'command not found', 'level': 'error'}, {'regex': <_sre.SRE_Pattern object at 0xd65a90>, 'level': 'warning'}, {'substr': 'Traceback (most recent call last)', 'level': 'error'}, {'substr': 'SyntaxError: ', 'level': 'error'}, {'substr': 'TypeError: ', 'level': 'error'}, {'substr': 'NameError: ', 'level': 'error'}, {'substr': 'ZeroDivisionError: ', 'level': 'error'}, {'regex': <_sre.SRE_Pattern object at 0xd673f0>, 'level': 'critical'}, {'regex': <_sre.SRE_Pattern object at 0xd67670>, 'level': 'critical'}], 'cwd': '/builds/slave/test/build/tests/config', 'env': {'TMOUT': '86400', 'LOGNAME': 'cltbld', 'USER': 'cltbld', 'HOME': '/home/cltbld', 'PATH': '/usr/local/bin:/usr/local/bin:/usr/bin:/bin:/usr/local/games:/usr/games', 'DISPLAY': ':0', 'CCACHE_UMASK': '002', 'LANG': 'en_US.UTF-8', 'TERM': 'linux', 'SHELL': '/bin/bash', 'MOZ_NODE_PATH': '/usr/bin/node', 'XDG_SESSION_COOKIE': '9ca12473fbb1d023794ffd180000023c-1528588462.609626-1376402297', 'SHLVL': '1', 'NO_FAIL_ON_TEST_ERRORS': '1', 'MOZ_NO_REMOTE': '1', 'MOZ_HIDE_RESULTS_TABLE': '1', 'MAIL': '/var/mail/cltbld', '_': '/tools/buildbot/bin/python', 'NODE_PATH': '/usr/lib/nodejs:/usr/lib/node_modules:/usr/share/javascript', 'PWD': '/builds/slave/test', 'PROPERTIES_FILE': '/builds/slave/test/buildprops.json', 'CCACHE_DIR': '/builds/ccache'}}, attempt #1
16:56:45     INFO - Running command: ['/builds/slave/test/build/venv/bin/pip', 'install', '--timeout', '120', '-r', '/builds/slave/test/build/tests/config/mozbase_requirements.txt', '--no-index', '--find-links', 'http://pypi.pvt.build.mozilla.org/pub', '--find-links', 'http://pypi.pub.build.mozilla.org/pub', '--trusted-host', 'pypi.pub.build.mozilla.org', '--trusted-host', 'pypi.pvt.build.mozilla.org'] in /builds/slave/test/build/tests/config
16:56:45     INFO - Copy/paste: /builds/slave/test/build/venv/bin/pip install --timeout 120 -r /builds/slave/test/build/tests/config/mozbase_requirements.txt --no-index --find-links http://pypi.pvt.build.mozilla.org/pub --find-links http://pypi.pub.build.mozilla.org/pub --trusted-host pypi.pub.build.mozilla.org --trusted-host pypi.pvt.build.mozilla.org
16:56:45     INFO - Using env: {'CCACHE_DIR': '/builds/ccache',
16:56:45     INFO -  'CCACHE_UMASK': '002',
16:56:45     INFO -  'DISPLAY': ':0',
16:56:45     INFO -  'HOME': '/home/cltbld',
16:56:45     INFO -  'LANG': 'en_US.UTF-8',
16:56:45     INFO -  'LOGNAME': 'cltbld',
16:56:45     INFO -  'MAIL': '/var/mail/cltbld',
16:56:45     INFO -  'MOZ_HIDE_RESULTS_TABLE': '1',
16:56:45     INFO -  'MOZ_NODE_PATH': '/usr/bin/node',
16:56:45     INFO -  'MOZ_NO_REMOTE': '1',
16:56:45     INFO -  'NODE_PATH': '/usr/lib/nodejs:/usr/lib/node_modules:/usr/share/javascript',
16:56:45     INFO -  'NO_FAIL_ON_TEST_ERRORS': '1',
16:56:45     INFO -  'PATH': '/usr/local/bin:/usr/local/bin:/usr/bin:/bin:/usr/local/games:/usr/games',
16:56:45     INFO -  'PROPERTIES_FILE': '/builds/slave/test/buildprops.json',
16:56:45     INFO -  'PWD': '/builds/slave/test',
16:56:45     INFO -  'SHELL': '/bin/bash',
16:56:45     INFO -  'SHLVL': '1',
16:56:45     INFO -  'TERM': 'linux',
16:56:45     INFO -  'TMOUT': '86400',
16:56:45     INFO -  'USER': 'cltbld',
16:56:45     INFO -  'XDG_SESSION_COOKIE': '9ca12473fbb1d023794ffd180000023c-1528588462.609626-1376402297',
16:56:45     INFO -  '_': '/tools/buildbot/bin/python'}
16:56:45     INFO -  Ignoring indexes: https://pypi.python.org/simple
16:56:45     INFO -  Processing /builds/slave/test/build/tests/mozbase/manifestparser
16:56:46     INFO -    Requirement already satisfied (use --upgrade to upgrade): manifestparser==1.1 from file:///builds/slave/test/build/tests/mozbase/manifestparser in /builds/slave/test/build/venv/lib/python2.7/site-packages (from -r /builds/slave/test/build/tests/config/mozbase_requirements.txt (line 1))
16:56:46     INFO -  Processing /builds/slave/test/build/tests/mozbase/mozcrash
16:56:46     INFO -    Requirement already satisfied (use --upgrade to upgrade): mozcrash==1.0 from file:///builds/slave/test/build/tests/mozbase/mozcrash in /builds/slave/test/build/venv/lib/python2.7/site-packages (from -r /builds/slave/test/build/tests/config/mozbase_requirements.txt (line 2))
16:56:46     INFO -  Processing /builds/slave/test/build/tests/mozbase/mozdebug
16:56:47     INFO -    Requirement already satisfied (use --upgrade to upgrade): mozdebug==0.1 from file:///builds/slave/test/build/tests/mozbase/mozdebug in /builds/slave/test/build/venv/lib/python2.7/site-packages (from -r /builds/slave/test/build/tests/config/mozbase_requirements.txt (line 3))
16:56:47     INFO -  Processing /builds/slave/test/build/tests/mozbase/mozdevice
16:56:47     INFO -    Requirement already satisfied (use --upgrade to upgrade): mozdevice==0.48 from file:///builds/slave/test/build/tests/mozbase/mozdevice in /builds/slave/test/build/venv/lib/python2.7/site-packages (from -r /builds/slave/test/build/tests/config/mozbase_requirements.txt (line 4))
16:56:47     INFO -  Processing /builds/slave/test/build/tests/mozbase/mozfile
16:56:48     INFO -    Requirement already satisfied (use --upgrade to upgrade): mozfile==1.2 from file:///builds/slave/test/build/tests/mozbase/mozfile in /builds/slave/test/build/venv/lib/python2.7/site-packages (from -r /builds/slave/test/build/tests/config/mozbase_requirements.txt (line 5))
16:56:48     INFO -  Processing /builds/slave/test/build/tests/mozbase/mozhttpd
16:56:48     INFO -    Requirement already satisfied (use --upgrade to upgrade): mozhttpd==0.7 from file:///builds/slave/test/build/tests/mozbase/mozhttpd in /builds/slave/test/build/venv/lib/python2.7/site-packages (from -r /builds/slave/test/build/tests/config/mozbase_requirements.txt (line 6))
16:56:48     INFO -  Processing /builds/slave/test/build/tests/mozbase/mozinfo
16:56:48     INFO -    Requirement already satisfied (use --upgrade to upgrade): mozinfo==0.9 from file:///builds/slave/test/build/tests/mozbase/mozinfo in /builds/slave/test/build/venv/lib/python2.7/site-packages (from -r /builds/slave/test/build/tests/config/mozbase_requirements.txt (line 7))
16:56:48     INFO -  Processing /builds/slave/test/build/tests/mozbase/mozinstall
16:56:49     INFO -    Requirement already satisfied (use --upgrade to upgrade): mozInstall==1.12 from file:///builds/slave/test/build/tests/mozbase/mozinstall in /builds/slave/test/build/venv/lib/python2.7/site-packages (from -r /builds/slave/test/build/tests/config/mozbase_requirements.txt (line 8))
16:56:49     INFO -  Processing /builds/slave/test/build/tests/mozbase/mozleak
16:56:49     INFO -    Requirement already satisfied (use --upgrade to upgrade): mozleak==0.1 from file:///builds/slave/test/build/tests/mozbase/mozleak in /builds/slave/test/build/venv/lib/python2.7/site-packages (from -r /builds/slave/test/build/tests/config/mozbase_requirements.txt (line 9))
16:56:49     INFO -  Processing /builds/slave/test/build/tests/mozbase/mozlog
16:56:49     INFO -    Requirement already satisfied (use --upgrade to upgrade): mozlog==3.4 from file:///builds/slave/test/build/tests/mozbase/mozlog in /builds/slave/test/build/venv/lib/python2.7/site-packages (from -r /builds/slave/test/build/tests/config/mozbase_requirements.txt (line 10))
16:56:49     INFO -  Processing /builds/slave/test/build/tests/mozbase/moznetwork
16:56:50     INFO -    Requirement already satisfied (use --upgrade to upgrade): moznetwork==0.27 from file:///builds/slave/test/build/tests/mozbase/moznetwork in /builds/slave/test/build/venv/lib/python2.7/site-packages (from -r /builds/slave/test/build/tests/config/mozbase_requirements.txt (line 11))
16:56:50     INFO -  Processing /builds/slave/test/build/tests/mozbase/mozprocess
16:56:50     INFO -    Requirement already satisfied (use --upgrade to upgrade): mozprocess==0.23 from file:///builds/slave/test/build/tests/mozbase/mozprocess in /builds/slave/test/build/venv/lib/python2.7/site-packages (from -r /builds/slave/test/build/tests/config/mozbase_requirements.txt (line 12))
16:56:50     INFO -  Processing /builds/slave/test/build/tests/mozbase/mozprofile
16:56:51     INFO -    Requirement already satisfied (use --upgrade to upgrade): mozprofile==0.28 from file:///builds/slave/test/build/tests/mozbase/mozprofile in /builds/slave/test/build/venv/lib/python2.7/site-packages (from -r /builds/slave/test/build/tests/config/mozbase_requirements.txt (line 13))
16:56:51     INFO -  Processing /builds/slave/test/build/tests/mozbase/mozrunner
16:56:51     INFO -    Requirement already satisfied (use --upgrade to upgrade): mozrunner==6.13 from file:///builds/slave/test/build/tests/mozbase/mozrunner in /builds/slave/test/build/venv/lib/python2.7/site-packages (from -r /builds/slave/test/build/tests/config/mozbase_requirements.txt (line 14))
16:56:51     INFO -  Processing /builds/slave/test/build/tests/mozbase/mozscreenshot
16:56:52     INFO -    Requirement already satisfied (use --upgrade to upgrade): mozscreenshot==0.1 from file:///builds/slave/test/build/tests/mozbase/mozscreenshot in /builds/slave/test/build/venv/lib/python2.7/site-packages (from -r /builds/slave/test/build/tests/config/mozbase_requirements.txt (line 15))
16:56:52     INFO -  Processing /builds/slave/test/build/tests/mozbase/moztest
16:56:52     INFO -    Requirement already satisfied (use --upgrade to upgrade): moztest==0.8 from file:///builds/slave/test/build/tests/mozbase/moztest in /builds/slave/test/build/venv/lib/python2.7/site-packages (from -r /builds/slave/test/build/tests/config/mozbase_requirements.txt (line 16))
16:56:52     INFO -  Processing /builds/slave/test/build/tests/mozbase/mozversion
16:56:52     INFO -    Requirement already satisfied (use --upgrade to upgrade): mozversion==1.4 from file:///builds/slave/test/build/tests/mozbase/mozversion in /builds/slave/test/build/venv/lib/python2.7/site-packages (from -r /builds/slave/test/build/tests/config/mozbase_requirements.txt (line 17))
16:56:52     INFO -  Requirement already satisfied (use --upgrade to upgrade): mozfile>=1.0 in /builds/slave/test/build/venv/lib/python2.7/site-packages (from mozcrash==1.0->-r /builds/slave/test/build/tests/config/mozbase_requirements.txt (line 2))
16:56:52     INFO -  Requirement already satisfied (use --upgrade to upgrade): mozlog>=3.0 in /builds/slave/test/build/venv/lib/python2.7/site-packages (from mozcrash==1.0->-r /builds/slave/test/build/tests/config/mozbase_requirements.txt (line 2))
16:56:52     INFO -  Requirement already satisfied (use --upgrade to upgrade): mozinfo in /builds/slave/test/build/venv/lib/python2.7/site-packages (from mozdebug==0.1->-r /builds/slave/test/build/tests/config/mozbase_requirements.txt (line 3))
16:56:52     INFO -  Requirement already satisfied (use --upgrade to upgrade): moznetwork>=0.24 in /builds/slave/test/build/venv/lib/python2.7/site-packages (from mozdevice==0.48->-r /builds/slave/test/build/tests/config/mozbase_requirements.txt (line 4))
16:56:52     INFO -  Requirement already satisfied (use --upgrade to upgrade): mozprocess>=0.19 in /builds/slave/test/build/venv/lib/python2.7/site-packages (from mozdevice==0.48->-r /builds/slave/test/build/tests/config/mozbase_requirements.txt (line 4))
16:56:52     INFO -  Collecting blessings>=1.3 (from mozlog==3.4->-r /builds/slave/test/build/tests/config/mozbase_requirements.txt (line 10))
16:56:53     INFO -  /builds/slave/test/build/venv/lib/python2.7/site-packages/pip/_vendor/requests/packages/urllib3/util/ssl_.py:318: SNIMissingWarning: An HTTPS request has been made, but the SNI (Subject Name Indication) extension to TLS is not available on this platform. This may cause the server to present an incorrect TLS certificate, which can cause validation failures. You can upgrade to a newer version of Python to solve this. For more information, see https://urllib3.readthedocs.org/en/latest/security.html#snimissingwarning.
16:56:53     INFO -    SNIMissingWarning
16:56:53     INFO -  /builds/slave/test/build/venv/lib/python2.7/site-packages/pip/_vendor/requests/packages/urllib3/util/ssl_.py:122: InsecurePlatformWarning: A true SSLContext object is not available. This prevents urllib3 from configuring SSL appropriately and may cause certain SSL connections to fail. You can upgrade to a newer version of Python to solve this. For more information, see https://urllib3.readthedocs.org/en/latest/security.html#insecureplatformwarning.
16:56:53     INFO -    InsecurePlatformWarning
16:56:54     INFO -  /builds/slave/test/build/venv/lib/python2.7/site-packages/pip/_vendor/requests/packages/urllib3/util/ssl_.py:122: InsecurePlatformWarning: A true SSLContext object is not available. This prevents urllib3 from configuring SSL appropriately and may cause certain SSL connections to fail. You can upgrade to a newer version of Python to solve this. For more information, see https://urllib3.readthedocs.org/en/latest/security.html#insecureplatformwarning.
16:56:54     INFO -    InsecurePlatformWarning
16:57:00     INFO -    Downloading https://pypi.pvt.build.mozilla.org/pub/blessings-1.6.tar.gz
16:57:00     INFO -  Building wheels for collected packages: blessings
16:57:00     INFO -    Running setup.py bdist_wheel for blessings: started
16:57:01     INFO -    Running setup.py bdist_wheel for blessings: finished with status 'done'
16:57:01     INFO -    Stored in directory: /home/cltbld/.cache/pip/wheels/fb/37/ae/c6b15ed5da2ead5847df54c8319487050d4dcc950c9795eae9
16:57:01     INFO -  Successfully built blessings
16:57:01     INFO -  Installing collected packages: blessings
16:57:01     INFO -  Successfully installed blessings-1.6
16:57:01     INFO - Return code: 0
16:57:01     INFO - Installing pip>=1.5 into virtualenv /builds/slave/test/build/venv
16:57:01     INFO - retry: Calling run_command with args: [['/builds/slave/test/build/venv/bin/pip', 'install', '--timeout', '120', '--no-index', '--find-links', 'http://pypi.pvt.build.mozilla.org/pub', '--find-links', 'http://pypi.pub.build.mozilla.org/pub', '--trusted-host', 'pypi.pub.build.mozilla.org', '--trusted-host', 'pypi.pvt.build.mozilla.org', 'pip>=1.5']], kwargs: {'error_level': 'warning', 'error_list': [{'substr': 'not found or a compiler error:', 'level': 'warning'}, {'regex': <_sre.SRE_Pattern object at 0x7f6f351a8110>, 'level': 'error'}, {'regex': <_sre.SRE_Pattern object at 0x7f6f352b0e40>, 'level': 'warning'}, {'regex': <_sre.SRE_Pattern object at 0xd693e0>, 'level': 'debug'}, {'substr': 'command not found', 'level': 'error'}, {'regex': <_sre.SRE_Pattern object at 0xd65a90>, 'level': 'warning'}, {'substr': 'Traceback (most recent call last)', 'level': 'error'}, {'substr': 'SyntaxError: ', 'level': 'error'}, {'substr': 'TypeError: ', 'level': 'error'}, {'substr': 'NameError: ', 'level': 'error'}, {'substr': 'ZeroDivisionError: ', 'level': 'error'}, {'regex': <_sre.SRE_Pattern object at 0xd673f0>, 'level': 'critical'}, {'regex': <_sre.SRE_Pattern object at 0xd67670>, 'level': 'critical'}], 'cwd': '/builds/slave/test/build', 'env': {'TMOUT': '86400', 'LOGNAME': 'cltbld', 'USER': 'cltbld', 'HOME': '/home/cltbld', 'PATH': '/usr/local/bin:/usr/local/bin:/usr/bin:/bin:/usr/local/games:/usr/games', 'DISPLAY': ':0', 'CCACHE_UMASK': '002', 'LANG': 'en_US.UTF-8', 'TERM': 'linux', 'SHELL': '/bin/bash', 'MOZ_NODE_PATH': '/usr/bin/node', 'XDG_SESSION_COOKIE': '9ca12473fbb1d023794ffd180000023c-1528588462.609626-1376402297', 'SHLVL': '1', 'NO_FAIL_ON_TEST_ERRORS': '1', 'MOZ_NO_REMOTE': '1', 'MOZ_HIDE_RESULTS_TABLE': '1', 'MAIL': '/var/mail/cltbld', '_': '/tools/buildbot/bin/python', 'NODE_PATH': '/usr/lib/nodejs:/usr/lib/node_modules:/usr/share/javascript', 'PWD': '/builds/slave/test', 'PROPERTIES_FILE': '/builds/slave/test/buildprops.json', 'CCACHE_DIR': '/builds/ccache'}}, attempt #1
16:57:01     INFO - Running command: ['/builds/slave/test/build/venv/bin/pip', 'install', '--timeout', '120', '--no-index', '--find-links', 'http://pypi.pvt.build.mozilla.org/pub', '--find-links', 'http://pypi.pub.build.mozilla.org/pub', '--trusted-host', 'pypi.pub.build.mozilla.org', '--trusted-host', 'pypi.pvt.build.mozilla.org', 'pip>=1.5'] in /builds/slave/test/build
16:57:01     INFO - Copy/paste: /builds/slave/test/build/venv/bin/pip install --timeout 120 --no-index --find-links http://pypi.pvt.build.mozilla.org/pub --find-links http://pypi.pub.build.mozilla.org/pub --trusted-host pypi.pub.build.mozilla.org --trusted-host pypi.pvt.build.mozilla.org pip>=1.5
16:57:01     INFO - Using env: {'CCACHE_DIR': '/builds/ccache',
16:57:01     INFO -  'CCACHE_UMASK': '002',
16:57:01     INFO -  'DISPLAY': ':0',
16:57:01     INFO -  'HOME': '/home/cltbld',
16:57:01     INFO -  'LANG': 'en_US.UTF-8',
16:57:01     INFO -  'LOGNAME': 'cltbld',
16:57:01     INFO -  'MAIL': '/var/mail/cltbld',
16:57:01     INFO -  'MOZ_HIDE_RESULTS_TABLE': '1',
16:57:01     INFO -  'MOZ_NODE_PATH': '/usr/bin/node',
16:57:01     INFO -  'MOZ_NO_REMOTE': '1',
16:57:01     INFO -  'NODE_PATH': '/usr/lib/nodejs:/usr/lib/node_modules:/usr/share/javascript',
16:57:01     INFO -  'NO_FAIL_ON_TEST_ERRORS': '1',
16:57:01     INFO -  'PATH': '/usr/local/bin:/usr/local/bin:/usr/bin:/bin:/usr/local/games:/usr/games',
16:57:01     INFO -  'PROPERTIES_FILE': '/builds/slave/test/buildprops.json',
16:57:01     INFO -  'PWD': '/builds/slave/test',
16:57:01     INFO -  'SHELL': '/bin/bash',
16:57:01     INFO -  'SHLVL': '1',
16:57:01     INFO -  'TERM': 'linux',
16:57:01     INFO -  'TMOUT': '86400',
16:57:01     INFO -  'USER': 'cltbld',
16:57:01     INFO -  'XDG_SESSION_COOKIE': '9ca12473fbb1d023794ffd180000023c-1528588462.609626-1376402297',
16:57:01     INFO -  '_': '/tools/buildbot/bin/python'}
16:57:02     INFO -  Ignoring indexes: https://pypi.python.org/simple
16:57:02     INFO -  Requirement already satisfied (use --upgrade to upgrade): pip>=1.5 in ./venv/lib/python2.7/site-packages
16:57:02     INFO - Return code: 0
16:57:02     INFO - Installing psutil==3.1.1 into virtualenv /builds/slave/test/build/venv
16:57:03     INFO - retry: Calling run_command with args: [['/builds/slave/test/build/venv/bin/pip', 'install', '--timeout', '120', '--no-index', '--find-links', 'http://pypi.pvt.build.mozilla.org/pub', '--find-links', 'http://pypi.pub.build.mozilla.org/pub', '--trusted-host', 'pypi.pub.build.mozilla.org', '--trusted-host', 'pypi.pvt.build.mozilla.org', 'psutil==3.1.1']], kwargs: {'error_level': 'warning', 'error_list': [{'substr': 'not found or a compiler error:', 'level': 'warning'}, {'regex': <_sre.SRE_Pattern object at 0x7f6f351a8110>, 'level': 'error'}, {'regex': <_sre.SRE_Pattern object at 0x7f6f352b0e40>, 'level': 'warning'}, {'regex': <_sre.SRE_Pattern object at 0xd693e0>, 'level': 'debug'}, {'substr': 'command not found', 'level': 'error'}, {'regex': <_sre.SRE_Pattern object at 0xd65a90>, 'level': 'warning'}, {'substr': 'Traceback (most recent call last)', 'level': 'error'}, {'substr': 'SyntaxError: ', 'level': 'error'}, {'substr': 'TypeError: ', 'level': 'error'}, {'substr': 'NameError: ', 'level': 'error'}, {'substr': 'ZeroDivisionError: ', 'level': 'error'}, {'regex': <_sre.SRE_Pattern object at 0xd673f0>, 'level': 'critical'}, {'regex': <_sre.SRE_Pattern object at 0xd67670>, 'level': 'critical'}], 'cwd': '/builds/slave/test/build', 'env': {'TMOUT': '86400', 'LOGNAME': 'cltbld', 'USER': 'cltbld', 'HOME': '/home/cltbld', 'PATH': '/usr/local/bin:/usr/local/bin:/usr/bin:/bin:/usr/local/games:/usr/games', 'DISPLAY': ':0', 'CCACHE_UMASK': '002', 'LANG': 'en_US.UTF-8', 'TERM': 'linux', 'SHELL': '/bin/bash', 'MOZ_NODE_PATH': '/usr/bin/node', 'XDG_SESSION_COOKIE': '9ca12473fbb1d023794ffd180000023c-1528588462.609626-1376402297', 'SHLVL': '1', 'NO_FAIL_ON_TEST_ERRORS': '1', 'MOZ_NO_REMOTE': '1', 'MOZ_HIDE_RESULTS_TABLE': '1', 'MAIL': '/var/mail/cltbld', '_': '/tools/buildbot/bin/python', 'NODE_PATH': '/usr/lib/nodejs:/usr/lib/node_modules:/usr/share/javascript', 'PWD': '/builds/slave/test', 'PROPERTIES_FILE': '/builds/slave/test/buildprops.json', 'CCACHE_DIR': '/builds/ccache'}}, attempt #1
16:57:03     INFO - Running command: ['/builds/slave/test/build/venv/bin/pip', 'install', '--timeout', '120', '--no-index', '--find-links', 'http://pypi.pvt.build.mozilla.org/pub', '--find-links', 'http://pypi.pub.build.mozilla.org/pub', '--trusted-host', 'pypi.pub.build.mozilla.org', '--trusted-host', 'pypi.pvt.build.mozilla.org', 'psutil==3.1.1'] in /builds/slave/test/build
16:57:03     INFO - Copy/paste: /builds/slave/test/build/venv/bin/pip install --timeout 120 --no-index --find-links http://pypi.pvt.build.mozilla.org/pub --find-links http://pypi.pub.build.mozilla.org/pub --trusted-host pypi.pub.build.mozilla.org --trusted-host pypi.pvt.build.mozilla.org psutil==3.1.1
16:57:03     INFO - Using env: {'CCACHE_DIR': '/builds/ccache',
16:57:03     INFO -  'CCACHE_UMASK': '002',
16:57:03     INFO -  'DISPLAY': ':0',
16:57:03     INFO -  'HOME': '/home/cltbld',
16:57:03     INFO -  'LANG': 'en_US.UTF-8',
16:57:03     INFO -  'LOGNAME': 'cltbld',
16:57:03     INFO -  'MAIL': '/var/mail/cltbld',
16:57:03     INFO -  'MOZ_HIDE_RESULTS_TABLE': '1',
16:57:03     INFO -  'MOZ_NODE_PATH': '/usr/bin/node',
16:57:03     INFO -  'MOZ_NO_REMOTE': '1',
16:57:03     INFO -  'NODE_PATH': '/usr/lib/nodejs:/usr/lib/node_modules:/usr/share/javascript',
16:57:03     INFO -  'NO_FAIL_ON_TEST_ERRORS': '1',
16:57:03     INFO -  'PATH': '/usr/local/bin:/usr/local/bin:/usr/bin:/bin:/usr/local/games:/usr/games',
16:57:03     INFO -  'PROPERTIES_FILE': '/builds/slave/test/buildprops.json',
16:57:03     INFO -  'PWD': '/builds/slave/test',
16:57:03     INFO -  'SHELL': '/bin/bash',
16:57:03     INFO -  'SHLVL': '1',
16:57:03     INFO -  'TERM': 'linux',
16:57:03     INFO -  'TMOUT': '86400',
16:57:03     INFO -  'USER': 'cltbld',
16:57:03     INFO -  'XDG_SESSION_COOKIE': '9ca12473fbb1d023794ffd180000023c-1528588462.609626-1376402297',
16:57:03     INFO -  '_': '/tools/buildbot/bin/python'}
16:57:03     INFO -  Ignoring indexes: https://pypi.python.org/simple
16:57:03     INFO -  Collecting psutil==3.1.1
16:57:04     INFO -  /builds/slave/test/build/venv/lib/python2.7/site-packages/pip/_vendor/requests/packages/urllib3/util/ssl_.py:318: SNIMissingWarning: An HTTPS request has been made, but the SNI (Subject Name Indication) extension to TLS is not available on this platform. This may cause the server to present an incorrect TLS certificate, which can cause validation failures. You can upgrade to a newer version of Python to solve this. For more information, see https://urllib3.readthedocs.org/en/latest/security.html#snimissingwarning.
16:57:04     INFO -    SNIMissingWarning
16:57:04     INFO -  /builds/slave/test/build/venv/lib/python2.7/site-packages/pip/_vendor/requests/packages/urllib3/util/ssl_.py:122: InsecurePlatformWarning: A true SSLContext object is not available. This prevents urllib3 from configuring SSL appropriately and may cause certain SSL connections to fail. You can upgrade to a newer version of Python to solve this. For more information, see https://urllib3.readthedocs.org/en/latest/security.html#insecureplatformwarning.
16:57:04     INFO -    InsecurePlatformWarning
16:57:06     INFO -  /builds/slave/test/build/venv/lib/python2.7/site-packages/pip/_vendor/requests/packages/urllib3/util/ssl_.py:122: InsecurePlatformWarning: A true SSLContext object is not available. This prevents urllib3 from configuring SSL appropriately and may cause certain SSL connections to fail. You can upgrade to a newer version of Python to solve this. For more information, see https://urllib3.readthedocs.org/en/latest/security.html#insecureplatformwarning.
16:57:06     INFO -    InsecurePlatformWarning
16:57:11     INFO -    Downloading https://pypi.pvt.build.mozilla.org/pub/psutil-3.1.1.tar.gz (247kB)
16:57:12     INFO -  Building wheels for collected packages: psutil
16:57:12     INFO -    Running setup.py bdist_wheel for psutil: started
16:57:13     INFO -    Running setup.py bdist_wheel for psutil: finished with status 'done'
16:57:13     INFO -    Stored in directory: /home/cltbld/.cache/pip/wheels/1e/e6/25/f0494673fc8d727828e74362e3beb4cbaf34d8be516156ba0c
16:57:13     INFO -  Successfully built psutil
16:57:13     INFO -  Installing collected packages: psutil
16:57:13     INFO -    Found existing installation: psutil 5.4.3
16:57:13     INFO -      Uninstalling psutil-5.4.3:
16:57:13     INFO -        Successfully uninstalled psutil-5.4.3
16:57:13     INFO -  Successfully installed psutil-3.1.1
16:57:14     INFO - Return code: 0
16:57:14     INFO - Installing mock into virtualenv /builds/slave/test/build/venv
16:57:14     INFO - retry: Calling run_command with args: [['/builds/slave/test/build/venv/bin/pip', 'install', '--timeout', '120', '--no-index', '--find-links', 'http://pypi.pvt.build.mozilla.org/pub', '--find-links', 'http://pypi.pub.build.mozilla.org/pub', '--trusted-host', 'pypi.pub.build.mozilla.org', '--trusted-host', 'pypi.pvt.build.mozilla.org', 'mock']], kwargs: {'error_level': 'warning', 'error_list': [{'substr': 'not found or a compiler error:', 'level': 'warning'}, {'regex': <_sre.SRE_Pattern object at 0x7f6f351a8110>, 'level': 'error'}, {'regex': <_sre.SRE_Pattern object at 0x7f6f352b0e40>, 'level': 'warning'}, {'regex': <_sre.SRE_Pattern object at 0xd693e0>, 'level': 'debug'}, {'substr': 'command not found', 'level': 'error'}, {'regex': <_sre.SRE_Pattern object at 0xd65a90>, 'level': 'warning'}, {'substr': 'Traceback (most recent call last)', 'level': 'error'}, {'substr': 'SyntaxError: ', 'level': 'error'}, {'substr': 'TypeError: ', 'level': 'error'}, {'substr': 'NameError: ', 'level': 'error'}, {'substr': 'ZeroDivisionError: ', 'level': 'error'}, {'regex': <_sre.SRE_Pattern object at 0xd673f0>, 'level': 'critical'}, {'regex': <_sre.SRE_Pattern object at 0xd67670>, 'level': 'critical'}], 'cwd': '/builds/slave/test/build', 'env': {'TMOUT': '86400', 'LOGNAME': 'cltbld', 'USER': 'cltbld', 'HOME': '/home/cltbld', 'PATH': '/usr/local/bin:/usr/local/bin:/usr/bin:/bin:/usr/local/games:/usr/games', 'DISPLAY': ':0', 'CCACHE_UMASK': '002', 'LANG': 'en_US.UTF-8', 'TERM': 'linux', 'SHELL': '/bin/bash', 'MOZ_NODE_PATH': '/usr/bin/node', 'XDG_SESSION_COOKIE': '9ca12473fbb1d023794ffd180000023c-1528588462.609626-1376402297', 'SHLVL': '1', 'NO_FAIL_ON_TEST_ERRORS': '1', 'MOZ_NO_REMOTE': '1', 'MOZ_HIDE_RESULTS_TABLE': '1', 'MAIL': '/var/mail/cltbld', '_': '/tools/buildbot/bin/python', 'NODE_PATH': '/usr/lib/nodejs:/usr/lib/node_modules:/usr/share/javascript', 'PWD': '/builds/slave/test', 'PROPERTIES_FILE': '/builds/slave/test/buildprops.json', 'CCACHE_DIR': '/builds/ccache'}}, attempt #1
16:57:14     INFO - Running command: ['/builds/slave/test/build/venv/bin/pip', 'install', '--timeout', '120', '--no-index', '--find-links', 'http://pypi.pvt.build.mozilla.org/pub', '--find-links', 'http://pypi.pub.build.mozilla.org/pub', '--trusted-host', 'pypi.pub.build.mozilla.org', '--trusted-host', 'pypi.pvt.build.mozilla.org', 'mock'] in /builds/slave/test/build
16:57:14     INFO - Copy/paste: /builds/slave/test/build/venv/bin/pip install --timeout 120 --no-index --find-links http://pypi.pvt.build.mozilla.org/pub --find-links http://pypi.pub.build.mozilla.org/pub --trusted-host pypi.pub.build.mozilla.org --trusted-host pypi.pvt.build.mozilla.org mock
16:57:14     INFO - Using env: {'CCACHE_DIR': '/builds/ccache',
16:57:14     INFO -  'CCACHE_UMASK': '002',
16:57:14     INFO -  'DISPLAY': ':0',
16:57:14     INFO -  'HOME': '/home/cltbld',
16:57:14     INFO -  'LANG': 'en_US.UTF-8',
16:57:14     INFO -  'LOGNAME': 'cltbld',
16:57:14     INFO -  'MAIL': '/var/mail/cltbld',
16:57:14     INFO -  'MOZ_HIDE_RESULTS_TABLE': '1',
16:57:14     INFO -  'MOZ_NODE_PATH': '/usr/bin/node',
16:57:14     INFO -  'MOZ_NO_REMOTE': '1',
16:57:14     INFO -  'NODE_PATH': '/usr/lib/nodejs:/usr/lib/node_modules:/usr/share/javascript',
16:57:14     INFO -  'NO_FAIL_ON_TEST_ERRORS': '1',
16:57:14     INFO -  'PATH': '/usr/local/bin:/usr/local/bin:/usr/bin:/bin:/usr/local/games:/usr/games',
16:57:14     INFO -  'PROPERTIES_FILE': '/builds/slave/test/buildprops.json',
16:57:14     INFO -  'PWD': '/builds/slave/test',
16:57:14     INFO -  'SHELL': '/bin/bash',
16:57:14     INFO -  'SHLVL': '1',
16:57:14     INFO -  'TERM': 'linux',
16:57:14     INFO -  'TMOUT': '86400',
16:57:14     INFO -  'USER': 'cltbld',
16:57:14     INFO -  'XDG_SESSION_COOKIE': '9ca12473fbb1d023794ffd180000023c-1528588462.609626-1376402297',
16:57:14     INFO -  '_': '/tools/buildbot/bin/python'}
16:57:15     INFO -  Ignoring indexes: https://pypi.python.org/simple
16:57:15     INFO -  Collecting mock
16:57:15     INFO -  /builds/slave/test/build/venv/lib/python2.7/site-packages/pip/_vendor/requests/packages/urllib3/util/ssl_.py:318: SNIMissingWarning: An HTTPS request has been made, but the SNI (Subject Name Indication) extension to TLS is not available on this platform. This may cause the server to present an incorrect TLS certificate, which can cause validation failures. You can upgrade to a newer version of Python to solve this. For more information, see https://urllib3.readthedocs.org/en/latest/security.html#snimissingwarning.
16:57:15     INFO -    SNIMissingWarning
16:57:15     INFO -  /builds/slave/test/build/venv/lib/python2.7/site-packages/pip/_vendor/requests/packages/urllib3/util/ssl_.py:122: InsecurePlatformWarning: A true SSLContext object is not available. This prevents urllib3 from configuring SSL appropriately and may cause certain SSL connections to fail. You can upgrade to a newer version of Python to solve this. For more information, see https://urllib3.readthedocs.org/en/latest/security.html#insecureplatformwarning.
16:57:15     INFO -    InsecurePlatformWarning
16:57:17     INFO -  /builds/slave/test/build/venv/lib/python2.7/site-packages/pip/_vendor/requests/packages/urllib3/util/ssl_.py:122: InsecurePlatformWarning: A true SSLContext object is not available. This prevents urllib3 from configuring SSL appropriately and may cause certain SSL connections to fail. You can upgrade to a newer version of Python to solve this. For more information, see https://urllib3.readthedocs.org/en/latest/security.html#insecureplatformwarning.
16:57:17     INFO -    InsecurePlatformWarning
16:57:22     INFO -    Downloading https://pypi.pvt.build.mozilla.org/pub/mock-1.0.1.tar.gz (818kB)
16:57:23     INFO -  Building wheels for collected packages: mock
16:57:23     INFO -    Running setup.py bdist_wheel for mock: started
16:57:23     INFO -    Running setup.py bdist_wheel for mock: finished with status 'done'
16:57:23     INFO -    Stored in directory: /home/cltbld/.cache/pip/wheels/42/d3/87/79283a2f50dfedbfad996edf7028483b27c5953e56856af7d0
16:57:23     INFO -  Successfully built mock
16:57:23     INFO -  Installing collected packages: mock
16:57:24     INFO -  Successfully installed mock-1.0.1
16:57:24     INFO - Return code: 0
16:57:24     INFO - Installing simplejson into virtualenv /builds/slave/test/build/venv
16:57:24     INFO - retry: Calling run_command with args: [['/builds/slave/test/build/venv/bin/pip', 'install', '--timeout', '120', '--no-index', '--find-links', 'http://pypi.pvt.build.mozilla.org/pub', '--find-links', 'http://pypi.pub.build.mozilla.org/pub', '--trusted-host', 'pypi.pub.build.mozilla.org', '--trusted-host', 'pypi.pvt.build.mozilla.org', 'simplejson']], kwargs: {'error_level': 'warning', 'error_list': [{'substr': 'not found or a compiler error:', 'level': 'warning'}, {'regex': <_sre.SRE_Pattern object at 0x7f6f351a8110>, 'level': 'error'}, {'regex': <_sre.SRE_Pattern object at 0x7f6f352b0e40>, 'level': 'warning'}, {'regex': <_sre.SRE_Pattern object at 0xd693e0>, 'level': 'debug'}, {'substr': 'command not found', 'level': 'error'}, {'regex': <_sre.SRE_Pattern object at 0xd65a90>, 'level': 'warning'}, {'substr': 'Traceback (most recent call last)', 'level': 'error'}, {'substr': 'SyntaxError: ', 'level': 'error'}, {'substr': 'TypeError: ', 'level': 'error'}, {'substr': 'NameError: ', 'level': 'error'}, {'substr': 'ZeroDivisionError: ', 'level': 'error'}, {'regex': <_sre.SRE_Pattern object at 0xd673f0>, 'level': 'critical'}, {'regex': <_sre.SRE_Pattern object at 0xd67670>, 'level': 'critical'}], 'cwd': '/builds/slave/test/build', 'env': {'TMOUT': '86400', 'LOGNAME': 'cltbld', 'USER': 'cltbld', 'HOME': '/home/cltbld', 'PATH': '/usr/local/bin:/usr/local/bin:/usr/bin:/bin:/usr/local/games:/usr/games', 'DISPLAY': ':0', 'CCACHE_UMASK': '002', 'LANG': 'en_US.UTF-8', 'TERM': 'linux', 'SHELL': '/bin/bash', 'MOZ_NODE_PATH': '/usr/bin/node', 'XDG_SESSION_COOKIE': '9ca12473fbb1d023794ffd180000023c-1528588462.609626-1376402297', 'SHLVL': '1', 'NO_FAIL_ON_TEST_ERRORS': '1', 'MOZ_NO_REMOTE': '1', 'MOZ_HIDE_RESULTS_TABLE': '1', 'MAIL': '/var/mail/cltbld', '_': '/tools/buildbot/bin/python', 'NODE_PATH': '/usr/lib/nodejs:/usr/lib/node_modules:/usr/share/javascript', 'PWD': '/builds/slave/test', 'PROPERTIES_FILE': '/builds/slave/test/buildprops.json', 'CCACHE_DIR': '/builds/ccache'}}, attempt #1
16:57:24     INFO - Running command: ['/builds/slave/test/build/venv/bin/pip', 'install', '--timeout', '120', '--no-index', '--find-links', 'http://pypi.pvt.build.mozilla.org/pub', '--find-links', 'http://pypi.pub.build.mozilla.org/pub', '--trusted-host', 'pypi.pub.build.mozilla.org', '--trusted-host', 'pypi.pvt.build.mozilla.org', 'simplejson'] in /builds/slave/test/build
16:57:24     INFO - Copy/paste: /builds/slave/test/build/venv/bin/pip install --timeout 120 --no-index --find-links http://pypi.pvt.build.mozilla.org/pub --find-links http://pypi.pub.build.mozilla.org/pub --trusted-host pypi.pub.build.mozilla.org --trusted-host pypi.pvt.build.mozilla.org simplejson
16:57:24     INFO - Using env: {'CCACHE_DIR': '/builds/ccache',
16:57:24     INFO -  'CCACHE_UMASK': '002',
16:57:24     INFO -  'DISPLAY': ':0',
16:57:24     INFO -  'HOME': '/home/cltbld',
16:57:24     INFO -  'LANG': 'en_US.UTF-8',
16:57:24     INFO -  'LOGNAME': 'cltbld',
16:57:24     INFO -  'MAIL': '/var/mail/cltbld',
16:57:24     INFO -  'MOZ_HIDE_RESULTS_TABLE': '1',
16:57:24     INFO -  'MOZ_NODE_PATH': '/usr/bin/node',
16:57:24     INFO -  'MOZ_NO_REMOTE': '1',
16:57:24     INFO -  'NODE_PATH': '/usr/lib/nodejs:/usr/lib/node_modules:/usr/share/javascript',
16:57:24     INFO -  'NO_FAIL_ON_TEST_ERRORS': '1',
16:57:24     INFO -  'PATH': '/usr/local/bin:/usr/local/bin:/usr/bin:/bin:/usr/local/games:/usr/games',
16:57:24     INFO -  'PROPERTIES_FILE': '/builds/slave/test/buildprops.json',
16:57:24     INFO -  'PWD': '/builds/slave/test',
16:57:24     INFO -  'SHELL': '/bin/bash',
16:57:24     INFO -  'SHLVL': '1',
16:57:24     INFO -  'TERM': 'linux',
16:57:24     INFO -  'TMOUT': '86400',
16:57:24     INFO -  'USER': 'cltbld',
16:57:24     INFO -  'XDG_SESSION_COOKIE': '9ca12473fbb1d023794ffd180000023c-1528588462.609626-1376402297',
16:57:24     INFO -  '_': '/tools/buildbot/bin/python'}
16:57:25     INFO -  Ignoring indexes: https://pypi.python.org/simple
16:57:25     INFO -  Collecting simplejson
16:57:25     INFO -  /builds/slave/test/build/venv/lib/python2.7/site-packages/pip/_vendor/requests/packages/urllib3/util/ssl_.py:318: SNIMissingWarning: An HTTPS request has been made, but the SNI (Subject Name Indication) extension to TLS is not available on this platform. This may cause the server to present an incorrect TLS certificate, which can cause validation failures. You can upgrade to a newer version of Python to solve this. For more information, see https://urllib3.readthedocs.org/en/latest/security.html#snimissingwarning.
16:57:25     INFO -    SNIMissingWarning
16:57:25     INFO -  /builds/slave/test/build/venv/lib/python2.7/site-packages/pip/_vendor/requests/packages/urllib3/util/ssl_.py:122: InsecurePlatformWarning: A true SSLContext object is not available. This prevents urllib3 from configuring SSL appropriately and may cause certain SSL connections to fail. You can upgrade to a newer version of Python to solve this. For more information, see https://urllib3.readthedocs.org/en/latest/security.html#insecureplatformwarning.
16:57:25     INFO -    InsecurePlatformWarning
16:57:27     INFO -  /builds/slave/test/build/venv/lib/python2.7/site-packages/pip/_vendor/requests/packages/urllib3/util/ssl_.py:122: InsecurePlatformWarning: A true SSLContext object is not available. This prevents urllib3 from configuring SSL appropriately and may cause certain SSL connections to fail. You can upgrade to a newer version of Python to solve this. For more information, see https://urllib3.readthedocs.org/en/latest/security.html#insecureplatformwarning.
16:57:27     INFO -    InsecurePlatformWarning
16:57:32     INFO -    Downloading https://pypi.pvt.build.mozilla.org/pub/simplejson-3.3.0.tar.gz (67kB)
16:57:33     INFO -  Building wheels for collected packages: simplejson
16:57:33     INFO -    Running setup.py bdist_wheel for simplejson: started
16:57:35     INFO -    Running setup.py bdist_wheel for simplejson: finished with status 'done'
16:57:35     INFO -    Stored in directory: /home/cltbld/.cache/pip/wheels/b1/26/8f/72b2a349729d24b9c6aa399407fddd384f8814e045e6de407e
16:57:35     INFO -  Successfully built simplejson
16:57:35     INFO -  Installing collected packages: simplejson
16:57:35     INFO -  Successfully installed simplejson-3.3.0
16:57:35     INFO - Return code: 0
16:57:35     INFO - Installing None into virtualenv /builds/slave/test/build/venv
16:57:36     INFO - retry: Calling run_command with args: [['/builds/slave/test/build/venv/bin/pip', 'install', '--no-deps', '--timeout', '120', '-r', '/builds/slave/test/build/tests/config/marionette_requirements.txt', '--no-index', '--find-links', 'http://pypi.pvt.build.mozilla.org/pub', '--find-links', 'http://pypi.pub.build.mozilla.org/pub', '--trusted-host', 'pypi.pub.build.mozilla.org', '--trusted-host', 'pypi.pvt.build.mozilla.org']], kwargs: {'error_level': 'warning', 'error_list': [{'substr': 'not found or a compiler error:', 'level': 'warning'}, {'regex': <_sre.SRE_Pattern object at 0x7f6f351a8110>, 'level': 'error'}, {'regex': <_sre.SRE_Pattern object at 0x7f6f352b0e40>, 'level': 'warning'}, {'regex': <_sre.SRE_Pattern object at 0xd693e0>, 'level': 'debug'}, {'substr': 'command not found', 'level': 'error'}, {'regex': <_sre.SRE_Pattern object at 0xd65a90>, 'level': 'warning'}, {'substr': 'Traceback (most recent call last)', 'level': 'error'}, {'substr': 'SyntaxError: ', 'level': 'error'}, {'substr': 'TypeError: ', 'level': 'error'}, {'substr': 'NameError: ', 'level': 'error'}, {'substr': 'ZeroDivisionError: ', 'level': 'error'}, {'regex': <_sre.SRE_Pattern object at 0xd673f0>, 'level': 'critical'}, {'regex': <_sre.SRE_Pattern object at 0xd67670>, 'level': 'critical'}], 'cwd': '/builds/slave/test/build/tests/config', 'env': {'TMOUT': '86400', 'LOGNAME': 'cltbld', 'USER': 'cltbld', 'HOME': '/home/cltbld', 'PATH': '/usr/local/bin:/usr/local/bin:/usr/bin:/bin:/usr/local/games:/usr/games', 'DISPLAY': ':0', 'CCACHE_UMASK': '002', 'LANG': 'en_US.UTF-8', 'TERM': 'linux', 'SHELL': '/bin/bash', 'MOZ_NODE_PATH': '/usr/bin/node', 'XDG_SESSION_COOKIE': '9ca12473fbb1d023794ffd180000023c-1528588462.609626-1376402297', 'SHLVL': '1', 'NO_FAIL_ON_TEST_ERRORS': '1', 'MOZ_NO_REMOTE': '1', 'MOZ_HIDE_RESULTS_TABLE': '1', 'MAIL': '/var/mail/cltbld', '_': '/tools/buildbot/bin/python', 'NODE_PATH': '/usr/lib/nodejs:/usr/lib/node_modules:/usr/share/javascript', 'PWD': '/builds/slave/test', 'PROPERTIES_FILE': '/builds/slave/test/buildprops.json', 'CCACHE_DIR': '/builds/ccache'}}, attempt #1
16:57:36     INFO - Running command: ['/builds/slave/test/build/venv/bin/pip', 'install', '--no-deps', '--timeout', '120', '-r', '/builds/slave/test/build/tests/config/marionette_requirements.txt', '--no-index', '--find-links', 'http://pypi.pvt.build.mozilla.org/pub', '--find-links', 'http://pypi.pub.build.mozilla.org/pub', '--trusted-host', 'pypi.pub.build.mozilla.org', '--trusted-host', 'pypi.pvt.build.mozilla.org'] in /builds/slave/test/build/tests/config
16:57:36     INFO - Copy/paste: /builds/slave/test/build/venv/bin/pip install --no-deps --timeout 120 -r /builds/slave/test/build/tests/config/marionette_requirements.txt --no-index --find-links http://pypi.pvt.build.mozilla.org/pub --find-links http://pypi.pub.build.mozilla.org/pub --trusted-host pypi.pub.build.mozilla.org --trusted-host pypi.pvt.build.mozilla.org
16:57:36     INFO - Using env: {'CCACHE_DIR': '/builds/ccache',
16:57:36     INFO -  'CCACHE_UMASK': '002',
16:57:36     INFO -  'DISPLAY': ':0',
16:57:36     INFO -  'HOME': '/home/cltbld',
16:57:36     INFO -  'LANG': 'en_US.UTF-8',
16:57:36     INFO -  'LOGNAME': 'cltbld',
16:57:36     INFO -  'MAIL': '/var/mail/cltbld',
16:57:36     INFO -  'MOZ_HIDE_RESULTS_TABLE': '1',
16:57:36     INFO -  'MOZ_NODE_PATH': '/usr/bin/node',
16:57:36     INFO -  'MOZ_NO_REMOTE': '1',
16:57:36     INFO -  'NODE_PATH': '/usr/lib/nodejs:/usr/lib/node_modules:/usr/share/javascript',
16:57:36     INFO -  'NO_FAIL_ON_TEST_ERRORS': '1',
16:57:36     INFO -  'PATH': '/usr/local/bin:/usr/local/bin:/usr/bin:/bin:/usr/local/games:/usr/games',
16:57:36     INFO -  'PROPERTIES_FILE': '/builds/slave/test/buildprops.json',
16:57:36     INFO -  'PWD': '/builds/slave/test',
16:57:36     INFO -  'SHELL': '/bin/bash',
16:57:36     INFO -  'SHLVL': '1',
16:57:36     INFO -  'TERM': 'linux',
16:57:36     INFO -  'TMOUT': '86400',
16:57:36     INFO -  'USER': 'cltbld',
16:57:36     INFO -  'XDG_SESSION_COOKIE': '9ca12473fbb1d023794ffd180000023c-1528588462.609626-1376402297',
16:57:36     INFO -  '_': '/tools/buildbot/bin/python'}
16:57:36     INFO -  Ignoring indexes: https://pypi.python.org/simple
16:57:37     INFO -  Processing /builds/slave/test/build/tests/mozbase/manifestparser
16:57:37     INFO -    Requirement already satisfied (use --upgrade to upgrade): manifestparser==1.1 from file:///builds/slave/test/build/tests/mozbase/manifestparser in /builds/slave/test/build/venv/lib/python2.7/site-packages (from -r /builds/slave/test/build/tests/config/mozbase_requirements.txt (line 1))
16:57:37     INFO -  Processing /builds/slave/test/build/tests/mozbase/mozcrash
16:57:37     INFO -    Requirement already satisfied (use --upgrade to upgrade): mozcrash==1.0 from file:///builds/slave/test/build/tests/mozbase/mozcrash in /builds/slave/test/build/venv/lib/python2.7/site-packages (from -r /builds/slave/test/build/tests/config/mozbase_requirements.txt (line 2))
16:57:37     INFO -  Processing /builds/slave/test/build/tests/mozbase/mozdebug
16:57:38     INFO -    Requirement already satisfied (use --upgrade to upgrade): mozdebug==0.1 from file:///builds/slave/test/build/tests/mozbase/mozdebug in /builds/slave/test/build/venv/lib/python2.7/site-packages (from -r /builds/slave/test/build/tests/config/mozbase_requirements.txt (line 3))
16:57:38     INFO -  Processing /builds/slave/test/build/tests/mozbase/mozdevice
16:57:38     INFO -    Requirement already satisfied (use --upgrade to upgrade): mozdevice==0.48 from file:///builds/slave/test/build/tests/mozbase/mozdevice in /builds/slave/test/build/venv/lib/python2.7/site-packages (from -r /builds/slave/test/build/tests/config/mozbase_requirements.txt (line 4))
16:57:38     INFO -  Processing /builds/slave/test/build/tests/mozbase/mozfile
16:57:39     INFO -    Requirement already satisfied (use --upgrade to upgrade): mozfile==1.2 from file:///builds/slave/test/build/tests/mozbase/mozfile in /builds/slave/test/build/venv/lib/python2.7/site-packages (from -r /builds/slave/test/build/tests/config/mozbase_requirements.txt (line 5))
16:57:39     INFO -  Processing /builds/slave/test/build/tests/mozbase/mozhttpd
16:57:39     INFO -    Requirement already satisfied (use --upgrade to upgrade): mozhttpd==0.7 from file:///builds/slave/test/build/tests/mozbase/mozhttpd in /builds/slave/test/build/venv/lib/python2.7/site-packages (from -r /builds/slave/test/build/tests/config/mozbase_requirements.txt (line 6))
16:57:39     INFO -  Processing /builds/slave/test/build/tests/mozbase/mozinfo
16:57:39     INFO -    Requirement already satisfied (use --upgrade to upgrade): mozinfo==0.9 from file:///builds/slave/test/build/tests/mozbase/mozinfo in /builds/slave/test/build/venv/lib/python2.7/site-packages (from -r /builds/slave/test/build/tests/config/mozbase_requirements.txt (line 7))
16:57:39     INFO -  Processing /builds/slave/test/build/tests/mozbase/mozinstall
16:57:40     INFO -    Requirement already satisfied (use --upgrade to upgrade): mozInstall==1.12 from file:///builds/slave/test/build/tests/mozbase/mozinstall in /builds/slave/test/build/venv/lib/python2.7/site-packages (from -r /builds/slave/test/build/tests/config/mozbase_requirements.txt (line 8))
16:57:40     INFO -  Processing /builds/slave/test/build/tests/mozbase/mozleak
16:57:40     INFO -    Requirement already satisfied (use --upgrade to upgrade): mozleak==0.1 from file:///builds/slave/test/build/tests/mozbase/mozleak in /builds/slave/test/build/venv/lib/python2.7/site-packages (from -r /builds/slave/test/build/tests/config/mozbase_requirements.txt (line 9))
16:57:40     INFO -  Processing /builds/slave/test/build/tests/mozbase/mozlog
16:57:41     INFO -    Requirement already satisfied (use --upgrade to upgrade): mozlog==3.4 from file:///builds/slave/test/build/tests/mozbase/mozlog in /builds/slave/test/build/venv/lib/python2.7/site-packages (from -r /builds/slave/test/build/tests/config/mozbase_requirements.txt (line 10))
16:57:41     INFO -  Processing /builds/slave/test/build/tests/mozbase/moznetwork
16:57:41     INFO -    Requirement already satisfied (use --upgrade to upgrade): moznetwork==0.27 from file:///builds/slave/test/build/tests/mozbase/moznetwork in /builds/slave/test/build/venv/lib/python2.7/site-packages (from -r /builds/slave/test/build/tests/config/mozbase_requirements.txt (line 11))
16:57:41     INFO -  Processing /builds/slave/test/build/tests/mozbase/mozprocess
16:57:41     INFO -    Requirement already satisfied (use --upgrade to upgrade): mozprocess==0.23 from file:///builds/slave/test/build/tests/mozbase/mozprocess in /builds/slave/test/build/venv/lib/python2.7/site-packages (from -r /builds/slave/test/build/tests/config/mozbase_requirements.txt (line 12))
16:57:41     INFO -  Processing /builds/slave/test/build/tests/mozbase/mozprofile
16:57:42     INFO -    Requirement already satisfied (use --upgrade to upgrade): mozprofile==0.28 from file:///builds/slave/test/build/tests/mozbase/mozprofile in /builds/slave/test/build/venv/lib/python2.7/site-packages (from -r /builds/slave/test/build/tests/config/mozbase_requirements.txt (line 13))
16:57:42     INFO -  Processing /builds/slave/test/build/tests/mozbase/mozrunner
16:57:42     INFO -    Requirement already satisfied (use --upgrade to upgrade): mozrunner==6.13 from file:///builds/slave/test/build/tests/mozbase/mozrunner in /builds/slave/test/build/venv/lib/python2.7/site-packages (from -r /builds/slave/test/build/tests/config/mozbase_requirements.txt (line 14))
16:57:42     INFO -  Processing /builds/slave/test/build/tests/mozbase/mozscreenshot
16:57:43     INFO -    Requirement already satisfied (use --upgrade to upgrade): mozscreenshot==0.1 from file:///builds/slave/test/build/tests/mozbase/mozscreenshot in /builds/slave/test/build/venv/lib/python2.7/site-packages (from -r /builds/slave/test/build/tests/config/mozbase_requirements.txt (line 15))
16:57:43     INFO -  Processing /builds/slave/test/build/tests/mozbase/moztest
16:57:43     INFO -    Requirement already satisfied (use --upgrade to upgrade): moztest==0.8 from file:///builds/slave/test/build/tests/mozbase/moztest in /builds/slave/test/build/venv/lib/python2.7/site-packages (from -r /builds/slave/test/build/tests/config/mozbase_requirements.txt (line 16))
16:57:43     INFO -  Processing /builds/slave/test/build/tests/mozbase/mozversion
16:57:43     INFO -    Requirement already satisfied (use --upgrade to upgrade): mozversion==1.4 from file:///builds/slave/test/build/tests/mozbase/mozversion in /builds/slave/test/build/venv/lib/python2.7/site-packages (from -r /builds/slave/test/build/tests/config/mozbase_requirements.txt (line 17))
16:57:43     INFO -  Processing /builds/slave/test/build/tests/tools/wptserve
16:57:44     INFO -  Processing /builds/slave/test/build/tests/marionette/client
16:57:44     INFO -  Processing /builds/slave/test/build/tests/marionette/harness/marionette_harness/runner/mixins/browsermob-proxy-py
16:57:45     INFO -  Processing /builds/slave/test/build/tests/marionette/harness
16:57:45     INFO -  Processing /builds/slave/test/build/tests/marionette/puppeteer/firefox
16:57:46     INFO -  Building wheels for collected packages: browsermob-proxy
16:57:46     INFO -    Running setup.py bdist_wheel for browsermob-proxy: started
16:57:46     INFO -    Running setup.py bdist_wheel for browsermob-proxy: finished with status 'done'
16:57:46     INFO -    Stored in directory: /home/cltbld/.cache/pip/wheels/10/00/c1/79bb793b6a7eb4dca9dfd244010f550ae5044951bcd23c261e
16:57:46     INFO -  Successfully built browsermob-proxy
16:57:46     INFO -  Installing collected packages: wptserve, marionette-driver, browsermob-proxy, marionette-harness, firefox-puppeteer
16:57:46     INFO -    Running setup.py install for wptserve: started
16:57:47     INFO -      Running setup.py install for wptserve: finished with status 'done'
16:57:47     INFO -    Running setup.py install for marionette-driver: started
16:57:47     INFO -      Running setup.py install for marionette-driver: finished with status 'done'
16:57:47     INFO -    Running setup.py install for marionette-harness: started
16:57:48     INFO -      Running setup.py install for marionette-harness: finished with status 'done'
16:57:48     INFO -    Running setup.py install for firefox-puppeteer: started
16:57:48     INFO -      Running setup.py install for firefox-puppeteer: finished with status 'done'
16:57:49     INFO -  Successfully installed browsermob-proxy-0.6.0 firefox-puppeteer-52.1.0 marionette-driver-2.2.0 marionette-harness-4.0.0 wptserve-1.4.0
16:57:49     INFO - Return code: 0
16:57:49     INFO - Installing None into virtualenv /builds/slave/test/build/venv
16:57:49     INFO - retry: Calling run_command with args: [['/builds/slave/test/build/venv/bin/pip', 'install', '--timeout', '120', '-r', '/builds/slave/test/build/tests/config/marionette_requirements.txt', '--no-index', '--find-links', 'http://pypi.pvt.build.mozilla.org/pub', '--find-links', 'http://pypi.pub.build.mozilla.org/pub', '--trusted-host', 'pypi.pub.build.mozilla.org', '--trusted-host', 'pypi.pvt.build.mozilla.org']], kwargs: {'error_level': 'warning', 'error_list': [{'substr': 'not found or a compiler error:', 'level': 'warning'}, {'regex': <_sre.SRE_Pattern object at 0x7f6f351a8110>, 'level': 'error'}, {'regex': <_sre.SRE_Pattern object at 0x7f6f352b0e40>, 'level': 'warning'}, {'regex': <_sre.SRE_Pattern object at 0xd693e0>, 'level': 'debug'}, {'substr': 'command not found', 'level': 'error'}, {'regex': <_sre.SRE_Pattern object at 0xd65a90>, 'level': 'warning'}, {'substr': 'Traceback (most recent call last)', 'level': 'error'}, {'substr': 'SyntaxError: ', 'level': 'error'}, {'substr': 'TypeError: ', 'level': 'error'}, {'substr': 'NameError: ', 'level': 'error'}, {'substr': 'ZeroDivisionError: ', 'level': 'error'}, {'regex': <_sre.SRE_Pattern object at 0xd673f0>, 'level': 'critical'}, {'regex': <_sre.SRE_Pattern object at 0xd67670>, 'level': 'critical'}], 'cwd': '/builds/slave/test/build/tests/config', 'env': {'TMOUT': '86400', 'LOGNAME': 'cltbld', 'USER': 'cltbld', 'HOME': '/home/cltbld', 'PATH': '/usr/local/bin:/usr/local/bin:/usr/bin:/bin:/usr/local/games:/usr/games', 'DISPLAY': ':0', 'CCACHE_UMASK': '002', 'LANG': 'en_US.UTF-8', 'TERM': 'linux', 'SHELL': '/bin/bash', 'MOZ_NODE_PATH': '/usr/bin/node', 'XDG_SESSION_COOKIE': '9ca12473fbb1d023794ffd180000023c-1528588462.609626-1376402297', 'SHLVL': '1', 'NO_FAIL_ON_TEST_ERRORS': '1', 'MOZ_NO_REMOTE': '1', 'MOZ_HIDE_RESULTS_TABLE': '1', 'MAIL': '/var/mail/cltbld', '_': '/tools/buildbot/bin/python', 'NODE_PATH': '/usr/lib/nodejs:/usr/lib/node_modules:/usr/share/javascript', 'PWD': '/builds/slave/test', 'PROPERTIES_FILE': '/builds/slave/test/buildprops.json', 'CCACHE_DIR': '/builds/ccache'}}, attempt #1
16:57:49     INFO - Running command: ['/builds/slave/test/build/venv/bin/pip', 'install', '--timeout', '120', '-r', '/builds/slave/test/build/tests/config/marionette_requirements.txt', '--no-index', '--find-links', 'http://pypi.pvt.build.mozilla.org/pub', '--find-links', 'http://pypi.pub.build.mozilla.org/pub', '--trusted-host', 'pypi.pub.build.mozilla.org', '--trusted-host', 'pypi.pvt.build.mozilla.org'] in /builds/slave/test/build/tests/config
16:57:49     INFO - Copy/paste: /builds/slave/test/build/venv/bin/pip install --timeout 120 -r /builds/slave/test/build/tests/config/marionette_requirements.txt --no-index --find-links http://pypi.pvt.build.mozilla.org/pub --find-links http://pypi.pub.build.mozilla.org/pub --trusted-host pypi.pub.build.mozilla.org --trusted-host pypi.pvt.build.mozilla.org
16:57:49     INFO - Using env: {'CCACHE_DIR': '/builds/ccache',
16:57:49     INFO -  'CCACHE_UMASK': '002',
16:57:49     INFO -  'DISPLAY': ':0',
16:57:49     INFO -  'HOME': '/home/cltbld',
16:57:49     INFO -  'LANG': 'en_US.UTF-8',
16:57:49     INFO -  'LOGNAME': 'cltbld',
16:57:49     INFO -  'MAIL': '/var/mail/cltbld',
16:57:49     INFO -  'MOZ_HIDE_RESULTS_TABLE': '1',
16:57:49     INFO -  'MOZ_NODE_PATH': '/usr/bin/node',
16:57:49     INFO -  'MOZ_NO_REMOTE': '1',
16:57:49     INFO -  'NODE_PATH': '/usr/lib/nodejs:/usr/lib/node_modules:/usr/share/javascript',
16:57:49     INFO -  'NO_FAIL_ON_TEST_ERRORS': '1',
16:57:49     INFO -  'PATH': '/usr/local/bin:/usr/local/bin:/usr/bin:/bin:/usr/local/games:/usr/games',
16:57:49     INFO -  'PROPERTIES_FILE': '/builds/slave/test/buildprops.json',
16:57:49     INFO -  'PWD': '/builds/slave/test',
16:57:49     INFO -  'SHELL': '/bin/bash',
16:57:49     INFO -  'SHLVL': '1',
16:57:49     INFO -  'TERM': 'linux',
16:57:49     INFO -  'TMOUT': '86400',
16:57:49     INFO -  'USER': 'cltbld',
16:57:49     INFO -  'XDG_SESSION_COOKIE': '9ca12473fbb1d023794ffd180000023c-1528588462.609626-1376402297',
16:57:49     INFO -  '_': '/tools/buildbot/bin/python'}
16:57:50     INFO -  Ignoring indexes: https://pypi.python.org/simple
16:57:50     INFO -  Processing /builds/slave/test/build/tests/mozbase/manifestparser
16:57:50     INFO -    Requirement already satisfied (use --upgrade to upgrade): manifestparser==1.1 from file:///builds/slave/test/build/tests/mozbase/manifestparser in /builds/slave/test/build/venv/lib/python2.7/site-packages (from -r /builds/slave/test/build/tests/config/mozbase_requirements.txt (line 1))
16:57:50     INFO -  Processing /builds/slave/test/build/tests/mozbase/mozcrash
16:57:51     INFO -    Requirement already satisfied (use --upgrade to upgrade): mozcrash==1.0 from file:///builds/slave/test/build/tests/mozbase/mozcrash in /builds/slave/test/build/venv/lib/python2.7/site-packages (from -r /builds/slave/test/build/tests/config/mozbase_requirements.txt (line 2))
16:57:51     INFO -  Processing /builds/slave/test/build/tests/mozbase/mozdebug
16:57:51     INFO -    Requirement already satisfied (use --upgrade to upgrade): mozdebug==0.1 from file:///builds/slave/test/build/tests/mozbase/mozdebug in /builds/slave/test/build/venv/lib/python2.7/site-packages (from -r /builds/slave/test/build/tests/config/mozbase_requirements.txt (line 3))
16:57:51     INFO -  Processing /builds/slave/test/build/tests/mozbase/mozdevice
16:57:52     INFO -    Requirement already satisfied (use --upgrade to upgrade): mozdevice==0.48 from file:///builds/slave/test/build/tests/mozbase/mozdevice in /builds/slave/test/build/venv/lib/python2.7/site-packages (from -r /builds/slave/test/build/tests/config/mozbase_requirements.txt (line 4))
16:57:52     INFO -  Processing /builds/slave/test/build/tests/mozbase/mozfile
16:57:52     INFO -    Requirement already satisfied (use --upgrade to upgrade): mozfile==1.2 from file:///builds/slave/test/build/tests/mozbase/mozfile in /builds/slave/test/build/venv/lib/python2.7/site-packages (from -r /builds/slave/test/build/tests/config/mozbase_requirements.txt (line 5))
16:57:52     INFO -  Processing /builds/slave/test/build/tests/mozbase/mozhttpd
16:57:52     INFO -    Requirement already satisfied (use --upgrade to upgrade): mozhttpd==0.7 from file:///builds/slave/test/build/tests/mozbase/mozhttpd in /builds/slave/test/build/venv/lib/python2.7/site-packages (from -r /builds/slave/test/build/tests/config/mozbase_requirements.txt (line 6))
16:57:52     INFO -  Processing /builds/slave/test/build/tests/mozbase/mozinfo
16:57:53     INFO -    Requirement already satisfied (use --upgrade to upgrade): mozinfo==0.9 from file:///builds/slave/test/build/tests/mozbase/mozinfo in /builds/slave/test/build/venv/lib/python2.7/site-packages (from -r /builds/slave/test/build/tests/config/mozbase_requirements.txt (line 7))
16:57:53     INFO -  Processing /builds/slave/test/build/tests/mozbase/mozinstall
16:57:53     INFO -    Requirement already satisfied (use --upgrade to upgrade): mozInstall==1.12 from file:///builds/slave/test/build/tests/mozbase/mozinstall in /builds/slave/test/build/venv/lib/python2.7/site-packages (from -r /builds/slave/test/build/tests/config/mozbase_requirements.txt (line 8))
16:57:53     INFO -  Processing /builds/slave/test/build/tests/mozbase/mozleak
16:57:54     INFO -    Requirement already satisfied (use --upgrade to upgrade): mozleak==0.1 from file:///builds/slave/test/build/tests/mozbase/mozleak in /builds/slave/test/build/venv/lib/python2.7/site-packages (from -r /builds/slave/test/build/tests/config/mozbase_requirements.txt (line 9))
16:57:54     INFO -  Processing /builds/slave/test/build/tests/mozbase/mozlog
16:57:54     INFO -    Requirement already satisfied (use --upgrade to upgrade): mozlog==3.4 from file:///builds/slave/test/build/tests/mozbase/mozlog in /builds/slave/test/build/venv/lib/python2.7/site-packages (from -r /builds/slave/test/build/tests/config/mozbase_requirements.txt (line 10))
16:57:54     INFO -  Processing /builds/slave/test/build/tests/mozbase/moznetwork
16:57:54     INFO -    Requirement already satisfied (use --upgrade to upgrade): moznetwork==0.27 from file:///builds/slave/test/build/tests/mozbase/moznetwork in /builds/slave/test/build/venv/lib/python2.7/site-packages (from -r /builds/slave/test/build/tests/config/mozbase_requirements.txt (line 11))
16:57:54     INFO -  Processing /builds/slave/test/build/tests/mozbase/mozprocess
16:57:55     INFO -    Requirement already satisfied (use --upgrade to upgrade): mozprocess==0.23 from file:///builds/slave/test/build/tests/mozbase/mozprocess in /builds/slave/test/build/venv/lib/python2.7/site-packages (from -r /builds/slave/test/build/tests/config/mozbase_requirements.txt (line 12))
16:57:55     INFO -  Processing /builds/slave/test/build/tests/mozbase/mozprofile
16:57:55     INFO -    Requirement already satisfied (use --upgrade to upgrade): mozprofile==0.28 from file:///builds/slave/test/build/tests/mozbase/mozprofile in /builds/slave/test/build/venv/lib/python2.7/site-packages (from -r /builds/slave/test/build/tests/config/mozbase_requirements.txt (line 13))
16:57:55     INFO -  Processing /builds/slave/test/build/tests/mozbase/mozrunner
16:57:56     INFO -    Requirement already satisfied (use --upgrade to upgrade): mozrunner==6.13 from file:///builds/slave/test/build/tests/mozbase/mozrunner in /builds/slave/test/build/venv/lib/python2.7/site-packages (from -r /builds/slave/test/build/tests/config/mozbase_requirements.txt (line 14))
16:57:56     INFO -  Processing /builds/slave/test/build/tests/mozbase/mozscreenshot
16:57:56     INFO -    Requirement already satisfied (use --upgrade to upgrade): mozscreenshot==0.1 from file:///builds/slave/test/build/tests/mozbase/mozscreenshot in /builds/slave/test/build/venv/lib/python2.7/site-packages (from -r /builds/slave/test/build/tests/config/mozbase_requirements.txt (line 15))
16:57:56     INFO -  Processing /builds/slave/test/build/tests/mozbase/moztest
16:57:57     INFO -    Requirement already satisfied (use --upgrade to upgrade): moztest==0.8 from file:///builds/slave/test/build/tests/mozbase/moztest in /builds/slave/test/build/venv/lib/python2.7/site-packages (from -r /builds/slave/test/build/tests/config/mozbase_requirements.txt (line 16))
16:57:57     INFO -  Processing /builds/slave/test/build/tests/mozbase/mozversion
16:57:57     INFO -    Requirement already satisfied (use --upgrade to upgrade): mozversion==1.4 from file:///builds/slave/test/build/tests/mozbase/mozversion in /builds/slave/test/build/venv/lib/python2.7/site-packages (from -r /builds/slave/test/build/tests/config/mozbase_requirements.txt (line 17))
16:57:57     INFO -  Processing /builds/slave/test/build/tests/tools/wptserve
16:57:57     INFO -    Requirement already satisfied (use --upgrade to upgrade): wptserve==1.4.0 from file:///builds/slave/test/build/tests/tools/wptserve in /builds/slave/test/build/venv/lib/python2.7/site-packages (from -r /builds/slave/test/build/tests/config/marionette_requirements.txt (line 3))
16:57:57     INFO -  Processing /builds/slave/test/build/tests/marionette/client
16:57:58     INFO -    Requirement already satisfied (use --upgrade to upgrade): marionette-driver==2.2.0 from file:///builds/slave/test/build/tests/marionette/client in /builds/slave/test/build/venv/lib/python2.7/site-packages (from -r /builds/slave/test/build/tests/config/marionette_requirements.txt (line 4))
16:57:58     INFO -  Processing /builds/slave/test/build/tests/marionette/harness/marionette_harness/runner/mixins/browsermob-proxy-py
16:57:58     INFO -    Requirement already satisfied (use --upgrade to upgrade): browsermob-proxy==0.6.0 from file:///builds/slave/test/build/tests/marionette/harness/marionette_harness/runner/mixins/browsermob-proxy-py in /builds/slave/test/build/venv/lib/python2.7/site-packages (from -r /builds/slave/test/build/tests/config/marionette_requirements.txt (line 5))
16:57:58     INFO -  Processing /builds/slave/test/build/tests/marionette/harness
16:57:59     INFO -    Requirement already satisfied (use --upgrade to upgrade): marionette-harness==4.0.0 from file:///builds/slave/test/build/tests/marionette/harness in /builds/slave/test/build/venv/lib/python2.7/site-packages (from -r /builds/slave/test/build/tests/config/marionette_requirements.txt (line 6))
16:57:59     INFO -  Processing /builds/slave/test/build/tests/marionette/puppeteer/firefox
16:57:59     INFO -    Requirement already satisfied (use --upgrade to upgrade): firefox-puppeteer==52.1.0 from file:///builds/slave/test/build/tests/marionette/puppeteer/firefox in /builds/slave/test/build/venv/lib/python2.7/site-packages (from -r /builds/slave/test/build/tests/config/marionette_requirements.txt (line 9))
16:57:59     INFO -  Requirement already satisfied (use --upgrade to upgrade): mozfile>=1.0 in /builds/slave/test/build/venv/lib/python2.7/site-packages (from mozcrash==1.0->-r /builds/slave/test/build/tests/config/mozbase_requirements.txt (line 2))
16:57:59     INFO -  Requirement already satisfied (use --upgrade to upgrade): mozlog>=3.0 in /builds/slave/test/build/venv/lib/python2.7/site-packages (from mozcrash==1.0->-r /builds/slave/test/build/tests/config/mozbase_requirements.txt (line 2))
16:57:59     INFO -  Requirement already satisfied (use --upgrade to upgrade): mozinfo in /builds/slave/test/build/venv/lib/python2.7/site-packages (from mozdebug==0.1->-r /builds/slave/test/build/tests/config/mozbase_requirements.txt (line 3))
16:57:59     INFO -  Requirement already satisfied (use --upgrade to upgrade): moznetwork>=0.24 in /builds/slave/test/build/venv/lib/python2.7/site-packages (from mozdevice==0.48->-r /builds/slave/test/build/tests/config/mozbase_requirements.txt (line 4))
16:57:59     INFO -  Requirement already satisfied (use --upgrade to upgrade): mozprocess>=0.19 in /builds/slave/test/build/venv/lib/python2.7/site-packages (from mozdevice==0.48->-r /builds/slave/test/build/tests/config/mozbase_requirements.txt (line 4))
16:57:59     INFO -  Requirement already satisfied (use --upgrade to upgrade): blessings>=1.3 in /builds/slave/test/build/venv/lib/python2.7/site-packages (from mozlog==3.4->-r /builds/slave/test/build/tests/config/mozbase_requirements.txt (line 10))
16:57:59     INFO -  Requirement already satisfied (use --upgrade to upgrade): requests>=1.1.0 in /builds/slave/test/build/venv/lib/python2.7/site-packages (from browsermob-proxy==0.6.0->-r /builds/slave/test/build/tests/config/marionette_requirements.txt (line 5))
16:57:59     INFO -  Building wheels for collected packages: browsermob-proxy
16:57:59     INFO -    Running setup.py bdist_wheel for browsermob-proxy: started
16:58:00     INFO -    Running setup.py bdist_wheel for browsermob-proxy: finished with status 'done'
16:58:00     INFO -    Stored in directory: /home/cltbld/.cache/pip/wheels/10/00/c1/79bb793b6a7eb4dca9dfd244010f550ae5044951bcd23c261e
16:58:00     INFO -  Successfully built browsermob-proxy
16:58:00     INFO - Return code: 0
16:58:00     INFO - Installing None into virtualenv /builds/slave/test/build/venv
16:58:00     INFO - retry: Calling run_command with args: [['/builds/slave/test/build/venv/bin/pip', 'install', '--no-deps', '--timeout', '120', '-r', '/builds/slave/test/build/tests/mochitest/websocketprocessbridge/websocketprocessbridge_requirements.txt', '--no-index', '--find-links', 'http://pypi.pvt.build.mozilla.org/pub', '--find-links', 'http://pypi.pub.build.mozilla.org/pub', '--trusted-host', 'pypi.pub.build.mozilla.org', '--trusted-host', 'pypi.pvt.build.mozilla.org']], kwargs: {'error_level': 'warning', 'error_list': [{'substr': 'not found or a compiler error:', 'level': 'warning'}, {'regex': <_sre.SRE_Pattern object at 0x7f6f351a8110>, 'level': 'error'}, {'regex': <_sre.SRE_Pattern object at 0x7f6f352b0e40>, 'level': 'warning'}, {'regex': <_sre.SRE_Pattern object at 0xd693e0>, 'level': 'debug'}, {'substr': 'command not found', 'level': 'error'}, {'regex': <_sre.SRE_Pattern object at 0xd65a90>, 'level': 'warning'}, {'substr': 'Traceback (most recent call last)', 'level': 'error'}, {'substr': 'SyntaxError: ', 'level': 'error'}, {'substr': 'TypeError: ', 'level': 'error'}, {'substr': 'NameError: ', 'level': 'error'}, {'substr': 'ZeroDivisionError: ', 'level': 'error'}, {'regex': <_sre.SRE_Pattern object at 0xd673f0>, 'level': 'critical'}, {'regex': <_sre.SRE_Pattern object at 0xd67670>, 'level': 'critical'}], 'cwd': '/builds/slave/test/build/tests/mochitest/websocketprocessbridge', 'env': {'TMOUT': '86400', 'LOGNAME': 'cltbld', 'USER': 'cltbld', 'HOME': '/home/cltbld', 'PATH': '/usr/local/bin:/usr/local/bin:/usr/bin:/bin:/usr/local/games:/usr/games', 'DISPLAY': ':0', 'CCACHE_UMASK': '002', 'LANG': 'en_US.UTF-8', 'TERM': 'linux', 'SHELL': '/bin/bash', 'MOZ_NODE_PATH': '/usr/bin/node', 'XDG_SESSION_COOKIE': '9ca12473fbb1d023794ffd180000023c-1528588462.609626-1376402297', 'SHLVL': '1', 'NO_FAIL_ON_TEST_ERRORS': '1', 'MOZ_NO_REMOTE': '1', 'MOZ_HIDE_RESULTS_TABLE': '1', 'MAIL': '/var/mail/cltbld', '_': '/tools/buildbot/bin/python', 'NODE_PATH': '/usr/lib/nodejs:/usr/lib/node_modules:/usr/share/javascript', 'PWD': '/builds/slave/test', 'PROPERTIES_FILE': '/builds/slave/test/buildprops.json', 'CCACHE_DIR': '/builds/ccache'}}, attempt #1
16:58:00     INFO - Running command: ['/builds/slave/test/build/venv/bin/pip', 'install', '--no-deps', '--timeout', '120', '-r', '/builds/slave/test/build/tests/mochitest/websocketprocessbridge/websocketprocessbridge_requirements.txt', '--no-index', '--find-links', 'http://pypi.pvt.build.mozilla.org/pub', '--find-links', 'http://pypi.pub.build.mozilla.org/pub', '--trusted-host', 'pypi.pub.build.mozilla.org', '--trusted-host', 'pypi.pvt.build.mozilla.org'] in /builds/slave/test/build/tests/mochitest/websocketprocessbridge
16:58:00     INFO - Copy/paste: /builds/slave/test/build/venv/bin/pip install --no-deps --timeout 120 -r /builds/slave/test/build/tests/mochitest/websocketprocessbridge/websocketprocessbridge_requirements.txt --no-index --find-links http://pypi.pvt.build.mozilla.org/pub --find-links http://pypi.pub.build.mozilla.org/pub --trusted-host pypi.pub.build.mozilla.org --trusted-host pypi.pvt.build.mozilla.org
16:58:00     INFO - Using env: {'CCACHE_DIR': '/builds/ccache',
16:58:00     INFO -  'CCACHE_UMASK': '002',
16:58:00     INFO -  'DISPLAY': ':0',
16:58:00     INFO -  'HOME': '/home/cltbld',
16:58:00     INFO -  'LANG': 'en_US.UTF-8',
16:58:00     INFO -  'LOGNAME': 'cltbld',
16:58:00     INFO -  'MAIL': '/var/mail/cltbld',
16:58:00     INFO -  'MOZ_HIDE_RESULTS_TABLE': '1',
16:58:00     INFO -  'MOZ_NODE_PATH': '/usr/bin/node',
16:58:00     INFO -  'MOZ_NO_REMOTE': '1',
16:58:00     INFO -  'NODE_PATH': '/usr/lib/nodejs:/usr/lib/node_modules:/usr/share/javascript',
16:58:00     INFO -  'NO_FAIL_ON_TEST_ERRORS': '1',
16:58:00     INFO -  'PATH': '/usr/local/bin:/usr/local/bin:/usr/bin:/bin:/usr/local/games:/usr/games',
16:58:00     INFO -  'PROPERTIES_FILE': '/builds/slave/test/buildprops.json',
16:58:00     INFO -  'PWD': '/builds/slave/test',
16:58:00     INFO -  'SHELL': '/bin/bash',
16:58:00     INFO -  'SHLVL': '1',
16:58:00     INFO -  'TERM': 'linux',
16:58:00     INFO -  'TMOUT': '86400',
16:58:00     INFO -  'USER': 'cltbld',
16:58:00     INFO -  'XDG_SESSION_COOKIE': '9ca12473fbb1d023794ffd180000023c-1528588462.609626-1376402297',
16:58:00     INFO -  '_': '/tools/buildbot/bin/python'}
16:58:01     INFO -  Ignoring indexes: https://pypi.python.org/simple
16:58:01     INFO -  Collecting six==1.10.0 (from -r /builds/slave/test/build/tests/mochitest/websocketprocessbridge/websocketprocessbridge_requirements.txt (line 2))
16:58:01     INFO -  /builds/slave/test/build/venv/lib/python2.7/site-packages/pip/_vendor/requests/packages/urllib3/util/ssl_.py:318: SNIMissingWarning: An HTTPS request has been made, but the SNI (Subject Name Indication) extension to TLS is not available on this platform. This may cause the server to present an incorrect TLS certificate, which can cause validation failures. You can upgrade to a newer version of Python to solve this. For more information, see https://urllib3.readthedocs.org/en/latest/security.html#snimissingwarning.
16:58:01     INFO -    SNIMissingWarning
16:58:01     INFO -  /builds/slave/test/build/venv/lib/python2.7/site-packages/pip/_vendor/requests/packages/urllib3/util/ssl_.py:122: InsecurePlatformWarning: A true SSLContext object is not available. This prevents urllib3 from configuring SSL appropriately and may cause certain SSL connections to fail. You can upgrade to a newer version of Python to solve this. For more information, see https://urllib3.readthedocs.org/en/latest/security.html#insecureplatformwarning.
16:58:01     INFO -    InsecurePlatformWarning
16:58:03     INFO -  /builds/slave/test/build/venv/lib/python2.7/site-packages/pip/_vendor/requests/packages/urllib3/util/ssl_.py:122: InsecurePlatformWarning: A true SSLContext object is not available. This prevents urllib3 from configuring SSL appropriately and may cause certain SSL connections to fail. You can upgrade to a newer version of Python to solve this. For more information, see https://urllib3.readthedocs.org/en/latest/security.html#insecureplatformwarning.
16:58:03     INFO -    InsecurePlatformWarning
16:58:10     INFO -    Downloading https://pypi.pvt.build.mozilla.org/pub/six-1.10.0-py2.py3-none-any.whl
16:58:10     INFO -  Collecting twisted==10.2.0 (from -r /builds/slave/test/build/tests/mochitest/websocketprocessbridge/websocketprocessbridge_requirements.txt (line 4))
16:58:15     INFO -    Downloading https://pypi.pvt.build.mozilla.org/pub/Twisted-10.2.0.tar.gz (1.9MB)
16:58:18     INFO -  Collecting txws==0.9.1 (from -r /builds/slave/test/build/tests/mochitest/websocketprocessbridge/websocketprocessbridge_requirements.txt (line 7))
16:58:24     INFO -    Downloading https://pypi.pvt.build.mozilla.org/pub/txWS-0.9.1.tar.gz
16:58:28     INFO -  Requirement already satisfied (use --upgrade to upgrade): psutil==3.1.1 in /builds/slave/test/build/venv/lib/python2.7/site-packages (from -r /builds/slave/test/build/tests/mochitest/websocketprocessbridge/websocketprocessbridge_requirements.txt (line 9))
16:58:28     INFO -  Collecting ipaddr==2.1.11 (from -r /builds/slave/test/build/tests/mochitest/websocketprocessbridge/websocketprocessbridge_requirements.txt (line 12))
16:58:34     INFO -    Downloading https://pypi.pvt.build.mozilla.org/pub/ipaddr-2.1.11.tar.gz
16:58:34     INFO -  Collecting passlib==1.6.5 (from -r /builds/slave/test/build/tests/mochitest/websocketprocessbridge/websocketprocessbridge_requirements.txt (line 13))
16:58:40     INFO -    Downloading https://pypi.pvt.build.mozilla.org/pub/passlib-1.6.5-py2.py3-none-any.whl (317kB)
16:58:41     INFO -  Building wheels for collected packages: twisted, txws, ipaddr
16:58:41     INFO -    Running setup.py bdist_wheel for twisted: started
16:58:44     INFO -    Running setup.py bdist_wheel for twisted: finished with status 'done'
16:58:44     INFO -    Stored in directory: /home/cltbld/.cache/pip/wheels/2a/06/64/df4bef56496f61aee018cad118db54f7a03015723d10662b26
16:58:44     INFO -    Running setup.py bdist_wheel for txws: started
16:58:45     INFO -    Running setup.py bdist_wheel for txws: finished with status 'done'
16:58:45     INFO -    Stored in directory: /home/cltbld/.cache/pip/wheels/51/f5/78/51b5dd281cb5c86337c41faadc891bd5089a07842da35b9248
16:58:45     INFO -    Running setup.py bdist_wheel for ipaddr: started
16:58:45     INFO -    Running setup.py bdist_wheel for ipaddr: finished with status 'done'
16:58:45     INFO -    Stored in directory: /home/cltbld/.cache/pip/wheels/6a/e7/d2/68af1df9a4dd7fd032c9375a12bd438c6fa81ee69d5e07993f
16:58:45     INFO -  Successfully built twisted txws ipaddr
16:58:45     INFO -  Installing collected packages: six, twisted, txws, ipaddr, passlib
16:58:49     INFO -  Successfully installed ipaddr-2.1.11 passlib-1.6.5 six-1.10.0 twisted-10.2.0 txws-0.9.1
16:58:50     INFO - Return code: 0
16:58:50     INFO - Installing None into virtualenv /builds/slave/test/build/venv
16:58:50     INFO - retry: Calling run_command with args: [['/builds/slave/test/build/venv/bin/pip', 'install', '--timeout', '120', '-r', '/builds/slave/test/build/tests/mochitest/websocketprocessbridge/websocketprocessbridge_requirements.txt', '--no-index', '--find-links', 'http://pypi.pvt.build.mozilla.org/pub', '--find-links', 'http://pypi.pub.build.mozilla.org/pub', '--trusted-host', 'pypi.pub.build.mozilla.org', '--trusted-host', 'pypi.pvt.build.mozilla.org']], kwargs: {'error_level': 'warning', 'error_list': [{'substr': 'not found or a compiler error:', 'level': 'warning'}, {'regex': <_sre.SRE_Pattern object at 0x7f6f351a8110>, 'level': 'error'}, {'regex': <_sre.SRE_Pattern object at 0x7f6f352b0e40>, 'level': 'warning'}, {'regex': <_sre.SRE_Pattern object at 0xd693e0>, 'level': 'debug'}, {'substr': 'command not found', 'level': 'error'}, {'regex': <_sre.SRE_Pattern object at 0xd65a90>, 'level': 'warning'}, {'substr': 'Traceback (most recent call last)', 'level': 'error'}, {'substr': 'SyntaxError: ', 'level': 'error'}, {'substr': 'TypeError: ', 'level': 'error'}, {'substr': 'NameError: ', 'level': 'error'}, {'substr': 'ZeroDivisionError: ', 'level': 'error'}, {'regex': <_sre.SRE_Pattern object at 0xd673f0>, 'level': 'critical'}, {'regex': <_sre.SRE_Pattern object at 0xd67670>, 'level': 'critical'}], 'cwd': '/builds/slave/test/build/tests/mochitest/websocketprocessbridge', 'env': {'TMOUT': '86400', 'LOGNAME': 'cltbld', 'USER': 'cltbld', 'HOME': '/home/cltbld', 'PATH': '/usr/local/bin:/usr/local/bin:/usr/bin:/bin:/usr/local/games:/usr/games', 'DISPLAY': ':0', 'CCACHE_UMASK': '002', 'LANG': 'en_US.UTF-8', 'TERM': 'linux', 'SHELL': '/bin/bash', 'MOZ_NODE_PATH': '/usr/bin/node', 'XDG_SESSION_COOKIE': '9ca12473fbb1d023794ffd180000023c-1528588462.609626-1376402297', 'SHLVL': '1', 'NO_FAIL_ON_TEST_ERRORS': '1', 'MOZ_NO_REMOTE': '1', 'MOZ_HIDE_RESULTS_TABLE': '1', 'MAIL': '/var/mail/cltbld', '_': '/tools/buildbot/bin/python', 'NODE_PATH': '/usr/lib/nodejs:/usr/lib/node_modules:/usr/share/javascript', 'PWD': '/builds/slave/test', 'PROPERTIES_FILE': '/builds/slave/test/buildprops.json', 'CCACHE_DIR': '/builds/ccache'}}, attempt #1
16:58:50     INFO - Running command: ['/builds/slave/test/build/venv/bin/pip', 'install', '--timeout', '120', '-r', '/builds/slave/test/build/tests/mochitest/websocketprocessbridge/websocketprocessbridge_requirements.txt', '--no-index', '--find-links', 'http://pypi.pvt.build.mozilla.org/pub', '--find-links', 'http://pypi.pub.build.mozilla.org/pub', '--trusted-host', 'pypi.pub.build.mozilla.org', '--trusted-host', 'pypi.pvt.build.mozilla.org'] in /builds/slave/test/build/tests/mochitest/websocketprocessbridge
16:58:50     INFO - Copy/paste: /builds/slave/test/build/venv/bin/pip install --timeout 120 -r /builds/slave/test/build/tests/mochitest/websocketprocessbridge/websocketprocessbridge_requirements.txt --no-index --find-links http://pypi.pvt.build.mozilla.org/pub --find-links http://pypi.pub.build.mozilla.org/pub --trusted-host pypi.pub.build.mozilla.org --trusted-host pypi.pvt.build.mozilla.org
16:58:50     INFO - Using env: {'CCACHE_DIR': '/builds/ccache',
16:58:50     INFO -  'CCACHE_UMASK': '002',
16:58:50     INFO -  'DISPLAY': ':0',
16:58:50     INFO -  'HOME': '/home/cltbld',
16:58:50     INFO -  'LANG': 'en_US.UTF-8',
16:58:50     INFO -  'LOGNAME': 'cltbld',
16:58:50     INFO -  'MAIL': '/var/mail/cltbld',
16:58:50     INFO -  'MOZ_HIDE_RESULTS_TABLE': '1',
16:58:50     INFO -  'MOZ_NODE_PATH': '/usr/bin/node',
16:58:50     INFO -  'MOZ_NO_REMOTE': '1',
16:58:50     INFO -  'NODE_PATH': '/usr/lib/nodejs:/usr/lib/node_modules:/usr/share/javascript',
16:58:50     INFO -  'NO_FAIL_ON_TEST_ERRORS': '1',
16:58:50     INFO -  'PATH': '/usr/local/bin:/usr/local/bin:/usr/bin:/bin:/usr/local/games:/usr/games',
16:58:50     INFO -  'PROPERTIES_FILE': '/builds/slave/test/buildprops.json',
16:58:50     INFO -  'PWD': '/builds/slave/test',
16:58:50     INFO -  'SHELL': '/bin/bash',
16:58:50     INFO -  'SHLVL': '1',
16:58:50     INFO -  'TERM': 'linux',
16:58:50     INFO -  'TMOUT': '86400',
16:58:50     INFO -  'USER': 'cltbld',
16:58:50     INFO -  'XDG_SESSION_COOKIE': '9ca12473fbb1d023794ffd180000023c-1528588462.609626-1376402297',
16:58:50     INFO -  '_': '/tools/buildbot/bin/python'}
16:58:51     INFO -  Ignoring indexes: https://pypi.python.org/simple
16:58:51     INFO -  Requirement already satisfied (use --upgrade to upgrade): six==1.10.0 in /builds/slave/test/build/venv/lib/python2.7/site-packages (from -r /builds/slave/test/build/tests/mochitest/websocketprocessbridge/websocketprocessbridge_requirements.txt (line 2))
16:58:51     INFO -  Requirement already satisfied (use --upgrade to upgrade): twisted==10.2.0 in /builds/slave/test/build/venv/lib/python2.7/site-packages (from -r /builds/slave/test/build/tests/mochitest/websocketprocessbridge/websocketprocessbridge_requirements.txt (line 4))
16:58:51     INFO -  Requirement already satisfied (use --upgrade to upgrade): txws==0.9.1 in /builds/slave/test/build/venv/lib/python2.7/site-packages (from -r /builds/slave/test/build/tests/mochitest/websocketprocessbridge/websocketprocessbridge_requirements.txt (line 7))
16:58:51     INFO -  Requirement already satisfied (use --upgrade to upgrade): psutil==3.1.1 in /builds/slave/test/build/venv/lib/python2.7/site-packages (from -r /builds/slave/test/build/tests/mochitest/websocketprocessbridge/websocketprocessbridge_requirements.txt (line 9))
16:58:51     INFO -  Requirement already satisfied (use --upgrade to upgrade): ipaddr==2.1.11 in /builds/slave/test/build/venv/lib/python2.7/site-packages (from -r /builds/slave/test/build/tests/mochitest/websocketprocessbridge/websocketprocessbridge_requirements.txt (line 12))
16:58:51     INFO -  Requirement already satisfied (use --upgrade to upgrade): passlib==1.6.5 in /builds/slave/test/build/venv/lib/python2.7/site-packages (from -r /builds/slave/test/build/tests/mochitest/websocketprocessbridge/websocketprocessbridge_requirements.txt (line 13))
16:58:51     INFO -  Collecting zope.interface (from twisted==10.2.0->-r /builds/slave/test/build/tests/mochitest/websocketprocessbridge/websocketprocessbridge_requirements.txt (line 4))
16:58:51     INFO -  /builds/slave/test/build/venv/lib/python2.7/site-packages/pip/_vendor/requests/packages/urllib3/util/ssl_.py:318: SNIMissingWarning: An HTTPS request has been made, but the SNI (Subject Name Indication) extension to TLS is not available on this platform. This may cause the server to present an incorrect TLS certificate, which can cause validation failures. You can upgrade to a newer version of Python to solve this. For more information, see https://urllib3.readthedocs.org/en/latest/security.html#snimissingwarning.
16:58:51     INFO -    SNIMissingWarning
16:58:51     INFO -  /builds/slave/test/build/venv/lib/python2.7/site-packages/pip/_vendor/requests/packages/urllib3/util/ssl_.py:122: InsecurePlatformWarning: A true SSLContext object is not available. This prevents urllib3 from configuring SSL appropriately and may cause certain SSL connections to fail. You can upgrade to a newer version of Python to solve this. For more information, see https://urllib3.readthedocs.org/en/latest/security.html#insecureplatformwarning.
16:58:51     INFO -    InsecurePlatformWarning
16:58:53     INFO -  /builds/slave/test/build/venv/lib/python2.7/site-packages/pip/_vendor/requests/packages/urllib3/util/ssl_.py:122: InsecurePlatformWarning: A true SSLContext object is not available. This prevents urllib3 from configuring SSL appropriately and may cause certain SSL connections to fail. You can upgrade to a newer version of Python to solve this. For more information, see https://urllib3.readthedocs.org/en/latest/security.html#insecureplatformwarning.
16:58:53     INFO -    InsecurePlatformWarning
16:58:58     INFO -    Downloading https://pypi.pvt.build.mozilla.org/pub/zope.interface-4.0.2.tar.gz (139kB)
16:58:59     INFO -  Requirement already satisfied (use --upgrade to upgrade): setuptools in /builds/slave/test/build/venv/lib/python2.7/site-packages (from zope.interface->twisted==10.2.0->-r /builds/slave/test/build/tests/mochitest/websocketprocessbridge/websocketprocessbridge_requirements.txt (line 4))
16:58:59     INFO -  Building wheels for collected packages: zope.interface
16:58:59     INFO -    Running setup.py bdist_wheel for zope.interface: started
16:59:01     INFO -    Running setup.py bdist_wheel for zope.interface: finished with status 'done'
16:59:01     INFO -    Stored in directory: /home/cltbld/.cache/pip/wheels/54/5c/71/e718400d2babcda41f4d97864183e1268dab308acc88e22470
16:59:01     INFO -  Successfully built zope.interface
16:59:01     INFO -  Installing collected packages: zope.interface
16:59:01     INFO -  Successfully installed zope.interface-4.0.2
16:59:02     INFO - Return code: 0
16:59:02     INFO - Done creating virtualenv /builds/slave/test/build/venv.
16:59:02     INFO - Getting output from command: ['/builds/slave/test/build/venv/bin/pip', 'freeze']
16:59:02     INFO - Copy/paste: /builds/slave/test/build/venv/bin/pip freeze
16:59:04     INFO - Reading from file tmpfile_stdout
16:59:04     INFO - Reading from file tmpfile_stderr
16:59:04     INFO - Current package versions:
16:59:04     INFO -   Twisted == 10.2.0
16:59:04     INFO -   blessings == 1.6
16:59:04     INFO -   blobuploader == 1.2.4
16:59:04     INFO -   browsermob-proxy == 0.6.0
16:59:04     INFO -   docopt == 0.6.1
16:59:04     INFO -   firefox-puppeteer == 52.1.0
16:59:04     INFO -   functools32 == 3.2.3.post2
16:59:04     INFO -   ipaddr == 2.1.11
16:59:04     INFO -   jsonschema == 2.5.1
16:59:04     INFO -   manifestparser == 1.1
16:59:04     INFO -   marionette-driver == 2.2.0
16:59:04     INFO -   marionette-harness == 4.0.0
16:59:04     INFO -   mock == 1.0.1
16:59:04     INFO -   mozInstall == 1.12
16:59:04     INFO -   mozcrash == 1.0
16:59:04     INFO -   mozdebug == 0.1
16:59:04     INFO -   mozdevice == 0.48
16:59:04     INFO -   mozfile == 1.2
16:59:04     INFO -   mozhttpd == 0.7
16:59:04     INFO -   mozinfo == 0.9
16:59:04     INFO -   mozleak == 0.1
16:59:04     INFO -   mozlog == 3.4
16:59:04     INFO -   moznetwork == 0.27
16:59:04     INFO -   mozprocess == 0.23
16:59:04     INFO -   mozprofile == 0.28
16:59:04     INFO -   mozrunner == 6.13
16:59:04     INFO -   mozscreenshot == 0.1
16:59:04     INFO -   mozsystemmonitor == 0.3
16:59:04     INFO -   moztest == 0.8
16:59:04     INFO -   mozversion == 1.4
16:59:04     INFO -   passlib == 1.6.5
16:59:04     INFO -   psutil == 3.1.1
16:59:04     INFO -   requests == 1.2.3
16:59:04     INFO -   simplejson == 3.3.0
16:59:04     INFO -   six == 1.10.0
16:59:04     INFO -   txWS == 0.9.1
16:59:04     INFO -   wptserve == 1.4.0
16:59:04     INFO -   zope.interface == 4.0.2
16:59:04     INFO - Running post-action listener: _resource_record_post_action
16:59:04     INFO - Running post-action listener: _start_resource_monitoring
16:59:04     INFO - Starting resource monitoring.
16:59:04     INFO - [mozharness: 2018-06-09 23:59:04.242592Z] Finished create-virtualenv step (success)
16:59:04     INFO - [mozharness: 2018-06-09 23:59:04.249419Z] Running install step.
16:59:04     INFO - Running pre-action listener: _resource_record_pre_action
16:59:04     INFO - Running main action method: install
16:59:04     INFO - Getting output from command: ['/builds/slave/test/build/venv/bin/pip', 'freeze']
16:59:04     INFO - Copy/paste: /builds/slave/test/build/venv/bin/pip freeze
16:59:05     INFO - Reading from file tmpfile_stdout
16:59:05     INFO - Reading from file tmpfile_stderr
16:59:05     INFO - Detecting whether we're running mozinstall >=1.0...
16:59:05     INFO - Getting output from command: ['/builds/slave/test/build/venv/bin/mozinstall', '-h']
16:59:05     INFO - Copy/paste: /builds/slave/test/build/venv/bin/mozinstall -h
16:59:05     INFO - Reading from file tmpfile_stdout
16:59:05     INFO - Output received:
16:59:05     INFO -  Usage: mozinstall [options] installer
16:59:05     INFO -  Options:
16:59:05     INFO -    -h, --help            show this help message and exit
16:59:05     INFO -    -d DEST, --destination=DEST
16:59:05     INFO -                          Directory to install application into. [default:
16:59:05     INFO -                          "/builds/slave/test"]
16:59:05     INFO -    --app=APP             Application being installed. [default: firefox]
16:59:05     INFO - mkdir: /builds/slave/test/build/application
16:59:05     INFO - Getting output from command: ['/builds/slave/test/build/venv/bin/mozinstall', '/builds/slave/test/build/installer.tar.bz2', '--destination', '/builds/slave/test/build/application']
16:59:05     INFO - Copy/paste: /builds/slave/test/build/venv/bin/mozinstall /builds/slave/test/build/installer.tar.bz2 --destination /builds/slave/test/build/application
16:59:30     INFO - Reading from file tmpfile_stdout
16:59:30     INFO - Output received:
16:59:30     INFO -  /builds/slave/test/build/application/firefox/firefox
16:59:30     INFO - Running post-action listener: _resource_record_post_action
16:59:30     INFO - [mozharness: 2018-06-09 23:59:30.691538Z] Finished install step (success)
16:59:30     INFO - [mozharness: 2018-06-09 23:59:30.691973Z] Running stage-files step.
16:59:30     INFO - Running pre-action listener: _resource_record_pre_action
16:59:30     INFO - Running main action method: stage_files
16:59:30     INFO - Running post-action listener: _resource_record_post_action
16:59:30     INFO - [mozharness: 2018-06-09 23:59:30.693736Z] Finished stage-files step (success)
16:59:30     INFO - [mozharness: 2018-06-09 23:59:30.694108Z] Running run-tests step.
16:59:30     INFO - Running pre-action listener: _resource_record_pre_action
16:59:30     INFO - Running pre-action listener: _set_gcov_prefix
16:59:30     INFO - Running main action method: run_tests
16:59:30     INFO - Running pre test command disable_screen_saver with 'xset s off s reset'
16:59:30     INFO - Running command: ['xset', 's', 'off', 's', 'reset'] in /builds/slave/test/build
16:59:30     INFO - Copy/paste: xset s off s reset
16:59:30     INFO - Return code: 0
16:59:30     INFO - #### Running mochitest suites
16:59:30     INFO - Structured output parser in use for mochitest.
16:59:30     INFO - grabbing minidump binary from tooltool
16:59:30     INFO - retry: Calling run_command with args: (['/tools/tooltool.py', '--url', 'https://api.pub.build.mozilla.org/tooltool/', '--authentication-file', '/builds/relengapi.tok', 'fetch', '-m', '/builds/slave/test/build/tests/config/tooltool-manifests/linux64/releng.manifest', '-o', '-c', '/builds/tooltool_cache'],), kwargs: {'output_timeout': 600, 'error_list': [{'substr': 'command not found', 'level': 'error'}, {'regex': <_sre.SRE_Pattern object at 0xd65a90>, 'level': 'warning'}, {'substr': 'Traceback (most recent call last)', 'level': 'error'}, {'substr': 'SyntaxError: ', 'level': 'error'}, {'substr': 'TypeError: ', 'level': 'error'}, {'substr': 'NameError: ', 'level': 'error'}, {'substr': 'ZeroDivisionError: ', 'level': 'error'}, {'regex': <_sre.SRE_Pattern object at 0xd673f0>, 'level': 'critical'}, {'regex': <_sre.SRE_Pattern object at 0xd67670>, 'level': 'critical'}, {'substr': 'ERROR - ', 'level': 'error'}], 'cwd': '/builds/slave/test/build', 'privileged': False}, attempt #1
16:59:30     INFO - Running command: ['/tools/tooltool.py', '--url', 'https://api.pub.build.mozilla.org/tooltool/', '--authentication-file', '/builds/relengapi.tok', 'fetch', '-m', '/builds/slave/test/build/tests/config/tooltool-manifests/linux64/releng.manifest', '-o', '-c', '/builds/tooltool_cache'] in /builds/slave/test/build
16:59:30     INFO - Copy/paste: /tools/tooltool.py --url https://api.pub.build.mozilla.org/tooltool/ --authentication-file /builds/relengapi.tok fetch -m /builds/slave/test/build/tests/config/tooltool-manifests/linux64/releng.manifest -o -c /builds/tooltool_cache
16:59:30     INFO - Calling ['/tools/tooltool.py', '--url', 'https://api.pub.build.mozilla.org/tooltool/', '--authentication-file', '/builds/relengapi.tok', 'fetch', '-m', '/builds/slave/test/build/tests/config/tooltool-manifests/linux64/releng.manifest', '-o', '-c', '/builds/tooltool_cache'] with output_timeout 600
16:59:30     INFO -  INFO - File linux64-minidump_stackwalk not present in local cache folder /builds/tooltool_cache
16:59:30     INFO -  INFO - Attempting to fetch from 'https://api.pub.build.mozilla.org/tooltool/'...
16:59:33     INFO -  INFO - File linux64-minidump_stackwalk fetched from https://api.pub.build.mozilla.org/tooltool/ as /builds/slave/test/build/tmpAnhzQB
16:59:33     INFO -  INFO - File integrity verified, renaming tmpAnhzQB to linux64-minidump_stackwalk
16:59:33     INFO -  INFO - Updating local cache /builds/tooltool_cache...
16:59:33     INFO -  INFO - Local cache /builds/tooltool_cache updated with linux64-minidump_stackwalk
16:59:33     INFO - Return code: 0
16:59:33     INFO - Chmoding /builds/slave/test/build/linux64-minidump_stackwalk to 0755
16:59:33     INFO - grabbing nodejs binary from tooltool
16:59:33     INFO - retry: Calling run_command with args: (['/tools/tooltool.py', '--url', 'https://api.pub.build.mozilla.org/tooltool/', '--authentication-file', '/builds/relengapi.tok', 'fetch', '-m', '/builds/slave/test/build/tests/config/tooltool-manifests/linux64/nodejs.manifest', '-o', '-c', '/builds/tooltool_cache'],), kwargs: {'output_timeout': 600, 'error_list': [{'substr': 'command not found', 'level': 'error'}, {'regex': <_sre.SRE_Pattern object at 0xd65a90>, 'level': 'warning'}, {'substr': 'Traceback (most recent call last)', 'level': 'error'}, {'substr': 'SyntaxError: ', 'level': 'error'}, {'substr': 'TypeError: ', 'level': 'error'}, {'substr': 'NameError: ', 'level': 'error'}, {'substr': 'ZeroDivisionError: ', 'level': 'error'}, {'regex': <_sre.SRE_Pattern object at 0xd673f0>, 'level': 'critical'}, {'regex': <_sre.SRE_Pattern object at 0xd67670>, 'level': 'critical'}, {'substr': 'ERROR - ', 'level': 'error'}], 'cwd': '/builds/slave/test/build', 'privileged': False}, attempt #1
16:59:33     INFO - Running command: ['/tools/tooltool.py', '--url', 'https://api.pub.build.mozilla.org/tooltool/', '--authentication-file', '/builds/relengapi.tok', 'fetch', '-m', '/builds/slave/test/build/tests/config/tooltool-manifests/linux64/nodejs.manifest', '-o', '-c', '/builds/tooltool_cache'] in /builds/slave/test/build
16:59:33     INFO - Copy/paste: /tools/tooltool.py --url https://api.pub.build.mozilla.org/tooltool/ --authentication-file /builds/relengapi.tok fetch -m /builds/slave/test/build/tests/config/tooltool-manifests/linux64/nodejs.manifest -o -c /builds/tooltool_cache
16:59:33     INFO - Calling ['/tools/tooltool.py', '--url', 'https://api.pub.build.mozilla.org/tooltool/', '--authentication-file', '/builds/relengapi.tok', 'fetch', '-m', '/builds/slave/test/build/tests/config/tooltool-manifests/linux64/nodejs.manifest', '-o', '-c', '/builds/tooltool_cache'] with output_timeout 600
16:59:33     INFO -  INFO - File node-linux-x64.tar.gz not present in local cache folder /builds/tooltool_cache
16:59:33     INFO -  INFO - Attempting to fetch from 'https://api.pub.build.mozilla.org/tooltool/'...
16:59:36     INFO -  INFO - File node-linux-x64.tar.gz fetched from https://api.pub.build.mozilla.org/tooltool/ as /builds/slave/test/build/tmp4qvNF7
16:59:36     INFO -  INFO - File integrity verified, renaming tmp4qvNF7 to node-linux-x64.tar.gz
16:59:36     INFO -  INFO - Updating local cache /builds/tooltool_cache...
16:59:36     INFO -  INFO - Local cache /builds/tooltool_cache updated with node-linux-x64.tar.gz
16:59:36     INFO -  INFO - untarring "node-linux-x64.tar.gz"
16:59:38     INFO - Return code: 0
16:59:38     INFO - Chmoding /builds/slave/test/build/node-linux-x64/bin/node to 0755
16:59:38     INFO - mkdir: /builds/slave/test/build/blobber_upload_dir
16:59:38     INFO - ENV: MOZ_UPLOAD_DIR is now /builds/slave/test/build/blobber_upload_dir
16:59:38     INFO - ENV: MINIDUMP_STACKWALK is now /builds/slave/test/build/linux64-minidump_stackwalk
16:59:38     INFO - ENV: MOZ_NODE_PATH is now /builds/slave/test/build/node-linux-x64/bin/node
16:59:38     INFO - ENV: MINIDUMP_SAVE_PATH is now /builds/slave/test/build/blobber_upload_dir
16:59:38     INFO - Running command: ['/builds/slave/test/build/venv/bin/python', '-u', '/builds/slave/test/build/tests/mochitest/runtests.py', '--disable-e10s', '--appname=/builds/slave/test/build/application/firefox/firefox', '--utility-path=tests/bin', '--extra-profile-file=tests/bin/plugins', '--symbols-path=https://queue.taskcluster.net/v1/task/SxO2A4qlRoiC9xT9-GoQJQ/artifacts/public/build/firefox-52.8.2.en-US.linux-x86_64.crashreporter-symbols.zip', '--certificate-path=tests/certs', '--setpref=webgl.force-enabled=true', '--quiet', '--log-raw=/builds/slave/test/build/blobber_upload_dir/plain-gpu_raw.log', '--log-errorsummary=/builds/slave/test/build/blobber_upload_dir/plain-gpu_errorsummary.log', '--use-test-media-devices', '--screenshot-on-fail', '--cleanup-crashes', '--marionette-startup-timeout=180', '--log-raw=-', '--subsuite=gpu'] in /builds/slave/test/build
16:59:38     INFO - Copy/paste: /builds/slave/test/build/venv/bin/python -u /builds/slave/test/build/tests/mochitest/runtests.py --disable-e10s --appname=/builds/slave/test/build/application/firefox/firefox --utility-path=tests/bin --extra-profile-file=tests/bin/plugins --symbols-path=https://queue.taskcluster.net/v1/task/SxO2A4qlRoiC9xT9-GoQJQ/artifacts/public/build/firefox-52.8.2.en-US.linux-x86_64.crashreporter-symbols.zip --certificate-path=tests/certs --setpref=webgl.force-enabled=true --quiet --log-raw=/builds/slave/test/build/blobber_upload_dir/plain-gpu_raw.log --log-errorsummary=/builds/slave/test/build/blobber_upload_dir/plain-gpu_errorsummary.log --use-test-media-devices --screenshot-on-fail --cleanup-crashes --marionette-startup-timeout=180 --log-raw=- --subsuite=gpu
16:59:38     INFO - Using env: {'CCACHE_DIR': '/builds/ccache',
16:59:38     INFO -  'CCACHE_UMASK': '002',
16:59:38     INFO -  'DISPLAY': ':0',
16:59:38     INFO -  'HOME': '/home/cltbld',
16:59:38     INFO -  'LANG': 'en_US.UTF-8',
16:59:38     INFO -  'LOGNAME': 'cltbld',
16:59:38     INFO -  'MAIL': '/var/mail/cltbld',
16:59:38     INFO -  'MINIDUMP_SAVE_PATH': '/builds/slave/test/build/blobber_upload_dir',
16:59:38     INFO -  'MINIDUMP_STACKWALK': '/builds/slave/test/build/linux64-minidump_stackwalk',
16:59:38     INFO -  'MOZ_HIDE_RESULTS_TABLE': '1',
16:59:38     INFO -  'MOZ_NODE_PATH': '/builds/slave/test/build/node-linux-x64/bin/node',
16:59:38     INFO -  'MOZ_NO_REMOTE': '1',
16:59:38     INFO -  'MOZ_UPLOAD_DIR': '/builds/slave/test/build/blobber_upload_dir',
16:59:38     INFO -  'NODE_PATH': '/usr/lib/nodejs:/usr/lib/node_modules:/usr/share/javascript',
16:59:38     INFO -  'NO_FAIL_ON_TEST_ERRORS': '1',
16:59:38     INFO -  'PATH': '/builds/slave/test/build/venv/bin:/usr/local/bin:/usr/local/bin:/usr/bin:/bin:/usr/local/games:/usr/games',
16:59:38     INFO -  'PROPERTIES_FILE': '/builds/slave/test/buildprops.json',
16:59:38     INFO -  'PWD': '/builds/slave/test',
16:59:38     INFO -  'SHELL': '/bin/bash',
16:59:38     INFO -  'SHLVL': '1',
16:59:38     INFO -  'TERM': 'linux',
16:59:38     INFO -  'TMOUT': '86400',
16:59:38     INFO -  'USER': 'cltbld',
16:59:38     INFO -  'XDG_SESSION_COOKIE': '9ca12473fbb1d023794ffd180000023c-1528588462.609626-1376402297',
16:59:38     INFO -  '_': '/tools/buildbot/bin/python'}
16:59:38     INFO - Calling ['/builds/slave/test/build/venv/bin/python', '-u', '/builds/slave/test/build/tests/mochitest/runtests.py', '--disable-e10s', '--appname=/builds/slave/test/build/application/firefox/firefox', '--utility-path=tests/bin', '--extra-profile-file=tests/bin/plugins', '--symbols-path=https://queue.taskcluster.net/v1/task/SxO2A4qlRoiC9xT9-GoQJQ/artifacts/public/build/firefox-52.8.2.en-US.linux-x86_64.crashreporter-symbols.zip', '--certificate-path=tests/certs', '--setpref=webgl.force-enabled=true', '--quiet', '--log-raw=/builds/slave/test/build/blobber_upload_dir/plain-gpu_raw.log', '--log-errorsummary=/builds/slave/test/build/blobber_upload_dir/plain-gpu_errorsummary.log', '--use-test-media-devices', '--screenshot-on-fail', '--cleanup-crashes', '--marionette-startup-timeout=180', '--log-raw=-', '--subsuite=gpu'] with output_timeout 1000
16:59:39     INFO - Checking for orphan ssltunnel processes...
16:59:39     INFO - Checking for orphan xpcshell processes...
16:59:40     INFO - SUITE-START | Running 21 tests
16:59:40     INFO - TEST-START | dom/canvas/test/test_offscreencanvas_basic_webgl.html
16:59:40     INFO - TEST-SKIP | dom/canvas/test/test_offscreencanvas_basic_webgl.html | took 1ms
16:59:40     INFO - TEST-START | dom/canvas/test/test_offscreencanvas_dynamic_fallback.html
16:59:40     INFO - TEST-SKIP | dom/canvas/test/test_offscreencanvas_dynamic_fallback.html | took 1ms
16:59:40     INFO - TEST-START | dom/canvas/test/test_offscreencanvas_many.html
16:59:40     INFO - TEST-SKIP | dom/canvas/test/test_offscreencanvas_many.html | took 1ms
16:59:40     INFO - TEST-START | dom/canvas/test/test_offscreencanvas_neuter.html
16:59:40     INFO - TEST-SKIP | dom/canvas/test/test_offscreencanvas_neuter.html | took 0ms
16:59:40     INFO - TEST-START | dom/canvas/test/test_offscreencanvas_serviceworker.html
16:59:40     INFO - TEST-SKIP | dom/canvas/test/test_offscreencanvas_serviceworker.html | took 0ms
16:59:40     INFO - TEST-START | dom/canvas/test/test_offscreencanvas_sharedworker.html
16:59:40     INFO - TEST-SKIP | dom/canvas/test/test_offscreencanvas_sharedworker.html | took 0ms
16:59:40     INFO - TEST-START | dom/canvas/test/test_offscreencanvas_sizechange.html
16:59:40     INFO - TEST-SKIP | dom/canvas/test/test_offscreencanvas_sizechange.html | took 0ms
16:59:40     INFO - TEST-START | dom/canvas/test/test_offscreencanvas_subworker.html
16:59:40     INFO - TEST-SKIP | dom/canvas/test/test_offscreencanvas_subworker.html | took 1ms
16:59:40     INFO - TEST-START | dom/canvas/test/test_offscreencanvas_toblob.html
16:59:40     INFO - TEST-SKIP | dom/canvas/test/test_offscreencanvas_toblob.html | took 0ms
16:59:40     INFO - TEST-START | dom/canvas/test/test_offscreencanvas_toimagebitmap.html
16:59:40     INFO - TEST-SKIP | dom/canvas/test/test_offscreencanvas_toimagebitmap.html | took 0ms
16:59:40     INFO - TEST-START | dom/imptests/html/webgl/test_compressedTexSubImage2D.html
16:59:40     INFO - TEST-SKIP | dom/imptests/html/webgl/test_compressedTexSubImage2D.html | took 0ms
16:59:40     INFO -  dir: dom/bindings/test
16:59:43     INFO -  ImportError: No module named pygtk
16:59:44     INFO -  Setting pipeline to PAUSED ...
16:59:44     INFO -  libv4l2: error getting pixformat: Invalid argument
16:59:44     INFO -  Pipeline is PREROLLING ...
16:59:44     INFO -  Pipeline is PREROLLED ...
16:59:44     INFO -  Setting pipeline to PLAYING ...
16:59:44     INFO -  New clock: GstSystemClock
16:59:44     INFO -  Got EOS from element "pipeline0".
16:59:44     INFO -  Execution ended after 32173374 ns.
16:59:44     INFO -  Setting pipeline to PAUSED ...
16:59:44     INFO -  Setting pipeline to READY ...
16:59:44     INFO -  Setting pipeline to NULL ...
16:59:44     INFO -  Freeing pipeline ...
16:59:44     INFO -  23
16:59:45     INFO -  mozprofile.addons WARNING | Could not install /builds/slave/test/build/tests/mochitest/extensions/mozscreenshots: [Errno 2] No such file or directory: '/builds/slave/test/build/tests/mochitest/extensions/mozscreenshots/install.rdf'
16:59:45     INFO -  pk12util: PKCS12 IMPORT SUCCESSFUL
16:59:45     INFO - MochitestServer : launching [u'/builds/slave/test/build/tests/bin/xpcshell', '-g', '/builds/slave/test/build/application/firefox', '-v', '170', '-f', '/builds/slave/test/build/tests/bin/components/httpd.js', '-e', "const _PROFILE_PATH = '/tmp/tmpXWFamP.mozrunner'; const _SERVER_PORT = '8888'; const _SERVER_ADDR = '127.0.0.1'; const _TEST_PREFIX = undefined; const _DISPLAY_RESULTS = false;", '-f', '/builds/slave/test/build/tests/mochitest/server.js']
16:59:45     INFO - runtests.py | Server pid: 2389
16:59:45     INFO - runtests.py | Websocket server pid: 2392
16:59:45     INFO - runtests.py | SSL tunnel pid: 2395
16:59:46     INFO - runtests.py | Running with e10s: False
16:59:46     INFO - runtests.py | Running tests: start.
16:59:46     INFO - 
16:59:46     INFO - Application command: /builds/slave/test/build/application/firefox/firefox -marionette -foreground -profile /tmp/tmpXWFamP.mozrunner
16:59:46     INFO - runtests.py | Application pid: 2417
16:59:46     INFO - TEST-INFO | started process Main app process
16:59:49     INFO - 1528588789490	Marionette	INFO	Listening on port 2828
16:59:54     INFO - SimpleTest START
16:59:54     INFO - TEST-START | dom/bindings/test/test_sequence_wrapping.html
16:59:55     INFO - ATTENTION: default value of option force_s3tc_enable overridden by environment.
16:59:55     INFO - MEMORY STAT vsizeMaxContiguous not supported in this build configuration.
16:59:55     INFO - MEMORY STAT | vsize 2018MB | residentFast 229MB | heapAllocated 122MB
16:59:55     INFO - TEST-OK | dom/bindings/test/test_sequence_wrapping.html | took 1390ms
16:59:55     INFO - TEST-START | Shutdown
16:59:55     INFO - Passed:  4
16:59:55     INFO - Failed:  0
16:59:55     INFO - Todo:    0
16:59:55     INFO - Mode:    non-e10s
16:59:55     INFO - Slowest: 1388ms - /tests/dom/bindings/test/test_sequence_wrapping.html
16:59:55     INFO - SimpleTest FINISHED
16:59:55     INFO - TEST-INFO | Ran 1 Loops
16:59:55     INFO - SimpleTest FINISHED
16:59:56     INFO - TEST-INFO | Main app process: exit 0
16:59:56     INFO - runtests.py | Application ran for: 0:00:10.712628
16:59:56     INFO - zombiecheck | Reading PID log: /tmp/tmpfJZqwVpidlog
16:59:56     INFO - ==> process 2417 launched child process 2438
16:59:56     INFO - zombiecheck | Checking for orphan process with PID: 2438
16:59:56     INFO - Stopping web server
16:59:57     INFO - Stopping web socket server
16:59:57     INFO - Stopping ssltunnel
16:59:57  WARNING - leakcheck | refcount logging is off, so leaks can't be detected!
16:59:57     INFO - runtests.py | Running tests: end.
16:59:57     INFO - Buffered messages finished
16:59:57     INFO -  dir: dom/canvas/test/crossorigin
16:59:57     INFO -  Setting pipeline to PAUSED ...
16:59:57     INFO -  Pipeline is PREROLLING ...
16:59:57     INFO -  Pipeline is PREROLLED ...
16:59:57     INFO -  Setting pipeline to PLAYING ...
16:59:57     INFO -  New clock: GstSystemClock
16:59:57     INFO -  Got EOS from element "pipeline0".
16:59:57     INFO -  Execution ended after 32703256 ns.
16:59:57     INFO -  Setting pipeline to PAUSED ...
16:59:57     INFO -  Setting pipeline to READY ...
16:59:57     INFO -  Setting pipeline to NULL ...
16:59:57     INFO -  Freeing pipeline ...
16:59:57     INFO -  mozprofile.addons WARNING | Could not install /builds/slave/test/build/tests/mochitest/extensions/mozscreenshots: [Errno 2] No such file or directory: '/builds/slave/test/build/tests/mochitest/extensions/mozscreenshots/install.rdf'
16:59:57     INFO -  pk12util: PKCS12 IMPORT SUCCESSFUL
16:59:57     INFO - MochitestServer : launching [u'/builds/slave/test/build/tests/bin/xpcshell', '-g', '/builds/slave/test/build/application/firefox', '-v', '170', '-f', '/builds/slave/test/build/tests/bin/components/httpd.js', '-e', "const _PROFILE_PATH = '/tmp/tmpev8Jsr.mozrunner'; const _SERVER_PORT = '8888'; const _SERVER_ADDR = '127.0.0.1'; const _TEST_PREFIX = undefined; const _DISPLAY_RESULTS = false;", '-f', '/builds/slave/test/build/tests/mochitest/server.js']
16:59:57     INFO - runtests.py | Server pid: 2507
16:59:57     INFO - runtests.py | Websocket server pid: 2510
16:59:58     INFO - runtests.py | SSL tunnel pid: 2514
16:59:58     INFO - runtests.py | Running with e10s: False
16:59:58     INFO - runtests.py | Running tests: start.
16:59:58     INFO - 
16:59:58     INFO - Application command: /builds/slave/test/build/application/firefox/firefox -marionette -foreground -profile /tmp/tmpev8Jsr.mozrunner
16:59:58     INFO - runtests.py | Application pid: 2535
16:59:58     INFO - TEST-INFO | started process Main app process
17:00:01     INFO - 1528588801754	Marionette	INFO	Listening on port 2828
17:00:06     INFO - SimpleTest START
17:00:06     INFO - TEST-START | dom/canvas/test/crossorigin/test_video_crossorigin.html
17:00:08     INFO - ATTENTION: default value of option force_s3tc_enable overridden by environment.
17:00:08     INFO - JavaScript warning: http://mochi.test:8888/tests/dom/canvas/test/crossorigin/test_video_crossorigin.html, line 93: Error: WebGL: texImage2D: Cross-origin elements require CORS.
17:00:08     INFO - JavaScript warning: http://mochi.test:8888/tests/dom/canvas/test/crossorigin/test_video_crossorigin.html, line 93: Error: WebGL: texImage2D: Cross-origin elements require CORS.
17:00:08     INFO - JavaScript warning: http://mochi.test:8888/tests/dom/canvas/test/crossorigin/test_video_crossorigin.html, line 93: Error: WebGL: texImage2D: Failed to hit GPU-copy fast-path. Falling back to CPU upload.
17:00:08     INFO - JavaScript warning: http://mochi.test:8888/tests/dom/canvas/test/crossorigin/test_video_crossorigin.html, line 93: Error: WebGL: texImage2D: Conversion requires pixel reformatting.
17:00:08     INFO - JavaScript warning: http://mochi.test:8888/tests/dom/canvas/test/crossorigin/test_video_crossorigin.html, line 93: Error: WebGL: texImage2D: Failed to hit GPU-copy fast-path. Falling back to CPU upload.
17:00:08     INFO - JavaScript warning: http://mochi.test:8888/tests/dom/canvas/test/crossorigin/test_video_crossorigin.html, line 93: Error: WebGL: texImage2D: Conversion requires pixel reformatting.
17:00:08     INFO - JavaScript warning: http://mochi.test:8888/tests/dom/canvas/test/crossorigin/test_video_crossorigin.html, line 93: Error: WebGL: texImage2D: Failed to hit GPU-copy fast-path. Falling back to CPU upload.
17:00:08     INFO - JavaScript warning: http://mochi.test:8888/tests/dom/canvas/test/crossorigin/test_video_crossorigin.html, line 93: Error: WebGL: texImage2D: Conversion requires pixel reformatting.
17:00:08     INFO - JavaScript warning: http://mochi.test:8888/tests/dom/canvas/test/crossorigin/test_video_crossorigin.html, line 93: Error: WebGL: texImage2D: Failed to hit GPU-copy fast-path. Falling back to CPU upload.
17:00:08     INFO - JavaScript warning: http://mochi.test:8888/tests/dom/canvas/test/crossorigin/test_video_crossorigin.html, line 93: Error: WebGL: texImage2D: Conversion requires pixel reformatting.
17:00:08     INFO - JavaScript warning: http://mochi.test:8888/tests/dom/canvas/test/crossorigin/test_video_crossorigin.html, line 93: Error: WebGL: texImage2D: Cross-origin elements require CORS.
17:00:09     INFO - JavaScript warning: http://mochi.test:8888/tests/dom/canvas/test/crossorigin/test_video_crossorigin.html, line 93: Error: WebGL: texImage2D: Failed to hit GPU-copy fast-path. Falling back to CPU upload.
17:00:09     INFO - JavaScript warning: http://mochi.test:8888/tests/dom/canvas/test/crossorigin/test_video_crossorigin.html, line 93: Error: WebGL: texImage2D: Conversion requires pixel reformatting.
17:00:09     INFO - JavaScript warning: http://mochi.test:8888/tests/dom/canvas/test/crossorigin/test_video_crossorigin.html, line 93: Error: WebGL: texImage2D: Failed to hit GPU-copy fast-path. Falling back to CPU upload.
17:00:09     INFO - JavaScript warning: http://mochi.test:8888/tests/dom/canvas/test/crossorigin/test_video_crossorigin.html, line 93: Error: WebGL: texImage2D: Conversion requires pixel reformatting.
17:00:09     INFO - JavaScript warning: http://mochi.test:8888/tests/dom/canvas/test/crossorigin/test_video_crossorigin.html, line 93: Error: WebGL: texImage2D: Failed to hit GPU-copy fast-path. Falling back to CPU upload.
17:00:09     INFO - JavaScript warning: http://mochi.test:8888/tests/dom/canvas/test/crossorigin/test_video_crossorigin.html, line 93: Error: WebGL: texImage2D: Conversion requires pixel reformatting.
17:00:09     INFO - JavaScript warning: http://mochi.test:8888/tests/dom/canvas/test/crossorigin/test_video_crossorigin.html, line 93: Error: WebGL: texImage2D: Failed to hit GPU-copy fast-path. Falling back to CPU upload.
17:00:09     INFO - JavaScript warning: http://mochi.test:8888/tests/dom/canvas/test/crossorigin/test_video_crossorigin.html, line 93: Error: WebGL: texImage2D: Conversion requires pixel reformatting.
17:00:09     INFO - JavaScript warning: http://mochi.test:8888/tests/dom/canvas/test/crossorigin/test_video_crossorigin.html, line 93: Error: WebGL: texImage2D: Failed to hit GPU-copy fast-path. Falling back to CPU upload.
17:00:09     INFO - JavaScript warning: http://mochi.test:8888/tests/dom/canvas/test/crossorigin/test_video_crossorigin.html, line 93: Error: WebGL: texImage2D: Conversion requires pixel reformatting.
17:00:10     INFO - MEMORY STAT vsizeMaxContiguous not supported in this build configuration.
17:00:10     INFO - MEMORY STAT | vsize 2174MB | residentFast 221MB | heapAllocated 113MB
17:00:10     INFO - TEST-OK | dom/canvas/test/crossorigin/test_video_crossorigin.html | took 3584ms
17:00:10     INFO - TEST-START | dom/canvas/test/crossorigin/test_webgl_crossorigin_textures.html
17:00:10     INFO - JavaScript warning: http://mochi.test:8888/tests/dom/canvas/test/crossorigin/test_webgl_crossorigin_textures.html, line 48: Error: WebGL: texImage2D: Conversion requires pixel reformatting.
17:00:10     INFO - JavaScript warning: http://mochi.test:8888/tests/dom/canvas/test/crossorigin/test_webgl_crossorigin_textures.html, line 48: Error: WebGL: texImage2D: Conversion requires pixel reformatting.
17:00:10     INFO - JavaScript warning: http://mochi.test:8888/tests/dom/canvas/test/crossorigin/test_webgl_crossorigin_textures.html, line 48: Error: WebGL: texImage2D: Conversion requires pixel reformatting.
17:00:10     INFO - JavaScript warning: http://mochi.test:8888/tests/dom/canvas/test/crossorigin/test_webgl_crossorigin_textures.html, line 48: Error: WebGL: texImage2D: Conversion requires pixel reformatting.
17:00:10     INFO - JavaScript warning: http://mochi.test:8888/tests/dom/canvas/test/crossorigin/test_webgl_crossorigin_textures.html, line 48: Error: WebGL: texImage2D: Cross-origin elements require CORS.
17:00:10     INFO - JavaScript warning: http://mochi.test:8888/tests/dom/canvas/test/crossorigin/test_webgl_crossorigin_textures.html, line 48: Error: WebGL: texImage2D: Cross-origin elements require CORS.
17:00:10     INFO - JavaScript warning: http://mochi.test:8888/tests/dom/canvas/test/crossorigin/test_webgl_crossorigin_textures.html, line 48: Error: WebGL: texImage2D: Conversion requires pixel reformatting.
17:00:10     INFO - JavaScript warning: http://mochi.test:8888/tests/dom/canvas/test/crossorigin/test_webgl_crossorigin_textures.html, line 48: Error: WebGL: texImage2D: Conversion requires pixel reformatting.
17:00:10     INFO - JavaScript warning: http://mochi.test:8888/tests/dom/canvas/test/crossorigin/test_webgl_crossorigin_textures.html, line 48: Error: WebGL: texImage2D: Conversion requires pixel reformatting.
17:00:10     INFO - JavaScript warning: http://mochi.test:8888/tests/dom/canvas/test/crossorigin/test_webgl_crossorigin_textures.html, line 48: Error: WebGL: texImage2D: Cross-origin elements require CORS.
17:00:10     INFO - JavaScript warning: http://mochi.test:8888/tests/dom/canvas/test/crossorigin/test_webgl_crossorigin_textures.html, line 48: Error: WebGL: texImage2D: Conversion requires pixel reformatting.
17:00:10     INFO - JavaScript warning: http://mochi.test:8888/tests/dom/canvas/test/crossorigin/test_webgl_crossorigin_textures.html, line 48: Error: WebGL: texImage2D: Conversion requires pixel reformatting.
17:00:10     INFO - JavaScript warning: http://mochi.test:8888/tests/dom/canvas/test/crossorigin/test_webgl_crossorigin_textures.html, line 48: Error: WebGL: texImage2D: Conversion requires pixel reformatting.
17:00:10     INFO - JavaScript warning: http://mochi.test:8888/tests/dom/canvas/test/crossorigin/test_webgl_crossorigin_textures.html, line 48: Error: WebGL: texImage2D: Conversion requires pixel reformatting.
17:00:10     INFO - JavaScript warning: http://mochi.test:8888/tests/dom/canvas/test/crossorigin/test_webgl_crossorigin_textures.html, line 48: Error: WebGL: texImage2D: Conversion requires pixel reformatting.
17:00:10     INFO - JavaScript warning: http://mochi.test:8888/tests/dom/canvas/test/crossorigin/test_webgl_crossorigin_textures.html, line 48: Error: WebGL: texImage2D: Conversion requires pixel reformatting.
17:00:10     INFO - MEMORY STAT | vsize 2174MB | residentFast 213MB | heapAllocated 99MB
17:00:10     INFO - TEST-OK | dom/canvas/test/crossorigin/test_webgl_crossorigin_textures.html | took 440ms
17:00:10     INFO - TEST-START | Shutdown
17:00:10     INFO - Passed:  144
17:00:10     INFO - Failed:  0
17:00:10     INFO - Todo:    0
17:00:10     INFO - Mode:    non-e10s
17:00:10     INFO - Slowest: 3582ms - /tests/dom/canvas/test/crossorigin/test_video_crossorigin.html
17:00:10     INFO - SimpleTest FINISHED
17:00:10     INFO - TEST-INFO | Ran 1 Loops
17:00:10     INFO - SimpleTest FINISHED
17:00:12     INFO - TEST-INFO | Main app process: exit 0
17:00:12     INFO - runtests.py | Application ran for: 0:00:13.855920
17:00:12     INFO - zombiecheck | Reading PID log: /tmp/tmpDN0zzzpidlog
17:00:12     INFO - ==> process 2535 launched child process 2556
17:00:12     INFO - zombiecheck | Checking for orphan process with PID: 2556
17:00:12     INFO - Stopping web server
17:00:12     INFO - Stopping web socket server
17:00:12     INFO - Stopping ssltunnel
17:00:12  WARNING - leakcheck | refcount logging is off, so leaks can't be detected!
17:00:12     INFO - runtests.py | Running tests: end.
17:00:12     INFO - Buffered messages finished
17:00:12     INFO -  dir: dom/canvas/test
17:00:12     INFO -  Setting pipeline to PAUSED ...
17:00:12     INFO -  Pipeline is PREROLLING ...
17:00:12     INFO -  Pipeline is PREROLLED ...
17:00:12     INFO -  Setting pipeline to PLAYING ...
17:00:12     INFO -  New clock: GstSystemClock
17:00:12     INFO -  Got EOS from element "pipeline0".
17:00:12     INFO -  Execution ended after 32717946 ns.
17:00:12     INFO -  Setting pipeline to PAUSED ...
17:00:12     INFO -  Setting pipeline to READY ...
17:00:12     INFO -  Setting pipeline to NULL ...
17:00:12     INFO -  Freeing pipeline ...
17:00:12     INFO -  mozprofile.addons WARNING | Could not install /builds/slave/test/build/tests/mochitest/extensions/mozscreenshots: [Errno 2] No such file or directory: '/builds/slave/test/build/tests/mochitest/extensions/mozscreenshots/install.rdf'
17:00:13     INFO -  pk12util: PKCS12 IMPORT SUCCESSFUL
17:00:13     INFO - MochitestServer : launching [u'/builds/slave/test/build/tests/bin/xpcshell', '-g', '/builds/slave/test/build/application/firefox', '-v', '170', '-f', '/builds/slave/test/build/tests/bin/components/httpd.js', '-e', "const _PROFILE_PATH = '/tmp/tmpY25vvs.mozrunner'; const _SERVER_PORT = '8888'; const _SERVER_ADDR = '127.0.0.1'; const _TEST_PREFIX = undefined; const _DISPLAY_RESULTS = false;", '-f', '/builds/slave/test/build/tests/mochitest/server.js']
17:00:13     INFO - runtests.py | Server pid: 2638
17:00:13     INFO - runtests.py | Websocket server pid: 2641
17:00:13     INFO - runtests.py | SSL tunnel pid: 2645
17:00:13     INFO - runtests.py | Running with e10s: False
17:00:13     INFO - runtests.py | Running tests: start.
17:00:13     INFO - 
17:00:13     INFO - Application command: /builds/slave/test/build/application/firefox/firefox -marionette -foreground -profile /tmp/tmpY25vvs.mozrunner
17:00:14     INFO - runtests.py | Application pid: 2667
17:00:14     INFO - TEST-INFO | started process Main app process
17:00:17     INFO - 1528588817408	Marionette	INFO	Listening on port 2828
17:00:22     INFO - SimpleTest START
17:00:22     INFO - TEST-START | dom/canvas/test/test_bug1215072.html
17:00:23     INFO - ATTENTION: default value of option force_s3tc_enable overridden by environment.
17:00:23     INFO - MEMORY STAT vsizeMaxContiguous not supported in this build configuration.
17:00:23     INFO - MEMORY STAT | vsize 2034MB | residentFast 244MB | heapAllocated 137MB
17:00:23     INFO - TEST-OK | dom/canvas/test/test_bug1215072.html | took 1572ms
17:00:23     INFO - TEST-START | Shutdown
17:00:23     INFO - Passed:  12
17:00:23     INFO - Failed:  0
17:00:23     INFO - Todo:    0
17:00:23     INFO - Mode:    non-e10s
17:00:23     INFO - Slowest: 1572ms - /tests/dom/canvas/test/test_bug1215072.html
17:00:23     INFO - SimpleTest FINISHED
17:00:23     INFO - TEST-INFO | Ran 1 Loops
17:00:23     INFO - SimpleTest FINISHED
17:00:25     INFO - TEST-INFO | Main app process: exit 0
17:00:25     INFO - runtests.py | Application ran for: 0:00:11.154080
17:00:25     INFO - zombiecheck | Reading PID log: /tmp/tmpHEaywypidlog
17:00:25     INFO - ==> process 2667 launched child process 2688
17:00:25     INFO - zombiecheck | Checking for orphan process with PID: 2688
17:00:25     INFO - Stopping web server
17:00:25     INFO - Stopping web socket server
17:00:25     INFO - Stopping ssltunnel
17:00:25  WARNING - leakcheck | refcount logging is off, so leaks can't be detected!
17:00:25     INFO - runtests.py | Running tests: end.
17:00:25     INFO - Buffered messages finished
17:00:25     INFO -  dir: dom/imptests/html/webgl
17:00:25     INFO -  Setting pipeline to PAUSED ...
17:00:25     INFO -  Pipeline is PREROLLING ...
17:00:25     INFO -  Pipeline is PREROLLED ...
17:00:25     INFO -  Setting pipeline to PLAYING ...
17:00:25     INFO -  New clock: GstSystemClock
17:00:25     INFO -  Got EOS from element "pipeline0".
17:00:25     INFO -  Execution ended after 32509693 ns.
17:00:25     INFO -  Setting pipeline to PAUSED ...
17:00:25     INFO -  Setting pipeline to READY ...
17:00:25     INFO -  Setting pipeline to NULL ...
17:00:25     INFO -  Freeing pipeline ...
17:00:25     INFO -  mozprofile.addons WARNING | Could not install /builds/slave/test/build/tests/mochitest/extensions/mozscreenshots: [Errno 2] No such file or directory: '/builds/slave/test/build/tests/mochitest/extensions/mozscreenshots/install.rdf'
17:00:25     INFO -  pk12util: PKCS12 IMPORT SUCCESSFUL
17:00:26     INFO - MochitestServer : launching [u'/builds/slave/test/build/tests/bin/xpcshell', '-g', '/builds/slave/test/build/application/firefox', '-v', '170', '-f', '/builds/slave/test/build/tests/bin/components/httpd.js', '-e', "const _PROFILE_PATH = '/tmp/tmpgiAJ6m.mozrunner'; const _SERVER_PORT = '8888'; const _SERVER_ADDR = '127.0.0.1'; const _TEST_PREFIX = undefined; const _DISPLAY_RESULTS = false;", '-f', '/builds/slave/test/build/tests/mochitest/server.js']
17:00:26     INFO - runtests.py | Server pid: 2755
17:00:26     INFO - runtests.py | Websocket server pid: 2758
17:00:26     INFO - runtests.py | SSL tunnel pid: 2762
17:00:26     INFO - runtests.py | Running with e10s: False
17:00:26     INFO - runtests.py | Running tests: start.
17:00:26     INFO - 
17:00:26     INFO - Application command: /builds/slave/test/build/application/firefox/firefox -marionette -foreground -profile /tmp/tmpgiAJ6m.mozrunner
17:00:26     INFO - runtests.py | Application pid: 2783
17:00:26     INFO - TEST-INFO | started process Main app process
17:00:30     INFO - 1528588830032	Marionette	INFO	Listening on port 2828
17:00:34     INFO - SimpleTest START
17:00:34     INFO - TEST-START | dom/imptests/html/webgl/test_bufferSubData.html
17:00:35     INFO - ATTENTION: default value of option force_s3tc_enable overridden by environment.
17:00:36     INFO - MEMORY STAT vsizeMaxContiguous not supported in this build configuration.
17:00:36     INFO - MEMORY STAT | vsize 2018MB | residentFast 231MB | heapAllocated 123MB
17:00:36     INFO - TEST-OK | dom/imptests/html/webgl/test_bufferSubData.html | took 1460ms
17:00:36     INFO - TEST-START | dom/imptests/html/webgl/test_compressedTexImage2D.html
17:00:36     INFO - JavaScript warning: http://mochi.test:8888/tests/dom/imptests/html/webgl/test_compressedTexImage2D.html, line 19: Error: WebGL: compressedTexImage2D: Invalid internalFormat: 0x83f0
17:00:36     INFO - JavaScript warning: http://mochi.test:8888/tests/dom/imptests/html/webgl/test_compressedTexImage2D.html, line 22: Error: WebGL: compressedTexImage2D: Invalid internalFormat: 0x83f0
17:00:36     INFO - MEMORY STAT | vsize 2023MB | residentFast 236MB | heapAllocated 127MB
17:00:36     INFO - TEST-OK | dom/imptests/html/webgl/test_compressedTexImage2D.html | took 220ms
17:00:36     INFO - TEST-START | dom/imptests/html/webgl/test_texImage2D.html
17:00:36     INFO - MEMORY STAT | vsize 2027MB | residentFast 240MB | heapAllocated 132MB
17:00:36     INFO - TEST-OK | dom/imptests/html/webgl/test_texImage2D.html | took 186ms
17:00:36     INFO - TEST-START | dom/imptests/html/webgl/test_texSubImage2D.html
17:00:36     INFO - MEMORY STAT | vsize 2032MB | residentFast 245MB | heapAllocated 137MB
17:00:36     INFO - TEST-OK | dom/imptests/html/webgl/test_texSubImage2D.html | took 210ms
17:00:36     INFO - TEST-START | dom/imptests/html/webgl/test_uniformMatrixNfv.html
17:00:37     INFO - JavaScript warning: http://mochi.test:8888/tests/dom/imptests/html/webgl/test_uniformMatrixNfv.html, line 29: Error: WebGL: getUniformLocation: `program` must be linked.
17:00:37     INFO - JavaScript warning: http://mochi.test:8888/tests/dom/imptests/html/webgl/test_uniformMatrixNfv.html, line 29: Error: WebGL: getUniformLocation: `program` must be linked.
17:00:37     INFO - JavaScript warning: http://mochi.test:8888/tests/dom/imptests/html/webgl/test_uniformMatrixNfv.html, line 29: Error: WebGL: getUniformLocation: `program` must be linked.
17:00:37     INFO - MEMORY STAT | vsize 2045MB | residentFast 258MB | heapAllocated 149MB
17:00:37     INFO - TEST-OK | dom/imptests/html/webgl/test_uniformMatrixNfv.html | took 266ms
17:00:37     INFO - TEST-START | Shutdown
17:00:37     INFO - Passed:  15
17:00:37     INFO - Failed:  0
17:00:37     INFO - Todo:    0
17:00:37     INFO - Mode:    non-e10s
17:00:37     INFO - Slowest: 1460ms - /tests/dom/imptests/html/webgl/test_bufferSubData.html
17:00:37     INFO - SimpleTest FINISHED
17:00:37     INFO - TEST-INFO | Ran 1 Loops
17:00:37     INFO - SimpleTest FINISHED
17:00:38     INFO - TEST-INFO | Main app process: exit 0
17:00:38     INFO - runtests.py | Application ran for: 0:00:11.987140
17:00:38     INFO - zombiecheck | Reading PID log: /tmp/tmpMAeBX2pidlog
17:00:38     INFO - ==> process 2783 launched child process 2804
17:00:38     INFO - zombiecheck | Checking for orphan process with PID: 2804
17:00:38     INFO - Stopping web server
17:00:38     INFO - Stopping web socket server
17:00:38     INFO - Stopping ssltunnel
17:00:38  WARNING - leakcheck | refcount logging is off, so leaks can't be detected!
17:00:38     INFO - runtests.py | Running tests: end.
17:00:38     INFO - Buffered messages finished
17:00:38     INFO -  dir: gfx/tests/mochitest
17:00:38     INFO -  Setting pipeline to PAUSED ...
17:00:38     INFO -  Pipeline is PREROLLING ...
17:00:39     INFO -  Pipeline is PREROLLED ...
17:00:39     INFO -  Setting pipeline to PLAYING ...
17:00:39     INFO -  New clock: GstSystemClock
17:00:39     INFO -  Got EOS from element "pipeline0".
17:00:39     INFO -  Execution ended after 32643293 ns.
17:00:39     INFO -  Setting pipeline to PAUSED ...
17:00:39     INFO -  Setting pipeline to READY ...
17:00:39     INFO -  Setting pipeline to NULL ...
17:00:39     INFO -  Freeing pipeline ...
17:00:39     INFO -  mozprofile.addons WARNING | Could not install /builds/slave/test/build/tests/mochitest/extensions/mozscreenshots: [Errno 2] No such file or directory: '/builds/slave/test/build/tests/mochitest/extensions/mozscreenshots/install.rdf'
17:00:39     INFO -  pk12util: PKCS12 IMPORT SUCCESSFUL
17:00:39     INFO - MochitestServer : launching [u'/builds/slave/test/build/tests/bin/xpcshell', '-g', '/builds/slave/test/build/application/firefox', '-v', '170', '-f', '/builds/slave/test/build/tests/bin/components/httpd.js', '-e', "const _PROFILE_PATH = '/tmp/tmpiREdBl.mozrunner'; const _SERVER_PORT = '8888'; const _SERVER_ADDR = '127.0.0.1'; const _TEST_PREFIX = undefined; const _DISPLAY_RESULTS = false;", '-f', '/builds/slave/test/build/tests/mochitest/server.js']
17:00:39     INFO - runtests.py | Server pid: 2871
17:00:39     INFO - runtests.py | Websocket server pid: 2874
17:00:39     INFO - runtests.py | SSL tunnel pid: 2877
17:00:40     INFO - runtests.py | Running with e10s: False
17:00:40     INFO - runtests.py | Running tests: start.
17:00:40     INFO - 
17:00:40     INFO - Application command: /builds/slave/test/build/application/firefox/firefox -marionette -foreground -profile /tmp/tmpiREdBl.mozrunner
17:00:40     INFO - runtests.py | Application pid: 2899
17:00:40     INFO - TEST-INFO | started process Main app process
17:00:43     INFO - 1528588843756	Marionette	INFO	Listening on port 2828
17:00:50     INFO - SimpleTest START
17:00:50     INFO - TEST-START | gfx/tests/mochitest/test_acceleration.html
17:00:52     INFO - MEMORY STAT vsizeMaxContiguous not supported in this build configuration.
17:00:52     INFO - MEMORY STAT | vsize 1967MB | residentFast 217MB | heapAllocated 116MB
17:00:52     INFO - TEST-OK | gfx/tests/mochitest/test_acceleration.html | took 1512ms
17:00:52     INFO - TEST-START | Shutdown
17:00:52     INFO - Passed:  0
17:00:52     INFO - Failed:  0
17:00:52     INFO - Todo:    1
17:00:52     INFO - Mode:    non-e10s
17:00:52     INFO - Slowest: 1510ms - /tests/gfx/tests/mochitest/test_acceleration.html
17:00:52     INFO - SimpleTest FINISHED
17:00:52     INFO - TEST-INFO | Ran 1 Loops
17:00:52     INFO - SimpleTest FINISHED
17:00:54     INFO - TEST-INFO | Main app process: exit 0
17:00:54     INFO - runtests.py | Application ran for: 0:00:13.861167
17:00:54     INFO - zombiecheck | Reading PID log: /tmp/tmpr1Zy5Apidlog
17:00:54     INFO - ==> process 2899 launched child process 2920
17:00:54     INFO - zombiecheck | Checking for orphan process with PID: 2920
17:00:54     INFO - Stopping web server
17:00:54     INFO - Stopping web socket server
17:00:54     INFO - Stopping ssltunnel
17:00:54  WARNING - leakcheck | refcount logging is off, so leaks can't be detected!
17:00:54     INFO - runtests.py | Running tests: end.
17:00:54     INFO - Buffered messages finished
17:00:54     INFO -  0 INFO TEST-START | Shutdown
17:00:54     INFO -  1 INFO Passed:  175
17:00:54     INFO -  2 INFO Failed:  0
17:00:54     INFO -  3 INFO Todo:    1
17:00:54     INFO -  4 INFO Mode:    non-e10s
17:00:54     INFO -  5 INFO SimpleTest FINISHED
17:00:54     INFO - Buffered messages finished
17:00:54     INFO - SUITE-END | took 73s
17:00:54     INFO - Return code: 0
17:00:54     INFO - TinderboxPrint: mochitest-plain-gpu<br/>21/0/0
17:00:54  WARNING - # TBPL SUCCESS #
17:00:54  WARNING - The mochitest suite: plain-gpu ran with return status: SUCCESS
17:00:54     INFO - Structured output parser in use for mochitest.
17:00:54     INFO - ENV: MOZ_UPLOAD_DIR is now /builds/slave/test/build/blobber_upload_dir
17:00:54     INFO - ENV: MINIDUMP_STACKWALK is now /builds/slave/test/build/linux64-minidump_stackwalk
17:00:54     INFO - ENV: MOZ_NODE_PATH is now /builds/slave/test/build/node-linux-x64/bin/node
17:00:54     INFO - ENV: MINIDUMP_SAVE_PATH is now /builds/slave/test/build/blobber_upload_dir
17:00:54     INFO - Running command: ['/builds/slave/test/build/venv/bin/python', '-u', '/builds/slave/test/build/tests/mochitest/runtests.py', '--disable-e10s', '--appname=/builds/slave/test/build/application/firefox/firefox', '--utility-path=tests/bin', '--extra-profile-file=tests/bin/plugins', '--symbols-path=https://queue.taskcluster.net/v1/task/SxO2A4qlRoiC9xT9-GoQJQ/artifacts/public/build/firefox-52.8.2.en-US.linux-x86_64.crashreporter-symbols.zip', '--certificate-path=tests/certs', '--setpref=webgl.force-enabled=true', '--quiet', '--log-raw=/builds/slave/test/build/blobber_upload_dir/browser-chrome-gpu_raw.log', '--log-errorsummary=/builds/slave/test/build/blobber_upload_dir/browser-chrome-gpu_errorsummary.log', '--use-test-media-devices', '--screenshot-on-fail', '--cleanup-crashes', '--marionette-startup-timeout=180', '--log-raw=-', '--flavor=browser', '--subsuite=gpu'] in /builds/slave/test/build
17:00:54     INFO - Copy/paste: /builds/slave/test/build/venv/bin/python -u /builds/slave/test/build/tests/mochitest/runtests.py --disable-e10s --appname=/builds/slave/test/build/application/firefox/firefox --utility-path=tests/bin --extra-profile-file=tests/bin/plugins --symbols-path=https://queue.taskcluster.net/v1/task/SxO2A4qlRoiC9xT9-GoQJQ/artifacts/public/build/firefox-52.8.2.en-US.linux-x86_64.crashreporter-symbols.zip --certificate-path=tests/certs --setpref=webgl.force-enabled=true --quiet --log-raw=/builds/slave/test/build/blobber_upload_dir/browser-chrome-gpu_raw.log --log-errorsummary=/builds/slave/test/build/blobber_upload_dir/browser-chrome-gpu_errorsummary.log --use-test-media-devices --screenshot-on-fail --cleanup-crashes --marionette-startup-timeout=180 --log-raw=- --flavor=browser --subsuite=gpu
17:00:54     INFO - Using env: {'CCACHE_DIR': '/builds/ccache',
17:00:54     INFO -  'CCACHE_UMASK': '002',
17:00:54     INFO -  'DISPLAY': ':0',
17:00:54     INFO -  'HOME': '/home/cltbld',
17:00:54     INFO -  'LANG': 'en_US.UTF-8',
17:00:54     INFO -  'LOGNAME': 'cltbld',
17:00:54     INFO -  'MAIL': '/var/mail/cltbld',
17:00:54     INFO -  'MINIDUMP_SAVE_PATH': '/builds/slave/test/build/blobber_upload_dir',
17:00:54     INFO -  'MINIDUMP_STACKWALK': '/builds/slave/test/build/linux64-minidump_stackwalk',
17:00:54     INFO -  'MOZ_HIDE_RESULTS_TABLE': '1',
17:00:54     INFO -  'MOZ_NODE_PATH': '/builds/slave/test/build/node-linux-x64/bin/node',
17:00:54     INFO -  'MOZ_NO_REMOTE': '1',
17:00:54     INFO -  'MOZ_UPLOAD_DIR': '/builds/slave/test/build/blobber_upload_dir',
17:00:54     INFO -  'NODE_PATH': '/usr/lib/nodejs:/usr/lib/node_modules:/usr/share/javascript',
17:00:54     INFO -  'NO_FAIL_ON_TEST_ERRORS': '1',
17:00:54     INFO -  'PATH': '/builds/slave/test/build/venv/bin:/usr/local/bin:/usr/local/bin:/usr/bin:/bin:/usr/local/games:/usr/games',
17:00:54     INFO -  'PROPERTIES_FILE': '/builds/slave/test/buildprops.json',
17:00:54     INFO -  'PWD': '/builds/slave/test',
17:00:54     INFO -  'SHELL': '/bin/bash',
17:00:54     INFO -  'SHLVL': '1',
17:00:54     INFO -  'TERM': 'linux',
17:00:54     INFO -  'TMOUT': '86400',
17:00:54     INFO -  'USER': 'cltbld',
17:00:54     INFO -  'XDG_SESSION_COOKIE': '9ca12473fbb1d023794ffd180000023c-1528588462.609626-1376402297',
17:00:54     INFO -  '_': '/tools/buildbot/bin/python'}
17:00:54     INFO - Calling ['/builds/slave/test/build/venv/bin/python', '-u', '/builds/slave/test/build/tests/mochitest/runtests.py', '--disable-e10s', '--appname=/builds/slave/test/build/application/firefox/firefox', '--utility-path=tests/bin', '--extra-profile-file=tests/bin/plugins', '--symbols-path=https://queue.taskcluster.net/v1/task/SxO2A4qlRoiC9xT9-GoQJQ/artifacts/public/build/firefox-52.8.2.en-US.linux-x86_64.crashreporter-symbols.zip', '--certificate-path=tests/certs', '--setpref=webgl.force-enabled=true', '--quiet', '--log-raw=/builds/slave/test/build/blobber_upload_dir/browser-chrome-gpu_raw.log', '--log-errorsummary=/builds/slave/test/build/blobber_upload_dir/browser-chrome-gpu_errorsummary.log', '--use-test-media-devices', '--screenshot-on-fail', '--cleanup-crashes', '--marionette-startup-timeout=180', '--log-raw=-', '--flavor=browser', '--subsuite=gpu'] with output_timeout 1000
17:00:55     INFO - Checking for orphan ssltunnel processes...
17:00:55     INFO - Checking for orphan xpcshell processes...
17:00:55     INFO - mozcrash Removed pending crash reports at '/home/cltbld/.mozilla/firefox/Crash Reports'
17:00:55     INFO - SUITE-START | Running 4 tests
17:00:55     INFO -  dir: devtools/client/canvasdebugger/test
17:00:55     INFO -  Setting pipeline to PAUSED ...
17:00:55     INFO -  Pipeline is PREROLLING ...
17:00:55     INFO -  Pipeline is PREROLLED ...
17:00:55     INFO -  Setting pipeline to PLAYING ...
17:00:55     INFO -  New clock: GstSystemClock
17:00:55     INFO -  Got EOS from element "pipeline0".
17:00:55     INFO -  Execution ended after 32644033 ns.
17:00:55     INFO -  Setting pipeline to PAUSED ...
17:00:55     INFO -  Setting pipeline to READY ...
17:00:55     INFO -  Setting pipeline to NULL ...
17:00:55     INFO -  Freeing pipeline ...
17:00:55     INFO -  mozprofile.addons WARNING | Could not install /builds/slave/test/build/tests/mochitest/extensions/mozscreenshots: [Errno 2] No such file or directory: '/builds/slave/test/build/tests/mochitest/extensions/mozscreenshots/install.rdf'
17:00:56     INFO -  pk12util: PKCS12 IMPORT SUCCESSFUL
17:00:56     INFO - MochitestServer : launching [u'/builds/slave/test/build/tests/bin/xpcshell', '-g', '/builds/slave/test/build/application/firefox', '-v', '170', '-f', '/builds/slave/test/build/tests/bin/components/httpd.js', '-e', "const _PROFILE_PATH = '/tmp/tmpnKIy21.mozrunner'; const _SERVER_PORT = '8888'; const _SERVER_ADDR = '127.0.0.1'; const _TEST_PREFIX = undefined; const _DISPLAY_RESULTS = false;", '-f', '/builds/slave/test/build/tests/mochitest/server.js']
17:00:56     INFO - runtests.py | Server pid: 3011
17:00:56     INFO - runtests.py | Websocket server pid: 3014
17:00:56     INFO - runtests.py | SSL tunnel pid: 3017
17:00:56     INFO - runtests.py | Running with e10s: False
17:00:56     INFO - runtests.py | Running tests: start.
17:00:56     INFO - 
17:00:56     INFO - Application command: /builds/slave/test/build/application/firefox/firefox -marionette -foreground -profile /tmp/tmpnKIy21.mozrunner
17:00:57     INFO - runtests.py | Application pid: 3039
17:00:57     INFO - TEST-INFO | started process Main app process
17:01:00     INFO - 1528588860414	Marionette	INFO	Listening on port 2828
17:01:05     INFO - *** Start BrowserChrome Test Results ***
17:01:05     INFO - checking window state
17:01:05     INFO - TEST-START | devtools/client/canvasdebugger/test/browser_canvas-actor-test-09.js
17:01:06     INFO - ATTENTION: default value of option force_s3tc_enable overridden by environment.
17:01:07     INFO - JavaScript error: resource://gre/modules/commonjs/toolkit/loader.js -> resource://devtools/server/primitive.js, line 32: TypeError: this.stopRecording is not a function
17:01:07     INFO - MEMORY STAT vsizeMaxContiguous not supported in this build configuration.
17:01:07     INFO - MEMORY STAT | vsize 2063MB | residentFast 248MB | heapAllocated 118MB
17:01:07     INFO - TEST-OK | devtools/client/canvasdebugger/test/browser_canvas-actor-test-09.js | took 2242ms
17:01:08     INFO - checking window state
17:01:08     INFO - TEST-START | devtools/client/canvasdebugger/test/browser_canvas-actor-test-10.js
17:01:09     INFO - JavaScript error: resource://gre/modules/commonjs/toolkit/loader.js -> resource://devtools/server/primitive.js, line 32: TypeError: this.stopRecording is not a function
17:01:09     INFO - MEMORY STAT | vsize 2135MB | residentFast 294MB | heapAllocated 166MB
17:01:09     INFO - TEST-OK | devtools/client/canvasdebugger/test/browser_canvas-actor-test-10.js | took 1834ms
17:01:10     INFO - checking window state
17:01:10     INFO - TEST-START | devtools/client/canvasdebugger/test/browser_canvas-actor-test-11.js
17:01:11     INFO - JavaScript error: resource://gre/modules/commonjs/toolkit/loader.js -> resource://devtools/server/primitive.js, line 32: TypeError: this.stopRecording is not a function
17:01:11     INFO - MEMORY STAT | vsize 2134MB | residentFast 294MB | heapAllocated 165MB
17:01:11     INFO - TEST-OK | devtools/client/canvasdebugger/test/browser_canvas-actor-test-11.js | took 1706ms
17:01:11     INFO - checking window state
17:01:11     INFO - TEST-START | devtools/client/canvasdebugger/test/browser_profiling-webgl.js
17:01:13     INFO - JavaScript error: resource://gre/modules/commonjs/toolkit/loader.js -> resource://devtools/server/primitive.js, line 32: TypeError: this.stopRecording is not a function
17:01:14     INFO - console.error:
17:01:14     INFO -   _processDrawElements doesn't define this type.
17:01:14     INFO - console.error:
17:01:14     INFO -   _processDrawElements doesn't define this type.
17:01:15     INFO - JavaScript error: resource://gre/modules/commonjs/toolkit/loader.js -> resource://devtools/server/primitive.js, line 32: TypeError: this.stopRecording is not a function
17:01:15     INFO - MEMORY STAT | vsize 2157MB | residentFast 270MB | heapAllocated 134MB
17:01:15     INFO - TEST-OK | devtools/client/canvasdebugger/test/browser_profiling-webgl.js | took 3524ms
17:01:15     INFO - checking window state
17:01:19     INFO - Completed ShutdownLeaks collections in process 3039
17:01:19     INFO - TEST-START | Shutdown
17:01:19     INFO - Browser Chrome Test Summary
17:01:19     INFO - Passed:  97
17:01:19     INFO - Failed:  0
17:01:19     INFO - Todo:    0
17:01:19     INFO - Mode:    non-e10s
17:01:19     INFO - *** End BrowserChrome Test Results ***
17:01:21     INFO - TEST-INFO | Main app process: exit 0
17:01:21     INFO - runtests.py | Application ran for: 0:00:24.639517
17:01:21     INFO - zombiecheck | Reading PID log: /tmp/tmpwc2obnpidlog
17:01:21     INFO - ==> process 3039 launched child process 3060
17:01:21     INFO - zombiecheck | Checking for orphan process with PID: 3060
17:01:21     INFO - Stopping web server
17:01:21     INFO - Stopping web socket server
17:01:21     INFO - Stopping ssltunnel
17:01:21  WARNING - leakcheck | refcount logging is off, so leaks can't be detected!
17:01:21     INFO - runtests.py | Running tests: end.
17:01:21     INFO - Buffered messages finished
17:01:21     INFO -  TEST-INFO | checking window state
17:01:21     INFO -  Browser Chrome Test Summary
17:01:21     INFO -  	Passed: 97
17:01:21     INFO -  	Failed: 0
17:01:21     INFO -  	Todo: 0
17:01:21     INFO -  	Mode: non-e10s
17:01:21     INFO -  *** End BrowserChrome Test Results ***
17:01:21     INFO - Buffered messages finished
17:01:21     INFO - SUITE-END | took 26s
17:01:21     INFO - Return code: 0
17:01:21     INFO - TinderboxPrint: mochitest-browser-chrome-gpu<br/>4/0/0
17:01:21  WARNING - # TBPL SUCCESS #
17:01:21  WARNING - The mochitest suite: browser-chrome-gpu ran with return status: SUCCESS
17:01:21     INFO - Structured output parser in use for mochitest.
17:01:21     INFO - ENV: MOZ_UPLOAD_DIR is now /builds/slave/test/build/blobber_upload_dir
17:01:21     INFO - ENV: MINIDUMP_STACKWALK is now /builds/slave/test/build/linux64-minidump_stackwalk
17:01:21     INFO - ENV: MOZ_NODE_PATH is now /builds/slave/test/build/node-linux-x64/bin/node
17:01:21     INFO - ENV: MINIDUMP_SAVE_PATH is now /builds/slave/test/build/blobber_upload_dir
17:01:21     INFO - Running command: ['/builds/slave/test/build/venv/bin/python', '-u', '/builds/slave/test/build/tests/mochitest/runtests.py', '--disable-e10s', '--appname=/builds/slave/test/build/application/firefox/firefox', '--utility-path=tests/bin', '--extra-profile-file=tests/bin/plugins', '--symbols-path=https://queue.taskcluster.net/v1/task/SxO2A4qlRoiC9xT9-GoQJQ/artifacts/public/build/firefox-52.8.2.en-US.linux-x86_64.crashreporter-symbols.zip', '--certificate-path=tests/certs', '--setpref=webgl.force-enabled=true', '--quiet', '--log-raw=/builds/slave/test/build/blobber_upload_dir/chrome-gpu_raw.log', '--log-errorsummary=/builds/slave/test/build/blobber_upload_dir/chrome-gpu_errorsummary.log', '--use-test-media-devices', '--screenshot-on-fail', '--cleanup-crashes', '--marionette-startup-timeout=180', '--log-raw=-', '--flavor=chrome', '--subsuite=gpu'] in /builds/slave/test/build
17:01:21     INFO - Copy/paste: /builds/slave/test/build/venv/bin/python -u /builds/slave/test/build/tests/mochitest/runtests.py --disable-e10s --appname=/builds/slave/test/build/application/firefox/firefox --utility-path=tests/bin --extra-profile-file=tests/bin/plugins --symbols-path=https://queue.taskcluster.net/v1/task/SxO2A4qlRoiC9xT9-GoQJQ/artifacts/public/build/firefox-52.8.2.en-US.linux-x86_64.crashreporter-symbols.zip --certificate-path=tests/certs --setpref=webgl.force-enabled=true --quiet --log-raw=/builds/slave/test/build/blobber_upload_dir/chrome-gpu_raw.log --log-errorsummary=/builds/slave/test/build/blobber_upload_dir/chrome-gpu_errorsummary.log --use-test-media-devices --screenshot-on-fail --cleanup-crashes --marionette-startup-timeout=180 --log-raw=- --flavor=chrome --subsuite=gpu
17:01:21     INFO - Using env: {'CCACHE_DIR': '/builds/ccache',
17:01:21     INFO -  'CCACHE_UMASK': '002',
17:01:21     INFO -  'DISPLAY': ':0',
17:01:21     INFO -  'HOME': '/home/cltbld',
17:01:21     INFO -  'LANG': 'en_US.UTF-8',
17:01:21     INFO -  'LOGNAME': 'cltbld',
17:01:21     INFO -  'MAIL': '/var/mail/cltbld',
17:01:21     INFO -  'MINIDUMP_SAVE_PATH': '/builds/slave/test/build/blobber_upload_dir',
17:01:21     INFO -  'MINIDUMP_STACKWALK': '/builds/slave/test/build/linux64-minidump_stackwalk',
17:01:21     INFO -  'MOZ_HIDE_RESULTS_TABLE': '1',
17:01:21     INFO -  'MOZ_NODE_PATH': '/builds/slave/test/build/node-linux-x64/bin/node',
17:01:21     INFO -  'MOZ_NO_REMOTE': '1',
17:01:21     INFO -  'MOZ_UPLOAD_DIR': '/builds/slave/test/build/blobber_upload_dir',
17:01:21     INFO -  'NODE_PATH': '/usr/lib/nodejs:/usr/lib/node_modules:/usr/share/javascript',
17:01:21     INFO -  'NO_FAIL_ON_TEST_ERRORS': '1',
17:01:21     INFO -  'PATH': '/builds/slave/test/build/venv/bin:/usr/local/bin:/usr/local/bin:/usr/bin:/bin:/usr/local/games:/usr/games',
17:01:21     INFO -  'PROPERTIES_FILE': '/builds/slave/test/buildprops.json',
17:01:21     INFO -  'PWD': '/builds/slave/test',
17:01:21     INFO -  'SHELL': '/bin/bash',
17:01:21     INFO -  'SHLVL': '1',
17:01:21     INFO -  'TERM': 'linux',
17:01:21     INFO -  'TMOUT': '86400',
17:01:21     INFO -  'USER': 'cltbld',
17:01:21     INFO -  'XDG_SESSION_COOKIE': '9ca12473fbb1d023794ffd180000023c-1528588462.609626-1376402297',
17:01:21     INFO -  '_': '/tools/buildbot/bin/python'}
17:01:21     INFO - Calling ['/builds/slave/test/build/venv/bin/python', '-u', '/builds/slave/test/build/tests/mochitest/runtests.py', '--disable-e10s', '--appname=/builds/slave/test/build/application/firefox/firefox', '--utility-path=tests/bin', '--extra-profile-file=tests/bin/plugins', '--symbols-path=https://queue.taskcluster.net/v1/task/SxO2A4qlRoiC9xT9-GoQJQ/artifacts/public/build/firefox-52.8.2.en-US.linux-x86_64.crashreporter-symbols.zip', '--certificate-path=tests/certs', '--setpref=webgl.force-enabled=true', '--quiet', '--log-raw=/builds/slave/test/build/blobber_upload_dir/chrome-gpu_raw.log', '--log-errorsummary=/builds/slave/test/build/blobber_upload_dir/chrome-gpu_errorsummary.log', '--use-test-media-devices', '--screenshot-on-fail', '--cleanup-crashes', '--marionette-startup-timeout=180', '--log-raw=-', '--flavor=chrome', '--subsuite=gpu'] with output_timeout 1000
17:01:22     INFO - Checking for orphan ssltunnel processes...
17:01:22     INFO - Checking for orphan xpcshell processes...
17:01:22     INFO - mozcrash Removed pending crash reports at '/home/cltbld/.mozilla/firefox/Crash Reports'
17:01:22     INFO - SUITE-START | Running 1 tests
17:01:22     INFO -  dir: dom/canvas/test/chrome
17:01:23     INFO -  Setting pipeline to PAUSED ...
17:01:23     INFO -  Pipeline is PREROLLING ...
17:01:23     INFO -  Pipeline is PREROLLED ...
17:01:23     INFO -  Setting pipeline to PLAYING ...
17:01:23     INFO -  New clock: GstSystemClock
17:01:23     INFO -  Got EOS from element "pipeline0".
17:01:23     INFO -  Execution ended after 32708996 ns.
17:01:23     INFO -  Setting pipeline to PAUSED ...
17:01:23     INFO -  Setting pipeline to READY ...
17:01:23     INFO -  Setting pipeline to NULL ...
17:01:23     INFO -  Freeing pipeline ...
17:01:23     INFO -  mozprofile.addons WARNING | Could not install /builds/slave/test/build/tests/mochitest/extensions/mozscreenshots: [Errno 2] No such file or directory: '/builds/slave/test/build/tests/mochitest/extensions/mozscreenshots/install.rdf'
17:01:23     INFO -  pk12util: PKCS12 IMPORT SUCCESSFUL
17:01:23     INFO - MochitestServer : launching [u'/builds/slave/test/build/tests/bin/xpcshell', '-g', '/builds/slave/test/build/application/firefox', '-v', '170', '-f', '/builds/slave/test/build/tests/bin/components/httpd.js', '-e', "const _PROFILE_PATH = '/tmp/tmpTTZICx.mozrunner'; const _SERVER_PORT = '8888'; const _SERVER_ADDR = '127.0.0.1'; const _TEST_PREFIX = undefined; const _DISPLAY_RESULTS = false;", '-f', '/builds/slave/test/build/tests/mochitest/server.js']
17:01:23     INFO - runtests.py | Server pid: 3151
17:01:23     INFO - runtests.py | Websocket server pid: 3154
17:01:23     INFO - runtests.py | SSL tunnel pid: 3157
17:01:24     INFO - runtests.py | Running with e10s: False
17:01:24     INFO - runtests.py | Running tests: start.
17:01:24     INFO - 
17:01:24     INFO - Application command: /builds/slave/test/build/application/firefox/firefox -marionette -foreground -profile /tmp/tmpTTZICx.mozrunner
17:01:24     INFO - runtests.py | Application pid: 3179
17:01:24     INFO - TEST-INFO | started process Main app process
17:01:28     INFO - 1528588888354	Marionette	INFO	Listening on port 2828
17:01:32     INFO - SimpleTest START
17:01:32     INFO - TEST-START | dom/canvas/test/chrome/test_webgl_debug_renderer_info.html
17:01:34     INFO - ATTENTION: default value of option force_s3tc_enable overridden by environment.
17:01:34     INFO - JavaScript warning: chrome://mochitests/content/chrome/dom/canvas/test/chrome/test_webgl_debug_renderer_info.html, line 48: Error: WebGL: getParameter: parameter: invalid enum value <enum 0x9245>
17:01:34     INFO - JavaScript warning: chrome://mochitests/content/chrome/dom/canvas/test/chrome/test_webgl_debug_renderer_info.html, line 50: Error: WebGL: getParameter: parameter: invalid enum value <enum 0x9246>
17:01:34     INFO - JavaScript warning: , line 0: Error: WebGL: getParameter: parameter: invalid enum value <enum 0x9245>
17:01:34     INFO - JavaScript warning: , line 0: Error: WebGL: getParameter: parameter: invalid enum value <enum 0x9246>
17:01:34     INFO - JavaScript warning: http://mochi.test:8888/chrome/dom/canvas/test/chrome/nonchrome_webgl_debug_renderer_info.html, line 38: Error: WebGL: getParameter: parameter: invalid enum value <enum 0x9245>
17:01:34     INFO - JavaScript warning: http://mochi.test:8888/chrome/dom/canvas/test/chrome/nonchrome_webgl_debug_renderer_info.html, line 41: Error: WebGL: getParameter: parameter: invalid enum value <enum 0x9246>
17:01:34     INFO - JavaScript warning: http://mochi.test:8888/chrome/dom/canvas/test/chrome/nonchrome_webgl_debug_renderer_info.html, line 71: Error: WebGL: getParameter: parameter: invalid enum value <enum 0x9245>
17:01:34     INFO - JavaScript warning: http://mochi.test:8888/chrome/dom/canvas/test/chrome/nonchrome_webgl_debug_renderer_info.html, line 74: Error: WebGL: getParameter: parameter: invalid enum value <enum 0x9246>
17:01:34     INFO - MEMORY STAT vsizeMaxContiguous not supported in this build configuration.
17:01:34     INFO - MEMORY STAT | vsize 2040MB | residentFast 250MB | heapAllocated 141MB
17:01:34     INFO - TEST-OK | dom/canvas/test/chrome/test_webgl_debug_renderer_info.html | took 1424ms
17:01:34     INFO - TEST-START | Shutdown
17:01:34     INFO - Passed:  25
17:01:34     INFO - Failed:  0
17:01:34     INFO - Todo:    0
17:01:34     INFO - Mode:    non-e10s
17:01:34     INFO - Slowest: 1424ms - chrome://mochitests/content/chrome/dom/canvas/test/chrome/test_webgl_debug_renderer_info.html
17:01:34     INFO - SimpleTest FINISHED
17:01:34     INFO - TEST-INFO | Ran 1 Loops
17:01:34     INFO - SimpleTest FINISHED
17:01:35     INFO - TEST-INFO | Main app process: exit 0
17:01:35     INFO - runtests.py | Application ran for: 0:00:11.544729
17:01:35     INFO - zombiecheck | Reading PID log: /tmp/tmp5pO0Sipidlog
17:01:35     INFO - ==> process 3179 launched child process 3200
17:01:35     INFO - zombiecheck | Checking for orphan process with PID: 3200
17:01:35     INFO - Stopping web server
17:01:35     INFO - Stopping web socket server
17:01:35     INFO - Stopping ssltunnel
17:01:35  WARNING - leakcheck | refcount logging is off, so leaks can't be detected!
17:01:35     INFO - runtests.py | Running tests: end.
17:01:36     INFO - Buffered messages finished
17:01:36     INFO -  0 INFO TEST-START | Shutdown
17:01:36     INFO -  1 INFO Passed:  25
17:01:36     INFO -  2 INFO Failed:  0
17:01:36     INFO -  3 INFO Todo:    0
17:01:36     INFO -  4 INFO Mode:    non-e10s
17:01:36     INFO -  5 INFO SimpleTest FINISHED
17:01:36     INFO - Buffered messages finished
17:01:36     INFO - SUITE-END | took 13s
17:01:36     INFO - Return code: 0
17:01:36     INFO - TinderboxPrint: mochitest-chrome-gpu<br/>1/0/0
17:01:36  WARNING - # TBPL SUCCESS #
17:01:36  WARNING - The mochitest suite: chrome-gpu ran with return status: SUCCESS
17:01:36     INFO - Running post-action listener: _package_coverage_data
17:01:36     INFO - Running post-action listener: _resource_record_post_action
17:01:36     INFO - [mozharness: 2018-06-10 00:01:36.148028Z] Finished run-tests step (success)
17:01:36     INFO - Running post-run listener: _resource_record_post_run
17:01:36     INFO - Validating Perfherder data against /builds/slave/test/scripts/external_tools/performance-artifact-schema.json
17:01:36     INFO - PERFHERDER_DATA: {"framework": {"name": "job_resource_usage"}, "suites": [{"subtests": [{"name": "cpu_percent", "value": 91.95430463576157}, {"name": "io_write_bytes", "value": 331993088}, {"name": "io.read_bytes", "value": 48685056}, {"name": "io_write_time", "value": 272196}, {"name": "io_read_time", "value": 4300}], "extraOptions": ["buildbot-m1.medium"], "name": "mochitest.plain-gpu.chrome-gpu.browser-chrome-gpu.overall"}, {"subtests": [{"name": "time", "value": 26.441059827804565}, {"name": "cpu_percent", "value": 100.0}], "name": "mochitest.plain-gpu.chrome-gpu.browser-chrome-gpu.install"}, {"subtests": [{"name": "time", "value": 0.0010001659393310547}], "name": "mochitest.plain-gpu.chrome-gpu.browser-chrome-gpu.stage-files"}, {"subtests": [{"name": "time", "value": 125.45308494567871}, {"name": "cpu_percent", "value": 90.46612903225804}], "name": "mochitest.plain-gpu.chrome-gpu.browser-chrome-gpu.run-tests"}]}
17:01:36     INFO - Total resource usage - Wall time: 151s; CPU: 90.0%; Read bytes: 48685056; Write bytes: 331993088; Read time: 4300; Write time: 272196
17:01:36     INFO - TinderboxPrint: CPU usage<br/>90.5%
17:01:36     INFO - TinderboxPrint: I/O read bytes / time<br/>48,685,056 / 4,300
17:01:36     INFO - TinderboxPrint: I/O write bytes / time<br/>331,993,088 / 272,196
17:01:36     INFO - TinderboxPrint: CPU idle<br/>12.0 (8.0%)
17:01:36     INFO - TinderboxPrint: CPU iowait<br/>4.8 (3.2%)
17:01:36     INFO - TinderboxPrint: CPU system<br/>33.9 (22.5%)
17:01:36     INFO - TinderboxPrint: CPU user<br/>98.9 (65.8%)
17:01:36     INFO - TinderboxPrint: Swap in / out<br/>0 / 0
17:01:36     INFO - install - Wall time: 26s; CPU: 100.0%; Read bytes: 0; Write bytes: 29368320; Read time: 0; Write time: 28632
17:01:36     INFO - stage-files - Wall time: 0s; CPU: Can't collect data; Read bytes: 0; Write bytes: 0; Read time: 0; Write time: 0
17:01:36     INFO - run-tests - Wall time: 125s; CPU: 90.0%; Read bytes: 48586752; Write bytes: 302624768; Read time: 4296; Write time: 243564
17:01:36     INFO - Running post-run listener: _upload_blobber_files
17:01:36     INFO - Blob upload gear active.
17:01:36     INFO - Preparing to upload files from /builds/slave/test/build/blobber_upload_dir.
17:01:36     INFO - Files from /builds/slave/test/build/blobber_upload_dir are to be uploaded with <mozilla-esr52> branch at the following location(s): https://blobupload.elasticbeanstalk.com
17:01:36     INFO - Running command: ['/builds/slave/test/build/venv/bin/python', '/builds/slave/test/build/venv/bin/blobberc.py', '-u', 'https://blobupload.elasticbeanstalk.com', '-a', '/builds/slave/test/oauth.txt', '-b', 'mozilla-esr52', '-d', '/builds/slave/test/build/blobber_upload_dir', '--output-manifest', '/builds/slave/test/build/uploaded_files.json']
17:01:36     INFO - Copy/paste: /builds/slave/test/build/venv/bin/python /builds/slave/test/build/venv/bin/blobberc.py -u https://blobupload.elasticbeanstalk.com -a /builds/slave/test/oauth.txt -b mozilla-esr52 -d /builds/slave/test/build/blobber_upload_dir --output-manifest /builds/slave/test/build/uploaded_files.json
17:01:36     INFO -  (blobuploader) - INFO - Open directory for files ...
17:01:36     INFO -  (blobuploader) - INFO - Uploading /builds/slave/test/build/blobber_upload_dir/chrome-gpu_raw.log ...
17:01:36     INFO -  (blobuploader) - INFO - Using https://blobupload.elasticbeanstalk.com
17:01:36     INFO -  (blobuploader) - INFO - Uploading, attempt #1.
17:01:37     INFO -  (blobuploader) - INFO - TinderboxPrint: <a href='https://mozilla-releng-blobs.s3.amazonaws.com/blobs/mozilla-esr52/sha512/7b5d3790736ce5098ccc761fb1fe3c721dba9ba63955aa94488dea3148eb097535bce1d023eff262002086cb6faeed0f8fbb5b412239d7d23cbbc41641a01f9b'>chrome-gpu_raw.log</a>: uploaded
17:01:37     INFO -  (blobuploader) - INFO - Blobserver returned 202. File uploaded!
17:01:37     INFO -  (blobuploader) - INFO - Done attempting.
17:01:37     INFO -  (blobuploader) - INFO - Uploading /builds/slave/test/build/blobber_upload_dir/browser-chrome-gpu_raw.log ...
17:01:37     INFO -  (blobuploader) - INFO - Using https://blobupload.elasticbeanstalk.com
17:01:37     INFO -  (blobuploader) - INFO - Uploading, attempt #1.
17:01:38     INFO -  (blobuploader) - INFO - TinderboxPrint: <a href='https://mozilla-releng-blobs.s3.amazonaws.com/blobs/mozilla-esr52/sha512/b9c6903f5c574d80941458f698c1f200d04c885bf3a2401d9861707a93b16caa1cae5f851368cb784c4b9f55d45a6785c0e06e5e8a6d1fbabfbf8adb48837fba'>browser-chrome-gpu_raw.log</a>: uploaded
17:01:38     INFO -  (blobuploader) - INFO - Blobserver returned 202. File uploaded!
17:01:38     INFO -  (blobuploader) - INFO - Done attempting.
17:01:38     INFO -  (blobuploader) - INFO - Uploading /builds/slave/test/build/blobber_upload_dir/resource-usage.json ...
17:01:38     INFO -  (blobuploader) - INFO - Using https://blobupload.elasticbeanstalk.com
17:01:38     INFO -  (blobuploader) - INFO - Uploading, attempt #1.
17:01:39     INFO -  (blobuploader) - INFO - TinderboxPrint: <a href='https://mozilla-releng-blobs.s3.amazonaws.com/blobs/mozilla-esr52/sha512/f4548cc76e06aa1e36f5308bd8266988a1369679671a4f6189012bf31782b452d8e3b40bdfa637848ed4cf5e07d5b0fa527da25b75bfe2a264aa9de06e0ba60b'>resource-usage.json</a>: uploaded
17:01:39     INFO -  (blobuploader) - INFO - Blobserver returned 202. File uploaded!
17:01:39     INFO -  (blobuploader) - INFO - Done attempting.
17:01:39     INFO -  (blobuploader) - INFO - Uploading /builds/slave/test/build/blobber_upload_dir/plain-gpu_raw.log ...
17:01:39     INFO -  (blobuploader) - INFO - Using https://blobupload.elasticbeanstalk.com
17:01:39     INFO -  (blobuploader) - INFO - Uploading, attempt #1.
17:01:40     INFO -  (blobuploader) - INFO - TinderboxPrint: <a href='https://mozilla-releng-blobs.s3.amazonaws.com/blobs/mozilla-esr52/sha512/49ab018de3d328048d0037bb1cb4143f0de5efbebcaccb90dfde819e416daf71bf093cb74d433c5284acfeaf126247dc05b874e800b3d08f02c258abdee61f83'>plain-gpu_raw.log</a>: uploaded
17:01:40     INFO -  (blobuploader) - INFO - Blobserver returned 202. File uploaded!
17:01:40     INFO -  (blobuploader) - INFO - Done attempting.
17:01:40     INFO -  (blobuploader) - INFO - Uploading /builds/slave/test/build/blobber_upload_dir/plain-gpu_errorsummary.log ...
17:01:40     INFO -  (blobuploader) - INFO - Using https://blobupload.elasticbeanstalk.com
17:01:40     INFO -  (blobuploader) - INFO - Uploading, attempt #1.
17:01:41     INFO -  (blobuploader) - INFO - TinderboxPrint: <a href='https://mozilla-releng-blobs.s3.amazonaws.com/blobs/mozilla-esr52/sha512/0d6951a3fdf593dccd3c97d3ded16f03b477f75b3ea317a2c449d19261e20e8c69c9637d834df13ef3a961fb9d75ff728dcd0ba79ccdd2a242a8d2cd8cbd094d'>plain-gpu_errorsummary.log</a>: uploaded
17:01:41     INFO -  (blobuploader) - INFO - Blobserver returned 202. File uploaded!
17:01:41     INFO -  (blobuploader) - INFO - Done attempting.
17:01:41     INFO -  (blobuploader) - INFO - Uploading /builds/slave/test/build/blobber_upload_dir/browser-chrome-gpu_errorsummary.log ...
17:01:41     INFO -  (blobuploader) - INFO - Using https://blobupload.elasticbeanstalk.com
17:01:41     INFO -  (blobuploader) - INFO - Uploading, attempt #1.
17:01:42     INFO -  (blobuploader) - INFO - TinderboxPrint: <a href='https://mozilla-releng-blobs.s3.amazonaws.com/blobs/mozilla-esr52/sha512/40f7fd11efc414968c41ebce5033614a4f429e3ac04c5f1ff73a5e8d12c1e988db1e02be4b511e33fc85e79ae584969b317ca0d0ac0a251d3dabf11d771d5d7d'>browser-chrome-gpu_errorsummary.log</a>: uploaded
17:01:42     INFO -  (blobuploader) - INFO - Blobserver returned 202. File uploaded!
17:01:42     INFO -  (blobuploader) - INFO - Done attempting.
17:01:42     INFO -  (blobuploader) - INFO - Uploading /builds/slave/test/build/blobber_upload_dir/chrome-gpu_errorsummary.log ...
17:01:42     INFO -  (blobuploader) - INFO - Using https://blobupload.elasticbeanstalk.com
17:01:42     INFO -  (blobuploader) - INFO - Uploading, attempt #1.
17:01:43     INFO -  (blobuploader) - INFO - TinderboxPrint: <a href='https://mozilla-releng-blobs.s3.amazonaws.com/blobs/mozilla-esr52/sha512/3656256431de043db979bf667493ed021fbf0ac0f36ba2efc4f0cb990789e3617324117049d6c1e6e1c1eab4e6e26a0e492775069e25fd8c087661a3527bf566'>chrome-gpu_errorsummary.log</a>: uploaded
17:01:43     INFO -  (blobuploader) - INFO - Blobserver returned 202. File uploaded!
17:01:43     INFO -  (blobuploader) - INFO - Done attempting.
17:01:43     INFO -  (blobuploader) - INFO - Iteration through files over.
17:01:43     INFO - Return code: 0
17:01:43     INFO - rmtree: /builds/slave/test/build/uploaded_files.json
17:01:43     INFO - retry: Calling remove with args: ('/builds/slave/test/build/uploaded_files.json',), kwargs: {}, attempt #1
17:01:43     INFO - Setting buildbot property blobber_files to {"chrome-gpu_errorsummary.log": "https://mozilla-releng-blobs.s3.amazonaws.com/blobs/mozilla-esr52/sha512/3656256431de043db979bf667493ed021fbf0ac0f36ba2efc4f0cb990789e3617324117049d6c1e6e1c1eab4e6e26a0e492775069e25fd8c087661a3527bf566", "plain-gpu_errorsummary.log": "https://mozilla-releng-blobs.s3.amazonaws.com/blobs/mozilla-esr52/sha512/0d6951a3fdf593dccd3c97d3ded16f03b477f75b3ea317a2c449d19261e20e8c69c9637d834df13ef3a961fb9d75ff728dcd0ba79ccdd2a242a8d2cd8cbd094d", "chrome-gpu_raw.log": "https://mozilla-releng-blobs.s3.amazonaws.com/blobs/mozilla-esr52/sha512/7b5d3790736ce5098ccc761fb1fe3c721dba9ba63955aa94488dea3148eb097535bce1d023eff262002086cb6faeed0f8fbb5b412239d7d23cbbc41641a01f9b", "plain-gpu_raw.log": "https://mozilla-releng-blobs.s3.amazonaws.com/blobs/mozilla-esr52/sha512/49ab018de3d328048d0037bb1cb4143f0de5efbebcaccb90dfde819e416daf71bf093cb74d433c5284acfeaf126247dc05b874e800b3d08f02c258abdee61f83", "browser-chrome-gpu_errorsummary.log": "https://mozilla-releng-blobs.s3.amazonaws.com/blobs/mozilla-esr52/sha512/40f7fd11efc414968c41ebce5033614a4f429e3ac04c5f1ff73a5e8d12c1e988db1e02be4b511e33fc85e79ae584969b317ca0d0ac0a251d3dabf11d771d5d7d", "resource-usage.json": "https://mozilla-releng-blobs.s3.amazonaws.com/blobs/mozilla-esr52/sha512/f4548cc76e06aa1e36f5308bd8266988a1369679671a4f6189012bf31782b452d8e3b40bdfa637848ed4cf5e07d5b0fa527da25b75bfe2a264aa9de06e0ba60b", "browser-chrome-gpu_raw.log": "https://mozilla-releng-blobs.s3.amazonaws.com/blobs/mozilla-esr52/sha512/b9c6903f5c574d80941458f698c1f200d04c885bf3a2401d9861707a93b16caa1cae5f851368cb784c4b9f55d45a6785c0e06e5e8a6d1fbabfbf8adb48837fba"}
17:01:43     INFO - Writing buildbot properties ['blobber_files'] to /builds/slave/test/properties/blobber_files
17:01:43     INFO - Writing to file /builds/slave/test/properties/blobber_files
17:01:43     INFO - Contents:
17:01:43     INFO -  blobber_files:{"chrome-gpu_errorsummary.log": "https://mozilla-releng-blobs.s3.amazonaws.com/blobs/mozilla-esr52/sha512/3656256431de043db979bf667493ed021fbf0ac0f36ba2efc4f0cb990789e3617324117049d6c1e6e1c1eab4e6e26a0e492775069e25fd8c087661a3527bf566", "plain-gpu_errorsummary.log": "https://mozilla-releng-blobs.s3.amazonaws.com/blobs/mozilla-esr52/sha512/0d6951a3fdf593dccd3c97d3ded16f03b477f75b3ea317a2c449d19261e20e8c69c9637d834df13ef3a961fb9d75ff728dcd0ba79ccdd2a242a8d2cd8cbd094d", "chrome-gpu_raw.log": "https://mozilla-releng-blobs.s3.amazonaws.com/blobs/mozilla-esr52/sha512/7b5d3790736ce5098ccc761fb1fe3c721dba9ba63955aa94488dea3148eb097535bce1d023eff262002086cb6faeed0f8fbb5b412239d7d23cbbc41641a01f9b", "plain-gpu_raw.log": "https://mozilla-releng-blobs.s3.amazonaws.com/blobs/mozilla-esr52/sha512/49ab018de3d328048d0037bb1cb4143f0de5efbebcaccb90dfde819e416daf71bf093cb74d433c5284acfeaf126247dc05b874e800b3d08f02c258abdee61f83", "browser-chrome-gpu_errorsummary.log": "https://mozilla-releng-blobs.s3.amazonaws.com/blobs/mozilla-esr52/sha512/40f7fd11efc414968c41ebce5033614a4f429e3ac04c5f1ff73a5e8d12c1e988db1e02be4b511e33fc85e79ae584969b317ca0d0ac0a251d3dabf11d771d5d7d", "resource-usage.json": "https://mozilla-releng-blobs.s3.amazonaws.com/blobs/mozilla-esr52/sha512/f4548cc76e06aa1e36f5308bd8266988a1369679671a4f6189012bf31782b452d8e3b40bdfa637848ed4cf5e07d5b0fa527da25b75bfe2a264aa9de06e0ba60b", "browser-chrome-gpu_raw.log": "https://mozilla-releng-blobs.s3.amazonaws.com/blobs/mozilla-esr52/sha512/b9c6903f5c574d80941458f698c1f200d04c885bf3a2401d9861707a93b16caa1cae5f851368cb784c4b9f55d45a6785c0e06e5e8a6d1fbabfbf8adb48837fba"}
17:01:43     INFO - Running post-run listener: copy_logs_to_upload_dir
17:01:43     INFO - Copying logs to upload dir...
17:01:43     INFO - mkdir: /builds/slave/test/build/upload/logs
17:01:43     INFO - Copying logs to upload dir...
program finished with exit code 0
elapsedTime=434.831559
========= master_lag: 1.95 =========
========= Finished '/tools/buildbot/bin/python scripts/scripts/desktop_unittest.py ...' (results: 0, elapsed: 7 mins, 16 secs) (at 2018-06-09 17:01:45.769350) =========

========= Started set props: build_url blobber_files (results: 0, elapsed: 0 secs) (at 2018-06-09 17:01:45.770133) =========
bash -c 'for file in `ls -1`; do cat $file; done'
 in dir /builds/slave/test/properties (timeout 1200 secs)
 watching logfiles {}
 argv: ['bash', '-c', 'for file in `ls -1`; do cat $file; done']
 environment:
  HOME=/home/cltbld
  LANG=en_US.UTF-8
  LOGNAME=cltbld
  MAIL=/var/mail/cltbld
  NODE_PATH=/usr/lib/nodejs:/usr/lib/node_modules:/usr/share/javascript
  PATH=/usr/local/bin:/usr/local/bin:/usr/bin:/bin:/usr/local/games:/usr/games
  PWD=/builds/slave/test/properties
  SHELL=/bin/bash
  SHLVL=1
  TERM=linux
  TMOUT=86400
  USER=cltbld
  XDG_SESSION_COOKIE=9ca12473fbb1d023794ffd180000023c-1528588462.609626-1376402297
  _=/tools/buildbot/bin/python
 using PTY: False
blobber_files:{"chrome-gpu_errorsummary.log": "https://mozilla-releng-blobs.s3.amazonaws.com/blobs/mozilla-esr52/sha512/3656256431de043db979bf667493ed021fbf0ac0f36ba2efc4f0cb990789e3617324117049d6c1e6e1c1eab4e6e26a0e492775069e25fd8c087661a3527bf566", "plain-gpu_errorsummary.log": "https://mozilla-releng-blobs.s3.amazonaws.com/blobs/mozilla-esr52/sha512/0d6951a3fdf593dccd3c97d3ded16f03b477f75b3ea317a2c449d19261e20e8c69c9637d834df13ef3a961fb9d75ff728dcd0ba79ccdd2a242a8d2cd8cbd094d", "chrome-gpu_raw.log": "https://mozilla-releng-blobs.s3.amazonaws.com/blobs/mozilla-esr52/sha512/7b5d3790736ce5098ccc761fb1fe3c721dba9ba63955aa94488dea3148eb097535bce1d023eff262002086cb6faeed0f8fbb5b412239d7d23cbbc41641a01f9b", "plain-gpu_raw.log": "https://mozilla-releng-blobs.s3.amazonaws.com/blobs/mozilla-esr52/sha512/49ab018de3d328048d0037bb1cb4143f0de5efbebcaccb90dfde819e416daf71bf093cb74d433c5284acfeaf126247dc05b874e800b3d08f02c258abdee61f83", "browser-chrome-gpu_errorsummary.log": "https://mozilla-releng-blobs.s3.amazonaws.com/blobs/mozilla-esr52/sha512/40f7fd11efc414968c41ebce5033614a4f429e3ac04c5f1ff73a5e8d12c1e988db1e02be4b511e33fc85e79ae584969b317ca0d0ac0a251d3dabf11d771d5d7d", "resource-usage.json": "https://mozilla-releng-blobs.s3.amazonaws.com/blobs/mozilla-esr52/sha512/f4548cc76e06aa1e36f5308bd8266988a1369679671a4f6189012bf31782b452d8e3b40bdfa637848ed4cf5e07d5b0fa527da25b75bfe2a264aa9de06e0ba60b", "browser-chrome-gpu_raw.log": "https://mozilla-releng-blobs.s3.amazonaws.com/blobs/mozilla-esr52/sha512/b9c6903f5c574d80941458f698c1f200d04c885bf3a2401d9861707a93b16caa1cae5f851368cb784c4b9f55d45a6785c0e06e5e8a6d1fbabfbf8adb48837fba"}
build_url:https://queue.taskcluster.net/v1/task/SxO2A4qlRoiC9xT9-GoQJQ/artifacts/public/build/firefox-52.8.2.en-US.linux-x86_64.tar.bz2
program finished with exit code 0
elapsedTime=0.038622
build_url: 'https://queue.taskcluster.net/v1/task/SxO2A4qlRoiC9xT9-GoQJQ/artifacts/public/build/firefox-52.8.2.en-US.linux-x86_64.tar.bz2'
blobber_files: '{"chrome-gpu_errorsummary.log": "https://mozilla-releng-blobs.s3.amazonaws.com/blobs/mozilla-esr52/sha512/3656256431de043db979bf667493ed021fbf0ac0f36ba2efc4f0cb990789e3617324117049d6c1e6e1c1eab4e6e26a0e492775069e25fd8c087661a3527bf566", "plain-gpu_errorsummary.log": "https://mozilla-releng-blobs.s3.amazonaws.com/blobs/mozilla-esr52/sha512/0d6951a3fdf593dccd3c97d3ded16f03b477f75b3ea317a2c449d19261e20e8c69c9637d834df13ef3a961fb9d75ff728dcd0ba79ccdd2a242a8d2cd8cbd094d", "chrome-gpu_raw.log": "https://mozilla-releng-blobs.s3.amazonaws.com/blobs/mozilla-esr52/sha512/7b5d3790736ce5098ccc761fb1fe3c721dba9ba63955aa94488dea3148eb097535bce1d023eff262002086cb6faeed0f8fbb5b412239d7d23cbbc41641a01f9b", "plain-gpu_raw.log": "https://mozilla-releng-blobs.s3.amazonaws.com/blobs/mozilla-esr52/sha512/49ab018de3d328048d0037bb1cb4143f0de5efbebcaccb90dfde819e416daf71bf093cb74d433c5284acfeaf126247dc05b874e800b3d08f02c258abdee61f83", "browser-chrome-gpu_errorsummary.log": "https://mozilla-releng-blobs.s3.amazonaws.com/blobs/mozilla-esr52/sha512/40f7fd11efc414968c41ebce5033614a4f429e3ac04c5f1ff73a5e8d12c1e988db1e02be4b511e33fc85e79ae584969b317ca0d0ac0a251d3dabf11d771d5d7d", "resource-usage.json": "https://mozilla-releng-blobs.s3.amazonaws.com/blobs/mozilla-esr52/sha512/f4548cc76e06aa1e36f5308bd8266988a1369679671a4f6189012bf31782b452d8e3b40bdfa637848ed4cf5e07d5b0fa527da25b75bfe2a264aa9de06e0ba60b", "browser-chrome-gpu_raw.log": "https://mozilla-releng-blobs.s3.amazonaws.com/blobs/mozilla-esr52/sha512/b9c6903f5c574d80941458f698c1f200d04c885bf3a2401d9861707a93b16caa1cae5f851368cb784c4b9f55d45a6785c0e06e5e8a6d1fbabfbf8adb48837fba"}'
========= master_lag: 0.02 =========
========= Finished set props: build_url blobber_files (results: 0, elapsed: 0 secs) (at 2018-06-09 17:01:45.823907) =========

========= Started 'rm -f ...' (results: 0, elapsed: 0 secs) (at 2018-06-09 17:01:45.824222) =========
rm -f oauth.txt
 in dir /builds/slave/test/. (timeout 1200 secs)
 watching logfiles {}
 argv: ['rm', '-f', 'oauth.txt']
 environment:
  HOME=/home/cltbld
  LANG=en_US.UTF-8
  LOGNAME=cltbld
  MAIL=/var/mail/cltbld
  NODE_PATH=/usr/lib/nodejs:/usr/lib/node_modules:/usr/share/javascript
  PATH=/usr/local/bin:/usr/local/bin:/usr/bin:/bin:/usr/local/games:/usr/games
  PWD=/builds/slave/test
  SHELL=/bin/bash
  SHLVL=1
  TERM=linux
  TMOUT=86400
  USER=cltbld
  XDG_SESSION_COOKIE=9ca12473fbb1d023794ffd180000023c-1528588462.609626-1376402297
  _=/tools/buildbot/bin/python
 using PTY: False
program finished with exit code 0
elapsedTime=0.022246
========= master_lag: 0.08 =========
========= Finished 'rm -f ...' (results: 0, elapsed: 0 secs) (at 2018-06-09 17:01:45.923101) =========

========= Started reboot skipped (results: 3, elapsed: 0 secs) (at 2018-06-09 17:01:45.923391) =========
========= Finished reboot skipped (results: 3, elapsed: 0 secs) (at 2018-06-09 17:01:45.923651) =========

========= Total master_lag: 2.23 =========

