builder: mozilla-esr52_ubuntu32_vm_test_pgo-mochitest-gpu
slave: tst-linux32-spot-033
starttime: 1528588656.65
results: success (0)
buildid: 20180609145619
builduid: b1c96505513c43fda408cdf95090aab8
revision: 1e9a9a6b6e74d8eafe01f87850eb3d85bfba88d8

========= Started set props: master (results: 0, elapsed: 0 secs) (at 2018-06-09 16:57:36.650582) =========
master: http://buildbot-master01.bb.releng.use1.mozilla.com:8201/
========= Finished set props: master (results: 0, elapsed: 0 secs) (at 2018-06-09 16:57:36.651052) =========

========= Started downloading to buildprops.json (results: 0, elapsed: 0 secs) (at 2018-06-09 16:57:36.651369) =========
========= Finished downloading to buildprops.json (results: 0, elapsed: 0 secs) (at 2018-06-09 16:57:36.807775) =========

========= Started 'bash -c ...' (results: 0, elapsed: 0 secs) (at 2018-06-09 16:57:36.808086) =========
bash -c 'wget -Oarchiver_client.py --no-check-certificate --tries=10 --waitretry=3 https://hg.mozilla.org/build/tools/raw-file/default/buildfarm/utils/archiver_client.py'
 in dir /builds/slave/test/. (timeout 1200 secs)
 watching logfiles {}
 argv: ['bash', '-c', 'wget -Oarchiver_client.py --no-check-certificate --tries=10 --waitretry=3 https://hg.mozilla.org/build/tools/raw-file/default/buildfarm/utils/archiver_client.py']
 environment:
  HOME=/home/cltbld
  LANG=en_US.UTF-8
  LOGNAME=cltbld
  MAIL=/var/mail/cltbld
  NODE_PATH=/usr/lib/nodejs:/usr/lib/node_modules:/usr/share/javascript
  PATH=/usr/local/bin:/usr/local/bin:/usr/bin:/bin:/usr/local/games:/usr/games
  PWD=/builds/slave/test
  SHELL=/bin/bash
  SHLVL=1
  TERM=linux
  TMOUT=86400
  USER=cltbld
  XDG_SESSION_COOKIE=5a152710dd62cc268aad214e000002d8-1528588652.478745-1780109949
  _=/tools/buildbot/bin/python
 using PTY: False
--2018-06-09 16:57:37--  https://hg.mozilla.org/build/tools/raw-file/default/buildfarm/utils/archiver_client.py
Resolving hg.mozilla.org (hg.mozilla.org)... 63.245.215.102, 63.245.215.25
Connecting to hg.mozilla.org (hg.mozilla.org)|63.245.215.102|:443... connected.
HTTP request sent, awaiting response... 200 Script output follows
Length: 12179 (12K) [text/x-python]
Saving to: `archiver_client.py'

     0K .......... .                                          100% 1.80M=0.006s

2018-06-09 16:57:37 (1.80 MB/s) - `archiver_client.py' saved [12179/12179]

program finished with exit code 0
elapsedTime=0.793982
========= master_lag: 0.03 =========
========= Finished 'bash -c ...' (results: 0, elapsed: 0 secs) (at 2018-06-09 16:57:37.629418) =========

========= Started 'rm -rf ...' (results: 0, elapsed: 0 secs) (at 2018-06-09 16:57:37.629754) =========
rm -rf scripts properties
 in dir /builds/slave/test/. (timeout 1200 secs)
 watching logfiles {}
 argv: ['rm', '-rf', 'scripts', 'properties']
 environment:
  HOME=/home/cltbld
  LANG=en_US.UTF-8
  LOGNAME=cltbld
  MAIL=/var/mail/cltbld
  NODE_PATH=/usr/lib/nodejs:/usr/lib/node_modules:/usr/share/javascript
  PATH=/usr/local/bin:/usr/local/bin:/usr/bin:/bin:/usr/local/games:/usr/games
  PWD=/builds/slave/test
  SHELL=/bin/bash
  SHLVL=1
  TERM=linux
  TMOUT=86400
  USER=cltbld
  XDG_SESSION_COOKIE=5a152710dd62cc268aad214e000002d8-1528588652.478745-1780109949
  _=/tools/buildbot/bin/python
 using PTY: False
program finished with exit code 0
elapsedTime=0.137839
========= master_lag: 0.04 =========
========= Finished 'rm -rf ...' (results: 0, elapsed: 0 secs) (at 2018-06-09 16:57:37.803754) =========

========= Started 'bash -c ...' (results: 0, elapsed: 3 secs) (at 2018-06-09 16:57:37.804140) =========
bash -c 'python archiver_client.py mozharness --repo releases/mozilla-esr52 --rev 1e9a9a6b6e74d8eafe01f87850eb3d85bfba88d8 --destination scripts --debug'
 in dir /builds/slave/test/. (timeout 1200 secs)
 watching logfiles {}
 argv: ['bash', '-c', u'python archiver_client.py mozharness --repo releases/mozilla-esr52 --rev 1e9a9a6b6e74d8eafe01f87850eb3d85bfba88d8 --destination scripts --debug']
 environment:
  HOME=/home/cltbld
  LANG=en_US.UTF-8
  LOGNAME=cltbld
  MAIL=/var/mail/cltbld
  NODE_PATH=/usr/lib/nodejs:/usr/lib/node_modules:/usr/share/javascript
  PATH=/usr/local/bin:/usr/local/bin:/usr/bin:/bin:/usr/local/games:/usr/games
  PWD=/builds/slave/test
  SHELL=/bin/bash
  SHLVL=1
  TERM=linux
  TMOUT=86400
  USER=cltbld
  XDG_SESSION_COOKIE=5a152710dd62cc268aad214e000002d8-1528588652.478745-1780109949
  _=/tools/buildbot/bin/python
 using PTY: False
2018-06-09 16:57:38,306 truncating revision to first 12 chars
2018-06-09 16:57:38,307 Setting DEBUG logging.
2018-06-09 16:57:38,307 attempt 1/10
2018-06-09 16:57:38,308 Getting archive location from https://api.pub.build.mozilla.org/archiver/hgmo/releases/mozilla-esr52/1e9a9a6b6e74?&preferred_region=us-west-2&suffix=tar.gz&subdir=testing/mozharness
2018-06-09 16:57:39,886 unpacking tar archive at: mozilla-esr52-1e9a9a6b6e74/testing/mozharness/
program finished with exit code 0
elapsedTime=3.443177
========= master_lag: 0.03 =========
========= Finished 'bash -c ...' (results: 0, elapsed: 3 secs) (at 2018-06-09 16:57:41.275143) =========

========= Started set props: script_repo_revision (results: 0, elapsed: 0 secs) (at 2018-06-09 16:57:41.275487) =========
script_repo_revision: 1e9a9a6b6e74d8eafe01f87850eb3d85bfba88d8
========= Finished set props: script_repo_revision (results: 0, elapsed: 0 secs) (at 2018-06-09 16:57:41.275898) =========

========= Started downloading to oauth.txt (results: 0, elapsed: 0 secs) (at 2018-06-09 16:57:41.276195) =========
========= Finished downloading to oauth.txt (results: 0, elapsed: 0 secs) (at 2018-06-09 16:57:41.294016) =========

========= Started '/tools/buildbot/bin/python -u ...' (results: 0, elapsed: 11 mins, 4 secs) (at 2018-06-09 16:57:41.294328) =========
/tools/buildbot/bin/python -u scripts/scripts/desktop_unittest.py --cfg unittests/linux_unittest.py --mochitest-suite plain-gpu,chrome-gpu,browser-chrome-gpu --blob-upload-branch mozilla-esr52 --download-symbols ondemand
 in dir /builds/slave/test/. (timeout 1800 secs) (maxTime 7200 secs)
 watching logfiles {}
 argv: ['/tools/buildbot/bin/python', '-u', 'scripts/scripts/desktop_unittest.py', '--cfg', 'unittests/linux_unittest.py', '--mochitest-suite', 'plain-gpu,chrome-gpu,browser-chrome-gpu', '--blob-upload-branch', 'mozilla-esr52', '--download-symbols', 'ondemand']
 environment:
  CCACHE_DIR=/builds/ccache
  CCACHE_UMASK=002
  DISPLAY=:0
  HOME=/home/cltbld
  LANG=en_US.UTF-8
  LOGNAME=cltbld
  MAIL=/var/mail/cltbld
  MOZ_HIDE_RESULTS_TABLE=1
  MOZ_NODE_PATH=/usr/bin/node
  MOZ_NO_REMOTE=1
  NODE_PATH=/usr/lib/nodejs:/usr/lib/node_modules:/usr/share/javascript
  NO_FAIL_ON_TEST_ERRORS=1
  PATH=/usr/local/bin:/usr/local/bin:/usr/bin:/bin:/usr/local/games:/usr/games
  PROPERTIES_FILE=/builds/slave/test/buildprops.json
  PWD=/builds/slave/test
  SHELL=/bin/bash
  SHLVL=1
  TERM=linux
  TMOUT=86400
  USER=cltbld
  XDG_SESSION_COOKIE=5a152710dd62cc268aad214e000002d8-1528588652.478745-1780109949
  _=/tools/buildbot/bin/python
 using PTY: False
16:57:42     INFO - MultiFileLogger online at 20180609 16:57:42 in /builds/slave/test
16:57:42     INFO - Run as scripts/scripts/desktop_unittest.py --cfg unittests/linux_unittest.py --mochitest-suite plain-gpu,chrome-gpu,browser-chrome-gpu --blob-upload-branch mozilla-esr52 --download-symbols ondemand
16:57:42     INFO - Dumping config to /builds/slave/test/logs/localconfig.json.
16:57:42     INFO - {'all_cppunittest_suites': {'cppunittest': {'tests': ('tests/cppunittest',)}},
16:57:42     INFO -  'all_gtest_suites': {'gtest': ()},
16:57:42     INFO -  'all_jittest_suites': {'jittest': (),
16:57:42     INFO -                         'jittest-chunked': (),
16:57:42     INFO -                         'jittest1': ('--total-chunks=2', '--this-chunk=1'),
16:57:42     INFO -                         'jittest2': ('--total-chunks=2', '--this-chunk=2')},
16:57:42     INFO -  'all_mochitest_suites': {'a11y': ('--flavor=a11y',),
16:57:42     INFO -                           'browser-chrome': ('--flavor=browser',),
16:57:42     INFO -                           'browser-chrome-addons': ('--flavor=browser',
16:57:42     INFO -                                                     '--chunk-by-runtime',
16:57:42     INFO -                                                     '--tag=addons'),
16:57:42     INFO -                           'browser-chrome-chunked': ('--flavor=browser',
16:57:42     INFO -                                                      '--chunk-by-runtime'),
16:57:42     INFO -                           'browser-chrome-clipboard': ('--flavor=browser',
16:57:42     INFO -                                                        '--subsuite=clipboard'),
16:57:42     INFO -                           'browser-chrome-coverage': ('--flavor=browser',
16:57:42     INFO -                                                       '--chunk-by-runtime',
16:57:42     INFO -                                                       '--timeout=1200'),
16:57:42     INFO -                           'browser-chrome-gpu': ('--flavor=browser',
16:57:42     INFO -                                                  '--subsuite=gpu'),
16:57:42     INFO -                           'browser-chrome-screenshots': ('--flavor=browser',
16:57:42     INFO -                                                          '--subsuite=screenshots'),
16:57:42     INFO -                           'chrome': ('--flavor=chrome',),
16:57:42     INFO -                           'chrome-chunked': ('--flavor=chrome',
16:57:42     INFO -                                              '--chunk-by-dir=4'),
16:57:42     INFO -                           'chrome-clipboard': ('--flavor=chrome',
16:57:42     INFO -                                                '--subsuite=clipboard'),
16:57:42     INFO -                           'chrome-gpu': ('--flavor=chrome', '--subsuite=gpu'),
16:57:42     INFO -                           'jetpack-addon': ('--flavor=jetpack-addon',),
16:57:42     INFO -                           'jetpack-package': ('--flavor=jetpack-package',),
16:57:42     INFO -                           'jetpack-package-clipboard': ('--flavor=jetpack-package',
16:57:42     INFO -                                                         '--subsuite=clipboard'),
16:57:42     INFO -                           'mochitest-devtools-chrome': ('--flavor=browser',
16:57:42     INFO -                                                         '--subsuite=devtools'),
16:57:42     INFO -                           'mochitest-devtools-chrome-chunked': ('--flavor=browser',
16:57:42     INFO -                                                                 '--subsuite=devtools',
16:57:42     INFO -                                                                 '--chunk-by-runtime'),
16:57:42     INFO -                           'mochitest-devtools-chrome-coverage': ('--flavor=browser',
16:57:42     INFO -                                                                  '--subsuite=devtools',
16:57:42     INFO -                                                                  '--chunk-by-runtime',
16:57:42     INFO -                                                                  '--timeout=1200'),
16:57:42     INFO -                           'mochitest-gl': ('--subsuite=webgl',),
16:57:42     INFO -                           'mochitest-media': ('--subsuite=media',),
16:57:42     INFO -                           'plain': (),
16:57:42     INFO -                           'plain-chunked': ('--chunk-by-dir=4',),
16:57:42     INFO -                           'plain-clipboard': ('--subsuite=clipboard',),
16:57:42     INFO -                           'plain-gpu': ('--subsuite=gpu',),
16:57:42     INFO -                           'valgrind-plain': ('--valgrind=/usr/bin/valgrind',
16:57:42     INFO -                                              '--valgrind-supp-files=/builds/slave/test/build/tests/mochitest/i386-redhat-linux-gnu.sup,/builds/slave/test/build/tests/mochitest/cross-architecture.sup',
16:57:42     INFO -                                              '--timeout=900',
16:57:42     INFO -                                              '--max-timeouts=50')},
16:57:42     INFO -  'all_mozbase_suites': {'mozbase': ()},
16:57:42     INFO -  'all_reftest_suites': {'crashtest': {'options': ('--suite=crashtest',),
16:57:42     INFO -                                       'tests': ('tests/reftest/tests/testing/crashtest/crashtests.list',)},
16:57:42     INFO -                         'jsreftest': {'options': ('--extra-profile-file=tests/jsreftest/tests/user.js',
16:57:42     INFO -                                                   '--suite=jstestbrowser'),
16:57:42     INFO -                                       'tests': ('tests/jsreftest/tests/jstests.list',)},
16:57:42     INFO -                         'reftest': {'options': ('--suite=reftest',),
16:57:42     INFO -                                     'tests': ('tests/reftest/tests/layout/reftests/reftest.list',)},
16:57:42     INFO -                         'reftest-no-accel': {'options': ('--suite=reftest',
16:57:42     INFO -                                                          '--setpref=layers.acceleration.force-enabled=disabled'),
16:57:42     INFO -                                              'tests': ('tests/reftest/tests/layout/reftests/reftest.list',)}},
16:57:42     INFO -  'all_xpcshell_suites': {'xpcshell': {'options': ('--xpcshell=%(abs_app_dir)s/xpcshell',
16:57:42     INFO -                                                   '--manifest=tests/xpcshell/tests/xpcshell.ini'),
16:57:42     INFO -                                       'tests': ()},
16:57:42     INFO -                          'xpcshell-addons': {'options': ('--xpcshell=%(abs_app_dir)s/xpcshell',
16:57:42     INFO -                                                          '--tag=addons',
16:57:42     INFO -                                                          '--manifest=tests/xpcshell/tests/xpcshell.ini'),
16:57:42     INFO -                                              'tests': ()},
16:57:42     INFO -                          'xpcshell-coverage': {'options': ('--xpcshell=%(abs_app_dir)s/xpcshell',
16:57:42     INFO -                                                            '--manifest=tests/xpcshell/tests/xpcshell.ini'),
16:57:42     INFO -                                                'tests': ()}},
16:57:42     INFO -  'allow_software_gl_layers': False,
16:57:42     INFO -  'append_to_log': False,
16:57:42     INFO -  'base_work_dir': '/builds/slave/test',
16:57:42     INFO -  'binary_path': '/builds/slave/test/build/application/firefox/firefox-bin',
16:57:42     INFO -  'blob_upload_branch': 'mozilla-esr52',
16:57:42     INFO -  'blob_uploader_auth_file': '/builds/slave/test/oauth.txt',
16:57:42     INFO -  'buildbot_json_path': 'buildprops.json',
16:57:42     INFO -  'buildbot_max_log_size': 52428800,
16:57:42     INFO -  'code_coverage': False,
16:57:42     INFO -  'config_files': ('unittests/linux_unittest.py',),
16:57:42     INFO -  'default_blob_upload_servers': ('https://blobupload.elasticbeanstalk.com',),
16:57:42     INFO -  'download_minidump_stackwalk': True,
16:57:42     INFO -  'download_nodejs': True,
16:57:42     INFO -  'download_symbols': 'ondemand',
16:57:42     INFO -  'e10s': False,
16:57:42     INFO -  'exe_suffix': '',
16:57:42     INFO -  'exes': {'python': '/tools/buildbot/bin/python',
16:57:42     INFO -           'tooltool.py': '/tools/tooltool.py',
16:57:42     INFO -           'virtualenv': ('/tools/buildbot/bin/python',
16:57:42     INFO -                          '/tools/misc-python/virtualenv.py')},
16:57:42     INFO -  'find_links': ('http://pypi.pvt.build.mozilla.org/pub',
16:57:42     INFO -                 'http://pypi.pub.build.mozilla.org/pub'),
16:57:42     INFO -  'installer_path': '/builds/slave/test/build/installer.tar.bz2',
16:57:42     INFO -  'log_level': 'info',
16:57:42     INFO -  'log_to_console': True,
16:57:42     INFO -  'minidump_save_path': '%(abs_work_dir)s/../minidumps',
16:57:42     INFO -  'minidump_stackwalk_path': 'linux32-minidump_stackwalk',
16:57:42     INFO -  'minidump_tooltool_manifest_path': 'config/tooltool-manifests/linux32/releng.manifest',
16:57:42     INFO -  'minimum_tests_zip_dirs': ('bin/*',
16:57:42     INFO -                             'certs/*',
16:57:42     INFO -                             'config/*',
16:57:42     INFO -                             'mach',
16:57:42     INFO -                             'marionette/*',
16:57:42     INFO -                             'modules/*',
16:57:42     INFO -                             'mozbase/*',
16:57:42     INFO -                             'tools/*'),
16:57:42     INFO -  'no_random': False,
16:57:42     INFO -  'nodejs_path': 'node-linux-x86/bin/node',
16:57:42     INFO -  'nodejs_tooltool_manifest_path': 'config/tooltool-manifests/linux32/nodejs.manifest',
16:57:42     INFO -  'opt_config_files': (),
16:57:42     INFO -  'pip_index': False,
16:57:42     INFO -  'preflight_run_cmd_suites': ({'architectures': ('32bit', '64bit'),
16:57:42     INFO -                                'cmd': ('xset', 's', 'off', 's', 'reset'),
16:57:42     INFO -                                'enabled': True,
16:57:42     INFO -                                'halt_on_failure': False,
16:57:42     INFO -                                'name': 'disable_screen_saver'},
16:57:42     INFO -                               {'architectures': ('32bit',),
16:57:42     INFO -                                'cmd': ('python',
16:57:42     INFO -                                        '../scripts/external_tools/mouse_and_screen_resolution.py',
16:57:42     INFO -                                        '--configuration-file',
16:57:42     INFO -                                        '../scripts/external_tools/machine-configuration.json'),
16:57:42     INFO -                                'enabled': False,
16:57:42     INFO -                                'halt_on_failure': True,
16:57:42     INFO -                                'name': 'run mouse & screen adjustment script'}),
16:57:42     INFO -  'require_test_zip': True,
16:57:42     INFO -  'run_all_suites': False,
16:57:42     INFO -  'run_cmd_checks_enabled': True,
16:57:42     INFO -  'run_file_names': {'cppunittest': 'runcppunittests.py',
16:57:42     INFO -                     'gtest': 'rungtests.py',
16:57:42     INFO -                     'jittest': 'jit_test.py',
16:57:42     INFO -                     'mochitest': 'runtests.py',
16:57:42     INFO -                     'mozbase': 'test.py',
16:57:42     INFO -                     'mozmill': 'runtestlist.py',
16:57:42     INFO -                     'reftest': 'runreftest.py',
16:57:42     INFO -                     'xpcshell': 'runxpcshelltests.py'},
16:57:42     INFO -  'specific_tests_zip_dirs': {'cppunittest': ('cppunittest/*',),
16:57:42     INFO -                              'gtest': ('gtest/*',),
16:57:42     INFO -                              'jittest': ('jit-test/*',),
16:57:42     INFO -                              'mochitest': ('mochitest/*',),
16:57:42     INFO -                              'mozbase': ('mozbase/*',),
16:57:42     INFO -                              'mozmill': ('mozmill/*',),
16:57:42     INFO -                              'reftest': ('reftest/*', 'jsreftest/*'),
16:57:42     INFO -                              'xpcshell': ('xpcshell/*',)},
16:57:42     INFO -  'specified_mochitest_suites': ('plain-gpu',
16:57:42     INFO -                                 'chrome-gpu',
16:57:42     INFO -                                 'browser-chrome-gpu'),
16:57:42     INFO -  'strict_content_sandbox': False,
16:57:42     INFO -  'suite_definitions': {'cppunittest': {'options': ('--symbols-path=%(symbols_path)s',
16:57:42     INFO -                                                    '--xre-path=%(abs_app_dir)s'),
16:57:42     INFO -                                        'run_filename': 'runcppunittests.py',
16:57:42     INFO -                                        'testsdir': 'cppunittest'},
16:57:42     INFO -                        'gtest': {'options': ('--xre-path=%(abs_res_dir)s',
16:57:42     INFO -                                              '--cwd=%(gtest_dir)s',
16:57:42     INFO -                                              '--symbols-path=%(symbols_path)s',
16:57:42     INFO -                                              '--utility-path=tests/bin',
16:57:42     INFO -                                              '%(binary_path)s'),
16:57:42     INFO -                                  'run_filename': 'rungtests.py'},
16:57:42     INFO -                        'jittest': {'options': ('tests/bin/js',
16:57:42     INFO -                                                '--no-slow',
16:57:42     INFO -                                                '--no-progress',
16:57:42     INFO -                                                '--format=automation',
16:57:42     INFO -                                                '--jitflags=all',
16:57:42     INFO -                                                '--timeout=970'),
16:57:42     INFO -                                    'run_filename': 'jit_test.py',
16:57:42     INFO -                                    'run_timeout': 1000,
16:57:42     INFO -                                    'testsdir': 'jit-test/jit-test'},
16:57:42     INFO -                        'mochitest': {'options': ('--appname=%(binary_path)s',
16:57:42     INFO -                                                  '--utility-path=tests/bin',
16:57:42     INFO -                                                  '--extra-profile-file=tests/bin/plugins',
16:57:42     INFO -                                                  '--symbols-path=%(symbols_path)s',
16:57:42     INFO -                                                  '--certificate-path=tests/certs',
16:57:42     INFO -                                                  '--setpref=webgl.force-enabled=true',
16:57:42     INFO -                                                  '--quiet',
16:57:42     INFO -                                                  '--log-raw=%(raw_log_file)s',
16:57:42     INFO -                                                  '--log-errorsummary=%(error_summary_file)s',
16:57:42     INFO -                                                  '--use-test-media-devices',
16:57:42     INFO -                                                  '--screenshot-on-fail',
16:57:42     INFO -                                                  '--cleanup-crashes',
16:57:42     INFO -                                                  '--marionette-startup-timeout=180'),
16:57:42     INFO -                                      'run_filename': 'runtests.py',
16:57:42     INFO -                                      'testsdir': 'mochitest'},
16:57:42     INFO -                        'mozbase': {'options': ('-b', '%(binary_path)s'),
16:57:42     INFO -                                    'run_filename': 'test.py',
16:57:42     INFO -                                    'testsdir': 'mozbase'},
16:57:42     INFO -                        'mozmill': {'options': ('--binary=%(binary_path)s',
16:57:42     INFO -                                                '--testing-modules-dir=test/modules',
16:57:42     INFO -                                                '--plugins-path=%(test_plugin_path)s',
16:57:42     INFO -                                                '--symbols-path=%(symbols_path)s'),
16:57:42     INFO -                                    'run_filename': 'runtestlist.py',
16:57:42     INFO -                                    'testsdir': 'mozmill'},
16:57:42     INFO -                        'reftest': {'options': ('--appname=%(binary_path)s',
16:57:42     INFO -                                                '--utility-path=tests/bin',
16:57:42     INFO -                                                '--extra-profile-file=tests/bin/plugins',
16:57:42     INFO -                                                '--symbols-path=%(symbols_path)s',
16:57:42     INFO -                                                '--log-raw=%(raw_log_file)s',
16:57:42     INFO -                                                '--log-errorsummary=%(error_summary_file)s',
16:57:42     INFO -                                                '--cleanup-crashes'),
16:57:42     INFO -                                    'run_filename': 'runreftest.py',
16:57:42     INFO -                                    'testsdir': 'reftest'},
16:57:42     INFO -                        'xpcshell': {'options': ('--symbols-path=%(symbols_path)s',
16:57:42     INFO -                                                 '--test-plugin-path=%(test_plugin_path)s',
16:57:42     INFO -                                                 '--log-raw=%(raw_log_file)s',
16:57:42     INFO -                                                 '--log-errorsummary=%(error_summary_file)s',
16:57:42     INFO -                                                 '--utility-path=tests/bin'),
16:57:42     INFO -                                     'run_filename': 'runxpcshelltests.py',
16:57:42     INFO -                                     'testsdir': 'xpcshell'}},
16:57:42     INFO -  'tooltool_cache': '/builds/tooltool_cache',
16:57:42     INFO -  'unstructured_flavors': {'cppunittest': (),
16:57:42     INFO -                           'gtest': (),
16:57:42     INFO -                           'jittest': (),
16:57:42     INFO -                           'mochitest': ('jetpack',),
16:57:42     INFO -                           'mozbase': (),
16:57:42     INFO -                           'mozmill': (),
16:57:42     INFO -                           'xpcshell': ()},
16:57:42     INFO -  'vcs_output_timeout': 1000,
16:57:42     INFO -  'virtualenv_path': 'venv',
16:57:42     INFO -  'volatile_config': {'actions': None, 'add_actions': None, 'no_actions': None},
16:57:42     INFO -  'work_dir': 'build',
16:57:42     INFO -  'xpcshell_name': 'xpcshell'}
16:57:42     INFO - [mozharness: 2018-06-09 23:57:42.853878Z] Running clobber step.
16:57:42     INFO - Running pre-action listener: _resource_record_pre_action
16:57:42     INFO - Running main action method: clobber
16:57:42     INFO - rmtree: /builds/slave/test/build
16:57:42     INFO - Running post-action listener: _resource_record_post_action
16:57:42     INFO - [mozharness: 2018-06-09 23:57:42.937435Z] Finished clobber step (success)
16:57:42     INFO - [mozharness: 2018-06-09 23:57:42.938177Z] Running read-buildbot-config step.
16:57:42     INFO - Running pre-action listener: _resource_record_pre_action
16:57:42     INFO - Running main action method: read_buildbot_config
16:57:42     INFO - Using buildbot properties:
16:57:42     INFO - {
16:57:42     INFO -     "project": "", 
16:57:42     INFO -     "product": "firefox", 
16:57:42     INFO -     "script_repo_revision": "production", 
16:57:42     INFO -     "scheduler": "tests-mozilla-esr52-ubuntu32_vm-pgo-unittest", 
16:57:42     INFO -     "repository": "", 
16:57:42     INFO -     "buildername": "Ubuntu VM 12.04 mozilla-esr52 pgo test mochitest-gpu", 
16:57:42     INFO -     "buildid": "20180609145619", 
16:57:42     INFO -     "pgo_build": "True", 
16:57:42     INFO -     "basedir": "/builds/slave/test", 
16:57:42     INFO -     "buildnumber": 25, 
16:57:42     INFO -     "slavename": "tst-linux32-spot-033", 
16:57:42     INFO -     "revision": "1e9a9a6b6e74d8eafe01f87850eb3d85bfba88d8", 
16:57:42     INFO -     "master": "http://buildbot-master01.bb.releng.use1.mozilla.com:8201/", 
16:57:42     INFO -     "platform": "linux", 
16:57:42     INFO -     "branch": "mozilla-esr52", 
16:57:42     INFO -     "repo_path": "releases/mozilla-esr52", 
16:57:42     INFO -     "moz_repo_path": "", 
16:57:42     INFO -     "stage_platform": "linux-pgo", 
16:57:42     INFO -     "builduid": "b1c96505513c43fda408cdf95090aab8", 
16:57:42     INFO -     "slavebuilddir": "test"
16:57:42     INFO - }
16:57:42     INFO - Found installer url https://queue.taskcluster.net/v1/task/ZkogR2LsTsy-gAv6y4iKyQ/artifacts/public/build/firefox-52.8.2.en-US.linux-i686.tar.bz2.
16:57:42     INFO - Found a test packages url https://queue.taskcluster.net/v1/task/ZkogR2LsTsy-gAv6y4iKyQ/artifacts/public/build/firefox-52.8.2.en-US.linux-i686.test_packages.json.
16:57:42     INFO - Running post-action listener: _resource_record_post_action
16:57:42     INFO - [mozharness: 2018-06-09 23:57:42.981989Z] Finished read-buildbot-config step (success)
16:57:42     INFO - [mozharness: 2018-06-09 23:57:42.982688Z] Running download-and-extract step.
16:57:42     INFO - Running pre-action listener: _pre_download_and_extract
16:57:42  WARNING - Try message not found.
16:57:42     INFO - Running pre-action listener: _resource_record_pre_action
16:57:42     INFO - Running main action method: download_and_extract
16:57:43     INFO - mkdir: /builds/slave/test/build/tests
16:57:43     INFO - Downloading https://queue.taskcluster.net/v1/task/ZkogR2LsTsy-gAv6y4iKyQ/artifacts/public/build/firefox-52.8.2.en-US.linux-i686.test_packages.json to /builds/slave/test/build/firefox-52.8.2.en-US.linux-i686.test_packages.json
16:57:43     INFO - retry: Calling _download_file with args: (), kwargs: {'url': 'https://queue.taskcluster.net/v1/task/ZkogR2LsTsy-gAv6y4iKyQ/artifacts/public/build/firefox-52.8.2.en-US.linux-i686.test_packages.json', 'file_name': '/builds/slave/test/build/firefox-52.8.2.en-US.linux-i686.test_packages.json'}, attempt #1
16:57:44     INFO - Downloaded 1325 bytes.
16:57:44     INFO - Reading from file /builds/slave/test/build/firefox-52.8.2.en-US.linux-i686.test_packages.json
16:57:44     INFO - Using the following test package requirements:
16:57:44     INFO - {u'common': [u'firefox-52.8.2.en-US.linux-i686.common.tests.zip'],
16:57:44     INFO -  u'cppunittest': [u'firefox-52.8.2.en-US.linux-i686.common.tests.zip',
16:57:44     INFO -                   u'firefox-52.8.2.en-US.linux-i686.cppunittest.tests.zip'],
16:57:44     INFO -  u'gtest': [u'firefox-52.8.2.en-US.linux-i686.common.tests.zip',
16:57:44     INFO -             u'firefox-52.8.2.en-US.linux-i686.gtest.tests.zip'],
16:57:44     INFO -  u'jittest': [u'firefox-52.8.2.en-US.linux-i686.common.tests.zip',
16:57:44     INFO -               u'jsshell-linux-i686.zip'],
16:57:44     INFO -  u'mochitest': [u'firefox-52.8.2.en-US.linux-i686.common.tests.zip',
16:57:44     INFO -                 u'firefox-52.8.2.en-US.linux-i686.mochitest.tests.zip'],
16:57:44     INFO -  u'mozbase': [u'firefox-52.8.2.en-US.linux-i686.common.tests.zip'],
16:57:44     INFO -  u'reftest': [u'firefox-52.8.2.en-US.linux-i686.common.tests.zip',
16:57:44     INFO -               u'firefox-52.8.2.en-US.linux-i686.reftest.tests.zip'],
16:57:44     INFO -  u'talos': [u'firefox-52.8.2.en-US.linux-i686.common.tests.zip',
16:57:44     INFO -             u'firefox-52.8.2.en-US.linux-i686.talos.tests.zip'],
16:57:44     INFO -  u'web-platform': [u'firefox-52.8.2.en-US.linux-i686.common.tests.zip',
16:57:44     INFO -                    u'firefox-52.8.2.en-US.linux-i686.web-platform.tests.zip'],
16:57:44     INFO -  u'xpcshell': [u'firefox-52.8.2.en-US.linux-i686.common.tests.zip',
16:57:44     INFO -                u'firefox-52.8.2.en-US.linux-i686.xpcshell.tests.zip']}
16:57:44     INFO - Downloading packages: [u'firefox-52.8.2.en-US.linux-i686.common.tests.zip', u'firefox-52.8.2.en-US.linux-i686.mochitest.tests.zip'] for test suite category: mochitest
16:57:44     INFO - Adding 'mozinfo.json' for extraction from common.tests zip file
16:57:44     INFO - Downloading and extracting to /builds/slave/test/build/tests these dirs bin/*, certs/*, config/*, mach, marionette/*, modules/*, mozbase/*, tools/*, mochitest/*, mozinfo.json from https://queue.taskcluster.net/v1/task/ZkogR2LsTsy-gAv6y4iKyQ/artifacts/public/build/firefox-52.8.2.en-US.linux-i686.common.tests.zip
16:57:44     INFO - retry: Calling fetch_url_into_memory with args: (), kwargs: {'url': u'https://queue.taskcluster.net/v1/task/ZkogR2LsTsy-gAv6y4iKyQ/artifacts/public/build/firefox-52.8.2.en-US.linux-i686.common.tests.zip'}, attempt #1
16:57:44     INFO - Fetch https://queue.taskcluster.net/v1/task/ZkogR2LsTsy-gAv6y4iKyQ/artifacts/public/build/firefox-52.8.2.en-US.linux-i686.common.tests.zip into memory
16:57:46     INFO - Http code: 200
16:57:46     INFO - via: 1.1 cbefa4574158a548775db8beda8075d2.cloudfront.net (CloudFront)
16:57:46     INFO - x-amz-cf-id: 3xlUzphadHC2MKlnzG7oBgGMhX1-j_vwchpClSx8mk1o9T7yIinrZQ==
16:57:46     INFO - x-amz-version-id: R_COdztssv8JwkE73pZjsoBIJA13VawT
16:57:55     INFO - Expected file size: 22034178
16:57:55     INFO - Obtained file size: 22034178
16:57:57     INFO - Downloading and extracting to /builds/slave/test/build/tests these dirs bin/*, certs/*, config/*, mach, marionette/*, modules/*, mozbase/*, tools/*, mochitest/*, mozinfo.json from https://queue.taskcluster.net/v1/task/ZkogR2LsTsy-gAv6y4iKyQ/artifacts/public/build/firefox-52.8.2.en-US.linux-i686.mochitest.tests.zip
16:57:57     INFO - retry: Calling fetch_url_into_memory with args: (), kwargs: {'url': u'https://queue.taskcluster.net/v1/task/ZkogR2LsTsy-gAv6y4iKyQ/artifacts/public/build/firefox-52.8.2.en-US.linux-i686.mochitest.tests.zip'}, attempt #1
16:57:57     INFO - Fetch https://queue.taskcluster.net/v1/task/ZkogR2LsTsy-gAv6y4iKyQ/artifacts/public/build/firefox-52.8.2.en-US.linux-i686.mochitest.tests.zip into memory
16:57:59     INFO - Http code: 200
16:57:59     INFO - via: 1.1 0a67f6cab5e0fc8020a30636dad56244.cloudfront.net (CloudFront)
16:57:59     INFO - x-amz-cf-id: ioesyJSEVtCkFppIspd8aP6VJbOkDnDthOTQ4hA0WHCX2JlQUs3Rkg==
16:57:59     INFO - x-amz-version-id: GEnjdSCi_jrKUiwjyWEeTQUWVq.TNJtK
16:58:28     INFO - Expected file size: 80577409
16:58:28     INFO - Obtained file size: 80577409
16:58:59     INFO - Downloading https://queue.taskcluster.net/v1/task/ZkogR2LsTsy-gAv6y4iKyQ/artifacts/public/build/firefox-52.8.2.en-US.linux-i686.tar.bz2 to /builds/slave/test/build/installer.tar.bz2
16:58:59     INFO - retry: Calling _download_file with args: (), kwargs: {'url': 'https://queue.taskcluster.net/v1/task/ZkogR2LsTsy-gAv6y4iKyQ/artifacts/public/build/firefox-52.8.2.en-US.linux-i686.tar.bz2', 'file_name': '/builds/slave/test/build/installer.tar.bz2'}, attempt #1
16:59:32     INFO - Downloaded 58586096 bytes.
16:59:32     INFO - Setting buildbot property build_url to https://queue.taskcluster.net/v1/task/ZkogR2LsTsy-gAv6y4iKyQ/artifacts/public/build/firefox-52.8.2.en-US.linux-i686.tar.bz2
16:59:32     INFO - mkdir: /builds/slave/test/properties
16:59:32     INFO - Writing buildbot properties ['build_url'] to /builds/slave/test/properties/build_url
16:59:32     INFO - Writing to file /builds/slave/test/properties/build_url
16:59:32     INFO - Contents:
16:59:32     INFO -  build_url:https://queue.taskcluster.net/v1/task/ZkogR2LsTsy-gAv6y4iKyQ/artifacts/public/build/firefox-52.8.2.en-US.linux-i686.tar.bz2
16:59:34     INFO - Running post-action listener: _resource_record_post_action
16:59:34     INFO - Running post-action listener: set_extra_try_arguments
16:59:34     INFO - [mozharness: 2018-06-09 23:59:34.488822Z] Finished download-and-extract step (success)
16:59:34     INFO - [mozharness: 2018-06-09 23:59:34.489442Z] Running create-virtualenv step.
16:59:34     INFO - Running pre-action listener: _install_mozbase
16:59:34     INFO - Running pre-action listener: _pre_create_virtualenv
16:59:34     INFO - Running pre-action listener: _resource_record_pre_action
16:59:34     INFO - Running main action method: create_virtualenv
16:59:34     INFO - Creating virtualenv /builds/slave/test/build/venv
16:59:34     INFO - Running command: ['/tools/buildbot/bin/python', '/builds/slave/test/scripts/external_tools/virtualenv/virtualenv.py', '--always-copy', '/builds/slave/test/build/venv'] in /builds/slave/test/build
16:59:34     INFO - Copy/paste: /tools/buildbot/bin/python /builds/slave/test/scripts/external_tools/virtualenv/virtualenv.py --always-copy /builds/slave/test/build/venv
16:59:34     INFO - Using partial env: {'VIRTUALENV_NO_DOWNLOAD': '1'}
16:59:40     INFO -  Using real prefix '/usr'
16:59:40     INFO -  New python executable in /builds/slave/test/build/venv/bin/python
16:59:44     INFO -  Installing setuptools, pip, wheel...done.
16:59:44     INFO - Return code: 0
16:59:44     INFO - Installing psutil>=3.1.1 into virtualenv /builds/slave/test/build/venv
16:59:44     INFO - retry: Calling run_command with args: [['/builds/slave/test/build/venv/bin/pip', 'install', '--timeout', '120', '--no-index', '--find-links', 'http://pypi.pvt.build.mozilla.org/pub', '--find-links', 'http://pypi.pub.build.mozilla.org/pub', '--trusted-host', 'pypi.pub.build.mozilla.org', '--trusted-host', 'pypi.pvt.build.mozilla.org', 'psutil>=3.1.1']], kwargs: {'error_level': 'warning', 'error_list': [{'substr': 'not found or a compiler error:', 'level': 'warning'}, {'regex': <_sre.SRE_Pattern object at 0xb72995e0>, 'level': 'error'}, {'regex': <_sre.SRE_Pattern object at 0xb7274e30>, 'level': 'warning'}, {'regex': <_sre.SRE_Pattern object at 0xa4000f0>, 'level': 'debug'}, {'substr': 'command not found', 'level': 'error'}, {'regex': <_sre.SRE_Pattern object at 0xa3f4f38>, 'level': 'warning'}, {'substr': 'Traceback (most recent call last)', 'level': 'error'}, {'substr': 'SyntaxError: ', 'level': 'error'}, {'substr': 'TypeError: ', 'level': 'error'}, {'substr': 'NameError: ', 'level': 'error'}, {'substr': 'ZeroDivisionError: ', 'level': 'error'}, {'regex': <_sre.SRE_Pattern object at 0xa3f48c8>, 'level': 'critical'}, {'regex': <_sre.SRE_Pattern object at 0xa3f7270>, 'level': 'critical'}], 'cwd': '/builds/slave/test/build', 'env': {'TMOUT': '86400', 'LOGNAME': 'cltbld', 'USER': 'cltbld', 'HOME': '/home/cltbld', 'PATH': '/usr/local/bin:/usr/local/bin:/usr/bin:/bin:/usr/local/games:/usr/games', 'DISPLAY': ':0', 'CCACHE_UMASK': '002', 'LANG': 'en_US.UTF-8', 'TERM': 'linux', 'SHELL': '/bin/bash', 'MOZ_NODE_PATH': '/usr/bin/node', 'XDG_SESSION_COOKIE': '5a152710dd62cc268aad214e000002d8-1528588652.478745-1780109949', 'SHLVL': '1', 'NO_FAIL_ON_TEST_ERRORS': '1', 'MOZ_NO_REMOTE': '1', 'MOZ_HIDE_RESULTS_TABLE': '1', 'MAIL': '/var/mail/cltbld', '_': '/tools/buildbot/bin/python', 'NODE_PATH': '/usr/lib/nodejs:/usr/lib/node_modules:/usr/share/javascript', 'PWD': '/builds/slave/test', 'PROPERTIES_FILE': '/builds/slave/test/buildprops.json', 'CCACHE_DIR': '/builds/ccache'}}, attempt #1
16:59:44     INFO - Running command: ['/builds/slave/test/build/venv/bin/pip', 'install', '--timeout', '120', '--no-index', '--find-links', 'http://pypi.pvt.build.mozilla.org/pub', '--find-links', 'http://pypi.pub.build.mozilla.org/pub', '--trusted-host', 'pypi.pub.build.mozilla.org', '--trusted-host', 'pypi.pvt.build.mozilla.org', 'psutil>=3.1.1'] in /builds/slave/test/build
16:59:44     INFO - Copy/paste: /builds/slave/test/build/venv/bin/pip install --timeout 120 --no-index --find-links http://pypi.pvt.build.mozilla.org/pub --find-links http://pypi.pub.build.mozilla.org/pub --trusted-host pypi.pub.build.mozilla.org --trusted-host pypi.pvt.build.mozilla.org psutil>=3.1.1
16:59:44     INFO - Using env: {'CCACHE_DIR': '/builds/ccache',
16:59:44     INFO -  'CCACHE_UMASK': '002',
16:59:44     INFO -  'DISPLAY': ':0',
16:59:44     INFO -  'HOME': '/home/cltbld',
16:59:44     INFO -  'LANG': 'en_US.UTF-8',
16:59:44     INFO -  'LOGNAME': 'cltbld',
16:59:44     INFO -  'MAIL': '/var/mail/cltbld',
16:59:44     INFO -  'MOZ_HIDE_RESULTS_TABLE': '1',
16:59:44     INFO -  'MOZ_NODE_PATH': '/usr/bin/node',
16:59:44     INFO -  'MOZ_NO_REMOTE': '1',
16:59:44     INFO -  'NODE_PATH': '/usr/lib/nodejs:/usr/lib/node_modules:/usr/share/javascript',
16:59:44     INFO -  'NO_FAIL_ON_TEST_ERRORS': '1',
16:59:44     INFO -  'PATH': '/usr/local/bin:/usr/local/bin:/usr/bin:/bin:/usr/local/games:/usr/games',
16:59:44     INFO -  'PROPERTIES_FILE': '/builds/slave/test/buildprops.json',
16:59:44     INFO -  'PWD': '/builds/slave/test',
16:59:44     INFO -  'SHELL': '/bin/bash',
16:59:44     INFO -  'SHLVL': '1',
16:59:44     INFO -  'TERM': 'linux',
16:59:44     INFO -  'TMOUT': '86400',
16:59:44     INFO -  'USER': 'cltbld',
16:59:44     INFO -  'XDG_SESSION_COOKIE': '5a152710dd62cc268aad214e000002d8-1528588652.478745-1780109949',
16:59:44     INFO -  '_': '/tools/buildbot/bin/python'}
16:59:46     INFO -  Ignoring indexes: https://pypi.python.org/simple
16:59:46     INFO -  Collecting psutil>=3.1.1
16:59:46     INFO -  /builds/slave/test/build/venv/lib/python2.7/site-packages/pip/_vendor/requests/packages/urllib3/util/ssl_.py:318: SNIMissingWarning: An HTTPS request has been made, but the SNI (Subject Name Indication) extension to TLS is not available on this platform. This may cause the server to present an incorrect TLS certificate, which can cause validation failures. You can upgrade to a newer version of Python to solve this. For more information, see https://urllib3.readthedocs.org/en/latest/security.html#snimissingwarning.
16:59:46     INFO -    SNIMissingWarning
16:59:46     INFO -  /builds/slave/test/build/venv/lib/python2.7/site-packages/pip/_vendor/requests/packages/urllib3/util/ssl_.py:122: InsecurePlatformWarning: A true SSLContext object is not available. This prevents urllib3 from configuring SSL appropriately and may cause certain SSL connections to fail. You can upgrade to a newer version of Python to solve this. For more information, see https://urllib3.readthedocs.org/en/latest/security.html#insecureplatformwarning.
16:59:46     INFO -    InsecurePlatformWarning
16:59:48     INFO -  /builds/slave/test/build/venv/lib/python2.7/site-packages/pip/_vendor/requests/packages/urllib3/util/ssl_.py:122: InsecurePlatformWarning: A true SSLContext object is not available. This prevents urllib3 from configuring SSL appropriately and may cause certain SSL connections to fail. You can upgrade to a newer version of Python to solve this. For more information, see https://urllib3.readthedocs.org/en/latest/security.html#insecureplatformwarning.
16:59:48     INFO -    InsecurePlatformWarning
16:59:53     INFO -    Downloading https://pypi.pvt.build.mozilla.org/pub/psutil-5.4.3.tar.gz (412kB)
16:59:55     INFO -  Building wheels for collected packages: psutil
16:59:55     INFO -    Running setup.py bdist_wheel for psutil: started
17:00:00     INFO -    Running setup.py bdist_wheel for psutil: finished with status 'done'
17:00:00     INFO -    Stored in directory: /home/cltbld/.cache/pip/wheels/30/c0/c3/5cdb2b64c0d47a81af9c62935a64d83948d2c2b3e7af3eeee2
17:00:01     INFO -  Successfully built psutil
17:00:01     INFO -  Installing collected packages: psutil
17:00:01     INFO -  Successfully installed psutil-5.4.3
17:00:01     INFO - Return code: 0
17:00:01     INFO - Installing mozsystemmonitor==0.3 into virtualenv /builds/slave/test/build/venv
17:00:01     INFO - retry: Calling run_command with args: [['/builds/slave/test/build/venv/bin/pip', 'install', '--timeout', '120', '--no-index', '--find-links', 'http://pypi.pvt.build.mozilla.org/pub', '--find-links', 'http://pypi.pub.build.mozilla.org/pub', '--trusted-host', 'pypi.pub.build.mozilla.org', '--trusted-host', 'pypi.pvt.build.mozilla.org', 'mozsystemmonitor==0.3']], kwargs: {'error_level': 'warning', 'error_list': [{'substr': 'not found or a compiler error:', 'level': 'warning'}, {'regex': <_sre.SRE_Pattern object at 0xb72995e0>, 'level': 'error'}, {'regex': <_sre.SRE_Pattern object at 0xb7274e30>, 'level': 'warning'}, {'regex': <_sre.SRE_Pattern object at 0xa4000f0>, 'level': 'debug'}, {'substr': 'command not found', 'level': 'error'}, {'regex': <_sre.SRE_Pattern object at 0xa3f4f38>, 'level': 'warning'}, {'substr': 'Traceback (most recent call last)', 'level': 'error'}, {'substr': 'SyntaxError: ', 'level': 'error'}, {'substr': 'TypeError: ', 'level': 'error'}, {'substr': 'NameError: ', 'level': 'error'}, {'substr': 'ZeroDivisionError: ', 'level': 'error'}, {'regex': <_sre.SRE_Pattern object at 0xa3f48c8>, 'level': 'critical'}, {'regex': <_sre.SRE_Pattern object at 0xa3f7270>, 'level': 'critical'}], 'cwd': '/builds/slave/test/build', 'env': {'TMOUT': '86400', 'LOGNAME': 'cltbld', 'USER': 'cltbld', 'HOME': '/home/cltbld', 'PATH': '/usr/local/bin:/usr/local/bin:/usr/bin:/bin:/usr/local/games:/usr/games', 'DISPLAY': ':0', 'CCACHE_UMASK': '002', 'LANG': 'en_US.UTF-8', 'TERM': 'linux', 'SHELL': '/bin/bash', 'MOZ_NODE_PATH': '/usr/bin/node', 'XDG_SESSION_COOKIE': '5a152710dd62cc268aad214e000002d8-1528588652.478745-1780109949', 'SHLVL': '1', 'NO_FAIL_ON_TEST_ERRORS': '1', 'MOZ_NO_REMOTE': '1', 'MOZ_HIDE_RESULTS_TABLE': '1', 'MAIL': '/var/mail/cltbld', '_': '/tools/buildbot/bin/python', 'NODE_PATH': '/usr/lib/nodejs:/usr/lib/node_modules:/usr/share/javascript', 'PWD': '/builds/slave/test', 'PROPERTIES_FILE': '/builds/slave/test/buildprops.json', 'CCACHE_DIR': '/builds/ccache'}}, attempt #1
17:00:01     INFO - Running command: ['/builds/slave/test/build/venv/bin/pip', 'install', '--timeout', '120', '--no-index', '--find-links', 'http://pypi.pvt.build.mozilla.org/pub', '--find-links', 'http://pypi.pub.build.mozilla.org/pub', '--trusted-host', 'pypi.pub.build.mozilla.org', '--trusted-host', 'pypi.pvt.build.mozilla.org', 'mozsystemmonitor==0.3'] in /builds/slave/test/build
17:00:01     INFO - Copy/paste: /builds/slave/test/build/venv/bin/pip install --timeout 120 --no-index --find-links http://pypi.pvt.build.mozilla.org/pub --find-links http://pypi.pub.build.mozilla.org/pub --trusted-host pypi.pub.build.mozilla.org --trusted-host pypi.pvt.build.mozilla.org mozsystemmonitor==0.3
17:00:01     INFO - Using env: {'CCACHE_DIR': '/builds/ccache',
17:00:01     INFO -  'CCACHE_UMASK': '002',
17:00:01     INFO -  'DISPLAY': ':0',
17:00:01     INFO -  'HOME': '/home/cltbld',
17:00:01     INFO -  'LANG': 'en_US.UTF-8',
17:00:01     INFO -  'LOGNAME': 'cltbld',
17:00:01     INFO -  'MAIL': '/var/mail/cltbld',
17:00:01     INFO -  'MOZ_HIDE_RESULTS_TABLE': '1',
17:00:01     INFO -  'MOZ_NODE_PATH': '/usr/bin/node',
17:00:01     INFO -  'MOZ_NO_REMOTE': '1',
17:00:01     INFO -  'NODE_PATH': '/usr/lib/nodejs:/usr/lib/node_modules:/usr/share/javascript',
17:00:01     INFO -  'NO_FAIL_ON_TEST_ERRORS': '1',
17:00:01     INFO -  'PATH': '/usr/local/bin:/usr/local/bin:/usr/bin:/bin:/usr/local/games:/usr/games',
17:00:01     INFO -  'PROPERTIES_FILE': '/builds/slave/test/buildprops.json',
17:00:01     INFO -  'PWD': '/builds/slave/test',
17:00:01     INFO -  'SHELL': '/bin/bash',
17:00:01     INFO -  'SHLVL': '1',
17:00:01     INFO -  'TERM': 'linux',
17:00:01     INFO -  'TMOUT': '86400',
17:00:01     INFO -  'USER': 'cltbld',
17:00:01     INFO -  'XDG_SESSION_COOKIE': '5a152710dd62cc268aad214e000002d8-1528588652.478745-1780109949',
17:00:01     INFO -  '_': '/tools/buildbot/bin/python'}
17:00:03     INFO -  Ignoring indexes: https://pypi.python.org/simple
17:00:03     INFO -  Collecting mozsystemmonitor==0.3
17:00:03     INFO -  /builds/slave/test/build/venv/lib/python2.7/site-packages/pip/_vendor/requests/packages/urllib3/util/ssl_.py:318: SNIMissingWarning: An HTTPS request has been made, but the SNI (Subject Name Indication) extension to TLS is not available on this platform. This may cause the server to present an incorrect TLS certificate, which can cause validation failures. You can upgrade to a newer version of Python to solve this. For more information, see https://urllib3.readthedocs.org/en/latest/security.html#snimissingwarning.
17:00:03     INFO -    SNIMissingWarning
17:00:03     INFO -  /builds/slave/test/build/venv/lib/python2.7/site-packages/pip/_vendor/requests/packages/urllib3/util/ssl_.py:122: InsecurePlatformWarning: A true SSLContext object is not available. This prevents urllib3 from configuring SSL appropriately and may cause certain SSL connections to fail. You can upgrade to a newer version of Python to solve this. For more information, see https://urllib3.readthedocs.org/en/latest/security.html#insecureplatformwarning.
17:00:03     INFO -    InsecurePlatformWarning
17:00:05     INFO -  /builds/slave/test/build/venv/lib/python2.7/site-packages/pip/_vendor/requests/packages/urllib3/util/ssl_.py:122: InsecurePlatformWarning: A true SSLContext object is not available. This prevents urllib3 from configuring SSL appropriately and may cause certain SSL connections to fail. You can upgrade to a newer version of Python to solve this. For more information, see https://urllib3.readthedocs.org/en/latest/security.html#insecureplatformwarning.
17:00:05     INFO -    InsecurePlatformWarning
17:00:10     INFO -    Downloading https://pypi.pvt.build.mozilla.org/pub/mozsystemmonitor-0.3.tar.gz
17:00:11     INFO -  Requirement already satisfied (use --upgrade to upgrade): psutil>=3.1.1 in ./venv/lib/python2.7/site-packages (from mozsystemmonitor==0.3)
17:00:11     INFO -  Building wheels for collected packages: mozsystemmonitor
17:00:11     INFO -    Running setup.py bdist_wheel for mozsystemmonitor: started
17:00:12     INFO -    Running setup.py bdist_wheel for mozsystemmonitor: finished with status 'done'
17:00:12     INFO -    Stored in directory: /home/cltbld/.cache/pip/wheels/f4/b7/9c/8a88c92aaad7c1d8bbd68513e1d91ad7f62b7465808c516aa8
17:00:12     INFO -  Successfully built mozsystemmonitor
17:00:12     INFO -  Installing collected packages: mozsystemmonitor
17:00:12     INFO -  Successfully installed mozsystemmonitor-0.3
17:00:12     INFO - Return code: 0
17:00:12     INFO - Installing jsonschema==2.5.1 into virtualenv /builds/slave/test/build/venv
17:00:13     INFO - retry: Calling run_command with args: [['/builds/slave/test/build/venv/bin/pip', 'install', '--timeout', '120', '--no-index', '--find-links', 'http://pypi.pvt.build.mozilla.org/pub', '--find-links', 'http://pypi.pub.build.mozilla.org/pub', '--trusted-host', 'pypi.pub.build.mozilla.org', '--trusted-host', 'pypi.pvt.build.mozilla.org', 'jsonschema==2.5.1']], kwargs: {'error_level': 'warning', 'error_list': [{'substr': 'not found or a compiler error:', 'level': 'warning'}, {'regex': <_sre.SRE_Pattern object at 0xb72995e0>, 'level': 'error'}, {'regex': <_sre.SRE_Pattern object at 0xb7274e30>, 'level': 'warning'}, {'regex': <_sre.SRE_Pattern object at 0xa4000f0>, 'level': 'debug'}, {'substr': 'command not found', 'level': 'error'}, {'regex': <_sre.SRE_Pattern object at 0xa3f4f38>, 'level': 'warning'}, {'substr': 'Traceback (most recent call last)', 'level': 'error'}, {'substr': 'SyntaxError: ', 'level': 'error'}, {'substr': 'TypeError: ', 'level': 'error'}, {'substr': 'NameError: ', 'level': 'error'}, {'substr': 'ZeroDivisionError: ', 'level': 'error'}, {'regex': <_sre.SRE_Pattern object at 0xa3f48c8>, 'level': 'critical'}, {'regex': <_sre.SRE_Pattern object at 0xa3f7270>, 'level': 'critical'}], 'cwd': '/builds/slave/test/build', 'env': {'TMOUT': '86400', 'LOGNAME': 'cltbld', 'USER': 'cltbld', 'HOME': '/home/cltbld', 'PATH': '/usr/local/bin:/usr/local/bin:/usr/bin:/bin:/usr/local/games:/usr/games', 'DISPLAY': ':0', 'CCACHE_UMASK': '002', 'LANG': 'en_US.UTF-8', 'TERM': 'linux', 'SHELL': '/bin/bash', 'MOZ_NODE_PATH': '/usr/bin/node', 'XDG_SESSION_COOKIE': '5a152710dd62cc268aad214e000002d8-1528588652.478745-1780109949', 'SHLVL': '1', 'NO_FAIL_ON_TEST_ERRORS': '1', 'MOZ_NO_REMOTE': '1', 'MOZ_HIDE_RESULTS_TABLE': '1', 'MAIL': '/var/mail/cltbld', '_': '/tools/buildbot/bin/python', 'NODE_PATH': '/usr/lib/nodejs:/usr/lib/node_modules:/usr/share/javascript', 'PWD': '/builds/slave/test', 'PROPERTIES_FILE': '/builds/slave/test/buildprops.json', 'CCACHE_DIR': '/builds/ccache'}}, attempt #1
17:00:13     INFO - Running command: ['/builds/slave/test/build/venv/bin/pip', 'install', '--timeout', '120', '--no-index', '--find-links', 'http://pypi.pvt.build.mozilla.org/pub', '--find-links', 'http://pypi.pub.build.mozilla.org/pub', '--trusted-host', 'pypi.pub.build.mozilla.org', '--trusted-host', 'pypi.pvt.build.mozilla.org', 'jsonschema==2.5.1'] in /builds/slave/test/build
17:00:13     INFO - Copy/paste: /builds/slave/test/build/venv/bin/pip install --timeout 120 --no-index --find-links http://pypi.pvt.build.mozilla.org/pub --find-links http://pypi.pub.build.mozilla.org/pub --trusted-host pypi.pub.build.mozilla.org --trusted-host pypi.pvt.build.mozilla.org jsonschema==2.5.1
17:00:13     INFO - Using env: {'CCACHE_DIR': '/builds/ccache',
17:00:13     INFO -  'CCACHE_UMASK': '002',
17:00:13     INFO -  'DISPLAY': ':0',
17:00:13     INFO -  'HOME': '/home/cltbld',
17:00:13     INFO -  'LANG': 'en_US.UTF-8',
17:00:13     INFO -  'LOGNAME': 'cltbld',
17:00:13     INFO -  'MAIL': '/var/mail/cltbld',
17:00:13     INFO -  'MOZ_HIDE_RESULTS_TABLE': '1',
17:00:13     INFO -  'MOZ_NODE_PATH': '/usr/bin/node',
17:00:13     INFO -  'MOZ_NO_REMOTE': '1',
17:00:13     INFO -  'NODE_PATH': '/usr/lib/nodejs:/usr/lib/node_modules:/usr/share/javascript',
17:00:13     INFO -  'NO_FAIL_ON_TEST_ERRORS': '1',
17:00:13     INFO -  'PATH': '/usr/local/bin:/usr/local/bin:/usr/bin:/bin:/usr/local/games:/usr/games',
17:00:13     INFO -  'PROPERTIES_FILE': '/builds/slave/test/buildprops.json',
17:00:13     INFO -  'PWD': '/builds/slave/test',
17:00:13     INFO -  'SHELL': '/bin/bash',
17:00:13     INFO -  'SHLVL': '1',
17:00:13     INFO -  'TERM': 'linux',
17:00:13     INFO -  'TMOUT': '86400',
17:00:13     INFO -  'USER': 'cltbld',
17:00:13     INFO -  'XDG_SESSION_COOKIE': '5a152710dd62cc268aad214e000002d8-1528588652.478745-1780109949',
17:00:13     INFO -  '_': '/tools/buildbot/bin/python'}
17:00:14     INFO -  Ignoring indexes: https://pypi.python.org/simple
17:00:14     INFO -  Collecting jsonschema==2.5.1
17:00:14     INFO -  /builds/slave/test/build/venv/lib/python2.7/site-packages/pip/_vendor/requests/packages/urllib3/util/ssl_.py:318: SNIMissingWarning: An HTTPS request has been made, but the SNI (Subject Name Indication) extension to TLS is not available on this platform. This may cause the server to present an incorrect TLS certificate, which can cause validation failures. You can upgrade to a newer version of Python to solve this. For more information, see https://urllib3.readthedocs.org/en/latest/security.html#snimissingwarning.
17:00:14     INFO -    SNIMissingWarning
17:00:14     INFO -  /builds/slave/test/build/venv/lib/python2.7/site-packages/pip/_vendor/requests/packages/urllib3/util/ssl_.py:122: InsecurePlatformWarning: A true SSLContext object is not available. This prevents urllib3 from configuring SSL appropriately and may cause certain SSL connections to fail. You can upgrade to a newer version of Python to solve this. For more information, see https://urllib3.readthedocs.org/en/latest/security.html#insecureplatformwarning.
17:00:14     INFO -    InsecurePlatformWarning
17:00:16     INFO -  /builds/slave/test/build/venv/lib/python2.7/site-packages/pip/_vendor/requests/packages/urllib3/util/ssl_.py:122: InsecurePlatformWarning: A true SSLContext object is not available. This prevents urllib3 from configuring SSL appropriately and may cause certain SSL connections to fail. You can upgrade to a newer version of Python to solve this. For more information, see https://urllib3.readthedocs.org/en/latest/security.html#insecureplatformwarning.
17:00:16     INFO -    InsecurePlatformWarning
17:00:21     INFO -    Downloading https://pypi.pvt.build.mozilla.org/pub/jsonschema-2.5.1-py2.py3-none-any.whl
17:00:21     INFO -  Collecting functools32; python_version == "2.7" (from jsonschema==2.5.1)
17:00:27     INFO -    Downloading https://pypi.pvt.build.mozilla.org/pub/functools32-3.2.3-2.tar.gz
17:00:28     INFO -  Building wheels for collected packages: functools32
17:00:28     INFO -    Running setup.py bdist_wheel for functools32: started
17:00:29     INFO -    Running setup.py bdist_wheel for functools32: finished with status 'done'
17:00:29     INFO -    Stored in directory: /home/cltbld/.cache/pip/wheels/60/8e/5c/cd0944700dbec48e57da97dbe11bcc84b1332f6b43bc89d9b7
17:00:29     INFO -  Successfully built functools32
17:00:29     INFO -  Installing collected packages: functools32, jsonschema
17:00:29     INFO -  Successfully installed functools32-3.2.3.post2 jsonschema-2.5.1
17:00:29     INFO - Return code: 0
17:00:29     INFO - Installing functools32==3.2.3-2 into virtualenv /builds/slave/test/build/venv
17:00:29     INFO - retry: Calling run_command with args: [['/builds/slave/test/build/venv/bin/pip', 'install', '--timeout', '120', '--no-index', '--find-links', 'http://pypi.pvt.build.mozilla.org/pub', '--find-links', 'http://pypi.pub.build.mozilla.org/pub', '--trusted-host', 'pypi.pub.build.mozilla.org', '--trusted-host', 'pypi.pvt.build.mozilla.org', 'functools32==3.2.3-2']], kwargs: {'error_level': 'warning', 'error_list': [{'substr': 'not found or a compiler error:', 'level': 'warning'}, {'regex': <_sre.SRE_Pattern object at 0xb72995e0>, 'level': 'error'}, {'regex': <_sre.SRE_Pattern object at 0xb7274e30>, 'level': 'warning'}, {'regex': <_sre.SRE_Pattern object at 0xa4000f0>, 'level': 'debug'}, {'substr': 'command not found', 'level': 'error'}, {'regex': <_sre.SRE_Pattern object at 0xa3f4f38>, 'level': 'warning'}, {'substr': 'Traceback (most recent call last)', 'level': 'error'}, {'substr': 'SyntaxError: ', 'level': 'error'}, {'substr': 'TypeError: ', 'level': 'error'}, {'substr': 'NameError: ', 'level': 'error'}, {'substr': 'ZeroDivisionError: ', 'level': 'error'}, {'regex': <_sre.SRE_Pattern object at 0xa3f48c8>, 'level': 'critical'}, {'regex': <_sre.SRE_Pattern object at 0xa3f7270>, 'level': 'critical'}], 'cwd': '/builds/slave/test/build', 'env': {'TMOUT': '86400', 'LOGNAME': 'cltbld', 'USER': 'cltbld', 'HOME': '/home/cltbld', 'PATH': '/usr/local/bin:/usr/local/bin:/usr/bin:/bin:/usr/local/games:/usr/games', 'DISPLAY': ':0', 'CCACHE_UMASK': '002', 'LANG': 'en_US.UTF-8', 'TERM': 'linux', 'SHELL': '/bin/bash', 'MOZ_NODE_PATH': '/usr/bin/node', 'XDG_SESSION_COOKIE': '5a152710dd62cc268aad214e000002d8-1528588652.478745-1780109949', 'SHLVL': '1', 'NO_FAIL_ON_TEST_ERRORS': '1', 'MOZ_NO_REMOTE': '1', 'MOZ_HIDE_RESULTS_TABLE': '1', 'MAIL': '/var/mail/cltbld', '_': '/tools/buildbot/bin/python', 'NODE_PATH': '/usr/lib/nodejs:/usr/lib/node_modules:/usr/share/javascript', 'PWD': '/builds/slave/test', 'PROPERTIES_FILE': '/builds/slave/test/buildprops.json', 'CCACHE_DIR': '/builds/ccache'}}, attempt #1
17:00:29     INFO - Running command: ['/builds/slave/test/build/venv/bin/pip', 'install', '--timeout', '120', '--no-index', '--find-links', 'http://pypi.pvt.build.mozilla.org/pub', '--find-links', 'http://pypi.pub.build.mozilla.org/pub', '--trusted-host', 'pypi.pub.build.mozilla.org', '--trusted-host', 'pypi.pvt.build.mozilla.org', 'functools32==3.2.3-2'] in /builds/slave/test/build
17:00:29     INFO - Copy/paste: /builds/slave/test/build/venv/bin/pip install --timeout 120 --no-index --find-links http://pypi.pvt.build.mozilla.org/pub --find-links http://pypi.pub.build.mozilla.org/pub --trusted-host pypi.pub.build.mozilla.org --trusted-host pypi.pvt.build.mozilla.org functools32==3.2.3-2
17:00:29     INFO - Using env: {'CCACHE_DIR': '/builds/ccache',
17:00:29     INFO -  'CCACHE_UMASK': '002',
17:00:29     INFO -  'DISPLAY': ':0',
17:00:29     INFO -  'HOME': '/home/cltbld',
17:00:29     INFO -  'LANG': 'en_US.UTF-8',
17:00:29     INFO -  'LOGNAME': 'cltbld',
17:00:29     INFO -  'MAIL': '/var/mail/cltbld',
17:00:29     INFO -  'MOZ_HIDE_RESULTS_TABLE': '1',
17:00:29     INFO -  'MOZ_NODE_PATH': '/usr/bin/node',
17:00:29     INFO -  'MOZ_NO_REMOTE': '1',
17:00:29     INFO -  'NODE_PATH': '/usr/lib/nodejs:/usr/lib/node_modules:/usr/share/javascript',
17:00:29     INFO -  'NO_FAIL_ON_TEST_ERRORS': '1',
17:00:29     INFO -  'PATH': '/usr/local/bin:/usr/local/bin:/usr/bin:/bin:/usr/local/games:/usr/games',
17:00:29     INFO -  'PROPERTIES_FILE': '/builds/slave/test/buildprops.json',
17:00:29     INFO -  'PWD': '/builds/slave/test',
17:00:29     INFO -  'SHELL': '/bin/bash',
17:00:29     INFO -  'SHLVL': '1',
17:00:29     INFO -  'TERM': 'linux',
17:00:29     INFO -  'TMOUT': '86400',
17:00:29     INFO -  'USER': 'cltbld',
17:00:29     INFO -  'XDG_SESSION_COOKIE': '5a152710dd62cc268aad214e000002d8-1528588652.478745-1780109949',
17:00:29     INFO -  '_': '/tools/buildbot/bin/python'}
17:00:31     INFO -  Ignoring indexes: https://pypi.python.org/simple
17:00:31     INFO -  Requirement already satisfied (use --upgrade to upgrade): functools32==3.2.3-2 in ./venv/lib/python2.7/site-packages
17:00:31     INFO - Return code: 0
17:00:31     INFO - Installing blobuploader==1.2.4 into virtualenv /builds/slave/test/build/venv
17:00:31     INFO - retry: Calling run_command with args: [['/builds/slave/test/build/venv/bin/pip', 'install', '--timeout', '120', '--no-index', '--find-links', 'http://pypi.pvt.build.mozilla.org/pub', '--find-links', 'http://pypi.pub.build.mozilla.org/pub', '--trusted-host', 'pypi.pub.build.mozilla.org', '--trusted-host', 'pypi.pvt.build.mozilla.org', 'blobuploader==1.2.4']], kwargs: {'error_level': 'warning', 'error_list': [{'substr': 'not found or a compiler error:', 'level': 'warning'}, {'regex': <_sre.SRE_Pattern object at 0xb72995e0>, 'level': 'error'}, {'regex': <_sre.SRE_Pattern object at 0xb7274e30>, 'level': 'warning'}, {'regex': <_sre.SRE_Pattern object at 0xa4000f0>, 'level': 'debug'}, {'substr': 'command not found', 'level': 'error'}, {'regex': <_sre.SRE_Pattern object at 0xa3f4f38>, 'level': 'warning'}, {'substr': 'Traceback (most recent call last)', 'level': 'error'}, {'substr': 'SyntaxError: ', 'level': 'error'}, {'substr': 'TypeError: ', 'level': 'error'}, {'substr': 'NameError: ', 'level': 'error'}, {'substr': 'ZeroDivisionError: ', 'level': 'error'}, {'regex': <_sre.SRE_Pattern object at 0xa3f48c8>, 'level': 'critical'}, {'regex': <_sre.SRE_Pattern object at 0xa3f7270>, 'level': 'critical'}], 'cwd': '/builds/slave/test/build', 'env': {'TMOUT': '86400', 'LOGNAME': 'cltbld', 'USER': 'cltbld', 'HOME': '/home/cltbld', 'PATH': '/usr/local/bin:/usr/local/bin:/usr/bin:/bin:/usr/local/games:/usr/games', 'DISPLAY': ':0', 'CCACHE_UMASK': '002', 'LANG': 'en_US.UTF-8', 'TERM': 'linux', 'SHELL': '/bin/bash', 'MOZ_NODE_PATH': '/usr/bin/node', 'XDG_SESSION_COOKIE': '5a152710dd62cc268aad214e000002d8-1528588652.478745-1780109949', 'SHLVL': '1', 'NO_FAIL_ON_TEST_ERRORS': '1', 'MOZ_NO_REMOTE': '1', 'MOZ_HIDE_RESULTS_TABLE': '1', 'MAIL': '/var/mail/cltbld', '_': '/tools/buildbot/bin/python', 'NODE_PATH': '/usr/lib/nodejs:/usr/lib/node_modules:/usr/share/javascript', 'PWD': '/builds/slave/test', 'PROPERTIES_FILE': '/builds/slave/test/buildprops.json', 'CCACHE_DIR': '/builds/ccache'}}, attempt #1
17:00:31     INFO - Running command: ['/builds/slave/test/build/venv/bin/pip', 'install', '--timeout', '120', '--no-index', '--find-links', 'http://pypi.pvt.build.mozilla.org/pub', '--find-links', 'http://pypi.pub.build.mozilla.org/pub', '--trusted-host', 'pypi.pub.build.mozilla.org', '--trusted-host', 'pypi.pvt.build.mozilla.org', 'blobuploader==1.2.4'] in /builds/slave/test/build
17:00:31     INFO - Copy/paste: /builds/slave/test/build/venv/bin/pip install --timeout 120 --no-index --find-links http://pypi.pvt.build.mozilla.org/pub --find-links http://pypi.pub.build.mozilla.org/pub --trusted-host pypi.pub.build.mozilla.org --trusted-host pypi.pvt.build.mozilla.org blobuploader==1.2.4
17:00:31     INFO - Using env: {'CCACHE_DIR': '/builds/ccache',
17:00:31     INFO -  'CCACHE_UMASK': '002',
17:00:31     INFO -  'DISPLAY': ':0',
17:00:31     INFO -  'HOME': '/home/cltbld',
17:00:31     INFO -  'LANG': 'en_US.UTF-8',
17:00:31     INFO -  'LOGNAME': 'cltbld',
17:00:31     INFO -  'MAIL': '/var/mail/cltbld',
17:00:31     INFO -  'MOZ_HIDE_RESULTS_TABLE': '1',
17:00:31     INFO -  'MOZ_NODE_PATH': '/usr/bin/node',
17:00:31     INFO -  'MOZ_NO_REMOTE': '1',
17:00:31     INFO -  'NODE_PATH': '/usr/lib/nodejs:/usr/lib/node_modules:/usr/share/javascript',
17:00:31     INFO -  'NO_FAIL_ON_TEST_ERRORS': '1',
17:00:31     INFO -  'PATH': '/usr/local/bin:/usr/local/bin:/usr/bin:/bin:/usr/local/games:/usr/games',
17:00:31     INFO -  'PROPERTIES_FILE': '/builds/slave/test/buildprops.json',
17:00:31     INFO -  'PWD': '/builds/slave/test',
17:00:31     INFO -  'SHELL': '/bin/bash',
17:00:31     INFO -  'SHLVL': '1',
17:00:31     INFO -  'TERM': 'linux',
17:00:31     INFO -  'TMOUT': '86400',
17:00:31     INFO -  'USER': 'cltbld',
17:00:31     INFO -  'XDG_SESSION_COOKIE': '5a152710dd62cc268aad214e000002d8-1528588652.478745-1780109949',
17:00:31     INFO -  '_': '/tools/buildbot/bin/python'}
17:00:32     INFO -  Ignoring indexes: https://pypi.python.org/simple
17:00:32     INFO -  Collecting blobuploader==1.2.4
17:00:32     INFO -  /builds/slave/test/build/venv/lib/python2.7/site-packages/pip/_vendor/requests/packages/urllib3/util/ssl_.py:318: SNIMissingWarning: An HTTPS request has been made, but the SNI (Subject Name Indication) extension to TLS is not available on this platform. This may cause the server to present an incorrect TLS certificate, which can cause validation failures. You can upgrade to a newer version of Python to solve this. For more information, see https://urllib3.readthedocs.org/en/latest/security.html#snimissingwarning.
17:00:32     INFO -    SNIMissingWarning
17:00:32     INFO -  /builds/slave/test/build/venv/lib/python2.7/site-packages/pip/_vendor/requests/packages/urllib3/util/ssl_.py:122: InsecurePlatformWarning: A true SSLContext object is not available. This prevents urllib3 from configuring SSL appropriately and may cause certain SSL connections to fail. You can upgrade to a newer version of Python to solve this. For more information, see https://urllib3.readthedocs.org/en/latest/security.html#insecureplatformwarning.
17:00:32     INFO -    InsecurePlatformWarning
17:00:34     INFO -  /builds/slave/test/build/venv/lib/python2.7/site-packages/pip/_vendor/requests/packages/urllib3/util/ssl_.py:122: InsecurePlatformWarning: A true SSLContext object is not available. This prevents urllib3 from configuring SSL appropriately and may cause certain SSL connections to fail. You can upgrade to a newer version of Python to solve this. For more information, see https://urllib3.readthedocs.org/en/latest/security.html#insecureplatformwarning.
17:00:34     INFO -    InsecurePlatformWarning
17:00:39     INFO -    Downloading https://pypi.pvt.build.mozilla.org/pub/blobuploader-1.2.4.tar.gz
17:00:40     INFO -  Collecting requests==1.2.3. (from blobuploader==1.2.4)
17:00:46     INFO -    Downloading https://pypi.pvt.build.mozilla.org/pub/requests-1.2.3.tar.gz (348kB)
17:00:48     INFO -  Collecting docopt==0.6.1 (from blobuploader==1.2.4)
17:00:54     INFO -    Downloading https://pypi.pvt.build.mozilla.org/pub/docopt-0.6.1.tar.gz
17:00:54     INFO -  Building wheels for collected packages: blobuploader, requests, docopt
17:00:54     INFO -    Running setup.py bdist_wheel for blobuploader: started
17:00:55     INFO -    Running setup.py bdist_wheel for blobuploader: finished with status 'done'
17:00:55     INFO -    Stored in directory: /home/cltbld/.cache/pip/wheels/a7/2a/47/2d3828e4129ffeb548a26f4a87889dc9bc1a58e201a0ff8655
17:00:55     INFO -    Running setup.py bdist_wheel for requests: started
17:00:57     INFO -    Running setup.py bdist_wheel for requests: finished with status 'done'
17:00:57     INFO -    Stored in directory: /home/cltbld/.cache/pip/wheels/65/bb/90/359b65a7043ffc879dde877c4ad827f452218808c6cccf2658
17:00:57     INFO -    Running setup.py bdist_wheel for docopt: started
17:00:58     INFO -    Running setup.py bdist_wheel for docopt: finished with status 'done'
17:00:58     INFO -    Stored in directory: /home/cltbld/.cache/pip/wheels/ac/8b/84/7dbe9ada02c48c352fa733c81648516f92c6436f9d5bffad41
17:00:58     INFO -  Successfully built blobuploader requests docopt
17:00:58     INFO -  Installing collected packages: requests, docopt, blobuploader
17:00:59     INFO -  Successfully installed blobuploader-1.2.4 docopt-0.6.1 requests-1.2.3
17:00:59     INFO - Return code: 0
17:00:59     INFO - Installing None into virtualenv /builds/slave/test/build/venv
17:01:00     INFO - retry: Calling run_command with args: [['/builds/slave/test/build/venv/bin/pip', 'install', '--no-deps', '--timeout', '120', '-r', '/builds/slave/test/build/tests/config/mozbase_requirements.txt', '--no-index', '--find-links', 'http://pypi.pvt.build.mozilla.org/pub', '--find-links', 'http://pypi.pub.build.mozilla.org/pub', '--trusted-host', 'pypi.pub.build.mozilla.org', '--trusted-host', 'pypi.pvt.build.mozilla.org']], kwargs: {'error_level': 'warning', 'error_list': [{'substr': 'not found or a compiler error:', 'level': 'warning'}, {'regex': <_sre.SRE_Pattern object at 0xb72995e0>, 'level': 'error'}, {'regex': <_sre.SRE_Pattern object at 0xb7274e30>, 'level': 'warning'}, {'regex': <_sre.SRE_Pattern object at 0xa4000f0>, 'level': 'debug'}, {'substr': 'command not found', 'level': 'error'}, {'regex': <_sre.SRE_Pattern object at 0xa3f4f38>, 'level': 'warning'}, {'substr': 'Traceback (most recent call last)', 'level': 'error'}, {'substr': 'SyntaxError: ', 'level': 'error'}, {'substr': 'TypeError: ', 'level': 'error'}, {'substr': 'NameError: ', 'level': 'error'}, {'substr': 'ZeroDivisionError: ', 'level': 'error'}, {'regex': <_sre.SRE_Pattern object at 0xa3f48c8>, 'level': 'critical'}, {'regex': <_sre.SRE_Pattern object at 0xa3f7270>, 'level': 'critical'}], 'cwd': '/builds/slave/test/build/tests/config', 'env': {'TMOUT': '86400', 'LOGNAME': 'cltbld', 'USER': 'cltbld', 'HOME': '/home/cltbld', 'PATH': '/usr/local/bin:/usr/local/bin:/usr/bin:/bin:/usr/local/games:/usr/games', 'DISPLAY': ':0', 'CCACHE_UMASK': '002', 'LANG': 'en_US.UTF-8', 'TERM': 'linux', 'SHELL': '/bin/bash', 'MOZ_NODE_PATH': '/usr/bin/node', 'XDG_SESSION_COOKIE': '5a152710dd62cc268aad214e000002d8-1528588652.478745-1780109949', 'SHLVL': '1', 'NO_FAIL_ON_TEST_ERRORS': '1', 'MOZ_NO_REMOTE': '1', 'MOZ_HIDE_RESULTS_TABLE': '1', 'MAIL': '/var/mail/cltbld', '_': '/tools/buildbot/bin/python', 'NODE_PATH': '/usr/lib/nodejs:/usr/lib/node_modules:/usr/share/javascript', 'PWD': '/builds/slave/test', 'PROPERTIES_FILE': '/builds/slave/test/buildprops.json', 'CCACHE_DIR': '/builds/ccache'}}, attempt #1
17:01:00     INFO - Running command: ['/builds/slave/test/build/venv/bin/pip', 'install', '--no-deps', '--timeout', '120', '-r', '/builds/slave/test/build/tests/config/mozbase_requirements.txt', '--no-index', '--find-links', 'http://pypi.pvt.build.mozilla.org/pub', '--find-links', 'http://pypi.pub.build.mozilla.org/pub', '--trusted-host', 'pypi.pub.build.mozilla.org', '--trusted-host', 'pypi.pvt.build.mozilla.org'] in /builds/slave/test/build/tests/config
17:01:00     INFO - Copy/paste: /builds/slave/test/build/venv/bin/pip install --no-deps --timeout 120 -r /builds/slave/test/build/tests/config/mozbase_requirements.txt --no-index --find-links http://pypi.pvt.build.mozilla.org/pub --find-links http://pypi.pub.build.mozilla.org/pub --trusted-host pypi.pub.build.mozilla.org --trusted-host pypi.pvt.build.mozilla.org
17:01:00     INFO - Using env: {'CCACHE_DIR': '/builds/ccache',
17:01:00     INFO -  'CCACHE_UMASK': '002',
17:01:00     INFO -  'DISPLAY': ':0',
17:01:00     INFO -  'HOME': '/home/cltbld',
17:01:00     INFO -  'LANG': 'en_US.UTF-8',
17:01:00     INFO -  'LOGNAME': 'cltbld',
17:01:00     INFO -  'MAIL': '/var/mail/cltbld',
17:01:00     INFO -  'MOZ_HIDE_RESULTS_TABLE': '1',
17:01:00     INFO -  'MOZ_NODE_PATH': '/usr/bin/node',
17:01:00     INFO -  'MOZ_NO_REMOTE': '1',
17:01:00     INFO -  'NODE_PATH': '/usr/lib/nodejs:/usr/lib/node_modules:/usr/share/javascript',
17:01:00     INFO -  'NO_FAIL_ON_TEST_ERRORS': '1',
17:01:00     INFO -  'PATH': '/usr/local/bin:/usr/local/bin:/usr/bin:/bin:/usr/local/games:/usr/games',
17:01:00     INFO -  'PROPERTIES_FILE': '/builds/slave/test/buildprops.json',
17:01:00     INFO -  'PWD': '/builds/slave/test',
17:01:00     INFO -  'SHELL': '/bin/bash',
17:01:00     INFO -  'SHLVL': '1',
17:01:00     INFO -  'TERM': 'linux',
17:01:00     INFO -  'TMOUT': '86400',
17:01:00     INFO -  'USER': 'cltbld',
17:01:00     INFO -  'XDG_SESSION_COOKIE': '5a152710dd62cc268aad214e000002d8-1528588652.478745-1780109949',
17:01:00     INFO -  '_': '/tools/buildbot/bin/python'}
17:01:01     INFO -  Ignoring indexes: https://pypi.python.org/simple
17:01:01     INFO -  Processing /builds/slave/test/build/tests/mozbase/manifestparser
17:01:02     INFO -  Processing /builds/slave/test/build/tests/mozbase/mozcrash
17:01:02     INFO -  Processing /builds/slave/test/build/tests/mozbase/mozdebug
17:01:03     INFO -  Processing /builds/slave/test/build/tests/mozbase/mozdevice
17:01:04     INFO -  Processing /builds/slave/test/build/tests/mozbase/mozfile
17:01:04     INFO -  Processing /builds/slave/test/build/tests/mozbase/mozhttpd
17:01:05     INFO -  Processing /builds/slave/test/build/tests/mozbase/mozinfo
17:01:05     INFO -  Processing /builds/slave/test/build/tests/mozbase/mozinstall
17:01:06     INFO -  Processing /builds/slave/test/build/tests/mozbase/mozleak
17:01:07     INFO -  Processing /builds/slave/test/build/tests/mozbase/mozlog
17:01:07     INFO -  Processing /builds/slave/test/build/tests/mozbase/moznetwork
17:01:08     INFO -  Processing /builds/slave/test/build/tests/mozbase/mozprocess
17:01:09     INFO -  Processing /builds/slave/test/build/tests/mozbase/mozprofile
17:01:09     INFO -  Processing /builds/slave/test/build/tests/mozbase/mozrunner
17:01:10     INFO -  Processing /builds/slave/test/build/tests/mozbase/mozscreenshot
17:01:11     INFO -  Processing /builds/slave/test/build/tests/mozbase/moztest
17:01:11     INFO -  Processing /builds/slave/test/build/tests/mozbase/mozversion
17:01:12     INFO -  Installing collected packages: manifestparser, mozcrash, mozdebug, mozdevice, mozfile, mozhttpd, mozinfo, mozInstall, mozleak, mozlog, moznetwork, mozprocess, mozprofile, mozrunner, mozscreenshot, moztest, mozversion
17:01:12     INFO -    Running setup.py install for manifestparser: started
17:01:13     INFO -      Running setup.py install for manifestparser: finished with status 'done'
17:01:13     INFO -    Running setup.py install for mozcrash: started
17:01:14     INFO -      Running setup.py install for mozcrash: finished with status 'done'
17:01:14     INFO -    Running setup.py install for mozdebug: started
17:01:14     INFO -      Running setup.py install for mozdebug: finished with status 'done'
17:01:14     INFO -    Running setup.py install for mozdevice: started
17:01:15     INFO -      Running setup.py install for mozdevice: finished with status 'done'
17:01:15     INFO -    Running setup.py install for mozfile: started
17:01:16     INFO -      Running setup.py install for mozfile: finished with status 'done'
17:01:16     INFO -    Running setup.py install for mozhttpd: started
17:01:17     INFO -      Running setup.py install for mozhttpd: finished with status 'done'
17:01:17     INFO -    Running setup.py install for mozinfo: started
17:01:18     INFO -      Running setup.py install for mozinfo: finished with status 'done'
17:01:18     INFO -    Running setup.py install for mozInstall: started
17:01:18     INFO -      Running setup.py install for mozInstall: finished with status 'done'
17:01:18     INFO -    Running setup.py install for mozleak: started
17:01:19     INFO -      Running setup.py install for mozleak: finished with status 'done'
17:01:19     INFO -    Running setup.py install for mozlog: started
17:01:20     INFO -      Running setup.py install for mozlog: finished with status 'done'
17:01:20     INFO -    Running setup.py install for moznetwork: started
17:01:21     INFO -      Running setup.py install for moznetwork: finished with status 'done'
17:01:21     INFO -    Running setup.py install for mozprocess: started
17:01:22     INFO -      Running setup.py install for mozprocess: finished with status 'done'
17:01:22     INFO -    Running setup.py install for mozprofile: started
17:01:23     INFO -      Running setup.py install for mozprofile: finished with status 'done'
17:01:23     INFO -    Running setup.py install for mozrunner: started
17:01:24     INFO -      Running setup.py install for mozrunner: finished with status 'done'
17:01:24     INFO -    Running setup.py install for mozscreenshot: started
17:01:25     INFO -      Running setup.py install for mozscreenshot: finished with status 'done'
17:01:25     INFO -    Running setup.py install for moztest: started
17:01:26     INFO -      Running setup.py install for moztest: finished with status 'done'
17:01:26     INFO -    Running setup.py install for mozversion: started
17:01:26     INFO -      Running setup.py install for mozversion: finished with status 'done'
17:01:27     INFO -  Successfully installed manifestparser-1.1 mozInstall-1.12 mozcrash-1.0 mozdebug-0.1 mozdevice-0.48 mozfile-1.2 mozhttpd-0.7 mozinfo-0.9 mozleak-0.1 mozlog-3.4 moznetwork-0.27 mozprocess-0.23 mozprofile-0.28 mozrunner-6.13 mozscreenshot-0.1 moztest-0.8 mozversion-1.4
17:01:27     INFO - Return code: 0
17:01:27     INFO - Installing None into virtualenv /builds/slave/test/build/venv
17:01:28     INFO - retry: Calling run_command with args: [['/builds/slave/test/build/venv/bin/pip', 'install', '--timeout', '120', '-r', '/builds/slave/test/build/tests/config/mozbase_requirements.txt', '--no-index', '--find-links', 'http://pypi.pvt.build.mozilla.org/pub', '--find-links', 'http://pypi.pub.build.mozilla.org/pub', '--trusted-host', 'pypi.pub.build.mozilla.org', '--trusted-host', 'pypi.pvt.build.mozilla.org']], kwargs: {'error_level': 'warning', 'error_list': [{'substr': 'not found or a compiler error:', 'level': 'warning'}, {'regex': <_sre.SRE_Pattern object at 0xb72995e0>, 'level': 'error'}, {'regex': <_sre.SRE_Pattern object at 0xb7274e30>, 'level': 'warning'}, {'regex': <_sre.SRE_Pattern object at 0xa4000f0>, 'level': 'debug'}, {'substr': 'command not found', 'level': 'error'}, {'regex': <_sre.SRE_Pattern object at 0xa3f4f38>, 'level': 'warning'}, {'substr': 'Traceback (most recent call last)', 'level': 'error'}, {'substr': 'SyntaxError: ', 'level': 'error'}, {'substr': 'TypeError: ', 'level': 'error'}, {'substr': 'NameError: ', 'level': 'error'}, {'substr': 'ZeroDivisionError: ', 'level': 'error'}, {'regex': <_sre.SRE_Pattern object at 0xa3f48c8>, 'level': 'critical'}, {'regex': <_sre.SRE_Pattern object at 0xa3f7270>, 'level': 'critical'}], 'cwd': '/builds/slave/test/build/tests/config', 'env': {'TMOUT': '86400', 'LOGNAME': 'cltbld', 'USER': 'cltbld', 'HOME': '/home/cltbld', 'PATH': '/usr/local/bin:/usr/local/bin:/usr/bin:/bin:/usr/local/games:/usr/games', 'DISPLAY': ':0', 'CCACHE_UMASK': '002', 'LANG': 'en_US.UTF-8', 'TERM': 'linux', 'SHELL': '/bin/bash', 'MOZ_NODE_PATH': '/usr/bin/node', 'XDG_SESSION_COOKIE': '5a152710dd62cc268aad214e000002d8-1528588652.478745-1780109949', 'SHLVL': '1', 'NO_FAIL_ON_TEST_ERRORS': '1', 'MOZ_NO_REMOTE': '1', 'MOZ_HIDE_RESULTS_TABLE': '1', 'MAIL': '/var/mail/cltbld', '_': '/tools/buildbot/bin/python', 'NODE_PATH': '/usr/lib/nodejs:/usr/lib/node_modules:/usr/share/javascript', 'PWD': '/builds/slave/test', 'PROPERTIES_FILE': '/builds/slave/test/buildprops.json', 'CCACHE_DIR': '/builds/ccache'}}, attempt #1
17:01:28     INFO - Running command: ['/builds/slave/test/build/venv/bin/pip', 'install', '--timeout', '120', '-r', '/builds/slave/test/build/tests/config/mozbase_requirements.txt', '--no-index', '--find-links', 'http://pypi.pvt.build.mozilla.org/pub', '--find-links', 'http://pypi.pub.build.mozilla.org/pub', '--trusted-host', 'pypi.pub.build.mozilla.org', '--trusted-host', 'pypi.pvt.build.mozilla.org'] in /builds/slave/test/build/tests/config
17:01:28     INFO - Copy/paste: /builds/slave/test/build/venv/bin/pip install --timeout 120 -r /builds/slave/test/build/tests/config/mozbase_requirements.txt --no-index --find-links http://pypi.pvt.build.mozilla.org/pub --find-links http://pypi.pub.build.mozilla.org/pub --trusted-host pypi.pub.build.mozilla.org --trusted-host pypi.pvt.build.mozilla.org
17:01:28     INFO - Using env: {'CCACHE_DIR': '/builds/ccache',
17:01:28     INFO -  'CCACHE_UMASK': '002',
17:01:28     INFO -  'DISPLAY': ':0',
17:01:28     INFO -  'HOME': '/home/cltbld',
17:01:28     INFO -  'LANG': 'en_US.UTF-8',
17:01:28     INFO -  'LOGNAME': 'cltbld',
17:01:28     INFO -  'MAIL': '/var/mail/cltbld',
17:01:28     INFO -  'MOZ_HIDE_RESULTS_TABLE': '1',
17:01:28     INFO -  'MOZ_NODE_PATH': '/usr/bin/node',
17:01:28     INFO -  'MOZ_NO_REMOTE': '1',
17:01:28     INFO -  'NODE_PATH': '/usr/lib/nodejs:/usr/lib/node_modules:/usr/share/javascript',
17:01:28     INFO -  'NO_FAIL_ON_TEST_ERRORS': '1',
17:01:28     INFO -  'PATH': '/usr/local/bin:/usr/local/bin:/usr/bin:/bin:/usr/local/games:/usr/games',
17:01:28     INFO -  'PROPERTIES_FILE': '/builds/slave/test/buildprops.json',
17:01:28     INFO -  'PWD': '/builds/slave/test',
17:01:28     INFO -  'SHELL': '/bin/bash',
17:01:28     INFO -  'SHLVL': '1',
17:01:28     INFO -  'TERM': 'linux',
17:01:28     INFO -  'TMOUT': '86400',
17:01:28     INFO -  'USER': 'cltbld',
17:01:28     INFO -  'XDG_SESSION_COOKIE': '5a152710dd62cc268aad214e000002d8-1528588652.478745-1780109949',
17:01:28     INFO -  '_': '/tools/buildbot/bin/python'}
17:01:29     INFO -  Ignoring indexes: https://pypi.python.org/simple
17:01:29     INFO -  Processing /builds/slave/test/build/tests/mozbase/manifestparser
17:01:30     INFO -    Requirement already satisfied (use --upgrade to upgrade): manifestparser==1.1 from file:///builds/slave/test/build/tests/mozbase/manifestparser in /builds/slave/test/build/venv/lib/python2.7/site-packages (from -r /builds/slave/test/build/tests/config/mozbase_requirements.txt (line 1))
17:01:30     INFO -  Processing /builds/slave/test/build/tests/mozbase/mozcrash
17:01:30     INFO -    Requirement already satisfied (use --upgrade to upgrade): mozcrash==1.0 from file:///builds/slave/test/build/tests/mozbase/mozcrash in /builds/slave/test/build/venv/lib/python2.7/site-packages (from -r /builds/slave/test/build/tests/config/mozbase_requirements.txt (line 2))
17:01:30     INFO -  Processing /builds/slave/test/build/tests/mozbase/mozdebug
17:01:31     INFO -    Requirement already satisfied (use --upgrade to upgrade): mozdebug==0.1 from file:///builds/slave/test/build/tests/mozbase/mozdebug in /builds/slave/test/build/venv/lib/python2.7/site-packages (from -r /builds/slave/test/build/tests/config/mozbase_requirements.txt (line 3))
17:01:31     INFO -  Processing /builds/slave/test/build/tests/mozbase/mozdevice
17:01:32     INFO -    Requirement already satisfied (use --upgrade to upgrade): mozdevice==0.48 from file:///builds/slave/test/build/tests/mozbase/mozdevice in /builds/slave/test/build/venv/lib/python2.7/site-packages (from -r /builds/slave/test/build/tests/config/mozbase_requirements.txt (line 4))
17:01:32     INFO -  Processing /builds/slave/test/build/tests/mozbase/mozfile
17:01:32     INFO -    Requirement already satisfied (use --upgrade to upgrade): mozfile==1.2 from file:///builds/slave/test/build/tests/mozbase/mozfile in /builds/slave/test/build/venv/lib/python2.7/site-packages (from -r /builds/slave/test/build/tests/config/mozbase_requirements.txt (line 5))
17:01:32     INFO -  Processing /builds/slave/test/build/tests/mozbase/mozhttpd
17:01:33     INFO -    Requirement already satisfied (use --upgrade to upgrade): mozhttpd==0.7 from file:///builds/slave/test/build/tests/mozbase/mozhttpd in /builds/slave/test/build/venv/lib/python2.7/site-packages (from -r /builds/slave/test/build/tests/config/mozbase_requirements.txt (line 6))
17:01:33     INFO -  Processing /builds/slave/test/build/tests/mozbase/mozinfo
17:01:34     INFO -    Requirement already satisfied (use --upgrade to upgrade): mozinfo==0.9 from file:///builds/slave/test/build/tests/mozbase/mozinfo in /builds/slave/test/build/venv/lib/python2.7/site-packages (from -r /builds/slave/test/build/tests/config/mozbase_requirements.txt (line 7))
17:01:34     INFO -  Processing /builds/slave/test/build/tests/mozbase/mozinstall
17:01:34     INFO -    Requirement already satisfied (use --upgrade to upgrade): mozInstall==1.12 from file:///builds/slave/test/build/tests/mozbase/mozinstall in /builds/slave/test/build/venv/lib/python2.7/site-packages (from -r /builds/slave/test/build/tests/config/mozbase_requirements.txt (line 8))
17:01:34     INFO -  Processing /builds/slave/test/build/tests/mozbase/mozleak
17:01:35     INFO -    Requirement already satisfied (use --upgrade to upgrade): mozleak==0.1 from file:///builds/slave/test/build/tests/mozbase/mozleak in /builds/slave/test/build/venv/lib/python2.7/site-packages (from -r /builds/slave/test/build/tests/config/mozbase_requirements.txt (line 9))
17:01:35     INFO -  Processing /builds/slave/test/build/tests/mozbase/mozlog
17:01:36     INFO -    Requirement already satisfied (use --upgrade to upgrade): mozlog==3.4 from file:///builds/slave/test/build/tests/mozbase/mozlog in /builds/slave/test/build/venv/lib/python2.7/site-packages (from -r /builds/slave/test/build/tests/config/mozbase_requirements.txt (line 10))
17:01:36     INFO -  Processing /builds/slave/test/build/tests/mozbase/moznetwork
17:01:36     INFO -    Requirement already satisfied (use --upgrade to upgrade): moznetwork==0.27 from file:///builds/slave/test/build/tests/mozbase/moznetwork in /builds/slave/test/build/venv/lib/python2.7/site-packages (from -r /builds/slave/test/build/tests/config/mozbase_requirements.txt (line 11))
17:01:36     INFO -  Processing /builds/slave/test/build/tests/mozbase/mozprocess
17:01:37     INFO -    Requirement already satisfied (use --upgrade to upgrade): mozprocess==0.23 from file:///builds/slave/test/build/tests/mozbase/mozprocess in /builds/slave/test/build/venv/lib/python2.7/site-packages (from -r /builds/slave/test/build/tests/config/mozbase_requirements.txt (line 12))
17:01:37     INFO -  Processing /builds/slave/test/build/tests/mozbase/mozprofile
17:01:38     INFO -    Requirement already satisfied (use --upgrade to upgrade): mozprofile==0.28 from file:///builds/slave/test/build/tests/mozbase/mozprofile in /builds/slave/test/build/venv/lib/python2.7/site-packages (from -r /builds/slave/test/build/tests/config/mozbase_requirements.txt (line 13))
17:01:38     INFO -  Processing /builds/slave/test/build/tests/mozbase/mozrunner
17:01:38     INFO -    Requirement already satisfied (use --upgrade to upgrade): mozrunner==6.13 from file:///builds/slave/test/build/tests/mozbase/mozrunner in /builds/slave/test/build/venv/lib/python2.7/site-packages (from -r /builds/slave/test/build/tests/config/mozbase_requirements.txt (line 14))
17:01:38     INFO -  Processing /builds/slave/test/build/tests/mozbase/mozscreenshot
17:01:39     INFO -    Requirement already satisfied (use --upgrade to upgrade): mozscreenshot==0.1 from file:///builds/slave/test/build/tests/mozbase/mozscreenshot in /builds/slave/test/build/venv/lib/python2.7/site-packages (from -r /builds/slave/test/build/tests/config/mozbase_requirements.txt (line 15))
17:01:39     INFO -  Processing /builds/slave/test/build/tests/mozbase/moztest
17:01:40     INFO -    Requirement already satisfied (use --upgrade to upgrade): moztest==0.8 from file:///builds/slave/test/build/tests/mozbase/moztest in /builds/slave/test/build/venv/lib/python2.7/site-packages (from -r /builds/slave/test/build/tests/config/mozbase_requirements.txt (line 16))
17:01:40     INFO -  Processing /builds/slave/test/build/tests/mozbase/mozversion
17:01:40     INFO -    Requirement already satisfied (use --upgrade to upgrade): mozversion==1.4 from file:///builds/slave/test/build/tests/mozbase/mozversion in /builds/slave/test/build/venv/lib/python2.7/site-packages (from -r /builds/slave/test/build/tests/config/mozbase_requirements.txt (line 17))
17:01:40     INFO -  Requirement already satisfied (use --upgrade to upgrade): mozfile>=1.0 in /builds/slave/test/build/venv/lib/python2.7/site-packages (from mozcrash==1.0->-r /builds/slave/test/build/tests/config/mozbase_requirements.txt (line 2))
17:01:40     INFO -  Requirement already satisfied (use --upgrade to upgrade): mozlog>=3.0 in /builds/slave/test/build/venv/lib/python2.7/site-packages (from mozcrash==1.0->-r /builds/slave/test/build/tests/config/mozbase_requirements.txt (line 2))
17:01:40     INFO -  Requirement already satisfied (use --upgrade to upgrade): mozinfo in /builds/slave/test/build/venv/lib/python2.7/site-packages (from mozdebug==0.1->-r /builds/slave/test/build/tests/config/mozbase_requirements.txt (line 3))
17:01:40     INFO -  Requirement already satisfied (use --upgrade to upgrade): moznetwork>=0.24 in /builds/slave/test/build/venv/lib/python2.7/site-packages (from mozdevice==0.48->-r /builds/slave/test/build/tests/config/mozbase_requirements.txt (line 4))
17:01:41     INFO -  Requirement already satisfied (use --upgrade to upgrade): mozprocess>=0.19 in /builds/slave/test/build/venv/lib/python2.7/site-packages (from mozdevice==0.48->-r /builds/slave/test/build/tests/config/mozbase_requirements.txt (line 4))
17:01:41     INFO -  Collecting blessings>=1.3 (from mozlog==3.4->-r /builds/slave/test/build/tests/config/mozbase_requirements.txt (line 10))
17:01:41     INFO -  /builds/slave/test/build/venv/lib/python2.7/site-packages/pip/_vendor/requests/packages/urllib3/util/ssl_.py:318: SNIMissingWarning: An HTTPS request has been made, but the SNI (Subject Name Indication) extension to TLS is not available on this platform. This may cause the server to present an incorrect TLS certificate, which can cause validation failures. You can upgrade to a newer version of Python to solve this. For more information, see https://urllib3.readthedocs.org/en/latest/security.html#snimissingwarning.
17:01:41     INFO -    SNIMissingWarning
17:01:41     INFO -  /builds/slave/test/build/venv/lib/python2.7/site-packages/pip/_vendor/requests/packages/urllib3/util/ssl_.py:122: InsecurePlatformWarning: A true SSLContext object is not available. This prevents urllib3 from configuring SSL appropriately and may cause certain SSL connections to fail. You can upgrade to a newer version of Python to solve this. For more information, see https://urllib3.readthedocs.org/en/latest/security.html#insecureplatformwarning.
17:01:41     INFO -    InsecurePlatformWarning
17:01:43     INFO -  /builds/slave/test/build/venv/lib/python2.7/site-packages/pip/_vendor/requests/packages/urllib3/util/ssl_.py:122: InsecurePlatformWarning: A true SSLContext object is not available. This prevents urllib3 from configuring SSL appropriately and may cause certain SSL connections to fail. You can upgrade to a newer version of Python to solve this. For more information, see https://urllib3.readthedocs.org/en/latest/security.html#insecureplatformwarning.
17:01:43     INFO -    InsecurePlatformWarning
17:01:48     INFO -    Downloading https://pypi.pvt.build.mozilla.org/pub/blessings-1.6.tar.gz
17:01:49     INFO -  Building wheels for collected packages: blessings
17:01:49     INFO -    Running setup.py bdist_wheel for blessings: started
17:01:49     INFO -    Running setup.py bdist_wheel for blessings: finished with status 'done'
17:01:49     INFO -    Stored in directory: /home/cltbld/.cache/pip/wheels/fb/37/ae/c6b15ed5da2ead5847df54c8319487050d4dcc950c9795eae9
17:01:49     INFO -  Successfully built blessings
17:01:49     INFO -  Installing collected packages: blessings
17:01:50     INFO -  Successfully installed blessings-1.6
17:01:50     INFO - Return code: 0
17:01:50     INFO - Installing pip>=1.5 into virtualenv /builds/slave/test/build/venv
17:01:50     INFO - retry: Calling run_command with args: [['/builds/slave/test/build/venv/bin/pip', 'install', '--timeout', '120', '--no-index', '--find-links', 'http://pypi.pvt.build.mozilla.org/pub', '--find-links', 'http://pypi.pub.build.mozilla.org/pub', '--trusted-host', 'pypi.pub.build.mozilla.org', '--trusted-host', 'pypi.pvt.build.mozilla.org', 'pip>=1.5']], kwargs: {'error_level': 'warning', 'error_list': [{'substr': 'not found or a compiler error:', 'level': 'warning'}, {'regex': <_sre.SRE_Pattern object at 0xb72995e0>, 'level': 'error'}, {'regex': <_sre.SRE_Pattern object at 0xb7274e30>, 'level': 'warning'}, {'regex': <_sre.SRE_Pattern object at 0xa4000f0>, 'level': 'debug'}, {'substr': 'command not found', 'level': 'error'}, {'regex': <_sre.SRE_Pattern object at 0xa3f4f38>, 'level': 'warning'}, {'substr': 'Traceback (most recent call last)', 'level': 'error'}, {'substr': 'SyntaxError: ', 'level': 'error'}, {'substr': 'TypeError: ', 'level': 'error'}, {'substr': 'NameError: ', 'level': 'error'}, {'substr': 'ZeroDivisionError: ', 'level': 'error'}, {'regex': <_sre.SRE_Pattern object at 0xa3f48c8>, 'level': 'critical'}, {'regex': <_sre.SRE_Pattern object at 0xa3f7270>, 'level': 'critical'}], 'cwd': '/builds/slave/test/build', 'env': {'TMOUT': '86400', 'LOGNAME': 'cltbld', 'USER': 'cltbld', 'HOME': '/home/cltbld', 'PATH': '/usr/local/bin:/usr/local/bin:/usr/bin:/bin:/usr/local/games:/usr/games', 'DISPLAY': ':0', 'CCACHE_UMASK': '002', 'LANG': 'en_US.UTF-8', 'TERM': 'linux', 'SHELL': '/bin/bash', 'MOZ_NODE_PATH': '/usr/bin/node', 'XDG_SESSION_COOKIE': '5a152710dd62cc268aad214e000002d8-1528588652.478745-1780109949', 'SHLVL': '1', 'NO_FAIL_ON_TEST_ERRORS': '1', 'MOZ_NO_REMOTE': '1', 'MOZ_HIDE_RESULTS_TABLE': '1', 'MAIL': '/var/mail/cltbld', '_': '/tools/buildbot/bin/python', 'NODE_PATH': '/usr/lib/nodejs:/usr/lib/node_modules:/usr/share/javascript', 'PWD': '/builds/slave/test', 'PROPERTIES_FILE': '/builds/slave/test/buildprops.json', 'CCACHE_DIR': '/builds/ccache'}}, attempt #1
17:01:50     INFO - Running command: ['/builds/slave/test/build/venv/bin/pip', 'install', '--timeout', '120', '--no-index', '--find-links', 'http://pypi.pvt.build.mozilla.org/pub', '--find-links', 'http://pypi.pub.build.mozilla.org/pub', '--trusted-host', 'pypi.pub.build.mozilla.org', '--trusted-host', 'pypi.pvt.build.mozilla.org', 'pip>=1.5'] in /builds/slave/test/build
17:01:50     INFO - Copy/paste: /builds/slave/test/build/venv/bin/pip install --timeout 120 --no-index --find-links http://pypi.pvt.build.mozilla.org/pub --find-links http://pypi.pub.build.mozilla.org/pub --trusted-host pypi.pub.build.mozilla.org --trusted-host pypi.pvt.build.mozilla.org pip>=1.5
17:01:50     INFO - Using env: {'CCACHE_DIR': '/builds/ccache',
17:01:50     INFO -  'CCACHE_UMASK': '002',
17:01:50     INFO -  'DISPLAY': ':0',
17:01:50     INFO -  'HOME': '/home/cltbld',
17:01:50     INFO -  'LANG': 'en_US.UTF-8',
17:01:50     INFO -  'LOGNAME': 'cltbld',
17:01:50     INFO -  'MAIL': '/var/mail/cltbld',
17:01:50     INFO -  'MOZ_HIDE_RESULTS_TABLE': '1',
17:01:50     INFO -  'MOZ_NODE_PATH': '/usr/bin/node',
17:01:50     INFO -  'MOZ_NO_REMOTE': '1',
17:01:50     INFO -  'NODE_PATH': '/usr/lib/nodejs:/usr/lib/node_modules:/usr/share/javascript',
17:01:50     INFO -  'NO_FAIL_ON_TEST_ERRORS': '1',
17:01:50     INFO -  'PATH': '/usr/local/bin:/usr/local/bin:/usr/bin:/bin:/usr/local/games:/usr/games',
17:01:50     INFO -  'PROPERTIES_FILE': '/builds/slave/test/buildprops.json',
17:01:50     INFO -  'PWD': '/builds/slave/test',
17:01:50     INFO -  'SHELL': '/bin/bash',
17:01:50     INFO -  'SHLVL': '1',
17:01:50     INFO -  'TERM': 'linux',
17:01:50     INFO -  'TMOUT': '86400',
17:01:50     INFO -  'USER': 'cltbld',
17:01:50     INFO -  'XDG_SESSION_COOKIE': '5a152710dd62cc268aad214e000002d8-1528588652.478745-1780109949',
17:01:50     INFO -  '_': '/tools/buildbot/bin/python'}
17:01:51     INFO -  Ignoring indexes: https://pypi.python.org/simple
17:01:51     INFO -  Requirement already satisfied (use --upgrade to upgrade): pip>=1.5 in ./venv/lib/python2.7/site-packages
17:01:51     INFO - Return code: 0
17:01:51     INFO - Installing psutil==3.1.1 into virtualenv /builds/slave/test/build/venv
17:01:52     INFO - retry: Calling run_command with args: [['/builds/slave/test/build/venv/bin/pip', 'install', '--timeout', '120', '--no-index', '--find-links', 'http://pypi.pvt.build.mozilla.org/pub', '--find-links', 'http://pypi.pub.build.mozilla.org/pub', '--trusted-host', 'pypi.pub.build.mozilla.org', '--trusted-host', 'pypi.pvt.build.mozilla.org', 'psutil==3.1.1']], kwargs: {'error_level': 'warning', 'error_list': [{'substr': 'not found or a compiler error:', 'level': 'warning'}, {'regex': <_sre.SRE_Pattern object at 0xb72995e0>, 'level': 'error'}, {'regex': <_sre.SRE_Pattern object at 0xb7274e30>, 'level': 'warning'}, {'regex': <_sre.SRE_Pattern object at 0xa4000f0>, 'level': 'debug'}, {'substr': 'command not found', 'level': 'error'}, {'regex': <_sre.SRE_Pattern object at 0xa3f4f38>, 'level': 'warning'}, {'substr': 'Traceback (most recent call last)', 'level': 'error'}, {'substr': 'SyntaxError: ', 'level': 'error'}, {'substr': 'TypeError: ', 'level': 'error'}, {'substr': 'NameError: ', 'level': 'error'}, {'substr': 'ZeroDivisionError: ', 'level': 'error'}, {'regex': <_sre.SRE_Pattern object at 0xa3f48c8>, 'level': 'critical'}, {'regex': <_sre.SRE_Pattern object at 0xa3f7270>, 'level': 'critical'}], 'cwd': '/builds/slave/test/build', 'env': {'TMOUT': '86400', 'LOGNAME': 'cltbld', 'USER': 'cltbld', 'HOME': '/home/cltbld', 'PATH': '/usr/local/bin:/usr/local/bin:/usr/bin:/bin:/usr/local/games:/usr/games', 'DISPLAY': ':0', 'CCACHE_UMASK': '002', 'LANG': 'en_US.UTF-8', 'TERM': 'linux', 'SHELL': '/bin/bash', 'MOZ_NODE_PATH': '/usr/bin/node', 'XDG_SESSION_COOKIE': '5a152710dd62cc268aad214e000002d8-1528588652.478745-1780109949', 'SHLVL': '1', 'NO_FAIL_ON_TEST_ERRORS': '1', 'MOZ_NO_REMOTE': '1', 'MOZ_HIDE_RESULTS_TABLE': '1', 'MAIL': '/var/mail/cltbld', '_': '/tools/buildbot/bin/python', 'NODE_PATH': '/usr/lib/nodejs:/usr/lib/node_modules:/usr/share/javascript', 'PWD': '/builds/slave/test', 'PROPERTIES_FILE': '/builds/slave/test/buildprops.json', 'CCACHE_DIR': '/builds/ccache'}}, attempt #1
17:01:52     INFO - Running command: ['/builds/slave/test/build/venv/bin/pip', 'install', '--timeout', '120', '--no-index', '--find-links', 'http://pypi.pvt.build.mozilla.org/pub', '--find-links', 'http://pypi.pub.build.mozilla.org/pub', '--trusted-host', 'pypi.pub.build.mozilla.org', '--trusted-host', 'pypi.pvt.build.mozilla.org', 'psutil==3.1.1'] in /builds/slave/test/build
17:01:52     INFO - Copy/paste: /builds/slave/test/build/venv/bin/pip install --timeout 120 --no-index --find-links http://pypi.pvt.build.mozilla.org/pub --find-links http://pypi.pub.build.mozilla.org/pub --trusted-host pypi.pub.build.mozilla.org --trusted-host pypi.pvt.build.mozilla.org psutil==3.1.1
17:01:52     INFO - Using env: {'CCACHE_DIR': '/builds/ccache',
17:01:52     INFO -  'CCACHE_UMASK': '002',
17:01:52     INFO -  'DISPLAY': ':0',
17:01:52     INFO -  'HOME': '/home/cltbld',
17:01:52     INFO -  'LANG': 'en_US.UTF-8',
17:01:52     INFO -  'LOGNAME': 'cltbld',
17:01:52     INFO -  'MAIL': '/var/mail/cltbld',
17:01:52     INFO -  'MOZ_HIDE_RESULTS_TABLE': '1',
17:01:52     INFO -  'MOZ_NODE_PATH': '/usr/bin/node',
17:01:52     INFO -  'MOZ_NO_REMOTE': '1',
17:01:52     INFO -  'NODE_PATH': '/usr/lib/nodejs:/usr/lib/node_modules:/usr/share/javascript',
17:01:52     INFO -  'NO_FAIL_ON_TEST_ERRORS': '1',
17:01:52     INFO -  'PATH': '/usr/local/bin:/usr/local/bin:/usr/bin:/bin:/usr/local/games:/usr/games',
17:01:52     INFO -  'PROPERTIES_FILE': '/builds/slave/test/buildprops.json',
17:01:52     INFO -  'PWD': '/builds/slave/test',
17:01:52     INFO -  'SHELL': '/bin/bash',
17:01:52     INFO -  'SHLVL': '1',
17:01:52     INFO -  'TERM': 'linux',
17:01:52     INFO -  'TMOUT': '86400',
17:01:52     INFO -  'USER': 'cltbld',
17:01:52     INFO -  'XDG_SESSION_COOKIE': '5a152710dd62cc268aad214e000002d8-1528588652.478745-1780109949',
17:01:52     INFO -  '_': '/tools/buildbot/bin/python'}
17:01:53     INFO -  Ignoring indexes: https://pypi.python.org/simple
17:01:53     INFO -  Collecting psutil==3.1.1
17:01:53     INFO -  /builds/slave/test/build/venv/lib/python2.7/site-packages/pip/_vendor/requests/packages/urllib3/util/ssl_.py:318: SNIMissingWarning: An HTTPS request has been made, but the SNI (Subject Name Indication) extension to TLS is not available on this platform. This may cause the server to present an incorrect TLS certificate, which can cause validation failures. You can upgrade to a newer version of Python to solve this. For more information, see https://urllib3.readthedocs.org/en/latest/security.html#snimissingwarning.
17:01:53     INFO -    SNIMissingWarning
17:01:53     INFO -  /builds/slave/test/build/venv/lib/python2.7/site-packages/pip/_vendor/requests/packages/urllib3/util/ssl_.py:122: InsecurePlatformWarning: A true SSLContext object is not available. This prevents urllib3 from configuring SSL appropriately and may cause certain SSL connections to fail. You can upgrade to a newer version of Python to solve this. For more information, see https://urllib3.readthedocs.org/en/latest/security.html#insecureplatformwarning.
17:01:53     INFO -    InsecurePlatformWarning
17:01:55     INFO -  /builds/slave/test/build/venv/lib/python2.7/site-packages/pip/_vendor/requests/packages/urllib3/util/ssl_.py:122: InsecurePlatformWarning: A true SSLContext object is not available. This prevents urllib3 from configuring SSL appropriately and may cause certain SSL connections to fail. You can upgrade to a newer version of Python to solve this. For more information, see https://urllib3.readthedocs.org/en/latest/security.html#insecureplatformwarning.
17:01:55     INFO -    InsecurePlatformWarning
17:02:00     INFO -    Downloading https://pypi.pvt.build.mozilla.org/pub/psutil-3.1.1.tar.gz (247kB)
17:02:01     INFO -  Building wheels for collected packages: psutil
17:02:01     INFO -    Running setup.py bdist_wheel for psutil: started
17:02:04     INFO -    Running setup.py bdist_wheel for psutil: finished with status 'done'
17:02:04     INFO -    Stored in directory: /home/cltbld/.cache/pip/wheels/1e/e6/25/f0494673fc8d727828e74362e3beb4cbaf34d8be516156ba0c
17:02:04     INFO -  Successfully built psutil
17:02:04     INFO -  Installing collected packages: psutil
17:02:04     INFO -    Found existing installation: psutil 5.4.3
17:02:04     INFO -      Uninstalling psutil-5.4.3:
17:02:04     INFO -        Successfully uninstalled psutil-5.4.3
17:02:05     INFO -  Successfully installed psutil-3.1.1
17:02:05     INFO - Return code: 0
17:02:05     INFO - Installing mock into virtualenv /builds/slave/test/build/venv
17:02:05     INFO - retry: Calling run_command with args: [['/builds/slave/test/build/venv/bin/pip', 'install', '--timeout', '120', '--no-index', '--find-links', 'http://pypi.pvt.build.mozilla.org/pub', '--find-links', 'http://pypi.pub.build.mozilla.org/pub', '--trusted-host', 'pypi.pub.build.mozilla.org', '--trusted-host', 'pypi.pvt.build.mozilla.org', 'mock']], kwargs: {'error_level': 'warning', 'error_list': [{'substr': 'not found or a compiler error:', 'level': 'warning'}, {'regex': <_sre.SRE_Pattern object at 0xb72995e0>, 'level': 'error'}, {'regex': <_sre.SRE_Pattern object at 0xb7274e30>, 'level': 'warning'}, {'regex': <_sre.SRE_Pattern object at 0xa4000f0>, 'level': 'debug'}, {'substr': 'command not found', 'level': 'error'}, {'regex': <_sre.SRE_Pattern object at 0xa3f4f38>, 'level': 'warning'}, {'substr': 'Traceback (most recent call last)', 'level': 'error'}, {'substr': 'SyntaxError: ', 'level': 'error'}, {'substr': 'TypeError: ', 'level': 'error'}, {'substr': 'NameError: ', 'level': 'error'}, {'substr': 'ZeroDivisionError: ', 'level': 'error'}, {'regex': <_sre.SRE_Pattern object at 0xa3f48c8>, 'level': 'critical'}, {'regex': <_sre.SRE_Pattern object at 0xa3f7270>, 'level': 'critical'}], 'cwd': '/builds/slave/test/build', 'env': {'TMOUT': '86400', 'LOGNAME': 'cltbld', 'USER': 'cltbld', 'HOME': '/home/cltbld', 'PATH': '/usr/local/bin:/usr/local/bin:/usr/bin:/bin:/usr/local/games:/usr/games', 'DISPLAY': ':0', 'CCACHE_UMASK': '002', 'LANG': 'en_US.UTF-8', 'TERM': 'linux', 'SHELL': '/bin/bash', 'MOZ_NODE_PATH': '/usr/bin/node', 'XDG_SESSION_COOKIE': '5a152710dd62cc268aad214e000002d8-1528588652.478745-1780109949', 'SHLVL': '1', 'NO_FAIL_ON_TEST_ERRORS': '1', 'MOZ_NO_REMOTE': '1', 'MOZ_HIDE_RESULTS_TABLE': '1', 'MAIL': '/var/mail/cltbld', '_': '/tools/buildbot/bin/python', 'NODE_PATH': '/usr/lib/nodejs:/usr/lib/node_modules:/usr/share/javascript', 'PWD': '/builds/slave/test', 'PROPERTIES_FILE': '/builds/slave/test/buildprops.json', 'CCACHE_DIR': '/builds/ccache'}}, attempt #1
17:02:05     INFO - Running command: ['/builds/slave/test/build/venv/bin/pip', 'install', '--timeout', '120', '--no-index', '--find-links', 'http://pypi.pvt.build.mozilla.org/pub', '--find-links', 'http://pypi.pub.build.mozilla.org/pub', '--trusted-host', 'pypi.pub.build.mozilla.org', '--trusted-host', 'pypi.pvt.build.mozilla.org', 'mock'] in /builds/slave/test/build
17:02:05     INFO - Copy/paste: /builds/slave/test/build/venv/bin/pip install --timeout 120 --no-index --find-links http://pypi.pvt.build.mozilla.org/pub --find-links http://pypi.pub.build.mozilla.org/pub --trusted-host pypi.pub.build.mozilla.org --trusted-host pypi.pvt.build.mozilla.org mock
17:02:05     INFO - Using env: {'CCACHE_DIR': '/builds/ccache',
17:02:05     INFO -  'CCACHE_UMASK': '002',
17:02:05     INFO -  'DISPLAY': ':0',
17:02:05     INFO -  'HOME': '/home/cltbld',
17:02:05     INFO -  'LANG': 'en_US.UTF-8',
17:02:05     INFO -  'LOGNAME': 'cltbld',
17:02:05     INFO -  'MAIL': '/var/mail/cltbld',
17:02:05     INFO -  'MOZ_HIDE_RESULTS_TABLE': '1',
17:02:05     INFO -  'MOZ_NODE_PATH': '/usr/bin/node',
17:02:05     INFO -  'MOZ_NO_REMOTE': '1',
17:02:05     INFO -  'NODE_PATH': '/usr/lib/nodejs:/usr/lib/node_modules:/usr/share/javascript',
17:02:05     INFO -  'NO_FAIL_ON_TEST_ERRORS': '1',
17:02:05     INFO -  'PATH': '/usr/local/bin:/usr/local/bin:/usr/bin:/bin:/usr/local/games:/usr/games',
17:02:05     INFO -  'PROPERTIES_FILE': '/builds/slave/test/buildprops.json',
17:02:05     INFO -  'PWD': '/builds/slave/test',
17:02:05     INFO -  'SHELL': '/bin/bash',
17:02:05     INFO -  'SHLVL': '1',
17:02:05     INFO -  'TERM': 'linux',
17:02:05     INFO -  'TMOUT': '86400',
17:02:05     INFO -  'USER': 'cltbld',
17:02:05     INFO -  'XDG_SESSION_COOKIE': '5a152710dd62cc268aad214e000002d8-1528588652.478745-1780109949',
17:02:05     INFO -  '_': '/tools/buildbot/bin/python'}
17:02:06     INFO -  Ignoring indexes: https://pypi.python.org/simple
17:02:06     INFO -  Collecting mock
17:02:06     INFO -  /builds/slave/test/build/venv/lib/python2.7/site-packages/pip/_vendor/requests/packages/urllib3/util/ssl_.py:318: SNIMissingWarning: An HTTPS request has been made, but the SNI (Subject Name Indication) extension to TLS is not available on this platform. This may cause the server to present an incorrect TLS certificate, which can cause validation failures. You can upgrade to a newer version of Python to solve this. For more information, see https://urllib3.readthedocs.org/en/latest/security.html#snimissingwarning.
17:02:06     INFO -    SNIMissingWarning
17:02:06     INFO -  /builds/slave/test/build/venv/lib/python2.7/site-packages/pip/_vendor/requests/packages/urllib3/util/ssl_.py:122: InsecurePlatformWarning: A true SSLContext object is not available. This prevents urllib3 from configuring SSL appropriately and may cause certain SSL connections to fail. You can upgrade to a newer version of Python to solve this. For more information, see https://urllib3.readthedocs.org/en/latest/security.html#insecureplatformwarning.
17:02:06     INFO -    InsecurePlatformWarning
17:02:08     INFO -  /builds/slave/test/build/venv/lib/python2.7/site-packages/pip/_vendor/requests/packages/urllib3/util/ssl_.py:122: InsecurePlatformWarning: A true SSLContext object is not available. This prevents urllib3 from configuring SSL appropriately and may cause certain SSL connections to fail. You can upgrade to a newer version of Python to solve this. For more information, see https://urllib3.readthedocs.org/en/latest/security.html#insecureplatformwarning.
17:02:08     INFO -    InsecurePlatformWarning
17:02:13     INFO -    Downloading https://pypi.pvt.build.mozilla.org/pub/mock-1.0.1.tar.gz (818kB)
17:02:15     INFO -  Building wheels for collected packages: mock
17:02:15     INFO -    Running setup.py bdist_wheel for mock: started
17:02:16     INFO -    Running setup.py bdist_wheel for mock: finished with status 'done'
17:02:16     INFO -    Stored in directory: /home/cltbld/.cache/pip/wheels/42/d3/87/79283a2f50dfedbfad996edf7028483b27c5953e56856af7d0
17:02:16     INFO -  Successfully built mock
17:02:16     INFO -  Installing collected packages: mock
17:02:17     INFO -  Successfully installed mock-1.0.1
17:02:17     INFO - Return code: 0
17:02:17     INFO - Installing simplejson into virtualenv /builds/slave/test/build/venv
17:02:17     INFO - retry: Calling run_command with args: [['/builds/slave/test/build/venv/bin/pip', 'install', '--timeout', '120', '--no-index', '--find-links', 'http://pypi.pvt.build.mozilla.org/pub', '--find-links', 'http://pypi.pub.build.mozilla.org/pub', '--trusted-host', 'pypi.pub.build.mozilla.org', '--trusted-host', 'pypi.pvt.build.mozilla.org', 'simplejson']], kwargs: {'error_level': 'warning', 'error_list': [{'substr': 'not found or a compiler error:', 'level': 'warning'}, {'regex': <_sre.SRE_Pattern object at 0xb72995e0>, 'level': 'error'}, {'regex': <_sre.SRE_Pattern object at 0xb7274e30>, 'level': 'warning'}, {'regex': <_sre.SRE_Pattern object at 0xa4000f0>, 'level': 'debug'}, {'substr': 'command not found', 'level': 'error'}, {'regex': <_sre.SRE_Pattern object at 0xa3f4f38>, 'level': 'warning'}, {'substr': 'Traceback (most recent call last)', 'level': 'error'}, {'substr': 'SyntaxError: ', 'level': 'error'}, {'substr': 'TypeError: ', 'level': 'error'}, {'substr': 'NameError: ', 'level': 'error'}, {'substr': 'ZeroDivisionError: ', 'level': 'error'}, {'regex': <_sre.SRE_Pattern object at 0xa3f48c8>, 'level': 'critical'}, {'regex': <_sre.SRE_Pattern object at 0xa3f7270>, 'level': 'critical'}], 'cwd': '/builds/slave/test/build', 'env': {'TMOUT': '86400', 'LOGNAME': 'cltbld', 'USER': 'cltbld', 'HOME': '/home/cltbld', 'PATH': '/usr/local/bin:/usr/local/bin:/usr/bin:/bin:/usr/local/games:/usr/games', 'DISPLAY': ':0', 'CCACHE_UMASK': '002', 'LANG': 'en_US.UTF-8', 'TERM': 'linux', 'SHELL': '/bin/bash', 'MOZ_NODE_PATH': '/usr/bin/node', 'XDG_SESSION_COOKIE': '5a152710dd62cc268aad214e000002d8-1528588652.478745-1780109949', 'SHLVL': '1', 'NO_FAIL_ON_TEST_ERRORS': '1', 'MOZ_NO_REMOTE': '1', 'MOZ_HIDE_RESULTS_TABLE': '1', 'MAIL': '/var/mail/cltbld', '_': '/tools/buildbot/bin/python', 'NODE_PATH': '/usr/lib/nodejs:/usr/lib/node_modules:/usr/share/javascript', 'PWD': '/builds/slave/test', 'PROPERTIES_FILE': '/builds/slave/test/buildprops.json', 'CCACHE_DIR': '/builds/ccache'}}, attempt #1
17:02:17     INFO - Running command: ['/builds/slave/test/build/venv/bin/pip', 'install', '--timeout', '120', '--no-index', '--find-links', 'http://pypi.pvt.build.mozilla.org/pub', '--find-links', 'http://pypi.pub.build.mozilla.org/pub', '--trusted-host', 'pypi.pub.build.mozilla.org', '--trusted-host', 'pypi.pvt.build.mozilla.org', 'simplejson'] in /builds/slave/test/build
17:02:17     INFO - Copy/paste: /builds/slave/test/build/venv/bin/pip install --timeout 120 --no-index --find-links http://pypi.pvt.build.mozilla.org/pub --find-links http://pypi.pub.build.mozilla.org/pub --trusted-host pypi.pub.build.mozilla.org --trusted-host pypi.pvt.build.mozilla.org simplejson
17:02:17     INFO - Using env: {'CCACHE_DIR': '/builds/ccache',
17:02:17     INFO -  'CCACHE_UMASK': '002',
17:02:17     INFO -  'DISPLAY': ':0',
17:02:17     INFO -  'HOME': '/home/cltbld',
17:02:17     INFO -  'LANG': 'en_US.UTF-8',
17:02:17     INFO -  'LOGNAME': 'cltbld',
17:02:17     INFO -  'MAIL': '/var/mail/cltbld',
17:02:17     INFO -  'MOZ_HIDE_RESULTS_TABLE': '1',
17:02:17     INFO -  'MOZ_NODE_PATH': '/usr/bin/node',
17:02:17     INFO -  'MOZ_NO_REMOTE': '1',
17:02:17     INFO -  'NODE_PATH': '/usr/lib/nodejs:/usr/lib/node_modules:/usr/share/javascript',
17:02:17     INFO -  'NO_FAIL_ON_TEST_ERRORS': '1',
17:02:17     INFO -  'PATH': '/usr/local/bin:/usr/local/bin:/usr/bin:/bin:/usr/local/games:/usr/games',
17:02:17     INFO -  'PROPERTIES_FILE': '/builds/slave/test/buildprops.json',
17:02:17     INFO -  'PWD': '/builds/slave/test',
17:02:17     INFO -  'SHELL': '/bin/bash',
17:02:17     INFO -  'SHLVL': '1',
17:02:17     INFO -  'TERM': 'linux',
17:02:17     INFO -  'TMOUT': '86400',
17:02:17     INFO -  'USER': 'cltbld',
17:02:17     INFO -  'XDG_SESSION_COOKIE': '5a152710dd62cc268aad214e000002d8-1528588652.478745-1780109949',
17:02:17     INFO -  '_': '/tools/buildbot/bin/python'}
17:02:18     INFO -  Ignoring indexes: https://pypi.python.org/simple
17:02:18     INFO -  Collecting simplejson
17:02:18     INFO -  /builds/slave/test/build/venv/lib/python2.7/site-packages/pip/_vendor/requests/packages/urllib3/util/ssl_.py:318: SNIMissingWarning: An HTTPS request has been made, but the SNI (Subject Name Indication) extension to TLS is not available on this platform. This may cause the server to present an incorrect TLS certificate, which can cause validation failures. You can upgrade to a newer version of Python to solve this. For more information, see https://urllib3.readthedocs.org/en/latest/security.html#snimissingwarning.
17:02:18     INFO -    SNIMissingWarning
17:02:18     INFO -  /builds/slave/test/build/venv/lib/python2.7/site-packages/pip/_vendor/requests/packages/urllib3/util/ssl_.py:122: InsecurePlatformWarning: A true SSLContext object is not available. This prevents urllib3 from configuring SSL appropriately and may cause certain SSL connections to fail. You can upgrade to a newer version of Python to solve this. For more information, see https://urllib3.readthedocs.org/en/latest/security.html#insecureplatformwarning.
17:02:18     INFO -    InsecurePlatformWarning
17:02:20     INFO -  /builds/slave/test/build/venv/lib/python2.7/site-packages/pip/_vendor/requests/packages/urllib3/util/ssl_.py:122: InsecurePlatformWarning: A true SSLContext object is not available. This prevents urllib3 from configuring SSL appropriately and may cause certain SSL connections to fail. You can upgrade to a newer version of Python to solve this. For more information, see https://urllib3.readthedocs.org/en/latest/security.html#insecureplatformwarning.
17:02:20     INFO -    InsecurePlatformWarning
17:02:25     INFO -    Downloading https://pypi.pvt.build.mozilla.org/pub/simplejson-3.3.0.tar.gz (67kB)
17:02:26     INFO -  Building wheels for collected packages: simplejson
17:02:26     INFO -    Running setup.py bdist_wheel for simplejson: started
17:02:30     INFO -    Running setup.py bdist_wheel for simplejson: finished with status 'done'
17:02:30     INFO -    Stored in directory: /home/cltbld/.cache/pip/wheels/b1/26/8f/72b2a349729d24b9c6aa399407fddd384f8814e045e6de407e
17:02:30     INFO -  Successfully built simplejson
17:02:30     INFO -  Installing collected packages: simplejson
17:02:30     INFO -  Successfully installed simplejson-3.3.0
17:02:30     INFO - Return code: 0
17:02:30     INFO - Installing None into virtualenv /builds/slave/test/build/venv
17:02:31     INFO - retry: Calling run_command with args: [['/builds/slave/test/build/venv/bin/pip', 'install', '--no-deps', '--timeout', '120', '-r', '/builds/slave/test/build/tests/config/marionette_requirements.txt', '--no-index', '--find-links', 'http://pypi.pvt.build.mozilla.org/pub', '--find-links', 'http://pypi.pub.build.mozilla.org/pub', '--trusted-host', 'pypi.pub.build.mozilla.org', '--trusted-host', 'pypi.pvt.build.mozilla.org']], kwargs: {'error_level': 'warning', 'error_list': [{'substr': 'not found or a compiler error:', 'level': 'warning'}, {'regex': <_sre.SRE_Pattern object at 0xb72995e0>, 'level': 'error'}, {'regex': <_sre.SRE_Pattern object at 0xb7274e30>, 'level': 'warning'}, {'regex': <_sre.SRE_Pattern object at 0xa4000f0>, 'level': 'debug'}, {'substr': 'command not found', 'level': 'error'}, {'regex': <_sre.SRE_Pattern object at 0xa3f4f38>, 'level': 'warning'}, {'substr': 'Traceback (most recent call last)', 'level': 'error'}, {'substr': 'SyntaxError: ', 'level': 'error'}, {'substr': 'TypeError: ', 'level': 'error'}, {'substr': 'NameError: ', 'level': 'error'}, {'substr': 'ZeroDivisionError: ', 'level': 'error'}, {'regex': <_sre.SRE_Pattern object at 0xa3f48c8>, 'level': 'critical'}, {'regex': <_sre.SRE_Pattern object at 0xa3f7270>, 'level': 'critical'}], 'cwd': '/builds/slave/test/build/tests/config', 'env': {'TMOUT': '86400', 'LOGNAME': 'cltbld', 'USER': 'cltbld', 'HOME': '/home/cltbld', 'PATH': '/usr/local/bin:/usr/local/bin:/usr/bin:/bin:/usr/local/games:/usr/games', 'DISPLAY': ':0', 'CCACHE_UMASK': '002', 'LANG': 'en_US.UTF-8', 'TERM': 'linux', 'SHELL': '/bin/bash', 'MOZ_NODE_PATH': '/usr/bin/node', 'XDG_SESSION_COOKIE': '5a152710dd62cc268aad214e000002d8-1528588652.478745-1780109949', 'SHLVL': '1', 'NO_FAIL_ON_TEST_ERRORS': '1', 'MOZ_NO_REMOTE': '1', 'MOZ_HIDE_RESULTS_TABLE': '1', 'MAIL': '/var/mail/cltbld', '_': '/tools/buildbot/bin/python', 'NODE_PATH': '/usr/lib/nodejs:/usr/lib/node_modules:/usr/share/javascript', 'PWD': '/builds/slave/test', 'PROPERTIES_FILE': '/builds/slave/test/buildprops.json', 'CCACHE_DIR': '/builds/ccache'}}, attempt #1
17:02:31     INFO - Running command: ['/builds/slave/test/build/venv/bin/pip', 'install', '--no-deps', '--timeout', '120', '-r', '/builds/slave/test/build/tests/config/marionette_requirements.txt', '--no-index', '--find-links', 'http://pypi.pvt.build.mozilla.org/pub', '--find-links', 'http://pypi.pub.build.mozilla.org/pub', '--trusted-host', 'pypi.pub.build.mozilla.org', '--trusted-host', 'pypi.pvt.build.mozilla.org'] in /builds/slave/test/build/tests/config
17:02:31     INFO - Copy/paste: /builds/slave/test/build/venv/bin/pip install --no-deps --timeout 120 -r /builds/slave/test/build/tests/config/marionette_requirements.txt --no-index --find-links http://pypi.pvt.build.mozilla.org/pub --find-links http://pypi.pub.build.mozilla.org/pub --trusted-host pypi.pub.build.mozilla.org --trusted-host pypi.pvt.build.mozilla.org
17:02:31     INFO - Using env: {'CCACHE_DIR': '/builds/ccache',
17:02:31     INFO -  'CCACHE_UMASK': '002',
17:02:31     INFO -  'DISPLAY': ':0',
17:02:31     INFO -  'HOME': '/home/cltbld',
17:02:31     INFO -  'LANG': 'en_US.UTF-8',
17:02:31     INFO -  'LOGNAME': 'cltbld',
17:02:31     INFO -  'MAIL': '/var/mail/cltbld',
17:02:31     INFO -  'MOZ_HIDE_RESULTS_TABLE': '1',
17:02:31     INFO -  'MOZ_NODE_PATH': '/usr/bin/node',
17:02:31     INFO -  'MOZ_NO_REMOTE': '1',
17:02:31     INFO -  'NODE_PATH': '/usr/lib/nodejs:/usr/lib/node_modules:/usr/share/javascript',
17:02:31     INFO -  'NO_FAIL_ON_TEST_ERRORS': '1',
17:02:31     INFO -  'PATH': '/usr/local/bin:/usr/local/bin:/usr/bin:/bin:/usr/local/games:/usr/games',
17:02:31     INFO -  'PROPERTIES_FILE': '/builds/slave/test/buildprops.json',
17:02:31     INFO -  'PWD': '/builds/slave/test',
17:02:31     INFO -  'SHELL': '/bin/bash',
17:02:31     INFO -  'SHLVL': '1',
17:02:31     INFO -  'TERM': 'linux',
17:02:31     INFO -  'TMOUT': '86400',
17:02:31     INFO -  'USER': 'cltbld',
17:02:31     INFO -  'XDG_SESSION_COOKIE': '5a152710dd62cc268aad214e000002d8-1528588652.478745-1780109949',
17:02:31     INFO -  '_': '/tools/buildbot/bin/python'}
17:02:32     INFO -  Ignoring indexes: https://pypi.python.org/simple
17:02:32     INFO -  Processing /builds/slave/test/build/tests/mozbase/manifestparser
17:02:33     INFO -    Requirement already satisfied (use --upgrade to upgrade): manifestparser==1.1 from file:///builds/slave/test/build/tests/mozbase/manifestparser in /builds/slave/test/build/venv/lib/python2.7/site-packages (from -r /builds/slave/test/build/tests/config/mozbase_requirements.txt (line 1))
17:02:33     INFO -  Processing /builds/slave/test/build/tests/mozbase/mozcrash
17:02:33     INFO -    Requirement already satisfied (use --upgrade to upgrade): mozcrash==1.0 from file:///builds/slave/test/build/tests/mozbase/mozcrash in /builds/slave/test/build/venv/lib/python2.7/site-packages (from -r /builds/slave/test/build/tests/config/mozbase_requirements.txt (line 2))
17:02:33     INFO -  Processing /builds/slave/test/build/tests/mozbase/mozdebug
17:02:34     INFO -    Requirement already satisfied (use --upgrade to upgrade): mozdebug==0.1 from file:///builds/slave/test/build/tests/mozbase/mozdebug in /builds/slave/test/build/venv/lib/python2.7/site-packages (from -r /builds/slave/test/build/tests/config/mozbase_requirements.txt (line 3))
17:02:34     INFO -  Processing /builds/slave/test/build/tests/mozbase/mozdevice
17:02:35     INFO -    Requirement already satisfied (use --upgrade to upgrade): mozdevice==0.48 from file:///builds/slave/test/build/tests/mozbase/mozdevice in /builds/slave/test/build/venv/lib/python2.7/site-packages (from -r /builds/slave/test/build/tests/config/mozbase_requirements.txt (line 4))
17:02:35     INFO -  Processing /builds/slave/test/build/tests/mozbase/mozfile
17:02:35     INFO -    Requirement already satisfied (use --upgrade to upgrade): mozfile==1.2 from file:///builds/slave/test/build/tests/mozbase/mozfile in /builds/slave/test/build/venv/lib/python2.7/site-packages (from -r /builds/slave/test/build/tests/config/mozbase_requirements.txt (line 5))
17:02:35     INFO -  Processing /builds/slave/test/build/tests/mozbase/mozhttpd
17:02:36     INFO -    Requirement already satisfied (use --upgrade to upgrade): mozhttpd==0.7 from file:///builds/slave/test/build/tests/mozbase/mozhttpd in /builds/slave/test/build/venv/lib/python2.7/site-packages (from -r /builds/slave/test/build/tests/config/mozbase_requirements.txt (line 6))
17:02:36     INFO -  Processing /builds/slave/test/build/tests/mozbase/mozinfo
17:02:37     INFO -    Requirement already satisfied (use --upgrade to upgrade): mozinfo==0.9 from file:///builds/slave/test/build/tests/mozbase/mozinfo in /builds/slave/test/build/venv/lib/python2.7/site-packages (from -r /builds/slave/test/build/tests/config/mozbase_requirements.txt (line 7))
17:02:37     INFO -  Processing /builds/slave/test/build/tests/mozbase/mozinstall
17:02:37     INFO -    Requirement already satisfied (use --upgrade to upgrade): mozInstall==1.12 from file:///builds/slave/test/build/tests/mozbase/mozinstall in /builds/slave/test/build/venv/lib/python2.7/site-packages (from -r /builds/slave/test/build/tests/config/mozbase_requirements.txt (line 8))
17:02:37     INFO -  Processing /builds/slave/test/build/tests/mozbase/mozleak
17:02:38     INFO -    Requirement already satisfied (use --upgrade to upgrade): mozleak==0.1 from file:///builds/slave/test/build/tests/mozbase/mozleak in /builds/slave/test/build/venv/lib/python2.7/site-packages (from -r /builds/slave/test/build/tests/config/mozbase_requirements.txt (line 9))
17:02:38     INFO -  Processing /builds/slave/test/build/tests/mozbase/mozlog
17:02:39     INFO -    Requirement already satisfied (use --upgrade to upgrade): mozlog==3.4 from file:///builds/slave/test/build/tests/mozbase/mozlog in /builds/slave/test/build/venv/lib/python2.7/site-packages (from -r /builds/slave/test/build/tests/config/mozbase_requirements.txt (line 10))
17:02:39     INFO -  Processing /builds/slave/test/build/tests/mozbase/moznetwork
17:02:39     INFO -    Requirement already satisfied (use --upgrade to upgrade): moznetwork==0.27 from file:///builds/slave/test/build/tests/mozbase/moznetwork in /builds/slave/test/build/venv/lib/python2.7/site-packages (from -r /builds/slave/test/build/tests/config/mozbase_requirements.txt (line 11))
17:02:39     INFO -  Processing /builds/slave/test/build/tests/mozbase/mozprocess
17:02:40     INFO -    Requirement already satisfied (use --upgrade to upgrade): mozprocess==0.23 from file:///builds/slave/test/build/tests/mozbase/mozprocess in /builds/slave/test/build/venv/lib/python2.7/site-packages (from -r /builds/slave/test/build/tests/config/mozbase_requirements.txt (line 12))
17:02:40     INFO -  Processing /builds/slave/test/build/tests/mozbase/mozprofile
17:02:41     INFO -    Requirement already satisfied (use --upgrade to upgrade): mozprofile==0.28 from file:///builds/slave/test/build/tests/mozbase/mozprofile in /builds/slave/test/build/venv/lib/python2.7/site-packages (from -r /builds/slave/test/build/tests/config/mozbase_requirements.txt (line 13))
17:02:41     INFO -  Processing /builds/slave/test/build/tests/mozbase/mozrunner
17:02:42     INFO -    Requirement already satisfied (use --upgrade to upgrade): mozrunner==6.13 from file:///builds/slave/test/build/tests/mozbase/mozrunner in /builds/slave/test/build/venv/lib/python2.7/site-packages (from -r /builds/slave/test/build/tests/config/mozbase_requirements.txt (line 14))
17:02:42     INFO -  Processing /builds/slave/test/build/tests/mozbase/mozscreenshot
17:02:42     INFO -    Requirement already satisfied (use --upgrade to upgrade): mozscreenshot==0.1 from file:///builds/slave/test/build/tests/mozbase/mozscreenshot in /builds/slave/test/build/venv/lib/python2.7/site-packages (from -r /builds/slave/test/build/tests/config/mozbase_requirements.txt (line 15))
17:02:42     INFO -  Processing /builds/slave/test/build/tests/mozbase/moztest
17:02:43     INFO -    Requirement already satisfied (use --upgrade to upgrade): moztest==0.8 from file:///builds/slave/test/build/tests/mozbase/moztest in /builds/slave/test/build/venv/lib/python2.7/site-packages (from -r /builds/slave/test/build/tests/config/mozbase_requirements.txt (line 16))
17:02:43     INFO -  Processing /builds/slave/test/build/tests/mozbase/mozversion
17:02:44     INFO -    Requirement already satisfied (use --upgrade to upgrade): mozversion==1.4 from file:///builds/slave/test/build/tests/mozbase/mozversion in /builds/slave/test/build/venv/lib/python2.7/site-packages (from -r /builds/slave/test/build/tests/config/mozbase_requirements.txt (line 17))
17:02:44     INFO -  Processing /builds/slave/test/build/tests/tools/wptserve
17:02:44     INFO -  Processing /builds/slave/test/build/tests/marionette/client
17:02:45     INFO -  Processing /builds/slave/test/build/tests/marionette/harness/marionette_harness/runner/mixins/browsermob-proxy-py
17:02:46     INFO -  Processing /builds/slave/test/build/tests/marionette/harness
17:02:46     INFO -  Processing /builds/slave/test/build/tests/marionette/puppeteer/firefox
17:02:47     INFO -  Building wheels for collected packages: browsermob-proxy
17:02:47     INFO -    Running setup.py bdist_wheel for browsermob-proxy: started
17:02:48     INFO -    Running setup.py bdist_wheel for browsermob-proxy: finished with status 'done'
17:02:48     INFO -    Stored in directory: /home/cltbld/.cache/pip/wheels/10/00/c1/79bb793b6a7eb4dca9dfd244010f550ae5044951bcd23c261e
17:02:48     INFO -  Successfully built browsermob-proxy
17:02:48     INFO -  Installing collected packages: wptserve, marionette-driver, browsermob-proxy, marionette-harness, firefox-puppeteer
17:02:48     INFO -    Running setup.py install for wptserve: started
17:02:49     INFO -      Running setup.py install for wptserve: finished with status 'done'
17:02:49     INFO -    Running setup.py install for marionette-driver: started
17:02:50     INFO -      Running setup.py install for marionette-driver: finished with status 'done'
17:02:50     INFO -    Running setup.py install for marionette-harness: started
17:02:52     INFO -      Running setup.py install for marionette-harness: finished with status 'done'
17:02:52     INFO -    Running setup.py install for firefox-puppeteer: started
17:02:54     INFO -      Running setup.py install for firefox-puppeteer: finished with status 'done'
17:02:54     INFO -  Successfully installed browsermob-proxy-0.6.0 firefox-puppeteer-52.1.0 marionette-driver-2.2.0 marionette-harness-4.0.0 wptserve-1.4.0
17:02:54     INFO - Return code: 0
17:02:54     INFO - Installing None into virtualenv /builds/slave/test/build/venv
17:02:54     INFO - retry: Calling run_command with args: [['/builds/slave/test/build/venv/bin/pip', 'install', '--timeout', '120', '-r', '/builds/slave/test/build/tests/config/marionette_requirements.txt', '--no-index', '--find-links', 'http://pypi.pvt.build.mozilla.org/pub', '--find-links', 'http://pypi.pub.build.mozilla.org/pub', '--trusted-host', 'pypi.pub.build.mozilla.org', '--trusted-host', 'pypi.pvt.build.mozilla.org']], kwargs: {'error_level': 'warning', 'error_list': [{'substr': 'not found or a compiler error:', 'level': 'warning'}, {'regex': <_sre.SRE_Pattern object at 0xb72995e0>, 'level': 'error'}, {'regex': <_sre.SRE_Pattern object at 0xb7274e30>, 'level': 'warning'}, {'regex': <_sre.SRE_Pattern object at 0xa4000f0>, 'level': 'debug'}, {'substr': 'command not found', 'level': 'error'}, {'regex': <_sre.SRE_Pattern object at 0xa3f4f38>, 'level': 'warning'}, {'substr': 'Traceback (most recent call last)', 'level': 'error'}, {'substr': 'SyntaxError: ', 'level': 'error'}, {'substr': 'TypeError: ', 'level': 'error'}, {'substr': 'NameError: ', 'level': 'error'}, {'substr': 'ZeroDivisionError: ', 'level': 'error'}, {'regex': <_sre.SRE_Pattern object at 0xa3f48c8>, 'level': 'critical'}, {'regex': <_sre.SRE_Pattern object at 0xa3f7270>, 'level': 'critical'}], 'cwd': '/builds/slave/test/build/tests/config', 'env': {'TMOUT': '86400', 'LOGNAME': 'cltbld', 'USER': 'cltbld', 'HOME': '/home/cltbld', 'PATH': '/usr/local/bin:/usr/local/bin:/usr/bin:/bin:/usr/local/games:/usr/games', 'DISPLAY': ':0', 'CCACHE_UMASK': '002', 'LANG': 'en_US.UTF-8', 'TERM': 'linux', 'SHELL': '/bin/bash', 'MOZ_NODE_PATH': '/usr/bin/node', 'XDG_SESSION_COOKIE': '5a152710dd62cc268aad214e000002d8-1528588652.478745-1780109949', 'SHLVL': '1', 'NO_FAIL_ON_TEST_ERRORS': '1', 'MOZ_NO_REMOTE': '1', 'MOZ_HIDE_RESULTS_TABLE': '1', 'MAIL': '/var/mail/cltbld', '_': '/tools/buildbot/bin/python', 'NODE_PATH': '/usr/lib/nodejs:/usr/lib/node_modules:/usr/share/javascript', 'PWD': '/builds/slave/test', 'PROPERTIES_FILE': '/builds/slave/test/buildprops.json', 'CCACHE_DIR': '/builds/ccache'}}, attempt #1
17:02:54     INFO - Running command: ['/builds/slave/test/build/venv/bin/pip', 'install', '--timeout', '120', '-r', '/builds/slave/test/build/tests/config/marionette_requirements.txt', '--no-index', '--find-links', 'http://pypi.pvt.build.mozilla.org/pub', '--find-links', 'http://pypi.pub.build.mozilla.org/pub', '--trusted-host', 'pypi.pub.build.mozilla.org', '--trusted-host', 'pypi.pvt.build.mozilla.org'] in /builds/slave/test/build/tests/config
17:02:54     INFO - Copy/paste: /builds/slave/test/build/venv/bin/pip install --timeout 120 -r /builds/slave/test/build/tests/config/marionette_requirements.txt --no-index --find-links http://pypi.pvt.build.mozilla.org/pub --find-links http://pypi.pub.build.mozilla.org/pub --trusted-host pypi.pub.build.mozilla.org --trusted-host pypi.pvt.build.mozilla.org
17:02:54     INFO - Using env: {'CCACHE_DIR': '/builds/ccache',
17:02:54     INFO -  'CCACHE_UMASK': '002',
17:02:54     INFO -  'DISPLAY': ':0',
17:02:54     INFO -  'HOME': '/home/cltbld',
17:02:54     INFO -  'LANG': 'en_US.UTF-8',
17:02:54     INFO -  'LOGNAME': 'cltbld',
17:02:54     INFO -  'MAIL': '/var/mail/cltbld',
17:02:54     INFO -  'MOZ_HIDE_RESULTS_TABLE': '1',
17:02:54     INFO -  'MOZ_NODE_PATH': '/usr/bin/node',
17:02:54     INFO -  'MOZ_NO_REMOTE': '1',
17:02:54     INFO -  'NODE_PATH': '/usr/lib/nodejs:/usr/lib/node_modules:/usr/share/javascript',
17:02:54     INFO -  'NO_FAIL_ON_TEST_ERRORS': '1',
17:02:54     INFO -  'PATH': '/usr/local/bin:/usr/local/bin:/usr/bin:/bin:/usr/local/games:/usr/games',
17:02:54     INFO -  'PROPERTIES_FILE': '/builds/slave/test/buildprops.json',
17:02:54     INFO -  'PWD': '/builds/slave/test',
17:02:54     INFO -  'SHELL': '/bin/bash',
17:02:54     INFO -  'SHLVL': '1',
17:02:54     INFO -  'TERM': 'linux',
17:02:54     INFO -  'TMOUT': '86400',
17:02:54     INFO -  'USER': 'cltbld',
17:02:54     INFO -  'XDG_SESSION_COOKIE': '5a152710dd62cc268aad214e000002d8-1528588652.478745-1780109949',
17:02:54     INFO -  '_': '/tools/buildbot/bin/python'}
17:02:56     INFO -  Ignoring indexes: https://pypi.python.org/simple
17:02:56     INFO -  Processing /builds/slave/test/build/tests/mozbase/manifestparser
17:02:56     INFO -    Requirement already satisfied (use --upgrade to upgrade): manifestparser==1.1 from file:///builds/slave/test/build/tests/mozbase/manifestparser in /builds/slave/test/build/venv/lib/python2.7/site-packages (from -r /builds/slave/test/build/tests/config/mozbase_requirements.txt (line 1))
17:02:56     INFO -  Processing /builds/slave/test/build/tests/mozbase/mozcrash
17:02:57     INFO -    Requirement already satisfied (use --upgrade to upgrade): mozcrash==1.0 from file:///builds/slave/test/build/tests/mozbase/mozcrash in /builds/slave/test/build/venv/lib/python2.7/site-packages (from -r /builds/slave/test/build/tests/config/mozbase_requirements.txt (line 2))
17:02:57     INFO -  Processing /builds/slave/test/build/tests/mozbase/mozdebug
17:02:58     INFO -    Requirement already satisfied (use --upgrade to upgrade): mozdebug==0.1 from file:///builds/slave/test/build/tests/mozbase/mozdebug in /builds/slave/test/build/venv/lib/python2.7/site-packages (from -r /builds/slave/test/build/tests/config/mozbase_requirements.txt (line 3))
17:02:58     INFO -  Processing /builds/slave/test/build/tests/mozbase/mozdevice
17:02:58     INFO -    Requirement already satisfied (use --upgrade to upgrade): mozdevice==0.48 from file:///builds/slave/test/build/tests/mozbase/mozdevice in /builds/slave/test/build/venv/lib/python2.7/site-packages (from -r /builds/slave/test/build/tests/config/mozbase_requirements.txt (line 4))
17:02:58     INFO -  Processing /builds/slave/test/build/tests/mozbase/mozfile
17:02:59     INFO -    Requirement already satisfied (use --upgrade to upgrade): mozfile==1.2 from file:///builds/slave/test/build/tests/mozbase/mozfile in /builds/slave/test/build/venv/lib/python2.7/site-packages (from -r /builds/slave/test/build/tests/config/mozbase_requirements.txt (line 5))
17:02:59     INFO -  Processing /builds/slave/test/build/tests/mozbase/mozhttpd
17:03:00     INFO -    Requirement already satisfied (use --upgrade to upgrade): mozhttpd==0.7 from file:///builds/slave/test/build/tests/mozbase/mozhttpd in /builds/slave/test/build/venv/lib/python2.7/site-packages (from -r /builds/slave/test/build/tests/config/mozbase_requirements.txt (line 6))
17:03:00     INFO -  Processing /builds/slave/test/build/tests/mozbase/mozinfo
17:03:01     INFO -    Requirement already satisfied (use --upgrade to upgrade): mozinfo==0.9 from file:///builds/slave/test/build/tests/mozbase/mozinfo in /builds/slave/test/build/venv/lib/python2.7/site-packages (from -r /builds/slave/test/build/tests/config/mozbase_requirements.txt (line 7))
17:03:01     INFO -  Processing /builds/slave/test/build/tests/mozbase/mozinstall
17:03:01     INFO -    Requirement already satisfied (use --upgrade to upgrade): mozInstall==1.12 from file:///builds/slave/test/build/tests/mozbase/mozinstall in /builds/slave/test/build/venv/lib/python2.7/site-packages (from -r /builds/slave/test/build/tests/config/mozbase_requirements.txt (line 8))
17:03:01     INFO -  Processing /builds/slave/test/build/tests/mozbase/mozleak
17:03:02     INFO -    Requirement already satisfied (use --upgrade to upgrade): mozleak==0.1 from file:///builds/slave/test/build/tests/mozbase/mozleak in /builds/slave/test/build/venv/lib/python2.7/site-packages (from -r /builds/slave/test/build/tests/config/mozbase_requirements.txt (line 9))
17:03:02     INFO -  Processing /builds/slave/test/build/tests/mozbase/mozlog
17:03:03     INFO -    Requirement already satisfied (use --upgrade to upgrade): mozlog==3.4 from file:///builds/slave/test/build/tests/mozbase/mozlog in /builds/slave/test/build/venv/lib/python2.7/site-packages (from -r /builds/slave/test/build/tests/config/mozbase_requirements.txt (line 10))
17:03:03     INFO -  Processing /builds/slave/test/build/tests/mozbase/moznetwork
17:03:03     INFO -    Requirement already satisfied (use --upgrade to upgrade): moznetwork==0.27 from file:///builds/slave/test/build/tests/mozbase/moznetwork in /builds/slave/test/build/venv/lib/python2.7/site-packages (from -r /builds/slave/test/build/tests/config/mozbase_requirements.txt (line 11))
17:03:03     INFO -  Processing /builds/slave/test/build/tests/mozbase/mozprocess
17:03:04     INFO -    Requirement already satisfied (use --upgrade to upgrade): mozprocess==0.23 from file:///builds/slave/test/build/tests/mozbase/mozprocess in /builds/slave/test/build/venv/lib/python2.7/site-packages (from -r /builds/slave/test/build/tests/config/mozbase_requirements.txt (line 12))
17:03:04     INFO -  Processing /builds/slave/test/build/tests/mozbase/mozprofile
17:03:05     INFO -    Requirement already satisfied (use --upgrade to upgrade): mozprofile==0.28 from file:///builds/slave/test/build/tests/mozbase/mozprofile in /builds/slave/test/build/venv/lib/python2.7/site-packages (from -r /builds/slave/test/build/tests/config/mozbase_requirements.txt (line 13))
17:03:05     INFO -  Processing /builds/slave/test/build/tests/mozbase/mozrunner
17:03:06     INFO -    Requirement already satisfied (use --upgrade to upgrade): mozrunner==6.13 from file:///builds/slave/test/build/tests/mozbase/mozrunner in /builds/slave/test/build/venv/lib/python2.7/site-packages (from -r /builds/slave/test/build/tests/config/mozbase_requirements.txt (line 14))
17:03:06     INFO -  Processing /builds/slave/test/build/tests/mozbase/mozscreenshot
17:03:06     INFO -    Requirement already satisfied (use --upgrade to upgrade): mozscreenshot==0.1 from file:///builds/slave/test/build/tests/mozbase/mozscreenshot in /builds/slave/test/build/venv/lib/python2.7/site-packages (from -r /builds/slave/test/build/tests/config/mozbase_requirements.txt (line 15))
17:03:06     INFO -  Processing /builds/slave/test/build/tests/mozbase/moztest
17:03:07     INFO -    Requirement already satisfied (use --upgrade to upgrade): moztest==0.8 from file:///builds/slave/test/build/tests/mozbase/moztest in /builds/slave/test/build/venv/lib/python2.7/site-packages (from -r /builds/slave/test/build/tests/config/mozbase_requirements.txt (line 16))
17:03:07     INFO -  Processing /builds/slave/test/build/tests/mozbase/mozversion
17:03:08     INFO -    Requirement already satisfied (use --upgrade to upgrade): mozversion==1.4 from file:///builds/slave/test/build/tests/mozbase/mozversion in /builds/slave/test/build/venv/lib/python2.7/site-packages (from -r /builds/slave/test/build/tests/config/mozbase_requirements.txt (line 17))
17:03:08     INFO -  Processing /builds/slave/test/build/tests/tools/wptserve
17:03:08     INFO -    Requirement already satisfied (use --upgrade to upgrade): wptserve==1.4.0 from file:///builds/slave/test/build/tests/tools/wptserve in /builds/slave/test/build/venv/lib/python2.7/site-packages (from -r /builds/slave/test/build/tests/config/marionette_requirements.txt (line 3))
17:03:08     INFO -  Processing /builds/slave/test/build/tests/marionette/client
17:03:09     INFO -    Requirement already satisfied (use --upgrade to upgrade): marionette-driver==2.2.0 from file:///builds/slave/test/build/tests/marionette/client in /builds/slave/test/build/venv/lib/python2.7/site-packages (from -r /builds/slave/test/build/tests/config/marionette_requirements.txt (line 4))
17:03:09     INFO -  Processing /builds/slave/test/build/tests/marionette/harness/marionette_harness/runner/mixins/browsermob-proxy-py
17:03:10     INFO -    Requirement already satisfied (use --upgrade to upgrade): browsermob-proxy==0.6.0 from file:///builds/slave/test/build/tests/marionette/harness/marionette_harness/runner/mixins/browsermob-proxy-py in /builds/slave/test/build/venv/lib/python2.7/site-packages (from -r /builds/slave/test/build/tests/config/marionette_requirements.txt (line 5))
17:03:10     INFO -  Processing /builds/slave/test/build/tests/marionette/harness
17:03:10     INFO -    Requirement already satisfied (use --upgrade to upgrade): marionette-harness==4.0.0 from file:///builds/slave/test/build/tests/marionette/harness in /builds/slave/test/build/venv/lib/python2.7/site-packages (from -r /builds/slave/test/build/tests/config/marionette_requirements.txt (line 6))
17:03:11     INFO -  Processing /builds/slave/test/build/tests/marionette/puppeteer/firefox
17:03:11     INFO -    Requirement already satisfied (use --upgrade to upgrade): firefox-puppeteer==52.1.0 from file:///builds/slave/test/build/tests/marionette/puppeteer/firefox in /builds/slave/test/build/venv/lib/python2.7/site-packages (from -r /builds/slave/test/build/tests/config/marionette_requirements.txt (line 9))
17:03:11     INFO -  Requirement already satisfied (use --upgrade to upgrade): mozfile>=1.0 in /builds/slave/test/build/venv/lib/python2.7/site-packages (from mozcrash==1.0->-r /builds/slave/test/build/tests/config/mozbase_requirements.txt (line 2))
17:03:11     INFO -  Requirement already satisfied (use --upgrade to upgrade): mozlog>=3.0 in /builds/slave/test/build/venv/lib/python2.7/site-packages (from mozcrash==1.0->-r /builds/slave/test/build/tests/config/mozbase_requirements.txt (line 2))
17:03:11     INFO -  Requirement already satisfied (use --upgrade to upgrade): mozinfo in /builds/slave/test/build/venv/lib/python2.7/site-packages (from mozdebug==0.1->-r /builds/slave/test/build/tests/config/mozbase_requirements.txt (line 3))
17:03:11     INFO -  Requirement already satisfied (use --upgrade to upgrade): moznetwork>=0.24 in /builds/slave/test/build/venv/lib/python2.7/site-packages (from mozdevice==0.48->-r /builds/slave/test/build/tests/config/mozbase_requirements.txt (line 4))
17:03:11     INFO -  Requirement already satisfied (use --upgrade to upgrade): mozprocess>=0.19 in /builds/slave/test/build/venv/lib/python2.7/site-packages (from mozdevice==0.48->-r /builds/slave/test/build/tests/config/mozbase_requirements.txt (line 4))
17:03:11     INFO -  Requirement already satisfied (use --upgrade to upgrade): blessings>=1.3 in /builds/slave/test/build/venv/lib/python2.7/site-packages (from mozlog==3.4->-r /builds/slave/test/build/tests/config/mozbase_requirements.txt (line 10))
17:03:11     INFO -  Requirement already satisfied (use --upgrade to upgrade): requests>=1.1.0 in /builds/slave/test/build/venv/lib/python2.7/site-packages (from browsermob-proxy==0.6.0->-r /builds/slave/test/build/tests/config/marionette_requirements.txt (line 5))
17:03:11     INFO -  Building wheels for collected packages: browsermob-proxy
17:03:11     INFO -    Running setup.py bdist_wheel for browsermob-proxy: started
17:03:12     INFO -    Running setup.py bdist_wheel for browsermob-proxy: finished with status 'done'
17:03:12     INFO -    Stored in directory: /home/cltbld/.cache/pip/wheels/10/00/c1/79bb793b6a7eb4dca9dfd244010f550ae5044951bcd23c261e
17:03:12     INFO -  Successfully built browsermob-proxy
17:03:12     INFO - Return code: 0
17:03:12     INFO - Installing None into virtualenv /builds/slave/test/build/venv
17:03:13     INFO - retry: Calling run_command with args: [['/builds/slave/test/build/venv/bin/pip', 'install', '--no-deps', '--timeout', '120', '-r', '/builds/slave/test/build/tests/mochitest/websocketprocessbridge/websocketprocessbridge_requirements.txt', '--no-index', '--find-links', 'http://pypi.pvt.build.mozilla.org/pub', '--find-links', 'http://pypi.pub.build.mozilla.org/pub', '--trusted-host', 'pypi.pub.build.mozilla.org', '--trusted-host', 'pypi.pvt.build.mozilla.org']], kwargs: {'error_level': 'warning', 'error_list': [{'substr': 'not found or a compiler error:', 'level': 'warning'}, {'regex': <_sre.SRE_Pattern object at 0xb72995e0>, 'level': 'error'}, {'regex': <_sre.SRE_Pattern object at 0xb7274e30>, 'level': 'warning'}, {'regex': <_sre.SRE_Pattern object at 0xa4000f0>, 'level': 'debug'}, {'substr': 'command not found', 'level': 'error'}, {'regex': <_sre.SRE_Pattern object at 0xa3f4f38>, 'level': 'warning'}, {'substr': 'Traceback (most recent call last)', 'level': 'error'}, {'substr': 'SyntaxError: ', 'level': 'error'}, {'substr': 'TypeError: ', 'level': 'error'}, {'substr': 'NameError: ', 'level': 'error'}, {'substr': 'ZeroDivisionError: ', 'level': 'error'}, {'regex': <_sre.SRE_Pattern object at 0xa3f48c8>, 'level': 'critical'}, {'regex': <_sre.SRE_Pattern object at 0xa3f7270>, 'level': 'critical'}], 'cwd': '/builds/slave/test/build/tests/mochitest/websocketprocessbridge', 'env': {'TMOUT': '86400', 'LOGNAME': 'cltbld', 'USER': 'cltbld', 'HOME': '/home/cltbld', 'PATH': '/usr/local/bin:/usr/local/bin:/usr/bin:/bin:/usr/local/games:/usr/games', 'DISPLAY': ':0', 'CCACHE_UMASK': '002', 'LANG': 'en_US.UTF-8', 'TERM': 'linux', 'SHELL': '/bin/bash', 'MOZ_NODE_PATH': '/usr/bin/node', 'XDG_SESSION_COOKIE': '5a152710dd62cc268aad214e000002d8-1528588652.478745-1780109949', 'SHLVL': '1', 'NO_FAIL_ON_TEST_ERRORS': '1', 'MOZ_NO_REMOTE': '1', 'MOZ_HIDE_RESULTS_TABLE': '1', 'MAIL': '/var/mail/cltbld', '_': '/tools/buildbot/bin/python', 'NODE_PATH': '/usr/lib/nodejs:/usr/lib/node_modules:/usr/share/javascript', 'PWD': '/builds/slave/test', 'PROPERTIES_FILE': '/builds/slave/test/buildprops.json', 'CCACHE_DIR': '/builds/ccache'}}, attempt #1
17:03:13     INFO - Running command: ['/builds/slave/test/build/venv/bin/pip', 'install', '--no-deps', '--timeout', '120', '-r', '/builds/slave/test/build/tests/mochitest/websocketprocessbridge/websocketprocessbridge_requirements.txt', '--no-index', '--find-links', 'http://pypi.pvt.build.mozilla.org/pub', '--find-links', 'http://pypi.pub.build.mozilla.org/pub', '--trusted-host', 'pypi.pub.build.mozilla.org', '--trusted-host', 'pypi.pvt.build.mozilla.org'] in /builds/slave/test/build/tests/mochitest/websocketprocessbridge
17:03:13     INFO - Copy/paste: /builds/slave/test/build/venv/bin/pip install --no-deps --timeout 120 -r /builds/slave/test/build/tests/mochitest/websocketprocessbridge/websocketprocessbridge_requirements.txt --no-index --find-links http://pypi.pvt.build.mozilla.org/pub --find-links http://pypi.pub.build.mozilla.org/pub --trusted-host pypi.pub.build.mozilla.org --trusted-host pypi.pvt.build.mozilla.org
17:03:13     INFO - Using env: {'CCACHE_DIR': '/builds/ccache',
17:03:13     INFO -  'CCACHE_UMASK': '002',
17:03:13     INFO -  'DISPLAY': ':0',
17:03:13     INFO -  'HOME': '/home/cltbld',
17:03:13     INFO -  'LANG': 'en_US.UTF-8',
17:03:13     INFO -  'LOGNAME': 'cltbld',
17:03:13     INFO -  'MAIL': '/var/mail/cltbld',
17:03:13     INFO -  'MOZ_HIDE_RESULTS_TABLE': '1',
17:03:13     INFO -  'MOZ_NODE_PATH': '/usr/bin/node',
17:03:13     INFO -  'MOZ_NO_REMOTE': '1',
17:03:13     INFO -  'NODE_PATH': '/usr/lib/nodejs:/usr/lib/node_modules:/usr/share/javascript',
17:03:13     INFO -  'NO_FAIL_ON_TEST_ERRORS': '1',
17:03:13     INFO -  'PATH': '/usr/local/bin:/usr/local/bin:/usr/bin:/bin:/usr/local/games:/usr/games',
17:03:13     INFO -  'PROPERTIES_FILE': '/builds/slave/test/buildprops.json',
17:03:13     INFO -  'PWD': '/builds/slave/test',
17:03:13     INFO -  'SHELL': '/bin/bash',
17:03:13     INFO -  'SHLVL': '1',
17:03:13     INFO -  'TERM': 'linux',
17:03:13     INFO -  'TMOUT': '86400',
17:03:13     INFO -  'USER': 'cltbld',
17:03:13     INFO -  'XDG_SESSION_COOKIE': '5a152710dd62cc268aad214e000002d8-1528588652.478745-1780109949',
17:03:13     INFO -  '_': '/tools/buildbot/bin/python'}
17:03:14     INFO -  Ignoring indexes: https://pypi.python.org/simple
17:03:14     INFO -  Collecting six==1.10.0 (from -r /builds/slave/test/build/tests/mochitest/websocketprocessbridge/websocketprocessbridge_requirements.txt (line 2))
17:03:14     INFO -  /builds/slave/test/build/venv/lib/python2.7/site-packages/pip/_vendor/requests/packages/urllib3/util/ssl_.py:318: SNIMissingWarning: An HTTPS request has been made, but the SNI (Subject Name Indication) extension to TLS is not available on this platform. This may cause the server to present an incorrect TLS certificate, which can cause validation failures. You can upgrade to a newer version of Python to solve this. For more information, see https://urllib3.readthedocs.org/en/latest/security.html#snimissingwarning.
17:03:14     INFO -    SNIMissingWarning
17:03:14     INFO -  /builds/slave/test/build/venv/lib/python2.7/site-packages/pip/_vendor/requests/packages/urllib3/util/ssl_.py:122: InsecurePlatformWarning: A true SSLContext object is not available. This prevents urllib3 from configuring SSL appropriately and may cause certain SSL connections to fail. You can upgrade to a newer version of Python to solve this. For more information, see https://urllib3.readthedocs.org/en/latest/security.html#insecureplatformwarning.
17:03:14     INFO -    InsecurePlatformWarning
17:03:16     INFO -  /builds/slave/test/build/venv/lib/python2.7/site-packages/pip/_vendor/requests/packages/urllib3/util/ssl_.py:122: InsecurePlatformWarning: A true SSLContext object is not available. This prevents urllib3 from configuring SSL appropriately and may cause certain SSL connections to fail. You can upgrade to a newer version of Python to solve this. For more information, see https://urllib3.readthedocs.org/en/latest/security.html#insecureplatformwarning.
17:03:16     INFO -    InsecurePlatformWarning
17:03:21     INFO -    Downloading https://pypi.pvt.build.mozilla.org/pub/six-1.10.0-py2.py3-none-any.whl
17:03:21     INFO -  Collecting twisted==10.2.0 (from -r /builds/slave/test/build/tests/mochitest/websocketprocessbridge/websocketprocessbridge_requirements.txt (line 4))
17:03:27     INFO -    Downloading https://pypi.pvt.build.mozilla.org/pub/Twisted-10.2.0.tar.gz (1.9MB)
17:03:30     INFO -  Collecting txws==0.9.1 (from -r /builds/slave/test/build/tests/mochitest/websocketprocessbridge/websocketprocessbridge_requirements.txt (line 7))
17:03:35     INFO -    Downloading https://pypi.pvt.build.mozilla.org/pub/txWS-0.9.1.tar.gz
17:03:40     INFO -  Requirement already satisfied (use --upgrade to upgrade): psutil==3.1.1 in /builds/slave/test/build/venv/lib/python2.7/site-packages (from -r /builds/slave/test/build/tests/mochitest/websocketprocessbridge/websocketprocessbridge_requirements.txt (line 9))
17:03:40     INFO -  Collecting ipaddr==2.1.11 (from -r /builds/slave/test/build/tests/mochitest/websocketprocessbridge/websocketprocessbridge_requirements.txt (line 12))
17:03:46     INFO -    Downloading https://pypi.pvt.build.mozilla.org/pub/ipaddr-2.1.11.tar.gz
17:03:46     INFO -  Collecting passlib==1.6.5 (from -r /builds/slave/test/build/tests/mochitest/websocketprocessbridge/websocketprocessbridge_requirements.txt (line 13))
17:03:52     INFO -    Downloading https://pypi.pvt.build.mozilla.org/pub/passlib-1.6.5-py2.py3-none-any.whl (317kB)
17:03:52     INFO -  Building wheels for collected packages: twisted, txws, ipaddr
17:03:52     INFO -    Running setup.py bdist_wheel for twisted: started
17:04:03     INFO -    Running setup.py bdist_wheel for twisted: finished with status 'done'
17:04:03     INFO -    Stored in directory: /home/cltbld/.cache/pip/wheels/2a/06/64/df4bef56496f61aee018cad118db54f7a03015723d10662b26
17:04:04     INFO -    Running setup.py bdist_wheel for txws: started
17:04:05     INFO -    Running setup.py bdist_wheel for txws: finished with status 'done'
17:04:05     INFO -    Stored in directory: /home/cltbld/.cache/pip/wheels/51/f5/78/51b5dd281cb5c86337c41faadc891bd5089a07842da35b9248
17:04:05     INFO -    Running setup.py bdist_wheel for ipaddr: started
17:04:06     INFO -    Running setup.py bdist_wheel for ipaddr: finished with status 'done'
17:04:06     INFO -    Stored in directory: /home/cltbld/.cache/pip/wheels/6a/e7/d2/68af1df9a4dd7fd032c9375a12bd438c6fa81ee69d5e07993f
17:04:06     INFO -  Successfully built twisted txws ipaddr
17:04:06     INFO -  Installing collected packages: six, twisted, txws, ipaddr, passlib
17:04:12     INFO -  Successfully installed ipaddr-2.1.11 passlib-1.6.5 six-1.10.0 twisted-10.2.0 txws-0.9.1
17:04:12     INFO - Return code: 0
17:04:12     INFO - Installing None into virtualenv /builds/slave/test/build/venv
17:04:12     INFO - retry: Calling run_command with args: [['/builds/slave/test/build/venv/bin/pip', 'install', '--timeout', '120', '-r', '/builds/slave/test/build/tests/mochitest/websocketprocessbridge/websocketprocessbridge_requirements.txt', '--no-index', '--find-links', 'http://pypi.pvt.build.mozilla.org/pub', '--find-links', 'http://pypi.pub.build.mozilla.org/pub', '--trusted-host', 'pypi.pub.build.mozilla.org', '--trusted-host', 'pypi.pvt.build.mozilla.org']], kwargs: {'error_level': 'warning', 'error_list': [{'substr': 'not found or a compiler error:', 'level': 'warning'}, {'regex': <_sre.SRE_Pattern object at 0xb72995e0>, 'level': 'error'}, {'regex': <_sre.SRE_Pattern object at 0xb7274e30>, 'level': 'warning'}, {'regex': <_sre.SRE_Pattern object at 0xa4000f0>, 'level': 'debug'}, {'substr': 'command not found', 'level': 'error'}, {'regex': <_sre.SRE_Pattern object at 0xa3f4f38>, 'level': 'warning'}, {'substr': 'Traceback (most recent call last)', 'level': 'error'}, {'substr': 'SyntaxError: ', 'level': 'error'}, {'substr': 'TypeError: ', 'level': 'error'}, {'substr': 'NameError: ', 'level': 'error'}, {'substr': 'ZeroDivisionError: ', 'level': 'error'}, {'regex': <_sre.SRE_Pattern object at 0xa3f48c8>, 'level': 'critical'}, {'regex': <_sre.SRE_Pattern object at 0xa3f7270>, 'level': 'critical'}], 'cwd': '/builds/slave/test/build/tests/mochitest/websocketprocessbridge', 'env': {'TMOUT': '86400', 'LOGNAME': 'cltbld', 'USER': 'cltbld', 'HOME': '/home/cltbld', 'PATH': '/usr/local/bin:/usr/local/bin:/usr/bin:/bin:/usr/local/games:/usr/games', 'DISPLAY': ':0', 'CCACHE_UMASK': '002', 'LANG': 'en_US.UTF-8', 'TERM': 'linux', 'SHELL': '/bin/bash', 'MOZ_NODE_PATH': '/usr/bin/node', 'XDG_SESSION_COOKIE': '5a152710dd62cc268aad214e000002d8-1528588652.478745-1780109949', 'SHLVL': '1', 'NO_FAIL_ON_TEST_ERRORS': '1', 'MOZ_NO_REMOTE': '1', 'MOZ_HIDE_RESULTS_TABLE': '1', 'MAIL': '/var/mail/cltbld', '_': '/tools/buildbot/bin/python', 'NODE_PATH': '/usr/lib/nodejs:/usr/lib/node_modules:/usr/share/javascript', 'PWD': '/builds/slave/test', 'PROPERTIES_FILE': '/builds/slave/test/buildprops.json', 'CCACHE_DIR': '/builds/ccache'}}, attempt #1
17:04:12     INFO - Running command: ['/builds/slave/test/build/venv/bin/pip', 'install', '--timeout', '120', '-r', '/builds/slave/test/build/tests/mochitest/websocketprocessbridge/websocketprocessbridge_requirements.txt', '--no-index', '--find-links', 'http://pypi.pvt.build.mozilla.org/pub', '--find-links', 'http://pypi.pub.build.mozilla.org/pub', '--trusted-host', 'pypi.pub.build.mozilla.org', '--trusted-host', 'pypi.pvt.build.mozilla.org'] in /builds/slave/test/build/tests/mochitest/websocketprocessbridge
17:04:12     INFO - Copy/paste: /builds/slave/test/build/venv/bin/pip install --timeout 120 -r /builds/slave/test/build/tests/mochitest/websocketprocessbridge/websocketprocessbridge_requirements.txt --no-index --find-links http://pypi.pvt.build.mozilla.org/pub --find-links http://pypi.pub.build.mozilla.org/pub --trusted-host pypi.pub.build.mozilla.org --trusted-host pypi.pvt.build.mozilla.org
17:04:12     INFO - Using env: {'CCACHE_DIR': '/builds/ccache',
17:04:12     INFO -  'CCACHE_UMASK': '002',
17:04:12     INFO -  'DISPLAY': ':0',
17:04:12     INFO -  'HOME': '/home/cltbld',
17:04:12     INFO -  'LANG': 'en_US.UTF-8',
17:04:12     INFO -  'LOGNAME': 'cltbld',
17:04:12     INFO -  'MAIL': '/var/mail/cltbld',
17:04:12     INFO -  'MOZ_HIDE_RESULTS_TABLE': '1',
17:04:12     INFO -  'MOZ_NODE_PATH': '/usr/bin/node',
17:04:12     INFO -  'MOZ_NO_REMOTE': '1',
17:04:12     INFO -  'NODE_PATH': '/usr/lib/nodejs:/usr/lib/node_modules:/usr/share/javascript',
17:04:12     INFO -  'NO_FAIL_ON_TEST_ERRORS': '1',
17:04:12     INFO -  'PATH': '/usr/local/bin:/usr/local/bin:/usr/bin:/bin:/usr/local/games:/usr/games',
17:04:12     INFO -  'PROPERTIES_FILE': '/builds/slave/test/buildprops.json',
17:04:12     INFO -  'PWD': '/builds/slave/test',
17:04:12     INFO -  'SHELL': '/bin/bash',
17:04:12     INFO -  'SHLVL': '1',
17:04:12     INFO -  'TERM': 'linux',
17:04:12     INFO -  'TMOUT': '86400',
17:04:12     INFO -  'USER': 'cltbld',
17:04:12     INFO -  'XDG_SESSION_COOKIE': '5a152710dd62cc268aad214e000002d8-1528588652.478745-1780109949',
17:04:12     INFO -  '_': '/tools/buildbot/bin/python'}
17:04:13     INFO -  Ignoring indexes: https://pypi.python.org/simple
17:04:14     INFO -  Requirement already satisfied (use --upgrade to upgrade): six==1.10.0 in /builds/slave/test/build/venv/lib/python2.7/site-packages (from -r /builds/slave/test/build/tests/mochitest/websocketprocessbridge/websocketprocessbridge_requirements.txt (line 2))
17:04:14     INFO -  Requirement already satisfied (use --upgrade to upgrade): twisted==10.2.0 in /builds/slave/test/build/venv/lib/python2.7/site-packages (from -r /builds/slave/test/build/tests/mochitest/websocketprocessbridge/websocketprocessbridge_requirements.txt (line 4))
17:04:14     INFO -  Requirement already satisfied (use --upgrade to upgrade): txws==0.9.1 in /builds/slave/test/build/venv/lib/python2.7/site-packages (from -r /builds/slave/test/build/tests/mochitest/websocketprocessbridge/websocketprocessbridge_requirements.txt (line 7))
17:04:14     INFO -  Requirement already satisfied (use --upgrade to upgrade): psutil==3.1.1 in /builds/slave/test/build/venv/lib/python2.7/site-packages (from -r /builds/slave/test/build/tests/mochitest/websocketprocessbridge/websocketprocessbridge_requirements.txt (line 9))
17:04:14     INFO -  Requirement already satisfied (use --upgrade to upgrade): ipaddr==2.1.11 in /builds/slave/test/build/venv/lib/python2.7/site-packages (from -r /builds/slave/test/build/tests/mochitest/websocketprocessbridge/websocketprocessbridge_requirements.txt (line 12))
17:04:14     INFO -  Requirement already satisfied (use --upgrade to upgrade): passlib==1.6.5 in /builds/slave/test/build/venv/lib/python2.7/site-packages (from -r /builds/slave/test/build/tests/mochitest/websocketprocessbridge/websocketprocessbridge_requirements.txt (line 13))
17:04:14     INFO -  Collecting zope.interface (from twisted==10.2.0->-r /builds/slave/test/build/tests/mochitest/websocketprocessbridge/websocketprocessbridge_requirements.txt (line 4))
17:04:14     INFO -  /builds/slave/test/build/venv/lib/python2.7/site-packages/pip/_vendor/requests/packages/urllib3/util/ssl_.py:318: SNIMissingWarning: An HTTPS request has been made, but the SNI (Subject Name Indication) extension to TLS is not available on this platform. This may cause the server to present an incorrect TLS certificate, which can cause validation failures. You can upgrade to a newer version of Python to solve this. For more information, see https://urllib3.readthedocs.org/en/latest/security.html#snimissingwarning.
17:04:14     INFO -    SNIMissingWarning
17:04:14     INFO -  /builds/slave/test/build/venv/lib/python2.7/site-packages/pip/_vendor/requests/packages/urllib3/util/ssl_.py:122: InsecurePlatformWarning: A true SSLContext object is not available. This prevents urllib3 from configuring SSL appropriately and may cause certain SSL connections to fail. You can upgrade to a newer version of Python to solve this. For more information, see https://urllib3.readthedocs.org/en/latest/security.html#insecureplatformwarning.
17:04:14     INFO -    InsecurePlatformWarning
17:04:16     INFO -  /builds/slave/test/build/venv/lib/python2.7/site-packages/pip/_vendor/requests/packages/urllib3/util/ssl_.py:122: InsecurePlatformWarning: A true SSLContext object is not available. This prevents urllib3 from configuring SSL appropriately and may cause certain SSL connections to fail. You can upgrade to a newer version of Python to solve this. For more information, see https://urllib3.readthedocs.org/en/latest/security.html#insecureplatformwarning.
17:04:16     INFO -    InsecurePlatformWarning
17:04:21     INFO -    Downloading https://pypi.pvt.build.mozilla.org/pub/zope.interface-4.0.2.tar.gz (139kB)
17:04:23     INFO -  Requirement already satisfied (use --upgrade to upgrade): setuptools in /builds/slave/test/build/venv/lib/python2.7/site-packages (from zope.interface->twisted==10.2.0->-r /builds/slave/test/build/tests/mochitest/websocketprocessbridge/websocketprocessbridge_requirements.txt (line 4))
17:04:23     INFO -  Building wheels for collected packages: zope.interface
17:04:23     INFO -    Running setup.py bdist_wheel for zope.interface: started
17:04:25     INFO -    Running setup.py bdist_wheel for zope.interface: finished with status 'done'
17:04:25     INFO -    Stored in directory: /home/cltbld/.cache/pip/wheels/54/5c/71/e718400d2babcda41f4d97864183e1268dab308acc88e22470
17:04:25     INFO -  Successfully built zope.interface
17:04:25     INFO -  Installing collected packages: zope.interface
17:04:26     INFO -  Successfully installed zope.interface-4.0.2
17:04:26     INFO - Return code: 0
17:04:26     INFO - Done creating virtualenv /builds/slave/test/build/venv.
17:04:26     INFO - Getting output from command: ['/builds/slave/test/build/venv/bin/pip', 'freeze']
17:04:26     INFO - Copy/paste: /builds/slave/test/build/venv/bin/pip freeze
17:04:29     INFO - Reading from file tmpfile_stdout
17:04:29     INFO - Reading from file tmpfile_stderr
17:04:29     INFO - Current package versions:
17:04:29     INFO -   Twisted == 10.2.0
17:04:29     INFO -   blessings == 1.6
17:04:29     INFO -   blobuploader == 1.2.4
17:04:29     INFO -   browsermob-proxy == 0.6.0
17:04:29     INFO -   docopt == 0.6.1
17:04:29     INFO -   firefox-puppeteer == 52.1.0
17:04:29     INFO -   functools32 == 3.2.3.post2
17:04:29     INFO -   ipaddr == 2.1.11
17:04:29     INFO -   jsonschema == 2.5.1
17:04:29     INFO -   manifestparser == 1.1
17:04:29     INFO -   marionette-driver == 2.2.0
17:04:29     INFO -   marionette-harness == 4.0.0
17:04:29     INFO -   mock == 1.0.1
17:04:29     INFO -   mozInstall == 1.12
17:04:29     INFO -   mozcrash == 1.0
17:04:29     INFO -   mozdebug == 0.1
17:04:29     INFO -   mozdevice == 0.48
17:04:29     INFO -   mozfile == 1.2
17:04:29     INFO -   mozhttpd == 0.7
17:04:29     INFO -   mozinfo == 0.9
17:04:29     INFO -   mozleak == 0.1
17:04:29     INFO -   mozlog == 3.4
17:04:29     INFO -   moznetwork == 0.27
17:04:29     INFO -   mozprocess == 0.23
17:04:29     INFO -   mozprofile == 0.28
17:04:29     INFO -   mozrunner == 6.13
17:04:29     INFO -   mozscreenshot == 0.1
17:04:29     INFO -   mozsystemmonitor == 0.3
17:04:29     INFO -   moztest == 0.8
17:04:29     INFO -   mozversion == 1.4
17:04:29     INFO -   passlib == 1.6.5
17:04:29     INFO -   psutil == 3.1.1
17:04:29     INFO -   requests == 1.2.3
17:04:29     INFO -   simplejson == 3.3.0
17:04:29     INFO -   six == 1.10.0
17:04:29     INFO -   txWS == 0.9.1
17:04:29     INFO -   wptserve == 1.4.0
17:04:29     INFO -   zope.interface == 4.0.2
17:04:29     INFO - Running post-action listener: _resource_record_post_action
17:04:29     INFO - Running post-action listener: _start_resource_monitoring
17:04:29     INFO - Starting resource monitoring.
17:04:29     INFO - [mozharness: 2018-06-10 00:04:29.277551Z] Finished create-virtualenv step (success)
17:04:29     INFO - [mozharness: 2018-06-10 00:04:29.302171Z] Running install step.
17:04:29     INFO - Running pre-action listener: _resource_record_pre_action
17:04:29     INFO - Running main action method: install
17:04:29     INFO - Getting output from command: ['/builds/slave/test/build/venv/bin/pip', 'freeze']
17:04:29     INFO - Copy/paste: /builds/slave/test/build/venv/bin/pip freeze
17:04:30     INFO - Reading from file tmpfile_stdout
17:04:30     INFO - Reading from file tmpfile_stderr
17:04:30     INFO - Detecting whether we're running mozinstall >=1.0...
17:04:30     INFO - Getting output from command: ['/builds/slave/test/build/venv/bin/mozinstall', '-h']
17:04:30     INFO - Copy/paste: /builds/slave/test/build/venv/bin/mozinstall -h
17:04:31     INFO - Reading from file tmpfile_stdout
17:04:31     INFO - Output received:
17:04:31     INFO -  Usage: mozinstall [options] installer
17:04:31     INFO -  Options:
17:04:31     INFO -    -h, --help            show this help message and exit
17:04:31     INFO -    -d DEST, --destination=DEST
17:04:31     INFO -                          Directory to install application into. [default:
17:04:31     INFO -                          "/builds/slave/test"]
17:04:31     INFO -    --app=APP             Application being installed. [default: firefox]
17:04:31     INFO - mkdir: /builds/slave/test/build/application
17:04:31     INFO - Getting output from command: ['/builds/slave/test/build/venv/bin/mozinstall', '/builds/slave/test/build/installer.tar.bz2', '--destination', '/builds/slave/test/build/application']
17:04:31     INFO - Copy/paste: /builds/slave/test/build/venv/bin/mozinstall /builds/slave/test/build/installer.tar.bz2 --destination /builds/slave/test/build/application
17:04:58     INFO - Reading from file tmpfile_stdout
17:04:58     INFO - Output received:
17:04:58     INFO -  /builds/slave/test/build/application/firefox/firefox
17:04:58     INFO - Running post-action listener: _resource_record_post_action
17:04:58     INFO - [mozharness: 2018-06-10 00:04:58.495004Z] Finished install step (success)
17:04:58     INFO - [mozharness: 2018-06-10 00:04:58.495782Z] Running stage-files step.
17:04:58     INFO - Running pre-action listener: _resource_record_pre_action
17:04:58     INFO - Running main action method: stage_files
17:04:58     INFO - Running post-action listener: _resource_record_post_action
17:04:58     INFO - [mozharness: 2018-06-10 00:04:58.498813Z] Finished stage-files step (success)
17:04:58     INFO - [mozharness: 2018-06-10 00:04:58.499503Z] Running run-tests step.
17:04:58     INFO - Running pre-action listener: _resource_record_pre_action
17:04:58     INFO - Running pre-action listener: _set_gcov_prefix
17:04:58     INFO - Running main action method: run_tests
17:04:58     INFO - Running pre test command disable_screen_saver with 'xset s off s reset'
17:04:58     INFO - Running command: ['xset', 's', 'off', 's', 'reset'] in /builds/slave/test/build
17:04:58     INFO - Copy/paste: xset s off s reset
17:04:58     INFO - Return code: 0
17:04:58     INFO - #### Running mochitest suites
17:04:58     INFO - Structured output parser in use for mochitest.
17:04:58     INFO - grabbing minidump binary from tooltool
17:04:58     INFO - retry: Calling run_command with args: (['/tools/tooltool.py', '--url', 'https://api.pub.build.mozilla.org/tooltool/', '--authentication-file', '/builds/relengapi.tok', 'fetch', '-m', '/builds/slave/test/build/tests/config/tooltool-manifests/linux32/releng.manifest', '-o', '-c', '/builds/tooltool_cache'],), kwargs: {'output_timeout': 600, 'error_list': [{'substr': 'command not found', 'level': 'error'}, {'regex': <_sre.SRE_Pattern object at 0xa3f4f38>, 'level': 'warning'}, {'substr': 'Traceback (most recent call last)', 'level': 'error'}, {'substr': 'SyntaxError: ', 'level': 'error'}, {'substr': 'TypeError: ', 'level': 'error'}, {'substr': 'NameError: ', 'level': 'error'}, {'substr': 'ZeroDivisionError: ', 'level': 'error'}, {'regex': <_sre.SRE_Pattern object at 0xa3f48c8>, 'level': 'critical'}, {'regex': <_sre.SRE_Pattern object at 0xa3f7270>, 'level': 'critical'}, {'substr': 'ERROR - ', 'level': 'error'}], 'cwd': '/builds/slave/test/build', 'privileged': False}, attempt #1
17:04:58     INFO - Running command: ['/tools/tooltool.py', '--url', 'https://api.pub.build.mozilla.org/tooltool/', '--authentication-file', '/builds/relengapi.tok', 'fetch', '-m', '/builds/slave/test/build/tests/config/tooltool-manifests/linux32/releng.manifest', '-o', '-c', '/builds/tooltool_cache'] in /builds/slave/test/build
17:04:58     INFO - Copy/paste: /tools/tooltool.py --url https://api.pub.build.mozilla.org/tooltool/ --authentication-file /builds/relengapi.tok fetch -m /builds/slave/test/build/tests/config/tooltool-manifests/linux32/releng.manifest -o -c /builds/tooltool_cache
17:04:58     INFO - Calling ['/tools/tooltool.py', '--url', 'https://api.pub.build.mozilla.org/tooltool/', '--authentication-file', '/builds/relengapi.tok', 'fetch', '-m', '/builds/slave/test/build/tests/config/tooltool-manifests/linux32/releng.manifest', '-o', '-c', '/builds/tooltool_cache'] with output_timeout 600
17:04:59     INFO -  INFO - File linux32-minidump_stackwalk not present in local cache folder /builds/tooltool_cache
17:04:59     INFO -  INFO - Attempting to fetch from 'https://api.pub.build.mozilla.org/tooltool/'...
17:05:00     INFO -  INFO - File linux32-minidump_stackwalk fetched from https://api.pub.build.mozilla.org/tooltool/ as /builds/slave/test/build/tmpGLGpm5
17:05:00     INFO -  INFO - File integrity verified, renaming tmpGLGpm5 to linux32-minidump_stackwalk
17:05:00     INFO -  INFO - Updating local cache /builds/tooltool_cache...
17:05:00     INFO -  INFO - Local cache /builds/tooltool_cache updated with linux32-minidump_stackwalk
17:05:00     INFO - Return code: 0
17:05:00     INFO - Chmoding /builds/slave/test/build/linux32-minidump_stackwalk to 0755
17:05:00     INFO - grabbing nodejs binary from tooltool
17:05:00     INFO - retry: Calling run_command with args: (['/tools/tooltool.py', '--url', 'https://api.pub.build.mozilla.org/tooltool/', '--authentication-file', '/builds/relengapi.tok', 'fetch', '-m', '/builds/slave/test/build/tests/config/tooltool-manifests/linux32/nodejs.manifest', '-o', '-c', '/builds/tooltool_cache'],), kwargs: {'output_timeout': 600, 'error_list': [{'substr': 'command not found', 'level': 'error'}, {'regex': <_sre.SRE_Pattern object at 0xa3f4f38>, 'level': 'warning'}, {'substr': 'Traceback (most recent call last)', 'level': 'error'}, {'substr': 'SyntaxError: ', 'level': 'error'}, {'substr': 'TypeError: ', 'level': 'error'}, {'substr': 'NameError: ', 'level': 'error'}, {'substr': 'ZeroDivisionError: ', 'level': 'error'}, {'regex': <_sre.SRE_Pattern object at 0xa3f48c8>, 'level': 'critical'}, {'regex': <_sre.SRE_Pattern object at 0xa3f7270>, 'level': 'critical'}, {'substr': 'ERROR - ', 'level': 'error'}], 'cwd': '/builds/slave/test/build', 'privileged': False}, attempt #1
17:05:00     INFO - Running command: ['/tools/tooltool.py', '--url', 'https://api.pub.build.mozilla.org/tooltool/', '--authentication-file', '/builds/relengapi.tok', 'fetch', '-m', '/builds/slave/test/build/tests/config/tooltool-manifests/linux32/nodejs.manifest', '-o', '-c', '/builds/tooltool_cache'] in /builds/slave/test/build
17:05:00     INFO - Copy/paste: /tools/tooltool.py --url https://api.pub.build.mozilla.org/tooltool/ --authentication-file /builds/relengapi.tok fetch -m /builds/slave/test/build/tests/config/tooltool-manifests/linux32/nodejs.manifest -o -c /builds/tooltool_cache
17:05:00     INFO - Calling ['/tools/tooltool.py', '--url', 'https://api.pub.build.mozilla.org/tooltool/', '--authentication-file', '/builds/relengapi.tok', 'fetch', '-m', '/builds/slave/test/build/tests/config/tooltool-manifests/linux32/nodejs.manifest', '-o', '-c', '/builds/tooltool_cache'] with output_timeout 600
17:05:00     INFO -  INFO - File node-linux-x86.tar.gz not present in local cache folder /builds/tooltool_cache
17:05:00     INFO -  INFO - Attempting to fetch from 'https://api.pub.build.mozilla.org/tooltool/'...
17:05:02     INFO -  INFO - File node-linux-x86.tar.gz fetched from https://api.pub.build.mozilla.org/tooltool/ as /builds/slave/test/build/tmprDYpZj
17:05:02     INFO -  INFO - File integrity verified, renaming tmprDYpZj to node-linux-x86.tar.gz
17:05:02     INFO -  INFO - Updating local cache /builds/tooltool_cache...
17:05:03     INFO -  INFO - Local cache /builds/tooltool_cache updated with node-linux-x86.tar.gz
17:05:03     INFO -  INFO - untarring "node-linux-x86.tar.gz"
17:05:06     INFO - Return code: 0
17:05:06     INFO - Chmoding /builds/slave/test/build/node-linux-x86/bin/node to 0755
17:05:06     INFO - mkdir: /builds/slave/test/build/blobber_upload_dir
17:05:06     INFO - ENV: MOZ_UPLOAD_DIR is now /builds/slave/test/build/blobber_upload_dir
17:05:06     INFO - ENV: MINIDUMP_STACKWALK is now /builds/slave/test/build/linux32-minidump_stackwalk
17:05:06     INFO - ENV: MOZ_NODE_PATH is now /builds/slave/test/build/node-linux-x86/bin/node
17:05:06     INFO - ENV: MINIDUMP_SAVE_PATH is now /builds/slave/test/build/blobber_upload_dir
17:05:06     INFO - Running command: ['/builds/slave/test/build/venv/bin/python', '-u', '/builds/slave/test/build/tests/mochitest/runtests.py', '--disable-e10s', '--appname=/builds/slave/test/build/application/firefox/firefox', '--utility-path=tests/bin', '--extra-profile-file=tests/bin/plugins', '--symbols-path=https://queue.taskcluster.net/v1/task/ZkogR2LsTsy-gAv6y4iKyQ/artifacts/public/build/firefox-52.8.2.en-US.linux-i686.crashreporter-symbols.zip', '--certificate-path=tests/certs', '--setpref=webgl.force-enabled=true', '--quiet', '--log-raw=/builds/slave/test/build/blobber_upload_dir/plain-gpu_raw.log', '--log-errorsummary=/builds/slave/test/build/blobber_upload_dir/plain-gpu_errorsummary.log', '--use-test-media-devices', '--screenshot-on-fail', '--cleanup-crashes', '--marionette-startup-timeout=180', '--log-raw=-', '--subsuite=gpu'] in /builds/slave/test/build
17:05:06     INFO - Copy/paste: /builds/slave/test/build/venv/bin/python -u /builds/slave/test/build/tests/mochitest/runtests.py --disable-e10s --appname=/builds/slave/test/build/application/firefox/firefox --utility-path=tests/bin --extra-profile-file=tests/bin/plugins --symbols-path=https://queue.taskcluster.net/v1/task/ZkogR2LsTsy-gAv6y4iKyQ/artifacts/public/build/firefox-52.8.2.en-US.linux-i686.crashreporter-symbols.zip --certificate-path=tests/certs --setpref=webgl.force-enabled=true --quiet --log-raw=/builds/slave/test/build/blobber_upload_dir/plain-gpu_raw.log --log-errorsummary=/builds/slave/test/build/blobber_upload_dir/plain-gpu_errorsummary.log --use-test-media-devices --screenshot-on-fail --cleanup-crashes --marionette-startup-timeout=180 --log-raw=- --subsuite=gpu
17:05:06     INFO - Using env: {'CCACHE_DIR': '/builds/ccache',
17:05:06     INFO -  'CCACHE_UMASK': '002',
17:05:06     INFO -  'DISPLAY': ':0',
17:05:06     INFO -  'HOME': '/home/cltbld',
17:05:06     INFO -  'LANG': 'en_US.UTF-8',
17:05:06     INFO -  'LOGNAME': 'cltbld',
17:05:06     INFO -  'MAIL': '/var/mail/cltbld',
17:05:06     INFO -  'MINIDUMP_SAVE_PATH': '/builds/slave/test/build/blobber_upload_dir',
17:05:06     INFO -  'MINIDUMP_STACKWALK': '/builds/slave/test/build/linux32-minidump_stackwalk',
17:05:06     INFO -  'MOZ_HIDE_RESULTS_TABLE': '1',
17:05:06     INFO -  'MOZ_NODE_PATH': '/builds/slave/test/build/node-linux-x86/bin/node',
17:05:06     INFO -  'MOZ_NO_REMOTE': '1',
17:05:06     INFO -  'MOZ_UPLOAD_DIR': '/builds/slave/test/build/blobber_upload_dir',
17:05:06     INFO -  'NODE_PATH': '/usr/lib/nodejs:/usr/lib/node_modules:/usr/share/javascript',
17:05:06     INFO -  'NO_FAIL_ON_TEST_ERRORS': '1',
17:05:06     INFO -  'PATH': '/builds/slave/test/build/venv/bin:/usr/local/bin:/usr/local/bin:/usr/bin:/bin:/usr/local/games:/usr/games',
17:05:06     INFO -  'PROPERTIES_FILE': '/builds/slave/test/buildprops.json',
17:05:06     INFO -  'PWD': '/builds/slave/test',
17:05:06     INFO -  'SHELL': '/bin/bash',
17:05:06     INFO -  'SHLVL': '1',
17:05:06     INFO -  'TERM': 'linux',
17:05:06     INFO -  'TMOUT': '86400',
17:05:06     INFO -  'USER': 'cltbld',
17:05:06     INFO -  'XDG_SESSION_COOKIE': '5a152710dd62cc268aad214e000002d8-1528588652.478745-1780109949',
17:05:06     INFO -  '_': '/tools/buildbot/bin/python'}
17:05:06     INFO - Calling ['/builds/slave/test/build/venv/bin/python', '-u', '/builds/slave/test/build/tests/mochitest/runtests.py', '--disable-e10s', '--appname=/builds/slave/test/build/application/firefox/firefox', '--utility-path=tests/bin', '--extra-profile-file=tests/bin/plugins', '--symbols-path=https://queue.taskcluster.net/v1/task/ZkogR2LsTsy-gAv6y4iKyQ/artifacts/public/build/firefox-52.8.2.en-US.linux-i686.crashreporter-symbols.zip', '--certificate-path=tests/certs', '--setpref=webgl.force-enabled=true', '--quiet', '--log-raw=/builds/slave/test/build/blobber_upload_dir/plain-gpu_raw.log', '--log-errorsummary=/builds/slave/test/build/blobber_upload_dir/plain-gpu_errorsummary.log', '--use-test-media-devices', '--screenshot-on-fail', '--cleanup-crashes', '--marionette-startup-timeout=180', '--log-raw=-', '--subsuite=gpu'] with output_timeout 1000
17:05:08     INFO - Checking for orphan ssltunnel processes...
17:05:08     INFO - Checking for orphan xpcshell processes...
17:05:14     INFO - SUITE-START | Running 21 tests
17:05:14     INFO - TEST-START | dom/canvas/test/test_offscreencanvas_basic_webgl.html
17:05:14     INFO - TEST-SKIP | dom/canvas/test/test_offscreencanvas_basic_webgl.html | took 1ms
17:05:14     INFO - TEST-START | dom/canvas/test/test_offscreencanvas_dynamic_fallback.html
17:05:14     INFO - TEST-SKIP | dom/canvas/test/test_offscreencanvas_dynamic_fallback.html | took 2ms
17:05:14     INFO - TEST-START | dom/canvas/test/test_offscreencanvas_many.html
17:05:14     INFO - TEST-SKIP | dom/canvas/test/test_offscreencanvas_many.html | took 0ms
17:05:14     INFO - TEST-START | dom/canvas/test/test_offscreencanvas_neuter.html
17:05:14     INFO - TEST-SKIP | dom/canvas/test/test_offscreencanvas_neuter.html | took 1ms
17:05:14     INFO - TEST-START | dom/canvas/test/test_offscreencanvas_serviceworker.html
17:05:14     INFO - TEST-SKIP | dom/canvas/test/test_offscreencanvas_serviceworker.html | took 0ms
17:05:14     INFO - TEST-START | dom/canvas/test/test_offscreencanvas_sharedworker.html
17:05:14     INFO - TEST-SKIP | dom/canvas/test/test_offscreencanvas_sharedworker.html | took 1ms
17:05:14     INFO - TEST-START | dom/canvas/test/test_offscreencanvas_sizechange.html
17:05:14     INFO - TEST-SKIP | dom/canvas/test/test_offscreencanvas_sizechange.html | took 0ms
17:05:14     INFO - TEST-START | dom/canvas/test/test_offscreencanvas_subworker.html
17:05:14     INFO - TEST-SKIP | dom/canvas/test/test_offscreencanvas_subworker.html | took 0ms
17:05:14     INFO - TEST-START | dom/canvas/test/test_offscreencanvas_toblob.html
17:05:14     INFO - TEST-SKIP | dom/canvas/test/test_offscreencanvas_toblob.html | took 0ms
17:05:14     INFO - TEST-START | dom/canvas/test/test_offscreencanvas_toimagebitmap.html
17:05:14     INFO - TEST-SKIP | dom/canvas/test/test_offscreencanvas_toimagebitmap.html | took 0ms
17:05:14     INFO - TEST-START | dom/imptests/html/webgl/test_compressedTexSubImage2D.html
17:05:14     INFO - TEST-SKIP | dom/imptests/html/webgl/test_compressedTexSubImage2D.html | took 1ms
17:05:14     INFO -  dir: dom/bindings/test
17:05:21     INFO -  ImportError: No module named pygtk
17:05:22     INFO -  Setting pipeline to PAUSED ...
17:05:22     INFO -  libv4l2: error getting pixformat: Invalid argument
17:05:22     INFO -  Pipeline is PREROLLING ...
17:05:22     INFO -  Pipeline is PREROLLED ...
17:05:22     INFO -  Setting pipeline to PLAYING ...
17:05:22     INFO -  New clock: GstSystemClock
17:05:22     INFO -  Got EOS from element "pipeline0".
17:05:22     INFO -  Execution ended after 31510215 ns.
17:05:22     INFO -  Setting pipeline to PAUSED ...
17:05:22     INFO -  Setting pipeline to READY ...
17:05:22     INFO -  Setting pipeline to NULL ...
17:05:22     INFO -  Freeing pipeline ...
17:05:22     INFO -  23
17:05:23     INFO -  mozprofile.addons WARNING | Could not install /builds/slave/test/build/tests/mochitest/extensions/mozscreenshots: [Errno 2] No such file or directory: '/builds/slave/test/build/tests/mochitest/extensions/mozscreenshots/install.rdf'
17:05:23     INFO -  pk12util: PKCS12 IMPORT SUCCESSFUL
17:05:24     INFO - MochitestServer : launching [u'/builds/slave/test/build/tests/bin/xpcshell', '-g', '/builds/slave/test/build/application/firefox', '-v', '170', '-f', '/builds/slave/test/build/tests/bin/components/httpd.js', '-e', "const _PROFILE_PATH = '/tmp/tmp6bpXHr.mozrunner'; const _SERVER_PORT = '8888'; const _SERVER_ADDR = '127.0.0.1'; const _TEST_PREFIX = undefined; const _DISPLAY_RESULTS = false;", '-f', '/builds/slave/test/build/tests/mochitest/server.js']
17:05:24     INFO - runtests.py | Server pid: 2324
17:05:24     INFO - runtests.py | Websocket server pid: 2327
17:05:24     INFO - runtests.py | SSL tunnel pid: 2330
17:05:25     INFO - runtests.py | Running with e10s: False
17:05:25     INFO - runtests.py | Running tests: start.
17:05:25     INFO - 
17:05:25     INFO - Application command: /builds/slave/test/build/application/firefox/firefox -marionette -foreground -profile /tmp/tmp6bpXHr.mozrunner
17:05:25     INFO - runtests.py | Application pid: 2352
17:05:25     INFO - TEST-INFO | started process Main app process
17:05:31     INFO - 1528589131514	Marionette	INFO	Listening on port 2828
17:05:40     INFO - SimpleTest START
17:05:40     INFO - TEST-START | dom/bindings/test/test_sequence_wrapping.html
17:05:41     INFO - ATTENTION: default value of option force_s3tc_enable overridden by environment.
17:05:42     INFO - MEMORY STAT vsizeMaxContiguous not supported in this build configuration.
17:05:42     INFO - MEMORY STAT | vsize 751MB | residentFast 166MB | heapAllocated 77MB
17:05:42     INFO - TEST-OK | dom/bindings/test/test_sequence_wrapping.html | took 2238ms
17:05:42     INFO - TEST-START | Shutdown
17:05:42     INFO - Passed:  4
17:05:42     INFO - Failed:  0
17:05:42     INFO - Todo:    0
17:05:42     INFO - Mode:    non-e10s
17:05:42     INFO - Slowest: 2240ms - /tests/dom/bindings/test/test_sequence_wrapping.html
17:05:42     INFO - SimpleTest FINISHED
17:05:42     INFO - TEST-INFO | Ran 1 Loops
17:05:42     INFO - SimpleTest FINISHED
17:05:44     INFO - TEST-INFO | Main app process: exit 0
17:05:44     INFO - runtests.py | Application ran for: 0:00:19.110731
17:05:44     INFO - zombiecheck | Reading PID log: /tmp/tmprvzijUpidlog
17:05:44     INFO - ==> process 2352 launched child process 2373
17:05:44     INFO - zombiecheck | Checking for orphan process with PID: 2373
17:05:44     INFO - Stopping web server
17:05:44     INFO - Stopping web socket server
17:05:44     INFO - Stopping ssltunnel
17:05:44  WARNING - leakcheck | refcount logging is off, so leaks can't be detected!
17:05:44     INFO - runtests.py | Running tests: end.
17:05:45     INFO - Buffered messages finished
17:05:45     INFO -  dir: dom/canvas/test/crossorigin
17:05:45     INFO -  Setting pipeline to PAUSED ...
17:05:45     INFO -  Pipeline is PREROLLING ...
17:05:45     INFO -  Pipeline is PREROLLED ...
17:05:45     INFO -  Setting pipeline to PLAYING ...
17:05:45     INFO -  New clock: GstSystemClock
17:05:45     INFO -  Got EOS from element "pipeline0".
17:05:45     INFO -  Execution ended after 31952193 ns.
17:05:45     INFO -  Setting pipeline to PAUSED ...
17:05:45     INFO -  Setting pipeline to READY ...
17:05:45     INFO -  Setting pipeline to NULL ...
17:05:45     INFO -  Freeing pipeline ...
17:05:45     INFO -  mozprofile.addons WARNING | Could not install /builds/slave/test/build/tests/mochitest/extensions/mozscreenshots: [Errno 2] No such file or directory: '/builds/slave/test/build/tests/mochitest/extensions/mozscreenshots/install.rdf'
17:05:46     INFO -  pk12util: PKCS12 IMPORT SUCCESSFUL
17:05:46     INFO - MochitestServer : launching [u'/builds/slave/test/build/tests/bin/xpcshell', '-g', '/builds/slave/test/build/application/firefox', '-v', '170', '-f', '/builds/slave/test/build/tests/bin/components/httpd.js', '-e', "const _PROFILE_PATH = '/tmp/tmplRGQVR.mozrunner'; const _SERVER_PORT = '8888'; const _SERVER_ADDR = '127.0.0.1'; const _TEST_PREFIX = undefined; const _DISPLAY_RESULTS = false;", '-f', '/builds/slave/test/build/tests/mochitest/server.js']
17:05:46     INFO - runtests.py | Server pid: 2444
17:05:46     INFO - runtests.py | Websocket server pid: 2447
17:05:47     INFO - runtests.py | SSL tunnel pid: 2450
17:05:48     INFO - runtests.py | Running with e10s: False
17:05:48     INFO - runtests.py | Running tests: start.
17:05:48     INFO - 
17:05:48     INFO - Application command: /builds/slave/test/build/application/firefox/firefox -marionette -foreground -profile /tmp/tmplRGQVR.mozrunner
17:05:48     INFO - runtests.py | Application pid: 2472
17:05:48     INFO - TEST-INFO | started process Main app process
17:05:53     INFO - 1528589153746	Marionette	INFO	Listening on port 2828
17:06:01     INFO - SimpleTest START
17:06:01     INFO - TEST-START | dom/canvas/test/crossorigin/test_video_crossorigin.html
17:06:03     INFO - ATTENTION: default value of option force_s3tc_enable overridden by environment.
17:06:04     INFO - JavaScript warning: http://mochi.test:8888/tests/dom/canvas/test/crossorigin/test_video_crossorigin.html, line 93: Error: WebGL: texImage2D: Cross-origin elements require CORS.
17:06:06     INFO - JavaScript warning: http://mochi.test:8888/tests/dom/canvas/test/crossorigin/test_video_crossorigin.html, line 93: Error: WebGL: texImage2D: Cross-origin elements require CORS.
17:06:07     INFO - JavaScript warning: http://mochi.test:8888/tests/dom/canvas/test/crossorigin/test_video_crossorigin.html, line 93: Error: WebGL: texImage2D: Failed to hit GPU-copy fast-path. Falling back to CPU upload.
17:06:07     INFO - JavaScript warning: http://mochi.test:8888/tests/dom/canvas/test/crossorigin/test_video_crossorigin.html, line 93: Error: WebGL: texImage2D: Conversion requires pixel reformatting.
17:06:08     INFO - JavaScript warning: http://mochi.test:8888/tests/dom/canvas/test/crossorigin/test_video_crossorigin.html, line 93: Error: WebGL: texImage2D: Failed to hit GPU-copy fast-path. Falling back to CPU upload.
17:06:08     INFO - JavaScript warning: http://mochi.test:8888/tests/dom/canvas/test/crossorigin/test_video_crossorigin.html, line 93: Error: WebGL: texImage2D: Conversion requires pixel reformatting.
17:06:08     INFO - JavaScript warning: http://mochi.test:8888/tests/dom/canvas/test/crossorigin/test_video_crossorigin.html, line 93: Error: WebGL: texImage2D: Failed to hit GPU-copy fast-path. Falling back to CPU upload.
17:06:08     INFO - JavaScript warning: http://mochi.test:8888/tests/dom/canvas/test/crossorigin/test_video_crossorigin.html, line 93: Error: WebGL: texImage2D: Conversion requires pixel reformatting.
17:06:09     INFO - JavaScript warning: http://mochi.test:8888/tests/dom/canvas/test/crossorigin/test_video_crossorigin.html, line 93: Error: WebGL: texImage2D: Failed to hit GPU-copy fast-path. Falling back to CPU upload.
17:06:09     INFO - JavaScript warning: http://mochi.test:8888/tests/dom/canvas/test/crossorigin/test_video_crossorigin.html, line 93: Error: WebGL: texImage2D: Conversion requires pixel reformatting.
17:06:10     INFO - JavaScript warning: http://mochi.test:8888/tests/dom/canvas/test/crossorigin/test_video_crossorigin.html, line 93: Error: WebGL: texImage2D: Cross-origin elements require CORS.
17:06:10     INFO - JavaScript warning: http://mochi.test:8888/tests/dom/canvas/test/crossorigin/test_video_crossorigin.html, line 93: Error: WebGL: texImage2D: Failed to hit GPU-copy fast-path. Falling back to CPU upload.
17:06:10     INFO - JavaScript warning: http://mochi.test:8888/tests/dom/canvas/test/crossorigin/test_video_crossorigin.html, line 93: Error: WebGL: texImage2D: Conversion requires pixel reformatting.
17:06:11     INFO - JavaScript warning: http://mochi.test:8888/tests/dom/canvas/test/crossorigin/test_video_crossorigin.html, line 93: Error: WebGL: texImage2D: Failed to hit GPU-copy fast-path. Falling back to CPU upload.
17:06:11     INFO - JavaScript warning: http://mochi.test:8888/tests/dom/canvas/test/crossorigin/test_video_crossorigin.html, line 93: Error: WebGL: texImage2D: Conversion requires pixel reformatting.
17:06:11     INFO - JavaScript warning: http://mochi.test:8888/tests/dom/canvas/test/crossorigin/test_video_crossorigin.html, line 93: Error: WebGL: texImage2D: Failed to hit GPU-copy fast-path. Falling back to CPU upload.
17:06:11     INFO - JavaScript warning: http://mochi.test:8888/tests/dom/canvas/test/crossorigin/test_video_crossorigin.html, line 93: Error: WebGL: texImage2D: Conversion requires pixel reformatting.
17:06:12     INFO - JavaScript warning: http://mochi.test:8888/tests/dom/canvas/test/crossorigin/test_video_crossorigin.html, line 93: Error: WebGL: texImage2D: Failed to hit GPU-copy fast-path. Falling back to CPU upload.
17:06:12     INFO - JavaScript warning: http://mochi.test:8888/tests/dom/canvas/test/crossorigin/test_video_crossorigin.html, line 93: Error: WebGL: texImage2D: Conversion requires pixel reformatting.
17:06:12     INFO - JavaScript warning: http://mochi.test:8888/tests/dom/canvas/test/crossorigin/test_video_crossorigin.html, line 93: Error: WebGL: texImage2D: Failed to hit GPU-copy fast-path. Falling back to CPU upload.
17:06:12     INFO - JavaScript warning: http://mochi.test:8888/tests/dom/canvas/test/crossorigin/test_video_crossorigin.html, line 93: Error: WebGL: texImage2D: Conversion requires pixel reformatting.
17:06:13     INFO - MEMORY STAT vsizeMaxContiguous not supported in this build configuration.
17:06:13     INFO - MEMORY STAT | vsize 884MB | residentFast 184MB | heapAllocated 93MB
17:06:13     INFO - TEST-OK | dom/canvas/test/crossorigin/test_video_crossorigin.html | took 8110ms
17:06:13     INFO - TEST-START | dom/canvas/test/crossorigin/test_webgl_crossorigin_textures.html
17:06:13     INFO - JavaScript warning: http://mochi.test:8888/tests/dom/canvas/test/crossorigin/test_webgl_crossorigin_textures.html, line 48: Error: WebGL: texImage2D: Conversion requires pixel reformatting.
17:06:13     INFO - JavaScript warning: http://mochi.test:8888/tests/dom/canvas/test/crossorigin/test_webgl_crossorigin_textures.html, line 48: Error: WebGL: texImage2D: Conversion requires pixel reformatting.
17:06:13     INFO - JavaScript warning: http://mochi.test:8888/tests/dom/canvas/test/crossorigin/test_webgl_crossorigin_textures.html, line 48: Error: WebGL: texImage2D: Conversion requires pixel reformatting.
17:06:13     INFO - JavaScript warning: http://mochi.test:8888/tests/dom/canvas/test/crossorigin/test_webgl_crossorigin_textures.html, line 48: Error: WebGL: texImage2D: Conversion requires pixel reformatting.
17:06:13     INFO - JavaScript warning: http://mochi.test:8888/tests/dom/canvas/test/crossorigin/test_webgl_crossorigin_textures.html, line 48: Error: WebGL: texImage2D: Cross-origin elements require CORS.
17:06:13     INFO - JavaScript warning: http://mochi.test:8888/tests/dom/canvas/test/crossorigin/test_webgl_crossorigin_textures.html, line 48: Error: WebGL: texImage2D: Cross-origin elements require CORS.
17:06:13     INFO - JavaScript warning: http://mochi.test:8888/tests/dom/canvas/test/crossorigin/test_webgl_crossorigin_textures.html, line 48: Error: WebGL: texImage2D: Conversion requires pixel reformatting.
17:06:13     INFO - JavaScript warning: http://mochi.test:8888/tests/dom/canvas/test/crossorigin/test_webgl_crossorigin_textures.html, line 48: Error: WebGL: texImage2D: Conversion requires pixel reformatting.
17:06:13     INFO - JavaScript warning: http://mochi.test:8888/tests/dom/canvas/test/crossorigin/test_webgl_crossorigin_textures.html, line 48: Error: WebGL: texImage2D: Conversion requires pixel reformatting.
17:06:13     INFO - JavaScript warning: http://mochi.test:8888/tests/dom/canvas/test/crossorigin/test_webgl_crossorigin_textures.html, line 48: Error: WebGL: texImage2D: Cross-origin elements require CORS.
17:06:13     INFO - JavaScript warning: http://mochi.test:8888/tests/dom/canvas/test/crossorigin/test_webgl_crossorigin_textures.html, line 48: Error: WebGL: texImage2D: Conversion requires pixel reformatting.
17:06:13     INFO - JavaScript warning: http://mochi.test:8888/tests/dom/canvas/test/crossorigin/test_webgl_crossorigin_textures.html, line 48: Error: WebGL: texImage2D: Conversion requires pixel reformatting.
17:06:14     INFO - JavaScript warning: http://mochi.test:8888/tests/dom/canvas/test/crossorigin/test_webgl_crossorigin_textures.html, line 48: Error: WebGL: texImage2D: Conversion requires pixel reformatting.
17:06:14     INFO - JavaScript warning: http://mochi.test:8888/tests/dom/canvas/test/crossorigin/test_webgl_crossorigin_textures.html, line 48: Error: WebGL: texImage2D: Conversion requires pixel reformatting.
17:06:14     INFO - JavaScript warning: http://mochi.test:8888/tests/dom/canvas/test/crossorigin/test_webgl_crossorigin_textures.html, line 48: Error: WebGL: texImage2D: Conversion requires pixel reformatting.
17:06:14     INFO - JavaScript warning: http://mochi.test:8888/tests/dom/canvas/test/crossorigin/test_webgl_crossorigin_textures.html, line 48: Error: WebGL: texImage2D: Conversion requires pixel reformatting.
17:06:14     INFO - MEMORY STAT | vsize 884MB | residentFast 178MB | heapAllocated 79MB
17:06:14     INFO - TEST-OK | dom/canvas/test/crossorigin/test_webgl_crossorigin_textures.html | took 1146ms
17:06:14     INFO - TEST-START | Shutdown
17:06:14     INFO - Passed:  144
17:06:14     INFO - Failed:  0
17:06:14     INFO - Todo:    0
17:06:14     INFO - Mode:    non-e10s
17:06:14     INFO - Slowest: 8098ms - /tests/dom/canvas/test/crossorigin/test_video_crossorigin.html
17:06:14     INFO - SimpleTest FINISHED
17:06:14     INFO - TEST-INFO | Ran 1 Loops
17:06:14     INFO - SimpleTest FINISHED
17:06:14     INFO - TEST-INFO | Main app process: exit 0
17:06:14     INFO - runtests.py | Application ran for: 0:00:26.826233
17:06:14     INFO - zombiecheck | Reading PID log: /tmp/tmpE9LpaHpidlog
17:06:14     INFO - ==> process 2472 launched child process 2493
17:06:14     INFO - zombiecheck | Checking for orphan process with PID: 2493
17:06:14     INFO - Stopping web server
17:06:15     INFO - Stopping web socket server
17:06:15     INFO - Stopping ssltunnel
17:06:15  WARNING - leakcheck | refcount logging is off, so leaks can't be detected!
17:06:15     INFO - runtests.py | Running tests: end.
17:06:15     INFO - Buffered messages finished
17:06:15     INFO -  dir: dom/canvas/test
17:06:15     INFO -  Setting pipeline to PAUSED ...
17:06:15     INFO -  Pipeline is PREROLLING ...
17:06:15     INFO -  Pipeline is PREROLLED ...
17:06:15     INFO -  Setting pipeline to PLAYING ...
17:06:15     INFO -  New clock: GstSystemClock
17:06:15     INFO -  Got EOS from element "pipeline0".
17:06:15     INFO -  Execution ended after 31975215 ns.
17:06:15     INFO -  Setting pipeline to PAUSED ...
17:06:15     INFO -  Setting pipeline to READY ...
17:06:15     INFO -  Setting pipeline to NULL ...
17:06:15     INFO -  Freeing pipeline ...
17:06:15     INFO -  mozprofile.addons WARNING | Could not install /builds/slave/test/build/tests/mochitest/extensions/mozscreenshots: [Errno 2] No such file or directory: '/builds/slave/test/build/tests/mochitest/extensions/mozscreenshots/install.rdf'
17:06:16     INFO -  pk12util: PKCS12 IMPORT SUCCESSFUL
17:06:16     INFO - MochitestServer : launching [u'/builds/slave/test/build/tests/bin/xpcshell', '-g', '/builds/slave/test/build/application/firefox', '-v', '170', '-f', '/builds/slave/test/build/tests/bin/components/httpd.js', '-e', "const _PROFILE_PATH = '/tmp/tmpauMfM8.mozrunner'; const _SERVER_PORT = '8888'; const _SERVER_ADDR = '127.0.0.1'; const _TEST_PREFIX = undefined; const _DISPLAY_RESULTS = false;", '-f', '/builds/slave/test/build/tests/mochitest/server.js']
17:06:16     INFO - runtests.py | Server pid: 2573
17:06:17     INFO - runtests.py | Websocket server pid: 2576
17:06:17     INFO - runtests.py | SSL tunnel pid: 2579
17:06:18     INFO - runtests.py | Running with e10s: False
17:06:18     INFO - runtests.py | Running tests: start.
17:06:18     INFO - 
17:06:18     INFO - Application command: /builds/slave/test/build/application/firefox/firefox -marionette -foreground -profile /tmp/tmpauMfM8.mozrunner
17:06:18     INFO - runtests.py | Application pid: 2601
17:06:18     INFO - TEST-INFO | started process Main app process
17:06:24     INFO - 1528589184014	Marionette	INFO	Listening on port 2828
17:06:31     INFO - SimpleTest START
17:06:31     INFO - TEST-START | dom/canvas/test/test_bug1215072.html
17:06:33     INFO - ATTENTION: default value of option force_s3tc_enable overridden by environment.
17:06:34     INFO - MEMORY STAT vsizeMaxContiguous not supported in this build configuration.
17:06:34     INFO - MEMORY STAT | vsize 772MB | residentFast 188MB | heapAllocated 99MB
17:06:34     INFO - TEST-OK | dom/canvas/test/test_bug1215072.html | took 2656ms
17:06:34     INFO - TEST-START | Shutdown
17:06:34     INFO - Passed:  12
17:06:34     INFO - Failed:  0
17:06:34     INFO - Todo:    0
17:06:34     INFO - Mode:    non-e10s
17:06:34     INFO - Slowest: 2656ms - /tests/dom/canvas/test/test_bug1215072.html
17:06:34     INFO - SimpleTest FINISHED
17:06:34     INFO - TEST-INFO | Ran 1 Loops
17:06:34     INFO - SimpleTest FINISHED
17:06:37     INFO - TEST-INFO | Main app process: exit 0
17:06:37     INFO - runtests.py | Application ran for: 0:00:18.885358
17:06:37     INFO - zombiecheck | Reading PID log: /tmp/tmpNczWYgpidlog
17:06:37     INFO - ==> process 2601 launched child process 2622
17:06:37     INFO - zombiecheck | Checking for orphan process with PID: 2622
17:06:37     INFO - Stopping web server
17:06:37     INFO - Stopping web socket server
17:06:37     INFO - Stopping ssltunnel
17:06:37  WARNING - leakcheck | refcount logging is off, so leaks can't be detected!
17:06:37     INFO - runtests.py | Running tests: end.
17:06:37     INFO - Buffered messages finished
17:06:37     INFO -  dir: dom/imptests/html/webgl
17:06:37     INFO -  Setting pipeline to PAUSED ...
17:06:37     INFO -  Pipeline is PREROLLING ...
17:06:37     INFO -  Pipeline is PREROLLED ...
17:06:37     INFO -  Setting pipeline to PLAYING ...
17:06:37     INFO -  New clock: GstSystemClock
17:06:37     INFO -  Got EOS from element "pipeline0".
17:06:37     INFO -  Execution ended after 31778608 ns.
17:06:37     INFO -  Setting pipeline to PAUSED ...
17:06:37     INFO -  Setting pipeline to READY ...
17:06:37     INFO -  Setting pipeline to NULL ...
17:06:37     INFO -  Freeing pipeline ...
17:06:37     INFO -  mozprofile.addons WARNING | Could not install /builds/slave/test/build/tests/mochitest/extensions/mozscreenshots: [Errno 2] No such file or directory: '/builds/slave/test/build/tests/mochitest/extensions/mozscreenshots/install.rdf'
17:06:38     INFO -  pk12util: PKCS12 IMPORT SUCCESSFUL
17:06:39     INFO - MochitestServer : launching [u'/builds/slave/test/build/tests/bin/xpcshell', '-g', '/builds/slave/test/build/application/firefox', '-v', '170', '-f', '/builds/slave/test/build/tests/bin/components/httpd.js', '-e', "const _PROFILE_PATH = '/tmp/tmpEtaJyC.mozrunner'; const _SERVER_PORT = '8888'; const _SERVER_ADDR = '127.0.0.1'; const _TEST_PREFIX = undefined; const _DISPLAY_RESULTS = false;", '-f', '/builds/slave/test/build/tests/mochitest/server.js']
17:06:39     INFO - runtests.py | Server pid: 2694
17:06:39     INFO - runtests.py | Websocket server pid: 2697
17:06:39     INFO - runtests.py | SSL tunnel pid: 2700
17:06:40     INFO - runtests.py | Running with e10s: False
17:06:40     INFO - runtests.py | Running tests: start.
17:06:40     INFO - 
17:06:40     INFO - Application command: /builds/slave/test/build/application/firefox/firefox -marionette -foreground -profile /tmp/tmpEtaJyC.mozrunner
17:06:40     INFO - runtests.py | Application pid: 2722
17:06:40     INFO - TEST-INFO | started process Main app process
17:06:46     INFO - 1528589206044	Marionette	INFO	Listening on port 2828
17:06:53     INFO - SimpleTest START
17:06:53     INFO - TEST-START | dom/imptests/html/webgl/test_bufferSubData.html
17:06:55     INFO - ATTENTION: default value of option force_s3tc_enable overridden by environment.
17:06:55     INFO - MEMORY STAT vsizeMaxContiguous not supported in this build configuration.
17:06:55     INFO - MEMORY STAT | vsize 760MB | residentFast 177MB | heapAllocated 86MB
17:06:55     INFO - TEST-OK | dom/imptests/html/webgl/test_bufferSubData.html | took 2166ms
17:06:56     INFO - TEST-START | dom/imptests/html/webgl/test_compressedTexImage2D.html
17:06:56     INFO - JavaScript warning: http://mochi.test:8888/tests/dom/imptests/html/webgl/test_compressedTexImage2D.html, line 19: Error: WebGL: compressedTexImage2D: Invalid internalFormat: 0x83f0
17:06:56     INFO - JavaScript warning: http://mochi.test:8888/tests/dom/imptests/html/webgl/test_compressedTexImage2D.html, line 22: Error: WebGL: compressedTexImage2D: Invalid internalFormat: 0x83f0
17:06:56     INFO - MEMORY STAT | vsize 768MB | residentFast 173MB | heapAllocated 81MB
17:06:56     INFO - TEST-OK | dom/imptests/html/webgl/test_compressedTexImage2D.html | took 576ms
17:06:56     INFO - TEST-START | dom/imptests/html/webgl/test_texImage2D.html
17:06:57     INFO - MEMORY STAT | vsize 764MB | residentFast 174MB | heapAllocated 83MB
17:06:57     INFO - TEST-OK | dom/imptests/html/webgl/test_texImage2D.html | took 446ms
17:06:57     INFO - TEST-START | dom/imptests/html/webgl/test_texSubImage2D.html
17:06:57     INFO - MEMORY STAT | vsize 767MB | residentFast 178MB | heapAllocated 87MB
17:06:57     INFO - TEST-OK | dom/imptests/html/webgl/test_texSubImage2D.html | took 370ms
17:06:57     INFO - TEST-START | dom/imptests/html/webgl/test_uniformMatrixNfv.html
17:06:58     INFO - JavaScript warning: http://mochi.test:8888/tests/dom/imptests/html/webgl/test_uniformMatrixNfv.html, line 29: Error: WebGL: getUniformLocation: `program` must be linked.
17:06:58     INFO - JavaScript warning: http://mochi.test:8888/tests/dom/imptests/html/webgl/test_uniformMatrixNfv.html, line 29: Error: WebGL: getUniformLocation: `program` must be linked.
17:06:58     INFO - JavaScript warning: http://mochi.test:8888/tests/dom/imptests/html/webgl/test_uniformMatrixNfv.html, line 29: Error: WebGL: getUniformLocation: `program` must be linked.
17:06:58     INFO - MEMORY STAT | vsize 775MB | residentFast 186MB | heapAllocated 96MB
17:06:58     INFO - TEST-OK | dom/imptests/html/webgl/test_uniformMatrixNfv.html | took 646ms
17:06:58     INFO - TEST-START | Shutdown
17:06:58     INFO - Passed:  15
17:06:58     INFO - Failed:  0
17:06:58     INFO - Todo:    0
17:06:58     INFO - Mode:    non-e10s
17:06:58     INFO - Slowest: 2166ms - /tests/dom/imptests/html/webgl/test_bufferSubData.html
17:06:58     INFO - SimpleTest FINISHED
17:06:58     INFO - TEST-INFO | Ran 1 Loops
17:06:58     INFO - SimpleTest FINISHED
17:07:01     INFO - TEST-INFO | Main app process: exit 0
17:07:01     INFO - runtests.py | Application ran for: 0:00:20.571197
17:07:01     INFO - zombiecheck | Reading PID log: /tmp/tmp4890Zepidlog
17:07:01     INFO - ==> process 2722 launched child process 2743
17:07:01     INFO - zombiecheck | Checking for orphan process with PID: 2743
17:07:01     INFO - Stopping web server
17:07:01     INFO - Stopping web socket server
17:07:01     INFO - Stopping ssltunnel
17:07:01  WARNING - leakcheck | refcount logging is off, so leaks can't be detected!
17:07:01     INFO - runtests.py | Running tests: end.
17:07:01     INFO - Buffered messages finished
17:07:01     INFO -  dir: gfx/tests/mochitest
17:07:01     INFO -  Setting pipeline to PAUSED ...
17:07:01     INFO -  Pipeline is PREROLLING ...
17:07:01     INFO -  Pipeline is PREROLLED ...
17:07:01     INFO -  Setting pipeline to PLAYING ...
17:07:01     INFO -  New clock: GstSystemClock
17:07:01     INFO -  Got EOS from element "pipeline0".
17:07:01     INFO -  Execution ended after 31944366 ns.
17:07:01     INFO -  Setting pipeline to PAUSED ...
17:07:01     INFO -  Setting pipeline to READY ...
17:07:01     INFO -  Setting pipeline to NULL ...
17:07:01     INFO -  Freeing pipeline ...
17:07:01     INFO -  mozprofile.addons WARNING | Could not install /builds/slave/test/build/tests/mochitest/extensions/mozscreenshots: [Errno 2] No such file or directory: '/builds/slave/test/build/tests/mochitest/extensions/mozscreenshots/install.rdf'
17:07:02     INFO -  pk12util: PKCS12 IMPORT SUCCESSFUL
17:07:02     INFO - MochitestServer : launching [u'/builds/slave/test/build/tests/bin/xpcshell', '-g', '/builds/slave/test/build/application/firefox', '-v', '170', '-f', '/builds/slave/test/build/tests/bin/components/httpd.js', '-e', "const _PROFILE_PATH = '/tmp/tmpthaJAs.mozrunner'; const _SERVER_PORT = '8888'; const _SERVER_ADDR = '127.0.0.1'; const _TEST_PREFIX = undefined; const _DISPLAY_RESULTS = false;", '-f', '/builds/slave/test/build/tests/mochitest/server.js']
17:07:02     INFO - runtests.py | Server pid: 2813
17:07:03     INFO - runtests.py | Websocket server pid: 2816
17:07:03     INFO - runtests.py | SSL tunnel pid: 2819
17:07:05     INFO - runtests.py | Running with e10s: False
17:07:05     INFO - runtests.py | Running tests: start.
17:07:05     INFO - 
17:07:05     INFO - Application command: /builds/slave/test/build/application/firefox/firefox -marionette -foreground -profile /tmp/tmpthaJAs.mozrunner
17:07:05     INFO - runtests.py | Application pid: 2841
17:07:05     INFO - TEST-INFO | started process Main app process
17:07:14     INFO - 1528589234118	Marionette	INFO	Listening on port 2828
17:07:24     INFO - SimpleTest START
17:07:24     INFO - TEST-START | gfx/tests/mochitest/test_acceleration.html
17:07:26     INFO - MEMORY STAT vsizeMaxContiguous not supported in this build configuration.
17:07:26     INFO - MEMORY STAT | vsize 713MB | residentFast 157MB | heapAllocated 71MB
17:07:26     INFO - TEST-OK | gfx/tests/mochitest/test_acceleration.html | took 1476ms
17:07:26     INFO - TEST-START | Shutdown
17:07:26     INFO - Passed:  0
17:07:26     INFO - Failed:  0
17:07:26     INFO - Todo:    1
17:07:26     INFO - Mode:    non-e10s
17:07:26     INFO - Slowest: 1476ms - /tests/gfx/tests/mochitest/test_acceleration.html
17:07:26     INFO - SimpleTest FINISHED
17:07:26     INFO - TEST-INFO | Ran 1 Loops
17:07:26     INFO - SimpleTest FINISHED
17:07:28     INFO - TEST-INFO | Main app process: exit 0
17:07:28     INFO - runtests.py | Application ran for: 0:00:23.793007
17:07:28     INFO - zombiecheck | Reading PID log: /tmp/tmpynDlPQpidlog
17:07:28     INFO - ==> process 2841 launched child process 2862
17:07:28     INFO - zombiecheck | Checking for orphan process with PID: 2862
17:07:28     INFO - Stopping web server
17:07:28     INFO - Stopping web socket server
17:07:28     INFO - Stopping ssltunnel
17:07:28  WARNING - leakcheck | refcount logging is off, so leaks can't be detected!
17:07:28     INFO - runtests.py | Running tests: end.
17:07:29     INFO - Buffered messages finished
17:07:29     INFO -  0 INFO TEST-START | Shutdown
17:07:29     INFO -  1 INFO Passed:  175
17:07:29     INFO -  2 INFO Failed:  0
17:07:29     INFO -  3 INFO Todo:    1
17:07:29     INFO -  4 INFO Mode:    non-e10s
17:07:29     INFO -  5 INFO SimpleTest FINISHED
17:07:29     INFO - Buffered messages finished
17:07:29     INFO - SUITE-END | took 134s
17:07:29     INFO - Return code: 0
17:07:29     INFO - TinderboxPrint: mochitest-plain-gpu<br/>21/0/0
17:07:29  WARNING - # TBPL SUCCESS #
17:07:29  WARNING - The mochitest suite: plain-gpu ran with return status: SUCCESS
17:07:29     INFO - Structured output parser in use for mochitest.
17:07:29     INFO - ENV: MOZ_UPLOAD_DIR is now /builds/slave/test/build/blobber_upload_dir
17:07:29     INFO - ENV: MINIDUMP_STACKWALK is now /builds/slave/test/build/linux32-minidump_stackwalk
17:07:29     INFO - ENV: MOZ_NODE_PATH is now /builds/slave/test/build/node-linux-x86/bin/node
17:07:29     INFO - ENV: MINIDUMP_SAVE_PATH is now /builds/slave/test/build/blobber_upload_dir
17:07:29     INFO - Running command: ['/builds/slave/test/build/venv/bin/python', '-u', '/builds/slave/test/build/tests/mochitest/runtests.py', '--disable-e10s', '--appname=/builds/slave/test/build/application/firefox/firefox', '--utility-path=tests/bin', '--extra-profile-file=tests/bin/plugins', '--symbols-path=https://queue.taskcluster.net/v1/task/ZkogR2LsTsy-gAv6y4iKyQ/artifacts/public/build/firefox-52.8.2.en-US.linux-i686.crashreporter-symbols.zip', '--certificate-path=tests/certs', '--setpref=webgl.force-enabled=true', '--quiet', '--log-raw=/builds/slave/test/build/blobber_upload_dir/browser-chrome-gpu_raw.log', '--log-errorsummary=/builds/slave/test/build/blobber_upload_dir/browser-chrome-gpu_errorsummary.log', '--use-test-media-devices', '--screenshot-on-fail', '--cleanup-crashes', '--marionette-startup-timeout=180', '--log-raw=-', '--flavor=browser', '--subsuite=gpu'] in /builds/slave/test/build
17:07:29     INFO - Copy/paste: /builds/slave/test/build/venv/bin/python -u /builds/slave/test/build/tests/mochitest/runtests.py --disable-e10s --appname=/builds/slave/test/build/application/firefox/firefox --utility-path=tests/bin --extra-profile-file=tests/bin/plugins --symbols-path=https://queue.taskcluster.net/v1/task/ZkogR2LsTsy-gAv6y4iKyQ/artifacts/public/build/firefox-52.8.2.en-US.linux-i686.crashreporter-symbols.zip --certificate-path=tests/certs --setpref=webgl.force-enabled=true --quiet --log-raw=/builds/slave/test/build/blobber_upload_dir/browser-chrome-gpu_raw.log --log-errorsummary=/builds/slave/test/build/blobber_upload_dir/browser-chrome-gpu_errorsummary.log --use-test-media-devices --screenshot-on-fail --cleanup-crashes --marionette-startup-timeout=180 --log-raw=- --flavor=browser --subsuite=gpu
17:07:29     INFO - Using env: {'CCACHE_DIR': '/builds/ccache',
17:07:29     INFO -  'CCACHE_UMASK': '002',
17:07:29     INFO -  'DISPLAY': ':0',
17:07:29     INFO -  'HOME': '/home/cltbld',
17:07:29     INFO -  'LANG': 'en_US.UTF-8',
17:07:29     INFO -  'LOGNAME': 'cltbld',
17:07:29     INFO -  'MAIL': '/var/mail/cltbld',
17:07:29     INFO -  'MINIDUMP_SAVE_PATH': '/builds/slave/test/build/blobber_upload_dir',
17:07:29     INFO -  'MINIDUMP_STACKWALK': '/builds/slave/test/build/linux32-minidump_stackwalk',
17:07:29     INFO -  'MOZ_HIDE_RESULTS_TABLE': '1',
17:07:29     INFO -  'MOZ_NODE_PATH': '/builds/slave/test/build/node-linux-x86/bin/node',
17:07:29     INFO -  'MOZ_NO_REMOTE': '1',
17:07:29     INFO -  'MOZ_UPLOAD_DIR': '/builds/slave/test/build/blobber_upload_dir',
17:07:29     INFO -  'NODE_PATH': '/usr/lib/nodejs:/usr/lib/node_modules:/usr/share/javascript',
17:07:29     INFO -  'NO_FAIL_ON_TEST_ERRORS': '1',
17:07:29     INFO -  'PATH': '/builds/slave/test/build/venv/bin:/usr/local/bin:/usr/local/bin:/usr/bin:/bin:/usr/local/games:/usr/games',
17:07:29     INFO -  'PROPERTIES_FILE': '/builds/slave/test/buildprops.json',
17:07:29     INFO -  'PWD': '/builds/slave/test',
17:07:29     INFO -  'SHELL': '/bin/bash',
17:07:29     INFO -  'SHLVL': '1',
17:07:29     INFO -  'TERM': 'linux',
17:07:29     INFO -  'TMOUT': '86400',
17:07:29     INFO -  'USER': 'cltbld',
17:07:29     INFO -  'XDG_SESSION_COOKIE': '5a152710dd62cc268aad214e000002d8-1528588652.478745-1780109949',
17:07:29     INFO -  '_': '/tools/buildbot/bin/python'}
17:07:29     INFO - Calling ['/builds/slave/test/build/venv/bin/python', '-u', '/builds/slave/test/build/tests/mochitest/runtests.py', '--disable-e10s', '--appname=/builds/slave/test/build/application/firefox/firefox', '--utility-path=tests/bin', '--extra-profile-file=tests/bin/plugins', '--symbols-path=https://queue.taskcluster.net/v1/task/ZkogR2LsTsy-gAv6y4iKyQ/artifacts/public/build/firefox-52.8.2.en-US.linux-i686.crashreporter-symbols.zip', '--certificate-path=tests/certs', '--setpref=webgl.force-enabled=true', '--quiet', '--log-raw=/builds/slave/test/build/blobber_upload_dir/browser-chrome-gpu_raw.log', '--log-errorsummary=/builds/slave/test/build/blobber_upload_dir/browser-chrome-gpu_errorsummary.log', '--use-test-media-devices', '--screenshot-on-fail', '--cleanup-crashes', '--marionette-startup-timeout=180', '--log-raw=-', '--flavor=browser', '--subsuite=gpu'] with output_timeout 1000
17:07:30     INFO - Checking for orphan ssltunnel processes...
17:07:30     INFO - Checking for orphan xpcshell processes...
17:07:31     INFO - mozcrash Removed pending crash reports at '/home/cltbld/.mozilla/firefox/Crash Reports'
17:07:31     INFO - SUITE-START | Running 4 tests
17:07:31     INFO -  dir: devtools/client/canvasdebugger/test
17:07:31     INFO -  Setting pipeline to PAUSED ...
17:07:31     INFO -  Pipeline is PREROLLING ...
17:07:31     INFO -  Pipeline is PREROLLED ...
17:07:31     INFO -  Setting pipeline to PLAYING ...
17:07:31     INFO -  New clock: GstSystemClock
17:07:31     INFO -  Got EOS from element "pipeline0".
17:07:31     INFO -  Execution ended after 31838304 ns.
17:07:31     INFO -  Setting pipeline to PAUSED ...
17:07:31     INFO -  Setting pipeline to READY ...
17:07:31     INFO -  Setting pipeline to NULL ...
17:07:31     INFO -  Freeing pipeline ...
17:07:32     INFO -  mozprofile.addons WARNING | Could not install /builds/slave/test/build/tests/mochitest/extensions/mozscreenshots: [Errno 2] No such file or directory: '/builds/slave/test/build/tests/mochitest/extensions/mozscreenshots/install.rdf'
17:07:32     INFO -  pk12util: PKCS12 IMPORT SUCCESSFUL
17:07:33     INFO - MochitestServer : launching [u'/builds/slave/test/build/tests/bin/xpcshell', '-g', '/builds/slave/test/build/application/firefox', '-v', '170', '-f', '/builds/slave/test/build/tests/bin/components/httpd.js', '-e', "const _PROFILE_PATH = '/tmp/tmpr5vO0L.mozrunner'; const _SERVER_PORT = '8888'; const _SERVER_ADDR = '127.0.0.1'; const _TEST_PREFIX = undefined; const _DISPLAY_RESULTS = false;", '-f', '/builds/slave/test/build/tests/mochitest/server.js']
17:07:33     INFO - runtests.py | Server pid: 2954
17:07:33     INFO - runtests.py | Websocket server pid: 2957
17:07:33     INFO - runtests.py | SSL tunnel pid: 2960
17:07:34     INFO - runtests.py | Running with e10s: False
17:07:34     INFO - runtests.py | Running tests: start.
17:07:34     INFO - 
17:07:34     INFO - Application command: /builds/slave/test/build/application/firefox/firefox -marionette -foreground -profile /tmp/tmpr5vO0L.mozrunner
17:07:34     INFO - runtests.py | Application pid: 2982
17:07:34     INFO - TEST-INFO | started process Main app process
17:07:40     INFO - 1528589260330	Marionette	INFO	Listening on port 2828
17:07:48     INFO - *** Start BrowserChrome Test Results ***
17:07:48     INFO - checking window state
17:07:48     INFO - TEST-START | devtools/client/canvasdebugger/test/browser_canvas-actor-test-09.js
17:07:50     INFO - ATTENTION: default value of option force_s3tc_enable overridden by environment.
17:07:52     INFO - JavaScript error: resource://gre/modules/commonjs/toolkit/loader.js -> resource://devtools/server/primitive.js, line 32: TypeError: this.stopRecording is not a function
17:07:53     INFO - MEMORY STAT vsizeMaxContiguous not supported in this build configuration.
17:07:53     INFO - MEMORY STAT | vsize 790MB | residentFast 197MB | heapAllocated 93MB
17:07:53     INFO - TEST-OK | devtools/client/canvasdebugger/test/browser_canvas-actor-test-09.js | took 4372ms
17:07:53     INFO - checking window state
17:07:53     INFO - TEST-START | devtools/client/canvasdebugger/test/browser_canvas-actor-test-10.js
17:07:57     INFO - JavaScript error: resource://gre/modules/commonjs/toolkit/loader.js -> resource://devtools/server/primitive.js, line 32: TypeError: this.stopRecording is not a function
17:07:57     INFO - MEMORY STAT | vsize 858MB | residentFast 247MB | heapAllocated 143MB
17:07:57     INFO - TEST-OK | devtools/client/canvasdebugger/test/browser_canvas-actor-test-10.js | took 4232ms
17:07:57     INFO - checking window state
17:07:57     INFO - TEST-START | devtools/client/canvasdebugger/test/browser_canvas-actor-test-11.js
17:08:00     INFO - JavaScript error: resource://gre/modules/commonjs/toolkit/loader.js -> resource://devtools/server/primitive.js, line 32: TypeError: this.stopRecording is not a function
17:08:00     INFO - MEMORY STAT | vsize 858MB | residentFast 248MB | heapAllocated 142MB
17:08:00     INFO - TEST-OK | devtools/client/canvasdebugger/test/browser_canvas-actor-test-11.js | took 3128ms
17:08:00     INFO - checking window state
17:08:01     INFO - TEST-START | devtools/client/canvasdebugger/test/browser_profiling-webgl.js
17:08:04     INFO - JavaScript error: resource://gre/modules/commonjs/toolkit/loader.js -> resource://devtools/server/primitive.js, line 32: TypeError: this.stopRecording is not a function
17:08:05     INFO - console.error:
17:08:05     INFO -   _processDrawElements doesn't define this type.
17:08:05     INFO - console.error:
17:08:05     INFO -   _processDrawElements doesn't define this type.
17:08:06     INFO - JavaScript error: resource://gre/modules/commonjs/toolkit/loader.js -> resource://devtools/server/primitive.js, line 32: TypeError: this.stopRecording is not a function
17:08:06     INFO - MEMORY STAT | vsize 875MB | residentFast 219MB | heapAllocated 107MB
17:08:06     INFO - TEST-OK | devtools/client/canvasdebugger/test/browser_profiling-webgl.js | took 5824ms
17:08:07     INFO - checking window state
17:08:11     INFO - Completed ShutdownLeaks collections in process 2982
17:08:11     INFO - TEST-START | Shutdown
17:08:11     INFO - Browser Chrome Test Summary
17:08:11     INFO - Passed:  97
17:08:11     INFO - Failed:  0
17:08:11     INFO - Todo:    0
17:08:11     INFO - Mode:    non-e10s
17:08:11     INFO - *** End BrowserChrome Test Results ***
17:08:14     INFO - TEST-INFO | Main app process: exit 0
17:08:14     INFO - runtests.py | Application ran for: 0:00:39.739783
17:08:14     INFO - zombiecheck | Reading PID log: /tmp/tmpAtjkHzpidlog
17:08:14     INFO - ==> process 2982 launched child process 3003
17:08:14     INFO - zombiecheck | Checking for orphan process with PID: 3003
17:08:14     INFO - Stopping web server
17:08:14     INFO - Stopping web socket server
17:08:14     INFO - Stopping ssltunnel
17:08:14  WARNING - leakcheck | refcount logging is off, so leaks can't be detected!
17:08:14     INFO - runtests.py | Running tests: end.
17:08:14     INFO - Buffered messages finished
17:08:14     INFO -  TEST-INFO | checking window state
17:08:14     INFO -  Browser Chrome Test Summary
17:08:14     INFO -  	Passed: 97
17:08:14     INFO -  	Failed: 0
17:08:14     INFO -  	Todo: 0
17:08:14     INFO -  	Mode: non-e10s
17:08:14     INFO -  *** End BrowserChrome Test Results ***
17:08:14     INFO - Buffered messages finished
17:08:14     INFO - SUITE-END | took 42s
17:08:14     INFO - Return code: 0
17:08:14     INFO - TinderboxPrint: mochitest-browser-chrome-gpu<br/>4/0/0
17:08:14  WARNING - # TBPL SUCCESS #
17:08:14  WARNING - The mochitest suite: browser-chrome-gpu ran with return status: SUCCESS
17:08:14     INFO - Structured output parser in use for mochitest.
17:08:14     INFO - ENV: MOZ_UPLOAD_DIR is now /builds/slave/test/build/blobber_upload_dir
17:08:14     INFO - ENV: MINIDUMP_STACKWALK is now /builds/slave/test/build/linux32-minidump_stackwalk
17:08:14     INFO - ENV: MOZ_NODE_PATH is now /builds/slave/test/build/node-linux-x86/bin/node
17:08:14     INFO - ENV: MINIDUMP_SAVE_PATH is now /builds/slave/test/build/blobber_upload_dir
17:08:14     INFO - Running command: ['/builds/slave/test/build/venv/bin/python', '-u', '/builds/slave/test/build/tests/mochitest/runtests.py', '--disable-e10s', '--appname=/builds/slave/test/build/application/firefox/firefox', '--utility-path=tests/bin', '--extra-profile-file=tests/bin/plugins', '--symbols-path=https://queue.taskcluster.net/v1/task/ZkogR2LsTsy-gAv6y4iKyQ/artifacts/public/build/firefox-52.8.2.en-US.linux-i686.crashreporter-symbols.zip', '--certificate-path=tests/certs', '--setpref=webgl.force-enabled=true', '--quiet', '--log-raw=/builds/slave/test/build/blobber_upload_dir/chrome-gpu_raw.log', '--log-errorsummary=/builds/slave/test/build/blobber_upload_dir/chrome-gpu_errorsummary.log', '--use-test-media-devices', '--screenshot-on-fail', '--cleanup-crashes', '--marionette-startup-timeout=180', '--log-raw=-', '--flavor=chrome', '--subsuite=gpu'] in /builds/slave/test/build
17:08:14     INFO - Copy/paste: /builds/slave/test/build/venv/bin/python -u /builds/slave/test/build/tests/mochitest/runtests.py --disable-e10s --appname=/builds/slave/test/build/application/firefox/firefox --utility-path=tests/bin --extra-profile-file=tests/bin/plugins --symbols-path=https://queue.taskcluster.net/v1/task/ZkogR2LsTsy-gAv6y4iKyQ/artifacts/public/build/firefox-52.8.2.en-US.linux-i686.crashreporter-symbols.zip --certificate-path=tests/certs --setpref=webgl.force-enabled=true --quiet --log-raw=/builds/slave/test/build/blobber_upload_dir/chrome-gpu_raw.log --log-errorsummary=/builds/slave/test/build/blobber_upload_dir/chrome-gpu_errorsummary.log --use-test-media-devices --screenshot-on-fail --cleanup-crashes --marionette-startup-timeout=180 --log-raw=- --flavor=chrome --subsuite=gpu
17:08:14     INFO - Using env: {'CCACHE_DIR': '/builds/ccache',
17:08:14     INFO -  'CCACHE_UMASK': '002',
17:08:14     INFO -  'DISPLAY': ':0',
17:08:14     INFO -  'HOME': '/home/cltbld',
17:08:14     INFO -  'LANG': 'en_US.UTF-8',
17:08:14     INFO -  'LOGNAME': 'cltbld',
17:08:14     INFO -  'MAIL': '/var/mail/cltbld',
17:08:14     INFO -  'MINIDUMP_SAVE_PATH': '/builds/slave/test/build/blobber_upload_dir',
17:08:14     INFO -  'MINIDUMP_STACKWALK': '/builds/slave/test/build/linux32-minidump_stackwalk',
17:08:14     INFO -  'MOZ_HIDE_RESULTS_TABLE': '1',
17:08:14     INFO -  'MOZ_NODE_PATH': '/builds/slave/test/build/node-linux-x86/bin/node',
17:08:14     INFO -  'MOZ_NO_REMOTE': '1',
17:08:14     INFO -  'MOZ_UPLOAD_DIR': '/builds/slave/test/build/blobber_upload_dir',
17:08:14     INFO -  'NODE_PATH': '/usr/lib/nodejs:/usr/lib/node_modules:/usr/share/javascript',
17:08:14     INFO -  'NO_FAIL_ON_TEST_ERRORS': '1',
17:08:14     INFO -  'PATH': '/builds/slave/test/build/venv/bin:/usr/local/bin:/usr/local/bin:/usr/bin:/bin:/usr/local/games:/usr/games',
17:08:14     INFO -  'PROPERTIES_FILE': '/builds/slave/test/buildprops.json',
17:08:14     INFO -  'PWD': '/builds/slave/test',
17:08:14     INFO -  'SHELL': '/bin/bash',
17:08:14     INFO -  'SHLVL': '1',
17:08:14     INFO -  'TERM': 'linux',
17:08:14     INFO -  'TMOUT': '86400',
17:08:14     INFO -  'USER': 'cltbld',
17:08:14     INFO -  'XDG_SESSION_COOKIE': '5a152710dd62cc268aad214e000002d8-1528588652.478745-1780109949',
17:08:14     INFO -  '_': '/tools/buildbot/bin/python'}
17:08:14     INFO - Calling ['/builds/slave/test/build/venv/bin/python', '-u', '/builds/slave/test/build/tests/mochitest/runtests.py', '--disable-e10s', '--appname=/builds/slave/test/build/application/firefox/firefox', '--utility-path=tests/bin', '--extra-profile-file=tests/bin/plugins', '--symbols-path=https://queue.taskcluster.net/v1/task/ZkogR2LsTsy-gAv6y4iKyQ/artifacts/public/build/firefox-52.8.2.en-US.linux-i686.crashreporter-symbols.zip', '--certificate-path=tests/certs', '--setpref=webgl.force-enabled=true', '--quiet', '--log-raw=/builds/slave/test/build/blobber_upload_dir/chrome-gpu_raw.log', '--log-errorsummary=/builds/slave/test/build/blobber_upload_dir/chrome-gpu_errorsummary.log', '--use-test-media-devices', '--screenshot-on-fail', '--cleanup-crashes', '--marionette-startup-timeout=180', '--log-raw=-', '--flavor=chrome', '--subsuite=gpu'] with output_timeout 1000
17:08:15     INFO - Checking for orphan ssltunnel processes...
17:08:16     INFO - Checking for orphan xpcshell processes...
17:08:16     INFO - mozcrash Removed pending crash reports at '/home/cltbld/.mozilla/firefox/Crash Reports'
17:08:17     INFO - SUITE-START | Running 1 tests
17:08:17     INFO -  dir: dom/canvas/test/chrome
17:08:17     INFO -  Setting pipeline to PAUSED ...
17:08:17     INFO -  Pipeline is PREROLLING ...
17:08:17     INFO -  Pipeline is PREROLLED ...
17:08:17     INFO -  Setting pipeline to PLAYING ...
17:08:17     INFO -  New clock: GstSystemClock
17:08:17     INFO -  Got EOS from element "pipeline0".
17:08:17     INFO -  Execution ended after 31750453 ns.
17:08:17     INFO -  Setting pipeline to PAUSED ...
17:08:17     INFO -  Setting pipeline to READY ...
17:08:17     INFO -  Setting pipeline to NULL ...
17:08:17     INFO -  Freeing pipeline ...
17:08:17     INFO -  mozprofile.addons WARNING | Could not install /builds/slave/test/build/tests/mochitest/extensions/mozscreenshots: [Errno 2] No such file or directory: '/builds/slave/test/build/tests/mochitest/extensions/mozscreenshots/install.rdf'
17:08:18     INFO -  pk12util: PKCS12 IMPORT SUCCESSFUL
17:08:18     INFO - MochitestServer : launching [u'/builds/slave/test/build/tests/bin/xpcshell', '-g', '/builds/slave/test/build/application/firefox', '-v', '170', '-f', '/builds/slave/test/build/tests/bin/components/httpd.js', '-e', "const _PROFILE_PATH = '/tmp/tmpLsJTWg.mozrunner'; const _SERVER_PORT = '8888'; const _SERVER_ADDR = '127.0.0.1'; const _TEST_PREFIX = undefined; const _DISPLAY_RESULTS = false;", '-f', '/builds/slave/test/build/tests/mochitest/server.js']
17:08:18     INFO - runtests.py | Server pid: 3095
17:08:18     INFO - runtests.py | Websocket server pid: 3098
17:08:18     INFO - runtests.py | SSL tunnel pid: 3101
17:08:19     INFO - runtests.py | Running with e10s: False
17:08:19     INFO - runtests.py | Running tests: start.
17:08:19     INFO - 
17:08:19     INFO - Application command: /builds/slave/test/build/application/firefox/firefox -marionette -foreground -profile /tmp/tmpLsJTWg.mozrunner
17:08:20     INFO - runtests.py | Application pid: 3123
17:08:20     INFO - TEST-INFO | started process Main app process
17:08:25     INFO - 1528589305730	Marionette	INFO	Listening on port 2828
17:08:33     INFO - SimpleTest START
17:08:33     INFO - TEST-START | dom/canvas/test/chrome/test_webgl_debug_renderer_info.html
17:08:34     INFO - ATTENTION: default value of option force_s3tc_enable overridden by environment.
17:08:34     INFO - JavaScript warning: chrome://mochitests/content/chrome/dom/canvas/test/chrome/test_webgl_debug_renderer_info.html, line 48: Error: WebGL: getParameter: parameter: invalid enum value <enum 0x9245>
17:08:34     INFO - JavaScript warning: chrome://mochitests/content/chrome/dom/canvas/test/chrome/test_webgl_debug_renderer_info.html, line 50: Error: WebGL: getParameter: parameter: invalid enum value <enum 0x9246>
17:08:35     INFO - JavaScript warning: , line 0: Error: WebGL: getParameter: parameter: invalid enum value <enum 0x9245>
17:08:35     INFO - JavaScript warning: , line 0: Error: WebGL: getParameter: parameter: invalid enum value <enum 0x9246>
17:08:35     INFO - JavaScript warning: http://mochi.test:8888/chrome/dom/canvas/test/chrome/nonchrome_webgl_debug_renderer_info.html, line 38: Error: WebGL: getParameter: parameter: invalid enum value <enum 0x9245>
17:08:35     INFO - JavaScript warning: http://mochi.test:8888/chrome/dom/canvas/test/chrome/nonchrome_webgl_debug_renderer_info.html, line 41: Error: WebGL: getParameter: parameter: invalid enum value <enum 0x9246>
17:08:35     INFO - JavaScript warning: http://mochi.test:8888/chrome/dom/canvas/test/chrome/nonchrome_webgl_debug_renderer_info.html, line 71: Error: WebGL: getParameter: parameter: invalid enum value <enum 0x9245>
17:08:35     INFO - JavaScript warning: http://mochi.test:8888/chrome/dom/canvas/test/chrome/nonchrome_webgl_debug_renderer_info.html, line 74: Error: WebGL: getParameter: parameter: invalid enum value <enum 0x9246>
17:08:36     INFO - MEMORY STAT vsizeMaxContiguous not supported in this build configuration.
17:08:36     INFO - MEMORY STAT | vsize 780MB | residentFast 194MB | heapAllocated 103MB
17:08:36     INFO - TEST-OK | dom/canvas/test/chrome/test_webgl_debug_renderer_info.html | took 2562ms
17:08:36     INFO - TEST-START | Shutdown
17:08:36     INFO - Passed:  25
17:08:36     INFO - Failed:  0
17:08:36     INFO - Todo:    0
17:08:36     INFO - Mode:    non-e10s
17:08:36     INFO - Slowest: 2562ms - chrome://mochitests/content/chrome/dom/canvas/test/chrome/test_webgl_debug_renderer_info.html
17:08:36     INFO - SimpleTest FINISHED
17:08:36     INFO - TEST-INFO | Ran 1 Loops
17:08:36     INFO - SimpleTest FINISHED
17:08:39     INFO - TEST-INFO | Main app process: exit 0
17:08:39     INFO - runtests.py | Application ran for: 0:00:19.078538
17:08:39     INFO - zombiecheck | Reading PID log: /tmp/tmpTmf8sfpidlog
17:08:39     INFO - ==> process 3123 launched child process 3144
17:08:39     INFO - zombiecheck | Checking for orphan process with PID: 3144
17:08:39     INFO - Stopping web server
17:08:39     INFO - Stopping web socket server
17:08:39     INFO - Stopping ssltunnel
17:08:39  WARNING - leakcheck | refcount logging is off, so leaks can't be detected!
17:08:39     INFO - runtests.py | Running tests: end.
17:08:39     INFO - Buffered messages finished
17:08:39     INFO -  0 INFO TEST-START | Shutdown
17:08:39     INFO -  1 INFO Passed:  25
17:08:39     INFO -  2 INFO Failed:  0
17:08:39     INFO -  3 INFO Todo:    0
17:08:39     INFO -  4 INFO Mode:    non-e10s
17:08:39     INFO -  5 INFO SimpleTest FINISHED
17:08:39     INFO - Buffered messages finished
17:08:39     INFO - SUITE-END | took 22s
17:08:39     INFO - Return code: 0
17:08:39     INFO - TinderboxPrint: mochitest-chrome-gpu<br/>1/0/0
17:08:39  WARNING - # TBPL SUCCESS #
17:08:39  WARNING - The mochitest suite: chrome-gpu ran with return status: SUCCESS
17:08:39     INFO - Running post-action listener: _package_coverage_data
17:08:39     INFO - Running post-action listener: _resource_record_post_action
17:08:39     INFO - [mozharness: 2018-06-10 00:08:39.292615Z] Finished run-tests step (success)
17:08:39     INFO - Running post-run listener: _resource_record_post_run
17:08:39     INFO - Validating Perfherder data against /builds/slave/test/scripts/external_tools/performance-artifact-schema.json
17:08:39     INFO - PERFHERDER_DATA: {"framework": {"name": "job_resource_usage"}, "suites": [{"subtests": [{"name": "cpu_percent", "value": 96.43092369477911}, {"name": "io_write_bytes", "value": 328384512}, {"name": "io.read_bytes", "value": 55549952}, {"name": "io_write_time", "value": 333528}, {"name": "io_read_time", "value": 11008}], "extraOptions": ["buildbot-m1.medium"], "name": "mochitest.plain-gpu.chrome-gpu.browser-chrome-gpu.overall"}, {"subtests": [{"name": "time", "value": 29.186442136764526}, {"name": "cpu_percent", "value": 100.0}], "name": "mochitest.plain-gpu.chrome-gpu.browser-chrome-gpu.install"}, {"subtests": [{"name": "time", "value": 0.0016300678253173828}], "name": "mochitest.plain-gpu.chrome-gpu.browser-chrome-gpu.stage-files"}, {"subtests": [{"name": "time", "value": 220.79161286354065}, {"name": "cpu_percent", "value": 96.07397260273972}], "name": "mochitest.plain-gpu.chrome-gpu.browser-chrome-gpu.run-tests"}]}
17:08:39     INFO - Total resource usage - Wall time: 249s; CPU: 96.0%; Read bytes: 55549952; Write bytes: 328384512; Read time: 11008; Write time: 333528
17:08:39     INFO - TinderboxPrint: CPU usage<br/>96.1%
17:08:39     INFO - TinderboxPrint: I/O read bytes / time<br/>55,549,952 / 11,008
17:08:39     INFO - TinderboxPrint: I/O write bytes / time<br/>328,384,512 / 333,528
17:08:39     INFO - TinderboxPrint: CPU idle<br/>8.8 (3.5%)
17:08:39     INFO - TinderboxPrint: CPU iowait<br/>9.2 (3.7%)
17:08:39     INFO - TinderboxPrint: CPU system<br/>125.8 (50.7%)
17:08:39     INFO - TinderboxPrint: CPU user<br/>103.7 (41.8%)
17:08:39     INFO - TinderboxPrint: Swap in / out<br/>0 / 0
17:08:39     INFO - install - Wall time: 29s; CPU: 100.0%; Read bytes: 28672; Write bytes: 128126976; Read time: 28; Write time: 239628
17:08:39     INFO - stage-files - Wall time: 0s; CPU: Can't collect data; Read bytes: 0; Write bytes: 0; Read time: 0; Write time: 0
17:08:39     INFO - run-tests - Wall time: 221s; CPU: 96.0%; Read bytes: 55439360; Write bytes: 200257536; Read time: 10972; Write time: 93900
17:08:39     INFO - Running post-run listener: _upload_blobber_files
17:08:39     INFO - Blob upload gear active.
17:08:39     INFO - Preparing to upload files from /builds/slave/test/build/blobber_upload_dir.
17:08:39     INFO - Files from /builds/slave/test/build/blobber_upload_dir are to be uploaded with <mozilla-esr52> branch at the following location(s): https://blobupload.elasticbeanstalk.com
17:08:39     INFO - Running command: ['/builds/slave/test/build/venv/bin/python', '/builds/slave/test/build/venv/bin/blobberc.py', '-u', 'https://blobupload.elasticbeanstalk.com', '-a', '/builds/slave/test/oauth.txt', '-b', 'mozilla-esr52', '-d', '/builds/slave/test/build/blobber_upload_dir', '--output-manifest', '/builds/slave/test/build/uploaded_files.json']
17:08:39     INFO - Copy/paste: /builds/slave/test/build/venv/bin/python /builds/slave/test/build/venv/bin/blobberc.py -u https://blobupload.elasticbeanstalk.com -a /builds/slave/test/oauth.txt -b mozilla-esr52 -d /builds/slave/test/build/blobber_upload_dir --output-manifest /builds/slave/test/build/uploaded_files.json
17:08:40     INFO -  (blobuploader) - INFO - Open directory for files ...
17:08:40     INFO -  (blobuploader) - INFO - Uploading /builds/slave/test/build/blobber_upload_dir/plain-gpu_raw.log ...
17:08:40     INFO -  (blobuploader) - INFO - Using https://blobupload.elasticbeanstalk.com
17:08:40     INFO -  (blobuploader) - INFO - Uploading, attempt #1.
17:08:41     INFO -  (blobuploader) - INFO - TinderboxPrint: <a href='https://mozilla-releng-blobs.s3.amazonaws.com/blobs/mozilla-esr52/sha512/1a25013453c70e60625ef7c1ed10e6c96f9dd4260b48e9b1ec60e51e93228dcd6c2c9ce8593cb926d0ea3a434ba4229c0f7fcff6b675826d2352d90be899ad33'>plain-gpu_raw.log</a>: uploaded
17:08:41     INFO -  (blobuploader) - INFO - Blobserver returned 202. File uploaded!
17:08:41     INFO -  (blobuploader) - INFO - Done attempting.
17:08:41     INFO -  (blobuploader) - INFO - Uploading /builds/slave/test/build/blobber_upload_dir/chrome-gpu_errorsummary.log ...
17:08:41     INFO -  (blobuploader) - INFO - Using https://blobupload.elasticbeanstalk.com
17:08:41     INFO -  (blobuploader) - INFO - Uploading, attempt #1.
17:08:41     INFO -  (blobuploader) - INFO - TinderboxPrint: <a href='https://mozilla-releng-blobs.s3.amazonaws.com/blobs/mozilla-esr52/sha512/d1f8b8b334d73cfa403112202bce8d990c701785e752c6425e3dfd5f70eda8d739765606114d155af82d11584c6fb3a38beb6efee7d96058f20629b092b82ea5'>chrome-gpu_errorsummary.log</a>: uploaded
17:08:41     INFO -  (blobuploader) - INFO - Blobserver returned 202. File uploaded!
17:08:41     INFO -  (blobuploader) - INFO - Done attempting.
17:08:41     INFO -  (blobuploader) - INFO - Uploading /builds/slave/test/build/blobber_upload_dir/browser-chrome-gpu_errorsummary.log ...
17:08:41     INFO -  (blobuploader) - INFO - Using https://blobupload.elasticbeanstalk.com
17:08:41     INFO -  (blobuploader) - INFO - Uploading, attempt #1.
17:08:42     INFO -  (blobuploader) - INFO - TinderboxPrint: <a href='https://mozilla-releng-blobs.s3.amazonaws.com/blobs/mozilla-esr52/sha512/1424f449cfc96112d6562ce4dd57dd4a4a55633ca365bed353b05b67dc1bc9cad035c1bc0854768e805b8f34a607e1b9ed5da4776cff33f2b85467952be1520d'>browser-chrome-gpu_errorsummary.log</a>: uploaded
17:08:42     INFO -  (blobuploader) - INFO - Blobserver returned 202. File uploaded!
17:08:42     INFO -  (blobuploader) - INFO - Done attempting.
17:08:42     INFO -  (blobuploader) - INFO - Uploading /builds/slave/test/build/blobber_upload_dir/plain-gpu_errorsummary.log ...
17:08:42     INFO -  (blobuploader) - INFO - Using https://blobupload.elasticbeanstalk.com
17:08:42     INFO -  (blobuploader) - INFO - Uploading, attempt #1.
17:08:43     INFO -  (blobuploader) - INFO - TinderboxPrint: <a href='https://mozilla-releng-blobs.s3.amazonaws.com/blobs/mozilla-esr52/sha512/8826be818fdb305bf1c4df9f021079687323bb78c45f0f46a355a48b7f926b193864206d84953a04cfe8bec32743b38dc63b0681b3d17c4aa77eeb68e69175cd'>plain-gpu_errorsummary.log</a>: uploaded
17:08:43     INFO -  (blobuploader) - INFO - Blobserver returned 202. File uploaded!
17:08:43     INFO -  (blobuploader) - INFO - Done attempting.
17:08:43     INFO -  (blobuploader) - INFO - Uploading /builds/slave/test/build/blobber_upload_dir/chrome-gpu_raw.log ...
17:08:43     INFO -  (blobuploader) - INFO - Using https://blobupload.elasticbeanstalk.com
17:08:43     INFO -  (blobuploader) - INFO - Uploading, attempt #1.
17:08:44     INFO -  (blobuploader) - INFO - TinderboxPrint: <a href='https://mozilla-releng-blobs.s3.amazonaws.com/blobs/mozilla-esr52/sha512/efd2a21bdcf08051ef61ba1a4e9cbbe4aa3c0b46de56b86a5455318ab603725b0645e27407b0f107f2877ab12fa34b386346478043e2916b5e90b3e4eca0ffd4'>chrome-gpu_raw.log</a>: uploaded
17:08:44     INFO -  (blobuploader) - INFO - Blobserver returned 202. File uploaded!
17:08:44     INFO -  (blobuploader) - INFO - Done attempting.
17:08:44     INFO -  (blobuploader) - INFO - Uploading /builds/slave/test/build/blobber_upload_dir/browser-chrome-gpu_raw.log ...
17:08:44     INFO -  (blobuploader) - INFO - Using https://blobupload.elasticbeanstalk.com
17:08:44     INFO -  (blobuploader) - INFO - Uploading, attempt #1.
17:08:44     INFO -  (blobuploader) - INFO - TinderboxPrint: <a href='https://mozilla-releng-blobs.s3.amazonaws.com/blobs/mozilla-esr52/sha512/a65104f38f94fa1604ff16547fe3e56d69c3b8cbcdfcf771eec3bcffe7179b39ac9ec5e2a808e03365aff1badcc6f9550438a15d483ccfce37269fc658488989'>browser-chrome-gpu_raw.log</a>: uploaded
17:08:44     INFO -  (blobuploader) - INFO - Blobserver returned 202. File uploaded!
17:08:44     INFO -  (blobuploader) - INFO - Done attempting.
17:08:44     INFO -  (blobuploader) - INFO - Uploading /builds/slave/test/build/blobber_upload_dir/resource-usage.json ...
17:08:44     INFO -  (blobuploader) - INFO - Using https://blobupload.elasticbeanstalk.com
17:08:44     INFO -  (blobuploader) - INFO - Uploading, attempt #1.
17:08:45     INFO -  (blobuploader) - INFO - TinderboxPrint: <a href='https://mozilla-releng-blobs.s3.amazonaws.com/blobs/mozilla-esr52/sha512/d688665b66f5be4657f27c3c3844463817d18392065bf0dc71fbb72110bab9fe86bda27a7f34dbac6cdd280177e71de9bfabab5aa549ba11774a72168e507ea2'>resource-usage.json</a>: uploaded
17:08:45     INFO -  (blobuploader) - INFO - Blobserver returned 202. File uploaded!
17:08:45     INFO -  (blobuploader) - INFO - Done attempting.
17:08:45     INFO -  (blobuploader) - INFO - Iteration through files over.
17:08:45     INFO - Return code: 0
17:08:45     INFO - rmtree: /builds/slave/test/build/uploaded_files.json
17:08:45     INFO - retry: Calling remove with args: ('/builds/slave/test/build/uploaded_files.json',), kwargs: {}, attempt #1
17:08:45     INFO - Setting buildbot property blobber_files to {"browser-chrome-gpu_raw.log": "https://mozilla-releng-blobs.s3.amazonaws.com/blobs/mozilla-esr52/sha512/a65104f38f94fa1604ff16547fe3e56d69c3b8cbcdfcf771eec3bcffe7179b39ac9ec5e2a808e03365aff1badcc6f9550438a15d483ccfce37269fc658488989", "plain-gpu_errorsummary.log": "https://mozilla-releng-blobs.s3.amazonaws.com/blobs/mozilla-esr52/sha512/8826be818fdb305bf1c4df9f021079687323bb78c45f0f46a355a48b7f926b193864206d84953a04cfe8bec32743b38dc63b0681b3d17c4aa77eeb68e69175cd", "chrome-gpu_raw.log": "https://mozilla-releng-blobs.s3.amazonaws.com/blobs/mozilla-esr52/sha512/efd2a21bdcf08051ef61ba1a4e9cbbe4aa3c0b46de56b86a5455318ab603725b0645e27407b0f107f2877ab12fa34b386346478043e2916b5e90b3e4eca0ffd4", "plain-gpu_raw.log": "https://mozilla-releng-blobs.s3.amazonaws.com/blobs/mozilla-esr52/sha512/1a25013453c70e60625ef7c1ed10e6c96f9dd4260b48e9b1ec60e51e93228dcd6c2c9ce8593cb926d0ea3a434ba4229c0f7fcff6b675826d2352d90be899ad33", "browser-chrome-gpu_errorsummary.log": "https://mozilla-releng-blobs.s3.amazonaws.com/blobs/mozilla-esr52/sha512/1424f449cfc96112d6562ce4dd57dd4a4a55633ca365bed353b05b67dc1bc9cad035c1bc0854768e805b8f34a607e1b9ed5da4776cff33f2b85467952be1520d", "resource-usage.json": "https://mozilla-releng-blobs.s3.amazonaws.com/blobs/mozilla-esr52/sha512/d688665b66f5be4657f27c3c3844463817d18392065bf0dc71fbb72110bab9fe86bda27a7f34dbac6cdd280177e71de9bfabab5aa549ba11774a72168e507ea2", "chrome-gpu_errorsummary.log": "https://mozilla-releng-blobs.s3.amazonaws.com/blobs/mozilla-esr52/sha512/d1f8b8b334d73cfa403112202bce8d990c701785e752c6425e3dfd5f70eda8d739765606114d155af82d11584c6fb3a38beb6efee7d96058f20629b092b82ea5"}
17:08:45     INFO - Writing buildbot properties ['blobber_files'] to /builds/slave/test/properties/blobber_files
17:08:45     INFO - Writing to file /builds/slave/test/properties/blobber_files
17:08:45     INFO - Contents:
17:08:45     INFO -  blobber_files:{"browser-chrome-gpu_raw.log": "https://mozilla-releng-blobs.s3.amazonaws.com/blobs/mozilla-esr52/sha512/a65104f38f94fa1604ff16547fe3e56d69c3b8cbcdfcf771eec3bcffe7179b39ac9ec5e2a808e03365aff1badcc6f9550438a15d483ccfce37269fc658488989", "plain-gpu_errorsummary.log": "https://mozilla-releng-blobs.s3.amazonaws.com/blobs/mozilla-esr52/sha512/8826be818fdb305bf1c4df9f021079687323bb78c45f0f46a355a48b7f926b193864206d84953a04cfe8bec32743b38dc63b0681b3d17c4aa77eeb68e69175cd", "chrome-gpu_raw.log": "https://mozilla-releng-blobs.s3.amazonaws.com/blobs/mozilla-esr52/sha512/efd2a21bdcf08051ef61ba1a4e9cbbe4aa3c0b46de56b86a5455318ab603725b0645e27407b0f107f2877ab12fa34b386346478043e2916b5e90b3e4eca0ffd4", "plain-gpu_raw.log": "https://mozilla-releng-blobs.s3.amazonaws.com/blobs/mozilla-esr52/sha512/1a25013453c70e60625ef7c1ed10e6c96f9dd4260b48e9b1ec60e51e93228dcd6c2c9ce8593cb926d0ea3a434ba4229c0f7fcff6b675826d2352d90be899ad33", "browser-chrome-gpu_errorsummary.log": "https://mozilla-releng-blobs.s3.amazonaws.com/blobs/mozilla-esr52/sha512/1424f449cfc96112d6562ce4dd57dd4a4a55633ca365bed353b05b67dc1bc9cad035c1bc0854768e805b8f34a607e1b9ed5da4776cff33f2b85467952be1520d", "resource-usage.json": "https://mozilla-releng-blobs.s3.amazonaws.com/blobs/mozilla-esr52/sha512/d688665b66f5be4657f27c3c3844463817d18392065bf0dc71fbb72110bab9fe86bda27a7f34dbac6cdd280177e71de9bfabab5aa549ba11774a72168e507ea2", "chrome-gpu_errorsummary.log": "https://mozilla-releng-blobs.s3.amazonaws.com/blobs/mozilla-esr52/sha512/d1f8b8b334d73cfa403112202bce8d990c701785e752c6425e3dfd5f70eda8d739765606114d155af82d11584c6fb3a38beb6efee7d96058f20629b092b82ea5"}
17:08:45     INFO - Running post-run listener: copy_logs_to_upload_dir
17:08:45     INFO - Copying logs to upload dir...
17:08:45     INFO - mkdir: /builds/slave/test/build/upload/logs
17:08:45     INFO - Copying logs to upload dir...
program finished with exit code 0
elapsedTime=664.427949
========= master_lag: 0.02 =========
========= Finished '/tools/buildbot/bin/python -u ...' (results: 0, elapsed: 11 mins, 4 secs) (at 2018-06-09 17:08:45.744895) =========

========= Started set props: build_url blobber_files (results: 0, elapsed: 0 secs) (at 2018-06-09 17:08:45.745962) =========
bash -c 'for file in `ls -1`; do cat $file; done'
 in dir /builds/slave/test/properties (timeout 1200 secs)
 watching logfiles {}
 argv: ['bash', '-c', 'for file in `ls -1`; do cat $file; done']
 environment:
  HOME=/home/cltbld
  LANG=en_US.UTF-8
  LOGNAME=cltbld
  MAIL=/var/mail/cltbld
  NODE_PATH=/usr/lib/nodejs:/usr/lib/node_modules:/usr/share/javascript
  PATH=/usr/local/bin:/usr/local/bin:/usr/bin:/bin:/usr/local/games:/usr/games
  PWD=/builds/slave/test/properties
  SHELL=/bin/bash
  SHLVL=1
  TERM=linux
  TMOUT=86400
  USER=cltbld
  XDG_SESSION_COOKIE=5a152710dd62cc268aad214e000002d8-1528588652.478745-1780109949
  _=/tools/buildbot/bin/python
 using PTY: False
blobber_files:{"browser-chrome-gpu_raw.log": "https://mozilla-releng-blobs.s3.amazonaws.com/blobs/mozilla-esr52/sha512/a65104f38f94fa1604ff16547fe3e56d69c3b8cbcdfcf771eec3bcffe7179b39ac9ec5e2a808e03365aff1badcc6f9550438a15d483ccfce37269fc658488989", "plain-gpu_errorsummary.log": "https://mozilla-releng-blobs.s3.amazonaws.com/blobs/mozilla-esr52/sha512/8826be818fdb305bf1c4df9f021079687323bb78c45f0f46a355a48b7f926b193864206d84953a04cfe8bec32743b38dc63b0681b3d17c4aa77eeb68e69175cd", "chrome-gpu_raw.log": "https://mozilla-releng-blobs.s3.amazonaws.com/blobs/mozilla-esr52/sha512/efd2a21bdcf08051ef61ba1a4e9cbbe4aa3c0b46de56b86a5455318ab603725b0645e27407b0f107f2877ab12fa34b386346478043e2916b5e90b3e4eca0ffd4", "plain-gpu_raw.log": "https://mozilla-releng-blobs.s3.amazonaws.com/blobs/mozilla-esr52/sha512/1a25013453c70e60625ef7c1ed10e6c96f9dd4260b48e9b1ec60e51e93228dcd6c2c9ce8593cb926d0ea3a434ba4229c0f7fcff6b675826d2352d90be899ad33", "browser-chrome-gpu_errorsummary.log": "https://mozilla-releng-blobs.s3.amazonaws.com/blobs/mozilla-esr52/sha512/1424f449cfc96112d6562ce4dd57dd4a4a55633ca365bed353b05b67dc1bc9cad035c1bc0854768e805b8f34a607e1b9ed5da4776cff33f2b85467952be1520d", "resource-usage.json": "https://mozilla-releng-blobs.s3.amazonaws.com/blobs/mozilla-esr52/sha512/d688665b66f5be4657f27c3c3844463817d18392065bf0dc71fbb72110bab9fe86bda27a7f34dbac6cdd280177e71de9bfabab5aa549ba11774a72168e507ea2", "chrome-gpu_errorsummary.log": "https://mozilla-releng-blobs.s3.amazonaws.com/blobs/mozilla-esr52/sha512/d1f8b8b334d73cfa403112202bce8d990c701785e752c6425e3dfd5f70eda8d739765606114d155af82d11584c6fb3a38beb6efee7d96058f20629b092b82ea5"}
build_url:https://queue.taskcluster.net/v1/task/ZkogR2LsTsy-gAv6y4iKyQ/artifacts/public/build/firefox-52.8.2.en-US.linux-i686.tar.bz2
program finished with exit code 0
elapsedTime=0.149774
build_url: 'https://queue.taskcluster.net/v1/task/ZkogR2LsTsy-gAv6y4iKyQ/artifacts/public/build/firefox-52.8.2.en-US.linux-i686.tar.bz2'
blobber_files: '{"browser-chrome-gpu_raw.log": "https://mozilla-releng-blobs.s3.amazonaws.com/blobs/mozilla-esr52/sha512/a65104f38f94fa1604ff16547fe3e56d69c3b8cbcdfcf771eec3bcffe7179b39ac9ec5e2a808e03365aff1badcc6f9550438a15d483ccfce37269fc658488989", "plain-gpu_errorsummary.log": "https://mozilla-releng-blobs.s3.amazonaws.com/blobs/mozilla-esr52/sha512/8826be818fdb305bf1c4df9f021079687323bb78c45f0f46a355a48b7f926b193864206d84953a04cfe8bec32743b38dc63b0681b3d17c4aa77eeb68e69175cd", "chrome-gpu_raw.log": "https://mozilla-releng-blobs.s3.amazonaws.com/blobs/mozilla-esr52/sha512/efd2a21bdcf08051ef61ba1a4e9cbbe4aa3c0b46de56b86a5455318ab603725b0645e27407b0f107f2877ab12fa34b386346478043e2916b5e90b3e4eca0ffd4", "plain-gpu_raw.log": "https://mozilla-releng-blobs.s3.amazonaws.com/blobs/mozilla-esr52/sha512/1a25013453c70e60625ef7c1ed10e6c96f9dd4260b48e9b1ec60e51e93228dcd6c2c9ce8593cb926d0ea3a434ba4229c0f7fcff6b675826d2352d90be899ad33", "browser-chrome-gpu_errorsummary.log": "https://mozilla-releng-blobs.s3.amazonaws.com/blobs/mozilla-esr52/sha512/1424f449cfc96112d6562ce4dd57dd4a4a55633ca365bed353b05b67dc1bc9cad035c1bc0854768e805b8f34a607e1b9ed5da4776cff33f2b85467952be1520d", "resource-usage.json": "https://mozilla-releng-blobs.s3.amazonaws.com/blobs/mozilla-esr52/sha512/d688665b66f5be4657f27c3c3844463817d18392065bf0dc71fbb72110bab9fe86bda27a7f34dbac6cdd280177e71de9bfabab5aa549ba11774a72168e507ea2", "chrome-gpu_errorsummary.log": "https://mozilla-releng-blobs.s3.amazonaws.com/blobs/mozilla-esr52/sha512/d1f8b8b334d73cfa403112202bce8d990c701785e752c6425e3dfd5f70eda8d739765606114d155af82d11584c6fb3a38beb6efee7d96058f20629b092b82ea5"}'
========= master_lag: 0.03 =========
========= Finished set props: build_url blobber_files (results: 0, elapsed: 0 secs) (at 2018-06-09 17:08:45.923851) =========

========= Started 'rm -f ...' (results: 0, elapsed: 0 secs) (at 2018-06-09 17:08:45.924440) =========
rm -f oauth.txt
 in dir /builds/slave/test/. (timeout 1200 secs)
 watching logfiles {}
 argv: ['rm', '-f', 'oauth.txt']
 environment:
  HOME=/home/cltbld
  LANG=en_US.UTF-8
  LOGNAME=cltbld
  MAIL=/var/mail/cltbld
  NODE_PATH=/usr/lib/nodejs:/usr/lib/node_modules:/usr/share/javascript
  PATH=/usr/local/bin:/usr/local/bin:/usr/bin:/bin:/usr/local/games:/usr/games
  PWD=/builds/slave/test
  SHELL=/bin/bash
  SHLVL=1
  TERM=linux
  TMOUT=86400
  USER=cltbld
  XDG_SESSION_COOKIE=5a152710dd62cc268aad214e000002d8-1528588652.478745-1780109949
  _=/tools/buildbot/bin/python
 using PTY: False
program finished with exit code 0
elapsedTime=0.070064
========= master_lag: 0.05 =========
========= Finished 'rm -f ...' (results: 0, elapsed: 0 secs) (at 2018-06-09 17:08:46.039513) =========

========= Started reboot skipped (results: 3, elapsed: 0 secs) (at 2018-06-09 17:08:46.040054) =========
========= Finished reboot skipped (results: 3, elapsed: 0 secs) (at 2018-06-09 17:08:46.040558) =========

========= Total master_lag: 0.19 =========

