builder: mozilla-esr52_win8_64_test_pgo-gtest
slave: t-w864-ix-062
starttime: 1528588878.97
results: failure (2)
buildid: 20180609145619
builduid: b1c96505513c43fda408cdf95090aab8
revision: 1e9a9a6b6e74d8eafe01f87850eb3d85bfba88d8

========= Started set props: master (results: 0, elapsed: 0 secs) (at 2018-06-09 17:01:18.974210) =========
master: http://buildbot-master109.bb.releng.scl3.mozilla.com:8201/
========= Finished set props: master (results: 0, elapsed: 0 secs) (at 2018-06-09 17:01:18.974696) =========

========= Started downloading to buildprops.json (results: 0, elapsed: 0 secs) (at 2018-06-09 17:01:18.974979) =========
========= Finished downloading to buildprops.json (results: 0, elapsed: 0 secs) (at 2018-06-09 17:01:19.058469) =========

========= Started 'bash -c ...' (results: 0, elapsed: 1 secs) (at 2018-06-09 17:01:19.058859) =========
'bash' '-c' 'wget -Oarchiver_client.py --no-check-certificate --tries=10 --waitretry=3 https://hg.mozilla.org/build/tools/raw-file/default/buildfarm/utils/archiver_client.py'
 in dir C:\slave\test\. (timeout 1200 secs)
 watching logfiles {}
 argv: ['bash', '-c', 'wget -Oarchiver_client.py --no-check-certificate --tries=10 --waitretry=3 https://hg.mozilla.org/build/tools/raw-file/default/buildfarm/utils/archiver_client.py']
 environment:
  ALLUSERSPROFILE=C:\ProgramData
  APPDATA=C:\Users\cltbld.T-W864-IX-062.001\AppData\Roaming
  COMMONPROGRAMFILES=C:\Program Files (x86)\Common Files
  COMMONPROGRAMFILES(X86)=C:\Program Files (x86)\Common Files
  COMMONPROGRAMW6432=C:\Program Files\Common Files
  COMPUTERNAME=T-W864-IX-062
  COMSPEC=C:\windows\system32\cmd.exe
  DCLOCATION=SCL3
  DNSSUFFIX=wintest.releng.scl3.mozilla.com
  FP_NO_HOST_CHECK=NO
  HOMEDRIVE=C:
  HOMEPATH=\Users\cltbld.T-W864-IX-062.001
  KTS_HOME=C:\Program Files\KTS
  KTS_VERSION=1.19c
  LOCALAPPDATA=C:\Users\cltbld.T-W864-IX-062.001\AppData\Local
  LOGONSERVER=\\T-W864-IX-062
  MONDIR=C:\Monitor_config\
  MOZBUILDDIR=C:\mozilla-build\
  NUMBER_OF_PROCESSORS=8
  OS=Windows_NT
  OURDRIVE=C:
  PATH=C:\Program Files (x86)\NVIDIA Corporation\PhysX\Common;C:\windows\system32;C:\windows;C:\windows\System32\Wbem;C:\windows\System32\WindowsPowerShell\v1.0\;C:\mozilla-build\python27;C:\mozilla-build\python27\Scripts;C:\mozilla-build\msys\bin;C:\mozilla-build\vim\vim72;C:\mozilla-build\wget;C:\mozilla-build\info-zip;C:\CoreUtils\bin;C:\mozilla-build\buildbotve\scripts;C:\mozilla-build\hg
  PATHEXT=.COM;.EXE;.BAT;.CMD;.VBS;.VBE;.JS;.JSE;.WSF;.WSH;.MSC
  PROCESSOR_ARCHITECTURE=x86
  PROCESSOR_ARCHITEW6432=AMD64
  PROCESSOR_IDENTIFIER=Intel64 Family 6 Model 30 Stepping 5, GenuineIntel
  PROCESSOR_LEVEL=6
  PROCESSOR_REVISION=1e05
  PROGRAMDATA=C:\ProgramData
  PROGRAMFILES=C:\Program Files (x86)
  PROGRAMFILES(X86)=C:\Program Files (x86)
  PROGRAMW6432=C:\Program Files
  PROMPT=$P$G
  PSMODULEPATH=C:\windows\system32\WindowsPowerShell\v1.0\Modules\
  PUBLIC=C:\Users\Public
  PWD=C:\slave\test
  RUNLOGFILE=C:\slave\\runslave.log
  SLAVEDIR=C:\slave\
  SYSTEMDRIVE=C:
  SYSTEMROOT=C:\windows
  TEMP=C:\Users\CLTBLD~1.001\AppData\Local\Temp
  TEST1=testie
  TMP=C:\Users\CLTBLD~1.001\AppData\Local\Temp
  USERDOMAIN=T-W864-IX-062
  USERDOMAIN_ROAMINGPROFILE=T-W864-IX-062
  USERNAME=cltbld
  USERPROFILE=C:\Users\cltbld.T-W864-IX-062.001
  WINDIR=C:\windows
 using PTY: False
--17:01:19--  https://hg.mozilla.org/build/tools/raw-file/default/buildfarm/utils/archiver_client.py
           => `archiver_client.py'
Resolving hg.mozilla.org... 63.245.215.25, 63.245.215.102
Connecting to hg.mozilla.org|63.245.215.25|:443... connected.
WARNING: Certificate verification error for hg.mozilla.org: certificate signature failure
HTTP request sent, awaiting response... 200 Script output follows
Length: 12,179 (12K) [text/x-python]

    0K .......... .                                          100%  241.13 KB/s

17:01:19 (241.13 KB/s) - `archiver_client.py' saved [12179/12179]

program finished with exit code 0
elapsedTime=1.370000
========= master_lag: 0.05 =========
========= Finished 'bash -c ...' (results: 0, elapsed: 1 secs) (at 2018-06-09 17:01:20.473962) =========

========= Started 'rm -rf ...' (results: 0, elapsed: 4 secs) (at 2018-06-09 17:01:20.474301) =========
'rm' '-rf' 'scripts' 'properties'
 in dir C:\slave\test\. (timeout 1200 secs)
 watching logfiles {}
 argv: ['rm', '-rf', 'scripts', 'properties']
 environment:
  ALLUSERSPROFILE=C:\ProgramData
  APPDATA=C:\Users\cltbld.T-W864-IX-062.001\AppData\Roaming
  COMMONPROGRAMFILES=C:\Program Files (x86)\Common Files
  COMMONPROGRAMFILES(X86)=C:\Program Files (x86)\Common Files
  COMMONPROGRAMW6432=C:\Program Files\Common Files
  COMPUTERNAME=T-W864-IX-062
  COMSPEC=C:\windows\system32\cmd.exe
  DCLOCATION=SCL3
  DNSSUFFIX=wintest.releng.scl3.mozilla.com
  FP_NO_HOST_CHECK=NO
  HOMEDRIVE=C:
  HOMEPATH=\Users\cltbld.T-W864-IX-062.001
  KTS_HOME=C:\Program Files\KTS
  KTS_VERSION=1.19c
  LOCALAPPDATA=C:\Users\cltbld.T-W864-IX-062.001\AppData\Local
  LOGONSERVER=\\T-W864-IX-062
  MONDIR=C:\Monitor_config\
  MOZBUILDDIR=C:\mozilla-build\
  NUMBER_OF_PROCESSORS=8
  OS=Windows_NT
  OURDRIVE=C:
  PATH=C:\Program Files (x86)\NVIDIA Corporation\PhysX\Common;C:\windows\system32;C:\windows;C:\windows\System32\Wbem;C:\windows\System32\WindowsPowerShell\v1.0\;C:\mozilla-build\python27;C:\mozilla-build\python27\Scripts;C:\mozilla-build\msys\bin;C:\mozilla-build\vim\vim72;C:\mozilla-build\wget;C:\mozilla-build\info-zip;C:\CoreUtils\bin;C:\mozilla-build\buildbotve\scripts;C:\mozilla-build\hg
  PATHEXT=.COM;.EXE;.BAT;.CMD;.VBS;.VBE;.JS;.JSE;.WSF;.WSH;.MSC
  PROCESSOR_ARCHITECTURE=x86
  PROCESSOR_ARCHITEW6432=AMD64
  PROCESSOR_IDENTIFIER=Intel64 Family 6 Model 30 Stepping 5, GenuineIntel
  PROCESSOR_LEVEL=6
  PROCESSOR_REVISION=1e05
  PROGRAMDATA=C:\ProgramData
  PROGRAMFILES=C:\Program Files (x86)
  PROGRAMFILES(X86)=C:\Program Files (x86)
  PROGRAMW6432=C:\Program Files
  PROMPT=$P$G
  PSMODULEPATH=C:\windows\system32\WindowsPowerShell\v1.0\Modules\
  PUBLIC=C:\Users\Public
  PWD=C:\slave\test
  RUNLOGFILE=C:\slave\\runslave.log
  SLAVEDIR=C:\slave\
  SYSTEMDRIVE=C:
  SYSTEMROOT=C:\windows
  TEMP=C:\Users\CLTBLD~1.001\AppData\Local\Temp
  TEST1=testie
  TMP=C:\Users\CLTBLD~1.001\AppData\Local\Temp
  USERDOMAIN=T-W864-IX-062
  USERDOMAIN_ROAMINGPROFILE=T-W864-IX-062
  USERNAME=cltbld
  USERPROFILE=C:\Users\cltbld.T-W864-IX-062.001
  WINDIR=C:\windows
 using PTY: False
program finished with exit code 0
elapsedTime=4.315000
========= master_lag: 0.00 =========
========= Finished 'rm -rf ...' (results: 0, elapsed: 4 secs) (at 2018-06-09 17:01:24.792844) =========

========= Started 'bash -c ...' (results: 0, elapsed: 2 secs) (at 2018-06-09 17:01:24.793244) =========
'bash' '-c' u'python archiver_client.py mozharness --repo releases/mozilla-esr52 --rev 1e9a9a6b6e74d8eafe01f87850eb3d85bfba88d8 --destination scripts --debug'
 in dir C:\slave\test\. (timeout 1200 secs)
 watching logfiles {}
 argv: ['bash', '-c', u'python archiver_client.py mozharness --repo releases/mozilla-esr52 --rev 1e9a9a6b6e74d8eafe01f87850eb3d85bfba88d8 --destination scripts --debug']
 environment:
  ALLUSERSPROFILE=C:\ProgramData
  APPDATA=C:\Users\cltbld.T-W864-IX-062.001\AppData\Roaming
  COMMONPROGRAMFILES=C:\Program Files (x86)\Common Files
  COMMONPROGRAMFILES(X86)=C:\Program Files (x86)\Common Files
  COMMONPROGRAMW6432=C:\Program Files\Common Files
  COMPUTERNAME=T-W864-IX-062
  COMSPEC=C:\windows\system32\cmd.exe
  DCLOCATION=SCL3
  DNSSUFFIX=wintest.releng.scl3.mozilla.com
  FP_NO_HOST_CHECK=NO
  HOMEDRIVE=C:
  HOMEPATH=\Users\cltbld.T-W864-IX-062.001
  KTS_HOME=C:\Program Files\KTS
  KTS_VERSION=1.19c
  LOCALAPPDATA=C:\Users\cltbld.T-W864-IX-062.001\AppData\Local
  LOGONSERVER=\\T-W864-IX-062
  MONDIR=C:\Monitor_config\
  MOZBUILDDIR=C:\mozilla-build\
  NUMBER_OF_PROCESSORS=8
  OS=Windows_NT
  OURDRIVE=C:
  PATH=C:\Program Files (x86)\NVIDIA Corporation\PhysX\Common;C:\windows\system32;C:\windows;C:\windows\System32\Wbem;C:\windows\System32\WindowsPowerShell\v1.0\;C:\mozilla-build\python27;C:\mozilla-build\python27\Scripts;C:\mozilla-build\msys\bin;C:\mozilla-build\vim\vim72;C:\mozilla-build\wget;C:\mozilla-build\info-zip;C:\CoreUtils\bin;C:\mozilla-build\buildbotve\scripts;C:\mozilla-build\hg
  PATHEXT=.COM;.EXE;.BAT;.CMD;.VBS;.VBE;.JS;.JSE;.WSF;.WSH;.MSC
  PROCESSOR_ARCHITECTURE=x86
  PROCESSOR_ARCHITEW6432=AMD64
  PROCESSOR_IDENTIFIER=Intel64 Family 6 Model 30 Stepping 5, GenuineIntel
  PROCESSOR_LEVEL=6
  PROCESSOR_REVISION=1e05
  PROGRAMDATA=C:\ProgramData
  PROGRAMFILES=C:\Program Files (x86)
  PROGRAMFILES(X86)=C:\Program Files (x86)
  PROGRAMW6432=C:\Program Files
  PROMPT=$P$G
  PSMODULEPATH=C:\windows\system32\WindowsPowerShell\v1.0\Modules\
  PUBLIC=C:\Users\Public
  PWD=C:\slave\test
  RUNLOGFILE=C:\slave\\runslave.log
  SLAVEDIR=C:\slave\
  SYSTEMDRIVE=C:
  SYSTEMROOT=C:\windows
  TEMP=C:\Users\CLTBLD~1.001\AppData\Local\Temp
  TEST1=testie
  TMP=C:\Users\CLTBLD~1.001\AppData\Local\Temp
  USERDOMAIN=T-W864-IX-062
  USERDOMAIN_ROAMINGPROFILE=T-W864-IX-062
  USERNAME=cltbld
  USERPROFILE=C:\Users\cltbld.T-W864-IX-062.001
  WINDIR=C:\windows
 using PTY: False
2018-06-09 17:01:24,269 truncating revision to first 12 chars
2018-06-09 17:01:24,269 Setting DEBUG logging.
2018-06-09 17:01:24,269 attempt 1/10
2018-06-09 17:01:24,269 Getting archive location from https://api.pub.build.mozilla.org/archiver/hgmo/releases/mozilla-esr52/1e9a9a6b6e74?&preferred_region=us-west-2&suffix=tar.gz&subdir=testing/mozharness
2018-06-09 17:01:25,690 unpacking tar archive at: mozilla-esr52-1e9a9a6b6e74/testing/mozharness/
2018-06-09 17:01:26,099 skipping symlink on windows: configs/single_locale/linux32.py
program finished with exit code 0
elapsedTime=2.942000
========= master_lag: 0.05 =========
========= Finished 'bash -c ...' (results: 0, elapsed: 2 secs) (at 2018-06-09 17:01:27.782687) =========

========= Started set props: script_repo_revision (results: 0, elapsed: 0 secs) (at 2018-06-09 17:01:27.783026) =========
script_repo_revision: 1e9a9a6b6e74d8eafe01f87850eb3d85bfba88d8
========= Finished set props: script_repo_revision (results: 0, elapsed: 0 secs) (at 2018-06-09 17:01:27.783416) =========

========= Started downloading to oauth.txt (results: 0, elapsed: 0 secs) (at 2018-06-09 17:01:27.783704) =========
========= Finished downloading to oauth.txt (results: 0, elapsed: 0 secs) (at 2018-06-09 17:01:27.792712) =========

========= Started 'c:/mozilla-build/python27/python -u ...' failed (results: 2, elapsed: 3 mins, 39 secs) (at 2018-06-09 17:01:27.793016) =========
'c:/mozilla-build/python27/python' '-u' 'scripts/scripts/desktop_unittest.py' '--cfg' 'unittests/win_unittest.py' '--gtest-suite' 'gtest' '--blob-upload-branch' 'mozilla-esr52' '--download-symbols' 'ondemand'
 in dir C:\slave\test\. (timeout 1800 secs) (maxTime 7200 secs)
 watching logfiles {}
 argv: ['c:/mozilla-build/python27/python', '-u', 'scripts/scripts/desktop_unittest.py', '--cfg', 'unittests/win_unittest.py', '--gtest-suite', 'gtest', '--blob-upload-branch', 'mozilla-esr52', '--download-symbols', 'ondemand']
 environment:
  ALLUSERSPROFILE=C:\ProgramData
  APPDATA=C:\Users\cltbld.T-W864-IX-062.001\AppData\Roaming
  COMMONPROGRAMFILES=C:\Program Files (x86)\Common Files
  COMMONPROGRAMFILES(X86)=C:\Program Files (x86)\Common Files
  COMMONPROGRAMW6432=C:\Program Files\Common Files
  COMPUTERNAME=T-W864-IX-062
  COMSPEC=C:\windows\system32\cmd.exe
  DCLOCATION=SCL3
  DNSSUFFIX=wintest.releng.scl3.mozilla.com
  FP_NO_HOST_CHECK=NO
  HOMEDRIVE=C:
  HOMEPATH=\Users\cltbld.T-W864-IX-062.001
  KTS_HOME=C:\Program Files\KTS
  KTS_VERSION=1.19c
  LOCALAPPDATA=C:\Users\cltbld.T-W864-IX-062.001\AppData\Local
  LOGONSERVER=\\T-W864-IX-062
  MONDIR=C:\Monitor_config\
  MOZBUILDDIR=C:\mozilla-build\
  MOZ_CRASHREPORTER_NO_REPORT=1
  MOZ_HIDE_RESULTS_TABLE=1
  MOZ_NO_REMOTE=1
  NO_EM_RESTART=1
  NO_FAIL_ON_TEST_ERRORS=1
  NUMBER_OF_PROCESSORS=8
  OS=Windows_NT
  OURDRIVE=C:
  PATH=C:\Program Files (x86)\NVIDIA Corporation\PhysX\Common;C:\windows\system32;C:\windows;C:\windows\System32\Wbem;C:\windows\System32\WindowsPowerShell\v1.0\;C:\mozilla-build\python27;C:\mozilla-build\python27\Scripts;C:\mozilla-build\msys\bin;C:\mozilla-build\vim\vim72;C:\mozilla-build\wget;C:\mozilla-build\info-zip;C:\CoreUtils\bin;C:\mozilla-build\buildbotve\scripts;C:\mozilla-build\hg
  PATHEXT=.COM;.EXE;.BAT;.CMD;.VBS;.VBE;.JS;.JSE;.WSF;.WSH;.MSC
  PROCESSOR_ARCHITECTURE=x86
  PROCESSOR_ARCHITEW6432=AMD64
  PROCESSOR_IDENTIFIER=Intel64 Family 6 Model 30 Stepping 5, GenuineIntel
  PROCESSOR_LEVEL=6
  PROCESSOR_REVISION=1e05
  PROGRAMDATA=C:\ProgramData
  PROGRAMFILES=C:\Program Files (x86)
  PROGRAMFILES(X86)=C:\Program Files (x86)
  PROGRAMW6432=C:\Program Files
  PROMPT=$P$G
  PROPERTIES_FILE=C:\slave\test/buildprops.json
  PSMODULEPATH=C:\windows\system32\WindowsPowerShell\v1.0\Modules\
  PUBLIC=C:\Users\Public
  PWD=C:\slave\test
  RUNLOGFILE=C:\slave\\runslave.log
  SLAVEDIR=C:\slave\
  SYSTEMDRIVE=C:
  SYSTEMROOT=C:\windows
  TEMP=C:\Users\CLTBLD~1.001\AppData\Local\Temp
  TEST1=testie
  TMP=C:\Users\CLTBLD~1.001\AppData\Local\Temp
  USERDOMAIN=T-W864-IX-062
  USERDOMAIN_ROAMINGPROFILE=T-W864-IX-062
  USERNAME=cltbld
  USERPROFILE=C:\Users\cltbld.T-W864-IX-062.001
  WINDIR=C:\windows
  XPCOM_DEBUG_BREAK=warn
 using PTY: False
17:01:27     INFO - MultiFileLogger online at 20180609 17:01:27 in C:\slave\test
17:01:27     INFO - Run as scripts/scripts/desktop_unittest.py --cfg unittests/win_unittest.py --gtest-suite gtest --blob-upload-branch mozilla-esr52 --download-symbols ondemand
17:01:27     INFO - Dumping config to C:\slave\test\logs\localconfig.json.
17:01:27     INFO - {'all_cppunittest_suites': {'cppunittest': ('tests/cppunittest',)},
17:01:27     INFO -  'all_gtest_suites': {'gtest': ()},
17:01:27     INFO -  'all_jittest_suites': {'jittest': ()},
17:01:27     INFO -  'all_mochitest_suites': {'a11y': ('--flavor=a11y',),
17:01:27     INFO -                           'browser-chrome': ('--flavor=browser',),
17:01:27     INFO -                           'browser-chrome-addons': ('--flavor=browser',
17:01:27     INFO -                                                     '--chunk-by-runtime',
17:01:27     INFO -                                                     '--tag=addons'),
17:01:27     INFO -                           'browser-chrome-chunked': ('--flavor=browser',
17:01:27     INFO -                                                      '--chunk-by-runtime'),
17:01:27     INFO -                           'browser-chrome-clipboard': ('--flavor=browser',
17:01:27     INFO -                                                        '--subsuite=clipboard'),
17:01:27     INFO -                           'browser-chrome-gpu': ('--flavor=browser',
17:01:27     INFO -                                                  '--subsuite=gpu'),
17:01:27     INFO -                           'browser-chrome-screenshots': ('--flavor=browser',
17:01:27     INFO -                                                          '--subsuite=screenshots'),
17:01:27     INFO -                           'chrome': ('--flavor=chrome',),
17:01:27     INFO -                           'chrome-chunked': ('--flavor=chrome',
17:01:27     INFO -                                              '--chunk-by-dir=4'),
17:01:27     INFO -                           'chrome-clipboard': ('--flavor=chrome',
17:01:27     INFO -                                                '--subsuite=clipboard'),
17:01:27     INFO -                           'chrome-gpu': ('--flavor=chrome', '--subsuite=gpu'),
17:01:27     INFO -                           'jetpack-addon': ('--flavor=jetpack-addon',),
17:01:27     INFO -                           'jetpack-package': ('--flavor=jetpack-package',),
17:01:27     INFO -                           'jetpack-package-clipboard': ('--flavor=jetpack-package',
17:01:27     INFO -                                                         '--subsuite=clipboard'),
17:01:27     INFO -                           'mochitest-devtools-chrome': ('--flavor=browser',
17:01:27     INFO -                                                         '--subsuite=devtools'),
17:01:27     INFO -                           'mochitest-devtools-chrome-chunked': ('--flavor=browser',
17:01:27     INFO -                                                                 '--subsuite=devtools',
17:01:27     INFO -                                                                 '--chunk-by-runtime'),
17:01:27     INFO -                           'mochitest-gl': ('--subsuite=webgl',),
17:01:27     INFO -                           'mochitest-media': ('--subsuite=media',),
17:01:27     INFO -                           'mochitest-metro-chrome': ('--flavor=browser',
17:01:27     INFO -                                                      '--metro-immersive'),
17:01:27     INFO -                           'plain': (),
17:01:27     INFO -                           'plain-chunked': ('--chunk-by-dir=4',),
17:01:27     INFO -                           'plain-clipboard': ('--subsuite=clipboard',),
17:01:27     INFO -                           'plain-gpu': ('--subsuite=gpu',)},
17:01:27     INFO -  'all_mozbase_suites': {'mozbase': ()},
17:01:27     INFO -  'all_reftest_suites': {'crashtest': {'options': ('--suite=crashtest',),
17:01:27     INFO -                                       'tests': ('tests/reftest/tests/testing/crashtest/crashtests.list',)},
17:01:27     INFO -                         'jsreftest': {'options': ('--extra-profile-file=tests/jsreftest/tests/user.js',),
17:01:27     INFO -                                       'tests': ('tests/jsreftest/tests/jstests.list',)},
17:01:27     INFO -                         'reftest': {'options': ('--suite=reftest',),
17:01:27     INFO -                                     'tests': ('tests/reftest/tests/layout/reftests/reftest.list',)},
17:01:27     INFO -                         'reftest-gpu': {'options': ('--suite=reftest',
17:01:27     INFO -                                                     '--setpref=layers.gpu-process.force-enabled=true'),
17:01:27     INFO -                                         'tests': ('tests/reftest/tests/layout/reftests/reftest.list',)},
17:01:27     INFO -                         'reftest-no-accel': {'options': ('--suite=reftest',
17:01:27     INFO -                                                          '--setpref=gfx.direct2d.disabled=true',
17:01:27     INFO -                                                          '--setpref=layers.acceleration.disabled=true'),
17:01:27     INFO -                                              'tests': ('tests/reftest/tests/layout/reftests/reftest.list',)}},
17:01:27     INFO -  'all_xpcshell_suites': {'xpcshell': {'options': ('--xpcshell=%(abs_app_dir)s/xpcshell.exe',
17:01:27     INFO -                                                   '--manifest=tests/xpcshell/tests/xpcshell.ini'),
17:01:27     INFO -                                       'tests': ()},
17:01:27     INFO -                          'xpcshell-addons': {'options': ('--xpcshell=%(abs_app_dir)s/xpcshell.exe',
17:01:27     INFO -                                                          '--tag=addons',
17:01:27     INFO -                                                          '--manifest=tests/xpcshell/tests/xpcshell.ini'),
17:01:27     INFO -                                              'tests': ()}},
17:01:27     INFO -  'allow_software_gl_layers': False,
17:01:27     INFO -  'append_to_log': False,
17:01:27     INFO -  'base_work_dir': 'C:\\slave\\test',
17:01:27     INFO -  'binary_path': 'C:\\slave\\test\\build\\application\\firefox\\firefox.exe',
17:01:27     INFO -  'blob_upload_branch': 'mozilla-esr52',
17:01:27     INFO -  'blob_uploader_auth_file': 'C:\\slave\\test\\oauth.txt',
17:01:27     INFO -  'buildbot_json_path': 'buildprops.json',
17:01:27     INFO -  'buildbot_max_log_size': 52428800,
17:01:27     INFO -  'code_coverage': False,
17:01:27     INFO -  'config_files': ('unittests/win_unittest.py',),
17:01:27     INFO -  'default_blob_upload_servers': ('https://blobupload.elasticbeanstalk.com',),
17:01:27     INFO -  'download_minidump_stackwalk': True,
17:01:27     INFO -  'download_nodejs': True,
17:01:27     INFO -  'download_symbols': 'ondemand',
17:01:27     INFO -  'e10s': False,
17:01:27     INFO -  'exe_suffix': '.exe',
17:01:27     INFO -  'exes': {'hg': 'c:/mozilla-build/hg/hg',
17:01:27     INFO -           'mozinstall': ('C:\\slave\\test/build/venv/scripts/python',
17:01:27     INFO -                          'C:\\slave\\test/build/venv/scripts/mozinstall-script.py'),
17:01:27     INFO -           'python': 'c:\\mozilla-build\\python27\\python.exe',
17:01:27     INFO -           'tooltool.py': ('c:\\mozilla-build\\python27\\python.exe',
17:01:27     INFO -                           'C:/mozilla-build/tooltool.py'),
17:01:27     INFO -           'virtualenv': ('c:\\mozilla-build\\python27\\python.exe',
17:01:27     INFO -                          'c:/mozilla-build/buildbotve/virtualenv.py')},
17:01:27     INFO -  'find_links': ('http://pypi.pvt.build.mozilla.org/pub',
17:01:27     INFO -                 'http://pypi.pub.build.mozilla.org/pub'),
17:01:27     INFO -  'installer_path': 'C:\\slave\\test\\build\\installer.zip',
17:01:27     INFO -  'log_level': 'info',
17:01:27     INFO -  'log_to_console': True,
17:01:27     INFO -  'minidump_save_path': '%(abs_work_dir)s/../minidumps',
17:01:27     INFO -  'minidump_stackwalk_path': 'win32-minidump_stackwalk.exe',
17:01:27     INFO -  'minidump_tooltool_manifest_path': 'config/tooltool-manifests/win32/releng.manifest',
17:01:27     INFO -  'minimum_tests_zip_dirs': ('bin/*',
17:01:27     INFO -                             'certs/*',
17:01:27     INFO -                             'config/*',
17:01:27     INFO -                             'mach',
17:01:27     INFO -                             'marionette/*',
17:01:27     INFO -                             'modules/*',
17:01:27     INFO -                             'mozbase/*',
17:01:27     INFO -                             'tools/*'),
17:01:27     INFO -  'no_random': False,
17:01:27     INFO -  'nodejs_path': 'node-win32.exe',
17:01:27     INFO -  'nodejs_tooltool_manifest_path': 'config/tooltool-manifests/win32/nodejs.manifest',
17:01:27     INFO -  'opt_config_files': (),
17:01:27     INFO -  'pip_index': False,
17:01:27     INFO -  'preflight_run_cmd_suites': ({'architectures': ('32bit', '64bit'),
17:01:27     INFO -                                'cmd': ('xset', 's', 'off', 's', 'reset'),
17:01:27     INFO -                                'enabled': False,
17:01:27     INFO -                                'halt_on_failure': False,
17:01:27     INFO -                                'name': 'disable_screen_saver'},
17:01:27     INFO -                               {'architectures': ('32bit',),
17:01:27     INFO -                                'cmd': ('c:\\mozilla-build\\python27\\python.exe',
17:01:27     INFO -                                        '../scripts/external_tools/mouse_and_screen_resolution.py',
17:01:27     INFO -                                        '--configuration-file',
17:01:27     INFO -                                        '../scripts/external_tools/machine-configuration.json'),
17:01:27     INFO -                                'enabled': True,
17:01:27     INFO -                                'halt_on_failure': True,
17:01:27     INFO -                                'name': 'run mouse & screen adjustment script'}),
17:01:27     INFO -  'require_test_zip': True,
17:01:27     INFO -  'run_all_suites': False,
17:01:27     INFO -  'run_cmd_checks_enabled': True,
17:01:27     INFO -  'run_file_names': {'cppunittest': 'runcppunittests.py',
17:01:27     INFO -                     'gtest': 'rungtests.py',
17:01:27     INFO -                     'jittest': 'jit_test.py',
17:01:27     INFO -                     'mochitest': 'runtests.py',
17:01:27     INFO -                     'mozbase': 'test.py',
17:01:27     INFO -                     'mozmill': 'runtestlist.py',
17:01:27     INFO -                     'reftest': 'runreftest.py',
17:01:27     INFO -                     'xpcshell': 'runxpcshelltests.py'},
17:01:27     INFO -  'specific_tests_zip_dirs': {'cppunittest': ('cppunittest/*',),
17:01:27     INFO -                              'gtest': ('gtest/*',),
17:01:27     INFO -                              'jittest': ('jit-test/*',),
17:01:27     INFO -                              'mochitest': ('mochitest/*',),
17:01:27     INFO -                              'mozbase': ('mozbase/*',),
17:01:27     INFO -                              'mozmill': ('mozmill/*',),
17:01:27     INFO -                              'reftest': ('reftest/*', 'jsreftest/*'),
17:01:27     INFO -                              'xpcshell': ('xpcshell/*',)},
17:01:27     INFO -  'specified_gtest_suites': ('gtest',),
17:01:27     INFO -  'strict_content_sandbox': False,
17:01:27     INFO -  'suite_definitions': {'cppunittest': {'options': ('--symbols-path=%(symbols_path)s',
17:01:27     INFO -                                                    '--xre-path=%(abs_app_dir)s'),
17:01:27     INFO -                                        'run_filename': 'runcppunittests.py',
17:01:27     INFO -                                        'testsdir': 'cppunittest'},
17:01:27     INFO -                        'gtest': {'options': ('--xre-path=%(abs_res_dir)s',
17:01:27     INFO -                                              '--cwd=%(gtest_dir)s',
17:01:27     INFO -                                              '--symbols-path=%(symbols_path)s',
17:01:27     INFO -                                              '--utility-path=tests/bin',
17:01:27     INFO -                                              '%(binary_path)s'),
17:01:27     INFO -                                  'run_filename': 'rungtests.py'},
17:01:27     INFO -                        'jittest': {'options': ('tests/bin/js',
17:01:27     INFO -                                                '--no-slow',
17:01:27     INFO -                                                '--no-progress',
17:01:27     INFO -                                                '--format=automation',
17:01:27     INFO -                                                '--jitflags=all',
17:01:27     INFO -                                                '--timeout=970'),
17:01:27     INFO -                                    'run_filename': 'jit_test.py',
17:01:27     INFO -                                    'run_timeout': 1000,
17:01:27     INFO -                                    'testsdir': 'jit-test/jit-test'},
17:01:27     INFO -                        'mochitest': {'options': ('--appname=%(binary_path)s',
17:01:27     INFO -                                                  '--utility-path=tests/bin',
17:01:27     INFO -                                                  '--extra-profile-file=tests/bin/plugins',
17:01:27     INFO -                                                  '--symbols-path=%(symbols_path)s',
17:01:27     INFO -                                                  '--certificate-path=tests/certs',
17:01:27     INFO -                                                  '--quiet',
17:01:27     INFO -                                                  '--log-raw=%(raw_log_file)s',
17:01:27     INFO -                                                  '--log-errorsummary=%(error_summary_file)s',
17:01:27     INFO -                                                  '--screenshot-on-fail',
17:01:27     INFO -                                                  '--cleanup-crashes'),
17:01:27     INFO -                                      'run_filename': 'runtests.py',
17:01:27     INFO -                                      'testsdir': 'mochitest'},
17:01:27     INFO -                        'mozbase': {'options': ('-b', '%(binary_path)s'),
17:01:27     INFO -                                    'run_filename': 'test.py',
17:01:27     INFO -                                    'testsdir': 'mozbase'},
17:01:27     INFO -                        'mozmill': {'options': ('--binary=%(binary_path)s',
17:01:27     INFO -                                                '--testing-modules-dir=test/modules',
17:01:27     INFO -                                                '--plugins-path=%(test_plugin_path)s',
17:01:27     INFO -                                                '--symbols-path=%(symbols_path)s'),
17:01:27     INFO -                                    'run_filename': 'runtestlist.py',
17:01:27     INFO -                                    'testsdir': 'mozmill'},
17:01:27     INFO -                        'reftest': {'options': ('--appname=%(binary_path)s',
17:01:27     INFO -                                                '--utility-path=tests/bin',
17:01:27     INFO -                                                '--extra-profile-file=tests/bin/plugins',
17:01:27     INFO -                                                '--symbols-path=%(symbols_path)s',
17:01:27     INFO -                                                '--log-raw=%(raw_log_file)s',
17:01:27     INFO -                                                '--log-errorsummary=%(error_summary_file)s',
17:01:27     INFO -                                                '--cleanup-crashes'),
17:01:27     INFO -                                    'run_filename': 'runreftest.py',
17:01:27     INFO -                                    'testsdir': 'reftest'},
17:01:27     INFO -                        'xpcshell': {'options': ('--symbols-path=%(symbols_path)s',
17:01:27     INFO -                                                 '--test-plugin-path=%(test_plugin_path)s',
17:01:27     INFO -                                                 '--log-raw=%(raw_log_file)s',
17:01:27     INFO -                                                 '--log-errorsummary=%(error_summary_file)s',
17:01:27     INFO -                                                 '--utility-path=tests/bin'),
17:01:27     INFO -                                     'run_filename': 'runxpcshelltests.py',
17:01:27     INFO -                                     'testsdir': 'xpcshell'}},
17:01:27     INFO -  'unstructured_flavors': {'cppunittest': (),
17:01:27     INFO -                           'gtest': (),
17:01:27     INFO -                           'jittest': (),
17:01:27     INFO -                           'mochitest': ('jetpack',),
17:01:27     INFO -                           'mozbase': (),
17:01:27     INFO -                           'mozmill': (),
17:01:27     INFO -                           'xpcshell': ()},
17:01:27     INFO -  'vcs_output_timeout': 1000,
17:01:27     INFO -  'virtualenv_modules': ('pypiwin32', 'six==1.10.0', 'vcversioner==2.16.0.0'),
17:01:27     INFO -  'virtualenv_path': 'venv',
17:01:27     INFO -  'virtualenv_python_dll': 'c:\\mozilla-build\\python27\\python27.dll',
17:01:27     INFO -  'volatile_config': {'actions': None, 'add_actions': None, 'no_actions': None},
17:01:27     INFO -  'work_dir': 'build',
17:01:27     INFO -  'xpcshell_name': 'xpcshell.exe'}
17:01:27     INFO - [mozharness: 2018-06-10 00:01:27.677000Z] Running clobber step.
17:01:27     INFO - Running pre-action listener: _resource_record_pre_action
17:01:27     INFO - Running main action method: clobber
17:01:27     INFO - rmtree: C:\slave\test\build
17:01:27     INFO - Using _rmtree_windows ...
17:01:27     INFO - retry: Calling _rmtree_windows with args: ('C:\\slave\\test\\build',), kwargs: {}, attempt #1
17:03:08     INFO - Running post-action listener: _resource_record_post_action
17:03:08     INFO - [mozharness: 2018-06-10 00:03:08.266000Z] Finished clobber step (success)
17:03:08     INFO - [mozharness: 2018-06-10 00:03:08.266000Z] Running read-buildbot-config step.
17:03:08     INFO - Running pre-action listener: _resource_record_pre_action
17:03:08     INFO - Running main action method: read_buildbot_config
17:03:08     INFO - Using buildbot properties:
17:03:08     INFO - {
17:03:08     INFO -     "project": "", 
17:03:08     INFO -     "product": "firefox", 
17:03:08     INFO -     "script_repo_revision": "production", 
17:03:08     INFO -     "scheduler": "tests-mozilla-esr52-win8_64-pgo-unittest", 
17:03:08     INFO -     "repository": "", 
17:03:08     INFO -     "buildername": "Windows 8 64-bit mozilla-esr52 pgo test gtest", 
17:03:08     INFO -     "buildid": "20180609145619", 
17:03:08     INFO -     "pgo_build": "True", 
17:03:08     INFO -     "basedir": "C:\\slave\\test", 
17:03:08     INFO -     "buildnumber": 84, 
17:03:08     INFO -     "slavename": "t-w864-ix-062", 
17:03:08     INFO -     "revision": "1e9a9a6b6e74d8eafe01f87850eb3d85bfba88d8", 
17:03:08     INFO -     "master": "http://buildbot-master109.bb.releng.scl3.mozilla.com:8201/", 
17:03:08     INFO -     "platform": "win64", 
17:03:08     INFO -     "branch": "mozilla-esr52", 
17:03:08     INFO -     "repo_path": "releases/mozilla-esr52", 
17:03:08     INFO -     "moz_repo_path": "", 
17:03:08     INFO -     "stage_platform": "win64-pgo", 
17:03:08     INFO -     "builduid": "b1c96505513c43fda408cdf95090aab8", 
17:03:08     INFO -     "slavebuilddir": "test"
17:03:08     INFO - }
17:03:08     INFO - Found a test packages url https://queue.taskcluster.net/v1/task/K-ubTGiyToujHbjKr6Z_zg/artifacts/public/build/firefox-52.8.2.en-US.win64.test_packages.json.
17:03:08     INFO - Found installer url https://queue.taskcluster.net/v1/task/K-ubTGiyToujHbjKr6Z_zg/artifacts/public/build/firefox-52.8.2.en-US.win64.zip.
17:03:08     INFO - Running post-action listener: _resource_record_post_action
17:03:08     INFO - [mozharness: 2018-06-10 00:03:08.269000Z] Finished read-buildbot-config step (success)
17:03:08     INFO - [mozharness: 2018-06-10 00:03:08.270000Z] Running download-and-extract step.
17:03:08     INFO - Running pre-action listener: _pre_download_and_extract
17:03:08  WARNING - Try message not found.
17:03:08     INFO - Running pre-action listener: _resource_record_pre_action
17:03:08     INFO - Running main action method: download_and_extract
17:03:08     INFO - mkdir: C:\slave\test\build\tests
17:03:08     INFO - Downloading https://queue.taskcluster.net/v1/task/K-ubTGiyToujHbjKr6Z_zg/artifacts/public/build/firefox-52.8.2.en-US.win64.test_packages.json to C:\slave\test\build\firefox-52.8.2.en-US.win64.test_packages.json
17:03:08     INFO - retry: Calling _download_file with args: (), kwargs: {'url': 'https://queue.taskcluster.net/v1/task/K-ubTGiyToujHbjKr6Z_zg/artifacts/public/build/firefox-52.8.2.en-US.win64.test_packages.json', 'file_name': 'C:\\slave\\test\\build\\firefox-52.8.2.en-US.win64.test_packages.json'}, attempt #1
17:03:09     INFO - Downloaded 1218 bytes.
17:03:09     INFO - Reading from file C:\slave\test\build\firefox-52.8.2.en-US.win64.test_packages.json
17:03:09     INFO - Using the following test package requirements:
17:03:09     INFO - {u'common': [u'firefox-52.8.2.en-US.win64.common.tests.zip'],
17:03:09     INFO -  u'cppunittest': [u'firefox-52.8.2.en-US.win64.common.tests.zip',
17:03:09     INFO -                   u'firefox-52.8.2.en-US.win64.cppunittest.tests.zip'],
17:03:09     INFO -  u'gtest': [u'firefox-52.8.2.en-US.win64.common.tests.zip'],
17:03:09     INFO -  u'jittest': [u'firefox-52.8.2.en-US.win64.common.tests.zip',
17:03:09     INFO -               u'jsshell-win64.zip'],
17:03:09     INFO -  u'mochitest': [u'firefox-52.8.2.en-US.win64.common.tests.zip',
17:03:09     INFO -                 u'firefox-52.8.2.en-US.win64.mochitest.tests.zip'],
17:03:09     INFO -  u'mozbase': [u'firefox-52.8.2.en-US.win64.common.tests.zip'],
17:03:09     INFO -  u'reftest': [u'firefox-52.8.2.en-US.win64.common.tests.zip',
17:03:09     INFO -               u'firefox-52.8.2.en-US.win64.reftest.tests.zip'],
17:03:09     INFO -  u'talos': [u'firefox-52.8.2.en-US.win64.common.tests.zip',
17:03:09     INFO -             u'firefox-52.8.2.en-US.win64.talos.tests.zip'],
17:03:09     INFO -  u'web-platform': [u'firefox-52.8.2.en-US.win64.common.tests.zip',
17:03:09     INFO -                    u'firefox-52.8.2.en-US.win64.web-platform.tests.zip'],
17:03:09     INFO -  u'xpcshell': [u'firefox-52.8.2.en-US.win64.common.tests.zip',
17:03:09     INFO -                u'firefox-52.8.2.en-US.win64.xpcshell.tests.zip']}
17:03:09     INFO - Downloading packages: [u'firefox-52.8.2.en-US.win64.common.tests.zip'] for test suite category: gtest
17:03:09     INFO - Adding 'mozinfo.json' for extraction from common.tests zip file
17:03:09     INFO - Downloading and extracting to C:\slave\test\build\tests these dirs bin/*, certs/*, config/*, mach, marionette/*, modules/*, mozbase/*, tools/*, gtest/*, mozinfo.json from https://queue.taskcluster.net/v1/task/K-ubTGiyToujHbjKr6Z_zg/artifacts/public/build/firefox-52.8.2.en-US.win64.common.tests.zip
17:03:09     INFO - retry: Calling fetch_url_into_memory with args: (), kwargs: {'url': u'https://queue.taskcluster.net/v1/task/K-ubTGiyToujHbjKr6Z_zg/artifacts/public/build/firefox-52.8.2.en-US.win64.common.tests.zip'}, attempt #1
17:03:09     INFO - Fetch https://queue.taskcluster.net/v1/task/K-ubTGiyToujHbjKr6Z_zg/artifacts/public/build/firefox-52.8.2.en-US.win64.common.tests.zip into memory
17:03:09     INFO - Http code: 200
17:03:09     INFO - via: 1.1 4a7b695b8ae560fe9087da065a2b7812.cloudfront.net (CloudFront)
17:03:09     INFO - x-amz-cf-id: mvWELiVRBFosPm-Ukd_UPPb-6kxteIAYmVMaXIgT_zuoMRspkD8e2w==
17:03:09     INFO - x-amz-version-id: SKZKZxm4IYX8I_pCCK87JEmgxP4JnwMc
17:03:10     INFO - Expected file size: 17259611
17:03:10     INFO - Obtained file size: 17259611
17:03:10     INFO - Downloading https://queue.taskcluster.net/v1/task/K-ubTGiyToujHbjKr6Z_zg/artifacts/public/build/firefox-52.8.2.en-US.win64.zip to C:\slave\test\build\installer.zip
17:03:10     INFO - retry: Calling _download_file with args: (), kwargs: {'url': 'https://queue.taskcluster.net/v1/task/K-ubTGiyToujHbjKr6Z_zg/artifacts/public/build/firefox-52.8.2.en-US.win64.zip', 'file_name': 'C:\\slave\\test\\build\\installer.zip'}, attempt #1
17:03:15     INFO - Downloaded 59116596 bytes.
17:03:15     INFO - Setting buildbot property build_url to https://queue.taskcluster.net/v1/task/K-ubTGiyToujHbjKr6Z_zg/artifacts/public/build/firefox-52.8.2.en-US.win64.zip
17:03:15     INFO - mkdir: C:\slave\test\properties
17:03:15     INFO - Writing buildbot properties ['build_url'] to C:\slave\test\properties\build_url
17:03:15     INFO - Writing to file C:\slave\test\properties\build_url
17:03:15     INFO - Contents:
17:03:15     INFO -  build_url:https://queue.taskcluster.net/v1/task/K-ubTGiyToujHbjKr6Z_zg/artifacts/public/build/firefox-52.8.2.en-US.win64.zip
17:03:16     INFO - Running post-action listener: _resource_record_post_action
17:03:16     INFO - Running post-action listener: set_extra_try_arguments
17:03:16     INFO - [mozharness: 2018-06-10 00:03:16.222000Z] Finished download-and-extract step (success)
17:03:16     INFO - [mozharness: 2018-06-10 00:03:16.222000Z] Running create-virtualenv step.
17:03:16     INFO - Running pre-action listener: _install_mozbase
17:03:16     INFO - Running pre-action listener: _pre_create_virtualenv
17:03:16     INFO - Running pre-action listener: _resource_record_pre_action
17:03:16     INFO - Running main action method: create_virtualenv
17:03:16     INFO - Creating virtualenv C:\slave\test\build\venv
17:03:16     INFO - Running command: ['c:\\mozilla-build\\python27\\python.exe', 'C:\\slave\\test\\scripts\\external_tools\\virtualenv\\virtualenv.py', '--always-copy', 'C:\\slave\\test\\build\\venv'] in C:\slave\test\build
17:03:16     INFO - Copy/paste: c:\mozilla-build\python27\python.exe C:\slave\test\scripts\external_tools\virtualenv\virtualenv.py --always-copy C:\slave\test\build\venv
17:03:16     INFO - Using partial env: {'VIRTUALENV_NO_DOWNLOAD': '1'}
17:03:22     INFO -  New python executable in C:\slave\test\build\venv\Scripts\python.exe
17:03:30     INFO -  Installing setuptools, pip, wheel...done.
17:03:30     INFO - Return code: 0
17:03:30     INFO - Installing pypiwin32 into virtualenv C:\slave\test\build\venv
17:03:30     INFO - retry: Calling run_command with args: [['C:\\slave\\test\\build\\venv\\Scripts\\pip', 'install', '--timeout', '120', '--no-index', '--find-links', 'http://pypi.pvt.build.mozilla.org/pub', '--find-links', 'http://pypi.pub.build.mozilla.org/pub', '--trusted-host', 'pypi.pub.build.mozilla.org', '--trusted-host', 'pypi.pvt.build.mozilla.org', 'pypiwin32']], kwargs: {'error_level': 'warning', 'error_list': [{'substr': 'not found or a compiler error:', 'level': 'warning'}, {'regex': <_sre.SRE_Pattern object at 0x023023A0>, 'level': 'error'}, {'regex': <_sre.SRE_Pattern object at 0x023F3020>, 'level': 'warning'}, {'regex': <_sre.SRE_Pattern object at 0x02429238>, 'level': 'debug'}, {'substr': 'command not found', 'level': 'error'}, {'regex': <_sre.SRE_Pattern object at 0x023A4758>, 'level': 'warning'}, {'substr': 'Traceback (most recent call last)', 'level': 'error'}, {'substr': 'SyntaxError: ', 'level': 'error'}, {'substr': 'TypeError: ', 'level': 'error'}, {'substr': 'NameError: ', 'level': 'error'}, {'substr': 'ZeroDivisionError: ', 'level': 'error'}, {'regex': <_sre.SRE_Pattern object at 0x01E0AB20>, 'level': 'critical'}, {'regex': <_sre.SRE_Pattern object at 0x023C3660>, 'level': 'critical'}], 'cwd': 'C:\\slave\\test\\build', 'env': {'TMP': 'C:\\Users\\CLTBLD~1.001\\AppData\\Local\\Temp', 'TEST1': 'testie', 'COMPUTERNAME': 'T-W864-IX-062', 'USERDOMAIN': 'T-W864-IX-062', 'KTS_VERSION': '1.19c', 'PSMODULEPATH': 'C:\\windows\\system32\\WindowsPowerShell\\v1.0\\Modules\\', 'COMMONPROGRAMFILES': 'C:\\Program Files (x86)\\Common Files', 'PROCESSOR_IDENTIFIER': 'Intel64 Family 6 Model 30 Stepping 5, GenuineIntel', 'PROGRAMFILES': 'C:\\Program Files (x86)', 'PROCESSOR_REVISION': '1e05', 'DNSSUFFIX': 'wintest.releng.scl3.mozilla.com', 'SYSTEMROOT': 'C:\\windows', 'NO_EM_RESTART': '1', 'PROGRAMFILES(X86)': 'C:\\Program Files (x86)', 'OURDRIVE': 'C:', 'MOZ_HIDE_RESULTS_TABLE': '1', 'XPCOM_DEBUG_BREAK': 'warn', 'MONDIR': 'C:\\Monitor_config\\', 'TEMP': 'C:\\Users\\CLTBLD~1.001\\AppData\\Local\\Temp', 'COMMONPROGRAMFILES(X86)': 'C:\\Program Files (x86)\\Common Files', 'RUNLOGFILE': 'C:\\slave\\\\runslave.log', 'PROCESSOR_ARCHITECTURE': 'x86', 'ALLUSERSPROFILE': 'C:\\ProgramData', 'USERPROFILE': 'C:\\Users\\cltbld.T-W864-IX-062.001', 'LOCALAPPDATA': 'C:\\Users\\cltbld.T-W864-IX-062.001\\AppData\\Local', 'HOMEPATH': '\\Users\\cltbld.T-W864-IX-062.001', 'USERDOMAIN_ROAMINGPROFILE': 'T-W864-IX-062', 'MOZBUILDDIR': 'C:\\mozilla-build\\', 'PROGRAMW6432': 'C:\\Program Files', 'USERNAME': 'cltbld', 'LOGONSERVER': '\\\\T-W864-IX-062', 'MOZ_NO_REMOTE': '1', 'COMSPEC': 'C:\\windows\\system32\\cmd.exe', 'PROGRAMDATA': 'C:\\ProgramData', 'PROPERTIES_FILE': 'C:\\slave\\test/buildprops.json', 'PATH': 'C:\\Program Files (x86)\\NVIDIA Corporation\\PhysX\\Common;C:\\windows\\system32;C:\\windows;C:\\windows\\System32\\Wbem;C:\\windows\\System32\\WindowsPowerShell\\v1.0\\;C:\\mozilla-build\\python27;C:\\mozilla-build\\python27\\Scripts;C:\\mozilla-build\\msys\\bin;C:\\mozilla-build\\vim\\vim72;C:\\mozilla-build\\wget;C:\\mozilla-build\\info-zip;C:\\CoreUtils\\bin;C:\\mozilla-build\\buildbotve\\scripts;C:\\mozilla-build\\hg', 'PROMPT': '$P$G', 'NO_FAIL_ON_TEST_ERRORS': '1', 'PATHEXT': '.COM;.EXE;.BAT;.CMD;.VBS;.VBE;.JS;.JSE;.WSF;.WSH;.MSC', 'FP_NO_HOST_CHECK': 'NO', 'DCLOCATION': 'SCL3', 'APPDATA': 'C:\\Users\\cltbld.T-W864-IX-062.001\\AppData\\Roaming', 'HOMEDRIVE': 'C:', 'SYSTEMDRIVE': 'C:', 'SLAVEDIR': 'C:\\slave\\', 'NUMBER_OF_PROCESSORS': '8', 'PWD': 'C:\\slave\\test', 'PROCESSOR_LEVEL': '6', 'KTS_HOME': 'C:\\Program Files\\KTS', 'PROCESSOR_ARCHITEW6432': 'AMD64', 'MOZ_CRASHREPORTER_NO_REPORT': '1', 'COMMONPROGRAMW6432': 'C:\\Program Files\\Common Files', 'OS': 'Windows_NT', 'PUBLIC': 'C:\\Users\\Public', 'WINDIR': 'C:\\windows'}}, attempt #1
17:03:30     INFO - Running command: ['C:\\slave\\test\\build\\venv\\Scripts\\pip', 'install', '--timeout', '120', '--no-index', '--find-links', 'http://pypi.pvt.build.mozilla.org/pub', '--find-links', 'http://pypi.pub.build.mozilla.org/pub', '--trusted-host', 'pypi.pub.build.mozilla.org', '--trusted-host', 'pypi.pvt.build.mozilla.org', 'pypiwin32'] in C:\slave\test\build
17:03:30     INFO - Copy/paste: C:\slave\test\build\venv\Scripts\pip install --timeout 120 --no-index --find-links http://pypi.pvt.build.mozilla.org/pub --find-links http://pypi.pub.build.mozilla.org/pub --trusted-host pypi.pub.build.mozilla.org --trusted-host pypi.pvt.build.mozilla.org pypiwin32
17:03:30     INFO - Using env: {'ALLUSERSPROFILE': 'C:\\ProgramData',
17:03:30     INFO -  'APPDATA': 'C:\\Users\\cltbld.T-W864-IX-062.001\\AppData\\Roaming',
17:03:30     INFO -  'COMMONPROGRAMFILES': 'C:\\Program Files (x86)\\Common Files',
17:03:30     INFO -  'COMMONPROGRAMFILES(X86)': 'C:\\Program Files (x86)\\Common Files',
17:03:30     INFO -  'COMMONPROGRAMW6432': 'C:\\Program Files\\Common Files',
17:03:30     INFO -  'COMPUTERNAME': 'T-W864-IX-062',
17:03:30     INFO -  'COMSPEC': 'C:\\windows\\system32\\cmd.exe',
17:03:30     INFO -  'DCLOCATION': 'SCL3',
17:03:30     INFO -  'DNSSUFFIX': 'wintest.releng.scl3.mozilla.com',
17:03:30     INFO -  'FP_NO_HOST_CHECK': 'NO',
17:03:30     INFO -  'HOMEDRIVE': 'C:',
17:03:30     INFO -  'HOMEPATH': '\\Users\\cltbld.T-W864-IX-062.001',
17:03:30     INFO -  'KTS_HOME': 'C:\\Program Files\\KTS',
17:03:30     INFO -  'KTS_VERSION': '1.19c',
17:03:30     INFO -  'LOCALAPPDATA': 'C:\\Users\\cltbld.T-W864-IX-062.001\\AppData\\Local',
17:03:30     INFO -  'LOGONSERVER': '\\\\T-W864-IX-062',
17:03:30     INFO -  'MONDIR': 'C:\\Monitor_config\\',
17:03:30     INFO -  'MOZBUILDDIR': 'C:\\mozilla-build\\',
17:03:30     INFO -  'MOZ_CRASHREPORTER_NO_REPORT': '1',
17:03:30     INFO -  'MOZ_HIDE_RESULTS_TABLE': '1',
17:03:30     INFO -  'MOZ_NO_REMOTE': '1',
17:03:30     INFO -  'NO_EM_RESTART': '1',
17:03:30     INFO -  'NO_FAIL_ON_TEST_ERRORS': '1',
17:03:30     INFO -  'NUMBER_OF_PROCESSORS': '8',
17:03:30     INFO -  'OS': 'Windows_NT',
17:03:30     INFO -  'OURDRIVE': 'C:',
17:03:30     INFO -  'PATH': 'C:\\Program Files (x86)\\NVIDIA Corporation\\PhysX\\Common;C:\\windows\\system32;C:\\windows;C:\\windows\\System32\\Wbem;C:\\windows\\System32\\WindowsPowerShell\\v1.0\\;C:\\mozilla-build\\python27;C:\\mozilla-build\\python27\\Scripts;C:\\mozilla-build\\msys\\bin;C:\\mozilla-build\\vim\\vim72;C:\\mozilla-build\\wget;C:\\mozilla-build\\info-zip;C:\\CoreUtils\\bin;C:\\mozilla-build\\buildbotve\\scripts;C:\\mozilla-build\\hg',
17:03:30     INFO -  'PATHEXT': '.COM;.EXE;.BAT;.CMD;.VBS;.VBE;.JS;.JSE;.WSF;.WSH;.MSC',
17:03:30     INFO -  'PROCESSOR_ARCHITECTURE': 'x86',
17:03:30     INFO -  'PROCESSOR_ARCHITEW6432': 'AMD64',
17:03:30     INFO -  'PROCESSOR_IDENTIFIER': 'Intel64 Family 6 Model 30 Stepping 5, GenuineIntel',
17:03:30     INFO -  'PROCESSOR_LEVEL': '6',
17:03:30     INFO -  'PROCESSOR_REVISION': '1e05',
17:03:30     INFO -  'PROGRAMDATA': 'C:\\ProgramData',
17:03:30     INFO -  'PROGRAMFILES': 'C:\\Program Files (x86)',
17:03:30     INFO -  'PROGRAMFILES(X86)': 'C:\\Program Files (x86)',
17:03:30     INFO -  'PROGRAMW6432': 'C:\\Program Files',
17:03:30     INFO -  'PROMPT': '$P$G',
17:03:30     INFO -  'PROPERTIES_FILE': 'C:\\slave\\test/buildprops.json',
17:03:30     INFO -  'PSMODULEPATH': 'C:\\windows\\system32\\WindowsPowerShell\\v1.0\\Modules\\',
17:03:30     INFO -  'PUBLIC': 'C:\\Users\\Public',
17:03:30     INFO -  'PWD': 'C:\\slave\\test',
17:03:30     INFO -  'RUNLOGFILE': 'C:\\slave\\\\runslave.log',
17:03:30     INFO -  'SLAVEDIR': 'C:\\slave\\',
17:03:30     INFO -  'SYSTEMDRIVE': 'C:',
17:03:30     INFO -  'SYSTEMROOT': 'C:\\windows',
17:03:30     INFO -  'TEMP': 'C:\\Users\\CLTBLD~1.001\\AppData\\Local\\Temp',
17:03:30     INFO -  'TEST1': 'testie',
17:03:30     INFO -  'TMP': 'C:\\Users\\CLTBLD~1.001\\AppData\\Local\\Temp',
17:03:30     INFO -  'USERDOMAIN': 'T-W864-IX-062',
17:03:30     INFO -  'USERDOMAIN_ROAMINGPROFILE': 'T-W864-IX-062',
17:03:30     INFO -  'USERNAME': 'cltbld',
17:03:30     INFO -  'USERPROFILE': 'C:\\Users\\cltbld.T-W864-IX-062.001',
17:03:30     INFO -  'WINDIR': 'C:\\windows',
17:03:30     INFO -  'XPCOM_DEBUG_BREAK': 'warn'}
17:03:30     INFO -  Ignoring indexes: https://pypi.python.org/simple
17:03:30     INFO -  Collecting pypiwin32
17:03:31     INFO -    Downloading http://pypi.pvt.build.mozilla.org/pub/pypiwin32-219-cp27-none-win32.whl (6.7MB)
17:03:32     INFO -  Installing collected packages: pypiwin32
17:03:36     INFO -  Successfully installed pypiwin32-219
17:03:41     INFO - Return code: 0
17:03:41     INFO - Installing six==1.10.0 into virtualenv C:\slave\test\build\venv
17:03:41     INFO - retry: Calling run_command with args: [['C:\\slave\\test\\build\\venv\\Scripts\\pip', 'install', '--timeout', '120', '--no-index', '--find-links', 'http://pypi.pvt.build.mozilla.org/pub', '--find-links', 'http://pypi.pub.build.mozilla.org/pub', '--trusted-host', 'pypi.pub.build.mozilla.org', '--trusted-host', 'pypi.pvt.build.mozilla.org', 'six==1.10.0']], kwargs: {'error_level': 'warning', 'error_list': [{'substr': 'not found or a compiler error:', 'level': 'warning'}, {'regex': <_sre.SRE_Pattern object at 0x023023A0>, 'level': 'error'}, {'regex': <_sre.SRE_Pattern object at 0x023F3020>, 'level': 'warning'}, {'regex': <_sre.SRE_Pattern object at 0x02429238>, 'level': 'debug'}, {'substr': 'command not found', 'level': 'error'}, {'regex': <_sre.SRE_Pattern object at 0x023A4758>, 'level': 'warning'}, {'substr': 'Traceback (most recent call last)', 'level': 'error'}, {'substr': 'SyntaxError: ', 'level': 'error'}, {'substr': 'TypeError: ', 'level': 'error'}, {'substr': 'NameError: ', 'level': 'error'}, {'substr': 'ZeroDivisionError: ', 'level': 'error'}, {'regex': <_sre.SRE_Pattern object at 0x01E0AB20>, 'level': 'critical'}, {'regex': <_sre.SRE_Pattern object at 0x023C3660>, 'level': 'critical'}], 'cwd': 'C:\\slave\\test\\build', 'env': {'TMP': 'C:\\Users\\CLTBLD~1.001\\AppData\\Local\\Temp', 'TEST1': 'testie', 'COMPUTERNAME': 'T-W864-IX-062', 'USERDOMAIN': 'T-W864-IX-062', 'KTS_VERSION': '1.19c', 'PSMODULEPATH': 'C:\\windows\\system32\\WindowsPowerShell\\v1.0\\Modules\\', 'COMMONPROGRAMFILES': 'C:\\Program Files (x86)\\Common Files', 'PROCESSOR_IDENTIFIER': 'Intel64 Family 6 Model 30 Stepping 5, GenuineIntel', 'PROGRAMFILES': 'C:\\Program Files (x86)', 'PROCESSOR_REVISION': '1e05', 'DNSSUFFIX': 'wintest.releng.scl3.mozilla.com', 'SYSTEMROOT': 'C:\\windows', 'NO_EM_RESTART': '1', 'PROGRAMFILES(X86)': 'C:\\Program Files (x86)', 'OURDRIVE': 'C:', 'MOZ_HIDE_RESULTS_TABLE': '1', 'XPCOM_DEBUG_BREAK': 'warn', 'MONDIR': 'C:\\Monitor_config\\', 'TEMP': 'C:\\Users\\CLTBLD~1.001\\AppData\\Local\\Temp', 'COMMONPROGRAMFILES(X86)': 'C:\\Program Files (x86)\\Common Files', 'RUNLOGFILE': 'C:\\slave\\\\runslave.log', 'PROCESSOR_ARCHITECTURE': 'x86', 'ALLUSERSPROFILE': 'C:\\ProgramData', 'USERPROFILE': 'C:\\Users\\cltbld.T-W864-IX-062.001', 'LOCALAPPDATA': 'C:\\Users\\cltbld.T-W864-IX-062.001\\AppData\\Local', 'HOMEPATH': '\\Users\\cltbld.T-W864-IX-062.001', 'USERDOMAIN_ROAMINGPROFILE': 'T-W864-IX-062', 'MOZBUILDDIR': 'C:\\mozilla-build\\', 'PROGRAMW6432': 'C:\\Program Files', 'USERNAME': 'cltbld', 'LOGONSERVER': '\\\\T-W864-IX-062', 'MOZ_NO_REMOTE': '1', 'COMSPEC': 'C:\\windows\\system32\\cmd.exe', 'PROGRAMDATA': 'C:\\ProgramData', 'PROPERTIES_FILE': 'C:\\slave\\test/buildprops.json', 'PATH': 'C:\\Program Files (x86)\\NVIDIA Corporation\\PhysX\\Common;C:\\windows\\system32;C:\\windows;C:\\windows\\System32\\Wbem;C:\\windows\\System32\\WindowsPowerShell\\v1.0\\;C:\\mozilla-build\\python27;C:\\mozilla-build\\python27\\Scripts;C:\\mozilla-build\\msys\\bin;C:\\mozilla-build\\vim\\vim72;C:\\mozilla-build\\wget;C:\\mozilla-build\\info-zip;C:\\CoreUtils\\bin;C:\\mozilla-build\\buildbotve\\scripts;C:\\mozilla-build\\hg', 'PROMPT': '$P$G', 'NO_FAIL_ON_TEST_ERRORS': '1', 'PATHEXT': '.COM;.EXE;.BAT;.CMD;.VBS;.VBE;.JS;.JSE;.WSF;.WSH;.MSC', 'FP_NO_HOST_CHECK': 'NO', 'DCLOCATION': 'SCL3', 'APPDATA': 'C:\\Users\\cltbld.T-W864-IX-062.001\\AppData\\Roaming', 'HOMEDRIVE': 'C:', 'SYSTEMDRIVE': 'C:', 'SLAVEDIR': 'C:\\slave\\', 'NUMBER_OF_PROCESSORS': '8', 'PWD': 'C:\\slave\\test', 'PROCESSOR_LEVEL': '6', 'KTS_HOME': 'C:\\Program Files\\KTS', 'PROCESSOR_ARCHITEW6432': 'AMD64', 'MOZ_CRASHREPORTER_NO_REPORT': '1', 'COMMONPROGRAMW6432': 'C:\\Program Files\\Common Files', 'OS': 'Windows_NT', 'PUBLIC': 'C:\\Users\\Public', 'WINDIR': 'C:\\windows'}}, attempt #1
17:03:41     INFO - Running command: ['C:\\slave\\test\\build\\venv\\Scripts\\pip', 'install', '--timeout', '120', '--no-index', '--find-links', 'http://pypi.pvt.build.mozilla.org/pub', '--find-links', 'http://pypi.pub.build.mozilla.org/pub', '--trusted-host', 'pypi.pub.build.mozilla.org', '--trusted-host', 'pypi.pvt.build.mozilla.org', 'six==1.10.0'] in C:\slave\test\build
17:03:41     INFO - Copy/paste: C:\slave\test\build\venv\Scripts\pip install --timeout 120 --no-index --find-links http://pypi.pvt.build.mozilla.org/pub --find-links http://pypi.pub.build.mozilla.org/pub --trusted-host pypi.pub.build.mozilla.org --trusted-host pypi.pvt.build.mozilla.org six==1.10.0
17:03:41     INFO - Using env: {'ALLUSERSPROFILE': 'C:\\ProgramData',
17:03:41     INFO -  'APPDATA': 'C:\\Users\\cltbld.T-W864-IX-062.001\\AppData\\Roaming',
17:03:41     INFO -  'COMMONPROGRAMFILES': 'C:\\Program Files (x86)\\Common Files',
17:03:41     INFO -  'COMMONPROGRAMFILES(X86)': 'C:\\Program Files (x86)\\Common Files',
17:03:41     INFO -  'COMMONPROGRAMW6432': 'C:\\Program Files\\Common Files',
17:03:41     INFO -  'COMPUTERNAME': 'T-W864-IX-062',
17:03:41     INFO -  'COMSPEC': 'C:\\windows\\system32\\cmd.exe',
17:03:41     INFO -  'DCLOCATION': 'SCL3',
17:03:41     INFO -  'DNSSUFFIX': 'wintest.releng.scl3.mozilla.com',
17:03:41     INFO -  'FP_NO_HOST_CHECK': 'NO',
17:03:41     INFO -  'HOMEDRIVE': 'C:',
17:03:41     INFO -  'HOMEPATH': '\\Users\\cltbld.T-W864-IX-062.001',
17:03:41     INFO -  'KTS_HOME': 'C:\\Program Files\\KTS',
17:03:41     INFO -  'KTS_VERSION': '1.19c',
17:03:41     INFO -  'LOCALAPPDATA': 'C:\\Users\\cltbld.T-W864-IX-062.001\\AppData\\Local',
17:03:41     INFO -  'LOGONSERVER': '\\\\T-W864-IX-062',
17:03:41     INFO -  'MONDIR': 'C:\\Monitor_config\\',
17:03:41     INFO -  'MOZBUILDDIR': 'C:\\mozilla-build\\',
17:03:41     INFO -  'MOZ_CRASHREPORTER_NO_REPORT': '1',
17:03:41     INFO -  'MOZ_HIDE_RESULTS_TABLE': '1',
17:03:41     INFO -  'MOZ_NO_REMOTE': '1',
17:03:41     INFO -  'NO_EM_RESTART': '1',
17:03:41     INFO -  'NO_FAIL_ON_TEST_ERRORS': '1',
17:03:41     INFO -  'NUMBER_OF_PROCESSORS': '8',
17:03:41     INFO -  'OS': 'Windows_NT',
17:03:41     INFO -  'OURDRIVE': 'C:',
17:03:41     INFO -  'PATH': 'C:\\Program Files (x86)\\NVIDIA Corporation\\PhysX\\Common;C:\\windows\\system32;C:\\windows;C:\\windows\\System32\\Wbem;C:\\windows\\System32\\WindowsPowerShell\\v1.0\\;C:\\mozilla-build\\python27;C:\\mozilla-build\\python27\\Scripts;C:\\mozilla-build\\msys\\bin;C:\\mozilla-build\\vim\\vim72;C:\\mozilla-build\\wget;C:\\mozilla-build\\info-zip;C:\\CoreUtils\\bin;C:\\mozilla-build\\buildbotve\\scripts;C:\\mozilla-build\\hg',
17:03:41     INFO -  'PATHEXT': '.COM;.EXE;.BAT;.CMD;.VBS;.VBE;.JS;.JSE;.WSF;.WSH;.MSC',
17:03:41     INFO -  'PROCESSOR_ARCHITECTURE': 'x86',
17:03:41     INFO -  'PROCESSOR_ARCHITEW6432': 'AMD64',
17:03:41     INFO -  'PROCESSOR_IDENTIFIER': 'Intel64 Family 6 Model 30 Stepping 5, GenuineIntel',
17:03:41     INFO -  'PROCESSOR_LEVEL': '6',
17:03:41     INFO -  'PROCESSOR_REVISION': '1e05',
17:03:41     INFO -  'PROGRAMDATA': 'C:\\ProgramData',
17:03:41     INFO -  'PROGRAMFILES': 'C:\\Program Files (x86)',
17:03:41     INFO -  'PROGRAMFILES(X86)': 'C:\\Program Files (x86)',
17:03:41     INFO -  'PROGRAMW6432': 'C:\\Program Files',
17:03:41     INFO -  'PROMPT': '$P$G',
17:03:41     INFO -  'PROPERTIES_FILE': 'C:\\slave\\test/buildprops.json',
17:03:41     INFO -  'PSMODULEPATH': 'C:\\windows\\system32\\WindowsPowerShell\\v1.0\\Modules\\',
17:03:41     INFO -  'PUBLIC': 'C:\\Users\\Public',
17:03:41     INFO -  'PWD': 'C:\\slave\\test',
17:03:41     INFO -  'RUNLOGFILE': 'C:\\slave\\\\runslave.log',
17:03:41     INFO -  'SLAVEDIR': 'C:\\slave\\',
17:03:41     INFO -  'SYSTEMDRIVE': 'C:',
17:03:41     INFO -  'SYSTEMROOT': 'C:\\windows',
17:03:41     INFO -  'TEMP': 'C:\\Users\\CLTBLD~1.001\\AppData\\Local\\Temp',
17:03:41     INFO -  'TEST1': 'testie',
17:03:41     INFO -  'TMP': 'C:\\Users\\CLTBLD~1.001\\AppData\\Local\\Temp',
17:03:41     INFO -  'USERDOMAIN': 'T-W864-IX-062',
17:03:41     INFO -  'USERDOMAIN_ROAMINGPROFILE': 'T-W864-IX-062',
17:03:41     INFO -  'USERNAME': 'cltbld',
17:03:41     INFO -  'USERPROFILE': 'C:\\Users\\cltbld.T-W864-IX-062.001',
17:03:41     INFO -  'WINDIR': 'C:\\windows',
17:03:41     INFO -  'XPCOM_DEBUG_BREAK': 'warn'}
17:03:42     INFO -  Ignoring indexes: https://pypi.python.org/simple
17:03:42     INFO -  Collecting six==1.10.0
17:03:43     INFO -    Downloading http://pypi.pvt.build.mozilla.org/pub/six-1.10.0-py2.py3-none-any.whl
17:03:43     INFO -  Installing collected packages: six
17:03:43     INFO -  Successfully installed six-1.10.0
17:03:43     INFO - Return code: 0
17:03:43     INFO - Installing vcversioner==2.16.0.0 into virtualenv C:\slave\test\build\venv
17:03:43     INFO - retry: Calling run_command with args: [['C:\\slave\\test\\build\\venv\\Scripts\\pip', 'install', '--timeout', '120', '--no-index', '--find-links', 'http://pypi.pvt.build.mozilla.org/pub', '--find-links', 'http://pypi.pub.build.mozilla.org/pub', '--trusted-host', 'pypi.pub.build.mozilla.org', '--trusted-host', 'pypi.pvt.build.mozilla.org', 'vcversioner==2.16.0.0']], kwargs: {'error_level': 'warning', 'error_list': [{'substr': 'not found or a compiler error:', 'level': 'warning'}, {'regex': <_sre.SRE_Pattern object at 0x023023A0>, 'level': 'error'}, {'regex': <_sre.SRE_Pattern object at 0x023F3020>, 'level': 'warning'}, {'regex': <_sre.SRE_Pattern object at 0x02429238>, 'level': 'debug'}, {'substr': 'command not found', 'level': 'error'}, {'regex': <_sre.SRE_Pattern object at 0x023A4758>, 'level': 'warning'}, {'substr': 'Traceback (most recent call last)', 'level': 'error'}, {'substr': 'SyntaxError: ', 'level': 'error'}, {'substr': 'TypeError: ', 'level': 'error'}, {'substr': 'NameError: ', 'level': 'error'}, {'substr': 'ZeroDivisionError: ', 'level': 'error'}, {'regex': <_sre.SRE_Pattern object at 0x01E0AB20>, 'level': 'critical'}, {'regex': <_sre.SRE_Pattern object at 0x023C3660>, 'level': 'critical'}], 'cwd': 'C:\\slave\\test\\build', 'env': {'TMP': 'C:\\Users\\CLTBLD~1.001\\AppData\\Local\\Temp', 'TEST1': 'testie', 'COMPUTERNAME': 'T-W864-IX-062', 'USERDOMAIN': 'T-W864-IX-062', 'KTS_VERSION': '1.19c', 'PSMODULEPATH': 'C:\\windows\\system32\\WindowsPowerShell\\v1.0\\Modules\\', 'COMMONPROGRAMFILES': 'C:\\Program Files (x86)\\Common Files', 'PROCESSOR_IDENTIFIER': 'Intel64 Family 6 Model 30 Stepping 5, GenuineIntel', 'PROGRAMFILES': 'C:\\Program Files (x86)', 'PROCESSOR_REVISION': '1e05', 'DNSSUFFIX': 'wintest.releng.scl3.mozilla.com', 'SYSTEMROOT': 'C:\\windows', 'NO_EM_RESTART': '1', 'PROGRAMFILES(X86)': 'C:\\Program Files (x86)', 'OURDRIVE': 'C:', 'MOZ_HIDE_RESULTS_TABLE': '1', 'XPCOM_DEBUG_BREAK': 'warn', 'MONDIR': 'C:\\Monitor_config\\', 'TEMP': 'C:\\Users\\CLTBLD~1.001\\AppData\\Local\\Temp', 'COMMONPROGRAMFILES(X86)': 'C:\\Program Files (x86)\\Common Files', 'RUNLOGFILE': 'C:\\slave\\\\runslave.log', 'PROCESSOR_ARCHITECTURE': 'x86', 'ALLUSERSPROFILE': 'C:\\ProgramData', 'USERPROFILE': 'C:\\Users\\cltbld.T-W864-IX-062.001', 'LOCALAPPDATA': 'C:\\Users\\cltbld.T-W864-IX-062.001\\AppData\\Local', 'HOMEPATH': '\\Users\\cltbld.T-W864-IX-062.001', 'USERDOMAIN_ROAMINGPROFILE': 'T-W864-IX-062', 'MOZBUILDDIR': 'C:\\mozilla-build\\', 'PROGRAMW6432': 'C:\\Program Files', 'USERNAME': 'cltbld', 'LOGONSERVER': '\\\\T-W864-IX-062', 'MOZ_NO_REMOTE': '1', 'COMSPEC': 'C:\\windows\\system32\\cmd.exe', 'PROGRAMDATA': 'C:\\ProgramData', 'PROPERTIES_FILE': 'C:\\slave\\test/buildprops.json', 'PATH': 'C:\\Program Files (x86)\\NVIDIA Corporation\\PhysX\\Common;C:\\windows\\system32;C:\\windows;C:\\windows\\System32\\Wbem;C:\\windows\\System32\\WindowsPowerShell\\v1.0\\;C:\\mozilla-build\\python27;C:\\mozilla-build\\python27\\Scripts;C:\\mozilla-build\\msys\\bin;C:\\mozilla-build\\vim\\vim72;C:\\mozilla-build\\wget;C:\\mozilla-build\\info-zip;C:\\CoreUtils\\bin;C:\\mozilla-build\\buildbotve\\scripts;C:\\mozilla-build\\hg', 'PROMPT': '$P$G', 'NO_FAIL_ON_TEST_ERRORS': '1', 'PATHEXT': '.COM;.EXE;.BAT;.CMD;.VBS;.VBE;.JS;.JSE;.WSF;.WSH;.MSC', 'FP_NO_HOST_CHECK': 'NO', 'DCLOCATION': 'SCL3', 'APPDATA': 'C:\\Users\\cltbld.T-W864-IX-062.001\\AppData\\Roaming', 'HOMEDRIVE': 'C:', 'SYSTEMDRIVE': 'C:', 'SLAVEDIR': 'C:\\slave\\', 'NUMBER_OF_PROCESSORS': '8', 'PWD': 'C:\\slave\\test', 'PROCESSOR_LEVEL': '6', 'KTS_HOME': 'C:\\Program Files\\KTS', 'PROCESSOR_ARCHITEW6432': 'AMD64', 'MOZ_CRASHREPORTER_NO_REPORT': '1', 'COMMONPROGRAMW6432': 'C:\\Program Files\\Common Files', 'OS': 'Windows_NT', 'PUBLIC': 'C:\\Users\\Public', 'WINDIR': 'C:\\windows'}}, attempt #1
17:03:43     INFO - Running command: ['C:\\slave\\test\\build\\venv\\Scripts\\pip', 'install', '--timeout', '120', '--no-index', '--find-links', 'http://pypi.pvt.build.mozilla.org/pub', '--find-links', 'http://pypi.pub.build.mozilla.org/pub', '--trusted-host', 'pypi.pub.build.mozilla.org', '--trusted-host', 'pypi.pvt.build.mozilla.org', 'vcversioner==2.16.0.0'] in C:\slave\test\build
17:03:43     INFO - Copy/paste: C:\slave\test\build\venv\Scripts\pip install --timeout 120 --no-index --find-links http://pypi.pvt.build.mozilla.org/pub --find-links http://pypi.pub.build.mozilla.org/pub --trusted-host pypi.pub.build.mozilla.org --trusted-host pypi.pvt.build.mozilla.org vcversioner==2.16.0.0
17:03:44     INFO - Using env: {'ALLUSERSPROFILE': 'C:\\ProgramData',
17:03:44     INFO -  'APPDATA': 'C:\\Users\\cltbld.T-W864-IX-062.001\\AppData\\Roaming',
17:03:44     INFO -  'COMMONPROGRAMFILES': 'C:\\Program Files (x86)\\Common Files',
17:03:44     INFO -  'COMMONPROGRAMFILES(X86)': 'C:\\Program Files (x86)\\Common Files',
17:03:44     INFO -  'COMMONPROGRAMW6432': 'C:\\Program Files\\Common Files',
17:03:44     INFO -  'COMPUTERNAME': 'T-W864-IX-062',
17:03:44     INFO -  'COMSPEC': 'C:\\windows\\system32\\cmd.exe',
17:03:44     INFO -  'DCLOCATION': 'SCL3',
17:03:44     INFO -  'DNSSUFFIX': 'wintest.releng.scl3.mozilla.com',
17:03:44     INFO -  'FP_NO_HOST_CHECK': 'NO',
17:03:44     INFO -  'HOMEDRIVE': 'C:',
17:03:44     INFO -  'HOMEPATH': '\\Users\\cltbld.T-W864-IX-062.001',
17:03:44     INFO -  'KTS_HOME': 'C:\\Program Files\\KTS',
17:03:44     INFO -  'KTS_VERSION': '1.19c',
17:03:44     INFO -  'LOCALAPPDATA': 'C:\\Users\\cltbld.T-W864-IX-062.001\\AppData\\Local',
17:03:44     INFO -  'LOGONSERVER': '\\\\T-W864-IX-062',
17:03:44     INFO -  'MONDIR': 'C:\\Monitor_config\\',
17:03:44     INFO -  'MOZBUILDDIR': 'C:\\mozilla-build\\',
17:03:44     INFO -  'MOZ_CRASHREPORTER_NO_REPORT': '1',
17:03:44     INFO -  'MOZ_HIDE_RESULTS_TABLE': '1',
17:03:44     INFO -  'MOZ_NO_REMOTE': '1',
17:03:44     INFO -  'NO_EM_RESTART': '1',
17:03:44     INFO -  'NO_FAIL_ON_TEST_ERRORS': '1',
17:03:44     INFO -  'NUMBER_OF_PROCESSORS': '8',
17:03:44     INFO -  'OS': 'Windows_NT',
17:03:44     INFO -  'OURDRIVE': 'C:',
17:03:44     INFO -  'PATH': 'C:\\Program Files (x86)\\NVIDIA Corporation\\PhysX\\Common;C:\\windows\\system32;C:\\windows;C:\\windows\\System32\\Wbem;C:\\windows\\System32\\WindowsPowerShell\\v1.0\\;C:\\mozilla-build\\python27;C:\\mozilla-build\\python27\\Scripts;C:\\mozilla-build\\msys\\bin;C:\\mozilla-build\\vim\\vim72;C:\\mozilla-build\\wget;C:\\mozilla-build\\info-zip;C:\\CoreUtils\\bin;C:\\mozilla-build\\buildbotve\\scripts;C:\\mozilla-build\\hg',
17:03:44     INFO -  'PATHEXT': '.COM;.EXE;.BAT;.CMD;.VBS;.VBE;.JS;.JSE;.WSF;.WSH;.MSC',
17:03:44     INFO -  'PROCESSOR_ARCHITECTURE': 'x86',
17:03:44     INFO -  'PROCESSOR_ARCHITEW6432': 'AMD64',
17:03:44     INFO -  'PROCESSOR_IDENTIFIER': 'Intel64 Family 6 Model 30 Stepping 5, GenuineIntel',
17:03:44     INFO -  'PROCESSOR_LEVEL': '6',
17:03:44     INFO -  'PROCESSOR_REVISION': '1e05',
17:03:44     INFO -  'PROGRAMDATA': 'C:\\ProgramData',
17:03:44     INFO -  'PROGRAMFILES': 'C:\\Program Files (x86)',
17:03:44     INFO -  'PROGRAMFILES(X86)': 'C:\\Program Files (x86)',
17:03:44     INFO -  'PROGRAMW6432': 'C:\\Program Files',
17:03:44     INFO -  'PROMPT': '$P$G',
17:03:44     INFO -  'PROPERTIES_FILE': 'C:\\slave\\test/buildprops.json',
17:03:44     INFO -  'PSMODULEPATH': 'C:\\windows\\system32\\WindowsPowerShell\\v1.0\\Modules\\',
17:03:44     INFO -  'PUBLIC': 'C:\\Users\\Public',
17:03:44     INFO -  'PWD': 'C:\\slave\\test',
17:03:44     INFO -  'RUNLOGFILE': 'C:\\slave\\\\runslave.log',
17:03:44     INFO -  'SLAVEDIR': 'C:\\slave\\',
17:03:44     INFO -  'SYSTEMDRIVE': 'C:',
17:03:44     INFO -  'SYSTEMROOT': 'C:\\windows',
17:03:44     INFO -  'TEMP': 'C:\\Users\\CLTBLD~1.001\\AppData\\Local\\Temp',
17:03:44     INFO -  'TEST1': 'testie',
17:03:44     INFO -  'TMP': 'C:\\Users\\CLTBLD~1.001\\AppData\\Local\\Temp',
17:03:44     INFO -  'USERDOMAIN': 'T-W864-IX-062',
17:03:44     INFO -  'USERDOMAIN_ROAMINGPROFILE': 'T-W864-IX-062',
17:03:44     INFO -  'USERNAME': 'cltbld',
17:03:44     INFO -  'USERPROFILE': 'C:\\Users\\cltbld.T-W864-IX-062.001',
17:03:44     INFO -  'WINDIR': 'C:\\windows',
17:03:44     INFO -  'XPCOM_DEBUG_BREAK': 'warn'}
17:03:44     INFO -  Ignoring indexes: https://pypi.python.org/simple
17:03:44     INFO -  Collecting vcversioner==2.16.0.0
17:03:45     INFO -  Installing collected packages: vcversioner
17:03:45     INFO -  Successfully installed vcversioner-2.16.0.0
17:03:45     INFO - Return code: 0
17:03:45     INFO - Installing psutil>=3.1.1 into virtualenv C:\slave\test\build\venv
17:03:45     INFO - retry: Calling run_command with args: [['C:\\slave\\test\\build\\venv\\Scripts\\pip', 'install', '--timeout', '120', '--no-index', '--find-links', 'http://pypi.pvt.build.mozilla.org/pub', '--find-links', 'http://pypi.pub.build.mozilla.org/pub', '--trusted-host', 'pypi.pub.build.mozilla.org', '--trusted-host', 'pypi.pvt.build.mozilla.org', 'psutil>=3.1.1']], kwargs: {'error_level': 'warning', 'error_list': [{'substr': 'not found or a compiler error:', 'level': 'warning'}, {'regex': <_sre.SRE_Pattern object at 0x023023A0>, 'level': 'error'}, {'regex': <_sre.SRE_Pattern object at 0x023F3020>, 'level': 'warning'}, {'regex': <_sre.SRE_Pattern object at 0x02429238>, 'level': 'debug'}, {'substr': 'command not found', 'level': 'error'}, {'regex': <_sre.SRE_Pattern object at 0x023A4758>, 'level': 'warning'}, {'substr': 'Traceback (most recent call last)', 'level': 'error'}, {'substr': 'SyntaxError: ', 'level': 'error'}, {'substr': 'TypeError: ', 'level': 'error'}, {'substr': 'NameError: ', 'level': 'error'}, {'substr': 'ZeroDivisionError: ', 'level': 'error'}, {'regex': <_sre.SRE_Pattern object at 0x01E0AB20>, 'level': 'critical'}, {'regex': <_sre.SRE_Pattern object at 0x023C3660>, 'level': 'critical'}], 'cwd': 'C:\\slave\\test\\build', 'env': {'TMP': 'C:\\Users\\CLTBLD~1.001\\AppData\\Local\\Temp', 'TEST1': 'testie', 'COMPUTERNAME': 'T-W864-IX-062', 'USERDOMAIN': 'T-W864-IX-062', 'KTS_VERSION': '1.19c', 'PSMODULEPATH': 'C:\\windows\\system32\\WindowsPowerShell\\v1.0\\Modules\\', 'COMMONPROGRAMFILES': 'C:\\Program Files (x86)\\Common Files', 'PROCESSOR_IDENTIFIER': 'Intel64 Family 6 Model 30 Stepping 5, GenuineIntel', 'PROGRAMFILES': 'C:\\Program Files (x86)', 'PROCESSOR_REVISION': '1e05', 'DNSSUFFIX': 'wintest.releng.scl3.mozilla.com', 'SYSTEMROOT': 'C:\\windows', 'NO_EM_RESTART': '1', 'PROGRAMFILES(X86)': 'C:\\Program Files (x86)', 'OURDRIVE': 'C:', 'MOZ_HIDE_RESULTS_TABLE': '1', 'XPCOM_DEBUG_BREAK': 'warn', 'MONDIR': 'C:\\Monitor_config\\', 'TEMP': 'C:\\Users\\CLTBLD~1.001\\AppData\\Local\\Temp', 'COMMONPROGRAMFILES(X86)': 'C:\\Program Files (x86)\\Common Files', 'RUNLOGFILE': 'C:\\slave\\\\runslave.log', 'PROCESSOR_ARCHITECTURE': 'x86', 'ALLUSERSPROFILE': 'C:\\ProgramData', 'USERPROFILE': 'C:\\Users\\cltbld.T-W864-IX-062.001', 'LOCALAPPDATA': 'C:\\Users\\cltbld.T-W864-IX-062.001\\AppData\\Local', 'HOMEPATH': '\\Users\\cltbld.T-W864-IX-062.001', 'USERDOMAIN_ROAMINGPROFILE': 'T-W864-IX-062', 'MOZBUILDDIR': 'C:\\mozilla-build\\', 'PROGRAMW6432': 'C:\\Program Files', 'USERNAME': 'cltbld', 'LOGONSERVER': '\\\\T-W864-IX-062', 'MOZ_NO_REMOTE': '1', 'COMSPEC': 'C:\\windows\\system32\\cmd.exe', 'PROGRAMDATA': 'C:\\ProgramData', 'PROPERTIES_FILE': 'C:\\slave\\test/buildprops.json', 'PATH': 'C:\\Program Files (x86)\\NVIDIA Corporation\\PhysX\\Common;C:\\windows\\system32;C:\\windows;C:\\windows\\System32\\Wbem;C:\\windows\\System32\\WindowsPowerShell\\v1.0\\;C:\\mozilla-build\\python27;C:\\mozilla-build\\python27\\Scripts;C:\\mozilla-build\\msys\\bin;C:\\mozilla-build\\vim\\vim72;C:\\mozilla-build\\wget;C:\\mozilla-build\\info-zip;C:\\CoreUtils\\bin;C:\\mozilla-build\\buildbotve\\scripts;C:\\mozilla-build\\hg', 'PROMPT': '$P$G', 'NO_FAIL_ON_TEST_ERRORS': '1', 'PATHEXT': '.COM;.EXE;.BAT;.CMD;.VBS;.VBE;.JS;.JSE;.WSF;.WSH;.MSC', 'FP_NO_HOST_CHECK': 'NO', 'DCLOCATION': 'SCL3', 'APPDATA': 'C:\\Users\\cltbld.T-W864-IX-062.001\\AppData\\Roaming', 'HOMEDRIVE': 'C:', 'SYSTEMDRIVE': 'C:', 'SLAVEDIR': 'C:\\slave\\', 'NUMBER_OF_PROCESSORS': '8', 'PWD': 'C:\\slave\\test', 'PROCESSOR_LEVEL': '6', 'KTS_HOME': 'C:\\Program Files\\KTS', 'PROCESSOR_ARCHITEW6432': 'AMD64', 'MOZ_CRASHREPORTER_NO_REPORT': '1', 'COMMONPROGRAMW6432': 'C:\\Program Files\\Common Files', 'OS': 'Windows_NT', 'PUBLIC': 'C:\\Users\\Public', 'WINDIR': 'C:\\windows'}}, attempt #1
17:03:45     INFO - Running command: ['C:\\slave\\test\\build\\venv\\Scripts\\pip', 'install', '--timeout', '120', '--no-index', '--find-links', 'http://pypi.pvt.build.mozilla.org/pub', '--find-links', 'http://pypi.pub.build.mozilla.org/pub', '--trusted-host', 'pypi.pub.build.mozilla.org', '--trusted-host', 'pypi.pvt.build.mozilla.org', 'psutil>=3.1.1'] in C:\slave\test\build
17:03:45     INFO - Copy/paste: C:\slave\test\build\venv\Scripts\pip install --timeout 120 --no-index --find-links http://pypi.pvt.build.mozilla.org/pub --find-links http://pypi.pub.build.mozilla.org/pub --trusted-host pypi.pub.build.mozilla.org --trusted-host pypi.pvt.build.mozilla.org psutil>=3.1.1
17:03:45     INFO - Using env: {'ALLUSERSPROFILE': 'C:\\ProgramData',
17:03:45     INFO -  'APPDATA': 'C:\\Users\\cltbld.T-W864-IX-062.001\\AppData\\Roaming',
17:03:45     INFO -  'COMMONPROGRAMFILES': 'C:\\Program Files (x86)\\Common Files',
17:03:45     INFO -  'COMMONPROGRAMFILES(X86)': 'C:\\Program Files (x86)\\Common Files',
17:03:45     INFO -  'COMMONPROGRAMW6432': 'C:\\Program Files\\Common Files',
17:03:45     INFO -  'COMPUTERNAME': 'T-W864-IX-062',
17:03:45     INFO -  'COMSPEC': 'C:\\windows\\system32\\cmd.exe',
17:03:45     INFO -  'DCLOCATION': 'SCL3',
17:03:45     INFO -  'DNSSUFFIX': 'wintest.releng.scl3.mozilla.com',
17:03:45     INFO -  'FP_NO_HOST_CHECK': 'NO',
17:03:45     INFO -  'HOMEDRIVE': 'C:',
17:03:45     INFO -  'HOMEPATH': '\\Users\\cltbld.T-W864-IX-062.001',
17:03:45     INFO -  'KTS_HOME': 'C:\\Program Files\\KTS',
17:03:45     INFO -  'KTS_VERSION': '1.19c',
17:03:45     INFO -  'LOCALAPPDATA': 'C:\\Users\\cltbld.T-W864-IX-062.001\\AppData\\Local',
17:03:45     INFO -  'LOGONSERVER': '\\\\T-W864-IX-062',
17:03:45     INFO -  'MONDIR': 'C:\\Monitor_config\\',
17:03:45     INFO -  'MOZBUILDDIR': 'C:\\mozilla-build\\',
17:03:45     INFO -  'MOZ_CRASHREPORTER_NO_REPORT': '1',
17:03:45     INFO -  'MOZ_HIDE_RESULTS_TABLE': '1',
17:03:45     INFO -  'MOZ_NO_REMOTE': '1',
17:03:45     INFO -  'NO_EM_RESTART': '1',
17:03:45     INFO -  'NO_FAIL_ON_TEST_ERRORS': '1',
17:03:45     INFO -  'NUMBER_OF_PROCESSORS': '8',
17:03:45     INFO -  'OS': 'Windows_NT',
17:03:45     INFO -  'OURDRIVE': 'C:',
17:03:45     INFO -  'PATH': 'C:\\Program Files (x86)\\NVIDIA Corporation\\PhysX\\Common;C:\\windows\\system32;C:\\windows;C:\\windows\\System32\\Wbem;C:\\windows\\System32\\WindowsPowerShell\\v1.0\\;C:\\mozilla-build\\python27;C:\\mozilla-build\\python27\\Scripts;C:\\mozilla-build\\msys\\bin;C:\\mozilla-build\\vim\\vim72;C:\\mozilla-build\\wget;C:\\mozilla-build\\info-zip;C:\\CoreUtils\\bin;C:\\mozilla-build\\buildbotve\\scripts;C:\\mozilla-build\\hg',
17:03:45     INFO -  'PATHEXT': '.COM;.EXE;.BAT;.CMD;.VBS;.VBE;.JS;.JSE;.WSF;.WSH;.MSC',
17:03:45     INFO -  'PROCESSOR_ARCHITECTURE': 'x86',
17:03:45     INFO -  'PROCESSOR_ARCHITEW6432': 'AMD64',
17:03:45     INFO -  'PROCESSOR_IDENTIFIER': 'Intel64 Family 6 Model 30 Stepping 5, GenuineIntel',
17:03:45     INFO -  'PROCESSOR_LEVEL': '6',
17:03:45     INFO -  'PROCESSOR_REVISION': '1e05',
17:03:45     INFO -  'PROGRAMDATA': 'C:\\ProgramData',
17:03:45     INFO -  'PROGRAMFILES': 'C:\\Program Files (x86)',
17:03:45     INFO -  'PROGRAMFILES(X86)': 'C:\\Program Files (x86)',
17:03:45     INFO -  'PROGRAMW6432': 'C:\\Program Files',
17:03:45     INFO -  'PROMPT': '$P$G',
17:03:45     INFO -  'PROPERTIES_FILE': 'C:\\slave\\test/buildprops.json',
17:03:45     INFO -  'PSMODULEPATH': 'C:\\windows\\system32\\WindowsPowerShell\\v1.0\\Modules\\',
17:03:45     INFO -  'PUBLIC': 'C:\\Users\\Public',
17:03:45     INFO -  'PWD': 'C:\\slave\\test',
17:03:45     INFO -  'RUNLOGFILE': 'C:\\slave\\\\runslave.log',
17:03:45     INFO -  'SLAVEDIR': 'C:\\slave\\',
17:03:45     INFO -  'SYSTEMDRIVE': 'C:',
17:03:45     INFO -  'SYSTEMROOT': 'C:\\windows',
17:03:45     INFO -  'TEMP': 'C:\\Users\\CLTBLD~1.001\\AppData\\Local\\Temp',
17:03:45     INFO -  'TEST1': 'testie',
17:03:45     INFO -  'TMP': 'C:\\Users\\CLTBLD~1.001\\AppData\\Local\\Temp',
17:03:45     INFO -  'USERDOMAIN': 'T-W864-IX-062',
17:03:45     INFO -  'USERDOMAIN_ROAMINGPROFILE': 'T-W864-IX-062',
17:03:45     INFO -  'USERNAME': 'cltbld',
17:03:45     INFO -  'USERPROFILE': 'C:\\Users\\cltbld.T-W864-IX-062.001',
17:03:45     INFO -  'WINDIR': 'C:\\windows',
17:03:45     INFO -  'XPCOM_DEBUG_BREAK': 'warn'}
17:03:46     INFO -  Ignoring indexes: https://pypi.python.org/simple
17:03:46     INFO -  Collecting psutil>=3.1.1
17:03:47     INFO -    Downloading http://pypi.pvt.build.mozilla.org/pub/psutil-5.4.3-cp27-none-win32.whl (220kB)
17:03:47     INFO -  Installing collected packages: psutil
17:03:47     INFO -  Successfully installed psutil-5.4.3
17:03:47     INFO - Return code: 0
17:03:47     INFO - Installing mozsystemmonitor==0.3 into virtualenv C:\slave\test\build\venv
17:03:47     INFO - retry: Calling run_command with args: [['C:\\slave\\test\\build\\venv\\Scripts\\pip', 'install', '--timeout', '120', '--no-index', '--find-links', 'http://pypi.pvt.build.mozilla.org/pub', '--find-links', 'http://pypi.pub.build.mozilla.org/pub', '--trusted-host', 'pypi.pub.build.mozilla.org', '--trusted-host', 'pypi.pvt.build.mozilla.org', 'mozsystemmonitor==0.3']], kwargs: {'error_level': 'warning', 'error_list': [{'substr': 'not found or a compiler error:', 'level': 'warning'}, {'regex': <_sre.SRE_Pattern object at 0x023023A0>, 'level': 'error'}, {'regex': <_sre.SRE_Pattern object at 0x023F3020>, 'level': 'warning'}, {'regex': <_sre.SRE_Pattern object at 0x02429238>, 'level': 'debug'}, {'substr': 'command not found', 'level': 'error'}, {'regex': <_sre.SRE_Pattern object at 0x023A4758>, 'level': 'warning'}, {'substr': 'Traceback (most recent call last)', 'level': 'error'}, {'substr': 'SyntaxError: ', 'level': 'error'}, {'substr': 'TypeError: ', 'level': 'error'}, {'substr': 'NameError: ', 'level': 'error'}, {'substr': 'ZeroDivisionError: ', 'level': 'error'}, {'regex': <_sre.SRE_Pattern object at 0x01E0AB20>, 'level': 'critical'}, {'regex': <_sre.SRE_Pattern object at 0x023C3660>, 'level': 'critical'}], 'cwd': 'C:\\slave\\test\\build', 'env': {'TMP': 'C:\\Users\\CLTBLD~1.001\\AppData\\Local\\Temp', 'TEST1': 'testie', 'COMPUTERNAME': 'T-W864-IX-062', 'USERDOMAIN': 'T-W864-IX-062', 'KTS_VERSION': '1.19c', 'PSMODULEPATH': 'C:\\windows\\system32\\WindowsPowerShell\\v1.0\\Modules\\', 'COMMONPROGRAMFILES': 'C:\\Program Files (x86)\\Common Files', 'PROCESSOR_IDENTIFIER': 'Intel64 Family 6 Model 30 Stepping 5, GenuineIntel', 'PROGRAMFILES': 'C:\\Program Files (x86)', 'PROCESSOR_REVISION': '1e05', 'DNSSUFFIX': 'wintest.releng.scl3.mozilla.com', 'SYSTEMROOT': 'C:\\windows', 'NO_EM_RESTART': '1', 'PROGRAMFILES(X86)': 'C:\\Program Files (x86)', 'OURDRIVE': 'C:', 'MOZ_HIDE_RESULTS_TABLE': '1', 'XPCOM_DEBUG_BREAK': 'warn', 'MONDIR': 'C:\\Monitor_config\\', 'TEMP': 'C:\\Users\\CLTBLD~1.001\\AppData\\Local\\Temp', 'COMMONPROGRAMFILES(X86)': 'C:\\Program Files (x86)\\Common Files', 'RUNLOGFILE': 'C:\\slave\\\\runslave.log', 'PROCESSOR_ARCHITECTURE': 'x86', 'ALLUSERSPROFILE': 'C:\\ProgramData', 'USERPROFILE': 'C:\\Users\\cltbld.T-W864-IX-062.001', 'LOCALAPPDATA': 'C:\\Users\\cltbld.T-W864-IX-062.001\\AppData\\Local', 'HOMEPATH': '\\Users\\cltbld.T-W864-IX-062.001', 'USERDOMAIN_ROAMINGPROFILE': 'T-W864-IX-062', 'MOZBUILDDIR': 'C:\\mozilla-build\\', 'PROGRAMW6432': 'C:\\Program Files', 'USERNAME': 'cltbld', 'LOGONSERVER': '\\\\T-W864-IX-062', 'MOZ_NO_REMOTE': '1', 'COMSPEC': 'C:\\windows\\system32\\cmd.exe', 'PROGRAMDATA': 'C:\\ProgramData', 'PROPERTIES_FILE': 'C:\\slave\\test/buildprops.json', 'PATH': 'C:\\Program Files (x86)\\NVIDIA Corporation\\PhysX\\Common;C:\\windows\\system32;C:\\windows;C:\\windows\\System32\\Wbem;C:\\windows\\System32\\WindowsPowerShell\\v1.0\\;C:\\mozilla-build\\python27;C:\\mozilla-build\\python27\\Scripts;C:\\mozilla-build\\msys\\bin;C:\\mozilla-build\\vim\\vim72;C:\\mozilla-build\\wget;C:\\mozilla-build\\info-zip;C:\\CoreUtils\\bin;C:\\mozilla-build\\buildbotve\\scripts;C:\\mozilla-build\\hg', 'PROMPT': '$P$G', 'NO_FAIL_ON_TEST_ERRORS': '1', 'PATHEXT': '.COM;.EXE;.BAT;.CMD;.VBS;.VBE;.JS;.JSE;.WSF;.WSH;.MSC', 'FP_NO_HOST_CHECK': 'NO', 'DCLOCATION': 'SCL3', 'APPDATA': 'C:\\Users\\cltbld.T-W864-IX-062.001\\AppData\\Roaming', 'HOMEDRIVE': 'C:', 'SYSTEMDRIVE': 'C:', 'SLAVEDIR': 'C:\\slave\\', 'NUMBER_OF_PROCESSORS': '8', 'PWD': 'C:\\slave\\test', 'PROCESSOR_LEVEL': '6', 'KTS_HOME': 'C:\\Program Files\\KTS', 'PROCESSOR_ARCHITEW6432': 'AMD64', 'MOZ_CRASHREPORTER_NO_REPORT': '1', 'COMMONPROGRAMW6432': 'C:\\Program Files\\Common Files', 'OS': 'Windows_NT', 'PUBLIC': 'C:\\Users\\Public', 'WINDIR': 'C:\\windows'}}, attempt #1
17:03:47     INFO - Running command: ['C:\\slave\\test\\build\\venv\\Scripts\\pip', 'install', '--timeout', '120', '--no-index', '--find-links', 'http://pypi.pvt.build.mozilla.org/pub', '--find-links', 'http://pypi.pub.build.mozilla.org/pub', '--trusted-host', 'pypi.pub.build.mozilla.org', '--trusted-host', 'pypi.pvt.build.mozilla.org', 'mozsystemmonitor==0.3'] in C:\slave\test\build
17:03:47     INFO - Copy/paste: C:\slave\test\build\venv\Scripts\pip install --timeout 120 --no-index --find-links http://pypi.pvt.build.mozilla.org/pub --find-links http://pypi.pub.build.mozilla.org/pub --trusted-host pypi.pub.build.mozilla.org --trusted-host pypi.pvt.build.mozilla.org mozsystemmonitor==0.3
17:03:47     INFO - Using env: {'ALLUSERSPROFILE': 'C:\\ProgramData',
17:03:47     INFO -  'APPDATA': 'C:\\Users\\cltbld.T-W864-IX-062.001\\AppData\\Roaming',
17:03:47     INFO -  'COMMONPROGRAMFILES': 'C:\\Program Files (x86)\\Common Files',
17:03:47     INFO -  'COMMONPROGRAMFILES(X86)': 'C:\\Program Files (x86)\\Common Files',
17:03:47     INFO -  'COMMONPROGRAMW6432': 'C:\\Program Files\\Common Files',
17:03:47     INFO -  'COMPUTERNAME': 'T-W864-IX-062',
17:03:47     INFO -  'COMSPEC': 'C:\\windows\\system32\\cmd.exe',
17:03:47     INFO -  'DCLOCATION': 'SCL3',
17:03:47     INFO -  'DNSSUFFIX': 'wintest.releng.scl3.mozilla.com',
17:03:47     INFO -  'FP_NO_HOST_CHECK': 'NO',
17:03:47     INFO -  'HOMEDRIVE': 'C:',
17:03:47     INFO -  'HOMEPATH': '\\Users\\cltbld.T-W864-IX-062.001',
17:03:47     INFO -  'KTS_HOME': 'C:\\Program Files\\KTS',
17:03:47     INFO -  'KTS_VERSION': '1.19c',
17:03:47     INFO -  'LOCALAPPDATA': 'C:\\Users\\cltbld.T-W864-IX-062.001\\AppData\\Local',
17:03:47     INFO -  'LOGONSERVER': '\\\\T-W864-IX-062',
17:03:47     INFO -  'MONDIR': 'C:\\Monitor_config\\',
17:03:47     INFO -  'MOZBUILDDIR': 'C:\\mozilla-build\\',
17:03:47     INFO -  'MOZ_CRASHREPORTER_NO_REPORT': '1',
17:03:47     INFO -  'MOZ_HIDE_RESULTS_TABLE': '1',
17:03:47     INFO -  'MOZ_NO_REMOTE': '1',
17:03:47     INFO -  'NO_EM_RESTART': '1',
17:03:47     INFO -  'NO_FAIL_ON_TEST_ERRORS': '1',
17:03:47     INFO -  'NUMBER_OF_PROCESSORS': '8',
17:03:47     INFO -  'OS': 'Windows_NT',
17:03:47     INFO -  'OURDRIVE': 'C:',
17:03:47     INFO -  'PATH': 'C:\\Program Files (x86)\\NVIDIA Corporation\\PhysX\\Common;C:\\windows\\system32;C:\\windows;C:\\windows\\System32\\Wbem;C:\\windows\\System32\\WindowsPowerShell\\v1.0\\;C:\\mozilla-build\\python27;C:\\mozilla-build\\python27\\Scripts;C:\\mozilla-build\\msys\\bin;C:\\mozilla-build\\vim\\vim72;C:\\mozilla-build\\wget;C:\\mozilla-build\\info-zip;C:\\CoreUtils\\bin;C:\\mozilla-build\\buildbotve\\scripts;C:\\mozilla-build\\hg',
17:03:47     INFO -  'PATHEXT': '.COM;.EXE;.BAT;.CMD;.VBS;.VBE;.JS;.JSE;.WSF;.WSH;.MSC',
17:03:47     INFO -  'PROCESSOR_ARCHITECTURE': 'x86',
17:03:47     INFO -  'PROCESSOR_ARCHITEW6432': 'AMD64',
17:03:47     INFO -  'PROCESSOR_IDENTIFIER': 'Intel64 Family 6 Model 30 Stepping 5, GenuineIntel',
17:03:47     INFO -  'PROCESSOR_LEVEL': '6',
17:03:47     INFO -  'PROCESSOR_REVISION': '1e05',
17:03:47     INFO -  'PROGRAMDATA': 'C:\\ProgramData',
17:03:47     INFO -  'PROGRAMFILES': 'C:\\Program Files (x86)',
17:03:47     INFO -  'PROGRAMFILES(X86)': 'C:\\Program Files (x86)',
17:03:47     INFO -  'PROGRAMW6432': 'C:\\Program Files',
17:03:47     INFO -  'PROMPT': '$P$G',
17:03:47     INFO -  'PROPERTIES_FILE': 'C:\\slave\\test/buildprops.json',
17:03:47     INFO -  'PSMODULEPATH': 'C:\\windows\\system32\\WindowsPowerShell\\v1.0\\Modules\\',
17:03:47     INFO -  'PUBLIC': 'C:\\Users\\Public',
17:03:47     INFO -  'PWD': 'C:\\slave\\test',
17:03:47     INFO -  'RUNLOGFILE': 'C:\\slave\\\\runslave.log',
17:03:47     INFO -  'SLAVEDIR': 'C:\\slave\\',
17:03:47     INFO -  'SYSTEMDRIVE': 'C:',
17:03:47     INFO -  'SYSTEMROOT': 'C:\\windows',
17:03:47     INFO -  'TEMP': 'C:\\Users\\CLTBLD~1.001\\AppData\\Local\\Temp',
17:03:47     INFO -  'TEST1': 'testie',
17:03:47     INFO -  'TMP': 'C:\\Users\\CLTBLD~1.001\\AppData\\Local\\Temp',
17:03:47     INFO -  'USERDOMAIN': 'T-W864-IX-062',
17:03:47     INFO -  'USERDOMAIN_ROAMINGPROFILE': 'T-W864-IX-062',
17:03:47     INFO -  'USERNAME': 'cltbld',
17:03:47     INFO -  'USERPROFILE': 'C:\\Users\\cltbld.T-W864-IX-062.001',
17:03:47     INFO -  'WINDIR': 'C:\\windows',
17:03:47     INFO -  'XPCOM_DEBUG_BREAK': 'warn'}
17:03:48     INFO -  Ignoring indexes: https://pypi.python.org/simple
17:03:48     INFO -  Collecting mozsystemmonitor==0.3
17:03:49     INFO -  Requirement already satisfied (use --upgrade to upgrade): psutil>=3.1.1 in c:\slave\test\build\venv\lib\site-packages (from mozsystemmonitor==0.3)
17:03:49     INFO -  Installing collected packages: mozsystemmonitor
17:03:49     INFO -  Successfully installed mozsystemmonitor-0.3
17:03:49     INFO - Return code: 0
17:03:49     INFO - Installing jsonschema==2.5.1 into virtualenv C:\slave\test\build\venv
17:03:49     INFO - retry: Calling run_command with args: [['C:\\slave\\test\\build\\venv\\Scripts\\pip', 'install', '--timeout', '120', '--no-index', '--find-links', 'http://pypi.pvt.build.mozilla.org/pub', '--find-links', 'http://pypi.pub.build.mozilla.org/pub', '--trusted-host', 'pypi.pub.build.mozilla.org', '--trusted-host', 'pypi.pvt.build.mozilla.org', 'jsonschema==2.5.1']], kwargs: {'error_level': 'warning', 'error_list': [{'substr': 'not found or a compiler error:', 'level': 'warning'}, {'regex': <_sre.SRE_Pattern object at 0x023023A0>, 'level': 'error'}, {'regex': <_sre.SRE_Pattern object at 0x023F3020>, 'level': 'warning'}, {'regex': <_sre.SRE_Pattern object at 0x02429238>, 'level': 'debug'}, {'substr': 'command not found', 'level': 'error'}, {'regex': <_sre.SRE_Pattern object at 0x023A4758>, 'level': 'warning'}, {'substr': 'Traceback (most recent call last)', 'level': 'error'}, {'substr': 'SyntaxError: ', 'level': 'error'}, {'substr': 'TypeError: ', 'level': 'error'}, {'substr': 'NameError: ', 'level': 'error'}, {'substr': 'ZeroDivisionError: ', 'level': 'error'}, {'regex': <_sre.SRE_Pattern object at 0x01E0AB20>, 'level': 'critical'}, {'regex': <_sre.SRE_Pattern object at 0x023C3660>, 'level': 'critical'}], 'cwd': 'C:\\slave\\test\\build', 'env': {'TMP': 'C:\\Users\\CLTBLD~1.001\\AppData\\Local\\Temp', 'TEST1': 'testie', 'COMPUTERNAME': 'T-W864-IX-062', 'USERDOMAIN': 'T-W864-IX-062', 'KTS_VERSION': '1.19c', 'PSMODULEPATH': 'C:\\windows\\system32\\WindowsPowerShell\\v1.0\\Modules\\', 'COMMONPROGRAMFILES': 'C:\\Program Files (x86)\\Common Files', 'PROCESSOR_IDENTIFIER': 'Intel64 Family 6 Model 30 Stepping 5, GenuineIntel', 'PROGRAMFILES': 'C:\\Program Files (x86)', 'PROCESSOR_REVISION': '1e05', 'DNSSUFFIX': 'wintest.releng.scl3.mozilla.com', 'SYSTEMROOT': 'C:\\windows', 'NO_EM_RESTART': '1', 'PROGRAMFILES(X86)': 'C:\\Program Files (x86)', 'OURDRIVE': 'C:', 'MOZ_HIDE_RESULTS_TABLE': '1', 'XPCOM_DEBUG_BREAK': 'warn', 'MONDIR': 'C:\\Monitor_config\\', 'TEMP': 'C:\\Users\\CLTBLD~1.001\\AppData\\Local\\Temp', 'COMMONPROGRAMFILES(X86)': 'C:\\Program Files (x86)\\Common Files', 'RUNLOGFILE': 'C:\\slave\\\\runslave.log', 'PROCESSOR_ARCHITECTURE': 'x86', 'ALLUSERSPROFILE': 'C:\\ProgramData', 'USERPROFILE': 'C:\\Users\\cltbld.T-W864-IX-062.001', 'LOCALAPPDATA': 'C:\\Users\\cltbld.T-W864-IX-062.001\\AppData\\Local', 'HOMEPATH': '\\Users\\cltbld.T-W864-IX-062.001', 'USERDOMAIN_ROAMINGPROFILE': 'T-W864-IX-062', 'MOZBUILDDIR': 'C:\\mozilla-build\\', 'PROGRAMW6432': 'C:\\Program Files', 'USERNAME': 'cltbld', 'LOGONSERVER': '\\\\T-W864-IX-062', 'MOZ_NO_REMOTE': '1', 'COMSPEC': 'C:\\windows\\system32\\cmd.exe', 'PROGRAMDATA': 'C:\\ProgramData', 'PROPERTIES_FILE': 'C:\\slave\\test/buildprops.json', 'PATH': 'C:\\Program Files (x86)\\NVIDIA Corporation\\PhysX\\Common;C:\\windows\\system32;C:\\windows;C:\\windows\\System32\\Wbem;C:\\windows\\System32\\WindowsPowerShell\\v1.0\\;C:\\mozilla-build\\python27;C:\\mozilla-build\\python27\\Scripts;C:\\mozilla-build\\msys\\bin;C:\\mozilla-build\\vim\\vim72;C:\\mozilla-build\\wget;C:\\mozilla-build\\info-zip;C:\\CoreUtils\\bin;C:\\mozilla-build\\buildbotve\\scripts;C:\\mozilla-build\\hg', 'PROMPT': '$P$G', 'NO_FAIL_ON_TEST_ERRORS': '1', 'PATHEXT': '.COM;.EXE;.BAT;.CMD;.VBS;.VBE;.JS;.JSE;.WSF;.WSH;.MSC', 'FP_NO_HOST_CHECK': 'NO', 'DCLOCATION': 'SCL3', 'APPDATA': 'C:\\Users\\cltbld.T-W864-IX-062.001\\AppData\\Roaming', 'HOMEDRIVE': 'C:', 'SYSTEMDRIVE': 'C:', 'SLAVEDIR': 'C:\\slave\\', 'NUMBER_OF_PROCESSORS': '8', 'PWD': 'C:\\slave\\test', 'PROCESSOR_LEVEL': '6', 'KTS_HOME': 'C:\\Program Files\\KTS', 'PROCESSOR_ARCHITEW6432': 'AMD64', 'MOZ_CRASHREPORTER_NO_REPORT': '1', 'COMMONPROGRAMW6432': 'C:\\Program Files\\Common Files', 'OS': 'Windows_NT', 'PUBLIC': 'C:\\Users\\Public', 'WINDIR': 'C:\\windows'}}, attempt #1
17:03:49     INFO - Running command: ['C:\\slave\\test\\build\\venv\\Scripts\\pip', 'install', '--timeout', '120', '--no-index', '--find-links', 'http://pypi.pvt.build.mozilla.org/pub', '--find-links', 'http://pypi.pub.build.mozilla.org/pub', '--trusted-host', 'pypi.pub.build.mozilla.org', '--trusted-host', 'pypi.pvt.build.mozilla.org', 'jsonschema==2.5.1'] in C:\slave\test\build
17:03:49     INFO - Copy/paste: C:\slave\test\build\venv\Scripts\pip install --timeout 120 --no-index --find-links http://pypi.pvt.build.mozilla.org/pub --find-links http://pypi.pub.build.mozilla.org/pub --trusted-host pypi.pub.build.mozilla.org --trusted-host pypi.pvt.build.mozilla.org jsonschema==2.5.1
17:03:49     INFO - Using env: {'ALLUSERSPROFILE': 'C:\\ProgramData',
17:03:49     INFO -  'APPDATA': 'C:\\Users\\cltbld.T-W864-IX-062.001\\AppData\\Roaming',
17:03:49     INFO -  'COMMONPROGRAMFILES': 'C:\\Program Files (x86)\\Common Files',
17:03:49     INFO -  'COMMONPROGRAMFILES(X86)': 'C:\\Program Files (x86)\\Common Files',
17:03:49     INFO -  'COMMONPROGRAMW6432': 'C:\\Program Files\\Common Files',
17:03:49     INFO -  'COMPUTERNAME': 'T-W864-IX-062',
17:03:49     INFO -  'COMSPEC': 'C:\\windows\\system32\\cmd.exe',
17:03:49     INFO -  'DCLOCATION': 'SCL3',
17:03:49     INFO -  'DNSSUFFIX': 'wintest.releng.scl3.mozilla.com',
17:03:49     INFO -  'FP_NO_HOST_CHECK': 'NO',
17:03:49     INFO -  'HOMEDRIVE': 'C:',
17:03:49     INFO -  'HOMEPATH': '\\Users\\cltbld.T-W864-IX-062.001',
17:03:49     INFO -  'KTS_HOME': 'C:\\Program Files\\KTS',
17:03:49     INFO -  'KTS_VERSION': '1.19c',
17:03:49     INFO -  'LOCALAPPDATA': 'C:\\Users\\cltbld.T-W864-IX-062.001\\AppData\\Local',
17:03:49     INFO -  'LOGONSERVER': '\\\\T-W864-IX-062',
17:03:49     INFO -  'MONDIR': 'C:\\Monitor_config\\',
17:03:49     INFO -  'MOZBUILDDIR': 'C:\\mozilla-build\\',
17:03:49     INFO -  'MOZ_CRASHREPORTER_NO_REPORT': '1',
17:03:49     INFO -  'MOZ_HIDE_RESULTS_TABLE': '1',
17:03:49     INFO -  'MOZ_NO_REMOTE': '1',
17:03:49     INFO -  'NO_EM_RESTART': '1',
17:03:49     INFO -  'NO_FAIL_ON_TEST_ERRORS': '1',
17:03:49     INFO -  'NUMBER_OF_PROCESSORS': '8',
17:03:49     INFO -  'OS': 'Windows_NT',
17:03:49     INFO -  'OURDRIVE': 'C:',
17:03:49     INFO -  'PATH': 'C:\\Program Files (x86)\\NVIDIA Corporation\\PhysX\\Common;C:\\windows\\system32;C:\\windows;C:\\windows\\System32\\Wbem;C:\\windows\\System32\\WindowsPowerShell\\v1.0\\;C:\\mozilla-build\\python27;C:\\mozilla-build\\python27\\Scripts;C:\\mozilla-build\\msys\\bin;C:\\mozilla-build\\vim\\vim72;C:\\mozilla-build\\wget;C:\\mozilla-build\\info-zip;C:\\CoreUtils\\bin;C:\\mozilla-build\\buildbotve\\scripts;C:\\mozilla-build\\hg',
17:03:49     INFO -  'PATHEXT': '.COM;.EXE;.BAT;.CMD;.VBS;.VBE;.JS;.JSE;.WSF;.WSH;.MSC',
17:03:49     INFO -  'PROCESSOR_ARCHITECTURE': 'x86',
17:03:49     INFO -  'PROCESSOR_ARCHITEW6432': 'AMD64',
17:03:49     INFO -  'PROCESSOR_IDENTIFIER': 'Intel64 Family 6 Model 30 Stepping 5, GenuineIntel',
17:03:49     INFO -  'PROCESSOR_LEVEL': '6',
17:03:49     INFO -  'PROCESSOR_REVISION': '1e05',
17:03:49     INFO -  'PROGRAMDATA': 'C:\\ProgramData',
17:03:49     INFO -  'PROGRAMFILES': 'C:\\Program Files (x86)',
17:03:49     INFO -  'PROGRAMFILES(X86)': 'C:\\Program Files (x86)',
17:03:49     INFO -  'PROGRAMW6432': 'C:\\Program Files',
17:03:49     INFO -  'PROMPT': '$P$G',
17:03:49     INFO -  'PROPERTIES_FILE': 'C:\\slave\\test/buildprops.json',
17:03:49     INFO -  'PSMODULEPATH': 'C:\\windows\\system32\\WindowsPowerShell\\v1.0\\Modules\\',
17:03:49     INFO -  'PUBLIC': 'C:\\Users\\Public',
17:03:49     INFO -  'PWD': 'C:\\slave\\test',
17:03:49     INFO -  'RUNLOGFILE': 'C:\\slave\\\\runslave.log',
17:03:49     INFO -  'SLAVEDIR': 'C:\\slave\\',
17:03:49     INFO -  'SYSTEMDRIVE': 'C:',
17:03:49     INFO -  'SYSTEMROOT': 'C:\\windows',
17:03:49     INFO -  'TEMP': 'C:\\Users\\CLTBLD~1.001\\AppData\\Local\\Temp',
17:03:49     INFO -  'TEST1': 'testie',
17:03:49     INFO -  'TMP': 'C:\\Users\\CLTBLD~1.001\\AppData\\Local\\Temp',
17:03:49     INFO -  'USERDOMAIN': 'T-W864-IX-062',
17:03:49     INFO -  'USERDOMAIN_ROAMINGPROFILE': 'T-W864-IX-062',
17:03:49     INFO -  'USERNAME': 'cltbld',
17:03:49     INFO -  'USERPROFILE': 'C:\\Users\\cltbld.T-W864-IX-062.001',
17:03:49     INFO -  'WINDIR': 'C:\\windows',
17:03:49     INFO -  'XPCOM_DEBUG_BREAK': 'warn'}
17:03:49     INFO -  Ignoring indexes: https://pypi.python.org/simple
17:03:49     INFO -  Collecting jsonschema==2.5.1
17:03:51     INFO -    Downloading http://pypi.pvt.build.mozilla.org/pub/jsonschema-2.5.1-py2.py3-none-any.whl
17:03:51     INFO -  Collecting functools32; python_version == "2.7" (from jsonschema==2.5.1)
17:03:52     INFO -  Installing collected packages: functools32, jsonschema
17:03:52     INFO -  Successfully installed functools32-3.2.3.post2 jsonschema-2.5.1
17:03:52     INFO - Return code: 0
17:03:52     INFO - Installing functools32==3.2.3-2 into virtualenv C:\slave\test\build\venv
17:03:52     INFO - retry: Calling run_command with args: [['C:\\slave\\test\\build\\venv\\Scripts\\pip', 'install', '--timeout', '120', '--no-index', '--find-links', 'http://pypi.pvt.build.mozilla.org/pub', '--find-links', 'http://pypi.pub.build.mozilla.org/pub', '--trusted-host', 'pypi.pub.build.mozilla.org', '--trusted-host', 'pypi.pvt.build.mozilla.org', 'functools32==3.2.3-2']], kwargs: {'error_level': 'warning', 'error_list': [{'substr': 'not found or a compiler error:', 'level': 'warning'}, {'regex': <_sre.SRE_Pattern object at 0x023023A0>, 'level': 'error'}, {'regex': <_sre.SRE_Pattern object at 0x023F3020>, 'level': 'warning'}, {'regex': <_sre.SRE_Pattern object at 0x02429238>, 'level': 'debug'}, {'substr': 'command not found', 'level': 'error'}, {'regex': <_sre.SRE_Pattern object at 0x023A4758>, 'level': 'warning'}, {'substr': 'Traceback (most recent call last)', 'level': 'error'}, {'substr': 'SyntaxError: ', 'level': 'error'}, {'substr': 'TypeError: ', 'level': 'error'}, {'substr': 'NameError: ', 'level': 'error'}, {'substr': 'ZeroDivisionError: ', 'level': 'error'}, {'regex': <_sre.SRE_Pattern object at 0x01E0AB20>, 'level': 'critical'}, {'regex': <_sre.SRE_Pattern object at 0x023C3660>, 'level': 'critical'}], 'cwd': 'C:\\slave\\test\\build', 'env': {'TMP': 'C:\\Users\\CLTBLD~1.001\\AppData\\Local\\Temp', 'TEST1': 'testie', 'COMPUTERNAME': 'T-W864-IX-062', 'USERDOMAIN': 'T-W864-IX-062', 'KTS_VERSION': '1.19c', 'PSMODULEPATH': 'C:\\windows\\system32\\WindowsPowerShell\\v1.0\\Modules\\', 'COMMONPROGRAMFILES': 'C:\\Program Files (x86)\\Common Files', 'PROCESSOR_IDENTIFIER': 'Intel64 Family 6 Model 30 Stepping 5, GenuineIntel', 'PROGRAMFILES': 'C:\\Program Files (x86)', 'PROCESSOR_REVISION': '1e05', 'DNSSUFFIX': 'wintest.releng.scl3.mozilla.com', 'SYSTEMROOT': 'C:\\windows', 'NO_EM_RESTART': '1', 'PROGRAMFILES(X86)': 'C:\\Program Files (x86)', 'OURDRIVE': 'C:', 'MOZ_HIDE_RESULTS_TABLE': '1', 'XPCOM_DEBUG_BREAK': 'warn', 'MONDIR': 'C:\\Monitor_config\\', 'TEMP': 'C:\\Users\\CLTBLD~1.001\\AppData\\Local\\Temp', 'COMMONPROGRAMFILES(X86)': 'C:\\Program Files (x86)\\Common Files', 'RUNLOGFILE': 'C:\\slave\\\\runslave.log', 'PROCESSOR_ARCHITECTURE': 'x86', 'ALLUSERSPROFILE': 'C:\\ProgramData', 'USERPROFILE': 'C:\\Users\\cltbld.T-W864-IX-062.001', 'LOCALAPPDATA': 'C:\\Users\\cltbld.T-W864-IX-062.001\\AppData\\Local', 'HOMEPATH': '\\Users\\cltbld.T-W864-IX-062.001', 'USERDOMAIN_ROAMINGPROFILE': 'T-W864-IX-062', 'MOZBUILDDIR': 'C:\\mozilla-build\\', 'PROGRAMW6432': 'C:\\Program Files', 'USERNAME': 'cltbld', 'LOGONSERVER': '\\\\T-W864-IX-062', 'MOZ_NO_REMOTE': '1', 'COMSPEC': 'C:\\windows\\system32\\cmd.exe', 'PROGRAMDATA': 'C:\\ProgramData', 'PROPERTIES_FILE': 'C:\\slave\\test/buildprops.json', 'PATH': 'C:\\Program Files (x86)\\NVIDIA Corporation\\PhysX\\Common;C:\\windows\\system32;C:\\windows;C:\\windows\\System32\\Wbem;C:\\windows\\System32\\WindowsPowerShell\\v1.0\\;C:\\mozilla-build\\python27;C:\\mozilla-build\\python27\\Scripts;C:\\mozilla-build\\msys\\bin;C:\\mozilla-build\\vim\\vim72;C:\\mozilla-build\\wget;C:\\mozilla-build\\info-zip;C:\\CoreUtils\\bin;C:\\mozilla-build\\buildbotve\\scripts;C:\\mozilla-build\\hg', 'PROMPT': '$P$G', 'NO_FAIL_ON_TEST_ERRORS': '1', 'PATHEXT': '.COM;.EXE;.BAT;.CMD;.VBS;.VBE;.JS;.JSE;.WSF;.WSH;.MSC', 'FP_NO_HOST_CHECK': 'NO', 'DCLOCATION': 'SCL3', 'APPDATA': 'C:\\Users\\cltbld.T-W864-IX-062.001\\AppData\\Roaming', 'HOMEDRIVE': 'C:', 'SYSTEMDRIVE': 'C:', 'SLAVEDIR': 'C:\\slave\\', 'NUMBER_OF_PROCESSORS': '8', 'PWD': 'C:\\slave\\test', 'PROCESSOR_LEVEL': '6', 'KTS_HOME': 'C:\\Program Files\\KTS', 'PROCESSOR_ARCHITEW6432': 'AMD64', 'MOZ_CRASHREPORTER_NO_REPORT': '1', 'COMMONPROGRAMW6432': 'C:\\Program Files\\Common Files', 'OS': 'Windows_NT', 'PUBLIC': 'C:\\Users\\Public', 'WINDIR': 'C:\\windows'}}, attempt #1
17:03:52     INFO - Running command: ['C:\\slave\\test\\build\\venv\\Scripts\\pip', 'install', '--timeout', '120', '--no-index', '--find-links', 'http://pypi.pvt.build.mozilla.org/pub', '--find-links', 'http://pypi.pub.build.mozilla.org/pub', '--trusted-host', 'pypi.pub.build.mozilla.org', '--trusted-host', 'pypi.pvt.build.mozilla.org', 'functools32==3.2.3-2'] in C:\slave\test\build
17:03:52     INFO - Copy/paste: C:\slave\test\build\venv\Scripts\pip install --timeout 120 --no-index --find-links http://pypi.pvt.build.mozilla.org/pub --find-links http://pypi.pub.build.mozilla.org/pub --trusted-host pypi.pub.build.mozilla.org --trusted-host pypi.pvt.build.mozilla.org functools32==3.2.3-2
17:03:52     INFO - Using env: {'ALLUSERSPROFILE': 'C:\\ProgramData',
17:03:52     INFO -  'APPDATA': 'C:\\Users\\cltbld.T-W864-IX-062.001\\AppData\\Roaming',
17:03:52     INFO -  'COMMONPROGRAMFILES': 'C:\\Program Files (x86)\\Common Files',
17:03:52     INFO -  'COMMONPROGRAMFILES(X86)': 'C:\\Program Files (x86)\\Common Files',
17:03:52     INFO -  'COMMONPROGRAMW6432': 'C:\\Program Files\\Common Files',
17:03:52     INFO -  'COMPUTERNAME': 'T-W864-IX-062',
17:03:52     INFO -  'COMSPEC': 'C:\\windows\\system32\\cmd.exe',
17:03:52     INFO -  'DCLOCATION': 'SCL3',
17:03:52     INFO -  'DNSSUFFIX': 'wintest.releng.scl3.mozilla.com',
17:03:52     INFO -  'FP_NO_HOST_CHECK': 'NO',
17:03:52     INFO -  'HOMEDRIVE': 'C:',
17:03:52     INFO -  'HOMEPATH': '\\Users\\cltbld.T-W864-IX-062.001',
17:03:52     INFO -  'KTS_HOME': 'C:\\Program Files\\KTS',
17:03:52     INFO -  'KTS_VERSION': '1.19c',
17:03:52     INFO -  'LOCALAPPDATA': 'C:\\Users\\cltbld.T-W864-IX-062.001\\AppData\\Local',
17:03:52     INFO -  'LOGONSERVER': '\\\\T-W864-IX-062',
17:03:52     INFO -  'MONDIR': 'C:\\Monitor_config\\',
17:03:52     INFO -  'MOZBUILDDIR': 'C:\\mozilla-build\\',
17:03:52     INFO -  'MOZ_CRASHREPORTER_NO_REPORT': '1',
17:03:52     INFO -  'MOZ_HIDE_RESULTS_TABLE': '1',
17:03:52     INFO -  'MOZ_NO_REMOTE': '1',
17:03:52     INFO -  'NO_EM_RESTART': '1',
17:03:52     INFO -  'NO_FAIL_ON_TEST_ERRORS': '1',
17:03:52     INFO -  'NUMBER_OF_PROCESSORS': '8',
17:03:52     INFO -  'OS': 'Windows_NT',
17:03:52     INFO -  'OURDRIVE': 'C:',
17:03:52     INFO -  'PATH': 'C:\\Program Files (x86)\\NVIDIA Corporation\\PhysX\\Common;C:\\windows\\system32;C:\\windows;C:\\windows\\System32\\Wbem;C:\\windows\\System32\\WindowsPowerShell\\v1.0\\;C:\\mozilla-build\\python27;C:\\mozilla-build\\python27\\Scripts;C:\\mozilla-build\\msys\\bin;C:\\mozilla-build\\vim\\vim72;C:\\mozilla-build\\wget;C:\\mozilla-build\\info-zip;C:\\CoreUtils\\bin;C:\\mozilla-build\\buildbotve\\scripts;C:\\mozilla-build\\hg',
17:03:52     INFO -  'PATHEXT': '.COM;.EXE;.BAT;.CMD;.VBS;.VBE;.JS;.JSE;.WSF;.WSH;.MSC',
17:03:52     INFO -  'PROCESSOR_ARCHITECTURE': 'x86',
17:03:52     INFO -  'PROCESSOR_ARCHITEW6432': 'AMD64',
17:03:52     INFO -  'PROCESSOR_IDENTIFIER': 'Intel64 Family 6 Model 30 Stepping 5, GenuineIntel',
17:03:52     INFO -  'PROCESSOR_LEVEL': '6',
17:03:52     INFO -  'PROCESSOR_REVISION': '1e05',
17:03:52     INFO -  'PROGRAMDATA': 'C:\\ProgramData',
17:03:52     INFO -  'PROGRAMFILES': 'C:\\Program Files (x86)',
17:03:52     INFO -  'PROGRAMFILES(X86)': 'C:\\Program Files (x86)',
17:03:52     INFO -  'PROGRAMW6432': 'C:\\Program Files',
17:03:52     INFO -  'PROMPT': '$P$G',
17:03:52     INFO -  'PROPERTIES_FILE': 'C:\\slave\\test/buildprops.json',
17:03:52     INFO -  'PSMODULEPATH': 'C:\\windows\\system32\\WindowsPowerShell\\v1.0\\Modules\\',
17:03:52     INFO -  'PUBLIC': 'C:\\Users\\Public',
17:03:52     INFO -  'PWD': 'C:\\slave\\test',
17:03:52     INFO -  'RUNLOGFILE': 'C:\\slave\\\\runslave.log',
17:03:52     INFO -  'SLAVEDIR': 'C:\\slave\\',
17:03:52     INFO -  'SYSTEMDRIVE': 'C:',
17:03:52     INFO -  'SYSTEMROOT': 'C:\\windows',
17:03:52     INFO -  'TEMP': 'C:\\Users\\CLTBLD~1.001\\AppData\\Local\\Temp',
17:03:52     INFO -  'TEST1': 'testie',
17:03:52     INFO -  'TMP': 'C:\\Users\\CLTBLD~1.001\\AppData\\Local\\Temp',
17:03:52     INFO -  'USERDOMAIN': 'T-W864-IX-062',
17:03:52     INFO -  'USERDOMAIN_ROAMINGPROFILE': 'T-W864-IX-062',
17:03:52     INFO -  'USERNAME': 'cltbld',
17:03:52     INFO -  'USERPROFILE': 'C:\\Users\\cltbld.T-W864-IX-062.001',
17:03:52     INFO -  'WINDIR': 'C:\\windows',
17:03:52     INFO -  'XPCOM_DEBUG_BREAK': 'warn'}
17:03:53     INFO -  Ignoring indexes: https://pypi.python.org/simple
17:03:53     INFO -  Requirement already satisfied (use --upgrade to upgrade): functools32==3.2.3-2 in c:\slave\test\build\venv\lib\site-packages
17:03:53     INFO - Return code: 0
17:03:53     INFO - Installing blobuploader==1.2.4 into virtualenv C:\slave\test\build\venv
17:03:53     INFO - retry: Calling run_command with args: [['C:\\slave\\test\\build\\venv\\Scripts\\pip', 'install', '--timeout', '120', '--no-index', '--find-links', 'http://pypi.pvt.build.mozilla.org/pub', '--find-links', 'http://pypi.pub.build.mozilla.org/pub', '--trusted-host', 'pypi.pub.build.mozilla.org', '--trusted-host', 'pypi.pvt.build.mozilla.org', 'blobuploader==1.2.4']], kwargs: {'error_level': 'warning', 'error_list': [{'substr': 'not found or a compiler error:', 'level': 'warning'}, {'regex': <_sre.SRE_Pattern object at 0x023023A0>, 'level': 'error'}, {'regex': <_sre.SRE_Pattern object at 0x023F3020>, 'level': 'warning'}, {'regex': <_sre.SRE_Pattern object at 0x02429238>, 'level': 'debug'}, {'substr': 'command not found', 'level': 'error'}, {'regex': <_sre.SRE_Pattern object at 0x023A4758>, 'level': 'warning'}, {'substr': 'Traceback (most recent call last)', 'level': 'error'}, {'substr': 'SyntaxError: ', 'level': 'error'}, {'substr': 'TypeError: ', 'level': 'error'}, {'substr': 'NameError: ', 'level': 'error'}, {'substr': 'ZeroDivisionError: ', 'level': 'error'}, {'regex': <_sre.SRE_Pattern object at 0x01E0AB20>, 'level': 'critical'}, {'regex': <_sre.SRE_Pattern object at 0x023C3660>, 'level': 'critical'}], 'cwd': 'C:\\slave\\test\\build', 'env': {'TMP': 'C:\\Users\\CLTBLD~1.001\\AppData\\Local\\Temp', 'TEST1': 'testie', 'COMPUTERNAME': 'T-W864-IX-062', 'USERDOMAIN': 'T-W864-IX-062', 'KTS_VERSION': '1.19c', 'PSMODULEPATH': 'C:\\windows\\system32\\WindowsPowerShell\\v1.0\\Modules\\', 'COMMONPROGRAMFILES': 'C:\\Program Files (x86)\\Common Files', 'PROCESSOR_IDENTIFIER': 'Intel64 Family 6 Model 30 Stepping 5, GenuineIntel', 'PROGRAMFILES': 'C:\\Program Files (x86)', 'PROCESSOR_REVISION': '1e05', 'DNSSUFFIX': 'wintest.releng.scl3.mozilla.com', 'SYSTEMROOT': 'C:\\windows', 'NO_EM_RESTART': '1', 'PROGRAMFILES(X86)': 'C:\\Program Files (x86)', 'OURDRIVE': 'C:', 'MOZ_HIDE_RESULTS_TABLE': '1', 'XPCOM_DEBUG_BREAK': 'warn', 'MONDIR': 'C:\\Monitor_config\\', 'TEMP': 'C:\\Users\\CLTBLD~1.001\\AppData\\Local\\Temp', 'COMMONPROGRAMFILES(X86)': 'C:\\Program Files (x86)\\Common Files', 'RUNLOGFILE': 'C:\\slave\\\\runslave.log', 'PROCESSOR_ARCHITECTURE': 'x86', 'ALLUSERSPROFILE': 'C:\\ProgramData', 'USERPROFILE': 'C:\\Users\\cltbld.T-W864-IX-062.001', 'LOCALAPPDATA': 'C:\\Users\\cltbld.T-W864-IX-062.001\\AppData\\Local', 'HOMEPATH': '\\Users\\cltbld.T-W864-IX-062.001', 'USERDOMAIN_ROAMINGPROFILE': 'T-W864-IX-062', 'MOZBUILDDIR': 'C:\\mozilla-build\\', 'PROGRAMW6432': 'C:\\Program Files', 'USERNAME': 'cltbld', 'LOGONSERVER': '\\\\T-W864-IX-062', 'MOZ_NO_REMOTE': '1', 'COMSPEC': 'C:\\windows\\system32\\cmd.exe', 'PROGRAMDATA': 'C:\\ProgramData', 'PROPERTIES_FILE': 'C:\\slave\\test/buildprops.json', 'PATH': 'C:\\Program Files (x86)\\NVIDIA Corporation\\PhysX\\Common;C:\\windows\\system32;C:\\windows;C:\\windows\\System32\\Wbem;C:\\windows\\System32\\WindowsPowerShell\\v1.0\\;C:\\mozilla-build\\python27;C:\\mozilla-build\\python27\\Scripts;C:\\mozilla-build\\msys\\bin;C:\\mozilla-build\\vim\\vim72;C:\\mozilla-build\\wget;C:\\mozilla-build\\info-zip;C:\\CoreUtils\\bin;C:\\mozilla-build\\buildbotve\\scripts;C:\\mozilla-build\\hg', 'PROMPT': '$P$G', 'NO_FAIL_ON_TEST_ERRORS': '1', 'PATHEXT': '.COM;.EXE;.BAT;.CMD;.VBS;.VBE;.JS;.JSE;.WSF;.WSH;.MSC', 'FP_NO_HOST_CHECK': 'NO', 'DCLOCATION': 'SCL3', 'APPDATA': 'C:\\Users\\cltbld.T-W864-IX-062.001\\AppData\\Roaming', 'HOMEDRIVE': 'C:', 'SYSTEMDRIVE': 'C:', 'SLAVEDIR': 'C:\\slave\\', 'NUMBER_OF_PROCESSORS': '8', 'PWD': 'C:\\slave\\test', 'PROCESSOR_LEVEL': '6', 'KTS_HOME': 'C:\\Program Files\\KTS', 'PROCESSOR_ARCHITEW6432': 'AMD64', 'MOZ_CRASHREPORTER_NO_REPORT': '1', 'COMMONPROGRAMW6432': 'C:\\Program Files\\Common Files', 'OS': 'Windows_NT', 'PUBLIC': 'C:\\Users\\Public', 'WINDIR': 'C:\\windows'}}, attempt #1
17:03:53     INFO - Running command: ['C:\\slave\\test\\build\\venv\\Scripts\\pip', 'install', '--timeout', '120', '--no-index', '--find-links', 'http://pypi.pvt.build.mozilla.org/pub', '--find-links', 'http://pypi.pub.build.mozilla.org/pub', '--trusted-host', 'pypi.pub.build.mozilla.org', '--trusted-host', 'pypi.pvt.build.mozilla.org', 'blobuploader==1.2.4'] in C:\slave\test\build
17:03:53     INFO - Copy/paste: C:\slave\test\build\venv\Scripts\pip install --timeout 120 --no-index --find-links http://pypi.pvt.build.mozilla.org/pub --find-links http://pypi.pub.build.mozilla.org/pub --trusted-host pypi.pub.build.mozilla.org --trusted-host pypi.pvt.build.mozilla.org blobuploader==1.2.4
17:03:53     INFO - Using env: {'ALLUSERSPROFILE': 'C:\\ProgramData',
17:03:53     INFO -  'APPDATA': 'C:\\Users\\cltbld.T-W864-IX-062.001\\AppData\\Roaming',
17:03:53     INFO -  'COMMONPROGRAMFILES': 'C:\\Program Files (x86)\\Common Files',
17:03:53     INFO -  'COMMONPROGRAMFILES(X86)': 'C:\\Program Files (x86)\\Common Files',
17:03:53     INFO -  'COMMONPROGRAMW6432': 'C:\\Program Files\\Common Files',
17:03:53     INFO -  'COMPUTERNAME': 'T-W864-IX-062',
17:03:53     INFO -  'COMSPEC': 'C:\\windows\\system32\\cmd.exe',
17:03:53     INFO -  'DCLOCATION': 'SCL3',
17:03:53     INFO -  'DNSSUFFIX': 'wintest.releng.scl3.mozilla.com',
17:03:53     INFO -  'FP_NO_HOST_CHECK': 'NO',
17:03:53     INFO -  'HOMEDRIVE': 'C:',
17:03:53     INFO -  'HOMEPATH': '\\Users\\cltbld.T-W864-IX-062.001',
17:03:53     INFO -  'KTS_HOME': 'C:\\Program Files\\KTS',
17:03:53     INFO -  'KTS_VERSION': '1.19c',
17:03:53     INFO -  'LOCALAPPDATA': 'C:\\Users\\cltbld.T-W864-IX-062.001\\AppData\\Local',
17:03:53     INFO -  'LOGONSERVER': '\\\\T-W864-IX-062',
17:03:53     INFO -  'MONDIR': 'C:\\Monitor_config\\',
17:03:53     INFO -  'MOZBUILDDIR': 'C:\\mozilla-build\\',
17:03:53     INFO -  'MOZ_CRASHREPORTER_NO_REPORT': '1',
17:03:53     INFO -  'MOZ_HIDE_RESULTS_TABLE': '1',
17:03:53     INFO -  'MOZ_NO_REMOTE': '1',
17:03:53     INFO -  'NO_EM_RESTART': '1',
17:03:53     INFO -  'NO_FAIL_ON_TEST_ERRORS': '1',
17:03:53     INFO -  'NUMBER_OF_PROCESSORS': '8',
17:03:53     INFO -  'OS': 'Windows_NT',
17:03:53     INFO -  'OURDRIVE': 'C:',
17:03:53     INFO -  'PATH': 'C:\\Program Files (x86)\\NVIDIA Corporation\\PhysX\\Common;C:\\windows\\system32;C:\\windows;C:\\windows\\System32\\Wbem;C:\\windows\\System32\\WindowsPowerShell\\v1.0\\;C:\\mozilla-build\\python27;C:\\mozilla-build\\python27\\Scripts;C:\\mozilla-build\\msys\\bin;C:\\mozilla-build\\vim\\vim72;C:\\mozilla-build\\wget;C:\\mozilla-build\\info-zip;C:\\CoreUtils\\bin;C:\\mozilla-build\\buildbotve\\scripts;C:\\mozilla-build\\hg',
17:03:53     INFO -  'PATHEXT': '.COM;.EXE;.BAT;.CMD;.VBS;.VBE;.JS;.JSE;.WSF;.WSH;.MSC',
17:03:53     INFO -  'PROCESSOR_ARCHITECTURE': 'x86',
17:03:53     INFO -  'PROCESSOR_ARCHITEW6432': 'AMD64',
17:03:53     INFO -  'PROCESSOR_IDENTIFIER': 'Intel64 Family 6 Model 30 Stepping 5, GenuineIntel',
17:03:53     INFO -  'PROCESSOR_LEVEL': '6',
17:03:53     INFO -  'PROCESSOR_REVISION': '1e05',
17:03:53     INFO -  'PROGRAMDATA': 'C:\\ProgramData',
17:03:53     INFO -  'PROGRAMFILES': 'C:\\Program Files (x86)',
17:03:53     INFO -  'PROGRAMFILES(X86)': 'C:\\Program Files (x86)',
17:03:53     INFO -  'PROGRAMW6432': 'C:\\Program Files',
17:03:53     INFO -  'PROMPT': '$P$G',
17:03:53     INFO -  'PROPERTIES_FILE': 'C:\\slave\\test/buildprops.json',
17:03:53     INFO -  'PSMODULEPATH': 'C:\\windows\\system32\\WindowsPowerShell\\v1.0\\Modules\\',
17:03:53     INFO -  'PUBLIC': 'C:\\Users\\Public',
17:03:53     INFO -  'PWD': 'C:\\slave\\test',
17:03:53     INFO -  'RUNLOGFILE': 'C:\\slave\\\\runslave.log',
17:03:53     INFO -  'SLAVEDIR': 'C:\\slave\\',
17:03:53     INFO -  'SYSTEMDRIVE': 'C:',
17:03:53     INFO -  'SYSTEMROOT': 'C:\\windows',
17:03:53     INFO -  'TEMP': 'C:\\Users\\CLTBLD~1.001\\AppData\\Local\\Temp',
17:03:53     INFO -  'TEST1': 'testie',
17:03:53     INFO -  'TMP': 'C:\\Users\\CLTBLD~1.001\\AppData\\Local\\Temp',
17:03:53     INFO -  'USERDOMAIN': 'T-W864-IX-062',
17:03:53     INFO -  'USERDOMAIN_ROAMINGPROFILE': 'T-W864-IX-062',
17:03:53     INFO -  'USERNAME': 'cltbld',
17:03:53     INFO -  'USERPROFILE': 'C:\\Users\\cltbld.T-W864-IX-062.001',
17:03:53     INFO -  'WINDIR': 'C:\\windows',
17:03:53     INFO -  'XPCOM_DEBUG_BREAK': 'warn'}
17:03:53     INFO -  Ignoring indexes: https://pypi.python.org/simple
17:03:53     INFO -  Collecting blobuploader==1.2.4
17:03:54     INFO -  Collecting docopt==0.6.1 (from blobuploader==1.2.4)
17:03:55     INFO -  Collecting requests==1.2.3. (from blobuploader==1.2.4)
17:03:57     INFO -  Installing collected packages: docopt, requests, blobuploader
17:03:57     INFO -  Successfully installed blobuploader-1.2.4 docopt-0.6.1 requests-1.2.3
17:03:58     INFO - Return code: 0
17:03:58     INFO - Installing None into virtualenv C:\slave\test\build\venv
17:03:58     INFO - retry: Calling run_command with args: [['C:\\slave\\test\\build\\venv\\Scripts\\pip', 'install', '--no-deps', '--timeout', '120', '-r', 'C:\\slave\\test\\build\\tests\\config\\mozbase_requirements.txt', '--no-index', '--find-links', 'http://pypi.pvt.build.mozilla.org/pub', '--find-links', 'http://pypi.pub.build.mozilla.org/pub', '--trusted-host', 'pypi.pub.build.mozilla.org', '--trusted-host', 'pypi.pvt.build.mozilla.org']], kwargs: {'error_level': 'warning', 'error_list': [{'substr': 'not found or a compiler error:', 'level': 'warning'}, {'regex': <_sre.SRE_Pattern object at 0x023023A0>, 'level': 'error'}, {'regex': <_sre.SRE_Pattern object at 0x023F3020>, 'level': 'warning'}, {'regex': <_sre.SRE_Pattern object at 0x02429238>, 'level': 'debug'}, {'substr': 'command not found', 'level': 'error'}, {'regex': <_sre.SRE_Pattern object at 0x023A4758>, 'level': 'warning'}, {'substr': 'Traceback (most recent call last)', 'level': 'error'}, {'substr': 'SyntaxError: ', 'level': 'error'}, {'substr': 'TypeError: ', 'level': 'error'}, {'substr': 'NameError: ', 'level': 'error'}, {'substr': 'ZeroDivisionError: ', 'level': 'error'}, {'regex': <_sre.SRE_Pattern object at 0x01E0AB20>, 'level': 'critical'}, {'regex': <_sre.SRE_Pattern object at 0x023C3660>, 'level': 'critical'}], 'cwd': 'C:\\slave\\test\\build\\tests\\config', 'env': {'TMP': 'C:\\Users\\CLTBLD~1.001\\AppData\\Local\\Temp', 'TEST1': 'testie', 'COMPUTERNAME': 'T-W864-IX-062', 'USERDOMAIN': 'T-W864-IX-062', 'KTS_VERSION': '1.19c', 'PSMODULEPATH': 'C:\\windows\\system32\\WindowsPowerShell\\v1.0\\Modules\\', 'COMMONPROGRAMFILES': 'C:\\Program Files (x86)\\Common Files', 'PROCESSOR_IDENTIFIER': 'Intel64 Family 6 Model 30 Stepping 5, GenuineIntel', 'PROGRAMFILES': 'C:\\Program Files (x86)', 'PROCESSOR_REVISION': '1e05', 'DNSSUFFIX': 'wintest.releng.scl3.mozilla.com', 'SYSTEMROOT': 'C:\\windows', 'NO_EM_RESTART': '1', 'PROGRAMFILES(X86)': 'C:\\Program Files (x86)', 'OURDRIVE': 'C:', 'MOZ_HIDE_RESULTS_TABLE': '1', 'XPCOM_DEBUG_BREAK': 'warn', 'MONDIR': 'C:\\Monitor_config\\', 'TEMP': 'C:\\Users\\CLTBLD~1.001\\AppData\\Local\\Temp', 'COMMONPROGRAMFILES(X86)': 'C:\\Program Files (x86)\\Common Files', 'RUNLOGFILE': 'C:\\slave\\\\runslave.log', 'PROCESSOR_ARCHITECTURE': 'x86', 'ALLUSERSPROFILE': 'C:\\ProgramData', 'USERPROFILE': 'C:\\Users\\cltbld.T-W864-IX-062.001', 'LOCALAPPDATA': 'C:\\Users\\cltbld.T-W864-IX-062.001\\AppData\\Local', 'HOMEPATH': '\\Users\\cltbld.T-W864-IX-062.001', 'USERDOMAIN_ROAMINGPROFILE': 'T-W864-IX-062', 'MOZBUILDDIR': 'C:\\mozilla-build\\', 'PROGRAMW6432': 'C:\\Program Files', 'USERNAME': 'cltbld', 'LOGONSERVER': '\\\\T-W864-IX-062', 'MOZ_NO_REMOTE': '1', 'COMSPEC': 'C:\\windows\\system32\\cmd.exe', 'PROGRAMDATA': 'C:\\ProgramData', 'PROPERTIES_FILE': 'C:\\slave\\test/buildprops.json', 'PATH': 'C:\\Program Files (x86)\\NVIDIA Corporation\\PhysX\\Common;C:\\windows\\system32;C:\\windows;C:\\windows\\System32\\Wbem;C:\\windows\\System32\\WindowsPowerShell\\v1.0\\;C:\\mozilla-build\\python27;C:\\mozilla-build\\python27\\Scripts;C:\\mozilla-build\\msys\\bin;C:\\mozilla-build\\vim\\vim72;C:\\mozilla-build\\wget;C:\\mozilla-build\\info-zip;C:\\CoreUtils\\bin;C:\\mozilla-build\\buildbotve\\scripts;C:\\mozilla-build\\hg', 'PROMPT': '$P$G', 'NO_FAIL_ON_TEST_ERRORS': '1', 'PATHEXT': '.COM;.EXE;.BAT;.CMD;.VBS;.VBE;.JS;.JSE;.WSF;.WSH;.MSC', 'FP_NO_HOST_CHECK': 'NO', 'DCLOCATION': 'SCL3', 'APPDATA': 'C:\\Users\\cltbld.T-W864-IX-062.001\\AppData\\Roaming', 'HOMEDRIVE': 'C:', 'SYSTEMDRIVE': 'C:', 'SLAVEDIR': 'C:\\slave\\', 'NUMBER_OF_PROCESSORS': '8', 'PWD': 'C:\\slave\\test', 'PROCESSOR_LEVEL': '6', 'KTS_HOME': 'C:\\Program Files\\KTS', 'PROCESSOR_ARCHITEW6432': 'AMD64', 'MOZ_CRASHREPORTER_NO_REPORT': '1', 'COMMONPROGRAMW6432': 'C:\\Program Files\\Common Files', 'OS': 'Windows_NT', 'PUBLIC': 'C:\\Users\\Public', 'WINDIR': 'C:\\windows'}}, attempt #1
17:03:58     INFO - Running command: ['C:\\slave\\test\\build\\venv\\Scripts\\pip', 'install', '--no-deps', '--timeout', '120', '-r', 'C:\\slave\\test\\build\\tests\\config\\mozbase_requirements.txt', '--no-index', '--find-links', 'http://pypi.pvt.build.mozilla.org/pub', '--find-links', 'http://pypi.pub.build.mozilla.org/pub', '--trusted-host', 'pypi.pub.build.mozilla.org', '--trusted-host', 'pypi.pvt.build.mozilla.org'] in C:\slave\test\build\tests\config
17:03:58     INFO - Copy/paste: C:\slave\test\build\venv\Scripts\pip install --no-deps --timeout 120 -r C:\slave\test\build\tests\config\mozbase_requirements.txt --no-index --find-links http://pypi.pvt.build.mozilla.org/pub --find-links http://pypi.pub.build.mozilla.org/pub --trusted-host pypi.pub.build.mozilla.org --trusted-host pypi.pvt.build.mozilla.org
17:03:58     INFO - Using env: {'ALLUSERSPROFILE': 'C:\\ProgramData',
17:03:58     INFO -  'APPDATA': 'C:\\Users\\cltbld.T-W864-IX-062.001\\AppData\\Roaming',
17:03:58     INFO -  'COMMONPROGRAMFILES': 'C:\\Program Files (x86)\\Common Files',
17:03:58     INFO -  'COMMONPROGRAMFILES(X86)': 'C:\\Program Files (x86)\\Common Files',
17:03:58     INFO -  'COMMONPROGRAMW6432': 'C:\\Program Files\\Common Files',
17:03:58     INFO -  'COMPUTERNAME': 'T-W864-IX-062',
17:03:58     INFO -  'COMSPEC': 'C:\\windows\\system32\\cmd.exe',
17:03:58     INFO -  'DCLOCATION': 'SCL3',
17:03:58     INFO -  'DNSSUFFIX': 'wintest.releng.scl3.mozilla.com',
17:03:58     INFO -  'FP_NO_HOST_CHECK': 'NO',
17:03:58     INFO -  'HOMEDRIVE': 'C:',
17:03:58     INFO -  'HOMEPATH': '\\Users\\cltbld.T-W864-IX-062.001',
17:03:58     INFO -  'KTS_HOME': 'C:\\Program Files\\KTS',
17:03:58     INFO -  'KTS_VERSION': '1.19c',
17:03:58     INFO -  'LOCALAPPDATA': 'C:\\Users\\cltbld.T-W864-IX-062.001\\AppData\\Local',
17:03:58     INFO -  'LOGONSERVER': '\\\\T-W864-IX-062',
17:03:58     INFO -  'MONDIR': 'C:\\Monitor_config\\',
17:03:58     INFO -  'MOZBUILDDIR': 'C:\\mozilla-build\\',
17:03:58     INFO -  'MOZ_CRASHREPORTER_NO_REPORT': '1',
17:03:58     INFO -  'MOZ_HIDE_RESULTS_TABLE': '1',
17:03:58     INFO -  'MOZ_NO_REMOTE': '1',
17:03:58     INFO -  'NO_EM_RESTART': '1',
17:03:58     INFO -  'NO_FAIL_ON_TEST_ERRORS': '1',
17:03:58     INFO -  'NUMBER_OF_PROCESSORS': '8',
17:03:58     INFO -  'OS': 'Windows_NT',
17:03:58     INFO -  'OURDRIVE': 'C:',
17:03:58     INFO -  'PATH': 'C:\\Program Files (x86)\\NVIDIA Corporation\\PhysX\\Common;C:\\windows\\system32;C:\\windows;C:\\windows\\System32\\Wbem;C:\\windows\\System32\\WindowsPowerShell\\v1.0\\;C:\\mozilla-build\\python27;C:\\mozilla-build\\python27\\Scripts;C:\\mozilla-build\\msys\\bin;C:\\mozilla-build\\vim\\vim72;C:\\mozilla-build\\wget;C:\\mozilla-build\\info-zip;C:\\CoreUtils\\bin;C:\\mozilla-build\\buildbotve\\scripts;C:\\mozilla-build\\hg',
17:03:58     INFO -  'PATHEXT': '.COM;.EXE;.BAT;.CMD;.VBS;.VBE;.JS;.JSE;.WSF;.WSH;.MSC',
17:03:58     INFO -  'PROCESSOR_ARCHITECTURE': 'x86',
17:03:58     INFO -  'PROCESSOR_ARCHITEW6432': 'AMD64',
17:03:58     INFO -  'PROCESSOR_IDENTIFIER': 'Intel64 Family 6 Model 30 Stepping 5, GenuineIntel',
17:03:58     INFO -  'PROCESSOR_LEVEL': '6',
17:03:58     INFO -  'PROCESSOR_REVISION': '1e05',
17:03:58     INFO -  'PROGRAMDATA': 'C:\\ProgramData',
17:03:58     INFO -  'PROGRAMFILES': 'C:\\Program Files (x86)',
17:03:58     INFO -  'PROGRAMFILES(X86)': 'C:\\Program Files (x86)',
17:03:58     INFO -  'PROGRAMW6432': 'C:\\Program Files',
17:03:58     INFO -  'PROMPT': '$P$G',
17:03:58     INFO -  'PROPERTIES_FILE': 'C:\\slave\\test/buildprops.json',
17:03:58     INFO -  'PSMODULEPATH': 'C:\\windows\\system32\\WindowsPowerShell\\v1.0\\Modules\\',
17:03:58     INFO -  'PUBLIC': 'C:\\Users\\Public',
17:03:58     INFO -  'PWD': 'C:\\slave\\test',
17:03:58     INFO -  'RUNLOGFILE': 'C:\\slave\\\\runslave.log',
17:03:58     INFO -  'SLAVEDIR': 'C:\\slave\\',
17:03:58     INFO -  'SYSTEMDRIVE': 'C:',
17:03:58     INFO -  'SYSTEMROOT': 'C:\\windows',
17:03:58     INFO -  'TEMP': 'C:\\Users\\CLTBLD~1.001\\AppData\\Local\\Temp',
17:03:58     INFO -  'TEST1': 'testie',
17:03:58     INFO -  'TMP': 'C:\\Users\\CLTBLD~1.001\\AppData\\Local\\Temp',
17:03:58     INFO -  'USERDOMAIN': 'T-W864-IX-062',
17:03:58     INFO -  'USERDOMAIN_ROAMINGPROFILE': 'T-W864-IX-062',
17:03:58     INFO -  'USERNAME': 'cltbld',
17:03:58     INFO -  'USERPROFILE': 'C:\\Users\\cltbld.T-W864-IX-062.001',
17:03:58     INFO -  'WINDIR': 'C:\\windows',
17:03:58     INFO -  'XPCOM_DEBUG_BREAK': 'warn'}
17:03:58     INFO -  Ignoring indexes: https://pypi.python.org/simple
17:03:58     INFO -  Processing c:\slave\test\build\tests\mozbase\manifestparser
17:03:59     INFO -  Processing c:\slave\test\build\tests\mozbase\mozcrash
17:03:59     INFO -  Processing c:\slave\test\build\tests\mozbase\mozdebug
17:03:59     INFO -  Processing c:\slave\test\build\tests\mozbase\mozdevice
17:04:00     INFO -  Processing c:\slave\test\build\tests\mozbase\mozfile
17:04:00     INFO -  Processing c:\slave\test\build\tests\mozbase\mozhttpd
17:04:00     INFO -  Processing c:\slave\test\build\tests\mozbase\mozinfo
17:04:00     INFO -  Processing c:\slave\test\build\tests\mozbase\mozinstall
17:04:01     INFO -  Processing c:\slave\test\build\tests\mozbase\mozleak
17:04:01     INFO -  Processing c:\slave\test\build\tests\mozbase\mozlog
17:04:01     INFO -  Processing c:\slave\test\build\tests\mozbase\moznetwork
17:04:01     INFO -  Processing c:\slave\test\build\tests\mozbase\mozprocess
17:04:02     INFO -  Processing c:\slave\test\build\tests\mozbase\mozprofile
17:04:02     INFO -  Processing c:\slave\test\build\tests\mozbase\mozrunner
17:04:02     INFO -  Processing c:\slave\test\build\tests\mozbase\mozscreenshot
17:04:02     INFO -  Processing c:\slave\test\build\tests\mozbase\moztest
17:04:03     INFO -  Processing c:\slave\test\build\tests\mozbase\mozversion
17:04:03     INFO -  Installing collected packages: manifestparser, mozcrash, mozdebug, mozdevice, mozfile, mozhttpd, mozinfo, mozInstall, mozleak, mozlog, moznetwork, mozprocess, mozprofile, mozrunner, mozscreenshot, moztest, mozversion
17:04:03     INFO -    Running setup.py install for manifestparser: started
17:04:04     INFO -      Running setup.py install for manifestparser: finished with status 'done'
17:04:04     INFO -    Running setup.py install for mozcrash: started
17:04:05     INFO -      Running setup.py install for mozcrash: finished with status 'done'
17:04:05     INFO -    Running setup.py install for mozdebug: started
17:04:05     INFO -      Running setup.py install for mozdebug: finished with status 'done'
17:04:05     INFO -    Running setup.py install for mozdevice: started
17:04:06     INFO -      Running setup.py install for mozdevice: finished with status 'done'
17:04:06     INFO -    Running setup.py install for mozfile: started
17:04:06     INFO -      Running setup.py install for mozfile: finished with status 'done'
17:04:07     INFO -    Running setup.py install for mozhttpd: started
17:04:07     INFO -      Running setup.py install for mozhttpd: finished with status 'done'
17:04:07     INFO -    Running setup.py install for mozinfo: started
17:04:07     INFO -      Running setup.py install for mozinfo: finished with status 'done'
17:04:08     INFO -    Running setup.py install for mozInstall: started
17:04:08     INFO -      Running setup.py install for mozInstall: finished with status 'done'
17:04:08     INFO -    Running setup.py install for mozleak: started
17:04:08     INFO -      Running setup.py install for mozleak: finished with status 'done'
17:04:09     INFO -    Running setup.py install for mozlog: started
17:04:09     INFO -      Running setup.py install for mozlog: finished with status 'done'
17:04:10     INFO -    Running setup.py install for moznetwork: started
17:04:10     INFO -      Running setup.py install for moznetwork: finished with status 'done'
17:04:10     INFO -    Running setup.py install for mozprocess: started
17:04:11     INFO -      Running setup.py install for mozprocess: finished with status 'done'
17:04:11     INFO -    Running setup.py install for mozprofile: started
17:04:11     INFO -      Running setup.py install for mozprofile: finished with status 'done'
17:04:12     INFO -    Running setup.py install for mozrunner: started
17:04:12     INFO -      Running setup.py install for mozrunner: finished with status 'done'
17:04:13     INFO -    Running setup.py install for mozscreenshot: started
17:04:13     INFO -      Running setup.py install for mozscreenshot: finished with status 'done'
17:04:13     INFO -    Running setup.py install for moztest: started
17:04:13     INFO -      Running setup.py install for moztest: finished with status 'done'
17:04:14     INFO -    Running setup.py install for mozversion: started
17:04:14     INFO -      Running setup.py install for mozversion: finished with status 'done'
17:04:15     INFO -  Successfully installed manifestparser-1.1 mozInstall-1.12 mozcrash-1.0 mozdebug-0.1 mozdevice-0.48 mozfile-1.2 mozhttpd-0.7 mozinfo-0.9 mozleak-0.1 mozlog-3.4 moznetwork-0.27 mozprocess-0.23 mozprofile-0.28 mozrunner-6.13 mozscreenshot-0.1 moztest-0.8 mozversion-1.4
17:04:15     INFO - Return code: 0
17:04:15     INFO - Installing None into virtualenv C:\slave\test\build\venv
17:04:15     INFO - retry: Calling run_command with args: [['C:\\slave\\test\\build\\venv\\Scripts\\pip', 'install', '--timeout', '120', '-r', 'C:\\slave\\test\\build\\tests\\config\\mozbase_requirements.txt', '--no-index', '--find-links', 'http://pypi.pvt.build.mozilla.org/pub', '--find-links', 'http://pypi.pub.build.mozilla.org/pub', '--trusted-host', 'pypi.pub.build.mozilla.org', '--trusted-host', 'pypi.pvt.build.mozilla.org']], kwargs: {'error_level': 'warning', 'error_list': [{'substr': 'not found or a compiler error:', 'level': 'warning'}, {'regex': <_sre.SRE_Pattern object at 0x023023A0>, 'level': 'error'}, {'regex': <_sre.SRE_Pattern object at 0x023F3020>, 'level': 'warning'}, {'regex': <_sre.SRE_Pattern object at 0x02429238>, 'level': 'debug'}, {'substr': 'command not found', 'level': 'error'}, {'regex': <_sre.SRE_Pattern object at 0x023A4758>, 'level': 'warning'}, {'substr': 'Traceback (most recent call last)', 'level': 'error'}, {'substr': 'SyntaxError: ', 'level': 'error'}, {'substr': 'TypeError: ', 'level': 'error'}, {'substr': 'NameError: ', 'level': 'error'}, {'substr': 'ZeroDivisionError: ', 'level': 'error'}, {'regex': <_sre.SRE_Pattern object at 0x01E0AB20>, 'level': 'critical'}, {'regex': <_sre.SRE_Pattern object at 0x023C3660>, 'level': 'critical'}], 'cwd': 'C:\\slave\\test\\build\\tests\\config', 'env': {'TMP': 'C:\\Users\\CLTBLD~1.001\\AppData\\Local\\Temp', 'TEST1': 'testie', 'COMPUTERNAME': 'T-W864-IX-062', 'USERDOMAIN': 'T-W864-IX-062', 'KTS_VERSION': '1.19c', 'PSMODULEPATH': 'C:\\windows\\system32\\WindowsPowerShell\\v1.0\\Modules\\', 'COMMONPROGRAMFILES': 'C:\\Program Files (x86)\\Common Files', 'PROCESSOR_IDENTIFIER': 'Intel64 Family 6 Model 30 Stepping 5, GenuineIntel', 'PROGRAMFILES': 'C:\\Program Files (x86)', 'PROCESSOR_REVISION': '1e05', 'DNSSUFFIX': 'wintest.releng.scl3.mozilla.com', 'SYSTEMROOT': 'C:\\windows', 'NO_EM_RESTART': '1', 'PROGRAMFILES(X86)': 'C:\\Program Files (x86)', 'OURDRIVE': 'C:', 'MOZ_HIDE_RESULTS_TABLE': '1', 'XPCOM_DEBUG_BREAK': 'warn', 'MONDIR': 'C:\\Monitor_config\\', 'TEMP': 'C:\\Users\\CLTBLD~1.001\\AppData\\Local\\Temp', 'COMMONPROGRAMFILES(X86)': 'C:\\Program Files (x86)\\Common Files', 'RUNLOGFILE': 'C:\\slave\\\\runslave.log', 'PROCESSOR_ARCHITECTURE': 'x86', 'ALLUSERSPROFILE': 'C:\\ProgramData', 'USERPROFILE': 'C:\\Users\\cltbld.T-W864-IX-062.001', 'LOCALAPPDATA': 'C:\\Users\\cltbld.T-W864-IX-062.001\\AppData\\Local', 'HOMEPATH': '\\Users\\cltbld.T-W864-IX-062.001', 'USERDOMAIN_ROAMINGPROFILE': 'T-W864-IX-062', 'MOZBUILDDIR': 'C:\\mozilla-build\\', 'PROGRAMW6432': 'C:\\Program Files', 'USERNAME': 'cltbld', 'LOGONSERVER': '\\\\T-W864-IX-062', 'MOZ_NO_REMOTE': '1', 'COMSPEC': 'C:\\windows\\system32\\cmd.exe', 'PROGRAMDATA': 'C:\\ProgramData', 'PROPERTIES_FILE': 'C:\\slave\\test/buildprops.json', 'PATH': 'C:\\Program Files (x86)\\NVIDIA Corporation\\PhysX\\Common;C:\\windows\\system32;C:\\windows;C:\\windows\\System32\\Wbem;C:\\windows\\System32\\WindowsPowerShell\\v1.0\\;C:\\mozilla-build\\python27;C:\\mozilla-build\\python27\\Scripts;C:\\mozilla-build\\msys\\bin;C:\\mozilla-build\\vim\\vim72;C:\\mozilla-build\\wget;C:\\mozilla-build\\info-zip;C:\\CoreUtils\\bin;C:\\mozilla-build\\buildbotve\\scripts;C:\\mozilla-build\\hg', 'PROMPT': '$P$G', 'NO_FAIL_ON_TEST_ERRORS': '1', 'PATHEXT': '.COM;.EXE;.BAT;.CMD;.VBS;.VBE;.JS;.JSE;.WSF;.WSH;.MSC', 'FP_NO_HOST_CHECK': 'NO', 'DCLOCATION': 'SCL3', 'APPDATA': 'C:\\Users\\cltbld.T-W864-IX-062.001\\AppData\\Roaming', 'HOMEDRIVE': 'C:', 'SYSTEMDRIVE': 'C:', 'SLAVEDIR': 'C:\\slave\\', 'NUMBER_OF_PROCESSORS': '8', 'PWD': 'C:\\slave\\test', 'PROCESSOR_LEVEL': '6', 'KTS_HOME': 'C:\\Program Files\\KTS', 'PROCESSOR_ARCHITEW6432': 'AMD64', 'MOZ_CRASHREPORTER_NO_REPORT': '1', 'COMMONPROGRAMW6432': 'C:\\Program Files\\Common Files', 'OS': 'Windows_NT', 'PUBLIC': 'C:\\Users\\Public', 'WINDIR': 'C:\\windows'}}, attempt #1
17:04:15     INFO - Running command: ['C:\\slave\\test\\build\\venv\\Scripts\\pip', 'install', '--timeout', '120', '-r', 'C:\\slave\\test\\build\\tests\\config\\mozbase_requirements.txt', '--no-index', '--find-links', 'http://pypi.pvt.build.mozilla.org/pub', '--find-links', 'http://pypi.pub.build.mozilla.org/pub', '--trusted-host', 'pypi.pub.build.mozilla.org', '--trusted-host', 'pypi.pvt.build.mozilla.org'] in C:\slave\test\build\tests\config
17:04:15     INFO - Copy/paste: C:\slave\test\build\venv\Scripts\pip install --timeout 120 -r C:\slave\test\build\tests\config\mozbase_requirements.txt --no-index --find-links http://pypi.pvt.build.mozilla.org/pub --find-links http://pypi.pub.build.mozilla.org/pub --trusted-host pypi.pub.build.mozilla.org --trusted-host pypi.pvt.build.mozilla.org
17:04:15     INFO - Using env: {'ALLUSERSPROFILE': 'C:\\ProgramData',
17:04:15     INFO -  'APPDATA': 'C:\\Users\\cltbld.T-W864-IX-062.001\\AppData\\Roaming',
17:04:15     INFO -  'COMMONPROGRAMFILES': 'C:\\Program Files (x86)\\Common Files',
17:04:15     INFO -  'COMMONPROGRAMFILES(X86)': 'C:\\Program Files (x86)\\Common Files',
17:04:15     INFO -  'COMMONPROGRAMW6432': 'C:\\Program Files\\Common Files',
17:04:15     INFO -  'COMPUTERNAME': 'T-W864-IX-062',
17:04:15     INFO -  'COMSPEC': 'C:\\windows\\system32\\cmd.exe',
17:04:15     INFO -  'DCLOCATION': 'SCL3',
17:04:15     INFO -  'DNSSUFFIX': 'wintest.releng.scl3.mozilla.com',
17:04:15     INFO -  'FP_NO_HOST_CHECK': 'NO',
17:04:15     INFO -  'HOMEDRIVE': 'C:',
17:04:15     INFO -  'HOMEPATH': '\\Users\\cltbld.T-W864-IX-062.001',
17:04:15     INFO -  'KTS_HOME': 'C:\\Program Files\\KTS',
17:04:15     INFO -  'KTS_VERSION': '1.19c',
17:04:15     INFO -  'LOCALAPPDATA': 'C:\\Users\\cltbld.T-W864-IX-062.001\\AppData\\Local',
17:04:15     INFO -  'LOGONSERVER': '\\\\T-W864-IX-062',
17:04:15     INFO -  'MONDIR': 'C:\\Monitor_config\\',
17:04:15     INFO -  'MOZBUILDDIR': 'C:\\mozilla-build\\',
17:04:15     INFO -  'MOZ_CRASHREPORTER_NO_REPORT': '1',
17:04:15     INFO -  'MOZ_HIDE_RESULTS_TABLE': '1',
17:04:15     INFO -  'MOZ_NO_REMOTE': '1',
17:04:15     INFO -  'NO_EM_RESTART': '1',
17:04:15     INFO -  'NO_FAIL_ON_TEST_ERRORS': '1',
17:04:15     INFO -  'NUMBER_OF_PROCESSORS': '8',
17:04:15     INFO -  'OS': 'Windows_NT',
17:04:15     INFO -  'OURDRIVE': 'C:',
17:04:15     INFO -  'PATH': 'C:\\Program Files (x86)\\NVIDIA Corporation\\PhysX\\Common;C:\\windows\\system32;C:\\windows;C:\\windows\\System32\\Wbem;C:\\windows\\System32\\WindowsPowerShell\\v1.0\\;C:\\mozilla-build\\python27;C:\\mozilla-build\\python27\\Scripts;C:\\mozilla-build\\msys\\bin;C:\\mozilla-build\\vim\\vim72;C:\\mozilla-build\\wget;C:\\mozilla-build\\info-zip;C:\\CoreUtils\\bin;C:\\mozilla-build\\buildbotve\\scripts;C:\\mozilla-build\\hg',
17:04:15     INFO -  'PATHEXT': '.COM;.EXE;.BAT;.CMD;.VBS;.VBE;.JS;.JSE;.WSF;.WSH;.MSC',
17:04:15     INFO -  'PROCESSOR_ARCHITECTURE': 'x86',
17:04:15     INFO -  'PROCESSOR_ARCHITEW6432': 'AMD64',
17:04:15     INFO -  'PROCESSOR_IDENTIFIER': 'Intel64 Family 6 Model 30 Stepping 5, GenuineIntel',
17:04:15     INFO -  'PROCESSOR_LEVEL': '6',
17:04:15     INFO -  'PROCESSOR_REVISION': '1e05',
17:04:15     INFO -  'PROGRAMDATA': 'C:\\ProgramData',
17:04:15     INFO -  'PROGRAMFILES': 'C:\\Program Files (x86)',
17:04:15     INFO -  'PROGRAMFILES(X86)': 'C:\\Program Files (x86)',
17:04:15     INFO -  'PROGRAMW6432': 'C:\\Program Files',
17:04:15     INFO -  'PROMPT': '$P$G',
17:04:15     INFO -  'PROPERTIES_FILE': 'C:\\slave\\test/buildprops.json',
17:04:15     INFO -  'PSMODULEPATH': 'C:\\windows\\system32\\WindowsPowerShell\\v1.0\\Modules\\',
17:04:15     INFO -  'PUBLIC': 'C:\\Users\\Public',
17:04:15     INFO -  'PWD': 'C:\\slave\\test',
17:04:15     INFO -  'RUNLOGFILE': 'C:\\slave\\\\runslave.log',
17:04:15     INFO -  'SLAVEDIR': 'C:\\slave\\',
17:04:15     INFO -  'SYSTEMDRIVE': 'C:',
17:04:15     INFO -  'SYSTEMROOT': 'C:\\windows',
17:04:15     INFO -  'TEMP': 'C:\\Users\\CLTBLD~1.001\\AppData\\Local\\Temp',
17:04:15     INFO -  'TEST1': 'testie',
17:04:15     INFO -  'TMP': 'C:\\Users\\CLTBLD~1.001\\AppData\\Local\\Temp',
17:04:15     INFO -  'USERDOMAIN': 'T-W864-IX-062',
17:04:15     INFO -  'USERDOMAIN_ROAMINGPROFILE': 'T-W864-IX-062',
17:04:15     INFO -  'USERNAME': 'cltbld',
17:04:15     INFO -  'USERPROFILE': 'C:\\Users\\cltbld.T-W864-IX-062.001',
17:04:15     INFO -  'WINDIR': 'C:\\windows',
17:04:15     INFO -  'XPCOM_DEBUG_BREAK': 'warn'}
17:04:15     INFO -  Ignoring indexes: https://pypi.python.org/simple
17:04:15     INFO -  Processing c:\slave\test\build\tests\mozbase\manifestparser
17:04:15     INFO -    Requirement already satisfied (use --upgrade to upgrade): manifestparser==1.1 from file:///C:/slave/test/build/tests/mozbase/manifestparser in c:\slave\test\build\venv\lib\site-packages (from -r C:\slave\test\build\tests\config\mozbase_requirements.txt (line 1))
17:04:15     INFO -  Processing c:\slave\test\build\tests\mozbase\mozcrash
17:04:16     INFO -    Requirement already satisfied (use --upgrade to upgrade): mozcrash==1.0 from file:///C:/slave/test/build/tests/mozbase/mozcrash in c:\slave\test\build\venv\lib\site-packages (from -r C:\slave\test\build\tests\config\mozbase_requirements.txt (line 2))
17:04:16     INFO -  Processing c:\slave\test\build\tests\mozbase\mozdebug
17:04:16     INFO -    Requirement already satisfied (use --upgrade to upgrade): mozdebug==0.1 from file:///C:/slave/test/build/tests/mozbase/mozdebug in c:\slave\test\build\venv\lib\site-packages (from -r C:\slave\test\build\tests\config\mozbase_requirements.txt (line 3))
17:04:16     INFO -  Processing c:\slave\test\build\tests\mozbase\mozdevice
17:04:16     INFO -    Requirement already satisfied (use --upgrade to upgrade): mozdevice==0.48 from file:///C:/slave/test/build/tests/mozbase/mozdevice in c:\slave\test\build\venv\lib\site-packages (from -r C:\slave\test\build\tests\config\mozbase_requirements.txt (line 4))
17:04:16     INFO -  Processing c:\slave\test\build\tests\mozbase\mozfile
17:04:16     INFO -    Requirement already satisfied (use --upgrade to upgrade): mozfile==1.2 from file:///C:/slave/test/build/tests/mozbase/mozfile in c:\slave\test\build\venv\lib\site-packages (from -r C:\slave\test\build\tests\config\mozbase_requirements.txt (line 5))
17:04:16     INFO -  Processing c:\slave\test\build\tests\mozbase\mozhttpd
17:04:17     INFO -    Requirement already satisfied (use --upgrade to upgrade): mozhttpd==0.7 from file:///C:/slave/test/build/tests/mozbase/mozhttpd in c:\slave\test\build\venv\lib\site-packages (from -r C:\slave\test\build\tests\config\mozbase_requirements.txt (line 6))
17:04:17     INFO -  Processing c:\slave\test\build\tests\mozbase\mozinfo
17:04:17     INFO -    Requirement already satisfied (use --upgrade to upgrade): mozinfo==0.9 from file:///C:/slave/test/build/tests/mozbase/mozinfo in c:\slave\test\build\venv\lib\site-packages (from -r C:\slave\test\build\tests\config\mozbase_requirements.txt (line 7))
17:04:17     INFO -  Processing c:\slave\test\build\tests\mozbase\mozinstall
17:04:17     INFO -    Requirement already satisfied (use --upgrade to upgrade): mozInstall==1.12 from file:///C:/slave/test/build/tests/mozbase/mozinstall in c:\slave\test\build\venv\lib\site-packages (from -r C:\slave\test\build\tests\config\mozbase_requirements.txt (line 8))
17:04:17     INFO -  Processing c:\slave\test\build\tests\mozbase\mozleak
17:04:18     INFO -    Requirement already satisfied (use --upgrade to upgrade): mozleak==0.1 from file:///C:/slave/test/build/tests/mozbase/mozleak in c:\slave\test\build\venv\lib\site-packages (from -r C:\slave\test\build\tests\config\mozbase_requirements.txt (line 9))
17:04:18     INFO -  Processing c:\slave\test\build\tests\mozbase\mozlog
17:04:18     INFO -    Requirement already satisfied (use --upgrade to upgrade): mozlog==3.4 from file:///C:/slave/test/build/tests/mozbase/mozlog in c:\slave\test\build\venv\lib\site-packages (from -r C:\slave\test\build\tests\config\mozbase_requirements.txt (line 10))
17:04:18     INFO -  Processing c:\slave\test\build\tests\mozbase\moznetwork
17:04:18     INFO -    Requirement already satisfied (use --upgrade to upgrade): moznetwork==0.27 from file:///C:/slave/test/build/tests/mozbase/moznetwork in c:\slave\test\build\venv\lib\site-packages (from -r C:\slave\test\build\tests\config\mozbase_requirements.txt (line 11))
17:04:18     INFO -  Processing c:\slave\test\build\tests\mozbase\mozprocess
17:04:18     INFO -    Requirement already satisfied (use --upgrade to upgrade): mozprocess==0.23 from file:///C:/slave/test/build/tests/mozbase/mozprocess in c:\slave\test\build\venv\lib\site-packages (from -r C:\slave\test\build\tests\config\mozbase_requirements.txt (line 12))
17:04:18     INFO -  Processing c:\slave\test\build\tests\mozbase\mozprofile
17:04:19     INFO -    Requirement already satisfied (use --upgrade to upgrade): mozprofile==0.28 from file:///C:/slave/test/build/tests/mozbase/mozprofile in c:\slave\test\build\venv\lib\site-packages (from -r C:\slave\test\build\tests\config\mozbase_requirements.txt (line 13))
17:04:19     INFO -  Processing c:\slave\test\build\tests\mozbase\mozrunner
17:04:19     INFO -    Requirement already satisfied (use --upgrade to upgrade): mozrunner==6.13 from file:///C:/slave/test/build/tests/mozbase/mozrunner in c:\slave\test\build\venv\lib\site-packages (from -r C:\slave\test\build\tests\config\mozbase_requirements.txt (line 14))
17:04:19     INFO -  Processing c:\slave\test\build\tests\mozbase\mozscreenshot
17:04:19     INFO -    Requirement already satisfied (use --upgrade to upgrade): mozscreenshot==0.1 from file:///C:/slave/test/build/tests/mozbase/mozscreenshot in c:\slave\test\build\venv\lib\site-packages (from -r C:\slave\test\build\tests\config\mozbase_requirements.txt (line 15))
17:04:19     INFO -  Processing c:\slave\test\build\tests\mozbase\moztest
17:04:20     INFO -    Requirement already satisfied (use --upgrade to upgrade): moztest==0.8 from file:///C:/slave/test/build/tests/mozbase/moztest in c:\slave\test\build\venv\lib\site-packages (from -r C:\slave\test\build\tests\config\mozbase_requirements.txt (line 16))
17:04:20     INFO -  Processing c:\slave\test\build\tests\mozbase\mozversion
17:04:20     INFO -    Requirement already satisfied (use --upgrade to upgrade): mozversion==1.4 from file:///C:/slave/test/build/tests/mozbase/mozversion in c:\slave\test\build\venv\lib\site-packages (from -r C:\slave\test\build\tests\config\mozbase_requirements.txt (line 17))
17:04:20     INFO -  Requirement already satisfied (use --upgrade to upgrade): mozfile>=1.0 in c:\slave\test\build\venv\lib\site-packages (from mozcrash==1.0->-r C:\slave\test\build\tests\config\mozbase_requirements.txt (line 2))
17:04:20     INFO -  Requirement already satisfied (use --upgrade to upgrade): mozlog>=3.0 in c:\slave\test\build\venv\lib\site-packages (from mozcrash==1.0->-r C:\slave\test\build\tests\config\mozbase_requirements.txt (line 2))
17:04:20     INFO -  Requirement already satisfied (use --upgrade to upgrade): mozinfo in c:\slave\test\build\venv\lib\site-packages (from mozdebug==0.1->-r C:\slave\test\build\tests\config\mozbase_requirements.txt (line 3))
17:04:20     INFO -  Requirement already satisfied (use --upgrade to upgrade): moznetwork>=0.24 in c:\slave\test\build\venv\lib\site-packages (from mozdevice==0.48->-r C:\slave\test\build\tests\config\mozbase_requirements.txt (line 4))
17:04:20     INFO -  Requirement already satisfied (use --upgrade to upgrade): mozprocess>=0.19 in c:\slave\test\build\venv\lib\site-packages (from mozdevice==0.48->-r C:\slave\test\build\tests\config\mozbase_requirements.txt (line 4))
17:04:20     INFO -  Collecting blessings>=1.3 (from mozlog==3.4->-r C:\slave\test\build\tests\config\mozbase_requirements.txt (line 10))
17:04:21     INFO -  Installing collected packages: blessings
17:04:21     INFO -  Successfully installed blessings-1.6
17:04:24     INFO - Return code: 0
17:04:24     INFO - Installing pip>=1.5 into virtualenv C:\slave\test\build\venv
17:04:24     INFO - retry: Calling run_command with args: [['C:\\slave\\test\\build\\venv\\Scripts\\pip', 'install', '--timeout', '120', '--no-index', '--find-links', 'http://pypi.pvt.build.mozilla.org/pub', '--find-links', 'http://pypi.pub.build.mozilla.org/pub', '--trusted-host', 'pypi.pub.build.mozilla.org', '--trusted-host', 'pypi.pvt.build.mozilla.org', 'pip>=1.5']], kwargs: {'error_level': 'warning', 'error_list': [{'substr': 'not found or a compiler error:', 'level': 'warning'}, {'regex': <_sre.SRE_Pattern object at 0x023023A0>, 'level': 'error'}, {'regex': <_sre.SRE_Pattern object at 0x023F3020>, 'level': 'warning'}, {'regex': <_sre.SRE_Pattern object at 0x02429238>, 'level': 'debug'}, {'substr': 'command not found', 'level': 'error'}, {'regex': <_sre.SRE_Pattern object at 0x023A4758>, 'level': 'warning'}, {'substr': 'Traceback (most recent call last)', 'level': 'error'}, {'substr': 'SyntaxError: ', 'level': 'error'}, {'substr': 'TypeError: ', 'level': 'error'}, {'substr': 'NameError: ', 'level': 'error'}, {'substr': 'ZeroDivisionError: ', 'level': 'error'}, {'regex': <_sre.SRE_Pattern object at 0x01E0AB20>, 'level': 'critical'}, {'regex': <_sre.SRE_Pattern object at 0x023C3660>, 'level': 'critical'}], 'cwd': 'C:\\slave\\test\\build', 'env': {'TMP': 'C:\\Users\\CLTBLD~1.001\\AppData\\Local\\Temp', 'TEST1': 'testie', 'COMPUTERNAME': 'T-W864-IX-062', 'USERDOMAIN': 'T-W864-IX-062', 'KTS_VERSION': '1.19c', 'PSMODULEPATH': 'C:\\windows\\system32\\WindowsPowerShell\\v1.0\\Modules\\', 'COMMONPROGRAMFILES': 'C:\\Program Files (x86)\\Common Files', 'PROCESSOR_IDENTIFIER': 'Intel64 Family 6 Model 30 Stepping 5, GenuineIntel', 'PROGRAMFILES': 'C:\\Program Files (x86)', 'PROCESSOR_REVISION': '1e05', 'DNSSUFFIX': 'wintest.releng.scl3.mozilla.com', 'SYSTEMROOT': 'C:\\windows', 'NO_EM_RESTART': '1', 'PROGRAMFILES(X86)': 'C:\\Program Files (x86)', 'OURDRIVE': 'C:', 'MOZ_HIDE_RESULTS_TABLE': '1', 'XPCOM_DEBUG_BREAK': 'warn', 'MONDIR': 'C:\\Monitor_config\\', 'TEMP': 'C:\\Users\\CLTBLD~1.001\\AppData\\Local\\Temp', 'COMMONPROGRAMFILES(X86)': 'C:\\Program Files (x86)\\Common Files', 'RUNLOGFILE': 'C:\\slave\\\\runslave.log', 'PROCESSOR_ARCHITECTURE': 'x86', 'ALLUSERSPROFILE': 'C:\\ProgramData', 'USERPROFILE': 'C:\\Users\\cltbld.T-W864-IX-062.001', 'LOCALAPPDATA': 'C:\\Users\\cltbld.T-W864-IX-062.001\\AppData\\Local', 'HOMEPATH': '\\Users\\cltbld.T-W864-IX-062.001', 'USERDOMAIN_ROAMINGPROFILE': 'T-W864-IX-062', 'MOZBUILDDIR': 'C:\\mozilla-build\\', 'PROGRAMW6432': 'C:\\Program Files', 'USERNAME': 'cltbld', 'LOGONSERVER': '\\\\T-W864-IX-062', 'MOZ_NO_REMOTE': '1', 'COMSPEC': 'C:\\windows\\system32\\cmd.exe', 'PROGRAMDATA': 'C:\\ProgramData', 'PROPERTIES_FILE': 'C:\\slave\\test/buildprops.json', 'PATH': 'C:\\Program Files (x86)\\NVIDIA Corporation\\PhysX\\Common;C:\\windows\\system32;C:\\windows;C:\\windows\\System32\\Wbem;C:\\windows\\System32\\WindowsPowerShell\\v1.0\\;C:\\mozilla-build\\python27;C:\\mozilla-build\\python27\\Scripts;C:\\mozilla-build\\msys\\bin;C:\\mozilla-build\\vim\\vim72;C:\\mozilla-build\\wget;C:\\mozilla-build\\info-zip;C:\\CoreUtils\\bin;C:\\mozilla-build\\buildbotve\\scripts;C:\\mozilla-build\\hg', 'PROMPT': '$P$G', 'NO_FAIL_ON_TEST_ERRORS': '1', 'PATHEXT': '.COM;.EXE;.BAT;.CMD;.VBS;.VBE;.JS;.JSE;.WSF;.WSH;.MSC', 'FP_NO_HOST_CHECK': 'NO', 'DCLOCATION': 'SCL3', 'APPDATA': 'C:\\Users\\cltbld.T-W864-IX-062.001\\AppData\\Roaming', 'HOMEDRIVE': 'C:', 'SYSTEMDRIVE': 'C:', 'SLAVEDIR': 'C:\\slave\\', 'NUMBER_OF_PROCESSORS': '8', 'PWD': 'C:\\slave\\test', 'PROCESSOR_LEVEL': '6', 'KTS_HOME': 'C:\\Program Files\\KTS', 'PROCESSOR_ARCHITEW6432': 'AMD64', 'MOZ_CRASHREPORTER_NO_REPORT': '1', 'COMMONPROGRAMW6432': 'C:\\Program Files\\Common Files', 'OS': 'Windows_NT', 'PUBLIC': 'C:\\Users\\Public', 'WINDIR': 'C:\\windows'}}, attempt #1
17:04:24     INFO - Running command: ['C:\\slave\\test\\build\\venv\\Scripts\\pip', 'install', '--timeout', '120', '--no-index', '--find-links', 'http://pypi.pvt.build.mozilla.org/pub', '--find-links', 'http://pypi.pub.build.mozilla.org/pub', '--trusted-host', 'pypi.pub.build.mozilla.org', '--trusted-host', 'pypi.pvt.build.mozilla.org', 'pip>=1.5'] in C:\slave\test\build
17:04:25     INFO - Copy/paste: C:\slave\test\build\venv\Scripts\pip install --timeout 120 --no-index --find-links http://pypi.pvt.build.mozilla.org/pub --find-links http://pypi.pub.build.mozilla.org/pub --trusted-host pypi.pub.build.mozilla.org --trusted-host pypi.pvt.build.mozilla.org pip>=1.5
17:04:25     INFO - Using env: {'ALLUSERSPROFILE': 'C:\\ProgramData',
17:04:25     INFO -  'APPDATA': 'C:\\Users\\cltbld.T-W864-IX-062.001\\AppData\\Roaming',
17:04:25     INFO -  'COMMONPROGRAMFILES': 'C:\\Program Files (x86)\\Common Files',
17:04:25     INFO -  'COMMONPROGRAMFILES(X86)': 'C:\\Program Files (x86)\\Common Files',
17:04:25     INFO -  'COMMONPROGRAMW6432': 'C:\\Program Files\\Common Files',
17:04:25     INFO -  'COMPUTERNAME': 'T-W864-IX-062',
17:04:25     INFO -  'COMSPEC': 'C:\\windows\\system32\\cmd.exe',
17:04:25     INFO -  'DCLOCATION': 'SCL3',
17:04:25     INFO -  'DNSSUFFIX': 'wintest.releng.scl3.mozilla.com',
17:04:25     INFO -  'FP_NO_HOST_CHECK': 'NO',
17:04:25     INFO -  'HOMEDRIVE': 'C:',
17:04:25     INFO -  'HOMEPATH': '\\Users\\cltbld.T-W864-IX-062.001',
17:04:25     INFO -  'KTS_HOME': 'C:\\Program Files\\KTS',
17:04:25     INFO -  'KTS_VERSION': '1.19c',
17:04:25     INFO -  'LOCALAPPDATA': 'C:\\Users\\cltbld.T-W864-IX-062.001\\AppData\\Local',
17:04:25     INFO -  'LOGONSERVER': '\\\\T-W864-IX-062',
17:04:25     INFO -  'MONDIR': 'C:\\Monitor_config\\',
17:04:25     INFO -  'MOZBUILDDIR': 'C:\\mozilla-build\\',
17:04:25     INFO -  'MOZ_CRASHREPORTER_NO_REPORT': '1',
17:04:25     INFO -  'MOZ_HIDE_RESULTS_TABLE': '1',
17:04:25     INFO -  'MOZ_NO_REMOTE': '1',
17:04:25     INFO -  'NO_EM_RESTART': '1',
17:04:25     INFO -  'NO_FAIL_ON_TEST_ERRORS': '1',
17:04:25     INFO -  'NUMBER_OF_PROCESSORS': '8',
17:04:25     INFO -  'OS': 'Windows_NT',
17:04:25     INFO -  'OURDRIVE': 'C:',
17:04:25     INFO -  'PATH': 'C:\\Program Files (x86)\\NVIDIA Corporation\\PhysX\\Common;C:\\windows\\system32;C:\\windows;C:\\windows\\System32\\Wbem;C:\\windows\\System32\\WindowsPowerShell\\v1.0\\;C:\\mozilla-build\\python27;C:\\mozilla-build\\python27\\Scripts;C:\\mozilla-build\\msys\\bin;C:\\mozilla-build\\vim\\vim72;C:\\mozilla-build\\wget;C:\\mozilla-build\\info-zip;C:\\CoreUtils\\bin;C:\\mozilla-build\\buildbotve\\scripts;C:\\mozilla-build\\hg',
17:04:25     INFO -  'PATHEXT': '.COM;.EXE;.BAT;.CMD;.VBS;.VBE;.JS;.JSE;.WSF;.WSH;.MSC',
17:04:25     INFO -  'PROCESSOR_ARCHITECTURE': 'x86',
17:04:25     INFO -  'PROCESSOR_ARCHITEW6432': 'AMD64',
17:04:25     INFO -  'PROCESSOR_IDENTIFIER': 'Intel64 Family 6 Model 30 Stepping 5, GenuineIntel',
17:04:25     INFO -  'PROCESSOR_LEVEL': '6',
17:04:25     INFO -  'PROCESSOR_REVISION': '1e05',
17:04:25     INFO -  'PROGRAMDATA': 'C:\\ProgramData',
17:04:25     INFO -  'PROGRAMFILES': 'C:\\Program Files (x86)',
17:04:25     INFO -  'PROGRAMFILES(X86)': 'C:\\Program Files (x86)',
17:04:25     INFO -  'PROGRAMW6432': 'C:\\Program Files',
17:04:25     INFO -  'PROMPT': '$P$G',
17:04:25     INFO -  'PROPERTIES_FILE': 'C:\\slave\\test/buildprops.json',
17:04:25     INFO -  'PSMODULEPATH': 'C:\\windows\\system32\\WindowsPowerShell\\v1.0\\Modules\\',
17:04:25     INFO -  'PUBLIC': 'C:\\Users\\Public',
17:04:25     INFO -  'PWD': 'C:\\slave\\test',
17:04:25     INFO -  'RUNLOGFILE': 'C:\\slave\\\\runslave.log',
17:04:25     INFO -  'SLAVEDIR': 'C:\\slave\\',
17:04:25     INFO -  'SYSTEMDRIVE': 'C:',
17:04:25     INFO -  'SYSTEMROOT': 'C:\\windows',
17:04:25     INFO -  'TEMP': 'C:\\Users\\CLTBLD~1.001\\AppData\\Local\\Temp',
17:04:25     INFO -  'TEST1': 'testie',
17:04:25     INFO -  'TMP': 'C:\\Users\\CLTBLD~1.001\\AppData\\Local\\Temp',
17:04:25     INFO -  'USERDOMAIN': 'T-W864-IX-062',
17:04:25     INFO -  'USERDOMAIN_ROAMINGPROFILE': 'T-W864-IX-062',
17:04:25     INFO -  'USERNAME': 'cltbld',
17:04:25     INFO -  'USERPROFILE': 'C:\\Users\\cltbld.T-W864-IX-062.001',
17:04:25     INFO -  'WINDIR': 'C:\\windows',
17:04:25     INFO -  'XPCOM_DEBUG_BREAK': 'warn'}
17:04:25     INFO -  Ignoring indexes: https://pypi.python.org/simple
17:04:25     INFO -  Requirement already satisfied (use --upgrade to upgrade): pip>=1.5 in c:\slave\test\build\venv\lib\site-packages
17:04:25     INFO - Return code: 0
17:04:25     INFO - Installing psutil==3.1.1 into virtualenv C:\slave\test\build\venv
17:04:25     INFO - retry: Calling run_command with args: [['C:\\slave\\test\\build\\venv\\Scripts\\pip', 'install', '--timeout', '120', '--no-index', '--find-links', 'http://pypi.pvt.build.mozilla.org/pub', '--find-links', 'http://pypi.pub.build.mozilla.org/pub', '--trusted-host', 'pypi.pub.build.mozilla.org', '--trusted-host', 'pypi.pvt.build.mozilla.org', 'psutil==3.1.1']], kwargs: {'error_level': 'warning', 'error_list': [{'substr': 'not found or a compiler error:', 'level': 'warning'}, {'regex': <_sre.SRE_Pattern object at 0x023023A0>, 'level': 'error'}, {'regex': <_sre.SRE_Pattern object at 0x023F3020>, 'level': 'warning'}, {'regex': <_sre.SRE_Pattern object at 0x02429238>, 'level': 'debug'}, {'substr': 'command not found', 'level': 'error'}, {'regex': <_sre.SRE_Pattern object at 0x023A4758>, 'level': 'warning'}, {'substr': 'Traceback (most recent call last)', 'level': 'error'}, {'substr': 'SyntaxError: ', 'level': 'error'}, {'substr': 'TypeError: ', 'level': 'error'}, {'substr': 'NameError: ', 'level': 'error'}, {'substr': 'ZeroDivisionError: ', 'level': 'error'}, {'regex': <_sre.SRE_Pattern object at 0x01E0AB20>, 'level': 'critical'}, {'regex': <_sre.SRE_Pattern object at 0x023C3660>, 'level': 'critical'}], 'cwd': 'C:\\slave\\test\\build', 'env': {'TMP': 'C:\\Users\\CLTBLD~1.001\\AppData\\Local\\Temp', 'TEST1': 'testie', 'COMPUTERNAME': 'T-W864-IX-062', 'USERDOMAIN': 'T-W864-IX-062', 'KTS_VERSION': '1.19c', 'PSMODULEPATH': 'C:\\windows\\system32\\WindowsPowerShell\\v1.0\\Modules\\', 'COMMONPROGRAMFILES': 'C:\\Program Files (x86)\\Common Files', 'PROCESSOR_IDENTIFIER': 'Intel64 Family 6 Model 30 Stepping 5, GenuineIntel', 'PROGRAMFILES': 'C:\\Program Files (x86)', 'PROCESSOR_REVISION': '1e05', 'DNSSUFFIX': 'wintest.releng.scl3.mozilla.com', 'SYSTEMROOT': 'C:\\windows', 'NO_EM_RESTART': '1', 'PROGRAMFILES(X86)': 'C:\\Program Files (x86)', 'OURDRIVE': 'C:', 'MOZ_HIDE_RESULTS_TABLE': '1', 'XPCOM_DEBUG_BREAK': 'warn', 'MONDIR': 'C:\\Monitor_config\\', 'TEMP': 'C:\\Users\\CLTBLD~1.001\\AppData\\Local\\Temp', 'COMMONPROGRAMFILES(X86)': 'C:\\Program Files (x86)\\Common Files', 'RUNLOGFILE': 'C:\\slave\\\\runslave.log', 'PROCESSOR_ARCHITECTURE': 'x86', 'ALLUSERSPROFILE': 'C:\\ProgramData', 'USERPROFILE': 'C:\\Users\\cltbld.T-W864-IX-062.001', 'LOCALAPPDATA': 'C:\\Users\\cltbld.T-W864-IX-062.001\\AppData\\Local', 'HOMEPATH': '\\Users\\cltbld.T-W864-IX-062.001', 'USERDOMAIN_ROAMINGPROFILE': 'T-W864-IX-062', 'MOZBUILDDIR': 'C:\\mozilla-build\\', 'PROGRAMW6432': 'C:\\Program Files', 'USERNAME': 'cltbld', 'LOGONSERVER': '\\\\T-W864-IX-062', 'MOZ_NO_REMOTE': '1', 'COMSPEC': 'C:\\windows\\system32\\cmd.exe', 'PROGRAMDATA': 'C:\\ProgramData', 'PROPERTIES_FILE': 'C:\\slave\\test/buildprops.json', 'PATH': 'C:\\Program Files (x86)\\NVIDIA Corporation\\PhysX\\Common;C:\\windows\\system32;C:\\windows;C:\\windows\\System32\\Wbem;C:\\windows\\System32\\WindowsPowerShell\\v1.0\\;C:\\mozilla-build\\python27;C:\\mozilla-build\\python27\\Scripts;C:\\mozilla-build\\msys\\bin;C:\\mozilla-build\\vim\\vim72;C:\\mozilla-build\\wget;C:\\mozilla-build\\info-zip;C:\\CoreUtils\\bin;C:\\mozilla-build\\buildbotve\\scripts;C:\\mozilla-build\\hg', 'PROMPT': '$P$G', 'NO_FAIL_ON_TEST_ERRORS': '1', 'PATHEXT': '.COM;.EXE;.BAT;.CMD;.VBS;.VBE;.JS;.JSE;.WSF;.WSH;.MSC', 'FP_NO_HOST_CHECK': 'NO', 'DCLOCATION': 'SCL3', 'APPDATA': 'C:\\Users\\cltbld.T-W864-IX-062.001\\AppData\\Roaming', 'HOMEDRIVE': 'C:', 'SYSTEMDRIVE': 'C:', 'SLAVEDIR': 'C:\\slave\\', 'NUMBER_OF_PROCESSORS': '8', 'PWD': 'C:\\slave\\test', 'PROCESSOR_LEVEL': '6', 'KTS_HOME': 'C:\\Program Files\\KTS', 'PROCESSOR_ARCHITEW6432': 'AMD64', 'MOZ_CRASHREPORTER_NO_REPORT': '1', 'COMMONPROGRAMW6432': 'C:\\Program Files\\Common Files', 'OS': 'Windows_NT', 'PUBLIC': 'C:\\Users\\Public', 'WINDIR': 'C:\\windows'}}, attempt #1
17:04:25     INFO - Running command: ['C:\\slave\\test\\build\\venv\\Scripts\\pip', 'install', '--timeout', '120', '--no-index', '--find-links', 'http://pypi.pvt.build.mozilla.org/pub', '--find-links', 'http://pypi.pub.build.mozilla.org/pub', '--trusted-host', 'pypi.pub.build.mozilla.org', '--trusted-host', 'pypi.pvt.build.mozilla.org', 'psutil==3.1.1'] in C:\slave\test\build
17:04:25     INFO - Copy/paste: C:\slave\test\build\venv\Scripts\pip install --timeout 120 --no-index --find-links http://pypi.pvt.build.mozilla.org/pub --find-links http://pypi.pub.build.mozilla.org/pub --trusted-host pypi.pub.build.mozilla.org --trusted-host pypi.pvt.build.mozilla.org psutil==3.1.1
17:04:25     INFO - Using env: {'ALLUSERSPROFILE': 'C:\\ProgramData',
17:04:25     INFO -  'APPDATA': 'C:\\Users\\cltbld.T-W864-IX-062.001\\AppData\\Roaming',
17:04:25     INFO -  'COMMONPROGRAMFILES': 'C:\\Program Files (x86)\\Common Files',
17:04:25     INFO -  'COMMONPROGRAMFILES(X86)': 'C:\\Program Files (x86)\\Common Files',
17:04:25     INFO -  'COMMONPROGRAMW6432': 'C:\\Program Files\\Common Files',
17:04:25     INFO -  'COMPUTERNAME': 'T-W864-IX-062',
17:04:25     INFO -  'COMSPEC': 'C:\\windows\\system32\\cmd.exe',
17:04:25     INFO -  'DCLOCATION': 'SCL3',
17:04:25     INFO -  'DNSSUFFIX': 'wintest.releng.scl3.mozilla.com',
17:04:25     INFO -  'FP_NO_HOST_CHECK': 'NO',
17:04:25     INFO -  'HOMEDRIVE': 'C:',
17:04:25     INFO -  'HOMEPATH': '\\Users\\cltbld.T-W864-IX-062.001',
17:04:25     INFO -  'KTS_HOME': 'C:\\Program Files\\KTS',
17:04:25     INFO -  'KTS_VERSION': '1.19c',
17:04:25     INFO -  'LOCALAPPDATA': 'C:\\Users\\cltbld.T-W864-IX-062.001\\AppData\\Local',
17:04:25     INFO -  'LOGONSERVER': '\\\\T-W864-IX-062',
17:04:25     INFO -  'MONDIR': 'C:\\Monitor_config\\',
17:04:25     INFO -  'MOZBUILDDIR': 'C:\\mozilla-build\\',
17:04:25     INFO -  'MOZ_CRASHREPORTER_NO_REPORT': '1',
17:04:25     INFO -  'MOZ_HIDE_RESULTS_TABLE': '1',
17:04:25     INFO -  'MOZ_NO_REMOTE': '1',
17:04:25     INFO -  'NO_EM_RESTART': '1',
17:04:25     INFO -  'NO_FAIL_ON_TEST_ERRORS': '1',
17:04:25     INFO -  'NUMBER_OF_PROCESSORS': '8',
17:04:25     INFO -  'OS': 'Windows_NT',
17:04:25     INFO -  'OURDRIVE': 'C:',
17:04:25     INFO -  'PATH': 'C:\\Program Files (x86)\\NVIDIA Corporation\\PhysX\\Common;C:\\windows\\system32;C:\\windows;C:\\windows\\System32\\Wbem;C:\\windows\\System32\\WindowsPowerShell\\v1.0\\;C:\\mozilla-build\\python27;C:\\mozilla-build\\python27\\Scripts;C:\\mozilla-build\\msys\\bin;C:\\mozilla-build\\vim\\vim72;C:\\mozilla-build\\wget;C:\\mozilla-build\\info-zip;C:\\CoreUtils\\bin;C:\\mozilla-build\\buildbotve\\scripts;C:\\mozilla-build\\hg',
17:04:25     INFO -  'PATHEXT': '.COM;.EXE;.BAT;.CMD;.VBS;.VBE;.JS;.JSE;.WSF;.WSH;.MSC',
17:04:25     INFO -  'PROCESSOR_ARCHITECTURE': 'x86',
17:04:25     INFO -  'PROCESSOR_ARCHITEW6432': 'AMD64',
17:04:25     INFO -  'PROCESSOR_IDENTIFIER': 'Intel64 Family 6 Model 30 Stepping 5, GenuineIntel',
17:04:25     INFO -  'PROCESSOR_LEVEL': '6',
17:04:25     INFO -  'PROCESSOR_REVISION': '1e05',
17:04:25     INFO -  'PROGRAMDATA': 'C:\\ProgramData',
17:04:25     INFO -  'PROGRAMFILES': 'C:\\Program Files (x86)',
17:04:25     INFO -  'PROGRAMFILES(X86)': 'C:\\Program Files (x86)',
17:04:25     INFO -  'PROGRAMW6432': 'C:\\Program Files',
17:04:25     INFO -  'PROMPT': '$P$G',
17:04:25     INFO -  'PROPERTIES_FILE': 'C:\\slave\\test/buildprops.json',
17:04:25     INFO -  'PSMODULEPATH': 'C:\\windows\\system32\\WindowsPowerShell\\v1.0\\Modules\\',
17:04:25     INFO -  'PUBLIC': 'C:\\Users\\Public',
17:04:25     INFO -  'PWD': 'C:\\slave\\test',
17:04:25     INFO -  'RUNLOGFILE': 'C:\\slave\\\\runslave.log',
17:04:25     INFO -  'SLAVEDIR': 'C:\\slave\\',
17:04:25     INFO -  'SYSTEMDRIVE': 'C:',
17:04:25     INFO -  'SYSTEMROOT': 'C:\\windows',
17:04:25     INFO -  'TEMP': 'C:\\Users\\CLTBLD~1.001\\AppData\\Local\\Temp',
17:04:25     INFO -  'TEST1': 'testie',
17:04:25     INFO -  'TMP': 'C:\\Users\\CLTBLD~1.001\\AppData\\Local\\Temp',
17:04:25     INFO -  'USERDOMAIN': 'T-W864-IX-062',
17:04:25     INFO -  'USERDOMAIN_ROAMINGPROFILE': 'T-W864-IX-062',
17:04:25     INFO -  'USERNAME': 'cltbld',
17:04:25     INFO -  'USERPROFILE': 'C:\\Users\\cltbld.T-W864-IX-062.001',
17:04:25     INFO -  'WINDIR': 'C:\\windows',
17:04:25     INFO -  'XPCOM_DEBUG_BREAK': 'warn'}
17:04:25     INFO -  Ignoring indexes: https://pypi.python.org/simple
17:04:25     INFO -  Collecting psutil==3.1.1
17:04:26     INFO -    Downloading http://pypi.pvt.build.mozilla.org/pub/psutil-3.1.1-cp27-none-win32.whl (87kB)
17:04:26     INFO -  Installing collected packages: psutil
17:04:26     INFO -    Found existing installation: psutil 5.4.3
17:04:26     INFO -      Uninstalling psutil-5.4.3:
17:04:27     INFO -        Successfully uninstalled psutil-5.4.3
17:04:27     INFO -  Successfully installed psutil-3.1.1
17:04:27     INFO - Return code: 0
17:04:27     INFO - Installing mock into virtualenv C:\slave\test\build\venv
17:04:27     INFO - retry: Calling run_command with args: [['C:\\slave\\test\\build\\venv\\Scripts\\pip', 'install', '--timeout', '120', '--no-index', '--find-links', 'http://pypi.pvt.build.mozilla.org/pub', '--find-links', 'http://pypi.pub.build.mozilla.org/pub', '--trusted-host', 'pypi.pub.build.mozilla.org', '--trusted-host', 'pypi.pvt.build.mozilla.org', 'mock']], kwargs: {'error_level': 'warning', 'error_list': [{'substr': 'not found or a compiler error:', 'level': 'warning'}, {'regex': <_sre.SRE_Pattern object at 0x023023A0>, 'level': 'error'}, {'regex': <_sre.SRE_Pattern object at 0x023F3020>, 'level': 'warning'}, {'regex': <_sre.SRE_Pattern object at 0x02429238>, 'level': 'debug'}, {'substr': 'command not found', 'level': 'error'}, {'regex': <_sre.SRE_Pattern object at 0x023A4758>, 'level': 'warning'}, {'substr': 'Traceback (most recent call last)', 'level': 'error'}, {'substr': 'SyntaxError: ', 'level': 'error'}, {'substr': 'TypeError: ', 'level': 'error'}, {'substr': 'NameError: ', 'level': 'error'}, {'substr': 'ZeroDivisionError: ', 'level': 'error'}, {'regex': <_sre.SRE_Pattern object at 0x01E0AB20>, 'level': 'critical'}, {'regex': <_sre.SRE_Pattern object at 0x023C3660>, 'level': 'critical'}], 'cwd': 'C:\\slave\\test\\build', 'env': {'TMP': 'C:\\Users\\CLTBLD~1.001\\AppData\\Local\\Temp', 'TEST1': 'testie', 'COMPUTERNAME': 'T-W864-IX-062', 'USERDOMAIN': 'T-W864-IX-062', 'KTS_VERSION': '1.19c', 'PSMODULEPATH': 'C:\\windows\\system32\\WindowsPowerShell\\v1.0\\Modules\\', 'COMMONPROGRAMFILES': 'C:\\Program Files (x86)\\Common Files', 'PROCESSOR_IDENTIFIER': 'Intel64 Family 6 Model 30 Stepping 5, GenuineIntel', 'PROGRAMFILES': 'C:\\Program Files (x86)', 'PROCESSOR_REVISION': '1e05', 'DNSSUFFIX': 'wintest.releng.scl3.mozilla.com', 'SYSTEMROOT': 'C:\\windows', 'NO_EM_RESTART': '1', 'PROGRAMFILES(X86)': 'C:\\Program Files (x86)', 'OURDRIVE': 'C:', 'MOZ_HIDE_RESULTS_TABLE': '1', 'XPCOM_DEBUG_BREAK': 'warn', 'MONDIR': 'C:\\Monitor_config\\', 'TEMP': 'C:\\Users\\CLTBLD~1.001\\AppData\\Local\\Temp', 'COMMONPROGRAMFILES(X86)': 'C:\\Program Files (x86)\\Common Files', 'RUNLOGFILE': 'C:\\slave\\\\runslave.log', 'PROCESSOR_ARCHITECTURE': 'x86', 'ALLUSERSPROFILE': 'C:\\ProgramData', 'USERPROFILE': 'C:\\Users\\cltbld.T-W864-IX-062.001', 'LOCALAPPDATA': 'C:\\Users\\cltbld.T-W864-IX-062.001\\AppData\\Local', 'HOMEPATH': '\\Users\\cltbld.T-W864-IX-062.001', 'USERDOMAIN_ROAMINGPROFILE': 'T-W864-IX-062', 'MOZBUILDDIR': 'C:\\mozilla-build\\', 'PROGRAMW6432': 'C:\\Program Files', 'USERNAME': 'cltbld', 'LOGONSERVER': '\\\\T-W864-IX-062', 'MOZ_NO_REMOTE': '1', 'COMSPEC': 'C:\\windows\\system32\\cmd.exe', 'PROGRAMDATA': 'C:\\ProgramData', 'PROPERTIES_FILE': 'C:\\slave\\test/buildprops.json', 'PATH': 'C:\\Program Files (x86)\\NVIDIA Corporation\\PhysX\\Common;C:\\windows\\system32;C:\\windows;C:\\windows\\System32\\Wbem;C:\\windows\\System32\\WindowsPowerShell\\v1.0\\;C:\\mozilla-build\\python27;C:\\mozilla-build\\python27\\Scripts;C:\\mozilla-build\\msys\\bin;C:\\mozilla-build\\vim\\vim72;C:\\mozilla-build\\wget;C:\\mozilla-build\\info-zip;C:\\CoreUtils\\bin;C:\\mozilla-build\\buildbotve\\scripts;C:\\mozilla-build\\hg', 'PROMPT': '$P$G', 'NO_FAIL_ON_TEST_ERRORS': '1', 'PATHEXT': '.COM;.EXE;.BAT;.CMD;.VBS;.VBE;.JS;.JSE;.WSF;.WSH;.MSC', 'FP_NO_HOST_CHECK': 'NO', 'DCLOCATION': 'SCL3', 'APPDATA': 'C:\\Users\\cltbld.T-W864-IX-062.001\\AppData\\Roaming', 'HOMEDRIVE': 'C:', 'SYSTEMDRIVE': 'C:', 'SLAVEDIR': 'C:\\slave\\', 'NUMBER_OF_PROCESSORS': '8', 'PWD': 'C:\\slave\\test', 'PROCESSOR_LEVEL': '6', 'KTS_HOME': 'C:\\Program Files\\KTS', 'PROCESSOR_ARCHITEW6432': 'AMD64', 'MOZ_CRASHREPORTER_NO_REPORT': '1', 'COMMONPROGRAMW6432': 'C:\\Program Files\\Common Files', 'OS': 'Windows_NT', 'PUBLIC': 'C:\\Users\\Public', 'WINDIR': 'C:\\windows'}}, attempt #1
17:04:27     INFO - Running command: ['C:\\slave\\test\\build\\venv\\Scripts\\pip', 'install', '--timeout', '120', '--no-index', '--find-links', 'http://pypi.pvt.build.mozilla.org/pub', '--find-links', 'http://pypi.pub.build.mozilla.org/pub', '--trusted-host', 'pypi.pub.build.mozilla.org', '--trusted-host', 'pypi.pvt.build.mozilla.org', 'mock'] in C:\slave\test\build
17:04:27     INFO - Copy/paste: C:\slave\test\build\venv\Scripts\pip install --timeout 120 --no-index --find-links http://pypi.pvt.build.mozilla.org/pub --find-links http://pypi.pub.build.mozilla.org/pub --trusted-host pypi.pub.build.mozilla.org --trusted-host pypi.pvt.build.mozilla.org mock
17:04:27     INFO - Using env: {'ALLUSERSPROFILE': 'C:\\ProgramData',
17:04:27     INFO -  'APPDATA': 'C:\\Users\\cltbld.T-W864-IX-062.001\\AppData\\Roaming',
17:04:27     INFO -  'COMMONPROGRAMFILES': 'C:\\Program Files (x86)\\Common Files',
17:04:27     INFO -  'COMMONPROGRAMFILES(X86)': 'C:\\Program Files (x86)\\Common Files',
17:04:27     INFO -  'COMMONPROGRAMW6432': 'C:\\Program Files\\Common Files',
17:04:27     INFO -  'COMPUTERNAME': 'T-W864-IX-062',
17:04:27     INFO -  'COMSPEC': 'C:\\windows\\system32\\cmd.exe',
17:04:27     INFO -  'DCLOCATION': 'SCL3',
17:04:27     INFO -  'DNSSUFFIX': 'wintest.releng.scl3.mozilla.com',
17:04:27     INFO -  'FP_NO_HOST_CHECK': 'NO',
17:04:27     INFO -  'HOMEDRIVE': 'C:',
17:04:27     INFO -  'HOMEPATH': '\\Users\\cltbld.T-W864-IX-062.001',
17:04:27     INFO -  'KTS_HOME': 'C:\\Program Files\\KTS',
17:04:27     INFO -  'KTS_VERSION': '1.19c',
17:04:27     INFO -  'LOCALAPPDATA': 'C:\\Users\\cltbld.T-W864-IX-062.001\\AppData\\Local',
17:04:27     INFO -  'LOGONSERVER': '\\\\T-W864-IX-062',
17:04:27     INFO -  'MONDIR': 'C:\\Monitor_config\\',
17:04:27     INFO -  'MOZBUILDDIR': 'C:\\mozilla-build\\',
17:04:27     INFO -  'MOZ_CRASHREPORTER_NO_REPORT': '1',
17:04:27     INFO -  'MOZ_HIDE_RESULTS_TABLE': '1',
17:04:27     INFO -  'MOZ_NO_REMOTE': '1',
17:04:27     INFO -  'NO_EM_RESTART': '1',
17:04:27     INFO -  'NO_FAIL_ON_TEST_ERRORS': '1',
17:04:27     INFO -  'NUMBER_OF_PROCESSORS': '8',
17:04:27     INFO -  'OS': 'Windows_NT',
17:04:27     INFO -  'OURDRIVE': 'C:',
17:04:27     INFO -  'PATH': 'C:\\Program Files (x86)\\NVIDIA Corporation\\PhysX\\Common;C:\\windows\\system32;C:\\windows;C:\\windows\\System32\\Wbem;C:\\windows\\System32\\WindowsPowerShell\\v1.0\\;C:\\mozilla-build\\python27;C:\\mozilla-build\\python27\\Scripts;C:\\mozilla-build\\msys\\bin;C:\\mozilla-build\\vim\\vim72;C:\\mozilla-build\\wget;C:\\mozilla-build\\info-zip;C:\\CoreUtils\\bin;C:\\mozilla-build\\buildbotve\\scripts;C:\\mozilla-build\\hg',
17:04:27     INFO -  'PATHEXT': '.COM;.EXE;.BAT;.CMD;.VBS;.VBE;.JS;.JSE;.WSF;.WSH;.MSC',
17:04:27     INFO -  'PROCESSOR_ARCHITECTURE': 'x86',
17:04:27     INFO -  'PROCESSOR_ARCHITEW6432': 'AMD64',
17:04:27     INFO -  'PROCESSOR_IDENTIFIER': 'Intel64 Family 6 Model 30 Stepping 5, GenuineIntel',
17:04:27     INFO -  'PROCESSOR_LEVEL': '6',
17:04:27     INFO -  'PROCESSOR_REVISION': '1e05',
17:04:27     INFO -  'PROGRAMDATA': 'C:\\ProgramData',
17:04:27     INFO -  'PROGRAMFILES': 'C:\\Program Files (x86)',
17:04:27     INFO -  'PROGRAMFILES(X86)': 'C:\\Program Files (x86)',
17:04:27     INFO -  'PROGRAMW6432': 'C:\\Program Files',
17:04:27     INFO -  'PROMPT': '$P$G',
17:04:27     INFO -  'PROPERTIES_FILE': 'C:\\slave\\test/buildprops.json',
17:04:27     INFO -  'PSMODULEPATH': 'C:\\windows\\system32\\WindowsPowerShell\\v1.0\\Modules\\',
17:04:27     INFO -  'PUBLIC': 'C:\\Users\\Public',
17:04:27     INFO -  'PWD': 'C:\\slave\\test',
17:04:27     INFO -  'RUNLOGFILE': 'C:\\slave\\\\runslave.log',
17:04:27     INFO -  'SLAVEDIR': 'C:\\slave\\',
17:04:27     INFO -  'SYSTEMDRIVE': 'C:',
17:04:27     INFO -  'SYSTEMROOT': 'C:\\windows',
17:04:27     INFO -  'TEMP': 'C:\\Users\\CLTBLD~1.001\\AppData\\Local\\Temp',
17:04:27     INFO -  'TEST1': 'testie',
17:04:27     INFO -  'TMP': 'C:\\Users\\CLTBLD~1.001\\AppData\\Local\\Temp',
17:04:27     INFO -  'USERDOMAIN': 'T-W864-IX-062',
17:04:27     INFO -  'USERDOMAIN_ROAMINGPROFILE': 'T-W864-IX-062',
17:04:27     INFO -  'USERNAME': 'cltbld',
17:04:27     INFO -  'USERPROFILE': 'C:\\Users\\cltbld.T-W864-IX-062.001',
17:04:27     INFO -  'WINDIR': 'C:\\windows',
17:04:27     INFO -  'XPCOM_DEBUG_BREAK': 'warn'}
17:04:28     INFO -  Ignoring indexes: https://pypi.python.org/simple
17:04:28     INFO -  Collecting mock
17:04:29     INFO -  Installing collected packages: mock
17:04:29     INFO -  Successfully installed mock-1.0.1
17:04:29     INFO - Return code: 0
17:04:29     INFO - Installing simplejson into virtualenv C:\slave\test\build\venv
17:04:29     INFO - retry: Calling run_command with args: [['C:\\slave\\test\\build\\venv\\Scripts\\pip', 'install', '--timeout', '120', '--no-index', '--find-links', 'http://pypi.pvt.build.mozilla.org/pub', '--find-links', 'http://pypi.pub.build.mozilla.org/pub', '--trusted-host', 'pypi.pub.build.mozilla.org', '--trusted-host', 'pypi.pvt.build.mozilla.org', 'simplejson']], kwargs: {'error_level': 'warning', 'error_list': [{'substr': 'not found or a compiler error:', 'level': 'warning'}, {'regex': <_sre.SRE_Pattern object at 0x023023A0>, 'level': 'error'}, {'regex': <_sre.SRE_Pattern object at 0x023F3020>, 'level': 'warning'}, {'regex': <_sre.SRE_Pattern object at 0x02429238>, 'level': 'debug'}, {'substr': 'command not found', 'level': 'error'}, {'regex': <_sre.SRE_Pattern object at 0x023A4758>, 'level': 'warning'}, {'substr': 'Traceback (most recent call last)', 'level': 'error'}, {'substr': 'SyntaxError: ', 'level': 'error'}, {'substr': 'TypeError: ', 'level': 'error'}, {'substr': 'NameError: ', 'level': 'error'}, {'substr': 'ZeroDivisionError: ', 'level': 'error'}, {'regex': <_sre.SRE_Pattern object at 0x01E0AB20>, 'level': 'critical'}, {'regex': <_sre.SRE_Pattern object at 0x023C3660>, 'level': 'critical'}], 'cwd': 'C:\\slave\\test\\build', 'env': {'TMP': 'C:\\Users\\CLTBLD~1.001\\AppData\\Local\\Temp', 'TEST1': 'testie', 'COMPUTERNAME': 'T-W864-IX-062', 'USERDOMAIN': 'T-W864-IX-062', 'KTS_VERSION': '1.19c', 'PSMODULEPATH': 'C:\\windows\\system32\\WindowsPowerShell\\v1.0\\Modules\\', 'COMMONPROGRAMFILES': 'C:\\Program Files (x86)\\Common Files', 'PROCESSOR_IDENTIFIER': 'Intel64 Family 6 Model 30 Stepping 5, GenuineIntel', 'PROGRAMFILES': 'C:\\Program Files (x86)', 'PROCESSOR_REVISION': '1e05', 'DNSSUFFIX': 'wintest.releng.scl3.mozilla.com', 'SYSTEMROOT': 'C:\\windows', 'NO_EM_RESTART': '1', 'PROGRAMFILES(X86)': 'C:\\Program Files (x86)', 'OURDRIVE': 'C:', 'MOZ_HIDE_RESULTS_TABLE': '1', 'XPCOM_DEBUG_BREAK': 'warn', 'MONDIR': 'C:\\Monitor_config\\', 'TEMP': 'C:\\Users\\CLTBLD~1.001\\AppData\\Local\\Temp', 'COMMONPROGRAMFILES(X86)': 'C:\\Program Files (x86)\\Common Files', 'RUNLOGFILE': 'C:\\slave\\\\runslave.log', 'PROCESSOR_ARCHITECTURE': 'x86', 'ALLUSERSPROFILE': 'C:\\ProgramData', 'USERPROFILE': 'C:\\Users\\cltbld.T-W864-IX-062.001', 'LOCALAPPDATA': 'C:\\Users\\cltbld.T-W864-IX-062.001\\AppData\\Local', 'HOMEPATH': '\\Users\\cltbld.T-W864-IX-062.001', 'USERDOMAIN_ROAMINGPROFILE': 'T-W864-IX-062', 'MOZBUILDDIR': 'C:\\mozilla-build\\', 'PROGRAMW6432': 'C:\\Program Files', 'USERNAME': 'cltbld', 'LOGONSERVER': '\\\\T-W864-IX-062', 'MOZ_NO_REMOTE': '1', 'COMSPEC': 'C:\\windows\\system32\\cmd.exe', 'PROGRAMDATA': 'C:\\ProgramData', 'PROPERTIES_FILE': 'C:\\slave\\test/buildprops.json', 'PATH': 'C:\\Program Files (x86)\\NVIDIA Corporation\\PhysX\\Common;C:\\windows\\system32;C:\\windows;C:\\windows\\System32\\Wbem;C:\\windows\\System32\\WindowsPowerShell\\v1.0\\;C:\\mozilla-build\\python27;C:\\mozilla-build\\python27\\Scripts;C:\\mozilla-build\\msys\\bin;C:\\mozilla-build\\vim\\vim72;C:\\mozilla-build\\wget;C:\\mozilla-build\\info-zip;C:\\CoreUtils\\bin;C:\\mozilla-build\\buildbotve\\scripts;C:\\mozilla-build\\hg', 'PROMPT': '$P$G', 'NO_FAIL_ON_TEST_ERRORS': '1', 'PATHEXT': '.COM;.EXE;.BAT;.CMD;.VBS;.VBE;.JS;.JSE;.WSF;.WSH;.MSC', 'FP_NO_HOST_CHECK': 'NO', 'DCLOCATION': 'SCL3', 'APPDATA': 'C:\\Users\\cltbld.T-W864-IX-062.001\\AppData\\Roaming', 'HOMEDRIVE': 'C:', 'SYSTEMDRIVE': 'C:', 'SLAVEDIR': 'C:\\slave\\', 'NUMBER_OF_PROCESSORS': '8', 'PWD': 'C:\\slave\\test', 'PROCESSOR_LEVEL': '6', 'KTS_HOME': 'C:\\Program Files\\KTS', 'PROCESSOR_ARCHITEW6432': 'AMD64', 'MOZ_CRASHREPORTER_NO_REPORT': '1', 'COMMONPROGRAMW6432': 'C:\\Program Files\\Common Files', 'OS': 'Windows_NT', 'PUBLIC': 'C:\\Users\\Public', 'WINDIR': 'C:\\windows'}}, attempt #1
17:04:29     INFO - Running command: ['C:\\slave\\test\\build\\venv\\Scripts\\pip', 'install', '--timeout', '120', '--no-index', '--find-links', 'http://pypi.pvt.build.mozilla.org/pub', '--find-links', 'http://pypi.pub.build.mozilla.org/pub', '--trusted-host', 'pypi.pub.build.mozilla.org', '--trusted-host', 'pypi.pvt.build.mozilla.org', 'simplejson'] in C:\slave\test\build
17:04:29     INFO - Copy/paste: C:\slave\test\build\venv\Scripts\pip install --timeout 120 --no-index --find-links http://pypi.pvt.build.mozilla.org/pub --find-links http://pypi.pub.build.mozilla.org/pub --trusted-host pypi.pub.build.mozilla.org --trusted-host pypi.pvt.build.mozilla.org simplejson
17:04:29     INFO - Using env: {'ALLUSERSPROFILE': 'C:\\ProgramData',
17:04:29     INFO -  'APPDATA': 'C:\\Users\\cltbld.T-W864-IX-062.001\\AppData\\Roaming',
17:04:29     INFO -  'COMMONPROGRAMFILES': 'C:\\Program Files (x86)\\Common Files',
17:04:29     INFO -  'COMMONPROGRAMFILES(X86)': 'C:\\Program Files (x86)\\Common Files',
17:04:29     INFO -  'COMMONPROGRAMW6432': 'C:\\Program Files\\Common Files',
17:04:29     INFO -  'COMPUTERNAME': 'T-W864-IX-062',
17:04:29     INFO -  'COMSPEC': 'C:\\windows\\system32\\cmd.exe',
17:04:29     INFO -  'DCLOCATION': 'SCL3',
17:04:29     INFO -  'DNSSUFFIX': 'wintest.releng.scl3.mozilla.com',
17:04:29     INFO -  'FP_NO_HOST_CHECK': 'NO',
17:04:29     INFO -  'HOMEDRIVE': 'C:',
17:04:29     INFO -  'HOMEPATH': '\\Users\\cltbld.T-W864-IX-062.001',
17:04:29     INFO -  'KTS_HOME': 'C:\\Program Files\\KTS',
17:04:29     INFO -  'KTS_VERSION': '1.19c',
17:04:29     INFO -  'LOCALAPPDATA': 'C:\\Users\\cltbld.T-W864-IX-062.001\\AppData\\Local',
17:04:29     INFO -  'LOGONSERVER': '\\\\T-W864-IX-062',
17:04:29     INFO -  'MONDIR': 'C:\\Monitor_config\\',
17:04:29     INFO -  'MOZBUILDDIR': 'C:\\mozilla-build\\',
17:04:29     INFO -  'MOZ_CRASHREPORTER_NO_REPORT': '1',
17:04:29     INFO -  'MOZ_HIDE_RESULTS_TABLE': '1',
17:04:29     INFO -  'MOZ_NO_REMOTE': '1',
17:04:29     INFO -  'NO_EM_RESTART': '1',
17:04:29     INFO -  'NO_FAIL_ON_TEST_ERRORS': '1',
17:04:29     INFO -  'NUMBER_OF_PROCESSORS': '8',
17:04:29     INFO -  'OS': 'Windows_NT',
17:04:29     INFO -  'OURDRIVE': 'C:',
17:04:29     INFO -  'PATH': 'C:\\Program Files (x86)\\NVIDIA Corporation\\PhysX\\Common;C:\\windows\\system32;C:\\windows;C:\\windows\\System32\\Wbem;C:\\windows\\System32\\WindowsPowerShell\\v1.0\\;C:\\mozilla-build\\python27;C:\\mozilla-build\\python27\\Scripts;C:\\mozilla-build\\msys\\bin;C:\\mozilla-build\\vim\\vim72;C:\\mozilla-build\\wget;C:\\mozilla-build\\info-zip;C:\\CoreUtils\\bin;C:\\mozilla-build\\buildbotve\\scripts;C:\\mozilla-build\\hg',
17:04:29     INFO -  'PATHEXT': '.COM;.EXE;.BAT;.CMD;.VBS;.VBE;.JS;.JSE;.WSF;.WSH;.MSC',
17:04:29     INFO -  'PROCESSOR_ARCHITECTURE': 'x86',
17:04:29     INFO -  'PROCESSOR_ARCHITEW6432': 'AMD64',
17:04:29     INFO -  'PROCESSOR_IDENTIFIER': 'Intel64 Family 6 Model 30 Stepping 5, GenuineIntel',
17:04:29     INFO -  'PROCESSOR_LEVEL': '6',
17:04:29     INFO -  'PROCESSOR_REVISION': '1e05',
17:04:29     INFO -  'PROGRAMDATA': 'C:\\ProgramData',
17:04:29     INFO -  'PROGRAMFILES': 'C:\\Program Files (x86)',
17:04:29     INFO -  'PROGRAMFILES(X86)': 'C:\\Program Files (x86)',
17:04:29     INFO -  'PROGRAMW6432': 'C:\\Program Files',
17:04:29     INFO -  'PROMPT': '$P$G',
17:04:29     INFO -  'PROPERTIES_FILE': 'C:\\slave\\test/buildprops.json',
17:04:29     INFO -  'PSMODULEPATH': 'C:\\windows\\system32\\WindowsPowerShell\\v1.0\\Modules\\',
17:04:29     INFO -  'PUBLIC': 'C:\\Users\\Public',
17:04:29     INFO -  'PWD': 'C:\\slave\\test',
17:04:29     INFO -  'RUNLOGFILE': 'C:\\slave\\\\runslave.log',
17:04:29     INFO -  'SLAVEDIR': 'C:\\slave\\',
17:04:29     INFO -  'SYSTEMDRIVE': 'C:',
17:04:29     INFO -  'SYSTEMROOT': 'C:\\windows',
17:04:29     INFO -  'TEMP': 'C:\\Users\\CLTBLD~1.001\\AppData\\Local\\Temp',
17:04:29     INFO -  'TEST1': 'testie',
17:04:29     INFO -  'TMP': 'C:\\Users\\CLTBLD~1.001\\AppData\\Local\\Temp',
17:04:29     INFO -  'USERDOMAIN': 'T-W864-IX-062',
17:04:29     INFO -  'USERDOMAIN_ROAMINGPROFILE': 'T-W864-IX-062',
17:04:29     INFO -  'USERNAME': 'cltbld',
17:04:29     INFO -  'USERPROFILE': 'C:\\Users\\cltbld.T-W864-IX-062.001',
17:04:29     INFO -  'WINDIR': 'C:\\windows',
17:04:29     INFO -  'XPCOM_DEBUG_BREAK': 'warn'}
17:04:29     INFO -  Ignoring indexes: https://pypi.python.org/simple
17:04:29     INFO -  Collecting simplejson
17:04:31     INFO -  Installing collected packages: simplejson
17:04:31     INFO -  Successfully installed simplejson-3.3.0
17:04:31     INFO - Return code: 0
17:04:31     INFO - Installing None into virtualenv C:\slave\test\build\venv
17:04:31     INFO - retry: Calling run_command with args: [['C:\\slave\\test\\build\\venv\\Scripts\\pip', 'install', '--no-deps', '--timeout', '120', '-r', 'C:\\slave\\test\\build\\tests\\config\\marionette_requirements.txt', '--no-index', '--find-links', 'http://pypi.pvt.build.mozilla.org/pub', '--find-links', 'http://pypi.pub.build.mozilla.org/pub', '--trusted-host', 'pypi.pub.build.mozilla.org', '--trusted-host', 'pypi.pvt.build.mozilla.org']], kwargs: {'error_level': 'warning', 'error_list': [{'substr': 'not found or a compiler error:', 'level': 'warning'}, {'regex': <_sre.SRE_Pattern object at 0x023023A0>, 'level': 'error'}, {'regex': <_sre.SRE_Pattern object at 0x023F3020>, 'level': 'warning'}, {'regex': <_sre.SRE_Pattern object at 0x02429238>, 'level': 'debug'}, {'substr': 'command not found', 'level': 'error'}, {'regex': <_sre.SRE_Pattern object at 0x023A4758>, 'level': 'warning'}, {'substr': 'Traceback (most recent call last)', 'level': 'error'}, {'substr': 'SyntaxError: ', 'level': 'error'}, {'substr': 'TypeError: ', 'level': 'error'}, {'substr': 'NameError: ', 'level': 'error'}, {'substr': 'ZeroDivisionError: ', 'level': 'error'}, {'regex': <_sre.SRE_Pattern object at 0x01E0AB20>, 'level': 'critical'}, {'regex': <_sre.SRE_Pattern object at 0x023C3660>, 'level': 'critical'}], 'cwd': 'C:\\slave\\test\\build\\tests\\config', 'env': {'TMP': 'C:\\Users\\CLTBLD~1.001\\AppData\\Local\\Temp', 'TEST1': 'testie', 'COMPUTERNAME': 'T-W864-IX-062', 'USERDOMAIN': 'T-W864-IX-062', 'KTS_VERSION': '1.19c', 'PSMODULEPATH': 'C:\\windows\\system32\\WindowsPowerShell\\v1.0\\Modules\\', 'COMMONPROGRAMFILES': 'C:\\Program Files (x86)\\Common Files', 'PROCESSOR_IDENTIFIER': 'Intel64 Family 6 Model 30 Stepping 5, GenuineIntel', 'PROGRAMFILES': 'C:\\Program Files (x86)', 'PROCESSOR_REVISION': '1e05', 'DNSSUFFIX': 'wintest.releng.scl3.mozilla.com', 'SYSTEMROOT': 'C:\\windows', 'NO_EM_RESTART': '1', 'PROGRAMFILES(X86)': 'C:\\Program Files (x86)', 'OURDRIVE': 'C:', 'MOZ_HIDE_RESULTS_TABLE': '1', 'XPCOM_DEBUG_BREAK': 'warn', 'MONDIR': 'C:\\Monitor_config\\', 'TEMP': 'C:\\Users\\CLTBLD~1.001\\AppData\\Local\\Temp', 'COMMONPROGRAMFILES(X86)': 'C:\\Program Files (x86)\\Common Files', 'RUNLOGFILE': 'C:\\slave\\\\runslave.log', 'PROCESSOR_ARCHITECTURE': 'x86', 'ALLUSERSPROFILE': 'C:\\ProgramData', 'USERPROFILE': 'C:\\Users\\cltbld.T-W864-IX-062.001', 'LOCALAPPDATA': 'C:\\Users\\cltbld.T-W864-IX-062.001\\AppData\\Local', 'HOMEPATH': '\\Users\\cltbld.T-W864-IX-062.001', 'USERDOMAIN_ROAMINGPROFILE': 'T-W864-IX-062', 'MOZBUILDDIR': 'C:\\mozilla-build\\', 'PROGRAMW6432': 'C:\\Program Files', 'USERNAME': 'cltbld', 'LOGONSERVER': '\\\\T-W864-IX-062', 'MOZ_NO_REMOTE': '1', 'COMSPEC': 'C:\\windows\\system32\\cmd.exe', 'PROGRAMDATA': 'C:\\ProgramData', 'PROPERTIES_FILE': 'C:\\slave\\test/buildprops.json', 'PATH': 'C:\\Program Files (x86)\\NVIDIA Corporation\\PhysX\\Common;C:\\windows\\system32;C:\\windows;C:\\windows\\System32\\Wbem;C:\\windows\\System32\\WindowsPowerShell\\v1.0\\;C:\\mozilla-build\\python27;C:\\mozilla-build\\python27\\Scripts;C:\\mozilla-build\\msys\\bin;C:\\mozilla-build\\vim\\vim72;C:\\mozilla-build\\wget;C:\\mozilla-build\\info-zip;C:\\CoreUtils\\bin;C:\\mozilla-build\\buildbotve\\scripts;C:\\mozilla-build\\hg', 'PROMPT': '$P$G', 'NO_FAIL_ON_TEST_ERRORS': '1', 'PATHEXT': '.COM;.EXE;.BAT;.CMD;.VBS;.VBE;.JS;.JSE;.WSF;.WSH;.MSC', 'FP_NO_HOST_CHECK': 'NO', 'DCLOCATION': 'SCL3', 'APPDATA': 'C:\\Users\\cltbld.T-W864-IX-062.001\\AppData\\Roaming', 'HOMEDRIVE': 'C:', 'SYSTEMDRIVE': 'C:', 'SLAVEDIR': 'C:\\slave\\', 'NUMBER_OF_PROCESSORS': '8', 'PWD': 'C:\\slave\\test', 'PROCESSOR_LEVEL': '6', 'KTS_HOME': 'C:\\Program Files\\KTS', 'PROCESSOR_ARCHITEW6432': 'AMD64', 'MOZ_CRASHREPORTER_NO_REPORT': '1', 'COMMONPROGRAMW6432': 'C:\\Program Files\\Common Files', 'OS': 'Windows_NT', 'PUBLIC': 'C:\\Users\\Public', 'WINDIR': 'C:\\windows'}}, attempt #1
17:04:31     INFO - Running command: ['C:\\slave\\test\\build\\venv\\Scripts\\pip', 'install', '--no-deps', '--timeout', '120', '-r', 'C:\\slave\\test\\build\\tests\\config\\marionette_requirements.txt', '--no-index', '--find-links', 'http://pypi.pvt.build.mozilla.org/pub', '--find-links', 'http://pypi.pub.build.mozilla.org/pub', '--trusted-host', 'pypi.pub.build.mozilla.org', '--trusted-host', 'pypi.pvt.build.mozilla.org'] in C:\slave\test\build\tests\config
17:04:31     INFO - Copy/paste: C:\slave\test\build\venv\Scripts\pip install --no-deps --timeout 120 -r C:\slave\test\build\tests\config\marionette_requirements.txt --no-index --find-links http://pypi.pvt.build.mozilla.org/pub --find-links http://pypi.pub.build.mozilla.org/pub --trusted-host pypi.pub.build.mozilla.org --trusted-host pypi.pvt.build.mozilla.org
17:04:31     INFO - Using env: {'ALLUSERSPROFILE': 'C:\\ProgramData',
17:04:31     INFO -  'APPDATA': 'C:\\Users\\cltbld.T-W864-IX-062.001\\AppData\\Roaming',
17:04:31     INFO -  'COMMONPROGRAMFILES': 'C:\\Program Files (x86)\\Common Files',
17:04:31     INFO -  'COMMONPROGRAMFILES(X86)': 'C:\\Program Files (x86)\\Common Files',
17:04:31     INFO -  'COMMONPROGRAMW6432': 'C:\\Program Files\\Common Files',
17:04:31     INFO -  'COMPUTERNAME': 'T-W864-IX-062',
17:04:31     INFO -  'COMSPEC': 'C:\\windows\\system32\\cmd.exe',
17:04:31     INFO -  'DCLOCATION': 'SCL3',
17:04:31     INFO -  'DNSSUFFIX': 'wintest.releng.scl3.mozilla.com',
17:04:31     INFO -  'FP_NO_HOST_CHECK': 'NO',
17:04:31     INFO -  'HOMEDRIVE': 'C:',
17:04:31     INFO -  'HOMEPATH': '\\Users\\cltbld.T-W864-IX-062.001',
17:04:31     INFO -  'KTS_HOME': 'C:\\Program Files\\KTS',
17:04:31     INFO -  'KTS_VERSION': '1.19c',
17:04:31     INFO -  'LOCALAPPDATA': 'C:\\Users\\cltbld.T-W864-IX-062.001\\AppData\\Local',
17:04:31     INFO -  'LOGONSERVER': '\\\\T-W864-IX-062',
17:04:31     INFO -  'MONDIR': 'C:\\Monitor_config\\',
17:04:31     INFO -  'MOZBUILDDIR': 'C:\\mozilla-build\\',
17:04:31     INFO -  'MOZ_CRASHREPORTER_NO_REPORT': '1',
17:04:31     INFO -  'MOZ_HIDE_RESULTS_TABLE': '1',
17:04:31     INFO -  'MOZ_NO_REMOTE': '1',
17:04:31     INFO -  'NO_EM_RESTART': '1',
17:04:31     INFO -  'NO_FAIL_ON_TEST_ERRORS': '1',
17:04:31     INFO -  'NUMBER_OF_PROCESSORS': '8',
17:04:31     INFO -  'OS': 'Windows_NT',
17:04:31     INFO -  'OURDRIVE': 'C:',
17:04:31     INFO -  'PATH': 'C:\\Program Files (x86)\\NVIDIA Corporation\\PhysX\\Common;C:\\windows\\system32;C:\\windows;C:\\windows\\System32\\Wbem;C:\\windows\\System32\\WindowsPowerShell\\v1.0\\;C:\\mozilla-build\\python27;C:\\mozilla-build\\python27\\Scripts;C:\\mozilla-build\\msys\\bin;C:\\mozilla-build\\vim\\vim72;C:\\mozilla-build\\wget;C:\\mozilla-build\\info-zip;C:\\CoreUtils\\bin;C:\\mozilla-build\\buildbotve\\scripts;C:\\mozilla-build\\hg',
17:04:31     INFO -  'PATHEXT': '.COM;.EXE;.BAT;.CMD;.VBS;.VBE;.JS;.JSE;.WSF;.WSH;.MSC',
17:04:31     INFO -  'PROCESSOR_ARCHITECTURE': 'x86',
17:04:31     INFO -  'PROCESSOR_ARCHITEW6432': 'AMD64',
17:04:31     INFO -  'PROCESSOR_IDENTIFIER': 'Intel64 Family 6 Model 30 Stepping 5, GenuineIntel',
17:04:31     INFO -  'PROCESSOR_LEVEL': '6',
17:04:31     INFO -  'PROCESSOR_REVISION': '1e05',
17:04:31     INFO -  'PROGRAMDATA': 'C:\\ProgramData',
17:04:31     INFO -  'PROGRAMFILES': 'C:\\Program Files (x86)',
17:04:31     INFO -  'PROGRAMFILES(X86)': 'C:\\Program Files (x86)',
17:04:31     INFO -  'PROGRAMW6432': 'C:\\Program Files',
17:04:31     INFO -  'PROMPT': '$P$G',
17:04:31     INFO -  'PROPERTIES_FILE': 'C:\\slave\\test/buildprops.json',
17:04:31     INFO -  'PSMODULEPATH': 'C:\\windows\\system32\\WindowsPowerShell\\v1.0\\Modules\\',
17:04:31     INFO -  'PUBLIC': 'C:\\Users\\Public',
17:04:31     INFO -  'PWD': 'C:\\slave\\test',
17:04:31     INFO -  'RUNLOGFILE': 'C:\\slave\\\\runslave.log',
17:04:31     INFO -  'SLAVEDIR': 'C:\\slave\\',
17:04:31     INFO -  'SYSTEMDRIVE': 'C:',
17:04:31     INFO -  'SYSTEMROOT': 'C:\\windows',
17:04:31     INFO -  'TEMP': 'C:\\Users\\CLTBLD~1.001\\AppData\\Local\\Temp',
17:04:31     INFO -  'TEST1': 'testie',
17:04:31     INFO -  'TMP': 'C:\\Users\\CLTBLD~1.001\\AppData\\Local\\Temp',
17:04:31     INFO -  'USERDOMAIN': 'T-W864-IX-062',
17:04:31     INFO -  'USERDOMAIN_ROAMINGPROFILE': 'T-W864-IX-062',
17:04:31     INFO -  'USERNAME': 'cltbld',
17:04:31     INFO -  'USERPROFILE': 'C:\\Users\\cltbld.T-W864-IX-062.001',
17:04:31     INFO -  'WINDIR': 'C:\\windows',
17:04:31     INFO -  'XPCOM_DEBUG_BREAK': 'warn'}
17:04:31     INFO -  Ignoring indexes: https://pypi.python.org/simple
17:04:31     INFO -  Processing c:\slave\test\build\tests\mozbase\manifestparser
17:04:32     INFO -    Requirement already satisfied (use --upgrade to upgrade): manifestparser==1.1 from file:///C:/slave/test/build/tests/mozbase/manifestparser in c:\slave\test\build\venv\lib\site-packages (from -r C:\slave\test\build\tests\config\mozbase_requirements.txt (line 1))
17:04:32     INFO -  Processing c:\slave\test\build\tests\mozbase\mozcrash
17:04:32     INFO -    Requirement already satisfied (use --upgrade to upgrade): mozcrash==1.0 from file:///C:/slave/test/build/tests/mozbase/mozcrash in c:\slave\test\build\venv\lib\site-packages (from -r C:\slave\test\build\tests\config\mozbase_requirements.txt (line 2))
17:04:32     INFO -  Processing c:\slave\test\build\tests\mozbase\mozdebug
17:04:32     INFO -    Requirement already satisfied (use --upgrade to upgrade): mozdebug==0.1 from file:///C:/slave/test/build/tests/mozbase/mozdebug in c:\slave\test\build\venv\lib\site-packages (from -r C:\slave\test\build\tests\config\mozbase_requirements.txt (line 3))
17:04:32     INFO -  Processing c:\slave\test\build\tests\mozbase\mozdevice
17:04:33     INFO -    Requirement already satisfied (use --upgrade to upgrade): mozdevice==0.48 from file:///C:/slave/test/build/tests/mozbase/mozdevice in c:\slave\test\build\venv\lib\site-packages (from -r C:\slave\test\build\tests\config\mozbase_requirements.txt (line 4))
17:04:33     INFO -  Processing c:\slave\test\build\tests\mozbase\mozfile
17:04:33     INFO -    Requirement already satisfied (use --upgrade to upgrade): mozfile==1.2 from file:///C:/slave/test/build/tests/mozbase/mozfile in c:\slave\test\build\venv\lib\site-packages (from -r C:\slave\test\build\tests\config\mozbase_requirements.txt (line 5))
17:04:33     INFO -  Processing c:\slave\test\build\tests\mozbase\mozhttpd
17:04:33     INFO -    Requirement already satisfied (use --upgrade to upgrade): mozhttpd==0.7 from file:///C:/slave/test/build/tests/mozbase/mozhttpd in c:\slave\test\build\venv\lib\site-packages (from -r C:\slave\test\build\tests\config\mozbase_requirements.txt (line 6))
17:04:33     INFO -  Processing c:\slave\test\build\tests\mozbase\mozinfo
17:04:33     INFO -    Requirement already satisfied (use --upgrade to upgrade): mozinfo==0.9 from file:///C:/slave/test/build/tests/mozbase/mozinfo in c:\slave\test\build\venv\lib\site-packages (from -r C:\slave\test\build\tests\config\mozbase_requirements.txt (line 7))
17:04:33     INFO -  Processing c:\slave\test\build\tests\mozbase\mozinstall
17:04:34     INFO -    Requirement already satisfied (use --upgrade to upgrade): mozInstall==1.12 from file:///C:/slave/test/build/tests/mozbase/mozinstall in c:\slave\test\build\venv\lib\site-packages (from -r C:\slave\test\build\tests\config\mozbase_requirements.txt (line 8))
17:04:34     INFO -  Processing c:\slave\test\build\tests\mozbase\mozleak
17:04:34     INFO -    Requirement already satisfied (use --upgrade to upgrade): mozleak==0.1 from file:///C:/slave/test/build/tests/mozbase/mozleak in c:\slave\test\build\venv\lib\site-packages (from -r C:\slave\test\build\tests\config\mozbase_requirements.txt (line 9))
17:04:34     INFO -  Processing c:\slave\test\build\tests\mozbase\mozlog
17:04:34     INFO -    Requirement already satisfied (use --upgrade to upgrade): mozlog==3.4 from file:///C:/slave/test/build/tests/mozbase/mozlog in c:\slave\test\build\venv\lib\site-packages (from -r C:\slave\test\build\tests\config\mozbase_requirements.txt (line 10))
17:04:34     INFO -  Processing c:\slave\test\build\tests\mozbase\moznetwork
17:04:34     INFO -    Requirement already satisfied (use --upgrade to upgrade): moznetwork==0.27 from file:///C:/slave/test/build/tests/mozbase/moznetwork in c:\slave\test\build\venv\lib\site-packages (from -r C:\slave\test\build\tests\config\mozbase_requirements.txt (line 11))
17:04:34     INFO -  Processing c:\slave\test\build\tests\mozbase\mozprocess
17:04:35     INFO -    Requirement already satisfied (use --upgrade to upgrade): mozprocess==0.23 from file:///C:/slave/test/build/tests/mozbase/mozprocess in c:\slave\test\build\venv\lib\site-packages (from -r C:\slave\test\build\tests\config\mozbase_requirements.txt (line 12))
17:04:35     INFO -  Processing c:\slave\test\build\tests\mozbase\mozprofile
17:04:35     INFO -    Requirement already satisfied (use --upgrade to upgrade): mozprofile==0.28 from file:///C:/slave/test/build/tests/mozbase/mozprofile in c:\slave\test\build\venv\lib\site-packages (from -r C:\slave\test\build\tests\config\mozbase_requirements.txt (line 13))
17:04:35     INFO -  Processing c:\slave\test\build\tests\mozbase\mozrunner
17:04:35     INFO -    Requirement already satisfied (use --upgrade to upgrade): mozrunner==6.13 from file:///C:/slave/test/build/tests/mozbase/mozrunner in c:\slave\test\build\venv\lib\site-packages (from -r C:\slave\test\build\tests\config\mozbase_requirements.txt (line 14))
17:04:35     INFO -  Processing c:\slave\test\build\tests\mozbase\mozscreenshot
17:04:36     INFO -    Requirement already satisfied (use --upgrade to upgrade): mozscreenshot==0.1 from file:///C:/slave/test/build/tests/mozbase/mozscreenshot in c:\slave\test\build\venv\lib\site-packages (from -r C:\slave\test\build\tests\config\mozbase_requirements.txt (line 15))
17:04:36     INFO -  Processing c:\slave\test\build\tests\mozbase\moztest
17:04:36     INFO -    Requirement already satisfied (use --upgrade to upgrade): moztest==0.8 from file:///C:/slave/test/build/tests/mozbase/moztest in c:\slave\test\build\venv\lib\site-packages (from -r C:\slave\test\build\tests\config\mozbase_requirements.txt (line 16))
17:04:36     INFO -  Processing c:\slave\test\build\tests\mozbase\mozversion
17:04:36     INFO -    Requirement already satisfied (use --upgrade to upgrade): mozversion==1.4 from file:///C:/slave/test/build/tests/mozbase/mozversion in c:\slave\test\build\venv\lib\site-packages (from -r C:\slave\test\build\tests\config\mozbase_requirements.txt (line 17))
17:04:36     INFO -  Processing c:\slave\test\build\tests\tools\wptserve
17:04:36     INFO -  Processing c:\slave\test\build\tests\marionette\client
17:04:37     INFO -  Processing c:\slave\test\build\tests\marionette\harness\marionette_harness\runner\mixins\browsermob-proxy-py
17:04:37     INFO -  Processing c:\slave\test\build\tests\marionette\harness
17:04:38     INFO -  Processing c:\slave\test\build\tests\marionette\puppeteer\firefox
17:04:38     INFO -  Building wheels for collected packages: browsermob-proxy
17:04:38     INFO -    Running setup.py bdist_wheel for browsermob-proxy: started
17:04:38     INFO -    Running setup.py bdist_wheel for browsermob-proxy: finished with status 'done'
17:04:38     INFO -    Stored in directory: C:\Users\cltbld.T-W864-IX-062.001\AppData\Local\pip\Cache\wheels\08\c0\29\e3a3f32d6ca19470885c6032e6c0a54976e207f709e0326988
17:04:39     INFO -  Successfully built browsermob-proxy
17:04:39     INFO -  Installing collected packages: wptserve, marionette-driver, browsermob-proxy, marionette-harness, firefox-puppeteer
17:04:39     INFO -    Running setup.py install for wptserve: started
17:04:39     INFO -      Running setup.py install for wptserve: finished with status 'done'
17:04:40     INFO -    Running setup.py install for marionette-driver: started
17:04:40     INFO -      Running setup.py install for marionette-driver: finished with status 'done'
17:04:40     INFO -    Running setup.py install for marionette-harness: started
17:04:41     INFO -      Running setup.py install for marionette-harness: finished with status 'done'
17:04:42     INFO -    Running setup.py install for firefox-puppeteer: started
17:04:42     INFO -      Running setup.py install for firefox-puppeteer: finished with status 'done'
17:04:43     INFO -  Successfully installed browsermob-proxy-0.6.0 firefox-puppeteer-52.1.0 marionette-driver-2.2.0 marionette-harness-4.0.0 wptserve-1.4.0
17:04:46     INFO - Return code: 0
17:04:46     INFO - Installing None into virtualenv C:\slave\test\build\venv
17:04:46     INFO - retry: Calling run_command with args: [['C:\\slave\\test\\build\\venv\\Scripts\\pip', 'install', '--timeout', '120', '-r', 'C:\\slave\\test\\build\\tests\\config\\marionette_requirements.txt', '--no-index', '--find-links', 'http://pypi.pvt.build.mozilla.org/pub', '--find-links', 'http://pypi.pub.build.mozilla.org/pub', '--trusted-host', 'pypi.pub.build.mozilla.org', '--trusted-host', 'pypi.pvt.build.mozilla.org']], kwargs: {'error_level': 'warning', 'error_list': [{'substr': 'not found or a compiler error:', 'level': 'warning'}, {'regex': <_sre.SRE_Pattern object at 0x023023A0>, 'level': 'error'}, {'regex': <_sre.SRE_Pattern object at 0x023F3020>, 'level': 'warning'}, {'regex': <_sre.SRE_Pattern object at 0x02429238>, 'level': 'debug'}, {'substr': 'command not found', 'level': 'error'}, {'regex': <_sre.SRE_Pattern object at 0x023A4758>, 'level': 'warning'}, {'substr': 'Traceback (most recent call last)', 'level': 'error'}, {'substr': 'SyntaxError: ', 'level': 'error'}, {'substr': 'TypeError: ', 'level': 'error'}, {'substr': 'NameError: ', 'level': 'error'}, {'substr': 'ZeroDivisionError: ', 'level': 'error'}, {'regex': <_sre.SRE_Pattern object at 0x01E0AB20>, 'level': 'critical'}, {'regex': <_sre.SRE_Pattern object at 0x023C3660>, 'level': 'critical'}], 'cwd': 'C:\\slave\\test\\build\\tests\\config', 'env': {'TMP': 'C:\\Users\\CLTBLD~1.001\\AppData\\Local\\Temp', 'TEST1': 'testie', 'COMPUTERNAME': 'T-W864-IX-062', 'USERDOMAIN': 'T-W864-IX-062', 'KTS_VERSION': '1.19c', 'PSMODULEPATH': 'C:\\windows\\system32\\WindowsPowerShell\\v1.0\\Modules\\', 'COMMONPROGRAMFILES': 'C:\\Program Files (x86)\\Common Files', 'PROCESSOR_IDENTIFIER': 'Intel64 Family 6 Model 30 Stepping 5, GenuineIntel', 'PROGRAMFILES': 'C:\\Program Files (x86)', 'PROCESSOR_REVISION': '1e05', 'DNSSUFFIX': 'wintest.releng.scl3.mozilla.com', 'SYSTEMROOT': 'C:\\windows', 'NO_EM_RESTART': '1', 'PROGRAMFILES(X86)': 'C:\\Program Files (x86)', 'OURDRIVE': 'C:', 'MOZ_HIDE_RESULTS_TABLE': '1', 'XPCOM_DEBUG_BREAK': 'warn', 'MONDIR': 'C:\\Monitor_config\\', 'TEMP': 'C:\\Users\\CLTBLD~1.001\\AppData\\Local\\Temp', 'COMMONPROGRAMFILES(X86)': 'C:\\Program Files (x86)\\Common Files', 'RUNLOGFILE': 'C:\\slave\\\\runslave.log', 'PROCESSOR_ARCHITECTURE': 'x86', 'ALLUSERSPROFILE': 'C:\\ProgramData', 'USERPROFILE': 'C:\\Users\\cltbld.T-W864-IX-062.001', 'LOCALAPPDATA': 'C:\\Users\\cltbld.T-W864-IX-062.001\\AppData\\Local', 'HOMEPATH': '\\Users\\cltbld.T-W864-IX-062.001', 'USERDOMAIN_ROAMINGPROFILE': 'T-W864-IX-062', 'MOZBUILDDIR': 'C:\\mozilla-build\\', 'PROGRAMW6432': 'C:\\Program Files', 'USERNAME': 'cltbld', 'LOGONSERVER': '\\\\T-W864-IX-062', 'MOZ_NO_REMOTE': '1', 'COMSPEC': 'C:\\windows\\system32\\cmd.exe', 'PROGRAMDATA': 'C:\\ProgramData', 'PROPERTIES_FILE': 'C:\\slave\\test/buildprops.json', 'PATH': 'C:\\Program Files (x86)\\NVIDIA Corporation\\PhysX\\Common;C:\\windows\\system32;C:\\windows;C:\\windows\\System32\\Wbem;C:\\windows\\System32\\WindowsPowerShell\\v1.0\\;C:\\mozilla-build\\python27;C:\\mozilla-build\\python27\\Scripts;C:\\mozilla-build\\msys\\bin;C:\\mozilla-build\\vim\\vim72;C:\\mozilla-build\\wget;C:\\mozilla-build\\info-zip;C:\\CoreUtils\\bin;C:\\mozilla-build\\buildbotve\\scripts;C:\\mozilla-build\\hg', 'PROMPT': '$P$G', 'NO_FAIL_ON_TEST_ERRORS': '1', 'PATHEXT': '.COM;.EXE;.BAT;.CMD;.VBS;.VBE;.JS;.JSE;.WSF;.WSH;.MSC', 'FP_NO_HOST_CHECK': 'NO', 'DCLOCATION': 'SCL3', 'APPDATA': 'C:\\Users\\cltbld.T-W864-IX-062.001\\AppData\\Roaming', 'HOMEDRIVE': 'C:', 'SYSTEMDRIVE': 'C:', 'SLAVEDIR': 'C:\\slave\\', 'NUMBER_OF_PROCESSORS': '8', 'PWD': 'C:\\slave\\test', 'PROCESSOR_LEVEL': '6', 'KTS_HOME': 'C:\\Program Files\\KTS', 'PROCESSOR_ARCHITEW6432': 'AMD64', 'MOZ_CRASHREPORTER_NO_REPORT': '1', 'COMMONPROGRAMW6432': 'C:\\Program Files\\Common Files', 'OS': 'Windows_NT', 'PUBLIC': 'C:\\Users\\Public', 'WINDIR': 'C:\\windows'}}, attempt #1
17:04:46     INFO - Running command: ['C:\\slave\\test\\build\\venv\\Scripts\\pip', 'install', '--timeout', '120', '-r', 'C:\\slave\\test\\build\\tests\\config\\marionette_requirements.txt', '--no-index', '--find-links', 'http://pypi.pvt.build.mozilla.org/pub', '--find-links', 'http://pypi.pub.build.mozilla.org/pub', '--trusted-host', 'pypi.pub.build.mozilla.org', '--trusted-host', 'pypi.pvt.build.mozilla.org'] in C:\slave\test\build\tests\config
17:04:46     INFO - Copy/paste: C:\slave\test\build\venv\Scripts\pip install --timeout 120 -r C:\slave\test\build\tests\config\marionette_requirements.txt --no-index --find-links http://pypi.pvt.build.mozilla.org/pub --find-links http://pypi.pub.build.mozilla.org/pub --trusted-host pypi.pub.build.mozilla.org --trusted-host pypi.pvt.build.mozilla.org
17:04:46     INFO - Using env: {'ALLUSERSPROFILE': 'C:\\ProgramData',
17:04:46     INFO -  'APPDATA': 'C:\\Users\\cltbld.T-W864-IX-062.001\\AppData\\Roaming',
17:04:46     INFO -  'COMMONPROGRAMFILES': 'C:\\Program Files (x86)\\Common Files',
17:04:46     INFO -  'COMMONPROGRAMFILES(X86)': 'C:\\Program Files (x86)\\Common Files',
17:04:46     INFO -  'COMMONPROGRAMW6432': 'C:\\Program Files\\Common Files',
17:04:46     INFO -  'COMPUTERNAME': 'T-W864-IX-062',
17:04:46     INFO -  'COMSPEC': 'C:\\windows\\system32\\cmd.exe',
17:04:46     INFO -  'DCLOCATION': 'SCL3',
17:04:46     INFO -  'DNSSUFFIX': 'wintest.releng.scl3.mozilla.com',
17:04:46     INFO -  'FP_NO_HOST_CHECK': 'NO',
17:04:46     INFO -  'HOMEDRIVE': 'C:',
17:04:46     INFO -  'HOMEPATH': '\\Users\\cltbld.T-W864-IX-062.001',
17:04:46     INFO -  'KTS_HOME': 'C:\\Program Files\\KTS',
17:04:46     INFO -  'KTS_VERSION': '1.19c',
17:04:46     INFO -  'LOCALAPPDATA': 'C:\\Users\\cltbld.T-W864-IX-062.001\\AppData\\Local',
17:04:46     INFO -  'LOGONSERVER': '\\\\T-W864-IX-062',
17:04:46     INFO -  'MONDIR': 'C:\\Monitor_config\\',
17:04:46     INFO -  'MOZBUILDDIR': 'C:\\mozilla-build\\',
17:04:46     INFO -  'MOZ_CRASHREPORTER_NO_REPORT': '1',
17:04:46     INFO -  'MOZ_HIDE_RESULTS_TABLE': '1',
17:04:46     INFO -  'MOZ_NO_REMOTE': '1',
17:04:46     INFO -  'NO_EM_RESTART': '1',
17:04:46     INFO -  'NO_FAIL_ON_TEST_ERRORS': '1',
17:04:46     INFO -  'NUMBER_OF_PROCESSORS': '8',
17:04:46     INFO -  'OS': 'Windows_NT',
17:04:46     INFO -  'OURDRIVE': 'C:',
17:04:46     INFO -  'PATH': 'C:\\Program Files (x86)\\NVIDIA Corporation\\PhysX\\Common;C:\\windows\\system32;C:\\windows;C:\\windows\\System32\\Wbem;C:\\windows\\System32\\WindowsPowerShell\\v1.0\\;C:\\mozilla-build\\python27;C:\\mozilla-build\\python27\\Scripts;C:\\mozilla-build\\msys\\bin;C:\\mozilla-build\\vim\\vim72;C:\\mozilla-build\\wget;C:\\mozilla-build\\info-zip;C:\\CoreUtils\\bin;C:\\mozilla-build\\buildbotve\\scripts;C:\\mozilla-build\\hg',
17:04:46     INFO -  'PATHEXT': '.COM;.EXE;.BAT;.CMD;.VBS;.VBE;.JS;.JSE;.WSF;.WSH;.MSC',
17:04:46     INFO -  'PROCESSOR_ARCHITECTURE': 'x86',
17:04:46     INFO -  'PROCESSOR_ARCHITEW6432': 'AMD64',
17:04:46     INFO -  'PROCESSOR_IDENTIFIER': 'Intel64 Family 6 Model 30 Stepping 5, GenuineIntel',
17:04:46     INFO -  'PROCESSOR_LEVEL': '6',
17:04:46     INFO -  'PROCESSOR_REVISION': '1e05',
17:04:46     INFO -  'PROGRAMDATA': 'C:\\ProgramData',
17:04:46     INFO -  'PROGRAMFILES': 'C:\\Program Files (x86)',
17:04:46     INFO -  'PROGRAMFILES(X86)': 'C:\\Program Files (x86)',
17:04:46     INFO -  'PROGRAMW6432': 'C:\\Program Files',
17:04:46     INFO -  'PROMPT': '$P$G',
17:04:46     INFO -  'PROPERTIES_FILE': 'C:\\slave\\test/buildprops.json',
17:04:46     INFO -  'PSMODULEPATH': 'C:\\windows\\system32\\WindowsPowerShell\\v1.0\\Modules\\',
17:04:46     INFO -  'PUBLIC': 'C:\\Users\\Public',
17:04:46     INFO -  'PWD': 'C:\\slave\\test',
17:04:46     INFO -  'RUNLOGFILE': 'C:\\slave\\\\runslave.log',
17:04:46     INFO -  'SLAVEDIR': 'C:\\slave\\',
17:04:46     INFO -  'SYSTEMDRIVE': 'C:',
17:04:46     INFO -  'SYSTEMROOT': 'C:\\windows',
17:04:46     INFO -  'TEMP': 'C:\\Users\\CLTBLD~1.001\\AppData\\Local\\Temp',
17:04:46     INFO -  'TEST1': 'testie',
17:04:46     INFO -  'TMP': 'C:\\Users\\CLTBLD~1.001\\AppData\\Local\\Temp',
17:04:46     INFO -  'USERDOMAIN': 'T-W864-IX-062',
17:04:46     INFO -  'USERDOMAIN_ROAMINGPROFILE': 'T-W864-IX-062',
17:04:46     INFO -  'USERNAME': 'cltbld',
17:04:46     INFO -  'USERPROFILE': 'C:\\Users\\cltbld.T-W864-IX-062.001',
17:04:46     INFO -  'WINDIR': 'C:\\windows',
17:04:46     INFO -  'XPCOM_DEBUG_BREAK': 'warn'}
17:04:47     INFO -  Ignoring indexes: https://pypi.python.org/simple
17:04:47     INFO -  Processing c:\slave\test\build\tests\mozbase\manifestparser
17:04:47     INFO -    Requirement already satisfied (use --upgrade to upgrade): manifestparser==1.1 from file:///C:/slave/test/build/tests/mozbase/manifestparser in c:\slave\test\build\venv\lib\site-packages (from -r C:\slave\test\build\tests\config\mozbase_requirements.txt (line 1))
17:04:47     INFO -  Processing c:\slave\test\build\tests\mozbase\mozcrash
17:04:47     INFO -    Requirement already satisfied (use --upgrade to upgrade): mozcrash==1.0 from file:///C:/slave/test/build/tests/mozbase/mozcrash in c:\slave\test\build\venv\lib\site-packages (from -r C:\slave\test\build\tests\config\mozbase_requirements.txt (line 2))
17:04:47     INFO -  Processing c:\slave\test\build\tests\mozbase\mozdebug
17:04:48     INFO -    Requirement already satisfied (use --upgrade to upgrade): mozdebug==0.1 from file:///C:/slave/test/build/tests/mozbase/mozdebug in c:\slave\test\build\venv\lib\site-packages (from -r C:\slave\test\build\tests\config\mozbase_requirements.txt (line 3))
17:04:48     INFO -  Processing c:\slave\test\build\tests\mozbase\mozdevice
17:04:48     INFO -    Requirement already satisfied (use --upgrade to upgrade): mozdevice==0.48 from file:///C:/slave/test/build/tests/mozbase/mozdevice in c:\slave\test\build\venv\lib\site-packages (from -r C:\slave\test\build\tests\config\mozbase_requirements.txt (line 4))
17:04:48     INFO -  Processing c:\slave\test\build\tests\mozbase\mozfile
17:04:48     INFO -    Requirement already satisfied (use --upgrade to upgrade): mozfile==1.2 from file:///C:/slave/test/build/tests/mozbase/mozfile in c:\slave\test\build\venv\lib\site-packages (from -r C:\slave\test\build\tests\config\mozbase_requirements.txt (line 5))
17:04:48     INFO -  Processing c:\slave\test\build\tests\mozbase\mozhttpd
17:04:48     INFO -    Requirement already satisfied (use --upgrade to upgrade): mozhttpd==0.7 from file:///C:/slave/test/build/tests/mozbase/mozhttpd in c:\slave\test\build\venv\lib\site-packages (from -r C:\slave\test\build\tests\config\mozbase_requirements.txt (line 6))
17:04:48     INFO -  Processing c:\slave\test\build\tests\mozbase\mozinfo
17:04:49     INFO -    Requirement already satisfied (use --upgrade to upgrade): mozinfo==0.9 from file:///C:/slave/test/build/tests/mozbase/mozinfo in c:\slave\test\build\venv\lib\site-packages (from -r C:\slave\test\build\tests\config\mozbase_requirements.txt (line 7))
17:04:49     INFO -  Processing c:\slave\test\build\tests\mozbase\mozinstall
17:04:49     INFO -    Requirement already satisfied (use --upgrade to upgrade): mozInstall==1.12 from file:///C:/slave/test/build/tests/mozbase/mozinstall in c:\slave\test\build\venv\lib\site-packages (from -r C:\slave\test\build\tests\config\mozbase_requirements.txt (line 8))
17:04:49     INFO -  Processing c:\slave\test\build\tests\mozbase\mozleak
17:04:49     INFO -    Requirement already satisfied (use --upgrade to upgrade): mozleak==0.1 from file:///C:/slave/test/build/tests/mozbase/mozleak in c:\slave\test\build\venv\lib\site-packages (from -r C:\slave\test\build\tests\config\mozbase_requirements.txt (line 9))
17:04:49     INFO -  Processing c:\slave\test\build\tests\mozbase\mozlog
17:04:49     INFO -    Requirement already satisfied (use --upgrade to upgrade): mozlog==3.4 from file:///C:/slave/test/build/tests/mozbase/mozlog in c:\slave\test\build\venv\lib\site-packages (from -r C:\slave\test\build\tests\config\mozbase_requirements.txt (line 10))
17:04:49     INFO -  Processing c:\slave\test\build\tests\mozbase\moznetwork
17:04:50     INFO -    Requirement already satisfied (use --upgrade to upgrade): moznetwork==0.27 from file:///C:/slave/test/build/tests/mozbase/moznetwork in c:\slave\test\build\venv\lib\site-packages (from -r C:\slave\test\build\tests\config\mozbase_requirements.txt (line 11))
17:04:50     INFO -  Processing c:\slave\test\build\tests\mozbase\mozprocess
17:04:50     INFO -    Requirement already satisfied (use --upgrade to upgrade): mozprocess==0.23 from file:///C:/slave/test/build/tests/mozbase/mozprocess in c:\slave\test\build\venv\lib\site-packages (from -r C:\slave\test\build\tests\config\mozbase_requirements.txt (line 12))
17:04:50     INFO -  Processing c:\slave\test\build\tests\mozbase\mozprofile
17:04:50     INFO -    Requirement already satisfied (use --upgrade to upgrade): mozprofile==0.28 from file:///C:/slave/test/build/tests/mozbase/mozprofile in c:\slave\test\build\venv\lib\site-packages (from -r C:\slave\test\build\tests\config\mozbase_requirements.txt (line 13))
17:04:50     INFO -  Processing c:\slave\test\build\tests\mozbase\mozrunner
17:04:51     INFO -    Requirement already satisfied (use --upgrade to upgrade): mozrunner==6.13 from file:///C:/slave/test/build/tests/mozbase/mozrunner in c:\slave\test\build\venv\lib\site-packages (from -r C:\slave\test\build\tests\config\mozbase_requirements.txt (line 14))
17:04:51     INFO -  Processing c:\slave\test\build\tests\mozbase\mozscreenshot
17:04:51     INFO -    Requirement already satisfied (use --upgrade to upgrade): mozscreenshot==0.1 from file:///C:/slave/test/build/tests/mozbase/mozscreenshot in c:\slave\test\build\venv\lib\site-packages (from -r C:\slave\test\build\tests\config\mozbase_requirements.txt (line 15))
17:04:51     INFO -  Processing c:\slave\test\build\tests\mozbase\moztest
17:04:52     INFO -    Requirement already satisfied (use --upgrade to upgrade): moztest==0.8 from file:///C:/slave/test/build/tests/mozbase/moztest in c:\slave\test\build\venv\lib\site-packages (from -r C:\slave\test\build\tests\config\mozbase_requirements.txt (line 16))
17:04:52     INFO -  Processing c:\slave\test\build\tests\mozbase\mozversion
17:04:52     INFO -    Requirement already satisfied (use --upgrade to upgrade): mozversion==1.4 from file:///C:/slave/test/build/tests/mozbase/mozversion in c:\slave\test\build\venv\lib\site-packages (from -r C:\slave\test\build\tests\config\mozbase_requirements.txt (line 17))
17:04:52     INFO -  Processing c:\slave\test\build\tests\tools\wptserve
17:04:52     INFO -    Requirement already satisfied (use --upgrade to upgrade): wptserve==1.4.0 from file:///C:/slave/test/build/tests/tools/wptserve in c:\slave\test\build\venv\lib\site-packages (from -r C:\slave\test\build\tests\config\marionette_requirements.txt (line 3))
17:04:52     INFO -  Processing c:\slave\test\build\tests\marionette\client
17:04:52     INFO -    Requirement already satisfied (use --upgrade to upgrade): marionette-driver==2.2.0 from file:///C:/slave/test/build/tests/marionette/client in c:\slave\test\build\venv\lib\site-packages (from -r C:\slave\test\build\tests\config\marionette_requirements.txt (line 4))
17:04:52     INFO -  Processing c:\slave\test\build\tests\marionette\harness\marionette_harness\runner\mixins\browsermob-proxy-py
17:04:53     INFO -    Requirement already satisfied (use --upgrade to upgrade): browsermob-proxy==0.6.0 from file:///C:/slave/test/build/tests/marionette/harness/marionette_harness/runner/mixins/browsermob-proxy-py in c:\slave\test\build\venv\lib\site-packages (from -r C:\slave\test\build\tests\config\marionette_requirements.txt (line 5))
17:04:53     INFO -  Processing c:\slave\test\build\tests\marionette\harness
17:04:53     INFO -    Requirement already satisfied (use --upgrade to upgrade): marionette-harness==4.0.0 from file:///C:/slave/test/build/tests/marionette/harness in c:\slave\test\build\venv\lib\site-packages (from -r C:\slave\test\build\tests\config\marionette_requirements.txt (line 6))
17:04:53     INFO -  Processing c:\slave\test\build\tests\marionette\puppeteer\firefox
17:04:53     INFO -    Requirement already satisfied (use --upgrade to upgrade): firefox-puppeteer==52.1.0 from file:///C:/slave/test/build/tests/marionette/puppeteer/firefox in c:\slave\test\build\venv\lib\site-packages (from -r C:\slave\test\build\tests\config\marionette_requirements.txt (line 9))
17:04:53     INFO -  Requirement already satisfied (use --upgrade to upgrade): mozfile>=1.0 in c:\slave\test\build\venv\lib\site-packages (from mozcrash==1.0->-r C:\slave\test\build\tests\config\mozbase_requirements.txt (line 2))
17:04:53     INFO -  Requirement already satisfied (use --upgrade to upgrade): mozlog>=3.0 in c:\slave\test\build\venv\lib\site-packages (from mozcrash==1.0->-r C:\slave\test\build\tests\config\mozbase_requirements.txt (line 2))
17:04:53     INFO -  Requirement already satisfied (use --upgrade to upgrade): mozinfo in c:\slave\test\build\venv\lib\site-packages (from mozdebug==0.1->-r C:\slave\test\build\tests\config\mozbase_requirements.txt (line 3))
17:04:53     INFO -  Requirement already satisfied (use --upgrade to upgrade): moznetwork>=0.24 in c:\slave\test\build\venv\lib\site-packages (from mozdevice==0.48->-r C:\slave\test\build\tests\config\mozbase_requirements.txt (line 4))
17:04:53     INFO -  Requirement already satisfied (use --upgrade to upgrade): mozprocess>=0.19 in c:\slave\test\build\venv\lib\site-packages (from mozdevice==0.48->-r C:\slave\test\build\tests\config\mozbase_requirements.txt (line 4))
17:04:53     INFO -  Requirement already satisfied (use --upgrade to upgrade): blessings>=1.3 in c:\slave\test\build\venv\lib\site-packages (from mozlog==3.4->-r C:\slave\test\build\tests\config\mozbase_requirements.txt (line 10))
17:04:53     INFO -  Requirement already satisfied (use --upgrade to upgrade): requests>=1.1.0 in c:\slave\test\build\venv\lib\site-packages (from browsermob-proxy==0.6.0->-r C:\slave\test\build\tests\config\marionette_requirements.txt (line 5))
17:04:53     INFO -  Building wheels for collected packages: browsermob-proxy
17:04:53     INFO -    Running setup.py bdist_wheel for browsermob-proxy: started
17:04:54     INFO -    Running setup.py bdist_wheel for browsermob-proxy: finished with status 'done'
17:04:54     INFO -    Stored in directory: C:\Users\cltbld.T-W864-IX-062.001\AppData\Local\pip\Cache\wheels\08\c0\29\e3a3f32d6ca19470885c6032e6c0a54976e207f709e0326988
17:04:55     INFO -  Successfully built browsermob-proxy
17:05:00     INFO - Return code: 0
17:05:00     INFO - Done creating virtualenv C:\slave\test\build\venv.
17:05:00     INFO - Getting output from command: ['C:\\slave\\test\\build\\venv\\Scripts\\pip', 'freeze']
17:05:00     INFO - Copy/paste: C:\slave\test\build\venv\Scripts\pip freeze
17:05:01     INFO - Reading from file tmpfile_stdout
17:05:01     INFO - Reading from file tmpfile_stderr
17:05:01     INFO - Using _rmtree_windows ...
17:05:01     INFO - Using _rmtree_windows ...
17:05:01     INFO - Current package versions:
17:05:01     INFO -   blessings == 1.6
17:05:01     INFO -   blobuploader == 1.2.4
17:05:01     INFO -   browsermob-proxy == 0.6.0
17:05:01     INFO -   docopt == 0.6.1
17:05:01     INFO -   firefox-puppeteer == 52.1.0
17:05:01     INFO -   functools32 == 3.2.3.post2
17:05:01     INFO -   jsonschema == 2.5.1
17:05:01     INFO -   manifestparser == 1.1
17:05:01     INFO -   marionette-driver == 2.2.0
17:05:01     INFO -   marionette-harness == 4.0.0
17:05:01     INFO -   mock == 1.0.1
17:05:01     INFO -   mozInstall == 1.12
17:05:01     INFO -   mozcrash == 1.0
17:05:01     INFO -   mozdebug == 0.1
17:05:01     INFO -   mozdevice == 0.48
17:05:01     INFO -   mozfile == 1.2
17:05:01     INFO -   mozhttpd == 0.7
17:05:01     INFO -   mozinfo == 0.9
17:05:01     INFO -   mozleak == 0.1
17:05:01     INFO -   mozlog == 3.4
17:05:01     INFO -   moznetwork == 0.27
17:05:01     INFO -   mozprocess == 0.23
17:05:01     INFO -   mozprofile == 0.28
17:05:01     INFO -   mozrunner == 6.13
17:05:01     INFO -   mozscreenshot == 0.1
17:05:01     INFO -   mozsystemmonitor == 0.3
17:05:01     INFO -   moztest == 0.8
17:05:01     INFO -   mozversion == 1.4
17:05:01     INFO -   psutil == 3.1.1
17:05:01     INFO -   pypiwin32 == 219
17:05:01     INFO -   requests == 1.2.3
17:05:01     INFO -   simplejson == 3.3.0
17:05:01     INFO -   six == 1.10.0
17:05:01     INFO -   vcversioner == 2.16.0.0
17:05:01     INFO -   wptserve == 1.4.0
17:05:01     INFO - Running post-action listener: _resource_record_post_action
17:05:01     INFO - Running post-action listener: _start_resource_monitoring
17:05:01     INFO - Starting resource monitoring.
17:05:01     INFO - [mozharness: 2018-06-10 00:05:01.395000Z] Finished create-virtualenv step (success)
17:05:01     INFO - [mozharness: 2018-06-10 00:05:01.395000Z] Running install step.
17:05:01     INFO - Running pre-action listener: _resource_record_pre_action
17:05:01     INFO - Running main action method: install
17:05:01     INFO - Getting output from command: ['C:\\slave\\test\\build\\venv\\Scripts\\pip', 'freeze']
17:05:01     INFO - Copy/paste: C:\slave\test\build\venv\Scripts\pip freeze
17:05:02     INFO - Reading from file tmpfile_stdout
17:05:02     INFO - Reading from file tmpfile_stderr
17:05:02     INFO - Using _rmtree_windows ...
17:05:02     INFO - Using _rmtree_windows ...
17:05:02     INFO - Detecting whether we're running mozinstall >=1.0...
17:05:02     INFO - Getting output from command: ['C:\\slave\\test/build/venv/scripts/python', 'C:\\slave\\test/build/venv/scripts/mozinstall-script.py', '-h']
17:05:02     INFO - Copy/paste: C:\slave\test/build/venv/scripts/python C:\slave\test/build/venv/scripts/mozinstall-script.py -h
17:05:02     INFO - Reading from file tmpfile_stdout
17:05:02     INFO - Output received:
17:05:02     INFO -  Usage: mozinstall-script.py [options] installer
17:05:02     INFO -  Options:
17:05:02     INFO -    -h, --help            show this help message and exit
17:05:02     INFO -    -d DEST, --destination=DEST
17:05:02     INFO -                          Directory to install application into. [default:
17:05:02     INFO -                          "C:\slave\test"]
17:05:02     INFO -    --app=APP             Application being installed. [default: firefox]
17:05:02     INFO - Using _rmtree_windows ...
17:05:02     INFO - Using _rmtree_windows ...
17:05:02     INFO - mkdir: C:\slave\test\build\application
17:05:02     INFO - Getting output from command: ['C:\\slave\\test/build/venv/scripts/python', 'C:\\slave\\test/build/venv/scripts/mozinstall-script.py', 'C:\\slave\\test\\build\\installer.zip', '--destination', 'C:\\slave\\test\\build\\application']
17:05:02     INFO - Copy/paste: C:\slave\test/build/venv/scripts/python C:\slave\test/build/venv/scripts/mozinstall-script.py C:\slave\test\build\installer.zip --destination C:\slave\test\build\application
17:05:04     INFO - Reading from file tmpfile_stdout
17:05:04     INFO - Output received:
17:05:04     INFO -  C:\slave\test\build\application\firefox\firefox.exe
17:05:04     INFO - Using _rmtree_windows ...
17:05:04     INFO - Using _rmtree_windows ...
17:05:04     INFO - Running post-action listener: _resource_record_post_action
17:05:04     INFO - [mozharness: 2018-06-10 00:05:04.113000Z] Finished install step (success)
17:05:04     INFO - [mozharness: 2018-06-10 00:05:04.114000Z] Running stage-files step.
17:05:04     INFO - Running pre-action listener: _resource_record_pre_action
17:05:04     INFO - Running main action method: stage_files
17:05:04     INFO - Moving C:\slave\test\build\tests\bin\plugins\gmp-clearkey to C:\slave\test\build\application\firefox
17:05:04    ERROR - shutil error: Destination path 'C:\slave\test\build\application\firefox\gmp-clearkey' already exists
17:05:04     INFO - Moving C:\slave\test\build\tests\bin\plugins\gmp-fake to C:\slave\test\build\application\firefox
17:05:04     INFO - Moving C:\slave\test\build\tests\bin\plugins\gmp-fakeopenh264 to C:\slave\test\build\application\firefox
17:05:04     INFO - Moving C:\slave\test\build\tests\gtest\dependentlibs.list.gtest to C:\slave\test\build\application\firefox
17:05:04    ERROR - IO error: [Errno 2] No such file or directory: 'C:\\slave\\test\\build\\tests\\gtest\\dependentlibs.list.gtest'
17:05:04     INFO - copying tree: C:\slave\test\build\tests\gtest\gtest_bin to C:\slave\test\build\application\firefox
17:05:04     INFO - Running post-action listener: _resource_record_post_action
17:05:04     INFO - [mozharness: 2018-06-10 00:05:04.122000Z] Finished stage-files step (failed)
17:05:04    FATAL - Uncaught exception: Traceback (most recent call last):
17:05:04    FATAL -   File "C:\slave\test\scripts\mozharness\base\script.py", line 2034, in run
17:05:04    FATAL -     self.run_action(action)
17:05:04    FATAL -   File "C:\slave\test\scripts\mozharness\base\script.py", line 1973, in run_action
17:05:04    FATAL -     self._possibly_run_method(method_name, error_if_missing=True)
17:05:04    FATAL -   File "C:\slave\test\scripts\mozharness\base\script.py", line 1913, in _possibly_run_method
17:05:04    FATAL -     return getattr(self, method_name)()
17:05:04    FATAL -   File "scripts/scripts/desktop_unittest.py", line 557, in stage_files
17:05:04    FATAL -     stage(suites)
17:05:04    FATAL -   File "scripts/scripts/desktop_unittest.py", line 616, in _stage_gtest
17:05:04    FATAL -     os.path.join(abs_app_dir))
17:05:04    FATAL -   File "C:\slave\test\scripts\mozharness\base\script.py", line 872, in copytree
17:05:04    FATAL -     files = os.listdir(src)
17:05:04    FATAL - WindowsError: [Error 3] The system cannot find the path specified: 'C:\\slave\\test\\build\\tests\\gtest\\gtest_bin/*.*'
17:05:04    FATAL - Running post_fatal callback...
17:05:04    FATAL - Exiting -1
17:05:04     INFO - Running post-run listener: _resource_record_post_run
17:05:04     INFO - instance_metadata.json not found; unable to determine instance type
17:05:04     INFO - Validating Perfherder data against C:\slave\test\scripts\external_tools\performance-artifact-schema.json
17:05:04     INFO - PERFHERDER_DATA: {"framework": {"name": "job_resource_usage"}, "suites": [{"subtests": [{"name": "cpu_percent", "value": 12.40625}, {"name": "io_write_bytes", "value": 9338368}, {"name": "io.read_bytes", "value": 0}, {"name": "io_write_time", "value": 17930}, {"name": "io_read_time", "value": 0}], "extraOptions": ["buildbot-unknown"], "name": "gtest.gtest.overall"}, {"subtests": [{"name": "time", "value": 2.7170000076293945}, {"name": "cpu_percent", "value": 12.40625}], "name": "gtest.gtest.install"}, {"subtests": [{"name": "time", "value": 0.007999897003173828}], "name": "gtest.gtest.stage-files"}]}
17:05:04     INFO - Total resource usage - Wall time: 2s; CPU: Can't collect data; Read bytes: 0; Write bytes: 9338368; Read time: 0; Write time: 17930
17:05:04     INFO - TinderboxPrint: I/O read bytes / time<br/>0 / 0
17:05:04     INFO - TinderboxPrint: I/O write bytes / time<br/>9,338,368 / 17,930
17:05:04     INFO - TinderboxPrint: CPU idle<br/>14.2 (87.7%)
17:05:04     INFO - TinderboxPrint: CPU system<br/>0.4 (2.2%)
17:05:04     INFO - TinderboxPrint: CPU user<br/>1.6 (10.1%)
17:05:04     INFO - install - Wall time: 3s; CPU: 12.0%; Read bytes: 0; Write bytes: 9338368; Read time: 0; Write time: 17930
17:05:04     INFO - stage-files - Wall time: 0s; CPU: Can't collect data; Read bytes: 0; Write bytes: 0; Read time: 0; Write time: 0
17:05:04     INFO - Running post-run listener: _upload_blobber_files
17:05:04     INFO - Blob upload gear active.
17:05:04     INFO - Preparing to upload files from C:\slave\test\build\blobber_upload_dir.
17:05:04     INFO - Files from C:\slave\test\build\blobber_upload_dir are to be uploaded with <mozilla-esr52> branch at the following location(s): https://blobupload.elasticbeanstalk.com
17:05:04     INFO - Running command: ['C:\\slave\\test\\build\\venv\\Scripts\\python', 'C:\\slave\\test\\build\\venv\\Scripts\\blobberc.py', '-u', 'https://blobupload.elasticbeanstalk.com', '-a', 'C:\\slave\\test\\oauth.txt', '-b', 'mozilla-esr52', '-d', 'C:\\slave\\test\\build\\blobber_upload_dir', '--output-manifest', 'C:\\slave\\test\\build\\uploaded_files.json']
17:05:04     INFO - Copy/paste: C:\slave\test\build\venv\Scripts\python C:\slave\test\build\venv\Scripts\blobberc.py -u https://blobupload.elasticbeanstalk.com -a C:\slave\test\oauth.txt -b mozilla-esr52 -d C:\slave\test\build\blobber_upload_dir --output-manifest C:\slave\test\build\uploaded_files.json
17:05:04     INFO -  (blobuploader) - INFO - Open directory for files ...
17:05:04     INFO -  (blobuploader) - INFO - Uploading C:\slave\test\build\blobber_upload_dir\resource-usage.json ...
17:05:04     INFO -  (blobuploader) - INFO - Using https://blobupload.elasticbeanstalk.com
17:05:04     INFO -  (blobuploader) - INFO - Uploading, attempt #1.
17:05:06     INFO -  (blobuploader) - INFO - TinderboxPrint: <a href='https://mozilla-releng-blobs.s3.amazonaws.com/blobs/mozilla-esr52/sha512/3d250553a38da5397e06e949d4d845658e47d3b55baa37af8ecac550aa7dddda176d62548084163463983839e53bd95ba981ec81ec5ec8a34822ef24a0174f11'>resource-usage.json</a>: uploaded
17:05:06     INFO -  (blobuploader) - INFO - Blobserver returned 202. File uploaded!
17:05:06     INFO -  (blobuploader) - INFO - Done attempting.
17:05:06     INFO -  (blobuploader) - INFO - Iteration through files over.
17:05:06     INFO - Return code: 0
17:05:06     INFO - rmtree: C:\slave\test\build\uploaded_files.json
17:05:06     INFO - Using _rmtree_windows ...
17:05:06     INFO - retry: Calling _rmtree_windows with args: ('C:\\slave\\test\\build\\uploaded_files.json',), kwargs: {}, attempt #1
17:05:06     INFO - Setting buildbot property blobber_files to {"resource-usage.json": "https://mozilla-releng-blobs.s3.amazonaws.com/blobs/mozilla-esr52/sha512/3d250553a38da5397e06e949d4d845658e47d3b55baa37af8ecac550aa7dddda176d62548084163463983839e53bd95ba981ec81ec5ec8a34822ef24a0174f11"}
17:05:06     INFO - Writing buildbot properties ['blobber_files'] to C:\slave\test\properties\blobber_files
17:05:06     INFO - Writing to file C:\slave\test\properties\blobber_files
17:05:06     INFO - Contents:
17:05:06     INFO -  blobber_files:{"resource-usage.json": "https://mozilla-releng-blobs.s3.amazonaws.com/blobs/mozilla-esr52/sha512/3d250553a38da5397e06e949d4d845658e47d3b55baa37af8ecac550aa7dddda176d62548084163463983839e53bd95ba981ec81ec5ec8a34822ef24a0174f11"}
17:05:06     INFO - Running post-run listener: copy_logs_to_upload_dir
17:05:06     INFO - Copying logs to upload dir...
17:05:06     INFO - mkdir: C:\slave\test\build\upload\logs
program finished with exit code -1
elapsedTime=219.560000
========= master_lag: -0.37 =========
========= Finished 'c:/mozilla-build/python27/python -u ...' failed (results: 2, elapsed: 3 mins, 39 secs) (at 2018-06-09 17:05:06.982893) =========

========= Started set props: build_url blobber_files (results: 0, elapsed: 0 secs) (at 2018-06-09 17:05:06.991076) =========
'cmd' '/C' 'for' '%f' 'in' '(*)' 'do' '@type' '%f'
 in dir C:\slave\test\properties (timeout 1200 secs)
 watching logfiles {}
 argv: ['cmd', '/C', 'for', '%f', 'in', '(*)', 'do', '@type', '%f']
 environment:
  ALLUSERSPROFILE=C:\ProgramData
  APPDATA=C:\Users\cltbld.T-W864-IX-062.001\AppData\Roaming
  COMMONPROGRAMFILES=C:\Program Files (x86)\Common Files
  COMMONPROGRAMFILES(X86)=C:\Program Files (x86)\Common Files
  COMMONPROGRAMW6432=C:\Program Files\Common Files
  COMPUTERNAME=T-W864-IX-062
  COMSPEC=C:\windows\system32\cmd.exe
  DCLOCATION=SCL3
  DNSSUFFIX=wintest.releng.scl3.mozilla.com
  FP_NO_HOST_CHECK=NO
  HOMEDRIVE=C:
  HOMEPATH=\Users\cltbld.T-W864-IX-062.001
  KTS_HOME=C:\Program Files\KTS
  KTS_VERSION=1.19c
  LOCALAPPDATA=C:\Users\cltbld.T-W864-IX-062.001\AppData\Local
  LOGONSERVER=\\T-W864-IX-062
  MONDIR=C:\Monitor_config\
  MOZBUILDDIR=C:\mozilla-build\
  NUMBER_OF_PROCESSORS=8
  OS=Windows_NT
  OURDRIVE=C:
  PATH=C:\Program Files (x86)\NVIDIA Corporation\PhysX\Common;C:\windows\system32;C:\windows;C:\windows\System32\Wbem;C:\windows\System32\WindowsPowerShell\v1.0\;C:\mozilla-build\python27;C:\mozilla-build\python27\Scripts;C:\mozilla-build\msys\bin;C:\mozilla-build\vim\vim72;C:\mozilla-build\wget;C:\mozilla-build\info-zip;C:\CoreUtils\bin;C:\mozilla-build\buildbotve\scripts;C:\mozilla-build\hg
  PATHEXT=.COM;.EXE;.BAT;.CMD;.VBS;.VBE;.JS;.JSE;.WSF;.WSH;.MSC
  PROCESSOR_ARCHITECTURE=x86
  PROCESSOR_ARCHITEW6432=AMD64
  PROCESSOR_IDENTIFIER=Intel64 Family 6 Model 30 Stepping 5, GenuineIntel
  PROCESSOR_LEVEL=6
  PROCESSOR_REVISION=1e05
  PROGRAMDATA=C:\ProgramData
  PROGRAMFILES=C:\Program Files (x86)
  PROGRAMFILES(X86)=C:\Program Files (x86)
  PROGRAMW6432=C:\Program Files
  PROMPT=$P$G
  PSMODULEPATH=C:\windows\system32\WindowsPowerShell\v1.0\Modules\
  PUBLIC=C:\Users\Public
  PWD=C:\slave\test\properties
  RUNLOGFILE=C:\slave\\runslave.log
  SLAVEDIR=C:\slave\
  SYSTEMDRIVE=C:
  SYSTEMROOT=C:\windows
  TEMP=C:\Users\CLTBLD~1.001\AppData\Local\Temp
  TEST1=testie
  TMP=C:\Users\CLTBLD~1.001\AppData\Local\Temp
  USERDOMAIN=T-W864-IX-062
  USERDOMAIN_ROAMINGPROFILE=T-W864-IX-062
  USERNAME=cltbld
  USERPROFILE=C:\Users\cltbld.T-W864-IX-062.001
  WINDIR=C:\windows
 using PTY: False
blobber_files:{"resource-usage.json": "https://mozilla-releng-blobs.s3.amazonaws.com/blobs/mozilla-esr52/sha512/3d250553a38da5397e06e949d4d845658e47d3b55baa37af8ecac550aa7dddda176d62548084163463983839e53bd95ba981ec81ec5ec8a34822ef24a0174f11"}
build_url:https://queue.taskcluster.net/v1/task/K-ubTGiyToujHbjKr6Z_zg/artifacts/public/build/firefox-52.8.2.en-US.win64.zip
program finished with exit code 0
elapsedTime=0.201000
build_url: 'https://queue.taskcluster.net/v1/task/K-ubTGiyToujHbjKr6Z_zg/artifacts/public/build/firefox-52.8.2.en-US.win64.zip'
blobber_files: '{"resource-usage.json": "https://mozilla-releng-blobs.s3.amazonaws.com/blobs/mozilla-esr52/sha512/3d250553a38da5397e06e949d4d845658e47d3b55baa37af8ecac550aa7dddda176d62548084163463983839e53bd95ba981ec81ec5ec8a34822ef24a0174f11"}'
========= master_lag: 0.01 =========
========= Finished set props: build_url blobber_files (results: 0, elapsed: 0 secs) (at 2018-06-09 17:05:07.202998) =========

========= Started 'rm -f ...' (results: 0, elapsed: 0 secs) (at 2018-06-09 17:05:07.203331) =========
'rm' '-f' 'oauth.txt'
 in dir C:\slave\test\. (timeout 1200 secs)
 watching logfiles {}
 argv: ['rm', '-f', 'oauth.txt']
 environment:
  ALLUSERSPROFILE=C:\ProgramData
  APPDATA=C:\Users\cltbld.T-W864-IX-062.001\AppData\Roaming
  COMMONPROGRAMFILES=C:\Program Files (x86)\Common Files
  COMMONPROGRAMFILES(X86)=C:\Program Files (x86)\Common Files
  COMMONPROGRAMW6432=C:\Program Files\Common Files
  COMPUTERNAME=T-W864-IX-062
  COMSPEC=C:\windows\system32\cmd.exe
  DCLOCATION=SCL3
  DNSSUFFIX=wintest.releng.scl3.mozilla.com
  FP_NO_HOST_CHECK=NO
  HOMEDRIVE=C:
  HOMEPATH=\Users\cltbld.T-W864-IX-062.001
  KTS_HOME=C:\Program Files\KTS
  KTS_VERSION=1.19c
  LOCALAPPDATA=C:\Users\cltbld.T-W864-IX-062.001\AppData\Local
  LOGONSERVER=\\T-W864-IX-062
  MONDIR=C:\Monitor_config\
  MOZBUILDDIR=C:\mozilla-build\
  NUMBER_OF_PROCESSORS=8
  OS=Windows_NT
  OURDRIVE=C:
  PATH=C:\Program Files (x86)\NVIDIA Corporation\PhysX\Common;C:\windows\system32;C:\windows;C:\windows\System32\Wbem;C:\windows\System32\WindowsPowerShell\v1.0\;C:\mozilla-build\python27;C:\mozilla-build\python27\Scripts;C:\mozilla-build\msys\bin;C:\mozilla-build\vim\vim72;C:\mozilla-build\wget;C:\mozilla-build\info-zip;C:\CoreUtils\bin;C:\mozilla-build\buildbotve\scripts;C:\mozilla-build\hg
  PATHEXT=.COM;.EXE;.BAT;.CMD;.VBS;.VBE;.JS;.JSE;.WSF;.WSH;.MSC
  PROCESSOR_ARCHITECTURE=x86
  PROCESSOR_ARCHITEW6432=AMD64
  PROCESSOR_IDENTIFIER=Intel64 Family 6 Model 30 Stepping 5, GenuineIntel
  PROCESSOR_LEVEL=6
  PROCESSOR_REVISION=1e05
  PROGRAMDATA=C:\ProgramData
  PROGRAMFILES=C:\Program Files (x86)
  PROGRAMFILES(X86)=C:\Program Files (x86)
  PROGRAMW6432=C:\Program Files
  PROMPT=$P$G
  PSMODULEPATH=C:\windows\system32\WindowsPowerShell\v1.0\Modules\
  PUBLIC=C:\Users\Public
  PWD=C:\slave\test
  RUNLOGFILE=C:\slave\\runslave.log
  SLAVEDIR=C:\slave\
  SYSTEMDRIVE=C:
  SYSTEMROOT=C:\windows
  TEMP=C:\Users\CLTBLD~1.001\AppData\Local\Temp
  TEST1=testie
  TMP=C:\Users\CLTBLD~1.001\AppData\Local\Temp
  USERDOMAIN=T-W864-IX-062
  USERDOMAIN_ROAMINGPROFILE=T-W864-IX-062
  USERNAME=cltbld
  USERPROFILE=C:\Users\cltbld.T-W864-IX-062.001
  WINDIR=C:\windows
 using PTY: False
program finished with exit code 0
elapsedTime=0.100000
========= master_lag: 0.01 =========
========= Finished 'rm -f ...' (results: 0, elapsed: 0 secs) (at 2018-06-09 17:05:07.312648) =========

========= Started reboot slave lost (results: 0, elapsed: 0 secs) (at 2018-06-09 17:05:07.312967) =========

========= Finished reboot slave lost (results: 0, elapsed: 0 secs) (at 2018-06-09 17:05:07.716957) =========

========= Total master_lag: -0.25 =========

