builder: mozilla-esr52_ubuntu32_vm_test_pgo-jsreftest-e10s
slave: tst-linux32-spot-342
starttime: 1528674990.49
results: failure (2)
buildid: 20180610150319
builduid: 8da5c9fe776049f0912fb6ca7015b3f4
revision: 0b42c2a2d2af55ee1806dcf90fa93061057b7f92

========= Started set props: master (results: 0, elapsed: 0 secs) (at 2018-06-10 16:56:30.494962) =========
master: http://buildbot-master05.bb.releng.usw2.mozilla.com:8201/
========= Finished set props: master (results: 0, elapsed: 0 secs) (at 2018-06-10 16:56:30.495379) =========

========= Started downloading to buildprops.json (results: 0, elapsed: 0 secs) (at 2018-06-10 16:56:30.495675) =========
========= Finished downloading to buildprops.json (results: 0, elapsed: 0 secs) (at 2018-06-10 16:56:30.522658) =========

========= Started 'bash -c ...' (results: 0, elapsed: 0 secs) (at 2018-06-10 16:56:30.522971) =========
bash -c 'wget -Oarchiver_client.py --no-check-certificate --tries=10 --waitretry=3 https://hg.mozilla.org/build/tools/raw-file/default/buildfarm/utils/archiver_client.py'
 in dir /builds/slave/test/. (timeout 1200 secs)
 watching logfiles {}
 argv: ['bash', '-c', 'wget -Oarchiver_client.py --no-check-certificate --tries=10 --waitretry=3 https://hg.mozilla.org/build/tools/raw-file/default/buildfarm/utils/archiver_client.py']
 environment:
  HOME=/home/cltbld
  LANG=en_US.UTF-8
  LOGNAME=cltbld
  MAIL=/var/mail/cltbld
  NODE_PATH=/usr/lib/nodejs:/usr/lib/node_modules:/usr/share/javascript
  PATH=/usr/local/bin:/usr/local/bin:/usr/bin:/bin:/usr/local/games:/usr/games
  PWD=/builds/slave/test
  SHELL=/bin/bash
  SHLVL=1
  TERM=linux
  TMOUT=86400
  USER=cltbld
  XDG_SESSION_COOKIE=5a152710dd62cc268aad214e000002d8-1528673688.734847-413539507
  _=/tools/buildbot/bin/python
 using PTY: False
--2018-06-10 16:56:30--  https://hg.mozilla.org/build/tools/raw-file/default/buildfarm/utils/archiver_client.py
Resolving hg.mozilla.org (hg.mozilla.org)... 63.245.215.102, 63.245.215.25
Connecting to hg.mozilla.org (hg.mozilla.org)|63.245.215.102|:443... connected.
HTTP request sent, awaiting response... 200 Script output follows
Length: 12179 (12K) [text/x-python]
Saving to: `archiver_client.py'

     0K .......... .                                          100% 7.16M=0.002s

2018-06-10 16:56:30 (7.16 MB/s) - `archiver_client.py' saved [12179/12179]

program finished with exit code 0
elapsedTime=0.275713
========= master_lag: 0.01 =========
========= Finished 'bash -c ...' (results: 0, elapsed: 0 secs) (at 2018-06-10 16:56:30.811546) =========

========= Started 'rm -rf ...' (results: 0, elapsed: 0 secs) (at 2018-06-10 16:56:30.811862) =========
rm -rf scripts properties
 in dir /builds/slave/test/. (timeout 1200 secs)
 watching logfiles {}
 argv: ['rm', '-rf', 'scripts', 'properties']
 environment:
  HOME=/home/cltbld
  LANG=en_US.UTF-8
  LOGNAME=cltbld
  MAIL=/var/mail/cltbld
  NODE_PATH=/usr/lib/nodejs:/usr/lib/node_modules:/usr/share/javascript
  PATH=/usr/local/bin:/usr/local/bin:/usr/bin:/bin:/usr/local/games:/usr/games
  PWD=/builds/slave/test
  SHELL=/bin/bash
  SHLVL=1
  TERM=linux
  TMOUT=86400
  USER=cltbld
  XDG_SESSION_COOKIE=5a152710dd62cc268aad214e000002d8-1528673688.734847-413539507
  _=/tools/buildbot/bin/python
 using PTY: False
program finished with exit code 0
elapsedTime=0.029337
========= master_lag: 0.07 =========
========= Finished 'rm -rf ...' (results: 0, elapsed: 0 secs) (at 2018-06-10 16:56:30.913059) =========

========= Started 'bash -c ...' (results: 0, elapsed: 1 secs) (at 2018-06-10 16:56:30.913598) =========
bash -c 'python archiver_client.py mozharness --repo releases/mozilla-esr52 --rev 0b42c2a2d2af55ee1806dcf90fa93061057b7f92 --destination scripts --debug'
 in dir /builds/slave/test/. (timeout 1200 secs)
 watching logfiles {}
 argv: ['bash', '-c', u'python archiver_client.py mozharness --repo releases/mozilla-esr52 --rev 0b42c2a2d2af55ee1806dcf90fa93061057b7f92 --destination scripts --debug']
 environment:
  HOME=/home/cltbld
  LANG=en_US.UTF-8
  LOGNAME=cltbld
  MAIL=/var/mail/cltbld
  NODE_PATH=/usr/lib/nodejs:/usr/lib/node_modules:/usr/share/javascript
  PATH=/usr/local/bin:/usr/local/bin:/usr/bin:/bin:/usr/local/games:/usr/games
  PWD=/builds/slave/test
  SHELL=/bin/bash
  SHLVL=1
  TERM=linux
  TMOUT=86400
  USER=cltbld
  XDG_SESSION_COOKIE=5a152710dd62cc268aad214e000002d8-1528673688.734847-413539507
  _=/tools/buildbot/bin/python
 using PTY: False
2018-06-10 16:56:31,021 truncating revision to first 12 chars
2018-06-10 16:56:31,021 Setting DEBUG logging.
2018-06-10 16:56:31,021 attempt 1/10
2018-06-10 16:56:31,022 Getting archive location from https://api.pub.build.mozilla.org/archiver/hgmo/releases/mozilla-esr52/0b42c2a2d2af?&preferred_region=us-west-2&suffix=tar.gz&subdir=testing/mozharness
2018-06-10 16:56:32,150 unpacking tar archive at: mozilla-esr52-0b42c2a2d2af/testing/mozharness/
program finished with exit code 0
elapsedTime=1.499805
========= master_lag: 0.01 =========
========= Finished 'bash -c ...' (results: 0, elapsed: 1 secs) (at 2018-06-10 16:56:32.427808) =========

========= Started set props: script_repo_revision (results: 0, elapsed: 0 secs) (at 2018-06-10 16:56:32.442037) =========
script_repo_revision: 0b42c2a2d2af55ee1806dcf90fa93061057b7f92
========= Finished set props: script_repo_revision (results: 0, elapsed: 0 secs) (at 2018-06-10 16:56:32.442431) =========

========= Started downloading to oauth.txt (results: 0, elapsed: 0 secs) (at 2018-06-10 16:56:32.442730) =========
========= Finished downloading to oauth.txt (results: 0, elapsed: 0 secs) (at 2018-06-10 16:56:32.458429) =========

========= Started '/tools/buildbot/bin/python -u ...' failed (results: 2, elapsed: 3 mins, 15 secs) (at 2018-06-10 16:56:32.458730) =========
/tools/buildbot/bin/python -u scripts/scripts/desktop_unittest.py --cfg unittests/linux_unittest.py --reftest-suite jsreftest --e10s --blob-upload-branch mozilla-esr52 --download-symbols ondemand
 in dir /builds/slave/test/. (timeout 1800 secs) (maxTime 7200 secs)
 watching logfiles {}
 argv: ['/tools/buildbot/bin/python', '-u', 'scripts/scripts/desktop_unittest.py', '--cfg', 'unittests/linux_unittest.py', '--reftest-suite', 'jsreftest', '--e10s', '--blob-upload-branch', 'mozilla-esr52', '--download-symbols', 'ondemand']
 environment:
  CCACHE_DIR=/builds/ccache
  CCACHE_UMASK=002
  DISPLAY=:0
  HOME=/home/cltbld
  LANG=en_US.UTF-8
  LOGNAME=cltbld
  MAIL=/var/mail/cltbld
  MOZ_HIDE_RESULTS_TABLE=1
  MOZ_NODE_PATH=/usr/bin/node
  MOZ_NO_REMOTE=1
  NODE_PATH=/usr/lib/nodejs:/usr/lib/node_modules:/usr/share/javascript
  NO_FAIL_ON_TEST_ERRORS=1
  PATH=/usr/local/bin:/usr/local/bin:/usr/bin:/bin:/usr/local/games:/usr/games
  PROPERTIES_FILE=/builds/slave/test/buildprops.json
  PWD=/builds/slave/test
  SHELL=/bin/bash
  SHLVL=1
  TERM=linux
  TMOUT=86400
  USER=cltbld
  XDG_SESSION_COOKIE=5a152710dd62cc268aad214e000002d8-1528673688.734847-413539507
  _=/tools/buildbot/bin/python
 using PTY: False
16:56:32     INFO - MultiFileLogger online at 20180610 16:56:32 in /builds/slave/test
16:56:32     INFO - Run as scripts/scripts/desktop_unittest.py --cfg unittests/linux_unittest.py --reftest-suite jsreftest --e10s --blob-upload-branch mozilla-esr52 --download-symbols ondemand
16:56:32     INFO - Dumping config to /builds/slave/test/logs/localconfig.json.
16:56:32     INFO - {'all_cppunittest_suites': {'cppunittest': {'tests': ('tests/cppunittest',)}},
16:56:32     INFO -  'all_gtest_suites': {'gtest': ()},
16:56:32     INFO -  'all_jittest_suites': {'jittest': (),
16:56:32     INFO -                         'jittest-chunked': (),
16:56:32     INFO -                         'jittest1': ('--total-chunks=2', '--this-chunk=1'),
16:56:32     INFO -                         'jittest2': ('--total-chunks=2', '--this-chunk=2')},
16:56:32     INFO -  'all_mochitest_suites': {'a11y': ('--flavor=a11y',),
16:56:32     INFO -                           'browser-chrome': ('--flavor=browser',),
16:56:32     INFO -                           'browser-chrome-addons': ('--flavor=browser',
16:56:32     INFO -                                                     '--chunk-by-runtime',
16:56:32     INFO -                                                     '--tag=addons'),
16:56:32     INFO -                           'browser-chrome-chunked': ('--flavor=browser',
16:56:32     INFO -                                                      '--chunk-by-runtime'),
16:56:32     INFO -                           'browser-chrome-clipboard': ('--flavor=browser',
16:56:32     INFO -                                                        '--subsuite=clipboard'),
16:56:32     INFO -                           'browser-chrome-coverage': ('--flavor=browser',
16:56:32     INFO -                                                       '--chunk-by-runtime',
16:56:32     INFO -                                                       '--timeout=1200'),
16:56:32     INFO -                           'browser-chrome-gpu': ('--flavor=browser',
16:56:32     INFO -                                                  '--subsuite=gpu'),
16:56:32     INFO -                           'browser-chrome-screenshots': ('--flavor=browser',
16:56:32     INFO -                                                          '--subsuite=screenshots'),
16:56:32     INFO -                           'chrome': ('--flavor=chrome',),
16:56:32     INFO -                           'chrome-chunked': ('--flavor=chrome',
16:56:32     INFO -                                              '--chunk-by-dir=4'),
16:56:32     INFO -                           'chrome-clipboard': ('--flavor=chrome',
16:56:32     INFO -                                                '--subsuite=clipboard'),
16:56:32     INFO -                           'chrome-gpu': ('--flavor=chrome', '--subsuite=gpu'),
16:56:32     INFO -                           'jetpack-addon': ('--flavor=jetpack-addon',),
16:56:32     INFO -                           'jetpack-package': ('--flavor=jetpack-package',),
16:56:32     INFO -                           'jetpack-package-clipboard': ('--flavor=jetpack-package',
16:56:32     INFO -                                                         '--subsuite=clipboard'),
16:56:32     INFO -                           'mochitest-devtools-chrome': ('--flavor=browser',
16:56:32     INFO -                                                         '--subsuite=devtools'),
16:56:32     INFO -                           'mochitest-devtools-chrome-chunked': ('--flavor=browser',
16:56:32     INFO -                                                                 '--subsuite=devtools',
16:56:32     INFO -                                                                 '--chunk-by-runtime'),
16:56:32     INFO -                           'mochitest-devtools-chrome-coverage': ('--flavor=browser',
16:56:32     INFO -                                                                  '--subsuite=devtools',
16:56:32     INFO -                                                                  '--chunk-by-runtime',
16:56:32     INFO -                                                                  '--timeout=1200'),
16:56:32     INFO -                           'mochitest-gl': ('--subsuite=webgl',),
16:56:32     INFO -                           'mochitest-media': ('--subsuite=media',),
16:56:32     INFO -                           'plain': (),
16:56:32     INFO -                           'plain-chunked': ('--chunk-by-dir=4',),
16:56:32     INFO -                           'plain-clipboard': ('--subsuite=clipboard',),
16:56:32     INFO -                           'plain-gpu': ('--subsuite=gpu',),
16:56:32     INFO -                           'valgrind-plain': ('--valgrind=/usr/bin/valgrind',
16:56:32     INFO -                                              '--valgrind-supp-files=/builds/slave/test/build/tests/mochitest/i386-redhat-linux-gnu.sup,/builds/slave/test/build/tests/mochitest/cross-architecture.sup',
16:56:32     INFO -                                              '--timeout=900',
16:56:32     INFO -                                              '--max-timeouts=50')},
16:56:32     INFO -  'all_mozbase_suites': {'mozbase': ()},
16:56:32     INFO -  'all_reftest_suites': {'crashtest': {'options': ('--suite=crashtest',),
16:56:32     INFO -                                       'tests': ('tests/reftest/tests/testing/crashtest/crashtests.list',)},
16:56:32     INFO -                         'jsreftest': {'options': ('--extra-profile-file=tests/jsreftest/tests/user.js',
16:56:32     INFO -                                                   '--suite=jstestbrowser'),
16:56:32     INFO -                                       'tests': ('tests/jsreftest/tests/jstests.list',)},
16:56:32     INFO -                         'reftest': {'options': ('--suite=reftest',),
16:56:32     INFO -                                     'tests': ('tests/reftest/tests/layout/reftests/reftest.list',)},
16:56:32     INFO -                         'reftest-no-accel': {'options': ('--suite=reftest',
16:56:32     INFO -                                                          '--setpref=layers.acceleration.force-enabled=disabled'),
16:56:32     INFO -                                              'tests': ('tests/reftest/tests/layout/reftests/reftest.list',)}},
16:56:32     INFO -  'all_xpcshell_suites': {'xpcshell': {'options': ('--xpcshell=%(abs_app_dir)s/xpcshell',
16:56:32     INFO -                                                   '--manifest=tests/xpcshell/tests/xpcshell.ini'),
16:56:32     INFO -                                       'tests': ()},
16:56:32     INFO -                          'xpcshell-addons': {'options': ('--xpcshell=%(abs_app_dir)s/xpcshell',
16:56:32     INFO -                                                          '--tag=addons',
16:56:32     INFO -                                                          '--manifest=tests/xpcshell/tests/xpcshell.ini'),
16:56:32     INFO -                                              'tests': ()},
16:56:32     INFO -                          'xpcshell-coverage': {'options': ('--xpcshell=%(abs_app_dir)s/xpcshell',
16:56:32     INFO -                                                            '--manifest=tests/xpcshell/tests/xpcshell.ini'),
16:56:32     INFO -                                                'tests': ()}},
16:56:32     INFO -  'allow_software_gl_layers': False,
16:56:32     INFO -  'append_to_log': False,
16:56:32     INFO -  'base_work_dir': '/builds/slave/test',
16:56:32     INFO -  'binary_path': '/builds/slave/test/build/application/firefox/firefox-bin',
16:56:32     INFO -  'blob_upload_branch': 'mozilla-esr52',
16:56:32     INFO -  'blob_uploader_auth_file': '/builds/slave/test/oauth.txt',
16:56:32     INFO -  'buildbot_json_path': 'buildprops.json',
16:56:32     INFO -  'buildbot_max_log_size': 52428800,
16:56:32     INFO -  'code_coverage': False,
16:56:32     INFO -  'config_files': ('unittests/linux_unittest.py',),
16:56:32     INFO -  'default_blob_upload_servers': ('https://blobupload.elasticbeanstalk.com',),
16:56:32     INFO -  'download_minidump_stackwalk': True,
16:56:32     INFO -  'download_nodejs': True,
16:56:32     INFO -  'download_symbols': 'ondemand',
16:56:32     INFO -  'e10s': True,
16:56:32     INFO -  'exe_suffix': '',
16:56:32     INFO -  'exes': {'python': '/tools/buildbot/bin/python',
16:56:32     INFO -           'tooltool.py': '/tools/tooltool.py',
16:56:32     INFO -           'virtualenv': ('/tools/buildbot/bin/python',
16:56:32     INFO -                          '/tools/misc-python/virtualenv.py')},
16:56:32     INFO -  'find_links': ('http://pypi.pvt.build.mozilla.org/pub',
16:56:32     INFO -                 'http://pypi.pub.build.mozilla.org/pub'),
16:56:32     INFO -  'installer_path': '/builds/slave/test/build/installer.tar.bz2',
16:56:32     INFO -  'log_level': 'info',
16:56:32     INFO -  'log_to_console': True,
16:56:32     INFO -  'minidump_save_path': '%(abs_work_dir)s/../minidumps',
16:56:32     INFO -  'minidump_stackwalk_path': 'linux32-minidump_stackwalk',
16:56:32     INFO -  'minidump_tooltool_manifest_path': 'config/tooltool-manifests/linux32/releng.manifest',
16:56:32     INFO -  'minimum_tests_zip_dirs': ('bin/*',
16:56:32     INFO -                             'certs/*',
16:56:32     INFO -                             'config/*',
16:56:32     INFO -                             'mach',
16:56:32     INFO -                             'marionette/*',
16:56:32     INFO -                             'modules/*',
16:56:32     INFO -                             'mozbase/*',
16:56:32     INFO -                             'tools/*'),
16:56:32     INFO -  'no_random': False,
16:56:32     INFO -  'nodejs_path': 'node-linux-x86/bin/node',
16:56:32     INFO -  'nodejs_tooltool_manifest_path': 'config/tooltool-manifests/linux32/nodejs.manifest',
16:56:32     INFO -  'opt_config_files': (),
16:56:32     INFO -  'pip_index': False,
16:56:32     INFO -  'preflight_run_cmd_suites': ({'architectures': ('32bit', '64bit'),
16:56:32     INFO -                                'cmd': ('xset', 's', 'off', 's', 'reset'),
16:56:32     INFO -                                'enabled': True,
16:56:32     INFO -                                'halt_on_failure': False,
16:56:32     INFO -                                'name': 'disable_screen_saver'},
16:56:32     INFO -                               {'architectures': ('32bit',),
16:56:32     INFO -                                'cmd': ('python',
16:56:32     INFO -                                        '../scripts/external_tools/mouse_and_screen_resolution.py',
16:56:32     INFO -                                        '--configuration-file',
16:56:32     INFO -                                        '../scripts/external_tools/machine-configuration.json'),
16:56:32     INFO -                                'enabled': False,
16:56:32     INFO -                                'halt_on_failure': True,
16:56:32     INFO -                                'name': 'run mouse & screen adjustment script'}),
16:56:32     INFO -  'require_test_zip': True,
16:56:32     INFO -  'run_all_suites': False,
16:56:32     INFO -  'run_cmd_checks_enabled': True,
16:56:32     INFO -  'run_file_names': {'cppunittest': 'runcppunittests.py',
16:56:32     INFO -                     'gtest': 'rungtests.py',
16:56:32     INFO -                     'jittest': 'jit_test.py',
16:56:32     INFO -                     'mochitest': 'runtests.py',
16:56:32     INFO -                     'mozbase': 'test.py',
16:56:32     INFO -                     'mozmill': 'runtestlist.py',
16:56:32     INFO -                     'reftest': 'runreftest.py',
16:56:32     INFO -                     'xpcshell': 'runxpcshelltests.py'},
16:56:32     INFO -  'specific_tests_zip_dirs': {'cppunittest': ('cppunittest/*',),
16:56:32     INFO -                              'gtest': ('gtest/*',),
16:56:32     INFO -                              'jittest': ('jit-test/*',),
16:56:32     INFO -                              'mochitest': ('mochitest/*',),
16:56:32     INFO -                              'mozbase': ('mozbase/*',),
16:56:32     INFO -                              'mozmill': ('mozmill/*',),
16:56:32     INFO -                              'reftest': ('reftest/*', 'jsreftest/*'),
16:56:32     INFO -                              'xpcshell': ('xpcshell/*',)},
16:56:32     INFO -  'specified_reftest_suites': ('jsreftest',),
16:56:32     INFO -  'strict_content_sandbox': False,
16:56:32     INFO -  'suite_definitions': {'cppunittest': {'options': ('--symbols-path=%(symbols_path)s',
16:56:32     INFO -                                                    '--xre-path=%(abs_app_dir)s'),
16:56:32     INFO -                                        'run_filename': 'runcppunittests.py',
16:56:32     INFO -                                        'testsdir': 'cppunittest'},
16:56:32     INFO -                        'gtest': {'options': ('--xre-path=%(abs_res_dir)s',
16:56:32     INFO -                                              '--cwd=%(gtest_dir)s',
16:56:32     INFO -                                              '--symbols-path=%(symbols_path)s',
16:56:32     INFO -                                              '--utility-path=tests/bin',
16:56:32     INFO -                                              '%(binary_path)s'),
16:56:32     INFO -                                  'run_filename': 'rungtests.py'},
16:56:32     INFO -                        'jittest': {'options': ('tests/bin/js',
16:56:32     INFO -                                                '--no-slow',
16:56:32     INFO -                                                '--no-progress',
16:56:32     INFO -                                                '--format=automation',
16:56:32     INFO -                                                '--jitflags=all',
16:56:32     INFO -                                                '--timeout=970'),
16:56:32     INFO -                                    'run_filename': 'jit_test.py',
16:56:32     INFO -                                    'run_timeout': 1000,
16:56:32     INFO -                                    'testsdir': 'jit-test/jit-test'},
16:56:32     INFO -                        'mochitest': {'options': ('--appname=%(binary_path)s',
16:56:32     INFO -                                                  '--utility-path=tests/bin',
16:56:32     INFO -                                                  '--extra-profile-file=tests/bin/plugins',
16:56:32     INFO -                                                  '--symbols-path=%(symbols_path)s',
16:56:32     INFO -                                                  '--certificate-path=tests/certs',
16:56:32     INFO -                                                  '--setpref=webgl.force-enabled=true',
16:56:32     INFO -                                                  '--quiet',
16:56:32     INFO -                                                  '--log-raw=%(raw_log_file)s',
16:56:32     INFO -                                                  '--log-errorsummary=%(error_summary_file)s',
16:56:32     INFO -                                                  '--use-test-media-devices',
16:56:32     INFO -                                                  '--screenshot-on-fail',
16:56:32     INFO -                                                  '--cleanup-crashes',
16:56:32     INFO -                                                  '--marionette-startup-timeout=180'),
16:56:32     INFO -                                      'run_filename': 'runtests.py',
16:56:32     INFO -                                      'testsdir': 'mochitest'},
16:56:32     INFO -                        'mozbase': {'options': ('-b', '%(binary_path)s'),
16:56:32     INFO -                                    'run_filename': 'test.py',
16:56:32     INFO -                                    'testsdir': 'mozbase'},
16:56:32     INFO -                        'mozmill': {'options': ('--binary=%(binary_path)s',
16:56:32     INFO -                                                '--testing-modules-dir=test/modules',
16:56:32     INFO -                                                '--plugins-path=%(test_plugin_path)s',
16:56:32     INFO -                                                '--symbols-path=%(symbols_path)s'),
16:56:32     INFO -                                    'run_filename': 'runtestlist.py',
16:56:32     INFO -                                    'testsdir': 'mozmill'},
16:56:32     INFO -                        'reftest': {'options': ('--appname=%(binary_path)s',
16:56:32     INFO -                                                '--utility-path=tests/bin',
16:56:32     INFO -                                                '--extra-profile-file=tests/bin/plugins',
16:56:32     INFO -                                                '--symbols-path=%(symbols_path)s',
16:56:32     INFO -                                                '--log-raw=%(raw_log_file)s',
16:56:32     INFO -                                                '--log-errorsummary=%(error_summary_file)s',
16:56:32     INFO -                                                '--cleanup-crashes'),
16:56:32     INFO -                                    'run_filename': 'runreftest.py',
16:56:32     INFO -                                    'testsdir': 'reftest'},
16:56:32     INFO -                        'xpcshell': {'options': ('--symbols-path=%(symbols_path)s',
16:56:32     INFO -                                                 '--test-plugin-path=%(test_plugin_path)s',
16:56:32     INFO -                                                 '--log-raw=%(raw_log_file)s',
16:56:32     INFO -                                                 '--log-errorsummary=%(error_summary_file)s',
16:56:32     INFO -                                                 '--utility-path=tests/bin'),
16:56:32     INFO -                                     'run_filename': 'runxpcshelltests.py',
16:56:32     INFO -                                     'testsdir': 'xpcshell'}},
16:56:32     INFO -  'tooltool_cache': '/builds/tooltool_cache',
16:56:32     INFO -  'unstructured_flavors': {'cppunittest': (),
16:56:32     INFO -                           'gtest': (),
16:56:32     INFO -                           'jittest': (),
16:56:32     INFO -                           'mochitest': ('jetpack',),
16:56:32     INFO -                           'mozbase': (),
16:56:32     INFO -                           'mozmill': (),
16:56:32     INFO -                           'xpcshell': ()},
16:56:32     INFO -  'vcs_output_timeout': 1000,
16:56:32     INFO -  'virtualenv_path': 'venv',
16:56:32     INFO -  'volatile_config': {'actions': None, 'add_actions': None, 'no_actions': None},
16:56:32     INFO -  'work_dir': 'build',
16:56:32     INFO -  'xpcshell_name': 'xpcshell'}
16:56:32     INFO - [mozharness: 2018-06-10 23:56:32.852064Z] Running clobber step.
16:56:32     INFO - Running pre-action listener: _resource_record_pre_action
16:56:32     INFO - Running main action method: clobber
16:56:32     INFO - rmtree: /builds/slave/test/build
16:56:32     INFO - retry: Calling rmtree with args: ('/builds/slave/test/build',), kwargs: {}, attempt #1
16:56:34     INFO - Running post-action listener: _resource_record_post_action
16:56:34     INFO - [mozharness: 2018-06-10 23:56:34.411787Z] Finished clobber step (success)
16:56:34     INFO - [mozharness: 2018-06-10 23:56:34.412174Z] Running read-buildbot-config step.
16:56:34     INFO - Running pre-action listener: _resource_record_pre_action
16:56:34     INFO - Running main action method: read_buildbot_config
16:56:34     INFO - Using buildbot properties:
16:56:34     INFO - {
16:56:34     INFO -     "project": "", 
16:56:34     INFO -     "product": "firefox", 
16:56:34     INFO -     "script_repo_revision": "production", 
16:56:34     INFO -     "scheduler": "tests-mozilla-esr52-ubuntu32_vm-pgo-unittest", 
16:56:34     INFO -     "repository": "", 
16:56:34     INFO -     "buildername": "Ubuntu VM 12.04 mozilla-esr52 pgo test jsreftest-e10s", 
16:56:34     INFO -     "buildid": "20180610150319", 
16:56:34     INFO -     "pgo_build": "True", 
16:56:34     INFO -     "basedir": "/builds/slave/test", 
16:56:34     INFO -     "buildnumber": 3, 
16:56:34     INFO -     "slavename": "tst-linux32-spot-342", 
16:56:34     INFO -     "revision": "0b42c2a2d2af55ee1806dcf90fa93061057b7f92", 
16:56:34     INFO -     "master": "http://buildbot-master05.bb.releng.usw2.mozilla.com:8201/", 
16:56:34     INFO -     "platform": "linux", 
16:56:34     INFO -     "branch": "mozilla-esr52", 
16:56:34     INFO -     "repo_path": "releases/mozilla-esr52", 
16:56:34     INFO -     "moz_repo_path": "", 
16:56:34     INFO -     "stage_platform": "linux-pgo", 
16:56:34     INFO -     "builduid": "8da5c9fe776049f0912fb6ca7015b3f4", 
16:56:34     INFO -     "slavebuilddir": "test"
16:56:34     INFO - }
16:56:34     INFO - Found installer url https://queue.taskcluster.net/v1/task/WJTlX8QSQ72l0JOfLfwhSA/artifacts/public/build/firefox-52.8.2.en-US.linux-i686.tar.bz2.
16:56:34     INFO - Found a test packages url https://queue.taskcluster.net/v1/task/WJTlX8QSQ72l0JOfLfwhSA/artifacts/public/build/firefox-52.8.2.en-US.linux-i686.test_packages.json.
16:56:34     INFO - Running post-action listener: _resource_record_post_action
16:56:34     INFO - [mozharness: 2018-06-10 23:56:34.422538Z] Finished read-buildbot-config step (success)
16:56:34     INFO - [mozharness: 2018-06-10 23:56:34.422873Z] Running download-and-extract step.
16:56:34     INFO - Running pre-action listener: _pre_download_and_extract
16:56:34  WARNING - Try message not found.
16:56:34     INFO - Running pre-action listener: _resource_record_pre_action
16:56:34     INFO - Running main action method: download_and_extract
16:56:34     INFO - mkdir: /builds/slave/test/build/tests
16:56:34     INFO - Downloading https://queue.taskcluster.net/v1/task/WJTlX8QSQ72l0JOfLfwhSA/artifacts/public/build/firefox-52.8.2.en-US.linux-i686.test_packages.json to /builds/slave/test/build/firefox-52.8.2.en-US.linux-i686.test_packages.json
16:56:34     INFO - retry: Calling _download_file with args: (), kwargs: {'url': 'https://queue.taskcluster.net/v1/task/WJTlX8QSQ72l0JOfLfwhSA/artifacts/public/build/firefox-52.8.2.en-US.linux-i686.test_packages.json', 'file_name': '/builds/slave/test/build/firefox-52.8.2.en-US.linux-i686.test_packages.json'}, attempt #1
16:56:35     INFO - Downloaded 1325 bytes.
16:56:35     INFO - Reading from file /builds/slave/test/build/firefox-52.8.2.en-US.linux-i686.test_packages.json
16:56:35     INFO - Using the following test package requirements:
16:56:35     INFO - {u'common': [u'firefox-52.8.2.en-US.linux-i686.common.tests.zip'],
16:56:35     INFO -  u'cppunittest': [u'firefox-52.8.2.en-US.linux-i686.common.tests.zip',
16:56:35     INFO -                   u'firefox-52.8.2.en-US.linux-i686.cppunittest.tests.zip'],
16:56:35     INFO -  u'gtest': [u'firefox-52.8.2.en-US.linux-i686.common.tests.zip',
16:56:35     INFO -             u'firefox-52.8.2.en-US.linux-i686.gtest.tests.zip'],
16:56:35     INFO -  u'jittest': [u'firefox-52.8.2.en-US.linux-i686.common.tests.zip',
16:56:35     INFO -               u'jsshell-linux-i686.zip'],
16:56:35     INFO -  u'mochitest': [u'firefox-52.8.2.en-US.linux-i686.common.tests.zip',
16:56:35     INFO -                 u'firefox-52.8.2.en-US.linux-i686.mochitest.tests.zip'],
16:56:35     INFO -  u'mozbase': [u'firefox-52.8.2.en-US.linux-i686.common.tests.zip'],
16:56:35     INFO -  u'reftest': [u'firefox-52.8.2.en-US.linux-i686.common.tests.zip',
16:56:35     INFO -               u'firefox-52.8.2.en-US.linux-i686.reftest.tests.zip'],
16:56:35     INFO -  u'talos': [u'firefox-52.8.2.en-US.linux-i686.common.tests.zip',
16:56:35     INFO -             u'firefox-52.8.2.en-US.linux-i686.talos.tests.zip'],
16:56:35     INFO -  u'web-platform': [u'firefox-52.8.2.en-US.linux-i686.common.tests.zip',
16:56:35     INFO -                    u'firefox-52.8.2.en-US.linux-i686.web-platform.tests.zip'],
16:56:35     INFO -  u'xpcshell': [u'firefox-52.8.2.en-US.linux-i686.common.tests.zip',
16:56:35     INFO -                u'firefox-52.8.2.en-US.linux-i686.xpcshell.tests.zip']}
16:56:35     INFO - Downloading packages: [u'firefox-52.8.2.en-US.linux-i686.common.tests.zip', u'firefox-52.8.2.en-US.linux-i686.reftest.tests.zip'] for test suite category: reftest
16:56:35     INFO - Adding 'mozinfo.json' for extraction from common.tests zip file
16:56:35     INFO - Downloading and extracting to /builds/slave/test/build/tests these dirs bin/*, certs/*, config/*, mach, marionette/*, modules/*, mozbase/*, tools/*, reftest/*, jsreftest/*, mozinfo.json from https://queue.taskcluster.net/v1/task/WJTlX8QSQ72l0JOfLfwhSA/artifacts/public/build/firefox-52.8.2.en-US.linux-i686.common.tests.zip
16:56:35     INFO - retry: Calling fetch_url_into_memory with args: (), kwargs: {'url': u'https://queue.taskcluster.net/v1/task/WJTlX8QSQ72l0JOfLfwhSA/artifacts/public/build/firefox-52.8.2.en-US.linux-i686.common.tests.zip'}, attempt #1
16:56:35     INFO - Fetch https://queue.taskcluster.net/v1/task/WJTlX8QSQ72l0JOfLfwhSA/artifacts/public/build/firefox-52.8.2.en-US.linux-i686.common.tests.zip into memory
16:56:36     INFO - Http code: 200
16:56:36     INFO - via: 1.1 1b52a5dd431f9e3c81753e61dfdf467a.cloudfront.net (CloudFront)
16:56:36     INFO - x-amz-cf-id: kvo0sauCayMtu_IFuuFB1wUWeB1D5LsClSjGrXn1zQsWsWyfvkf7AA==
16:56:36     INFO - x-amz-version-id: qMQYxE1eW832qjF3gokHxHUQys1iO5Jq
16:56:38     INFO - Expected file size: 22034258
16:56:38     INFO - Obtained file size: 22034258
16:56:44     INFO - Downloading and extracting to /builds/slave/test/build/tests these dirs bin/*, certs/*, config/*, mach, marionette/*, modules/*, mozbase/*, tools/*, reftest/*, jsreftest/*, mozinfo.json from https://queue.taskcluster.net/v1/task/WJTlX8QSQ72l0JOfLfwhSA/artifacts/public/build/firefox-52.8.2.en-US.linux-i686.reftest.tests.zip
16:56:44     INFO - retry: Calling fetch_url_into_memory with args: (), kwargs: {'url': u'https://queue.taskcluster.net/v1/task/WJTlX8QSQ72l0JOfLfwhSA/artifacts/public/build/firefox-52.8.2.en-US.linux-i686.reftest.tests.zip'}, attempt #1
16:56:44     INFO - Fetch https://queue.taskcluster.net/v1/task/WJTlX8QSQ72l0JOfLfwhSA/artifacts/public/build/firefox-52.8.2.en-US.linux-i686.reftest.tests.zip into memory
16:56:45     INFO - Http code: 200
16:56:45     INFO - via: 1.1 bfc29822e21ecc352f71dce83e06ab74.cloudfront.net (CloudFront)
16:56:45     INFO - x-amz-cf-id: O5scwyBv9PxZ06R-BNSf7sWXWA1Yign2u10b_lKx0nSILz8Il9pa5Q==
16:56:45     INFO - x-amz-version-id: vSMofirq82OgzqOR.N_dPot3Ye5pBbcD
16:56:53     INFO - Expected file size: 38488277
16:56:53     INFO - Obtained file size: 38488277
16:57:09     INFO - Downloading https://queue.taskcluster.net/v1/task/WJTlX8QSQ72l0JOfLfwhSA/artifacts/public/build/firefox-52.8.2.en-US.linux-i686.tar.bz2 to /builds/slave/test/build/installer.tar.bz2
16:57:09     INFO - retry: Calling _download_file with args: (), kwargs: {'url': 'https://queue.taskcluster.net/v1/task/WJTlX8QSQ72l0JOfLfwhSA/artifacts/public/build/firefox-52.8.2.en-US.linux-i686.tar.bz2', 'file_name': '/builds/slave/test/build/installer.tar.bz2'}, attempt #1
16:57:15     INFO - Downloaded 58607679 bytes.
16:57:15     INFO - Setting buildbot property build_url to https://queue.taskcluster.net/v1/task/WJTlX8QSQ72l0JOfLfwhSA/artifacts/public/build/firefox-52.8.2.en-US.linux-i686.tar.bz2
16:57:15     INFO - mkdir: /builds/slave/test/properties
16:57:15     INFO - Writing buildbot properties ['build_url'] to /builds/slave/test/properties/build_url
16:57:15     INFO - Writing to file /builds/slave/test/properties/build_url
16:57:15     INFO - Contents:
16:57:15     INFO -  build_url:https://queue.taskcluster.net/v1/task/WJTlX8QSQ72l0JOfLfwhSA/artifacts/public/build/firefox-52.8.2.en-US.linux-i686.tar.bz2
16:57:16     INFO - Running post-action listener: _resource_record_post_action
16:57:16     INFO - Running post-action listener: set_extra_try_arguments
16:57:16     INFO - [mozharness: 2018-06-10 23:57:16.465082Z] Finished download-and-extract step (success)
16:57:16     INFO - [mozharness: 2018-06-10 23:57:16.465500Z] Running create-virtualenv step.
16:57:16     INFO - Running pre-action listener: _install_mozbase
16:57:16     INFO - Running pre-action listener: _pre_create_virtualenv
16:57:16     INFO - Running pre-action listener: _resource_record_pre_action
16:57:16     INFO - Running main action method: create_virtualenv
16:57:16     INFO - Creating virtualenv /builds/slave/test/build/venv
16:57:16     INFO - Running command: ['/tools/buildbot/bin/python', '/builds/slave/test/scripts/external_tools/virtualenv/virtualenv.py', '--always-copy', '/builds/slave/test/build/venv'] in /builds/slave/test/build
16:57:16     INFO - Copy/paste: /tools/buildbot/bin/python /builds/slave/test/scripts/external_tools/virtualenv/virtualenv.py --always-copy /builds/slave/test/build/venv
16:57:16     INFO - Using partial env: {'VIRTUALENV_NO_DOWNLOAD': '1'}
16:57:18     INFO -  Using real prefix '/usr'
16:57:18     INFO -  New python executable in /builds/slave/test/build/venv/bin/python
16:57:21     INFO -  Installing setuptools, pip, wheel...done.
16:57:21     INFO - Return code: 0
16:57:21     INFO - Installing psutil>=3.1.1 into virtualenv /builds/slave/test/build/venv
16:57:21     INFO - retry: Calling run_command with args: [['/builds/slave/test/build/venv/bin/pip', 'install', '--timeout', '120', '--no-index', '--find-links', 'http://pypi.pvt.build.mozilla.org/pub', '--find-links', 'http://pypi.pub.build.mozilla.org/pub', '--trusted-host', 'pypi.pub.build.mozilla.org', '--trusted-host', 'pypi.pvt.build.mozilla.org', 'psutil>=3.1.1']], kwargs: {'error_level': 'warning', 'error_list': [{'substr': 'not found or a compiler error:', 'level': 'warning'}, {'regex': <_sre.SRE_Pattern object at 0xb73235e0>, 'level': 'error'}, {'regex': <_sre.SRE_Pattern object at 0xb72fee30>, 'level': 'warning'}, {'regex': <_sre.SRE_Pattern object at 0x955d138>, 'level': 'debug'}, {'substr': 'command not found', 'level': 'error'}, {'regex': <_sre.SRE_Pattern object at 0x9551fe0>, 'level': 'warning'}, {'substr': 'Traceback (most recent call last)', 'level': 'error'}, {'substr': 'SyntaxError: ', 'level': 'error'}, {'substr': 'TypeError: ', 'level': 'error'}, {'substr': 'NameError: ', 'level': 'error'}, {'substr': 'ZeroDivisionError: ', 'level': 'error'}, {'regex': <_sre.SRE_Pattern object at 0x95562e0>, 'level': 'critical'}, {'regex': <_sre.SRE_Pattern object at 0x9541798>, 'level': 'critical'}], 'cwd': '/builds/slave/test/build', 'env': {'TMOUT': '86400', 'LOGNAME': 'cltbld', 'USER': 'cltbld', 'HOME': '/home/cltbld', 'PATH': '/usr/local/bin:/usr/local/bin:/usr/bin:/bin:/usr/local/games:/usr/games', 'DISPLAY': ':0', 'CCACHE_UMASK': '002', 'LANG': 'en_US.UTF-8', 'TERM': 'linux', 'SHELL': '/bin/bash', 'MOZ_NODE_PATH': '/usr/bin/node', 'XDG_SESSION_COOKIE': '5a152710dd62cc268aad214e000002d8-1528673688.734847-413539507', 'SHLVL': '1', 'NO_FAIL_ON_TEST_ERRORS': '1', 'MOZ_NO_REMOTE': '1', 'MOZ_HIDE_RESULTS_TABLE': '1', 'MAIL': '/var/mail/cltbld', '_': '/tools/buildbot/bin/python', 'NODE_PATH': '/usr/lib/nodejs:/usr/lib/node_modules:/usr/share/javascript', 'PWD': '/builds/slave/test', 'PROPERTIES_FILE': '/builds/slave/test/buildprops.json', 'CCACHE_DIR': '/builds/ccache'}}, attempt #1
16:57:21     INFO - Running command: ['/builds/slave/test/build/venv/bin/pip', 'install', '--timeout', '120', '--no-index', '--find-links', 'http://pypi.pvt.build.mozilla.org/pub', '--find-links', 'http://pypi.pub.build.mozilla.org/pub', '--trusted-host', 'pypi.pub.build.mozilla.org', '--trusted-host', 'pypi.pvt.build.mozilla.org', 'psutil>=3.1.1'] in /builds/slave/test/build
16:57:21     INFO - Copy/paste: /builds/slave/test/build/venv/bin/pip install --timeout 120 --no-index --find-links http://pypi.pvt.build.mozilla.org/pub --find-links http://pypi.pub.build.mozilla.org/pub --trusted-host pypi.pub.build.mozilla.org --trusted-host pypi.pvt.build.mozilla.org psutil>=3.1.1
16:57:21     INFO - Using env: {'CCACHE_DIR': '/builds/ccache',
16:57:21     INFO -  'CCACHE_UMASK': '002',
16:57:21     INFO -  'DISPLAY': ':0',
16:57:21     INFO -  'HOME': '/home/cltbld',
16:57:21     INFO -  'LANG': 'en_US.UTF-8',
16:57:21     INFO -  'LOGNAME': 'cltbld',
16:57:21     INFO -  'MAIL': '/var/mail/cltbld',
16:57:21     INFO -  'MOZ_HIDE_RESULTS_TABLE': '1',
16:57:21     INFO -  'MOZ_NODE_PATH': '/usr/bin/node',
16:57:21     INFO -  'MOZ_NO_REMOTE': '1',
16:57:21     INFO -  'NODE_PATH': '/usr/lib/nodejs:/usr/lib/node_modules:/usr/share/javascript',
16:57:21     INFO -  'NO_FAIL_ON_TEST_ERRORS': '1',
16:57:21     INFO -  'PATH': '/usr/local/bin:/usr/local/bin:/usr/bin:/bin:/usr/local/games:/usr/games',
16:57:21     INFO -  'PROPERTIES_FILE': '/builds/slave/test/buildprops.json',
16:57:21     INFO -  'PWD': '/builds/slave/test',
16:57:21     INFO -  'SHELL': '/bin/bash',
16:57:21     INFO -  'SHLVL': '1',
16:57:21     INFO -  'TERM': 'linux',
16:57:21     INFO -  'TMOUT': '86400',
16:57:21     INFO -  'USER': 'cltbld',
16:57:21     INFO -  'XDG_SESSION_COOKIE': '5a152710dd62cc268aad214e000002d8-1528673688.734847-413539507',
16:57:21     INFO -  '_': '/tools/buildbot/bin/python'}
16:57:21     INFO -  Ignoring indexes: https://pypi.python.org/simple
16:57:21     INFO -  Collecting psutil>=3.1.1
16:57:21     INFO -  /builds/slave/test/build/venv/lib/python2.7/site-packages/pip/_vendor/requests/packages/urllib3/util/ssl_.py:318: SNIMissingWarning: An HTTPS request has been made, but the SNI (Subject Name Indication) extension to TLS is not available on this platform. This may cause the server to present an incorrect TLS certificate, which can cause validation failures. You can upgrade to a newer version of Python to solve this. For more information, see https://urllib3.readthedocs.org/en/latest/security.html#snimissingwarning.
16:57:21     INFO -    SNIMissingWarning
16:57:21     INFO -  /builds/slave/test/build/venv/lib/python2.7/site-packages/pip/_vendor/requests/packages/urllib3/util/ssl_.py:122: InsecurePlatformWarning: A true SSLContext object is not available. This prevents urllib3 from configuring SSL appropriately and may cause certain SSL connections to fail. You can upgrade to a newer version of Python to solve this. For more information, see https://urllib3.readthedocs.org/en/latest/security.html#insecureplatformwarning.
16:57:21     INFO -    InsecurePlatformWarning
16:57:23     INFO -  /builds/slave/test/build/venv/lib/python2.7/site-packages/pip/_vendor/requests/packages/urllib3/util/ssl_.py:122: InsecurePlatformWarning: A true SSLContext object is not available. This prevents urllib3 from configuring SSL appropriately and may cause certain SSL connections to fail. You can upgrade to a newer version of Python to solve this. For more information, see https://urllib3.readthedocs.org/en/latest/security.html#insecureplatformwarning.
16:57:23     INFO -    InsecurePlatformWarning
16:57:26     INFO -  Installing collected packages: psutil
16:57:26     INFO -  Successfully installed psutil-5.4.3
16:57:26     INFO - Return code: 0
16:57:26     INFO - Installing mozsystemmonitor==0.3 into virtualenv /builds/slave/test/build/venv
16:57:26     INFO - retry: Calling run_command with args: [['/builds/slave/test/build/venv/bin/pip', 'install', '--timeout', '120', '--no-index', '--find-links', 'http://pypi.pvt.build.mozilla.org/pub', '--find-links', 'http://pypi.pub.build.mozilla.org/pub', '--trusted-host', 'pypi.pub.build.mozilla.org', '--trusted-host', 'pypi.pvt.build.mozilla.org', 'mozsystemmonitor==0.3']], kwargs: {'error_level': 'warning', 'error_list': [{'substr': 'not found or a compiler error:', 'level': 'warning'}, {'regex': <_sre.SRE_Pattern object at 0xb73235e0>, 'level': 'error'}, {'regex': <_sre.SRE_Pattern object at 0xb72fee30>, 'level': 'warning'}, {'regex': <_sre.SRE_Pattern object at 0x955d138>, 'level': 'debug'}, {'substr': 'command not found', 'level': 'error'}, {'regex': <_sre.SRE_Pattern object at 0x9551fe0>, 'level': 'warning'}, {'substr': 'Traceback (most recent call last)', 'level': 'error'}, {'substr': 'SyntaxError: ', 'level': 'error'}, {'substr': 'TypeError: ', 'level': 'error'}, {'substr': 'NameError: ', 'level': 'error'}, {'substr': 'ZeroDivisionError: ', 'level': 'error'}, {'regex': <_sre.SRE_Pattern object at 0x95562e0>, 'level': 'critical'}, {'regex': <_sre.SRE_Pattern object at 0x9541798>, 'level': 'critical'}], 'cwd': '/builds/slave/test/build', 'env': {'TMOUT': '86400', 'LOGNAME': 'cltbld', 'USER': 'cltbld', 'HOME': '/home/cltbld', 'PATH': '/usr/local/bin:/usr/local/bin:/usr/bin:/bin:/usr/local/games:/usr/games', 'DISPLAY': ':0', 'CCACHE_UMASK': '002', 'LANG': 'en_US.UTF-8', 'TERM': 'linux', 'SHELL': '/bin/bash', 'MOZ_NODE_PATH': '/usr/bin/node', 'XDG_SESSION_COOKIE': '5a152710dd62cc268aad214e000002d8-1528673688.734847-413539507', 'SHLVL': '1', 'NO_FAIL_ON_TEST_ERRORS': '1', 'MOZ_NO_REMOTE': '1', 'MOZ_HIDE_RESULTS_TABLE': '1', 'MAIL': '/var/mail/cltbld', '_': '/tools/buildbot/bin/python', 'NODE_PATH': '/usr/lib/nodejs:/usr/lib/node_modules:/usr/share/javascript', 'PWD': '/builds/slave/test', 'PROPERTIES_FILE': '/builds/slave/test/buildprops.json', 'CCACHE_DIR': '/builds/ccache'}}, attempt #1
16:57:26     INFO - Running command: ['/builds/slave/test/build/venv/bin/pip', 'install', '--timeout', '120', '--no-index', '--find-links', 'http://pypi.pvt.build.mozilla.org/pub', '--find-links', 'http://pypi.pub.build.mozilla.org/pub', '--trusted-host', 'pypi.pub.build.mozilla.org', '--trusted-host', 'pypi.pvt.build.mozilla.org', 'mozsystemmonitor==0.3'] in /builds/slave/test/build
16:57:26     INFO - Copy/paste: /builds/slave/test/build/venv/bin/pip install --timeout 120 --no-index --find-links http://pypi.pvt.build.mozilla.org/pub --find-links http://pypi.pub.build.mozilla.org/pub --trusted-host pypi.pub.build.mozilla.org --trusted-host pypi.pvt.build.mozilla.org mozsystemmonitor==0.3
16:57:26     INFO - Using env: {'CCACHE_DIR': '/builds/ccache',
16:57:26     INFO -  'CCACHE_UMASK': '002',
16:57:26     INFO -  'DISPLAY': ':0',
16:57:26     INFO -  'HOME': '/home/cltbld',
16:57:26     INFO -  'LANG': 'en_US.UTF-8',
16:57:26     INFO -  'LOGNAME': 'cltbld',
16:57:26     INFO -  'MAIL': '/var/mail/cltbld',
16:57:26     INFO -  'MOZ_HIDE_RESULTS_TABLE': '1',
16:57:26     INFO -  'MOZ_NODE_PATH': '/usr/bin/node',
16:57:26     INFO -  'MOZ_NO_REMOTE': '1',
16:57:26     INFO -  'NODE_PATH': '/usr/lib/nodejs:/usr/lib/node_modules:/usr/share/javascript',
16:57:26     INFO -  'NO_FAIL_ON_TEST_ERRORS': '1',
16:57:26     INFO -  'PATH': '/usr/local/bin:/usr/local/bin:/usr/bin:/bin:/usr/local/games:/usr/games',
16:57:26     INFO -  'PROPERTIES_FILE': '/builds/slave/test/buildprops.json',
16:57:26     INFO -  'PWD': '/builds/slave/test',
16:57:26     INFO -  'SHELL': '/bin/bash',
16:57:26     INFO -  'SHLVL': '1',
16:57:26     INFO -  'TERM': 'linux',
16:57:26     INFO -  'TMOUT': '86400',
16:57:26     INFO -  'USER': 'cltbld',
16:57:26     INFO -  'XDG_SESSION_COOKIE': '5a152710dd62cc268aad214e000002d8-1528673688.734847-413539507',
16:57:26     INFO -  '_': '/tools/buildbot/bin/python'}
16:57:27     INFO -  Ignoring indexes: https://pypi.python.org/simple
16:57:27     INFO -  Collecting mozsystemmonitor==0.3
16:57:27     INFO -  /builds/slave/test/build/venv/lib/python2.7/site-packages/pip/_vendor/requests/packages/urllib3/util/ssl_.py:318: SNIMissingWarning: An HTTPS request has been made, but the SNI (Subject Name Indication) extension to TLS is not available on this platform. This may cause the server to present an incorrect TLS certificate, which can cause validation failures. You can upgrade to a newer version of Python to solve this. For more information, see https://urllib3.readthedocs.org/en/latest/security.html#snimissingwarning.
16:57:27     INFO -    SNIMissingWarning
16:57:27     INFO -  /builds/slave/test/build/venv/lib/python2.7/site-packages/pip/_vendor/requests/packages/urllib3/util/ssl_.py:122: InsecurePlatformWarning: A true SSLContext object is not available. This prevents urllib3 from configuring SSL appropriately and may cause certain SSL connections to fail. You can upgrade to a newer version of Python to solve this. For more information, see https://urllib3.readthedocs.org/en/latest/security.html#insecureplatformwarning.
16:57:27     INFO -    InsecurePlatformWarning
16:57:28     INFO -  /builds/slave/test/build/venv/lib/python2.7/site-packages/pip/_vendor/requests/packages/urllib3/util/ssl_.py:122: InsecurePlatformWarning: A true SSLContext object is not available. This prevents urllib3 from configuring SSL appropriately and may cause certain SSL connections to fail. You can upgrade to a newer version of Python to solve this. For more information, see https://urllib3.readthedocs.org/en/latest/security.html#insecureplatformwarning.
16:57:28     INFO -    InsecurePlatformWarning
16:57:32     INFO -  Requirement already satisfied (use --upgrade to upgrade): psutil>=3.1.1 in ./venv/lib/python2.7/site-packages (from mozsystemmonitor==0.3)
16:57:32     INFO -  Installing collected packages: mozsystemmonitor
16:57:32     INFO -  Successfully installed mozsystemmonitor-0.3
16:57:32     INFO - Return code: 0
16:57:32     INFO - Installing jsonschema==2.5.1 into virtualenv /builds/slave/test/build/venv
16:57:32     INFO - retry: Calling run_command with args: [['/builds/slave/test/build/venv/bin/pip', 'install', '--timeout', '120', '--no-index', '--find-links', 'http://pypi.pvt.build.mozilla.org/pub', '--find-links', 'http://pypi.pub.build.mozilla.org/pub', '--trusted-host', 'pypi.pub.build.mozilla.org', '--trusted-host', 'pypi.pvt.build.mozilla.org', 'jsonschema==2.5.1']], kwargs: {'error_level': 'warning', 'error_list': [{'substr': 'not found or a compiler error:', 'level': 'warning'}, {'regex': <_sre.SRE_Pattern object at 0xb73235e0>, 'level': 'error'}, {'regex': <_sre.SRE_Pattern object at 0xb72fee30>, 'level': 'warning'}, {'regex': <_sre.SRE_Pattern object at 0x955d138>, 'level': 'debug'}, {'substr': 'command not found', 'level': 'error'}, {'regex': <_sre.SRE_Pattern object at 0x9551fe0>, 'level': 'warning'}, {'substr': 'Traceback (most recent call last)', 'level': 'error'}, {'substr': 'SyntaxError: ', 'level': 'error'}, {'substr': 'TypeError: ', 'level': 'error'}, {'substr': 'NameError: ', 'level': 'error'}, {'substr': 'ZeroDivisionError: ', 'level': 'error'}, {'regex': <_sre.SRE_Pattern object at 0x95562e0>, 'level': 'critical'}, {'regex': <_sre.SRE_Pattern object at 0x9541798>, 'level': 'critical'}], 'cwd': '/builds/slave/test/build', 'env': {'TMOUT': '86400', 'LOGNAME': 'cltbld', 'USER': 'cltbld', 'HOME': '/home/cltbld', 'PATH': '/usr/local/bin:/usr/local/bin:/usr/bin:/bin:/usr/local/games:/usr/games', 'DISPLAY': ':0', 'CCACHE_UMASK': '002', 'LANG': 'en_US.UTF-8', 'TERM': 'linux', 'SHELL': '/bin/bash', 'MOZ_NODE_PATH': '/usr/bin/node', 'XDG_SESSION_COOKIE': '5a152710dd62cc268aad214e000002d8-1528673688.734847-413539507', 'SHLVL': '1', 'NO_FAIL_ON_TEST_ERRORS': '1', 'MOZ_NO_REMOTE': '1', 'MOZ_HIDE_RESULTS_TABLE': '1', 'MAIL': '/var/mail/cltbld', '_': '/tools/buildbot/bin/python', 'NODE_PATH': '/usr/lib/nodejs:/usr/lib/node_modules:/usr/share/javascript', 'PWD': '/builds/slave/test', 'PROPERTIES_FILE': '/builds/slave/test/buildprops.json', 'CCACHE_DIR': '/builds/ccache'}}, attempt #1
16:57:32     INFO - Running command: ['/builds/slave/test/build/venv/bin/pip', 'install', '--timeout', '120', '--no-index', '--find-links', 'http://pypi.pvt.build.mozilla.org/pub', '--find-links', 'http://pypi.pub.build.mozilla.org/pub', '--trusted-host', 'pypi.pub.build.mozilla.org', '--trusted-host', 'pypi.pvt.build.mozilla.org', 'jsonschema==2.5.1'] in /builds/slave/test/build
16:57:32     INFO - Copy/paste: /builds/slave/test/build/venv/bin/pip install --timeout 120 --no-index --find-links http://pypi.pvt.build.mozilla.org/pub --find-links http://pypi.pub.build.mozilla.org/pub --trusted-host pypi.pub.build.mozilla.org --trusted-host pypi.pvt.build.mozilla.org jsonschema==2.5.1
16:57:32     INFO - Using env: {'CCACHE_DIR': '/builds/ccache',
16:57:32     INFO -  'CCACHE_UMASK': '002',
16:57:32     INFO -  'DISPLAY': ':0',
16:57:32     INFO -  'HOME': '/home/cltbld',
16:57:32     INFO -  'LANG': 'en_US.UTF-8',
16:57:32     INFO -  'LOGNAME': 'cltbld',
16:57:32     INFO -  'MAIL': '/var/mail/cltbld',
16:57:32     INFO -  'MOZ_HIDE_RESULTS_TABLE': '1',
16:57:32     INFO -  'MOZ_NODE_PATH': '/usr/bin/node',
16:57:32     INFO -  'MOZ_NO_REMOTE': '1',
16:57:32     INFO -  'NODE_PATH': '/usr/lib/nodejs:/usr/lib/node_modules:/usr/share/javascript',
16:57:32     INFO -  'NO_FAIL_ON_TEST_ERRORS': '1',
16:57:32     INFO -  'PATH': '/usr/local/bin:/usr/local/bin:/usr/bin:/bin:/usr/local/games:/usr/games',
16:57:32     INFO -  'PROPERTIES_FILE': '/builds/slave/test/buildprops.json',
16:57:32     INFO -  'PWD': '/builds/slave/test',
16:57:32     INFO -  'SHELL': '/bin/bash',
16:57:32     INFO -  'SHLVL': '1',
16:57:32     INFO -  'TERM': 'linux',
16:57:32     INFO -  'TMOUT': '86400',
16:57:32     INFO -  'USER': 'cltbld',
16:57:32     INFO -  'XDG_SESSION_COOKIE': '5a152710dd62cc268aad214e000002d8-1528673688.734847-413539507',
16:57:32     INFO -  '_': '/tools/buildbot/bin/python'}
16:57:33     INFO -  Ignoring indexes: https://pypi.python.org/simple
16:57:33     INFO -  Collecting jsonschema==2.5.1
16:57:33     INFO -  /builds/slave/test/build/venv/lib/python2.7/site-packages/pip/_vendor/requests/packages/urllib3/util/ssl_.py:318: SNIMissingWarning: An HTTPS request has been made, but the SNI (Subject Name Indication) extension to TLS is not available on this platform. This may cause the server to present an incorrect TLS certificate, which can cause validation failures. You can upgrade to a newer version of Python to solve this. For more information, see https://urllib3.readthedocs.org/en/latest/security.html#snimissingwarning.
16:57:33     INFO -    SNIMissingWarning
16:57:33     INFO -  /builds/slave/test/build/venv/lib/python2.7/site-packages/pip/_vendor/requests/packages/urllib3/util/ssl_.py:122: InsecurePlatformWarning: A true SSLContext object is not available. This prevents urllib3 from configuring SSL appropriately and may cause certain SSL connections to fail. You can upgrade to a newer version of Python to solve this. For more information, see https://urllib3.readthedocs.org/en/latest/security.html#insecureplatformwarning.
16:57:33     INFO -    InsecurePlatformWarning
16:57:34     INFO -  /builds/slave/test/build/venv/lib/python2.7/site-packages/pip/_vendor/requests/packages/urllib3/util/ssl_.py:122: InsecurePlatformWarning: A true SSLContext object is not available. This prevents urllib3 from configuring SSL appropriately and may cause certain SSL connections to fail. You can upgrade to a newer version of Python to solve this. For more information, see https://urllib3.readthedocs.org/en/latest/security.html#insecureplatformwarning.
16:57:34     INFO -    InsecurePlatformWarning
16:57:38     INFO -    Downloading https://pypi.pvt.build.mozilla.org/pub/jsonschema-2.5.1-py2.py3-none-any.whl
16:57:38     INFO -  Collecting functools32; python_version == "2.7" (from jsonschema==2.5.1)
16:57:42     INFO -  Installing collected packages: functools32, jsonschema
16:57:42     INFO -  Successfully installed functools32-3.2.3.post2 jsonschema-2.5.1
16:57:42     INFO - Return code: 0
16:57:42     INFO - Installing functools32==3.2.3-2 into virtualenv /builds/slave/test/build/venv
16:57:42     INFO - retry: Calling run_command with args: [['/builds/slave/test/build/venv/bin/pip', 'install', '--timeout', '120', '--no-index', '--find-links', 'http://pypi.pvt.build.mozilla.org/pub', '--find-links', 'http://pypi.pub.build.mozilla.org/pub', '--trusted-host', 'pypi.pub.build.mozilla.org', '--trusted-host', 'pypi.pvt.build.mozilla.org', 'functools32==3.2.3-2']], kwargs: {'error_level': 'warning', 'error_list': [{'substr': 'not found or a compiler error:', 'level': 'warning'}, {'regex': <_sre.SRE_Pattern object at 0xb73235e0>, 'level': 'error'}, {'regex': <_sre.SRE_Pattern object at 0xb72fee30>, 'level': 'warning'}, {'regex': <_sre.SRE_Pattern object at 0x955d138>, 'level': 'debug'}, {'substr': 'command not found', 'level': 'error'}, {'regex': <_sre.SRE_Pattern object at 0x9551fe0>, 'level': 'warning'}, {'substr': 'Traceback (most recent call last)', 'level': 'error'}, {'substr': 'SyntaxError: ', 'level': 'error'}, {'substr': 'TypeError: ', 'level': 'error'}, {'substr': 'NameError: ', 'level': 'error'}, {'substr': 'ZeroDivisionError: ', 'level': 'error'}, {'regex': <_sre.SRE_Pattern object at 0x95562e0>, 'level': 'critical'}, {'regex': <_sre.SRE_Pattern object at 0x9541798>, 'level': 'critical'}], 'cwd': '/builds/slave/test/build', 'env': {'TMOUT': '86400', 'LOGNAME': 'cltbld', 'USER': 'cltbld', 'HOME': '/home/cltbld', 'PATH': '/usr/local/bin:/usr/local/bin:/usr/bin:/bin:/usr/local/games:/usr/games', 'DISPLAY': ':0', 'CCACHE_UMASK': '002', 'LANG': 'en_US.UTF-8', 'TERM': 'linux', 'SHELL': '/bin/bash', 'MOZ_NODE_PATH': '/usr/bin/node', 'XDG_SESSION_COOKIE': '5a152710dd62cc268aad214e000002d8-1528673688.734847-413539507', 'SHLVL': '1', 'NO_FAIL_ON_TEST_ERRORS': '1', 'MOZ_NO_REMOTE': '1', 'MOZ_HIDE_RESULTS_TABLE': '1', 'MAIL': '/var/mail/cltbld', '_': '/tools/buildbot/bin/python', 'NODE_PATH': '/usr/lib/nodejs:/usr/lib/node_modules:/usr/share/javascript', 'PWD': '/builds/slave/test', 'PROPERTIES_FILE': '/builds/slave/test/buildprops.json', 'CCACHE_DIR': '/builds/ccache'}}, attempt #1
16:57:42     INFO - Running command: ['/builds/slave/test/build/venv/bin/pip', 'install', '--timeout', '120', '--no-index', '--find-links', 'http://pypi.pvt.build.mozilla.org/pub', '--find-links', 'http://pypi.pub.build.mozilla.org/pub', '--trusted-host', 'pypi.pub.build.mozilla.org', '--trusted-host', 'pypi.pvt.build.mozilla.org', 'functools32==3.2.3-2'] in /builds/slave/test/build
16:57:42     INFO - Copy/paste: /builds/slave/test/build/venv/bin/pip install --timeout 120 --no-index --find-links http://pypi.pvt.build.mozilla.org/pub --find-links http://pypi.pub.build.mozilla.org/pub --trusted-host pypi.pub.build.mozilla.org --trusted-host pypi.pvt.build.mozilla.org functools32==3.2.3-2
16:57:42     INFO - Using env: {'CCACHE_DIR': '/builds/ccache',
16:57:42     INFO -  'CCACHE_UMASK': '002',
16:57:42     INFO -  'DISPLAY': ':0',
16:57:42     INFO -  'HOME': '/home/cltbld',
16:57:42     INFO -  'LANG': 'en_US.UTF-8',
16:57:42     INFO -  'LOGNAME': 'cltbld',
16:57:42     INFO -  'MAIL': '/var/mail/cltbld',
16:57:42     INFO -  'MOZ_HIDE_RESULTS_TABLE': '1',
16:57:42     INFO -  'MOZ_NODE_PATH': '/usr/bin/node',
16:57:42     INFO -  'MOZ_NO_REMOTE': '1',
16:57:42     INFO -  'NODE_PATH': '/usr/lib/nodejs:/usr/lib/node_modules:/usr/share/javascript',
16:57:42     INFO -  'NO_FAIL_ON_TEST_ERRORS': '1',
16:57:42     INFO -  'PATH': '/usr/local/bin:/usr/local/bin:/usr/bin:/bin:/usr/local/games:/usr/games',
16:57:42     INFO -  'PROPERTIES_FILE': '/builds/slave/test/buildprops.json',
16:57:42     INFO -  'PWD': '/builds/slave/test',
16:57:42     INFO -  'SHELL': '/bin/bash',
16:57:42     INFO -  'SHLVL': '1',
16:57:42     INFO -  'TERM': 'linux',
16:57:42     INFO -  'TMOUT': '86400',
16:57:42     INFO -  'USER': 'cltbld',
16:57:42     INFO -  'XDG_SESSION_COOKIE': '5a152710dd62cc268aad214e000002d8-1528673688.734847-413539507',
16:57:42     INFO -  '_': '/tools/buildbot/bin/python'}
16:57:43     INFO -  Ignoring indexes: https://pypi.python.org/simple
16:57:43     INFO -  Requirement already satisfied (use --upgrade to upgrade): functools32==3.2.3-2 in ./venv/lib/python2.7/site-packages
16:57:43     INFO - Return code: 0
16:57:43     INFO - Installing blobuploader==1.2.4 into virtualenv /builds/slave/test/build/venv
16:57:43     INFO - retry: Calling run_command with args: [['/builds/slave/test/build/venv/bin/pip', 'install', '--timeout', '120', '--no-index', '--find-links', 'http://pypi.pvt.build.mozilla.org/pub', '--find-links', 'http://pypi.pub.build.mozilla.org/pub', '--trusted-host', 'pypi.pub.build.mozilla.org', '--trusted-host', 'pypi.pvt.build.mozilla.org', 'blobuploader==1.2.4']], kwargs: {'error_level': 'warning', 'error_list': [{'substr': 'not found or a compiler error:', 'level': 'warning'}, {'regex': <_sre.SRE_Pattern object at 0xb73235e0>, 'level': 'error'}, {'regex': <_sre.SRE_Pattern object at 0xb72fee30>, 'level': 'warning'}, {'regex': <_sre.SRE_Pattern object at 0x955d138>, 'level': 'debug'}, {'substr': 'command not found', 'level': 'error'}, {'regex': <_sre.SRE_Pattern object at 0x9551fe0>, 'level': 'warning'}, {'substr': 'Traceback (most recent call last)', 'level': 'error'}, {'substr': 'SyntaxError: ', 'level': 'error'}, {'substr': 'TypeError: ', 'level': 'error'}, {'substr': 'NameError: ', 'level': 'error'}, {'substr': 'ZeroDivisionError: ', 'level': 'error'}, {'regex': <_sre.SRE_Pattern object at 0x95562e0>, 'level': 'critical'}, {'regex': <_sre.SRE_Pattern object at 0x9541798>, 'level': 'critical'}], 'cwd': '/builds/slave/test/build', 'env': {'TMOUT': '86400', 'LOGNAME': 'cltbld', 'USER': 'cltbld', 'HOME': '/home/cltbld', 'PATH': '/usr/local/bin:/usr/local/bin:/usr/bin:/bin:/usr/local/games:/usr/games', 'DISPLAY': ':0', 'CCACHE_UMASK': '002', 'LANG': 'en_US.UTF-8', 'TERM': 'linux', 'SHELL': '/bin/bash', 'MOZ_NODE_PATH': '/usr/bin/node', 'XDG_SESSION_COOKIE': '5a152710dd62cc268aad214e000002d8-1528673688.734847-413539507', 'SHLVL': '1', 'NO_FAIL_ON_TEST_ERRORS': '1', 'MOZ_NO_REMOTE': '1', 'MOZ_HIDE_RESULTS_TABLE': '1', 'MAIL': '/var/mail/cltbld', '_': '/tools/buildbot/bin/python', 'NODE_PATH': '/usr/lib/nodejs:/usr/lib/node_modules:/usr/share/javascript', 'PWD': '/builds/slave/test', 'PROPERTIES_FILE': '/builds/slave/test/buildprops.json', 'CCACHE_DIR': '/builds/ccache'}}, attempt #1
16:57:43     INFO - Running command: ['/builds/slave/test/build/venv/bin/pip', 'install', '--timeout', '120', '--no-index', '--find-links', 'http://pypi.pvt.build.mozilla.org/pub', '--find-links', 'http://pypi.pub.build.mozilla.org/pub', '--trusted-host', 'pypi.pub.build.mozilla.org', '--trusted-host', 'pypi.pvt.build.mozilla.org', 'blobuploader==1.2.4'] in /builds/slave/test/build
16:57:43     INFO - Copy/paste: /builds/slave/test/build/venv/bin/pip install --timeout 120 --no-index --find-links http://pypi.pvt.build.mozilla.org/pub --find-links http://pypi.pub.build.mozilla.org/pub --trusted-host pypi.pub.build.mozilla.org --trusted-host pypi.pvt.build.mozilla.org blobuploader==1.2.4
16:57:43     INFO - Using env: {'CCACHE_DIR': '/builds/ccache',
16:57:43     INFO -  'CCACHE_UMASK': '002',
16:57:43     INFO -  'DISPLAY': ':0',
16:57:43     INFO -  'HOME': '/home/cltbld',
16:57:43     INFO -  'LANG': 'en_US.UTF-8',
16:57:43     INFO -  'LOGNAME': 'cltbld',
16:57:43     INFO -  'MAIL': '/var/mail/cltbld',
16:57:43     INFO -  'MOZ_HIDE_RESULTS_TABLE': '1',
16:57:43     INFO -  'MOZ_NODE_PATH': '/usr/bin/node',
16:57:43     INFO -  'MOZ_NO_REMOTE': '1',
16:57:43     INFO -  'NODE_PATH': '/usr/lib/nodejs:/usr/lib/node_modules:/usr/share/javascript',
16:57:43     INFO -  'NO_FAIL_ON_TEST_ERRORS': '1',
16:57:43     INFO -  'PATH': '/usr/local/bin:/usr/local/bin:/usr/bin:/bin:/usr/local/games:/usr/games',
16:57:43     INFO -  'PROPERTIES_FILE': '/builds/slave/test/buildprops.json',
16:57:43     INFO -  'PWD': '/builds/slave/test',
16:57:43     INFO -  'SHELL': '/bin/bash',
16:57:43     INFO -  'SHLVL': '1',
16:57:43     INFO -  'TERM': 'linux',
16:57:43     INFO -  'TMOUT': '86400',
16:57:43     INFO -  'USER': 'cltbld',
16:57:43     INFO -  'XDG_SESSION_COOKIE': '5a152710dd62cc268aad214e000002d8-1528673688.734847-413539507',
16:57:43     INFO -  '_': '/tools/buildbot/bin/python'}
16:57:44     INFO -  Ignoring indexes: https://pypi.python.org/simple
16:57:44     INFO -  Collecting blobuploader==1.2.4
16:57:44     INFO -  /builds/slave/test/build/venv/lib/python2.7/site-packages/pip/_vendor/requests/packages/urllib3/util/ssl_.py:318: SNIMissingWarning: An HTTPS request has been made, but the SNI (Subject Name Indication) extension to TLS is not available on this platform. This may cause the server to present an incorrect TLS certificate, which can cause validation failures. You can upgrade to a newer version of Python to solve this. For more information, see https://urllib3.readthedocs.org/en/latest/security.html#snimissingwarning.
16:57:44     INFO -    SNIMissingWarning
16:57:44     INFO -  /builds/slave/test/build/venv/lib/python2.7/site-packages/pip/_vendor/requests/packages/urllib3/util/ssl_.py:122: InsecurePlatformWarning: A true SSLContext object is not available. This prevents urllib3 from configuring SSL appropriately and may cause certain SSL connections to fail. You can upgrade to a newer version of Python to solve this. For more information, see https://urllib3.readthedocs.org/en/latest/security.html#insecureplatformwarning.
16:57:44     INFO -    InsecurePlatformWarning
16:57:45     INFO -  /builds/slave/test/build/venv/lib/python2.7/site-packages/pip/_vendor/requests/packages/urllib3/util/ssl_.py:122: InsecurePlatformWarning: A true SSLContext object is not available. This prevents urllib3 from configuring SSL appropriately and may cause certain SSL connections to fail. You can upgrade to a newer version of Python to solve this. For more information, see https://urllib3.readthedocs.org/en/latest/security.html#insecureplatformwarning.
16:57:45     INFO -    InsecurePlatformWarning
16:57:49     INFO -  Collecting docopt==0.6.1 (from blobuploader==1.2.4)
16:57:53     INFO -  Collecting requests==1.2.3. (from blobuploader==1.2.4)
16:57:57     INFO -  Installing collected packages: docopt, requests, blobuploader
16:57:57     INFO -  Successfully installed blobuploader-1.2.4 docopt-0.6.1 requests-1.2.3
16:57:57     INFO - Return code: 0
16:57:57     INFO - Installing None into virtualenv /builds/slave/test/build/venv
16:57:57     INFO - retry: Calling run_command with args: [['/builds/slave/test/build/venv/bin/pip', 'install', '--no-deps', '--timeout', '120', '-r', '/builds/slave/test/build/tests/config/mozbase_requirements.txt', '--no-index', '--find-links', 'http://pypi.pvt.build.mozilla.org/pub', '--find-links', 'http://pypi.pub.build.mozilla.org/pub', '--trusted-host', 'pypi.pub.build.mozilla.org', '--trusted-host', 'pypi.pvt.build.mozilla.org']], kwargs: {'error_level': 'warning', 'error_list': [{'substr': 'not found or a compiler error:', 'level': 'warning'}, {'regex': <_sre.SRE_Pattern object at 0xb73235e0>, 'level': 'error'}, {'regex': <_sre.SRE_Pattern object at 0xb72fee30>, 'level': 'warning'}, {'regex': <_sre.SRE_Pattern object at 0x955d138>, 'level': 'debug'}, {'substr': 'command not found', 'level': 'error'}, {'regex': <_sre.SRE_Pattern object at 0x9551fe0>, 'level': 'warning'}, {'substr': 'Traceback (most recent call last)', 'level': 'error'}, {'substr': 'SyntaxError: ', 'level': 'error'}, {'substr': 'TypeError: ', 'level': 'error'}, {'substr': 'NameError: ', 'level': 'error'}, {'substr': 'ZeroDivisionError: ', 'level': 'error'}, {'regex': <_sre.SRE_Pattern object at 0x95562e0>, 'level': 'critical'}, {'regex': <_sre.SRE_Pattern object at 0x9541798>, 'level': 'critical'}], 'cwd': '/builds/slave/test/build/tests/config', 'env': {'TMOUT': '86400', 'LOGNAME': 'cltbld', 'USER': 'cltbld', 'HOME': '/home/cltbld', 'PATH': '/usr/local/bin:/usr/local/bin:/usr/bin:/bin:/usr/local/games:/usr/games', 'DISPLAY': ':0', 'CCACHE_UMASK': '002', 'LANG': 'en_US.UTF-8', 'TERM': 'linux', 'SHELL': '/bin/bash', 'MOZ_NODE_PATH': '/usr/bin/node', 'XDG_SESSION_COOKIE': '5a152710dd62cc268aad214e000002d8-1528673688.734847-413539507', 'SHLVL': '1', 'NO_FAIL_ON_TEST_ERRORS': '1', 'MOZ_NO_REMOTE': '1', 'MOZ_HIDE_RESULTS_TABLE': '1', 'MAIL': '/var/mail/cltbld', '_': '/tools/buildbot/bin/python', 'NODE_PATH': '/usr/lib/nodejs:/usr/lib/node_modules:/usr/share/javascript', 'PWD': '/builds/slave/test', 'PROPERTIES_FILE': '/builds/slave/test/buildprops.json', 'CCACHE_DIR': '/builds/ccache'}}, attempt #1
16:57:57     INFO - Running command: ['/builds/slave/test/build/venv/bin/pip', 'install', '--no-deps', '--timeout', '120', '-r', '/builds/slave/test/build/tests/config/mozbase_requirements.txt', '--no-index', '--find-links', 'http://pypi.pvt.build.mozilla.org/pub', '--find-links', 'http://pypi.pub.build.mozilla.org/pub', '--trusted-host', 'pypi.pub.build.mozilla.org', '--trusted-host', 'pypi.pvt.build.mozilla.org'] in /builds/slave/test/build/tests/config
16:57:57     INFO - Copy/paste: /builds/slave/test/build/venv/bin/pip install --no-deps --timeout 120 -r /builds/slave/test/build/tests/config/mozbase_requirements.txt --no-index --find-links http://pypi.pvt.build.mozilla.org/pub --find-links http://pypi.pub.build.mozilla.org/pub --trusted-host pypi.pub.build.mozilla.org --trusted-host pypi.pvt.build.mozilla.org
16:57:57     INFO - Using env: {'CCACHE_DIR': '/builds/ccache',
16:57:57     INFO -  'CCACHE_UMASK': '002',
16:57:57     INFO -  'DISPLAY': ':0',
16:57:57     INFO -  'HOME': '/home/cltbld',
16:57:57     INFO -  'LANG': 'en_US.UTF-8',
16:57:57     INFO -  'LOGNAME': 'cltbld',
16:57:57     INFO -  'MAIL': '/var/mail/cltbld',
16:57:57     INFO -  'MOZ_HIDE_RESULTS_TABLE': '1',
16:57:57     INFO -  'MOZ_NODE_PATH': '/usr/bin/node',
16:57:57     INFO -  'MOZ_NO_REMOTE': '1',
16:57:57     INFO -  'NODE_PATH': '/usr/lib/nodejs:/usr/lib/node_modules:/usr/share/javascript',
16:57:57     INFO -  'NO_FAIL_ON_TEST_ERRORS': '1',
16:57:57     INFO -  'PATH': '/usr/local/bin:/usr/local/bin:/usr/bin:/bin:/usr/local/games:/usr/games',
16:57:57     INFO -  'PROPERTIES_FILE': '/builds/slave/test/buildprops.json',
16:57:57     INFO -  'PWD': '/builds/slave/test',
16:57:57     INFO -  'SHELL': '/bin/bash',
16:57:57     INFO -  'SHLVL': '1',
16:57:57     INFO -  'TERM': 'linux',
16:57:57     INFO -  'TMOUT': '86400',
16:57:57     INFO -  'USER': 'cltbld',
16:57:57     INFO -  'XDG_SESSION_COOKIE': '5a152710dd62cc268aad214e000002d8-1528673688.734847-413539507',
16:57:57     INFO -  '_': '/tools/buildbot/bin/python'}
16:57:58     INFO -  Ignoring indexes: https://pypi.python.org/simple
16:57:58     INFO -  Processing /builds/slave/test/build/tests/mozbase/manifestparser
16:57:59     INFO -  Processing /builds/slave/test/build/tests/mozbase/mozcrash
16:57:59     INFO -  Processing /builds/slave/test/build/tests/mozbase/mozdebug
16:57:59     INFO -  Processing /builds/slave/test/build/tests/mozbase/mozdevice
16:58:00     INFO -  Processing /builds/slave/test/build/tests/mozbase/mozfile
16:58:00     INFO -  Processing /builds/slave/test/build/tests/mozbase/mozhttpd
16:58:00     INFO -  Processing /builds/slave/test/build/tests/mozbase/mozinfo
16:58:01     INFO -  Processing /builds/slave/test/build/tests/mozbase/mozinstall
16:58:01     INFO -  Processing /builds/slave/test/build/tests/mozbase/mozleak
16:58:01     INFO -  Processing /builds/slave/test/build/tests/mozbase/mozlog
16:58:02     INFO -  Processing /builds/slave/test/build/tests/mozbase/moznetwork
16:58:02     INFO -  Processing /builds/slave/test/build/tests/mozbase/mozprocess
16:58:02     INFO -  Processing /builds/slave/test/build/tests/mozbase/mozprofile
16:58:03     INFO -  Processing /builds/slave/test/build/tests/mozbase/mozrunner
16:58:03     INFO -  Processing /builds/slave/test/build/tests/mozbase/mozscreenshot
16:58:03     INFO -  Processing /builds/slave/test/build/tests/mozbase/moztest
16:58:04     INFO -  Processing /builds/slave/test/build/tests/mozbase/mozversion
16:58:04     INFO -  Installing collected packages: manifestparser, mozcrash, mozdebug, mozdevice, mozfile, mozhttpd, mozinfo, mozInstall, mozleak, mozlog, moznetwork, mozprocess, mozprofile, mozrunner, mozscreenshot, moztest, mozversion
16:58:04     INFO -    Running setup.py install for manifestparser: started
16:58:05     INFO -      Running setup.py install for manifestparser: finished with status 'done'
16:58:05     INFO -    Running setup.py install for mozcrash: started
16:58:05     INFO -      Running setup.py install for mozcrash: finished with status 'done'
16:58:05     INFO -    Running setup.py install for mozdebug: started
16:58:05     INFO -      Running setup.py install for mozdebug: finished with status 'done'
16:58:05     INFO -    Running setup.py install for mozdevice: started
16:58:06     INFO -      Running setup.py install for mozdevice: finished with status 'done'
16:58:06     INFO -    Running setup.py install for mozfile: started
16:58:06     INFO -      Running setup.py install for mozfile: finished with status 'done'
16:58:06     INFO -    Running setup.py install for mozhttpd: started
16:58:07     INFO -      Running setup.py install for mozhttpd: finished with status 'done'
16:58:07     INFO -    Running setup.py install for mozinfo: started
16:58:07     INFO -      Running setup.py install for mozinfo: finished with status 'done'
16:58:07     INFO -    Running setup.py install for mozInstall: started
16:58:07     INFO -      Running setup.py install for mozInstall: finished with status 'done'
16:58:07     INFO -    Running setup.py install for mozleak: started
16:58:08     INFO -      Running setup.py install for mozleak: finished with status 'done'
16:58:08     INFO -    Running setup.py install for mozlog: started
16:58:08     INFO -      Running setup.py install for mozlog: finished with status 'done'
16:58:08     INFO -    Running setup.py install for moznetwork: started
16:58:09     INFO -      Running setup.py install for moznetwork: finished with status 'done'
16:58:09     INFO -    Running setup.py install for mozprocess: started
16:58:09     INFO -      Running setup.py install for mozprocess: finished with status 'done'
16:58:09     INFO -    Running setup.py install for mozprofile: started
16:58:10     INFO -      Running setup.py install for mozprofile: finished with status 'done'
16:58:10     INFO -    Running setup.py install for mozrunner: started
16:58:10     INFO -      Running setup.py install for mozrunner: finished with status 'done'
16:58:10     INFO -    Running setup.py install for mozscreenshot: started
16:58:11     INFO -      Running setup.py install for mozscreenshot: finished with status 'done'
16:58:11     INFO -    Running setup.py install for moztest: started
16:58:11     INFO -      Running setup.py install for moztest: finished with status 'done'
16:58:11     INFO -    Running setup.py install for mozversion: started
16:58:12     INFO -      Running setup.py install for mozversion: finished with status 'done'
16:58:12     INFO -  Successfully installed manifestparser-1.1 mozInstall-1.12 mozcrash-1.0 mozdebug-0.1 mozdevice-0.48 mozfile-1.2 mozhttpd-0.7 mozinfo-0.9 mozleak-0.1 mozlog-3.4 moznetwork-0.27 mozprocess-0.23 mozprofile-0.28 mozrunner-6.13 mozscreenshot-0.1 moztest-0.8 mozversion-1.4
16:58:12     INFO - Return code: 0
16:58:12     INFO - Installing None into virtualenv /builds/slave/test/build/venv
16:58:12     INFO - retry: Calling run_command with args: [['/builds/slave/test/build/venv/bin/pip', 'install', '--timeout', '120', '-r', '/builds/slave/test/build/tests/config/mozbase_requirements.txt', '--no-index', '--find-links', 'http://pypi.pvt.build.mozilla.org/pub', '--find-links', 'http://pypi.pub.build.mozilla.org/pub', '--trusted-host', 'pypi.pub.build.mozilla.org', '--trusted-host', 'pypi.pvt.build.mozilla.org']], kwargs: {'error_level': 'warning', 'error_list': [{'substr': 'not found or a compiler error:', 'level': 'warning'}, {'regex': <_sre.SRE_Pattern object at 0xb73235e0>, 'level': 'error'}, {'regex': <_sre.SRE_Pattern object at 0xb72fee30>, 'level': 'warning'}, {'regex': <_sre.SRE_Pattern object at 0x955d138>, 'level': 'debug'}, {'substr': 'command not found', 'level': 'error'}, {'regex': <_sre.SRE_Pattern object at 0x9551fe0>, 'level': 'warning'}, {'substr': 'Traceback (most recent call last)', 'level': 'error'}, {'substr': 'SyntaxError: ', 'level': 'error'}, {'substr': 'TypeError: ', 'level': 'error'}, {'substr': 'NameError: ', 'level': 'error'}, {'substr': 'ZeroDivisionError: ', 'level': 'error'}, {'regex': <_sre.SRE_Pattern object at 0x95562e0>, 'level': 'critical'}, {'regex': <_sre.SRE_Pattern object at 0x9541798>, 'level': 'critical'}], 'cwd': '/builds/slave/test/build/tests/config', 'env': {'TMOUT': '86400', 'LOGNAME': 'cltbld', 'USER': 'cltbld', 'HOME': '/home/cltbld', 'PATH': '/usr/local/bin:/usr/local/bin:/usr/bin:/bin:/usr/local/games:/usr/games', 'DISPLAY': ':0', 'CCACHE_UMASK': '002', 'LANG': 'en_US.UTF-8', 'TERM': 'linux', 'SHELL': '/bin/bash', 'MOZ_NODE_PATH': '/usr/bin/node', 'XDG_SESSION_COOKIE': '5a152710dd62cc268aad214e000002d8-1528673688.734847-413539507', 'SHLVL': '1', 'NO_FAIL_ON_TEST_ERRORS': '1', 'MOZ_NO_REMOTE': '1', 'MOZ_HIDE_RESULTS_TABLE': '1', 'MAIL': '/var/mail/cltbld', '_': '/tools/buildbot/bin/python', 'NODE_PATH': '/usr/lib/nodejs:/usr/lib/node_modules:/usr/share/javascript', 'PWD': '/builds/slave/test', 'PROPERTIES_FILE': '/builds/slave/test/buildprops.json', 'CCACHE_DIR': '/builds/ccache'}}, attempt #1
16:58:12     INFO - Running command: ['/builds/slave/test/build/venv/bin/pip', 'install', '--timeout', '120', '-r', '/builds/slave/test/build/tests/config/mozbase_requirements.txt', '--no-index', '--find-links', 'http://pypi.pvt.build.mozilla.org/pub', '--find-links', 'http://pypi.pub.build.mozilla.org/pub', '--trusted-host', 'pypi.pub.build.mozilla.org', '--trusted-host', 'pypi.pvt.build.mozilla.org'] in /builds/slave/test/build/tests/config
16:58:12     INFO - Copy/paste: /builds/slave/test/build/venv/bin/pip install --timeout 120 -r /builds/slave/test/build/tests/config/mozbase_requirements.txt --no-index --find-links http://pypi.pvt.build.mozilla.org/pub --find-links http://pypi.pub.build.mozilla.org/pub --trusted-host pypi.pub.build.mozilla.org --trusted-host pypi.pvt.build.mozilla.org
16:58:12     INFO - Using env: {'CCACHE_DIR': '/builds/ccache',
16:58:12     INFO -  'CCACHE_UMASK': '002',
16:58:12     INFO -  'DISPLAY': ':0',
16:58:12     INFO -  'HOME': '/home/cltbld',
16:58:12     INFO -  'LANG': 'en_US.UTF-8',
16:58:12     INFO -  'LOGNAME': 'cltbld',
16:58:12     INFO -  'MAIL': '/var/mail/cltbld',
16:58:12     INFO -  'MOZ_HIDE_RESULTS_TABLE': '1',
16:58:12     INFO -  'MOZ_NODE_PATH': '/usr/bin/node',
16:58:12     INFO -  'MOZ_NO_REMOTE': '1',
16:58:12     INFO -  'NODE_PATH': '/usr/lib/nodejs:/usr/lib/node_modules:/usr/share/javascript',
16:58:12     INFO -  'NO_FAIL_ON_TEST_ERRORS': '1',
16:58:12     INFO -  'PATH': '/usr/local/bin:/usr/local/bin:/usr/bin:/bin:/usr/local/games:/usr/games',
16:58:12     INFO -  'PROPERTIES_FILE': '/builds/slave/test/buildprops.json',
16:58:12     INFO -  'PWD': '/builds/slave/test',
16:58:12     INFO -  'SHELL': '/bin/bash',
16:58:12     INFO -  'SHLVL': '1',
16:58:12     INFO -  'TERM': 'linux',
16:58:12     INFO -  'TMOUT': '86400',
16:58:12     INFO -  'USER': 'cltbld',
16:58:12     INFO -  'XDG_SESSION_COOKIE': '5a152710dd62cc268aad214e000002d8-1528673688.734847-413539507',
16:58:12     INFO -  '_': '/tools/buildbot/bin/python'}
16:58:13     INFO -  Ignoring indexes: https://pypi.python.org/simple
16:58:13     INFO -  Processing /builds/slave/test/build/tests/mozbase/manifestparser
16:58:13     INFO -    Requirement already satisfied (use --upgrade to upgrade): manifestparser==1.1 from file:///builds/slave/test/build/tests/mozbase/manifestparser in /builds/slave/test/build/venv/lib/python2.7/site-packages (from -r /builds/slave/test/build/tests/config/mozbase_requirements.txt (line 1))
16:58:13     INFO -  Processing /builds/slave/test/build/tests/mozbase/mozcrash
16:58:14     INFO -    Requirement already satisfied (use --upgrade to upgrade): mozcrash==1.0 from file:///builds/slave/test/build/tests/mozbase/mozcrash in /builds/slave/test/build/venv/lib/python2.7/site-packages (from -r /builds/slave/test/build/tests/config/mozbase_requirements.txt (line 2))
16:58:14     INFO -  Processing /builds/slave/test/build/tests/mozbase/mozdebug
16:58:14     INFO -    Requirement already satisfied (use --upgrade to upgrade): mozdebug==0.1 from file:///builds/slave/test/build/tests/mozbase/mozdebug in /builds/slave/test/build/venv/lib/python2.7/site-packages (from -r /builds/slave/test/build/tests/config/mozbase_requirements.txt (line 3))
16:58:14     INFO -  Processing /builds/slave/test/build/tests/mozbase/mozdevice
16:58:15     INFO -    Requirement already satisfied (use --upgrade to upgrade): mozdevice==0.48 from file:///builds/slave/test/build/tests/mozbase/mozdevice in /builds/slave/test/build/venv/lib/python2.7/site-packages (from -r /builds/slave/test/build/tests/config/mozbase_requirements.txt (line 4))
16:58:15     INFO -  Processing /builds/slave/test/build/tests/mozbase/mozfile
16:58:15     INFO -    Requirement already satisfied (use --upgrade to upgrade): mozfile==1.2 from file:///builds/slave/test/build/tests/mozbase/mozfile in /builds/slave/test/build/venv/lib/python2.7/site-packages (from -r /builds/slave/test/build/tests/config/mozbase_requirements.txt (line 5))
16:58:15     INFO -  Processing /builds/slave/test/build/tests/mozbase/mozhttpd
16:58:15     INFO -    Requirement already satisfied (use --upgrade to upgrade): mozhttpd==0.7 from file:///builds/slave/test/build/tests/mozbase/mozhttpd in /builds/slave/test/build/venv/lib/python2.7/site-packages (from -r /builds/slave/test/build/tests/config/mozbase_requirements.txt (line 6))
16:58:15     INFO -  Processing /builds/slave/test/build/tests/mozbase/mozinfo
16:58:16     INFO -    Requirement already satisfied (use --upgrade to upgrade): mozinfo==0.9 from file:///builds/slave/test/build/tests/mozbase/mozinfo in /builds/slave/test/build/venv/lib/python2.7/site-packages (from -r /builds/slave/test/build/tests/config/mozbase_requirements.txt (line 7))
16:58:16     INFO -  Processing /builds/slave/test/build/tests/mozbase/mozinstall
16:58:16     INFO -    Requirement already satisfied (use --upgrade to upgrade): mozInstall==1.12 from file:///builds/slave/test/build/tests/mozbase/mozinstall in /builds/slave/test/build/venv/lib/python2.7/site-packages (from -r /builds/slave/test/build/tests/config/mozbase_requirements.txt (line 8))
16:58:16     INFO -  Processing /builds/slave/test/build/tests/mozbase/mozleak
16:58:16     INFO -    Requirement already satisfied (use --upgrade to upgrade): mozleak==0.1 from file:///builds/slave/test/build/tests/mozbase/mozleak in /builds/slave/test/build/venv/lib/python2.7/site-packages (from -r /builds/slave/test/build/tests/config/mozbase_requirements.txt (line 9))
16:58:16     INFO -  Processing /builds/slave/test/build/tests/mozbase/mozlog
16:58:17     INFO -    Requirement already satisfied (use --upgrade to upgrade): mozlog==3.4 from file:///builds/slave/test/build/tests/mozbase/mozlog in /builds/slave/test/build/venv/lib/python2.7/site-packages (from -r /builds/slave/test/build/tests/config/mozbase_requirements.txt (line 10))
16:58:17     INFO -  Processing /builds/slave/test/build/tests/mozbase/moznetwork
16:58:17     INFO -    Requirement already satisfied (use --upgrade to upgrade): moznetwork==0.27 from file:///builds/slave/test/build/tests/mozbase/moznetwork in /builds/slave/test/build/venv/lib/python2.7/site-packages (from -r /builds/slave/test/build/tests/config/mozbase_requirements.txt (line 11))
16:58:17     INFO -  Processing /builds/slave/test/build/tests/mozbase/mozprocess
16:58:17     INFO -    Requirement already satisfied (use --upgrade to upgrade): mozprocess==0.23 from file:///builds/slave/test/build/tests/mozbase/mozprocess in /builds/slave/test/build/venv/lib/python2.7/site-packages (from -r /builds/slave/test/build/tests/config/mozbase_requirements.txt (line 12))
16:58:17     INFO -  Processing /builds/slave/test/build/tests/mozbase/mozprofile
16:58:18     INFO -    Requirement already satisfied (use --upgrade to upgrade): mozprofile==0.28 from file:///builds/slave/test/build/tests/mozbase/mozprofile in /builds/slave/test/build/venv/lib/python2.7/site-packages (from -r /builds/slave/test/build/tests/config/mozbase_requirements.txt (line 13))
16:58:18     INFO -  Processing /builds/slave/test/build/tests/mozbase/mozrunner
16:58:18     INFO -    Requirement already satisfied (use --upgrade to upgrade): mozrunner==6.13 from file:///builds/slave/test/build/tests/mozbase/mozrunner in /builds/slave/test/build/venv/lib/python2.7/site-packages (from -r /builds/slave/test/build/tests/config/mozbase_requirements.txt (line 14))
16:58:18     INFO -  Processing /builds/slave/test/build/tests/mozbase/mozscreenshot
16:58:19     INFO -    Requirement already satisfied (use --upgrade to upgrade): mozscreenshot==0.1 from file:///builds/slave/test/build/tests/mozbase/mozscreenshot in /builds/slave/test/build/venv/lib/python2.7/site-packages (from -r /builds/slave/test/build/tests/config/mozbase_requirements.txt (line 15))
16:58:19     INFO -  Processing /builds/slave/test/build/tests/mozbase/moztest
16:58:19     INFO -    Requirement already satisfied (use --upgrade to upgrade): moztest==0.8 from file:///builds/slave/test/build/tests/mozbase/moztest in /builds/slave/test/build/venv/lib/python2.7/site-packages (from -r /builds/slave/test/build/tests/config/mozbase_requirements.txt (line 16))
16:58:19     INFO -  Processing /builds/slave/test/build/tests/mozbase/mozversion
16:58:19     INFO -    Requirement already satisfied (use --upgrade to upgrade): mozversion==1.4 from file:///builds/slave/test/build/tests/mozbase/mozversion in /builds/slave/test/build/venv/lib/python2.7/site-packages (from -r /builds/slave/test/build/tests/config/mozbase_requirements.txt (line 17))
16:58:19     INFO -  Requirement already satisfied (use --upgrade to upgrade): mozfile>=1.0 in /builds/slave/test/build/venv/lib/python2.7/site-packages (from mozcrash==1.0->-r /builds/slave/test/build/tests/config/mozbase_requirements.txt (line 2))
16:58:19     INFO -  Requirement already satisfied (use --upgrade to upgrade): mozlog>=3.0 in /builds/slave/test/build/venv/lib/python2.7/site-packages (from mozcrash==1.0->-r /builds/slave/test/build/tests/config/mozbase_requirements.txt (line 2))
16:58:19     INFO -  Requirement already satisfied (use --upgrade to upgrade): mozinfo in /builds/slave/test/build/venv/lib/python2.7/site-packages (from mozdebug==0.1->-r /builds/slave/test/build/tests/config/mozbase_requirements.txt (line 3))
16:58:19     INFO -  Requirement already satisfied (use --upgrade to upgrade): moznetwork>=0.24 in /builds/slave/test/build/venv/lib/python2.7/site-packages (from mozdevice==0.48->-r /builds/slave/test/build/tests/config/mozbase_requirements.txt (line 4))
16:58:19     INFO -  Requirement already satisfied (use --upgrade to upgrade): mozprocess>=0.19 in /builds/slave/test/build/venv/lib/python2.7/site-packages (from mozdevice==0.48->-r /builds/slave/test/build/tests/config/mozbase_requirements.txt (line 4))
16:58:19     INFO -  Collecting blessings>=1.3 (from mozlog==3.4->-r /builds/slave/test/build/tests/config/mozbase_requirements.txt (line 10))
16:58:19     INFO -  /builds/slave/test/build/venv/lib/python2.7/site-packages/pip/_vendor/requests/packages/urllib3/util/ssl_.py:318: SNIMissingWarning: An HTTPS request has been made, but the SNI (Subject Name Indication) extension to TLS is not available on this platform. This may cause the server to present an incorrect TLS certificate, which can cause validation failures. You can upgrade to a newer version of Python to solve this. For more information, see https://urllib3.readthedocs.org/en/latest/security.html#snimissingwarning.
16:58:19     INFO -    SNIMissingWarning
16:58:19     INFO -  /builds/slave/test/build/venv/lib/python2.7/site-packages/pip/_vendor/requests/packages/urllib3/util/ssl_.py:122: InsecurePlatformWarning: A true SSLContext object is not available. This prevents urllib3 from configuring SSL appropriately and may cause certain SSL connections to fail. You can upgrade to a newer version of Python to solve this. For more information, see https://urllib3.readthedocs.org/en/latest/security.html#insecureplatformwarning.
16:58:19     INFO -    InsecurePlatformWarning
16:58:21     INFO -  /builds/slave/test/build/venv/lib/python2.7/site-packages/pip/_vendor/requests/packages/urllib3/util/ssl_.py:122: InsecurePlatformWarning: A true SSLContext object is not available. This prevents urllib3 from configuring SSL appropriately and may cause certain SSL connections to fail. You can upgrade to a newer version of Python to solve this. For more information, see https://urllib3.readthedocs.org/en/latest/security.html#insecureplatformwarning.
16:58:21     INFO -    InsecurePlatformWarning
16:58:24     INFO -  Installing collected packages: blessings
16:58:24     INFO -  Successfully installed blessings-1.6
16:58:24     INFO - Return code: 0
16:58:24     INFO - Installing pip>=1.5 into virtualenv /builds/slave/test/build/venv
16:58:24     INFO - retry: Calling run_command with args: [['/builds/slave/test/build/venv/bin/pip', 'install', '--timeout', '120', '--no-index', '--find-links', 'http://pypi.pvt.build.mozilla.org/pub', '--find-links', 'http://pypi.pub.build.mozilla.org/pub', '--trusted-host', 'pypi.pub.build.mozilla.org', '--trusted-host', 'pypi.pvt.build.mozilla.org', 'pip>=1.5']], kwargs: {'error_level': 'warning', 'error_list': [{'substr': 'not found or a compiler error:', 'level': 'warning'}, {'regex': <_sre.SRE_Pattern object at 0xb73235e0>, 'level': 'error'}, {'regex': <_sre.SRE_Pattern object at 0xb72fee30>, 'level': 'warning'}, {'regex': <_sre.SRE_Pattern object at 0x955d138>, 'level': 'debug'}, {'substr': 'command not found', 'level': 'error'}, {'regex': <_sre.SRE_Pattern object at 0x9551fe0>, 'level': 'warning'}, {'substr': 'Traceback (most recent call last)', 'level': 'error'}, {'substr': 'SyntaxError: ', 'level': 'error'}, {'substr': 'TypeError: ', 'level': 'error'}, {'substr': 'NameError: ', 'level': 'error'}, {'substr': 'ZeroDivisionError: ', 'level': 'error'}, {'regex': <_sre.SRE_Pattern object at 0x95562e0>, 'level': 'critical'}, {'regex': <_sre.SRE_Pattern object at 0x9541798>, 'level': 'critical'}], 'cwd': '/builds/slave/test/build', 'env': {'TMOUT': '86400', 'LOGNAME': 'cltbld', 'USER': 'cltbld', 'HOME': '/home/cltbld', 'PATH': '/usr/local/bin:/usr/local/bin:/usr/bin:/bin:/usr/local/games:/usr/games', 'DISPLAY': ':0', 'CCACHE_UMASK': '002', 'LANG': 'en_US.UTF-8', 'TERM': 'linux', 'SHELL': '/bin/bash', 'MOZ_NODE_PATH': '/usr/bin/node', 'XDG_SESSION_COOKIE': '5a152710dd62cc268aad214e000002d8-1528673688.734847-413539507', 'SHLVL': '1', 'NO_FAIL_ON_TEST_ERRORS': '1', 'MOZ_NO_REMOTE': '1', 'MOZ_HIDE_RESULTS_TABLE': '1', 'MAIL': '/var/mail/cltbld', '_': '/tools/buildbot/bin/python', 'NODE_PATH': '/usr/lib/nodejs:/usr/lib/node_modules:/usr/share/javascript', 'PWD': '/builds/slave/test', 'PROPERTIES_FILE': '/builds/slave/test/buildprops.json', 'CCACHE_DIR': '/builds/ccache'}}, attempt #1
16:58:24     INFO - Running command: ['/builds/slave/test/build/venv/bin/pip', 'install', '--timeout', '120', '--no-index', '--find-links', 'http://pypi.pvt.build.mozilla.org/pub', '--find-links', 'http://pypi.pub.build.mozilla.org/pub', '--trusted-host', 'pypi.pub.build.mozilla.org', '--trusted-host', 'pypi.pvt.build.mozilla.org', 'pip>=1.5'] in /builds/slave/test/build
16:58:24     INFO - Copy/paste: /builds/slave/test/build/venv/bin/pip install --timeout 120 --no-index --find-links http://pypi.pvt.build.mozilla.org/pub --find-links http://pypi.pub.build.mozilla.org/pub --trusted-host pypi.pub.build.mozilla.org --trusted-host pypi.pvt.build.mozilla.org pip>=1.5
16:58:24     INFO - Using env: {'CCACHE_DIR': '/builds/ccache',
16:58:24     INFO -  'CCACHE_UMASK': '002',
16:58:24     INFO -  'DISPLAY': ':0',
16:58:24     INFO -  'HOME': '/home/cltbld',
16:58:24     INFO -  'LANG': 'en_US.UTF-8',
16:58:24     INFO -  'LOGNAME': 'cltbld',
16:58:24     INFO -  'MAIL': '/var/mail/cltbld',
16:58:24     INFO -  'MOZ_HIDE_RESULTS_TABLE': '1',
16:58:24     INFO -  'MOZ_NODE_PATH': '/usr/bin/node',
16:58:24     INFO -  'MOZ_NO_REMOTE': '1',
16:58:24     INFO -  'NODE_PATH': '/usr/lib/nodejs:/usr/lib/node_modules:/usr/share/javascript',
16:58:24     INFO -  'NO_FAIL_ON_TEST_ERRORS': '1',
16:58:24     INFO -  'PATH': '/usr/local/bin:/usr/local/bin:/usr/bin:/bin:/usr/local/games:/usr/games',
16:58:24     INFO -  'PROPERTIES_FILE': '/builds/slave/test/buildprops.json',
16:58:24     INFO -  'PWD': '/builds/slave/test',
16:58:24     INFO -  'SHELL': '/bin/bash',
16:58:24     INFO -  'SHLVL': '1',
16:58:24     INFO -  'TERM': 'linux',
16:58:24     INFO -  'TMOUT': '86400',
16:58:24     INFO -  'USER': 'cltbld',
16:58:24     INFO -  'XDG_SESSION_COOKIE': '5a152710dd62cc268aad214e000002d8-1528673688.734847-413539507',
16:58:24     INFO -  '_': '/tools/buildbot/bin/python'}
16:58:25     INFO -  Ignoring indexes: https://pypi.python.org/simple
16:58:25     INFO -  Requirement already satisfied (use --upgrade to upgrade): pip>=1.5 in ./venv/lib/python2.7/site-packages
16:58:25     INFO - Return code: 0
16:58:25     INFO - Installing psutil==3.1.1 into virtualenv /builds/slave/test/build/venv
16:58:25     INFO - retry: Calling run_command with args: [['/builds/slave/test/build/venv/bin/pip', 'install', '--timeout', '120', '--no-index', '--find-links', 'http://pypi.pvt.build.mozilla.org/pub', '--find-links', 'http://pypi.pub.build.mozilla.org/pub', '--trusted-host', 'pypi.pub.build.mozilla.org', '--trusted-host', 'pypi.pvt.build.mozilla.org', 'psutil==3.1.1']], kwargs: {'error_level': 'warning', 'error_list': [{'substr': 'not found or a compiler error:', 'level': 'warning'}, {'regex': <_sre.SRE_Pattern object at 0xb73235e0>, 'level': 'error'}, {'regex': <_sre.SRE_Pattern object at 0xb72fee30>, 'level': 'warning'}, {'regex': <_sre.SRE_Pattern object at 0x955d138>, 'level': 'debug'}, {'substr': 'command not found', 'level': 'error'}, {'regex': <_sre.SRE_Pattern object at 0x9551fe0>, 'level': 'warning'}, {'substr': 'Traceback (most recent call last)', 'level': 'error'}, {'substr': 'SyntaxError: ', 'level': 'error'}, {'substr': 'TypeError: ', 'level': 'error'}, {'substr': 'NameError: ', 'level': 'error'}, {'substr': 'ZeroDivisionError: ', 'level': 'error'}, {'regex': <_sre.SRE_Pattern object at 0x95562e0>, 'level': 'critical'}, {'regex': <_sre.SRE_Pattern object at 0x9541798>, 'level': 'critical'}], 'cwd': '/builds/slave/test/build', 'env': {'TMOUT': '86400', 'LOGNAME': 'cltbld', 'USER': 'cltbld', 'HOME': '/home/cltbld', 'PATH': '/usr/local/bin:/usr/local/bin:/usr/bin:/bin:/usr/local/games:/usr/games', 'DISPLAY': ':0', 'CCACHE_UMASK': '002', 'LANG': 'en_US.UTF-8', 'TERM': 'linux', 'SHELL': '/bin/bash', 'MOZ_NODE_PATH': '/usr/bin/node', 'XDG_SESSION_COOKIE': '5a152710dd62cc268aad214e000002d8-1528673688.734847-413539507', 'SHLVL': '1', 'NO_FAIL_ON_TEST_ERRORS': '1', 'MOZ_NO_REMOTE': '1', 'MOZ_HIDE_RESULTS_TABLE': '1', 'MAIL': '/var/mail/cltbld', '_': '/tools/buildbot/bin/python', 'NODE_PATH': '/usr/lib/nodejs:/usr/lib/node_modules:/usr/share/javascript', 'PWD': '/builds/slave/test', 'PROPERTIES_FILE': '/builds/slave/test/buildprops.json', 'CCACHE_DIR': '/builds/ccache'}}, attempt #1
16:58:25     INFO - Running command: ['/builds/slave/test/build/venv/bin/pip', 'install', '--timeout', '120', '--no-index', '--find-links', 'http://pypi.pvt.build.mozilla.org/pub', '--find-links', 'http://pypi.pub.build.mozilla.org/pub', '--trusted-host', 'pypi.pub.build.mozilla.org', '--trusted-host', 'pypi.pvt.build.mozilla.org', 'psutil==3.1.1'] in /builds/slave/test/build
16:58:25     INFO - Copy/paste: /builds/slave/test/build/venv/bin/pip install --timeout 120 --no-index --find-links http://pypi.pvt.build.mozilla.org/pub --find-links http://pypi.pub.build.mozilla.org/pub --trusted-host pypi.pub.build.mozilla.org --trusted-host pypi.pvt.build.mozilla.org psutil==3.1.1
16:58:25     INFO - Using env: {'CCACHE_DIR': '/builds/ccache',
16:58:25     INFO -  'CCACHE_UMASK': '002',
16:58:25     INFO -  'DISPLAY': ':0',
16:58:25     INFO -  'HOME': '/home/cltbld',
16:58:25     INFO -  'LANG': 'en_US.UTF-8',
16:58:25     INFO -  'LOGNAME': 'cltbld',
16:58:25     INFO -  'MAIL': '/var/mail/cltbld',
16:58:25     INFO -  'MOZ_HIDE_RESULTS_TABLE': '1',
16:58:25     INFO -  'MOZ_NODE_PATH': '/usr/bin/node',
16:58:25     INFO -  'MOZ_NO_REMOTE': '1',
16:58:25     INFO -  'NODE_PATH': '/usr/lib/nodejs:/usr/lib/node_modules:/usr/share/javascript',
16:58:25     INFO -  'NO_FAIL_ON_TEST_ERRORS': '1',
16:58:25     INFO -  'PATH': '/usr/local/bin:/usr/local/bin:/usr/bin:/bin:/usr/local/games:/usr/games',
16:58:25     INFO -  'PROPERTIES_FILE': '/builds/slave/test/buildprops.json',
16:58:25     INFO -  'PWD': '/builds/slave/test',
16:58:25     INFO -  'SHELL': '/bin/bash',
16:58:25     INFO -  'SHLVL': '1',
16:58:25     INFO -  'TERM': 'linux',
16:58:25     INFO -  'TMOUT': '86400',
16:58:25     INFO -  'USER': 'cltbld',
16:58:25     INFO -  'XDG_SESSION_COOKIE': '5a152710dd62cc268aad214e000002d8-1528673688.734847-413539507',
16:58:25     INFO -  '_': '/tools/buildbot/bin/python'}
16:58:26     INFO -  Ignoring indexes: https://pypi.python.org/simple
16:58:26     INFO -  Collecting psutil==3.1.1
16:58:26     INFO -  /builds/slave/test/build/venv/lib/python2.7/site-packages/pip/_vendor/requests/packages/urllib3/util/ssl_.py:318: SNIMissingWarning: An HTTPS request has been made, but the SNI (Subject Name Indication) extension to TLS is not available on this platform. This may cause the server to present an incorrect TLS certificate, which can cause validation failures. You can upgrade to a newer version of Python to solve this. For more information, see https://urllib3.readthedocs.org/en/latest/security.html#snimissingwarning.
16:58:26     INFO -    SNIMissingWarning
16:58:26     INFO -  /builds/slave/test/build/venv/lib/python2.7/site-packages/pip/_vendor/requests/packages/urllib3/util/ssl_.py:122: InsecurePlatformWarning: A true SSLContext object is not available. This prevents urllib3 from configuring SSL appropriately and may cause certain SSL connections to fail. You can upgrade to a newer version of Python to solve this. For more information, see https://urllib3.readthedocs.org/en/latest/security.html#insecureplatformwarning.
16:58:26     INFO -    InsecurePlatformWarning
16:58:27     INFO -  /builds/slave/test/build/venv/lib/python2.7/site-packages/pip/_vendor/requests/packages/urllib3/util/ssl_.py:122: InsecurePlatformWarning: A true SSLContext object is not available. This prevents urllib3 from configuring SSL appropriately and may cause certain SSL connections to fail. You can upgrade to a newer version of Python to solve this. For more information, see https://urllib3.readthedocs.org/en/latest/security.html#insecureplatformwarning.
16:58:27     INFO -    InsecurePlatformWarning
16:58:31     INFO -  Installing collected packages: psutil
16:58:31     INFO -    Found existing installation: psutil 5.4.3
16:58:31     INFO -      Uninstalling psutil-5.4.3:
16:58:31     INFO -        Successfully uninstalled psutil-5.4.3
16:58:31     INFO -  Successfully installed psutil-3.1.1
16:58:31     INFO - Return code: 0
16:58:31     INFO - Installing mock into virtualenv /builds/slave/test/build/venv
16:58:31     INFO - retry: Calling run_command with args: [['/builds/slave/test/build/venv/bin/pip', 'install', '--timeout', '120', '--no-index', '--find-links', 'http://pypi.pvt.build.mozilla.org/pub', '--find-links', 'http://pypi.pub.build.mozilla.org/pub', '--trusted-host', 'pypi.pub.build.mozilla.org', '--trusted-host', 'pypi.pvt.build.mozilla.org', 'mock']], kwargs: {'error_level': 'warning', 'error_list': [{'substr': 'not found or a compiler error:', 'level': 'warning'}, {'regex': <_sre.SRE_Pattern object at 0xb73235e0>, 'level': 'error'}, {'regex': <_sre.SRE_Pattern object at 0xb72fee30>, 'level': 'warning'}, {'regex': <_sre.SRE_Pattern object at 0x955d138>, 'level': 'debug'}, {'substr': 'command not found', 'level': 'error'}, {'regex': <_sre.SRE_Pattern object at 0x9551fe0>, 'level': 'warning'}, {'substr': 'Traceback (most recent call last)', 'level': 'error'}, {'substr': 'SyntaxError: ', 'level': 'error'}, {'substr': 'TypeError: ', 'level': 'error'}, {'substr': 'NameError: ', 'level': 'error'}, {'substr': 'ZeroDivisionError: ', 'level': 'error'}, {'regex': <_sre.SRE_Pattern object at 0x95562e0>, 'level': 'critical'}, {'regex': <_sre.SRE_Pattern object at 0x9541798>, 'level': 'critical'}], 'cwd': '/builds/slave/test/build', 'env': {'TMOUT': '86400', 'LOGNAME': 'cltbld', 'USER': 'cltbld', 'HOME': '/home/cltbld', 'PATH': '/usr/local/bin:/usr/local/bin:/usr/bin:/bin:/usr/local/games:/usr/games', 'DISPLAY': ':0', 'CCACHE_UMASK': '002', 'LANG': 'en_US.UTF-8', 'TERM': 'linux', 'SHELL': '/bin/bash', 'MOZ_NODE_PATH': '/usr/bin/node', 'XDG_SESSION_COOKIE': '5a152710dd62cc268aad214e000002d8-1528673688.734847-413539507', 'SHLVL': '1', 'NO_FAIL_ON_TEST_ERRORS': '1', 'MOZ_NO_REMOTE': '1', 'MOZ_HIDE_RESULTS_TABLE': '1', 'MAIL': '/var/mail/cltbld', '_': '/tools/buildbot/bin/python', 'NODE_PATH': '/usr/lib/nodejs:/usr/lib/node_modules:/usr/share/javascript', 'PWD': '/builds/slave/test', 'PROPERTIES_FILE': '/builds/slave/test/buildprops.json', 'CCACHE_DIR': '/builds/ccache'}}, attempt #1
16:58:31     INFO - Running command: ['/builds/slave/test/build/venv/bin/pip', 'install', '--timeout', '120', '--no-index', '--find-links', 'http://pypi.pvt.build.mozilla.org/pub', '--find-links', 'http://pypi.pub.build.mozilla.org/pub', '--trusted-host', 'pypi.pub.build.mozilla.org', '--trusted-host', 'pypi.pvt.build.mozilla.org', 'mock'] in /builds/slave/test/build
16:58:31     INFO - Copy/paste: /builds/slave/test/build/venv/bin/pip install --timeout 120 --no-index --find-links http://pypi.pvt.build.mozilla.org/pub --find-links http://pypi.pub.build.mozilla.org/pub --trusted-host pypi.pub.build.mozilla.org --trusted-host pypi.pvt.build.mozilla.org mock
16:58:31     INFO - Using env: {'CCACHE_DIR': '/builds/ccache',
16:58:31     INFO -  'CCACHE_UMASK': '002',
16:58:31     INFO -  'DISPLAY': ':0',
16:58:31     INFO -  'HOME': '/home/cltbld',
16:58:31     INFO -  'LANG': 'en_US.UTF-8',
16:58:31     INFO -  'LOGNAME': 'cltbld',
16:58:31     INFO -  'MAIL': '/var/mail/cltbld',
16:58:31     INFO -  'MOZ_HIDE_RESULTS_TABLE': '1',
16:58:31     INFO -  'MOZ_NODE_PATH': '/usr/bin/node',
16:58:31     INFO -  'MOZ_NO_REMOTE': '1',
16:58:31     INFO -  'NODE_PATH': '/usr/lib/nodejs:/usr/lib/node_modules:/usr/share/javascript',
16:58:31     INFO -  'NO_FAIL_ON_TEST_ERRORS': '1',
16:58:31     INFO -  'PATH': '/usr/local/bin:/usr/local/bin:/usr/bin:/bin:/usr/local/games:/usr/games',
16:58:31     INFO -  'PROPERTIES_FILE': '/builds/slave/test/buildprops.json',
16:58:31     INFO -  'PWD': '/builds/slave/test',
16:58:31     INFO -  'SHELL': '/bin/bash',
16:58:31     INFO -  'SHLVL': '1',
16:58:31     INFO -  'TERM': 'linux',
16:58:31     INFO -  'TMOUT': '86400',
16:58:31     INFO -  'USER': 'cltbld',
16:58:31     INFO -  'XDG_SESSION_COOKIE': '5a152710dd62cc268aad214e000002d8-1528673688.734847-413539507',
16:58:31     INFO -  '_': '/tools/buildbot/bin/python'}
16:58:32     INFO -  Ignoring indexes: https://pypi.python.org/simple
16:58:32     INFO -  Collecting mock
16:58:32     INFO -  /builds/slave/test/build/venv/lib/python2.7/site-packages/pip/_vendor/requests/packages/urllib3/util/ssl_.py:318: SNIMissingWarning: An HTTPS request has been made, but the SNI (Subject Name Indication) extension to TLS is not available on this platform. This may cause the server to present an incorrect TLS certificate, which can cause validation failures. You can upgrade to a newer version of Python to solve this. For more information, see https://urllib3.readthedocs.org/en/latest/security.html#snimissingwarning.
16:58:32     INFO -    SNIMissingWarning
16:58:32     INFO -  /builds/slave/test/build/venv/lib/python2.7/site-packages/pip/_vendor/requests/packages/urllib3/util/ssl_.py:122: InsecurePlatformWarning: A true SSLContext object is not available. This prevents urllib3 from configuring SSL appropriately and may cause certain SSL connections to fail. You can upgrade to a newer version of Python to solve this. For more information, see https://urllib3.readthedocs.org/en/latest/security.html#insecureplatformwarning.
16:58:32     INFO -    InsecurePlatformWarning
16:58:33     INFO -  /builds/slave/test/build/venv/lib/python2.7/site-packages/pip/_vendor/requests/packages/urllib3/util/ssl_.py:122: InsecurePlatformWarning: A true SSLContext object is not available. This prevents urllib3 from configuring SSL appropriately and may cause certain SSL connections to fail. You can upgrade to a newer version of Python to solve this. For more information, see https://urllib3.readthedocs.org/en/latest/security.html#insecureplatformwarning.
16:58:33     INFO -    InsecurePlatformWarning
16:58:36     INFO -  Installing collected packages: mock
16:58:36     INFO -  Successfully installed mock-1.0.1
16:58:36     INFO - Return code: 0
16:58:36     INFO - Installing simplejson into virtualenv /builds/slave/test/build/venv
16:58:37     INFO - retry: Calling run_command with args: [['/builds/slave/test/build/venv/bin/pip', 'install', '--timeout', '120', '--no-index', '--find-links', 'http://pypi.pvt.build.mozilla.org/pub', '--find-links', 'http://pypi.pub.build.mozilla.org/pub', '--trusted-host', 'pypi.pub.build.mozilla.org', '--trusted-host', 'pypi.pvt.build.mozilla.org', 'simplejson']], kwargs: {'error_level': 'warning', 'error_list': [{'substr': 'not found or a compiler error:', 'level': 'warning'}, {'regex': <_sre.SRE_Pattern object at 0xb73235e0>, 'level': 'error'}, {'regex': <_sre.SRE_Pattern object at 0xb72fee30>, 'level': 'warning'}, {'regex': <_sre.SRE_Pattern object at 0x955d138>, 'level': 'debug'}, {'substr': 'command not found', 'level': 'error'}, {'regex': <_sre.SRE_Pattern object at 0x9551fe0>, 'level': 'warning'}, {'substr': 'Traceback (most recent call last)', 'level': 'error'}, {'substr': 'SyntaxError: ', 'level': 'error'}, {'substr': 'TypeError: ', 'level': 'error'}, {'substr': 'NameError: ', 'level': 'error'}, {'substr': 'ZeroDivisionError: ', 'level': 'error'}, {'regex': <_sre.SRE_Pattern object at 0x95562e0>, 'level': 'critical'}, {'regex': <_sre.SRE_Pattern object at 0x9541798>, 'level': 'critical'}], 'cwd': '/builds/slave/test/build', 'env': {'TMOUT': '86400', 'LOGNAME': 'cltbld', 'USER': 'cltbld', 'HOME': '/home/cltbld', 'PATH': '/usr/local/bin:/usr/local/bin:/usr/bin:/bin:/usr/local/games:/usr/games', 'DISPLAY': ':0', 'CCACHE_UMASK': '002', 'LANG': 'en_US.UTF-8', 'TERM': 'linux', 'SHELL': '/bin/bash', 'MOZ_NODE_PATH': '/usr/bin/node', 'XDG_SESSION_COOKIE': '5a152710dd62cc268aad214e000002d8-1528673688.734847-413539507', 'SHLVL': '1', 'NO_FAIL_ON_TEST_ERRORS': '1', 'MOZ_NO_REMOTE': '1', 'MOZ_HIDE_RESULTS_TABLE': '1', 'MAIL': '/var/mail/cltbld', '_': '/tools/buildbot/bin/python', 'NODE_PATH': '/usr/lib/nodejs:/usr/lib/node_modules:/usr/share/javascript', 'PWD': '/builds/slave/test', 'PROPERTIES_FILE': '/builds/slave/test/buildprops.json', 'CCACHE_DIR': '/builds/ccache'}}, attempt #1
16:58:37     INFO - Running command: ['/builds/slave/test/build/venv/bin/pip', 'install', '--timeout', '120', '--no-index', '--find-links', 'http://pypi.pvt.build.mozilla.org/pub', '--find-links', 'http://pypi.pub.build.mozilla.org/pub', '--trusted-host', 'pypi.pub.build.mozilla.org', '--trusted-host', 'pypi.pvt.build.mozilla.org', 'simplejson'] in /builds/slave/test/build
16:58:37     INFO - Copy/paste: /builds/slave/test/build/venv/bin/pip install --timeout 120 --no-index --find-links http://pypi.pvt.build.mozilla.org/pub --find-links http://pypi.pub.build.mozilla.org/pub --trusted-host pypi.pub.build.mozilla.org --trusted-host pypi.pvt.build.mozilla.org simplejson
16:58:37     INFO - Using env: {'CCACHE_DIR': '/builds/ccache',
16:58:37     INFO -  'CCACHE_UMASK': '002',
16:58:37     INFO -  'DISPLAY': ':0',
16:58:37     INFO -  'HOME': '/home/cltbld',
16:58:37     INFO -  'LANG': 'en_US.UTF-8',
16:58:37     INFO -  'LOGNAME': 'cltbld',
16:58:37     INFO -  'MAIL': '/var/mail/cltbld',
16:58:37     INFO -  'MOZ_HIDE_RESULTS_TABLE': '1',
16:58:37     INFO -  'MOZ_NODE_PATH': '/usr/bin/node',
16:58:37     INFO -  'MOZ_NO_REMOTE': '1',
16:58:37     INFO -  'NODE_PATH': '/usr/lib/nodejs:/usr/lib/node_modules:/usr/share/javascript',
16:58:37     INFO -  'NO_FAIL_ON_TEST_ERRORS': '1',
16:58:37     INFO -  'PATH': '/usr/local/bin:/usr/local/bin:/usr/bin:/bin:/usr/local/games:/usr/games',
16:58:37     INFO -  'PROPERTIES_FILE': '/builds/slave/test/buildprops.json',
16:58:37     INFO -  'PWD': '/builds/slave/test',
16:58:37     INFO -  'SHELL': '/bin/bash',
16:58:37     INFO -  'SHLVL': '1',
16:58:37     INFO -  'TERM': 'linux',
16:58:37     INFO -  'TMOUT': '86400',
16:58:37     INFO -  'USER': 'cltbld',
16:58:37     INFO -  'XDG_SESSION_COOKIE': '5a152710dd62cc268aad214e000002d8-1528673688.734847-413539507',
16:58:37     INFO -  '_': '/tools/buildbot/bin/python'}
16:58:37     INFO -  Ignoring indexes: https://pypi.python.org/simple
16:58:37     INFO -  Collecting simplejson
16:58:37     INFO -  /builds/slave/test/build/venv/lib/python2.7/site-packages/pip/_vendor/requests/packages/urllib3/util/ssl_.py:318: SNIMissingWarning: An HTTPS request has been made, but the SNI (Subject Name Indication) extension to TLS is not available on this platform. This may cause the server to present an incorrect TLS certificate, which can cause validation failures. You can upgrade to a newer version of Python to solve this. For more information, see https://urllib3.readthedocs.org/en/latest/security.html#snimissingwarning.
16:58:37     INFO -    SNIMissingWarning
16:58:37     INFO -  /builds/slave/test/build/venv/lib/python2.7/site-packages/pip/_vendor/requests/packages/urllib3/util/ssl_.py:122: InsecurePlatformWarning: A true SSLContext object is not available. This prevents urllib3 from configuring SSL appropriately and may cause certain SSL connections to fail. You can upgrade to a newer version of Python to solve this. For more information, see https://urllib3.readthedocs.org/en/latest/security.html#insecureplatformwarning.
16:58:37     INFO -    InsecurePlatformWarning
16:58:39     INFO -  /builds/slave/test/build/venv/lib/python2.7/site-packages/pip/_vendor/requests/packages/urllib3/util/ssl_.py:122: InsecurePlatformWarning: A true SSLContext object is not available. This prevents urllib3 from configuring SSL appropriately and may cause certain SSL connections to fail. You can upgrade to a newer version of Python to solve this. For more information, see https://urllib3.readthedocs.org/en/latest/security.html#insecureplatformwarning.
16:58:39     INFO -    InsecurePlatformWarning
16:58:42     INFO -  Installing collected packages: simplejson
16:58:42     INFO -  Successfully installed simplejson-3.3.0
16:58:42     INFO - Return code: 0
16:58:42     INFO - Installing None into virtualenv /builds/slave/test/build/venv
16:58:42     INFO - retry: Calling run_command with args: [['/builds/slave/test/build/venv/bin/pip', 'install', '--no-deps', '--timeout', '120', '-r', '/builds/slave/test/build/tests/config/marionette_requirements.txt', '--no-index', '--find-links', 'http://pypi.pvt.build.mozilla.org/pub', '--find-links', 'http://pypi.pub.build.mozilla.org/pub', '--trusted-host', 'pypi.pub.build.mozilla.org', '--trusted-host', 'pypi.pvt.build.mozilla.org']], kwargs: {'error_level': 'warning', 'error_list': [{'substr': 'not found or a compiler error:', 'level': 'warning'}, {'regex': <_sre.SRE_Pattern object at 0xb73235e0>, 'level': 'error'}, {'regex': <_sre.SRE_Pattern object at 0xb72fee30>, 'level': 'warning'}, {'regex': <_sre.SRE_Pattern object at 0x955d138>, 'level': 'debug'}, {'substr': 'command not found', 'level': 'error'}, {'regex': <_sre.SRE_Pattern object at 0x9551fe0>, 'level': 'warning'}, {'substr': 'Traceback (most recent call last)', 'level': 'error'}, {'substr': 'SyntaxError: ', 'level': 'error'}, {'substr': 'TypeError: ', 'level': 'error'}, {'substr': 'NameError: ', 'level': 'error'}, {'substr': 'ZeroDivisionError: ', 'level': 'error'}, {'regex': <_sre.SRE_Pattern object at 0x95562e0>, 'level': 'critical'}, {'regex': <_sre.SRE_Pattern object at 0x9541798>, 'level': 'critical'}], 'cwd': '/builds/slave/test/build/tests/config', 'env': {'TMOUT': '86400', 'LOGNAME': 'cltbld', 'USER': 'cltbld', 'HOME': '/home/cltbld', 'PATH': '/usr/local/bin:/usr/local/bin:/usr/bin:/bin:/usr/local/games:/usr/games', 'DISPLAY': ':0', 'CCACHE_UMASK': '002', 'LANG': 'en_US.UTF-8', 'TERM': 'linux', 'SHELL': '/bin/bash', 'MOZ_NODE_PATH': '/usr/bin/node', 'XDG_SESSION_COOKIE': '5a152710dd62cc268aad214e000002d8-1528673688.734847-413539507', 'SHLVL': '1', 'NO_FAIL_ON_TEST_ERRORS': '1', 'MOZ_NO_REMOTE': '1', 'MOZ_HIDE_RESULTS_TABLE': '1', 'MAIL': '/var/mail/cltbld', '_': '/tools/buildbot/bin/python', 'NODE_PATH': '/usr/lib/nodejs:/usr/lib/node_modules:/usr/share/javascript', 'PWD': '/builds/slave/test', 'PROPERTIES_FILE': '/builds/slave/test/buildprops.json', 'CCACHE_DIR': '/builds/ccache'}}, attempt #1
16:58:42     INFO - Running command: ['/builds/slave/test/build/venv/bin/pip', 'install', '--no-deps', '--timeout', '120', '-r', '/builds/slave/test/build/tests/config/marionette_requirements.txt', '--no-index', '--find-links', 'http://pypi.pvt.build.mozilla.org/pub', '--find-links', 'http://pypi.pub.build.mozilla.org/pub', '--trusted-host', 'pypi.pub.build.mozilla.org', '--trusted-host', 'pypi.pvt.build.mozilla.org'] in /builds/slave/test/build/tests/config
16:58:42     INFO - Copy/paste: /builds/slave/test/build/venv/bin/pip install --no-deps --timeout 120 -r /builds/slave/test/build/tests/config/marionette_requirements.txt --no-index --find-links http://pypi.pvt.build.mozilla.org/pub --find-links http://pypi.pub.build.mozilla.org/pub --trusted-host pypi.pub.build.mozilla.org --trusted-host pypi.pvt.build.mozilla.org
16:58:42     INFO - Using env: {'CCACHE_DIR': '/builds/ccache',
16:58:42     INFO -  'CCACHE_UMASK': '002',
16:58:42     INFO -  'DISPLAY': ':0',
16:58:42     INFO -  'HOME': '/home/cltbld',
16:58:42     INFO -  'LANG': 'en_US.UTF-8',
16:58:42     INFO -  'LOGNAME': 'cltbld',
16:58:42     INFO -  'MAIL': '/var/mail/cltbld',
16:58:42     INFO -  'MOZ_HIDE_RESULTS_TABLE': '1',
16:58:42     INFO -  'MOZ_NODE_PATH': '/usr/bin/node',
16:58:42     INFO -  'MOZ_NO_REMOTE': '1',
16:58:42     INFO -  'NODE_PATH': '/usr/lib/nodejs:/usr/lib/node_modules:/usr/share/javascript',
16:58:42     INFO -  'NO_FAIL_ON_TEST_ERRORS': '1',
16:58:42     INFO -  'PATH': '/usr/local/bin:/usr/local/bin:/usr/bin:/bin:/usr/local/games:/usr/games',
16:58:42     INFO -  'PROPERTIES_FILE': '/builds/slave/test/buildprops.json',
16:58:42     INFO -  'PWD': '/builds/slave/test',
16:58:42     INFO -  'SHELL': '/bin/bash',
16:58:42     INFO -  'SHLVL': '1',
16:58:42     INFO -  'TERM': 'linux',
16:58:42     INFO -  'TMOUT': '86400',
16:58:42     INFO -  'USER': 'cltbld',
16:58:42     INFO -  'XDG_SESSION_COOKIE': '5a152710dd62cc268aad214e000002d8-1528673688.734847-413539507',
16:58:42     INFO -  '_': '/tools/buildbot/bin/python'}
16:58:43     INFO -  Ignoring indexes: https://pypi.python.org/simple
16:58:43     INFO -  Processing /builds/slave/test/build/tests/mozbase/manifestparser
16:58:43     INFO -    Requirement already satisfied (use --upgrade to upgrade): manifestparser==1.1 from file:///builds/slave/test/build/tests/mozbase/manifestparser in /builds/slave/test/build/venv/lib/python2.7/site-packages (from -r /builds/slave/test/build/tests/config/mozbase_requirements.txt (line 1))
16:58:43     INFO -  Processing /builds/slave/test/build/tests/mozbase/mozcrash
16:58:44     INFO -    Requirement already satisfied (use --upgrade to upgrade): mozcrash==1.0 from file:///builds/slave/test/build/tests/mozbase/mozcrash in /builds/slave/test/build/venv/lib/python2.7/site-packages (from -r /builds/slave/test/build/tests/config/mozbase_requirements.txt (line 2))
16:58:44     INFO -  Processing /builds/slave/test/build/tests/mozbase/mozdebug
16:58:44     INFO -    Requirement already satisfied (use --upgrade to upgrade): mozdebug==0.1 from file:///builds/slave/test/build/tests/mozbase/mozdebug in /builds/slave/test/build/venv/lib/python2.7/site-packages (from -r /builds/slave/test/build/tests/config/mozbase_requirements.txt (line 3))
16:58:44     INFO -  Processing /builds/slave/test/build/tests/mozbase/mozdevice
16:58:44     INFO -    Requirement already satisfied (use --upgrade to upgrade): mozdevice==0.48 from file:///builds/slave/test/build/tests/mozbase/mozdevice in /builds/slave/test/build/venv/lib/python2.7/site-packages (from -r /builds/slave/test/build/tests/config/mozbase_requirements.txt (line 4))
16:58:44     INFO -  Processing /builds/slave/test/build/tests/mozbase/mozfile
16:58:45     INFO -    Requirement already satisfied (use --upgrade to upgrade): mozfile==1.2 from file:///builds/slave/test/build/tests/mozbase/mozfile in /builds/slave/test/build/venv/lib/python2.7/site-packages (from -r /builds/slave/test/build/tests/config/mozbase_requirements.txt (line 5))
16:58:45     INFO -  Processing /builds/slave/test/build/tests/mozbase/mozhttpd
16:58:45     INFO -    Requirement already satisfied (use --upgrade to upgrade): mozhttpd==0.7 from file:///builds/slave/test/build/tests/mozbase/mozhttpd in /builds/slave/test/build/venv/lib/python2.7/site-packages (from -r /builds/slave/test/build/tests/config/mozbase_requirements.txt (line 6))
16:58:45     INFO -  Processing /builds/slave/test/build/tests/mozbase/mozinfo
16:58:45     INFO -    Requirement already satisfied (use --upgrade to upgrade): mozinfo==0.9 from file:///builds/slave/test/build/tests/mozbase/mozinfo in /builds/slave/test/build/venv/lib/python2.7/site-packages (from -r /builds/slave/test/build/tests/config/mozbase_requirements.txt (line 7))
16:58:45     INFO -  Processing /builds/slave/test/build/tests/mozbase/mozinstall
16:58:46     INFO -    Requirement already satisfied (use --upgrade to upgrade): mozInstall==1.12 from file:///builds/slave/test/build/tests/mozbase/mozinstall in /builds/slave/test/build/venv/lib/python2.7/site-packages (from -r /builds/slave/test/build/tests/config/mozbase_requirements.txt (line 8))
16:58:46     INFO -  Processing /builds/slave/test/build/tests/mozbase/mozleak
16:58:46     INFO -    Requirement already satisfied (use --upgrade to upgrade): mozleak==0.1 from file:///builds/slave/test/build/tests/mozbase/mozleak in /builds/slave/test/build/venv/lib/python2.7/site-packages (from -r /builds/slave/test/build/tests/config/mozbase_requirements.txt (line 9))
16:58:46     INFO -  Processing /builds/slave/test/build/tests/mozbase/mozlog
16:58:47     INFO -    Requirement already satisfied (use --upgrade to upgrade): mozlog==3.4 from file:///builds/slave/test/build/tests/mozbase/mozlog in /builds/slave/test/build/venv/lib/python2.7/site-packages (from -r /builds/slave/test/build/tests/config/mozbase_requirements.txt (line 10))
16:58:47     INFO -  Processing /builds/slave/test/build/tests/mozbase/moznetwork
16:58:47     INFO -    Requirement already satisfied (use --upgrade to upgrade): moznetwork==0.27 from file:///builds/slave/test/build/tests/mozbase/moznetwork in /builds/slave/test/build/venv/lib/python2.7/site-packages (from -r /builds/slave/test/build/tests/config/mozbase_requirements.txt (line 11))
16:58:47     INFO -  Processing /builds/slave/test/build/tests/mozbase/mozprocess
16:58:47     INFO -    Requirement already satisfied (use --upgrade to upgrade): mozprocess==0.23 from file:///builds/slave/test/build/tests/mozbase/mozprocess in /builds/slave/test/build/venv/lib/python2.7/site-packages (from -r /builds/slave/test/build/tests/config/mozbase_requirements.txt (line 12))
16:58:47     INFO -  Processing /builds/slave/test/build/tests/mozbase/mozprofile
16:58:48     INFO -    Requirement already satisfied (use --upgrade to upgrade): mozprofile==0.28 from file:///builds/slave/test/build/tests/mozbase/mozprofile in /builds/slave/test/build/venv/lib/python2.7/site-packages (from -r /builds/slave/test/build/tests/config/mozbase_requirements.txt (line 13))
16:58:48     INFO -  Processing /builds/slave/test/build/tests/mozbase/mozrunner
16:58:48     INFO -    Requirement already satisfied (use --upgrade to upgrade): mozrunner==6.13 from file:///builds/slave/test/build/tests/mozbase/mozrunner in /builds/slave/test/build/venv/lib/python2.7/site-packages (from -r /builds/slave/test/build/tests/config/mozbase_requirements.txt (line 14))
16:58:48     INFO -  Processing /builds/slave/test/build/tests/mozbase/mozscreenshot
16:58:48     INFO -    Requirement already satisfied (use --upgrade to upgrade): mozscreenshot==0.1 from file:///builds/slave/test/build/tests/mozbase/mozscreenshot in /builds/slave/test/build/venv/lib/python2.7/site-packages (from -r /builds/slave/test/build/tests/config/mozbase_requirements.txt (line 15))
16:58:48     INFO -  Processing /builds/slave/test/build/tests/mozbase/moztest
16:58:49     INFO -    Requirement already satisfied (use --upgrade to upgrade): moztest==0.8 from file:///builds/slave/test/build/tests/mozbase/moztest in /builds/slave/test/build/venv/lib/python2.7/site-packages (from -r /builds/slave/test/build/tests/config/mozbase_requirements.txt (line 16))
16:58:49     INFO -  Processing /builds/slave/test/build/tests/mozbase/mozversion
16:58:49     INFO -    Requirement already satisfied (use --upgrade to upgrade): mozversion==1.4 from file:///builds/slave/test/build/tests/mozbase/mozversion in /builds/slave/test/build/venv/lib/python2.7/site-packages (from -r /builds/slave/test/build/tests/config/mozbase_requirements.txt (line 17))
16:58:49     INFO -  Processing /builds/slave/test/build/tests/tools/wptserve
16:58:49     INFO -  Processing /builds/slave/test/build/tests/marionette/client
16:58:50     INFO -  Processing /builds/slave/test/build/tests/marionette/harness/marionette_harness/runner/mixins/browsermob-proxy-py
16:58:50     INFO -  Processing /builds/slave/test/build/tests/marionette/harness
16:58:51     INFO -  Processing /builds/slave/test/build/tests/marionette/puppeteer/firefox
16:58:51     INFO -  Building wheels for collected packages: browsermob-proxy
16:58:51     INFO -    Running setup.py bdist_wheel for browsermob-proxy: started
16:58:51     INFO -    Running setup.py bdist_wheel for browsermob-proxy: finished with status 'done'
16:58:51     INFO -    Stored in directory: /home/cltbld/.cache/pip/wheels/10/00/c1/79bb793b6a7eb4dca9dfd244010f550ae5044951bcd23c261e
16:58:51     INFO -  Successfully built browsermob-proxy
16:58:51     INFO -  Installing collected packages: wptserve, marionette-driver, browsermob-proxy, marionette-harness, firefox-puppeteer
16:58:51     INFO -    Running setup.py install for wptserve: started
16:58:52     INFO -      Running setup.py install for wptserve: finished with status 'done'
16:58:52     INFO -    Running setup.py install for marionette-driver: started
16:58:52     INFO -      Running setup.py install for marionette-driver: finished with status 'done'
16:58:53     INFO -    Running setup.py install for marionette-harness: started
16:58:53     INFO -      Running setup.py install for marionette-harness: finished with status 'done'
16:58:53     INFO -    Running setup.py install for firefox-puppeteer: started
16:58:54     INFO -      Running setup.py install for firefox-puppeteer: finished with status 'done'
16:58:54     INFO -  Successfully installed browsermob-proxy-0.6.0 firefox-puppeteer-52.1.0 marionette-driver-2.2.0 marionette-harness-4.0.0 wptserve-1.4.0
16:58:54     INFO - Return code: 0
16:58:54     INFO - Installing None into virtualenv /builds/slave/test/build/venv
16:58:54     INFO - retry: Calling run_command with args: [['/builds/slave/test/build/venv/bin/pip', 'install', '--timeout', '120', '-r', '/builds/slave/test/build/tests/config/marionette_requirements.txt', '--no-index', '--find-links', 'http://pypi.pvt.build.mozilla.org/pub', '--find-links', 'http://pypi.pub.build.mozilla.org/pub', '--trusted-host', 'pypi.pub.build.mozilla.org', '--trusted-host', 'pypi.pvt.build.mozilla.org']], kwargs: {'error_level': 'warning', 'error_list': [{'substr': 'not found or a compiler error:', 'level': 'warning'}, {'regex': <_sre.SRE_Pattern object at 0xb73235e0>, 'level': 'error'}, {'regex': <_sre.SRE_Pattern object at 0xb72fee30>, 'level': 'warning'}, {'regex': <_sre.SRE_Pattern object at 0x955d138>, 'level': 'debug'}, {'substr': 'command not found', 'level': 'error'}, {'regex': <_sre.SRE_Pattern object at 0x9551fe0>, 'level': 'warning'}, {'substr': 'Traceback (most recent call last)', 'level': 'error'}, {'substr': 'SyntaxError: ', 'level': 'error'}, {'substr': 'TypeError: ', 'level': 'error'}, {'substr': 'NameError: ', 'level': 'error'}, {'substr': 'ZeroDivisionError: ', 'level': 'error'}, {'regex': <_sre.SRE_Pattern object at 0x95562e0>, 'level': 'critical'}, {'regex': <_sre.SRE_Pattern object at 0x9541798>, 'level': 'critical'}], 'cwd': '/builds/slave/test/build/tests/config', 'env': {'TMOUT': '86400', 'LOGNAME': 'cltbld', 'USER': 'cltbld', 'HOME': '/home/cltbld', 'PATH': '/usr/local/bin:/usr/local/bin:/usr/bin:/bin:/usr/local/games:/usr/games', 'DISPLAY': ':0', 'CCACHE_UMASK': '002', 'LANG': 'en_US.UTF-8', 'TERM': 'linux', 'SHELL': '/bin/bash', 'MOZ_NODE_PATH': '/usr/bin/node', 'XDG_SESSION_COOKIE': '5a152710dd62cc268aad214e000002d8-1528673688.734847-413539507', 'SHLVL': '1', 'NO_FAIL_ON_TEST_ERRORS': '1', 'MOZ_NO_REMOTE': '1', 'MOZ_HIDE_RESULTS_TABLE': '1', 'MAIL': '/var/mail/cltbld', '_': '/tools/buildbot/bin/python', 'NODE_PATH': '/usr/lib/nodejs:/usr/lib/node_modules:/usr/share/javascript', 'PWD': '/builds/slave/test', 'PROPERTIES_FILE': '/builds/slave/test/buildprops.json', 'CCACHE_DIR': '/builds/ccache'}}, attempt #1
16:58:54     INFO - Running command: ['/builds/slave/test/build/venv/bin/pip', 'install', '--timeout', '120', '-r', '/builds/slave/test/build/tests/config/marionette_requirements.txt', '--no-index', '--find-links', 'http://pypi.pvt.build.mozilla.org/pub', '--find-links', 'http://pypi.pub.build.mozilla.org/pub', '--trusted-host', 'pypi.pub.build.mozilla.org', '--trusted-host', 'pypi.pvt.build.mozilla.org'] in /builds/slave/test/build/tests/config
16:58:54     INFO - Copy/paste: /builds/slave/test/build/venv/bin/pip install --timeout 120 -r /builds/slave/test/build/tests/config/marionette_requirements.txt --no-index --find-links http://pypi.pvt.build.mozilla.org/pub --find-links http://pypi.pub.build.mozilla.org/pub --trusted-host pypi.pub.build.mozilla.org --trusted-host pypi.pvt.build.mozilla.org
16:58:54     INFO - Using env: {'CCACHE_DIR': '/builds/ccache',
16:58:54     INFO -  'CCACHE_UMASK': '002',
16:58:54     INFO -  'DISPLAY': ':0',
16:58:54     INFO -  'HOME': '/home/cltbld',
16:58:54     INFO -  'LANG': 'en_US.UTF-8',
16:58:54     INFO -  'LOGNAME': 'cltbld',
16:58:54     INFO -  'MAIL': '/var/mail/cltbld',
16:58:54     INFO -  'MOZ_HIDE_RESULTS_TABLE': '1',
16:58:54     INFO -  'MOZ_NODE_PATH': '/usr/bin/node',
16:58:54     INFO -  'MOZ_NO_REMOTE': '1',
16:58:54     INFO -  'NODE_PATH': '/usr/lib/nodejs:/usr/lib/node_modules:/usr/share/javascript',
16:58:54     INFO -  'NO_FAIL_ON_TEST_ERRORS': '1',
16:58:54     INFO -  'PATH': '/usr/local/bin:/usr/local/bin:/usr/bin:/bin:/usr/local/games:/usr/games',
16:58:54     INFO -  'PROPERTIES_FILE': '/builds/slave/test/buildprops.json',
16:58:54     INFO -  'PWD': '/builds/slave/test',
16:58:54     INFO -  'SHELL': '/bin/bash',
16:58:54     INFO -  'SHLVL': '1',
16:58:54     INFO -  'TERM': 'linux',
16:58:54     INFO -  'TMOUT': '86400',
16:58:54     INFO -  'USER': 'cltbld',
16:58:54     INFO -  'XDG_SESSION_COOKIE': '5a152710dd62cc268aad214e000002d8-1528673688.734847-413539507',
16:58:54     INFO -  '_': '/tools/buildbot/bin/python'}
16:58:55     INFO -  Ignoring indexes: https://pypi.python.org/simple
16:58:55     INFO -  Processing /builds/slave/test/build/tests/mozbase/manifestparser
16:58:55     INFO -    Requirement already satisfied (use --upgrade to upgrade): manifestparser==1.1 from file:///builds/slave/test/build/tests/mozbase/manifestparser in /builds/slave/test/build/venv/lib/python2.7/site-packages (from -r /builds/slave/test/build/tests/config/mozbase_requirements.txt (line 1))
16:58:55     INFO -  Processing /builds/slave/test/build/tests/mozbase/mozcrash
16:58:56     INFO -    Requirement already satisfied (use --upgrade to upgrade): mozcrash==1.0 from file:///builds/slave/test/build/tests/mozbase/mozcrash in /builds/slave/test/build/venv/lib/python2.7/site-packages (from -r /builds/slave/test/build/tests/config/mozbase_requirements.txt (line 2))
16:58:56     INFO -  Processing /builds/slave/test/build/tests/mozbase/mozdebug
16:58:56     INFO -    Requirement already satisfied (use --upgrade to upgrade): mozdebug==0.1 from file:///builds/slave/test/build/tests/mozbase/mozdebug in /builds/slave/test/build/venv/lib/python2.7/site-packages (from -r /builds/slave/test/build/tests/config/mozbase_requirements.txt (line 3))
16:58:56     INFO -  Processing /builds/slave/test/build/tests/mozbase/mozdevice
16:58:56     INFO -    Requirement already satisfied (use --upgrade to upgrade): mozdevice==0.48 from file:///builds/slave/test/build/tests/mozbase/mozdevice in /builds/slave/test/build/venv/lib/python2.7/site-packages (from -r /builds/slave/test/build/tests/config/mozbase_requirements.txt (line 4))
16:58:56     INFO -  Processing /builds/slave/test/build/tests/mozbase/mozfile
16:58:57     INFO -    Requirement already satisfied (use --upgrade to upgrade): mozfile==1.2 from file:///builds/slave/test/build/tests/mozbase/mozfile in /builds/slave/test/build/venv/lib/python2.7/site-packages (from -r /builds/slave/test/build/tests/config/mozbase_requirements.txt (line 5))
16:58:57     INFO -  Processing /builds/slave/test/build/tests/mozbase/mozhttpd
16:58:57     INFO -    Requirement already satisfied (use --upgrade to upgrade): mozhttpd==0.7 from file:///builds/slave/test/build/tests/mozbase/mozhttpd in /builds/slave/test/build/venv/lib/python2.7/site-packages (from -r /builds/slave/test/build/tests/config/mozbase_requirements.txt (line 6))
16:58:57     INFO -  Processing /builds/slave/test/build/tests/mozbase/mozinfo
16:58:57     INFO -    Requirement already satisfied (use --upgrade to upgrade): mozinfo==0.9 from file:///builds/slave/test/build/tests/mozbase/mozinfo in /builds/slave/test/build/venv/lib/python2.7/site-packages (from -r /builds/slave/test/build/tests/config/mozbase_requirements.txt (line 7))
16:58:57     INFO -  Processing /builds/slave/test/build/tests/mozbase/mozinstall
16:58:58     INFO -    Requirement already satisfied (use --upgrade to upgrade): mozInstall==1.12 from file:///builds/slave/test/build/tests/mozbase/mozinstall in /builds/slave/test/build/venv/lib/python2.7/site-packages (from -r /builds/slave/test/build/tests/config/mozbase_requirements.txt (line 8))
16:58:58     INFO -  Processing /builds/slave/test/build/tests/mozbase/mozleak
16:58:58     INFO -    Requirement already satisfied (use --upgrade to upgrade): mozleak==0.1 from file:///builds/slave/test/build/tests/mozbase/mozleak in /builds/slave/test/build/venv/lib/python2.7/site-packages (from -r /builds/slave/test/build/tests/config/mozbase_requirements.txt (line 9))
16:58:58     INFO -  Processing /builds/slave/test/build/tests/mozbase/mozlog
16:58:59     INFO -    Requirement already satisfied (use --upgrade to upgrade): mozlog==3.4 from file:///builds/slave/test/build/tests/mozbase/mozlog in /builds/slave/test/build/venv/lib/python2.7/site-packages (from -r /builds/slave/test/build/tests/config/mozbase_requirements.txt (line 10))
16:58:59     INFO -  Processing /builds/slave/test/build/tests/mozbase/moznetwork
16:58:59     INFO -    Requirement already satisfied (use --upgrade to upgrade): moznetwork==0.27 from file:///builds/slave/test/build/tests/mozbase/moznetwork in /builds/slave/test/build/venv/lib/python2.7/site-packages (from -r /builds/slave/test/build/tests/config/mozbase_requirements.txt (line 11))
16:58:59     INFO -  Processing /builds/slave/test/build/tests/mozbase/mozprocess
16:58:59     INFO -    Requirement already satisfied (use --upgrade to upgrade): mozprocess==0.23 from file:///builds/slave/test/build/tests/mozbase/mozprocess in /builds/slave/test/build/venv/lib/python2.7/site-packages (from -r /builds/slave/test/build/tests/config/mozbase_requirements.txt (line 12))
16:58:59     INFO -  Processing /builds/slave/test/build/tests/mozbase/mozprofile
16:59:00     INFO -    Requirement already satisfied (use --upgrade to upgrade): mozprofile==0.28 from file:///builds/slave/test/build/tests/mozbase/mozprofile in /builds/slave/test/build/venv/lib/python2.7/site-packages (from -r /builds/slave/test/build/tests/config/mozbase_requirements.txt (line 13))
16:59:00     INFO -  Processing /builds/slave/test/build/tests/mozbase/mozrunner
16:59:00     INFO -    Requirement already satisfied (use --upgrade to upgrade): mozrunner==6.13 from file:///builds/slave/test/build/tests/mozbase/mozrunner in /builds/slave/test/build/venv/lib/python2.7/site-packages (from -r /builds/slave/test/build/tests/config/mozbase_requirements.txt (line 14))
16:59:00     INFO -  Processing /builds/slave/test/build/tests/mozbase/mozscreenshot
16:59:00     INFO -    Requirement already satisfied (use --upgrade to upgrade): mozscreenshot==0.1 from file:///builds/slave/test/build/tests/mozbase/mozscreenshot in /builds/slave/test/build/venv/lib/python2.7/site-packages (from -r /builds/slave/test/build/tests/config/mozbase_requirements.txt (line 15))
16:59:00     INFO -  Processing /builds/slave/test/build/tests/mozbase/moztest
16:59:01     INFO -    Requirement already satisfied (use --upgrade to upgrade): moztest==0.8 from file:///builds/slave/test/build/tests/mozbase/moztest in /builds/slave/test/build/venv/lib/python2.7/site-packages (from -r /builds/slave/test/build/tests/config/mozbase_requirements.txt (line 16))
16:59:01     INFO -  Processing /builds/slave/test/build/tests/mozbase/mozversion
16:59:01     INFO -    Requirement already satisfied (use --upgrade to upgrade): mozversion==1.4 from file:///builds/slave/test/build/tests/mozbase/mozversion in /builds/slave/test/build/venv/lib/python2.7/site-packages (from -r /builds/slave/test/build/tests/config/mozbase_requirements.txt (line 17))
16:59:01     INFO -  Processing /builds/slave/test/build/tests/tools/wptserve
16:59:01     INFO -    Requirement already satisfied (use --upgrade to upgrade): wptserve==1.4.0 from file:///builds/slave/test/build/tests/tools/wptserve in /builds/slave/test/build/venv/lib/python2.7/site-packages (from -r /builds/slave/test/build/tests/config/marionette_requirements.txt (line 3))
16:59:01     INFO -  Processing /builds/slave/test/build/tests/marionette/client
16:59:02     INFO -    Requirement already satisfied (use --upgrade to upgrade): marionette-driver==2.2.0 from file:///builds/slave/test/build/tests/marionette/client in /builds/slave/test/build/venv/lib/python2.7/site-packages (from -r /builds/slave/test/build/tests/config/marionette_requirements.txt (line 4))
16:59:02     INFO -  Processing /builds/slave/test/build/tests/marionette/harness/marionette_harness/runner/mixins/browsermob-proxy-py
16:59:02     INFO -    Requirement already satisfied (use --upgrade to upgrade): browsermob-proxy==0.6.0 from file:///builds/slave/test/build/tests/marionette/harness/marionette_harness/runner/mixins/browsermob-proxy-py in /builds/slave/test/build/venv/lib/python2.7/site-packages (from -r /builds/slave/test/build/tests/config/marionette_requirements.txt (line 5))
16:59:02     INFO -  Processing /builds/slave/test/build/tests/marionette/harness
16:59:03     INFO -    Requirement already satisfied (use --upgrade to upgrade): marionette-harness==4.0.0 from file:///builds/slave/test/build/tests/marionette/harness in /builds/slave/test/build/venv/lib/python2.7/site-packages (from -r /builds/slave/test/build/tests/config/marionette_requirements.txt (line 6))
16:59:03     INFO -  Processing /builds/slave/test/build/tests/marionette/puppeteer/firefox
16:59:03     INFO -    Requirement already satisfied (use --upgrade to upgrade): firefox-puppeteer==52.1.0 from file:///builds/slave/test/build/tests/marionette/puppeteer/firefox in /builds/slave/test/build/venv/lib/python2.7/site-packages (from -r /builds/slave/test/build/tests/config/marionette_requirements.txt (line 9))
16:59:03     INFO -  Requirement already satisfied (use --upgrade to upgrade): mozfile>=1.0 in /builds/slave/test/build/venv/lib/python2.7/site-packages (from mozcrash==1.0->-r /builds/slave/test/build/tests/config/mozbase_requirements.txt (line 2))
16:59:03     INFO -  Requirement already satisfied (use --upgrade to upgrade): mozlog>=3.0 in /builds/slave/test/build/venv/lib/python2.7/site-packages (from mozcrash==1.0->-r /builds/slave/test/build/tests/config/mozbase_requirements.txt (line 2))
16:59:03     INFO -  Requirement already satisfied (use --upgrade to upgrade): mozinfo in /builds/slave/test/build/venv/lib/python2.7/site-packages (from mozdebug==0.1->-r /builds/slave/test/build/tests/config/mozbase_requirements.txt (line 3))
16:59:03     INFO -  Requirement already satisfied (use --upgrade to upgrade): moznetwork>=0.24 in /builds/slave/test/build/venv/lib/python2.7/site-packages (from mozdevice==0.48->-r /builds/slave/test/build/tests/config/mozbase_requirements.txt (line 4))
16:59:03     INFO -  Requirement already satisfied (use --upgrade to upgrade): mozprocess>=0.19 in /builds/slave/test/build/venv/lib/python2.7/site-packages (from mozdevice==0.48->-r /builds/slave/test/build/tests/config/mozbase_requirements.txt (line 4))
16:59:03     INFO -  Requirement already satisfied (use --upgrade to upgrade): blessings>=1.3 in /builds/slave/test/build/venv/lib/python2.7/site-packages (from mozlog==3.4->-r /builds/slave/test/build/tests/config/mozbase_requirements.txt (line 10))
16:59:03     INFO -  Requirement already satisfied (use --upgrade to upgrade): requests>=1.1.0 in /builds/slave/test/build/venv/lib/python2.7/site-packages (from browsermob-proxy==0.6.0->-r /builds/slave/test/build/tests/config/marionette_requirements.txt (line 5))
16:59:03     INFO -  Building wheels for collected packages: browsermob-proxy
16:59:03     INFO -    Running setup.py bdist_wheel for browsermob-proxy: started
16:59:04     INFO -    Running setup.py bdist_wheel for browsermob-proxy: finished with status 'done'
16:59:04     INFO -    Stored in directory: /home/cltbld/.cache/pip/wheels/10/00/c1/79bb793b6a7eb4dca9dfd244010f550ae5044951bcd23c261e
16:59:04     INFO -  Successfully built browsermob-proxy
16:59:04     INFO - Return code: 0
16:59:04     INFO - Done creating virtualenv /builds/slave/test/build/venv.
16:59:04     INFO - Getting output from command: ['/builds/slave/test/build/venv/bin/pip', 'freeze']
16:59:04     INFO - Copy/paste: /builds/slave/test/build/venv/bin/pip freeze
16:59:05     INFO - Reading from file tmpfile_stdout
16:59:05     INFO - Reading from file tmpfile_stderr
16:59:05     INFO - Current package versions:
16:59:05     INFO -   blessings == 1.6
16:59:05     INFO -   blobuploader == 1.2.4
16:59:05     INFO -   browsermob-proxy == 0.6.0
16:59:05     INFO -   docopt == 0.6.1
16:59:05     INFO -   firefox-puppeteer == 52.1.0
16:59:05     INFO -   functools32 == 3.2.3.post2
16:59:05     INFO -   jsonschema == 2.5.1
16:59:05     INFO -   manifestparser == 1.1
16:59:05     INFO -   marionette-driver == 2.2.0
16:59:05     INFO -   marionette-harness == 4.0.0
16:59:05     INFO -   mock == 1.0.1
16:59:05     INFO -   mozInstall == 1.12
16:59:05     INFO -   mozcrash == 1.0
16:59:05     INFO -   mozdebug == 0.1
16:59:05     INFO -   mozdevice == 0.48
16:59:05     INFO -   mozfile == 1.2
16:59:05     INFO -   mozhttpd == 0.7
16:59:05     INFO -   mozinfo == 0.9
16:59:05     INFO -   mozleak == 0.1
16:59:05     INFO -   mozlog == 3.4
16:59:05     INFO -   moznetwork == 0.27
16:59:05     INFO -   mozprocess == 0.23
16:59:05     INFO -   mozprofile == 0.28
16:59:05     INFO -   mozrunner == 6.13
16:59:05     INFO -   mozscreenshot == 0.1
16:59:05     INFO -   mozsystemmonitor == 0.3
16:59:05     INFO -   moztest == 0.8
16:59:05     INFO -   mozversion == 1.4
16:59:05     INFO -   psutil == 3.1.1
16:59:05     INFO -   requests == 1.2.3
16:59:05     INFO -   simplejson == 3.3.0
16:59:05     INFO -   wptserve == 1.4.0
16:59:05     INFO - Running post-action listener: _resource_record_post_action
16:59:05     INFO - Running post-action listener: _start_resource_monitoring
16:59:05     INFO - Starting resource monitoring.
16:59:05     INFO - [mozharness: 2018-06-10 23:59:05.300643Z] Finished create-virtualenv step (success)
16:59:05     INFO - [mozharness: 2018-06-10 23:59:05.307516Z] Running install step.
16:59:05     INFO - Running pre-action listener: _resource_record_pre_action
16:59:05     INFO - Running main action method: install
16:59:05     INFO - Getting output from command: ['/builds/slave/test/build/venv/bin/pip', 'freeze']
16:59:05     INFO - Copy/paste: /builds/slave/test/build/venv/bin/pip freeze
16:59:06     INFO - Reading from file tmpfile_stdout
16:59:06     INFO - Reading from file tmpfile_stderr
16:59:06     INFO - Detecting whether we're running mozinstall >=1.0...
16:59:06     INFO - Getting output from command: ['/builds/slave/test/build/venv/bin/mozinstall', '-h']
16:59:06     INFO - Copy/paste: /builds/slave/test/build/venv/bin/mozinstall -h
16:59:06     INFO - Reading from file tmpfile_stdout
16:59:06     INFO - Output received:
16:59:06     INFO -  Usage: mozinstall [options] installer
16:59:06     INFO -  Options:
16:59:06     INFO -    -h, --help            show this help message and exit
16:59:06     INFO -    -d DEST, --destination=DEST
16:59:06     INFO -                          Directory to install application into. [default:
16:59:06     INFO -                          "/builds/slave/test"]
16:59:06     INFO -    --app=APP             Application being installed. [default: firefox]
16:59:06     INFO - mkdir: /builds/slave/test/build/application
16:59:06     INFO - Getting output from command: ['/builds/slave/test/build/venv/bin/mozinstall', '/builds/slave/test/build/installer.tar.bz2', '--destination', '/builds/slave/test/build/application']
16:59:06     INFO - Copy/paste: /builds/slave/test/build/venv/bin/mozinstall /builds/slave/test/build/installer.tar.bz2 --destination /builds/slave/test/build/application
16:59:30     INFO - Reading from file tmpfile_stdout
16:59:30     INFO - Output received:
16:59:30     INFO -  /builds/slave/test/build/application/firefox/firefox
16:59:30     INFO - Running post-action listener: _resource_record_post_action
16:59:30     INFO - [mozharness: 2018-06-10 23:59:30.406052Z] Finished install step (success)
16:59:30     INFO - [mozharness: 2018-06-10 23:59:30.406321Z] Running stage-files step.
16:59:30     INFO - Running pre-action listener: _resource_record_pre_action
16:59:30     INFO - Running main action method: stage_files
16:59:30     INFO - Running post-action listener: _resource_record_post_action
16:59:30     INFO - [mozharness: 2018-06-10 23:59:30.407291Z] Finished stage-files step (success)
16:59:30     INFO - [mozharness: 2018-06-10 23:59:30.407484Z] Running run-tests step.
16:59:30     INFO - Running pre-action listener: _resource_record_pre_action
16:59:30     INFO - Running pre-action listener: _set_gcov_prefix
16:59:30     INFO - Running main action method: run_tests
16:59:30     INFO - Running pre test command disable_screen_saver with 'xset s off s reset'
16:59:30     INFO - Running command: ['xset', 's', 'off', 's', 'reset'] in /builds/slave/test/build
16:59:30     INFO - Copy/paste: xset s off s reset
16:59:30     INFO - Return code: 0
16:59:30     INFO - #### Running reftest suites
16:59:30     INFO - Structured output parser in use for reftest.
16:59:30     INFO - grabbing minidump binary from tooltool
16:59:30     INFO - retry: Calling run_command with args: (['/tools/tooltool.py', '--url', 'https://api.pub.build.mozilla.org/tooltool/', '--authentication-file', '/builds/relengapi.tok', 'fetch', '-m', '/builds/slave/test/build/tests/config/tooltool-manifests/linux32/releng.manifest', '-o', '-c', '/builds/tooltool_cache'],), kwargs: {'output_timeout': 600, 'error_list': [{'substr': 'command not found', 'level': 'error'}, {'regex': <_sre.SRE_Pattern object at 0x9551fe0>, 'level': 'warning'}, {'substr': 'Traceback (most recent call last)', 'level': 'error'}, {'substr': 'SyntaxError: ', 'level': 'error'}, {'substr': 'TypeError: ', 'level': 'error'}, {'substr': 'NameError: ', 'level': 'error'}, {'substr': 'ZeroDivisionError: ', 'level': 'error'}, {'regex': <_sre.SRE_Pattern object at 0x95562e0>, 'level': 'critical'}, {'regex': <_sre.SRE_Pattern object at 0x9541798>, 'level': 'critical'}, {'substr': 'ERROR - ', 'level': 'error'}], 'cwd': '/builds/slave/test/build', 'privileged': False}, attempt #1
16:59:30     INFO - Running command: ['/tools/tooltool.py', '--url', 'https://api.pub.build.mozilla.org/tooltool/', '--authentication-file', '/builds/relengapi.tok', 'fetch', '-m', '/builds/slave/test/build/tests/config/tooltool-manifests/linux32/releng.manifest', '-o', '-c', '/builds/tooltool_cache'] in /builds/slave/test/build
16:59:30     INFO - Copy/paste: /tools/tooltool.py --url https://api.pub.build.mozilla.org/tooltool/ --authentication-file /builds/relengapi.tok fetch -m /builds/slave/test/build/tests/config/tooltool-manifests/linux32/releng.manifest -o -c /builds/tooltool_cache
16:59:30     INFO - Calling ['/tools/tooltool.py', '--url', 'https://api.pub.build.mozilla.org/tooltool/', '--authentication-file', '/builds/relengapi.tok', 'fetch', '-m', '/builds/slave/test/build/tests/config/tooltool-manifests/linux32/releng.manifest', '-o', '-c', '/builds/tooltool_cache'] with output_timeout 600
16:59:30     INFO -  INFO - File linux32-minidump_stackwalk retrieved from local cache /builds/tooltool_cache
16:59:30     INFO - Return code: 0
16:59:30     INFO - Chmoding /builds/slave/test/build/linux32-minidump_stackwalk to 0755
16:59:30     INFO - grabbing nodejs binary from tooltool
16:59:30     INFO - retry: Calling run_command with args: (['/tools/tooltool.py', '--url', 'https://api.pub.build.mozilla.org/tooltool/', '--authentication-file', '/builds/relengapi.tok', 'fetch', '-m', '/builds/slave/test/build/tests/config/tooltool-manifests/linux32/nodejs.manifest', '-o', '-c', '/builds/tooltool_cache'],), kwargs: {'output_timeout': 600, 'error_list': [{'substr': 'command not found', 'level': 'error'}, {'regex': <_sre.SRE_Pattern object at 0x9551fe0>, 'level': 'warning'}, {'substr': 'Traceback (most recent call last)', 'level': 'error'}, {'substr': 'SyntaxError: ', 'level': 'error'}, {'substr': 'TypeError: ', 'level': 'error'}, {'substr': 'NameError: ', 'level': 'error'}, {'substr': 'ZeroDivisionError: ', 'level': 'error'}, {'regex': <_sre.SRE_Pattern object at 0x95562e0>, 'level': 'critical'}, {'regex': <_sre.SRE_Pattern object at 0x9541798>, 'level': 'critical'}, {'substr': 'ERROR - ', 'level': 'error'}], 'cwd': '/builds/slave/test/build', 'privileged': False}, attempt #1
16:59:30     INFO - Running command: ['/tools/tooltool.py', '--url', 'https://api.pub.build.mozilla.org/tooltool/', '--authentication-file', '/builds/relengapi.tok', 'fetch', '-m', '/builds/slave/test/build/tests/config/tooltool-manifests/linux32/nodejs.manifest', '-o', '-c', '/builds/tooltool_cache'] in /builds/slave/test/build
16:59:30     INFO - Copy/paste: /tools/tooltool.py --url https://api.pub.build.mozilla.org/tooltool/ --authentication-file /builds/relengapi.tok fetch -m /builds/slave/test/build/tests/config/tooltool-manifests/linux32/nodejs.manifest -o -c /builds/tooltool_cache
16:59:30     INFO - Calling ['/tools/tooltool.py', '--url', 'https://api.pub.build.mozilla.org/tooltool/', '--authentication-file', '/builds/relengapi.tok', 'fetch', '-m', '/builds/slave/test/build/tests/config/tooltool-manifests/linux32/nodejs.manifest', '-o', '-c', '/builds/tooltool_cache'] with output_timeout 600
16:59:31     INFO -  INFO - File node-linux-x86.tar.gz retrieved from local cache /builds/tooltool_cache
16:59:31     INFO -  INFO - untarring "node-linux-x86.tar.gz"
16:59:33     INFO - Return code: 0
16:59:33     INFO - Chmoding /builds/slave/test/build/node-linux-x86/bin/node to 0755
16:59:33     INFO - mkdir: /builds/slave/test/build/blobber_upload_dir
16:59:33     INFO - ENV: MOZ_UPLOAD_DIR is now /builds/slave/test/build/blobber_upload_dir
16:59:33     INFO - ENV: MINIDUMP_STACKWALK is now /builds/slave/test/build/linux32-minidump_stackwalk
16:59:33     INFO - ENV: MOZ_NODE_PATH is now /builds/slave/test/build/node-linux-x86/bin/node
16:59:33     INFO - ENV: MINIDUMP_SAVE_PATH is now /builds/slave/test/build/blobber_upload_dir
16:59:33     INFO - Running command: ['/builds/slave/test/build/venv/bin/python', '-u', '/builds/slave/test/build/tests/reftest/runreftest.py', '--appname=/builds/slave/test/build/application/firefox/firefox', '--utility-path=tests/bin', '--extra-profile-file=tests/bin/plugins', '--symbols-path=https://queue.taskcluster.net/v1/task/WJTlX8QSQ72l0JOfLfwhSA/artifacts/public/build/firefox-52.8.2.en-US.linux-i686.crashreporter-symbols.zip', '--log-raw=/builds/slave/test/build/blobber_upload_dir/jsreftest_raw.log', '--log-errorsummary=/builds/slave/test/build/blobber_upload_dir/jsreftest_errorsummary.log', '--cleanup-crashes', '--log-raw=-', '--extra-profile-file=tests/jsreftest/tests/user.js', '--suite=jstestbrowser', '--', 'tests/jsreftest/tests/jstests.list'] in /builds/slave/test/build
16:59:33     INFO - Copy/paste: /builds/slave/test/build/venv/bin/python -u /builds/slave/test/build/tests/reftest/runreftest.py --appname=/builds/slave/test/build/application/firefox/firefox --utility-path=tests/bin --extra-profile-file=tests/bin/plugins --symbols-path=https://queue.taskcluster.net/v1/task/WJTlX8QSQ72l0JOfLfwhSA/artifacts/public/build/firefox-52.8.2.en-US.linux-i686.crashreporter-symbols.zip --log-raw=/builds/slave/test/build/blobber_upload_dir/jsreftest_raw.log --log-errorsummary=/builds/slave/test/build/blobber_upload_dir/jsreftest_errorsummary.log --cleanup-crashes --log-raw=- --extra-profile-file=tests/jsreftest/tests/user.js --suite=jstestbrowser -- tests/jsreftest/tests/jstests.list
16:59:33     INFO - Using env: {'CCACHE_DIR': '/builds/ccache',
16:59:33     INFO -  'CCACHE_UMASK': '002',
16:59:33     INFO -  'DISPLAY': ':0',
16:59:33     INFO -  'HOME': '/home/cltbld',
16:59:33     INFO -  'LANG': 'en_US.UTF-8',
16:59:33     INFO -  'LOGNAME': 'cltbld',
16:59:33     INFO -  'MAIL': '/var/mail/cltbld',
16:59:33     INFO -  'MINIDUMP_SAVE_PATH': '/builds/slave/test/build/blobber_upload_dir',
16:59:33     INFO -  'MINIDUMP_STACKWALK': '/builds/slave/test/build/linux32-minidump_stackwalk',
16:59:33     INFO -  'MOZ_HIDE_RESULTS_TABLE': '1',
16:59:33     INFO -  'MOZ_NODE_PATH': '/builds/slave/test/build/node-linux-x86/bin/node',
16:59:33     INFO -  'MOZ_NO_REMOTE': '1',
16:59:33     INFO -  'MOZ_UPLOAD_DIR': '/builds/slave/test/build/blobber_upload_dir',
16:59:33     INFO -  'NODE_PATH': '/usr/lib/nodejs:/usr/lib/node_modules:/usr/share/javascript',
16:59:33     INFO -  'NO_FAIL_ON_TEST_ERRORS': '1',
16:59:33     INFO -  'PATH': '/builds/slave/test/build/venv/bin:/usr/local/bin:/usr/local/bin:/usr/bin:/bin:/usr/local/games:/usr/games',
16:59:33     INFO -  'PROPERTIES_FILE': '/builds/slave/test/buildprops.json',
16:59:33     INFO -  'PWD': '/builds/slave/test',
16:59:33     INFO -  'SHELL': '/bin/bash',
16:59:33     INFO -  'SHLVL': '1',
16:59:33     INFO -  'TERM': 'linux',
16:59:33     INFO -  'TMOUT': '86400',
16:59:33     INFO -  'USER': 'cltbld',
16:59:33     INFO -  'XDG_SESSION_COOKIE': '5a152710dd62cc268aad214e000002d8-1528673688.734847-413539507',
16:59:33     INFO -  '_': '/tools/buildbot/bin/python'}
16:59:33     INFO - Calling ['/builds/slave/test/build/venv/bin/python', '-u', '/builds/slave/test/build/tests/reftest/runreftest.py', '--appname=/builds/slave/test/build/application/firefox/firefox', '--utility-path=tests/bin', '--extra-profile-file=tests/bin/plugins', '--symbols-path=https://queue.taskcluster.net/v1/task/WJTlX8QSQ72l0JOfLfwhSA/artifacts/public/build/firefox-52.8.2.en-US.linux-i686.crashreporter-symbols.zip', '--log-raw=/builds/slave/test/build/blobber_upload_dir/jsreftest_raw.log', '--log-errorsummary=/builds/slave/test/build/blobber_upload_dir/jsreftest_errorsummary.log', '--cleanup-crashes', '--log-raw=-', '--extra-profile-file=tests/jsreftest/tests/user.js', '--suite=jstestbrowser', '--', 'tests/jsreftest/tests/jstests.list'] with output_timeout 1000
16:59:34     INFO - REFTEST INFO | Checking for orphan ssltunnel processes...
16:59:34     INFO - REFTEST INFO | Checking for orphan xpcshell processes...
16:59:34     INFO - REFTEST INFO | Removed pending crash reports at '/home/cltbld/.mozilla/firefox/Crash Reports'
16:59:34     INFO - REFTEST INFO | Running with e10s: True
16:59:34     INFO - REFTEST INFO | Application command: /builds/slave/test/build/application/firefox/firefox -marionette -profile /tmp/tmps9W3FT.mozrunner
16:59:36     INFO - 1528675176418	Marionette	INFO	Listening on port 2828
16:59:41     INFO - REFTEST INFO | Reading manifest file:///builds/slave/test/build/tests/jsreftest/tests/jstests.list
16:59:41     INFO - REFTEST INFO | Dumping JSON representation of sandbox
16:59:41     INFO - REFTEST INFO | {"isDebugBuild":false,"xulRuntime":{"widgetToolkit":"gtk3","OS":"Linux","XPCOMABI":"x86-gcc3"},"smallScreen":false,"d2d":false,"dwrite":false,"azureCairo":false,"azureQuartz":false,"azureSkia":true,"skiaContent":true,"azureSkiaGL":0,"contentSameGfxBackendAsCanvas":true,"layersGPUAccelerated":false,"d3d11":false,"d3d9":false,"layersOpenGL":false,"layersOMTC":true,"B2G":false,"Android":false,"cocoaWidget":false,"gtkWidget":true,"qtWidget":false,"winWidget":false,"transparentScrollbars":true,"AddressSanitizer":false,"webrtc":true,"http":{"userAgent":"Mozilla/5.0 (X11; Linux i686; rv:52.0) Gecko/20100101 Firefox/52.0","appName":"Mozilla","appVersion":"5.0","platform":"X11","oscpu":"Linux i686","misc":"rv:52.0"},"haveTestPlugin":true,"windowsDefaultTheme":false,"nativeThemePref":true,"prefs":{},"browserIsRemote":true,"Mulet":false,"asyncPan":true}
16:59:42    ERROR - REFTEST ERROR | EXCEPTION: TypeError: str.charAt is not a function
16:59:42    ERROR - REFTEST ERROR | Got suite_end message before suite_start. Logged with data: {"thread": "None", "extra": {"results": {"AssertionUnexpectedFixed": 0, "Exception": 1, "UnexpectedFail": 0, "UnexpectedPass": 0, "AssertionUnexpected": 0, "AssertionKnown": 0, "Skip": 0, "Random": 0, "Slow": 0, "Pass": 0, "KnownFail": 0, "FailedLoad": 0, "LoadOnly": 0}}, "pid": null, "source": "reftest", "time": 1528675182340, "action": "suite_end"}
16:59:42     INFO - REFTEST INFO | Slowest test took 0ms (undefined)
16:59:42     INFO - REFTEST INFO | Total canvas count = 0
16:59:42     INFO - JavaScript error: chrome://reftest/content/reftest.jsm, line 2060: NS_ERROR_NOT_AVAILABLE: Component returned failure code: 0x80040111 (NS_ERROR_NOT_AVAILABLE) [nsIPropertyBag2.getPropertyAsAString]
16:59:43     INFO - REFTEST INFO | Process mode: e10s
16:59:43  WARNING - leakcheck | refcount logging is off, so leaks can't be detected!
16:59:43     INFO - Return code: 0
16:59:43    ERROR - No checks run.
16:59:43    ERROR - No suite end message was emitted by this harness.
16:59:43     INFO - TinderboxPrint: reftest-jsreftest<br/><em class="testfail">T-FAIL</em>
16:59:43    ERROR - # TBPL FAILURE #
16:59:43  WARNING - setting return code to 2
16:59:43    ERROR - The reftest suite: jsreftest ran with return status: FAILURE
16:59:43     INFO - Running post-action listener: _package_coverage_data
16:59:43     INFO - Running post-action listener: _resource_record_post_action
16:59:43     INFO - [mozharness: 2018-06-10 23:59:43.433206Z] Finished run-tests step (success)
16:59:43     INFO - Running post-run listener: _resource_record_post_run
16:59:43     INFO - Validating Perfherder data against /builds/slave/test/scripts/external_tools/performance-artifact-schema.json
16:59:43     INFO - PERFHERDER_DATA: {"framework": {"name": "job_resource_usage"}, "suites": [{"subtests": [{"name": "cpu_percent", "value": 99.47631578947369}, {"name": "io_write_bytes", "value": 201478144}, {"name": "io.read_bytes", "value": 16916480}, {"name": "io_write_time", "value": 157012}, {"name": "io_read_time", "value": 1924}], "extraOptions": ["e10s", "buildbot-m1.medium"], "name": "reftest.jsreftest.overall"}, {"subtests": [{"name": "time", "value": 25.097370862960815}, {"name": "cpu_percent", "value": 100.0}], "name": "reftest.jsreftest.install"}, {"subtests": [{"name": "time", "value": 0.0005350112915039062}], "name": "reftest.jsreftest.stage-files"}, {"subtests": [{"name": "time", "value": 13.025288105010986}, {"name": "cpu_percent", "value": 98.59166666666665}], "name": "reftest.jsreftest.run-tests"}]}
16:59:43     INFO - Total resource usage - Wall time: 38s; CPU: 99.0%; Read bytes: 16916480; Write bytes: 201478144; Read time: 1924; Write time: 157012
16:59:43     INFO - TinderboxPrint: CPU usage<br/>98.6%
16:59:43     INFO - TinderboxPrint: I/O read bytes / time<br/>16,916,480 / 1,924
16:59:43     INFO - TinderboxPrint: I/O write bytes / time<br/>201,478,144 / 157,012
16:59:43     INFO - TinderboxPrint: CPU iowait<br/>0.7 (1.8%)
16:59:43     INFO - TinderboxPrint: CPU system<br/>5.4 (14.1%)
16:59:43     INFO - TinderboxPrint: CPU user<br/>31.7 (83.3%)
16:59:43     INFO - TinderboxPrint: Swap in / out<br/>0 / 0
16:59:43     INFO - install - Wall time: 25s; CPU: 100.0%; Read bytes: 0; Write bytes: 94986240; Read time: 0; Write time: 80336
16:59:43     INFO - stage-files - Wall time: 0s; CPU: Can't collect data; Read bytes: 0; Write bytes: 0; Read time: 0; Write time: 0
16:59:43     INFO - run-tests - Wall time: 13s; CPU: 99.0%; Read bytes: 3555328; Write bytes: 82939904; Read time: 300; Write time: 48552
16:59:43     INFO - Running post-run listener: _upload_blobber_files
16:59:43     INFO - Blob upload gear active.
16:59:43     INFO - Preparing to upload files from /builds/slave/test/build/blobber_upload_dir.
16:59:43     INFO - Files from /builds/slave/test/build/blobber_upload_dir are to be uploaded with <mozilla-esr52> branch at the following location(s): https://blobupload.elasticbeanstalk.com
16:59:43     INFO - Running command: ['/builds/slave/test/build/venv/bin/python', '/builds/slave/test/build/venv/bin/blobberc.py', '-u', 'https://blobupload.elasticbeanstalk.com', '-a', '/builds/slave/test/oauth.txt', '-b', 'mozilla-esr52', '-d', '/builds/slave/test/build/blobber_upload_dir', '--output-manifest', '/builds/slave/test/build/uploaded_files.json']
16:59:43     INFO - Copy/paste: /builds/slave/test/build/venv/bin/python /builds/slave/test/build/venv/bin/blobberc.py -u https://blobupload.elasticbeanstalk.com -a /builds/slave/test/oauth.txt -b mozilla-esr52 -d /builds/slave/test/build/blobber_upload_dir --output-manifest /builds/slave/test/build/uploaded_files.json
16:59:44     INFO -  (blobuploader) - INFO - Open directory for files ...
16:59:44     INFO -  (blobuploader) - INFO - Uploading /builds/slave/test/build/blobber_upload_dir/jsreftest_errorsummary.log ...
16:59:44     INFO -  (blobuploader) - INFO - Using https://blobupload.elasticbeanstalk.com
16:59:44     INFO -  (blobuploader) - INFO - Uploading, attempt #1.
16:59:45     INFO -  (blobuploader) - INFO - TinderboxPrint: <a href='https://mozilla-releng-blobs.s3.amazonaws.com/blobs/mozilla-esr52/sha512/17511491b0524ae90de6124f05fbc37c93424b90fc2e2fdf4fc5648465d73a48603c683b3ec0d712f956fc6d51439c8c055bb32a869b7503d2942393b02e6f33'>jsreftest_errorsummary.log</a>: uploaded
16:59:45     INFO -  (blobuploader) - INFO - Blobserver returned 202. File uploaded!
16:59:45     INFO -  (blobuploader) - INFO - Done attempting.
16:59:45     INFO -  (blobuploader) - INFO - Uploading /builds/slave/test/build/blobber_upload_dir/jsreftest_raw.log ...
16:59:45     INFO -  (blobuploader) - INFO - Using https://blobupload.elasticbeanstalk.com
16:59:45     INFO -  (blobuploader) - INFO - Uploading, attempt #1.
16:59:46     INFO -  (blobuploader) - INFO - TinderboxPrint: <a href='https://mozilla-releng-blobs.s3.amazonaws.com/blobs/mozilla-esr52/sha512/f2e1bb1803ce6f959a3534145122a60a19ce9721a420811029c77f208563ca6e38d3c9f4c936dc69f5d8d71e54d1ee2378fafac65612b0a6c56c6298a36e6511'>jsreftest_raw.log</a>: uploaded
16:59:46     INFO -  (blobuploader) - INFO - Blobserver returned 202. File uploaded!
16:59:46     INFO -  (blobuploader) - INFO - Done attempting.
16:59:46     INFO -  (blobuploader) - INFO - Uploading /builds/slave/test/build/blobber_upload_dir/resource-usage.json ...
16:59:46     INFO -  (blobuploader) - INFO - Using https://blobupload.elasticbeanstalk.com
16:59:46     INFO -  (blobuploader) - INFO - Uploading, attempt #1.
16:59:47     INFO -  (blobuploader) - INFO - TinderboxPrint: <a href='https://mozilla-releng-blobs.s3.amazonaws.com/blobs/mozilla-esr52/sha512/aa4baa96101d437cd3ca0c3238067d7645eb2e6da0f1a5ac87a45558baa05d3c03c24fcb77e45f024187a2dabe667b56f605478fe958751f6dd58ac2b3b11fbf'>resource-usage.json</a>: uploaded
16:59:47     INFO -  (blobuploader) - INFO - Blobserver returned 202. File uploaded!
16:59:47     INFO -  (blobuploader) - INFO - Done attempting.
16:59:47     INFO -  (blobuploader) - INFO - Iteration through files over.
16:59:47     INFO - Return code: 0
16:59:47     INFO - rmtree: /builds/slave/test/build/uploaded_files.json
16:59:47     INFO - retry: Calling remove with args: ('/builds/slave/test/build/uploaded_files.json',), kwargs: {}, attempt #1
16:59:47     INFO - Setting buildbot property blobber_files to {"resource-usage.json": "https://mozilla-releng-blobs.s3.amazonaws.com/blobs/mozilla-esr52/sha512/aa4baa96101d437cd3ca0c3238067d7645eb2e6da0f1a5ac87a45558baa05d3c03c24fcb77e45f024187a2dabe667b56f605478fe958751f6dd58ac2b3b11fbf", "jsreftest_raw.log": "https://mozilla-releng-blobs.s3.amazonaws.com/blobs/mozilla-esr52/sha512/f2e1bb1803ce6f959a3534145122a60a19ce9721a420811029c77f208563ca6e38d3c9f4c936dc69f5d8d71e54d1ee2378fafac65612b0a6c56c6298a36e6511", "jsreftest_errorsummary.log": "https://mozilla-releng-blobs.s3.amazonaws.com/blobs/mozilla-esr52/sha512/17511491b0524ae90de6124f05fbc37c93424b90fc2e2fdf4fc5648465d73a48603c683b3ec0d712f956fc6d51439c8c055bb32a869b7503d2942393b02e6f33"}
16:59:47     INFO - Writing buildbot properties ['blobber_files'] to /builds/slave/test/properties/blobber_files
16:59:47     INFO - Writing to file /builds/slave/test/properties/blobber_files
16:59:47     INFO - Contents:
16:59:47     INFO -  blobber_files:{"resource-usage.json": "https://mozilla-releng-blobs.s3.amazonaws.com/blobs/mozilla-esr52/sha512/aa4baa96101d437cd3ca0c3238067d7645eb2e6da0f1a5ac87a45558baa05d3c03c24fcb77e45f024187a2dabe667b56f605478fe958751f6dd58ac2b3b11fbf", "jsreftest_raw.log": "https://mozilla-releng-blobs.s3.amazonaws.com/blobs/mozilla-esr52/sha512/f2e1bb1803ce6f959a3534145122a60a19ce9721a420811029c77f208563ca6e38d3c9f4c936dc69f5d8d71e54d1ee2378fafac65612b0a6c56c6298a36e6511", "jsreftest_errorsummary.log": "https://mozilla-releng-blobs.s3.amazonaws.com/blobs/mozilla-esr52/sha512/17511491b0524ae90de6124f05fbc37c93424b90fc2e2fdf4fc5648465d73a48603c683b3ec0d712f956fc6d51439c8c055bb32a869b7503d2942393b02e6f33"}
16:59:47     INFO - Running post-run listener: copy_logs_to_upload_dir
16:59:47     INFO - Copying logs to upload dir...
16:59:47     INFO - mkdir: /builds/slave/test/build/upload/logs
16:59:47     INFO - Copying logs to upload dir...
16:59:47  WARNING - returning nonzero exit status 2
program finished with exit code 2
elapsedTime=195.529618
========= master_lag: 0.06 =========
========= Finished '/tools/buildbot/bin/python -u ...' failed (results: 2, elapsed: 3 mins, 15 secs) (at 2018-06-10 16:59:48.049971) =========

========= Started set props: build_url blobber_files (results: 0, elapsed: 0 secs) (at 2018-06-10 16:59:48.060674) =========
bash -c 'for file in `ls -1`; do cat $file; done'
 in dir /builds/slave/test/properties (timeout 1200 secs)
 watching logfiles {}
 argv: ['bash', '-c', 'for file in `ls -1`; do cat $file; done']
 environment:
  HOME=/home/cltbld
  LANG=en_US.UTF-8
  LOGNAME=cltbld
  MAIL=/var/mail/cltbld
  NODE_PATH=/usr/lib/nodejs:/usr/lib/node_modules:/usr/share/javascript
  PATH=/usr/local/bin:/usr/local/bin:/usr/bin:/bin:/usr/local/games:/usr/games
  PWD=/builds/slave/test/properties
  SHELL=/bin/bash
  SHLVL=1
  TERM=linux
  TMOUT=86400
  USER=cltbld
  XDG_SESSION_COOKIE=5a152710dd62cc268aad214e000002d8-1528673688.734847-413539507
  _=/tools/buildbot/bin/python
 using PTY: False
blobber_files:{"resource-usage.json": "https://mozilla-releng-blobs.s3.amazonaws.com/blobs/mozilla-esr52/sha512/aa4baa96101d437cd3ca0c3238067d7645eb2e6da0f1a5ac87a45558baa05d3c03c24fcb77e45f024187a2dabe667b56f605478fe958751f6dd58ac2b3b11fbf", "jsreftest_raw.log": "https://mozilla-releng-blobs.s3.amazonaws.com/blobs/mozilla-esr52/sha512/f2e1bb1803ce6f959a3534145122a60a19ce9721a420811029c77f208563ca6e38d3c9f4c936dc69f5d8d71e54d1ee2378fafac65612b0a6c56c6298a36e6511", "jsreftest_errorsummary.log": "https://mozilla-releng-blobs.s3.amazonaws.com/blobs/mozilla-esr52/sha512/17511491b0524ae90de6124f05fbc37c93424b90fc2e2fdf4fc5648465d73a48603c683b3ec0d712f956fc6d51439c8c055bb32a869b7503d2942393b02e6f33"}
build_url:https://queue.taskcluster.net/v1/task/WJTlX8QSQ72l0JOfLfwhSA/artifacts/public/build/firefox-52.8.2.en-US.linux-i686.tar.bz2
program finished with exit code 0
elapsedTime=0.031838
build_url: 'https://queue.taskcluster.net/v1/task/WJTlX8QSQ72l0JOfLfwhSA/artifacts/public/build/firefox-52.8.2.en-US.linux-i686.tar.bz2'
blobber_files: '{"resource-usage.json": "https://mozilla-releng-blobs.s3.amazonaws.com/blobs/mozilla-esr52/sha512/aa4baa96101d437cd3ca0c3238067d7645eb2e6da0f1a5ac87a45558baa05d3c03c24fcb77e45f024187a2dabe667b56f605478fe958751f6dd58ac2b3b11fbf", "jsreftest_raw.log": "https://mozilla-releng-blobs.s3.amazonaws.com/blobs/mozilla-esr52/sha512/f2e1bb1803ce6f959a3534145122a60a19ce9721a420811029c77f208563ca6e38d3c9f4c936dc69f5d8d71e54d1ee2378fafac65612b0a6c56c6298a36e6511", "jsreftest_errorsummary.log": "https://mozilla-releng-blobs.s3.amazonaws.com/blobs/mozilla-esr52/sha512/17511491b0524ae90de6124f05fbc37c93424b90fc2e2fdf4fc5648465d73a48603c683b3ec0d712f956fc6d51439c8c055bb32a869b7503d2942393b02e6f33"}'
========= master_lag: 0.01 =========
========= Finished set props: build_url blobber_files (results: 0, elapsed: 0 secs) (at 2018-06-10 16:59:48.105112) =========

========= Started 'rm -f ...' (results: 0, elapsed: 0 secs) (at 2018-06-10 16:59:48.105445) =========
rm -f oauth.txt
 in dir /builds/slave/test/. (timeout 1200 secs)
 watching logfiles {}
 argv: ['rm', '-f', 'oauth.txt']
 environment:
  HOME=/home/cltbld
  LANG=en_US.UTF-8
  LOGNAME=cltbld
  MAIL=/var/mail/cltbld
  NODE_PATH=/usr/lib/nodejs:/usr/lib/node_modules:/usr/share/javascript
  PATH=/usr/local/bin:/usr/local/bin:/usr/bin:/bin:/usr/local/games:/usr/games
  PWD=/builds/slave/test
  SHELL=/bin/bash
  SHLVL=1
  TERM=linux
  TMOUT=86400
  USER=cltbld
  XDG_SESSION_COOKIE=5a152710dd62cc268aad214e000002d8-1528673688.734847-413539507
  _=/tools/buildbot/bin/python
 using PTY: False
program finished with exit code 0
elapsedTime=0.016602
========= master_lag: 0.08 =========
========= Finished 'rm -f ...' (results: 0, elapsed: 0 secs) (at 2018-06-10 16:59:48.199731) =========

========= Started reboot skipped (results: 3, elapsed: 0 secs) (at 2018-06-10 16:59:48.200061) =========
========= Finished reboot skipped (results: 3, elapsed: 0 secs) (at 2018-06-10 16:59:48.200357) =========

========= Total master_lag: 0.25 =========

