builder: mozilla-esr52_win8_64-debug_test-mochitest-e10s-browser-chrome-4
slave: t-w864-ix-048
starttime: 1528502003.48
results: cancelled (6)
buildid: 20180608150819
builduid: b298b373e93d4f8dbf92436c9ed838a2
revision: cbfdf01aac455e0591471201c96b89dee98190b5

========= Started set props: master (results: 0, elapsed: 0 secs) (at 2018-06-08 16:53:23.478376) =========
master: http://buildbot-master109.bb.releng.scl3.mozilla.com:8201/
========= Finished set props: master (results: 0, elapsed: 0 secs) (at 2018-06-08 16:53:23.478886) =========

========= Started downloading to buildprops.json (results: 0, elapsed: 0 secs) (at 2018-06-08 16:53:23.479169) =========
========= Finished downloading to buildprops.json (results: 0, elapsed: 0 secs) (at 2018-06-08 16:53:23.559974) =========

========= Started 'bash -c ...' (results: 0, elapsed: 1 secs) (at 2018-06-08 16:53:23.560414) =========
'bash' '-c' 'wget -Oarchiver_client.py --no-check-certificate --tries=10 --waitretry=3 https://hg.mozilla.org/build/tools/raw-file/default/buildfarm/utils/archiver_client.py'
 in dir C:\slave\test\. (timeout 1200 secs)
 watching logfiles {}
 argv: ['bash', '-c', 'wget -Oarchiver_client.py --no-check-certificate --tries=10 --waitretry=3 https://hg.mozilla.org/build/tools/raw-file/default/buildfarm/utils/archiver_client.py']
 environment:
  ALLUSERSPROFILE=C:\ProgramData
  APPDATA=C:\Users\cltbld.T-W864-IX-048.001\AppData\Roaming
  COMMONPROGRAMFILES=C:\Program Files (x86)\Common Files
  COMMONPROGRAMFILES(X86)=C:\Program Files (x86)\Common Files
  COMMONPROGRAMW6432=C:\Program Files\Common Files
  COMPUTERNAME=T-W864-IX-048
  COMSPEC=C:\windows\system32\cmd.exe
  DCLOCATION=SCL3
  DNSSUFFIX=wintest.releng.scl3.mozilla.com
  FP_NO_HOST_CHECK=NO
  HOMEDRIVE=C:
  HOMEPATH=\Users\cltbld.T-W864-IX-048.001
  KTS_HOME=C:\Program Files\KTS
  KTS_VERSION=1.19c
  LOCALAPPDATA=C:\Users\cltbld.T-W864-IX-048.001\AppData\Local
  LOGONSERVER=\\T-W864-IX-048
  MONDIR=C:\Monitor_config\
  MOZBUILDDIR=C:\mozilla-build\
  NUMBER_OF_PROCESSORS=8
  OS=Windows_NT
  OURDRIVE=C:
  PATH=C:\Program Files (x86)\NVIDIA Corporation\PhysX\Common;C:\windows\system32;C:\windows;C:\windows\System32\Wbem;C:\windows\System32\WindowsPowerShell\v1.0\;C:\mozilla-build\python27;C:\mozilla-build\python27\Scripts;C:\mozilla-build\msys\bin;C:\mozilla-build\vim\vim72;C:\mozilla-build\wget;C:\mozilla-build\info-zip;C:\CoreUtils\bin;C:\mozilla-build\buildbotve\scripts;C:\mozilla-build\hg
  PATHEXT=.COM;.EXE;.BAT;.CMD;.VBS;.VBE;.JS;.JSE;.WSF;.WSH;.MSC
  PROCESSOR_ARCHITECTURE=x86
  PROCESSOR_ARCHITEW6432=AMD64
  PROCESSOR_IDENTIFIER=Intel64 Family 6 Model 30 Stepping 5, GenuineIntel
  PROCESSOR_LEVEL=6
  PROCESSOR_REVISION=1e05
  PROGRAMDATA=C:\ProgramData
  PROGRAMFILES=C:\Program Files (x86)
  PROGRAMFILES(X86)=C:\Program Files (x86)
  PROGRAMW6432=C:\Program Files
  PROMPT=$P$G
  PSMODULEPATH=C:\windows\system32\WindowsPowerShell\v1.0\Modules\
  PUBLIC=C:\Users\Public
  PWD=C:\slave\test
  RUNLOGFILE=C:\slave\\runslave.log
  SLAVEDIR=C:\slave\
  SYSTEMDRIVE=C:
  SYSTEMROOT=C:\windows
  TEMP=C:\Users\CLTBLD~1.001\AppData\Local\Temp
  TEST1=testie
  TMP=C:\Users\CLTBLD~1.001\AppData\Local\Temp
  USERDOMAIN=T-W864-IX-048
  USERDOMAIN_ROAMINGPROFILE=T-W864-IX-048
  USERNAME=cltbld
  USERPROFILE=C:\Users\cltbld.T-W864-IX-048.001
  WINDIR=C:\windows
 using PTY: False
--16:53:24--  https://hg.mozilla.org/build/tools/raw-file/default/buildfarm/utils/archiver_client.py
           => `archiver_client.py'
Resolving hg.mozilla.org... 63.245.215.25, 63.245.215.102
Connecting to hg.mozilla.org|63.245.215.25|:443... connected.
WARNING: Certificate verification error for hg.mozilla.org: certificate signature failure
HTTP request sent, awaiting response... 200 Script output follows
Length: 12,179 (12K) [text/x-python]

    0K .......... .                                          100%   19.33 MB/s

16:53:25 (19.33 MB/s) - `archiver_client.py' saved [12179/12179]

program finished with exit code 0
elapsedTime=1.209000
========= master_lag: 0.06 =========
========= Finished 'bash -c ...' (results: 0, elapsed: 1 secs) (at 2018-06-08 16:53:24.825327) =========

========= Started 'rm -rf ...' (results: 0, elapsed: 5 secs) (at 2018-06-08 16:53:24.825683) =========
'rm' '-rf' 'scripts' 'properties'
 in dir C:\slave\test\. (timeout 1200 secs)
 watching logfiles {}
 argv: ['rm', '-rf', 'scripts', 'properties']
 environment:
  ALLUSERSPROFILE=C:\ProgramData
  APPDATA=C:\Users\cltbld.T-W864-IX-048.001\AppData\Roaming
  COMMONPROGRAMFILES=C:\Program Files (x86)\Common Files
  COMMONPROGRAMFILES(X86)=C:\Program Files (x86)\Common Files
  COMMONPROGRAMW6432=C:\Program Files\Common Files
  COMPUTERNAME=T-W864-IX-048
  COMSPEC=C:\windows\system32\cmd.exe
  DCLOCATION=SCL3
  DNSSUFFIX=wintest.releng.scl3.mozilla.com
  FP_NO_HOST_CHECK=NO
  HOMEDRIVE=C:
  HOMEPATH=\Users\cltbld.T-W864-IX-048.001
  KTS_HOME=C:\Program Files\KTS
  KTS_VERSION=1.19c
  LOCALAPPDATA=C:\Users\cltbld.T-W864-IX-048.001\AppData\Local
  LOGONSERVER=\\T-W864-IX-048
  MONDIR=C:\Monitor_config\
  MOZBUILDDIR=C:\mozilla-build\
  NUMBER_OF_PROCESSORS=8
  OS=Windows_NT
  OURDRIVE=C:
  PATH=C:\Program Files (x86)\NVIDIA Corporation\PhysX\Common;C:\windows\system32;C:\windows;C:\windows\System32\Wbem;C:\windows\System32\WindowsPowerShell\v1.0\;C:\mozilla-build\python27;C:\mozilla-build\python27\Scripts;C:\mozilla-build\msys\bin;C:\mozilla-build\vim\vim72;C:\mozilla-build\wget;C:\mozilla-build\info-zip;C:\CoreUtils\bin;C:\mozilla-build\buildbotve\scripts;C:\mozilla-build\hg
  PATHEXT=.COM;.EXE;.BAT;.CMD;.VBS;.VBE;.JS;.JSE;.WSF;.WSH;.MSC
  PROCESSOR_ARCHITECTURE=x86
  PROCESSOR_ARCHITEW6432=AMD64
  PROCESSOR_IDENTIFIER=Intel64 Family 6 Model 30 Stepping 5, GenuineIntel
  PROCESSOR_LEVEL=6
  PROCESSOR_REVISION=1e05
  PROGRAMDATA=C:\ProgramData
  PROGRAMFILES=C:\Program Files (x86)
  PROGRAMFILES(X86)=C:\Program Files (x86)
  PROGRAMW6432=C:\Program Files
  PROMPT=$P$G
  PSMODULEPATH=C:\windows\system32\WindowsPowerShell\v1.0\Modules\
  PUBLIC=C:\Users\Public
  PWD=C:\slave\test
  RUNLOGFILE=C:\slave\\runslave.log
  SLAVEDIR=C:\slave\
  SYSTEMDRIVE=C:
  SYSTEMROOT=C:\windows
  TEMP=C:\Users\CLTBLD~1.001\AppData\Local\Temp
  TEST1=testie
  TMP=C:\Users\CLTBLD~1.001\AppData\Local\Temp
  USERDOMAIN=T-W864-IX-048
  USERDOMAIN_ROAMINGPROFILE=T-W864-IX-048
  USERNAME=cltbld
  USERPROFILE=C:\Users\cltbld.T-W864-IX-048.001
  WINDIR=C:\windows
 using PTY: False
program finished with exit code 0
elapsedTime=5.418000
========= master_lag: 0.01 =========
========= Finished 'rm -rf ...' (results: 0, elapsed: 5 secs) (at 2018-06-08 16:53:30.258135) =========

========= Started 'bash -c ...' (results: 0, elapsed: 3 secs) (at 2018-06-08 16:53:30.258527) =========
'bash' '-c' u'python archiver_client.py mozharness --repo releases/mozilla-esr52 --rev cbfdf01aac455e0591471201c96b89dee98190b5 --destination scripts --debug'
 in dir C:\slave\test\. (timeout 1200 secs)
 watching logfiles {}
 argv: ['bash', '-c', u'python archiver_client.py mozharness --repo releases/mozilla-esr52 --rev cbfdf01aac455e0591471201c96b89dee98190b5 --destination scripts --debug']
 environment:
  ALLUSERSPROFILE=C:\ProgramData
  APPDATA=C:\Users\cltbld.T-W864-IX-048.001\AppData\Roaming
  COMMONPROGRAMFILES=C:\Program Files (x86)\Common Files
  COMMONPROGRAMFILES(X86)=C:\Program Files (x86)\Common Files
  COMMONPROGRAMW6432=C:\Program Files\Common Files
  COMPUTERNAME=T-W864-IX-048
  COMSPEC=C:\windows\system32\cmd.exe
  DCLOCATION=SCL3
  DNSSUFFIX=wintest.releng.scl3.mozilla.com
  FP_NO_HOST_CHECK=NO
  HOMEDRIVE=C:
  HOMEPATH=\Users\cltbld.T-W864-IX-048.001
  KTS_HOME=C:\Program Files\KTS
  KTS_VERSION=1.19c
  LOCALAPPDATA=C:\Users\cltbld.T-W864-IX-048.001\AppData\Local
  LOGONSERVER=\\T-W864-IX-048
  MONDIR=C:\Monitor_config\
  MOZBUILDDIR=C:\mozilla-build\
  NUMBER_OF_PROCESSORS=8
  OS=Windows_NT
  OURDRIVE=C:
  PATH=C:\Program Files (x86)\NVIDIA Corporation\PhysX\Common;C:\windows\system32;C:\windows;C:\windows\System32\Wbem;C:\windows\System32\WindowsPowerShell\v1.0\;C:\mozilla-build\python27;C:\mozilla-build\python27\Scripts;C:\mozilla-build\msys\bin;C:\mozilla-build\vim\vim72;C:\mozilla-build\wget;C:\mozilla-build\info-zip;C:\CoreUtils\bin;C:\mozilla-build\buildbotve\scripts;C:\mozilla-build\hg
  PATHEXT=.COM;.EXE;.BAT;.CMD;.VBS;.VBE;.JS;.JSE;.WSF;.WSH;.MSC
  PROCESSOR_ARCHITECTURE=x86
  PROCESSOR_ARCHITEW6432=AMD64
  PROCESSOR_IDENTIFIER=Intel64 Family 6 Model 30 Stepping 5, GenuineIntel
  PROCESSOR_LEVEL=6
  PROCESSOR_REVISION=1e05
  PROGRAMDATA=C:\ProgramData
  PROGRAMFILES=C:\Program Files (x86)
  PROGRAMFILES(X86)=C:\Program Files (x86)
  PROGRAMW6432=C:\Program Files
  PROMPT=$P$G
  PSMODULEPATH=C:\windows\system32\WindowsPowerShell\v1.0\Modules\
  PUBLIC=C:\Users\Public
  PWD=C:\slave\test
  RUNLOGFILE=C:\slave\\runslave.log
  SLAVEDIR=C:\slave\
  SYSTEMDRIVE=C:
  SYSTEMROOT=C:\windows
  TEMP=C:\Users\CLTBLD~1.001\AppData\Local\Temp
  TEST1=testie
  TMP=C:\Users\CLTBLD~1.001\AppData\Local\Temp
  USERDOMAIN=T-W864-IX-048
  USERDOMAIN_ROAMINGPROFILE=T-W864-IX-048
  USERNAME=cltbld
  USERPROFILE=C:\Users\cltbld.T-W864-IX-048.001
  WINDIR=C:\windows
 using PTY: False
2018-06-08 16:53:31,532 truncating revision to first 12 chars
2018-06-08 16:53:31,532 Setting DEBUG logging.
2018-06-08 16:53:31,532 attempt 1/10
2018-06-08 16:53:31,532 Getting archive location from https://api.pub.build.mozilla.org/archiver/hgmo/releases/mozilla-esr52/cbfdf01aac45?&preferred_region=us-west-2&suffix=tar.gz&subdir=testing/mozharness
2018-06-08 16:53:32,013 unpacking tar archive at: mozilla-esr52-cbfdf01aac45/testing/mozharness/
2018-06-08 16:53:32,927 skipping symlink on windows: configs/single_locale/linux32.py
program finished with exit code 0
elapsedTime=3.340000
========= master_lag: 0.19 =========
========= Finished 'bash -c ...' (results: 0, elapsed: 3 secs) (at 2018-06-08 16:53:33.792683) =========

========= Started set props: script_repo_revision (results: 0, elapsed: 0 secs) (at 2018-06-08 16:53:33.793013) =========
script_repo_revision: cbfdf01aac455e0591471201c96b89dee98190b5
========= Finished set props: script_repo_revision (results: 0, elapsed: 0 secs) (at 2018-06-08 16:53:33.793501) =========

========= Started downloading to oauth.txt (results: 0, elapsed: 0 secs) (at 2018-06-08 16:53:33.793801) =========
========= Finished downloading to oauth.txt (results: 0, elapsed: 0 secs) (at 2018-06-08 16:53:33.803660) =========

========= Started 'c:/mozilla-build/python27/python -u ...' interrupted (results: 4, elapsed: 4 mins, 22 secs) (at 2018-06-08 16:53:33.804026) =========
'c:/mozilla-build/python27/python' '-u' 'scripts/scripts/desktop_unittest.py' '--cfg' 'unittests/win_unittest.py' '--mochitest-suite' 'browser-chrome-chunked' '--e10s' '--total-chunks' '7' '--this-chunk' '4' '--blob-upload-branch' 'mozilla-esr52' '--download-symbols' 'true'
 in dir C:\slave\test\. (timeout 1800 secs) (maxTime 12000 secs)
 watching logfiles {}
 argv: ['c:/mozilla-build/python27/python', '-u', 'scripts/scripts/desktop_unittest.py', '--cfg', 'unittests/win_unittest.py', '--mochitest-suite', 'browser-chrome-chunked', '--e10s', '--total-chunks', '7', '--this-chunk', '4', '--blob-upload-branch', 'mozilla-esr52', '--download-symbols', 'true']
 environment:
  ALLUSERSPROFILE=C:\ProgramData
  APPDATA=C:\Users\cltbld.T-W864-IX-048.001\AppData\Roaming
  COMMONPROGRAMFILES=C:\Program Files (x86)\Common Files
  COMMONPROGRAMFILES(X86)=C:\Program Files (x86)\Common Files
  COMMONPROGRAMW6432=C:\Program Files\Common Files
  COMPUTERNAME=T-W864-IX-048
  COMSPEC=C:\windows\system32\cmd.exe
  DCLOCATION=SCL3
  DNSSUFFIX=wintest.releng.scl3.mozilla.com
  FP_NO_HOST_CHECK=NO
  HOMEDRIVE=C:
  HOMEPATH=\Users\cltbld.T-W864-IX-048.001
  KTS_HOME=C:\Program Files\KTS
  KTS_VERSION=1.19c
  LOCALAPPDATA=C:\Users\cltbld.T-W864-IX-048.001\AppData\Local
  LOGONSERVER=\\T-W864-IX-048
  MONDIR=C:\Monitor_config\
  MOZBUILDDIR=C:\mozilla-build\
  MOZ_CRASHREPORTER_NO_REPORT=1
  MOZ_HIDE_RESULTS_TABLE=1
  MOZ_NO_REMOTE=1
  NO_EM_RESTART=1
  NO_FAIL_ON_TEST_ERRORS=1
  NUMBER_OF_PROCESSORS=8
  OS=Windows_NT
  OURDRIVE=C:
  PATH=C:\Program Files (x86)\NVIDIA Corporation\PhysX\Common;C:\windows\system32;C:\windows;C:\windows\System32\Wbem;C:\windows\System32\WindowsPowerShell\v1.0\;C:\mozilla-build\python27;C:\mozilla-build\python27\Scripts;C:\mozilla-build\msys\bin;C:\mozilla-build\vim\vim72;C:\mozilla-build\wget;C:\mozilla-build\info-zip;C:\CoreUtils\bin;C:\mozilla-build\buildbotve\scripts;C:\mozilla-build\hg
  PATHEXT=.COM;.EXE;.BAT;.CMD;.VBS;.VBE;.JS;.JSE;.WSF;.WSH;.MSC
  PROCESSOR_ARCHITECTURE=x86
  PROCESSOR_ARCHITEW6432=AMD64
  PROCESSOR_IDENTIFIER=Intel64 Family 6 Model 30 Stepping 5, GenuineIntel
  PROCESSOR_LEVEL=6
  PROCESSOR_REVISION=1e05
  PROGRAMDATA=C:\ProgramData
  PROGRAMFILES=C:\Program Files (x86)
  PROGRAMFILES(X86)=C:\Program Files (x86)
  PROGRAMW6432=C:\Program Files
  PROMPT=$P$G
  PROPERTIES_FILE=C:\slave\test/buildprops.json
  PSMODULEPATH=C:\windows\system32\WindowsPowerShell\v1.0\Modules\
  PUBLIC=C:\Users\Public
  PWD=C:\slave\test
  RUNLOGFILE=C:\slave\\runslave.log
  SLAVEDIR=C:\slave\
  SYSTEMDRIVE=C:
  SYSTEMROOT=C:\windows
  TEMP=C:\Users\CLTBLD~1.001\AppData\Local\Temp
  TEST1=testie
  TMP=C:\Users\CLTBLD~1.001\AppData\Local\Temp
  USERDOMAIN=T-W864-IX-048
  USERDOMAIN_ROAMINGPROFILE=T-W864-IX-048
  USERNAME=cltbld
  USERPROFILE=C:\Users\cltbld.T-W864-IX-048.001
  WINDIR=C:\windows
  XPCOM_DEBUG_BREAK=warn
 using PTY: False
16:53:34     INFO - MultiFileLogger online at 20180608 16:53:34 in C:\slave\test
16:53:34     INFO - Run as scripts/scripts/desktop_unittest.py --cfg unittests/win_unittest.py --mochitest-suite browser-chrome-chunked --e10s --total-chunks 7 --this-chunk 4 --blob-upload-branch mozilla-esr52 --download-symbols true
16:53:34     INFO - Dumping config to C:\slave\test\logs\localconfig.json.
16:53:34     INFO - {'all_cppunittest_suites': {'cppunittest': ('tests/cppunittest',)},
16:53:34     INFO -  'all_gtest_suites': {'gtest': ()},
16:53:34     INFO -  'all_jittest_suites': {'jittest': ()},
16:53:34     INFO -  'all_mochitest_suites': {'a11y': ('--flavor=a11y',),
16:53:34     INFO -                           'browser-chrome': ('--flavor=browser',),
16:53:34     INFO -                           'browser-chrome-addons': ('--flavor=browser',
16:53:34     INFO -                                                     '--chunk-by-runtime',
16:53:34     INFO -                                                     '--tag=addons'),
16:53:34     INFO -                           'browser-chrome-chunked': ('--flavor=browser',
16:53:34     INFO -                                                      '--chunk-by-runtime'),
16:53:34     INFO -                           'browser-chrome-clipboard': ('--flavor=browser',
16:53:34     INFO -                                                        '--subsuite=clipboard'),
16:53:34     INFO -                           'browser-chrome-gpu': ('--flavor=browser',
16:53:34     INFO -                                                  '--subsuite=gpu'),
16:53:34     INFO -                           'browser-chrome-screenshots': ('--flavor=browser',
16:53:34     INFO -                                                          '--subsuite=screenshots'),
16:53:34     INFO -                           'chrome': ('--flavor=chrome',),
16:53:34     INFO -                           'chrome-chunked': ('--flavor=chrome',
16:53:34     INFO -                                              '--chunk-by-dir=4'),
16:53:34     INFO -                           'chrome-clipboard': ('--flavor=chrome',
16:53:34     INFO -                                                '--subsuite=clipboard'),
16:53:34     INFO -                           'chrome-gpu': ('--flavor=chrome', '--subsuite=gpu'),
16:53:34     INFO -                           'jetpack-addon': ('--flavor=jetpack-addon',),
16:53:34     INFO -                           'jetpack-package': ('--flavor=jetpack-package',),
16:53:34     INFO -                           'jetpack-package-clipboard': ('--flavor=jetpack-package',
16:53:34     INFO -                                                         '--subsuite=clipboard'),
16:53:34     INFO -                           'mochitest-devtools-chrome': ('--flavor=browser',
16:53:34     INFO -                                                         '--subsuite=devtools'),
16:53:34     INFO -                           'mochitest-devtools-chrome-chunked': ('--flavor=browser',
16:53:34     INFO -                                                                 '--subsuite=devtools',
16:53:34     INFO -                                                                 '--chunk-by-runtime'),
16:53:34     INFO -                           'mochitest-gl': ('--subsuite=webgl',),
16:53:34     INFO -                           'mochitest-media': ('--subsuite=media',),
16:53:34     INFO -                           'mochitest-metro-chrome': ('--flavor=browser',
16:53:34     INFO -                                                      '--metro-immersive'),
16:53:34     INFO -                           'plain': (),
16:53:34     INFO -                           'plain-chunked': ('--chunk-by-dir=4',),
16:53:34     INFO -                           'plain-clipboard': ('--subsuite=clipboard',),
16:53:34     INFO -                           'plain-gpu': ('--subsuite=gpu',)},
16:53:34     INFO -  'all_mozbase_suites': {'mozbase': ()},
16:53:34     INFO -  'all_reftest_suites': {'crashtest': {'options': ('--suite=crashtest',),
16:53:34     INFO -                                       'tests': ('tests/reftest/tests/testing/crashtest/crashtests.list',)},
16:53:34     INFO -                         'jsreftest': {'options': ('--extra-profile-file=tests/jsreftest/tests/user.js',),
16:53:34     INFO -                                       'tests': ('tests/jsreftest/tests/jstests.list',)},
16:53:34     INFO -                         'reftest': {'options': ('--suite=reftest',),
16:53:34     INFO -                                     'tests': ('tests/reftest/tests/layout/reftests/reftest.list',)},
16:53:34     INFO -                         'reftest-gpu': {'options': ('--suite=reftest',
16:53:34     INFO -                                                     '--setpref=layers.gpu-process.force-enabled=true'),
16:53:34     INFO -                                         'tests': ('tests/reftest/tests/layout/reftests/reftest.list',)},
16:53:34     INFO -                         'reftest-no-accel': {'options': ('--suite=reftest',
16:53:34     INFO -                                                          '--setpref=gfx.direct2d.disabled=true',
16:53:34     INFO -                                                          '--setpref=layers.acceleration.disabled=true'),
16:53:34     INFO -                                              'tests': ('tests/reftest/tests/layout/reftests/reftest.list',)}},
16:53:34     INFO -  'all_xpcshell_suites': {'xpcshell': {'options': ('--xpcshell=%(abs_app_dir)s/xpcshell.exe',
16:53:34     INFO -                                                   '--manifest=tests/xpcshell/tests/xpcshell.ini'),
16:53:34     INFO -                                       'tests': ()},
16:53:34     INFO -                          'xpcshell-addons': {'options': ('--xpcshell=%(abs_app_dir)s/xpcshell.exe',
16:53:34     INFO -                                                          '--tag=addons',
16:53:34     INFO -                                                          '--manifest=tests/xpcshell/tests/xpcshell.ini'),
16:53:34     INFO -                                              'tests': ()}},
16:53:34     INFO -  'allow_software_gl_layers': False,
16:53:34     INFO -  'append_to_log': False,
16:53:34     INFO -  'base_work_dir': 'C:\\slave\\test',
16:53:34     INFO -  'binary_path': 'C:\\slave\\test\\build\\application\\firefox\\firefox.exe',
16:53:34     INFO -  'blob_upload_branch': 'mozilla-esr52',
16:53:34     INFO -  'blob_uploader_auth_file': 'C:\\slave\\test\\oauth.txt',
16:53:34     INFO -  'buildbot_json_path': 'buildprops.json',
16:53:34     INFO -  'buildbot_max_log_size': 52428800,
16:53:34     INFO -  'code_coverage': False,
16:53:34     INFO -  'config_files': ('unittests/win_unittest.py',),
16:53:34     INFO -  'default_blob_upload_servers': ('https://blobupload.elasticbeanstalk.com',),
16:53:34     INFO -  'download_minidump_stackwalk': True,
16:53:34     INFO -  'download_nodejs': True,
16:53:34     INFO -  'download_symbols': 'true',
16:53:34     INFO -  'e10s': True,
16:53:34     INFO -  'exe_suffix': '.exe',
16:53:34     INFO -  'exes': {'hg': 'c:/mozilla-build/hg/hg',
16:53:34     INFO -           'mozinstall': ('C:\\slave\\test/build/venv/scripts/python',
16:53:34     INFO -                          'C:\\slave\\test/build/venv/scripts/mozinstall-script.py'),
16:53:34     INFO -           'python': 'c:\\mozilla-build\\python27\\python.exe',
16:53:34     INFO -           'tooltool.py': ('c:\\mozilla-build\\python27\\python.exe',
16:53:34     INFO -                           'C:/mozilla-build/tooltool.py'),
16:53:34     INFO -           'virtualenv': ('c:\\mozilla-build\\python27\\python.exe',
16:53:34     INFO -                          'c:/mozilla-build/buildbotve/virtualenv.py')},
16:53:34     INFO -  'find_links': ('http://pypi.pvt.build.mozilla.org/pub',
16:53:34     INFO -                 'http://pypi.pub.build.mozilla.org/pub'),
16:53:34     INFO -  'installer_path': 'C:\\slave\\test\\build\\installer.zip',
16:53:34     INFO -  'log_level': 'info',
16:53:34     INFO -  'log_to_console': True,
16:53:34     INFO -  'minidump_save_path': '%(abs_work_dir)s/../minidumps',
16:53:34     INFO -  'minidump_stackwalk_path': 'win32-minidump_stackwalk.exe',
16:53:34     INFO -  'minidump_tooltool_manifest_path': 'config/tooltool-manifests/win32/releng.manifest',
16:53:34     INFO -  'minimum_tests_zip_dirs': ('bin/*',
16:53:34     INFO -                             'certs/*',
16:53:34     INFO -                             'config/*',
16:53:34     INFO -                             'mach',
16:53:34     INFO -                             'marionette/*',
16:53:34     INFO -                             'modules/*',
16:53:34     INFO -                             'mozbase/*',
16:53:34     INFO -                             'tools/*'),
16:53:34     INFO -  'no_random': False,
16:53:34     INFO -  'nodejs_path': 'node-win32.exe',
16:53:34     INFO -  'nodejs_tooltool_manifest_path': 'config/tooltool-manifests/win32/nodejs.manifest',
16:53:34     INFO -  'opt_config_files': (),
16:53:34     INFO -  'pip_index': False,
16:53:34     INFO -  'preflight_run_cmd_suites': ({'architectures': ('32bit', '64bit'),
16:53:34     INFO -                                'cmd': ('xset', 's', 'off', 's', 'reset'),
16:53:34     INFO -                                'enabled': False,
16:53:34     INFO -                                'halt_on_failure': False,
16:53:34     INFO -                                'name': 'disable_screen_saver'},
16:53:34     INFO -                               {'architectures': ('32bit',),
16:53:34     INFO -                                'cmd': ('c:\\mozilla-build\\python27\\python.exe',
16:53:34     INFO -                                        '../scripts/external_tools/mouse_and_screen_resolution.py',
16:53:34     INFO -                                        '--configuration-file',
16:53:34     INFO -                                        '../scripts/external_tools/machine-configuration.json'),
16:53:34     INFO -                                'enabled': True,
16:53:34     INFO -                                'halt_on_failure': True,
16:53:34     INFO -                                'name': 'run mouse & screen adjustment script'}),
16:53:34     INFO -  'require_test_zip': True,
16:53:34     INFO -  'run_all_suites': False,
16:53:34     INFO -  'run_cmd_checks_enabled': True,
16:53:34     INFO -  'run_file_names': {'cppunittest': 'runcppunittests.py',
16:53:34     INFO -                     'gtest': 'rungtests.py',
16:53:34     INFO -                     'jittest': 'jit_test.py',
16:53:34     INFO -                     'mochitest': 'runtests.py',
16:53:34     INFO -                     'mozbase': 'test.py',
16:53:34     INFO -                     'mozmill': 'runtestlist.py',
16:53:34     INFO -                     'reftest': 'runreftest.py',
16:53:34     INFO -                     'xpcshell': 'runxpcshelltests.py'},
16:53:34     INFO -  'specific_tests_zip_dirs': {'cppunittest': ('cppunittest/*',),
16:53:34     INFO -                              'gtest': ('gtest/*',),
16:53:34     INFO -                              'jittest': ('jit-test/*',),
16:53:34     INFO -                              'mochitest': ('mochitest/*',),
16:53:34     INFO -                              'mozbase': ('mozbase/*',),
16:53:34     INFO -                              'mozmill': ('mozmill/*',),
16:53:34     INFO -                              'reftest': ('reftest/*', 'jsreftest/*'),
16:53:34     INFO -                              'xpcshell': ('xpcshell/*',)},
16:53:34     INFO -  'specified_mochitest_suites': ('browser-chrome-chunked',),
16:53:34     INFO -  'strict_content_sandbox': False,
16:53:34     INFO -  'suite_definitions': {'cppunittest': {'options': ('--symbols-path=%(symbols_path)s',
16:53:34     INFO -                                                    '--xre-path=%(abs_app_dir)s'),
16:53:34     INFO -                                        'run_filename': 'runcppunittests.py',
16:53:34     INFO -                                        'testsdir': 'cppunittest'},
16:53:34     INFO -                        'gtest': {'options': ('--xre-path=%(abs_res_dir)s',
16:53:34     INFO -                                              '--cwd=%(gtest_dir)s',
16:53:34     INFO -                                              '--symbols-path=%(symbols_path)s',
16:53:34     INFO -                                              '--utility-path=tests/bin',
16:53:34     INFO -                                              '%(binary_path)s'),
16:53:34     INFO -                                  'run_filename': 'rungtests.py'},
16:53:34     INFO -                        'jittest': {'options': ('tests/bin/js',
16:53:34     INFO -                                                '--no-slow',
16:53:34     INFO -                                                '--no-progress',
16:53:34     INFO -                                                '--format=automation',
16:53:34     INFO -                                                '--jitflags=all',
16:53:34     INFO -                                                '--timeout=970'),
16:53:34     INFO -                                    'run_filename': 'jit_test.py',
16:53:34     INFO -                                    'run_timeout': 1000,
16:53:34     INFO -                                    'testsdir': 'jit-test/jit-test'},
16:53:34     INFO -                        'mochitest': {'options': ('--appname=%(binary_path)s',
16:53:34     INFO -                                                  '--utility-path=tests/bin',
16:53:34     INFO -                                                  '--extra-profile-file=tests/bin/plugins',
16:53:34     INFO -                                                  '--symbols-path=%(symbols_path)s',
16:53:34     INFO -                                                  '--certificate-path=tests/certs',
16:53:34     INFO -                                                  '--quiet',
16:53:34     INFO -                                                  '--log-raw=%(raw_log_file)s',
16:53:34     INFO -                                                  '--log-errorsummary=%(error_summary_file)s',
16:53:34     INFO -                                                  '--screenshot-on-fail',
16:53:34     INFO -                                                  '--cleanup-crashes'),
16:53:34     INFO -                                      'run_filename': 'runtests.py',
16:53:34     INFO -                                      'testsdir': 'mochitest'},
16:53:34     INFO -                        'mozbase': {'options': ('-b', '%(binary_path)s'),
16:53:34     INFO -                                    'run_filename': 'test.py',
16:53:34     INFO -                                    'testsdir': 'mozbase'},
16:53:34     INFO -                        'mozmill': {'options': ('--binary=%(binary_path)s',
16:53:34     INFO -                                                '--testing-modules-dir=test/modules',
16:53:34     INFO -                                                '--plugins-path=%(test_plugin_path)s',
16:53:34     INFO -                                                '--symbols-path=%(symbols_path)s'),
16:53:34     INFO -                                    'run_filename': 'runtestlist.py',
16:53:34     INFO -                                    'testsdir': 'mozmill'},
16:53:34     INFO -                        'reftest': {'options': ('--appname=%(binary_path)s',
16:53:34     INFO -                                                '--utility-path=tests/bin',
16:53:34     INFO -                                                '--extra-profile-file=tests/bin/plugins',
16:53:34     INFO -                                                '--symbols-path=%(symbols_path)s',
16:53:34     INFO -                                                '--log-raw=%(raw_log_file)s',
16:53:34     INFO -                                                '--log-errorsummary=%(error_summary_file)s',
16:53:34     INFO -                                                '--cleanup-crashes'),
16:53:34     INFO -                                    'run_filename': 'runreftest.py',
16:53:34     INFO -                                    'testsdir': 'reftest'},
16:53:34     INFO -                        'xpcshell': {'options': ('--symbols-path=%(symbols_path)s',
16:53:34     INFO -                                                 '--test-plugin-path=%(test_plugin_path)s',
16:53:34     INFO -                                                 '--log-raw=%(raw_log_file)s',
16:53:34     INFO -                                                 '--log-errorsummary=%(error_summary_file)s',
16:53:34     INFO -                                                 '--utility-path=tests/bin'),
16:53:34     INFO -                                     'run_filename': 'runxpcshelltests.py',
16:53:34     INFO -                                     'testsdir': 'xpcshell'}},
16:53:34     INFO -  'this_chunk': '4',
16:53:34     INFO -  'total_chunks': '7',
16:53:34     INFO -  'unstructured_flavors': {'cppunittest': (),
16:53:34     INFO -                           'gtest': (),
16:53:34     INFO -                           'jittest': (),
16:53:34     INFO -                           'mochitest': ('jetpack',),
16:53:34     INFO -                           'mozbase': (),
16:53:34     INFO -                           'mozmill': (),
16:53:34     INFO -                           'xpcshell': ()},
16:53:34     INFO -  'vcs_output_timeout': 1000,
16:53:34     INFO -  'virtualenv_modules': ('pypiwin32', 'six==1.10.0', 'vcversioner==2.16.0.0'),
16:53:34     INFO -  'virtualenv_path': 'venv',
16:53:34     INFO -  'virtualenv_python_dll': 'c:\\mozilla-build\\python27\\python27.dll',
16:53:34     INFO -  'volatile_config': {'actions': None, 'add_actions': None, 'no_actions': None},
16:53:34     INFO -  'work_dir': 'build',
16:53:34     INFO -  'xpcshell_name': 'xpcshell.exe'}
16:53:34     INFO - [mozharness: 2018-06-08 23:53:34.884000Z] Running clobber step.
16:53:34     INFO - Running pre-action listener: _resource_record_pre_action
16:53:34     INFO - Running main action method: clobber
16:53:34     INFO - rmtree: C:\slave\test\build
16:53:34     INFO - Using _rmtree_windows ...
16:53:34     INFO - retry: Calling _rmtree_windows with args: ('C:\\slave\\test\\build',), kwargs: {}, attempt #1
16:55:27     INFO - Running post-action listener: _resource_record_post_action
16:55:27     INFO - [mozharness: 2018-06-08 23:55:27.029000Z] Finished clobber step (success)
16:55:27     INFO - [mozharness: 2018-06-08 23:55:27.029000Z] Running read-buildbot-config step.
16:55:27     INFO - Running pre-action listener: _resource_record_pre_action
16:55:27     INFO - Running main action method: read_buildbot_config
16:55:27     INFO - Using buildbot properties:
16:55:27     INFO - {
16:55:27     INFO -     "project": "", 
16:55:27     INFO -     "product": "firefox", 
16:55:27     INFO -     "script_repo_revision": "production", 
16:55:27     INFO -     "scheduler": "tests-mozilla-esr52-win8_64-debug-unittest", 
16:55:27     INFO -     "repository": "", 
16:55:27     INFO -     "buildername": "Windows 8 64-bit mozilla-esr52 debug test mochitest-e10s-browser-chrome-4", 
16:55:27     INFO -     "buildid": "20180608150819", 
16:55:27     INFO -     "pgo_build": "False", 
16:55:27     INFO -     "basedir": "C:\\slave\\test", 
16:55:27     INFO -     "buildnumber": 2, 
16:55:27     INFO -     "slavename": "t-w864-ix-048", 
16:55:27     INFO -     "revision": "cbfdf01aac455e0591471201c96b89dee98190b5", 
16:55:27     INFO -     "master": "http://buildbot-master109.bb.releng.scl3.mozilla.com:8201/", 
16:55:27     INFO -     "platform": "win64", 
16:55:27     INFO -     "branch": "mozilla-esr52", 
16:55:27     INFO -     "repo_path": "releases/mozilla-esr52", 
16:55:27     INFO -     "moz_repo_path": "", 
16:55:27     INFO -     "stage_platform": "win64", 
16:55:27     INFO -     "builduid": "b298b373e93d4f8dbf92436c9ed838a2", 
16:55:27     INFO -     "slavebuilddir": "test"
16:55:27     INFO - }
16:55:27     INFO - Found a test packages url https://queue.taskcluster.net/v1/task/GYm6uScDR968YNKAqw8dYQ/artifacts/public/build/firefox-52.8.2.en-US.win64.test_packages.json.
16:55:27     INFO - Found installer url https://queue.taskcluster.net/v1/task/GYm6uScDR968YNKAqw8dYQ/artifacts/public/build/firefox-52.8.2.en-US.win64.zip.
16:55:27     INFO - Running post-action listener: _resource_record_post_action
16:55:27     INFO - [mozharness: 2018-06-08 23:55:27.032000Z] Finished read-buildbot-config step (success)
16:55:27     INFO - [mozharness: 2018-06-08 23:55:27.033000Z] Running download-and-extract step.
16:55:27     INFO - Running pre-action listener: _pre_download_and_extract
16:55:27  WARNING - Try message not found.
16:55:27     INFO - Running pre-action listener: _resource_record_pre_action
16:55:27     INFO - Running main action method: download_and_extract
16:55:27     INFO - mkdir: C:\slave\test\build\tests
16:55:27     INFO - Downloading https://queue.taskcluster.net/v1/task/GYm6uScDR968YNKAqw8dYQ/artifacts/public/build/firefox-52.8.2.en-US.win64.test_packages.json to C:\slave\test\build\firefox-52.8.2.en-US.win64.test_packages.json
16:55:27     INFO - retry: Calling _download_file with args: (), kwargs: {'url': 'https://queue.taskcluster.net/v1/task/GYm6uScDR968YNKAqw8dYQ/artifacts/public/build/firefox-52.8.2.en-US.win64.test_packages.json', 'file_name': 'C:\\slave\\test\\build\\firefox-52.8.2.en-US.win64.test_packages.json'}, attempt #1
16:55:27     INFO - Downloaded 1274 bytes.
16:55:27     INFO - Reading from file C:\slave\test\build\firefox-52.8.2.en-US.win64.test_packages.json
16:55:27     INFO - Using the following test package requirements:
16:55:27     INFO - {u'common': [u'firefox-52.8.2.en-US.win64.common.tests.zip'],
16:55:27     INFO -  u'cppunittest': [u'firefox-52.8.2.en-US.win64.common.tests.zip',
16:55:27     INFO -                   u'firefox-52.8.2.en-US.win64.cppunittest.tests.zip'],
16:55:27     INFO -  u'gtest': [u'firefox-52.8.2.en-US.win64.common.tests.zip',
16:55:27     INFO -             u'firefox-52.8.2.en-US.win64.gtest.tests.zip'],
16:55:27     INFO -  u'jittest': [u'firefox-52.8.2.en-US.win64.common.tests.zip',
16:55:27     INFO -               u'jsshell-win64.zip'],
16:55:27     INFO -  u'mochitest': [u'firefox-52.8.2.en-US.win64.common.tests.zip',
16:55:27     INFO -                 u'firefox-52.8.2.en-US.win64.mochitest.tests.zip'],
16:55:27     INFO -  u'mozbase': [u'firefox-52.8.2.en-US.win64.common.tests.zip'],
16:55:27     INFO -  u'reftest': [u'firefox-52.8.2.en-US.win64.common.tests.zip',
16:55:27     INFO -               u'firefox-52.8.2.en-US.win64.reftest.tests.zip'],
16:55:27     INFO -  u'talos': [u'firefox-52.8.2.en-US.win64.common.tests.zip',
16:55:27     INFO -             u'firefox-52.8.2.en-US.win64.talos.tests.zip'],
16:55:27     INFO -  u'web-platform': [u'firefox-52.8.2.en-US.win64.common.tests.zip',
16:55:27     INFO -                    u'firefox-52.8.2.en-US.win64.web-platform.tests.zip'],
16:55:27     INFO -  u'xpcshell': [u'firefox-52.8.2.en-US.win64.common.tests.zip',
16:55:27     INFO -                u'firefox-52.8.2.en-US.win64.xpcshell.tests.zip']}
16:55:27     INFO - Downloading packages: [u'firefox-52.8.2.en-US.win64.common.tests.zip', u'firefox-52.8.2.en-US.win64.mochitest.tests.zip'] for test suite category: mochitest
16:55:27     INFO - Adding 'mozinfo.json' for extraction from common.tests zip file
16:55:27     INFO - Downloading and extracting to C:\slave\test\build\tests these dirs bin/*, certs/*, config/*, mach, marionette/*, modules/*, mozbase/*, tools/*, mochitest/*, mozinfo.json from https://queue.taskcluster.net/v1/task/GYm6uScDR968YNKAqw8dYQ/artifacts/public/build/firefox-52.8.2.en-US.win64.common.tests.zip
16:55:27     INFO - retry: Calling fetch_url_into_memory with args: (), kwargs: {'url': u'https://queue.taskcluster.net/v1/task/GYm6uScDR968YNKAqw8dYQ/artifacts/public/build/firefox-52.8.2.en-US.win64.common.tests.zip'}, attempt #1
16:55:27     INFO - Fetch https://queue.taskcluster.net/v1/task/GYm6uScDR968YNKAqw8dYQ/artifacts/public/build/firefox-52.8.2.en-US.win64.common.tests.zip into memory
16:55:28     INFO - Http code: 200
16:55:28     INFO - via: 1.1 8e86372eaaa62fc64b70e7bcde725dd9.cloudfront.net (CloudFront)
16:55:28     INFO - x-amz-cf-id: jFFNICEk-plN8HCcNL1JkYgiBBVASsDAum7vC868WMr_0Gc-jgkCug==
16:55:28     INFO - x-amz-version-id: GXeUmcedjVSRuTwtJsxXIwtE5wM89o3K
16:55:28     INFO - Expected file size: 19457836
16:55:28     INFO - Obtained file size: 19457836
16:55:29     INFO - Downloading and extracting to C:\slave\test\build\tests these dirs bin/*, certs/*, config/*, mach, marionette/*, modules/*, mozbase/*, tools/*, mochitest/*, mozinfo.json from https://queue.taskcluster.net/v1/task/GYm6uScDR968YNKAqw8dYQ/artifacts/public/build/firefox-52.8.2.en-US.win64.mochitest.tests.zip
16:55:29     INFO - retry: Calling fetch_url_into_memory with args: (), kwargs: {'url': u'https://queue.taskcluster.net/v1/task/GYm6uScDR968YNKAqw8dYQ/artifacts/public/build/firefox-52.8.2.en-US.win64.mochitest.tests.zip'}, attempt #1
16:55:29     INFO - Fetch https://queue.taskcluster.net/v1/task/GYm6uScDR968YNKAqw8dYQ/artifacts/public/build/firefox-52.8.2.en-US.win64.mochitest.tests.zip into memory
16:55:30     INFO - Http code: 200
16:55:30     INFO - via: 1.1 81871f1c889cc44b6c25e3ef722a3801.cloudfront.net (CloudFront)
16:55:30     INFO - x-amz-cf-id: cQY-LC9qNjgL_UrXoB1RKQndEHAqNT8xSfD4nRlbRwC80U3hXJkLaw==
16:55:30     INFO - x-amz-version-id: 90q47elmzbjFmkKw0cm_iNTsC63y1Jva
16:55:31     INFO - Expected file size: 80506284
16:55:31     INFO - Obtained file size: 80506284
16:56:27     INFO - Downloading https://queue.taskcluster.net/v1/task/GYm6uScDR968YNKAqw8dYQ/artifacts/public/build/firefox-52.8.2.en-US.win64.zip to C:\slave\test\build\installer.zip
16:56:27     INFO - retry: Calling _download_file with args: (), kwargs: {'url': 'https://queue.taskcluster.net/v1/task/GYm6uScDR968YNKAqw8dYQ/artifacts/public/build/firefox-52.8.2.en-US.win64.zip', 'file_name': 'C:\\slave\\test\\build\\installer.zip'}, attempt #1
16:56:28     INFO - Downloaded 80512976 bytes.
16:56:28     INFO - Setting buildbot property build_url to https://queue.taskcluster.net/v1/task/GYm6uScDR968YNKAqw8dYQ/artifacts/public/build/firefox-52.8.2.en-US.win64.zip
16:56:28     INFO - mkdir: C:\slave\test\properties
16:56:28     INFO - Writing buildbot properties ['build_url'] to C:\slave\test\properties\build_url
16:56:28     INFO - Writing to file C:\slave\test\properties\build_url
16:56:28     INFO - Contents:
16:56:28     INFO -  build_url:https://queue.taskcluster.net/v1/task/GYm6uScDR968YNKAqw8dYQ/artifacts/public/build/firefox-52.8.2.en-US.win64.zip
16:56:28     INFO - retry: Calling query_symbols_url with args: (), kwargs: {'raise_on_failure': True}, attempt #1
16:56:29     INFO - Setting buildbot property symbols_url to https://queue.taskcluster.net/v1/task/GYm6uScDR968YNKAqw8dYQ/artifacts/public/build/firefox-52.8.2.en-US.win64.crashreporter-symbols.zip
16:56:29     INFO - Writing buildbot properties ['symbols_url'] to C:\slave\test\properties\symbols_url
16:56:29     INFO - Writing to file C:\slave\test\properties\symbols_url
16:56:29     INFO - Contents:
16:56:29     INFO -  symbols_url:https://queue.taskcluster.net/v1/task/GYm6uScDR968YNKAqw8dYQ/artifacts/public/build/firefox-52.8.2.en-US.win64.crashreporter-symbols.zip
16:56:29     INFO - Downloading and extracting to C:\slave\test\build\symbols these dirs * from https://queue.taskcluster.net/v1/task/GYm6uScDR968YNKAqw8dYQ/artifacts/public/build/firefox-52.8.2.en-US.win64.crashreporter-symbols.zip
16:56:29     INFO - retry: Calling fetch_url_into_memory with args: (), kwargs: {'url': 'https://queue.taskcluster.net/v1/task/GYm6uScDR968YNKAqw8dYQ/artifacts/public/build/firefox-52.8.2.en-US.win64.crashreporter-symbols.zip'}, attempt #1
16:56:29     INFO - Fetch https://queue.taskcluster.net/v1/task/GYm6uScDR968YNKAqw8dYQ/artifacts/public/build/firefox-52.8.2.en-US.win64.crashreporter-symbols.zip into memory
16:56:30     INFO - Http code: 200
16:56:30     INFO - via: 1.1 0576b942ae9f4fc9c0b62b0736e9bfd6.cloudfront.net (CloudFront)
16:56:30     INFO - x-amz-cf-id: J9lKZ-ES8QeGHGwZ4m8tEOH40RXpaA2f3ciuNzJ6xPnCaV0sHBbujg==
16:56:30     INFO - x-amz-version-id: ulFZQ.LhR2x4mniqg2Yz5MgvXQwj83dP
16:56:30     INFO - Expected file size: 55003726
16:56:30     INFO - Obtained file size: 55003726
16:56:36     INFO - Running post-action listener: _resource_record_post_action
16:56:36     INFO - Running post-action listener: set_extra_try_arguments
16:56:36     INFO - [mozharness: 2018-06-08 23:56:36.941000Z] Finished download-and-extract step (success)
16:56:36     INFO - [mozharness: 2018-06-08 23:56:36.941000Z] Running create-virtualenv step.
16:56:36     INFO - Running pre-action listener: _install_mozbase
16:56:36     INFO - Running pre-action listener: _pre_create_virtualenv
16:56:36     INFO - Running pre-action listener: _resource_record_pre_action
16:56:36     INFO - Running main action method: create_virtualenv
16:56:36     INFO - Creating virtualenv C:\slave\test\build\venv
16:56:36     INFO - Running command: ['c:\\mozilla-build\\python27\\python.exe', 'C:\\slave\\test\\scripts\\external_tools\\virtualenv\\virtualenv.py', '--always-copy', 'C:\\slave\\test\\build\\venv'] in C:\slave\test\build
16:56:36     INFO - Copy/paste: c:\mozilla-build\python27\python.exe C:\slave\test\scripts\external_tools\virtualenv\virtualenv.py --always-copy C:\slave\test\build\venv
16:56:36     INFO - Using partial env: {'VIRTUALENV_NO_DOWNLOAD': '1'}
16:56:41     INFO -  New python executable in C:\slave\test\build\venv\Scripts\python.exe
16:56:51     INFO -  Installing setuptools, pip, wheel...done.
16:56:51     INFO - Return code: 0
16:56:51     INFO - Installing pypiwin32 into virtualenv C:\slave\test\build\venv
16:56:51     INFO - retry: Calling run_command with args: [['C:\\slave\\test\\build\\venv\\Scripts\\pip', 'install', '--timeout', '120', '--no-index', '--find-links', 'http://pypi.pvt.build.mozilla.org/pub', '--find-links', 'http://pypi.pub.build.mozilla.org/pub', '--trusted-host', 'pypi.pub.build.mozilla.org', '--trusted-host', 'pypi.pvt.build.mozilla.org', 'pypiwin32']], kwargs: {'error_level': 'warning', 'error_list': [{'substr': 'not found or a compiler error:', 'level': 'warning'}, {'regex': <_sre.SRE_Pattern object at 0x022823A0>, 'level': 'error'}, {'regex': <_sre.SRE_Pattern object at 0x0237A020>, 'level': 'warning'}, {'regex': <_sre.SRE_Pattern object at 0x022E2510>, 'level': 'debug'}, {'substr': 'command not found', 'level': 'error'}, {'regex': <_sre.SRE_Pattern object at 0x0232D758>, 'level': 'warning'}, {'substr': 'Traceback (most recent call last)', 'level': 'error'}, {'substr': 'SyntaxError: ', 'level': 'error'}, {'substr': 'TypeError: ', 'level': 'error'}, {'substr': 'NameError: ', 'level': 'error'}, {'substr': 'ZeroDivisionError: ', 'level': 'error'}, {'regex': <_sre.SRE_Pattern object at 0x01CEAB20>, 'level': 'critical'}, {'regex': <_sre.SRE_Pattern object at 0x0234A660>, 'level': 'critical'}], 'cwd': 'C:\\slave\\test\\build', 'env': {'TMP': 'C:\\Users\\CLTBLD~1.001\\AppData\\Local\\Temp', 'TEST1': 'testie', 'COMPUTERNAME': 'T-W864-IX-048', 'USERDOMAIN': 'T-W864-IX-048', 'KTS_VERSION': '1.19c', 'PSMODULEPATH': 'C:\\windows\\system32\\WindowsPowerShell\\v1.0\\Modules\\', 'COMMONPROGRAMFILES': 'C:\\Program Files (x86)\\Common Files', 'PROCESSOR_IDENTIFIER': 'Intel64 Family 6 Model 30 Stepping 5, GenuineIntel', 'PROGRAMFILES': 'C:\\Program Files (x86)', 'PROCESSOR_REVISION': '1e05', 'DNSSUFFIX': 'wintest.releng.scl3.mozilla.com', 'SYSTEMROOT': 'C:\\windows', 'NO_EM_RESTART': '1', 'PROGRAMFILES(X86)': 'C:\\Program Files (x86)', 'OURDRIVE': 'C:', 'MOZ_HIDE_RESULTS_TABLE': '1', 'XPCOM_DEBUG_BREAK': 'warn', 'MONDIR': 'C:\\Monitor_config\\', 'TEMP': 'C:\\Users\\CLTBLD~1.001\\AppData\\Local\\Temp', 'COMMONPROGRAMFILES(X86)': 'C:\\Program Files (x86)\\Common Files', 'RUNLOGFILE': 'C:\\slave\\\\runslave.log', 'PROCESSOR_ARCHITECTURE': 'x86', 'ALLUSERSPROFILE': 'C:\\ProgramData', 'USERPROFILE': 'C:\\Users\\cltbld.T-W864-IX-048.001', 'LOCALAPPDATA': 'C:\\Users\\cltbld.T-W864-IX-048.001\\AppData\\Local', 'HOMEPATH': '\\Users\\cltbld.T-W864-IX-048.001', 'USERDOMAIN_ROAMINGPROFILE': 'T-W864-IX-048', 'MOZBUILDDIR': 'C:\\mozilla-build\\', 'PROGRAMW6432': 'C:\\Program Files', 'USERNAME': 'cltbld', 'LOGONSERVER': '\\\\T-W864-IX-048', 'MOZ_NO_REMOTE': '1', 'COMSPEC': 'C:\\windows\\system32\\cmd.exe', 'PROGRAMDATA': 'C:\\ProgramData', 'PROPERTIES_FILE': 'C:\\slave\\test/buildprops.json', 'PATH': 'C:\\Program Files (x86)\\NVIDIA Corporation\\PhysX\\Common;C:\\windows\\system32;C:\\windows;C:\\windows\\System32\\Wbem;C:\\windows\\System32\\WindowsPowerShell\\v1.0\\;C:\\mozilla-build\\python27;C:\\mozilla-build\\python27\\Scripts;C:\\mozilla-build\\msys\\bin;C:\\mozilla-build\\vim\\vim72;C:\\mozilla-build\\wget;C:\\mozilla-build\\info-zip;C:\\CoreUtils\\bin;C:\\mozilla-build\\buildbotve\\scripts;C:\\mozilla-build\\hg', 'PROMPT': '$P$G', 'NO_FAIL_ON_TEST_ERRORS': '1', 'PATHEXT': '.COM;.EXE;.BAT;.CMD;.VBS;.VBE;.JS;.JSE;.WSF;.WSH;.MSC', 'FP_NO_HOST_CHECK': 'NO', 'DCLOCATION': 'SCL3', 'APPDATA': 'C:\\Users\\cltbld.T-W864-IX-048.001\\AppData\\Roaming', 'HOMEDRIVE': 'C:', 'SYSTEMDRIVE': 'C:', 'SLAVEDIR': 'C:\\slave\\', 'NUMBER_OF_PROCESSORS': '8', 'PWD': 'C:\\slave\\test', 'PROCESSOR_LEVEL': '6', 'KTS_HOME': 'C:\\Program Files\\KTS', 'PROCESSOR_ARCHITEW6432': 'AMD64', 'MOZ_CRASHREPORTER_NO_REPORT': '1', 'COMMONPROGRAMW6432': 'C:\\Program Files\\Common Files', 'OS': 'Windows_NT', 'PUBLIC': 'C:\\Users\\Public', 'WINDIR': 'C:\\windows'}}, attempt #1
16:56:51     INFO - Running command: ['C:\\slave\\test\\build\\venv\\Scripts\\pip', 'install', '--timeout', '120', '--no-index', '--find-links', 'http://pypi.pvt.build.mozilla.org/pub', '--find-links', 'http://pypi.pub.build.mozilla.org/pub', '--trusted-host', 'pypi.pub.build.mozilla.org', '--trusted-host', 'pypi.pvt.build.mozilla.org', 'pypiwin32'] in C:\slave\test\build
16:56:51     INFO - Copy/paste: C:\slave\test\build\venv\Scripts\pip install --timeout 120 --no-index --find-links http://pypi.pvt.build.mozilla.org/pub --find-links http://pypi.pub.build.mozilla.org/pub --trusted-host pypi.pub.build.mozilla.org --trusted-host pypi.pvt.build.mozilla.org pypiwin32
16:56:51     INFO - Using env: {'ALLUSERSPROFILE': 'C:\\ProgramData',
16:56:51     INFO -  'APPDATA': 'C:\\Users\\cltbld.T-W864-IX-048.001\\AppData\\Roaming',
16:56:51     INFO -  'COMMONPROGRAMFILES': 'C:\\Program Files (x86)\\Common Files',
16:56:51     INFO -  'COMMONPROGRAMFILES(X86)': 'C:\\Program Files (x86)\\Common Files',
16:56:51     INFO -  'COMMONPROGRAMW6432': 'C:\\Program Files\\Common Files',
16:56:51     INFO -  'COMPUTERNAME': 'T-W864-IX-048',
16:56:51     INFO -  'COMSPEC': 'C:\\windows\\system32\\cmd.exe',
16:56:51     INFO -  'DCLOCATION': 'SCL3',
16:56:51     INFO -  'DNSSUFFIX': 'wintest.releng.scl3.mozilla.com',
16:56:51     INFO -  'FP_NO_HOST_CHECK': 'NO',
16:56:51     INFO -  'HOMEDRIVE': 'C:',
16:56:51     INFO -  'HOMEPATH': '\\Users\\cltbld.T-W864-IX-048.001',
16:56:51     INFO -  'KTS_HOME': 'C:\\Program Files\\KTS',
16:56:51     INFO -  'KTS_VERSION': '1.19c',
16:56:51     INFO -  'LOCALAPPDATA': 'C:\\Users\\cltbld.T-W864-IX-048.001\\AppData\\Local',
16:56:51     INFO -  'LOGONSERVER': '\\\\T-W864-IX-048',
16:56:51     INFO -  'MONDIR': 'C:\\Monitor_config\\',
16:56:51     INFO -  'MOZBUILDDIR': 'C:\\mozilla-build\\',
16:56:51     INFO -  'MOZ_CRASHREPORTER_NO_REPORT': '1',
16:56:51     INFO -  'MOZ_HIDE_RESULTS_TABLE': '1',
16:56:51     INFO -  'MOZ_NO_REMOTE': '1',
16:56:51     INFO -  'NO_EM_RESTART': '1',
16:56:51     INFO -  'NO_FAIL_ON_TEST_ERRORS': '1',
16:56:51     INFO -  'NUMBER_OF_PROCESSORS': '8',
16:56:51     INFO -  'OS': 'Windows_NT',
16:56:51     INFO -  'OURDRIVE': 'C:',
16:56:51     INFO -  'PATH': 'C:\\Program Files (x86)\\NVIDIA Corporation\\PhysX\\Common;C:\\windows\\system32;C:\\windows;C:\\windows\\System32\\Wbem;C:\\windows\\System32\\WindowsPowerShell\\v1.0\\;C:\\mozilla-build\\python27;C:\\mozilla-build\\python27\\Scripts;C:\\mozilla-build\\msys\\bin;C:\\mozilla-build\\vim\\vim72;C:\\mozilla-build\\wget;C:\\mozilla-build\\info-zip;C:\\CoreUtils\\bin;C:\\mozilla-build\\buildbotve\\scripts;C:\\mozilla-build\\hg',
16:56:51     INFO -  'PATHEXT': '.COM;.EXE;.BAT;.CMD;.VBS;.VBE;.JS;.JSE;.WSF;.WSH;.MSC',
16:56:51     INFO -  'PROCESSOR_ARCHITECTURE': 'x86',
16:56:51     INFO -  'PROCESSOR_ARCHITEW6432': 'AMD64',
16:56:51     INFO -  'PROCESSOR_IDENTIFIER': 'Intel64 Family 6 Model 30 Stepping 5, GenuineIntel',
16:56:51     INFO -  'PROCESSOR_LEVEL': '6',
16:56:51     INFO -  'PROCESSOR_REVISION': '1e05',
16:56:51     INFO -  'PROGRAMDATA': 'C:\\ProgramData',
16:56:51     INFO -  'PROGRAMFILES': 'C:\\Program Files (x86)',
16:56:51     INFO -  'PROGRAMFILES(X86)': 'C:\\Program Files (x86)',
16:56:51     INFO -  'PROGRAMW6432': 'C:\\Program Files',
16:56:51     INFO -  'PROMPT': '$P$G',
16:56:51     INFO -  'PROPERTIES_FILE': 'C:\\slave\\test/buildprops.json',
16:56:51     INFO -  'PSMODULEPATH': 'C:\\windows\\system32\\WindowsPowerShell\\v1.0\\Modules\\',
16:56:51     INFO -  'PUBLIC': 'C:\\Users\\Public',
16:56:51     INFO -  'PWD': 'C:\\slave\\test',
16:56:51     INFO -  'RUNLOGFILE': 'C:\\slave\\\\runslave.log',
16:56:51     INFO -  'SLAVEDIR': 'C:\\slave\\',
16:56:51     INFO -  'SYSTEMDRIVE': 'C:',
16:56:51     INFO -  'SYSTEMROOT': 'C:\\windows',
16:56:51     INFO -  'TEMP': 'C:\\Users\\CLTBLD~1.001\\AppData\\Local\\Temp',
16:56:51     INFO -  'TEST1': 'testie',
16:56:51     INFO -  'TMP': 'C:\\Users\\CLTBLD~1.001\\AppData\\Local\\Temp',
16:56:51     INFO -  'USERDOMAIN': 'T-W864-IX-048',
16:56:51     INFO -  'USERDOMAIN_ROAMINGPROFILE': 'T-W864-IX-048',
16:56:51     INFO -  'USERNAME': 'cltbld',
16:56:51     INFO -  'USERPROFILE': 'C:\\Users\\cltbld.T-W864-IX-048.001',
16:56:51     INFO -  'WINDIR': 'C:\\windows',
16:56:51     INFO -  'XPCOM_DEBUG_BREAK': 'warn'}
16:56:51     INFO -  Ignoring indexes: https://pypi.python.org/simple
16:56:51     INFO -  Collecting pypiwin32
16:56:53     INFO -    Downloading http://pypi.pvt.build.mozilla.org/pub/pypiwin32-219-cp27-none-win32.whl (6.7MB)
16:56:53     INFO -  Installing collected packages: pypiwin32
16:56:55     INFO -  Successfully installed pypiwin32-219
16:57:01     INFO - Return code: 0
16:57:01     INFO - Installing six==1.10.0 into virtualenv C:\slave\test\build\venv
16:57:01     INFO - retry: Calling run_command with args: [['C:\\slave\\test\\build\\venv\\Scripts\\pip', 'install', '--timeout', '120', '--no-index', '--find-links', 'http://pypi.pvt.build.mozilla.org/pub', '--find-links', 'http://pypi.pub.build.mozilla.org/pub', '--trusted-host', 'pypi.pub.build.mozilla.org', '--trusted-host', 'pypi.pvt.build.mozilla.org', 'six==1.10.0']], kwargs: {'error_level': 'warning', 'error_list': [{'substr': 'not found or a compiler error:', 'level': 'warning'}, {'regex': <_sre.SRE_Pattern object at 0x022823A0>, 'level': 'error'}, {'regex': <_sre.SRE_Pattern object at 0x0237A020>, 'level': 'warning'}, {'regex': <_sre.SRE_Pattern object at 0x022E2510>, 'level': 'debug'}, {'substr': 'command not found', 'level': 'error'}, {'regex': <_sre.SRE_Pattern object at 0x0232D758>, 'level': 'warning'}, {'substr': 'Traceback (most recent call last)', 'level': 'error'}, {'substr': 'SyntaxError: ', 'level': 'error'}, {'substr': 'TypeError: ', 'level': 'error'}, {'substr': 'NameError: ', 'level': 'error'}, {'substr': 'ZeroDivisionError: ', 'level': 'error'}, {'regex': <_sre.SRE_Pattern object at 0x01CEAB20>, 'level': 'critical'}, {'regex': <_sre.SRE_Pattern object at 0x0234A660>, 'level': 'critical'}], 'cwd': 'C:\\slave\\test\\build', 'env': {'TMP': 'C:\\Users\\CLTBLD~1.001\\AppData\\Local\\Temp', 'TEST1': 'testie', 'COMPUTERNAME': 'T-W864-IX-048', 'USERDOMAIN': 'T-W864-IX-048', 'KTS_VERSION': '1.19c', 'PSMODULEPATH': 'C:\\windows\\system32\\WindowsPowerShell\\v1.0\\Modules\\', 'COMMONPROGRAMFILES': 'C:\\Program Files (x86)\\Common Files', 'PROCESSOR_IDENTIFIER': 'Intel64 Family 6 Model 30 Stepping 5, GenuineIntel', 'PROGRAMFILES': 'C:\\Program Files (x86)', 'PROCESSOR_REVISION': '1e05', 'DNSSUFFIX': 'wintest.releng.scl3.mozilla.com', 'SYSTEMROOT': 'C:\\windows', 'NO_EM_RESTART': '1', 'PROGRAMFILES(X86)': 'C:\\Program Files (x86)', 'OURDRIVE': 'C:', 'MOZ_HIDE_RESULTS_TABLE': '1', 'XPCOM_DEBUG_BREAK': 'warn', 'MONDIR': 'C:\\Monitor_config\\', 'TEMP': 'C:\\Users\\CLTBLD~1.001\\AppData\\Local\\Temp', 'COMMONPROGRAMFILES(X86)': 'C:\\Program Files (x86)\\Common Files', 'RUNLOGFILE': 'C:\\slave\\\\runslave.log', 'PROCESSOR_ARCHITECTURE': 'x86', 'ALLUSERSPROFILE': 'C:\\ProgramData', 'USERPROFILE': 'C:\\Users\\cltbld.T-W864-IX-048.001', 'LOCALAPPDATA': 'C:\\Users\\cltbld.T-W864-IX-048.001\\AppData\\Local', 'HOMEPATH': '\\Users\\cltbld.T-W864-IX-048.001', 'USERDOMAIN_ROAMINGPROFILE': 'T-W864-IX-048', 'MOZBUILDDIR': 'C:\\mozilla-build\\', 'PROGRAMW6432': 'C:\\Program Files', 'USERNAME': 'cltbld', 'LOGONSERVER': '\\\\T-W864-IX-048', 'MOZ_NO_REMOTE': '1', 'COMSPEC': 'C:\\windows\\system32\\cmd.exe', 'PROGRAMDATA': 'C:\\ProgramData', 'PROPERTIES_FILE': 'C:\\slave\\test/buildprops.json', 'PATH': 'C:\\Program Files (x86)\\NVIDIA Corporation\\PhysX\\Common;C:\\windows\\system32;C:\\windows;C:\\windows\\System32\\Wbem;C:\\windows\\System32\\WindowsPowerShell\\v1.0\\;C:\\mozilla-build\\python27;C:\\mozilla-build\\python27\\Scripts;C:\\mozilla-build\\msys\\bin;C:\\mozilla-build\\vim\\vim72;C:\\mozilla-build\\wget;C:\\mozilla-build\\info-zip;C:\\CoreUtils\\bin;C:\\mozilla-build\\buildbotve\\scripts;C:\\mozilla-build\\hg', 'PROMPT': '$P$G', 'NO_FAIL_ON_TEST_ERRORS': '1', 'PATHEXT': '.COM;.EXE;.BAT;.CMD;.VBS;.VBE;.JS;.JSE;.WSF;.WSH;.MSC', 'FP_NO_HOST_CHECK': 'NO', 'DCLOCATION': 'SCL3', 'APPDATA': 'C:\\Users\\cltbld.T-W864-IX-048.001\\AppData\\Roaming', 'HOMEDRIVE': 'C:', 'SYSTEMDRIVE': 'C:', 'SLAVEDIR': 'C:\\slave\\', 'NUMBER_OF_PROCESSORS': '8', 'PWD': 'C:\\slave\\test', 'PROCESSOR_LEVEL': '6', 'KTS_HOME': 'C:\\Program Files\\KTS', 'PROCESSOR_ARCHITEW6432': 'AMD64', 'MOZ_CRASHREPORTER_NO_REPORT': '1', 'COMMONPROGRAMW6432': 'C:\\Program Files\\Common Files', 'OS': 'Windows_NT', 'PUBLIC': 'C:\\Users\\Public', 'WINDIR': 'C:\\windows'}}, attempt #1
16:57:01     INFO - Running command: ['C:\\slave\\test\\build\\venv\\Scripts\\pip', 'install', '--timeout', '120', '--no-index', '--find-links', 'http://pypi.pvt.build.mozilla.org/pub', '--find-links', 'http://pypi.pub.build.mozilla.org/pub', '--trusted-host', 'pypi.pub.build.mozilla.org', '--trusted-host', 'pypi.pvt.build.mozilla.org', 'six==1.10.0'] in C:\slave\test\build
16:57:01     INFO - Copy/paste: C:\slave\test\build\venv\Scripts\pip install --timeout 120 --no-index --find-links http://pypi.pvt.build.mozilla.org/pub --find-links http://pypi.pub.build.mozilla.org/pub --trusted-host pypi.pub.build.mozilla.org --trusted-host pypi.pvt.build.mozilla.org six==1.10.0
16:57:01     INFO - Using env: {'ALLUSERSPROFILE': 'C:\\ProgramData',
16:57:01     INFO -  'APPDATA': 'C:\\Users\\cltbld.T-W864-IX-048.001\\AppData\\Roaming',
16:57:01     INFO -  'COMMONPROGRAMFILES': 'C:\\Program Files (x86)\\Common Files',
16:57:01     INFO -  'COMMONPROGRAMFILES(X86)': 'C:\\Program Files (x86)\\Common Files',
16:57:01     INFO -  'COMMONPROGRAMW6432': 'C:\\Program Files\\Common Files',
16:57:01     INFO -  'COMPUTERNAME': 'T-W864-IX-048',
16:57:01     INFO -  'COMSPEC': 'C:\\windows\\system32\\cmd.exe',
16:57:01     INFO -  'DCLOCATION': 'SCL3',
16:57:01     INFO -  'DNSSUFFIX': 'wintest.releng.scl3.mozilla.com',
16:57:01     INFO -  'FP_NO_HOST_CHECK': 'NO',
16:57:01     INFO -  'HOMEDRIVE': 'C:',
16:57:01     INFO -  'HOMEPATH': '\\Users\\cltbld.T-W864-IX-048.001',
16:57:01     INFO -  'KTS_HOME': 'C:\\Program Files\\KTS',
16:57:01     INFO -  'KTS_VERSION': '1.19c',
16:57:01     INFO -  'LOCALAPPDATA': 'C:\\Users\\cltbld.T-W864-IX-048.001\\AppData\\Local',
16:57:01     INFO -  'LOGONSERVER': '\\\\T-W864-IX-048',
16:57:01     INFO -  'MONDIR': 'C:\\Monitor_config\\',
16:57:01     INFO -  'MOZBUILDDIR': 'C:\\mozilla-build\\',
16:57:01     INFO -  'MOZ_CRASHREPORTER_NO_REPORT': '1',
16:57:01     INFO -  'MOZ_HIDE_RESULTS_TABLE': '1',
16:57:01     INFO -  'MOZ_NO_REMOTE': '1',
16:57:01     INFO -  'NO_EM_RESTART': '1',
16:57:01     INFO -  'NO_FAIL_ON_TEST_ERRORS': '1',
16:57:01     INFO -  'NUMBER_OF_PROCESSORS': '8',
16:57:01     INFO -  'OS': 'Windows_NT',
16:57:01     INFO -  'OURDRIVE': 'C:',
16:57:01     INFO -  'PATH': 'C:\\Program Files (x86)\\NVIDIA Corporation\\PhysX\\Common;C:\\windows\\system32;C:\\windows;C:\\windows\\System32\\Wbem;C:\\windows\\System32\\WindowsPowerShell\\v1.0\\;C:\\mozilla-build\\python27;C:\\mozilla-build\\python27\\Scripts;C:\\mozilla-build\\msys\\bin;C:\\mozilla-build\\vim\\vim72;C:\\mozilla-build\\wget;C:\\mozilla-build\\info-zip;C:\\CoreUtils\\bin;C:\\mozilla-build\\buildbotve\\scripts;C:\\mozilla-build\\hg',
16:57:01     INFO -  'PATHEXT': '.COM;.EXE;.BAT;.CMD;.VBS;.VBE;.JS;.JSE;.WSF;.WSH;.MSC',
16:57:01     INFO -  'PROCESSOR_ARCHITECTURE': 'x86',
16:57:01     INFO -  'PROCESSOR_ARCHITEW6432': 'AMD64',
16:57:01     INFO -  'PROCESSOR_IDENTIFIER': 'Intel64 Family 6 Model 30 Stepping 5, GenuineIntel',
16:57:01     INFO -  'PROCESSOR_LEVEL': '6',
16:57:01     INFO -  'PROCESSOR_REVISION': '1e05',
16:57:01     INFO -  'PROGRAMDATA': 'C:\\ProgramData',
16:57:01     INFO -  'PROGRAMFILES': 'C:\\Program Files (x86)',
16:57:01     INFO -  'PROGRAMFILES(X86)': 'C:\\Program Files (x86)',
16:57:01     INFO -  'PROGRAMW6432': 'C:\\Program Files',
16:57:01     INFO -  'PROMPT': '$P$G',
16:57:01     INFO -  'PROPERTIES_FILE': 'C:\\slave\\test/buildprops.json',
16:57:01     INFO -  'PSMODULEPATH': 'C:\\windows\\system32\\WindowsPowerShell\\v1.0\\Modules\\',
16:57:01     INFO -  'PUBLIC': 'C:\\Users\\Public',
16:57:01     INFO -  'PWD': 'C:\\slave\\test',
16:57:01     INFO -  'RUNLOGFILE': 'C:\\slave\\\\runslave.log',
16:57:01     INFO -  'SLAVEDIR': 'C:\\slave\\',
16:57:01     INFO -  'SYSTEMDRIVE': 'C:',
16:57:01     INFO -  'SYSTEMROOT': 'C:\\windows',
16:57:01     INFO -  'TEMP': 'C:\\Users\\CLTBLD~1.001\\AppData\\Local\\Temp',
16:57:01     INFO -  'TEST1': 'testie',
16:57:01     INFO -  'TMP': 'C:\\Users\\CLTBLD~1.001\\AppData\\Local\\Temp',
16:57:01     INFO -  'USERDOMAIN': 'T-W864-IX-048',
16:57:01     INFO -  'USERDOMAIN_ROAMINGPROFILE': 'T-W864-IX-048',
16:57:01     INFO -  'USERNAME': 'cltbld',
16:57:01     INFO -  'USERPROFILE': 'C:\\Users\\cltbld.T-W864-IX-048.001',
16:57:01     INFO -  'WINDIR': 'C:\\windows',
16:57:01     INFO -  'XPCOM_DEBUG_BREAK': 'warn'}
16:57:01     INFO -  Ignoring indexes: https://pypi.python.org/simple
16:57:01     INFO -  Collecting six==1.10.0
16:57:02     INFO -    Downloading http://pypi.pvt.build.mozilla.org/pub/six-1.10.0-py2.py3-none-any.whl
16:57:02     INFO -  Installing collected packages: six
16:57:02     INFO -  Successfully installed six-1.10.0
16:57:02     INFO - Return code: 0
16:57:02     INFO - Installing vcversioner==2.16.0.0 into virtualenv C:\slave\test\build\venv
16:57:02     INFO - retry: Calling run_command with args: [['C:\\slave\\test\\build\\venv\\Scripts\\pip', 'install', '--timeout', '120', '--no-index', '--find-links', 'http://pypi.pvt.build.mozilla.org/pub', '--find-links', 'http://pypi.pub.build.mozilla.org/pub', '--trusted-host', 'pypi.pub.build.mozilla.org', '--trusted-host', 'pypi.pvt.build.mozilla.org', 'vcversioner==2.16.0.0']], kwargs: {'error_level': 'warning', 'error_list': [{'substr': 'not found or a compiler error:', 'level': 'warning'}, {'regex': <_sre.SRE_Pattern object at 0x022823A0>, 'level': 'error'}, {'regex': <_sre.SRE_Pattern object at 0x0237A020>, 'level': 'warning'}, {'regex': <_sre.SRE_Pattern object at 0x022E2510>, 'level': 'debug'}, {'substr': 'command not found', 'level': 'error'}, {'regex': <_sre.SRE_Pattern object at 0x0232D758>, 'level': 'warning'}, {'substr': 'Traceback (most recent call last)', 'level': 'error'}, {'substr': 'SyntaxError: ', 'level': 'error'}, {'substr': 'TypeError: ', 'level': 'error'}, {'substr': 'NameError: ', 'level': 'error'}, {'substr': 'ZeroDivisionError: ', 'level': 'error'}, {'regex': <_sre.SRE_Pattern object at 0x01CEAB20>, 'level': 'critical'}, {'regex': <_sre.SRE_Pattern object at 0x0234A660>, 'level': 'critical'}], 'cwd': 'C:\\slave\\test\\build', 'env': {'TMP': 'C:\\Users\\CLTBLD~1.001\\AppData\\Local\\Temp', 'TEST1': 'testie', 'COMPUTERNAME': 'T-W864-IX-048', 'USERDOMAIN': 'T-W864-IX-048', 'KTS_VERSION': '1.19c', 'PSMODULEPATH': 'C:\\windows\\system32\\WindowsPowerShell\\v1.0\\Modules\\', 'COMMONPROGRAMFILES': 'C:\\Program Files (x86)\\Common Files', 'PROCESSOR_IDENTIFIER': 'Intel64 Family 6 Model 30 Stepping 5, GenuineIntel', 'PROGRAMFILES': 'C:\\Program Files (x86)', 'PROCESSOR_REVISION': '1e05', 'DNSSUFFIX': 'wintest.releng.scl3.mozilla.com', 'SYSTEMROOT': 'C:\\windows', 'NO_EM_RESTART': '1', 'PROGRAMFILES(X86)': 'C:\\Program Files (x86)', 'OURDRIVE': 'C:', 'MOZ_HIDE_RESULTS_TABLE': '1', 'XPCOM_DEBUG_BREAK': 'warn', 'MONDIR': 'C:\\Monitor_config\\', 'TEMP': 'C:\\Users\\CLTBLD~1.001\\AppData\\Local\\Temp', 'COMMONPROGRAMFILES(X86)': 'C:\\Program Files (x86)\\Common Files', 'RUNLOGFILE': 'C:\\slave\\\\runslave.log', 'PROCESSOR_ARCHITECTURE': 'x86', 'ALLUSERSPROFILE': 'C:\\ProgramData', 'USERPROFILE': 'C:\\Users\\cltbld.T-W864-IX-048.001', 'LOCALAPPDATA': 'C:\\Users\\cltbld.T-W864-IX-048.001\\AppData\\Local', 'HOMEPATH': '\\Users\\cltbld.T-W864-IX-048.001', 'USERDOMAIN_ROAMINGPROFILE': 'T-W864-IX-048', 'MOZBUILDDIR': 'C:\\mozilla-build\\', 'PROGRAMW6432': 'C:\\Program Files', 'USERNAME': 'cltbld', 'LOGONSERVER': '\\\\T-W864-IX-048', 'MOZ_NO_REMOTE': '1', 'COMSPEC': 'C:\\windows\\system32\\cmd.exe', 'PROGRAMDATA': 'C:\\ProgramData', 'PROPERTIES_FILE': 'C:\\slave\\test/buildprops.json', 'PATH': 'C:\\Program Files (x86)\\NVIDIA Corporation\\PhysX\\Common;C:\\windows\\system32;C:\\windows;C:\\windows\\System32\\Wbem;C:\\windows\\System32\\WindowsPowerShell\\v1.0\\;C:\\mozilla-build\\python27;C:\\mozilla-build\\python27\\Scripts;C:\\mozilla-build\\msys\\bin;C:\\mozilla-build\\vim\\vim72;C:\\mozilla-build\\wget;C:\\mozilla-build\\info-zip;C:\\CoreUtils\\bin;C:\\mozilla-build\\buildbotve\\scripts;C:\\mozilla-build\\hg', 'PROMPT': '$P$G', 'NO_FAIL_ON_TEST_ERRORS': '1', 'PATHEXT': '.COM;.EXE;.BAT;.CMD;.VBS;.VBE;.JS;.JSE;.WSF;.WSH;.MSC', 'FP_NO_HOST_CHECK': 'NO', 'DCLOCATION': 'SCL3', 'APPDATA': 'C:\\Users\\cltbld.T-W864-IX-048.001\\AppData\\Roaming', 'HOMEDRIVE': 'C:', 'SYSTEMDRIVE': 'C:', 'SLAVEDIR': 'C:\\slave\\', 'NUMBER_OF_PROCESSORS': '8', 'PWD': 'C:\\slave\\test', 'PROCESSOR_LEVEL': '6', 'KTS_HOME': 'C:\\Program Files\\KTS', 'PROCESSOR_ARCHITEW6432': 'AMD64', 'MOZ_CRASHREPORTER_NO_REPORT': '1', 'COMMONPROGRAMW6432': 'C:\\Program Files\\Common Files', 'OS': 'Windows_NT', 'PUBLIC': 'C:\\Users\\Public', 'WINDIR': 'C:\\windows'}}, attempt #1
16:57:02     INFO - Running command: ['C:\\slave\\test\\build\\venv\\Scripts\\pip', 'install', '--timeout', '120', '--no-index', '--find-links', 'http://pypi.pvt.build.mozilla.org/pub', '--find-links', 'http://pypi.pub.build.mozilla.org/pub', '--trusted-host', 'pypi.pub.build.mozilla.org', '--trusted-host', 'pypi.pvt.build.mozilla.org', 'vcversioner==2.16.0.0'] in C:\slave\test\build
16:57:02     INFO - Copy/paste: C:\slave\test\build\venv\Scripts\pip install --timeout 120 --no-index --find-links http://pypi.pvt.build.mozilla.org/pub --find-links http://pypi.pub.build.mozilla.org/pub --trusted-host pypi.pub.build.mozilla.org --trusted-host pypi.pvt.build.mozilla.org vcversioner==2.16.0.0
16:57:02     INFO - Using env: {'ALLUSERSPROFILE': 'C:\\ProgramData',
16:57:02     INFO -  'APPDATA': 'C:\\Users\\cltbld.T-W864-IX-048.001\\AppData\\Roaming',
16:57:02     INFO -  'COMMONPROGRAMFILES': 'C:\\Program Files (x86)\\Common Files',
16:57:02     INFO -  'COMMONPROGRAMFILES(X86)': 'C:\\Program Files (x86)\\Common Files',
16:57:02     INFO -  'COMMONPROGRAMW6432': 'C:\\Program Files\\Common Files',
16:57:02     INFO -  'COMPUTERNAME': 'T-W864-IX-048',
16:57:02     INFO -  'COMSPEC': 'C:\\windows\\system32\\cmd.exe',
16:57:02     INFO -  'DCLOCATION': 'SCL3',
16:57:02     INFO -  'DNSSUFFIX': 'wintest.releng.scl3.mozilla.com',
16:57:02     INFO -  'FP_NO_HOST_CHECK': 'NO',
16:57:02     INFO -  'HOMEDRIVE': 'C:',
16:57:02     INFO -  'HOMEPATH': '\\Users\\cltbld.T-W864-IX-048.001',
16:57:02     INFO -  'KTS_HOME': 'C:\\Program Files\\KTS',
16:57:02     INFO -  'KTS_VERSION': '1.19c',
16:57:02     INFO -  'LOCALAPPDATA': 'C:\\Users\\cltbld.T-W864-IX-048.001\\AppData\\Local',
16:57:02     INFO -  'LOGONSERVER': '\\\\T-W864-IX-048',
16:57:02     INFO -  'MONDIR': 'C:\\Monitor_config\\',
16:57:02     INFO -  'MOZBUILDDIR': 'C:\\mozilla-build\\',
16:57:02     INFO -  'MOZ_CRASHREPORTER_NO_REPORT': '1',
16:57:02     INFO -  'MOZ_HIDE_RESULTS_TABLE': '1',
16:57:02     INFO -  'MOZ_NO_REMOTE': '1',
16:57:02     INFO -  'NO_EM_RESTART': '1',
16:57:02     INFO -  'NO_FAIL_ON_TEST_ERRORS': '1',
16:57:02     INFO -  'NUMBER_OF_PROCESSORS': '8',
16:57:02     INFO -  'OS': 'Windows_NT',
16:57:02     INFO -  'OURDRIVE': 'C:',
16:57:02     INFO -  'PATH': 'C:\\Program Files (x86)\\NVIDIA Corporation\\PhysX\\Common;C:\\windows\\system32;C:\\windows;C:\\windows\\System32\\Wbem;C:\\windows\\System32\\WindowsPowerShell\\v1.0\\;C:\\mozilla-build\\python27;C:\\mozilla-build\\python27\\Scripts;C:\\mozilla-build\\msys\\bin;C:\\mozilla-build\\vim\\vim72;C:\\mozilla-build\\wget;C:\\mozilla-build\\info-zip;C:\\CoreUtils\\bin;C:\\mozilla-build\\buildbotve\\scripts;C:\\mozilla-build\\hg',
16:57:02     INFO -  'PATHEXT': '.COM;.EXE;.BAT;.CMD;.VBS;.VBE;.JS;.JSE;.WSF;.WSH;.MSC',
16:57:02     INFO -  'PROCESSOR_ARCHITECTURE': 'x86',
16:57:02     INFO -  'PROCESSOR_ARCHITEW6432': 'AMD64',
16:57:02     INFO -  'PROCESSOR_IDENTIFIER': 'Intel64 Family 6 Model 30 Stepping 5, GenuineIntel',
16:57:02     INFO -  'PROCESSOR_LEVEL': '6',
16:57:02     INFO -  'PROCESSOR_REVISION': '1e05',
16:57:02     INFO -  'PROGRAMDATA': 'C:\\ProgramData',
16:57:02     INFO -  'PROGRAMFILES': 'C:\\Program Files (x86)',
16:57:02     INFO -  'PROGRAMFILES(X86)': 'C:\\Program Files (x86)',
16:57:02     INFO -  'PROGRAMW6432': 'C:\\Program Files',
16:57:02     INFO -  'PROMPT': '$P$G',
16:57:02     INFO -  'PROPERTIES_FILE': 'C:\\slave\\test/buildprops.json',
16:57:02     INFO -  'PSMODULEPATH': 'C:\\windows\\system32\\WindowsPowerShell\\v1.0\\Modules\\',
16:57:02     INFO -  'PUBLIC': 'C:\\Users\\Public',
16:57:02     INFO -  'PWD': 'C:\\slave\\test',
16:57:02     INFO -  'RUNLOGFILE': 'C:\\slave\\\\runslave.log',
16:57:02     INFO -  'SLAVEDIR': 'C:\\slave\\',
16:57:02     INFO -  'SYSTEMDRIVE': 'C:',
16:57:02     INFO -  'SYSTEMROOT': 'C:\\windows',
16:57:02     INFO -  'TEMP': 'C:\\Users\\CLTBLD~1.001\\AppData\\Local\\Temp',
16:57:02     INFO -  'TEST1': 'testie',
16:57:02     INFO -  'TMP': 'C:\\Users\\CLTBLD~1.001\\AppData\\Local\\Temp',
16:57:02     INFO -  'USERDOMAIN': 'T-W864-IX-048',
16:57:02     INFO -  'USERDOMAIN_ROAMINGPROFILE': 'T-W864-IX-048',
16:57:02     INFO -  'USERNAME': 'cltbld',
16:57:02     INFO -  'USERPROFILE': 'C:\\Users\\cltbld.T-W864-IX-048.001',
16:57:02     INFO -  'WINDIR': 'C:\\windows',
16:57:02     INFO -  'XPCOM_DEBUG_BREAK': 'warn'}
16:57:03     INFO -  Ignoring indexes: https://pypi.python.org/simple
16:57:03     INFO -  Collecting vcversioner==2.16.0.0
16:57:04     INFO -  Installing collected packages: vcversioner
16:57:04     INFO -  Successfully installed vcversioner-2.16.0.0
16:57:04     INFO - Return code: 0
16:57:04     INFO - Installing psutil>=3.1.1 into virtualenv C:\slave\test\build\venv
16:57:04     INFO - retry: Calling run_command with args: [['C:\\slave\\test\\build\\venv\\Scripts\\pip', 'install', '--timeout', '120', '--no-index', '--find-links', 'http://pypi.pvt.build.mozilla.org/pub', '--find-links', 'http://pypi.pub.build.mozilla.org/pub', '--trusted-host', 'pypi.pub.build.mozilla.org', '--trusted-host', 'pypi.pvt.build.mozilla.org', 'psutil>=3.1.1']], kwargs: {'error_level': 'warning', 'error_list': [{'substr': 'not found or a compiler error:', 'level': 'warning'}, {'regex': <_sre.SRE_Pattern object at 0x022823A0>, 'level': 'error'}, {'regex': <_sre.SRE_Pattern object at 0x0237A020>, 'level': 'warning'}, {'regex': <_sre.SRE_Pattern object at 0x022E2510>, 'level': 'debug'}, {'substr': 'command not found', 'level': 'error'}, {'regex': <_sre.SRE_Pattern object at 0x0232D758>, 'level': 'warning'}, {'substr': 'Traceback (most recent call last)', 'level': 'error'}, {'substr': 'SyntaxError: ', 'level': 'error'}, {'substr': 'TypeError: ', 'level': 'error'}, {'substr': 'NameError: ', 'level': 'error'}, {'substr': 'ZeroDivisionError: ', 'level': 'error'}, {'regex': <_sre.SRE_Pattern object at 0x01CEAB20>, 'level': 'critical'}, {'regex': <_sre.SRE_Pattern object at 0x0234A660>, 'level': 'critical'}], 'cwd': 'C:\\slave\\test\\build', 'env': {'TMP': 'C:\\Users\\CLTBLD~1.001\\AppData\\Local\\Temp', 'TEST1': 'testie', 'COMPUTERNAME': 'T-W864-IX-048', 'USERDOMAIN': 'T-W864-IX-048', 'KTS_VERSION': '1.19c', 'PSMODULEPATH': 'C:\\windows\\system32\\WindowsPowerShell\\v1.0\\Modules\\', 'COMMONPROGRAMFILES': 'C:\\Program Files (x86)\\Common Files', 'PROCESSOR_IDENTIFIER': 'Intel64 Family 6 Model 30 Stepping 5, GenuineIntel', 'PROGRAMFILES': 'C:\\Program Files (x86)', 'PROCESSOR_REVISION': '1e05', 'DNSSUFFIX': 'wintest.releng.scl3.mozilla.com', 'SYSTEMROOT': 'C:\\windows', 'NO_EM_RESTART': '1', 'PROGRAMFILES(X86)': 'C:\\Program Files (x86)', 'OURDRIVE': 'C:', 'MOZ_HIDE_RESULTS_TABLE': '1', 'XPCOM_DEBUG_BREAK': 'warn', 'MONDIR': 'C:\\Monitor_config\\', 'TEMP': 'C:\\Users\\CLTBLD~1.001\\AppData\\Local\\Temp', 'COMMONPROGRAMFILES(X86)': 'C:\\Program Files (x86)\\Common Files', 'RUNLOGFILE': 'C:\\slave\\\\runslave.log', 'PROCESSOR_ARCHITECTURE': 'x86', 'ALLUSERSPROFILE': 'C:\\ProgramData', 'USERPROFILE': 'C:\\Users\\cltbld.T-W864-IX-048.001', 'LOCALAPPDATA': 'C:\\Users\\cltbld.T-W864-IX-048.001\\AppData\\Local', 'HOMEPATH': '\\Users\\cltbld.T-W864-IX-048.001', 'USERDOMAIN_ROAMINGPROFILE': 'T-W864-IX-048', 'MOZBUILDDIR': 'C:\\mozilla-build\\', 'PROGRAMW6432': 'C:\\Program Files', 'USERNAME': 'cltbld', 'LOGONSERVER': '\\\\T-W864-IX-048', 'MOZ_NO_REMOTE': '1', 'COMSPEC': 'C:\\windows\\system32\\cmd.exe', 'PROGRAMDATA': 'C:\\ProgramData', 'PROPERTIES_FILE': 'C:\\slave\\test/buildprops.json', 'PATH': 'C:\\Program Files (x86)\\NVIDIA Corporation\\PhysX\\Common;C:\\windows\\system32;C:\\windows;C:\\windows\\System32\\Wbem;C:\\windows\\System32\\WindowsPowerShell\\v1.0\\;C:\\mozilla-build\\python27;C:\\mozilla-build\\python27\\Scripts;C:\\mozilla-build\\msys\\bin;C:\\mozilla-build\\vim\\vim72;C:\\mozilla-build\\wget;C:\\mozilla-build\\info-zip;C:\\CoreUtils\\bin;C:\\mozilla-build\\buildbotve\\scripts;C:\\mozilla-build\\hg', 'PROMPT': '$P$G', 'NO_FAIL_ON_TEST_ERRORS': '1', 'PATHEXT': '.COM;.EXE;.BAT;.CMD;.VBS;.VBE;.JS;.JSE;.WSF;.WSH;.MSC', 'FP_NO_HOST_CHECK': 'NO', 'DCLOCATION': 'SCL3', 'APPDATA': 'C:\\Users\\cltbld.T-W864-IX-048.001\\AppData\\Roaming', 'HOMEDRIVE': 'C:', 'SYSTEMDRIVE': 'C:', 'SLAVEDIR': 'C:\\slave\\', 'NUMBER_OF_PROCESSORS': '8', 'PWD': 'C:\\slave\\test', 'PROCESSOR_LEVEL': '6', 'KTS_HOME': 'C:\\Program Files\\KTS', 'PROCESSOR_ARCHITEW6432': 'AMD64', 'MOZ_CRASHREPORTER_NO_REPORT': '1', 'COMMONPROGRAMW6432': 'C:\\Program Files\\Common Files', 'OS': 'Windows_NT', 'PUBLIC': 'C:\\Users\\Public', 'WINDIR': 'C:\\windows'}}, attempt #1
16:57:04     INFO - Running command: ['C:\\slave\\test\\build\\venv\\Scripts\\pip', 'install', '--timeout', '120', '--no-index', '--find-links', 'http://pypi.pvt.build.mozilla.org/pub', '--find-links', 'http://pypi.pub.build.mozilla.org/pub', '--trusted-host', 'pypi.pub.build.mozilla.org', '--trusted-host', 'pypi.pvt.build.mozilla.org', 'psutil>=3.1.1'] in C:\slave\test\build
16:57:04     INFO - Copy/paste: C:\slave\test\build\venv\Scripts\pip install --timeout 120 --no-index --find-links http://pypi.pvt.build.mozilla.org/pub --find-links http://pypi.pub.build.mozilla.org/pub --trusted-host pypi.pub.build.mozilla.org --trusted-host pypi.pvt.build.mozilla.org psutil>=3.1.1
16:57:04     INFO - Using env: {'ALLUSERSPROFILE': 'C:\\ProgramData',
16:57:04     INFO -  'APPDATA': 'C:\\Users\\cltbld.T-W864-IX-048.001\\AppData\\Roaming',
16:57:04     INFO -  'COMMONPROGRAMFILES': 'C:\\Program Files (x86)\\Common Files',
16:57:04     INFO -  'COMMONPROGRAMFILES(X86)': 'C:\\Program Files (x86)\\Common Files',
16:57:04     INFO -  'COMMONPROGRAMW6432': 'C:\\Program Files\\Common Files',
16:57:04     INFO -  'COMPUTERNAME': 'T-W864-IX-048',
16:57:04     INFO -  'COMSPEC': 'C:\\windows\\system32\\cmd.exe',
16:57:04     INFO -  'DCLOCATION': 'SCL3',
16:57:04     INFO -  'DNSSUFFIX': 'wintest.releng.scl3.mozilla.com',
16:57:04     INFO -  'FP_NO_HOST_CHECK': 'NO',
16:57:04     INFO -  'HOMEDRIVE': 'C:',
16:57:04     INFO -  'HOMEPATH': '\\Users\\cltbld.T-W864-IX-048.001',
16:57:04     INFO -  'KTS_HOME': 'C:\\Program Files\\KTS',
16:57:04     INFO -  'KTS_VERSION': '1.19c',
16:57:04     INFO -  'LOCALAPPDATA': 'C:\\Users\\cltbld.T-W864-IX-048.001\\AppData\\Local',
16:57:04     INFO -  'LOGONSERVER': '\\\\T-W864-IX-048',
16:57:04     INFO -  'MONDIR': 'C:\\Monitor_config\\',
16:57:04     INFO -  'MOZBUILDDIR': 'C:\\mozilla-build\\',
16:57:04     INFO -  'MOZ_CRASHREPORTER_NO_REPORT': '1',
16:57:04     INFO -  'MOZ_HIDE_RESULTS_TABLE': '1',
16:57:04     INFO -  'MOZ_NO_REMOTE': '1',
16:57:04     INFO -  'NO_EM_RESTART': '1',
16:57:04     INFO -  'NO_FAIL_ON_TEST_ERRORS': '1',
16:57:04     INFO -  'NUMBER_OF_PROCESSORS': '8',
16:57:04     INFO -  'OS': 'Windows_NT',
16:57:04     INFO -  'OURDRIVE': 'C:',
16:57:04     INFO -  'PATH': 'C:\\Program Files (x86)\\NVIDIA Corporation\\PhysX\\Common;C:\\windows\\system32;C:\\windows;C:\\windows\\System32\\Wbem;C:\\windows\\System32\\WindowsPowerShell\\v1.0\\;C:\\mozilla-build\\python27;C:\\mozilla-build\\python27\\Scripts;C:\\mozilla-build\\msys\\bin;C:\\mozilla-build\\vim\\vim72;C:\\mozilla-build\\wget;C:\\mozilla-build\\info-zip;C:\\CoreUtils\\bin;C:\\mozilla-build\\buildbotve\\scripts;C:\\mozilla-build\\hg',
16:57:04     INFO -  'PATHEXT': '.COM;.EXE;.BAT;.CMD;.VBS;.VBE;.JS;.JSE;.WSF;.WSH;.MSC',
16:57:04     INFO -  'PROCESSOR_ARCHITECTURE': 'x86',
16:57:04     INFO -  'PROCESSOR_ARCHITEW6432': 'AMD64',
16:57:04     INFO -  'PROCESSOR_IDENTIFIER': 'Intel64 Family 6 Model 30 Stepping 5, GenuineIntel',
16:57:04     INFO -  'PROCESSOR_LEVEL': '6',
16:57:04     INFO -  'PROCESSOR_REVISION': '1e05',
16:57:04     INFO -  'PROGRAMDATA': 'C:\\ProgramData',
16:57:04     INFO -  'PROGRAMFILES': 'C:\\Program Files (x86)',
16:57:04     INFO -  'PROGRAMFILES(X86)': 'C:\\Program Files (x86)',
16:57:04     INFO -  'PROGRAMW6432': 'C:\\Program Files',
16:57:04     INFO -  'PROMPT': '$P$G',
16:57:04     INFO -  'PROPERTIES_FILE': 'C:\\slave\\test/buildprops.json',
16:57:04     INFO -  'PSMODULEPATH': 'C:\\windows\\system32\\WindowsPowerShell\\v1.0\\Modules\\',
16:57:04     INFO -  'PUBLIC': 'C:\\Users\\Public',
16:57:04     INFO -  'PWD': 'C:\\slave\\test',
16:57:04     INFO -  'RUNLOGFILE': 'C:\\slave\\\\runslave.log',
16:57:04     INFO -  'SLAVEDIR': 'C:\\slave\\',
16:57:04     INFO -  'SYSTEMDRIVE': 'C:',
16:57:04     INFO -  'SYSTEMROOT': 'C:\\windows',
16:57:04     INFO -  'TEMP': 'C:\\Users\\CLTBLD~1.001\\AppData\\Local\\Temp',
16:57:04     INFO -  'TEST1': 'testie',
16:57:04     INFO -  'TMP': 'C:\\Users\\CLTBLD~1.001\\AppData\\Local\\Temp',
16:57:04     INFO -  'USERDOMAIN': 'T-W864-IX-048',
16:57:04     INFO -  'USERDOMAIN_ROAMINGPROFILE': 'T-W864-IX-048',
16:57:04     INFO -  'USERNAME': 'cltbld',
16:57:04     INFO -  'USERPROFILE': 'C:\\Users\\cltbld.T-W864-IX-048.001',
16:57:04     INFO -  'WINDIR': 'C:\\windows',
16:57:04     INFO -  'XPCOM_DEBUG_BREAK': 'warn'}
16:57:04     INFO -  Ignoring indexes: https://pypi.python.org/simple
16:57:04     INFO -  Collecting psutil>=3.1.1
16:57:06     INFO -    Downloading http://pypi.pvt.build.mozilla.org/pub/psutil-5.4.3-cp27-none-win32.whl (220kB)
16:57:06     INFO -  Installing collected packages: psutil
16:57:06     INFO -  Successfully installed psutil-5.4.3
16:57:06     INFO - Return code: 0
16:57:06     INFO - Installing mozsystemmonitor==0.3 into virtualenv C:\slave\test\build\venv
16:57:06     INFO - retry: Calling run_command with args: [['C:\\slave\\test\\build\\venv\\Scripts\\pip', 'install', '--timeout', '120', '--no-index', '--find-links', 'http://pypi.pvt.build.mozilla.org/pub', '--find-links', 'http://pypi.pub.build.mozilla.org/pub', '--trusted-host', 'pypi.pub.build.mozilla.org', '--trusted-host', 'pypi.pvt.build.mozilla.org', 'mozsystemmonitor==0.3']], kwargs: {'error_level': 'warning', 'error_list': [{'substr': 'not found or a compiler error:', 'level': 'warning'}, {'regex': <_sre.SRE_Pattern object at 0x022823A0>, 'level': 'error'}, {'regex': <_sre.SRE_Pattern object at 0x0237A020>, 'level': 'warning'}, {'regex': <_sre.SRE_Pattern object at 0x022E2510>, 'level': 'debug'}, {'substr': 'command not found', 'level': 'error'}, {'regex': <_sre.SRE_Pattern object at 0x0232D758>, 'level': 'warning'}, {'substr': 'Traceback (most recent call last)', 'level': 'error'}, {'substr': 'SyntaxError: ', 'level': 'error'}, {'substr': 'TypeError: ', 'level': 'error'}, {'substr': 'NameError: ', 'level': 'error'}, {'substr': 'ZeroDivisionError: ', 'level': 'error'}, {'regex': <_sre.SRE_Pattern object at 0x01CEAB20>, 'level': 'critical'}, {'regex': <_sre.SRE_Pattern object at 0x0234A660>, 'level': 'critical'}], 'cwd': 'C:\\slave\\test\\build', 'env': {'TMP': 'C:\\Users\\CLTBLD~1.001\\AppData\\Local\\Temp', 'TEST1': 'testie', 'COMPUTERNAME': 'T-W864-IX-048', 'USERDOMAIN': 'T-W864-IX-048', 'KTS_VERSION': '1.19c', 'PSMODULEPATH': 'C:\\windows\\system32\\WindowsPowerShell\\v1.0\\Modules\\', 'COMMONPROGRAMFILES': 'C:\\Program Files (x86)\\Common Files', 'PROCESSOR_IDENTIFIER': 'Intel64 Family 6 Model 30 Stepping 5, GenuineIntel', 'PROGRAMFILES': 'C:\\Program Files (x86)', 'PROCESSOR_REVISION': '1e05', 'DNSSUFFIX': 'wintest.releng.scl3.mozilla.com', 'SYSTEMROOT': 'C:\\windows', 'NO_EM_RESTART': '1', 'PROGRAMFILES(X86)': 'C:\\Program Files (x86)', 'OURDRIVE': 'C:', 'MOZ_HIDE_RESULTS_TABLE': '1', 'XPCOM_DEBUG_BREAK': 'warn', 'MONDIR': 'C:\\Monitor_config\\', 'TEMP': 'C:\\Users\\CLTBLD~1.001\\AppData\\Local\\Temp', 'COMMONPROGRAMFILES(X86)': 'C:\\Program Files (x86)\\Common Files', 'RUNLOGFILE': 'C:\\slave\\\\runslave.log', 'PROCESSOR_ARCHITECTURE': 'x86', 'ALLUSERSPROFILE': 'C:\\ProgramData', 'USERPROFILE': 'C:\\Users\\cltbld.T-W864-IX-048.001', 'LOCALAPPDATA': 'C:\\Users\\cltbld.T-W864-IX-048.001\\AppData\\Local', 'HOMEPATH': '\\Users\\cltbld.T-W864-IX-048.001', 'USERDOMAIN_ROAMINGPROFILE': 'T-W864-IX-048', 'MOZBUILDDIR': 'C:\\mozilla-build\\', 'PROGRAMW6432': 'C:\\Program Files', 'USERNAME': 'cltbld', 'LOGONSERVER': '\\\\T-W864-IX-048', 'MOZ_NO_REMOTE': '1', 'COMSPEC': 'C:\\windows\\system32\\cmd.exe', 'PROGRAMDATA': 'C:\\ProgramData', 'PROPERTIES_FILE': 'C:\\slave\\test/buildprops.json', 'PATH': 'C:\\Program Files (x86)\\NVIDIA Corporation\\PhysX\\Common;C:\\windows\\system32;C:\\windows;C:\\windows\\System32\\Wbem;C:\\windows\\System32\\WindowsPowerShell\\v1.0\\;C:\\mozilla-build\\python27;C:\\mozilla-build\\python27\\Scripts;C:\\mozilla-build\\msys\\bin;C:\\mozilla-build\\vim\\vim72;C:\\mozilla-build\\wget;C:\\mozilla-build\\info-zip;C:\\CoreUtils\\bin;C:\\mozilla-build\\buildbotve\\scripts;C:\\mozilla-build\\hg', 'PROMPT': '$P$G', 'NO_FAIL_ON_TEST_ERRORS': '1', 'PATHEXT': '.COM;.EXE;.BAT;.CMD;.VBS;.VBE;.JS;.JSE;.WSF;.WSH;.MSC', 'FP_NO_HOST_CHECK': 'NO', 'DCLOCATION': 'SCL3', 'APPDATA': 'C:\\Users\\cltbld.T-W864-IX-048.001\\AppData\\Roaming', 'HOMEDRIVE': 'C:', 'SYSTEMDRIVE': 'C:', 'SLAVEDIR': 'C:\\slave\\', 'NUMBER_OF_PROCESSORS': '8', 'PWD': 'C:\\slave\\test', 'PROCESSOR_LEVEL': '6', 'KTS_HOME': 'C:\\Program Files\\KTS', 'PROCESSOR_ARCHITEW6432': 'AMD64', 'MOZ_CRASHREPORTER_NO_REPORT': '1', 'COMMONPROGRAMW6432': 'C:\\Program Files\\Common Files', 'OS': 'Windows_NT', 'PUBLIC': 'C:\\Users\\Public', 'WINDIR': 'C:\\windows'}}, attempt #1
16:57:06     INFO - Running command: ['C:\\slave\\test\\build\\venv\\Scripts\\pip', 'install', '--timeout', '120', '--no-index', '--find-links', 'http://pypi.pvt.build.mozilla.org/pub', '--find-links', 'http://pypi.pub.build.mozilla.org/pub', '--trusted-host', 'pypi.pub.build.mozilla.org', '--trusted-host', 'pypi.pvt.build.mozilla.org', 'mozsystemmonitor==0.3'] in C:\slave\test\build
16:57:06     INFO - Copy/paste: C:\slave\test\build\venv\Scripts\pip install --timeout 120 --no-index --find-links http://pypi.pvt.build.mozilla.org/pub --find-links http://pypi.pub.build.mozilla.org/pub --trusted-host pypi.pub.build.mozilla.org --trusted-host pypi.pvt.build.mozilla.org mozsystemmonitor==0.3
16:57:06     INFO - Using env: {'ALLUSERSPROFILE': 'C:\\ProgramData',
16:57:06     INFO -  'APPDATA': 'C:\\Users\\cltbld.T-W864-IX-048.001\\AppData\\Roaming',
16:57:06     INFO -  'COMMONPROGRAMFILES': 'C:\\Program Files (x86)\\Common Files',
16:57:06     INFO -  'COMMONPROGRAMFILES(X86)': 'C:\\Program Files (x86)\\Common Files',
16:57:06     INFO -  'COMMONPROGRAMW6432': 'C:\\Program Files\\Common Files',
16:57:06     INFO -  'COMPUTERNAME': 'T-W864-IX-048',
16:57:06     INFO -  'COMSPEC': 'C:\\windows\\system32\\cmd.exe',
16:57:06     INFO -  'DCLOCATION': 'SCL3',
16:57:06     INFO -  'DNSSUFFIX': 'wintest.releng.scl3.mozilla.com',
16:57:06     INFO -  'FP_NO_HOST_CHECK': 'NO',
16:57:06     INFO -  'HOMEDRIVE': 'C:',
16:57:06     INFO -  'HOMEPATH': '\\Users\\cltbld.T-W864-IX-048.001',
16:57:06     INFO -  'KTS_HOME': 'C:\\Program Files\\KTS',
16:57:06     INFO -  'KTS_VERSION': '1.19c',
16:57:06     INFO -  'LOCALAPPDATA': 'C:\\Users\\cltbld.T-W864-IX-048.001\\AppData\\Local',
16:57:06     INFO -  'LOGONSERVER': '\\\\T-W864-IX-048',
16:57:06     INFO -  'MONDIR': 'C:\\Monitor_config\\',
16:57:06     INFO -  'MOZBUILDDIR': 'C:\\mozilla-build\\',
16:57:06     INFO -  'MOZ_CRASHREPORTER_NO_REPORT': '1',
16:57:06     INFO -  'MOZ_HIDE_RESULTS_TABLE': '1',
16:57:06     INFO -  'MOZ_NO_REMOTE': '1',
16:57:06     INFO -  'NO_EM_RESTART': '1',
16:57:06     INFO -  'NO_FAIL_ON_TEST_ERRORS': '1',
16:57:06     INFO -  'NUMBER_OF_PROCESSORS': '8',
16:57:06     INFO -  'OS': 'Windows_NT',
16:57:06     INFO -  'OURDRIVE': 'C:',
16:57:06     INFO -  'PATH': 'C:\\Program Files (x86)\\NVIDIA Corporation\\PhysX\\Common;C:\\windows\\system32;C:\\windows;C:\\windows\\System32\\Wbem;C:\\windows\\System32\\WindowsPowerShell\\v1.0\\;C:\\mozilla-build\\python27;C:\\mozilla-build\\python27\\Scripts;C:\\mozilla-build\\msys\\bin;C:\\mozilla-build\\vim\\vim72;C:\\mozilla-build\\wget;C:\\mozilla-build\\info-zip;C:\\CoreUtils\\bin;C:\\mozilla-build\\buildbotve\\scripts;C:\\mozilla-build\\hg',
16:57:06     INFO -  'PATHEXT': '.COM;.EXE;.BAT;.CMD;.VBS;.VBE;.JS;.JSE;.WSF;.WSH;.MSC',
16:57:06     INFO -  'PROCESSOR_ARCHITECTURE': 'x86',
16:57:06     INFO -  'PROCESSOR_ARCHITEW6432': 'AMD64',
16:57:06     INFO -  'PROCESSOR_IDENTIFIER': 'Intel64 Family 6 Model 30 Stepping 5, GenuineIntel',
16:57:06     INFO -  'PROCESSOR_LEVEL': '6',
16:57:06     INFO -  'PROCESSOR_REVISION': '1e05',
16:57:06     INFO -  'PROGRAMDATA': 'C:\\ProgramData',
16:57:06     INFO -  'PROGRAMFILES': 'C:\\Program Files (x86)',
16:57:06     INFO -  'PROGRAMFILES(X86)': 'C:\\Program Files (x86)',
16:57:06     INFO -  'PROGRAMW6432': 'C:\\Program Files',
16:57:06     INFO -  'PROMPT': '$P$G',
16:57:06     INFO -  'PROPERTIES_FILE': 'C:\\slave\\test/buildprops.json',
16:57:06     INFO -  'PSMODULEPATH': 'C:\\windows\\system32\\WindowsPowerShell\\v1.0\\Modules\\',
16:57:06     INFO -  'PUBLIC': 'C:\\Users\\Public',
16:57:06     INFO -  'PWD': 'C:\\slave\\test',
16:57:06     INFO -  'RUNLOGFILE': 'C:\\slave\\\\runslave.log',
16:57:06     INFO -  'SLAVEDIR': 'C:\\slave\\',
16:57:06     INFO -  'SYSTEMDRIVE': 'C:',
16:57:06     INFO -  'SYSTEMROOT': 'C:\\windows',
16:57:06     INFO -  'TEMP': 'C:\\Users\\CLTBLD~1.001\\AppData\\Local\\Temp',
16:57:06     INFO -  'TEST1': 'testie',
16:57:06     INFO -  'TMP': 'C:\\Users\\CLTBLD~1.001\\AppData\\Local\\Temp',
16:57:06     INFO -  'USERDOMAIN': 'T-W864-IX-048',
16:57:06     INFO -  'USERDOMAIN_ROAMINGPROFILE': 'T-W864-IX-048',
16:57:06     INFO -  'USERNAME': 'cltbld',
16:57:06     INFO -  'USERPROFILE': 'C:\\Users\\cltbld.T-W864-IX-048.001',
16:57:06     INFO -  'WINDIR': 'C:\\windows',
16:57:06     INFO -  'XPCOM_DEBUG_BREAK': 'warn'}
16:57:06     INFO -  Ignoring indexes: https://pypi.python.org/simple
16:57:06     INFO -  Collecting mozsystemmonitor==0.3
16:57:08     INFO -  Requirement already satisfied (use --upgrade to upgrade): psutil>=3.1.1 in c:\slave\test\build\venv\lib\site-packages (from mozsystemmonitor==0.3)
16:57:08     INFO -  Installing collected packages: mozsystemmonitor
16:57:08     INFO -  Successfully installed mozsystemmonitor-0.3
16:57:08     INFO - Return code: 0
16:57:08     INFO - Installing jsonschema==2.5.1 into virtualenv C:\slave\test\build\venv
16:57:08     INFO - retry: Calling run_command with args: [['C:\\slave\\test\\build\\venv\\Scripts\\pip', 'install', '--timeout', '120', '--no-index', '--find-links', 'http://pypi.pvt.build.mozilla.org/pub', '--find-links', 'http://pypi.pub.build.mozilla.org/pub', '--trusted-host', 'pypi.pub.build.mozilla.org', '--trusted-host', 'pypi.pvt.build.mozilla.org', 'jsonschema==2.5.1']], kwargs: {'error_level': 'warning', 'error_list': [{'substr': 'not found or a compiler error:', 'level': 'warning'}, {'regex': <_sre.SRE_Pattern object at 0x022823A0>, 'level': 'error'}, {'regex': <_sre.SRE_Pattern object at 0x0237A020>, 'level': 'warning'}, {'regex': <_sre.SRE_Pattern object at 0x022E2510>, 'level': 'debug'}, {'substr': 'command not found', 'level': 'error'}, {'regex': <_sre.SRE_Pattern object at 0x0232D758>, 'level': 'warning'}, {'substr': 'Traceback (most recent call last)', 'level': 'error'}, {'substr': 'SyntaxError: ', 'level': 'error'}, {'substr': 'TypeError: ', 'level': 'error'}, {'substr': 'NameError: ', 'level': 'error'}, {'substr': 'ZeroDivisionError: ', 'level': 'error'}, {'regex': <_sre.SRE_Pattern object at 0x01CEAB20>, 'level': 'critical'}, {'regex': <_sre.SRE_Pattern object at 0x0234A660>, 'level': 'critical'}], 'cwd': 'C:\\slave\\test\\build', 'env': {'TMP': 'C:\\Users\\CLTBLD~1.001\\AppData\\Local\\Temp', 'TEST1': 'testie', 'COMPUTERNAME': 'T-W864-IX-048', 'USERDOMAIN': 'T-W864-IX-048', 'KTS_VERSION': '1.19c', 'PSMODULEPATH': 'C:\\windows\\system32\\WindowsPowerShell\\v1.0\\Modules\\', 'COMMONPROGRAMFILES': 'C:\\Program Files (x86)\\Common Files', 'PROCESSOR_IDENTIFIER': 'Intel64 Family 6 Model 30 Stepping 5, GenuineIntel', 'PROGRAMFILES': 'C:\\Program Files (x86)', 'PROCESSOR_REVISION': '1e05', 'DNSSUFFIX': 'wintest.releng.scl3.mozilla.com', 'SYSTEMROOT': 'C:\\windows', 'NO_EM_RESTART': '1', 'PROGRAMFILES(X86)': 'C:\\Program Files (x86)', 'OURDRIVE': 'C:', 'MOZ_HIDE_RESULTS_TABLE': '1', 'XPCOM_DEBUG_BREAK': 'warn', 'MONDIR': 'C:\\Monitor_config\\', 'TEMP': 'C:\\Users\\CLTBLD~1.001\\AppData\\Local\\Temp', 'COMMONPROGRAMFILES(X86)': 'C:\\Program Files (x86)\\Common Files', 'RUNLOGFILE': 'C:\\slave\\\\runslave.log', 'PROCESSOR_ARCHITECTURE': 'x86', 'ALLUSERSPROFILE': 'C:\\ProgramData', 'USERPROFILE': 'C:\\Users\\cltbld.T-W864-IX-048.001', 'LOCALAPPDATA': 'C:\\Users\\cltbld.T-W864-IX-048.001\\AppData\\Local', 'HOMEPATH': '\\Users\\cltbld.T-W864-IX-048.001', 'USERDOMAIN_ROAMINGPROFILE': 'T-W864-IX-048', 'MOZBUILDDIR': 'C:\\mozilla-build\\', 'PROGRAMW6432': 'C:\\Program Files', 'USERNAME': 'cltbld', 'LOGONSERVER': '\\\\T-W864-IX-048', 'MOZ_NO_REMOTE': '1', 'COMSPEC': 'C:\\windows\\system32\\cmd.exe', 'PROGRAMDATA': 'C:\\ProgramData', 'PROPERTIES_FILE': 'C:\\slave\\test/buildprops.json', 'PATH': 'C:\\Program Files (x86)\\NVIDIA Corporation\\PhysX\\Common;C:\\windows\\system32;C:\\windows;C:\\windows\\System32\\Wbem;C:\\windows\\System32\\WindowsPowerShell\\v1.0\\;C:\\mozilla-build\\python27;C:\\mozilla-build\\python27\\Scripts;C:\\mozilla-build\\msys\\bin;C:\\mozilla-build\\vim\\vim72;C:\\mozilla-build\\wget;C:\\mozilla-build\\info-zip;C:\\CoreUtils\\bin;C:\\mozilla-build\\buildbotve\\scripts;C:\\mozilla-build\\hg', 'PROMPT': '$P$G', 'NO_FAIL_ON_TEST_ERRORS': '1', 'PATHEXT': '.COM;.EXE;.BAT;.CMD;.VBS;.VBE;.JS;.JSE;.WSF;.WSH;.MSC', 'FP_NO_HOST_CHECK': 'NO', 'DCLOCATION': 'SCL3', 'APPDATA': 'C:\\Users\\cltbld.T-W864-IX-048.001\\AppData\\Roaming', 'HOMEDRIVE': 'C:', 'SYSTEMDRIVE': 'C:', 'SLAVEDIR': 'C:\\slave\\', 'NUMBER_OF_PROCESSORS': '8', 'PWD': 'C:\\slave\\test', 'PROCESSOR_LEVEL': '6', 'KTS_HOME': 'C:\\Program Files\\KTS', 'PROCESSOR_ARCHITEW6432': 'AMD64', 'MOZ_CRASHREPORTER_NO_REPORT': '1', 'COMMONPROGRAMW6432': 'C:\\Program Files\\Common Files', 'OS': 'Windows_NT', 'PUBLIC': 'C:\\Users\\Public', 'WINDIR': 'C:\\windows'}}, attempt #1
16:57:08     INFO - Running command: ['C:\\slave\\test\\build\\venv\\Scripts\\pip', 'install', '--timeout', '120', '--no-index', '--find-links', 'http://pypi.pvt.build.mozilla.org/pub', '--find-links', 'http://pypi.pub.build.mozilla.org/pub', '--trusted-host', 'pypi.pub.build.mozilla.org', '--trusted-host', 'pypi.pvt.build.mozilla.org', 'jsonschema==2.5.1'] in C:\slave\test\build
16:57:08     INFO - Copy/paste: C:\slave\test\build\venv\Scripts\pip install --timeout 120 --no-index --find-links http://pypi.pvt.build.mozilla.org/pub --find-links http://pypi.pub.build.mozilla.org/pub --trusted-host pypi.pub.build.mozilla.org --trusted-host pypi.pvt.build.mozilla.org jsonschema==2.5.1
16:57:08     INFO - Using env: {'ALLUSERSPROFILE': 'C:\\ProgramData',
16:57:08     INFO -  'APPDATA': 'C:\\Users\\cltbld.T-W864-IX-048.001\\AppData\\Roaming',
16:57:08     INFO -  'COMMONPROGRAMFILES': 'C:\\Program Files (x86)\\Common Files',
16:57:08     INFO -  'COMMONPROGRAMFILES(X86)': 'C:\\Program Files (x86)\\Common Files',
16:57:08     INFO -  'COMMONPROGRAMW6432': 'C:\\Program Files\\Common Files',
16:57:08     INFO -  'COMPUTERNAME': 'T-W864-IX-048',
16:57:08     INFO -  'COMSPEC': 'C:\\windows\\system32\\cmd.exe',
16:57:08     INFO -  'DCLOCATION': 'SCL3',
16:57:08     INFO -  'DNSSUFFIX': 'wintest.releng.scl3.mozilla.com',
16:57:08     INFO -  'FP_NO_HOST_CHECK': 'NO',
16:57:08     INFO -  'HOMEDRIVE': 'C:',
16:57:08     INFO -  'HOMEPATH': '\\Users\\cltbld.T-W864-IX-048.001',
16:57:08     INFO -  'KTS_HOME': 'C:\\Program Files\\KTS',
16:57:08     INFO -  'KTS_VERSION': '1.19c',
16:57:08     INFO -  'LOCALAPPDATA': 'C:\\Users\\cltbld.T-W864-IX-048.001\\AppData\\Local',
16:57:08     INFO -  'LOGONSERVER': '\\\\T-W864-IX-048',
16:57:08     INFO -  'MONDIR': 'C:\\Monitor_config\\',
16:57:08     INFO -  'MOZBUILDDIR': 'C:\\mozilla-build\\',
16:57:08     INFO -  'MOZ_CRASHREPORTER_NO_REPORT': '1',
16:57:08     INFO -  'MOZ_HIDE_RESULTS_TABLE': '1',
16:57:08     INFO -  'MOZ_NO_REMOTE': '1',
16:57:08     INFO -  'NO_EM_RESTART': '1',
16:57:08     INFO -  'NO_FAIL_ON_TEST_ERRORS': '1',
16:57:08     INFO -  'NUMBER_OF_PROCESSORS': '8',
16:57:08     INFO -  'OS': 'Windows_NT',
16:57:08     INFO -  'OURDRIVE': 'C:',
16:57:08     INFO -  'PATH': 'C:\\Program Files (x86)\\NVIDIA Corporation\\PhysX\\Common;C:\\windows\\system32;C:\\windows;C:\\windows\\System32\\Wbem;C:\\windows\\System32\\WindowsPowerShell\\v1.0\\;C:\\mozilla-build\\python27;C:\\mozilla-build\\python27\\Scripts;C:\\mozilla-build\\msys\\bin;C:\\mozilla-build\\vim\\vim72;C:\\mozilla-build\\wget;C:\\mozilla-build\\info-zip;C:\\CoreUtils\\bin;C:\\mozilla-build\\buildbotve\\scripts;C:\\mozilla-build\\hg',
16:57:08     INFO -  'PATHEXT': '.COM;.EXE;.BAT;.CMD;.VBS;.VBE;.JS;.JSE;.WSF;.WSH;.MSC',
16:57:08     INFO -  'PROCESSOR_ARCHITECTURE': 'x86',
16:57:08     INFO -  'PROCESSOR_ARCHITEW6432': 'AMD64',
16:57:08     INFO -  'PROCESSOR_IDENTIFIER': 'Intel64 Family 6 Model 30 Stepping 5, GenuineIntel',
16:57:08     INFO -  'PROCESSOR_LEVEL': '6',
16:57:08     INFO -  'PROCESSOR_REVISION': '1e05',
16:57:08     INFO -  'PROGRAMDATA': 'C:\\ProgramData',
16:57:08     INFO -  'PROGRAMFILES': 'C:\\Program Files (x86)',
16:57:08     INFO -  'PROGRAMFILES(X86)': 'C:\\Program Files (x86)',
16:57:08     INFO -  'PROGRAMW6432': 'C:\\Program Files',
16:57:08     INFO -  'PROMPT': '$P$G',
16:57:08     INFO -  'PROPERTIES_FILE': 'C:\\slave\\test/buildprops.json',
16:57:08     INFO -  'PSMODULEPATH': 'C:\\windows\\system32\\WindowsPowerShell\\v1.0\\Modules\\',
16:57:08     INFO -  'PUBLIC': 'C:\\Users\\Public',
16:57:08     INFO -  'PWD': 'C:\\slave\\test',
16:57:08     INFO -  'RUNLOGFILE': 'C:\\slave\\\\runslave.log',
16:57:08     INFO -  'SLAVEDIR': 'C:\\slave\\',
16:57:08     INFO -  'SYSTEMDRIVE': 'C:',
16:57:08     INFO -  'SYSTEMROOT': 'C:\\windows',
16:57:08     INFO -  'TEMP': 'C:\\Users\\CLTBLD~1.001\\AppData\\Local\\Temp',
16:57:08     INFO -  'TEST1': 'testie',
16:57:08     INFO -  'TMP': 'C:\\Users\\CLTBLD~1.001\\AppData\\Local\\Temp',
16:57:08     INFO -  'USERDOMAIN': 'T-W864-IX-048',
16:57:08     INFO -  'USERDOMAIN_ROAMINGPROFILE': 'T-W864-IX-048',
16:57:08     INFO -  'USERNAME': 'cltbld',
16:57:08     INFO -  'USERPROFILE': 'C:\\Users\\cltbld.T-W864-IX-048.001',
16:57:08     INFO -  'WINDIR': 'C:\\windows',
16:57:08     INFO -  'XPCOM_DEBUG_BREAK': 'warn'}
16:57:08     INFO -  Ignoring indexes: https://pypi.python.org/simple
16:57:08     INFO -  Collecting jsonschema==2.5.1
16:57:09     INFO -    Downloading http://pypi.pvt.build.mozilla.org/pub/jsonschema-2.5.1-py2.py3-none-any.whl
16:57:10     INFO -  Collecting functools32; python_version == "2.7" (from jsonschema==2.5.1)
16:57:11     INFO -  Installing collected packages: functools32, jsonschema
16:57:11     INFO -  Successfully installed functools32-3.2.3.post2 jsonschema-2.5.1
16:57:11     INFO - Return code: 0
16:57:11     INFO - Installing functools32==3.2.3-2 into virtualenv C:\slave\test\build\venv
16:57:11     INFO - retry: Calling run_command with args: [['C:\\slave\\test\\build\\venv\\Scripts\\pip', 'install', '--timeout', '120', '--no-index', '--find-links', 'http://pypi.pvt.build.mozilla.org/pub', '--find-links', 'http://pypi.pub.build.mozilla.org/pub', '--trusted-host', 'pypi.pub.build.mozilla.org', '--trusted-host', 'pypi.pvt.build.mozilla.org', 'functools32==3.2.3-2']], kwargs: {'error_level': 'warning', 'error_list': [{'substr': 'not found or a compiler error:', 'level': 'warning'}, {'regex': <_sre.SRE_Pattern object at 0x022823A0>, 'level': 'error'}, {'regex': <_sre.SRE_Pattern object at 0x0237A020>, 'level': 'warning'}, {'regex': <_sre.SRE_Pattern object at 0x022E2510>, 'level': 'debug'}, {'substr': 'command not found', 'level': 'error'}, {'regex': <_sre.SRE_Pattern object at 0x0232D758>, 'level': 'warning'}, {'substr': 'Traceback (most recent call last)', 'level': 'error'}, {'substr': 'SyntaxError: ', 'level': 'error'}, {'substr': 'TypeError: ', 'level': 'error'}, {'substr': 'NameError: ', 'level': 'error'}, {'substr': 'ZeroDivisionError: ', 'level': 'error'}, {'regex': <_sre.SRE_Pattern object at 0x01CEAB20>, 'level': 'critical'}, {'regex': <_sre.SRE_Pattern object at 0x0234A660>, 'level': 'critical'}], 'cwd': 'C:\\slave\\test\\build', 'env': {'TMP': 'C:\\Users\\CLTBLD~1.001\\AppData\\Local\\Temp', 'TEST1': 'testie', 'COMPUTERNAME': 'T-W864-IX-048', 'USERDOMAIN': 'T-W864-IX-048', 'KTS_VERSION': '1.19c', 'PSMODULEPATH': 'C:\\windows\\system32\\WindowsPowerShell\\v1.0\\Modules\\', 'COMMONPROGRAMFILES': 'C:\\Program Files (x86)\\Common Files', 'PROCESSOR_IDENTIFIER': 'Intel64 Family 6 Model 30 Stepping 5, GenuineIntel', 'PROGRAMFILES': 'C:\\Program Files (x86)', 'PROCESSOR_REVISION': '1e05', 'DNSSUFFIX': 'wintest.releng.scl3.mozilla.com', 'SYSTEMROOT': 'C:\\windows', 'NO_EM_RESTART': '1', 'PROGRAMFILES(X86)': 'C:\\Program Files (x86)', 'OURDRIVE': 'C:', 'MOZ_HIDE_RESULTS_TABLE': '1', 'XPCOM_DEBUG_BREAK': 'warn', 'MONDIR': 'C:\\Monitor_config\\', 'TEMP': 'C:\\Users\\CLTBLD~1.001\\AppData\\Local\\Temp', 'COMMONPROGRAMFILES(X86)': 'C:\\Program Files (x86)\\Common Files', 'RUNLOGFILE': 'C:\\slave\\\\runslave.log', 'PROCESSOR_ARCHITECTURE': 'x86', 'ALLUSERSPROFILE': 'C:\\ProgramData', 'USERPROFILE': 'C:\\Users\\cltbld.T-W864-IX-048.001', 'LOCALAPPDATA': 'C:\\Users\\cltbld.T-W864-IX-048.001\\AppData\\Local', 'HOMEPATH': '\\Users\\cltbld.T-W864-IX-048.001', 'USERDOMAIN_ROAMINGPROFILE': 'T-W864-IX-048', 'MOZBUILDDIR': 'C:\\mozilla-build\\', 'PROGRAMW6432': 'C:\\Program Files', 'USERNAME': 'cltbld', 'LOGONSERVER': '\\\\T-W864-IX-048', 'MOZ_NO_REMOTE': '1', 'COMSPEC': 'C:\\windows\\system32\\cmd.exe', 'PROGRAMDATA': 'C:\\ProgramData', 'PROPERTIES_FILE': 'C:\\slave\\test/buildprops.json', 'PATH': 'C:\\Program Files (x86)\\NVIDIA Corporation\\PhysX\\Common;C:\\windows\\system32;C:\\windows;C:\\windows\\System32\\Wbem;C:\\windows\\System32\\WindowsPowerShell\\v1.0\\;C:\\mozilla-build\\python27;C:\\mozilla-build\\python27\\Scripts;C:\\mozilla-build\\msys\\bin;C:\\mozilla-build\\vim\\vim72;C:\\mozilla-build\\wget;C:\\mozilla-build\\info-zip;C:\\CoreUtils\\bin;C:\\mozilla-build\\buildbotve\\scripts;C:\\mozilla-build\\hg', 'PROMPT': '$P$G', 'NO_FAIL_ON_TEST_ERRORS': '1', 'PATHEXT': '.COM;.EXE;.BAT;.CMD;.VBS;.VBE;.JS;.JSE;.WSF;.WSH;.MSC', 'FP_NO_HOST_CHECK': 'NO', 'DCLOCATION': 'SCL3', 'APPDATA': 'C:\\Users\\cltbld.T-W864-IX-048.001\\AppData\\Roaming', 'HOMEDRIVE': 'C:', 'SYSTEMDRIVE': 'C:', 'SLAVEDIR': 'C:\\slave\\', 'NUMBER_OF_PROCESSORS': '8', 'PWD': 'C:\\slave\\test', 'PROCESSOR_LEVEL': '6', 'KTS_HOME': 'C:\\Program Files\\KTS', 'PROCESSOR_ARCHITEW6432': 'AMD64', 'MOZ_CRASHREPORTER_NO_REPORT': '1', 'COMMONPROGRAMW6432': 'C:\\Program Files\\Common Files', 'OS': 'Windows_NT', 'PUBLIC': 'C:\\Users\\Public', 'WINDIR': 'C:\\windows'}}, attempt #1
16:57:11     INFO - Running command: ['C:\\slave\\test\\build\\venv\\Scripts\\pip', 'install', '--timeout', '120', '--no-index', '--find-links', 'http://pypi.pvt.build.mozilla.org/pub', '--find-links', 'http://pypi.pub.build.mozilla.org/pub', '--trusted-host', 'pypi.pub.build.mozilla.org', '--trusted-host', 'pypi.pvt.build.mozilla.org', 'functools32==3.2.3-2'] in C:\slave\test\build
16:57:11     INFO - Copy/paste: C:\slave\test\build\venv\Scripts\pip install --timeout 120 --no-index --find-links http://pypi.pvt.build.mozilla.org/pub --find-links http://pypi.pub.build.mozilla.org/pub --trusted-host pypi.pub.build.mozilla.org --trusted-host pypi.pvt.build.mozilla.org functools32==3.2.3-2
16:57:11     INFO - Using env: {'ALLUSERSPROFILE': 'C:\\ProgramData',
16:57:11     INFO -  'APPDATA': 'C:\\Users\\cltbld.T-W864-IX-048.001\\AppData\\Roaming',
16:57:11     INFO -  'COMMONPROGRAMFILES': 'C:\\Program Files (x86)\\Common Files',
16:57:11     INFO -  'COMMONPROGRAMFILES(X86)': 'C:\\Program Files (x86)\\Common Files',
16:57:11     INFO -  'COMMONPROGRAMW6432': 'C:\\Program Files\\Common Files',
16:57:11     INFO -  'COMPUTERNAME': 'T-W864-IX-048',
16:57:11     INFO -  'COMSPEC': 'C:\\windows\\system32\\cmd.exe',
16:57:11     INFO -  'DCLOCATION': 'SCL3',
16:57:11     INFO -  'DNSSUFFIX': 'wintest.releng.scl3.mozilla.com',
16:57:11     INFO -  'FP_NO_HOST_CHECK': 'NO',
16:57:11     INFO -  'HOMEDRIVE': 'C:',
16:57:11     INFO -  'HOMEPATH': '\\Users\\cltbld.T-W864-IX-048.001',
16:57:11     INFO -  'KTS_HOME': 'C:\\Program Files\\KTS',
16:57:11     INFO -  'KTS_VERSION': '1.19c',
16:57:11     INFO -  'LOCALAPPDATA': 'C:\\Users\\cltbld.T-W864-IX-048.001\\AppData\\Local',
16:57:11     INFO -  'LOGONSERVER': '\\\\T-W864-IX-048',
16:57:11     INFO -  'MONDIR': 'C:\\Monitor_config\\',
16:57:11     INFO -  'MOZBUILDDIR': 'C:\\mozilla-build\\',
16:57:11     INFO -  'MOZ_CRASHREPORTER_NO_REPORT': '1',
16:57:11     INFO -  'MOZ_HIDE_RESULTS_TABLE': '1',
16:57:11     INFO -  'MOZ_NO_REMOTE': '1',
16:57:11     INFO -  'NO_EM_RESTART': '1',
16:57:11     INFO -  'NO_FAIL_ON_TEST_ERRORS': '1',
16:57:11     INFO -  'NUMBER_OF_PROCESSORS': '8',
16:57:11     INFO -  'OS': 'Windows_NT',
16:57:11     INFO -  'OURDRIVE': 'C:',
16:57:11     INFO -  'PATH': 'C:\\Program Files (x86)\\NVIDIA Corporation\\PhysX\\Common;C:\\windows\\system32;C:\\windows;C:\\windows\\System32\\Wbem;C:\\windows\\System32\\WindowsPowerShell\\v1.0\\;C:\\mozilla-build\\python27;C:\\mozilla-build\\python27\\Scripts;C:\\mozilla-build\\msys\\bin;C:\\mozilla-build\\vim\\vim72;C:\\mozilla-build\\wget;C:\\mozilla-build\\info-zip;C:\\CoreUtils\\bin;C:\\mozilla-build\\buildbotve\\scripts;C:\\mozilla-build\\hg',
16:57:11     INFO -  'PATHEXT': '.COM;.EXE;.BAT;.CMD;.VBS;.VBE;.JS;.JSE;.WSF;.WSH;.MSC',
16:57:11     INFO -  'PROCESSOR_ARCHITECTURE': 'x86',
16:57:11     INFO -  'PROCESSOR_ARCHITEW6432': 'AMD64',
16:57:11     INFO -  'PROCESSOR_IDENTIFIER': 'Intel64 Family 6 Model 30 Stepping 5, GenuineIntel',
16:57:11     INFO -  'PROCESSOR_LEVEL': '6',
16:57:11     INFO -  'PROCESSOR_REVISION': '1e05',
16:57:11     INFO -  'PROGRAMDATA': 'C:\\ProgramData',
16:57:11     INFO -  'PROGRAMFILES': 'C:\\Program Files (x86)',
16:57:11     INFO -  'PROGRAMFILES(X86)': 'C:\\Program Files (x86)',
16:57:11     INFO -  'PROGRAMW6432': 'C:\\Program Files',
16:57:11     INFO -  'PROMPT': '$P$G',
16:57:11     INFO -  'PROPERTIES_FILE': 'C:\\slave\\test/buildprops.json',
16:57:11     INFO -  'PSMODULEPATH': 'C:\\windows\\system32\\WindowsPowerShell\\v1.0\\Modules\\',
16:57:11     INFO -  'PUBLIC': 'C:\\Users\\Public',
16:57:11     INFO -  'PWD': 'C:\\slave\\test',
16:57:11     INFO -  'RUNLOGFILE': 'C:\\slave\\\\runslave.log',
16:57:11     INFO -  'SLAVEDIR': 'C:\\slave\\',
16:57:11     INFO -  'SYSTEMDRIVE': 'C:',
16:57:11     INFO -  'SYSTEMROOT': 'C:\\windows',
16:57:11     INFO -  'TEMP': 'C:\\Users\\CLTBLD~1.001\\AppData\\Local\\Temp',
16:57:11     INFO -  'TEST1': 'testie',
16:57:11     INFO -  'TMP': 'C:\\Users\\CLTBLD~1.001\\AppData\\Local\\Temp',
16:57:11     INFO -  'USERDOMAIN': 'T-W864-IX-048',
16:57:11     INFO -  'USERDOMAIN_ROAMINGPROFILE': 'T-W864-IX-048',
16:57:11     INFO -  'USERNAME': 'cltbld',
16:57:11     INFO -  'USERPROFILE': 'C:\\Users\\cltbld.T-W864-IX-048.001',
16:57:11     INFO -  'WINDIR': 'C:\\windows',
16:57:11     INFO -  'XPCOM_DEBUG_BREAK': 'warn'}
16:57:11     INFO -  Ignoring indexes: https://pypi.python.org/simple
16:57:11     INFO -  Requirement already satisfied (use --upgrade to upgrade): functools32==3.2.3-2 in c:\slave\test\build\venv\lib\site-packages
16:57:11     INFO - Return code: 0
16:57:11     INFO - Installing blobuploader==1.2.4 into virtualenv C:\slave\test\build\venv
16:57:11     INFO - retry: Calling run_command with args: [['C:\\slave\\test\\build\\venv\\Scripts\\pip', 'install', '--timeout', '120', '--no-index', '--find-links', 'http://pypi.pvt.build.mozilla.org/pub', '--find-links', 'http://pypi.pub.build.mozilla.org/pub', '--trusted-host', 'pypi.pub.build.mozilla.org', '--trusted-host', 'pypi.pvt.build.mozilla.org', 'blobuploader==1.2.4']], kwargs: {'error_level': 'warning', 'error_list': [{'substr': 'not found or a compiler error:', 'level': 'warning'}, {'regex': <_sre.SRE_Pattern object at 0x022823A0>, 'level': 'error'}, {'regex': <_sre.SRE_Pattern object at 0x0237A020>, 'level': 'warning'}, {'regex': <_sre.SRE_Pattern object at 0x022E2510>, 'level': 'debug'}, {'substr': 'command not found', 'level': 'error'}, {'regex': <_sre.SRE_Pattern object at 0x0232D758>, 'level': 'warning'}, {'substr': 'Traceback (most recent call last)', 'level': 'error'}, {'substr': 'SyntaxError: ', 'level': 'error'}, {'substr': 'TypeError: ', 'level': 'error'}, {'substr': 'NameError: ', 'level': 'error'}, {'substr': 'ZeroDivisionError: ', 'level': 'error'}, {'regex': <_sre.SRE_Pattern object at 0x01CEAB20>, 'level': 'critical'}, {'regex': <_sre.SRE_Pattern object at 0x0234A660>, 'level': 'critical'}], 'cwd': 'C:\\slave\\test\\build', 'env': {'TMP': 'C:\\Users\\CLTBLD~1.001\\AppData\\Local\\Temp', 'TEST1': 'testie', 'COMPUTERNAME': 'T-W864-IX-048', 'USERDOMAIN': 'T-W864-IX-048', 'KTS_VERSION': '1.19c', 'PSMODULEPATH': 'C:\\windows\\system32\\WindowsPowerShell\\v1.0\\Modules\\', 'COMMONPROGRAMFILES': 'C:\\Program Files (x86)\\Common Files', 'PROCESSOR_IDENTIFIER': 'Intel64 Family 6 Model 30 Stepping 5, GenuineIntel', 'PROGRAMFILES': 'C:\\Program Files (x86)', 'PROCESSOR_REVISION': '1e05', 'DNSSUFFIX': 'wintest.releng.scl3.mozilla.com', 'SYSTEMROOT': 'C:\\windows', 'NO_EM_RESTART': '1', 'PROGRAMFILES(X86)': 'C:\\Program Files (x86)', 'OURDRIVE': 'C:', 'MOZ_HIDE_RESULTS_TABLE': '1', 'XPCOM_DEBUG_BREAK': 'warn', 'MONDIR': 'C:\\Monitor_config\\', 'TEMP': 'C:\\Users\\CLTBLD~1.001\\AppData\\Local\\Temp', 'COMMONPROGRAMFILES(X86)': 'C:\\Program Files (x86)\\Common Files', 'RUNLOGFILE': 'C:\\slave\\\\runslave.log', 'PROCESSOR_ARCHITECTURE': 'x86', 'ALLUSERSPROFILE': 'C:\\ProgramData', 'USERPROFILE': 'C:\\Users\\cltbld.T-W864-IX-048.001', 'LOCALAPPDATA': 'C:\\Users\\cltbld.T-W864-IX-048.001\\AppData\\Local', 'HOMEPATH': '\\Users\\cltbld.T-W864-IX-048.001', 'USERDOMAIN_ROAMINGPROFILE': 'T-W864-IX-048', 'MOZBUILDDIR': 'C:\\mozilla-build\\', 'PROGRAMW6432': 'C:\\Program Files', 'USERNAME': 'cltbld', 'LOGONSERVER': '\\\\T-W864-IX-048', 'MOZ_NO_REMOTE': '1', 'COMSPEC': 'C:\\windows\\system32\\cmd.exe', 'PROGRAMDATA': 'C:\\ProgramData', 'PROPERTIES_FILE': 'C:\\slave\\test/buildprops.json', 'PATH': 'C:\\Program Files (x86)\\NVIDIA Corporation\\PhysX\\Common;C:\\windows\\system32;C:\\windows;C:\\windows\\System32\\Wbem;C:\\windows\\System32\\WindowsPowerShell\\v1.0\\;C:\\mozilla-build\\python27;C:\\mozilla-build\\python27\\Scripts;C:\\mozilla-build\\msys\\bin;C:\\mozilla-build\\vim\\vim72;C:\\mozilla-build\\wget;C:\\mozilla-build\\info-zip;C:\\CoreUtils\\bin;C:\\mozilla-build\\buildbotve\\scripts;C:\\mozilla-build\\hg', 'PROMPT': '$P$G', 'NO_FAIL_ON_TEST_ERRORS': '1', 'PATHEXT': '.COM;.EXE;.BAT;.CMD;.VBS;.VBE;.JS;.JSE;.WSF;.WSH;.MSC', 'FP_NO_HOST_CHECK': 'NO', 'DCLOCATION': 'SCL3', 'APPDATA': 'C:\\Users\\cltbld.T-W864-IX-048.001\\AppData\\Roaming', 'HOMEDRIVE': 'C:', 'SYSTEMDRIVE': 'C:', 'SLAVEDIR': 'C:\\slave\\', 'NUMBER_OF_PROCESSORS': '8', 'PWD': 'C:\\slave\\test', 'PROCESSOR_LEVEL': '6', 'KTS_HOME': 'C:\\Program Files\\KTS', 'PROCESSOR_ARCHITEW6432': 'AMD64', 'MOZ_CRASHREPORTER_NO_REPORT': '1', 'COMMONPROGRAMW6432': 'C:\\Program Files\\Common Files', 'OS': 'Windows_NT', 'PUBLIC': 'C:\\Users\\Public', 'WINDIR': 'C:\\windows'}}, attempt #1
16:57:12     INFO - Running command: ['C:\\slave\\test\\build\\venv\\Scripts\\pip', 'install', '--timeout', '120', '--no-index', '--find-links', 'http://pypi.pvt.build.mozilla.org/pub', '--find-links', 'http://pypi.pub.build.mozilla.org/pub', '--trusted-host', 'pypi.pub.build.mozilla.org', '--trusted-host', 'pypi.pvt.build.mozilla.org', 'blobuploader==1.2.4'] in C:\slave\test\build
16:57:12     INFO - Copy/paste: C:\slave\test\build\venv\Scripts\pip install --timeout 120 --no-index --find-links http://pypi.pvt.build.mozilla.org/pub --find-links http://pypi.pub.build.mozilla.org/pub --trusted-host pypi.pub.build.mozilla.org --trusted-host pypi.pvt.build.mozilla.org blobuploader==1.2.4
16:57:12     INFO - Using env: {'ALLUSERSPROFILE': 'C:\\ProgramData',
16:57:12     INFO -  'APPDATA': 'C:\\Users\\cltbld.T-W864-IX-048.001\\AppData\\Roaming',
16:57:12     INFO -  'COMMONPROGRAMFILES': 'C:\\Program Files (x86)\\Common Files',
16:57:12     INFO -  'COMMONPROGRAMFILES(X86)': 'C:\\Program Files (x86)\\Common Files',
16:57:12     INFO -  'COMMONPROGRAMW6432': 'C:\\Program Files\\Common Files',
16:57:12     INFO -  'COMPUTERNAME': 'T-W864-IX-048',
16:57:12     INFO -  'COMSPEC': 'C:\\windows\\system32\\cmd.exe',
16:57:12     INFO -  'DCLOCATION': 'SCL3',
16:57:12     INFO -  'DNSSUFFIX': 'wintest.releng.scl3.mozilla.com',
16:57:12     INFO -  'FP_NO_HOST_CHECK': 'NO',
16:57:12     INFO -  'HOMEDRIVE': 'C:',
16:57:12     INFO -  'HOMEPATH': '\\Users\\cltbld.T-W864-IX-048.001',
16:57:12     INFO -  'KTS_HOME': 'C:\\Program Files\\KTS',
16:57:12     INFO -  'KTS_VERSION': '1.19c',
16:57:12     INFO -  'LOCALAPPDATA': 'C:\\Users\\cltbld.T-W864-IX-048.001\\AppData\\Local',
16:57:12     INFO -  'LOGONSERVER': '\\\\T-W864-IX-048',
16:57:12     INFO -  'MONDIR': 'C:\\Monitor_config\\',
16:57:12     INFO -  'MOZBUILDDIR': 'C:\\mozilla-build\\',
16:57:12     INFO -  'MOZ_CRASHREPORTER_NO_REPORT': '1',
16:57:12     INFO -  'MOZ_HIDE_RESULTS_TABLE': '1',
16:57:12     INFO -  'MOZ_NO_REMOTE': '1',
16:57:12     INFO -  'NO_EM_RESTART': '1',
16:57:12     INFO -  'NO_FAIL_ON_TEST_ERRORS': '1',
16:57:12     INFO -  'NUMBER_OF_PROCESSORS': '8',
16:57:12     INFO -  'OS': 'Windows_NT',
16:57:12     INFO -  'OURDRIVE': 'C:',
16:57:12     INFO -  'PATH': 'C:\\Program Files (x86)\\NVIDIA Corporation\\PhysX\\Common;C:\\windows\\system32;C:\\windows;C:\\windows\\System32\\Wbem;C:\\windows\\System32\\WindowsPowerShell\\v1.0\\;C:\\mozilla-build\\python27;C:\\mozilla-build\\python27\\Scripts;C:\\mozilla-build\\msys\\bin;C:\\mozilla-build\\vim\\vim72;C:\\mozilla-build\\wget;C:\\mozilla-build\\info-zip;C:\\CoreUtils\\bin;C:\\mozilla-build\\buildbotve\\scripts;C:\\mozilla-build\\hg',
16:57:12     INFO -  'PATHEXT': '.COM;.EXE;.BAT;.CMD;.VBS;.VBE;.JS;.JSE;.WSF;.WSH;.MSC',
16:57:12     INFO -  'PROCESSOR_ARCHITECTURE': 'x86',
16:57:12     INFO -  'PROCESSOR_ARCHITEW6432': 'AMD64',
16:57:12     INFO -  'PROCESSOR_IDENTIFIER': 'Intel64 Family 6 Model 30 Stepping 5, GenuineIntel',
16:57:12     INFO -  'PROCESSOR_LEVEL': '6',
16:57:12     INFO -  'PROCESSOR_REVISION': '1e05',
16:57:12     INFO -  'PROGRAMDATA': 'C:\\ProgramData',
16:57:12     INFO -  'PROGRAMFILES': 'C:\\Program Files (x86)',
16:57:12     INFO -  'PROGRAMFILES(X86)': 'C:\\Program Files (x86)',
16:57:12     INFO -  'PROGRAMW6432': 'C:\\Program Files',
16:57:12     INFO -  'PROMPT': '$P$G',
16:57:12     INFO -  'PROPERTIES_FILE': 'C:\\slave\\test/buildprops.json',
16:57:12     INFO -  'PSMODULEPATH': 'C:\\windows\\system32\\WindowsPowerShell\\v1.0\\Modules\\',
16:57:12     INFO -  'PUBLIC': 'C:\\Users\\Public',
16:57:12     INFO -  'PWD': 'C:\\slave\\test',
16:57:12     INFO -  'RUNLOGFILE': 'C:\\slave\\\\runslave.log',
16:57:12     INFO -  'SLAVEDIR': 'C:\\slave\\',
16:57:12     INFO -  'SYSTEMDRIVE': 'C:',
16:57:12     INFO -  'SYSTEMROOT': 'C:\\windows',
16:57:12     INFO -  'TEMP': 'C:\\Users\\CLTBLD~1.001\\AppData\\Local\\Temp',
16:57:12     INFO -  'TEST1': 'testie',
16:57:12     INFO -  'TMP': 'C:\\Users\\CLTBLD~1.001\\AppData\\Local\\Temp',
16:57:12     INFO -  'USERDOMAIN': 'T-W864-IX-048',
16:57:12     INFO -  'USERDOMAIN_ROAMINGPROFILE': 'T-W864-IX-048',
16:57:12     INFO -  'USERNAME': 'cltbld',
16:57:12     INFO -  'USERPROFILE': 'C:\\Users\\cltbld.T-W864-IX-048.001',
16:57:12     INFO -  'WINDIR': 'C:\\windows',
16:57:12     INFO -  'XPCOM_DEBUG_BREAK': 'warn'}
16:57:12     INFO -  Ignoring indexes: https://pypi.python.org/simple
16:57:12     INFO -  Collecting blobuploader==1.2.4
16:57:13     INFO -  Collecting docopt==0.6.1 (from blobuploader==1.2.4)
16:57:14     INFO -  Collecting requests==1.2.3. (from blobuploader==1.2.4)
16:57:16     INFO -  Installing collected packages: docopt, requests, blobuploader
16:57:16     INFO -  Successfully installed blobuploader-1.2.4 docopt-0.6.1 requests-1.2.3
16:57:17     INFO - Return code: 0
16:57:17     INFO - Installing None into virtualenv C:\slave\test\build\venv
16:57:17     INFO - retry: Calling run_command with args: [['C:\\slave\\test\\build\\venv\\Scripts\\pip', 'install', '--no-deps', '--timeout', '120', '-r', 'C:\\slave\\test\\build\\tests\\config\\mozbase_requirements.txt', '--no-index', '--find-links', 'http://pypi.pvt.build.mozilla.org/pub', '--find-links', 'http://pypi.pub.build.mozilla.org/pub', '--trusted-host', 'pypi.pub.build.mozilla.org', '--trusted-host', 'pypi.pvt.build.mozilla.org']], kwargs: {'error_level': 'warning', 'error_list': [{'substr': 'not found or a compiler error:', 'level': 'warning'}, {'regex': <_sre.SRE_Pattern object at 0x022823A0>, 'level': 'error'}, {'regex': <_sre.SRE_Pattern object at 0x0237A020>, 'level': 'warning'}, {'regex': <_sre.SRE_Pattern object at 0x022E2510>, 'level': 'debug'}, {'substr': 'command not found', 'level': 'error'}, {'regex': <_sre.SRE_Pattern object at 0x0232D758>, 'level': 'warning'}, {'substr': 'Traceback (most recent call last)', 'level': 'error'}, {'substr': 'SyntaxError: ', 'level': 'error'}, {'substr': 'TypeError: ', 'level': 'error'}, {'substr': 'NameError: ', 'level': 'error'}, {'substr': 'ZeroDivisionError: ', 'level': 'error'}, {'regex': <_sre.SRE_Pattern object at 0x01CEAB20>, 'level': 'critical'}, {'regex': <_sre.SRE_Pattern object at 0x0234A660>, 'level': 'critical'}], 'cwd': 'C:\\slave\\test\\build\\tests\\config', 'env': {'TMP': 'C:\\Users\\CLTBLD~1.001\\AppData\\Local\\Temp', 'TEST1': 'testie', 'COMPUTERNAME': 'T-W864-IX-048', 'USERDOMAIN': 'T-W864-IX-048', 'KTS_VERSION': '1.19c', 'PSMODULEPATH': 'C:\\windows\\system32\\WindowsPowerShell\\v1.0\\Modules\\', 'COMMONPROGRAMFILES': 'C:\\Program Files (x86)\\Common Files', 'PROCESSOR_IDENTIFIER': 'Intel64 Family 6 Model 30 Stepping 5, GenuineIntel', 'PROGRAMFILES': 'C:\\Program Files (x86)', 'PROCESSOR_REVISION': '1e05', 'DNSSUFFIX': 'wintest.releng.scl3.mozilla.com', 'SYSTEMROOT': 'C:\\windows', 'NO_EM_RESTART': '1', 'PROGRAMFILES(X86)': 'C:\\Program Files (x86)', 'OURDRIVE': 'C:', 'MOZ_HIDE_RESULTS_TABLE': '1', 'XPCOM_DEBUG_BREAK': 'warn', 'MONDIR': 'C:\\Monitor_config\\', 'TEMP': 'C:\\Users\\CLTBLD~1.001\\AppData\\Local\\Temp', 'COMMONPROGRAMFILES(X86)': 'C:\\Program Files (x86)\\Common Files', 'RUNLOGFILE': 'C:\\slave\\\\runslave.log', 'PROCESSOR_ARCHITECTURE': 'x86', 'ALLUSERSPROFILE': 'C:\\ProgramData', 'USERPROFILE': 'C:\\Users\\cltbld.T-W864-IX-048.001', 'LOCALAPPDATA': 'C:\\Users\\cltbld.T-W864-IX-048.001\\AppData\\Local', 'HOMEPATH': '\\Users\\cltbld.T-W864-IX-048.001', 'USERDOMAIN_ROAMINGPROFILE': 'T-W864-IX-048', 'MOZBUILDDIR': 'C:\\mozilla-build\\', 'PROGRAMW6432': 'C:\\Program Files', 'USERNAME': 'cltbld', 'LOGONSERVER': '\\\\T-W864-IX-048', 'MOZ_NO_REMOTE': '1', 'COMSPEC': 'C:\\windows\\system32\\cmd.exe', 'PROGRAMDATA': 'C:\\ProgramData', 'PROPERTIES_FILE': 'C:\\slave\\test/buildprops.json', 'PATH': 'C:\\Program Files (x86)\\NVIDIA Corporation\\PhysX\\Common;C:\\windows\\system32;C:\\windows;C:\\windows\\System32\\Wbem;C:\\windows\\System32\\WindowsPowerShell\\v1.0\\;C:\\mozilla-build\\python27;C:\\mozilla-build\\python27\\Scripts;C:\\mozilla-build\\msys\\bin;C:\\mozilla-build\\vim\\vim72;C:\\mozilla-build\\wget;C:\\mozilla-build\\info-zip;C:\\CoreUtils\\bin;C:\\mozilla-build\\buildbotve\\scripts;C:\\mozilla-build\\hg', 'PROMPT': '$P$G', 'NO_FAIL_ON_TEST_ERRORS': '1', 'PATHEXT': '.COM;.EXE;.BAT;.CMD;.VBS;.VBE;.JS;.JSE;.WSF;.WSH;.MSC', 'FP_NO_HOST_CHECK': 'NO', 'DCLOCATION': 'SCL3', 'APPDATA': 'C:\\Users\\cltbld.T-W864-IX-048.001\\AppData\\Roaming', 'HOMEDRIVE': 'C:', 'SYSTEMDRIVE': 'C:', 'SLAVEDIR': 'C:\\slave\\', 'NUMBER_OF_PROCESSORS': '8', 'PWD': 'C:\\slave\\test', 'PROCESSOR_LEVEL': '6', 'KTS_HOME': 'C:\\Program Files\\KTS', 'PROCESSOR_ARCHITEW6432': 'AMD64', 'MOZ_CRASHREPORTER_NO_REPORT': '1', 'COMMONPROGRAMW6432': 'C:\\Program Files\\Common Files', 'OS': 'Windows_NT', 'PUBLIC': 'C:\\Users\\Public', 'WINDIR': 'C:\\windows'}}, attempt #1
16:57:17     INFO - Running command: ['C:\\slave\\test\\build\\venv\\Scripts\\pip', 'install', '--no-deps', '--timeout', '120', '-r', 'C:\\slave\\test\\build\\tests\\config\\mozbase_requirements.txt', '--no-index', '--find-links', 'http://pypi.pvt.build.mozilla.org/pub', '--find-links', 'http://pypi.pub.build.mozilla.org/pub', '--trusted-host', 'pypi.pub.build.mozilla.org', '--trusted-host', 'pypi.pvt.build.mozilla.org'] in C:\slave\test\build\tests\config
16:57:17     INFO - Copy/paste: C:\slave\test\build\venv\Scripts\pip install --no-deps --timeout 120 -r C:\slave\test\build\tests\config\mozbase_requirements.txt --no-index --find-links http://pypi.pvt.build.mozilla.org/pub --find-links http://pypi.pub.build.mozilla.org/pub --trusted-host pypi.pub.build.mozilla.org --trusted-host pypi.pvt.build.mozilla.org
16:57:17     INFO - Using env: {'ALLUSERSPROFILE': 'C:\\ProgramData',
16:57:17     INFO -  'APPDATA': 'C:\\Users\\cltbld.T-W864-IX-048.001\\AppData\\Roaming',
16:57:17     INFO -  'COMMONPROGRAMFILES': 'C:\\Program Files (x86)\\Common Files',
16:57:17     INFO -  'COMMONPROGRAMFILES(X86)': 'C:\\Program Files (x86)\\Common Files',
16:57:17     INFO -  'COMMONPROGRAMW6432': 'C:\\Program Files\\Common Files',
16:57:17     INFO -  'COMPUTERNAME': 'T-W864-IX-048',
16:57:17     INFO -  'COMSPEC': 'C:\\windows\\system32\\cmd.exe',
16:57:17     INFO -  'DCLOCATION': 'SCL3',
16:57:17     INFO -  'DNSSUFFIX': 'wintest.releng.scl3.mozilla.com',
16:57:17     INFO -  'FP_NO_HOST_CHECK': 'NO',
16:57:17     INFO -  'HOMEDRIVE': 'C:',
16:57:17     INFO -  'HOMEPATH': '\\Users\\cltbld.T-W864-IX-048.001',
16:57:17     INFO -  'KTS_HOME': 'C:\\Program Files\\KTS',
16:57:17     INFO -  'KTS_VERSION': '1.19c',
16:57:17     INFO -  'LOCALAPPDATA': 'C:\\Users\\cltbld.T-W864-IX-048.001\\AppData\\Local',
16:57:17     INFO -  'LOGONSERVER': '\\\\T-W864-IX-048',
16:57:17     INFO -  'MONDIR': 'C:\\Monitor_config\\',
16:57:17     INFO -  'MOZBUILDDIR': 'C:\\mozilla-build\\',
16:57:17     INFO -  'MOZ_CRASHREPORTER_NO_REPORT': '1',
16:57:17     INFO -  'MOZ_HIDE_RESULTS_TABLE': '1',
16:57:17     INFO -  'MOZ_NO_REMOTE': '1',
16:57:17     INFO -  'NO_EM_RESTART': '1',
16:57:17     INFO -  'NO_FAIL_ON_TEST_ERRORS': '1',
16:57:17     INFO -  'NUMBER_OF_PROCESSORS': '8',
16:57:17     INFO -  'OS': 'Windows_NT',
16:57:17     INFO -  'OURDRIVE': 'C:',
16:57:17     INFO -  'PATH': 'C:\\Program Files (x86)\\NVIDIA Corporation\\PhysX\\Common;C:\\windows\\system32;C:\\windows;C:\\windows\\System32\\Wbem;C:\\windows\\System32\\WindowsPowerShell\\v1.0\\;C:\\mozilla-build\\python27;C:\\mozilla-build\\python27\\Scripts;C:\\mozilla-build\\msys\\bin;C:\\mozilla-build\\vim\\vim72;C:\\mozilla-build\\wget;C:\\mozilla-build\\info-zip;C:\\CoreUtils\\bin;C:\\mozilla-build\\buildbotve\\scripts;C:\\mozilla-build\\hg',
16:57:17     INFO -  'PATHEXT': '.COM;.EXE;.BAT;.CMD;.VBS;.VBE;.JS;.JSE;.WSF;.WSH;.MSC',
16:57:17     INFO -  'PROCESSOR_ARCHITECTURE': 'x86',
16:57:17     INFO -  'PROCESSOR_ARCHITEW6432': 'AMD64',
16:57:17     INFO -  'PROCESSOR_IDENTIFIER': 'Intel64 Family 6 Model 30 Stepping 5, GenuineIntel',
16:57:17     INFO -  'PROCESSOR_LEVEL': '6',
16:57:17     INFO -  'PROCESSOR_REVISION': '1e05',
16:57:17     INFO -  'PROGRAMDATA': 'C:\\ProgramData',
16:57:17     INFO -  'PROGRAMFILES': 'C:\\Program Files (x86)',
16:57:17     INFO -  'PROGRAMFILES(X86)': 'C:\\Program Files (x86)',
16:57:17     INFO -  'PROGRAMW6432': 'C:\\Program Files',
16:57:17     INFO -  'PROMPT': '$P$G',
16:57:17     INFO -  'PROPERTIES_FILE': 'C:\\slave\\test/buildprops.json',
16:57:17     INFO -  'PSMODULEPATH': 'C:\\windows\\system32\\WindowsPowerShell\\v1.0\\Modules\\',
16:57:17     INFO -  'PUBLIC': 'C:\\Users\\Public',
16:57:17     INFO -  'PWD': 'C:\\slave\\test',
16:57:17     INFO -  'RUNLOGFILE': 'C:\\slave\\\\runslave.log',
16:57:17     INFO -  'SLAVEDIR': 'C:\\slave\\',
16:57:17     INFO -  'SYSTEMDRIVE': 'C:',
16:57:17     INFO -  'SYSTEMROOT': 'C:\\windows',
16:57:17     INFO -  'TEMP': 'C:\\Users\\CLTBLD~1.001\\AppData\\Local\\Temp',
16:57:17     INFO -  'TEST1': 'testie',
16:57:17     INFO -  'TMP': 'C:\\Users\\CLTBLD~1.001\\AppData\\Local\\Temp',
16:57:17     INFO -  'USERDOMAIN': 'T-W864-IX-048',
16:57:17     INFO -  'USERDOMAIN_ROAMINGPROFILE': 'T-W864-IX-048',
16:57:17     INFO -  'USERNAME': 'cltbld',
16:57:17     INFO -  'USERPROFILE': 'C:\\Users\\cltbld.T-W864-IX-048.001',
16:57:17     INFO -  'WINDIR': 'C:\\windows',
16:57:17     INFO -  'XPCOM_DEBUG_BREAK': 'warn'}
16:57:17     INFO -  Ignoring indexes: https://pypi.python.org/simple
16:57:17     INFO -  Processing c:\slave\test\build\tests\mozbase\manifestparser
16:57:18     INFO -  Processing c:\slave\test\build\tests\mozbase\mozcrash
16:57:18     INFO -  Processing c:\slave\test\build\tests\mozbase\mozdebug
16:57:18     INFO -  Processing c:\slave\test\build\tests\mozbase\mozdevice
16:57:18     INFO -  Processing c:\slave\test\build\tests\mozbase\mozfile
16:57:19     INFO -  Processing c:\slave\test\build\tests\mozbase\mozhttpd
16:57:19     INFO -  Processing c:\slave\test\build\tests\mozbase\mozinfo
16:57:19     INFO -  Processing c:\slave\test\build\tests\mozbase\mozinstall
16:57:19     INFO -  Processing c:\slave\test\build\tests\mozbase\mozleak
16:57:20     INFO -  Processing c:\slave\test\build\tests\mozbase\mozlog
16:57:20     INFO -  Processing c:\slave\test\build\tests\mozbase\moznetwork
16:57:20     INFO -  Processing c:\slave\test\build\tests\mozbase\mozprocess
16:57:20     INFO -  Processing c:\slave\test\build\tests\mozbase\mozprofile
16:57:21     INFO -  Processing c:\slave\test\build\tests\mozbase\mozrunner
16:57:21     INFO -  Processing c:\slave\test\build\tests\mozbase\mozscreenshot
16:57:21     INFO -  Processing c:\slave\test\build\tests\mozbase\moztest
16:57:21     INFO -  Processing c:\slave\test\build\tests\mozbase\mozversion
16:57:22     INFO -  Installing collected packages: manifestparser, mozcrash, mozdebug, mozdevice, mozfile, mozhttpd, mozinfo, mozInstall, mozleak, mozlog, moznetwork, mozprocess, mozprofile, mozrunner, mozscreenshot, moztest, mozversion
16:57:22     INFO -    Running setup.py install for manifestparser: started
16:57:23     INFO -      Running setup.py install for manifestparser: finished with status 'done'
16:57:23     INFO -    Running setup.py install for mozcrash: started
16:57:23     INFO -      Running setup.py install for mozcrash: finished with status 'done'
16:57:24     INFO -    Running setup.py install for mozdebug: started
16:57:24     INFO -      Running setup.py install for mozdebug: finished with status 'done'
16:57:24     INFO -    Running setup.py install for mozdevice: started
16:57:24     INFO -      Running setup.py install for mozdevice: finished with status 'done'
16:57:25     INFO -    Running setup.py install for mozfile: started
16:57:25     INFO -      Running setup.py install for mozfile: finished with status 'done'
16:57:25     INFO -    Running setup.py install for mozhttpd: started
16:57:26     INFO -      Running setup.py install for mozhttpd: finished with status 'done'
16:57:26     INFO -    Running setup.py install for mozinfo: started
16:57:26     INFO -      Running setup.py install for mozinfo: finished with status 'done'
16:57:26     INFO -    Running setup.py install for mozInstall: started
16:57:27     INFO -      Running setup.py install for mozInstall: finished with status 'done'
16:57:27     INFO -    Running setup.py install for mozleak: started
16:57:27     INFO -      Running setup.py install for mozleak: finished with status 'done'
16:57:27     INFO -    Running setup.py install for mozlog: started
16:57:28     INFO -      Running setup.py install for mozlog: finished with status 'done'
16:57:28     INFO -    Running setup.py install for moznetwork: started
16:57:29     INFO -      Running setup.py install for moznetwork: finished with status 'done'
16:57:29     INFO -    Running setup.py install for mozprocess: started
16:57:29     INFO -      Running setup.py install for mozprocess: finished with status 'done'
16:57:29     INFO -    Running setup.py install for mozprofile: started
16:57:30     INFO -      Running setup.py install for mozprofile: finished with status 'done'
16:57:30     INFO -    Running setup.py install for mozrunner: started
16:57:31     INFO -      Running setup.py install for mozrunner: finished with status 'done'
16:57:31     INFO -    Running setup.py install for mozscreenshot: started
16:57:31     INFO -      Running setup.py install for mozscreenshot: finished with status 'done'
16:57:32     INFO -    Running setup.py install for moztest: started
16:57:32     INFO -      Running setup.py install for moztest: finished with status 'done'
16:57:32     INFO -    Running setup.py install for mozversion: started
16:57:33     INFO -      Running setup.py install for mozversion: finished with status 'done'
16:57:33     INFO -  Successfully installed manifestparser-1.1 mozInstall-1.12 mozcrash-1.0 mozdebug-0.1 mozdevice-0.48 mozfile-1.2 mozhttpd-0.7 mozinfo-0.9 mozleak-0.1 mozlog-3.4 moznetwork-0.27 mozprocess-0.23 mozprofile-0.28 mozrunner-6.13 mozscreenshot-0.1 moztest-0.8 mozversion-1.4
16:57:33     INFO - Return code: 0
16:57:33     INFO - Installing None into virtualenv C:\slave\test\build\venv
16:57:33     INFO - retry: Calling run_command with args: [['C:\\slave\\test\\build\\venv\\Scripts\\pip', 'install', '--timeout', '120', '-r', 'C:\\slave\\test\\build\\tests\\config\\mozbase_requirements.txt', '--no-index', '--find-links', 'http://pypi.pvt.build.mozilla.org/pub', '--find-links', 'http://pypi.pub.build.mozilla.org/pub', '--trusted-host', 'pypi.pub.build.mozilla.org', '--trusted-host', 'pypi.pvt.build.mozilla.org']], kwargs: {'error_level': 'warning', 'error_list': [{'substr': 'not found or a compiler error:', 'level': 'warning'}, {'regex': <_sre.SRE_Pattern object at 0x022823A0>, 'level': 'error'}, {'regex': <_sre.SRE_Pattern object at 0x0237A020>, 'level': 'warning'}, {'regex': <_sre.SRE_Pattern object at 0x022E2510>, 'level': 'debug'}, {'substr': 'command not found', 'level': 'error'}, {'regex': <_sre.SRE_Pattern object at 0x0232D758>, 'level': 'warning'}, {'substr': 'Traceback (most recent call last)', 'level': 'error'}, {'substr': 'SyntaxError: ', 'level': 'error'}, {'substr': 'TypeError: ', 'level': 'error'}, {'substr': 'NameError: ', 'level': 'error'}, {'substr': 'ZeroDivisionError: ', 'level': 'error'}, {'regex': <_sre.SRE_Pattern object at 0x01CEAB20>, 'level': 'critical'}, {'regex': <_sre.SRE_Pattern object at 0x0234A660>, 'level': 'critical'}], 'cwd': 'C:\\slave\\test\\build\\tests\\config', 'env': {'TMP': 'C:\\Users\\CLTBLD~1.001\\AppData\\Local\\Temp', 'TEST1': 'testie', 'COMPUTERNAME': 'T-W864-IX-048', 'USERDOMAIN': 'T-W864-IX-048', 'KTS_VERSION': '1.19c', 'PSMODULEPATH': 'C:\\windows\\system32\\WindowsPowerShell\\v1.0\\Modules\\', 'COMMONPROGRAMFILES': 'C:\\Program Files (x86)\\Common Files', 'PROCESSOR_IDENTIFIER': 'Intel64 Family 6 Model 30 Stepping 5, GenuineIntel', 'PROGRAMFILES': 'C:\\Program Files (x86)', 'PROCESSOR_REVISION': '1e05', 'DNSSUFFIX': 'wintest.releng.scl3.mozilla.com', 'SYSTEMROOT': 'C:\\windows', 'NO_EM_RESTART': '1', 'PROGRAMFILES(X86)': 'C:\\Program Files (x86)', 'OURDRIVE': 'C:', 'MOZ_HIDE_RESULTS_TABLE': '1', 'XPCOM_DEBUG_BREAK': 'warn', 'MONDIR': 'C:\\Monitor_config\\', 'TEMP': 'C:\\Users\\CLTBLD~1.001\\AppData\\Local\\Temp', 'COMMONPROGRAMFILES(X86)': 'C:\\Program Files (x86)\\Common Files', 'RUNLOGFILE': 'C:\\slave\\\\runslave.log', 'PROCESSOR_ARCHITECTURE': 'x86', 'ALLUSERSPROFILE': 'C:\\ProgramData', 'USERPROFILE': 'C:\\Users\\cltbld.T-W864-IX-048.001', 'LOCALAPPDATA': 'C:\\Users\\cltbld.T-W864-IX-048.001\\AppData\\Local', 'HOMEPATH': '\\Users\\cltbld.T-W864-IX-048.001', 'USERDOMAIN_ROAMINGPROFILE': 'T-W864-IX-048', 'MOZBUILDDIR': 'C:\\mozilla-build\\', 'PROGRAMW6432': 'C:\\Program Files', 'USERNAME': 'cltbld', 'LOGONSERVER': '\\\\T-W864-IX-048', 'MOZ_NO_REMOTE': '1', 'COMSPEC': 'C:\\windows\\system32\\cmd.exe', 'PROGRAMDATA': 'C:\\ProgramData', 'PROPERTIES_FILE': 'C:\\slave\\test/buildprops.json', 'PATH': 'C:\\Program Files (x86)\\NVIDIA Corporation\\PhysX\\Common;C:\\windows\\system32;C:\\windows;C:\\windows\\System32\\Wbem;C:\\windows\\System32\\WindowsPowerShell\\v1.0\\;C:\\mozilla-build\\python27;C:\\mozilla-build\\python27\\Scripts;C:\\mozilla-build\\msys\\bin;C:\\mozilla-build\\vim\\vim72;C:\\mozilla-build\\wget;C:\\mozilla-build\\info-zip;C:\\CoreUtils\\bin;C:\\mozilla-build\\buildbotve\\scripts;C:\\mozilla-build\\hg', 'PROMPT': '$P$G', 'NO_FAIL_ON_TEST_ERRORS': '1', 'PATHEXT': '.COM;.EXE;.BAT;.CMD;.VBS;.VBE;.JS;.JSE;.WSF;.WSH;.MSC', 'FP_NO_HOST_CHECK': 'NO', 'DCLOCATION': 'SCL3', 'APPDATA': 'C:\\Users\\cltbld.T-W864-IX-048.001\\AppData\\Roaming', 'HOMEDRIVE': 'C:', 'SYSTEMDRIVE': 'C:', 'SLAVEDIR': 'C:\\slave\\', 'NUMBER_OF_PROCESSORS': '8', 'PWD': 'C:\\slave\\test', 'PROCESSOR_LEVEL': '6', 'KTS_HOME': 'C:\\Program Files\\KTS', 'PROCESSOR_ARCHITEW6432': 'AMD64', 'MOZ_CRASHREPORTER_NO_REPORT': '1', 'COMMONPROGRAMW6432': 'C:\\Program Files\\Common Files', 'OS': 'Windows_NT', 'PUBLIC': 'C:\\Users\\Public', 'WINDIR': 'C:\\windows'}}, attempt #1
16:57:33     INFO - Running command: ['C:\\slave\\test\\build\\venv\\Scripts\\pip', 'install', '--timeout', '120', '-r', 'C:\\slave\\test\\build\\tests\\config\\mozbase_requirements.txt', '--no-index', '--find-links', 'http://pypi.pvt.build.mozilla.org/pub', '--find-links', 'http://pypi.pub.build.mozilla.org/pub', '--trusted-host', 'pypi.pub.build.mozilla.org', '--trusted-host', 'pypi.pvt.build.mozilla.org'] in C:\slave\test\build\tests\config
16:57:33     INFO - Copy/paste: C:\slave\test\build\venv\Scripts\pip install --timeout 120 -r C:\slave\test\build\tests\config\mozbase_requirements.txt --no-index --find-links http://pypi.pvt.build.mozilla.org/pub --find-links http://pypi.pub.build.mozilla.org/pub --trusted-host pypi.pub.build.mozilla.org --trusted-host pypi.pvt.build.mozilla.org
16:57:33     INFO - Using env: {'ALLUSERSPROFILE': 'C:\\ProgramData',
16:57:33     INFO -  'APPDATA': 'C:\\Users\\cltbld.T-W864-IX-048.001\\AppData\\Roaming',
16:57:33     INFO -  'COMMONPROGRAMFILES': 'C:\\Program Files (x86)\\Common Files',
16:57:33     INFO -  'COMMONPROGRAMFILES(X86)': 'C:\\Program Files (x86)\\Common Files',
16:57:33     INFO -  'COMMONPROGRAMW6432': 'C:\\Program Files\\Common Files',
16:57:33     INFO -  'COMPUTERNAME': 'T-W864-IX-048',
16:57:33     INFO -  'COMSPEC': 'C:\\windows\\system32\\cmd.exe',
16:57:33     INFO -  'DCLOCATION': 'SCL3',
16:57:33     INFO -  'DNSSUFFIX': 'wintest.releng.scl3.mozilla.com',
16:57:33     INFO -  'FP_NO_HOST_CHECK': 'NO',
16:57:33     INFO -  'HOMEDRIVE': 'C:',
16:57:33     INFO -  'HOMEPATH': '\\Users\\cltbld.T-W864-IX-048.001',
16:57:33     INFO -  'KTS_HOME': 'C:\\Program Files\\KTS',
16:57:33     INFO -  'KTS_VERSION': '1.19c',
16:57:33     INFO -  'LOCALAPPDATA': 'C:\\Users\\cltbld.T-W864-IX-048.001\\AppData\\Local',
16:57:33     INFO -  'LOGONSERVER': '\\\\T-W864-IX-048',
16:57:33     INFO -  'MONDIR': 'C:\\Monitor_config\\',
16:57:33     INFO -  'MOZBUILDDIR': 'C:\\mozilla-build\\',
16:57:33     INFO -  'MOZ_CRASHREPORTER_NO_REPORT': '1',
16:57:33     INFO -  'MOZ_HIDE_RESULTS_TABLE': '1',
16:57:33     INFO -  'MOZ_NO_REMOTE': '1',
16:57:33     INFO -  'NO_EM_RESTART': '1',
16:57:33     INFO -  'NO_FAIL_ON_TEST_ERRORS': '1',
16:57:33     INFO -  'NUMBER_OF_PROCESSORS': '8',
16:57:33     INFO -  'OS': 'Windows_NT',
16:57:33     INFO -  'OURDRIVE': 'C:',
16:57:33     INFO -  'PATH': 'C:\\Program Files (x86)\\NVIDIA Corporation\\PhysX\\Common;C:\\windows\\system32;C:\\windows;C:\\windows\\System32\\Wbem;C:\\windows\\System32\\WindowsPowerShell\\v1.0\\;C:\\mozilla-build\\python27;C:\\mozilla-build\\python27\\Scripts;C:\\mozilla-build\\msys\\bin;C:\\mozilla-build\\vim\\vim72;C:\\mozilla-build\\wget;C:\\mozilla-build\\info-zip;C:\\CoreUtils\\bin;C:\\mozilla-build\\buildbotve\\scripts;C:\\mozilla-build\\hg',
16:57:33     INFO -  'PATHEXT': '.COM;.EXE;.BAT;.CMD;.VBS;.VBE;.JS;.JSE;.WSF;.WSH;.MSC',
16:57:33     INFO -  'PROCESSOR_ARCHITECTURE': 'x86',
16:57:33     INFO -  'PROCESSOR_ARCHITEW6432': 'AMD64',
16:57:33     INFO -  'PROCESSOR_IDENTIFIER': 'Intel64 Family 6 Model 30 Stepping 5, GenuineIntel',
16:57:33     INFO -  'PROCESSOR_LEVEL': '6',
16:57:33     INFO -  'PROCESSOR_REVISION': '1e05',
16:57:33     INFO -  'PROGRAMDATA': 'C:\\ProgramData',
16:57:33     INFO -  'PROGRAMFILES': 'C:\\Program Files (x86)',
16:57:33     INFO -  'PROGRAMFILES(X86)': 'C:\\Program Files (x86)',
16:57:33     INFO -  'PROGRAMW6432': 'C:\\Program Files',
16:57:33     INFO -  'PROMPT': '$P$G',
16:57:33     INFO -  'PROPERTIES_FILE': 'C:\\slave\\test/buildprops.json',
16:57:33     INFO -  'PSMODULEPATH': 'C:\\windows\\system32\\WindowsPowerShell\\v1.0\\Modules\\',
16:57:33     INFO -  'PUBLIC': 'C:\\Users\\Public',
16:57:33     INFO -  'PWD': 'C:\\slave\\test',
16:57:33     INFO -  'RUNLOGFILE': 'C:\\slave\\\\runslave.log',
16:57:33     INFO -  'SLAVEDIR': 'C:\\slave\\',
16:57:33     INFO -  'SYSTEMDRIVE': 'C:',
16:57:33     INFO -  'SYSTEMROOT': 'C:\\windows',
16:57:33     INFO -  'TEMP': 'C:\\Users\\CLTBLD~1.001\\AppData\\Local\\Temp',
16:57:33     INFO -  'TEST1': 'testie',
16:57:33     INFO -  'TMP': 'C:\\Users\\CLTBLD~1.001\\AppData\\Local\\Temp',
16:57:33     INFO -  'USERDOMAIN': 'T-W864-IX-048',
16:57:33     INFO -  'USERDOMAIN_ROAMINGPROFILE': 'T-W864-IX-048',
16:57:33     INFO -  'USERNAME': 'cltbld',
16:57:33     INFO -  'USERPROFILE': 'C:\\Users\\cltbld.T-W864-IX-048.001',
16:57:33     INFO -  'WINDIR': 'C:\\windows',
16:57:33     INFO -  'XPCOM_DEBUG_BREAK': 'warn'}
16:57:34     INFO -  Ignoring indexes: https://pypi.python.org/simple
16:57:34     INFO -  Processing c:\slave\test\build\tests\mozbase\manifestparser
16:57:34     INFO -    Requirement already satisfied (use --upgrade to upgrade): manifestparser==1.1 from file:///C:/slave/test/build/tests/mozbase/manifestparser in c:\slave\test\build\venv\lib\site-packages (from -r C:\slave\test\build\tests\config\mozbase_requirements.txt (line 1))
16:57:34     INFO -  Processing c:\slave\test\build\tests\mozbase\mozcrash
16:57:34     INFO -    Requirement already satisfied (use --upgrade to upgrade): mozcrash==1.0 from file:///C:/slave/test/build/tests/mozbase/mozcrash in c:\slave\test\build\venv\lib\site-packages (from -r C:\slave\test\build\tests\config\mozbase_requirements.txt (line 2))
16:57:34     INFO -  Processing c:\slave\test\build\tests\mozbase\mozdebug
16:57:35     INFO -    Requirement already satisfied (use --upgrade to upgrade): mozdebug==0.1 from file:///C:/slave/test/build/tests/mozbase/mozdebug in c:\slave\test\build\venv\lib\site-packages (from -r C:\slave\test\build\tests\config\mozbase_requirements.txt (line 3))
16:57:35     INFO -  Processing c:\slave\test\build\tests\mozbase\mozdevice
16:57:35     INFO -    Requirement already satisfied (use --upgrade to upgrade): mozdevice==0.48 from file:///C:/slave/test/build/tests/mozbase/mozdevice in c:\slave\test\build\venv\lib\site-packages (from -r C:\slave\test\build\tests\config\mozbase_requirements.txt (line 4))
16:57:35     INFO -  Processing c:\slave\test\build\tests\mozbase\mozfile
16:57:35     INFO -    Requirement already satisfied (use --upgrade to upgrade): mozfile==1.2 from file:///C:/slave/test/build/tests/mozbase/mozfile in c:\slave\test\build\venv\lib\site-packages (from -r C:\slave\test\build\tests\config\mozbase_requirements.txt (line 5))
16:57:35     INFO -  Processing c:\slave\test\build\tests\mozbase\mozhttpd
16:57:35     INFO -    Requirement already satisfied (use --upgrade to upgrade): mozhttpd==0.7 from file:///C:/slave/test/build/tests/mozbase/mozhttpd in c:\slave\test\build\venv\lib\site-packages (from -r C:\slave\test\build\tests\config\mozbase_requirements.txt (line 6))
16:57:35     INFO -  Processing c:\slave\test\build\tests\mozbase\mozinfo
16:57:36     INFO -    Requirement already satisfied (use --upgrade to upgrade): mozinfo==0.9 from file:///C:/slave/test/build/tests/mozbase/mozinfo in c:\slave\test\build\venv\lib\site-packages (from -r C:\slave\test\build\tests\config\mozbase_requirements.txt (line 7))
16:57:36     INFO -  Processing c:\slave\test\build\tests\mozbase\mozinstall
16:57:36     INFO -    Requirement already satisfied (use --upgrade to upgrade): mozInstall==1.12 from file:///C:/slave/test/build/tests/mozbase/mozinstall in c:\slave\test\build\venv\lib\site-packages (from -r C:\slave\test\build\tests\config\mozbase_requirements.txt (line 8))
16:57:36     INFO -  Processing c:\slave\test\build\tests\mozbase\mozleak
16:57:36     INFO -    Requirement already satisfied (use --upgrade to upgrade): mozleak==0.1 from file:///C:/slave/test/build/tests/mozbase/mozleak in c:\slave\test\build\venv\lib\site-packages (from -r C:\slave\test\build\tests\config\mozbase_requirements.txt (line 9))
16:57:36     INFO -  Processing c:\slave\test\build\tests\mozbase\mozlog
16:57:36     INFO -    Requirement already satisfied (use --upgrade to upgrade): mozlog==3.4 from file:///C:/slave/test/build/tests/mozbase/mozlog in c:\slave\test\build\venv\lib\site-packages (from -r C:\slave\test\build\tests\config\mozbase_requirements.txt (line 10))
16:57:36     INFO -  Processing c:\slave\test\build\tests\mozbase\moznetwork
16:57:37     INFO -    Requirement already satisfied (use --upgrade to upgrade): moznetwork==0.27 from file:///C:/slave/test/build/tests/mozbase/moznetwork in c:\slave\test\build\venv\lib\site-packages (from -r C:\slave\test\build\tests\config\mozbase_requirements.txt (line 11))
16:57:37     INFO -  Processing c:\slave\test\build\tests\mozbase\mozprocess
16:57:37     INFO -    Requirement already satisfied (use --upgrade to upgrade): mozprocess==0.23 from file:///C:/slave/test/build/tests/mozbase/mozprocess in c:\slave\test\build\venv\lib\site-packages (from -r C:\slave\test\build\tests\config\mozbase_requirements.txt (line 12))
16:57:37     INFO -  Processing c:\slave\test\build\tests\mozbase\mozprofile
16:57:37     INFO -    Requirement already satisfied (use --upgrade to upgrade): mozprofile==0.28 from file:///C:/slave/test/build/tests/mozbase/mozprofile in c:\slave\test\build\venv\lib\site-packages (from -r C:\slave\test\build\tests\config\mozbase_requirements.txt (line 13))
16:57:37     INFO -  Processing c:\slave\test\build\tests\mozbase\mozrunner
16:57:38     INFO -    Requirement already satisfied (use --upgrade to upgrade): mozrunner==6.13 from file:///C:/slave/test/build/tests/mozbase/mozrunner in c:\slave\test\build\venv\lib\site-packages (from -r C:\slave\test\build\tests\config\mozbase_requirements.txt (line 14))
16:57:38     INFO -  Processing c:\slave\test\build\tests\mozbase\mozscreenshot
16:57:38     INFO -    Requirement already satisfied (use --upgrade to upgrade): mozscreenshot==0.1 from file:///C:/slave/test/build/tests/mozbase/mozscreenshot in c:\slave\test\build\venv\lib\site-packages (from -r C:\slave\test\build\tests\config\mozbase_requirements.txt (line 15))
16:57:38     INFO -  Processing c:\slave\test\build\tests\mozbase\moztest
16:57:38     INFO -    Requirement already satisfied (use --upgrade to upgrade): moztest==0.8 from file:///C:/slave/test/build/tests/mozbase/moztest in c:\slave\test\build\venv\lib\site-packages (from -r C:\slave\test\build\tests\config\mozbase_requirements.txt (line 16))
16:57:38     INFO -  Processing c:\slave\test\build\tests\mozbase\mozversion
16:57:38     INFO -    Requirement already satisfied (use --upgrade to upgrade): mozversion==1.4 from file:///C:/slave/test/build/tests/mozbase/mozversion in c:\slave\test\build\venv\lib\site-packages (from -r C:\slave\test\build\tests\config\mozbase_requirements.txt (line 17))
16:57:38     INFO -  Requirement already satisfied (use --upgrade to upgrade): mozfile>=1.0 in c:\slave\test\build\venv\lib\site-packages (from mozcrash==1.0->-r C:\slave\test\build\tests\config\mozbase_requirements.txt (line 2))
16:57:38     INFO -  Requirement already satisfied (use --upgrade to upgrade): mozlog>=3.0 in c:\slave\test\build\venv\lib\site-packages (from mozcrash==1.0->-r C:\slave\test\build\tests\config\mozbase_requirements.txt (line 2))
16:57:38     INFO -  Requirement already satisfied (use --upgrade to upgrade): mozinfo in c:\slave\test\build\venv\lib\site-packages (from mozdebug==0.1->-r C:\slave\test\build\tests\config\mozbase_requirements.txt (line 3))
16:57:38     INFO -  Requirement already satisfied (use --upgrade to upgrade): moznetwork>=0.24 in c:\slave\test\build\venv\lib\site-packages (from mozdevice==0.48->-r C:\slave\test\build\tests\config\mozbase_requirements.txt (line 4))
16:57:38     INFO -  Requirement already satisfied (use --upgrade to upgrade): mozprocess>=0.19 in c:\slave\test\build\venv\lib\site-packages (from mozdevice==0.48->-r C:\slave\test\build\tests\config\mozbase_requirements.txt (line 4))
16:57:38     INFO -  Collecting blessings>=1.3 (from mozlog==3.4->-r C:\slave\test\build\tests\config\mozbase_requirements.txt (line 10))
16:57:40     INFO -  Installing collected packages: blessings
16:57:40     INFO -  Successfully installed blessings-1.6
16:57:43     INFO - Return code: 0
16:57:43     INFO - Installing pip>=1.5 into virtualenv C:\slave\test\build\venv
16:57:43     INFO - retry: Calling run_command with args: [['C:\\slave\\test\\build\\venv\\Scripts\\pip', 'install', '--timeout', '120', '--no-index', '--find-links', 'http://pypi.pvt.build.mozilla.org/pub', '--find-links', 'http://pypi.pub.build.mozilla.org/pub', '--trusted-host', 'pypi.pub.build.mozilla.org', '--trusted-host', 'pypi.pvt.build.mozilla.org', 'pip>=1.5']], kwargs: {'error_level': 'warning', 'error_list': [{'substr': 'not found or a compiler error:', 'level': 'warning'}, {'regex': <_sre.SRE_Pattern object at 0x022823A0>, 'level': 'error'}, {'regex': <_sre.SRE_Pattern object at 0x0237A020>, 'level': 'warning'}, {'regex': <_sre.SRE_Pattern object at 0x022E2510>, 'level': 'debug'}, {'substr': 'command not found', 'level': 'error'}, {'regex': <_sre.SRE_Pattern object at 0x0232D758>, 'level': 'warning'}, {'substr': 'Traceback (most recent call last)', 'level': 'error'}, {'substr': 'SyntaxError: ', 'level': 'error'}, {'substr': 'TypeError: ', 'level': 'error'}, {'substr': 'NameError: ', 'level': 'error'}, {'substr': 'ZeroDivisionError: ', 'level': 'error'}, {'regex': <_sre.SRE_Pattern object at 0x01CEAB20>, 'level': 'critical'}, {'regex': <_sre.SRE_Pattern object at 0x0234A660>, 'level': 'critical'}], 'cwd': 'C:\\slave\\test\\build', 'env': {'TMP': 'C:\\Users\\CLTBLD~1.001\\AppData\\Local\\Temp', 'TEST1': 'testie', 'COMPUTERNAME': 'T-W864-IX-048', 'USERDOMAIN': 'T-W864-IX-048', 'KTS_VERSION': '1.19c', 'PSMODULEPATH': 'C:\\windows\\system32\\WindowsPowerShell\\v1.0\\Modules\\', 'COMMONPROGRAMFILES': 'C:\\Program Files (x86)\\Common Files', 'PROCESSOR_IDENTIFIER': 'Intel64 Family 6 Model 30 Stepping 5, GenuineIntel', 'PROGRAMFILES': 'C:\\Program Files (x86)', 'PROCESSOR_REVISION': '1e05', 'DNSSUFFIX': 'wintest.releng.scl3.mozilla.com', 'SYSTEMROOT': 'C:\\windows', 'NO_EM_RESTART': '1', 'PROGRAMFILES(X86)': 'C:\\Program Files (x86)', 'OURDRIVE': 'C:', 'MOZ_HIDE_RESULTS_TABLE': '1', 'XPCOM_DEBUG_BREAK': 'warn', 'MONDIR': 'C:\\Monitor_config\\', 'TEMP': 'C:\\Users\\CLTBLD~1.001\\AppData\\Local\\Temp', 'COMMONPROGRAMFILES(X86)': 'C:\\Program Files (x86)\\Common Files', 'RUNLOGFILE': 'C:\\slave\\\\runslave.log', 'PROCESSOR_ARCHITECTURE': 'x86', 'ALLUSERSPROFILE': 'C:\\ProgramData', 'USERPROFILE': 'C:\\Users\\cltbld.T-W864-IX-048.001', 'LOCALAPPDATA': 'C:\\Users\\cltbld.T-W864-IX-048.001\\AppData\\Local', 'HOMEPATH': '\\Users\\cltbld.T-W864-IX-048.001', 'USERDOMAIN_ROAMINGPROFILE': 'T-W864-IX-048', 'MOZBUILDDIR': 'C:\\mozilla-build\\', 'PROGRAMW6432': 'C:\\Program Files', 'USERNAME': 'cltbld', 'LOGONSERVER': '\\\\T-W864-IX-048', 'MOZ_NO_REMOTE': '1', 'COMSPEC': 'C:\\windows\\system32\\cmd.exe', 'PROGRAMDATA': 'C:\\ProgramData', 'PROPERTIES_FILE': 'C:\\slave\\test/buildprops.json', 'PATH': 'C:\\Program Files (x86)\\NVIDIA Corporation\\PhysX\\Common;C:\\windows\\system32;C:\\windows;C:\\windows\\System32\\Wbem;C:\\windows\\System32\\WindowsPowerShell\\v1.0\\;C:\\mozilla-build\\python27;C:\\mozilla-build\\python27\\Scripts;C:\\mozilla-build\\msys\\bin;C:\\mozilla-build\\vim\\vim72;C:\\mozilla-build\\wget;C:\\mozilla-build\\info-zip;C:\\CoreUtils\\bin;C:\\mozilla-build\\buildbotve\\scripts;C:\\mozilla-build\\hg', 'PROMPT': '$P$G', 'NO_FAIL_ON_TEST_ERRORS': '1', 'PATHEXT': '.COM;.EXE;.BAT;.CMD;.VBS;.VBE;.JS;.JSE;.WSF;.WSH;.MSC', 'FP_NO_HOST_CHECK': 'NO', 'DCLOCATION': 'SCL3', 'APPDATA': 'C:\\Users\\cltbld.T-W864-IX-048.001\\AppData\\Roaming', 'HOMEDRIVE': 'C:', 'SYSTEMDRIVE': 'C:', 'SLAVEDIR': 'C:\\slave\\', 'NUMBER_OF_PROCESSORS': '8', 'PWD': 'C:\\slave\\test', 'PROCESSOR_LEVEL': '6', 'KTS_HOME': 'C:\\Program Files\\KTS', 'PROCESSOR_ARCHITEW6432': 'AMD64', 'MOZ_CRASHREPORTER_NO_REPORT': '1', 'COMMONPROGRAMW6432': 'C:\\Program Files\\Common Files', 'OS': 'Windows_NT', 'PUBLIC': 'C:\\Users\\Public', 'WINDIR': 'C:\\windows'}}, attempt #1
16:57:43     INFO - Running command: ['C:\\slave\\test\\build\\venv\\Scripts\\pip', 'install', '--timeout', '120', '--no-index', '--find-links', 'http://pypi.pvt.build.mozilla.org/pub', '--find-links', 'http://pypi.pub.build.mozilla.org/pub', '--trusted-host', 'pypi.pub.build.mozilla.org', '--trusted-host', 'pypi.pvt.build.mozilla.org', 'pip>=1.5'] in C:\slave\test\build
16:57:43     INFO - Copy/paste: C:\slave\test\build\venv\Scripts\pip install --timeout 120 --no-index --find-links http://pypi.pvt.build.mozilla.org/pub --find-links http://pypi.pub.build.mozilla.org/pub --trusted-host pypi.pub.build.mozilla.org --trusted-host pypi.pvt.build.mozilla.org pip>=1.5
16:57:43     INFO - Using env: {'ALLUSERSPROFILE': 'C:\\ProgramData',
16:57:43     INFO -  'APPDATA': 'C:\\Users\\cltbld.T-W864-IX-048.001\\AppData\\Roaming',
16:57:43     INFO -  'COMMONPROGRAMFILES': 'C:\\Program Files (x86)\\Common Files',
16:57:43     INFO -  'COMMONPROGRAMFILES(X86)': 'C:\\Program Files (x86)\\Common Files',
16:57:43     INFO -  'COMMONPROGRAMW6432': 'C:\\Program Files\\Common Files',
16:57:43     INFO -  'COMPUTERNAME': 'T-W864-IX-048',
16:57:43     INFO -  'COMSPEC': 'C:\\windows\\system32\\cmd.exe',
16:57:43     INFO -  'DCLOCATION': 'SCL3',
16:57:43     INFO -  'DNSSUFFIX': 'wintest.releng.scl3.mozilla.com',
16:57:43     INFO -  'FP_NO_HOST_CHECK': 'NO',
16:57:43     INFO -  'HOMEDRIVE': 'C:',
16:57:43     INFO -  'HOMEPATH': '\\Users\\cltbld.T-W864-IX-048.001',
16:57:43     INFO -  'KTS_HOME': 'C:\\Program Files\\KTS',
16:57:43     INFO -  'KTS_VERSION': '1.19c',
16:57:43     INFO -  'LOCALAPPDATA': 'C:\\Users\\cltbld.T-W864-IX-048.001\\AppData\\Local',
16:57:43     INFO -  'LOGONSERVER': '\\\\T-W864-IX-048',
16:57:43     INFO -  'MONDIR': 'C:\\Monitor_config\\',
16:57:43     INFO -  'MOZBUILDDIR': 'C:\\mozilla-build\\',
16:57:43     INFO -  'MOZ_CRASHREPORTER_NO_REPORT': '1',
16:57:43     INFO -  'MOZ_HIDE_RESULTS_TABLE': '1',
16:57:43     INFO -  'MOZ_NO_REMOTE': '1',
16:57:43     INFO -  'NO_EM_RESTART': '1',
16:57:43     INFO -  'NO_FAIL_ON_TEST_ERRORS': '1',
16:57:43     INFO -  'NUMBER_OF_PROCESSORS': '8',
16:57:43     INFO -  'OS': 'Windows_NT',
16:57:43     INFO -  'OURDRIVE': 'C:',
16:57:43     INFO -  'PATH': 'C:\\Program Files (x86)\\NVIDIA Corporation\\PhysX\\Common;C:\\windows\\system32;C:\\windows;C:\\windows\\System32\\Wbem;C:\\windows\\System32\\WindowsPowerShell\\v1.0\\;C:\\mozilla-build\\python27;C:\\mozilla-build\\python27\\Scripts;C:\\mozilla-build\\msys\\bin;C:\\mozilla-build\\vim\\vim72;C:\\mozilla-build\\wget;C:\\mozilla-build\\info-zip;C:\\CoreUtils\\bin;C:\\mozilla-build\\buildbotve\\scripts;C:\\mozilla-build\\hg',
16:57:43     INFO -  'PATHEXT': '.COM;.EXE;.BAT;.CMD;.VBS;.VBE;.JS;.JSE;.WSF;.WSH;.MSC',
16:57:43     INFO -  'PROCESSOR_ARCHITECTURE': 'x86',
16:57:43     INFO -  'PROCESSOR_ARCHITEW6432': 'AMD64',
16:57:43     INFO -  'PROCESSOR_IDENTIFIER': 'Intel64 Family 6 Model 30 Stepping 5, GenuineIntel',
16:57:43     INFO -  'PROCESSOR_LEVEL': '6',
16:57:43     INFO -  'PROCESSOR_REVISION': '1e05',
16:57:43     INFO -  'PROGRAMDATA': 'C:\\ProgramData',
16:57:43     INFO -  'PROGRAMFILES': 'C:\\Program Files (x86)',
16:57:43     INFO -  'PROGRAMFILES(X86)': 'C:\\Program Files (x86)',
16:57:43     INFO -  'PROGRAMW6432': 'C:\\Program Files',
16:57:43     INFO -  'PROMPT': '$P$G',
16:57:43     INFO -  'PROPERTIES_FILE': 'C:\\slave\\test/buildprops.json',
16:57:43     INFO -  'PSMODULEPATH': 'C:\\windows\\system32\\WindowsPowerShell\\v1.0\\Modules\\',
16:57:43     INFO -  'PUBLIC': 'C:\\Users\\Public',
16:57:43     INFO -  'PWD': 'C:\\slave\\test',
16:57:43     INFO -  'RUNLOGFILE': 'C:\\slave\\\\runslave.log',
16:57:43     INFO -  'SLAVEDIR': 'C:\\slave\\',
16:57:43     INFO -  'SYSTEMDRIVE': 'C:',
16:57:43     INFO -  'SYSTEMROOT': 'C:\\windows',
16:57:43     INFO -  'TEMP': 'C:\\Users\\CLTBLD~1.001\\AppData\\Local\\Temp',
16:57:43     INFO -  'TEST1': 'testie',
16:57:43     INFO -  'TMP': 'C:\\Users\\CLTBLD~1.001\\AppData\\Local\\Temp',
16:57:43     INFO -  'USERDOMAIN': 'T-W864-IX-048',
16:57:43     INFO -  'USERDOMAIN_ROAMINGPROFILE': 'T-W864-IX-048',
16:57:43     INFO -  'USERNAME': 'cltbld',
16:57:43     INFO -  'USERPROFILE': 'C:\\Users\\cltbld.T-W864-IX-048.001',
16:57:43     INFO -  'WINDIR': 'C:\\windows',
16:57:43     INFO -  'XPCOM_DEBUG_BREAK': 'warn'}
16:57:43     INFO -  Ignoring indexes: https://pypi.python.org/simple
16:57:43     INFO -  Requirement already satisfied (use --upgrade to upgrade): pip>=1.5 in c:\slave\test\build\venv\lib\site-packages
16:57:43     INFO - Return code: 0
16:57:43     INFO - Installing psutil==3.1.1 into virtualenv C:\slave\test\build\venv
16:57:43     INFO - retry: Calling run_command with args: [['C:\\slave\\test\\build\\venv\\Scripts\\pip', 'install', '--timeout', '120', '--no-index', '--find-links', 'http://pypi.pvt.build.mozilla.org/pub', '--find-links', 'http://pypi.pub.build.mozilla.org/pub', '--trusted-host', 'pypi.pub.build.mozilla.org', '--trusted-host', 'pypi.pvt.build.mozilla.org', 'psutil==3.1.1']], kwargs: {'error_level': 'warning', 'error_list': [{'substr': 'not found or a compiler error:', 'level': 'warning'}, {'regex': <_sre.SRE_Pattern object at 0x022823A0>, 'level': 'error'}, {'regex': <_sre.SRE_Pattern object at 0x0237A020>, 'level': 'warning'}, {'regex': <_sre.SRE_Pattern object at 0x022E2510>, 'level': 'debug'}, {'substr': 'command not found', 'level': 'error'}, {'regex': <_sre.SRE_Pattern object at 0x0232D758>, 'level': 'warning'}, {'substr': 'Traceback (most recent call last)', 'level': 'error'}, {'substr': 'SyntaxError: ', 'level': 'error'}, {'substr': 'TypeError: ', 'level': 'error'}, {'substr': 'NameError: ', 'level': 'error'}, {'substr': 'ZeroDivisionError: ', 'level': 'error'}, {'regex': <_sre.SRE_Pattern object at 0x01CEAB20>, 'level': 'critical'}, {'regex': <_sre.SRE_Pattern object at 0x0234A660>, 'level': 'critical'}], 'cwd': 'C:\\slave\\test\\build', 'env': {'TMP': 'C:\\Users\\CLTBLD~1.001\\AppData\\Local\\Temp', 'TEST1': 'testie', 'COMPUTERNAME': 'T-W864-IX-048', 'USERDOMAIN': 'T-W864-IX-048', 'KTS_VERSION': '1.19c', 'PSMODULEPATH': 'C:\\windows\\system32\\WindowsPowerShell\\v1.0\\Modules\\', 'COMMONPROGRAMFILES': 'C:\\Program Files (x86)\\Common Files', 'PROCESSOR_IDENTIFIER': 'Intel64 Family 6 Model 30 Stepping 5, GenuineIntel', 'PROGRAMFILES': 'C:\\Program Files (x86)', 'PROCESSOR_REVISION': '1e05', 'DNSSUFFIX': 'wintest.releng.scl3.mozilla.com', 'SYSTEMROOT': 'C:\\windows', 'NO_EM_RESTART': '1', 'PROGRAMFILES(X86)': 'C:\\Program Files (x86)', 'OURDRIVE': 'C:', 'MOZ_HIDE_RESULTS_TABLE': '1', 'XPCOM_DEBUG_BREAK': 'warn', 'MONDIR': 'C:\\Monitor_config\\', 'TEMP': 'C:\\Users\\CLTBLD~1.001\\AppData\\Local\\Temp', 'COMMONPROGRAMFILES(X86)': 'C:\\Program Files (x86)\\Common Files', 'RUNLOGFILE': 'C:\\slave\\\\runslave.log', 'PROCESSOR_ARCHITECTURE': 'x86', 'ALLUSERSPROFILE': 'C:\\ProgramData', 'USERPROFILE': 'C:\\Users\\cltbld.T-W864-IX-048.001', 'LOCALAPPDATA': 'C:\\Users\\cltbld.T-W864-IX-048.001\\AppData\\Local', 'HOMEPATH': '\\Users\\cltbld.T-W864-IX-048.001', 'USERDOMAIN_ROAMINGPROFILE': 'T-W864-IX-048', 'MOZBUILDDIR': 'C:\\mozilla-build\\', 'PROGRAMW6432': 'C:\\Program Files', 'USERNAME': 'cltbld', 'LOGONSERVER': '\\\\T-W864-IX-048', 'MOZ_NO_REMOTE': '1', 'COMSPEC': 'C:\\windows\\system32\\cmd.exe', 'PROGRAMDATA': 'C:\\ProgramData', 'PROPERTIES_FILE': 'C:\\slave\\test/buildprops.json', 'PATH': 'C:\\Program Files (x86)\\NVIDIA Corporation\\PhysX\\Common;C:\\windows\\system32;C:\\windows;C:\\windows\\System32\\Wbem;C:\\windows\\System32\\WindowsPowerShell\\v1.0\\;C:\\mozilla-build\\python27;C:\\mozilla-build\\python27\\Scripts;C:\\mozilla-build\\msys\\bin;C:\\mozilla-build\\vim\\vim72;C:\\mozilla-build\\wget;C:\\mozilla-build\\info-zip;C:\\CoreUtils\\bin;C:\\mozilla-build\\buildbotve\\scripts;C:\\mozilla-build\\hg', 'PROMPT': '$P$G', 'NO_FAIL_ON_TEST_ERRORS': '1', 'PATHEXT': '.COM;.EXE;.BAT;.CMD;.VBS;.VBE;.JS;.JSE;.WSF;.WSH;.MSC', 'FP_NO_HOST_CHECK': 'NO', 'DCLOCATION': 'SCL3', 'APPDATA': 'C:\\Users\\cltbld.T-W864-IX-048.001\\AppData\\Roaming', 'HOMEDRIVE': 'C:', 'SYSTEMDRIVE': 'C:', 'SLAVEDIR': 'C:\\slave\\', 'NUMBER_OF_PROCESSORS': '8', 'PWD': 'C:\\slave\\test', 'PROCESSOR_LEVEL': '6', 'KTS_HOME': 'C:\\Program Files\\KTS', 'PROCESSOR_ARCHITEW6432': 'AMD64', 'MOZ_CRASHREPORTER_NO_REPORT': '1', 'COMMONPROGRAMW6432': 'C:\\Program Files\\Common Files', 'OS': 'Windows_NT', 'PUBLIC': 'C:\\Users\\Public', 'WINDIR': 'C:\\windows'}}, attempt #1
16:57:43     INFO - Running command: ['C:\\slave\\test\\build\\venv\\Scripts\\pip', 'install', '--timeout', '120', '--no-index', '--find-links', 'http://pypi.pvt.build.mozilla.org/pub', '--find-links', 'http://pypi.pub.build.mozilla.org/pub', '--trusted-host', 'pypi.pub.build.mozilla.org', '--trusted-host', 'pypi.pvt.build.mozilla.org', 'psutil==3.1.1'] in C:\slave\test\build
16:57:43     INFO - Copy/paste: C:\slave\test\build\venv\Scripts\pip install --timeout 120 --no-index --find-links http://pypi.pvt.build.mozilla.org/pub --find-links http://pypi.pub.build.mozilla.org/pub --trusted-host pypi.pub.build.mozilla.org --trusted-host pypi.pvt.build.mozilla.org psutil==3.1.1
16:57:43     INFO - Using env: {'ALLUSERSPROFILE': 'C:\\ProgramData',
16:57:43     INFO -  'APPDATA': 'C:\\Users\\cltbld.T-W864-IX-048.001\\AppData\\Roaming',
16:57:43     INFO -  'COMMONPROGRAMFILES': 'C:\\Program Files (x86)\\Common Files',
16:57:43     INFO -  'COMMONPROGRAMFILES(X86)': 'C:\\Program Files (x86)\\Common Files',
16:57:43     INFO -  'COMMONPROGRAMW6432': 'C:\\Program Files\\Common Files',
16:57:43     INFO -  'COMPUTERNAME': 'T-W864-IX-048',
16:57:43     INFO -  'COMSPEC': 'C:\\windows\\system32\\cmd.exe',
16:57:43     INFO -  'DCLOCATION': 'SCL3',
16:57:43     INFO -  'DNSSUFFIX': 'wintest.releng.scl3.mozilla.com',
16:57:43     INFO -  'FP_NO_HOST_CHECK': 'NO',
16:57:43     INFO -  'HOMEDRIVE': 'C:',
16:57:43     INFO -  'HOMEPATH': '\\Users\\cltbld.T-W864-IX-048.001',
16:57:43     INFO -  'KTS_HOME': 'C:\\Program Files\\KTS',
16:57:43     INFO -  'KTS_VERSION': '1.19c',
16:57:43     INFO -  'LOCALAPPDATA': 'C:\\Users\\cltbld.T-W864-IX-048.001\\AppData\\Local',
16:57:43     INFO -  'LOGONSERVER': '\\\\T-W864-IX-048',
16:57:43     INFO -  'MONDIR': 'C:\\Monitor_config\\',
16:57:43     INFO -  'MOZBUILDDIR': 'C:\\mozilla-build\\',
16:57:43     INFO -  'MOZ_CRASHREPORTER_NO_REPORT': '1',
16:57:43     INFO -  'MOZ_HIDE_RESULTS_TABLE': '1',
16:57:43     INFO -  'MOZ_NO_REMOTE': '1',
16:57:43     INFO -  'NO_EM_RESTART': '1',
16:57:43     INFO -  'NO_FAIL_ON_TEST_ERRORS': '1',
16:57:43     INFO -  'NUMBER_OF_PROCESSORS': '8',
16:57:43     INFO -  'OS': 'Windows_NT',
16:57:43     INFO -  'OURDRIVE': 'C:',
16:57:43     INFO -  'PATH': 'C:\\Program Files (x86)\\NVIDIA Corporation\\PhysX\\Common;C:\\windows\\system32;C:\\windows;C:\\windows\\System32\\Wbem;C:\\windows\\System32\\WindowsPowerShell\\v1.0\\;C:\\mozilla-build\\python27;C:\\mozilla-build\\python27\\Scripts;C:\\mozilla-build\\msys\\bin;C:\\mozilla-build\\vim\\vim72;C:\\mozilla-build\\wget;C:\\mozilla-build\\info-zip;C:\\CoreUtils\\bin;C:\\mozilla-build\\buildbotve\\scripts;C:\\mozilla-build\\hg',
16:57:43     INFO -  'PATHEXT': '.COM;.EXE;.BAT;.CMD;.VBS;.VBE;.JS;.JSE;.WSF;.WSH;.MSC',
16:57:43     INFO -  'PROCESSOR_ARCHITECTURE': 'x86',
16:57:43     INFO -  'PROCESSOR_ARCHITEW6432': 'AMD64',
16:57:43     INFO -  'PROCESSOR_IDENTIFIER': 'Intel64 Family 6 Model 30 Stepping 5, GenuineIntel',
16:57:43     INFO -  'PROCESSOR_LEVEL': '6',
16:57:43     INFO -  'PROCESSOR_REVISION': '1e05',
16:57:43     INFO -  'PROGRAMDATA': 'C:\\ProgramData',
16:57:43     INFO -  'PROGRAMFILES': 'C:\\Program Files (x86)',
16:57:43     INFO -  'PROGRAMFILES(X86)': 'C:\\Program Files (x86)',
16:57:43     INFO -  'PROGRAMW6432': 'C:\\Program Files',
16:57:43     INFO -  'PROMPT': '$P$G',
16:57:43     INFO -  'PROPERTIES_FILE': 'C:\\slave\\test/buildprops.json',
16:57:43     INFO -  'PSMODULEPATH': 'C:\\windows\\system32\\WindowsPowerShell\\v1.0\\Modules\\',
16:57:43     INFO -  'PUBLIC': 'C:\\Users\\Public',
16:57:43     INFO -  'PWD': 'C:\\slave\\test',
16:57:43     INFO -  'RUNLOGFILE': 'C:\\slave\\\\runslave.log',
16:57:43     INFO -  'SLAVEDIR': 'C:\\slave\\',
16:57:43     INFO -  'SYSTEMDRIVE': 'C:',
16:57:43     INFO -  'SYSTEMROOT': 'C:\\windows',
16:57:43     INFO -  'TEMP': 'C:\\Users\\CLTBLD~1.001\\AppData\\Local\\Temp',
16:57:43     INFO -  'TEST1': 'testie',
16:57:43     INFO -  'TMP': 'C:\\Users\\CLTBLD~1.001\\AppData\\Local\\Temp',
16:57:43     INFO -  'USERDOMAIN': 'T-W864-IX-048',
16:57:43     INFO -  'USERDOMAIN_ROAMINGPROFILE': 'T-W864-IX-048',
16:57:43     INFO -  'USERNAME': 'cltbld',
16:57:43     INFO -  'USERPROFILE': 'C:\\Users\\cltbld.T-W864-IX-048.001',
16:57:43     INFO -  'WINDIR': 'C:\\windows',
16:57:43     INFO -  'XPCOM_DEBUG_BREAK': 'warn'}
16:57:44     INFO -  Ignoring indexes: https://pypi.python.org/simple
16:57:44     INFO -  Collecting psutil==3.1.1
16:57:45     INFO -    Downloading http://pypi.pvt.build.mozilla.org/pub/psutil-3.1.1-cp27-none-win32.whl (87kB)
16:57:45     INFO -  Installing collected packages: psutil
16:57:45     INFO -    Found existing installation: psutil 5.4.3
16:57:45     INFO -      Uninstalling psutil-5.4.3:
16:57:45     INFO -        Successfully uninstalled psutil-5.4.3
16:57:45     INFO -  Successfully installed psutil-3.1.1
16:57:46     INFO - Return code: 0
16:57:46     INFO - Installing mock into virtualenv C:\slave\test\build\venv
16:57:46     INFO - retry: Calling run_command with args: [['C:\\slave\\test\\build\\venv\\Scripts\\pip', 'install', '--timeout', '120', '--no-index', '--find-links', 'http://pypi.pvt.build.mozilla.org/pub', '--find-links', 'http://pypi.pub.build.mozilla.org/pub', '--trusted-host', 'pypi.pub.build.mozilla.org', '--trusted-host', 'pypi.pvt.build.mozilla.org', 'mock']], kwargs: {'error_level': 'warning', 'error_list': [{'substr': 'not found or a compiler error:', 'level': 'warning'}, {'regex': <_sre.SRE_Pattern object at 0x022823A0>, 'level': 'error'}, {'regex': <_sre.SRE_Pattern object at 0x0237A020>, 'level': 'warning'}, {'regex': <_sre.SRE_Pattern object at 0x022E2510>, 'level': 'debug'}, {'substr': 'command not found', 'level': 'error'}, {'regex': <_sre.SRE_Pattern object at 0x0232D758>, 'level': 'warning'}, {'substr': 'Traceback (most recent call last)', 'level': 'error'}, {'substr': 'SyntaxError: ', 'level': 'error'}, {'substr': 'TypeError: ', 'level': 'error'}, {'substr': 'NameError: ', 'level': 'error'}, {'substr': 'ZeroDivisionError: ', 'level': 'error'}, {'regex': <_sre.SRE_Pattern object at 0x01CEAB20>, 'level': 'critical'}, {'regex': <_sre.SRE_Pattern object at 0x0234A660>, 'level': 'critical'}], 'cwd': 'C:\\slave\\test\\build', 'env': {'TMP': 'C:\\Users\\CLTBLD~1.001\\AppData\\Local\\Temp', 'TEST1': 'testie', 'COMPUTERNAME': 'T-W864-IX-048', 'USERDOMAIN': 'T-W864-IX-048', 'KTS_VERSION': '1.19c', 'PSMODULEPATH': 'C:\\windows\\system32\\WindowsPowerShell\\v1.0\\Modules\\', 'COMMONPROGRAMFILES': 'C:\\Program Files (x86)\\Common Files', 'PROCESSOR_IDENTIFIER': 'Intel64 Family 6 Model 30 Stepping 5, GenuineIntel', 'PROGRAMFILES': 'C:\\Program Files (x86)', 'PROCESSOR_REVISION': '1e05', 'DNSSUFFIX': 'wintest.releng.scl3.mozilla.com', 'SYSTEMROOT': 'C:\\windows', 'NO_EM_RESTART': '1', 'PROGRAMFILES(X86)': 'C:\\Program Files (x86)', 'OURDRIVE': 'C:', 'MOZ_HIDE_RESULTS_TABLE': '1', 'XPCOM_DEBUG_BREAK': 'warn', 'MONDIR': 'C:\\Monitor_config\\', 'TEMP': 'C:\\Users\\CLTBLD~1.001\\AppData\\Local\\Temp', 'COMMONPROGRAMFILES(X86)': 'C:\\Program Files (x86)\\Common Files', 'RUNLOGFILE': 'C:\\slave\\\\runslave.log', 'PROCESSOR_ARCHITECTURE': 'x86', 'ALLUSERSPROFILE': 'C:\\ProgramData', 'USERPROFILE': 'C:\\Users\\cltbld.T-W864-IX-048.001', 'LOCALAPPDATA': 'C:\\Users\\cltbld.T-W864-IX-048.001\\AppData\\Local', 'HOMEPATH': '\\Users\\cltbld.T-W864-IX-048.001', 'USERDOMAIN_ROAMINGPROFILE': 'T-W864-IX-048', 'MOZBUILDDIR': 'C:\\mozilla-build\\', 'PROGRAMW6432': 'C:\\Program Files', 'USERNAME': 'cltbld', 'LOGONSERVER': '\\\\T-W864-IX-048', 'MOZ_NO_REMOTE': '1', 'COMSPEC': 'C:\\windows\\system32\\cmd.exe', 'PROGRAMDATA': 'C:\\ProgramData', 'PROPERTIES_FILE': 'C:\\slave\\test/buildprops.json', 'PATH': 'C:\\Program Files (x86)\\NVIDIA Corporation\\PhysX\\Common;C:\\windows\\system32;C:\\windows;C:\\windows\\System32\\Wbem;C:\\windows\\System32\\WindowsPowerShell\\v1.0\\;C:\\mozilla-build\\python27;C:\\mozilla-build\\python27\\Scripts;C:\\mozilla-build\\msys\\bin;C:\\mozilla-build\\vim\\vim72;C:\\mozilla-build\\wget;C:\\mozilla-build\\info-zip;C:\\CoreUtils\\bin;C:\\mozilla-build\\buildbotve\\scripts;C:\\mozilla-build\\hg', 'PROMPT': '$P$G', 'NO_FAIL_ON_TEST_ERRORS': '1', 'PATHEXT': '.COM;.EXE;.BAT;.CMD;.VBS;.VBE;.JS;.JSE;.WSF;.WSH;.MSC', 'FP_NO_HOST_CHECK': 'NO', 'DCLOCATION': 'SCL3', 'APPDATA': 'C:\\Users\\cltbld.T-W864-IX-048.001\\AppData\\Roaming', 'HOMEDRIVE': 'C:', 'SYSTEMDRIVE': 'C:', 'SLAVEDIR': 'C:\\slave\\', 'NUMBER_OF_PROCESSORS': '8', 'PWD': 'C:\\slave\\test', 'PROCESSOR_LEVEL': '6', 'KTS_HOME': 'C:\\Program Files\\KTS', 'PROCESSOR_ARCHITEW6432': 'AMD64', 'MOZ_CRASHREPORTER_NO_REPORT': '1', 'COMMONPROGRAMW6432': 'C:\\Program Files\\Common Files', 'OS': 'Windows_NT', 'PUBLIC': 'C:\\Users\\Public', 'WINDIR': 'C:\\windows'}}, attempt #1
16:57:46     INFO - Running command: ['C:\\slave\\test\\build\\venv\\Scripts\\pip', 'install', '--timeout', '120', '--no-index', '--find-links', 'http://pypi.pvt.build.mozilla.org/pub', '--find-links', 'http://pypi.pub.build.mozilla.org/pub', '--trusted-host', 'pypi.pub.build.mozilla.org', '--trusted-host', 'pypi.pvt.build.mozilla.org', 'mock'] in C:\slave\test\build
16:57:46     INFO - Copy/paste: C:\slave\test\build\venv\Scripts\pip install --timeout 120 --no-index --find-links http://pypi.pvt.build.mozilla.org/pub --find-links http://pypi.pub.build.mozilla.org/pub --trusted-host pypi.pub.build.mozilla.org --trusted-host pypi.pvt.build.mozilla.org mock
16:57:46     INFO - Using env: {'ALLUSERSPROFILE': 'C:\\ProgramData',
16:57:46     INFO -  'APPDATA': 'C:\\Users\\cltbld.T-W864-IX-048.001\\AppData\\Roaming',
16:57:46     INFO -  'COMMONPROGRAMFILES': 'C:\\Program Files (x86)\\Common Files',
16:57:46     INFO -  'COMMONPROGRAMFILES(X86)': 'C:\\Program Files (x86)\\Common Files',
16:57:46     INFO -  'COMMONPROGRAMW6432': 'C:\\Program Files\\Common Files',
16:57:46     INFO -  'COMPUTERNAME': 'T-W864-IX-048',
16:57:46     INFO -  'COMSPEC': 'C:\\windows\\system32\\cmd.exe',
16:57:46     INFO -  'DCLOCATION': 'SCL3',
16:57:46     INFO -  'DNSSUFFIX': 'wintest.releng.scl3.mozilla.com',
16:57:46     INFO -  'FP_NO_HOST_CHECK': 'NO',
16:57:46     INFO -  'HOMEDRIVE': 'C:',
16:57:46     INFO -  'HOMEPATH': '\\Users\\cltbld.T-W864-IX-048.001',
16:57:46     INFO -  'KTS_HOME': 'C:\\Program Files\\KTS',
16:57:46     INFO -  'KTS_VERSION': '1.19c',
16:57:46     INFO -  'LOCALAPPDATA': 'C:\\Users\\cltbld.T-W864-IX-048.001\\AppData\\Local',
16:57:46     INFO -  'LOGONSERVER': '\\\\T-W864-IX-048',
16:57:46     INFO -  'MONDIR': 'C:\\Monitor_config\\',
16:57:46     INFO -  'MOZBUILDDIR': 'C:\\mozilla-build\\',
16:57:46     INFO -  'MOZ_CRASHREPORTER_NO_REPORT': '1',
16:57:46     INFO -  'MOZ_HIDE_RESULTS_TABLE': '1',
16:57:46     INFO -  'MOZ_NO_REMOTE': '1',
16:57:46     INFO -  'NO_EM_RESTART': '1',
16:57:46     INFO -  'NO_FAIL_ON_TEST_ERRORS': '1',
16:57:46     INFO -  'NUMBER_OF_PROCESSORS': '8',
16:57:46     INFO -  'OS': 'Windows_NT',
16:57:46     INFO -  'OURDRIVE': 'C:',
16:57:46     INFO -  'PATH': 'C:\\Program Files (x86)\\NVIDIA Corporation\\PhysX\\Common;C:\\windows\\system32;C:\\windows;C:\\windows\\System32\\Wbem;C:\\windows\\System32\\WindowsPowerShell\\v1.0\\;C:\\mozilla-build\\python27;C:\\mozilla-build\\python27\\Scripts;C:\\mozilla-build\\msys\\bin;C:\\mozilla-build\\vim\\vim72;C:\\mozilla-build\\wget;C:\\mozilla-build\\info-zip;C:\\CoreUtils\\bin;C:\\mozilla-build\\buildbotve\\scripts;C:\\mozilla-build\\hg',
16:57:46     INFO -  'PATHEXT': '.COM;.EXE;.BAT;.CMD;.VBS;.VBE;.JS;.JSE;.WSF;.WSH;.MSC',
16:57:46     INFO -  'PROCESSOR_ARCHITECTURE': 'x86',
16:57:46     INFO -  'PROCESSOR_ARCHITEW6432': 'AMD64',
16:57:46     INFO -  'PROCESSOR_IDENTIFIER': 'Intel64 Family 6 Model 30 Stepping 5, GenuineIntel',
16:57:46     INFO -  'PROCESSOR_LEVEL': '6',
16:57:46     INFO -  'PROCESSOR_REVISION': '1e05',
16:57:46     INFO -  'PROGRAMDATA': 'C:\\ProgramData',
16:57:46     INFO -  'PROGRAMFILES': 'C:\\Program Files (x86)',
16:57:46     INFO -  'PROGRAMFILES(X86)': 'C:\\Program Files (x86)',
16:57:46     INFO -  'PROGRAMW6432': 'C:\\Program Files',
16:57:46     INFO -  'PROMPT': '$P$G',
16:57:46     INFO -  'PROPERTIES_FILE': 'C:\\slave\\test/buildprops.json',
16:57:46     INFO -  'PSMODULEPATH': 'C:\\windows\\system32\\WindowsPowerShell\\v1.0\\Modules\\',
16:57:46     INFO -  'PUBLIC': 'C:\\Users\\Public',
16:57:46     INFO -  'PWD': 'C:\\slave\\test',
16:57:46     INFO -  'RUNLOGFILE': 'C:\\slave\\\\runslave.log',
16:57:46     INFO -  'SLAVEDIR': 'C:\\slave\\',
16:57:46     INFO -  'SYSTEMDRIVE': 'C:',
16:57:46     INFO -  'SYSTEMROOT': 'C:\\windows',
16:57:46     INFO -  'TEMP': 'C:\\Users\\CLTBLD~1.001\\AppData\\Local\\Temp',
16:57:46     INFO -  'TEST1': 'testie',
16:57:46     INFO -  'TMP': 'C:\\Users\\CLTBLD~1.001\\AppData\\Local\\Temp',
16:57:46     INFO -  'USERDOMAIN': 'T-W864-IX-048',
16:57:46     INFO -  'USERDOMAIN_ROAMINGPROFILE': 'T-W864-IX-048',
16:57:46     INFO -  'USERNAME': 'cltbld',
16:57:46     INFO -  'USERPROFILE': 'C:\\Users\\cltbld.T-W864-IX-048.001',
16:57:46     INFO -  'WINDIR': 'C:\\windows',
16:57:46     INFO -  'XPCOM_DEBUG_BREAK': 'warn'}
16:57:46     INFO -  Ignoring indexes: https://pypi.python.org/simple
16:57:46     INFO -  Collecting mock
16:57:47     INFO -  Installing collected packages: mock
16:57:47     INFO -  Successfully installed mock-1.0.1
16:57:47     INFO - Return code: 0
16:57:47     INFO - Installing simplejson into virtualenv C:\slave\test\build\venv
16:57:47     INFO - retry: Calling run_command with args: [['C:\\slave\\test\\build\\venv\\Scripts\\pip', 'install', '--timeout', '120', '--no-index', '--find-links', 'http://pypi.pvt.build.mozilla.org/pub', '--find-links', 'http://pypi.pub.build.mozilla.org/pub', '--trusted-host', 'pypi.pub.build.mozilla.org', '--trusted-host', 'pypi.pvt.build.mozilla.org', 'simplejson']], kwargs: {'error_level': 'warning', 'error_list': [{'substr': 'not found or a compiler error:', 'level': 'warning'}, {'regex': <_sre.SRE_Pattern object at 0x022823A0>, 'level': 'error'}, {'regex': <_sre.SRE_Pattern object at 0x0237A020>, 'level': 'warning'}, {'regex': <_sre.SRE_Pattern object at 0x022E2510>, 'level': 'debug'}, {'substr': 'command not found', 'level': 'error'}, {'regex': <_sre.SRE_Pattern object at 0x0232D758>, 'level': 'warning'}, {'substr': 'Traceback (most recent call last)', 'level': 'error'}, {'substr': 'SyntaxError: ', 'level': 'error'}, {'substr': 'TypeError: ', 'level': 'error'}, {'substr': 'NameError: ', 'level': 'error'}, {'substr': 'ZeroDivisionError: ', 'level': 'error'}, {'regex': <_sre.SRE_Pattern object at 0x01CEAB20>, 'level': 'critical'}, {'regex': <_sre.SRE_Pattern object at 0x0234A660>, 'level': 'critical'}], 'cwd': 'C:\\slave\\test\\build', 'env': {'TMP': 'C:\\Users\\CLTBLD~1.001\\AppData\\Local\\Temp', 'TEST1': 'testie', 'COMPUTERNAME': 'T-W864-IX-048', 'USERDOMAIN': 'T-W864-IX-048', 'KTS_VERSION': '1.19c', 'PSMODULEPATH': 'C:\\windows\\system32\\WindowsPowerShell\\v1.0\\Modules\\', 'COMMONPROGRAMFILES': 'C:\\Program Files (x86)\\Common Files', 'PROCESSOR_IDENTIFIER': 'Intel64 Family 6 Model 30 Stepping 5, GenuineIntel', 'PROGRAMFILES': 'C:\\Program Files (x86)', 'PROCESSOR_REVISION': '1e05', 'DNSSUFFIX': 'wintest.releng.scl3.mozilla.com', 'SYSTEMROOT': 'C:\\windows', 'NO_EM_RESTART': '1', 'PROGRAMFILES(X86)': 'C:\\Program Files (x86)', 'OURDRIVE': 'C:', 'MOZ_HIDE_RESULTS_TABLE': '1', 'XPCOM_DEBUG_BREAK': 'warn', 'MONDIR': 'C:\\Monitor_config\\', 'TEMP': 'C:\\Users\\CLTBLD~1.001\\AppData\\Local\\Temp', 'COMMONPROGRAMFILES(X86)': 'C:\\Program Files (x86)\\Common Files', 'RUNLOGFILE': 'C:\\slave\\\\runslave.log', 'PROCESSOR_ARCHITECTURE': 'x86', 'ALLUSERSPROFILE': 'C:\\ProgramData', 'USERPROFILE': 'C:\\Users\\cltbld.T-W864-IX-048.001', 'LOCALAPPDATA': 'C:\\Users\\cltbld.T-W864-IX-048.001\\AppData\\Local', 'HOMEPATH': '\\Users\\cltbld.T-W864-IX-048.001', 'USERDOMAIN_ROAMINGPROFILE': 'T-W864-IX-048', 'MOZBUILDDIR': 'C:\\mozilla-build\\', 'PROGRAMW6432': 'C:\\Program Files', 'USERNAME': 'cltbld', 'LOGONSERVER': '\\\\T-W864-IX-048', 'MOZ_NO_REMOTE': '1', 'COMSPEC': 'C:\\windows\\system32\\cmd.exe', 'PROGRAMDATA': 'C:\\ProgramData', 'PROPERTIES_FILE': 'C:\\slave\\test/buildprops.json', 'PATH': 'C:\\Program Files (x86)\\NVIDIA Corporation\\PhysX\\Common;C:\\windows\\system32;C:\\windows;C:\\windows\\System32\\Wbem;C:\\windows\\System32\\WindowsPowerShell\\v1.0\\;C:\\mozilla-build\\python27;C:\\mozilla-build\\python27\\Scripts;C:\\mozilla-build\\msys\\bin;C:\\mozilla-build\\vim\\vim72;C:\\mozilla-build\\wget;C:\\mozilla-build\\info-zip;C:\\CoreUtils\\bin;C:\\mozilla-build\\buildbotve\\scripts;C:\\mozilla-build\\hg', 'PROMPT': '$P$G', 'NO_FAIL_ON_TEST_ERRORS': '1', 'PATHEXT': '.COM;.EXE;.BAT;.CMD;.VBS;.VBE;.JS;.JSE;.WSF;.WSH;.MSC', 'FP_NO_HOST_CHECK': 'NO', 'DCLOCATION': 'SCL3', 'APPDATA': 'C:\\Users\\cltbld.T-W864-IX-048.001\\AppData\\Roaming', 'HOMEDRIVE': 'C:', 'SYSTEMDRIVE': 'C:', 'SLAVEDIR': 'C:\\slave\\', 'NUMBER_OF_PROCESSORS': '8', 'PWD': 'C:\\slave\\test', 'PROCESSOR_LEVEL': '6', 'KTS_HOME': 'C:\\Program Files\\KTS', 'PROCESSOR_ARCHITEW6432': 'AMD64', 'MOZ_CRASHREPORTER_NO_REPORT': '1', 'COMMONPROGRAMW6432': 'C:\\Program Files\\Common Files', 'OS': 'Windows_NT', 'PUBLIC': 'C:\\Users\\Public', 'WINDIR': 'C:\\windows'}}, attempt #1
16:57:47     INFO - Running command: ['C:\\slave\\test\\build\\venv\\Scripts\\pip', 'install', '--timeout', '120', '--no-index', '--find-links', 'http://pypi.pvt.build.mozilla.org/pub', '--find-links', 'http://pypi.pub.build.mozilla.org/pub', '--trusted-host', 'pypi.pub.build.mozilla.org', '--trusted-host', 'pypi.pvt.build.mozilla.org', 'simplejson'] in C:\slave\test\build
16:57:47     INFO - Copy/paste: C:\slave\test\build\venv\Scripts\pip install --timeout 120 --no-index --find-links http://pypi.pvt.build.mozilla.org/pub --find-links http://pypi.pub.build.mozilla.org/pub --trusted-host pypi.pub.build.mozilla.org --trusted-host pypi.pvt.build.mozilla.org simplejson
16:57:47     INFO - Using env: {'ALLUSERSPROFILE': 'C:\\ProgramData',
16:57:47     INFO -  'APPDATA': 'C:\\Users\\cltbld.T-W864-IX-048.001\\AppData\\Roaming',
16:57:47     INFO -  'COMMONPROGRAMFILES': 'C:\\Program Files (x86)\\Common Files',
16:57:47     INFO -  'COMMONPROGRAMFILES(X86)': 'C:\\Program Files (x86)\\Common Files',
16:57:47     INFO -  'COMMONPROGRAMW6432': 'C:\\Program Files\\Common Files',
16:57:47     INFO -  'COMPUTERNAME': 'T-W864-IX-048',
16:57:47     INFO -  'COMSPEC': 'C:\\windows\\system32\\cmd.exe',
16:57:47     INFO -  'DCLOCATION': 'SCL3',
16:57:47     INFO -  'DNSSUFFIX': 'wintest.releng.scl3.mozilla.com',
16:57:47     INFO -  'FP_NO_HOST_CHECK': 'NO',
16:57:47     INFO -  'HOMEDRIVE': 'C:',
16:57:47     INFO -  'HOMEPATH': '\\Users\\cltbld.T-W864-IX-048.001',
16:57:47     INFO -  'KTS_HOME': 'C:\\Program Files\\KTS',
16:57:47     INFO -  'KTS_VERSION': '1.19c',
16:57:47     INFO -  'LOCALAPPDATA': 'C:\\Users\\cltbld.T-W864-IX-048.001\\AppData\\Local',
16:57:47     INFO -  'LOGONSERVER': '\\\\T-W864-IX-048',
16:57:47     INFO -  'MONDIR': 'C:\\Monitor_config\\',
16:57:47     INFO -  'MOZBUILDDIR': 'C:\\mozilla-build\\',
16:57:47     INFO -  'MOZ_CRASHREPORTER_NO_REPORT': '1',
16:57:47     INFO -  'MOZ_HIDE_RESULTS_TABLE': '1',
16:57:47     INFO -  'MOZ_NO_REMOTE': '1',
16:57:47     INFO -  'NO_EM_RESTART': '1',
16:57:47     INFO -  'NO_FAIL_ON_TEST_ERRORS': '1',
16:57:47     INFO -  'NUMBER_OF_PROCESSORS': '8',
16:57:47     INFO -  'OS': 'Windows_NT',
16:57:47     INFO -  'OURDRIVE': 'C:',
16:57:47     INFO -  'PATH': 'C:\\Program Files (x86)\\NVIDIA Corporation\\PhysX\\Common;C:\\windows\\system32;C:\\windows;C:\\windows\\System32\\Wbem;C:\\windows\\System32\\WindowsPowerShell\\v1.0\\;C:\\mozilla-build\\python27;C:\\mozilla-build\\python27\\Scripts;C:\\mozilla-build\\msys\\bin;C:\\mozilla-build\\vim\\vim72;C:\\mozilla-build\\wget;C:\\mozilla-build\\info-zip;C:\\CoreUtils\\bin;C:\\mozilla-build\\buildbotve\\scripts;C:\\mozilla-build\\hg',
16:57:47     INFO -  'PATHEXT': '.COM;.EXE;.BAT;.CMD;.VBS;.VBE;.JS;.JSE;.WSF;.WSH;.MSC',
16:57:47     INFO -  'PROCESSOR_ARCHITECTURE': 'x86',
16:57:47     INFO -  'PROCESSOR_ARCHITEW6432': 'AMD64',
16:57:47     INFO -  'PROCESSOR_IDENTIFIER': 'Intel64 Family 6 Model 30 Stepping 5, GenuineIntel',
16:57:47     INFO -  'PROCESSOR_LEVEL': '6',
16:57:47     INFO -  'PROCESSOR_REVISION': '1e05',
16:57:47     INFO -  'PROGRAMDATA': 'C:\\ProgramData',
16:57:47     INFO -  'PROGRAMFILES': 'C:\\Program Files (x86)',
16:57:47     INFO -  'PROGRAMFILES(X86)': 'C:\\Program Files (x86)',
16:57:47     INFO -  'PROGRAMW6432': 'C:\\Program Files',
16:57:47     INFO -  'PROMPT': '$P$G',
16:57:47     INFO -  'PROPERTIES_FILE': 'C:\\slave\\test/buildprops.json',
16:57:47     INFO -  'PSMODULEPATH': 'C:\\windows\\system32\\WindowsPowerShell\\v1.0\\Modules\\',
16:57:47     INFO -  'PUBLIC': 'C:\\Users\\Public',
16:57:47     INFO -  'PWD': 'C:\\slave\\test',
16:57:47     INFO -  'RUNLOGFILE': 'C:\\slave\\\\runslave.log',
16:57:47     INFO -  'SLAVEDIR': 'C:\\slave\\',
16:57:47     INFO -  'SYSTEMDRIVE': 'C:',
16:57:47     INFO -  'SYSTEMROOT': 'C:\\windows',
16:57:47     INFO -  'TEMP': 'C:\\Users\\CLTBLD~1.001\\AppData\\Local\\Temp',
16:57:47     INFO -  'TEST1': 'testie',
16:57:47     INFO -  'TMP': 'C:\\Users\\CLTBLD~1.001\\AppData\\Local\\Temp',
16:57:47     INFO -  'USERDOMAIN': 'T-W864-IX-048',
16:57:47     INFO -  'USERDOMAIN_ROAMINGPROFILE': 'T-W864-IX-048',
16:57:47     INFO -  'USERNAME': 'cltbld',
16:57:47     INFO -  'USERPROFILE': 'C:\\Users\\cltbld.T-W864-IX-048.001',
16:57:47     INFO -  'WINDIR': 'C:\\windows',
16:57:47     INFO -  'XPCOM_DEBUG_BREAK': 'warn'}
16:57:48     INFO -  Ignoring indexes: https://pypi.python.org/simple
16:57:48     INFO -  Collecting simplejson
16:57:49     INFO -  Installing collected packages: simplejson
16:57:49     INFO -  Successfully installed simplejson-3.3.0
16:57:49     INFO - Return code: 0
16:57:49     INFO - Installing None into virtualenv C:\slave\test\build\venv
16:57:49     INFO - retry: Calling run_command with args: [['C:\\slave\\test\\build\\venv\\Scripts\\pip', 'install', '--no-deps', '--timeout', '120', '-r', 'C:\\slave\\test\\build\\tests\\config\\marionette_requirements.txt', '--no-index', '--find-links', 'http://pypi.pvt.build.mozilla.org/pub', '--find-links', 'http://pypi.pub.build.mozilla.org/pub', '--trusted-host', 'pypi.pub.build.mozilla.org', '--trusted-host', 'pypi.pvt.build.mozilla.org']], kwargs: {'error_level': 'warning', 'error_list': [{'substr': 'not found or a compiler error:', 'level': 'warning'}, {'regex': <_sre.SRE_Pattern object at 0x022823A0>, 'level': 'error'}, {'regex': <_sre.SRE_Pattern object at 0x0237A020>, 'level': 'warning'}, {'regex': <_sre.SRE_Pattern object at 0x022E2510>, 'level': 'debug'}, {'substr': 'command not found', 'level': 'error'}, {'regex': <_sre.SRE_Pattern object at 0x0232D758>, 'level': 'warning'}, {'substr': 'Traceback (most recent call last)', 'level': 'error'}, {'substr': 'SyntaxError: ', 'level': 'error'}, {'substr': 'TypeError: ', 'level': 'error'}, {'substr': 'NameError: ', 'level': 'error'}, {'substr': 'ZeroDivisionError: ', 'level': 'error'}, {'regex': <_sre.SRE_Pattern object at 0x01CEAB20>, 'level': 'critical'}, {'regex': <_sre.SRE_Pattern object at 0x0234A660>, 'level': 'critical'}], 'cwd': 'C:\\slave\\test\\build\\tests\\config', 'env': {'TMP': 'C:\\Users\\CLTBLD~1.001\\AppData\\Local\\Temp', 'TEST1': 'testie', 'COMPUTERNAME': 'T-W864-IX-048', 'USERDOMAIN': 'T-W864-IX-048', 'KTS_VERSION': '1.19c', 'PSMODULEPATH': 'C:\\windows\\system32\\WindowsPowerShell\\v1.0\\Modules\\', 'COMMONPROGRAMFILES': 'C:\\Program Files (x86)\\Common Files', 'PROCESSOR_IDENTIFIER': 'Intel64 Family 6 Model 30 Stepping 5, GenuineIntel', 'PROGRAMFILES': 'C:\\Program Files (x86)', 'PROCESSOR_REVISION': '1e05', 'DNSSUFFIX': 'wintest.releng.scl3.mozilla.com', 'SYSTEMROOT': 'C:\\windows', 'NO_EM_RESTART': '1', 'PROGRAMFILES(X86)': 'C:\\Program Files (x86)', 'OURDRIVE': 'C:', 'MOZ_HIDE_RESULTS_TABLE': '1', 'XPCOM_DEBUG_BREAK': 'warn', 'MONDIR': 'C:\\Monitor_config\\', 'TEMP': 'C:\\Users\\CLTBLD~1.001\\AppData\\Local\\Temp', 'COMMONPROGRAMFILES(X86)': 'C:\\Program Files (x86)\\Common Files', 'RUNLOGFILE': 'C:\\slave\\\\runslave.log', 'PROCESSOR_ARCHITECTURE': 'x86', 'ALLUSERSPROFILE': 'C:\\ProgramData', 'USERPROFILE': 'C:\\Users\\cltbld.T-W864-IX-048.001', 'LOCALAPPDATA': 'C:\\Users\\cltbld.T-W864-IX-048.001\\AppData\\Local', 'HOMEPATH': '\\Users\\cltbld.T-W864-IX-048.001', 'USERDOMAIN_ROAMINGPROFILE': 'T-W864-IX-048', 'MOZBUILDDIR': 'C:\\mozilla-build\\', 'PROGRAMW6432': 'C:\\Program Files', 'USERNAME': 'cltbld', 'LOGONSERVER': '\\\\T-W864-IX-048', 'MOZ_NO_REMOTE': '1', 'COMSPEC': 'C:\\windows\\system32\\cmd.exe', 'PROGRAMDATA': 'C:\\ProgramData', 'PROPERTIES_FILE': 'C:\\slave\\test/buildprops.json', 'PATH': 'C:\\Program Files (x86)\\NVIDIA Corporation\\PhysX\\Common;C:\\windows\\system32;C:\\windows;C:\\windows\\System32\\Wbem;C:\\windows\\System32\\WindowsPowerShell\\v1.0\\;C:\\mozilla-build\\python27;C:\\mozilla-build\\python27\\Scripts;C:\\mozilla-build\\msys\\bin;C:\\mozilla-build\\vim\\vim72;C:\\mozilla-build\\wget;C:\\mozilla-build\\info-zip;C:\\CoreUtils\\bin;C:\\mozilla-build\\buildbotve\\scripts;C:\\mozilla-build\\hg', 'PROMPT': '$P$G', 'NO_FAIL_ON_TEST_ERRORS': '1', 'PATHEXT': '.COM;.EXE;.BAT;.CMD;.VBS;.VBE;.JS;.JSE;.WSF;.WSH;.MSC', 'FP_NO_HOST_CHECK': 'NO', 'DCLOCATION': 'SCL3', 'APPDATA': 'C:\\Users\\cltbld.T-W864-IX-048.001\\AppData\\Roaming', 'HOMEDRIVE': 'C:', 'SYSTEMDRIVE': 'C:', 'SLAVEDIR': 'C:\\slave\\', 'NUMBER_OF_PROCESSORS': '8', 'PWD': 'C:\\slave\\test', 'PROCESSOR_LEVEL': '6', 'KTS_HOME': 'C:\\Program Files\\KTS', 'PROCESSOR_ARCHITEW6432': 'AMD64', 'MOZ_CRASHREPORTER_NO_REPORT': '1', 'COMMONPROGRAMW6432': 'C:\\Program Files\\Common Files', 'OS': 'Windows_NT', 'PUBLIC': 'C:\\Users\\Public', 'WINDIR': 'C:\\windows'}}, attempt #1
16:57:49     INFO - Running command: ['C:\\slave\\test\\build\\venv\\Scripts\\pip', 'install', '--no-deps', '--timeout', '120', '-r', 'C:\\slave\\test\\build\\tests\\config\\marionette_requirements.txt', '--no-index', '--find-links', 'http://pypi.pvt.build.mozilla.org/pub', '--find-links', 'http://pypi.pub.build.mozilla.org/pub', '--trusted-host', 'pypi.pub.build.mozilla.org', '--trusted-host', 'pypi.pvt.build.mozilla.org'] in C:\slave\test\build\tests\config
16:57:49     INFO - Copy/paste: C:\slave\test\build\venv\Scripts\pip install --no-deps --timeout 120 -r C:\slave\test\build\tests\config\marionette_requirements.txt --no-index --find-links http://pypi.pvt.build.mozilla.org/pub --find-links http://pypi.pub.build.mozilla.org/pub --trusted-host pypi.pub.build.mozilla.org --trusted-host pypi.pvt.build.mozilla.org
16:57:49     INFO - Using env: {'ALLUSERSPROFILE': 'C:\\ProgramData',
16:57:49     INFO -  'APPDATA': 'C:\\Users\\cltbld.T-W864-IX-048.001\\AppData\\Roaming',
16:57:49     INFO -  'COMMONPROGRAMFILES': 'C:\\Program Files (x86)\\Common Files',
16:57:49     INFO -  'COMMONPROGRAMFILES(X86)': 'C:\\Program Files (x86)\\Common Files',
16:57:49     INFO -  'COMMONPROGRAMW6432': 'C:\\Program Files\\Common Files',
16:57:49     INFO -  'COMPUTERNAME': 'T-W864-IX-048',
16:57:49     INFO -  'COMSPEC': 'C:\\windows\\system32\\cmd.exe',
16:57:49     INFO -  'DCLOCATION': 'SCL3',
16:57:49     INFO -  'DNSSUFFIX': 'wintest.releng.scl3.mozilla.com',
16:57:49     INFO -  'FP_NO_HOST_CHECK': 'NO',
16:57:49     INFO -  'HOMEDRIVE': 'C:',
16:57:49     INFO -  'HOMEPATH': '\\Users\\cltbld.T-W864-IX-048.001',
16:57:49     INFO -  'KTS_HOME': 'C:\\Program Files\\KTS',
16:57:49     INFO -  'KTS_VERSION': '1.19c',
16:57:49     INFO -  'LOCALAPPDATA': 'C:\\Users\\cltbld.T-W864-IX-048.001\\AppData\\Local',
16:57:49     INFO -  'LOGONSERVER': '\\\\T-W864-IX-048',
16:57:49     INFO -  'MONDIR': 'C:\\Monitor_config\\',
16:57:49     INFO -  'MOZBUILDDIR': 'C:\\mozilla-build\\',
16:57:49     INFO -  'MOZ_CRASHREPORTER_NO_REPORT': '1',
16:57:49     INFO -  'MOZ_HIDE_RESULTS_TABLE': '1',
16:57:49     INFO -  'MOZ_NO_REMOTE': '1',
16:57:49     INFO -  'NO_EM_RESTART': '1',
16:57:49     INFO -  'NO_FAIL_ON_TEST_ERRORS': '1',
16:57:49     INFO -  'NUMBER_OF_PROCESSORS': '8',
16:57:49     INFO -  'OS': 'Windows_NT',
16:57:49     INFO -  'OURDRIVE': 'C:',
16:57:49     INFO -  'PATH': 'C:\\Program Files (x86)\\NVIDIA Corporation\\PhysX\\Common;C:\\windows\\system32;C:\\windows;C:\\windows\\System32\\Wbem;C:\\windows\\System32\\WindowsPowerShell\\v1.0\\;C:\\mozilla-build\\python27;C:\\mozilla-build\\python27\\Scripts;C:\\mozilla-build\\msys\\bin;C:\\mozilla-build\\vim\\vim72;C:\\mozilla-build\\wget;C:\\mozilla-build\\info-zip;C:\\CoreUtils\\bin;C:\\mozilla-build\\buildbotve\\scripts;C:\\mozilla-build\\hg',
16:57:49     INFO -  'PATHEXT': '.COM;.EXE;.BAT;.CMD;.VBS;.VBE;.JS;.JSE;.WSF;.WSH;.MSC',
16:57:49     INFO -  'PROCESSOR_ARCHITECTURE': 'x86',
16:57:49     INFO -  'PROCESSOR_ARCHITEW6432': 'AMD64',
16:57:49     INFO -  'PROCESSOR_IDENTIFIER': 'Intel64 Family 6 Model 30 Stepping 5, GenuineIntel',
16:57:49     INFO -  'PROCESSOR_LEVEL': '6',
16:57:49     INFO -  'PROCESSOR_REVISION': '1e05',
16:57:49     INFO -  'PROGRAMDATA': 'C:\\ProgramData',
16:57:49     INFO -  'PROGRAMFILES': 'C:\\Program Files (x86)',
16:57:49     INFO -  'PROGRAMFILES(X86)': 'C:\\Program Files (x86)',
16:57:49     INFO -  'PROGRAMW6432': 'C:\\Program Files',
16:57:49     INFO -  'PROMPT': '$P$G',
16:57:49     INFO -  'PROPERTIES_FILE': 'C:\\slave\\test/buildprops.json',
16:57:49     INFO -  'PSMODULEPATH': 'C:\\windows\\system32\\WindowsPowerShell\\v1.0\\Modules\\',
16:57:49     INFO -  'PUBLIC': 'C:\\Users\\Public',
16:57:49     INFO -  'PWD': 'C:\\slave\\test',
16:57:49     INFO -  'RUNLOGFILE': 'C:\\slave\\\\runslave.log',
16:57:49     INFO -  'SLAVEDIR': 'C:\\slave\\',
16:57:49     INFO -  'SYSTEMDRIVE': 'C:',
16:57:49     INFO -  'SYSTEMROOT': 'C:\\windows',
16:57:49     INFO -  'TEMP': 'C:\\Users\\CLTBLD~1.001\\AppData\\Local\\Temp',
16:57:49     INFO -  'TEST1': 'testie',
16:57:49     INFO -  'TMP': 'C:\\Users\\CLTBLD~1.001\\AppData\\Local\\Temp',
16:57:49     INFO -  'USERDOMAIN': 'T-W864-IX-048',
16:57:49     INFO -  'USERDOMAIN_ROAMINGPROFILE': 'T-W864-IX-048',
16:57:49     INFO -  'USERNAME': 'cltbld',
16:57:49     INFO -  'USERPROFILE': 'C:\\Users\\cltbld.T-W864-IX-048.001',
16:57:49     INFO -  'WINDIR': 'C:\\windows',
16:57:49     INFO -  'XPCOM_DEBUG_BREAK': 'warn'}
16:57:50     INFO -  Ignoring indexes: https://pypi.python.org/simple
16:57:50     INFO -  Processing c:\slave\test\build\tests\mozbase\manifestparser
16:57:50     INFO -    Requirement already satisfied (use --upgrade to upgrade): manifestparser==1.1 from file:///C:/slave/test/build/tests/mozbase/manifestparser in c:\slave\test\build\venv\lib\site-packages (from -r C:\slave\test\build\tests\config\mozbase_requirements.txt (line 1))
16:57:50     INFO -  Processing c:\slave\test\build\tests\mozbase\mozcrash
16:57:50     INFO -    Requirement already satisfied (use --upgrade to upgrade): mozcrash==1.0 from file:///C:/slave/test/build/tests/mozbase/mozcrash in c:\slave\test\build\venv\lib\site-packages (from -r C:\slave\test\build\tests\config\mozbase_requirements.txt (line 2))
16:57:50     INFO -  Processing c:\slave\test\build\tests\mozbase\mozdebug
16:57:51     INFO -    Requirement already satisfied (use --upgrade to upgrade): mozdebug==0.1 from file:///C:/slave/test/build/tests/mozbase/mozdebug in c:\slave\test\build\venv\lib\site-packages (from -r C:\slave\test\build\tests\config\mozbase_requirements.txt (line 3))
16:57:51     INFO -  Processing c:\slave\test\build\tests\mozbase\mozdevice
16:57:51     INFO -    Requirement already satisfied (use --upgrade to upgrade): mozdevice==0.48 from file:///C:/slave/test/build/tests/mozbase/mozdevice in c:\slave\test\build\venv\lib\site-packages (from -r C:\slave\test\build\tests\config\mozbase_requirements.txt (line 4))
16:57:51     INFO -  Processing c:\slave\test\build\tests\mozbase\mozfile
16:57:51     INFO -    Requirement already satisfied (use --upgrade to upgrade): mozfile==1.2 from file:///C:/slave/test/build/tests/mozbase/mozfile in c:\slave\test\build\venv\lib\site-packages (from -r C:\slave\test\build\tests\config\mozbase_requirements.txt (line 5))
16:57:51     INFO -  Processing c:\slave\test\build\tests\mozbase\mozhttpd
16:57:52     INFO -    Requirement already satisfied (use --upgrade to upgrade): mozhttpd==0.7 from file:///C:/slave/test/build/tests/mozbase/mozhttpd in c:\slave\test\build\venv\lib\site-packages (from -r C:\slave\test\build\tests\config\mozbase_requirements.txt (line 6))
16:57:52     INFO -  Processing c:\slave\test\build\tests\mozbase\mozinfo
16:57:52     INFO -    Requirement already satisfied (use --upgrade to upgrade): mozinfo==0.9 from file:///C:/slave/test/build/tests/mozbase/mozinfo in c:\slave\test\build\venv\lib\site-packages (from -r C:\slave\test\build\tests\config\mozbase_requirements.txt (line 7))
16:57:52     INFO -  Processing c:\slave\test\build\tests\mozbase\mozinstall
16:57:52     INFO -    Requirement already satisfied (use --upgrade to upgrade): mozInstall==1.12 from file:///C:/slave/test/build/tests/mozbase/mozinstall in c:\slave\test\build\venv\lib\site-packages (from -r C:\slave\test\build\tests\config\mozbase_requirements.txt (line 8))
16:57:52     INFO -  Processing c:\slave\test\build\tests\mozbase\mozleak
16:57:52     INFO -    Requirement already satisfied (use --upgrade to upgrade): mozleak==0.1 from file:///C:/slave/test/build/tests/mozbase/mozleak in c:\slave\test\build\venv\lib\site-packages (from -r C:\slave\test\build\tests\config\mozbase_requirements.txt (line 9))
16:57:52     INFO -  Processing c:\slave\test\build\tests\mozbase\mozlog
16:57:53     INFO -    Requirement already satisfied (use --upgrade to upgrade): mozlog==3.4 from file:///C:/slave/test/build/tests/mozbase/mozlog in c:\slave\test\build\venv\lib\site-packages (from -r C:\slave\test\build\tests\config\mozbase_requirements.txt (line 10))
16:57:53     INFO -  Processing c:\slave\test\build\tests\mozbase\moznetwork
16:57:53     INFO -    Requirement already satisfied (use --upgrade to upgrade): moznetwork==0.27 from file:///C:/slave/test/build/tests/mozbase/moznetwork in c:\slave\test\build\venv\lib\site-packages (from -r C:\slave\test\build\tests\config\mozbase_requirements.txt (line 11))
16:57:53     INFO -  Processing c:\slave\test\build\tests\mozbase\mozprocess
16:57:53     INFO -    Requirement already satisfied (use --upgrade to upgrade): mozprocess==0.23 from file:///C:/slave/test/build/tests/mozbase/mozprocess in c:\slave\test\build\venv\lib\site-packages (from -r C:\slave\test\build\tests\config\mozbase_requirements.txt (line 12))
16:57:53     INFO -  Processing c:\slave\test\build\tests\mozbase\mozprofile
16:57:53     INFO -    Requirement already satisfied (use --upgrade to upgrade): mozprofile==0.28 from file:///C:/slave/test/build/tests/mozbase/mozprofile in c:\slave\test\build\venv\lib\site-packages (from -r C:\slave\test\build\tests\config\mozbase_requirements.txt (line 13))
16:57:53     INFO -  Processing c:\slave\test\build\tests\mozbase\mozrunner
16:57:54     INFO -    Requirement already satisfied (use --upgrade to upgrade): mozrunner==6.13 from file:///C:/slave/test/build/tests/mozbase/mozrunner in c:\slave\test\build\venv\lib\site-packages (from -r C:\slave\test\build\tests\config\mozbase_requirements.txt (line 14))
16:57:54     INFO -  Processing c:\slave\test\build\tests\mozbase\mozscreenshot
16:57:54     INFO -    Requirement already satisfied (use --upgrade to upgrade): mozscreenshot==0.1 from file:///C:/slave/test/build/tests/mozbase/mozscreenshot in c:\slave\test\build\venv\lib\site-packages (from -r C:\slave\test\build\tests\config\mozbase_requirements.txt (line 15))
16:57:54     INFO -  Processing c:\slave\test\build\tests\mozbase\moztest
16:57:54     INFO -    Requirement already satisfied (use --upgrade to upgrade): moztest==0.8 from file:///C:/slave/test/build/tests/mozbase/moztest in c:\slave\test\build\venv\lib\site-packages (from -r C:\slave\test\build\tests\config\mozbase_requirements.txt (line 16))
16:57:54     INFO -  Processing c:\slave\test\build\tests\mozbase\mozversion
16:57:54     INFO -    Requirement already satisfied (use --upgrade to upgrade): mozversion==1.4 from file:///C:/slave/test/build/tests/mozbase/mozversion in c:\slave\test\build\venv\lib\site-packages (from -r C:\slave\test\build\tests\config\mozbase_requirements.txt (line 17))
16:57:54     INFO -  Processing c:\slave\test\build\tests\tools\wptserve
16:57:55     INFO -  Processing c:\slave\test\build\tests\marionette\client

command interrupted, attempting to kill
16:57:55     INFO -  Processing c:\slave\test\build\tests\marionette\harness\marionette_harness\runner\mixins\browsermob-proxy-py
16:57:56     INFO -  Processing c:\slave\test\build\tests\marionette\harness
program finished with exit code 1
elapsedTime=262.067000
The web-page 'stop build' button was pressed by 'rvandermeulen@mozilla.com': Cancelled via self-serve
========= master_lag: 0.69 =========
========= Finished 'c:/mozilla-build/python27/python -u ...' interrupted (results: 4, elapsed: 4 mins, 22 secs) (at 2018-06-08 16:57:56.561020) =========

========= Started set props: build_url symbols_url (results: 0, elapsed: 0 secs) (at 2018-06-08 16:57:56.574050) =========
'cmd' '/C' 'for' '%f' 'in' '(*)' 'do' '@type' '%f'
 in dir C:\slave\test\properties (timeout 1200 secs)
 watching logfiles {}
 argv: ['cmd', '/C', 'for', '%f', 'in', '(*)', 'do', '@type', '%f']
 environment:
  ALLUSERSPROFILE=C:\ProgramData
  APPDATA=C:\Users\cltbld.T-W864-IX-048.001\AppData\Roaming
  COMMONPROGRAMFILES=C:\Program Files (x86)\Common Files
  COMMONPROGRAMFILES(X86)=C:\Program Files (x86)\Common Files
  COMMONPROGRAMW6432=C:\Program Files\Common Files
  COMPUTERNAME=T-W864-IX-048
  COMSPEC=C:\windows\system32\cmd.exe
  DCLOCATION=SCL3
  DNSSUFFIX=wintest.releng.scl3.mozilla.com
  FP_NO_HOST_CHECK=NO
  HOMEDRIVE=C:
  HOMEPATH=\Users\cltbld.T-W864-IX-048.001
  KTS_HOME=C:\Program Files\KTS
  KTS_VERSION=1.19c
  LOCALAPPDATA=C:\Users\cltbld.T-W864-IX-048.001\AppData\Local
  LOGONSERVER=\\T-W864-IX-048
  MONDIR=C:\Monitor_config\
  MOZBUILDDIR=C:\mozilla-build\
  NUMBER_OF_PROCESSORS=8
  OS=Windows_NT
  OURDRIVE=C:
  PATH=C:\Program Files (x86)\NVIDIA Corporation\PhysX\Common;C:\windows\system32;C:\windows;C:\windows\System32\Wbem;C:\windows\System32\WindowsPowerShell\v1.0\;C:\mozilla-build\python27;C:\mozilla-build\python27\Scripts;C:\mozilla-build\msys\bin;C:\mozilla-build\vim\vim72;C:\mozilla-build\wget;C:\mozilla-build\info-zip;C:\CoreUtils\bin;C:\mozilla-build\buildbotve\scripts;C:\mozilla-build\hg
  PATHEXT=.COM;.EXE;.BAT;.CMD;.VBS;.VBE;.JS;.JSE;.WSF;.WSH;.MSC
  PROCESSOR_ARCHITECTURE=x86
  PROCESSOR_ARCHITEW6432=AMD64
  PROCESSOR_IDENTIFIER=Intel64 Family 6 Model 30 Stepping 5, GenuineIntel
  PROCESSOR_LEVEL=6
  PROCESSOR_REVISION=1e05
  PROGRAMDATA=C:\ProgramData
  PROGRAMFILES=C:\Program Files (x86)
  PROGRAMFILES(X86)=C:\Program Files (x86)
  PROGRAMW6432=C:\Program Files
  PROMPT=$P$G
  PSMODULEPATH=C:\windows\system32\WindowsPowerShell\v1.0\Modules\
  PUBLIC=C:\Users\Public
  PWD=C:\slave\test\properties
  RUNLOGFILE=C:\slave\\runslave.log
  SLAVEDIR=C:\slave\
  SYSTEMDRIVE=C:
  SYSTEMROOT=C:\windows
  TEMP=C:\Users\CLTBLD~1.001\AppData\Local\Temp
  TEST1=testie
  TMP=C:\Users\CLTBLD~1.001\AppData\Local\Temp
  USERDOMAIN=T-W864-IX-048
  USERDOMAIN_ROAMINGPROFILE=T-W864-IX-048
  USERNAME=cltbld
  USERPROFILE=C:\Users\cltbld.T-W864-IX-048.001
  WINDIR=C:\windows
 using PTY: False
build_url:https://queue.taskcluster.net/v1/task/GYm6uScDR968YNKAqw8dYQ/artifacts/public/build/firefox-52.8.2.en-US.win64.zip
symbols_url:https://queue.taskcluster.net/v1/task/GYm6uScDR968YNKAqw8dYQ/artifacts/public/build/firefox-52.8.2.en-US.win64.crashreporter-symbols.zip
program finished with exit code 0
elapsedTime=0.101000
build_url: 'https://queue.taskcluster.net/v1/task/GYm6uScDR968YNKAqw8dYQ/artifacts/public/build/firefox-52.8.2.en-US.win64.zip'
symbols_url: 'https://queue.taskcluster.net/v1/task/GYm6uScDR968YNKAqw8dYQ/artifacts/public/build/firefox-52.8.2.en-US.win64.crashreporter-symbols.zip'
========= master_lag: 0.01 =========
========= Finished set props: build_url symbols_url (results: 0, elapsed: 0 secs) (at 2018-06-08 16:57:56.686044) =========

========= Started 'rm -f ...' (results: 0, elapsed: 0 secs) (at 2018-06-08 16:57:56.686407) =========
'rm' '-f' 'oauth.txt'
 in dir C:\slave\test\. (timeout 1200 secs)
 watching logfiles {}
 argv: ['rm', '-f', 'oauth.txt']
 environment:
  ALLUSERSPROFILE=C:\ProgramData
  APPDATA=C:\Users\cltbld.T-W864-IX-048.001\AppData\Roaming
  COMMONPROGRAMFILES=C:\Program Files (x86)\Common Files
  COMMONPROGRAMFILES(X86)=C:\Program Files (x86)\Common Files
  COMMONPROGRAMW6432=C:\Program Files\Common Files
  COMPUTERNAME=T-W864-IX-048
  COMSPEC=C:\windows\system32\cmd.exe
  DCLOCATION=SCL3
  DNSSUFFIX=wintest.releng.scl3.mozilla.com
  FP_NO_HOST_CHECK=NO
  HOMEDRIVE=C:
  HOMEPATH=\Users\cltbld.T-W864-IX-048.001
  KTS_HOME=C:\Program Files\KTS
  KTS_VERSION=1.19c
  LOCALAPPDATA=C:\Users\cltbld.T-W864-IX-048.001\AppData\Local
  LOGONSERVER=\\T-W864-IX-048
  MONDIR=C:\Monitor_config\
  MOZBUILDDIR=C:\mozilla-build\
  NUMBER_OF_PROCESSORS=8
  OS=Windows_NT
  OURDRIVE=C:
  PATH=C:\Program Files (x86)\NVIDIA Corporation\PhysX\Common;C:\windows\system32;C:\windows;C:\windows\System32\Wbem;C:\windows\System32\WindowsPowerShell\v1.0\;C:\mozilla-build\python27;C:\mozilla-build\python27\Scripts;C:\mozilla-build\msys\bin;C:\mozilla-build\vim\vim72;C:\mozilla-build\wget;C:\mozilla-build\info-zip;C:\CoreUtils\bin;C:\mozilla-build\buildbotve\scripts;C:\mozilla-build\hg
  PATHEXT=.COM;.EXE;.BAT;.CMD;.VBS;.VBE;.JS;.JSE;.WSF;.WSH;.MSC
  PROCESSOR_ARCHITECTURE=x86
  PROCESSOR_ARCHITEW6432=AMD64
  PROCESSOR_IDENTIFIER=Intel64 Family 6 Model 30 Stepping 5, GenuineIntel
  PROCESSOR_LEVEL=6
  PROCESSOR_REVISION=1e05
  PROGRAMDATA=C:\ProgramData
  PROGRAMFILES=C:\Program Files (x86)
  PROGRAMFILES(X86)=C:\Program Files (x86)
  PROGRAMW6432=C:\Program Files
  PROMPT=$P$G
  PSMODULEPATH=C:\windows\system32\WindowsPowerShell\v1.0\Modules\
  PUBLIC=C:\Users\Public
  PWD=C:\slave\test
  RUNLOGFILE=C:\slave\\runslave.log
  SLAVEDIR=C:\slave\
  SYSTEMDRIVE=C:
  SYSTEMROOT=C:\windows
  TEMP=C:\Users\CLTBLD~1.001\AppData\Local\Temp
  TEST1=testie
  TMP=C:\Users\CLTBLD~1.001\AppData\Local\Temp
  USERDOMAIN=T-W864-IX-048
  USERDOMAIN_ROAMINGPROFILE=T-W864-IX-048
  USERNAME=cltbld
  USERPROFILE=C:\Users\cltbld.T-W864-IX-048.001
  WINDIR=C:\windows
 using PTY: False
program finished with exit code 0
elapsedTime=0.102000
========= master_lag: 0.01 =========
========= Finished 'rm -f ...' (results: 0, elapsed: 0 secs) (at 2018-06-08 16:57:56.802892) =========

========= Started reboot slave lost (results: 0, elapsed: 0 secs) (at 2018-06-08 16:57:56.803241) =========

========= Finished reboot slave lost (results: 0, elapsed: 0 secs) (at 2018-06-08 16:57:57.164631) =========

========= Total master_lag: 0.98 =========

