builder: mozilla-esr52_win8_64-debug_test-web-platform-tests-e10s-7
slave: t-w864-ix-061
starttime: 1528499391.91
results: cancelled (6)
buildid: 20180608150819
builduid: b298b373e93d4f8dbf92436c9ed838a2
revision: cbfdf01aac455e0591471201c96b89dee98190b5

========= Started set props: master (results: 0, elapsed: 0 secs) (at 2018-06-08 16:09:51.911987) =========
master: http://buildbot-master109.bb.releng.scl3.mozilla.com:8201/
========= Finished set props: master (results: 0, elapsed: 0 secs) (at 2018-06-08 16:09:51.912458) =========

========= Started downloading to buildprops.json (results: 0, elapsed: 0 secs) (at 2018-06-08 16:09:51.912751) =========
========= Finished downloading to buildprops.json (results: 0, elapsed: 0 secs) (at 2018-06-08 16:09:52.030068) =========

========= Started 'bash -c ...' (results: 0, elapsed: 1 secs) (at 2018-06-08 16:09:52.030423) =========
'bash' '-c' 'wget -Oarchiver_client.py --no-check-certificate --tries=10 --waitretry=3 https://hg.mozilla.org/build/tools/raw-file/default/buildfarm/utils/archiver_client.py'
 in dir C:\slave\test\. (timeout 1200 secs)
 watching logfiles {}
 argv: ['bash', '-c', 'wget -Oarchiver_client.py --no-check-certificate --tries=10 --waitretry=3 https://hg.mozilla.org/build/tools/raw-file/default/buildfarm/utils/archiver_client.py']
 environment:
  ALLUSERSPROFILE=C:\ProgramData
  APPDATA=C:\Users\cltbld.T-W864-IX-061.001\AppData\Roaming
  COMMONPROGRAMFILES=C:\Program Files (x86)\Common Files
  COMMONPROGRAMFILES(X86)=C:\Program Files (x86)\Common Files
  COMMONPROGRAMW6432=C:\Program Files\Common Files
  COMPUTERNAME=T-W864-IX-061
  COMSPEC=C:\windows\system32\cmd.exe
  DCLOCATION=SCL3
  DNSSUFFIX=wintest.releng.scl3.mozilla.com
  FP_NO_HOST_CHECK=NO
  HOMEDRIVE=C:
  HOMEPATH=\Users\cltbld.T-W864-IX-061.001
  KTS_HOME=C:\Program Files\KTS
  KTS_VERSION=1.19c
  LOCALAPPDATA=C:\Users\cltbld.T-W864-IX-061.001\AppData\Local
  LOGONSERVER=\\T-W864-IX-061
  MONDIR=C:\Monitor_config\
  MOZBUILDDIR=C:\mozilla-build\
  NUMBER_OF_PROCESSORS=8
  OS=Windows_NT
  OURDRIVE=C:
  PATH=C:\Program Files (x86)\NVIDIA Corporation\PhysX\Common;C:\windows\system32;C:\windows;C:\windows\System32\Wbem;C:\windows\System32\WindowsPowerShell\v1.0\;C:\mozilla-build\python27;C:\mozilla-build\python27\Scripts;C:\mozilla-build\msys\bin;C:\mozilla-build\vim\vim72;C:\mozilla-build\wget;C:\mozilla-build\info-zip;C:\CoreUtils\bin;C:\mozilla-build\buildbotve\scripts;C:\mozilla-build\hg
  PATHEXT=.COM;.EXE;.BAT;.CMD;.VBS;.VBE;.JS;.JSE;.WSF;.WSH;.MSC
  PROCESSOR_ARCHITECTURE=x86
  PROCESSOR_ARCHITEW6432=AMD64
  PROCESSOR_IDENTIFIER=Intel64 Family 6 Model 30 Stepping 5, GenuineIntel
  PROCESSOR_LEVEL=6
  PROCESSOR_REVISION=1e05
  PROGRAMDATA=C:\ProgramData
  PROGRAMFILES=C:\Program Files (x86)
  PROGRAMFILES(X86)=C:\Program Files (x86)
  PROGRAMW6432=C:\Program Files
  PROMPT=$P$G
  PSMODULEPATH=C:\windows\system32\WindowsPowerShell\v1.0\Modules\
  PUBLIC=C:\Users\Public
  PWD=C:\slave\test
  RUNLOGFILE=C:\slave\\runslave.log
  SLAVEDIR=C:\slave\
  SYSTEMDRIVE=C:
  SYSTEMROOT=C:\windows
  TEMP=C:\Users\CLTBLD~1.001\AppData\Local\Temp
  TEST1=testie
  TMP=C:\Users\CLTBLD~1.001\AppData\Local\Temp
  USERDOMAIN=T-W864-IX-061
  USERDOMAIN_ROAMINGPROFILE=T-W864-IX-061
  USERNAME=cltbld
  USERPROFILE=C:\Users\cltbld.T-W864-IX-061.001
  WINDIR=C:\windows
 using PTY: False
--16:09:52--  https://hg.mozilla.org/build/tools/raw-file/default/buildfarm/utils/archiver_client.py
           => `archiver_client.py'
Resolving hg.mozilla.org... 63.245.215.25, 63.245.215.102
Connecting to hg.mozilla.org|63.245.215.25|:443... connected.
WARNING: Certificate verification error for hg.mozilla.org: certificate signature failure
HTTP request sent, awaiting response... 200 Script output follows
Length: 12,179 (12K) [text/x-python]

    0K .......... .                                          100%   23.21 MB/s

16:09:53 (23.21 MB/s) - `archiver_client.py' saved [12179/12179]

program finished with exit code 0
elapsedTime=1.021000
========= master_lag: 0.02 =========
========= Finished 'bash -c ...' (results: 0, elapsed: 1 secs) (at 2018-06-08 16:09:53.069657) =========

========= Started 'rm -rf ...' (results: 0, elapsed: 3 secs) (at 2018-06-08 16:09:53.070004) =========
'rm' '-rf' 'scripts' 'properties'
 in dir C:\slave\test\. (timeout 1200 secs)
 watching logfiles {}
 argv: ['rm', '-rf', 'scripts', 'properties']
 environment:
  ALLUSERSPROFILE=C:\ProgramData
  APPDATA=C:\Users\cltbld.T-W864-IX-061.001\AppData\Roaming
  COMMONPROGRAMFILES=C:\Program Files (x86)\Common Files
  COMMONPROGRAMFILES(X86)=C:\Program Files (x86)\Common Files
  COMMONPROGRAMW6432=C:\Program Files\Common Files
  COMPUTERNAME=T-W864-IX-061
  COMSPEC=C:\windows\system32\cmd.exe
  DCLOCATION=SCL3
  DNSSUFFIX=wintest.releng.scl3.mozilla.com
  FP_NO_HOST_CHECK=NO
  HOMEDRIVE=C:
  HOMEPATH=\Users\cltbld.T-W864-IX-061.001
  KTS_HOME=C:\Program Files\KTS
  KTS_VERSION=1.19c
  LOCALAPPDATA=C:\Users\cltbld.T-W864-IX-061.001\AppData\Local
  LOGONSERVER=\\T-W864-IX-061
  MONDIR=C:\Monitor_config\
  MOZBUILDDIR=C:\mozilla-build\
  NUMBER_OF_PROCESSORS=8
  OS=Windows_NT
  OURDRIVE=C:
  PATH=C:\Program Files (x86)\NVIDIA Corporation\PhysX\Common;C:\windows\system32;C:\windows;C:\windows\System32\Wbem;C:\windows\System32\WindowsPowerShell\v1.0\;C:\mozilla-build\python27;C:\mozilla-build\python27\Scripts;C:\mozilla-build\msys\bin;C:\mozilla-build\vim\vim72;C:\mozilla-build\wget;C:\mozilla-build\info-zip;C:\CoreUtils\bin;C:\mozilla-build\buildbotve\scripts;C:\mozilla-build\hg
  PATHEXT=.COM;.EXE;.BAT;.CMD;.VBS;.VBE;.JS;.JSE;.WSF;.WSH;.MSC
  PROCESSOR_ARCHITECTURE=x86
  PROCESSOR_ARCHITEW6432=AMD64
  PROCESSOR_IDENTIFIER=Intel64 Family 6 Model 30 Stepping 5, GenuineIntel
  PROCESSOR_LEVEL=6
  PROCESSOR_REVISION=1e05
  PROGRAMDATA=C:\ProgramData
  PROGRAMFILES=C:\Program Files (x86)
  PROGRAMFILES(X86)=C:\Program Files (x86)
  PROGRAMW6432=C:\Program Files
  PROMPT=$P$G
  PSMODULEPATH=C:\windows\system32\WindowsPowerShell\v1.0\Modules\
  PUBLIC=C:\Users\Public
  PWD=C:\slave\test
  RUNLOGFILE=C:\slave\\runslave.log
  SLAVEDIR=C:\slave\
  SYSTEMDRIVE=C:
  SYSTEMROOT=C:\windows
  TEMP=C:\Users\CLTBLD~1.001\AppData\Local\Temp
  TEST1=testie
  TMP=C:\Users\CLTBLD~1.001\AppData\Local\Temp
  USERDOMAIN=T-W864-IX-061
  USERDOMAIN_ROAMINGPROFILE=T-W864-IX-061
  USERNAME=cltbld
  USERPROFILE=C:\Users\cltbld.T-W864-IX-061.001
  WINDIR=C:\windows
 using PTY: False
program finished with exit code 0
elapsedTime=3.009000
========= master_lag: 0.02 =========
========= Finished 'rm -rf ...' (results: 0, elapsed: 3 secs) (at 2018-06-08 16:09:56.097291) =========

========= Started 'bash -c ...' (results: 0, elapsed: 2 secs) (at 2018-06-08 16:09:56.097681) =========
'bash' '-c' u'python archiver_client.py mozharness --repo releases/mozilla-esr52 --rev cbfdf01aac455e0591471201c96b89dee98190b5 --destination scripts --debug'
 in dir C:\slave\test\. (timeout 1200 secs)
 watching logfiles {}
 argv: ['bash', '-c', u'python archiver_client.py mozharness --repo releases/mozilla-esr52 --rev cbfdf01aac455e0591471201c96b89dee98190b5 --destination scripts --debug']
 environment:
  ALLUSERSPROFILE=C:\ProgramData
  APPDATA=C:\Users\cltbld.T-W864-IX-061.001\AppData\Roaming
  COMMONPROGRAMFILES=C:\Program Files (x86)\Common Files
  COMMONPROGRAMFILES(X86)=C:\Program Files (x86)\Common Files
  COMMONPROGRAMW6432=C:\Program Files\Common Files
  COMPUTERNAME=T-W864-IX-061
  COMSPEC=C:\windows\system32\cmd.exe
  DCLOCATION=SCL3
  DNSSUFFIX=wintest.releng.scl3.mozilla.com
  FP_NO_HOST_CHECK=NO
  HOMEDRIVE=C:
  HOMEPATH=\Users\cltbld.T-W864-IX-061.001
  KTS_HOME=C:\Program Files\KTS
  KTS_VERSION=1.19c
  LOCALAPPDATA=C:\Users\cltbld.T-W864-IX-061.001\AppData\Local
  LOGONSERVER=\\T-W864-IX-061
  MONDIR=C:\Monitor_config\
  MOZBUILDDIR=C:\mozilla-build\
  NUMBER_OF_PROCESSORS=8
  OS=Windows_NT
  OURDRIVE=C:
  PATH=C:\Program Files (x86)\NVIDIA Corporation\PhysX\Common;C:\windows\system32;C:\windows;C:\windows\System32\Wbem;C:\windows\System32\WindowsPowerShell\v1.0\;C:\mozilla-build\python27;C:\mozilla-build\python27\Scripts;C:\mozilla-build\msys\bin;C:\mozilla-build\vim\vim72;C:\mozilla-build\wget;C:\mozilla-build\info-zip;C:\CoreUtils\bin;C:\mozilla-build\buildbotve\scripts;C:\mozilla-build\hg
  PATHEXT=.COM;.EXE;.BAT;.CMD;.VBS;.VBE;.JS;.JSE;.WSF;.WSH;.MSC
  PROCESSOR_ARCHITECTURE=x86
  PROCESSOR_ARCHITEW6432=AMD64
  PROCESSOR_IDENTIFIER=Intel64 Family 6 Model 30 Stepping 5, GenuineIntel
  PROCESSOR_LEVEL=6
  PROCESSOR_REVISION=1e05
  PROGRAMDATA=C:\ProgramData
  PROGRAMFILES=C:\Program Files (x86)
  PROGRAMFILES(X86)=C:\Program Files (x86)
  PROGRAMW6432=C:\Program Files
  PROMPT=$P$G
  PSMODULEPATH=C:\windows\system32\WindowsPowerShell\v1.0\Modules\
  PUBLIC=C:\Users\Public
  PWD=C:\slave\test
  RUNLOGFILE=C:\slave\\runslave.log
  SLAVEDIR=C:\slave\
  SYSTEMDRIVE=C:
  SYSTEMROOT=C:\windows
  TEMP=C:\Users\CLTBLD~1.001\AppData\Local\Temp
  TEST1=testie
  TMP=C:\Users\CLTBLD~1.001\AppData\Local\Temp
  USERDOMAIN=T-W864-IX-061
  USERDOMAIN_ROAMINGPROFILE=T-W864-IX-061
  USERNAME=cltbld
  USERPROFILE=C:\Users\cltbld.T-W864-IX-061.001
  WINDIR=C:\windows
 using PTY: False
2018-06-08 16:09:56,530 truncating revision to first 12 chars
2018-06-08 16:09:56,530 Setting DEBUG logging.
2018-06-08 16:09:56,530 attempt 1/10
2018-06-08 16:09:56,530 Getting archive location from https://api.pub.build.mozilla.org/archiver/hgmo/releases/mozilla-esr52/cbfdf01aac45?&preferred_region=us-west-2&suffix=tar.gz&subdir=testing/mozharness
2018-06-08 16:09:57,946 unpacking tar archive at: mozilla-esr52-cbfdf01aac45/testing/mozharness/
2018-06-08 16:09:58,040 skipping symlink on windows: configs/single_locale/linux32.py
program finished with exit code 0
elapsedTime=2.263000
========= master_lag: 0.03 =========
========= Finished 'bash -c ...' (results: 0, elapsed: 2 secs) (at 2018-06-08 16:09:58.393577) =========

========= Started set props: script_repo_revision (results: 0, elapsed: 0 secs) (at 2018-06-08 16:09:58.394038) =========
script_repo_revision: cbfdf01aac455e0591471201c96b89dee98190b5
========= Finished set props: script_repo_revision (results: 0, elapsed: 0 secs) (at 2018-06-08 16:09:58.394651) =========

========= Started downloading to oauth.txt (results: 0, elapsed: 0 secs) (at 2018-06-08 16:09:58.395051) =========
========= Finished downloading to oauth.txt (results: 0, elapsed: 0 secs) (at 2018-06-08 16:09:58.405028) =========

========= Started 'c:/mozilla-build/python27/python -u ...' interrupted (results: 4, elapsed: 48 mins, 3 secs) (at 2018-06-08 16:09:58.405337) =========
'c:/mozilla-build/python27/python' '-u' 'scripts/scripts/web_platform_tests.py' '--cfg' 'web_platform_tests/prod_config_windows.py' '--test-type=testharness' '--e10s' '--total-chunks' '10' '--this-chunk' '7' '--blob-upload-branch' 'mozilla-esr52' '--download-symbols' 'true'
 in dir C:\slave\test\. (timeout 1800 secs) (maxTime 7200 secs)
 watching logfiles {}
 argv: ['c:/mozilla-build/python27/python', '-u', 'scripts/scripts/web_platform_tests.py', '--cfg', 'web_platform_tests/prod_config_windows.py', '--test-type=testharness', '--e10s', '--total-chunks', '10', '--this-chunk', '7', '--blob-upload-branch', 'mozilla-esr52', '--download-symbols', 'true']
 environment:
  ALLUSERSPROFILE=C:\ProgramData
  APPDATA=C:\Users\cltbld.T-W864-IX-061.001\AppData\Roaming
  COMMONPROGRAMFILES=C:\Program Files (x86)\Common Files
  COMMONPROGRAMFILES(X86)=C:\Program Files (x86)\Common Files
  COMMONPROGRAMW6432=C:\Program Files\Common Files
  COMPUTERNAME=T-W864-IX-061
  COMSPEC=C:\windows\system32\cmd.exe
  DCLOCATION=SCL3
  DNSSUFFIX=wintest.releng.scl3.mozilla.com
  FP_NO_HOST_CHECK=NO
  HOMEDRIVE=C:
  HOMEPATH=\Users\cltbld.T-W864-IX-061.001
  KTS_HOME=C:\Program Files\KTS
  KTS_VERSION=1.19c
  LOCALAPPDATA=C:\Users\cltbld.T-W864-IX-061.001\AppData\Local
  LOGONSERVER=\\T-W864-IX-061
  MONDIR=C:\Monitor_config\
  MOZBUILDDIR=C:\mozilla-build\
  MOZ_CRASHREPORTER_NO_REPORT=1
  MOZ_HIDE_RESULTS_TABLE=1
  MOZ_NO_REMOTE=1
  NO_EM_RESTART=1
  NO_FAIL_ON_TEST_ERRORS=1
  NUMBER_OF_PROCESSORS=8
  OS=Windows_NT
  OURDRIVE=C:
  PATH=C:\Program Files (x86)\NVIDIA Corporation\PhysX\Common;C:\windows\system32;C:\windows;C:\windows\System32\Wbem;C:\windows\System32\WindowsPowerShell\v1.0\;C:\mozilla-build\python27;C:\mozilla-build\python27\Scripts;C:\mozilla-build\msys\bin;C:\mozilla-build\vim\vim72;C:\mozilla-build\wget;C:\mozilla-build\info-zip;C:\CoreUtils\bin;C:\mozilla-build\buildbotve\scripts;C:\mozilla-build\hg
  PATHEXT=.COM;.EXE;.BAT;.CMD;.VBS;.VBE;.JS;.JSE;.WSF;.WSH;.MSC
  PROCESSOR_ARCHITECTURE=x86
  PROCESSOR_ARCHITEW6432=AMD64
  PROCESSOR_IDENTIFIER=Intel64 Family 6 Model 30 Stepping 5, GenuineIntel
  PROCESSOR_LEVEL=6
  PROCESSOR_REVISION=1e05
  PROGRAMDATA=C:\ProgramData
  PROGRAMFILES=C:\Program Files (x86)
  PROGRAMFILES(X86)=C:\Program Files (x86)
  PROGRAMW6432=C:\Program Files
  PROMPT=$P$G
  PROPERTIES_FILE=C:\slave\test/buildprops.json
  PSMODULEPATH=C:\windows\system32\WindowsPowerShell\v1.0\Modules\
  PUBLIC=C:\Users\Public
  PWD=C:\slave\test
  RUNLOGFILE=C:\slave\\runslave.log
  SLAVEDIR=C:\slave\
  SYSTEMDRIVE=C:
  SYSTEMROOT=C:\windows
  TEMP=C:\Users\CLTBLD~1.001\AppData\Local\Temp
  TEST1=testie
  TMP=C:\Users\CLTBLD~1.001\AppData\Local\Temp
  USERDOMAIN=T-W864-IX-061
  USERDOMAIN_ROAMINGPROFILE=T-W864-IX-061
  USERNAME=cltbld
  USERPROFILE=C:\Users\cltbld.T-W864-IX-061.001
  WINDIR=C:\windows
  XPCOM_DEBUG_BREAK=warn
 using PTY: False
16:09:58     INFO - MultiFileLogger online at 20180608 16:09:58 in C:\slave\test
16:09:58     INFO - Run as scripts/scripts/web_platform_tests.py --cfg web_platform_tests/prod_config_windows.py --test-type=testharness --e10s --total-chunks 10 --this-chunk 7 --blob-upload-branch mozilla-esr52 --download-symbols true
16:09:58     INFO - Dumping config to C:\slave\test\logs\localconfig.json.
16:09:58     INFO - {'allow_software_gl_layers': False,
16:09:58     INFO -  'append_to_log': False,
16:09:58     INFO -  'base_work_dir': 'C:\\slave\\test',
16:09:58     INFO -  'blob_upload_branch': 'mozilla-esr52',
16:09:58     INFO -  'blob_uploader_auth_file': 'C:\\slave\\test\\oauth.txt',
16:09:58     INFO -  'buildbot_json_path': 'buildprops.json',
16:09:58     INFO -  'config_files': ('web_platform_tests/prod_config_windows.py',),
16:09:58     INFO -  'default_blob_upload_servers': ('https://blobupload.elasticbeanstalk.com',),
16:09:58     INFO -  'download_minidump_stackwalk': True,
16:09:58     INFO -  'download_symbols': 'true',
16:09:58     INFO -  'e10s': True,
16:09:58     INFO -  'exes': {'hg': 'c:/mozilla-build/hg/hg',
16:09:58     INFO -           'mozinstall': ('C:\\slave\\test/build/venv/scripts/python',
16:09:58     INFO -                          'C:\\slave\\test/build/venv/scripts/mozinstall-script.py'),
16:09:58     INFO -           'python': 'c:\\mozilla-build\\python27\\python.exe',
16:09:58     INFO -           'tooltool.py': ('c:\\mozilla-build\\python27\\python.exe',
16:09:58     INFO -                           'C:/mozilla-build/tooltool.py'),
16:09:58     INFO -           'virtualenv': ('c:\\mozilla-build\\python27\\python.exe',
16:09:58     INFO -                          'c:/mozilla-build/buildbotve/virtualenv.py')},
16:09:58     INFO -  'find_links': ('http://pypi.pvt.build.mozilla.org/pub',
16:09:58     INFO -                 'http://pypi.pub.build.mozilla.org/pub'),
16:09:58     INFO -  'log_level': 'info',
16:09:58     INFO -  'log_to_console': True,
16:09:58     INFO -  'opt_config_files': (),
16:09:58     INFO -  'options': ('--prefs-root=%(test_path)s/prefs',
16:09:58     INFO -              '--processes=1',
16:09:58     INFO -              '--config=%(test_path)s/wptrunner.ini',
16:09:58     INFO -              '--ca-cert-path=%(test_path)s/certs/cacert.pem',
16:09:58     INFO -              '--host-key-path=%(test_path)s/certs/web-platform.test.key',
16:09:58     INFO -              '--host-cert-path=%(test_path)s/certs/web-platform.test.pem',
16:09:58     INFO -              '--certutil-binary=%(test_install_path)s/bin/certutil'),
16:09:58     INFO -  'pip_index': False,
16:09:58     INFO -  'require_test_zip': True,
16:09:58     INFO -  'test_type': ('testharness',),
16:09:58     INFO -  'this_chunk': '7',
16:09:58     INFO -  'total_chunks': '10',
16:09:58     INFO -  'virtualenv_path': 'venv',
16:09:58     INFO -  'volatile_config': {'actions': None, 'add_actions': None, 'no_actions': None},
16:09:58     INFO -  'work_dir': 'build'}
16:09:58     INFO - [mozharness: 2018-06-08 23:09:58.896000Z] Running clobber step.
16:09:58     INFO - Running pre-action listener: _resource_record_pre_action
16:09:58     INFO - Running main action method: clobber
16:09:58     INFO - rmtree: C:\slave\test\build
16:09:58     INFO - Using _rmtree_windows ...
16:09:58     INFO - retry: Calling _rmtree_windows with args: ('C:\\slave\\test\\build',), kwargs: {}, attempt #1
16:12:22     INFO - Running post-action listener: _resource_record_post_action
16:12:22     INFO - [mozharness: 2018-06-08 23:12:22.142000Z] Finished clobber step (success)
16:12:22     INFO - [mozharness: 2018-06-08 23:12:22.142000Z] Running read-buildbot-config step.
16:12:22     INFO - Running pre-action listener: _resource_record_pre_action
16:12:22     INFO - Running main action method: read_buildbot_config
16:12:22     INFO - Using buildbot properties:
16:12:22     INFO - {
16:12:22     INFO -     "project": "", 
16:12:22     INFO -     "product": "firefox", 
16:12:22     INFO -     "script_repo_revision": "production", 
16:12:22     INFO -     "scheduler": "tests-mozilla-esr52-win8_64-debug-unittest", 
16:12:22     INFO -     "repository": "", 
16:12:22     INFO -     "buildername": "Windows 8 64-bit mozilla-esr52 debug test web-platform-tests-e10s-7", 
16:12:22     INFO -     "buildid": "20180608150819", 
16:12:22     INFO -     "pgo_build": "False", 
16:12:22     INFO -     "basedir": "C:\\slave\\test", 
16:12:22     INFO -     "buildnumber": 0, 
16:12:22     INFO -     "slavename": "t-w864-ix-061", 
16:12:22     INFO -     "revision": "cbfdf01aac455e0591471201c96b89dee98190b5", 
16:12:22     INFO -     "master": "http://buildbot-master109.bb.releng.scl3.mozilla.com:8201/", 
16:12:22     INFO -     "platform": "win64", 
16:12:22     INFO -     "branch": "mozilla-esr52", 
16:12:22     INFO -     "repo_path": "releases/mozilla-esr52", 
16:12:22     INFO -     "moz_repo_path": "", 
16:12:22     INFO -     "stage_platform": "win64", 
16:12:22     INFO -     "builduid": "b298b373e93d4f8dbf92436c9ed838a2", 
16:12:22     INFO -     "slavebuilddir": "test"
16:12:22     INFO - }
16:12:22     INFO - Found a test packages url https://queue.taskcluster.net/v1/task/GYm6uScDR968YNKAqw8dYQ/artifacts/public/build/firefox-52.8.2.en-US.win64.test_packages.json.
16:12:22     INFO - Found installer url https://queue.taskcluster.net/v1/task/GYm6uScDR968YNKAqw8dYQ/artifacts/public/build/firefox-52.8.2.en-US.win64.zip.
16:12:22     INFO - Running post-action listener: _resource_record_post_action
16:12:22     INFO - [mozharness: 2018-06-08 23:12:22.145000Z] Finished read-buildbot-config step (success)
16:12:22     INFO - [mozharness: 2018-06-08 23:12:22.145000Z] Running download-and-extract step.
16:12:22     INFO - Running pre-action listener: _resource_record_pre_action
16:12:22     INFO - Running main action method: download_and_extract
16:12:22     INFO - mkdir: C:\slave\test\build\tests
16:12:22     INFO - Downloading https://queue.taskcluster.net/v1/task/GYm6uScDR968YNKAqw8dYQ/artifacts/public/build/firefox-52.8.2.en-US.win64.test_packages.json to C:\slave\test\build\firefox-52.8.2.en-US.win64.test_packages.json
16:12:22     INFO - retry: Calling _download_file with args: (), kwargs: {'url': 'https://queue.taskcluster.net/v1/task/GYm6uScDR968YNKAqw8dYQ/artifacts/public/build/firefox-52.8.2.en-US.win64.test_packages.json', 'file_name': 'C:\\slave\\test\\build\\firefox-52.8.2.en-US.win64.test_packages.json'}, attempt #1
16:12:22     INFO - Downloaded 1274 bytes.
16:12:22     INFO - Reading from file C:\slave\test\build\firefox-52.8.2.en-US.win64.test_packages.json
16:12:22     INFO - Using the following test package requirements:
16:12:22     INFO - {u'common': [u'firefox-52.8.2.en-US.win64.common.tests.zip'],
16:12:22     INFO -  u'cppunittest': [u'firefox-52.8.2.en-US.win64.common.tests.zip',
16:12:22     INFO -                   u'firefox-52.8.2.en-US.win64.cppunittest.tests.zip'],
16:12:22     INFO -  u'gtest': [u'firefox-52.8.2.en-US.win64.common.tests.zip',
16:12:22     INFO -             u'firefox-52.8.2.en-US.win64.gtest.tests.zip'],
16:12:22     INFO -  u'jittest': [u'firefox-52.8.2.en-US.win64.common.tests.zip',
16:12:22     INFO -               u'jsshell-win64.zip'],
16:12:22     INFO -  u'mochitest': [u'firefox-52.8.2.en-US.win64.common.tests.zip',
16:12:22     INFO -                 u'firefox-52.8.2.en-US.win64.mochitest.tests.zip'],
16:12:22     INFO -  u'mozbase': [u'firefox-52.8.2.en-US.win64.common.tests.zip'],
16:12:22     INFO -  u'reftest': [u'firefox-52.8.2.en-US.win64.common.tests.zip',
16:12:22     INFO -               u'firefox-52.8.2.en-US.win64.reftest.tests.zip'],
16:12:22     INFO -  u'talos': [u'firefox-52.8.2.en-US.win64.common.tests.zip',
16:12:22     INFO -             u'firefox-52.8.2.en-US.win64.talos.tests.zip'],
16:12:22     INFO -  u'web-platform': [u'firefox-52.8.2.en-US.win64.common.tests.zip',
16:12:22     INFO -                    u'firefox-52.8.2.en-US.win64.web-platform.tests.zip'],
16:12:22     INFO -  u'xpcshell': [u'firefox-52.8.2.en-US.win64.common.tests.zip',
16:12:22     INFO -                u'firefox-52.8.2.en-US.win64.xpcshell.tests.zip']}
16:12:22     INFO - Downloading packages: [u'firefox-52.8.2.en-US.win64.common.tests.zip', u'firefox-52.8.2.en-US.win64.web-platform.tests.zip'] for test suite category: web-platform
16:12:22     INFO - Adding 'mach' for extraction from common.tests zip file
16:12:22     INFO - Adding 'mozinfo.json' for extraction from common.tests zip file
16:12:22     INFO - Downloading and extracting to C:\slave\test\build\tests these dirs bin/*, config/*, mozbase/*, marionette/*, tools/wptserve/*, web-platform/*, mach, mozinfo.json from https://queue.taskcluster.net/v1/task/GYm6uScDR968YNKAqw8dYQ/artifacts/public/build/firefox-52.8.2.en-US.win64.common.tests.zip
16:12:22     INFO - retry: Calling fetch_url_into_memory with args: (), kwargs: {'url': u'https://queue.taskcluster.net/v1/task/GYm6uScDR968YNKAqw8dYQ/artifacts/public/build/firefox-52.8.2.en-US.win64.common.tests.zip'}, attempt #1
16:12:22     INFO - Fetch https://queue.taskcluster.net/v1/task/GYm6uScDR968YNKAqw8dYQ/artifacts/public/build/firefox-52.8.2.en-US.win64.common.tests.zip into memory
16:12:23     INFO - Http code: 200
16:12:23     INFO - via: 1.1 939ea9d62ec616846d41b16cea0dc65b.cloudfront.net (CloudFront)
16:12:23     INFO - x-amz-cf-id: xb8bhyOZE0nuWODmNp_c_zS2z-Hy5UM49wEMt-DfS7Qh4MDwAzDniA==
16:12:23     INFO - x-amz-version-id: GXeUmcedjVSRuTwtJsxXIwtE5wM89o3K
16:12:24     INFO - Expected file size: 19457836
16:12:24     INFO - Obtained file size: 19457836
16:12:25     INFO - Downloading and extracting to C:\slave\test\build\tests these dirs bin/*, config/*, mozbase/*, marionette/*, tools/wptserve/*, web-platform/*, mach, mozinfo.json from https://queue.taskcluster.net/v1/task/GYm6uScDR968YNKAqw8dYQ/artifacts/public/build/firefox-52.8.2.en-US.win64.web-platform.tests.zip
16:12:25     INFO - retry: Calling fetch_url_into_memory with args: (), kwargs: {'url': u'https://queue.taskcluster.net/v1/task/GYm6uScDR968YNKAqw8dYQ/artifacts/public/build/firefox-52.8.2.en-US.win64.web-platform.tests.zip'}, attempt #1
16:12:25     INFO - Fetch https://queue.taskcluster.net/v1/task/GYm6uScDR968YNKAqw8dYQ/artifacts/public/build/firefox-52.8.2.en-US.win64.web-platform.tests.zip into memory
16:12:25     INFO - Http code: 200
16:12:25     INFO - via: 1.1 9767e262e4af15c8d83a726bb0f44fa5.cloudfront.net (CloudFront)
16:12:25     INFO - x-amz-cf-id: KfNmY4o3n5K1_d1Fge07MgHeqQQciIqrDgjB7rrOEIz08gmcLTlp_A==
16:12:25     INFO - x-amz-version-id: t8LUDMRalAINifNMDsPl_7YYsyRq5l0j
16:12:26     INFO - Expected file size: 43270029
16:12:26     INFO - Obtained file size: 43270029
16:13:05     INFO - Downloading https://queue.taskcluster.net/v1/task/GYm6uScDR968YNKAqw8dYQ/artifacts/public/build/firefox-52.8.2.en-US.win64.zip to C:\slave\test\build\firefox-52.8.2.en-US.win64.zip
16:13:05     INFO - retry: Calling _download_file with args: (), kwargs: {'url': 'https://queue.taskcluster.net/v1/task/GYm6uScDR968YNKAqw8dYQ/artifacts/public/build/firefox-52.8.2.en-US.win64.zip', 'file_name': 'C:\\slave\\test\\build\\firefox-52.8.2.en-US.win64.zip'}, attempt #1
16:13:07     INFO - Downloaded 80512976 bytes.
16:13:07     INFO - Setting buildbot property build_url to https://queue.taskcluster.net/v1/task/GYm6uScDR968YNKAqw8dYQ/artifacts/public/build/firefox-52.8.2.en-US.win64.zip
16:13:07     INFO - mkdir: C:\slave\test\properties
16:13:07     INFO - Writing buildbot properties ['build_url'] to C:\slave\test\properties\build_url
16:13:07     INFO - Writing to file C:\slave\test\properties\build_url
16:13:07     INFO - Contents:
16:13:07     INFO -  build_url:https://queue.taskcluster.net/v1/task/GYm6uScDR968YNKAqw8dYQ/artifacts/public/build/firefox-52.8.2.en-US.win64.zip
16:13:07     INFO - retry: Calling query_symbols_url with args: (), kwargs: {'raise_on_failure': True}, attempt #1
16:13:08     INFO - Setting buildbot property symbols_url to https://queue.taskcluster.net/v1/task/GYm6uScDR968YNKAqw8dYQ/artifacts/public/build/firefox-52.8.2.en-US.win64.crashreporter-symbols.zip
16:13:08     INFO - Writing buildbot properties ['symbols_url'] to C:\slave\test\properties\symbols_url
16:13:08     INFO - Writing to file C:\slave\test\properties\symbols_url
16:13:08     INFO - Contents:
16:13:08     INFO -  symbols_url:https://queue.taskcluster.net/v1/task/GYm6uScDR968YNKAqw8dYQ/artifacts/public/build/firefox-52.8.2.en-US.win64.crashreporter-symbols.zip
16:13:08     INFO - Downloading and extracting to C:\slave\test\build\symbols these dirs * from https://queue.taskcluster.net/v1/task/GYm6uScDR968YNKAqw8dYQ/artifacts/public/build/firefox-52.8.2.en-US.win64.crashreporter-symbols.zip
16:13:08     INFO - retry: Calling fetch_url_into_memory with args: (), kwargs: {'url': 'https://queue.taskcluster.net/v1/task/GYm6uScDR968YNKAqw8dYQ/artifacts/public/build/firefox-52.8.2.en-US.win64.crashreporter-symbols.zip'}, attempt #1
16:13:08     INFO - Fetch https://queue.taskcluster.net/v1/task/GYm6uScDR968YNKAqw8dYQ/artifacts/public/build/firefox-52.8.2.en-US.win64.crashreporter-symbols.zip into memory
16:13:08     INFO - Http code: 200
16:13:08     INFO - via: 1.1 8e86372eaaa62fc64b70e7bcde725dd9.cloudfront.net (CloudFront)
16:13:08     INFO - x-amz-cf-id: zysvdAYooMnx49IDObA2pzsgxX2U-bC_P8kNw9q-QeeHVx25ztlH7w==
16:13:08     INFO - x-amz-version-id: ulFZQ.LhR2x4mniqg2Yz5MgvXQwj83dP
16:13:09     INFO - Expected file size: 55003726
16:13:09     INFO - Obtained file size: 55003726
16:13:16     INFO - Running post-action listener: _resource_record_post_action
16:13:16     INFO - Running post-action listener: set_extra_try_arguments
16:13:16     INFO - [mozharness: 2018-06-08 23:13:16.900000Z] Finished download-and-extract step (success)
16:13:16     INFO - [mozharness: 2018-06-08 23:13:16.900000Z] Running fetch-geckodriver step.
16:13:16     INFO - Running pre-action listener: _resource_record_pre_action
16:13:16     INFO - Running main action method: fetch_geckodriver
16:13:16     INFO - Running post-action listener: _resource_record_post_action
16:13:16     INFO - [mozharness: 2018-06-08 23:13:16.900000Z] Finished fetch-geckodriver step (success)
16:13:16     INFO - [mozharness: 2018-06-08 23:13:16.900000Z] Running create-virtualenv step.
16:13:16     INFO - Running pre-action listener: _pre_create_virtualenv
16:13:16     INFO - Running pre-action listener: _resource_record_pre_action
16:13:16     INFO - Running main action method: create_virtualenv
16:13:16     INFO - Creating virtualenv C:\slave\test\build\venv
16:13:16     INFO - Running command: ['c:\\mozilla-build\\python27\\python.exe', 'C:\\slave\\test\\scripts\\external_tools\\virtualenv\\virtualenv.py', '--always-copy', 'C:\\slave\\test\\build\\venv'] in C:\slave\test\build
16:13:16     INFO - Copy/paste: c:\mozilla-build\python27\python.exe C:\slave\test\scripts\external_tools\virtualenv\virtualenv.py --always-copy C:\slave\test\build\venv
16:13:16     INFO - Using partial env: {'VIRTUALENV_NO_DOWNLOAD': '1'}
16:13:22     INFO -  New python executable in C:\slave\test\build\venv\Scripts\python.exe
16:13:34     INFO -  Installing setuptools, pip, wheel...done.
16:13:34     INFO - Return code: 0
16:13:34     INFO - Installing psutil>=3.1.1 into virtualenv C:\slave\test\build\venv
16:13:34     INFO - retry: Calling run_command with args: [['C:\\slave\\test\\build\\venv\\Scripts\\pip', 'install', '--timeout', '120', '--no-index', '--find-links', 'http://pypi.pvt.build.mozilla.org/pub', '--find-links', 'http://pypi.pub.build.mozilla.org/pub', '--trusted-host', 'pypi.pub.build.mozilla.org', '--trusted-host', 'pypi.pvt.build.mozilla.org', 'psutil>=3.1.1']], kwargs: {'error_level': 'warning', 'error_list': [{'substr': 'not found or a compiler error:', 'level': 'warning'}, {'regex': <_sre.SRE_Pattern object at 0x0264A250>, 'level': 'error'}, {'regex': <_sre.SRE_Pattern object at 0x0265E188>, 'level': 'warning'}, {'regex': <_sre.SRE_Pattern object at 0x02686F00>, 'level': 'debug'}, {'substr': 'command not found', 'level': 'error'}, {'regex': <_sre.SRE_Pattern object at 0x00468DE8>, 'level': 'warning'}, {'substr': 'Traceback (most recent call last)', 'level': 'error'}, {'substr': 'SyntaxError: ', 'level': 'error'}, {'substr': 'TypeError: ', 'level': 'error'}, {'substr': 'NameError: ', 'level': 'error'}, {'substr': 'ZeroDivisionError: ', 'level': 'error'}, {'regex': <_sre.SRE_Pattern object at 0x025C5230>, 'level': 'critical'}, {'regex': <_sre.SRE_Pattern object at 0x02652520>, 'level': 'critical'}], 'cwd': 'C:\\slave\\test\\build', 'env': {'TMP': 'C:\\Users\\CLTBLD~1.001\\AppData\\Local\\Temp', 'TEST1': 'testie', 'COMPUTERNAME': 'T-W864-IX-061', 'USERDOMAIN': 'T-W864-IX-061', 'KTS_VERSION': '1.19c', 'PSMODULEPATH': 'C:\\windows\\system32\\WindowsPowerShell\\v1.0\\Modules\\', 'COMMONPROGRAMFILES': 'C:\\Program Files (x86)\\Common Files', 'PROCESSOR_IDENTIFIER': 'Intel64 Family 6 Model 30 Stepping 5, GenuineIntel', 'PROGRAMFILES': 'C:\\Program Files (x86)', 'PROCESSOR_REVISION': '1e05', 'DNSSUFFIX': 'wintest.releng.scl3.mozilla.com', 'SYSTEMROOT': 'C:\\windows', 'NO_EM_RESTART': '1', 'PROGRAMFILES(X86)': 'C:\\Program Files (x86)', 'OURDRIVE': 'C:', 'MOZ_HIDE_RESULTS_TABLE': '1', 'XPCOM_DEBUG_BREAK': 'warn', 'MONDIR': 'C:\\Monitor_config\\', 'TEMP': 'C:\\Users\\CLTBLD~1.001\\AppData\\Local\\Temp', 'COMMONPROGRAMFILES(X86)': 'C:\\Program Files (x86)\\Common Files', 'RUNLOGFILE': 'C:\\slave\\\\runslave.log', 'PROCESSOR_ARCHITECTURE': 'x86', 'ALLUSERSPROFILE': 'C:\\ProgramData', 'USERPROFILE': 'C:\\Users\\cltbld.T-W864-IX-061.001', 'LOCALAPPDATA': 'C:\\Users\\cltbld.T-W864-IX-061.001\\AppData\\Local', 'HOMEPATH': '\\Users\\cltbld.T-W864-IX-061.001', 'USERDOMAIN_ROAMINGPROFILE': 'T-W864-IX-061', 'MOZBUILDDIR': 'C:\\mozilla-build\\', 'PROGRAMW6432': 'C:\\Program Files', 'USERNAME': 'cltbld', 'LOGONSERVER': '\\\\T-W864-IX-061', 'MOZ_NO_REMOTE': '1', 'COMSPEC': 'C:\\windows\\system32\\cmd.exe', 'PROGRAMDATA': 'C:\\ProgramData', 'PROPERTIES_FILE': 'C:\\slave\\test/buildprops.json', 'PATH': 'C:\\Program Files (x86)\\NVIDIA Corporation\\PhysX\\Common;C:\\windows\\system32;C:\\windows;C:\\windows\\System32\\Wbem;C:\\windows\\System32\\WindowsPowerShell\\v1.0\\;C:\\mozilla-build\\python27;C:\\mozilla-build\\python27\\Scripts;C:\\mozilla-build\\msys\\bin;C:\\mozilla-build\\vim\\vim72;C:\\mozilla-build\\wget;C:\\mozilla-build\\info-zip;C:\\CoreUtils\\bin;C:\\mozilla-build\\buildbotve\\scripts;C:\\mozilla-build\\hg', 'PROMPT': '$P$G', 'NO_FAIL_ON_TEST_ERRORS': '1', 'PATHEXT': '.COM;.EXE;.BAT;.CMD;.VBS;.VBE;.JS;.JSE;.WSF;.WSH;.MSC', 'FP_NO_HOST_CHECK': 'NO', 'DCLOCATION': 'SCL3', 'APPDATA': 'C:\\Users\\cltbld.T-W864-IX-061.001\\AppData\\Roaming', 'HOMEDRIVE': 'C:', 'SYSTEMDRIVE': 'C:', 'SLAVEDIR': 'C:\\slave\\', 'NUMBER_OF_PROCESSORS': '8', 'PWD': 'C:\\slave\\test', 'PROCESSOR_LEVEL': '6', 'KTS_HOME': 'C:\\Program Files\\KTS', 'PROCESSOR_ARCHITEW6432': 'AMD64', 'MOZ_CRASHREPORTER_NO_REPORT': '1', 'COMMONPROGRAMW6432': 'C:\\Program Files\\Common Files', 'OS': 'Windows_NT', 'PUBLIC': 'C:\\Users\\Public', 'WINDIR': 'C:\\windows'}}, attempt #1
16:13:34     INFO - Running command: ['C:\\slave\\test\\build\\venv\\Scripts\\pip', 'install', '--timeout', '120', '--no-index', '--find-links', 'http://pypi.pvt.build.mozilla.org/pub', '--find-links', 'http://pypi.pub.build.mozilla.org/pub', '--trusted-host', 'pypi.pub.build.mozilla.org', '--trusted-host', 'pypi.pvt.build.mozilla.org', 'psutil>=3.1.1'] in C:\slave\test\build
16:13:34     INFO - Copy/paste: C:\slave\test\build\venv\Scripts\pip install --timeout 120 --no-index --find-links http://pypi.pvt.build.mozilla.org/pub --find-links http://pypi.pub.build.mozilla.org/pub --trusted-host pypi.pub.build.mozilla.org --trusted-host pypi.pvt.build.mozilla.org psutil>=3.1.1
16:13:34     INFO - Using env: {'ALLUSERSPROFILE': 'C:\\ProgramData',
16:13:34     INFO -  'APPDATA': 'C:\\Users\\cltbld.T-W864-IX-061.001\\AppData\\Roaming',
16:13:34     INFO -  'COMMONPROGRAMFILES': 'C:\\Program Files (x86)\\Common Files',
16:13:34     INFO -  'COMMONPROGRAMFILES(X86)': 'C:\\Program Files (x86)\\Common Files',
16:13:34     INFO -  'COMMONPROGRAMW6432': 'C:\\Program Files\\Common Files',
16:13:34     INFO -  'COMPUTERNAME': 'T-W864-IX-061',
16:13:34     INFO -  'COMSPEC': 'C:\\windows\\system32\\cmd.exe',
16:13:34     INFO -  'DCLOCATION': 'SCL3',
16:13:34     INFO -  'DNSSUFFIX': 'wintest.releng.scl3.mozilla.com',
16:13:34     INFO -  'FP_NO_HOST_CHECK': 'NO',
16:13:34     INFO -  'HOMEDRIVE': 'C:',
16:13:34     INFO -  'HOMEPATH': '\\Users\\cltbld.T-W864-IX-061.001',
16:13:34     INFO -  'KTS_HOME': 'C:\\Program Files\\KTS',
16:13:34     INFO -  'KTS_VERSION': '1.19c',
16:13:34     INFO -  'LOCALAPPDATA': 'C:\\Users\\cltbld.T-W864-IX-061.001\\AppData\\Local',
16:13:34     INFO -  'LOGONSERVER': '\\\\T-W864-IX-061',
16:13:34     INFO -  'MONDIR': 'C:\\Monitor_config\\',
16:13:34     INFO -  'MOZBUILDDIR': 'C:\\mozilla-build\\',
16:13:34     INFO -  'MOZ_CRASHREPORTER_NO_REPORT': '1',
16:13:34     INFO -  'MOZ_HIDE_RESULTS_TABLE': '1',
16:13:34     INFO -  'MOZ_NO_REMOTE': '1',
16:13:34     INFO -  'NO_EM_RESTART': '1',
16:13:34     INFO -  'NO_FAIL_ON_TEST_ERRORS': '1',
16:13:34     INFO -  'NUMBER_OF_PROCESSORS': '8',
16:13:34     INFO -  'OS': 'Windows_NT',
16:13:34     INFO -  'OURDRIVE': 'C:',
16:13:34     INFO -  'PATH': 'C:\\Program Files (x86)\\NVIDIA Corporation\\PhysX\\Common;C:\\windows\\system32;C:\\windows;C:\\windows\\System32\\Wbem;C:\\windows\\System32\\WindowsPowerShell\\v1.0\\;C:\\mozilla-build\\python27;C:\\mozilla-build\\python27\\Scripts;C:\\mozilla-build\\msys\\bin;C:\\mozilla-build\\vim\\vim72;C:\\mozilla-build\\wget;C:\\mozilla-build\\info-zip;C:\\CoreUtils\\bin;C:\\mozilla-build\\buildbotve\\scripts;C:\\mozilla-build\\hg',
16:13:34     INFO -  'PATHEXT': '.COM;.EXE;.BAT;.CMD;.VBS;.VBE;.JS;.JSE;.WSF;.WSH;.MSC',
16:13:34     INFO -  'PROCESSOR_ARCHITECTURE': 'x86',
16:13:34     INFO -  'PROCESSOR_ARCHITEW6432': 'AMD64',
16:13:34     INFO -  'PROCESSOR_IDENTIFIER': 'Intel64 Family 6 Model 30 Stepping 5, GenuineIntel',
16:13:34     INFO -  'PROCESSOR_LEVEL': '6',
16:13:34     INFO -  'PROCESSOR_REVISION': '1e05',
16:13:34     INFO -  'PROGRAMDATA': 'C:\\ProgramData',
16:13:34     INFO -  'PROGRAMFILES': 'C:\\Program Files (x86)',
16:13:34     INFO -  'PROGRAMFILES(X86)': 'C:\\Program Files (x86)',
16:13:34     INFO -  'PROGRAMW6432': 'C:\\Program Files',
16:13:34     INFO -  'PROMPT': '$P$G',
16:13:34     INFO -  'PROPERTIES_FILE': 'C:\\slave\\test/buildprops.json',
16:13:34     INFO -  'PSMODULEPATH': 'C:\\windows\\system32\\WindowsPowerShell\\v1.0\\Modules\\',
16:13:34     INFO -  'PUBLIC': 'C:\\Users\\Public',
16:13:34     INFO -  'PWD': 'C:\\slave\\test',
16:13:34     INFO -  'RUNLOGFILE': 'C:\\slave\\\\runslave.log',
16:13:34     INFO -  'SLAVEDIR': 'C:\\slave\\',
16:13:34     INFO -  'SYSTEMDRIVE': 'C:',
16:13:34     INFO -  'SYSTEMROOT': 'C:\\windows',
16:13:34     INFO -  'TEMP': 'C:\\Users\\CLTBLD~1.001\\AppData\\Local\\Temp',
16:13:34     INFO -  'TEST1': 'testie',
16:13:34     INFO -  'TMP': 'C:\\Users\\CLTBLD~1.001\\AppData\\Local\\Temp',
16:13:34     INFO -  'USERDOMAIN': 'T-W864-IX-061',
16:13:34     INFO -  'USERDOMAIN_ROAMINGPROFILE': 'T-W864-IX-061',
16:13:34     INFO -  'USERNAME': 'cltbld',
16:13:34     INFO -  'USERPROFILE': 'C:\\Users\\cltbld.T-W864-IX-061.001',
16:13:34     INFO -  'WINDIR': 'C:\\windows',
16:13:34     INFO -  'XPCOM_DEBUG_BREAK': 'warn'}
16:13:34     INFO -  Ignoring indexes: https://pypi.python.org/simple
16:13:34     INFO -  Collecting psutil>=3.1.1
16:13:35     INFO -    Downloading http://pypi.pvt.build.mozilla.org/pub/psutil-5.4.3-cp27-none-win32.whl (220kB)
16:13:36     INFO -  Installing collected packages: psutil
16:13:36     INFO -  Successfully installed psutil-5.4.3
16:13:36     INFO - Return code: 0
16:13:36     INFO - Installing mozsystemmonitor==0.3 into virtualenv C:\slave\test\build\venv
16:13:36     INFO - retry: Calling run_command with args: [['C:\\slave\\test\\build\\venv\\Scripts\\pip', 'install', '--timeout', '120', '--no-index', '--find-links', 'http://pypi.pvt.build.mozilla.org/pub', '--find-links', 'http://pypi.pub.build.mozilla.org/pub', '--trusted-host', 'pypi.pub.build.mozilla.org', '--trusted-host', 'pypi.pvt.build.mozilla.org', 'mozsystemmonitor==0.3']], kwargs: {'error_level': 'warning', 'error_list': [{'substr': 'not found or a compiler error:', 'level': 'warning'}, {'regex': <_sre.SRE_Pattern object at 0x0264A250>, 'level': 'error'}, {'regex': <_sre.SRE_Pattern object at 0x0265E188>, 'level': 'warning'}, {'regex': <_sre.SRE_Pattern object at 0x02686F00>, 'level': 'debug'}, {'substr': 'command not found', 'level': 'error'}, {'regex': <_sre.SRE_Pattern object at 0x00468DE8>, 'level': 'warning'}, {'substr': 'Traceback (most recent call last)', 'level': 'error'}, {'substr': 'SyntaxError: ', 'level': 'error'}, {'substr': 'TypeError: ', 'level': 'error'}, {'substr': 'NameError: ', 'level': 'error'}, {'substr': 'ZeroDivisionError: ', 'level': 'error'}, {'regex': <_sre.SRE_Pattern object at 0x025C5230>, 'level': 'critical'}, {'regex': <_sre.SRE_Pattern object at 0x02652520>, 'level': 'critical'}], 'cwd': 'C:\\slave\\test\\build', 'env': {'TMP': 'C:\\Users\\CLTBLD~1.001\\AppData\\Local\\Temp', 'TEST1': 'testie', 'COMPUTERNAME': 'T-W864-IX-061', 'USERDOMAIN': 'T-W864-IX-061', 'KTS_VERSION': '1.19c', 'PSMODULEPATH': 'C:\\windows\\system32\\WindowsPowerShell\\v1.0\\Modules\\', 'COMMONPROGRAMFILES': 'C:\\Program Files (x86)\\Common Files', 'PROCESSOR_IDENTIFIER': 'Intel64 Family 6 Model 30 Stepping 5, GenuineIntel', 'PROGRAMFILES': 'C:\\Program Files (x86)', 'PROCESSOR_REVISION': '1e05', 'DNSSUFFIX': 'wintest.releng.scl3.mozilla.com', 'SYSTEMROOT': 'C:\\windows', 'NO_EM_RESTART': '1', 'PROGRAMFILES(X86)': 'C:\\Program Files (x86)', 'OURDRIVE': 'C:', 'MOZ_HIDE_RESULTS_TABLE': '1', 'XPCOM_DEBUG_BREAK': 'warn', 'MONDIR': 'C:\\Monitor_config\\', 'TEMP': 'C:\\Users\\CLTBLD~1.001\\AppData\\Local\\Temp', 'COMMONPROGRAMFILES(X86)': 'C:\\Program Files (x86)\\Common Files', 'RUNLOGFILE': 'C:\\slave\\\\runslave.log', 'PROCESSOR_ARCHITECTURE': 'x86', 'ALLUSERSPROFILE': 'C:\\ProgramData', 'USERPROFILE': 'C:\\Users\\cltbld.T-W864-IX-061.001', 'LOCALAPPDATA': 'C:\\Users\\cltbld.T-W864-IX-061.001\\AppData\\Local', 'HOMEPATH': '\\Users\\cltbld.T-W864-IX-061.001', 'USERDOMAIN_ROAMINGPROFILE': 'T-W864-IX-061', 'MOZBUILDDIR': 'C:\\mozilla-build\\', 'PROGRAMW6432': 'C:\\Program Files', 'USERNAME': 'cltbld', 'LOGONSERVER': '\\\\T-W864-IX-061', 'MOZ_NO_REMOTE': '1', 'COMSPEC': 'C:\\windows\\system32\\cmd.exe', 'PROGRAMDATA': 'C:\\ProgramData', 'PROPERTIES_FILE': 'C:\\slave\\test/buildprops.json', 'PATH': 'C:\\Program Files (x86)\\NVIDIA Corporation\\PhysX\\Common;C:\\windows\\system32;C:\\windows;C:\\windows\\System32\\Wbem;C:\\windows\\System32\\WindowsPowerShell\\v1.0\\;C:\\mozilla-build\\python27;C:\\mozilla-build\\python27\\Scripts;C:\\mozilla-build\\msys\\bin;C:\\mozilla-build\\vim\\vim72;C:\\mozilla-build\\wget;C:\\mozilla-build\\info-zip;C:\\CoreUtils\\bin;C:\\mozilla-build\\buildbotve\\scripts;C:\\mozilla-build\\hg', 'PROMPT': '$P$G', 'NO_FAIL_ON_TEST_ERRORS': '1', 'PATHEXT': '.COM;.EXE;.BAT;.CMD;.VBS;.VBE;.JS;.JSE;.WSF;.WSH;.MSC', 'FP_NO_HOST_CHECK': 'NO', 'DCLOCATION': 'SCL3', 'APPDATA': 'C:\\Users\\cltbld.T-W864-IX-061.001\\AppData\\Roaming', 'HOMEDRIVE': 'C:', 'SYSTEMDRIVE': 'C:', 'SLAVEDIR': 'C:\\slave\\', 'NUMBER_OF_PROCESSORS': '8', 'PWD': 'C:\\slave\\test', 'PROCESSOR_LEVEL': '6', 'KTS_HOME': 'C:\\Program Files\\KTS', 'PROCESSOR_ARCHITEW6432': 'AMD64', 'MOZ_CRASHREPORTER_NO_REPORT': '1', 'COMMONPROGRAMW6432': 'C:\\Program Files\\Common Files', 'OS': 'Windows_NT', 'PUBLIC': 'C:\\Users\\Public', 'WINDIR': 'C:\\windows'}}, attempt #1
16:13:36     INFO - Running command: ['C:\\slave\\test\\build\\venv\\Scripts\\pip', 'install', '--timeout', '120', '--no-index', '--find-links', 'http://pypi.pvt.build.mozilla.org/pub', '--find-links', 'http://pypi.pub.build.mozilla.org/pub', '--trusted-host', 'pypi.pub.build.mozilla.org', '--trusted-host', 'pypi.pvt.build.mozilla.org', 'mozsystemmonitor==0.3'] in C:\slave\test\build
16:13:36     INFO - Copy/paste: C:\slave\test\build\venv\Scripts\pip install --timeout 120 --no-index --find-links http://pypi.pvt.build.mozilla.org/pub --find-links http://pypi.pub.build.mozilla.org/pub --trusted-host pypi.pub.build.mozilla.org --trusted-host pypi.pvt.build.mozilla.org mozsystemmonitor==0.3
16:13:36     INFO - Using env: {'ALLUSERSPROFILE': 'C:\\ProgramData',
16:13:36     INFO -  'APPDATA': 'C:\\Users\\cltbld.T-W864-IX-061.001\\AppData\\Roaming',
16:13:36     INFO -  'COMMONPROGRAMFILES': 'C:\\Program Files (x86)\\Common Files',
16:13:36     INFO -  'COMMONPROGRAMFILES(X86)': 'C:\\Program Files (x86)\\Common Files',
16:13:36     INFO -  'COMMONPROGRAMW6432': 'C:\\Program Files\\Common Files',
16:13:36     INFO -  'COMPUTERNAME': 'T-W864-IX-061',
16:13:36     INFO -  'COMSPEC': 'C:\\windows\\system32\\cmd.exe',
16:13:36     INFO -  'DCLOCATION': 'SCL3',
16:13:36     INFO -  'DNSSUFFIX': 'wintest.releng.scl3.mozilla.com',
16:13:36     INFO -  'FP_NO_HOST_CHECK': 'NO',
16:13:36     INFO -  'HOMEDRIVE': 'C:',
16:13:36     INFO -  'HOMEPATH': '\\Users\\cltbld.T-W864-IX-061.001',
16:13:36     INFO -  'KTS_HOME': 'C:\\Program Files\\KTS',
16:13:36     INFO -  'KTS_VERSION': '1.19c',
16:13:36     INFO -  'LOCALAPPDATA': 'C:\\Users\\cltbld.T-W864-IX-061.001\\AppData\\Local',
16:13:36     INFO -  'LOGONSERVER': '\\\\T-W864-IX-061',
16:13:36     INFO -  'MONDIR': 'C:\\Monitor_config\\',
16:13:36     INFO -  'MOZBUILDDIR': 'C:\\mozilla-build\\',
16:13:36     INFO -  'MOZ_CRASHREPORTER_NO_REPORT': '1',
16:13:36     INFO -  'MOZ_HIDE_RESULTS_TABLE': '1',
16:13:36     INFO -  'MOZ_NO_REMOTE': '1',
16:13:36     INFO -  'NO_EM_RESTART': '1',
16:13:36     INFO -  'NO_FAIL_ON_TEST_ERRORS': '1',
16:13:36     INFO -  'NUMBER_OF_PROCESSORS': '8',
16:13:36     INFO -  'OS': 'Windows_NT',
16:13:36     INFO -  'OURDRIVE': 'C:',
16:13:36     INFO -  'PATH': 'C:\\Program Files (x86)\\NVIDIA Corporation\\PhysX\\Common;C:\\windows\\system32;C:\\windows;C:\\windows\\System32\\Wbem;C:\\windows\\System32\\WindowsPowerShell\\v1.0\\;C:\\mozilla-build\\python27;C:\\mozilla-build\\python27\\Scripts;C:\\mozilla-build\\msys\\bin;C:\\mozilla-build\\vim\\vim72;C:\\mozilla-build\\wget;C:\\mozilla-build\\info-zip;C:\\CoreUtils\\bin;C:\\mozilla-build\\buildbotve\\scripts;C:\\mozilla-build\\hg',
16:13:36     INFO -  'PATHEXT': '.COM;.EXE;.BAT;.CMD;.VBS;.VBE;.JS;.JSE;.WSF;.WSH;.MSC',
16:13:36     INFO -  'PROCESSOR_ARCHITECTURE': 'x86',
16:13:36     INFO -  'PROCESSOR_ARCHITEW6432': 'AMD64',
16:13:36     INFO -  'PROCESSOR_IDENTIFIER': 'Intel64 Family 6 Model 30 Stepping 5, GenuineIntel',
16:13:36     INFO -  'PROCESSOR_LEVEL': '6',
16:13:36     INFO -  'PROCESSOR_REVISION': '1e05',
16:13:36     INFO -  'PROGRAMDATA': 'C:\\ProgramData',
16:13:36     INFO -  'PROGRAMFILES': 'C:\\Program Files (x86)',
16:13:36     INFO -  'PROGRAMFILES(X86)': 'C:\\Program Files (x86)',
16:13:36     INFO -  'PROGRAMW6432': 'C:\\Program Files',
16:13:36     INFO -  'PROMPT': '$P$G',
16:13:36     INFO -  'PROPERTIES_FILE': 'C:\\slave\\test/buildprops.json',
16:13:36     INFO -  'PSMODULEPATH': 'C:\\windows\\system32\\WindowsPowerShell\\v1.0\\Modules\\',
16:13:36     INFO -  'PUBLIC': 'C:\\Users\\Public',
16:13:36     INFO -  'PWD': 'C:\\slave\\test',
16:13:36     INFO -  'RUNLOGFILE': 'C:\\slave\\\\runslave.log',
16:13:36     INFO -  'SLAVEDIR': 'C:\\slave\\',
16:13:36     INFO -  'SYSTEMDRIVE': 'C:',
16:13:36     INFO -  'SYSTEMROOT': 'C:\\windows',
16:13:36     INFO -  'TEMP': 'C:\\Users\\CLTBLD~1.001\\AppData\\Local\\Temp',
16:13:36     INFO -  'TEST1': 'testie',
16:13:36     INFO -  'TMP': 'C:\\Users\\CLTBLD~1.001\\AppData\\Local\\Temp',
16:13:36     INFO -  'USERDOMAIN': 'T-W864-IX-061',
16:13:36     INFO -  'USERDOMAIN_ROAMINGPROFILE': 'T-W864-IX-061',
16:13:36     INFO -  'USERNAME': 'cltbld',
16:13:36     INFO -  'USERPROFILE': 'C:\\Users\\cltbld.T-W864-IX-061.001',
16:13:36     INFO -  'WINDIR': 'C:\\windows',
16:13:36     INFO -  'XPCOM_DEBUG_BREAK': 'warn'}
16:13:36     INFO -  Ignoring indexes: https://pypi.python.org/simple
16:13:36     INFO -  Collecting mozsystemmonitor==0.3
16:13:38     INFO -  Requirement already satisfied (use --upgrade to upgrade): psutil>=3.1.1 in c:\slave\test\build\venv\lib\site-packages (from mozsystemmonitor==0.3)
16:13:38     INFO -  Installing collected packages: mozsystemmonitor
16:13:38     INFO -  Successfully installed mozsystemmonitor-0.3
16:13:38     INFO - Return code: 0
16:13:38     INFO - Installing jsonschema==2.5.1 into virtualenv C:\slave\test\build\venv
16:13:38     INFO - retry: Calling run_command with args: [['C:\\slave\\test\\build\\venv\\Scripts\\pip', 'install', '--timeout', '120', '--no-index', '--find-links', 'http://pypi.pvt.build.mozilla.org/pub', '--find-links', 'http://pypi.pub.build.mozilla.org/pub', '--trusted-host', 'pypi.pub.build.mozilla.org', '--trusted-host', 'pypi.pvt.build.mozilla.org', 'jsonschema==2.5.1']], kwargs: {'error_level': 'warning', 'error_list': [{'substr': 'not found or a compiler error:', 'level': 'warning'}, {'regex': <_sre.SRE_Pattern object at 0x0264A250>, 'level': 'error'}, {'regex': <_sre.SRE_Pattern object at 0x0265E188>, 'level': 'warning'}, {'regex': <_sre.SRE_Pattern object at 0x02686F00>, 'level': 'debug'}, {'substr': 'command not found', 'level': 'error'}, {'regex': <_sre.SRE_Pattern object at 0x00468DE8>, 'level': 'warning'}, {'substr': 'Traceback (most recent call last)', 'level': 'error'}, {'substr': 'SyntaxError: ', 'level': 'error'}, {'substr': 'TypeError: ', 'level': 'error'}, {'substr': 'NameError: ', 'level': 'error'}, {'substr': 'ZeroDivisionError: ', 'level': 'error'}, {'regex': <_sre.SRE_Pattern object at 0x025C5230>, 'level': 'critical'}, {'regex': <_sre.SRE_Pattern object at 0x02652520>, 'level': 'critical'}], 'cwd': 'C:\\slave\\test\\build', 'env': {'TMP': 'C:\\Users\\CLTBLD~1.001\\AppData\\Local\\Temp', 'TEST1': 'testie', 'COMPUTERNAME': 'T-W864-IX-061', 'USERDOMAIN': 'T-W864-IX-061', 'KTS_VERSION': '1.19c', 'PSMODULEPATH': 'C:\\windows\\system32\\WindowsPowerShell\\v1.0\\Modules\\', 'COMMONPROGRAMFILES': 'C:\\Program Files (x86)\\Common Files', 'PROCESSOR_IDENTIFIER': 'Intel64 Family 6 Model 30 Stepping 5, GenuineIntel', 'PROGRAMFILES': 'C:\\Program Files (x86)', 'PROCESSOR_REVISION': '1e05', 'DNSSUFFIX': 'wintest.releng.scl3.mozilla.com', 'SYSTEMROOT': 'C:\\windows', 'NO_EM_RESTART': '1', 'PROGRAMFILES(X86)': 'C:\\Program Files (x86)', 'OURDRIVE': 'C:', 'MOZ_HIDE_RESULTS_TABLE': '1', 'XPCOM_DEBUG_BREAK': 'warn', 'MONDIR': 'C:\\Monitor_config\\', 'TEMP': 'C:\\Users\\CLTBLD~1.001\\AppData\\Local\\Temp', 'COMMONPROGRAMFILES(X86)': 'C:\\Program Files (x86)\\Common Files', 'RUNLOGFILE': 'C:\\slave\\\\runslave.log', 'PROCESSOR_ARCHITECTURE': 'x86', 'ALLUSERSPROFILE': 'C:\\ProgramData', 'USERPROFILE': 'C:\\Users\\cltbld.T-W864-IX-061.001', 'LOCALAPPDATA': 'C:\\Users\\cltbld.T-W864-IX-061.001\\AppData\\Local', 'HOMEPATH': '\\Users\\cltbld.T-W864-IX-061.001', 'USERDOMAIN_ROAMINGPROFILE': 'T-W864-IX-061', 'MOZBUILDDIR': 'C:\\mozilla-build\\', 'PROGRAMW6432': 'C:\\Program Files', 'USERNAME': 'cltbld', 'LOGONSERVER': '\\\\T-W864-IX-061', 'MOZ_NO_REMOTE': '1', 'COMSPEC': 'C:\\windows\\system32\\cmd.exe', 'PROGRAMDATA': 'C:\\ProgramData', 'PROPERTIES_FILE': 'C:\\slave\\test/buildprops.json', 'PATH': 'C:\\Program Files (x86)\\NVIDIA Corporation\\PhysX\\Common;C:\\windows\\system32;C:\\windows;C:\\windows\\System32\\Wbem;C:\\windows\\System32\\WindowsPowerShell\\v1.0\\;C:\\mozilla-build\\python27;C:\\mozilla-build\\python27\\Scripts;C:\\mozilla-build\\msys\\bin;C:\\mozilla-build\\vim\\vim72;C:\\mozilla-build\\wget;C:\\mozilla-build\\info-zip;C:\\CoreUtils\\bin;C:\\mozilla-build\\buildbotve\\scripts;C:\\mozilla-build\\hg', 'PROMPT': '$P$G', 'NO_FAIL_ON_TEST_ERRORS': '1', 'PATHEXT': '.COM;.EXE;.BAT;.CMD;.VBS;.VBE;.JS;.JSE;.WSF;.WSH;.MSC', 'FP_NO_HOST_CHECK': 'NO', 'DCLOCATION': 'SCL3', 'APPDATA': 'C:\\Users\\cltbld.T-W864-IX-061.001\\AppData\\Roaming', 'HOMEDRIVE': 'C:', 'SYSTEMDRIVE': 'C:', 'SLAVEDIR': 'C:\\slave\\', 'NUMBER_OF_PROCESSORS': '8', 'PWD': 'C:\\slave\\test', 'PROCESSOR_LEVEL': '6', 'KTS_HOME': 'C:\\Program Files\\KTS', 'PROCESSOR_ARCHITEW6432': 'AMD64', 'MOZ_CRASHREPORTER_NO_REPORT': '1', 'COMMONPROGRAMW6432': 'C:\\Program Files\\Common Files', 'OS': 'Windows_NT', 'PUBLIC': 'C:\\Users\\Public', 'WINDIR': 'C:\\windows'}}, attempt #1
16:13:38     INFO - Running command: ['C:\\slave\\test\\build\\venv\\Scripts\\pip', 'install', '--timeout', '120', '--no-index', '--find-links', 'http://pypi.pvt.build.mozilla.org/pub', '--find-links', 'http://pypi.pub.build.mozilla.org/pub', '--trusted-host', 'pypi.pub.build.mozilla.org', '--trusted-host', 'pypi.pvt.build.mozilla.org', 'jsonschema==2.5.1'] in C:\slave\test\build
16:13:38     INFO - Copy/paste: C:\slave\test\build\venv\Scripts\pip install --timeout 120 --no-index --find-links http://pypi.pvt.build.mozilla.org/pub --find-links http://pypi.pub.build.mozilla.org/pub --trusted-host pypi.pub.build.mozilla.org --trusted-host pypi.pvt.build.mozilla.org jsonschema==2.5.1
16:13:38     INFO - Using env: {'ALLUSERSPROFILE': 'C:\\ProgramData',
16:13:38     INFO -  'APPDATA': 'C:\\Users\\cltbld.T-W864-IX-061.001\\AppData\\Roaming',
16:13:38     INFO -  'COMMONPROGRAMFILES': 'C:\\Program Files (x86)\\Common Files',
16:13:38     INFO -  'COMMONPROGRAMFILES(X86)': 'C:\\Program Files (x86)\\Common Files',
16:13:38     INFO -  'COMMONPROGRAMW6432': 'C:\\Program Files\\Common Files',
16:13:38     INFO -  'COMPUTERNAME': 'T-W864-IX-061',
16:13:38     INFO -  'COMSPEC': 'C:\\windows\\system32\\cmd.exe',
16:13:38     INFO -  'DCLOCATION': 'SCL3',
16:13:38     INFO -  'DNSSUFFIX': 'wintest.releng.scl3.mozilla.com',
16:13:38     INFO -  'FP_NO_HOST_CHECK': 'NO',
16:13:38     INFO -  'HOMEDRIVE': 'C:',
16:13:38     INFO -  'HOMEPATH': '\\Users\\cltbld.T-W864-IX-061.001',
16:13:38     INFO -  'KTS_HOME': 'C:\\Program Files\\KTS',
16:13:38     INFO -  'KTS_VERSION': '1.19c',
16:13:38     INFO -  'LOCALAPPDATA': 'C:\\Users\\cltbld.T-W864-IX-061.001\\AppData\\Local',
16:13:38     INFO -  'LOGONSERVER': '\\\\T-W864-IX-061',
16:13:38     INFO -  'MONDIR': 'C:\\Monitor_config\\',
16:13:38     INFO -  'MOZBUILDDIR': 'C:\\mozilla-build\\',
16:13:38     INFO -  'MOZ_CRASHREPORTER_NO_REPORT': '1',
16:13:38     INFO -  'MOZ_HIDE_RESULTS_TABLE': '1',
16:13:38     INFO -  'MOZ_NO_REMOTE': '1',
16:13:38     INFO -  'NO_EM_RESTART': '1',
16:13:38     INFO -  'NO_FAIL_ON_TEST_ERRORS': '1',
16:13:38     INFO -  'NUMBER_OF_PROCESSORS': '8',
16:13:38     INFO -  'OS': 'Windows_NT',
16:13:38     INFO -  'OURDRIVE': 'C:',
16:13:38     INFO -  'PATH': 'C:\\Program Files (x86)\\NVIDIA Corporation\\PhysX\\Common;C:\\windows\\system32;C:\\windows;C:\\windows\\System32\\Wbem;C:\\windows\\System32\\WindowsPowerShell\\v1.0\\;C:\\mozilla-build\\python27;C:\\mozilla-build\\python27\\Scripts;C:\\mozilla-build\\msys\\bin;C:\\mozilla-build\\vim\\vim72;C:\\mozilla-build\\wget;C:\\mozilla-build\\info-zip;C:\\CoreUtils\\bin;C:\\mozilla-build\\buildbotve\\scripts;C:\\mozilla-build\\hg',
16:13:38     INFO -  'PATHEXT': '.COM;.EXE;.BAT;.CMD;.VBS;.VBE;.JS;.JSE;.WSF;.WSH;.MSC',
16:13:38     INFO -  'PROCESSOR_ARCHITECTURE': 'x86',
16:13:38     INFO -  'PROCESSOR_ARCHITEW6432': 'AMD64',
16:13:38     INFO -  'PROCESSOR_IDENTIFIER': 'Intel64 Family 6 Model 30 Stepping 5, GenuineIntel',
16:13:38     INFO -  'PROCESSOR_LEVEL': '6',
16:13:38     INFO -  'PROCESSOR_REVISION': '1e05',
16:13:38     INFO -  'PROGRAMDATA': 'C:\\ProgramData',
16:13:38     INFO -  'PROGRAMFILES': 'C:\\Program Files (x86)',
16:13:38     INFO -  'PROGRAMFILES(X86)': 'C:\\Program Files (x86)',
16:13:38     INFO -  'PROGRAMW6432': 'C:\\Program Files',
16:13:38     INFO -  'PROMPT': '$P$G',
16:13:38     INFO -  'PROPERTIES_FILE': 'C:\\slave\\test/buildprops.json',
16:13:38     INFO -  'PSMODULEPATH': 'C:\\windows\\system32\\WindowsPowerShell\\v1.0\\Modules\\',
16:13:38     INFO -  'PUBLIC': 'C:\\Users\\Public',
16:13:38     INFO -  'PWD': 'C:\\slave\\test',
16:13:38     INFO -  'RUNLOGFILE': 'C:\\slave\\\\runslave.log',
16:13:38     INFO -  'SLAVEDIR': 'C:\\slave\\',
16:13:38     INFO -  'SYSTEMDRIVE': 'C:',
16:13:38     INFO -  'SYSTEMROOT': 'C:\\windows',
16:13:38     INFO -  'TEMP': 'C:\\Users\\CLTBLD~1.001\\AppData\\Local\\Temp',
16:13:38     INFO -  'TEST1': 'testie',
16:13:38     INFO -  'TMP': 'C:\\Users\\CLTBLD~1.001\\AppData\\Local\\Temp',
16:13:38     INFO -  'USERDOMAIN': 'T-W864-IX-061',
16:13:38     INFO -  'USERDOMAIN_ROAMINGPROFILE': 'T-W864-IX-061',
16:13:38     INFO -  'USERNAME': 'cltbld',
16:13:38     INFO -  'USERPROFILE': 'C:\\Users\\cltbld.T-W864-IX-061.001',
16:13:38     INFO -  'WINDIR': 'C:\\windows',
16:13:38     INFO -  'XPCOM_DEBUG_BREAK': 'warn'}
16:13:38     INFO -  Ignoring indexes: https://pypi.python.org/simple
16:13:38     INFO -  Collecting jsonschema==2.5.1
16:13:39     INFO -    Downloading http://pypi.pvt.build.mozilla.org/pub/jsonschema-2.5.1-py2.py3-none-any.whl
16:13:39     INFO -  Collecting functools32; python_version == "2.7" (from jsonschema==2.5.1)
16:13:40     INFO -  Installing collected packages: functools32, jsonschema
16:13:41     INFO -  Successfully installed functools32-3.2.3.post2 jsonschema-2.5.1
16:13:41     INFO - Return code: 0
16:13:41     INFO - Installing functools32==3.2.3-2 into virtualenv C:\slave\test\build\venv
16:13:41     INFO - retry: Calling run_command with args: [['C:\\slave\\test\\build\\venv\\Scripts\\pip', 'install', '--timeout', '120', '--no-index', '--find-links', 'http://pypi.pvt.build.mozilla.org/pub', '--find-links', 'http://pypi.pub.build.mozilla.org/pub', '--trusted-host', 'pypi.pub.build.mozilla.org', '--trusted-host', 'pypi.pvt.build.mozilla.org', 'functools32==3.2.3-2']], kwargs: {'error_level': 'warning', 'error_list': [{'substr': 'not found or a compiler error:', 'level': 'warning'}, {'regex': <_sre.SRE_Pattern object at 0x0264A250>, 'level': 'error'}, {'regex': <_sre.SRE_Pattern object at 0x0265E188>, 'level': 'warning'}, {'regex': <_sre.SRE_Pattern object at 0x02686F00>, 'level': 'debug'}, {'substr': 'command not found', 'level': 'error'}, {'regex': <_sre.SRE_Pattern object at 0x00468DE8>, 'level': 'warning'}, {'substr': 'Traceback (most recent call last)', 'level': 'error'}, {'substr': 'SyntaxError: ', 'level': 'error'}, {'substr': 'TypeError: ', 'level': 'error'}, {'substr': 'NameError: ', 'level': 'error'}, {'substr': 'ZeroDivisionError: ', 'level': 'error'}, {'regex': <_sre.SRE_Pattern object at 0x025C5230>, 'level': 'critical'}, {'regex': <_sre.SRE_Pattern object at 0x02652520>, 'level': 'critical'}], 'cwd': 'C:\\slave\\test\\build', 'env': {'TMP': 'C:\\Users\\CLTBLD~1.001\\AppData\\Local\\Temp', 'TEST1': 'testie', 'COMPUTERNAME': 'T-W864-IX-061', 'USERDOMAIN': 'T-W864-IX-061', 'KTS_VERSION': '1.19c', 'PSMODULEPATH': 'C:\\windows\\system32\\WindowsPowerShell\\v1.0\\Modules\\', 'COMMONPROGRAMFILES': 'C:\\Program Files (x86)\\Common Files', 'PROCESSOR_IDENTIFIER': 'Intel64 Family 6 Model 30 Stepping 5, GenuineIntel', 'PROGRAMFILES': 'C:\\Program Files (x86)', 'PROCESSOR_REVISION': '1e05', 'DNSSUFFIX': 'wintest.releng.scl3.mozilla.com', 'SYSTEMROOT': 'C:\\windows', 'NO_EM_RESTART': '1', 'PROGRAMFILES(X86)': 'C:\\Program Files (x86)', 'OURDRIVE': 'C:', 'MOZ_HIDE_RESULTS_TABLE': '1', 'XPCOM_DEBUG_BREAK': 'warn', 'MONDIR': 'C:\\Monitor_config\\', 'TEMP': 'C:\\Users\\CLTBLD~1.001\\AppData\\Local\\Temp', 'COMMONPROGRAMFILES(X86)': 'C:\\Program Files (x86)\\Common Files', 'RUNLOGFILE': 'C:\\slave\\\\runslave.log', 'PROCESSOR_ARCHITECTURE': 'x86', 'ALLUSERSPROFILE': 'C:\\ProgramData', 'USERPROFILE': 'C:\\Users\\cltbld.T-W864-IX-061.001', 'LOCALAPPDATA': 'C:\\Users\\cltbld.T-W864-IX-061.001\\AppData\\Local', 'HOMEPATH': '\\Users\\cltbld.T-W864-IX-061.001', 'USERDOMAIN_ROAMINGPROFILE': 'T-W864-IX-061', 'MOZBUILDDIR': 'C:\\mozilla-build\\', 'PROGRAMW6432': 'C:\\Program Files', 'USERNAME': 'cltbld', 'LOGONSERVER': '\\\\T-W864-IX-061', 'MOZ_NO_REMOTE': '1', 'COMSPEC': 'C:\\windows\\system32\\cmd.exe', 'PROGRAMDATA': 'C:\\ProgramData', 'PROPERTIES_FILE': 'C:\\slave\\test/buildprops.json', 'PATH': 'C:\\Program Files (x86)\\NVIDIA Corporation\\PhysX\\Common;C:\\windows\\system32;C:\\windows;C:\\windows\\System32\\Wbem;C:\\windows\\System32\\WindowsPowerShell\\v1.0\\;C:\\mozilla-build\\python27;C:\\mozilla-build\\python27\\Scripts;C:\\mozilla-build\\msys\\bin;C:\\mozilla-build\\vim\\vim72;C:\\mozilla-build\\wget;C:\\mozilla-build\\info-zip;C:\\CoreUtils\\bin;C:\\mozilla-build\\buildbotve\\scripts;C:\\mozilla-build\\hg', 'PROMPT': '$P$G', 'NO_FAIL_ON_TEST_ERRORS': '1', 'PATHEXT': '.COM;.EXE;.BAT;.CMD;.VBS;.VBE;.JS;.JSE;.WSF;.WSH;.MSC', 'FP_NO_HOST_CHECK': 'NO', 'DCLOCATION': 'SCL3', 'APPDATA': 'C:\\Users\\cltbld.T-W864-IX-061.001\\AppData\\Roaming', 'HOMEDRIVE': 'C:', 'SYSTEMDRIVE': 'C:', 'SLAVEDIR': 'C:\\slave\\', 'NUMBER_OF_PROCESSORS': '8', 'PWD': 'C:\\slave\\test', 'PROCESSOR_LEVEL': '6', 'KTS_HOME': 'C:\\Program Files\\KTS', 'PROCESSOR_ARCHITEW6432': 'AMD64', 'MOZ_CRASHREPORTER_NO_REPORT': '1', 'COMMONPROGRAMW6432': 'C:\\Program Files\\Common Files', 'OS': 'Windows_NT', 'PUBLIC': 'C:\\Users\\Public', 'WINDIR': 'C:\\windows'}}, attempt #1
16:13:41     INFO - Running command: ['C:\\slave\\test\\build\\venv\\Scripts\\pip', 'install', '--timeout', '120', '--no-index', '--find-links', 'http://pypi.pvt.build.mozilla.org/pub', '--find-links', 'http://pypi.pub.build.mozilla.org/pub', '--trusted-host', 'pypi.pub.build.mozilla.org', '--trusted-host', 'pypi.pvt.build.mozilla.org', 'functools32==3.2.3-2'] in C:\slave\test\build
16:13:41     INFO - Copy/paste: C:\slave\test\build\venv\Scripts\pip install --timeout 120 --no-index --find-links http://pypi.pvt.build.mozilla.org/pub --find-links http://pypi.pub.build.mozilla.org/pub --trusted-host pypi.pub.build.mozilla.org --trusted-host pypi.pvt.build.mozilla.org functools32==3.2.3-2
16:13:41     INFO - Using env: {'ALLUSERSPROFILE': 'C:\\ProgramData',
16:13:41     INFO -  'APPDATA': 'C:\\Users\\cltbld.T-W864-IX-061.001\\AppData\\Roaming',
16:13:41     INFO -  'COMMONPROGRAMFILES': 'C:\\Program Files (x86)\\Common Files',
16:13:41     INFO -  'COMMONPROGRAMFILES(X86)': 'C:\\Program Files (x86)\\Common Files',
16:13:41     INFO -  'COMMONPROGRAMW6432': 'C:\\Program Files\\Common Files',
16:13:41     INFO -  'COMPUTERNAME': 'T-W864-IX-061',
16:13:41     INFO -  'COMSPEC': 'C:\\windows\\system32\\cmd.exe',
16:13:41     INFO -  'DCLOCATION': 'SCL3',
16:13:41     INFO -  'DNSSUFFIX': 'wintest.releng.scl3.mozilla.com',
16:13:41     INFO -  'FP_NO_HOST_CHECK': 'NO',
16:13:41     INFO -  'HOMEDRIVE': 'C:',
16:13:41     INFO -  'HOMEPATH': '\\Users\\cltbld.T-W864-IX-061.001',
16:13:41     INFO -  'KTS_HOME': 'C:\\Program Files\\KTS',
16:13:41     INFO -  'KTS_VERSION': '1.19c',
16:13:41     INFO -  'LOCALAPPDATA': 'C:\\Users\\cltbld.T-W864-IX-061.001\\AppData\\Local',
16:13:41     INFO -  'LOGONSERVER': '\\\\T-W864-IX-061',
16:13:41     INFO -  'MONDIR': 'C:\\Monitor_config\\',
16:13:41     INFO -  'MOZBUILDDIR': 'C:\\mozilla-build\\',
16:13:41     INFO -  'MOZ_CRASHREPORTER_NO_REPORT': '1',
16:13:41     INFO -  'MOZ_HIDE_RESULTS_TABLE': '1',
16:13:41     INFO -  'MOZ_NO_REMOTE': '1',
16:13:41     INFO -  'NO_EM_RESTART': '1',
16:13:41     INFO -  'NO_FAIL_ON_TEST_ERRORS': '1',
16:13:41     INFO -  'NUMBER_OF_PROCESSORS': '8',
16:13:41     INFO -  'OS': 'Windows_NT',
16:13:41     INFO -  'OURDRIVE': 'C:',
16:13:41     INFO -  'PATH': 'C:\\Program Files (x86)\\NVIDIA Corporation\\PhysX\\Common;C:\\windows\\system32;C:\\windows;C:\\windows\\System32\\Wbem;C:\\windows\\System32\\WindowsPowerShell\\v1.0\\;C:\\mozilla-build\\python27;C:\\mozilla-build\\python27\\Scripts;C:\\mozilla-build\\msys\\bin;C:\\mozilla-build\\vim\\vim72;C:\\mozilla-build\\wget;C:\\mozilla-build\\info-zip;C:\\CoreUtils\\bin;C:\\mozilla-build\\buildbotve\\scripts;C:\\mozilla-build\\hg',
16:13:41     INFO -  'PATHEXT': '.COM;.EXE;.BAT;.CMD;.VBS;.VBE;.JS;.JSE;.WSF;.WSH;.MSC',
16:13:41     INFO -  'PROCESSOR_ARCHITECTURE': 'x86',
16:13:41     INFO -  'PROCESSOR_ARCHITEW6432': 'AMD64',
16:13:41     INFO -  'PROCESSOR_IDENTIFIER': 'Intel64 Family 6 Model 30 Stepping 5, GenuineIntel',
16:13:41     INFO -  'PROCESSOR_LEVEL': '6',
16:13:41     INFO -  'PROCESSOR_REVISION': '1e05',
16:13:41     INFO -  'PROGRAMDATA': 'C:\\ProgramData',
16:13:41     INFO -  'PROGRAMFILES': 'C:\\Program Files (x86)',
16:13:41     INFO -  'PROGRAMFILES(X86)': 'C:\\Program Files (x86)',
16:13:41     INFO -  'PROGRAMW6432': 'C:\\Program Files',
16:13:41     INFO -  'PROMPT': '$P$G',
16:13:41     INFO -  'PROPERTIES_FILE': 'C:\\slave\\test/buildprops.json',
16:13:41     INFO -  'PSMODULEPATH': 'C:\\windows\\system32\\WindowsPowerShell\\v1.0\\Modules\\',
16:13:41     INFO -  'PUBLIC': 'C:\\Users\\Public',
16:13:41     INFO -  'PWD': 'C:\\slave\\test',
16:13:41     INFO -  'RUNLOGFILE': 'C:\\slave\\\\runslave.log',
16:13:41     INFO -  'SLAVEDIR': 'C:\\slave\\',
16:13:41     INFO -  'SYSTEMDRIVE': 'C:',
16:13:41     INFO -  'SYSTEMROOT': 'C:\\windows',
16:13:41     INFO -  'TEMP': 'C:\\Users\\CLTBLD~1.001\\AppData\\Local\\Temp',
16:13:41     INFO -  'TEST1': 'testie',
16:13:41     INFO -  'TMP': 'C:\\Users\\CLTBLD~1.001\\AppData\\Local\\Temp',
16:13:41     INFO -  'USERDOMAIN': 'T-W864-IX-061',
16:13:41     INFO -  'USERDOMAIN_ROAMINGPROFILE': 'T-W864-IX-061',
16:13:41     INFO -  'USERNAME': 'cltbld',
16:13:41     INFO -  'USERPROFILE': 'C:\\Users\\cltbld.T-W864-IX-061.001',
16:13:41     INFO -  'WINDIR': 'C:\\windows',
16:13:41     INFO -  'XPCOM_DEBUG_BREAK': 'warn'}
16:13:41     INFO -  Ignoring indexes: https://pypi.python.org/simple
16:13:41     INFO -  Requirement already satisfied (use --upgrade to upgrade): functools32==3.2.3-2 in c:\slave\test\build\venv\lib\site-packages
16:13:41     INFO - Return code: 0
16:13:41     INFO - Installing blobuploader==1.2.4 into virtualenv C:\slave\test\build\venv
16:13:41     INFO - retry: Calling run_command with args: [['C:\\slave\\test\\build\\venv\\Scripts\\pip', 'install', '--timeout', '120', '--no-index', '--find-links', 'http://pypi.pvt.build.mozilla.org/pub', '--find-links', 'http://pypi.pub.build.mozilla.org/pub', '--trusted-host', 'pypi.pub.build.mozilla.org', '--trusted-host', 'pypi.pvt.build.mozilla.org', 'blobuploader==1.2.4']], kwargs: {'error_level': 'warning', 'error_list': [{'substr': 'not found or a compiler error:', 'level': 'warning'}, {'regex': <_sre.SRE_Pattern object at 0x0264A250>, 'level': 'error'}, {'regex': <_sre.SRE_Pattern object at 0x0265E188>, 'level': 'warning'}, {'regex': <_sre.SRE_Pattern object at 0x02686F00>, 'level': 'debug'}, {'substr': 'command not found', 'level': 'error'}, {'regex': <_sre.SRE_Pattern object at 0x00468DE8>, 'level': 'warning'}, {'substr': 'Traceback (most recent call last)', 'level': 'error'}, {'substr': 'SyntaxError: ', 'level': 'error'}, {'substr': 'TypeError: ', 'level': 'error'}, {'substr': 'NameError: ', 'level': 'error'}, {'substr': 'ZeroDivisionError: ', 'level': 'error'}, {'regex': <_sre.SRE_Pattern object at 0x025C5230>, 'level': 'critical'}, {'regex': <_sre.SRE_Pattern object at 0x02652520>, 'level': 'critical'}], 'cwd': 'C:\\slave\\test\\build', 'env': {'TMP': 'C:\\Users\\CLTBLD~1.001\\AppData\\Local\\Temp', 'TEST1': 'testie', 'COMPUTERNAME': 'T-W864-IX-061', 'USERDOMAIN': 'T-W864-IX-061', 'KTS_VERSION': '1.19c', 'PSMODULEPATH': 'C:\\windows\\system32\\WindowsPowerShell\\v1.0\\Modules\\', 'COMMONPROGRAMFILES': 'C:\\Program Files (x86)\\Common Files', 'PROCESSOR_IDENTIFIER': 'Intel64 Family 6 Model 30 Stepping 5, GenuineIntel', 'PROGRAMFILES': 'C:\\Program Files (x86)', 'PROCESSOR_REVISION': '1e05', 'DNSSUFFIX': 'wintest.releng.scl3.mozilla.com', 'SYSTEMROOT': 'C:\\windows', 'NO_EM_RESTART': '1', 'PROGRAMFILES(X86)': 'C:\\Program Files (x86)', 'OURDRIVE': 'C:', 'MOZ_HIDE_RESULTS_TABLE': '1', 'XPCOM_DEBUG_BREAK': 'warn', 'MONDIR': 'C:\\Monitor_config\\', 'TEMP': 'C:\\Users\\CLTBLD~1.001\\AppData\\Local\\Temp', 'COMMONPROGRAMFILES(X86)': 'C:\\Program Files (x86)\\Common Files', 'RUNLOGFILE': 'C:\\slave\\\\runslave.log', 'PROCESSOR_ARCHITECTURE': 'x86', 'ALLUSERSPROFILE': 'C:\\ProgramData', 'USERPROFILE': 'C:\\Users\\cltbld.T-W864-IX-061.001', 'LOCALAPPDATA': 'C:\\Users\\cltbld.T-W864-IX-061.001\\AppData\\Local', 'HOMEPATH': '\\Users\\cltbld.T-W864-IX-061.001', 'USERDOMAIN_ROAMINGPROFILE': 'T-W864-IX-061', 'MOZBUILDDIR': 'C:\\mozilla-build\\', 'PROGRAMW6432': 'C:\\Program Files', 'USERNAME': 'cltbld', 'LOGONSERVER': '\\\\T-W864-IX-061', 'MOZ_NO_REMOTE': '1', 'COMSPEC': 'C:\\windows\\system32\\cmd.exe', 'PROGRAMDATA': 'C:\\ProgramData', 'PROPERTIES_FILE': 'C:\\slave\\test/buildprops.json', 'PATH': 'C:\\Program Files (x86)\\NVIDIA Corporation\\PhysX\\Common;C:\\windows\\system32;C:\\windows;C:\\windows\\System32\\Wbem;C:\\windows\\System32\\WindowsPowerShell\\v1.0\\;C:\\mozilla-build\\python27;C:\\mozilla-build\\python27\\Scripts;C:\\mozilla-build\\msys\\bin;C:\\mozilla-build\\vim\\vim72;C:\\mozilla-build\\wget;C:\\mozilla-build\\info-zip;C:\\CoreUtils\\bin;C:\\mozilla-build\\buildbotve\\scripts;C:\\mozilla-build\\hg', 'PROMPT': '$P$G', 'NO_FAIL_ON_TEST_ERRORS': '1', 'PATHEXT': '.COM;.EXE;.BAT;.CMD;.VBS;.VBE;.JS;.JSE;.WSF;.WSH;.MSC', 'FP_NO_HOST_CHECK': 'NO', 'DCLOCATION': 'SCL3', 'APPDATA': 'C:\\Users\\cltbld.T-W864-IX-061.001\\AppData\\Roaming', 'HOMEDRIVE': 'C:', 'SYSTEMDRIVE': 'C:', 'SLAVEDIR': 'C:\\slave\\', 'NUMBER_OF_PROCESSORS': '8', 'PWD': 'C:\\slave\\test', 'PROCESSOR_LEVEL': '6', 'KTS_HOME': 'C:\\Program Files\\KTS', 'PROCESSOR_ARCHITEW6432': 'AMD64', 'MOZ_CRASHREPORTER_NO_REPORT': '1', 'COMMONPROGRAMW6432': 'C:\\Program Files\\Common Files', 'OS': 'Windows_NT', 'PUBLIC': 'C:\\Users\\Public', 'WINDIR': 'C:\\windows'}}, attempt #1
16:13:41     INFO - Running command: ['C:\\slave\\test\\build\\venv\\Scripts\\pip', 'install', '--timeout', '120', '--no-index', '--find-links', 'http://pypi.pvt.build.mozilla.org/pub', '--find-links', 'http://pypi.pub.build.mozilla.org/pub', '--trusted-host', 'pypi.pub.build.mozilla.org', '--trusted-host', 'pypi.pvt.build.mozilla.org', 'blobuploader==1.2.4'] in C:\slave\test\build
16:13:41     INFO - Copy/paste: C:\slave\test\build\venv\Scripts\pip install --timeout 120 --no-index --find-links http://pypi.pvt.build.mozilla.org/pub --find-links http://pypi.pub.build.mozilla.org/pub --trusted-host pypi.pub.build.mozilla.org --trusted-host pypi.pvt.build.mozilla.org blobuploader==1.2.4
16:13:41     INFO - Using env: {'ALLUSERSPROFILE': 'C:\\ProgramData',
16:13:41     INFO -  'APPDATA': 'C:\\Users\\cltbld.T-W864-IX-061.001\\AppData\\Roaming',
16:13:41     INFO -  'COMMONPROGRAMFILES': 'C:\\Program Files (x86)\\Common Files',
16:13:41     INFO -  'COMMONPROGRAMFILES(X86)': 'C:\\Program Files (x86)\\Common Files',
16:13:41     INFO -  'COMMONPROGRAMW6432': 'C:\\Program Files\\Common Files',
16:13:41     INFO -  'COMPUTERNAME': 'T-W864-IX-061',
16:13:41     INFO -  'COMSPEC': 'C:\\windows\\system32\\cmd.exe',
16:13:41     INFO -  'DCLOCATION': 'SCL3',
16:13:41     INFO -  'DNSSUFFIX': 'wintest.releng.scl3.mozilla.com',
16:13:41     INFO -  'FP_NO_HOST_CHECK': 'NO',
16:13:41     INFO -  'HOMEDRIVE': 'C:',
16:13:41     INFO -  'HOMEPATH': '\\Users\\cltbld.T-W864-IX-061.001',
16:13:41     INFO -  'KTS_HOME': 'C:\\Program Files\\KTS',
16:13:41     INFO -  'KTS_VERSION': '1.19c',
16:13:41     INFO -  'LOCALAPPDATA': 'C:\\Users\\cltbld.T-W864-IX-061.001\\AppData\\Local',
16:13:41     INFO -  'LOGONSERVER': '\\\\T-W864-IX-061',
16:13:41     INFO -  'MONDIR': 'C:\\Monitor_config\\',
16:13:41     INFO -  'MOZBUILDDIR': 'C:\\mozilla-build\\',
16:13:41     INFO -  'MOZ_CRASHREPORTER_NO_REPORT': '1',
16:13:41     INFO -  'MOZ_HIDE_RESULTS_TABLE': '1',
16:13:41     INFO -  'MOZ_NO_REMOTE': '1',
16:13:41     INFO -  'NO_EM_RESTART': '1',
16:13:41     INFO -  'NO_FAIL_ON_TEST_ERRORS': '1',
16:13:41     INFO -  'NUMBER_OF_PROCESSORS': '8',
16:13:41     INFO -  'OS': 'Windows_NT',
16:13:41     INFO -  'OURDRIVE': 'C:',
16:13:41     INFO -  'PATH': 'C:\\Program Files (x86)\\NVIDIA Corporation\\PhysX\\Common;C:\\windows\\system32;C:\\windows;C:\\windows\\System32\\Wbem;C:\\windows\\System32\\WindowsPowerShell\\v1.0\\;C:\\mozilla-build\\python27;C:\\mozilla-build\\python27\\Scripts;C:\\mozilla-build\\msys\\bin;C:\\mozilla-build\\vim\\vim72;C:\\mozilla-build\\wget;C:\\mozilla-build\\info-zip;C:\\CoreUtils\\bin;C:\\mozilla-build\\buildbotve\\scripts;C:\\mozilla-build\\hg',
16:13:41     INFO -  'PATHEXT': '.COM;.EXE;.BAT;.CMD;.VBS;.VBE;.JS;.JSE;.WSF;.WSH;.MSC',
16:13:41     INFO -  'PROCESSOR_ARCHITECTURE': 'x86',
16:13:41     INFO -  'PROCESSOR_ARCHITEW6432': 'AMD64',
16:13:41     INFO -  'PROCESSOR_IDENTIFIER': 'Intel64 Family 6 Model 30 Stepping 5, GenuineIntel',
16:13:41     INFO -  'PROCESSOR_LEVEL': '6',
16:13:41     INFO -  'PROCESSOR_REVISION': '1e05',
16:13:41     INFO -  'PROGRAMDATA': 'C:\\ProgramData',
16:13:41     INFO -  'PROGRAMFILES': 'C:\\Program Files (x86)',
16:13:41     INFO -  'PROGRAMFILES(X86)': 'C:\\Program Files (x86)',
16:13:41     INFO -  'PROGRAMW6432': 'C:\\Program Files',
16:13:41     INFO -  'PROMPT': '$P$G',
16:13:41     INFO -  'PROPERTIES_FILE': 'C:\\slave\\test/buildprops.json',
16:13:41     INFO -  'PSMODULEPATH': 'C:\\windows\\system32\\WindowsPowerShell\\v1.0\\Modules\\',
16:13:41     INFO -  'PUBLIC': 'C:\\Users\\Public',
16:13:41     INFO -  'PWD': 'C:\\slave\\test',
16:13:41     INFO -  'RUNLOGFILE': 'C:\\slave\\\\runslave.log',
16:13:41     INFO -  'SLAVEDIR': 'C:\\slave\\',
16:13:41     INFO -  'SYSTEMDRIVE': 'C:',
16:13:41     INFO -  'SYSTEMROOT': 'C:\\windows',
16:13:41     INFO -  'TEMP': 'C:\\Users\\CLTBLD~1.001\\AppData\\Local\\Temp',
16:13:41     INFO -  'TEST1': 'testie',
16:13:41     INFO -  'TMP': 'C:\\Users\\CLTBLD~1.001\\AppData\\Local\\Temp',
16:13:41     INFO -  'USERDOMAIN': 'T-W864-IX-061',
16:13:41     INFO -  'USERDOMAIN_ROAMINGPROFILE': 'T-W864-IX-061',
16:13:41     INFO -  'USERNAME': 'cltbld',
16:13:41     INFO -  'USERPROFILE': 'C:\\Users\\cltbld.T-W864-IX-061.001',
16:13:41     INFO -  'WINDIR': 'C:\\windows',
16:13:41     INFO -  'XPCOM_DEBUG_BREAK': 'warn'}
16:13:42     INFO -  Ignoring indexes: https://pypi.python.org/simple
16:13:42     INFO -  Collecting blobuploader==1.2.4
16:13:43     INFO -  Collecting docopt==0.6.1 (from blobuploader==1.2.4)
16:13:44     INFO -  Collecting requests==1.2.3. (from blobuploader==1.2.4)
16:13:46     INFO -  Installing collected packages: docopt, requests, blobuploader
16:13:46     INFO -  Successfully installed blobuploader-1.2.4 docopt-0.6.1 requests-1.2.3
16:13:47     INFO - Return code: 0
16:13:47     INFO - Installing None into virtualenv C:\slave\test\build\venv
16:13:47     INFO - retry: Calling run_command with args: [['C:\\slave\\test\\build\\venv\\Scripts\\pip', 'install', '--no-deps', '--timeout', '120', '-r', 'C:\\slave\\test\\build\\tests\\config\\marionette_requirements.txt', '--no-index', '--find-links', 'http://pypi.pvt.build.mozilla.org/pub', '--find-links', 'http://pypi.pub.build.mozilla.org/pub', '--trusted-host', 'pypi.pub.build.mozilla.org', '--trusted-host', 'pypi.pvt.build.mozilla.org']], kwargs: {'error_level': 'warning', 'error_list': [{'substr': 'not found or a compiler error:', 'level': 'warning'}, {'regex': <_sre.SRE_Pattern object at 0x0264A250>, 'level': 'error'}, {'regex': <_sre.SRE_Pattern object at 0x0265E188>, 'level': 'warning'}, {'regex': <_sre.SRE_Pattern object at 0x02686F00>, 'level': 'debug'}, {'substr': 'command not found', 'level': 'error'}, {'regex': <_sre.SRE_Pattern object at 0x00468DE8>, 'level': 'warning'}, {'substr': 'Traceback (most recent call last)', 'level': 'error'}, {'substr': 'SyntaxError: ', 'level': 'error'}, {'substr': 'TypeError: ', 'level': 'error'}, {'substr': 'NameError: ', 'level': 'error'}, {'substr': 'ZeroDivisionError: ', 'level': 'error'}, {'regex': <_sre.SRE_Pattern object at 0x025C5230>, 'level': 'critical'}, {'regex': <_sre.SRE_Pattern object at 0x02652520>, 'level': 'critical'}], 'cwd': 'C:\\slave\\test\\build\\tests\\config', 'env': {'TMP': 'C:\\Users\\CLTBLD~1.001\\AppData\\Local\\Temp', 'TEST1': 'testie', 'COMPUTERNAME': 'T-W864-IX-061', 'USERDOMAIN': 'T-W864-IX-061', 'KTS_VERSION': '1.19c', 'PSMODULEPATH': 'C:\\windows\\system32\\WindowsPowerShell\\v1.0\\Modules\\', 'COMMONPROGRAMFILES': 'C:\\Program Files (x86)\\Common Files', 'PROCESSOR_IDENTIFIER': 'Intel64 Family 6 Model 30 Stepping 5, GenuineIntel', 'PROGRAMFILES': 'C:\\Program Files (x86)', 'PROCESSOR_REVISION': '1e05', 'DNSSUFFIX': 'wintest.releng.scl3.mozilla.com', 'SYSTEMROOT': 'C:\\windows', 'NO_EM_RESTART': '1', 'PROGRAMFILES(X86)': 'C:\\Program Files (x86)', 'OURDRIVE': 'C:', 'MOZ_HIDE_RESULTS_TABLE': '1', 'XPCOM_DEBUG_BREAK': 'warn', 'MONDIR': 'C:\\Monitor_config\\', 'TEMP': 'C:\\Users\\CLTBLD~1.001\\AppData\\Local\\Temp', 'COMMONPROGRAMFILES(X86)': 'C:\\Program Files (x86)\\Common Files', 'RUNLOGFILE': 'C:\\slave\\\\runslave.log', 'PROCESSOR_ARCHITECTURE': 'x86', 'ALLUSERSPROFILE': 'C:\\ProgramData', 'USERPROFILE': 'C:\\Users\\cltbld.T-W864-IX-061.001', 'LOCALAPPDATA': 'C:\\Users\\cltbld.T-W864-IX-061.001\\AppData\\Local', 'HOMEPATH': '\\Users\\cltbld.T-W864-IX-061.001', 'USERDOMAIN_ROAMINGPROFILE': 'T-W864-IX-061', 'MOZBUILDDIR': 'C:\\mozilla-build\\', 'PROGRAMW6432': 'C:\\Program Files', 'USERNAME': 'cltbld', 'LOGONSERVER': '\\\\T-W864-IX-061', 'MOZ_NO_REMOTE': '1', 'COMSPEC': 'C:\\windows\\system32\\cmd.exe', 'PROGRAMDATA': 'C:\\ProgramData', 'PROPERTIES_FILE': 'C:\\slave\\test/buildprops.json', 'PATH': 'C:\\Program Files (x86)\\NVIDIA Corporation\\PhysX\\Common;C:\\windows\\system32;C:\\windows;C:\\windows\\System32\\Wbem;C:\\windows\\System32\\WindowsPowerShell\\v1.0\\;C:\\mozilla-build\\python27;C:\\mozilla-build\\python27\\Scripts;C:\\mozilla-build\\msys\\bin;C:\\mozilla-build\\vim\\vim72;C:\\mozilla-build\\wget;C:\\mozilla-build\\info-zip;C:\\CoreUtils\\bin;C:\\mozilla-build\\buildbotve\\scripts;C:\\mozilla-build\\hg', 'PROMPT': '$P$G', 'NO_FAIL_ON_TEST_ERRORS': '1', 'PATHEXT': '.COM;.EXE;.BAT;.CMD;.VBS;.VBE;.JS;.JSE;.WSF;.WSH;.MSC', 'FP_NO_HOST_CHECK': 'NO', 'DCLOCATION': 'SCL3', 'APPDATA': 'C:\\Users\\cltbld.T-W864-IX-061.001\\AppData\\Roaming', 'HOMEDRIVE': 'C:', 'SYSTEMDRIVE': 'C:', 'SLAVEDIR': 'C:\\slave\\', 'NUMBER_OF_PROCESSORS': '8', 'PWD': 'C:\\slave\\test', 'PROCESSOR_LEVEL': '6', 'KTS_HOME': 'C:\\Program Files\\KTS', 'PROCESSOR_ARCHITEW6432': 'AMD64', 'MOZ_CRASHREPORTER_NO_REPORT': '1', 'COMMONPROGRAMW6432': 'C:\\Program Files\\Common Files', 'OS': 'Windows_NT', 'PUBLIC': 'C:\\Users\\Public', 'WINDIR': 'C:\\windows'}}, attempt #1
16:13:47     INFO - Running command: ['C:\\slave\\test\\build\\venv\\Scripts\\pip', 'install', '--no-deps', '--timeout', '120', '-r', 'C:\\slave\\test\\build\\tests\\config\\marionette_requirements.txt', '--no-index', '--find-links', 'http://pypi.pvt.build.mozilla.org/pub', '--find-links', 'http://pypi.pub.build.mozilla.org/pub', '--trusted-host', 'pypi.pub.build.mozilla.org', '--trusted-host', 'pypi.pvt.build.mozilla.org'] in C:\slave\test\build\tests\config
16:13:47     INFO - Copy/paste: C:\slave\test\build\venv\Scripts\pip install --no-deps --timeout 120 -r C:\slave\test\build\tests\config\marionette_requirements.txt --no-index --find-links http://pypi.pvt.build.mozilla.org/pub --find-links http://pypi.pub.build.mozilla.org/pub --trusted-host pypi.pub.build.mozilla.org --trusted-host pypi.pvt.build.mozilla.org
16:13:47     INFO - Using env: {'ALLUSERSPROFILE': 'C:\\ProgramData',
16:13:47     INFO -  'APPDATA': 'C:\\Users\\cltbld.T-W864-IX-061.001\\AppData\\Roaming',
16:13:47     INFO -  'COMMONPROGRAMFILES': 'C:\\Program Files (x86)\\Common Files',
16:13:47     INFO -  'COMMONPROGRAMFILES(X86)': 'C:\\Program Files (x86)\\Common Files',
16:13:47     INFO -  'COMMONPROGRAMW6432': 'C:\\Program Files\\Common Files',
16:13:47     INFO -  'COMPUTERNAME': 'T-W864-IX-061',
16:13:47     INFO -  'COMSPEC': 'C:\\windows\\system32\\cmd.exe',
16:13:47     INFO -  'DCLOCATION': 'SCL3',
16:13:47     INFO -  'DNSSUFFIX': 'wintest.releng.scl3.mozilla.com',
16:13:47     INFO -  'FP_NO_HOST_CHECK': 'NO',
16:13:47     INFO -  'HOMEDRIVE': 'C:',
16:13:47     INFO -  'HOMEPATH': '\\Users\\cltbld.T-W864-IX-061.001',
16:13:47     INFO -  'KTS_HOME': 'C:\\Program Files\\KTS',
16:13:47     INFO -  'KTS_VERSION': '1.19c',
16:13:47     INFO -  'LOCALAPPDATA': 'C:\\Users\\cltbld.T-W864-IX-061.001\\AppData\\Local',
16:13:47     INFO -  'LOGONSERVER': '\\\\T-W864-IX-061',
16:13:47     INFO -  'MONDIR': 'C:\\Monitor_config\\',
16:13:47     INFO -  'MOZBUILDDIR': 'C:\\mozilla-build\\',
16:13:47     INFO -  'MOZ_CRASHREPORTER_NO_REPORT': '1',
16:13:47     INFO -  'MOZ_HIDE_RESULTS_TABLE': '1',
16:13:47     INFO -  'MOZ_NO_REMOTE': '1',
16:13:47     INFO -  'NO_EM_RESTART': '1',
16:13:47     INFO -  'NO_FAIL_ON_TEST_ERRORS': '1',
16:13:47     INFO -  'NUMBER_OF_PROCESSORS': '8',
16:13:47     INFO -  'OS': 'Windows_NT',
16:13:47     INFO -  'OURDRIVE': 'C:',
16:13:47     INFO -  'PATH': 'C:\\Program Files (x86)\\NVIDIA Corporation\\PhysX\\Common;C:\\windows\\system32;C:\\windows;C:\\windows\\System32\\Wbem;C:\\windows\\System32\\WindowsPowerShell\\v1.0\\;C:\\mozilla-build\\python27;C:\\mozilla-build\\python27\\Scripts;C:\\mozilla-build\\msys\\bin;C:\\mozilla-build\\vim\\vim72;C:\\mozilla-build\\wget;C:\\mozilla-build\\info-zip;C:\\CoreUtils\\bin;C:\\mozilla-build\\buildbotve\\scripts;C:\\mozilla-build\\hg',
16:13:47     INFO -  'PATHEXT': '.COM;.EXE;.BAT;.CMD;.VBS;.VBE;.JS;.JSE;.WSF;.WSH;.MSC',
16:13:47     INFO -  'PROCESSOR_ARCHITECTURE': 'x86',
16:13:47     INFO -  'PROCESSOR_ARCHITEW6432': 'AMD64',
16:13:47     INFO -  'PROCESSOR_IDENTIFIER': 'Intel64 Family 6 Model 30 Stepping 5, GenuineIntel',
16:13:47     INFO -  'PROCESSOR_LEVEL': '6',
16:13:47     INFO -  'PROCESSOR_REVISION': '1e05',
16:13:47     INFO -  'PROGRAMDATA': 'C:\\ProgramData',
16:13:47     INFO -  'PROGRAMFILES': 'C:\\Program Files (x86)',
16:13:47     INFO -  'PROGRAMFILES(X86)': 'C:\\Program Files (x86)',
16:13:47     INFO -  'PROGRAMW6432': 'C:\\Program Files',
16:13:47     INFO -  'PROMPT': '$P$G',
16:13:47     INFO -  'PROPERTIES_FILE': 'C:\\slave\\test/buildprops.json',
16:13:47     INFO -  'PSMODULEPATH': 'C:\\windows\\system32\\WindowsPowerShell\\v1.0\\Modules\\',
16:13:47     INFO -  'PUBLIC': 'C:\\Users\\Public',
16:13:47     INFO -  'PWD': 'C:\\slave\\test',
16:13:47     INFO -  'RUNLOGFILE': 'C:\\slave\\\\runslave.log',
16:13:47     INFO -  'SLAVEDIR': 'C:\\slave\\',
16:13:47     INFO -  'SYSTEMDRIVE': 'C:',
16:13:47     INFO -  'SYSTEMROOT': 'C:\\windows',
16:13:47     INFO -  'TEMP': 'C:\\Users\\CLTBLD~1.001\\AppData\\Local\\Temp',
16:13:47     INFO -  'TEST1': 'testie',
16:13:47     INFO -  'TMP': 'C:\\Users\\CLTBLD~1.001\\AppData\\Local\\Temp',
16:13:47     INFO -  'USERDOMAIN': 'T-W864-IX-061',
16:13:47     INFO -  'USERDOMAIN_ROAMINGPROFILE': 'T-W864-IX-061',
16:13:47     INFO -  'USERNAME': 'cltbld',
16:13:47     INFO -  'USERPROFILE': 'C:\\Users\\cltbld.T-W864-IX-061.001',
16:13:47     INFO -  'WINDIR': 'C:\\windows',
16:13:47     INFO -  'XPCOM_DEBUG_BREAK': 'warn'}
16:13:47     INFO -  Ignoring indexes: https://pypi.python.org/simple
16:13:47     INFO -  Processing c:\slave\test\build\tests\mozbase\manifestparser
16:13:48     INFO -  Processing c:\slave\test\build\tests\mozbase\mozcrash
16:13:48     INFO -  Processing c:\slave\test\build\tests\mozbase\mozdebug
16:13:48     INFO -  Processing c:\slave\test\build\tests\mozbase\mozdevice
16:13:48     INFO -  Processing c:\slave\test\build\tests\mozbase\mozfile
16:13:48     INFO -  Processing c:\slave\test\build\tests\mozbase\mozhttpd
16:13:49     INFO -  Processing c:\slave\test\build\tests\mozbase\mozinfo
16:13:49     INFO -  Processing c:\slave\test\build\tests\mozbase\mozinstall
16:13:49     INFO -  Processing c:\slave\test\build\tests\mozbase\mozleak
16:13:49     INFO -  Processing c:\slave\test\build\tests\mozbase\mozlog
16:13:50     INFO -  Processing c:\slave\test\build\tests\mozbase\moznetwork
16:13:50     INFO -  Processing c:\slave\test\build\tests\mozbase\mozprocess
16:13:50     INFO -  Processing c:\slave\test\build\tests\mozbase\mozprofile
16:13:50     INFO -  Processing c:\slave\test\build\tests\mozbase\mozrunner
16:13:51     INFO -  Processing c:\slave\test\build\tests\mozbase\mozscreenshot
16:13:51     INFO -  Processing c:\slave\test\build\tests\mozbase\moztest
16:13:51     INFO -  Processing c:\slave\test\build\tests\mozbase\mozversion
16:13:51     INFO -  Processing c:\slave\test\build\tests\tools\wptserve
16:13:52     INFO -  Processing c:\slave\test\build\tests\marionette\client
16:13:52     INFO -  Processing c:\slave\test\build\tests\marionette\harness\marionette_harness\runner\mixins\browsermob-proxy-py
16:13:52     INFO -  Processing c:\slave\test\build\tests\marionette\harness
16:13:53     INFO -  Processing c:\slave\test\build\tests\marionette\puppeteer\firefox
16:13:53     INFO -  Building wheels for collected packages: browsermob-proxy
16:13:53     INFO -    Running setup.py bdist_wheel for browsermob-proxy: started
16:13:54     INFO -    Running setup.py bdist_wheel for browsermob-proxy: finished with status 'done'
16:13:54     INFO -    Stored in directory: C:\Users\cltbld.T-W864-IX-061.001\AppData\Local\pip\Cache\wheels\08\c0\29\e3a3f32d6ca19470885c6032e6c0a54976e207f709e0326988
16:13:55     INFO -  Successfully built browsermob-proxy
16:13:55     INFO -  Installing collected packages: manifestparser, mozcrash, mozdebug, mozdevice, mozfile, mozhttpd, mozinfo, mozInstall, mozleak, mozlog, moznetwork, mozprocess, mozprofile, mozrunner, mozscreenshot, moztest, mozversion, wptserve, marionette-driver, browsermob-proxy, marionette-harness, firefox-puppeteer
16:13:55     INFO -    Running setup.py install for manifestparser: started
16:13:55     INFO -      Running setup.py install for manifestparser: finished with status 'done'
16:13:55     INFO -    Running setup.py install for mozcrash: started
16:13:56     INFO -      Running setup.py install for mozcrash: finished with status 'done'
16:13:56     INFO -    Running setup.py install for mozdebug: started
16:13:56     INFO -      Running setup.py install for mozdebug: finished with status 'done'
16:13:56     INFO -    Running setup.py install for mozdevice: started
16:13:57     INFO -      Running setup.py install for mozdevice: finished with status 'done'
16:13:57     INFO -    Running setup.py install for mozfile: started
16:13:57     INFO -      Running setup.py install for mozfile: finished with status 'done'
16:13:58     INFO -    Running setup.py install for mozhttpd: started
16:13:58     INFO -      Running setup.py install for mozhttpd: finished with status 'done'
16:13:58     INFO -    Running setup.py install for mozinfo: started
16:13:59     INFO -      Running setup.py install for mozinfo: finished with status 'done'
16:13:59     INFO -    Running setup.py install for mozInstall: started
16:13:59     INFO -      Running setup.py install for mozInstall: finished with status 'done'
16:14:00     INFO -    Running setup.py install for mozleak: started
16:14:00     INFO -      Running setup.py install for mozleak: finished with status 'done'
16:14:00     INFO -    Running setup.py install for mozlog: started
16:14:00     INFO -      Running setup.py install for mozlog: finished with status 'done'
16:14:01     INFO -    Running setup.py install for moznetwork: started
16:14:01     INFO -      Running setup.py install for moznetwork: finished with status 'done'
16:14:02     INFO -    Running setup.py install for mozprocess: started
16:14:02     INFO -      Running setup.py install for mozprocess: finished with status 'done'
16:14:02     INFO -    Running setup.py install for mozprofile: started
16:14:03     INFO -      Running setup.py install for mozprofile: finished with status 'done'
16:14:03     INFO -    Running setup.py install for mozrunner: started
16:14:03     INFO -      Running setup.py install for mozrunner: finished with status 'done'
16:14:04     INFO -    Running setup.py install for mozscreenshot: started
16:14:04     INFO -      Running setup.py install for mozscreenshot: finished with status 'done'
16:14:04     INFO -    Running setup.py install for moztest: started
16:14:05     INFO -      Running setup.py install for moztest: finished with status 'done'
16:14:05     INFO -    Running setup.py install for mozversion: started
16:14:05     INFO -      Running setup.py install for mozversion: finished with status 'done'
16:14:05     INFO -    Running setup.py install for wptserve: started
16:14:06     INFO -      Running setup.py install for wptserve: finished with status 'done'
16:14:06     INFO -    Running setup.py install for marionette-driver: started
16:14:07     INFO -      Running setup.py install for marionette-driver: finished with status 'done'
16:14:07     INFO -    Running setup.py install for marionette-harness: started
16:14:07     INFO -      Running setup.py install for marionette-harness: finished with status 'done'
16:14:08     INFO -    Running setup.py install for firefox-puppeteer: started
16:14:09     INFO -      Running setup.py install for firefox-puppeteer: finished with status 'done'
16:14:10     INFO -  Successfully installed browsermob-proxy-0.6.0 firefox-puppeteer-52.1.0 manifestparser-1.1 marionette-driver-2.2.0 marionette-harness-4.0.0 mozInstall-1.12 mozcrash-1.0 mozdebug-0.1 mozdevice-0.48 mozfile-1.2 mozhttpd-0.7 mozinfo-0.9 mozleak-0.1 mozlog-3.4 moznetwork-0.27 mozprocess-0.23 mozprofile-0.28 mozrunner-6.13 mozscreenshot-0.1 moztest-0.8 mozversion-1.4 wptserve-1.4.0
16:14:10     INFO - Return code: 0
16:14:10     INFO - Installing None into virtualenv C:\slave\test\build\venv
16:14:10     INFO - retry: Calling run_command with args: [['C:\\slave\\test\\build\\venv\\Scripts\\pip', 'install', '--timeout', '120', '-r', 'C:\\slave\\test\\build\\tests\\config\\marionette_requirements.txt', '--no-index', '--find-links', 'http://pypi.pvt.build.mozilla.org/pub', '--find-links', 'http://pypi.pub.build.mozilla.org/pub', '--trusted-host', 'pypi.pub.build.mozilla.org', '--trusted-host', 'pypi.pvt.build.mozilla.org']], kwargs: {'error_level': 'warning', 'error_list': [{'substr': 'not found or a compiler error:', 'level': 'warning'}, {'regex': <_sre.SRE_Pattern object at 0x0264A250>, 'level': 'error'}, {'regex': <_sre.SRE_Pattern object at 0x0265E188>, 'level': 'warning'}, {'regex': <_sre.SRE_Pattern object at 0x02686F00>, 'level': 'debug'}, {'substr': 'command not found', 'level': 'error'}, {'regex': <_sre.SRE_Pattern object at 0x00468DE8>, 'level': 'warning'}, {'substr': 'Traceback (most recent call last)', 'level': 'error'}, {'substr': 'SyntaxError: ', 'level': 'error'}, {'substr': 'TypeError: ', 'level': 'error'}, {'substr': 'NameError: ', 'level': 'error'}, {'substr': 'ZeroDivisionError: ', 'level': 'error'}, {'regex': <_sre.SRE_Pattern object at 0x025C5230>, 'level': 'critical'}, {'regex': <_sre.SRE_Pattern object at 0x02652520>, 'level': 'critical'}], 'cwd': 'C:\\slave\\test\\build\\tests\\config', 'env': {'TMP': 'C:\\Users\\CLTBLD~1.001\\AppData\\Local\\Temp', 'TEST1': 'testie', 'COMPUTERNAME': 'T-W864-IX-061', 'USERDOMAIN': 'T-W864-IX-061', 'KTS_VERSION': '1.19c', 'PSMODULEPATH': 'C:\\windows\\system32\\WindowsPowerShell\\v1.0\\Modules\\', 'COMMONPROGRAMFILES': 'C:\\Program Files (x86)\\Common Files', 'PROCESSOR_IDENTIFIER': 'Intel64 Family 6 Model 30 Stepping 5, GenuineIntel', 'PROGRAMFILES': 'C:\\Program Files (x86)', 'PROCESSOR_REVISION': '1e05', 'DNSSUFFIX': 'wintest.releng.scl3.mozilla.com', 'SYSTEMROOT': 'C:\\windows', 'NO_EM_RESTART': '1', 'PROGRAMFILES(X86)': 'C:\\Program Files (x86)', 'OURDRIVE': 'C:', 'MOZ_HIDE_RESULTS_TABLE': '1', 'XPCOM_DEBUG_BREAK': 'warn', 'MONDIR': 'C:\\Monitor_config\\', 'TEMP': 'C:\\Users\\CLTBLD~1.001\\AppData\\Local\\Temp', 'COMMONPROGRAMFILES(X86)': 'C:\\Program Files (x86)\\Common Files', 'RUNLOGFILE': 'C:\\slave\\\\runslave.log', 'PROCESSOR_ARCHITECTURE': 'x86', 'ALLUSERSPROFILE': 'C:\\ProgramData', 'USERPROFILE': 'C:\\Users\\cltbld.T-W864-IX-061.001', 'LOCALAPPDATA': 'C:\\Users\\cltbld.T-W864-IX-061.001\\AppData\\Local', 'HOMEPATH': '\\Users\\cltbld.T-W864-IX-061.001', 'USERDOMAIN_ROAMINGPROFILE': 'T-W864-IX-061', 'MOZBUILDDIR': 'C:\\mozilla-build\\', 'PROGRAMW6432': 'C:\\Program Files', 'USERNAME': 'cltbld', 'LOGONSERVER': '\\\\T-W864-IX-061', 'MOZ_NO_REMOTE': '1', 'COMSPEC': 'C:\\windows\\system32\\cmd.exe', 'PROGRAMDATA': 'C:\\ProgramData', 'PROPERTIES_FILE': 'C:\\slave\\test/buildprops.json', 'PATH': 'C:\\Program Files (x86)\\NVIDIA Corporation\\PhysX\\Common;C:\\windows\\system32;C:\\windows;C:\\windows\\System32\\Wbem;C:\\windows\\System32\\WindowsPowerShell\\v1.0\\;C:\\mozilla-build\\python27;C:\\mozilla-build\\python27\\Scripts;C:\\mozilla-build\\msys\\bin;C:\\mozilla-build\\vim\\vim72;C:\\mozilla-build\\wget;C:\\mozilla-build\\info-zip;C:\\CoreUtils\\bin;C:\\mozilla-build\\buildbotve\\scripts;C:\\mozilla-build\\hg', 'PROMPT': '$P$G', 'NO_FAIL_ON_TEST_ERRORS': '1', 'PATHEXT': '.COM;.EXE;.BAT;.CMD;.VBS;.VBE;.JS;.JSE;.WSF;.WSH;.MSC', 'FP_NO_HOST_CHECK': 'NO', 'DCLOCATION': 'SCL3', 'APPDATA': 'C:\\Users\\cltbld.T-W864-IX-061.001\\AppData\\Roaming', 'HOMEDRIVE': 'C:', 'SYSTEMDRIVE': 'C:', 'SLAVEDIR': 'C:\\slave\\', 'NUMBER_OF_PROCESSORS': '8', 'PWD': 'C:\\slave\\test', 'PROCESSOR_LEVEL': '6', 'KTS_HOME': 'C:\\Program Files\\KTS', 'PROCESSOR_ARCHITEW6432': 'AMD64', 'MOZ_CRASHREPORTER_NO_REPORT': '1', 'COMMONPROGRAMW6432': 'C:\\Program Files\\Common Files', 'OS': 'Windows_NT', 'PUBLIC': 'C:\\Users\\Public', 'WINDIR': 'C:\\windows'}}, attempt #1
16:14:10     INFO - Running command: ['C:\\slave\\test\\build\\venv\\Scripts\\pip', 'install', '--timeout', '120', '-r', 'C:\\slave\\test\\build\\tests\\config\\marionette_requirements.txt', '--no-index', '--find-links', 'http://pypi.pvt.build.mozilla.org/pub', '--find-links', 'http://pypi.pub.build.mozilla.org/pub', '--trusted-host', 'pypi.pub.build.mozilla.org', '--trusted-host', 'pypi.pvt.build.mozilla.org'] in C:\slave\test\build\tests\config
16:14:10     INFO - Copy/paste: C:\slave\test\build\venv\Scripts\pip install --timeout 120 -r C:\slave\test\build\tests\config\marionette_requirements.txt --no-index --find-links http://pypi.pvt.build.mozilla.org/pub --find-links http://pypi.pub.build.mozilla.org/pub --trusted-host pypi.pub.build.mozilla.org --trusted-host pypi.pvt.build.mozilla.org
16:14:10     INFO - Using env: {'ALLUSERSPROFILE': 'C:\\ProgramData',
16:14:10     INFO -  'APPDATA': 'C:\\Users\\cltbld.T-W864-IX-061.001\\AppData\\Roaming',
16:14:10     INFO -  'COMMONPROGRAMFILES': 'C:\\Program Files (x86)\\Common Files',
16:14:10     INFO -  'COMMONPROGRAMFILES(X86)': 'C:\\Program Files (x86)\\Common Files',
16:14:10     INFO -  'COMMONPROGRAMW6432': 'C:\\Program Files\\Common Files',
16:14:10     INFO -  'COMPUTERNAME': 'T-W864-IX-061',
16:14:10     INFO -  'COMSPEC': 'C:\\windows\\system32\\cmd.exe',
16:14:10     INFO -  'DCLOCATION': 'SCL3',
16:14:10     INFO -  'DNSSUFFIX': 'wintest.releng.scl3.mozilla.com',
16:14:10     INFO -  'FP_NO_HOST_CHECK': 'NO',
16:14:10     INFO -  'HOMEDRIVE': 'C:',
16:14:10     INFO -  'HOMEPATH': '\\Users\\cltbld.T-W864-IX-061.001',
16:14:10     INFO -  'KTS_HOME': 'C:\\Program Files\\KTS',
16:14:10     INFO -  'KTS_VERSION': '1.19c',
16:14:10     INFO -  'LOCALAPPDATA': 'C:\\Users\\cltbld.T-W864-IX-061.001\\AppData\\Local',
16:14:10     INFO -  'LOGONSERVER': '\\\\T-W864-IX-061',
16:14:10     INFO -  'MONDIR': 'C:\\Monitor_config\\',
16:14:10     INFO -  'MOZBUILDDIR': 'C:\\mozilla-build\\',
16:14:10     INFO -  'MOZ_CRASHREPORTER_NO_REPORT': '1',
16:14:10     INFO -  'MOZ_HIDE_RESULTS_TABLE': '1',
16:14:10     INFO -  'MOZ_NO_REMOTE': '1',
16:14:10     INFO -  'NO_EM_RESTART': '1',
16:14:10     INFO -  'NO_FAIL_ON_TEST_ERRORS': '1',
16:14:10     INFO -  'NUMBER_OF_PROCESSORS': '8',
16:14:10     INFO -  'OS': 'Windows_NT',
16:14:10     INFO -  'OURDRIVE': 'C:',
16:14:10     INFO -  'PATH': 'C:\\Program Files (x86)\\NVIDIA Corporation\\PhysX\\Common;C:\\windows\\system32;C:\\windows;C:\\windows\\System32\\Wbem;C:\\windows\\System32\\WindowsPowerShell\\v1.0\\;C:\\mozilla-build\\python27;C:\\mozilla-build\\python27\\Scripts;C:\\mozilla-build\\msys\\bin;C:\\mozilla-build\\vim\\vim72;C:\\mozilla-build\\wget;C:\\mozilla-build\\info-zip;C:\\CoreUtils\\bin;C:\\mozilla-build\\buildbotve\\scripts;C:\\mozilla-build\\hg',
16:14:10     INFO -  'PATHEXT': '.COM;.EXE;.BAT;.CMD;.VBS;.VBE;.JS;.JSE;.WSF;.WSH;.MSC',
16:14:10     INFO -  'PROCESSOR_ARCHITECTURE': 'x86',
16:14:10     INFO -  'PROCESSOR_ARCHITEW6432': 'AMD64',
16:14:10     INFO -  'PROCESSOR_IDENTIFIER': 'Intel64 Family 6 Model 30 Stepping 5, GenuineIntel',
16:14:10     INFO -  'PROCESSOR_LEVEL': '6',
16:14:10     INFO -  'PROCESSOR_REVISION': '1e05',
16:14:10     INFO -  'PROGRAMDATA': 'C:\\ProgramData',
16:14:10     INFO -  'PROGRAMFILES': 'C:\\Program Files (x86)',
16:14:10     INFO -  'PROGRAMFILES(X86)': 'C:\\Program Files (x86)',
16:14:10     INFO -  'PROGRAMW6432': 'C:\\Program Files',
16:14:10     INFO -  'PROMPT': '$P$G',
16:14:10     INFO -  'PROPERTIES_FILE': 'C:\\slave\\test/buildprops.json',
16:14:10     INFO -  'PSMODULEPATH': 'C:\\windows\\system32\\WindowsPowerShell\\v1.0\\Modules\\',
16:14:10     INFO -  'PUBLIC': 'C:\\Users\\Public',
16:14:10     INFO -  'PWD': 'C:\\slave\\test',
16:14:10     INFO -  'RUNLOGFILE': 'C:\\slave\\\\runslave.log',
16:14:10     INFO -  'SLAVEDIR': 'C:\\slave\\',
16:14:10     INFO -  'SYSTEMDRIVE': 'C:',
16:14:10     INFO -  'SYSTEMROOT': 'C:\\windows',
16:14:10     INFO -  'TEMP': 'C:\\Users\\CLTBLD~1.001\\AppData\\Local\\Temp',
16:14:10     INFO -  'TEST1': 'testie',
16:14:10     INFO -  'TMP': 'C:\\Users\\CLTBLD~1.001\\AppData\\Local\\Temp',
16:14:10     INFO -  'USERDOMAIN': 'T-W864-IX-061',
16:14:10     INFO -  'USERDOMAIN_ROAMINGPROFILE': 'T-W864-IX-061',
16:14:10     INFO -  'USERNAME': 'cltbld',
16:14:10     INFO -  'USERPROFILE': 'C:\\Users\\cltbld.T-W864-IX-061.001',
16:14:10     INFO -  'WINDIR': 'C:\\windows',
16:14:10     INFO -  'XPCOM_DEBUG_BREAK': 'warn'}
16:14:10     INFO -  Ignoring indexes: https://pypi.python.org/simple
16:14:10     INFO -  Processing c:\slave\test\build\tests\mozbase\manifestparser
16:14:11     INFO -    Requirement already satisfied (use --upgrade to upgrade): manifestparser==1.1 from file:///C:/slave/test/build/tests/mozbase/manifestparser in c:\slave\test\build\venv\lib\site-packages (from -r C:\slave\test\build\tests\config\mozbase_requirements.txt (line 1))
16:14:11     INFO -  Processing c:\slave\test\build\tests\mozbase\mozcrash
16:14:11     INFO -    Requirement already satisfied (use --upgrade to upgrade): mozcrash==1.0 from file:///C:/slave/test/build/tests/mozbase/mozcrash in c:\slave\test\build\venv\lib\site-packages (from -r C:\slave\test\build\tests\config\mozbase_requirements.txt (line 2))
16:14:11     INFO -  Processing c:\slave\test\build\tests\mozbase\mozdebug
16:14:11     INFO -    Requirement already satisfied (use --upgrade to upgrade): mozdebug==0.1 from file:///C:/slave/test/build/tests/mozbase/mozdebug in c:\slave\test\build\venv\lib\site-packages (from -r C:\slave\test\build\tests\config\mozbase_requirements.txt (line 3))
16:14:11     INFO -  Processing c:\slave\test\build\tests\mozbase\mozdevice
16:14:11     INFO -    Requirement already satisfied (use --upgrade to upgrade): mozdevice==0.48 from file:///C:/slave/test/build/tests/mozbase/mozdevice in c:\slave\test\build\venv\lib\site-packages (from -r C:\slave\test\build\tests\config\mozbase_requirements.txt (line 4))
16:14:11     INFO -  Processing c:\slave\test\build\tests\mozbase\mozfile
16:14:12     INFO -    Requirement already satisfied (use --upgrade to upgrade): mozfile==1.2 from file:///C:/slave/test/build/tests/mozbase/mozfile in c:\slave\test\build\venv\lib\site-packages (from -r C:\slave\test\build\tests\config\mozbase_requirements.txt (line 5))
16:14:12     INFO -  Processing c:\slave\test\build\tests\mozbase\mozhttpd
16:14:12     INFO -    Requirement already satisfied (use --upgrade to upgrade): mozhttpd==0.7 from file:///C:/slave/test/build/tests/mozbase/mozhttpd in c:\slave\test\build\venv\lib\site-packages (from -r C:\slave\test\build\tests\config\mozbase_requirements.txt (line 6))
16:14:12     INFO -  Processing c:\slave\test\build\tests\mozbase\mozinfo
16:14:12     INFO -    Requirement already satisfied (use --upgrade to upgrade): mozinfo==0.9 from file:///C:/slave/test/build/tests/mozbase/mozinfo in c:\slave\test\build\venv\lib\site-packages (from -r C:\slave\test\build\tests\config\mozbase_requirements.txt (line 7))
16:14:12     INFO -  Processing c:\slave\test\build\tests\mozbase\mozinstall
16:14:13     INFO -    Requirement already satisfied (use --upgrade to upgrade): mozInstall==1.12 from file:///C:/slave/test/build/tests/mozbase/mozinstall in c:\slave\test\build\venv\lib\site-packages (from -r C:\slave\test\build\tests\config\mozbase_requirements.txt (line 8))
16:14:13     INFO -  Processing c:\slave\test\build\tests\mozbase\mozleak
16:14:13     INFO -    Requirement already satisfied (use --upgrade to upgrade): mozleak==0.1 from file:///C:/slave/test/build/tests/mozbase/mozleak in c:\slave\test\build\venv\lib\site-packages (from -r C:\slave\test\build\tests\config\mozbase_requirements.txt (line 9))
16:14:13     INFO -  Processing c:\slave\test\build\tests\mozbase\mozlog
16:14:13     INFO -    Requirement already satisfied (use --upgrade to upgrade): mozlog==3.4 from file:///C:/slave/test/build/tests/mozbase/mozlog in c:\slave\test\build\venv\lib\site-packages (from -r C:\slave\test\build\tests\config\mozbase_requirements.txt (line 10))
16:14:13     INFO -  Processing c:\slave\test\build\tests\mozbase\moznetwork
16:14:13     INFO -    Requirement already satisfied (use --upgrade to upgrade): moznetwork==0.27 from file:///C:/slave/test/build/tests/mozbase/moznetwork in c:\slave\test\build\venv\lib\site-packages (from -r C:\slave\test\build\tests\config\mozbase_requirements.txt (line 11))
16:14:13     INFO -  Processing c:\slave\test\build\tests\mozbase\mozprocess
16:14:14     INFO -    Requirement already satisfied (use --upgrade to upgrade): mozprocess==0.23 from file:///C:/slave/test/build/tests/mozbase/mozprocess in c:\slave\test\build\venv\lib\site-packages (from -r C:\slave\test\build\tests\config\mozbase_requirements.txt (line 12))
16:14:14     INFO -  Processing c:\slave\test\build\tests\mozbase\mozprofile
16:14:14     INFO -    Requirement already satisfied (use --upgrade to upgrade): mozprofile==0.28 from file:///C:/slave/test/build/tests/mozbase/mozprofile in c:\slave\test\build\venv\lib\site-packages (from -r C:\slave\test\build\tests\config\mozbase_requirements.txt (line 13))
16:14:14     INFO -  Processing c:\slave\test\build\tests\mozbase\mozrunner
16:14:14     INFO -    Requirement already satisfied (use --upgrade to upgrade): mozrunner==6.13 from file:///C:/slave/test/build/tests/mozbase/mozrunner in c:\slave\test\build\venv\lib\site-packages (from -r C:\slave\test\build\tests\config\mozbase_requirements.txt (line 14))
16:14:14     INFO -  Processing c:\slave\test\build\tests\mozbase\mozscreenshot
16:14:14     INFO -    Requirement already satisfied (use --upgrade to upgrade): mozscreenshot==0.1 from file:///C:/slave/test/build/tests/mozbase/mozscreenshot in c:\slave\test\build\venv\lib\site-packages (from -r C:\slave\test\build\tests\config\mozbase_requirements.txt (line 15))
16:14:14     INFO -  Processing c:\slave\test\build\tests\mozbase\moztest
16:14:15     INFO -    Requirement already satisfied (use --upgrade to upgrade): moztest==0.8 from file:///C:/slave/test/build/tests/mozbase/moztest in c:\slave\test\build\venv\lib\site-packages (from -r C:\slave\test\build\tests\config\mozbase_requirements.txt (line 16))
16:14:15     INFO -  Processing c:\slave\test\build\tests\mozbase\mozversion
16:14:15     INFO -    Requirement already satisfied (use --upgrade to upgrade): mozversion==1.4 from file:///C:/slave/test/build/tests/mozbase/mozversion in c:\slave\test\build\venv\lib\site-packages (from -r C:\slave\test\build\tests\config\mozbase_requirements.txt (line 17))
16:14:15     INFO -  Processing c:\slave\test\build\tests\tools\wptserve
16:14:15     INFO -    Requirement already satisfied (use --upgrade to upgrade): wptserve==1.4.0 from file:///C:/slave/test/build/tests/tools/wptserve in c:\slave\test\build\venv\lib\site-packages (from -r C:\slave\test\build\tests\config\marionette_requirements.txt (line 3))
16:14:15     INFO -  Processing c:\slave\test\build\tests\marionette\client
16:14:15     INFO -    Requirement already satisfied (use --upgrade to upgrade): marionette-driver==2.2.0 from file:///C:/slave/test/build/tests/marionette/client in c:\slave\test\build\venv\lib\site-packages (from -r C:\slave\test\build\tests\config\marionette_requirements.txt (line 4))
16:14:15     INFO -  Processing c:\slave\test\build\tests\marionette\harness\marionette_harness\runner\mixins\browsermob-proxy-py
16:14:16     INFO -    Requirement already satisfied (use --upgrade to upgrade): browsermob-proxy==0.6.0 from file:///C:/slave/test/build/tests/marionette/harness/marionette_harness/runner/mixins/browsermob-proxy-py in c:\slave\test\build\venv\lib\site-packages (from -r C:\slave\test\build\tests\config\marionette_requirements.txt (line 5))
16:14:16     INFO -  Processing c:\slave\test\build\tests\marionette\harness
16:14:16     INFO -    Requirement already satisfied (use --upgrade to upgrade): marionette-harness==4.0.0 from file:///C:/slave/test/build/tests/marionette/harness in c:\slave\test\build\venv\lib\site-packages (from -r C:\slave\test\build\tests\config\marionette_requirements.txt (line 6))
16:14:16     INFO -  Processing c:\slave\test\build\tests\marionette\puppeteer\firefox
16:14:16     INFO -    Requirement already satisfied (use --upgrade to upgrade): firefox-puppeteer==52.1.0 from file:///C:/slave/test/build/tests/marionette/puppeteer/firefox in c:\slave\test\build\venv\lib\site-packages (from -r C:\slave\test\build\tests\config\marionette_requirements.txt (line 9))
16:14:16     INFO -  Requirement already satisfied (use --upgrade to upgrade): mozfile>=1.0 in c:\slave\test\build\venv\lib\site-packages (from mozcrash==1.0->-r C:\slave\test\build\tests\config\mozbase_requirements.txt (line 2))
16:14:16     INFO -  Requirement already satisfied (use --upgrade to upgrade): mozlog>=3.0 in c:\slave\test\build\venv\lib\site-packages (from mozcrash==1.0->-r C:\slave\test\build\tests\config\mozbase_requirements.txt (line 2))
16:14:16     INFO -  Requirement already satisfied (use --upgrade to upgrade): mozinfo in c:\slave\test\build\venv\lib\site-packages (from mozdebug==0.1->-r C:\slave\test\build\tests\config\mozbase_requirements.txt (line 3))
16:14:16     INFO -  Requirement already satisfied (use --upgrade to upgrade): moznetwork>=0.24 in c:\slave\test\build\venv\lib\site-packages (from mozdevice==0.48->-r C:\slave\test\build\tests\config\mozbase_requirements.txt (line 4))
16:14:16     INFO -  Requirement already satisfied (use --upgrade to upgrade): mozprocess>=0.19 in c:\slave\test\build\venv\lib\site-packages (from mozdevice==0.48->-r C:\slave\test\build\tests\config\mozbase_requirements.txt (line 4))
16:14:16     INFO -  Collecting blessings>=1.3 (from mozlog==3.4->-r C:\slave\test\build\tests\config\mozbase_requirements.txt (line 10))
16:14:18     INFO -  Requirement already satisfied (use --upgrade to upgrade): requests>=1.1.0 in c:\slave\test\build\venv\lib\site-packages (from browsermob-proxy==0.6.0->-r C:\slave\test\build\tests\config\marionette_requirements.txt (line 5))
16:14:18     INFO -  Building wheels for collected packages: browsermob-proxy
16:14:18     INFO -    Running setup.py bdist_wheel for browsermob-proxy: started
16:14:18     INFO -    Running setup.py bdist_wheel for browsermob-proxy: finished with status 'done'
16:14:18     INFO -    Stored in directory: C:\Users\cltbld.T-W864-IX-061.001\AppData\Local\pip\Cache\wheels\08\c0\29\e3a3f32d6ca19470885c6032e6c0a54976e207f709e0326988
16:14:19     INFO -  Successfully built browsermob-proxy
16:14:19     INFO -  Installing collected packages: blessings
16:14:19     INFO -  Successfully installed blessings-1.6
16:14:24     INFO - Return code: 0
16:14:24     INFO - Done creating virtualenv C:\slave\test\build\venv.
16:14:24     INFO - Getting output from command: ['C:\\slave\\test\\build\\venv\\Scripts\\pip', 'freeze']
16:14:24     INFO - Copy/paste: C:\slave\test\build\venv\Scripts\pip freeze
16:14:24     INFO - Reading from file tmpfile_stdout
16:14:24     INFO - Reading from file tmpfile_stderr
16:14:24     INFO - Using _rmtree_windows ...
16:14:24     INFO - Using _rmtree_windows ...
16:14:24     INFO - Current package versions:
16:14:24     INFO -   blessings == 1.6
16:14:24     INFO -   blobuploader == 1.2.4
16:14:24     INFO -   browsermob-proxy == 0.6.0
16:14:24     INFO -   docopt == 0.6.1
16:14:24     INFO -   firefox-puppeteer == 52.1.0
16:14:24     INFO -   functools32 == 3.2.3.post2
16:14:24     INFO -   jsonschema == 2.5.1
16:14:24     INFO -   manifestparser == 1.1
16:14:24     INFO -   marionette-driver == 2.2.0
16:14:24     INFO -   marionette-harness == 4.0.0
16:14:24     INFO -   mozInstall == 1.12
16:14:24     INFO -   mozcrash == 1.0
16:14:24     INFO -   mozdebug == 0.1
16:14:24     INFO -   mozdevice == 0.48
16:14:24     INFO -   mozfile == 1.2
16:14:24     INFO -   mozhttpd == 0.7
16:14:24     INFO -   mozinfo == 0.9
16:14:24     INFO -   mozleak == 0.1
16:14:24     INFO -   mozlog == 3.4
16:14:24     INFO -   moznetwork == 0.27
16:14:24     INFO -   mozprocess == 0.23
16:14:24     INFO -   mozprofile == 0.28
16:14:24     INFO -   mozrunner == 6.13
16:14:24     INFO -   mozscreenshot == 0.1
16:14:24     INFO -   mozsystemmonitor == 0.3
16:14:24     INFO -   moztest == 0.8
16:14:24     INFO -   mozversion == 1.4
16:14:24     INFO -   psutil == 5.4.3
16:14:24     INFO -   requests == 1.2.3
16:14:24     INFO -   wptserve == 1.4.0
16:14:24     INFO - Running post-action listener: _resource_record_post_action
16:14:24     INFO - Running post-action listener: _start_resource_monitoring
16:14:25     INFO - Starting resource monitoring.
16:14:25     INFO - [mozharness: 2018-06-08 23:14:25.232000Z] Finished create-virtualenv step (success)
16:14:25     INFO - [mozharness: 2018-06-08 23:14:25.233000Z] Running pull step.
16:14:25     INFO - Running pre-action listener: _resource_record_pre_action
16:14:25     INFO - Running main action method: pull
16:14:25     INFO - Pull has nothing to do!
16:14:25     INFO - Running post-action listener: _resource_record_post_action
16:14:25     INFO - [mozharness: 2018-06-08 23:14:25.233000Z] Finished pull step (success)
16:14:25     INFO - [mozharness: 2018-06-08 23:14:25.233000Z] Running install step.
16:14:25     INFO - Running pre-action listener: _resource_record_pre_action
16:14:25     INFO - Running main action method: install
16:14:25     INFO - Getting output from command: ['C:\\slave\\test\\build\\venv\\Scripts\\pip', 'freeze']
16:14:25     INFO - Copy/paste: C:\slave\test\build\venv\Scripts\pip freeze
16:14:25     INFO - Reading from file tmpfile_stdout
16:14:25     INFO - Reading from file tmpfile_stderr
16:14:25     INFO - Using _rmtree_windows ...
16:14:25     INFO - Using _rmtree_windows ...
16:14:25     INFO - Detecting whether we're running mozinstall >=1.0...
16:14:25     INFO - Getting output from command: ['C:\\slave\\test/build/venv/scripts/python', 'C:\\slave\\test/build/venv/scripts/mozinstall-script.py', '-h']
16:14:25     INFO - Copy/paste: C:\slave\test/build/venv/scripts/python C:\slave\test/build/venv/scripts/mozinstall-script.py -h
16:14:26     INFO - Reading from file tmpfile_stdout
16:14:26     INFO - Output received:
16:14:26     INFO -  Usage: mozinstall-script.py [options] installer
16:14:26     INFO -  Options:
16:14:26     INFO -    -h, --help            show this help message and exit
16:14:26     INFO -    -d DEST, --destination=DEST
16:14:26     INFO -                          Directory to install application into. [default:
16:14:26     INFO -                          "C:\slave\test"]
16:14:26     INFO -    --app=APP             Application being installed. [default: firefox]
16:14:26     INFO - Using _rmtree_windows ...
16:14:26     INFO - Using _rmtree_windows ...
16:14:26     INFO - mkdir: C:\slave\test\build\application
16:14:26     INFO - Getting output from command: ['C:\\slave\\test/build/venv/scripts/python', 'C:\\slave\\test/build/venv/scripts/mozinstall-script.py', 'C:\\slave\\test\\build\\firefox-52.8.2.en-US.win64.zip', '--destination', 'C:\\slave\\test\\build\\application']
16:14:26     INFO - Copy/paste: C:\slave\test/build/venv/scripts/python C:\slave\test/build/venv/scripts/mozinstall-script.py C:\slave\test\build\firefox-52.8.2.en-US.win64.zip --destination C:\slave\test\build\application
ProcessManager NOT managing child processes
16:14:28     INFO - Reading from file tmpfile_stdout
16:14:28     INFO - Output received:
16:14:28     INFO -  C:\slave\test\build\application\firefox\firefox.exe
16:14:28     INFO - Using _rmtree_windows ...
16:14:28     INFO - Using _rmtree_windows ...
16:14:28     INFO - Running post-action listener: _resource_record_post_action
16:14:28     INFO - [mozharness: 2018-06-08 23:14:28.742000Z] Finished install step (success)
16:14:28     INFO - [mozharness: 2018-06-08 23:14:28.743000Z] Running run-tests step.
16:14:28     INFO - Running pre-action listener: _resource_record_pre_action
16:14:28     INFO - Running main action method: run_tests
16:14:28     INFO - mkdir: C:\slave\test\build\blobber_upload_dir
16:14:28     INFO - Minidump filename unknown. Determining based upon platform and architecture.
16:14:28     INFO - Minidump tooltool manifest unknown. Determining based upon platform and architecture.
16:14:28     INFO - grabbing minidump binary from tooltool
16:14:28     INFO - retry: Calling run_command with args: (['c:\\mozilla-build\\python27\\python.exe', 'C:/mozilla-build/tooltool.py', '--url', 'https://api.pub.build.mozilla.org/tooltool/', '--authentication-file', 'c:\\builds\\relengapi.tok', 'fetch', '-m', 'C:\\slave\\test\\build\\tests\\config/tooltool-manifests/win32/releng.manifest', '-o'],), kwargs: {'output_timeout': 600, 'error_list': [{'substr': 'command not found', 'level': 'error'}, {'regex': <_sre.SRE_Pattern object at 0x00468DE8>, 'level': 'warning'}, {'substr': 'Traceback (most recent call last)', 'level': 'error'}, {'substr': 'SyntaxError: ', 'level': 'error'}, {'substr': 'TypeError: ', 'level': 'error'}, {'substr': 'NameError: ', 'level': 'error'}, {'substr': 'ZeroDivisionError: ', 'level': 'error'}, {'regex': <_sre.SRE_Pattern object at 0x025C5230>, 'level': 'critical'}, {'regex': <_sre.SRE_Pattern object at 0x02652520>, 'level': 'critical'}, {'substr': 'ERROR - ', 'level': 'error'}], 'cwd': 'C:\\slave\\test\\build', 'privileged': False}, attempt #1
16:14:28     INFO - Running command: ['c:\\mozilla-build\\python27\\python.exe', 'C:/mozilla-build/tooltool.py', '--url', 'https://api.pub.build.mozilla.org/tooltool/', '--authentication-file', 'c:\\builds\\relengapi.tok', 'fetch', '-m', 'C:\\slave\\test\\build\\tests\\config/tooltool-manifests/win32/releng.manifest', '-o'] in C:\slave\test\build
16:14:28     INFO - Copy/paste: c:\mozilla-build\python27\python.exe C:/mozilla-build/tooltool.py --url https://api.pub.build.mozilla.org/tooltool/ --authentication-file c:\builds\relengapi.tok fetch -m C:\slave\test\build\tests\config/tooltool-manifests/win32/releng.manifest -o
16:14:28     INFO - Calling ['c:\\mozilla-build\\python27\\python.exe', 'C:/mozilla-build/tooltool.py', '--url', 'https://api.pub.build.mozilla.org/tooltool/', '--authentication-file', 'c:\\builds\\relengapi.tok', 'fetch', '-m', 'C:\\slave\\test\\build\\tests\\config/tooltool-manifests/win32/releng.manifest', '-o'] with output_timeout 600
ProcessManager UNABLE to use job objects to manage child processes
16:14:28     INFO -  INFO - Attempting to fetch from 'https://api.pub.build.mozilla.org/tooltool/'...
16:14:29     INFO -  INFO - File win32-minidump_stackwalk.exe fetched from https://api.pub.build.mozilla.org/tooltool/ as C:\slave\test\build\tmpstmqr1
16:14:30     INFO -  INFO - File integrity verified, renaming tmpstmqr1 to win32-minidump_stackwalk.exe
16:14:30     INFO - Return code: 0
16:14:30     INFO - Chmoding C:\slave\test\build\win32-minidump_stackwalk.exe to 0755
16:14:30     INFO - ENV: MINIDUMP_SAVE_PATH is now C:\slave\test\build\blobber_upload_dir
16:14:30     INFO - Running command: ['C:\\slave\\test\\build\\venv\\Scripts\\python', '-u', 'C:\\slave\\test\\build\\tests\\web-platform\\runtests.py', '--log-raw=-', '--log-raw=C:\\slave\\test\\build\\blobber_upload_dir\\wpt_raw.log', '--log-errorsummary=C:\\slave\\test\\build\\blobber_upload_dir\\wpt_errorsummary.log', '--binary=C:\\slave\\test\\build\\application\\firefox\\firefox.exe', '--symbols-path=https://queue.taskcluster.net/v1/task/GYm6uScDR968YNKAqw8dYQ/artifacts/public/build/firefox-52.8.2.en-US.win64.crashreporter-symbols.zip', '--stackwalk-binary=C:\\slave\\test\\build\\win32-minidump_stackwalk.exe', '--stackfix-dir=C:\\slave\\test\\build\\tests\\bin', '--test-type=testharness', '--total-chunks=10', '--this-chunk=7', '--prefs-root=C:\\slave\\test\\build\\tests\\web-platform/prefs', '--processes=1', '--config=C:\\slave\\test\\build\\tests\\web-platform/wptrunner.ini', '--ca-cert-path=C:\\slave\\test\\build\\tests\\web-platform/certs/cacert.pem', '--host-key-path=C:\\slave\\test\\build\\tests\\web-platform/certs/web-platform.test.key', '--host-cert-path=C:\\slave\\test\\build\\tests\\web-platform/certs/web-platform.test.pem', '--certutil-binary=C:\\slave\\test\\build\\tests/bin/certutil'] in C:\slave\test\build
16:14:30     INFO - Copy/paste: C:\slave\test\build\venv\Scripts\python -u C:\slave\test\build\tests\web-platform\runtests.py --log-raw=- --log-raw=C:\slave\test\build\blobber_upload_dir\wpt_raw.log --log-errorsummary=C:\slave\test\build\blobber_upload_dir\wpt_errorsummary.log --binary=C:\slave\test\build\application\firefox\firefox.exe --symbols-path=https://queue.taskcluster.net/v1/task/GYm6uScDR968YNKAqw8dYQ/artifacts/public/build/firefox-52.8.2.en-US.win64.crashreporter-symbols.zip --stackwalk-binary=C:\slave\test\build\win32-minidump_stackwalk.exe --stackfix-dir=C:\slave\test\build\tests\bin --test-type=testharness --total-chunks=10 --this-chunk=7 --prefs-root=C:\slave\test\build\tests\web-platform/prefs --processes=1 --config=C:\slave\test\build\tests\web-platform/wptrunner.ini --ca-cert-path=C:\slave\test\build\tests\web-platform/certs/cacert.pem --host-key-path=C:\slave\test\build\tests\web-platform/certs/web-platform.test.key --host-cert-path=C:\slave\test\build\tests\web-platform/certs/web-platform.test.pem --certutil-binary=C:\slave\test\build\tests/bin/certutil
16:14:30     INFO - Using env: {'ALLUSERSPROFILE': 'C:\\ProgramData',
16:14:30     INFO -  'APPDATA': 'C:\\Users\\cltbld.T-W864-IX-061.001\\AppData\\Roaming',
16:14:30     INFO -  'COMMONPROGRAMFILES': 'C:\\Program Files (x86)\\Common Files',
16:14:30     INFO -  'COMMONPROGRAMFILES(X86)': 'C:\\Program Files (x86)\\Common Files',
16:14:30     INFO -  'COMMONPROGRAMW6432': 'C:\\Program Files\\Common Files',
16:14:30     INFO -  'COMPUTERNAME': 'T-W864-IX-061',
16:14:30     INFO -  'COMSPEC': 'C:\\windows\\system32\\cmd.exe',
16:14:30     INFO -  'DCLOCATION': 'SCL3',
16:14:30     INFO -  'DNSSUFFIX': 'wintest.releng.scl3.mozilla.com',
16:14:30     INFO -  'FP_NO_HOST_CHECK': 'NO',
16:14:30     INFO -  'HOMEDRIVE': 'C:',
16:14:30     INFO -  'HOMEPATH': '\\Users\\cltbld.T-W864-IX-061.001',
16:14:30     INFO -  'KTS_HOME': 'C:\\Program Files\\KTS',
16:14:30     INFO -  'KTS_VERSION': '1.19c',
16:14:30     INFO -  'LOCALAPPDATA': 'C:\\Users\\cltbld.T-W864-IX-061.001\\AppData\\Local',
16:14:30     INFO -  'LOGONSERVER': '\\\\T-W864-IX-061',
16:14:30     INFO -  'MINIDUMP_SAVE_PATH': 'C:\\slave\\test\\build\\blobber_upload_dir',
16:14:30     INFO -  'MONDIR': 'C:\\Monitor_config\\',
16:14:30     INFO -  'MOZBUILDDIR': 'C:\\mozilla-build\\',
16:14:30     INFO -  'MOZ_CRASHREPORTER_NO_REPORT': '1',
16:14:30     INFO -  'MOZ_HIDE_RESULTS_TABLE': '1',
16:14:30     INFO -  'MOZ_NO_REMOTE': '1',
16:14:30     INFO -  'NO_EM_RESTART': '1',
16:14:30     INFO -  'NO_FAIL_ON_TEST_ERRORS': '1',
16:14:30     INFO -  'NUMBER_OF_PROCESSORS': '8',
16:14:30     INFO -  'OS': 'Windows_NT',
16:14:30     INFO -  'OURDRIVE': 'C:',
16:14:30     INFO -  'PATH': 'C:\\slave\\test\\build\\venv\\Scripts;C:\\Program Files (x86)\\NVIDIA Corporation\\PhysX\\Common;C:\\windows\\system32;C:\\windows;C:\\windows\\System32\\Wbem;C:\\windows\\System32\\WindowsPowerShell\\v1.0\\;C:\\mozilla-build\\python27;C:\\mozilla-build\\python27\\Scripts;C:\\mozilla-build\\msys\\bin;C:\\mozilla-build\\vim\\vim72;C:\\mozilla-build\\wget;C:\\mozilla-build\\info-zip;C:\\CoreUtils\\bin;C:\\mozilla-build\\buildbotve\\scripts;C:\\mozilla-build\\hg',
16:14:30     INFO -  'PATHEXT': '.COM;.EXE;.BAT;.CMD;.VBS;.VBE;.JS;.JSE;.WSF;.WSH;.MSC',
16:14:30     INFO -  'PROCESSOR_ARCHITECTURE': 'x86',
16:14:30     INFO -  'PROCESSOR_ARCHITEW6432': 'AMD64',
16:14:30     INFO -  'PROCESSOR_IDENTIFIER': 'Intel64 Family 6 Model 30 Stepping 5, GenuineIntel',
16:14:30     INFO -  'PROCESSOR_LEVEL': '6',
16:14:30     INFO -  'PROCESSOR_REVISION': '1e05',
16:14:30     INFO -  'PROGRAMDATA': 'C:\\ProgramData',
16:14:30     INFO -  'PROGRAMFILES': 'C:\\Program Files (x86)',
16:14:30     INFO -  'PROGRAMFILES(X86)': 'C:\\Program Files (x86)',
16:14:30     INFO -  'PROGRAMW6432': 'C:\\Program Files',
16:14:30     INFO -  'PROMPT': '$P$G',
16:14:30     INFO -  'PROPERTIES_FILE': 'C:\\slave\\test/buildprops.json',
16:14:30     INFO -  'PSMODULEPATH': 'C:\\windows\\system32\\WindowsPowerShell\\v1.0\\Modules\\',
16:14:30     INFO -  'PUBLIC': 'C:\\Users\\Public',
16:14:30     INFO -  'PWD': 'C:\\slave\\test',
16:14:30     INFO -  'RUNLOGFILE': 'C:\\slave\\\\runslave.log',
16:14:30     INFO -  'SLAVEDIR': 'C:\\slave\\',
16:14:30     INFO -  'SYSTEMDRIVE': 'C:',
16:14:30     INFO -  'SYSTEMROOT': 'C:\\windows',
16:14:30     INFO -  'TEMP': 'C:\\Users\\CLTBLD~1.001\\AppData\\Local\\Temp',
16:14:30     INFO -  'TEST1': 'testie',
16:14:30     INFO -  'TMP': 'C:\\Users\\CLTBLD~1.001\\AppData\\Local\\Temp',
16:14:30     INFO -  'USERDOMAIN': 'T-W864-IX-061',
16:14:30     INFO -  'USERDOMAIN_ROAMINGPROFILE': 'T-W864-IX-061',
16:14:30     INFO -  'USERNAME': 'cltbld',
16:14:30     INFO -  'USERPROFILE': 'C:\\Users\\cltbld.T-W864-IX-061.001',
16:14:30     INFO -  'WINDIR': 'C:\\windows',
16:14:30     INFO -  'XPCOM_DEBUG_BREAK': 'warn'}
16:14:30     INFO - Calling ['C:\\slave\\test\\build\\venv\\Scripts\\python', '-u', 'C:\\slave\\test\\build\\tests\\web-platform\\runtests.py', '--log-raw=-', '--log-raw=C:\\slave\\test\\build\\blobber_upload_dir\\wpt_raw.log', '--log-errorsummary=C:\\slave\\test\\build\\blobber_upload_dir\\wpt_errorsummary.log', '--binary=C:\\slave\\test\\build\\application\\firefox\\firefox.exe', '--symbols-path=https://queue.taskcluster.net/v1/task/GYm6uScDR968YNKAqw8dYQ/artifacts/public/build/firefox-52.8.2.en-US.win64.crashreporter-symbols.zip', '--stackwalk-binary=C:\\slave\\test\\build\\win32-minidump_stackwalk.exe', '--stackfix-dir=C:\\slave\\test\\build\\tests\\bin', '--test-type=testharness', '--total-chunks=10', '--this-chunk=7', '--prefs-root=C:\\slave\\test\\build\\tests\\web-platform/prefs', '--processes=1', '--config=C:\\slave\\test\\build\\tests\\web-platform/wptrunner.ini', '--ca-cert-path=C:\\slave\\test\\build\\tests\\web-platform/certs/cacert.pem', '--host-key-path=C:\\slave\\test\\build\\tests\\web-platform/certs/web-platform.test.key', '--host-cert-path=C:\\slave\\test\\build\\tests\\web-platform/certs/web-platform.test.pem', '--certutil-binary=C:\\slave\\test\\build\\tests/bin/certutil'] with output_timeout 1000
ProcessManager NOT managing child processes
ProcessManager UNABLE to use job objects to manage child processes
16:14:31     INFO - STDERR: Opening manifest at C:\slave\test\build\tests\web-platform\meta\MANIFEST.json
16:14:32     INFO - STDERR: Opening manifest at C:\slave\test\build\tests\web-platform\mozilla\meta\MANIFEST.json
16:14:36     INFO - Using 1 client processes
16:14:39     INFO - SUITE-START | Running 746 tests
16:14:39     INFO - Running testharness tests
16:14:39     INFO - TEST-START | /WebCryptoAPI/generateKey/test_failures.html
16:14:39     INFO - TEST-SKIP | /WebCryptoAPI/generateKey/test_failures.html | took 0ms
16:14:39     INFO - TEST-START | /WebCryptoAPI/generateKey/test_failures_RSA-OAEP.html
16:14:39     INFO - TEST-SKIP | /WebCryptoAPI/generateKey/test_failures_RSA-OAEP.html | took 0ms
16:14:39     INFO - TEST-START | /WebCryptoAPI/generateKey/test_failures_RSA-PSS.html
16:14:39     INFO - TEST-SKIP | /WebCryptoAPI/generateKey/test_failures_RSA-PSS.html | took 0ms
16:14:39     INFO - TEST-START | /WebCryptoAPI/generateKey/test_failures_RSASSA-PKCS1-v1_5.html
16:14:39     INFO - TEST-SKIP | /WebCryptoAPI/generateKey/test_failures_RSASSA-PKCS1-v1_5.html | took 0ms
16:14:39     INFO - TEST-START | /WebCryptoAPI/generateKey/test_successes.html
16:14:39     INFO - TEST-SKIP | /WebCryptoAPI/generateKey/test_successes.html | took 0ms
16:14:39     INFO - TEST-START | /WebCryptoAPI/generateKey/test_successes_AES-CBC.html
16:14:39     INFO - TEST-SKIP | /WebCryptoAPI/generateKey/test_successes_AES-CBC.html | took 1ms
16:14:39     INFO - TEST-START | /WebCryptoAPI/generateKey/test_successes_RSA-OAEP.html
16:14:39     INFO - TEST-SKIP | /WebCryptoAPI/generateKey/test_successes_RSA-OAEP.html | took 0ms
16:14:39     INFO - TEST-START | /WebCryptoAPI/generateKey/test_successes_RSA-PSS.html
16:14:39     INFO - TEST-SKIP | /WebCryptoAPI/generateKey/test_successes_RSA-PSS.html | took 0ms
16:14:39     INFO - TEST-START | /WebCryptoAPI/generateKey/test_successes_RSASSA-PKCS1-v1_5.html
16:14:39     INFO - TEST-SKIP | /WebCryptoAPI/generateKey/test_successes_RSASSA-PKCS1-v1_5.html | took 0ms
16:14:39     INFO - TEST-START | /content-security-policy/script-src/script-src-1_2.html
16:14:39     INFO - TEST-SKIP | /content-security-policy/script-src/script-src-1_2.html | took 0ms
16:14:39     INFO - TEST-START | /content-security-policy/script-src/script-src-1_2_1.html
16:14:39     INFO - TEST-SKIP | /content-security-policy/script-src/script-src-1_2_1.html | took 0ms
16:14:39     INFO - TEST-START | /content-security-policy/script-src/script-src-1_4_1.html
16:14:39     INFO - TEST-SKIP | /content-security-policy/script-src/script-src-1_4_1.html | took 0ms
16:14:39     INFO - TEST-START | /custom-elements/v0/creating-and-passing-registries/new-registry-test.html
16:14:39     INFO - TEST-SKIP | /custom-elements/v0/creating-and-passing-registries/new-registry-test.html | took 0ms
16:14:39     INFO - TEST-START | /custom-elements/v0/creating-and-passing-registries/no-registry-test.html
16:14:39     INFO - TEST-SKIP | /custom-elements/v0/creating-and-passing-registries/no-registry-test.html | took 0ms
16:14:39     INFO - TEST-START | /custom-elements/v0/creating-and-passing-registries/share-registry-create-document.html
16:14:39     INFO - TEST-SKIP | /custom-elements/v0/creating-and-passing-registries/share-registry-create-document.html | took 0ms
16:14:39     INFO - TEST-START | /custom-elements/v0/creating-and-passing-registries/share-registry-import-document.html
16:14:39     INFO - TEST-SKIP | /custom-elements/v0/creating-and-passing-registries/share-registry-import-document.html | took 1ms
16:14:39     INFO - TEST-START | /custom-elements/v0/registering/unresolved-element-pseudoclass/unresolved-element-pseudoclass-matching-query-selector-all.html
16:14:39     INFO - TEST-SKIP | /custom-elements/v0/registering/unresolved-element-pseudoclass/unresolved-element-pseudoclass-matching-query-selector-all.html | took 0ms
16:14:39     INFO - TEST-START | /custom-elements/v0/registering/unresolved-element-pseudoclass/unresolved-element-pseudoclass-matching-query-selector.html
16:14:39     INFO - TEST-SKIP | /custom-elements/v0/registering/unresolved-element-pseudoclass/unresolved-element-pseudoclass-matching-query-selector.html | took 0ms
16:14:39     INFO - TEST-START | /html/the-xhtml-syntax/parsing-xhtml-documents/xhtml-mathml-dtd-entity-support.htm
16:14:39     INFO - TEST-SKIP | /html/the-xhtml-syntax/parsing-xhtml-documents/xhtml-mathml-dtd-entity-support.htm | took 1ms
16:14:39     INFO - TEST-START | /mixed-content/blockable/http-csp/same-host-http/form-tag/top-level/swap-scheme-redirect/opt-in-blocks.https.html
16:14:39     INFO - TEST-SKIP | /mixed-content/blockable/http-csp/same-host-http/form-tag/top-level/swap-scheme-redirect/opt-in-blocks.https.html | took 0ms
16:14:39     INFO - TEST-START | /mixed-content/blockable/meta-csp/same-host-http/form-tag/top-level/no-redirect/opt-in-blocks.https.html
16:14:39     INFO - TEST-SKIP | /mixed-content/blockable/meta-csp/same-host-http/form-tag/top-level/no-redirect/opt-in-blocks.https.html | took 0ms
16:14:39     INFO - TEST-START | /mixed-content/blockable/no-opt-in/cross-origin-http/form-tag/top-level/keep-scheme-redirect/no-opt-in-blocks.https.html
16:14:39     INFO - TEST-SKIP | /mixed-content/blockable/no-opt-in/cross-origin-http/form-tag/top-level/keep-scheme-redirect/no-opt-in-blocks.https.html | took 1ms
16:14:39     INFO - TEST-START | /referrer-policy/origin-when-cross-origin/meta-referrer/same-origin/http-http/img-tag/same-origin-insecure.keep-origin-redirect.http.html
16:14:39     INFO - TEST-SKIP | /referrer-policy/origin-when-cross-origin/meta-referrer/same-origin/http-http/img-tag/same-origin-insecure.keep-origin-redirect.http.html | took 0ms
16:14:39     INFO - TEST-START | /referrer-policy/origin-when-cross-origin/meta-referrer/same-origin/http-http/img-tag/same-origin-insecure.no-redirect.http.html
16:14:39     INFO - TEST-SKIP | /referrer-policy/origin-when-cross-origin/meta-referrer/same-origin/http-http/img-tag/same-origin-insecure.no-redirect.http.html | took 0ms
16:14:39     INFO - TEST-START | /referrer-policy/origin-when-cross-origin/meta-referrer/same-origin/http-http/img-tag/same-origin-insecure.swap-origin-redirect.http.html
16:14:39     INFO - TEST-SKIP | /referrer-policy/origin-when-cross-origin/meta-referrer/same-origin/http-http/img-tag/same-origin-insecure.swap-origin-redirect.http.html | took 1ms
16:14:39     INFO - TEST-START | /resource-timing/resource-timing.html
16:14:39     INFO - TEST-SKIP | /resource-timing/resource-timing.html | took 0ms
16:14:39     INFO - TEST-START | /streams/byte-length-queuing-strategy.https.html
16:14:39     INFO - TEST-SKIP | /streams/byte-length-queuing-strategy.https.html | took 1ms
16:14:39     INFO - TEST-START | /streams/count-queuing-strategy.https.html
16:14:39     INFO - TEST-SKIP | /streams/count-queuing-strategy.https.html | took 0ms
16:14:39     INFO - TEST-START | /webgl/conformance-1.0.3/conformance/glsl/constructors/glsl-construct-bvec2.html
16:14:39     INFO - TEST-SKIP | /webgl/conformance-1.0.3/conformance/glsl/constructors/glsl-construct-bvec2.html | took 0ms
16:14:39     INFO - TEST-START | /webgl/conformance-1.0.3/conformance/glsl/constructors/glsl-construct-bvec3.html
16:14:39     INFO - TEST-SKIP | /webgl/conformance-1.0.3/conformance/glsl/constructors/glsl-construct-bvec3.html | took 0ms
16:14:39     INFO - TEST-START | /webgl/conformance-1.0.3/conformance/glsl/constructors/glsl-construct-bvec4.html
16:14:39     INFO - TEST-SKIP | /webgl/conformance-1.0.3/conformance/glsl/constructors/glsl-construct-bvec4.html | took 0ms
16:14:39     INFO - TEST-START | /webgl/conformance-1.0.3/conformance/glsl/constructors/glsl-construct-ivec2.html
16:14:39     INFO - TEST-SKIP | /webgl/conformance-1.0.3/conformance/glsl/constructors/glsl-construct-ivec2.html | took 1ms
16:14:39     INFO - TEST-START | /webgl/conformance-1.0.3/conformance/glsl/constructors/glsl-construct-ivec3.html
16:14:39     INFO - TEST-SKIP | /webgl/conformance-1.0.3/conformance/glsl/constructors/glsl-construct-ivec3.html | took 0ms
16:14:39     INFO - TEST-START | /webgl/conformance-1.0.3/conformance/glsl/constructors/glsl-construct-ivec4.html
16:14:39     INFO - TEST-SKIP | /webgl/conformance-1.0.3/conformance/glsl/constructors/glsl-construct-ivec4.html | took 1ms
16:14:39     INFO - TEST-START | /webgl/conformance-1.0.3/conformance/glsl/constructors/glsl-construct-mat2.html
16:14:39     INFO - TEST-SKIP | /webgl/conformance-1.0.3/conformance/glsl/constructors/glsl-construct-mat2.html | took 0ms
16:14:39     INFO - TEST-START | /webgl/conformance-1.0.3/conformance/glsl/constructors/glsl-construct-mat3.html
16:14:39     INFO - TEST-SKIP | /webgl/conformance-1.0.3/conformance/glsl/constructors/glsl-construct-mat3.html | took 0ms
16:14:39     INFO - TEST-START | /webgl/conformance-1.0.3/conformance/glsl/constructors/glsl-construct-mat4.html
16:14:39     INFO - TEST-SKIP | /webgl/conformance-1.0.3/conformance/glsl/constructors/glsl-construct-mat4.html | took 0ms
16:14:39     INFO - TEST-START | /webgl/conformance-1.0.3/conformance/glsl/constructors/glsl-construct-vec-mat-corner-cases.html
16:14:39     INFO - TEST-SKIP | /webgl/conformance-1.0.3/conformance/glsl/constructors/glsl-construct-vec-mat-corner-cases.html | took 0ms
16:14:39     INFO - TEST-START | /webgl/conformance-1.0.3/conformance/glsl/constructors/glsl-construct-vec-mat-index.html
16:14:39     INFO - TEST-SKIP | /webgl/conformance-1.0.3/conformance/glsl/constructors/glsl-construct-vec-mat-index.html | took 1ms
16:14:39     INFO - TEST-START | /webgl/conformance-1.0.3/conformance/glsl/constructors/glsl-construct-vec2.html
16:14:39     INFO - TEST-SKIP | /webgl/conformance-1.0.3/conformance/glsl/constructors/glsl-construct-vec2.html | took 0ms
16:14:39     INFO - TEST-START | /webgl/conformance-1.0.3/conformance/glsl/constructors/glsl-construct-vec3.html
16:14:39     INFO - TEST-SKIP | /webgl/conformance-1.0.3/conformance/glsl/constructors/glsl-construct-vec3.html | took 0ms
16:14:39     INFO - TEST-START | /webgl/conformance-1.0.3/conformance/glsl/constructors/glsl-construct-vec4.html
16:14:39     INFO - TEST-SKIP | /webgl/conformance-1.0.3/conformance/glsl/constructors/glsl-construct-vec4.html | took 0ms
16:14:39     INFO - TEST-START | /webgl/conformance-1.0.3/conformance/limits/gl-max-texture-dimensions.html
16:14:39     INFO - TEST-SKIP | /webgl/conformance-1.0.3/conformance/limits/gl-max-texture-dimensions.html | took 0ms
16:14:39     INFO - TEST-START | /webgl/conformance-1.0.3/conformance/limits/gl-min-attribs.html
16:14:39     INFO - TEST-SKIP | /webgl/conformance-1.0.3/conformance/limits/gl-min-attribs.html | took 0ms
16:14:39     INFO - TEST-START | /webgl/conformance-1.0.3/conformance/limits/gl-min-textures.html
16:14:39     INFO - TEST-SKIP | /webgl/conformance-1.0.3/conformance/limits/gl-min-textures.html | took 0ms
16:14:39     INFO - TEST-START | /webgl/conformance-1.0.3/conformance/limits/gl-min-uniforms.html
16:14:39     INFO - TEST-SKIP | /webgl/conformance-1.0.3/conformance/limits/gl-min-uniforms.html | took 0ms
16:14:39     INFO - TEST-START | /webgl/conformance-1.0.3/conformance/ogles/GL/acos/acos_001_to_006.html
16:14:39     INFO - TEST-SKIP | /webgl/conformance-1.0.3/conformance/ogles/GL/acos/acos_001_to_006.html | took 0ms
16:14:39     INFO - TEST-START | /webgl/conformance-1.0.3/conformance/ogles/GL/discard/discard_001_to_002.html
16:14:39     INFO - TEST-SKIP | /webgl/conformance-1.0.3/conformance/ogles/GL/discard/discard_001_to_002.html | took 0ms
16:14:39     INFO - TEST-START | /webgl/conformance-1.0.3/conformance/ogles/GL/greaterThanEqual/greaterThanEqual_001_to_008.html
16:14:39     INFO - TEST-SKIP | /webgl/conformance-1.0.3/conformance/ogles/GL/greaterThanEqual/greaterThanEqual_001_to_008.html | took 0ms
16:14:39     INFO - TEST-START | /webgl/conformance-1.0.3/conformance/ogles/GL/lessThan/lessThan_001_to_008.html
16:14:39     INFO - TEST-SKIP | /webgl/conformance-1.0.3/conformance/ogles/GL/lessThan/lessThan_001_to_008.html | took 0ms
16:14:39     INFO - TEST-START | /webgl/conformance-1.0.3/conformance/ogles/GL/max/max_001_to_006.html
16:14:39     INFO - TEST-SKIP | /webgl/conformance-1.0.3/conformance/ogles/GL/max/max_001_to_006.html | took 0ms
16:14:39     INFO - TEST-START | /webgl/conformance-1.0.3/conformance/ogles/GL/radians/radians_001_to_006.html
16:14:39     INFO - TEST-SKIP | /webgl/conformance-1.0.3/conformance/ogles/GL/radians/radians_001_to_006.html | took 1ms
16:14:39     INFO - TEST-START | /websockets/constructor/014.html
16:14:39     INFO - TEST-SKIP | /websockets/constructor/014.html | took 0ms
16:14:39     INFO - TEST-START | /websockets/interfaces/WebSocket/url/001.html
16:14:39     INFO - TEST-SKIP | /websockets/interfaces/WebSocket/url/001.html | took 0ms
16:14:39     INFO - TEST-START | /websockets/interfaces/WebSocket/url/001.html?wss
16:14:39     INFO - TEST-SKIP | /websockets/interfaces/WebSocket/url/001.html?wss | took 0ms
16:14:39     INFO - TEST-START | /websockets/interfaces/WebSocket/url/002.html?wss
16:14:39     INFO - TEST-SKIP | /websockets/interfaces/WebSocket/url/002.html?wss | took 0ms
16:14:39     INFO - TEST-START | /websockets/interfaces/WebSocket/url/002.html
16:14:39     INFO - TEST-SKIP | /websockets/interfaces/WebSocket/url/002.html | took 1ms
16:14:39     INFO - TEST-START | /websockets/interfaces/WebSocket/url/003.html
16:14:39     INFO - TEST-SKIP | /websockets/interfaces/WebSocket/url/003.html | took 0ms
16:14:39     INFO - TEST-START | /websockets/interfaces/WebSocket/url/003.html?wss
16:14:39     INFO - TEST-SKIP | /websockets/interfaces/WebSocket/url/003.html?wss | took 0ms
16:14:39     INFO - TEST-START | /websockets/interfaces/WebSocket/url/004.html
16:14:39     INFO - TEST-SKIP | /websockets/interfaces/WebSocket/url/004.html | took 0ms
16:14:39     INFO - TEST-START | /websockets/interfaces/WebSocket/url/004.html?wss
16:14:39     INFO - TEST-SKIP | /websockets/interfaces/WebSocket/url/004.html?wss | took 0ms
16:14:39     INFO - TEST-START | /websockets/interfaces/WebSocket/url/005.html?wss
16:14:39     INFO - TEST-SKIP | /websockets/interfaces/WebSocket/url/005.html?wss | took 1ms
16:14:39     INFO - TEST-START | /websockets/interfaces/WebSocket/url/005.html
16:14:39     INFO - TEST-SKIP | /websockets/interfaces/WebSocket/url/005.html | took 0ms
16:14:39     INFO - TEST-START | /websockets/interfaces/WebSocket/url/006.html?wss
16:14:39     INFO - TEST-SKIP | /websockets/interfaces/WebSocket/url/006.html?wss | took 1ms
16:14:39     INFO - TEST-START | /websockets/interfaces/WebSocket/url/006.html
16:14:39     INFO - TEST-SKIP | /websockets/interfaces/WebSocket/url/006.html | took 0ms
16:14:39     INFO - TEST-START | /websockets/interfaces/WebSocket/url/resolve.html
16:14:39     INFO - TEST-SKIP | /websockets/interfaces/WebSocket/url/resolve.html | took 0ms
16:14:39     INFO - TEST-START | /websockets/interfaces/WebSocket/url/resolve.html?wss
16:14:39     INFO - TEST-SKIP | /websockets/interfaces/WebSocket/url/resolve.html?wss | took 0ms
16:14:40     INFO - Setting up ssl
16:14:40     INFO - PROCESS | certutil | 
16:14:40     INFO - PROCESS | certutil | 
16:14:40     INFO - PROCESS | certutil | 
16:14:40     INFO - Certificate Nickname                                         Trust Attributes
16:14:40     INFO -                                                              SSL,S/MIME,JAR/XPI
16:14:40     INFO - 
16:14:40     INFO - web-platform-tests                                           CT,, 
16:14:40     INFO - 
16:14:40     INFO - Application command: C:\slave\test\build\application\firefox\firefox.exe -marionette about:blank -profile c:\users\cltbld~1.001\appdata\local\temp\tmprpaks0.mozrunner
16:14:40     INFO - Starting runner
16:14:40     INFO - PROCESS | 4012 | [4012] WARNING: Failed to load startupcache file correctly, removing!: file c:/builds/moz2_slave/m-esr52-w64-d-0000000000000000/build/src/startupcache/StartupCache.cpp, line 219
16:14:40     INFO - PROCESS | 4012 | [4012] WARNING: NS_ENSURE_SUCCESS(rv, rv) failed with result 0x80004005: file c:/builds/moz2_slave/m-esr52-w64-d-0000000000000000/build/src/xpcom/base/nsSystemInfo.cpp, line 116
16:14:41     INFO - PROCESS | 4012 | [4012] WARNING: This method is lossy. Use GetCanonicalPath !: file c:/builds/moz2_slave/m-esr52-w64-d-0000000000000000/build/src/xpcom/io/nsLocalFileWin.cpp, line 3576
16:14:44     INFO - PROCESS | 4012 | ++DOCSHELL 0000007C4CE41000 == 1 [pid = 4012] [id = 1]
16:14:44     INFO - PROCESS | 4012 | ++DOMWINDOW == 1 (0000007C5AAB4800) [pid = 4012] [serial = 1] [outer = 0000000000000000]
16:14:44     INFO - PROCESS | 4012 | ++DOMWINDOW == 2 (0000007C5AAB5800) [pid = 4012] [serial = 2] [outer = 0000007C5AAB4800]
16:14:44     INFO - PROCESS | 4012 | ++DOCSHELL 0000007C5E319000 == 2 [pid = 4012] [id = 2]
16:14:44     INFO - PROCESS | 4012 | ++DOMWINDOW == 3 (0000007C5E319800) [pid = 4012] [serial = 3] [outer = 0000000000000000]
16:14:44     INFO - PROCESS | 4012 | ++DOMWINDOW == 4 (0000007C5E31A800) [pid = 4012] [serial = 4] [outer = 0000007C5E319800]
16:14:45     INFO - PROCESS | 4012 | 1528499685044	Marionette	INFO	Listening on port 2828
16:14:47     INFO - PROCESS | 4012 | ++DOCSHELL 0000007C5F452000 == 3 [pid = 4012] [id = 3]
16:14:47     INFO - PROCESS | 4012 | ++DOMWINDOW == 5 (0000007C5F460800) [pid = 4012] [serial = 5] [outer = 0000000000000000]
16:14:47     INFO - PROCESS | 4012 | ++DOMWINDOW == 6 (0000007C5F461800) [pid = 4012] [serial = 6] [outer = 0000007C5F460800]
16:14:47     INFO - PROCESS | 4012 | ++DOMWINDOW == 7 (0000007C5F621000) [pid = 4012] [serial = 7] [outer = 0000007C5E319800]
16:14:48     INFO - PROCESS | 4012 | [Child 3176] WARNING: NS_ENSURE_SUCCESS(rv, rv) failed with result 0x80004005: file c:/builds/moz2_slave/m-esr52-w64-d-0000000000000000/build/src/toolkit/xre/nsXREDirProvider.cpp, line 1703
16:14:48     INFO - PROCESS | 4012 | [Child 3176] WARNING: NS_ENSURE_SUCCESS(rv, rv) failed with result 0x80004005: file c:/builds/moz2_slave/m-esr52-w64-d-0000000000000000/build/src/xpcom/base/nsSystemInfo.cpp, line 116
16:14:48     INFO - PROCESS | 4012 | [Parent 4012] WARNING: attempt to modify an immutable nsStandardURL: file c:/builds/moz2_slave/m-esr52-w64-d-0000000000000000/build/src/netwerk/base/nsStandardURL.cpp, line 1573
16:14:48     INFO - PROCESS | 4012 | [Parent 4012] WARNING: attempt to modify an immutable nsStandardURL: file c:/builds/moz2_slave/m-esr52-w64-d-0000000000000000/build/src/netwerk/base/nsStandardURL.cpp, line 1573
16:14:48     INFO - PROCESS | 4012 | [Parent 4012] WARNING: Failed to retarget HTML data delivery to the parser thread.: file c:/builds/moz2_slave/m-esr52-w64-d-0000000000000000/build/src/parser/html/nsHtml5StreamParser.cpp, line 970
16:14:48     INFO - PROCESS | 4012 | ++DOCSHELL 000000EEEA1A7000 == 1 [pid = 3176] [id = 1]
16:14:48     INFO - PROCESS | 4012 | ++DOMWINDOW == 1 (000000EEEA1AB800) [pid = 3176] [serial = 1] [outer = 0000000000000000]
16:14:48     INFO - PROCESS | 4012 | ++DOMWINDOW == 2 (000000EEEA1BB000) [pid = 3176] [serial = 2] [outer = 000000EEEA1AB800]
16:14:48     INFO - PROCESS | 4012 | ++DOMWINDOW == 3 (000000EEED829800) [pid = 3176] [serial = 3] [outer = 000000EEEA1AB800]
16:14:49     INFO - PROCESS | 4012 | ++DOCSHELL 0000007C647EA800 == 4 [pid = 4012] [id = 4]
16:14:49     INFO - PROCESS | 4012 | ++DOMWINDOW == 8 (0000007C64F4E000) [pid = 4012] [serial = 8] [outer = 0000000000000000]
16:14:49     INFO - PROCESS | 4012 | ++DOCSHELL 0000007C64F4F800 == 5 [pid = 4012] [id = 5]
16:14:49     INFO - PROCESS | 4012 | ++DOMWINDOW == 9 (0000007C64F50000) [pid = 4012] [serial = 9] [outer = 0000000000000000]
16:14:49     INFO - PROCESS | 4012 | ++DOCSHELL 0000007C65EA3800 == 6 [pid = 4012] [id = 6]
16:14:49     INFO - PROCESS | 4012 | ++DOMWINDOW == 10 (0000007C65EA4000) [pid = 4012] [serial = 10] [outer = 0000000000000000]
16:14:49     INFO - PROCESS | 4012 | ++DOMWINDOW == 11 (0000007C6612E800) [pid = 4012] [serial = 11] [outer = 0000007C65EA4000]
16:14:49     INFO - PROCESS | 4012 | ++DOCSHELL 000000EEED83C800 == 2 [pid = 3176] [id = 2]
16:14:49     INFO - PROCESS | 4012 | ++DOMWINDOW == 4 (000000EEED83D000) [pid = 3176] [serial = 4] [outer = 0000000000000000]
16:14:50     INFO - PROCESS | 4012 | ++DOMWINDOW == 5 (000000EEEA27F800) [pid = 3176] [serial = 5] [outer = 000000EEED83D000]
16:14:50     INFO - PROCESS | 4012 | ++DOMWINDOW == 12 (0000007C65584800) [pid = 4012] [serial = 12] [outer = 0000007C64F4E000]
16:14:50     INFO - PROCESS | 4012 | ++DOMWINDOW == 13 (0000007C65587800) [pid = 4012] [serial = 13] [outer = 0000007C64F50000]
16:14:50     INFO - PROCESS | 4012 | ++DOMWINDOW == 6 (000000EEEA284000) [pid = 3176] [serial = 6] [outer = 000000EEED83D000]
16:14:51     INFO - PROCESS | 4012 | ++DOMWINDOW == 7 (000000EEED891800) [pid = 3176] [serial = 7] [outer = 000000EEED83D000]
16:14:52     INFO - PROCESS | 4012 | [Child 3176] WARNING: site security information will not be persisted: file c:/builds/moz2_slave/m-esr52-w64-d-0000000000000000/build/src/security/manager/ssl/nsSiteSecurityService.cpp, line 268
16:14:52     INFO - PROCESS | 4012 | [Parent 4012] WARNING: Could not get disk status from nsIDiskSpaceWatcher: file c:/builds/moz2_slave/m-esr52-w64-d-0000000000000000/build/src/uriloader/prefetch/nsOfflineCacheUpdateService.cpp, line 283
16:14:53     INFO - PROCESS | 4012 | ++DOMWINDOW == 8 (000000EEF165E800) [pid = 3176] [serial = 8] [outer = 000000EEED83D000]
16:14:53     INFO - TEST-START | /2dcontext/line-styles/2d.line.cap.butt.html
16:14:53     INFO - PROCESS | 4012 | ++DOCSHELL 000000EEF167B800 == 3 [pid = 3176] [id = 3]
16:14:53     INFO - PROCESS | 4012 | ++DOMWINDOW == 9 (000000EEF185D800) [pid = 3176] [serial = 9] [outer = 0000000000000000]
16:14:54     INFO - PROCESS | 4012 | ++DOMWINDOW == 10 (000000EEF1861800) [pid = 3176] [serial = 10] [outer = 000000EEF185D800]
16:14:54     INFO - PROCESS | 4012 | ++DOCSHELL 0000007C584D7800 == 7 [pid = 4012] [id = 7]
16:14:54     INFO - PROCESS | 4012 | ++DOMWINDOW == 14 (0000007C584DA000) [pid = 4012] [serial = 14] [outer = 0000000000000000]
16:14:54     INFO - PROCESS | 4012 | ++DOMWINDOW == 11 (000000EEF1866000) [pid = 3176] [serial = 11] [outer = 000000EEF185D800]
16:14:54     INFO - PROCESS | 4012 | ++DOMWINDOW == 15 (0000007C5A057800) [pid = 4012] [serial = 15] [outer = 0000007C584DA000]
16:14:54     INFO - PROCESS | 4012 | ++DOMWINDOW == 16 (0000007C5F461000) [pid = 4012] [serial = 16] [outer = 0000007C584DA000]
16:14:54     INFO - PROCESS | 4012 | --DOCSHELL 0000007C4CE41000 == 6 [pid = 4012] [id = 1]
16:14:55     INFO - .
16:14:55     INFO - TEST-OK | /2dcontext/line-styles/2d.line.cap.butt.html | took 1544ms
16:14:55     INFO - TEST-START | /2dcontext/line-styles/2d.line.cap.closed.html
16:14:55     INFO - PROCESS | 4012 | ++DOCSHELL 000000EEF19DB800 == 4 [pid = 3176] [id = 4]
16:14:55     INFO - PROCESS | 4012 | ++DOMWINDOW == 12 (000000EEF19DC000) [pid = 3176] [serial = 12] [outer = 0000000000000000]
16:14:55     INFO - PROCESS | 4012 | ++DOMWINDOW == 13 (000000EEF19E0000) [pid = 3176] [serial = 13] [outer = 000000EEF19DC000]
16:14:55     INFO - PROCESS | 4012 | ++DOMWINDOW == 14 (000000EEF2432000) [pid = 3176] [serial = 14] [outer = 000000EEF19DC000]
16:14:56     INFO - .
16:14:56     INFO - TEST-OK | /2dcontext/line-styles/2d.line.cap.closed.html | took 818ms
16:14:56     INFO - TEST-START | /2dcontext/line-styles/2d.line.cap.invalid.html
16:14:56     INFO - PROCESS | 4012 | ++DOCSHELL 000000EEF25B4800 == 5 [pid = 3176] [id = 5]
16:14:56     INFO - PROCESS | 4012 | ++DOMWINDOW == 15 (000000EEF25B5000) [pid = 3176] [serial = 15] [outer = 0000000000000000]
16:14:56     INFO - PROCESS | 4012 | ++DOMWINDOW == 16 (000000EEF25B8800) [pid = 3176] [serial = 16] [outer = 000000EEF25B5000]
16:14:56     INFO - PROCESS | 4012 | ++DOCSHELL 0000007C65835000 == 7 [pid = 4012] [id = 8]
16:14:56     INFO - PROCESS | 4012 | ++DOMWINDOW == 17 (0000007C65835800) [pid = 4012] [serial = 17] [outer = 0000000000000000]
16:14:56     INFO - PROCESS | 4012 | ++DOMWINDOW == 18 (0000007C6582E000) [pid = 4012] [serial = 18] [outer = 0000007C65835800]
16:14:56     INFO - PROCESS | 4012 | ++DOMWINDOW == 19 (0000007C602B7800) [pid = 4012] [serial = 19] [outer = 0000007C65835800]
16:14:56     INFO - PROCESS | 4012 | ++DOMWINDOW == 17 (000000EEF25BD800) [pid = 3176] [serial = 17] [outer = 000000EEF25B5000]
16:14:56     INFO - PROCESS | 4012 | ++DOCSHELL 0000007C5E31E000 == 8 [pid = 4012] [id = 9]
16:14:56     INFO - PROCESS | 4012 | ++DOMWINDOW == 20 (0000007C65A0B800) [pid = 4012] [serial = 20] [outer = 0000000000000000]
16:14:56     INFO - PROCESS | 4012 | ++DOMWINDOW == 21 (0000007C65A14800) [pid = 4012] [serial = 21] [outer = 0000007C65A0B800]
16:14:56     INFO - PROCESS | 4012 | ++DOMWINDOW == 22 (0000007C65A20800) [pid = 4012] [serial = 22] [outer = 0000007C65A0B800]
16:14:57     INFO - .
16:14:57     INFO - TEST-OK | /2dcontext/line-styles/2d.line.cap.invalid.html | took 1221ms
16:14:57     INFO - TEST-START | /2dcontext/line-styles/2d.line.cap.open.html
16:14:57     INFO - PROCESS | 4012 | --DOCSHELL 0000007C65EA3800 == 7 [pid = 4012] [id = 6]
16:14:57     INFO - PROCESS | 4012 | ++DOCSHELL 000000EEF2806000 == 6 [pid = 3176] [id = 6]
16:14:57     INFO - PROCESS | 4012 | ++DOMWINDOW == 18 (000000EEF280E800) [pid = 3176] [serial = 18] [outer = 0000000000000000]
16:14:57     INFO - PROCESS | 4012 | ++DOMWINDOW == 19 (000000EEF2812800) [pid = 3176] [serial = 19] [outer = 000000EEF280E800]
16:14:57     INFO - PROCESS | 4012 | ++DOMWINDOW == 20 (000000EEF281B000) [pid = 3176] [serial = 20] [outer = 000000EEF280E800]
16:14:58     INFO - .
16:14:58     INFO - TEST-OK | /2dcontext/line-styles/2d.line.cap.open.html | took 628ms
16:14:58     INFO - TEST-START | /2dcontext/line-styles/2d.line.cap.round.html
16:14:58     INFO - PROCESS | 4012 | ++DOCSHELL 000000EEF1B17800 == 7 [pid = 3176] [id = 7]
16:14:58     INFO - PROCESS | 4012 | ++DOMWINDOW == 21 (000000EEF1B18000) [pid = 3176] [serial = 21] [outer = 0000000000000000]
16:14:58     INFO - PROCESS | 4012 | ++DOMWINDOW == 22 (000000EEF1B1C000) [pid = 3176] [serial = 22] [outer = 000000EEF1B18000]
16:14:58     INFO - PROCESS | 4012 | ++DOMWINDOW == 23 (000000EEF1B21000) [pid = 3176] [serial = 23] [outer = 000000EEF1B18000]
16:14:58     INFO - .
16:14:58     INFO - TEST-OK | /2dcontext/line-styles/2d.line.cap.round.html | took 566ms
16:14:58     INFO - TEST-START | /2dcontext/line-styles/2d.line.cap.square.html
16:14:58     INFO - PROCESS | 4012 | ++DOCSHELL 000000EEE96A2000 == 8 [pid = 3176] [id = 8]
16:14:58     INFO - PROCESS | 4012 | ++DOMWINDOW == 24 (000000EEE96A2800) [pid = 3176] [serial = 24] [outer = 0000000000000000]
16:14:59     INFO - PROCESS | 4012 | ++DOMWINDOW == 25 (000000EEEA27D000) [pid = 3176] [serial = 25] [outer = 000000EEE96A2800]
16:14:59     INFO - PROCESS | 4012 | ++DOMWINDOW == 26 (000000EEF04E6800) [pid = 3176] [serial = 26] [outer = 000000EEE96A2800]
16:14:59     INFO - .
16:14:59     INFO - TEST-OK | /2dcontext/line-styles/2d.line.cap.square.html | took 734ms
16:14:59     INFO - TEST-START | /2dcontext/line-styles/2d.line.cap.valid.html
16:14:59     INFO - PROCESS | 4012 | ++DOCSHELL 000000EEF19CC000 == 9 [pid = 3176] [id = 9]
16:14:59     INFO - PROCESS | 4012 | ++DOMWINDOW == 27 (000000EEF19CC800) [pid = 3176] [serial = 27] [outer = 0000000000000000]
16:14:59     INFO - PROCESS | 4012 | ++DOMWINDOW == 28 (000000EEF19D8000) [pid = 3176] [serial = 28] [outer = 000000EEF19CC800]
16:14:59     INFO - PROCESS | 4012 | ++DOMWINDOW == 29 (000000EEF1B0A800) [pid = 3176] [serial = 29] [outer = 000000EEF19CC800]
16:15:00     INFO - .
16:15:00     INFO - TEST-OK | /2dcontext/line-styles/2d.line.cap.valid.html | took 627ms
16:15:00     INFO - TEST-START | /2dcontext/line-styles/2d.line.cross.html
16:15:00     INFO - PROCESS | 4012 | ++DOCSHELL 000000EEEA28A000 == 10 [pid = 3176] [id = 10]
16:15:00     INFO - PROCESS | 4012 | ++DOMWINDOW == 30 (000000EEEA28F000) [pid = 3176] [serial = 30] [outer = 0000000000000000]
16:15:00     INFO - PROCESS | 4012 | ++DOMWINDOW == 31 (000000EEED839800) [pid = 3176] [serial = 31] [outer = 000000EEEA28F000]
16:15:00     INFO - PROCESS | 4012 | ++DOMWINDOW == 32 (000000EEEEFC6800) [pid = 3176] [serial = 32] [outer = 000000EEEA28F000]
16:15:00     INFO - PROCESS | 4012 | --DOCSHELL 000000EEF2806000 == 9 [pid = 3176] [id = 6]
16:15:00     INFO - PROCESS | 4012 | --DOCSHELL 000000EEF25B4800 == 8 [pid = 3176] [id = 5]
16:15:00     INFO - PROCESS | 4012 | --DOCSHELL 000000EEF19DB800 == 7 [pid = 3176] [id = 4]
16:15:00     INFO - PROCESS | 4012 | --DOCSHELL 000000EEF167B800 == 6 [pid = 3176] [id = 3]
16:15:00     INFO - PROCESS | 4012 | --DOCSHELL 000000EEEA1A7000 == 5 [pid = 3176] [id = 1]
16:15:00     INFO - .
16:15:00     INFO - TEST-OK | /2dcontext/line-styles/2d.line.cross.html | took 672ms
16:15:00     INFO - TEST-START | /2dcontext/line-styles/2d.line.defaults.html
16:15:01     INFO - PROCESS | 4012 | ++DOCSHELL 000000EEEA283800 == 6 [pid = 3176] [id = 11]
16:15:01     INFO - PROCESS | 4012 | ++DOMWINDOW == 33 (000000EEED841000) [pid = 3176] [serial = 33] [outer = 0000000000000000]
16:15:01     INFO - PROCESS | 4012 | ++DOMWINDOW == 34 (000000EEF19CB000) [pid = 3176] [serial = 34] [outer = 000000EEED841000]
16:15:01     INFO - PROCESS | 4012 | ++DOMWINDOW == 35 (000000EEF19DE800) [pid = 3176] [serial = 35] [outer = 000000EEED841000]
16:15:01     INFO - .
16:15:01     INFO - TEST-OK | /2dcontext/line-styles/2d.line.defaults.html | took 629ms
16:15:01     INFO - TEST-START | /2dcontext/line-styles/2d.line.join.bevel.html
16:15:01     INFO - PROCESS | 4012 | ++DOCSHELL 000000EEF231E000 == 7 [pid = 3176] [id = 12]
16:15:01     INFO - PROCESS | 4012 | ++DOMWINDOW == 36 (000000EEF231E800) [pid = 3176] [serial = 36] [outer = 0000000000000000]
16:15:01     INFO - PROCESS | 4012 | ++DOMWINDOW == 37 (000000EEF2322800) [pid = 3176] [serial = 37] [outer = 000000EEF231E800]
16:15:01     INFO - PROCESS | 4012 | ++DOMWINDOW == 38 (000000EEF25AD800) [pid = 3176] [serial = 38] [outer = 000000EEF231E800]
16:15:01     INFO - .
16:15:01     INFO - TEST-OK | /2dcontext/line-styles/2d.line.join.bevel.html | took 524ms
16:15:01     INFO - TEST-START | /2dcontext/line-styles/2d.line.join.closed.html
16:15:02     INFO - PROCESS | 4012 | ++DOCSHELL 000000EEF040E800 == 8 [pid = 3176] [id = 13]
16:15:02     INFO - PROCESS | 4012 | ++DOMWINDOW == 39 (000000EEF040F000) [pid = 3176] [serial = 39] [outer = 0000000000000000]
16:15:02     INFO - PROCESS | 4012 | ++DOMWINDOW == 40 (000000EEF0413000) [pid = 3176] [serial = 40] [outer = 000000EEF040F000]
16:15:02     INFO - PROCESS | 4012 | ++DOMWINDOW == 41 (000000EEF0418000) [pid = 3176] [serial = 41] [outer = 000000EEF040F000]
16:15:02     INFO - .
16:15:02     INFO - TEST-OK | /2dcontext/line-styles/2d.line.join.closed.html | took 524ms
16:15:02     INFO - TEST-START | /2dcontext/line-styles/2d.line.join.invalid.html
16:15:03     INFO - PROCESS | 4012 | ++DOCSHELL 000000EEF042D000 == 9 [pid = 3176] [id = 14]
16:15:03     INFO - PROCESS | 4012 | ++DOMWINDOW == 42 (000000EEF2E12000) [pid = 3176] [serial = 42] [outer = 0000000000000000]
16:15:03     INFO - PROCESS | 4012 | ++DOMWINDOW == 43 (000000EEF2E16000) [pid = 3176] [serial = 43] [outer = 000000EEF2E12000]
16:15:03     INFO - PROCESS | 4012 | ++DOMWINDOW == 44 (000000EEF2E1B000) [pid = 3176] [serial = 44] [outer = 000000EEF2E12000]
16:15:03     INFO - .
16:15:03     INFO - TEST-OK | /2dcontext/line-styles/2d.line.join.invalid.html | took 1231ms
16:15:03     INFO - TEST-START | /2dcontext/line-styles/2d.line.join.miter.html
16:15:03     INFO - PROCESS | 4012 | ++DOCSHELL 000000EEE9404800 == 10 [pid = 3176] [id = 15]
16:15:03     INFO - PROCESS | 4012 | ++DOMWINDOW == 45 (000000EEE9405000) [pid = 3176] [serial = 45] [outer = 0000000000000000]
16:15:03     INFO - PROCESS | 4012 | ++DOMWINDOW == 46 (000000EEE9409800) [pid = 3176] [serial = 46] [outer = 000000EEE9405000]
16:15:04     INFO - PROCESS | 4012 | --DOMWINDOW == 21 (0000007C5AAB4800) [pid = 4012] [serial = 1] [outer = 0000000000000000] [url = chrome://gfxsanity/content/sanityparent.html]
16:15:04     INFO - PROCESS | 4012 | --DOMWINDOW == 20 (0000007C65EA4000) [pid = 4012] [serial = 10] [outer = 0000000000000000] [url = about:blank]
16:15:04     INFO - PROCESS | 4012 | ++DOMWINDOW == 47 (000000EEE9416000) [pid = 3176] [serial = 47] [outer = 000000EEE9405000]
16:15:04     INFO - .
16:15:04     INFO - TEST-OK | /2dcontext/line-styles/2d.line.join.miter.html | took 566ms
16:15:04     INFO - TEST-START | /2dcontext/line-styles/2d.line.join.open.html
16:15:04     INFO - PROCESS | 4012 | ++DOCSHELL 000000EEEA057800 == 11 [pid = 3176] [id = 16]
16:15:04     INFO - PROCESS | 4012 | ++DOMWINDOW == 48 (000000EEF0423800) [pid = 3176] [serial = 48] [outer = 0000000000000000]
16:15:04     INFO - PROCESS | 4012 | ++DOMWINDOW == 49 (000000EEF30C0000) [pid = 3176] [serial = 49] [outer = 000000EEF0423800]
16:15:04     INFO - PROCESS | 4012 | ++DOMWINDOW == 50 (000000EEF30C1800) [pid = 3176] [serial = 50] [outer = 000000EEF0423800]
16:15:04     INFO - .
16:15:04     INFO - TEST-OK | /2dcontext/line-styles/2d.line.join.open.html | took 524ms
16:15:04     INFO - TEST-START | /2dcontext/line-styles/2d.line.join.parallel.html
16:15:04     INFO - PROCESS | 4012 | ++DOCSHELL 000000EEF30D1800 == 12 [pid = 3176] [id = 17]
16:15:04     INFO - PROCESS | 4012 | ++DOMWINDOW == 51 (000000EEF30D6000) [pid = 3176] [serial = 51] [outer = 0000000000000000]
16:15:05     INFO - PROCESS | 4012 | ++DOMWINDOW == 52 (000000EEF30DA000) [pid = 3176] [serial = 52] [outer = 000000EEF30D6000]
16:15:05     INFO - PROCESS | 4012 | ++DOMWINDOW == 53 (000000EEF367E000) [pid = 3176] [serial = 53] [outer = 000000EEF30D6000]
16:15:05     INFO - .
16:15:05     INFO - TEST-OK | /2dcontext/line-styles/2d.line.join.parallel.html | took 523ms
16:15:05     INFO - TEST-START | /2dcontext/line-styles/2d.line.join.round.html
16:15:05     INFO - PROCESS | 4012 | ++DOCSHELL 000000EEF3691800 == 13 [pid = 3176] [id = 18]
16:15:05     INFO - PROCESS | 4012 | ++DOMWINDOW == 54 (000000EEF3692000) [pid = 3176] [serial = 54] [outer = 0000000000000000]
16:15:05     INFO - PROCESS | 4012 | ++DOMWINDOW == 55 (000000EEF3696800) [pid = 3176] [serial = 55] [outer = 000000EEF3692000]
16:15:05     INFO - PROCESS | 4012 | ++DOMWINDOW == 56 (000000EEF369A800) [pid = 3176] [serial = 56] [outer = 000000EEF3692000]
16:15:05     INFO - .
16:15:05     INFO - TEST-OK | /2dcontext/line-styles/2d.line.join.round.html | took 524ms
16:15:05     INFO - TEST-START | /2dcontext/line-styles/2d.line.join.valid.html
16:15:06     INFO - PROCESS | 4012 | ++DOCSHELL 000000EEF43A6000 == 14 [pid = 3176] [id = 19]
16:15:06     INFO - PROCESS | 4012 | ++DOMWINDOW == 57 (000000EEF43A6800) [pid = 3176] [serial = 57] [outer = 0000000000000000]
16:15:06     INFO - PROCESS | 4012 | ++DOMWINDOW == 58 (000000EEF43AF000) [pid = 3176] [serial = 58] [outer = 000000EEF43A6800]
16:15:06     INFO - PROCESS | 4012 | ++DOMWINDOW == 59 (000000EEF43B4000) [pid = 3176] [serial = 59] [outer = 000000EEF43A6800]
16:15:06     INFO - .
16:15:06     INFO - TEST-OK | /2dcontext/line-styles/2d.line.join.valid.html | took 523ms
16:15:06     INFO - TEST-START | /2dcontext/line-styles/2d.line.miter.acute.html
16:15:06     INFO - PROCESS | 4012 | ++DOCSHELL 000000EEF46CF000 == 15 [pid = 3176] [id = 20]
16:15:06     INFO - PROCESS | 4012 | ++DOMWINDOW == 60 (000000EEF46D2000) [pid = 3176] [serial = 60] [outer = 0000000000000000]
16:15:06     INFO - PROCESS | 4012 | ++DOMWINDOW == 61 (000000EEF46DE000) [pid = 3176] [serial = 61] [outer = 000000EEF46D2000]
16:15:06     INFO - PROCESS | 4012 | ++DOMWINDOW == 62 (000000EEF46E2800) [pid = 3176] [serial = 62] [outer = 000000EEF46D2000]
16:15:07     INFO - PROCESS | 4012 | --DOCSHELL 000000EEF1B17800 == 14 [pid = 3176] [id = 7]
16:15:07     INFO - PROCESS | 4012 | --DOCSHELL 000000EEE96A2000 == 13 [pid = 3176] [id = 8]
16:15:07     INFO - PROCESS | 4012 | --DOCSHELL 000000EEF19CC000 == 12 [pid = 3176] [id = 9]
16:15:07     INFO - .
16:15:07     INFO - TEST-OK | /2dcontext/line-styles/2d.line.miter.acute.html | took 1182ms
16:15:07     INFO - TEST-START | /2dcontext/line-styles/2d.line.miter.exceeded.html
16:15:07     INFO - PROCESS | 4012 | ++DOCSHELL 000000EEEA27E800 == 13 [pid = 3176] [id = 21]
16:15:07     INFO - PROCESS | 4012 | ++DOMWINDOW == 63 (000000EEEA27F000) [pid = 3176] [serial = 63] [outer = 0000000000000000]
16:15:07     INFO - PROCESS | 4012 | ++DOMWINDOW == 64 (000000EEEEFCE800) [pid = 3176] [serial = 64] [outer = 000000EEEA27F000]
16:15:08     INFO - PROCESS | 4012 | ++DOMWINDOW == 65 (000000EEF0427800) [pid = 3176] [serial = 65] [outer = 000000EEEA27F000]
16:15:08     INFO - .
16:15:08     INFO - TEST-OK | /2dcontext/line-styles/2d.line.miter.exceeded.html | took 818ms
16:15:08     INFO - TEST-START | /2dcontext/line-styles/2d.line.miter.invalid.html
16:15:08     INFO - PROCESS | 4012 | ++DOCSHELL 000000EEF15FB800 == 14 [pid = 3176] [id = 22]
16:15:08     INFO - PROCESS | 4012 | ++DOMWINDOW == 66 (000000EEF1678800) [pid = 3176] [serial = 66] [outer = 0000000000000000]
16:15:08     INFO - PROCESS | 4012 | ++DOMWINDOW == 67 (000000EEF1868800) [pid = 3176] [serial = 67] [outer = 000000EEF1678800]
16:15:08     INFO - PROCESS | 4012 | --DOMWINDOW == 19 (0000007C5E31A800) [pid = 4012] [serial = 4] [outer = 0000000000000000] [url = about:blank]
16:15:08     INFO - PROCESS | 4012 | --DOMWINDOW == 18 (0000007C5AAB5800) [pid = 4012] [serial = 2] [outer = 0000000000000000] [url = about:blank]
16:15:08     INFO - PROCESS | 4012 | --DOMWINDOW == 17 (0000007C5A057800) [pid = 4012] [serial = 15] [outer = 0000000000000000] [url = about:blank]
16:15:08     INFO - PROCESS | 4012 | --DOMWINDOW == 16 (0000007C6612E800) [pid = 4012] [serial = 11] [outer = 0000000000000000] [url = about:blank]
16:15:08     INFO - PROCESS | 4012 | --DOMWINDOW == 15 (0000007C65A14800) [pid = 4012] [serial = 21] [outer = 0000000000000000] [url = about:blank]
16:15:08     INFO - PROCESS | 4012 | --DOMWINDOW == 14 (0000007C6582E000) [pid = 4012] [serial = 18] [outer = 0000000000000000] [url = about:blank]
16:15:08     INFO - PROCESS | 4012 | ++DOMWINDOW == 68 (000000EEF187B800) [pid = 3176] [serial = 68] [outer = 000000EEF1678800]
16:15:09     INFO - PROCESS | 4012 | [Child 3176] WARNING: NS_ENSURE_TRUE(layerManager) failed: file c:/builds/moz2_slave/m-esr52-w64-d-0000000000000000/build/src/dom/media/MediaDecoder.cpp, line 303
16:15:09     INFO - PROCESS | 4012 | [Child 3176] WARNING: NS_ENSURE_TRUE(layerManager) failed: file c:/builds/moz2_slave/m-esr52-w64-d-0000000000000000/build/src/dom/media/MediaDecoder.cpp, line 303
16:15:09     INFO - PROCESS | 4012 | --DOMWINDOW == 67 (000000EEF19DC000) [pid = 3176] [serial = 12] [outer = 0000000000000000] [url = http://web-platform.test:8000/2dcontext/line-styles/2d.line.cap.closed.html]
16:15:09     INFO - PROCESS | 4012 | --DOMWINDOW == 66 (000000EEF25B5000) [pid = 3176] [serial = 15] [outer = 0000000000000000] [url = http://web-platform.test:8000/2dcontext/line-styles/2d.line.cap.invalid.html]
16:15:09     INFO - PROCESS | 4012 | --DOMWINDOW == 65 (000000EEF185D800) [pid = 3176] [serial = 9] [outer = 0000000000000000] [url = http://web-platform.test:8000/2dcontext/line-styles/2d.line.cap.butt.html]
16:15:09     INFO - PROCESS | 4012 | --DOMWINDOW == 64 (000000EEEA1AB800) [pid = 3176] [serial = 1] [outer = 0000000000000000] [url = chrome://gfxsanity/content/sanitytest.html]
16:15:09     INFO - PROCESS | 4012 | --DOMWINDOW == 63 (000000EEF280E800) [pid = 3176] [serial = 18] [outer = 0000000000000000] [url = http://web-platform.test:8000/2dcontext/line-styles/2d.line.cap.open.html]
16:15:09     INFO - PROCESS | 4012 | --DOMWINDOW == 62 (000000EEF1B18000) [pid = 3176] [serial = 21] [outer = 0000000000000000] [url = http://web-platform.test:8000/2dcontext/line-styles/2d.line.cap.round.html]
16:15:09     INFO - PROCESS | 4012 | --DOMWINDOW == 61 (000000EEE96A2800) [pid = 3176] [serial = 24] [outer = 0000000000000000] [url = http://web-platform.test:8000/2dcontext/line-styles/2d.line.cap.square.html]
16:15:09     INFO - PROCESS | 4012 | --DOMWINDOW == 60 (000000EEF19CC800) [pid = 3176] [serial = 27] [outer = 0000000000000000] [url = http://web-platform.test:8000/2dcontext/line-styles/2d.line.cap.valid.html]
16:15:09     INFO - PROCESS | 4012 | --DOMWINDOW == 59 (000000EEEA28F000) [pid = 3176] [serial = 30] [outer = 0000000000000000] [url = http://web-platform.test:8000/2dcontext/line-styles/2d.line.cross.html]
16:15:09     INFO - PROCESS | 4012 | --DOMWINDOW == 58 (000000EEED841000) [pid = 3176] [serial = 33] [outer = 0000000000000000] [url = http://web-platform.test:8000/2dcontext/line-styles/2d.line.defaults.html]
16:15:09     INFO - PROCESS | 4012 | --DOMWINDOW == 57 (000000EEF231E800) [pid = 3176] [serial = 36] [outer = 0000000000000000] [url = http://web-platform.test:8000/2dcontext/line-styles/2d.line.join.bevel.html]
16:15:09     INFO - PROCESS | 4012 | --DOMWINDOW == 56 (000000EEF040F000) [pid = 3176] [serial = 39] [outer = 0000000000000000] [url = http://web-platform.test:8000/2dcontext/line-styles/2d.line.join.closed.html]
16:15:09     INFO - .
16:15:09     INFO - TEST-OK | /2dcontext/line-styles/2d.line.miter.invalid.html | took 1285ms
16:15:09     INFO - TEST-START | /2dcontext/line-styles/2d.line.miter.lineedge.html
16:15:09     INFO - PROCESS | 4012 | ++DOCSHELL 000000EEF1B0F800 == 15 [pid = 3176] [id = 23]
16:15:09     INFO - PROCESS | 4012 | ++DOMWINDOW == 57 (000000EEF1B11000) [pid = 3176] [serial = 69] [outer = 0000000000000000]
16:15:09     INFO - PROCESS | 4012 | ++DOMWINDOW == 58 (000000EEF1B1A800) [pid = 3176] [serial = 70] [outer = 000000EEF1B11000]
16:15:10     INFO - PROCESS | 4012 | ++DOMWINDOW == 59 (000000EEF2307800) [pid = 3176] [serial = 71] [outer = 000000EEF1B11000]
16:15:10     INFO - .
16:15:10     INFO - TEST-OK | /2dcontext/line-styles/2d.line.miter.lineedge.html | took 566ms
16:15:10     INFO - TEST-START | /2dcontext/line-styles/2d.line.miter.obtuse.html
16:15:10     INFO - PROCESS | 4012 | ++DOCSHELL 000000EEF25BA000 == 16 [pid = 3176] [id = 24]
16:15:10     INFO - PROCESS | 4012 | ++DOMWINDOW == 60 (000000EEF25BF000) [pid = 3176] [serial = 72] [outer = 0000000000000000]
16:15:10     INFO - PROCESS | 4012 | ++DOMWINDOW == 61 (000000EEF25C9000) [pid = 3176] [serial = 73] [outer = 000000EEF25BF000]
16:15:10     INFO - PROCESS | 4012 | ++DOMWINDOW == 62 (000000EEF2818800) [pid = 3176] [serial = 74] [outer = 000000EEF25BF000]
16:15:10     INFO - .
16:15:10     INFO - TEST-OK | /2dcontext/line-styles/2d.line.miter.obtuse.html | took 524ms
16:15:10     INFO - TEST-START | /2dcontext/line-styles/2d.line.miter.rightangle.html
16:15:11     INFO - PROCESS | 4012 | ++DOCSHELL 000000EEF2E13000 == 17 [pid = 3176] [id = 25]
16:15:11     INFO - PROCESS | 4012 | ++DOMWINDOW == 63 (000000EEF2E23000) [pid = 3176] [serial = 75] [outer = 0000000000000000]
16:15:11     INFO - PROCESS | 4012 | ++DOMWINDOW == 64 (000000EEF2E2F800) [pid = 3176] [serial = 76] [outer = 000000EEF2E23000]
16:15:11     INFO - PROCESS | 4012 | ++DOMWINDOW == 65 (000000EEF30C1000) [pid = 3176] [serial = 77] [outer = 000000EEF2E23000]
16:15:11     INFO - .
16:15:11     INFO - TEST-OK | /2dcontext/line-styles/2d.line.miter.rightangle.html | took 524ms
16:15:11     INFO - TEST-START | /2dcontext/line-styles/2d.line.miter.valid.html
16:15:11     INFO - PROCESS | 4012 | ++DOCSHELL 000000EEED82C000 == 18 [pid = 3176] [id = 26]
16:15:11     INFO - PROCESS | 4012 | ++DOMWINDOW == 66 (000000EEED83A000) [pid = 3176] [serial = 78] [outer = 0000000000000000]
16:15:11     INFO - PROCESS | 4012 | ++DOMWINDOW == 67 (000000EEF0426000) [pid = 3176] [serial = 79] [outer = 000000EEED83A000]
16:15:11     INFO - PROCESS | 4012 | ++DOMWINDOW == 68 (000000EEF1671800) [pid = 3176] [serial = 80] [outer = 000000EEED83A000]
16:15:12     INFO - .
16:15:12     INFO - TEST-OK | /2dcontext/line-styles/2d.line.miter.valid.html | took 628ms
16:15:12     INFO - TEST-START | /2dcontext/line-styles/2d.line.miter.within.html
16:15:12     INFO - PROCESS | 4012 | ++DOCSHELL 000000EEF368D000 == 19 [pid = 3176] [id = 27]
16:15:12     INFO - PROCESS | 4012 | ++DOMWINDOW == 69 (000000EEF368D800) [pid = 3176] [serial = 81] [outer = 0000000000000000]
16:15:12     INFO - PROCESS | 4012 | ++DOMWINDOW == 70 (000000EEF3693800) [pid = 3176] [serial = 82] [outer = 000000EEF368D800]
16:15:12     INFO - PROCESS | 4012 | ++DOMWINDOW == 71 (000000EEF3D85800) [pid = 3176] [serial = 83] [outer = 000000EEF368D800]
16:15:12     INFO - .
16:15:12     INFO - TEST-OK | /2dcontext/line-styles/2d.line.miter.within.html | took 627ms
16:15:12     INFO - TEST-START | /2dcontext/line-styles/2d.line.union.html
16:15:12     INFO - PROCESS | 4012 | ++DOCSHELL 000000EEF3D9B000 == 20 [pid = 3176] [id = 28]
16:15:12     INFO - PROCESS | 4012 | ++DOMWINDOW == 72 (000000EEF3D9B800) [pid = 3176] [serial = 84] [outer = 0000000000000000]
16:15:12     INFO - PROCESS | 4012 | ++DOMWINDOW == 73 (000000EEF4398800) [pid = 3176] [serial = 85] [outer = 000000EEF3D9B800]
16:15:13     INFO - PROCESS | 4012 | ++DOMWINDOW == 74 (000000EEF43A3800) [pid = 3176] [serial = 86] [outer = 000000EEF3D9B800]
16:15:13     INFO - .
16:15:13     INFO - TEST-OK | /2dcontext/line-styles/2d.line.union.html | took 628ms
16:15:13     INFO - TEST-START | /2dcontext/line-styles/2d.line.width.basic.html
16:15:13     INFO - PROCESS | 4012 | ++DOCSHELL 000000EEF46E9000 == 21 [pid = 3176] [id = 29]
16:15:13     INFO - PROCESS | 4012 | ++DOMWINDOW == 75 (000000EEF46E9800) [pid = 3176] [serial = 87] [outer = 0000000000000000]
16:15:13     INFO - PROCESS | 4012 | ++DOMWINDOW == 76 (000000EEF3644000) [pid = 3176] [serial = 88] [outer = 000000EEF46E9800]
16:15:13     INFO - PROCESS | 4012 | ++DOMWINDOW == 77 (000000EEF3648800) [pid = 3176] [serial = 89] [outer = 000000EEF46E9800]
16:15:13     INFO - .
16:15:13     INFO - TEST-OK | /2dcontext/line-styles/2d.line.width.basic.html | took 586ms
16:15:13     INFO - TEST-START | /2dcontext/line-styles/2d.line.width.invalid.html
16:15:14     INFO - PROCESS | 4012 | ++DOCSHELL 000000EEE96A3800 == 22 [pid = 3176] [id = 30]
16:15:14     INFO - PROCESS | 4012 | ++DOMWINDOW == 78 (000000EEE9986800) [pid = 3176] [serial = 90] [outer = 0000000000000000]
16:15:14     INFO - PROCESS | 4012 | ++DOMWINDOW == 79 (000000EEEA054000) [pid = 3176] [serial = 91] [outer = 000000EEE9986800]
16:15:14     INFO - PROCESS | 4012 | ++DOMWINDOW == 80 (000000EEED887000) [pid = 3176] [serial = 92] [outer = 000000EEE9986800]
16:15:14     INFO - .
16:15:14     INFO - TEST-OK | /2dcontext/line-styles/2d.line.width.invalid.html | took 838ms
16:15:14     INFO - TEST-START | /2dcontext/line-styles/2d.line.width.scaledefault.html
16:15:15     INFO - PROCESS | 4012 | --DOCSHELL 000000EEE9404800 == 21 [pid = 3176] [id = 15]
16:15:15     INFO - PROCESS | 4012 | --DOCSHELL 000000EEF25BA000 == 20 [pid = 3176] [id = 24]
16:15:15     INFO - PROCESS | 4012 | --DOCSHELL 000000EEF1B0F800 == 19 [pid = 3176] [id = 23]
16:15:15     INFO - PROCESS | 4012 | --DOCSHELL 000000EEF042D000 == 18 [pid = 3176] [id = 14]
16:15:15     INFO - PROCESS | 4012 | --DOCSHELL 000000EEF040E800 == 17 [pid = 3176] [id = 13]
16:15:15     INFO - PROCESS | 4012 | --DOCSHELL 000000EEF15FB800 == 16 [pid = 3176] [id = 22]
16:15:15     INFO - PROCESS | 4012 | --DOCSHELL 000000EEEA28A000 == 15 [pid = 3176] [id = 10]
16:15:15     INFO - PROCESS | 4012 | --DOCSHELL 000000EEF231E000 == 14 [pid = 3176] [id = 12]
16:15:15     INFO - PROCESS | 4012 | --DOCSHELL 000000EEEA283800 == 13 [pid = 3176] [id = 11]
16:15:15     INFO - PROCESS | 4012 | --DOCSHELL 000000EEEA27E800 == 12 [pid = 3176] [id = 21]
16:15:15     INFO - PROCESS | 4012 | --DOCSHELL 000000EEF3D9B000 == 11 [pid = 3176] [id = 28]
16:15:15     INFO - PROCESS | 4012 | --DOCSHELL 000000EEF46E9000 == 10 [pid = 3176] [id = 29]
16:15:15     INFO - PROCESS | 4012 | --DOCSHELL 000000EEF2E13000 == 9 [pid = 3176] [id = 25]
16:15:15     INFO - PROCESS | 4012 | --DOCSHELL 000000EEF30D1800 == 8 [pid = 3176] [id = 17]
16:15:15     INFO - PROCESS | 4012 | --DOCSHELL 000000EEF43A6000 == 7 [pid = 3176] [id = 19]
16:15:15     INFO - PROCESS | 4012 | --DOCSHELL 000000EEEA057800 == 6 [pid = 3176] [id = 16]
16:15:15     INFO - PROCESS | 4012 | --DOCSHELL 000000EEF3691800 == 5 [pid = 3176] [id = 18]
16:15:15     INFO - PROCESS | 4012 | --DOCSHELL 000000EEF46CF000 == 4 [pid = 3176] [id = 20]
16:15:15     INFO - PROCESS | 4012 | --DOCSHELL 000000EEED82C000 == 3 [pid = 3176] [id = 26]
16:15:15     INFO - PROCESS | 4012 | --DOCSHELL 000000EEF368D000 == 2 [pid = 3176] [id = 27]
16:15:15     INFO - PROCESS | 4012 | --DOMWINDOW == 79 (000000EEED829800) [pid = 3176] [serial = 3] [outer = 0000000000000000] [url = chrome://gfxsanity/content/sanitytest.html]
16:15:15     INFO - PROCESS | 4012 | --DOMWINDOW == 78 (000000EEED891800) [pid = 3176] [serial = 7] [outer = 0000000000000000] [url = about:blank]
16:15:15     INFO - PROCESS | 4012 | --DOMWINDOW == 77 (000000EEF1866000) [pid = 3176] [serial = 11] [outer = 0000000000000000] [url = about:blank]
16:15:15     INFO - PROCESS | 4012 | --DOMWINDOW == 76 (000000EEF1861800) [pid = 3176] [serial = 10] [outer = 0000000000000000] [url = about:blank]
16:15:15     INFO - PROCESS | 4012 | --DOMWINDOW == 75 (000000EEEA1BB000) [pid = 3176] [serial = 2] [outer = 0000000000000000] [url = about:blank]
16:15:15     INFO - PROCESS | 4012 | --DOMWINDOW == 74 (000000EEF2432000) [pid = 3176] [serial = 14] [outer = 0000000000000000] [url = about:blank]
16:15:15     INFO - PROCESS | 4012 | --DOMWINDOW == 73 (000000EEF19E0000) [pid = 3176] [serial = 13] [outer = 0000000000000000] [url = about:blank]
16:15:15     INFO - PROCESS | 4012 | --DOMWINDOW == 72 (000000EEEA27F800) [pid = 3176] [serial = 5] [outer = 0000000000000000] [url = about:blank]
16:15:15     INFO - PROCESS | 4012 | --DOMWINDOW == 71 (000000EEF25BD800) [pid = 3176] [serial = 17] [outer = 0000000000000000] [url = about:blank]
16:15:15     INFO - PROCESS | 4012 | --DOMWINDOW == 70 (000000EEF25B8800) [pid = 3176] [serial = 16] [outer = 0000000000000000] [url = about:blank]
16:15:15     INFO - PROCESS | 4012 | --DOMWINDOW == 69 (000000EEF281B000) [pid = 3176] [serial = 20] [outer = 0000000000000000] [url = about:blank]
16:15:15     INFO - PROCESS | 4012 | --DOMWINDOW == 68 (000000EEF2812800) [pid = 3176] [serial = 19] [outer = 0000000000000000] [url = about:blank]
16:15:15     INFO - PROCESS | 4012 | --DOMWINDOW == 67 (000000EEF1B21000) [pid = 3176] [serial = 23] [outer = 0000000000000000] [url = about:blank]
16:15:15     INFO - PROCESS | 4012 | --DOMWINDOW == 66 (000000EEF1B1C000) [pid = 3176] [serial = 22] [outer = 0000000000000000] [url = about:blank]
16:15:15     INFO - PROCESS | 4012 | --DOMWINDOW == 65 (000000EEF04E6800) [pid = 3176] [serial = 26] [outer = 0000000000000000] [url = about:blank]
16:15:15     INFO - PROCESS | 4012 | --DOMWINDOW == 64 (000000EEEA27D000) [pid = 3176] [serial = 25] [outer = 0000000000000000] [url = about:blank]
16:15:15     INFO - PROCESS | 4012 | --DOMWINDOW == 63 (000000EEF1B0A800) [pid = 3176] [serial = 29] [outer = 0000000000000000] [url = about:blank]
16:15:15     INFO - PROCESS | 4012 | --DOMWINDOW == 62 (000000EEF19D8000) [pid = 3176] [serial = 28] [outer = 0000000000000000] [url = about:blank]
16:15:15     INFO - PROCESS | 4012 | --DOMWINDOW == 61 (000000EEEEFC6800) [pid = 3176] [serial = 32] [outer = 0000000000000000] [url = about:blank]
16:15:15     INFO - PROCESS | 4012 | --DOMWINDOW == 60 (000000EEED839800) [pid = 3176] [serial = 31] [outer = 0000000000000000] [url = about:blank]
16:15:15     INFO - PROCESS | 4012 | --DOMWINDOW == 59 (000000EEF19DE800) [pid = 3176] [serial = 35] [outer = 0000000000000000] [url = about:blank]
16:15:15     INFO - PROCESS | 4012 | --DOMWINDOW == 58 (000000EEF19CB000) [pid = 3176] [serial = 34] [outer = 0000000000000000] [url = about:blank]
16:15:15     INFO - PROCESS | 4012 | --DOMWINDOW == 57 (000000EEF25AD800) [pid = 3176] [serial = 38] [outer = 0000000000000000] [url = about:blank]
16:15:15     INFO - PROCESS | 4012 | --DOMWINDOW == 56 (000000EEF2322800) [pid = 3176] [serial = 37] [outer = 0000000000000000] [url = about:blank]
16:15:15     INFO - PROCESS | 4012 | --DOMWINDOW == 55 (000000EEF0418000) [pid = 3176] [serial = 41] [outer = 0000000000000000] [url = about:blank]
16:15:15     INFO - PROCESS | 4012 | --DOMWINDOW == 54 (000000EEF0413000) [pid = 3176] [serial = 40] [outer = 0000000000000000] [url = about:blank]
16:15:15     INFO - PROCESS | 4012 | --DOMWINDOW == 53 (000000EEEA284000) [pid = 3176] [serial = 6] [outer = 0000000000000000] [url = about:blank]
16:15:15     INFO - PROCESS | 4012 | ++DOCSHELL 000000EEE9402800 == 3 [pid = 3176] [id = 31]
16:15:15     INFO - PROCESS | 4012 | ++DOMWINDOW == 54 (000000EEE9404800) [pid = 3176] [serial = 93] [outer = 0000000000000000]
16:15:15     INFO - PROCESS | 4012 | ++DOMWINDOW == 55 (000000EEE968D800) [pid = 3176] [serial = 94] [outer = 000000EEE9404800]
16:15:15     INFO - PROCESS | 4012 | ++DOMWINDOW == 56 (000000EEEA1A7000) [pid = 3176] [serial = 95] [outer = 000000EEE9404800]
16:15:15     INFO - .
16:15:15     INFO - TEST-OK | /2dcontext/line-styles/2d.line.width.scaledefault.html | took 1078ms
16:15:15     INFO - TEST-START | /2dcontext/line-styles/2d.line.width.transformed.html
16:15:16     INFO - PROCESS | 4012 | ++DOCSHELL 000000EEED891800 == 4 [pid = 3176] [id = 32]
16:15:16     INFO - PROCESS | 4012 | ++DOMWINDOW == 57 (000000EEEEFC6800) [pid = 3176] [serial = 96] [outer = 0000000000000000]
16:15:16     INFO - PROCESS | 4012 | ++DOMWINDOW == 58 (000000EEF0411000) [pid = 3176] [serial = 97] [outer = 000000EEEEFC6800]
16:15:16     INFO - PROCESS | 4012 | ++DOMWINDOW == 59 (000000EEF041A800) [pid = 3176] [serial = 98] [outer = 000000EEEEFC6800]
16:15:16     INFO - .
16:15:16     INFO - TEST-OK | /2dcontext/line-styles/2d.line.width.transformed.html | took 629ms
16:15:16     INFO - TEST-START | /2dcontext/line-styles/2d.line.width.valid.html
16:15:16     INFO - PROCESS | 4012 | ++DOCSHELL 000000EEF15F6000 == 5 [pid = 3176] [id = 33]
16:15:16     INFO - PROCESS | 4012 | ++DOMWINDOW == 60 (000000EEF15F6800) [pid = 3176] [serial = 99] [outer = 0000000000000000]
16:15:16     INFO - PROCESS | 4012 | ++DOMWINDOW == 61 (000000EEF15FE800) [pid = 3176] [serial = 100] [outer = 000000EEF15F6800]
16:15:16     INFO - PROCESS | 4012 | ++DOMWINDOW == 62 (000000EEF1672800) [pid = 3176] [serial = 101] [outer = 000000EEF15F6800]
16:15:17     INFO - .
16:15:17     INFO - TEST-OK | /2dcontext/line-styles/2d.line.width.valid.html | took 525ms
16:15:17     INFO - TEST-START | /2dcontext/line-styles/setLineDash.html
16:15:17     INFO - PROCESS | 4012 | ++DOCSHELL 000000EEF19CE800 == 6 [pid = 3176] [id = 34]
16:15:17     INFO - PROCESS | 4012 | ++DOMWINDOW == 63 (000000EEF19CF000) [pid = 3176] [serial = 102] [outer = 0000000000000000]
16:15:17     INFO - PROCESS | 4012 | ++DOMWINDOW == 64 (000000EEF19D5000) [pid = 3176] [serial = 103] [outer = 000000EEF19CF000]
16:15:17     INFO - PROCESS | 4012 | ++DOMWINDOW == 65 (000000EEF19DB800) [pid = 3176] [serial = 104] [outer = 000000EEF19CF000]
16:15:17     INFO - ..
16:15:17     INFO - TEST-OK | /2dcontext/line-styles/setLineDash.html | took 566ms
16:15:17     INFO - TEST-START | /FileAPI/filelist-section/filelist.html
16:15:17     INFO - PROCESS | 4012 | ++DOCSHELL 000000EEF1B20000 == 7 [pid = 3176] [id = 35]
16:15:17     INFO - PROCESS | 4012 | ++DOMWINDOW == 66 (000000EEF1B20800) [pid = 3176] [serial = 105] [outer = 0000000000000000]
16:15:17     INFO - PROCESS | 4012 | ++DOMWINDOW == 67 (000000EEF2306000) [pid = 3176] [serial = 106] [outer = 000000EEF1B20800]
16:15:18     INFO - PROCESS | 4012 | ++DOMWINDOW == 68 (000000EEF230B800) [pid = 3176] [serial = 107] [outer = 000000EEF1B20800]
16:15:18     INFO - .......
16:15:18     INFO - TEST-OK | /FileAPI/filelist-section/filelist.html | took 586ms
16:15:18     INFO - TEST-START | /WebCryptoAPI/generateKey/failures.worker
16:15:18     INFO - PROCESS | 4012 | ++DOCSHELL 000000EEF243B800 == 8 [pid = 3176] [id = 36]
16:15:18     INFO - PROCESS | 4012 | ++DOMWINDOW == 69 (000000EEF243C000) [pid = 3176] [serial = 108] [outer = 0000000000000000]
16:15:18     INFO - PROCESS | 4012 | ++DOMWINDOW == 70 (000000EEF25AC000) [pid = 3176] [serial = 109] [outer = 000000EEF243C000]
16:15:18     INFO - PROCESS | 4012 | ++DOMWINDOW == 71 (000000EEF25B8800) [pid = 3176] [serial = 110] [outer = 000000EEF243C000]
16:15:19     INFO - PROCESS | 4012 | --DOMWINDOW == 70 (000000EEF3692000) [pid = 3176] [serial = 54] [outer = 0000000000000000] [url = http://web-platform.test:8000/2dcontext/line-styles/2d.line.join.round.html]
16:15:19     INFO - PROCESS | 4012 | --DOMWINDOW == 69 (000000EEF2E12000) [pid = 3176] [serial = 42] [outer = 0000000000000000] [url = http://web-platform.test:8000/2dcontext/line-styles/2d.line.join.invalid.html]
16:15:19     INFO - PROCESS | 4012 | --DOMWINDOW == 68 (000000EEF0423800) [pid = 3176] [serial = 48] [outer = 0000000000000000] [url = http://web-platform.test:8000/2dcontext/line-styles/2d.line.join.open.html]
16:15:19     INFO - PROCESS | 4012 | --DOMWINDOW == 67 (000000EEE9405000) [pid = 3176] [serial = 45] [outer = 0000000000000000] [url = http://web-platform.test:8000/2dcontext/line-styles/2d.line.join.miter.html]
16:15:19     INFO - PROCESS | 4012 | --DOMWINDOW == 66 (000000EEF30D6000) [pid = 3176] [serial = 51] [outer = 0000000000000000] [url = http://web-platform.test:8000/2dcontext/line-styles/2d.line.join.parallel.html]
16:15:19     INFO - PROCESS | 4012 | --DOMWINDOW == 65 (000000EEF43A6800) [pid = 3176] [serial = 57] [outer = 0000000000000000] [url = http://web-platform.test:8000/2dcontext/line-styles/2d.line.join.valid.html]
16:15:22     INFO - PROCESS | 4012 | --DOCSHELL 000000EEF1B20000 == 7 [pid = 3176] [id = 35]
16:15:22     INFO - PROCESS | 4012 | --DOCSHELL 000000EEF19CE800 == 6 [pid = 3176] [id = 34]
16:15:22     INFO - PROCESS | 4012 | --DOCSHELL 000000EEF15F6000 == 5 [pid = 3176] [id = 33]
16:15:22     INFO - PROCESS | 4012 | --DOCSHELL 000000EEED891800 == 4 [pid = 3176] [id = 32]
16:15:22     INFO - PROCESS | 4012 | --DOCSHELL 000000EEE9402800 == 3 [pid = 3176] [id = 31]
16:15:22     INFO - PROCESS | 4012 | --DOCSHELL 000000EEE96A3800 == 2 [pid = 3176] [id = 30]
16:15:22     INFO - PROCESS | 4012 | --DOMWINDOW == 64 (000000EEF3696800) [pid = 3176] [serial = 55] [outer = 0000000000000000] [url = about:blank]
16:15:22     INFO - PROCESS | 4012 | --DOMWINDOW == 63 (000000EEF2E1B000) [pid = 3176] [serial = 44] [outer = 0000000000000000] [url = about:blank]
16:15:22     INFO - PROCESS | 4012 | --DOMWINDOW == 62 (000000EEF30C0000) [pid = 3176] [serial = 49] [outer = 0000000000000000] [url = about:blank]
16:15:22     INFO - PROCESS | 4012 | --DOMWINDOW == 61 (000000EEE9409800) [pid = 3176] [serial = 46] [outer = 0000000000000000] [url = about:blank]
16:15:22     INFO - PROCESS | 4012 | --DOMWINDOW == 60 (000000EEF367E000) [pid = 3176] [serial = 53] [outer = 0000000000000000] [url = about:blank]
16:15:22     INFO - PROCESS | 4012 | --DOMWINDOW == 59 (000000EEF30DA000) [pid = 3176] [serial = 52] [outer = 0000000000000000] [url = about:blank]
16:15:22     INFO - PROCESS | 4012 | --DOMWINDOW == 58 (000000EEF2E16000) [pid = 3176] [serial = 43] [outer = 0000000000000000] [url = about:blank]
16:15:22     INFO - PROCESS | 4012 | --DOMWINDOW == 57 (000000EEF369A800) [pid = 3176] [serial = 56] [outer = 0000000000000000] [url = about:blank]
16:15:22     INFO - PROCESS | 4012 | --DOMWINDOW == 56 (000000EEF43AF000) [pid = 3176] [serial = 58] [outer = 0000000000000000] [url = about:blank]
16:15:22     INFO - PROCESS | 4012 | --DOMWINDOW == 55 (000000EEE9416000) [pid = 3176] [serial = 47] [outer = 0000000000000000] [url = about:blank]
16:15:22     INFO - PROCESS | 4012 | --DOMWINDOW == 54 (000000EEF43B4000) [pid = 3176] [serial = 59] [outer = 0000000000000000] [url = about:blank]
16:15:22     INFO - PROCESS | 4012 | --DOMWINDOW == 53 (000000EEF30C1800) [pid = 3176] [serial = 50] [outer = 0000000000000000] [url = about:blank]
16:15:26     INFO - PROCESS | 4012 | [Parent 4012] WARNING: pipe error: 109: file c:/builds/moz2_slave/m-esr52-w64-d-0000000000000000/build/src/ipc/chromium/src/chrome/common/ipc_channel_win.cc, line 345
16:15:26     INFO - PROCESS | 4012 | --DOMWINDOW == 52 (000000EEED83A000) [pid = 3176] [serial = 78] [outer = 0000000000000000] [url = http://web-platform.test:8000/2dcontext/line-styles/2d.line.miter.valid.html]
16:15:26     INFO - PROCESS | 4012 | --DOMWINDOW == 51 (000000EEF368D800) [pid = 3176] [serial = 81] [outer = 0000000000000000] [url = http://web-platform.test:8000/2dcontext/line-styles/2d.line.miter.within.html]
16:15:26     INFO - PROCESS | 4012 | --DOMWINDOW == 50 (000000EEF3D9B800) [pid = 3176] [serial = 84] [outer = 0000000000000000] [url = http://web-platform.test:8000/2dcontext/line-styles/2d.line.union.html]
16:15:26     INFO - PROCESS | 4012 | --DOMWINDOW == 49 (000000EEF46E9800) [pid = 3176] [serial = 87] [outer = 0000000000000000] [url = http://web-platform.test:8000/2dcontext/line-styles/2d.line.width.basic.html]
16:15:26     INFO - PROCESS | 4012 | --DOMWINDOW == 48 (000000EEF1B11000) [pid = 3176] [serial = 69] [outer = 0000000000000000] [url = http://web-platform.test:8000/2dcontext/line-styles/2d.line.miter.lineedge.html]
16:15:26     INFO - PROCESS | 4012 | --DOMWINDOW == 47 (000000EEF25BF000) [pid = 3176] [serial = 72] [outer = 0000000000000000] [url = http://web-platform.test:8000/2dcontext/line-styles/2d.line.miter.obtuse.html]
16:15:26     INFO - PROCESS | 4012 | --DOMWINDOW == 46 (000000EEF46D2000) [pid = 3176] [serial = 60] [outer = 0000000000000000] [url = http://web-platform.test:8000/2dcontext/line-styles/2d.line.miter.acute.html]
16:15:26     INFO - PROCESS | 4012 | --DOMWINDOW == 45 (000000EEEA27F000) [pid = 3176] [serial = 63] [outer = 0000000000000000] [url = http://web-platform.test:8000/2dcontext/line-styles/2d.line.miter.exceeded.html]
16:15:26     INFO - PROCESS | 4012 | --DOMWINDOW == 44 (000000EEF1678800) [pid = 3176] [serial = 66] [outer = 0000000000000000] [url = http://web-platform.test:8000/2dcontext/line-styles/2d.line.miter.invalid.html]
16:15:26     INFO - PROCESS | 4012 | --DOMWINDOW == 43 (000000EEF2E23000) [pid = 3176] [serial = 75] [outer = 0000000000000000] [url = http://web-platform.test:8000/2dcontext/line-styles/2d.line.miter.rightangle.html]
16:15:26     INFO - PROCESS | 4012 | ++DOMWINDOW == 15 (0000007C5969D000) [pid = 4012] [serial = 23] [outer = 0000007C65A0B800]
16:15:29     INFO - PROCESS | 4012 | --DOMWINDOW == 42 (000000EEF3644000) [pid = 3176] [serial = 88] [outer = 0000000000000000] [url = about:blank]
16:15:29     INFO - PROCESS | 4012 | --DOMWINDOW == 41 (000000EEF3648800) [pid = 3176] [serial = 89] [outer = 0000000000000000] [url = about:blank]
16:15:29     INFO - PROCESS | 4012 | --DOMWINDOW == 40 (000000EEF4398800) [pid = 3176] [serial = 85] [outer = 0000000000000000] [url = about:blank]
16:15:29     INFO - PROCESS | 4012 | --DOMWINDOW == 39 (000000EEF43A3800) [pid = 3176] [serial = 86] [outer = 0000000000000000] [url = about:blank]
16:15:29     INFO - PROCESS | 4012 | --DOMWINDOW == 38 (000000EEF1B1A800) [pid = 3176] [serial = 70] [outer = 0000000000000000] [url = about:blank]
16:15:29     INFO - PROCESS | 4012 | --DOMWINDOW == 37 (000000EEF2818800) [pid = 3176] [serial = 74] [outer = 0000000000000000] [url = about:blank]
16:15:29     INFO - PROCESS | 4012 | --DOMWINDOW == 36 (000000EEF46DE000) [pid = 3176] [serial = 61] [outer = 0000000000000000] [url = about:blank]
16:15:29     INFO - PROCESS | 4012 | --DOMWINDOW == 35 (000000EEEEFCE800) [pid = 3176] [serial = 64] [outer = 0000000000000000] [url = about:blank]
16:15:29     INFO - PROCESS | 4012 | --DOMWINDOW == 34 (000000EEF187B800) [pid = 3176] [serial = 68] [outer = 0000000000000000] [url = about:blank]
16:15:29     INFO - PROCESS | 4012 | --DOMWINDOW == 33 (000000EEF46E2800) [pid = 3176] [serial = 62] [outer = 0000000000000000] [url = about:blank]
16:15:29     INFO - PROCESS | 4012 | --DOMWINDOW == 32 (000000EEF0427800) [pid = 3176] [serial = 65] [outer = 0000000000000000] [url = about:blank]
16:15:29     INFO - PROCESS | 4012 | --DOMWINDOW == 31 (000000EEF2E2F800) [pid = 3176] [serial = 76] [outer = 0000000000000000] [url = about:blank]
16:15:29     INFO - PROCESS | 4012 | --DOMWINDOW == 30 (000000EEF1868800) [pid = 3176] [serial = 67] [outer = 0000000000000000] [url = about:blank]
16:15:29     INFO - PROCESS | 4012 | --DOMWINDOW == 29 (000000EEF2307800) [pid = 3176] [serial = 71] [outer = 0000000000000000] [url = about:blank]
16:15:29     INFO - PROCESS | 4012 | --DOMWINDOW == 28 (000000EEF25C9000) [pid = 3176] [serial = 73] [outer = 0000000000000000] [url = about:blank]
16:15:29     INFO - PROCESS | 4012 | --DOMWINDOW == 27 (000000EEF30C1000) [pid = 3176] [serial = 77] [outer = 0000000000000000] [url = about:blank]
16:15:29     INFO - PROCESS | 4012 | --DOMWINDOW == 26 (000000EEF3693800) [pid = 3176] [serial = 82] [outer = 0000000000000000] [url = about:blank]
16:15:29     INFO - PROCESS | 4012 | --DOMWINDOW == 25 (000000EEF3D85800) [pid = 3176] [serial = 83] [outer = 0000000000000000] [url = about:blank]
16:15:29     INFO - PROCESS | 4012 | --DOMWINDOW == 24 (000000EEF0426000) [pid = 3176] [serial = 79] [outer = 0000000000000000] [url = about:blank]
16:15:29     INFO - PROCESS | 4012 | --DOMWINDOW == 23 (000000EEF1671800) [pid = 3176] [serial = 80] [outer = 0000000000000000] [url = about:blank]
16:15:36     INFO - PROCESS | 4012 | --DOMWINDOW == 22 (000000EEEA054000) [pid = 3176] [serial = 91] [outer = 0000000000000000] [url = about:blank]
16:15:36     INFO - PROCESS | 4012 | --DOMWINDOW == 21 (000000EEF19D5000) [pid = 3176] [serial = 103] [outer = 0000000000000000] [url = about:blank]
16:15:36     INFO - PROCESS | 4012 | --DOMWINDOW == 20 (000000EEF25AC000) [pid = 3176] [serial = 109] [outer = 0000000000000000] [url = about:blank]
16:15:36     INFO - PROCESS | 4012 | --DOMWINDOW == 19 (000000EEF0411000) [pid = 3176] [serial = 97] [outer = 0000000000000000] [url = about:blank]
16:15:36     INFO - PROCESS | 4012 | --DOMWINDOW == 18 (000000EEF2306000) [pid = 3176] [serial = 106] [outer = 0000000000000000] [url = about:blank]
16:15:36     INFO - PROCESS | 4012 | --DOMWINDOW == 17 (000000EEF15FE800) [pid = 3176] [serial = 100] [outer = 0000000000000000] [url = about:blank]
16:15:36     INFO - PROCESS | 4012 | --DOMWINDOW == 16 (000000EEE968D800) [pid = 3176] [serial = 94] [outer = 0000000000000000] [url = about:blank]
16:15:38     INFO - PROCESS | 4012 | --DOMWINDOW == 14 (0000007C65A20800) [pid = 4012] [serial = 22] [outer = 0000000000000000] [url = about:neterror?e=dnsNotFound&u=https%3A//%25%28server%29s/selfsupport-dummy/&c=UTF-8&f=regular&d=Firefox%20can%E2%80%99t%20find%20the%20server%20at%20%25%28server%29s.]
16:15:42     INFO - PROCESS | 4012 | --DOMWINDOW == 15 (000000EEF1B20800) [pid = 3176] [serial = 105] [outer = 0000000000000000] [url = http://web-platform.test:8000/FileAPI/filelist-section/filelist.html]
16:15:42     INFO - PROCESS | 4012 | --DOMWINDOW == 14 (000000EEE9404800) [pid = 3176] [serial = 93] [outer = 0000000000000000] [url = http://web-platform.test:8000/2dcontext/line-styles/2d.line.width.scaledefault.html]
16:15:42     INFO - PROCESS | 4012 | --DOMWINDOW == 13 (000000EEE9986800) [pid = 3176] [serial = 90] [outer = 0000000000000000] [url = http://web-platform.test:8000/2dcontext/line-styles/2d.line.width.invalid.html]
16:15:42     INFO - PROCESS | 4012 | --DOMWINDOW == 12 (000000EEF19CF000) [pid = 3176] [serial = 102] [outer = 0000000000000000] [url = http://web-platform.test:8000/2dcontext/line-styles/setLineDash.html]
16:15:42     INFO - PROCESS | 4012 | --DOMWINDOW == 11 (000000EEF15F6800) [pid = 3176] [serial = 99] [outer = 0000000000000000] [url = http://web-platform.test:8000/2dcontext/line-styles/2d.line.width.valid.html]
16:15:42     INFO - PROCESS | 4012 | --DOMWINDOW == 10 (000000EEEEFC6800) [pid = 3176] [serial = 96] [outer = 0000000000000000] [url = http://web-platform.test:8000/2dcontext/line-styles/2d.line.width.transformed.html]
16:15:46     INFO - PROCESS | 4012 | --DOMWINDOW == 9 (000000EEF230B800) [pid = 3176] [serial = 107] [outer = 0000000000000000] [url = about:blank]
16:15:46     INFO - PROCESS | 4012 | --DOMWINDOW == 8 (000000EEEA1A7000) [pid = 3176] [serial = 95] [outer = 0000000000000000] [url = about:blank]
16:15:46     INFO - PROCESS | 4012 | --DOMWINDOW == 7 (000000EEED887000) [pid = 3176] [serial = 92] [outer = 0000000000000000] [url = about:blank]
16:15:46     INFO - PROCESS | 4012 | --DOMWINDOW == 6 (000000EEF19DB800) [pid = 3176] [serial = 104] [outer = 0000000000000000] [url = about:blank]
16:15:46     INFO - PROCESS | 4012 | --DOMWINDOW == 5 (000000EEF1672800) [pid = 3176] [serial = 101] [outer = 0000000000000000] [url = about:blank]
16:15:46     INFO - PROCESS | 4012 | --DOMWINDOW == 4 (000000EEF041A800) [pid = 3176] [serial = 98] [outer = 0000000000000000] [url = about:blank]
16:15:48     INFO - PROCESS | 4012 | MARIONETTE LOG: INFO: Timeout fired
16:15:48     INFO - TEST-ERROR | /WebCryptoAPI/generateKey/failures.worker | took 30343ms
16:15:48     INFO - TEST-START | /WebCryptoAPI/generateKey/failures_AES-CBC.worker
16:15:48     INFO - PROCESS | 4012 | ++DOCSHELL 000000EEE9410000 == 3 [pid = 3176] [id = 37]
16:15:48     INFO - PROCESS | 4012 | ++DOMWINDOW == 5 (000000EEE9411000) [pid = 3176] [serial = 111] [outer = 0000000000000000]
16:15:48     INFO - PROCESS | 4012 | ++DOMWINDOW == 6 (000000EEE9415800) [pid = 3176] [serial = 112] [outer = 000000EEE9411000]
16:15:49     INFO - PROCESS | 4012 | ++DOMWINDOW == 7 (000000EEE96A7000) [pid = 3176] [serial = 113] [outer = 000000EEE9411000]
16:15:57     INFO - PROCESS | 4012 | --DOCSHELL 000000EEF243B800 == 2 [pid = 3176] [id = 36]
16:15:59     INFO - PROCESS | 4012 | [Parent 4012] WARNING: pipe error: 109: file c:/builds/moz2_slave/m-esr52-w64-d-0000000000000000/build/src/ipc/chromium/src/chrome/common/ipc_channel_win.cc, line 345
16:15:59     INFO - PROCESS | 4012 | --DOMWINDOW == 6 (000000EEF243C000) [pid = 3176] [serial = 108] [outer = 0000000000000000] [url = http://web-platform.test:8000/WebCryptoAPI/generateKey/failures.worker]
16:16:03     INFO - PROCESS | 4012 | --DOMWINDOW == 5 (000000EEF25B8800) [pid = 3176] [serial = 110] [outer = 0000000000000000] [url = about:blank]
16:16:03     INFO - PROCESS | 4012 | --DOMWINDOW == 4 (000000EEE9415800) [pid = 3176] [serial = 112] [outer = 0000000000000000] [url = about:blank]
16:16:26     INFO - PROCESS | 4012 | ++DOMWINDOW == 15 (0000007C5E6B6000) [pid = 4012] [serial = 24] [outer = 0000007C65A0B800]
16:16:44     INFO - PROCESS | 4012 | --DOMWINDOW == 14 (0000007C5969D000) [pid = 4012] [serial = 23] [outer = 0000000000000000] [url = about:neterror?e=dnsNotFound&u=https%3A//%25%28server%29s/selfsupport-dummy/&c=UTF-8&f=regular&d=Firefox%20can%E2%80%99t%20find%20the%20server%20at%20%25%28server%29s.]
16:17:56     INFO - PROCESS | 4012 | ++DOMWINDOW == 15 (0000007C5AD4F800) [pid = 4012] [serial = 25] [outer = 0000007C65A0B800]
16:18:14     INFO - PROCESS | 4012 | --DOMWINDOW == 14 (0000007C5E6B6000) [pid = 4012] [serial = 24] [outer = 0000000000000000] [url = about:neterror?e=dnsNotFound&u=https%3A//%25%28server%29s/selfsupport-dummy/&c=UTF-8&f=regular&d=Firefox%20can%E2%80%99t%20find%20the%20server%20at%20%25%28server%29s.]
16:18:49     INFO - PROCESS | 4012 | MARIONETTE LOG: INFO: Timeout fired
16:18:49     INFO - TEST-ERROR | /WebCryptoAPI/generateKey/failures_AES-CBC.worker | took 180466ms
16:18:49     INFO - TEST-START | /WebCryptoAPI/generateKey/failures_AES-CTR.worker
16:18:49     INFO - PROCESS | 4012 | ++DOCSHELL 000000EEE940B000 == 3 [pid = 3176] [id = 38]
16:18:49     INFO - PROCESS | 4012 | ++DOMWINDOW == 5 (000000EEE940C000) [pid = 3176] [serial = 114] [outer = 0000000000000000]
16:18:49     INFO - PROCESS | 4012 | ++DOMWINDOW == 6 (000000EEE9412800) [pid = 3176] [serial = 115] [outer = 000000EEE940C000]
16:18:49     INFO - PROCESS | 4012 | ++DOMWINDOW == 7 (000000EEE9696000) [pid = 3176] [serial = 116] [outer = 000000EEE940C000]
16:18:57     INFO - PROCESS | 4012 | --DOCSHELL 000000EEE9410000 == 2 [pid = 3176] [id = 37]
16:19:03     INFO - PROCESS | 4012 | --DOMWINDOW == 6 (000000EEE9411000) [pid = 3176] [serial = 111] [outer = 0000000000000000] [url = http://web-platform.test:8000/WebCryptoAPI/generateKey/failures_AES-CBC.worker]
16:19:08     INFO - PROCESS | 4012 | --DOMWINDOW == 5 (000000EEE9412800) [pid = 3176] [serial = 115] [outer = 0000000000000000] [url = about:blank]
16:19:08     INFO - PROCESS | 4012 | --DOMWINDOW == 4 (000000EEE96A7000) [pid = 3176] [serial = 113] [outer = 0000000000000000] [url = about:blank]
16:19:56     INFO - PROCESS | 4012 | ++DOMWINDOW == 15 (0000007C5AA16800) [pid = 4012] [serial = 26] [outer = 0000007C65A0B800]
16:20:07     INFO - PROCESS | 4012 | --DOMWINDOW == 14 (0000007C5AD4F800) [pid = 4012] [serial = 25] [outer = 0000000000000000] [url = about:neterror?e=dnsNotFound&u=https%3A//%25%28server%29s/selfsupport-dummy/&c=UTF-8&f=regular&d=Firefox%20can%E2%80%99t%20find%20the%20server%20at%20%25%28server%29s.]
16:21:49     INFO - PROCESS | 4012 | MARIONETTE LOG: INFO: Timeout fired
16:21:49     INFO - TEST-ERROR | /WebCryptoAPI/generateKey/failures_AES-CTR.worker | took 180447ms
16:21:49     INFO - TEST-START | /WebCryptoAPI/generateKey/failures_AES-GCM.worker
16:21:49     INFO - PROCESS | 4012 | ++DOCSHELL 000000EEE940D000 == 3 [pid = 3176] [id = 39]
16:21:49     INFO - PROCESS | 4012 | ++DOMWINDOW == 5 (000000EEE940D800) [pid = 3176] [serial = 117] [outer = 0000000000000000]
16:21:49     INFO - PROCESS | 4012 | ++DOMWINDOW == 6 (000000EEE9413000) [pid = 3176] [serial = 118] [outer = 000000EEE940D800]
16:21:50     INFO - PROCESS | 4012 | ++DOMWINDOW == 7 (000000EEEA1BB000) [pid = 3176] [serial = 119] [outer = 000000EEE940D800]
16:21:58     INFO - PROCESS | 4012 | --DOCSHELL 000000EEE940B000 == 2 [pid = 3176] [id = 38]
16:22:04     INFO - PROCESS | 4012 | [Parent 4012] WARNING: pipe error: 109: file c:/builds/moz2_slave/m-esr52-w64-d-0000000000000000/build/src/ipc/chromium/src/chrome/common/ipc_channel_win.cc, line 345
16:22:04     INFO - PROCESS | 4012 | --DOMWINDOW == 6 (000000EEE940C000) [pid = 3176] [serial = 114] [outer = 0000000000000000] [url = http://web-platform.test:8000/WebCryptoAPI/generateKey/failures_AES-CTR.worker]
16:22:08     INFO - PROCESS | 4012 | --DOMWINDOW == 5 (000000EEE9413000) [pid = 3176] [serial = 118] [outer = 0000000000000000] [url = about:blank]
16:22:08     INFO - PROCESS | 4012 | --DOMWINDOW == 4 (000000EEE9696000) [pid = 3176] [serial = 116] [outer = 0000000000000000] [url = about:blank]
16:22:26     INFO - PROCESS | 4012 | --DOCSHELL 0000007C65835000 == 6 [pid = 4012] [id = 8]
16:22:36     INFO - PROCESS | 4012 | --DOCSHELL 0000007C5E31E000 == 5 [pid = 4012] [id = 9]
16:22:39     INFO - PROCESS | 4012 | --DOMWINDOW == 13 (0000007C65A0B800) [pid = 4012] [serial = 20] [outer = 0000000000000000] [url = about:neterror?e=dnsNotFound&u=https%3A//%25%28server%29s/selfsupport-dummy/&c=UTF-8&f=regular&d=Firefox%20can%E2%80%99t%20find%20the%20server%20at%20%25%28server%29s.]
16:22:39     INFO - PROCESS | 4012 | --DOMWINDOW == 12 (0000007C65835800) [pid = 4012] [serial = 17] [outer = 0000000000000000] [url = data:application/vnd.mozilla.xul+xml;charset=utf-8,<window%20id='win'/>]
16:22:44     INFO - PROCESS | 4012 | --DOMWINDOW == 11 (0000007C5AA16800) [pid = 4012] [serial = 26] [outer = 0000000000000000] [url = about:neterror?e=dnsNotFound&u=https%3A//%25%28server%29s/selfsupport-dummy/&c=UTF-8&f=regular&d=Firefox%20can%E2%80%99t%20find%20the%20server%20at%20%25%28server%29s.]
16:22:44     INFO - PROCESS | 4012 | --DOMWINDOW == 10 (0000007C602B7800) [pid = 4012] [serial = 19] [outer = 0000000000000000] [url = data:application/vnd.mozilla.xul+xml;charset=utf-8,<window%20id='win'/>]
16:24:50     INFO - PROCESS | 4012 | MARIONETTE LOG: INFO: Timeout fired
16:24:50     INFO - TEST-ERROR | /WebCryptoAPI/generateKey/failures_AES-GCM.worker | took 180498ms
16:24:50     INFO - TEST-START | /WebCryptoAPI/generateKey/failures_AES-KW.worker
16:24:50     INFO - PROCESS | 4012 | ++DOCSHELL 000000EEE940B800 == 3 [pid = 3176] [id = 40]
16:24:50     INFO - PROCESS | 4012 | ++DOMWINDOW == 5 (000000EEE940C000) [pid = 3176] [serial = 120] [outer = 0000000000000000]
16:24:50     INFO - PROCESS | 4012 | ++DOMWINDOW == 6 (000000EEE9414000) [pid = 3176] [serial = 121] [outer = 000000EEE940C000]
16:24:50     INFO - PROCESS | 4012 | ++DOMWINDOW == 7 (000000EEEA057000) [pid = 3176] [serial = 122] [outer = 000000EEE940C000]
16:24:58     INFO - PROCESS | 4012 | --DOCSHELL 000000EEE940D000 == 2 [pid = 3176] [id = 39]
16:25:04     INFO - PROCESS | 4012 | [Parent 4012] WARNING: pipe error: 109: file c:/builds/moz2_slave/m-esr52-w64-d-0000000000000000/build/src/ipc/chromium/src/chrome/common/ipc_channel_win.cc, line 345
16:25:04     INFO - PROCESS | 4012 | --DOMWINDOW == 6 (000000EEE940D800) [pid = 3176] [serial = 117] [outer = 0000000000000000] [url = http://web-platform.test:8000/WebCryptoAPI/generateKey/failures_AES-GCM.worker]
16:25:09     INFO - PROCESS | 4012 | --DOMWINDOW == 5 (000000EEE9414000) [pid = 3176] [serial = 121] [outer = 0000000000000000] [url = about:blank]
16:25:09     INFO - PROCESS | 4012 | --DOMWINDOW == 4 (000000EEEA1BB000) [pid = 3176] [serial = 119] [outer = 0000000000000000] [url = about:blank]
16:25:14     INFO - PROCESS | 4012 | *************************
16:25:14     INFO - PROCESS | 4012 | A coding exception was thrown and uncaught in a Task.
16:25:14     INFO - PROCESS | 4012 | 
16:25:14     INFO - PROCESS | 4012 | Full message: TypeError: NetworkError when attempting to fetch resource.
16:25:14     INFO - PROCESS | 4012 | Full stack:
16:25:14     INFO - PROCESS | 4012 | *************************
16:27:50     INFO - PROCESS | 4012 | MARIONETTE LOG: INFO: Timeout fired
16:27:50     INFO - TEST-ERROR | /WebCryptoAPI/generateKey/failures_AES-KW.worker | took 180468ms
16:27:50     INFO - TEST-START | /WebCryptoAPI/generateKey/failures_ECDH.worker
16:27:50     INFO - PROCESS | 4012 | ++DOCSHELL 000000EEE9409800 == 3 [pid = 3176] [id = 41]
16:27:50     INFO - PROCESS | 4012 | ++DOMWINDOW == 5 (000000EEE940A000) [pid = 3176] [serial = 123] [outer = 0000000000000000]
16:27:50     INFO - PROCESS | 4012 | ++DOMWINDOW == 6 (000000EEE9411000) [pid = 3176] [serial = 124] [outer = 000000EEE940A000]
16:27:50     INFO - PROCESS | 4012 | ++DOMWINDOW == 7 (000000EEEA046000) [pid = 3176] [serial = 125] [outer = 000000EEE940A000]
16:27:59     INFO - PROCESS | 4012 | --DOCSHELL 000000EEE940B800 == 2 [pid = 3176] [id = 40]
16:28:05     INFO - PROCESS | 4012 | [Parent 4012] WARNING: pipe error: 109: file c:/builds/moz2_slave/m-esr52-w64-d-0000000000000000/build/src/ipc/chromium/src/chrome/common/ipc_channel_win.cc, line 345
16:28:05     INFO - PROCESS | 4012 | --DOMWINDOW == 6 (000000EEE940C000) [pid = 3176] [serial = 120] [outer = 0000000000000000] [url = http://web-platform.test:8000/WebCryptoAPI/generateKey/failures_AES-KW.worker]
16:28:09     INFO - PROCESS | 4012 | --DOMWINDOW == 5 (000000EEE9411000) [pid = 3176] [serial = 124] [outer = 0000000000000000] [url = about:blank]
16:28:09     INFO - PROCESS | 4012 | --DOMWINDOW == 4 (000000EEEA057000) [pid = 3176] [serial = 122] [outer = 0000000000000000] [url = about:blank]
16:30:50     INFO - PROCESS | 4012 | MARIONETTE LOG: INFO: Timeout fired
16:30:51     INFO - TEST-ERROR | /WebCryptoAPI/generateKey/failures_ECDH.worker | took 180439ms
16:30:51     INFO - TEST-START | /WebCryptoAPI/generateKey/failures_ECDSA.worker
16:30:51     INFO - PROCESS | 4012 | ++DOCSHELL 000000EEE940C000 == 3 [pid = 3176] [id = 42]
16:30:51     INFO - PROCESS | 4012 | ++DOMWINDOW == 5 (000000EEE940C800) [pid = 3176] [serial = 126] [outer = 0000000000000000]
16:30:51     INFO - PROCESS | 4012 | ++DOMWINDOW == 6 (000000EEE9412800) [pid = 3176] [serial = 127] [outer = 000000EEE940C800]
16:30:51     INFO - PROCESS | 4012 | ++DOMWINDOW == 7 (000000EEEA057800) [pid = 3176] [serial = 128] [outer = 000000EEE940C800]
16:30:59     INFO - PROCESS | 4012 | --DOCSHELL 000000EEE9409800 == 2 [pid = 3176] [id = 41]
16:31:05     INFO - PROCESS | 4012 | [Parent 4012] WARNING: pipe error: 109: file c:/builds/moz2_slave/m-esr52-w64-d-0000000000000000/build/src/ipc/chromium/src/chrome/common/ipc_channel_win.cc, line 345
16:31:05     INFO - PROCESS | 4012 | --DOMWINDOW == 6 (000000EEE940A000) [pid = 3176] [serial = 123] [outer = 0000000000000000] [url = http://web-platform.test:8000/WebCryptoAPI/generateKey/failures_ECDH.worker]
16:31:10     INFO - PROCESS | 4012 | --DOMWINDOW == 5 (000000EEE9412800) [pid = 3176] [serial = 127] [outer = 0000000000000000] [url = about:blank]
16:31:10     INFO - PROCESS | 4012 | --DOMWINDOW == 4 (000000EEEA046000) [pid = 3176] [serial = 125] [outer = 0000000000000000] [url = about:blank]
16:33:51     INFO - PROCESS | 4012 | MARIONETTE LOG: INFO: Timeout fired
16:33:51     INFO - TEST-ERROR | /WebCryptoAPI/generateKey/failures_ECDSA.worker | took 180458ms
16:33:51     INFO - TEST-START | /WebCryptoAPI/generateKey/failures_HMAC.worker
16:33:51     INFO - PROCESS | 4012 | ++DOCSHELL 000000EEE940A000 == 3 [pid = 3176] [id = 43]
16:33:51     INFO - PROCESS | 4012 | ++DOMWINDOW == 5 (000000EEE940A800) [pid = 3176] [serial = 129] [outer = 0000000000000000]
16:33:51     INFO - PROCESS | 4012 | ++DOMWINDOW == 6 (000000EEE9411800) [pid = 3176] [serial = 130] [outer = 000000EEE940A800]
16:33:51     INFO - PROCESS | 4012 | ++DOMWINDOW == 7 (000000EEEA046000) [pid = 3176] [serial = 131] [outer = 000000EEE940A800]
16:34:00     INFO - PROCESS | 4012 | --DOCSHELL 000000EEE940C000 == 2 [pid = 3176] [id = 42]
16:34:06     INFO - PROCESS | 4012 | [Parent 4012] WARNING: pipe error: 109: file c:/builds/moz2_slave/m-esr52-w64-d-0000000000000000/build/src/ipc/chromium/src/chrome/common/ipc_channel_win.cc, line 345
16:34:06     INFO - PROCESS | 4012 | --DOMWINDOW == 6 (000000EEE940C800) [pid = 3176] [serial = 126] [outer = 0000000000000000] [url = http://web-platform.test:8000/WebCryptoAPI/generateKey/failures_ECDSA.worker]
16:34:10     INFO - PROCESS | 4012 | --DOMWINDOW == 5 (000000EEE9411800) [pid = 3176] [serial = 130] [outer = 0000000000000000] [url = about:blank]
16:34:10     INFO - PROCESS | 4012 | --DOMWINDOW == 4 (000000EEEA057800) [pid = 3176] [serial = 128] [outer = 0000000000000000] [url = about:blank]
16:36:51     INFO - PROCESS | 4012 | MARIONETTE LOG: INFO: Timeout fired
16:36:51     INFO - TEST-ERROR | /WebCryptoAPI/generateKey/failures_HMAC.worker | took 180408ms
16:36:51     INFO - TEST-START | /WebCryptoAPI/generateKey/failures_RSA-OAEP.worker
16:36:52     INFO - PROCESS | 4012 | ++DOCSHELL 000000EEE9408800 == 3 [pid = 3176] [id = 44]
16:36:52     INFO - PROCESS | 4012 | ++DOMWINDOW == 5 (000000EEE9409000) [pid = 3176] [serial = 132] [outer = 0000000000000000]
16:36:52     INFO - PROCESS | 4012 | ++DOMWINDOW == 6 (000000EEE9412000) [pid = 3176] [serial = 133] [outer = 000000EEE9409000]
16:36:52     INFO - PROCESS | 4012 | ++DOMWINDOW == 7 (000000EEEA057800) [pid = 3176] [serial = 134] [outer = 000000EEE9409000]
16:37:00     INFO - PROCESS | 4012 | --DOCSHELL 000000EEE940A000 == 2 [pid = 3176] [id = 43]
16:37:06     INFO - PROCESS | 4012 | [Parent 4012] WARNING: pipe error: 109: file c:/builds/moz2_slave/m-esr52-w64-d-0000000000000000/build/src/ipc/chromium/src/chrome/common/ipc_channel_win.cc, line 345
16:37:06     INFO - PROCESS | 4012 | --DOMWINDOW == 6 (000000EEE940A800) [pid = 3176] [serial = 129] [outer = 0000000000000000] [url = http://web-platform.test:8000/WebCryptoAPI/generateKey/failures_HMAC.worker]
16:37:11     INFO - PROCESS | 4012 | --DOMWINDOW == 5 (000000EEE9412000) [pid = 3176] [serial = 133] [outer = 0000000000000000] [url = about:blank]
16:37:11     INFO - PROCESS | 4012 | --DOMWINDOW == 4 (000000EEEA046000) [pid = 3176] [serial = 131] [outer = 0000000000000000] [url = about:blank]
16:39:52     INFO - PROCESS | 4012 | MARIONETTE LOG: INFO: Timeout fired
16:39:52     INFO - TEST-ERROR | /WebCryptoAPI/generateKey/failures_RSA-OAEP.worker | took 180375ms
16:39:52     INFO - TEST-START | /WebCryptoAPI/generateKey/failures_RSA-PSS.worker
16:39:52     INFO - PROCESS | 4012 | ++DOCSHELL 000000EEE940A000 == 3 [pid = 3176] [id = 45]
16:39:52     INFO - PROCESS | 4012 | ++DOMWINDOW == 5 (000000EEE940A800) [pid = 3176] [serial = 135] [outer = 0000000000000000]
16:39:52     INFO - PROCESS | 4012 | ++DOMWINDOW == 6 (000000EEE9410800) [pid = 3176] [serial = 136] [outer = 000000EEE940A800]
16:39:52     INFO - PROCESS | 4012 | ++DOMWINDOW == 7 (000000EEEA045000) [pid = 3176] [serial = 137] [outer = 000000EEE940A800]
16:40:01     INFO - PROCESS | 4012 | --DOCSHELL 000000EEE9408800 == 2 [pid = 3176] [id = 44]
16:40:07     INFO - PROCESS | 4012 | [Parent 4012] WARNING: pipe error: 109: file c:/builds/moz2_slave/m-esr52-w64-d-0000000000000000/build/src/ipc/chromium/src/chrome/common/ipc_channel_win.cc, line 345
16:40:07     INFO - PROCESS | 4012 | --DOMWINDOW == 6 (000000EEE9409000) [pid = 3176] [serial = 132] [outer = 0000000000000000] [url = http://web-platform.test:8000/WebCryptoAPI/generateKey/failures_RSA-OAEP.worker]
16:40:11     INFO - PROCESS | 4012 | --DOMWINDOW == 5 (000000EEE9410800) [pid = 3176] [serial = 136] [outer = 0000000000000000] [url = about:blank]
16:40:11     INFO - PROCESS | 4012 | --DOMWINDOW == 4 (000000EEEA057800) [pid = 3176] [serial = 134] [outer = 0000000000000000] [url = about:blank]
16:42:52     INFO - PROCESS | 4012 | MARIONETTE LOG: INFO: Timeout fired
16:42:52     INFO - TEST-ERROR | /WebCryptoAPI/generateKey/failures_RSA-PSS.worker | took 180437ms
16:42:52     INFO - TEST-START | /WebCryptoAPI/generateKey/failures_RSASSA-PKCS1-v1_5.worker
16:42:52     INFO - PROCESS | 4012 | ++DOCSHELL 000000EEE940B800 == 3 [pid = 3176] [id = 46]
16:42:52     INFO - PROCESS | 4012 | ++DOMWINDOW == 5 (000000EEE940C000) [pid = 3176] [serial = 138] [outer = 0000000000000000]
16:42:52     INFO - PROCESS | 4012 | ++DOMWINDOW == 6 (000000EEE9412000) [pid = 3176] [serial = 139] [outer = 000000EEE940C000]
16:42:53     INFO - PROCESS | 4012 | ++DOMWINDOW == 7 (000000EEEA1AB800) [pid = 3176] [serial = 140] [outer = 000000EEE940C000]
16:43:01     INFO - PROCESS | 4012 | --DOCSHELL 000000EEE940A000 == 2 [pid = 3176] [id = 45]
16:43:07     INFO - PROCESS | 4012 | [Parent 4012] WARNING: pipe error: 109: file c:/builds/moz2_slave/m-esr52-w64-d-0000000000000000/build/src/ipc/chromium/src/chrome/common/ipc_channel_win.cc, line 345
16:43:07     INFO - PROCESS | 4012 | --DOMWINDOW == 6 (000000EEE940A800) [pid = 3176] [serial = 135] [outer = 0000000000000000] [url = http://web-platform.test:8000/WebCryptoAPI/generateKey/failures_RSA-PSS.worker]
16:43:11     INFO - PROCESS | 4012 | --DOMWINDOW == 5 (000000EEE9412000) [pid = 3176] [serial = 139] [outer = 0000000000000000] [url = about:blank]
16:43:11     INFO - PROCESS | 4012 | --DOMWINDOW == 4 (000000EEEA045000) [pid = 3176] [serial = 137] [outer = 0000000000000000] [url = about:blank]
16:45:53     INFO - PROCESS | 4012 | MARIONETTE LOG: INFO: Timeout fired
16:45:53     INFO - TEST-ERROR | /WebCryptoAPI/generateKey/failures_RSASSA-PKCS1-v1_5.worker | took 180412ms
16:45:53     INFO - TEST-START | /WebCryptoAPI/generateKey/successes.worker
16:45:53     INFO - PROCESS | 4012 | ++DOCSHELL 000000EEE940A000 == 3 [pid = 3176] [id = 47]
16:45:53     INFO - PROCESS | 4012 | ++DOMWINDOW == 5 (000000EEE940A800) [pid = 3176] [serial = 141] [outer = 0000000000000000]
16:45:53     INFO - PROCESS | 4012 | ++DOMWINDOW == 6 (000000EEE9412800) [pid = 3176] [serial = 142] [outer = 000000EEE940A800]
16:45:53     INFO - PROCESS | 4012 | ++DOMWINDOW == 7 (000000EEEA046000) [pid = 3176] [serial = 143] [outer = 000000EEE940A800]
16:46:01     INFO - PROCESS | 4012 | --DOCSHELL 000000EEE940B800 == 2 [pid = 3176] [id = 46]
16:46:08     INFO - PROCESS | 4012 | [Parent 4012] WARNING: pipe error: 109: file c:/builds/moz2_slave/m-esr52-w64-d-0000000000000000/build/src/ipc/chromium/src/chrome/common/ipc_channel_win.cc, line 345
16:46:08     INFO - PROCESS | 4012 | --DOMWINDOW == 6 (000000EEE940C000) [pid = 3176] [serial = 138] [outer = 0000000000000000] [url = http://web-platform.test:8000/WebCryptoAPI/generateKey/failures_RSASSA-PKCS1-v1_5.worker]
16:46:12     INFO - PROCESS | 4012 | --DOMWINDOW == 5 (000000EEE9412800) [pid = 3176] [serial = 142] [outer = 0000000000000000] [url = about:blank]
16:46:12     INFO - PROCESS | 4012 | --DOMWINDOW == 4 (000000EEEA1AB800) [pid = 3176] [serial = 140] [outer = 0000000000000000] [url = about:blank]
16:46:23     INFO - PROCESS | 4012 | MARIONETTE LOG: INFO: Timeout fired
16:46:23     INFO - TEST-ERROR | /WebCryptoAPI/generateKey/successes.worker | took 30408ms
16:46:23     INFO - TEST-START | /WebCryptoAPI/generateKey/successes_AES-CBC.worker
16:46:23     INFO - PROCESS | 4012 | ++DOCSHELL 000000EEE940B800 == 3 [pid = 3176] [id = 48]
16:46:23     INFO - PROCESS | 4012 | ++DOMWINDOW == 5 (000000EEE940C000) [pid = 3176] [serial = 144] [outer = 0000000000000000]
16:46:23     INFO - PROCESS | 4012 | ++DOMWINDOW == 6 (000000EEE9411000) [pid = 3176] [serial = 145] [outer = 000000EEE940C000]
16:46:23     INFO - PROCESS | 4012 | ++DOMWINDOW == 7 (000000EEEA045000) [pid = 3176] [serial = 146] [outer = 000000EEE940C000]
16:46:32     INFO - PROCESS | 4012 | --DOCSHELL 000000EEE940A000 == 2 [pid = 3176] [id = 47]
16:46:38     INFO - PROCESS | 4012 | [Parent 4012] WARNING: pipe error: 109: file c:/builds/moz2_slave/m-esr52-w64-d-0000000000000000/build/src/ipc/chromium/src/chrome/common/ipc_channel_win.cc, line 345
16:46:38     INFO - PROCESS | 4012 | --DOMWINDOW == 6 (000000EEE940A800) [pid = 3176] [serial = 141] [outer = 0000000000000000] [url = http://web-platform.test:8000/WebCryptoAPI/generateKey/successes.worker]
16:46:42     INFO - PROCESS | 4012 | --DOMWINDOW == 5 (000000EEE9411000) [pid = 3176] [serial = 145] [outer = 0000000000000000] [url = about:blank]
16:46:42     INFO - PROCESS | 4012 | --DOMWINDOW == 4 (000000EEEA046000) [pid = 3176] [serial = 143] [outer = 0000000000000000] [url = about:blank]
16:49:23     INFO - PROCESS | 4012 | MARIONETTE LOG: INFO: Timeout fired
16:49:23     INFO - TEST-ERROR | /WebCryptoAPI/generateKey/successes_AES-CBC.worker | took 180395ms
16:49:23     INFO - TEST-START | /WebCryptoAPI/generateKey/successes_AES-CTR.worker
16:49:24     INFO - PROCESS | 4012 | ++DOCSHELL 000000EEE9409800 == 3 [pid = 3176] [id = 49]
16:49:24     INFO - PROCESS | 4012 | ++DOMWINDOW == 5 (000000EEE940A000) [pid = 3176] [serial = 147] [outer = 0000000000000000]
16:49:24     INFO - PROCESS | 4012 | ++DOMWINDOW == 6 (000000EEE9412800) [pid = 3176] [serial = 148] [outer = 000000EEE940A000]
16:49:24     INFO - PROCESS | 4012 | ++DOMWINDOW == 7 (000000EEEA04E000) [pid = 3176] [serial = 149] [outer = 000000EEE940A000]
16:49:32     INFO - PROCESS | 4012 | --DOCSHELL 000000EEE940B800 == 2 [pid = 3176] [id = 48]
16:49:38     INFO - PROCESS | 4012 | [Parent 4012] WARNING: pipe error: 109: file c:/builds/moz2_slave/m-esr52-w64-d-0000000000000000/build/src/ipc/chromium/src/chrome/common/ipc_channel_win.cc, line 345
16:49:38     INFO - PROCESS | 4012 | --DOMWINDOW == 6 (000000EEE940C000) [pid = 3176] [serial = 144] [outer = 0000000000000000] [url = http://web-platform.test:8000/WebCryptoAPI/generateKey/successes_AES-CBC.worker]
16:49:43     INFO - PROCESS | 4012 | --DOMWINDOW == 5 (000000EEE9412800) [pid = 3176] [serial = 148] [outer = 0000000000000000] [url = about:blank]
16:49:43     INFO - PROCESS | 4012 | --DOMWINDOW == 4 (000000EEEA045000) [pid = 3176] [serial = 146] [outer = 0000000000000000] [url = about:blank]
16:52:24     INFO - PROCESS | 4012 | MARIONETTE LOG: INFO: Timeout fired
16:52:24     INFO - TEST-ERROR | /WebCryptoAPI/generateKey/successes_AES-CTR.worker | took 180363ms
16:52:24     INFO - TEST-START | /WebCryptoAPI/generateKey/successes_AES-GCM.worker
16:52:24     INFO - PROCESS | 4012 | ++DOCSHELL 000000EEE940C000 == 3 [pid = 3176] [id = 50]
16:52:24     INFO - PROCESS | 4012 | ++DOMWINDOW == 5 (000000EEE940C800) [pid = 3176] [serial = 150] [outer = 0000000000000000]
16:52:24     INFO - PROCESS | 4012 | ++DOMWINDOW == 6 (000000EEE9413000) [pid = 3176] [serial = 151] [outer = 000000EEE940C800]
16:52:24     INFO - PROCESS | 4012 | ++DOMWINDOW == 7 (000000EEEA1AB000) [pid = 3176] [serial = 152] [outer = 000000EEE940C800]
16:52:33     INFO - PROCESS | 4012 | --DOCSHELL 000000EEE9409800 == 2 [pid = 3176] [id = 49]
16:52:39     INFO - PROCESS | 4012 | [Parent 4012] WARNING: pipe error: 109: file c:/builds/moz2_slave/m-esr52-w64-d-0000000000000000/build/src/ipc/chromium/src/chrome/common/ipc_channel_win.cc, line 345
16:52:39     INFO - PROCESS | 4012 | --DOMWINDOW == 6 (000000EEE940A000) [pid = 3176] [serial = 147] [outer = 0000000000000000] [url = http://web-platform.test:8000/WebCryptoAPI/generateKey/successes_AES-CTR.worker]
16:52:43     INFO - PROCESS | 4012 | --DOMWINDOW == 5 (000000EEE9413000) [pid = 3176] [serial = 151] [outer = 0000000000000000] [url = about:blank]
16:52:43     INFO - PROCESS | 4012 | --DOMWINDOW == 4 (000000EEEA04E000) [pid = 3176] [serial = 149] [outer = 0000000000000000] [url = about:blank]
16:55:24     INFO - PROCESS | 4012 | MARIONETTE LOG: INFO: Timeout fired
16:55:24     INFO - TEST-ERROR | /WebCryptoAPI/generateKey/successes_AES-GCM.worker | took 180409ms
16:55:24     INFO - TEST-START | /WebCryptoAPI/generateKey/successes_AES-KW.worker
16:55:24     INFO - PROCESS | 4012 | ++DOCSHELL 000000EEE940B000 == 3 [pid = 3176] [id = 51]
16:55:24     INFO - PROCESS | 4012 | ++DOMWINDOW == 5 (000000EEE940B800) [pid = 3176] [serial = 153] [outer = 0000000000000000]
16:55:24     INFO - PROCESS | 4012 | ++DOMWINDOW == 6 (000000EEE9412000) [pid = 3176] [serial = 154] [outer = 000000EEE940B800]
16:55:25     INFO - PROCESS | 4012 | ++DOMWINDOW == 7 (000000EEEA054000) [pid = 3176] [serial = 155] [outer = 000000EEE940B800]
16:55:33     INFO - PROCESS | 4012 | --DOCSHELL 000000EEE940C000 == 2 [pid = 3176] [id = 50]
16:55:39     INFO - PROCESS | 4012 | [Parent 4012] WARNING: pipe error: 109: file c:/builds/moz2_slave/m-esr52-w64-d-0000000000000000/build/src/ipc/chromium/src/chrome/common/ipc_channel_win.cc, line 345
16:55:39     INFO - PROCESS | 4012 | --DOMWINDOW == 6 (000000EEE940C800) [pid = 3176] [serial = 150] [outer = 0000000000000000] [url = http://web-platform.test:8000/WebCryptoAPI/generateKey/successes_AES-GCM.worker]
16:55:44     INFO - PROCESS | 4012 | --DOMWINDOW == 5 (000000EEE9412000) [pid = 3176] [serial = 154] [outer = 0000000000000000] [url = about:blank]
16:55:44     INFO - PROCESS | 4012 | --DOMWINDOW == 4 (000000EEEA1AB000) [pid = 3176] [serial = 152] [outer = 0000000000000000] [url = about:blank]

command interrupted, attempting to kill
program finished with exit code 1
elapsedTime=2883.826000
The web-page 'stop build' button was pressed by 'rvandermeulen@mozilla.com': Cancelled via self-serve
========= master_lag: 0.17 =========
========= Finished 'c:/mozilla-build/python27/python -u ...' interrupted (results: 4, elapsed: 48 mins, 3 secs) (at 2018-06-08 16:58:02.403031) =========

========= Started set props: build_url symbols_url (results: 0, elapsed: 0 secs) (at 2018-06-08 16:58:02.415056) =========
'cmd' '/C' 'for' '%f' 'in' '(*)' 'do' '@type' '%f'
 in dir C:\slave\test\properties (timeout 1200 secs)
 watching logfiles {}
 argv: ['cmd', '/C', 'for', '%f', 'in', '(*)', 'do', '@type', '%f']
 environment:
  ALLUSERSPROFILE=C:\ProgramData
  APPDATA=C:\Users\cltbld.T-W864-IX-061.001\AppData\Roaming
  COMMONPROGRAMFILES=C:\Program Files (x86)\Common Files
  COMMONPROGRAMFILES(X86)=C:\Program Files (x86)\Common Files
  COMMONPROGRAMW6432=C:\Program Files\Common Files
  COMPUTERNAME=T-W864-IX-061
  COMSPEC=C:\windows\system32\cmd.exe
  DCLOCATION=SCL3
  DNSSUFFIX=wintest.releng.scl3.mozilla.com
  FP_NO_HOST_CHECK=NO
  HOMEDRIVE=C:
  HOMEPATH=\Users\cltbld.T-W864-IX-061.001
  KTS_HOME=C:\Program Files\KTS
  KTS_VERSION=1.19c
  LOCALAPPDATA=C:\Users\cltbld.T-W864-IX-061.001\AppData\Local
  LOGONSERVER=\\T-W864-IX-061
  MONDIR=C:\Monitor_config\
  MOZBUILDDIR=C:\mozilla-build\
  NUMBER_OF_PROCESSORS=8
  OS=Windows_NT
  OURDRIVE=C:
  PATH=C:\Program Files (x86)\NVIDIA Corporation\PhysX\Common;C:\windows\system32;C:\windows;C:\windows\System32\Wbem;C:\windows\System32\WindowsPowerShell\v1.0\;C:\mozilla-build\python27;C:\mozilla-build\python27\Scripts;C:\mozilla-build\msys\bin;C:\mozilla-build\vim\vim72;C:\mozilla-build\wget;C:\mozilla-build\info-zip;C:\CoreUtils\bin;C:\mozilla-build\buildbotve\scripts;C:\mozilla-build\hg
  PATHEXT=.COM;.EXE;.BAT;.CMD;.VBS;.VBE;.JS;.JSE;.WSF;.WSH;.MSC
  PROCESSOR_ARCHITECTURE=x86
  PROCESSOR_ARCHITEW6432=AMD64
  PROCESSOR_IDENTIFIER=Intel64 Family 6 Model 30 Stepping 5, GenuineIntel
  PROCESSOR_LEVEL=6
  PROCESSOR_REVISION=1e05
  PROGRAMDATA=C:\ProgramData
  PROGRAMFILES=C:\Program Files (x86)
  PROGRAMFILES(X86)=C:\Program Files (x86)
  PROGRAMW6432=C:\Program Files
  PROMPT=$P$G
  PSMODULEPATH=C:\windows\system32\WindowsPowerShell\v1.0\Modules\
  PUBLIC=C:\Users\Public
  PWD=C:\slave\test\properties
  RUNLOGFILE=C:\slave\\runslave.log
  SLAVEDIR=C:\slave\
  SYSTEMDRIVE=C:
  SYSTEMROOT=C:\windows
  TEMP=C:\Users\CLTBLD~1.001\AppData\Local\Temp
  TEST1=testie
  TMP=C:\Users\CLTBLD~1.001\AppData\Local\Temp
  USERDOMAIN=T-W864-IX-061
  USERDOMAIN_ROAMINGPROFILE=T-W864-IX-061
  USERNAME=cltbld
  USERPROFILE=C:\Users\cltbld.T-W864-IX-061.001
  WINDIR=C:\windows
 using PTY: False
build_url:https://queue.taskcluster.net/v1/task/GYm6uScDR968YNKAqw8dYQ/artifacts/public/build/firefox-52.8.2.en-US.win64.zip
symbols_url:https://queue.taskcluster.net/v1/task/GYm6uScDR968YNKAqw8dYQ/artifacts/public/build/firefox-52.8.2.en-US.win64.crashreporter-symbols.zip
program finished with exit code 0
elapsedTime=0.101000
build_url: 'https://queue.taskcluster.net/v1/task/GYm6uScDR968YNKAqw8dYQ/artifacts/public/build/firefox-52.8.2.en-US.win64.zip'
symbols_url: 'https://queue.taskcluster.net/v1/task/GYm6uScDR968YNKAqw8dYQ/artifacts/public/build/firefox-52.8.2.en-US.win64.crashreporter-symbols.zip'
========= master_lag: 0.01 =========
========= Finished set props: build_url symbols_url (results: 0, elapsed: 0 secs) (at 2018-06-08 16:58:02.527263) =========

========= Started 'rm -f ...' (results: 0, elapsed: 0 secs) (at 2018-06-08 16:58:02.527650) =========
'rm' '-f' 'oauth.txt'
 in dir C:\slave\test\. (timeout 1200 secs)
 watching logfiles {}
 argv: ['rm', '-f', 'oauth.txt']
 environment:
  ALLUSERSPROFILE=C:\ProgramData
  APPDATA=C:\Users\cltbld.T-W864-IX-061.001\AppData\Roaming
  COMMONPROGRAMFILES=C:\Program Files (x86)\Common Files
  COMMONPROGRAMFILES(X86)=C:\Program Files (x86)\Common Files
  COMMONPROGRAMW6432=C:\Program Files\Common Files
  COMPUTERNAME=T-W864-IX-061
  COMSPEC=C:\windows\system32\cmd.exe
  DCLOCATION=SCL3
  DNSSUFFIX=wintest.releng.scl3.mozilla.com
  FP_NO_HOST_CHECK=NO
  HOMEDRIVE=C:
  HOMEPATH=\Users\cltbld.T-W864-IX-061.001
  KTS_HOME=C:\Program Files\KTS
  KTS_VERSION=1.19c
  LOCALAPPDATA=C:\Users\cltbld.T-W864-IX-061.001\AppData\Local
  LOGONSERVER=\\T-W864-IX-061
  MONDIR=C:\Monitor_config\
  MOZBUILDDIR=C:\mozilla-build\
  NUMBER_OF_PROCESSORS=8
  OS=Windows_NT
  OURDRIVE=C:
  PATH=C:\Program Files (x86)\NVIDIA Corporation\PhysX\Common;C:\windows\system32;C:\windows;C:\windows\System32\Wbem;C:\windows\System32\WindowsPowerShell\v1.0\;C:\mozilla-build\python27;C:\mozilla-build\python27\Scripts;C:\mozilla-build\msys\bin;C:\mozilla-build\vim\vim72;C:\mozilla-build\wget;C:\mozilla-build\info-zip;C:\CoreUtils\bin;C:\mozilla-build\buildbotve\scripts;C:\mozilla-build\hg
  PATHEXT=.COM;.EXE;.BAT;.CMD;.VBS;.VBE;.JS;.JSE;.WSF;.WSH;.MSC
  PROCESSOR_ARCHITECTURE=x86
  PROCESSOR_ARCHITEW6432=AMD64
  PROCESSOR_IDENTIFIER=Intel64 Family 6 Model 30 Stepping 5, GenuineIntel
  PROCESSOR_LEVEL=6
  PROCESSOR_REVISION=1e05
  PROGRAMDATA=C:\ProgramData
  PROGRAMFILES=C:\Program Files (x86)
  PROGRAMFILES(X86)=C:\Program Files (x86)
  PROGRAMW6432=C:\Program Files
  PROMPT=$P$G
  PSMODULEPATH=C:\windows\system32\WindowsPowerShell\v1.0\Modules\
  PUBLIC=C:\Users\Public
  PWD=C:\slave\test
  RUNLOGFILE=C:\slave\\runslave.log
  SLAVEDIR=C:\slave\
  SYSTEMDRIVE=C:
  SYSTEMROOT=C:\windows
  TEMP=C:\Users\CLTBLD~1.001\AppData\Local\Temp
  TEST1=testie
  TMP=C:\Users\CLTBLD~1.001\AppData\Local\Temp
  USERDOMAIN=T-W864-IX-061
  USERDOMAIN_ROAMINGPROFILE=T-W864-IX-061
  USERNAME=cltbld
  USERPROFILE=C:\Users\cltbld.T-W864-IX-061.001
  WINDIR=C:\windows
 using PTY: False
program finished with exit code 0
elapsedTime=0.101000
========= master_lag: 0.01 =========
========= Finished 'rm -f ...' (results: 0, elapsed: 0 secs) (at 2018-06-08 16:58:02.638162) =========

========= Started reboot slave lost (results: 0, elapsed: 0 secs) (at 2018-06-08 16:58:02.638494) =========

========= Finished reboot slave lost (results: 0, elapsed: 0 secs) (at 2018-06-08 16:58:02.863501) =========

========= Total master_lag: 0.26 =========

