builder: mozilla-esr52_yosemite_r7-debug_test-marionette-e10s
slave: t-yosemite-r7-0008
starttime: 1528502037.32
results: cancelled (6)
buildid: 20180608150819
builduid: b298b373e93d4f8dbf92436c9ed838a2
revision: cbfdf01aac455e0591471201c96b89dee98190b5

========= Started set props: master (results: 0, elapsed: 0 secs) (at 2018-06-08 16:53:57.319940) =========
master: http://buildbot-master107.bb.releng.scl3.mozilla.com:8201/
========= Finished set props: master (results: 0, elapsed: 0 secs) (at 2018-06-08 16:53:57.320384) =========

========= Started downloading to buildprops.json (results: 0, elapsed: 0 secs) (at 2018-06-08 16:53:57.320667) =========
========= Finished downloading to buildprops.json (results: 0, elapsed: 0 secs) (at 2018-06-08 16:53:57.333013) =========

========= Started 'bash -c ...' (results: 0, elapsed: 0 secs) (at 2018-06-08 16:53:57.333624) =========
bash -c 'wget -Oarchiver_client.py --no-check-certificate --tries=10 --waitretry=3 https://hg.mozilla.org/build/tools/raw-file/default/buildfarm/utils/archiver_client.py'
 in dir /builds/slave/test/. (timeout 1200 secs)
 watching logfiles {}
 argv: ['bash', '-c', 'wget -Oarchiver_client.py --no-check-certificate --tries=10 --waitretry=3 https://hg.mozilla.org/build/tools/raw-file/default/buildfarm/utils/archiver_client.py']
 environment:
  Apple_PubSub_Socket_Render=/private/tmp/com.apple.launchd.GD21awncaw/Render
  GIT_SHARE_BASE_DIR=/builds/git-shared
  HG_SHARE_BASE_DIR=/builds/hg-shared
  HOME=/Users/cltbld
  IDLEIZER_DISABLE_SHUTDOWN=true
  LOGNAME=cltbld
  PATH=/usr/local/sbin:/usr/local/bin:/usr/sbin:/usr/bin:/sbin:/bin:/usr/bin/X11
  PWD=/builds/slave/test
  RUNNER_CONFIG_CMD=/opt/runner/bin/python2.7 /opt/runner/bin/runner -c /opt/runner/runner.cfg
  SHELL=/bin/bash
  SSH_AUTH_SOCK=/private/tmp/com.apple.launchd.HuneRqluoD/Listeners
  TMPDIR=/var/folders/6j/h2_l2tgj0h5b111_ddr5tl_h00000w/T/
  TWISTD_LOG_PATH=/builds/slave/twistd.log
  USER=cltbld
  VERSIONER_PYTHON_PREFER_32_BIT=no
  VERSIONER_PYTHON_VERSION=2.7
  XPC_FLAGS=0x0
  XPC_SERVICE_NAME=0
  __CF_USER_TEXT_ENCODING=0x1C:0:0
 using PTY: False
--2018-06-08 16:53:57--  https://hg.mozilla.org/build/tools/raw-file/default/buildfarm/utils/archiver_client.py
Resolving hg.mozilla.org... 63.245.215.25, 63.245.215.102
Connecting to hg.mozilla.org|63.245.215.25|:443... connected.
HTTP request sent, awaiting response... 200 Script output follows
Length: 12179 (12K) [text/x-python]
Saving to: 'archiver_client.py'

     0K .......... .                                          100%  153M=0s

2018-06-08 16:53:57 (153 MB/s) - 'archiver_client.py' saved [12179/12179]

program finished with exit code 0
elapsedTime=0.087948
========= master_lag: 0.01 =========
========= Finished 'bash -c ...' (results: 0, elapsed: 0 secs) (at 2018-06-08 16:53:57.433483) =========

========= Started 'rm -rf ...' (results: 0, elapsed: 0 secs) (at 2018-06-08 16:53:57.433822) =========
rm -rf scripts properties
 in dir /builds/slave/test/. (timeout 1200 secs)
 watching logfiles {}
 argv: ['rm', '-rf', 'scripts', 'properties']
 environment:
  Apple_PubSub_Socket_Render=/private/tmp/com.apple.launchd.GD21awncaw/Render
  GIT_SHARE_BASE_DIR=/builds/git-shared
  HG_SHARE_BASE_DIR=/builds/hg-shared
  HOME=/Users/cltbld
  IDLEIZER_DISABLE_SHUTDOWN=true
  LOGNAME=cltbld
  PATH=/usr/local/sbin:/usr/local/bin:/usr/sbin:/usr/bin:/sbin:/bin:/usr/bin/X11
  PWD=/builds/slave/test
  RUNNER_CONFIG_CMD=/opt/runner/bin/python2.7 /opt/runner/bin/runner -c /opt/runner/runner.cfg
  SHELL=/bin/bash
  SSH_AUTH_SOCK=/private/tmp/com.apple.launchd.HuneRqluoD/Listeners
  TMPDIR=/var/folders/6j/h2_l2tgj0h5b111_ddr5tl_h00000w/T/
  TWISTD_LOG_PATH=/builds/slave/twistd.log
  USER=cltbld
  VERSIONER_PYTHON_PREFER_32_BIT=no
  VERSIONER_PYTHON_VERSION=2.7
  XPC_FLAGS=0x0
  XPC_SERVICE_NAME=0
  __CF_USER_TEXT_ENCODING=0x1C:0:0
 using PTY: False
program finished with exit code 0
elapsedTime=0.022344
========= master_lag: 0.03 =========
========= Finished 'rm -rf ...' (results: 0, elapsed: 0 secs) (at 2018-06-08 16:53:57.482345) =========

========= Started 'bash -c ...' (results: 0, elapsed: 2 secs) (at 2018-06-08 16:53:57.482974) =========
bash -c 'python archiver_client.py mozharness --repo releases/mozilla-esr52 --rev cbfdf01aac455e0591471201c96b89dee98190b5 --destination scripts --debug'
 in dir /builds/slave/test/. (timeout 1200 secs)
 watching logfiles {}
 argv: ['bash', '-c', u'python archiver_client.py mozharness --repo releases/mozilla-esr52 --rev cbfdf01aac455e0591471201c96b89dee98190b5 --destination scripts --debug']
 environment:
  Apple_PubSub_Socket_Render=/private/tmp/com.apple.launchd.GD21awncaw/Render
  GIT_SHARE_BASE_DIR=/builds/git-shared
  HG_SHARE_BASE_DIR=/builds/hg-shared
  HOME=/Users/cltbld
  IDLEIZER_DISABLE_SHUTDOWN=true
  LOGNAME=cltbld
  PATH=/usr/local/sbin:/usr/local/bin:/usr/sbin:/usr/bin:/sbin:/bin:/usr/bin/X11
  PWD=/builds/slave/test
  RUNNER_CONFIG_CMD=/opt/runner/bin/python2.7 /opt/runner/bin/runner -c /opt/runner/runner.cfg
  SHELL=/bin/bash
  SSH_AUTH_SOCK=/private/tmp/com.apple.launchd.HuneRqluoD/Listeners
  TMPDIR=/var/folders/6j/h2_l2tgj0h5b111_ddr5tl_h00000w/T/
  TWISTD_LOG_PATH=/builds/slave/twistd.log
  USER=cltbld
  VERSIONER_PYTHON_PREFER_32_BIT=no
  VERSIONER_PYTHON_VERSION=2.7
  XPC_FLAGS=0x0
  XPC_SERVICE_NAME=0
  __CF_USER_TEXT_ENCODING=0x1C:0:0
 using PTY: False
2018-06-08 16:53:57,554 truncating revision to first 12 chars
2018-06-08 16:53:57,554 Setting DEBUG logging.
2018-06-08 16:53:57,554 attempt 1/10
2018-06-08 16:53:57,554 Getting archive location from https://api.pub.build.mozilla.org/archiver/hgmo/releases/mozilla-esr52/cbfdf01aac45?&preferred_region=us-west-2&suffix=tar.gz&subdir=testing/mozharness
2018-06-08 16:53:59,808 unpacking tar archive at: mozilla-esr52-cbfdf01aac45/testing/mozharness/
program finished with exit code 0
elapsedTime=2.658776
========= master_lag: 0.01 =========
========= Finished 'bash -c ...' (results: 0, elapsed: 2 secs) (at 2018-06-08 16:54:00.155022) =========

========= Started set props: script_repo_revision (results: 0, elapsed: 0 secs) (at 2018-06-08 16:54:00.155390) =========
script_repo_revision: cbfdf01aac455e0591471201c96b89dee98190b5
========= Finished set props: script_repo_revision (results: 0, elapsed: 0 secs) (at 2018-06-08 16:54:00.155876) =========

========= Started downloading to oauth.txt (results: 0, elapsed: 0 secs) (at 2018-06-08 16:54:00.156160) =========
========= Finished downloading to oauth.txt (results: 0, elapsed: 0 secs) (at 2018-06-08 16:54:00.165154) =========

========= Started '/tools/buildbot/bin/python -u ...' interrupted (results: 4, elapsed: 2 mins, 52 secs) (at 2018-06-08 16:54:00.165607) =========
/tools/buildbot/bin/python -u scripts/scripts/marionette.py --cfg marionette/prod_config.py --e10s --blob-upload-branch mozilla-esr52
 in dir /builds/slave/test/. (timeout 1800 secs) (maxTime 7200 secs)
 watching logfiles {}
 argv: ['/tools/buildbot/bin/python', '-u', 'scripts/scripts/marionette.py', '--cfg', 'marionette/prod_config.py', '--e10s', '--blob-upload-branch', 'mozilla-esr52']
 environment:
  Apple_PubSub_Socket_Render=/private/tmp/com.apple.launchd.GD21awncaw/Render
  GIT_SHARE_BASE_DIR=/builds/git-shared
  HG_SHARE_BASE_DIR=/builds/hg-shared
  HOME=/Users/cltbld
  IDLEIZER_DISABLE_SHUTDOWN=true
  LOGNAME=cltbld
  MOZ_HIDE_RESULTS_TABLE=1
  MOZ_NODE_PATH=/usr/local/bin/node
  MOZ_NO_REMOTE=1
  NO_EM_RESTART=1
  NO_FAIL_ON_TEST_ERRORS=1
  PATH=/usr/local/sbin:/usr/local/bin:/usr/sbin:/usr/bin:/sbin:/bin:/usr/bin/X11
  PROPERTIES_FILE=/builds/slave/test/buildprops.json
  PWD=/builds/slave/test
  RUNNER_CONFIG_CMD=/opt/runner/bin/python2.7 /opt/runner/bin/runner -c /opt/runner/runner.cfg
  SHELL=/bin/bash
  SSH_AUTH_SOCK=/private/tmp/com.apple.launchd.HuneRqluoD/Listeners
  TMPDIR=/var/folders/6j/h2_l2tgj0h5b111_ddr5tl_h00000w/T/
  TWISTD_LOG_PATH=/builds/slave/twistd.log
  USER=cltbld
  VERSIONER_PYTHON_PREFER_32_BIT=no
  VERSIONER_PYTHON_VERSION=2.7
  XPCOM_DEBUG_BREAK=warn
  XPC_FLAGS=0x0
  XPC_SERVICE_NAME=0
  __CF_USER_TEXT_ENCODING=0x1C:0:0
 using PTY: False
16:54:00     INFO - MultiFileLogger online at 20180608 16:54:00 in /builds/slave/test
16:54:00     INFO - Run as scripts/scripts/marionette.py --cfg marionette/prod_config.py --e10s --blob-upload-branch mozilla-esr52
16:54:00     INFO - Dumping config to /builds/slave/test/logs/localconfig.json.
16:54:00     INFO - {'allow_software_gl_layers': False,
16:54:00     INFO -  'append_to_log': False,
16:54:00     INFO -  'base_work_dir': '/builds/slave/test',
16:54:00     INFO -  'blob_upload_branch': 'mozilla-esr52',
16:54:00     INFO -  'blob_uploader_auth_file': '/builds/slave/test/oauth.txt',
16:54:00     INFO -  'buildbot_json_path': 'buildprops.json',
16:54:00     INFO -  'config_files': ('marionette/prod_config.py',),
16:54:00     INFO -  'default_actions': ('clobber',
16:54:00     INFO -                      'read-buildbot-config',
16:54:00     INFO -                      'download-and-extract',
16:54:00     INFO -                      'create-virtualenv',
16:54:00     INFO -                      'install',
16:54:00     INFO -                      'run-tests'),
16:54:00     INFO -  'default_blob_upload_servers': ('https://blobupload.elasticbeanstalk.com',),
16:54:00     INFO -  'download_minidump_stackwalk': True,
16:54:00     INFO -  'download_symbols': 'ondemand',
16:54:00     INFO -  'e10s': True,
16:54:00     INFO -  'exes': {'python': '/tools/buildbot/bin/python',
16:54:00     INFO -           'tooltool.py': '/tools/tooltool.py',
16:54:00     INFO -           'virtualenv': ('/tools/buildbot/bin/python',
16:54:00     INFO -                          '/tools/misc-python/virtualenv.py')},
16:54:00     INFO -  'find_links': ('http://pypi.pvt.build.mozilla.org/pub',
16:54:00     INFO -                 'http://pypi.pub.build.mozilla.org/pub'),
16:54:00     INFO -  'log_level': 'info',
16:54:00     INFO -  'log_to_console': True,
16:54:00     INFO -  'marionette_address': 'localhost:2828',
16:54:00     INFO -  'opt_config_files': (),
16:54:00     INFO -  'pip_index': False,
16:54:00     INFO -  'require_test_zip': True,
16:54:00     INFO -  'structured_output': True,
16:54:00     INFO -  'suite_definitions': {'marionette_desktop': {'options': ('--log-raw=%(raw_log_file)s',
16:54:00     INFO -                                                           '--log-errorsummary=%(error_summary_file)s',
16:54:00     INFO -                                                           '--log-html=%(html_report_file)s',
16:54:00     INFO -                                                           '--binary=%(binary)s',
16:54:00     INFO -                                                           '--address=%(address)s',
16:54:00     INFO -                                                           '--symbols-path=%(symbols_path)s'),
16:54:00     INFO -                                               'run_filename': '',
16:54:00     INFO -                                               'testsdir': ''}},
16:54:00     INFO -  'test_manifest': 'unit-tests.ini',
16:54:00     INFO -  'tooltool_cache': '/builds/tooltool_cache',
16:54:00     INFO -  'vcs_share_base': '/builds/hg-shared',
16:54:00     INFO -  'virtualenv_path': 'venv',
16:54:00     INFO -  'volatile_config': {'actions': None, 'add_actions': None, 'no_actions': None},
16:54:00     INFO -  'work_dir': 'build'}
16:54:00     INFO - [mozharness: 2018-06-08 23:54:00.362187Z] Running clobber step.
16:54:00     INFO - Running pre-action listener: _resource_record_pre_action
16:54:00     INFO - Running main action method: clobber
16:54:00     INFO - rmtree: /builds/slave/test/build
16:54:00     INFO - retry: Calling rmtree with args: ('/builds/slave/test/build',), kwargs: {}, attempt #1
16:54:01     INFO - Running post-action listener: _resource_record_post_action
16:54:01     INFO - [mozharness: 2018-06-08 23:54:01.973744Z] Finished clobber step (success)
16:54:01     INFO - [mozharness: 2018-06-08 23:54:01.973897Z] Running read-buildbot-config step.
16:54:01     INFO - Running pre-action listener: _resource_record_pre_action
16:54:01     INFO - Running main action method: read_buildbot_config
16:54:01     INFO - Using buildbot properties:
16:54:01     INFO - {
16:54:01     INFO -     "project": "", 
16:54:01     INFO -     "product": "firefox", 
16:54:01     INFO -     "script_repo_revision": "production", 
16:54:01     INFO -     "scheduler": "tests-mozilla-esr52-yosemite_r7-debug-unittest", 
16:54:01     INFO -     "repository": "", 
16:54:01     INFO -     "buildername": "Rev7 MacOSX Yosemite 10.10.5 mozilla-esr52 debug test marionette-e10s", 
16:54:01     INFO -     "buildid": "20180608150819", 
16:54:01     INFO -     "pgo_build": "False", 
16:54:01     INFO -     "basedir": "/builds/slave/test", 
16:54:01     INFO -     "buildnumber": 34, 
16:54:01     INFO -     "slavename": "t-yosemite-r7-0008", 
16:54:01     INFO -     "master": "http://buildbot-master107.bb.releng.scl3.mozilla.com:8201/", 
16:54:01     INFO -     "platform": "macosx64", 
16:54:01     INFO -     "branch": "mozilla-esr52", 
16:54:01     INFO -     "revision": "cbfdf01aac455e0591471201c96b89dee98190b5", 
16:54:01     INFO -     "repo_path": "releases/mozilla-esr52", 
16:54:01     INFO -     "moz_repo_path": "", 
16:54:01     INFO -     "stage_platform": "macosx64", 
16:54:01     INFO -     "builduid": "b298b373e93d4f8dbf92436c9ed838a2", 
16:54:01     INFO -     "slavebuilddir": "test"
16:54:01     INFO - }
16:54:01     INFO - Found installer url https://queue.taskcluster.net/v1/task/cbf86eh2SwWGC1LFFrbavg/artifacts/public/build/firefox-52.8.2.en-US.mac64.dmg.
16:54:01     INFO - Found a test packages url https://queue.taskcluster.net/v1/task/cbf86eh2SwWGC1LFFrbavg/artifacts/public/build/firefox-52.8.2.en-US.mac64.test_packages.json.
16:54:01     INFO - Running post-action listener: _resource_record_post_action
16:54:01     INFO - [mozharness: 2018-06-08 23:54:01.977198Z] Finished read-buildbot-config step (success)
16:54:01     INFO - [mozharness: 2018-06-08 23:54:01.977288Z] Skipping pull step.
16:54:01     INFO - [mozharness: 2018-06-08 23:54:01.977389Z] Running download-and-extract step.
16:54:01     INFO - Running pre-action listener: _resource_record_pre_action
16:54:01     INFO - Running main action method: download_and_extract
16:54:01     INFO - mkdir: /builds/slave/test/build/tests
16:54:01     INFO - Downloading https://queue.taskcluster.net/v1/task/cbf86eh2SwWGC1LFFrbavg/artifacts/public/build/firefox-52.8.2.en-US.mac64.test_packages.json to /builds/slave/test/build/firefox-52.8.2.en-US.mac64.test_packages.json
16:54:01     INFO - retry: Calling _download_file with args: (), kwargs: {'url': 'https://queue.taskcluster.net/v1/task/cbf86eh2SwWGC1LFFrbavg/artifacts/public/build/firefox-52.8.2.en-US.mac64.test_packages.json', 'file_name': '/builds/slave/test/build/firefox-52.8.2.en-US.mac64.test_packages.json'}, attempt #1
16:54:03     INFO - Downloaded 1235 bytes.
16:54:03     INFO - Reading from file /builds/slave/test/build/firefox-52.8.2.en-US.mac64.test_packages.json
16:54:03     INFO - Using the following test package requirements:
16:54:03     INFO - {u'common': [u'firefox-52.8.2.en-US.mac64.common.tests.zip'],
16:54:03     INFO -  u'cppunittest': [u'firefox-52.8.2.en-US.mac64.common.tests.zip',
16:54:03     INFO -                   u'firefox-52.8.2.en-US.mac64.cppunittest.tests.zip'],
16:54:03     INFO -  u'gtest': [u'firefox-52.8.2.en-US.mac64.common.tests.zip',
16:54:03     INFO -             u'firefox-52.8.2.en-US.mac64.gtest.tests.zip'],
16:54:03     INFO -  u'jittest': [u'firefox-52.8.2.en-US.mac64.common.tests.zip',
16:54:03     INFO -               u'jsshell-mac64.zip'],
16:54:03     INFO -  u'mochitest': [u'firefox-52.8.2.en-US.mac64.common.tests.zip',
16:54:03     INFO -                 u'firefox-52.8.2.en-US.mac64.mochitest.tests.zip'],
16:54:03     INFO -  u'mozbase': [u'firefox-52.8.2.en-US.mac64.common.tests.zip'],
16:54:03     INFO -  u'reftest': [u'firefox-52.8.2.en-US.mac64.common.tests.zip',
16:54:03     INFO -               u'firefox-52.8.2.en-US.mac64.reftest.tests.zip'],
16:54:03     INFO -  u'talos': [u'firefox-52.8.2.en-US.mac64.common.tests.zip',
16:54:03     INFO -             u'firefox-52.8.2.en-US.mac64.talos.tests.zip'],
16:54:03     INFO -  u'web-platform': [u'firefox-52.8.2.en-US.mac64.common.tests.zip',
16:54:03     INFO -                    u'firefox-52.8.2.en-US.mac64.web-platform.tests.zip'],
16:54:03     INFO -  u'xpcshell': [u'firefox-52.8.2.en-US.mac64.common.tests.zip',
16:54:03     INFO -                u'firefox-52.8.2.en-US.mac64.xpcshell.tests.zip']}
16:54:03     INFO - Downloading packages: [u'firefox-52.8.2.en-US.mac64.common.tests.zip'] for test suite category: common
16:54:03     INFO - Downloading and extracting to /builds/slave/test/build/tests these dirs * from https://queue.taskcluster.net/v1/task/cbf86eh2SwWGC1LFFrbavg/artifacts/public/build/firefox-52.8.2.en-US.mac64.common.tests.zip
16:54:03     INFO - retry: Calling fetch_url_into_memory with args: (), kwargs: {'url': u'https://queue.taskcluster.net/v1/task/cbf86eh2SwWGC1LFFrbavg/artifacts/public/build/firefox-52.8.2.en-US.mac64.common.tests.zip'}, attempt #1
16:54:03     INFO - Fetch https://queue.taskcluster.net/v1/task/cbf86eh2SwWGC1LFFrbavg/artifacts/public/build/firefox-52.8.2.en-US.mac64.common.tests.zip into memory
16:54:03     INFO - Http code: 200
16:54:03     INFO - via: 1.1 f0ef92e52918ab5129ebd66f2f633cbb.cloudfront.net (CloudFront)
16:54:03     INFO - x-amz-cf-id: kUOQDljB__bp0jrjQvx00_4AhFf-fS-vJlnJrj4PHhiRIwNWhm1DSQ==
16:54:03     INFO - x-amz-version-id: 6Jp1IEhXNpFL3rVBw5YlstF2WLb650Xv
16:54:03     INFO - Expected file size: 16096421
16:54:03     INFO - Obtained file size: 16096421
16:54:10     INFO - Downloading https://queue.taskcluster.net/v1/task/cbf86eh2SwWGC1LFFrbavg/artifacts/public/build/firefox-52.8.2.en-US.mac64.dmg to /builds/slave/test/build/firefox-52.8.2.en-US.mac64.dmg
16:54:10     INFO - retry: Calling _download_file with args: (), kwargs: {'url': 'https://queue.taskcluster.net/v1/task/cbf86eh2SwWGC1LFFrbavg/artifacts/public/build/firefox-52.8.2.en-US.mac64.dmg', 'file_name': '/builds/slave/test/build/firefox-52.8.2.en-US.mac64.dmg'}, attempt #1
16:54:13     INFO - Downloaded 75547823 bytes.
16:54:13     INFO - Setting buildbot property build_url to https://queue.taskcluster.net/v1/task/cbf86eh2SwWGC1LFFrbavg/artifacts/public/build/firefox-52.8.2.en-US.mac64.dmg
16:54:13     INFO - mkdir: /builds/slave/test/properties
16:54:13     INFO - Writing buildbot properties ['build_url'] to /builds/slave/test/properties/build_url
16:54:13     INFO - Writing to file /builds/slave/test/properties/build_url
16:54:13     INFO - Contents:
16:54:13     INFO -  build_url:https://queue.taskcluster.net/v1/task/cbf86eh2SwWGC1LFFrbavg/artifacts/public/build/firefox-52.8.2.en-US.mac64.dmg
16:54:13     INFO - Running post-action listener: _resource_record_post_action
16:54:13     INFO - Running post-action listener: set_extra_try_arguments
16:54:13     INFO - [mozharness: 2018-06-08 23:54:13.555858Z] Finished download-and-extract step (success)
16:54:13     INFO - [mozharness: 2018-06-08 23:54:13.555987Z] Running create-virtualenv step.
16:54:13     INFO - Running pre-action listener: _configure_marionette_virtualenv
16:54:13     INFO - Running pre-action listener: _resource_record_pre_action
16:54:13     INFO - Running main action method: create_virtualenv
16:54:13     INFO - Creating virtualenv /builds/slave/test/build/venv
16:54:13     INFO - Running command: ['/tools/buildbot/bin/python', '/builds/slave/test/scripts/external_tools/virtualenv/virtualenv.py', '--always-copy', '/builds/slave/test/build/venv'] in /builds/slave/test/build
16:54:13     INFO - Copy/paste: /tools/buildbot/bin/python /builds/slave/test/scripts/external_tools/virtualenv/virtualenv.py --always-copy /builds/slave/test/build/venv
16:54:13     INFO - Using partial env: {'VIRTUALENV_NO_DOWNLOAD': '1'}
16:54:13     INFO -  Using real prefix '/tools/python27'
16:54:13     INFO -  New python executable in /builds/slave/test/build/venv/bin/python
16:54:15     INFO -  Installing setuptools, pip, wheel...done.
16:54:15     INFO - Return code: 0
16:54:15     INFO - Installing psutil>=3.1.1 into virtualenv /builds/slave/test/build/venv
16:54:15     INFO - retry: Calling run_command with args: [['/builds/slave/test/build/venv/bin/pip', 'install', '--timeout', '120', '--no-index', '--find-links', 'http://pypi.pvt.build.mozilla.org/pub', '--find-links', 'http://pypi.pub.build.mozilla.org/pub', '--trusted-host', 'pypi.pub.build.mozilla.org', '--trusted-host', 'pypi.pvt.build.mozilla.org', 'psutil>=3.1.1']], kwargs: {'error_level': 'warning', 'error_list': [{'substr': 'not found or a compiler error:', 'level': 'warning'}, {'regex': <_sre.SRE_Pattern object at 0x1007eb7b0>, 'level': 'error'}, {'regex': <_sre.SRE_Pattern object at 0x1007cd228>, 'level': 'warning'}, {'regex': <_sre.SRE_Pattern object at 0x7ffd72558f40>, 'level': 'debug'}, {'substr': 'command not found', 'level': 'error'}, {'regex': <_sre.SRE_Pattern object at 0x1007ec030>, 'level': 'warning'}, {'substr': 'Traceback (most recent call last)', 'level': 'error'}, {'substr': 'SyntaxError: ', 'level': 'error'}, {'substr': 'TypeError: ', 'level': 'error'}, {'substr': 'NameError: ', 'level': 'error'}, {'substr': 'ZeroDivisionError: ', 'level': 'error'}, {'regex': <_sre.SRE_Pattern object at 0x1006abcd8>, 'level': 'critical'}, {'regex': <_sre.SRE_Pattern object at 0x1006d8a58>, 'level': 'critical'}], 'cwd': '/builds/slave/test/build', 'env': {'VERSIONER_PYTHON_PREFER_32_BIT': 'no', 'LOGNAME': 'cltbld', 'USER': 'cltbld', 'XPC_SERVICE_NAME': '0', 'PATH': '/usr/local/sbin:/usr/local/bin:/usr/sbin:/usr/bin:/sbin:/bin:/usr/bin/X11', 'HOME': '/Users/cltbld', 'NO_EM_RESTART': '1', 'IDLEIZER_DISABLE_SHUTDOWN': 'true', 'XPCOM_DEBUG_BREAK': 'warn', 'Apple_PubSub_Socket_Render': '/private/tmp/com.apple.launchd.GD21awncaw/Render', 'MOZ_NODE_PATH': '/usr/local/bin/node', 'TWISTD_LOG_PATH': '/builds/slave/twistd.log', 'GIT_SHARE_BASE_DIR': '/builds/git-shared', 'VERSIONER_PYTHON_VERSION': '2.7', 'XPC_FLAGS': '0x0', 'NO_FAIL_ON_TEST_ERRORS': '1', 'HG_SHARE_BASE_DIR': '/builds/hg-shared', 'RUNNER_CONFIG_CMD': '/opt/runner/bin/python2.7 /opt/runner/bin/runner -c /opt/runner/runner.cfg', 'MOZ_NO_REMOTE': '1', 'MOZ_HIDE_RESULTS_TABLE': '1', 'SSH_AUTH_SOCK': '/private/tmp/com.apple.launchd.HuneRqluoD/Listeners', 'SHELL': '/bin/bash', 'TMPDIR': '/var/folders/6j/h2_l2tgj0h5b111_ddr5tl_h00000w/T/', '__CF_USER_TEXT_ENCODING': '0x1C:0:0', 'PWD': '/builds/slave/test', 'PROPERTIES_FILE': '/builds/slave/test/buildprops.json'}}, attempt #1
16:54:15     INFO - Running command: ['/builds/slave/test/build/venv/bin/pip', 'install', '--timeout', '120', '--no-index', '--find-links', 'http://pypi.pvt.build.mozilla.org/pub', '--find-links', 'http://pypi.pub.build.mozilla.org/pub', '--trusted-host', 'pypi.pub.build.mozilla.org', '--trusted-host', 'pypi.pvt.build.mozilla.org', 'psutil>=3.1.1'] in /builds/slave/test/build
16:54:15     INFO - Copy/paste: /builds/slave/test/build/venv/bin/pip install --timeout 120 --no-index --find-links http://pypi.pvt.build.mozilla.org/pub --find-links http://pypi.pub.build.mozilla.org/pub --trusted-host pypi.pub.build.mozilla.org --trusted-host pypi.pvt.build.mozilla.org psutil>=3.1.1
16:54:15     INFO - Using env: {'Apple_PubSub_Socket_Render': '/private/tmp/com.apple.launchd.GD21awncaw/Render',
16:54:15     INFO -  'GIT_SHARE_BASE_DIR': '/builds/git-shared',
16:54:15     INFO -  'HG_SHARE_BASE_DIR': '/builds/hg-shared',
16:54:15     INFO -  'HOME': '/Users/cltbld',
16:54:15     INFO -  'IDLEIZER_DISABLE_SHUTDOWN': 'true',
16:54:15     INFO -  'LOGNAME': 'cltbld',
16:54:15     INFO -  'MOZ_HIDE_RESULTS_TABLE': '1',
16:54:15     INFO -  'MOZ_NODE_PATH': '/usr/local/bin/node',
16:54:15     INFO -  'MOZ_NO_REMOTE': '1',
16:54:15     INFO -  'NO_EM_RESTART': '1',
16:54:15     INFO -  'NO_FAIL_ON_TEST_ERRORS': '1',
16:54:15     INFO -  'PATH': '/usr/local/sbin:/usr/local/bin:/usr/sbin:/usr/bin:/sbin:/bin:/usr/bin/X11',
16:54:15     INFO -  'PROPERTIES_FILE': '/builds/slave/test/buildprops.json',
16:54:15     INFO -  'PWD': '/builds/slave/test',
16:54:15     INFO -  'RUNNER_CONFIG_CMD': '/opt/runner/bin/python2.7 /opt/runner/bin/runner -c /opt/runner/runner.cfg',
16:54:15     INFO -  'SHELL': '/bin/bash',
16:54:15     INFO -  'SSH_AUTH_SOCK': '/private/tmp/com.apple.launchd.HuneRqluoD/Listeners',
16:54:15     INFO -  'TMPDIR': '/var/folders/6j/h2_l2tgj0h5b111_ddr5tl_h00000w/T/',
16:54:15     INFO -  'TWISTD_LOG_PATH': '/builds/slave/twistd.log',
16:54:15     INFO -  'USER': 'cltbld',
16:54:15     INFO -  'VERSIONER_PYTHON_PREFER_32_BIT': 'no',
16:54:15     INFO -  'VERSIONER_PYTHON_VERSION': '2.7',
16:54:15     INFO -  'XPCOM_DEBUG_BREAK': 'warn',
16:54:15     INFO -  'XPC_FLAGS': '0x0',
16:54:15     INFO -  'XPC_SERVICE_NAME': '0',
16:54:15     INFO -  '__CF_USER_TEXT_ENCODING': '0x1C:0:0'}
16:54:16     INFO -  Ignoring indexes: https://pypi.python.org/simple
16:54:16     INFO -  Collecting psutil>=3.1.1
16:54:16     INFO -  /builds/slave/test/build/venv/lib/python2.7/site-packages/pip/_vendor/requests/packages/urllib3/util/ssl_.py:318: SNIMissingWarning: An HTTPS request has been made, but the SNI (Subject Name Indication) extension to TLS is not available on this platform. This may cause the server to present an incorrect TLS certificate, which can cause validation failures. You can upgrade to a newer version of Python to solve this. For more information, see https://urllib3.readthedocs.org/en/latest/security.html#snimissingwarning.
16:54:16     INFO -    SNIMissingWarning
16:54:16     INFO -  /builds/slave/test/build/venv/lib/python2.7/site-packages/pip/_vendor/requests/packages/urllib3/util/ssl_.py:122: InsecurePlatformWarning: A true SSLContext object is not available. This prevents urllib3 from configuring SSL appropriately and may cause certain SSL connections to fail. You can upgrade to a newer version of Python to solve this. For more information, see https://urllib3.readthedocs.org/en/latest/security.html#insecureplatformwarning.
16:54:16     INFO -    InsecurePlatformWarning
16:54:17     INFO -  /builds/slave/test/build/venv/lib/python2.7/site-packages/pip/_vendor/requests/packages/urllib3/util/ssl_.py:122: InsecurePlatformWarning: A true SSLContext object is not available. This prevents urllib3 from configuring SSL appropriately and may cause certain SSL connections to fail. You can upgrade to a newer version of Python to solve this. For more information, see https://urllib3.readthedocs.org/en/latest/security.html#insecureplatformwarning.
16:54:17     INFO -    InsecurePlatformWarning
16:54:19     INFO -  Installing collected packages: psutil
16:54:19     INFO -  Successfully installed psutil-5.4.3
16:54:19     INFO - Return code: 0
16:54:19     INFO - Installing mozsystemmonitor==0.3 into virtualenv /builds/slave/test/build/venv
16:54:19     INFO - retry: Calling run_command with args: [['/builds/slave/test/build/venv/bin/pip', 'install', '--timeout', '120', '--no-index', '--find-links', 'http://pypi.pvt.build.mozilla.org/pub', '--find-links', 'http://pypi.pub.build.mozilla.org/pub', '--trusted-host', 'pypi.pub.build.mozilla.org', '--trusted-host', 'pypi.pvt.build.mozilla.org', 'mozsystemmonitor==0.3']], kwargs: {'error_level': 'warning', 'error_list': [{'substr': 'not found or a compiler error:', 'level': 'warning'}, {'regex': <_sre.SRE_Pattern object at 0x1007eb7b0>, 'level': 'error'}, {'regex': <_sre.SRE_Pattern object at 0x1007cd228>, 'level': 'warning'}, {'regex': <_sre.SRE_Pattern object at 0x7ffd72558f40>, 'level': 'debug'}, {'substr': 'command not found', 'level': 'error'}, {'regex': <_sre.SRE_Pattern object at 0x1007ec030>, 'level': 'warning'}, {'substr': 'Traceback (most recent call last)', 'level': 'error'}, {'substr': 'SyntaxError: ', 'level': 'error'}, {'substr': 'TypeError: ', 'level': 'error'}, {'substr': 'NameError: ', 'level': 'error'}, {'substr': 'ZeroDivisionError: ', 'level': 'error'}, {'regex': <_sre.SRE_Pattern object at 0x1006abcd8>, 'level': 'critical'}, {'regex': <_sre.SRE_Pattern object at 0x1006d8a58>, 'level': 'critical'}], 'cwd': '/builds/slave/test/build', 'env': {'VERSIONER_PYTHON_PREFER_32_BIT': 'no', 'LOGNAME': 'cltbld', 'USER': 'cltbld', 'XPC_SERVICE_NAME': '0', 'PATH': '/usr/local/sbin:/usr/local/bin:/usr/sbin:/usr/bin:/sbin:/bin:/usr/bin/X11', 'HOME': '/Users/cltbld', 'NO_EM_RESTART': '1', 'IDLEIZER_DISABLE_SHUTDOWN': 'true', 'XPCOM_DEBUG_BREAK': 'warn', 'Apple_PubSub_Socket_Render': '/private/tmp/com.apple.launchd.GD21awncaw/Render', 'MOZ_NODE_PATH': '/usr/local/bin/node', 'TWISTD_LOG_PATH': '/builds/slave/twistd.log', 'GIT_SHARE_BASE_DIR': '/builds/git-shared', 'VERSIONER_PYTHON_VERSION': '2.7', 'XPC_FLAGS': '0x0', 'NO_FAIL_ON_TEST_ERRORS': '1', 'HG_SHARE_BASE_DIR': '/builds/hg-shared', 'RUNNER_CONFIG_CMD': '/opt/runner/bin/python2.7 /opt/runner/bin/runner -c /opt/runner/runner.cfg', 'MOZ_NO_REMOTE': '1', 'MOZ_HIDE_RESULTS_TABLE': '1', 'SSH_AUTH_SOCK': '/private/tmp/com.apple.launchd.HuneRqluoD/Listeners', 'SHELL': '/bin/bash', 'TMPDIR': '/var/folders/6j/h2_l2tgj0h5b111_ddr5tl_h00000w/T/', '__CF_USER_TEXT_ENCODING': '0x1C:0:0', 'PWD': '/builds/slave/test', 'PROPERTIES_FILE': '/builds/slave/test/buildprops.json'}}, attempt #1
16:54:19     INFO - Running command: ['/builds/slave/test/build/venv/bin/pip', 'install', '--timeout', '120', '--no-index', '--find-links', 'http://pypi.pvt.build.mozilla.org/pub', '--find-links', 'http://pypi.pub.build.mozilla.org/pub', '--trusted-host', 'pypi.pub.build.mozilla.org', '--trusted-host', 'pypi.pvt.build.mozilla.org', 'mozsystemmonitor==0.3'] in /builds/slave/test/build
16:54:19     INFO - Copy/paste: /builds/slave/test/build/venv/bin/pip install --timeout 120 --no-index --find-links http://pypi.pvt.build.mozilla.org/pub --find-links http://pypi.pub.build.mozilla.org/pub --trusted-host pypi.pub.build.mozilla.org --trusted-host pypi.pvt.build.mozilla.org mozsystemmonitor==0.3
16:54:19     INFO - Using env: {'Apple_PubSub_Socket_Render': '/private/tmp/com.apple.launchd.GD21awncaw/Render',
16:54:19     INFO -  'GIT_SHARE_BASE_DIR': '/builds/git-shared',
16:54:19     INFO -  'HG_SHARE_BASE_DIR': '/builds/hg-shared',
16:54:19     INFO -  'HOME': '/Users/cltbld',
16:54:19     INFO -  'IDLEIZER_DISABLE_SHUTDOWN': 'true',
16:54:19     INFO -  'LOGNAME': 'cltbld',
16:54:19     INFO -  'MOZ_HIDE_RESULTS_TABLE': '1',
16:54:19     INFO -  'MOZ_NODE_PATH': '/usr/local/bin/node',
16:54:19     INFO -  'MOZ_NO_REMOTE': '1',
16:54:19     INFO -  'NO_EM_RESTART': '1',
16:54:19     INFO -  'NO_FAIL_ON_TEST_ERRORS': '1',
16:54:19     INFO -  'PATH': '/usr/local/sbin:/usr/local/bin:/usr/sbin:/usr/bin:/sbin:/bin:/usr/bin/X11',
16:54:19     INFO -  'PROPERTIES_FILE': '/builds/slave/test/buildprops.json',
16:54:19     INFO -  'PWD': '/builds/slave/test',
16:54:19     INFO -  'RUNNER_CONFIG_CMD': '/opt/runner/bin/python2.7 /opt/runner/bin/runner -c /opt/runner/runner.cfg',
16:54:19     INFO -  'SHELL': '/bin/bash',
16:54:19     INFO -  'SSH_AUTH_SOCK': '/private/tmp/com.apple.launchd.HuneRqluoD/Listeners',
16:54:19     INFO -  'TMPDIR': '/var/folders/6j/h2_l2tgj0h5b111_ddr5tl_h00000w/T/',
16:54:19     INFO -  'TWISTD_LOG_PATH': '/builds/slave/twistd.log',
16:54:19     INFO -  'USER': 'cltbld',
16:54:19     INFO -  'VERSIONER_PYTHON_PREFER_32_BIT': 'no',
16:54:19     INFO -  'VERSIONER_PYTHON_VERSION': '2.7',
16:54:19     INFO -  'XPCOM_DEBUG_BREAK': 'warn',
16:54:19     INFO -  'XPC_FLAGS': '0x0',
16:54:19     INFO -  'XPC_SERVICE_NAME': '0',
16:54:19     INFO -  '__CF_USER_TEXT_ENCODING': '0x1C:0:0'}
16:54:19     INFO -  Ignoring indexes: https://pypi.python.org/simple
16:54:19     INFO -  Collecting mozsystemmonitor==0.3
16:54:19     INFO -  /builds/slave/test/build/venv/lib/python2.7/site-packages/pip/_vendor/requests/packages/urllib3/util/ssl_.py:318: SNIMissingWarning: An HTTPS request has been made, but the SNI (Subject Name Indication) extension to TLS is not available on this platform. This may cause the server to present an incorrect TLS certificate, which can cause validation failures. You can upgrade to a newer version of Python to solve this. For more information, see https://urllib3.readthedocs.org/en/latest/security.html#snimissingwarning.
16:54:19     INFO -    SNIMissingWarning
16:54:19     INFO -  /builds/slave/test/build/venv/lib/python2.7/site-packages/pip/_vendor/requests/packages/urllib3/util/ssl_.py:122: InsecurePlatformWarning: A true SSLContext object is not available. This prevents urllib3 from configuring SSL appropriately and may cause certain SSL connections to fail. You can upgrade to a newer version of Python to solve this. For more information, see https://urllib3.readthedocs.org/en/latest/security.html#insecureplatformwarning.
16:54:19     INFO -    InsecurePlatformWarning
16:54:20     INFO -  /builds/slave/test/build/venv/lib/python2.7/site-packages/pip/_vendor/requests/packages/urllib3/util/ssl_.py:122: InsecurePlatformWarning: A true SSLContext object is not available. This prevents urllib3 from configuring SSL appropriately and may cause certain SSL connections to fail. You can upgrade to a newer version of Python to solve this. For more information, see https://urllib3.readthedocs.org/en/latest/security.html#insecureplatformwarning.
16:54:20     INFO -    InsecurePlatformWarning
16:54:22     INFO -  Requirement already satisfied (use --upgrade to upgrade): psutil>=3.1.1 in ./venv/lib/python2.7/site-packages (from mozsystemmonitor==0.3)
16:54:22     INFO -  Installing collected packages: mozsystemmonitor
16:54:22     INFO -  Successfully installed mozsystemmonitor-0.3
16:54:22     INFO - Return code: 0
16:54:22     INFO - Installing jsonschema==2.5.1 into virtualenv /builds/slave/test/build/venv
16:54:22     INFO - retry: Calling run_command with args: [['/builds/slave/test/build/venv/bin/pip', 'install', '--timeout', '120', '--no-index', '--find-links', 'http://pypi.pvt.build.mozilla.org/pub', '--find-links', 'http://pypi.pub.build.mozilla.org/pub', '--trusted-host', 'pypi.pub.build.mozilla.org', '--trusted-host', 'pypi.pvt.build.mozilla.org', 'jsonschema==2.5.1']], kwargs: {'error_level': 'warning', 'error_list': [{'substr': 'not found or a compiler error:', 'level': 'warning'}, {'regex': <_sre.SRE_Pattern object at 0x1007eb7b0>, 'level': 'error'}, {'regex': <_sre.SRE_Pattern object at 0x1007cd228>, 'level': 'warning'}, {'regex': <_sre.SRE_Pattern object at 0x7ffd72558f40>, 'level': 'debug'}, {'substr': 'command not found', 'level': 'error'}, {'regex': <_sre.SRE_Pattern object at 0x1007ec030>, 'level': 'warning'}, {'substr': 'Traceback (most recent call last)', 'level': 'error'}, {'substr': 'SyntaxError: ', 'level': 'error'}, {'substr': 'TypeError: ', 'level': 'error'}, {'substr': 'NameError: ', 'level': 'error'}, {'substr': 'ZeroDivisionError: ', 'level': 'error'}, {'regex': <_sre.SRE_Pattern object at 0x1006abcd8>, 'level': 'critical'}, {'regex': <_sre.SRE_Pattern object at 0x1006d8a58>, 'level': 'critical'}], 'cwd': '/builds/slave/test/build', 'env': {'VERSIONER_PYTHON_PREFER_32_BIT': 'no', 'LOGNAME': 'cltbld', 'USER': 'cltbld', 'XPC_SERVICE_NAME': '0', 'PATH': '/usr/local/sbin:/usr/local/bin:/usr/sbin:/usr/bin:/sbin:/bin:/usr/bin/X11', 'HOME': '/Users/cltbld', 'NO_EM_RESTART': '1', 'IDLEIZER_DISABLE_SHUTDOWN': 'true', 'XPCOM_DEBUG_BREAK': 'warn', 'Apple_PubSub_Socket_Render': '/private/tmp/com.apple.launchd.GD21awncaw/Render', 'MOZ_NODE_PATH': '/usr/local/bin/node', 'TWISTD_LOG_PATH': '/builds/slave/twistd.log', 'GIT_SHARE_BASE_DIR': '/builds/git-shared', 'VERSIONER_PYTHON_VERSION': '2.7', 'XPC_FLAGS': '0x0', 'NO_FAIL_ON_TEST_ERRORS': '1', 'HG_SHARE_BASE_DIR': '/builds/hg-shared', 'RUNNER_CONFIG_CMD': '/opt/runner/bin/python2.7 /opt/runner/bin/runner -c /opt/runner/runner.cfg', 'MOZ_NO_REMOTE': '1', 'MOZ_HIDE_RESULTS_TABLE': '1', 'SSH_AUTH_SOCK': '/private/tmp/com.apple.launchd.HuneRqluoD/Listeners', 'SHELL': '/bin/bash', 'TMPDIR': '/var/folders/6j/h2_l2tgj0h5b111_ddr5tl_h00000w/T/', '__CF_USER_TEXT_ENCODING': '0x1C:0:0', 'PWD': '/builds/slave/test', 'PROPERTIES_FILE': '/builds/slave/test/buildprops.json'}}, attempt #1
16:54:22     INFO - Running command: ['/builds/slave/test/build/venv/bin/pip', 'install', '--timeout', '120', '--no-index', '--find-links', 'http://pypi.pvt.build.mozilla.org/pub', '--find-links', 'http://pypi.pub.build.mozilla.org/pub', '--trusted-host', 'pypi.pub.build.mozilla.org', '--trusted-host', 'pypi.pvt.build.mozilla.org', 'jsonschema==2.5.1'] in /builds/slave/test/build
16:54:22     INFO - Copy/paste: /builds/slave/test/build/venv/bin/pip install --timeout 120 --no-index --find-links http://pypi.pvt.build.mozilla.org/pub --find-links http://pypi.pub.build.mozilla.org/pub --trusted-host pypi.pub.build.mozilla.org --trusted-host pypi.pvt.build.mozilla.org jsonschema==2.5.1
16:54:22     INFO - Using env: {'Apple_PubSub_Socket_Render': '/private/tmp/com.apple.launchd.GD21awncaw/Render',
16:54:22     INFO -  'GIT_SHARE_BASE_DIR': '/builds/git-shared',
16:54:22     INFO -  'HG_SHARE_BASE_DIR': '/builds/hg-shared',
16:54:22     INFO -  'HOME': '/Users/cltbld',
16:54:22     INFO -  'IDLEIZER_DISABLE_SHUTDOWN': 'true',
16:54:22     INFO -  'LOGNAME': 'cltbld',
16:54:22     INFO -  'MOZ_HIDE_RESULTS_TABLE': '1',
16:54:22     INFO -  'MOZ_NODE_PATH': '/usr/local/bin/node',
16:54:22     INFO -  'MOZ_NO_REMOTE': '1',
16:54:22     INFO -  'NO_EM_RESTART': '1',
16:54:22     INFO -  'NO_FAIL_ON_TEST_ERRORS': '1',
16:54:22     INFO -  'PATH': '/usr/local/sbin:/usr/local/bin:/usr/sbin:/usr/bin:/sbin:/bin:/usr/bin/X11',
16:54:22     INFO -  'PROPERTIES_FILE': '/builds/slave/test/buildprops.json',
16:54:22     INFO -  'PWD': '/builds/slave/test',
16:54:22     INFO -  'RUNNER_CONFIG_CMD': '/opt/runner/bin/python2.7 /opt/runner/bin/runner -c /opt/runner/runner.cfg',
16:54:22     INFO -  'SHELL': '/bin/bash',
16:54:22     INFO -  'SSH_AUTH_SOCK': '/private/tmp/com.apple.launchd.HuneRqluoD/Listeners',
16:54:22     INFO -  'TMPDIR': '/var/folders/6j/h2_l2tgj0h5b111_ddr5tl_h00000w/T/',
16:54:22     INFO -  'TWISTD_LOG_PATH': '/builds/slave/twistd.log',
16:54:22     INFO -  'USER': 'cltbld',
16:54:22     INFO -  'VERSIONER_PYTHON_PREFER_32_BIT': 'no',
16:54:22     INFO -  'VERSIONER_PYTHON_VERSION': '2.7',
16:54:22     INFO -  'XPCOM_DEBUG_BREAK': 'warn',
16:54:22     INFO -  'XPC_FLAGS': '0x0',
16:54:22     INFO -  'XPC_SERVICE_NAME': '0',
16:54:22     INFO -  '__CF_USER_TEXT_ENCODING': '0x1C:0:0'}
16:54:23     INFO -  Ignoring indexes: https://pypi.python.org/simple
16:54:23     INFO -  Collecting jsonschema==2.5.1
16:54:23     INFO -  /builds/slave/test/build/venv/lib/python2.7/site-packages/pip/_vendor/requests/packages/urllib3/util/ssl_.py:318: SNIMissingWarning: An HTTPS request has been made, but the SNI (Subject Name Indication) extension to TLS is not available on this platform. This may cause the server to present an incorrect TLS certificate, which can cause validation failures. You can upgrade to a newer version of Python to solve this. For more information, see https://urllib3.readthedocs.org/en/latest/security.html#snimissingwarning.
16:54:23     INFO -    SNIMissingWarning
16:54:23     INFO -  /builds/slave/test/build/venv/lib/python2.7/site-packages/pip/_vendor/requests/packages/urllib3/util/ssl_.py:122: InsecurePlatformWarning: A true SSLContext object is not available. This prevents urllib3 from configuring SSL appropriately and may cause certain SSL connections to fail. You can upgrade to a newer version of Python to solve this. For more information, see https://urllib3.readthedocs.org/en/latest/security.html#insecureplatformwarning.
16:54:23     INFO -    InsecurePlatformWarning
16:54:23     INFO -  /builds/slave/test/build/venv/lib/python2.7/site-packages/pip/_vendor/requests/packages/urllib3/util/ssl_.py:122: InsecurePlatformWarning: A true SSLContext object is not available. This prevents urllib3 from configuring SSL appropriately and may cause certain SSL connections to fail. You can upgrade to a newer version of Python to solve this. For more information, see https://urllib3.readthedocs.org/en/latest/security.html#insecureplatformwarning.
16:54:23     INFO -    InsecurePlatformWarning
16:54:25     INFO -    Downloading https://pypi.pvt.build.mozilla.org/pub/jsonschema-2.5.1-py2.py3-none-any.whl
16:54:25     INFO -  Collecting functools32; python_version == "2.7" (from jsonschema==2.5.1)
16:54:28     INFO -  Installing collected packages: functools32, jsonschema
16:54:28     INFO -  Successfully installed functools32-3.2.3.post2 jsonschema-2.5.1
16:54:28     INFO - Return code: 0
16:54:28     INFO - Installing functools32==3.2.3-2 into virtualenv /builds/slave/test/build/venv
16:54:29     INFO - retry: Calling run_command with args: [['/builds/slave/test/build/venv/bin/pip', 'install', '--timeout', '120', '--no-index', '--find-links', 'http://pypi.pvt.build.mozilla.org/pub', '--find-links', 'http://pypi.pub.build.mozilla.org/pub', '--trusted-host', 'pypi.pub.build.mozilla.org', '--trusted-host', 'pypi.pvt.build.mozilla.org', 'functools32==3.2.3-2']], kwargs: {'error_level': 'warning', 'error_list': [{'substr': 'not found or a compiler error:', 'level': 'warning'}, {'regex': <_sre.SRE_Pattern object at 0x1007eb7b0>, 'level': 'error'}, {'regex': <_sre.SRE_Pattern object at 0x1007cd228>, 'level': 'warning'}, {'regex': <_sre.SRE_Pattern object at 0x7ffd72558f40>, 'level': 'debug'}, {'substr': 'command not found', 'level': 'error'}, {'regex': <_sre.SRE_Pattern object at 0x1007ec030>, 'level': 'warning'}, {'substr': 'Traceback (most recent call last)', 'level': 'error'}, {'substr': 'SyntaxError: ', 'level': 'error'}, {'substr': 'TypeError: ', 'level': 'error'}, {'substr': 'NameError: ', 'level': 'error'}, {'substr': 'ZeroDivisionError: ', 'level': 'error'}, {'regex': <_sre.SRE_Pattern object at 0x1006abcd8>, 'level': 'critical'}, {'regex': <_sre.SRE_Pattern object at 0x1006d8a58>, 'level': 'critical'}], 'cwd': '/builds/slave/test/build', 'env': {'VERSIONER_PYTHON_PREFER_32_BIT': 'no', 'LOGNAME': 'cltbld', 'USER': 'cltbld', 'XPC_SERVICE_NAME': '0', 'PATH': '/usr/local/sbin:/usr/local/bin:/usr/sbin:/usr/bin:/sbin:/bin:/usr/bin/X11', 'HOME': '/Users/cltbld', 'NO_EM_RESTART': '1', 'IDLEIZER_DISABLE_SHUTDOWN': 'true', 'XPCOM_DEBUG_BREAK': 'warn', 'Apple_PubSub_Socket_Render': '/private/tmp/com.apple.launchd.GD21awncaw/Render', 'MOZ_NODE_PATH': '/usr/local/bin/node', 'TWISTD_LOG_PATH': '/builds/slave/twistd.log', 'GIT_SHARE_BASE_DIR': '/builds/git-shared', 'VERSIONER_PYTHON_VERSION': '2.7', 'XPC_FLAGS': '0x0', 'NO_FAIL_ON_TEST_ERRORS': '1', 'HG_SHARE_BASE_DIR': '/builds/hg-shared', 'RUNNER_CONFIG_CMD': '/opt/runner/bin/python2.7 /opt/runner/bin/runner -c /opt/runner/runner.cfg', 'MOZ_NO_REMOTE': '1', 'MOZ_HIDE_RESULTS_TABLE': '1', 'SSH_AUTH_SOCK': '/private/tmp/com.apple.launchd.HuneRqluoD/Listeners', 'SHELL': '/bin/bash', 'TMPDIR': '/var/folders/6j/h2_l2tgj0h5b111_ddr5tl_h00000w/T/', '__CF_USER_TEXT_ENCODING': '0x1C:0:0', 'PWD': '/builds/slave/test', 'PROPERTIES_FILE': '/builds/slave/test/buildprops.json'}}, attempt #1
16:54:29     INFO - Running command: ['/builds/slave/test/build/venv/bin/pip', 'install', '--timeout', '120', '--no-index', '--find-links', 'http://pypi.pvt.build.mozilla.org/pub', '--find-links', 'http://pypi.pub.build.mozilla.org/pub', '--trusted-host', 'pypi.pub.build.mozilla.org', '--trusted-host', 'pypi.pvt.build.mozilla.org', 'functools32==3.2.3-2'] in /builds/slave/test/build
16:54:29     INFO - Copy/paste: /builds/slave/test/build/venv/bin/pip install --timeout 120 --no-index --find-links http://pypi.pvt.build.mozilla.org/pub --find-links http://pypi.pub.build.mozilla.org/pub --trusted-host pypi.pub.build.mozilla.org --trusted-host pypi.pvt.build.mozilla.org functools32==3.2.3-2
16:54:29     INFO - Using env: {'Apple_PubSub_Socket_Render': '/private/tmp/com.apple.launchd.GD21awncaw/Render',
16:54:29     INFO -  'GIT_SHARE_BASE_DIR': '/builds/git-shared',
16:54:29     INFO -  'HG_SHARE_BASE_DIR': '/builds/hg-shared',
16:54:29     INFO -  'HOME': '/Users/cltbld',
16:54:29     INFO -  'IDLEIZER_DISABLE_SHUTDOWN': 'true',
16:54:29     INFO -  'LOGNAME': 'cltbld',
16:54:29     INFO -  'MOZ_HIDE_RESULTS_TABLE': '1',
16:54:29     INFO -  'MOZ_NODE_PATH': '/usr/local/bin/node',
16:54:29     INFO -  'MOZ_NO_REMOTE': '1',
16:54:29     INFO -  'NO_EM_RESTART': '1',
16:54:29     INFO -  'NO_FAIL_ON_TEST_ERRORS': '1',
16:54:29     INFO -  'PATH': '/usr/local/sbin:/usr/local/bin:/usr/sbin:/usr/bin:/sbin:/bin:/usr/bin/X11',
16:54:29     INFO -  'PROPERTIES_FILE': '/builds/slave/test/buildprops.json',
16:54:29     INFO -  'PWD': '/builds/slave/test',
16:54:29     INFO -  'RUNNER_CONFIG_CMD': '/opt/runner/bin/python2.7 /opt/runner/bin/runner -c /opt/runner/runner.cfg',
16:54:29     INFO -  'SHELL': '/bin/bash',
16:54:29     INFO -  'SSH_AUTH_SOCK': '/private/tmp/com.apple.launchd.HuneRqluoD/Listeners',
16:54:29     INFO -  'TMPDIR': '/var/folders/6j/h2_l2tgj0h5b111_ddr5tl_h00000w/T/',
16:54:29     INFO -  'TWISTD_LOG_PATH': '/builds/slave/twistd.log',
16:54:29     INFO -  'USER': 'cltbld',
16:54:29     INFO -  'VERSIONER_PYTHON_PREFER_32_BIT': 'no',
16:54:29     INFO -  'VERSIONER_PYTHON_VERSION': '2.7',
16:54:29     INFO -  'XPCOM_DEBUG_BREAK': 'warn',
16:54:29     INFO -  'XPC_FLAGS': '0x0',
16:54:29     INFO -  'XPC_SERVICE_NAME': '0',
16:54:29     INFO -  '__CF_USER_TEXT_ENCODING': '0x1C:0:0'}
16:54:29     INFO -  Ignoring indexes: https://pypi.python.org/simple
16:54:29     INFO -  Requirement already satisfied (use --upgrade to upgrade): functools32==3.2.3-2 in ./venv/lib/python2.7/site-packages
16:54:29     INFO - Return code: 0
16:54:29     INFO - Installing blobuploader==1.2.4 into virtualenv /builds/slave/test/build/venv
16:54:29     INFO - retry: Calling run_command with args: [['/builds/slave/test/build/venv/bin/pip', 'install', '--timeout', '120', '--no-index', '--find-links', 'http://pypi.pvt.build.mozilla.org/pub', '--find-links', 'http://pypi.pub.build.mozilla.org/pub', '--trusted-host', 'pypi.pub.build.mozilla.org', '--trusted-host', 'pypi.pvt.build.mozilla.org', 'blobuploader==1.2.4']], kwargs: {'error_level': 'warning', 'error_list': [{'substr': 'not found or a compiler error:', 'level': 'warning'}, {'regex': <_sre.SRE_Pattern object at 0x1007eb7b0>, 'level': 'error'}, {'regex': <_sre.SRE_Pattern object at 0x1007cd228>, 'level': 'warning'}, {'regex': <_sre.SRE_Pattern object at 0x7ffd72558f40>, 'level': 'debug'}, {'substr': 'command not found', 'level': 'error'}, {'regex': <_sre.SRE_Pattern object at 0x1007ec030>, 'level': 'warning'}, {'substr': 'Traceback (most recent call last)', 'level': 'error'}, {'substr': 'SyntaxError: ', 'level': 'error'}, {'substr': 'TypeError: ', 'level': 'error'}, {'substr': 'NameError: ', 'level': 'error'}, {'substr': 'ZeroDivisionError: ', 'level': 'error'}, {'regex': <_sre.SRE_Pattern object at 0x1006abcd8>, 'level': 'critical'}, {'regex': <_sre.SRE_Pattern object at 0x1006d8a58>, 'level': 'critical'}], 'cwd': '/builds/slave/test/build', 'env': {'VERSIONER_PYTHON_PREFER_32_BIT': 'no', 'LOGNAME': 'cltbld', 'USER': 'cltbld', 'XPC_SERVICE_NAME': '0', 'PATH': '/usr/local/sbin:/usr/local/bin:/usr/sbin:/usr/bin:/sbin:/bin:/usr/bin/X11', 'HOME': '/Users/cltbld', 'NO_EM_RESTART': '1', 'IDLEIZER_DISABLE_SHUTDOWN': 'true', 'XPCOM_DEBUG_BREAK': 'warn', 'Apple_PubSub_Socket_Render': '/private/tmp/com.apple.launchd.GD21awncaw/Render', 'MOZ_NODE_PATH': '/usr/local/bin/node', 'TWISTD_LOG_PATH': '/builds/slave/twistd.log', 'GIT_SHARE_BASE_DIR': '/builds/git-shared', 'VERSIONER_PYTHON_VERSION': '2.7', 'XPC_FLAGS': '0x0', 'NO_FAIL_ON_TEST_ERRORS': '1', 'HG_SHARE_BASE_DIR': '/builds/hg-shared', 'RUNNER_CONFIG_CMD': '/opt/runner/bin/python2.7 /opt/runner/bin/runner -c /opt/runner/runner.cfg', 'MOZ_NO_REMOTE': '1', 'MOZ_HIDE_RESULTS_TABLE': '1', 'SSH_AUTH_SOCK': '/private/tmp/com.apple.launchd.HuneRqluoD/Listeners', 'SHELL': '/bin/bash', 'TMPDIR': '/var/folders/6j/h2_l2tgj0h5b111_ddr5tl_h00000w/T/', '__CF_USER_TEXT_ENCODING': '0x1C:0:0', 'PWD': '/builds/slave/test', 'PROPERTIES_FILE': '/builds/slave/test/buildprops.json'}}, attempt #1
16:54:29     INFO - Running command: ['/builds/slave/test/build/venv/bin/pip', 'install', '--timeout', '120', '--no-index', '--find-links', 'http://pypi.pvt.build.mozilla.org/pub', '--find-links', 'http://pypi.pub.build.mozilla.org/pub', '--trusted-host', 'pypi.pub.build.mozilla.org', '--trusted-host', 'pypi.pvt.build.mozilla.org', 'blobuploader==1.2.4'] in /builds/slave/test/build
16:54:29     INFO - Copy/paste: /builds/slave/test/build/venv/bin/pip install --timeout 120 --no-index --find-links http://pypi.pvt.build.mozilla.org/pub --find-links http://pypi.pub.build.mozilla.org/pub --trusted-host pypi.pub.build.mozilla.org --trusted-host pypi.pvt.build.mozilla.org blobuploader==1.2.4
16:54:29     INFO - Using env: {'Apple_PubSub_Socket_Render': '/private/tmp/com.apple.launchd.GD21awncaw/Render',
16:54:29     INFO -  'GIT_SHARE_BASE_DIR': '/builds/git-shared',
16:54:29     INFO -  'HG_SHARE_BASE_DIR': '/builds/hg-shared',
16:54:29     INFO -  'HOME': '/Users/cltbld',
16:54:29     INFO -  'IDLEIZER_DISABLE_SHUTDOWN': 'true',
16:54:29     INFO -  'LOGNAME': 'cltbld',
16:54:29     INFO -  'MOZ_HIDE_RESULTS_TABLE': '1',
16:54:29     INFO -  'MOZ_NODE_PATH': '/usr/local/bin/node',
16:54:29     INFO -  'MOZ_NO_REMOTE': '1',
16:54:29     INFO -  'NO_EM_RESTART': '1',
16:54:29     INFO -  'NO_FAIL_ON_TEST_ERRORS': '1',
16:54:29     INFO -  'PATH': '/usr/local/sbin:/usr/local/bin:/usr/sbin:/usr/bin:/sbin:/bin:/usr/bin/X11',
16:54:29     INFO -  'PROPERTIES_FILE': '/builds/slave/test/buildprops.json',
16:54:29     INFO -  'PWD': '/builds/slave/test',
16:54:29     INFO -  'RUNNER_CONFIG_CMD': '/opt/runner/bin/python2.7 /opt/runner/bin/runner -c /opt/runner/runner.cfg',
16:54:29     INFO -  'SHELL': '/bin/bash',
16:54:29     INFO -  'SSH_AUTH_SOCK': '/private/tmp/com.apple.launchd.HuneRqluoD/Listeners',
16:54:29     INFO -  'TMPDIR': '/var/folders/6j/h2_l2tgj0h5b111_ddr5tl_h00000w/T/',
16:54:29     INFO -  'TWISTD_LOG_PATH': '/builds/slave/twistd.log',
16:54:29     INFO -  'USER': 'cltbld',
16:54:29     INFO -  'VERSIONER_PYTHON_PREFER_32_BIT': 'no',
16:54:29     INFO -  'VERSIONER_PYTHON_VERSION': '2.7',
16:54:29     INFO -  'XPCOM_DEBUG_BREAK': 'warn',
16:54:29     INFO -  'XPC_FLAGS': '0x0',
16:54:29     INFO -  'XPC_SERVICE_NAME': '0',
16:54:29     INFO -  '__CF_USER_TEXT_ENCODING': '0x1C:0:0'}
16:54:29     INFO -  Ignoring indexes: https://pypi.python.org/simple
16:54:29     INFO -  Collecting blobuploader==1.2.4
16:54:29     INFO -  /builds/slave/test/build/venv/lib/python2.7/site-packages/pip/_vendor/requests/packages/urllib3/util/ssl_.py:318: SNIMissingWarning: An HTTPS request has been made, but the SNI (Subject Name Indication) extension to TLS is not available on this platform. This may cause the server to present an incorrect TLS certificate, which can cause validation failures. You can upgrade to a newer version of Python to solve this. For more information, see https://urllib3.readthedocs.org/en/latest/security.html#snimissingwarning.
16:54:29     INFO -    SNIMissingWarning
16:54:29     INFO -  /builds/slave/test/build/venv/lib/python2.7/site-packages/pip/_vendor/requests/packages/urllib3/util/ssl_.py:122: InsecurePlatformWarning: A true SSLContext object is not available. This prevents urllib3 from configuring SSL appropriately and may cause certain SSL connections to fail. You can upgrade to a newer version of Python to solve this. For more information, see https://urllib3.readthedocs.org/en/latest/security.html#insecureplatformwarning.
16:54:29     INFO -    InsecurePlatformWarning
16:54:30     INFO -  /builds/slave/test/build/venv/lib/python2.7/site-packages/pip/_vendor/requests/packages/urllib3/util/ssl_.py:122: InsecurePlatformWarning: A true SSLContext object is not available. This prevents urllib3 from configuring SSL appropriately and may cause certain SSL connections to fail. You can upgrade to a newer version of Python to solve this. For more information, see https://urllib3.readthedocs.org/en/latest/security.html#insecureplatformwarning.
16:54:30     INFO -    InsecurePlatformWarning
16:54:32     INFO -  Collecting docopt==0.6.1 (from blobuploader==1.2.4)
16:54:35     INFO -  Collecting requests==1.2.3. (from blobuploader==1.2.4)
16:54:37     INFO -  Installing collected packages: docopt, requests, blobuploader
16:54:38     INFO -  Successfully installed blobuploader-1.2.4 docopt-0.6.1 requests-1.2.3
16:54:38     INFO - Return code: 0
16:54:38     INFO - Installing None into virtualenv /builds/slave/test/build/venv
16:54:38     INFO - retry: Calling run_command with args: [['/builds/slave/test/build/venv/bin/pip', 'install', '--no-deps', '--timeout', '120', '-r', '/builds/slave/test/build/tests/config/marionette_requirements.txt', '--no-index', '--find-links', 'http://pypi.pvt.build.mozilla.org/pub', '--find-links', 'http://pypi.pub.build.mozilla.org/pub', '--trusted-host', 'pypi.pub.build.mozilla.org', '--trusted-host', 'pypi.pvt.build.mozilla.org']], kwargs: {'error_level': 'warning', 'error_list': [{'substr': 'not found or a compiler error:', 'level': 'warning'}, {'regex': <_sre.SRE_Pattern object at 0x1007eb7b0>, 'level': 'error'}, {'regex': <_sre.SRE_Pattern object at 0x1007cd228>, 'level': 'warning'}, {'regex': <_sre.SRE_Pattern object at 0x7ffd72558f40>, 'level': 'debug'}, {'substr': 'command not found', 'level': 'error'}, {'regex': <_sre.SRE_Pattern object at 0x1007ec030>, 'level': 'warning'}, {'substr': 'Traceback (most recent call last)', 'level': 'error'}, {'substr': 'SyntaxError: ', 'level': 'error'}, {'substr': 'TypeError: ', 'level': 'error'}, {'substr': 'NameError: ', 'level': 'error'}, {'substr': 'ZeroDivisionError: ', 'level': 'error'}, {'regex': <_sre.SRE_Pattern object at 0x1006abcd8>, 'level': 'critical'}, {'regex': <_sre.SRE_Pattern object at 0x1006d8a58>, 'level': 'critical'}], 'cwd': '/builds/slave/test/build/tests/config', 'env': {'VERSIONER_PYTHON_PREFER_32_BIT': 'no', 'LOGNAME': 'cltbld', 'USER': 'cltbld', 'XPC_SERVICE_NAME': '0', 'PATH': '/usr/local/sbin:/usr/local/bin:/usr/sbin:/usr/bin:/sbin:/bin:/usr/bin/X11', 'HOME': '/Users/cltbld', 'NO_EM_RESTART': '1', 'IDLEIZER_DISABLE_SHUTDOWN': 'true', 'XPCOM_DEBUG_BREAK': 'warn', 'Apple_PubSub_Socket_Render': '/private/tmp/com.apple.launchd.GD21awncaw/Render', 'MOZ_NODE_PATH': '/usr/local/bin/node', 'TWISTD_LOG_PATH': '/builds/slave/twistd.log', 'GIT_SHARE_BASE_DIR': '/builds/git-shared', 'VERSIONER_PYTHON_VERSION': '2.7', 'XPC_FLAGS': '0x0', 'NO_FAIL_ON_TEST_ERRORS': '1', 'HG_SHARE_BASE_DIR': '/builds/hg-shared', 'RUNNER_CONFIG_CMD': '/opt/runner/bin/python2.7 /opt/runner/bin/runner -c /opt/runner/runner.cfg', 'MOZ_NO_REMOTE': '1', 'MOZ_HIDE_RESULTS_TABLE': '1', 'SSH_AUTH_SOCK': '/private/tmp/com.apple.launchd.HuneRqluoD/Listeners', 'SHELL': '/bin/bash', 'TMPDIR': '/var/folders/6j/h2_l2tgj0h5b111_ddr5tl_h00000w/T/', '__CF_USER_TEXT_ENCODING': '0x1C:0:0', 'PWD': '/builds/slave/test', 'PROPERTIES_FILE': '/builds/slave/test/buildprops.json'}}, attempt #1
16:54:38     INFO - Running command: ['/builds/slave/test/build/venv/bin/pip', 'install', '--no-deps', '--timeout', '120', '-r', '/builds/slave/test/build/tests/config/marionette_requirements.txt', '--no-index', '--find-links', 'http://pypi.pvt.build.mozilla.org/pub', '--find-links', 'http://pypi.pub.build.mozilla.org/pub', '--trusted-host', 'pypi.pub.build.mozilla.org', '--trusted-host', 'pypi.pvt.build.mozilla.org'] in /builds/slave/test/build/tests/config
16:54:38     INFO - Copy/paste: /builds/slave/test/build/venv/bin/pip install --no-deps --timeout 120 -r /builds/slave/test/build/tests/config/marionette_requirements.txt --no-index --find-links http://pypi.pvt.build.mozilla.org/pub --find-links http://pypi.pub.build.mozilla.org/pub --trusted-host pypi.pub.build.mozilla.org --trusted-host pypi.pvt.build.mozilla.org
16:54:38     INFO - Using env: {'Apple_PubSub_Socket_Render': '/private/tmp/com.apple.launchd.GD21awncaw/Render',
16:54:38     INFO -  'GIT_SHARE_BASE_DIR': '/builds/git-shared',
16:54:38     INFO -  'HG_SHARE_BASE_DIR': '/builds/hg-shared',
16:54:38     INFO -  'HOME': '/Users/cltbld',
16:54:38     INFO -  'IDLEIZER_DISABLE_SHUTDOWN': 'true',
16:54:38     INFO -  'LOGNAME': 'cltbld',
16:54:38     INFO -  'MOZ_HIDE_RESULTS_TABLE': '1',
16:54:38     INFO -  'MOZ_NODE_PATH': '/usr/local/bin/node',
16:54:38     INFO -  'MOZ_NO_REMOTE': '1',
16:54:38     INFO -  'NO_EM_RESTART': '1',
16:54:38     INFO -  'NO_FAIL_ON_TEST_ERRORS': '1',
16:54:38     INFO -  'PATH': '/usr/local/sbin:/usr/local/bin:/usr/sbin:/usr/bin:/sbin:/bin:/usr/bin/X11',
16:54:38     INFO -  'PROPERTIES_FILE': '/builds/slave/test/buildprops.json',
16:54:38     INFO -  'PWD': '/builds/slave/test',
16:54:38     INFO -  'RUNNER_CONFIG_CMD': '/opt/runner/bin/python2.7 /opt/runner/bin/runner -c /opt/runner/runner.cfg',
16:54:38     INFO -  'SHELL': '/bin/bash',
16:54:38     INFO -  'SSH_AUTH_SOCK': '/private/tmp/com.apple.launchd.HuneRqluoD/Listeners',
16:54:38     INFO -  'TMPDIR': '/var/folders/6j/h2_l2tgj0h5b111_ddr5tl_h00000w/T/',
16:54:38     INFO -  'TWISTD_LOG_PATH': '/builds/slave/twistd.log',
16:54:38     INFO -  'USER': 'cltbld',
16:54:38     INFO -  'VERSIONER_PYTHON_PREFER_32_BIT': 'no',
16:54:38     INFO -  'VERSIONER_PYTHON_VERSION': '2.7',
16:54:38     INFO -  'XPCOM_DEBUG_BREAK': 'warn',
16:54:38     INFO -  'XPC_FLAGS': '0x0',
16:54:38     INFO -  'XPC_SERVICE_NAME': '0',
16:54:38     INFO -  '__CF_USER_TEXT_ENCODING': '0x1C:0:0'}
16:54:38     INFO -  Ignoring indexes: https://pypi.python.org/simple
16:54:38     INFO -  Processing /builds/slave/test/build/tests/mozbase/manifestparser
16:54:39     INFO -  Processing /builds/slave/test/build/tests/mozbase/mozcrash
16:54:39     INFO -  Processing /builds/slave/test/build/tests/mozbase/mozdebug
16:54:39     INFO -  Processing /builds/slave/test/build/tests/mozbase/mozdevice
16:54:39     INFO -  Processing /builds/slave/test/build/tests/mozbase/mozfile
16:54:40     INFO -  Processing /builds/slave/test/build/tests/mozbase/mozhttpd
16:54:40     INFO -  Processing /builds/slave/test/build/tests/mozbase/mozinfo
16:54:40     INFO -  Processing /builds/slave/test/build/tests/mozbase/mozinstall
16:54:40     INFO -  Processing /builds/slave/test/build/tests/mozbase/mozleak
16:54:40     INFO -  Processing /builds/slave/test/build/tests/mozbase/mozlog
16:54:41     INFO -  Processing /builds/slave/test/build/tests/mozbase/moznetwork
16:54:41     INFO -  Processing /builds/slave/test/build/tests/mozbase/mozprocess
16:54:41     INFO -  Processing /builds/slave/test/build/tests/mozbase/mozprofile
16:54:41     INFO -  Processing /builds/slave/test/build/tests/mozbase/mozrunner
16:54:42     INFO -  Processing /builds/slave/test/build/tests/mozbase/mozscreenshot
16:54:42     INFO -  Processing /builds/slave/test/build/tests/mozbase/moztest
16:54:42     INFO -  Processing /builds/slave/test/build/tests/mozbase/mozversion
16:54:42     INFO -  Processing /builds/slave/test/build/tests/tools/wptserve
16:54:43     INFO -  Processing /builds/slave/test/build/tests/marionette/client
16:54:43     INFO -  Processing /builds/slave/test/build/tests/marionette/harness/marionette_harness/runner/mixins/browsermob-proxy-py
16:54:43     INFO -  Processing /builds/slave/test/build/tests/marionette/harness
16:54:43     INFO -  Processing /builds/slave/test/build/tests/marionette/puppeteer/firefox
16:54:44     INFO -  Building wheels for collected packages: browsermob-proxy
16:54:44     INFO -    Running setup.py bdist_wheel for browsermob-proxy: started
16:54:44     INFO -    Running setup.py bdist_wheel for browsermob-proxy: finished with status 'done'
16:54:44     INFO -    Stored in directory: /Users/cltbld/Library/Caches/pip/wheels/10/00/c1/79bb793b6a7eb4dca9dfd244010f550ae5044951bcd23c261e
16:54:44     INFO -  Successfully built browsermob-proxy
16:54:44     INFO -  Installing collected packages: manifestparser, mozcrash, mozdebug, mozdevice, mozfile, mozhttpd, mozinfo, mozInstall, mozleak, mozlog, moznetwork, mozprocess, mozprofile, mozrunner, mozscreenshot, moztest, mozversion, wptserve, marionette-driver, browsermob-proxy, marionette-harness, firefox-puppeteer
16:54:44     INFO -    Running setup.py install for manifestparser: started
16:54:44     INFO -      Running setup.py install for manifestparser: finished with status 'done'
16:54:44     INFO -    Running setup.py install for mozcrash: started
16:54:45     INFO -      Running setup.py install for mozcrash: finished with status 'done'
16:54:45     INFO -    Running setup.py install for mozdebug: started
16:54:45     INFO -      Running setup.py install for mozdebug: finished with status 'done'
16:54:45     INFO -    Running setup.py install for mozdevice: started
16:54:45     INFO -      Running setup.py install for mozdevice: finished with status 'done'
16:54:45     INFO -    Running setup.py install for mozfile: started
16:54:45     INFO -      Running setup.py install for mozfile: finished with status 'done'
16:54:45     INFO -    Running setup.py install for mozhttpd: started
16:54:46     INFO -      Running setup.py install for mozhttpd: finished with status 'done'
16:54:46     INFO -    Running setup.py install for mozinfo: started
16:54:46     INFO -      Running setup.py install for mozinfo: finished with status 'done'
16:54:46     INFO -    Running setup.py install for mozInstall: started
16:54:46     INFO -      Running setup.py install for mozInstall: finished with status 'done'
16:54:46     INFO -    Running setup.py install for mozleak: started
16:54:46     INFO -      Running setup.py install for mozleak: finished with status 'done'
16:54:46     INFO -    Running setup.py install for mozlog: started
16:54:47     INFO -      Running setup.py install for mozlog: finished with status 'done'
16:54:47     INFO -    Running setup.py install for moznetwork: started
16:54:47     INFO -      Running setup.py install for moznetwork: finished with status 'done'
16:54:47     INFO -    Running setup.py install for mozprocess: started
16:54:47     INFO -      Running setup.py install for mozprocess: finished with status 'done'
16:54:47     INFO -    Running setup.py install for mozprofile: started
16:54:48     INFO -      Running setup.py install for mozprofile: finished with status 'done'
16:54:48     INFO -    Running setup.py install for mozrunner: started
16:54:48     INFO -      Running setup.py install for mozrunner: finished with status 'done'
16:54:48     INFO -    Running setup.py install for mozscreenshot: started
16:54:48     INFO -      Running setup.py install for mozscreenshot: finished with status 'done'
16:54:48     INFO -    Running setup.py install for moztest: started
16:54:49     INFO -      Running setup.py install for moztest: finished with status 'done'
16:54:49     INFO -    Running setup.py install for mozversion: started
16:54:49     INFO -      Running setup.py install for mozversion: finished with status 'done'
16:54:49     INFO -    Running setup.py install for wptserve: started
16:54:49     INFO -      Running setup.py install for wptserve: finished with status 'done'
16:54:49     INFO -    Running setup.py install for marionette-driver: started
16:54:49     INFO -      Running setup.py install for marionette-driver: finished with status 'done'
16:54:49     INFO -    Running setup.py install for marionette-harness: started
16:54:50     INFO -      Running setup.py install for marionette-harness: finished with status 'done'
16:54:50     INFO -    Running setup.py install for firefox-puppeteer: started
16:54:50     INFO -      Running setup.py install for firefox-puppeteer: finished with status 'done'
16:54:51     INFO -  Successfully installed browsermob-proxy-0.6.0 firefox-puppeteer-52.1.0 manifestparser-1.1 marionette-driver-2.2.0 marionette-harness-4.0.0 mozInstall-1.12 mozcrash-1.0 mozdebug-0.1 mozdevice-0.48 mozfile-1.2 mozhttpd-0.7 mozinfo-0.9 mozleak-0.1 mozlog-3.4 moznetwork-0.27 mozprocess-0.23 mozprofile-0.28 mozrunner-6.13 mozscreenshot-0.1 moztest-0.8 mozversion-1.4 wptserve-1.4.0
16:54:51     INFO - Return code: 0
16:54:51     INFO - Installing None into virtualenv /builds/slave/test/build/venv
16:54:51     INFO - retry: Calling run_command with args: [['/builds/slave/test/build/venv/bin/pip', 'install', '--timeout', '120', '-r', '/builds/slave/test/build/tests/config/marionette_requirements.txt', '--no-index', '--find-links', 'http://pypi.pvt.build.mozilla.org/pub', '--find-links', 'http://pypi.pub.build.mozilla.org/pub', '--trusted-host', 'pypi.pub.build.mozilla.org', '--trusted-host', 'pypi.pvt.build.mozilla.org']], kwargs: {'error_level': 'warning', 'error_list': [{'substr': 'not found or a compiler error:', 'level': 'warning'}, {'regex': <_sre.SRE_Pattern object at 0x1007eb7b0>, 'level': 'error'}, {'regex': <_sre.SRE_Pattern object at 0x1007cd228>, 'level': 'warning'}, {'regex': <_sre.SRE_Pattern object at 0x7ffd72558f40>, 'level': 'debug'}, {'substr': 'command not found', 'level': 'error'}, {'regex': <_sre.SRE_Pattern object at 0x1007ec030>, 'level': 'warning'}, {'substr': 'Traceback (most recent call last)', 'level': 'error'}, {'substr': 'SyntaxError: ', 'level': 'error'}, {'substr': 'TypeError: ', 'level': 'error'}, {'substr': 'NameError: ', 'level': 'error'}, {'substr': 'ZeroDivisionError: ', 'level': 'error'}, {'regex': <_sre.SRE_Pattern object at 0x1006abcd8>, 'level': 'critical'}, {'regex': <_sre.SRE_Pattern object at 0x1006d8a58>, 'level': 'critical'}], 'cwd': '/builds/slave/test/build/tests/config', 'env': {'VERSIONER_PYTHON_PREFER_32_BIT': 'no', 'LOGNAME': 'cltbld', 'USER': 'cltbld', 'XPC_SERVICE_NAME': '0', 'PATH': '/usr/local/sbin:/usr/local/bin:/usr/sbin:/usr/bin:/sbin:/bin:/usr/bin/X11', 'HOME': '/Users/cltbld', 'NO_EM_RESTART': '1', 'IDLEIZER_DISABLE_SHUTDOWN': 'true', 'XPCOM_DEBUG_BREAK': 'warn', 'Apple_PubSub_Socket_Render': '/private/tmp/com.apple.launchd.GD21awncaw/Render', 'MOZ_NODE_PATH': '/usr/local/bin/node', 'TWISTD_LOG_PATH': '/builds/slave/twistd.log', 'GIT_SHARE_BASE_DIR': '/builds/git-shared', 'VERSIONER_PYTHON_VERSION': '2.7', 'XPC_FLAGS': '0x0', 'NO_FAIL_ON_TEST_ERRORS': '1', 'HG_SHARE_BASE_DIR': '/builds/hg-shared', 'RUNNER_CONFIG_CMD': '/opt/runner/bin/python2.7 /opt/runner/bin/runner -c /opt/runner/runner.cfg', 'MOZ_NO_REMOTE': '1', 'MOZ_HIDE_RESULTS_TABLE': '1', 'SSH_AUTH_SOCK': '/private/tmp/com.apple.launchd.HuneRqluoD/Listeners', 'SHELL': '/bin/bash', 'TMPDIR': '/var/folders/6j/h2_l2tgj0h5b111_ddr5tl_h00000w/T/', '__CF_USER_TEXT_ENCODING': '0x1C:0:0', 'PWD': '/builds/slave/test', 'PROPERTIES_FILE': '/builds/slave/test/buildprops.json'}}, attempt #1
16:54:51     INFO - Running command: ['/builds/slave/test/build/venv/bin/pip', 'install', '--timeout', '120', '-r', '/builds/slave/test/build/tests/config/marionette_requirements.txt', '--no-index', '--find-links', 'http://pypi.pvt.build.mozilla.org/pub', '--find-links', 'http://pypi.pub.build.mozilla.org/pub', '--trusted-host', 'pypi.pub.build.mozilla.org', '--trusted-host', 'pypi.pvt.build.mozilla.org'] in /builds/slave/test/build/tests/config
16:54:51     INFO - Copy/paste: /builds/slave/test/build/venv/bin/pip install --timeout 120 -r /builds/slave/test/build/tests/config/marionette_requirements.txt --no-index --find-links http://pypi.pvt.build.mozilla.org/pub --find-links http://pypi.pub.build.mozilla.org/pub --trusted-host pypi.pub.build.mozilla.org --trusted-host pypi.pvt.build.mozilla.org
16:54:51     INFO - Using env: {'Apple_PubSub_Socket_Render': '/private/tmp/com.apple.launchd.GD21awncaw/Render',
16:54:51     INFO -  'GIT_SHARE_BASE_DIR': '/builds/git-shared',
16:54:51     INFO -  'HG_SHARE_BASE_DIR': '/builds/hg-shared',
16:54:51     INFO -  'HOME': '/Users/cltbld',
16:54:51     INFO -  'IDLEIZER_DISABLE_SHUTDOWN': 'true',
16:54:51     INFO -  'LOGNAME': 'cltbld',
16:54:51     INFO -  'MOZ_HIDE_RESULTS_TABLE': '1',
16:54:51     INFO -  'MOZ_NODE_PATH': '/usr/local/bin/node',
16:54:51     INFO -  'MOZ_NO_REMOTE': '1',
16:54:51     INFO -  'NO_EM_RESTART': '1',
16:54:51     INFO -  'NO_FAIL_ON_TEST_ERRORS': '1',
16:54:51     INFO -  'PATH': '/usr/local/sbin:/usr/local/bin:/usr/sbin:/usr/bin:/sbin:/bin:/usr/bin/X11',
16:54:51     INFO -  'PROPERTIES_FILE': '/builds/slave/test/buildprops.json',
16:54:51     INFO -  'PWD': '/builds/slave/test',
16:54:51     INFO -  'RUNNER_CONFIG_CMD': '/opt/runner/bin/python2.7 /opt/runner/bin/runner -c /opt/runner/runner.cfg',
16:54:51     INFO -  'SHELL': '/bin/bash',
16:54:51     INFO -  'SSH_AUTH_SOCK': '/private/tmp/com.apple.launchd.HuneRqluoD/Listeners',
16:54:51     INFO -  'TMPDIR': '/var/folders/6j/h2_l2tgj0h5b111_ddr5tl_h00000w/T/',
16:54:51     INFO -  'TWISTD_LOG_PATH': '/builds/slave/twistd.log',
16:54:51     INFO -  'USER': 'cltbld',
16:54:51     INFO -  'VERSIONER_PYTHON_PREFER_32_BIT': 'no',
16:54:51     INFO -  'VERSIONER_PYTHON_VERSION': '2.7',
16:54:51     INFO -  'XPCOM_DEBUG_BREAK': 'warn',
16:54:51     INFO -  'XPC_FLAGS': '0x0',
16:54:51     INFO -  'XPC_SERVICE_NAME': '0',
16:54:51     INFO -  '__CF_USER_TEXT_ENCODING': '0x1C:0:0'}
16:54:51     INFO -  Ignoring indexes: https://pypi.python.org/simple
16:54:51     INFO -  Processing /builds/slave/test/build/tests/mozbase/manifestparser
16:54:51     INFO -    Requirement already satisfied (use --upgrade to upgrade): manifestparser==1.1 from file:///builds/slave/test/build/tests/mozbase/manifestparser in /builds/slave/test/build/venv/lib/python2.7/site-packages (from -r /builds/slave/test/build/tests/config/mozbase_requirements.txt (line 1))
16:54:51     INFO -  Processing /builds/slave/test/build/tests/mozbase/mozcrash
16:54:52     INFO -    Requirement already satisfied (use --upgrade to upgrade): mozcrash==1.0 from file:///builds/slave/test/build/tests/mozbase/mozcrash in /builds/slave/test/build/venv/lib/python2.7/site-packages (from -r /builds/slave/test/build/tests/config/mozbase_requirements.txt (line 2))
16:54:52     INFO -  Processing /builds/slave/test/build/tests/mozbase/mozdebug
16:54:52     INFO -    Requirement already satisfied (use --upgrade to upgrade): mozdebug==0.1 from file:///builds/slave/test/build/tests/mozbase/mozdebug in /builds/slave/test/build/venv/lib/python2.7/site-packages (from -r /builds/slave/test/build/tests/config/mozbase_requirements.txt (line 3))
16:54:52     INFO -  Processing /builds/slave/test/build/tests/mozbase/mozdevice
16:54:52     INFO -    Requirement already satisfied (use --upgrade to upgrade): mozdevice==0.48 from file:///builds/slave/test/build/tests/mozbase/mozdevice in /builds/slave/test/build/venv/lib/python2.7/site-packages (from -r /builds/slave/test/build/tests/config/mozbase_requirements.txt (line 4))
16:54:52     INFO -  Processing /builds/slave/test/build/tests/mozbase/mozfile
16:54:52     INFO -    Requirement already satisfied (use --upgrade to upgrade): mozfile==1.2 from file:///builds/slave/test/build/tests/mozbase/mozfile in /builds/slave/test/build/venv/lib/python2.7/site-packages (from -r /builds/slave/test/build/tests/config/mozbase_requirements.txt (line 5))
16:54:52     INFO -  Processing /builds/slave/test/build/tests/mozbase/mozhttpd
16:54:53     INFO -    Requirement already satisfied (use --upgrade to upgrade): mozhttpd==0.7 from file:///builds/slave/test/build/tests/mozbase/mozhttpd in /builds/slave/test/build/venv/lib/python2.7/site-packages (from -r /builds/slave/test/build/tests/config/mozbase_requirements.txt (line 6))
16:54:53     INFO -  Processing /builds/slave/test/build/tests/mozbase/mozinfo
16:54:53     INFO -    Requirement already satisfied (use --upgrade to upgrade): mozinfo==0.9 from file:///builds/slave/test/build/tests/mozbase/mozinfo in /builds/slave/test/build/venv/lib/python2.7/site-packages (from -r /builds/slave/test/build/tests/config/mozbase_requirements.txt (line 7))
16:54:53     INFO -  Processing /builds/slave/test/build/tests/mozbase/mozinstall
16:54:53     INFO -    Requirement already satisfied (use --upgrade to upgrade): mozInstall==1.12 from file:///builds/slave/test/build/tests/mozbase/mozinstall in /builds/slave/test/build/venv/lib/python2.7/site-packages (from -r /builds/slave/test/build/tests/config/mozbase_requirements.txt (line 8))
16:54:53     INFO -  Processing /builds/slave/test/build/tests/mozbase/mozleak
16:54:53     INFO -    Requirement already satisfied (use --upgrade to upgrade): mozleak==0.1 from file:///builds/slave/test/build/tests/mozbase/mozleak in /builds/slave/test/build/venv/lib/python2.7/site-packages (from -r /builds/slave/test/build/tests/config/mozbase_requirements.txt (line 9))
16:54:53     INFO -  Processing /builds/slave/test/build/tests/mozbase/mozlog
16:54:54     INFO -    Requirement already satisfied (use --upgrade to upgrade): mozlog==3.4 from file:///builds/slave/test/build/tests/mozbase/mozlog in /builds/slave/test/build/venv/lib/python2.7/site-packages (from -r /builds/slave/test/build/tests/config/mozbase_requirements.txt (line 10))
16:54:54     INFO -  Processing /builds/slave/test/build/tests/mozbase/moznetwork
16:54:54     INFO -    Requirement already satisfied (use --upgrade to upgrade): moznetwork==0.27 from file:///builds/slave/test/build/tests/mozbase/moznetwork in /builds/slave/test/build/venv/lib/python2.7/site-packages (from -r /builds/slave/test/build/tests/config/mozbase_requirements.txt (line 11))
16:54:54     INFO -  Processing /builds/slave/test/build/tests/mozbase/mozprocess
16:54:54     INFO -    Requirement already satisfied (use --upgrade to upgrade): mozprocess==0.23 from file:///builds/slave/test/build/tests/mozbase/mozprocess in /builds/slave/test/build/venv/lib/python2.7/site-packages (from -r /builds/slave/test/build/tests/config/mozbase_requirements.txt (line 12))
16:54:54     INFO -  Processing /builds/slave/test/build/tests/mozbase/mozprofile
16:54:54     INFO -    Requirement already satisfied (use --upgrade to upgrade): mozprofile==0.28 from file:///builds/slave/test/build/tests/mozbase/mozprofile in /builds/slave/test/build/venv/lib/python2.7/site-packages (from -r /builds/slave/test/build/tests/config/mozbase_requirements.txt (line 13))
16:54:54     INFO -  Processing /builds/slave/test/build/tests/mozbase/mozrunner
16:54:55     INFO -    Requirement already satisfied (use --upgrade to upgrade): mozrunner==6.13 from file:///builds/slave/test/build/tests/mozbase/mozrunner in /builds/slave/test/build/venv/lib/python2.7/site-packages (from -r /builds/slave/test/build/tests/config/mozbase_requirements.txt (line 14))
16:54:55     INFO -  Processing /builds/slave/test/build/tests/mozbase/mozscreenshot
16:54:55     INFO -    Requirement already satisfied (use --upgrade to upgrade): mozscreenshot==0.1 from file:///builds/slave/test/build/tests/mozbase/mozscreenshot in /builds/slave/test/build/venv/lib/python2.7/site-packages (from -r /builds/slave/test/build/tests/config/mozbase_requirements.txt (line 15))
16:54:55     INFO -  Processing /builds/slave/test/build/tests/mozbase/moztest
16:54:55     INFO -    Requirement already satisfied (use --upgrade to upgrade): moztest==0.8 from file:///builds/slave/test/build/tests/mozbase/moztest in /builds/slave/test/build/venv/lib/python2.7/site-packages (from -r /builds/slave/test/build/tests/config/mozbase_requirements.txt (line 16))
16:54:55     INFO -  Processing /builds/slave/test/build/tests/mozbase/mozversion
16:54:55     INFO -    Requirement already satisfied (use --upgrade to upgrade): mozversion==1.4 from file:///builds/slave/test/build/tests/mozbase/mozversion in /builds/slave/test/build/venv/lib/python2.7/site-packages (from -r /builds/slave/test/build/tests/config/mozbase_requirements.txt (line 17))
16:54:55     INFO -  Processing /builds/slave/test/build/tests/tools/wptserve
16:54:56     INFO -    Requirement already satisfied (use --upgrade to upgrade): wptserve==1.4.0 from file:///builds/slave/test/build/tests/tools/wptserve in /builds/slave/test/build/venv/lib/python2.7/site-packages (from -r /builds/slave/test/build/tests/config/marionette_requirements.txt (line 3))
16:54:56     INFO -  Processing /builds/slave/test/build/tests/marionette/client
16:54:56     INFO -    Requirement already satisfied (use --upgrade to upgrade): marionette-driver==2.2.0 from file:///builds/slave/test/build/tests/marionette/client in /builds/slave/test/build/venv/lib/python2.7/site-packages (from -r /builds/slave/test/build/tests/config/marionette_requirements.txt (line 4))
16:54:56     INFO -  Processing /builds/slave/test/build/tests/marionette/harness/marionette_harness/runner/mixins/browsermob-proxy-py
16:54:56     INFO -    Requirement already satisfied (use --upgrade to upgrade): browsermob-proxy==0.6.0 from file:///builds/slave/test/build/tests/marionette/harness/marionette_harness/runner/mixins/browsermob-proxy-py in /builds/slave/test/build/venv/lib/python2.7/site-packages (from -r /builds/slave/test/build/tests/config/marionette_requirements.txt (line 5))
16:54:56     INFO -  Processing /builds/slave/test/build/tests/marionette/harness
16:54:57     INFO -    Requirement already satisfied (use --upgrade to upgrade): marionette-harness==4.0.0 from file:///builds/slave/test/build/tests/marionette/harness in /builds/slave/test/build/venv/lib/python2.7/site-packages (from -r /builds/slave/test/build/tests/config/marionette_requirements.txt (line 6))
16:54:57     INFO -  Processing /builds/slave/test/build/tests/marionette/puppeteer/firefox
16:54:57     INFO -    Requirement already satisfied (use --upgrade to upgrade): firefox-puppeteer==52.1.0 from file:///builds/slave/test/build/tests/marionette/puppeteer/firefox in /builds/slave/test/build/venv/lib/python2.7/site-packages (from -r /builds/slave/test/build/tests/config/marionette_requirements.txt (line 9))
16:54:57     INFO -  Requirement already satisfied (use --upgrade to upgrade): mozfile>=1.0 in /builds/slave/test/build/venv/lib/python2.7/site-packages (from mozcrash==1.0->-r /builds/slave/test/build/tests/config/mozbase_requirements.txt (line 2))
16:54:57     INFO -  Requirement already satisfied (use --upgrade to upgrade): mozlog>=3.0 in /builds/slave/test/build/venv/lib/python2.7/site-packages (from mozcrash==1.0->-r /builds/slave/test/build/tests/config/mozbase_requirements.txt (line 2))
16:54:57     INFO -  Requirement already satisfied (use --upgrade to upgrade): mozinfo in /builds/slave/test/build/venv/lib/python2.7/site-packages (from mozdebug==0.1->-r /builds/slave/test/build/tests/config/mozbase_requirements.txt (line 3))
16:54:57     INFO -  Requirement already satisfied (use --upgrade to upgrade): moznetwork>=0.24 in /builds/slave/test/build/venv/lib/python2.7/site-packages (from mozdevice==0.48->-r /builds/slave/test/build/tests/config/mozbase_requirements.txt (line 4))
16:54:57     INFO -  Requirement already satisfied (use --upgrade to upgrade): mozprocess>=0.19 in /builds/slave/test/build/venv/lib/python2.7/site-packages (from mozdevice==0.48->-r /builds/slave/test/build/tests/config/mozbase_requirements.txt (line 4))
16:54:57     INFO -  Collecting blessings>=1.3 (from mozlog==3.4->-r /builds/slave/test/build/tests/config/mozbase_requirements.txt (line 10))
16:54:57     INFO -  /builds/slave/test/build/venv/lib/python2.7/site-packages/pip/_vendor/requests/packages/urllib3/util/ssl_.py:318: SNIMissingWarning: An HTTPS request has been made, but the SNI (Subject Name Indication) extension to TLS is not available on this platform. This may cause the server to present an incorrect TLS certificate, which can cause validation failures. You can upgrade to a newer version of Python to solve this. For more information, see https://urllib3.readthedocs.org/en/latest/security.html#snimissingwarning.
16:54:57     INFO -    SNIMissingWarning
16:54:57     INFO -  /builds/slave/test/build/venv/lib/python2.7/site-packages/pip/_vendor/requests/packages/urllib3/util/ssl_.py:122: InsecurePlatformWarning: A true SSLContext object is not available. This prevents urllib3 from configuring SSL appropriately and may cause certain SSL connections to fail. You can upgrade to a newer version of Python to solve this. For more information, see https://urllib3.readthedocs.org/en/latest/security.html#insecureplatformwarning.
16:54:57     INFO -    InsecurePlatformWarning
16:54:58     INFO -  /builds/slave/test/build/venv/lib/python2.7/site-packages/pip/_vendor/requests/packages/urllib3/util/ssl_.py:122: InsecurePlatformWarning: A true SSLContext object is not available. This prevents urllib3 from configuring SSL appropriately and may cause certain SSL connections to fail. You can upgrade to a newer version of Python to solve this. For more information, see https://urllib3.readthedocs.org/en/latest/security.html#insecureplatformwarning.
16:54:58     INFO -    InsecurePlatformWarning
16:55:00     INFO -  Requirement already satisfied (use --upgrade to upgrade): requests>=1.1.0 in /builds/slave/test/build/venv/lib/python2.7/site-packages (from browsermob-proxy==0.6.0->-r /builds/slave/test/build/tests/config/marionette_requirements.txt (line 5))
16:55:00     INFO -  Building wheels for collected packages: browsermob-proxy
16:55:00     INFO -    Running setup.py bdist_wheel for browsermob-proxy: started
16:55:00     INFO -    Running setup.py bdist_wheel for browsermob-proxy: finished with status 'done'
16:55:00     INFO -    Stored in directory: /Users/cltbld/Library/Caches/pip/wheels/10/00/c1/79bb793b6a7eb4dca9dfd244010f550ae5044951bcd23c261e
16:55:00     INFO -  Successfully built browsermob-proxy
16:55:00     INFO -  Installing collected packages: blessings
16:55:00     INFO -  Successfully installed blessings-1.6
16:55:00     INFO - Return code: 0
16:55:00     INFO - Done creating virtualenv /builds/slave/test/build/venv.
16:55:00     INFO - Getting output from command: ['/builds/slave/test/build/venv/bin/pip', 'freeze']
16:55:00     INFO - Copy/paste: /builds/slave/test/build/venv/bin/pip freeze
16:55:01     INFO - Reading from file tmpfile_stdout
16:55:01     INFO - Reading from file tmpfile_stderr
16:55:01     INFO - Current package versions:
16:55:01     INFO -   blessings == 1.6
16:55:01     INFO -   blobuploader == 1.2.4
16:55:01     INFO -   browsermob-proxy == 0.6.0
16:55:01     INFO -   docopt == 0.6.1
16:55:01     INFO -   firefox-puppeteer == 52.1.0
16:55:01     INFO -   functools32 == 3.2.3.post2
16:55:01     INFO -   jsonschema == 2.5.1
16:55:01     INFO -   manifestparser == 1.1
16:55:01     INFO -   marionette-driver == 2.2.0
16:55:01     INFO -   marionette-harness == 4.0.0
16:55:01     INFO -   mozInstall == 1.12
16:55:01     INFO -   mozcrash == 1.0
16:55:01     INFO -   mozdebug == 0.1
16:55:01     INFO -   mozdevice == 0.48
16:55:01     INFO -   mozfile == 1.2
16:55:01     INFO -   mozhttpd == 0.7
16:55:01     INFO -   mozinfo == 0.9
16:55:01     INFO -   mozleak == 0.1
16:55:01     INFO -   mozlog == 3.4
16:55:01     INFO -   moznetwork == 0.27
16:55:01     INFO -   mozprocess == 0.23
16:55:01     INFO -   mozprofile == 0.28
16:55:01     INFO -   mozrunner == 6.13
16:55:01     INFO -   mozscreenshot == 0.1
16:55:01     INFO -   mozsystemmonitor == 0.3
16:55:01     INFO -   moztest == 0.8
16:55:01     INFO -   mozversion == 1.4
16:55:01     INFO -   psutil == 5.4.3
16:55:01     INFO -   requests == 1.2.3
16:55:01     INFO -   wptserve == 1.4.0
16:55:01     INFO - Running post-action listener: _resource_record_post_action
16:55:01     INFO - Running post-action listener: _start_resource_monitoring
16:55:01     INFO - Starting resource monitoring.
16:55:01     INFO - [mozharness: 2018-06-08 23:55:01.088348Z] Finished create-virtualenv step (success)
16:55:01     INFO - [mozharness: 2018-06-08 23:55:01.089222Z] Running install step.
16:55:01     INFO - Running pre-action listener: _resource_record_pre_action
16:55:01     INFO - Running main action method: install
16:55:01     INFO - Getting output from command: ['/builds/slave/test/build/venv/bin/pip', 'freeze']
16:55:01     INFO - Copy/paste: /builds/slave/test/build/venv/bin/pip freeze
16:55:01     INFO - Reading from file tmpfile_stdout
16:55:01     INFO - Reading from file tmpfile_stderr
16:55:01     INFO - Detecting whether we're running mozinstall >=1.0...
16:55:01     INFO - Getting output from command: ['/builds/slave/test/build/venv/bin/mozinstall', '-h']
16:55:01     INFO - Copy/paste: /builds/slave/test/build/venv/bin/mozinstall -h
16:55:01     INFO - Reading from file tmpfile_stdout
16:55:01     INFO - Output received:
16:55:01     INFO -  Usage: mozinstall [options] installer
16:55:01     INFO -  Options:
16:55:01     INFO -    -h, --help            show this help message and exit
16:55:01     INFO -    -d DEST, --destination=DEST
16:55:01     INFO -                          Directory to install application into. [default:
16:55:01     INFO -                          "/builds/slave/test"]
16:55:01     INFO -    --app=APP             Application being installed. [default: firefox]
16:55:01     INFO - mkdir: /builds/slave/test/build/application
16:55:01     INFO - Getting output from command: ['/builds/slave/test/build/venv/bin/mozinstall', '/builds/slave/test/build/firefox-52.8.2.en-US.mac64.dmg', '--destination', '/builds/slave/test/build/application']
16:55:01     INFO - Copy/paste: /builds/slave/test/build/venv/bin/mozinstall /builds/slave/test/build/firefox-52.8.2.en-US.mac64.dmg --destination /builds/slave/test/build/application
16:55:20     INFO - Reading from file tmpfile_stdout
16:55:20     INFO - Output received:
16:55:20     INFO -  /builds/slave/test/build/application/NightlyDebug.app/Contents/MacOS/firefox
16:55:20     INFO - Running post-action listener: _resource_record_post_action
16:55:20     INFO - [mozharness: 2018-06-08 23:55:20.358969Z] Finished install step (success)
16:55:20     INFO - [mozharness: 2018-06-08 23:55:20.359132Z] Running run-tests step.
16:55:20     INFO - Running pre-action listener: _resource_record_pre_action
16:55:20     INFO - Running main action method: run_tests
16:55:20     INFO - The emulator type: arm
16:55:20     INFO - mkdir: /builds/slave/test/build/blobber_upload_dir
16:55:20     INFO - Minidump filename unknown. Determining based upon platform and architecture.
16:55:20     INFO - Minidump tooltool manifest unknown. Determining based upon platform and architecture.
16:55:20     INFO - grabbing minidump binary from tooltool
16:55:20     INFO - retry: Calling run_command with args: (['/tools/tooltool.py', '--url', 'https://api.pub.build.mozilla.org/tooltool/', '--authentication-file', '/builds/relengapi.tok', 'fetch', '-m', '/builds/slave/test/build/tests/config/tooltool-manifests/macosx64/releng.manifest', '-o', '-c', '/builds/tooltool_cache'],), kwargs: {'output_timeout': 600, 'error_list': [{'substr': 'command not found', 'level': 'error'}, {'regex': <_sre.SRE_Pattern object at 0x1007ec030>, 'level': 'warning'}, {'substr': 'Traceback (most recent call last)', 'level': 'error'}, {'substr': 'SyntaxError: ', 'level': 'error'}, {'substr': 'TypeError: ', 'level': 'error'}, {'substr': 'NameError: ', 'level': 'error'}, {'substr': 'ZeroDivisionError: ', 'level': 'error'}, {'regex': <_sre.SRE_Pattern object at 0x1006abcd8>, 'level': 'critical'}, {'regex': <_sre.SRE_Pattern object at 0x1006d8a58>, 'level': 'critical'}, {'substr': 'ERROR - ', 'level': 'error'}], 'cwd': '/builds/slave/test/build', 'privileged': False}, attempt #1
16:55:20     INFO - Running command: ['/tools/tooltool.py', '--url', 'https://api.pub.build.mozilla.org/tooltool/', '--authentication-file', '/builds/relengapi.tok', 'fetch', '-m', '/builds/slave/test/build/tests/config/tooltool-manifests/macosx64/releng.manifest', '-o', '-c', '/builds/tooltool_cache'] in /builds/slave/test/build
16:55:20     INFO - Copy/paste: /tools/tooltool.py --url https://api.pub.build.mozilla.org/tooltool/ --authentication-file /builds/relengapi.tok fetch -m /builds/slave/test/build/tests/config/tooltool-manifests/macosx64/releng.manifest -o -c /builds/tooltool_cache
16:55:20     INFO - Calling ['/tools/tooltool.py', '--url', 'https://api.pub.build.mozilla.org/tooltool/', '--authentication-file', '/builds/relengapi.tok', 'fetch', '-m', '/builds/slave/test/build/tests/config/tooltool-manifests/macosx64/releng.manifest', '-o', '-c', '/builds/tooltool_cache'] with output_timeout 600
16:55:20     INFO -  INFO - File macosx64-minidump_stackwalk retrieved from local cache /builds/tooltool_cache
16:55:20     INFO - Return code: 0
16:55:20     INFO - Chmoding /builds/slave/test/build/macosx64-minidump_stackwalk to 0755
16:55:20     INFO - Running command: ['/builds/slave/test/build/venv/bin/python', '-u', '/builds/slave/test/build/tests/marionette/harness/marionette_harness/runtests.py', '--gecko-log=/builds/slave/test/build/blobber_upload_dir/gecko.log', '--log-raw=-', '--log-raw=/builds/slave/test/build/blobber_upload_dir/marionette_raw.log', '--log-errorsummary=/builds/slave/test/build/blobber_upload_dir/marionette_errorsummary.log', '--log-html=/builds/slave/test/build/blobber_upload_dir/report.html', '--binary=/builds/slave/test/build/application/NightlyDebug.app/Contents/MacOS/firefox', '--address=localhost:2828', '--symbols-path=https://queue.taskcluster.net/v1/task/cbf86eh2SwWGC1LFFrbavg/artifacts/public/build/firefox-52.8.2.en-US.mac64.crashreporter-symbols.zip', '/builds/slave/test/build/tests/marionette/tests/testing/marionette/harness/marionette_harness/tests/unit-tests.ini']
16:55:20     INFO - Copy/paste: /builds/slave/test/build/venv/bin/python -u /builds/slave/test/build/tests/marionette/harness/marionette_harness/runtests.py --gecko-log=/builds/slave/test/build/blobber_upload_dir/gecko.log --log-raw=- --log-raw=/builds/slave/test/build/blobber_upload_dir/marionette_raw.log --log-errorsummary=/builds/slave/test/build/blobber_upload_dir/marionette_errorsummary.log --log-html=/builds/slave/test/build/blobber_upload_dir/report.html --binary=/builds/slave/test/build/application/NightlyDebug.app/Contents/MacOS/firefox --address=localhost:2828 --symbols-path=https://queue.taskcluster.net/v1/task/cbf86eh2SwWGC1LFFrbavg/artifacts/public/build/firefox-52.8.2.en-US.mac64.crashreporter-symbols.zip /builds/slave/test/build/tests/marionette/tests/testing/marionette/harness/marionette_harness/tests/unit-tests.ini
16:55:20     INFO - Using env: {'Apple_PubSub_Socket_Render': '/private/tmp/com.apple.launchd.GD21awncaw/Render',
16:55:20     INFO -  'GIT_SHARE_BASE_DIR': '/builds/git-shared',
16:55:20     INFO -  'HG_SHARE_BASE_DIR': '/builds/hg-shared',
16:55:20     INFO -  'HOME': '/Users/cltbld',
16:55:20     INFO -  'IDLEIZER_DISABLE_SHUTDOWN': 'true',
16:55:20     INFO -  'LOGNAME': 'cltbld',
16:55:20     INFO -  'MINIDUMP_SAVE_PATH': '/builds/slave/test/build/blobber_upload_dir',
16:55:20     INFO -  'MINIDUMP_STACKWALK': '/builds/slave/test/build/macosx64-minidump_stackwalk',
16:55:20     INFO -  'MOZ_HIDE_RESULTS_TABLE': '1',
16:55:20     INFO -  'MOZ_NODE_PATH': '/usr/local/bin/node',
16:55:20     INFO -  'MOZ_NO_REMOTE': '1',
16:55:20     INFO -  'MOZ_UPLOAD_DIR': '/builds/slave/test/build/blobber_upload_dir',
16:55:20     INFO -  'NO_EM_RESTART': '1',
16:55:20     INFO -  'NO_FAIL_ON_TEST_ERRORS': '1',
16:55:20     INFO -  'PATH': '/builds/slave/test/build/venv/bin:/usr/local/sbin:/usr/local/bin:/usr/sbin:/usr/bin:/sbin:/bin:/usr/bin/X11',
16:55:20     INFO -  'PROPERTIES_FILE': '/builds/slave/test/buildprops.json',
16:55:20     INFO -  'PWD': '/builds/slave/test',
16:55:20     INFO -  'RUNNER_CONFIG_CMD': '/opt/runner/bin/python2.7 /opt/runner/bin/runner -c /opt/runner/runner.cfg',
16:55:20     INFO -  'SHELL': '/bin/bash',
16:55:20     INFO -  'SSH_AUTH_SOCK': '/private/tmp/com.apple.launchd.HuneRqluoD/Listeners',
16:55:20     INFO -  'TMPDIR': '/var/folders/6j/h2_l2tgj0h5b111_ddr5tl_h00000w/T/',
16:55:20     INFO -  'TWISTD_LOG_PATH': '/builds/slave/twistd.log',
16:55:20     INFO -  'USER': 'cltbld',
16:55:20     INFO -  'VERSIONER_PYTHON_PREFER_32_BIT': 'no',
16:55:20     INFO -  'VERSIONER_PYTHON_VERSION': '2.7',
16:55:20     INFO -  'XPCOM_DEBUG_BREAK': 'warn',
16:55:20     INFO -  'XPC_FLAGS': '0x0',
16:55:20     INFO -  'XPC_SERVICE_NAME': '0',
16:55:20     INFO -  '__CF_USER_TEXT_ENCODING': '0x1C:0:0'}
16:55:20     INFO - Calling ['/builds/slave/test/build/venv/bin/python', '-u', '/builds/slave/test/build/tests/marionette/harness/marionette_harness/runtests.py', '--gecko-log=/builds/slave/test/build/blobber_upload_dir/gecko.log', '--log-raw=-', '--log-raw=/builds/slave/test/build/blobber_upload_dir/marionette_raw.log', '--log-errorsummary=/builds/slave/test/build/blobber_upload_dir/marionette_errorsummary.log', '--log-html=/builds/slave/test/build/blobber_upload_dir/report.html', '--binary=/builds/slave/test/build/application/NightlyDebug.app/Contents/MacOS/firefox', '--address=localhost:2828', '--symbols-path=https://queue.taskcluster.net/v1/task/cbf86eh2SwWGC1LFFrbavg/artifacts/public/build/firefox-52.8.2.en-US.mac64.crashreporter-symbols.zip', '/builds/slave/test/build/tests/marionette/tests/testing/marionette/harness/marionette_harness/tests/unit-tests.ini'] with output_timeout 1000
16:55:20     INFO - Using workspace for temporary data: "/builds/slave/test"
16:55:20     INFO - mozversion application_buildid: 20180608150819
16:55:20     INFO - mozversion application_changeset: cbfdf01aac455e0591471201c96b89dee98190b5
16:55:20     INFO - mozversion application_display_name: Nightly
16:55:20     INFO - mozversion application_id: {ec8030f7-c20a-464f-9b0e-13a3a9e97384}
16:55:20     INFO - mozversion application_name: Firefox
16:55:20     INFO - mozversion application_remotingname: firefox
16:55:20     INFO - mozversion application_repository: https://hg.mozilla.org/releases/mozilla-esr52
16:55:20     INFO - mozversion application_vendor: Mozilla
16:55:20     INFO - mozversion application_version: 52.8.2
16:55:20     INFO - mozversion platform_buildid: 20180608150819
16:55:20     INFO - mozversion platform_changeset: cbfdf01aac455e0591471201c96b89dee98190b5
16:55:20     INFO - mozversion platform_repository: https://hg.mozilla.org/releases/mozilla-esr52
16:55:20     INFO - mozversion platform_version: 52.8.2
16:55:20     INFO - Application command: /builds/slave/test/build/application/NightlyDebug.app/Contents/MacOS/firefox -no-remote -marionette -foreground -profile /var/folders/6j/h2_l2tgj0h5b111_ddr5tl_h00000w/T/tmpLl0CUx.mozrunner
16:55:23     INFO - Profile path is /var/folders/6j/h2_l2tgj0h5b111_ddr5tl_h00000w/T/tmpLl0CUx.mozrunner
16:55:23     INFO - Starting fixture servers
16:55:26     INFO - Fixture server listening on http://127.0.0.1:51427/
16:55:26     INFO - Fixture server listening on https://127.0.0.1:51428/
16:55:26     INFO - mozinfo updated from: /builds/slave/test/build/tests/mozinfo.json
16:55:26     INFO - mozinfo is: {u'bin_suffix': u'', u'pgo': False, u'sync': True, u'buildapp': u'browser', u'crashreporter': True, u'addon_signing': True, u'require_signing': False, u'release_or_beta': True, u'appname': u'firefox', u'mozconfig': u'/builds/slave/m-esr52-m64-d-0000000000000000/build/src/.mozconfig', u'topsrcdir': u'/builds/slave/m-esr52-m64-d-0000000000000000/build/src', u'telemetry': False, 'os_version': StringVersion ('10.10'), 'version': 'OS X 10.10.5', u'datareporting': True, u'buildtype_guess': u'debug', 'bits': 64, 'has_sandbox': True, u'sm_promise': True, u'toolkit': u'cocoa', u'healthreport': True, u'asan': False, u'platform_guess': u'macosx64', u'tests_enabled': True, u'official': True, u'tsan': False, u'nightly_build': False, u'debug': True, 'os': u'mac', 'processor': u'x86_64'}
16:55:26     INFO - e10s is enabled
16:55:26     INFO - mozversion application_buildid: 20180608150819
16:55:26     INFO - mozversion application_changeset: cbfdf01aac455e0591471201c96b89dee98190b5
16:55:26     INFO - mozversion application_display_name: Nightly
16:55:26     INFO - mozversion application_id: {ec8030f7-c20a-464f-9b0e-13a3a9e97384}
16:55:26     INFO - mozversion application_name: Firefox
16:55:26     INFO - mozversion application_remotingname: firefox
16:55:26     INFO - mozversion application_repository: https://hg.mozilla.org/releases/mozilla-esr52
16:55:26     INFO - mozversion application_vendor: Mozilla
16:55:26     INFO - mozversion application_version: 52.8.2
16:55:26     INFO - mozversion platform_buildid: 20180608150819
16:55:26     INFO - mozversion platform_changeset: cbfdf01aac455e0591471201c96b89dee98190b5
16:55:26     INFO - mozversion platform_repository: https://hg.mozilla.org/releases/mozilla-esr52
16:55:26     INFO - mozversion platform_version: 52.8.2
16:55:26     INFO - SUITE-START | Running 88 tests
16:55:26     INFO - TEST-START | test_text_chrome.py
16:55:26     INFO - TEST-SKIP | test_text_chrome.py | took 0ms
16:55:26     INFO - TEST-START | test_getactiveframe_oop.py
16:55:26     INFO - TEST-SKIP | test_getactiveframe_oop.py | took 0ms
16:55:26     INFO - TEST-START | test_marionette.py TestMarionette.test_correct_test_name
16:55:26     INFO - TEST-PASS | test_marionette.py TestMarionette.test_correct_test_name | took 122ms
16:55:26     INFO - TEST-START | test_marionette.py TestMarionette.test_wait_for_port_non_existing_process
16:55:26     INFO - Application command: /builds/slave/test/build/application/NightlyDebug.app/Contents/MacOS/firefox -no-remote -marionette -foreground -profile /var/folders/6j/h2_l2tgj0h5b111_ddr5tl_h00000w/T/tmpuBmM8k.mozrunner
16:55:32     INFO - TEST-PASS | test_marionette.py TestMarionette.test_wait_for_port_non_existing_process | took 5680ms
16:55:32     INFO - TEST-START | test_marionette.py TestProtocol2Errors.test_known_error_status
16:55:32     INFO - TEST-PASS | test_marionette.py TestProtocol2Errors.test_known_error_status | took 152ms
16:55:32     INFO - TEST-START | test_marionette.py TestProtocol2Errors.test_malformed_packet
16:55:32     INFO - TEST-PASS | test_marionette.py TestProtocol2Errors.test_malformed_packet | took 147ms
16:55:32     INFO - TEST-START | test_marionette.py TestProtocol2Errors.test_unknown_error_status
16:55:32     INFO - TEST-PASS | test_marionette.py TestProtocol2Errors.test_unknown_error_status | took 143ms
16:55:32     INFO - TEST-START | test_geckoinstance.py TestGeckoInstance.test_create
16:55:32     INFO - TEST-PASS | test_geckoinstance.py TestGeckoInstance.test_create | took 98ms
16:55:32     INFO - TEST-START | test_data_driven.py TestDataDriven.test_marionette_test_case_is_parameterizable
16:55:32     INFO - TEST-PASS | test_data_driven.py TestDataDriven.test_marionette_test_case_is_parameterizable | took 213ms
16:55:32     INFO - TEST-START | test_data_driven.py TestDataDriven.test_parameterized
16:55:33     INFO - TEST-PASS | test_data_driven.py TestDataDriven.test_parameterized | took 172ms
16:55:33     INFO - TEST-START | test_data_driven.py TestDataDriven.test_parameterized_same_name_raises_error
16:55:33     INFO - TEST-PASS | test_data_driven.py TestDataDriven.test_parameterized_same_name_raises_error | took 143ms
16:55:33     INFO - TEST-START | test_data_driven.py TestDataDriven.test_with_parameters
16:55:33     INFO - TEST-PASS | test_data_driven.py TestDataDriven.test_with_parameters | took 117ms
16:55:33     INFO - TEST-START | test_session.py TestSession.test_get_session_id
16:55:33     INFO - TEST-PASS | test_session.py TestSession.test_get_session_id | took 158ms
16:55:33     INFO - TEST-START | test_session.py TestSession.test_new_session_returns_capabilities
16:55:33     INFO - TEST-PASS | test_session.py TestSession.test_new_session_returns_capabilities | took 141ms
16:55:33     INFO - TEST-START | test_session.py TestSession.test_no_session
16:55:33     INFO - TEST-PASS | test_session.py TestSession.test_no_session | took 220ms
16:55:33     INFO - TEST-START | test_session.py TestSession.test_session_already_started
16:55:34     INFO - TEST-PASS | test_session.py TestSession.test_session_already_started | took 149ms
16:55:34     INFO - TEST-START | test_session.py TestSession.test_set_the_session_id
16:55:34     INFO - TEST-PASS | test_session.py TestSession.test_set_the_session_id | took 159ms
16:55:34     INFO - TEST-START | test_capabilities.py TestCapabilities.test_additional_capabilities
16:55:34     INFO - TEST-PASS | test_capabilities.py TestCapabilities.test_additional_capabilities | took 168ms
16:55:34     INFO - TEST-START | test_capabilities.py TestCapabilities.test_capability_types
16:55:34     INFO -  testing value
16:55:34     INFO -    with desiredCapabilities
16:55:34     INFO -    with requiredCapabilities
16:55:34     INFO -  testing value invalid
16:55:34     INFO -    with desiredCapabilities
16:55:34     INFO -    with requiredCapabilities
16:55:34     INFO -  testing value True
16:55:34     INFO -    with desiredCapabilities
16:55:34     INFO -    with requiredCapabilities
16:55:34     INFO -  testing value 42
16:55:34     INFO -    with desiredCapabilities
16:55:34     INFO -    with requiredCapabilities
16:55:34     INFO -  testing value []
16:55:34     INFO -    with desiredCapabilities
16:55:34     INFO -    with requiredCapabilities
16:55:34     INFO - TEST-PASS | test_capabilities.py TestCapabilities.test_capability_types | took 334ms
16:55:34     INFO - TEST-START | test_capabilities.py TestCapabilities.test_mandated_capabilities
16:55:34     INFO - TEST-PASS | test_capabilities.py TestCapabilities.test_mandated_capabilities | took 116ms
16:55:34     INFO - TEST-START | test_capabilities.py TestCapabilities.test_set_specification_level
16:55:35     INFO - TEST-PASS | test_capabilities.py TestCapabilities.test_set_specification_level | took 187ms
16:55:35     INFO - TEST-START | test_capabilities.py TestCapabilities.test_supported_features
16:55:35     INFO - TEST-PASS | test_capabilities.py TestCapabilities.test_supported_features | took 127ms
16:55:35     INFO - TEST-START | test_capabilities.py TestCapabilities.test_we_can_pass_in_required_capabilities_on_session_start
16:55:35     INFO - TEST-PASS | test_capabilities.py TestCapabilities.test_we_can_pass_in_required_capabilities_on_session_start | took 178ms
16:55:35     INFO - TEST-START | test_capabilities.py TestCapabilities.test_we_get_valid_uuid4_when_creating_a_session
16:55:35     INFO - TEST-PASS | test_capabilities.py TestCapabilities.test_we_get_valid_uuid4_when_creating_a_session | took 149ms
16:55:35     INFO - TEST-START | test_capabilities.py TestCapabilityMatching.test_accept_insecure_certs
16:55:35     INFO -  testing desiredCapabilities
16:55:35     INFO -    type <type 'str'>
16:55:35     INFO -    type <type 'int'>
16:55:35     INFO -    type <type 'dict'>
16:55:35     INFO -    type <type 'list'>
16:55:35     INFO -  testing requiredCapabilities
16:55:35     INFO -    type <type 'str'>
16:55:35     INFO -    type <type 'int'>
16:55:35     INFO -    type <type 'dict'>
16:55:35     INFO -    type <type 'list'>
16:55:35     INFO - TEST-PASS | test_capabilities.py TestCapabilityMatching.test_accept_insecure_certs | took 409ms
16:55:35     INFO - TEST-START | test_capabilities.py TestCapabilityMatching.test_browser_name_desired
16:55:36     INFO - TEST-PASS | test_capabilities.py TestCapabilityMatching.test_browser_name_desired | took 119ms
16:55:36     INFO - TEST-START | test_capabilities.py TestCapabilityMatching.test_browser_name_desired_allowed_types
16:55:36     INFO - TEST-PASS | test_capabilities.py TestCapabilityMatching.test_browser_name_desired_allowed_types | took 170ms
16:55:36     INFO - TEST-START | test_capabilities.py TestCapabilityMatching.test_browser_name_desired_disallowed_types
16:55:36     INFO - TEST-PASS | test_capabilities.py TestCapabilityMatching.test_browser_name_desired_disallowed_types | took 202ms
16:55:36     INFO - TEST-START | test_capabilities.py TestCapabilityMatching.test_browser_name_error_on_invalid_required
16:55:36     INFO - TEST-PASS | test_capabilities.py TestCapabilityMatching.test_browser_name_error_on_invalid_required | took 111ms
16:55:36     INFO - TEST-START | test_capabilities.py TestCapabilityMatching.test_browser_name_prefers_required
16:55:36     INFO - TEST-PASS | test_capabilities.py TestCapabilityMatching.test_browser_name_prefers_required | took 132ms
16:55:36     INFO - TEST-START | test_capabilities.py TestCapabilityMatching.test_browser_name_required
16:55:36     INFO - TEST-PASS | test_capabilities.py TestCapabilityMatching.test_browser_name_required | took 176ms
16:55:36     INFO - TEST-START | test_capabilities.py TestCapabilityMatching.test_browser_name_required_allowed_types
16:55:37     INFO - TEST-PASS | test_capabilities.py TestCapabilityMatching.test_browser_name_required_allowed_types | took 222ms
16:55:37     INFO - TEST-START | test_capabilities.py TestCapabilityMatching.test_browser_name_requried_disallowed_types
16:55:37     INFO - TEST-PASS | test_capabilities.py TestCapabilityMatching.test_browser_name_requried_disallowed_types | took 222ms
16:55:37     INFO - TEST-START | test_capabilities.py TestCapabilityMatching.test_page_load_strategy
16:55:37     INFO -  valid strategy none
16:55:37     INFO -  valid strategy eager
16:55:37     INFO -  valid strategy normal
16:55:37     INFO -  invalid strategy
16:55:37     INFO -  invalid strategy EAGER
16:55:37     INFO -  invalid strategy True
16:55:37     INFO -  invalid strategy 42
16:55:37     INFO -  invalid strategy {}
16:55:37     INFO -  invalid strategy []
16:55:37     INFO - TEST-PASS | test_capabilities.py TestCapabilityMatching.test_page_load_strategy | took 257ms
16:55:37     INFO - TEST-START | test_capabilities.py TestCapabilityMatching.test_platform_name_desired
16:55:37     INFO - TEST-PASS | test_capabilities.py TestCapabilityMatching.test_platform_name_desired | took 120ms
16:55:37     INFO - TEST-START | test_capabilities.py TestCapabilityMatching.test_platform_name_desired_allowed_types
16:55:37     INFO - TEST-PASS | test_capabilities.py TestCapabilityMatching.test_platform_name_desired_allowed_types | took 162ms
16:55:37     INFO - TEST-START | test_capabilities.py TestCapabilityMatching.test_platform_name_desired_disallowed_types
16:55:37     INFO - TEST-PASS | test_capabilities.py TestCapabilityMatching.test_platform_name_desired_disallowed_types | took 180ms
16:55:37     INFO - TEST-START | test_capabilities.py TestCapabilityMatching.test_platform_name_error_on_invalid_required
16:55:38     INFO - TEST-PASS | test_capabilities.py TestCapabilityMatching.test_platform_name_error_on_invalid_required | took 663ms
16:55:38     INFO - TEST-START | test_capabilities.py TestCapabilityMatching.test_platform_name_prefers_required
16:55:38     INFO - TEST-PASS | test_capabilities.py TestCapabilityMatching.test_platform_name_prefers_required | took 302ms
16:55:38     INFO - TEST-START | test_capabilities.py TestCapabilityMatching.test_platform_name_required
16:55:39     INFO - TEST-PASS | test_capabilities.py TestCapabilityMatching.test_platform_name_required | took 276ms
16:55:39     INFO - TEST-START | test_capabilities.py TestCapabilityMatching.test_platform_name_required_allowed_types
16:55:39     INFO - TEST-PASS | test_capabilities.py TestCapabilityMatching.test_platform_name_required_allowed_types | took 473ms
16:55:39     INFO - TEST-START | test_capabilities.py TestCapabilityMatching.test_platform_name_requried_disallowed_types
16:55:40     INFO - TEST-PASS | test_capabilities.py TestCapabilityMatching.test_platform_name_requried_disallowed_types | took 746ms
16:55:40     INFO - TEST-START | test_capabilities.py TestCapabilityMatching.test_proxy_default
16:55:40     INFO - TEST-PASS | test_capabilities.py TestCapabilityMatching.test_proxy_default | took 245ms
16:55:40     INFO - TEST-START | test_capabilities.py TestCapabilityMatching.test_proxy_desired
16:55:40     INFO - TEST-PASS | test_capabilities.py TestCapabilityMatching.test_proxy_desired | took 274ms
16:55:40     INFO - TEST-START | test_capabilities.py TestCapabilityMatching.test_proxy_required
16:55:41     INFO - TEST-PASS | test_capabilities.py TestCapabilityMatching.test_proxy_required | took 282ms
16:55:41     INFO - TEST-START | test_capabilities.py TestCapabilityMatching.test_timeouts
16:55:41     INFO - TEST-PASS | test_capabilities.py TestCapabilityMatching.test_timeouts | took 140ms
16:55:41     INFO - TEST-START | test_accessibility.py TestAccessibility.test_click_raises_element_not_accessible
16:55:44     INFO - TEST-PASS | test_accessibility.py TestAccessibility.test_click_raises_element_not_accessible | took 2716ms
16:55:44     INFO - TEST-START | test_accessibility.py TestAccessibility.test_click_raises_no_exceptions
16:55:44     INFO - TEST-PASS | test_accessibility.py TestAccessibility.test_click_raises_no_exceptions | took 788ms
16:55:44     INFO - TEST-START | test_accessibility.py TestAccessibility.test_element_is_enabled_to_accessibility
16:55:45     INFO - TEST-PASS | test_accessibility.py TestAccessibility.test_element_is_enabled_to_accessibility | took 452ms
16:55:45     INFO - TEST-START | test_accessibility.py TestAccessibility.test_element_is_not_enabled_to_accessbility
16:55:46     INFO - TEST-PASS | test_accessibility.py TestAccessibility.test_element_is_not_enabled_to_accessbility | took 867ms
16:55:46     INFO - TEST-START | test_accessibility.py TestAccessibility.test_element_is_visible_to_accessibility
16:55:46     INFO - TEST-PASS | test_accessibility.py TestAccessibility.test_element_is_visible_to_accessibility | took 697ms
16:55:46     INFO - TEST-START | test_accessibility.py TestAccessibility.test_element_visible_but_not_visible_to_accessbility
16:55:47     INFO - TEST-PASS | test_accessibility.py TestAccessibility.test_element_visible_but_not_visible_to_accessbility | took 520ms
16:55:47     INFO - TEST-START | test_accessibility.py TestAccessibility.test_is_selected_raises_no_exception
16:55:47     INFO - TEST-PASS | test_accessibility.py TestAccessibility.test_is_selected_raises_no_exception | took 568ms
16:55:47     INFO - TEST-START | test_accessibility.py TestAccessibility.test_send_keys_raises_element_not_accessible
16:55:48     INFO - TEST-PASS | test_accessibility.py TestAccessibility.test_send_keys_raises_element_not_accessible | took 494ms
16:55:48     INFO - TEST-START | test_accessibility.py TestAccessibility.test_send_keys_raises_no_exception
16:55:49     INFO - TEST-PASS | test_accessibility.py TestAccessibility.test_send_keys_raises_no_exception | took 743ms
16:55:49     INFO - TEST-START | test_accessibility.py TestAccessibility.test_single_tap_raises_element_not_accessible
16:55:50     INFO - TEST-PASS | test_accessibility.py TestAccessibility.test_single_tap_raises_element_not_accessible | took 1735ms
16:55:50     INFO - TEST-START | test_accessibility.py TestAccessibility.test_single_tap_raises_no_exceptions
16:55:52     INFO - TEST-PASS | test_accessibility.py TestAccessibility.test_single_tap_raises_no_exceptions | took 1527ms
16:55:52     INFO - TEST-START | test_accessibility.py TestAccessibility.test_valid_click
16:55:53     INFO - TEST-PASS | test_accessibility.py TestAccessibility.test_valid_click | took 871ms
16:55:53     INFO - TEST-START | test_accessibility.py TestAccessibility.test_valid_single_tap
16:55:54     INFO - TEST-PASS | test_accessibility.py TestAccessibility.test_valid_single_tap | took 958ms
16:55:54     INFO - TEST-START | test_expectedfail.py TestFail.test_fails
16:55:54     INFO - TEST-FAIL | test_expectedfail.py TestFail.test_fails | took 215ms
16:55:54     INFO - TEST-START | test_import_script.py TestImportScriptChrome.test_clear_scripts_in_other_context
16:55:54     INFO - TEST-PASS | test_import_script.py TestImportScriptChrome.test_clear_scripts_in_other_context | took 278ms
16:55:54     INFO - TEST-START | test_import_script.py TestImportScriptChrome.test_import_script
16:55:55     INFO - TEST-PASS | test_import_script.py TestImportScriptChrome.test_import_script | took 352ms
16:55:55     INFO - TEST-START | test_import_script.py TestImportScriptChrome.test_import_script_and_clear
16:55:55     INFO - TEST-PASS | test_import_script.py TestImportScriptChrome.test_import_script_and_clear | took 232ms
16:55:55     INFO - TEST-START | test_import_script.py TestImportScriptChrome.test_import_script_twice
16:55:55     INFO - TEST-PASS | test_import_script.py TestImportScriptChrome.test_import_script_twice | took 196ms
16:55:55     INFO - TEST-START | test_import_script.py TestImportScriptChrome.test_imports_apply_globally
16:55:55     INFO - TEST-SKIP | test_import_script.py TestImportScriptChrome.test_imports_apply_globally | took 109ms
16:55:55     INFO - TEST-START | test_import_script.py TestImportScriptChrome.test_multiple_imports
16:55:56     INFO - TEST-PASS | test_import_script.py TestImportScriptChrome.test_multiple_imports | took 191ms
16:55:56     INFO - TEST-START | test_import_script.py TestImportScriptContent.test_clear_scripts_in_other_context
16:55:56     INFO - TEST-PASS | test_import_script.py TestImportScriptContent.test_clear_scripts_in_other_context | took 234ms
16:55:56     INFO - TEST-START | test_import_script.py TestImportScriptContent.test_import_script
16:55:56     INFO - TEST-PASS | test_import_script.py TestImportScriptContent.test_import_script | took 209ms
16:55:56     INFO - TEST-START | test_import_script.py TestImportScriptContent.test_import_script_and_clear
16:55:56     INFO - TEST-PASS | test_import_script.py TestImportScriptContent.test_import_script_and_clear | took 227ms
16:55:56     INFO - TEST-START | test_import_script.py TestImportScriptContent.test_import_script_twice
16:55:56     INFO - TEST-PASS | test_import_script.py TestImportScriptContent.test_import_script_twice | took 200ms
16:55:56     INFO - TEST-START | test_import_script.py TestImportScriptContent.test_imports_apply_globally
16:55:58     INFO - TEST-PASS | test_import_script.py TestImportScriptContent.test_imports_apply_globally | took 1614ms
16:55:58     INFO - TEST-START | test_import_script.py TestImportScriptContent.test_multiple_imports
16:55:58     INFO - TEST-PASS | test_import_script.py TestImportScriptContent.test_multiple_imports | took 329ms
16:55:58     INFO - TEST-START | test_click.py TestClick.test_centre_outside_viewport
16:55:59     INFO - TEST-PASS | test_click.py TestClick.test_centre_outside_viewport | took 639ms
16:55:59     INFO - TEST-START | test_click.py TestClick.test_centre_outside_viewport_horizontally
16:56:00     INFO - TEST-PASS | test_click.py TestClick.test_centre_outside_viewport_horizontally | took 929ms
16:56:00     INFO - TEST-START | test_click.py TestClick.test_centre_outside_viewport_vertically
16:56:01     INFO - TEST-PASS | test_click.py TestClick.test_centre_outside_viewport_vertically | took 731ms
16:56:01     INFO - TEST-START | test_click.py TestClick.test_click
16:56:02     INFO - TEST-PASS | test_click.py TestClick.test_click | took 1440ms
16:56:02     INFO - TEST-START | test_click.py TestClick.test_click_element_obscured_by_absolute_positioned_element
16:56:03     INFO - TEST-PASS | test_click.py TestClick.test_click_element_obscured_by_absolute_positioned_element | took 992ms
16:56:03     INFO - TEST-START | test_click.py TestClick.test_click_number_link
16:56:04     INFO - TEST-PASS | test_click.py TestClick.test_click_number_link | took 962ms
16:56:04     INFO - TEST-START | test_click.py TestClick.test_clicking_an_element_that_is_not_displayed_raises
16:56:05     INFO - TEST-PASS | test_click.py TestClick.test_clicking_an_element_that_is_not_displayed_raises | took 612ms
16:56:05     INFO - TEST-START | test_click.py TestClick.test_clicking_on_a_multiline_link
16:56:06     INFO - TEST-PASS | test_click.py TestClick.test_clicking_on_a_multiline_link | took 1195ms
16:56:06     INFO - TEST-START | test_click.py TestClick.test_container_element
16:56:06     INFO - TEST-PASS | test_click.py TestClick.test_container_element | took 545ms
16:56:06     INFO - TEST-START | test_click.py TestClick.test_container_element_outside_view
16:56:07     INFO - TEST-PASS | test_click.py TestClick.test_container_element_outside_view | took 540ms
16:56:07     INFO - TEST-START | test_click.py TestClick.test_css_transforms
16:56:08     INFO - TEST-PASS | test_click.py TestClick.test_css_transforms | took 697ms
16:56:08     INFO - TEST-START | test_click.py TestClick.test_input_file
16:56:08     INFO - TEST-PASS | test_click.py TestClick.test_input_file | took 871ms
16:56:08     INFO - TEST-START | test_click.py TestClick.test_obscured_element
16:56:10     INFO - TEST-PASS | test_click.py TestClick.test_obscured_element | took 1167ms
16:56:10     INFO - TEST-START | test_click.py TestClick.test_scroll_into_view_near_end
16:56:10     INFO - TEST-PASS | test_click.py TestClick.test_scroll_into_view_near_end | took 643ms
16:56:10     INFO - TEST-START | test_click.py TestLegacyClick.test_click
16:56:11     INFO - TEST-PASS | test_click.py TestLegacyClick.test_click | took 445ms
16:56:11     INFO - TEST-START | test_click.py TestLegacyClick.test_click_number_link
16:56:11     INFO - TEST-PASS | test_click.py TestLegacyClick.test_click_number_link | took 620ms
16:56:11     INFO - TEST-START | test_click.py TestLegacyClick.test_clicking_an_element_that_is_not_displayed_raises
16:56:12     INFO - TEST-PASS | test_click.py TestLegacyClick.test_clicking_an_element_that_is_not_displayed_raises | took 567ms
16:56:12     INFO - TEST-START | test_click.py TestLegacyClick.test_clicking_on_a_multiline_link
16:56:13     INFO - TEST-PASS | test_click.py TestLegacyClick.test_clicking_on_a_multiline_link | took 1311ms
16:56:13     INFO - TEST-START | test_click.py TestLegacyClick.test_scroll_into_view_near_end
16:56:14     INFO - TEST-PASS | test_click.py TestLegacyClick.test_scroll_into_view_near_end | took 838ms
16:56:14     INFO - TEST-START | test_click_chrome.py TestClickChrome.test_click
16:56:15     INFO - TEST-PASS | test_click_chrome.py TestClickChrome.test_click | took 1104ms
16:56:15     INFO - TEST-START | test_checkbox.py TestCheckbox.test_selected
16:56:16     INFO - TEST-PASS | test_checkbox.py TestCheckbox.test_selected | took 646ms
16:56:16     INFO - TEST-START | test_checkbox_chrome.py TestSelectedChrome.test_selected
16:56:17     INFO - TEST-PASS | test_checkbox_chrome.py TestSelectedChrome.test_selected | took 1178ms
16:56:17     INFO - TEST-START | test_elementsize.py TestElementSize.testShouldReturnTheSizeOfALink
16:56:17     INFO - TEST-PASS | test_elementsize.py TestElementSize.testShouldReturnTheSizeOfALink | took 469ms
16:56:17     INFO - TEST-START | test_elementsize_chrome.py TestElementSizeChrome.testShouldReturnTheSizeOfAnInput
16:56:18     INFO - TEST-PASS | test_elementsize_chrome.py TestElementSizeChrome.testShouldReturnTheSizeOfAnInput | took 835ms
16:56:18     INFO - TEST-START | test_position.py TestPosition.test_should_get_element_position_back
16:56:19     INFO - TEST-PASS | test_position.py TestPosition.test_should_get_element_position_back | took 459ms
16:56:19     INFO - TEST-START | test_rendered_element.py RenderedElementTests.testWeCanGetComputedStyleValueOnElement
16:56:19     INFO - TEST-PASS | test_rendered_element.py RenderedElementTests.testWeCanGetComputedStyleValueOnElement | took 496ms
16:56:19     INFO - TEST-START | test_chrome_element_css.py TestChromeElementCSS.test_we_can_get_css_value_on_chrome_element
16:56:20     INFO - TEST-PASS | test_chrome_element_css.py TestChromeElementCSS.test_we_can_get_css_value_on_chrome_element | took 444ms
16:56:20     INFO - TEST-START | test_element_state.py TestGetElementAttribute.test_boolean_attributes
16:56:20     INFO -  testing boolean attribute <textarea autofocus>
16:56:20     INFO -  testing boolean attribute <textarea disabled>
16:56:20     INFO -  testing boolean attribute <textarea readonly>
16:56:21     INFO -  testing boolean attribute <textarea required>
16:56:21     INFO -  testing boolean attribute <object typemustmatch>
16:56:21     INFO -  testing boolean attribute <fieldset disabled>
16:56:21     INFO -  testing boolean attribute <iframe allowfullscreen>
16:56:22     INFO -  testing boolean attribute <form novalidate>
16:56:22     INFO -  testing boolean attribute <script async>
16:56:22     INFO -  testing boolean attribute <script defer>
16:56:23     INFO -  testing boolean attribute <track default>
16:56:23     INFO -  testing boolean attribute <button autofocus>
16:56:23     INFO -  testing boolean attribute <button disabled>
16:56:24     INFO -  testing boolean attribute <button formnovalidate>
16:56:24     INFO -  testing boolean attribute <img ismap>
16:56:25     INFO -  testing boolean attribute <optgroup disabled>
16:56:25     INFO -  testing boolean attribute <ol reversed>
16:56:25     INFO -  testing boolean attribute <video autoplay>
16:56:26     INFO -  testing boolean attribute <video controls>
16:56:26     INFO -  testing boolean attribute <video loop>
16:56:26     INFO -  testing boolean attribute <video muted>
16:56:27     INFO -  testing boolean attribute <details open>
16:56:27     INFO -  testing boolean attribute <dialog open>
16:56:28     INFO -  testing boolean attribute <menuitem checked>
16:56:28     INFO -  testing boolean attribute <menuitem default>
16:56:29     INFO -  testing boolean attribute <menuitem disabled>
16:56:29     INFO -  testing boolean attribute <input autofocus>
16:56:29     INFO -  testing boolean attribute <input checked>
16:56:29     INFO -  testing boolean attribute <input disabled>
16:56:30     INFO -  testing boolean attribute <input formnovalidate>
16:56:30     INFO -  testing boolean attribute <input multiple>
16:56:30     INFO -  testing boolean attribute <input readonly>
16:56:30     INFO -  testing boolean attribute <input required>
16:56:31     INFO -  testing boolean attribute <audio autoplay>
16:56:31     INFO -  testing boolean attribute <audio controls>
16:56:32     INFO -  testing boolean attribute <audio loop>
16:56:32     INFO -  testing boolean attribute <audio muted>
16:56:33     INFO -  testing boolean attribute <select autofocus>
16:56:33     INFO -  testing boolean attribute <select disabled>
16:56:33     INFO -  testing boolean attribute <select multiple>
16:56:34     INFO -  testing boolean attribute <select required>
16:56:35     INFO -  testing boolean attribute <option disabled>
16:56:35     INFO -  testing boolean attribute <option selected>
16:56:36     INFO - TEST-PASS | test_element_state.py TestGetElementAttribute.test_boolean_attributes | took 15816ms
16:56:36     INFO - TEST-START | test_element_state.py TestGetElementAttribute.test_global_boolean_attributes
16:56:37     INFO - TEST-PASS | test_element_state.py TestGetElementAttribute.test_global_boolean_attributes | took 1150ms
16:56:37     INFO - TEST-START | test_element_state.py TestGetElementAttribute.test_normal_attribute
16:56:37     INFO - TEST-PASS | test_element_state.py TestGetElementAttribute.test_normal_attribute | took 428ms
16:56:37     INFO - TEST-START | test_element_state.py TestGetElementAttribute.test_xhtml
16:56:38     INFO - TEST-PASS | test_element_state.py TestGetElementAttribute.test_xhtml | took 434ms
16:56:38     INFO - TEST-START | test_element_state.py TestGetElementProperty.test_attribute_not_returned
16:56:38     INFO - TEST-PASS | test_element_state.py TestGetElementProperty.test_attribute_not_returned | took 353ms
16:56:38     INFO - TEST-START | test_element_state.py TestGetElementProperty.test_get
16:56:38     INFO - TEST-PASS | test_element_state.py TestGetElementProperty.test_get | took 362ms
16:56:38     INFO - TEST-START | test_element_state.py TestGetElementProperty.test_manipulated_element
16:56:39     INFO - TEST-PASS | test_element_state.py TestGetElementProperty.test_manipulated_element | took 638ms
16:56:39     INFO - TEST-START | test_element_state.py TestGetElementProperty.test_missing_property_returns_default
16:56:39     INFO - TEST-PASS | test_element_state.py TestGetElementProperty.test_missing_property_returns_default | took 443ms
16:56:39     INFO - TEST-START | test_element_state.py TestIsElementDisplayed.test_is_displayed
16:56:40     INFO - TEST-PASS | test_element_state.py TestIsElementDisplayed.test_is_displayed | took 531ms
16:56:40     INFO - TEST-START | test_element_state.py TestIsElementEnabled.test_is_enabled
16:56:40     INFO - TEST-PASS | test_element_state.py TestIsElementEnabled.test_is_enabled | took 411ms
16:56:40     INFO - TEST-START | test_element_state_chrome.py TestGetElementAttributeChrome.test_get
16:56:41     INFO - TEST-PASS | test_element_state_chrome.py TestGetElementAttributeChrome.test_get | took 566ms
16:56:41     INFO - TEST-START | test_element_state_chrome.py TestGetElementProperty.test_get
16:56:42     INFO - TEST-PASS | test_element_state_chrome.py TestGetElementProperty.test_get | took 731ms
16:56:42     INFO - TEST-START | test_element_state_chrome.py TestIsElementDisplayed.test_isDisplayed
16:56:42     INFO - TEST-SKIP | test_element_state_chrome.py TestIsElementDisplayed.test_isDisplayed | took 1ms
16:56:42     INFO - TEST-START | test_element_state_chrome.py TestIsElementEnabledChrome.test_can_get_element_rect
16:56:43     INFO - TEST-PASS | test_element_state_chrome.py TestIsElementEnabledChrome.test_can_get_element_rect | took 1628ms
16:56:43     INFO - TEST-START | test_element_state_chrome.py TestIsElementEnabledChrome.test_enabled
16:56:44     INFO - TEST-PASS | test_element_state_chrome.py TestIsElementEnabledChrome.test_enabled | took 1113ms
16:56:44     INFO - TEST-START | test_text.py TestText.testNumericNonShiftKeys
16:56:45     INFO - TEST-PASS | test_text.py TestText.testNumericNonShiftKeys | took 990ms
16:56:45     INFO - TEST-START | test_text.py TestText.testShouldTypeAnInteger
16:56:46     INFO - TEST-PASS | test_text.py TestText.testShouldTypeAnInteger | took 822ms
16:56:46     INFO - TEST-START | test_text.py TestText.test_arrow_keys_are_not_printable
16:56:47     INFO - TEST-PASS | test_text.py TestText.test_arrow_keys_are_not_printable | took 603ms
16:56:47     INFO - TEST-START | test_text.py TestText.test_clearText
16:56:47     INFO - TEST-PASS | test_text.py TestText.test_clearText | took 647ms
16:56:47     INFO - TEST-START | test_text.py TestText.test_getText
16:56:49     INFO - TEST-PASS | test_text.py TestText.test_getText | took 1311ms
16:56:49     INFO - TEST-START | test_text.py TestText.test_sendKeys
16:56:49     INFO - TEST-PASS | test_text.py TestText.test_sendKeys | took 474ms
16:56:49     INFO - TEST-START | test_text.py TestText.test_send_keys_to_type_input
16:56:50     INFO - TEST-PASS | test_text.py TestText.test_send_keys_to_type_input | took 451ms
16:56:50     INFO - TEST-START | test_text.py TestText.test_should_fire_key_down_events
16:56:50     INFO - TEST-PASS | test_text.py TestText.test_should_fire_key_down_events | took 511ms
16:56:50     INFO - TEST-START | test_text.py TestText.test_should_fire_key_press_events
16:56:51     INFO - TEST-PASS | test_text.py TestText.test_should_fire_key_press_events | took 459ms
16:56:51     INFO - TEST-START | test_text.py TestText.test_should_fire_key_up_events
16:56:51     INFO - TEST-PASS | test_text.py TestText.test_should_fire_key_up_events | took 713ms
16:56:51     INFO - TEST-START | test_text.py TestText.test_should_report_key_code_of_arrow_keys_up_down_events

command interrupted, attempting to kill
process killed by signal 9
program finished with exit code -1
elapsedTime=172.902459
The web-page 'stop build' button was pressed by 'rvandermeulen@mozilla.com': Cancelled via self-serve
========= master_lag: 0.02 =========
========= Finished '/tools/buildbot/bin/python -u ...' interrupted (results: 4, elapsed: 2 mins, 52 secs) (at 2018-06-08 16:56:53.088117) =========

========= Started set props: build_url (results: 0, elapsed: 0 secs) (at 2018-06-08 16:56:53.092106) =========
bash -c 'for file in `ls -1`; do cat $file; done'
 in dir /builds/slave/test/properties (timeout 1200 secs)
 watching logfiles {}
 argv: ['bash', '-c', 'for file in `ls -1`; do cat $file; done']
 environment:
  Apple_PubSub_Socket_Render=/private/tmp/com.apple.launchd.GD21awncaw/Render
  GIT_SHARE_BASE_DIR=/builds/git-shared
  HG_SHARE_BASE_DIR=/builds/hg-shared
  HOME=/Users/cltbld
  IDLEIZER_DISABLE_SHUTDOWN=true
  LOGNAME=cltbld
  PATH=/usr/local/sbin:/usr/local/bin:/usr/sbin:/usr/bin:/sbin:/bin:/usr/bin/X11
  PWD=/builds/slave/test/properties
  RUNNER_CONFIG_CMD=/opt/runner/bin/python2.7 /opt/runner/bin/runner -c /opt/runner/runner.cfg
  SHELL=/bin/bash
  SSH_AUTH_SOCK=/private/tmp/com.apple.launchd.HuneRqluoD/Listeners
  TMPDIR=/var/folders/6j/h2_l2tgj0h5b111_ddr5tl_h00000w/T/
  TWISTD_LOG_PATH=/builds/slave/twistd.log
  USER=cltbld
  VERSIONER_PYTHON_PREFER_32_BIT=no
  VERSIONER_PYTHON_VERSION=2.7
  XPC_FLAGS=0x0
  XPC_SERVICE_NAME=0
  __CF_USER_TEXT_ENCODING=0x1C:0:0
 using PTY: False
build_url:https://queue.taskcluster.net/v1/task/cbf86eh2SwWGC1LFFrbavg/artifacts/public/build/firefox-52.8.2.en-US.mac64.dmg
program finished with exit code 0
elapsedTime=0.010857
build_url: 'https://queue.taskcluster.net/v1/task/cbf86eh2SwWGC1LFFrbavg/artifacts/public/build/firefox-52.8.2.en-US.mac64.dmg'
========= master_lag: 0.04 =========
========= Finished set props: build_url (results: 0, elapsed: 0 secs) (at 2018-06-08 16:56:53.142816) =========

========= Started 'rm -f ...' (results: 0, elapsed: 0 secs) (at 2018-06-08 16:56:53.143140) =========
rm -f oauth.txt
 in dir /builds/slave/test/. (timeout 1200 secs)
 watching logfiles {}
 argv: ['rm', '-f', 'oauth.txt']
 environment:
  Apple_PubSub_Socket_Render=/private/tmp/com.apple.launchd.GD21awncaw/Render
  GIT_SHARE_BASE_DIR=/builds/git-shared
  HG_SHARE_BASE_DIR=/builds/hg-shared
  HOME=/Users/cltbld
  IDLEIZER_DISABLE_SHUTDOWN=true
  LOGNAME=cltbld
  PATH=/usr/local/sbin:/usr/local/bin:/usr/sbin:/usr/bin:/sbin:/bin:/usr/bin/X11
  PWD=/builds/slave/test
  RUNNER_CONFIG_CMD=/opt/runner/bin/python2.7 /opt/runner/bin/runner -c /opt/runner/runner.cfg
  SHELL=/bin/bash
  SSH_AUTH_SOCK=/private/tmp/com.apple.launchd.HuneRqluoD/Listeners
  TMPDIR=/var/folders/6j/h2_l2tgj0h5b111_ddr5tl_h00000w/T/
  TWISTD_LOG_PATH=/builds/slave/twistd.log
  USER=cltbld
  VERSIONER_PYTHON_PREFER_32_BIT=no
  VERSIONER_PYTHON_VERSION=2.7
  XPC_FLAGS=0x0
  XPC_SERVICE_NAME=0
  __CF_USER_TEXT_ENCODING=0x1C:0:0
 using PTY: False
program finished with exit code 0
elapsedTime=0.005267
========= master_lag: 0.04 =========
========= Finished 'rm -f ...' (results: 0, elapsed: 0 secs) (at 2018-06-08 16:56:53.191884) =========

========= Started reboot skipped (results: 3, elapsed: 0 secs) (at 2018-06-08 16:56:53.192199) =========
========= Finished reboot skipped (results: 3, elapsed: 0 secs) (at 2018-06-08 16:56:53.192464) =========

========= Total master_lag: 0.15 =========

