builder: mozilla-esr52_win8_64-debug_test-web-platform-tests-4
slave: t-w864-ix-038
starttime: 1528501902.34
results: cancelled (6)
buildid: 20180608150819
builduid: b298b373e93d4f8dbf92436c9ed838a2
revision: cbfdf01aac455e0591471201c96b89dee98190b5

========= Started set props: master (results: 0, elapsed: 0 secs) (at 2018-06-08 16:51:42.335638) =========
master: http://buildbot-master109.bb.releng.scl3.mozilla.com:8201/
========= Finished set props: master (results: 0, elapsed: 0 secs) (at 2018-06-08 16:51:42.336347) =========

========= Started downloading to buildprops.json (results: 0, elapsed: 0 secs) (at 2018-06-08 16:51:42.336688) =========
========= Finished downloading to buildprops.json (results: 0, elapsed: 0 secs) (at 2018-06-08 16:51:42.474121) =========

========= Started 'bash -c ...' (results: 0, elapsed: 2 secs) (at 2018-06-08 16:51:42.474576) =========
'bash' '-c' 'wget -Oarchiver_client.py --no-check-certificate --tries=10 --waitretry=3 https://hg.mozilla.org/build/tools/raw-file/default/buildfarm/utils/archiver_client.py'
 in dir C:\slave\test\. (timeout 1200 secs)
 watching logfiles {}
 argv: ['bash', '-c', 'wget -Oarchiver_client.py --no-check-certificate --tries=10 --waitretry=3 https://hg.mozilla.org/build/tools/raw-file/default/buildfarm/utils/archiver_client.py']
 environment:
  ALLUSERSPROFILE=C:\ProgramData
  APPDATA=C:\Users\cltbld.T-W864-IX-038.001\AppData\Roaming
  COMMONPROGRAMFILES=C:\Program Files (x86)\Common Files
  COMMONPROGRAMFILES(X86)=C:\Program Files (x86)\Common Files
  COMMONPROGRAMW6432=C:\Program Files\Common Files
  COMPUTERNAME=T-W864-IX-038
  COMSPEC=C:\windows\system32\cmd.exe
  DCLOCATION=SCL3
  DNSSUFFIX=wintest.releng.scl3.mozilla.com
  FP_NO_HOST_CHECK=NO
  HOMEDRIVE=C:
  HOMEPATH=\Users\cltbld.T-W864-IX-038.001
  KTS_HOME=C:\Program Files\KTS
  KTS_VERSION=1.19c
  LOCALAPPDATA=C:\Users\cltbld.T-W864-IX-038.001\AppData\Local
  LOGONSERVER=\\T-W864-IX-038
  MONDIR=C:\Monitor_config\
  MOZBUILDDIR=C:\mozilla-build\
  NUMBER_OF_PROCESSORS=8
  OS=Windows_NT
  OURDRIVE=C:
  PATH=C:\Program Files (x86)\NVIDIA Corporation\PhysX\Common;C:\windows\system32;C:\windows;C:\windows\System32\Wbem;C:\windows\System32\WindowsPowerShell\v1.0\;C:\mozilla-build\python27;C:\mozilla-build\python27\Scripts;C:\mozilla-build\msys\bin;C:\mozilla-build\vim\vim72;C:\mozilla-build\wget;C:\mozilla-build\info-zip;C:\CoreUtils\bin;C:\mozilla-build\buildbotve\scripts;C:\mozilla-build\hg
  PATHEXT=.COM;.EXE;.BAT;.CMD;.VBS;.VBE;.JS;.JSE;.WSF;.WSH;.MSC
  PROCESSOR_ARCHITECTURE=x86
  PROCESSOR_ARCHITEW6432=AMD64
  PROCESSOR_IDENTIFIER=Intel64 Family 6 Model 30 Stepping 5, GenuineIntel
  PROCESSOR_LEVEL=6
  PROCESSOR_REVISION=1e05
  PROGRAMDATA=C:\ProgramData
  PROGRAMFILES=C:\Program Files (x86)
  PROGRAMFILES(X86)=C:\Program Files (x86)
  PROGRAMW6432=C:\Program Files
  PROMPT=$P$G
  PSMODULEPATH=C:\windows\system32\WindowsPowerShell\v1.0\Modules\
  PUBLIC=C:\Users\Public
  PWD=C:\slave\test
  RUNLOGFILE=C:\slave\\runslave.log
  SLAVEDIR=C:\slave\
  SYSTEMDRIVE=C:
  SYSTEMROOT=C:\windows
  TEMP=C:\Users\CLTBLD~1.001\AppData\Local\Temp
  TEST1=testie
  TMP=C:\Users\CLTBLD~1.001\AppData\Local\Temp
  USERDOMAIN=T-W864-IX-038
  USERDOMAIN_ROAMINGPROFILE=T-W864-IX-038
  USERNAME=cltbld
  USERPROFILE=C:\Users\cltbld.T-W864-IX-038.001
  WINDIR=C:\windows
 using PTY: False
--16:51:44--  https://hg.mozilla.org/build/tools/raw-file/default/buildfarm/utils/archiver_client.py
           => `archiver_client.py'
Resolving hg.mozilla.org... 63.245.215.102, 63.245.215.25
Connecting to hg.mozilla.org|63.245.215.102|:443... connected.
WARNING: Certificate verification error for hg.mozilla.org: certificate signature failure
HTTP request sent, awaiting response... 200 Script output follows
Length: 12,179 (12K) [text/x-python]

    0K .......... .                                          100%   18.30 MB/s

16:51:44 (18.30 MB/s) - `archiver_client.py' saved [12179/12179]

program finished with exit code 0
elapsedTime=2.086000
========= master_lag: 0.06 =========
========= Finished 'bash -c ...' (results: 0, elapsed: 2 secs) (at 2018-06-08 16:51:44.616181) =========

========= Started 'rm -rf ...' (results: 0, elapsed: 3 secs) (at 2018-06-08 16:51:44.616560) =========
'rm' '-rf' 'scripts' 'properties'
 in dir C:\slave\test\. (timeout 1200 secs)
 watching logfiles {}
 argv: ['rm', '-rf', 'scripts', 'properties']
 environment:
  ALLUSERSPROFILE=C:\ProgramData
  APPDATA=C:\Users\cltbld.T-W864-IX-038.001\AppData\Roaming
  COMMONPROGRAMFILES=C:\Program Files (x86)\Common Files
  COMMONPROGRAMFILES(X86)=C:\Program Files (x86)\Common Files
  COMMONPROGRAMW6432=C:\Program Files\Common Files
  COMPUTERNAME=T-W864-IX-038
  COMSPEC=C:\windows\system32\cmd.exe
  DCLOCATION=SCL3
  DNSSUFFIX=wintest.releng.scl3.mozilla.com
  FP_NO_HOST_CHECK=NO
  HOMEDRIVE=C:
  HOMEPATH=\Users\cltbld.T-W864-IX-038.001
  KTS_HOME=C:\Program Files\KTS
  KTS_VERSION=1.19c
  LOCALAPPDATA=C:\Users\cltbld.T-W864-IX-038.001\AppData\Local
  LOGONSERVER=\\T-W864-IX-038
  MONDIR=C:\Monitor_config\
  MOZBUILDDIR=C:\mozilla-build\
  NUMBER_OF_PROCESSORS=8
  OS=Windows_NT
  OURDRIVE=C:
  PATH=C:\Program Files (x86)\NVIDIA Corporation\PhysX\Common;C:\windows\system32;C:\windows;C:\windows\System32\Wbem;C:\windows\System32\WindowsPowerShell\v1.0\;C:\mozilla-build\python27;C:\mozilla-build\python27\Scripts;C:\mozilla-build\msys\bin;C:\mozilla-build\vim\vim72;C:\mozilla-build\wget;C:\mozilla-build\info-zip;C:\CoreUtils\bin;C:\mozilla-build\buildbotve\scripts;C:\mozilla-build\hg
  PATHEXT=.COM;.EXE;.BAT;.CMD;.VBS;.VBE;.JS;.JSE;.WSF;.WSH;.MSC
  PROCESSOR_ARCHITECTURE=x86
  PROCESSOR_ARCHITEW6432=AMD64
  PROCESSOR_IDENTIFIER=Intel64 Family 6 Model 30 Stepping 5, GenuineIntel
  PROCESSOR_LEVEL=6
  PROCESSOR_REVISION=1e05
  PROGRAMDATA=C:\ProgramData
  PROGRAMFILES=C:\Program Files (x86)
  PROGRAMFILES(X86)=C:\Program Files (x86)
  PROGRAMW6432=C:\Program Files
  PROMPT=$P$G
  PSMODULEPATH=C:\windows\system32\WindowsPowerShell\v1.0\Modules\
  PUBLIC=C:\Users\Public
  PWD=C:\slave\test
  RUNLOGFILE=C:\slave\\runslave.log
  SLAVEDIR=C:\slave\
  SYSTEMDRIVE=C:
  SYSTEMROOT=C:\windows
  TEMP=C:\Users\CLTBLD~1.001\AppData\Local\Temp
  TEST1=testie
  TMP=C:\Users\CLTBLD~1.001\AppData\Local\Temp
  USERDOMAIN=T-W864-IX-038
  USERDOMAIN_ROAMINGPROFILE=T-W864-IX-038
  USERNAME=cltbld
  USERPROFILE=C:\Users\cltbld.T-W864-IX-038.001
  WINDIR=C:\windows
 using PTY: False
program finished with exit code 0
elapsedTime=3.509000
========= master_lag: 0.01 =========
========= Finished 'rm -rf ...' (results: 0, elapsed: 3 secs) (at 2018-06-08 16:51:48.138194) =========

========= Started 'bash -c ...' (results: 0, elapsed: 1 secs) (at 2018-06-08 16:51:48.139001) =========
'bash' '-c' u'python archiver_client.py mozharness --repo releases/mozilla-esr52 --rev cbfdf01aac455e0591471201c96b89dee98190b5 --destination scripts --debug'
 in dir C:\slave\test\. (timeout 1200 secs)
 watching logfiles {}
 argv: ['bash', '-c', u'python archiver_client.py mozharness --repo releases/mozilla-esr52 --rev cbfdf01aac455e0591471201c96b89dee98190b5 --destination scripts --debug']
 environment:
  ALLUSERSPROFILE=C:\ProgramData
  APPDATA=C:\Users\cltbld.T-W864-IX-038.001\AppData\Roaming
  COMMONPROGRAMFILES=C:\Program Files (x86)\Common Files
  COMMONPROGRAMFILES(X86)=C:\Program Files (x86)\Common Files
  COMMONPROGRAMW6432=C:\Program Files\Common Files
  COMPUTERNAME=T-W864-IX-038
  COMSPEC=C:\windows\system32\cmd.exe
  DCLOCATION=SCL3
  DNSSUFFIX=wintest.releng.scl3.mozilla.com
  FP_NO_HOST_CHECK=NO
  HOMEDRIVE=C:
  HOMEPATH=\Users\cltbld.T-W864-IX-038.001
  KTS_HOME=C:\Program Files\KTS
  KTS_VERSION=1.19c
  LOCALAPPDATA=C:\Users\cltbld.T-W864-IX-038.001\AppData\Local
  LOGONSERVER=\\T-W864-IX-038
  MONDIR=C:\Monitor_config\
  MOZBUILDDIR=C:\mozilla-build\
  NUMBER_OF_PROCESSORS=8
  OS=Windows_NT
  OURDRIVE=C:
  PATH=C:\Program Files (x86)\NVIDIA Corporation\PhysX\Common;C:\windows\system32;C:\windows;C:\windows\System32\Wbem;C:\windows\System32\WindowsPowerShell\v1.0\;C:\mozilla-build\python27;C:\mozilla-build\python27\Scripts;C:\mozilla-build\msys\bin;C:\mozilla-build\vim\vim72;C:\mozilla-build\wget;C:\mozilla-build\info-zip;C:\CoreUtils\bin;C:\mozilla-build\buildbotve\scripts;C:\mozilla-build\hg
  PATHEXT=.COM;.EXE;.BAT;.CMD;.VBS;.VBE;.JS;.JSE;.WSF;.WSH;.MSC
  PROCESSOR_ARCHITECTURE=x86
  PROCESSOR_ARCHITEW6432=AMD64
  PROCESSOR_IDENTIFIER=Intel64 Family 6 Model 30 Stepping 5, GenuineIntel
  PROCESSOR_LEVEL=6
  PROCESSOR_REVISION=1e05
  PROGRAMDATA=C:\ProgramData
  PROGRAMFILES=C:\Program Files (x86)
  PROGRAMFILES(X86)=C:\Program Files (x86)
  PROGRAMW6432=C:\Program Files
  PROMPT=$P$G
  PSMODULEPATH=C:\windows\system32\WindowsPowerShell\v1.0\Modules\
  PUBLIC=C:\Users\Public
  PWD=C:\slave\test
  RUNLOGFILE=C:\slave\\runslave.log
  SLAVEDIR=C:\slave\
  SYSTEMDRIVE=C:
  SYSTEMROOT=C:\windows
  TEMP=C:\Users\CLTBLD~1.001\AppData\Local\Temp
  TEST1=testie
  TMP=C:\Users\CLTBLD~1.001\AppData\Local\Temp
  USERDOMAIN=T-W864-IX-038
  USERDOMAIN_ROAMINGPROFILE=T-W864-IX-038
  USERNAME=cltbld
  USERPROFILE=C:\Users\cltbld.T-W864-IX-038.001
  WINDIR=C:\windows
 using PTY: False
2018-06-08 16:51:48,552 truncating revision to first 12 chars
2018-06-08 16:51:48,552 Setting DEBUG logging.
2018-06-08 16:51:48,552 attempt 1/10
2018-06-08 16:51:48,552 Getting archive location from https://api.pub.build.mozilla.org/archiver/hgmo/releases/mozilla-esr52/cbfdf01aac45?&preferred_region=us-west-2&suffix=tar.gz&subdir=testing/mozharness
2018-06-08 16:51:49,051 unpacking tar archive at: mozilla-esr52-cbfdf01aac45/testing/mozharness/
2018-06-08 16:51:49,213 skipping symlink on windows: configs/single_locale/linux32.py
program finished with exit code 0
elapsedTime=1.375000
========= master_lag: 0.08 =========
========= Finished 'bash -c ...' (results: 0, elapsed: 1 secs) (at 2018-06-08 16:51:49.590568) =========

========= Started set props: script_repo_revision (results: 0, elapsed: 0 secs) (at 2018-06-08 16:51:49.590903) =========
script_repo_revision: cbfdf01aac455e0591471201c96b89dee98190b5
========= Finished set props: script_repo_revision (results: 0, elapsed: 0 secs) (at 2018-06-08 16:51:49.591311) =========

========= Started downloading to oauth.txt (results: 0, elapsed: 0 secs) (at 2018-06-08 16:51:49.591642) =========
========= Finished downloading to oauth.txt (results: 0, elapsed: 0 secs) (at 2018-06-08 16:51:49.605209) =========

========= Started 'c:/mozilla-build/python27/python -u ...' interrupted (results: 4, elapsed: 5 mins, 46 secs) (at 2018-06-08 16:51:49.605677) =========
'c:/mozilla-build/python27/python' '-u' 'scripts/scripts/web_platform_tests.py' '--cfg' 'web_platform_tests/prod_config_windows.py' '--test-type=testharness' '--total-chunks' '10' '--this-chunk' '4' '--blob-upload-branch' 'mozilla-esr52' '--download-symbols' 'true'
 in dir C:\slave\test\. (timeout 1800 secs) (maxTime 7200 secs)
 watching logfiles {}
 argv: ['c:/mozilla-build/python27/python', '-u', 'scripts/scripts/web_platform_tests.py', '--cfg', 'web_platform_tests/prod_config_windows.py', '--test-type=testharness', '--total-chunks', '10', '--this-chunk', '4', '--blob-upload-branch', 'mozilla-esr52', '--download-symbols', 'true']
 environment:
  ALLUSERSPROFILE=C:\ProgramData
  APPDATA=C:\Users\cltbld.T-W864-IX-038.001\AppData\Roaming
  COMMONPROGRAMFILES=C:\Program Files (x86)\Common Files
  COMMONPROGRAMFILES(X86)=C:\Program Files (x86)\Common Files
  COMMONPROGRAMW6432=C:\Program Files\Common Files
  COMPUTERNAME=T-W864-IX-038
  COMSPEC=C:\windows\system32\cmd.exe
  DCLOCATION=SCL3
  DNSSUFFIX=wintest.releng.scl3.mozilla.com
  FP_NO_HOST_CHECK=NO
  HOMEDRIVE=C:
  HOMEPATH=\Users\cltbld.T-W864-IX-038.001
  KTS_HOME=C:\Program Files\KTS
  KTS_VERSION=1.19c
  LOCALAPPDATA=C:\Users\cltbld.T-W864-IX-038.001\AppData\Local
  LOGONSERVER=\\T-W864-IX-038
  MONDIR=C:\Monitor_config\
  MOZBUILDDIR=C:\mozilla-build\
  MOZ_CRASHREPORTER_NO_REPORT=1
  MOZ_HIDE_RESULTS_TABLE=1
  MOZ_NO_REMOTE=1
  NO_EM_RESTART=1
  NO_FAIL_ON_TEST_ERRORS=1
  NUMBER_OF_PROCESSORS=8
  OS=Windows_NT
  OURDRIVE=C:
  PATH=C:\Program Files (x86)\NVIDIA Corporation\PhysX\Common;C:\windows\system32;C:\windows;C:\windows\System32\Wbem;C:\windows\System32\WindowsPowerShell\v1.0\;C:\mozilla-build\python27;C:\mozilla-build\python27\Scripts;C:\mozilla-build\msys\bin;C:\mozilla-build\vim\vim72;C:\mozilla-build\wget;C:\mozilla-build\info-zip;C:\CoreUtils\bin;C:\mozilla-build\buildbotve\scripts;C:\mozilla-build\hg
  PATHEXT=.COM;.EXE;.BAT;.CMD;.VBS;.VBE;.JS;.JSE;.WSF;.WSH;.MSC
  PROCESSOR_ARCHITECTURE=x86
  PROCESSOR_ARCHITEW6432=AMD64
  PROCESSOR_IDENTIFIER=Intel64 Family 6 Model 30 Stepping 5, GenuineIntel
  PROCESSOR_LEVEL=6
  PROCESSOR_REVISION=1e05
  PROGRAMDATA=C:\ProgramData
  PROGRAMFILES=C:\Program Files (x86)
  PROGRAMFILES(X86)=C:\Program Files (x86)
  PROGRAMW6432=C:\Program Files
  PROMPT=$P$G
  PROPERTIES_FILE=C:\slave\test/buildprops.json
  PSMODULEPATH=C:\windows\system32\WindowsPowerShell\v1.0\Modules\
  PUBLIC=C:\Users\Public
  PWD=C:\slave\test
  RUNLOGFILE=C:\slave\\runslave.log
  SLAVEDIR=C:\slave\
  SYSTEMDRIVE=C:
  SYSTEMROOT=C:\windows
  TEMP=C:\Users\CLTBLD~1.001\AppData\Local\Temp
  TEST1=testie
  TMP=C:\Users\CLTBLD~1.001\AppData\Local\Temp
  USERDOMAIN=T-W864-IX-038
  USERDOMAIN_ROAMINGPROFILE=T-W864-IX-038
  USERNAME=cltbld
  USERPROFILE=C:\Users\cltbld.T-W864-IX-038.001
  WINDIR=C:\windows
  XPCOM_DEBUG_BREAK=warn
 using PTY: False
16:51:50     INFO - MultiFileLogger online at 20180608 16:51:50 in C:\slave\test
16:51:50     INFO - Run as scripts/scripts/web_platform_tests.py --cfg web_platform_tests/prod_config_windows.py --test-type=testharness --total-chunks 10 --this-chunk 4 --blob-upload-branch mozilla-esr52 --download-symbols true
16:51:50     INFO - Dumping config to C:\slave\test\logs\localconfig.json.
16:51:50     INFO - {'allow_software_gl_layers': False,
16:51:50     INFO -  'append_to_log': False,
16:51:50     INFO -  'base_work_dir': 'C:\\slave\\test',
16:51:50     INFO -  'blob_upload_branch': 'mozilla-esr52',
16:51:50     INFO -  'blob_uploader_auth_file': 'C:\\slave\\test\\oauth.txt',
16:51:50     INFO -  'buildbot_json_path': 'buildprops.json',
16:51:50     INFO -  'config_files': ('web_platform_tests/prod_config_windows.py',),
16:51:50     INFO -  'default_blob_upload_servers': ('https://blobupload.elasticbeanstalk.com',),
16:51:50     INFO -  'download_minidump_stackwalk': True,
16:51:50     INFO -  'download_symbols': 'true',
16:51:50     INFO -  'e10s': False,
16:51:50     INFO -  'exes': {'hg': 'c:/mozilla-build/hg/hg',
16:51:50     INFO -           'mozinstall': ('C:\\slave\\test/build/venv/scripts/python',
16:51:50     INFO -                          'C:\\slave\\test/build/venv/scripts/mozinstall-script.py'),
16:51:50     INFO -           'python': 'c:\\mozilla-build\\python27\\python.exe',
16:51:50     INFO -           'tooltool.py': ('c:\\mozilla-build\\python27\\python.exe',
16:51:50     INFO -                           'C:/mozilla-build/tooltool.py'),
16:51:50     INFO -           'virtualenv': ('c:\\mozilla-build\\python27\\python.exe',
16:51:50     INFO -                          'c:/mozilla-build/buildbotve/virtualenv.py')},
16:51:50     INFO -  'find_links': ('http://pypi.pvt.build.mozilla.org/pub',
16:51:50     INFO -                 'http://pypi.pub.build.mozilla.org/pub'),
16:51:50     INFO -  'log_level': 'info',
16:51:50     INFO -  'log_to_console': True,
16:51:50     INFO -  'opt_config_files': (),
16:51:50     INFO -  'options': ('--prefs-root=%(test_path)s/prefs',
16:51:50     INFO -              '--processes=1',
16:51:50     INFO -              '--config=%(test_path)s/wptrunner.ini',
16:51:50     INFO -              '--ca-cert-path=%(test_path)s/certs/cacert.pem',
16:51:50     INFO -              '--host-key-path=%(test_path)s/certs/web-platform.test.key',
16:51:50     INFO -              '--host-cert-path=%(test_path)s/certs/web-platform.test.pem',
16:51:50     INFO -              '--certutil-binary=%(test_install_path)s/bin/certutil'),
16:51:50     INFO -  'pip_index': False,
16:51:50     INFO -  'require_test_zip': True,
16:51:50     INFO -  'test_type': ('testharness',),
16:51:50     INFO -  'this_chunk': '4',
16:51:50     INFO -  'total_chunks': '10',
16:51:50     INFO -  'virtualenv_path': 'venv',
16:51:50     INFO -  'volatile_config': {'actions': None, 'add_actions': None, 'no_actions': None},
16:51:50     INFO -  'work_dir': 'build'}
16:51:50     INFO - [mozharness: 2018-06-08 23:51:50.113000Z] Running clobber step.
16:51:50     INFO - Running pre-action listener: _resource_record_pre_action
16:51:50     INFO - Running main action method: clobber
16:51:50     INFO - rmtree: C:\slave\test\build
16:51:50     INFO - Using _rmtree_windows ...
16:51:50     INFO - retry: Calling _rmtree_windows with args: ('C:\\slave\\test\\build',), kwargs: {}, attempt #1
16:53:37     INFO - Running post-action listener: _resource_record_post_action
16:53:37     INFO - [mozharness: 2018-06-08 23:53:37.905000Z] Finished clobber step (success)
16:53:37     INFO - [mozharness: 2018-06-08 23:53:37.905000Z] Running read-buildbot-config step.
16:53:37     INFO - Running pre-action listener: _resource_record_pre_action
16:53:37     INFO - Running main action method: read_buildbot_config
16:53:37     INFO - Using buildbot properties:
16:53:37     INFO - {
16:53:37     INFO -     "project": "", 
16:53:37     INFO -     "product": "firefox", 
16:53:37     INFO -     "script_repo_revision": "production", 
16:53:37     INFO -     "scheduler": "tests-mozilla-esr52-win8_64-debug-unittest", 
16:53:37     INFO -     "repository": "", 
16:53:37     INFO -     "buildername": "Windows 8 64-bit mozilla-esr52 debug test web-platform-tests-4", 
16:53:37     INFO -     "buildid": "20180608150819", 
16:53:37     INFO -     "pgo_build": "False", 
16:53:37     INFO -     "basedir": "C:\\slave\\test", 
16:53:37     INFO -     "buildnumber": 2, 
16:53:37     INFO -     "slavename": "t-w864-ix-038", 
16:53:37     INFO -     "revision": "cbfdf01aac455e0591471201c96b89dee98190b5", 
16:53:37     INFO -     "master": "http://buildbot-master109.bb.releng.scl3.mozilla.com:8201/", 
16:53:37     INFO -     "platform": "win64", 
16:53:37     INFO -     "branch": "mozilla-esr52", 
16:53:37     INFO -     "repo_path": "releases/mozilla-esr52", 
16:53:37     INFO -     "moz_repo_path": "", 
16:53:37     INFO -     "stage_platform": "win64", 
16:53:37     INFO -     "builduid": "b298b373e93d4f8dbf92436c9ed838a2", 
16:53:37     INFO -     "slavebuilddir": "test"
16:53:37     INFO - }
16:53:37     INFO - Found a test packages url https://queue.taskcluster.net/v1/task/GYm6uScDR968YNKAqw8dYQ/artifacts/public/build/firefox-52.8.2.en-US.win64.test_packages.json.
16:53:37     INFO - Found installer url https://queue.taskcluster.net/v1/task/GYm6uScDR968YNKAqw8dYQ/artifacts/public/build/firefox-52.8.2.en-US.win64.zip.
16:53:37     INFO - Running post-action listener: _resource_record_post_action
16:53:37     INFO - [mozharness: 2018-06-08 23:53:37.908000Z] Finished read-buildbot-config step (success)
16:53:37     INFO - [mozharness: 2018-06-08 23:53:37.908000Z] Running download-and-extract step.
16:53:37     INFO - Running pre-action listener: _resource_record_pre_action
16:53:37     INFO - Running main action method: download_and_extract
16:53:37     INFO - mkdir: C:\slave\test\build\tests
16:53:37     INFO - Downloading https://queue.taskcluster.net/v1/task/GYm6uScDR968YNKAqw8dYQ/artifacts/public/build/firefox-52.8.2.en-US.win64.test_packages.json to C:\slave\test\build\firefox-52.8.2.en-US.win64.test_packages.json
16:53:37     INFO - retry: Calling _download_file with args: (), kwargs: {'url': 'https://queue.taskcluster.net/v1/task/GYm6uScDR968YNKAqw8dYQ/artifacts/public/build/firefox-52.8.2.en-US.win64.test_packages.json', 'file_name': 'C:\\slave\\test\\build\\firefox-52.8.2.en-US.win64.test_packages.json'}, attempt #1
16:53:38     INFO - Downloaded 1274 bytes.
16:53:38     INFO - Reading from file C:\slave\test\build\firefox-52.8.2.en-US.win64.test_packages.json
16:53:38     INFO - Using the following test package requirements:
16:53:38     INFO - {u'common': [u'firefox-52.8.2.en-US.win64.common.tests.zip'],
16:53:38     INFO -  u'cppunittest': [u'firefox-52.8.2.en-US.win64.common.tests.zip',
16:53:38     INFO -                   u'firefox-52.8.2.en-US.win64.cppunittest.tests.zip'],
16:53:38     INFO -  u'gtest': [u'firefox-52.8.2.en-US.win64.common.tests.zip',
16:53:38     INFO -             u'firefox-52.8.2.en-US.win64.gtest.tests.zip'],
16:53:38     INFO -  u'jittest': [u'firefox-52.8.2.en-US.win64.common.tests.zip',
16:53:38     INFO -               u'jsshell-win64.zip'],
16:53:38     INFO -  u'mochitest': [u'firefox-52.8.2.en-US.win64.common.tests.zip',
16:53:38     INFO -                 u'firefox-52.8.2.en-US.win64.mochitest.tests.zip'],
16:53:38     INFO -  u'mozbase': [u'firefox-52.8.2.en-US.win64.common.tests.zip'],
16:53:38     INFO -  u'reftest': [u'firefox-52.8.2.en-US.win64.common.tests.zip',
16:53:38     INFO -               u'firefox-52.8.2.en-US.win64.reftest.tests.zip'],
16:53:38     INFO -  u'talos': [u'firefox-52.8.2.en-US.win64.common.tests.zip',
16:53:38     INFO -             u'firefox-52.8.2.en-US.win64.talos.tests.zip'],
16:53:38     INFO -  u'web-platform': [u'firefox-52.8.2.en-US.win64.common.tests.zip',
16:53:38     INFO -                    u'firefox-52.8.2.en-US.win64.web-platform.tests.zip'],
16:53:38     INFO -  u'xpcshell': [u'firefox-52.8.2.en-US.win64.common.tests.zip',
16:53:38     INFO -                u'firefox-52.8.2.en-US.win64.xpcshell.tests.zip']}
16:53:38     INFO - Downloading packages: [u'firefox-52.8.2.en-US.win64.common.tests.zip', u'firefox-52.8.2.en-US.win64.web-platform.tests.zip'] for test suite category: web-platform
16:53:38     INFO - Adding 'mach' for extraction from common.tests zip file
16:53:38     INFO - Adding 'mozinfo.json' for extraction from common.tests zip file
16:53:38     INFO - Downloading and extracting to C:\slave\test\build\tests these dirs bin/*, config/*, mozbase/*, marionette/*, tools/wptserve/*, web-platform/*, mach, mozinfo.json from https://queue.taskcluster.net/v1/task/GYm6uScDR968YNKAqw8dYQ/artifacts/public/build/firefox-52.8.2.en-US.win64.common.tests.zip
16:53:38     INFO - retry: Calling fetch_url_into_memory with args: (), kwargs: {'url': u'https://queue.taskcluster.net/v1/task/GYm6uScDR968YNKAqw8dYQ/artifacts/public/build/firefox-52.8.2.en-US.win64.common.tests.zip'}, attempt #1
16:53:38     INFO - Fetch https://queue.taskcluster.net/v1/task/GYm6uScDR968YNKAqw8dYQ/artifacts/public/build/firefox-52.8.2.en-US.win64.common.tests.zip into memory
16:53:39     INFO - Http code: 200
16:53:39     INFO - via: 1.1 88972e3933cc06dd11a6fa704a208631.cloudfront.net (CloudFront)
16:53:39     INFO - x-amz-cf-id: 2rU0sdPSH9TAXrS_3KJOV7HGpqtHBMQeIexQyq2v4dSGPTq1G2UgrA==
16:53:39     INFO - x-amz-version-id: GXeUmcedjVSRuTwtJsxXIwtE5wM89o3K
16:53:39     INFO - Expected file size: 19457836
16:53:39     INFO - Obtained file size: 19457836
16:53:41     INFO - Downloading and extracting to C:\slave\test\build\tests these dirs bin/*, config/*, mozbase/*, marionette/*, tools/wptserve/*, web-platform/*, mach, mozinfo.json from https://queue.taskcluster.net/v1/task/GYm6uScDR968YNKAqw8dYQ/artifacts/public/build/firefox-52.8.2.en-US.win64.web-platform.tests.zip
16:53:41     INFO - retry: Calling fetch_url_into_memory with args: (), kwargs: {'url': u'https://queue.taskcluster.net/v1/task/GYm6uScDR968YNKAqw8dYQ/artifacts/public/build/firefox-52.8.2.en-US.win64.web-platform.tests.zip'}, attempt #1
16:53:41     INFO - Fetch https://queue.taskcluster.net/v1/task/GYm6uScDR968YNKAqw8dYQ/artifacts/public/build/firefox-52.8.2.en-US.win64.web-platform.tests.zip into memory
16:53:41     INFO - Http code: 200
16:53:41     INFO - via: 1.1 ca024aca72de992a25bcd7fdcfe84b67.cloudfront.net (CloudFront)
16:53:41     INFO - x-amz-cf-id: x-OwL6s0ckQX3_tLAMaBeksOp9nHzxez1mqIt5s-4KakYGEPwLOc0g==
16:53:41     INFO - x-amz-version-id: t8LUDMRalAINifNMDsPl_7YYsyRq5l0j
16:53:42     INFO - Expected file size: 43270029
16:53:42     INFO - Obtained file size: 43270029
16:54:23     INFO - Downloading https://queue.taskcluster.net/v1/task/GYm6uScDR968YNKAqw8dYQ/artifacts/public/build/firefox-52.8.2.en-US.win64.zip to C:\slave\test\build\firefox-52.8.2.en-US.win64.zip
16:54:23     INFO - retry: Calling _download_file with args: (), kwargs: {'url': 'https://queue.taskcluster.net/v1/task/GYm6uScDR968YNKAqw8dYQ/artifacts/public/build/firefox-52.8.2.en-US.win64.zip', 'file_name': 'C:\\slave\\test\\build\\firefox-52.8.2.en-US.win64.zip'}, attempt #1
16:54:25     INFO - Downloaded 80512976 bytes.
16:54:25     INFO - Setting buildbot property build_url to https://queue.taskcluster.net/v1/task/GYm6uScDR968YNKAqw8dYQ/artifacts/public/build/firefox-52.8.2.en-US.win64.zip
16:54:25     INFO - mkdir: C:\slave\test\properties
16:54:25     INFO - Writing buildbot properties ['build_url'] to C:\slave\test\properties\build_url
16:54:25     INFO - Writing to file C:\slave\test\properties\build_url
16:54:25     INFO - Contents:
16:54:25     INFO -  build_url:https://queue.taskcluster.net/v1/task/GYm6uScDR968YNKAqw8dYQ/artifacts/public/build/firefox-52.8.2.en-US.win64.zip
16:54:25     INFO - retry: Calling query_symbols_url with args: (), kwargs: {'raise_on_failure': True}, attempt #1
16:54:26     INFO - Setting buildbot property symbols_url to https://queue.taskcluster.net/v1/task/GYm6uScDR968YNKAqw8dYQ/artifacts/public/build/firefox-52.8.2.en-US.win64.crashreporter-symbols.zip
16:54:26     INFO - Writing buildbot properties ['symbols_url'] to C:\slave\test\properties\symbols_url
16:54:26     INFO - Writing to file C:\slave\test\properties\symbols_url
16:54:26     INFO - Contents:
16:54:26     INFO -  symbols_url:https://queue.taskcluster.net/v1/task/GYm6uScDR968YNKAqw8dYQ/artifacts/public/build/firefox-52.8.2.en-US.win64.crashreporter-symbols.zip
16:54:26     INFO - Downloading and extracting to C:\slave\test\build\symbols these dirs * from https://queue.taskcluster.net/v1/task/GYm6uScDR968YNKAqw8dYQ/artifacts/public/build/firefox-52.8.2.en-US.win64.crashreporter-symbols.zip
16:54:26     INFO - retry: Calling fetch_url_into_memory with args: (), kwargs: {'url': 'https://queue.taskcluster.net/v1/task/GYm6uScDR968YNKAqw8dYQ/artifacts/public/build/firefox-52.8.2.en-US.win64.crashreporter-symbols.zip'}, attempt #1
16:54:26     INFO - Fetch https://queue.taskcluster.net/v1/task/GYm6uScDR968YNKAqw8dYQ/artifacts/public/build/firefox-52.8.2.en-US.win64.crashreporter-symbols.zip into memory
16:54:26     INFO - Http code: 200
16:54:26     INFO - via: 1.1 68e4011ca1c00bec92bb202e1ddce131.cloudfront.net (CloudFront)
16:54:26     INFO - x-amz-cf-id: 3gG9WxDsARY8TTZz2KWiKpwaxk_Xym11XCJvp9Jt6HTQK-WWes9yDQ==
16:54:26     INFO - x-amz-version-id: ulFZQ.LhR2x4mniqg2Yz5MgvXQwj83dP
16:54:27     INFO - Expected file size: 55003726
16:54:27     INFO - Obtained file size: 55003726
16:54:37     INFO - Running post-action listener: _resource_record_post_action
16:54:37     INFO - Running post-action listener: set_extra_try_arguments
16:54:37     INFO - [mozharness: 2018-06-08 23:54:37.197000Z] Finished download-and-extract step (success)
16:54:37     INFO - [mozharness: 2018-06-08 23:54:37.197000Z] Running fetch-geckodriver step.
16:54:37     INFO - Running pre-action listener: _resource_record_pre_action
16:54:37     INFO - Running main action method: fetch_geckodriver
16:54:37     INFO - Running post-action listener: _resource_record_post_action
16:54:37     INFO - [mozharness: 2018-06-08 23:54:37.198000Z] Finished fetch-geckodriver step (success)
16:54:37     INFO - [mozharness: 2018-06-08 23:54:37.198000Z] Running create-virtualenv step.
16:54:37     INFO - Running pre-action listener: _pre_create_virtualenv
16:54:37     INFO - Running pre-action listener: _resource_record_pre_action
16:54:37     INFO - Running main action method: create_virtualenv
16:54:37     INFO - Creating virtualenv C:\slave\test\build\venv
16:54:37     INFO - Running command: ['c:\\mozilla-build\\python27\\python.exe', 'C:\\slave\\test\\scripts\\external_tools\\virtualenv\\virtualenv.py', '--always-copy', 'C:\\slave\\test\\build\\venv'] in C:\slave\test\build
16:54:37     INFO - Copy/paste: c:\mozilla-build\python27\python.exe C:\slave\test\scripts\external_tools\virtualenv\virtualenv.py --always-copy C:\slave\test\build\venv
16:54:37     INFO - Using partial env: {'VIRTUALENV_NO_DOWNLOAD': '1'}
16:54:42     INFO -  New python executable in C:\slave\test\build\venv\Scripts\python.exe
16:54:54     INFO -  Installing setuptools, pip, wheel...done.
16:54:54     INFO - Return code: 0
16:54:54     INFO - Installing psutil>=3.1.1 into virtualenv C:\slave\test\build\venv
16:54:54     INFO - retry: Calling run_command with args: [['C:\\slave\\test\\build\\venv\\Scripts\\pip', 'install', '--timeout', '120', '--no-index', '--find-links', 'http://pypi.pvt.build.mozilla.org/pub', '--find-links', 'http://pypi.pub.build.mozilla.org/pub', '--trusted-host', 'pypi.pub.build.mozilla.org', '--trusted-host', 'pypi.pvt.build.mozilla.org', 'psutil>=3.1.1']], kwargs: {'error_level': 'warning', 'error_list': [{'substr': 'not found or a compiler error:', 'level': 'warning'}, {'regex': <_sre.SRE_Pattern object at 0x0261F250>, 'level': 'error'}, {'regex': <_sre.SRE_Pattern object at 0x02633188>, 'level': 'warning'}, {'regex': <_sre.SRE_Pattern object at 0x0265D490>, 'level': 'debug'}, {'substr': 'command not found', 'level': 'error'}, {'regex': <_sre.SRE_Pattern object at 0x01D18DE8>, 'level': 'warning'}, {'substr': 'Traceback (most recent call last)', 'level': 'error'}, {'substr': 'SyntaxError: ', 'level': 'error'}, {'substr': 'TypeError: ', 'level': 'error'}, {'substr': 'NameError: ', 'level': 'error'}, {'substr': 'ZeroDivisionError: ', 'level': 'error'}, {'regex': <_sre.SRE_Pattern object at 0x0259F230>, 'level': 'critical'}, {'regex': <_sre.SRE_Pattern object at 0x02627520>, 'level': 'critical'}], 'cwd': 'C:\\slave\\test\\build', 'env': {'TMP': 'C:\\Users\\CLTBLD~1.001\\AppData\\Local\\Temp', 'TEST1': 'testie', 'COMPUTERNAME': 'T-W864-IX-038', 'USERDOMAIN': 'T-W864-IX-038', 'KTS_VERSION': '1.19c', 'PSMODULEPATH': 'C:\\windows\\system32\\WindowsPowerShell\\v1.0\\Modules\\', 'COMMONPROGRAMFILES': 'C:\\Program Files (x86)\\Common Files', 'PROCESSOR_IDENTIFIER': 'Intel64 Family 6 Model 30 Stepping 5, GenuineIntel', 'PROGRAMFILES': 'C:\\Program Files (x86)', 'PROCESSOR_REVISION': '1e05', 'DNSSUFFIX': 'wintest.releng.scl3.mozilla.com', 'SYSTEMROOT': 'C:\\windows', 'NO_EM_RESTART': '1', 'PROGRAMFILES(X86)': 'C:\\Program Files (x86)', 'OURDRIVE': 'C:', 'MOZ_HIDE_RESULTS_TABLE': '1', 'XPCOM_DEBUG_BREAK': 'warn', 'MONDIR': 'C:\\Monitor_config\\', 'TEMP': 'C:\\Users\\CLTBLD~1.001\\AppData\\Local\\Temp', 'COMMONPROGRAMFILES(X86)': 'C:\\Program Files (x86)\\Common Files', 'RUNLOGFILE': 'C:\\slave\\\\runslave.log', 'PROCESSOR_ARCHITECTURE': 'x86', 'ALLUSERSPROFILE': 'C:\\ProgramData', 'USERPROFILE': 'C:\\Users\\cltbld.T-W864-IX-038.001', 'LOCALAPPDATA': 'C:\\Users\\cltbld.T-W864-IX-038.001\\AppData\\Local', 'HOMEPATH': '\\Users\\cltbld.T-W864-IX-038.001', 'USERDOMAIN_ROAMINGPROFILE': 'T-W864-IX-038', 'MOZBUILDDIR': 'C:\\mozilla-build\\', 'PROGRAMW6432': 'C:\\Program Files', 'USERNAME': 'cltbld', 'LOGONSERVER': '\\\\T-W864-IX-038', 'MOZ_NO_REMOTE': '1', 'COMSPEC': 'C:\\windows\\system32\\cmd.exe', 'PROGRAMDATA': 'C:\\ProgramData', 'PROPERTIES_FILE': 'C:\\slave\\test/buildprops.json', 'PATH': 'C:\\Program Files (x86)\\NVIDIA Corporation\\PhysX\\Common;C:\\windows\\system32;C:\\windows;C:\\windows\\System32\\Wbem;C:\\windows\\System32\\WindowsPowerShell\\v1.0\\;C:\\mozilla-build\\python27;C:\\mozilla-build\\python27\\Scripts;C:\\mozilla-build\\msys\\bin;C:\\mozilla-build\\vim\\vim72;C:\\mozilla-build\\wget;C:\\mozilla-build\\info-zip;C:\\CoreUtils\\bin;C:\\mozilla-build\\buildbotve\\scripts;C:\\mozilla-build\\hg', 'PROMPT': '$P$G', 'NO_FAIL_ON_TEST_ERRORS': '1', 'PATHEXT': '.COM;.EXE;.BAT;.CMD;.VBS;.VBE;.JS;.JSE;.WSF;.WSH;.MSC', 'FP_NO_HOST_CHECK': 'NO', 'DCLOCATION': 'SCL3', 'APPDATA': 'C:\\Users\\cltbld.T-W864-IX-038.001\\AppData\\Roaming', 'HOMEDRIVE': 'C:', 'SYSTEMDRIVE': 'C:', 'SLAVEDIR': 'C:\\slave\\', 'NUMBER_OF_PROCESSORS': '8', 'PWD': 'C:\\slave\\test', 'PROCESSOR_LEVEL': '6', 'KTS_HOME': 'C:\\Program Files\\KTS', 'PROCESSOR_ARCHITEW6432': 'AMD64', 'MOZ_CRASHREPORTER_NO_REPORT': '1', 'COMMONPROGRAMW6432': 'C:\\Program Files\\Common Files', 'OS': 'Windows_NT', 'PUBLIC': 'C:\\Users\\Public', 'WINDIR': 'C:\\windows'}}, attempt #1
16:54:54     INFO - Running command: ['C:\\slave\\test\\build\\venv\\Scripts\\pip', 'install', '--timeout', '120', '--no-index', '--find-links', 'http://pypi.pvt.build.mozilla.org/pub', '--find-links', 'http://pypi.pub.build.mozilla.org/pub', '--trusted-host', 'pypi.pub.build.mozilla.org', '--trusted-host', 'pypi.pvt.build.mozilla.org', 'psutil>=3.1.1'] in C:\slave\test\build
16:54:54     INFO - Copy/paste: C:\slave\test\build\venv\Scripts\pip install --timeout 120 --no-index --find-links http://pypi.pvt.build.mozilla.org/pub --find-links http://pypi.pub.build.mozilla.org/pub --trusted-host pypi.pub.build.mozilla.org --trusted-host pypi.pvt.build.mozilla.org psutil>=3.1.1
16:54:54     INFO - Using env: {'ALLUSERSPROFILE': 'C:\\ProgramData',
16:54:54     INFO -  'APPDATA': 'C:\\Users\\cltbld.T-W864-IX-038.001\\AppData\\Roaming',
16:54:54     INFO -  'COMMONPROGRAMFILES': 'C:\\Program Files (x86)\\Common Files',
16:54:54     INFO -  'COMMONPROGRAMFILES(X86)': 'C:\\Program Files (x86)\\Common Files',
16:54:54     INFO -  'COMMONPROGRAMW6432': 'C:\\Program Files\\Common Files',
16:54:54     INFO -  'COMPUTERNAME': 'T-W864-IX-038',
16:54:54     INFO -  'COMSPEC': 'C:\\windows\\system32\\cmd.exe',
16:54:54     INFO -  'DCLOCATION': 'SCL3',
16:54:54     INFO -  'DNSSUFFIX': 'wintest.releng.scl3.mozilla.com',
16:54:54     INFO -  'FP_NO_HOST_CHECK': 'NO',
16:54:54     INFO -  'HOMEDRIVE': 'C:',
16:54:54     INFO -  'HOMEPATH': '\\Users\\cltbld.T-W864-IX-038.001',
16:54:54     INFO -  'KTS_HOME': 'C:\\Program Files\\KTS',
16:54:54     INFO -  'KTS_VERSION': '1.19c',
16:54:54     INFO -  'LOCALAPPDATA': 'C:\\Users\\cltbld.T-W864-IX-038.001\\AppData\\Local',
16:54:54     INFO -  'LOGONSERVER': '\\\\T-W864-IX-038',
16:54:54     INFO -  'MONDIR': 'C:\\Monitor_config\\',
16:54:54     INFO -  'MOZBUILDDIR': 'C:\\mozilla-build\\',
16:54:54     INFO -  'MOZ_CRASHREPORTER_NO_REPORT': '1',
16:54:54     INFO -  'MOZ_HIDE_RESULTS_TABLE': '1',
16:54:54     INFO -  'MOZ_NO_REMOTE': '1',
16:54:54     INFO -  'NO_EM_RESTART': '1',
16:54:54     INFO -  'NO_FAIL_ON_TEST_ERRORS': '1',
16:54:54     INFO -  'NUMBER_OF_PROCESSORS': '8',
16:54:54     INFO -  'OS': 'Windows_NT',
16:54:54     INFO -  'OURDRIVE': 'C:',
16:54:54     INFO -  'PATH': 'C:\\Program Files (x86)\\NVIDIA Corporation\\PhysX\\Common;C:\\windows\\system32;C:\\windows;C:\\windows\\System32\\Wbem;C:\\windows\\System32\\WindowsPowerShell\\v1.0\\;C:\\mozilla-build\\python27;C:\\mozilla-build\\python27\\Scripts;C:\\mozilla-build\\msys\\bin;C:\\mozilla-build\\vim\\vim72;C:\\mozilla-build\\wget;C:\\mozilla-build\\info-zip;C:\\CoreUtils\\bin;C:\\mozilla-build\\buildbotve\\scripts;C:\\mozilla-build\\hg',
16:54:54     INFO -  'PATHEXT': '.COM;.EXE;.BAT;.CMD;.VBS;.VBE;.JS;.JSE;.WSF;.WSH;.MSC',
16:54:54     INFO -  'PROCESSOR_ARCHITECTURE': 'x86',
16:54:54     INFO -  'PROCESSOR_ARCHITEW6432': 'AMD64',
16:54:54     INFO -  'PROCESSOR_IDENTIFIER': 'Intel64 Family 6 Model 30 Stepping 5, GenuineIntel',
16:54:54     INFO -  'PROCESSOR_LEVEL': '6',
16:54:54     INFO -  'PROCESSOR_REVISION': '1e05',
16:54:54     INFO -  'PROGRAMDATA': 'C:\\ProgramData',
16:54:54     INFO -  'PROGRAMFILES': 'C:\\Program Files (x86)',
16:54:54     INFO -  'PROGRAMFILES(X86)': 'C:\\Program Files (x86)',
16:54:54     INFO -  'PROGRAMW6432': 'C:\\Program Files',
16:54:54     INFO -  'PROMPT': '$P$G',
16:54:54     INFO -  'PROPERTIES_FILE': 'C:\\slave\\test/buildprops.json',
16:54:54     INFO -  'PSMODULEPATH': 'C:\\windows\\system32\\WindowsPowerShell\\v1.0\\Modules\\',
16:54:54     INFO -  'PUBLIC': 'C:\\Users\\Public',
16:54:54     INFO -  'PWD': 'C:\\slave\\test',
16:54:54     INFO -  'RUNLOGFILE': 'C:\\slave\\\\runslave.log',
16:54:54     INFO -  'SLAVEDIR': 'C:\\slave\\',
16:54:54     INFO -  'SYSTEMDRIVE': 'C:',
16:54:54     INFO -  'SYSTEMROOT': 'C:\\windows',
16:54:54     INFO -  'TEMP': 'C:\\Users\\CLTBLD~1.001\\AppData\\Local\\Temp',
16:54:54     INFO -  'TEST1': 'testie',
16:54:54     INFO -  'TMP': 'C:\\Users\\CLTBLD~1.001\\AppData\\Local\\Temp',
16:54:54     INFO -  'USERDOMAIN': 'T-W864-IX-038',
16:54:54     INFO -  'USERDOMAIN_ROAMINGPROFILE': 'T-W864-IX-038',
16:54:54     INFO -  'USERNAME': 'cltbld',
16:54:54     INFO -  'USERPROFILE': 'C:\\Users\\cltbld.T-W864-IX-038.001',
16:54:54     INFO -  'WINDIR': 'C:\\windows',
16:54:54     INFO -  'XPCOM_DEBUG_BREAK': 'warn'}
16:54:54     INFO -  Ignoring indexes: https://pypi.python.org/simple
16:54:54     INFO -  Collecting psutil>=3.1.1
16:54:55     INFO -    Downloading http://pypi.pvt.build.mozilla.org/pub/psutil-5.4.3-cp27-none-win32.whl (220kB)
16:54:55     INFO -  Installing collected packages: psutil
16:54:56     INFO -  Successfully installed psutil-5.4.3
16:54:56     INFO - Return code: 0
16:54:56     INFO - Installing mozsystemmonitor==0.3 into virtualenv C:\slave\test\build\venv
16:54:56     INFO - retry: Calling run_command with args: [['C:\\slave\\test\\build\\venv\\Scripts\\pip', 'install', '--timeout', '120', '--no-index', '--find-links', 'http://pypi.pvt.build.mozilla.org/pub', '--find-links', 'http://pypi.pub.build.mozilla.org/pub', '--trusted-host', 'pypi.pub.build.mozilla.org', '--trusted-host', 'pypi.pvt.build.mozilla.org', 'mozsystemmonitor==0.3']], kwargs: {'error_level': 'warning', 'error_list': [{'substr': 'not found or a compiler error:', 'level': 'warning'}, {'regex': <_sre.SRE_Pattern object at 0x0261F250>, 'level': 'error'}, {'regex': <_sre.SRE_Pattern object at 0x02633188>, 'level': 'warning'}, {'regex': <_sre.SRE_Pattern object at 0x0265D490>, 'level': 'debug'}, {'substr': 'command not found', 'level': 'error'}, {'regex': <_sre.SRE_Pattern object at 0x01D18DE8>, 'level': 'warning'}, {'substr': 'Traceback (most recent call last)', 'level': 'error'}, {'substr': 'SyntaxError: ', 'level': 'error'}, {'substr': 'TypeError: ', 'level': 'error'}, {'substr': 'NameError: ', 'level': 'error'}, {'substr': 'ZeroDivisionError: ', 'level': 'error'}, {'regex': <_sre.SRE_Pattern object at 0x0259F230>, 'level': 'critical'}, {'regex': <_sre.SRE_Pattern object at 0x02627520>, 'level': 'critical'}], 'cwd': 'C:\\slave\\test\\build', 'env': {'TMP': 'C:\\Users\\CLTBLD~1.001\\AppData\\Local\\Temp', 'TEST1': 'testie', 'COMPUTERNAME': 'T-W864-IX-038', 'USERDOMAIN': 'T-W864-IX-038', 'KTS_VERSION': '1.19c', 'PSMODULEPATH': 'C:\\windows\\system32\\WindowsPowerShell\\v1.0\\Modules\\', 'COMMONPROGRAMFILES': 'C:\\Program Files (x86)\\Common Files', 'PROCESSOR_IDENTIFIER': 'Intel64 Family 6 Model 30 Stepping 5, GenuineIntel', 'PROGRAMFILES': 'C:\\Program Files (x86)', 'PROCESSOR_REVISION': '1e05', 'DNSSUFFIX': 'wintest.releng.scl3.mozilla.com', 'SYSTEMROOT': 'C:\\windows', 'NO_EM_RESTART': '1', 'PROGRAMFILES(X86)': 'C:\\Program Files (x86)', 'OURDRIVE': 'C:', 'MOZ_HIDE_RESULTS_TABLE': '1', 'XPCOM_DEBUG_BREAK': 'warn', 'MONDIR': 'C:\\Monitor_config\\', 'TEMP': 'C:\\Users\\CLTBLD~1.001\\AppData\\Local\\Temp', 'COMMONPROGRAMFILES(X86)': 'C:\\Program Files (x86)\\Common Files', 'RUNLOGFILE': 'C:\\slave\\\\runslave.log', 'PROCESSOR_ARCHITECTURE': 'x86', 'ALLUSERSPROFILE': 'C:\\ProgramData', 'USERPROFILE': 'C:\\Users\\cltbld.T-W864-IX-038.001', 'LOCALAPPDATA': 'C:\\Users\\cltbld.T-W864-IX-038.001\\AppData\\Local', 'HOMEPATH': '\\Users\\cltbld.T-W864-IX-038.001', 'USERDOMAIN_ROAMINGPROFILE': 'T-W864-IX-038', 'MOZBUILDDIR': 'C:\\mozilla-build\\', 'PROGRAMW6432': 'C:\\Program Files', 'USERNAME': 'cltbld', 'LOGONSERVER': '\\\\T-W864-IX-038', 'MOZ_NO_REMOTE': '1', 'COMSPEC': 'C:\\windows\\system32\\cmd.exe', 'PROGRAMDATA': 'C:\\ProgramData', 'PROPERTIES_FILE': 'C:\\slave\\test/buildprops.json', 'PATH': 'C:\\Program Files (x86)\\NVIDIA Corporation\\PhysX\\Common;C:\\windows\\system32;C:\\windows;C:\\windows\\System32\\Wbem;C:\\windows\\System32\\WindowsPowerShell\\v1.0\\;C:\\mozilla-build\\python27;C:\\mozilla-build\\python27\\Scripts;C:\\mozilla-build\\msys\\bin;C:\\mozilla-build\\vim\\vim72;C:\\mozilla-build\\wget;C:\\mozilla-build\\info-zip;C:\\CoreUtils\\bin;C:\\mozilla-build\\buildbotve\\scripts;C:\\mozilla-build\\hg', 'PROMPT': '$P$G', 'NO_FAIL_ON_TEST_ERRORS': '1', 'PATHEXT': '.COM;.EXE;.BAT;.CMD;.VBS;.VBE;.JS;.JSE;.WSF;.WSH;.MSC', 'FP_NO_HOST_CHECK': 'NO', 'DCLOCATION': 'SCL3', 'APPDATA': 'C:\\Users\\cltbld.T-W864-IX-038.001\\AppData\\Roaming', 'HOMEDRIVE': 'C:', 'SYSTEMDRIVE': 'C:', 'SLAVEDIR': 'C:\\slave\\', 'NUMBER_OF_PROCESSORS': '8', 'PWD': 'C:\\slave\\test', 'PROCESSOR_LEVEL': '6', 'KTS_HOME': 'C:\\Program Files\\KTS', 'PROCESSOR_ARCHITEW6432': 'AMD64', 'MOZ_CRASHREPORTER_NO_REPORT': '1', 'COMMONPROGRAMW6432': 'C:\\Program Files\\Common Files', 'OS': 'Windows_NT', 'PUBLIC': 'C:\\Users\\Public', 'WINDIR': 'C:\\windows'}}, attempt #1
16:54:56     INFO - Running command: ['C:\\slave\\test\\build\\venv\\Scripts\\pip', 'install', '--timeout', '120', '--no-index', '--find-links', 'http://pypi.pvt.build.mozilla.org/pub', '--find-links', 'http://pypi.pub.build.mozilla.org/pub', '--trusted-host', 'pypi.pub.build.mozilla.org', '--trusted-host', 'pypi.pvt.build.mozilla.org', 'mozsystemmonitor==0.3'] in C:\slave\test\build
16:54:56     INFO - Copy/paste: C:\slave\test\build\venv\Scripts\pip install --timeout 120 --no-index --find-links http://pypi.pvt.build.mozilla.org/pub --find-links http://pypi.pub.build.mozilla.org/pub --trusted-host pypi.pub.build.mozilla.org --trusted-host pypi.pvt.build.mozilla.org mozsystemmonitor==0.3
16:54:56     INFO - Using env: {'ALLUSERSPROFILE': 'C:\\ProgramData',
16:54:56     INFO -  'APPDATA': 'C:\\Users\\cltbld.T-W864-IX-038.001\\AppData\\Roaming',
16:54:56     INFO -  'COMMONPROGRAMFILES': 'C:\\Program Files (x86)\\Common Files',
16:54:56     INFO -  'COMMONPROGRAMFILES(X86)': 'C:\\Program Files (x86)\\Common Files',
16:54:56     INFO -  'COMMONPROGRAMW6432': 'C:\\Program Files\\Common Files',
16:54:56     INFO -  'COMPUTERNAME': 'T-W864-IX-038',
16:54:56     INFO -  'COMSPEC': 'C:\\windows\\system32\\cmd.exe',
16:54:56     INFO -  'DCLOCATION': 'SCL3',
16:54:56     INFO -  'DNSSUFFIX': 'wintest.releng.scl3.mozilla.com',
16:54:56     INFO -  'FP_NO_HOST_CHECK': 'NO',
16:54:56     INFO -  'HOMEDRIVE': 'C:',
16:54:56     INFO -  'HOMEPATH': '\\Users\\cltbld.T-W864-IX-038.001',
16:54:56     INFO -  'KTS_HOME': 'C:\\Program Files\\KTS',
16:54:56     INFO -  'KTS_VERSION': '1.19c',
16:54:56     INFO -  'LOCALAPPDATA': 'C:\\Users\\cltbld.T-W864-IX-038.001\\AppData\\Local',
16:54:56     INFO -  'LOGONSERVER': '\\\\T-W864-IX-038',
16:54:56     INFO -  'MONDIR': 'C:\\Monitor_config\\',
16:54:56     INFO -  'MOZBUILDDIR': 'C:\\mozilla-build\\',
16:54:56     INFO -  'MOZ_CRASHREPORTER_NO_REPORT': '1',
16:54:56     INFO -  'MOZ_HIDE_RESULTS_TABLE': '1',
16:54:56     INFO -  'MOZ_NO_REMOTE': '1',
16:54:56     INFO -  'NO_EM_RESTART': '1',
16:54:56     INFO -  'NO_FAIL_ON_TEST_ERRORS': '1',
16:54:56     INFO -  'NUMBER_OF_PROCESSORS': '8',
16:54:56     INFO -  'OS': 'Windows_NT',
16:54:56     INFO -  'OURDRIVE': 'C:',
16:54:56     INFO -  'PATH': 'C:\\Program Files (x86)\\NVIDIA Corporation\\PhysX\\Common;C:\\windows\\system32;C:\\windows;C:\\windows\\System32\\Wbem;C:\\windows\\System32\\WindowsPowerShell\\v1.0\\;C:\\mozilla-build\\python27;C:\\mozilla-build\\python27\\Scripts;C:\\mozilla-build\\msys\\bin;C:\\mozilla-build\\vim\\vim72;C:\\mozilla-build\\wget;C:\\mozilla-build\\info-zip;C:\\CoreUtils\\bin;C:\\mozilla-build\\buildbotve\\scripts;C:\\mozilla-build\\hg',
16:54:56     INFO -  'PATHEXT': '.COM;.EXE;.BAT;.CMD;.VBS;.VBE;.JS;.JSE;.WSF;.WSH;.MSC',
16:54:56     INFO -  'PROCESSOR_ARCHITECTURE': 'x86',
16:54:56     INFO -  'PROCESSOR_ARCHITEW6432': 'AMD64',
16:54:56     INFO -  'PROCESSOR_IDENTIFIER': 'Intel64 Family 6 Model 30 Stepping 5, GenuineIntel',
16:54:56     INFO -  'PROCESSOR_LEVEL': '6',
16:54:56     INFO -  'PROCESSOR_REVISION': '1e05',
16:54:56     INFO -  'PROGRAMDATA': 'C:\\ProgramData',
16:54:56     INFO -  'PROGRAMFILES': 'C:\\Program Files (x86)',
16:54:56     INFO -  'PROGRAMFILES(X86)': 'C:\\Program Files (x86)',
16:54:56     INFO -  'PROGRAMW6432': 'C:\\Program Files',
16:54:56     INFO -  'PROMPT': '$P$G',
16:54:56     INFO -  'PROPERTIES_FILE': 'C:\\slave\\test/buildprops.json',
16:54:56     INFO -  'PSMODULEPATH': 'C:\\windows\\system32\\WindowsPowerShell\\v1.0\\Modules\\',
16:54:56     INFO -  'PUBLIC': 'C:\\Users\\Public',
16:54:56     INFO -  'PWD': 'C:\\slave\\test',
16:54:56     INFO -  'RUNLOGFILE': 'C:\\slave\\\\runslave.log',
16:54:56     INFO -  'SLAVEDIR': 'C:\\slave\\',
16:54:56     INFO -  'SYSTEMDRIVE': 'C:',
16:54:56     INFO -  'SYSTEMROOT': 'C:\\windows',
16:54:56     INFO -  'TEMP': 'C:\\Users\\CLTBLD~1.001\\AppData\\Local\\Temp',
16:54:56     INFO -  'TEST1': 'testie',
16:54:56     INFO -  'TMP': 'C:\\Users\\CLTBLD~1.001\\AppData\\Local\\Temp',
16:54:56     INFO -  'USERDOMAIN': 'T-W864-IX-038',
16:54:56     INFO -  'USERDOMAIN_ROAMINGPROFILE': 'T-W864-IX-038',
16:54:56     INFO -  'USERNAME': 'cltbld',
16:54:56     INFO -  'USERPROFILE': 'C:\\Users\\cltbld.T-W864-IX-038.001',
16:54:56     INFO -  'WINDIR': 'C:\\windows',
16:54:56     INFO -  'XPCOM_DEBUG_BREAK': 'warn'}
16:54:56     INFO -  Ignoring indexes: https://pypi.python.org/simple
16:54:56     INFO -  Collecting mozsystemmonitor==0.3
16:54:58     INFO -  Requirement already satisfied (use --upgrade to upgrade): psutil>=3.1.1 in c:\slave\test\build\venv\lib\site-packages (from mozsystemmonitor==0.3)
16:54:58     INFO -  Installing collected packages: mozsystemmonitor
16:54:58     INFO -  Successfully installed mozsystemmonitor-0.3
16:54:58     INFO - Return code: 0
16:54:58     INFO - Installing jsonschema==2.5.1 into virtualenv C:\slave\test\build\venv
16:54:58     INFO - retry: Calling run_command with args: [['C:\\slave\\test\\build\\venv\\Scripts\\pip', 'install', '--timeout', '120', '--no-index', '--find-links', 'http://pypi.pvt.build.mozilla.org/pub', '--find-links', 'http://pypi.pub.build.mozilla.org/pub', '--trusted-host', 'pypi.pub.build.mozilla.org', '--trusted-host', 'pypi.pvt.build.mozilla.org', 'jsonschema==2.5.1']], kwargs: {'error_level': 'warning', 'error_list': [{'substr': 'not found or a compiler error:', 'level': 'warning'}, {'regex': <_sre.SRE_Pattern object at 0x0261F250>, 'level': 'error'}, {'regex': <_sre.SRE_Pattern object at 0x02633188>, 'level': 'warning'}, {'regex': <_sre.SRE_Pattern object at 0x0265D490>, 'level': 'debug'}, {'substr': 'command not found', 'level': 'error'}, {'regex': <_sre.SRE_Pattern object at 0x01D18DE8>, 'level': 'warning'}, {'substr': 'Traceback (most recent call last)', 'level': 'error'}, {'substr': 'SyntaxError: ', 'level': 'error'}, {'substr': 'TypeError: ', 'level': 'error'}, {'substr': 'NameError: ', 'level': 'error'}, {'substr': 'ZeroDivisionError: ', 'level': 'error'}, {'regex': <_sre.SRE_Pattern object at 0x0259F230>, 'level': 'critical'}, {'regex': <_sre.SRE_Pattern object at 0x02627520>, 'level': 'critical'}], 'cwd': 'C:\\slave\\test\\build', 'env': {'TMP': 'C:\\Users\\CLTBLD~1.001\\AppData\\Local\\Temp', 'TEST1': 'testie', 'COMPUTERNAME': 'T-W864-IX-038', 'USERDOMAIN': 'T-W864-IX-038', 'KTS_VERSION': '1.19c', 'PSMODULEPATH': 'C:\\windows\\system32\\WindowsPowerShell\\v1.0\\Modules\\', 'COMMONPROGRAMFILES': 'C:\\Program Files (x86)\\Common Files', 'PROCESSOR_IDENTIFIER': 'Intel64 Family 6 Model 30 Stepping 5, GenuineIntel', 'PROGRAMFILES': 'C:\\Program Files (x86)', 'PROCESSOR_REVISION': '1e05', 'DNSSUFFIX': 'wintest.releng.scl3.mozilla.com', 'SYSTEMROOT': 'C:\\windows', 'NO_EM_RESTART': '1', 'PROGRAMFILES(X86)': 'C:\\Program Files (x86)', 'OURDRIVE': 'C:', 'MOZ_HIDE_RESULTS_TABLE': '1', 'XPCOM_DEBUG_BREAK': 'warn', 'MONDIR': 'C:\\Monitor_config\\', 'TEMP': 'C:\\Users\\CLTBLD~1.001\\AppData\\Local\\Temp', 'COMMONPROGRAMFILES(X86)': 'C:\\Program Files (x86)\\Common Files', 'RUNLOGFILE': 'C:\\slave\\\\runslave.log', 'PROCESSOR_ARCHITECTURE': 'x86', 'ALLUSERSPROFILE': 'C:\\ProgramData', 'USERPROFILE': 'C:\\Users\\cltbld.T-W864-IX-038.001', 'LOCALAPPDATA': 'C:\\Users\\cltbld.T-W864-IX-038.001\\AppData\\Local', 'HOMEPATH': '\\Users\\cltbld.T-W864-IX-038.001', 'USERDOMAIN_ROAMINGPROFILE': 'T-W864-IX-038', 'MOZBUILDDIR': 'C:\\mozilla-build\\', 'PROGRAMW6432': 'C:\\Program Files', 'USERNAME': 'cltbld', 'LOGONSERVER': '\\\\T-W864-IX-038', 'MOZ_NO_REMOTE': '1', 'COMSPEC': 'C:\\windows\\system32\\cmd.exe', 'PROGRAMDATA': 'C:\\ProgramData', 'PROPERTIES_FILE': 'C:\\slave\\test/buildprops.json', 'PATH': 'C:\\Program Files (x86)\\NVIDIA Corporation\\PhysX\\Common;C:\\windows\\system32;C:\\windows;C:\\windows\\System32\\Wbem;C:\\windows\\System32\\WindowsPowerShell\\v1.0\\;C:\\mozilla-build\\python27;C:\\mozilla-build\\python27\\Scripts;C:\\mozilla-build\\msys\\bin;C:\\mozilla-build\\vim\\vim72;C:\\mozilla-build\\wget;C:\\mozilla-build\\info-zip;C:\\CoreUtils\\bin;C:\\mozilla-build\\buildbotve\\scripts;C:\\mozilla-build\\hg', 'PROMPT': '$P$G', 'NO_FAIL_ON_TEST_ERRORS': '1', 'PATHEXT': '.COM;.EXE;.BAT;.CMD;.VBS;.VBE;.JS;.JSE;.WSF;.WSH;.MSC', 'FP_NO_HOST_CHECK': 'NO', 'DCLOCATION': 'SCL3', 'APPDATA': 'C:\\Users\\cltbld.T-W864-IX-038.001\\AppData\\Roaming', 'HOMEDRIVE': 'C:', 'SYSTEMDRIVE': 'C:', 'SLAVEDIR': 'C:\\slave\\', 'NUMBER_OF_PROCESSORS': '8', 'PWD': 'C:\\slave\\test', 'PROCESSOR_LEVEL': '6', 'KTS_HOME': 'C:\\Program Files\\KTS', 'PROCESSOR_ARCHITEW6432': 'AMD64', 'MOZ_CRASHREPORTER_NO_REPORT': '1', 'COMMONPROGRAMW6432': 'C:\\Program Files\\Common Files', 'OS': 'Windows_NT', 'PUBLIC': 'C:\\Users\\Public', 'WINDIR': 'C:\\windows'}}, attempt #1
16:54:58     INFO - Running command: ['C:\\slave\\test\\build\\venv\\Scripts\\pip', 'install', '--timeout', '120', '--no-index', '--find-links', 'http://pypi.pvt.build.mozilla.org/pub', '--find-links', 'http://pypi.pub.build.mozilla.org/pub', '--trusted-host', 'pypi.pub.build.mozilla.org', '--trusted-host', 'pypi.pvt.build.mozilla.org', 'jsonschema==2.5.1'] in C:\slave\test\build
16:54:58     INFO - Copy/paste: C:\slave\test\build\venv\Scripts\pip install --timeout 120 --no-index --find-links http://pypi.pvt.build.mozilla.org/pub --find-links http://pypi.pub.build.mozilla.org/pub --trusted-host pypi.pub.build.mozilla.org --trusted-host pypi.pvt.build.mozilla.org jsonschema==2.5.1
16:54:58     INFO - Using env: {'ALLUSERSPROFILE': 'C:\\ProgramData',
16:54:58     INFO -  'APPDATA': 'C:\\Users\\cltbld.T-W864-IX-038.001\\AppData\\Roaming',
16:54:58     INFO -  'COMMONPROGRAMFILES': 'C:\\Program Files (x86)\\Common Files',
16:54:58     INFO -  'COMMONPROGRAMFILES(X86)': 'C:\\Program Files (x86)\\Common Files',
16:54:58     INFO -  'COMMONPROGRAMW6432': 'C:\\Program Files\\Common Files',
16:54:58     INFO -  'COMPUTERNAME': 'T-W864-IX-038',
16:54:58     INFO -  'COMSPEC': 'C:\\windows\\system32\\cmd.exe',
16:54:58     INFO -  'DCLOCATION': 'SCL3',
16:54:58     INFO -  'DNSSUFFIX': 'wintest.releng.scl3.mozilla.com',
16:54:58     INFO -  'FP_NO_HOST_CHECK': 'NO',
16:54:58     INFO -  'HOMEDRIVE': 'C:',
16:54:58     INFO -  'HOMEPATH': '\\Users\\cltbld.T-W864-IX-038.001',
16:54:58     INFO -  'KTS_HOME': 'C:\\Program Files\\KTS',
16:54:58     INFO -  'KTS_VERSION': '1.19c',
16:54:58     INFO -  'LOCALAPPDATA': 'C:\\Users\\cltbld.T-W864-IX-038.001\\AppData\\Local',
16:54:58     INFO -  'LOGONSERVER': '\\\\T-W864-IX-038',
16:54:58     INFO -  'MONDIR': 'C:\\Monitor_config\\',
16:54:58     INFO -  'MOZBUILDDIR': 'C:\\mozilla-build\\',
16:54:58     INFO -  'MOZ_CRASHREPORTER_NO_REPORT': '1',
16:54:58     INFO -  'MOZ_HIDE_RESULTS_TABLE': '1',
16:54:58     INFO -  'MOZ_NO_REMOTE': '1',
16:54:58     INFO -  'NO_EM_RESTART': '1',
16:54:58     INFO -  'NO_FAIL_ON_TEST_ERRORS': '1',
16:54:58     INFO -  'NUMBER_OF_PROCESSORS': '8',
16:54:58     INFO -  'OS': 'Windows_NT',
16:54:58     INFO -  'OURDRIVE': 'C:',
16:54:58     INFO -  'PATH': 'C:\\Program Files (x86)\\NVIDIA Corporation\\PhysX\\Common;C:\\windows\\system32;C:\\windows;C:\\windows\\System32\\Wbem;C:\\windows\\System32\\WindowsPowerShell\\v1.0\\;C:\\mozilla-build\\python27;C:\\mozilla-build\\python27\\Scripts;C:\\mozilla-build\\msys\\bin;C:\\mozilla-build\\vim\\vim72;C:\\mozilla-build\\wget;C:\\mozilla-build\\info-zip;C:\\CoreUtils\\bin;C:\\mozilla-build\\buildbotve\\scripts;C:\\mozilla-build\\hg',
16:54:58     INFO -  'PATHEXT': '.COM;.EXE;.BAT;.CMD;.VBS;.VBE;.JS;.JSE;.WSF;.WSH;.MSC',
16:54:58     INFO -  'PROCESSOR_ARCHITECTURE': 'x86',
16:54:58     INFO -  'PROCESSOR_ARCHITEW6432': 'AMD64',
16:54:58     INFO -  'PROCESSOR_IDENTIFIER': 'Intel64 Family 6 Model 30 Stepping 5, GenuineIntel',
16:54:58     INFO -  'PROCESSOR_LEVEL': '6',
16:54:58     INFO -  'PROCESSOR_REVISION': '1e05',
16:54:58     INFO -  'PROGRAMDATA': 'C:\\ProgramData',
16:54:58     INFO -  'PROGRAMFILES': 'C:\\Program Files (x86)',
16:54:58     INFO -  'PROGRAMFILES(X86)': 'C:\\Program Files (x86)',
16:54:58     INFO -  'PROGRAMW6432': 'C:\\Program Files',
16:54:58     INFO -  'PROMPT': '$P$G',
16:54:58     INFO -  'PROPERTIES_FILE': 'C:\\slave\\test/buildprops.json',
16:54:58     INFO -  'PSMODULEPATH': 'C:\\windows\\system32\\WindowsPowerShell\\v1.0\\Modules\\',
16:54:58     INFO -  'PUBLIC': 'C:\\Users\\Public',
16:54:58     INFO -  'PWD': 'C:\\slave\\test',
16:54:58     INFO -  'RUNLOGFILE': 'C:\\slave\\\\runslave.log',
16:54:58     INFO -  'SLAVEDIR': 'C:\\slave\\',
16:54:58     INFO -  'SYSTEMDRIVE': 'C:',
16:54:58     INFO -  'SYSTEMROOT': 'C:\\windows',
16:54:58     INFO -  'TEMP': 'C:\\Users\\CLTBLD~1.001\\AppData\\Local\\Temp',
16:54:58     INFO -  'TEST1': 'testie',
16:54:58     INFO -  'TMP': 'C:\\Users\\CLTBLD~1.001\\AppData\\Local\\Temp',
16:54:58     INFO -  'USERDOMAIN': 'T-W864-IX-038',
16:54:58     INFO -  'USERDOMAIN_ROAMINGPROFILE': 'T-W864-IX-038',
16:54:58     INFO -  'USERNAME': 'cltbld',
16:54:58     INFO -  'USERPROFILE': 'C:\\Users\\cltbld.T-W864-IX-038.001',
16:54:58     INFO -  'WINDIR': 'C:\\windows',
16:54:58     INFO -  'XPCOM_DEBUG_BREAK': 'warn'}
16:54:58     INFO -  Ignoring indexes: https://pypi.python.org/simple
16:54:58     INFO -  Collecting jsonschema==2.5.1
16:54:59     INFO -    Downloading http://pypi.pvt.build.mozilla.org/pub/jsonschema-2.5.1-py2.py3-none-any.whl
16:54:59     INFO -  Collecting functools32; python_version == "2.7" (from jsonschema==2.5.1)
16:55:01     INFO -  Installing collected packages: functools32, jsonschema
16:55:01     INFO -  Successfully installed functools32-3.2.3.post2 jsonschema-2.5.1
16:55:01     INFO - Return code: 0
16:55:01     INFO - Installing functools32==3.2.3-2 into virtualenv C:\slave\test\build\venv
16:55:01     INFO - retry: Calling run_command with args: [['C:\\slave\\test\\build\\venv\\Scripts\\pip', 'install', '--timeout', '120', '--no-index', '--find-links', 'http://pypi.pvt.build.mozilla.org/pub', '--find-links', 'http://pypi.pub.build.mozilla.org/pub', '--trusted-host', 'pypi.pub.build.mozilla.org', '--trusted-host', 'pypi.pvt.build.mozilla.org', 'functools32==3.2.3-2']], kwargs: {'error_level': 'warning', 'error_list': [{'substr': 'not found or a compiler error:', 'level': 'warning'}, {'regex': <_sre.SRE_Pattern object at 0x0261F250>, 'level': 'error'}, {'regex': <_sre.SRE_Pattern object at 0x02633188>, 'level': 'warning'}, {'regex': <_sre.SRE_Pattern object at 0x0265D490>, 'level': 'debug'}, {'substr': 'command not found', 'level': 'error'}, {'regex': <_sre.SRE_Pattern object at 0x01D18DE8>, 'level': 'warning'}, {'substr': 'Traceback (most recent call last)', 'level': 'error'}, {'substr': 'SyntaxError: ', 'level': 'error'}, {'substr': 'TypeError: ', 'level': 'error'}, {'substr': 'NameError: ', 'level': 'error'}, {'substr': 'ZeroDivisionError: ', 'level': 'error'}, {'regex': <_sre.SRE_Pattern object at 0x0259F230>, 'level': 'critical'}, {'regex': <_sre.SRE_Pattern object at 0x02627520>, 'level': 'critical'}], 'cwd': 'C:\\slave\\test\\build', 'env': {'TMP': 'C:\\Users\\CLTBLD~1.001\\AppData\\Local\\Temp', 'TEST1': 'testie', 'COMPUTERNAME': 'T-W864-IX-038', 'USERDOMAIN': 'T-W864-IX-038', 'KTS_VERSION': '1.19c', 'PSMODULEPATH': 'C:\\windows\\system32\\WindowsPowerShell\\v1.0\\Modules\\', 'COMMONPROGRAMFILES': 'C:\\Program Files (x86)\\Common Files', 'PROCESSOR_IDENTIFIER': 'Intel64 Family 6 Model 30 Stepping 5, GenuineIntel', 'PROGRAMFILES': 'C:\\Program Files (x86)', 'PROCESSOR_REVISION': '1e05', 'DNSSUFFIX': 'wintest.releng.scl3.mozilla.com', 'SYSTEMROOT': 'C:\\windows', 'NO_EM_RESTART': '1', 'PROGRAMFILES(X86)': 'C:\\Program Files (x86)', 'OURDRIVE': 'C:', 'MOZ_HIDE_RESULTS_TABLE': '1', 'XPCOM_DEBUG_BREAK': 'warn', 'MONDIR': 'C:\\Monitor_config\\', 'TEMP': 'C:\\Users\\CLTBLD~1.001\\AppData\\Local\\Temp', 'COMMONPROGRAMFILES(X86)': 'C:\\Program Files (x86)\\Common Files', 'RUNLOGFILE': 'C:\\slave\\\\runslave.log', 'PROCESSOR_ARCHITECTURE': 'x86', 'ALLUSERSPROFILE': 'C:\\ProgramData', 'USERPROFILE': 'C:\\Users\\cltbld.T-W864-IX-038.001', 'LOCALAPPDATA': 'C:\\Users\\cltbld.T-W864-IX-038.001\\AppData\\Local', 'HOMEPATH': '\\Users\\cltbld.T-W864-IX-038.001', 'USERDOMAIN_ROAMINGPROFILE': 'T-W864-IX-038', 'MOZBUILDDIR': 'C:\\mozilla-build\\', 'PROGRAMW6432': 'C:\\Program Files', 'USERNAME': 'cltbld', 'LOGONSERVER': '\\\\T-W864-IX-038', 'MOZ_NO_REMOTE': '1', 'COMSPEC': 'C:\\windows\\system32\\cmd.exe', 'PROGRAMDATA': 'C:\\ProgramData', 'PROPERTIES_FILE': 'C:\\slave\\test/buildprops.json', 'PATH': 'C:\\Program Files (x86)\\NVIDIA Corporation\\PhysX\\Common;C:\\windows\\system32;C:\\windows;C:\\windows\\System32\\Wbem;C:\\windows\\System32\\WindowsPowerShell\\v1.0\\;C:\\mozilla-build\\python27;C:\\mozilla-build\\python27\\Scripts;C:\\mozilla-build\\msys\\bin;C:\\mozilla-build\\vim\\vim72;C:\\mozilla-build\\wget;C:\\mozilla-build\\info-zip;C:\\CoreUtils\\bin;C:\\mozilla-build\\buildbotve\\scripts;C:\\mozilla-build\\hg', 'PROMPT': '$P$G', 'NO_FAIL_ON_TEST_ERRORS': '1', 'PATHEXT': '.COM;.EXE;.BAT;.CMD;.VBS;.VBE;.JS;.JSE;.WSF;.WSH;.MSC', 'FP_NO_HOST_CHECK': 'NO', 'DCLOCATION': 'SCL3', 'APPDATA': 'C:\\Users\\cltbld.T-W864-IX-038.001\\AppData\\Roaming', 'HOMEDRIVE': 'C:', 'SYSTEMDRIVE': 'C:', 'SLAVEDIR': 'C:\\slave\\', 'NUMBER_OF_PROCESSORS': '8', 'PWD': 'C:\\slave\\test', 'PROCESSOR_LEVEL': '6', 'KTS_HOME': 'C:\\Program Files\\KTS', 'PROCESSOR_ARCHITEW6432': 'AMD64', 'MOZ_CRASHREPORTER_NO_REPORT': '1', 'COMMONPROGRAMW6432': 'C:\\Program Files\\Common Files', 'OS': 'Windows_NT', 'PUBLIC': 'C:\\Users\\Public', 'WINDIR': 'C:\\windows'}}, attempt #1
16:55:01     INFO - Running command: ['C:\\slave\\test\\build\\venv\\Scripts\\pip', 'install', '--timeout', '120', '--no-index', '--find-links', 'http://pypi.pvt.build.mozilla.org/pub', '--find-links', 'http://pypi.pub.build.mozilla.org/pub', '--trusted-host', 'pypi.pub.build.mozilla.org', '--trusted-host', 'pypi.pvt.build.mozilla.org', 'functools32==3.2.3-2'] in C:\slave\test\build
16:55:01     INFO - Copy/paste: C:\slave\test\build\venv\Scripts\pip install --timeout 120 --no-index --find-links http://pypi.pvt.build.mozilla.org/pub --find-links http://pypi.pub.build.mozilla.org/pub --trusted-host pypi.pub.build.mozilla.org --trusted-host pypi.pvt.build.mozilla.org functools32==3.2.3-2
16:55:01     INFO - Using env: {'ALLUSERSPROFILE': 'C:\\ProgramData',
16:55:01     INFO -  'APPDATA': 'C:\\Users\\cltbld.T-W864-IX-038.001\\AppData\\Roaming',
16:55:01     INFO -  'COMMONPROGRAMFILES': 'C:\\Program Files (x86)\\Common Files',
16:55:01     INFO -  'COMMONPROGRAMFILES(X86)': 'C:\\Program Files (x86)\\Common Files',
16:55:01     INFO -  'COMMONPROGRAMW6432': 'C:\\Program Files\\Common Files',
16:55:01     INFO -  'COMPUTERNAME': 'T-W864-IX-038',
16:55:01     INFO -  'COMSPEC': 'C:\\windows\\system32\\cmd.exe',
16:55:01     INFO -  'DCLOCATION': 'SCL3',
16:55:01     INFO -  'DNSSUFFIX': 'wintest.releng.scl3.mozilla.com',
16:55:01     INFO -  'FP_NO_HOST_CHECK': 'NO',
16:55:01     INFO -  'HOMEDRIVE': 'C:',
16:55:01     INFO -  'HOMEPATH': '\\Users\\cltbld.T-W864-IX-038.001',
16:55:01     INFO -  'KTS_HOME': 'C:\\Program Files\\KTS',
16:55:01     INFO -  'KTS_VERSION': '1.19c',
16:55:01     INFO -  'LOCALAPPDATA': 'C:\\Users\\cltbld.T-W864-IX-038.001\\AppData\\Local',
16:55:01     INFO -  'LOGONSERVER': '\\\\T-W864-IX-038',
16:55:01     INFO -  'MONDIR': 'C:\\Monitor_config\\',
16:55:01     INFO -  'MOZBUILDDIR': 'C:\\mozilla-build\\',
16:55:01     INFO -  'MOZ_CRASHREPORTER_NO_REPORT': '1',
16:55:01     INFO -  'MOZ_HIDE_RESULTS_TABLE': '1',
16:55:01     INFO -  'MOZ_NO_REMOTE': '1',
16:55:01     INFO -  'NO_EM_RESTART': '1',
16:55:01     INFO -  'NO_FAIL_ON_TEST_ERRORS': '1',
16:55:01     INFO -  'NUMBER_OF_PROCESSORS': '8',
16:55:01     INFO -  'OS': 'Windows_NT',
16:55:01     INFO -  'OURDRIVE': 'C:',
16:55:01     INFO -  'PATH': 'C:\\Program Files (x86)\\NVIDIA Corporation\\PhysX\\Common;C:\\windows\\system32;C:\\windows;C:\\windows\\System32\\Wbem;C:\\windows\\System32\\WindowsPowerShell\\v1.0\\;C:\\mozilla-build\\python27;C:\\mozilla-build\\python27\\Scripts;C:\\mozilla-build\\msys\\bin;C:\\mozilla-build\\vim\\vim72;C:\\mozilla-build\\wget;C:\\mozilla-build\\info-zip;C:\\CoreUtils\\bin;C:\\mozilla-build\\buildbotve\\scripts;C:\\mozilla-build\\hg',
16:55:01     INFO -  'PATHEXT': '.COM;.EXE;.BAT;.CMD;.VBS;.VBE;.JS;.JSE;.WSF;.WSH;.MSC',
16:55:01     INFO -  'PROCESSOR_ARCHITECTURE': 'x86',
16:55:01     INFO -  'PROCESSOR_ARCHITEW6432': 'AMD64',
16:55:01     INFO -  'PROCESSOR_IDENTIFIER': 'Intel64 Family 6 Model 30 Stepping 5, GenuineIntel',
16:55:01     INFO -  'PROCESSOR_LEVEL': '6',
16:55:01     INFO -  'PROCESSOR_REVISION': '1e05',
16:55:01     INFO -  'PROGRAMDATA': 'C:\\ProgramData',
16:55:01     INFO -  'PROGRAMFILES': 'C:\\Program Files (x86)',
16:55:01     INFO -  'PROGRAMFILES(X86)': 'C:\\Program Files (x86)',
16:55:01     INFO -  'PROGRAMW6432': 'C:\\Program Files',
16:55:01     INFO -  'PROMPT': '$P$G',
16:55:01     INFO -  'PROPERTIES_FILE': 'C:\\slave\\test/buildprops.json',
16:55:01     INFO -  'PSMODULEPATH': 'C:\\windows\\system32\\WindowsPowerShell\\v1.0\\Modules\\',
16:55:01     INFO -  'PUBLIC': 'C:\\Users\\Public',
16:55:01     INFO -  'PWD': 'C:\\slave\\test',
16:55:01     INFO -  'RUNLOGFILE': 'C:\\slave\\\\runslave.log',
16:55:01     INFO -  'SLAVEDIR': 'C:\\slave\\',
16:55:01     INFO -  'SYSTEMDRIVE': 'C:',
16:55:01     INFO -  'SYSTEMROOT': 'C:\\windows',
16:55:01     INFO -  'TEMP': 'C:\\Users\\CLTBLD~1.001\\AppData\\Local\\Temp',
16:55:01     INFO -  'TEST1': 'testie',
16:55:01     INFO -  'TMP': 'C:\\Users\\CLTBLD~1.001\\AppData\\Local\\Temp',
16:55:01     INFO -  'USERDOMAIN': 'T-W864-IX-038',
16:55:01     INFO -  'USERDOMAIN_ROAMINGPROFILE': 'T-W864-IX-038',
16:55:01     INFO -  'USERNAME': 'cltbld',
16:55:01     INFO -  'USERPROFILE': 'C:\\Users\\cltbld.T-W864-IX-038.001',
16:55:01     INFO -  'WINDIR': 'C:\\windows',
16:55:01     INFO -  'XPCOM_DEBUG_BREAK': 'warn'}
16:55:01     INFO -  Ignoring indexes: https://pypi.python.org/simple
16:55:01     INFO -  Requirement already satisfied (use --upgrade to upgrade): functools32==3.2.3-2 in c:\slave\test\build\venv\lib\site-packages
16:55:01     INFO - Return code: 0
16:55:01     INFO - Installing blobuploader==1.2.4 into virtualenv C:\slave\test\build\venv
16:55:01     INFO - retry: Calling run_command with args: [['C:\\slave\\test\\build\\venv\\Scripts\\pip', 'install', '--timeout', '120', '--no-index', '--find-links', 'http://pypi.pvt.build.mozilla.org/pub', '--find-links', 'http://pypi.pub.build.mozilla.org/pub', '--trusted-host', 'pypi.pub.build.mozilla.org', '--trusted-host', 'pypi.pvt.build.mozilla.org', 'blobuploader==1.2.4']], kwargs: {'error_level': 'warning', 'error_list': [{'substr': 'not found or a compiler error:', 'level': 'warning'}, {'regex': <_sre.SRE_Pattern object at 0x0261F250>, 'level': 'error'}, {'regex': <_sre.SRE_Pattern object at 0x02633188>, 'level': 'warning'}, {'regex': <_sre.SRE_Pattern object at 0x0265D490>, 'level': 'debug'}, {'substr': 'command not found', 'level': 'error'}, {'regex': <_sre.SRE_Pattern object at 0x01D18DE8>, 'level': 'warning'}, {'substr': 'Traceback (most recent call last)', 'level': 'error'}, {'substr': 'SyntaxError: ', 'level': 'error'}, {'substr': 'TypeError: ', 'level': 'error'}, {'substr': 'NameError: ', 'level': 'error'}, {'substr': 'ZeroDivisionError: ', 'level': 'error'}, {'regex': <_sre.SRE_Pattern object at 0x0259F230>, 'level': 'critical'}, {'regex': <_sre.SRE_Pattern object at 0x02627520>, 'level': 'critical'}], 'cwd': 'C:\\slave\\test\\build', 'env': {'TMP': 'C:\\Users\\CLTBLD~1.001\\AppData\\Local\\Temp', 'TEST1': 'testie', 'COMPUTERNAME': 'T-W864-IX-038', 'USERDOMAIN': 'T-W864-IX-038', 'KTS_VERSION': '1.19c', 'PSMODULEPATH': 'C:\\windows\\system32\\WindowsPowerShell\\v1.0\\Modules\\', 'COMMONPROGRAMFILES': 'C:\\Program Files (x86)\\Common Files', 'PROCESSOR_IDENTIFIER': 'Intel64 Family 6 Model 30 Stepping 5, GenuineIntel', 'PROGRAMFILES': 'C:\\Program Files (x86)', 'PROCESSOR_REVISION': '1e05', 'DNSSUFFIX': 'wintest.releng.scl3.mozilla.com', 'SYSTEMROOT': 'C:\\windows', 'NO_EM_RESTART': '1', 'PROGRAMFILES(X86)': 'C:\\Program Files (x86)', 'OURDRIVE': 'C:', 'MOZ_HIDE_RESULTS_TABLE': '1', 'XPCOM_DEBUG_BREAK': 'warn', 'MONDIR': 'C:\\Monitor_config\\', 'TEMP': 'C:\\Users\\CLTBLD~1.001\\AppData\\Local\\Temp', 'COMMONPROGRAMFILES(X86)': 'C:\\Program Files (x86)\\Common Files', 'RUNLOGFILE': 'C:\\slave\\\\runslave.log', 'PROCESSOR_ARCHITECTURE': 'x86', 'ALLUSERSPROFILE': 'C:\\ProgramData', 'USERPROFILE': 'C:\\Users\\cltbld.T-W864-IX-038.001', 'LOCALAPPDATA': 'C:\\Users\\cltbld.T-W864-IX-038.001\\AppData\\Local', 'HOMEPATH': '\\Users\\cltbld.T-W864-IX-038.001', 'USERDOMAIN_ROAMINGPROFILE': 'T-W864-IX-038', 'MOZBUILDDIR': 'C:\\mozilla-build\\', 'PROGRAMW6432': 'C:\\Program Files', 'USERNAME': 'cltbld', 'LOGONSERVER': '\\\\T-W864-IX-038', 'MOZ_NO_REMOTE': '1', 'COMSPEC': 'C:\\windows\\system32\\cmd.exe', 'PROGRAMDATA': 'C:\\ProgramData', 'PROPERTIES_FILE': 'C:\\slave\\test/buildprops.json', 'PATH': 'C:\\Program Files (x86)\\NVIDIA Corporation\\PhysX\\Common;C:\\windows\\system32;C:\\windows;C:\\windows\\System32\\Wbem;C:\\windows\\System32\\WindowsPowerShell\\v1.0\\;C:\\mozilla-build\\python27;C:\\mozilla-build\\python27\\Scripts;C:\\mozilla-build\\msys\\bin;C:\\mozilla-build\\vim\\vim72;C:\\mozilla-build\\wget;C:\\mozilla-build\\info-zip;C:\\CoreUtils\\bin;C:\\mozilla-build\\buildbotve\\scripts;C:\\mozilla-build\\hg', 'PROMPT': '$P$G', 'NO_FAIL_ON_TEST_ERRORS': '1', 'PATHEXT': '.COM;.EXE;.BAT;.CMD;.VBS;.VBE;.JS;.JSE;.WSF;.WSH;.MSC', 'FP_NO_HOST_CHECK': 'NO', 'DCLOCATION': 'SCL3', 'APPDATA': 'C:\\Users\\cltbld.T-W864-IX-038.001\\AppData\\Roaming', 'HOMEDRIVE': 'C:', 'SYSTEMDRIVE': 'C:', 'SLAVEDIR': 'C:\\slave\\', 'NUMBER_OF_PROCESSORS': '8', 'PWD': 'C:\\slave\\test', 'PROCESSOR_LEVEL': '6', 'KTS_HOME': 'C:\\Program Files\\KTS', 'PROCESSOR_ARCHITEW6432': 'AMD64', 'MOZ_CRASHREPORTER_NO_REPORT': '1', 'COMMONPROGRAMW6432': 'C:\\Program Files\\Common Files', 'OS': 'Windows_NT', 'PUBLIC': 'C:\\Users\\Public', 'WINDIR': 'C:\\windows'}}, attempt #1
16:55:01     INFO - Running command: ['C:\\slave\\test\\build\\venv\\Scripts\\pip', 'install', '--timeout', '120', '--no-index', '--find-links', 'http://pypi.pvt.build.mozilla.org/pub', '--find-links', 'http://pypi.pub.build.mozilla.org/pub', '--trusted-host', 'pypi.pub.build.mozilla.org', '--trusted-host', 'pypi.pvt.build.mozilla.org', 'blobuploader==1.2.4'] in C:\slave\test\build
16:55:01     INFO - Copy/paste: C:\slave\test\build\venv\Scripts\pip install --timeout 120 --no-index --find-links http://pypi.pvt.build.mozilla.org/pub --find-links http://pypi.pub.build.mozilla.org/pub --trusted-host pypi.pub.build.mozilla.org --trusted-host pypi.pvt.build.mozilla.org blobuploader==1.2.4
16:55:01     INFO - Using env: {'ALLUSERSPROFILE': 'C:\\ProgramData',
16:55:01     INFO -  'APPDATA': 'C:\\Users\\cltbld.T-W864-IX-038.001\\AppData\\Roaming',
16:55:01     INFO -  'COMMONPROGRAMFILES': 'C:\\Program Files (x86)\\Common Files',
16:55:01     INFO -  'COMMONPROGRAMFILES(X86)': 'C:\\Program Files (x86)\\Common Files',
16:55:01     INFO -  'COMMONPROGRAMW6432': 'C:\\Program Files\\Common Files',
16:55:01     INFO -  'COMPUTERNAME': 'T-W864-IX-038',
16:55:01     INFO -  'COMSPEC': 'C:\\windows\\system32\\cmd.exe',
16:55:01     INFO -  'DCLOCATION': 'SCL3',
16:55:01     INFO -  'DNSSUFFIX': 'wintest.releng.scl3.mozilla.com',
16:55:01     INFO -  'FP_NO_HOST_CHECK': 'NO',
16:55:01     INFO -  'HOMEDRIVE': 'C:',
16:55:01     INFO -  'HOMEPATH': '\\Users\\cltbld.T-W864-IX-038.001',
16:55:01     INFO -  'KTS_HOME': 'C:\\Program Files\\KTS',
16:55:01     INFO -  'KTS_VERSION': '1.19c',
16:55:01     INFO -  'LOCALAPPDATA': 'C:\\Users\\cltbld.T-W864-IX-038.001\\AppData\\Local',
16:55:01     INFO -  'LOGONSERVER': '\\\\T-W864-IX-038',
16:55:01     INFO -  'MONDIR': 'C:\\Monitor_config\\',
16:55:01     INFO -  'MOZBUILDDIR': 'C:\\mozilla-build\\',
16:55:01     INFO -  'MOZ_CRASHREPORTER_NO_REPORT': '1',
16:55:01     INFO -  'MOZ_HIDE_RESULTS_TABLE': '1',
16:55:01     INFO -  'MOZ_NO_REMOTE': '1',
16:55:01     INFO -  'NO_EM_RESTART': '1',
16:55:01     INFO -  'NO_FAIL_ON_TEST_ERRORS': '1',
16:55:01     INFO -  'NUMBER_OF_PROCESSORS': '8',
16:55:01     INFO -  'OS': 'Windows_NT',
16:55:01     INFO -  'OURDRIVE': 'C:',
16:55:01     INFO -  'PATH': 'C:\\Program Files (x86)\\NVIDIA Corporation\\PhysX\\Common;C:\\windows\\system32;C:\\windows;C:\\windows\\System32\\Wbem;C:\\windows\\System32\\WindowsPowerShell\\v1.0\\;C:\\mozilla-build\\python27;C:\\mozilla-build\\python27\\Scripts;C:\\mozilla-build\\msys\\bin;C:\\mozilla-build\\vim\\vim72;C:\\mozilla-build\\wget;C:\\mozilla-build\\info-zip;C:\\CoreUtils\\bin;C:\\mozilla-build\\buildbotve\\scripts;C:\\mozilla-build\\hg',
16:55:01     INFO -  'PATHEXT': '.COM;.EXE;.BAT;.CMD;.VBS;.VBE;.JS;.JSE;.WSF;.WSH;.MSC',
16:55:01     INFO -  'PROCESSOR_ARCHITECTURE': 'x86',
16:55:01     INFO -  'PROCESSOR_ARCHITEW6432': 'AMD64',
16:55:01     INFO -  'PROCESSOR_IDENTIFIER': 'Intel64 Family 6 Model 30 Stepping 5, GenuineIntel',
16:55:01     INFO -  'PROCESSOR_LEVEL': '6',
16:55:01     INFO -  'PROCESSOR_REVISION': '1e05',
16:55:01     INFO -  'PROGRAMDATA': 'C:\\ProgramData',
16:55:01     INFO -  'PROGRAMFILES': 'C:\\Program Files (x86)',
16:55:01     INFO -  'PROGRAMFILES(X86)': 'C:\\Program Files (x86)',
16:55:01     INFO -  'PROGRAMW6432': 'C:\\Program Files',
16:55:01     INFO -  'PROMPT': '$P$G',
16:55:01     INFO -  'PROPERTIES_FILE': 'C:\\slave\\test/buildprops.json',
16:55:01     INFO -  'PSMODULEPATH': 'C:\\windows\\system32\\WindowsPowerShell\\v1.0\\Modules\\',
16:55:01     INFO -  'PUBLIC': 'C:\\Users\\Public',
16:55:01     INFO -  'PWD': 'C:\\slave\\test',
16:55:01     INFO -  'RUNLOGFILE': 'C:\\slave\\\\runslave.log',
16:55:01     INFO -  'SLAVEDIR': 'C:\\slave\\',
16:55:01     INFO -  'SYSTEMDRIVE': 'C:',
16:55:01     INFO -  'SYSTEMROOT': 'C:\\windows',
16:55:01     INFO -  'TEMP': 'C:\\Users\\CLTBLD~1.001\\AppData\\Local\\Temp',
16:55:01     INFO -  'TEST1': 'testie',
16:55:01     INFO -  'TMP': 'C:\\Users\\CLTBLD~1.001\\AppData\\Local\\Temp',
16:55:01     INFO -  'USERDOMAIN': 'T-W864-IX-038',
16:55:01     INFO -  'USERDOMAIN_ROAMINGPROFILE': 'T-W864-IX-038',
16:55:01     INFO -  'USERNAME': 'cltbld',
16:55:01     INFO -  'USERPROFILE': 'C:\\Users\\cltbld.T-W864-IX-038.001',
16:55:01     INFO -  'WINDIR': 'C:\\windows',
16:55:01     INFO -  'XPCOM_DEBUG_BREAK': 'warn'}
16:55:02     INFO -  Ignoring indexes: https://pypi.python.org/simple
16:55:02     INFO -  Collecting blobuploader==1.2.4
16:55:03     INFO -  Collecting docopt==0.6.1 (from blobuploader==1.2.4)
16:55:05     INFO -  Collecting requests==1.2.3. (from blobuploader==1.2.4)
16:55:06     INFO -  Installing collected packages: docopt, requests, blobuploader
16:55:06     INFO -  Successfully installed blobuploader-1.2.4 docopt-0.6.1 requests-1.2.3
16:55:07     INFO - Return code: 0
16:55:07     INFO - Installing None into virtualenv C:\slave\test\build\venv
16:55:07     INFO - retry: Calling run_command with args: [['C:\\slave\\test\\build\\venv\\Scripts\\pip', 'install', '--no-deps', '--timeout', '120', '-r', 'C:\\slave\\test\\build\\tests\\config\\marionette_requirements.txt', '--no-index', '--find-links', 'http://pypi.pvt.build.mozilla.org/pub', '--find-links', 'http://pypi.pub.build.mozilla.org/pub', '--trusted-host', 'pypi.pub.build.mozilla.org', '--trusted-host', 'pypi.pvt.build.mozilla.org']], kwargs: {'error_level': 'warning', 'error_list': [{'substr': 'not found or a compiler error:', 'level': 'warning'}, {'regex': <_sre.SRE_Pattern object at 0x0261F250>, 'level': 'error'}, {'regex': <_sre.SRE_Pattern object at 0x02633188>, 'level': 'warning'}, {'regex': <_sre.SRE_Pattern object at 0x0265D490>, 'level': 'debug'}, {'substr': 'command not found', 'level': 'error'}, {'regex': <_sre.SRE_Pattern object at 0x01D18DE8>, 'level': 'warning'}, {'substr': 'Traceback (most recent call last)', 'level': 'error'}, {'substr': 'SyntaxError: ', 'level': 'error'}, {'substr': 'TypeError: ', 'level': 'error'}, {'substr': 'NameError: ', 'level': 'error'}, {'substr': 'ZeroDivisionError: ', 'level': 'error'}, {'regex': <_sre.SRE_Pattern object at 0x0259F230>, 'level': 'critical'}, {'regex': <_sre.SRE_Pattern object at 0x02627520>, 'level': 'critical'}], 'cwd': 'C:\\slave\\test\\build\\tests\\config', 'env': {'TMP': 'C:\\Users\\CLTBLD~1.001\\AppData\\Local\\Temp', 'TEST1': 'testie', 'COMPUTERNAME': 'T-W864-IX-038', 'USERDOMAIN': 'T-W864-IX-038', 'KTS_VERSION': '1.19c', 'PSMODULEPATH': 'C:\\windows\\system32\\WindowsPowerShell\\v1.0\\Modules\\', 'COMMONPROGRAMFILES': 'C:\\Program Files (x86)\\Common Files', 'PROCESSOR_IDENTIFIER': 'Intel64 Family 6 Model 30 Stepping 5, GenuineIntel', 'PROGRAMFILES': 'C:\\Program Files (x86)', 'PROCESSOR_REVISION': '1e05', 'DNSSUFFIX': 'wintest.releng.scl3.mozilla.com', 'SYSTEMROOT': 'C:\\windows', 'NO_EM_RESTART': '1', 'PROGRAMFILES(X86)': 'C:\\Program Files (x86)', 'OURDRIVE': 'C:', 'MOZ_HIDE_RESULTS_TABLE': '1', 'XPCOM_DEBUG_BREAK': 'warn', 'MONDIR': 'C:\\Monitor_config\\', 'TEMP': 'C:\\Users\\CLTBLD~1.001\\AppData\\Local\\Temp', 'COMMONPROGRAMFILES(X86)': 'C:\\Program Files (x86)\\Common Files', 'RUNLOGFILE': 'C:\\slave\\\\runslave.log', 'PROCESSOR_ARCHITECTURE': 'x86', 'ALLUSERSPROFILE': 'C:\\ProgramData', 'USERPROFILE': 'C:\\Users\\cltbld.T-W864-IX-038.001', 'LOCALAPPDATA': 'C:\\Users\\cltbld.T-W864-IX-038.001\\AppData\\Local', 'HOMEPATH': '\\Users\\cltbld.T-W864-IX-038.001', 'USERDOMAIN_ROAMINGPROFILE': 'T-W864-IX-038', 'MOZBUILDDIR': 'C:\\mozilla-build\\', 'PROGRAMW6432': 'C:\\Program Files', 'USERNAME': 'cltbld', 'LOGONSERVER': '\\\\T-W864-IX-038', 'MOZ_NO_REMOTE': '1', 'COMSPEC': 'C:\\windows\\system32\\cmd.exe', 'PROGRAMDATA': 'C:\\ProgramData', 'PROPERTIES_FILE': 'C:\\slave\\test/buildprops.json', 'PATH': 'C:\\Program Files (x86)\\NVIDIA Corporation\\PhysX\\Common;C:\\windows\\system32;C:\\windows;C:\\windows\\System32\\Wbem;C:\\windows\\System32\\WindowsPowerShell\\v1.0\\;C:\\mozilla-build\\python27;C:\\mozilla-build\\python27\\Scripts;C:\\mozilla-build\\msys\\bin;C:\\mozilla-build\\vim\\vim72;C:\\mozilla-build\\wget;C:\\mozilla-build\\info-zip;C:\\CoreUtils\\bin;C:\\mozilla-build\\buildbotve\\scripts;C:\\mozilla-build\\hg', 'PROMPT': '$P$G', 'NO_FAIL_ON_TEST_ERRORS': '1', 'PATHEXT': '.COM;.EXE;.BAT;.CMD;.VBS;.VBE;.JS;.JSE;.WSF;.WSH;.MSC', 'FP_NO_HOST_CHECK': 'NO', 'DCLOCATION': 'SCL3', 'APPDATA': 'C:\\Users\\cltbld.T-W864-IX-038.001\\AppData\\Roaming', 'HOMEDRIVE': 'C:', 'SYSTEMDRIVE': 'C:', 'SLAVEDIR': 'C:\\slave\\', 'NUMBER_OF_PROCESSORS': '8', 'PWD': 'C:\\slave\\test', 'PROCESSOR_LEVEL': '6', 'KTS_HOME': 'C:\\Program Files\\KTS', 'PROCESSOR_ARCHITEW6432': 'AMD64', 'MOZ_CRASHREPORTER_NO_REPORT': '1', 'COMMONPROGRAMW6432': 'C:\\Program Files\\Common Files', 'OS': 'Windows_NT', 'PUBLIC': 'C:\\Users\\Public', 'WINDIR': 'C:\\windows'}}, attempt #1
16:55:07     INFO - Running command: ['C:\\slave\\test\\build\\venv\\Scripts\\pip', 'install', '--no-deps', '--timeout', '120', '-r', 'C:\\slave\\test\\build\\tests\\config\\marionette_requirements.txt', '--no-index', '--find-links', 'http://pypi.pvt.build.mozilla.org/pub', '--find-links', 'http://pypi.pub.build.mozilla.org/pub', '--trusted-host', 'pypi.pub.build.mozilla.org', '--trusted-host', 'pypi.pvt.build.mozilla.org'] in C:\slave\test\build\tests\config
16:55:07     INFO - Copy/paste: C:\slave\test\build\venv\Scripts\pip install --no-deps --timeout 120 -r C:\slave\test\build\tests\config\marionette_requirements.txt --no-index --find-links http://pypi.pvt.build.mozilla.org/pub --find-links http://pypi.pub.build.mozilla.org/pub --trusted-host pypi.pub.build.mozilla.org --trusted-host pypi.pvt.build.mozilla.org
16:55:07     INFO - Using env: {'ALLUSERSPROFILE': 'C:\\ProgramData',
16:55:07     INFO -  'APPDATA': 'C:\\Users\\cltbld.T-W864-IX-038.001\\AppData\\Roaming',
16:55:07     INFO -  'COMMONPROGRAMFILES': 'C:\\Program Files (x86)\\Common Files',
16:55:07     INFO -  'COMMONPROGRAMFILES(X86)': 'C:\\Program Files (x86)\\Common Files',
16:55:07     INFO -  'COMMONPROGRAMW6432': 'C:\\Program Files\\Common Files',
16:55:07     INFO -  'COMPUTERNAME': 'T-W864-IX-038',
16:55:07     INFO -  'COMSPEC': 'C:\\windows\\system32\\cmd.exe',
16:55:07     INFO -  'DCLOCATION': 'SCL3',
16:55:07     INFO -  'DNSSUFFIX': 'wintest.releng.scl3.mozilla.com',
16:55:07     INFO -  'FP_NO_HOST_CHECK': 'NO',
16:55:07     INFO -  'HOMEDRIVE': 'C:',
16:55:07     INFO -  'HOMEPATH': '\\Users\\cltbld.T-W864-IX-038.001',
16:55:07     INFO -  'KTS_HOME': 'C:\\Program Files\\KTS',
16:55:07     INFO -  'KTS_VERSION': '1.19c',
16:55:07     INFO -  'LOCALAPPDATA': 'C:\\Users\\cltbld.T-W864-IX-038.001\\AppData\\Local',
16:55:07     INFO -  'LOGONSERVER': '\\\\T-W864-IX-038',
16:55:07     INFO -  'MONDIR': 'C:\\Monitor_config\\',
16:55:07     INFO -  'MOZBUILDDIR': 'C:\\mozilla-build\\',
16:55:07     INFO -  'MOZ_CRASHREPORTER_NO_REPORT': '1',
16:55:07     INFO -  'MOZ_HIDE_RESULTS_TABLE': '1',
16:55:07     INFO -  'MOZ_NO_REMOTE': '1',
16:55:07     INFO -  'NO_EM_RESTART': '1',
16:55:07     INFO -  'NO_FAIL_ON_TEST_ERRORS': '1',
16:55:07     INFO -  'NUMBER_OF_PROCESSORS': '8',
16:55:07     INFO -  'OS': 'Windows_NT',
16:55:07     INFO -  'OURDRIVE': 'C:',
16:55:07     INFO -  'PATH': 'C:\\Program Files (x86)\\NVIDIA Corporation\\PhysX\\Common;C:\\windows\\system32;C:\\windows;C:\\windows\\System32\\Wbem;C:\\windows\\System32\\WindowsPowerShell\\v1.0\\;C:\\mozilla-build\\python27;C:\\mozilla-build\\python27\\Scripts;C:\\mozilla-build\\msys\\bin;C:\\mozilla-build\\vim\\vim72;C:\\mozilla-build\\wget;C:\\mozilla-build\\info-zip;C:\\CoreUtils\\bin;C:\\mozilla-build\\buildbotve\\scripts;C:\\mozilla-build\\hg',
16:55:07     INFO -  'PATHEXT': '.COM;.EXE;.BAT;.CMD;.VBS;.VBE;.JS;.JSE;.WSF;.WSH;.MSC',
16:55:07     INFO -  'PROCESSOR_ARCHITECTURE': 'x86',
16:55:07     INFO -  'PROCESSOR_ARCHITEW6432': 'AMD64',
16:55:07     INFO -  'PROCESSOR_IDENTIFIER': 'Intel64 Family 6 Model 30 Stepping 5, GenuineIntel',
16:55:07     INFO -  'PROCESSOR_LEVEL': '6',
16:55:07     INFO -  'PROCESSOR_REVISION': '1e05',
16:55:07     INFO -  'PROGRAMDATA': 'C:\\ProgramData',
16:55:07     INFO -  'PROGRAMFILES': 'C:\\Program Files (x86)',
16:55:07     INFO -  'PROGRAMFILES(X86)': 'C:\\Program Files (x86)',
16:55:07     INFO -  'PROGRAMW6432': 'C:\\Program Files',
16:55:07     INFO -  'PROMPT': '$P$G',
16:55:07     INFO -  'PROPERTIES_FILE': 'C:\\slave\\test/buildprops.json',
16:55:07     INFO -  'PSMODULEPATH': 'C:\\windows\\system32\\WindowsPowerShell\\v1.0\\Modules\\',
16:55:07     INFO -  'PUBLIC': 'C:\\Users\\Public',
16:55:07     INFO -  'PWD': 'C:\\slave\\test',
16:55:07     INFO -  'RUNLOGFILE': 'C:\\slave\\\\runslave.log',
16:55:07     INFO -  'SLAVEDIR': 'C:\\slave\\',
16:55:07     INFO -  'SYSTEMDRIVE': 'C:',
16:55:07     INFO -  'SYSTEMROOT': 'C:\\windows',
16:55:07     INFO -  'TEMP': 'C:\\Users\\CLTBLD~1.001\\AppData\\Local\\Temp',
16:55:07     INFO -  'TEST1': 'testie',
16:55:07     INFO -  'TMP': 'C:\\Users\\CLTBLD~1.001\\AppData\\Local\\Temp',
16:55:07     INFO -  'USERDOMAIN': 'T-W864-IX-038',
16:55:07     INFO -  'USERDOMAIN_ROAMINGPROFILE': 'T-W864-IX-038',
16:55:07     INFO -  'USERNAME': 'cltbld',
16:55:07     INFO -  'USERPROFILE': 'C:\\Users\\cltbld.T-W864-IX-038.001',
16:55:07     INFO -  'WINDIR': 'C:\\windows',
16:55:07     INFO -  'XPCOM_DEBUG_BREAK': 'warn'}
16:55:07     INFO -  Ignoring indexes: https://pypi.python.org/simple
16:55:07     INFO -  Processing c:\slave\test\build\tests\mozbase\manifestparser
16:55:08     INFO -  Processing c:\slave\test\build\tests\mozbase\mozcrash
16:55:08     INFO -  Processing c:\slave\test\build\tests\mozbase\mozdebug
16:55:09     INFO -  Processing c:\slave\test\build\tests\mozbase\mozdevice
16:55:09     INFO -  Processing c:\slave\test\build\tests\mozbase\mozfile
16:55:09     INFO -  Processing c:\slave\test\build\tests\mozbase\mozhttpd
16:55:09     INFO -  Processing c:\slave\test\build\tests\mozbase\mozinfo
16:55:10     INFO -  Processing c:\slave\test\build\tests\mozbase\mozinstall
16:55:10     INFO -  Processing c:\slave\test\build\tests\mozbase\mozleak
16:55:10     INFO -  Processing c:\slave\test\build\tests\mozbase\mozlog
16:55:10     INFO -  Processing c:\slave\test\build\tests\mozbase\moznetwork
16:55:11     INFO -  Processing c:\slave\test\build\tests\mozbase\mozprocess
16:55:11     INFO -  Processing c:\slave\test\build\tests\mozbase\mozprofile
16:55:11     INFO -  Processing c:\slave\test\build\tests\mozbase\mozrunner
16:55:11     INFO -  Processing c:\slave\test\build\tests\mozbase\mozscreenshot
16:55:12     INFO -  Processing c:\slave\test\build\tests\mozbase\moztest
16:55:12     INFO -  Processing c:\slave\test\build\tests\mozbase\mozversion
16:55:12     INFO -  Processing c:\slave\test\build\tests\tools\wptserve
16:55:12     INFO -  Processing c:\slave\test\build\tests\marionette\client
16:55:13     INFO -  Processing c:\slave\test\build\tests\marionette\harness\marionette_harness\runner\mixins\browsermob-proxy-py
16:55:13     INFO -  Processing c:\slave\test\build\tests\marionette\harness
16:55:13     INFO -  Processing c:\slave\test\build\tests\marionette\puppeteer\firefox
16:55:13     INFO -  Building wheels for collected packages: browsermob-proxy
16:55:14     INFO -    Running setup.py bdist_wheel for browsermob-proxy: started
16:55:14     INFO -    Running setup.py bdist_wheel for browsermob-proxy: finished with status 'done'
16:55:15     INFO -    Stored in directory: C:\Users\cltbld.T-W864-IX-038.001\AppData\Local\pip\Cache\wheels\08\c0\29\e3a3f32d6ca19470885c6032e6c0a54976e207f709e0326988
16:55:15     INFO -  Successfully built browsermob-proxy
16:55:15     INFO -  Installing collected packages: manifestparser, mozcrash, mozdebug, mozdevice, mozfile, mozhttpd, mozinfo, mozInstall, mozleak, mozlog, moznetwork, mozprocess, mozprofile, mozrunner, mozscreenshot, moztest, mozversion, wptserve, marionette-driver, browsermob-proxy, marionette-harness, firefox-puppeteer
16:55:15     INFO -    Running setup.py install for manifestparser: started
16:55:15     INFO -      Running setup.py install for manifestparser: finished with status 'done'
16:55:16     INFO -    Running setup.py install for mozcrash: started
16:55:16     INFO -      Running setup.py install for mozcrash: finished with status 'done'
16:55:16     INFO -    Running setup.py install for mozdebug: started
16:55:16     INFO -      Running setup.py install for mozdebug: finished with status 'done'
16:55:17     INFO -    Running setup.py install for mozdevice: started
16:55:17     INFO -      Running setup.py install for mozdevice: finished with status 'done'
16:55:17     INFO -    Running setup.py install for mozfile: started
16:55:18     INFO -      Running setup.py install for mozfile: finished with status 'done'
16:55:18     INFO -    Running setup.py install for mozhttpd: started
16:55:18     INFO -      Running setup.py install for mozhttpd: finished with status 'done'
16:55:18     INFO -    Running setup.py install for mozinfo: started
16:55:19     INFO -      Running setup.py install for mozinfo: finished with status 'done'
16:55:19     INFO -    Running setup.py install for mozInstall: started
16:55:19     INFO -      Running setup.py install for mozInstall: finished with status 'done'
16:55:20     INFO -    Running setup.py install for mozleak: started
16:55:20     INFO -      Running setup.py install for mozleak: finished with status 'done'
16:55:20     INFO -    Running setup.py install for mozlog: started
16:55:20     INFO -      Running setup.py install for mozlog: finished with status 'done'
16:55:22     INFO -    Running setup.py install for moznetwork: started
16:55:22     INFO -      Running setup.py install for moznetwork: finished with status 'done'
16:55:22     INFO -    Running setup.py install for mozprocess: started
16:55:22     INFO -      Running setup.py install for mozprocess: finished with status 'done'
16:55:23     INFO -    Running setup.py install for mozprofile: started
16:55:23     INFO -      Running setup.py install for mozprofile: finished with status 'done'
16:55:24     INFO -    Running setup.py install for mozrunner: started
16:55:24     INFO -      Running setup.py install for mozrunner: finished with status 'done'
16:55:24     INFO -    Running setup.py install for mozscreenshot: started
16:55:25     INFO -      Running setup.py install for mozscreenshot: finished with status 'done'
16:55:25     INFO -    Running setup.py install for moztest: started
16:55:25     INFO -      Running setup.py install for moztest: finished with status 'done'
16:55:25     INFO -    Running setup.py install for mozversion: started
16:55:26     INFO -      Running setup.py install for mozversion: finished with status 'done'
16:55:26     INFO -    Running setup.py install for wptserve: started
16:55:26     INFO -      Running setup.py install for wptserve: finished with status 'done'
16:55:27     INFO -    Running setup.py install for marionette-driver: started
16:55:27     INFO -      Running setup.py install for marionette-driver: finished with status 'done'
16:55:28     INFO -    Running setup.py install for marionette-harness: started
16:55:28     INFO -      Running setup.py install for marionette-harness: finished with status 'done'
16:55:29     INFO -    Running setup.py install for firefox-puppeteer: started
16:55:29     INFO -      Running setup.py install for firefox-puppeteer: finished with status 'done'
16:55:31     INFO -  Successfully installed browsermob-proxy-0.6.0 firefox-puppeteer-52.1.0 manifestparser-1.1 marionette-driver-2.2.0 marionette-harness-4.0.0 mozInstall-1.12 mozcrash-1.0 mozdebug-0.1 mozdevice-0.48 mozfile-1.2 mozhttpd-0.7 mozinfo-0.9 mozleak-0.1 mozlog-3.4 moznetwork-0.27 mozprocess-0.23 mozprofile-0.28 mozrunner-6.13 mozscreenshot-0.1 moztest-0.8 mozversion-1.4 wptserve-1.4.0
16:55:31     INFO - Return code: 0
16:55:31     INFO - Installing None into virtualenv C:\slave\test\build\venv
16:55:31     INFO - retry: Calling run_command with args: [['C:\\slave\\test\\build\\venv\\Scripts\\pip', 'install', '--timeout', '120', '-r', 'C:\\slave\\test\\build\\tests\\config\\marionette_requirements.txt', '--no-index', '--find-links', 'http://pypi.pvt.build.mozilla.org/pub', '--find-links', 'http://pypi.pub.build.mozilla.org/pub', '--trusted-host', 'pypi.pub.build.mozilla.org', '--trusted-host', 'pypi.pvt.build.mozilla.org']], kwargs: {'error_level': 'warning', 'error_list': [{'substr': 'not found or a compiler error:', 'level': 'warning'}, {'regex': <_sre.SRE_Pattern object at 0x0261F250>, 'level': 'error'}, {'regex': <_sre.SRE_Pattern object at 0x02633188>, 'level': 'warning'}, {'regex': <_sre.SRE_Pattern object at 0x0265D490>, 'level': 'debug'}, {'substr': 'command not found', 'level': 'error'}, {'regex': <_sre.SRE_Pattern object at 0x01D18DE8>, 'level': 'warning'}, {'substr': 'Traceback (most recent call last)', 'level': 'error'}, {'substr': 'SyntaxError: ', 'level': 'error'}, {'substr': 'TypeError: ', 'level': 'error'}, {'substr': 'NameError: ', 'level': 'error'}, {'substr': 'ZeroDivisionError: ', 'level': 'error'}, {'regex': <_sre.SRE_Pattern object at 0x0259F230>, 'level': 'critical'}, {'regex': <_sre.SRE_Pattern object at 0x02627520>, 'level': 'critical'}], 'cwd': 'C:\\slave\\test\\build\\tests\\config', 'env': {'TMP': 'C:\\Users\\CLTBLD~1.001\\AppData\\Local\\Temp', 'TEST1': 'testie', 'COMPUTERNAME': 'T-W864-IX-038', 'USERDOMAIN': 'T-W864-IX-038', 'KTS_VERSION': '1.19c', 'PSMODULEPATH': 'C:\\windows\\system32\\WindowsPowerShell\\v1.0\\Modules\\', 'COMMONPROGRAMFILES': 'C:\\Program Files (x86)\\Common Files', 'PROCESSOR_IDENTIFIER': 'Intel64 Family 6 Model 30 Stepping 5, GenuineIntel', 'PROGRAMFILES': 'C:\\Program Files (x86)', 'PROCESSOR_REVISION': '1e05', 'DNSSUFFIX': 'wintest.releng.scl3.mozilla.com', 'SYSTEMROOT': 'C:\\windows', 'NO_EM_RESTART': '1', 'PROGRAMFILES(X86)': 'C:\\Program Files (x86)', 'OURDRIVE': 'C:', 'MOZ_HIDE_RESULTS_TABLE': '1', 'XPCOM_DEBUG_BREAK': 'warn', 'MONDIR': 'C:\\Monitor_config\\', 'TEMP': 'C:\\Users\\CLTBLD~1.001\\AppData\\Local\\Temp', 'COMMONPROGRAMFILES(X86)': 'C:\\Program Files (x86)\\Common Files', 'RUNLOGFILE': 'C:\\slave\\\\runslave.log', 'PROCESSOR_ARCHITECTURE': 'x86', 'ALLUSERSPROFILE': 'C:\\ProgramData', 'USERPROFILE': 'C:\\Users\\cltbld.T-W864-IX-038.001', 'LOCALAPPDATA': 'C:\\Users\\cltbld.T-W864-IX-038.001\\AppData\\Local', 'HOMEPATH': '\\Users\\cltbld.T-W864-IX-038.001', 'USERDOMAIN_ROAMINGPROFILE': 'T-W864-IX-038', 'MOZBUILDDIR': 'C:\\mozilla-build\\', 'PROGRAMW6432': 'C:\\Program Files', 'USERNAME': 'cltbld', 'LOGONSERVER': '\\\\T-W864-IX-038', 'MOZ_NO_REMOTE': '1', 'COMSPEC': 'C:\\windows\\system32\\cmd.exe', 'PROGRAMDATA': 'C:\\ProgramData', 'PROPERTIES_FILE': 'C:\\slave\\test/buildprops.json', 'PATH': 'C:\\Program Files (x86)\\NVIDIA Corporation\\PhysX\\Common;C:\\windows\\system32;C:\\windows;C:\\windows\\System32\\Wbem;C:\\windows\\System32\\WindowsPowerShell\\v1.0\\;C:\\mozilla-build\\python27;C:\\mozilla-build\\python27\\Scripts;C:\\mozilla-build\\msys\\bin;C:\\mozilla-build\\vim\\vim72;C:\\mozilla-build\\wget;C:\\mozilla-build\\info-zip;C:\\CoreUtils\\bin;C:\\mozilla-build\\buildbotve\\scripts;C:\\mozilla-build\\hg', 'PROMPT': '$P$G', 'NO_FAIL_ON_TEST_ERRORS': '1', 'PATHEXT': '.COM;.EXE;.BAT;.CMD;.VBS;.VBE;.JS;.JSE;.WSF;.WSH;.MSC', 'FP_NO_HOST_CHECK': 'NO', 'DCLOCATION': 'SCL3', 'APPDATA': 'C:\\Users\\cltbld.T-W864-IX-038.001\\AppData\\Roaming', 'HOMEDRIVE': 'C:', 'SYSTEMDRIVE': 'C:', 'SLAVEDIR': 'C:\\slave\\', 'NUMBER_OF_PROCESSORS': '8', 'PWD': 'C:\\slave\\test', 'PROCESSOR_LEVEL': '6', 'KTS_HOME': 'C:\\Program Files\\KTS', 'PROCESSOR_ARCHITEW6432': 'AMD64', 'MOZ_CRASHREPORTER_NO_REPORT': '1', 'COMMONPROGRAMW6432': 'C:\\Program Files\\Common Files', 'OS': 'Windows_NT', 'PUBLIC': 'C:\\Users\\Public', 'WINDIR': 'C:\\windows'}}, attempt #1
16:55:31     INFO - Running command: ['C:\\slave\\test\\build\\venv\\Scripts\\pip', 'install', '--timeout', '120', '-r', 'C:\\slave\\test\\build\\tests\\config\\marionette_requirements.txt', '--no-index', '--find-links', 'http://pypi.pvt.build.mozilla.org/pub', '--find-links', 'http://pypi.pub.build.mozilla.org/pub', '--trusted-host', 'pypi.pub.build.mozilla.org', '--trusted-host', 'pypi.pvt.build.mozilla.org'] in C:\slave\test\build\tests\config
16:55:31     INFO - Copy/paste: C:\slave\test\build\venv\Scripts\pip install --timeout 120 -r C:\slave\test\build\tests\config\marionette_requirements.txt --no-index --find-links http://pypi.pvt.build.mozilla.org/pub --find-links http://pypi.pub.build.mozilla.org/pub --trusted-host pypi.pub.build.mozilla.org --trusted-host pypi.pvt.build.mozilla.org
16:55:31     INFO - Using env: {'ALLUSERSPROFILE': 'C:\\ProgramData',
16:55:31     INFO -  'APPDATA': 'C:\\Users\\cltbld.T-W864-IX-038.001\\AppData\\Roaming',
16:55:31     INFO -  'COMMONPROGRAMFILES': 'C:\\Program Files (x86)\\Common Files',
16:55:31     INFO -  'COMMONPROGRAMFILES(X86)': 'C:\\Program Files (x86)\\Common Files',
16:55:31     INFO -  'COMMONPROGRAMW6432': 'C:\\Program Files\\Common Files',
16:55:31     INFO -  'COMPUTERNAME': 'T-W864-IX-038',
16:55:31     INFO -  'COMSPEC': 'C:\\windows\\system32\\cmd.exe',
16:55:31     INFO -  'DCLOCATION': 'SCL3',
16:55:31     INFO -  'DNSSUFFIX': 'wintest.releng.scl3.mozilla.com',
16:55:31     INFO -  'FP_NO_HOST_CHECK': 'NO',
16:55:31     INFO -  'HOMEDRIVE': 'C:',
16:55:31     INFO -  'HOMEPATH': '\\Users\\cltbld.T-W864-IX-038.001',
16:55:31     INFO -  'KTS_HOME': 'C:\\Program Files\\KTS',
16:55:31     INFO -  'KTS_VERSION': '1.19c',
16:55:31     INFO -  'LOCALAPPDATA': 'C:\\Users\\cltbld.T-W864-IX-038.001\\AppData\\Local',
16:55:31     INFO -  'LOGONSERVER': '\\\\T-W864-IX-038',
16:55:31     INFO -  'MONDIR': 'C:\\Monitor_config\\',
16:55:31     INFO -  'MOZBUILDDIR': 'C:\\mozilla-build\\',
16:55:31     INFO -  'MOZ_CRASHREPORTER_NO_REPORT': '1',
16:55:31     INFO -  'MOZ_HIDE_RESULTS_TABLE': '1',
16:55:31     INFO -  'MOZ_NO_REMOTE': '1',
16:55:31     INFO -  'NO_EM_RESTART': '1',
16:55:31     INFO -  'NO_FAIL_ON_TEST_ERRORS': '1',
16:55:31     INFO -  'NUMBER_OF_PROCESSORS': '8',
16:55:31     INFO -  'OS': 'Windows_NT',
16:55:31     INFO -  'OURDRIVE': 'C:',
16:55:31     INFO -  'PATH': 'C:\\Program Files (x86)\\NVIDIA Corporation\\PhysX\\Common;C:\\windows\\system32;C:\\windows;C:\\windows\\System32\\Wbem;C:\\windows\\System32\\WindowsPowerShell\\v1.0\\;C:\\mozilla-build\\python27;C:\\mozilla-build\\python27\\Scripts;C:\\mozilla-build\\msys\\bin;C:\\mozilla-build\\vim\\vim72;C:\\mozilla-build\\wget;C:\\mozilla-build\\info-zip;C:\\CoreUtils\\bin;C:\\mozilla-build\\buildbotve\\scripts;C:\\mozilla-build\\hg',
16:55:31     INFO -  'PATHEXT': '.COM;.EXE;.BAT;.CMD;.VBS;.VBE;.JS;.JSE;.WSF;.WSH;.MSC',
16:55:31     INFO -  'PROCESSOR_ARCHITECTURE': 'x86',
16:55:31     INFO -  'PROCESSOR_ARCHITEW6432': 'AMD64',
16:55:31     INFO -  'PROCESSOR_IDENTIFIER': 'Intel64 Family 6 Model 30 Stepping 5, GenuineIntel',
16:55:31     INFO -  'PROCESSOR_LEVEL': '6',
16:55:31     INFO -  'PROCESSOR_REVISION': '1e05',
16:55:31     INFO -  'PROGRAMDATA': 'C:\\ProgramData',
16:55:31     INFO -  'PROGRAMFILES': 'C:\\Program Files (x86)',
16:55:31     INFO -  'PROGRAMFILES(X86)': 'C:\\Program Files (x86)',
16:55:31     INFO -  'PROGRAMW6432': 'C:\\Program Files',
16:55:31     INFO -  'PROMPT': '$P$G',
16:55:31     INFO -  'PROPERTIES_FILE': 'C:\\slave\\test/buildprops.json',
16:55:31     INFO -  'PSMODULEPATH': 'C:\\windows\\system32\\WindowsPowerShell\\v1.0\\Modules\\',
16:55:31     INFO -  'PUBLIC': 'C:\\Users\\Public',
16:55:31     INFO -  'PWD': 'C:\\slave\\test',
16:55:31     INFO -  'RUNLOGFILE': 'C:\\slave\\\\runslave.log',
16:55:31     INFO -  'SLAVEDIR': 'C:\\slave\\',
16:55:31     INFO -  'SYSTEMDRIVE': 'C:',
16:55:31     INFO -  'SYSTEMROOT': 'C:\\windows',
16:55:31     INFO -  'TEMP': 'C:\\Users\\CLTBLD~1.001\\AppData\\Local\\Temp',
16:55:31     INFO -  'TEST1': 'testie',
16:55:31     INFO -  'TMP': 'C:\\Users\\CLTBLD~1.001\\AppData\\Local\\Temp',
16:55:31     INFO -  'USERDOMAIN': 'T-W864-IX-038',
16:55:31     INFO -  'USERDOMAIN_ROAMINGPROFILE': 'T-W864-IX-038',
16:55:31     INFO -  'USERNAME': 'cltbld',
16:55:31     INFO -  'USERPROFILE': 'C:\\Users\\cltbld.T-W864-IX-038.001',
16:55:31     INFO -  'WINDIR': 'C:\\windows',
16:55:31     INFO -  'XPCOM_DEBUG_BREAK': 'warn'}
16:55:31     INFO -  Ignoring indexes: https://pypi.python.org/simple
16:55:31     INFO -  Processing c:\slave\test\build\tests\mozbase\manifestparser
16:55:32     INFO -    Requirement already satisfied (use --upgrade to upgrade): manifestparser==1.1 from file:///C:/slave/test/build/tests/mozbase/manifestparser in c:\slave\test\build\venv\lib\site-packages (from -r C:\slave\test\build\tests\config\mozbase_requirements.txt (line 1))
16:55:32     INFO -  Processing c:\slave\test\build\tests\mozbase\mozcrash
16:55:32     INFO -    Requirement already satisfied (use --upgrade to upgrade): mozcrash==1.0 from file:///C:/slave/test/build/tests/mozbase/mozcrash in c:\slave\test\build\venv\lib\site-packages (from -r C:\slave\test\build\tests\config\mozbase_requirements.txt (line 2))
16:55:32     INFO -  Processing c:\slave\test\build\tests\mozbase\mozdebug
16:55:32     INFO -    Requirement already satisfied (use --upgrade to upgrade): mozdebug==0.1 from file:///C:/slave/test/build/tests/mozbase/mozdebug in c:\slave\test\build\venv\lib\site-packages (from -r C:\slave\test\build\tests\config\mozbase_requirements.txt (line 3))
16:55:32     INFO -  Processing c:\slave\test\build\tests\mozbase\mozdevice
16:55:32     INFO -    Requirement already satisfied (use --upgrade to upgrade): mozdevice==0.48 from file:///C:/slave/test/build/tests/mozbase/mozdevice in c:\slave\test\build\venv\lib\site-packages (from -r C:\slave\test\build\tests\config\mozbase_requirements.txt (line 4))
16:55:32     INFO -  Processing c:\slave\test\build\tests\mozbase\mozfile
16:55:33     INFO -    Requirement already satisfied (use --upgrade to upgrade): mozfile==1.2 from file:///C:/slave/test/build/tests/mozbase/mozfile in c:\slave\test\build\venv\lib\site-packages (from -r C:\slave\test\build\tests\config\mozbase_requirements.txt (line 5))
16:55:33     INFO -  Processing c:\slave\test\build\tests\mozbase\mozhttpd
16:55:33     INFO -    Requirement already satisfied (use --upgrade to upgrade): mozhttpd==0.7 from file:///C:/slave/test/build/tests/mozbase/mozhttpd in c:\slave\test\build\venv\lib\site-packages (from -r C:\slave\test\build\tests\config\mozbase_requirements.txt (line 6))
16:55:33     INFO -  Processing c:\slave\test\build\tests\mozbase\mozinfo
16:55:33     INFO -    Requirement already satisfied (use --upgrade to upgrade): mozinfo==0.9 from file:///C:/slave/test/build/tests/mozbase/mozinfo in c:\slave\test\build\venv\lib\site-packages (from -r C:\slave\test\build\tests\config\mozbase_requirements.txt (line 7))
16:55:33     INFO -  Processing c:\slave\test\build\tests\mozbase\mozinstall
16:55:33     INFO -    Requirement already satisfied (use --upgrade to upgrade): mozInstall==1.12 from file:///C:/slave/test/build/tests/mozbase/mozinstall in c:\slave\test\build\venv\lib\site-packages (from -r C:\slave\test\build\tests\config\mozbase_requirements.txt (line 8))
16:55:33     INFO -  Processing c:\slave\test\build\tests\mozbase\mozleak
16:55:34     INFO -    Requirement already satisfied (use --upgrade to upgrade): mozleak==0.1 from file:///C:/slave/test/build/tests/mozbase/mozleak in c:\slave\test\build\venv\lib\site-packages (from -r C:\slave\test\build\tests\config\mozbase_requirements.txt (line 9))
16:55:34     INFO -  Processing c:\slave\test\build\tests\mozbase\mozlog
16:55:34     INFO -    Requirement already satisfied (use --upgrade to upgrade): mozlog==3.4 from file:///C:/slave/test/build/tests/mozbase/mozlog in c:\slave\test\build\venv\lib\site-packages (from -r C:\slave\test\build\tests\config\mozbase_requirements.txt (line 10))
16:55:34     INFO -  Processing c:\slave\test\build\tests\mozbase\moznetwork
16:55:34     INFO -    Requirement already satisfied (use --upgrade to upgrade): moznetwork==0.27 from file:///C:/slave/test/build/tests/mozbase/moznetwork in c:\slave\test\build\venv\lib\site-packages (from -r C:\slave\test\build\tests\config\mozbase_requirements.txt (line 11))
16:55:34     INFO -  Processing c:\slave\test\build\tests\mozbase\mozprocess
16:55:35     INFO -    Requirement already satisfied (use --upgrade to upgrade): mozprocess==0.23 from file:///C:/slave/test/build/tests/mozbase/mozprocess in c:\slave\test\build\venv\lib\site-packages (from -r C:\slave\test\build\tests\config\mozbase_requirements.txt (line 12))
16:55:35     INFO -  Processing c:\slave\test\build\tests\mozbase\mozprofile
16:55:35     INFO -    Requirement already satisfied (use --upgrade to upgrade): mozprofile==0.28 from file:///C:/slave/test/build/tests/mozbase/mozprofile in c:\slave\test\build\venv\lib\site-packages (from -r C:\slave\test\build\tests\config\mozbase_requirements.txt (line 13))
16:55:35     INFO -  Processing c:\slave\test\build\tests\mozbase\mozrunner
16:55:35     INFO -    Requirement already satisfied (use --upgrade to upgrade): mozrunner==6.13 from file:///C:/slave/test/build/tests/mozbase/mozrunner in c:\slave\test\build\venv\lib\site-packages (from -r C:\slave\test\build\tests\config\mozbase_requirements.txt (line 14))
16:55:35     INFO -  Processing c:\slave\test\build\tests\mozbase\mozscreenshot
16:55:35     INFO -    Requirement already satisfied (use --upgrade to upgrade): mozscreenshot==0.1 from file:///C:/slave/test/build/tests/mozbase/mozscreenshot in c:\slave\test\build\venv\lib\site-packages (from -r C:\slave\test\build\tests\config\mozbase_requirements.txt (line 15))
16:55:35     INFO -  Processing c:\slave\test\build\tests\mozbase\moztest
16:55:36     INFO -    Requirement already satisfied (use --upgrade to upgrade): moztest==0.8 from file:///C:/slave/test/build/tests/mozbase/moztest in c:\slave\test\build\venv\lib\site-packages (from -r C:\slave\test\build\tests\config\mozbase_requirements.txt (line 16))
16:55:36     INFO -  Processing c:\slave\test\build\tests\mozbase\mozversion
16:55:36     INFO -    Requirement already satisfied (use --upgrade to upgrade): mozversion==1.4 from file:///C:/slave/test/build/tests/mozbase/mozversion in c:\slave\test\build\venv\lib\site-packages (from -r C:\slave\test\build\tests\config\mozbase_requirements.txt (line 17))
16:55:36     INFO -  Processing c:\slave\test\build\tests\tools\wptserve
16:55:36     INFO -    Requirement already satisfied (use --upgrade to upgrade): wptserve==1.4.0 from file:///C:/slave/test/build/tests/tools/wptserve in c:\slave\test\build\venv\lib\site-packages (from -r C:\slave\test\build\tests\config\marionette_requirements.txt (line 3))
16:55:36     INFO -  Processing c:\slave\test\build\tests\marionette\client
16:55:36     INFO -    Requirement already satisfied (use --upgrade to upgrade): marionette-driver==2.2.0 from file:///C:/slave/test/build/tests/marionette/client in c:\slave\test\build\venv\lib\site-packages (from -r C:\slave\test\build\tests\config\marionette_requirements.txt (line 4))
16:55:36     INFO -  Processing c:\slave\test\build\tests\marionette\harness\marionette_harness\runner\mixins\browsermob-proxy-py
16:55:37     INFO -    Requirement already satisfied (use --upgrade to upgrade): browsermob-proxy==0.6.0 from file:///C:/slave/test/build/tests/marionette/harness/marionette_harness/runner/mixins/browsermob-proxy-py in c:\slave\test\build\venv\lib\site-packages (from -r C:\slave\test\build\tests\config\marionette_requirements.txt (line 5))
16:55:37     INFO -  Processing c:\slave\test\build\tests\marionette\harness
16:55:37     INFO -    Requirement already satisfied (use --upgrade to upgrade): marionette-harness==4.0.0 from file:///C:/slave/test/build/tests/marionette/harness in c:\slave\test\build\venv\lib\site-packages (from -r C:\slave\test\build\tests\config\marionette_requirements.txt (line 6))
16:55:37     INFO -  Processing c:\slave\test\build\tests\marionette\puppeteer\firefox
16:55:37     INFO -    Requirement already satisfied (use --upgrade to upgrade): firefox-puppeteer==52.1.0 from file:///C:/slave/test/build/tests/marionette/puppeteer/firefox in c:\slave\test\build\venv\lib\site-packages (from -r C:\slave\test\build\tests\config\marionette_requirements.txt (line 9))
16:55:37     INFO -  Requirement already satisfied (use --upgrade to upgrade): mozfile>=1.0 in c:\slave\test\build\venv\lib\site-packages (from mozcrash==1.0->-r C:\slave\test\build\tests\config\mozbase_requirements.txt (line 2))
16:55:37     INFO -  Requirement already satisfied (use --upgrade to upgrade): mozlog>=3.0 in c:\slave\test\build\venv\lib\site-packages (from mozcrash==1.0->-r C:\slave\test\build\tests\config\mozbase_requirements.txt (line 2))
16:55:37     INFO -  Requirement already satisfied (use --upgrade to upgrade): mozinfo in c:\slave\test\build\venv\lib\site-packages (from mozdebug==0.1->-r C:\slave\test\build\tests\config\mozbase_requirements.txt (line 3))
16:55:37     INFO -  Requirement already satisfied (use --upgrade to upgrade): moznetwork>=0.24 in c:\slave\test\build\venv\lib\site-packages (from mozdevice==0.48->-r C:\slave\test\build\tests\config\mozbase_requirements.txt (line 4))
16:55:37     INFO -  Requirement already satisfied (use --upgrade to upgrade): mozprocess>=0.19 in c:\slave\test\build\venv\lib\site-packages (from mozdevice==0.48->-r C:\slave\test\build\tests\config\mozbase_requirements.txt (line 4))
16:55:37     INFO -  Collecting blessings>=1.3 (from mozlog==3.4->-r C:\slave\test\build\tests\config\mozbase_requirements.txt (line 10))
16:55:39     INFO -  Requirement already satisfied (use --upgrade to upgrade): requests>=1.1.0 in c:\slave\test\build\venv\lib\site-packages (from browsermob-proxy==0.6.0->-r C:\slave\test\build\tests\config\marionette_requirements.txt (line 5))
16:55:39     INFO -  Building wheels for collected packages: browsermob-proxy
16:55:39     INFO -    Running setup.py bdist_wheel for browsermob-proxy: started
16:55:39     INFO -    Running setup.py bdist_wheel for browsermob-proxy: finished with status 'done'
16:55:39     INFO -    Stored in directory: C:\Users\cltbld.T-W864-IX-038.001\AppData\Local\pip\Cache\wheels\08\c0\29\e3a3f32d6ca19470885c6032e6c0a54976e207f709e0326988
16:55:40     INFO -  Successfully built browsermob-proxy
16:55:40     INFO -  Installing collected packages: blessings
16:55:40     INFO -  Successfully installed blessings-1.6
16:55:45     INFO - Return code: 0
16:55:45     INFO - Done creating virtualenv C:\slave\test\build\venv.
16:55:45     INFO - Getting output from command: ['C:\\slave\\test\\build\\venv\\Scripts\\pip', 'freeze']
16:55:45     INFO - Copy/paste: C:\slave\test\build\venv\Scripts\pip freeze
16:55:46     INFO - Reading from file tmpfile_stdout
16:55:46     INFO - Reading from file tmpfile_stderr
16:55:46     INFO - Using _rmtree_windows ...
16:55:46     INFO - Using _rmtree_windows ...
16:55:46     INFO - Current package versions:
16:55:46     INFO -   blessings == 1.6
16:55:46     INFO -   blobuploader == 1.2.4
16:55:46     INFO -   browsermob-proxy == 0.6.0
16:55:46     INFO -   docopt == 0.6.1
16:55:46     INFO -   firefox-puppeteer == 52.1.0
16:55:46     INFO -   functools32 == 3.2.3.post2
16:55:46     INFO -   jsonschema == 2.5.1
16:55:46     INFO -   manifestparser == 1.1
16:55:46     INFO -   marionette-driver == 2.2.0
16:55:46     INFO -   marionette-harness == 4.0.0
16:55:46     INFO -   mozInstall == 1.12
16:55:46     INFO -   mozcrash == 1.0
16:55:46     INFO -   mozdebug == 0.1
16:55:46     INFO -   mozdevice == 0.48
16:55:46     INFO -   mozfile == 1.2
16:55:46     INFO -   mozhttpd == 0.7
16:55:46     INFO -   mozinfo == 0.9
16:55:46     INFO -   mozleak == 0.1
16:55:46     INFO -   mozlog == 3.4
16:55:46     INFO -   moznetwork == 0.27
16:55:46     INFO -   mozprocess == 0.23
16:55:46     INFO -   mozprofile == 0.28
16:55:46     INFO -   mozrunner == 6.13
16:55:46     INFO -   mozscreenshot == 0.1
16:55:46     INFO -   mozsystemmonitor == 0.3
16:55:46     INFO -   moztest == 0.8
16:55:46     INFO -   mozversion == 1.4
16:55:46     INFO -   psutil == 5.4.3
16:55:46     INFO -   requests == 1.2.3
16:55:46     INFO -   wptserve == 1.4.0
16:55:46     INFO - Running post-action listener: _resource_record_post_action
16:55:46     INFO - Running post-action listener: _start_resource_monitoring
16:55:46     INFO - Starting resource monitoring.
16:55:46     INFO - [mozharness: 2018-06-08 23:55:46.609000Z] Finished create-virtualenv step (success)
16:55:46     INFO - [mozharness: 2018-06-08 23:55:46.609000Z] Running pull step.
16:55:46     INFO - Running pre-action listener: _resource_record_pre_action
16:55:46     INFO - Running main action method: pull
16:55:46     INFO - Pull has nothing to do!
16:55:46     INFO - Running post-action listener: _resource_record_post_action
16:55:46     INFO - [mozharness: 2018-06-08 23:55:46.610000Z] Finished pull step (success)
16:55:46     INFO - [mozharness: 2018-06-08 23:55:46.610000Z] Running install step.
16:55:46     INFO - Running pre-action listener: _resource_record_pre_action
16:55:46     INFO - Running main action method: install
16:55:46     INFO - Getting output from command: ['C:\\slave\\test\\build\\venv\\Scripts\\pip', 'freeze']
16:55:46     INFO - Copy/paste: C:\slave\test\build\venv\Scripts\pip freeze
16:55:47     INFO - Reading from file tmpfile_stdout
16:55:47     INFO - Reading from file tmpfile_stderr
16:55:47     INFO - Using _rmtree_windows ...
16:55:47     INFO - Using _rmtree_windows ...
16:55:47     INFO - Detecting whether we're running mozinstall >=1.0...
16:55:47     INFO - Getting output from command: ['C:\\slave\\test/build/venv/scripts/python', 'C:\\slave\\test/build/venv/scripts/mozinstall-script.py', '-h']
16:55:47     INFO - Copy/paste: C:\slave\test/build/venv/scripts/python C:\slave\test/build/venv/scripts/mozinstall-script.py -h
16:55:47     INFO - Reading from file tmpfile_stdout
16:55:47     INFO - Output received:
16:55:47     INFO -  Usage: mozinstall-script.py [options] installer
16:55:47     INFO -  Options:
16:55:47     INFO -    -h, --help            show this help message and exit
16:55:47     INFO -    -d DEST, --destination=DEST
16:55:47     INFO -                          Directory to install application into. [default:
16:55:47     INFO -                          "C:\slave\test"]
16:55:47     INFO -    --app=APP             Application being installed. [default: firefox]
16:55:47     INFO - Using _rmtree_windows ...
16:55:47     INFO - Using _rmtree_windows ...
16:55:47     INFO - mkdir: C:\slave\test\build\application
16:55:47     INFO - Getting output from command: ['C:\\slave\\test/build/venv/scripts/python', 'C:\\slave\\test/build/venv/scripts/mozinstall-script.py', 'C:\\slave\\test\\build\\firefox-52.8.2.en-US.win64.zip', '--destination', 'C:\\slave\\test\\build\\application']
16:55:47     INFO - Copy/paste: C:\slave\test/build/venv/scripts/python C:\slave\test/build/venv/scripts/mozinstall-script.py C:\slave\test\build\firefox-52.8.2.en-US.win64.zip --destination C:\slave\test\build\application
ProcessManager NOT managing child processes
16:55:50     INFO - Reading from file tmpfile_stdout
16:55:50     INFO - Output received:
16:55:50     INFO -  C:\slave\test\build\application\firefox\firefox.exe
16:55:50     INFO - Using _rmtree_windows ...
16:55:50     INFO - Using _rmtree_windows ...
16:55:50     INFO - Running post-action listener: _resource_record_post_action
16:55:50     INFO - [mozharness: 2018-06-08 23:55:50.251000Z] Finished install step (success)
16:55:50     INFO - [mozharness: 2018-06-08 23:55:50.251000Z] Running run-tests step.
16:55:50     INFO - Running pre-action listener: _resource_record_pre_action
16:55:50     INFO - Running main action method: run_tests
16:55:50     INFO - mkdir: C:\slave\test\build\blobber_upload_dir
16:55:50     INFO - Minidump filename unknown. Determining based upon platform and architecture.
16:55:50     INFO - Minidump tooltool manifest unknown. Determining based upon platform and architecture.
16:55:50     INFO - grabbing minidump binary from tooltool
16:55:50     INFO - retry: Calling run_command with args: (['c:\\mozilla-build\\python27\\python.exe', 'C:/mozilla-build/tooltool.py', '--url', 'https://api.pub.build.mozilla.org/tooltool/', '--authentication-file', 'c:\\builds\\relengapi.tok', 'fetch', '-m', 'C:\\slave\\test\\build\\tests\\config/tooltool-manifests/win32/releng.manifest', '-o'],), kwargs: {'output_timeout': 600, 'error_list': [{'substr': 'command not found', 'level': 'error'}, {'regex': <_sre.SRE_Pattern object at 0x01D18DE8>, 'level': 'warning'}, {'substr': 'Traceback (most recent call last)', 'level': 'error'}, {'substr': 'SyntaxError: ', 'level': 'error'}, {'substr': 'TypeError: ', 'level': 'error'}, {'substr': 'NameError: ', 'level': 'error'}, {'substr': 'ZeroDivisionError: ', 'level': 'error'}, {'regex': <_sre.SRE_Pattern object at 0x0259F230>, 'level': 'critical'}, {'regex': <_sre.SRE_Pattern object at 0x02627520>, 'level': 'critical'}, {'substr': 'ERROR - ', 'level': 'error'}], 'cwd': 'C:\\slave\\test\\build', 'privileged': False}, attempt #1
16:55:50     INFO - Running command: ['c:\\mozilla-build\\python27\\python.exe', 'C:/mozilla-build/tooltool.py', '--url', 'https://api.pub.build.mozilla.org/tooltool/', '--authentication-file', 'c:\\builds\\relengapi.tok', 'fetch', '-m', 'C:\\slave\\test\\build\\tests\\config/tooltool-manifests/win32/releng.manifest', '-o'] in C:\slave\test\build
16:55:50     INFO - Copy/paste: c:\mozilla-build\python27\python.exe C:/mozilla-build/tooltool.py --url https://api.pub.build.mozilla.org/tooltool/ --authentication-file c:\builds\relengapi.tok fetch -m C:\slave\test\build\tests\config/tooltool-manifests/win32/releng.manifest -o
16:55:50     INFO - Calling ['c:\\mozilla-build\\python27\\python.exe', 'C:/mozilla-build/tooltool.py', '--url', 'https://api.pub.build.mozilla.org/tooltool/', '--authentication-file', 'c:\\builds\\relengapi.tok', 'fetch', '-m', 'C:\\slave\\test\\build\\tests\\config/tooltool-manifests/win32/releng.manifest', '-o'] with output_timeout 600
ProcessManager UNABLE to use job objects to manage child processes
16:55:50     INFO -  INFO - Attempting to fetch from 'https://api.pub.build.mozilla.org/tooltool/'...
16:55:52     INFO -  INFO - File win32-minidump_stackwalk.exe fetched from https://api.pub.build.mozilla.org/tooltool/ as C:\slave\test\build\tmpxbkdt3
16:55:52     INFO -  INFO - File integrity verified, renaming tmpxbkdt3 to win32-minidump_stackwalk.exe
16:55:52     INFO - Return code: 0
16:55:52     INFO - Chmoding C:\slave\test\build\win32-minidump_stackwalk.exe to 0755
16:55:52     INFO - ENV: MINIDUMP_SAVE_PATH is now C:\slave\test\build\blobber_upload_dir
16:55:52     INFO - Running command: ['C:\\slave\\test\\build\\venv\\Scripts\\python', '-u', 'C:\\slave\\test\\build\\tests\\web-platform\\runtests.py', '--log-raw=-', '--log-raw=C:\\slave\\test\\build\\blobber_upload_dir\\wpt_raw.log', '--log-errorsummary=C:\\slave\\test\\build\\blobber_upload_dir\\wpt_errorsummary.log', '--binary=C:\\slave\\test\\build\\application\\firefox\\firefox.exe', '--symbols-path=https://queue.taskcluster.net/v1/task/GYm6uScDR968YNKAqw8dYQ/artifacts/public/build/firefox-52.8.2.en-US.win64.crashreporter-symbols.zip', '--stackwalk-binary=C:\\slave\\test\\build\\win32-minidump_stackwalk.exe', '--stackfix-dir=C:\\slave\\test\\build\\tests\\bin', '--test-type=testharness', '--disable-e10s', '--total-chunks=10', '--this-chunk=4', '--prefs-root=C:\\slave\\test\\build\\tests\\web-platform/prefs', '--processes=1', '--config=C:\\slave\\test\\build\\tests\\web-platform/wptrunner.ini', '--ca-cert-path=C:\\slave\\test\\build\\tests\\web-platform/certs/cacert.pem', '--host-key-path=C:\\slave\\test\\build\\tests\\web-platform/certs/web-platform.test.key', '--host-cert-path=C:\\slave\\test\\build\\tests\\web-platform/certs/web-platform.test.pem', '--certutil-binary=C:\\slave\\test\\build\\tests/bin/certutil'] in C:\slave\test\build
16:55:52     INFO - Copy/paste: C:\slave\test\build\venv\Scripts\python -u C:\slave\test\build\tests\web-platform\runtests.py --log-raw=- --log-raw=C:\slave\test\build\blobber_upload_dir\wpt_raw.log --log-errorsummary=C:\slave\test\build\blobber_upload_dir\wpt_errorsummary.log --binary=C:\slave\test\build\application\firefox\firefox.exe --symbols-path=https://queue.taskcluster.net/v1/task/GYm6uScDR968YNKAqw8dYQ/artifacts/public/build/firefox-52.8.2.en-US.win64.crashreporter-symbols.zip --stackwalk-binary=C:\slave\test\build\win32-minidump_stackwalk.exe --stackfix-dir=C:\slave\test\build\tests\bin --test-type=testharness --disable-e10s --total-chunks=10 --this-chunk=4 --prefs-root=C:\slave\test\build\tests\web-platform/prefs --processes=1 --config=C:\slave\test\build\tests\web-platform/wptrunner.ini --ca-cert-path=C:\slave\test\build\tests\web-platform/certs/cacert.pem --host-key-path=C:\slave\test\build\tests\web-platform/certs/web-platform.test.key --host-cert-path=C:\slave\test\build\tests\web-platform/certs/web-platform.test.pem --certutil-binary=C:\slave\test\build\tests/bin/certutil
16:55:52     INFO - Using env: {'ALLUSERSPROFILE': 'C:\\ProgramData',
16:55:52     INFO -  'APPDATA': 'C:\\Users\\cltbld.T-W864-IX-038.001\\AppData\\Roaming',
16:55:52     INFO -  'COMMONPROGRAMFILES': 'C:\\Program Files (x86)\\Common Files',
16:55:52     INFO -  'COMMONPROGRAMFILES(X86)': 'C:\\Program Files (x86)\\Common Files',
16:55:52     INFO -  'COMMONPROGRAMW6432': 'C:\\Program Files\\Common Files',
16:55:52     INFO -  'COMPUTERNAME': 'T-W864-IX-038',
16:55:52     INFO -  'COMSPEC': 'C:\\windows\\system32\\cmd.exe',
16:55:52     INFO -  'DCLOCATION': 'SCL3',
16:55:52     INFO -  'DNSSUFFIX': 'wintest.releng.scl3.mozilla.com',
16:55:52     INFO -  'FP_NO_HOST_CHECK': 'NO',
16:55:52     INFO -  'HOMEDRIVE': 'C:',
16:55:52     INFO -  'HOMEPATH': '\\Users\\cltbld.T-W864-IX-038.001',
16:55:52     INFO -  'KTS_HOME': 'C:\\Program Files\\KTS',
16:55:52     INFO -  'KTS_VERSION': '1.19c',
16:55:52     INFO -  'LOCALAPPDATA': 'C:\\Users\\cltbld.T-W864-IX-038.001\\AppData\\Local',
16:55:52     INFO -  'LOGONSERVER': '\\\\T-W864-IX-038',
16:55:52     INFO -  'MINIDUMP_SAVE_PATH': 'C:\\slave\\test\\build\\blobber_upload_dir',
16:55:52     INFO -  'MONDIR': 'C:\\Monitor_config\\',
16:55:52     INFO -  'MOZBUILDDIR': 'C:\\mozilla-build\\',
16:55:52     INFO -  'MOZ_CRASHREPORTER_NO_REPORT': '1',
16:55:52     INFO -  'MOZ_HIDE_RESULTS_TABLE': '1',
16:55:52     INFO -  'MOZ_NO_REMOTE': '1',
16:55:52     INFO -  'NO_EM_RESTART': '1',
16:55:52     INFO -  'NO_FAIL_ON_TEST_ERRORS': '1',
16:55:52     INFO -  'NUMBER_OF_PROCESSORS': '8',
16:55:52     INFO -  'OS': 'Windows_NT',
16:55:52     INFO -  'OURDRIVE': 'C:',
16:55:52     INFO -  'PATH': 'C:\\slave\\test\\build\\venv\\Scripts;C:\\Program Files (x86)\\NVIDIA Corporation\\PhysX\\Common;C:\\windows\\system32;C:\\windows;C:\\windows\\System32\\Wbem;C:\\windows\\System32\\WindowsPowerShell\\v1.0\\;C:\\mozilla-build\\python27;C:\\mozilla-build\\python27\\Scripts;C:\\mozilla-build\\msys\\bin;C:\\mozilla-build\\vim\\vim72;C:\\mozilla-build\\wget;C:\\mozilla-build\\info-zip;C:\\CoreUtils\\bin;C:\\mozilla-build\\buildbotve\\scripts;C:\\mozilla-build\\hg',
16:55:52     INFO -  'PATHEXT': '.COM;.EXE;.BAT;.CMD;.VBS;.VBE;.JS;.JSE;.WSF;.WSH;.MSC',
16:55:52     INFO -  'PROCESSOR_ARCHITECTURE': 'x86',
16:55:52     INFO -  'PROCESSOR_ARCHITEW6432': 'AMD64',
16:55:52     INFO -  'PROCESSOR_IDENTIFIER': 'Intel64 Family 6 Model 30 Stepping 5, GenuineIntel',
16:55:52     INFO -  'PROCESSOR_LEVEL': '6',
16:55:52     INFO -  'PROCESSOR_REVISION': '1e05',
16:55:52     INFO -  'PROGRAMDATA': 'C:\\ProgramData',
16:55:52     INFO -  'PROGRAMFILES': 'C:\\Program Files (x86)',
16:55:52     INFO -  'PROGRAMFILES(X86)': 'C:\\Program Files (x86)',
16:55:52     INFO -  'PROGRAMW6432': 'C:\\Program Files',
16:55:52     INFO -  'PROMPT': '$P$G',
16:55:52     INFO -  'PROPERTIES_FILE': 'C:\\slave\\test/buildprops.json',
16:55:52     INFO -  'PSMODULEPATH': 'C:\\windows\\system32\\WindowsPowerShell\\v1.0\\Modules\\',
16:55:52     INFO -  'PUBLIC': 'C:\\Users\\Public',
16:55:52     INFO -  'PWD': 'C:\\slave\\test',
16:55:52     INFO -  'RUNLOGFILE': 'C:\\slave\\\\runslave.log',
16:55:52     INFO -  'SLAVEDIR': 'C:\\slave\\',
16:55:52     INFO -  'SYSTEMDRIVE': 'C:',
16:55:52     INFO -  'SYSTEMROOT': 'C:\\windows',
16:55:52     INFO -  'TEMP': 'C:\\Users\\CLTBLD~1.001\\AppData\\Local\\Temp',
16:55:52     INFO -  'TEST1': 'testie',
16:55:52     INFO -  'TMP': 'C:\\Users\\CLTBLD~1.001\\AppData\\Local\\Temp',
16:55:52     INFO -  'USERDOMAIN': 'T-W864-IX-038',
16:55:52     INFO -  'USERDOMAIN_ROAMINGPROFILE': 'T-W864-IX-038',
16:55:52     INFO -  'USERNAME': 'cltbld',
16:55:52     INFO -  'USERPROFILE': 'C:\\Users\\cltbld.T-W864-IX-038.001',
16:55:52     INFO -  'WINDIR': 'C:\\windows',
16:55:52     INFO -  'XPCOM_DEBUG_BREAK': 'warn'}
16:55:52     INFO - Calling ['C:\\slave\\test\\build\\venv\\Scripts\\python', '-u', 'C:\\slave\\test\\build\\tests\\web-platform\\runtests.py', '--log-raw=-', '--log-raw=C:\\slave\\test\\build\\blobber_upload_dir\\wpt_raw.log', '--log-errorsummary=C:\\slave\\test\\build\\blobber_upload_dir\\wpt_errorsummary.log', '--binary=C:\\slave\\test\\build\\application\\firefox\\firefox.exe', '--symbols-path=https://queue.taskcluster.net/v1/task/GYm6uScDR968YNKAqw8dYQ/artifacts/public/build/firefox-52.8.2.en-US.win64.crashreporter-symbols.zip', '--stackwalk-binary=C:\\slave\\test\\build\\win32-minidump_stackwalk.exe', '--stackfix-dir=C:\\slave\\test\\build\\tests\\bin', '--test-type=testharness', '--disable-e10s', '--total-chunks=10', '--this-chunk=4', '--prefs-root=C:\\slave\\test\\build\\tests\\web-platform/prefs', '--processes=1', '--config=C:\\slave\\test\\build\\tests\\web-platform/wptrunner.ini', '--ca-cert-path=C:\\slave\\test\\build\\tests\\web-platform/certs/cacert.pem', '--host-key-path=C:\\slave\\test\\build\\tests\\web-platform/certs/web-platform.test.key', '--host-cert-path=C:\\slave\\test\\build\\tests\\web-platform/certs/web-platform.test.pem', '--certutil-binary=C:\\slave\\test\\build\\tests/bin/certutil'] with output_timeout 1000
ProcessManager NOT managing child processes
ProcessManager UNABLE to use job objects to manage child processes
16:55:54     INFO - STDERR: Opening manifest at C:\slave\test\build\tests\web-platform\meta\MANIFEST.json
16:55:54     INFO - STDERR: Opening manifest at C:\slave\test\build\tests\web-platform\mozilla\meta\MANIFEST.json
16:55:58     INFO - Using 1 client processes
16:56:01     INFO - SUITE-START | Running 583 tests
16:56:01     INFO - Running testharness tests
16:56:01     INFO - TEST-START | /content-security-policy/style-src/style-src-3_2.html
16:56:01     INFO - TEST-SKIP | /content-security-policy/style-src/style-src-3_2.html | took 0ms
16:56:01     INFO - TEST-START | /custom-elements/v0/instantiating/extensions-to-document-interface/create-element-interface-type-is-a-local-name.html
16:56:01     INFO - TEST-SKIP | /custom-elements/v0/instantiating/extensions-to-document-interface/create-element-interface-type-is-a-local-name.html | took 0ms
16:56:01     INFO - TEST-START | /custom-elements/v0/instantiating/extensions-to-document-interface/create-element-interface-type-is-a-type-extension.html
16:56:01     INFO - TEST-SKIP | /custom-elements/v0/instantiating/extensions-to-document-interface/create-element-interface-type-is-a-type-extension.html | took 0ms
16:56:01     INFO - TEST-START | /custom-elements/v0/instantiating/extensions-to-document-interface/create-element-is-attribute.html
16:56:01     INFO - TEST-SKIP | /custom-elements/v0/instantiating/extensions-to-document-interface/create-element-is-attribute.html | took 0ms
16:56:01     INFO - TEST-START | /custom-elements/v0/instantiating/extensions-to-document-interface/create-element-namespace.html
16:56:01     INFO - TEST-SKIP | /custom-elements/v0/instantiating/extensions-to-document-interface/create-element-namespace.html | took 0ms
16:56:01     INFO - TEST-START | /custom-elements/v0/instantiating/extensions-to-document-interface/create-element-type-extension-is-a-type.html
16:56:01     INFO - TEST-SKIP | /custom-elements/v0/instantiating/extensions-to-document-interface/create-element-type-extension-is-a-type.html | took 0ms
16:56:01     INFO - TEST-START | /custom-elements/v0/instantiating/extensions-to-document-interface/create-element-type-extension-unresolved.html
16:56:01     INFO - TEST-SKIP | /custom-elements/v0/instantiating/extensions-to-document-interface/create-element-type-extension-unresolved.html | took 0ms
16:56:01     INFO - TEST-START | /custom-elements/v0/instantiating/extensions-to-document-interface/create-element-type-is-a-local-name.html
16:56:01     INFO - TEST-SKIP | /custom-elements/v0/instantiating/extensions-to-document-interface/create-element-type-is-a-local-name.html | took 0ms
16:56:01     INFO - TEST-START | /custom-elements/v0/instantiating/extensions-to-document-interface/created-callback-create-element-ns.html
16:56:01     INFO - TEST-SKIP | /custom-elements/v0/instantiating/extensions-to-document-interface/created-callback-create-element-ns.html | took 0ms
16:56:01     INFO - TEST-START | /custom-elements/v0/instantiating/extensions-to-document-interface/created-callback-create-element.html
16:56:01     INFO - TEST-SKIP | /custom-elements/v0/instantiating/extensions-to-document-interface/created-callback-create-element.html | took 1ms
16:56:01     INFO - TEST-START | /html/infrastructure/urls/resolving-urls/query-encoding/utf-16be.html
16:56:01     INFO - TEST-SKIP | /html/infrastructure/urls/resolving-urls/query-encoding/utf-16be.html | took 0ms
16:56:01     INFO - TEST-START | /html/infrastructure/urls/resolving-urls/query-encoding/utf-16le.html
16:56:01     INFO - TEST-SKIP | /html/infrastructure/urls/resolving-urls/query-encoding/utf-16le.html | took 1ms
16:56:01     INFO - TEST-START | /html/infrastructure/urls/resolving-urls/query-encoding/utf-8.html
16:56:01     INFO - TEST-SKIP | /html/infrastructure/urls/resolving-urls/query-encoding/utf-8.html | took 0ms
16:56:01     INFO - TEST-START | /html/infrastructure/urls/resolving-urls/query-encoding/windows-1251.html
16:56:01     INFO - TEST-SKIP | /html/infrastructure/urls/resolving-urls/query-encoding/windows-1251.html | took 0ms
16:56:01     INFO - TEST-START | /html/infrastructure/urls/resolving-urls/query-encoding/windows-1252.html
16:56:01     INFO - TEST-SKIP | /html/infrastructure/urls/resolving-urls/query-encoding/windows-1252.html | took 0ms
16:56:01     INFO - TEST-START | /mixed-content/blockable/http-csp/same-host-http/form-tag/top-level/keep-scheme-redirect/opt-in-blocks.https.html
16:56:01     INFO - TEST-SKIP | /mixed-content/blockable/http-csp/same-host-http/form-tag/top-level/keep-scheme-redirect/opt-in-blocks.https.html | took 1ms
16:56:01     INFO - TEST-START | /mixed-content/blockable/no-opt-in/cross-origin-http/form-tag/top-level/swap-scheme-redirect/no-opt-in-blocks.https.html
16:56:01     INFO - TEST-SKIP | /mixed-content/blockable/no-opt-in/cross-origin-http/form-tag/top-level/swap-scheme-redirect/no-opt-in-blocks.https.html | took 0ms
16:56:01     INFO - TEST-START | /referrer-policy/no-referrer-when-downgrade/meta-referrer/cross-origin/http-https/img-tag/upgrade-protocol.keep-origin-redirect.http.html
16:56:01     INFO - TEST-SKIP | /referrer-policy/no-referrer-when-downgrade/meta-referrer/cross-origin/http-https/img-tag/upgrade-protocol.keep-origin-redirect.http.html | took 0ms
16:56:01     INFO - TEST-START | /referrer-policy/no-referrer-when-downgrade/meta-referrer/cross-origin/http-https/img-tag/upgrade-protocol.no-redirect.http.html
16:56:01     INFO - TEST-SKIP | /referrer-policy/no-referrer-when-downgrade/meta-referrer/cross-origin/http-https/img-tag/upgrade-protocol.no-redirect.http.html | took 1ms
16:56:01     INFO - TEST-START | /referrer-policy/no-referrer-when-downgrade/meta-referrer/cross-origin/http-https/img-tag/upgrade-protocol.swap-origin-redirect.http.html
16:56:01     INFO - TEST-SKIP | /referrer-policy/no-referrer-when-downgrade/meta-referrer/cross-origin/http-https/img-tag/upgrade-protocol.swap-origin-redirect.http.html | took 0ms
16:56:01     INFO - TEST-START | /referrer-policy/unsafe-url/meta-referrer/cross-origin/http-https/img-tag/generic.keep-origin-redirect.http.html
16:56:01     INFO - TEST-SKIP | /referrer-policy/unsafe-url/meta-referrer/cross-origin/http-https/img-tag/generic.keep-origin-redirect.http.html | took 0ms
16:56:01     INFO - TEST-START | /referrer-policy/unsafe-url/meta-referrer/cross-origin/http-https/img-tag/generic.no-redirect.http.html
16:56:01     INFO - TEST-SKIP | /referrer-policy/unsafe-url/meta-referrer/cross-origin/http-https/img-tag/generic.no-redirect.http.html | took 1ms
16:56:01     INFO - TEST-START | /referrer-policy/unsafe-url/meta-referrer/cross-origin/http-https/img-tag/generic.swap-origin-redirect.http.html
16:56:01     INFO - TEST-SKIP | /referrer-policy/unsafe-url/meta-referrer/cross-origin/http-https/img-tag/generic.swap-origin-redirect.http.html | took 0ms
16:56:01     INFO - TEST-START | /referrer-policy/unsafe-url/meta-referrer/same-origin/http-https/img-tag/generic.keep-origin-redirect.http.html
16:56:01     INFO - TEST-SKIP | /referrer-policy/unsafe-url/meta-referrer/same-origin/http-https/img-tag/generic.keep-origin-redirect.http.html | took 37ms
16:56:01     INFO - TEST-START | /referrer-policy/unsafe-url/meta-referrer/same-origin/http-https/img-tag/generic.no-redirect.http.html
16:56:01     INFO - TEST-SKIP | /referrer-policy/unsafe-url/meta-referrer/same-origin/http-https/img-tag/generic.no-redirect.http.html | took 0ms
16:56:01     INFO - TEST-START | /referrer-policy/unsafe-url/meta-referrer/same-origin/http-https/img-tag/generic.swap-origin-redirect.http.html
16:56:01     INFO - TEST-SKIP | /referrer-policy/unsafe-url/meta-referrer/same-origin/http-https/img-tag/generic.swap-origin-redirect.http.html | took 0ms
16:56:01     INFO - TEST-START | /streams/readable-streams/bad-strategies.https.html
16:56:01     INFO - TEST-SKIP | /streams/readable-streams/bad-strategies.https.html | took 1ms
16:56:01     INFO - TEST-START | /streams/readable-streams/bad-underlying-sources.https.html
16:56:01     INFO - TEST-SKIP | /streams/readable-streams/bad-underlying-sources.https.html | took 0ms
16:56:01     INFO - TEST-START | /streams/readable-streams/brand-checks.https.html
16:56:01     INFO - TEST-SKIP | /streams/readable-streams/brand-checks.https.html | took 1ms
16:56:01     INFO - TEST-START | /streams/readable-streams/cancel.https.html
16:56:01     INFO - TEST-SKIP | /streams/readable-streams/cancel.https.html | took 0ms
16:56:01     INFO - TEST-START | /streams/readable-streams/count-queuing-strategy-integration.https.html
16:56:01     INFO - TEST-SKIP | /streams/readable-streams/count-queuing-strategy-integration.https.html | took 1ms
16:56:01     INFO - TEST-START | /streams/readable-streams/garbage-collection.https.html
16:56:01     INFO - TEST-SKIP | /streams/readable-streams/garbage-collection.https.html | took 0ms
16:56:01     INFO - TEST-START | /streams/readable-streams/general.https.html
16:56:01     INFO - TEST-SKIP | /streams/readable-streams/general.https.html | took 0ms
16:56:01     INFO - TEST-START | /streams/readable-streams/pipe-through.https.html
16:56:01     INFO - TEST-SKIP | /streams/readable-streams/pipe-through.https.html | took 0ms
16:56:01     INFO - TEST-START | /streams/readable-streams/readable-stream-reader.https.html
16:56:01     INFO - TEST-SKIP | /streams/readable-streams/readable-stream-reader.https.html | took 0ms
16:56:01     INFO - TEST-START | /streams/readable-streams/tee.https.html
16:56:01     INFO - TEST-SKIP | /streams/readable-streams/tee.https.html | took 0ms
16:56:01     INFO - TEST-START | /streams/readable-streams/templated.https.html
16:56:01     INFO - TEST-SKIP | /streams/readable-streams/templated.https.html | took 0ms
16:56:01     INFO - TEST-START | /webgl/bufferSubData.html
16:56:01     INFO - TEST-SKIP | /webgl/bufferSubData.html | took 1ms
16:56:01     INFO - TEST-START | /webgl/compressedTexImage2D.html
16:56:01     INFO - TEST-SKIP | /webgl/compressedTexImage2D.html | took 0ms
16:56:01     INFO - TEST-START | /webgl/compressedTexSubImage2D.html
16:56:01     INFO - TEST-SKIP | /webgl/compressedTexSubImage2D.html | took 1ms
16:56:01     INFO - TEST-START | /webgl/conformance-1.0.3/conformance/ogles/GL/array/array_001_to_006.html
16:56:01     INFO - TEST-SKIP | /webgl/conformance-1.0.3/conformance/ogles/GL/array/array_001_to_006.html | took 0ms
16:56:01     INFO - TEST-START | /webgl/conformance-1.0.3/conformance/ogles/GL/build/build_001_to_008.html
16:56:01     INFO - TEST-SKIP | /webgl/conformance-1.0.3/conformance/ogles/GL/build/build_001_to_008.html | took 0ms
16:56:01     INFO - TEST-START | /webgl/conformance-1.0.3/conformance/ogles/GL/build/build_009_to_016.html
16:56:01     INFO - TEST-SKIP | /webgl/conformance-1.0.3/conformance/ogles/GL/build/build_009_to_016.html | took 1ms
16:56:01     INFO - TEST-START | /webgl/conformance-1.0.3/conformance/ogles/GL/build/build_017_to_024.html
16:56:01     INFO - TEST-SKIP | /webgl/conformance-1.0.3/conformance/ogles/GL/build/build_017_to_024.html | took 0ms
16:56:01     INFO - TEST-START | /webgl/conformance-1.0.3/conformance/ogles/GL/build/build_025_to_032.html
16:56:01     INFO - TEST-SKIP | /webgl/conformance-1.0.3/conformance/ogles/GL/build/build_025_to_032.html | took 0ms
16:56:01     INFO - TEST-START | /webgl/conformance-1.0.3/conformance/ogles/GL/build/build_033_to_040.html
16:56:01     INFO - TEST-SKIP | /webgl/conformance-1.0.3/conformance/ogles/GL/build/build_033_to_040.html | took 1ms
16:56:01     INFO - TEST-START | /webgl/conformance-1.0.3/conformance/ogles/GL/build/build_041_to_048.html
16:56:01     INFO - TEST-SKIP | /webgl/conformance-1.0.3/conformance/ogles/GL/build/build_041_to_048.html | took 0ms
16:56:01     INFO - TEST-START | /webgl/conformance-1.0.3/conformance/ogles/GL/build/build_049_to_056.html
16:56:01     INFO - TEST-SKIP | /webgl/conformance-1.0.3/conformance/ogles/GL/build/build_049_to_056.html | took 0ms
16:56:01     INFO - TEST-START | /webgl/conformance-1.0.3/conformance/ogles/GL/build/build_057_to_064.html
16:56:01     INFO - TEST-SKIP | /webgl/conformance-1.0.3/conformance/ogles/GL/build/build_057_to_064.html | took 1ms
16:56:01     INFO - TEST-START | /webgl/conformance-1.0.3/conformance/ogles/GL/build/build_065_to_072.html
16:56:01     INFO - TEST-SKIP | /webgl/conformance-1.0.3/conformance/ogles/GL/build/build_065_to_072.html | took 1ms
16:56:01     INFO - TEST-START | /webgl/conformance-1.0.3/conformance/ogles/GL/build/build_073_to_080.html
16:56:01     INFO - TEST-SKIP | /webgl/conformance-1.0.3/conformance/ogles/GL/build/build_073_to_080.html | took 0ms
16:56:01     INFO - TEST-START | /webgl/conformance-1.0.3/conformance/ogles/GL/build/build_081_to_088.html
16:56:01     INFO - TEST-SKIP | /webgl/conformance-1.0.3/conformance/ogles/GL/build/build_081_to_088.html | took 0ms
16:56:01     INFO - TEST-START | /webgl/conformance-1.0.3/conformance/ogles/GL/build/build_089_to_096.html
16:56:01     INFO - TEST-SKIP | /webgl/conformance-1.0.3/conformance/ogles/GL/build/build_089_to_096.html | took 1ms
16:56:01     INFO - TEST-START | /webgl/conformance-1.0.3/conformance/ogles/GL/build/build_097_to_104.html
16:56:01     INFO - TEST-SKIP | /webgl/conformance-1.0.3/conformance/ogles/GL/build/build_097_to_104.html | took 0ms
16:56:01     INFO - TEST-START | /webgl/conformance-1.0.3/conformance/ogles/GL/build/build_105_to_112.html
16:56:01     INFO - TEST-SKIP | /webgl/conformance-1.0.3/conformance/ogles/GL/build/build_105_to_112.html | took 0ms
16:56:01     INFO - TEST-START | /webgl/conformance-1.0.3/conformance/ogles/GL/build/build_113_to_120.html
16:56:01     INFO - TEST-SKIP | /webgl/conformance-1.0.3/conformance/ogles/GL/build/build_113_to_120.html | took 1ms
16:56:01     INFO - TEST-START | /webgl/conformance-1.0.3/conformance/ogles/GL/build/build_121_to_128.html
16:56:01     INFO - TEST-SKIP | /webgl/conformance-1.0.3/conformance/ogles/GL/build/build_121_to_128.html | took 0ms
16:56:01     INFO - TEST-START | /webgl/conformance-1.0.3/conformance/ogles/GL/build/build_129_to_136.html
16:56:01     INFO - TEST-SKIP | /webgl/conformance-1.0.3/conformance/ogles/GL/build/build_129_to_136.html | took 0ms
16:56:01     INFO - TEST-START | /webgl/conformance-1.0.3/conformance/ogles/GL/build/build_137_to_144.html
16:56:01     INFO - TEST-SKIP | /webgl/conformance-1.0.3/conformance/ogles/GL/build/build_137_to_144.html | took 0ms
16:56:01     INFO - TEST-START | /webgl/conformance-1.0.3/conformance/ogles/GL/build/build_145_to_152.html
16:56:01     INFO - TEST-SKIP | /webgl/conformance-1.0.3/conformance/ogles/GL/build/build_145_to_152.html | took 0ms
16:56:01     INFO - TEST-START | /webgl/conformance-1.0.3/conformance/ogles/GL/build/build_153_to_160.html
16:56:01     INFO - TEST-SKIP | /webgl/conformance-1.0.3/conformance/ogles/GL/build/build_153_to_160.html | took 1ms
16:56:01     INFO - TEST-START | /webgl/conformance-1.0.3/conformance/ogles/GL/build/build_161_to_168.html
16:56:01     INFO - TEST-SKIP | /webgl/conformance-1.0.3/conformance/ogles/GL/build/build_161_to_168.html | took 0ms
16:56:01     INFO - TEST-START | /webgl/conformance-1.0.3/conformance/ogles/GL/build/build_169_to_176.html
16:56:01     INFO - TEST-SKIP | /webgl/conformance-1.0.3/conformance/ogles/GL/build/build_169_to_176.html | took 0ms
16:56:01     INFO - TEST-START | /webgl/conformance-1.0.3/conformance/ogles/GL/build/build_177_to_178.html
16:56:01     INFO - TEST-SKIP | /webgl/conformance-1.0.3/conformance/ogles/GL/build/build_177_to_178.html | took 1ms
16:56:01     INFO - TEST-START | /webgl/conformance-1.0.3/conformance/ogles/GL/distance/distance_001_to_006.html
16:56:01     INFO - TEST-SKIP | /webgl/conformance-1.0.3/conformance/ogles/GL/distance/distance_001_to_006.html | took 0ms
16:56:01     INFO - TEST-START | /webgl/conformance-1.0.3/conformance/ogles/GL/faceforward/faceforward_001_to_006.html
16:56:01     INFO - TEST-SKIP | /webgl/conformance-1.0.3/conformance/ogles/GL/faceforward/faceforward_001_to_006.html | took 0ms
16:56:01     INFO - TEST-START | /webgl/conformance-1.0.3/conformance/ogles/GL/fract/fract_001_to_006.html
16:56:01     INFO - TEST-SKIP | /webgl/conformance-1.0.3/conformance/ogles/GL/fract/fract_001_to_006.html | took 1ms
16:56:01     INFO - TEST-START | /webgl/conformance-1.0.3/conformance/ogles/GL/smoothstep/smoothstep_001_to_006.html
16:56:01     INFO - TEST-SKIP | /webgl/conformance-1.0.3/conformance/ogles/GL/smoothstep/smoothstep_001_to_006.html | took 0ms
16:56:01     INFO - TEST-START | /webgl/conformance-1.0.3/conformance/state/gl-enable-enum-test.html
16:56:01     INFO - TEST-SKIP | /webgl/conformance-1.0.3/conformance/state/gl-enable-enum-test.html | took 0ms
16:56:01     INFO - TEST-START | /webgl/conformance-1.0.3/conformance/state/gl-enum-tests.html
16:56:01     INFO - TEST-SKIP | /webgl/conformance-1.0.3/conformance/state/gl-enum-tests.html | took 1ms
16:56:01     INFO - TEST-START | /webgl/conformance-1.0.3/conformance/state/gl-get-calls.html
16:56:01     INFO - TEST-SKIP | /webgl/conformance-1.0.3/conformance/state/gl-get-calls.html | took 0ms
16:56:01     INFO - TEST-START | /webgl/conformance-1.0.3/conformance/state/gl-geterror.html
16:56:01     INFO - TEST-SKIP | /webgl/conformance-1.0.3/conformance/state/gl-geterror.html | took 1ms
16:56:01     INFO - TEST-START | /webgl/conformance-1.0.3/conformance/state/gl-getstring.html
16:56:01     INFO - TEST-SKIP | /webgl/conformance-1.0.3/conformance/state/gl-getstring.html | took 0ms
16:56:01     INFO - TEST-START | /webgl/conformance-1.0.3/conformance/state/gl-object-get-calls.html
16:56:01     INFO - TEST-SKIP | /webgl/conformance-1.0.3/conformance/state/gl-object-get-calls.html | took 0ms
16:56:01     INFO - TEST-START | /webgl/conformance-1.0.3/conformance/state/state-uneffected-after-compositing.html
16:56:01     INFO - TEST-SKIP | /webgl/conformance-1.0.3/conformance/state/state-uneffected-after-compositing.html | took 1ms
16:56:01     INFO - TEST-START | /webgl/texImage2D.html
16:56:01     INFO - TEST-SKIP | /webgl/texImage2D.html | took 0ms
16:56:01     INFO - TEST-START | /webgl/texSubImage2D.html
16:56:01     INFO - TEST-SKIP | /webgl/texSubImage2D.html | took 1ms
16:56:01     INFO - TEST-START | /webgl/uniformMatrixNfv.html
16:56:01     INFO - TEST-SKIP | /webgl/uniformMatrixNfv.html | took 0ms
16:56:02     INFO - Setting up ssl
16:56:02     INFO - PROCESS | certutil | 
16:56:02     INFO - PROCESS | certutil | 
16:56:02     INFO - PROCESS | certutil | 
16:56:02     INFO - Certificate Nickname                                         Trust Attributes
16:56:02     INFO -                                                              SSL,S/MIME,JAR/XPI
16:56:02     INFO - 
16:56:02     INFO - web-platform-tests                                           CT,, 
16:56:02     INFO - 
16:56:02     INFO - Application command: C:\slave\test\build\application\firefox\firefox.exe -marionette about:blank -profile c:\users\cltbld~1.001\appdata\local\temp\tmpandmr8.mozrunner
16:56:02     INFO - Starting runner
16:56:03     INFO - PROCESS | 2832 | [2832] WARNING: Failed to load startupcache file correctly, removing!: file c:/builds/moz2_slave/m-esr52-w64-d-0000000000000000/build/src/startupcache/StartupCache.cpp, line 219
16:56:03     INFO - PROCESS | 2832 | [2832] WARNING: NS_ENSURE_SUCCESS(rv, rv) failed with result 0x80004005: file c:/builds/moz2_slave/m-esr52-w64-d-0000000000000000/build/src/xpcom/base/nsSystemInfo.cpp, line 116
16:56:03     INFO - PROCESS | 2832 | [2832] WARNING: This method is lossy. Use GetCanonicalPath !: file c:/builds/moz2_slave/m-esr52-w64-d-0000000000000000/build/src/xpcom/io/nsLocalFileWin.cpp, line 3576
16:56:06     INFO - PROCESS | 2832 | ++DOCSHELL 000000DAD7541000 == 1 [pid = 2832] [id = 1]
16:56:06     INFO - PROCESS | 2832 | ++DOMWINDOW == 1 (000000DAE52A5800) [pid = 2832] [serial = 1] [outer = 0000000000000000]
16:56:06     INFO - PROCESS | 2832 | ++DOMWINDOW == 2 (000000DAE52A6800) [pid = 2832] [serial = 2] [outer = 000000DAE52A5800]
16:56:07     INFO - PROCESS | 2832 | ++DOCSHELL 000000DAE58B3800 == 2 [pid = 2832] [id = 2]
16:56:07     INFO - PROCESS | 2832 | ++DOMWINDOW == 3 (000000DAE58B4000) [pid = 2832] [serial = 3] [outer = 0000000000000000]
16:56:07     INFO - PROCESS | 2832 | ++DOMWINDOW == 4 (000000DAE58B5000) [pid = 2832] [serial = 4] [outer = 000000DAE58B4000]
16:56:07     INFO - PROCESS | 2832 | 1528502167460	Marionette	INFO	Listening on port 2828
16:56:09     INFO - PROCESS | 2832 | ++DOCSHELL 000000DAE9B52800 == 3 [pid = 2832] [id = 3]
16:56:09     INFO - PROCESS | 2832 | ++DOMWINDOW == 5 (000000DAE9B61000) [pid = 2832] [serial = 5] [outer = 0000000000000000]
16:56:09     INFO - PROCESS | 2832 | ++DOMWINDOW == 6 (000000DAE9B62000) [pid = 2832] [serial = 6] [outer = 000000DAE9B61000]
16:56:09     INFO - PROCESS | 2832 | ++DOMWINDOW == 7 (000000DAE9D1F800) [pid = 2832] [serial = 7] [outer = 000000DAE58B4000]
16:56:10     INFO - PROCESS | 2832 | ++DOCSHELL 000000DAEB194000 == 4 [pid = 2832] [id = 4]
16:56:10     INFO - PROCESS | 2832 | ++DOMWINDOW == 8 (000000DAEB19C800) [pid = 2832] [serial = 8] [outer = 0000000000000000]
16:56:10     INFO - PROCESS | 2832 | ++DOMWINDOW == 9 (000000DAEB1AD800) [pid = 2832] [serial = 9] [outer = 000000DAEB19C800]
16:56:10     INFO - PROCESS | 2832 | ++DOMWINDOW == 10 (000000DAED565800) [pid = 2832] [serial = 10] [outer = 000000DAEB19C800]
16:56:11     INFO - PROCESS | 2832 | [2832] WARNING: attempt to modify an immutable nsStandardURL: file c:/builds/moz2_slave/m-esr52-w64-d-0000000000000000/build/src/netwerk/base/nsStandardURL.cpp, line 1573
16:56:11     INFO - PROCESS | 2832 | [2832] WARNING: attempt to modify an immutable nsStandardURL: file c:/builds/moz2_slave/m-esr52-w64-d-0000000000000000/build/src/netwerk/base/nsStandardURL.cpp, line 1573
16:56:11     INFO - PROCESS | 2832 | [2832] WARNING: Failed to retarget HTML data delivery to the parser thread.: file c:/builds/moz2_slave/m-esr52-w64-d-0000000000000000/build/src/parser/html/nsHtml5StreamParser.cpp, line 970
16:56:12     INFO - PROCESS | 2832 | [2832] WARNING: getting z level of unregistered window: file c:/builds/moz2_slave/m-esr52-w64-d-0000000000000000/build/src/xpfe/appshell/nsWindowMediator.cpp, line 623
16:56:12     INFO - PROCESS | 2832 | [2832] WARNING: getting z level of unregistered window: file c:/builds/moz2_slave/m-esr52-w64-d-0000000000000000/build/src/xpfe/appshell/nsWindowMediator.cpp, line 623
16:56:12     INFO - PROCESS | 2832 | [2832] WARNING: NS_ENSURE_TRUE(layerManager) failed: file c:/builds/moz2_slave/m-esr52-w64-d-0000000000000000/build/src/dom/media/MediaDecoder.cpp, line 303
16:56:12     INFO - PROCESS | 2832 | ++DOCSHELL 000000DAF00C4800 == 5 [pid = 2832] [id = 5]
16:56:12     INFO - PROCESS | 2832 | ++DOMWINDOW == 11 (000000DAF00C5000) [pid = 2832] [serial = 11] [outer = 0000000000000000]
16:56:12     INFO - PROCESS | 2832 | ++DOCSHELL 000000DAF00C6800 == 6 [pid = 2832] [id = 6]
16:56:12     INFO - PROCESS | 2832 | ++DOMWINDOW == 12 (000000DAF00C7000) [pid = 2832] [serial = 12] [outer = 0000000000000000]
16:56:13     INFO - PROCESS | 2832 | ++DOCSHELL 000000DAF139C800 == 7 [pid = 2832] [id = 7]
16:56:13     INFO - PROCESS | 2832 | ++DOMWINDOW == 13 (000000DAF139D000) [pid = 2832] [serial = 13] [outer = 0000000000000000]
16:56:13     INFO - PROCESS | 2832 | ++DOMWINDOW == 14 (000000DAF13AA000) [pid = 2832] [serial = 14] [outer = 000000DAF139D000]
16:56:13     INFO - PROCESS | 2832 | ++DOMWINDOW == 15 (000000DAF1A69800) [pid = 2832] [serial = 15] [outer = 000000DAF00C5000]
16:56:13     INFO - PROCESS | 2832 | ++DOMWINDOW == 16 (000000DAF1A6C800) [pid = 2832] [serial = 16] [outer = 000000DAF00C7000]
16:56:13     INFO - PROCESS | 2832 | ++DOMWINDOW == 17 (000000DAF1A71000) [pid = 2832] [serial = 17] [outer = 000000DAF139D000]
16:56:15     INFO - PROCESS | 2832 | ++DOMWINDOW == 18 (000000DAE9B4E000) [pid = 2832] [serial = 18] [outer = 000000DAF139D000]
16:56:16     INFO - PROCESS | 2832 | [2832] WARNING: Could not get disk status from nsIDiskSpaceWatcher: file c:/builds/moz2_slave/m-esr52-w64-d-0000000000000000/build/src/uriloader/prefetch/nsOfflineCacheUpdateService.cpp, line 283
16:56:16     INFO - PROCESS | 2832 | ++DOMWINDOW == 19 (000000DAE2C31800) [pid = 2832] [serial = 19] [outer = 000000DAF139D000]
16:56:16     INFO - PROCESS | 2832 | --DOCSHELL 000000DAD7541000 == 6 [pid = 2832] [id = 1]
16:56:17     INFO - TEST-START | /2dcontext/drawing-text-to-the-canvas/2d.text.draw.align.center.html
16:56:17     INFO - PROCESS | 2832 | ++DOCSHELL 000000DAE9DBD800 == 7 [pid = 2832] [id = 8]
16:56:17     INFO - PROCESS | 2832 | ++DOMWINDOW == 20 (000000DAE9DBE000) [pid = 2832] [serial = 20] [outer = 0000000000000000]
16:56:17     INFO - PROCESS | 2832 | ++DOMWINDOW == 21 (000000DAE9DC2800) [pid = 2832] [serial = 21] [outer = 000000DAE9DBE000]
16:56:17     INFO - PROCESS | 2832 | ++DOMWINDOW == 22 (000000DAE9E83000) [pid = 2832] [serial = 22] [outer = 000000DAE9DBE000]
16:56:18     INFO - PROCESS | 2832 | ++DOCSHELL 000000DAE3230800 == 8 [pid = 2832] [id = 9]
16:56:18     INFO - PROCESS | 2832 | ++DOMWINDOW == 23 (000000DAE4BCF800) [pid = 2832] [serial = 23] [outer = 0000000000000000]
16:56:18     INFO - PROCESS | 2832 | ++DOMWINDOW == 24 (000000DAEDE5B000) [pid = 2832] [serial = 24] [outer = 000000DAE4BCF800]
16:56:18     INFO - PROCESS | 2832 | ++DOMWINDOW == 25 (000000DAE9DCE800) [pid = 2832] [serial = 25] [outer = 000000DAE4BCF800]
16:56:19     INFO - .
16:56:19     INFO - TEST-OK | /2dcontext/drawing-text-to-the-canvas/2d.text.draw.align.center.html | took 2286ms
16:56:19     INFO - TEST-START | /2dcontext/drawing-text-to-the-canvas/2d.text.draw.align.end.ltr.html
16:56:19     INFO - PROCESS | 2832 | ++DOCSHELL 000000DAE32D0800 == 9 [pid = 2832] [id = 10]
16:56:19     INFO - PROCESS | 2832 | ++DOMWINDOW == 26 (000000DAE32D1000) [pid = 2832] [serial = 26] [outer = 0000000000000000]
16:56:19     INFO - PROCESS | 2832 | ++DOMWINDOW == 27 (000000DAE3318000) [pid = 2832] [serial = 27] [outer = 000000DAE32D1000]
16:56:19     INFO - PROCESS | 2832 | ++DOMWINDOW == 28 (000000DAE49E1800) [pid = 2832] [serial = 28] [outer = 000000DAE32D1000]
16:56:20     INFO - PROCESS | 2832 | ++DOCSHELL 000000DAE4848000 == 10 [pid = 2832] [id = 11]
16:56:20     INFO - PROCESS | 2832 | ++DOMWINDOW == 29 (000000DAE4848800) [pid = 2832] [serial = 29] [outer = 0000000000000000]
16:56:20     INFO - PROCESS | 2832 | ++DOMWINDOW == 30 (000000DAE32C1800) [pid = 2832] [serial = 30] [outer = 000000DAE4848800]
16:56:20     INFO - PROCESS | 2832 | --DOCSHELL 000000DAEB194000 == 9 [pid = 2832] [id = 4]
16:56:20     INFO - PROCESS | 2832 | ++DOMWINDOW == 31 (000000DAE58A5800) [pid = 2832] [serial = 31] [outer = 000000DAE4848800]
16:56:20     INFO - PROCESS | 2832 | ++DOCSHELL 000000DAD754D000 == 10 [pid = 2832] [id = 12]
16:56:20     INFO - PROCESS | 2832 | ++DOMWINDOW == 32 (000000DAE249E800) [pid = 2832] [serial = 32] [outer = 0000000000000000]
16:56:20     INFO - PROCESS | 2832 | ++DOMWINDOW == 33 (000000DAE8C39000) [pid = 2832] [serial = 33] [outer = 000000DAE249E800]
16:56:20     INFO - PROCESS | 2832 | ++DOMWINDOW == 34 (000000DAE9052000) [pid = 2832] [serial = 34] [outer = 000000DAE249E800]
16:56:20     INFO - .
16:56:20     INFO - TEST-OK | /2dcontext/drawing-text-to-the-canvas/2d.text.draw.align.end.ltr.html | took 1387ms
16:56:21     INFO - TEST-START | /2dcontext/drawing-text-to-the-canvas/2d.text.draw.align.end.rtl.html
16:56:21     INFO - PROCESS | 2832 | ++DOCSHELL 000000DAE92B4800 == 11 [pid = 2832] [id = 13]
16:56:21     INFO - PROCESS | 2832 | ++DOMWINDOW == 35 (000000DAE92EB000) [pid = 2832] [serial = 35] [outer = 0000000000000000]
16:56:21     INFO - PROCESS | 2832 | ++DOMWINDOW == 36 (000000DAE955C000) [pid = 2832] [serial = 36] [outer = 000000DAE92EB000]
16:56:21     INFO - PROCESS | 2832 | ++DOMWINDOW == 37 (000000DAE9B4B000) [pid = 2832] [serial = 37] [outer = 000000DAE92EB000]
16:56:22     INFO - .
16:56:22     INFO - TEST-OK | /2dcontext/drawing-text-to-the-canvas/2d.text.draw.align.end.rtl.html | took 1137ms
16:56:22     INFO - TEST-START | /2dcontext/drawing-text-to-the-canvas/2d.text.draw.align.left.html
16:56:22     INFO - PROCESS | 2832 | ++DOCSHELL 000000DAE9E90800 == 12 [pid = 2832] [id = 14]
16:56:22     INFO - PROCESS | 2832 | ++DOMWINDOW == 38 (000000DAE9E91800) [pid = 2832] [serial = 38] [outer = 0000000000000000]
16:56:22     INFO - PROCESS | 2832 | ++DOMWINDOW == 39 (000000DAEA8B7000) [pid = 2832] [serial = 39] [outer = 000000DAE9E91800]
16:56:22     INFO - PROCESS | 2832 | ++DOMWINDOW == 40 (000000DAED57E000) [pid = 2832] [serial = 40] [outer = 000000DAE9E91800]
16:56:23     INFO - .
16:56:23     INFO - TEST-OK | /2dcontext/drawing-text-to-the-canvas/2d.text.draw.align.left.html | took 1133ms
16:56:23     INFO - TEST-START | /2dcontext/drawing-text-to-the-canvas/2d.text.draw.align.right.html
16:56:23     INFO - PROCESS | 2832 | ++DOCSHELL 000000DAEEDEC000 == 13 [pid = 2832] [id = 15]
16:56:23     INFO - PROCESS | 2832 | ++DOMWINDOW == 41 (000000DAEEDEC800) [pid = 2832] [serial = 41] [outer = 0000000000000000]
16:56:23     INFO - PROCESS | 2832 | ++DOMWINDOW == 42 (000000DAEEDFB800) [pid = 2832] [serial = 42] [outer = 000000DAEEDEC800]
16:56:23     INFO - PROCESS | 2832 | ++DOMWINDOW == 43 (000000DAEFF1F800) [pid = 2832] [serial = 43] [outer = 000000DAEEDEC800]
16:56:24     INFO - .
16:56:24     INFO - TEST-OK | /2dcontext/drawing-text-to-the-canvas/2d.text.draw.align.right.html | took 1077ms
16:56:24     INFO - TEST-START | /2dcontext/drawing-text-to-the-canvas/2d.text.draw.align.start.ltr.html
16:56:24     INFO - PROCESS | 2832 | ++DOCSHELL 000000DAF0F38000 == 14 [pid = 2832] [id = 16]
16:56:24     INFO - PROCESS | 2832 | ++DOMWINDOW == 44 (000000DAF11A6800) [pid = 2832] [serial = 44] [outer = 0000000000000000]
16:56:24     INFO - PROCESS | 2832 | ++DOMWINDOW == 45 (000000DAF1399800) [pid = 2832] [serial = 45] [outer = 000000DAF11A6800]
16:56:24     INFO - PROCESS | 2832 | ++DOMWINDOW == 46 (000000DAF16C5000) [pid = 2832] [serial = 46] [outer = 000000DAF11A6800]
16:56:25     INFO - .
16:56:25     INFO - TEST-OK | /2dcontext/drawing-text-to-the-canvas/2d.text.draw.align.start.ltr.html | took 1079ms
16:56:25     INFO - TEST-START | /2dcontext/drawing-text-to-the-canvas/2d.text.draw.align.start.rtl.html
16:56:25     INFO - PROCESS | 2832 | ++DOCSHELL 000000DAF00CD800 == 15 [pid = 2832] [id = 17]
16:56:25     INFO - PROCESS | 2832 | ++DOMWINDOW == 47 (000000DAF0CC0800) [pid = 2832] [serial = 47] [outer = 0000000000000000]
16:56:25     INFO - PROCESS | 2832 | ++DOMWINDOW == 48 (000000DAF2490000) [pid = 2832] [serial = 48] [outer = 000000DAF0CC0800]
16:56:25     INFO - PROCESS | 2832 | ++DOMWINDOW == 49 (000000DAF409C000) [pid = 2832] [serial = 49] [outer = 000000DAF0CC0800]
16:56:26     INFO - .
16:56:26     INFO - TEST-OK | /2dcontext/drawing-text-to-the-canvas/2d.text.draw.align.start.rtl.html | took 1125ms
16:56:26     INFO - TEST-START | /2dcontext/drawing-text-to-the-canvas/2d.text.draw.baseline.alphabetic.html
16:56:27     INFO - PROCESS | 2832 | --DOCSHELL 000000DAE9DBD800 == 14 [pid = 2832] [id = 8]
16:56:27     INFO - PROCESS | 2832 | ++DOCSHELL 000000DAE32CE800 == 15 [pid = 2832] [id = 18]
16:56:27     INFO - PROCESS | 2832 | ++DOMWINDOW == 50 (000000DAE32D4000) [pid = 2832] [serial = 50] [outer = 0000000000000000]
16:56:27     INFO - PROCESS | 2832 | ++DOMWINDOW == 51 (000000DAE35AC800) [pid = 2832] [serial = 51] [outer = 000000DAE32D4000]
16:56:27     INFO - PROCESS | 2832 | ++DOMWINDOW == 52 (000000DAE8B5C000) [pid = 2832] [serial = 52] [outer = 000000DAE32D4000]
16:56:28     INFO - .
16:56:28     INFO - TEST-OK | /2dcontext/drawing-text-to-the-canvas/2d.text.draw.baseline.alphabetic.html | took 1997ms
16:56:28     INFO - TEST-START | /2dcontext/drawing-text-to-the-canvas/2d.text.draw.fill.maxWidth.NaN.html
16:56:28     INFO - PROCESS | 2832 | [2832] WARNING: NS_ENSURE_TRUE(layerManager) failed: file c:/builds/moz2_slave/m-esr52-w64-d-0000000000000000/build/src/dom/media/MediaDecoder.cpp, line 303
16:56:28     INFO - PROCESS | 2832 | [2832] WARNING: NS_ENSURE_TRUE(layerManager) failed: file c:/builds/moz2_slave/m-esr52-w64-d-0000000000000000/build/src/dom/media/MediaDecoder.cpp, line 303
16:56:28     INFO - PROCESS | 2832 | --DOMWINDOW == 51 (000000DAEB19C800) [pid = 2832] [serial = 8] [outer = 0000000000000000] [url = chrome://gfxsanity/content/sanitytest.html]
16:56:28     INFO - PROCESS | 2832 | --DOMWINDOW == 50 (000000DAE52A5800) [pid = 2832] [serial = 1] [outer = 0000000000000000] [url = chrome://gfxsanity/content/sanityparent.html]
16:56:28     INFO - PROCESS | 2832 | --DOMWINDOW == 49 (000000DAE9DBE000) [pid = 2832] [serial = 20] [outer = 0000000000000000] [url = http://web-platform.test:8000/2dcontext/drawing-text-to-the-canvas/2d.text.draw.align.center.html]
16:56:28     INFO - PROCESS | 2832 | --DOMWINDOW == 48 (000000DAE32D1000) [pid = 2832] [serial = 26] [outer = 0000000000000000] [url = http://web-platform.test:8000/2dcontext/drawing-text-to-the-canvas/2d.text.draw.align.end.ltr.html]
16:56:28     INFO - PROCESS | 2832 | --DOMWINDOW == 47 (000000DAE92EB000) [pid = 2832] [serial = 35] [outer = 0000000000000000] [url = http://web-platform.test:8000/2dcontext/drawing-text-to-the-canvas/2d.text.draw.align.end.rtl.html]
16:56:28     INFO - PROCESS | 2832 | --DOMWINDOW == 46 (000000DAE9E91800) [pid = 2832] [serial = 38] [outer = 0000000000000000] [url = http://web-platform.test:8000/2dcontext/drawing-text-to-the-canvas/2d.text.draw.align.left.html]
16:56:28     INFO - PROCESS | 2832 | --DOMWINDOW == 45 (000000DAEEDEC800) [pid = 2832] [serial = 41] [outer = 0000000000000000] [url = http://web-platform.test:8000/2dcontext/drawing-text-to-the-canvas/2d.text.draw.align.right.html]
16:56:28     INFO - PROCESS | 2832 | --DOMWINDOW == 44 (000000DAF11A6800) [pid = 2832] [serial = 44] [outer = 0000000000000000] [url = http://web-platform.test:8000/2dcontext/drawing-text-to-the-canvas/2d.text.draw.align.start.ltr.html]
16:56:29     INFO - PROCESS | 2832 | ++DOCSHELL 000000DAE9B63800 == 16 [pid = 2832] [id = 19]
16:56:29     INFO - PROCESS | 2832 | ++DOMWINDOW == 45 (000000DAE9D02800) [pid = 2832] [serial = 53] [outer = 0000000000000000]
16:56:29     INFO - PROCESS | 2832 | ++DOMWINDOW == 46 (000000DAE9D15000) [pid = 2832] [serial = 54] [outer = 000000DAE9D02800]
16:56:29     INFO - PROCESS | 2832 | ++DOMWINDOW == 47 (000000DAE9E7A000) [pid = 2832] [serial = 55] [outer = 000000DAE9D02800]
16:56:29     INFO - .
16:56:29     INFO - TEST-OK | /2dcontext/drawing-text-to-the-canvas/2d.text.draw.fill.maxWidth.NaN.html | took 943ms
16:56:29     INFO - TEST-START | /2dcontext/drawing-text-to-the-canvas/2d.text.draw.fill.maxWidth.bound.html
16:56:29     INFO - PROCESS | 2832 | ++DOCSHELL 000000DAEDE50000 == 17 [pid = 2832] [id = 20]
16:56:29     INFO - PROCESS | 2832 | ++DOMWINDOW == 48 (000000DAEDE52800) [pid = 2832] [serial = 56] [outer = 0000000000000000]
16:56:29     INFO - PROCESS | 2832 | ++DOMWINDOW == 49 (000000DAEDE63800) [pid = 2832] [serial = 57] [outer = 000000DAEDE52800]
16:56:29     INFO - PROCESS | 2832 | ++DOMWINDOW == 50 (000000DAEEE17800) [pid = 2832] [serial = 58] [outer = 000000DAEDE52800]
16:56:30     INFO - .
16:56:30     INFO - TEST-OK | /2dcontext/drawing-text-to-the-canvas/2d.text.draw.fill.maxWidth.bound.html | took 1133ms
16:56:30     INFO - TEST-START | /2dcontext/drawing-text-to-the-canvas/2d.text.draw.fill.maxWidth.fontface.html
16:56:30     INFO - PROCESS | 2832 | ++DOCSHELL 000000DAF0E05000 == 18 [pid = 2832] [id = 21]
16:56:30     INFO - PROCESS | 2832 | ++DOMWINDOW == 51 (000000DAF0E05800) [pid = 2832] [serial = 59] [outer = 0000000000000000]
16:56:30     INFO - PROCESS | 2832 | ++DOMWINDOW == 52 (000000DAF0E1B800) [pid = 2832] [serial = 60] [outer = 000000DAF0E05800]
16:56:31     INFO - PROCESS | 2832 | ++DOMWINDOW == 53 (000000DAF139B000) [pid = 2832] [serial = 61] [outer = 000000DAF0E05800]
16:56:31     INFO - .
16:56:31     INFO - TEST-OK | /2dcontext/drawing-text-to-the-canvas/2d.text.draw.fill.maxWidth.fontface.html | took 1243ms
16:56:31     INFO - TEST-START | /2dcontext/drawing-text-to-the-canvas/2d.text.draw.fill.maxWidth.negative.html
16:56:32     INFO - PROCESS | 2832 | ++DOCSHELL 000000DAEB195800 == 19 [pid = 2832] [id = 22]
16:56:32     INFO - PROCESS | 2832 | ++DOMWINDOW == 54 (000000DAEB19E000) [pid = 2832] [serial = 62] [outer = 0000000000000000]
16:56:32     INFO - PROCESS | 2832 | ++DOMWINDOW == 55 (000000DAED567000) [pid = 2832] [serial = 63] [outer = 000000DAEB19E000]
16:56:32     INFO - PROCESS | 2832 | ++DOMWINDOW == 56 (000000DAF0CCB000) [pid = 2832] [serial = 64] [outer = 000000DAEB19E000]
16:56:32     INFO - .
16:56:32     INFO - TEST-OK | /2dcontext/drawing-text-to-the-canvas/2d.text.draw.fill.maxWidth.negative.html | took 985ms
16:56:32     INFO - TEST-START | /2dcontext/drawing-text-to-the-canvas/2d.text.draw.fill.maxWidth.small.html
16:56:33     INFO - PROCESS | 2832 | ++DOCSHELL 000000DAF20DD000 == 20 [pid = 2832] [id = 23]
16:56:33     INFO - PROCESS | 2832 | ++DOMWINDOW == 57 (000000DAF20DE800) [pid = 2832] [serial = 65] [outer = 0000000000000000]
16:56:33     INFO - PROCESS | 2832 | ++DOMWINDOW == 58 (000000DAF40A5800) [pid = 2832] [serial = 66] [outer = 000000DAF20DE800]
16:56:33     INFO - PROCESS | 2832 | ++DOMWINDOW == 59 (000000DAF4C7C800) [pid = 2832] [serial = 67] [outer = 000000DAF20DE800]
16:56:33     INFO - .
16:56:33     INFO - TEST-OK | /2dcontext/drawing-text-to-the-canvas/2d.text.draw.fill.maxWidth.small.html | took 922ms
16:56:33     INFO - TEST-START | /2dcontext/drawing-text-to-the-canvas/2d.text.draw.fill.maxWidth.zero.html
16:56:34     INFO - PROCESS | 2832 | ++DOCSHELL 000000DAF4CE3000 == 21 [pid = 2832] [id = 24]
16:56:34     INFO - PROCESS | 2832 | ++DOMWINDOW == 60 (000000DAF4CE5000) [pid = 2832] [serial = 68] [outer = 0000000000000000]
16:56:34     INFO - PROCESS | 2832 | ++DOMWINDOW == 61 (000000DAF3E64000) [pid = 2832] [serial = 69] [outer = 000000DAF4CE5000]
16:56:34     INFO - PROCESS | 2832 | ++DOMWINDOW == 62 (000000DAF3E75800) [pid = 2832] [serial = 70] [outer = 000000DAF4CE5000]
16:56:34     INFO - .
16:56:34     INFO - TEST-OK | /2dcontext/drawing-text-to-the-canvas/2d.text.draw.fill.maxWidth.zero.html | took 879ms
16:56:34     INFO - TEST-START | /2dcontext/drawing-text-to-the-canvas/2d.text.draw.fill.unaffected.html
16:56:35     INFO - PROCESS | 2832 | ++DOCSHELL 000000DAE9563800 == 22 [pid = 2832] [id = 25]
16:56:35     INFO - PROCESS | 2832 | ++DOMWINDOW == 63 (000000DAE95C8000) [pid = 2832] [serial = 71] [outer = 0000000000000000]
16:56:35     INFO - PROCESS | 2832 | ++DOMWINDOW == 64 (000000DAEB1A9000) [pid = 2832] [serial = 72] [outer = 000000DAE95C8000]
16:56:35     INFO - PROCESS | 2832 | ++DOMWINDOW == 65 (000000DAF3D76800) [pid = 2832] [serial = 73] [outer = 000000DAE95C8000]
16:56:35     INFO - .
16:56:35     INFO - TEST-OK | /2dcontext/drawing-text-to-the-canvas/2d.text.draw.fill.unaffected.html | took 881ms
16:56:35     INFO - TEST-START | /2dcontext/drawing-text-to-the-canvas/2d.text.draw.fontface.html
16:56:36     INFO - PROCESS | 2832 | --DOMWINDOW == 64 (000000DAED565800) [pid = 2832] [serial = 10] [outer = 0000000000000000] [url = chrome://gfxsanity/content/sanitytest.html]
16:56:36     INFO - PROCESS | 2832 | --DOMWINDOW == 63 (000000DAE58B5000) [pid = 2832] [serial = 4] [outer = 0000000000000000] [url = about:blank]
16:56:36     INFO - PROCESS | 2832 | --DOMWINDOW == 62 (000000DAE52A6800) [pid = 2832] [serial = 2] [outer = 0000000000000000] [url = about:blank]
16:56:36     INFO - PROCESS | 2832 | --DOMWINDOW == 61 (000000DAF13AA000) [pid = 2832] [serial = 14] [outer = 0000000000000000] [url = about:blank]
16:56:36     INFO - PROCESS | 2832 | --DOMWINDOW == 60 (000000DAF1A71000) [pid = 2832] [serial = 17] [outer = 0000000000000000] [url = about:blank]
16:56:36     INFO - PROCESS | 2832 | --DOMWINDOW == 59 (000000DAEB1AD800) [pid = 2832] [serial = 9] [outer = 0000000000000000] [url = about:blank]
16:56:36     INFO - PROCESS | 2832 | --DOMWINDOW == 58 (000000DAEDE5B000) [pid = 2832] [serial = 24] [outer = 0000000000000000] [url = about:blank]
16:56:36     INFO - PROCESS | 2832 | --DOMWINDOW == 57 (000000DAE9B4E000) [pid = 2832] [serial = 18] [outer = 0000000000000000] [url = about:blank]
16:56:36     INFO - PROCESS | 2832 | --DOMWINDOW == 56 (000000DAE8C39000) [pid = 2832] [serial = 33] [outer = 0000000000000000] [url = about:blank]
16:56:36     INFO - PROCESS | 2832 | --DOMWINDOW == 55 (000000DAE9B4B000) [pid = 2832] [serial = 37] [outer = 0000000000000000] [url = about:blank]
16:56:36     INFO - PROCESS | 2832 | --DOMWINDOW == 54 (000000DAE955C000) [pid = 2832] [serial = 36] [outer = 0000000000000000] [url = about:blank]
16:56:36     INFO - PROCESS | 2832 | --DOMWINDOW == 53 (000000DAED57E000) [pid = 2832] [serial = 40] [outer = 0000000000000000] [url = about:blank]
16:56:36     INFO - PROCESS | 2832 | --DOMWINDOW == 52 (000000DAEA8B7000) [pid = 2832] [serial = 39] [outer = 0000000000000000] [url = about:blank]
16:56:36     INFO - PROCESS | 2832 | --DOMWINDOW == 51 (000000DAEFF1F800) [pid = 2832] [serial = 43] [outer = 0000000000000000] [url = about:blank]
16:56:36     INFO - PROCESS | 2832 | --DOMWINDOW == 50 (000000DAEEDFB800) [pid = 2832] [serial = 42] [outer = 0000000000000000] [url = about:blank]
16:56:36     INFO - PROCESS | 2832 | --DOMWINDOW == 49 (000000DAF16C5000) [pid = 2832] [serial = 46] [outer = 0000000000000000] [url = about:blank]
16:56:36     INFO - PROCESS | 2832 | --DOMWINDOW == 48 (000000DAF1399800) [pid = 2832] [serial = 45] [outer = 0000000000000000] [url = about:blank]
16:56:36     INFO - PROCESS | 2832 | --DOMWINDOW == 47 (000000DAE32C1800) [pid = 2832] [serial = 30] [outer = 0000000000000000] [url = about:blank]
16:56:36     INFO - PROCESS | 2832 | --DOMWINDOW == 46 (000000DAE9E83000) [pid = 2832] [serial = 22] [outer = 0000000000000000] [url = about:blank]
16:56:36     INFO - PROCESS | 2832 | --DOMWINDOW == 45 (000000DAE9DC2800) [pid = 2832] [serial = 21] [outer = 0000000000000000] [url = about:blank]
16:56:36     INFO - PROCESS | 2832 | --DOMWINDOW == 44 (000000DAE49E1800) [pid = 2832] [serial = 28] [outer = 0000000000000000] [url = about:blank]
16:56:36     INFO - PROCESS | 2832 | --DOMWINDOW == 43 (000000DAE3318000) [pid = 2832] [serial = 27] [outer = 0000000000000000] [url = about:blank]
16:56:36     INFO - PROCESS | 2832 | ++DOCSHELL 000000DAE32D2000 == 23 [pid = 2832] [id = 26]
16:56:36     INFO - PROCESS | 2832 | ++DOMWINDOW == 44 (000000DAE3307000) [pid = 2832] [serial = 74] [outer = 0000000000000000]
16:56:36     INFO - PROCESS | 2832 | ++DOMWINDOW == 45 (000000DAE35B1800) [pid = 2832] [serial = 75] [outer = 000000DAE3307000]
16:56:36     INFO - PROCESS | 2832 | ++DOMWINDOW == 46 (000000DAE589C800) [pid = 2832] [serial = 76] [outer = 000000DAE3307000]
16:56:37     INFO - .
16:56:37     INFO - TEST-OK | /2dcontext/drawing-text-to-the-canvas/2d.text.draw.fontface.html | took 1742ms
16:56:37     INFO - TEST-START | /2dcontext/drawing-text-to-the-canvas/2d.text.draw.fontface.notinpage.html
16:56:37     INFO - PROCESS | 2832 | ++DOCSHELL 000000DAE9AD1000 == 24 [pid = 2832] [id = 27]
16:56:37     INFO - PROCESS | 2832 | ++DOMWINDOW == 47 (000000DAE9AD1800) [pid = 2832] [serial = 77] [outer = 0000000000000000]
16:56:37     INFO - PROCESS | 2832 | ++DOMWINDOW == 48 (000000DAE9B4B800) [pid = 2832] [serial = 78] [outer = 000000DAE9AD1800]
16:56:37     INFO - PROCESS | 2832 | ++DOMWINDOW == 49 (000000DAE9DC3800) [pid = 2832] [serial = 79] [outer = 000000DAE9AD1800]
16:56:38     INFO - .
16:56:38     INFO - TEST-OK | /2dcontext/drawing-text-to-the-canvas/2d.text.draw.fontface.notinpage.html | took 1135ms
16:56:38     INFO - TEST-START | /2dcontext/drawing-text-to-the-canvas/2d.text.draw.fontface.repeat.html
16:56:38     INFO - PROCESS | 2832 | ++DOCSHELL 000000DAEB1A5800 == 25 [pid = 2832] [id = 28]
16:56:38     INFO - PROCESS | 2832 | ++DOMWINDOW == 50 (000000DAEB1A6000) [pid = 2832] [serial = 80] [outer = 0000000000000000]
16:56:38     INFO - PROCESS | 2832 | ++DOMWINDOW == 51 (000000DAEB1AE800) [pid = 2832] [serial = 81] [outer = 000000DAEB1A6000]
16:56:38     INFO - PROCESS | 2832 | ++DOMWINDOW == 52 (000000DAEDE5D000) [pid = 2832] [serial = 82] [outer = 000000DAEB1A6000]
16:56:39     INFO - PROCESS | 2832 | --DOMWINDOW == 51 (000000DAE9D02800) [pid = 2832] [serial = 53] [outer = 0000000000000000] [url = http://web-platform.test:8000/2dcontext/drawing-text-to-the-canvas/2d.text.draw.fill.maxWidth.NaN.html]
16:56:39     INFO - PROCESS | 2832 | --DOMWINDOW == 50 (000000DAEDE52800) [pid = 2832] [serial = 56] [outer = 0000000000000000] [url = http://web-platform.test:8000/2dcontext/drawing-text-to-the-canvas/2d.text.draw.fill.maxWidth.bound.html]
16:56:39     INFO - PROCESS | 2832 | --DOMWINDOW == 49 (000000DAF0E05800) [pid = 2832] [serial = 59] [outer = 0000000000000000] [url = http://web-platform.test:8000/2dcontext/drawing-text-to-the-canvas/2d.text.draw.fill.maxWidth.fontface.html]
16:56:39     INFO - PROCESS | 2832 | --DOMWINDOW == 48 (000000DAE32D4000) [pid = 2832] [serial = 50] [outer = 0000000000000000] [url = http://web-platform.test:8000/2dcontext/drawing-text-to-the-canvas/2d.text.draw.baseline.alphabetic.html]
16:56:39     INFO - PROCESS | 2832 | --DOMWINDOW == 47 (000000DAF0CC0800) [pid = 2832] [serial = 47] [outer = 0000000000000000] [url = http://web-platform.test:8000/2dcontext/drawing-text-to-the-canvas/2d.text.draw.align.start.rtl.html]
16:56:39     INFO - .
16:56:39     INFO - TEST-OK | /2dcontext/drawing-text-to-the-canvas/2d.text.draw.fontface.repeat.html | took 1180ms
16:56:39     INFO - TEST-START | /2dcontext/drawing-text-to-the-canvas/2d.text.draw.space.basic.html
16:56:40     INFO - PROCESS | 2832 | ++DOCSHELL 000000DAEEDF2800 == 26 [pid = 2832] [id = 29]
16:56:40     INFO - PROCESS | 2832 | ++DOMWINDOW == 48 (000000DAEEDF3800) [pid = 2832] [serial = 83] [outer = 0000000000000000]
16:56:40     INFO - PROCESS | 2832 | ++DOMWINDOW == 49 (000000DAEEE0F800) [pid = 2832] [serial = 84] [outer = 000000DAEEDF3800]
16:56:40     INFO - PROCESS | 2832 | ++DOMWINDOW == 50 (000000DAF00D1800) [pid = 2832] [serial = 85] [outer = 000000DAEEDF3800]
16:56:40     INFO - .
16:56:40     INFO - TEST-OK | /2dcontext/drawing-text-to-the-canvas/2d.text.draw.space.basic.html | took 1072ms
16:56:40     INFO - TEST-START | /2dcontext/drawing-text-to-the-canvas/2d.text.draw.space.collapse.nonspace.html
16:56:41     INFO - PROCESS | 2832 | ++DOCSHELL 000000DAF139B800 == 27 [pid = 2832] [id = 30]
16:56:41     INFO - PROCESS | 2832 | ++DOMWINDOW == 51 (000000DAF139D800) [pid = 2832] [serial = 86] [outer = 0000000000000000]
16:56:41     INFO - PROCESS | 2832 | ++DOMWINDOW == 52 (000000DAF13AC000) [pid = 2832] [serial = 87] [outer = 000000DAF139D800]
16:56:41     INFO - PROCESS | 2832 | ++DOMWINDOW == 53 (000000DAF1A74000) [pid = 2832] [serial = 88] [outer = 000000DAF139D800]
16:56:41     INFO - .
16:56:41     INFO - TEST-OK | /2dcontext/drawing-text-to-the-canvas/2d.text.draw.space.collapse.nonspace.html | took 1031ms
16:56:41     INFO - TEST-START | /2dcontext/drawing-text-to-the-canvas/2d.text.draw.stroke.unaffected.html
16:56:42     INFO - PROCESS | 2832 | ++DOCSHELL 000000DAF249B000 == 28 [pid = 2832] [id = 31]
16:56:42     INFO - PROCESS | 2832 | ++DOMWINDOW == 54 (000000DAF249F800) [pid = 2832] [serial = 89] [outer = 0000000000000000]
16:56:42     INFO - PROCESS | 2832 | ++DOMWINDOW == 55 (000000DAF3C63800) [pid = 2832] [serial = 90] [outer = 000000DAF249F800]
16:56:42     INFO - PROCESS | 2832 | ++DOMWINDOW == 56 (000000DAF3D80800) [pid = 2832] [serial = 91] [outer = 000000DAF249F800]
16:56:42     INFO - .
16:56:42     INFO - TEST-OK | /2dcontext/drawing-text-to-the-canvas/2d.text.draw.stroke.unaffected.html | took 879ms
16:56:42     INFO - TEST-START | /2dcontext/drawing-text-to-the-canvas/2d.text.measure.width.basic.html
16:56:43     INFO - PROCESS | 2832 | ++DOCSHELL 000000DAE92BD800 == 29 [pid = 2832] [id = 32]
16:56:43     INFO - PROCESS | 2832 | ++DOMWINDOW == 57 (000000DAE9975000) [pid = 2832] [serial = 92] [outer = 0000000000000000]
16:56:43     INFO - PROCESS | 2832 | ++DOMWINDOW == 58 (000000DAE9D06800) [pid = 2832] [serial = 93] [outer = 000000DAE9975000]
16:56:43     INFO - PROCESS | 2832 | ++DOMWINDOW == 59 (000000DAEB1AD000) [pid = 2832] [serial = 94] [outer = 000000DAE9975000]
16:56:44     INFO - .
16:56:44     INFO - TEST-OK | /2dcontext/drawing-text-to-the-canvas/2d.text.measure.width.basic.html | took 1589ms
16:56:44     INFO - TEST-START | /2dcontext/drawing-text-to-the-canvas/2d.text.measure.width.empty.html
16:56:44     INFO - PROCESS | 2832 | ++DOCSHELL 000000DAE580A000 == 30 [pid = 2832] [id = 33]
16:56:44     INFO - PROCESS | 2832 | ++DOMWINDOW == 60 (000000DAE5815800) [pid = 2832] [serial = 95] [outer = 0000000000000000]
16:56:44     INFO - PROCESS | 2832 | ++DOMWINDOW == 61 (000000DAE8D99800) [pid = 2832] [serial = 96] [outer = 000000DAE5815800]
16:56:44     INFO - PROCESS | 2832 | ++DOMWINDOW == 62 (000000DAE9E86800) [pid = 2832] [serial = 97] [outer = 000000DAE5815800]
16:56:45     INFO - PROCESS | 2832 | --DOMWINDOW == 61 (000000DAF2490000) [pid = 2832] [serial = 48] [outer = 0000000000000000] [url = about:blank]
16:56:45     INFO - PROCESS | 2832 | --DOMWINDOW == 60 (000000DAF409C000) [pid = 2832] [serial = 49] [outer = 0000000000000000] [url = about:blank]
16:56:45     INFO - PROCESS | 2832 | --DOMWINDOW == 59 (000000DAF0E1B800) [pid = 2832] [serial = 60] [outer = 0000000000000000] [url = about:blank]
16:56:45     INFO - PROCESS | 2832 | --DOMWINDOW == 58 (000000DAF139B000) [pid = 2832] [serial = 61] [outer = 0000000000000000] [url = about:blank]
16:56:45     INFO - PROCESS | 2832 | --DOMWINDOW == 57 (000000DAEDE63800) [pid = 2832] [serial = 57] [outer = 0000000000000000] [url = about:blank]
16:56:45     INFO - PROCESS | 2832 | --DOMWINDOW == 56 (000000DAEEE17800) [pid = 2832] [serial = 58] [outer = 0000000000000000] [url = about:blank]
16:56:45     INFO - PROCESS | 2832 | --DOMWINDOW == 55 (000000DAE9D15000) [pid = 2832] [serial = 54] [outer = 0000000000000000] [url = about:blank]
16:56:45     INFO - PROCESS | 2832 | --DOMWINDOW == 54 (000000DAE9E7A000) [pid = 2832] [serial = 55] [outer = 0000000000000000] [url = about:blank]
16:56:45     INFO - PROCESS | 2832 | --DOMWINDOW == 53 (000000DAE35AC800) [pid = 2832] [serial = 51] [outer = 0000000000000000] [url = about:blank]
16:56:45     INFO - PROCESS | 2832 | --DOMWINDOW == 52 (000000DAE8B5C000) [pid = 2832] [serial = 52] [outer = 0000000000000000] [url = about:blank]
16:56:45     INFO - .
16:56:45     INFO - TEST-OK | /2dcontext/drawing-text-to-the-canvas/2d.text.measure.width.empty.html | took 1428ms
16:56:45     INFO - TEST-START | /WebCryptoAPI/digest/digest.worker
16:56:46     INFO - PROCESS | 2832 | ++DOCSHELL 000000DAE9B4C800 == 31 [pid = 2832] [id = 34]
16:56:46     INFO - PROCESS | 2832 | ++DOMWINDOW == 53 (000000DAE9B60800) [pid = 2832] [serial = 98] [outer = 0000000000000000]
16:56:46     INFO - PROCESS | 2832 | ++DOMWINDOW == 54 (000000DAE9DBD000) [pid = 2832] [serial = 99] [outer = 000000DAE9B60800]
16:56:46     INFO - PROCESS | 2832 | ++DOMWINDOW == 55 (000000DAEB195000) [pid = 2832] [serial = 100] [outer = 000000DAE9B60800]
16:56:46     INFO - PROCESS | 2832 | [2832] WARNING: Failed to retarget HTML data delivery to the parser thread.: file c:/builds/moz2_slave/m-esr52-w64-d-0000000000000000/build/src/parser/html/nsHtml5StreamParser.cpp, line 970
16:56:47     INFO - ................................................................................
16:56:47     INFO - TEST-OK | /WebCryptoAPI/digest/digest.worker | took 1205ms
16:56:47     INFO - TEST-START | /WebCryptoAPI/digest/test_digest.html
16:56:47     INFO - PROCESS | 2832 | ++DOCSHELL 000000DAF00D0000 == 32 [pid = 2832] [id = 35]
16:56:47     INFO - PROCESS | 2832 | ++DOMWINDOW == 56 (000000DAF0938800) [pid = 2832] [serial = 101] [outer = 0000000000000000]
16:56:47     INFO - PROCESS | 2832 | ++DOMWINDOW == 57 (000000DAF1399800) [pid = 2832] [serial = 102] [outer = 000000DAF0938800]
16:56:47     INFO - PROCESS | 2832 | ++DOMWINDOW == 58 (000000DAF1A83000) [pid = 2832] [serial = 103] [outer = 000000DAF0938800]
16:56:48     INFO - ................................................................................
16:56:48     INFO - TEST-OK | /WebCryptoAPI/digest/test_digest.html | took 1253ms
16:56:48     INFO - TEST-START | /WebCryptoAPI/import_export/ec_importKey.worker
16:56:48     INFO - PROCESS | 2832 | ++DOCSHELL 000000DAF3D7C800 == 33 [pid = 2832] [id = 36]
16:56:48     INFO - PROCESS | 2832 | ++DOMWINDOW == 59 (000000DAF3D7F800) [pid = 2832] [serial = 104] [outer = 0000000000000000]
16:56:48     INFO - PROCESS | 2832 | ++DOMWINDOW == 60 (000000DAF3E69000) [pid = 2832] [serial = 105] [outer = 000000DAF3D7F800]
16:56:48     INFO - PROCESS | 2832 | ++DOMWINDOW == 61 (000000DAF3E80800) [pid = 2832] [serial = 106] [outer = 000000DAF3D7F800]
16:56:48     INFO - PROCESS | 2832 | [2832] WARNING: Failed to retarget HTML data delivery to the parser thread.: file c:/builds/moz2_slave/m-esr52-w64-d-0000000000000000/build/src/parser/html/nsHtml5StreamParser.cpp, line 970
16:56:49     INFO - PROCESS | 2832 | --DOMWINDOW == 60 (000000DAE3307000) [pid = 2832] [serial = 74] [outer = 0000000000000000] [url = http://web-platform.test:8000/2dcontext/drawing-text-to-the-canvas/2d.text.draw.fontface.html]
16:56:49     INFO - PROCESS | 2832 | --DOMWINDOW == 59 (000000DAE95C8000) [pid = 2832] [serial = 71] [outer = 0000000000000000] [url = http://web-platform.test:8000/2dcontext/drawing-text-to-the-canvas/2d.text.draw.fill.unaffected.html]
16:56:49     INFO - PROCESS | 2832 | --DOMWINDOW == 58 (000000DAEB19E000) [pid = 2832] [serial = 62] [outer = 0000000000000000] [url = http://web-platform.test:8000/2dcontext/drawing-text-to-the-canvas/2d.text.draw.fill.maxWidth.negative.html]
16:56:49     INFO - PROCESS | 2832 | --DOMWINDOW == 57 (000000DAF20DE800) [pid = 2832] [serial = 65] [outer = 0000000000000000] [url = http://web-platform.test:8000/2dcontext/drawing-text-to-the-canvas/2d.text.draw.fill.maxWidth.small.html]
16:56:49     INFO - PROCESS | 2832 | --DOMWINDOW == 56 (000000DAF4CE5000) [pid = 2832] [serial = 68] [outer = 0000000000000000] [url = http://web-platform.test:8000/2dcontext/drawing-text-to-the-canvas/2d.text.draw.fill.maxWidth.zero.html]
16:56:49     INFO - PROCESS | 2832 | --DOMWINDOW == 55 (000000DAF139D800) [pid = 2832] [serial = 86] [outer = 0000000000000000] [url = http://web-platform.test:8000/2dcontext/drawing-text-to-the-canvas/2d.text.draw.space.collapse.nonspace.html]
16:56:49     INFO - PROCESS | 2832 | --DOMWINDOW == 54 (000000DAEB1A6000) [pid = 2832] [serial = 80] [outer = 0000000000000000] [url = http://web-platform.test:8000/2dcontext/drawing-text-to-the-canvas/2d.text.draw.fontface.repeat.html]
16:56:49     INFO - PROCESS | 2832 | --DOMWINDOW == 53 (000000DAEEDF3800) [pid = 2832] [serial = 83] [outer = 0000000000000000] [url = http://web-platform.test:8000/2dcontext/drawing-text-to-the-canvas/2d.text.draw.space.basic.html]
16:56:49     INFO - PROCESS | 2832 | --DOMWINDOW == 52 (000000DAE9AD1800) [pid = 2832] [serial = 77] [outer = 0000000000000000] [url = http://web-platform.test:8000/2dcontext/drawing-text-to-the-canvas/2d.text.draw.fontface.notinpage.html]
16:56:49     INFO - ........................................................................
16:56:49     INFO - TEST-OK | /WebCryptoAPI/import_export/ec_importKey.worker | took 1211ms
16:56:49     INFO - TEST-START | /WebCryptoAPI/import_export/rsa_importKey.worker
16:56:49     INFO - PROCESS | 2832 | ++DOCSHELL 000000DAF6907800 == 34 [pid = 2832] [id = 37]
16:56:49     INFO - PROCESS | 2832 | ++DOMWINDOW == 53 (000000DAF6908000) [pid = 2832] [serial = 107] [outer = 0000000000000000]
16:56:49     INFO - PROCESS | 2832 | ++DOMWINDOW == 54 (000000DAF6912000) [pid = 2832] [serial = 108] [outer = 000000DAF6908000]
16:56:49     INFO - PROCESS | 2832 | ++DOMWINDOW == 55 (000000DAF691E800) [pid = 2832] [serial = 109] [outer = 000000DAF6908000]
16:56:49     INFO - PROCESS | 2832 | [2832] WARNING: Failed to retarget HTML data delivery to the parser thread.: file c:/builds/moz2_slave/m-esr52-w64-d-0000000000000000/build/src/parser/html/nsHtml5StreamParser.cpp, line 970
16:56:50     INFO - PROCESS | 2832 | ++DOMWINDOW == 56 (000000DAF691C800) [pid = 2832] [serial = 110] [outer = 000000DAE249E800]
16:56:52     INFO - ................................................................................................................................................................................................................................................................................................................................................................................................................................................................................................
16:56:52     INFO - TEST-OK | /WebCryptoAPI/import_export/rsa_importKey.worker | took 2974ms
16:56:52     INFO - TEST-START | /WebCryptoAPI/import_export/symmetric_importKey.worker
16:56:52     INFO - PROCESS | 2832 | ++DOCSHELL 000000DAE92A2000 == 35 [pid = 2832] [id = 38]
16:56:52     INFO - PROCESS | 2832 | ++DOMWINDOW == 57 (000000DAE92A4000) [pid = 2832] [serial = 111] [outer = 0000000000000000]
16:56:52     INFO - PROCESS | 2832 | ++DOMWINDOW == 58 (000000DAE95D0000) [pid = 2832] [serial = 112] [outer = 000000DAE92A4000]
16:56:53     INFO - PROCESS | 2832 | ++DOMWINDOW == 59 (000000DAEA8B3800) [pid = 2832] [serial = 113] [outer = 000000DAE92A4000]
16:56:53     INFO - PROCESS | 2832 | [2832] WARNING: Failed to retarget HTML data delivery to the parser thread.: file c:/builds/moz2_slave/m-esr52-w64-d-0000000000000000/build/src/parser/html/nsHtml5StreamParser.cpp, line 970
16:56:54     INFO - ..........................................................................................................................................................................................................................................
16:56:54     INFO - TEST-OK | /WebCryptoAPI/import_export/symmetric_importKey.worker | took 2069ms
16:56:54     INFO - TEST-START | /WebCryptoAPI/import_export/test_ec_importKey.html
16:56:54     INFO - PROCESS | 2832 | ++DOCSHELL 000000DAF20D6000 == 36 [pid = 2832] [id = 39]
16:56:54     INFO - PROCESS | 2832 | ++DOMWINDOW == 60 (000000DAF20DA000) [pid = 2832] [serial = 114] [outer = 0000000000000000]
16:56:54     INFO - PROCESS | 2832 | ++DOMWINDOW == 61 (000000DAF3D71000) [pid = 2832] [serial = 115] [outer = 000000DAF20DA000]
16:56:55     INFO - PROCESS | 2832 | ++DOMWINDOW == 62 (000000DAF4C79800) [pid = 2832] [serial = 116] [outer = 000000DAF20DA000]
16:56:56     INFO - ........................................................................
16:56:56     INFO - TEST-OK | /WebCryptoAPI/import_export/test_ec_importKey.html | took 1396ms
16:56:56     INFO - TEST-START | /WebCryptoAPI/import_export/test_rsa_importKey.html
16:56:56     INFO - PROCESS | 2832 | ++DOCSHELL 000000DAE3FD0800 == 37 [pid = 2832] [id = 40]
16:56:56     INFO - PROCESS | 2832 | ++DOMWINDOW == 63 (000000DAE3C9C000) [pid = 2832] [serial = 117] [outer = 0000000000000000]
16:56:56     INFO - PROCESS | 2832 | ++DOMWINDOW == 64 (000000DAE3FD9800) [pid = 2832] [serial = 118] [outer = 000000DAE3C9C000]
16:56:56     INFO - PROCESS | 2832 | ++DOMWINDOW == 65 (000000DAE92F4000) [pid = 2832] [serial = 119] [outer = 000000DAE3C9C000]
16:56:57     INFO - PROCESS | 2832 | --DOCSHELL 000000DAEDE50000 == 36 [pid = 2832] [id = 20]
16:56:57     INFO - PROCESS | 2832 | --DOCSHELL 000000DAF3D7C800 == 35 [pid = 2832] [id = 36]
16:56:57     INFO - PROCESS | 2832 | --DOCSHELL 000000DAF00D0000 == 34 [pid = 2832] [id = 35]
16:56:57     INFO - PROCESS | 2832 | --DOCSHELL 000000DAE9B4C800 == 33 [pid = 2832] [id = 34]
16:56:57     INFO - PROCESS | 2832 | --DOCSHELL 000000DAE580A000 == 32 [pid = 2832] [id = 33]
16:56:57     INFO - PROCESS | 2832 | --DOCSHELL 000000DAE92BD800 == 31 [pid = 2832] [id = 32]
16:56:57     INFO - PROCESS | 2832 | --DOCSHELL 000000DAF249B000 == 30 [pid = 2832] [id = 31]
16:56:57     INFO - PROCESS | 2832 | --DOCSHELL 000000DAEB195800 == 29 [pid = 2832] [id = 22]
16:56:57     INFO - PROCESS | 2832 | --DOCSHELL 000000DAF00CD800 == 28 [pid = 2832] [id = 17]
16:56:57     INFO - PROCESS | 2832 | --DOCSHELL 000000DAE32D0800 == 27 [pid = 2832] [id = 10]
16:56:57     INFO - PROCESS | 2832 | --DOCSHELL 000000DAEB1A5800 == 26 [pid = 2832] [id = 28]
16:56:57     INFO - PROCESS | 2832 | --DOCSHELL 000000DAF20DD000 == 25 [pid = 2832] [id = 23]
16:56:57     INFO - PROCESS | 2832 | --DOCSHELL 000000DAF4CE3000 == 24 [pid = 2832] [id = 24]
16:56:57     INFO - PROCESS | 2832 | --DOCSHELL 000000DAF139B800 == 23 [pid = 2832] [id = 30]
16:56:57     INFO - PROCESS | 2832 | --DOCSHELL 000000DAE9AD1000 == 22 [pid = 2832] [id = 27]
16:56:57     INFO - PROCESS | 2832 | --DOCSHELL 000000DAF0F38000 == 21 [pid = 2832] [id = 16]
16:56:57     INFO - PROCESS | 2832 | --DOCSHELL 000000DAF0E05000 == 20 [pid = 2832] [id = 21]
16:56:57     INFO - PROCESS | 2832 | --DOCSHELL 000000DAEEDF2800 == 19 [pid = 2832] [id = 29]
16:56:57     INFO - PROCESS | 2832 | --DOCSHELL 000000DAE92B4800 == 18 [pid = 2832] [id = 13]
16:56:57     INFO - PROCESS | 2832 | --DOCSHELL 000000DAEEDEC000 == 17 [pid = 2832] [id = 15]
16:56:57     INFO - PROCESS | 2832 | --DOCSHELL 000000DAF6907800 == 16 [pid = 2832] [id = 37]
16:56:57     INFO - PROCESS | 2832 | --DOCSHELL 000000DAE9563800 == 15 [pid = 2832] [id = 25]
16:56:57     INFO - PROCESS | 2832 | --DOCSHELL 000000DAE32CE800 == 14 [pid = 2832] [id = 18]
16:56:57     INFO - PROCESS | 2832 | --DOCSHELL 000000DAE9B63800 == 13 [pid = 2832] [id = 19]
16:56:57     INFO - PROCESS | 2832 | --DOCSHELL 000000DAE32D2000 == 12 [pid = 2832] [id = 26]
16:56:57     INFO - PROCESS | 2832 | --DOCSHELL 000000DAE9E90800 == 11 [pid = 2832] [id = 14]
16:56:57     INFO - PROCESS | 2832 | --DOCSHELL 000000DAE92A2000 == 10 [pid = 2832] [id = 38]
16:56:57     INFO - PROCESS | 2832 | --DOCSHELL 000000DAF20D6000 == 9 [pid = 2832] [id = 39]
16:56:57     INFO - PROCESS | 2832 | --DOMWINDOW == 64 (000000DAF0CCB000) [pid = 2832] [serial = 64] [outer = 0000000000000000] [url = about:blank]
16:56:57     INFO - PROCESS | 2832 | --DOMWINDOW == 63 (000000DAED567000) [pid = 2832] [serial = 63] [outer = 0000000000000000] [url = about:blank]
16:56:57     INFO - PROCESS | 2832 | --DOMWINDOW == 62 (000000DAF4C7C800) [pid = 2832] [serial = 67] [outer = 0000000000000000] [url = about:blank]
16:56:57     INFO - PROCESS | 2832 | --DOMWINDOW == 61 (000000DAF40A5800) [pid = 2832] [serial = 66] [outer = 0000000000000000] [url = about:blank]
16:56:57     INFO - PROCESS | 2832 | --DOMWINDOW == 60 (000000DAF3E75800) [pid = 2832] [serial = 70] [outer = 0000000000000000] [url = about:blank]
16:56:57     INFO - PROCESS | 2832 | --DOMWINDOW == 59 (000000DAF3E64000) [pid = 2832] [serial = 69] [outer = 0000000000000000] [url = about:blank]
16:56:57     INFO - PROCESS | 2832 | --DOMWINDOW == 58 (000000DAF3D76800) [pid = 2832] [serial = 73] [outer = 0000000000000000] [url = about:blank]
16:56:57     INFO - PROCESS | 2832 | --DOMWINDOW == 57 (000000DAEB1A9000) [pid = 2832] [serial = 72] [outer = 0000000000000000] [url = about:blank]
16:56:57     INFO - PROCESS | 2832 | --DOMWINDOW == 56 (000000DAE589C800) [pid = 2832] [serial = 76] [outer = 0000000000000000] [url = about:blank]
16:56:57     INFO - PROCESS | 2832 | --DOMWINDOW == 55 (000000DAE35B1800) [pid = 2832] [serial = 75] [outer = 0000000000000000] [url = about:blank]
16:56:57     INFO - PROCESS | 2832 | --DOMWINDOW == 54 (000000DAE9DC3800) [pid = 2832] [serial = 79] [outer = 0000000000000000] [url = about:blank]
16:56:57     INFO - PROCESS | 2832 | --DOMWINDOW == 53 (000000DAE9B4B800) [pid = 2832] [serial = 78] [outer = 0000000000000000] [url = about:blank]
16:56:57     INFO - PROCESS | 2832 | --DOMWINDOW == 52 (000000DAEDE5D000) [pid = 2832] [serial = 82] [outer = 0000000000000000] [url = about:blank]
16:56:57     INFO - PROCESS | 2832 | --DOMWINDOW == 51 (000000DAEB1AE800) [pid = 2832] [serial = 81] [outer = 0000000000000000] [url = about:blank]
16:56:57     INFO - PROCESS | 2832 | --DOMWINDOW == 50 (000000DAF00D1800) [pid = 2832] [serial = 85] [outer = 0000000000000000] [url = about:blank]
16:56:57     INFO - PROCESS | 2832 | --DOMWINDOW == 49 (000000DAEEE0F800) [pid = 2832] [serial = 84] [outer = 0000000000000000] [url = about:blank]
16:56:57     INFO - PROCESS | 2832 | --DOMWINDOW == 48 (000000DAF1A74000) [pid = 2832] [serial = 88] [outer = 0000000000000000] [url = about:blank]
16:56:57     INFO - PROCESS | 2832 | --DOMWINDOW == 47 (000000DAF13AC000) [pid = 2832] [serial = 87] [outer = 0000000000000000] [url = about:blank]
16:56:57     INFO - PROCESS | 2832 | --DOMWINDOW == 46 (000000DAF3C63800) [pid = 2832] [serial = 90] [outer = 0000000000000000] [url = about:blank]
16:56:59     INFO - ................................................................................................................................................................................................................................................................................................................................................................................................................................................................................................
16:56:59     INFO - TEST-OK | /WebCryptoAPI/import_export/test_rsa_importKey.html | took 3064ms
16:56:59     INFO - TEST-START | /WebCryptoAPI/import_export/test_symmetric_importKey.html
16:56:59     INFO - PROCESS | 2832 | ++DOCSHELL 000000DAE4BDA000 == 10 [pid = 2832] [id = 41]
16:56:59     INFO - PROCESS | 2832 | ++DOMWINDOW == 47 (000000DAE4BDB800) [pid = 2832] [serial = 120] [outer = 0000000000000000]
16:56:59     INFO - PROCESS | 2832 | ++DOMWINDOW == 48 (000000DAE5592800) [pid = 2832] [serial = 121] [outer = 000000DAE4BDB800]
16:56:59     INFO - PROCESS | 2832 | ++DOMWINDOW == 49 (000000DAF0CC2000) [pid = 2832] [serial = 122] [outer = 000000DAE4BDB800]
16:57:00     INFO - ..........................................................................................................................................................................................................................................
16:57:00     INFO - TEST-OK | /WebCryptoAPI/import_export/test_symmetric_importKey.html | took 1372ms
16:57:00     INFO - TEST-START | /ambient-light/AmbientLightSensor_browsing_context.html
16:57:00     INFO - PROCESS | 2832 | ++DOCSHELL 000000DAEF063800 == 11 [pid = 2832] [id = 42]
16:57:00     INFO - PROCESS | 2832 | ++DOMWINDOW == 50 (000000DAEF067800) [pid = 2832] [serial = 123] [outer = 0000000000000000]
16:57:00     INFO - PROCESS | 2832 | ++DOMWINDOW == 51 (000000DAEF072800) [pid = 2832] [serial = 124] [outer = 000000DAEF067800]
16:57:00     INFO - PROCESS | 2832 | ++DOMWINDOW == 52 (000000DAF9DC9800) [pid = 2832] [serial = 125] [outer = 000000DAEF067800]
16:57:01     INFO - PROCESS | 2832 | ++DOCSHELL 000000DAF9DC3000 == 12 [pid = 2832] [id = 43]
16:57:01     INFO - PROCESS | 2832 | ++DOMWINDOW == 53 (000000DAFB6AA800) [pid = 2832] [serial = 126] [outer = 0000000000000000]
16:57:01     INFO - PROCESS | 2832 | ++DOMWINDOW == 54 (000000DAF9DC3800) [pid = 2832] [serial = 127] [outer = 000000DAFB6AA800]
16:57:01     INFO - PROCESS | 2832 | JavaScript error: http://web-platform.test:8000/ambient-light/support-iframe.html, line 6: ReferenceError: AmbientLightSensor is not defined
16:57:01     INFO - PROCESS | 2832 | --DOMWINDOW == 53 (000000DAE5815800) [pid = 2832] [serial = 95] [outer = 0000000000000000] [url = http://web-platform.test:8000/2dcontext/drawing-text-to-the-canvas/2d.text.measure.width.empty.html]
16:57:01     INFO - PROCESS | 2832 | --DOMWINDOW == 52 (000000DAE9975000) [pid = 2832] [serial = 92] [outer = 0000000000000000] [url = http://web-platform.test:8000/2dcontext/drawing-text-to-the-canvas/2d.text.measure.width.basic.html]
16:57:01     INFO - PROCESS | 2832 | --DOMWINDOW == 51 (000000DAF249F800) [pid = 2832] [serial = 89] [outer = 0000000000000000] [url = http://web-platform.test:8000/2dcontext/drawing-text-to-the-canvas/2d.text.draw.stroke.unaffected.html]
16:57:01     INFO - PROCESS | 2832 | --DOMWINDOW == 50 (000000DAF0938800) [pid = 2832] [serial = 101] [outer = 0000000000000000] [url = http://web-platform.test:8000/WebCryptoAPI/digest/test_digest.html]
16:57:01     INFO - PROCESS | 2832 | --DOMWINDOW == 49 (000000DAF6908000) [pid = 2832] [serial = 107] [outer = 0000000000000000] [url = http://web-platform.test:8000/WebCryptoAPI/import_export/rsa_importKey.worker]
16:57:01     INFO - PROCESS | 2832 | --DOMWINDOW == 48 (000000DAF3D7F800) [pid = 2832] [serial = 104] [outer = 0000000000000000] [url = http://web-platform.test:8000/WebCryptoAPI/import_export/ec_importKey.worker]
16:57:01     INFO - PROCESS | 2832 | --DOMWINDOW == 47 (000000DAE9B60800) [pid = 2832] [serial = 98] [outer = 0000000000000000] [url = http://web-platform.test:8000/WebCryptoAPI/digest/digest.worker]
16:57:01     INFO - ..
16:57:01     INFO - TEST-OK | /ambient-light/AmbientLightSensor_browsing_context.html | took 984ms
16:57:01     INFO - TEST-START | /ambient-light/AmbientLightSensor_onstatechange.html
16:57:01     INFO - PROCESS | 2832 | ++DOCSHELL 000000DAFB6C2000 == 13 [pid = 2832] [id = 44]
16:57:01     INFO - PROCESS | 2832 | ++DOMWINDOW == 48 (000000DAFB6C2800) [pid = 2832] [serial = 128] [outer = 0000000000000000]
16:57:01     INFO - PROCESS | 2832 | ++DOMWINDOW == 49 (000000DAFB6C6800) [pid = 2832] [serial = 129] [outer = 000000DAFB6C2800]
16:57:01     INFO - PROCESS | 2832 | ++DOMWINDOW == 50 (000000DAF7EAA000) [pid = 2832] [serial = 130] [outer = 000000DAFB6C2800]
16:57:02     INFO - ...
16:57:02     INFO - TEST-ERROR | /ambient-light/AmbientLightSensor_onstatechange.html | took 691ms
16:57:02     INFO - TEST-START | /ambient-light/AmbientLightSensor_start.html
16:57:02     INFO - PROCESS | 2832 | ++DOCSHELL 000000DAE447D800 == 14 [pid = 2832] [id = 45]
16:57:02     INFO - PROCESS | 2832 | ++DOMWINDOW == 51 (000000DAE4482800) [pid = 2832] [serial = 131] [outer = 0000000000000000]
16:57:02     INFO - PROCESS | 2832 | ++DOMWINDOW == 52 (000000DAE4489800) [pid = 2832] [serial = 132] [outer = 000000DAE4482800]
16:57:02     INFO - PROCESS | 2832 | ++DOMWINDOW == 53 (000000DAF9DD7800) [pid = 2832] [serial = 133] [outer = 000000DAE4482800]
16:57:02     INFO - ...
16:57:02     INFO - TEST-ERROR | /ambient-light/AmbientLightSensor_start.html | took 629ms
16:57:02     INFO - TEST-START | /ambient-light/AmbientLightSensor_stop.html
16:57:03     INFO - PROCESS | 2832 | ++DOCSHELL 000000DAF9DEF000 == 15 [pid = 2832] [id = 46]
16:57:03     INFO - PROCESS | 2832 | ++DOMWINDOW == 54 (000000DAF9DEF800) [pid = 2832] [serial = 134] [outer = 0000000000000000]
16:57:03     INFO - PROCESS | 2832 | ++DOMWINDOW == 55 (000000DAE2373800) [pid = 2832] [serial = 135] [outer = 000000DAF9DEF800]
16:57:03     INFO - PROCESS | 2832 | ++DOMWINDOW == 56 (000000DAE2384000) [pid = 2832] [serial = 136] [outer = 000000DAF9DEF800]
16:57:03     INFO - ...
16:57:03     INFO - TEST-ERROR | /ambient-light/AmbientLightSensor_stop.html | took 630ms
16:57:03     INFO - TEST-START | /ambient-light/AmbientLightSensor_tests.html
16:57:03     INFO - PROCESS | 2832 | ++DOCSHELL 000000DAE447F800 == 16 [pid = 2832] [id = 47]
16:57:03     INFO - PROCESS | 2832 | ++DOMWINDOW == 57 (000000DAE4483000) [pid = 2832] [serial = 137] [outer = 0000000000000000]
16:57:03     INFO - PROCESS | 2832 | ++DOMWINDOW == 58 (000000DAE4495800) [pid = 2832] [serial = 138] [outer = 000000DAE4483000]
16:57:04     INFO - PROCESS | 2832 | ++DOMWINDOW == 59 (000000DAEF050000) [pid = 2832] [serial = 139] [outer = 000000DAE4483000]
16:57:04     INFO - .
16:57:04     INFO - TEST-OK | /ambient-light/AmbientLightSensor_tests.html | took 944ms
16:57:04     INFO - TEST-START | /ambient-light/idlharness.html
16:57:04     INFO - PROCESS | 2832 | ++DOCSHELL 000000DAF40A4800 == 17 [pid = 2832] [id = 48]
16:57:04     INFO - PROCESS | 2832 | ++DOMWINDOW == 60 (000000DAF40A6000) [pid = 2832] [serial = 140] [outer = 0000000000000000]
16:57:04     INFO - PROCESS | 2832 | ++DOMWINDOW == 61 (000000DAF4CDC800) [pid = 2832] [serial = 141] [outer = 000000DAF40A6000]
16:57:04     INFO - PROCESS | 2832 | ++DOMWINDOW == 62 (000000DAF9DBC800) [pid = 2832] [serial = 142] [outer = 000000DAF40A6000]
16:57:05     INFO - .............................
16:57:05     INFO - TEST-OK | /ambient-light/idlharness.html | took 1246ms
16:57:05     INFO - TEST-START | /app-uri/appURI_test.html
16:57:06     INFO - PROCESS | 2832 | ++DOCSHELL 000000DAFBAF2000 == 18 [pid = 2832] [id = 49]
16:57:06     INFO - PROCESS | 2832 | ++DOMWINDOW == 63 (000000DAFBAF2800) [pid = 2832] [serial = 143] [outer = 0000000000000000]
16:57:06     INFO - PROCESS | 2832 | ++DOMWINDOW == 64 (000000DAFBA94000) [pid = 2832] [serial = 144] [outer = 000000DAFBAF2800]
16:57:06     INFO - PROCESS | 2832 | ++DOMWINDOW == 65 (000000DAFBAA2800) [pid = 2832] [serial = 145] [outer = 000000DAFBAF2800]
16:57:07     INFO - PROCESS | 2832 | --DOCSHELL 000000DAF9DC3000 == 17 [pid = 2832] [id = 43]
16:57:07     INFO - PROCESS | 2832 | --DOMWINDOW == 64 (000000DAF1399800) [pid = 2832] [serial = 102] [outer = 0000000000000000] [url = about:blank]
16:57:07     INFO - PROCESS | 2832 | --DOMWINDOW == 63 (000000DAF3E80800) [pid = 2832] [serial = 106] [outer = 0000000000000000] [url = about:blank]
16:57:07     INFO - PROCESS | 2832 | --DOMWINDOW == 62 (000000DAF3E69000) [pid = 2832] [serial = 105] [outer = 0000000000000000] [url = about:blank]
16:57:07     INFO - PROCESS | 2832 | --DOMWINDOW == 61 (000000DAF691E800) [pid = 2832] [serial = 109] [outer = 0000000000000000] [url = about:blank]
16:57:07     INFO - PROCESS | 2832 | --DOMWINDOW == 60 (000000DAF6912000) [pid = 2832] [serial = 108] [outer = 0000000000000000] [url = about:blank]
16:57:07     INFO - PROCESS | 2832 | --DOMWINDOW == 59 (000000DAF1A83000) [pid = 2832] [serial = 103] [outer = 0000000000000000] [url = about:blank]
16:57:07     INFO - PROCESS | 2832 | --DOMWINDOW == 58 (000000DAE9DBD000) [pid = 2832] [serial = 99] [outer = 0000000000000000] [url = about:blank]
16:57:07     INFO - PROCESS | 2832 | --DOMWINDOW == 57 (000000DAEB195000) [pid = 2832] [serial = 100] [outer = 0000000000000000] [url = about:blank]
16:57:07     INFO - PROCESS | 2832 | --DOMWINDOW == 56 (000000DAE8D99800) [pid = 2832] [serial = 96] [outer = 0000000000000000] [url = about:blank]
16:57:07     INFO - PROCESS | 2832 | --DOMWINDOW == 55 (000000DAE9E86800) [pid = 2832] [serial = 97] [outer = 0000000000000000] [url = about:blank]
16:57:07     INFO - PROCESS | 2832 | --DOMWINDOW == 54 (000000DAE9D06800) [pid = 2832] [serial = 93] [outer = 0000000000000000] [url = about:blank]
16:57:07     INFO - PROCESS | 2832 | --DOMWINDOW == 53 (000000DAEB1AD000) [pid = 2832] [serial = 94] [outer = 0000000000000000] [url = about:blank]
16:57:07     INFO - PROCESS | 2832 | --DOMWINDOW == 52 (000000DAF3D80800) [pid = 2832] [serial = 91] [outer = 0000000000000000] [url = about:blank]
16:57:07     INFO - PROCESS | 2832 | --DOMWINDOW == 51 (000000DAE9052000) [pid = 2832] [serial = 34] [outer = 0000000000000000] [url = about:neterror?e=dnsNotFound&u=https%3A//%25%28server%29s/selfsupport-dummy/&c=UTF-8&f=regular&d=Firefox%20can%E2%80%99t%20find%20the%20server%20at%20%25%28server%29s.]
16:57:10     INFO - PROCESS | 2832 | --DOMWINDOW == 50 (000000DAE4482800) [pid = 2832] [serial = 131] [outer = 0000000000000000] [url = http://web-platform.test:8000/ambient-light/AmbientLightSensor_start.html]
16:57:10     INFO - PROCESS | 2832 | --DOMWINDOW == 49 (000000DAE92A4000) [pid = 2832] [serial = 111] [outer = 0000000000000000] [url = http://web-platform.test:8000/WebCryptoAPI/import_export/symmetric_importKey.worker]
16:57:10     INFO - PROCESS | 2832 | --DOMWINDOW == 48 (000000DAF20DA000) [pid = 2832] [serial = 114] [outer = 0000000000000000] [url = http://web-platform.test:8000/WebCryptoAPI/import_export/test_ec_importKey.html]
16:57:10     INFO - PROCESS | 2832 | --DOMWINDOW == 47 (000000DAE3C9C000) [pid = 2832] [serial = 117] [outer = 0000000000000000] [url = http://web-platform.test:8000/WebCryptoAPI/import_export/test_rsa_importKey.html]
16:57:10     INFO - PROCESS | 2832 | --DOMWINDOW == 46 (000000DAEF067800) [pid = 2832] [serial = 123] [outer = 0000000000000000] [url = http://web-platform.test:8000/ambient-light/AmbientLightSensor_browsing_context.html]
16:57:10     INFO - PROCESS | 2832 | --DOMWINDOW == 45 (000000DAFB6C2800) [pid = 2832] [serial = 128] [outer = 0000000000000000] [url = http://web-platform.test:8000/ambient-light/AmbientLightSensor_onstatechange.html]
16:57:10     INFO - PROCESS | 2832 | --DOMWINDOW == 44 (000000DAFB6AA800) [pid = 2832] [serial = 126] [outer = 0000000000000000] [url = http://web-platform.test:8000/ambient-light/support-iframe.html]
16:57:10     INFO - PROCESS | 2832 | --DOMWINDOW == 43 (000000DAE4BDB800) [pid = 2832] [serial = 120] [outer = 0000000000000000] [url = http://web-platform.test:8000/WebCryptoAPI/import_export/test_symmetric_importKey.html]
16:57:16     INFO - PROCESS | 2832 | --DOCSHELL 000000DAFB6C2000 == 16 [pid = 2832] [id = 44]
16:57:16     INFO - PROCESS | 2832 | --DOCSHELL 000000DAE447D800 == 15 [pid = 2832] [id = 45]
16:57:16     INFO - PROCESS | 2832 | --DOCSHELL 000000DAEF063800 == 14 [pid = 2832] [id = 42]
16:57:16     INFO - PROCESS | 2832 | --DOCSHELL 000000DAE3FD0800 == 13 [pid = 2832] [id = 40]
16:57:16     INFO - PROCESS | 2832 | --DOCSHELL 000000DAE4BDA000 == 12 [pid = 2832] [id = 41]
16:57:16     INFO - PROCESS | 2832 | --DOCSHELL 000000DAF40A4800 == 11 [pid = 2832] [id = 48]
16:57:16     INFO - PROCESS | 2832 | --DOCSHELL 000000DAE447F800 == 10 [pid = 2832] [id = 47]
16:57:16     INFO - PROCESS | 2832 | --DOCSHELL 000000DAF9DEF000 == 9 [pid = 2832] [id = 46]
16:57:16     INFO - PROCESS | 2832 | --DOMWINDOW == 42 (000000DAF9DC3800) [pid = 2832] [serial = 127] [outer = 0000000000000000] [url = http://web-platform.test:8000/ambient-light/support-iframe.html]
16:57:16     INFO - PROCESS | 2832 | --DOMWINDOW == 41 (000000DAE92F4000) [pid = 2832] [serial = 119] [outer = 0000000000000000] [url = about:blank]
16:57:16     INFO - PROCESS | 2832 | --DOMWINDOW == 40 (000000DAE3FD9800) [pid = 2832] [serial = 118] [outer = 0000000000000000] [url = about:blank]
16:57:16     INFO - PROCESS | 2832 | --DOMWINDOW == 39 (000000DAF0CC2000) [pid = 2832] [serial = 122] [outer = 0000000000000000] [url = about:blank]
16:57:16     INFO - PROCESS | 2832 | --DOMWINDOW == 38 (000000DAE5592800) [pid = 2832] [serial = 121] [outer = 0000000000000000] [url = about:blank]
16:57:16     INFO - PROCESS | 2832 | --DOMWINDOW == 37 (000000DAF9DC9800) [pid = 2832] [serial = 125] [outer = 0000000000000000] [url = about:blank]
16:57:16     INFO - PROCESS | 2832 | --DOMWINDOW == 36 (000000DAEF072800) [pid = 2832] [serial = 124] [outer = 0000000000000000] [url = about:blank]
16:57:16     INFO - PROCESS | 2832 | --DOMWINDOW == 35 (000000DAF7EAA000) [pid = 2832] [serial = 130] [outer = 0000000000000000] [url = about:blank]
16:57:16     INFO - PROCESS | 2832 | --DOMWINDOW == 34 (000000DAFB6C6800) [pid = 2832] [serial = 129] [outer = 0000000000000000] [url = about:blank]
16:57:16     INFO - PROCESS | 2832 | --DOMWINDOW == 33 (000000DAF9DD7800) [pid = 2832] [serial = 133] [outer = 0000000000000000] [url = about:blank]
16:57:16     INFO - PROCESS | 2832 | --DOMWINDOW == 32 (000000DAE4489800) [pid = 2832] [serial = 132] [outer = 0000000000000000] [url = about:blank]
16:57:16     INFO - PROCESS | 2832 | --DOMWINDOW == 31 (000000DAF3D71000) [pid = 2832] [serial = 115] [outer = 0000000000000000] [url = about:blank]
16:57:16     INFO - PROCESS | 2832 | --DOMWINDOW == 30 (000000DAF4C79800) [pid = 2832] [serial = 116] [outer = 0000000000000000] [url = about:blank]
16:57:16     INFO - PROCESS | 2832 | --DOMWINDOW == 29 (000000DAE95D0000) [pid = 2832] [serial = 112] [outer = 0000000000000000] [url = about:blank]
16:57:16     INFO - PROCESS | 2832 | --DOMWINDOW == 28 (000000DAEA8B3800) [pid = 2832] [serial = 113] [outer = 0000000000000000] [url = about:blank]
16:57:16     INFO - PROCESS | 2832 | --DOMWINDOW == 27 (000000DAE2373800) [pid = 2832] [serial = 135] [outer = 0000000000000000] [url = about:blank]
16:57:18     INFO - PROCESS | 2832 | --DOMWINDOW == 26 (000000DAF40A6000) [pid = 2832] [serial = 140] [outer = 0000000000000000] [url = http://web-platform.test:8000/ambient-light/idlharness.html]
16:57:18     INFO - PROCESS | 2832 | --DOMWINDOW == 25 (000000DAE4483000) [pid = 2832] [serial = 137] [outer = 0000000000000000] [url = http://web-platform.test:8000/ambient-light/AmbientLightSensor_tests.html]
16:57:18     INFO - PROCESS | 2832 | --DOMWINDOW == 24 (000000DAF9DEF800) [pid = 2832] [serial = 134] [outer = 0000000000000000] [url = http://web-platform.test:8000/ambient-light/AmbientLightSensor_stop.html]
16:57:23     INFO - PROCESS | 2832 | --DOMWINDOW == 23 (000000DAEF050000) [pid = 2832] [serial = 139] [outer = 0000000000000000] [url = about:blank]
16:57:23     INFO - PROCESS | 2832 | --DOMWINDOW == 22 (000000DAE4495800) [pid = 2832] [serial = 138] [outer = 0000000000000000] [url = about:blank]
16:57:23     INFO - PROCESS | 2832 | --DOMWINDOW == 21 (000000DAF9DBC800) [pid = 2832] [serial = 142] [outer = 0000000000000000] [url = about:blank]
16:57:23     INFO - PROCESS | 2832 | --DOMWINDOW == 20 (000000DAF4CDC800) [pid = 2832] [serial = 141] [outer = 0000000000000000] [url = about:blank]
16:57:23     INFO - PROCESS | 2832 | --DOMWINDOW == 19 (000000DAFBA94000) [pid = 2832] [serial = 144] [outer = 0000000000000000] [url = about:blank]
16:57:23     INFO - PROCESS | 2832 | --DOMWINDOW == 18 (000000DAE2384000) [pid = 2832] [serial = 136] [outer = 0000000000000000] [url = about:blank]

command interrupted, attempting to kill
program finished with exit code 1
elapsedTime=346.532000
The web-page 'stop build' button was pressed by 'rvandermeulen@mozilla.com': Cancelled via self-serve
========= master_lag: 0.09 =========
========= Finished 'c:/mozilla-build/python27/python -u ...' interrupted (results: 4, elapsed: 5 mins, 46 secs) (at 2018-06-08 16:57:36.226988) =========

========= Started set props: build_url symbols_url (results: 0, elapsed: 0 secs) (at 2018-06-08 16:57:36.227816) =========
'cmd' '/C' 'for' '%f' 'in' '(*)' 'do' '@type' '%f'
 in dir C:\slave\test\properties (timeout 1200 secs)
 watching logfiles {}
 argv: ['cmd', '/C', 'for', '%f', 'in', '(*)', 'do', '@type', '%f']
 environment:
  ALLUSERSPROFILE=C:\ProgramData
  APPDATA=C:\Users\cltbld.T-W864-IX-038.001\AppData\Roaming
  COMMONPROGRAMFILES=C:\Program Files (x86)\Common Files
  COMMONPROGRAMFILES(X86)=C:\Program Files (x86)\Common Files
  COMMONPROGRAMW6432=C:\Program Files\Common Files
  COMPUTERNAME=T-W864-IX-038
  COMSPEC=C:\windows\system32\cmd.exe
  DCLOCATION=SCL3
  DNSSUFFIX=wintest.releng.scl3.mozilla.com
  FP_NO_HOST_CHECK=NO
  HOMEDRIVE=C:
  HOMEPATH=\Users\cltbld.T-W864-IX-038.001
  KTS_HOME=C:\Program Files\KTS
  KTS_VERSION=1.19c
  LOCALAPPDATA=C:\Users\cltbld.T-W864-IX-038.001\AppData\Local
  LOGONSERVER=\\T-W864-IX-038
  MONDIR=C:\Monitor_config\
  MOZBUILDDIR=C:\mozilla-build\
  NUMBER_OF_PROCESSORS=8
  OS=Windows_NT
  OURDRIVE=C:
  PATH=C:\Program Files (x86)\NVIDIA Corporation\PhysX\Common;C:\windows\system32;C:\windows;C:\windows\System32\Wbem;C:\windows\System32\WindowsPowerShell\v1.0\;C:\mozilla-build\python27;C:\mozilla-build\python27\Scripts;C:\mozilla-build\msys\bin;C:\mozilla-build\vim\vim72;C:\mozilla-build\wget;C:\mozilla-build\info-zip;C:\CoreUtils\bin;C:\mozilla-build\buildbotve\scripts;C:\mozilla-build\hg
  PATHEXT=.COM;.EXE;.BAT;.CMD;.VBS;.VBE;.JS;.JSE;.WSF;.WSH;.MSC
  PROCESSOR_ARCHITECTURE=x86
  PROCESSOR_ARCHITEW6432=AMD64
  PROCESSOR_IDENTIFIER=Intel64 Family 6 Model 30 Stepping 5, GenuineIntel
  PROCESSOR_LEVEL=6
  PROCESSOR_REVISION=1e05
  PROGRAMDATA=C:\ProgramData
  PROGRAMFILES=C:\Program Files (x86)
  PROGRAMFILES(X86)=C:\Program Files (x86)
  PROGRAMW6432=C:\Program Files
  PROMPT=$P$G
  PSMODULEPATH=C:\windows\system32\WindowsPowerShell\v1.0\Modules\
  PUBLIC=C:\Users\Public
  PWD=C:\slave\test\properties
  RUNLOGFILE=C:\slave\\runslave.log
  SLAVEDIR=C:\slave\
  SYSTEMDRIVE=C:
  SYSTEMROOT=C:\windows
  TEMP=C:\Users\CLTBLD~1.001\AppData\Local\Temp
  TEST1=testie
  TMP=C:\Users\CLTBLD~1.001\AppData\Local\Temp
  USERDOMAIN=T-W864-IX-038
  USERDOMAIN_ROAMINGPROFILE=T-W864-IX-038
  USERNAME=cltbld
  USERPROFILE=C:\Users\cltbld.T-W864-IX-038.001
  WINDIR=C:\windows
 using PTY: False
build_url:https://queue.taskcluster.net/v1/task/GYm6uScDR968YNKAqw8dYQ/artifacts/public/build/firefox-52.8.2.en-US.win64.zip
symbols_url:https://queue.taskcluster.net/v1/task/GYm6uScDR968YNKAqw8dYQ/artifacts/public/build/firefox-52.8.2.en-US.win64.crashreporter-symbols.zip
program finished with exit code 0
elapsedTime=0.101000
build_url: 'https://queue.taskcluster.net/v1/task/GYm6uScDR968YNKAqw8dYQ/artifacts/public/build/firefox-52.8.2.en-US.win64.zip'
symbols_url: 'https://queue.taskcluster.net/v1/task/GYm6uScDR968YNKAqw8dYQ/artifacts/public/build/firefox-52.8.2.en-US.win64.crashreporter-symbols.zip'
========= master_lag: 0.01 =========
========= Finished set props: build_url symbols_url (results: 0, elapsed: 0 secs) (at 2018-06-08 16:57:36.339834) =========

========= Started 'rm -f ...' (results: 0, elapsed: 0 secs) (at 2018-06-08 16:57:36.340187) =========
'rm' '-f' 'oauth.txt'
 in dir C:\slave\test\. (timeout 1200 secs)
 watching logfiles {}
 argv: ['rm', '-f', 'oauth.txt']
 environment:
  ALLUSERSPROFILE=C:\ProgramData
  APPDATA=C:\Users\cltbld.T-W864-IX-038.001\AppData\Roaming
  COMMONPROGRAMFILES=C:\Program Files (x86)\Common Files
  COMMONPROGRAMFILES(X86)=C:\Program Files (x86)\Common Files
  COMMONPROGRAMW6432=C:\Program Files\Common Files
  COMPUTERNAME=T-W864-IX-038
  COMSPEC=C:\windows\system32\cmd.exe
  DCLOCATION=SCL3
  DNSSUFFIX=wintest.releng.scl3.mozilla.com
  FP_NO_HOST_CHECK=NO
  HOMEDRIVE=C:
  HOMEPATH=\Users\cltbld.T-W864-IX-038.001
  KTS_HOME=C:\Program Files\KTS
  KTS_VERSION=1.19c
  LOCALAPPDATA=C:\Users\cltbld.T-W864-IX-038.001\AppData\Local
  LOGONSERVER=\\T-W864-IX-038
  MONDIR=C:\Monitor_config\
  MOZBUILDDIR=C:\mozilla-build\
  NUMBER_OF_PROCESSORS=8
  OS=Windows_NT
  OURDRIVE=C:
  PATH=C:\Program Files (x86)\NVIDIA Corporation\PhysX\Common;C:\windows\system32;C:\windows;C:\windows\System32\Wbem;C:\windows\System32\WindowsPowerShell\v1.0\;C:\mozilla-build\python27;C:\mozilla-build\python27\Scripts;C:\mozilla-build\msys\bin;C:\mozilla-build\vim\vim72;C:\mozilla-build\wget;C:\mozilla-build\info-zip;C:\CoreUtils\bin;C:\mozilla-build\buildbotve\scripts;C:\mozilla-build\hg
  PATHEXT=.COM;.EXE;.BAT;.CMD;.VBS;.VBE;.JS;.JSE;.WSF;.WSH;.MSC
  PROCESSOR_ARCHITECTURE=x86
  PROCESSOR_ARCHITEW6432=AMD64
  PROCESSOR_IDENTIFIER=Intel64 Family 6 Model 30 Stepping 5, GenuineIntel
  PROCESSOR_LEVEL=6
  PROCESSOR_REVISION=1e05
  PROGRAMDATA=C:\ProgramData
  PROGRAMFILES=C:\Program Files (x86)
  PROGRAMFILES(X86)=C:\Program Files (x86)
  PROGRAMW6432=C:\Program Files
  PROMPT=$P$G
  PSMODULEPATH=C:\windows\system32\WindowsPowerShell\v1.0\Modules\
  PUBLIC=C:\Users\Public
  PWD=C:\slave\test
  RUNLOGFILE=C:\slave\\runslave.log
  SLAVEDIR=C:\slave\
  SYSTEMDRIVE=C:
  SYSTEMROOT=C:\windows
  TEMP=C:\Users\CLTBLD~1.001\AppData\Local\Temp
  TEST1=testie
  TMP=C:\Users\CLTBLD~1.001\AppData\Local\Temp
  USERDOMAIN=T-W864-IX-038
  USERDOMAIN_ROAMINGPROFILE=T-W864-IX-038
  USERNAME=cltbld
  USERPROFILE=C:\Users\cltbld.T-W864-IX-038.001
  WINDIR=C:\windows
 using PTY: False
program finished with exit code 0
elapsedTime=0.101000
========= master_lag: 0.01 =========
========= Finished 'rm -f ...' (results: 0, elapsed: 0 secs) (at 2018-06-08 16:57:36.451550) =========

========= Started reboot slave lost (results: 0, elapsed: 0 secs) (at 2018-06-08 16:57:36.452008) =========

========= Finished reboot slave lost (results: 0, elapsed: 0 secs) (at 2018-06-08 16:57:36.709426) =========

========= Total master_lag: 0.26 =========

