builder: mozilla-esr52_ubuntu32_vm-debug_test-marionette-e10s
slave: tst-linux32-spot-328
starttime: 1528499873.42
results: cancelled (6)
buildid: 20180608150819
builduid: b298b373e93d4f8dbf92436c9ed838a2
revision: cbfdf01aac455e0591471201c96b89dee98190b5

========= Started set props: master (results: 0, elapsed: 0 secs) (at 2018-06-08 16:17:53.425230) =========
master: http://buildbot-master05.bb.releng.usw2.mozilla.com:8201/
========= Finished set props: master (results: 0, elapsed: 0 secs) (at 2018-06-08 16:17:53.425692) =========

========= Started downloading to buildprops.json (results: 0, elapsed: 0 secs) (at 2018-06-08 16:17:53.426126) =========
========= Finished downloading to buildprops.json (results: 0, elapsed: 0 secs) (at 2018-06-08 16:17:53.668281) =========

========= Started 'bash -c ...' (results: 0, elapsed: 0 secs) (at 2018-06-08 16:17:53.668589) =========
bash -c 'wget -Oarchiver_client.py --no-check-certificate --tries=10 --waitretry=3 https://hg.mozilla.org/build/tools/raw-file/default/buildfarm/utils/archiver_client.py'
 in dir /builds/slave/test/. (timeout 1200 secs)
 watching logfiles {}
 argv: ['bash', '-c', 'wget -Oarchiver_client.py --no-check-certificate --tries=10 --waitretry=3 https://hg.mozilla.org/build/tools/raw-file/default/buildfarm/utils/archiver_client.py']
 environment:
  HOME=/home/cltbld
  LANG=en_US.UTF-8
  LOGNAME=cltbld
  MAIL=/var/mail/cltbld
  NODE_PATH=/usr/lib/nodejs:/usr/lib/node_modules:/usr/share/javascript
  PATH=/usr/local/bin:/usr/local/bin:/usr/bin:/bin:/usr/local/games:/usr/games
  PWD=/builds/slave/test
  SHELL=/bin/bash
  SHLVL=1
  TERM=linux
  TMOUT=86400
  USER=cltbld
  XDG_SESSION_COOKIE=5a152710dd62cc268aad214e000002d8-1528499868.778856-1833781773
  _=/tools/buildbot/bin/python
 using PTY: False
--2018-06-08 16:17:53--  https://hg.mozilla.org/build/tools/raw-file/default/buildfarm/utils/archiver_client.py
Resolving hg.mozilla.org (hg.mozilla.org)... 63.245.215.102, 63.245.215.25
Connecting to hg.mozilla.org (hg.mozilla.org)|63.245.215.102|:443... connected.
HTTP request sent, awaiting response... 200 Script output follows
Length: 12179 (12K) [text/x-python]
Saving to: `archiver_client.py'

     0K .......... .                                          100% 4.38M=0.003s

2018-06-08 16:17:54 (4.38 MB/s) - `archiver_client.py' saved [12179/12179]

program finished with exit code 0
elapsedTime=0.492444
========= master_lag: 0.02 =========
========= Finished 'bash -c ...' (results: 0, elapsed: 0 secs) (at 2018-06-08 16:17:54.180258) =========

========= Started 'rm -rf ...' (results: 0, elapsed: 0 secs) (at 2018-06-08 16:17:54.180606) =========
rm -rf scripts properties
 in dir /builds/slave/test/. (timeout 1200 secs)
 watching logfiles {}
 argv: ['rm', '-rf', 'scripts', 'properties']
 environment:
  HOME=/home/cltbld
  LANG=en_US.UTF-8
  LOGNAME=cltbld
  MAIL=/var/mail/cltbld
  NODE_PATH=/usr/lib/nodejs:/usr/lib/node_modules:/usr/share/javascript
  PATH=/usr/local/bin:/usr/local/bin:/usr/bin:/bin:/usr/local/games:/usr/games
  PWD=/builds/slave/test
  SHELL=/bin/bash
  SHLVL=1
  TERM=linux
  TMOUT=86400
  USER=cltbld
  XDG_SESSION_COOKIE=5a152710dd62cc268aad214e000002d8-1528499868.778856-1833781773
  _=/tools/buildbot/bin/python
 using PTY: False
program finished with exit code 0
elapsedTime=0.071166
========= master_lag: 0.17 =========
========= Finished 'rm -rf ...' (results: 0, elapsed: 0 secs) (at 2018-06-08 16:17:54.425831) =========

========= Started 'bash -c ...' (results: 0, elapsed: 2 secs) (at 2018-06-08 16:17:54.426258) =========
bash -c 'python archiver_client.py mozharness --repo releases/mozilla-esr52 --rev cbfdf01aac455e0591471201c96b89dee98190b5 --destination scripts --debug'
 in dir /builds/slave/test/. (timeout 1200 secs)
 watching logfiles {}
 argv: ['bash', '-c', u'python archiver_client.py mozharness --repo releases/mozilla-esr52 --rev cbfdf01aac455e0591471201c96b89dee98190b5 --destination scripts --debug']
 environment:
  HOME=/home/cltbld
  LANG=en_US.UTF-8
  LOGNAME=cltbld
  MAIL=/var/mail/cltbld
  NODE_PATH=/usr/lib/nodejs:/usr/lib/node_modules:/usr/share/javascript
  PATH=/usr/local/bin:/usr/local/bin:/usr/bin:/bin:/usr/local/games:/usr/games
  PWD=/builds/slave/test
  SHELL=/bin/bash
  SHLVL=1
  TERM=linux
  TMOUT=86400
  USER=cltbld
  XDG_SESSION_COOKIE=5a152710dd62cc268aad214e000002d8-1528499868.778856-1833781773
  _=/tools/buildbot/bin/python
 using PTY: False
2018-06-08 16:17:54,663 truncating revision to first 12 chars
2018-06-08 16:17:54,664 Setting DEBUG logging.
2018-06-08 16:17:54,664 attempt 1/10
2018-06-08 16:17:54,665 Getting archive location from https://api.pub.build.mozilla.org/archiver/hgmo/releases/mozilla-esr52/cbfdf01aac45?&preferred_region=us-west-2&suffix=tar.gz&subdir=testing/mozharness
2018-06-08 16:17:56,725 unpacking tar archive at: mozilla-esr52-cbfdf01aac45/testing/mozharness/
program finished with exit code 0
elapsedTime=2.734546
========= master_lag: 0.20 =========
========= Finished 'bash -c ...' (results: 0, elapsed: 2 secs) (at 2018-06-08 16:17:57.359436) =========

========= Started set props: script_repo_revision (results: 0, elapsed: 0 secs) (at 2018-06-08 16:17:57.359784) =========
script_repo_revision: cbfdf01aac455e0591471201c96b89dee98190b5
========= Finished set props: script_repo_revision (results: 0, elapsed: 0 secs) (at 2018-06-08 16:17:57.360182) =========

========= Started downloading to oauth.txt (results: 0, elapsed: 0 secs) (at 2018-06-08 16:17:57.360462) =========
========= Finished downloading to oauth.txt (results: 0, elapsed: 0 secs) (at 2018-06-08 16:17:57.380207) =========

========= Started '/tools/buildbot/bin/python -u ...' interrupted (results: 4, elapsed: 41 mins, 19 secs) (at 2018-06-08 16:17:57.380484) =========
/tools/buildbot/bin/python -u scripts/scripts/marionette.py --cfg marionette/prod_config.py --e10s --blob-upload-branch mozilla-esr52
 in dir /builds/slave/test/. (timeout 1800 secs) (maxTime 7200 secs)
 watching logfiles {}
 argv: ['/tools/buildbot/bin/python', '-u', 'scripts/scripts/marionette.py', '--cfg', 'marionette/prod_config.py', '--e10s', '--blob-upload-branch', 'mozilla-esr52']
 environment:
  CCACHE_DIR=/builds/ccache
  CCACHE_UMASK=002
  DISPLAY=:0
  HOME=/home/cltbld
  LANG=en_US.UTF-8
  LOGNAME=cltbld
  MAIL=/var/mail/cltbld
  MOZ_HIDE_RESULTS_TABLE=1
  MOZ_NODE_PATH=/usr/bin/node
  MOZ_NO_REMOTE=1
  NODE_PATH=/usr/lib/nodejs:/usr/lib/node_modules:/usr/share/javascript
  NO_FAIL_ON_TEST_ERRORS=1
  PATH=/usr/local/bin:/usr/local/bin:/usr/bin:/bin:/usr/local/games:/usr/games
  PROPERTIES_FILE=/builds/slave/test/buildprops.json
  PWD=/builds/slave/test
  SHELL=/bin/bash
  SHLVL=1
  TERM=linux
  TMOUT=86400
  USER=cltbld
  XDG_SESSION_COOKIE=5a152710dd62cc268aad214e000002d8-1528499868.778856-1833781773
  _=/tools/buildbot/bin/python
 using PTY: False
16:17:57     INFO - MultiFileLogger online at 20180608 16:17:57 in /builds/slave/test
16:17:57     INFO - Run as scripts/scripts/marionette.py --cfg marionette/prod_config.py --e10s --blob-upload-branch mozilla-esr52
16:17:57     INFO - Dumping config to /builds/slave/test/logs/localconfig.json.
16:17:57     INFO - {'allow_software_gl_layers': False,
16:17:57     INFO -  'append_to_log': False,
16:17:57     INFO -  'base_work_dir': '/builds/slave/test',
16:17:57     INFO -  'blob_upload_branch': 'mozilla-esr52',
16:17:57     INFO -  'blob_uploader_auth_file': '/builds/slave/test/oauth.txt',
16:17:57     INFO -  'buildbot_json_path': 'buildprops.json',
16:17:57     INFO -  'config_files': ('marionette/prod_config.py',),
16:17:57     INFO -  'default_actions': ('clobber',
16:17:57     INFO -                      'read-buildbot-config',
16:17:57     INFO -                      'download-and-extract',
16:17:57     INFO -                      'create-virtualenv',
16:17:57     INFO -                      'install',
16:17:57     INFO -                      'run-tests'),
16:17:57     INFO -  'default_blob_upload_servers': ('https://blobupload.elasticbeanstalk.com',),
16:17:57     INFO -  'download_minidump_stackwalk': True,
16:17:57     INFO -  'download_symbols': 'ondemand',
16:17:57     INFO -  'e10s': True,
16:17:57     INFO -  'exes': {'python': '/tools/buildbot/bin/python',
16:17:57     INFO -           'tooltool.py': '/tools/tooltool.py',
16:17:57     INFO -           'virtualenv': ('/tools/buildbot/bin/python',
16:17:57     INFO -                          '/tools/misc-python/virtualenv.py')},
16:17:57     INFO -  'find_links': ('http://pypi.pvt.build.mozilla.org/pub',
16:17:57     INFO -                 'http://pypi.pub.build.mozilla.org/pub'),
16:17:57     INFO -  'log_level': 'info',
16:17:57     INFO -  'log_to_console': True,
16:17:57     INFO -  'marionette_address': 'localhost:2828',
16:17:57     INFO -  'opt_config_files': (),
16:17:57     INFO -  'pip_index': False,
16:17:57     INFO -  'require_test_zip': True,
16:17:57     INFO -  'structured_output': True,
16:17:57     INFO -  'suite_definitions': {'marionette_desktop': {'options': ('--log-raw=%(raw_log_file)s',
16:17:57     INFO -                                                           '--log-errorsummary=%(error_summary_file)s',
16:17:57     INFO -                                                           '--log-html=%(html_report_file)s',
16:17:57     INFO -                                                           '--binary=%(binary)s',
16:17:57     INFO -                                                           '--address=%(address)s',
16:17:57     INFO -                                                           '--symbols-path=%(symbols_path)s'),
16:17:57     INFO -                                               'run_filename': '',
16:17:57     INFO -                                               'testsdir': ''}},
16:17:57     INFO -  'test_manifest': 'unit-tests.ini',
16:17:57     INFO -  'tooltool_cache': '/builds/tooltool_cache',
16:17:57     INFO -  'vcs_share_base': '/builds/hg-shared',
16:17:57     INFO -  'virtualenv_path': 'venv',
16:17:57     INFO -  'volatile_config': {'actions': None, 'add_actions': None, 'no_actions': None},
16:17:57     INFO -  'work_dir': 'build'}
16:17:57     INFO - [mozharness: 2018-06-08 23:17:57.845044Z] Running clobber step.
16:17:57     INFO - Running pre-action listener: _resource_record_pre_action
16:17:57     INFO - Running main action method: clobber
16:17:57     INFO - rmtree: /builds/slave/test/build
16:17:57     INFO - Running post-action listener: _resource_record_post_action
16:17:57     INFO - [mozharness: 2018-06-08 23:17:57.883925Z] Finished clobber step (success)
16:17:57     INFO - [mozharness: 2018-06-08 23:17:57.884695Z] Running read-buildbot-config step.
16:17:57     INFO - Running pre-action listener: _resource_record_pre_action
16:17:57     INFO - Running main action method: read_buildbot_config
16:17:57     INFO - Using buildbot properties:
16:17:57     INFO - {
16:17:57     INFO -     "project": "", 
16:17:57     INFO -     "product": "firefox", 
16:17:57     INFO -     "script_repo_revision": "production", 
16:17:57     INFO -     "scheduler": "tests-mozilla-esr52-ubuntu32_vm-debug-unittest", 
16:17:57     INFO -     "repository": "", 
16:17:57     INFO -     "buildername": "Ubuntu VM 12.04 mozilla-esr52 debug test marionette-e10s", 
16:17:57     INFO -     "buildid": "20180608150819", 
16:17:57     INFO -     "pgo_build": "False", 
16:17:57     INFO -     "basedir": "/builds/slave/test", 
16:17:57     INFO -     "buildnumber": 11, 
16:17:57     INFO -     "slavename": "tst-linux32-spot-328", 
16:17:57     INFO -     "revision": "cbfdf01aac455e0591471201c96b89dee98190b5", 
16:17:57     INFO -     "master": "http://buildbot-master05.bb.releng.usw2.mozilla.com:8201/", 
16:17:57     INFO -     "platform": "linux", 
16:17:57     INFO -     "branch": "mozilla-esr52", 
16:17:57     INFO -     "repo_path": "releases/mozilla-esr52", 
16:17:57     INFO -     "moz_repo_path": "", 
16:17:57     INFO -     "stage_platform": "linux", 
16:17:57     INFO -     "builduid": "b298b373e93d4f8dbf92436c9ed838a2", 
16:17:57     INFO -     "slavebuilddir": "test"
16:17:57     INFO - }
16:17:57     INFO - Found installer url https://queue.taskcluster.net/v1/task/bv_xmMnhRbGfcnUpn7xASQ/artifacts/public/build/firefox-52.8.2.en-US.linux-i686.tar.bz2.
16:17:57     INFO - Found a test packages url https://queue.taskcluster.net/v1/task/bv_xmMnhRbGfcnUpn7xASQ/artifacts/public/build/firefox-52.8.2.en-US.linux-i686.test_packages.json.
16:17:57     INFO - Running post-action listener: _resource_record_post_action
16:17:57     INFO - [mozharness: 2018-06-08 23:17:57.905018Z] Finished read-buildbot-config step (success)
16:17:57     INFO - [mozharness: 2018-06-08 23:17:57.905788Z] Skipping pull step.
16:17:57     INFO - [mozharness: 2018-06-08 23:17:57.906368Z] Running download-and-extract step.
16:17:57     INFO - Running pre-action listener: _resource_record_pre_action
16:17:57     INFO - Running main action method: download_and_extract
16:17:57     INFO - mkdir: /builds/slave/test/build/tests
16:17:57     INFO - Downloading https://queue.taskcluster.net/v1/task/bv_xmMnhRbGfcnUpn7xASQ/artifacts/public/build/firefox-52.8.2.en-US.linux-i686.test_packages.json to /builds/slave/test/build/firefox-52.8.2.en-US.linux-i686.test_packages.json
16:17:57     INFO - retry: Calling _download_file with args: (), kwargs: {'url': 'https://queue.taskcluster.net/v1/task/bv_xmMnhRbGfcnUpn7xASQ/artifacts/public/build/firefox-52.8.2.en-US.linux-i686.test_packages.json', 'file_name': '/builds/slave/test/build/firefox-52.8.2.en-US.linux-i686.test_packages.json'}, attempt #1
16:17:59     INFO - Downloaded 1325 bytes.
16:17:59     INFO - Reading from file /builds/slave/test/build/firefox-52.8.2.en-US.linux-i686.test_packages.json
16:17:59     INFO - Using the following test package requirements:
16:17:59     INFO - {u'common': [u'firefox-52.8.2.en-US.linux-i686.common.tests.zip'],
16:17:59     INFO -  u'cppunittest': [u'firefox-52.8.2.en-US.linux-i686.common.tests.zip',
16:17:59     INFO -                   u'firefox-52.8.2.en-US.linux-i686.cppunittest.tests.zip'],
16:17:59     INFO -  u'gtest': [u'firefox-52.8.2.en-US.linux-i686.common.tests.zip',
16:17:59     INFO -             u'firefox-52.8.2.en-US.linux-i686.gtest.tests.zip'],
16:17:59     INFO -  u'jittest': [u'firefox-52.8.2.en-US.linux-i686.common.tests.zip',
16:17:59     INFO -               u'jsshell-linux-i686.zip'],
16:17:59     INFO -  u'mochitest': [u'firefox-52.8.2.en-US.linux-i686.common.tests.zip',
16:17:59     INFO -                 u'firefox-52.8.2.en-US.linux-i686.mochitest.tests.zip'],
16:17:59     INFO -  u'mozbase': [u'firefox-52.8.2.en-US.linux-i686.common.tests.zip'],
16:17:59     INFO -  u'reftest': [u'firefox-52.8.2.en-US.linux-i686.common.tests.zip',
16:17:59     INFO -               u'firefox-52.8.2.en-US.linux-i686.reftest.tests.zip'],
16:17:59     INFO -  u'talos': [u'firefox-52.8.2.en-US.linux-i686.common.tests.zip',
16:17:59     INFO -             u'firefox-52.8.2.en-US.linux-i686.talos.tests.zip'],
16:17:59     INFO -  u'web-platform': [u'firefox-52.8.2.en-US.linux-i686.common.tests.zip',
16:17:59     INFO -                    u'firefox-52.8.2.en-US.linux-i686.web-platform.tests.zip'],
16:17:59     INFO -  u'xpcshell': [u'firefox-52.8.2.en-US.linux-i686.common.tests.zip',
16:17:59     INFO -                u'firefox-52.8.2.en-US.linux-i686.xpcshell.tests.zip']}
16:17:59     INFO - Downloading packages: [u'firefox-52.8.2.en-US.linux-i686.common.tests.zip'] for test suite category: common
16:17:59     INFO - Downloading and extracting to /builds/slave/test/build/tests these dirs * from https://queue.taskcluster.net/v1/task/bv_xmMnhRbGfcnUpn7xASQ/artifacts/public/build/firefox-52.8.2.en-US.linux-i686.common.tests.zip
16:17:59     INFO - retry: Calling fetch_url_into_memory with args: (), kwargs: {'url': u'https://queue.taskcluster.net/v1/task/bv_xmMnhRbGfcnUpn7xASQ/artifacts/public/build/firefox-52.8.2.en-US.linux-i686.common.tests.zip'}, attempt #1
16:17:59     INFO - Fetch https://queue.taskcluster.net/v1/task/bv_xmMnhRbGfcnUpn7xASQ/artifacts/public/build/firefox-52.8.2.en-US.linux-i686.common.tests.zip into memory
16:18:01     INFO - Http code: 200
16:18:01     INFO - via: 1.1 95da1452a75435200220a7075ca3893f.cloudfront.net (CloudFront)
16:18:01     INFO - x-amz-cf-id: J35qOuHGj2Mnx0C1scKDMIccMcI5HsT-cR8zaxFtneOIX8l5qHQCHw==
16:18:01     INFO - x-amz-version-id: HSN83KiMGL5ENJpdrwJpXo7KsX._WeFg
16:18:05     INFO - Expected file size: 20792478
16:18:05     INFO - Obtained file size: 20792478
16:18:22     INFO - Downloading https://queue.taskcluster.net/v1/task/bv_xmMnhRbGfcnUpn7xASQ/artifacts/public/build/firefox-52.8.2.en-US.linux-i686.tar.bz2 to /builds/slave/test/build/firefox-52.8.2.en-US.linux-i686.tar.bz2
16:18:22     INFO - retry: Calling _download_file with args: (), kwargs: {'url': 'https://queue.taskcluster.net/v1/task/bv_xmMnhRbGfcnUpn7xASQ/artifacts/public/build/firefox-52.8.2.en-US.linux-i686.tar.bz2', 'file_name': '/builds/slave/test/build/firefox-52.8.2.en-US.linux-i686.tar.bz2'}, attempt #1
16:18:34     INFO - Downloaded 71250696 bytes.
16:18:34     INFO - Setting buildbot property build_url to https://queue.taskcluster.net/v1/task/bv_xmMnhRbGfcnUpn7xASQ/artifacts/public/build/firefox-52.8.2.en-US.linux-i686.tar.bz2
16:18:34     INFO - mkdir: /builds/slave/test/properties
16:18:34     INFO - Writing buildbot properties ['build_url'] to /builds/slave/test/properties/build_url
16:18:34     INFO - Writing to file /builds/slave/test/properties/build_url
16:18:34     INFO - Contents:
16:18:34     INFO -  build_url:https://queue.taskcluster.net/v1/task/bv_xmMnhRbGfcnUpn7xASQ/artifacts/public/build/firefox-52.8.2.en-US.linux-i686.tar.bz2
16:18:35     INFO - Running post-action listener: _resource_record_post_action
16:18:35     INFO - Running post-action listener: set_extra_try_arguments
16:18:35     INFO - [mozharness: 2018-06-08 23:18:35.433752Z] Finished download-and-extract step (success)
16:18:35     INFO - [mozharness: 2018-06-08 23:18:35.434382Z] Running create-virtualenv step.
16:18:35     INFO - Running pre-action listener: _configure_marionette_virtualenv
16:18:35     INFO - Running pre-action listener: _resource_record_pre_action
16:18:35     INFO - Running main action method: create_virtualenv
16:18:35     INFO - Creating virtualenv /builds/slave/test/build/venv
16:18:35     INFO - Running command: ['/tools/buildbot/bin/python', '/builds/slave/test/scripts/external_tools/virtualenv/virtualenv.py', '--always-copy', '/builds/slave/test/build/venv'] in /builds/slave/test/build
16:18:35     INFO - Copy/paste: /tools/buildbot/bin/python /builds/slave/test/scripts/external_tools/virtualenv/virtualenv.py --always-copy /builds/slave/test/build/venv
16:18:35     INFO - Using partial env: {'VIRTUALENV_NO_DOWNLOAD': '1'}
16:18:41     INFO -  Using real prefix '/usr'
16:18:41     INFO -  New python executable in /builds/slave/test/build/venv/bin/python
16:18:45     INFO -  Installing setuptools, pip, wheel...done.
16:18:45     INFO - Return code: 0
16:18:45     INFO - Installing psutil>=3.1.1 into virtualenv /builds/slave/test/build/venv
16:18:45     INFO - retry: Calling run_command with args: [['/builds/slave/test/build/venv/bin/pip', 'install', '--timeout', '120', '--no-index', '--find-links', 'http://pypi.pvt.build.mozilla.org/pub', '--find-links', 'http://pypi.pub.build.mozilla.org/pub', '--trusted-host', 'pypi.pub.build.mozilla.org', '--trusted-host', 'pypi.pvt.build.mozilla.org', 'psutil>=3.1.1']], kwargs: {'error_level': 'warning', 'error_list': [{'substr': 'not found or a compiler error:', 'level': 'warning'}, {'regex': <_sre.SRE_Pattern object at 0xb7312528>, 'level': 'error'}, {'regex': <_sre.SRE_Pattern object at 0xb72edb10>, 'level': 'warning'}, {'regex': <_sre.SRE_Pattern object at 0x9b3bcd0>, 'level': 'debug'}, {'substr': 'command not found', 'level': 'error'}, {'regex': <_sre.SRE_Pattern object at 0x9b22600>, 'level': 'warning'}, {'substr': 'Traceback (most recent call last)', 'level': 'error'}, {'substr': 'SyntaxError: ', 'level': 'error'}, {'substr': 'TypeError: ', 'level': 'error'}, {'substr': 'NameError: ', 'level': 'error'}, {'substr': 'ZeroDivisionError: ', 'level': 'error'}, {'regex': <_sre.SRE_Pattern object at 0x9b363c8>, 'level': 'critical'}, {'regex': <_sre.SRE_Pattern object at 0x9b35bf8>, 'level': 'critical'}], 'cwd': '/builds/slave/test/build', 'env': {'TMOUT': '86400', 'LOGNAME': 'cltbld', 'USER': 'cltbld', 'HOME': '/home/cltbld', 'PATH': '/usr/local/bin:/usr/local/bin:/usr/bin:/bin:/usr/local/games:/usr/games', 'DISPLAY': ':0', 'CCACHE_UMASK': '002', 'LANG': 'en_US.UTF-8', 'TERM': 'linux', 'SHELL': '/bin/bash', 'MOZ_NODE_PATH': '/usr/bin/node', 'XDG_SESSION_COOKIE': '5a152710dd62cc268aad214e000002d8-1528499868.778856-1833781773', 'SHLVL': '1', 'NO_FAIL_ON_TEST_ERRORS': '1', 'MOZ_NO_REMOTE': '1', 'MOZ_HIDE_RESULTS_TABLE': '1', 'MAIL': '/var/mail/cltbld', '_': '/tools/buildbot/bin/python', 'NODE_PATH': '/usr/lib/nodejs:/usr/lib/node_modules:/usr/share/javascript', 'PWD': '/builds/slave/test', 'PROPERTIES_FILE': '/builds/slave/test/buildprops.json', 'CCACHE_DIR': '/builds/ccache'}}, attempt #1
16:18:45     INFO - Running command: ['/builds/slave/test/build/venv/bin/pip', 'install', '--timeout', '120', '--no-index', '--find-links', 'http://pypi.pvt.build.mozilla.org/pub', '--find-links', 'http://pypi.pub.build.mozilla.org/pub', '--trusted-host', 'pypi.pub.build.mozilla.org', '--trusted-host', 'pypi.pvt.build.mozilla.org', 'psutil>=3.1.1'] in /builds/slave/test/build
16:18:45     INFO - Copy/paste: /builds/slave/test/build/venv/bin/pip install --timeout 120 --no-index --find-links http://pypi.pvt.build.mozilla.org/pub --find-links http://pypi.pub.build.mozilla.org/pub --trusted-host pypi.pub.build.mozilla.org --trusted-host pypi.pvt.build.mozilla.org psutil>=3.1.1
16:18:45     INFO - Using env: {'CCACHE_DIR': '/builds/ccache',
16:18:45     INFO -  'CCACHE_UMASK': '002',
16:18:45     INFO -  'DISPLAY': ':0',
16:18:45     INFO -  'HOME': '/home/cltbld',
16:18:45     INFO -  'LANG': 'en_US.UTF-8',
16:18:45     INFO -  'LOGNAME': 'cltbld',
16:18:45     INFO -  'MAIL': '/var/mail/cltbld',
16:18:45     INFO -  'MOZ_HIDE_RESULTS_TABLE': '1',
16:18:45     INFO -  'MOZ_NODE_PATH': '/usr/bin/node',
16:18:45     INFO -  'MOZ_NO_REMOTE': '1',
16:18:45     INFO -  'NODE_PATH': '/usr/lib/nodejs:/usr/lib/node_modules:/usr/share/javascript',
16:18:45     INFO -  'NO_FAIL_ON_TEST_ERRORS': '1',
16:18:45     INFO -  'PATH': '/usr/local/bin:/usr/local/bin:/usr/bin:/bin:/usr/local/games:/usr/games',
16:18:45     INFO -  'PROPERTIES_FILE': '/builds/slave/test/buildprops.json',
16:18:45     INFO -  'PWD': '/builds/slave/test',
16:18:45     INFO -  'SHELL': '/bin/bash',
16:18:45     INFO -  'SHLVL': '1',
16:18:45     INFO -  'TERM': 'linux',
16:18:45     INFO -  'TMOUT': '86400',
16:18:45     INFO -  'USER': 'cltbld',
16:18:45     INFO -  'XDG_SESSION_COOKIE': '5a152710dd62cc268aad214e000002d8-1528499868.778856-1833781773',
16:18:45     INFO -  '_': '/tools/buildbot/bin/python'}
16:18:47     INFO -  Ignoring indexes: https://pypi.python.org/simple
16:18:47     INFO -  Collecting psutil>=3.1.1
16:18:47     INFO -  /builds/slave/test/build/venv/lib/python2.7/site-packages/pip/_vendor/requests/packages/urllib3/util/ssl_.py:318: SNIMissingWarning: An HTTPS request has been made, but the SNI (Subject Name Indication) extension to TLS is not available on this platform. This may cause the server to present an incorrect TLS certificate, which can cause validation failures. You can upgrade to a newer version of Python to solve this. For more information, see https://urllib3.readthedocs.org/en/latest/security.html#snimissingwarning.
16:18:47     INFO -    SNIMissingWarning
16:18:47     INFO -  /builds/slave/test/build/venv/lib/python2.7/site-packages/pip/_vendor/requests/packages/urllib3/util/ssl_.py:122: InsecurePlatformWarning: A true SSLContext object is not available. This prevents urllib3 from configuring SSL appropriately and may cause certain SSL connections to fail. You can upgrade to a newer version of Python to solve this. For more information, see https://urllib3.readthedocs.org/en/latest/security.html#insecureplatformwarning.
16:18:47     INFO -    InsecurePlatformWarning
16:18:48     INFO -  /builds/slave/test/build/venv/lib/python2.7/site-packages/pip/_vendor/requests/packages/urllib3/util/ssl_.py:122: InsecurePlatformWarning: A true SSLContext object is not available. This prevents urllib3 from configuring SSL appropriately and may cause certain SSL connections to fail. You can upgrade to a newer version of Python to solve this. For more information, see https://urllib3.readthedocs.org/en/latest/security.html#insecureplatformwarning.
16:18:48     INFO -    InsecurePlatformWarning
16:18:52     INFO -    Downloading https://pypi.pvt.build.mozilla.org/pub/psutil-5.4.3.tar.gz (412kB)
16:18:54     INFO -  Building wheels for collected packages: psutil
16:18:54     INFO -    Running setup.py bdist_wheel for psutil: started
16:18:59     INFO -    Running setup.py bdist_wheel for psutil: finished with status 'done'
16:18:59     INFO -    Stored in directory: /home/cltbld/.cache/pip/wheels/30/c0/c3/5cdb2b64c0d47a81af9c62935a64d83948d2c2b3e7af3eeee2
16:18:59     INFO -  Successfully built psutil
16:18:59     INFO -  Installing collected packages: psutil
16:18:59     INFO -  Successfully installed psutil-5.4.3
16:19:00     INFO - Return code: 0
16:19:00     INFO - Installing mozsystemmonitor==0.3 into virtualenv /builds/slave/test/build/venv
16:19:00     INFO - retry: Calling run_command with args: [['/builds/slave/test/build/venv/bin/pip', 'install', '--timeout', '120', '--no-index', '--find-links', 'http://pypi.pvt.build.mozilla.org/pub', '--find-links', 'http://pypi.pub.build.mozilla.org/pub', '--trusted-host', 'pypi.pub.build.mozilla.org', '--trusted-host', 'pypi.pvt.build.mozilla.org', 'mozsystemmonitor==0.3']], kwargs: {'error_level': 'warning', 'error_list': [{'substr': 'not found or a compiler error:', 'level': 'warning'}, {'regex': <_sre.SRE_Pattern object at 0xb7312528>, 'level': 'error'}, {'regex': <_sre.SRE_Pattern object at 0xb72edb10>, 'level': 'warning'}, {'regex': <_sre.SRE_Pattern object at 0x9b3bcd0>, 'level': 'debug'}, {'substr': 'command not found', 'level': 'error'}, {'regex': <_sre.SRE_Pattern object at 0x9b22600>, 'level': 'warning'}, {'substr': 'Traceback (most recent call last)', 'level': 'error'}, {'substr': 'SyntaxError: ', 'level': 'error'}, {'substr': 'TypeError: ', 'level': 'error'}, {'substr': 'NameError: ', 'level': 'error'}, {'substr': 'ZeroDivisionError: ', 'level': 'error'}, {'regex': <_sre.SRE_Pattern object at 0x9b363c8>, 'level': 'critical'}, {'regex': <_sre.SRE_Pattern object at 0x9b35bf8>, 'level': 'critical'}], 'cwd': '/builds/slave/test/build', 'env': {'TMOUT': '86400', 'LOGNAME': 'cltbld', 'USER': 'cltbld', 'HOME': '/home/cltbld', 'PATH': '/usr/local/bin:/usr/local/bin:/usr/bin:/bin:/usr/local/games:/usr/games', 'DISPLAY': ':0', 'CCACHE_UMASK': '002', 'LANG': 'en_US.UTF-8', 'TERM': 'linux', 'SHELL': '/bin/bash', 'MOZ_NODE_PATH': '/usr/bin/node', 'XDG_SESSION_COOKIE': '5a152710dd62cc268aad214e000002d8-1528499868.778856-1833781773', 'SHLVL': '1', 'NO_FAIL_ON_TEST_ERRORS': '1', 'MOZ_NO_REMOTE': '1', 'MOZ_HIDE_RESULTS_TABLE': '1', 'MAIL': '/var/mail/cltbld', '_': '/tools/buildbot/bin/python', 'NODE_PATH': '/usr/lib/nodejs:/usr/lib/node_modules:/usr/share/javascript', 'PWD': '/builds/slave/test', 'PROPERTIES_FILE': '/builds/slave/test/buildprops.json', 'CCACHE_DIR': '/builds/ccache'}}, attempt #1
16:19:00     INFO - Running command: ['/builds/slave/test/build/venv/bin/pip', 'install', '--timeout', '120', '--no-index', '--find-links', 'http://pypi.pvt.build.mozilla.org/pub', '--find-links', 'http://pypi.pub.build.mozilla.org/pub', '--trusted-host', 'pypi.pub.build.mozilla.org', '--trusted-host', 'pypi.pvt.build.mozilla.org', 'mozsystemmonitor==0.3'] in /builds/slave/test/build
16:19:00     INFO - Copy/paste: /builds/slave/test/build/venv/bin/pip install --timeout 120 --no-index --find-links http://pypi.pvt.build.mozilla.org/pub --find-links http://pypi.pub.build.mozilla.org/pub --trusted-host pypi.pub.build.mozilla.org --trusted-host pypi.pvt.build.mozilla.org mozsystemmonitor==0.3
16:19:00     INFO - Using env: {'CCACHE_DIR': '/builds/ccache',
16:19:00     INFO -  'CCACHE_UMASK': '002',
16:19:00     INFO -  'DISPLAY': ':0',
16:19:00     INFO -  'HOME': '/home/cltbld',
16:19:00     INFO -  'LANG': 'en_US.UTF-8',
16:19:00     INFO -  'LOGNAME': 'cltbld',
16:19:00     INFO -  'MAIL': '/var/mail/cltbld',
16:19:00     INFO -  'MOZ_HIDE_RESULTS_TABLE': '1',
16:19:00     INFO -  'MOZ_NODE_PATH': '/usr/bin/node',
16:19:00     INFO -  'MOZ_NO_REMOTE': '1',
16:19:00     INFO -  'NODE_PATH': '/usr/lib/nodejs:/usr/lib/node_modules:/usr/share/javascript',
16:19:00     INFO -  'NO_FAIL_ON_TEST_ERRORS': '1',
16:19:00     INFO -  'PATH': '/usr/local/bin:/usr/local/bin:/usr/bin:/bin:/usr/local/games:/usr/games',
16:19:00     INFO -  'PROPERTIES_FILE': '/builds/slave/test/buildprops.json',
16:19:00     INFO -  'PWD': '/builds/slave/test',
16:19:00     INFO -  'SHELL': '/bin/bash',
16:19:00     INFO -  'SHLVL': '1',
16:19:00     INFO -  'TERM': 'linux',
16:19:00     INFO -  'TMOUT': '86400',
16:19:00     INFO -  'USER': 'cltbld',
16:19:00     INFO -  'XDG_SESSION_COOKIE': '5a152710dd62cc268aad214e000002d8-1528499868.778856-1833781773',
16:19:00     INFO -  '_': '/tools/buildbot/bin/python'}
16:19:01     INFO -  Ignoring indexes: https://pypi.python.org/simple
16:19:01     INFO -  Collecting mozsystemmonitor==0.3
16:19:01     INFO -  /builds/slave/test/build/venv/lib/python2.7/site-packages/pip/_vendor/requests/packages/urllib3/util/ssl_.py:318: SNIMissingWarning: An HTTPS request has been made, but the SNI (Subject Name Indication) extension to TLS is not available on this platform. This may cause the server to present an incorrect TLS certificate, which can cause validation failures. You can upgrade to a newer version of Python to solve this. For more information, see https://urllib3.readthedocs.org/en/latest/security.html#snimissingwarning.
16:19:01     INFO -    SNIMissingWarning
16:19:01     INFO -  /builds/slave/test/build/venv/lib/python2.7/site-packages/pip/_vendor/requests/packages/urllib3/util/ssl_.py:122: InsecurePlatformWarning: A true SSLContext object is not available. This prevents urllib3 from configuring SSL appropriately and may cause certain SSL connections to fail. You can upgrade to a newer version of Python to solve this. For more information, see https://urllib3.readthedocs.org/en/latest/security.html#insecureplatformwarning.
16:19:01     INFO -    InsecurePlatformWarning
16:19:02     INFO -  /builds/slave/test/build/venv/lib/python2.7/site-packages/pip/_vendor/requests/packages/urllib3/util/ssl_.py:122: InsecurePlatformWarning: A true SSLContext object is not available. This prevents urllib3 from configuring SSL appropriately and may cause certain SSL connections to fail. You can upgrade to a newer version of Python to solve this. For more information, see https://urllib3.readthedocs.org/en/latest/security.html#insecureplatformwarning.
16:19:02     INFO -    InsecurePlatformWarning
16:19:06     INFO -    Downloading https://pypi.pvt.build.mozilla.org/pub/mozsystemmonitor-0.3.tar.gz
16:19:07     INFO -  Requirement already satisfied (use --upgrade to upgrade): psutil>=3.1.1 in ./venv/lib/python2.7/site-packages (from mozsystemmonitor==0.3)
16:19:07     INFO -  Building wheels for collected packages: mozsystemmonitor
16:19:07     INFO -    Running setup.py bdist_wheel for mozsystemmonitor: started
16:19:08     INFO -    Running setup.py bdist_wheel for mozsystemmonitor: finished with status 'done'
16:19:08     INFO -    Stored in directory: /home/cltbld/.cache/pip/wheels/f4/b7/9c/8a88c92aaad7c1d8bbd68513e1d91ad7f62b7465808c516aa8
16:19:08     INFO -  Successfully built mozsystemmonitor
16:19:08     INFO -  Installing collected packages: mozsystemmonitor
16:19:08     INFO -  Successfully installed mozsystemmonitor-0.3
16:19:08     INFO - Return code: 0
16:19:08     INFO - Installing jsonschema==2.5.1 into virtualenv /builds/slave/test/build/venv
16:19:08     INFO - retry: Calling run_command with args: [['/builds/slave/test/build/venv/bin/pip', 'install', '--timeout', '120', '--no-index', '--find-links', 'http://pypi.pvt.build.mozilla.org/pub', '--find-links', 'http://pypi.pub.build.mozilla.org/pub', '--trusted-host', 'pypi.pub.build.mozilla.org', '--trusted-host', 'pypi.pvt.build.mozilla.org', 'jsonschema==2.5.1']], kwargs: {'error_level': 'warning', 'error_list': [{'substr': 'not found or a compiler error:', 'level': 'warning'}, {'regex': <_sre.SRE_Pattern object at 0xb7312528>, 'level': 'error'}, {'regex': <_sre.SRE_Pattern object at 0xb72edb10>, 'level': 'warning'}, {'regex': <_sre.SRE_Pattern object at 0x9b3bcd0>, 'level': 'debug'}, {'substr': 'command not found', 'level': 'error'}, {'regex': <_sre.SRE_Pattern object at 0x9b22600>, 'level': 'warning'}, {'substr': 'Traceback (most recent call last)', 'level': 'error'}, {'substr': 'SyntaxError: ', 'level': 'error'}, {'substr': 'TypeError: ', 'level': 'error'}, {'substr': 'NameError: ', 'level': 'error'}, {'substr': 'ZeroDivisionError: ', 'level': 'error'}, {'regex': <_sre.SRE_Pattern object at 0x9b363c8>, 'level': 'critical'}, {'regex': <_sre.SRE_Pattern object at 0x9b35bf8>, 'level': 'critical'}], 'cwd': '/builds/slave/test/build', 'env': {'TMOUT': '86400', 'LOGNAME': 'cltbld', 'USER': 'cltbld', 'HOME': '/home/cltbld', 'PATH': '/usr/local/bin:/usr/local/bin:/usr/bin:/bin:/usr/local/games:/usr/games', 'DISPLAY': ':0', 'CCACHE_UMASK': '002', 'LANG': 'en_US.UTF-8', 'TERM': 'linux', 'SHELL': '/bin/bash', 'MOZ_NODE_PATH': '/usr/bin/node', 'XDG_SESSION_COOKIE': '5a152710dd62cc268aad214e000002d8-1528499868.778856-1833781773', 'SHLVL': '1', 'NO_FAIL_ON_TEST_ERRORS': '1', 'MOZ_NO_REMOTE': '1', 'MOZ_HIDE_RESULTS_TABLE': '1', 'MAIL': '/var/mail/cltbld', '_': '/tools/buildbot/bin/python', 'NODE_PATH': '/usr/lib/nodejs:/usr/lib/node_modules:/usr/share/javascript', 'PWD': '/builds/slave/test', 'PROPERTIES_FILE': '/builds/slave/test/buildprops.json', 'CCACHE_DIR': '/builds/ccache'}}, attempt #1
16:19:08     INFO - Running command: ['/builds/slave/test/build/venv/bin/pip', 'install', '--timeout', '120', '--no-index', '--find-links', 'http://pypi.pvt.build.mozilla.org/pub', '--find-links', 'http://pypi.pub.build.mozilla.org/pub', '--trusted-host', 'pypi.pub.build.mozilla.org', '--trusted-host', 'pypi.pvt.build.mozilla.org', 'jsonschema==2.5.1'] in /builds/slave/test/build
16:19:08     INFO - Copy/paste: /builds/slave/test/build/venv/bin/pip install --timeout 120 --no-index --find-links http://pypi.pvt.build.mozilla.org/pub --find-links http://pypi.pub.build.mozilla.org/pub --trusted-host pypi.pub.build.mozilla.org --trusted-host pypi.pvt.build.mozilla.org jsonschema==2.5.1
16:19:08     INFO - Using env: {'CCACHE_DIR': '/builds/ccache',
16:19:08     INFO -  'CCACHE_UMASK': '002',
16:19:08     INFO -  'DISPLAY': ':0',
16:19:08     INFO -  'HOME': '/home/cltbld',
16:19:08     INFO -  'LANG': 'en_US.UTF-8',
16:19:08     INFO -  'LOGNAME': 'cltbld',
16:19:08     INFO -  'MAIL': '/var/mail/cltbld',
16:19:08     INFO -  'MOZ_HIDE_RESULTS_TABLE': '1',
16:19:08     INFO -  'MOZ_NODE_PATH': '/usr/bin/node',
16:19:08     INFO -  'MOZ_NO_REMOTE': '1',
16:19:08     INFO -  'NODE_PATH': '/usr/lib/nodejs:/usr/lib/node_modules:/usr/share/javascript',
16:19:08     INFO -  'NO_FAIL_ON_TEST_ERRORS': '1',
16:19:08     INFO -  'PATH': '/usr/local/bin:/usr/local/bin:/usr/bin:/bin:/usr/local/games:/usr/games',
16:19:08     INFO -  'PROPERTIES_FILE': '/builds/slave/test/buildprops.json',
16:19:08     INFO -  'PWD': '/builds/slave/test',
16:19:08     INFO -  'SHELL': '/bin/bash',
16:19:08     INFO -  'SHLVL': '1',
16:19:08     INFO -  'TERM': 'linux',
16:19:08     INFO -  'TMOUT': '86400',
16:19:08     INFO -  'USER': 'cltbld',
16:19:08     INFO -  'XDG_SESSION_COOKIE': '5a152710dd62cc268aad214e000002d8-1528499868.778856-1833781773',
16:19:08     INFO -  '_': '/tools/buildbot/bin/python'}
16:19:09     INFO -  Ignoring indexes: https://pypi.python.org/simple
16:19:10     INFO -  Collecting jsonschema==2.5.1
16:19:10     INFO -  /builds/slave/test/build/venv/lib/python2.7/site-packages/pip/_vendor/requests/packages/urllib3/util/ssl_.py:318: SNIMissingWarning: An HTTPS request has been made, but the SNI (Subject Name Indication) extension to TLS is not available on this platform. This may cause the server to present an incorrect TLS certificate, which can cause validation failures. You can upgrade to a newer version of Python to solve this. For more information, see https://urllib3.readthedocs.org/en/latest/security.html#snimissingwarning.
16:19:10     INFO -    SNIMissingWarning
16:19:10     INFO -  /builds/slave/test/build/venv/lib/python2.7/site-packages/pip/_vendor/requests/packages/urllib3/util/ssl_.py:122: InsecurePlatformWarning: A true SSLContext object is not available. This prevents urllib3 from configuring SSL appropriately and may cause certain SSL connections to fail. You can upgrade to a newer version of Python to solve this. For more information, see https://urllib3.readthedocs.org/en/latest/security.html#insecureplatformwarning.
16:19:10     INFO -    InsecurePlatformWarning
16:19:11     INFO -  /builds/slave/test/build/venv/lib/python2.7/site-packages/pip/_vendor/requests/packages/urllib3/util/ssl_.py:122: InsecurePlatformWarning: A true SSLContext object is not available. This prevents urllib3 from configuring SSL appropriately and may cause certain SSL connections to fail. You can upgrade to a newer version of Python to solve this. For more information, see https://urllib3.readthedocs.org/en/latest/security.html#insecureplatformwarning.
16:19:11     INFO -    InsecurePlatformWarning
16:19:15     INFO -    Downloading https://pypi.pvt.build.mozilla.org/pub/jsonschema-2.5.1-py2.py3-none-any.whl
16:19:15     INFO -  Collecting functools32; python_version == "2.7" (from jsonschema==2.5.1)
16:19:19     INFO -    Downloading https://pypi.pvt.build.mozilla.org/pub/functools32-3.2.3-2.tar.gz
16:19:20     INFO -  Building wheels for collected packages: functools32
16:19:20     INFO -    Running setup.py bdist_wheel for functools32: started
16:19:21     INFO -    Running setup.py bdist_wheel for functools32: finished with status 'done'
16:19:21     INFO -    Stored in directory: /home/cltbld/.cache/pip/wheels/60/8e/5c/cd0944700dbec48e57da97dbe11bcc84b1332f6b43bc89d9b7
16:19:21     INFO -  Successfully built functools32
16:19:21     INFO -  Installing collected packages: functools32, jsonschema
16:19:21     INFO -  Successfully installed functools32-3.2.3.post2 jsonschema-2.5.1
16:19:21     INFO - Return code: 0
16:19:21     INFO - Installing functools32==3.2.3-2 into virtualenv /builds/slave/test/build/venv
16:19:21     INFO - retry: Calling run_command with args: [['/builds/slave/test/build/venv/bin/pip', 'install', '--timeout', '120', '--no-index', '--find-links', 'http://pypi.pvt.build.mozilla.org/pub', '--find-links', 'http://pypi.pub.build.mozilla.org/pub', '--trusted-host', 'pypi.pub.build.mozilla.org', '--trusted-host', 'pypi.pvt.build.mozilla.org', 'functools32==3.2.3-2']], kwargs: {'error_level': 'warning', 'error_list': [{'substr': 'not found or a compiler error:', 'level': 'warning'}, {'regex': <_sre.SRE_Pattern object at 0xb7312528>, 'level': 'error'}, {'regex': <_sre.SRE_Pattern object at 0xb72edb10>, 'level': 'warning'}, {'regex': <_sre.SRE_Pattern object at 0x9b3bcd0>, 'level': 'debug'}, {'substr': 'command not found', 'level': 'error'}, {'regex': <_sre.SRE_Pattern object at 0x9b22600>, 'level': 'warning'}, {'substr': 'Traceback (most recent call last)', 'level': 'error'}, {'substr': 'SyntaxError: ', 'level': 'error'}, {'substr': 'TypeError: ', 'level': 'error'}, {'substr': 'NameError: ', 'level': 'error'}, {'substr': 'ZeroDivisionError: ', 'level': 'error'}, {'regex': <_sre.SRE_Pattern object at 0x9b363c8>, 'level': 'critical'}, {'regex': <_sre.SRE_Pattern object at 0x9b35bf8>, 'level': 'critical'}], 'cwd': '/builds/slave/test/build', 'env': {'TMOUT': '86400', 'LOGNAME': 'cltbld', 'USER': 'cltbld', 'HOME': '/home/cltbld', 'PATH': '/usr/local/bin:/usr/local/bin:/usr/bin:/bin:/usr/local/games:/usr/games', 'DISPLAY': ':0', 'CCACHE_UMASK': '002', 'LANG': 'en_US.UTF-8', 'TERM': 'linux', 'SHELL': '/bin/bash', 'MOZ_NODE_PATH': '/usr/bin/node', 'XDG_SESSION_COOKIE': '5a152710dd62cc268aad214e000002d8-1528499868.778856-1833781773', 'SHLVL': '1', 'NO_FAIL_ON_TEST_ERRORS': '1', 'MOZ_NO_REMOTE': '1', 'MOZ_HIDE_RESULTS_TABLE': '1', 'MAIL': '/var/mail/cltbld', '_': '/tools/buildbot/bin/python', 'NODE_PATH': '/usr/lib/nodejs:/usr/lib/node_modules:/usr/share/javascript', 'PWD': '/builds/slave/test', 'PROPERTIES_FILE': '/builds/slave/test/buildprops.json', 'CCACHE_DIR': '/builds/ccache'}}, attempt #1
16:19:21     INFO - Running command: ['/builds/slave/test/build/venv/bin/pip', 'install', '--timeout', '120', '--no-index', '--find-links', 'http://pypi.pvt.build.mozilla.org/pub', '--find-links', 'http://pypi.pub.build.mozilla.org/pub', '--trusted-host', 'pypi.pub.build.mozilla.org', '--trusted-host', 'pypi.pvt.build.mozilla.org', 'functools32==3.2.3-2'] in /builds/slave/test/build
16:19:22     INFO - Copy/paste: /builds/slave/test/build/venv/bin/pip install --timeout 120 --no-index --find-links http://pypi.pvt.build.mozilla.org/pub --find-links http://pypi.pub.build.mozilla.org/pub --trusted-host pypi.pub.build.mozilla.org --trusted-host pypi.pvt.build.mozilla.org functools32==3.2.3-2
16:19:22     INFO - Using env: {'CCACHE_DIR': '/builds/ccache',
16:19:22     INFO -  'CCACHE_UMASK': '002',
16:19:22     INFO -  'DISPLAY': ':0',
16:19:22     INFO -  'HOME': '/home/cltbld',
16:19:22     INFO -  'LANG': 'en_US.UTF-8',
16:19:22     INFO -  'LOGNAME': 'cltbld',
16:19:22     INFO -  'MAIL': '/var/mail/cltbld',
16:19:22     INFO -  'MOZ_HIDE_RESULTS_TABLE': '1',
16:19:22     INFO -  'MOZ_NODE_PATH': '/usr/bin/node',
16:19:22     INFO -  'MOZ_NO_REMOTE': '1',
16:19:22     INFO -  'NODE_PATH': '/usr/lib/nodejs:/usr/lib/node_modules:/usr/share/javascript',
16:19:22     INFO -  'NO_FAIL_ON_TEST_ERRORS': '1',
16:19:22     INFO -  'PATH': '/usr/local/bin:/usr/local/bin:/usr/bin:/bin:/usr/local/games:/usr/games',
16:19:22     INFO -  'PROPERTIES_FILE': '/builds/slave/test/buildprops.json',
16:19:22     INFO -  'PWD': '/builds/slave/test',
16:19:22     INFO -  'SHELL': '/bin/bash',
16:19:22     INFO -  'SHLVL': '1',
16:19:22     INFO -  'TERM': 'linux',
16:19:22     INFO -  'TMOUT': '86400',
16:19:22     INFO -  'USER': 'cltbld',
16:19:22     INFO -  'XDG_SESSION_COOKIE': '5a152710dd62cc268aad214e000002d8-1528499868.778856-1833781773',
16:19:22     INFO -  '_': '/tools/buildbot/bin/python'}
16:19:23     INFO -  Ignoring indexes: https://pypi.python.org/simple
16:19:23     INFO -  Requirement already satisfied (use --upgrade to upgrade): functools32==3.2.3-2 in ./venv/lib/python2.7/site-packages
16:19:23     INFO - Return code: 0
16:19:23     INFO - Installing blobuploader==1.2.4 into virtualenv /builds/slave/test/build/venv
16:19:23     INFO - retry: Calling run_command with args: [['/builds/slave/test/build/venv/bin/pip', 'install', '--timeout', '120', '--no-index', '--find-links', 'http://pypi.pvt.build.mozilla.org/pub', '--find-links', 'http://pypi.pub.build.mozilla.org/pub', '--trusted-host', 'pypi.pub.build.mozilla.org', '--trusted-host', 'pypi.pvt.build.mozilla.org', 'blobuploader==1.2.4']], kwargs: {'error_level': 'warning', 'error_list': [{'substr': 'not found or a compiler error:', 'level': 'warning'}, {'regex': <_sre.SRE_Pattern object at 0xb7312528>, 'level': 'error'}, {'regex': <_sre.SRE_Pattern object at 0xb72edb10>, 'level': 'warning'}, {'regex': <_sre.SRE_Pattern object at 0x9b3bcd0>, 'level': 'debug'}, {'substr': 'command not found', 'level': 'error'}, {'regex': <_sre.SRE_Pattern object at 0x9b22600>, 'level': 'warning'}, {'substr': 'Traceback (most recent call last)', 'level': 'error'}, {'substr': 'SyntaxError: ', 'level': 'error'}, {'substr': 'TypeError: ', 'level': 'error'}, {'substr': 'NameError: ', 'level': 'error'}, {'substr': 'ZeroDivisionError: ', 'level': 'error'}, {'regex': <_sre.SRE_Pattern object at 0x9b363c8>, 'level': 'critical'}, {'regex': <_sre.SRE_Pattern object at 0x9b35bf8>, 'level': 'critical'}], 'cwd': '/builds/slave/test/build', 'env': {'TMOUT': '86400', 'LOGNAME': 'cltbld', 'USER': 'cltbld', 'HOME': '/home/cltbld', 'PATH': '/usr/local/bin:/usr/local/bin:/usr/bin:/bin:/usr/local/games:/usr/games', 'DISPLAY': ':0', 'CCACHE_UMASK': '002', 'LANG': 'en_US.UTF-8', 'TERM': 'linux', 'SHELL': '/bin/bash', 'MOZ_NODE_PATH': '/usr/bin/node', 'XDG_SESSION_COOKIE': '5a152710dd62cc268aad214e000002d8-1528499868.778856-1833781773', 'SHLVL': '1', 'NO_FAIL_ON_TEST_ERRORS': '1', 'MOZ_NO_REMOTE': '1', 'MOZ_HIDE_RESULTS_TABLE': '1', 'MAIL': '/var/mail/cltbld', '_': '/tools/buildbot/bin/python', 'NODE_PATH': '/usr/lib/nodejs:/usr/lib/node_modules:/usr/share/javascript', 'PWD': '/builds/slave/test', 'PROPERTIES_FILE': '/builds/slave/test/buildprops.json', 'CCACHE_DIR': '/builds/ccache'}}, attempt #1
16:19:23     INFO - Running command: ['/builds/slave/test/build/venv/bin/pip', 'install', '--timeout', '120', '--no-index', '--find-links', 'http://pypi.pvt.build.mozilla.org/pub', '--find-links', 'http://pypi.pub.build.mozilla.org/pub', '--trusted-host', 'pypi.pub.build.mozilla.org', '--trusted-host', 'pypi.pvt.build.mozilla.org', 'blobuploader==1.2.4'] in /builds/slave/test/build
16:19:23     INFO - Copy/paste: /builds/slave/test/build/venv/bin/pip install --timeout 120 --no-index --find-links http://pypi.pvt.build.mozilla.org/pub --find-links http://pypi.pub.build.mozilla.org/pub --trusted-host pypi.pub.build.mozilla.org --trusted-host pypi.pvt.build.mozilla.org blobuploader==1.2.4
16:19:23     INFO - Using env: {'CCACHE_DIR': '/builds/ccache',
16:19:23     INFO -  'CCACHE_UMASK': '002',
16:19:23     INFO -  'DISPLAY': ':0',
16:19:23     INFO -  'HOME': '/home/cltbld',
16:19:23     INFO -  'LANG': 'en_US.UTF-8',
16:19:23     INFO -  'LOGNAME': 'cltbld',
16:19:23     INFO -  'MAIL': '/var/mail/cltbld',
16:19:23     INFO -  'MOZ_HIDE_RESULTS_TABLE': '1',
16:19:23     INFO -  'MOZ_NODE_PATH': '/usr/bin/node',
16:19:23     INFO -  'MOZ_NO_REMOTE': '1',
16:19:23     INFO -  'NODE_PATH': '/usr/lib/nodejs:/usr/lib/node_modules:/usr/share/javascript',
16:19:23     INFO -  'NO_FAIL_ON_TEST_ERRORS': '1',
16:19:23     INFO -  'PATH': '/usr/local/bin:/usr/local/bin:/usr/bin:/bin:/usr/local/games:/usr/games',
16:19:23     INFO -  'PROPERTIES_FILE': '/builds/slave/test/buildprops.json',
16:19:23     INFO -  'PWD': '/builds/slave/test',
16:19:23     INFO -  'SHELL': '/bin/bash',
16:19:23     INFO -  'SHLVL': '1',
16:19:23     INFO -  'TERM': 'linux',
16:19:23     INFO -  'TMOUT': '86400',
16:19:23     INFO -  'USER': 'cltbld',
16:19:23     INFO -  'XDG_SESSION_COOKIE': '5a152710dd62cc268aad214e000002d8-1528499868.778856-1833781773',
16:19:23     INFO -  '_': '/tools/buildbot/bin/python'}
16:19:24     INFO -  Ignoring indexes: https://pypi.python.org/simple
16:19:24     INFO -  Collecting blobuploader==1.2.4
16:19:24     INFO -  /builds/slave/test/build/venv/lib/python2.7/site-packages/pip/_vendor/requests/packages/urllib3/util/ssl_.py:318: SNIMissingWarning: An HTTPS request has been made, but the SNI (Subject Name Indication) extension to TLS is not available on this platform. This may cause the server to present an incorrect TLS certificate, which can cause validation failures. You can upgrade to a newer version of Python to solve this. For more information, see https://urllib3.readthedocs.org/en/latest/security.html#snimissingwarning.
16:19:24     INFO -    SNIMissingWarning
16:19:24     INFO -  /builds/slave/test/build/venv/lib/python2.7/site-packages/pip/_vendor/requests/packages/urllib3/util/ssl_.py:122: InsecurePlatformWarning: A true SSLContext object is not available. This prevents urllib3 from configuring SSL appropriately and may cause certain SSL connections to fail. You can upgrade to a newer version of Python to solve this. For more information, see https://urllib3.readthedocs.org/en/latest/security.html#insecureplatformwarning.
16:19:24     INFO -    InsecurePlatformWarning
16:19:25     INFO -  /builds/slave/test/build/venv/lib/python2.7/site-packages/pip/_vendor/requests/packages/urllib3/util/ssl_.py:122: InsecurePlatformWarning: A true SSLContext object is not available. This prevents urllib3 from configuring SSL appropriately and may cause certain SSL connections to fail. You can upgrade to a newer version of Python to solve this. For more information, see https://urllib3.readthedocs.org/en/latest/security.html#insecureplatformwarning.
16:19:25     INFO -    InsecurePlatformWarning
16:19:29     INFO -    Downloading https://pypi.pvt.build.mozilla.org/pub/blobuploader-1.2.4.tar.gz
16:19:30     INFO -  Collecting requests==1.2.3. (from blobuploader==1.2.4)
16:19:34     INFO -    Downloading https://pypi.pvt.build.mozilla.org/pub/requests-1.2.3.tar.gz (348kB)
16:19:35     INFO -  Collecting docopt==0.6.1 (from blobuploader==1.2.4)
16:19:40     INFO -    Downloading https://pypi.pvt.build.mozilla.org/pub/docopt-0.6.1.tar.gz
16:19:40     INFO -  Building wheels for collected packages: blobuploader, requests, docopt
16:19:40     INFO -    Running setup.py bdist_wheel for blobuploader: started
16:19:41     INFO -    Running setup.py bdist_wheel for blobuploader: finished with status 'done'
16:19:41     INFO -    Stored in directory: /home/cltbld/.cache/pip/wheels/a7/2a/47/2d3828e4129ffeb548a26f4a87889dc9bc1a58e201a0ff8655
16:19:41     INFO -    Running setup.py bdist_wheel for requests: started
16:19:44     INFO -    Running setup.py bdist_wheel for requests: finished with status 'done'
16:19:44     INFO -    Stored in directory: /home/cltbld/.cache/pip/wheels/65/bb/90/359b65a7043ffc879dde877c4ad827f452218808c6cccf2658
16:19:44     INFO -    Running setup.py bdist_wheel for docopt: started
16:19:44     INFO -    Running setup.py bdist_wheel for docopt: finished with status 'done'
16:19:45     INFO -    Stored in directory: /home/cltbld/.cache/pip/wheels/ac/8b/84/7dbe9ada02c48c352fa733c81648516f92c6436f9d5bffad41
16:19:45     INFO -  Successfully built blobuploader requests docopt
16:19:45     INFO -  Installing collected packages: requests, docopt, blobuploader
16:19:45     INFO -  Successfully installed blobuploader-1.2.4 docopt-0.6.1 requests-1.2.3
16:19:46     INFO - Return code: 0
16:19:46     INFO - Installing None into virtualenv /builds/slave/test/build/venv
16:19:46     INFO - retry: Calling run_command with args: [['/builds/slave/test/build/venv/bin/pip', 'install', '--no-deps', '--timeout', '120', '-r', '/builds/slave/test/build/tests/config/marionette_requirements.txt', '--no-index', '--find-links', 'http://pypi.pvt.build.mozilla.org/pub', '--find-links', 'http://pypi.pub.build.mozilla.org/pub', '--trusted-host', 'pypi.pub.build.mozilla.org', '--trusted-host', 'pypi.pvt.build.mozilla.org']], kwargs: {'error_level': 'warning', 'error_list': [{'substr': 'not found or a compiler error:', 'level': 'warning'}, {'regex': <_sre.SRE_Pattern object at 0xb7312528>, 'level': 'error'}, {'regex': <_sre.SRE_Pattern object at 0xb72edb10>, 'level': 'warning'}, {'regex': <_sre.SRE_Pattern object at 0x9b3bcd0>, 'level': 'debug'}, {'substr': 'command not found', 'level': 'error'}, {'regex': <_sre.SRE_Pattern object at 0x9b22600>, 'level': 'warning'}, {'substr': 'Traceback (most recent call last)', 'level': 'error'}, {'substr': 'SyntaxError: ', 'level': 'error'}, {'substr': 'TypeError: ', 'level': 'error'}, {'substr': 'NameError: ', 'level': 'error'}, {'substr': 'ZeroDivisionError: ', 'level': 'error'}, {'regex': <_sre.SRE_Pattern object at 0x9b363c8>, 'level': 'critical'}, {'regex': <_sre.SRE_Pattern object at 0x9b35bf8>, 'level': 'critical'}], 'cwd': '/builds/slave/test/build/tests/config', 'env': {'TMOUT': '86400', 'LOGNAME': 'cltbld', 'USER': 'cltbld', 'HOME': '/home/cltbld', 'PATH': '/usr/local/bin:/usr/local/bin:/usr/bin:/bin:/usr/local/games:/usr/games', 'DISPLAY': ':0', 'CCACHE_UMASK': '002', 'LANG': 'en_US.UTF-8', 'TERM': 'linux', 'SHELL': '/bin/bash', 'MOZ_NODE_PATH': '/usr/bin/node', 'XDG_SESSION_COOKIE': '5a152710dd62cc268aad214e000002d8-1528499868.778856-1833781773', 'SHLVL': '1', 'NO_FAIL_ON_TEST_ERRORS': '1', 'MOZ_NO_REMOTE': '1', 'MOZ_HIDE_RESULTS_TABLE': '1', 'MAIL': '/var/mail/cltbld', '_': '/tools/buildbot/bin/python', 'NODE_PATH': '/usr/lib/nodejs:/usr/lib/node_modules:/usr/share/javascript', 'PWD': '/builds/slave/test', 'PROPERTIES_FILE': '/builds/slave/test/buildprops.json', 'CCACHE_DIR': '/builds/ccache'}}, attempt #1
16:19:46     INFO - Running command: ['/builds/slave/test/build/venv/bin/pip', 'install', '--no-deps', '--timeout', '120', '-r', '/builds/slave/test/build/tests/config/marionette_requirements.txt', '--no-index', '--find-links', 'http://pypi.pvt.build.mozilla.org/pub', '--find-links', 'http://pypi.pub.build.mozilla.org/pub', '--trusted-host', 'pypi.pub.build.mozilla.org', '--trusted-host', 'pypi.pvt.build.mozilla.org'] in /builds/slave/test/build/tests/config
16:19:46     INFO - Copy/paste: /builds/slave/test/build/venv/bin/pip install --no-deps --timeout 120 -r /builds/slave/test/build/tests/config/marionette_requirements.txt --no-index --find-links http://pypi.pvt.build.mozilla.org/pub --find-links http://pypi.pub.build.mozilla.org/pub --trusted-host pypi.pub.build.mozilla.org --trusted-host pypi.pvt.build.mozilla.org
16:19:46     INFO - Using env: {'CCACHE_DIR': '/builds/ccache',
16:19:46     INFO -  'CCACHE_UMASK': '002',
16:19:46     INFO -  'DISPLAY': ':0',
16:19:46     INFO -  'HOME': '/home/cltbld',
16:19:46     INFO -  'LANG': 'en_US.UTF-8',
16:19:46     INFO -  'LOGNAME': 'cltbld',
16:19:46     INFO -  'MAIL': '/var/mail/cltbld',
16:19:46     INFO -  'MOZ_HIDE_RESULTS_TABLE': '1',
16:19:46     INFO -  'MOZ_NODE_PATH': '/usr/bin/node',
16:19:46     INFO -  'MOZ_NO_REMOTE': '1',
16:19:46     INFO -  'NODE_PATH': '/usr/lib/nodejs:/usr/lib/node_modules:/usr/share/javascript',
16:19:46     INFO -  'NO_FAIL_ON_TEST_ERRORS': '1',
16:19:46     INFO -  'PATH': '/usr/local/bin:/usr/local/bin:/usr/bin:/bin:/usr/local/games:/usr/games',
16:19:46     INFO -  'PROPERTIES_FILE': '/builds/slave/test/buildprops.json',
16:19:46     INFO -  'PWD': '/builds/slave/test',
16:19:46     INFO -  'SHELL': '/bin/bash',
16:19:46     INFO -  'SHLVL': '1',
16:19:46     INFO -  'TERM': 'linux',
16:19:46     INFO -  'TMOUT': '86400',
16:19:46     INFO -  'USER': 'cltbld',
16:19:46     INFO -  'XDG_SESSION_COOKIE': '5a152710dd62cc268aad214e000002d8-1528499868.778856-1833781773',
16:19:46     INFO -  '_': '/tools/buildbot/bin/python'}
16:19:47     INFO -  Ignoring indexes: https://pypi.python.org/simple
16:19:47     INFO -  Processing /builds/slave/test/build/tests/mozbase/manifestparser
16:19:48     INFO -  Processing /builds/slave/test/build/tests/mozbase/mozcrash
16:19:49     INFO -  Processing /builds/slave/test/build/tests/mozbase/mozdebug
16:19:49     INFO -  Processing /builds/slave/test/build/tests/mozbase/mozdevice
16:19:50     INFO -  Processing /builds/slave/test/build/tests/mozbase/mozfile
16:19:51     INFO -  Processing /builds/slave/test/build/tests/mozbase/mozhttpd
16:19:52     INFO -  Processing /builds/slave/test/build/tests/mozbase/mozinfo
16:19:52     INFO -  Processing /builds/slave/test/build/tests/mozbase/mozinstall
16:19:53     INFO -  Processing /builds/slave/test/build/tests/mozbase/mozleak
16:19:54     INFO -  Processing /builds/slave/test/build/tests/mozbase/mozlog
16:19:54     INFO -  Processing /builds/slave/test/build/tests/mozbase/moznetwork
16:19:55     INFO -  Processing /builds/slave/test/build/tests/mozbase/mozprocess
16:19:56     INFO -  Processing /builds/slave/test/build/tests/mozbase/mozprofile
16:19:57     INFO -  Processing /builds/slave/test/build/tests/mozbase/mozrunner
16:19:57     INFO -  Processing /builds/slave/test/build/tests/mozbase/mozscreenshot
16:19:58     INFO -  Processing /builds/slave/test/build/tests/mozbase/moztest
16:19:59     INFO -  Processing /builds/slave/test/build/tests/mozbase/mozversion
16:19:59     INFO -  Processing /builds/slave/test/build/tests/tools/wptserve
16:20:00     INFO -  Processing /builds/slave/test/build/tests/marionette/client
16:20:01     INFO -  Processing /builds/slave/test/build/tests/marionette/harness/marionette_harness/runner/mixins/browsermob-proxy-py
16:20:02     INFO -  Processing /builds/slave/test/build/tests/marionette/harness
16:20:03     INFO -  Processing /builds/slave/test/build/tests/marionette/puppeteer/firefox
16:20:03     INFO -  Building wheels for collected packages: browsermob-proxy
16:20:03     INFO -    Running setup.py bdist_wheel for browsermob-proxy: started
16:20:04     INFO -    Running setup.py bdist_wheel for browsermob-proxy: finished with status 'done'
16:20:04     INFO -    Stored in directory: /home/cltbld/.cache/pip/wheels/10/00/c1/79bb793b6a7eb4dca9dfd244010f550ae5044951bcd23c261e
16:20:04     INFO -  Successfully built browsermob-proxy
16:20:04     INFO -  Installing collected packages: manifestparser, mozcrash, mozdebug, mozdevice, mozfile, mozhttpd, mozinfo, mozInstall, mozleak, mozlog, moznetwork, mozprocess, mozprofile, mozrunner, mozscreenshot, moztest, mozversion, wptserve, marionette-driver, browsermob-proxy, marionette-harness, firefox-puppeteer
16:20:04     INFO -    Running setup.py install for manifestparser: started
16:20:05     INFO -      Running setup.py install for manifestparser: finished with status 'done'
16:20:05     INFO -    Running setup.py install for mozcrash: started
16:20:06     INFO -      Running setup.py install for mozcrash: finished with status 'done'
16:20:06     INFO -    Running setup.py install for mozdebug: started
16:20:07     INFO -      Running setup.py install for mozdebug: finished with status 'done'
16:20:07     INFO -    Running setup.py install for mozdevice: started
16:20:08     INFO -      Running setup.py install for mozdevice: finished with status 'done'
16:20:08     INFO -    Running setup.py install for mozfile: started
16:20:09     INFO -      Running setup.py install for mozfile: finished with status 'done'
16:20:09     INFO -    Running setup.py install for mozhttpd: started
16:20:09     INFO -      Running setup.py install for mozhttpd: finished with status 'done'
16:20:09     INFO -    Running setup.py install for mozinfo: started
16:20:10     INFO -      Running setup.py install for mozinfo: finished with status 'done'
16:20:10     INFO -    Running setup.py install for mozInstall: started
16:20:11     INFO -      Running setup.py install for mozInstall: finished with status 'done'
16:20:11     INFO -    Running setup.py install for mozleak: started
16:20:12     INFO -      Running setup.py install for mozleak: finished with status 'done'
16:20:12     INFO -    Running setup.py install for mozlog: started
16:20:13     INFO -      Running setup.py install for mozlog: finished with status 'done'
16:20:13     INFO -    Running setup.py install for moznetwork: started
16:20:14     INFO -      Running setup.py install for moznetwork: finished with status 'done'
16:20:14     INFO -    Running setup.py install for mozprocess: started
16:20:15     INFO -      Running setup.py install for mozprocess: finished with status 'done'
16:20:15     INFO -    Running setup.py install for mozprofile: started
16:20:16     INFO -      Running setup.py install for mozprofile: finished with status 'done'
16:20:16     INFO -    Running setup.py install for mozrunner: started
16:20:17     INFO -      Running setup.py install for mozrunner: finished with status 'done'
16:20:17     INFO -    Running setup.py install for mozscreenshot: started
16:20:18     INFO -      Running setup.py install for mozscreenshot: finished with status 'done'
16:20:18     INFO -    Running setup.py install for moztest: started
16:20:19     INFO -      Running setup.py install for moztest: finished with status 'done'
16:20:19     INFO -    Running setup.py install for mozversion: started
16:20:19     INFO -      Running setup.py install for mozversion: finished with status 'done'
16:20:19     INFO -    Running setup.py install for wptserve: started
16:20:20     INFO -      Running setup.py install for wptserve: finished with status 'done'
16:20:20     INFO -    Running setup.py install for marionette-driver: started
16:20:21     INFO -      Running setup.py install for marionette-driver: finished with status 'done'
16:20:22     INFO -    Running setup.py install for marionette-harness: started
16:20:24     INFO -      Running setup.py install for marionette-harness: finished with status 'done'
16:20:24     INFO -    Running setup.py install for firefox-puppeteer: started
16:20:25     INFO -      Running setup.py install for firefox-puppeteer: finished with status 'done'
16:20:26     INFO -  Successfully installed browsermob-proxy-0.6.0 firefox-puppeteer-52.1.0 manifestparser-1.1 marionette-driver-2.2.0 marionette-harness-4.0.0 mozInstall-1.12 mozcrash-1.0 mozdebug-0.1 mozdevice-0.48 mozfile-1.2 mozhttpd-0.7 mozinfo-0.9 mozleak-0.1 mozlog-3.4 moznetwork-0.27 mozprocess-0.23 mozprofile-0.28 mozrunner-6.13 mozscreenshot-0.1 moztest-0.8 mozversion-1.4 wptserve-1.4.0
16:20:26     INFO - Return code: 0
16:20:26     INFO - Installing None into virtualenv /builds/slave/test/build/venv
16:20:27     INFO - retry: Calling run_command with args: [['/builds/slave/test/build/venv/bin/pip', 'install', '--timeout', '120', '-r', '/builds/slave/test/build/tests/config/marionette_requirements.txt', '--no-index', '--find-links', 'http://pypi.pvt.build.mozilla.org/pub', '--find-links', 'http://pypi.pub.build.mozilla.org/pub', '--trusted-host', 'pypi.pub.build.mozilla.org', '--trusted-host', 'pypi.pvt.build.mozilla.org']], kwargs: {'error_level': 'warning', 'error_list': [{'substr': 'not found or a compiler error:', 'level': 'warning'}, {'regex': <_sre.SRE_Pattern object at 0xb7312528>, 'level': 'error'}, {'regex': <_sre.SRE_Pattern object at 0xb72edb10>, 'level': 'warning'}, {'regex': <_sre.SRE_Pattern object at 0x9b3bcd0>, 'level': 'debug'}, {'substr': 'command not found', 'level': 'error'}, {'regex': <_sre.SRE_Pattern object at 0x9b22600>, 'level': 'warning'}, {'substr': 'Traceback (most recent call last)', 'level': 'error'}, {'substr': 'SyntaxError: ', 'level': 'error'}, {'substr': 'TypeError: ', 'level': 'error'}, {'substr': 'NameError: ', 'level': 'error'}, {'substr': 'ZeroDivisionError: ', 'level': 'error'}, {'regex': <_sre.SRE_Pattern object at 0x9b363c8>, 'level': 'critical'}, {'regex': <_sre.SRE_Pattern object at 0x9b35bf8>, 'level': 'critical'}], 'cwd': '/builds/slave/test/build/tests/config', 'env': {'TMOUT': '86400', 'LOGNAME': 'cltbld', 'USER': 'cltbld', 'HOME': '/home/cltbld', 'PATH': '/usr/local/bin:/usr/local/bin:/usr/bin:/bin:/usr/local/games:/usr/games', 'DISPLAY': ':0', 'CCACHE_UMASK': '002', 'LANG': 'en_US.UTF-8', 'TERM': 'linux', 'SHELL': '/bin/bash', 'MOZ_NODE_PATH': '/usr/bin/node', 'XDG_SESSION_COOKIE': '5a152710dd62cc268aad214e000002d8-1528499868.778856-1833781773', 'SHLVL': '1', 'NO_FAIL_ON_TEST_ERRORS': '1', 'MOZ_NO_REMOTE': '1', 'MOZ_HIDE_RESULTS_TABLE': '1', 'MAIL': '/var/mail/cltbld', '_': '/tools/buildbot/bin/python', 'NODE_PATH': '/usr/lib/nodejs:/usr/lib/node_modules:/usr/share/javascript', 'PWD': '/builds/slave/test', 'PROPERTIES_FILE': '/builds/slave/test/buildprops.json', 'CCACHE_DIR': '/builds/ccache'}}, attempt #1
16:20:27     INFO - Running command: ['/builds/slave/test/build/venv/bin/pip', 'install', '--timeout', '120', '-r', '/builds/slave/test/build/tests/config/marionette_requirements.txt', '--no-index', '--find-links', 'http://pypi.pvt.build.mozilla.org/pub', '--find-links', 'http://pypi.pub.build.mozilla.org/pub', '--trusted-host', 'pypi.pub.build.mozilla.org', '--trusted-host', 'pypi.pvt.build.mozilla.org'] in /builds/slave/test/build/tests/config
16:20:27     INFO - Copy/paste: /builds/slave/test/build/venv/bin/pip install --timeout 120 -r /builds/slave/test/build/tests/config/marionette_requirements.txt --no-index --find-links http://pypi.pvt.build.mozilla.org/pub --find-links http://pypi.pub.build.mozilla.org/pub --trusted-host pypi.pub.build.mozilla.org --trusted-host pypi.pvt.build.mozilla.org
16:20:27     INFO - Using env: {'CCACHE_DIR': '/builds/ccache',
16:20:27     INFO -  'CCACHE_UMASK': '002',
16:20:27     INFO -  'DISPLAY': ':0',
16:20:27     INFO -  'HOME': '/home/cltbld',
16:20:27     INFO -  'LANG': 'en_US.UTF-8',
16:20:27     INFO -  'LOGNAME': 'cltbld',
16:20:27     INFO -  'MAIL': '/var/mail/cltbld',
16:20:27     INFO -  'MOZ_HIDE_RESULTS_TABLE': '1',
16:20:27     INFO -  'MOZ_NODE_PATH': '/usr/bin/node',
16:20:27     INFO -  'MOZ_NO_REMOTE': '1',
16:20:27     INFO -  'NODE_PATH': '/usr/lib/nodejs:/usr/lib/node_modules:/usr/share/javascript',
16:20:27     INFO -  'NO_FAIL_ON_TEST_ERRORS': '1',
16:20:27     INFO -  'PATH': '/usr/local/bin:/usr/local/bin:/usr/bin:/bin:/usr/local/games:/usr/games',
16:20:27     INFO -  'PROPERTIES_FILE': '/builds/slave/test/buildprops.json',
16:20:27     INFO -  'PWD': '/builds/slave/test',
16:20:27     INFO -  'SHELL': '/bin/bash',
16:20:27     INFO -  'SHLVL': '1',
16:20:27     INFO -  'TERM': 'linux',
16:20:27     INFO -  'TMOUT': '86400',
16:20:27     INFO -  'USER': 'cltbld',
16:20:27     INFO -  'XDG_SESSION_COOKIE': '5a152710dd62cc268aad214e000002d8-1528499868.778856-1833781773',
16:20:27     INFO -  '_': '/tools/buildbot/bin/python'}
16:20:28     INFO -  Ignoring indexes: https://pypi.python.org/simple
16:20:28     INFO -  Processing /builds/slave/test/build/tests/mozbase/manifestparser
16:20:29     INFO -    Requirement already satisfied (use --upgrade to upgrade): manifestparser==1.1 from file:///builds/slave/test/build/tests/mozbase/manifestparser in /builds/slave/test/build/venv/lib/python2.7/site-packages (from -r /builds/slave/test/build/tests/config/mozbase_requirements.txt (line 1))
16:20:29     INFO -  Processing /builds/slave/test/build/tests/mozbase/mozcrash
16:20:29     INFO -    Requirement already satisfied (use --upgrade to upgrade): mozcrash==1.0 from file:///builds/slave/test/build/tests/mozbase/mozcrash in /builds/slave/test/build/venv/lib/python2.7/site-packages (from -r /builds/slave/test/build/tests/config/mozbase_requirements.txt (line 2))
16:20:29     INFO -  Processing /builds/slave/test/build/tests/mozbase/mozdebug
16:20:30     INFO -    Requirement already satisfied (use --upgrade to upgrade): mozdebug==0.1 from file:///builds/slave/test/build/tests/mozbase/mozdebug in /builds/slave/test/build/venv/lib/python2.7/site-packages (from -r /builds/slave/test/build/tests/config/mozbase_requirements.txt (line 3))
16:20:30     INFO -  Processing /builds/slave/test/build/tests/mozbase/mozdevice
16:20:31     INFO -    Requirement already satisfied (use --upgrade to upgrade): mozdevice==0.48 from file:///builds/slave/test/build/tests/mozbase/mozdevice in /builds/slave/test/build/venv/lib/python2.7/site-packages (from -r /builds/slave/test/build/tests/config/mozbase_requirements.txt (line 4))
16:20:31     INFO -  Processing /builds/slave/test/build/tests/mozbase/mozfile
16:20:31     INFO -    Requirement already satisfied (use --upgrade to upgrade): mozfile==1.2 from file:///builds/slave/test/build/tests/mozbase/mozfile in /builds/slave/test/build/venv/lib/python2.7/site-packages (from -r /builds/slave/test/build/tests/config/mozbase_requirements.txt (line 5))
16:20:32     INFO -  Processing /builds/slave/test/build/tests/mozbase/mozhttpd
16:20:32     INFO -    Requirement already satisfied (use --upgrade to upgrade): mozhttpd==0.7 from file:///builds/slave/test/build/tests/mozbase/mozhttpd in /builds/slave/test/build/venv/lib/python2.7/site-packages (from -r /builds/slave/test/build/tests/config/mozbase_requirements.txt (line 6))
16:20:32     INFO -  Processing /builds/slave/test/build/tests/mozbase/mozinfo
16:20:33     INFO -    Requirement already satisfied (use --upgrade to upgrade): mozinfo==0.9 from file:///builds/slave/test/build/tests/mozbase/mozinfo in /builds/slave/test/build/venv/lib/python2.7/site-packages (from -r /builds/slave/test/build/tests/config/mozbase_requirements.txt (line 7))
16:20:33     INFO -  Processing /builds/slave/test/build/tests/mozbase/mozinstall
16:20:34     INFO -    Requirement already satisfied (use --upgrade to upgrade): mozInstall==1.12 from file:///builds/slave/test/build/tests/mozbase/mozinstall in /builds/slave/test/build/venv/lib/python2.7/site-packages (from -r /builds/slave/test/build/tests/config/mozbase_requirements.txt (line 8))
16:20:34     INFO -  Processing /builds/slave/test/build/tests/mozbase/mozleak
16:20:34     INFO -    Requirement already satisfied (use --upgrade to upgrade): mozleak==0.1 from file:///builds/slave/test/build/tests/mozbase/mozleak in /builds/slave/test/build/venv/lib/python2.7/site-packages (from -r /builds/slave/test/build/tests/config/mozbase_requirements.txt (line 9))
16:20:34     INFO -  Processing /builds/slave/test/build/tests/mozbase/mozlog
16:20:35     INFO -    Requirement already satisfied (use --upgrade to upgrade): mozlog==3.4 from file:///builds/slave/test/build/tests/mozbase/mozlog in /builds/slave/test/build/venv/lib/python2.7/site-packages (from -r /builds/slave/test/build/tests/config/mozbase_requirements.txt (line 10))
16:20:35     INFO -  Processing /builds/slave/test/build/tests/mozbase/moznetwork
16:20:36     INFO -    Requirement already satisfied (use --upgrade to upgrade): moznetwork==0.27 from file:///builds/slave/test/build/tests/mozbase/moznetwork in /builds/slave/test/build/venv/lib/python2.7/site-packages (from -r /builds/slave/test/build/tests/config/mozbase_requirements.txt (line 11))
16:20:36     INFO -  Processing /builds/slave/test/build/tests/mozbase/mozprocess
16:20:36     INFO -    Requirement already satisfied (use --upgrade to upgrade): mozprocess==0.23 from file:///builds/slave/test/build/tests/mozbase/mozprocess in /builds/slave/test/build/venv/lib/python2.7/site-packages (from -r /builds/slave/test/build/tests/config/mozbase_requirements.txt (line 12))
16:20:36     INFO -  Processing /builds/slave/test/build/tests/mozbase/mozprofile
16:20:37     INFO -    Requirement already satisfied (use --upgrade to upgrade): mozprofile==0.28 from file:///builds/slave/test/build/tests/mozbase/mozprofile in /builds/slave/test/build/venv/lib/python2.7/site-packages (from -r /builds/slave/test/build/tests/config/mozbase_requirements.txt (line 13))
16:20:37     INFO -  Processing /builds/slave/test/build/tests/mozbase/mozrunner
16:20:38     INFO -    Requirement already satisfied (use --upgrade to upgrade): mozrunner==6.13 from file:///builds/slave/test/build/tests/mozbase/mozrunner in /builds/slave/test/build/venv/lib/python2.7/site-packages (from -r /builds/slave/test/build/tests/config/mozbase_requirements.txt (line 14))
16:20:38     INFO -  Processing /builds/slave/test/build/tests/mozbase/mozscreenshot
16:20:39     INFO -    Requirement already satisfied (use --upgrade to upgrade): mozscreenshot==0.1 from file:///builds/slave/test/build/tests/mozbase/mozscreenshot in /builds/slave/test/build/venv/lib/python2.7/site-packages (from -r /builds/slave/test/build/tests/config/mozbase_requirements.txt (line 15))
16:20:39     INFO -  Processing /builds/slave/test/build/tests/mozbase/moztest
16:20:39     INFO -    Requirement already satisfied (use --upgrade to upgrade): moztest==0.8 from file:///builds/slave/test/build/tests/mozbase/moztest in /builds/slave/test/build/venv/lib/python2.7/site-packages (from -r /builds/slave/test/build/tests/config/mozbase_requirements.txt (line 16))
16:20:39     INFO -  Processing /builds/slave/test/build/tests/mozbase/mozversion
16:20:40     INFO -    Requirement already satisfied (use --upgrade to upgrade): mozversion==1.4 from file:///builds/slave/test/build/tests/mozbase/mozversion in /builds/slave/test/build/venv/lib/python2.7/site-packages (from -r /builds/slave/test/build/tests/config/mozbase_requirements.txt (line 17))
16:20:40     INFO -  Processing /builds/slave/test/build/tests/tools/wptserve
16:20:41     INFO -    Requirement already satisfied (use --upgrade to upgrade): wptserve==1.4.0 from file:///builds/slave/test/build/tests/tools/wptserve in /builds/slave/test/build/venv/lib/python2.7/site-packages (from -r /builds/slave/test/build/tests/config/marionette_requirements.txt (line 3))
16:20:41     INFO -  Processing /builds/slave/test/build/tests/marionette/client
16:20:41     INFO -    Requirement already satisfied (use --upgrade to upgrade): marionette-driver==2.2.0 from file:///builds/slave/test/build/tests/marionette/client in /builds/slave/test/build/venv/lib/python2.7/site-packages (from -r /builds/slave/test/build/tests/config/marionette_requirements.txt (line 4))
16:20:41     INFO -  Processing /builds/slave/test/build/tests/marionette/harness/marionette_harness/runner/mixins/browsermob-proxy-py
16:20:42     INFO -    Requirement already satisfied (use --upgrade to upgrade): browsermob-proxy==0.6.0 from file:///builds/slave/test/build/tests/marionette/harness/marionette_harness/runner/mixins/browsermob-proxy-py in /builds/slave/test/build/venv/lib/python2.7/site-packages (from -r /builds/slave/test/build/tests/config/marionette_requirements.txt (line 5))
16:20:42     INFO -  Processing /builds/slave/test/build/tests/marionette/harness
16:20:43     INFO -    Requirement already satisfied (use --upgrade to upgrade): marionette-harness==4.0.0 from file:///builds/slave/test/build/tests/marionette/harness in /builds/slave/test/build/venv/lib/python2.7/site-packages (from -r /builds/slave/test/build/tests/config/marionette_requirements.txt (line 6))
16:20:43     INFO -  Processing /builds/slave/test/build/tests/marionette/puppeteer/firefox
16:20:44     INFO -    Requirement already satisfied (use --upgrade to upgrade): firefox-puppeteer==52.1.0 from file:///builds/slave/test/build/tests/marionette/puppeteer/firefox in /builds/slave/test/build/venv/lib/python2.7/site-packages (from -r /builds/slave/test/build/tests/config/marionette_requirements.txt (line 9))
16:20:44     INFO -  Requirement already satisfied (use --upgrade to upgrade): mozfile>=1.0 in /builds/slave/test/build/venv/lib/python2.7/site-packages (from mozcrash==1.0->-r /builds/slave/test/build/tests/config/mozbase_requirements.txt (line 2))
16:20:44     INFO -  Requirement already satisfied (use --upgrade to upgrade): mozlog>=3.0 in /builds/slave/test/build/venv/lib/python2.7/site-packages (from mozcrash==1.0->-r /builds/slave/test/build/tests/config/mozbase_requirements.txt (line 2))
16:20:44     INFO -  Requirement already satisfied (use --upgrade to upgrade): mozinfo in /builds/slave/test/build/venv/lib/python2.7/site-packages (from mozdebug==0.1->-r /builds/slave/test/build/tests/config/mozbase_requirements.txt (line 3))
16:20:44     INFO -  Requirement already satisfied (use --upgrade to upgrade): moznetwork>=0.24 in /builds/slave/test/build/venv/lib/python2.7/site-packages (from mozdevice==0.48->-r /builds/slave/test/build/tests/config/mozbase_requirements.txt (line 4))
16:20:44     INFO -  Requirement already satisfied (use --upgrade to upgrade): mozprocess>=0.19 in /builds/slave/test/build/venv/lib/python2.7/site-packages (from mozdevice==0.48->-r /builds/slave/test/build/tests/config/mozbase_requirements.txt (line 4))
16:20:44     INFO -  Collecting blessings>=1.3 (from mozlog==3.4->-r /builds/slave/test/build/tests/config/mozbase_requirements.txt (line 10))
16:20:44     INFO -  /builds/slave/test/build/venv/lib/python2.7/site-packages/pip/_vendor/requests/packages/urllib3/util/ssl_.py:318: SNIMissingWarning: An HTTPS request has been made, but the SNI (Subject Name Indication) extension to TLS is not available on this platform. This may cause the server to present an incorrect TLS certificate, which can cause validation failures. You can upgrade to a newer version of Python to solve this. For more information, see https://urllib3.readthedocs.org/en/latest/security.html#snimissingwarning.
16:20:44     INFO -    SNIMissingWarning
16:20:44     INFO -  /builds/slave/test/build/venv/lib/python2.7/site-packages/pip/_vendor/requests/packages/urllib3/util/ssl_.py:122: InsecurePlatformWarning: A true SSLContext object is not available. This prevents urllib3 from configuring SSL appropriately and may cause certain SSL connections to fail. You can upgrade to a newer version of Python to solve this. For more information, see https://urllib3.readthedocs.org/en/latest/security.html#insecureplatformwarning.
16:20:44     INFO -    InsecurePlatformWarning
16:20:45     INFO -  /builds/slave/test/build/venv/lib/python2.7/site-packages/pip/_vendor/requests/packages/urllib3/util/ssl_.py:122: InsecurePlatformWarning: A true SSLContext object is not available. This prevents urllib3 from configuring SSL appropriately and may cause certain SSL connections to fail. You can upgrade to a newer version of Python to solve this. For more information, see https://urllib3.readthedocs.org/en/latest/security.html#insecureplatformwarning.
16:20:45     INFO -    InsecurePlatformWarning
16:20:49     INFO -    Downloading https://pypi.pvt.build.mozilla.org/pub/blessings-1.6.tar.gz
16:20:50     INFO -  Requirement already satisfied (use --upgrade to upgrade): requests>=1.1.0 in /builds/slave/test/build/venv/lib/python2.7/site-packages (from browsermob-proxy==0.6.0->-r /builds/slave/test/build/tests/config/marionette_requirements.txt (line 5))
16:20:50     INFO -  Building wheels for collected packages: blessings, browsermob-proxy
16:20:50     INFO -    Running setup.py bdist_wheel for blessings: started
16:20:50     INFO -    Running setup.py bdist_wheel for blessings: finished with status 'done'
16:20:50     INFO -    Stored in directory: /home/cltbld/.cache/pip/wheels/fb/37/ae/c6b15ed5da2ead5847df54c8319487050d4dcc950c9795eae9
16:20:51     INFO -    Running setup.py bdist_wheel for browsermob-proxy: started
16:20:51     INFO -    Running setup.py bdist_wheel for browsermob-proxy: finished with status 'done'
16:20:51     INFO -    Stored in directory: /home/cltbld/.cache/pip/wheels/10/00/c1/79bb793b6a7eb4dca9dfd244010f550ae5044951bcd23c261e
16:20:51     INFO -  Successfully built blessings browsermob-proxy
16:20:51     INFO -  Installing collected packages: blessings
16:20:52     INFO -  Successfully installed blessings-1.6
16:20:52     INFO - Return code: 0
16:20:52     INFO - Done creating virtualenv /builds/slave/test/build/venv.
16:20:52     INFO - Getting output from command: ['/builds/slave/test/build/venv/bin/pip', 'freeze']
16:20:52     INFO - Copy/paste: /builds/slave/test/build/venv/bin/pip freeze
16:20:54     INFO - Reading from file tmpfile_stdout
16:20:54     INFO - Reading from file tmpfile_stderr
16:20:54     INFO - Current package versions:
16:20:54     INFO -   blessings == 1.6
16:20:54     INFO -   blobuploader == 1.2.4
16:20:54     INFO -   browsermob-proxy == 0.6.0
16:20:54     INFO -   docopt == 0.6.1
16:20:54     INFO -   firefox-puppeteer == 52.1.0
16:20:54     INFO -   functools32 == 3.2.3.post2
16:20:54     INFO -   jsonschema == 2.5.1
16:20:54     INFO -   manifestparser == 1.1
16:20:54     INFO -   marionette-driver == 2.2.0
16:20:54     INFO -   marionette-harness == 4.0.0
16:20:54     INFO -   mozInstall == 1.12
16:20:54     INFO -   mozcrash == 1.0
16:20:54     INFO -   mozdebug == 0.1
16:20:54     INFO -   mozdevice == 0.48
16:20:54     INFO -   mozfile == 1.2
16:20:54     INFO -   mozhttpd == 0.7
16:20:54     INFO -   mozinfo == 0.9
16:20:54     INFO -   mozleak == 0.1
16:20:54     INFO -   mozlog == 3.4
16:20:54     INFO -   moznetwork == 0.27
16:20:54     INFO -   mozprocess == 0.23
16:20:54     INFO -   mozprofile == 0.28
16:20:54     INFO -   mozrunner == 6.13
16:20:54     INFO -   mozscreenshot == 0.1
16:20:54     INFO -   mozsystemmonitor == 0.3
16:20:54     INFO -   moztest == 0.8
16:20:54     INFO -   mozversion == 1.4
16:20:54     INFO -   psutil == 5.4.3
16:20:54     INFO -   requests == 1.2.3
16:20:54     INFO -   wptserve == 1.4.0
16:20:54     INFO - Running post-action listener: _resource_record_post_action
16:20:54     INFO - Running post-action listener: _start_resource_monitoring
16:20:54     INFO - Starting resource monitoring.
16:20:54     INFO - [mozharness: 2018-06-08 23:20:54.486455Z] Finished create-virtualenv step (success)
16:20:54     INFO - [mozharness: 2018-06-08 23:20:54.511158Z] Running install step.
16:20:54     INFO - Running pre-action listener: _resource_record_pre_action
16:20:54     INFO - Running main action method: install
16:20:54     INFO - Getting output from command: ['/builds/slave/test/build/venv/bin/pip', 'freeze']
16:20:54     INFO - Copy/paste: /builds/slave/test/build/venv/bin/pip freeze
16:20:55     INFO - Reading from file tmpfile_stdout
16:20:55     INFO - Reading from file tmpfile_stderr
16:20:55     INFO - Detecting whether we're running mozinstall >=1.0...
16:20:55     INFO - Getting output from command: ['/builds/slave/test/build/venv/bin/mozinstall', '-h']
16:20:55     INFO - Copy/paste: /builds/slave/test/build/venv/bin/mozinstall -h
16:20:56     INFO - Reading from file tmpfile_stdout
16:20:56     INFO - Output received:
16:20:56     INFO -  Usage: mozinstall [options] installer
16:20:56     INFO -  Options:
16:20:56     INFO -    -h, --help            show this help message and exit
16:20:56     INFO -    -d DEST, --destination=DEST
16:20:56     INFO -                          Directory to install application into. [default:
16:20:56     INFO -                          "/builds/slave/test"]
16:20:56     INFO -    --app=APP             Application being installed. [default: firefox]
16:20:56     INFO - mkdir: /builds/slave/test/build/application
16:20:56     INFO - Getting output from command: ['/builds/slave/test/build/venv/bin/mozinstall', '/builds/slave/test/build/firefox-52.8.2.en-US.linux-i686.tar.bz2', '--destination', '/builds/slave/test/build/application']
16:20:56     INFO - Copy/paste: /builds/slave/test/build/venv/bin/mozinstall /builds/slave/test/build/firefox-52.8.2.en-US.linux-i686.tar.bz2 --destination /builds/slave/test/build/application
16:21:33     INFO - Reading from file tmpfile_stdout
16:21:33     INFO - Output received:
16:21:33     INFO -  /builds/slave/test/build/application/firefox/firefox
16:21:33     INFO - Running post-action listener: _resource_record_post_action
16:21:33     INFO - [mozharness: 2018-06-08 23:21:33.669164Z] Finished install step (success)
16:21:33     INFO - [mozharness: 2018-06-08 23:21:33.670035Z] Running run-tests step.
16:21:33     INFO - Running pre-action listener: _resource_record_pre_action
16:21:33     INFO - Running main action method: run_tests
16:21:33     INFO - The emulator type: arm
16:21:33     INFO - mkdir: /builds/slave/test/build/blobber_upload_dir
16:21:33     INFO - Minidump filename unknown. Determining based upon platform and architecture.
16:21:33     INFO - Minidump tooltool manifest unknown. Determining based upon platform and architecture.
16:21:33     INFO - grabbing minidump binary from tooltool
16:21:33     INFO - retry: Calling run_command with args: (['/tools/tooltool.py', '--url', 'https://api.pub.build.mozilla.org/tooltool/', '--authentication-file', '/builds/relengapi.tok', 'fetch', '-m', '/builds/slave/test/build/tests/config/tooltool-manifests/linux32/releng.manifest', '-o', '-c', '/builds/tooltool_cache'],), kwargs: {'output_timeout': 600, 'error_list': [{'substr': 'command not found', 'level': 'error'}, {'regex': <_sre.SRE_Pattern object at 0x9b22600>, 'level': 'warning'}, {'substr': 'Traceback (most recent call last)', 'level': 'error'}, {'substr': 'SyntaxError: ', 'level': 'error'}, {'substr': 'TypeError: ', 'level': 'error'}, {'substr': 'NameError: ', 'level': 'error'}, {'substr': 'ZeroDivisionError: ', 'level': 'error'}, {'regex': <_sre.SRE_Pattern object at 0x9b363c8>, 'level': 'critical'}, {'regex': <_sre.SRE_Pattern object at 0x9b35bf8>, 'level': 'critical'}, {'substr': 'ERROR - ', 'level': 'error'}], 'cwd': '/builds/slave/test/build', 'privileged': False}, attempt #1
16:21:33     INFO - Running command: ['/tools/tooltool.py', '--url', 'https://api.pub.build.mozilla.org/tooltool/', '--authentication-file', '/builds/relengapi.tok', 'fetch', '-m', '/builds/slave/test/build/tests/config/tooltool-manifests/linux32/releng.manifest', '-o', '-c', '/builds/tooltool_cache'] in /builds/slave/test/build
16:21:33     INFO - Copy/paste: /tools/tooltool.py --url https://api.pub.build.mozilla.org/tooltool/ --authentication-file /builds/relengapi.tok fetch -m /builds/slave/test/build/tests/config/tooltool-manifests/linux32/releng.manifest -o -c /builds/tooltool_cache
16:21:33     INFO - Calling ['/tools/tooltool.py', '--url', 'https://api.pub.build.mozilla.org/tooltool/', '--authentication-file', '/builds/relengapi.tok', 'fetch', '-m', '/builds/slave/test/build/tests/config/tooltool-manifests/linux32/releng.manifest', '-o', '-c', '/builds/tooltool_cache'] with output_timeout 600
16:21:34     INFO -  INFO - File linux32-minidump_stackwalk not present in local cache folder /builds/tooltool_cache
16:21:34     INFO -  INFO - Attempting to fetch from 'https://api.pub.build.mozilla.org/tooltool/'...
16:21:34     INFO -  INFO - File linux32-minidump_stackwalk fetched from https://api.pub.build.mozilla.org/tooltool/ as /builds/slave/test/build/tmp_Rrrkh
16:21:35     INFO -  INFO - File integrity verified, renaming tmp_Rrrkh to linux32-minidump_stackwalk
16:21:35     INFO -  INFO - Updating local cache /builds/tooltool_cache...
16:21:35     INFO -  INFO - Local cache /builds/tooltool_cache updated with linux32-minidump_stackwalk
16:21:35     INFO - Return code: 0
16:21:35     INFO - Chmoding /builds/slave/test/build/linux32-minidump_stackwalk to 0755
16:21:35     INFO - Running command: ['/builds/slave/test/build/venv/bin/python', '-u', '/builds/slave/test/build/tests/marionette/harness/marionette_harness/runtests.py', '--gecko-log=/builds/slave/test/build/blobber_upload_dir/gecko.log', '--log-raw=-', '--log-raw=/builds/slave/test/build/blobber_upload_dir/marionette_raw.log', '--log-errorsummary=/builds/slave/test/build/blobber_upload_dir/marionette_errorsummary.log', '--log-html=/builds/slave/test/build/blobber_upload_dir/report.html', '--binary=/builds/slave/test/build/application/firefox/firefox', '--address=localhost:2828', '--symbols-path=https://queue.taskcluster.net/v1/task/bv_xmMnhRbGfcnUpn7xASQ/artifacts/public/build/firefox-52.8.2.en-US.linux-i686.crashreporter-symbols.zip', '/builds/slave/test/build/tests/marionette/tests/testing/marionette/harness/marionette_harness/tests/unit-tests.ini']
16:21:35     INFO - Copy/paste: /builds/slave/test/build/venv/bin/python -u /builds/slave/test/build/tests/marionette/harness/marionette_harness/runtests.py --gecko-log=/builds/slave/test/build/blobber_upload_dir/gecko.log --log-raw=- --log-raw=/builds/slave/test/build/blobber_upload_dir/marionette_raw.log --log-errorsummary=/builds/slave/test/build/blobber_upload_dir/marionette_errorsummary.log --log-html=/builds/slave/test/build/blobber_upload_dir/report.html --binary=/builds/slave/test/build/application/firefox/firefox --address=localhost:2828 --symbols-path=https://queue.taskcluster.net/v1/task/bv_xmMnhRbGfcnUpn7xASQ/artifacts/public/build/firefox-52.8.2.en-US.linux-i686.crashreporter-symbols.zip /builds/slave/test/build/tests/marionette/tests/testing/marionette/harness/marionette_harness/tests/unit-tests.ini
16:21:35     INFO - Using env: {'CCACHE_DIR': '/builds/ccache',
16:21:35     INFO -  'CCACHE_UMASK': '002',
16:21:35     INFO -  'DISPLAY': ':0',
16:21:35     INFO -  'HOME': '/home/cltbld',
16:21:35     INFO -  'LANG': 'en_US.UTF-8',
16:21:35     INFO -  'LOGNAME': 'cltbld',
16:21:35     INFO -  'MAIL': '/var/mail/cltbld',
16:21:35     INFO -  'MINIDUMP_SAVE_PATH': '/builds/slave/test/build/blobber_upload_dir',
16:21:35     INFO -  'MINIDUMP_STACKWALK': '/builds/slave/test/build/linux32-minidump_stackwalk',
16:21:35     INFO -  'MOZ_HIDE_RESULTS_TABLE': '1',
16:21:35     INFO -  'MOZ_NODE_PATH': '/usr/bin/node',
16:21:35     INFO -  'MOZ_NO_REMOTE': '1',
16:21:35     INFO -  'MOZ_UPLOAD_DIR': '/builds/slave/test/build/blobber_upload_dir',
16:21:35     INFO -  'NODE_PATH': '/usr/lib/nodejs:/usr/lib/node_modules:/usr/share/javascript',
16:21:35     INFO -  'NO_FAIL_ON_TEST_ERRORS': '1',
16:21:35     INFO -  'PATH': '/builds/slave/test/build/venv/bin:/usr/local/bin:/usr/local/bin:/usr/bin:/bin:/usr/local/games:/usr/games',
16:21:35     INFO -  'PROPERTIES_FILE': '/builds/slave/test/buildprops.json',
16:21:35     INFO -  'PWD': '/builds/slave/test',
16:21:35     INFO -  'SHELL': '/bin/bash',
16:21:35     INFO -  'SHLVL': '1',
16:21:35     INFO -  'TERM': 'linux',
16:21:35     INFO -  'TMOUT': '86400',
16:21:35     INFO -  'USER': 'cltbld',
16:21:35     INFO -  'XDG_SESSION_COOKIE': '5a152710dd62cc268aad214e000002d8-1528499868.778856-1833781773',
16:21:35     INFO -  '_': '/tools/buildbot/bin/python'}
16:21:35     INFO - Calling ['/builds/slave/test/build/venv/bin/python', '-u', '/builds/slave/test/build/tests/marionette/harness/marionette_harness/runtests.py', '--gecko-log=/builds/slave/test/build/blobber_upload_dir/gecko.log', '--log-raw=-', '--log-raw=/builds/slave/test/build/blobber_upload_dir/marionette_raw.log', '--log-errorsummary=/builds/slave/test/build/blobber_upload_dir/marionette_errorsummary.log', '--log-html=/builds/slave/test/build/blobber_upload_dir/report.html', '--binary=/builds/slave/test/build/application/firefox/firefox', '--address=localhost:2828', '--symbols-path=https://queue.taskcluster.net/v1/task/bv_xmMnhRbGfcnUpn7xASQ/artifacts/public/build/firefox-52.8.2.en-US.linux-i686.crashreporter-symbols.zip', '/builds/slave/test/build/tests/marionette/tests/testing/marionette/harness/marionette_harness/tests/unit-tests.ini'] with output_timeout 1000
16:21:36     INFO - Using workspace for temporary data: "/builds/slave/test"
16:21:36     INFO - mozversion application_buildid: 20180608150819
16:21:36     INFO - mozversion application_changeset: cbfdf01aac455e0591471201c96b89dee98190b5
16:21:36     INFO - mozversion application_display_name: Nightly
16:21:36     INFO - mozversion application_id: {ec8030f7-c20a-464f-9b0e-13a3a9e97384}
16:21:36     INFO - mozversion application_name: Firefox
16:21:36     INFO - mozversion application_remotingname: firefox
16:21:36     INFO - mozversion application_repository: https://hg.mozilla.org/releases/mozilla-esr52
16:21:36     INFO - mozversion application_vendor: Mozilla
16:21:36     INFO - mozversion application_version: 52.8.2
16:21:36     INFO - mozversion platform_buildid: 20180608150819
16:21:36     INFO - mozversion platform_changeset: cbfdf01aac455e0591471201c96b89dee98190b5
16:21:36     INFO - mozversion platform_repository: https://hg.mozilla.org/releases/mozilla-esr52
16:21:36     INFO - mozversion platform_version: 52.8.2
16:21:36     INFO - Application command: /builds/slave/test/build/application/firefox/firefox -no-remote -marionette -profile /tmp/tmpkb_ySP.mozrunner
16:21:44     INFO - Profile path is /tmp/tmpkb_ySP.mozrunner
16:21:44     INFO - Starting fixture servers
16:22:01     INFO - Fixture server listening on http://127.0.0.1:36909/
16:22:01     INFO - Fixture server listening on https://127.0.0.1:48012/
16:22:02     INFO - mozinfo updated from: /builds/slave/test/build/tests/mozinfo.json
16:22:02     INFO - mozinfo is: {u'bin_suffix': u'', u'pgo': False, u'sync': True, u'buildapp': u'browser', u'crashreporter': True, u'addon_signing': True, u'require_signing': False, u'release_or_beta': True, u'appname': u'firefox', u'mozconfig': u'/builds/slave/m-esr52-lx-d-00000000000000000/build/src/.mozconfig', u'topsrcdir': u'/builds/slave/m-esr52-lx-d-00000000000000000/build/src', u'telemetry': False, 'os_version': StringVersion ('12.04'), 'version': 'Ubuntu 12.04', u'datareporting': True, u'buildtype_guess': u'debug', 'bits': 32, 'has_sandbox': True, u'sm_promise': True, u'toolkit': u'gtk3', u'healthreport': True, u'asan': False, u'platform_guess': u'linux', u'tests_enabled': True, 'linux_distro': 'Ubuntu', u'official': True, u'tsan': False, u'nightly_build': False, u'debug': True, 'os': u'linux', 'processor': u'x86'}
16:22:02     INFO - e10s is enabled
16:22:02     INFO - mozversion application_buildid: 20180608150819
16:22:02     INFO - mozversion application_changeset: cbfdf01aac455e0591471201c96b89dee98190b5
16:22:02     INFO - mozversion application_display_name: Nightly
16:22:02     INFO - mozversion application_id: {ec8030f7-c20a-464f-9b0e-13a3a9e97384}
16:22:02     INFO - mozversion application_name: Firefox
16:22:02     INFO - mozversion application_remotingname: firefox
16:22:02     INFO - mozversion application_repository: https://hg.mozilla.org/releases/mozilla-esr52
16:22:02     INFO - mozversion application_vendor: Mozilla
16:22:02     INFO - mozversion application_version: 52.8.2
16:22:02     INFO - mozversion platform_buildid: 20180608150819
16:22:02     INFO - mozversion platform_changeset: cbfdf01aac455e0591471201c96b89dee98190b5
16:22:02     INFO - mozversion platform_repository: https://hg.mozilla.org/releases/mozilla-esr52
16:22:02     INFO - mozversion platform_version: 52.8.2
16:22:02     INFO - SUITE-START | Running 87 tests
16:22:02     INFO - TEST-START | test_text_chrome.py
16:22:02     INFO - TEST-SKIP | test_text_chrome.py | took 1ms
16:22:02     INFO - TEST-START | test_getactiveframe_oop.py
16:22:02     INFO - TEST-SKIP | test_getactiveframe_oop.py | took 1ms
16:22:02     INFO - TEST-START | test_set_window_size.py
16:22:02     INFO - TEST-SKIP | test_set_window_size.py | took 0ms
16:22:02     INFO - TEST-START | test_marionette.py TestMarionette.test_correct_test_name
16:22:04     INFO - TEST-PASS | test_marionette.py TestMarionette.test_correct_test_name | took 1375ms
16:22:04     INFO - TEST-START | test_marionette.py TestMarionette.test_wait_for_port_non_existing_process
16:22:04     INFO - Application command: /builds/slave/test/build/application/firefox/firefox -no-remote -marionette -profile /tmp/tmpDQkhS5.mozrunner
16:22:30     INFO - TEST-PASS | test_marionette.py TestMarionette.test_wait_for_port_non_existing_process | took 26426ms
16:22:30     INFO - TEST-START | test_marionette.py TestProtocol2Errors.test_known_error_status
16:22:31     INFO - TEST-PASS | test_marionette.py TestProtocol2Errors.test_known_error_status | took 1024ms
16:22:31     INFO - TEST-START | test_marionette.py TestProtocol2Errors.test_malformed_packet
16:22:32     INFO - TEST-PASS | test_marionette.py TestProtocol2Errors.test_malformed_packet | took 715ms
16:22:32     INFO - TEST-START | test_marionette.py TestProtocol2Errors.test_unknown_error_status
16:22:32     INFO - TEST-PASS | test_marionette.py TestProtocol2Errors.test_unknown_error_status | took 696ms
16:22:32     INFO - TEST-START | test_geckoinstance.py TestGeckoInstance.test_create
16:22:33     INFO - TEST-PASS | test_geckoinstance.py TestGeckoInstance.test_create | took 349ms
16:22:33     INFO - TEST-START | test_data_driven.py TestDataDriven.test_marionette_test_case_is_parameterizable
16:22:33     INFO - TEST-PASS | test_data_driven.py TestDataDriven.test_marionette_test_case_is_parameterizable | took 360ms
16:22:33     INFO - TEST-START | test_data_driven.py TestDataDriven.test_parameterized
16:22:34     INFO - TEST-PASS | test_data_driven.py TestDataDriven.test_parameterized | took 441ms
16:22:34     INFO - TEST-START | test_data_driven.py TestDataDriven.test_parameterized_same_name_raises_error
16:22:34     INFO - TEST-PASS | test_data_driven.py TestDataDriven.test_parameterized_same_name_raises_error | took 383ms
16:22:34     INFO - TEST-START | test_data_driven.py TestDataDriven.test_with_parameters
16:22:34     INFO - TEST-PASS | test_data_driven.py TestDataDriven.test_with_parameters | took 311ms
16:22:34     INFO - TEST-START | test_session.py TestSession.test_get_session_id
16:22:35     INFO - TEST-PASS | test_session.py TestSession.test_get_session_id | took 510ms
16:22:35     INFO - TEST-START | test_session.py TestSession.test_new_session_returns_capabilities
16:22:35     INFO - TEST-PASS | test_session.py TestSession.test_new_session_returns_capabilities | took 587ms
16:22:35     INFO - TEST-START | test_session.py TestSession.test_no_session
16:22:36     INFO - TEST-PASS | test_session.py TestSession.test_no_session | took 512ms
16:22:36     INFO - TEST-START | test_session.py TestSession.test_session_already_started
16:22:37     INFO - TEST-PASS | test_session.py TestSession.test_session_already_started | took 865ms
16:22:37     INFO - TEST-START | test_session.py TestSession.test_set_the_session_id
16:22:38     INFO - TEST-PASS | test_session.py TestSession.test_set_the_session_id | took 723ms
16:22:38     INFO - TEST-START | test_capabilities.py TestCapabilities.test_additional_capabilities
16:22:38     INFO - TEST-PASS | test_capabilities.py TestCapabilities.test_additional_capabilities | took 548ms
16:22:38     INFO - TEST-START | test_capabilities.py TestCapabilities.test_capability_types
16:22:39     INFO -  testing value
16:22:39     INFO -    with desiredCapabilities
16:22:39     INFO -    with requiredCapabilities
16:22:39     INFO -  testing value invalid
16:22:39     INFO -    with desiredCapabilities
16:22:39     INFO -    with requiredCapabilities
16:22:39     INFO -  testing value True
16:22:39     INFO -    with desiredCapabilities
16:22:39     INFO -    with requiredCapabilities
16:22:39     INFO -  testing value 42
16:22:39     INFO -    with desiredCapabilities
16:22:39     INFO -    with requiredCapabilities
16:22:39     INFO -  testing value []
16:22:39     INFO -    with desiredCapabilities
16:22:39     INFO -    with requiredCapabilities
16:22:39     INFO - TEST-PASS | test_capabilities.py TestCapabilities.test_capability_types | took 1313ms
16:22:39     INFO - TEST-START | test_capabilities.py TestCapabilities.test_mandated_capabilities
16:22:40     INFO - TEST-PASS | test_capabilities.py TestCapabilities.test_mandated_capabilities | took 516ms
16:22:40     INFO - TEST-START | test_capabilities.py TestCapabilities.test_set_specification_level
16:22:41     INFO - TEST-PASS | test_capabilities.py TestCapabilities.test_set_specification_level | took 817ms
16:22:41     INFO - TEST-START | test_capabilities.py TestCapabilities.test_supported_features
16:22:41     INFO - TEST-PASS | test_capabilities.py TestCapabilities.test_supported_features | took 383ms
16:22:41     INFO - TEST-START | test_capabilities.py TestCapabilities.test_we_can_pass_in_required_capabilities_on_session_start
16:22:42     INFO - TEST-PASS | test_capabilities.py TestCapabilities.test_we_can_pass_in_required_capabilities_on_session_start | took 746ms
16:22:42     INFO - TEST-START | test_capabilities.py TestCapabilities.test_we_get_valid_uuid4_when_creating_a_session
16:22:42     INFO - TEST-PASS | test_capabilities.py TestCapabilities.test_we_get_valid_uuid4_when_creating_a_session | took 435ms
16:22:42     INFO - TEST-START | test_capabilities.py TestCapabilityMatching.test_accept_insecure_certs
16:22:43     INFO -  testing desiredCapabilities
16:22:43     INFO -    type <type 'str'>
16:22:43     INFO -    type <type 'int'>
16:22:43     INFO -    type <type 'dict'>
16:22:43     INFO -    type <type 'list'>
16:22:43     INFO -  testing requiredCapabilities
16:22:43     INFO -    type <type 'str'>
16:22:43     INFO -    type <type 'int'>
16:22:43     INFO -    type <type 'dict'>
16:22:43     INFO -    type <type 'list'>
16:22:44     INFO - TEST-PASS | test_capabilities.py TestCapabilityMatching.test_accept_insecure_certs | took 1608ms
16:22:44     INFO - TEST-START | test_capabilities.py TestCapabilityMatching.test_browser_name_desired
16:22:45     INFO - TEST-PASS | test_capabilities.py TestCapabilityMatching.test_browser_name_desired | took 829ms
16:22:45     INFO - TEST-START | test_capabilities.py TestCapabilityMatching.test_browser_name_desired_allowed_types
16:22:46     INFO - TEST-PASS | test_capabilities.py TestCapabilityMatching.test_browser_name_desired_allowed_types | took 1563ms
16:22:46     INFO - TEST-START | test_capabilities.py TestCapabilityMatching.test_browser_name_desired_disallowed_types
16:22:47     INFO - TEST-PASS | test_capabilities.py TestCapabilityMatching.test_browser_name_desired_disallowed_types | took 1009ms
16:22:47     INFO - TEST-START | test_capabilities.py TestCapabilityMatching.test_browser_name_error_on_invalid_required
16:22:48     INFO - TEST-PASS | test_capabilities.py TestCapabilityMatching.test_browser_name_error_on_invalid_required | took 689ms
16:22:48     INFO - TEST-START | test_capabilities.py TestCapabilityMatching.test_browser_name_prefers_required
16:22:49     INFO - TEST-PASS | test_capabilities.py TestCapabilityMatching.test_browser_name_prefers_required | took 637ms
16:22:49     INFO - TEST-START | test_capabilities.py TestCapabilityMatching.test_browser_name_required
16:22:49     INFO - TEST-PASS | test_capabilities.py TestCapabilityMatching.test_browser_name_required | took 708ms
16:22:49     INFO - TEST-START | test_capabilities.py TestCapabilityMatching.test_browser_name_required_allowed_types
16:22:50     INFO - TEST-PASS | test_capabilities.py TestCapabilityMatching.test_browser_name_required_allowed_types | took 955ms
16:22:50     INFO - TEST-START | test_capabilities.py TestCapabilityMatching.test_browser_name_requried_disallowed_types
16:22:51     INFO - TEST-PASS | test_capabilities.py TestCapabilityMatching.test_browser_name_requried_disallowed_types | took 1001ms
16:22:51     INFO - TEST-START | test_capabilities.py TestCapabilityMatching.test_page_load_strategy
16:22:52     INFO -  valid strategy none
16:22:52     INFO -  valid strategy eager
16:22:52     INFO -  valid strategy normal
16:22:52     INFO -  invalid strategy
16:22:52     INFO -  invalid strategy EAGER
16:22:52     INFO -  invalid strategy True
16:22:52     INFO -  invalid strategy 42
16:22:52     INFO -  invalid strategy {}
16:22:53     INFO -  invalid strategy []
16:22:53     INFO - TEST-PASS | test_capabilities.py TestCapabilityMatching.test_page_load_strategy | took 1380ms
16:22:53     INFO - TEST-START | test_capabilities.py TestCapabilityMatching.test_platform_name_desired
16:22:54     INFO - TEST-PASS | test_capabilities.py TestCapabilityMatching.test_platform_name_desired | took 1222ms
16:22:54     INFO - TEST-START | test_capabilities.py TestCapabilityMatching.test_platform_name_desired_allowed_types
16:22:55     INFO - TEST-PASS | test_capabilities.py TestCapabilityMatching.test_platform_name_desired_allowed_types | took 1278ms
16:22:55     INFO - TEST-START | test_capabilities.py TestCapabilityMatching.test_platform_name_desired_disallowed_types
16:22:56     INFO - TEST-PASS | test_capabilities.py TestCapabilityMatching.test_platform_name_desired_disallowed_types | took 1119ms
16:22:56     INFO - TEST-START | test_capabilities.py TestCapabilityMatching.test_platform_name_error_on_invalid_required
16:22:57     INFO - TEST-PASS | test_capabilities.py TestCapabilityMatching.test_platform_name_error_on_invalid_required | took 678ms
16:22:57     INFO - TEST-START | test_capabilities.py TestCapabilityMatching.test_platform_name_prefers_required
16:22:58     INFO - TEST-PASS | test_capabilities.py TestCapabilityMatching.test_platform_name_prefers_required | took 730ms
16:22:58     INFO - TEST-START | test_capabilities.py TestCapabilityMatching.test_platform_name_required
16:22:58     INFO - TEST-PASS | test_capabilities.py TestCapabilityMatching.test_platform_name_required | took 520ms
16:22:58     INFO - TEST-START | test_capabilities.py TestCapabilityMatching.test_platform_name_required_allowed_types
16:22:59     INFO - TEST-PASS | test_capabilities.py TestCapabilityMatching.test_platform_name_required_allowed_types | took 674ms
16:22:59     INFO - TEST-START | test_capabilities.py TestCapabilityMatching.test_platform_name_requried_disallowed_types
16:23:00     INFO - TEST-PASS | test_capabilities.py TestCapabilityMatching.test_platform_name_requried_disallowed_types | took 746ms
16:23:00     INFO - TEST-START | test_capabilities.py TestCapabilityMatching.test_proxy_default
16:23:00     INFO - TEST-PASS | test_capabilities.py TestCapabilityMatching.test_proxy_default | took 585ms
16:23:00     INFO - TEST-START | test_capabilities.py TestCapabilityMatching.test_proxy_desired
16:23:01     INFO - TEST-PASS | test_capabilities.py TestCapabilityMatching.test_proxy_desired | took 670ms
16:23:01     INFO - TEST-START | test_capabilities.py TestCapabilityMatching.test_proxy_required
16:23:02     INFO - TEST-PASS | test_capabilities.py TestCapabilityMatching.test_proxy_required | took 574ms
16:23:02     INFO - TEST-START | test_capabilities.py TestCapabilityMatching.test_timeouts
16:23:02     INFO - TEST-PASS | test_capabilities.py TestCapabilityMatching.test_timeouts | took 498ms
16:23:02     INFO - TEST-START | test_accessibility.py TestAccessibility.test_click_raises_element_not_accessible
16:23:07     INFO - TEST-PASS | test_accessibility.py TestAccessibility.test_click_raises_element_not_accessible | took 4797ms
16:23:07     INFO - TEST-START | test_accessibility.py TestAccessibility.test_click_raises_no_exceptions
16:23:11     INFO - TEST-PASS | test_accessibility.py TestAccessibility.test_click_raises_no_exceptions | took 3709ms
16:23:11     INFO - TEST-START | test_accessibility.py TestAccessibility.test_element_is_enabled_to_accessibility
16:23:12     INFO - TEST-PASS | test_accessibility.py TestAccessibility.test_element_is_enabled_to_accessibility | took 1646ms
16:23:12     INFO - TEST-START | test_accessibility.py TestAccessibility.test_element_is_not_enabled_to_accessbility
16:23:17     INFO - TEST-PASS | test_accessibility.py TestAccessibility.test_element_is_not_enabled_to_accessbility | took 4258ms
16:23:17     INFO - TEST-START | test_accessibility.py TestAccessibility.test_element_is_visible_to_accessibility
16:23:19     INFO - TEST-PASS | test_accessibility.py TestAccessibility.test_element_is_visible_to_accessibility | took 2801ms
16:23:19     INFO - TEST-START | test_accessibility.py TestAccessibility.test_element_visible_but_not_visible_to_accessbility
16:23:21     INFO - TEST-PASS | test_accessibility.py TestAccessibility.test_element_visible_but_not_visible_to_accessbility | took 2028ms
16:23:21     INFO - TEST-START | test_accessibility.py TestAccessibility.test_is_selected_raises_no_exception
16:23:25     INFO - TEST-PASS | test_accessibility.py TestAccessibility.test_is_selected_raises_no_exception | took 3465ms
16:23:25     INFO - TEST-START | test_accessibility.py TestAccessibility.test_send_keys_raises_element_not_accessible
16:23:28     INFO - TEST-PASS | test_accessibility.py TestAccessibility.test_send_keys_raises_element_not_accessible | took 2974ms
16:23:28     INFO - TEST-START | test_accessibility.py TestAccessibility.test_send_keys_raises_no_exception
16:23:31     INFO - TEST-PASS | test_accessibility.py TestAccessibility.test_send_keys_raises_no_exception | took 2972ms
16:23:31     INFO - TEST-START | test_accessibility.py TestAccessibility.test_single_tap_raises_element_not_accessible
16:23:36     INFO - TEST-PASS | test_accessibility.py TestAccessibility.test_single_tap_raises_element_not_accessible | took 4778ms
16:23:36     INFO - TEST-START | test_accessibility.py TestAccessibility.test_single_tap_raises_no_exceptions
16:23:40     INFO - TEST-PASS | test_accessibility.py TestAccessibility.test_single_tap_raises_no_exceptions | took 4559ms
16:23:40     INFO - TEST-START | test_accessibility.py TestAccessibility.test_valid_click
16:23:43     INFO - TEST-PASS | test_accessibility.py TestAccessibility.test_valid_click | took 3056ms
16:23:43     INFO - TEST-START | test_accessibility.py TestAccessibility.test_valid_single_tap
16:23:47     INFO - TEST-PASS | test_accessibility.py TestAccessibility.test_valid_single_tap | took 3625ms
16:23:47     INFO - TEST-START | test_expectedfail.py TestFail.test_fails
16:23:48     INFO - TEST-FAIL | test_expectedfail.py TestFail.test_fails | took 1520ms
16:23:48     INFO - TEST-START | test_import_script.py TestImportScriptChrome.test_clear_scripts_in_other_context
16:23:49     INFO - TEST-PASS | test_import_script.py TestImportScriptChrome.test_clear_scripts_in_other_context | took 630ms
16:23:49     INFO - TEST-START | test_import_script.py TestImportScriptChrome.test_import_script
16:23:50     INFO - TEST-PASS | test_import_script.py TestImportScriptChrome.test_import_script | took 634ms
16:23:50     INFO - TEST-START | test_import_script.py TestImportScriptChrome.test_import_script_and_clear
16:23:51     INFO - TEST-PASS | test_import_script.py TestImportScriptChrome.test_import_script_and_clear | took 823ms
16:23:51     INFO - TEST-START | test_import_script.py TestImportScriptChrome.test_import_script_twice
16:23:51     INFO - TEST-PASS | test_import_script.py TestImportScriptChrome.test_import_script_twice | took 738ms
16:23:51     INFO - TEST-START | test_import_script.py TestImportScriptChrome.test_imports_apply_globally
16:23:52     INFO - TEST-SKIP | test_import_script.py TestImportScriptChrome.test_imports_apply_globally | took 419ms
16:23:52     INFO - TEST-START | test_import_script.py TestImportScriptChrome.test_multiple_imports
16:23:53     INFO - TEST-PASS | test_import_script.py TestImportScriptChrome.test_multiple_imports | took 1455ms
16:23:53     INFO - TEST-START | test_import_script.py TestImportScriptContent.test_clear_scripts_in_other_context
16:23:54     INFO - TEST-PASS | test_import_script.py TestImportScriptContent.test_clear_scripts_in_other_context | took 831ms
16:23:54     INFO - TEST-START | test_import_script.py TestImportScriptContent.test_import_script
16:23:55     INFO - TEST-PASS | test_import_script.py TestImportScriptContent.test_import_script | took 800ms
16:23:55     INFO - TEST-START | test_import_script.py TestImportScriptContent.test_import_script_and_clear
16:23:57     INFO - TEST-PASS | test_import_script.py TestImportScriptContent.test_import_script_and_clear | took 1797ms
16:23:57     INFO - TEST-START | test_import_script.py TestImportScriptContent.test_import_script_twice
16:23:59     INFO - TEST-PASS | test_import_script.py TestImportScriptContent.test_import_script_twice | took 2233ms
16:23:59     INFO - TEST-START | test_import_script.py TestImportScriptContent.test_imports_apply_globally
16:24:08     INFO - TEST-PASS | test_import_script.py TestImportScriptContent.test_imports_apply_globally | took 8914ms
16:24:08     INFO - TEST-START | test_import_script.py TestImportScriptContent.test_multiple_imports
16:24:09     INFO - TEST-PASS | test_import_script.py TestImportScriptContent.test_multiple_imports | took 1403ms
16:24:09     INFO - TEST-START | test_click.py TestClick.test_centre_outside_viewport
16:24:12     INFO - TEST-PASS | test_click.py TestClick.test_centre_outside_viewport | took 2794ms
16:24:12     INFO - TEST-START | test_click.py TestClick.test_centre_outside_viewport_horizontally
16:24:15     INFO - TEST-PASS | test_click.py TestClick.test_centre_outside_viewport_horizontally | took 2670ms
16:24:15     INFO - TEST-START | test_click.py TestClick.test_centre_outside_viewport_vertically
16:24:17     INFO - TEST-PASS | test_click.py TestClick.test_centre_outside_viewport_vertically | took 2315ms
16:24:17     INFO - TEST-START | test_click.py TestClick.test_click
16:24:20     INFO - TEST-PASS | test_click.py TestClick.test_click | took 2561ms
16:24:20     INFO - TEST-START | test_click.py TestClick.test_click_element_obscured_by_absolute_positioned_element
16:24:23     INFO - TEST-PASS | test_click.py TestClick.test_click_element_obscured_by_absolute_positioned_element | took 3730ms
16:24:23     INFO - TEST-START | test_click.py TestClick.test_click_number_link
16:24:30     INFO - TEST-PASS | test_click.py TestClick.test_click_number_link | took 6711ms
16:24:30     INFO - TEST-START | test_click.py TestClick.test_clicking_an_element_that_is_not_displayed_raises
16:24:32     INFO - TEST-PASS | test_click.py TestClick.test_clicking_an_element_that_is_not_displayed_raises | took 2302ms
16:24:32     INFO - TEST-START | test_click.py TestClick.test_clicking_on_a_multiline_link
16:24:37     INFO - TEST-PASS | test_click.py TestClick.test_clicking_on_a_multiline_link | took 5037ms
16:24:37     INFO - TEST-START | test_click.py TestClick.test_container_element
16:24:40     INFO - TEST-PASS | test_click.py TestClick.test_container_element | took 2855ms
16:24:40     INFO - TEST-START | test_click.py TestClick.test_container_element_outside_view
16:24:44     INFO - TEST-PASS | test_click.py TestClick.test_container_element_outside_view | took 3794ms
16:24:44     INFO - TEST-START | test_click.py TestClick.test_css_transforms
16:24:46     INFO - TEST-PASS | test_click.py TestClick.test_css_transforms | took 1981ms
16:24:46     INFO - TEST-START | test_click.py TestClick.test_input_file
16:24:48     INFO - TEST-PASS | test_click.py TestClick.test_input_file | took 1891ms
16:24:48     INFO - TEST-START | test_click.py TestClick.test_obscured_element
16:24:50     INFO - TEST-PASS | test_click.py TestClick.test_obscured_element | took 2295ms
16:24:50     INFO - TEST-START | test_click.py TestClick.test_scroll_into_view_near_end
16:24:54     INFO - TEST-PASS | test_click.py TestClick.test_scroll_into_view_near_end | took 3759ms
16:24:54     INFO - TEST-START | test_click.py TestLegacyClick.test_click
16:24:56     INFO - TEST-PASS | test_click.py TestLegacyClick.test_click | took 2162ms
16:24:56     INFO - TEST-START | test_click.py TestLegacyClick.test_click_number_link
16:25:00     INFO - TEST-PASS | test_click.py TestLegacyClick.test_click_number_link | took 4000ms
16:25:00     INFO - TEST-START | test_click.py TestLegacyClick.test_clicking_an_element_that_is_not_displayed_raises
16:25:02     INFO - TEST-PASS | test_click.py TestLegacyClick.test_clicking_an_element_that_is_not_displayed_raises | took 2087ms
16:25:02     INFO - TEST-START | test_click.py TestLegacyClick.test_clicking_on_a_multiline_link
16:25:07     INFO - TEST-PASS | test_click.py TestLegacyClick.test_clicking_on_a_multiline_link | took 5123ms
16:25:07     INFO - TEST-START | test_click.py TestLegacyClick.test_scroll_into_view_near_end
16:25:10     INFO - TEST-PASS | test_click.py TestLegacyClick.test_scroll_into_view_near_end | took 2955ms
16:25:10     INFO - TEST-START | test_click_chrome.py TestClickChrome.test_click
16:25:13     INFO - TEST-PASS | test_click_chrome.py TestClickChrome.test_click | took 2501ms
16:25:13     INFO - TEST-START | test_checkbox.py TestCheckbox.test_selected
16:25:16     INFO - TEST-PASS | test_checkbox.py TestCheckbox.test_selected | took 3108ms
16:25:16     INFO - TEST-START | test_checkbox_chrome.py TestSelectedChrome.test_selected
16:25:20     INFO - TEST-PASS | test_checkbox_chrome.py TestSelectedChrome.test_selected | took 4293ms
16:25:20     INFO - TEST-START | test_elementsize.py TestElementSize.testShouldReturnTheSizeOfALink
16:25:24     INFO - TEST-PASS | test_elementsize.py TestElementSize.testShouldReturnTheSizeOfALink | took 4080ms
16:25:24     INFO - TEST-START | test_elementsize_chrome.py TestElementSizeChrome.testShouldReturnTheSizeOfAnInput
16:25:28     INFO - TEST-PASS | test_elementsize_chrome.py TestElementSizeChrome.testShouldReturnTheSizeOfAnInput | took 3464ms
16:25:28     INFO - TEST-START | test_position.py TestPosition.test_should_get_element_position_back
16:25:30     INFO - TEST-PASS | test_position.py TestPosition.test_should_get_element_position_back | took 1705ms
16:25:30     INFO - TEST-START | test_rendered_element.py RenderedElementTests.testWeCanGetComputedStyleValueOnElement
16:25:32     INFO - TEST-PASS | test_rendered_element.py RenderedElementTests.testWeCanGetComputedStyleValueOnElement | took 2615ms
16:25:32     INFO - TEST-START | test_chrome_element_css.py TestChromeElementCSS.test_we_can_get_css_value_on_chrome_element
16:25:34     INFO - TEST-PASS | test_chrome_element_css.py TestChromeElementCSS.test_we_can_get_css_value_on_chrome_element | took 2185ms
16:25:34     INFO - TEST-START | test_element_state.py TestGetElementAttribute.test_boolean_attributes
16:25:35     INFO -  testing boolean attribute <textarea autofocus>
16:25:37     INFO -  testing boolean attribute <textarea disabled>
16:25:38     INFO -  testing boolean attribute <textarea readonly>
16:25:40     INFO -  testing boolean attribute <textarea required>
16:25:41     INFO -  testing boolean attribute <object typemustmatch>
16:25:45     INFO -  testing boolean attribute <fieldset disabled>
16:25:46     INFO -  testing boolean attribute <iframe allowfullscreen>
16:25:47     INFO -  testing boolean attribute <form novalidate>
16:25:48     INFO -  testing boolean attribute <script async>
16:25:49     INFO -  testing boolean attribute <script defer>
16:25:50     INFO -  testing boolean attribute <track default>
16:25:50     INFO -  testing boolean attribute <button autofocus>
16:25:52     INFO -  testing boolean attribute <button disabled>
16:25:53     INFO -  testing boolean attribute <button formnovalidate>
16:25:55     INFO -  testing boolean attribute <img ismap>
16:25:56     INFO -  testing boolean attribute <optgroup disabled>
16:25:57     INFO -  testing boolean attribute <ol reversed>
16:25:58     INFO -  testing boolean attribute <video autoplay>
16:25:59     INFO -  testing boolean attribute <video controls>
16:26:01     INFO -  testing boolean attribute <video loop>
16:26:02     INFO -  testing boolean attribute <video muted>
16:26:03     INFO -  testing boolean attribute <details open>
16:26:05     INFO -  testing boolean attribute <dialog open>
16:26:06     INFO -  testing boolean attribute <menuitem checked>
16:26:07     INFO -  testing boolean attribute <menuitem default>
16:26:08     INFO -  testing boolean attribute <menuitem disabled>
16:26:09     INFO -  testing boolean attribute <input autofocus>
16:26:10     INFO -  testing boolean attribute <input checked>
16:26:11     INFO -  testing boolean attribute <input disabled>
16:26:12     INFO -  testing boolean attribute <input formnovalidate>
16:26:13     INFO -  testing boolean attribute <input multiple>
16:26:14     INFO -  testing boolean attribute <input readonly>
16:26:16     INFO -  testing boolean attribute <input required>
16:26:20     INFO -  testing boolean attribute <audio autoplay>
16:26:21     INFO -  testing boolean attribute <audio controls>
16:26:22     INFO -  testing boolean attribute <audio loop>
16:26:22     INFO -  testing boolean attribute <audio muted>
16:26:23     INFO -  testing boolean attribute <select autofocus>
16:26:24     INFO -  testing boolean attribute <select disabled>
16:26:25     INFO -  testing boolean attribute <select multiple>
16:26:26     INFO -  testing boolean attribute <select required>
16:26:27     INFO -  testing boolean attribute <option disabled>
16:26:28     INFO -  testing boolean attribute <option selected>
16:26:29     INFO - TEST-PASS | test_element_state.py TestGetElementAttribute.test_boolean_attributes | took 54768ms
16:26:29     INFO - TEST-START | test_element_state.py TestGetElementAttribute.test_global_boolean_attributes
16:26:34     INFO - TEST-PASS | test_element_state.py TestGetElementAttribute.test_global_boolean_attributes | took 4790ms
16:26:34     INFO - TEST-START | test_element_state.py TestGetElementAttribute.test_normal_attribute
16:26:35     INFO - TEST-PASS | test_element_state.py TestGetElementAttribute.test_normal_attribute | took 1392ms
16:26:35     INFO - TEST-START | test_element_state.py TestGetElementAttribute.test_xhtml
16:26:37     INFO - TEST-PASS | test_element_state.py TestGetElementAttribute.test_xhtml | took 1449ms
16:26:37     INFO - TEST-START | test_element_state.py TestGetElementProperty.test_attribute_not_returned
16:26:39     INFO - TEST-PASS | test_element_state.py TestGetElementProperty.test_attribute_not_returned | took 1853ms
16:26:39     INFO - TEST-START | test_element_state.py TestGetElementProperty.test_get
16:26:41     INFO - TEST-PASS | test_element_state.py TestGetElementProperty.test_get | took 2087ms
16:26:41     INFO - TEST-START | test_element_state.py TestGetElementProperty.test_manipulated_element
16:26:43     INFO - TEST-PASS | test_element_state.py TestGetElementProperty.test_manipulated_element | took 2502ms
16:26:43     INFO - TEST-START | test_element_state.py TestGetElementProperty.test_missing_property_returns_default
16:26:45     INFO - TEST-PASS | test_element_state.py TestGetElementProperty.test_missing_property_returns_default | took 1610ms
16:26:45     INFO - TEST-START | test_element_state.py TestIsElementDisplayed.test_is_displayed
16:26:47     INFO - TEST-PASS | test_element_state.py TestIsElementDisplayed.test_is_displayed | took 2313ms
16:26:47     INFO - TEST-START | test_element_state.py TestIsElementEnabled.test_is_enabled
16:26:52     INFO - TEST-PASS | test_element_state.py TestIsElementEnabled.test_is_enabled | took 4522ms
16:26:52     INFO - TEST-START | test_element_state_chrome.py TestGetElementAttributeChrome.test_get
16:26:54     INFO - TEST-PASS | test_element_state_chrome.py TestGetElementAttributeChrome.test_get | took 2450ms
16:26:54     INFO - TEST-START | test_element_state_chrome.py TestGetElementProperty.test_get
16:27:01     INFO - TEST-PASS | test_element_state_chrome.py TestGetElementProperty.test_get | took 6452ms
16:27:01     INFO - TEST-START | test_element_state_chrome.py TestIsElementDisplayed.test_isDisplayed
16:27:01     INFO - TEST-SKIP | test_element_state_chrome.py TestIsElementDisplayed.test_isDisplayed | took 0ms
16:27:01     INFO - TEST-START | test_element_state_chrome.py TestIsElementEnabledChrome.test_can_get_element_rect
16:27:04     INFO - TEST-PASS | test_element_state_chrome.py TestIsElementEnabledChrome.test_can_get_element_rect | took 3236ms
16:27:04     INFO - TEST-START | test_element_state_chrome.py TestIsElementEnabledChrome.test_enabled
16:27:07     INFO - TEST-PASS | test_element_state_chrome.py TestIsElementEnabledChrome.test_enabled | took 3380ms
16:27:07     INFO - TEST-START | test_text.py TestText.testNumericNonShiftKeys
16:27:13     INFO - TEST-PASS | test_text.py TestText.testNumericNonShiftKeys | took 5631ms
16:27:13     INFO - TEST-START | test_text.py TestText.testShouldTypeAnInteger
16:27:16     INFO - TEST-PASS | test_text.py TestText.testShouldTypeAnInteger | took 3161ms
16:27:16     INFO - TEST-START | test_text.py TestText.test_arrow_keys_are_not_printable
16:27:20     INFO - TEST-PASS | test_text.py TestText.test_arrow_keys_are_not_printable | took 3705ms
16:27:20     INFO - TEST-START | test_text.py TestText.test_clearText
16:27:23     INFO - TEST-PASS | test_text.py TestText.test_clearText | took 3272ms
16:27:23     INFO - TEST-START | test_text.py TestText.test_getText
16:27:26     INFO - TEST-PASS | test_text.py TestText.test_getText | took 2856ms
16:27:26     INFO - TEST-START | test_text.py TestText.test_sendKeys
16:27:31     INFO - TEST-PASS | test_text.py TestText.test_sendKeys | took 5321ms
16:27:31     INFO - TEST-START | test_text.py TestText.test_send_keys_to_type_input
16:27:34     INFO - TEST-PASS | test_text.py TestText.test_send_keys_to_type_input | took 2997ms
16:27:34     INFO - TEST-START | test_text.py TestText.test_should_fire_key_down_events
16:27:39     INFO - TEST-PASS | test_text.py TestText.test_should_fire_key_down_events | took 5028ms
16:27:39     INFO - TEST-START | test_text.py TestText.test_should_fire_key_press_events
16:27:42     INFO - TEST-PASS | test_text.py TestText.test_should_fire_key_press_events | took 3208ms
16:27:42     INFO - TEST-START | test_text.py TestText.test_should_fire_key_up_events
16:27:45     INFO - TEST-PASS | test_text.py TestText.test_should_fire_key_up_events | took 3000ms
16:27:45     INFO - TEST-START | test_text.py TestText.test_should_report_key_code_of_arrow_keys_up_down_events
16:27:51     INFO - TEST-PASS | test_text.py TestText.test_should_report_key_code_of_arrow_keys_up_down_events | took 5811ms
16:27:51     INFO - TEST-START | test_text.py TestText.test_should_type_a_mix_of_upper_and_lower_case_character
16:27:54     INFO - TEST-PASS | test_text.py TestText.test_should_type_a_mix_of_upper_and_lower_case_character | took 2794ms
16:27:54     INFO - TEST-START | test_text.py TestText.test_should_type_a_quote_characters
16:27:57     INFO - TEST-PASS | test_text.py TestText.test_should_type_a_quote_characters | took 2662ms
16:27:57     INFO - TEST-START | test_text.py TestText.test_should_type_an_at_character
16:28:00     INFO - TEST-PASS | test_text.py TestText.test_should_type_an_at_character | took 3002ms
16:28:00     INFO - TEST-START | test_text.py TestText.test_should_type_lowercase_characters
16:28:02     INFO - TEST-PASS | test_text.py TestText.test_should_type_lowercase_characters | took 2813ms
16:28:02     INFO - TEST-START | test_text.py TestText.test_should_type_uppercase_characters
16:28:06     INFO - TEST-PASS | test_text.py TestText.test_should_type_uppercase_characters | took 3801ms
16:28:06     INFO - TEST-START | test_text.py TestText.test_will_simulate_a_key_down_when_entering_text_into_input_elements
16:28:09     INFO - TEST-PASS | test_text.py TestText.test_will_simulate_a_key_down_when_entering_text_into_input_elements | took 2929ms
16:28:09     INFO - TEST-START | test_text.py TestText.test_will_simulate_a_key_press_when_entering_text_into_input_elements
16:28:12     INFO - TEST-PASS | test_text.py TestText.test_will_simulate_a_key_press_when_entering_text_into_input_elements | took 3082ms
16:28:12     INFO - TEST-START | test_text.py TestText.test_will_simulate_a_key_up_when_entering_text_into_input_elements
16:28:16     INFO - TEST-PASS | test_text.py TestText.test_will_simulate_a_key_up_when_entering_text_into_input_elements | took 3316ms
16:28:16     INFO - TEST-START | test_text.py TestText.test_will_simulate_a_keydown_when_entering_text_into_textareas
16:28:20     INFO - TEST-PASS | test_text.py TestText.test_will_simulate_a_keydown_when_entering_text_into_textareas | took 4487ms
16:28:20     INFO - TEST-START | test_text.py TestText.test_will_simulate_a_keypress_when_entering_text_into_textareas
16:28:23     INFO - TEST-PASS | test_text.py TestText.test_will_simulate_a_keypress_when_entering_text_into_textareas | took 2731ms
16:28:23     INFO - TEST-START | test_text.py TestText.test_will_simulate_a_keyup_when_entering_text_into_textareas
16:28:27     INFO - TEST-PASS | test_text.py TestText.test_will_simulate_a_keyup_when_entering_text_into_textareas | took 3716ms
16:28:27     INFO - TEST-START | test_clearing.py TestClear.testContentEditableAreaShouldClear
16:28:29     INFO - TEST-PASS | test_clearing.py TestClear.testContentEditableAreaShouldClear | took 2141ms
16:28:29     INFO - TEST-START | test_clearing.py TestClear.testTextAreaShouldNotClearWhenDisabled
16:28:31     INFO - TEST-PASS | test_clearing.py TestClear.testTextAreaShouldNotClearWhenDisabled | took 2207ms
16:28:31     INFO - TEST-START | test_clearing.py TestClear.testTextAreaShouldNotClearWhenReadOnly
16:28:33     INFO - TEST-PASS | test_clearing.py TestClear.testTextAreaShouldNotClearWhenReadOnly | took 2018ms
16:28:33     INFO - TEST-START | test_clearing.py TestClear.testTextInputShouldNotClearWhenDisabled
16:28:35     INFO - TEST-PASS | test_clearing.py TestClear.testTextInputShouldNotClearWhenDisabled | took 2064ms
16:28:35     INFO - TEST-START | test_clearing.py TestClear.testTextInputShouldNotClearWhenReadOnly
16:28:37     INFO - TEST-PASS | test_clearing.py TestClear.testTextInputShouldNotClearWhenReadOnly | took 2183ms
16:28:37     INFO - TEST-START | test_clearing.py TestClear.testWritableTextAreaShouldClear
16:28:40     INFO - TEST-PASS | test_clearing.py TestClear.testWritableTextAreaShouldClear | took 2914ms
16:28:40     INFO - TEST-START | test_clearing.py TestClear.testWriteableTextInputShouldClear
16:28:43     INFO - TEST-PASS | test_clearing.py TestClear.testWriteableTextInputShouldClear | took 3236ms
16:28:43     INFO - TEST-START | test_typing.py TestTypingChrome.test_cut_and_paste_shortcuts
16:28:52     INFO - TEST-PASS | test_typing.py TestTypingChrome.test_cut_and_paste_shortcuts | took 8532ms
16:28:52     INFO - TEST-START | test_typing.py TestTypingContent.testAllPrintableKeys
16:28:52     INFO - TEST-SKIP | test_typing.py TestTypingContent.testAllPrintableKeys | took 7ms
16:28:52     INFO - TEST-START | test_typing.py TestTypingContent.testArrowKeysShouldNotBePrintable
16:28:56     INFO - TEST-PASS | test_typing.py TestTypingContent.testArrowKeysShouldNotBePrintable | took 4524ms
16:28:56     INFO - TEST-START | test_typing.py TestTypingContent.testCutAndPasteShortcuts
16:29:02     INFO - TEST-PASS | test_typing.py TestTypingContent.testCutAndPasteShortcuts | took 5408ms
16:29:02     INFO - TEST-START | test_typing.py TestTypingContent.testLowerCaseAlphaKeys
16:29:05     INFO - TEST-PASS | test_typing.py TestTypingContent.testLowerCaseAlphaKeys | took 3220ms
16:29:05     INFO - TEST-START | test_typing.py TestTypingContent.testNumericShiftKeys
16:29:05     INFO - TEST-SKIP | test_typing.py TestTypingContent.testNumericShiftKeys | took 0ms
16:29:05     INFO - TEST-START | test_typing.py TestTypingContent.testShouldBeAbleToMixUpperAndLowerCaseLetters
16:29:08     INFO - TEST-PASS | test_typing.py TestTypingContent.testShouldBeAbleToMixUpperAndLowerCaseLetters | took 3016ms
16:29:08     INFO - TEST-START | test_typing.py TestTypingContent.testShouldBeAbleToTypeCapitalLetters
16:29:11     INFO - TEST-PASS | test_typing.py TestTypingContent.testShouldBeAbleToTypeCapitalLetters | took 2810ms
16:29:11     INFO - TEST-START | test_typing.py TestTypingContent.testShouldBeAbleToTypeQuoteMarks
16:29:14     INFO - TEST-PASS | test_typing.py TestTypingContent.testShouldBeAbleToTypeQuoteMarks | took 2706ms
16:29:14     INFO - TEST-START | test_typing.py TestTypingContent.testShouldBeAbleToTypeTheAtCharacter
16:29:17     INFO - TEST-PASS | test_typing.py TestTypingContent.testShouldBeAbleToTypeTheAtCharacter | took 3604ms
16:29:17     INFO - TEST-START | test_typing.py TestTypingContent.testShouldFireKeyDownEvents
16:29:20     INFO - TEST-PASS | test_typing.py TestTypingContent.testShouldFireKeyDownEvents | took 2839ms
16:29:20     INFO - TEST-START | test_typing.py TestTypingContent.testShouldFireKeyPressEvents
16:29:24     INFO - TEST-PASS | test_typing.py TestTypingContent.testShouldFireKeyPressEvents | took 4373ms
16:29:24     INFO - TEST-START | test_typing.py TestTypingContent.testShouldFireKeyUpEvents
16:29:27     INFO - TEST-PASS | test_typing.py TestTypingContent.testShouldFireKeyUpEvents | took 2806ms
16:29:27     INFO - TEST-START | test_typing.py TestTypingContent.testShouldReportKeyCodeOfArrowKeysUpDownEvents
16:29:33     INFO - TEST-PASS | test_typing.py TestTypingContent.testShouldReportKeyCodeOfArrowKeysUpDownEvents | took 5466ms
16:29:33     INFO - TEST-START | test_typing.py TestTypingContent.testShouldSendKeysToElementsWithoutTheValueAttribute
16:29:35     INFO - TEST-PASS | test_typing.py TestTypingContent.testShouldSendKeysToElementsWithoutTheValueAttribute | took 2559ms
16:29:35     INFO - TEST-START | test_typing.py TestTypingContent.testShouldTypeAnInteger
16:29:38     INFO - TEST-PASS | test_typing.py TestTypingContent.testShouldTypeAnInteger | took 2705ms
16:29:38     INFO - TEST-START | test_typing.py TestTypingContent.testShouldTypeLowerCaseLetters
16:29:41     INFO - TEST-PASS | test_typing.py TestTypingContent.testShouldTypeLowerCaseLetters | took 2901ms
16:29:41     INFO - TEST-START | test_typing.py TestTypingContent.testSpecialSpaceKeys
16:29:41     INFO - TEST-SKIP | test_typing.py TestTypingContent.testSpecialSpaceKeys | took 1ms
16:29:41     INFO - TEST-START | test_typing.py TestTypingContent.testUppercaseAlphaKeys
16:29:41     INFO - TEST-SKIP | test_typing.py TestTypingContent.testUppercaseAlphaKeys | took 0ms
16:29:41     INFO - TEST-START | test_typing.py TestTypingContent.testWillSimulateAKeyDownWhenEnteringTextIntoInputElements
16:29:44     INFO - TEST-PASS | test_typing.py TestTypingContent.testWillSimulateAKeyDownWhenEnteringTextIntoInputElements | took 2902ms
16:29:44     INFO - TEST-START | test_typing.py TestTypingContent.testWillSimulateAKeyDownWhenEnteringTextIntoTextAreas
16:29:47     INFO - TEST-PASS | test_typing.py TestTypingContent.testWillSimulateAKeyDownWhenEnteringTextIntoTextAreas | took 3133ms
16:29:47     INFO - TEST-START | test_typing.py TestTypingContent.testWillSimulateAKeyPressWhenEnteringTextIntoInputElements
16:29:52     INFO - TEST-PASS | test_typing.py TestTypingContent.testWillSimulateAKeyPressWhenEnteringTextIntoInputElements | took 5316ms
16:29:52     INFO - TEST-START | test_typing.py TestTypingContent.testWillSimulateAKeyPressWhenEnteringTextIntoTextAreas
16:29:55     INFO - TEST-PASS | test_typing.py TestTypingContent.testWillSimulateAKeyPressWhenEnteringTextIntoTextAreas | took 3203ms
16:29:55     INFO - TEST-START | test_typing.py TestTypingContent.testWillSimulateAKeyUpWhenEnteringTextIntoInputElements
16:29:59     INFO - TEST-PASS | test_typing.py TestTypingContent.testWillSimulateAKeyUpWhenEnteringTextIntoInputElements | took 4089ms
16:29:59     INFO - TEST-START | test_typing.py TestTypingContent.testWillSimulateAKeyUpWhenEnteringTextIntoTextAreas
16:30:04     INFO - TEST-PASS | test_typing.py TestTypingContent.testWillSimulateAKeyUpWhenEnteringTextIntoTextAreas | took 4335ms
16:30:04     INFO - TEST-START | test_typing.py TestTypingContent.test_appends_to_input_text
16:30:07     INFO - TEST-PASS | test_typing.py TestTypingContent.test_appends_to_input_text | took 3551ms
16:30:07     INFO - TEST-START | test_typing.py TestTypingContent.test_appends_to_textarea
16:30:13     INFO - TEST-PASS | test_typing.py TestTypingContent.test_appends_to_textarea | took 5713ms
16:30:13     INFO - TEST-START | test_typing.py TestTypingContent.test_not_interactable_if_hidden
16:30:15     INFO - TEST-PASS | test_typing.py TestTypingContent.test_not_interactable_if_hidden | took 2405ms
16:30:15     INFO - TEST-START | test_log.py TestLog.test_clear
16:30:17     INFO - TEST-PASS | test_log.py TestLog.test_clear | took 1368ms
16:30:17     INFO - TEST-START | test_log.py TestLog.test_log
16:30:20     INFO - TEST-PASS | test_log.py TestLog.test_log | took 2696ms
16:30:20     INFO - TEST-START | test_log.py TestLog.test_log_from_async_script
16:30:21     INFO - TEST-PASS | test_log.py TestLog.test_log_from_async_script | took 1173ms
16:30:21     INFO - TEST-START | test_log.py TestLog.test_log_from_async_script_variable_arguments
16:30:22     INFO - TEST-PASS | test_log.py TestLog.test_log_from_async_script_variable_arguments | took 834ms
16:30:22     INFO - TEST-START | test_log.py TestLog.test_log_from_sync_script
16:30:22     INFO - TEST-PASS | test_log.py TestLog.test_log_from_sync_script | took 792ms
16:30:22     INFO - TEST-START | test_log.py TestLog.test_log_from_sync_script_level
16:30:23     INFO - TEST-PASS | test_log.py TestLog.test_log_from_sync_script_level | took 617ms
16:30:23     INFO - TEST-START | test_log.py TestLog.test_log_level
16:30:24     INFO - TEST-PASS | test_log.py TestLog.test_log_level | took 697ms
16:30:24     INFO - TEST-START | test_log.py TestLog.test_multiple_entries
16:30:24     INFO - TEST-PASS | test_log.py TestLog.test_multiple_entries | took 589ms
16:30:24     INFO - TEST-START | test_log.py TestLogChrome.test_clear
16:30:25     INFO - TEST-PASS | test_log.py TestLogChrome.test_clear | took 547ms
16:30:25     INFO - TEST-START | test_log.py TestLogChrome.test_log
16:30:26     INFO - TEST-PASS | test_log.py TestLogChrome.test_log | took 765ms
16:30:26     INFO - TEST-START | test_log.py TestLogChrome.test_log_from_async_script
16:30:26     INFO - TEST-PASS | test_log.py TestLogChrome.test_log_from_async_script | took 643ms
16:30:26     INFO - TEST-START | test_log.py TestLogChrome.test_log_from_async_script_variable_arguments
16:30:27     INFO - TEST-PASS | test_log.py TestLogChrome.test_log_from_async_script_variable_arguments | took 591ms
16:30:27     INFO - TEST-START | test_log.py TestLogChrome.test_log_from_sync_script
16:30:27     INFO - TEST-PASS | test_log.py TestLogChrome.test_log_from_sync_script | took 601ms
16:30:27     INFO - TEST-START | test_log.py TestLogChrome.test_log_from_sync_script_level
16:30:28     INFO - TEST-PASS | test_log.py TestLogChrome.test_log_from_sync_script_level | took 626ms
16:30:28     INFO - TEST-START | test_log.py TestLogChrome.test_log_level
16:30:29     INFO - TEST-PASS | test_log.py TestLogChrome.test_log_level | took 638ms
16:30:29     INFO - TEST-START | test_log.py TestLogChrome.test_multiple_entries
16:30:29     INFO - TEST-PASS | test_log.py TestLogChrome.test_multiple_entries | took 607ms
16:30:29     INFO - TEST-START | test_about_pages.py TestAboutPages.test_back_forward
16:30:49     INFO - TEST-PASS | test_about_pages.py TestAboutPages.test_back_forward | took 19809ms
16:30:49     INFO - TEST-START | test_about_pages.py TestAboutPages.test_hang
16:30:55     INFO - TEST-PASS | test_about_pages.py TestAboutPages.test_hang | took 6261ms
16:30:55     INFO - TEST-START | test_about_pages.py TestAboutPages.test_navigate_non_remote_about_pages
16:31:09     INFO - TEST-PASS | test_about_pages.py TestAboutPages.test_navigate_non_remote_about_pages | took 13793ms
16:31:09     INFO - TEST-START | test_about_pages.py TestAboutPages.test_navigate_shortcut_key
16:31:17     INFO - TEST-PASS | test_about_pages.py TestAboutPages.test_navigate_shortcut_key | took 7701ms
16:31:17     INFO - TEST-START | test_about_pages.py TestAboutPages.test_type_to_non_remote_tab
16:31:17     INFO - TEST-SKIP | test_about_pages.py TestAboutPages.test_type_to_non_remote_tab | took 2ms
16:31:17     INFO - TEST-START | test_about_pages.py TestAboutPages.test_type_to_remote_tab
16:31:26     INFO - TEST-PASS | test_about_pages.py TestAboutPages.test_type_to_remote_tab | took 9110ms
16:31:26     INFO - TEST-START | test_execute_async_script.py TestExecuteAsyncChrome.test_check_window
16:31:27     INFO - TEST-PASS | test_execute_async_script.py TestExecuteAsyncChrome.test_check_window | took 1074ms
16:31:27     INFO - TEST-START | test_execute_async_script.py TestExecuteAsyncChrome.test_execute_async_js_exception
16:31:29     INFO - TEST-PASS | test_execute_async_script.py TestExecuteAsyncChrome.test_execute_async_js_exception | took 1638ms
16:31:29     INFO - TEST-START | test_execute_async_script.py TestExecuteAsyncChrome.test_execute_async_ours
16:31:30     INFO - TEST-PASS | test_execute_async_script.py TestExecuteAsyncChrome.test_execute_async_ours | took 1432ms
16:31:30     INFO - TEST-START | test_execute_async_script.py TestExecuteAsyncChrome.test_execute_async_simple
16:31:31     INFO - TEST-PASS | test_execute_async_script.py TestExecuteAsyncChrome.test_execute_async_simple | took 1003ms
16:31:31     INFO - TEST-START | test_execute_async_script.py TestExecuteAsyncChrome.test_execute_async_timeout
16:31:33     INFO - TEST-PASS | test_execute_async_script.py TestExecuteAsyncChrome.test_execute_async_timeout | took 2305ms
16:31:33     INFO - TEST-START | test_execute_async_script.py TestExecuteAsyncChrome.test_execute_async_unique_timeout
16:31:37     INFO - TEST-PASS | test_execute_async_script.py TestExecuteAsyncChrome.test_execute_async_unique_timeout | took 4031ms
16:31:37     INFO - TEST-START | test_execute_async_script.py TestExecuteAsyncChrome.test_execute_async_unload
16:31:38     INFO - TEST-PASS | test_execute_async_script.py TestExecuteAsyncChrome.test_execute_async_unload | took 518ms
16:31:38     INFO - TEST-START | test_execute_async_script.py TestExecuteAsyncChrome.test_execute_js_exception
16:31:39     INFO - TEST-PASS | test_execute_async_script.py TestExecuteAsyncChrome.test_execute_js_exception | took 757ms
16:31:39     INFO - TEST-START | test_execute_async_script.py TestExecuteAsyncChrome.test_execute_no_return
16:31:39     INFO - TEST-PASS | test_execute_async_script.py TestExecuteAsyncChrome.test_execute_no_return | took 600ms
16:31:39     INFO - TEST-START | test_execute_async_script.py TestExecuteAsyncChrome.test_execute_permission
16:31:40     INFO - TEST-PASS | test_execute_async_script.py TestExecuteAsyncChrome.test_execute_permission | took 1042ms
16:31:40     INFO - TEST-START | test_execute_async_script.py TestExecuteAsyncChrome.test_introspection_of_arguments
16:31:41     INFO - TEST-PASS | test_execute_async_script.py TestExecuteAsyncChrome.test_introspection_of_arguments | took 899ms
16:31:41     INFO - TEST-START | test_execute_async_script.py TestExecuteAsyncChrome.test_no_timeout
16:31:43     INFO - TEST-PASS | test_execute_async_script.py TestExecuteAsyncChrome.test_no_timeout | took 1469ms
16:31:43     INFO - TEST-START | test_execute_async_script.py TestExecuteAsyncChrome.test_same_context
16:31:44     INFO - TEST-PASS | test_execute_async_script.py TestExecuteAsyncChrome.test_same_context | took 1307ms
16:31:44     INFO - TEST-START | test_execute_async_script.py TestExecuteAsyncChrome.test_sandbox_refresh_arguments
16:31:45     INFO - TEST-PASS | test_execute_async_script.py TestExecuteAsyncChrome.test_sandbox_refresh_arguments | took 814ms
16:31:45     INFO - TEST-START | test_execute_async_script.py TestExecuteAsyncChrome.test_sandbox_reuse
16:31:46     INFO - TEST-PASS | test_execute_async_script.py TestExecuteAsyncChrome.test_sandbox_reuse | took 765ms
16:31:46     INFO - TEST-START | test_execute_async_script.py TestExecuteAsyncChrome.test_script_finished
16:31:46     INFO - TEST-PASS | test_execute_async_script.py TestExecuteAsyncChrome.test_script_finished | took 671ms
16:31:46     INFO - TEST-START | test_execute_async_script.py TestExecuteAsyncContent.test_check_window
16:31:47     INFO - TEST-PASS | test_execute_async_script.py TestExecuteAsyncContent.test_check_window | took 664ms
16:31:47     INFO - TEST-START | test_execute_async_script.py TestExecuteAsyncContent.test_execute_async_js_exception
16:31:48     INFO - TEST-PASS | test_execute_async_script.py TestExecuteAsyncContent.test_execute_async_js_exception | took 646ms
16:31:48     INFO - TEST-START | test_execute_async_script.py TestExecuteAsyncContent.test_execute_async_ours
16:31:48     INFO - TEST-PASS | test_execute_async_script.py TestExecuteAsyncContent.test_execute_async_ours | took 621ms
16:31:48     INFO - TEST-START | test_execute_async_script.py TestExecuteAsyncContent.test_execute_async_simple
16:31:49     INFO - TEST-PASS | test_execute_async_script.py TestExecuteAsyncContent.test_execute_async_simple | took 643ms
16:31:49     INFO - TEST-START | test_execute_async_script.py TestExecuteAsyncContent.test_execute_async_timeout
16:31:50     INFO - TEST-PASS | test_execute_async_script.py TestExecuteAsyncContent.test_execute_async_timeout | took 1519ms
16:31:50     INFO - TEST-START | test_execute_async_script.py TestExecuteAsyncContent.test_execute_async_unique_timeout
16:31:55     INFO - TEST-PASS | test_execute_async_script.py TestExecuteAsyncContent.test_execute_async_unique_timeout | took 4312ms
16:31:55     INFO - TEST-START | test_execute_async_script.py TestExecuteAsyncContent.test_execute_async_unload
16:31:56     INFO - TEST-PASS | test_execute_async_script.py TestExecuteAsyncContent.test_execute_async_unload | took 1253ms
16:31:56     INFO - TEST-START | test_execute_async_script.py TestExecuteAsyncContent.test_execute_js_exception
16:31:57     INFO - TEST-PASS | test_execute_async_script.py TestExecuteAsyncContent.test_execute_js_exception | took 754ms
16:31:57     INFO - TEST-START | test_execute_async_script.py TestExecuteAsyncContent.test_execute_no_return
16:31:57     INFO - TEST-PASS | test_execute_async_script.py TestExecuteAsyncContent.test_execute_no_return | took 639ms
16:31:57     INFO - TEST-START | test_execute_async_script.py TestExecuteAsyncContent.test_execute_permission
16:31:58     INFO - TEST-PASS | test_execute_async_script.py TestExecuteAsyncContent.test_execute_permission | took 636ms
16:31:58     INFO - TEST-START | test_execute_async_script.py TestExecuteAsyncContent.test_introspection_of_arguments
16:31:59     INFO - TEST-PASS | test_execute_async_script.py TestExecuteAsyncContent.test_introspection_of_arguments | took 815ms
16:31:59     INFO - TEST-START | test_execute_async_script.py TestExecuteAsyncContent.test_no_timeout
16:32:00     INFO - TEST-PASS | test_execute_async_script.py TestExecuteAsyncContent.test_no_timeout | took 1173ms
16:32:00     INFO - TEST-START | test_execute_async_script.py TestExecuteAsyncContent.test_same_context
16:32:01     INFO - TEST-PASS | test_execute_async_script.py TestExecuteAsyncContent.test_same_context | took 1142ms
16:32:01     INFO - TEST-START | test_execute_async_script.py TestExecuteAsyncContent.test_sandbox_refresh_arguments
16:32:03     INFO - TEST-PASS | test_execute_async_script.py TestExecuteAsyncContent.test_sandbox_refresh_arguments | took 1426ms
16:32:03     INFO - TEST-START | test_execute_async_script.py TestExecuteAsyncContent.test_sandbox_reuse
16:32:04     INFO - TEST-PASS | test_execute_async_script.py TestExecuteAsyncContent.test_sandbox_reuse | took 1325ms
16:32:04     INFO - TEST-START | test_execute_async_script.py TestExecuteAsyncContent.test_script_finished
16:32:06     INFO - TEST-PASS | test_execute_async_script.py TestExecuteAsyncContent.test_script_finished | took 2057ms
16:32:06     INFO - TEST-START | test_execute_script.py TestElementCollections.test_array
16:32:07     INFO - TEST-PASS | test_execute_script.py TestElementCollections.test_array | took 1332ms
16:32:07     INFO - TEST-START | test_execute_script.py TestElementCollections.test_html_all_collection
16:32:09     INFO - TEST-PASS | test_execute_script.py TestElementCollections.test_html_all_collection | took 1545ms
16:32:09     INFO - TEST-START | test_execute_script.py TestElementCollections.test_html_collection
16:32:10     INFO - TEST-PASS | test_execute_script.py TestElementCollections.test_html_collection | took 1423ms
16:32:10     INFO - TEST-START | test_execute_script.py TestElementCollections.test_html_form_controls_collection
16:32:12     INFO - TEST-PASS | test_execute_script.py TestElementCollections.test_html_form_controls_collection | took 1561ms
16:32:12     INFO - TEST-START | test_execute_script.py TestElementCollections.test_html_options_collection
16:32:14     INFO - TEST-PASS | test_execute_script.py TestElementCollections.test_html_options_collection | took 1615ms
16:32:14     INFO - TEST-START | test_execute_script.py TestElementCollections.test_node_list
16:32:15     INFO - TEST-PASS | test_execute_script.py TestElementCollections.test_node_list | took 1966ms
16:32:15     INFO - TEST-START | test_execute_script.py TestExecuteChrome.test_argument_array
16:32:16     INFO - TEST-PASS | test_execute_script.py TestExecuteChrome.test_argument_array | took 776ms
16:32:16     INFO - TEST-START | test_execute_script.py TestExecuteChrome.test_argument_boolean
16:32:17     INFO - TEST-PASS | test_execute_script.py TestExecuteChrome.test_argument_boolean | took 683ms
16:32:17     INFO - TEST-START | test_execute_script.py TestExecuteChrome.test_argument_null
16:32:18     INFO - TEST-PASS | test_execute_script.py TestExecuteChrome.test_argument_null | took 725ms
16:32:18     INFO - TEST-START | test_execute_script.py TestExecuteChrome.test_argument_number
16:32:18     INFO - TEST-PASS | test_execute_script.py TestExecuteChrome.test_argument_number | took 782ms
16:32:18     INFO - TEST-START | test_execute_script.py TestExecuteChrome.test_argument_object
16:32:19     INFO - TEST-PASS | test_execute_script.py TestExecuteChrome.test_argument_object | took 760ms
16:32:19     INFO - TEST-START | test_execute_script.py TestExecuteChrome.test_argument_string
16:32:21     INFO - TEST-PASS | test_execute_script.py TestExecuteChrome.test_argument_string | took 1712ms
16:32:21     INFO - TEST-START | test_execute_script.py TestExecuteChrome.test_async_script_timeout
16:32:22     INFO - TEST-PASS | test_execute_script.py TestExecuteChrome.test_async_script_timeout | took 653ms
16:32:22     INFO - TEST-START | test_execute_script.py TestExecuteChrome.test_exception
16:32:22     INFO - TEST-PASS | test_execute_script.py TestExecuteChrome.test_exception | took 616ms
16:32:22     INFO - TEST-START | test_execute_script.py TestExecuteChrome.test_globals
16:32:23     INFO - TEST-PASS | test_execute_script.py TestExecuteChrome.test_globals | took 828ms
16:32:23     INFO - TEST-START | test_execute_script.py TestExecuteChrome.test_invalid_chrome_handle
16:32:29     INFO - TEST-PASS | test_execute_script.py TestExecuteChrome.test_invalid_chrome_handle | took 6340ms
16:32:29     INFO - TEST-START | test_execute_script.py TestExecuteChrome.test_lasting_side_effects
16:32:30     INFO - TEST-PASS | test_execute_script.py TestExecuteChrome.test_lasting_side_effects | took 715ms
16:32:30     INFO - TEST-START | test_execute_script.py TestExecuteChrome.test_no_callback
16:32:31     INFO - TEST-PASS | test_execute_script.py TestExecuteChrome.test_no_callback | took 721ms
16:32:31     INFO - TEST-START | test_execute_script.py TestExecuteChrome.test_no_return_value
16:32:33     INFO - TEST-PASS | test_execute_script.py TestExecuteChrome.test_no_return_value | took 2692ms
16:32:33     INFO - TEST-START | test_execute_script.py TestExecuteChrome.test_permission
16:32:37     INFO - TEST-PASS | test_execute_script.py TestExecuteChrome.test_permission | took 3282ms
16:32:37     INFO - TEST-START | test_execute_script.py TestExecuteChrome.test_privileged_code_inspection
16:32:38     INFO - TEST-PASS | test_execute_script.py TestExecuteChrome.test_privileged_code_inspection | took 999ms
16:32:38     INFO - TEST-START | test_execute_script.py TestExecuteChrome.test_return_array
16:32:39     INFO - TEST-PASS | test_execute_script.py TestExecuteChrome.test_return_array | took 1412ms
16:32:39     INFO - TEST-START | test_execute_script.py TestExecuteChrome.test_return_boolean
16:32:41     INFO - TEST-PASS | test_execute_script.py TestExecuteChrome.test_return_boolean | took 1651ms
16:32:41     INFO - TEST-START | test_execute_script.py TestExecuteChrome.test_return_number
16:32:43     INFO - TEST-PASS | test_execute_script.py TestExecuteChrome.test_return_number | took 1799ms
16:32:43     INFO - TEST-START | test_execute_script.py TestExecuteChrome.test_return_object
16:32:44     INFO - TEST-PASS | test_execute_script.py TestExecuteChrome.test_return_object | took 1319ms
16:32:44     INFO - TEST-START | test_execute_script.py TestExecuteChrome.test_return_string
16:32:51     INFO - TEST-PASS | test_execute_script.py TestExecuteChrome.test_return_string | took 7327ms
16:32:51     INFO - TEST-START | test_execute_script.py TestExecuteChrome.test_return_web_element
16:32:53     INFO - TEST-PASS | test_execute_script.py TestExecuteChrome.test_return_web_element | took 1361ms
16:32:53     INFO - TEST-START | test_execute_script.py TestExecuteChrome.test_return_web_element_array
16:32:54     INFO - TEST-PASS | test_execute_script.py TestExecuteChrome.test_return_web_element_array | took 1110ms
16:32:54     INFO - TEST-START | test_execute_script.py TestExecuteChrome.test_return_web_element_nodelist
16:32:55     INFO - TEST-PASS | test_execute_script.py TestExecuteChrome.test_return_web_element_nodelist | took 1364ms
16:32:55     INFO - TEST-START | test_execute_script.py TestExecuteChrome.test_sandbox_refresh_arguments
16:32:57     INFO - TEST-PASS | test_execute_script.py TestExecuteChrome.test_sandbox_refresh_arguments | took 1727ms
16:32:57     INFO - TEST-START | test_execute_script.py TestExecuteChrome.test_sandbox_reuse
16:32:58     INFO - TEST-PASS | test_execute_script.py TestExecuteChrome.test_sandbox_reuse | took 1374ms
16:32:58     INFO - TEST-START | test_execute_script.py TestExecuteChrome.test_stacktrace
16:32:59     INFO - TEST-PASS | test_execute_script.py TestExecuteChrome.test_stacktrace | took 825ms
16:32:59     INFO - TEST-START | test_execute_script.py TestExecuteChrome.test_system_dead_object
16:33:00     INFO - TEST-PASS | test_execute_script.py TestExecuteChrome.test_system_dead_object | took 965ms
16:33:00     INFO - TEST-START | test_execute_script.py TestExecuteChrome.test_system_globals
16:33:01     INFO - TEST-PASS | test_execute_script.py TestExecuteChrome.test_system_globals | took 1463ms
16:33:01     INFO - TEST-START | test_execute_script.py TestExecuteChrome.test_system_sandbox_wrappedjsobject
16:33:03     INFO - TEST-PASS | test_execute_script.py TestExecuteChrome.test_system_sandbox_wrappedjsobject | took 1362ms
16:33:03     INFO - TEST-START | test_execute_script.py TestExecuteChrome.test_unmarshal_element_collection
16:33:05     INFO - TEST-PASS | test_execute_script.py TestExecuteChrome.test_unmarshal_element_collection | took 2511ms
16:33:05     INFO - TEST-START | test_execute_script.py TestExecuteChrome.test_window_set_timeout_is_not_cancelled
16:33:07     INFO - TEST-PASS | test_execute_script.py TestExecuteChrome.test_window_set_timeout_is_not_cancelled | took 1190ms
16:33:07     INFO - TEST-START | test_execute_script.py TestExecuteChrome.test_wrappedjsobject
16:33:08     INFO - TEST-PASS | test_execute_script.py TestExecuteChrome.test_wrappedjsobject | took 1160ms
16:33:08     INFO - TEST-START | test_execute_script.py TestExecuteContent.test_argument_array
16:33:09     INFO - TEST-PASS | test_execute_script.py TestExecuteContent.test_argument_array | took 1005ms
16:33:09     INFO - TEST-START | test_execute_script.py TestExecuteContent.test_argument_boolean
16:33:10     INFO - TEST-PASS | test_execute_script.py TestExecuteContent.test_argument_boolean | took 979ms
16:33:10     INFO - TEST-START | test_execute_script.py TestExecuteContent.test_argument_null
16:33:11     INFO - TEST-PASS | test_execute_script.py TestExecuteContent.test_argument_null | took 1124ms
16:33:11     INFO - TEST-START | test_execute_script.py TestExecuteContent.test_argument_number
16:33:12     INFO - TEST-PASS | test_execute_script.py TestExecuteContent.test_argument_number | took 1052ms
16:33:12     INFO - TEST-START | test_execute_script.py TestExecuteContent.test_argument_object
16:33:13     INFO - TEST-PASS | test_execute_script.py TestExecuteContent.test_argument_object | took 1432ms
16:33:13     INFO - TEST-START | test_execute_script.py TestExecuteContent.test_argument_string
16:33:16     INFO - TEST-PASS | test_execute_script.py TestExecuteContent.test_argument_string | took 2908ms
16:33:16     INFO - TEST-START | test_execute_script.py TestExecuteContent.test_exception
16:33:17     INFO - TEST-PASS | test_execute_script.py TestExecuteContent.test_exception | took 908ms
16:33:17     INFO - TEST-START | test_execute_script.py TestExecuteContent.test_globals
16:33:18     INFO - TEST-PASS | test_execute_script.py TestExecuteContent.test_globals | took 995ms
16:33:18     INFO - TEST-START | test_execute_script.py TestExecuteContent.test_lasting_side_effects
16:33:19     INFO - TEST-PASS | test_execute_script.py TestExecuteContent.test_lasting_side_effects | took 1139ms
16:33:19     INFO - TEST-START | test_execute_script.py TestExecuteContent.test_no_callback
16:33:20     INFO - TEST-PASS | test_execute_script.py TestExecuteContent.test_no_callback | took 851ms
16:33:20     INFO - TEST-START | test_execute_script.py TestExecuteContent.test_no_return_value
16:33:21     INFO - TEST-PASS | test_execute_script.py TestExecuteContent.test_no_return_value | took 690ms
16:33:21     INFO - TEST-START | test_execute_script.py TestExecuteContent.test_permission
16:33:21     INFO - TEST-PASS | test_execute_script.py TestExecuteContent.test_permission | took 605ms
16:33:21     INFO - TEST-START | test_execute_script.py TestExecuteContent.test_privileged_code_inspection
16:33:23     INFO - TEST-PASS | test_execute_script.py TestExecuteContent.test_privileged_code_inspection | took 1495ms
16:33:23     INFO - TEST-START | test_execute_script.py TestExecuteContent.test_return_array
16:33:24     INFO - TEST-PASS | test_execute_script.py TestExecuteContent.test_return_array | took 1505ms
16:33:24     INFO - TEST-START | test_execute_script.py TestExecuteContent.test_return_boolean
16:33:26     INFO - TEST-PASS | test_execute_script.py TestExecuteContent.test_return_boolean | took 1112ms
16:33:26     INFO - TEST-START | test_execute_script.py TestExecuteContent.test_return_number
16:33:27     INFO - TEST-PASS | test_execute_script.py TestExecuteContent.test_return_number | took 1397ms
16:33:27     INFO - TEST-START | test_execute_script.py TestExecuteContent.test_return_object
16:33:28     INFO - TEST-PASS | test_execute_script.py TestExecuteContent.test_return_object | took 1316ms
16:33:28     INFO - TEST-START | test_execute_script.py TestExecuteContent.test_return_string
16:33:29     INFO - TEST-PASS | test_execute_script.py TestExecuteContent.test_return_string | took 708ms
16:33:29     INFO - TEST-START | test_execute_script.py TestExecuteContent.test_return_web_element
16:33:31     INFO - TEST-PASS | test_execute_script.py TestExecuteContent.test_return_web_element | took 1798ms
16:33:31     INFO - TEST-START | test_execute_script.py TestExecuteContent.test_return_web_element_array
16:33:32     INFO - TEST-PASS | test_execute_script.py TestExecuteContent.test_return_web_element_array | took 1462ms
16:33:32     INFO - TEST-START | test_execute_script.py TestExecuteContent.test_return_web_element_nodelist
16:33:34     INFO - TEST-PASS | test_execute_script.py TestExecuteContent.test_return_web_element_nodelist | took 1528ms
16:33:34     INFO - TEST-START | test_execute_script.py TestExecuteContent.test_sandbox_refresh_arguments
16:33:35     INFO - TEST-PASS | test_execute_script.py TestExecuteContent.test_sandbox_refresh_arguments | took 933ms
16:33:35     INFO - TEST-START | test_execute_script.py TestExecuteContent.test_sandbox_reuse
16:33:36     INFO - TEST-PASS | test_execute_script.py TestExecuteContent.test_sandbox_reuse | took 1705ms
16:33:36     INFO - TEST-START | test_execute_script.py TestExecuteContent.test_stacktrace
16:33:37     INFO - TEST-PASS | test_execute_script.py TestExecuteContent.test_stacktrace | took 823ms
16:33:37     INFO - TEST-START | test_execute_script.py TestExecuteContent.test_system_dead_object
16:33:38     INFO - TEST-PASS | test_execute_script.py TestExecuteContent.test_system_dead_object | took 833ms
16:33:38     INFO - TEST-START | test_execute_script.py TestExecuteContent.test_system_globals
16:33:39     INFO - TEST-PASS | test_execute_script.py TestExecuteContent.test_system_globals | took 1029ms
16:33:39     INFO - TEST-START | test_execute_script.py TestExecuteContent.test_system_sandbox_wrappedjsobject
16:33:40     INFO - TEST-PASS | test_execute_script.py TestExecuteContent.test_system_sandbox_wrappedjsobject | took 889ms
16:33:40     INFO - TEST-START | test_execute_script.py TestExecuteContent.test_window_set_timeout_is_not_cancelled
16:33:45     INFO - TEST-PASS | test_execute_script.py TestExecuteContent.test_window_set_timeout_is_not_cancelled | took 5055ms
16:33:45     INFO - TEST-START | test_execute_script.py TestExecuteContent.test_wrappedjsobject
16:33:46     INFO - TEST-PASS | test_execute_script.py TestExecuteContent.test_wrappedjsobject | took 987ms
16:33:46     INFO - TEST-START | test_execute_script.py TestExecuteSimpleTestContent.test_stack_trace
16:33:47     INFO - TEST-PASS | test_execute_script.py TestExecuteSimpleTestContent.test_stack_trace | took 771ms
16:33:47     INFO - TEST-START | test_element_retrieval.py TestFindElementHTML.test_by_name
16:33:48     INFO - TEST-PASS | test_element_retrieval.py TestFindElementHTML.test_by_name | took 1248ms
16:33:48     INFO - TEST-START | test_element_retrieval.py TestFindElementHTML.test_child_element
16:33:50     INFO - TEST-PASS | test_element_retrieval.py TestFindElementHTML.test_child_element | took 1760ms
16:33:50     INFO - TEST-START | test_element_retrieval.py TestFindElementHTML.test_class_name
16:33:52     INFO - TEST-PASS | test_element_retrieval.py TestFindElementHTML.test_class_name | took 1840ms
16:33:52     INFO - TEST-START | test_element_retrieval.py TestFindElementHTML.test_css_selector
16:33:55     INFO - TEST-PASS | test_element_retrieval.py TestFindElementHTML.test_css_selector | took 2836ms
16:33:55     INFO - TEST-START | test_element_retrieval.py TestFindElementHTML.test_css_selector_scope_doesnt_start_at_rootnode
16:33:58     INFO - TEST-PASS | test_element_retrieval.py TestFindElementHTML.test_css_selector_scope_doesnt_start_at_rootnode | took 3373ms
16:33:58     INFO - TEST-START | test_element_retrieval.py TestFindElementHTML.test_element_id_is_valid_uuid
16:33:59     INFO - TEST-PASS | test_element_retrieval.py TestFindElementHTML.test_element_id_is_valid_uuid | took 1408ms
16:33:59     INFO - TEST-START | test_element_retrieval.py TestFindElementHTML.test_finding_active_element_returns_element
16:34:01     INFO - TEST-PASS | test_element_retrieval.py TestFindElementHTML.test_finding_active_element_returns_element | took 1451ms
16:34:01     INFO - TEST-START | test_element_retrieval.py TestFindElementHTML.test_id
16:34:02     INFO - TEST-PASS | test_element_retrieval.py TestFindElementHTML.test_id | took 1147ms
16:34:02     INFO - TEST-START | test_element_retrieval.py TestFindElementHTML.test_invalid_css_selector
16:34:03     INFO - TEST-PASS | test_element_retrieval.py TestFindElementHTML.test_invalid_css_selector | took 1327ms
16:34:03     INFO - TEST-START | test_element_retrieval.py TestFindElementHTML.test_invalid_css_selector_should_throw
16:34:04     INFO - TEST-PASS | test_element_retrieval.py TestFindElementHTML.test_invalid_css_selector_should_throw | took 732ms
16:34:04     INFO - TEST-START | test_element_retrieval.py TestFindElementHTML.test_invalid_xpath_selector
16:34:05     INFO - TEST-PASS | test_element_retrieval.py TestFindElementHTML.test_invalid_xpath_selector | took 849ms
16:34:05     INFO - TEST-START | test_element_retrieval.py TestFindElementHTML.test_link_text
16:34:07     INFO - TEST-PASS | test_element_retrieval.py TestFindElementHTML.test_link_text | took 1927ms
16:34:07     INFO - TEST-START | test_element_retrieval.py TestFindElementHTML.test_link_text_with_trailing_space
16:34:13     INFO - TEST-PASS | test_element_retrieval.py TestFindElementHTML.test_link_text_with_trailing_space | took 6199ms
16:34:13     INFO - TEST-START | test_element_retrieval.py TestFindElementHTML.test_not_found
16:34:14     INFO - TEST-PASS | test_element_retrieval.py TestFindElementHTML.test_not_found | took 907ms
16:34:14     INFO - TEST-START | test_element_retrieval.py TestFindElementHTML.test_not_found_from_element
16:34:16     INFO - TEST-PASS | test_element_retrieval.py TestFindElementHTML.test_not_found_from_element | took 2392ms
16:34:16     INFO - TEST-START | test_element_retrieval.py TestFindElementHTML.test_not_found_implicit_wait
16:34:25     INFO - TEST-PASS | test_element_retrieval.py TestFindElementHTML.test_not_found_implicit_wait | took 8788ms
16:34:25     INFO - TEST-START | test_element_retrieval.py TestFindElementHTML.test_not_found_implicit_wait_from_element
16:34:33     INFO - TEST-PASS | test_element_retrieval.py TestFindElementHTML.test_not_found_implicit_wait_from_element | took 7851ms
16:34:33     INFO - TEST-START | test_element_retrieval.py TestFindElementHTML.test_partial_link_text
16:34:35     INFO - TEST-PASS | test_element_retrieval.py TestFindElementHTML.test_partial_link_text | took 2078ms
16:34:35     INFO - TEST-START | test_element_retrieval.py TestFindElementHTML.test_tag_name
16:34:39     INFO - TEST-PASS | test_element_retrieval.py TestFindElementHTML.test_tag_name | took 4080ms
16:34:39     INFO - TEST-START | test_element_retrieval.py TestFindElementHTML.test_unknown_selector
16:34:40     INFO - TEST-PASS | test_element_retrieval.py TestFindElementHTML.test_unknown_selector | took 1237ms
16:34:40     INFO - TEST-START | test_element_retrieval.py TestFindElementHTML.test_xpath
16:34:42     INFO - TEST-PASS | test_element_retrieval.py TestFindElementHTML.test_xpath | took 2115ms
16:34:42     INFO - TEST-START | test_element_retrieval.py TestFindElementXHTML.test_active_element
16:34:44     INFO - TEST-PASS | test_element_retrieval.py TestFindElementXHTML.test_active_element | took 1465ms
16:34:44     INFO - TEST-START | test_element_retrieval.py TestFindElementXHTML.test_by_name
16:34:49     INFO - TEST-PASS | test_element_retrieval.py TestFindElementXHTML.test_by_name | took 4678ms
16:34:49     INFO - TEST-START | test_element_retrieval.py TestFindElementXHTML.test_child_element
16:34:55     INFO - TEST-PASS | test_element_retrieval.py TestFindElementXHTML.test_child_element | took 6345ms
16:34:55     INFO - TEST-START | test_element_retrieval.py TestFindElementXHTML.test_class_name
16:34:57     INFO - TEST-PASS | test_element_retrieval.py TestFindElementXHTML.test_class_name | took 2149ms
16:34:57     INFO - TEST-START | test_element_retrieval.py TestFindElementXHTML.test_css_selector
16:34:59     INFO - TEST-PASS | test_element_retrieval.py TestFindElementXHTML.test_css_selector | took 1784ms
16:34:59     INFO - TEST-START | test_element_retrieval.py TestFindElementXHTML.test_css_selector_scope_does_not_start_at_rootnode
16:35:01     INFO - TEST-PASS | test_element_retrieval.py TestFindElementXHTML.test_css_selector_scope_does_not_start_at_rootnode | took 1885ms
16:35:01     INFO - TEST-START | test_element_retrieval.py TestFindElementXHTML.test_id
16:35:02     INFO - TEST-PASS | test_element_retrieval.py TestFindElementXHTML.test_id | took 1576ms
16:35:02     INFO - TEST-START | test_element_retrieval.py TestFindElementXHTML.test_link_text
16:35:06     INFO - TEST-PASS | test_element_retrieval.py TestFindElementXHTML.test_link_text | took 3823ms
16:35:06     INFO - TEST-START | test_element_retrieval.py TestFindElementXHTML.test_partial_link_text
16:35:10     INFO - TEST-PASS | test_element_retrieval.py TestFindElementXHTML.test_partial_link_text | took 3439ms
16:35:10     INFO - TEST-START | test_element_retrieval.py TestFindElementXHTML.test_tag_name
16:35:11     INFO - TEST-PASS | test_element_retrieval.py TestFindElementXHTML.test_tag_name | took 1539ms
16:35:11     INFO - TEST-START | test_element_retrieval.py TestFindElementXHTML.test_xpath
16:35:13     INFO - TEST-PASS | test_element_retrieval.py TestFindElementXHTML.test_xpath | took 1717ms
16:35:13     INFO - TEST-START | test_element_retrieval.py TestFindElementsHTML.test_by_name
16:35:14     INFO - TEST-PASS | test_element_retrieval.py TestFindElementsHTML.test_by_name | took 1463ms
16:35:14     INFO - TEST-START | test_element_retrieval.py TestFindElementsHTML.test_child_elements
16:35:16     INFO - TEST-PASS | test_element_retrieval.py TestFindElementsHTML.test_child_elements | took 2049ms
16:35:16     INFO - TEST-START | test_element_retrieval.py TestFindElementsHTML.test_class_name
16:35:18     INFO - TEST-PASS | test_element_retrieval.py TestFindElementsHTML.test_class_name | took 1618ms
16:35:18     INFO - TEST-START | test_element_retrieval.py TestFindElementsHTML.test_css_selector
16:35:20     INFO - TEST-PASS | test_element_retrieval.py TestFindElementsHTML.test_css_selector | took 2212ms
16:35:20     INFO - TEST-START | test_element_retrieval.py TestFindElementsHTML.test_css_selector_scope_doesnt_start_at_rootnode
16:35:26     INFO - TEST-PASS | test_element_retrieval.py TestFindElementsHTML.test_css_selector_scope_doesnt_start_at_rootnode | took 5541ms
16:35:26     INFO - TEST-START | test_element_retrieval.py TestFindElementsHTML.test_element_id_is_valid_uuid
16:35:27     INFO - TEST-PASS | test_element_retrieval.py TestFindElementsHTML.test_element_id_is_valid_uuid | took 1229ms
16:35:27     INFO - TEST-START | test_element_retrieval.py TestFindElementsHTML.test_invalid_css_selector
16:35:28     INFO - TEST-PASS | test_element_retrieval.py TestFindElementsHTML.test_invalid_css_selector | took 1467ms
16:35:28     INFO - TEST-START | test_element_retrieval.py TestFindElementsHTML.test_invalid_css_selector_should_throw
16:35:29     INFO - TEST-PASS | test_element_retrieval.py TestFindElementsHTML.test_invalid_css_selector_should_throw | took 806ms
16:35:29     INFO - TEST-START | test_element_retrieval.py TestFindElementsHTML.test_invalid_xpath_selector
16:35:30     INFO - TEST-PASS | test_element_retrieval.py TestFindElementsHTML.test_invalid_xpath_selector | took 893ms
16:35:30     INFO - TEST-START | test_element_retrieval.py TestFindElementsHTML.test_link_text
16:35:32     INFO - TEST-PASS | test_element_retrieval.py TestFindElementsHTML.test_link_text | took 1454ms
16:35:32     INFO - TEST-START | test_element_retrieval.py TestFindElementsHTML.test_link_text_with_trailing_space
16:35:33     INFO - TEST-PASS | test_element_retrieval.py TestFindElementsHTML.test_link_text_with_trailing_space | took 1840ms
16:35:33     INFO - TEST-START | test_element_retrieval.py TestFindElementsHTML.test_partial_link_text
16:35:36     INFO - TEST-PASS | test_element_retrieval.py TestFindElementsHTML.test_partial_link_text | took 2399ms
16:35:36     INFO - TEST-START | test_element_retrieval.py TestFindElementsHTML.test_tag_name
16:35:41     INFO - TEST-PASS | test_element_retrieval.py TestFindElementsHTML.test_tag_name | took 5087ms
16:35:41     INFO - TEST-START | test_element_retrieval.py TestFindElementsHTML.test_unknown_selector
16:35:42     INFO - TEST-PASS | test_element_retrieval.py TestFindElementsHTML.test_unknown_selector | took 732ms
16:35:42     INFO - TEST-START | test_element_retrieval.py TestFindElementsHTML.test_xpath
16:35:43     INFO - TEST-PASS | test_element_retrieval.py TestFindElementsHTML.test_xpath | took 1622ms
16:35:43     INFO - TEST-START | test_element_retrieval.py TestFindElementsXHTML.test_by_name
16:35:45     INFO - TEST-PASS | test_element_retrieval.py TestFindElementsXHTML.test_by_name | took 1531ms
16:35:45     INFO - TEST-START | test_element_retrieval.py TestFindElementsXHTML.test_child_elements
16:35:47     INFO - TEST-PASS | test_element_retrieval.py TestFindElementsXHTML.test_child_elements | took 1813ms
16:35:47     INFO - TEST-START | test_element_retrieval.py TestFindElementsXHTML.test_class_name
16:35:48     INFO - TEST-PASS | test_element_retrieval.py TestFindElementsXHTML.test_class_name | took 1398ms
16:35:48     INFO - TEST-START | test_element_retrieval.py TestFindElementsXHTML.test_css_selector
16:35:50     INFO - TEST-PASS | test_element_retrieval.py TestFindElementsXHTML.test_css_selector | took 1591ms
16:35:50     INFO - TEST-START | test_element_retrieval.py TestFindElementsXHTML.test_css_selector_scope_doesnt_start_at_rootnode
16:35:52     INFO - TEST-PASS | test_element_retrieval.py TestFindElementsXHTML.test_css_selector_scope_doesnt_start_at_rootnode | took 2167ms
16:35:52     INFO - TEST-START | test_element_retrieval.py TestFindElementsXHTML.test_link_text
16:35:58     INFO - TEST-PASS | test_element_retrieval.py TestFindElementsXHTML.test_link_text | took 6630ms
16:35:58     INFO - TEST-START | test_element_retrieval.py TestFindElementsXHTML.test_partial_link_text
16:36:01     INFO - TEST-PASS | test_element_retrieval.py TestFindElementsXHTML.test_partial_link_text | took 2297ms
16:36:01     INFO - TEST-START | test_element_retrieval.py TestFindElementsXHTML.test_tag_name
16:36:03     INFO - TEST-PASS | test_element_retrieval.py TestFindElementsXHTML.test_tag_name | took 2322ms
16:36:03     INFO - TEST-START | test_element_retrieval.py TestFindElementsXHTML.test_xpath
16:36:03     INFO - TEST-SKIP | test_element_retrieval.py TestFindElementsXHTML.test_xpath | took 0ms
16:36:03     INFO - TEST-START | test_findelement_chrome.py TestElementsChrome.test_child_element
16:36:08     INFO - TEST-PASS | test_findelement_chrome.py TestElementsChrome.test_child_element | took 5279ms
16:36:08     INFO - TEST-START | test_findelement_chrome.py TestElementsChrome.test_child_elements
16:36:15     INFO - TEST-PASS | test_findelement_chrome.py TestElementsChrome.test_child_elements | took 7160ms
16:36:15     INFO - TEST-START | test_findelement_chrome.py TestElementsChrome.test_class_name
16:36:19     INFO - TEST-PASS | test_findelement_chrome.py TestElementsChrome.test_class_name | took 3281ms
16:36:19     INFO - TEST-START | test_findelement_chrome.py TestElementsChrome.test_id
16:36:22     INFO - TEST-PASS | test_findelement_chrome.py TestElementsChrome.test_id | took 3069ms
16:36:22     INFO - TEST-START | test_findelement_chrome.py TestElementsChrome.test_not_found
16:36:28     INFO - TEST-PASS | test_findelement_chrome.py TestElementsChrome.test_not_found | took 6187ms
16:36:28     INFO - TEST-START | test_findelement_chrome.py TestElementsChrome.test_tag_name
16:36:34     INFO - TEST-PASS | test_findelement_chrome.py TestElementsChrome.test_tag_name | took 6157ms
16:36:34     INFO - TEST-START | test_findelement_chrome.py TestElementsChrome.test_that_we_can_find_elements_from_css_selectors
16:36:37     INFO - TEST-PASS | test_findelement_chrome.py TestElementsChrome.test_that_we_can_find_elements_from_css_selectors | took 2727ms
16:36:37     INFO - TEST-START | test_findelement_chrome.py TestElementsChrome.test_timeout
16:36:42     INFO - TEST-PASS | test_findelement_chrome.py TestElementsChrome.test_timeout | took 4773ms
16:36:42     INFO - TEST-START | test_findelement_chrome.py TestElementsChrome.test_xpath
16:36:45     INFO - TEST-PASS | test_findelement_chrome.py TestElementsChrome.test_xpath | took 3249ms
16:36:45     INFO - TEST-START | test_navigation.py TestBackForwardNavigation.test_certificate_error
16:37:00     INFO - TEST-PASS | test_navigation.py TestBackForwardNavigation.test_certificate_error | took 15112ms
16:37:00     INFO - TEST-START | test_navigation.py TestBackForwardNavigation.test_data_urls
16:37:23     INFO - TEST-PASS | test_navigation.py TestBackForwardNavigation.test_data_urls | took 22595ms
16:37:23     INFO - TEST-START | test_navigation.py TestBackForwardNavigation.test_frameset
16:37:23     INFO - TEST-SKIP | test_navigation.py TestBackForwardNavigation.test_frameset | took 0ms
16:37:23     INFO - TEST-START | test_navigation.py TestBackForwardNavigation.test_frameset_after_navigating_in_frame
16:37:47     INFO - TEST-PASS | test_navigation.py TestBackForwardNavigation.test_frameset_after_navigating_in_frame | took 24226ms
16:37:47     INFO - TEST-START | test_navigation.py TestBackForwardNavigation.test_image_document_to_html
16:38:04     INFO - TEST-PASS | test_navigation.py TestBackForwardNavigation.test_image_document_to_html | took 17559ms
16:38:04     INFO - TEST-START | test_navigation.py TestBackForwardNavigation.test_image_document_to_image_document
16:38:13     INFO - TEST-PASS | test_navigation.py TestBackForwardNavigation.test_image_document_to_image_document | took 8656ms
16:38:13     INFO - TEST-START | test_navigation.py TestBackForwardNavigation.test_navigate_to_requested_about_page_after_error_page
16:38:30     INFO - TEST-PASS | test_navigation.py TestBackForwardNavigation.test_navigate_to_requested_about_page_after_error_page | took 16630ms
16:38:30     INFO - TEST-START | test_navigation.py TestBackForwardNavigation.test_no_history_items
16:38:36     INFO - TEST-PASS | test_navigation.py TestBackForwardNavigation.test_no_history_items | took 5925ms
16:38:36     INFO - TEST-START | test_navigation.py TestBackForwardNavigation.test_remoteness_change
16:39:06     INFO - TEST-PASS | test_navigation.py TestBackForwardNavigation.test_remoteness_change | took 30802ms
16:39:06     INFO - TEST-START | test_navigation.py TestBackForwardNavigation.test_same_document_hash_change
16:39:20     INFO - TEST-PASS | test_navigation.py TestBackForwardNavigation.test_same_document_hash_change | took 13668ms
16:39:20     INFO - TEST-START | test_navigation.py TestBackForwardNavigation.test_timeout_error
16:39:48     INFO - TEST-PASS | test_navigation.py TestBackForwardNavigation.test_timeout_error | took 27505ms
16:39:48     INFO - TEST-START | test_navigation.py TestNavigate.test_about_blank_for_new_docshell
16:40:12     INFO - TEST-PASS | test_navigation.py TestNavigate.test_about_blank_for_new_docshell | took 24672ms
16:40:12     INFO - TEST-START | test_navigation.py TestNavigate.test_error_when_exceeding_page_load_timeout
16:40:28     INFO - TEST-PASS | test_navigation.py TestNavigate.test_error_when_exceeding_page_load_timeout | took 15284ms
16:40:28     INFO - TEST-START | test_navigation.py TestNavigate.test_find_element_state_complete
16:40:41     INFO - TEST-PASS | test_navigation.py TestNavigate.test_find_element_state_complete | took 13358ms
16:40:41     INFO - TEST-START | test_navigation.py TestNavigate.test_focus_after_navigation
16:40:41     INFO - TEST-SKIP | test_navigation.py TestNavigate.test_focus_after_navigation | took 0ms
16:40:41     INFO - TEST-START | test_navigation.py TestNavigate.test_get_current_url
16:40:53     INFO - TEST-PASS | test_navigation.py TestNavigate.test_get_current_url | took 12239ms
16:40:53     INFO - TEST-START | test_navigation.py TestNavigate.test_get_current_url_returns_top_level_browsing_context_url
16:41:08     INFO - TEST-PASS | test_navigation.py TestNavigate.test_get_current_url_returns_top_level_browsing_context_url | took 14455ms
16:41:08     INFO - TEST-START | test_navigation.py TestNavigate.test_invalid_protocol
16:41:20     INFO - TEST-PASS | test_navigation.py TestNavigate.test_invalid_protocol | took 12218ms
16:41:20     INFO - TEST-START | test_navigation.py TestNavigate.test_navigate_chrome_error
16:41:25     INFO - TEST-PASS | test_navigation.py TestNavigate.test_navigate_chrome_error | took 4787ms
16:41:25     INFO - TEST-START | test_navigation.py TestNavigate.test_navigate_hash_change
16:41:37     INFO - TEST-PASS | test_navigation.py TestNavigate.test_navigate_hash_change | took 12706ms
16:41:37     INFO - TEST-START | test_navigation.py TestNavigate.test_navigate_in_child_frame_changes_to_top
16:41:58     INFO - TEST-PASS | test_navigation.py TestNavigate.test_navigate_in_child_frame_changes_to_top | took 20230ms
16:41:58     INFO - TEST-START | test_navigation.py TestNavigate.test_navigate_to_same_image_document_twice
16:42:13     INFO - TEST-PASS | test_navigation.py TestNavigate.test_navigate_to_same_image_document_twice | took 15616ms
16:42:13     INFO - TEST-START | test_navigation.py TestNavigate.test_refresh
16:42:26     INFO - TEST-PASS | test_navigation.py TestNavigate.test_refresh | took 13136ms
16:42:26     INFO - TEST-START | test_navigation.py TestNavigate.test_set_location_through_execute_script
16:42:38     INFO - TEST-UNEXPECTED-ERROR | test_navigation.py TestNavigate.test_set_location_through_execute_script | TimeoutException: Timed out after 5.5 seconds
16:42:38     INFO - Traceback (most recent call last):
16:42:38     INFO -   File "/builds/slave/test/build/venv/lib/python2.7/site-packages/marionette_harness/marionette_test/testcases.py", line 166, in run
16:42:38     INFO -     testMethod()
16:42:38     INFO -   File "/builds/slave/test/build/tests/marionette/tests/testing/marionette/harness/marionette_harness/tests/unit/test_navigation.py", line 271, in test_set_location_through_execute_script
16:42:38     INFO -     lambda _: self.test_doc == self.location_href)
16:42:38     INFO -   File "/builds/slave/test/build/venv/lib/python2.7/site-packages/marionette_driver/wait.py", line 150, in until
16:42:38     INFO -     cause=last_exc)
16:42:38     INFO - TEST-INFO took 11981ms
16:42:39     INFO - TEST-START | test_navigation.py TestTLSNavigation.test_deactivation
16:42:41     INFO -  with safe session
16:42:43     INFO -  with unsafe session
16:42:46     INFO -  with safe session again
16:42:48     INFO - TEST-PASS | test_navigation.py TestTLSNavigation.test_deactivation | took 9695ms
16:42:48     INFO - TEST-START | test_navigation.py TestTLSNavigation.test_navigate_by_click
16:42:54     INFO - TEST-PASS | test_navigation.py TestTLSNavigation.test_navigate_by_click | took 5122ms
16:42:54     INFO - TEST-START | test_navigation.py TestTLSNavigation.test_navigate_by_command
16:42:57     INFO - TEST-PASS | test_navigation.py TestTLSNavigation.test_navigate_by_command | took 3532ms
16:42:57     INFO - TEST-START | test_timeouts.py TestTimeouts.test_compat_input_types
16:42:58     INFO - TEST-PASS | test_timeouts.py TestTimeouts.test_compat_input_types | took 1131ms
16:42:58     INFO - TEST-START | test_timeouts.py TestTimeouts.test_deprecated_set_page_load_timeout
16:43:00     INFO - TEST-PASS | test_timeouts.py TestTimeouts.test_deprecated_set_page_load_timeout | took 1295ms
16:43:00     INFO - TEST-START | test_timeouts.py TestTimeouts.test_deprecated_set_script_timeout
16:43:01     INFO - TEST-PASS | test_timeouts.py TestTimeouts.test_deprecated_set_script_timeout | took 1856ms
16:43:01     INFO - TEST-START | test_timeouts.py TestTimeouts.test_deprecated_set_search_timeout
16:43:03     INFO - TEST-PASS | test_timeouts.py TestTimeouts.test_deprecated_set_search_timeout | took 1477ms
16:43:03     INFO - TEST-START | test_timeouts.py TestTimeouts.test_deprecated_set_timeouts_command
16:43:05     INFO - TEST-PASS | test_timeouts.py TestTimeouts.test_deprecated_set_timeouts_command | took 1676ms
16:43:05     INFO - TEST-START | test_timeouts.py TestTimeouts.test_execute_async_timeout_settimeout
16:43:08     INFO - TEST-PASS | test_timeouts.py TestTimeouts.test_execute_async_timeout_settimeout | took 3259ms
16:43:08     INFO - TEST-START | test_timeouts.py TestTimeouts.test_no_timeout_settimeout
16:43:10     INFO - TEST-PASS | test_timeouts.py TestTimeouts.test_no_timeout_settimeout | took 2415ms
16:43:10     INFO - TEST-START | test_timeouts.py TestTimeouts.test_page_timeout_fail
16:43:12     INFO - TEST-PASS | test_timeouts.py TestTimeouts.test_page_timeout_fail | took 1840ms
16:43:12     INFO - TEST-START | test_timeouts.py TestTimeouts.test_page_timeout_notdefinetimeout_pass
16:43:14     INFO - TEST-PASS | test_timeouts.py TestTimeouts.test_page_timeout_notdefinetimeout_pass | took 2060ms
16:43:14     INFO - TEST-START | test_timeouts.py TestTimeouts.test_page_timeout_pass
16:43:16     INFO - TEST-PASS | test_timeouts.py TestTimeouts.test_page_timeout_pass | took 2039ms
16:43:16     INFO - TEST-START | test_timeouts.py TestTimeouts.test_reset_timeout
16:43:18     INFO - Application command: /builds/slave/test/build/application/firefox/firefox -no-remote -marionette -profile /tmp/tmpDQkhS5.mozrunner
16:43:38     INFO - Application command: /builds/slave/test/build/application/firefox/firefox -no-remote -marionette -profile /tmp/tmpTg0_P4.mozrunner
16:44:04     INFO - TEST-PASS | test_timeouts.py TestTimeouts.test_reset_timeout | took 47769ms
16:44:04     INFO - TEST-START | test_timeouts.py TestTimeouts.test_search_timeout_found
16:44:07     INFO - TEST-PASS | test_timeouts.py TestTimeouts.test_search_timeout_found | took 3500ms
16:44:07     INFO - TEST-START | test_timeouts.py TestTimeouts.test_search_timeout_found_settimeout
16:44:11     INFO - TEST-PASS | test_timeouts.py TestTimeouts.test_search_timeout_found_settimeout | took 3546ms
16:44:11     INFO - TEST-START | test_timeouts.py TestTimeouts.test_search_timeout_notfound_settimeout
16:44:13     INFO - TEST-PASS | test_timeouts.py TestTimeouts.test_search_timeout_notfound_settimeout | took 2310ms
16:44:13     INFO - TEST-START | test_single_finger_desktop.py testSingleFingerMouse.test_chain
16:44:20     INFO - TEST-PASS | test_single_finger_desktop.py testSingleFingerMouse.test_chain | took 6212ms
16:44:20     INFO - TEST-START | test_single_finger_desktop.py testSingleFingerMouse.test_chain_flick
16:44:22     INFO - TEST-PASS | test_single_finger_desktop.py testSingleFingerMouse.test_chain_flick | took 2400ms
16:44:22     INFO - TEST-START | test_single_finger_desktop.py testSingleFingerMouse.test_context_menu
16:44:22     INFO - TEST-SKIP | test_single_finger_desktop.py testSingleFingerMouse.test_context_menu | took 0ms
16:44:22     INFO - TEST-START | test_single_finger_desktop.py testSingleFingerMouse.test_double_tap
16:44:24     INFO - TEST-PASS | test_single_finger_desktop.py testSingleFingerMouse.test_double_tap | took 2010ms
16:44:24     INFO - TEST-START | test_single_finger_desktop.py testSingleFingerMouse.test_long_press_action
16:44:24     INFO - TEST-SKIP | test_single_finger_desktop.py testSingleFingerMouse.test_long_press_action | took 0ms
16:44:24     INFO - TEST-START | test_single_finger_desktop.py testSingleFingerMouse.test_long_press_fail
16:44:24     INFO - TEST-SKIP | test_single_finger_desktop.py testSingleFingerMouse.test_long_press_fail | took 0ms
16:44:24     INFO - TEST-START | test_single_finger_desktop.py testSingleFingerMouse.test_long_press_on_xy_action
16:44:24     INFO - TEST-SKIP | test_single_finger_desktop.py testSingleFingerMouse.test_long_press_on_xy_action | took 0ms
16:44:24     INFO - TEST-START | test_single_finger_desktop.py testSingleFingerMouse.test_move_by_offset
16:44:26     INFO - TEST-PASS | test_single_finger_desktop.py testSingleFingerMouse.test_move_by_offset | took 2359ms
16:44:26     INFO - TEST-START | test_single_finger_desktop.py testSingleFingerMouse.test_move_element
16:44:29     INFO - TEST-PASS | test_single_finger_desktop.py testSingleFingerMouse.test_move_element | took 2304ms
16:44:29     INFO - TEST-START | test_single_finger_desktop.py testSingleFingerMouse.test_press_release
16:44:31     INFO - TEST-PASS | test_single_finger_desktop.py testSingleFingerMouse.test_press_release | took 2320ms
16:44:31     INFO - TEST-START | test_single_finger_desktop.py testSingleFingerMouse.test_press_release_twice
16:44:33     INFO - TEST-PASS | test_single_finger_desktop.py testSingleFingerMouse.test_press_release_twice | took 1774ms
16:44:33     INFO - TEST-START | test_single_finger_desktop.py testSingleFingerMouse.test_single_tap
16:44:35     INFO - TEST-PASS | test_single_finger_desktop.py testSingleFingerMouse.test_single_tap | took 1894ms
16:44:35     INFO - TEST-START | test_single_finger_desktop.py testSingleFingerMouse.test_wait
16:44:37     INFO - TEST-PASS | test_single_finger_desktop.py testSingleFingerMouse.test_wait | took 2236ms
16:44:37     INFO - TEST-START | test_single_finger_desktop.py testSingleFingerMouse.test_wait_with_value
16:44:40     INFO - TEST-PASS | test_single_finger_desktop.py testSingleFingerMouse.test_wait_with_value | took 3081ms
16:44:40     INFO - TEST-START | test_simpletest_sanity.py SimpletestSanityTest.test_is
16:44:42     INFO - TEST-PASS | test_simpletest_sanity.py SimpletestSanityTest.test_is | took 1808ms
16:44:42     INFO - TEST-START | test_simpletest_sanity.py SimpletestSanityTest.test_isnot
16:44:43     INFO - TEST-PASS | test_simpletest_sanity.py SimpletestSanityTest.test_isnot | took 1092ms
16:44:43     INFO - TEST-START | test_simpletest_sanity.py SimpletestSanityTest.test_ok
16:44:44     INFO - TEST-PASS | test_simpletest_sanity.py SimpletestSanityTest.test_ok | took 1466ms
16:44:44     INFO - TEST-START | test_simpletest_sanity.py SimpletestSanityTest.test_todo
16:44:46     INFO - TEST-PASS | test_simpletest_sanity.py SimpletestSanityTest.test_todo | took 1369ms
16:44:46     INFO - TEST-START | test_anonymous_content.py TestAnonymousNodes.test_find_anonymous_children
16:44:50     INFO - TEST-PASS | test_anonymous_content.py TestAnonymousNodes.test_find_anonymous_children | took 4524ms
16:44:50     INFO - TEST-START | test_anonymous_content.py TestAnonymousNodes.test_find_anonymous_element_by_attribute
16:44:54     INFO - TEST-PASS | test_anonymous_content.py TestAnonymousNodes.test_find_anonymous_element_by_attribute | took 3639ms
16:44:54     INFO - TEST-START | test_anonymous_content.py TestAnonymousNodes.test_find_anonymous_elements_by_attribute
16:45:00     INFO - TEST-PASS | test_anonymous_content.py TestAnonymousNodes.test_find_anonymous_elements_by_attribute | took 5833ms
16:45:00     INFO - TEST-START | test_anonymous_content.py TestAnonymousNodes.test_switch_to_anonymous_frame
16:45:06     INFO - TEST-PASS | test_anonymous_content.py TestAnonymousNodes.test_switch_to_anonymous_frame | took 6611ms
16:45:06     INFO - TEST-START | test_anonymous_content.py TestAnonymousNodes.test_switch_to_anonymous_iframe
16:45:12     INFO - TEST-PASS | test_anonymous_content.py TestAnonymousNodes.test_switch_to_anonymous_iframe | took 5127ms
16:45:12     INFO - TEST-START | test_switch_frame.py TestSwitchFrame.test_should_allow_a_user_to_switch_from_an_iframe_back_to_the_main_content_of_the_page
16:45:15     INFO - TEST-PASS | test_switch_frame.py TestSwitchFrame.test_should_allow_a_user_to_switch_from_an_iframe_back_to_the_main_content_of_the_page | took 3228ms
16:45:15     INFO - TEST-START | test_switch_frame.py TestSwitchFrame.test_should_be_able_to_carry_on_working_if_the_frame_is_deleted_from_under_us
16:45:19     INFO - TEST-PASS | test_switch_frame.py TestSwitchFrame.test_should_be_able_to_carry_on_working_if_the_frame_is_deleted_from_under_us | took 4465ms
16:45:19     INFO - TEST-START | test_switch_frame.py TestSwitchFrame.test_should_be_able_to_switch_to_a_frame_by_its_index
16:45:25     INFO - TEST-PASS | test_switch_frame.py TestSwitchFrame.test_should_be_able_to_switch_to_a_frame_by_its_index | took 5611ms
16:45:25     INFO - TEST-START | test_switch_frame.py TestSwitchFrame.test_should_be_able_to_switch_to_a_frame_using_a_previously_located_element
16:45:30     INFO - TEST-PASS | test_switch_frame.py TestSwitchFrame.test_should_be_able_to_switch_to_a_frame_using_a_previously_located_element | took 5617ms
16:45:30     INFO - TEST-START | test_switch_frame.py TestSwitchFrame.test_should_be_able_to_switch_to_parent_from_iframe
16:45:33     INFO - TEST-PASS | test_switch_frame.py TestSwitchFrame.test_should_be_able_to_switch_to_parent_from_iframe | took 2722ms
16:45:33     INFO - TEST-START | test_switch_frame.py TestSwitchFrame.test_should_be_able_to_switch_to_parent_from_second_level
16:45:39     INFO - TEST-PASS | test_switch_frame.py TestSwitchFrame.test_should_be_able_to_switch_to_parent_from_second_level | took 6239ms
16:45:39     INFO - TEST-START | test_switch_frame.py TestSwitchFrame.test_stack_trace
16:45:42     INFO - TEST-PASS | test_switch_frame.py TestSwitchFrame.test_stack_trace | took 2813ms
16:45:42     INFO - TEST-START | test_switch_frame.py TestSwitchFrame.test_switch_nested
16:45:45     INFO - TEST-PASS | test_switch_frame.py TestSwitchFrame.test_switch_nested | took 2777ms
16:45:45     INFO - TEST-START | test_switch_frame.py TestSwitchFrame.test_switch_simple
16:45:47     INFO - TEST-PASS | test_switch_frame.py TestSwitchFrame.test_switch_simple | took 2288ms
16:45:47     INFO - TEST-START | test_switch_frame.py TestSwitchFrame.test_switch_to_frame_with_negative_index
16:45:49     INFO - TEST-PASS | test_switch_frame.py TestSwitchFrame.test_switch_to_frame_with_negative_index | took 1909ms
16:45:49     INFO - TEST-START | test_switch_frame.py TestSwitchFrame.test_switch_to_frame_with_out_of_bounds_index
16:45:51     INFO - TEST-PASS | test_switch_frame.py TestSwitchFrame.test_switch_to_frame_with_out_of_bounds_index | took 2150ms
16:45:51     INFO - TEST-START | test_switch_frame.py TestSwitchFrame.test_switch_to_parent_frame
16:45:56     INFO - TEST-PASS | test_switch_frame.py TestSwitchFrame.test_switch_to_parent_frame | took 4672ms
16:45:56     INFO - TEST-START | test_switch_frame.py TestSwitchFrame.test_switch_to_parent_frame_from_default_context_is_a_noop
16:45:58     INFO - TEST-PASS | test_switch_frame.py TestSwitchFrame.test_switch_to_parent_frame_from_default_context_is_a_noop | took 1738ms
16:45:58     INFO - TEST-START | test_switch_frame_chrome.py TestSwitchFrameChrome.test_stack_trace
16:46:01     INFO - TEST-PASS | test_switch_frame_chrome.py TestSwitchFrameChrome.test_stack_trace | took 3191ms
16:46:01     INFO - TEST-START | test_switch_frame_chrome.py TestSwitchFrameChrome.test_switch_simple
16:46:04     INFO - TEST-PASS | test_switch_frame_chrome.py TestSwitchFrameChrome.test_switch_simple | took 3218ms
16:46:04     INFO - TEST-START | test_switch_remote_frame.py TestSwitchRemoteFrame.test_remote_frame
16:46:10     INFO - TEST-PASS | test_switch_remote_frame.py TestSwitchRemoteFrame.test_remote_frame | took 5856ms
16:46:10     INFO - TEST-START | test_switch_remote_frame.py TestSwitchRemoteFrame.test_remote_frame_revisit
16:46:16     INFO - TEST-PASS | test_switch_remote_frame.py TestSwitchRemoteFrame.test_remote_frame_revisit | took 5596ms
16:46:16     INFO - TEST-START | test_switch_remote_frame.py TestSwitchRemoteFrame.test_we_can_switch_to_a_remote_frame_by_index
16:46:21     INFO - TEST-PASS | test_switch_remote_frame.py TestSwitchRemoteFrame.test_we_can_switch_to_a_remote_frame_by_index | took 5491ms
16:46:21     INFO - TEST-START | test_switch_window_content.py TestSwitchToWindowContent.test_switch_from_content_to_chrome_window_should_not_change_selected_tab
16:46:28     INFO - TEST-PASS | test_switch_window_content.py TestSwitchToWindowContent.test_switch_from_content_to_chrome_window_should_not_change_selected_tab | took 6478ms
16:46:28     INFO - TEST-START | test_switch_window_content.py TestSwitchToWindowContent.test_switch_tabs_with_focus_change
16:46:35     INFO - TEST-PASS | test_switch_window_content.py TestSwitchToWindowContent.test_switch_tabs_with_focus_change | took 7447ms
16:46:35     INFO - TEST-START | test_switch_window_content.py TestSwitchToWindowContent.test_switch_tabs_without_focus_change
16:46:40     INFO - TEST-PASS | test_switch_window_content.py TestSwitchToWindowContent.test_switch_tabs_without_focus_change | took 4796ms
16:46:40     INFO - TEST-START | test_switch_window_content.py TestSwitchToWindowContent.test_switch_to_new_private_browsing_window_has_to_register_browsers
16:46:50     INFO - TEST-PASS | test_switch_window_content.py TestSwitchToWindowContent.test_switch_to_new_private_browsing_window_has_to_register_browsers | took 9690ms
16:46:50     INFO - TEST-START | test_switch_window_chrome.py TestSwitchWindowChrome.test_switch_from_content_to_chrome_window_should_not_change_selected_tab
16:46:55     INFO - TEST-PASS | test_switch_window_chrome.py TestSwitchWindowChrome.test_switch_from_content_to_chrome_window_should_not_change_selected_tab | took 5432ms
16:46:55     INFO - TEST-START | test_switch_window_chrome.py TestSwitchWindowChrome.test_switch_tabs_for_new_background_window_without_focus_change
16:46:55     INFO - TEST-SKIP | test_switch_window_chrome.py TestSwitchWindowChrome.test_switch_tabs_for_new_background_window_without_focus_change | took 1ms
16:46:55     INFO - TEST-START | test_switch_window_chrome.py TestSwitchWindowChrome.test_switch_tabs_for_new_foreground_window_with_focus_change
16:47:09     INFO - TEST-PASS | test_switch_window_chrome.py TestSwitchWindowChrome.test_switch_tabs_for_new_foreground_window_with_focus_change | took 13888ms
16:47:09     INFO - TEST-START | test_switch_window_chrome.py TestSwitchWindowChrome.test_switch_tabs_for_new_foreground_window_without_focus_change
16:47:23     INFO - TEST-PASS | test_switch_window_chrome.py TestSwitchWindowChrome.test_switch_tabs_for_new_foreground_window_without_focus_change | took 14361ms
16:47:23     INFO - TEST-START | test_switch_window_chrome.py TestSwitchWindowChrome.test_switch_tabs_with_focus_change
16:47:30     INFO - TEST-PASS | test_switch_window_chrome.py TestSwitchWindowChrome.test_switch_tabs_with_focus_change | took 6454ms
16:47:30     INFO - TEST-START | test_switch_window_chrome.py TestSwitchWindowChrome.test_switch_tabs_without_focus_change
16:47:38     INFO - TEST-PASS | test_switch_window_chrome.py TestSwitchWindowChrome.test_switch_tabs_without_focus_change | took 7869ms
16:47:38     INFO - TEST-START | test_switch_window_chrome.py TestSwitchWindowChrome.test_switch_to_new_private_browsing_window_has_to_register_browsers
16:47:48     INFO - TEST-PASS | test_switch_window_chrome.py TestSwitchWindowChrome.test_switch_to_new_private_browsing_window_has_to_register_browsers | took 10856ms
16:47:48     INFO - TEST-START | test_switch_window_content.py TestSwitchToWindowContent.test_switch_from_content_to_chrome_window_should_not_change_selected_tab
16:47:55     INFO - TEST-PASS | test_switch_window_content.py TestSwitchToWindowContent.test_switch_from_content_to_chrome_window_should_not_change_selected_tab | took 6532ms
16:47:55     INFO - TEST-START | test_switch_window_content.py TestSwitchToWindowContent.test_switch_tabs_with_focus_change
16:48:03     INFO - TEST-PASS | test_switch_window_content.py TestSwitchToWindowContent.test_switch_tabs_with_focus_change | took 7493ms
16:48:03     INFO - TEST-START | test_switch_window_content.py TestSwitchToWindowContent.test_switch_tabs_without_focus_change
16:48:08     INFO - TEST-PASS | test_switch_window_content.py TestSwitchToWindowContent.test_switch_tabs_without_focus_change | took 5626ms
16:48:08     INFO - TEST-START | test_switch_window_content.py TestSwitchToWindowContent.test_switch_to_new_private_browsing_window_has_to_register_browsers
16:48:17     INFO - TEST-PASS | test_switch_window_content.py TestSwitchToWindowContent.test_switch_to_new_private_browsing_window_has_to_register_browsers | took 9335ms
16:48:17     INFO - TEST-START | test_pagesource.py TestPageSource.testShouldReturnAXMLDocumentSource
16:48:19     INFO - TEST-PASS | test_pagesource.py TestPageSource.testShouldReturnAXMLDocumentSource | took 1743ms
16:48:19     INFO - TEST-START | test_pagesource.py TestPageSource.testShouldReturnTheSourceOfAPage
16:48:21     INFO - TEST-PASS | test_pagesource.py TestPageSource.testShouldReturnTheSourceOfAPage | took 2072ms
16:48:21     INFO - TEST-START | test_pagesource.py TestPageSource.testShouldReturnTheSourceOfAPageWhenThereAreUnicodeChars
16:48:23     INFO - TEST-PASS | test_pagesource.py TestPageSource.testShouldReturnTheSourceOfAPageWhenThereAreUnicodeChars | took 1456ms
16:48:23     INFO - TEST-START | test_pagesource_chrome.py TestPageSourceChrome.testShouldReturnXULDetails
16:48:26     INFO - TEST-PASS | test_pagesource_chrome.py TestPageSourceChrome.testShouldReturnXULDetails | took 3128ms
16:48:26     INFO - TEST-START | test_visibility.py TestVisibility.testHiddenInputElementsAreNeverVisible
16:48:29     INFO - TEST-PASS | test_visibility.py TestVisibility.testHiddenInputElementsAreNeverVisible | took 3038ms
16:48:29     INFO - TEST-START | test_visibility.py TestVisibility.testShouldAllowTheUserToTellIfAnElementIsDisplayedOrNot
16:48:32     INFO - TEST-PASS | test_visibility.py TestVisibility.testShouldAllowTheUserToTellIfAnElementIsDisplayedOrNot | took 3256ms
16:48:32     INFO - TEST-START | test_visibility.py TestVisibility.testShouldClickOnELementPartiallyOffBottom
16:48:35     INFO - TEST-PASS | test_visibility.py TestVisibility.testShouldClickOnELementPartiallyOffBottom | took 3010ms
16:48:35     INFO - TEST-START | test_visibility.py TestVisibility.testShouldClickOnELementPartiallyOffLeft
16:48:38     INFO - TEST-PASS | test_visibility.py TestVisibility.testShouldClickOnELementPartiallyOffLeft | took 2482ms
16:48:38     INFO - TEST-START | test_visibility.py TestVisibility.testShouldClickOnELementPartiallyOffRight
16:48:40     INFO - TEST-PASS | test_visibility.py TestVisibility.testShouldClickOnELementPartiallyOffRight | took 2596ms
16:48:40     INFO - TEST-START | test_visibility.py TestVisibility.testShouldClickOnELementPartiallyOffTop
16:48:42     INFO - TEST-PASS | test_visibility.py TestVisibility.testShouldClickOnELementPartiallyOffTop | took 1656ms
16:48:42     INFO - TEST-START | test_visibility.py TestVisibility.testShouldCountElementsAsVisibleIfStylePropertyHasBeenSet
16:48:45     INFO - TEST-PASS | test_visibility.py TestVisibility.testShouldCountElementsAsVisibleIfStylePropertyHasBeenSet | took 2875ms
16:48:45     INFO - TEST-START | test_visibility.py TestVisibility.testShouldModifyTheVisibilityOfAnElementDynamically
16:48:48     INFO - TEST-PASS | test_visibility.py TestVisibility.testShouldModifyTheVisibilityOfAnElementDynamically | took 3655ms
16:48:48     INFO - TEST-START | test_visibility.py TestVisibility.testShouldSayElementIsInvisibleWhenOverflowXIsHiddenAndOutOfViewport
16:48:51     INFO - TEST-PASS | test_visibility.py TestVisibility.testShouldSayElementIsInvisibleWhenOverflowXIsHiddenAndOutOfViewport | took 2561ms
16:48:51     INFO - TEST-START | test_visibility.py TestVisibility.testShouldSayElementIsVisibleWhenItHasNegativeTransformButElementisntInANegativeSpace
16:48:57     INFO - TEST-PASS | test_visibility.py TestVisibility.testShouldSayElementIsVisibleWhenItHasNegativeTransformButElementisntInANegativeSpace | took 5931ms
16:48:57     INFO - TEST-START | test_visibility.py TestVisibility.testShouldSayElementWithZeroTransformIsVisible
16:48:59     INFO - TEST-PASS | test_visibility.py TestVisibility.testShouldSayElementWithZeroTransformIsVisible | took 2020ms
16:48:59     INFO - TEST-START | test_visibility.py TestVisibility.testShouldSayElementsWithNegativeTransformAreNotDisplayed
16:49:01     INFO - TEST-PASS | test_visibility.py TestVisibility.testShouldSayElementsWithNegativeTransformAreNotDisplayed | took 1940ms
16:49:01     INFO - TEST-START | test_visibility.py TestVisibility.testShouldSayElementsWithParentWithNegativeTransformAreNotDisplayed
16:49:03     INFO - TEST-PASS | test_visibility.py TestVisibility.testShouldSayElementsWithParentWithNegativeTransformAreNotDisplayed | took 2559ms
16:49:03     INFO - TEST-START | test_visibility.py TestVisibility.testShouldShowElementNotVisibleWhenParentElementHasHiddenAttribute
16:49:06     INFO - TEST-PASS | test_visibility.py TestVisibility.testShouldShowElementNotVisibleWhenParentElementHasHiddenAttribute | took 2305ms
16:49:06     INFO - TEST-START | test_visibility.py TestVisibility.testShouldShowElementNotVisibleWithHiddenAttribute
16:49:08     INFO - TEST-PASS | test_visibility.py TestVisibility.testShouldShowElementNotVisibleWithHiddenAttribute | took 2559ms
16:49:08     INFO - TEST-START | test_visibility.py TestVisibility.testVisibilityShouldTakeIntoAccountParentVisibility
16:49:11     INFO - TEST-PASS | test_visibility.py TestVisibility.testVisibilityShouldTakeIntoAccountParentVisibility | took 2742ms
16:49:11     INFO - TEST-START | test_window_handles_chrome.py TestWindowHandles.test_chrome_window_handles_after_opening_new_window
16:49:21     INFO - TEST-PASS | test_window_handles_chrome.py TestWindowHandles.test_chrome_window_handles_after_opening_new_window | took 10129ms
16:49:21     INFO - TEST-START | test_window_handles_chrome.py TestWindowHandles.test_chrome_window_handles_with_scopes
16:49:31     INFO - TEST-PASS | test_window_handles_chrome.py TestWindowHandles.test_chrome_window_handles_with_scopes | took 10154ms
16:49:31     INFO - TEST-START | test_window_handles_chrome.py TestWindowHandles.test_window_handles_after_closing_original_tab
16:49:36     INFO - TEST-PASS | test_window_handles_chrome.py TestWindowHandles.test_window_handles_after_closing_original_tab | took 4716ms
16:49:36     INFO - TEST-START | test_window_handles_chrome.py TestWindowHandles.test_window_handles_after_opening_new_tab
16:49:45     INFO - TEST-PASS | test_window_handles_chrome.py TestWindowHandles.test_window_handles_after_opening_new_tab | took 8556ms
16:49:45     INFO - TEST-START | test_window_handles_chrome.py TestWindowHandles.test_window_handles_after_opening_new_window
16:49:55     INFO - TEST-PASS | test_window_handles_chrome.py TestWindowHandles.test_window_handles_after_opening_new_window | took 10532ms
16:49:55     INFO - TEST-START | test_window_handles_chrome.py TestWindowHandles.test_window_handles_no_switch
16:50:01     INFO - TEST-PASS | test_window_handles_chrome.py TestWindowHandles.test_window_handles_no_switch | took 5729ms
16:50:01     INFO - TEST-START | test_window_handles_content.py TestWindowHandles.test_window_handles_after_closing_original_tab
16:50:07     INFO - TEST-PASS | test_window_handles_content.py TestWindowHandles.test_window_handles_after_closing_original_tab | took 6173ms
16:50:07     INFO - TEST-START | test_window_handles_content.py TestWindowHandles.test_window_handles_after_opening_new_tab
16:50:14     INFO - TEST-PASS | test_window_handles_content.py TestWindowHandles.test_window_handles_after_opening_new_tab | took 6817ms
16:50:14     INFO - TEST-START | test_window_handles_content.py TestWindowHandles.test_window_handles_after_opening_new_window
16:50:25     INFO - TEST-PASS | test_window_handles_content.py TestWindowHandles.test_window_handles_after_opening_new_window | took 10617ms
16:50:25     INFO - TEST-START | test_window_close_chrome.py TestCloseWindow.test_close_chrome_window_for_browser_window
16:50:31     INFO - TEST-PASS | test_window_close_chrome.py TestCloseWindow.test_close_chrome_window_for_browser_window | took 6865ms
16:50:31     INFO - TEST-START | test_window_close_chrome.py TestCloseWindow.test_close_chrome_window_for_last_open_window
16:50:33     INFO - TEST-PASS | test_window_close_chrome.py TestCloseWindow.test_close_chrome_window_for_last_open_window | took 1272ms
16:50:33     INFO - TEST-START | test_window_close_chrome.py TestCloseWindow.test_close_chrome_window_for_non_browser_window
16:50:36     INFO - TEST-PASS | test_window_close_chrome.py TestCloseWindow.test_close_chrome_window_for_non_browser_window | took 3028ms
16:50:36     INFO - TEST-START | test_window_close_chrome.py TestCloseWindow.test_close_window_for_browser_tab
16:50:40     INFO - TEST-PASS | test_window_close_chrome.py TestCloseWindow.test_close_window_for_browser_tab | took 4416ms
16:50:40     INFO - TEST-START | test_window_close_chrome.py TestCloseWindow.test_close_window_for_browser_window_with_single_tab
16:50:50     INFO - TEST-PASS | test_window_close_chrome.py TestCloseWindow.test_close_window_for_browser_window_with_single_tab | took 10078ms
16:50:50     INFO - TEST-START | test_window_close_chrome.py TestCloseWindow.test_close_window_for_last_open_tab
16:50:51     INFO - TEST-PASS | test_window_close_chrome.py TestCloseWindow.test_close_window_for_last_open_tab | took 1071ms
16:50:51     INFO - TEST-START | test_window_close_content.py TestCloseWindow.test_close_chrome_window_for_browser_window
16:50:59     INFO - TEST-PASS | test_window_close_content.py TestCloseWindow.test_close_chrome_window_for_browser_window | took 7272ms
16:50:59     INFO - TEST-START | test_window_close_content.py TestCloseWindow.test_close_chrome_window_for_last_open_window
16:51:00     INFO - TEST-PASS | test_window_close_content.py TestCloseWindow.test_close_chrome_window_for_last_open_window | took 1564ms
16:51:00     INFO - TEST-START | test_window_close_content.py TestCloseWindow.test_close_chrome_window_for_non_browser_window
16:51:03     INFO - TEST-PASS | test_window_close_content.py TestCloseWindow.test_close_chrome_window_for_non_browser_window | took 2879ms
16:51:03     INFO - TEST-START | test_window_close_content.py TestCloseWindow.test_close_window_for_browser_tab
16:51:07     INFO - TEST-PASS | test_window_close_content.py TestCloseWindow.test_close_window_for_browser_tab | took 4119ms
16:51:07     INFO - TEST-START | test_window_close_content.py TestCloseWindow.test_close_window_for_browser_window_with_single_tab
16:51:13     INFO - TEST-PASS | test_window_close_content.py TestCloseWindow.test_close_window_for_browser_window_with_single_tab | took 6134ms
16:51:13     INFO - TEST-START | test_window_close_content.py TestCloseWindow.test_close_window_for_last_open_tab
16:51:15     INFO - TEST-PASS | test_window_close_content.py TestCloseWindow.test_close_window_for_last_open_tab | took 1555ms
16:51:15     INFO - TEST-START | test_window_position.py TestWindowPosition.test_get_types
16:51:16     INFO - TEST-PASS | test_window_position.py TestWindowPosition.test_get_types | took 964ms
16:51:16     INFO - TEST-START | test_window_position.py TestWindowPosition.test_move
16:51:17     INFO - TEST-PASS | test_window_position.py TestWindowPosition.test_move | took 738ms
16:51:17     INFO - TEST-START | test_window_position.py TestWindowPosition.test_out_of_bounds_arguments
16:51:17     INFO - TEST-PASS | test_window_position.py TestWindowPosition.test_out_of_bounds_arguments | took 614ms
16:51:17     INFO - TEST-START | test_window_position.py TestWindowPosition.test_set_types
16:51:18     INFO - TEST-PASS | test_window_position.py TestWindowPosition.test_set_types | took 603ms
16:51:18     INFO - TEST-START | test_screenshot.py TestScreenCaptureChrome.test_capture_different_context
16:51:19     INFO - TEST-PASS | test_screenshot.py TestScreenCaptureChrome.test_capture_different_context | took 1672ms
16:51:19     INFO - TEST-START | test_screenshot.py TestScreenCaptureChrome.test_capture_element
16:51:22     INFO - TEST-PASS | test_screenshot.py TestScreenCaptureChrome.test_capture_element | took 2570ms
16:51:22     INFO - TEST-START | test_screenshot.py TestScreenCaptureChrome.test_capture_flags
16:51:26     INFO - TEST-PASS | test_screenshot.py TestScreenCaptureChrome.test_capture_flags | took 3487ms
16:51:26     INFO - TEST-START | test_screenshot.py TestScreenCaptureChrome.test_capture_full_area
16:51:28     INFO - TEST-PASS | test_screenshot.py TestScreenCaptureChrome.test_capture_full_area | took 2186ms
16:51:28     INFO - TEST-START | test_screenshot.py TestScreenCaptureChrome.test_capture_viewport
16:51:31     INFO - TEST-PASS | test_screenshot.py TestScreenCaptureChrome.test_capture_viewport | took 3073ms
16:51:31     INFO - TEST-START | test_screenshot.py TestScreenCaptureChrome.test_capture_window_already_closed
16:51:33     INFO - TEST-PASS | test_screenshot.py TestScreenCaptureChrome.test_capture_window_already_closed | took 2434ms
16:51:33     INFO - TEST-START | test_screenshot.py TestScreenCaptureChrome.test_format_unknown
16:51:35     INFO - TEST-PASS | test_screenshot.py TestScreenCaptureChrome.test_format_unknown | took 1413ms
16:51:35     INFO - TEST-START | test_screenshot.py TestScreenCaptureChrome.test_formats
16:51:38     INFO -  /usr/lib/python2.7/unittest/case.py:517: UnicodeWarning: Unicode unequal comparison failed to convert both arguments to Unicode - interpreting them as being unequal
16:51:38     INFO -    if not first != second:
16:51:39     INFO - TEST-PASS | test_screenshot.py TestScreenCaptureChrome.test_formats | took 3896ms
16:51:39     INFO - TEST-START | test_screenshot.py TestScreenCaptureChrome.test_highlight_element_not_seen
16:51:40     INFO - TEST-PASS | test_screenshot.py TestScreenCaptureChrome.test_highlight_element_not_seen | took 1684ms
16:51:40     INFO - TEST-START | test_screenshot.py TestScreenCaptureChrome.test_highlight_elements
16:51:43     INFO - TEST-PASS | test_screenshot.py TestScreenCaptureChrome.test_highlight_elements | took 3214ms
16:51:43     INFO - TEST-START | test_screenshot.py TestScreenCaptureContent.test_capture_element
16:51:45     INFO - TEST-PASS | test_screenshot.py TestScreenCaptureContent.test_capture_element | took 1802ms
16:51:45     INFO - TEST-START | test_screenshot.py TestScreenCaptureContent.test_capture_element_scrolled_into_view
16:51:45     INFO - TEST-SKIP | test_screenshot.py TestScreenCaptureContent.test_capture_element_scrolled_into_view | took 1ms
16:51:45     INFO - TEST-START | test_screenshot.py TestScreenCaptureContent.test_capture_flags
16:51:45     INFO - TEST-SKIP | test_screenshot.py TestScreenCaptureContent.test_capture_flags | took 1ms
16:51:45     INFO - TEST-START | test_screenshot.py TestScreenCaptureContent.test_capture_html_document_element
16:51:49     INFO - TEST-PASS | test_screenshot.py TestScreenCaptureContent.test_capture_html_document_element | took 3645ms
16:51:49     INFO - TEST-START | test_screenshot.py TestScreenCaptureContent.test_capture_svg_document_element
16:51:52     INFO - TEST-PASS | test_screenshot.py TestScreenCaptureContent.test_capture_svg_document_element | took 2602ms
16:51:52     INFO - TEST-START | test_screenshot.py TestScreenCaptureContent.test_capture_tab_already_closed
16:51:56     INFO - TEST-PASS | test_screenshot.py TestScreenCaptureContent.test_capture_tab_already_closed | took 4211ms
16:51:56     INFO - TEST-START | test_screenshot.py TestScreenCaptureContent.test_capture_viewport
16:52:01     INFO - TEST-PASS | test_screenshot.py TestScreenCaptureContent.test_capture_viewport | took 5428ms
16:52:01     INFO - TEST-START | test_screenshot.py TestScreenCaptureContent.test_capture_viewport_after_scroll
16:52:10     INFO - TEST-PASS | test_screenshot.py TestScreenCaptureContent.test_capture_viewport_after_scroll | took 9177ms
16:52:10     INFO - TEST-START | test_screenshot.py TestScreenCaptureContent.test_format_unknown
16:52:14     INFO - TEST-PASS | test_screenshot.py TestScreenCaptureContent.test_format_unknown | took 3702ms
16:52:14     INFO - TEST-START | test_screenshot.py TestScreenCaptureContent.test_formats
16:52:18     INFO - TEST-PASS | test_screenshot.py TestScreenCaptureContent.test_formats | took 3981ms
16:52:18     INFO - TEST-START | test_screenshot.py TestScreenCaptureContent.test_highlight_elements
16:52:21     INFO - TEST-PASS | test_screenshot.py TestScreenCaptureContent.test_highlight_elements | took 2572ms
16:52:21     INFO - TEST-START | test_screenshot.py TestScreenCaptureContent.test_scroll
16:52:25     INFO - TEST-PASS | test_screenshot.py TestScreenCaptureContent.test_scroll | took 4266ms
16:52:25     INFO - TEST-START | test_screenshot.py TestScreenCaptureContent.test_scroll_default
16:52:28     INFO - TEST-PASS | test_screenshot.py TestScreenCaptureContent.test_scroll_default | took 3260ms
16:52:28     INFO - TEST-START | test_screenshot.py TestScreenCaptureContent.test_scroll_no_element
16:52:32     INFO - TEST-PASS | test_screenshot.py TestScreenCaptureContent.test_scroll_no_element | took 4310ms
16:52:32     INFO - TEST-START | test_screenshot.py TestScreenCaptureContent.test_scroll_off
16:52:36     INFO - TEST-PASS | test_screenshot.py TestScreenCaptureContent.test_scroll_off | took 3503ms
16:52:36     INFO - TEST-START | test_cookies.py CookieTest.test_add_cookie
16:52:37     INFO - TEST-PASS | test_cookies.py CookieTest.test_add_cookie | took 1412ms
16:52:37     INFO - TEST-START | test_cookies.py CookieTest.test_adding_a_cookie_that_expired_in_the_past
16:52:39     INFO - TEST-PASS | test_cookies.py CookieTest.test_adding_a_cookie_that_expired_in_the_past | took 1686ms
16:52:39     INFO - TEST-START | test_cookies.py CookieTest.test_chrome_error
16:52:42     INFO - TEST-PASS | test_cookies.py CookieTest.test_chrome_error | took 3241ms
16:52:42     INFO - TEST-START | test_cookies.py CookieTest.test_delete_all_cookie
16:52:44     INFO -  foo=bar
16:52:44     INFO - TEST-PASS | test_cookies.py CookieTest.test_delete_all_cookie | took 2209ms
16:52:44     INFO - TEST-START | test_cookies.py CookieTest.test_delete_cookie
16:52:47     INFO - TEST-PASS | test_cookies.py CookieTest.test_delete_cookie | took 2551ms
16:52:47     INFO - TEST-START | test_cookies.py CookieTest.test_get_all_cookies
16:52:50     INFO - TEST-PASS | test_cookies.py CookieTest.test_get_all_cookies | took 2729ms
16:52:50     INFO - TEST-START | test_cookies.py CookieTest.test_should_get_cookie_by_name
16:52:52     INFO - TEST-PASS | test_cookies.py CookieTest.test_should_get_cookie_by_name | took 2393ms
16:52:52     INFO - TEST-START | test_cookies.py CookieTest.test_should_not_delete_cookies_with_a_similar_name
16:52:54     INFO - TEST-PASS | test_cookies.py CookieTest.test_should_not_delete_cookies_with_a_similar_name | took 1548ms
16:52:54     INFO - TEST-START | test_cookies.py CookieTest.test_we_get_required_elements_when_available
16:52:56     INFO - TEST-PASS | test_cookies.py CookieTest.test_we_get_required_elements_when_available | took 2206ms
16:52:56     INFO - TEST-START | test_window_title.py TestTitle.test_get_html_title
16:52:57     INFO - TEST-PASS | test_window_title.py TestTitle.test_get_html_title | took 1169ms
16:52:57     INFO - TEST-START | test_window_title_chrome.py TestTitleChrome.test_get_chrome_title
16:53:00     INFO - TEST-PASS | test_window_title_chrome.py TestTitleChrome.test_get_chrome_title | took 2653ms
16:53:00     INFO - TEST-START | test_window_type.py TestWindowTypeChrome.test_get_window_type
16:53:03     INFO - TEST-PASS | test_window_type.py TestWindowTypeChrome.test_get_window_type | took 2823ms
16:53:03     INFO - TEST-START | test_implicit_waits.py TestImplicitWaits.test_implicit_wait_reaches_timeout
16:53:09     INFO - TEST-PASS | test_implicit_waits.py TestImplicitWaits.test_implicit_wait_reaches_timeout | took 6356ms
16:53:09     INFO - TEST-START | test_implicit_waits.py TestImplicitWaits.test_implicitly_wait_for_single_element
16:53:12     INFO - TEST-PASS | test_implicit_waits.py TestImplicitWaits.test_implicitly_wait_for_single_element | took 3083ms
16:53:12     INFO - TEST-START | test_wait.py FormalWaitTest.test_clock_property
16:53:13     INFO - TEST-PASS | test_wait.py FormalWaitTest.test_clock_property | took 936ms
16:53:13     INFO - TEST-START | test_wait.py FormalWaitTest.test_construction_with_custom_clock
16:53:14     INFO - TEST-PASS | test_wait.py FormalWaitTest.test_construction_with_custom_clock | took 916ms
16:53:14     INFO - TEST-START | test_wait.py FormalWaitTest.test_construction_with_custom_exception
16:53:15     INFO - TEST-PASS | test_wait.py FormalWaitTest.test_construction_with_custom_exception | took 1440ms
16:53:15     INFO - TEST-START | test_wait.py FormalWaitTest.test_construction_with_custom_exception_list
16:53:17     INFO - TEST-PASS | test_wait.py FormalWaitTest.test_construction_with_custom_exception_list | took 2046ms
16:53:17     INFO - TEST-START | test_wait.py FormalWaitTest.test_construction_with_custom_exception_tuple
16:53:18     INFO - TEST-PASS | test_wait.py FormalWaitTest.test_construction_with_custom_exception_tuple | took 891ms
16:53:18     INFO - TEST-START | test_wait.py FormalWaitTest.test_construction_with_custom_interval
16:53:19     INFO - TEST-PASS | test_wait.py FormalWaitTest.test_construction_with_custom_interval | took 611ms
16:53:19     INFO - TEST-START | test_wait.py FormalWaitTest.test_construction_with_custom_timeout
16:53:20     INFO - TEST-PASS | test_wait.py FormalWaitTest.test_construction_with_custom_timeout | took 610ms
16:53:20     INFO - TEST-START | test_wait.py FormalWaitTest.test_default_interval
16:53:20     INFO - TEST-PASS | test_wait.py FormalWaitTest.test_default_interval | took 853ms
16:53:20     INFO - TEST-START | test_wait.py FormalWaitTest.test_default_timeout
16:53:21     INFO - TEST-PASS | test_wait.py FormalWaitTest.test_default_timeout | took 1111ms
16:53:21     INFO - TEST-START | test_wait.py FormalWaitTest.test_duplicate_exceptions
16:53:22     INFO - TEST-PASS | test_wait.py FormalWaitTest.test_duplicate_exceptions | took 475ms
16:53:22     INFO - TEST-START | test_wait.py FormalWaitTest.test_end_property
16:53:22     INFO - TEST-PASS | test_wait.py FormalWaitTest.test_end_property | took 543ms
16:53:22     INFO - TEST-START | test_wait.py FormalWaitTest.test_marionette_property
16:53:23     INFO - TEST-PASS | test_wait.py FormalWaitTest.test_marionette_property | took 455ms
16:53:23     INFO - TEST-START | test_wait.py FormalWaitTest.test_timeout_uses_default_if_marionette_timeout_is_none
16:53:24     INFO - TEST-PASS | test_wait.py FormalWaitTest.test_timeout_uses_default_if_marionette_timeout_is_none | took 616ms
16:53:24     INFO - TEST-START | test_wait.py PredicatesTest.test_until
16:53:25     INFO - TEST-PASS | test_wait.py PredicatesTest.test_until | took 992ms
16:53:25     INFO - TEST-START | test_wait.py SystemClockTest.test_construction_initializes_time
16:53:26     INFO - TEST-PASS | test_wait.py SystemClockTest.test_construction_initializes_time | took 1172ms
16:53:26     INFO - TEST-START | test_wait.py SystemClockTest.test_sleep
16:53:27     INFO - TEST-PASS | test_wait.py SystemClockTest.test_sleep | took 1498ms
16:53:27     INFO - TEST-START | test_wait.py SystemClockTest.test_time_now
16:53:28     INFO - TEST-PASS | test_wait.py SystemClockTest.test_time_now | took 924ms
16:53:28     INFO - TEST-START | test_wait.py WaitUntilTest.test_custom_predicate
16:53:29     INFO - TEST-PASS | test_wait.py WaitUntilTest.test_custom_predicate | took 818ms
16:53:29     INFO - TEST-START | test_wait.py WaitUntilTest.test_custom_predicate_times_out
16:53:30     INFO - TEST-PASS | test_wait.py WaitUntilTest.test_custom_predicate_times_out | took 1108ms
16:53:30     INFO - TEST-START | test_wait.py WaitUntilTest.test_exception_raises_immediately
16:53:31     INFO - TEST-PASS | test_wait.py WaitUntilTest.test_exception_raises_immediately | took 1161ms
16:53:31     INFO - TEST-START | test_wait.py WaitUntilTest.test_ignored_exception
16:53:32     INFO - TEST-PASS | test_wait.py WaitUntilTest.test_ignored_exception | took 725ms
16:53:32     INFO - TEST-START | test_wait.py WaitUntilTest.test_ignored_exception_after_timeout_is_not_raised
16:53:33     INFO - TEST-PASS | test_wait.py WaitUntilTest.test_ignored_exception_after_timeout_is_not_raised | took 737ms
16:53:33     INFO - TEST-START | test_wait.py WaitUntilTest.test_ignored_exception_wrapped_in_timeoutexception
16:53:33     INFO - TEST-PASS | test_wait.py WaitUntilTest.test_ignored_exception_wrapped_in_timeoutexception | took 789ms
16:53:33     INFO - TEST-START | test_wait.py WaitUntilTest.test_keyboard_interrupt
16:53:34     INFO - TEST-PASS | test_wait.py WaitUntilTest.test_keyboard_interrupt | took 747ms
16:53:34     INFO - TEST-START | test_wait.py WaitUntilTest.test_message
16:53:35     INFO - TEST-PASS | test_wait.py WaitUntilTest.test_message | took 702ms
16:53:35     INFO - TEST-START | test_wait.py WaitUntilTest.test_message_has_none_as_its_value
16:53:36     INFO - TEST-PASS | test_wait.py WaitUntilTest.test_message_has_none_as_its_value | took 1185ms
16:53:36     INFO - TEST-START | test_wait.py WaitUntilTest.test_no_message
16:53:37     INFO - TEST-PASS | test_wait.py WaitUntilTest.test_no_message | took 1046ms
16:53:37     INFO - TEST-START | test_wait.py WaitUntilTest.test_system_exit
16:53:38     INFO - TEST-PASS | test_wait.py WaitUntilTest.test_system_exit | took 615ms
16:53:38     INFO - TEST-START | test_wait.py WaitUntilTest.test_timeout
16:53:38     INFO - TEST-PASS | test_wait.py WaitUntilTest.test_timeout | took 522ms
16:53:38     INFO - TEST-START | test_wait.py WaitUntilTest.test_timeout_elapsed_duration
16:53:39     INFO - TEST-PASS | test_wait.py WaitUntilTest.test_timeout_elapsed_duration | took 490ms
16:53:39     INFO - TEST-START | test_wait.py WaitUntilTest.test_timeout_elapsed_interval_by_delayed_condition_return
16:53:40     INFO - TEST-PASS | test_wait.py WaitUntilTest.test_timeout_elapsed_interval_by_delayed_condition_return | took 692ms
16:53:40     INFO - TEST-START | test_wait.py WaitUntilTest.test_timeout_elapsed_rounding
16:53:40     INFO - TEST-PASS | test_wait.py WaitUntilTest.test_timeout_elapsed_rounding | took 641ms
16:53:40     INFO - TEST-START | test_wait.py WaitUntilTest.test_timeout_interval_shorter_than_delayed_condition_return
16:53:41     INFO - TEST-PASS | test_wait.py WaitUntilTest.test_timeout_interval_shorter_than_delayed_condition_return | took 461ms
16:53:41     INFO - TEST-START | test_wait.py WaitUntilTest.test_timeout_with_delayed_condition_return
16:53:41     INFO - TEST-PASS | test_wait.py WaitUntilTest.test_timeout_with_delayed_condition_return | took 585ms
16:53:41     INFO - TEST-START | test_wait.py WaitUntilTest.test_true
16:53:42     INFO - TEST-PASS | test_wait.py WaitUntilTest.test_true | took 563ms
16:53:42     INFO - TEST-START | test_wait.py WaitUntilTest.test_true_condition_returns_immediately
16:53:42     INFO - TEST-PASS | test_wait.py WaitUntilTest.test_true_condition_returns_immediately | took 552ms
16:53:42     INFO - TEST-START | test_wait.py WaitUntilTest.test_true_within_timeout
16:53:43     INFO - TEST-PASS | test_wait.py WaitUntilTest.test_true_within_timeout | took 434ms
16:53:43     INFO - TEST-START | test_wait.py WaitUntilTest.test_value
16:53:43     INFO - TEST-PASS | test_wait.py WaitUntilTest.test_value | took 453ms
16:53:43     INFO - TEST-START | test_expected.py TestExpected.test_element_displayed
16:53:45     INFO - TEST-PASS | test_expected.py TestExpected.test_element_displayed | took 1992ms
16:53:45     INFO - TEST-START | test_expected.py TestExpected.test_element_displayed_locator
16:53:47     INFO - TEST-PASS | test_expected.py TestExpected.test_element_displayed_locator | took 2184ms
16:53:47     INFO - TEST-START | test_expected.py TestExpected.test_element_displayed_when_hidden
16:53:50     INFO - TEST-PASS | test_expected.py TestExpected.test_element_displayed_when_hidden | took 2418ms
16:53:50     INFO - TEST-START | test_expected.py TestExpected.test_element_displayed_when_hidden_locator
16:53:51     INFO - TEST-PASS | test_expected.py TestExpected.test_element_displayed_when_hidden_locator | took 1586ms
16:53:51     INFO - TEST-START | test_expected.py TestExpected.test_element_displayed_when_not_present
16:53:53     INFO - TEST-PASS | test_expected.py TestExpected.test_element_displayed_when_not_present | took 1427ms
16:53:53     INFO - TEST-START | test_expected.py TestExpected.test_element_displayed_when_stale_element
16:53:55     INFO - TEST-PASS | test_expected.py TestExpected.test_element_displayed_when_stale_element | took 1953ms
16:53:55     INFO - TEST-START | test_expected.py TestExpected.test_element_enabled
16:53:56     INFO - TEST-PASS | test_expected.py TestExpected.test_element_enabled | took 1569ms
16:53:56     INFO - TEST-START | test_expected.py TestExpected.test_element_enabled_when_disabled
16:53:59     INFO - TEST-PASS | test_expected.py TestExpected.test_element_enabled_when_disabled | took 2250ms
16:53:59     INFO - TEST-START | test_expected.py TestExpected.test_element_not_displayed
16:54:00     INFO - TEST-PASS | test_expected.py TestExpected.test_element_not_displayed | took 1250ms
16:54:00     INFO - TEST-START | test_expected.py TestExpected.test_element_not_displayed_locator
16:54:01     INFO - TEST-PASS | test_expected.py TestExpected.test_element_not_displayed_locator | took 1433ms
16:54:01     INFO - TEST-START | test_expected.py TestExpected.test_element_not_displayed_when_stale_element
16:54:04     INFO - TEST-PASS | test_expected.py TestExpected.test_element_not_displayed_when_stale_element | took 3070ms
16:54:04     INFO - TEST-START | test_expected.py TestExpected.test_element_not_displayed_when_visible
16:54:06     INFO - TEST-PASS | test_expected.py TestExpected.test_element_not_displayed_when_visible | took 1419ms
16:54:06     INFO - TEST-START | test_expected.py TestExpected.test_element_not_displayed_when_visible_locator
16:54:08     INFO - TEST-PASS | test_expected.py TestExpected.test_element_not_displayed_when_visible_locator | took 1938ms
16:54:08     INFO - TEST-START | test_expected.py TestExpected.test_element_not_enabled
16:54:09     INFO - TEST-PASS | test_expected.py TestExpected.test_element_not_enabled | took 1665ms
16:54:09     INFO - TEST-START | test_expected.py TestExpected.test_element_not_enabled_when_enabled
16:54:11     INFO - TEST-PASS | test_expected.py TestExpected.test_element_not_enabled_when_enabled | took 1766ms
16:54:11     INFO - TEST-START | test_expected.py TestExpected.test_element_not_present_func
16:54:12     INFO - TEST-PASS | test_expected.py TestExpected.test_element_not_present_func | took 803ms
16:54:12     INFO - TEST-START | test_expected.py TestExpected.test_element_not_present_is_present
16:54:13     INFO - TEST-PASS | test_expected.py TestExpected.test_element_not_present_is_present | took 1301ms
16:54:13     INFO - TEST-START | test_expected.py TestExpected.test_element_not_present_locator
16:54:14     INFO - TEST-PASS | test_expected.py TestExpected.test_element_not_present_locator | took 1036ms
16:54:14     INFO - TEST-START | test_expected.py TestExpected.test_element_not_selected
16:54:22     INFO - TEST-PASS | test_expected.py TestExpected.test_element_not_selected | took 7748ms
16:54:22     INFO - TEST-START | test_expected.py TestExpected.test_element_not_selected_when_selected
16:54:23     INFO - TEST-PASS | test_expected.py TestExpected.test_element_not_selected_when_selected | took 1428ms
16:54:23     INFO - TEST-START | test_expected.py TestExpected.test_element_present_func
16:54:25     INFO - TEST-PASS | test_expected.py TestExpected.test_element_present_func | took 1501ms
16:54:25     INFO - TEST-START | test_expected.py TestExpected.test_element_present_locator
16:54:26     INFO - TEST-PASS | test_expected.py TestExpected.test_element_present_locator | took 1394ms
16:54:26     INFO - TEST-START | test_expected.py TestExpected.test_element_present_not_present
16:54:27     INFO - TEST-PASS | test_expected.py TestExpected.test_element_present_not_present | took 786ms
16:54:27     INFO - TEST-START | test_expected.py TestExpected.test_element_selected
16:54:29     INFO - TEST-PASS | test_expected.py TestExpected.test_element_selected | took 1604ms
16:54:29     INFO - TEST-START | test_expected.py TestExpected.test_element_selected_when_not_selected
16:54:30     INFO - TEST-PASS | test_expected.py TestExpected.test_element_selected_when_not_selected | took 1563ms
16:54:30     INFO - TEST-START | test_expected.py TestExpected.test_element_stale
16:54:32     INFO - TEST-PASS | test_expected.py TestExpected.test_element_stale | took 1927ms
16:54:32     INFO - TEST-START | test_expected.py TestExpected.test_element_stale_is_not_stale
16:54:34     INFO - TEST-PASS | test_expected.py TestExpected.test_element_stale_is_not_stale | took 2128ms
16:54:34     INFO - TEST-START | test_expected.py TestExpected.test_elements_not_present_func
16:54:35     INFO - TEST-PASS | test_expected.py TestExpected.test_elements_not_present_func | took 619ms
16:54:35     INFO - TEST-START | test_expected.py TestExpected.test_elements_not_present_is_present
16:54:38     INFO - TEST-PASS | test_expected.py TestExpected.test_elements_not_present_is_present | took 2647ms
16:54:38     INFO - TEST-START | test_expected.py TestExpected.test_elements_not_present_locator
16:54:38     INFO - TEST-PASS | test_expected.py TestExpected.test_elements_not_present_locator | took 643ms
16:54:38     INFO - TEST-START | test_expected.py TestExpected.test_elements_present_func
16:54:39     INFO - TEST-PASS | test_expected.py TestExpected.test_elements_present_func | took 1157ms
16:54:39     INFO - TEST-START | test_expected.py TestExpected.test_elements_present_locator
16:54:41     INFO - TEST-PASS | test_expected.py TestExpected.test_elements_present_locator | took 1345ms
16:54:41     INFO - TEST-START | test_expected.py TestExpected.test_elements_present_not_present
16:54:43     INFO - TEST-PASS | test_expected.py TestExpected.test_elements_present_not_present | took 1731ms
16:54:43     INFO - TEST-START | test_date_time_value.py TestDateTime.test_set_date
16:54:45     INFO - TEST-PASS | test_date_time_value.py TestDateTime.test_set_date | took 2275ms
16:54:45     INFO - TEST-START | test_date_time_value.py TestDateTime.test_set_time
16:54:47     INFO - TEST-PASS | test_date_time_value.py TestDateTime.test_set_time | took 2321ms
16:54:47     INFO - TEST-START | test_screen_orientation.py TestScreenOrientation.test_set_invalid_orientation
16:54:48     INFO - TEST-SKIP | test_screen_orientation.py TestScreenOrientation.test_set_invalid_orientation | took 445ms
16:54:48     INFO - TEST-START | test_screen_orientation.py TestScreenOrientation.test_set_null_orientation
16:54:48     INFO - TEST-SKIP | test_screen_orientation.py TestScreenOrientation.test_set_null_orientation | took 687ms
16:54:49     INFO - TEST-START | test_screen_orientation.py TestScreenOrientation.test_set_orientation_to_landscape_primary
16:54:49     INFO - TEST-SKIP | test_screen_orientation.py TestScreenOrientation.test_set_orientation_to_landscape_primary | took 476ms
16:54:49     INFO - TEST-START | test_screen_orientation.py TestScreenOrientation.test_set_orientation_to_landscape_secondary
16:54:50     INFO - TEST-SKIP | test_screen_orientation.py TestScreenOrientation.test_set_orientation_to_landscape_secondary | took 452ms
16:54:50     INFO - TEST-START | test_screen_orientation.py TestScreenOrientation.test_set_orientation_to_portrait_primary
16:54:51     INFO - TEST-SKIP | test_screen_orientation.py TestScreenOrientation.test_set_orientation_to_portrait_primary | took 903ms
16:54:51     INFO - TEST-START | test_screen_orientation.py TestScreenOrientation.test_set_orientation_to_portrait_secondary
16:54:52     INFO - TEST-SKIP | test_screen_orientation.py TestScreenOrientation.test_set_orientation_to_portrait_secondary | took 1058ms
16:54:53     INFO - TEST-START | test_screen_orientation.py TestScreenOrientation.test_set_orientation_to_shorthand_landscape
16:54:55     INFO - TEST-SKIP | test_screen_orientation.py TestScreenOrientation.test_set_orientation_to_shorthand_landscape | took 2030ms
16:54:55     INFO - TEST-START | test_screen_orientation.py TestScreenOrientation.test_set_orientation_to_shorthand_portrait
16:54:56     INFO - TEST-SKIP | test_screen_orientation.py TestScreenOrientation.test_set_orientation_to_shorthand_portrait | took 702ms
16:54:56     INFO - TEST-START | test_screen_orientation.py TestScreenOrientation.test_set_orientation_with_mixed_casing
16:54:57     INFO - TEST-SKIP | test_screen_orientation.py TestScreenOrientation.test_set_orientation_with_mixed_casing | took 1021ms
16:54:57     INFO - TEST-START | test_screen_orientation.py TestScreenOrientation.test_unsupported_operation_on_desktop
16:54:58     INFO - TEST-PASS | test_screen_orientation.py TestScreenOrientation.test_unsupported_operation_on_desktop | took 986ms
16:54:58     INFO - TEST-START | test_errors.py TestAllErrors.test_properties
16:55:00     INFO - TEST-PASS | test_errors.py TestAllErrors.test_properties | took 1633ms
16:55:00     INFO - TEST-START | test_errors.py TestErrors.test_cause_string
16:55:01     INFO - TEST-PASS | test_errors.py TestErrors.test_cause_string | took 933ms
16:55:01     INFO - TEST-START | test_errors.py TestErrors.test_cause_tuple
16:55:02     INFO - TEST-PASS | test_errors.py TestErrors.test_cause_tuple | took 1110ms
16:55:02     INFO - TEST-START | test_errors.py TestErrors.test_construction
16:55:03     INFO - TEST-PASS | test_errors.py TestErrors.test_construction | took 1004ms
16:55:03     INFO - TEST-START | test_errors.py TestErrors.test_defaults
16:55:04     INFO - TEST-PASS | test_errors.py TestErrors.test_defaults | took 1114ms
16:55:04     INFO - TEST-START | test_errors.py TestErrors.test_str
16:55:06     INFO - TEST-PASS | test_errors.py TestErrors.test_str | took 2008ms
16:55:06     INFO - TEST-START | test_errors.py TestLookup.test_by_known_string
16:55:08     INFO - TEST-PASS | test_errors.py TestLookup.test_by_known_string | took 1625ms
16:55:08     INFO - TEST-START | test_errors.py TestLookup.test_by_known_unicode_string
16:55:10     INFO - TEST-PASS | test_errors.py TestLookup.test_by_known_unicode_string | took 2082ms
16:55:10     INFO - TEST-START | test_errors.py TestLookup.test_by_unknown_number
16:55:10     INFO - TEST-PASS | test_errors.py TestLookup.test_by_unknown_number | took 593ms
16:55:10     INFO - TEST-START | test_errors.py TestLookup.test_by_unknown_string
16:55:11     INFO - TEST-PASS | test_errors.py TestLookup.test_by_unknown_string | took 763ms
16:55:11     INFO - TEST-START | test_execute_isolate.py TestExecuteIsolationChrome.test_execute_async_isolate
16:55:18     INFO - TEST-PASS | test_execute_isolate.py TestExecuteIsolationChrome.test_execute_async_isolate | took 6742ms
16:55:18     INFO - TEST-START | test_execute_isolate.py TestExecuteIsolationContent.test_execute_async_isolate
16:55:25     INFO - TEST-PASS | test_execute_isolate.py TestExecuteIsolationContent.test_execute_async_isolate | took 6906ms
16:55:25     INFO - TEST-START | test_click_scrolling.py TestClickScrolling.test_clicking_on_anchor_scrolls_page
16:55:30     INFO - TEST-PASS | test_click_scrolling.py TestClickScrolling.test_clicking_on_anchor_scrolls_page | took 5347ms
16:55:30     INFO - TEST-START | test_click_scrolling.py TestClickScrolling.test_should_be_able_to_click_on_an_element_hidden_by_overflow
16:55:30     INFO - TEST-SKIP | test_click_scrolling.py TestClickScrolling.test_should_be_able_to_click_on_an_element_hidden_by_overflow | took 0ms
16:55:30     INFO - TEST-START | test_click_scrolling.py TestClickScrolling.test_should_be_able_to_click_radio_button_scrolled_into_view
16:55:32     INFO - TEST-PASS | test_click_scrolling.py TestClickScrolling.test_should_be_able_to_click_radio_button_scrolled_into_view | took 2163ms
16:55:32     INFO - TEST-START | test_click_scrolling.py TestClickScrolling.test_should_not_scroll_elements_if_click_point_is_in_view
16:55:45     INFO - TEST-PASS | test_click_scrolling.py TestClickScrolling.test_should_not_scroll_elements_if_click_point_is_in_view | took 13076ms
16:55:45     INFO - TEST-START | test_click_scrolling.py TestClickScrolling.test_should_not_scroll_if_already_scrolled_and_element_is_in_view
16:55:49     INFO - TEST-PASS | test_click_scrolling.py TestClickScrolling.test_should_not_scroll_if_already_scrolled_and_element_is_in_view | took 3817ms
16:55:49     INFO - TEST-START | test_click_scrolling.py TestClickScrolling.test_should_not_scroll_overflow_elements_which_are_visible
16:55:52     INFO - TEST-PASS | test_click_scrolling.py TestClickScrolling.test_should_not_scroll_overflow_elements_which_are_visible | took 3157ms
16:55:52     INFO - TEST-START | test_click_scrolling.py TestClickScrolling.test_should_scroll_elements_if_click_point_is_out_of_view_but_element_is_in_view
16:55:59     INFO - TEST-PASS | test_click_scrolling.py TestClickScrolling.test_should_scroll_elements_if_click_point_is_out_of_view_but_element_is_in_view | took 7071ms
16:55:59     INFO - TEST-START | test_click_scrolling.py TestClickScrolling.test_should_scroll_overflow_elements_if_click_point_is_out_of_view_but_element_is_in_view
16:55:59     INFO - TEST-SKIP | test_click_scrolling.py TestClickScrolling.test_should_scroll_overflow_elements_if_click_point_is_out_of_view_but_element_is_in_view | took 0ms
16:55:59     INFO - TEST-START | test_click_scrolling.py TestClickScrolling.test_should_scroll_to_click_on_an_element_hidden_by_overflow
16:56:03     INFO - TEST-PASS | test_click_scrolling.py TestClickScrolling.test_should_scroll_to_click_on_an_element_hidden_by_overflow | took 3984ms
16:56:03     INFO - TEST-START | test_profile_management.py TestProfileManagement.test_change_preference
16:56:05     INFO - Application command: /builds/slave/test/build/application/firefox/firefox -no-remote -marionette -profile /tmp/tmpdn5ULV.mozrunner
16:56:31     INFO - Application command: /builds/slave/test/build/application/firefox/firefox -no-remote -marionette -profile /tmp/tmpLc6HCW.mozrunner
16:56:56     INFO - TEST-PASS | test_profile_management.py TestProfileManagement.test_change_preference | took 52461ms
16:56:56     INFO - TEST-START | test_profile_management.py TestProfileManagement.test_clean_profile
16:56:57     INFO - Application command: /builds/slave/test/build/application/firefox/firefox -no-remote -marionette -profile /tmp/tmpPLSV0h.mozrunner
16:57:23     INFO - Application command: /builds/slave/test/build/application/firefox/firefox -no-remote -marionette -profile /tmp/tmpOqy02U.mozrunner
16:57:48     INFO - TEST-PASS | test_profile_management.py TestProfileManagement.test_clean_profile | took 52353ms
16:57:48     INFO - TEST-START | test_profile_management.py TestProfileManagement.test_preferences_are_set
16:57:50     INFO - Application command: /builds/slave/test/build/application/firefox/firefox -no-remote -marionette -profile /tmp/tmpzl1sHw.mozrunner
16:58:15     INFO - TEST-PASS | test_profile_management.py TestProfileManagement.test_preferences_are_set | took 27216ms
16:58:16     INFO - TEST-START | test_quit_restart.py TestQuitRestart.test_force_quit
16:58:17     INFO - Application command: /builds/slave/test/build/application/firefox/firefox -no-remote -marionette -profile /tmp/tmpr2R1d3.mozrunner
16:58:43     INFO - TEST-PASS | test_quit_restart.py TestQuitRestart.test_force_quit | took 27060ms
16:58:43     INFO - TEST-START | test_quit_restart.py TestQuitRestart.test_force_restart
16:58:44     INFO - Application command: /builds/slave/test/build/application/firefox/firefox -no-remote -marionette -profile /tmp/tmpr2R1d3.mozrunner
16:59:05     INFO - TEST-PASS | test_quit_restart.py TestQuitRestart.test_force_restart | took 22799ms
16:59:05     INFO - TEST-START | test_quit_restart.py TestQuitRestart.test_in_app_clean_restart
16:59:07     INFO - TEST-PASS | test_quit_restart.py TestQuitRestart.test_in_app_clean_restart | took 1447ms
16:59:07     INFO - TEST-START | test_quit_restart.py TestQuitRestart.test_in_app_quit
16:59:15     INFO - Application command: /builds/slave/test/build/application/firefox/firefox -no-remote -marionette -profile /tmp/tmphFgqwl.mozrunner

command interrupted, attempting to kill
process killed by signal 9
program finished with exit code -1
elapsedTime=2478.940774
The web-page 'stop build' button was pressed by 'rvandermeulen@mozilla.com': Cancelled via self-serve
========= master_lag: 0.21 =========
========= Finished '/tools/buildbot/bin/python -u ...' interrupted (results: 4, elapsed: 41 mins, 19 secs) (at 2018-06-08 16:59:16.529749) =========

========= Started set props: build_url (results: 0, elapsed: 0 secs) (at 2018-06-08 16:59:16.548119) =========
bash -c 'for file in `ls -1`; do cat $file; done'
 in dir /builds/slave/test/properties (timeout 1200 secs)
 watching logfiles {}
 argv: ['bash', '-c', 'for file in `ls -1`; do cat $file; done']
 environment:
  HOME=/home/cltbld
  LANG=en_US.UTF-8
  LOGNAME=cltbld
  MAIL=/var/mail/cltbld
  NODE_PATH=/usr/lib/nodejs:/usr/lib/node_modules:/usr/share/javascript
  PATH=/usr/local/bin:/usr/local/bin:/usr/bin:/bin:/usr/local/games:/usr/games
  PWD=/builds/slave/test/properties
  SHELL=/bin/bash
  SHLVL=1
  TERM=linux
  TMOUT=86400
  USER=cltbld
  XDG_SESSION_COOKIE=5a152710dd62cc268aad214e000002d8-1528499868.778856-1833781773
  _=/tools/buildbot/bin/python
 using PTY: False
build_url:https://queue.taskcluster.net/v1/task/bv_xmMnhRbGfcnUpn7xASQ/artifacts/public/build/firefox-52.8.2.en-US.linux-i686.tar.bz2
program finished with exit code 0
elapsedTime=0.276072
build_url: 'https://queue.taskcluster.net/v1/task/bv_xmMnhRbGfcnUpn7xASQ/artifacts/public/build/firefox-52.8.2.en-US.linux-i686.tar.bz2'
========= master_lag: 0.29 =========
========= Finished set props: build_url (results: 0, elapsed: 0 secs) (at 2018-06-08 16:59:17.113539) =========

========= Started 'rm -f ...' (results: 0, elapsed: 0 secs) (at 2018-06-08 16:59:17.117929) =========
rm -f oauth.txt
 in dir /builds/slave/test/. (timeout 1200 secs)
 watching logfiles {}
 argv: ['rm', '-f', 'oauth.txt']
 environment:
  HOME=/home/cltbld
  LANG=en_US.UTF-8
  LOGNAME=cltbld
  MAIL=/var/mail/cltbld
  NODE_PATH=/usr/lib/nodejs:/usr/lib/node_modules:/usr/share/javascript
  PATH=/usr/local/bin:/usr/local/bin:/usr/bin:/bin:/usr/local/games:/usr/games
  PWD=/builds/slave/test
  SHELL=/bin/bash
  SHLVL=1
  TERM=linux
  TMOUT=86400
  USER=cltbld
  XDG_SESSION_COOKIE=5a152710dd62cc268aad214e000002d8-1528499868.778856-1833781773
  _=/tools/buildbot/bin/python
 using PTY: False
program finished with exit code 0
elapsedTime=0.122947
========= master_lag: 0.08 =========
========= Finished 'rm -f ...' (results: 0, elapsed: 0 secs) (at 2018-06-08 16:59:17.319149) =========

========= Started reboot skipped (results: 3, elapsed: 0 secs) (at 2018-06-08 16:59:17.319476) =========
========= Finished reboot skipped (results: 3, elapsed: 0 secs) (at 2018-06-08 16:59:17.319766) =========

========= Total master_lag: 0.97 =========

