builder: mozilla-esr52_yosemite_r7-debug_test-web-platform-tests-3
slave: t-yosemite-r7-0012
starttime: 1528500890.23
results: cancelled (6)
buildid: 20180608150819
builduid: b298b373e93d4f8dbf92436c9ed838a2
revision: cbfdf01aac455e0591471201c96b89dee98190b5

========= Started set props: master (results: 0, elapsed: 0 secs) (at 2018-06-08 16:34:50.234533) =========
master: http://buildbot-master106.bb.releng.scl3.mozilla.com:8201/
========= Finished set props: master (results: 0, elapsed: 0 secs) (at 2018-06-08 16:34:50.234989) =========

========= Started downloading to buildprops.json (results: 0, elapsed: 0 secs) (at 2018-06-08 16:34:50.235265) =========
========= Finished downloading to buildprops.json (results: 0, elapsed: 0 secs) (at 2018-06-08 16:34:50.248299) =========

========= Started 'bash -c ...' (results: 0, elapsed: 0 secs) (at 2018-06-08 16:34:50.248588) =========
bash -c 'wget -Oarchiver_client.py --no-check-certificate --tries=10 --waitretry=3 https://hg.mozilla.org/build/tools/raw-file/default/buildfarm/utils/archiver_client.py'
 in dir /builds/slave/test/. (timeout 1200 secs)
 watching logfiles {}
 argv: ['bash', '-c', 'wget -Oarchiver_client.py --no-check-certificate --tries=10 --waitretry=3 https://hg.mozilla.org/build/tools/raw-file/default/buildfarm/utils/archiver_client.py']
 environment:
  Apple_PubSub_Socket_Render=/private/tmp/com.apple.launchd.NJGBh6zTwU/Render
  GIT_SHARE_BASE_DIR=/builds/git-shared
  HG_SHARE_BASE_DIR=/builds/hg-shared
  HOME=/Users/cltbld
  IDLEIZER_DISABLE_SHUTDOWN=true
  LOGNAME=cltbld
  PATH=/usr/local/sbin:/usr/local/bin:/usr/sbin:/usr/bin:/sbin:/bin:/usr/bin/X11
  PWD=/builds/slave/test
  RUNNER_CONFIG_CMD=/opt/runner/bin/python2.7 /opt/runner/bin/runner -c /opt/runner/runner.cfg
  SHELL=/bin/bash
  SSH_AUTH_SOCK=/private/tmp/com.apple.launchd.ft5TyagEA9/Listeners
  TMPDIR=/var/folders/6x/zcbmlx5j3q1bhs5fd8m32ryr00000w/T/
  TWISTD_LOG_PATH=/builds/slave/twistd.log
  USER=cltbld
  VERSIONER_PYTHON_PREFER_32_BIT=no
  VERSIONER_PYTHON_VERSION=2.7
  XPC_FLAGS=0x0
  XPC_SERVICE_NAME=0
  __CF_USER_TEXT_ENCODING=0x1C:0:0
 using PTY: False
--2018-06-08 16:34:50--  https://hg.mozilla.org/build/tools/raw-file/default/buildfarm/utils/archiver_client.py
Resolving hg.mozilla.org... 63.245.215.25, 63.245.215.102
Connecting to hg.mozilla.org|63.245.215.25|:443... connected.
HTTP request sent, awaiting response... 200 Script output follows
Length: 12179 (12K) [text/x-python]
Saving to: 'archiver_client.py'

     0K .......... .                                          100% 44.0M=0s

2018-06-08 16:34:50 (44.0 MB/s) - 'archiver_client.py' saved [12179/12179]

program finished with exit code 0
elapsedTime=0.095164
========= master_lag: 0.01 =========
========= Finished 'bash -c ...' (results: 0, elapsed: 0 secs) (at 2018-06-08 16:34:50.355412) =========

========= Started 'rm -rf ...' (results: 0, elapsed: 0 secs) (at 2018-06-08 16:34:50.355751) =========
rm -rf scripts properties
 in dir /builds/slave/test/. (timeout 1200 secs)
 watching logfiles {}
 argv: ['rm', '-rf', 'scripts', 'properties']
 environment:
  Apple_PubSub_Socket_Render=/private/tmp/com.apple.launchd.NJGBh6zTwU/Render
  GIT_SHARE_BASE_DIR=/builds/git-shared
  HG_SHARE_BASE_DIR=/builds/hg-shared
  HOME=/Users/cltbld
  IDLEIZER_DISABLE_SHUTDOWN=true
  LOGNAME=cltbld
  PATH=/usr/local/sbin:/usr/local/bin:/usr/sbin:/usr/bin:/sbin:/bin:/usr/bin/X11
  PWD=/builds/slave/test
  RUNNER_CONFIG_CMD=/opt/runner/bin/python2.7 /opt/runner/bin/runner -c /opt/runner/runner.cfg
  SHELL=/bin/bash
  SSH_AUTH_SOCK=/private/tmp/com.apple.launchd.ft5TyagEA9/Listeners
  TMPDIR=/var/folders/6x/zcbmlx5j3q1bhs5fd8m32ryr00000w/T/
  TWISTD_LOG_PATH=/builds/slave/twistd.log
  USER=cltbld
  VERSIONER_PYTHON_PREFER_32_BIT=no
  VERSIONER_PYTHON_VERSION=2.7
  XPC_FLAGS=0x0
  XPC_SERVICE_NAME=0
  __CF_USER_TEXT_ENCODING=0x1C:0:0
 using PTY: False
program finished with exit code 0
elapsedTime=0.027548
========= master_lag: 0.02 =========
========= Finished 'rm -rf ...' (results: 0, elapsed: 0 secs) (at 2018-06-08 16:34:50.403563) =========

========= Started 'bash -c ...' (results: 0, elapsed: 1 secs) (at 2018-06-08 16:34:50.403917) =========
bash -c 'python archiver_client.py mozharness --repo releases/mozilla-esr52 --rev cbfdf01aac455e0591471201c96b89dee98190b5 --destination scripts --debug'
 in dir /builds/slave/test/. (timeout 1200 secs)
 watching logfiles {}
 argv: ['bash', '-c', u'python archiver_client.py mozharness --repo releases/mozilla-esr52 --rev cbfdf01aac455e0591471201c96b89dee98190b5 --destination scripts --debug']
 environment:
  Apple_PubSub_Socket_Render=/private/tmp/com.apple.launchd.NJGBh6zTwU/Render
  GIT_SHARE_BASE_DIR=/builds/git-shared
  HG_SHARE_BASE_DIR=/builds/hg-shared
  HOME=/Users/cltbld
  IDLEIZER_DISABLE_SHUTDOWN=true
  LOGNAME=cltbld
  PATH=/usr/local/sbin:/usr/local/bin:/usr/sbin:/usr/bin:/sbin:/bin:/usr/bin/X11
  PWD=/builds/slave/test
  RUNNER_CONFIG_CMD=/opt/runner/bin/python2.7 /opt/runner/bin/runner -c /opt/runner/runner.cfg
  SHELL=/bin/bash
  SSH_AUTH_SOCK=/private/tmp/com.apple.launchd.ft5TyagEA9/Listeners
  TMPDIR=/var/folders/6x/zcbmlx5j3q1bhs5fd8m32ryr00000w/T/
  TWISTD_LOG_PATH=/builds/slave/twistd.log
  USER=cltbld
  VERSIONER_PYTHON_PREFER_32_BIT=no
  VERSIONER_PYTHON_VERSION=2.7
  XPC_FLAGS=0x0
  XPC_SERVICE_NAME=0
  __CF_USER_TEXT_ENCODING=0x1C:0:0
 using PTY: False
2018-06-08 16:34:50,499 truncating revision to first 12 chars
2018-06-08 16:34:50,500 Setting DEBUG logging.
2018-06-08 16:34:50,500 attempt 1/10
2018-06-08 16:34:50,500 Getting archive location from https://api.pub.build.mozilla.org/archiver/hgmo/releases/mozilla-esr52/cbfdf01aac45?&preferred_region=us-west-2&suffix=tar.gz&subdir=testing/mozharness
2018-06-08 16:34:51,652 unpacking tar archive at: mozilla-esr52-cbfdf01aac45/testing/mozharness/
program finished with exit code 0
elapsedTime=1.596248
========= master_lag: 0.01 =========
========= Finished 'bash -c ...' (results: 0, elapsed: 1 secs) (at 2018-06-08 16:34:52.011926) =========

========= Started set props: script_repo_revision (results: 0, elapsed: 0 secs) (at 2018-06-08 16:34:52.012257) =========
script_repo_revision: cbfdf01aac455e0591471201c96b89dee98190b5
========= Finished set props: script_repo_revision (results: 0, elapsed: 0 secs) (at 2018-06-08 16:34:52.012676) =========

========= Started downloading to oauth.txt (results: 0, elapsed: 0 secs) (at 2018-06-08 16:34:52.012949) =========
========= Finished downloading to oauth.txt (results: 0, elapsed: 0 secs) (at 2018-06-08 16:34:52.021556) =========

========= Started '/tools/buildbot/bin/python -u ...' interrupted (results: 4, elapsed: 21 mins, 55 secs) (at 2018-06-08 16:34:52.021825) =========
/tools/buildbot/bin/python -u scripts/scripts/web_platform_tests.py --cfg web_platform_tests/prod_config.py --test-type=testharness --total-chunks 10 --this-chunk 3 --blob-upload-branch mozilla-esr52 --download-symbols true
 in dir /builds/slave/test/. (timeout 1800 secs) (maxTime 7200 secs)
 watching logfiles {}
 argv: ['/tools/buildbot/bin/python', '-u', 'scripts/scripts/web_platform_tests.py', '--cfg', 'web_platform_tests/prod_config.py', '--test-type=testharness', '--total-chunks', '10', '--this-chunk', '3', '--blob-upload-branch', 'mozilla-esr52', '--download-symbols', 'true']
 environment:
  Apple_PubSub_Socket_Render=/private/tmp/com.apple.launchd.NJGBh6zTwU/Render
  GIT_SHARE_BASE_DIR=/builds/git-shared
  HG_SHARE_BASE_DIR=/builds/hg-shared
  HOME=/Users/cltbld
  IDLEIZER_DISABLE_SHUTDOWN=true
  LOGNAME=cltbld
  MOZ_HIDE_RESULTS_TABLE=1
  MOZ_NODE_PATH=/usr/local/bin/node
  MOZ_NO_REMOTE=1
  NO_EM_RESTART=1
  NO_FAIL_ON_TEST_ERRORS=1
  PATH=/usr/local/sbin:/usr/local/bin:/usr/sbin:/usr/bin:/sbin:/bin:/usr/bin/X11
  PROPERTIES_FILE=/builds/slave/test/buildprops.json
  PWD=/builds/slave/test
  RUNNER_CONFIG_CMD=/opt/runner/bin/python2.7 /opt/runner/bin/runner -c /opt/runner/runner.cfg
  SHELL=/bin/bash
  SSH_AUTH_SOCK=/private/tmp/com.apple.launchd.ft5TyagEA9/Listeners
  TMPDIR=/var/folders/6x/zcbmlx5j3q1bhs5fd8m32ryr00000w/T/
  TWISTD_LOG_PATH=/builds/slave/twistd.log
  USER=cltbld
  VERSIONER_PYTHON_PREFER_32_BIT=no
  VERSIONER_PYTHON_VERSION=2.7
  XPCOM_DEBUG_BREAK=warn
  XPC_FLAGS=0x0
  XPC_SERVICE_NAME=0
  __CF_USER_TEXT_ENCODING=0x1C:0:0
 using PTY: False
16:34:52     INFO - MultiFileLogger online at 20180608 16:34:52 in /builds/slave/test
16:34:52     INFO - Run as scripts/scripts/web_platform_tests.py --cfg web_platform_tests/prod_config.py --test-type=testharness --total-chunks 10 --this-chunk 3 --blob-upload-branch mozilla-esr52 --download-symbols true
16:34:52     INFO - Dumping config to /builds/slave/test/logs/localconfig.json.
16:34:52     INFO - {'allow_software_gl_layers': False,
16:34:52     INFO -  'append_to_log': False,
16:34:52     INFO -  'base_work_dir': '/builds/slave/test',
16:34:52     INFO -  'blob_upload_branch': 'mozilla-esr52',
16:34:52     INFO -  'blob_uploader_auth_file': '/builds/slave/test/oauth.txt',
16:34:52     INFO -  'buildbot_json_path': 'buildprops.json',
16:34:52     INFO -  'config_files': ('web_platform_tests/prod_config.py',),
16:34:52     INFO -  'default_blob_upload_servers': ('https://blobupload.elasticbeanstalk.com',),
16:34:52     INFO -  'download_minidump_stackwalk': True,
16:34:52     INFO -  'download_symbols': 'true',
16:34:52     INFO -  'download_tooltool': True,
16:34:52     INFO -  'e10s': False,
16:34:52     INFO -  'exes': {'python': '/tools/buildbot/bin/python',
16:34:52     INFO -           'tooltool.py': '/tools/tooltool.py',
16:34:52     INFO -           'virtualenv': ('/tools/buildbot/bin/python',
16:34:52     INFO -                          '/tools/misc-python/virtualenv.py')},
16:34:52     INFO -  'find_links': ('http://pypi.pvt.build.mozilla.org/pub',
16:34:52     INFO -                 'http://pypi.pub.build.mozilla.org/pub'),
16:34:52     INFO -  'log_level': 'info',
16:34:52     INFO -  'log_to_console': True,
16:34:52     INFO -  'opt_config_files': (),
16:34:52     INFO -  'options': ('--prefs-root=%(test_path)s/prefs',
16:34:52     INFO -              '--processes=1',
16:34:52     INFO -              '--config=%(test_path)s/wptrunner.ini',
16:34:52     INFO -              '--ca-cert-path=%(test_path)s/certs/cacert.pem',
16:34:52     INFO -              '--host-key-path=%(test_path)s/certs/web-platform.test.key',
16:34:52     INFO -              '--host-cert-path=%(test_path)s/certs/web-platform.test.pem',
16:34:52     INFO -              '--certutil-binary=%(test_install_path)s/bin/certutil'),
16:34:52     INFO -  'pip_index': False,
16:34:52     INFO -  'require_test_zip': True,
16:34:52     INFO -  'test_type': ('testharness',),
16:34:52     INFO -  'this_chunk': '3',
16:34:52     INFO -  'tooltool_cache': '/builds/tooltool_cache',
16:34:52     INFO -  'total_chunks': '10',
16:34:52     INFO -  'virtualenv_path': 'venv',
16:34:52     INFO -  'volatile_config': {'actions': None, 'add_actions': None, 'no_actions': None},
16:34:52     INFO -  'work_dir': 'build'}
16:34:52     INFO - [mozharness: 2018-06-08 23:34:52.219274Z] Running clobber step.
16:34:52     INFO - Running pre-action listener: _resource_record_pre_action
16:34:52     INFO - Running main action method: clobber
16:34:52     INFO - rmtree: /builds/slave/test/build
16:34:52     INFO - retry: Calling rmtree with args: ('/builds/slave/test/build',), kwargs: {}, attempt #1
16:34:54     INFO - Running post-action listener: _resource_record_post_action
16:34:54     INFO - [mozharness: 2018-06-08 23:34:54.543117Z] Finished clobber step (success)
16:34:54     INFO - [mozharness: 2018-06-08 23:34:54.543279Z] Running read-buildbot-config step.
16:34:54     INFO - Running pre-action listener: _resource_record_pre_action
16:34:54     INFO - Running main action method: read_buildbot_config
16:34:54     INFO - Using buildbot properties:
16:34:54     INFO - {
16:34:54     INFO -     "project": "", 
16:34:54     INFO -     "product": "firefox", 
16:34:54     INFO -     "script_repo_revision": "production", 
16:34:54     INFO -     "scheduler": "tests-mozilla-esr52-yosemite_r7-debug-unittest", 
16:34:54     INFO -     "repository": "", 
16:34:54     INFO -     "buildername": "Rev7 MacOSX Yosemite 10.10.5 mozilla-esr52 debug test web-platform-tests-3", 
16:34:54     INFO -     "buildid": "20180608150819", 
16:34:54     INFO -     "pgo_build": "False", 
16:34:54     INFO -     "basedir": "/builds/slave/test", 
16:34:54     INFO -     "buildnumber": 23, 
16:34:54     INFO -     "slavename": "t-yosemite-r7-0012", 
16:34:54     INFO -     "master": "http://buildbot-master106.bb.releng.scl3.mozilla.com:8201/", 
16:34:54     INFO -     "platform": "macosx64", 
16:34:54     INFO -     "branch": "mozilla-esr52", 
16:34:54     INFO -     "revision": "cbfdf01aac455e0591471201c96b89dee98190b5", 
16:34:54     INFO -     "repo_path": "releases/mozilla-esr52", 
16:34:54     INFO -     "moz_repo_path": "", 
16:34:54     INFO -     "stage_platform": "macosx64", 
16:34:54     INFO -     "builduid": "b298b373e93d4f8dbf92436c9ed838a2", 
16:34:54     INFO -     "slavebuilddir": "test"
16:34:54     INFO - }
16:34:54     INFO - Found installer url https://queue.taskcluster.net/v1/task/cbf86eh2SwWGC1LFFrbavg/artifacts/public/build/firefox-52.8.2.en-US.mac64.dmg.
16:34:54     INFO - Found a test packages url https://queue.taskcluster.net/v1/task/cbf86eh2SwWGC1LFFrbavg/artifacts/public/build/firefox-52.8.2.en-US.mac64.test_packages.json.
16:34:54     INFO - Running post-action listener: _resource_record_post_action
16:34:54     INFO - [mozharness: 2018-06-08 23:34:54.546699Z] Finished read-buildbot-config step (success)
16:34:54     INFO - [mozharness: 2018-06-08 23:34:54.546847Z] Running download-and-extract step.
16:34:54     INFO - Running pre-action listener: _resource_record_pre_action
16:34:54     INFO - Running main action method: download_and_extract
16:34:54     INFO - mkdir: /builds/slave/test/build/tests
16:34:54     INFO - Downloading https://queue.taskcluster.net/v1/task/cbf86eh2SwWGC1LFFrbavg/artifacts/public/build/firefox-52.8.2.en-US.mac64.test_packages.json to /builds/slave/test/build/firefox-52.8.2.en-US.mac64.test_packages.json
16:34:54     INFO - retry: Calling _download_file with args: (), kwargs: {'url': 'https://queue.taskcluster.net/v1/task/cbf86eh2SwWGC1LFFrbavg/artifacts/public/build/firefox-52.8.2.en-US.mac64.test_packages.json', 'file_name': '/builds/slave/test/build/firefox-52.8.2.en-US.mac64.test_packages.json'}, attempt #1
16:34:55     INFO - Downloaded 1235 bytes.
16:34:55     INFO - Reading from file /builds/slave/test/build/firefox-52.8.2.en-US.mac64.test_packages.json
16:34:55     INFO - Using the following test package requirements:
16:34:55     INFO - {u'common': [u'firefox-52.8.2.en-US.mac64.common.tests.zip'],
16:34:55     INFO -  u'cppunittest': [u'firefox-52.8.2.en-US.mac64.common.tests.zip',
16:34:55     INFO -                   u'firefox-52.8.2.en-US.mac64.cppunittest.tests.zip'],
16:34:55     INFO -  u'gtest': [u'firefox-52.8.2.en-US.mac64.common.tests.zip',
16:34:55     INFO -             u'firefox-52.8.2.en-US.mac64.gtest.tests.zip'],
16:34:55     INFO -  u'jittest': [u'firefox-52.8.2.en-US.mac64.common.tests.zip',
16:34:55     INFO -               u'jsshell-mac64.zip'],
16:34:55     INFO -  u'mochitest': [u'firefox-52.8.2.en-US.mac64.common.tests.zip',
16:34:55     INFO -                 u'firefox-52.8.2.en-US.mac64.mochitest.tests.zip'],
16:34:55     INFO -  u'mozbase': [u'firefox-52.8.2.en-US.mac64.common.tests.zip'],
16:34:55     INFO -  u'reftest': [u'firefox-52.8.2.en-US.mac64.common.tests.zip',
16:34:55     INFO -               u'firefox-52.8.2.en-US.mac64.reftest.tests.zip'],
16:34:55     INFO -  u'talos': [u'firefox-52.8.2.en-US.mac64.common.tests.zip',
16:34:55     INFO -             u'firefox-52.8.2.en-US.mac64.talos.tests.zip'],
16:34:55     INFO -  u'web-platform': [u'firefox-52.8.2.en-US.mac64.common.tests.zip',
16:34:55     INFO -                    u'firefox-52.8.2.en-US.mac64.web-platform.tests.zip'],
16:34:55     INFO -  u'xpcshell': [u'firefox-52.8.2.en-US.mac64.common.tests.zip',
16:34:55     INFO -                u'firefox-52.8.2.en-US.mac64.xpcshell.tests.zip']}
16:34:55     INFO - Downloading packages: [u'firefox-52.8.2.en-US.mac64.common.tests.zip', u'firefox-52.8.2.en-US.mac64.web-platform.tests.zip'] for test suite category: web-platform
16:34:55     INFO - Adding 'mach' for extraction from common.tests zip file
16:34:55     INFO - Adding 'mozinfo.json' for extraction from common.tests zip file
16:34:55     INFO - Downloading and extracting to /builds/slave/test/build/tests these dirs bin/*, config/*, mozbase/*, marionette/*, tools/wptserve/*, web-platform/*, mach, mozinfo.json from https://queue.taskcluster.net/v1/task/cbf86eh2SwWGC1LFFrbavg/artifacts/public/build/firefox-52.8.2.en-US.mac64.common.tests.zip
16:34:55     INFO - retry: Calling fetch_url_into_memory with args: (), kwargs: {'url': u'https://queue.taskcluster.net/v1/task/cbf86eh2SwWGC1LFFrbavg/artifacts/public/build/firefox-52.8.2.en-US.mac64.common.tests.zip'}, attempt #1
16:34:55     INFO - Fetch https://queue.taskcluster.net/v1/task/cbf86eh2SwWGC1LFFrbavg/artifacts/public/build/firefox-52.8.2.en-US.mac64.common.tests.zip into memory
16:34:56     INFO - Http code: 200
16:34:56     INFO - via: 1.1 30bb04916f91d64c600e15c15000042d.cloudfront.net (CloudFront)
16:34:56     INFO - x-amz-cf-id: gr3WxdYWmET-0sVueKv6ppMiOHwDEVEJN1pefehU1ruwyew5eqvubw==
16:34:56     INFO - x-amz-version-id: 6Jp1IEhXNpFL3rVBw5YlstF2WLb650Xv
16:34:56     INFO - Expected file size: 16096421
16:34:56     INFO - Obtained file size: 16096421
16:34:57     INFO - Downloading and extracting to /builds/slave/test/build/tests these dirs bin/*, config/*, mozbase/*, marionette/*, tools/wptserve/*, web-platform/*, mach, mozinfo.json from https://queue.taskcluster.net/v1/task/cbf86eh2SwWGC1LFFrbavg/artifacts/public/build/firefox-52.8.2.en-US.mac64.web-platform.tests.zip
16:34:57     INFO - retry: Calling fetch_url_into_memory with args: (), kwargs: {'url': u'https://queue.taskcluster.net/v1/task/cbf86eh2SwWGC1LFFrbavg/artifacts/public/build/firefox-52.8.2.en-US.mac64.web-platform.tests.zip'}, attempt #1
16:34:57     INFO - Fetch https://queue.taskcluster.net/v1/task/cbf86eh2SwWGC1LFFrbavg/artifacts/public/build/firefox-52.8.2.en-US.mac64.web-platform.tests.zip into memory
16:34:57     INFO - Http code: 200
16:34:57     INFO - via: 1.1 2a47832c458ab2a6b20c8363f5aa35ea.cloudfront.net (CloudFront)
16:34:57     INFO - x-amz-cf-id: 4IDQxbsl39vVJKgdWfqJHvyN8cWFm2NIqnEurA3nmLmKodPOW-TBQg==
16:34:57     INFO - x-amz-version-id: kAbt9qCEitEE6XykQsOxQdio9DaA7MRc
16:34:58     INFO - Expected file size: 43270018
16:34:58     INFO - Obtained file size: 43270018
16:35:08     INFO - Downloading https://queue.taskcluster.net/v1/task/cbf86eh2SwWGC1LFFrbavg/artifacts/public/build/firefox-52.8.2.en-US.mac64.dmg to /builds/slave/test/build/firefox-52.8.2.en-US.mac64.dmg
16:35:08     INFO - retry: Calling _download_file with args: (), kwargs: {'url': 'https://queue.taskcluster.net/v1/task/cbf86eh2SwWGC1LFFrbavg/artifacts/public/build/firefox-52.8.2.en-US.mac64.dmg', 'file_name': '/builds/slave/test/build/firefox-52.8.2.en-US.mac64.dmg'}, attempt #1
16:35:11     INFO - Downloaded 75547823 bytes.
16:35:11     INFO - Setting buildbot property build_url to https://queue.taskcluster.net/v1/task/cbf86eh2SwWGC1LFFrbavg/artifacts/public/build/firefox-52.8.2.en-US.mac64.dmg
16:35:11     INFO - mkdir: /builds/slave/test/properties
16:35:11     INFO - Writing buildbot properties ['build_url'] to /builds/slave/test/properties/build_url
16:35:11     INFO - Writing to file /builds/slave/test/properties/build_url
16:35:11     INFO - Contents:
16:35:11     INFO -  build_url:https://queue.taskcluster.net/v1/task/cbf86eh2SwWGC1LFFrbavg/artifacts/public/build/firefox-52.8.2.en-US.mac64.dmg
16:35:11     INFO - retry: Calling query_symbols_url with args: (), kwargs: {'raise_on_failure': True}, attempt #1
16:35:12     INFO - Setting buildbot property symbols_url to https://queue.taskcluster.net/v1/task/cbf86eh2SwWGC1LFFrbavg/artifacts/public/build/firefox-52.8.2.en-US.mac64.crashreporter-symbols.zip
16:35:12     INFO - Writing buildbot properties ['symbols_url'] to /builds/slave/test/properties/symbols_url
16:35:12     INFO - Writing to file /builds/slave/test/properties/symbols_url
16:35:12     INFO - Contents:
16:35:12     INFO -  symbols_url:https://queue.taskcluster.net/v1/task/cbf86eh2SwWGC1LFFrbavg/artifacts/public/build/firefox-52.8.2.en-US.mac64.crashreporter-symbols.zip
16:35:12     INFO - Downloading and extracting to /builds/slave/test/build/symbols these dirs * from https://queue.taskcluster.net/v1/task/cbf86eh2SwWGC1LFFrbavg/artifacts/public/build/firefox-52.8.2.en-US.mac64.crashreporter-symbols.zip
16:35:12     INFO - retry: Calling fetch_url_into_memory with args: (), kwargs: {'url': 'https://queue.taskcluster.net/v1/task/cbf86eh2SwWGC1LFFrbavg/artifacts/public/build/firefox-52.8.2.en-US.mac64.crashreporter-symbols.zip'}, attempt #1
16:35:12     INFO - Fetch https://queue.taskcluster.net/v1/task/cbf86eh2SwWGC1LFFrbavg/artifacts/public/build/firefox-52.8.2.en-US.mac64.crashreporter-symbols.zip into memory
16:35:12     INFO - Http code: 200
16:35:12     INFO - via: 1.1 75d3bdff1b8eb2920f04077d77f16ca0.cloudfront.net (CloudFront)
16:35:12     INFO - x-amz-cf-id: AzkA4FA0W6_QkRArG_ZXJX_v2MQoCXSQWd7CKC-Rk7yISfnzLEzX2w==
16:35:12     INFO - x-amz-version-id: HNa.r95BIoILYL6amTtvim2q2nxeiEvj
16:35:15     INFO - Expected file size: 137465258
16:35:15     INFO - Obtained file size: 137465258
16:35:19     INFO - Running post-action listener: _resource_record_post_action
16:35:19     INFO - Running post-action listener: set_extra_try_arguments
16:35:19     INFO - [mozharness: 2018-06-08 23:35:19.876665Z] Finished download-and-extract step (success)
16:35:19     INFO - [mozharness: 2018-06-08 23:35:19.876820Z] Running fetch-geckodriver step.
16:35:19     INFO - Running pre-action listener: _resource_record_pre_action
16:35:19     INFO - Running main action method: fetch_geckodriver
16:35:19     INFO - Running post-action listener: _resource_record_post_action
16:35:19     INFO - [mozharness: 2018-06-08 23:35:19.877367Z] Finished fetch-geckodriver step (success)
16:35:19     INFO - [mozharness: 2018-06-08 23:35:19.877505Z] Running create-virtualenv step.
16:35:19     INFO - Running pre-action listener: _pre_create_virtualenv
16:35:19     INFO - Running pre-action listener: _resource_record_pre_action
16:35:19     INFO - Running main action method: create_virtualenv
16:35:19     INFO - Creating virtualenv /builds/slave/test/build/venv
16:35:19     INFO - Running command: ['/tools/buildbot/bin/python', '/builds/slave/test/scripts/external_tools/virtualenv/virtualenv.py', '--always-copy', '/builds/slave/test/build/venv'] in /builds/slave/test/build
16:35:19     INFO - Copy/paste: /tools/buildbot/bin/python /builds/slave/test/scripts/external_tools/virtualenv/virtualenv.py --always-copy /builds/slave/test/build/venv
16:35:19     INFO - Using partial env: {'VIRTUALENV_NO_DOWNLOAD': '1'}
16:35:20     INFO -  Using real prefix '/tools/python27'
16:35:20     INFO -  New python executable in /builds/slave/test/build/venv/bin/python
16:35:22     INFO -  Installing setuptools, pip, wheel...done.
16:35:22     INFO - Return code: 0
16:35:22     INFO - Installing psutil>=3.1.1 into virtualenv /builds/slave/test/build/venv
16:35:22     INFO - retry: Calling run_command with args: [['/builds/slave/test/build/venv/bin/pip', 'install', '--timeout', '120', '--no-index', '--find-links', 'http://pypi.pvt.build.mozilla.org/pub', '--find-links', 'http://pypi.pub.build.mozilla.org/pub', '--trusted-host', 'pypi.pub.build.mozilla.org', '--trusted-host', 'pypi.pvt.build.mozilla.org', 'psutil>=3.1.1']], kwargs: {'error_level': 'warning', 'error_list': [{'substr': 'not found or a compiler error:', 'level': 'warning'}, {'regex': <_sre.SRE_Pattern object at 0x10ab68b70>, 'level': 'error'}, {'regex': <_sre.SRE_Pattern object at 0x10ab78d50>, 'level': 'warning'}, {'regex': <_sre.SRE_Pattern object at 0x7fb3fa5cf440>, 'level': 'debug'}, {'substr': 'command not found', 'level': 'error'}, {'regex': <_sre.SRE_Pattern object at 0x10ab915e0>, 'level': 'warning'}, {'substr': 'Traceback (most recent call last)', 'level': 'error'}, {'substr': 'SyntaxError: ', 'level': 'error'}, {'substr': 'TypeError: ', 'level': 'error'}, {'substr': 'NameError: ', 'level': 'error'}, {'substr': 'ZeroDivisionError: ', 'level': 'error'}, {'regex': <_sre.SRE_Pattern object at 0x10ab66540>, 'level': 'critical'}, {'regex': <_sre.SRE_Pattern object at 0x10aaf0e40>, 'level': 'critical'}], 'cwd': '/builds/slave/test/build', 'env': {'VERSIONER_PYTHON_PREFER_32_BIT': 'no', 'LOGNAME': 'cltbld', 'USER': 'cltbld', 'XPC_SERVICE_NAME': '0', 'PATH': '/usr/local/sbin:/usr/local/bin:/usr/sbin:/usr/bin:/sbin:/bin:/usr/bin/X11', 'HOME': '/Users/cltbld', 'NO_EM_RESTART': '1', 'IDLEIZER_DISABLE_SHUTDOWN': 'true', 'XPCOM_DEBUG_BREAK': 'warn', 'Apple_PubSub_Socket_Render': '/private/tmp/com.apple.launchd.NJGBh6zTwU/Render', 'MOZ_NODE_PATH': '/usr/local/bin/node', 'TWISTD_LOG_PATH': '/builds/slave/twistd.log', 'GIT_SHARE_BASE_DIR': '/builds/git-shared', 'VERSIONER_PYTHON_VERSION': '2.7', 'XPC_FLAGS': '0x0', 'NO_FAIL_ON_TEST_ERRORS': '1', 'HG_SHARE_BASE_DIR': '/builds/hg-shared', 'RUNNER_CONFIG_CMD': '/opt/runner/bin/python2.7 /opt/runner/bin/runner -c /opt/runner/runner.cfg', 'MOZ_NO_REMOTE': '1', 'MOZ_HIDE_RESULTS_TABLE': '1', 'SSH_AUTH_SOCK': '/private/tmp/com.apple.launchd.ft5TyagEA9/Listeners', 'SHELL': '/bin/bash', 'TMPDIR': '/var/folders/6x/zcbmlx5j3q1bhs5fd8m32ryr00000w/T/', '__CF_USER_TEXT_ENCODING': '0x1C:0:0', 'PWD': '/builds/slave/test', 'PROPERTIES_FILE': '/builds/slave/test/buildprops.json'}}, attempt #1
16:35:22     INFO - Running command: ['/builds/slave/test/build/venv/bin/pip', 'install', '--timeout', '120', '--no-index', '--find-links', 'http://pypi.pvt.build.mozilla.org/pub', '--find-links', 'http://pypi.pub.build.mozilla.org/pub', '--trusted-host', 'pypi.pub.build.mozilla.org', '--trusted-host', 'pypi.pvt.build.mozilla.org', 'psutil>=3.1.1'] in /builds/slave/test/build
16:35:22     INFO - Copy/paste: /builds/slave/test/build/venv/bin/pip install --timeout 120 --no-index --find-links http://pypi.pvt.build.mozilla.org/pub --find-links http://pypi.pub.build.mozilla.org/pub --trusted-host pypi.pub.build.mozilla.org --trusted-host pypi.pvt.build.mozilla.org psutil>=3.1.1
16:35:22     INFO - Using env: {'Apple_PubSub_Socket_Render': '/private/tmp/com.apple.launchd.NJGBh6zTwU/Render',
16:35:22     INFO -  'GIT_SHARE_BASE_DIR': '/builds/git-shared',
16:35:22     INFO -  'HG_SHARE_BASE_DIR': '/builds/hg-shared',
16:35:22     INFO -  'HOME': '/Users/cltbld',
16:35:22     INFO -  'IDLEIZER_DISABLE_SHUTDOWN': 'true',
16:35:22     INFO -  'LOGNAME': 'cltbld',
16:35:22     INFO -  'MOZ_HIDE_RESULTS_TABLE': '1',
16:35:22     INFO -  'MOZ_NODE_PATH': '/usr/local/bin/node',
16:35:22     INFO -  'MOZ_NO_REMOTE': '1',
16:35:22     INFO -  'NO_EM_RESTART': '1',
16:35:22     INFO -  'NO_FAIL_ON_TEST_ERRORS': '1',
16:35:22     INFO -  'PATH': '/usr/local/sbin:/usr/local/bin:/usr/sbin:/usr/bin:/sbin:/bin:/usr/bin/X11',
16:35:22     INFO -  'PROPERTIES_FILE': '/builds/slave/test/buildprops.json',
16:35:22     INFO -  'PWD': '/builds/slave/test',
16:35:22     INFO -  'RUNNER_CONFIG_CMD': '/opt/runner/bin/python2.7 /opt/runner/bin/runner -c /opt/runner/runner.cfg',
16:35:22     INFO -  'SHELL': '/bin/bash',
16:35:22     INFO -  'SSH_AUTH_SOCK': '/private/tmp/com.apple.launchd.ft5TyagEA9/Listeners',
16:35:22     INFO -  'TMPDIR': '/var/folders/6x/zcbmlx5j3q1bhs5fd8m32ryr00000w/T/',
16:35:22     INFO -  'TWISTD_LOG_PATH': '/builds/slave/twistd.log',
16:35:22     INFO -  'USER': 'cltbld',
16:35:22     INFO -  'VERSIONER_PYTHON_PREFER_32_BIT': 'no',
16:35:22     INFO -  'VERSIONER_PYTHON_VERSION': '2.7',
16:35:22     INFO -  'XPCOM_DEBUG_BREAK': 'warn',
16:35:22     INFO -  'XPC_FLAGS': '0x0',
16:35:22     INFO -  'XPC_SERVICE_NAME': '0',
16:35:22     INFO -  '__CF_USER_TEXT_ENCODING': '0x1C:0:0'}
16:35:22     INFO -  Ignoring indexes: https://pypi.python.org/simple
16:35:22     INFO -  Collecting psutil>=3.1.1
16:35:22     INFO -  /builds/slave/test/build/venv/lib/python2.7/site-packages/pip/_vendor/requests/packages/urllib3/util/ssl_.py:318: SNIMissingWarning: An HTTPS request has been made, but the SNI (Subject Name Indication) extension to TLS is not available on this platform. This may cause the server to present an incorrect TLS certificate, which can cause validation failures. You can upgrade to a newer version of Python to solve this. For more information, see https://urllib3.readthedocs.org/en/latest/security.html#snimissingwarning.
16:35:22     INFO -    SNIMissingWarning
16:35:22     INFO -  /builds/slave/test/build/venv/lib/python2.7/site-packages/pip/_vendor/requests/packages/urllib3/util/ssl_.py:122: InsecurePlatformWarning: A true SSLContext object is not available. This prevents urllib3 from configuring SSL appropriately and may cause certain SSL connections to fail. You can upgrade to a newer version of Python to solve this. For more information, see https://urllib3.readthedocs.org/en/latest/security.html#insecureplatformwarning.
16:35:22     INFO -    InsecurePlatformWarning
16:35:23     INFO -  /builds/slave/test/build/venv/lib/python2.7/site-packages/pip/_vendor/requests/packages/urllib3/util/ssl_.py:122: InsecurePlatformWarning: A true SSLContext object is not available. This prevents urllib3 from configuring SSL appropriately and may cause certain SSL connections to fail. You can upgrade to a newer version of Python to solve this. For more information, see https://urllib3.readthedocs.org/en/latest/security.html#insecureplatformwarning.
16:35:23     INFO -    InsecurePlatformWarning
16:35:25     INFO -  Installing collected packages: psutil
16:35:26     INFO -  Successfully installed psutil-5.4.3
16:35:26     INFO - Return code: 0
16:35:26     INFO - Installing mozsystemmonitor==0.3 into virtualenv /builds/slave/test/build/venv
16:35:26     INFO - retry: Calling run_command with args: [['/builds/slave/test/build/venv/bin/pip', 'install', '--timeout', '120', '--no-index', '--find-links', 'http://pypi.pvt.build.mozilla.org/pub', '--find-links', 'http://pypi.pub.build.mozilla.org/pub', '--trusted-host', 'pypi.pub.build.mozilla.org', '--trusted-host', 'pypi.pvt.build.mozilla.org', 'mozsystemmonitor==0.3']], kwargs: {'error_level': 'warning', 'error_list': [{'substr': 'not found or a compiler error:', 'level': 'warning'}, {'regex': <_sre.SRE_Pattern object at 0x10ab68b70>, 'level': 'error'}, {'regex': <_sre.SRE_Pattern object at 0x10ab78d50>, 'level': 'warning'}, {'regex': <_sre.SRE_Pattern object at 0x7fb3fa5cf440>, 'level': 'debug'}, {'substr': 'command not found', 'level': 'error'}, {'regex': <_sre.SRE_Pattern object at 0x10ab915e0>, 'level': 'warning'}, {'substr': 'Traceback (most recent call last)', 'level': 'error'}, {'substr': 'SyntaxError: ', 'level': 'error'}, {'substr': 'TypeError: ', 'level': 'error'}, {'substr': 'NameError: ', 'level': 'error'}, {'substr': 'ZeroDivisionError: ', 'level': 'error'}, {'regex': <_sre.SRE_Pattern object at 0x10ab66540>, 'level': 'critical'}, {'regex': <_sre.SRE_Pattern object at 0x10aaf0e40>, 'level': 'critical'}], 'cwd': '/builds/slave/test/build', 'env': {'VERSIONER_PYTHON_PREFER_32_BIT': 'no', 'LOGNAME': 'cltbld', 'USER': 'cltbld', 'XPC_SERVICE_NAME': '0', 'PATH': '/usr/local/sbin:/usr/local/bin:/usr/sbin:/usr/bin:/sbin:/bin:/usr/bin/X11', 'HOME': '/Users/cltbld', 'NO_EM_RESTART': '1', 'IDLEIZER_DISABLE_SHUTDOWN': 'true', 'XPCOM_DEBUG_BREAK': 'warn', 'Apple_PubSub_Socket_Render': '/private/tmp/com.apple.launchd.NJGBh6zTwU/Render', 'MOZ_NODE_PATH': '/usr/local/bin/node', 'TWISTD_LOG_PATH': '/builds/slave/twistd.log', 'GIT_SHARE_BASE_DIR': '/builds/git-shared', 'VERSIONER_PYTHON_VERSION': '2.7', 'XPC_FLAGS': '0x0', 'NO_FAIL_ON_TEST_ERRORS': '1', 'HG_SHARE_BASE_DIR': '/builds/hg-shared', 'RUNNER_CONFIG_CMD': '/opt/runner/bin/python2.7 /opt/runner/bin/runner -c /opt/runner/runner.cfg', 'MOZ_NO_REMOTE': '1', 'MOZ_HIDE_RESULTS_TABLE': '1', 'SSH_AUTH_SOCK': '/private/tmp/com.apple.launchd.ft5TyagEA9/Listeners', 'SHELL': '/bin/bash', 'TMPDIR': '/var/folders/6x/zcbmlx5j3q1bhs5fd8m32ryr00000w/T/', '__CF_USER_TEXT_ENCODING': '0x1C:0:0', 'PWD': '/builds/slave/test', 'PROPERTIES_FILE': '/builds/slave/test/buildprops.json'}}, attempt #1
16:35:26     INFO - Running command: ['/builds/slave/test/build/venv/bin/pip', 'install', '--timeout', '120', '--no-index', '--find-links', 'http://pypi.pvt.build.mozilla.org/pub', '--find-links', 'http://pypi.pub.build.mozilla.org/pub', '--trusted-host', 'pypi.pub.build.mozilla.org', '--trusted-host', 'pypi.pvt.build.mozilla.org', 'mozsystemmonitor==0.3'] in /builds/slave/test/build
16:35:26     INFO - Copy/paste: /builds/slave/test/build/venv/bin/pip install --timeout 120 --no-index --find-links http://pypi.pvt.build.mozilla.org/pub --find-links http://pypi.pub.build.mozilla.org/pub --trusted-host pypi.pub.build.mozilla.org --trusted-host pypi.pvt.build.mozilla.org mozsystemmonitor==0.3
16:35:26     INFO - Using env: {'Apple_PubSub_Socket_Render': '/private/tmp/com.apple.launchd.NJGBh6zTwU/Render',
16:35:26     INFO -  'GIT_SHARE_BASE_DIR': '/builds/git-shared',
16:35:26     INFO -  'HG_SHARE_BASE_DIR': '/builds/hg-shared',
16:35:26     INFO -  'HOME': '/Users/cltbld',
16:35:26     INFO -  'IDLEIZER_DISABLE_SHUTDOWN': 'true',
16:35:26     INFO -  'LOGNAME': 'cltbld',
16:35:26     INFO -  'MOZ_HIDE_RESULTS_TABLE': '1',
16:35:26     INFO -  'MOZ_NODE_PATH': '/usr/local/bin/node',
16:35:26     INFO -  'MOZ_NO_REMOTE': '1',
16:35:26     INFO -  'NO_EM_RESTART': '1',
16:35:26     INFO -  'NO_FAIL_ON_TEST_ERRORS': '1',
16:35:26     INFO -  'PATH': '/usr/local/sbin:/usr/local/bin:/usr/sbin:/usr/bin:/sbin:/bin:/usr/bin/X11',
16:35:26     INFO -  'PROPERTIES_FILE': '/builds/slave/test/buildprops.json',
16:35:26     INFO -  'PWD': '/builds/slave/test',
16:35:26     INFO -  'RUNNER_CONFIG_CMD': '/opt/runner/bin/python2.7 /opt/runner/bin/runner -c /opt/runner/runner.cfg',
16:35:26     INFO -  'SHELL': '/bin/bash',
16:35:26     INFO -  'SSH_AUTH_SOCK': '/private/tmp/com.apple.launchd.ft5TyagEA9/Listeners',
16:35:26     INFO -  'TMPDIR': '/var/folders/6x/zcbmlx5j3q1bhs5fd8m32ryr00000w/T/',
16:35:26     INFO -  'TWISTD_LOG_PATH': '/builds/slave/twistd.log',
16:35:26     INFO -  'USER': 'cltbld',
16:35:26     INFO -  'VERSIONER_PYTHON_PREFER_32_BIT': 'no',
16:35:26     INFO -  'VERSIONER_PYTHON_VERSION': '2.7',
16:35:26     INFO -  'XPCOM_DEBUG_BREAK': 'warn',
16:35:26     INFO -  'XPC_FLAGS': '0x0',
16:35:26     INFO -  'XPC_SERVICE_NAME': '0',
16:35:26     INFO -  '__CF_USER_TEXT_ENCODING': '0x1C:0:0'}
16:35:26     INFO -  Ignoring indexes: https://pypi.python.org/simple
16:35:26     INFO -  Collecting mozsystemmonitor==0.3
16:35:26     INFO -  /builds/slave/test/build/venv/lib/python2.7/site-packages/pip/_vendor/requests/packages/urllib3/util/ssl_.py:318: SNIMissingWarning: An HTTPS request has been made, but the SNI (Subject Name Indication) extension to TLS is not available on this platform. This may cause the server to present an incorrect TLS certificate, which can cause validation failures. You can upgrade to a newer version of Python to solve this. For more information, see https://urllib3.readthedocs.org/en/latest/security.html#snimissingwarning.
16:35:26     INFO -    SNIMissingWarning
16:35:26     INFO -  /builds/slave/test/build/venv/lib/python2.7/site-packages/pip/_vendor/requests/packages/urllib3/util/ssl_.py:122: InsecurePlatformWarning: A true SSLContext object is not available. This prevents urllib3 from configuring SSL appropriately and may cause certain SSL connections to fail. You can upgrade to a newer version of Python to solve this. For more information, see https://urllib3.readthedocs.org/en/latest/security.html#insecureplatformwarning.
16:35:26     INFO -    InsecurePlatformWarning
16:35:27     INFO -  /builds/slave/test/build/venv/lib/python2.7/site-packages/pip/_vendor/requests/packages/urllib3/util/ssl_.py:122: InsecurePlatformWarning: A true SSLContext object is not available. This prevents urllib3 from configuring SSL appropriately and may cause certain SSL connections to fail. You can upgrade to a newer version of Python to solve this. For more information, see https://urllib3.readthedocs.org/en/latest/security.html#insecureplatformwarning.
16:35:27     INFO -    InsecurePlatformWarning
16:35:29     INFO -  Requirement already satisfied (use --upgrade to upgrade): psutil>=3.1.1 in ./venv/lib/python2.7/site-packages (from mozsystemmonitor==0.3)
16:35:29     INFO -  Installing collected packages: mozsystemmonitor
16:35:29     INFO -  Successfully installed mozsystemmonitor-0.3
16:35:29     INFO - Return code: 0
16:35:29     INFO - Installing jsonschema==2.5.1 into virtualenv /builds/slave/test/build/venv
16:35:29     INFO - retry: Calling run_command with args: [['/builds/slave/test/build/venv/bin/pip', 'install', '--timeout', '120', '--no-index', '--find-links', 'http://pypi.pvt.build.mozilla.org/pub', '--find-links', 'http://pypi.pub.build.mozilla.org/pub', '--trusted-host', 'pypi.pub.build.mozilla.org', '--trusted-host', 'pypi.pvt.build.mozilla.org', 'jsonschema==2.5.1']], kwargs: {'error_level': 'warning', 'error_list': [{'substr': 'not found or a compiler error:', 'level': 'warning'}, {'regex': <_sre.SRE_Pattern object at 0x10ab68b70>, 'level': 'error'}, {'regex': <_sre.SRE_Pattern object at 0x10ab78d50>, 'level': 'warning'}, {'regex': <_sre.SRE_Pattern object at 0x7fb3fa5cf440>, 'level': 'debug'}, {'substr': 'command not found', 'level': 'error'}, {'regex': <_sre.SRE_Pattern object at 0x10ab915e0>, 'level': 'warning'}, {'substr': 'Traceback (most recent call last)', 'level': 'error'}, {'substr': 'SyntaxError: ', 'level': 'error'}, {'substr': 'TypeError: ', 'level': 'error'}, {'substr': 'NameError: ', 'level': 'error'}, {'substr': 'ZeroDivisionError: ', 'level': 'error'}, {'regex': <_sre.SRE_Pattern object at 0x10ab66540>, 'level': 'critical'}, {'regex': <_sre.SRE_Pattern object at 0x10aaf0e40>, 'level': 'critical'}], 'cwd': '/builds/slave/test/build', 'env': {'VERSIONER_PYTHON_PREFER_32_BIT': 'no', 'LOGNAME': 'cltbld', 'USER': 'cltbld', 'XPC_SERVICE_NAME': '0', 'PATH': '/usr/local/sbin:/usr/local/bin:/usr/sbin:/usr/bin:/sbin:/bin:/usr/bin/X11', 'HOME': '/Users/cltbld', 'NO_EM_RESTART': '1', 'IDLEIZER_DISABLE_SHUTDOWN': 'true', 'XPCOM_DEBUG_BREAK': 'warn', 'Apple_PubSub_Socket_Render': '/private/tmp/com.apple.launchd.NJGBh6zTwU/Render', 'MOZ_NODE_PATH': '/usr/local/bin/node', 'TWISTD_LOG_PATH': '/builds/slave/twistd.log', 'GIT_SHARE_BASE_DIR': '/builds/git-shared', 'VERSIONER_PYTHON_VERSION': '2.7', 'XPC_FLAGS': '0x0', 'NO_FAIL_ON_TEST_ERRORS': '1', 'HG_SHARE_BASE_DIR': '/builds/hg-shared', 'RUNNER_CONFIG_CMD': '/opt/runner/bin/python2.7 /opt/runner/bin/runner -c /opt/runner/runner.cfg', 'MOZ_NO_REMOTE': '1', 'MOZ_HIDE_RESULTS_TABLE': '1', 'SSH_AUTH_SOCK': '/private/tmp/com.apple.launchd.ft5TyagEA9/Listeners', 'SHELL': '/bin/bash', 'TMPDIR': '/var/folders/6x/zcbmlx5j3q1bhs5fd8m32ryr00000w/T/', '__CF_USER_TEXT_ENCODING': '0x1C:0:0', 'PWD': '/builds/slave/test', 'PROPERTIES_FILE': '/builds/slave/test/buildprops.json'}}, attempt #1
16:35:29     INFO - Running command: ['/builds/slave/test/build/venv/bin/pip', 'install', '--timeout', '120', '--no-index', '--find-links', 'http://pypi.pvt.build.mozilla.org/pub', '--find-links', 'http://pypi.pub.build.mozilla.org/pub', '--trusted-host', 'pypi.pub.build.mozilla.org', '--trusted-host', 'pypi.pvt.build.mozilla.org', 'jsonschema==2.5.1'] in /builds/slave/test/build
16:35:29     INFO - Copy/paste: /builds/slave/test/build/venv/bin/pip install --timeout 120 --no-index --find-links http://pypi.pvt.build.mozilla.org/pub --find-links http://pypi.pub.build.mozilla.org/pub --trusted-host pypi.pub.build.mozilla.org --trusted-host pypi.pvt.build.mozilla.org jsonschema==2.5.1
16:35:29     INFO - Using env: {'Apple_PubSub_Socket_Render': '/private/tmp/com.apple.launchd.NJGBh6zTwU/Render',
16:35:29     INFO -  'GIT_SHARE_BASE_DIR': '/builds/git-shared',
16:35:29     INFO -  'HG_SHARE_BASE_DIR': '/builds/hg-shared',
16:35:29     INFO -  'HOME': '/Users/cltbld',
16:35:29     INFO -  'IDLEIZER_DISABLE_SHUTDOWN': 'true',
16:35:29     INFO -  'LOGNAME': 'cltbld',
16:35:29     INFO -  'MOZ_HIDE_RESULTS_TABLE': '1',
16:35:29     INFO -  'MOZ_NODE_PATH': '/usr/local/bin/node',
16:35:29     INFO -  'MOZ_NO_REMOTE': '1',
16:35:29     INFO -  'NO_EM_RESTART': '1',
16:35:29     INFO -  'NO_FAIL_ON_TEST_ERRORS': '1',
16:35:29     INFO -  'PATH': '/usr/local/sbin:/usr/local/bin:/usr/sbin:/usr/bin:/sbin:/bin:/usr/bin/X11',
16:35:29     INFO -  'PROPERTIES_FILE': '/builds/slave/test/buildprops.json',
16:35:29     INFO -  'PWD': '/builds/slave/test',
16:35:29     INFO -  'RUNNER_CONFIG_CMD': '/opt/runner/bin/python2.7 /opt/runner/bin/runner -c /opt/runner/runner.cfg',
16:35:29     INFO -  'SHELL': '/bin/bash',
16:35:29     INFO -  'SSH_AUTH_SOCK': '/private/tmp/com.apple.launchd.ft5TyagEA9/Listeners',
16:35:29     INFO -  'TMPDIR': '/var/folders/6x/zcbmlx5j3q1bhs5fd8m32ryr00000w/T/',
16:35:29     INFO -  'TWISTD_LOG_PATH': '/builds/slave/twistd.log',
16:35:29     INFO -  'USER': 'cltbld',
16:35:29     INFO -  'VERSIONER_PYTHON_PREFER_32_BIT': 'no',
16:35:29     INFO -  'VERSIONER_PYTHON_VERSION': '2.7',
16:35:29     INFO -  'XPCOM_DEBUG_BREAK': 'warn',
16:35:29     INFO -  'XPC_FLAGS': '0x0',
16:35:29     INFO -  'XPC_SERVICE_NAME': '0',
16:35:29     INFO -  '__CF_USER_TEXT_ENCODING': '0x1C:0:0'}
16:35:29     INFO -  Ignoring indexes: https://pypi.python.org/simple
16:35:29     INFO -  Collecting jsonschema==2.5.1
16:35:29     INFO -  /builds/slave/test/build/venv/lib/python2.7/site-packages/pip/_vendor/requests/packages/urllib3/util/ssl_.py:318: SNIMissingWarning: An HTTPS request has been made, but the SNI (Subject Name Indication) extension to TLS is not available on this platform. This may cause the server to present an incorrect TLS certificate, which can cause validation failures. You can upgrade to a newer version of Python to solve this. For more information, see https://urllib3.readthedocs.org/en/latest/security.html#snimissingwarning.
16:35:29     INFO -    SNIMissingWarning
16:35:29     INFO -  /builds/slave/test/build/venv/lib/python2.7/site-packages/pip/_vendor/requests/packages/urllib3/util/ssl_.py:122: InsecurePlatformWarning: A true SSLContext object is not available. This prevents urllib3 from configuring SSL appropriately and may cause certain SSL connections to fail. You can upgrade to a newer version of Python to solve this. For more information, see https://urllib3.readthedocs.org/en/latest/security.html#insecureplatformwarning.
16:35:29     INFO -    InsecurePlatformWarning
16:35:30     INFO -  /builds/slave/test/build/venv/lib/python2.7/site-packages/pip/_vendor/requests/packages/urllib3/util/ssl_.py:122: InsecurePlatformWarning: A true SSLContext object is not available. This prevents urllib3 from configuring SSL appropriately and may cause certain SSL connections to fail. You can upgrade to a newer version of Python to solve this. For more information, see https://urllib3.readthedocs.org/en/latest/security.html#insecureplatformwarning.
16:35:30     INFO -    InsecurePlatformWarning
16:35:32     INFO -    Downloading https://pypi.pvt.build.mozilla.org/pub/jsonschema-2.5.1-py2.py3-none-any.whl
16:35:32     INFO -  Collecting functools32; python_version == "2.7" (from jsonschema==2.5.1)
16:35:35     INFO -  Installing collected packages: functools32, jsonschema
16:35:35     INFO -  Successfully installed functools32-3.2.3.post2 jsonschema-2.5.1
16:35:35     INFO - Return code: 0
16:35:35     INFO - Installing functools32==3.2.3-2 into virtualenv /builds/slave/test/build/venv
16:35:35     INFO - retry: Calling run_command with args: [['/builds/slave/test/build/venv/bin/pip', 'install', '--timeout', '120', '--no-index', '--find-links', 'http://pypi.pvt.build.mozilla.org/pub', '--find-links', 'http://pypi.pub.build.mozilla.org/pub', '--trusted-host', 'pypi.pub.build.mozilla.org', '--trusted-host', 'pypi.pvt.build.mozilla.org', 'functools32==3.2.3-2']], kwargs: {'error_level': 'warning', 'error_list': [{'substr': 'not found or a compiler error:', 'level': 'warning'}, {'regex': <_sre.SRE_Pattern object at 0x10ab68b70>, 'level': 'error'}, {'regex': <_sre.SRE_Pattern object at 0x10ab78d50>, 'level': 'warning'}, {'regex': <_sre.SRE_Pattern object at 0x7fb3fa5cf440>, 'level': 'debug'}, {'substr': 'command not found', 'level': 'error'}, {'regex': <_sre.SRE_Pattern object at 0x10ab915e0>, 'level': 'warning'}, {'substr': 'Traceback (most recent call last)', 'level': 'error'}, {'substr': 'SyntaxError: ', 'level': 'error'}, {'substr': 'TypeError: ', 'level': 'error'}, {'substr': 'NameError: ', 'level': 'error'}, {'substr': 'ZeroDivisionError: ', 'level': 'error'}, {'regex': <_sre.SRE_Pattern object at 0x10ab66540>, 'level': 'critical'}, {'regex': <_sre.SRE_Pattern object at 0x10aaf0e40>, 'level': 'critical'}], 'cwd': '/builds/slave/test/build', 'env': {'VERSIONER_PYTHON_PREFER_32_BIT': 'no', 'LOGNAME': 'cltbld', 'USER': 'cltbld', 'XPC_SERVICE_NAME': '0', 'PATH': '/usr/local/sbin:/usr/local/bin:/usr/sbin:/usr/bin:/sbin:/bin:/usr/bin/X11', 'HOME': '/Users/cltbld', 'NO_EM_RESTART': '1', 'IDLEIZER_DISABLE_SHUTDOWN': 'true', 'XPCOM_DEBUG_BREAK': 'warn', 'Apple_PubSub_Socket_Render': '/private/tmp/com.apple.launchd.NJGBh6zTwU/Render', 'MOZ_NODE_PATH': '/usr/local/bin/node', 'TWISTD_LOG_PATH': '/builds/slave/twistd.log', 'GIT_SHARE_BASE_DIR': '/builds/git-shared', 'VERSIONER_PYTHON_VERSION': '2.7', 'XPC_FLAGS': '0x0', 'NO_FAIL_ON_TEST_ERRORS': '1', 'HG_SHARE_BASE_DIR': '/builds/hg-shared', 'RUNNER_CONFIG_CMD': '/opt/runner/bin/python2.7 /opt/runner/bin/runner -c /opt/runner/runner.cfg', 'MOZ_NO_REMOTE': '1', 'MOZ_HIDE_RESULTS_TABLE': '1', 'SSH_AUTH_SOCK': '/private/tmp/com.apple.launchd.ft5TyagEA9/Listeners', 'SHELL': '/bin/bash', 'TMPDIR': '/var/folders/6x/zcbmlx5j3q1bhs5fd8m32ryr00000w/T/', '__CF_USER_TEXT_ENCODING': '0x1C:0:0', 'PWD': '/builds/slave/test', 'PROPERTIES_FILE': '/builds/slave/test/buildprops.json'}}, attempt #1
16:35:35     INFO - Running command: ['/builds/slave/test/build/venv/bin/pip', 'install', '--timeout', '120', '--no-index', '--find-links', 'http://pypi.pvt.build.mozilla.org/pub', '--find-links', 'http://pypi.pub.build.mozilla.org/pub', '--trusted-host', 'pypi.pub.build.mozilla.org', '--trusted-host', 'pypi.pvt.build.mozilla.org', 'functools32==3.2.3-2'] in /builds/slave/test/build
16:35:35     INFO - Copy/paste: /builds/slave/test/build/venv/bin/pip install --timeout 120 --no-index --find-links http://pypi.pvt.build.mozilla.org/pub --find-links http://pypi.pub.build.mozilla.org/pub --trusted-host pypi.pub.build.mozilla.org --trusted-host pypi.pvt.build.mozilla.org functools32==3.2.3-2
16:35:35     INFO - Using env: {'Apple_PubSub_Socket_Render': '/private/tmp/com.apple.launchd.NJGBh6zTwU/Render',
16:35:35     INFO -  'GIT_SHARE_BASE_DIR': '/builds/git-shared',
16:35:35     INFO -  'HG_SHARE_BASE_DIR': '/builds/hg-shared',
16:35:35     INFO -  'HOME': '/Users/cltbld',
16:35:35     INFO -  'IDLEIZER_DISABLE_SHUTDOWN': 'true',
16:35:35     INFO -  'LOGNAME': 'cltbld',
16:35:35     INFO -  'MOZ_HIDE_RESULTS_TABLE': '1',
16:35:35     INFO -  'MOZ_NODE_PATH': '/usr/local/bin/node',
16:35:35     INFO -  'MOZ_NO_REMOTE': '1',
16:35:35     INFO -  'NO_EM_RESTART': '1',
16:35:35     INFO -  'NO_FAIL_ON_TEST_ERRORS': '1',
16:35:35     INFO -  'PATH': '/usr/local/sbin:/usr/local/bin:/usr/sbin:/usr/bin:/sbin:/bin:/usr/bin/X11',
16:35:35     INFO -  'PROPERTIES_FILE': '/builds/slave/test/buildprops.json',
16:35:35     INFO -  'PWD': '/builds/slave/test',
16:35:35     INFO -  'RUNNER_CONFIG_CMD': '/opt/runner/bin/python2.7 /opt/runner/bin/runner -c /opt/runner/runner.cfg',
16:35:35     INFO -  'SHELL': '/bin/bash',
16:35:35     INFO -  'SSH_AUTH_SOCK': '/private/tmp/com.apple.launchd.ft5TyagEA9/Listeners',
16:35:35     INFO -  'TMPDIR': '/var/folders/6x/zcbmlx5j3q1bhs5fd8m32ryr00000w/T/',
16:35:35     INFO -  'TWISTD_LOG_PATH': '/builds/slave/twistd.log',
16:35:35     INFO -  'USER': 'cltbld',
16:35:35     INFO -  'VERSIONER_PYTHON_PREFER_32_BIT': 'no',
16:35:35     INFO -  'VERSIONER_PYTHON_VERSION': '2.7',
16:35:35     INFO -  'XPCOM_DEBUG_BREAK': 'warn',
16:35:35     INFO -  'XPC_FLAGS': '0x0',
16:35:35     INFO -  'XPC_SERVICE_NAME': '0',
16:35:35     INFO -  '__CF_USER_TEXT_ENCODING': '0x1C:0:0'}
16:35:35     INFO -  Ignoring indexes: https://pypi.python.org/simple
16:35:35     INFO -  Requirement already satisfied (use --upgrade to upgrade): functools32==3.2.3-2 in ./venv/lib/python2.7/site-packages
16:35:35     INFO - Return code: 0
16:35:35     INFO - Installing blobuploader==1.2.4 into virtualenv /builds/slave/test/build/venv
16:35:35     INFO - retry: Calling run_command with args: [['/builds/slave/test/build/venv/bin/pip', 'install', '--timeout', '120', '--no-index', '--find-links', 'http://pypi.pvt.build.mozilla.org/pub', '--find-links', 'http://pypi.pub.build.mozilla.org/pub', '--trusted-host', 'pypi.pub.build.mozilla.org', '--trusted-host', 'pypi.pvt.build.mozilla.org', 'blobuploader==1.2.4']], kwargs: {'error_level': 'warning', 'error_list': [{'substr': 'not found or a compiler error:', 'level': 'warning'}, {'regex': <_sre.SRE_Pattern object at 0x10ab68b70>, 'level': 'error'}, {'regex': <_sre.SRE_Pattern object at 0x10ab78d50>, 'level': 'warning'}, {'regex': <_sre.SRE_Pattern object at 0x7fb3fa5cf440>, 'level': 'debug'}, {'substr': 'command not found', 'level': 'error'}, {'regex': <_sre.SRE_Pattern object at 0x10ab915e0>, 'level': 'warning'}, {'substr': 'Traceback (most recent call last)', 'level': 'error'}, {'substr': 'SyntaxError: ', 'level': 'error'}, {'substr': 'TypeError: ', 'level': 'error'}, {'substr': 'NameError: ', 'level': 'error'}, {'substr': 'ZeroDivisionError: ', 'level': 'error'}, {'regex': <_sre.SRE_Pattern object at 0x10ab66540>, 'level': 'critical'}, {'regex': <_sre.SRE_Pattern object at 0x10aaf0e40>, 'level': 'critical'}], 'cwd': '/builds/slave/test/build', 'env': {'VERSIONER_PYTHON_PREFER_32_BIT': 'no', 'LOGNAME': 'cltbld', 'USER': 'cltbld', 'XPC_SERVICE_NAME': '0', 'PATH': '/usr/local/sbin:/usr/local/bin:/usr/sbin:/usr/bin:/sbin:/bin:/usr/bin/X11', 'HOME': '/Users/cltbld', 'NO_EM_RESTART': '1', 'IDLEIZER_DISABLE_SHUTDOWN': 'true', 'XPCOM_DEBUG_BREAK': 'warn', 'Apple_PubSub_Socket_Render': '/private/tmp/com.apple.launchd.NJGBh6zTwU/Render', 'MOZ_NODE_PATH': '/usr/local/bin/node', 'TWISTD_LOG_PATH': '/builds/slave/twistd.log', 'GIT_SHARE_BASE_DIR': '/builds/git-shared', 'VERSIONER_PYTHON_VERSION': '2.7', 'XPC_FLAGS': '0x0', 'NO_FAIL_ON_TEST_ERRORS': '1', 'HG_SHARE_BASE_DIR': '/builds/hg-shared', 'RUNNER_CONFIG_CMD': '/opt/runner/bin/python2.7 /opt/runner/bin/runner -c /opt/runner/runner.cfg', 'MOZ_NO_REMOTE': '1', 'MOZ_HIDE_RESULTS_TABLE': '1', 'SSH_AUTH_SOCK': '/private/tmp/com.apple.launchd.ft5TyagEA9/Listeners', 'SHELL': '/bin/bash', 'TMPDIR': '/var/folders/6x/zcbmlx5j3q1bhs5fd8m32ryr00000w/T/', '__CF_USER_TEXT_ENCODING': '0x1C:0:0', 'PWD': '/builds/slave/test', 'PROPERTIES_FILE': '/builds/slave/test/buildprops.json'}}, attempt #1
16:35:35     INFO - Running command: ['/builds/slave/test/build/venv/bin/pip', 'install', '--timeout', '120', '--no-index', '--find-links', 'http://pypi.pvt.build.mozilla.org/pub', '--find-links', 'http://pypi.pub.build.mozilla.org/pub', '--trusted-host', 'pypi.pub.build.mozilla.org', '--trusted-host', 'pypi.pvt.build.mozilla.org', 'blobuploader==1.2.4'] in /builds/slave/test/build
16:35:35     INFO - Copy/paste: /builds/slave/test/build/venv/bin/pip install --timeout 120 --no-index --find-links http://pypi.pvt.build.mozilla.org/pub --find-links http://pypi.pub.build.mozilla.org/pub --trusted-host pypi.pub.build.mozilla.org --trusted-host pypi.pvt.build.mozilla.org blobuploader==1.2.4
16:35:35     INFO - Using env: {'Apple_PubSub_Socket_Render': '/private/tmp/com.apple.launchd.NJGBh6zTwU/Render',
16:35:35     INFO -  'GIT_SHARE_BASE_DIR': '/builds/git-shared',
16:35:35     INFO -  'HG_SHARE_BASE_DIR': '/builds/hg-shared',
16:35:35     INFO -  'HOME': '/Users/cltbld',
16:35:35     INFO -  'IDLEIZER_DISABLE_SHUTDOWN': 'true',
16:35:35     INFO -  'LOGNAME': 'cltbld',
16:35:35     INFO -  'MOZ_HIDE_RESULTS_TABLE': '1',
16:35:35     INFO -  'MOZ_NODE_PATH': '/usr/local/bin/node',
16:35:35     INFO -  'MOZ_NO_REMOTE': '1',
16:35:35     INFO -  'NO_EM_RESTART': '1',
16:35:35     INFO -  'NO_FAIL_ON_TEST_ERRORS': '1',
16:35:35     INFO -  'PATH': '/usr/local/sbin:/usr/local/bin:/usr/sbin:/usr/bin:/sbin:/bin:/usr/bin/X11',
16:35:35     INFO -  'PROPERTIES_FILE': '/builds/slave/test/buildprops.json',
16:35:35     INFO -  'PWD': '/builds/slave/test',
16:35:35     INFO -  'RUNNER_CONFIG_CMD': '/opt/runner/bin/python2.7 /opt/runner/bin/runner -c /opt/runner/runner.cfg',
16:35:35     INFO -  'SHELL': '/bin/bash',
16:35:35     INFO -  'SSH_AUTH_SOCK': '/private/tmp/com.apple.launchd.ft5TyagEA9/Listeners',
16:35:35     INFO -  'TMPDIR': '/var/folders/6x/zcbmlx5j3q1bhs5fd8m32ryr00000w/T/',
16:35:35     INFO -  'TWISTD_LOG_PATH': '/builds/slave/twistd.log',
16:35:35     INFO -  'USER': 'cltbld',
16:35:35     INFO -  'VERSIONER_PYTHON_PREFER_32_BIT': 'no',
16:35:35     INFO -  'VERSIONER_PYTHON_VERSION': '2.7',
16:35:35     INFO -  'XPCOM_DEBUG_BREAK': 'warn',
16:35:35     INFO -  'XPC_FLAGS': '0x0',
16:35:35     INFO -  'XPC_SERVICE_NAME': '0',
16:35:35     INFO -  '__CF_USER_TEXT_ENCODING': '0x1C:0:0'}
16:35:35     INFO -  Ignoring indexes: https://pypi.python.org/simple
16:35:35     INFO -  Collecting blobuploader==1.2.4
16:35:35     INFO -  /builds/slave/test/build/venv/lib/python2.7/site-packages/pip/_vendor/requests/packages/urllib3/util/ssl_.py:318: SNIMissingWarning: An HTTPS request has been made, but the SNI (Subject Name Indication) extension to TLS is not available on this platform. This may cause the server to present an incorrect TLS certificate, which can cause validation failures. You can upgrade to a newer version of Python to solve this. For more information, see https://urllib3.readthedocs.org/en/latest/security.html#snimissingwarning.
16:35:35     INFO -    SNIMissingWarning
16:35:35     INFO -  /builds/slave/test/build/venv/lib/python2.7/site-packages/pip/_vendor/requests/packages/urllib3/util/ssl_.py:122: InsecurePlatformWarning: A true SSLContext object is not available. This prevents urllib3 from configuring SSL appropriately and may cause certain SSL connections to fail. You can upgrade to a newer version of Python to solve this. For more information, see https://urllib3.readthedocs.org/en/latest/security.html#insecureplatformwarning.
16:35:35     INFO -    InsecurePlatformWarning
16:35:36     INFO -  /builds/slave/test/build/venv/lib/python2.7/site-packages/pip/_vendor/requests/packages/urllib3/util/ssl_.py:122: InsecurePlatformWarning: A true SSLContext object is not available. This prevents urllib3 from configuring SSL appropriately and may cause certain SSL connections to fail. You can upgrade to a newer version of Python to solve this. For more information, see https://urllib3.readthedocs.org/en/latest/security.html#insecureplatformwarning.
16:35:36     INFO -    InsecurePlatformWarning
16:35:38     INFO -  Collecting docopt==0.6.1 (from blobuploader==1.2.4)
16:35:41     INFO -  Collecting requests==1.2.3. (from blobuploader==1.2.4)
16:35:44     INFO -  Installing collected packages: docopt, requests, blobuploader
16:35:44     INFO -  Successfully installed blobuploader-1.2.4 docopt-0.6.1 requests-1.2.3
16:35:44     INFO - Return code: 0
16:35:44     INFO - Installing None into virtualenv /builds/slave/test/build/venv
16:35:44     INFO - retry: Calling run_command with args: [['/builds/slave/test/build/venv/bin/pip', 'install', '--no-deps', '--timeout', '120', '-r', '/builds/slave/test/build/tests/config/marionette_requirements.txt', '--no-index', '--find-links', 'http://pypi.pvt.build.mozilla.org/pub', '--find-links', 'http://pypi.pub.build.mozilla.org/pub', '--trusted-host', 'pypi.pub.build.mozilla.org', '--trusted-host', 'pypi.pvt.build.mozilla.org']], kwargs: {'error_level': 'warning', 'error_list': [{'substr': 'not found or a compiler error:', 'level': 'warning'}, {'regex': <_sre.SRE_Pattern object at 0x10ab68b70>, 'level': 'error'}, {'regex': <_sre.SRE_Pattern object at 0x10ab78d50>, 'level': 'warning'}, {'regex': <_sre.SRE_Pattern object at 0x7fb3fa5cf440>, 'level': 'debug'}, {'substr': 'command not found', 'level': 'error'}, {'regex': <_sre.SRE_Pattern object at 0x10ab915e0>, 'level': 'warning'}, {'substr': 'Traceback (most recent call last)', 'level': 'error'}, {'substr': 'SyntaxError: ', 'level': 'error'}, {'substr': 'TypeError: ', 'level': 'error'}, {'substr': 'NameError: ', 'level': 'error'}, {'substr': 'ZeroDivisionError: ', 'level': 'error'}, {'regex': <_sre.SRE_Pattern object at 0x10ab66540>, 'level': 'critical'}, {'regex': <_sre.SRE_Pattern object at 0x10aaf0e40>, 'level': 'critical'}], 'cwd': '/builds/slave/test/build/tests/config', 'env': {'VERSIONER_PYTHON_PREFER_32_BIT': 'no', 'LOGNAME': 'cltbld', 'USER': 'cltbld', 'XPC_SERVICE_NAME': '0', 'PATH': '/usr/local/sbin:/usr/local/bin:/usr/sbin:/usr/bin:/sbin:/bin:/usr/bin/X11', 'HOME': '/Users/cltbld', 'NO_EM_RESTART': '1', 'IDLEIZER_DISABLE_SHUTDOWN': 'true', 'XPCOM_DEBUG_BREAK': 'warn', 'Apple_PubSub_Socket_Render': '/private/tmp/com.apple.launchd.NJGBh6zTwU/Render', 'MOZ_NODE_PATH': '/usr/local/bin/node', 'TWISTD_LOG_PATH': '/builds/slave/twistd.log', 'GIT_SHARE_BASE_DIR': '/builds/git-shared', 'VERSIONER_PYTHON_VERSION': '2.7', 'XPC_FLAGS': '0x0', 'NO_FAIL_ON_TEST_ERRORS': '1', 'HG_SHARE_BASE_DIR': '/builds/hg-shared', 'RUNNER_CONFIG_CMD': '/opt/runner/bin/python2.7 /opt/runner/bin/runner -c /opt/runner/runner.cfg', 'MOZ_NO_REMOTE': '1', 'MOZ_HIDE_RESULTS_TABLE': '1', 'SSH_AUTH_SOCK': '/private/tmp/com.apple.launchd.ft5TyagEA9/Listeners', 'SHELL': '/bin/bash', 'TMPDIR': '/var/folders/6x/zcbmlx5j3q1bhs5fd8m32ryr00000w/T/', '__CF_USER_TEXT_ENCODING': '0x1C:0:0', 'PWD': '/builds/slave/test', 'PROPERTIES_FILE': '/builds/slave/test/buildprops.json'}}, attempt #1
16:35:44     INFO - Running command: ['/builds/slave/test/build/venv/bin/pip', 'install', '--no-deps', '--timeout', '120', '-r', '/builds/slave/test/build/tests/config/marionette_requirements.txt', '--no-index', '--find-links', 'http://pypi.pvt.build.mozilla.org/pub', '--find-links', 'http://pypi.pub.build.mozilla.org/pub', '--trusted-host', 'pypi.pub.build.mozilla.org', '--trusted-host', 'pypi.pvt.build.mozilla.org'] in /builds/slave/test/build/tests/config
16:35:44     INFO - Copy/paste: /builds/slave/test/build/venv/bin/pip install --no-deps --timeout 120 -r /builds/slave/test/build/tests/config/marionette_requirements.txt --no-index --find-links http://pypi.pvt.build.mozilla.org/pub --find-links http://pypi.pub.build.mozilla.org/pub --trusted-host pypi.pub.build.mozilla.org --trusted-host pypi.pvt.build.mozilla.org
16:35:44     INFO - Using env: {'Apple_PubSub_Socket_Render': '/private/tmp/com.apple.launchd.NJGBh6zTwU/Render',
16:35:44     INFO -  'GIT_SHARE_BASE_DIR': '/builds/git-shared',
16:35:44     INFO -  'HG_SHARE_BASE_DIR': '/builds/hg-shared',
16:35:44     INFO -  'HOME': '/Users/cltbld',
16:35:44     INFO -  'IDLEIZER_DISABLE_SHUTDOWN': 'true',
16:35:44     INFO -  'LOGNAME': 'cltbld',
16:35:44     INFO -  'MOZ_HIDE_RESULTS_TABLE': '1',
16:35:44     INFO -  'MOZ_NODE_PATH': '/usr/local/bin/node',
16:35:44     INFO -  'MOZ_NO_REMOTE': '1',
16:35:44     INFO -  'NO_EM_RESTART': '1',
16:35:44     INFO -  'NO_FAIL_ON_TEST_ERRORS': '1',
16:35:44     INFO -  'PATH': '/usr/local/sbin:/usr/local/bin:/usr/sbin:/usr/bin:/sbin:/bin:/usr/bin/X11',
16:35:44     INFO -  'PROPERTIES_FILE': '/builds/slave/test/buildprops.json',
16:35:44     INFO -  'PWD': '/builds/slave/test',
16:35:44     INFO -  'RUNNER_CONFIG_CMD': '/opt/runner/bin/python2.7 /opt/runner/bin/runner -c /opt/runner/runner.cfg',
16:35:44     INFO -  'SHELL': '/bin/bash',
16:35:44     INFO -  'SSH_AUTH_SOCK': '/private/tmp/com.apple.launchd.ft5TyagEA9/Listeners',
16:35:44     INFO -  'TMPDIR': '/var/folders/6x/zcbmlx5j3q1bhs5fd8m32ryr00000w/T/',
16:35:44     INFO -  'TWISTD_LOG_PATH': '/builds/slave/twistd.log',
16:35:44     INFO -  'USER': 'cltbld',
16:35:44     INFO -  'VERSIONER_PYTHON_PREFER_32_BIT': 'no',
16:35:44     INFO -  'VERSIONER_PYTHON_VERSION': '2.7',
16:35:44     INFO -  'XPCOM_DEBUG_BREAK': 'warn',
16:35:44     INFO -  'XPC_FLAGS': '0x0',
16:35:44     INFO -  'XPC_SERVICE_NAME': '0',
16:35:44     INFO -  '__CF_USER_TEXT_ENCODING': '0x1C:0:0'}
16:35:45     INFO -  Ignoring indexes: https://pypi.python.org/simple
16:35:45     INFO -  Processing /builds/slave/test/build/tests/mozbase/manifestparser
16:35:45     INFO -  Processing /builds/slave/test/build/tests/mozbase/mozcrash
16:35:45     INFO -  Processing /builds/slave/test/build/tests/mozbase/mozdebug
16:35:46     INFO -  Processing /builds/slave/test/build/tests/mozbase/mozdevice
16:35:46     INFO -  Processing /builds/slave/test/build/tests/mozbase/mozfile
16:35:46     INFO -  Processing /builds/slave/test/build/tests/mozbase/mozhttpd
16:35:46     INFO -  Processing /builds/slave/test/build/tests/mozbase/mozinfo
16:35:47     INFO -  Processing /builds/slave/test/build/tests/mozbase/mozinstall
16:35:47     INFO -  Processing /builds/slave/test/build/tests/mozbase/mozleak
16:35:47     INFO -  Processing /builds/slave/test/build/tests/mozbase/mozlog
16:35:47     INFO -  Processing /builds/slave/test/build/tests/mozbase/moznetwork
16:35:48     INFO -  Processing /builds/slave/test/build/tests/mozbase/mozprocess
16:35:48     INFO -  Processing /builds/slave/test/build/tests/mozbase/mozprofile
16:35:48     INFO -  Processing /builds/slave/test/build/tests/mozbase/mozrunner
16:35:48     INFO -  Processing /builds/slave/test/build/tests/mozbase/mozscreenshot
16:35:49     INFO -  Processing /builds/slave/test/build/tests/mozbase/moztest
16:35:49     INFO -  Processing /builds/slave/test/build/tests/mozbase/mozversion
16:35:49     INFO -  Processing /builds/slave/test/build/tests/tools/wptserve
16:35:49     INFO -  Processing /builds/slave/test/build/tests/marionette/client
16:35:49     INFO -  Processing /builds/slave/test/build/tests/marionette/harness/marionette_harness/runner/mixins/browsermob-proxy-py
16:35:50     INFO -  Processing /builds/slave/test/build/tests/marionette/harness
16:35:50     INFO -  Processing /builds/slave/test/build/tests/marionette/puppeteer/firefox
16:35:50     INFO -  Building wheels for collected packages: browsermob-proxy
16:35:50     INFO -    Running setup.py bdist_wheel for browsermob-proxy: started
16:35:51     INFO -    Running setup.py bdist_wheel for browsermob-proxy: finished with status 'done'
16:35:51     INFO -    Stored in directory: /Users/cltbld/Library/Caches/pip/wheels/10/00/c1/79bb793b6a7eb4dca9dfd244010f550ae5044951bcd23c261e
16:35:51     INFO -  Successfully built browsermob-proxy
16:35:51     INFO -  Installing collected packages: manifestparser, mozcrash, mozdebug, mozdevice, mozfile, mozhttpd, mozinfo, mozInstall, mozleak, mozlog, moznetwork, mozprocess, mozprofile, mozrunner, mozscreenshot, moztest, mozversion, wptserve, marionette-driver, browsermob-proxy, marionette-harness, firefox-puppeteer
16:35:51     INFO -    Running setup.py install for manifestparser: started
16:35:51     INFO -      Running setup.py install for manifestparser: finished with status 'done'
16:35:51     INFO -    Running setup.py install for mozcrash: started
16:35:51     INFO -      Running setup.py install for mozcrash: finished with status 'done'
16:35:51     INFO -    Running setup.py install for mozdebug: started
16:35:51     INFO -      Running setup.py install for mozdebug: finished with status 'done'
16:35:51     INFO -    Running setup.py install for mozdevice: started
16:35:52     INFO -      Running setup.py install for mozdevice: finished with status 'done'
16:35:52     INFO -    Running setup.py install for mozfile: started
16:35:52     INFO -      Running setup.py install for mozfile: finished with status 'done'
16:35:52     INFO -    Running setup.py install for mozhttpd: started
16:35:52     INFO -      Running setup.py install for mozhttpd: finished with status 'done'
16:35:52     INFO -    Running setup.py install for mozinfo: started
16:35:53     INFO -      Running setup.py install for mozinfo: finished with status 'done'
16:35:53     INFO -    Running setup.py install for mozInstall: started
16:35:53     INFO -      Running setup.py install for mozInstall: finished with status 'done'
16:35:53     INFO -    Running setup.py install for mozleak: started
16:35:53     INFO -      Running setup.py install for mozleak: finished with status 'done'
16:35:53     INFO -    Running setup.py install for mozlog: started
16:35:53     INFO -      Running setup.py install for mozlog: finished with status 'done'
16:35:53     INFO -    Running setup.py install for moznetwork: started
16:35:54     INFO -      Running setup.py install for moznetwork: finished with status 'done'
16:35:54     INFO -    Running setup.py install for mozprocess: started
16:35:54     INFO -      Running setup.py install for mozprocess: finished with status 'done'
16:35:54     INFO -    Running setup.py install for mozprofile: started
16:35:54     INFO -      Running setup.py install for mozprofile: finished with status 'done'
16:35:54     INFO -    Running setup.py install for mozrunner: started
16:35:55     INFO -      Running setup.py install for mozrunner: finished with status 'done'
16:35:55     INFO -    Running setup.py install for mozscreenshot: started
16:35:55     INFO -      Running setup.py install for mozscreenshot: finished with status 'done'
16:35:55     INFO -    Running setup.py install for moztest: started
16:35:55     INFO -      Running setup.py install for moztest: finished with status 'done'
16:35:55     INFO -    Running setup.py install for mozversion: started
16:35:55     INFO -      Running setup.py install for mozversion: finished with status 'done'
16:35:55     INFO -    Running setup.py install for wptserve: started
16:35:56     INFO -      Running setup.py install for wptserve: finished with status 'done'
16:35:56     INFO -    Running setup.py install for marionette-driver: started
16:35:56     INFO -      Running setup.py install for marionette-driver: finished with status 'done'
16:35:56     INFO -    Running setup.py install for marionette-harness: started
16:35:56     INFO -      Running setup.py install for marionette-harness: finished with status 'done'
16:35:57     INFO -    Running setup.py install for firefox-puppeteer: started
16:35:57     INFO -      Running setup.py install for firefox-puppeteer: finished with status 'done'
16:35:57     INFO -  Successfully installed browsermob-proxy-0.6.0 firefox-puppeteer-52.1.0 manifestparser-1.1 marionette-driver-2.2.0 marionette-harness-4.0.0 mozInstall-1.12 mozcrash-1.0 mozdebug-0.1 mozdevice-0.48 mozfile-1.2 mozhttpd-0.7 mozinfo-0.9 mozleak-0.1 mozlog-3.4 moznetwork-0.27 mozprocess-0.23 mozprofile-0.28 mozrunner-6.13 mozscreenshot-0.1 moztest-0.8 mozversion-1.4 wptserve-1.4.0
16:35:57     INFO - Return code: 0
16:35:57     INFO - Installing None into virtualenv /builds/slave/test/build/venv
16:35:58     INFO - retry: Calling run_command with args: [['/builds/slave/test/build/venv/bin/pip', 'install', '--timeout', '120', '-r', '/builds/slave/test/build/tests/config/marionette_requirements.txt', '--no-index', '--find-links', 'http://pypi.pvt.build.mozilla.org/pub', '--find-links', 'http://pypi.pub.build.mozilla.org/pub', '--trusted-host', 'pypi.pub.build.mozilla.org', '--trusted-host', 'pypi.pvt.build.mozilla.org']], kwargs: {'error_level': 'warning', 'error_list': [{'substr': 'not found or a compiler error:', 'level': 'warning'}, {'regex': <_sre.SRE_Pattern object at 0x10ab68b70>, 'level': 'error'}, {'regex': <_sre.SRE_Pattern object at 0x10ab78d50>, 'level': 'warning'}, {'regex': <_sre.SRE_Pattern object at 0x7fb3fa5cf440>, 'level': 'debug'}, {'substr': 'command not found', 'level': 'error'}, {'regex': <_sre.SRE_Pattern object at 0x10ab915e0>, 'level': 'warning'}, {'substr': 'Traceback (most recent call last)', 'level': 'error'}, {'substr': 'SyntaxError: ', 'level': 'error'}, {'substr': 'TypeError: ', 'level': 'error'}, {'substr': 'NameError: ', 'level': 'error'}, {'substr': 'ZeroDivisionError: ', 'level': 'error'}, {'regex': <_sre.SRE_Pattern object at 0x10ab66540>, 'level': 'critical'}, {'regex': <_sre.SRE_Pattern object at 0x10aaf0e40>, 'level': 'critical'}], 'cwd': '/builds/slave/test/build/tests/config', 'env': {'VERSIONER_PYTHON_PREFER_32_BIT': 'no', 'LOGNAME': 'cltbld', 'USER': 'cltbld', 'XPC_SERVICE_NAME': '0', 'PATH': '/usr/local/sbin:/usr/local/bin:/usr/sbin:/usr/bin:/sbin:/bin:/usr/bin/X11', 'HOME': '/Users/cltbld', 'NO_EM_RESTART': '1', 'IDLEIZER_DISABLE_SHUTDOWN': 'true', 'XPCOM_DEBUG_BREAK': 'warn', 'Apple_PubSub_Socket_Render': '/private/tmp/com.apple.launchd.NJGBh6zTwU/Render', 'MOZ_NODE_PATH': '/usr/local/bin/node', 'TWISTD_LOG_PATH': '/builds/slave/twistd.log', 'GIT_SHARE_BASE_DIR': '/builds/git-shared', 'VERSIONER_PYTHON_VERSION': '2.7', 'XPC_FLAGS': '0x0', 'NO_FAIL_ON_TEST_ERRORS': '1', 'HG_SHARE_BASE_DIR': '/builds/hg-shared', 'RUNNER_CONFIG_CMD': '/opt/runner/bin/python2.7 /opt/runner/bin/runner -c /opt/runner/runner.cfg', 'MOZ_NO_REMOTE': '1', 'MOZ_HIDE_RESULTS_TABLE': '1', 'SSH_AUTH_SOCK': '/private/tmp/com.apple.launchd.ft5TyagEA9/Listeners', 'SHELL': '/bin/bash', 'TMPDIR': '/var/folders/6x/zcbmlx5j3q1bhs5fd8m32ryr00000w/T/', '__CF_USER_TEXT_ENCODING': '0x1C:0:0', 'PWD': '/builds/slave/test', 'PROPERTIES_FILE': '/builds/slave/test/buildprops.json'}}, attempt #1
16:35:58     INFO - Running command: ['/builds/slave/test/build/venv/bin/pip', 'install', '--timeout', '120', '-r', '/builds/slave/test/build/tests/config/marionette_requirements.txt', '--no-index', '--find-links', 'http://pypi.pvt.build.mozilla.org/pub', '--find-links', 'http://pypi.pub.build.mozilla.org/pub', '--trusted-host', 'pypi.pub.build.mozilla.org', '--trusted-host', 'pypi.pvt.build.mozilla.org'] in /builds/slave/test/build/tests/config
16:35:58     INFO - Copy/paste: /builds/slave/test/build/venv/bin/pip install --timeout 120 -r /builds/slave/test/build/tests/config/marionette_requirements.txt --no-index --find-links http://pypi.pvt.build.mozilla.org/pub --find-links http://pypi.pub.build.mozilla.org/pub --trusted-host pypi.pub.build.mozilla.org --trusted-host pypi.pvt.build.mozilla.org
16:35:58     INFO - Using env: {'Apple_PubSub_Socket_Render': '/private/tmp/com.apple.launchd.NJGBh6zTwU/Render',
16:35:58     INFO -  'GIT_SHARE_BASE_DIR': '/builds/git-shared',
16:35:58     INFO -  'HG_SHARE_BASE_DIR': '/builds/hg-shared',
16:35:58     INFO -  'HOME': '/Users/cltbld',
16:35:58     INFO -  'IDLEIZER_DISABLE_SHUTDOWN': 'true',
16:35:58     INFO -  'LOGNAME': 'cltbld',
16:35:58     INFO -  'MOZ_HIDE_RESULTS_TABLE': '1',
16:35:58     INFO -  'MOZ_NODE_PATH': '/usr/local/bin/node',
16:35:58     INFO -  'MOZ_NO_REMOTE': '1',
16:35:58     INFO -  'NO_EM_RESTART': '1',
16:35:58     INFO -  'NO_FAIL_ON_TEST_ERRORS': '1',
16:35:58     INFO -  'PATH': '/usr/local/sbin:/usr/local/bin:/usr/sbin:/usr/bin:/sbin:/bin:/usr/bin/X11',
16:35:58     INFO -  'PROPERTIES_FILE': '/builds/slave/test/buildprops.json',
16:35:58     INFO -  'PWD': '/builds/slave/test',
16:35:58     INFO -  'RUNNER_CONFIG_CMD': '/opt/runner/bin/python2.7 /opt/runner/bin/runner -c /opt/runner/runner.cfg',
16:35:58     INFO -  'SHELL': '/bin/bash',
16:35:58     INFO -  'SSH_AUTH_SOCK': '/private/tmp/com.apple.launchd.ft5TyagEA9/Listeners',
16:35:58     INFO -  'TMPDIR': '/var/folders/6x/zcbmlx5j3q1bhs5fd8m32ryr00000w/T/',
16:35:58     INFO -  'TWISTD_LOG_PATH': '/builds/slave/twistd.log',
16:35:58     INFO -  'USER': 'cltbld',
16:35:58     INFO -  'VERSIONER_PYTHON_PREFER_32_BIT': 'no',
16:35:58     INFO -  'VERSIONER_PYTHON_VERSION': '2.7',
16:35:58     INFO -  'XPCOM_DEBUG_BREAK': 'warn',
16:35:58     INFO -  'XPC_FLAGS': '0x0',
16:35:58     INFO -  'XPC_SERVICE_NAME': '0',
16:35:58     INFO -  '__CF_USER_TEXT_ENCODING': '0x1C:0:0'}
16:35:58     INFO -  Ignoring indexes: https://pypi.python.org/simple
16:35:58     INFO -  Processing /builds/slave/test/build/tests/mozbase/manifestparser
16:35:58     INFO -    Requirement already satisfied (use --upgrade to upgrade): manifestparser==1.1 from file:///builds/slave/test/build/tests/mozbase/manifestparser in /builds/slave/test/build/venv/lib/python2.7/site-packages (from -r /builds/slave/test/build/tests/config/mozbase_requirements.txt (line 1))
16:35:58     INFO -  Processing /builds/slave/test/build/tests/mozbase/mozcrash
16:35:59     INFO -    Requirement already satisfied (use --upgrade to upgrade): mozcrash==1.0 from file:///builds/slave/test/build/tests/mozbase/mozcrash in /builds/slave/test/build/venv/lib/python2.7/site-packages (from -r /builds/slave/test/build/tests/config/mozbase_requirements.txt (line 2))
16:35:59     INFO -  Processing /builds/slave/test/build/tests/mozbase/mozdebug
16:35:59     INFO -    Requirement already satisfied (use --upgrade to upgrade): mozdebug==0.1 from file:///builds/slave/test/build/tests/mozbase/mozdebug in /builds/slave/test/build/venv/lib/python2.7/site-packages (from -r /builds/slave/test/build/tests/config/mozbase_requirements.txt (line 3))
16:35:59     INFO -  Processing /builds/slave/test/build/tests/mozbase/mozdevice
16:35:59     INFO -    Requirement already satisfied (use --upgrade to upgrade): mozdevice==0.48 from file:///builds/slave/test/build/tests/mozbase/mozdevice in /builds/slave/test/build/venv/lib/python2.7/site-packages (from -r /builds/slave/test/build/tests/config/mozbase_requirements.txt (line 4))
16:35:59     INFO -  Processing /builds/slave/test/build/tests/mozbase/mozfile
16:35:59     INFO -    Requirement already satisfied (use --upgrade to upgrade): mozfile==1.2 from file:///builds/slave/test/build/tests/mozbase/mozfile in /builds/slave/test/build/venv/lib/python2.7/site-packages (from -r /builds/slave/test/build/tests/config/mozbase_requirements.txt (line 5))
16:35:59     INFO -  Processing /builds/slave/test/build/tests/mozbase/mozhttpd
16:36:00     INFO -    Requirement already satisfied (use --upgrade to upgrade): mozhttpd==0.7 from file:///builds/slave/test/build/tests/mozbase/mozhttpd in /builds/slave/test/build/venv/lib/python2.7/site-packages (from -r /builds/slave/test/build/tests/config/mozbase_requirements.txt (line 6))
16:36:00     INFO -  Processing /builds/slave/test/build/tests/mozbase/mozinfo
16:36:00     INFO -    Requirement already satisfied (use --upgrade to upgrade): mozinfo==0.9 from file:///builds/slave/test/build/tests/mozbase/mozinfo in /builds/slave/test/build/venv/lib/python2.7/site-packages (from -r /builds/slave/test/build/tests/config/mozbase_requirements.txt (line 7))
16:36:00     INFO -  Processing /builds/slave/test/build/tests/mozbase/mozinstall
16:36:00     INFO -    Requirement already satisfied (use --upgrade to upgrade): mozInstall==1.12 from file:///builds/slave/test/build/tests/mozbase/mozinstall in /builds/slave/test/build/venv/lib/python2.7/site-packages (from -r /builds/slave/test/build/tests/config/mozbase_requirements.txt (line 8))
16:36:00     INFO -  Processing /builds/slave/test/build/tests/mozbase/mozleak
16:36:00     INFO -    Requirement already satisfied (use --upgrade to upgrade): mozleak==0.1 from file:///builds/slave/test/build/tests/mozbase/mozleak in /builds/slave/test/build/venv/lib/python2.7/site-packages (from -r /builds/slave/test/build/tests/config/mozbase_requirements.txt (line 9))
16:36:00     INFO -  Processing /builds/slave/test/build/tests/mozbase/mozlog
16:36:01     INFO -    Requirement already satisfied (use --upgrade to upgrade): mozlog==3.4 from file:///builds/slave/test/build/tests/mozbase/mozlog in /builds/slave/test/build/venv/lib/python2.7/site-packages (from -r /builds/slave/test/build/tests/config/mozbase_requirements.txt (line 10))
16:36:01     INFO -  Processing /builds/slave/test/build/tests/mozbase/moznetwork
16:36:01     INFO -    Requirement already satisfied (use --upgrade to upgrade): moznetwork==0.27 from file:///builds/slave/test/build/tests/mozbase/moznetwork in /builds/slave/test/build/venv/lib/python2.7/site-packages (from -r /builds/slave/test/build/tests/config/mozbase_requirements.txt (line 11))
16:36:01     INFO -  Processing /builds/slave/test/build/tests/mozbase/mozprocess
16:36:01     INFO -    Requirement already satisfied (use --upgrade to upgrade): mozprocess==0.23 from file:///builds/slave/test/build/tests/mozbase/mozprocess in /builds/slave/test/build/venv/lib/python2.7/site-packages (from -r /builds/slave/test/build/tests/config/mozbase_requirements.txt (line 12))
16:36:01     INFO -  Processing /builds/slave/test/build/tests/mozbase/mozprofile
16:36:01     INFO -    Requirement already satisfied (use --upgrade to upgrade): mozprofile==0.28 from file:///builds/slave/test/build/tests/mozbase/mozprofile in /builds/slave/test/build/venv/lib/python2.7/site-packages (from -r /builds/slave/test/build/tests/config/mozbase_requirements.txt (line 13))
16:36:01     INFO -  Processing /builds/slave/test/build/tests/mozbase/mozrunner
16:36:02     INFO -    Requirement already satisfied (use --upgrade to upgrade): mozrunner==6.13 from file:///builds/slave/test/build/tests/mozbase/mozrunner in /builds/slave/test/build/venv/lib/python2.7/site-packages (from -r /builds/slave/test/build/tests/config/mozbase_requirements.txt (line 14))
16:36:02     INFO -  Processing /builds/slave/test/build/tests/mozbase/mozscreenshot
16:36:02     INFO -    Requirement already satisfied (use --upgrade to upgrade): mozscreenshot==0.1 from file:///builds/slave/test/build/tests/mozbase/mozscreenshot in /builds/slave/test/build/venv/lib/python2.7/site-packages (from -r /builds/slave/test/build/tests/config/mozbase_requirements.txt (line 15))
16:36:02     INFO -  Processing /builds/slave/test/build/tests/mozbase/moztest
16:36:02     INFO -    Requirement already satisfied (use --upgrade to upgrade): moztest==0.8 from file:///builds/slave/test/build/tests/mozbase/moztest in /builds/slave/test/build/venv/lib/python2.7/site-packages (from -r /builds/slave/test/build/tests/config/mozbase_requirements.txt (line 16))
16:36:02     INFO -  Processing /builds/slave/test/build/tests/mozbase/mozversion
16:36:03     INFO -    Requirement already satisfied (use --upgrade to upgrade): mozversion==1.4 from file:///builds/slave/test/build/tests/mozbase/mozversion in /builds/slave/test/build/venv/lib/python2.7/site-packages (from -r /builds/slave/test/build/tests/config/mozbase_requirements.txt (line 17))
16:36:03     INFO -  Processing /builds/slave/test/build/tests/tools/wptserve
16:36:03     INFO -    Requirement already satisfied (use --upgrade to upgrade): wptserve==1.4.0 from file:///builds/slave/test/build/tests/tools/wptserve in /builds/slave/test/build/venv/lib/python2.7/site-packages (from -r /builds/slave/test/build/tests/config/marionette_requirements.txt (line 3))
16:36:03     INFO -  Processing /builds/slave/test/build/tests/marionette/client
16:36:03     INFO -    Requirement already satisfied (use --upgrade to upgrade): marionette-driver==2.2.0 from file:///builds/slave/test/build/tests/marionette/client in /builds/slave/test/build/venv/lib/python2.7/site-packages (from -r /builds/slave/test/build/tests/config/marionette_requirements.txt (line 4))
16:36:03     INFO -  Processing /builds/slave/test/build/tests/marionette/harness/marionette_harness/runner/mixins/browsermob-proxy-py
16:36:03     INFO -    Requirement already satisfied (use --upgrade to upgrade): browsermob-proxy==0.6.0 from file:///builds/slave/test/build/tests/marionette/harness/marionette_harness/runner/mixins/browsermob-proxy-py in /builds/slave/test/build/venv/lib/python2.7/site-packages (from -r /builds/slave/test/build/tests/config/marionette_requirements.txt (line 5))
16:36:03     INFO -  Processing /builds/slave/test/build/tests/marionette/harness
16:36:04     INFO -    Requirement already satisfied (use --upgrade to upgrade): marionette-harness==4.0.0 from file:///builds/slave/test/build/tests/marionette/harness in /builds/slave/test/build/venv/lib/python2.7/site-packages (from -r /builds/slave/test/build/tests/config/marionette_requirements.txt (line 6))
16:36:04     INFO -  Processing /builds/slave/test/build/tests/marionette/puppeteer/firefox
16:36:04     INFO -    Requirement already satisfied (use --upgrade to upgrade): firefox-puppeteer==52.1.0 from file:///builds/slave/test/build/tests/marionette/puppeteer/firefox in /builds/slave/test/build/venv/lib/python2.7/site-packages (from -r /builds/slave/test/build/tests/config/marionette_requirements.txt (line 9))
16:36:04     INFO -  Requirement already satisfied (use --upgrade to upgrade): mozfile>=1.0 in /builds/slave/test/build/venv/lib/python2.7/site-packages (from mozcrash==1.0->-r /builds/slave/test/build/tests/config/mozbase_requirements.txt (line 2))
16:36:04     INFO -  Requirement already satisfied (use --upgrade to upgrade): mozlog>=3.0 in /builds/slave/test/build/venv/lib/python2.7/site-packages (from mozcrash==1.0->-r /builds/slave/test/build/tests/config/mozbase_requirements.txt (line 2))
16:36:04     INFO -  Requirement already satisfied (use --upgrade to upgrade): mozinfo in /builds/slave/test/build/venv/lib/python2.7/site-packages (from mozdebug==0.1->-r /builds/slave/test/build/tests/config/mozbase_requirements.txt (line 3))
16:36:04     INFO -  Requirement already satisfied (use --upgrade to upgrade): moznetwork>=0.24 in /builds/slave/test/build/venv/lib/python2.7/site-packages (from mozdevice==0.48->-r /builds/slave/test/build/tests/config/mozbase_requirements.txt (line 4))
16:36:04     INFO -  Requirement already satisfied (use --upgrade to upgrade): mozprocess>=0.19 in /builds/slave/test/build/venv/lib/python2.7/site-packages (from mozdevice==0.48->-r /builds/slave/test/build/tests/config/mozbase_requirements.txt (line 4))
16:36:04     INFO -  Collecting blessings>=1.3 (from mozlog==3.4->-r /builds/slave/test/build/tests/config/mozbase_requirements.txt (line 10))
16:36:04     INFO -  /builds/slave/test/build/venv/lib/python2.7/site-packages/pip/_vendor/requests/packages/urllib3/util/ssl_.py:318: SNIMissingWarning: An HTTPS request has been made, but the SNI (Subject Name Indication) extension to TLS is not available on this platform. This may cause the server to present an incorrect TLS certificate, which can cause validation failures. You can upgrade to a newer version of Python to solve this. For more information, see https://urllib3.readthedocs.org/en/latest/security.html#snimissingwarning.
16:36:04     INFO -    SNIMissingWarning
16:36:04     INFO -  /builds/slave/test/build/venv/lib/python2.7/site-packages/pip/_vendor/requests/packages/urllib3/util/ssl_.py:122: InsecurePlatformWarning: A true SSLContext object is not available. This prevents urllib3 from configuring SSL appropriately and may cause certain SSL connections to fail. You can upgrade to a newer version of Python to solve this. For more information, see https://urllib3.readthedocs.org/en/latest/security.html#insecureplatformwarning.
16:36:04     INFO -    InsecurePlatformWarning
16:36:05     INFO -  /builds/slave/test/build/venv/lib/python2.7/site-packages/pip/_vendor/requests/packages/urllib3/util/ssl_.py:122: InsecurePlatformWarning: A true SSLContext object is not available. This prevents urllib3 from configuring SSL appropriately and may cause certain SSL connections to fail. You can upgrade to a newer version of Python to solve this. For more information, see https://urllib3.readthedocs.org/en/latest/security.html#insecureplatformwarning.
16:36:05     INFO -    InsecurePlatformWarning
16:36:07     INFO -  Requirement already satisfied (use --upgrade to upgrade): requests>=1.1.0 in /builds/slave/test/build/venv/lib/python2.7/site-packages (from browsermob-proxy==0.6.0->-r /builds/slave/test/build/tests/config/marionette_requirements.txt (line 5))
16:36:07     INFO -  Building wheels for collected packages: browsermob-proxy
16:36:07     INFO -    Running setup.py bdist_wheel for browsermob-proxy: started
16:36:07     INFO -    Running setup.py bdist_wheel for browsermob-proxy: finished with status 'done'
16:36:07     INFO -    Stored in directory: /Users/cltbld/Library/Caches/pip/wheels/10/00/c1/79bb793b6a7eb4dca9dfd244010f550ae5044951bcd23c261e
16:36:07     INFO -  Successfully built browsermob-proxy
16:36:07     INFO -  Installing collected packages: blessings
16:36:08     INFO -  Successfully installed blessings-1.6
16:36:08     INFO - Return code: 0
16:36:08     INFO - Done creating virtualenv /builds/slave/test/build/venv.
16:36:08     INFO - Getting output from command: ['/builds/slave/test/build/venv/bin/pip', 'freeze']
16:36:08     INFO - Copy/paste: /builds/slave/test/build/venv/bin/pip freeze
16:36:08     INFO - Reading from file tmpfile_stdout
16:36:08     INFO - Reading from file tmpfile_stderr
16:36:08     INFO - Current package versions:
16:36:08     INFO -   blessings == 1.6
16:36:08     INFO -   blobuploader == 1.2.4
16:36:08     INFO -   browsermob-proxy == 0.6.0
16:36:08     INFO -   docopt == 0.6.1
16:36:08     INFO -   firefox-puppeteer == 52.1.0
16:36:08     INFO -   functools32 == 3.2.3.post2
16:36:08     INFO -   jsonschema == 2.5.1
16:36:08     INFO -   manifestparser == 1.1
16:36:08     INFO -   marionette-driver == 2.2.0
16:36:08     INFO -   marionette-harness == 4.0.0
16:36:08     INFO -   mozInstall == 1.12
16:36:08     INFO -   mozcrash == 1.0
16:36:08     INFO -   mozdebug == 0.1
16:36:08     INFO -   mozdevice == 0.48
16:36:08     INFO -   mozfile == 1.2
16:36:08     INFO -   mozhttpd == 0.7
16:36:08     INFO -   mozinfo == 0.9
16:36:08     INFO -   mozleak == 0.1
16:36:08     INFO -   mozlog == 3.4
16:36:08     INFO -   moznetwork == 0.27
16:36:08     INFO -   mozprocess == 0.23
16:36:08     INFO -   mozprofile == 0.28
16:36:08     INFO -   mozrunner == 6.13
16:36:08     INFO -   mozscreenshot == 0.1
16:36:08     INFO -   mozsystemmonitor == 0.3
16:36:08     INFO -   moztest == 0.8
16:36:08     INFO -   mozversion == 1.4
16:36:08     INFO -   psutil == 5.4.3
16:36:08     INFO -   requests == 1.2.3
16:36:08     INFO -   wptserve == 1.4.0
16:36:08     INFO - Running post-action listener: _resource_record_post_action
16:36:08     INFO - Running post-action listener: _start_resource_monitoring
16:36:08     INFO - Starting resource monitoring.
16:36:09     INFO - [mozharness: 2018-06-08 23:36:09.001683Z] Finished create-virtualenv step (success)
16:36:09     INFO - [mozharness: 2018-06-08 23:36:09.002657Z] Running pull step.
16:36:09     INFO - Running pre-action listener: _resource_record_pre_action
16:36:09     INFO - Running main action method: pull
16:36:09     INFO - Pull has nothing to do!
16:36:09     INFO - Running post-action listener: _resource_record_post_action
16:36:09     INFO - [mozharness: 2018-06-08 23:36:09.003430Z] Finished pull step (success)
16:36:09     INFO - [mozharness: 2018-06-08 23:36:09.003569Z] Running install step.
16:36:09     INFO - Running pre-action listener: _resource_record_pre_action
16:36:09     INFO - Running main action method: install
16:36:09     INFO - Getting output from command: ['/builds/slave/test/build/venv/bin/pip', 'freeze']
16:36:09     INFO - Copy/paste: /builds/slave/test/build/venv/bin/pip freeze
16:36:09     INFO - Reading from file tmpfile_stdout
16:36:09     INFO - Reading from file tmpfile_stderr
16:36:09     INFO - Detecting whether we're running mozinstall >=1.0...
16:36:09     INFO - Getting output from command: ['/builds/slave/test/build/venv/bin/mozinstall', '-h']
16:36:09     INFO - Copy/paste: /builds/slave/test/build/venv/bin/mozinstall -h
16:36:09     INFO - Reading from file tmpfile_stdout
16:36:09     INFO - Output received:
16:36:09     INFO -  Usage: mozinstall [options] installer
16:36:09     INFO -  Options:
16:36:09     INFO -    -h, --help            show this help message and exit
16:36:09     INFO -    -d DEST, --destination=DEST
16:36:09     INFO -                          Directory to install application into. [default:
16:36:09     INFO -                          "/builds/slave/test"]
16:36:09     INFO -    --app=APP             Application being installed. [default: firefox]
16:36:09     INFO - mkdir: /builds/slave/test/build/application
16:36:09     INFO - Getting output from command: ['/builds/slave/test/build/venv/bin/mozinstall', '/builds/slave/test/build/firefox-52.8.2.en-US.mac64.dmg', '--destination', '/builds/slave/test/build/application']
16:36:09     INFO - Copy/paste: /builds/slave/test/build/venv/bin/mozinstall /builds/slave/test/build/firefox-52.8.2.en-US.mac64.dmg --destination /builds/slave/test/build/application
16:36:28     INFO - Reading from file tmpfile_stdout
16:36:28     INFO - Output received:
16:36:28     INFO -  /builds/slave/test/build/application/NightlyDebug.app/Contents/MacOS/firefox
16:36:28     INFO - Running post-action listener: _resource_record_post_action
16:36:28     INFO - [mozharness: 2018-06-08 23:36:28.386076Z] Finished install step (success)
16:36:28     INFO - [mozharness: 2018-06-08 23:36:28.386203Z] Running run-tests step.
16:36:28     INFO - Running pre-action listener: _resource_record_pre_action
16:36:28     INFO - Running main action method: run_tests
16:36:28     INFO - mkdir: /builds/slave/test/build/blobber_upload_dir
16:36:28     INFO - Minidump filename unknown. Determining based upon platform and architecture.
16:36:28     INFO - Minidump tooltool manifest unknown. Determining based upon platform and architecture.
16:36:28     INFO - grabbing minidump binary from tooltool
16:36:28     INFO - Downloading https://raw.githubusercontent.com/mozilla/build-tooltool/master/tooltool.py to /builds/slave/test/build/tooltool.py
16:36:28     INFO - retry: Calling _download_file with args: (), kwargs: {'url': 'https://raw.githubusercontent.com/mozilla/build-tooltool/master/tooltool.py', 'file_name': '/builds/slave/test/build/tooltool.py'}, attempt #1
16:36:28     INFO - Downloaded 38066 bytes.
16:36:28     INFO - Chmoding /builds/slave/test/build/tooltool.py to 0755
16:36:28     INFO - retry: Calling run_command with args: (['/tools/buildbot/bin/python', '/builds/slave/test/build/tooltool.py', '--url', 'https://api.pub.build.mozilla.org/tooltool/', '--authentication-file', '/builds/relengapi.tok', 'fetch', '-m', '/builds/slave/test/build/tests/config/tooltool-manifests/macosx64/releng.manifest', '-o', '-c', '/builds/tooltool_cache'],), kwargs: {'output_timeout': 600, 'error_list': [{'substr': 'command not found', 'level': 'error'}, {'regex': <_sre.SRE_Pattern object at 0x10ab915e0>, 'level': 'warning'}, {'substr': 'Traceback (most recent call last)', 'level': 'error'}, {'substr': 'SyntaxError: ', 'level': 'error'}, {'substr': 'TypeError: ', 'level': 'error'}, {'substr': 'NameError: ', 'level': 'error'}, {'substr': 'ZeroDivisionError: ', 'level': 'error'}, {'regex': <_sre.SRE_Pattern object at 0x10ab66540>, 'level': 'critical'}, {'regex': <_sre.SRE_Pattern object at 0x10aaf0e40>, 'level': 'critical'}, {'substr': 'ERROR - ', 'level': 'error'}], 'cwd': '/builds/slave/test/build', 'privileged': False}, attempt #1
16:36:28     INFO - Running command: ['/tools/buildbot/bin/python', '/builds/slave/test/build/tooltool.py', '--url', 'https://api.pub.build.mozilla.org/tooltool/', '--authentication-file', '/builds/relengapi.tok', 'fetch', '-m', '/builds/slave/test/build/tests/config/tooltool-manifests/macosx64/releng.manifest', '-o', '-c', '/builds/tooltool_cache'] in /builds/slave/test/build
16:36:28     INFO - Copy/paste: /tools/buildbot/bin/python /builds/slave/test/build/tooltool.py --url https://api.pub.build.mozilla.org/tooltool/ --authentication-file /builds/relengapi.tok fetch -m /builds/slave/test/build/tests/config/tooltool-manifests/macosx64/releng.manifest -o -c /builds/tooltool_cache
16:36:28     INFO - Calling ['/tools/buildbot/bin/python', '/builds/slave/test/build/tooltool.py', '--url', 'https://api.pub.build.mozilla.org/tooltool/', '--authentication-file', '/builds/relengapi.tok', 'fetch', '-m', '/builds/slave/test/build/tests/config/tooltool-manifests/macosx64/releng.manifest', '-o', '-c', '/builds/tooltool_cache'] with output_timeout 600
16:36:28     INFO -  INFO - File macosx64-minidump_stackwalk retrieved from local cache /builds/tooltool_cache
16:36:28     INFO - Return code: 0
16:36:28     INFO - Chmoding /builds/slave/test/build/macosx64-minidump_stackwalk to 0755
16:36:28     INFO - ENV: MINIDUMP_SAVE_PATH is now /builds/slave/test/build/blobber_upload_dir
16:36:28     INFO - Running command: ['/builds/slave/test/build/venv/bin/python', '-u', '/builds/slave/test/build/tests/web-platform/runtests.py', '--log-raw=-', '--log-raw=/builds/slave/test/build/blobber_upload_dir/wpt_raw.log', '--log-errorsummary=/builds/slave/test/build/blobber_upload_dir/wpt_errorsummary.log', '--binary=/builds/slave/test/build/application/NightlyDebug.app/Contents/MacOS/firefox', '--symbols-path=https://queue.taskcluster.net/v1/task/cbf86eh2SwWGC1LFFrbavg/artifacts/public/build/firefox-52.8.2.en-US.mac64.crashreporter-symbols.zip', '--stackwalk-binary=/builds/slave/test/build/macosx64-minidump_stackwalk', '--stackfix-dir=/builds/slave/test/build/tests/bin', '--test-type=testharness', '--disable-e10s', '--total-chunks=10', '--this-chunk=3', '--prefs-root=/builds/slave/test/build/tests/web-platform/prefs', '--processes=1', '--config=/builds/slave/test/build/tests/web-platform/wptrunner.ini', '--ca-cert-path=/builds/slave/test/build/tests/web-platform/certs/cacert.pem', '--host-key-path=/builds/slave/test/build/tests/web-platform/certs/web-platform.test.key', '--host-cert-path=/builds/slave/test/build/tests/web-platform/certs/web-platform.test.pem', '--certutil-binary=/builds/slave/test/build/tests/bin/certutil'] in /builds/slave/test/build
16:36:28     INFO - Copy/paste: /builds/slave/test/build/venv/bin/python -u /builds/slave/test/build/tests/web-platform/runtests.py --log-raw=- --log-raw=/builds/slave/test/build/blobber_upload_dir/wpt_raw.log --log-errorsummary=/builds/slave/test/build/blobber_upload_dir/wpt_errorsummary.log --binary=/builds/slave/test/build/application/NightlyDebug.app/Contents/MacOS/firefox --symbols-path=https://queue.taskcluster.net/v1/task/cbf86eh2SwWGC1LFFrbavg/artifacts/public/build/firefox-52.8.2.en-US.mac64.crashreporter-symbols.zip --stackwalk-binary=/builds/slave/test/build/macosx64-minidump_stackwalk --stackfix-dir=/builds/slave/test/build/tests/bin --test-type=testharness --disable-e10s --total-chunks=10 --this-chunk=3 --prefs-root=/builds/slave/test/build/tests/web-platform/prefs --processes=1 --config=/builds/slave/test/build/tests/web-platform/wptrunner.ini --ca-cert-path=/builds/slave/test/build/tests/web-platform/certs/cacert.pem --host-key-path=/builds/slave/test/build/tests/web-platform/certs/web-platform.test.key --host-cert-path=/builds/slave/test/build/tests/web-platform/certs/web-platform.test.pem --certutil-binary=/builds/slave/test/build/tests/bin/certutil
16:36:28     INFO - Using env: {'Apple_PubSub_Socket_Render': '/private/tmp/com.apple.launchd.NJGBh6zTwU/Render',
16:36:28     INFO -  'GIT_SHARE_BASE_DIR': '/builds/git-shared',
16:36:28     INFO -  'HG_SHARE_BASE_DIR': '/builds/hg-shared',
16:36:28     INFO -  'HOME': '/Users/cltbld',
16:36:28     INFO -  'IDLEIZER_DISABLE_SHUTDOWN': 'true',
16:36:28     INFO -  'LOGNAME': 'cltbld',
16:36:28     INFO -  'MINIDUMP_SAVE_PATH': '/builds/slave/test/build/blobber_upload_dir',
16:36:28     INFO -  'MOZ_HIDE_RESULTS_TABLE': '1',
16:36:28     INFO -  'MOZ_NODE_PATH': '/usr/local/bin/node',
16:36:28     INFO -  'MOZ_NO_REMOTE': '1',
16:36:28     INFO -  'NO_EM_RESTART': '1',
16:36:28     INFO -  'NO_FAIL_ON_TEST_ERRORS': '1',
16:36:28     INFO -  'PATH': '/builds/slave/test/build/venv/bin:/usr/local/sbin:/usr/local/bin:/usr/sbin:/usr/bin:/sbin:/bin:/usr/bin/X11',
16:36:28     INFO -  'PROPERTIES_FILE': '/builds/slave/test/buildprops.json',
16:36:28     INFO -  'PWD': '/builds/slave/test',
16:36:28     INFO -  'RUNNER_CONFIG_CMD': '/opt/runner/bin/python2.7 /opt/runner/bin/runner -c /opt/runner/runner.cfg',
16:36:28     INFO -  'SHELL': '/bin/bash',
16:36:28     INFO -  'SSH_AUTH_SOCK': '/private/tmp/com.apple.launchd.ft5TyagEA9/Listeners',
16:36:28     INFO -  'TMPDIR': '/var/folders/6x/zcbmlx5j3q1bhs5fd8m32ryr00000w/T/',
16:36:28     INFO -  'TWISTD_LOG_PATH': '/builds/slave/twistd.log',
16:36:28     INFO -  'USER': 'cltbld',
16:36:28     INFO -  'VERSIONER_PYTHON_PREFER_32_BIT': 'no',
16:36:28     INFO -  'VERSIONER_PYTHON_VERSION': '2.7',
16:36:28     INFO -  'XPCOM_DEBUG_BREAK': 'warn',
16:36:28     INFO -  'XPC_FLAGS': '0x0',
16:36:28     INFO -  'XPC_SERVICE_NAME': '0',
16:36:28     INFO -  '__CF_USER_TEXT_ENCODING': '0x1C:0:0'}
16:36:28     INFO - Calling ['/builds/slave/test/build/venv/bin/python', '-u', '/builds/slave/test/build/tests/web-platform/runtests.py', '--log-raw=-', '--log-raw=/builds/slave/test/build/blobber_upload_dir/wpt_raw.log', '--log-errorsummary=/builds/slave/test/build/blobber_upload_dir/wpt_errorsummary.log', '--binary=/builds/slave/test/build/application/NightlyDebug.app/Contents/MacOS/firefox', '--symbols-path=https://queue.taskcluster.net/v1/task/cbf86eh2SwWGC1LFFrbavg/artifacts/public/build/firefox-52.8.2.en-US.mac64.crashreporter-symbols.zip', '--stackwalk-binary=/builds/slave/test/build/macosx64-minidump_stackwalk', '--stackfix-dir=/builds/slave/test/build/tests/bin', '--test-type=testharness', '--disable-e10s', '--total-chunks=10', '--this-chunk=3', '--prefs-root=/builds/slave/test/build/tests/web-platform/prefs', '--processes=1', '--config=/builds/slave/test/build/tests/web-platform/wptrunner.ini', '--ca-cert-path=/builds/slave/test/build/tests/web-platform/certs/cacert.pem', '--host-key-path=/builds/slave/test/build/tests/web-platform/certs/web-platform.test.key', '--host-cert-path=/builds/slave/test/build/tests/web-platform/certs/web-platform.test.pem', '--certutil-binary=/builds/slave/test/build/tests/bin/certutil'] with output_timeout 1000
16:36:29     INFO - STDERR: Opening manifest at /builds/slave/test/build/tests/web-platform/meta/MANIFEST.json
16:36:30     INFO - STDERR: Opening manifest at /builds/slave/test/build/tests/web-platform/mozilla/meta/MANIFEST.json
16:36:35     INFO - Using 1 client processes
16:36:35     INFO - wptserve Starting http server on 127.0.0.1:8000
16:36:35     INFO - wptserve Starting http server on 127.0.0.1:8001
16:36:35     INFO - wptserve Starting http server on 127.0.0.1:8443
16:36:37     INFO - SUITE-START | Running 474 tests
16:36:37     INFO - Running testharness tests
16:36:37     INFO - TEST-START | /WebCryptoAPI/generateKey/test_failures.html
16:36:37     INFO - TEST-SKIP | /WebCryptoAPI/generateKey/test_failures.html | took 0ms
16:36:37     INFO - TEST-START | /WebCryptoAPI/generateKey/test_failures_RSA-OAEP.html
16:36:37     INFO - TEST-SKIP | /WebCryptoAPI/generateKey/test_failures_RSA-OAEP.html | took 0ms
16:36:37     INFO - TEST-START | /WebCryptoAPI/generateKey/test_failures_RSA-PSS.html
16:36:37     INFO - TEST-SKIP | /WebCryptoAPI/generateKey/test_failures_RSA-PSS.html | took 0ms
16:36:37     INFO - TEST-START | /WebCryptoAPI/generateKey/test_failures_RSASSA-PKCS1-v1_5.html
16:36:37     INFO - TEST-SKIP | /WebCryptoAPI/generateKey/test_failures_RSASSA-PKCS1-v1_5.html | took 0ms
16:36:37     INFO - TEST-START | /WebCryptoAPI/generateKey/test_successes.html
16:36:37     INFO - TEST-SKIP | /WebCryptoAPI/generateKey/test_successes.html | took 0ms
16:36:37     INFO - TEST-START | /WebCryptoAPI/generateKey/test_successes_AES-CBC.html
16:36:37     INFO - TEST-SKIP | /WebCryptoAPI/generateKey/test_successes_AES-CBC.html | took 0ms
16:36:37     INFO - TEST-START | /WebCryptoAPI/generateKey/test_successes_RSA-OAEP.html
16:36:37     INFO - TEST-SKIP | /WebCryptoAPI/generateKey/test_successes_RSA-OAEP.html | took 0ms
16:36:37     INFO - TEST-START | /WebCryptoAPI/generateKey/test_successes_RSA-PSS.html
16:36:37     INFO - TEST-SKIP | /WebCryptoAPI/generateKey/test_successes_RSA-PSS.html | took 1ms
16:36:37     INFO - TEST-START | /WebCryptoAPI/generateKey/test_successes_RSASSA-PKCS1-v1_5.html
16:36:37     INFO - TEST-SKIP | /WebCryptoAPI/generateKey/test_successes_RSASSA-PKCS1-v1_5.html | took 0ms
16:36:37     INFO - TEST-START | /custom-elements/v0/creating-and-passing-registries/new-registry-test.html
16:36:37     INFO - TEST-SKIP | /custom-elements/v0/creating-and-passing-registries/new-registry-test.html | took 0ms
16:36:37     INFO - TEST-START | /custom-elements/v0/creating-and-passing-registries/no-registry-test.html
16:36:37     INFO - TEST-SKIP | /custom-elements/v0/creating-and-passing-registries/no-registry-test.html | took 0ms
16:36:37     INFO - TEST-START | /custom-elements/v0/creating-and-passing-registries/share-registry-create-document.html
16:36:37     INFO - TEST-SKIP | /custom-elements/v0/creating-and-passing-registries/share-registry-create-document.html | took 0ms
16:36:37     INFO - TEST-START | /custom-elements/v0/creating-and-passing-registries/share-registry-import-document.html
16:36:37     INFO - TEST-SKIP | /custom-elements/v0/creating-and-passing-registries/share-registry-import-document.html | took 0ms
16:36:37     INFO - TEST-START | /custom-elements/v0/custom-element-lifecycle/types-of-callbacks/attached-callback-move-element-test.html
16:36:37     INFO - TEST-SKIP | /custom-elements/v0/custom-element-lifecycle/types-of-callbacks/attached-callback-move-element-test.html | took 0ms
16:36:37     INFO - TEST-START | /custom-elements/v0/custom-element-lifecycle/types-of-callbacks/attached-callback-test.html
16:36:37     INFO - TEST-SKIP | /custom-elements/v0/custom-element-lifecycle/types-of-callbacks/attached-callback-test.html | took 0ms
16:36:37     INFO - TEST-START | /custom-elements/v0/custom-element-lifecycle/types-of-callbacks/attribute-changed-callback-change-attribute-test.html
16:36:37     INFO - TEST-SKIP | /custom-elements/v0/custom-element-lifecycle/types-of-callbacks/attribute-changed-callback-change-attribute-test.html | took 0ms
16:36:37     INFO - TEST-START | /custom-elements/v0/custom-element-lifecycle/types-of-callbacks/attribute-changed-callback-remove-attribute-test.html
16:36:37     INFO - TEST-SKIP | /custom-elements/v0/custom-element-lifecycle/types-of-callbacks/attribute-changed-callback-remove-attribute-test.html | took 0ms
16:36:37     INFO - TEST-START | /custom-elements/v0/custom-element-lifecycle/types-of-callbacks/attribute-changed-callback-set-attribute-test.html
16:36:37     INFO - TEST-SKIP | /custom-elements/v0/custom-element-lifecycle/types-of-callbacks/attribute-changed-callback-set-attribute-test.html | took 0ms
16:36:37     INFO - TEST-START | /custom-elements/v0/custom-element-lifecycle/types-of-callbacks/created-callback-element-prototype-test.html
16:36:37     INFO - TEST-SKIP | /custom-elements/v0/custom-element-lifecycle/types-of-callbacks/created-callback-element-prototype-test.html | took 0ms
16:36:37     INFO - TEST-START | /custom-elements/v0/custom-element-lifecycle/types-of-callbacks/created-callback-invocation-order-test.html
16:36:37     INFO - TEST-SKIP | /custom-elements/v0/custom-element-lifecycle/types-of-callbacks/created-callback-invocation-order-test.html | took 0ms
16:36:37     INFO - TEST-START | /custom-elements/v0/custom-element-lifecycle/types-of-callbacks/created-callback-invocation-test.html
16:36:37     INFO - TEST-SKIP | /custom-elements/v0/custom-element-lifecycle/types-of-callbacks/created-callback-invocation-test.html | took 0ms
16:36:37     INFO - TEST-START | /custom-elements/v0/custom-element-lifecycle/types-of-callbacks/detached-callback-move-element-test.html
16:36:37     INFO - TEST-SKIP | /custom-elements/v0/custom-element-lifecycle/types-of-callbacks/detached-callback-move-element-test.html | took 0ms
16:36:37     INFO - TEST-START | /custom-elements/v0/custom-element-lifecycle/types-of-callbacks/detached-callback-no-browsing-context-test.html
16:36:37     INFO - TEST-SKIP | /custom-elements/v0/custom-element-lifecycle/types-of-callbacks/detached-callback-no-browsing-context-test.html | took 0ms
16:36:37     INFO - TEST-START | /custom-elements/v0/custom-element-lifecycle/types-of-callbacks/detached-callback-with-browsing-context-test.html
16:36:37     INFO - TEST-SKIP | /custom-elements/v0/custom-element-lifecycle/types-of-callbacks/detached-callback-with-browsing-context-test.html | took 0ms
16:36:37     INFO - TEST-START | /custom-elements/v0/registering/definition-construction-algorithm-default-namespace.html
16:36:37     INFO - TEST-SKIP | /custom-elements/v0/registering/definition-construction-algorithm-default-namespace.html | took 0ms
16:36:37     INFO - TEST-START | /custom-elements/v0/registering/definition-construction-algorithm-duplicate-definition.html
16:36:37     INFO - TEST-SKIP | /custom-elements/v0/registering/definition-construction-algorithm-duplicate-definition.html | took 0ms
16:36:37     INFO - TEST-START | /custom-elements/v0/registering/definition-construction-algorithm-invalid-type.html
16:36:37     INFO - TEST-SKIP | /custom-elements/v0/registering/definition-construction-algorithm-invalid-type.html | took 0ms
16:36:37     INFO - TEST-START | /custom-elements/v0/registering/definition-construction-algorithm-local-name-lowercased.html
16:36:37     INFO - TEST-SKIP | /custom-elements/v0/registering/definition-construction-algorithm-local-name-lowercased.html | took 0ms
16:36:37     INFO - TEST-START | /custom-elements/v0/registering/definition-construction-algorithm-name-is-null.html
16:36:37     INFO - TEST-SKIP | /custom-elements/v0/registering/definition-construction-algorithm-name-is-null.html | took 1ms
16:36:37     INFO - TEST-START | /custom-elements/v0/registering/definition-construction-algorithm-no-interface-for-name.html
16:36:37     INFO - TEST-SKIP | /custom-elements/v0/registering/definition-construction-algorithm-no-interface-for-name.html | took 0ms
16:36:37     INFO - TEST-START | /custom-elements/v0/registering/definition-construction-algorithm-svg-namespace-name-is-null.html
16:36:37     INFO - TEST-SKIP | /custom-elements/v0/registering/definition-construction-algorithm-svg-namespace-name-is-null.html | took 0ms
16:36:37     INFO - TEST-START | /custom-elements/v0/registering/definition-construction-algorithm-svg-namespace.html
16:36:37     INFO - TEST-SKIP | /custom-elements/v0/registering/definition-construction-algorithm-svg-namespace.html | took 0ms
16:36:37     INFO - TEST-START | /custom-elements/v0/registering/definition-construction-algorithm-type-name-lowercased.html
16:36:37     INFO - TEST-SKIP | /custom-elements/v0/registering/definition-construction-algorithm-type-name-lowercased.html | took 0ms
16:36:37     INFO - TEST-START | /custom-elements/v0/registering/element-registration-algorithm-no-registry.html
16:36:37     INFO - TEST-SKIP | /custom-elements/v0/registering/element-registration-algorithm-no-registry.html | took 0ms
16:36:37     INFO - TEST-START | /custom-elements/v0/registering/extensions-to-document-interface/custom-element-name.html
16:36:37     INFO - TEST-SKIP | /custom-elements/v0/registering/extensions-to-document-interface/custom-element-name.html | took 0ms
16:36:37     INFO - TEST-START | /custom-elements/v0/registering/extensions-to-document-interface/custom-element-prototype.html
16:36:37     INFO - TEST-SKIP | /custom-elements/v0/registering/extensions-to-document-interface/custom-element-prototype.html | took 0ms
16:36:37     INFO - TEST-START | /custom-elements/v0/registering/unresolved-elements-interface-html-element.html
16:36:37     INFO - TEST-SKIP | /custom-elements/v0/registering/unresolved-elements-interface-html-element.html | took 0ms
16:36:37     INFO - TEST-START | /custom-elements/v0/registering/unresolved-elements-interface-html-unknown-element.html
16:36:37     INFO - TEST-SKIP | /custom-elements/v0/registering/unresolved-elements-interface-html-unknown-element.html | took 0ms
16:36:37     INFO - TEST-START | /custom-elements/v0/registering/unresolved-elements-interface-svg-element.html
16:36:37     INFO - TEST-SKIP | /custom-elements/v0/registering/unresolved-elements-interface-svg-element.html | took 0ms
16:36:37     INFO - TEST-START | /eventsource/format-data-before-final-empty-line.htm
16:36:37     INFO - TEST-SKIP | /eventsource/format-data-before-final-empty-line.htm | took 0ms
16:36:37     INFO - TEST-START | /eventsource/format-field-retry-bogus.htm
16:36:37     INFO - TEST-SKIP | /eventsource/format-field-retry-bogus.htm | took 0ms
16:36:37     INFO - TEST-START | /eventsource/format-field-retry.htm
16:36:37     INFO - TEST-SKIP | /eventsource/format-field-retry.htm | took 0ms
16:36:37     INFO - TEST-START | /mixed-content/blockable/http-csp/cross-origin-http/form-tag/top-level/keep-scheme-redirect/opt-in-blocks.https.html
16:36:37     INFO - TEST-SKIP | /mixed-content/blockable/http-csp/cross-origin-http/form-tag/top-level/keep-scheme-redirect/opt-in-blocks.https.html | took 0ms
16:36:37     INFO - TEST-START | /mixed-content/blockable/http-csp/cross-origin-http/form-tag/top-level/no-redirect/opt-in-blocks.https.html
16:36:37     INFO - TEST-SKIP | /mixed-content/blockable/http-csp/cross-origin-http/form-tag/top-level/no-redirect/opt-in-blocks.https.html | took 0ms
16:36:37     INFO - TEST-START | /mixed-content/blockable/no-opt-in/cross-origin-http/form-tag/top-level/no-redirect/no-opt-in-blocks.https.html
16:36:37     INFO - TEST-SKIP | /mixed-content/blockable/no-opt-in/cross-origin-http/form-tag/top-level/no-redirect/no-opt-in-blocks.https.html | took 0ms
16:36:37     INFO - TEST-START | /mixed-content/blockable/no-opt-in/same-host-http/form-tag/top-level/swap-scheme-redirect/no-opt-in-blocks.https.html
16:36:37     INFO - TEST-SKIP | /mixed-content/blockable/no-opt-in/same-host-http/form-tag/top-level/swap-scheme-redirect/no-opt-in-blocks.https.html | took 0ms
16:36:37     INFO - TEST-START | /referrer-policy/no-referrer-when-downgrade/meta-referrer/same-origin/http-https/img-tag/upgrade-protocol.keep-origin-redirect.http.html
16:36:37     INFO - TEST-SKIP | /referrer-policy/no-referrer-when-downgrade/meta-referrer/same-origin/http-https/img-tag/upgrade-protocol.keep-origin-redirect.http.html | took 0ms
16:36:37     INFO - TEST-START | /referrer-policy/no-referrer-when-downgrade/meta-referrer/same-origin/http-https/img-tag/upgrade-protocol.no-redirect.http.html
16:36:37     INFO - TEST-SKIP | /referrer-policy/no-referrer-when-downgrade/meta-referrer/same-origin/http-https/img-tag/upgrade-protocol.no-redirect.http.html | took 1ms
16:36:37     INFO - TEST-START | /referrer-policy/no-referrer-when-downgrade/meta-referrer/same-origin/http-https/img-tag/upgrade-protocol.swap-origin-redirect.http.html
16:36:37     INFO - TEST-SKIP | /referrer-policy/no-referrer-when-downgrade/meta-referrer/same-origin/http-https/img-tag/upgrade-protocol.swap-origin-redirect.http.html | took 0ms
16:36:37     INFO - TEST-START | /referrer-policy/no-referrer/meta-referrer/same-origin/http-http/img-tag/generic.keep-origin-redirect.http.html
16:36:37     INFO - TEST-SKIP | /referrer-policy/no-referrer/meta-referrer/same-origin/http-http/img-tag/generic.keep-origin-redirect.http.html | took 0ms
16:36:37     INFO - TEST-START | /referrer-policy/no-referrer/meta-referrer/same-origin/http-http/img-tag/generic.no-redirect.http.html
16:36:37     INFO - TEST-SKIP | /referrer-policy/no-referrer/meta-referrer/same-origin/http-http/img-tag/generic.no-redirect.http.html | took 0ms
16:36:37     INFO - TEST-START | /referrer-policy/no-referrer/meta-referrer/same-origin/http-http/img-tag/generic.swap-origin-redirect.http.html
16:36:37     INFO - TEST-SKIP | /referrer-policy/no-referrer/meta-referrer/same-origin/http-http/img-tag/generic.swap-origin-redirect.http.html | took 0ms
16:36:37     INFO - TEST-START | /referrer-policy/unset-referrer-policy/meta-referrer/cross-origin/http-https/img-tag/upgrade-protocol.keep-origin-redirect.http.html
16:36:37     INFO - TEST-SKIP | /referrer-policy/unset-referrer-policy/meta-referrer/cross-origin/http-https/img-tag/upgrade-protocol.keep-origin-redirect.http.html | took 0ms
16:36:37     INFO - TEST-START | /referrer-policy/unset-referrer-policy/meta-referrer/cross-origin/http-https/img-tag/upgrade-protocol.no-redirect.http.html
16:36:37     INFO - TEST-SKIP | /referrer-policy/unset-referrer-policy/meta-referrer/cross-origin/http-https/img-tag/upgrade-protocol.no-redirect.http.html | took 0ms
16:36:37     INFO - TEST-START | /referrer-policy/unset-referrer-policy/meta-referrer/cross-origin/http-https/img-tag/upgrade-protocol.swap-origin-redirect.http.html
16:36:37     INFO - TEST-SKIP | /referrer-policy/unset-referrer-policy/meta-referrer/cross-origin/http-https/img-tag/upgrade-protocol.swap-origin-redirect.http.html | took 0ms
16:36:37     INFO - TEST-START | /webgl/conformance-1.0.3/conformance/context/constants-and-properties.html
16:36:37     INFO - TEST-SKIP | /webgl/conformance-1.0.3/conformance/context/constants-and-properties.html | took 0ms
16:36:37     INFO - TEST-START | /webgl/conformance-1.0.3/conformance/context/context-attribute-preserve-drawing-buffer.html
16:36:37     INFO - TEST-SKIP | /webgl/conformance-1.0.3/conformance/context/context-attribute-preserve-drawing-buffer.html | took 1ms
16:36:37     INFO - TEST-START | /webgl/conformance-1.0.3/conformance/context/context-attributes-alpha-depth-stencil-antialias.html
16:36:37     INFO - TEST-SKIP | /webgl/conformance-1.0.3/conformance/context/context-attributes-alpha-depth-stencil-antialias.html | took 0ms
16:36:37     INFO - TEST-START | /webgl/conformance-1.0.3/conformance/context/context-creation-and-destruction.html
16:36:37     INFO - TEST-SKIP | /webgl/conformance-1.0.3/conformance/context/context-creation-and-destruction.html | took 1ms
16:36:37     INFO - TEST-START | /webgl/conformance-1.0.3/conformance/context/context-creation.html
16:36:37     INFO - TEST-SKIP | /webgl/conformance-1.0.3/conformance/context/context-creation.html | took 0ms
16:36:37     INFO - TEST-START | /webgl/conformance-1.0.3/conformance/context/context-eviction-with-garbage-collection.html
16:36:37     INFO - TEST-SKIP | /webgl/conformance-1.0.3/conformance/context/context-eviction-with-garbage-collection.html | took 0ms
16:36:37     INFO - TEST-START | /webgl/conformance-1.0.3/conformance/context/context-hidden-alpha.html
16:36:37     INFO - TEST-SKIP | /webgl/conformance-1.0.3/conformance/context/context-hidden-alpha.html | took 0ms
16:36:37     INFO - TEST-START | /webgl/conformance-1.0.3/conformance/context/context-lost-restored.html
16:36:37     INFO - TEST-SKIP | /webgl/conformance-1.0.3/conformance/context/context-lost-restored.html | took 0ms
16:36:37     INFO - TEST-START | /webgl/conformance-1.0.3/conformance/context/context-lost.html
16:36:37     INFO - TEST-SKIP | /webgl/conformance-1.0.3/conformance/context/context-lost.html | took 0ms
16:36:37     INFO - TEST-START | /webgl/conformance-1.0.3/conformance/context/context-release-upon-reload.html
16:36:37     INFO - TEST-SKIP | /webgl/conformance-1.0.3/conformance/context/context-release-upon-reload.html | took 1ms
16:36:37     INFO - TEST-START | /webgl/conformance-1.0.3/conformance/context/context-release-with-workers.html
16:36:37     INFO - TEST-SKIP | /webgl/conformance-1.0.3/conformance/context/context-release-with-workers.html | took 0ms
16:36:37     INFO - TEST-START | /webgl/conformance-1.0.3/conformance/context/context-type-test.html
16:36:37     INFO - TEST-SKIP | /webgl/conformance-1.0.3/conformance/context/context-type-test.html | took 0ms
16:36:37     INFO - TEST-START | /webgl/conformance-1.0.3/conformance/context/incorrect-context-object-behaviour.html
16:36:37     INFO - TEST-SKIP | /webgl/conformance-1.0.3/conformance/context/incorrect-context-object-behaviour.html | took 1ms
16:36:37     INFO - TEST-START | /webgl/conformance-1.0.3/conformance/context/methods.html
16:36:37     INFO - TEST-SKIP | /webgl/conformance-1.0.3/conformance/context/methods.html | took 0ms
16:36:37     INFO - TEST-START | /webgl/conformance-1.0.3/conformance/context/premultiplyalpha-test.html
16:36:37     INFO - TEST-SKIP | /webgl/conformance-1.0.3/conformance/context/premultiplyalpha-test.html | took 0ms
16:36:37     INFO - TEST-START | /webgl/conformance-1.0.3/conformance/context/resource-sharing-test.html
16:36:37     INFO - TEST-SKIP | /webgl/conformance-1.0.3/conformance/context/resource-sharing-test.html | took 0ms
16:36:37     INFO - TEST-START | /webgl/conformance-1.0.3/conformance/glsl/variables/gl-fragcoord-xy-values.html
16:36:37     INFO - TEST-SKIP | /webgl/conformance-1.0.3/conformance/glsl/variables/gl-fragcoord-xy-values.html | took 0ms
16:36:37     INFO - TEST-START | /webgl/conformance-1.0.3/conformance/glsl/variables/gl-fragcoord.html
16:36:37     INFO - TEST-SKIP | /webgl/conformance-1.0.3/conformance/glsl/variables/gl-fragcoord.html | took 0ms
16:36:37     INFO - TEST-START | /webgl/conformance-1.0.3/conformance/glsl/variables/gl-fragdata-and-fragcolor.html
16:36:37     INFO - TEST-SKIP | /webgl/conformance-1.0.3/conformance/glsl/variables/gl-fragdata-and-fragcolor.html | took 0ms
16:36:37     INFO - TEST-START | /webgl/conformance-1.0.3/conformance/glsl/variables/gl-frontfacing.html
16:36:37     INFO - TEST-SKIP | /webgl/conformance-1.0.3/conformance/glsl/variables/gl-frontfacing.html | took 0ms
16:36:37     INFO - TEST-START | /webgl/conformance-1.0.3/conformance/glsl/variables/gl-pointcoord.html
16:36:37     INFO - TEST-SKIP | /webgl/conformance-1.0.3/conformance/glsl/variables/gl-pointcoord.html | took 0ms
16:36:37     INFO - TEST-START | /webgl/conformance-1.0.3/conformance/glsl/variables/glsl-built-ins.html
16:36:37     INFO - TEST-SKIP | /webgl/conformance-1.0.3/conformance/glsl/variables/glsl-built-ins.html | took 0ms
16:36:37     INFO - TEST-START | /webgl/conformance-1.0.3/conformance/misc/bad-arguments-test.html
16:36:37     INFO - TEST-SKIP | /webgl/conformance-1.0.3/conformance/misc/bad-arguments-test.html | took 0ms
16:36:37     INFO - TEST-START | /webgl/conformance-1.0.3/conformance/misc/boolean-argument-conversion.html
16:36:37     INFO - TEST-SKIP | /webgl/conformance-1.0.3/conformance/misc/boolean-argument-conversion.html | took 0ms
16:36:37     INFO - TEST-START | /webgl/conformance-1.0.3/conformance/misc/delayed-drawing.html
16:36:37     INFO - TEST-SKIP | /webgl/conformance-1.0.3/conformance/misc/delayed-drawing.html | took 0ms
16:36:37     INFO - TEST-START | /webgl/conformance-1.0.3/conformance/misc/error-reporting.html
16:36:37     INFO - TEST-SKIP | /webgl/conformance-1.0.3/conformance/misc/error-reporting.html | took 0ms
16:36:37     INFO - TEST-START | /webgl/conformance-1.0.3/conformance/misc/functions-returning-strings.html
16:36:37     INFO - TEST-SKIP | /webgl/conformance-1.0.3/conformance/misc/functions-returning-strings.html | took 0ms
16:36:37     INFO - TEST-START | /webgl/conformance-1.0.3/conformance/misc/instanceof-test.html
16:36:37     INFO - TEST-SKIP | /webgl/conformance-1.0.3/conformance/misc/instanceof-test.html | took 0ms
16:36:37     INFO - TEST-START | /webgl/conformance-1.0.3/conformance/misc/invalid-passed-params.html
16:36:37     INFO - TEST-SKIP | /webgl/conformance-1.0.3/conformance/misc/invalid-passed-params.html | took 1ms
16:36:37     INFO - TEST-START | /webgl/conformance-1.0.3/conformance/misc/is-object.html
16:36:37     INFO - TEST-SKIP | /webgl/conformance-1.0.3/conformance/misc/is-object.html | took 0ms
16:36:37     INFO - TEST-START | /webgl/conformance-1.0.3/conformance/misc/null-object-behaviour.html
16:36:37     INFO - TEST-SKIP | /webgl/conformance-1.0.3/conformance/misc/null-object-behaviour.html | took 0ms
16:36:37     INFO - TEST-START | /webgl/conformance-1.0.3/conformance/misc/object-deletion-behaviour.html
16:36:37     INFO - TEST-SKIP | /webgl/conformance-1.0.3/conformance/misc/object-deletion-behaviour.html | took 1ms
16:36:37     INFO - TEST-START | /webgl/conformance-1.0.3/conformance/misc/shader-precision-format.html
16:36:37     INFO - TEST-SKIP | /webgl/conformance-1.0.3/conformance/misc/shader-precision-format.html | took 0ms
16:36:37     INFO - TEST-START | /webgl/conformance-1.0.3/conformance/misc/type-conversion-test.html
16:36:37     INFO - TEST-SKIP | /webgl/conformance-1.0.3/conformance/misc/type-conversion-test.html | took 0ms
16:36:37     INFO - TEST-START | /webgl/conformance-1.0.3/conformance/misc/uninitialized-test.html
16:36:37     INFO - TEST-SKIP | /webgl/conformance-1.0.3/conformance/misc/uninitialized-test.html | took 0ms
16:36:37     INFO - TEST-START | /webgl/conformance-1.0.3/conformance/misc/webgl-specific.html
16:36:37     INFO - TEST-SKIP | /webgl/conformance-1.0.3/conformance/misc/webgl-specific.html | took 0ms
16:36:37     INFO - TEST-START | /webgl/conformance-1.0.3/conformance/more/glsl/arrayOutOfBounds.html
16:36:37     INFO - TEST-SKIP | /webgl/conformance-1.0.3/conformance/more/glsl/arrayOutOfBounds.html | took 0ms
16:36:37     INFO - TEST-START | /webgl/conformance-1.0.3/conformance/more/glsl/uniformOutOfBounds.html
16:36:37     INFO - TEST-SKIP | /webgl/conformance-1.0.3/conformance/more/glsl/uniformOutOfBounds.html | took 1ms
16:36:37     INFO - TEST-START | /webgl/conformance-1.0.3/conformance/ogles/GL/cross/cross_001_to_002.html
16:36:37     INFO - TEST-SKIP | /webgl/conformance-1.0.3/conformance/ogles/GL/cross/cross_001_to_002.html | took 0ms
16:36:37     INFO - TEST-START | /webgl/conformance-1.0.3/conformance/ogles/GL/degrees/degrees_001_to_006.html
16:36:37     INFO - TEST-SKIP | /webgl/conformance-1.0.3/conformance/ogles/GL/degrees/degrees_001_to_006.html | took 0ms
16:36:37     INFO - TEST-START | /webgl/conformance-1.0.3/conformance/ogles/GL/pow/pow_001_to_008.html
16:36:37     INFO - TEST-SKIP | /webgl/conformance-1.0.3/conformance/ogles/GL/pow/pow_001_to_008.html | took 0ms
16:36:37     INFO - TEST-START | /webgl/conformance-1.0.3/conformance/ogles/GL/pow/pow_009_to_016.html
16:36:37     INFO - TEST-SKIP | /webgl/conformance-1.0.3/conformance/ogles/GL/pow/pow_009_to_016.html | took 0ms
16:36:37     INFO - TEST-START | /webgl/conformance-1.0.3/conformance/ogles/GL/pow/pow_017_to_024.html
16:36:37     INFO - TEST-SKIP | /webgl/conformance-1.0.3/conformance/ogles/GL/pow/pow_017_to_024.html | took 0ms
16:36:37     INFO - TEST-START | /webgl/conformance-1.0.3/conformance/ogles/GL/reflect/reflect_001_to_006.html
16:36:37     INFO - TEST-SKIP | /webgl/conformance-1.0.3/conformance/ogles/GL/reflect/reflect_001_to_006.html | took 0ms
16:36:37     INFO - TEST-START | /webgl/conformance-1.0.3/conformance/ogles/GL/sqrt/sqrt_001_to_006.html
16:36:37     INFO - TEST-SKIP | /webgl/conformance-1.0.3/conformance/ogles/GL/sqrt/sqrt_001_to_006.html | took 0ms
16:36:37     INFO - TEST-START | /webgl/conformance-1.0.3/conformance/programs/get-active-test.html
16:36:37     INFO - TEST-SKIP | /webgl/conformance-1.0.3/conformance/programs/get-active-test.html | took 0ms
16:36:37     INFO - TEST-START | /webgl/conformance-1.0.3/conformance/programs/gl-bind-attrib-location-long-names-test.html
16:36:37     INFO - TEST-SKIP | /webgl/conformance-1.0.3/conformance/programs/gl-bind-attrib-location-long-names-test.html | took 0ms
16:36:37     INFO - TEST-START | /webgl/conformance-1.0.3/conformance/programs/gl-bind-attrib-location-test.html
16:36:37     INFO - TEST-SKIP | /webgl/conformance-1.0.3/conformance/programs/gl-bind-attrib-location-test.html | took 0ms
16:36:37     INFO - TEST-START | /webgl/conformance-1.0.3/conformance/programs/gl-get-active-attribute.html
16:36:37     INFO - TEST-SKIP | /webgl/conformance-1.0.3/conformance/programs/gl-get-active-attribute.html | took 0ms
16:36:37     INFO - TEST-START | /webgl/conformance-1.0.3/conformance/programs/gl-get-active-uniform.html
16:36:37     INFO - TEST-SKIP | /webgl/conformance-1.0.3/conformance/programs/gl-get-active-uniform.html | took 0ms
16:36:37     INFO - TEST-START | /webgl/conformance-1.0.3/conformance/programs/gl-getshadersource.html
16:36:37     INFO - TEST-SKIP | /webgl/conformance-1.0.3/conformance/programs/gl-getshadersource.html | took 9ms
16:36:37     INFO - TEST-START | /webgl/conformance-1.0.3/conformance/programs/gl-shader-test.html
16:36:37     INFO - TEST-SKIP | /webgl/conformance-1.0.3/conformance/programs/gl-shader-test.html | took 0ms
16:36:37     INFO - TEST-START | /webgl/conformance-1.0.3/conformance/programs/invalid-UTF-16.html
16:36:37     INFO - TEST-SKIP | /webgl/conformance-1.0.3/conformance/programs/invalid-UTF-16.html | took 0ms
16:36:37     INFO - TEST-START | /webgl/conformance-1.0.3/conformance/programs/program-test.html
16:36:37     INFO - TEST-SKIP | /webgl/conformance-1.0.3/conformance/programs/program-test.html | took 0ms
16:36:37     INFO - TEST-START | /webgl/conformance-1.0.3/conformance/programs/use-program-crash-with-discard-in-fragment-shader.html
16:36:37     INFO - TEST-SKIP | /webgl/conformance-1.0.3/conformance/programs/use-program-crash-with-discard-in-fragment-shader.html | took 0ms
16:36:37     INFO - Setting up ssl
16:36:37     INFO - PROCESS | certutil | 
16:36:37     INFO - PROCESS | certutil | 
16:36:37     INFO - PROCESS | certutil | 
16:36:37     INFO - Certificate Nickname                                         Trust Attributes
16:36:37     INFO -                                                              SSL,S/MIME,JAR/XPI
16:36:37     INFO - 
16:36:37     INFO - web-platform-tests                                           CT,, 
16:36:37     INFO - 
16:36:37     INFO - Application command: /builds/slave/test/build/application/NightlyDebug.app/Contents/MacOS/firefox --marionette about:blank -foreground -profile /var/folders/6x/zcbmlx5j3q1bhs5fd8m32ryr00000w/T/tmpqtFCU7.mozrunner
16:36:37     INFO - Starting runner
16:36:39     INFO - PROCESS | 1827 | ++DOCSHELL 0x1254b1000 == 1 [pid = 1827] [id = 1]
16:36:39     INFO - PROCESS | 1827 | ++DOMWINDOW == 1 (0x1254b1800) [pid = 1827] [serial = 1] [outer = 0x0]
16:36:39     INFO - PROCESS | 1827 | ++DOMWINDOW == 2 (0x1254b2800) [pid = 1827] [serial = 2] [outer = 0x1254b1800]
16:36:39     INFO - PROCESS | 1827 | 1528500999716	Marionette	INFO	Listening on port 2828
16:36:40     INFO - PROCESS | 1827 | ++DOCSHELL 0x128211000 == 2 [pid = 1827] [id = 2]
16:36:40     INFO - PROCESS | 1827 | ++DOMWINDOW == 3 (0x128211800) [pid = 1827] [serial = 3] [outer = 0x0]
16:36:40     INFO - PROCESS | 1827 | ++DOMWINDOW == 4 (0x128212800) [pid = 1827] [serial = 4] [outer = 0x128211800]
16:36:40     INFO - PROCESS | 1827 | [1827] WARNING: attempt to modify an immutable nsStandardURL: file /builds/slave/m-esr52-m64-d-0000000000000000/build/src/netwerk/base/nsStandardURL.cpp, line 1573
16:36:40     INFO - PROCESS | 1827 | [1827] WARNING: attempt to modify an immutable nsStandardURL: file /builds/slave/m-esr52-m64-d-0000000000000000/build/src/netwerk/base/nsStandardURL.cpp, line 1573
16:36:40     INFO - PROCESS | 1827 | [1827] WARNING: Failed to retarget HTML data delivery to the parser thread.: file /builds/slave/m-esr52-m64-d-0000000000000000/build/src/parser/html/nsHtml5StreamParser.cpp, line 970
16:36:41     INFO - PROCESS | 1827 | ++DOCSHELL 0x12b920000 == 3 [pid = 1827] [id = 3]
16:36:41     INFO - PROCESS | 1827 | ++DOMWINDOW == 5 (0x12b921000) [pid = 1827] [serial = 5] [outer = 0x0]
16:36:41     INFO - PROCESS | 1827 | ++DOCSHELL 0x12b804000 == 4 [pid = 1827] [id = 4]
16:36:41     INFO - PROCESS | 1827 | ++DOMWINDOW == 6 (0x12b804800) [pid = 1827] [serial = 6] [outer = 0x0]
16:36:41     INFO - PROCESS | 1827 | ++DOCSHELL 0x12c70f800 == 5 [pid = 1827] [id = 5]
16:36:41     INFO - PROCESS | 1827 | ++DOMWINDOW == 7 (0x12c710000) [pid = 1827] [serial = 7] [outer = 0x0]
16:36:41     INFO - PROCESS | 1827 | ++DOMWINDOW == 8 (0x12c724000) [pid = 1827] [serial = 8] [outer = 0x12c710000]
16:36:41     INFO - PROCESS | 1827 | ++DOMWINDOW == 9 (0x12d986800) [pid = 1827] [serial = 9] [outer = 0x12b921000]
16:36:41     INFO - PROCESS | 1827 | ++DOMWINDOW == 10 (0x12d989800) [pid = 1827] [serial = 10] [outer = 0x12b804800]
16:36:41     INFO - PROCESS | 1827 | ++DOMWINDOW == 11 (0x12d98d800) [pid = 1827] [serial = 11] [outer = 0x12c710000]
16:36:42     INFO - PROCESS | 1827 | ++DOMWINDOW == 12 (0x12ca3b000) [pid = 1827] [serial = 12] [outer = 0x12c710000]
16:36:42     INFO - PROCESS | 1827 | [1827] WARNING: Could not get disk status from nsIDiskSpaceWatcher: file /builds/slave/m-esr52-m64-d-0000000000000000/build/src/uriloader/prefetch/nsOfflineCacheUpdateService.cpp, line 283
16:36:42     INFO - PROCESS | 1827 | ++DOMWINDOW == 13 (0x13035b000) [pid = 1827] [serial = 13] [outer = 0x12c710000]
16:36:43     INFO - TEST-START | /2dcontext/image-smoothing/imagesmoothing.html
16:36:43     INFO - PROCESS | 1827 | ++DOCSHELL 0x13078d800 == 6 [pid = 1827] [id = 6]
16:36:43     INFO - PROCESS | 1827 | ++DOMWINDOW == 14 (0x13078e000) [pid = 1827] [serial = 14] [outer = 0x0]
16:36:43     INFO - PROCESS | 1827 | ++DOMWINDOW == 15 (0x130792000) [pid = 1827] [serial = 15] [outer = 0x13078e000]
16:36:43     INFO - PROCESS | 1827 | ++DOMWINDOW == 16 (0x130c42000) [pid = 1827] [serial = 16] [outer = 0x13078e000]
16:36:43     INFO - PROCESS | 1827 | Exported SkiaGL extensions: GL_ARB_framebuffer_object GL_ARB_texture_rg GL_EXT_packed_depth_stencil GL_EXT_bgra
16:36:43     INFO - PROCESS | 1827 | Determined SkiaGL cache limits: Size 1073741824, Items: 256
16:36:43     INFO - PROCESS | 1827 | ++DOCSHELL 0x130e19000 == 7 [pid = 1827] [id = 7]
16:36:43     INFO - PROCESS | 1827 | ++DOMWINDOW == 17 (0x130e19800) [pid = 1827] [serial = 17] [outer = 0x0]
16:36:43     INFO - PROCESS | 1827 | ++DOMWINDOW == 18 (0x130e1d800) [pid = 1827] [serial = 18] [outer = 0x130e19800]
16:36:43     INFO - PROCESS | 1827 | ++DOMWINDOW == 19 (0x131474800) [pid = 1827] [serial = 19] [outer = 0x130e19800]
16:36:43     INFO - .........
16:36:43     INFO - TEST-OK | /2dcontext/image-smoothing/imagesmoothing.html | took 584ms
16:36:43     INFO - TEST-START | /WebCryptoAPI/generateKey/failures.worker
16:36:44     INFO - PROCESS | 1827 | ++DOCSHELL 0x131f25000 == 8 [pid = 1827] [id = 8]
16:36:44     INFO - PROCESS | 1827 | ++DOMWINDOW == 20 (0x131f25800) [pid = 1827] [serial = 20] [outer = 0x0]
16:36:44     INFO - PROCESS | 1827 | ++DOMWINDOW == 21 (0x131f29000) [pid = 1827] [serial = 21] [outer = 0x131f25800]
16:36:44     INFO - PROCESS | 1827 | ++DOMWINDOW == 22 (0x131f3a800) [pid = 1827] [serial = 22] [outer = 0x131f25800]
16:36:44     INFO - PROCESS | 1827 | [1827] WARNING: Failed to retarget HTML data delivery to the parser thread.: file /builds/slave/m-esr52-m64-d-0000000000000000/build/src/parser/html/nsHtml5StreamParser.cpp, line 970
16:36:47     INFO - PROCESS | 1827 | ++DOCSHELL 0x13237b000 == 9 [pid = 1827] [id = 9]
16:36:47     INFO - PROCESS | 1827 | ++DOMWINDOW == 23 (0x13237c000) [pid = 1827] [serial = 23] [outer = 0x0]
16:36:47     INFO - PROCESS | 1827 | ++DOMWINDOW == 24 (0x13237d000) [pid = 1827] [serial = 24] [outer = 0x13237c000]
16:36:47     INFO - PROCESS | 1827 | ++DOMWINDOW == 25 (0x132380800) [pid = 1827] [serial = 25] [outer = 0x13237c000]
16:36:47     INFO - PROCESS | 1827 | ++DOCSHELL 0x128f8e800 == 10 [pid = 1827] [id = 10]
16:36:47     INFO - PROCESS | 1827 | ++DOMWINDOW == 26 (0x129660800) [pid = 1827] [serial = 26] [outer = 0x0]
16:36:47     INFO - PROCESS | 1827 | ++DOMWINDOW == 27 (0x13238d000) [pid = 1827] [serial = 27] [outer = 0x129660800]
16:36:47     INFO - PROCESS | 1827 | ++DOMWINDOW == 28 (0x1323a7800) [pid = 1827] [serial = 28] [outer = 0x129660800]
16:36:51     INFO - PROCESS | 1827 | --DOCSHELL 0x13078d800 == 9 [pid = 1827] [id = 6]
16:36:57     INFO - PROCESS | 1827 | --DOMWINDOW == 27 (0x13078e000) [pid = 1827] [serial = 14] [outer = 0x0] [url = http://web-platform.test:8000/2dcontext/image-smoothing/imagesmoothing.html]
16:37:03     INFO - PROCESS | 1827 | --DOMWINDOW == 26 (0x13238d000) [pid = 1827] [serial = 27] [outer = 0x0] [url = about:blank]
16:37:03     INFO - PROCESS | 1827 | --DOMWINDOW == 25 (0x130e1d800) [pid = 1827] [serial = 18] [outer = 0x0] [url = about:blank]
16:37:03     INFO - PROCESS | 1827 | --DOMWINDOW == 24 (0x12c724000) [pid = 1827] [serial = 8] [outer = 0x0] [url = about:blank]
16:37:03     INFO - PROCESS | 1827 | --DOMWINDOW == 23 (0x130c42000) [pid = 1827] [serial = 16] [outer = 0x0] [url = about:blank]
16:37:03     INFO - PROCESS | 1827 | --DOMWINDOW == 22 (0x130792000) [pid = 1827] [serial = 15] [outer = 0x0] [url = about:blank]
16:37:03     INFO - PROCESS | 1827 | --DOMWINDOW == 21 (0x131f29000) [pid = 1827] [serial = 21] [outer = 0x0] [url = about:blank]
16:37:03     INFO - PROCESS | 1827 | --DOMWINDOW == 20 (0x13237d000) [pid = 1827] [serial = 24] [outer = 0x0] [url = about:blank]
16:37:03     INFO - PROCESS | 1827 | --DOMWINDOW == 19 (0x12ca3b000) [pid = 1827] [serial = 12] [outer = 0x0] [url = about:blank]
16:37:10     INFO - PROCESS | 1827 | --DOMWINDOW == 18 (0x12d98d800) [pid = 1827] [serial = 11] [outer = 0x0] [url = about:blank]
16:37:14     INFO - PROCESS | 1827 | MARIONETTE LOG: INFO: Timeout fired
16:37:14     INFO - TEST-ERROR | /WebCryptoAPI/generateKey/failures.worker | took 30398ms
16:37:14     INFO - TEST-START | /WebCryptoAPI/generateKey/failures_AES-CBC.worker
16:37:14     INFO - PROCESS | 1827 | ++DOCSHELL 0x11da55000 == 10 [pid = 1827] [id = 11]
16:37:14     INFO - PROCESS | 1827 | ++DOMWINDOW == 19 (0x11da55800) [pid = 1827] [serial = 29] [outer = 0x0]
16:37:14     INFO - PROCESS | 1827 | ++DOMWINDOW == 20 (0x11da5a800) [pid = 1827] [serial = 30] [outer = 0x11da55800]
16:37:14     INFO - PROCESS | 1827 | ++DOMWINDOW == 21 (0x11dc1b000) [pid = 1827] [serial = 31] [outer = 0x11da55800]
16:37:14     INFO - PROCESS | 1827 | [1827] WARNING: Failed to retarget HTML data delivery to the parser thread.: file /builds/slave/m-esr52-m64-d-0000000000000000/build/src/parser/html/nsHtml5StreamParser.cpp, line 970
16:37:17     INFO - PROCESS | 1827 | ++DOMWINDOW == 22 (0x11e41d000) [pid = 1827] [serial = 32] [outer = 0x129660800]
16:37:22     INFO - PROCESS | 1827 | --DOCSHELL 0x131f25000 == 9 [pid = 1827] [id = 8]
16:37:24     INFO - PROCESS | 1827 | --DOMWINDOW == 21 (0x131f25800) [pid = 1827] [serial = 20] [outer = 0x0] [url = http://web-platform.test:8000/WebCryptoAPI/generateKey/failures.worker]
16:37:29     INFO - PROCESS | 1827 | --DOMWINDOW == 20 (0x131f3a800) [pid = 1827] [serial = 22] [outer = 0x0] [url = about:blank]
16:37:29     INFO - PROCESS | 1827 | --DOMWINDOW == 19 (0x11da5a800) [pid = 1827] [serial = 30] [outer = 0x0] [url = about:blank]
16:37:29     INFO - PROCESS | 1827 | --DOMWINDOW == 18 (0x1323a7800) [pid = 1827] [serial = 28] [outer = 0x0] [url = about:neterror?e=dnsNotFound&u=https%3A//%25%28server%29s/selfsupport-dummy/&c=UTF-8&f=regular&d=Firefox%20can%E2%80%99t%20find%20the%20server%20at%20%25%28server%29s.]
16:38:17     INFO - PROCESS | 1827 | ++DOMWINDOW == 19 (0x11dc04800) [pid = 1827] [serial = 33] [outer = 0x129660800]
16:38:36     INFO - PROCESS | 1827 | --DOMWINDOW == 18 (0x11e41d000) [pid = 1827] [serial = 32] [outer = 0x0] [url = about:neterror?e=dnsNotFound&u=https%3A//%25%28server%29s/selfsupport-dummy/&c=UTF-8&f=regular&d=Firefox%20can%E2%80%99t%20find%20the%20server%20at%20%25%28server%29s.]
16:39:47     INFO - PROCESS | 1827 | ++DOMWINDOW == 19 (0x11e4e3000) [pid = 1827] [serial = 34] [outer = 0x129660800]
16:40:04     INFO - PROCESS | 1827 | --DOMWINDOW == 18 (0x11dc04800) [pid = 1827] [serial = 33] [outer = 0x0] [url = about:neterror?e=dnsNotFound&u=https%3A//%25%28server%29s/selfsupport-dummy/&c=UTF-8&f=regular&d=Firefox%20can%E2%80%99t%20find%20the%20server%20at%20%25%28server%29s.]
16:40:14     INFO - PROCESS | 1827 | MARIONETTE LOG: INFO: Timeout fired
16:40:14     INFO - TEST-ERROR | /WebCryptoAPI/generateKey/failures_AES-CBC.worker | took 180313ms
16:40:14     INFO - TEST-START | /WebCryptoAPI/generateKey/failures_AES-CTR.worker
16:40:14     INFO - PROCESS | 1827 | ++DOCSHELL 0x125419800 == 10 [pid = 1827] [id = 12]
16:40:14     INFO - PROCESS | 1827 | ++DOMWINDOW == 19 (0x12541a000) [pid = 1827] [serial = 35] [outer = 0x0]
16:40:14     INFO - PROCESS | 1827 | ++DOMWINDOW == 20 (0x1254b0000) [pid = 1827] [serial = 36] [outer = 0x12541a000]
16:40:14     INFO - PROCESS | 1827 | ++DOMWINDOW == 21 (0x1276b2000) [pid = 1827] [serial = 37] [outer = 0x12541a000]
16:40:14     INFO - PROCESS | 1827 | [1827] WARNING: Failed to retarget HTML data delivery to the parser thread.: file /builds/slave/m-esr52-m64-d-0000000000000000/build/src/parser/html/nsHtml5StreamParser.cpp, line 970
16:40:24     INFO - PROCESS | 1827 | --DOCSHELL 0x11da55000 == 9 [pid = 1827] [id = 11]
16:40:26     INFO - PROCESS | 1827 | --DOMWINDOW == 20 (0x11da55800) [pid = 1827] [serial = 29] [outer = 0x0] [url = http://web-platform.test:8000/WebCryptoAPI/generateKey/failures_AES-CBC.worker]
16:40:31     INFO - PROCESS | 1827 | --DOMWINDOW == 19 (0x11dc1b000) [pid = 1827] [serial = 31] [outer = 0x0] [url = about:blank]
16:40:31     INFO - PROCESS | 1827 | --DOMWINDOW == 18 (0x1254b0000) [pid = 1827] [serial = 36] [outer = 0x0] [url = about:blank]
16:41:47     INFO - PROCESS | 1827 | ++DOMWINDOW == 19 (0x11c291800) [pid = 1827] [serial = 38] [outer = 0x129660800]
16:42:08     INFO - PROCESS | 1827 | --DOMWINDOW == 18 (0x11e4e3000) [pid = 1827] [serial = 34] [outer = 0x0] [url = about:neterror?e=dnsNotFound&u=https%3A//%25%28server%29s/selfsupport-dummy/&c=UTF-8&f=regular&d=Firefox%20can%E2%80%99t%20find%20the%20server%20at%20%25%28server%29s.]
16:43:14     INFO - PROCESS | 1827 | MARIONETTE LOG: INFO: Timeout fired
16:43:14     INFO - TEST-ERROR | /WebCryptoAPI/generateKey/failures_AES-CTR.worker | took 180308ms
16:43:14     INFO - TEST-START | /WebCryptoAPI/generateKey/failures_AES-GCM.worker
16:43:14     INFO - PROCESS | 1827 | ++DOCSHELL 0x125419000 == 10 [pid = 1827] [id = 13]
16:43:14     INFO - PROCESS | 1827 | ++DOMWINDOW == 19 (0x12541c800) [pid = 1827] [serial = 39] [outer = 0x0]
16:43:15     INFO - PROCESS | 1827 | ++DOMWINDOW == 20 (0x1254c7800) [pid = 1827] [serial = 40] [outer = 0x12541c800]
16:43:15     INFO - PROCESS | 1827 | ++DOMWINDOW == 21 (0x127d06800) [pid = 1827] [serial = 41] [outer = 0x12541c800]
16:43:15     INFO - PROCESS | 1827 | [1827] WARNING: Failed to retarget HTML data delivery to the parser thread.: file /builds/slave/m-esr52-m64-d-0000000000000000/build/src/parser/html/nsHtml5StreamParser.cpp, line 970
16:43:22     INFO - PROCESS | 1827 | --DOCSHELL 0x125419800 == 9 [pid = 1827] [id = 12]
16:43:24     INFO - PROCESS | 1827 | --DOMWINDOW == 20 (0x12541a000) [pid = 1827] [serial = 35] [outer = 0x0] [url = http://web-platform.test:8000/WebCryptoAPI/generateKey/failures_AES-CTR.worker]
16:43:29     INFO - PROCESS | 1827 | --DOMWINDOW == 19 (0x1276b2000) [pid = 1827] [serial = 37] [outer = 0x0] [url = about:blank]
16:43:29     INFO - PROCESS | 1827 | --DOMWINDOW == 18 (0x1254c7800) [pid = 1827] [serial = 40] [outer = 0x0] [url = about:blank]
16:44:17     INFO - PROCESS | 1827 | --DOCSHELL 0x13237b000 == 8 [pid = 1827] [id = 9]
16:44:27     INFO - PROCESS | 1827 | --DOCSHELL 0x128f8e800 == 7 [pid = 1827] [id = 10]
16:44:33     INFO - PROCESS | 1827 | --DOMWINDOW == 17 (0x129660800) [pid = 1827] [serial = 26] [outer = 0x0] [url = about:neterror?e=dnsNotFound&u=https%3A//%25%28server%29s/selfsupport-dummy/&c=UTF-8&f=regular&d=Firefox%20can%E2%80%99t%20find%20the%20server%20at%20%25%28server%29s.]
16:44:33     INFO - PROCESS | 1827 | --DOMWINDOW == 16 (0x13237c000) [pid = 1827] [serial = 23] [outer = 0x0] [url = data:application/vnd.mozilla.xul+xml;charset=utf-8,<window%20id='win'/>]
16:44:38     INFO - PROCESS | 1827 | --DOMWINDOW == 15 (0x11c291800) [pid = 1827] [serial = 38] [outer = 0x0] [url = about:neterror?e=dnsNotFound&u=https%3A//%25%28server%29s/selfsupport-dummy/&c=UTF-8&f=regular&d=Firefox%20can%E2%80%99t%20find%20the%20server%20at%20%25%28server%29s.]
16:44:38     INFO - PROCESS | 1827 | --DOMWINDOW == 14 (0x132380800) [pid = 1827] [serial = 25] [outer = 0x0] [url = data:application/vnd.mozilla.xul+xml;charset=utf-8,<window%20id='win'/>]
16:46:15     INFO - PROCESS | 1827 | MARIONETTE LOG: INFO: Timeout fired
16:46:15     INFO - TEST-ERROR | /WebCryptoAPI/generateKey/failures_AES-GCM.worker | took 180294ms
16:46:15     INFO - TEST-START | /WebCryptoAPI/generateKey/failures_AES-KW.worker
16:46:15     INFO - PROCESS | 1827 | ++DOCSHELL 0x11da52800 == 8 [pid = 1827] [id = 14]
16:46:15     INFO - PROCESS | 1827 | ++DOMWINDOW == 15 (0x11da53000) [pid = 1827] [serial = 42] [outer = 0x0]
16:46:15     INFO - PROCESS | 1827 | ++DOMWINDOW == 16 (0x11dc08000) [pid = 1827] [serial = 43] [outer = 0x11da53000]
16:46:15     INFO - PROCESS | 1827 | ++DOMWINDOW == 17 (0x125422800) [pid = 1827] [serial = 44] [outer = 0x11da53000]
16:46:15     INFO - PROCESS | 1827 | [1827] WARNING: Failed to retarget HTML data delivery to the parser thread.: file /builds/slave/m-esr52-m64-d-0000000000000000/build/src/parser/html/nsHtml5StreamParser.cpp, line 970
16:46:24     INFO - PROCESS | 1827 | --DOCSHELL 0x125419000 == 7 [pid = 1827] [id = 13]
16:46:27     INFO - PROCESS | 1827 | --DOMWINDOW == 16 (0x12541c800) [pid = 1827] [serial = 39] [outer = 0x0] [url = http://web-platform.test:8000/WebCryptoAPI/generateKey/failures_AES-GCM.worker]
16:46:32     INFO - PROCESS | 1827 | --DOMWINDOW == 15 (0x127d06800) [pid = 1827] [serial = 41] [outer = 0x0] [url = about:blank]
16:46:32     INFO - PROCESS | 1827 | --DOMWINDOW == 14 (0x11dc08000) [pid = 1827] [serial = 43] [outer = 0x0] [url = about:blank]
16:47:09     INFO - PROCESS | 1827 | *************************
16:47:09     INFO - PROCESS | 1827 | A coding exception was thrown and uncaught in a Task.
16:47:09     INFO - PROCESS | 1827 | 
16:47:09     INFO - PROCESS | 1827 | Full message: TypeError: NetworkError when attempting to fetch resource.
16:47:09     INFO - PROCESS | 1827 | Full stack:
16:47:09     INFO - PROCESS | 1827 | *************************
16:49:15     INFO - PROCESS | 1827 | MARIONETTE LOG: INFO: Timeout fired
16:49:15     INFO - TEST-ERROR | /WebCryptoAPI/generateKey/failures_AES-KW.worker | took 180278ms
16:49:15     INFO - TEST-START | /WebCryptoAPI/generateKey/failures_ECDH.worker
16:49:15     INFO - PROCESS | 1827 | ++DOCSHELL 0x1276b3000 == 8 [pid = 1827] [id = 15]
16:49:15     INFO - PROCESS | 1827 | ++DOMWINDOW == 15 (0x1276b3800) [pid = 1827] [serial = 45] [outer = 0x0]
16:49:15     INFO - PROCESS | 1827 | ++DOMWINDOW == 16 (0x1276bb000) [pid = 1827] [serial = 46] [outer = 0x1276b3800]
16:49:15     INFO - PROCESS | 1827 | ++DOMWINDOW == 17 (0x127d14000) [pid = 1827] [serial = 47] [outer = 0x1276b3800]
16:49:15     INFO - PROCESS | 1827 | [1827] WARNING: Failed to retarget HTML data delivery to the parser thread.: file /builds/slave/m-esr52-m64-d-0000000000000000/build/src/parser/html/nsHtml5StreamParser.cpp, line 970
16:49:25     INFO - PROCESS | 1827 | --DOCSHELL 0x11da52800 == 7 [pid = 1827] [id = 14]
16:49:31     INFO - PROCESS | 1827 | --DOMWINDOW == 16 (0x11da53000) [pid = 1827] [serial = 42] [outer = 0x0] [url = http://web-platform.test:8000/WebCryptoAPI/generateKey/failures_AES-KW.worker]
16:49:36     INFO - PROCESS | 1827 | --DOMWINDOW == 15 (0x125422800) [pid = 1827] [serial = 44] [outer = 0x0] [url = about:blank]
16:49:36     INFO - PROCESS | 1827 | --DOMWINDOW == 14 (0x1276bb000) [pid = 1827] [serial = 46] [outer = 0x0] [url = about:blank]
16:52:15     INFO - PROCESS | 1827 | MARIONETTE LOG: INFO: Timeout fired
16:52:15     INFO - TEST-ERROR | /WebCryptoAPI/generateKey/failures_ECDH.worker | took 180285ms
16:52:15     INFO - TEST-START | /WebCryptoAPI/generateKey/failures_ECDSA.worker
16:52:15     INFO - PROCESS | 1827 | ++DOCSHELL 0x125412000 == 8 [pid = 1827] [id = 16]
16:52:15     INFO - PROCESS | 1827 | ++DOMWINDOW == 15 (0x125414000) [pid = 1827] [serial = 48] [outer = 0x0]
16:52:15     INFO - PROCESS | 1827 | ++DOMWINDOW == 16 (0x12541d800) [pid = 1827] [serial = 49] [outer = 0x125414000]
16:52:15     INFO - PROCESS | 1827 | ++DOMWINDOW == 17 (0x12791d800) [pid = 1827] [serial = 50] [outer = 0x125414000]
16:52:16     INFO - PROCESS | 1827 | [1827] WARNING: Failed to retarget HTML data delivery to the parser thread.: file /builds/slave/m-esr52-m64-d-0000000000000000/build/src/parser/html/nsHtml5StreamParser.cpp, line 970
16:52:25     INFO - PROCESS | 1827 | --DOCSHELL 0x1276b3000 == 7 [pid = 1827] [id = 15]
16:52:27     INFO - PROCESS | 1827 | --DOMWINDOW == 16 (0x1276b3800) [pid = 1827] [serial = 45] [outer = 0x0] [url = http://web-platform.test:8000/WebCryptoAPI/generateKey/failures_ECDH.worker]
16:52:32     INFO - PROCESS | 1827 | --DOMWINDOW == 15 (0x127d14000) [pid = 1827] [serial = 47] [outer = 0x0] [url = about:blank]
16:52:32     INFO - PROCESS | 1827 | --DOMWINDOW == 14 (0x12541d800) [pid = 1827] [serial = 49] [outer = 0x0] [url = about:blank]
16:55:16     INFO - PROCESS | 1827 | MARIONETTE LOG: INFO: Timeout fired
16:55:16     INFO - TEST-ERROR | /WebCryptoAPI/generateKey/failures_ECDSA.worker | took 180300ms
16:55:16     INFO - TEST-START | /WebCryptoAPI/generateKey/failures_HMAC.worker
16:55:16     INFO - PROCESS | 1827 | ++DOCSHELL 0x1254b0000 == 8 [pid = 1827] [id = 17]
16:55:16     INFO - PROCESS | 1827 | ++DOMWINDOW == 15 (0x1254b3800) [pid = 1827] [serial = 51] [outer = 0x0]
16:55:16     INFO - PROCESS | 1827 | ++DOMWINDOW == 16 (0x127319800) [pid = 1827] [serial = 52] [outer = 0x1254b3800]
16:55:16     INFO - PROCESS | 1827 | ++DOMWINDOW == 17 (0x127928800) [pid = 1827] [serial = 53] [outer = 0x1254b3800]
16:55:16     INFO - PROCESS | 1827 | [1827] WARNING: Failed to retarget HTML data delivery to the parser thread.: file /builds/slave/m-esr52-m64-d-0000000000000000/build/src/parser/html/nsHtml5StreamParser.cpp, line 970
16:55:25     INFO - PROCESS | 1827 | --DOCSHELL 0x125412000 == 7 [pid = 1827] [id = 16]
16:55:31     INFO - PROCESS | 1827 | --DOMWINDOW == 16 (0x125414000) [pid = 1827] [serial = 48] [outer = 0x0] [url = http://web-platform.test:8000/WebCryptoAPI/generateKey/failures_ECDSA.worker]
16:55:37     INFO - PROCESS | 1827 | --DOMWINDOW == 15 (0x12791d800) [pid = 1827] [serial = 50] [outer = 0x0] [url = about:blank]
16:55:37     INFO - PROCESS | 1827 | --DOMWINDOW == 14 (0x127319800) [pid = 1827] [serial = 52] [outer = 0x0] [url = about:blank]

command interrupted, attempting to kill
process killed by signal 9
program finished with exit code -1
elapsedTime=1315.706053
The web-page 'stop build' button was pressed by 'rvandermeulen@mozilla.com': Cancelled via self-serve
========= master_lag: 0.10 =========
========= Finished '/tools/buildbot/bin/python -u ...' interrupted (results: 4, elapsed: 21 mins, 55 secs) (at 2018-06-08 16:56:47.826049) =========

========= Started set props: build_url symbols_url (results: 0, elapsed: 0 secs) (at 2018-06-08 16:56:47.831908) =========
bash -c 'for file in `ls -1`; do cat $file; done'
 in dir /builds/slave/test/properties (timeout 1200 secs)
 watching logfiles {}
 argv: ['bash', '-c', 'for file in `ls -1`; do cat $file; done']
 environment:
  Apple_PubSub_Socket_Render=/private/tmp/com.apple.launchd.NJGBh6zTwU/Render
  GIT_SHARE_BASE_DIR=/builds/git-shared
  HG_SHARE_BASE_DIR=/builds/hg-shared
  HOME=/Users/cltbld
  IDLEIZER_DISABLE_SHUTDOWN=true
  LOGNAME=cltbld
  PATH=/usr/local/sbin:/usr/local/bin:/usr/sbin:/usr/bin:/sbin:/bin:/usr/bin/X11
  PWD=/builds/slave/test/properties
  RUNNER_CONFIG_CMD=/opt/runner/bin/python2.7 /opt/runner/bin/runner -c /opt/runner/runner.cfg
  SHELL=/bin/bash
  SSH_AUTH_SOCK=/private/tmp/com.apple.launchd.ft5TyagEA9/Listeners
  TMPDIR=/var/folders/6x/zcbmlx5j3q1bhs5fd8m32ryr00000w/T/
  TWISTD_LOG_PATH=/builds/slave/twistd.log
  USER=cltbld
  VERSIONER_PYTHON_PREFER_32_BIT=no
  VERSIONER_PYTHON_VERSION=2.7
  XPC_FLAGS=0x0
  XPC_SERVICE_NAME=0
  __CF_USER_TEXT_ENCODING=0x1C:0:0
 using PTY: False
build_url:https://queue.taskcluster.net/v1/task/cbf86eh2SwWGC1LFFrbavg/artifacts/public/build/firefox-52.8.2.en-US.mac64.dmg
symbols_url:https://queue.taskcluster.net/v1/task/cbf86eh2SwWGC1LFFrbavg/artifacts/public/build/firefox-52.8.2.en-US.mac64.crashreporter-symbols.zip
program finished with exit code 0
elapsedTime=0.011236
build_url: 'https://queue.taskcluster.net/v1/task/cbf86eh2SwWGC1LFFrbavg/artifacts/public/build/firefox-52.8.2.en-US.mac64.dmg'
symbols_url: 'https://queue.taskcluster.net/v1/task/cbf86eh2SwWGC1LFFrbavg/artifacts/public/build/firefox-52.8.2.en-US.mac64.crashreporter-symbols.zip'
========= master_lag: 0.02 =========
========= Finished set props: build_url symbols_url (results: 0, elapsed: 0 secs) (at 2018-06-08 16:56:47.860209) =========

========= Started 'rm -f ...' (results: 0, elapsed: 0 secs) (at 2018-06-08 16:56:47.866577) =========
rm -f oauth.txt
 in dir /builds/slave/test/. (timeout 1200 secs)
 watching logfiles {}
 argv: ['rm', '-f', 'oauth.txt']
 environment:
  Apple_PubSub_Socket_Render=/private/tmp/com.apple.launchd.NJGBh6zTwU/Render
  GIT_SHARE_BASE_DIR=/builds/git-shared
  HG_SHARE_BASE_DIR=/builds/hg-shared
  HOME=/Users/cltbld
  IDLEIZER_DISABLE_SHUTDOWN=true
  LOGNAME=cltbld
  PATH=/usr/local/sbin:/usr/local/bin:/usr/sbin:/usr/bin:/sbin:/bin:/usr/bin/X11
  PWD=/builds/slave/test
  RUNNER_CONFIG_CMD=/opt/runner/bin/python2.7 /opt/runner/bin/runner -c /opt/runner/runner.cfg
  SHELL=/bin/bash
  SSH_AUTH_SOCK=/private/tmp/com.apple.launchd.ft5TyagEA9/Listeners
  TMPDIR=/var/folders/6x/zcbmlx5j3q1bhs5fd8m32ryr00000w/T/
  TWISTD_LOG_PATH=/builds/slave/twistd.log
  USER=cltbld
  VERSIONER_PYTHON_PREFER_32_BIT=no
  VERSIONER_PYTHON_VERSION=2.7
  XPC_FLAGS=0x0
  XPC_SERVICE_NAME=0
  __CF_USER_TEXT_ENCODING=0x1C:0:0
 using PTY: False
program finished with exit code 0
elapsedTime=0.005173
========= master_lag: 0.04 =========
========= Finished 'rm -f ...' (results: 0, elapsed: 0 secs) (at 2018-06-08 16:56:47.914428) =========

========= Started reboot skipped (results: 3, elapsed: 0 secs) (at 2018-06-08 16:56:47.916780) =========
========= Finished reboot skipped (results: 3, elapsed: 0 secs) (at 2018-06-08 16:56:47.917055) =========

========= Total master_lag: 0.20 =========

