builder: mozilla-esr52_ubuntu32_vm-debug_test-web-platform-tests-3
slave: tst-linux32-spot-024
starttime: 1528499893.3
results: cancelled (6)
buildid: 20180608150819
builduid: b298b373e93d4f8dbf92436c9ed838a2
revision: cbfdf01aac455e0591471201c96b89dee98190b5

========= Started set props: master (results: 0, elapsed: 0 secs) (at 2018-06-08 16:18:13.305014) =========
master: http://buildbot-master02.bb.releng.use1.mozilla.com:8201/
========= Finished set props: master (results: 0, elapsed: 0 secs) (at 2018-06-08 16:18:13.305406) =========

========= Started downloading to buildprops.json (results: 0, elapsed: 0 secs) (at 2018-06-08 16:18:13.305704) =========
========= Finished downloading to buildprops.json (results: 0, elapsed: 0 secs) (at 2018-06-08 16:18:13.326864) =========

========= Started 'bash -c ...' (results: 0, elapsed: 0 secs) (at 2018-06-08 16:18:13.327230) =========
bash -c 'wget -Oarchiver_client.py --no-check-certificate --tries=10 --waitretry=3 https://hg.mozilla.org/build/tools/raw-file/default/buildfarm/utils/archiver_client.py'
 in dir /builds/slave/test/. (timeout 1200 secs)
 watching logfiles {}
 argv: ['bash', '-c', 'wget -Oarchiver_client.py --no-check-certificate --tries=10 --waitretry=3 https://hg.mozilla.org/build/tools/raw-file/default/buildfarm/utils/archiver_client.py']
 environment:
  HOME=/home/cltbld
  LANG=en_US.UTF-8
  LOGNAME=cltbld
  MAIL=/var/mail/cltbld
  NODE_PATH=/usr/lib/nodejs:/usr/lib/node_modules:/usr/share/javascript
  PATH=/usr/local/bin:/usr/local/bin:/usr/bin:/bin:/usr/local/games:/usr/games
  PWD=/builds/slave/test
  SHELL=/bin/bash
  SHLVL=1
  TERM=linux
  TMOUT=86400
  USER=cltbld
  XDG_SESSION_COOKIE=5a152710dd62cc268aad214e000002d8-1528499888.937342-1624606875
  _=/tools/buildbot/bin/python
 using PTY: False
--2018-06-08 16:18:13--  https://hg.mozilla.org/build/tools/raw-file/default/buildfarm/utils/archiver_client.py
Resolving hg.mozilla.org (hg.mozilla.org)... 63.245.215.25, 63.245.215.102
Connecting to hg.mozilla.org (hg.mozilla.org)|63.245.215.25|:443... connected.
HTTP request sent, awaiting response... 200 Script output follows
Length: 12179 (12K) [text/x-python]
Saving to: `archiver_client.py'

     0K .......... .                                          100%  173K=0.07s

2018-06-08 16:18:13 (173 KB/s) - `archiver_client.py' saved [12179/12179]

program finished with exit code 0
elapsedTime=0.628336
========= master_lag: 0.25 =========
========= Finished 'bash -c ...' (results: 0, elapsed: 0 secs) (at 2018-06-08 16:18:14.201211) =========

========= Started 'rm -rf ...' (results: 0, elapsed: 0 secs) (at 2018-06-08 16:18:14.201552) =========
rm -rf scripts properties
 in dir /builds/slave/test/. (timeout 1200 secs)
 watching logfiles {}
 argv: ['rm', '-rf', 'scripts', 'properties']
 environment:
  HOME=/home/cltbld
  LANG=en_US.UTF-8
  LOGNAME=cltbld
  MAIL=/var/mail/cltbld
  NODE_PATH=/usr/lib/nodejs:/usr/lib/node_modules:/usr/share/javascript
  PATH=/usr/local/bin:/usr/local/bin:/usr/bin:/bin:/usr/local/games:/usr/games
  PWD=/builds/slave/test
  SHELL=/bin/bash
  SHLVL=1
  TERM=linux
  TMOUT=86400
  USER=cltbld
  XDG_SESSION_COOKIE=5a152710dd62cc268aad214e000002d8-1528499888.937342-1624606875
  _=/tools/buildbot/bin/python
 using PTY: False
program finished with exit code 0
elapsedTime=0.017717
========= master_lag: 0.01 =========
========= Finished 'rm -rf ...' (results: 0, elapsed: 0 secs) (at 2018-06-08 16:18:14.233226) =========

========= Started 'bash -c ...' (results: 0, elapsed: 2 secs) (at 2018-06-08 16:18:14.233555) =========
bash -c 'python archiver_client.py mozharness --repo releases/mozilla-esr52 --rev cbfdf01aac455e0591471201c96b89dee98190b5 --destination scripts --debug'
 in dir /builds/slave/test/. (timeout 1200 secs)
 watching logfiles {}
 argv: ['bash', '-c', u'python archiver_client.py mozharness --repo releases/mozilla-esr52 --rev cbfdf01aac455e0591471201c96b89dee98190b5 --destination scripts --debug']
 environment:
  HOME=/home/cltbld
  LANG=en_US.UTF-8
  LOGNAME=cltbld
  MAIL=/var/mail/cltbld
  NODE_PATH=/usr/lib/nodejs:/usr/lib/node_modules:/usr/share/javascript
  PATH=/usr/local/bin:/usr/local/bin:/usr/bin:/bin:/usr/local/games:/usr/games
  PWD=/builds/slave/test
  SHELL=/bin/bash
  SHLVL=1
  TERM=linux
  TMOUT=86400
  USER=cltbld
  XDG_SESSION_COOKIE=5a152710dd62cc268aad214e000002d8-1528499888.937342-1624606875
  _=/tools/buildbot/bin/python
 using PTY: False
2018-06-08 16:18:14,334 truncating revision to first 12 chars
2018-06-08 16:18:14,335 Setting DEBUG logging.
2018-06-08 16:18:14,335 attempt 1/10
2018-06-08 16:18:14,335 Getting archive location from https://api.pub.build.mozilla.org/archiver/hgmo/releases/mozilla-esr52/cbfdf01aac45?&preferred_region=us-west-2&suffix=tar.gz&subdir=testing/mozharness
2018-06-08 16:18:15,863 unpacking tar archive at: mozilla-esr52-cbfdf01aac45/testing/mozharness/
program finished with exit code 0
elapsedTime=2.708144
========= master_lag: 0.06 =========
========= Finished 'bash -c ...' (results: 0, elapsed: 2 secs) (at 2018-06-08 16:18:17.000293) =========

========= Started set props: script_repo_revision (results: 0, elapsed: 0 secs) (at 2018-06-08 16:18:17.000587) =========
script_repo_revision: cbfdf01aac455e0591471201c96b89dee98190b5
========= Finished set props: script_repo_revision (results: 0, elapsed: 0 secs) (at 2018-06-08 16:18:17.000964) =========

========= Started downloading to oauth.txt (results: 0, elapsed: 0 secs) (at 2018-06-08 16:18:17.001269) =========
========= Finished downloading to oauth.txt (results: 0, elapsed: 0 secs) (at 2018-06-08 16:18:17.020269) =========

========= Started '/tools/buildbot/bin/python -u ...' interrupted (results: 4, elapsed: 40 mins, 45 secs) (at 2018-06-08 16:18:17.020560) =========
/tools/buildbot/bin/python -u scripts/scripts/web_platform_tests.py --cfg web_platform_tests/prod_config.py --test-type=testharness --total-chunks 10 --this-chunk 3 --blob-upload-branch mozilla-esr52 --download-symbols true
 in dir /builds/slave/test/. (timeout 1800 secs) (maxTime 7200 secs)
 watching logfiles {}
 argv: ['/tools/buildbot/bin/python', '-u', 'scripts/scripts/web_platform_tests.py', '--cfg', 'web_platform_tests/prod_config.py', '--test-type=testharness', '--total-chunks', '10', '--this-chunk', '3', '--blob-upload-branch', 'mozilla-esr52', '--download-symbols', 'true']
 environment:
  CCACHE_DIR=/builds/ccache
  CCACHE_UMASK=002
  DISPLAY=:0
  HOME=/home/cltbld
  LANG=en_US.UTF-8
  LOGNAME=cltbld
  MAIL=/var/mail/cltbld
  MOZ_HIDE_RESULTS_TABLE=1
  MOZ_NODE_PATH=/usr/bin/node
  MOZ_NO_REMOTE=1
  NODE_PATH=/usr/lib/nodejs:/usr/lib/node_modules:/usr/share/javascript
  NO_FAIL_ON_TEST_ERRORS=1
  PATH=/usr/local/bin:/usr/local/bin:/usr/bin:/bin:/usr/local/games:/usr/games
  PROPERTIES_FILE=/builds/slave/test/buildprops.json
  PWD=/builds/slave/test
  SHELL=/bin/bash
  SHLVL=1
  TERM=linux
  TMOUT=86400
  USER=cltbld
  XDG_SESSION_COOKIE=5a152710dd62cc268aad214e000002d8-1528499888.937342-1624606875
  _=/tools/buildbot/bin/python
 using PTY: False
16:18:17     INFO - MultiFileLogger online at 20180608 16:18:17 in /builds/slave/test
16:18:17     INFO - Run as scripts/scripts/web_platform_tests.py --cfg web_platform_tests/prod_config.py --test-type=testharness --total-chunks 10 --this-chunk 3 --blob-upload-branch mozilla-esr52 --download-symbols true
16:18:17     INFO - Dumping config to /builds/slave/test/logs/localconfig.json.
16:18:17     INFO - {'allow_software_gl_layers': False,
16:18:17     INFO -  'append_to_log': False,
16:18:17     INFO -  'base_work_dir': '/builds/slave/test',
16:18:17     INFO -  'blob_upload_branch': 'mozilla-esr52',
16:18:17     INFO -  'blob_uploader_auth_file': '/builds/slave/test/oauth.txt',
16:18:17     INFO -  'buildbot_json_path': 'buildprops.json',
16:18:17     INFO -  'config_files': ('web_platform_tests/prod_config.py',),
16:18:17     INFO -  'default_blob_upload_servers': ('https://blobupload.elasticbeanstalk.com',),
16:18:17     INFO -  'download_minidump_stackwalk': True,
16:18:17     INFO -  'download_symbols': 'true',
16:18:17     INFO -  'download_tooltool': True,
16:18:17     INFO -  'e10s': False,
16:18:17     INFO -  'exes': {'python': '/tools/buildbot/bin/python',
16:18:17     INFO -           'tooltool.py': '/tools/tooltool.py',
16:18:17     INFO -           'virtualenv': ('/tools/buildbot/bin/python',
16:18:17     INFO -                          '/tools/misc-python/virtualenv.py')},
16:18:17     INFO -  'find_links': ('http://pypi.pvt.build.mozilla.org/pub',
16:18:17     INFO -                 'http://pypi.pub.build.mozilla.org/pub'),
16:18:17     INFO -  'log_level': 'info',
16:18:17     INFO -  'log_to_console': True,
16:18:17     INFO -  'opt_config_files': (),
16:18:17     INFO -  'options': ('--prefs-root=%(test_path)s/prefs',
16:18:17     INFO -              '--processes=1',
16:18:17     INFO -              '--config=%(test_path)s/wptrunner.ini',
16:18:17     INFO -              '--ca-cert-path=%(test_path)s/certs/cacert.pem',
16:18:17     INFO -              '--host-key-path=%(test_path)s/certs/web-platform.test.key',
16:18:17     INFO -              '--host-cert-path=%(test_path)s/certs/web-platform.test.pem',
16:18:17     INFO -              '--certutil-binary=%(test_install_path)s/bin/certutil'),
16:18:17     INFO -  'pip_index': False,
16:18:17     INFO -  'require_test_zip': True,
16:18:17     INFO -  'test_type': ('testharness',),
16:18:17     INFO -  'this_chunk': '3',
16:18:17     INFO -  'tooltool_cache': '/builds/tooltool_cache',
16:18:17     INFO -  'total_chunks': '10',
16:18:17     INFO -  'virtualenv_path': 'venv',
16:18:17     INFO -  'volatile_config': {'actions': None, 'add_actions': None, 'no_actions': None},
16:18:17     INFO -  'work_dir': 'build'}
16:18:17     INFO - [mozharness: 2018-06-08 23:18:17.284330Z] Running clobber step.
16:18:17     INFO - Running pre-action listener: _resource_record_pre_action
16:18:17     INFO - Running main action method: clobber
16:18:17     INFO - rmtree: /builds/slave/test/build
16:18:17     INFO - Running post-action listener: _resource_record_post_action
16:18:17     INFO - [mozharness: 2018-06-08 23:18:17.295776Z] Finished clobber step (success)
16:18:17     INFO - [mozharness: 2018-06-08 23:18:17.296185Z] Running read-buildbot-config step.
16:18:17     INFO - Running pre-action listener: _resource_record_pre_action
16:18:17     INFO - Running main action method: read_buildbot_config
16:18:17     INFO - Using buildbot properties:
16:18:17     INFO - {
16:18:17     INFO -     "project": "", 
16:18:17     INFO -     "product": "firefox", 
16:18:17     INFO -     "script_repo_revision": "production", 
16:18:17     INFO -     "scheduler": "tests-mozilla-esr52-ubuntu32_vm-debug-unittest", 
16:18:17     INFO -     "repository": "", 
16:18:17     INFO -     "buildername": "Ubuntu VM 12.04 mozilla-esr52 debug test web-platform-tests-3", 
16:18:17     INFO -     "buildid": "20180608150819", 
16:18:17     INFO -     "pgo_build": "False", 
16:18:17     INFO -     "basedir": "/builds/slave/test", 
16:18:17     INFO -     "buildnumber": 9, 
16:18:17     INFO -     "slavename": "tst-linux32-spot-024", 
16:18:17     INFO -     "revision": "cbfdf01aac455e0591471201c96b89dee98190b5", 
16:18:17     INFO -     "master": "http://buildbot-master02.bb.releng.use1.mozilla.com:8201/", 
16:18:17     INFO -     "platform": "linux", 
16:18:17     INFO -     "branch": "mozilla-esr52", 
16:18:17     INFO -     "repo_path": "releases/mozilla-esr52", 
16:18:17     INFO -     "moz_repo_path": "", 
16:18:17     INFO -     "stage_platform": "linux", 
16:18:17     INFO -     "builduid": "b298b373e93d4f8dbf92436c9ed838a2", 
16:18:17     INFO -     "slavebuilddir": "test"
16:18:17     INFO - }
16:18:17     INFO - Found installer url https://queue.taskcluster.net/v1/task/bv_xmMnhRbGfcnUpn7xASQ/artifacts/public/build/firefox-52.8.2.en-US.linux-i686.tar.bz2.
16:18:17     INFO - Found a test packages url https://queue.taskcluster.net/v1/task/bv_xmMnhRbGfcnUpn7xASQ/artifacts/public/build/firefox-52.8.2.en-US.linux-i686.test_packages.json.
16:18:17     INFO - Running post-action listener: _resource_record_post_action
16:18:17     INFO - [mozharness: 2018-06-08 23:18:17.307246Z] Finished read-buildbot-config step (success)
16:18:17     INFO - [mozharness: 2018-06-08 23:18:17.307584Z] Running download-and-extract step.
16:18:17     INFO - Running pre-action listener: _resource_record_pre_action
16:18:17     INFO - Running main action method: download_and_extract
16:18:17     INFO - mkdir: /builds/slave/test/build/tests
16:18:17     INFO - Downloading https://queue.taskcluster.net/v1/task/bv_xmMnhRbGfcnUpn7xASQ/artifacts/public/build/firefox-52.8.2.en-US.linux-i686.test_packages.json to /builds/slave/test/build/firefox-52.8.2.en-US.linux-i686.test_packages.json
16:18:17     INFO - retry: Calling _download_file with args: (), kwargs: {'url': 'https://queue.taskcluster.net/v1/task/bv_xmMnhRbGfcnUpn7xASQ/artifacts/public/build/firefox-52.8.2.en-US.linux-i686.test_packages.json', 'file_name': '/builds/slave/test/build/firefox-52.8.2.en-US.linux-i686.test_packages.json'}, attempt #1
16:18:18     INFO - Downloaded 1325 bytes.
16:18:18     INFO - Reading from file /builds/slave/test/build/firefox-52.8.2.en-US.linux-i686.test_packages.json
16:18:18     INFO - Using the following test package requirements:
16:18:18     INFO - {u'common': [u'firefox-52.8.2.en-US.linux-i686.common.tests.zip'],
16:18:18     INFO -  u'cppunittest': [u'firefox-52.8.2.en-US.linux-i686.common.tests.zip',
16:18:18     INFO -                   u'firefox-52.8.2.en-US.linux-i686.cppunittest.tests.zip'],
16:18:18     INFO -  u'gtest': [u'firefox-52.8.2.en-US.linux-i686.common.tests.zip',
16:18:18     INFO -             u'firefox-52.8.2.en-US.linux-i686.gtest.tests.zip'],
16:18:18     INFO -  u'jittest': [u'firefox-52.8.2.en-US.linux-i686.common.tests.zip',
16:18:18     INFO -               u'jsshell-linux-i686.zip'],
16:18:18     INFO -  u'mochitest': [u'firefox-52.8.2.en-US.linux-i686.common.tests.zip',
16:18:18     INFO -                 u'firefox-52.8.2.en-US.linux-i686.mochitest.tests.zip'],
16:18:18     INFO -  u'mozbase': [u'firefox-52.8.2.en-US.linux-i686.common.tests.zip'],
16:18:18     INFO -  u'reftest': [u'firefox-52.8.2.en-US.linux-i686.common.tests.zip',
16:18:18     INFO -               u'firefox-52.8.2.en-US.linux-i686.reftest.tests.zip'],
16:18:18     INFO -  u'talos': [u'firefox-52.8.2.en-US.linux-i686.common.tests.zip',
16:18:18     INFO -             u'firefox-52.8.2.en-US.linux-i686.talos.tests.zip'],
16:18:18     INFO -  u'web-platform': [u'firefox-52.8.2.en-US.linux-i686.common.tests.zip',
16:18:18     INFO -                    u'firefox-52.8.2.en-US.linux-i686.web-platform.tests.zip'],
16:18:18     INFO -  u'xpcshell': [u'firefox-52.8.2.en-US.linux-i686.common.tests.zip',
16:18:18     INFO -                u'firefox-52.8.2.en-US.linux-i686.xpcshell.tests.zip']}
16:18:18     INFO - Downloading packages: [u'firefox-52.8.2.en-US.linux-i686.common.tests.zip', u'firefox-52.8.2.en-US.linux-i686.web-platform.tests.zip'] for test suite category: web-platform
16:18:18     INFO - Adding 'mach' for extraction from common.tests zip file
16:18:18     INFO - Adding 'mozinfo.json' for extraction from common.tests zip file
16:18:18     INFO - Downloading and extracting to /builds/slave/test/build/tests these dirs bin/*, config/*, mozbase/*, marionette/*, tools/wptserve/*, web-platform/*, mach, mozinfo.json from https://queue.taskcluster.net/v1/task/bv_xmMnhRbGfcnUpn7xASQ/artifacts/public/build/firefox-52.8.2.en-US.linux-i686.common.tests.zip
16:18:18     INFO - retry: Calling fetch_url_into_memory with args: (), kwargs: {'url': u'https://queue.taskcluster.net/v1/task/bv_xmMnhRbGfcnUpn7xASQ/artifacts/public/build/firefox-52.8.2.en-US.linux-i686.common.tests.zip'}, attempt #1
16:18:18     INFO - Fetch https://queue.taskcluster.net/v1/task/bv_xmMnhRbGfcnUpn7xASQ/artifacts/public/build/firefox-52.8.2.en-US.linux-i686.common.tests.zip into memory
16:18:20     INFO - Http code: 200
16:18:20     INFO - via: 1.1 373880a309382d9266a9313233b86d25.cloudfront.net (CloudFront)
16:18:20     INFO - x-amz-cf-id: 8VMpN30r_lNxP24hx5piKVG3YEB7gY_TO91zR2Fv5Wt3BYU0r9Qi7A==
16:18:20     INFO - x-amz-version-id: HSN83KiMGL5ENJpdrwJpXo7KsX._WeFg
16:18:25     INFO - Expected file size: 20792478
16:18:25     INFO - Obtained file size: 20792478
16:18:26     INFO - Downloading and extracting to /builds/slave/test/build/tests these dirs bin/*, config/*, mozbase/*, marionette/*, tools/wptserve/*, web-platform/*, mach, mozinfo.json from https://queue.taskcluster.net/v1/task/bv_xmMnhRbGfcnUpn7xASQ/artifacts/public/build/firefox-52.8.2.en-US.linux-i686.web-platform.tests.zip
16:18:26     INFO - retry: Calling fetch_url_into_memory with args: (), kwargs: {'url': u'https://queue.taskcluster.net/v1/task/bv_xmMnhRbGfcnUpn7xASQ/artifacts/public/build/firefox-52.8.2.en-US.linux-i686.web-platform.tests.zip'}, attempt #1
16:18:26     INFO - Fetch https://queue.taskcluster.net/v1/task/bv_xmMnhRbGfcnUpn7xASQ/artifacts/public/build/firefox-52.8.2.en-US.linux-i686.web-platform.tests.zip into memory
16:18:28     INFO - Http code: 200
16:18:28     INFO - via: 1.1 81871f1c889cc44b6c25e3ef722a3801.cloudfront.net (CloudFront)
16:18:28     INFO - x-amz-cf-id: 4FT-Axv2AeaMAVpcI-QtwPvZIaQMt-itPUT7DkNbYdpOl4qe_k8o2g==
16:18:28     INFO - x-amz-version-id: SpOEryVtn_X4_9jxIAqqcxxz.2IWdXz5
16:18:38     INFO - Expected file size: 43270014
16:18:38     INFO - Obtained file size: 43270014
16:18:52     INFO - Downloading https://queue.taskcluster.net/v1/task/bv_xmMnhRbGfcnUpn7xASQ/artifacts/public/build/firefox-52.8.2.en-US.linux-i686.tar.bz2 to /builds/slave/test/build/firefox-52.8.2.en-US.linux-i686.tar.bz2
16:18:52     INFO - retry: Calling _download_file with args: (), kwargs: {'url': 'https://queue.taskcluster.net/v1/task/bv_xmMnhRbGfcnUpn7xASQ/artifacts/public/build/firefox-52.8.2.en-US.linux-i686.tar.bz2', 'file_name': '/builds/slave/test/build/firefox-52.8.2.en-US.linux-i686.tar.bz2'}, attempt #1
16:19:09     INFO - Downloaded 71250696 bytes.
16:19:09     INFO - Setting buildbot property build_url to https://queue.taskcluster.net/v1/task/bv_xmMnhRbGfcnUpn7xASQ/artifacts/public/build/firefox-52.8.2.en-US.linux-i686.tar.bz2
16:19:09     INFO - mkdir: /builds/slave/test/properties
16:19:09     INFO - Writing buildbot properties ['build_url'] to /builds/slave/test/properties/build_url
16:19:09     INFO - Writing to file /builds/slave/test/properties/build_url
16:19:09     INFO - Contents:
16:19:09     INFO -  build_url:https://queue.taskcluster.net/v1/task/bv_xmMnhRbGfcnUpn7xASQ/artifacts/public/build/firefox-52.8.2.en-US.linux-i686.tar.bz2
16:19:09     INFO - retry: Calling query_symbols_url with args: (), kwargs: {'raise_on_failure': True}, attempt #1
16:19:11     INFO - Setting buildbot property symbols_url to https://queue.taskcluster.net/v1/task/bv_xmMnhRbGfcnUpn7xASQ/artifacts/public/build/firefox-52.8.2.en-US.linux-i686.crashreporter-symbols.zip
16:19:11     INFO - Writing buildbot properties ['symbols_url'] to /builds/slave/test/properties/symbols_url
16:19:11     INFO - Writing to file /builds/slave/test/properties/symbols_url
16:19:11     INFO - Contents:
16:19:11     INFO -  symbols_url:https://queue.taskcluster.net/v1/task/bv_xmMnhRbGfcnUpn7xASQ/artifacts/public/build/firefox-52.8.2.en-US.linux-i686.crashreporter-symbols.zip
16:19:11     INFO - Downloading and extracting to /builds/slave/test/build/symbols these dirs * from https://queue.taskcluster.net/v1/task/bv_xmMnhRbGfcnUpn7xASQ/artifacts/public/build/firefox-52.8.2.en-US.linux-i686.crashreporter-symbols.zip
16:19:11     INFO - retry: Calling fetch_url_into_memory with args: (), kwargs: {'url': 'https://queue.taskcluster.net/v1/task/bv_xmMnhRbGfcnUpn7xASQ/artifacts/public/build/firefox-52.8.2.en-US.linux-i686.crashreporter-symbols.zip'}, attempt #1
16:19:11     INFO - Fetch https://queue.taskcluster.net/v1/task/bv_xmMnhRbGfcnUpn7xASQ/artifacts/public/build/firefox-52.8.2.en-US.linux-i686.crashreporter-symbols.zip into memory
16:19:12     INFO - Http code: 200
16:19:12     INFO - via: 1.1 02192a27c967e955f8c815efa939bfc8.cloudfront.net (CloudFront)
16:19:12     INFO - x-amz-cf-id: n3IETr9K34r0UiwdCP6b55BdKyQF3NNkoyVqWNQPgexTQr6yAY4Okw==
16:19:12     INFO - x-amz-version-id: 4FlULe4WHoVXU0eaT5RSDhPyndlypsQd
16:19:51     INFO - Expected file size: 170489760
16:19:51     INFO - Obtained file size: 170489760
16:20:11     INFO - Running post-action listener: _resource_record_post_action
16:20:11     INFO - Running post-action listener: set_extra_try_arguments
16:20:11     INFO - [mozharness: 2018-06-08 23:20:11.695073Z] Finished download-and-extract step (success)
16:20:11     INFO - [mozharness: 2018-06-08 23:20:11.695459Z] Running fetch-geckodriver step.
16:20:11     INFO - Running pre-action listener: _resource_record_pre_action
16:20:11     INFO - Running main action method: fetch_geckodriver
16:20:12     INFO - Running post-action listener: _resource_record_post_action
16:20:12     INFO - [mozharness: 2018-06-08 23:20:12.075682Z] Finished fetch-geckodriver step (success)
16:20:12     INFO - [mozharness: 2018-06-08 23:20:12.076099Z] Running create-virtualenv step.
16:20:12     INFO - Running pre-action listener: _pre_create_virtualenv
16:20:12     INFO - Running pre-action listener: _resource_record_pre_action
16:20:12     INFO - Running main action method: create_virtualenv
16:20:12     INFO - Creating virtualenv /builds/slave/test/build/venv
16:20:12     INFO - Running command: ['/tools/buildbot/bin/python', '/builds/slave/test/scripts/external_tools/virtualenv/virtualenv.py', '--always-copy', '/builds/slave/test/build/venv'] in /builds/slave/test/build
16:20:12     INFO - Copy/paste: /tools/buildbot/bin/python /builds/slave/test/scripts/external_tools/virtualenv/virtualenv.py --always-copy /builds/slave/test/build/venv
16:20:12     INFO - Using partial env: {'VIRTUALENV_NO_DOWNLOAD': '1'}
16:20:14     INFO -  Using real prefix '/usr'
16:20:14     INFO -  New python executable in /builds/slave/test/build/venv/bin/python
16:20:17     INFO -  Installing setuptools, pip, wheel...done.
16:20:17     INFO - Return code: 0
16:20:17     INFO - Installing psutil>=3.1.1 into virtualenv /builds/slave/test/build/venv
16:20:18     INFO - retry: Calling run_command with args: [['/builds/slave/test/build/venv/bin/pip', 'install', '--timeout', '120', '--no-index', '--find-links', 'http://pypi.pvt.build.mozilla.org/pub', '--find-links', 'http://pypi.pub.build.mozilla.org/pub', '--trusted-host', 'pypi.pub.build.mozilla.org', '--trusted-host', 'pypi.pvt.build.mozilla.org', 'psutil>=3.1.1']], kwargs: {'error_level': 'warning', 'error_list': [{'substr': 'not found or a compiler error:', 'level': 'warning'}, {'regex': <_sre.SRE_Pattern object at 0x9aecdc8>, 'level': 'error'}, {'regex': <_sre.SRE_Pattern object at 0x9a8c8b8>, 'level': 'warning'}, {'regex': <_sre.SRE_Pattern object at 0x9ccfb28>, 'level': 'debug'}, {'substr': 'command not found', 'level': 'error'}, {'regex': <_sre.SRE_Pattern object at 0x9c10290>, 'level': 'warning'}, {'substr': 'Traceback (most recent call last)', 'level': 'error'}, {'substr': 'SyntaxError: ', 'level': 'error'}, {'substr': 'TypeError: ', 'level': 'error'}, {'substr': 'NameError: ', 'level': 'error'}, {'substr': 'ZeroDivisionError: ', 'level': 'error'}, {'regex': <_sre.SRE_Pattern object at 0x9b3a1b8>, 'level': 'critical'}, {'regex': <_sre.SRE_Pattern object at 0x9cc2780>, 'level': 'critical'}], 'cwd': '/builds/slave/test/build', 'env': {'TMOUT': '86400', 'LOGNAME': 'cltbld', 'USER': 'cltbld', 'HOME': '/home/cltbld', 'PATH': '/usr/local/bin:/usr/local/bin:/usr/bin:/bin:/usr/local/games:/usr/games', 'DISPLAY': ':0', 'CCACHE_UMASK': '002', 'LANG': 'en_US.UTF-8', 'TERM': 'linux', 'SHELL': '/bin/bash', 'MOZ_NODE_PATH': '/usr/bin/node', 'XDG_SESSION_COOKIE': '5a152710dd62cc268aad214e000002d8-1528499888.937342-1624606875', 'SHLVL': '1', 'NO_FAIL_ON_TEST_ERRORS': '1', 'MOZ_NO_REMOTE': '1', 'MOZ_HIDE_RESULTS_TABLE': '1', 'MAIL': '/var/mail/cltbld', '_': '/tools/buildbot/bin/python', 'NODE_PATH': '/usr/lib/nodejs:/usr/lib/node_modules:/usr/share/javascript', 'PWD': '/builds/slave/test', 'PROPERTIES_FILE': '/builds/slave/test/buildprops.json', 'CCACHE_DIR': '/builds/ccache'}}, attempt #1
16:20:18     INFO - Running command: ['/builds/slave/test/build/venv/bin/pip', 'install', '--timeout', '120', '--no-index', '--find-links', 'http://pypi.pvt.build.mozilla.org/pub', '--find-links', 'http://pypi.pub.build.mozilla.org/pub', '--trusted-host', 'pypi.pub.build.mozilla.org', '--trusted-host', 'pypi.pvt.build.mozilla.org', 'psutil>=3.1.1'] in /builds/slave/test/build
16:20:18     INFO - Copy/paste: /builds/slave/test/build/venv/bin/pip install --timeout 120 --no-index --find-links http://pypi.pvt.build.mozilla.org/pub --find-links http://pypi.pub.build.mozilla.org/pub --trusted-host pypi.pub.build.mozilla.org --trusted-host pypi.pvt.build.mozilla.org psutil>=3.1.1
16:20:18     INFO - Using env: {'CCACHE_DIR': '/builds/ccache',
16:20:18     INFO -  'CCACHE_UMASK': '002',
16:20:18     INFO -  'DISPLAY': ':0',
16:20:18     INFO -  'HOME': '/home/cltbld',
16:20:18     INFO -  'LANG': 'en_US.UTF-8',
16:20:18     INFO -  'LOGNAME': 'cltbld',
16:20:18     INFO -  'MAIL': '/var/mail/cltbld',
16:20:18     INFO -  'MOZ_HIDE_RESULTS_TABLE': '1',
16:20:18     INFO -  'MOZ_NODE_PATH': '/usr/bin/node',
16:20:18     INFO -  'MOZ_NO_REMOTE': '1',
16:20:18     INFO -  'NODE_PATH': '/usr/lib/nodejs:/usr/lib/node_modules:/usr/share/javascript',
16:20:18     INFO -  'NO_FAIL_ON_TEST_ERRORS': '1',
16:20:18     INFO -  'PATH': '/usr/local/bin:/usr/local/bin:/usr/bin:/bin:/usr/local/games:/usr/games',
16:20:18     INFO -  'PROPERTIES_FILE': '/builds/slave/test/buildprops.json',
16:20:18     INFO -  'PWD': '/builds/slave/test',
16:20:18     INFO -  'SHELL': '/bin/bash',
16:20:18     INFO -  'SHLVL': '1',
16:20:18     INFO -  'TERM': 'linux',
16:20:18     INFO -  'TMOUT': '86400',
16:20:18     INFO -  'USER': 'cltbld',
16:20:18     INFO -  'XDG_SESSION_COOKIE': '5a152710dd62cc268aad214e000002d8-1528499888.937342-1624606875',
16:20:18     INFO -  '_': '/tools/buildbot/bin/python'}
16:20:18     INFO -  Ignoring indexes: https://pypi.python.org/simple
16:20:18     INFO -  Collecting psutil>=3.1.1
16:20:19     INFO -  /builds/slave/test/build/venv/lib/python2.7/site-packages/pip/_vendor/requests/packages/urllib3/util/ssl_.py:318: SNIMissingWarning: An HTTPS request has been made, but the SNI (Subject Name Indication) extension to TLS is not available on this platform. This may cause the server to present an incorrect TLS certificate, which can cause validation failures. You can upgrade to a newer version of Python to solve this. For more information, see https://urllib3.readthedocs.org/en/latest/security.html#snimissingwarning.
16:20:19     INFO -    SNIMissingWarning
16:20:19     INFO -  /builds/slave/test/build/venv/lib/python2.7/site-packages/pip/_vendor/requests/packages/urllib3/util/ssl_.py:122: InsecurePlatformWarning: A true SSLContext object is not available. This prevents urllib3 from configuring SSL appropriately and may cause certain SSL connections to fail. You can upgrade to a newer version of Python to solve this. For more information, see https://urllib3.readthedocs.org/en/latest/security.html#insecureplatformwarning.
16:20:19     INFO -    InsecurePlatformWarning
16:20:20     INFO -  /builds/slave/test/build/venv/lib/python2.7/site-packages/pip/_vendor/requests/packages/urllib3/util/ssl_.py:122: InsecurePlatformWarning: A true SSLContext object is not available. This prevents urllib3 from configuring SSL appropriately and may cause certain SSL connections to fail. You can upgrade to a newer version of Python to solve this. For more information, see https://urllib3.readthedocs.org/en/latest/security.html#insecureplatformwarning.
16:20:20     INFO -    InsecurePlatformWarning
16:20:25     INFO -    Downloading https://pypi.pvt.build.mozilla.org/pub/psutil-5.4.3.tar.gz (412kB)
16:20:27     INFO -  Building wheels for collected packages: psutil
16:20:27     INFO -    Running setup.py bdist_wheel for psutil: started
16:20:29     INFO -    Running setup.py bdist_wheel for psutil: finished with status 'done'
16:20:29     INFO -    Stored in directory: /home/cltbld/.cache/pip/wheels/30/c0/c3/5cdb2b64c0d47a81af9c62935a64d83948d2c2b3e7af3eeee2
16:20:29     INFO -  Successfully built psutil
16:20:29     INFO -  Installing collected packages: psutil
16:20:30     INFO -  Successfully installed psutil-5.4.3
16:20:30     INFO - Return code: 0
16:20:30     INFO - Installing mozsystemmonitor==0.3 into virtualenv /builds/slave/test/build/venv
16:20:30     INFO - retry: Calling run_command with args: [['/builds/slave/test/build/venv/bin/pip', 'install', '--timeout', '120', '--no-index', '--find-links', 'http://pypi.pvt.build.mozilla.org/pub', '--find-links', 'http://pypi.pub.build.mozilla.org/pub', '--trusted-host', 'pypi.pub.build.mozilla.org', '--trusted-host', 'pypi.pvt.build.mozilla.org', 'mozsystemmonitor==0.3']], kwargs: {'error_level': 'warning', 'error_list': [{'substr': 'not found or a compiler error:', 'level': 'warning'}, {'regex': <_sre.SRE_Pattern object at 0x9aecdc8>, 'level': 'error'}, {'regex': <_sre.SRE_Pattern object at 0x9a8c8b8>, 'level': 'warning'}, {'regex': <_sre.SRE_Pattern object at 0x9ccfb28>, 'level': 'debug'}, {'substr': 'command not found', 'level': 'error'}, {'regex': <_sre.SRE_Pattern object at 0x9c10290>, 'level': 'warning'}, {'substr': 'Traceback (most recent call last)', 'level': 'error'}, {'substr': 'SyntaxError: ', 'level': 'error'}, {'substr': 'TypeError: ', 'level': 'error'}, {'substr': 'NameError: ', 'level': 'error'}, {'substr': 'ZeroDivisionError: ', 'level': 'error'}, {'regex': <_sre.SRE_Pattern object at 0x9b3a1b8>, 'level': 'critical'}, {'regex': <_sre.SRE_Pattern object at 0x9cc2780>, 'level': 'critical'}], 'cwd': '/builds/slave/test/build', 'env': {'TMOUT': '86400', 'LOGNAME': 'cltbld', 'USER': 'cltbld', 'HOME': '/home/cltbld', 'PATH': '/usr/local/bin:/usr/local/bin:/usr/bin:/bin:/usr/local/games:/usr/games', 'DISPLAY': ':0', 'CCACHE_UMASK': '002', 'LANG': 'en_US.UTF-8', 'TERM': 'linux', 'SHELL': '/bin/bash', 'MOZ_NODE_PATH': '/usr/bin/node', 'XDG_SESSION_COOKIE': '5a152710dd62cc268aad214e000002d8-1528499888.937342-1624606875', 'SHLVL': '1', 'NO_FAIL_ON_TEST_ERRORS': '1', 'MOZ_NO_REMOTE': '1', 'MOZ_HIDE_RESULTS_TABLE': '1', 'MAIL': '/var/mail/cltbld', '_': '/tools/buildbot/bin/python', 'NODE_PATH': '/usr/lib/nodejs:/usr/lib/node_modules:/usr/share/javascript', 'PWD': '/builds/slave/test', 'PROPERTIES_FILE': '/builds/slave/test/buildprops.json', 'CCACHE_DIR': '/builds/ccache'}}, attempt #1
16:20:30     INFO - Running command: ['/builds/slave/test/build/venv/bin/pip', 'install', '--timeout', '120', '--no-index', '--find-links', 'http://pypi.pvt.build.mozilla.org/pub', '--find-links', 'http://pypi.pub.build.mozilla.org/pub', '--trusted-host', 'pypi.pub.build.mozilla.org', '--trusted-host', 'pypi.pvt.build.mozilla.org', 'mozsystemmonitor==0.3'] in /builds/slave/test/build
16:20:30     INFO - Copy/paste: /builds/slave/test/build/venv/bin/pip install --timeout 120 --no-index --find-links http://pypi.pvt.build.mozilla.org/pub --find-links http://pypi.pub.build.mozilla.org/pub --trusted-host pypi.pub.build.mozilla.org --trusted-host pypi.pvt.build.mozilla.org mozsystemmonitor==0.3
16:20:30     INFO - Using env: {'CCACHE_DIR': '/builds/ccache',
16:20:30     INFO -  'CCACHE_UMASK': '002',
16:20:30     INFO -  'DISPLAY': ':0',
16:20:30     INFO -  'HOME': '/home/cltbld',
16:20:30     INFO -  'LANG': 'en_US.UTF-8',
16:20:30     INFO -  'LOGNAME': 'cltbld',
16:20:30     INFO -  'MAIL': '/var/mail/cltbld',
16:20:30     INFO -  'MOZ_HIDE_RESULTS_TABLE': '1',
16:20:30     INFO -  'MOZ_NODE_PATH': '/usr/bin/node',
16:20:30     INFO -  'MOZ_NO_REMOTE': '1',
16:20:30     INFO -  'NODE_PATH': '/usr/lib/nodejs:/usr/lib/node_modules:/usr/share/javascript',
16:20:30     INFO -  'NO_FAIL_ON_TEST_ERRORS': '1',
16:20:30     INFO -  'PATH': '/usr/local/bin:/usr/local/bin:/usr/bin:/bin:/usr/local/games:/usr/games',
16:20:30     INFO -  'PROPERTIES_FILE': '/builds/slave/test/buildprops.json',
16:20:30     INFO -  'PWD': '/builds/slave/test',
16:20:30     INFO -  'SHELL': '/bin/bash',
16:20:30     INFO -  'SHLVL': '1',
16:20:30     INFO -  'TERM': 'linux',
16:20:30     INFO -  'TMOUT': '86400',
16:20:30     INFO -  'USER': 'cltbld',
16:20:30     INFO -  'XDG_SESSION_COOKIE': '5a152710dd62cc268aad214e000002d8-1528499888.937342-1624606875',
16:20:30     INFO -  '_': '/tools/buildbot/bin/python'}
16:20:30     INFO -  Ignoring indexes: https://pypi.python.org/simple
16:20:30     INFO -  Collecting mozsystemmonitor==0.3
16:20:31     INFO -  /builds/slave/test/build/venv/lib/python2.7/site-packages/pip/_vendor/requests/packages/urllib3/util/ssl_.py:318: SNIMissingWarning: An HTTPS request has been made, but the SNI (Subject Name Indication) extension to TLS is not available on this platform. This may cause the server to present an incorrect TLS certificate, which can cause validation failures. You can upgrade to a newer version of Python to solve this. For more information, see https://urllib3.readthedocs.org/en/latest/security.html#snimissingwarning.
16:20:31     INFO -    SNIMissingWarning
16:20:31     INFO -  /builds/slave/test/build/venv/lib/python2.7/site-packages/pip/_vendor/requests/packages/urllib3/util/ssl_.py:122: InsecurePlatformWarning: A true SSLContext object is not available. This prevents urllib3 from configuring SSL appropriately and may cause certain SSL connections to fail. You can upgrade to a newer version of Python to solve this. For more information, see https://urllib3.readthedocs.org/en/latest/security.html#insecureplatformwarning.
16:20:31     INFO -    InsecurePlatformWarning
16:20:32     INFO -  /builds/slave/test/build/venv/lib/python2.7/site-packages/pip/_vendor/requests/packages/urllib3/util/ssl_.py:122: InsecurePlatformWarning: A true SSLContext object is not available. This prevents urllib3 from configuring SSL appropriately and may cause certain SSL connections to fail. You can upgrade to a newer version of Python to solve this. For more information, see https://urllib3.readthedocs.org/en/latest/security.html#insecureplatformwarning.
16:20:32     INFO -    InsecurePlatformWarning
16:20:38     INFO -    Downloading https://pypi.pvt.build.mozilla.org/pub/mozsystemmonitor-0.3.tar.gz
16:20:38     INFO -  Requirement already satisfied (use --upgrade to upgrade): psutil>=3.1.1 in ./venv/lib/python2.7/site-packages (from mozsystemmonitor==0.3)
16:20:38     INFO -  Building wheels for collected packages: mozsystemmonitor
16:20:38     INFO -    Running setup.py bdist_wheel for mozsystemmonitor: started
16:20:38     INFO -    Running setup.py bdist_wheel for mozsystemmonitor: finished with status 'done'
16:20:38     INFO -    Stored in directory: /home/cltbld/.cache/pip/wheels/f4/b7/9c/8a88c92aaad7c1d8bbd68513e1d91ad7f62b7465808c516aa8
16:20:38     INFO -  Successfully built mozsystemmonitor
16:20:38     INFO -  Installing collected packages: mozsystemmonitor
16:20:38     INFO -  Successfully installed mozsystemmonitor-0.3
16:20:39     INFO - Return code: 0
16:20:39     INFO - Installing jsonschema==2.5.1 into virtualenv /builds/slave/test/build/venv
16:20:39     INFO - retry: Calling run_command with args: [['/builds/slave/test/build/venv/bin/pip', 'install', '--timeout', '120', '--no-index', '--find-links', 'http://pypi.pvt.build.mozilla.org/pub', '--find-links', 'http://pypi.pub.build.mozilla.org/pub', '--trusted-host', 'pypi.pub.build.mozilla.org', '--trusted-host', 'pypi.pvt.build.mozilla.org', 'jsonschema==2.5.1']], kwargs: {'error_level': 'warning', 'error_list': [{'substr': 'not found or a compiler error:', 'level': 'warning'}, {'regex': <_sre.SRE_Pattern object at 0x9aecdc8>, 'level': 'error'}, {'regex': <_sre.SRE_Pattern object at 0x9a8c8b8>, 'level': 'warning'}, {'regex': <_sre.SRE_Pattern object at 0x9ccfb28>, 'level': 'debug'}, {'substr': 'command not found', 'level': 'error'}, {'regex': <_sre.SRE_Pattern object at 0x9c10290>, 'level': 'warning'}, {'substr': 'Traceback (most recent call last)', 'level': 'error'}, {'substr': 'SyntaxError: ', 'level': 'error'}, {'substr': 'TypeError: ', 'level': 'error'}, {'substr': 'NameError: ', 'level': 'error'}, {'substr': 'ZeroDivisionError: ', 'level': 'error'}, {'regex': <_sre.SRE_Pattern object at 0x9b3a1b8>, 'level': 'critical'}, {'regex': <_sre.SRE_Pattern object at 0x9cc2780>, 'level': 'critical'}], 'cwd': '/builds/slave/test/build', 'env': {'TMOUT': '86400', 'LOGNAME': 'cltbld', 'USER': 'cltbld', 'HOME': '/home/cltbld', 'PATH': '/usr/local/bin:/usr/local/bin:/usr/bin:/bin:/usr/local/games:/usr/games', 'DISPLAY': ':0', 'CCACHE_UMASK': '002', 'LANG': 'en_US.UTF-8', 'TERM': 'linux', 'SHELL': '/bin/bash', 'MOZ_NODE_PATH': '/usr/bin/node', 'XDG_SESSION_COOKIE': '5a152710dd62cc268aad214e000002d8-1528499888.937342-1624606875', 'SHLVL': '1', 'NO_FAIL_ON_TEST_ERRORS': '1', 'MOZ_NO_REMOTE': '1', 'MOZ_HIDE_RESULTS_TABLE': '1', 'MAIL': '/var/mail/cltbld', '_': '/tools/buildbot/bin/python', 'NODE_PATH': '/usr/lib/nodejs:/usr/lib/node_modules:/usr/share/javascript', 'PWD': '/builds/slave/test', 'PROPERTIES_FILE': '/builds/slave/test/buildprops.json', 'CCACHE_DIR': '/builds/ccache'}}, attempt #1
16:20:39     INFO - Running command: ['/builds/slave/test/build/venv/bin/pip', 'install', '--timeout', '120', '--no-index', '--find-links', 'http://pypi.pvt.build.mozilla.org/pub', '--find-links', 'http://pypi.pub.build.mozilla.org/pub', '--trusted-host', 'pypi.pub.build.mozilla.org', '--trusted-host', 'pypi.pvt.build.mozilla.org', 'jsonschema==2.5.1'] in /builds/slave/test/build
16:20:39     INFO - Copy/paste: /builds/slave/test/build/venv/bin/pip install --timeout 120 --no-index --find-links http://pypi.pvt.build.mozilla.org/pub --find-links http://pypi.pub.build.mozilla.org/pub --trusted-host pypi.pub.build.mozilla.org --trusted-host pypi.pvt.build.mozilla.org jsonschema==2.5.1
16:20:39     INFO - Using env: {'CCACHE_DIR': '/builds/ccache',
16:20:39     INFO -  'CCACHE_UMASK': '002',
16:20:39     INFO -  'DISPLAY': ':0',
16:20:39     INFO -  'HOME': '/home/cltbld',
16:20:39     INFO -  'LANG': 'en_US.UTF-8',
16:20:39     INFO -  'LOGNAME': 'cltbld',
16:20:39     INFO -  'MAIL': '/var/mail/cltbld',
16:20:39     INFO -  'MOZ_HIDE_RESULTS_TABLE': '1',
16:20:39     INFO -  'MOZ_NODE_PATH': '/usr/bin/node',
16:20:39     INFO -  'MOZ_NO_REMOTE': '1',
16:20:39     INFO -  'NODE_PATH': '/usr/lib/nodejs:/usr/lib/node_modules:/usr/share/javascript',
16:20:39     INFO -  'NO_FAIL_ON_TEST_ERRORS': '1',
16:20:39     INFO -  'PATH': '/usr/local/bin:/usr/local/bin:/usr/bin:/bin:/usr/local/games:/usr/games',
16:20:39     INFO -  'PROPERTIES_FILE': '/builds/slave/test/buildprops.json',
16:20:39     INFO -  'PWD': '/builds/slave/test',
16:20:39     INFO -  'SHELL': '/bin/bash',
16:20:39     INFO -  'SHLVL': '1',
16:20:39     INFO -  'TERM': 'linux',
16:20:39     INFO -  'TMOUT': '86400',
16:20:39     INFO -  'USER': 'cltbld',
16:20:39     INFO -  'XDG_SESSION_COOKIE': '5a152710dd62cc268aad214e000002d8-1528499888.937342-1624606875',
16:20:39     INFO -  '_': '/tools/buildbot/bin/python'}
16:20:39     INFO -  Ignoring indexes: https://pypi.python.org/simple
16:20:39     INFO -  Collecting jsonschema==2.5.1
16:20:40     INFO -  /builds/slave/test/build/venv/lib/python2.7/site-packages/pip/_vendor/requests/packages/urllib3/util/ssl_.py:318: SNIMissingWarning: An HTTPS request has been made, but the SNI (Subject Name Indication) extension to TLS is not available on this platform. This may cause the server to present an incorrect TLS certificate, which can cause validation failures. You can upgrade to a newer version of Python to solve this. For more information, see https://urllib3.readthedocs.org/en/latest/security.html#snimissingwarning.
16:20:40     INFO -    SNIMissingWarning
16:20:40     INFO -  /builds/slave/test/build/venv/lib/python2.7/site-packages/pip/_vendor/requests/packages/urllib3/util/ssl_.py:122: InsecurePlatformWarning: A true SSLContext object is not available. This prevents urllib3 from configuring SSL appropriately and may cause certain SSL connections to fail. You can upgrade to a newer version of Python to solve this. For more information, see https://urllib3.readthedocs.org/en/latest/security.html#insecureplatformwarning.
16:20:40     INFO -    InsecurePlatformWarning
16:20:42     INFO -  /builds/slave/test/build/venv/lib/python2.7/site-packages/pip/_vendor/requests/packages/urllib3/util/ssl_.py:122: InsecurePlatformWarning: A true SSLContext object is not available. This prevents urllib3 from configuring SSL appropriately and may cause certain SSL connections to fail. You can upgrade to a newer version of Python to solve this. For more information, see https://urllib3.readthedocs.org/en/latest/security.html#insecureplatformwarning.
16:20:42     INFO -    InsecurePlatformWarning
16:20:47     INFO -    Downloading https://pypi.pvt.build.mozilla.org/pub/jsonschema-2.5.1-py2.py3-none-any.whl
16:20:47     INFO -  Collecting functools32; python_version == "2.7" (from jsonschema==2.5.1)
16:20:52     INFO -    Downloading https://pypi.pvt.build.mozilla.org/pub/functools32-3.2.3-2.tar.gz
16:20:52     INFO -  Building wheels for collected packages: functools32
16:20:52     INFO -    Running setup.py bdist_wheel for functools32: started
16:20:53     INFO -    Running setup.py bdist_wheel for functools32: finished with status 'done'
16:20:53     INFO -    Stored in directory: /home/cltbld/.cache/pip/wheels/60/8e/5c/cd0944700dbec48e57da97dbe11bcc84b1332f6b43bc89d9b7
16:20:53     INFO -  Successfully built functools32
16:20:53     INFO -  Installing collected packages: functools32, jsonschema
16:20:53     INFO -  Successfully installed functools32-3.2.3.post2 jsonschema-2.5.1
16:20:53     INFO - Return code: 0
16:20:53     INFO - Installing functools32==3.2.3-2 into virtualenv /builds/slave/test/build/venv
16:20:53     INFO - retry: Calling run_command with args: [['/builds/slave/test/build/venv/bin/pip', 'install', '--timeout', '120', '--no-index', '--find-links', 'http://pypi.pvt.build.mozilla.org/pub', '--find-links', 'http://pypi.pub.build.mozilla.org/pub', '--trusted-host', 'pypi.pub.build.mozilla.org', '--trusted-host', 'pypi.pvt.build.mozilla.org', 'functools32==3.2.3-2']], kwargs: {'error_level': 'warning', 'error_list': [{'substr': 'not found or a compiler error:', 'level': 'warning'}, {'regex': <_sre.SRE_Pattern object at 0x9aecdc8>, 'level': 'error'}, {'regex': <_sre.SRE_Pattern object at 0x9a8c8b8>, 'level': 'warning'}, {'regex': <_sre.SRE_Pattern object at 0x9ccfb28>, 'level': 'debug'}, {'substr': 'command not found', 'level': 'error'}, {'regex': <_sre.SRE_Pattern object at 0x9c10290>, 'level': 'warning'}, {'substr': 'Traceback (most recent call last)', 'level': 'error'}, {'substr': 'SyntaxError: ', 'level': 'error'}, {'substr': 'TypeError: ', 'level': 'error'}, {'substr': 'NameError: ', 'level': 'error'}, {'substr': 'ZeroDivisionError: ', 'level': 'error'}, {'regex': <_sre.SRE_Pattern object at 0x9b3a1b8>, 'level': 'critical'}, {'regex': <_sre.SRE_Pattern object at 0x9cc2780>, 'level': 'critical'}], 'cwd': '/builds/slave/test/build', 'env': {'TMOUT': '86400', 'LOGNAME': 'cltbld', 'USER': 'cltbld', 'HOME': '/home/cltbld', 'PATH': '/usr/local/bin:/usr/local/bin:/usr/bin:/bin:/usr/local/games:/usr/games', 'DISPLAY': ':0', 'CCACHE_UMASK': '002', 'LANG': 'en_US.UTF-8', 'TERM': 'linux', 'SHELL': '/bin/bash', 'MOZ_NODE_PATH': '/usr/bin/node', 'XDG_SESSION_COOKIE': '5a152710dd62cc268aad214e000002d8-1528499888.937342-1624606875', 'SHLVL': '1', 'NO_FAIL_ON_TEST_ERRORS': '1', 'MOZ_NO_REMOTE': '1', 'MOZ_HIDE_RESULTS_TABLE': '1', 'MAIL': '/var/mail/cltbld', '_': '/tools/buildbot/bin/python', 'NODE_PATH': '/usr/lib/nodejs:/usr/lib/node_modules:/usr/share/javascript', 'PWD': '/builds/slave/test', 'PROPERTIES_FILE': '/builds/slave/test/buildprops.json', 'CCACHE_DIR': '/builds/ccache'}}, attempt #1
16:20:53     INFO - Running command: ['/builds/slave/test/build/venv/bin/pip', 'install', '--timeout', '120', '--no-index', '--find-links', 'http://pypi.pvt.build.mozilla.org/pub', '--find-links', 'http://pypi.pub.build.mozilla.org/pub', '--trusted-host', 'pypi.pub.build.mozilla.org', '--trusted-host', 'pypi.pvt.build.mozilla.org', 'functools32==3.2.3-2'] in /builds/slave/test/build
16:20:53     INFO - Copy/paste: /builds/slave/test/build/venv/bin/pip install --timeout 120 --no-index --find-links http://pypi.pvt.build.mozilla.org/pub --find-links http://pypi.pub.build.mozilla.org/pub --trusted-host pypi.pub.build.mozilla.org --trusted-host pypi.pvt.build.mozilla.org functools32==3.2.3-2
16:20:53     INFO - Using env: {'CCACHE_DIR': '/builds/ccache',
16:20:53     INFO -  'CCACHE_UMASK': '002',
16:20:53     INFO -  'DISPLAY': ':0',
16:20:53     INFO -  'HOME': '/home/cltbld',
16:20:53     INFO -  'LANG': 'en_US.UTF-8',
16:20:53     INFO -  'LOGNAME': 'cltbld',
16:20:53     INFO -  'MAIL': '/var/mail/cltbld',
16:20:53     INFO -  'MOZ_HIDE_RESULTS_TABLE': '1',
16:20:53     INFO -  'MOZ_NODE_PATH': '/usr/bin/node',
16:20:53     INFO -  'MOZ_NO_REMOTE': '1',
16:20:53     INFO -  'NODE_PATH': '/usr/lib/nodejs:/usr/lib/node_modules:/usr/share/javascript',
16:20:53     INFO -  'NO_FAIL_ON_TEST_ERRORS': '1',
16:20:53     INFO -  'PATH': '/usr/local/bin:/usr/local/bin:/usr/bin:/bin:/usr/local/games:/usr/games',
16:20:53     INFO -  'PROPERTIES_FILE': '/builds/slave/test/buildprops.json',
16:20:53     INFO -  'PWD': '/builds/slave/test',
16:20:53     INFO -  'SHELL': '/bin/bash',
16:20:53     INFO -  'SHLVL': '1',
16:20:53     INFO -  'TERM': 'linux',
16:20:53     INFO -  'TMOUT': '86400',
16:20:53     INFO -  'USER': 'cltbld',
16:20:53     INFO -  'XDG_SESSION_COOKIE': '5a152710dd62cc268aad214e000002d8-1528499888.937342-1624606875',
16:20:53     INFO -  '_': '/tools/buildbot/bin/python'}
16:20:54     INFO -  Ignoring indexes: https://pypi.python.org/simple
16:20:54     INFO -  Requirement already satisfied (use --upgrade to upgrade): functools32==3.2.3-2 in ./venv/lib/python2.7/site-packages
16:20:54     INFO - Return code: 0
16:20:54     INFO - Installing blobuploader==1.2.4 into virtualenv /builds/slave/test/build/venv
16:20:54     INFO - retry: Calling run_command with args: [['/builds/slave/test/build/venv/bin/pip', 'install', '--timeout', '120', '--no-index', '--find-links', 'http://pypi.pvt.build.mozilla.org/pub', '--find-links', 'http://pypi.pub.build.mozilla.org/pub', '--trusted-host', 'pypi.pub.build.mozilla.org', '--trusted-host', 'pypi.pvt.build.mozilla.org', 'blobuploader==1.2.4']], kwargs: {'error_level': 'warning', 'error_list': [{'substr': 'not found or a compiler error:', 'level': 'warning'}, {'regex': <_sre.SRE_Pattern object at 0x9aecdc8>, 'level': 'error'}, {'regex': <_sre.SRE_Pattern object at 0x9a8c8b8>, 'level': 'warning'}, {'regex': <_sre.SRE_Pattern object at 0x9ccfb28>, 'level': 'debug'}, {'substr': 'command not found', 'level': 'error'}, {'regex': <_sre.SRE_Pattern object at 0x9c10290>, 'level': 'warning'}, {'substr': 'Traceback (most recent call last)', 'level': 'error'}, {'substr': 'SyntaxError: ', 'level': 'error'}, {'substr': 'TypeError: ', 'level': 'error'}, {'substr': 'NameError: ', 'level': 'error'}, {'substr': 'ZeroDivisionError: ', 'level': 'error'}, {'regex': <_sre.SRE_Pattern object at 0x9b3a1b8>, 'level': 'critical'}, {'regex': <_sre.SRE_Pattern object at 0x9cc2780>, 'level': 'critical'}], 'cwd': '/builds/slave/test/build', 'env': {'TMOUT': '86400', 'LOGNAME': 'cltbld', 'USER': 'cltbld', 'HOME': '/home/cltbld', 'PATH': '/usr/local/bin:/usr/local/bin:/usr/bin:/bin:/usr/local/games:/usr/games', 'DISPLAY': ':0', 'CCACHE_UMASK': '002', 'LANG': 'en_US.UTF-8', 'TERM': 'linux', 'SHELL': '/bin/bash', 'MOZ_NODE_PATH': '/usr/bin/node', 'XDG_SESSION_COOKIE': '5a152710dd62cc268aad214e000002d8-1528499888.937342-1624606875', 'SHLVL': '1', 'NO_FAIL_ON_TEST_ERRORS': '1', 'MOZ_NO_REMOTE': '1', 'MOZ_HIDE_RESULTS_TABLE': '1', 'MAIL': '/var/mail/cltbld', '_': '/tools/buildbot/bin/python', 'NODE_PATH': '/usr/lib/nodejs:/usr/lib/node_modules:/usr/share/javascript', 'PWD': '/builds/slave/test', 'PROPERTIES_FILE': '/builds/slave/test/buildprops.json', 'CCACHE_DIR': '/builds/ccache'}}, attempt #1
16:20:54     INFO - Running command: ['/builds/slave/test/build/venv/bin/pip', 'install', '--timeout', '120', '--no-index', '--find-links', 'http://pypi.pvt.build.mozilla.org/pub', '--find-links', 'http://pypi.pub.build.mozilla.org/pub', '--trusted-host', 'pypi.pub.build.mozilla.org', '--trusted-host', 'pypi.pvt.build.mozilla.org', 'blobuploader==1.2.4'] in /builds/slave/test/build
16:20:54     INFO - Copy/paste: /builds/slave/test/build/venv/bin/pip install --timeout 120 --no-index --find-links http://pypi.pvt.build.mozilla.org/pub --find-links http://pypi.pub.build.mozilla.org/pub --trusted-host pypi.pub.build.mozilla.org --trusted-host pypi.pvt.build.mozilla.org blobuploader==1.2.4
16:20:54     INFO - Using env: {'CCACHE_DIR': '/builds/ccache',
16:20:54     INFO -  'CCACHE_UMASK': '002',
16:20:54     INFO -  'DISPLAY': ':0',
16:20:54     INFO -  'HOME': '/home/cltbld',
16:20:54     INFO -  'LANG': 'en_US.UTF-8',
16:20:54     INFO -  'LOGNAME': 'cltbld',
16:20:54     INFO -  'MAIL': '/var/mail/cltbld',
16:20:54     INFO -  'MOZ_HIDE_RESULTS_TABLE': '1',
16:20:54     INFO -  'MOZ_NODE_PATH': '/usr/bin/node',
16:20:54     INFO -  'MOZ_NO_REMOTE': '1',
16:20:54     INFO -  'NODE_PATH': '/usr/lib/nodejs:/usr/lib/node_modules:/usr/share/javascript',
16:20:54     INFO -  'NO_FAIL_ON_TEST_ERRORS': '1',
16:20:54     INFO -  'PATH': '/usr/local/bin:/usr/local/bin:/usr/bin:/bin:/usr/local/games:/usr/games',
16:20:54     INFO -  'PROPERTIES_FILE': '/builds/slave/test/buildprops.json',
16:20:54     INFO -  'PWD': '/builds/slave/test',
16:20:54     INFO -  'SHELL': '/bin/bash',
16:20:54     INFO -  'SHLVL': '1',
16:20:54     INFO -  'TERM': 'linux',
16:20:54     INFO -  'TMOUT': '86400',
16:20:54     INFO -  'USER': 'cltbld',
16:20:54     INFO -  'XDG_SESSION_COOKIE': '5a152710dd62cc268aad214e000002d8-1528499888.937342-1624606875',
16:20:54     INFO -  '_': '/tools/buildbot/bin/python'}
16:20:55     INFO -  Ignoring indexes: https://pypi.python.org/simple
16:20:55     INFO -  Collecting blobuploader==1.2.4
16:20:55     INFO -  /builds/slave/test/build/venv/lib/python2.7/site-packages/pip/_vendor/requests/packages/urllib3/util/ssl_.py:318: SNIMissingWarning: An HTTPS request has been made, but the SNI (Subject Name Indication) extension to TLS is not available on this platform. This may cause the server to present an incorrect TLS certificate, which can cause validation failures. You can upgrade to a newer version of Python to solve this. For more information, see https://urllib3.readthedocs.org/en/latest/security.html#snimissingwarning.
16:20:55     INFO -    SNIMissingWarning
16:20:55     INFO -  /builds/slave/test/build/venv/lib/python2.7/site-packages/pip/_vendor/requests/packages/urllib3/util/ssl_.py:122: InsecurePlatformWarning: A true SSLContext object is not available. This prevents urllib3 from configuring SSL appropriately and may cause certain SSL connections to fail. You can upgrade to a newer version of Python to solve this. For more information, see https://urllib3.readthedocs.org/en/latest/security.html#insecureplatformwarning.
16:20:55     INFO -    InsecurePlatformWarning
16:20:57     INFO -  /builds/slave/test/build/venv/lib/python2.7/site-packages/pip/_vendor/requests/packages/urllib3/util/ssl_.py:122: InsecurePlatformWarning: A true SSLContext object is not available. This prevents urllib3 from configuring SSL appropriately and may cause certain SSL connections to fail. You can upgrade to a newer version of Python to solve this. For more information, see https://urllib3.readthedocs.org/en/latest/security.html#insecureplatformwarning.
16:20:57     INFO -    InsecurePlatformWarning
16:21:02     INFO -    Downloading https://pypi.pvt.build.mozilla.org/pub/blobuploader-1.2.4.tar.gz
16:21:02     INFO -  Collecting requests==1.2.3. (from blobuploader==1.2.4)
16:21:08     INFO -    Downloading https://pypi.pvt.build.mozilla.org/pub/requests-1.2.3.tar.gz (348kB)
16:21:09     INFO -  Collecting docopt==0.6.1 (from blobuploader==1.2.4)
16:21:14     INFO -    Downloading https://pypi.pvt.build.mozilla.org/pub/docopt-0.6.1.tar.gz
16:21:15     INFO -  Building wheels for collected packages: blobuploader, requests, docopt
16:21:15     INFO -    Running setup.py bdist_wheel for blobuploader: started
16:21:15     INFO -    Running setup.py bdist_wheel for blobuploader: finished with status 'done'
16:21:15     INFO -    Stored in directory: /home/cltbld/.cache/pip/wheels/a7/2a/47/2d3828e4129ffeb548a26f4a87889dc9bc1a58e201a0ff8655
16:21:15     INFO -    Running setup.py bdist_wheel for requests: started
16:21:16     INFO -    Running setup.py bdist_wheel for requests: finished with status 'done'
16:21:16     INFO -    Stored in directory: /home/cltbld/.cache/pip/wheels/65/bb/90/359b65a7043ffc879dde877c4ad827f452218808c6cccf2658
16:21:16     INFO -    Running setup.py bdist_wheel for docopt: started
16:21:16     INFO -    Running setup.py bdist_wheel for docopt: finished with status 'done'
16:21:16     INFO -    Stored in directory: /home/cltbld/.cache/pip/wheels/ac/8b/84/7dbe9ada02c48c352fa733c81648516f92c6436f9d5bffad41
16:21:16     INFO -  Successfully built blobuploader requests docopt
16:21:16     INFO -  Installing collected packages: requests, docopt, blobuploader
16:21:17     INFO -  Successfully installed blobuploader-1.2.4 docopt-0.6.1 requests-1.2.3
16:21:17     INFO - Return code: 0
16:21:17     INFO - Installing None into virtualenv /builds/slave/test/build/venv
16:21:17     INFO - retry: Calling run_command with args: [['/builds/slave/test/build/venv/bin/pip', 'install', '--no-deps', '--timeout', '120', '-r', '/builds/slave/test/build/tests/config/marionette_requirements.txt', '--no-index', '--find-links', 'http://pypi.pvt.build.mozilla.org/pub', '--find-links', 'http://pypi.pub.build.mozilla.org/pub', '--trusted-host', 'pypi.pub.build.mozilla.org', '--trusted-host', 'pypi.pvt.build.mozilla.org']], kwargs: {'error_level': 'warning', 'error_list': [{'substr': 'not found or a compiler error:', 'level': 'warning'}, {'regex': <_sre.SRE_Pattern object at 0x9aecdc8>, 'level': 'error'}, {'regex': <_sre.SRE_Pattern object at 0x9a8c8b8>, 'level': 'warning'}, {'regex': <_sre.SRE_Pattern object at 0x9ccfb28>, 'level': 'debug'}, {'substr': 'command not found', 'level': 'error'}, {'regex': <_sre.SRE_Pattern object at 0x9c10290>, 'level': 'warning'}, {'substr': 'Traceback (most recent call last)', 'level': 'error'}, {'substr': 'SyntaxError: ', 'level': 'error'}, {'substr': 'TypeError: ', 'level': 'error'}, {'substr': 'NameError: ', 'level': 'error'}, {'substr': 'ZeroDivisionError: ', 'level': 'error'}, {'regex': <_sre.SRE_Pattern object at 0x9b3a1b8>, 'level': 'critical'}, {'regex': <_sre.SRE_Pattern object at 0x9cc2780>, 'level': 'critical'}], 'cwd': '/builds/slave/test/build/tests/config', 'env': {'TMOUT': '86400', 'LOGNAME': 'cltbld', 'USER': 'cltbld', 'HOME': '/home/cltbld', 'PATH': '/usr/local/bin:/usr/local/bin:/usr/bin:/bin:/usr/local/games:/usr/games', 'DISPLAY': ':0', 'CCACHE_UMASK': '002', 'LANG': 'en_US.UTF-8', 'TERM': 'linux', 'SHELL': '/bin/bash', 'MOZ_NODE_PATH': '/usr/bin/node', 'XDG_SESSION_COOKIE': '5a152710dd62cc268aad214e000002d8-1528499888.937342-1624606875', 'SHLVL': '1', 'NO_FAIL_ON_TEST_ERRORS': '1', 'MOZ_NO_REMOTE': '1', 'MOZ_HIDE_RESULTS_TABLE': '1', 'MAIL': '/var/mail/cltbld', '_': '/tools/buildbot/bin/python', 'NODE_PATH': '/usr/lib/nodejs:/usr/lib/node_modules:/usr/share/javascript', 'PWD': '/builds/slave/test', 'PROPERTIES_FILE': '/builds/slave/test/buildprops.json', 'CCACHE_DIR': '/builds/ccache'}}, attempt #1
16:21:17     INFO - Running command: ['/builds/slave/test/build/venv/bin/pip', 'install', '--no-deps', '--timeout', '120', '-r', '/builds/slave/test/build/tests/config/marionette_requirements.txt', '--no-index', '--find-links', 'http://pypi.pvt.build.mozilla.org/pub', '--find-links', 'http://pypi.pub.build.mozilla.org/pub', '--trusted-host', 'pypi.pub.build.mozilla.org', '--trusted-host', 'pypi.pvt.build.mozilla.org'] in /builds/slave/test/build/tests/config
16:21:17     INFO - Copy/paste: /builds/slave/test/build/venv/bin/pip install --no-deps --timeout 120 -r /builds/slave/test/build/tests/config/marionette_requirements.txt --no-index --find-links http://pypi.pvt.build.mozilla.org/pub --find-links http://pypi.pub.build.mozilla.org/pub --trusted-host pypi.pub.build.mozilla.org --trusted-host pypi.pvt.build.mozilla.org
16:21:17     INFO - Using env: {'CCACHE_DIR': '/builds/ccache',
16:21:17     INFO -  'CCACHE_UMASK': '002',
16:21:17     INFO -  'DISPLAY': ':0',
16:21:17     INFO -  'HOME': '/home/cltbld',
16:21:17     INFO -  'LANG': 'en_US.UTF-8',
16:21:17     INFO -  'LOGNAME': 'cltbld',
16:21:17     INFO -  'MAIL': '/var/mail/cltbld',
16:21:17     INFO -  'MOZ_HIDE_RESULTS_TABLE': '1',
16:21:17     INFO -  'MOZ_NODE_PATH': '/usr/bin/node',
16:21:17     INFO -  'MOZ_NO_REMOTE': '1',
16:21:17     INFO -  'NODE_PATH': '/usr/lib/nodejs:/usr/lib/node_modules:/usr/share/javascript',
16:21:17     INFO -  'NO_FAIL_ON_TEST_ERRORS': '1',
16:21:17     INFO -  'PATH': '/usr/local/bin:/usr/local/bin:/usr/bin:/bin:/usr/local/games:/usr/games',
16:21:17     INFO -  'PROPERTIES_FILE': '/builds/slave/test/buildprops.json',
16:21:17     INFO -  'PWD': '/builds/slave/test',
16:21:17     INFO -  'SHELL': '/bin/bash',
16:21:17     INFO -  'SHLVL': '1',
16:21:17     INFO -  'TERM': 'linux',
16:21:17     INFO -  'TMOUT': '86400',
16:21:17     INFO -  'USER': 'cltbld',
16:21:17     INFO -  'XDG_SESSION_COOKIE': '5a152710dd62cc268aad214e000002d8-1528499888.937342-1624606875',
16:21:17     INFO -  '_': '/tools/buildbot/bin/python'}
16:21:18     INFO -  Ignoring indexes: https://pypi.python.org/simple
16:21:18     INFO -  Processing /builds/slave/test/build/tests/mozbase/manifestparser
16:21:18     INFO -  Processing /builds/slave/test/build/tests/mozbase/mozcrash
16:21:19     INFO -  Processing /builds/slave/test/build/tests/mozbase/mozdebug
16:21:19     INFO -  Processing /builds/slave/test/build/tests/mozbase/mozdevice
16:21:19     INFO -  Processing /builds/slave/test/build/tests/mozbase/mozfile
16:21:20     INFO -  Processing /builds/slave/test/build/tests/mozbase/mozhttpd
16:21:20     INFO -  Processing /builds/slave/test/build/tests/mozbase/mozinfo
16:21:20     INFO -  Processing /builds/slave/test/build/tests/mozbase/mozinstall
16:21:21     INFO -  Processing /builds/slave/test/build/tests/mozbase/mozleak
16:21:21     INFO -  Processing /builds/slave/test/build/tests/mozbase/mozlog
16:21:21     INFO -  Processing /builds/slave/test/build/tests/mozbase/moznetwork
16:21:22     INFO -  Processing /builds/slave/test/build/tests/mozbase/mozprocess
16:21:22     INFO -  Processing /builds/slave/test/build/tests/mozbase/mozprofile
16:21:22     INFO -  Processing /builds/slave/test/build/tests/mozbase/mozrunner
16:21:23     INFO -  Processing /builds/slave/test/build/tests/mozbase/mozscreenshot
16:21:23     INFO -  Processing /builds/slave/test/build/tests/mozbase/moztest
16:21:23     INFO -  Processing /builds/slave/test/build/tests/mozbase/mozversion
16:21:24     INFO -  Processing /builds/slave/test/build/tests/tools/wptserve
16:21:24     INFO -  Processing /builds/slave/test/build/tests/marionette/client
16:21:24     INFO -  Processing /builds/slave/test/build/tests/marionette/harness/marionette_harness/runner/mixins/browsermob-proxy-py
16:21:25     INFO -  Processing /builds/slave/test/build/tests/marionette/harness
16:21:25     INFO -  Processing /builds/slave/test/build/tests/marionette/puppeteer/firefox
16:21:26     INFO -  Building wheels for collected packages: browsermob-proxy
16:21:26     INFO -    Running setup.py bdist_wheel for browsermob-proxy: started
16:21:26     INFO -    Running setup.py bdist_wheel for browsermob-proxy: finished with status 'done'
16:21:26     INFO -    Stored in directory: /home/cltbld/.cache/pip/wheels/10/00/c1/79bb793b6a7eb4dca9dfd244010f550ae5044951bcd23c261e
16:21:26     INFO -  Successfully built browsermob-proxy
16:21:26     INFO -  Installing collected packages: manifestparser, mozcrash, mozdebug, mozdevice, mozfile, mozhttpd, mozinfo, mozInstall, mozleak, mozlog, moznetwork, mozprocess, mozprofile, mozrunner, mozscreenshot, moztest, mozversion, wptserve, marionette-driver, browsermob-proxy, marionette-harness, firefox-puppeteer
16:21:26     INFO -    Running setup.py install for manifestparser: started
16:21:26     INFO -      Running setup.py install for manifestparser: finished with status 'done'
16:21:26     INFO -    Running setup.py install for mozcrash: started
16:21:27     INFO -      Running setup.py install for mozcrash: finished with status 'done'
16:21:27     INFO -    Running setup.py install for mozdebug: started
16:21:27     INFO -      Running setup.py install for mozdebug: finished with status 'done'
16:21:27     INFO -    Running setup.py install for mozdevice: started
16:21:28     INFO -      Running setup.py install for mozdevice: finished with status 'done'
16:21:28     INFO -    Running setup.py install for mozfile: started
16:21:28     INFO -      Running setup.py install for mozfile: finished with status 'done'
16:21:28     INFO -    Running setup.py install for mozhttpd: started
16:21:28     INFO -      Running setup.py install for mozhttpd: finished with status 'done'
16:21:28     INFO -    Running setup.py install for mozinfo: started
16:21:29     INFO -      Running setup.py install for mozinfo: finished with status 'done'
16:21:29     INFO -    Running setup.py install for mozInstall: started
16:21:29     INFO -      Running setup.py install for mozInstall: finished with status 'done'
16:21:29     INFO -    Running setup.py install for mozleak: started
16:21:30     INFO -      Running setup.py install for mozleak: finished with status 'done'
16:21:30     INFO -    Running setup.py install for mozlog: started
16:21:30     INFO -      Running setup.py install for mozlog: finished with status 'done'
16:21:30     INFO -    Running setup.py install for moznetwork: started
16:21:31     INFO -      Running setup.py install for moznetwork: finished with status 'done'
16:21:31     INFO -    Running setup.py install for mozprocess: started
16:21:31     INFO -      Running setup.py install for mozprocess: finished with status 'done'
16:21:31     INFO -    Running setup.py install for mozprofile: started
16:21:31     INFO -      Running setup.py install for mozprofile: finished with status 'done'
16:21:31     INFO -    Running setup.py install for mozrunner: started
16:21:32     INFO -      Running setup.py install for mozrunner: finished with status 'done'
16:21:32     INFO -    Running setup.py install for mozscreenshot: started
16:21:32     INFO -      Running setup.py install for mozscreenshot: finished with status 'done'
16:21:32     INFO -    Running setup.py install for moztest: started
16:21:33     INFO -      Running setup.py install for moztest: finished with status 'done'
16:21:33     INFO -    Running setup.py install for mozversion: started
16:21:33     INFO -      Running setup.py install for mozversion: finished with status 'done'
16:21:33     INFO -    Running setup.py install for wptserve: started
16:21:34     INFO -      Running setup.py install for wptserve: finished with status 'done'
16:21:34     INFO -    Running setup.py install for marionette-driver: started
16:21:34     INFO -      Running setup.py install for marionette-driver: finished with status 'done'
16:21:34     INFO -    Running setup.py install for marionette-harness: started
16:21:35     INFO -      Running setup.py install for marionette-harness: finished with status 'done'
16:21:35     INFO -    Running setup.py install for firefox-puppeteer: started
16:21:35     INFO -      Running setup.py install for firefox-puppeteer: finished with status 'done'
16:21:36     INFO -  Successfully installed browsermob-proxy-0.6.0 firefox-puppeteer-52.1.0 manifestparser-1.1 marionette-driver-2.2.0 marionette-harness-4.0.0 mozInstall-1.12 mozcrash-1.0 mozdebug-0.1 mozdevice-0.48 mozfile-1.2 mozhttpd-0.7 mozinfo-0.9 mozleak-0.1 mozlog-3.4 moznetwork-0.27 mozprocess-0.23 mozprofile-0.28 mozrunner-6.13 mozscreenshot-0.1 moztest-0.8 mozversion-1.4 wptserve-1.4.0
16:21:36     INFO - Return code: 0
16:21:36     INFO - Installing None into virtualenv /builds/slave/test/build/venv
16:21:36     INFO - retry: Calling run_command with args: [['/builds/slave/test/build/venv/bin/pip', 'install', '--timeout', '120', '-r', '/builds/slave/test/build/tests/config/marionette_requirements.txt', '--no-index', '--find-links', 'http://pypi.pvt.build.mozilla.org/pub', '--find-links', 'http://pypi.pub.build.mozilla.org/pub', '--trusted-host', 'pypi.pub.build.mozilla.org', '--trusted-host', 'pypi.pvt.build.mozilla.org']], kwargs: {'error_level': 'warning', 'error_list': [{'substr': 'not found or a compiler error:', 'level': 'warning'}, {'regex': <_sre.SRE_Pattern object at 0x9aecdc8>, 'level': 'error'}, {'regex': <_sre.SRE_Pattern object at 0x9a8c8b8>, 'level': 'warning'}, {'regex': <_sre.SRE_Pattern object at 0x9ccfb28>, 'level': 'debug'}, {'substr': 'command not found', 'level': 'error'}, {'regex': <_sre.SRE_Pattern object at 0x9c10290>, 'level': 'warning'}, {'substr': 'Traceback (most recent call last)', 'level': 'error'}, {'substr': 'SyntaxError: ', 'level': 'error'}, {'substr': 'TypeError: ', 'level': 'error'}, {'substr': 'NameError: ', 'level': 'error'}, {'substr': 'ZeroDivisionError: ', 'level': 'error'}, {'regex': <_sre.SRE_Pattern object at 0x9b3a1b8>, 'level': 'critical'}, {'regex': <_sre.SRE_Pattern object at 0x9cc2780>, 'level': 'critical'}], 'cwd': '/builds/slave/test/build/tests/config', 'env': {'TMOUT': '86400', 'LOGNAME': 'cltbld', 'USER': 'cltbld', 'HOME': '/home/cltbld', 'PATH': '/usr/local/bin:/usr/local/bin:/usr/bin:/bin:/usr/local/games:/usr/games', 'DISPLAY': ':0', 'CCACHE_UMASK': '002', 'LANG': 'en_US.UTF-8', 'TERM': 'linux', 'SHELL': '/bin/bash', 'MOZ_NODE_PATH': '/usr/bin/node', 'XDG_SESSION_COOKIE': '5a152710dd62cc268aad214e000002d8-1528499888.937342-1624606875', 'SHLVL': '1', 'NO_FAIL_ON_TEST_ERRORS': '1', 'MOZ_NO_REMOTE': '1', 'MOZ_HIDE_RESULTS_TABLE': '1', 'MAIL': '/var/mail/cltbld', '_': '/tools/buildbot/bin/python', 'NODE_PATH': '/usr/lib/nodejs:/usr/lib/node_modules:/usr/share/javascript', 'PWD': '/builds/slave/test', 'PROPERTIES_FILE': '/builds/slave/test/buildprops.json', 'CCACHE_DIR': '/builds/ccache'}}, attempt #1
16:21:36     INFO - Running command: ['/builds/slave/test/build/venv/bin/pip', 'install', '--timeout', '120', '-r', '/builds/slave/test/build/tests/config/marionette_requirements.txt', '--no-index', '--find-links', 'http://pypi.pvt.build.mozilla.org/pub', '--find-links', 'http://pypi.pub.build.mozilla.org/pub', '--trusted-host', 'pypi.pub.build.mozilla.org', '--trusted-host', 'pypi.pvt.build.mozilla.org'] in /builds/slave/test/build/tests/config
16:21:36     INFO - Copy/paste: /builds/slave/test/build/venv/bin/pip install --timeout 120 -r /builds/slave/test/build/tests/config/marionette_requirements.txt --no-index --find-links http://pypi.pvt.build.mozilla.org/pub --find-links http://pypi.pub.build.mozilla.org/pub --trusted-host pypi.pub.build.mozilla.org --trusted-host pypi.pvt.build.mozilla.org
16:21:36     INFO - Using env: {'CCACHE_DIR': '/builds/ccache',
16:21:36     INFO -  'CCACHE_UMASK': '002',
16:21:36     INFO -  'DISPLAY': ':0',
16:21:36     INFO -  'HOME': '/home/cltbld',
16:21:36     INFO -  'LANG': 'en_US.UTF-8',
16:21:36     INFO -  'LOGNAME': 'cltbld',
16:21:36     INFO -  'MAIL': '/var/mail/cltbld',
16:21:36     INFO -  'MOZ_HIDE_RESULTS_TABLE': '1',
16:21:36     INFO -  'MOZ_NODE_PATH': '/usr/bin/node',
16:21:36     INFO -  'MOZ_NO_REMOTE': '1',
16:21:36     INFO -  'NODE_PATH': '/usr/lib/nodejs:/usr/lib/node_modules:/usr/share/javascript',
16:21:36     INFO -  'NO_FAIL_ON_TEST_ERRORS': '1',
16:21:36     INFO -  'PATH': '/usr/local/bin:/usr/local/bin:/usr/bin:/bin:/usr/local/games:/usr/games',
16:21:36     INFO -  'PROPERTIES_FILE': '/builds/slave/test/buildprops.json',
16:21:36     INFO -  'PWD': '/builds/slave/test',
16:21:36     INFO -  'SHELL': '/bin/bash',
16:21:36     INFO -  'SHLVL': '1',
16:21:36     INFO -  'TERM': 'linux',
16:21:36     INFO -  'TMOUT': '86400',
16:21:36     INFO -  'USER': 'cltbld',
16:21:36     INFO -  'XDG_SESSION_COOKIE': '5a152710dd62cc268aad214e000002d8-1528499888.937342-1624606875',
16:21:36     INFO -  '_': '/tools/buildbot/bin/python'}
16:21:37     INFO -  Ignoring indexes: https://pypi.python.org/simple
16:21:37     INFO -  Processing /builds/slave/test/build/tests/mozbase/manifestparser
16:21:38     INFO -    Requirement already satisfied (use --upgrade to upgrade): manifestparser==1.1 from file:///builds/slave/test/build/tests/mozbase/manifestparser in /builds/slave/test/build/venv/lib/python2.7/site-packages (from -r /builds/slave/test/build/tests/config/mozbase_requirements.txt (line 1))
16:21:38     INFO -  Processing /builds/slave/test/build/tests/mozbase/mozcrash
16:21:38     INFO -    Requirement already satisfied (use --upgrade to upgrade): mozcrash==1.0 from file:///builds/slave/test/build/tests/mozbase/mozcrash in /builds/slave/test/build/venv/lib/python2.7/site-packages (from -r /builds/slave/test/build/tests/config/mozbase_requirements.txt (line 2))
16:21:38     INFO -  Processing /builds/slave/test/build/tests/mozbase/mozdebug
16:21:38     INFO -    Requirement already satisfied (use --upgrade to upgrade): mozdebug==0.1 from file:///builds/slave/test/build/tests/mozbase/mozdebug in /builds/slave/test/build/venv/lib/python2.7/site-packages (from -r /builds/slave/test/build/tests/config/mozbase_requirements.txt (line 3))
16:21:38     INFO -  Processing /builds/slave/test/build/tests/mozbase/mozdevice
16:21:39     INFO -    Requirement already satisfied (use --upgrade to upgrade): mozdevice==0.48 from file:///builds/slave/test/build/tests/mozbase/mozdevice in /builds/slave/test/build/venv/lib/python2.7/site-packages (from -r /builds/slave/test/build/tests/config/mozbase_requirements.txt (line 4))
16:21:39     INFO -  Processing /builds/slave/test/build/tests/mozbase/mozfile
16:21:39     INFO -    Requirement already satisfied (use --upgrade to upgrade): mozfile==1.2 from file:///builds/slave/test/build/tests/mozbase/mozfile in /builds/slave/test/build/venv/lib/python2.7/site-packages (from -r /builds/slave/test/build/tests/config/mozbase_requirements.txt (line 5))
16:21:39     INFO -  Processing /builds/slave/test/build/tests/mozbase/mozhttpd
16:21:39     INFO -    Requirement already satisfied (use --upgrade to upgrade): mozhttpd==0.7 from file:///builds/slave/test/build/tests/mozbase/mozhttpd in /builds/slave/test/build/venv/lib/python2.7/site-packages (from -r /builds/slave/test/build/tests/config/mozbase_requirements.txt (line 6))
16:21:39     INFO -  Processing /builds/slave/test/build/tests/mozbase/mozinfo
16:21:40     INFO -    Requirement already satisfied (use --upgrade to upgrade): mozinfo==0.9 from file:///builds/slave/test/build/tests/mozbase/mozinfo in /builds/slave/test/build/venv/lib/python2.7/site-packages (from -r /builds/slave/test/build/tests/config/mozbase_requirements.txt (line 7))
16:21:40     INFO -  Processing /builds/slave/test/build/tests/mozbase/mozinstall
16:21:40     INFO -    Requirement already satisfied (use --upgrade to upgrade): mozInstall==1.12 from file:///builds/slave/test/build/tests/mozbase/mozinstall in /builds/slave/test/build/venv/lib/python2.7/site-packages (from -r /builds/slave/test/build/tests/config/mozbase_requirements.txt (line 8))
16:21:40     INFO -  Processing /builds/slave/test/build/tests/mozbase/mozleak
16:21:41     INFO -    Requirement already satisfied (use --upgrade to upgrade): mozleak==0.1 from file:///builds/slave/test/build/tests/mozbase/mozleak in /builds/slave/test/build/venv/lib/python2.7/site-packages (from -r /builds/slave/test/build/tests/config/mozbase_requirements.txt (line 9))
16:21:41     INFO -  Processing /builds/slave/test/build/tests/mozbase/mozlog
16:21:41     INFO -    Requirement already satisfied (use --upgrade to upgrade): mozlog==3.4 from file:///builds/slave/test/build/tests/mozbase/mozlog in /builds/slave/test/build/venv/lib/python2.7/site-packages (from -r /builds/slave/test/build/tests/config/mozbase_requirements.txt (line 10))
16:21:41     INFO -  Processing /builds/slave/test/build/tests/mozbase/moznetwork
16:21:41     INFO -    Requirement already satisfied (use --upgrade to upgrade): moznetwork==0.27 from file:///builds/slave/test/build/tests/mozbase/moznetwork in /builds/slave/test/build/venv/lib/python2.7/site-packages (from -r /builds/slave/test/build/tests/config/mozbase_requirements.txt (line 11))
16:21:41     INFO -  Processing /builds/slave/test/build/tests/mozbase/mozprocess
16:21:42     INFO -    Requirement already satisfied (use --upgrade to upgrade): mozprocess==0.23 from file:///builds/slave/test/build/tests/mozbase/mozprocess in /builds/slave/test/build/venv/lib/python2.7/site-packages (from -r /builds/slave/test/build/tests/config/mozbase_requirements.txt (line 12))
16:21:42     INFO -  Processing /builds/slave/test/build/tests/mozbase/mozprofile
16:21:42     INFO -    Requirement already satisfied (use --upgrade to upgrade): mozprofile==0.28 from file:///builds/slave/test/build/tests/mozbase/mozprofile in /builds/slave/test/build/venv/lib/python2.7/site-packages (from -r /builds/slave/test/build/tests/config/mozbase_requirements.txt (line 13))
16:21:42     INFO -  Processing /builds/slave/test/build/tests/mozbase/mozrunner
16:21:42     INFO -    Requirement already satisfied (use --upgrade to upgrade): mozrunner==6.13 from file:///builds/slave/test/build/tests/mozbase/mozrunner in /builds/slave/test/build/venv/lib/python2.7/site-packages (from -r /builds/slave/test/build/tests/config/mozbase_requirements.txt (line 14))
16:21:42     INFO -  Processing /builds/slave/test/build/tests/mozbase/mozscreenshot
16:21:43     INFO -    Requirement already satisfied (use --upgrade to upgrade): mozscreenshot==0.1 from file:///builds/slave/test/build/tests/mozbase/mozscreenshot in /builds/slave/test/build/venv/lib/python2.7/site-packages (from -r /builds/slave/test/build/tests/config/mozbase_requirements.txt (line 15))
16:21:43     INFO -  Processing /builds/slave/test/build/tests/mozbase/moztest
16:21:43     INFO -    Requirement already satisfied (use --upgrade to upgrade): moztest==0.8 from file:///builds/slave/test/build/tests/mozbase/moztest in /builds/slave/test/build/venv/lib/python2.7/site-packages (from -r /builds/slave/test/build/tests/config/mozbase_requirements.txt (line 16))
16:21:43     INFO -  Processing /builds/slave/test/build/tests/mozbase/mozversion
16:21:43     INFO -    Requirement already satisfied (use --upgrade to upgrade): mozversion==1.4 from file:///builds/slave/test/build/tests/mozbase/mozversion in /builds/slave/test/build/venv/lib/python2.7/site-packages (from -r /builds/slave/test/build/tests/config/mozbase_requirements.txt (line 17))
16:21:43     INFO -  Processing /builds/slave/test/build/tests/tools/wptserve
16:21:44     INFO -    Requirement already satisfied (use --upgrade to upgrade): wptserve==1.4.0 from file:///builds/slave/test/build/tests/tools/wptserve in /builds/slave/test/build/venv/lib/python2.7/site-packages (from -r /builds/slave/test/build/tests/config/marionette_requirements.txt (line 3))
16:21:44     INFO -  Processing /builds/slave/test/build/tests/marionette/client
16:21:44     INFO -    Requirement already satisfied (use --upgrade to upgrade): marionette-driver==2.2.0 from file:///builds/slave/test/build/tests/marionette/client in /builds/slave/test/build/venv/lib/python2.7/site-packages (from -r /builds/slave/test/build/tests/config/marionette_requirements.txt (line 4))
16:21:44     INFO -  Processing /builds/slave/test/build/tests/marionette/harness/marionette_harness/runner/mixins/browsermob-proxy-py
16:21:45     INFO -    Requirement already satisfied (use --upgrade to upgrade): browsermob-proxy==0.6.0 from file:///builds/slave/test/build/tests/marionette/harness/marionette_harness/runner/mixins/browsermob-proxy-py in /builds/slave/test/build/venv/lib/python2.7/site-packages (from -r /builds/slave/test/build/tests/config/marionette_requirements.txt (line 5))
16:21:45     INFO -  Processing /builds/slave/test/build/tests/marionette/harness
16:21:45     INFO -    Requirement already satisfied (use --upgrade to upgrade): marionette-harness==4.0.0 from file:///builds/slave/test/build/tests/marionette/harness in /builds/slave/test/build/venv/lib/python2.7/site-packages (from -r /builds/slave/test/build/tests/config/marionette_requirements.txt (line 6))
16:21:45     INFO -  Processing /builds/slave/test/build/tests/marionette/puppeteer/firefox
16:21:45     INFO -    Requirement already satisfied (use --upgrade to upgrade): firefox-puppeteer==52.1.0 from file:///builds/slave/test/build/tests/marionette/puppeteer/firefox in /builds/slave/test/build/venv/lib/python2.7/site-packages (from -r /builds/slave/test/build/tests/config/marionette_requirements.txt (line 9))
16:21:45     INFO -  Requirement already satisfied (use --upgrade to upgrade): mozfile>=1.0 in /builds/slave/test/build/venv/lib/python2.7/site-packages (from mozcrash==1.0->-r /builds/slave/test/build/tests/config/mozbase_requirements.txt (line 2))
16:21:45     INFO -  Requirement already satisfied (use --upgrade to upgrade): mozlog>=3.0 in /builds/slave/test/build/venv/lib/python2.7/site-packages (from mozcrash==1.0->-r /builds/slave/test/build/tests/config/mozbase_requirements.txt (line 2))
16:21:45     INFO -  Requirement already satisfied (use --upgrade to upgrade): mozinfo in /builds/slave/test/build/venv/lib/python2.7/site-packages (from mozdebug==0.1->-r /builds/slave/test/build/tests/config/mozbase_requirements.txt (line 3))
16:21:45     INFO -  Requirement already satisfied (use --upgrade to upgrade): moznetwork>=0.24 in /builds/slave/test/build/venv/lib/python2.7/site-packages (from mozdevice==0.48->-r /builds/slave/test/build/tests/config/mozbase_requirements.txt (line 4))
16:21:45     INFO -  Requirement already satisfied (use --upgrade to upgrade): mozprocess>=0.19 in /builds/slave/test/build/venv/lib/python2.7/site-packages (from mozdevice==0.48->-r /builds/slave/test/build/tests/config/mozbase_requirements.txt (line 4))
16:21:45     INFO -  Collecting blessings>=1.3 (from mozlog==3.4->-r /builds/slave/test/build/tests/config/mozbase_requirements.txt (line 10))
16:21:46     INFO -  /builds/slave/test/build/venv/lib/python2.7/site-packages/pip/_vendor/requests/packages/urllib3/util/ssl_.py:318: SNIMissingWarning: An HTTPS request has been made, but the SNI (Subject Name Indication) extension to TLS is not available on this platform. This may cause the server to present an incorrect TLS certificate, which can cause validation failures. You can upgrade to a newer version of Python to solve this. For more information, see https://urllib3.readthedocs.org/en/latest/security.html#snimissingwarning.
16:21:46     INFO -    SNIMissingWarning
16:21:46     INFO -  /builds/slave/test/build/venv/lib/python2.7/site-packages/pip/_vendor/requests/packages/urllib3/util/ssl_.py:122: InsecurePlatformWarning: A true SSLContext object is not available. This prevents urllib3 from configuring SSL appropriately and may cause certain SSL connections to fail. You can upgrade to a newer version of Python to solve this. For more information, see https://urllib3.readthedocs.org/en/latest/security.html#insecureplatformwarning.
16:21:46     INFO -    InsecurePlatformWarning
16:21:47     INFO -  /builds/slave/test/build/venv/lib/python2.7/site-packages/pip/_vendor/requests/packages/urllib3/util/ssl_.py:122: InsecurePlatformWarning: A true SSLContext object is not available. This prevents urllib3 from configuring SSL appropriately and may cause certain SSL connections to fail. You can upgrade to a newer version of Python to solve this. For more information, see https://urllib3.readthedocs.org/en/latest/security.html#insecureplatformwarning.
16:21:47     INFO -    InsecurePlatformWarning
16:21:52     INFO -    Downloading https://pypi.pvt.build.mozilla.org/pub/blessings-1.6.tar.gz
16:21:53     INFO -  Requirement already satisfied (use --upgrade to upgrade): requests>=1.1.0 in /builds/slave/test/build/venv/lib/python2.7/site-packages (from browsermob-proxy==0.6.0->-r /builds/slave/test/build/tests/config/marionette_requirements.txt (line 5))
16:21:53     INFO -  Building wheels for collected packages: blessings, browsermob-proxy
16:21:53     INFO -    Running setup.py bdist_wheel for blessings: started
16:21:53     INFO -    Running setup.py bdist_wheel for blessings: finished with status 'done'
16:21:53     INFO -    Stored in directory: /home/cltbld/.cache/pip/wheels/fb/37/ae/c6b15ed5da2ead5847df54c8319487050d4dcc950c9795eae9
16:21:53     INFO -    Running setup.py bdist_wheel for browsermob-proxy: started
16:21:54     INFO -    Running setup.py bdist_wheel for browsermob-proxy: finished with status 'done'
16:21:54     INFO -    Stored in directory: /home/cltbld/.cache/pip/wheels/10/00/c1/79bb793b6a7eb4dca9dfd244010f550ae5044951bcd23c261e
16:21:54     INFO -  Successfully built blessings browsermob-proxy
16:21:54     INFO -  Installing collected packages: blessings
16:21:54     INFO -  Successfully installed blessings-1.6
16:21:54     INFO - Return code: 0
16:21:54     INFO - Done creating virtualenv /builds/slave/test/build/venv.
16:21:54     INFO - Getting output from command: ['/builds/slave/test/build/venv/bin/pip', 'freeze']
16:21:54     INFO - Copy/paste: /builds/slave/test/build/venv/bin/pip freeze
16:21:56     INFO - Reading from file tmpfile_stdout
16:21:56     INFO - Reading from file tmpfile_stderr
16:21:56     INFO - Current package versions:
16:21:56     INFO -   blessings == 1.6
16:21:56     INFO -   blobuploader == 1.2.4
16:21:56     INFO -   browsermob-proxy == 0.6.0
16:21:56     INFO -   docopt == 0.6.1
16:21:56     INFO -   firefox-puppeteer == 52.1.0
16:21:56     INFO -   functools32 == 3.2.3.post2
16:21:56     INFO -   jsonschema == 2.5.1
16:21:56     INFO -   manifestparser == 1.1
16:21:56     INFO -   marionette-driver == 2.2.0
16:21:56     INFO -   marionette-harness == 4.0.0
16:21:56     INFO -   mozInstall == 1.12
16:21:56     INFO -   mozcrash == 1.0
16:21:56     INFO -   mozdebug == 0.1
16:21:56     INFO -   mozdevice == 0.48
16:21:56     INFO -   mozfile == 1.2
16:21:56     INFO -   mozhttpd == 0.7
16:21:56     INFO -   mozinfo == 0.9
16:21:56     INFO -   mozleak == 0.1
16:21:56     INFO -   mozlog == 3.4
16:21:56     INFO -   moznetwork == 0.27
16:21:56     INFO -   mozprocess == 0.23
16:21:56     INFO -   mozprofile == 0.28
16:21:56     INFO -   mozrunner == 6.13
16:21:56     INFO -   mozscreenshot == 0.1
16:21:56     INFO -   mozsystemmonitor == 0.3
16:21:56     INFO -   moztest == 0.8
16:21:56     INFO -   mozversion == 1.4
16:21:56     INFO -   psutil == 5.4.3
16:21:56     INFO -   requests == 1.2.3
16:21:56     INFO -   wptserve == 1.4.0
16:21:56     INFO - Running post-action listener: _resource_record_post_action
16:21:56     INFO - Running post-action listener: _start_resource_monitoring
16:21:56     INFO - Starting resource monitoring.
16:21:56     INFO - [mozharness: 2018-06-08 23:21:56.471385Z] Finished create-virtualenv step (success)
16:21:56     INFO - [mozharness: 2018-06-08 23:21:56.478648Z] Running pull step.
16:21:56     INFO - Running pre-action listener: _resource_record_pre_action
16:21:56     INFO - Running main action method: pull
16:21:56     INFO - Pull has nothing to do!
16:21:56     INFO - Running post-action listener: _resource_record_post_action
16:21:56     INFO - [mozharness: 2018-06-08 23:21:56.480975Z] Finished pull step (success)
16:21:56     INFO - [mozharness: 2018-06-08 23:21:56.481403Z] Running install step.
16:21:56     INFO - Running pre-action listener: _resource_record_pre_action
16:21:56     INFO - Running main action method: install
16:21:56     INFO - Getting output from command: ['/builds/slave/test/build/venv/bin/pip', 'freeze']
16:21:56     INFO - Copy/paste: /builds/slave/test/build/venv/bin/pip freeze
16:21:57     INFO - Reading from file tmpfile_stdout
16:21:57     INFO - Reading from file tmpfile_stderr
16:21:57     INFO - Detecting whether we're running mozinstall >=1.0...
16:21:57     INFO - Getting output from command: ['/builds/slave/test/build/venv/bin/mozinstall', '-h']
16:21:57     INFO - Copy/paste: /builds/slave/test/build/venv/bin/mozinstall -h
16:21:57     INFO - Reading from file tmpfile_stdout
16:21:57     INFO - Output received:
16:21:57     INFO -  Usage: mozinstall [options] installer
16:21:57     INFO -  Options:
16:21:57     INFO -    -h, --help            show this help message and exit
16:21:57     INFO -    -d DEST, --destination=DEST
16:21:57     INFO -                          Directory to install application into. [default:
16:21:57     INFO -                          "/builds/slave/test"]
16:21:57     INFO -    --app=APP             Application being installed. [default: firefox]
16:21:57     INFO - mkdir: /builds/slave/test/build/application
16:21:57     INFO - Getting output from command: ['/builds/slave/test/build/venv/bin/mozinstall', '/builds/slave/test/build/firefox-52.8.2.en-US.linux-i686.tar.bz2', '--destination', '/builds/slave/test/build/application']
16:21:57     INFO - Copy/paste: /builds/slave/test/build/venv/bin/mozinstall /builds/slave/test/build/firefox-52.8.2.en-US.linux-i686.tar.bz2 --destination /builds/slave/test/build/application
16:22:29     INFO - Reading from file tmpfile_stdout
16:22:29     INFO - Output received:
16:22:29     INFO -  /builds/slave/test/build/application/firefox/firefox
16:22:29     INFO - Running post-action listener: _resource_record_post_action
16:22:29     INFO - [mozharness: 2018-06-08 23:22:29.287927Z] Finished install step (success)
16:22:29     INFO - [mozharness: 2018-06-08 23:22:29.288162Z] Running run-tests step.
16:22:29     INFO - Running pre-action listener: _resource_record_pre_action
16:22:29     INFO - Running main action method: run_tests
16:22:29     INFO - mkdir: /builds/slave/test/build/blobber_upload_dir
16:22:29     INFO - Minidump filename unknown. Determining based upon platform and architecture.
16:22:29     INFO - Minidump tooltool manifest unknown. Determining based upon platform and architecture.
16:22:29     INFO - grabbing minidump binary from tooltool
16:22:29     INFO - Downloading https://raw.githubusercontent.com/mozilla/build-tooltool/master/tooltool.py to /builds/slave/test/build/tooltool.py
16:22:29     INFO - retry: Calling _download_file with args: (), kwargs: {'url': 'https://raw.githubusercontent.com/mozilla/build-tooltool/master/tooltool.py', 'file_name': '/builds/slave/test/build/tooltool.py'}, attempt #1
16:22:29     INFO - Downloaded 38066 bytes.
16:22:29     INFO - Chmoding /builds/slave/test/build/tooltool.py to 0755
16:22:29     INFO - retry: Calling run_command with args: (['/tools/buildbot/bin/python', '/builds/slave/test/build/tooltool.py', '--url', 'https://api.pub.build.mozilla.org/tooltool/', '--authentication-file', '/builds/relengapi.tok', 'fetch', '-m', '/builds/slave/test/build/tests/config/tooltool-manifests/linux32/releng.manifest', '-o', '-c', '/builds/tooltool_cache'],), kwargs: {'output_timeout': 600, 'error_list': [{'substr': 'command not found', 'level': 'error'}, {'regex': <_sre.SRE_Pattern object at 0x9c10290>, 'level': 'warning'}, {'substr': 'Traceback (most recent call last)', 'level': 'error'}, {'substr': 'SyntaxError: ', 'level': 'error'}, {'substr': 'TypeError: ', 'level': 'error'}, {'substr': 'NameError: ', 'level': 'error'}, {'substr': 'ZeroDivisionError: ', 'level': 'error'}, {'regex': <_sre.SRE_Pattern object at 0x9b3a1b8>, 'level': 'critical'}, {'regex': <_sre.SRE_Pattern object at 0x9cc2780>, 'level': 'critical'}, {'substr': 'ERROR - ', 'level': 'error'}], 'cwd': '/builds/slave/test/build', 'privileged': False}, attempt #1
16:22:29     INFO - Running command: ['/tools/buildbot/bin/python', '/builds/slave/test/build/tooltool.py', '--url', 'https://api.pub.build.mozilla.org/tooltool/', '--authentication-file', '/builds/relengapi.tok', 'fetch', '-m', '/builds/slave/test/build/tests/config/tooltool-manifests/linux32/releng.manifest', '-o', '-c', '/builds/tooltool_cache'] in /builds/slave/test/build
16:22:29     INFO - Copy/paste: /tools/buildbot/bin/python /builds/slave/test/build/tooltool.py --url https://api.pub.build.mozilla.org/tooltool/ --authentication-file /builds/relengapi.tok fetch -m /builds/slave/test/build/tests/config/tooltool-manifests/linux32/releng.manifest -o -c /builds/tooltool_cache
16:22:29     INFO - Calling ['/tools/buildbot/bin/python', '/builds/slave/test/build/tooltool.py', '--url', 'https://api.pub.build.mozilla.org/tooltool/', '--authentication-file', '/builds/relengapi.tok', 'fetch', '-m', '/builds/slave/test/build/tests/config/tooltool-manifests/linux32/releng.manifest', '-o', '-c', '/builds/tooltool_cache'] with output_timeout 600
16:22:30     INFO -  INFO - File linux32-minidump_stackwalk not present in local cache folder /builds/tooltool_cache
16:22:30     INFO -  INFO - Attempting to fetch from 'https://api.pub.build.mozilla.org/tooltool/'...
16:22:32     INFO -  INFO - File linux32-minidump_stackwalk fetched from https://api.pub.build.mozilla.org/tooltool/ as /builds/slave/test/build/tmp4wgX9R
16:22:32     INFO -  INFO - File integrity verified, renaming tmp4wgX9R to linux32-minidump_stackwalk
16:22:32     INFO -  INFO - Updating local cache /builds/tooltool_cache...
16:22:32     INFO -  INFO - Local cache /builds/tooltool_cache updated with linux32-minidump_stackwalk
16:22:32     INFO - Return code: 0
16:22:32     INFO - Chmoding /builds/slave/test/build/linux32-minidump_stackwalk to 0755
16:22:32     INFO - ENV: MINIDUMP_SAVE_PATH is now /builds/slave/test/build/blobber_upload_dir
16:22:32     INFO - Running command: ['/builds/slave/test/build/venv/bin/python', '-u', '/builds/slave/test/build/tests/web-platform/runtests.py', '--log-raw=-', '--log-raw=/builds/slave/test/build/blobber_upload_dir/wpt_raw.log', '--log-errorsummary=/builds/slave/test/build/blobber_upload_dir/wpt_errorsummary.log', '--binary=/builds/slave/test/build/application/firefox/firefox', '--symbols-path=https://queue.taskcluster.net/v1/task/bv_xmMnhRbGfcnUpn7xASQ/artifacts/public/build/firefox-52.8.2.en-US.linux-i686.crashreporter-symbols.zip', '--stackwalk-binary=/builds/slave/test/build/linux32-minidump_stackwalk', '--stackfix-dir=/builds/slave/test/build/tests/bin', '--test-type=testharness', '--disable-e10s', '--total-chunks=10', '--this-chunk=3', '--prefs-root=/builds/slave/test/build/tests/web-platform/prefs', '--processes=1', '--config=/builds/slave/test/build/tests/web-platform/wptrunner.ini', '--ca-cert-path=/builds/slave/test/build/tests/web-platform/certs/cacert.pem', '--host-key-path=/builds/slave/test/build/tests/web-platform/certs/web-platform.test.key', '--host-cert-path=/builds/slave/test/build/tests/web-platform/certs/web-platform.test.pem', '--certutil-binary=/builds/slave/test/build/tests/bin/certutil'] in /builds/slave/test/build
16:22:32     INFO - Copy/paste: /builds/slave/test/build/venv/bin/python -u /builds/slave/test/build/tests/web-platform/runtests.py --log-raw=- --log-raw=/builds/slave/test/build/blobber_upload_dir/wpt_raw.log --log-errorsummary=/builds/slave/test/build/blobber_upload_dir/wpt_errorsummary.log --binary=/builds/slave/test/build/application/firefox/firefox --symbols-path=https://queue.taskcluster.net/v1/task/bv_xmMnhRbGfcnUpn7xASQ/artifacts/public/build/firefox-52.8.2.en-US.linux-i686.crashreporter-symbols.zip --stackwalk-binary=/builds/slave/test/build/linux32-minidump_stackwalk --stackfix-dir=/builds/slave/test/build/tests/bin --test-type=testharness --disable-e10s --total-chunks=10 --this-chunk=3 --prefs-root=/builds/slave/test/build/tests/web-platform/prefs --processes=1 --config=/builds/slave/test/build/tests/web-platform/wptrunner.ini --ca-cert-path=/builds/slave/test/build/tests/web-platform/certs/cacert.pem --host-key-path=/builds/slave/test/build/tests/web-platform/certs/web-platform.test.key --host-cert-path=/builds/slave/test/build/tests/web-platform/certs/web-platform.test.pem --certutil-binary=/builds/slave/test/build/tests/bin/certutil
16:22:32     INFO - Using env: {'CCACHE_DIR': '/builds/ccache',
16:22:32     INFO -  'CCACHE_UMASK': '002',
16:22:32     INFO -  'DISPLAY': ':0',
16:22:32     INFO -  'HOME': '/home/cltbld',
16:22:32     INFO -  'LANG': 'en_US.UTF-8',
16:22:32     INFO -  'LOGNAME': 'cltbld',
16:22:32     INFO -  'MAIL': '/var/mail/cltbld',
16:22:32     INFO -  'MINIDUMP_SAVE_PATH': '/builds/slave/test/build/blobber_upload_dir',
16:22:32     INFO -  'MOZ_HIDE_RESULTS_TABLE': '1',
16:22:32     INFO -  'MOZ_NODE_PATH': '/usr/bin/node',
16:22:32     INFO -  'MOZ_NO_REMOTE': '1',
16:22:32     INFO -  'NODE_PATH': '/usr/lib/nodejs:/usr/lib/node_modules:/usr/share/javascript',
16:22:32     INFO -  'NO_FAIL_ON_TEST_ERRORS': '1',
16:22:32     INFO -  'PATH': '/builds/slave/test/build/venv/bin:/usr/local/bin:/usr/local/bin:/usr/bin:/bin:/usr/local/games:/usr/games',
16:22:32     INFO -  'PROPERTIES_FILE': '/builds/slave/test/buildprops.json',
16:22:32     INFO -  'PWD': '/builds/slave/test',
16:22:32     INFO -  'SHELL': '/bin/bash',
16:22:32     INFO -  'SHLVL': '1',
16:22:32     INFO -  'TERM': 'linux',
16:22:32     INFO -  'TMOUT': '86400',
16:22:32     INFO -  'USER': 'cltbld',
16:22:32     INFO -  'XDG_SESSION_COOKIE': '5a152710dd62cc268aad214e000002d8-1528499888.937342-1624606875',
16:22:32     INFO -  '_': '/tools/buildbot/bin/python'}
16:22:32     INFO - Calling ['/builds/slave/test/build/venv/bin/python', '-u', '/builds/slave/test/build/tests/web-platform/runtests.py', '--log-raw=-', '--log-raw=/builds/slave/test/build/blobber_upload_dir/wpt_raw.log', '--log-errorsummary=/builds/slave/test/build/blobber_upload_dir/wpt_errorsummary.log', '--binary=/builds/slave/test/build/application/firefox/firefox', '--symbols-path=https://queue.taskcluster.net/v1/task/bv_xmMnhRbGfcnUpn7xASQ/artifacts/public/build/firefox-52.8.2.en-US.linux-i686.crashreporter-symbols.zip', '--stackwalk-binary=/builds/slave/test/build/linux32-minidump_stackwalk', '--stackfix-dir=/builds/slave/test/build/tests/bin', '--test-type=testharness', '--disable-e10s', '--total-chunks=10', '--this-chunk=3', '--prefs-root=/builds/slave/test/build/tests/web-platform/prefs', '--processes=1', '--config=/builds/slave/test/build/tests/web-platform/wptrunner.ini', '--ca-cert-path=/builds/slave/test/build/tests/web-platform/certs/cacert.pem', '--host-key-path=/builds/slave/test/build/tests/web-platform/certs/web-platform.test.key', '--host-cert-path=/builds/slave/test/build/tests/web-platform/certs/web-platform.test.pem', '--certutil-binary=/builds/slave/test/build/tests/bin/certutil'] with output_timeout 1000
16:22:33     INFO - STDERR: Opening manifest at /builds/slave/test/build/tests/web-platform/meta/MANIFEST.json
16:22:34     INFO - STDERR: Opening manifest at /builds/slave/test/build/tests/web-platform/mozilla/meta/MANIFEST.json
16:22:41     INFO - Using 1 client processes
16:22:41     INFO - wptserve Starting http server on 127.0.0.1:8000
16:22:41     INFO - wptserve Starting http server on 127.0.0.1:8001
16:22:41     INFO - wptserve Starting http server on 127.0.0.1:8443
16:22:43     INFO - SUITE-START | Running 474 tests
16:22:43     INFO - Running testharness tests
16:22:43     INFO - TEST-START | /WebCryptoAPI/generateKey/test_failures.html
16:22:43     INFO - TEST-SKIP | /WebCryptoAPI/generateKey/test_failures.html | took 1ms
16:22:43     INFO - TEST-START | /WebCryptoAPI/generateKey/test_failures_RSA-OAEP.html
16:22:43     INFO - TEST-SKIP | /WebCryptoAPI/generateKey/test_failures_RSA-OAEP.html | took 0ms
16:22:43     INFO - TEST-START | /WebCryptoAPI/generateKey/test_failures_RSA-PSS.html
16:22:43     INFO - TEST-SKIP | /WebCryptoAPI/generateKey/test_failures_RSA-PSS.html | took 0ms
16:22:43     INFO - TEST-START | /WebCryptoAPI/generateKey/test_failures_RSASSA-PKCS1-v1_5.html
16:22:43     INFO - TEST-SKIP | /WebCryptoAPI/generateKey/test_failures_RSASSA-PKCS1-v1_5.html | took 1ms
16:22:43     INFO - TEST-START | /WebCryptoAPI/generateKey/test_successes.html
16:22:43     INFO - TEST-SKIP | /WebCryptoAPI/generateKey/test_successes.html | took 0ms
16:22:43     INFO - TEST-START | /WebCryptoAPI/generateKey/test_successes_AES-CBC.html
16:22:43     INFO - TEST-SKIP | /WebCryptoAPI/generateKey/test_successes_AES-CBC.html | took 0ms
16:22:43     INFO - TEST-START | /WebCryptoAPI/generateKey/test_successes_RSA-OAEP.html
16:22:43     INFO - TEST-SKIP | /WebCryptoAPI/generateKey/test_successes_RSA-OAEP.html | took 0ms
16:22:43     INFO - TEST-START | /WebCryptoAPI/generateKey/test_successes_RSA-PSS.html
16:22:43     INFO - TEST-SKIP | /WebCryptoAPI/generateKey/test_successes_RSA-PSS.html | took 0ms
16:22:43     INFO - TEST-START | /WebCryptoAPI/generateKey/test_successes_RSASSA-PKCS1-v1_5.html
16:22:43     INFO - TEST-SKIP | /WebCryptoAPI/generateKey/test_successes_RSASSA-PKCS1-v1_5.html | took 0ms
16:22:43     INFO - TEST-START | /custom-elements/v0/creating-and-passing-registries/new-registry-test.html
16:22:43     INFO - TEST-SKIP | /custom-elements/v0/creating-and-passing-registries/new-registry-test.html | took 0ms
16:22:43     INFO - TEST-START | /custom-elements/v0/creating-and-passing-registries/no-registry-test.html
16:22:43     INFO - TEST-SKIP | /custom-elements/v0/creating-and-passing-registries/no-registry-test.html | took 0ms
16:22:43     INFO - TEST-START | /custom-elements/v0/creating-and-passing-registries/share-registry-create-document.html
16:22:43     INFO - TEST-SKIP | /custom-elements/v0/creating-and-passing-registries/share-registry-create-document.html | took 0ms
16:22:43     INFO - TEST-START | /custom-elements/v0/creating-and-passing-registries/share-registry-import-document.html
16:22:43     INFO - TEST-SKIP | /custom-elements/v0/creating-and-passing-registries/share-registry-import-document.html | took 0ms
16:22:43     INFO - TEST-START | /custom-elements/v0/custom-element-lifecycle/types-of-callbacks/attached-callback-move-element-test.html
16:22:43     INFO - TEST-SKIP | /custom-elements/v0/custom-element-lifecycle/types-of-callbacks/attached-callback-move-element-test.html | took 0ms
16:22:43     INFO - TEST-START | /custom-elements/v0/custom-element-lifecycle/types-of-callbacks/attached-callback-test.html
16:22:43     INFO - TEST-SKIP | /custom-elements/v0/custom-element-lifecycle/types-of-callbacks/attached-callback-test.html | took 0ms
16:22:43     INFO - TEST-START | /custom-elements/v0/custom-element-lifecycle/types-of-callbacks/attribute-changed-callback-change-attribute-test.html
16:22:43     INFO - TEST-SKIP | /custom-elements/v0/custom-element-lifecycle/types-of-callbacks/attribute-changed-callback-change-attribute-test.html | took 0ms
16:22:43     INFO - TEST-START | /custom-elements/v0/custom-element-lifecycle/types-of-callbacks/attribute-changed-callback-remove-attribute-test.html
16:22:43     INFO - TEST-SKIP | /custom-elements/v0/custom-element-lifecycle/types-of-callbacks/attribute-changed-callback-remove-attribute-test.html | took 0ms
16:22:43     INFO - TEST-START | /custom-elements/v0/custom-element-lifecycle/types-of-callbacks/attribute-changed-callback-set-attribute-test.html
16:22:43     INFO - TEST-SKIP | /custom-elements/v0/custom-element-lifecycle/types-of-callbacks/attribute-changed-callback-set-attribute-test.html | took 0ms
16:22:43     INFO - TEST-START | /custom-elements/v0/custom-element-lifecycle/types-of-callbacks/created-callback-element-prototype-test.html
16:22:43     INFO - TEST-SKIP | /custom-elements/v0/custom-element-lifecycle/types-of-callbacks/created-callback-element-prototype-test.html | took 0ms
16:22:43     INFO - TEST-START | /custom-elements/v0/custom-element-lifecycle/types-of-callbacks/created-callback-invocation-order-test.html
16:22:43     INFO - TEST-SKIP | /custom-elements/v0/custom-element-lifecycle/types-of-callbacks/created-callback-invocation-order-test.html | took 0ms
16:22:43     INFO - TEST-START | /custom-elements/v0/custom-element-lifecycle/types-of-callbacks/created-callback-invocation-test.html
16:22:43     INFO - TEST-SKIP | /custom-elements/v0/custom-element-lifecycle/types-of-callbacks/created-callback-invocation-test.html | took 0ms
16:22:43     INFO - TEST-START | /custom-elements/v0/custom-element-lifecycle/types-of-callbacks/detached-callback-move-element-test.html
16:22:43     INFO - TEST-SKIP | /custom-elements/v0/custom-element-lifecycle/types-of-callbacks/detached-callback-move-element-test.html | took 0ms
16:22:43     INFO - TEST-START | /custom-elements/v0/custom-element-lifecycle/types-of-callbacks/detached-callback-no-browsing-context-test.html
16:22:43     INFO - TEST-SKIP | /custom-elements/v0/custom-element-lifecycle/types-of-callbacks/detached-callback-no-browsing-context-test.html | took 0ms
16:22:43     INFO - TEST-START | /custom-elements/v0/custom-element-lifecycle/types-of-callbacks/detached-callback-with-browsing-context-test.html
16:22:43     INFO - TEST-SKIP | /custom-elements/v0/custom-element-lifecycle/types-of-callbacks/detached-callback-with-browsing-context-test.html | took 1ms
16:22:43     INFO - TEST-START | /custom-elements/v0/registering/definition-construction-algorithm-default-namespace.html
16:22:43     INFO - TEST-SKIP | /custom-elements/v0/registering/definition-construction-algorithm-default-namespace.html | took 0ms
16:22:43     INFO - TEST-START | /custom-elements/v0/registering/definition-construction-algorithm-duplicate-definition.html
16:22:43     INFO - TEST-SKIP | /custom-elements/v0/registering/definition-construction-algorithm-duplicate-definition.html | took 1ms
16:22:43     INFO - TEST-START | /custom-elements/v0/registering/definition-construction-algorithm-invalid-type.html
16:22:43     INFO - TEST-SKIP | /custom-elements/v0/registering/definition-construction-algorithm-invalid-type.html | took 0ms
16:22:43     INFO - TEST-START | /custom-elements/v0/registering/definition-construction-algorithm-local-name-lowercased.html
16:22:43     INFO - TEST-SKIP | /custom-elements/v0/registering/definition-construction-algorithm-local-name-lowercased.html | took 0ms
16:22:43     INFO - TEST-START | /custom-elements/v0/registering/definition-construction-algorithm-name-is-null.html
16:22:43     INFO - TEST-SKIP | /custom-elements/v0/registering/definition-construction-algorithm-name-is-null.html | took 0ms
16:22:43     INFO - TEST-START | /custom-elements/v0/registering/definition-construction-algorithm-no-interface-for-name.html
16:22:43     INFO - TEST-SKIP | /custom-elements/v0/registering/definition-construction-algorithm-no-interface-for-name.html | took 1ms
16:22:43     INFO - TEST-START | /custom-elements/v0/registering/definition-construction-algorithm-svg-namespace-name-is-null.html
16:22:43     INFO - TEST-SKIP | /custom-elements/v0/registering/definition-construction-algorithm-svg-namespace-name-is-null.html | took 0ms
16:22:43     INFO - TEST-START | /custom-elements/v0/registering/definition-construction-algorithm-svg-namespace.html
16:22:43     INFO - TEST-SKIP | /custom-elements/v0/registering/definition-construction-algorithm-svg-namespace.html | took 0ms
16:22:43     INFO - TEST-START | /custom-elements/v0/registering/definition-construction-algorithm-type-name-lowercased.html
16:22:43     INFO - TEST-SKIP | /custom-elements/v0/registering/definition-construction-algorithm-type-name-lowercased.html | took 0ms
16:22:43     INFO - TEST-START | /custom-elements/v0/registering/element-registration-algorithm-no-registry.html
16:22:43     INFO - TEST-SKIP | /custom-elements/v0/registering/element-registration-algorithm-no-registry.html | took 0ms
16:22:43     INFO - TEST-START | /custom-elements/v0/registering/extensions-to-document-interface/custom-element-name.html
16:22:43     INFO - TEST-SKIP | /custom-elements/v0/registering/extensions-to-document-interface/custom-element-name.html | took 0ms
16:22:43     INFO - TEST-START | /custom-elements/v0/registering/extensions-to-document-interface/custom-element-prototype.html
16:22:43     INFO - TEST-SKIP | /custom-elements/v0/registering/extensions-to-document-interface/custom-element-prototype.html | took 0ms
16:22:43     INFO - TEST-START | /custom-elements/v0/registering/unresolved-elements-interface-html-element.html
16:22:43     INFO - TEST-SKIP | /custom-elements/v0/registering/unresolved-elements-interface-html-element.html | took 1ms
16:22:43     INFO - TEST-START | /custom-elements/v0/registering/unresolved-elements-interface-html-unknown-element.html
16:22:43     INFO - TEST-SKIP | /custom-elements/v0/registering/unresolved-elements-interface-html-unknown-element.html | took 0ms
16:22:43     INFO - TEST-START | /custom-elements/v0/registering/unresolved-elements-interface-svg-element.html
16:22:43     INFO - TEST-SKIP | /custom-elements/v0/registering/unresolved-elements-interface-svg-element.html | took 0ms
16:22:43     INFO - TEST-START | /eventsource/format-data-before-final-empty-line.htm
16:22:43     INFO - TEST-SKIP | /eventsource/format-data-before-final-empty-line.htm | took 0ms
16:22:43     INFO - TEST-START | /eventsource/format-field-retry-bogus.htm
16:22:44     INFO - TEST-SKIP | /eventsource/format-field-retry-bogus.htm | took 0ms
16:22:44     INFO - TEST-START | /eventsource/format-field-retry.htm
16:22:44     INFO - TEST-SKIP | /eventsource/format-field-retry.htm | took 0ms
16:22:44     INFO - TEST-START | /mixed-content/blockable/http-csp/cross-origin-http/form-tag/top-level/keep-scheme-redirect/opt-in-blocks.https.html
16:22:44     INFO - TEST-SKIP | /mixed-content/blockable/http-csp/cross-origin-http/form-tag/top-level/keep-scheme-redirect/opt-in-blocks.https.html | took 0ms
16:22:44     INFO - TEST-START | /mixed-content/blockable/http-csp/cross-origin-http/form-tag/top-level/no-redirect/opt-in-blocks.https.html
16:22:44     INFO - TEST-SKIP | /mixed-content/blockable/http-csp/cross-origin-http/form-tag/top-level/no-redirect/opt-in-blocks.https.html | took 0ms
16:22:44     INFO - TEST-START | /mixed-content/blockable/no-opt-in/cross-origin-http/form-tag/top-level/no-redirect/no-opt-in-blocks.https.html
16:22:44     INFO - TEST-SKIP | /mixed-content/blockable/no-opt-in/cross-origin-http/form-tag/top-level/no-redirect/no-opt-in-blocks.https.html | took 0ms
16:22:44     INFO - TEST-START | /mixed-content/blockable/no-opt-in/same-host-http/form-tag/top-level/swap-scheme-redirect/no-opt-in-blocks.https.html
16:22:44     INFO - TEST-SKIP | /mixed-content/blockable/no-opt-in/same-host-http/form-tag/top-level/swap-scheme-redirect/no-opt-in-blocks.https.html | took 0ms
16:22:44     INFO - TEST-START | /referrer-policy/no-referrer-when-downgrade/meta-referrer/same-origin/http-https/img-tag/upgrade-protocol.keep-origin-redirect.http.html
16:22:44     INFO - TEST-SKIP | /referrer-policy/no-referrer-when-downgrade/meta-referrer/same-origin/http-https/img-tag/upgrade-protocol.keep-origin-redirect.http.html | took 0ms
16:22:44     INFO - TEST-START | /referrer-policy/no-referrer-when-downgrade/meta-referrer/same-origin/http-https/img-tag/upgrade-protocol.no-redirect.http.html
16:22:44     INFO - TEST-SKIP | /referrer-policy/no-referrer-when-downgrade/meta-referrer/same-origin/http-https/img-tag/upgrade-protocol.no-redirect.http.html | took 0ms
16:22:44     INFO - TEST-START | /referrer-policy/no-referrer-when-downgrade/meta-referrer/same-origin/http-https/img-tag/upgrade-protocol.swap-origin-redirect.http.html
16:22:44     INFO - TEST-SKIP | /referrer-policy/no-referrer-when-downgrade/meta-referrer/same-origin/http-https/img-tag/upgrade-protocol.swap-origin-redirect.http.html | took 1ms
16:22:44     INFO - TEST-START | /referrer-policy/no-referrer/meta-referrer/same-origin/http-http/img-tag/generic.keep-origin-redirect.http.html
16:22:44     INFO - TEST-SKIP | /referrer-policy/no-referrer/meta-referrer/same-origin/http-http/img-tag/generic.keep-origin-redirect.http.html | took 0ms
16:22:44     INFO - TEST-START | /referrer-policy/no-referrer/meta-referrer/same-origin/http-http/img-tag/generic.no-redirect.http.html
16:22:44     INFO - TEST-SKIP | /referrer-policy/no-referrer/meta-referrer/same-origin/http-http/img-tag/generic.no-redirect.http.html | took 0ms
16:22:44     INFO - TEST-START | /referrer-policy/no-referrer/meta-referrer/same-origin/http-http/img-tag/generic.swap-origin-redirect.http.html
16:22:44     INFO - TEST-SKIP | /referrer-policy/no-referrer/meta-referrer/same-origin/http-http/img-tag/generic.swap-origin-redirect.http.html | took 0ms
16:22:44     INFO - TEST-START | /referrer-policy/unset-referrer-policy/meta-referrer/cross-origin/http-https/img-tag/upgrade-protocol.keep-origin-redirect.http.html
16:22:44     INFO - TEST-SKIP | /referrer-policy/unset-referrer-policy/meta-referrer/cross-origin/http-https/img-tag/upgrade-protocol.keep-origin-redirect.http.html | took 1ms
16:22:44     INFO - TEST-START | /referrer-policy/unset-referrer-policy/meta-referrer/cross-origin/http-https/img-tag/upgrade-protocol.no-redirect.http.html
16:22:44     INFO - TEST-SKIP | /referrer-policy/unset-referrer-policy/meta-referrer/cross-origin/http-https/img-tag/upgrade-protocol.no-redirect.http.html | took 0ms
16:22:44     INFO - TEST-START | /referrer-policy/unset-referrer-policy/meta-referrer/cross-origin/http-https/img-tag/upgrade-protocol.swap-origin-redirect.http.html
16:22:44     INFO - TEST-SKIP | /referrer-policy/unset-referrer-policy/meta-referrer/cross-origin/http-https/img-tag/upgrade-protocol.swap-origin-redirect.http.html | took 0ms
16:22:44     INFO - TEST-START | /webgl/conformance-1.0.3/conformance/context/constants-and-properties.html
16:22:44     INFO - TEST-SKIP | /webgl/conformance-1.0.3/conformance/context/constants-and-properties.html | took 0ms
16:22:44     INFO - TEST-START | /webgl/conformance-1.0.3/conformance/context/context-attribute-preserve-drawing-buffer.html
16:22:44     INFO - TEST-SKIP | /webgl/conformance-1.0.3/conformance/context/context-attribute-preserve-drawing-buffer.html | took 1ms
16:22:44     INFO - TEST-START | /webgl/conformance-1.0.3/conformance/context/context-attributes-alpha-depth-stencil-antialias.html
16:22:44     INFO - TEST-SKIP | /webgl/conformance-1.0.3/conformance/context/context-attributes-alpha-depth-stencil-antialias.html | took 0ms
16:22:44     INFO - TEST-START | /webgl/conformance-1.0.3/conformance/context/context-creation-and-destruction.html
16:22:44     INFO - TEST-SKIP | /webgl/conformance-1.0.3/conformance/context/context-creation-and-destruction.html | took 0ms
16:22:44     INFO - TEST-START | /webgl/conformance-1.0.3/conformance/context/context-creation.html
16:22:44     INFO - TEST-SKIP | /webgl/conformance-1.0.3/conformance/context/context-creation.html | took 0ms
16:22:44     INFO - TEST-START | /webgl/conformance-1.0.3/conformance/context/context-eviction-with-garbage-collection.html
16:22:44     INFO - TEST-SKIP | /webgl/conformance-1.0.3/conformance/context/context-eviction-with-garbage-collection.html | took 1ms
16:22:44     INFO - TEST-START | /webgl/conformance-1.0.3/conformance/context/context-hidden-alpha.html
16:22:44     INFO - TEST-SKIP | /webgl/conformance-1.0.3/conformance/context/context-hidden-alpha.html | took 0ms
16:22:44     INFO - TEST-START | /webgl/conformance-1.0.3/conformance/context/context-lost-restored.html
16:22:44     INFO - TEST-SKIP | /webgl/conformance-1.0.3/conformance/context/context-lost-restored.html | took 0ms
16:22:44     INFO - TEST-START | /webgl/conformance-1.0.3/conformance/context/context-lost.html
16:22:44     INFO - TEST-SKIP | /webgl/conformance-1.0.3/conformance/context/context-lost.html | took 1ms
16:22:44     INFO - TEST-START | /webgl/conformance-1.0.3/conformance/context/context-release-upon-reload.html
16:22:44     INFO - TEST-SKIP | /webgl/conformance-1.0.3/conformance/context/context-release-upon-reload.html | took 0ms
16:22:44     INFO - TEST-START | /webgl/conformance-1.0.3/conformance/context/context-release-with-workers.html
16:22:44     INFO - TEST-SKIP | /webgl/conformance-1.0.3/conformance/context/context-release-with-workers.html | took 0ms
16:22:44     INFO - TEST-START | /webgl/conformance-1.0.3/conformance/context/context-type-test.html
16:22:44     INFO - TEST-SKIP | /webgl/conformance-1.0.3/conformance/context/context-type-test.html | took 0ms
16:22:44     INFO - TEST-START | /webgl/conformance-1.0.3/conformance/context/incorrect-context-object-behaviour.html
16:22:44     INFO - TEST-SKIP | /webgl/conformance-1.0.3/conformance/context/incorrect-context-object-behaviour.html | took 1ms
16:22:44     INFO - TEST-START | /webgl/conformance-1.0.3/conformance/context/methods.html
16:22:44     INFO - TEST-SKIP | /webgl/conformance-1.0.3/conformance/context/methods.html | took 0ms
16:22:44     INFO - TEST-START | /webgl/conformance-1.0.3/conformance/context/premultiplyalpha-test.html
16:22:44     INFO - TEST-SKIP | /webgl/conformance-1.0.3/conformance/context/premultiplyalpha-test.html | took 0ms
16:22:44     INFO - TEST-START | /webgl/conformance-1.0.3/conformance/context/resource-sharing-test.html
16:22:44     INFO - TEST-SKIP | /webgl/conformance-1.0.3/conformance/context/resource-sharing-test.html | took 0ms
16:22:44     INFO - TEST-START | /webgl/conformance-1.0.3/conformance/glsl/variables/gl-fragcoord-xy-values.html
16:22:44     INFO - TEST-SKIP | /webgl/conformance-1.0.3/conformance/glsl/variables/gl-fragcoord-xy-values.html | took 1ms
16:22:44     INFO - TEST-START | /webgl/conformance-1.0.3/conformance/glsl/variables/gl-fragcoord.html
16:22:44     INFO - TEST-SKIP | /webgl/conformance-1.0.3/conformance/glsl/variables/gl-fragcoord.html | took 0ms
16:22:44     INFO - TEST-START | /webgl/conformance-1.0.3/conformance/glsl/variables/gl-fragdata-and-fragcolor.html
16:22:44     INFO - TEST-SKIP | /webgl/conformance-1.0.3/conformance/glsl/variables/gl-fragdata-and-fragcolor.html | took 8ms
16:22:44     INFO - TEST-START | /webgl/conformance-1.0.3/conformance/glsl/variables/gl-frontfacing.html
16:22:44     INFO - TEST-SKIP | /webgl/conformance-1.0.3/conformance/glsl/variables/gl-frontfacing.html | took 0ms
16:22:44     INFO - TEST-START | /webgl/conformance-1.0.3/conformance/glsl/variables/gl-pointcoord.html
16:22:44     INFO - TEST-SKIP | /webgl/conformance-1.0.3/conformance/glsl/variables/gl-pointcoord.html | took 0ms
16:22:44     INFO - TEST-START | /webgl/conformance-1.0.3/conformance/glsl/variables/glsl-built-ins.html
16:22:44     INFO - TEST-SKIP | /webgl/conformance-1.0.3/conformance/glsl/variables/glsl-built-ins.html | took 0ms
16:22:44     INFO - TEST-START | /webgl/conformance-1.0.3/conformance/misc/bad-arguments-test.html
16:22:44     INFO - TEST-SKIP | /webgl/conformance-1.0.3/conformance/misc/bad-arguments-test.html | took 0ms
16:22:44     INFO - TEST-START | /webgl/conformance-1.0.3/conformance/misc/boolean-argument-conversion.html
16:22:44     INFO - TEST-SKIP | /webgl/conformance-1.0.3/conformance/misc/boolean-argument-conversion.html | took 0ms
16:22:44     INFO - TEST-START | /webgl/conformance-1.0.3/conformance/misc/delayed-drawing.html
16:22:44     INFO - TEST-SKIP | /webgl/conformance-1.0.3/conformance/misc/delayed-drawing.html | took 0ms
16:22:44     INFO - TEST-START | /webgl/conformance-1.0.3/conformance/misc/error-reporting.html
16:22:44     INFO - TEST-SKIP | /webgl/conformance-1.0.3/conformance/misc/error-reporting.html | took 1ms
16:22:44     INFO - TEST-START | /webgl/conformance-1.0.3/conformance/misc/functions-returning-strings.html
16:22:44     INFO - TEST-SKIP | /webgl/conformance-1.0.3/conformance/misc/functions-returning-strings.html | took 0ms
16:22:44     INFO - TEST-START | /webgl/conformance-1.0.3/conformance/misc/instanceof-test.html
16:22:44     INFO - TEST-SKIP | /webgl/conformance-1.0.3/conformance/misc/instanceof-test.html | took 0ms
16:22:44     INFO - TEST-START | /webgl/conformance-1.0.3/conformance/misc/invalid-passed-params.html
16:22:44     INFO - TEST-SKIP | /webgl/conformance-1.0.3/conformance/misc/invalid-passed-params.html | took 0ms
16:22:44     INFO - TEST-START | /webgl/conformance-1.0.3/conformance/misc/is-object.html
16:22:44     INFO - TEST-SKIP | /webgl/conformance-1.0.3/conformance/misc/is-object.html | took 0ms
16:22:44     INFO - TEST-START | /webgl/conformance-1.0.3/conformance/misc/null-object-behaviour.html
16:22:44     INFO - TEST-SKIP | /webgl/conformance-1.0.3/conformance/misc/null-object-behaviour.html | took 1ms
16:22:44     INFO - TEST-START | /webgl/conformance-1.0.3/conformance/misc/object-deletion-behaviour.html
16:22:44     INFO - TEST-SKIP | /webgl/conformance-1.0.3/conformance/misc/object-deletion-behaviour.html | took 0ms
16:22:44     INFO - TEST-START | /webgl/conformance-1.0.3/conformance/misc/shader-precision-format.html
16:22:44     INFO - TEST-SKIP | /webgl/conformance-1.0.3/conformance/misc/shader-precision-format.html | took 0ms
16:22:44     INFO - TEST-START | /webgl/conformance-1.0.3/conformance/misc/type-conversion-test.html
16:22:44     INFO - TEST-SKIP | /webgl/conformance-1.0.3/conformance/misc/type-conversion-test.html | took 0ms
16:22:44     INFO - TEST-START | /webgl/conformance-1.0.3/conformance/misc/uninitialized-test.html
16:22:44     INFO - TEST-SKIP | /webgl/conformance-1.0.3/conformance/misc/uninitialized-test.html | took 1ms
16:22:44     INFO - TEST-START | /webgl/conformance-1.0.3/conformance/misc/webgl-specific.html
16:22:44     INFO - TEST-SKIP | /webgl/conformance-1.0.3/conformance/misc/webgl-specific.html | took 0ms
16:22:44     INFO - TEST-START | /webgl/conformance-1.0.3/conformance/more/glsl/arrayOutOfBounds.html
16:22:44     INFO - TEST-SKIP | /webgl/conformance-1.0.3/conformance/more/glsl/arrayOutOfBounds.html | took 0ms
16:22:44     INFO - TEST-START | /webgl/conformance-1.0.3/conformance/more/glsl/uniformOutOfBounds.html
16:22:44     INFO - TEST-SKIP | /webgl/conformance-1.0.3/conformance/more/glsl/uniformOutOfBounds.html | took 0ms
16:22:44     INFO - TEST-START | /webgl/conformance-1.0.3/conformance/ogles/GL/cross/cross_001_to_002.html
16:22:44     INFO - TEST-SKIP | /webgl/conformance-1.0.3/conformance/ogles/GL/cross/cross_001_to_002.html | took 0ms
16:22:44     INFO - TEST-START | /webgl/conformance-1.0.3/conformance/ogles/GL/degrees/degrees_001_to_006.html
16:22:44     INFO - TEST-SKIP | /webgl/conformance-1.0.3/conformance/ogles/GL/degrees/degrees_001_to_006.html | took 1ms
16:22:44     INFO - TEST-START | /webgl/conformance-1.0.3/conformance/ogles/GL/pow/pow_001_to_008.html
16:22:44     INFO - TEST-SKIP | /webgl/conformance-1.0.3/conformance/ogles/GL/pow/pow_001_to_008.html | took 0ms
16:22:44     INFO - TEST-START | /webgl/conformance-1.0.3/conformance/ogles/GL/pow/pow_009_to_016.html
16:22:44     INFO - TEST-SKIP | /webgl/conformance-1.0.3/conformance/ogles/GL/pow/pow_009_to_016.html | took 0ms
16:22:44     INFO - TEST-START | /webgl/conformance-1.0.3/conformance/ogles/GL/pow/pow_017_to_024.html
16:22:44     INFO - TEST-SKIP | /webgl/conformance-1.0.3/conformance/ogles/GL/pow/pow_017_to_024.html | took 0ms
16:22:44     INFO - TEST-START | /webgl/conformance-1.0.3/conformance/ogles/GL/reflect/reflect_001_to_006.html
16:22:44     INFO - TEST-SKIP | /webgl/conformance-1.0.3/conformance/ogles/GL/reflect/reflect_001_to_006.html | took 1ms
16:22:44     INFO - TEST-START | /webgl/conformance-1.0.3/conformance/ogles/GL/sqrt/sqrt_001_to_006.html
16:22:44     INFO - TEST-SKIP | /webgl/conformance-1.0.3/conformance/ogles/GL/sqrt/sqrt_001_to_006.html | took 0ms
16:22:44     INFO - TEST-START | /webgl/conformance-1.0.3/conformance/programs/get-active-test.html
16:22:44     INFO - TEST-SKIP | /webgl/conformance-1.0.3/conformance/programs/get-active-test.html | took 0ms
16:22:44     INFO - TEST-START | /webgl/conformance-1.0.3/conformance/programs/gl-bind-attrib-location-long-names-test.html
16:22:44     INFO - TEST-SKIP | /webgl/conformance-1.0.3/conformance/programs/gl-bind-attrib-location-long-names-test.html | took 0ms
16:22:44     INFO - TEST-START | /webgl/conformance-1.0.3/conformance/programs/gl-bind-attrib-location-test.html
16:22:44     INFO - TEST-SKIP | /webgl/conformance-1.0.3/conformance/programs/gl-bind-attrib-location-test.html | took 8ms
16:22:44     INFO - TEST-START | /webgl/conformance-1.0.3/conformance/programs/gl-get-active-attribute.html
16:22:44     INFO - TEST-SKIP | /webgl/conformance-1.0.3/conformance/programs/gl-get-active-attribute.html | took 0ms
16:22:44     INFO - TEST-START | /webgl/conformance-1.0.3/conformance/programs/gl-get-active-uniform.html
16:22:44     INFO - TEST-SKIP | /webgl/conformance-1.0.3/conformance/programs/gl-get-active-uniform.html | took 0ms
16:22:44     INFO - TEST-START | /webgl/conformance-1.0.3/conformance/programs/gl-getshadersource.html
16:22:44     INFO - TEST-SKIP | /webgl/conformance-1.0.3/conformance/programs/gl-getshadersource.html | took 0ms
16:22:44     INFO - TEST-START | /webgl/conformance-1.0.3/conformance/programs/gl-shader-test.html
16:22:44     INFO - TEST-SKIP | /webgl/conformance-1.0.3/conformance/programs/gl-shader-test.html | took 0ms
16:22:44     INFO - TEST-START | /webgl/conformance-1.0.3/conformance/programs/invalid-UTF-16.html
16:22:44     INFO - TEST-SKIP | /webgl/conformance-1.0.3/conformance/programs/invalid-UTF-16.html | took 0ms
16:22:44     INFO - TEST-START | /webgl/conformance-1.0.3/conformance/programs/program-test.html
16:22:44     INFO - TEST-SKIP | /webgl/conformance-1.0.3/conformance/programs/program-test.html | took 0ms
16:22:44     INFO - TEST-START | /webgl/conformance-1.0.3/conformance/programs/use-program-crash-with-discard-in-fragment-shader.html
16:22:44     INFO - TEST-SKIP | /webgl/conformance-1.0.3/conformance/programs/use-program-crash-with-discard-in-fragment-shader.html | took 0ms
16:22:44     INFO - Setting up ssl
16:22:44     INFO - PROCESS | certutil | 
16:22:44     INFO - PROCESS | certutil | 
16:22:44     INFO - PROCESS | certutil | 
16:22:44     INFO - Certificate Nickname                                         Trust Attributes
16:22:44     INFO -                                                              SSL,S/MIME,JAR/XPI
16:22:44     INFO - 
16:22:44     INFO - web-platform-tests                                           CT,, 
16:22:44     INFO - 
16:22:44     INFO - Application command: /builds/slave/test/build/application/firefox/firefox --marionette about:blank -profile /tmp/tmpwYfHwK.mozrunner
16:22:44     INFO - Starting runner
16:22:48     INFO - PROCESS | 2114 | ++DOCSHELL 0xa2e5d000 == 1 [pid = 2114] [id = 1]
16:22:48     INFO - PROCESS | 2114 | ++DOMWINDOW == 1 (0xa2e5d400) [pid = 2114] [serial = 1] [outer = (nil)]
16:22:48     INFO - PROCESS | 2114 | ++DOMWINDOW == 2 (0xa2e5dc00) [pid = 2114] [serial = 2] [outer = 0xa2e5d400]
16:22:48     INFO - PROCESS | 2114 | 1528500168866	Marionette	INFO	Listening on port 2828
16:22:49     INFO - PROCESS | 2114 | ++DOCSHELL 0x9e92bc00 == 2 [pid = 2114] [id = 2]
16:22:49     INFO - PROCESS | 2114 | ++DOMWINDOW == 3 (0x9e92c000) [pid = 2114] [serial = 3] [outer = (nil)]
16:22:49     INFO - PROCESS | 2114 | ++DOMWINDOW == 4 (0x9e92c800) [pid = 2114] [serial = 4] [outer = 0x9e92c000]
16:22:49     INFO - PROCESS | 2114 | LoadPlugin() /usr/lib/mozilla/plugins/librhythmbox-itms-detection-plugin.so returned 9e7c8a20
16:22:49     INFO - PROCESS | 2114 | LoadPlugin() /usr/lib/mozilla/plugins/libtotem-narrowspace-plugin.so returned 9e7d3640
16:22:49     INFO - PROCESS | 2114 | LoadPlugin() /usr/lib/mozilla/plugins/libtotem-cone-plugin.so returned 9e7e6cc0
16:22:49     INFO - PROCESS | 2114 | LoadPlugin() /usr/lib/mozilla/plugins/libtotem-gmp-plugin.so returned 9e7e7920
16:22:49     INFO - PROCESS | 2114 | LoadPlugin() /usr/lib/mozilla/plugins/libtotem-mully-plugin.so returned 9e7ec660
16:22:50     INFO - PROCESS | 2114 | ++DOMWINDOW == 5 (0x9e757000) [pid = 2114] [serial = 5] [outer = 0xa2e5d400]
16:22:51     INFO - PROCESS | 2114 | [2114] WARNING: attempt to modify an immutable nsStandardURL: file /builds/slave/m-esr52-lx-d-00000000000000000/build/src/netwerk/base/nsStandardURL.cpp, line 1573
16:22:51     INFO - PROCESS | 2114 | [2114] WARNING: attempt to modify an immutable nsStandardURL: file /builds/slave/m-esr52-lx-d-00000000000000000/build/src/netwerk/base/nsStandardURL.cpp, line 1573
16:22:51     INFO - PROCESS | 2114 | [2114] WARNING: Failed to retarget HTML data delivery to the parser thread.: file /builds/slave/m-esr52-lx-d-00000000000000000/build/src/parser/html/nsHtml5StreamParser.cpp, line 970
16:22:52     INFO - PROCESS | 2114 | ++DOCSHELL 0x99668c00 == 3 [pid = 2114] [id = 3]
16:22:52     INFO - PROCESS | 2114 | ++DOMWINDOW == 6 (0x99669400) [pid = 2114] [serial = 6] [outer = (nil)]
16:22:52     INFO - PROCESS | 2114 | ++DOCSHELL 0x9966dc00 == 4 [pid = 2114] [id = 4]
16:22:52     INFO - PROCESS | 2114 | ++DOMWINDOW == 7 (0x9966e000) [pid = 2114] [serial = 7] [outer = (nil)]
16:22:53     INFO - PROCESS | 2114 | ++DOCSHELL 0x98543400 == 5 [pid = 2114] [id = 5]
16:22:53     INFO - PROCESS | 2114 | ++DOMWINDOW == 8 (0x98543800) [pid = 2114] [serial = 8] [outer = (nil)]
16:22:53     INFO - PROCESS | 2114 | ++DOMWINDOW == 9 (0x9840fc00) [pid = 2114] [serial = 9] [outer = 0x98543800]
16:22:53     INFO - PROCESS | 2114 | ++DOMWINDOW == 10 (0x986cd800) [pid = 2114] [serial = 10] [outer = 0x99669400]
16:22:53     INFO - PROCESS | 2114 | ++DOMWINDOW == 11 (0x986cec00) [pid = 2114] [serial = 11] [outer = 0x9966e000]
16:22:53     INFO - PROCESS | 2114 | ++DOMWINDOW == 12 (0x98975800) [pid = 2114] [serial = 12] [outer = 0x98543800]
16:22:55     INFO - PROCESS | 2114 | ++DOMWINDOW == 13 (0x97153c00) [pid = 2114] [serial = 13] [outer = 0x98543800]
16:22:56     INFO - PROCESS | 2114 | [2114] WARNING: Could not get disk status from nsIDiskSpaceWatcher: file /builds/slave/m-esr52-lx-d-00000000000000000/build/src/uriloader/prefetch/nsOfflineCacheUpdateService.cpp, line 283
16:22:57     INFO - PROCESS | 2114 | ++DOMWINDOW == 14 (0x947dc400) [pid = 2114] [serial = 14] [outer = 0x98543800]
16:22:57     INFO - TEST-START | /2dcontext/image-smoothing/imagesmoothing.html
16:22:57     INFO - PROCESS | 2114 | ++DOCSHELL 0x92d6e800 == 6 [pid = 2114] [id = 6]
16:22:57     INFO - PROCESS | 2114 | ++DOMWINDOW == 15 (0x92d6ec00) [pid = 2114] [serial = 15] [outer = (nil)]
16:22:57     INFO - PROCESS | 2114 | ++DOMWINDOW == 16 (0x92d70c00) [pid = 2114] [serial = 16] [outer = 0x92d6ec00]
16:22:57     INFO - PROCESS | 2114 | ++DOMWINDOW == 17 (0x947d6000) [pid = 2114] [serial = 17] [outer = 0x92d6ec00]
16:22:58     INFO - PROCESS | 2114 | ++DOCSHELL 0x92a0ac00 == 7 [pid = 2114] [id = 7]
16:22:58     INFO - PROCESS | 2114 | ++DOMWINDOW == 18 (0x92a0b000) [pid = 2114] [serial = 18] [outer = (nil)]
16:22:58     INFO - PROCESS | 2114 | ++DOMWINDOW == 19 (0x92a0d400) [pid = 2114] [serial = 19] [outer = 0x92a0b000]
16:22:58     INFO - PROCESS | 2114 | ++DOMWINDOW == 20 (0x92a67c00) [pid = 2114] [serial = 20] [outer = 0x92a0b000]
16:22:59     INFO - PROCESS | 2114 | [2114] WARNING: GetDefaultCharsetForLocale: need to add multi locale support: file /builds/slave/m-esr52-lx-d-00000000000000000/build/src/intl/locale/unix/nsUNIXCharset.cpp, line 98
16:22:59     INFO - .........
16:22:59     INFO - TEST-OK | /2dcontext/image-smoothing/imagesmoothing.html | took 1757ms
16:22:59     INFO - TEST-START | /WebCryptoAPI/generateKey/failures.worker
16:22:59     INFO - PROCESS | 2114 | ++DOCSHELL 0x98f91400 == 8 [pid = 2114] [id = 8]
16:22:59     INFO - PROCESS | 2114 | ++DOMWINDOW == 21 (0x98f92000) [pid = 2114] [serial = 21] [outer = (nil)]
16:22:59     INFO - PROCESS | 2114 | ++DOMWINDOW == 22 (0x9963a400) [pid = 2114] [serial = 22] [outer = 0x98f92000]
16:23:00     INFO - PROCESS | 2114 | ++DOMWINDOW == 23 (0x9c406800) [pid = 2114] [serial = 23] [outer = 0x98f92000]
16:23:00     INFO - PROCESS | 2114 | [2114] WARNING: Failed to retarget HTML data delivery to the parser thread.: file /builds/slave/m-esr52-lx-d-00000000000000000/build/src/parser/html/nsHtml5StreamParser.cpp, line 970
16:23:00     INFO - PROCESS | 2114 | ++DOCSHELL 0x9c64ac00 == 9 [pid = 2114] [id = 9]
16:23:00     INFO - PROCESS | 2114 | ++DOMWINDOW == 24 (0x9eb63c00) [pid = 2114] [serial = 24] [outer = (nil)]
16:23:00     INFO - PROCESS | 2114 | ++DOMWINDOW == 25 (0x9eb64800) [pid = 2114] [serial = 25] [outer = 0x9eb63c00]
16:23:00     INFO - PROCESS | 2114 | ++DOMWINDOW == 26 (0x9ed37400) [pid = 2114] [serial = 26] [outer = 0x9eb63c00]
16:23:00     INFO - PROCESS | 2114 | ++DOCSHELL 0x9eb67400 == 10 [pid = 2114] [id = 10]
16:23:00     INFO - PROCESS | 2114 | ++DOMWINDOW == 27 (0x9eb6b000) [pid = 2114] [serial = 27] [outer = (nil)]
16:23:00     INFO - PROCESS | 2114 | ++DOMWINDOW == 28 (0x9fb1d400) [pid = 2114] [serial = 28] [outer = 0x9eb6b000]
16:23:01     INFO - PROCESS | 2114 | ++DOMWINDOW == 29 (0xa2e53000) [pid = 2114] [serial = 29] [outer = 0x9eb6b000]
16:23:10     INFO - PROCESS | 2114 | --DOMWINDOW == 28 (0x92d6ec00) [pid = 2114] [serial = 15] [outer = (nil)] [url = http://web-platform.test:8000/2dcontext/image-smoothing/imagesmoothing.html]
16:23:15     INFO - PROCESS | 2114 | --DOCSHELL 0x92d6e800 == 9 [pid = 2114] [id = 6]
16:23:15     INFO - PROCESS | 2114 | --DOMWINDOW == 27 (0xa2e5dc00) [pid = 2114] [serial = 2] [outer = (nil)] [url = about:blank]
16:23:15     INFO - PROCESS | 2114 | --DOMWINDOW == 26 (0x9840fc00) [pid = 2114] [serial = 9] [outer = (nil)] [url = about:blank]
16:23:15     INFO - PROCESS | 2114 | --DOMWINDOW == 25 (0x98975800) [pid = 2114] [serial = 12] [outer = (nil)] [url = about:blank]
16:23:15     INFO - PROCESS | 2114 | --DOMWINDOW == 24 (0x9fb1d400) [pid = 2114] [serial = 28] [outer = (nil)] [url = about:blank]
16:23:15     INFO - PROCESS | 2114 | --DOMWINDOW == 23 (0x92a0d400) [pid = 2114] [serial = 19] [outer = (nil)] [url = about:blank]
16:23:15     INFO - PROCESS | 2114 | --DOMWINDOW == 22 (0x9963a400) [pid = 2114] [serial = 22] [outer = (nil)] [url = about:blank]
16:23:15     INFO - PROCESS | 2114 | --DOMWINDOW == 21 (0x92d70c00) [pid = 2114] [serial = 16] [outer = (nil)] [url = about:blank]
16:23:15     INFO - PROCESS | 2114 | --DOMWINDOW == 20 (0x947d6000) [pid = 2114] [serial = 17] [outer = (nil)] [url = about:blank]
16:23:15     INFO - PROCESS | 2114 | --DOMWINDOW == 19 (0x97153c00) [pid = 2114] [serial = 13] [outer = (nil)] [url = about:blank]
16:23:15     INFO - PROCESS | 2114 | --DOMWINDOW == 18 (0x9eb64800) [pid = 2114] [serial = 25] [outer = (nil)] [url = about:blank]
16:23:30     INFO - PROCESS | 2114 | MARIONETTE LOG: INFO: Timeout fired
16:23:30     INFO - TEST-ERROR | /WebCryptoAPI/generateKey/failures.worker | took 30860ms
16:23:30     INFO - TEST-START | /WebCryptoAPI/generateKey/failures_AES-CBC.worker
16:23:30     INFO - PROCESS | 2114 | ++DOCSHELL 0x92d76000 == 10 [pid = 2114] [id = 11]
16:23:30     INFO - PROCESS | 2114 | ++DOMWINDOW == 19 (0x92d76400) [pid = 2114] [serial = 30] [outer = (nil)]
16:23:30     INFO - PROCESS | 2114 | ++DOMWINDOW == 20 (0x92d77c00) [pid = 2114] [serial = 31] [outer = 0x92d76400]
16:23:30     INFO - PROCESS | 2114 | ++DOMWINDOW == 21 (0x960b8400) [pid = 2114] [serial = 32] [outer = 0x92d76400]
16:23:31     INFO - PROCESS | 2114 | [2114] WARNING: Failed to retarget HTML data delivery to the parser thread.: file /builds/slave/m-esr52-lx-d-00000000000000000/build/src/parser/html/nsHtml5StreamParser.cpp, line 970
16:23:31     INFO - PROCESS | 2114 | ++DOMWINDOW == 22 (0x9766f000) [pid = 2114] [serial = 33] [outer = 0x9eb6b000]
16:23:43     INFO - PROCESS | 2114 | --DOCSHELL 0x98f91400 == 9 [pid = 2114] [id = 8]
16:23:45     INFO - PROCESS | 2114 | --DOMWINDOW == 21 (0x98f92000) [pid = 2114] [serial = 21] [outer = (nil)] [url = http://web-platform.test:8000/WebCryptoAPI/generateKey/failures.worker]
16:23:51     INFO - PROCESS | 2114 | --DOMWINDOW == 20 (0x92d77c00) [pid = 2114] [serial = 31] [outer = (nil)] [url = about:blank]
16:23:51     INFO - PROCESS | 2114 | --DOMWINDOW == 19 (0xa2e53000) [pid = 2114] [serial = 29] [outer = (nil)] [url = about:neterror?e=dnsNotFound&u=https%3A//%25%28server%29s/selfsupport-dummy/&c=UTF-8&f=regular&d=Firefox%20can%E2%80%99t%20find%20the%20server%20at%20%25%28server%29s.]
16:23:51     INFO - PROCESS | 2114 | --DOMWINDOW == 18 (0x9c406800) [pid = 2114] [serial = 23] [outer = (nil)] [url = about:blank]
16:24:31     INFO - PROCESS | 2114 | ++DOMWINDOW == 19 (0x9472d400) [pid = 2114] [serial = 34] [outer = 0x9eb6b000]
16:24:53     INFO - PROCESS | 2114 | --DOMWINDOW == 18 (0x9766f000) [pid = 2114] [serial = 33] [outer = (nil)] [url = about:neterror?e=dnsNotFound&u=https%3A//%25%28server%29s/selfsupport-dummy/&c=UTF-8&f=regular&d=Firefox%20can%E2%80%99t%20find%20the%20server%20at%20%25%28server%29s.]
16:26:01     INFO - PROCESS | 2114 | ++DOMWINDOW == 19 (0x947d6400) [pid = 2114] [serial = 35] [outer = 0x9eb6b000]
16:26:22     INFO - PROCESS | 2114 | --DOMWINDOW == 18 (0x9472d400) [pid = 2114] [serial = 34] [outer = (nil)] [url = about:neterror?e=dnsNotFound&u=https%3A//%25%28server%29s/selfsupport-dummy/&c=UTF-8&f=regular&d=Firefox%20can%E2%80%99t%20find%20the%20server%20at%20%25%28server%29s.]
16:26:30     INFO - PROCESS | 2114 | MARIONETTE LOG: INFO: Timeout fired
16:26:30     INFO - TEST-ERROR | /WebCryptoAPI/generateKey/failures_AES-CBC.worker | took 180736ms
16:26:30     INFO - TEST-START | /WebCryptoAPI/generateKey/failures_AES-CTR.worker
16:26:31     INFO - PROCESS | 2114 | ++DOCSHELL 0x9726d000 == 10 [pid = 2114] [id = 12]
16:26:31     INFO - PROCESS | 2114 | ++DOMWINDOW == 19 (0x9726d400) [pid = 2114] [serial = 36] [outer = (nil)]
16:26:31     INFO - PROCESS | 2114 | ++DOMWINDOW == 20 (0x97673000) [pid = 2114] [serial = 37] [outer = 0x9726d400]
16:26:31     INFO - PROCESS | 2114 | ++DOMWINDOW == 21 (0x97f81c00) [pid = 2114] [serial = 38] [outer = 0x9726d400]
16:26:31     INFO - PROCESS | 2114 | [2114] WARNING: Failed to retarget HTML data delivery to the parser thread.: file /builds/slave/m-esr52-lx-d-00000000000000000/build/src/parser/html/nsHtml5StreamParser.cpp, line 970
16:26:41     INFO - PROCESS | 2114 | --DOCSHELL 0x92d76000 == 9 [pid = 2114] [id = 11]
16:26:43     INFO - PROCESS | 2114 | --DOMWINDOW == 20 (0x92d76400) [pid = 2114] [serial = 30] [outer = (nil)] [url = http://web-platform.test:8000/WebCryptoAPI/generateKey/failures_AES-CBC.worker]
16:26:49     INFO - PROCESS | 2114 | --DOMWINDOW == 19 (0x960b8400) [pid = 2114] [serial = 32] [outer = (nil)] [url = about:blank]
16:26:49     INFO - PROCESS | 2114 | --DOMWINDOW == 18 (0x97673000) [pid = 2114] [serial = 37] [outer = (nil)] [url = about:blank]
16:28:01     INFO - PROCESS | 2114 | ++DOMWINDOW == 19 (0x92a10000) [pid = 2114] [serial = 39] [outer = 0x9eb6b000]
16:28:22     INFO - PROCESS | 2114 | --DOMWINDOW == 18 (0x947d6400) [pid = 2114] [serial = 35] [outer = (nil)] [url = about:neterror?e=dnsNotFound&u=https%3A//%25%28server%29s/selfsupport-dummy/&c=UTF-8&f=regular&d=Firefox%20can%E2%80%99t%20find%20the%20server%20at%20%25%28server%29s.]
16:29:31     INFO - PROCESS | 2114 | MARIONETTE LOG: INFO: Timeout fired
16:29:31     INFO - TEST-ERROR | /WebCryptoAPI/generateKey/failures_AES-CTR.worker | took 180690ms
16:29:31     INFO - TEST-START | /WebCryptoAPI/generateKey/failures_AES-GCM.worker
16:29:32     INFO - PROCESS | 2114 | ++DOCSHELL 0x947df800 == 10 [pid = 2114] [id = 13]
16:29:32     INFO - PROCESS | 2114 | ++DOMWINDOW == 19 (0x947dfc00) [pid = 2114] [serial = 40] [outer = (nil)]
16:29:32     INFO - PROCESS | 2114 | ++DOMWINDOW == 20 (0x94c78400) [pid = 2114] [serial = 41] [outer = 0x947dfc00]
16:29:32     INFO - PROCESS | 2114 | ++DOMWINDOW == 21 (0x97ed0c00) [pid = 2114] [serial = 42] [outer = 0x947dfc00]
16:29:32     INFO - PROCESS | 2114 | [2114] WARNING: Failed to retarget HTML data delivery to the parser thread.: file /builds/slave/m-esr52-lx-d-00000000000000000/build/src/parser/html/nsHtml5StreamParser.cpp, line 970
16:29:42     INFO - PROCESS | 2114 | --DOCSHELL 0x9726d000 == 9 [pid = 2114] [id = 12]
16:29:44     INFO - PROCESS | 2114 | --DOMWINDOW == 20 (0x9726d400) [pid = 2114] [serial = 36] [outer = (nil)] [url = http://web-platform.test:8000/WebCryptoAPI/generateKey/failures_AES-CTR.worker]
16:29:50     INFO - PROCESS | 2114 | --DOMWINDOW == 19 (0x97f81c00) [pid = 2114] [serial = 38] [outer = (nil)] [url = about:blank]
16:29:50     INFO - PROCESS | 2114 | --DOMWINDOW == 18 (0x94c78400) [pid = 2114] [serial = 41] [outer = (nil)] [url = about:blank]
16:30:31     INFO - PROCESS | 2114 | --DOCSHELL 0x9c64ac00 == 8 [pid = 2114] [id = 9]
16:30:41     INFO - PROCESS | 2114 | --DOCSHELL 0x9eb67400 == 7 [pid = 2114] [id = 10]
16:30:48     INFO - PROCESS | 2114 | --DOMWINDOW == 17 (0x9eb6b000) [pid = 2114] [serial = 27] [outer = (nil)] [url = about:neterror?e=dnsNotFound&u=https%3A//%25%28server%29s/selfsupport-dummy/&c=UTF-8&f=regular&d=Firefox%20can%E2%80%99t%20find%20the%20server%20at%20%25%28server%29s.]
16:30:48     INFO - PROCESS | 2114 | --DOMWINDOW == 16 (0x9eb63c00) [pid = 2114] [serial = 24] [outer = (nil)] [url = data:application/vnd.mozilla.xul+xml;charset=utf-8,<window%20id='win'/>]
16:30:53     INFO - PROCESS | 2114 | --DOMWINDOW == 15 (0x92a10000) [pid = 2114] [serial = 39] [outer = (nil)] [url = about:neterror?e=dnsNotFound&u=https%3A//%25%28server%29s/selfsupport-dummy/&c=UTF-8&f=regular&d=Firefox%20can%E2%80%99t%20find%20the%20server%20at%20%25%28server%29s.]
16:30:53     INFO - PROCESS | 2114 | --DOMWINDOW == 14 (0x9ed37400) [pid = 2114] [serial = 26] [outer = (nil)] [url = data:application/vnd.mozilla.xul+xml;charset=utf-8,<window%20id='win'/>]
16:32:32     INFO - PROCESS | 2114 | MARIONETTE LOG: INFO: Timeout fired
16:32:32     INFO - TEST-ERROR | /WebCryptoAPI/generateKey/failures_AES-GCM.worker | took 180752ms
16:32:32     INFO - TEST-START | /WebCryptoAPI/generateKey/failures_AES-KW.worker
16:32:32     INFO - PROCESS | 2114 | ++DOCSHELL 0x92d73400 == 8 [pid = 2114] [id = 14]
16:32:32     INFO - PROCESS | 2114 | ++DOMWINDOW == 15 (0x92d74800) [pid = 2114] [serial = 43] [outer = (nil)]
16:32:32     INFO - PROCESS | 2114 | ++DOMWINDOW == 16 (0x9472dc00) [pid = 2114] [serial = 44] [outer = 0x92d74800]
16:32:33     INFO - PROCESS | 2114 | ++DOMWINDOW == 17 (0x9714f400) [pid = 2114] [serial = 45] [outer = 0x92d74800]
16:32:33     INFO - PROCESS | 2114 | [2114] WARNING: Failed to retarget HTML data delivery to the parser thread.: file /builds/slave/m-esr52-lx-d-00000000000000000/build/src/parser/html/nsHtml5StreamParser.cpp, line 970
16:32:43     INFO - PROCESS | 2114 | --DOCSHELL 0x947df800 == 7 [pid = 2114] [id = 13]
16:32:45     INFO - PROCESS | 2114 | --DOMWINDOW == 16 (0x947dfc00) [pid = 2114] [serial = 40] [outer = (nil)] [url = http://web-platform.test:8000/WebCryptoAPI/generateKey/failures_AES-GCM.worker]
16:32:51     INFO - PROCESS | 2114 | --DOMWINDOW == 15 (0x97ed0c00) [pid = 2114] [serial = 42] [outer = (nil)] [url = about:blank]
16:32:51     INFO - PROCESS | 2114 | --DOMWINDOW == 14 (0x9472dc00) [pid = 2114] [serial = 44] [outer = (nil)] [url = about:blank]
16:33:18     INFO - PROCESS | 2114 | *************************
16:33:18     INFO - PROCESS | 2114 | A coding exception was thrown and uncaught in a Task.
16:33:18     INFO - PROCESS | 2114 | 
16:33:18     INFO - PROCESS | 2114 | Full message: TypeError: NetworkError when attempting to fetch resource.
16:33:18     INFO - PROCESS | 2114 | Full stack:
16:33:18     INFO - PROCESS | 2114 | *************************
16:35:33     INFO - PROCESS | 2114 | MARIONETTE LOG: INFO: Timeout fired
16:35:33     INFO - TEST-ERROR | /WebCryptoAPI/generateKey/failures_AES-KW.worker | took 180712ms
16:35:33     INFO - TEST-START | /WebCryptoAPI/generateKey/failures_ECDH.worker
16:35:33     INFO - PROCESS | 2114 | ++DOCSHELL 0x97e25c00 == 8 [pid = 2114] [id = 15]
16:35:33     INFO - PROCESS | 2114 | ++DOMWINDOW == 15 (0x97ecf400) [pid = 2114] [serial = 46] [outer = (nil)]
16:35:33     INFO - PROCESS | 2114 | ++DOMWINDOW == 16 (0x97ed1800) [pid = 2114] [serial = 47] [outer = 0x97ecf400]
16:35:33     INFO - PROCESS | 2114 | ++DOMWINDOW == 17 (0x982ec800) [pid = 2114] [serial = 48] [outer = 0x97ecf400]
16:35:33     INFO - PROCESS | 2114 | [2114] WARNING: Failed to retarget HTML data delivery to the parser thread.: file /builds/slave/m-esr52-lx-d-00000000000000000/build/src/parser/html/nsHtml5StreamParser.cpp, line 970
16:35:43     INFO - PROCESS | 2114 | --DOCSHELL 0x92d73400 == 7 [pid = 2114] [id = 14]
16:35:46     INFO - PROCESS | 2114 | --DOMWINDOW == 16 (0x92d74800) [pid = 2114] [serial = 43] [outer = (nil)] [url = http://web-platform.test:8000/WebCryptoAPI/generateKey/failures_AES-KW.worker]
16:35:51     INFO - PROCESS | 2114 | --DOMWINDOW == 15 (0x9714f400) [pid = 2114] [serial = 45] [outer = (nil)] [url = about:blank]
16:35:51     INFO - PROCESS | 2114 | --DOMWINDOW == 14 (0x97ed1800) [pid = 2114] [serial = 47] [outer = (nil)] [url = about:blank]
16:38:33     INFO - PROCESS | 2114 | MARIONETTE LOG: INFO: Timeout fired
16:38:33     INFO - TEST-ERROR | /WebCryptoAPI/generateKey/failures_ECDH.worker | took 180701ms
16:38:33     INFO - TEST-START | /WebCryptoAPI/generateKey/failures_ECDSA.worker
16:38:34     INFO - PROCESS | 2114 | ++DOCSHELL 0x9726d000 == 8 [pid = 2114] [id = 16]
16:38:34     INFO - PROCESS | 2114 | ++DOMWINDOW == 15 (0x9726d400) [pid = 2114] [serial = 49] [outer = (nil)]
16:38:34     INFO - PROCESS | 2114 | ++DOMWINDOW == 16 (0x97679800) [pid = 2114] [serial = 50] [outer = 0x9726d400]
16:38:34     INFO - PROCESS | 2114 | ++DOMWINDOW == 17 (0x97ed9c00) [pid = 2114] [serial = 51] [outer = 0x9726d400]
16:38:34     INFO - PROCESS | 2114 | [2114] WARNING: Failed to retarget HTML data delivery to the parser thread.: file /builds/slave/m-esr52-lx-d-00000000000000000/build/src/parser/html/nsHtml5StreamParser.cpp, line 970
16:38:44     INFO - PROCESS | 2114 | --DOCSHELL 0x97e25c00 == 7 [pid = 2114] [id = 15]
16:38:50     INFO - PROCESS | 2114 | --DOMWINDOW == 16 (0x97ecf400) [pid = 2114] [serial = 46] [outer = (nil)] [url = http://web-platform.test:8000/WebCryptoAPI/generateKey/failures_ECDH.worker]
16:38:56     INFO - PROCESS | 2114 | --DOMWINDOW == 15 (0x982ec800) [pid = 2114] [serial = 48] [outer = (nil)] [url = about:blank]
16:38:56     INFO - PROCESS | 2114 | --DOMWINDOW == 14 (0x97679800) [pid = 2114] [serial = 50] [outer = (nil)] [url = about:blank]
16:41:34     INFO - PROCESS | 2114 | MARIONETTE LOG: INFO: Timeout fired
16:41:34     INFO - TEST-ERROR | /WebCryptoAPI/generateKey/failures_ECDSA.worker | took 180742ms
16:41:34     INFO - TEST-START | /WebCryptoAPI/generateKey/failures_HMAC.worker
16:41:35     INFO - PROCESS | 2114 | ++DOCSHELL 0x9766f000 == 8 [pid = 2114] [id = 17]
16:41:35     INFO - PROCESS | 2114 | ++DOMWINDOW == 15 (0x9766f400) [pid = 2114] [serial = 52] [outer = (nil)]
16:41:35     INFO - PROCESS | 2114 | ++DOMWINDOW == 16 (0x97db2000) [pid = 2114] [serial = 53] [outer = 0x9766f400]
16:41:35     INFO - PROCESS | 2114 | ++DOMWINDOW == 17 (0x97f05000) [pid = 2114] [serial = 54] [outer = 0x9766f400]
16:41:35     INFO - PROCESS | 2114 | [2114] WARNING: Failed to retarget HTML data delivery to the parser thread.: file /builds/slave/m-esr52-lx-d-00000000000000000/build/src/parser/html/nsHtml5StreamParser.cpp, line 970
16:41:45     INFO - PROCESS | 2114 | --DOCSHELL 0x9726d000 == 7 [pid = 2114] [id = 16]
16:41:47     INFO - PROCESS | 2114 | --DOMWINDOW == 16 (0x9726d400) [pid = 2114] [serial = 49] [outer = (nil)] [url = http://web-platform.test:8000/WebCryptoAPI/generateKey/failures_ECDSA.worker]
16:41:53     INFO - PROCESS | 2114 | --DOMWINDOW == 15 (0x97ed9c00) [pid = 2114] [serial = 51] [outer = (nil)] [url = about:blank]
16:41:53     INFO - PROCESS | 2114 | --DOMWINDOW == 14 (0x97db2000) [pid = 2114] [serial = 53] [outer = (nil)] [url = about:blank]
16:44:35     INFO - PROCESS | 2114 | MARIONETTE LOG: INFO: Timeout fired
16:44:35     INFO - TEST-ERROR | /WebCryptoAPI/generateKey/failures_HMAC.worker | took 180766ms
16:44:35     INFO - TEST-START | /WebCryptoAPI/generateKey/failures_RSA-OAEP.worker
16:44:35     INFO - PROCESS | 2114 | ++DOCSHELL 0x97677400 == 8 [pid = 2114] [id = 18]
16:44:35     INFO - PROCESS | 2114 | ++DOMWINDOW == 15 (0x97679800) [pid = 2114] [serial = 55] [outer = (nil)]
16:44:35     INFO - PROCESS | 2114 | ++DOMWINDOW == 16 (0x97db3800) [pid = 2114] [serial = 56] [outer = 0x97679800]
16:44:36     INFO - PROCESS | 2114 | ++DOMWINDOW == 17 (0x97f7a400) [pid = 2114] [serial = 57] [outer = 0x97679800]
16:44:36     INFO - PROCESS | 2114 | [2114] WARNING: Failed to retarget HTML data delivery to the parser thread.: file /builds/slave/m-esr52-lx-d-00000000000000000/build/src/parser/html/nsHtml5StreamParser.cpp, line 970
16:44:46     INFO - PROCESS | 2114 | --DOCSHELL 0x9766f000 == 7 [pid = 2114] [id = 17]
16:44:48     INFO - PROCESS | 2114 | --DOMWINDOW == 16 (0x9766f400) [pid = 2114] [serial = 52] [outer = (nil)] [url = http://web-platform.test:8000/WebCryptoAPI/generateKey/failures_HMAC.worker]
16:44:54     INFO - PROCESS | 2114 | --DOMWINDOW == 15 (0x97f05000) [pid = 2114] [serial = 54] [outer = (nil)] [url = about:blank]
16:44:54     INFO - PROCESS | 2114 | --DOMWINDOW == 14 (0x97db3800) [pid = 2114] [serial = 56] [outer = (nil)] [url = about:blank]
16:47:36     INFO - PROCESS | 2114 | MARIONETTE LOG: INFO: Timeout fired
16:47:36     INFO - TEST-ERROR | /WebCryptoAPI/generateKey/failures_RSA-OAEP.worker | took 180758ms
16:47:36     INFO - TEST-START | /WebCryptoAPI/generateKey/failures_RSA-PSS.worker
16:47:36     INFO - PROCESS | 2114 | ++DOCSHELL 0x97db5c00 == 8 [pid = 2114] [id = 19]
16:47:36     INFO - PROCESS | 2114 | ++DOMWINDOW == 15 (0x97db8000) [pid = 2114] [serial = 58] [outer = (nil)]
16:47:36     INFO - PROCESS | 2114 | ++DOMWINDOW == 16 (0x97e25c00) [pid = 2114] [serial = 59] [outer = 0x97db8000]
16:47:36     INFO - PROCESS | 2114 | ++DOMWINDOW == 17 (0x982eb400) [pid = 2114] [serial = 60] [outer = 0x97db8000]
16:47:37     INFO - PROCESS | 2114 | [2114] WARNING: Failed to retarget HTML data delivery to the parser thread.: file /builds/slave/m-esr52-lx-d-00000000000000000/build/src/parser/html/nsHtml5StreamParser.cpp, line 970
16:47:46     INFO - PROCESS | 2114 | --DOCSHELL 0x97677400 == 7 [pid = 2114] [id = 18]
16:47:52     INFO - PROCESS | 2114 | --DOMWINDOW == 16 (0x97679800) [pid = 2114] [serial = 55] [outer = (nil)] [url = http://web-platform.test:8000/WebCryptoAPI/generateKey/failures_RSA-OAEP.worker]
16:47:58     INFO - PROCESS | 2114 | --DOMWINDOW == 15 (0x97f7a400) [pid = 2114] [serial = 57] [outer = (nil)] [url = about:blank]
16:47:58     INFO - PROCESS | 2114 | --DOMWINDOW == 14 (0x97e25c00) [pid = 2114] [serial = 59] [outer = (nil)] [url = about:blank]
16:50:36     INFO - PROCESS | 2114 | MARIONETTE LOG: INFO: Timeout fired
16:50:36     INFO - TEST-ERROR | /WebCryptoAPI/generateKey/failures_RSA-PSS.worker | took 180748ms
16:50:36     INFO - TEST-START | /WebCryptoAPI/generateKey/failures_RSASSA-PKCS1-v1_5.worker
16:50:37     INFO - PROCESS | 2114 | ++DOCSHELL 0x9726d000 == 8 [pid = 2114] [id = 20]
16:50:37     INFO - PROCESS | 2114 | ++DOMWINDOW == 15 (0x9726d400) [pid = 2114] [serial = 61] [outer = (nil)]
16:50:37     INFO - PROCESS | 2114 | ++DOMWINDOW == 16 (0x97673c00) [pid = 2114] [serial = 62] [outer = 0x9726d400]
16:50:37     INFO - PROCESS | 2114 | ++DOMWINDOW == 17 (0x97edc000) [pid = 2114] [serial = 63] [outer = 0x9726d400]
16:50:37     INFO - PROCESS | 2114 | [2114] WARNING: Failed to retarget HTML data delivery to the parser thread.: file /builds/slave/m-esr52-lx-d-00000000000000000/build/src/parser/html/nsHtml5StreamParser.cpp, line 970
16:50:47     INFO - PROCESS | 2114 | --DOCSHELL 0x97db5c00 == 7 [pid = 2114] [id = 19]
16:50:49     INFO - PROCESS | 2114 | --DOMWINDOW == 16 (0x97db8000) [pid = 2114] [serial = 58] [outer = (nil)] [url = http://web-platform.test:8000/WebCryptoAPI/generateKey/failures_RSA-PSS.worker]
16:50:55     INFO - PROCESS | 2114 | --DOMWINDOW == 15 (0x982eb400) [pid = 2114] [serial = 60] [outer = (nil)] [url = about:blank]
16:50:55     INFO - PROCESS | 2114 | --DOMWINDOW == 14 (0x97673c00) [pid = 2114] [serial = 62] [outer = (nil)] [url = about:blank]
16:53:37     INFO - PROCESS | 2114 | MARIONETTE LOG: INFO: Timeout fired
16:53:37     INFO - TEST-ERROR | /WebCryptoAPI/generateKey/failures_RSASSA-PKCS1-v1_5.worker | took 180743ms
16:53:37     INFO - TEST-START | /WebCryptoAPI/generateKey/successes.worker
16:53:38     INFO - PROCESS | 2114 | ++DOCSHELL 0x97db5000 == 8 [pid = 2114] [id = 21]
16:53:38     INFO - PROCESS | 2114 | ++DOMWINDOW == 15 (0x97db5c00) [pid = 2114] [serial = 64] [outer = (nil)]
16:53:38     INFO - PROCESS | 2114 | ++DOMWINDOW == 16 (0x97e1e800) [pid = 2114] [serial = 65] [outer = 0x97db5c00]
16:53:38     INFO - PROCESS | 2114 | ++DOMWINDOW == 17 (0x97f7e000) [pid = 2114] [serial = 66] [outer = 0x97db5c00]
16:53:38     INFO - PROCESS | 2114 | [2114] WARNING: Failed to retarget HTML data delivery to the parser thread.: file /builds/slave/m-esr52-lx-d-00000000000000000/build/src/parser/html/nsHtml5StreamParser.cpp, line 970
16:53:48     INFO - PROCESS | 2114 | --DOCSHELL 0x9726d000 == 7 [pid = 2114] [id = 20]
16:53:50     INFO - PROCESS | 2114 | --DOMWINDOW == 16 (0x9726d400) [pid = 2114] [serial = 61] [outer = (nil)] [url = http://web-platform.test:8000/WebCryptoAPI/generateKey/failures_RSASSA-PKCS1-v1_5.worker]
16:53:56     INFO - PROCESS | 2114 | --DOMWINDOW == 15 (0x97edc000) [pid = 2114] [serial = 63] [outer = (nil)] [url = about:blank]
16:53:56     INFO - PROCESS | 2114 | --DOMWINDOW == 14 (0x97e1e800) [pid = 2114] [serial = 65] [outer = (nil)] [url = about:blank]
16:54:08     INFO - PROCESS | 2114 | MARIONETTE LOG: INFO: Timeout fired
16:54:08     INFO - TEST-ERROR | /WebCryptoAPI/generateKey/successes.worker | took 30727ms
16:54:08     INFO - TEST-START | /WebCryptoAPI/generateKey/successes_AES-CBC.worker
16:54:08     INFO - PROCESS | 2114 | ++DOCSHELL 0x9766f400 == 8 [pid = 2114] [id = 22]
16:54:08     INFO - PROCESS | 2114 | ++DOMWINDOW == 15 (0x97670c00) [pid = 2114] [serial = 67] [outer = (nil)]
16:54:08     INFO - PROCESS | 2114 | ++DOMWINDOW == 16 (0x97db2800) [pid = 2114] [serial = 68] [outer = 0x97670c00]
16:54:09     INFO - PROCESS | 2114 | ++DOMWINDOW == 17 (0x97f78c00) [pid = 2114] [serial = 69] [outer = 0x97670c00]
16:54:09     INFO - PROCESS | 2114 | [2114] WARNING: Failed to retarget HTML data delivery to the parser thread.: file /builds/slave/m-esr52-lx-d-00000000000000000/build/src/parser/html/nsHtml5StreamParser.cpp, line 970
16:54:19     INFO - PROCESS | 2114 | --DOCSHELL 0x97db5000 == 7 [pid = 2114] [id = 21]
16:54:21     INFO - PROCESS | 2114 | --DOMWINDOW == 16 (0x97db5c00) [pid = 2114] [serial = 64] [outer = (nil)] [url = http://web-platform.test:8000/WebCryptoAPI/generateKey/successes.worker]
16:54:27     INFO - PROCESS | 2114 | --DOMWINDOW == 15 (0x97f7e000) [pid = 2114] [serial = 66] [outer = (nil)] [url = about:blank]
16:54:27     INFO - PROCESS | 2114 | --DOMWINDOW == 14 (0x97db2800) [pid = 2114] [serial = 68] [outer = (nil)] [url = about:blank]
16:57:09     INFO - PROCESS | 2114 | MARIONETTE LOG: INFO: Timeout fired
16:57:09     INFO - TEST-ERROR | /WebCryptoAPI/generateKey/successes_AES-CBC.worker | took 180688ms
16:57:09     INFO - TEST-START | /WebCryptoAPI/generateKey/successes_AES-CTR.worker
16:57:09     INFO - PROCESS | 2114 | ++DOCSHELL 0x97271000 == 8 [pid = 2114] [id = 23]
16:57:09     INFO - PROCESS | 2114 | ++DOMWINDOW == 15 (0x9766d800) [pid = 2114] [serial = 70] [outer = (nil)]
16:57:09     INFO - PROCESS | 2114 | ++DOMWINDOW == 16 (0x97db2800) [pid = 2114] [serial = 71] [outer = 0x9766d800]
16:57:09     INFO - PROCESS | 2114 | ++DOMWINDOW == 17 (0x97f7bc00) [pid = 2114] [serial = 72] [outer = 0x9766d800]
16:57:09     INFO - PROCESS | 2114 | [2114] WARNING: Failed to retarget HTML data delivery to the parser thread.: file /builds/slave/m-esr52-lx-d-00000000000000000/build/src/parser/html/nsHtml5StreamParser.cpp, line 970
16:57:19     INFO - PROCESS | 2114 | --DOCSHELL 0x9766f400 == 7 [pid = 2114] [id = 22]
16:57:21     INFO - PROCESS | 2114 | --DOMWINDOW == 16 (0x97670c00) [pid = 2114] [serial = 67] [outer = (nil)] [url = http://web-platform.test:8000/WebCryptoAPI/generateKey/successes_AES-CBC.worker]
16:57:27     INFO - PROCESS | 2114 | --DOMWINDOW == 15 (0x97f78c00) [pid = 2114] [serial = 69] [outer = (nil)] [url = about:blank]
16:57:27     INFO - PROCESS | 2114 | --DOMWINDOW == 14 (0x97db2800) [pid = 2114] [serial = 71] [outer = (nil)] [url = about:blank]

command interrupted, attempting to kill
process killed by signal 9
program finished with exit code -1
elapsedTime=2445.195785
The web-page 'stop build' button was pressed by 'rvandermeulen@mozilla.com': Cancelled via self-serve
========= master_lag: 0.03 =========
========= Finished '/tools/buildbot/bin/python -u ...' interrupted (results: 4, elapsed: 40 mins, 45 secs) (at 2018-06-08 16:59:02.245148) =========

========= Started set props: build_url symbols_url (results: 0, elapsed: 0 secs) (at 2018-06-08 16:59:02.248417) =========
bash -c 'for file in `ls -1`; do cat $file; done'
 in dir /builds/slave/test/properties (timeout 1200 secs)
 watching logfiles {}
 argv: ['bash', '-c', 'for file in `ls -1`; do cat $file; done']
 environment:
  HOME=/home/cltbld
  LANG=en_US.UTF-8
  LOGNAME=cltbld
  MAIL=/var/mail/cltbld
  NODE_PATH=/usr/lib/nodejs:/usr/lib/node_modules:/usr/share/javascript
  PATH=/usr/local/bin:/usr/local/bin:/usr/bin:/bin:/usr/local/games:/usr/games
  PWD=/builds/slave/test/properties
  SHELL=/bin/bash
  SHLVL=1
  TERM=linux
  TMOUT=86400
  USER=cltbld
  XDG_SESSION_COOKIE=5a152710dd62cc268aad214e000002d8-1528499888.937342-1624606875
  _=/tools/buildbot/bin/python
 using PTY: False
build_url:https://queue.taskcluster.net/v1/task/bv_xmMnhRbGfcnUpn7xASQ/artifacts/public/build/firefox-52.8.2.en-US.linux-i686.tar.bz2
symbols_url:https://queue.taskcluster.net/v1/task/bv_xmMnhRbGfcnUpn7xASQ/artifacts/public/build/firefox-52.8.2.en-US.linux-i686.crashreporter-symbols.zip
program finished with exit code 0
elapsedTime=0.032389
build_url: 'https://queue.taskcluster.net/v1/task/bv_xmMnhRbGfcnUpn7xASQ/artifacts/public/build/firefox-52.8.2.en-US.linux-i686.tar.bz2'
symbols_url: 'https://queue.taskcluster.net/v1/task/bv_xmMnhRbGfcnUpn7xASQ/artifacts/public/build/firefox-52.8.2.en-US.linux-i686.crashreporter-symbols.zip'
========= master_lag: 0.03 =========
========= Finished set props: build_url symbols_url (results: 0, elapsed: 0 secs) (at 2018-06-08 16:59:02.312485) =========

========= Started 'rm -f ...' (results: 0, elapsed: 0 secs) (at 2018-06-08 16:59:02.312803) =========
rm -f oauth.txt
 in dir /builds/slave/test/. (timeout 1200 secs)
 watching logfiles {}
 argv: ['rm', '-f', 'oauth.txt']
 environment:
  HOME=/home/cltbld
  LANG=en_US.UTF-8
  LOGNAME=cltbld
  MAIL=/var/mail/cltbld
  NODE_PATH=/usr/lib/nodejs:/usr/lib/node_modules:/usr/share/javascript
  PATH=/usr/local/bin:/usr/local/bin:/usr/bin:/bin:/usr/local/games:/usr/games
  PWD=/builds/slave/test
  SHELL=/bin/bash
  SHLVL=1
  TERM=linux
  TMOUT=86400
  USER=cltbld
  XDG_SESSION_COOKIE=5a152710dd62cc268aad214e000002d8-1528499888.937342-1624606875
  _=/tools/buildbot/bin/python
 using PTY: False
program finished with exit code 0
elapsedTime=0.017675
========= master_lag: 0.04 =========
========= Finished 'rm -f ...' (results: 0, elapsed: 0 secs) (at 2018-06-08 16:59:02.374281) =========

========= Started reboot skipped (results: 3, elapsed: 0 secs) (at 2018-06-08 16:59:02.374581) =========
========= Finished reboot skipped (results: 3, elapsed: 0 secs) (at 2018-06-08 16:59:02.374844) =========

========= Total master_lag: 0.42 =========

