builder: mozilla-esr52_yosemite_r7-debug_test-mochitest-devtools-chrome-8
slave: t-yosemite-r7-0018
starttime: 1528502119.85
results: cancelled (6)
buildid: 20180608150819
builduid: b298b373e93d4f8dbf92436c9ed838a2
revision: cbfdf01aac455e0591471201c96b89dee98190b5

========= Started set props: master (results: 0, elapsed: 0 secs) (at 2018-06-08 16:55:19.847754) =========
master: http://buildbot-master107.bb.releng.scl3.mozilla.com:8201/
========= Finished set props: master (results: 0, elapsed: 0 secs) (at 2018-06-08 16:55:19.848280) =========

========= Started downloading to buildprops.json (results: 0, elapsed: 0 secs) (at 2018-06-08 16:55:19.848558) =========
========= Finished downloading to buildprops.json (results: 0, elapsed: 0 secs) (at 2018-06-08 16:55:19.862202) =========

========= Started 'bash -c ...' (results: 0, elapsed: 0 secs) (at 2018-06-08 16:55:19.862537) =========
bash -c 'wget -Oarchiver_client.py --no-check-certificate --tries=10 --waitretry=3 https://hg.mozilla.org/build/tools/raw-file/default/buildfarm/utils/archiver_client.py'
 in dir /builds/slave/test/. (timeout 1200 secs)
 watching logfiles {}
 argv: ['bash', '-c', 'wget -Oarchiver_client.py --no-check-certificate --tries=10 --waitretry=3 https://hg.mozilla.org/build/tools/raw-file/default/buildfarm/utils/archiver_client.py']
 environment:
  Apple_PubSub_Socket_Render=/private/tmp/com.apple.launchd.Rol9ZK4g8z/Render
  GIT_SHARE_BASE_DIR=/builds/git-shared
  HG_SHARE_BASE_DIR=/builds/hg-shared
  HOME=/Users/cltbld
  IDLEIZER_DISABLE_SHUTDOWN=true
  LOGNAME=cltbld
  PATH=/usr/local/sbin:/usr/local/bin:/usr/sbin:/usr/bin:/sbin:/bin:/usr/bin/X11
  PWD=/builds/slave/test
  RUNNER_CONFIG_CMD=/opt/runner/bin/python2.7 /opt/runner/bin/runner -c /opt/runner/runner.cfg
  SHELL=/bin/bash
  SSH_AUTH_SOCK=/private/tmp/com.apple.launchd.uR7ouhEFaY/Listeners
  TMPDIR=/var/folders/6m/3ljsrxss0yngbfl5y88_lxk400000w/T/
  TWISTD_LOG_PATH=/builds/slave/twistd.log
  USER=cltbld
  VERSIONER_PYTHON_PREFER_32_BIT=no
  VERSIONER_PYTHON_VERSION=2.7
  XPC_FLAGS=0x0
  XPC_SERVICE_NAME=0
  __CF_USER_TEXT_ENCODING=0x1C:0:0
 using PTY: False
--2018-06-08 16:55:19--  https://hg.mozilla.org/build/tools/raw-file/default/buildfarm/utils/archiver_client.py
Resolving hg.mozilla.org... 63.245.215.25, 63.245.215.102
Connecting to hg.mozilla.org|63.245.215.25|:443... connected.
HTTP request sent, awaiting response... 200 Script output follows
Length: 12179 (12K) [text/x-python]
Saving to: 'archiver_client.py'

     0K .......... .                                          100% 81.2M=0s

2018-06-08 16:55:19 (81.2 MB/s) - 'archiver_client.py' saved [12179/12179]

program finished with exit code 0
elapsedTime=0.090955
========= master_lag: 0.01 =========
========= Finished 'bash -c ...' (results: 0, elapsed: 0 secs) (at 2018-06-08 16:55:19.965157) =========

========= Started 'rm -rf ...' (results: 0, elapsed: 0 secs) (at 2018-06-08 16:55:19.965480) =========
rm -rf scripts properties
 in dir /builds/slave/test/. (timeout 1200 secs)
 watching logfiles {}
 argv: ['rm', '-rf', 'scripts', 'properties']
 environment:
  Apple_PubSub_Socket_Render=/private/tmp/com.apple.launchd.Rol9ZK4g8z/Render
  GIT_SHARE_BASE_DIR=/builds/git-shared
  HG_SHARE_BASE_DIR=/builds/hg-shared
  HOME=/Users/cltbld
  IDLEIZER_DISABLE_SHUTDOWN=true
  LOGNAME=cltbld
  PATH=/usr/local/sbin:/usr/local/bin:/usr/sbin:/usr/bin:/sbin:/bin:/usr/bin/X11
  PWD=/builds/slave/test
  RUNNER_CONFIG_CMD=/opt/runner/bin/python2.7 /opt/runner/bin/runner -c /opt/runner/runner.cfg
  SHELL=/bin/bash
  SSH_AUTH_SOCK=/private/tmp/com.apple.launchd.uR7ouhEFaY/Listeners
  TMPDIR=/var/folders/6m/3ljsrxss0yngbfl5y88_lxk400000w/T/
  TWISTD_LOG_PATH=/builds/slave/twistd.log
  USER=cltbld
  VERSIONER_PYTHON_PREFER_32_BIT=no
  VERSIONER_PYTHON_VERSION=2.7
  XPC_FLAGS=0x0
  XPC_SERVICE_NAME=0
  __CF_USER_TEXT_ENCODING=0x1C:0:0
 using PTY: False
program finished with exit code 0
elapsedTime=0.027916
========= master_lag: 0.02 =========
========= Finished 'rm -rf ...' (results: 0, elapsed: 0 secs) (at 2018-06-08 16:55:20.013784) =========

========= Started 'bash -c ...' (results: 0, elapsed: 1 secs) (at 2018-06-08 16:55:20.014158) =========
bash -c 'python archiver_client.py mozharness --repo releases/mozilla-esr52 --rev cbfdf01aac455e0591471201c96b89dee98190b5 --destination scripts --debug'
 in dir /builds/slave/test/. (timeout 1200 secs)
 watching logfiles {}
 argv: ['bash', '-c', u'python archiver_client.py mozharness --repo releases/mozilla-esr52 --rev cbfdf01aac455e0591471201c96b89dee98190b5 --destination scripts --debug']
 environment:
  Apple_PubSub_Socket_Render=/private/tmp/com.apple.launchd.Rol9ZK4g8z/Render
  GIT_SHARE_BASE_DIR=/builds/git-shared
  HG_SHARE_BASE_DIR=/builds/hg-shared
  HOME=/Users/cltbld
  IDLEIZER_DISABLE_SHUTDOWN=true
  LOGNAME=cltbld
  PATH=/usr/local/sbin:/usr/local/bin:/usr/sbin:/usr/bin:/sbin:/bin:/usr/bin/X11
  PWD=/builds/slave/test
  RUNNER_CONFIG_CMD=/opt/runner/bin/python2.7 /opt/runner/bin/runner -c /opt/runner/runner.cfg
  SHELL=/bin/bash
  SSH_AUTH_SOCK=/private/tmp/com.apple.launchd.uR7ouhEFaY/Listeners
  TMPDIR=/var/folders/6m/3ljsrxss0yngbfl5y88_lxk400000w/T/
  TWISTD_LOG_PATH=/builds/slave/twistd.log
  USER=cltbld
  VERSIONER_PYTHON_PREFER_32_BIT=no
  VERSIONER_PYTHON_VERSION=2.7
  XPC_FLAGS=0x0
  XPC_SERVICE_NAME=0
  __CF_USER_TEXT_ENCODING=0x1C:0:0
 using PTY: False
2018-06-08 16:55:20,112 truncating revision to first 12 chars
2018-06-08 16:55:20,112 Setting DEBUG logging.
2018-06-08 16:55:20,112 attempt 1/10
2018-06-08 16:55:20,113 Getting archive location from https://api.pub.build.mozilla.org/archiver/hgmo/releases/mozilla-esr52/cbfdf01aac45?&preferred_region=us-west-2&suffix=tar.gz&subdir=testing/mozharness
2018-06-08 16:55:21,299 unpacking tar archive at: mozilla-esr52-cbfdf01aac45/testing/mozharness/
program finished with exit code 0
elapsedTime=1.615082
========= master_lag: 0.01 =========
========= Finished 'bash -c ...' (results: 0, elapsed: 1 secs) (at 2018-06-08 16:55:21.641353) =========

========= Started set props: script_repo_revision (results: 0, elapsed: 0 secs) (at 2018-06-08 16:55:21.641701) =========
script_repo_revision: cbfdf01aac455e0591471201c96b89dee98190b5
========= Finished set props: script_repo_revision (results: 0, elapsed: 0 secs) (at 2018-06-08 16:55:21.642189) =========

========= Started downloading to oauth.txt (results: 0, elapsed: 0 secs) (at 2018-06-08 16:55:21.642475) =========
========= Finished downloading to oauth.txt (results: 0, elapsed: 0 secs) (at 2018-06-08 16:55:21.651047) =========

========= Started '/tools/buildbot/bin/python -u ...' interrupted (results: 4, elapsed: 1 mins, 17 secs) (at 2018-06-08 16:55:21.651359) =========
/tools/buildbot/bin/python -u scripts/scripts/desktop_unittest.py --cfg unittests/mac_unittest.py --mochitest-suite mochitest-devtools-chrome-chunked --total-chunks 8 --this-chunk 8 --blob-upload-branch mozilla-esr52 --download-symbols true
 in dir /builds/slave/test/. (timeout 1800 secs) (maxTime 4800 secs)
 watching logfiles {}
 argv: ['/tools/buildbot/bin/python', '-u', 'scripts/scripts/desktop_unittest.py', '--cfg', 'unittests/mac_unittest.py', '--mochitest-suite', 'mochitest-devtools-chrome-chunked', '--total-chunks', '8', '--this-chunk', '8', '--blob-upload-branch', 'mozilla-esr52', '--download-symbols', 'true']
 environment:
  Apple_PubSub_Socket_Render=/private/tmp/com.apple.launchd.Rol9ZK4g8z/Render
  GIT_SHARE_BASE_DIR=/builds/git-shared
  HG_SHARE_BASE_DIR=/builds/hg-shared
  HOME=/Users/cltbld
  IDLEIZER_DISABLE_SHUTDOWN=true
  LOGNAME=cltbld
  MOZ_HIDE_RESULTS_TABLE=1
  MOZ_NODE_PATH=/usr/local/bin/node
  MOZ_NO_REMOTE=1
  NO_EM_RESTART=1
  NO_FAIL_ON_TEST_ERRORS=1
  PATH=/usr/local/sbin:/usr/local/bin:/usr/sbin:/usr/bin:/sbin:/bin:/usr/bin/X11
  PROPERTIES_FILE=/builds/slave/test/buildprops.json
  PWD=/builds/slave/test
  RUNNER_CONFIG_CMD=/opt/runner/bin/python2.7 /opt/runner/bin/runner -c /opt/runner/runner.cfg
  SHELL=/bin/bash
  SSH_AUTH_SOCK=/private/tmp/com.apple.launchd.uR7ouhEFaY/Listeners
  TMPDIR=/var/folders/6m/3ljsrxss0yngbfl5y88_lxk400000w/T/
  TWISTD_LOG_PATH=/builds/slave/twistd.log
  USER=cltbld
  VERSIONER_PYTHON_PREFER_32_BIT=no
  VERSIONER_PYTHON_VERSION=2.7
  XPCOM_DEBUG_BREAK=warn
  XPC_FLAGS=0x0
  XPC_SERVICE_NAME=0
  __CF_USER_TEXT_ENCODING=0x1C:0:0
 using PTY: False
16:55:21     INFO - MultiFileLogger online at 20180608 16:55:21 in /builds/slave/test
16:55:21     INFO - Run as scripts/scripts/desktop_unittest.py --cfg unittests/mac_unittest.py --mochitest-suite mochitest-devtools-chrome-chunked --total-chunks 8 --this-chunk 8 --blob-upload-branch mozilla-esr52 --download-symbols true
16:55:21     INFO - Dumping config to /builds/slave/test/logs/localconfig.json.
16:55:21     INFO - {'all_cppunittest_suites': {'cppunittest': ('tests/cppunittest',)},
16:55:21     INFO -  'all_gtest_suites': {'gtest': ()},
16:55:21     INFO -  'all_jittest_suites': {'jittest': ()},
16:55:21     INFO -  'all_mochitest_suites': {'a11y': ('--flavor=a11y',),
16:55:21     INFO -                           'browser-chrome': ('--flavor=browser',),
16:55:21     INFO -                           'browser-chrome-addons': ('--flavor=browser',
16:55:21     INFO -                                                     '--chunk-by-runtime',
16:55:21     INFO -                                                     '--tag=addons'),
16:55:21     INFO -                           'browser-chrome-chunked': ('--flavor=browser',
16:55:21     INFO -                                                      '--chunk-by-runtime'),
16:55:21     INFO -                           'browser-chrome-clipboard': ('--flavor=browser',
16:55:21     INFO -                                                        '--subsuite=clipboard'),
16:55:21     INFO -                           'browser-chrome-gpu': ('--flavor=browser',
16:55:21     INFO -                                                  '--subsuite=gpu'),
16:55:21     INFO -                           'browser-chrome-screenshots': ('--flavor=browser',
16:55:21     INFO -                                                          '--subsuite=screenshots'),
16:55:21     INFO -                           'chrome': ('--flavor=chrome',),
16:55:21     INFO -                           'chrome-chunked': ('--flavor=chrome',
16:55:21     INFO -                                              '--chunk-by-dir=4'),
16:55:21     INFO -                           'chrome-clipboard': ('--flavor=chrome',
16:55:21     INFO -                                                '--subsuite=clipboard'),
16:55:21     INFO -                           'chrome-gpu': ('--flavor=chrome', '--subsuite=gpu'),
16:55:21     INFO -                           'jetpack-addon': ('--flavor=jetpack-addon',),
16:55:21     INFO -                           'jetpack-package': ('--flavor=jetpack-package',),
16:55:21     INFO -                           'jetpack-package-clipboard': ('--flavor=jetpack-package',
16:55:21     INFO -                                                         '--subsuite=clipboard'),
16:55:21     INFO -                           'mochitest-devtools-chrome': ('--flavor=browser',
16:55:21     INFO -                                                         '--subsuite=devtools'),
16:55:21     INFO -                           'mochitest-devtools-chrome-chunked': ('--flavor=browser',
16:55:21     INFO -                                                                 '--subsuite=devtools',
16:55:21     INFO -                                                                 '--chunk-by-runtime'),
16:55:21     INFO -                           'mochitest-gl': ('--subsuite=webgl',),
16:55:21     INFO -                           'mochitest-media': ('--subsuite=media',),
16:55:21     INFO -                           'plain': (),
16:55:21     INFO -                           'plain-chunked': ('--chunk-by-dir=4',),
16:55:21     INFO -                           'plain-clipboard': ('--subsuite=clipboard',),
16:55:21     INFO -                           'plain-gpu': ('--subsuite=gpu',)},
16:55:21     INFO -  'all_mozbase_suites': {'mozbase': ()},
16:55:21     INFO -  'all_reftest_suites': {'crashtest': {'options': ('--suite=crashtest',),
16:55:21     INFO -                                       'tests': ('tests/reftest/tests/testing/crashtest/crashtests.list',)},
16:55:21     INFO -                         'jsreftest': {'options': ('--extra-profile-file=tests/jsreftest/tests/user.js',),
16:55:21     INFO -                                       'tests': ('tests/jsreftest/tests/jstests.list',)},
16:55:21     INFO -                         'reftest': {'options': ('--suite=reftest',),
16:55:21     INFO -                                     'tests': ('tests/reftest/tests/layout/reftests/reftest.list',)}},
16:55:21     INFO -  'all_xpcshell_suites': {'xpcshell': {'options': ('--xpcshell=%(abs_app_dir)s/xpcshell',
16:55:21     INFO -                                                   '--manifest=tests/xpcshell/tests/xpcshell.ini'),
16:55:21     INFO -                                       'tests': ()},
16:55:21     INFO -                          'xpcshell-addons': {'options': ('--xpcshell=%(abs_app_dir)s/xpcshell',
16:55:21     INFO -                                                          '--tag=addons',
16:55:21     INFO -                                                          '--manifest=tests/xpcshell/tests/xpcshell.ini'),
16:55:21     INFO -                                              'tests': ()}},
16:55:21     INFO -  'allow_software_gl_layers': False,
16:55:21     INFO -  'append_to_log': False,
16:55:21     INFO -  'base_work_dir': '/builds/slave/test',
16:55:21     INFO -  'blob_upload_branch': 'mozilla-esr52',
16:55:21     INFO -  'blob_uploader_auth_file': '/builds/slave/test/oauth.txt',
16:55:21     INFO -  'buildbot_json_path': 'buildprops.json',
16:55:21     INFO -  'buildbot_max_log_size': 52428800,
16:55:21     INFO -  'code_coverage': False,
16:55:21     INFO -  'config_files': ('unittests/mac_unittest.py',),
16:55:21     INFO -  'default_blob_upload_servers': ('https://blobupload.elasticbeanstalk.com',),
16:55:21     INFO -  'download_minidump_stackwalk': True,
16:55:21     INFO -  'download_nodejs': True,
16:55:21     INFO -  'download_symbols': 'true',
16:55:21     INFO -  'e10s': False,
16:55:21     INFO -  'exe_suffix': '',
16:55:21     INFO -  'exes': {'python': '/tools/buildbot/bin/python',
16:55:21     INFO -           'tooltool.py': '/tools/tooltool.py',
16:55:21     INFO -           'virtualenv': ('/tools/buildbot/bin/python',
16:55:21     INFO -                          '/tools/misc-python/virtualenv.py')},
16:55:21     INFO -  'find_links': ('http://pypi.pvt.build.mozilla.org/pub',
16:55:21     INFO -                 'http://pypi.pub.build.mozilla.org/pub'),
16:55:21     INFO -  'installer_path': '/builds/slave/test/installer.dmg',
16:55:21     INFO -  'log_level': 'info',
16:55:21     INFO -  'log_to_console': True,
16:55:21     INFO -  'minidump_save_path': '%(abs_work_dir)s/../minidumps',
16:55:21     INFO -  'minidump_stackwalk_path': 'macosx64-minidump_stackwalk',
16:55:21     INFO -  'minidump_tooltool_manifest_path': 'config/tooltool-manifests/macosx64/releng.manifest',
16:55:21     INFO -  'minimum_tests_zip_dirs': ('bin/*',
16:55:21     INFO -                             'certs/*',
16:55:21     INFO -                             'config/*',
16:55:21     INFO -                             'mach',
16:55:21     INFO -                             'marionette/*',
16:55:21     INFO -                             'modules/*',
16:55:21     INFO -                             'mozbase/*',
16:55:21     INFO -                             'tools/*'),
16:55:21     INFO -  'no_random': False,
16:55:21     INFO -  'nodejs_path': 'node-osx/bin/node',
16:55:21     INFO -  'nodejs_tooltool_manifest_path': 'config/tooltool-manifests/macosx64/nodejs.manifest',
16:55:21     INFO -  'opt_config_files': (),
16:55:21     INFO -  'pip_index': False,
16:55:21     INFO -  'preflight_run_cmd_suites': ({'architectures': ('32bit', '64bit'),
16:55:21     INFO -                                'cmd': ('xset', 's', 'off', 's', 'reset'),
16:55:21     INFO -                                'enabled': False,
16:55:21     INFO -                                'halt_on_failure': False,
16:55:21     INFO -                                'name': 'disable_screen_saver'},
16:55:21     INFO -                               {'architectures': ('32bit',),
16:55:21     INFO -                                'cmd': ('python',
16:55:21     INFO -                                        '../scripts/external_tools/mouse_and_screen_resolution.py',
16:55:21     INFO -                                        '--configuration-file',
16:55:21     INFO -                                        '../scripts/external_tools/machine-configuration.json'),
16:55:21     INFO -                                'enabled': False,
16:55:21     INFO -                                'halt_on_failure': True,
16:55:21     INFO -                                'name': 'run mouse & screen adjustment script'}),
16:55:21     INFO -  'require_test_zip': True,
16:55:21     INFO -  'run_all_suites': False,
16:55:21     INFO -  'run_cmd_checks_enabled': True,
16:55:21     INFO -  'run_file_names': {'cppunittest': 'runcppunittests.py',
16:55:21     INFO -                     'gtest': 'rungtests.py',
16:55:21     INFO -                     'jittest': 'jit_test.py',
16:55:21     INFO -                     'mochitest': 'runtests.py',
16:55:21     INFO -                     'mozbase': 'test.py',
16:55:21     INFO -                     'mozmill': 'runtestlist.py',
16:55:21     INFO -                     'reftest': 'runreftest.py',
16:55:21     INFO -                     'xpcshell': 'runxpcshelltests.py'},
16:55:21     INFO -  'specific_tests_zip_dirs': {'cppunittest': ('cppunittest/*',),
16:55:21     INFO -                              'gtest': ('gtest/*',),
16:55:21     INFO -                              'jittest': ('jit-test/*',),
16:55:21     INFO -                              'mochitest': ('mochitest/*',),
16:55:21     INFO -                              'mozbase': ('mozbase/*',),
16:55:21     INFO -                              'mozmill': ('mozmill/*',),
16:55:21     INFO -                              'reftest': ('reftest/*', 'jsreftest/*'),
16:55:21     INFO -                              'xpcshell': ('xpcshell/*',)},
16:55:21     INFO -  'specified_mochitest_suites': ('mochitest-devtools-chrome-chunked',),
16:55:21     INFO -  'strict_content_sandbox': False,
16:55:21     INFO -  'suite_definitions': {'cppunittest': {'options': ('--symbols-path=%(symbols_path)s',
16:55:21     INFO -                                                    '--xre-path=%(abs_res_dir)s'),
16:55:21     INFO -                                        'run_filename': 'runcppunittests.py',
16:55:21     INFO -                                        'testsdir': 'cppunittest'},
16:55:21     INFO -                        'gtest': {'options': ('--xre-path=%(abs_res_dir)s',
16:55:21     INFO -                                              '--cwd=%(gtest_dir)s',
16:55:21     INFO -                                              '--symbols-path=%(symbols_path)s',
16:55:21     INFO -                                              '--utility-path=tests/bin',
16:55:21     INFO -                                              '%(binary_path)s'),
16:55:21     INFO -                                  'run_filename': 'rungtests.py'},
16:55:21     INFO -                        'jittest': {'options': ('tests/bin/js',
16:55:21     INFO -                                                '--no-slow',
16:55:21     INFO -                                                '--no-progress',
16:55:21     INFO -                                                '--format=automation',
16:55:21     INFO -                                                '--jitflags=all',
16:55:21     INFO -                                                '--timeout=970'),
16:55:21     INFO -                                    'run_filename': 'jit_test.py',
16:55:21     INFO -                                    'run_timeout': 1000,
16:55:21     INFO -                                    'testsdir': 'jit-test/jit-test'},
16:55:21     INFO -                        'mochitest': {'options': ('--appname=%(binary_path)s',
16:55:21     INFO -                                                  '--utility-path=tests/bin',
16:55:21     INFO -                                                  '--extra-profile-file=tests/bin/plugins',
16:55:21     INFO -                                                  '--symbols-path=%(symbols_path)s',
16:55:21     INFO -                                                  '--certificate-path=tests/certs',
16:55:21     INFO -                                                  '--quiet',
16:55:21     INFO -                                                  '--log-raw=%(raw_log_file)s',
16:55:21     INFO -                                                  '--log-errorsummary=%(error_summary_file)s',
16:55:21     INFO -                                                  '--screenshot-on-fail',
16:55:21     INFO -                                                  '--cleanup-crashes'),
16:55:21     INFO -                                      'run_filename': 'runtests.py',
16:55:21     INFO -                                      'testsdir': 'mochitest'},
16:55:21     INFO -                        'mozbase': {'options': ('-b', '%(binary_path)s'),
16:55:21     INFO -                                    'run_filename': 'test.py',
16:55:21     INFO -                                    'testsdir': 'mozbase'},
16:55:21     INFO -                        'mozmill': {'options': ('--binary=%(binary_path)s',
16:55:21     INFO -                                                '--testing-modules-dir=test/modules',
16:55:21     INFO -                                                '--plugins-path=%(test_plugin_path)s',
16:55:21     INFO -                                                '--symbols-path=%(symbols_path)s'),
16:55:21     INFO -                                    'run_filename': 'runtestlist.py',
16:55:21     INFO -                                    'testsdir': 'mozmill'},
16:55:21     INFO -                        'reftest': {'options': ('--appname=%(binary_path)s',
16:55:21     INFO -                                                '--utility-path=tests/bin',
16:55:21     INFO -                                                '--extra-profile-file=tests/bin/plugins',
16:55:21     INFO -                                                '--symbols-path=%(symbols_path)s',
16:55:21     INFO -                                                '--log-raw=%(raw_log_file)s',
16:55:21     INFO -                                                '--log-errorsummary=%(error_summary_file)s',
16:55:21     INFO -                                                '--cleanup-crashes'),
16:55:21     INFO -                                    'run_filename': 'runreftest.py',
16:55:21     INFO -                                    'testsdir': 'reftest'},
16:55:21     INFO -                        'xpcshell': {'options': ('--symbols-path=%(symbols_path)s',
16:55:21     INFO -                                                 '--test-plugin-path=%(test_plugin_path)s',
16:55:21     INFO -                                                 '--log-raw=%(raw_log_file)s',
16:55:21     INFO -                                                 '--log-errorsummary=%(error_summary_file)s',
16:55:21     INFO -                                                 '--utility-path=tests/bin'),
16:55:21     INFO -                                     'run_filename': 'runxpcshelltests.py',
16:55:21     INFO -                                     'testsdir': 'xpcshell'}},
16:55:21     INFO -  'this_chunk': '8',
16:55:21     INFO -  'tooltool_cache': '/builds/tooltool_cache',
16:55:21     INFO -  'total_chunks': '8',
16:55:21     INFO -  'unstructured_flavors': {'cppunittest': (),
16:55:21     INFO -                           'gtest': (),
16:55:21     INFO -                           'jittest': (),
16:55:21     INFO -                           'mochitest': ('jetpack',),
16:55:21     INFO -                           'mozbase': (),
16:55:21     INFO -                           'mozmill': (),
16:55:21     INFO -                           'xpcshell': ()},
16:55:21     INFO -  'vcs_output_timeout': 1000,
16:55:21     INFO -  'virtualenv_modules': ('six==1.10.0', 'vcversioner==2.16.0.0'),
16:55:21     INFO -  'virtualenv_path': 'venv',
16:55:21     INFO -  'volatile_config': {'actions': None, 'add_actions': None, 'no_actions': None},
16:55:21     INFO -  'work_dir': 'build',
16:55:21     INFO -  'xpcshell_name': 'xpcshell'}
16:55:21     INFO - [mozharness: 2018-06-08 23:55:21.892267Z] Running clobber step.
16:55:21     INFO - Running pre-action listener: _resource_record_pre_action
16:55:21     INFO - Running main action method: clobber
16:55:21     INFO - rmtree: /builds/slave/test/build
16:55:21     INFO - retry: Calling rmtree with args: ('/builds/slave/test/build',), kwargs: {}, attempt #1
16:55:24     INFO - Running post-action listener: _resource_record_post_action
16:55:24     INFO - [mozharness: 2018-06-08 23:55:24.917488Z] Finished clobber step (success)
16:55:24     INFO - [mozharness: 2018-06-08 23:55:24.917672Z] Running read-buildbot-config step.
16:55:24     INFO - Running pre-action listener: _resource_record_pre_action
16:55:24     INFO - Running main action method: read_buildbot_config
16:55:24     INFO - Using buildbot properties:
16:55:24     INFO - {
16:55:24     INFO -     "project": "", 
16:55:24     INFO -     "product": "firefox", 
16:55:24     INFO -     "script_repo_revision": "production", 
16:55:24     INFO -     "scheduler": "tests-mozilla-esr52-yosemite_r7-debug-unittest", 
16:55:24     INFO -     "repository": "", 
16:55:24     INFO -     "buildername": "Rev7 MacOSX Yosemite 10.10.5 mozilla-esr52 debug test mochitest-devtools-chrome-8", 
16:55:24     INFO -     "buildid": "20180608150819", 
16:55:24     INFO -     "pgo_build": "False", 
16:55:24     INFO -     "basedir": "/builds/slave/test", 
16:55:24     INFO -     "buildnumber": 23, 
16:55:24     INFO -     "slavename": "t-yosemite-r7-0018", 
16:55:24     INFO -     "master": "http://buildbot-master107.bb.releng.scl3.mozilla.com:8201/", 
16:55:24     INFO -     "platform": "macosx64", 
16:55:24     INFO -     "branch": "mozilla-esr52", 
16:55:24     INFO -     "revision": "cbfdf01aac455e0591471201c96b89dee98190b5", 
16:55:24     INFO -     "repo_path": "releases/mozilla-esr52", 
16:55:24     INFO -     "moz_repo_path": "", 
16:55:24     INFO -     "stage_platform": "macosx64", 
16:55:24     INFO -     "builduid": "b298b373e93d4f8dbf92436c9ed838a2", 
16:55:24     INFO -     "slavebuilddir": "test"
16:55:24     INFO - }
16:55:24     INFO - Found installer url https://queue.taskcluster.net/v1/task/cbf86eh2SwWGC1LFFrbavg/artifacts/public/build/firefox-52.8.2.en-US.mac64.dmg.
16:55:24     INFO - Found a test packages url https://queue.taskcluster.net/v1/task/cbf86eh2SwWGC1LFFrbavg/artifacts/public/build/firefox-52.8.2.en-US.mac64.test_packages.json.
16:55:24     INFO - Running post-action listener: _resource_record_post_action
16:55:24     INFO - [mozharness: 2018-06-08 23:55:24.921755Z] Finished read-buildbot-config step (success)
16:55:24     INFO - [mozharness: 2018-06-08 23:55:24.921896Z] Running download-and-extract step.
16:55:24     INFO - Running pre-action listener: _pre_download_and_extract
16:55:24  WARNING - Try message not found.
16:55:24     INFO - Running pre-action listener: _resource_record_pre_action
16:55:24     INFO - Running main action method: download_and_extract
16:55:24     INFO - mkdir: /builds/slave/test/build/tests
16:55:24     INFO - Downloading https://queue.taskcluster.net/v1/task/cbf86eh2SwWGC1LFFrbavg/artifacts/public/build/firefox-52.8.2.en-US.mac64.test_packages.json to /builds/slave/test/build/firefox-52.8.2.en-US.mac64.test_packages.json
16:55:24     INFO - retry: Calling _download_file with args: (), kwargs: {'url': 'https://queue.taskcluster.net/v1/task/cbf86eh2SwWGC1LFFrbavg/artifacts/public/build/firefox-52.8.2.en-US.mac64.test_packages.json', 'file_name': '/builds/slave/test/build/firefox-52.8.2.en-US.mac64.test_packages.json'}, attempt #1
16:55:25     INFO - Downloaded 1235 bytes.
16:55:25     INFO - Reading from file /builds/slave/test/build/firefox-52.8.2.en-US.mac64.test_packages.json
16:55:25     INFO - Using the following test package requirements:
16:55:25     INFO - {u'common': [u'firefox-52.8.2.en-US.mac64.common.tests.zip'],
16:55:25     INFO -  u'cppunittest': [u'firefox-52.8.2.en-US.mac64.common.tests.zip',
16:55:25     INFO -                   u'firefox-52.8.2.en-US.mac64.cppunittest.tests.zip'],
16:55:25     INFO -  u'gtest': [u'firefox-52.8.2.en-US.mac64.common.tests.zip',
16:55:25     INFO -             u'firefox-52.8.2.en-US.mac64.gtest.tests.zip'],
16:55:25     INFO -  u'jittest': [u'firefox-52.8.2.en-US.mac64.common.tests.zip',
16:55:25     INFO -               u'jsshell-mac64.zip'],
16:55:25     INFO -  u'mochitest': [u'firefox-52.8.2.en-US.mac64.common.tests.zip',
16:55:25     INFO -                 u'firefox-52.8.2.en-US.mac64.mochitest.tests.zip'],
16:55:25     INFO -  u'mozbase': [u'firefox-52.8.2.en-US.mac64.common.tests.zip'],
16:55:25     INFO -  u'reftest': [u'firefox-52.8.2.en-US.mac64.common.tests.zip',
16:55:25     INFO -               u'firefox-52.8.2.en-US.mac64.reftest.tests.zip'],
16:55:25     INFO -  u'talos': [u'firefox-52.8.2.en-US.mac64.common.tests.zip',
16:55:25     INFO -             u'firefox-52.8.2.en-US.mac64.talos.tests.zip'],
16:55:25     INFO -  u'web-platform': [u'firefox-52.8.2.en-US.mac64.common.tests.zip',
16:55:25     INFO -                    u'firefox-52.8.2.en-US.mac64.web-platform.tests.zip'],
16:55:25     INFO -  u'xpcshell': [u'firefox-52.8.2.en-US.mac64.common.tests.zip',
16:55:25     INFO -                u'firefox-52.8.2.en-US.mac64.xpcshell.tests.zip']}
16:55:25     INFO - Downloading packages: [u'firefox-52.8.2.en-US.mac64.common.tests.zip', u'firefox-52.8.2.en-US.mac64.mochitest.tests.zip'] for test suite category: mochitest
16:55:25     INFO - Adding 'mozinfo.json' for extraction from common.tests zip file
16:55:25     INFO - Downloading and extracting to /builds/slave/test/build/tests these dirs bin/*, certs/*, config/*, mach, marionette/*, modules/*, mozbase/*, tools/*, mochitest/*, mozinfo.json from https://queue.taskcluster.net/v1/task/cbf86eh2SwWGC1LFFrbavg/artifacts/public/build/firefox-52.8.2.en-US.mac64.common.tests.zip
16:55:25     INFO - retry: Calling fetch_url_into_memory with args: (), kwargs: {'url': u'https://queue.taskcluster.net/v1/task/cbf86eh2SwWGC1LFFrbavg/artifacts/public/build/firefox-52.8.2.en-US.mac64.common.tests.zip'}, attempt #1
16:55:25     INFO - Fetch https://queue.taskcluster.net/v1/task/cbf86eh2SwWGC1LFFrbavg/artifacts/public/build/firefox-52.8.2.en-US.mac64.common.tests.zip into memory
16:55:26     INFO - Http code: 200
16:55:26     INFO - via: 1.1 f46e4d7bc5419470a70eb57aa9c935c8.cloudfront.net (CloudFront)
16:55:26     INFO - x-amz-cf-id: 3EOi0Xx0YKatNz84D1ntPONvTDnIGezG7Mx8ospJsp9vDtjYU648QA==
16:55:26     INFO - x-amz-version-id: 6Jp1IEhXNpFL3rVBw5YlstF2WLb650Xv
16:55:26     INFO - Expected file size: 16096421
16:55:26     INFO - Obtained file size: 16096421
16:55:27     INFO - Downloading and extracting to /builds/slave/test/build/tests these dirs bin/*, certs/*, config/*, mach, marionette/*, modules/*, mozbase/*, tools/*, mochitest/*, mozinfo.json from https://queue.taskcluster.net/v1/task/cbf86eh2SwWGC1LFFrbavg/artifacts/public/build/firefox-52.8.2.en-US.mac64.mochitest.tests.zip
16:55:27     INFO - retry: Calling fetch_url_into_memory with args: (), kwargs: {'url': u'https://queue.taskcluster.net/v1/task/cbf86eh2SwWGC1LFFrbavg/artifacts/public/build/firefox-52.8.2.en-US.mac64.mochitest.tests.zip'}, attempt #1
16:55:27     INFO - Fetch https://queue.taskcluster.net/v1/task/cbf86eh2SwWGC1LFFrbavg/artifacts/public/build/firefox-52.8.2.en-US.mac64.mochitest.tests.zip into memory
16:55:28     INFO - Http code: 200
16:55:28     INFO - via: 1.1 75d3bdff1b8eb2920f04077d77f16ca0.cloudfront.net (CloudFront)
16:55:28     INFO - x-amz-cf-id: NJXG4TV1Y_cE0-omhqrdfhujn3_ScntfeZJ7Pmbsk3MjXUH_xDuJfg==
16:55:28     INFO - x-amz-version-id: 68DNDJ1xmOK8PxOP1h4o6rtlH0_KNHe8
16:55:29     INFO - Expected file size: 80327822
16:55:29     INFO - Obtained file size: 80327822
16:55:41     INFO - Downloading https://queue.taskcluster.net/v1/task/cbf86eh2SwWGC1LFFrbavg/artifacts/public/build/firefox-52.8.2.en-US.mac64.dmg to /builds/slave/test/installer.dmg
16:55:41     INFO - retry: Calling _download_file with args: (), kwargs: {'url': 'https://queue.taskcluster.net/v1/task/cbf86eh2SwWGC1LFFrbavg/artifacts/public/build/firefox-52.8.2.en-US.mac64.dmg', 'file_name': '/builds/slave/test/installer.dmg'}, attempt #1
16:55:43     INFO - Downloaded 75547823 bytes.
16:55:43     INFO - Setting buildbot property build_url to https://queue.taskcluster.net/v1/task/cbf86eh2SwWGC1LFFrbavg/artifacts/public/build/firefox-52.8.2.en-US.mac64.dmg
16:55:43     INFO - mkdir: /builds/slave/test/properties
16:55:43     INFO - Writing buildbot properties ['build_url'] to /builds/slave/test/properties/build_url
16:55:43     INFO - Writing to file /builds/slave/test/properties/build_url
16:55:43     INFO - Contents:
16:55:43     INFO -  build_url:https://queue.taskcluster.net/v1/task/cbf86eh2SwWGC1LFFrbavg/artifacts/public/build/firefox-52.8.2.en-US.mac64.dmg
16:55:43     INFO - retry: Calling query_symbols_url with args: (), kwargs: {'raise_on_failure': True}, attempt #1
16:55:44     INFO - Setting buildbot property symbols_url to https://queue.taskcluster.net/v1/task/cbf86eh2SwWGC1LFFrbavg/artifacts/public/build/firefox-52.8.2.en-US.mac64.crashreporter-symbols.zip
16:55:44     INFO - Writing buildbot properties ['symbols_url'] to /builds/slave/test/properties/symbols_url
16:55:44     INFO - Writing to file /builds/slave/test/properties/symbols_url
16:55:44     INFO - Contents:
16:55:44     INFO -  symbols_url:https://queue.taskcluster.net/v1/task/cbf86eh2SwWGC1LFFrbavg/artifacts/public/build/firefox-52.8.2.en-US.mac64.crashreporter-symbols.zip
16:55:44     INFO - Downloading and extracting to /builds/slave/test/build/symbols these dirs * from https://queue.taskcluster.net/v1/task/cbf86eh2SwWGC1LFFrbavg/artifacts/public/build/firefox-52.8.2.en-US.mac64.crashreporter-symbols.zip
16:55:44     INFO - retry: Calling fetch_url_into_memory with args: (), kwargs: {'url': 'https://queue.taskcluster.net/v1/task/cbf86eh2SwWGC1LFFrbavg/artifacts/public/build/firefox-52.8.2.en-US.mac64.crashreporter-symbols.zip'}, attempt #1
16:55:44     INFO - Fetch https://queue.taskcluster.net/v1/task/cbf86eh2SwWGC1LFFrbavg/artifacts/public/build/firefox-52.8.2.en-US.mac64.crashreporter-symbols.zip into memory
16:55:45     INFO - Http code: 200
16:55:45     INFO - via: 1.1 3d3d633d266d05d90a4eea7a6a59b514.cloudfront.net (CloudFront)
16:55:45     INFO - x-amz-cf-id: MrsjDVO26z3LoXJ4Rr0JBNxmV0v0R8GzFE5zmqFPepUapzL_d2j0FA==
16:55:45     INFO - x-amz-version-id: HNa.r95BIoILYL6amTtvim2q2nxeiEvj
16:55:47     INFO - Expected file size: 137465258
16:55:47     INFO - Obtained file size: 137465258
16:55:51     INFO - Running post-action listener: _resource_record_post_action
16:55:51     INFO - Running post-action listener: set_extra_try_arguments
16:55:51     INFO - [mozharness: 2018-06-08 23:55:51.996536Z] Finished download-and-extract step (success)
16:55:51     INFO - [mozharness: 2018-06-08 23:55:51.996643Z] Running create-virtualenv step.
16:55:51     INFO - Running pre-action listener: _install_mozbase
16:55:51     INFO - Running pre-action listener: _pre_create_virtualenv
16:55:51     INFO - Running pre-action listener: _resource_record_pre_action
16:55:51     INFO - Running main action method: create_virtualenv
16:55:51     INFO - Creating virtualenv /builds/slave/test/build/venv
16:55:51     INFO - Running command: ['/tools/buildbot/bin/python', '/builds/slave/test/scripts/external_tools/virtualenv/virtualenv.py', '--always-copy', '/builds/slave/test/build/venv'] in /builds/slave/test/build
16:55:51     INFO - Copy/paste: /tools/buildbot/bin/python /builds/slave/test/scripts/external_tools/virtualenv/virtualenv.py --always-copy /builds/slave/test/build/venv
16:55:51     INFO - Using partial env: {'VIRTUALENV_NO_DOWNLOAD': '1'}
16:55:52     INFO -  Using real prefix '/tools/python27'
16:55:52     INFO -  New python executable in /builds/slave/test/build/venv/bin/python
16:55:54     INFO -  Installing setuptools, pip, wheel...done.
16:55:54     INFO - Return code: 0
16:55:54     INFO - Installing six==1.10.0 into virtualenv /builds/slave/test/build/venv
16:55:54     INFO - retry: Calling run_command with args: [['/builds/slave/test/build/venv/bin/pip', 'install', '--timeout', '120', '--no-index', '--find-links', 'http://pypi.pvt.build.mozilla.org/pub', '--find-links', 'http://pypi.pub.build.mozilla.org/pub', '--trusted-host', 'pypi.pub.build.mozilla.org', '--trusted-host', 'pypi.pvt.build.mozilla.org', 'six==1.10.0']], kwargs: {'error_level': 'warning', 'error_list': [{'substr': 'not found or a compiler error:', 'level': 'warning'}, {'regex': <_sre.SRE_Pattern object at 0x10ab99170>, 'level': 'error'}, {'regex': <_sre.SRE_Pattern object at 0x10ac3b960>, 'level': 'warning'}, {'regex': <_sre.SRE_Pattern object at 0x7fc910558dc0>, 'level': 'debug'}, {'substr': 'command not found', 'level': 'error'}, {'regex': <_sre.SRE_Pattern object at 0x10ab2c1d0>, 'level': 'warning'}, {'substr': 'Traceback (most recent call last)', 'level': 'error'}, {'substr': 'SyntaxError: ', 'level': 'error'}, {'substr': 'TypeError: ', 'level': 'error'}, {'substr': 'NameError: ', 'level': 'error'}, {'substr': 'ZeroDivisionError: ', 'level': 'error'}, {'regex': <_sre.SRE_Pattern object at 0x10ab07108>, 'level': 'critical'}, {'regex': <_sre.SRE_Pattern object at 0x10ab21030>, 'level': 'critical'}], 'cwd': '/builds/slave/test/build', 'env': {'VERSIONER_PYTHON_PREFER_32_BIT': 'no', 'LOGNAME': 'cltbld', 'USER': 'cltbld', 'XPC_SERVICE_NAME': '0', 'PATH': '/usr/local/sbin:/usr/local/bin:/usr/sbin:/usr/bin:/sbin:/bin:/usr/bin/X11', 'HOME': '/Users/cltbld', 'NO_EM_RESTART': '1', 'IDLEIZER_DISABLE_SHUTDOWN': 'true', 'XPCOM_DEBUG_BREAK': 'warn', 'Apple_PubSub_Socket_Render': '/private/tmp/com.apple.launchd.Rol9ZK4g8z/Render', 'MOZ_NODE_PATH': '/usr/local/bin/node', 'TWISTD_LOG_PATH': '/builds/slave/twistd.log', 'GIT_SHARE_BASE_DIR': '/builds/git-shared', 'VERSIONER_PYTHON_VERSION': '2.7', 'XPC_FLAGS': '0x0', 'NO_FAIL_ON_TEST_ERRORS': '1', 'HG_SHARE_BASE_DIR': '/builds/hg-shared', 'RUNNER_CONFIG_CMD': '/opt/runner/bin/python2.7 /opt/runner/bin/runner -c /opt/runner/runner.cfg', 'MOZ_NO_REMOTE': '1', 'MOZ_HIDE_RESULTS_TABLE': '1', 'SSH_AUTH_SOCK': '/private/tmp/com.apple.launchd.uR7ouhEFaY/Listeners', 'SHELL': '/bin/bash', 'TMPDIR': '/var/folders/6m/3ljsrxss0yngbfl5y88_lxk400000w/T/', '__CF_USER_TEXT_ENCODING': '0x1C:0:0', 'PWD': '/builds/slave/test', 'PROPERTIES_FILE': '/builds/slave/test/buildprops.json'}}, attempt #1
16:55:54     INFO - Running command: ['/builds/slave/test/build/venv/bin/pip', 'install', '--timeout', '120', '--no-index', '--find-links', 'http://pypi.pvt.build.mozilla.org/pub', '--find-links', 'http://pypi.pub.build.mozilla.org/pub', '--trusted-host', 'pypi.pub.build.mozilla.org', '--trusted-host', 'pypi.pvt.build.mozilla.org', 'six==1.10.0'] in /builds/slave/test/build
16:55:54     INFO - Copy/paste: /builds/slave/test/build/venv/bin/pip install --timeout 120 --no-index --find-links http://pypi.pvt.build.mozilla.org/pub --find-links http://pypi.pub.build.mozilla.org/pub --trusted-host pypi.pub.build.mozilla.org --trusted-host pypi.pvt.build.mozilla.org six==1.10.0
16:55:54     INFO - Using env: {'Apple_PubSub_Socket_Render': '/private/tmp/com.apple.launchd.Rol9ZK4g8z/Render',
16:55:54     INFO -  'GIT_SHARE_BASE_DIR': '/builds/git-shared',
16:55:54     INFO -  'HG_SHARE_BASE_DIR': '/builds/hg-shared',
16:55:54     INFO -  'HOME': '/Users/cltbld',
16:55:54     INFO -  'IDLEIZER_DISABLE_SHUTDOWN': 'true',
16:55:54     INFO -  'LOGNAME': 'cltbld',
16:55:54     INFO -  'MOZ_HIDE_RESULTS_TABLE': '1',
16:55:54     INFO -  'MOZ_NODE_PATH': '/usr/local/bin/node',
16:55:54     INFO -  'MOZ_NO_REMOTE': '1',
16:55:54     INFO -  'NO_EM_RESTART': '1',
16:55:54     INFO -  'NO_FAIL_ON_TEST_ERRORS': '1',
16:55:54     INFO -  'PATH': '/usr/local/sbin:/usr/local/bin:/usr/sbin:/usr/bin:/sbin:/bin:/usr/bin/X11',
16:55:54     INFO -  'PROPERTIES_FILE': '/builds/slave/test/buildprops.json',
16:55:54     INFO -  'PWD': '/builds/slave/test',
16:55:54     INFO -  'RUNNER_CONFIG_CMD': '/opt/runner/bin/python2.7 /opt/runner/bin/runner -c /opt/runner/runner.cfg',
16:55:54     INFO -  'SHELL': '/bin/bash',
16:55:54     INFO -  'SSH_AUTH_SOCK': '/private/tmp/com.apple.launchd.uR7ouhEFaY/Listeners',
16:55:54     INFO -  'TMPDIR': '/var/folders/6m/3ljsrxss0yngbfl5y88_lxk400000w/T/',
16:55:54     INFO -  'TWISTD_LOG_PATH': '/builds/slave/twistd.log',
16:55:54     INFO -  'USER': 'cltbld',
16:55:54     INFO -  'VERSIONER_PYTHON_PREFER_32_BIT': 'no',
16:55:54     INFO -  'VERSIONER_PYTHON_VERSION': '2.7',
16:55:54     INFO -  'XPCOM_DEBUG_BREAK': 'warn',
16:55:54     INFO -  'XPC_FLAGS': '0x0',
16:55:54     INFO -  'XPC_SERVICE_NAME': '0',
16:55:54     INFO -  '__CF_USER_TEXT_ENCODING': '0x1C:0:0'}
16:55:54     INFO -  Ignoring indexes: https://pypi.python.org/simple
16:55:54     INFO -  Collecting six==1.10.0
16:55:54     INFO -  /builds/slave/test/build/venv/lib/python2.7/site-packages/pip/_vendor/requests/packages/urllib3/util/ssl_.py:318: SNIMissingWarning: An HTTPS request has been made, but the SNI (Subject Name Indication) extension to TLS is not available on this platform. This may cause the server to present an incorrect TLS certificate, which can cause validation failures. You can upgrade to a newer version of Python to solve this. For more information, see https://urllib3.readthedocs.org/en/latest/security.html#snimissingwarning.
16:55:54     INFO -    SNIMissingWarning
16:55:54     INFO -  /builds/slave/test/build/venv/lib/python2.7/site-packages/pip/_vendor/requests/packages/urllib3/util/ssl_.py:122: InsecurePlatformWarning: A true SSLContext object is not available. This prevents urllib3 from configuring SSL appropriately and may cause certain SSL connections to fail. You can upgrade to a newer version of Python to solve this. For more information, see https://urllib3.readthedocs.org/en/latest/security.html#insecureplatformwarning.
16:55:54     INFO -    InsecurePlatformWarning
16:55:56     INFO -  /builds/slave/test/build/venv/lib/python2.7/site-packages/pip/_vendor/requests/packages/urllib3/util/ssl_.py:122: InsecurePlatformWarning: A true SSLContext object is not available. This prevents urllib3 from configuring SSL appropriately and may cause certain SSL connections to fail. You can upgrade to a newer version of Python to solve this. For more information, see https://urllib3.readthedocs.org/en/latest/security.html#insecureplatformwarning.
16:55:56     INFO -    InsecurePlatformWarning
16:55:58     INFO -    Downloading https://pypi.pvt.build.mozilla.org/pub/six-1.10.0-py2.py3-none-any.whl
16:55:58     INFO -  Installing collected packages: six
16:55:58     INFO -  Successfully installed six-1.10.0
16:55:58     INFO - Return code: 0
16:55:58     INFO - Installing vcversioner==2.16.0.0 into virtualenv /builds/slave/test/build/venv
16:55:58     INFO - retry: Calling run_command with args: [['/builds/slave/test/build/venv/bin/pip', 'install', '--timeout', '120', '--no-index', '--find-links', 'http://pypi.pvt.build.mozilla.org/pub', '--find-links', 'http://pypi.pub.build.mozilla.org/pub', '--trusted-host', 'pypi.pub.build.mozilla.org', '--trusted-host', 'pypi.pvt.build.mozilla.org', 'vcversioner==2.16.0.0']], kwargs: {'error_level': 'warning', 'error_list': [{'substr': 'not found or a compiler error:', 'level': 'warning'}, {'regex': <_sre.SRE_Pattern object at 0x10ab99170>, 'level': 'error'}, {'regex': <_sre.SRE_Pattern object at 0x10ac3b960>, 'level': 'warning'}, {'regex': <_sre.SRE_Pattern object at 0x7fc910558dc0>, 'level': 'debug'}, {'substr': 'command not found', 'level': 'error'}, {'regex': <_sre.SRE_Pattern object at 0x10ab2c1d0>, 'level': 'warning'}, {'substr': 'Traceback (most recent call last)', 'level': 'error'}, {'substr': 'SyntaxError: ', 'level': 'error'}, {'substr': 'TypeError: ', 'level': 'error'}, {'substr': 'NameError: ', 'level': 'error'}, {'substr': 'ZeroDivisionError: ', 'level': 'error'}, {'regex': <_sre.SRE_Pattern object at 0x10ab07108>, 'level': 'critical'}, {'regex': <_sre.SRE_Pattern object at 0x10ab21030>, 'level': 'critical'}], 'cwd': '/builds/slave/test/build', 'env': {'VERSIONER_PYTHON_PREFER_32_BIT': 'no', 'LOGNAME': 'cltbld', 'USER': 'cltbld', 'XPC_SERVICE_NAME': '0', 'PATH': '/usr/local/sbin:/usr/local/bin:/usr/sbin:/usr/bin:/sbin:/bin:/usr/bin/X11', 'HOME': '/Users/cltbld', 'NO_EM_RESTART': '1', 'IDLEIZER_DISABLE_SHUTDOWN': 'true', 'XPCOM_DEBUG_BREAK': 'warn', 'Apple_PubSub_Socket_Render': '/private/tmp/com.apple.launchd.Rol9ZK4g8z/Render', 'MOZ_NODE_PATH': '/usr/local/bin/node', 'TWISTD_LOG_PATH': '/builds/slave/twistd.log', 'GIT_SHARE_BASE_DIR': '/builds/git-shared', 'VERSIONER_PYTHON_VERSION': '2.7', 'XPC_FLAGS': '0x0', 'NO_FAIL_ON_TEST_ERRORS': '1', 'HG_SHARE_BASE_DIR': '/builds/hg-shared', 'RUNNER_CONFIG_CMD': '/opt/runner/bin/python2.7 /opt/runner/bin/runner -c /opt/runner/runner.cfg', 'MOZ_NO_REMOTE': '1', 'MOZ_HIDE_RESULTS_TABLE': '1', 'SSH_AUTH_SOCK': '/private/tmp/com.apple.launchd.uR7ouhEFaY/Listeners', 'SHELL': '/bin/bash', 'TMPDIR': '/var/folders/6m/3ljsrxss0yngbfl5y88_lxk400000w/T/', '__CF_USER_TEXT_ENCODING': '0x1C:0:0', 'PWD': '/builds/slave/test', 'PROPERTIES_FILE': '/builds/slave/test/buildprops.json'}}, attempt #1
16:55:58     INFO - Running command: ['/builds/slave/test/build/venv/bin/pip', 'install', '--timeout', '120', '--no-index', '--find-links', 'http://pypi.pvt.build.mozilla.org/pub', '--find-links', 'http://pypi.pub.build.mozilla.org/pub', '--trusted-host', 'pypi.pub.build.mozilla.org', '--trusted-host', 'pypi.pvt.build.mozilla.org', 'vcversioner==2.16.0.0'] in /builds/slave/test/build
16:55:58     INFO - Copy/paste: /builds/slave/test/build/venv/bin/pip install --timeout 120 --no-index --find-links http://pypi.pvt.build.mozilla.org/pub --find-links http://pypi.pub.build.mozilla.org/pub --trusted-host pypi.pub.build.mozilla.org --trusted-host pypi.pvt.build.mozilla.org vcversioner==2.16.0.0
16:55:58     INFO - Using env: {'Apple_PubSub_Socket_Render': '/private/tmp/com.apple.launchd.Rol9ZK4g8z/Render',
16:55:58     INFO -  'GIT_SHARE_BASE_DIR': '/builds/git-shared',
16:55:58     INFO -  'HG_SHARE_BASE_DIR': '/builds/hg-shared',
16:55:58     INFO -  'HOME': '/Users/cltbld',
16:55:58     INFO -  'IDLEIZER_DISABLE_SHUTDOWN': 'true',
16:55:58     INFO -  'LOGNAME': 'cltbld',
16:55:58     INFO -  'MOZ_HIDE_RESULTS_TABLE': '1',
16:55:58     INFO -  'MOZ_NODE_PATH': '/usr/local/bin/node',
16:55:58     INFO -  'MOZ_NO_REMOTE': '1',
16:55:58     INFO -  'NO_EM_RESTART': '1',
16:55:58     INFO -  'NO_FAIL_ON_TEST_ERRORS': '1',
16:55:58     INFO -  'PATH': '/usr/local/sbin:/usr/local/bin:/usr/sbin:/usr/bin:/sbin:/bin:/usr/bin/X11',
16:55:58     INFO -  'PROPERTIES_FILE': '/builds/slave/test/buildprops.json',
16:55:58     INFO -  'PWD': '/builds/slave/test',
16:55:58     INFO -  'RUNNER_CONFIG_CMD': '/opt/runner/bin/python2.7 /opt/runner/bin/runner -c /opt/runner/runner.cfg',
16:55:58     INFO -  'SHELL': '/bin/bash',
16:55:58     INFO -  'SSH_AUTH_SOCK': '/private/tmp/com.apple.launchd.uR7ouhEFaY/Listeners',
16:55:58     INFO -  'TMPDIR': '/var/folders/6m/3ljsrxss0yngbfl5y88_lxk400000w/T/',
16:55:58     INFO -  'TWISTD_LOG_PATH': '/builds/slave/twistd.log',
16:55:58     INFO -  'USER': 'cltbld',
16:55:58     INFO -  'VERSIONER_PYTHON_PREFER_32_BIT': 'no',
16:55:58     INFO -  'VERSIONER_PYTHON_VERSION': '2.7',
16:55:58     INFO -  'XPCOM_DEBUG_BREAK': 'warn',
16:55:58     INFO -  'XPC_FLAGS': '0x0',
16:55:58     INFO -  'XPC_SERVICE_NAME': '0',
16:55:58     INFO -  '__CF_USER_TEXT_ENCODING': '0x1C:0:0'}
16:55:58     INFO -  Ignoring indexes: https://pypi.python.org/simple
16:55:58     INFO -  Collecting vcversioner==2.16.0.0
16:55:58     INFO -  /builds/slave/test/build/venv/lib/python2.7/site-packages/pip/_vendor/requests/packages/urllib3/util/ssl_.py:318: SNIMissingWarning: An HTTPS request has been made, but the SNI (Subject Name Indication) extension to TLS is not available on this platform. This may cause the server to present an incorrect TLS certificate, which can cause validation failures. You can upgrade to a newer version of Python to solve this. For more information, see https://urllib3.readthedocs.org/en/latest/security.html#snimissingwarning.
16:55:58     INFO -    SNIMissingWarning
16:55:58     INFO -  /builds/slave/test/build/venv/lib/python2.7/site-packages/pip/_vendor/requests/packages/urllib3/util/ssl_.py:122: InsecurePlatformWarning: A true SSLContext object is not available. This prevents urllib3 from configuring SSL appropriately and may cause certain SSL connections to fail. You can upgrade to a newer version of Python to solve this. For more information, see https://urllib3.readthedocs.org/en/latest/security.html#insecureplatformwarning.
16:55:58     INFO -    InsecurePlatformWarning
16:55:59     INFO -  /builds/slave/test/build/venv/lib/python2.7/site-packages/pip/_vendor/requests/packages/urllib3/util/ssl_.py:122: InsecurePlatformWarning: A true SSLContext object is not available. This prevents urllib3 from configuring SSL appropriately and may cause certain SSL connections to fail. You can upgrade to a newer version of Python to solve this. For more information, see https://urllib3.readthedocs.org/en/latest/security.html#insecureplatformwarning.
16:55:59     INFO -    InsecurePlatformWarning
16:56:01     INFO -  Installing collected packages: vcversioner
16:56:01     INFO -  Successfully installed vcversioner-2.16.0.0
16:56:01     INFO - Return code: 0
16:56:01     INFO - Installing psutil>=3.1.1 into virtualenv /builds/slave/test/build/venv
16:56:01     INFO - retry: Calling run_command with args: [['/builds/slave/test/build/venv/bin/pip', 'install', '--timeout', '120', '--no-index', '--find-links', 'http://pypi.pvt.build.mozilla.org/pub', '--find-links', 'http://pypi.pub.build.mozilla.org/pub', '--trusted-host', 'pypi.pub.build.mozilla.org', '--trusted-host', 'pypi.pvt.build.mozilla.org', 'psutil>=3.1.1']], kwargs: {'error_level': 'warning', 'error_list': [{'substr': 'not found or a compiler error:', 'level': 'warning'}, {'regex': <_sre.SRE_Pattern object at 0x10ab99170>, 'level': 'error'}, {'regex': <_sre.SRE_Pattern object at 0x10ac3b960>, 'level': 'warning'}, {'regex': <_sre.SRE_Pattern object at 0x7fc910558dc0>, 'level': 'debug'}, {'substr': 'command not found', 'level': 'error'}, {'regex': <_sre.SRE_Pattern object at 0x10ab2c1d0>, 'level': 'warning'}, {'substr': 'Traceback (most recent call last)', 'level': 'error'}, {'substr': 'SyntaxError: ', 'level': 'error'}, {'substr': 'TypeError: ', 'level': 'error'}, {'substr': 'NameError: ', 'level': 'error'}, {'substr': 'ZeroDivisionError: ', 'level': 'error'}, {'regex': <_sre.SRE_Pattern object at 0x10ab07108>, 'level': 'critical'}, {'regex': <_sre.SRE_Pattern object at 0x10ab21030>, 'level': 'critical'}], 'cwd': '/builds/slave/test/build', 'env': {'VERSIONER_PYTHON_PREFER_32_BIT': 'no', 'LOGNAME': 'cltbld', 'USER': 'cltbld', 'XPC_SERVICE_NAME': '0', 'PATH': '/usr/local/sbin:/usr/local/bin:/usr/sbin:/usr/bin:/sbin:/bin:/usr/bin/X11', 'HOME': '/Users/cltbld', 'NO_EM_RESTART': '1', 'IDLEIZER_DISABLE_SHUTDOWN': 'true', 'XPCOM_DEBUG_BREAK': 'warn', 'Apple_PubSub_Socket_Render': '/private/tmp/com.apple.launchd.Rol9ZK4g8z/Render', 'MOZ_NODE_PATH': '/usr/local/bin/node', 'TWISTD_LOG_PATH': '/builds/slave/twistd.log', 'GIT_SHARE_BASE_DIR': '/builds/git-shared', 'VERSIONER_PYTHON_VERSION': '2.7', 'XPC_FLAGS': '0x0', 'NO_FAIL_ON_TEST_ERRORS': '1', 'HG_SHARE_BASE_DIR': '/builds/hg-shared', 'RUNNER_CONFIG_CMD': '/opt/runner/bin/python2.7 /opt/runner/bin/runner -c /opt/runner/runner.cfg', 'MOZ_NO_REMOTE': '1', 'MOZ_HIDE_RESULTS_TABLE': '1', 'SSH_AUTH_SOCK': '/private/tmp/com.apple.launchd.uR7ouhEFaY/Listeners', 'SHELL': '/bin/bash', 'TMPDIR': '/var/folders/6m/3ljsrxss0yngbfl5y88_lxk400000w/T/', '__CF_USER_TEXT_ENCODING': '0x1C:0:0', 'PWD': '/builds/slave/test', 'PROPERTIES_FILE': '/builds/slave/test/buildprops.json'}}, attempt #1
16:56:01     INFO - Running command: ['/builds/slave/test/build/venv/bin/pip', 'install', '--timeout', '120', '--no-index', '--find-links', 'http://pypi.pvt.build.mozilla.org/pub', '--find-links', 'http://pypi.pub.build.mozilla.org/pub', '--trusted-host', 'pypi.pub.build.mozilla.org', '--trusted-host', 'pypi.pvt.build.mozilla.org', 'psutil>=3.1.1'] in /builds/slave/test/build
16:56:01     INFO - Copy/paste: /builds/slave/test/build/venv/bin/pip install --timeout 120 --no-index --find-links http://pypi.pvt.build.mozilla.org/pub --find-links http://pypi.pub.build.mozilla.org/pub --trusted-host pypi.pub.build.mozilla.org --trusted-host pypi.pvt.build.mozilla.org psutil>=3.1.1
16:56:01     INFO - Using env: {'Apple_PubSub_Socket_Render': '/private/tmp/com.apple.launchd.Rol9ZK4g8z/Render',
16:56:01     INFO -  'GIT_SHARE_BASE_DIR': '/builds/git-shared',
16:56:01     INFO -  'HG_SHARE_BASE_DIR': '/builds/hg-shared',
16:56:01     INFO -  'HOME': '/Users/cltbld',
16:56:01     INFO -  'IDLEIZER_DISABLE_SHUTDOWN': 'true',
16:56:01     INFO -  'LOGNAME': 'cltbld',
16:56:01     INFO -  'MOZ_HIDE_RESULTS_TABLE': '1',
16:56:01     INFO -  'MOZ_NODE_PATH': '/usr/local/bin/node',
16:56:01     INFO -  'MOZ_NO_REMOTE': '1',
16:56:01     INFO -  'NO_EM_RESTART': '1',
16:56:01     INFO -  'NO_FAIL_ON_TEST_ERRORS': '1',
16:56:01     INFO -  'PATH': '/usr/local/sbin:/usr/local/bin:/usr/sbin:/usr/bin:/sbin:/bin:/usr/bin/X11',
16:56:01     INFO -  'PROPERTIES_FILE': '/builds/slave/test/buildprops.json',
16:56:01     INFO -  'PWD': '/builds/slave/test',
16:56:01     INFO -  'RUNNER_CONFIG_CMD': '/opt/runner/bin/python2.7 /opt/runner/bin/runner -c /opt/runner/runner.cfg',
16:56:01     INFO -  'SHELL': '/bin/bash',
16:56:01     INFO -  'SSH_AUTH_SOCK': '/private/tmp/com.apple.launchd.uR7ouhEFaY/Listeners',
16:56:01     INFO -  'TMPDIR': '/var/folders/6m/3ljsrxss0yngbfl5y88_lxk400000w/T/',
16:56:01     INFO -  'TWISTD_LOG_PATH': '/builds/slave/twistd.log',
16:56:01     INFO -  'USER': 'cltbld',
16:56:01     INFO -  'VERSIONER_PYTHON_PREFER_32_BIT': 'no',
16:56:01     INFO -  'VERSIONER_PYTHON_VERSION': '2.7',
16:56:01     INFO -  'XPCOM_DEBUG_BREAK': 'warn',
16:56:01     INFO -  'XPC_FLAGS': '0x0',
16:56:01     INFO -  'XPC_SERVICE_NAME': '0',
16:56:01     INFO -  '__CF_USER_TEXT_ENCODING': '0x1C:0:0'}
16:56:01     INFO -  Ignoring indexes: https://pypi.python.org/simple
16:56:01     INFO -  Collecting psutil>=3.1.1
16:56:01     INFO -  /builds/slave/test/build/venv/lib/python2.7/site-packages/pip/_vendor/requests/packages/urllib3/util/ssl_.py:318: SNIMissingWarning: An HTTPS request has been made, but the SNI (Subject Name Indication) extension to TLS is not available on this platform. This may cause the server to present an incorrect TLS certificate, which can cause validation failures. You can upgrade to a newer version of Python to solve this. For more information, see https://urllib3.readthedocs.org/en/latest/security.html#snimissingwarning.
16:56:01     INFO -    SNIMissingWarning
16:56:01     INFO -  /builds/slave/test/build/venv/lib/python2.7/site-packages/pip/_vendor/requests/packages/urllib3/util/ssl_.py:122: InsecurePlatformWarning: A true SSLContext object is not available. This prevents urllib3 from configuring SSL appropriately and may cause certain SSL connections to fail. You can upgrade to a newer version of Python to solve this. For more information, see https://urllib3.readthedocs.org/en/latest/security.html#insecureplatformwarning.
16:56:01     INFO -    InsecurePlatformWarning
16:56:02     INFO -  /builds/slave/test/build/venv/lib/python2.7/site-packages/pip/_vendor/requests/packages/urllib3/util/ssl_.py:122: InsecurePlatformWarning: A true SSLContext object is not available. This prevents urllib3 from configuring SSL appropriately and may cause certain SSL connections to fail. You can upgrade to a newer version of Python to solve this. For more information, see https://urllib3.readthedocs.org/en/latest/security.html#insecureplatformwarning.
16:56:02     INFO -    InsecurePlatformWarning
16:56:04     INFO -  Installing collected packages: psutil
16:56:04     INFO -  Successfully installed psutil-5.4.3
16:56:04     INFO - Return code: 0
16:56:04     INFO - Installing mozsystemmonitor==0.3 into virtualenv /builds/slave/test/build/venv
16:56:04     INFO - retry: Calling run_command with args: [['/builds/slave/test/build/venv/bin/pip', 'install', '--timeout', '120', '--no-index', '--find-links', 'http://pypi.pvt.build.mozilla.org/pub', '--find-links', 'http://pypi.pub.build.mozilla.org/pub', '--trusted-host', 'pypi.pub.build.mozilla.org', '--trusted-host', 'pypi.pvt.build.mozilla.org', 'mozsystemmonitor==0.3']], kwargs: {'error_level': 'warning', 'error_list': [{'substr': 'not found or a compiler error:', 'level': 'warning'}, {'regex': <_sre.SRE_Pattern object at 0x10ab99170>, 'level': 'error'}, {'regex': <_sre.SRE_Pattern object at 0x10ac3b960>, 'level': 'warning'}, {'regex': <_sre.SRE_Pattern object at 0x7fc910558dc0>, 'level': 'debug'}, {'substr': 'command not found', 'level': 'error'}, {'regex': <_sre.SRE_Pattern object at 0x10ab2c1d0>, 'level': 'warning'}, {'substr': 'Traceback (most recent call last)', 'level': 'error'}, {'substr': 'SyntaxError: ', 'level': 'error'}, {'substr': 'TypeError: ', 'level': 'error'}, {'substr': 'NameError: ', 'level': 'error'}, {'substr': 'ZeroDivisionError: ', 'level': 'error'}, {'regex': <_sre.SRE_Pattern object at 0x10ab07108>, 'level': 'critical'}, {'regex': <_sre.SRE_Pattern object at 0x10ab21030>, 'level': 'critical'}], 'cwd': '/builds/slave/test/build', 'env': {'VERSIONER_PYTHON_PREFER_32_BIT': 'no', 'LOGNAME': 'cltbld', 'USER': 'cltbld', 'XPC_SERVICE_NAME': '0', 'PATH': '/usr/local/sbin:/usr/local/bin:/usr/sbin:/usr/bin:/sbin:/bin:/usr/bin/X11', 'HOME': '/Users/cltbld', 'NO_EM_RESTART': '1', 'IDLEIZER_DISABLE_SHUTDOWN': 'true', 'XPCOM_DEBUG_BREAK': 'warn', 'Apple_PubSub_Socket_Render': '/private/tmp/com.apple.launchd.Rol9ZK4g8z/Render', 'MOZ_NODE_PATH': '/usr/local/bin/node', 'TWISTD_LOG_PATH': '/builds/slave/twistd.log', 'GIT_SHARE_BASE_DIR': '/builds/git-shared', 'VERSIONER_PYTHON_VERSION': '2.7', 'XPC_FLAGS': '0x0', 'NO_FAIL_ON_TEST_ERRORS': '1', 'HG_SHARE_BASE_DIR': '/builds/hg-shared', 'RUNNER_CONFIG_CMD': '/opt/runner/bin/python2.7 /opt/runner/bin/runner -c /opt/runner/runner.cfg', 'MOZ_NO_REMOTE': '1', 'MOZ_HIDE_RESULTS_TABLE': '1', 'SSH_AUTH_SOCK': '/private/tmp/com.apple.launchd.uR7ouhEFaY/Listeners', 'SHELL': '/bin/bash', 'TMPDIR': '/var/folders/6m/3ljsrxss0yngbfl5y88_lxk400000w/T/', '__CF_USER_TEXT_ENCODING': '0x1C:0:0', 'PWD': '/builds/slave/test', 'PROPERTIES_FILE': '/builds/slave/test/buildprops.json'}}, attempt #1
16:56:04     INFO - Running command: ['/builds/slave/test/build/venv/bin/pip', 'install', '--timeout', '120', '--no-index', '--find-links', 'http://pypi.pvt.build.mozilla.org/pub', '--find-links', 'http://pypi.pub.build.mozilla.org/pub', '--trusted-host', 'pypi.pub.build.mozilla.org', '--trusted-host', 'pypi.pvt.build.mozilla.org', 'mozsystemmonitor==0.3'] in /builds/slave/test/build
16:56:04     INFO - Copy/paste: /builds/slave/test/build/venv/bin/pip install --timeout 120 --no-index --find-links http://pypi.pvt.build.mozilla.org/pub --find-links http://pypi.pub.build.mozilla.org/pub --trusted-host pypi.pub.build.mozilla.org --trusted-host pypi.pvt.build.mozilla.org mozsystemmonitor==0.3
16:56:04     INFO - Using env: {'Apple_PubSub_Socket_Render': '/private/tmp/com.apple.launchd.Rol9ZK4g8z/Render',
16:56:04     INFO -  'GIT_SHARE_BASE_DIR': '/builds/git-shared',
16:56:04     INFO -  'HG_SHARE_BASE_DIR': '/builds/hg-shared',
16:56:04     INFO -  'HOME': '/Users/cltbld',
16:56:04     INFO -  'IDLEIZER_DISABLE_SHUTDOWN': 'true',
16:56:04     INFO -  'LOGNAME': 'cltbld',
16:56:04     INFO -  'MOZ_HIDE_RESULTS_TABLE': '1',
16:56:04     INFO -  'MOZ_NODE_PATH': '/usr/local/bin/node',
16:56:04     INFO -  'MOZ_NO_REMOTE': '1',
16:56:04     INFO -  'NO_EM_RESTART': '1',
16:56:04     INFO -  'NO_FAIL_ON_TEST_ERRORS': '1',
16:56:04     INFO -  'PATH': '/usr/local/sbin:/usr/local/bin:/usr/sbin:/usr/bin:/sbin:/bin:/usr/bin/X11',
16:56:04     INFO -  'PROPERTIES_FILE': '/builds/slave/test/buildprops.json',
16:56:04     INFO -  'PWD': '/builds/slave/test',
16:56:04     INFO -  'RUNNER_CONFIG_CMD': '/opt/runner/bin/python2.7 /opt/runner/bin/runner -c /opt/runner/runner.cfg',
16:56:04     INFO -  'SHELL': '/bin/bash',
16:56:04     INFO -  'SSH_AUTH_SOCK': '/private/tmp/com.apple.launchd.uR7ouhEFaY/Listeners',
16:56:04     INFO -  'TMPDIR': '/var/folders/6m/3ljsrxss0yngbfl5y88_lxk400000w/T/',
16:56:04     INFO -  'TWISTD_LOG_PATH': '/builds/slave/twistd.log',
16:56:04     INFO -  'USER': 'cltbld',
16:56:04     INFO -  'VERSIONER_PYTHON_PREFER_32_BIT': 'no',
16:56:04     INFO -  'VERSIONER_PYTHON_VERSION': '2.7',
16:56:04     INFO -  'XPCOM_DEBUG_BREAK': 'warn',
16:56:04     INFO -  'XPC_FLAGS': '0x0',
16:56:04     INFO -  'XPC_SERVICE_NAME': '0',
16:56:04     INFO -  '__CF_USER_TEXT_ENCODING': '0x1C:0:0'}
16:56:05     INFO -  Ignoring indexes: https://pypi.python.org/simple
16:56:05     INFO -  Collecting mozsystemmonitor==0.3
16:56:05     INFO -  /builds/slave/test/build/venv/lib/python2.7/site-packages/pip/_vendor/requests/packages/urllib3/util/ssl_.py:318: SNIMissingWarning: An HTTPS request has been made, but the SNI (Subject Name Indication) extension to TLS is not available on this platform. This may cause the server to present an incorrect TLS certificate, which can cause validation failures. You can upgrade to a newer version of Python to solve this. For more information, see https://urllib3.readthedocs.org/en/latest/security.html#snimissingwarning.
16:56:05     INFO -    SNIMissingWarning
16:56:05     INFO -  /builds/slave/test/build/venv/lib/python2.7/site-packages/pip/_vendor/requests/packages/urllib3/util/ssl_.py:122: InsecurePlatformWarning: A true SSLContext object is not available. This prevents urllib3 from configuring SSL appropriately and may cause certain SSL connections to fail. You can upgrade to a newer version of Python to solve this. For more information, see https://urllib3.readthedocs.org/en/latest/security.html#insecureplatformwarning.
16:56:05     INFO -    InsecurePlatformWarning
16:56:05     INFO -  /builds/slave/test/build/venv/lib/python2.7/site-packages/pip/_vendor/requests/packages/urllib3/util/ssl_.py:122: InsecurePlatformWarning: A true SSLContext object is not available. This prevents urllib3 from configuring SSL appropriately and may cause certain SSL connections to fail. You can upgrade to a newer version of Python to solve this. For more information, see https://urllib3.readthedocs.org/en/latest/security.html#insecureplatformwarning.
16:56:05     INFO -    InsecurePlatformWarning
16:56:08     INFO -  Requirement already satisfied (use --upgrade to upgrade): psutil>=3.1.1 in ./venv/lib/python2.7/site-packages (from mozsystemmonitor==0.3)
16:56:08     INFO -  Installing collected packages: mozsystemmonitor
16:56:08     INFO -  Successfully installed mozsystemmonitor-0.3
16:56:08     INFO - Return code: 0
16:56:08     INFO - Installing jsonschema==2.5.1 into virtualenv /builds/slave/test/build/venv
16:56:08     INFO - retry: Calling run_command with args: [['/builds/slave/test/build/venv/bin/pip', 'install', '--timeout', '120', '--no-index', '--find-links', 'http://pypi.pvt.build.mozilla.org/pub', '--find-links', 'http://pypi.pub.build.mozilla.org/pub', '--trusted-host', 'pypi.pub.build.mozilla.org', '--trusted-host', 'pypi.pvt.build.mozilla.org', 'jsonschema==2.5.1']], kwargs: {'error_level': 'warning', 'error_list': [{'substr': 'not found or a compiler error:', 'level': 'warning'}, {'regex': <_sre.SRE_Pattern object at 0x10ab99170>, 'level': 'error'}, {'regex': <_sre.SRE_Pattern object at 0x10ac3b960>, 'level': 'warning'}, {'regex': <_sre.SRE_Pattern object at 0x7fc910558dc0>, 'level': 'debug'}, {'substr': 'command not found', 'level': 'error'}, {'regex': <_sre.SRE_Pattern object at 0x10ab2c1d0>, 'level': 'warning'}, {'substr': 'Traceback (most recent call last)', 'level': 'error'}, {'substr': 'SyntaxError: ', 'level': 'error'}, {'substr': 'TypeError: ', 'level': 'error'}, {'substr': 'NameError: ', 'level': 'error'}, {'substr': 'ZeroDivisionError: ', 'level': 'error'}, {'regex': <_sre.SRE_Pattern object at 0x10ab07108>, 'level': 'critical'}, {'regex': <_sre.SRE_Pattern object at 0x10ab21030>, 'level': 'critical'}], 'cwd': '/builds/slave/test/build', 'env': {'VERSIONER_PYTHON_PREFER_32_BIT': 'no', 'LOGNAME': 'cltbld', 'USER': 'cltbld', 'XPC_SERVICE_NAME': '0', 'PATH': '/usr/local/sbin:/usr/local/bin:/usr/sbin:/usr/bin:/sbin:/bin:/usr/bin/X11', 'HOME': '/Users/cltbld', 'NO_EM_RESTART': '1', 'IDLEIZER_DISABLE_SHUTDOWN': 'true', 'XPCOM_DEBUG_BREAK': 'warn', 'Apple_PubSub_Socket_Render': '/private/tmp/com.apple.launchd.Rol9ZK4g8z/Render', 'MOZ_NODE_PATH': '/usr/local/bin/node', 'TWISTD_LOG_PATH': '/builds/slave/twistd.log', 'GIT_SHARE_BASE_DIR': '/builds/git-shared', 'VERSIONER_PYTHON_VERSION': '2.7', 'XPC_FLAGS': '0x0', 'NO_FAIL_ON_TEST_ERRORS': '1', 'HG_SHARE_BASE_DIR': '/builds/hg-shared', 'RUNNER_CONFIG_CMD': '/opt/runner/bin/python2.7 /opt/runner/bin/runner -c /opt/runner/runner.cfg', 'MOZ_NO_REMOTE': '1', 'MOZ_HIDE_RESULTS_TABLE': '1', 'SSH_AUTH_SOCK': '/private/tmp/com.apple.launchd.uR7ouhEFaY/Listeners', 'SHELL': '/bin/bash', 'TMPDIR': '/var/folders/6m/3ljsrxss0yngbfl5y88_lxk400000w/T/', '__CF_USER_TEXT_ENCODING': '0x1C:0:0', 'PWD': '/builds/slave/test', 'PROPERTIES_FILE': '/builds/slave/test/buildprops.json'}}, attempt #1
16:56:08     INFO - Running command: ['/builds/slave/test/build/venv/bin/pip', 'install', '--timeout', '120', '--no-index', '--find-links', 'http://pypi.pvt.build.mozilla.org/pub', '--find-links', 'http://pypi.pub.build.mozilla.org/pub', '--trusted-host', 'pypi.pub.build.mozilla.org', '--trusted-host', 'pypi.pvt.build.mozilla.org', 'jsonschema==2.5.1'] in /builds/slave/test/build
16:56:08     INFO - Copy/paste: /builds/slave/test/build/venv/bin/pip install --timeout 120 --no-index --find-links http://pypi.pvt.build.mozilla.org/pub --find-links http://pypi.pub.build.mozilla.org/pub --trusted-host pypi.pub.build.mozilla.org --trusted-host pypi.pvt.build.mozilla.org jsonschema==2.5.1
16:56:08     INFO - Using env: {'Apple_PubSub_Socket_Render': '/private/tmp/com.apple.launchd.Rol9ZK4g8z/Render',
16:56:08     INFO -  'GIT_SHARE_BASE_DIR': '/builds/git-shared',
16:56:08     INFO -  'HG_SHARE_BASE_DIR': '/builds/hg-shared',
16:56:08     INFO -  'HOME': '/Users/cltbld',
16:56:08     INFO -  'IDLEIZER_DISABLE_SHUTDOWN': 'true',
16:56:08     INFO -  'LOGNAME': 'cltbld',
16:56:08     INFO -  'MOZ_HIDE_RESULTS_TABLE': '1',
16:56:08     INFO -  'MOZ_NODE_PATH': '/usr/local/bin/node',
16:56:08     INFO -  'MOZ_NO_REMOTE': '1',
16:56:08     INFO -  'NO_EM_RESTART': '1',
16:56:08     INFO -  'NO_FAIL_ON_TEST_ERRORS': '1',
16:56:08     INFO -  'PATH': '/usr/local/sbin:/usr/local/bin:/usr/sbin:/usr/bin:/sbin:/bin:/usr/bin/X11',
16:56:08     INFO -  'PROPERTIES_FILE': '/builds/slave/test/buildprops.json',
16:56:08     INFO -  'PWD': '/builds/slave/test',
16:56:08     INFO -  'RUNNER_CONFIG_CMD': '/opt/runner/bin/python2.7 /opt/runner/bin/runner -c /opt/runner/runner.cfg',
16:56:08     INFO -  'SHELL': '/bin/bash',
16:56:08     INFO -  'SSH_AUTH_SOCK': '/private/tmp/com.apple.launchd.uR7ouhEFaY/Listeners',
16:56:08     INFO -  'TMPDIR': '/var/folders/6m/3ljsrxss0yngbfl5y88_lxk400000w/T/',
16:56:08     INFO -  'TWISTD_LOG_PATH': '/builds/slave/twistd.log',
16:56:08     INFO -  'USER': 'cltbld',
16:56:08     INFO -  'VERSIONER_PYTHON_PREFER_32_BIT': 'no',
16:56:08     INFO -  'VERSIONER_PYTHON_VERSION': '2.7',
16:56:08     INFO -  'XPCOM_DEBUG_BREAK': 'warn',
16:56:08     INFO -  'XPC_FLAGS': '0x0',
16:56:08     INFO -  'XPC_SERVICE_NAME': '0',
16:56:08     INFO -  '__CF_USER_TEXT_ENCODING': '0x1C:0:0'}
16:56:08     INFO -  Ignoring indexes: https://pypi.python.org/simple
16:56:08     INFO -  Collecting jsonschema==2.5.1
16:56:08     INFO -  /builds/slave/test/build/venv/lib/python2.7/site-packages/pip/_vendor/requests/packages/urllib3/util/ssl_.py:318: SNIMissingWarning: An HTTPS request has been made, but the SNI (Subject Name Indication) extension to TLS is not available on this platform. This may cause the server to present an incorrect TLS certificate, which can cause validation failures. You can upgrade to a newer version of Python to solve this. For more information, see https://urllib3.readthedocs.org/en/latest/security.html#snimissingwarning.
16:56:08     INFO -    SNIMissingWarning
16:56:08     INFO -  /builds/slave/test/build/venv/lib/python2.7/site-packages/pip/_vendor/requests/packages/urllib3/util/ssl_.py:122: InsecurePlatformWarning: A true SSLContext object is not available. This prevents urllib3 from configuring SSL appropriately and may cause certain SSL connections to fail. You can upgrade to a newer version of Python to solve this. For more information, see https://urllib3.readthedocs.org/en/latest/security.html#insecureplatformwarning.
16:56:08     INFO -    InsecurePlatformWarning
16:56:09     INFO -  /builds/slave/test/build/venv/lib/python2.7/site-packages/pip/_vendor/requests/packages/urllib3/util/ssl_.py:122: InsecurePlatformWarning: A true SSLContext object is not available. This prevents urllib3 from configuring SSL appropriately and may cause certain SSL connections to fail. You can upgrade to a newer version of Python to solve this. For more information, see https://urllib3.readthedocs.org/en/latest/security.html#insecureplatformwarning.
16:56:09     INFO -    InsecurePlatformWarning
16:56:11     INFO -    Downloading https://pypi.pvt.build.mozilla.org/pub/jsonschema-2.5.1-py2.py3-none-any.whl
16:56:11     INFO -  Collecting functools32; python_version == "2.7" (from jsonschema==2.5.1)
16:56:13     INFO -  Installing collected packages: functools32, jsonschema
16:56:14     INFO -  Successfully installed functools32-3.2.3.post2 jsonschema-2.5.1
16:56:14     INFO - Return code: 0
16:56:14     INFO - Installing functools32==3.2.3-2 into virtualenv /builds/slave/test/build/venv
16:56:14     INFO - retry: Calling run_command with args: [['/builds/slave/test/build/venv/bin/pip', 'install', '--timeout', '120', '--no-index', '--find-links', 'http://pypi.pvt.build.mozilla.org/pub', '--find-links', 'http://pypi.pub.build.mozilla.org/pub', '--trusted-host', 'pypi.pub.build.mozilla.org', '--trusted-host', 'pypi.pvt.build.mozilla.org', 'functools32==3.2.3-2']], kwargs: {'error_level': 'warning', 'error_list': [{'substr': 'not found or a compiler error:', 'level': 'warning'}, {'regex': <_sre.SRE_Pattern object at 0x10ab99170>, 'level': 'error'}, {'regex': <_sre.SRE_Pattern object at 0x10ac3b960>, 'level': 'warning'}, {'regex': <_sre.SRE_Pattern object at 0x7fc910558dc0>, 'level': 'debug'}, {'substr': 'command not found', 'level': 'error'}, {'regex': <_sre.SRE_Pattern object at 0x10ab2c1d0>, 'level': 'warning'}, {'substr': 'Traceback (most recent call last)', 'level': 'error'}, {'substr': 'SyntaxError: ', 'level': 'error'}, {'substr': 'TypeError: ', 'level': 'error'}, {'substr': 'NameError: ', 'level': 'error'}, {'substr': 'ZeroDivisionError: ', 'level': 'error'}, {'regex': <_sre.SRE_Pattern object at 0x10ab07108>, 'level': 'critical'}, {'regex': <_sre.SRE_Pattern object at 0x10ab21030>, 'level': 'critical'}], 'cwd': '/builds/slave/test/build', 'env': {'VERSIONER_PYTHON_PREFER_32_BIT': 'no', 'LOGNAME': 'cltbld', 'USER': 'cltbld', 'XPC_SERVICE_NAME': '0', 'PATH': '/usr/local/sbin:/usr/local/bin:/usr/sbin:/usr/bin:/sbin:/bin:/usr/bin/X11', 'HOME': '/Users/cltbld', 'NO_EM_RESTART': '1', 'IDLEIZER_DISABLE_SHUTDOWN': 'true', 'XPCOM_DEBUG_BREAK': 'warn', 'Apple_PubSub_Socket_Render': '/private/tmp/com.apple.launchd.Rol9ZK4g8z/Render', 'MOZ_NODE_PATH': '/usr/local/bin/node', 'TWISTD_LOG_PATH': '/builds/slave/twistd.log', 'GIT_SHARE_BASE_DIR': '/builds/git-shared', 'VERSIONER_PYTHON_VERSION': '2.7', 'XPC_FLAGS': '0x0', 'NO_FAIL_ON_TEST_ERRORS': '1', 'HG_SHARE_BASE_DIR': '/builds/hg-shared', 'RUNNER_CONFIG_CMD': '/opt/runner/bin/python2.7 /opt/runner/bin/runner -c /opt/runner/runner.cfg', 'MOZ_NO_REMOTE': '1', 'MOZ_HIDE_RESULTS_TABLE': '1', 'SSH_AUTH_SOCK': '/private/tmp/com.apple.launchd.uR7ouhEFaY/Listeners', 'SHELL': '/bin/bash', 'TMPDIR': '/var/folders/6m/3ljsrxss0yngbfl5y88_lxk400000w/T/', '__CF_USER_TEXT_ENCODING': '0x1C:0:0', 'PWD': '/builds/slave/test', 'PROPERTIES_FILE': '/builds/slave/test/buildprops.json'}}, attempt #1
16:56:14     INFO - Running command: ['/builds/slave/test/build/venv/bin/pip', 'install', '--timeout', '120', '--no-index', '--find-links', 'http://pypi.pvt.build.mozilla.org/pub', '--find-links', 'http://pypi.pub.build.mozilla.org/pub', '--trusted-host', 'pypi.pub.build.mozilla.org', '--trusted-host', 'pypi.pvt.build.mozilla.org', 'functools32==3.2.3-2'] in /builds/slave/test/build
16:56:14     INFO - Copy/paste: /builds/slave/test/build/venv/bin/pip install --timeout 120 --no-index --find-links http://pypi.pvt.build.mozilla.org/pub --find-links http://pypi.pub.build.mozilla.org/pub --trusted-host pypi.pub.build.mozilla.org --trusted-host pypi.pvt.build.mozilla.org functools32==3.2.3-2
16:56:14     INFO - Using env: {'Apple_PubSub_Socket_Render': '/private/tmp/com.apple.launchd.Rol9ZK4g8z/Render',
16:56:14     INFO -  'GIT_SHARE_BASE_DIR': '/builds/git-shared',
16:56:14     INFO -  'HG_SHARE_BASE_DIR': '/builds/hg-shared',
16:56:14     INFO -  'HOME': '/Users/cltbld',
16:56:14     INFO -  'IDLEIZER_DISABLE_SHUTDOWN': 'true',
16:56:14     INFO -  'LOGNAME': 'cltbld',
16:56:14     INFO -  'MOZ_HIDE_RESULTS_TABLE': '1',
16:56:14     INFO -  'MOZ_NODE_PATH': '/usr/local/bin/node',
16:56:14     INFO -  'MOZ_NO_REMOTE': '1',
16:56:14     INFO -  'NO_EM_RESTART': '1',
16:56:14     INFO -  'NO_FAIL_ON_TEST_ERRORS': '1',
16:56:14     INFO -  'PATH': '/usr/local/sbin:/usr/local/bin:/usr/sbin:/usr/bin:/sbin:/bin:/usr/bin/X11',
16:56:14     INFO -  'PROPERTIES_FILE': '/builds/slave/test/buildprops.json',
16:56:14     INFO -  'PWD': '/builds/slave/test',
16:56:14     INFO -  'RUNNER_CONFIG_CMD': '/opt/runner/bin/python2.7 /opt/runner/bin/runner -c /opt/runner/runner.cfg',
16:56:14     INFO -  'SHELL': '/bin/bash',
16:56:14     INFO -  'SSH_AUTH_SOCK': '/private/tmp/com.apple.launchd.uR7ouhEFaY/Listeners',
16:56:14     INFO -  'TMPDIR': '/var/folders/6m/3ljsrxss0yngbfl5y88_lxk400000w/T/',
16:56:14     INFO -  'TWISTD_LOG_PATH': '/builds/slave/twistd.log',
16:56:14     INFO -  'USER': 'cltbld',
16:56:14     INFO -  'VERSIONER_PYTHON_PREFER_32_BIT': 'no',
16:56:14     INFO -  'VERSIONER_PYTHON_VERSION': '2.7',
16:56:14     INFO -  'XPCOM_DEBUG_BREAK': 'warn',
16:56:14     INFO -  'XPC_FLAGS': '0x0',
16:56:14     INFO -  'XPC_SERVICE_NAME': '0',
16:56:14     INFO -  '__CF_USER_TEXT_ENCODING': '0x1C:0:0'}
16:56:14     INFO -  Ignoring indexes: https://pypi.python.org/simple
16:56:14     INFO -  Requirement already satisfied (use --upgrade to upgrade): functools32==3.2.3-2 in ./venv/lib/python2.7/site-packages
16:56:14     INFO - Return code: 0
16:56:14     INFO - Installing blobuploader==1.2.4 into virtualenv /builds/slave/test/build/venv
16:56:14     INFO - retry: Calling run_command with args: [['/builds/slave/test/build/venv/bin/pip', 'install', '--timeout', '120', '--no-index', '--find-links', 'http://pypi.pvt.build.mozilla.org/pub', '--find-links', 'http://pypi.pub.build.mozilla.org/pub', '--trusted-host', 'pypi.pub.build.mozilla.org', '--trusted-host', 'pypi.pvt.build.mozilla.org', 'blobuploader==1.2.4']], kwargs: {'error_level': 'warning', 'error_list': [{'substr': 'not found or a compiler error:', 'level': 'warning'}, {'regex': <_sre.SRE_Pattern object at 0x10ab99170>, 'level': 'error'}, {'regex': <_sre.SRE_Pattern object at 0x10ac3b960>, 'level': 'warning'}, {'regex': <_sre.SRE_Pattern object at 0x7fc910558dc0>, 'level': 'debug'}, {'substr': 'command not found', 'level': 'error'}, {'regex': <_sre.SRE_Pattern object at 0x10ab2c1d0>, 'level': 'warning'}, {'substr': 'Traceback (most recent call last)', 'level': 'error'}, {'substr': 'SyntaxError: ', 'level': 'error'}, {'substr': 'TypeError: ', 'level': 'error'}, {'substr': 'NameError: ', 'level': 'error'}, {'substr': 'ZeroDivisionError: ', 'level': 'error'}, {'regex': <_sre.SRE_Pattern object at 0x10ab07108>, 'level': 'critical'}, {'regex': <_sre.SRE_Pattern object at 0x10ab21030>, 'level': 'critical'}], 'cwd': '/builds/slave/test/build', 'env': {'VERSIONER_PYTHON_PREFER_32_BIT': 'no', 'LOGNAME': 'cltbld', 'USER': 'cltbld', 'XPC_SERVICE_NAME': '0', 'PATH': '/usr/local/sbin:/usr/local/bin:/usr/sbin:/usr/bin:/sbin:/bin:/usr/bin/X11', 'HOME': '/Users/cltbld', 'NO_EM_RESTART': '1', 'IDLEIZER_DISABLE_SHUTDOWN': 'true', 'XPCOM_DEBUG_BREAK': 'warn', 'Apple_PubSub_Socket_Render': '/private/tmp/com.apple.launchd.Rol9ZK4g8z/Render', 'MOZ_NODE_PATH': '/usr/local/bin/node', 'TWISTD_LOG_PATH': '/builds/slave/twistd.log', 'GIT_SHARE_BASE_DIR': '/builds/git-shared', 'VERSIONER_PYTHON_VERSION': '2.7', 'XPC_FLAGS': '0x0', 'NO_FAIL_ON_TEST_ERRORS': '1', 'HG_SHARE_BASE_DIR': '/builds/hg-shared', 'RUNNER_CONFIG_CMD': '/opt/runner/bin/python2.7 /opt/runner/bin/runner -c /opt/runner/runner.cfg', 'MOZ_NO_REMOTE': '1', 'MOZ_HIDE_RESULTS_TABLE': '1', 'SSH_AUTH_SOCK': '/private/tmp/com.apple.launchd.uR7ouhEFaY/Listeners', 'SHELL': '/bin/bash', 'TMPDIR': '/var/folders/6m/3ljsrxss0yngbfl5y88_lxk400000w/T/', '__CF_USER_TEXT_ENCODING': '0x1C:0:0', 'PWD': '/builds/slave/test', 'PROPERTIES_FILE': '/builds/slave/test/buildprops.json'}}, attempt #1
16:56:14     INFO - Running command: ['/builds/slave/test/build/venv/bin/pip', 'install', '--timeout', '120', '--no-index', '--find-links', 'http://pypi.pvt.build.mozilla.org/pub', '--find-links', 'http://pypi.pub.build.mozilla.org/pub', '--trusted-host', 'pypi.pub.build.mozilla.org', '--trusted-host', 'pypi.pvt.build.mozilla.org', 'blobuploader==1.2.4'] in /builds/slave/test/build
16:56:14     INFO - Copy/paste: /builds/slave/test/build/venv/bin/pip install --timeout 120 --no-index --find-links http://pypi.pvt.build.mozilla.org/pub --find-links http://pypi.pub.build.mozilla.org/pub --trusted-host pypi.pub.build.mozilla.org --trusted-host pypi.pvt.build.mozilla.org blobuploader==1.2.4
16:56:14     INFO - Using env: {'Apple_PubSub_Socket_Render': '/private/tmp/com.apple.launchd.Rol9ZK4g8z/Render',
16:56:14     INFO -  'GIT_SHARE_BASE_DIR': '/builds/git-shared',
16:56:14     INFO -  'HG_SHARE_BASE_DIR': '/builds/hg-shared',
16:56:14     INFO -  'HOME': '/Users/cltbld',
16:56:14     INFO -  'IDLEIZER_DISABLE_SHUTDOWN': 'true',
16:56:14     INFO -  'LOGNAME': 'cltbld',
16:56:14     INFO -  'MOZ_HIDE_RESULTS_TABLE': '1',
16:56:14     INFO -  'MOZ_NODE_PATH': '/usr/local/bin/node',
16:56:14     INFO -  'MOZ_NO_REMOTE': '1',
16:56:14     INFO -  'NO_EM_RESTART': '1',
16:56:14     INFO -  'NO_FAIL_ON_TEST_ERRORS': '1',
16:56:14     INFO -  'PATH': '/usr/local/sbin:/usr/local/bin:/usr/sbin:/usr/bin:/sbin:/bin:/usr/bin/X11',
16:56:14     INFO -  'PROPERTIES_FILE': '/builds/slave/test/buildprops.json',
16:56:14     INFO -  'PWD': '/builds/slave/test',
16:56:14     INFO -  'RUNNER_CONFIG_CMD': '/opt/runner/bin/python2.7 /opt/runner/bin/runner -c /opt/runner/runner.cfg',
16:56:14     INFO -  'SHELL': '/bin/bash',
16:56:14     INFO -  'SSH_AUTH_SOCK': '/private/tmp/com.apple.launchd.uR7ouhEFaY/Listeners',
16:56:14     INFO -  'TMPDIR': '/var/folders/6m/3ljsrxss0yngbfl5y88_lxk400000w/T/',
16:56:14     INFO -  'TWISTD_LOG_PATH': '/builds/slave/twistd.log',
16:56:14     INFO -  'USER': 'cltbld',
16:56:14     INFO -  'VERSIONER_PYTHON_PREFER_32_BIT': 'no',
16:56:14     INFO -  'VERSIONER_PYTHON_VERSION': '2.7',
16:56:14     INFO -  'XPCOM_DEBUG_BREAK': 'warn',
16:56:14     INFO -  'XPC_FLAGS': '0x0',
16:56:14     INFO -  'XPC_SERVICE_NAME': '0',
16:56:14     INFO -  '__CF_USER_TEXT_ENCODING': '0x1C:0:0'}
16:56:14     INFO -  Ignoring indexes: https://pypi.python.org/simple
16:56:14     INFO -  Collecting blobuploader==1.2.4
16:56:14     INFO -  /builds/slave/test/build/venv/lib/python2.7/site-packages/pip/_vendor/requests/packages/urllib3/util/ssl_.py:318: SNIMissingWarning: An HTTPS request has been made, but the SNI (Subject Name Indication) extension to TLS is not available on this platform. This may cause the server to present an incorrect TLS certificate, which can cause validation failures. You can upgrade to a newer version of Python to solve this. For more information, see https://urllib3.readthedocs.org/en/latest/security.html#snimissingwarning.
16:56:14     INFO -    SNIMissingWarning
16:56:14     INFO -  /builds/slave/test/build/venv/lib/python2.7/site-packages/pip/_vendor/requests/packages/urllib3/util/ssl_.py:122: InsecurePlatformWarning: A true SSLContext object is not available. This prevents urllib3 from configuring SSL appropriately and may cause certain SSL connections to fail. You can upgrade to a newer version of Python to solve this. For more information, see https://urllib3.readthedocs.org/en/latest/security.html#insecureplatformwarning.
16:56:14     INFO -    InsecurePlatformWarning
16:56:15     INFO -  /builds/slave/test/build/venv/lib/python2.7/site-packages/pip/_vendor/requests/packages/urllib3/util/ssl_.py:122: InsecurePlatformWarning: A true SSLContext object is not available. This prevents urllib3 from configuring SSL appropriately and may cause certain SSL connections to fail. You can upgrade to a newer version of Python to solve this. For more information, see https://urllib3.readthedocs.org/en/latest/security.html#insecureplatformwarning.
16:56:15     INFO -    InsecurePlatformWarning
16:56:17     INFO -  Collecting docopt==0.6.1 (from blobuploader==1.2.4)
16:56:20     INFO -  Collecting requests==1.2.3. (from blobuploader==1.2.4)
16:56:22     INFO -  Installing collected packages: docopt, requests, blobuploader
16:56:23     INFO -  Successfully installed blobuploader-1.2.4 docopt-0.6.1 requests-1.2.3
16:56:23     INFO - Return code: 0
16:56:23     INFO - Installing None into virtualenv /builds/slave/test/build/venv
16:56:24     INFO - retry: Calling run_command with args: [['/builds/slave/test/build/venv/bin/pip', 'install', '--no-deps', '--timeout', '120', '-r', '/builds/slave/test/build/tests/config/mozbase_requirements.txt', '--no-index', '--find-links', 'http://pypi.pvt.build.mozilla.org/pub', '--find-links', 'http://pypi.pub.build.mozilla.org/pub', '--trusted-host', 'pypi.pub.build.mozilla.org', '--trusted-host', 'pypi.pvt.build.mozilla.org']], kwargs: {'error_level': 'warning', 'error_list': [{'substr': 'not found or a compiler error:', 'level': 'warning'}, {'regex': <_sre.SRE_Pattern object at 0x10ab99170>, 'level': 'error'}, {'regex': <_sre.SRE_Pattern object at 0x10ac3b960>, 'level': 'warning'}, {'regex': <_sre.SRE_Pattern object at 0x7fc910558dc0>, 'level': 'debug'}, {'substr': 'command not found', 'level': 'error'}, {'regex': <_sre.SRE_Pattern object at 0x10ab2c1d0>, 'level': 'warning'}, {'substr': 'Traceback (most recent call last)', 'level': 'error'}, {'substr': 'SyntaxError: ', 'level': 'error'}, {'substr': 'TypeError: ', 'level': 'error'}, {'substr': 'NameError: ', 'level': 'error'}, {'substr': 'ZeroDivisionError: ', 'level': 'error'}, {'regex': <_sre.SRE_Pattern object at 0x10ab07108>, 'level': 'critical'}, {'regex': <_sre.SRE_Pattern object at 0x10ab21030>, 'level': 'critical'}], 'cwd': '/builds/slave/test/build/tests/config', 'env': {'VERSIONER_PYTHON_PREFER_32_BIT': 'no', 'LOGNAME': 'cltbld', 'USER': 'cltbld', 'XPC_SERVICE_NAME': '0', 'PATH': '/usr/local/sbin:/usr/local/bin:/usr/sbin:/usr/bin:/sbin:/bin:/usr/bin/X11', 'HOME': '/Users/cltbld', 'NO_EM_RESTART': '1', 'IDLEIZER_DISABLE_SHUTDOWN': 'true', 'XPCOM_DEBUG_BREAK': 'warn', 'Apple_PubSub_Socket_Render': '/private/tmp/com.apple.launchd.Rol9ZK4g8z/Render', 'MOZ_NODE_PATH': '/usr/local/bin/node', 'TWISTD_LOG_PATH': '/builds/slave/twistd.log', 'GIT_SHARE_BASE_DIR': '/builds/git-shared', 'VERSIONER_PYTHON_VERSION': '2.7', 'XPC_FLAGS': '0x0', 'NO_FAIL_ON_TEST_ERRORS': '1', 'HG_SHARE_BASE_DIR': '/builds/hg-shared', 'RUNNER_CONFIG_CMD': '/opt/runner/bin/python2.7 /opt/runner/bin/runner -c /opt/runner/runner.cfg', 'MOZ_NO_REMOTE': '1', 'MOZ_HIDE_RESULTS_TABLE': '1', 'SSH_AUTH_SOCK': '/private/tmp/com.apple.launchd.uR7ouhEFaY/Listeners', 'SHELL': '/bin/bash', 'TMPDIR': '/var/folders/6m/3ljsrxss0yngbfl5y88_lxk400000w/T/', '__CF_USER_TEXT_ENCODING': '0x1C:0:0', 'PWD': '/builds/slave/test', 'PROPERTIES_FILE': '/builds/slave/test/buildprops.json'}}, attempt #1
16:56:24     INFO - Running command: ['/builds/slave/test/build/venv/bin/pip', 'install', '--no-deps', '--timeout', '120', '-r', '/builds/slave/test/build/tests/config/mozbase_requirements.txt', '--no-index', '--find-links', 'http://pypi.pvt.build.mozilla.org/pub', '--find-links', 'http://pypi.pub.build.mozilla.org/pub', '--trusted-host', 'pypi.pub.build.mozilla.org', '--trusted-host', 'pypi.pvt.build.mozilla.org'] in /builds/slave/test/build/tests/config
16:56:24     INFO - Copy/paste: /builds/slave/test/build/venv/bin/pip install --no-deps --timeout 120 -r /builds/slave/test/build/tests/config/mozbase_requirements.txt --no-index --find-links http://pypi.pvt.build.mozilla.org/pub --find-links http://pypi.pub.build.mozilla.org/pub --trusted-host pypi.pub.build.mozilla.org --trusted-host pypi.pvt.build.mozilla.org
16:56:24     INFO - Using env: {'Apple_PubSub_Socket_Render': '/private/tmp/com.apple.launchd.Rol9ZK4g8z/Render',
16:56:24     INFO -  'GIT_SHARE_BASE_DIR': '/builds/git-shared',
16:56:24     INFO -  'HG_SHARE_BASE_DIR': '/builds/hg-shared',
16:56:24     INFO -  'HOME': '/Users/cltbld',
16:56:24     INFO -  'IDLEIZER_DISABLE_SHUTDOWN': 'true',
16:56:24     INFO -  'LOGNAME': 'cltbld',
16:56:24     INFO -  'MOZ_HIDE_RESULTS_TABLE': '1',
16:56:24     INFO -  'MOZ_NODE_PATH': '/usr/local/bin/node',
16:56:24     INFO -  'MOZ_NO_REMOTE': '1',
16:56:24     INFO -  'NO_EM_RESTART': '1',
16:56:24     INFO -  'NO_FAIL_ON_TEST_ERRORS': '1',
16:56:24     INFO -  'PATH': '/usr/local/sbin:/usr/local/bin:/usr/sbin:/usr/bin:/sbin:/bin:/usr/bin/X11',
16:56:24     INFO -  'PROPERTIES_FILE': '/builds/slave/test/buildprops.json',
16:56:24     INFO -  'PWD': '/builds/slave/test',
16:56:24     INFO -  'RUNNER_CONFIG_CMD': '/opt/runner/bin/python2.7 /opt/runner/bin/runner -c /opt/runner/runner.cfg',
16:56:24     INFO -  'SHELL': '/bin/bash',
16:56:24     INFO -  'SSH_AUTH_SOCK': '/private/tmp/com.apple.launchd.uR7ouhEFaY/Listeners',
16:56:24     INFO -  'TMPDIR': '/var/folders/6m/3ljsrxss0yngbfl5y88_lxk400000w/T/',
16:56:24     INFO -  'TWISTD_LOG_PATH': '/builds/slave/twistd.log',
16:56:24     INFO -  'USER': 'cltbld',
16:56:24     INFO -  'VERSIONER_PYTHON_PREFER_32_BIT': 'no',
16:56:24     INFO -  'VERSIONER_PYTHON_VERSION': '2.7',
16:56:24     INFO -  'XPCOM_DEBUG_BREAK': 'warn',
16:56:24     INFO -  'XPC_FLAGS': '0x0',
16:56:24     INFO -  'XPC_SERVICE_NAME': '0',
16:56:24     INFO -  '__CF_USER_TEXT_ENCODING': '0x1C:0:0'}
16:56:24     INFO -  Ignoring indexes: https://pypi.python.org/simple
16:56:24     INFO -  Processing /builds/slave/test/build/tests/mozbase/manifestparser
16:56:24     INFO -  Processing /builds/slave/test/build/tests/mozbase/mozcrash
16:56:25     INFO -  Processing /builds/slave/test/build/tests/mozbase/mozdebug
16:56:25     INFO -  Processing /builds/slave/test/build/tests/mozbase/mozdevice
16:56:25     INFO -  Processing /builds/slave/test/build/tests/mozbase/mozfile
16:56:25     INFO -  Processing /builds/slave/test/build/tests/mozbase/mozhttpd
16:56:26     INFO -  Processing /builds/slave/test/build/tests/mozbase/mozinfo
16:56:26     INFO -  Processing /builds/slave/test/build/tests/mozbase/mozinstall
16:56:26     INFO -  Processing /builds/slave/test/build/tests/mozbase/mozleak
16:56:26     INFO -  Processing /builds/slave/test/build/tests/mozbase/mozlog
16:56:27     INFO -  Processing /builds/slave/test/build/tests/mozbase/moznetwork
16:56:27     INFO -  Processing /builds/slave/test/build/tests/mozbase/mozprocess
16:56:27     INFO -  Processing /builds/slave/test/build/tests/mozbase/mozprofile
16:56:27     INFO -  Processing /builds/slave/test/build/tests/mozbase/mozrunner
16:56:28     INFO -  Processing /builds/slave/test/build/tests/mozbase/mozscreenshot
16:56:28     INFO -  Processing /builds/slave/test/build/tests/mozbase/moztest
16:56:28     INFO -  Processing /builds/slave/test/build/tests/mozbase/mozversion
16:56:28     INFO -  Installing collected packages: manifestparser, mozcrash, mozdebug, mozdevice, mozfile, mozhttpd, mozinfo, mozInstall, mozleak, mozlog, moznetwork, mozprocess, mozprofile, mozrunner, mozscreenshot, moztest, mozversion
16:56:28     INFO -    Running setup.py install for manifestparser: started
16:56:29     INFO -      Running setup.py install for manifestparser: finished with status 'done'
16:56:29     INFO -    Running setup.py install for mozcrash: started
16:56:29     INFO -      Running setup.py install for mozcrash: finished with status 'done'
16:56:29     INFO -    Running setup.py install for mozdebug: started
16:56:29     INFO -      Running setup.py install for mozdebug: finished with status 'done'
16:56:29     INFO -    Running setup.py install for mozdevice: started
16:56:29     INFO -      Running setup.py install for mozdevice: finished with status 'done'
16:56:29     INFO -    Running setup.py install for mozfile: started
16:56:30     INFO -      Running setup.py install for mozfile: finished with status 'done'
16:56:30     INFO -    Running setup.py install for mozhttpd: started
16:56:30     INFO -      Running setup.py install for mozhttpd: finished with status 'done'
16:56:30     INFO -    Running setup.py install for mozinfo: started
16:56:30     INFO -      Running setup.py install for mozinfo: finished with status 'done'
16:56:30     INFO -    Running setup.py install for mozInstall: started
16:56:31     INFO -      Running setup.py install for mozInstall: finished with status 'done'
16:56:31     INFO -    Running setup.py install for mozleak: started
16:56:31     INFO -      Running setup.py install for mozleak: finished with status 'done'
16:56:31     INFO -    Running setup.py install for mozlog: started
16:56:31     INFO -      Running setup.py install for mozlog: finished with status 'done'
16:56:31     INFO -    Running setup.py install for moznetwork: started
16:56:31     INFO -      Running setup.py install for moznetwork: finished with status 'done'
16:56:31     INFO -    Running setup.py install for mozprocess: started
16:56:32     INFO -      Running setup.py install for mozprocess: finished with status 'done'
16:56:32     INFO -    Running setup.py install for mozprofile: started
16:56:32     INFO -      Running setup.py install for mozprofile: finished with status 'done'
16:56:32     INFO -    Running setup.py install for mozrunner: started
16:56:32     INFO -      Running setup.py install for mozrunner: finished with status 'done'
16:56:32     INFO -    Running setup.py install for mozscreenshot: started
16:56:33     INFO -      Running setup.py install for mozscreenshot: finished with status 'done'
16:56:33     INFO -    Running setup.py install for moztest: started
16:56:33     INFO -      Running setup.py install for moztest: finished with status 'done'
16:56:33     INFO -    Running setup.py install for mozversion: started
16:56:33     INFO -      Running setup.py install for mozversion: finished with status 'done'
16:56:34     INFO -  Successfully installed manifestparser-1.1 mozInstall-1.12 mozcrash-1.0 mozdebug-0.1 mozdevice-0.48 mozfile-1.2 mozhttpd-0.7 mozinfo-0.9 mozleak-0.1 mozlog-3.4 moznetwork-0.27 mozprocess-0.23 mozprofile-0.28 mozrunner-6.13 mozscreenshot-0.1 moztest-0.8 mozversion-1.4
16:56:34     INFO - Return code: 0
16:56:34     INFO - Installing None into virtualenv /builds/slave/test/build/venv
16:56:34     INFO - retry: Calling run_command with args: [['/builds/slave/test/build/venv/bin/pip', 'install', '--timeout', '120', '-r', '/builds/slave/test/build/tests/config/mozbase_requirements.txt', '--no-index', '--find-links', 'http://pypi.pvt.build.mozilla.org/pub', '--find-links', 'http://pypi.pub.build.mozilla.org/pub', '--trusted-host', 'pypi.pub.build.mozilla.org', '--trusted-host', 'pypi.pvt.build.mozilla.org']], kwargs: {'error_level': 'warning', 'error_list': [{'substr': 'not found or a compiler error:', 'level': 'warning'}, {'regex': <_sre.SRE_Pattern object at 0x10ab99170>, 'level': 'error'}, {'regex': <_sre.SRE_Pattern object at 0x10ac3b960>, 'level': 'warning'}, {'regex': <_sre.SRE_Pattern object at 0x7fc910558dc0>, 'level': 'debug'}, {'substr': 'command not found', 'level': 'error'}, {'regex': <_sre.SRE_Pattern object at 0x10ab2c1d0>, 'level': 'warning'}, {'substr': 'Traceback (most recent call last)', 'level': 'error'}, {'substr': 'SyntaxError: ', 'level': 'error'}, {'substr': 'TypeError: ', 'level': 'error'}, {'substr': 'NameError: ', 'level': 'error'}, {'substr': 'ZeroDivisionError: ', 'level': 'error'}, {'regex': <_sre.SRE_Pattern object at 0x10ab07108>, 'level': 'critical'}, {'regex': <_sre.SRE_Pattern object at 0x10ab21030>, 'level': 'critical'}], 'cwd': '/builds/slave/test/build/tests/config', 'env': {'VERSIONER_PYTHON_PREFER_32_BIT': 'no', 'LOGNAME': 'cltbld', 'USER': 'cltbld', 'XPC_SERVICE_NAME': '0', 'PATH': '/usr/local/sbin:/usr/local/bin:/usr/sbin:/usr/bin:/sbin:/bin:/usr/bin/X11', 'HOME': '/Users/cltbld', 'NO_EM_RESTART': '1', 'IDLEIZER_DISABLE_SHUTDOWN': 'true', 'XPCOM_DEBUG_BREAK': 'warn', 'Apple_PubSub_Socket_Render': '/private/tmp/com.apple.launchd.Rol9ZK4g8z/Render', 'MOZ_NODE_PATH': '/usr/local/bin/node', 'TWISTD_LOG_PATH': '/builds/slave/twistd.log', 'GIT_SHARE_BASE_DIR': '/builds/git-shared', 'VERSIONER_PYTHON_VERSION': '2.7', 'XPC_FLAGS': '0x0', 'NO_FAIL_ON_TEST_ERRORS': '1', 'HG_SHARE_BASE_DIR': '/builds/hg-shared', 'RUNNER_CONFIG_CMD': '/opt/runner/bin/python2.7 /opt/runner/bin/runner -c /opt/runner/runner.cfg', 'MOZ_NO_REMOTE': '1', 'MOZ_HIDE_RESULTS_TABLE': '1', 'SSH_AUTH_SOCK': '/private/tmp/com.apple.launchd.uR7ouhEFaY/Listeners', 'SHELL': '/bin/bash', 'TMPDIR': '/var/folders/6m/3ljsrxss0yngbfl5y88_lxk400000w/T/', '__CF_USER_TEXT_ENCODING': '0x1C:0:0', 'PWD': '/builds/slave/test', 'PROPERTIES_FILE': '/builds/slave/test/buildprops.json'}}, attempt #1
16:56:34     INFO - Running command: ['/builds/slave/test/build/venv/bin/pip', 'install', '--timeout', '120', '-r', '/builds/slave/test/build/tests/config/mozbase_requirements.txt', '--no-index', '--find-links', 'http://pypi.pvt.build.mozilla.org/pub', '--find-links', 'http://pypi.pub.build.mozilla.org/pub', '--trusted-host', 'pypi.pub.build.mozilla.org', '--trusted-host', 'pypi.pvt.build.mozilla.org'] in /builds/slave/test/build/tests/config
16:56:34     INFO - Copy/paste: /builds/slave/test/build/venv/bin/pip install --timeout 120 -r /builds/slave/test/build/tests/config/mozbase_requirements.txt --no-index --find-links http://pypi.pvt.build.mozilla.org/pub --find-links http://pypi.pub.build.mozilla.org/pub --trusted-host pypi.pub.build.mozilla.org --trusted-host pypi.pvt.build.mozilla.org
16:56:34     INFO - Using env: {'Apple_PubSub_Socket_Render': '/private/tmp/com.apple.launchd.Rol9ZK4g8z/Render',
16:56:34     INFO -  'GIT_SHARE_BASE_DIR': '/builds/git-shared',
16:56:34     INFO -  'HG_SHARE_BASE_DIR': '/builds/hg-shared',
16:56:34     INFO -  'HOME': '/Users/cltbld',
16:56:34     INFO -  'IDLEIZER_DISABLE_SHUTDOWN': 'true',
16:56:34     INFO -  'LOGNAME': 'cltbld',
16:56:34     INFO -  'MOZ_HIDE_RESULTS_TABLE': '1',
16:56:34     INFO -  'MOZ_NODE_PATH': '/usr/local/bin/node',
16:56:34     INFO -  'MOZ_NO_REMOTE': '1',
16:56:34     INFO -  'NO_EM_RESTART': '1',
16:56:34     INFO -  'NO_FAIL_ON_TEST_ERRORS': '1',
16:56:34     INFO -  'PATH': '/usr/local/sbin:/usr/local/bin:/usr/sbin:/usr/bin:/sbin:/bin:/usr/bin/X11',
16:56:34     INFO -  'PROPERTIES_FILE': '/builds/slave/test/buildprops.json',
16:56:34     INFO -  'PWD': '/builds/slave/test',
16:56:34     INFO -  'RUNNER_CONFIG_CMD': '/opt/runner/bin/python2.7 /opt/runner/bin/runner -c /opt/runner/runner.cfg',
16:56:34     INFO -  'SHELL': '/bin/bash',
16:56:34     INFO -  'SSH_AUTH_SOCK': '/private/tmp/com.apple.launchd.uR7ouhEFaY/Listeners',
16:56:34     INFO -  'TMPDIR': '/var/folders/6m/3ljsrxss0yngbfl5y88_lxk400000w/T/',
16:56:34     INFO -  'TWISTD_LOG_PATH': '/builds/slave/twistd.log',
16:56:34     INFO -  'USER': 'cltbld',
16:56:34     INFO -  'VERSIONER_PYTHON_PREFER_32_BIT': 'no',
16:56:34     INFO -  'VERSIONER_PYTHON_VERSION': '2.7',
16:56:34     INFO -  'XPCOM_DEBUG_BREAK': 'warn',
16:56:34     INFO -  'XPC_FLAGS': '0x0',
16:56:34     INFO -  'XPC_SERVICE_NAME': '0',
16:56:34     INFO -  '__CF_USER_TEXT_ENCODING': '0x1C:0:0'}
16:56:34     INFO -  Ignoring indexes: https://pypi.python.org/simple
16:56:34     INFO -  Processing /builds/slave/test/build/tests/mozbase/manifestparser
16:56:35     INFO -    Requirement already satisfied (use --upgrade to upgrade): manifestparser==1.1 from file:///builds/slave/test/build/tests/mozbase/manifestparser in /builds/slave/test/build/venv/lib/python2.7/site-packages (from -r /builds/slave/test/build/tests/config/mozbase_requirements.txt (line 1))
16:56:35     INFO -  Processing /builds/slave/test/build/tests/mozbase/mozcrash
16:56:35     INFO -    Requirement already satisfied (use --upgrade to upgrade): mozcrash==1.0 from file:///builds/slave/test/build/tests/mozbase/mozcrash in /builds/slave/test/build/venv/lib/python2.7/site-packages (from -r /builds/slave/test/build/tests/config/mozbase_requirements.txt (line 2))
16:56:35     INFO -  Processing /builds/slave/test/build/tests/mozbase/mozdebug
16:56:35     INFO -    Requirement already satisfied (use --upgrade to upgrade): mozdebug==0.1 from file:///builds/slave/test/build/tests/mozbase/mozdebug in /builds/slave/test/build/venv/lib/python2.7/site-packages (from -r /builds/slave/test/build/tests/config/mozbase_requirements.txt (line 3))
16:56:35     INFO -  Processing /builds/slave/test/build/tests/mozbase/mozdevice
16:56:35     INFO -    Requirement already satisfied (use --upgrade to upgrade): mozdevice==0.48 from file:///builds/slave/test/build/tests/mozbase/mozdevice in /builds/slave/test/build/venv/lib/python2.7/site-packages (from -r /builds/slave/test/build/tests/config/mozbase_requirements.txt (line 4))
16:56:35     INFO -  Processing /builds/slave/test/build/tests/mozbase/mozfile
16:56:36     INFO -    Requirement already satisfied (use --upgrade to upgrade): mozfile==1.2 from file:///builds/slave/test/build/tests/mozbase/mozfile in /builds/slave/test/build/venv/lib/python2.7/site-packages (from -r /builds/slave/test/build/tests/config/mozbase_requirements.txt (line 5))
16:56:36     INFO -  Processing /builds/slave/test/build/tests/mozbase/mozhttpd
16:56:36     INFO -    Requirement already satisfied (use --upgrade to upgrade): mozhttpd==0.7 from file:///builds/slave/test/build/tests/mozbase/mozhttpd in /builds/slave/test/build/venv/lib/python2.7/site-packages (from -r /builds/slave/test/build/tests/config/mozbase_requirements.txt (line 6))
16:56:36     INFO -  Processing /builds/slave/test/build/tests/mozbase/mozinfo
16:56:36     INFO -    Requirement already satisfied (use --upgrade to upgrade): mozinfo==0.9 from file:///builds/slave/test/build/tests/mozbase/mozinfo in /builds/slave/test/build/venv/lib/python2.7/site-packages (from -r /builds/slave/test/build/tests/config/mozbase_requirements.txt (line 7))
16:56:36     INFO -  Processing /builds/slave/test/build/tests/mozbase/mozinstall
16:56:36     INFO -    Requirement already satisfied (use --upgrade to upgrade): mozInstall==1.12 from file:///builds/slave/test/build/tests/mozbase/mozinstall in /builds/slave/test/build/venv/lib/python2.7/site-packages (from -r /builds/slave/test/build/tests/config/mozbase_requirements.txt (line 8))
16:56:36     INFO -  Processing /builds/slave/test/build/tests/mozbase/mozleak
16:56:37     INFO -    Requirement already satisfied (use --upgrade to upgrade): mozleak==0.1 from file:///builds/slave/test/build/tests/mozbase/mozleak in /builds/slave/test/build/venv/lib/python2.7/site-packages (from -r /builds/slave/test/build/tests/config/mozbase_requirements.txt (line 9))
16:56:37     INFO -  Processing /builds/slave/test/build/tests/mozbase/mozlog
16:56:37     INFO -    Requirement already satisfied (use --upgrade to upgrade): mozlog==3.4 from file:///builds/slave/test/build/tests/mozbase/mozlog in /builds/slave/test/build/venv/lib/python2.7/site-packages (from -r /builds/slave/test/build/tests/config/mozbase_requirements.txt (line 10))
16:56:37     INFO -  Processing /builds/slave/test/build/tests/mozbase/moznetwork
16:56:37     INFO -    Requirement already satisfied (use --upgrade to upgrade): moznetwork==0.27 from file:///builds/slave/test/build/tests/mozbase/moznetwork in /builds/slave/test/build/venv/lib/python2.7/site-packages (from -r /builds/slave/test/build/tests/config/mozbase_requirements.txt (line 11))
16:56:37     INFO -  Processing /builds/slave/test/build/tests/mozbase/mozprocess
16:56:37     INFO -    Requirement already satisfied (use --upgrade to upgrade): mozprocess==0.23 from file:///builds/slave/test/build/tests/mozbase/mozprocess in /builds/slave/test/build/venv/lib/python2.7/site-packages (from -r /builds/slave/test/build/tests/config/mozbase_requirements.txt (line 12))
16:56:37     INFO -  Processing /builds/slave/test/build/tests/mozbase/mozprofile
16:56:38     INFO -    Requirement already satisfied (use --upgrade to upgrade): mozprofile==0.28 from file:///builds/slave/test/build/tests/mozbase/mozprofile in /builds/slave/test/build/venv/lib/python2.7/site-packages (from -r /builds/slave/test/build/tests/config/mozbase_requirements.txt (line 13))
16:56:38     INFO -  Processing /builds/slave/test/build/tests/mozbase/mozrunner
16:56:38     INFO -    Requirement already satisfied (use --upgrade to upgrade): mozrunner==6.13 from file:///builds/slave/test/build/tests/mozbase/mozrunner in /builds/slave/test/build/venv/lib/python2.7/site-packages (from -r /builds/slave/test/build/tests/config/mozbase_requirements.txt (line 14))
16:56:38     INFO -  Processing /builds/slave/test/build/tests/mozbase/mozscreenshot
16:56:38     INFO -    Requirement already satisfied (use --upgrade to upgrade): mozscreenshot==0.1 from file:///builds/slave/test/build/tests/mozbase/mozscreenshot in /builds/slave/test/build/venv/lib/python2.7/site-packages (from -r /builds/slave/test/build/tests/config/mozbase_requirements.txt (line 15))
16:56:38     INFO -  Processing /builds/slave/test/build/tests/mozbase/moztest
16:56:38     INFO -    Requirement already satisfied (use --upgrade to upgrade): moztest==0.8 from file:///builds/slave/test/build/tests/mozbase/moztest in /builds/slave/test/build/venv/lib/python2.7/site-packages (from -r /builds/slave/test/build/tests/config/mozbase_requirements.txt (line 16))
16:56:38     INFO -  Processing /builds/slave/test/build/tests/mozbase/mozversion
16:56:39     INFO -    Requirement already satisfied (use --upgrade to upgrade): mozversion==1.4 from file:///builds/slave/test/build/tests/mozbase/mozversion in /builds/slave/test/build/venv/lib/python2.7/site-packages (from -r /builds/slave/test/build/tests/config/mozbase_requirements.txt (line 17))
16:56:39     INFO -  Requirement already satisfied (use --upgrade to upgrade): mozfile>=1.0 in /builds/slave/test/build/venv/lib/python2.7/site-packages (from mozcrash==1.0->-r /builds/slave/test/build/tests/config/mozbase_requirements.txt (line 2))
16:56:39     INFO -  Requirement already satisfied (use --upgrade to upgrade): mozlog>=3.0 in /builds/slave/test/build/venv/lib/python2.7/site-packages (from mozcrash==1.0->-r /builds/slave/test/build/tests/config/mozbase_requirements.txt (line 2))
16:56:39     INFO -  Requirement already satisfied (use --upgrade to upgrade): mozinfo in /builds/slave/test/build/venv/lib/python2.7/site-packages (from mozdebug==0.1->-r /builds/slave/test/build/tests/config/mozbase_requirements.txt (line 3))
16:56:39     INFO -  Requirement already satisfied (use --upgrade to upgrade): moznetwork>=0.24 in /builds/slave/test/build/venv/lib/python2.7/site-packages (from mozdevice==0.48->-r /builds/slave/test/build/tests/config/mozbase_requirements.txt (line 4))
16:56:39     INFO -  Requirement already satisfied (use --upgrade to upgrade): mozprocess>=0.19 in /builds/slave/test/build/venv/lib/python2.7/site-packages (from mozdevice==0.48->-r /builds/slave/test/build/tests/config/mozbase_requirements.txt (line 4))
16:56:39     INFO -  Collecting blessings>=1.3 (from mozlog==3.4->-r /builds/slave/test/build/tests/config/mozbase_requirements.txt (line 10))

command interrupted, attempting to kill
process killed by signal 9
program finished with exit code -1
elapsedTime=77.905906
The web-page 'stop build' button was pressed by 'rvandermeulen@mozilla.com': Cancelled via self-serve
========= master_lag: 0.04 =========
========= Finished '/tools/buildbot/bin/python -u ...' interrupted (results: 4, elapsed: 1 mins, 17 secs) (at 2018-06-08 16:56:39.595703) =========

========= Started set props: build_url symbols_url (results: 0, elapsed: 0 secs) (at 2018-06-08 16:56:39.602230) =========
bash -c 'for file in `ls -1`; do cat $file; done'
 in dir /builds/slave/test/properties (timeout 1200 secs)
 watching logfiles {}
 argv: ['bash', '-c', 'for file in `ls -1`; do cat $file; done']
 environment:
  Apple_PubSub_Socket_Render=/private/tmp/com.apple.launchd.Rol9ZK4g8z/Render
  GIT_SHARE_BASE_DIR=/builds/git-shared
  HG_SHARE_BASE_DIR=/builds/hg-shared
  HOME=/Users/cltbld
  IDLEIZER_DISABLE_SHUTDOWN=true
  LOGNAME=cltbld
  PATH=/usr/local/sbin:/usr/local/bin:/usr/sbin:/usr/bin:/sbin:/bin:/usr/bin/X11
  PWD=/builds/slave/test/properties
  RUNNER_CONFIG_CMD=/opt/runner/bin/python2.7 /opt/runner/bin/runner -c /opt/runner/runner.cfg
  SHELL=/bin/bash
  SSH_AUTH_SOCK=/private/tmp/com.apple.launchd.uR7ouhEFaY/Listeners
  TMPDIR=/var/folders/6m/3ljsrxss0yngbfl5y88_lxk400000w/T/
  TWISTD_LOG_PATH=/builds/slave/twistd.log
  USER=cltbld
  VERSIONER_PYTHON_PREFER_32_BIT=no
  VERSIONER_PYTHON_VERSION=2.7
  XPC_FLAGS=0x0
  XPC_SERVICE_NAME=0
  __CF_USER_TEXT_ENCODING=0x1C:0:0
 using PTY: False
build_url:https://queue.taskcluster.net/v1/task/cbf86eh2SwWGC1LFFrbavg/artifacts/public/build/firefox-52.8.2.en-US.mac64.dmg
symbols_url:https://queue.taskcluster.net/v1/task/cbf86eh2SwWGC1LFFrbavg/artifacts/public/build/firefox-52.8.2.en-US.mac64.crashreporter-symbols.zip
program finished with exit code 0
elapsedTime=0.011957
build_url: 'https://queue.taskcluster.net/v1/task/cbf86eh2SwWGC1LFFrbavg/artifacts/public/build/firefox-52.8.2.en-US.mac64.dmg'
symbols_url: 'https://queue.taskcluster.net/v1/task/cbf86eh2SwWGC1LFFrbavg/artifacts/public/build/firefox-52.8.2.en-US.mac64.crashreporter-symbols.zip'
========= master_lag: 0.01 =========
========= Finished set props: build_url symbols_url (results: 0, elapsed: 0 secs) (at 2018-06-08 16:56:39.625385) =========

========= Started 'rm -f ...' (results: 0, elapsed: 0 secs) (at 2018-06-08 16:56:39.629819) =========
rm -f oauth.txt
 in dir /builds/slave/test/. (timeout 1200 secs)
 watching logfiles {}
 argv: ['rm', '-f', 'oauth.txt']
 environment:
  Apple_PubSub_Socket_Render=/private/tmp/com.apple.launchd.Rol9ZK4g8z/Render
  GIT_SHARE_BASE_DIR=/builds/git-shared
  HG_SHARE_BASE_DIR=/builds/hg-shared
  HOME=/Users/cltbld
  IDLEIZER_DISABLE_SHUTDOWN=true
  LOGNAME=cltbld
  PATH=/usr/local/sbin:/usr/local/bin:/usr/sbin:/usr/bin:/sbin:/bin:/usr/bin/X11
  PWD=/builds/slave/test
  RUNNER_CONFIG_CMD=/opt/runner/bin/python2.7 /opt/runner/bin/runner -c /opt/runner/runner.cfg
  SHELL=/bin/bash
  SSH_AUTH_SOCK=/private/tmp/com.apple.launchd.uR7ouhEFaY/Listeners
  TMPDIR=/var/folders/6m/3ljsrxss0yngbfl5y88_lxk400000w/T/
  TWISTD_LOG_PATH=/builds/slave/twistd.log
  USER=cltbld
  VERSIONER_PYTHON_PREFER_32_BIT=no
  VERSIONER_PYTHON_VERSION=2.7
  XPC_FLAGS=0x0
  XPC_SERVICE_NAME=0
  __CF_USER_TEXT_ENCODING=0x1C:0:0
 using PTY: False
program finished with exit code 0
elapsedTime=0.004970
========= master_lag: 0.04 =========
========= Finished 'rm -f ...' (results: 0, elapsed: 0 secs) (at 2018-06-08 16:56:39.678795) =========

========= Started reboot skipped (results: 3, elapsed: 0 secs) (at 2018-06-08 16:56:39.679113) =========
========= Finished reboot skipped (results: 3, elapsed: 0 secs) (at 2018-06-08 16:56:39.679393) =========

========= Total master_lag: 0.14 =========

