builder: mozilla-esr52_win8_64-debug_test-web-platform-tests-6
slave: t-w864-ix-034
starttime: 1528501897.84
results: cancelled (6)
buildid: 20180608150819
builduid: b298b373e93d4f8dbf92436c9ed838a2
revision: cbfdf01aac455e0591471201c96b89dee98190b5

========= Started set props: master (results: 0, elapsed: 0 secs) (at 2018-06-08 16:51:37.842995) =========
master: http://buildbot-master111.bb.releng.scl3.mozilla.com:8201/
========= Finished set props: master (results: 0, elapsed: 0 secs) (at 2018-06-08 16:51:37.843474) =========

========= Started downloading to buildprops.json (results: 0, elapsed: 0 secs) (at 2018-06-08 16:51:37.843786) =========
========= Finished downloading to buildprops.json (results: 0, elapsed: 0 secs) (at 2018-06-08 16:51:37.922145) =========

========= Started 'bash -c ...' (results: 0, elapsed: 1 secs) (at 2018-06-08 16:51:37.922597) =========
'bash' '-c' 'wget -Oarchiver_client.py --no-check-certificate --tries=10 --waitretry=3 https://hg.mozilla.org/build/tools/raw-file/default/buildfarm/utils/archiver_client.py'
 in dir C:\slave\test\. (timeout 1200 secs)
 watching logfiles {}
 argv: ['bash', '-c', 'wget -Oarchiver_client.py --no-check-certificate --tries=10 --waitretry=3 https://hg.mozilla.org/build/tools/raw-file/default/buildfarm/utils/archiver_client.py']
 environment:
  ALLUSERSPROFILE=C:\ProgramData
  APPDATA=C:\Users\cltbld.T-W864-IX-034.001\AppData\Roaming
  COMMONPROGRAMFILES=C:\Program Files (x86)\Common Files
  COMMONPROGRAMFILES(X86)=C:\Program Files (x86)\Common Files
  COMMONPROGRAMW6432=C:\Program Files\Common Files
  COMPUTERNAME=T-W864-IX-034
  COMSPEC=C:\windows\system32\cmd.exe
  DCLOCATION=SCL3
  DNSSUFFIX=wintest.releng.scl3.mozilla.com
  FP_NO_HOST_CHECK=NO
  HOMEDRIVE=C:
  HOMEPATH=\Users\cltbld.T-W864-IX-034.001
  KTS_HOME=C:\Program Files\KTS
  KTS_VERSION=1.19c
  LOCALAPPDATA=C:\Users\cltbld.T-W864-IX-034.001\AppData\Local
  LOGONSERVER=\\T-W864-IX-034
  MONDIR=C:\Monitor_config\
  MOZBUILDDIR=C:\mozilla-build\
  NUMBER_OF_PROCESSORS=8
  OS=Windows_NT
  OURDRIVE=C:
  PATH=C:\Program Files (x86)\NVIDIA Corporation\PhysX\Common;C:\windows\system32;C:\windows;C:\windows\System32\Wbem;C:\windows\System32\WindowsPowerShell\v1.0\;C:\mozilla-build\python27;C:\mozilla-build\python27\Scripts;C:\mozilla-build\msys\bin;C:\mozilla-build\vim\vim72;C:\mozilla-build\wget;C:\mozilla-build\info-zip;C:\CoreUtils\bin;C:\mozilla-build\buildbotve\scripts;C:\mozilla-build\hg
  PATHEXT=.COM;.EXE;.BAT;.CMD;.VBS;.VBE;.JS;.JSE;.WSF;.WSH;.MSC
  PROCESSOR_ARCHITECTURE=x86
  PROCESSOR_ARCHITEW6432=AMD64
  PROCESSOR_IDENTIFIER=Intel64 Family 6 Model 30 Stepping 5, GenuineIntel
  PROCESSOR_LEVEL=6
  PROCESSOR_REVISION=1e05
  PROGRAMDATA=C:\ProgramData
  PROGRAMFILES=C:\Program Files (x86)
  PROGRAMFILES(X86)=C:\Program Files (x86)
  PROGRAMW6432=C:\Program Files
  PROMPT=$P$G
  PSMODULEPATH=C:\windows\system32\WindowsPowerShell\v1.0\Modules\
  PUBLIC=C:\Users\Public
  PWD=C:\slave\test
  RUNLOGFILE=C:\slave\\runslave.log
  SLAVEDIR=C:\slave\
  SYSTEMDRIVE=C:
  SYSTEMROOT=C:\windows
  TEMP=C:\Users\CLTBLD~1.001\AppData\Local\Temp
  TEST1=testie
  TMP=C:\Users\CLTBLD~1.001\AppData\Local\Temp
  USERDOMAIN=T-W864-IX-034
  USERDOMAIN_ROAMINGPROFILE=T-W864-IX-034
  USERNAME=cltbld
  USERPROFILE=C:\Users\cltbld.T-W864-IX-034.001
  WINDIR=C:\windows
 using PTY: False
--16:51:38--  https://hg.mozilla.org/build/tools/raw-file/default/buildfarm/utils/archiver_client.py
           => `archiver_client.py'
Resolving hg.mozilla.org... 63.245.215.102, 63.245.215.25
Connecting to hg.mozilla.org|63.245.215.102|:443... connected.
WARNING: Certificate verification error for hg.mozilla.org: certificate signature failure
HTTP request sent, awaiting response... 200 Script output follows
Length: 12,179 (12K) [text/x-python]

    0K .......... .                                          100%   20.21 MB/s

16:51:38 (20.21 MB/s) - `archiver_client.py' saved [12179/12179]

program finished with exit code 0
elapsedTime=1.557000
========= master_lag: 0.04 =========
========= Finished 'bash -c ...' (results: 0, elapsed: 1 secs) (at 2018-06-08 16:51:39.521819) =========

========= Started 'rm -rf ...' (results: 0, elapsed: 5 secs) (at 2018-06-08 16:51:39.522160) =========
'rm' '-rf' 'scripts' 'properties'
 in dir C:\slave\test\. (timeout 1200 secs)
 watching logfiles {}
 argv: ['rm', '-rf', 'scripts', 'properties']
 environment:
  ALLUSERSPROFILE=C:\ProgramData
  APPDATA=C:\Users\cltbld.T-W864-IX-034.001\AppData\Roaming
  COMMONPROGRAMFILES=C:\Program Files (x86)\Common Files
  COMMONPROGRAMFILES(X86)=C:\Program Files (x86)\Common Files
  COMMONPROGRAMW6432=C:\Program Files\Common Files
  COMPUTERNAME=T-W864-IX-034
  COMSPEC=C:\windows\system32\cmd.exe
  DCLOCATION=SCL3
  DNSSUFFIX=wintest.releng.scl3.mozilla.com
  FP_NO_HOST_CHECK=NO
  HOMEDRIVE=C:
  HOMEPATH=\Users\cltbld.T-W864-IX-034.001
  KTS_HOME=C:\Program Files\KTS
  KTS_VERSION=1.19c
  LOCALAPPDATA=C:\Users\cltbld.T-W864-IX-034.001\AppData\Local
  LOGONSERVER=\\T-W864-IX-034
  MONDIR=C:\Monitor_config\
  MOZBUILDDIR=C:\mozilla-build\
  NUMBER_OF_PROCESSORS=8
  OS=Windows_NT
  OURDRIVE=C:
  PATH=C:\Program Files (x86)\NVIDIA Corporation\PhysX\Common;C:\windows\system32;C:\windows;C:\windows\System32\Wbem;C:\windows\System32\WindowsPowerShell\v1.0\;C:\mozilla-build\python27;C:\mozilla-build\python27\Scripts;C:\mozilla-build\msys\bin;C:\mozilla-build\vim\vim72;C:\mozilla-build\wget;C:\mozilla-build\info-zip;C:\CoreUtils\bin;C:\mozilla-build\buildbotve\scripts;C:\mozilla-build\hg
  PATHEXT=.COM;.EXE;.BAT;.CMD;.VBS;.VBE;.JS;.JSE;.WSF;.WSH;.MSC
  PROCESSOR_ARCHITECTURE=x86
  PROCESSOR_ARCHITEW6432=AMD64
  PROCESSOR_IDENTIFIER=Intel64 Family 6 Model 30 Stepping 5, GenuineIntel
  PROCESSOR_LEVEL=6
  PROCESSOR_REVISION=1e05
  PROGRAMDATA=C:\ProgramData
  PROGRAMFILES=C:\Program Files (x86)
  PROGRAMFILES(X86)=C:\Program Files (x86)
  PROGRAMW6432=C:\Program Files
  PROMPT=$P$G
  PSMODULEPATH=C:\windows\system32\WindowsPowerShell\v1.0\Modules\
  PUBLIC=C:\Users\Public
  PWD=C:\slave\test
  RUNLOGFILE=C:\slave\\runslave.log
  SLAVEDIR=C:\slave\
  SYSTEMDRIVE=C:
  SYSTEMROOT=C:\windows
  TEMP=C:\Users\CLTBLD~1.001\AppData\Local\Temp
  TEST1=testie
  TMP=C:\Users\CLTBLD~1.001\AppData\Local\Temp
  USERDOMAIN=T-W864-IX-034
  USERDOMAIN_ROAMINGPROFILE=T-W864-IX-034
  USERNAME=cltbld
  USERPROFILE=C:\Users\cltbld.T-W864-IX-034.001
  WINDIR=C:\windows
 using PTY: False
program finished with exit code 0
elapsedTime=5.018000
========= master_lag: 0.00 =========
========= Finished 'rm -rf ...' (results: 0, elapsed: 5 secs) (at 2018-06-08 16:51:44.542124) =========

========= Started 'bash -c ...' (results: 0, elapsed: 1 secs) (at 2018-06-08 16:51:44.542514) =========
'bash' '-c' u'python archiver_client.py mozharness --repo releases/mozilla-esr52 --rev cbfdf01aac455e0591471201c96b89dee98190b5 --destination scripts --debug'
 in dir C:\slave\test\. (timeout 1200 secs)
 watching logfiles {}
 argv: ['bash', '-c', u'python archiver_client.py mozharness --repo releases/mozilla-esr52 --rev cbfdf01aac455e0591471201c96b89dee98190b5 --destination scripts --debug']
 environment:
  ALLUSERSPROFILE=C:\ProgramData
  APPDATA=C:\Users\cltbld.T-W864-IX-034.001\AppData\Roaming
  COMMONPROGRAMFILES=C:\Program Files (x86)\Common Files
  COMMONPROGRAMFILES(X86)=C:\Program Files (x86)\Common Files
  COMMONPROGRAMW6432=C:\Program Files\Common Files
  COMPUTERNAME=T-W864-IX-034
  COMSPEC=C:\windows\system32\cmd.exe
  DCLOCATION=SCL3
  DNSSUFFIX=wintest.releng.scl3.mozilla.com
  FP_NO_HOST_CHECK=NO
  HOMEDRIVE=C:
  HOMEPATH=\Users\cltbld.T-W864-IX-034.001
  KTS_HOME=C:\Program Files\KTS
  KTS_VERSION=1.19c
  LOCALAPPDATA=C:\Users\cltbld.T-W864-IX-034.001\AppData\Local
  LOGONSERVER=\\T-W864-IX-034
  MONDIR=C:\Monitor_config\
  MOZBUILDDIR=C:\mozilla-build\
  NUMBER_OF_PROCESSORS=8
  OS=Windows_NT
  OURDRIVE=C:
  PATH=C:\Program Files (x86)\NVIDIA Corporation\PhysX\Common;C:\windows\system32;C:\windows;C:\windows\System32\Wbem;C:\windows\System32\WindowsPowerShell\v1.0\;C:\mozilla-build\python27;C:\mozilla-build\python27\Scripts;C:\mozilla-build\msys\bin;C:\mozilla-build\vim\vim72;C:\mozilla-build\wget;C:\mozilla-build\info-zip;C:\CoreUtils\bin;C:\mozilla-build\buildbotve\scripts;C:\mozilla-build\hg
  PATHEXT=.COM;.EXE;.BAT;.CMD;.VBS;.VBE;.JS;.JSE;.WSF;.WSH;.MSC
  PROCESSOR_ARCHITECTURE=x86
  PROCESSOR_ARCHITEW6432=AMD64
  PROCESSOR_IDENTIFIER=Intel64 Family 6 Model 30 Stepping 5, GenuineIntel
  PROCESSOR_LEVEL=6
  PROCESSOR_REVISION=1e05
  PROGRAMDATA=C:\ProgramData
  PROGRAMFILES=C:\Program Files (x86)
  PROGRAMFILES(X86)=C:\Program Files (x86)
  PROGRAMW6432=C:\Program Files
  PROMPT=$P$G
  PSMODULEPATH=C:\windows\system32\WindowsPowerShell\v1.0\Modules\
  PUBLIC=C:\Users\Public
  PWD=C:\slave\test
  RUNLOGFILE=C:\slave\\runslave.log
  SLAVEDIR=C:\slave\
  SYSTEMDRIVE=C:
  SYSTEMROOT=C:\windows
  TEMP=C:\Users\CLTBLD~1.001\AppData\Local\Temp
  TEST1=testie
  TMP=C:\Users\CLTBLD~1.001\AppData\Local\Temp
  USERDOMAIN=T-W864-IX-034
  USERDOMAIN_ROAMINGPROFILE=T-W864-IX-034
  USERNAME=cltbld
  USERPROFILE=C:\Users\cltbld.T-W864-IX-034.001
  WINDIR=C:\windows
 using PTY: False
2018-06-08 16:51:44,525 truncating revision to first 12 chars
2018-06-08 16:51:44,525 Setting DEBUG logging.
2018-06-08 16:51:44,525 attempt 1/10
2018-06-08 16:51:44,525 Getting archive location from https://api.pub.build.mozilla.org/archiver/hgmo/releases/mozilla-esr52/cbfdf01aac45?&preferred_region=us-west-2&suffix=tar.gz&subdir=testing/mozharness
2018-06-08 16:51:45,029 unpacking tar archive at: mozilla-esr52-cbfdf01aac45/testing/mozharness/
2018-06-08 16:51:45,453 skipping symlink on windows: configs/single_locale/linux32.py
program finished with exit code 0
elapsedTime=1.834000
========= master_lag: 0.06 =========
========= Finished 'bash -c ...' (results: 0, elapsed: 1 secs) (at 2018-06-08 16:51:46.438578) =========

========= Started set props: script_repo_revision (results: 0, elapsed: 0 secs) (at 2018-06-08 16:51:46.438911) =========
script_repo_revision: cbfdf01aac455e0591471201c96b89dee98190b5
========= Finished set props: script_repo_revision (results: 0, elapsed: 0 secs) (at 2018-06-08 16:51:46.439321) =========

========= Started downloading to oauth.txt (results: 0, elapsed: 0 secs) (at 2018-06-08 16:51:46.439622) =========
========= Finished downloading to oauth.txt (results: 0, elapsed: 0 secs) (at 2018-06-08 16:51:46.448016) =========

========= Started 'c:/mozilla-build/python27/python -u ...' interrupted (results: 4, elapsed: 5 mins, 51 secs) (at 2018-06-08 16:51:46.448317) =========
'c:/mozilla-build/python27/python' '-u' 'scripts/scripts/web_platform_tests.py' '--cfg' 'web_platform_tests/prod_config_windows.py' '--test-type=testharness' '--total-chunks' '10' '--this-chunk' '6' '--blob-upload-branch' 'mozilla-esr52' '--download-symbols' 'true'
 in dir C:\slave\test\. (timeout 1800 secs) (maxTime 7200 secs)
 watching logfiles {}
 argv: ['c:/mozilla-build/python27/python', '-u', 'scripts/scripts/web_platform_tests.py', '--cfg', 'web_platform_tests/prod_config_windows.py', '--test-type=testharness', '--total-chunks', '10', '--this-chunk', '6', '--blob-upload-branch', 'mozilla-esr52', '--download-symbols', 'true']
 environment:
  ALLUSERSPROFILE=C:\ProgramData
  APPDATA=C:\Users\cltbld.T-W864-IX-034.001\AppData\Roaming
  COMMONPROGRAMFILES=C:\Program Files (x86)\Common Files
  COMMONPROGRAMFILES(X86)=C:\Program Files (x86)\Common Files
  COMMONPROGRAMW6432=C:\Program Files\Common Files
  COMPUTERNAME=T-W864-IX-034
  COMSPEC=C:\windows\system32\cmd.exe
  DCLOCATION=SCL3
  DNSSUFFIX=wintest.releng.scl3.mozilla.com
  FP_NO_HOST_CHECK=NO
  HOMEDRIVE=C:
  HOMEPATH=\Users\cltbld.T-W864-IX-034.001
  KTS_HOME=C:\Program Files\KTS
  KTS_VERSION=1.19c
  LOCALAPPDATA=C:\Users\cltbld.T-W864-IX-034.001\AppData\Local
  LOGONSERVER=\\T-W864-IX-034
  MONDIR=C:\Monitor_config\
  MOZBUILDDIR=C:\mozilla-build\
  MOZ_CRASHREPORTER_NO_REPORT=1
  MOZ_HIDE_RESULTS_TABLE=1
  MOZ_NO_REMOTE=1
  NO_EM_RESTART=1
  NO_FAIL_ON_TEST_ERRORS=1
  NUMBER_OF_PROCESSORS=8
  OS=Windows_NT
  OURDRIVE=C:
  PATH=C:\Program Files (x86)\NVIDIA Corporation\PhysX\Common;C:\windows\system32;C:\windows;C:\windows\System32\Wbem;C:\windows\System32\WindowsPowerShell\v1.0\;C:\mozilla-build\python27;C:\mozilla-build\python27\Scripts;C:\mozilla-build\msys\bin;C:\mozilla-build\vim\vim72;C:\mozilla-build\wget;C:\mozilla-build\info-zip;C:\CoreUtils\bin;C:\mozilla-build\buildbotve\scripts;C:\mozilla-build\hg
  PATHEXT=.COM;.EXE;.BAT;.CMD;.VBS;.VBE;.JS;.JSE;.WSF;.WSH;.MSC
  PROCESSOR_ARCHITECTURE=x86
  PROCESSOR_ARCHITEW6432=AMD64
  PROCESSOR_IDENTIFIER=Intel64 Family 6 Model 30 Stepping 5, GenuineIntel
  PROCESSOR_LEVEL=6
  PROCESSOR_REVISION=1e05
  PROGRAMDATA=C:\ProgramData
  PROGRAMFILES=C:\Program Files (x86)
  PROGRAMFILES(X86)=C:\Program Files (x86)
  PROGRAMW6432=C:\Program Files
  PROMPT=$P$G
  PROPERTIES_FILE=C:\slave\test/buildprops.json
  PSMODULEPATH=C:\windows\system32\WindowsPowerShell\v1.0\Modules\
  PUBLIC=C:\Users\Public
  PWD=C:\slave\test
  RUNLOGFILE=C:\slave\\runslave.log
  SLAVEDIR=C:\slave\
  SYSTEMDRIVE=C:
  SYSTEMROOT=C:\windows
  TEMP=C:\Users\CLTBLD~1.001\AppData\Local\Temp
  TEST1=testie
  TMP=C:\Users\CLTBLD~1.001\AppData\Local\Temp
  USERDOMAIN=T-W864-IX-034
  USERDOMAIN_ROAMINGPROFILE=T-W864-IX-034
  USERNAME=cltbld
  USERPROFILE=C:\Users\cltbld.T-W864-IX-034.001
  WINDIR=C:\windows
  XPCOM_DEBUG_BREAK=warn
 using PTY: False
16:51:46     INFO - MultiFileLogger online at 20180608 16:51:46 in C:\slave\test
16:51:46     INFO - Run as scripts/scripts/web_platform_tests.py --cfg web_platform_tests/prod_config_windows.py --test-type=testharness --total-chunks 10 --this-chunk 6 --blob-upload-branch mozilla-esr52 --download-symbols true
16:51:46     INFO - Dumping config to C:\slave\test\logs\localconfig.json.
16:51:46     INFO - {'allow_software_gl_layers': False,
16:51:46     INFO -  'append_to_log': False,
16:51:46     INFO -  'base_work_dir': 'C:\\slave\\test',
16:51:46     INFO -  'blob_upload_branch': 'mozilla-esr52',
16:51:46     INFO -  'blob_uploader_auth_file': 'C:\\slave\\test\\oauth.txt',
16:51:46     INFO -  'buildbot_json_path': 'buildprops.json',
16:51:46     INFO -  'config_files': ('web_platform_tests/prod_config_windows.py',),
16:51:46     INFO -  'default_blob_upload_servers': ('https://blobupload.elasticbeanstalk.com',),
16:51:46     INFO -  'download_minidump_stackwalk': True,
16:51:46     INFO -  'download_symbols': 'true',
16:51:46     INFO -  'e10s': False,
16:51:46     INFO -  'exes': {'hg': 'c:/mozilla-build/hg/hg',
16:51:46     INFO -           'mozinstall': ('C:\\slave\\test/build/venv/scripts/python',
16:51:46     INFO -                          'C:\\slave\\test/build/venv/scripts/mozinstall-script.py'),
16:51:46     INFO -           'python': 'c:\\mozilla-build\\python27\\python.exe',
16:51:46     INFO -           'tooltool.py': ('c:\\mozilla-build\\python27\\python.exe',
16:51:46     INFO -                           'C:/mozilla-build/tooltool.py'),
16:51:46     INFO -           'virtualenv': ('c:\\mozilla-build\\python27\\python.exe',
16:51:46     INFO -                          'c:/mozilla-build/buildbotve/virtualenv.py')},
16:51:46     INFO -  'find_links': ('http://pypi.pvt.build.mozilla.org/pub',
16:51:46     INFO -                 'http://pypi.pub.build.mozilla.org/pub'),
16:51:46     INFO -  'log_level': 'info',
16:51:46     INFO -  'log_to_console': True,
16:51:46     INFO -  'opt_config_files': (),
16:51:46     INFO -  'options': ('--prefs-root=%(test_path)s/prefs',
16:51:46     INFO -              '--processes=1',
16:51:46     INFO -              '--config=%(test_path)s/wptrunner.ini',
16:51:46     INFO -              '--ca-cert-path=%(test_path)s/certs/cacert.pem',
16:51:46     INFO -              '--host-key-path=%(test_path)s/certs/web-platform.test.key',
16:51:46     INFO -              '--host-cert-path=%(test_path)s/certs/web-platform.test.pem',
16:51:46     INFO -              '--certutil-binary=%(test_install_path)s/bin/certutil'),
16:51:46     INFO -  'pip_index': False,
16:51:46     INFO -  'require_test_zip': True,
16:51:46     INFO -  'test_type': ('testharness',),
16:51:46     INFO -  'this_chunk': '6',
16:51:46     INFO -  'total_chunks': '10',
16:51:46     INFO -  'virtualenv_path': 'venv',
16:51:46     INFO -  'volatile_config': {'actions': None, 'add_actions': None, 'no_actions': None},
16:51:46     INFO -  'work_dir': 'build'}
16:51:46     INFO - [mozharness: 2018-06-08 23:51:46.461000Z] Running clobber step.
16:51:46     INFO - Running pre-action listener: _resource_record_pre_action
16:51:46     INFO - Running main action method: clobber
16:51:46     INFO - rmtree: C:\slave\test\build
16:51:46     INFO - Using _rmtree_windows ...
16:51:46     INFO - retry: Calling _rmtree_windows with args: ('C:\\slave\\test\\build',), kwargs: {}, attempt #1
16:54:22     INFO - Running post-action listener: _resource_record_post_action
16:54:22     INFO - [mozharness: 2018-06-08 23:54:22.713000Z] Finished clobber step (success)
16:54:22     INFO - [mozharness: 2018-06-08 23:54:22.713000Z] Running read-buildbot-config step.
16:54:22     INFO - Running pre-action listener: _resource_record_pre_action
16:54:22     INFO - Running main action method: read_buildbot_config
16:54:22     INFO - Using buildbot properties:
16:54:22     INFO - {
16:54:22     INFO -     "project": "", 
16:54:22     INFO -     "product": "firefox", 
16:54:22     INFO -     "script_repo_revision": "production", 
16:54:22     INFO -     "scheduler": "tests-mozilla-esr52-win8_64-debug-unittest", 
16:54:22     INFO -     "repository": "", 
16:54:22     INFO -     "buildername": "Windows 8 64-bit mozilla-esr52 debug test web-platform-tests-6", 
16:54:22     INFO -     "buildid": "20180608150819", 
16:54:22     INFO -     "pgo_build": "False", 
16:54:22     INFO -     "basedir": "C:\\slave\\test", 
16:54:22     INFO -     "buildnumber": 15, 
16:54:22     INFO -     "slavename": "t-w864-ix-034", 
16:54:22     INFO -     "revision": "cbfdf01aac455e0591471201c96b89dee98190b5", 
16:54:22     INFO -     "master": "http://buildbot-master111.bb.releng.scl3.mozilla.com:8201/", 
16:54:22     INFO -     "platform": "win64", 
16:54:22     INFO -     "branch": "mozilla-esr52", 
16:54:22     INFO -     "repo_path": "releases/mozilla-esr52", 
16:54:22     INFO -     "moz_repo_path": "", 
16:54:22     INFO -     "stage_platform": "win64", 
16:54:22     INFO -     "builduid": "b298b373e93d4f8dbf92436c9ed838a2", 
16:54:22     INFO -     "slavebuilddir": "test"
16:54:22     INFO - }
16:54:22     INFO - Found a test packages url https://queue.taskcluster.net/v1/task/GYm6uScDR968YNKAqw8dYQ/artifacts/public/build/firefox-52.8.2.en-US.win64.test_packages.json.
16:54:22     INFO - Found installer url https://queue.taskcluster.net/v1/task/GYm6uScDR968YNKAqw8dYQ/artifacts/public/build/firefox-52.8.2.en-US.win64.zip.
16:54:22     INFO - Running post-action listener: _resource_record_post_action
16:54:22     INFO - [mozharness: 2018-06-08 23:54:22.717000Z] Finished read-buildbot-config step (success)
16:54:22     INFO - [mozharness: 2018-06-08 23:54:22.717000Z] Running download-and-extract step.
16:54:22     INFO - Running pre-action listener: _resource_record_pre_action
16:54:22     INFO - Running main action method: download_and_extract
16:54:22     INFO - mkdir: C:\slave\test\build\tests
16:54:22     INFO - Downloading https://queue.taskcluster.net/v1/task/GYm6uScDR968YNKAqw8dYQ/artifacts/public/build/firefox-52.8.2.en-US.win64.test_packages.json to C:\slave\test\build\firefox-52.8.2.en-US.win64.test_packages.json
16:54:22     INFO - retry: Calling _download_file with args: (), kwargs: {'url': 'https://queue.taskcluster.net/v1/task/GYm6uScDR968YNKAqw8dYQ/artifacts/public/build/firefox-52.8.2.en-US.win64.test_packages.json', 'file_name': 'C:\\slave\\test\\build\\firefox-52.8.2.en-US.win64.test_packages.json'}, attempt #1
16:54:23     INFO - Downloaded 1274 bytes.
16:54:23     INFO - Reading from file C:\slave\test\build\firefox-52.8.2.en-US.win64.test_packages.json
16:54:23     INFO - Using the following test package requirements:
16:54:23     INFO - {u'common': [u'firefox-52.8.2.en-US.win64.common.tests.zip'],
16:54:23     INFO -  u'cppunittest': [u'firefox-52.8.2.en-US.win64.common.tests.zip',
16:54:23     INFO -                   u'firefox-52.8.2.en-US.win64.cppunittest.tests.zip'],
16:54:23     INFO -  u'gtest': [u'firefox-52.8.2.en-US.win64.common.tests.zip',
16:54:23     INFO -             u'firefox-52.8.2.en-US.win64.gtest.tests.zip'],
16:54:23     INFO -  u'jittest': [u'firefox-52.8.2.en-US.win64.common.tests.zip',
16:54:23     INFO -               u'jsshell-win64.zip'],
16:54:23     INFO -  u'mochitest': [u'firefox-52.8.2.en-US.win64.common.tests.zip',
16:54:23     INFO -                 u'firefox-52.8.2.en-US.win64.mochitest.tests.zip'],
16:54:23     INFO -  u'mozbase': [u'firefox-52.8.2.en-US.win64.common.tests.zip'],
16:54:23     INFO -  u'reftest': [u'firefox-52.8.2.en-US.win64.common.tests.zip',
16:54:23     INFO -               u'firefox-52.8.2.en-US.win64.reftest.tests.zip'],
16:54:23     INFO -  u'talos': [u'firefox-52.8.2.en-US.win64.common.tests.zip',
16:54:23     INFO -             u'firefox-52.8.2.en-US.win64.talos.tests.zip'],
16:54:23     INFO -  u'web-platform': [u'firefox-52.8.2.en-US.win64.common.tests.zip',
16:54:23     INFO -                    u'firefox-52.8.2.en-US.win64.web-platform.tests.zip'],
16:54:23     INFO -  u'xpcshell': [u'firefox-52.8.2.en-US.win64.common.tests.zip',
16:54:23     INFO -                u'firefox-52.8.2.en-US.win64.xpcshell.tests.zip']}
16:54:23     INFO - Downloading packages: [u'firefox-52.8.2.en-US.win64.common.tests.zip', u'firefox-52.8.2.en-US.win64.web-platform.tests.zip'] for test suite category: web-platform
16:54:23     INFO - Adding 'mach' for extraction from common.tests zip file
16:54:23     INFO - Adding 'mozinfo.json' for extraction from common.tests zip file
16:54:23     INFO - Downloading and extracting to C:\slave\test\build\tests these dirs bin/*, config/*, mozbase/*, marionette/*, tools/wptserve/*, web-platform/*, mach, mozinfo.json from https://queue.taskcluster.net/v1/task/GYm6uScDR968YNKAqw8dYQ/artifacts/public/build/firefox-52.8.2.en-US.win64.common.tests.zip
16:54:23     INFO - retry: Calling fetch_url_into_memory with args: (), kwargs: {'url': u'https://queue.taskcluster.net/v1/task/GYm6uScDR968YNKAqw8dYQ/artifacts/public/build/firefox-52.8.2.en-US.win64.common.tests.zip'}, attempt #1
16:54:23     INFO - Fetch https://queue.taskcluster.net/v1/task/GYm6uScDR968YNKAqw8dYQ/artifacts/public/build/firefox-52.8.2.en-US.win64.common.tests.zip into memory
16:54:24     INFO - Http code: 200
16:54:24     INFO - via: 1.1 75d3bdff1b8eb2920f04077d77f16ca0.cloudfront.net (CloudFront)
16:54:24     INFO - x-amz-cf-id: clWlA-46pcRa3wzkc7captgDp3mKLMBhCN_ULb-ia7B7zJSUycP5Ug==
16:54:24     INFO - x-amz-version-id: GXeUmcedjVSRuTwtJsxXIwtE5wM89o3K
16:54:24     INFO - Expected file size: 19457836
16:54:24     INFO - Obtained file size: 19457836
16:54:25     INFO - Downloading and extracting to C:\slave\test\build\tests these dirs bin/*, config/*, mozbase/*, marionette/*, tools/wptserve/*, web-platform/*, mach, mozinfo.json from https://queue.taskcluster.net/v1/task/GYm6uScDR968YNKAqw8dYQ/artifacts/public/build/firefox-52.8.2.en-US.win64.web-platform.tests.zip
16:54:25     INFO - retry: Calling fetch_url_into_memory with args: (), kwargs: {'url': u'https://queue.taskcluster.net/v1/task/GYm6uScDR968YNKAqw8dYQ/artifacts/public/build/firefox-52.8.2.en-US.win64.web-platform.tests.zip'}, attempt #1
16:54:25     INFO - Fetch https://queue.taskcluster.net/v1/task/GYm6uScDR968YNKAqw8dYQ/artifacts/public/build/firefox-52.8.2.en-US.win64.web-platform.tests.zip into memory
16:54:25     INFO - Http code: 200
16:54:25     INFO - via: 1.1 6be093c16fa776bbd432bbe9bd03f6af.cloudfront.net (CloudFront)
16:54:25     INFO - x-amz-cf-id: tEuSUoWpRN1oqIEh-zlwKaE4OKGnkyWn6QV0XJ1p9SLY05jfVQ5qhw==
16:54:25     INFO - x-amz-version-id: t8LUDMRalAINifNMDsPl_7YYsyRq5l0j
16:54:26     INFO - Expected file size: 43270029
16:54:26     INFO - Obtained file size: 43270029
16:55:04     INFO - Downloading https://queue.taskcluster.net/v1/task/GYm6uScDR968YNKAqw8dYQ/artifacts/public/build/firefox-52.8.2.en-US.win64.zip to C:\slave\test\build\firefox-52.8.2.en-US.win64.zip
16:55:04     INFO - retry: Calling _download_file with args: (), kwargs: {'url': 'https://queue.taskcluster.net/v1/task/GYm6uScDR968YNKAqw8dYQ/artifacts/public/build/firefox-52.8.2.en-US.win64.zip', 'file_name': 'C:\\slave\\test\\build\\firefox-52.8.2.en-US.win64.zip'}, attempt #1
16:55:06     INFO - Downloaded 80512976 bytes.
16:55:06     INFO - Setting buildbot property build_url to https://queue.taskcluster.net/v1/task/GYm6uScDR968YNKAqw8dYQ/artifacts/public/build/firefox-52.8.2.en-US.win64.zip
16:55:06     INFO - mkdir: C:\slave\test\properties
16:55:06     INFO - Writing buildbot properties ['build_url'] to C:\slave\test\properties\build_url
16:55:06     INFO - Writing to file C:\slave\test\properties\build_url
16:55:06     INFO - Contents:
16:55:06     INFO -  build_url:https://queue.taskcluster.net/v1/task/GYm6uScDR968YNKAqw8dYQ/artifacts/public/build/firefox-52.8.2.en-US.win64.zip
16:55:06     INFO - retry: Calling query_symbols_url with args: (), kwargs: {'raise_on_failure': True}, attempt #1
16:55:06     INFO - Setting buildbot property symbols_url to https://queue.taskcluster.net/v1/task/GYm6uScDR968YNKAqw8dYQ/artifacts/public/build/firefox-52.8.2.en-US.win64.crashreporter-symbols.zip
16:55:06     INFO - Writing buildbot properties ['symbols_url'] to C:\slave\test\properties\symbols_url
16:55:06     INFO - Writing to file C:\slave\test\properties\symbols_url
16:55:06     INFO - Contents:
16:55:06     INFO -  symbols_url:https://queue.taskcluster.net/v1/task/GYm6uScDR968YNKAqw8dYQ/artifacts/public/build/firefox-52.8.2.en-US.win64.crashreporter-symbols.zip
16:55:06     INFO - Downloading and extracting to C:\slave\test\build\symbols these dirs * from https://queue.taskcluster.net/v1/task/GYm6uScDR968YNKAqw8dYQ/artifacts/public/build/firefox-52.8.2.en-US.win64.crashreporter-symbols.zip
16:55:06     INFO - retry: Calling fetch_url_into_memory with args: (), kwargs: {'url': 'https://queue.taskcluster.net/v1/task/GYm6uScDR968YNKAqw8dYQ/artifacts/public/build/firefox-52.8.2.en-US.win64.crashreporter-symbols.zip'}, attempt #1
16:55:06     INFO - Fetch https://queue.taskcluster.net/v1/task/GYm6uScDR968YNKAqw8dYQ/artifacts/public/build/firefox-52.8.2.en-US.win64.crashreporter-symbols.zip into memory
16:55:07     INFO - Http code: 200
16:55:07     INFO - via: 1.1 dc553909528b8b63475c922dc07d8ba6.cloudfront.net (CloudFront)
16:55:07     INFO - x-amz-cf-id: V6rdy4UeFk5ntJX1gqXybg0kLAprqGLUOHl55zFImuLfAMLVnYbuXQ==
16:55:07     INFO - x-amz-version-id: ulFZQ.LhR2x4mniqg2Yz5MgvXQwj83dP
16:55:08     INFO - Expected file size: 55003726
16:55:08     INFO - Obtained file size: 55003726
16:55:13     INFO - Running post-action listener: _resource_record_post_action
16:55:13     INFO - Running post-action listener: set_extra_try_arguments
16:55:13     INFO - [mozharness: 2018-06-08 23:55:13.351000Z] Finished download-and-extract step (success)
16:55:13     INFO - [mozharness: 2018-06-08 23:55:13.351000Z] Running fetch-geckodriver step.
16:55:13     INFO - Running pre-action listener: _resource_record_pre_action
16:55:13     INFO - Running main action method: fetch_geckodriver
16:55:13     INFO - Running post-action listener: _resource_record_post_action
16:55:13     INFO - [mozharness: 2018-06-08 23:55:13.351000Z] Finished fetch-geckodriver step (success)
16:55:13     INFO - [mozharness: 2018-06-08 23:55:13.352000Z] Running create-virtualenv step.
16:55:13     INFO - Running pre-action listener: _pre_create_virtualenv
16:55:13     INFO - Running pre-action listener: _resource_record_pre_action
16:55:13     INFO - Running main action method: create_virtualenv
16:55:13     INFO - Creating virtualenv C:\slave\test\build\venv
16:55:13     INFO - Running command: ['c:\\mozilla-build\\python27\\python.exe', 'C:\\slave\\test\\scripts\\external_tools\\virtualenv\\virtualenv.py', '--always-copy', 'C:\\slave\\test\\build\\venv'] in C:\slave\test\build
16:55:13     INFO - Copy/paste: c:\mozilla-build\python27\python.exe C:\slave\test\scripts\external_tools\virtualenv\virtualenv.py --always-copy C:\slave\test\build\venv
16:55:13     INFO - Using partial env: {'VIRTUALENV_NO_DOWNLOAD': '1'}
16:55:17     INFO -  New python executable in C:\slave\test\build\venv\Scripts\python.exe
16:55:30     INFO -  Installing setuptools, pip, wheel...done.
16:55:30     INFO - Return code: 0
16:55:30     INFO - Installing psutil>=3.1.1 into virtualenv C:\slave\test\build\venv
16:55:30     INFO - retry: Calling run_command with args: [['C:\\slave\\test\\build\\venv\\Scripts\\pip', 'install', '--timeout', '120', '--no-index', '--find-links', 'http://pypi.pvt.build.mozilla.org/pub', '--find-links', 'http://pypi.pub.build.mozilla.org/pub', '--trusted-host', 'pypi.pub.build.mozilla.org', '--trusted-host', 'pypi.pvt.build.mozilla.org', 'psutil>=3.1.1']], kwargs: {'error_level': 'warning', 'error_list': [{'substr': 'not found or a compiler error:', 'level': 'warning'}, {'regex': <_sre.SRE_Pattern object at 0x0258F250>, 'level': 'error'}, {'regex': <_sre.SRE_Pattern object at 0x025A3188>, 'level': 'warning'}, {'regex': <_sre.SRE_Pattern object at 0x025CD760>, 'level': 'debug'}, {'substr': 'command not found', 'level': 'error'}, {'regex': <_sre.SRE_Pattern object at 0x004A8DE8>, 'level': 'warning'}, {'substr': 'Traceback (most recent call last)', 'level': 'error'}, {'substr': 'SyntaxError: ', 'level': 'error'}, {'substr': 'TypeError: ', 'level': 'error'}, {'substr': 'NameError: ', 'level': 'error'}, {'substr': 'ZeroDivisionError: ', 'level': 'error'}, {'regex': <_sre.SRE_Pattern object at 0x0250F230>, 'level': 'critical'}, {'regex': <_sre.SRE_Pattern object at 0x02597520>, 'level': 'critical'}], 'cwd': 'C:\\slave\\test\\build', 'env': {'TMP': 'C:\\Users\\CLTBLD~1.001\\AppData\\Local\\Temp', 'TEST1': 'testie', 'COMPUTERNAME': 'T-W864-IX-034', 'USERDOMAIN': 'T-W864-IX-034', 'KTS_VERSION': '1.19c', 'PSMODULEPATH': 'C:\\windows\\system32\\WindowsPowerShell\\v1.0\\Modules\\', 'COMMONPROGRAMFILES': 'C:\\Program Files (x86)\\Common Files', 'PROCESSOR_IDENTIFIER': 'Intel64 Family 6 Model 30 Stepping 5, GenuineIntel', 'PROGRAMFILES': 'C:\\Program Files (x86)', 'PROCESSOR_REVISION': '1e05', 'DNSSUFFIX': 'wintest.releng.scl3.mozilla.com', 'SYSTEMROOT': 'C:\\windows', 'NO_EM_RESTART': '1', 'PROGRAMFILES(X86)': 'C:\\Program Files (x86)', 'OURDRIVE': 'C:', 'MOZ_HIDE_RESULTS_TABLE': '1', 'XPCOM_DEBUG_BREAK': 'warn', 'MONDIR': 'C:\\Monitor_config\\', 'TEMP': 'C:\\Users\\CLTBLD~1.001\\AppData\\Local\\Temp', 'COMMONPROGRAMFILES(X86)': 'C:\\Program Files (x86)\\Common Files', 'RUNLOGFILE': 'C:\\slave\\\\runslave.log', 'PROCESSOR_ARCHITECTURE': 'x86', 'ALLUSERSPROFILE': 'C:\\ProgramData', 'USERPROFILE': 'C:\\Users\\cltbld.T-W864-IX-034.001', 'LOCALAPPDATA': 'C:\\Users\\cltbld.T-W864-IX-034.001\\AppData\\Local', 'HOMEPATH': '\\Users\\cltbld.T-W864-IX-034.001', 'USERDOMAIN_ROAMINGPROFILE': 'T-W864-IX-034', 'MOZBUILDDIR': 'C:\\mozilla-build\\', 'PROGRAMW6432': 'C:\\Program Files', 'USERNAME': 'cltbld', 'LOGONSERVER': '\\\\T-W864-IX-034', 'MOZ_NO_REMOTE': '1', 'COMSPEC': 'C:\\windows\\system32\\cmd.exe', 'PROGRAMDATA': 'C:\\ProgramData', 'PROPERTIES_FILE': 'C:\\slave\\test/buildprops.json', 'PATH': 'C:\\Program Files (x86)\\NVIDIA Corporation\\PhysX\\Common;C:\\windows\\system32;C:\\windows;C:\\windows\\System32\\Wbem;C:\\windows\\System32\\WindowsPowerShell\\v1.0\\;C:\\mozilla-build\\python27;C:\\mozilla-build\\python27\\Scripts;C:\\mozilla-build\\msys\\bin;C:\\mozilla-build\\vim\\vim72;C:\\mozilla-build\\wget;C:\\mozilla-build\\info-zip;C:\\CoreUtils\\bin;C:\\mozilla-build\\buildbotve\\scripts;C:\\mozilla-build\\hg', 'PROMPT': '$P$G', 'NO_FAIL_ON_TEST_ERRORS': '1', 'PATHEXT': '.COM;.EXE;.BAT;.CMD;.VBS;.VBE;.JS;.JSE;.WSF;.WSH;.MSC', 'FP_NO_HOST_CHECK': 'NO', 'DCLOCATION': 'SCL3', 'APPDATA': 'C:\\Users\\cltbld.T-W864-IX-034.001\\AppData\\Roaming', 'HOMEDRIVE': 'C:', 'SYSTEMDRIVE': 'C:', 'SLAVEDIR': 'C:\\slave\\', 'NUMBER_OF_PROCESSORS': '8', 'PWD': 'C:\\slave\\test', 'PROCESSOR_LEVEL': '6', 'KTS_HOME': 'C:\\Program Files\\KTS', 'PROCESSOR_ARCHITEW6432': 'AMD64', 'MOZ_CRASHREPORTER_NO_REPORT': '1', 'COMMONPROGRAMW6432': 'C:\\Program Files\\Common Files', 'OS': 'Windows_NT', 'PUBLIC': 'C:\\Users\\Public', 'WINDIR': 'C:\\windows'}}, attempt #1
16:55:30     INFO - Running command: ['C:\\slave\\test\\build\\venv\\Scripts\\pip', 'install', '--timeout', '120', '--no-index', '--find-links', 'http://pypi.pvt.build.mozilla.org/pub', '--find-links', 'http://pypi.pub.build.mozilla.org/pub', '--trusted-host', 'pypi.pub.build.mozilla.org', '--trusted-host', 'pypi.pvt.build.mozilla.org', 'psutil>=3.1.1'] in C:\slave\test\build
16:55:30     INFO - Copy/paste: C:\slave\test\build\venv\Scripts\pip install --timeout 120 --no-index --find-links http://pypi.pvt.build.mozilla.org/pub --find-links http://pypi.pub.build.mozilla.org/pub --trusted-host pypi.pub.build.mozilla.org --trusted-host pypi.pvt.build.mozilla.org psutil>=3.1.1
16:55:30     INFO - Using env: {'ALLUSERSPROFILE': 'C:\\ProgramData',
16:55:30     INFO -  'APPDATA': 'C:\\Users\\cltbld.T-W864-IX-034.001\\AppData\\Roaming',
16:55:30     INFO -  'COMMONPROGRAMFILES': 'C:\\Program Files (x86)\\Common Files',
16:55:30     INFO -  'COMMONPROGRAMFILES(X86)': 'C:\\Program Files (x86)\\Common Files',
16:55:30     INFO -  'COMMONPROGRAMW6432': 'C:\\Program Files\\Common Files',
16:55:30     INFO -  'COMPUTERNAME': 'T-W864-IX-034',
16:55:30     INFO -  'COMSPEC': 'C:\\windows\\system32\\cmd.exe',
16:55:30     INFO -  'DCLOCATION': 'SCL3',
16:55:30     INFO -  'DNSSUFFIX': 'wintest.releng.scl3.mozilla.com',
16:55:30     INFO -  'FP_NO_HOST_CHECK': 'NO',
16:55:30     INFO -  'HOMEDRIVE': 'C:',
16:55:30     INFO -  'HOMEPATH': '\\Users\\cltbld.T-W864-IX-034.001',
16:55:30     INFO -  'KTS_HOME': 'C:\\Program Files\\KTS',
16:55:30     INFO -  'KTS_VERSION': '1.19c',
16:55:30     INFO -  'LOCALAPPDATA': 'C:\\Users\\cltbld.T-W864-IX-034.001\\AppData\\Local',
16:55:30     INFO -  'LOGONSERVER': '\\\\T-W864-IX-034',
16:55:30     INFO -  'MONDIR': 'C:\\Monitor_config\\',
16:55:30     INFO -  'MOZBUILDDIR': 'C:\\mozilla-build\\',
16:55:30     INFO -  'MOZ_CRASHREPORTER_NO_REPORT': '1',
16:55:30     INFO -  'MOZ_HIDE_RESULTS_TABLE': '1',
16:55:30     INFO -  'MOZ_NO_REMOTE': '1',
16:55:30     INFO -  'NO_EM_RESTART': '1',
16:55:30     INFO -  'NO_FAIL_ON_TEST_ERRORS': '1',
16:55:30     INFO -  'NUMBER_OF_PROCESSORS': '8',
16:55:30     INFO -  'OS': 'Windows_NT',
16:55:30     INFO -  'OURDRIVE': 'C:',
16:55:30     INFO -  'PATH': 'C:\\Program Files (x86)\\NVIDIA Corporation\\PhysX\\Common;C:\\windows\\system32;C:\\windows;C:\\windows\\System32\\Wbem;C:\\windows\\System32\\WindowsPowerShell\\v1.0\\;C:\\mozilla-build\\python27;C:\\mozilla-build\\python27\\Scripts;C:\\mozilla-build\\msys\\bin;C:\\mozilla-build\\vim\\vim72;C:\\mozilla-build\\wget;C:\\mozilla-build\\info-zip;C:\\CoreUtils\\bin;C:\\mozilla-build\\buildbotve\\scripts;C:\\mozilla-build\\hg',
16:55:30     INFO -  'PATHEXT': '.COM;.EXE;.BAT;.CMD;.VBS;.VBE;.JS;.JSE;.WSF;.WSH;.MSC',
16:55:30     INFO -  'PROCESSOR_ARCHITECTURE': 'x86',
16:55:30     INFO -  'PROCESSOR_ARCHITEW6432': 'AMD64',
16:55:30     INFO -  'PROCESSOR_IDENTIFIER': 'Intel64 Family 6 Model 30 Stepping 5, GenuineIntel',
16:55:30     INFO -  'PROCESSOR_LEVEL': '6',
16:55:30     INFO -  'PROCESSOR_REVISION': '1e05',
16:55:30     INFO -  'PROGRAMDATA': 'C:\\ProgramData',
16:55:30     INFO -  'PROGRAMFILES': 'C:\\Program Files (x86)',
16:55:30     INFO -  'PROGRAMFILES(X86)': 'C:\\Program Files (x86)',
16:55:30     INFO -  'PROGRAMW6432': 'C:\\Program Files',
16:55:30     INFO -  'PROMPT': '$P$G',
16:55:30     INFO -  'PROPERTIES_FILE': 'C:\\slave\\test/buildprops.json',
16:55:30     INFO -  'PSMODULEPATH': 'C:\\windows\\system32\\WindowsPowerShell\\v1.0\\Modules\\',
16:55:30     INFO -  'PUBLIC': 'C:\\Users\\Public',
16:55:30     INFO -  'PWD': 'C:\\slave\\test',
16:55:30     INFO -  'RUNLOGFILE': 'C:\\slave\\\\runslave.log',
16:55:30     INFO -  'SLAVEDIR': 'C:\\slave\\',
16:55:30     INFO -  'SYSTEMDRIVE': 'C:',
16:55:30     INFO -  'SYSTEMROOT': 'C:\\windows',
16:55:30     INFO -  'TEMP': 'C:\\Users\\CLTBLD~1.001\\AppData\\Local\\Temp',
16:55:30     INFO -  'TEST1': 'testie',
16:55:30     INFO -  'TMP': 'C:\\Users\\CLTBLD~1.001\\AppData\\Local\\Temp',
16:55:30     INFO -  'USERDOMAIN': 'T-W864-IX-034',
16:55:30     INFO -  'USERDOMAIN_ROAMINGPROFILE': 'T-W864-IX-034',
16:55:30     INFO -  'USERNAME': 'cltbld',
16:55:30     INFO -  'USERPROFILE': 'C:\\Users\\cltbld.T-W864-IX-034.001',
16:55:30     INFO -  'WINDIR': 'C:\\windows',
16:55:30     INFO -  'XPCOM_DEBUG_BREAK': 'warn'}
16:55:30     INFO -  Ignoring indexes: https://pypi.python.org/simple
16:55:30     INFO -  Collecting psutil>=3.1.1
16:55:32     INFO -    Downloading http://pypi.pvt.build.mozilla.org/pub/psutil-5.4.3-cp27-none-win32.whl (220kB)
16:55:32     INFO -  Installing collected packages: psutil
16:55:32     INFO -  Successfully installed psutil-5.4.3
16:55:32     INFO - Return code: 0
16:55:32     INFO - Installing mozsystemmonitor==0.3 into virtualenv C:\slave\test\build\venv
16:55:32     INFO - retry: Calling run_command with args: [['C:\\slave\\test\\build\\venv\\Scripts\\pip', 'install', '--timeout', '120', '--no-index', '--find-links', 'http://pypi.pvt.build.mozilla.org/pub', '--find-links', 'http://pypi.pub.build.mozilla.org/pub', '--trusted-host', 'pypi.pub.build.mozilla.org', '--trusted-host', 'pypi.pvt.build.mozilla.org', 'mozsystemmonitor==0.3']], kwargs: {'error_level': 'warning', 'error_list': [{'substr': 'not found or a compiler error:', 'level': 'warning'}, {'regex': <_sre.SRE_Pattern object at 0x0258F250>, 'level': 'error'}, {'regex': <_sre.SRE_Pattern object at 0x025A3188>, 'level': 'warning'}, {'regex': <_sre.SRE_Pattern object at 0x025CD760>, 'level': 'debug'}, {'substr': 'command not found', 'level': 'error'}, {'regex': <_sre.SRE_Pattern object at 0x004A8DE8>, 'level': 'warning'}, {'substr': 'Traceback (most recent call last)', 'level': 'error'}, {'substr': 'SyntaxError: ', 'level': 'error'}, {'substr': 'TypeError: ', 'level': 'error'}, {'substr': 'NameError: ', 'level': 'error'}, {'substr': 'ZeroDivisionError: ', 'level': 'error'}, {'regex': <_sre.SRE_Pattern object at 0x0250F230>, 'level': 'critical'}, {'regex': <_sre.SRE_Pattern object at 0x02597520>, 'level': 'critical'}], 'cwd': 'C:\\slave\\test\\build', 'env': {'TMP': 'C:\\Users\\CLTBLD~1.001\\AppData\\Local\\Temp', 'TEST1': 'testie', 'COMPUTERNAME': 'T-W864-IX-034', 'USERDOMAIN': 'T-W864-IX-034', 'KTS_VERSION': '1.19c', 'PSMODULEPATH': 'C:\\windows\\system32\\WindowsPowerShell\\v1.0\\Modules\\', 'COMMONPROGRAMFILES': 'C:\\Program Files (x86)\\Common Files', 'PROCESSOR_IDENTIFIER': 'Intel64 Family 6 Model 30 Stepping 5, GenuineIntel', 'PROGRAMFILES': 'C:\\Program Files (x86)', 'PROCESSOR_REVISION': '1e05', 'DNSSUFFIX': 'wintest.releng.scl3.mozilla.com', 'SYSTEMROOT': 'C:\\windows', 'NO_EM_RESTART': '1', 'PROGRAMFILES(X86)': 'C:\\Program Files (x86)', 'OURDRIVE': 'C:', 'MOZ_HIDE_RESULTS_TABLE': '1', 'XPCOM_DEBUG_BREAK': 'warn', 'MONDIR': 'C:\\Monitor_config\\', 'TEMP': 'C:\\Users\\CLTBLD~1.001\\AppData\\Local\\Temp', 'COMMONPROGRAMFILES(X86)': 'C:\\Program Files (x86)\\Common Files', 'RUNLOGFILE': 'C:\\slave\\\\runslave.log', 'PROCESSOR_ARCHITECTURE': 'x86', 'ALLUSERSPROFILE': 'C:\\ProgramData', 'USERPROFILE': 'C:\\Users\\cltbld.T-W864-IX-034.001', 'LOCALAPPDATA': 'C:\\Users\\cltbld.T-W864-IX-034.001\\AppData\\Local', 'HOMEPATH': '\\Users\\cltbld.T-W864-IX-034.001', 'USERDOMAIN_ROAMINGPROFILE': 'T-W864-IX-034', 'MOZBUILDDIR': 'C:\\mozilla-build\\', 'PROGRAMW6432': 'C:\\Program Files', 'USERNAME': 'cltbld', 'LOGONSERVER': '\\\\T-W864-IX-034', 'MOZ_NO_REMOTE': '1', 'COMSPEC': 'C:\\windows\\system32\\cmd.exe', 'PROGRAMDATA': 'C:\\ProgramData', 'PROPERTIES_FILE': 'C:\\slave\\test/buildprops.json', 'PATH': 'C:\\Program Files (x86)\\NVIDIA Corporation\\PhysX\\Common;C:\\windows\\system32;C:\\windows;C:\\windows\\System32\\Wbem;C:\\windows\\System32\\WindowsPowerShell\\v1.0\\;C:\\mozilla-build\\python27;C:\\mozilla-build\\python27\\Scripts;C:\\mozilla-build\\msys\\bin;C:\\mozilla-build\\vim\\vim72;C:\\mozilla-build\\wget;C:\\mozilla-build\\info-zip;C:\\CoreUtils\\bin;C:\\mozilla-build\\buildbotve\\scripts;C:\\mozilla-build\\hg', 'PROMPT': '$P$G', 'NO_FAIL_ON_TEST_ERRORS': '1', 'PATHEXT': '.COM;.EXE;.BAT;.CMD;.VBS;.VBE;.JS;.JSE;.WSF;.WSH;.MSC', 'FP_NO_HOST_CHECK': 'NO', 'DCLOCATION': 'SCL3', 'APPDATA': 'C:\\Users\\cltbld.T-W864-IX-034.001\\AppData\\Roaming', 'HOMEDRIVE': 'C:', 'SYSTEMDRIVE': 'C:', 'SLAVEDIR': 'C:\\slave\\', 'NUMBER_OF_PROCESSORS': '8', 'PWD': 'C:\\slave\\test', 'PROCESSOR_LEVEL': '6', 'KTS_HOME': 'C:\\Program Files\\KTS', 'PROCESSOR_ARCHITEW6432': 'AMD64', 'MOZ_CRASHREPORTER_NO_REPORT': '1', 'COMMONPROGRAMW6432': 'C:\\Program Files\\Common Files', 'OS': 'Windows_NT', 'PUBLIC': 'C:\\Users\\Public', 'WINDIR': 'C:\\windows'}}, attempt #1
16:55:32     INFO - Running command: ['C:\\slave\\test\\build\\venv\\Scripts\\pip', 'install', '--timeout', '120', '--no-index', '--find-links', 'http://pypi.pvt.build.mozilla.org/pub', '--find-links', 'http://pypi.pub.build.mozilla.org/pub', '--trusted-host', 'pypi.pub.build.mozilla.org', '--trusted-host', 'pypi.pvt.build.mozilla.org', 'mozsystemmonitor==0.3'] in C:\slave\test\build
16:55:32     INFO - Copy/paste: C:\slave\test\build\venv\Scripts\pip install --timeout 120 --no-index --find-links http://pypi.pvt.build.mozilla.org/pub --find-links http://pypi.pub.build.mozilla.org/pub --trusted-host pypi.pub.build.mozilla.org --trusted-host pypi.pvt.build.mozilla.org mozsystemmonitor==0.3
16:55:32     INFO - Using env: {'ALLUSERSPROFILE': 'C:\\ProgramData',
16:55:32     INFO -  'APPDATA': 'C:\\Users\\cltbld.T-W864-IX-034.001\\AppData\\Roaming',
16:55:32     INFO -  'COMMONPROGRAMFILES': 'C:\\Program Files (x86)\\Common Files',
16:55:32     INFO -  'COMMONPROGRAMFILES(X86)': 'C:\\Program Files (x86)\\Common Files',
16:55:32     INFO -  'COMMONPROGRAMW6432': 'C:\\Program Files\\Common Files',
16:55:32     INFO -  'COMPUTERNAME': 'T-W864-IX-034',
16:55:32     INFO -  'COMSPEC': 'C:\\windows\\system32\\cmd.exe',
16:55:32     INFO -  'DCLOCATION': 'SCL3',
16:55:32     INFO -  'DNSSUFFIX': 'wintest.releng.scl3.mozilla.com',
16:55:32     INFO -  'FP_NO_HOST_CHECK': 'NO',
16:55:32     INFO -  'HOMEDRIVE': 'C:',
16:55:32     INFO -  'HOMEPATH': '\\Users\\cltbld.T-W864-IX-034.001',
16:55:32     INFO -  'KTS_HOME': 'C:\\Program Files\\KTS',
16:55:32     INFO -  'KTS_VERSION': '1.19c',
16:55:32     INFO -  'LOCALAPPDATA': 'C:\\Users\\cltbld.T-W864-IX-034.001\\AppData\\Local',
16:55:32     INFO -  'LOGONSERVER': '\\\\T-W864-IX-034',
16:55:32     INFO -  'MONDIR': 'C:\\Monitor_config\\',
16:55:32     INFO -  'MOZBUILDDIR': 'C:\\mozilla-build\\',
16:55:32     INFO -  'MOZ_CRASHREPORTER_NO_REPORT': '1',
16:55:32     INFO -  'MOZ_HIDE_RESULTS_TABLE': '1',
16:55:32     INFO -  'MOZ_NO_REMOTE': '1',
16:55:32     INFO -  'NO_EM_RESTART': '1',
16:55:32     INFO -  'NO_FAIL_ON_TEST_ERRORS': '1',
16:55:32     INFO -  'NUMBER_OF_PROCESSORS': '8',
16:55:32     INFO -  'OS': 'Windows_NT',
16:55:32     INFO -  'OURDRIVE': 'C:',
16:55:32     INFO -  'PATH': 'C:\\Program Files (x86)\\NVIDIA Corporation\\PhysX\\Common;C:\\windows\\system32;C:\\windows;C:\\windows\\System32\\Wbem;C:\\windows\\System32\\WindowsPowerShell\\v1.0\\;C:\\mozilla-build\\python27;C:\\mozilla-build\\python27\\Scripts;C:\\mozilla-build\\msys\\bin;C:\\mozilla-build\\vim\\vim72;C:\\mozilla-build\\wget;C:\\mozilla-build\\info-zip;C:\\CoreUtils\\bin;C:\\mozilla-build\\buildbotve\\scripts;C:\\mozilla-build\\hg',
16:55:32     INFO -  'PATHEXT': '.COM;.EXE;.BAT;.CMD;.VBS;.VBE;.JS;.JSE;.WSF;.WSH;.MSC',
16:55:32     INFO -  'PROCESSOR_ARCHITECTURE': 'x86',
16:55:32     INFO -  'PROCESSOR_ARCHITEW6432': 'AMD64',
16:55:32     INFO -  'PROCESSOR_IDENTIFIER': 'Intel64 Family 6 Model 30 Stepping 5, GenuineIntel',
16:55:32     INFO -  'PROCESSOR_LEVEL': '6',
16:55:32     INFO -  'PROCESSOR_REVISION': '1e05',
16:55:32     INFO -  'PROGRAMDATA': 'C:\\ProgramData',
16:55:32     INFO -  'PROGRAMFILES': 'C:\\Program Files (x86)',
16:55:32     INFO -  'PROGRAMFILES(X86)': 'C:\\Program Files (x86)',
16:55:32     INFO -  'PROGRAMW6432': 'C:\\Program Files',
16:55:32     INFO -  'PROMPT': '$P$G',
16:55:32     INFO -  'PROPERTIES_FILE': 'C:\\slave\\test/buildprops.json',
16:55:32     INFO -  'PSMODULEPATH': 'C:\\windows\\system32\\WindowsPowerShell\\v1.0\\Modules\\',
16:55:32     INFO -  'PUBLIC': 'C:\\Users\\Public',
16:55:32     INFO -  'PWD': 'C:\\slave\\test',
16:55:32     INFO -  'RUNLOGFILE': 'C:\\slave\\\\runslave.log',
16:55:32     INFO -  'SLAVEDIR': 'C:\\slave\\',
16:55:32     INFO -  'SYSTEMDRIVE': 'C:',
16:55:32     INFO -  'SYSTEMROOT': 'C:\\windows',
16:55:32     INFO -  'TEMP': 'C:\\Users\\CLTBLD~1.001\\AppData\\Local\\Temp',
16:55:32     INFO -  'TEST1': 'testie',
16:55:32     INFO -  'TMP': 'C:\\Users\\CLTBLD~1.001\\AppData\\Local\\Temp',
16:55:32     INFO -  'USERDOMAIN': 'T-W864-IX-034',
16:55:32     INFO -  'USERDOMAIN_ROAMINGPROFILE': 'T-W864-IX-034',
16:55:32     INFO -  'USERNAME': 'cltbld',
16:55:32     INFO -  'USERPROFILE': 'C:\\Users\\cltbld.T-W864-IX-034.001',
16:55:32     INFO -  'WINDIR': 'C:\\windows',
16:55:32     INFO -  'XPCOM_DEBUG_BREAK': 'warn'}
16:55:32     INFO -  Ignoring indexes: https://pypi.python.org/simple
16:55:32     INFO -  Collecting mozsystemmonitor==0.3
16:55:34     INFO -  Requirement already satisfied (use --upgrade to upgrade): psutil>=3.1.1 in c:\slave\test\build\venv\lib\site-packages (from mozsystemmonitor==0.3)
16:55:34     INFO -  Installing collected packages: mozsystemmonitor
16:55:34     INFO -  Successfully installed mozsystemmonitor-0.3
16:55:34     INFO - Return code: 0
16:55:34     INFO - Installing jsonschema==2.5.1 into virtualenv C:\slave\test\build\venv
16:55:34     INFO - retry: Calling run_command with args: [['C:\\slave\\test\\build\\venv\\Scripts\\pip', 'install', '--timeout', '120', '--no-index', '--find-links', 'http://pypi.pvt.build.mozilla.org/pub', '--find-links', 'http://pypi.pub.build.mozilla.org/pub', '--trusted-host', 'pypi.pub.build.mozilla.org', '--trusted-host', 'pypi.pvt.build.mozilla.org', 'jsonschema==2.5.1']], kwargs: {'error_level': 'warning', 'error_list': [{'substr': 'not found or a compiler error:', 'level': 'warning'}, {'regex': <_sre.SRE_Pattern object at 0x0258F250>, 'level': 'error'}, {'regex': <_sre.SRE_Pattern object at 0x025A3188>, 'level': 'warning'}, {'regex': <_sre.SRE_Pattern object at 0x025CD760>, 'level': 'debug'}, {'substr': 'command not found', 'level': 'error'}, {'regex': <_sre.SRE_Pattern object at 0x004A8DE8>, 'level': 'warning'}, {'substr': 'Traceback (most recent call last)', 'level': 'error'}, {'substr': 'SyntaxError: ', 'level': 'error'}, {'substr': 'TypeError: ', 'level': 'error'}, {'substr': 'NameError: ', 'level': 'error'}, {'substr': 'ZeroDivisionError: ', 'level': 'error'}, {'regex': <_sre.SRE_Pattern object at 0x0250F230>, 'level': 'critical'}, {'regex': <_sre.SRE_Pattern object at 0x02597520>, 'level': 'critical'}], 'cwd': 'C:\\slave\\test\\build', 'env': {'TMP': 'C:\\Users\\CLTBLD~1.001\\AppData\\Local\\Temp', 'TEST1': 'testie', 'COMPUTERNAME': 'T-W864-IX-034', 'USERDOMAIN': 'T-W864-IX-034', 'KTS_VERSION': '1.19c', 'PSMODULEPATH': 'C:\\windows\\system32\\WindowsPowerShell\\v1.0\\Modules\\', 'COMMONPROGRAMFILES': 'C:\\Program Files (x86)\\Common Files', 'PROCESSOR_IDENTIFIER': 'Intel64 Family 6 Model 30 Stepping 5, GenuineIntel', 'PROGRAMFILES': 'C:\\Program Files (x86)', 'PROCESSOR_REVISION': '1e05', 'DNSSUFFIX': 'wintest.releng.scl3.mozilla.com', 'SYSTEMROOT': 'C:\\windows', 'NO_EM_RESTART': '1', 'PROGRAMFILES(X86)': 'C:\\Program Files (x86)', 'OURDRIVE': 'C:', 'MOZ_HIDE_RESULTS_TABLE': '1', 'XPCOM_DEBUG_BREAK': 'warn', 'MONDIR': 'C:\\Monitor_config\\', 'TEMP': 'C:\\Users\\CLTBLD~1.001\\AppData\\Local\\Temp', 'COMMONPROGRAMFILES(X86)': 'C:\\Program Files (x86)\\Common Files', 'RUNLOGFILE': 'C:\\slave\\\\runslave.log', 'PROCESSOR_ARCHITECTURE': 'x86', 'ALLUSERSPROFILE': 'C:\\ProgramData', 'USERPROFILE': 'C:\\Users\\cltbld.T-W864-IX-034.001', 'LOCALAPPDATA': 'C:\\Users\\cltbld.T-W864-IX-034.001\\AppData\\Local', 'HOMEPATH': '\\Users\\cltbld.T-W864-IX-034.001', 'USERDOMAIN_ROAMINGPROFILE': 'T-W864-IX-034', 'MOZBUILDDIR': 'C:\\mozilla-build\\', 'PROGRAMW6432': 'C:\\Program Files', 'USERNAME': 'cltbld', 'LOGONSERVER': '\\\\T-W864-IX-034', 'MOZ_NO_REMOTE': '1', 'COMSPEC': 'C:\\windows\\system32\\cmd.exe', 'PROGRAMDATA': 'C:\\ProgramData', 'PROPERTIES_FILE': 'C:\\slave\\test/buildprops.json', 'PATH': 'C:\\Program Files (x86)\\NVIDIA Corporation\\PhysX\\Common;C:\\windows\\system32;C:\\windows;C:\\windows\\System32\\Wbem;C:\\windows\\System32\\WindowsPowerShell\\v1.0\\;C:\\mozilla-build\\python27;C:\\mozilla-build\\python27\\Scripts;C:\\mozilla-build\\msys\\bin;C:\\mozilla-build\\vim\\vim72;C:\\mozilla-build\\wget;C:\\mozilla-build\\info-zip;C:\\CoreUtils\\bin;C:\\mozilla-build\\buildbotve\\scripts;C:\\mozilla-build\\hg', 'PROMPT': '$P$G', 'NO_FAIL_ON_TEST_ERRORS': '1', 'PATHEXT': '.COM;.EXE;.BAT;.CMD;.VBS;.VBE;.JS;.JSE;.WSF;.WSH;.MSC', 'FP_NO_HOST_CHECK': 'NO', 'DCLOCATION': 'SCL3', 'APPDATA': 'C:\\Users\\cltbld.T-W864-IX-034.001\\AppData\\Roaming', 'HOMEDRIVE': 'C:', 'SYSTEMDRIVE': 'C:', 'SLAVEDIR': 'C:\\slave\\', 'NUMBER_OF_PROCESSORS': '8', 'PWD': 'C:\\slave\\test', 'PROCESSOR_LEVEL': '6', 'KTS_HOME': 'C:\\Program Files\\KTS', 'PROCESSOR_ARCHITEW6432': 'AMD64', 'MOZ_CRASHREPORTER_NO_REPORT': '1', 'COMMONPROGRAMW6432': 'C:\\Program Files\\Common Files', 'OS': 'Windows_NT', 'PUBLIC': 'C:\\Users\\Public', 'WINDIR': 'C:\\windows'}}, attempt #1
16:55:34     INFO - Running command: ['C:\\slave\\test\\build\\venv\\Scripts\\pip', 'install', '--timeout', '120', '--no-index', '--find-links', 'http://pypi.pvt.build.mozilla.org/pub', '--find-links', 'http://pypi.pub.build.mozilla.org/pub', '--trusted-host', 'pypi.pub.build.mozilla.org', '--trusted-host', 'pypi.pvt.build.mozilla.org', 'jsonschema==2.5.1'] in C:\slave\test\build
16:55:34     INFO - Copy/paste: C:\slave\test\build\venv\Scripts\pip install --timeout 120 --no-index --find-links http://pypi.pvt.build.mozilla.org/pub --find-links http://pypi.pub.build.mozilla.org/pub --trusted-host pypi.pub.build.mozilla.org --trusted-host pypi.pvt.build.mozilla.org jsonschema==2.5.1
16:55:34     INFO - Using env: {'ALLUSERSPROFILE': 'C:\\ProgramData',
16:55:34     INFO -  'APPDATA': 'C:\\Users\\cltbld.T-W864-IX-034.001\\AppData\\Roaming',
16:55:34     INFO -  'COMMONPROGRAMFILES': 'C:\\Program Files (x86)\\Common Files',
16:55:34     INFO -  'COMMONPROGRAMFILES(X86)': 'C:\\Program Files (x86)\\Common Files',
16:55:34     INFO -  'COMMONPROGRAMW6432': 'C:\\Program Files\\Common Files',
16:55:34     INFO -  'COMPUTERNAME': 'T-W864-IX-034',
16:55:34     INFO -  'COMSPEC': 'C:\\windows\\system32\\cmd.exe',
16:55:34     INFO -  'DCLOCATION': 'SCL3',
16:55:34     INFO -  'DNSSUFFIX': 'wintest.releng.scl3.mozilla.com',
16:55:34     INFO -  'FP_NO_HOST_CHECK': 'NO',
16:55:34     INFO -  'HOMEDRIVE': 'C:',
16:55:34     INFO -  'HOMEPATH': '\\Users\\cltbld.T-W864-IX-034.001',
16:55:34     INFO -  'KTS_HOME': 'C:\\Program Files\\KTS',
16:55:34     INFO -  'KTS_VERSION': '1.19c',
16:55:34     INFO -  'LOCALAPPDATA': 'C:\\Users\\cltbld.T-W864-IX-034.001\\AppData\\Local',
16:55:34     INFO -  'LOGONSERVER': '\\\\T-W864-IX-034',
16:55:34     INFO -  'MONDIR': 'C:\\Monitor_config\\',
16:55:34     INFO -  'MOZBUILDDIR': 'C:\\mozilla-build\\',
16:55:34     INFO -  'MOZ_CRASHREPORTER_NO_REPORT': '1',
16:55:34     INFO -  'MOZ_HIDE_RESULTS_TABLE': '1',
16:55:34     INFO -  'MOZ_NO_REMOTE': '1',
16:55:34     INFO -  'NO_EM_RESTART': '1',
16:55:34     INFO -  'NO_FAIL_ON_TEST_ERRORS': '1',
16:55:34     INFO -  'NUMBER_OF_PROCESSORS': '8',
16:55:34     INFO -  'OS': 'Windows_NT',
16:55:34     INFO -  'OURDRIVE': 'C:',
16:55:34     INFO -  'PATH': 'C:\\Program Files (x86)\\NVIDIA Corporation\\PhysX\\Common;C:\\windows\\system32;C:\\windows;C:\\windows\\System32\\Wbem;C:\\windows\\System32\\WindowsPowerShell\\v1.0\\;C:\\mozilla-build\\python27;C:\\mozilla-build\\python27\\Scripts;C:\\mozilla-build\\msys\\bin;C:\\mozilla-build\\vim\\vim72;C:\\mozilla-build\\wget;C:\\mozilla-build\\info-zip;C:\\CoreUtils\\bin;C:\\mozilla-build\\buildbotve\\scripts;C:\\mozilla-build\\hg',
16:55:34     INFO -  'PATHEXT': '.COM;.EXE;.BAT;.CMD;.VBS;.VBE;.JS;.JSE;.WSF;.WSH;.MSC',
16:55:34     INFO -  'PROCESSOR_ARCHITECTURE': 'x86',
16:55:34     INFO -  'PROCESSOR_ARCHITEW6432': 'AMD64',
16:55:34     INFO -  'PROCESSOR_IDENTIFIER': 'Intel64 Family 6 Model 30 Stepping 5, GenuineIntel',
16:55:34     INFO -  'PROCESSOR_LEVEL': '6',
16:55:34     INFO -  'PROCESSOR_REVISION': '1e05',
16:55:34     INFO -  'PROGRAMDATA': 'C:\\ProgramData',
16:55:34     INFO -  'PROGRAMFILES': 'C:\\Program Files (x86)',
16:55:34     INFO -  'PROGRAMFILES(X86)': 'C:\\Program Files (x86)',
16:55:34     INFO -  'PROGRAMW6432': 'C:\\Program Files',
16:55:34     INFO -  'PROMPT': '$P$G',
16:55:34     INFO -  'PROPERTIES_FILE': 'C:\\slave\\test/buildprops.json',
16:55:34     INFO -  'PSMODULEPATH': 'C:\\windows\\system32\\WindowsPowerShell\\v1.0\\Modules\\',
16:55:34     INFO -  'PUBLIC': 'C:\\Users\\Public',
16:55:34     INFO -  'PWD': 'C:\\slave\\test',
16:55:34     INFO -  'RUNLOGFILE': 'C:\\slave\\\\runslave.log',
16:55:34     INFO -  'SLAVEDIR': 'C:\\slave\\',
16:55:34     INFO -  'SYSTEMDRIVE': 'C:',
16:55:34     INFO -  'SYSTEMROOT': 'C:\\windows',
16:55:34     INFO -  'TEMP': 'C:\\Users\\CLTBLD~1.001\\AppData\\Local\\Temp',
16:55:34     INFO -  'TEST1': 'testie',
16:55:34     INFO -  'TMP': 'C:\\Users\\CLTBLD~1.001\\AppData\\Local\\Temp',
16:55:34     INFO -  'USERDOMAIN': 'T-W864-IX-034',
16:55:34     INFO -  'USERDOMAIN_ROAMINGPROFILE': 'T-W864-IX-034',
16:55:34     INFO -  'USERNAME': 'cltbld',
16:55:34     INFO -  'USERPROFILE': 'C:\\Users\\cltbld.T-W864-IX-034.001',
16:55:34     INFO -  'WINDIR': 'C:\\windows',
16:55:34     INFO -  'XPCOM_DEBUG_BREAK': 'warn'}
16:55:34     INFO -  Ignoring indexes: https://pypi.python.org/simple
16:55:34     INFO -  Collecting jsonschema==2.5.1
16:55:35     INFO -    Downloading http://pypi.pvt.build.mozilla.org/pub/jsonschema-2.5.1-py2.py3-none-any.whl
16:55:35     INFO -  Collecting functools32; python_version == "2.7" (from jsonschema==2.5.1)
16:55:37     INFO -  Installing collected packages: functools32, jsonschema
16:55:37     INFO -  Successfully installed functools32-3.2.3.post2 jsonschema-2.5.1
16:55:37     INFO - Return code: 0
16:55:37     INFO - Installing functools32==3.2.3-2 into virtualenv C:\slave\test\build\venv
16:55:37     INFO - retry: Calling run_command with args: [['C:\\slave\\test\\build\\venv\\Scripts\\pip', 'install', '--timeout', '120', '--no-index', '--find-links', 'http://pypi.pvt.build.mozilla.org/pub', '--find-links', 'http://pypi.pub.build.mozilla.org/pub', '--trusted-host', 'pypi.pub.build.mozilla.org', '--trusted-host', 'pypi.pvt.build.mozilla.org', 'functools32==3.2.3-2']], kwargs: {'error_level': 'warning', 'error_list': [{'substr': 'not found or a compiler error:', 'level': 'warning'}, {'regex': <_sre.SRE_Pattern object at 0x0258F250>, 'level': 'error'}, {'regex': <_sre.SRE_Pattern object at 0x025A3188>, 'level': 'warning'}, {'regex': <_sre.SRE_Pattern object at 0x025CD760>, 'level': 'debug'}, {'substr': 'command not found', 'level': 'error'}, {'regex': <_sre.SRE_Pattern object at 0x004A8DE8>, 'level': 'warning'}, {'substr': 'Traceback (most recent call last)', 'level': 'error'}, {'substr': 'SyntaxError: ', 'level': 'error'}, {'substr': 'TypeError: ', 'level': 'error'}, {'substr': 'NameError: ', 'level': 'error'}, {'substr': 'ZeroDivisionError: ', 'level': 'error'}, {'regex': <_sre.SRE_Pattern object at 0x0250F230>, 'level': 'critical'}, {'regex': <_sre.SRE_Pattern object at 0x02597520>, 'level': 'critical'}], 'cwd': 'C:\\slave\\test\\build', 'env': {'TMP': 'C:\\Users\\CLTBLD~1.001\\AppData\\Local\\Temp', 'TEST1': 'testie', 'COMPUTERNAME': 'T-W864-IX-034', 'USERDOMAIN': 'T-W864-IX-034', 'KTS_VERSION': '1.19c', 'PSMODULEPATH': 'C:\\windows\\system32\\WindowsPowerShell\\v1.0\\Modules\\', 'COMMONPROGRAMFILES': 'C:\\Program Files (x86)\\Common Files', 'PROCESSOR_IDENTIFIER': 'Intel64 Family 6 Model 30 Stepping 5, GenuineIntel', 'PROGRAMFILES': 'C:\\Program Files (x86)', 'PROCESSOR_REVISION': '1e05', 'DNSSUFFIX': 'wintest.releng.scl3.mozilla.com', 'SYSTEMROOT': 'C:\\windows', 'NO_EM_RESTART': '1', 'PROGRAMFILES(X86)': 'C:\\Program Files (x86)', 'OURDRIVE': 'C:', 'MOZ_HIDE_RESULTS_TABLE': '1', 'XPCOM_DEBUG_BREAK': 'warn', 'MONDIR': 'C:\\Monitor_config\\', 'TEMP': 'C:\\Users\\CLTBLD~1.001\\AppData\\Local\\Temp', 'COMMONPROGRAMFILES(X86)': 'C:\\Program Files (x86)\\Common Files', 'RUNLOGFILE': 'C:\\slave\\\\runslave.log', 'PROCESSOR_ARCHITECTURE': 'x86', 'ALLUSERSPROFILE': 'C:\\ProgramData', 'USERPROFILE': 'C:\\Users\\cltbld.T-W864-IX-034.001', 'LOCALAPPDATA': 'C:\\Users\\cltbld.T-W864-IX-034.001\\AppData\\Local', 'HOMEPATH': '\\Users\\cltbld.T-W864-IX-034.001', 'USERDOMAIN_ROAMINGPROFILE': 'T-W864-IX-034', 'MOZBUILDDIR': 'C:\\mozilla-build\\', 'PROGRAMW6432': 'C:\\Program Files', 'USERNAME': 'cltbld', 'LOGONSERVER': '\\\\T-W864-IX-034', 'MOZ_NO_REMOTE': '1', 'COMSPEC': 'C:\\windows\\system32\\cmd.exe', 'PROGRAMDATA': 'C:\\ProgramData', 'PROPERTIES_FILE': 'C:\\slave\\test/buildprops.json', 'PATH': 'C:\\Program Files (x86)\\NVIDIA Corporation\\PhysX\\Common;C:\\windows\\system32;C:\\windows;C:\\windows\\System32\\Wbem;C:\\windows\\System32\\WindowsPowerShell\\v1.0\\;C:\\mozilla-build\\python27;C:\\mozilla-build\\python27\\Scripts;C:\\mozilla-build\\msys\\bin;C:\\mozilla-build\\vim\\vim72;C:\\mozilla-build\\wget;C:\\mozilla-build\\info-zip;C:\\CoreUtils\\bin;C:\\mozilla-build\\buildbotve\\scripts;C:\\mozilla-build\\hg', 'PROMPT': '$P$G', 'NO_FAIL_ON_TEST_ERRORS': '1', 'PATHEXT': '.COM;.EXE;.BAT;.CMD;.VBS;.VBE;.JS;.JSE;.WSF;.WSH;.MSC', 'FP_NO_HOST_CHECK': 'NO', 'DCLOCATION': 'SCL3', 'APPDATA': 'C:\\Users\\cltbld.T-W864-IX-034.001\\AppData\\Roaming', 'HOMEDRIVE': 'C:', 'SYSTEMDRIVE': 'C:', 'SLAVEDIR': 'C:\\slave\\', 'NUMBER_OF_PROCESSORS': '8', 'PWD': 'C:\\slave\\test', 'PROCESSOR_LEVEL': '6', 'KTS_HOME': 'C:\\Program Files\\KTS', 'PROCESSOR_ARCHITEW6432': 'AMD64', 'MOZ_CRASHREPORTER_NO_REPORT': '1', 'COMMONPROGRAMW6432': 'C:\\Program Files\\Common Files', 'OS': 'Windows_NT', 'PUBLIC': 'C:\\Users\\Public', 'WINDIR': 'C:\\windows'}}, attempt #1
16:55:37     INFO - Running command: ['C:\\slave\\test\\build\\venv\\Scripts\\pip', 'install', '--timeout', '120', '--no-index', '--find-links', 'http://pypi.pvt.build.mozilla.org/pub', '--find-links', 'http://pypi.pub.build.mozilla.org/pub', '--trusted-host', 'pypi.pub.build.mozilla.org', '--trusted-host', 'pypi.pvt.build.mozilla.org', 'functools32==3.2.3-2'] in C:\slave\test\build
16:55:37     INFO - Copy/paste: C:\slave\test\build\venv\Scripts\pip install --timeout 120 --no-index --find-links http://pypi.pvt.build.mozilla.org/pub --find-links http://pypi.pub.build.mozilla.org/pub --trusted-host pypi.pub.build.mozilla.org --trusted-host pypi.pvt.build.mozilla.org functools32==3.2.3-2
16:55:37     INFO - Using env: {'ALLUSERSPROFILE': 'C:\\ProgramData',
16:55:37     INFO -  'APPDATA': 'C:\\Users\\cltbld.T-W864-IX-034.001\\AppData\\Roaming',
16:55:37     INFO -  'COMMONPROGRAMFILES': 'C:\\Program Files (x86)\\Common Files',
16:55:37     INFO -  'COMMONPROGRAMFILES(X86)': 'C:\\Program Files (x86)\\Common Files',
16:55:37     INFO -  'COMMONPROGRAMW6432': 'C:\\Program Files\\Common Files',
16:55:37     INFO -  'COMPUTERNAME': 'T-W864-IX-034',
16:55:37     INFO -  'COMSPEC': 'C:\\windows\\system32\\cmd.exe',
16:55:37     INFO -  'DCLOCATION': 'SCL3',
16:55:37     INFO -  'DNSSUFFIX': 'wintest.releng.scl3.mozilla.com',
16:55:37     INFO -  'FP_NO_HOST_CHECK': 'NO',
16:55:37     INFO -  'HOMEDRIVE': 'C:',
16:55:37     INFO -  'HOMEPATH': '\\Users\\cltbld.T-W864-IX-034.001',
16:55:37     INFO -  'KTS_HOME': 'C:\\Program Files\\KTS',
16:55:37     INFO -  'KTS_VERSION': '1.19c',
16:55:37     INFO -  'LOCALAPPDATA': 'C:\\Users\\cltbld.T-W864-IX-034.001\\AppData\\Local',
16:55:37     INFO -  'LOGONSERVER': '\\\\T-W864-IX-034',
16:55:37     INFO -  'MONDIR': 'C:\\Monitor_config\\',
16:55:37     INFO -  'MOZBUILDDIR': 'C:\\mozilla-build\\',
16:55:37     INFO -  'MOZ_CRASHREPORTER_NO_REPORT': '1',
16:55:37     INFO -  'MOZ_HIDE_RESULTS_TABLE': '1',
16:55:37     INFO -  'MOZ_NO_REMOTE': '1',
16:55:37     INFO -  'NO_EM_RESTART': '1',
16:55:37     INFO -  'NO_FAIL_ON_TEST_ERRORS': '1',
16:55:37     INFO -  'NUMBER_OF_PROCESSORS': '8',
16:55:37     INFO -  'OS': 'Windows_NT',
16:55:37     INFO -  'OURDRIVE': 'C:',
16:55:37     INFO -  'PATH': 'C:\\Program Files (x86)\\NVIDIA Corporation\\PhysX\\Common;C:\\windows\\system32;C:\\windows;C:\\windows\\System32\\Wbem;C:\\windows\\System32\\WindowsPowerShell\\v1.0\\;C:\\mozilla-build\\python27;C:\\mozilla-build\\python27\\Scripts;C:\\mozilla-build\\msys\\bin;C:\\mozilla-build\\vim\\vim72;C:\\mozilla-build\\wget;C:\\mozilla-build\\info-zip;C:\\CoreUtils\\bin;C:\\mozilla-build\\buildbotve\\scripts;C:\\mozilla-build\\hg',
16:55:37     INFO -  'PATHEXT': '.COM;.EXE;.BAT;.CMD;.VBS;.VBE;.JS;.JSE;.WSF;.WSH;.MSC',
16:55:37     INFO -  'PROCESSOR_ARCHITECTURE': 'x86',
16:55:37     INFO -  'PROCESSOR_ARCHITEW6432': 'AMD64',
16:55:37     INFO -  'PROCESSOR_IDENTIFIER': 'Intel64 Family 6 Model 30 Stepping 5, GenuineIntel',
16:55:37     INFO -  'PROCESSOR_LEVEL': '6',
16:55:37     INFO -  'PROCESSOR_REVISION': '1e05',
16:55:37     INFO -  'PROGRAMDATA': 'C:\\ProgramData',
16:55:37     INFO -  'PROGRAMFILES': 'C:\\Program Files (x86)',
16:55:37     INFO -  'PROGRAMFILES(X86)': 'C:\\Program Files (x86)',
16:55:37     INFO -  'PROGRAMW6432': 'C:\\Program Files',
16:55:37     INFO -  'PROMPT': '$P$G',
16:55:37     INFO -  'PROPERTIES_FILE': 'C:\\slave\\test/buildprops.json',
16:55:37     INFO -  'PSMODULEPATH': 'C:\\windows\\system32\\WindowsPowerShell\\v1.0\\Modules\\',
16:55:37     INFO -  'PUBLIC': 'C:\\Users\\Public',
16:55:37     INFO -  'PWD': 'C:\\slave\\test',
16:55:37     INFO -  'RUNLOGFILE': 'C:\\slave\\\\runslave.log',
16:55:37     INFO -  'SLAVEDIR': 'C:\\slave\\',
16:55:37     INFO -  'SYSTEMDRIVE': 'C:',
16:55:37     INFO -  'SYSTEMROOT': 'C:\\windows',
16:55:37     INFO -  'TEMP': 'C:\\Users\\CLTBLD~1.001\\AppData\\Local\\Temp',
16:55:37     INFO -  'TEST1': 'testie',
16:55:37     INFO -  'TMP': 'C:\\Users\\CLTBLD~1.001\\AppData\\Local\\Temp',
16:55:37     INFO -  'USERDOMAIN': 'T-W864-IX-034',
16:55:37     INFO -  'USERDOMAIN_ROAMINGPROFILE': 'T-W864-IX-034',
16:55:37     INFO -  'USERNAME': 'cltbld',
16:55:37     INFO -  'USERPROFILE': 'C:\\Users\\cltbld.T-W864-IX-034.001',
16:55:37     INFO -  'WINDIR': 'C:\\windows',
16:55:37     INFO -  'XPCOM_DEBUG_BREAK': 'warn'}
16:55:37     INFO -  Ignoring indexes: https://pypi.python.org/simple
16:55:37     INFO -  Requirement already satisfied (use --upgrade to upgrade): functools32==3.2.3-2 in c:\slave\test\build\venv\lib\site-packages
16:55:37     INFO - Return code: 0
16:55:38     INFO - Installing blobuploader==1.2.4 into virtualenv C:\slave\test\build\venv
16:55:38     INFO - retry: Calling run_command with args: [['C:\\slave\\test\\build\\venv\\Scripts\\pip', 'install', '--timeout', '120', '--no-index', '--find-links', 'http://pypi.pvt.build.mozilla.org/pub', '--find-links', 'http://pypi.pub.build.mozilla.org/pub', '--trusted-host', 'pypi.pub.build.mozilla.org', '--trusted-host', 'pypi.pvt.build.mozilla.org', 'blobuploader==1.2.4']], kwargs: {'error_level': 'warning', 'error_list': [{'substr': 'not found or a compiler error:', 'level': 'warning'}, {'regex': <_sre.SRE_Pattern object at 0x0258F250>, 'level': 'error'}, {'regex': <_sre.SRE_Pattern object at 0x025A3188>, 'level': 'warning'}, {'regex': <_sre.SRE_Pattern object at 0x025CD760>, 'level': 'debug'}, {'substr': 'command not found', 'level': 'error'}, {'regex': <_sre.SRE_Pattern object at 0x004A8DE8>, 'level': 'warning'}, {'substr': 'Traceback (most recent call last)', 'level': 'error'}, {'substr': 'SyntaxError: ', 'level': 'error'}, {'substr': 'TypeError: ', 'level': 'error'}, {'substr': 'NameError: ', 'level': 'error'}, {'substr': 'ZeroDivisionError: ', 'level': 'error'}, {'regex': <_sre.SRE_Pattern object at 0x0250F230>, 'level': 'critical'}, {'regex': <_sre.SRE_Pattern object at 0x02597520>, 'level': 'critical'}], 'cwd': 'C:\\slave\\test\\build', 'env': {'TMP': 'C:\\Users\\CLTBLD~1.001\\AppData\\Local\\Temp', 'TEST1': 'testie', 'COMPUTERNAME': 'T-W864-IX-034', 'USERDOMAIN': 'T-W864-IX-034', 'KTS_VERSION': '1.19c', 'PSMODULEPATH': 'C:\\windows\\system32\\WindowsPowerShell\\v1.0\\Modules\\', 'COMMONPROGRAMFILES': 'C:\\Program Files (x86)\\Common Files', 'PROCESSOR_IDENTIFIER': 'Intel64 Family 6 Model 30 Stepping 5, GenuineIntel', 'PROGRAMFILES': 'C:\\Program Files (x86)', 'PROCESSOR_REVISION': '1e05', 'DNSSUFFIX': 'wintest.releng.scl3.mozilla.com', 'SYSTEMROOT': 'C:\\windows', 'NO_EM_RESTART': '1', 'PROGRAMFILES(X86)': 'C:\\Program Files (x86)', 'OURDRIVE': 'C:', 'MOZ_HIDE_RESULTS_TABLE': '1', 'XPCOM_DEBUG_BREAK': 'warn', 'MONDIR': 'C:\\Monitor_config\\', 'TEMP': 'C:\\Users\\CLTBLD~1.001\\AppData\\Local\\Temp', 'COMMONPROGRAMFILES(X86)': 'C:\\Program Files (x86)\\Common Files', 'RUNLOGFILE': 'C:\\slave\\\\runslave.log', 'PROCESSOR_ARCHITECTURE': 'x86', 'ALLUSERSPROFILE': 'C:\\ProgramData', 'USERPROFILE': 'C:\\Users\\cltbld.T-W864-IX-034.001', 'LOCALAPPDATA': 'C:\\Users\\cltbld.T-W864-IX-034.001\\AppData\\Local', 'HOMEPATH': '\\Users\\cltbld.T-W864-IX-034.001', 'USERDOMAIN_ROAMINGPROFILE': 'T-W864-IX-034', 'MOZBUILDDIR': 'C:\\mozilla-build\\', 'PROGRAMW6432': 'C:\\Program Files', 'USERNAME': 'cltbld', 'LOGONSERVER': '\\\\T-W864-IX-034', 'MOZ_NO_REMOTE': '1', 'COMSPEC': 'C:\\windows\\system32\\cmd.exe', 'PROGRAMDATA': 'C:\\ProgramData', 'PROPERTIES_FILE': 'C:\\slave\\test/buildprops.json', 'PATH': 'C:\\Program Files (x86)\\NVIDIA Corporation\\PhysX\\Common;C:\\windows\\system32;C:\\windows;C:\\windows\\System32\\Wbem;C:\\windows\\System32\\WindowsPowerShell\\v1.0\\;C:\\mozilla-build\\python27;C:\\mozilla-build\\python27\\Scripts;C:\\mozilla-build\\msys\\bin;C:\\mozilla-build\\vim\\vim72;C:\\mozilla-build\\wget;C:\\mozilla-build\\info-zip;C:\\CoreUtils\\bin;C:\\mozilla-build\\buildbotve\\scripts;C:\\mozilla-build\\hg', 'PROMPT': '$P$G', 'NO_FAIL_ON_TEST_ERRORS': '1', 'PATHEXT': '.COM;.EXE;.BAT;.CMD;.VBS;.VBE;.JS;.JSE;.WSF;.WSH;.MSC', 'FP_NO_HOST_CHECK': 'NO', 'DCLOCATION': 'SCL3', 'APPDATA': 'C:\\Users\\cltbld.T-W864-IX-034.001\\AppData\\Roaming', 'HOMEDRIVE': 'C:', 'SYSTEMDRIVE': 'C:', 'SLAVEDIR': 'C:\\slave\\', 'NUMBER_OF_PROCESSORS': '8', 'PWD': 'C:\\slave\\test', 'PROCESSOR_LEVEL': '6', 'KTS_HOME': 'C:\\Program Files\\KTS', 'PROCESSOR_ARCHITEW6432': 'AMD64', 'MOZ_CRASHREPORTER_NO_REPORT': '1', 'COMMONPROGRAMW6432': 'C:\\Program Files\\Common Files', 'OS': 'Windows_NT', 'PUBLIC': 'C:\\Users\\Public', 'WINDIR': 'C:\\windows'}}, attempt #1
16:55:38     INFO - Running command: ['C:\\slave\\test\\build\\venv\\Scripts\\pip', 'install', '--timeout', '120', '--no-index', '--find-links', 'http://pypi.pvt.build.mozilla.org/pub', '--find-links', 'http://pypi.pub.build.mozilla.org/pub', '--trusted-host', 'pypi.pub.build.mozilla.org', '--trusted-host', 'pypi.pvt.build.mozilla.org', 'blobuploader==1.2.4'] in C:\slave\test\build
16:55:38     INFO - Copy/paste: C:\slave\test\build\venv\Scripts\pip install --timeout 120 --no-index --find-links http://pypi.pvt.build.mozilla.org/pub --find-links http://pypi.pub.build.mozilla.org/pub --trusted-host pypi.pub.build.mozilla.org --trusted-host pypi.pvt.build.mozilla.org blobuploader==1.2.4
16:55:38     INFO - Using env: {'ALLUSERSPROFILE': 'C:\\ProgramData',
16:55:38     INFO -  'APPDATA': 'C:\\Users\\cltbld.T-W864-IX-034.001\\AppData\\Roaming',
16:55:38     INFO -  'COMMONPROGRAMFILES': 'C:\\Program Files (x86)\\Common Files',
16:55:38     INFO -  'COMMONPROGRAMFILES(X86)': 'C:\\Program Files (x86)\\Common Files',
16:55:38     INFO -  'COMMONPROGRAMW6432': 'C:\\Program Files\\Common Files',
16:55:38     INFO -  'COMPUTERNAME': 'T-W864-IX-034',
16:55:38     INFO -  'COMSPEC': 'C:\\windows\\system32\\cmd.exe',
16:55:38     INFO -  'DCLOCATION': 'SCL3',
16:55:38     INFO -  'DNSSUFFIX': 'wintest.releng.scl3.mozilla.com',
16:55:38     INFO -  'FP_NO_HOST_CHECK': 'NO',
16:55:38     INFO -  'HOMEDRIVE': 'C:',
16:55:38     INFO -  'HOMEPATH': '\\Users\\cltbld.T-W864-IX-034.001',
16:55:38     INFO -  'KTS_HOME': 'C:\\Program Files\\KTS',
16:55:38     INFO -  'KTS_VERSION': '1.19c',
16:55:38     INFO -  'LOCALAPPDATA': 'C:\\Users\\cltbld.T-W864-IX-034.001\\AppData\\Local',
16:55:38     INFO -  'LOGONSERVER': '\\\\T-W864-IX-034',
16:55:38     INFO -  'MONDIR': 'C:\\Monitor_config\\',
16:55:38     INFO -  'MOZBUILDDIR': 'C:\\mozilla-build\\',
16:55:38     INFO -  'MOZ_CRASHREPORTER_NO_REPORT': '1',
16:55:38     INFO -  'MOZ_HIDE_RESULTS_TABLE': '1',
16:55:38     INFO -  'MOZ_NO_REMOTE': '1',
16:55:38     INFO -  'NO_EM_RESTART': '1',
16:55:38     INFO -  'NO_FAIL_ON_TEST_ERRORS': '1',
16:55:38     INFO -  'NUMBER_OF_PROCESSORS': '8',
16:55:38     INFO -  'OS': 'Windows_NT',
16:55:38     INFO -  'OURDRIVE': 'C:',
16:55:38     INFO -  'PATH': 'C:\\Program Files (x86)\\NVIDIA Corporation\\PhysX\\Common;C:\\windows\\system32;C:\\windows;C:\\windows\\System32\\Wbem;C:\\windows\\System32\\WindowsPowerShell\\v1.0\\;C:\\mozilla-build\\python27;C:\\mozilla-build\\python27\\Scripts;C:\\mozilla-build\\msys\\bin;C:\\mozilla-build\\vim\\vim72;C:\\mozilla-build\\wget;C:\\mozilla-build\\info-zip;C:\\CoreUtils\\bin;C:\\mozilla-build\\buildbotve\\scripts;C:\\mozilla-build\\hg',
16:55:38     INFO -  'PATHEXT': '.COM;.EXE;.BAT;.CMD;.VBS;.VBE;.JS;.JSE;.WSF;.WSH;.MSC',
16:55:38     INFO -  'PROCESSOR_ARCHITECTURE': 'x86',
16:55:38     INFO -  'PROCESSOR_ARCHITEW6432': 'AMD64',
16:55:38     INFO -  'PROCESSOR_IDENTIFIER': 'Intel64 Family 6 Model 30 Stepping 5, GenuineIntel',
16:55:38     INFO -  'PROCESSOR_LEVEL': '6',
16:55:38     INFO -  'PROCESSOR_REVISION': '1e05',
16:55:38     INFO -  'PROGRAMDATA': 'C:\\ProgramData',
16:55:38     INFO -  'PROGRAMFILES': 'C:\\Program Files (x86)',
16:55:38     INFO -  'PROGRAMFILES(X86)': 'C:\\Program Files (x86)',
16:55:38     INFO -  'PROGRAMW6432': 'C:\\Program Files',
16:55:38     INFO -  'PROMPT': '$P$G',
16:55:38     INFO -  'PROPERTIES_FILE': 'C:\\slave\\test/buildprops.json',
16:55:38     INFO -  'PSMODULEPATH': 'C:\\windows\\system32\\WindowsPowerShell\\v1.0\\Modules\\',
16:55:38     INFO -  'PUBLIC': 'C:\\Users\\Public',
16:55:38     INFO -  'PWD': 'C:\\slave\\test',
16:55:38     INFO -  'RUNLOGFILE': 'C:\\slave\\\\runslave.log',
16:55:38     INFO -  'SLAVEDIR': 'C:\\slave\\',
16:55:38     INFO -  'SYSTEMDRIVE': 'C:',
16:55:38     INFO -  'SYSTEMROOT': 'C:\\windows',
16:55:38     INFO -  'TEMP': 'C:\\Users\\CLTBLD~1.001\\AppData\\Local\\Temp',
16:55:38     INFO -  'TEST1': 'testie',
16:55:38     INFO -  'TMP': 'C:\\Users\\CLTBLD~1.001\\AppData\\Local\\Temp',
16:55:38     INFO -  'USERDOMAIN': 'T-W864-IX-034',
16:55:38     INFO -  'USERDOMAIN_ROAMINGPROFILE': 'T-W864-IX-034',
16:55:38     INFO -  'USERNAME': 'cltbld',
16:55:38     INFO -  'USERPROFILE': 'C:\\Users\\cltbld.T-W864-IX-034.001',
16:55:38     INFO -  'WINDIR': 'C:\\windows',
16:55:38     INFO -  'XPCOM_DEBUG_BREAK': 'warn'}
16:55:38     INFO -  Ignoring indexes: https://pypi.python.org/simple
16:55:38     INFO -  Collecting blobuploader==1.2.4
16:55:39     INFO -  Collecting docopt==0.6.1 (from blobuploader==1.2.4)
16:55:41     INFO -  Collecting requests==1.2.3. (from blobuploader==1.2.4)
16:55:42     INFO -  Installing collected packages: docopt, requests, blobuploader
16:55:42     INFO -  Successfully installed blobuploader-1.2.4 docopt-0.6.1 requests-1.2.3
16:55:43     INFO - Return code: 0
16:55:43     INFO - Installing None into virtualenv C:\slave\test\build\venv
16:55:43     INFO - retry: Calling run_command with args: [['C:\\slave\\test\\build\\venv\\Scripts\\pip', 'install', '--no-deps', '--timeout', '120', '-r', 'C:\\slave\\test\\build\\tests\\config\\marionette_requirements.txt', '--no-index', '--find-links', 'http://pypi.pvt.build.mozilla.org/pub', '--find-links', 'http://pypi.pub.build.mozilla.org/pub', '--trusted-host', 'pypi.pub.build.mozilla.org', '--trusted-host', 'pypi.pvt.build.mozilla.org']], kwargs: {'error_level': 'warning', 'error_list': [{'substr': 'not found or a compiler error:', 'level': 'warning'}, {'regex': <_sre.SRE_Pattern object at 0x0258F250>, 'level': 'error'}, {'regex': <_sre.SRE_Pattern object at 0x025A3188>, 'level': 'warning'}, {'regex': <_sre.SRE_Pattern object at 0x025CD760>, 'level': 'debug'}, {'substr': 'command not found', 'level': 'error'}, {'regex': <_sre.SRE_Pattern object at 0x004A8DE8>, 'level': 'warning'}, {'substr': 'Traceback (most recent call last)', 'level': 'error'}, {'substr': 'SyntaxError: ', 'level': 'error'}, {'substr': 'TypeError: ', 'level': 'error'}, {'substr': 'NameError: ', 'level': 'error'}, {'substr': 'ZeroDivisionError: ', 'level': 'error'}, {'regex': <_sre.SRE_Pattern object at 0x0250F230>, 'level': 'critical'}, {'regex': <_sre.SRE_Pattern object at 0x02597520>, 'level': 'critical'}], 'cwd': 'C:\\slave\\test\\build\\tests\\config', 'env': {'TMP': 'C:\\Users\\CLTBLD~1.001\\AppData\\Local\\Temp', 'TEST1': 'testie', 'COMPUTERNAME': 'T-W864-IX-034', 'USERDOMAIN': 'T-W864-IX-034', 'KTS_VERSION': '1.19c', 'PSMODULEPATH': 'C:\\windows\\system32\\WindowsPowerShell\\v1.0\\Modules\\', 'COMMONPROGRAMFILES': 'C:\\Program Files (x86)\\Common Files', 'PROCESSOR_IDENTIFIER': 'Intel64 Family 6 Model 30 Stepping 5, GenuineIntel', 'PROGRAMFILES': 'C:\\Program Files (x86)', 'PROCESSOR_REVISION': '1e05', 'DNSSUFFIX': 'wintest.releng.scl3.mozilla.com', 'SYSTEMROOT': 'C:\\windows', 'NO_EM_RESTART': '1', 'PROGRAMFILES(X86)': 'C:\\Program Files (x86)', 'OURDRIVE': 'C:', 'MOZ_HIDE_RESULTS_TABLE': '1', 'XPCOM_DEBUG_BREAK': 'warn', 'MONDIR': 'C:\\Monitor_config\\', 'TEMP': 'C:\\Users\\CLTBLD~1.001\\AppData\\Local\\Temp', 'COMMONPROGRAMFILES(X86)': 'C:\\Program Files (x86)\\Common Files', 'RUNLOGFILE': 'C:\\slave\\\\runslave.log', 'PROCESSOR_ARCHITECTURE': 'x86', 'ALLUSERSPROFILE': 'C:\\ProgramData', 'USERPROFILE': 'C:\\Users\\cltbld.T-W864-IX-034.001', 'LOCALAPPDATA': 'C:\\Users\\cltbld.T-W864-IX-034.001\\AppData\\Local', 'HOMEPATH': '\\Users\\cltbld.T-W864-IX-034.001', 'USERDOMAIN_ROAMINGPROFILE': 'T-W864-IX-034', 'MOZBUILDDIR': 'C:\\mozilla-build\\', 'PROGRAMW6432': 'C:\\Program Files', 'USERNAME': 'cltbld', 'LOGONSERVER': '\\\\T-W864-IX-034', 'MOZ_NO_REMOTE': '1', 'COMSPEC': 'C:\\windows\\system32\\cmd.exe', 'PROGRAMDATA': 'C:\\ProgramData', 'PROPERTIES_FILE': 'C:\\slave\\test/buildprops.json', 'PATH': 'C:\\Program Files (x86)\\NVIDIA Corporation\\PhysX\\Common;C:\\windows\\system32;C:\\windows;C:\\windows\\System32\\Wbem;C:\\windows\\System32\\WindowsPowerShell\\v1.0\\;C:\\mozilla-build\\python27;C:\\mozilla-build\\python27\\Scripts;C:\\mozilla-build\\msys\\bin;C:\\mozilla-build\\vim\\vim72;C:\\mozilla-build\\wget;C:\\mozilla-build\\info-zip;C:\\CoreUtils\\bin;C:\\mozilla-build\\buildbotve\\scripts;C:\\mozilla-build\\hg', 'PROMPT': '$P$G', 'NO_FAIL_ON_TEST_ERRORS': '1', 'PATHEXT': '.COM;.EXE;.BAT;.CMD;.VBS;.VBE;.JS;.JSE;.WSF;.WSH;.MSC', 'FP_NO_HOST_CHECK': 'NO', 'DCLOCATION': 'SCL3', 'APPDATA': 'C:\\Users\\cltbld.T-W864-IX-034.001\\AppData\\Roaming', 'HOMEDRIVE': 'C:', 'SYSTEMDRIVE': 'C:', 'SLAVEDIR': 'C:\\slave\\', 'NUMBER_OF_PROCESSORS': '8', 'PWD': 'C:\\slave\\test', 'PROCESSOR_LEVEL': '6', 'KTS_HOME': 'C:\\Program Files\\KTS', 'PROCESSOR_ARCHITEW6432': 'AMD64', 'MOZ_CRASHREPORTER_NO_REPORT': '1', 'COMMONPROGRAMW6432': 'C:\\Program Files\\Common Files', 'OS': 'Windows_NT', 'PUBLIC': 'C:\\Users\\Public', 'WINDIR': 'C:\\windows'}}, attempt #1
16:55:43     INFO - Running command: ['C:\\slave\\test\\build\\venv\\Scripts\\pip', 'install', '--no-deps', '--timeout', '120', '-r', 'C:\\slave\\test\\build\\tests\\config\\marionette_requirements.txt', '--no-index', '--find-links', 'http://pypi.pvt.build.mozilla.org/pub', '--find-links', 'http://pypi.pub.build.mozilla.org/pub', '--trusted-host', 'pypi.pub.build.mozilla.org', '--trusted-host', 'pypi.pvt.build.mozilla.org'] in C:\slave\test\build\tests\config
16:55:43     INFO - Copy/paste: C:\slave\test\build\venv\Scripts\pip install --no-deps --timeout 120 -r C:\slave\test\build\tests\config\marionette_requirements.txt --no-index --find-links http://pypi.pvt.build.mozilla.org/pub --find-links http://pypi.pub.build.mozilla.org/pub --trusted-host pypi.pub.build.mozilla.org --trusted-host pypi.pvt.build.mozilla.org
16:55:43     INFO - Using env: {'ALLUSERSPROFILE': 'C:\\ProgramData',
16:55:43     INFO -  'APPDATA': 'C:\\Users\\cltbld.T-W864-IX-034.001\\AppData\\Roaming',
16:55:43     INFO -  'COMMONPROGRAMFILES': 'C:\\Program Files (x86)\\Common Files',
16:55:43     INFO -  'COMMONPROGRAMFILES(X86)': 'C:\\Program Files (x86)\\Common Files',
16:55:43     INFO -  'COMMONPROGRAMW6432': 'C:\\Program Files\\Common Files',
16:55:43     INFO -  'COMPUTERNAME': 'T-W864-IX-034',
16:55:43     INFO -  'COMSPEC': 'C:\\windows\\system32\\cmd.exe',
16:55:43     INFO -  'DCLOCATION': 'SCL3',
16:55:43     INFO -  'DNSSUFFIX': 'wintest.releng.scl3.mozilla.com',
16:55:43     INFO -  'FP_NO_HOST_CHECK': 'NO',
16:55:43     INFO -  'HOMEDRIVE': 'C:',
16:55:43     INFO -  'HOMEPATH': '\\Users\\cltbld.T-W864-IX-034.001',
16:55:43     INFO -  'KTS_HOME': 'C:\\Program Files\\KTS',
16:55:43     INFO -  'KTS_VERSION': '1.19c',
16:55:43     INFO -  'LOCALAPPDATA': 'C:\\Users\\cltbld.T-W864-IX-034.001\\AppData\\Local',
16:55:43     INFO -  'LOGONSERVER': '\\\\T-W864-IX-034',
16:55:43     INFO -  'MONDIR': 'C:\\Monitor_config\\',
16:55:43     INFO -  'MOZBUILDDIR': 'C:\\mozilla-build\\',
16:55:43     INFO -  'MOZ_CRASHREPORTER_NO_REPORT': '1',
16:55:43     INFO -  'MOZ_HIDE_RESULTS_TABLE': '1',
16:55:43     INFO -  'MOZ_NO_REMOTE': '1',
16:55:43     INFO -  'NO_EM_RESTART': '1',
16:55:43     INFO -  'NO_FAIL_ON_TEST_ERRORS': '1',
16:55:43     INFO -  'NUMBER_OF_PROCESSORS': '8',
16:55:43     INFO -  'OS': 'Windows_NT',
16:55:43     INFO -  'OURDRIVE': 'C:',
16:55:43     INFO -  'PATH': 'C:\\Program Files (x86)\\NVIDIA Corporation\\PhysX\\Common;C:\\windows\\system32;C:\\windows;C:\\windows\\System32\\Wbem;C:\\windows\\System32\\WindowsPowerShell\\v1.0\\;C:\\mozilla-build\\python27;C:\\mozilla-build\\python27\\Scripts;C:\\mozilla-build\\msys\\bin;C:\\mozilla-build\\vim\\vim72;C:\\mozilla-build\\wget;C:\\mozilla-build\\info-zip;C:\\CoreUtils\\bin;C:\\mozilla-build\\buildbotve\\scripts;C:\\mozilla-build\\hg',
16:55:43     INFO -  'PATHEXT': '.COM;.EXE;.BAT;.CMD;.VBS;.VBE;.JS;.JSE;.WSF;.WSH;.MSC',
16:55:43     INFO -  'PROCESSOR_ARCHITECTURE': 'x86',
16:55:43     INFO -  'PROCESSOR_ARCHITEW6432': 'AMD64',
16:55:43     INFO -  'PROCESSOR_IDENTIFIER': 'Intel64 Family 6 Model 30 Stepping 5, GenuineIntel',
16:55:43     INFO -  'PROCESSOR_LEVEL': '6',
16:55:43     INFO -  'PROCESSOR_REVISION': '1e05',
16:55:43     INFO -  'PROGRAMDATA': 'C:\\ProgramData',
16:55:43     INFO -  'PROGRAMFILES': 'C:\\Program Files (x86)',
16:55:43     INFO -  'PROGRAMFILES(X86)': 'C:\\Program Files (x86)',
16:55:43     INFO -  'PROGRAMW6432': 'C:\\Program Files',
16:55:43     INFO -  'PROMPT': '$P$G',
16:55:43     INFO -  'PROPERTIES_FILE': 'C:\\slave\\test/buildprops.json',
16:55:43     INFO -  'PSMODULEPATH': 'C:\\windows\\system32\\WindowsPowerShell\\v1.0\\Modules\\',
16:55:43     INFO -  'PUBLIC': 'C:\\Users\\Public',
16:55:43     INFO -  'PWD': 'C:\\slave\\test',
16:55:43     INFO -  'RUNLOGFILE': 'C:\\slave\\\\runslave.log',
16:55:43     INFO -  'SLAVEDIR': 'C:\\slave\\',
16:55:43     INFO -  'SYSTEMDRIVE': 'C:',
16:55:43     INFO -  'SYSTEMROOT': 'C:\\windows',
16:55:43     INFO -  'TEMP': 'C:\\Users\\CLTBLD~1.001\\AppData\\Local\\Temp',
16:55:43     INFO -  'TEST1': 'testie',
16:55:43     INFO -  'TMP': 'C:\\Users\\CLTBLD~1.001\\AppData\\Local\\Temp',
16:55:43     INFO -  'USERDOMAIN': 'T-W864-IX-034',
16:55:43     INFO -  'USERDOMAIN_ROAMINGPROFILE': 'T-W864-IX-034',
16:55:43     INFO -  'USERNAME': 'cltbld',
16:55:43     INFO -  'USERPROFILE': 'C:\\Users\\cltbld.T-W864-IX-034.001',
16:55:43     INFO -  'WINDIR': 'C:\\windows',
16:55:43     INFO -  'XPCOM_DEBUG_BREAK': 'warn'}
16:55:43     INFO -  Ignoring indexes: https://pypi.python.org/simple
16:55:43     INFO -  Processing c:\slave\test\build\tests\mozbase\manifestparser
16:55:44     INFO -  Processing c:\slave\test\build\tests\mozbase\mozcrash
16:55:44     INFO -  Processing c:\slave\test\build\tests\mozbase\mozdebug
16:55:45     INFO -  Processing c:\slave\test\build\tests\mozbase\mozdevice
16:55:45     INFO -  Processing c:\slave\test\build\tests\mozbase\mozfile
16:55:45     INFO -  Processing c:\slave\test\build\tests\mozbase\mozhttpd
16:55:45     INFO -  Processing c:\slave\test\build\tests\mozbase\mozinfo
16:55:46     INFO -  Processing c:\slave\test\build\tests\mozbase\mozinstall
16:55:46     INFO -  Processing c:\slave\test\build\tests\mozbase\mozleak
16:55:46     INFO -  Processing c:\slave\test\build\tests\mozbase\mozlog
16:55:46     INFO -  Processing c:\slave\test\build\tests\mozbase\moznetwork
16:55:46     INFO -  Processing c:\slave\test\build\tests\mozbase\mozprocess
16:55:47     INFO -  Processing c:\slave\test\build\tests\mozbase\mozprofile
16:55:47     INFO -  Processing c:\slave\test\build\tests\mozbase\mozrunner
16:55:47     INFO -  Processing c:\slave\test\build\tests\mozbase\mozscreenshot
16:55:47     INFO -  Processing c:\slave\test\build\tests\mozbase\moztest
16:55:48     INFO -  Processing c:\slave\test\build\tests\mozbase\mozversion
16:55:48     INFO -  Processing c:\slave\test\build\tests\tools\wptserve
16:55:48     INFO -  Processing c:\slave\test\build\tests\marionette\client
16:55:48     INFO -  Processing c:\slave\test\build\tests\marionette\harness\marionette_harness\runner\mixins\browsermob-proxy-py
16:55:49     INFO -  Processing c:\slave\test\build\tests\marionette\harness
16:55:49     INFO -  Processing c:\slave\test\build\tests\marionette\puppeteer\firefox
16:55:49     INFO -  Building wheels for collected packages: browsermob-proxy
16:55:50     INFO -    Running setup.py bdist_wheel for browsermob-proxy: started
16:55:51     INFO -    Running setup.py bdist_wheel for browsermob-proxy: finished with status 'done'
16:55:51     INFO -    Stored in directory: C:\Users\cltbld.T-W864-IX-034.001\AppData\Local\pip\Cache\wheels\08\c0\29\e3a3f32d6ca19470885c6032e6c0a54976e207f709e0326988
16:55:52     INFO -  Successfully built browsermob-proxy
16:55:52     INFO -  Installing collected packages: manifestparser, mozcrash, mozdebug, mozdevice, mozfile, mozhttpd, mozinfo, mozInstall, mozleak, mozlog, moznetwork, mozprocess, mozprofile, mozrunner, mozscreenshot, moztest, mozversion, wptserve, marionette-driver, browsermob-proxy, marionette-harness, firefox-puppeteer
16:55:52     INFO -    Running setup.py install for manifestparser: started
16:55:52     INFO -      Running setup.py install for manifestparser: finished with status 'done'
16:55:52     INFO -    Running setup.py install for mozcrash: started
16:55:52     INFO -      Running setup.py install for mozcrash: finished with status 'done'
16:55:53     INFO -    Running setup.py install for mozdebug: started
16:55:53     INFO -      Running setup.py install for mozdebug: finished with status 'done'
16:55:53     INFO -    Running setup.py install for mozdevice: started
16:55:53     INFO -      Running setup.py install for mozdevice: finished with status 'done'
16:55:54     INFO -    Running setup.py install for mozfile: started
16:55:54     INFO -      Running setup.py install for mozfile: finished with status 'done'
16:55:54     INFO -    Running setup.py install for mozhttpd: started
16:55:55     INFO -      Running setup.py install for mozhttpd: finished with status 'done'
16:55:55     INFO -    Running setup.py install for mozinfo: started
16:55:55     INFO -      Running setup.py install for mozinfo: finished with status 'done'
16:55:55     INFO -    Running setup.py install for mozInstall: started
16:55:56     INFO -      Running setup.py install for mozInstall: finished with status 'done'
16:55:56     INFO -    Running setup.py install for mozleak: started
16:55:56     INFO -      Running setup.py install for mozleak: finished with status 'done'
16:55:56     INFO -    Running setup.py install for mozlog: started
16:55:57     INFO -      Running setup.py install for mozlog: finished with status 'done'
16:55:57     INFO -    Running setup.py install for moznetwork: started
16:55:58     INFO -      Running setup.py install for moznetwork: finished with status 'done'
16:55:58     INFO -    Running setup.py install for mozprocess: started
16:55:58     INFO -      Running setup.py install for mozprocess: finished with status 'done'
16:55:59     INFO -    Running setup.py install for mozprofile: started
16:55:59     INFO -      Running setup.py install for mozprofile: finished with status 'done'
16:55:59     INFO -    Running setup.py install for mozrunner: started
16:56:00     INFO -      Running setup.py install for mozrunner: finished with status 'done'
16:56:00     INFO -    Running setup.py install for mozscreenshot: started
16:56:01     INFO -      Running setup.py install for mozscreenshot: finished with status 'done'
16:56:01     INFO -    Running setup.py install for moztest: started
16:56:01     INFO -      Running setup.py install for moztest: finished with status 'done'
16:56:01     INFO -    Running setup.py install for mozversion: started
16:56:01     INFO -      Running setup.py install for mozversion: finished with status 'done'
16:56:02     INFO -    Running setup.py install for wptserve: started
16:56:02     INFO -      Running setup.py install for wptserve: finished with status 'done'
16:56:03     INFO -    Running setup.py install for marionette-driver: started
16:56:03     INFO -      Running setup.py install for marionette-driver: finished with status 'done'
16:56:03     INFO -    Running setup.py install for marionette-harness: started
16:56:04     INFO -      Running setup.py install for marionette-harness: finished with status 'done'
16:56:05     INFO -    Running setup.py install for firefox-puppeteer: started
16:56:05     INFO -      Running setup.py install for firefox-puppeteer: finished with status 'done'
16:56:06     INFO -  Successfully installed browsermob-proxy-0.6.0 firefox-puppeteer-52.1.0 manifestparser-1.1 marionette-driver-2.2.0 marionette-harness-4.0.0 mozInstall-1.12 mozcrash-1.0 mozdebug-0.1 mozdevice-0.48 mozfile-1.2 mozhttpd-0.7 mozinfo-0.9 mozleak-0.1 mozlog-3.4 moznetwork-0.27 mozprocess-0.23 mozprofile-0.28 mozrunner-6.13 mozscreenshot-0.1 moztest-0.8 mozversion-1.4 wptserve-1.4.0
16:56:06     INFO - Return code: 0
16:56:06     INFO - Installing None into virtualenv C:\slave\test\build\venv
16:56:06     INFO - retry: Calling run_command with args: [['C:\\slave\\test\\build\\venv\\Scripts\\pip', 'install', '--timeout', '120', '-r', 'C:\\slave\\test\\build\\tests\\config\\marionette_requirements.txt', '--no-index', '--find-links', 'http://pypi.pvt.build.mozilla.org/pub', '--find-links', 'http://pypi.pub.build.mozilla.org/pub', '--trusted-host', 'pypi.pub.build.mozilla.org', '--trusted-host', 'pypi.pvt.build.mozilla.org']], kwargs: {'error_level': 'warning', 'error_list': [{'substr': 'not found or a compiler error:', 'level': 'warning'}, {'regex': <_sre.SRE_Pattern object at 0x0258F250>, 'level': 'error'}, {'regex': <_sre.SRE_Pattern object at 0x025A3188>, 'level': 'warning'}, {'regex': <_sre.SRE_Pattern object at 0x025CD760>, 'level': 'debug'}, {'substr': 'command not found', 'level': 'error'}, {'regex': <_sre.SRE_Pattern object at 0x004A8DE8>, 'level': 'warning'}, {'substr': 'Traceback (most recent call last)', 'level': 'error'}, {'substr': 'SyntaxError: ', 'level': 'error'}, {'substr': 'TypeError: ', 'level': 'error'}, {'substr': 'NameError: ', 'level': 'error'}, {'substr': 'ZeroDivisionError: ', 'level': 'error'}, {'regex': <_sre.SRE_Pattern object at 0x0250F230>, 'level': 'critical'}, {'regex': <_sre.SRE_Pattern object at 0x02597520>, 'level': 'critical'}], 'cwd': 'C:\\slave\\test\\build\\tests\\config', 'env': {'TMP': 'C:\\Users\\CLTBLD~1.001\\AppData\\Local\\Temp', 'TEST1': 'testie', 'COMPUTERNAME': 'T-W864-IX-034', 'USERDOMAIN': 'T-W864-IX-034', 'KTS_VERSION': '1.19c', 'PSMODULEPATH': 'C:\\windows\\system32\\WindowsPowerShell\\v1.0\\Modules\\', 'COMMONPROGRAMFILES': 'C:\\Program Files (x86)\\Common Files', 'PROCESSOR_IDENTIFIER': 'Intel64 Family 6 Model 30 Stepping 5, GenuineIntel', 'PROGRAMFILES': 'C:\\Program Files (x86)', 'PROCESSOR_REVISION': '1e05', 'DNSSUFFIX': 'wintest.releng.scl3.mozilla.com', 'SYSTEMROOT': 'C:\\windows', 'NO_EM_RESTART': '1', 'PROGRAMFILES(X86)': 'C:\\Program Files (x86)', 'OURDRIVE': 'C:', 'MOZ_HIDE_RESULTS_TABLE': '1', 'XPCOM_DEBUG_BREAK': 'warn', 'MONDIR': 'C:\\Monitor_config\\', 'TEMP': 'C:\\Users\\CLTBLD~1.001\\AppData\\Local\\Temp', 'COMMONPROGRAMFILES(X86)': 'C:\\Program Files (x86)\\Common Files', 'RUNLOGFILE': 'C:\\slave\\\\runslave.log', 'PROCESSOR_ARCHITECTURE': 'x86', 'ALLUSERSPROFILE': 'C:\\ProgramData', 'USERPROFILE': 'C:\\Users\\cltbld.T-W864-IX-034.001', 'LOCALAPPDATA': 'C:\\Users\\cltbld.T-W864-IX-034.001\\AppData\\Local', 'HOMEPATH': '\\Users\\cltbld.T-W864-IX-034.001', 'USERDOMAIN_ROAMINGPROFILE': 'T-W864-IX-034', 'MOZBUILDDIR': 'C:\\mozilla-build\\', 'PROGRAMW6432': 'C:\\Program Files', 'USERNAME': 'cltbld', 'LOGONSERVER': '\\\\T-W864-IX-034', 'MOZ_NO_REMOTE': '1', 'COMSPEC': 'C:\\windows\\system32\\cmd.exe', 'PROGRAMDATA': 'C:\\ProgramData', 'PROPERTIES_FILE': 'C:\\slave\\test/buildprops.json', 'PATH': 'C:\\Program Files (x86)\\NVIDIA Corporation\\PhysX\\Common;C:\\windows\\system32;C:\\windows;C:\\windows\\System32\\Wbem;C:\\windows\\System32\\WindowsPowerShell\\v1.0\\;C:\\mozilla-build\\python27;C:\\mozilla-build\\python27\\Scripts;C:\\mozilla-build\\msys\\bin;C:\\mozilla-build\\vim\\vim72;C:\\mozilla-build\\wget;C:\\mozilla-build\\info-zip;C:\\CoreUtils\\bin;C:\\mozilla-build\\buildbotve\\scripts;C:\\mozilla-build\\hg', 'PROMPT': '$P$G', 'NO_FAIL_ON_TEST_ERRORS': '1', 'PATHEXT': '.COM;.EXE;.BAT;.CMD;.VBS;.VBE;.JS;.JSE;.WSF;.WSH;.MSC', 'FP_NO_HOST_CHECK': 'NO', 'DCLOCATION': 'SCL3', 'APPDATA': 'C:\\Users\\cltbld.T-W864-IX-034.001\\AppData\\Roaming', 'HOMEDRIVE': 'C:', 'SYSTEMDRIVE': 'C:', 'SLAVEDIR': 'C:\\slave\\', 'NUMBER_OF_PROCESSORS': '8', 'PWD': 'C:\\slave\\test', 'PROCESSOR_LEVEL': '6', 'KTS_HOME': 'C:\\Program Files\\KTS', 'PROCESSOR_ARCHITEW6432': 'AMD64', 'MOZ_CRASHREPORTER_NO_REPORT': '1', 'COMMONPROGRAMW6432': 'C:\\Program Files\\Common Files', 'OS': 'Windows_NT', 'PUBLIC': 'C:\\Users\\Public', 'WINDIR': 'C:\\windows'}}, attempt #1
16:56:06     INFO - Running command: ['C:\\slave\\test\\build\\venv\\Scripts\\pip', 'install', '--timeout', '120', '-r', 'C:\\slave\\test\\build\\tests\\config\\marionette_requirements.txt', '--no-index', '--find-links', 'http://pypi.pvt.build.mozilla.org/pub', '--find-links', 'http://pypi.pub.build.mozilla.org/pub', '--trusted-host', 'pypi.pub.build.mozilla.org', '--trusted-host', 'pypi.pvt.build.mozilla.org'] in C:\slave\test\build\tests\config
16:56:06     INFO - Copy/paste: C:\slave\test\build\venv\Scripts\pip install --timeout 120 -r C:\slave\test\build\tests\config\marionette_requirements.txt --no-index --find-links http://pypi.pvt.build.mozilla.org/pub --find-links http://pypi.pub.build.mozilla.org/pub --trusted-host pypi.pub.build.mozilla.org --trusted-host pypi.pvt.build.mozilla.org
16:56:06     INFO - Using env: {'ALLUSERSPROFILE': 'C:\\ProgramData',
16:56:06     INFO -  'APPDATA': 'C:\\Users\\cltbld.T-W864-IX-034.001\\AppData\\Roaming',
16:56:06     INFO -  'COMMONPROGRAMFILES': 'C:\\Program Files (x86)\\Common Files',
16:56:06     INFO -  'COMMONPROGRAMFILES(X86)': 'C:\\Program Files (x86)\\Common Files',
16:56:06     INFO -  'COMMONPROGRAMW6432': 'C:\\Program Files\\Common Files',
16:56:06     INFO -  'COMPUTERNAME': 'T-W864-IX-034',
16:56:06     INFO -  'COMSPEC': 'C:\\windows\\system32\\cmd.exe',
16:56:06     INFO -  'DCLOCATION': 'SCL3',
16:56:06     INFO -  'DNSSUFFIX': 'wintest.releng.scl3.mozilla.com',
16:56:06     INFO -  'FP_NO_HOST_CHECK': 'NO',
16:56:06     INFO -  'HOMEDRIVE': 'C:',
16:56:06     INFO -  'HOMEPATH': '\\Users\\cltbld.T-W864-IX-034.001',
16:56:06     INFO -  'KTS_HOME': 'C:\\Program Files\\KTS',
16:56:06     INFO -  'KTS_VERSION': '1.19c',
16:56:06     INFO -  'LOCALAPPDATA': 'C:\\Users\\cltbld.T-W864-IX-034.001\\AppData\\Local',
16:56:06     INFO -  'LOGONSERVER': '\\\\T-W864-IX-034',
16:56:06     INFO -  'MONDIR': 'C:\\Monitor_config\\',
16:56:06     INFO -  'MOZBUILDDIR': 'C:\\mozilla-build\\',
16:56:06     INFO -  'MOZ_CRASHREPORTER_NO_REPORT': '1',
16:56:06     INFO -  'MOZ_HIDE_RESULTS_TABLE': '1',
16:56:06     INFO -  'MOZ_NO_REMOTE': '1',
16:56:06     INFO -  'NO_EM_RESTART': '1',
16:56:06     INFO -  'NO_FAIL_ON_TEST_ERRORS': '1',
16:56:06     INFO -  'NUMBER_OF_PROCESSORS': '8',
16:56:06     INFO -  'OS': 'Windows_NT',
16:56:06     INFO -  'OURDRIVE': 'C:',
16:56:06     INFO -  'PATH': 'C:\\Program Files (x86)\\NVIDIA Corporation\\PhysX\\Common;C:\\windows\\system32;C:\\windows;C:\\windows\\System32\\Wbem;C:\\windows\\System32\\WindowsPowerShell\\v1.0\\;C:\\mozilla-build\\python27;C:\\mozilla-build\\python27\\Scripts;C:\\mozilla-build\\msys\\bin;C:\\mozilla-build\\vim\\vim72;C:\\mozilla-build\\wget;C:\\mozilla-build\\info-zip;C:\\CoreUtils\\bin;C:\\mozilla-build\\buildbotve\\scripts;C:\\mozilla-build\\hg',
16:56:06     INFO -  'PATHEXT': '.COM;.EXE;.BAT;.CMD;.VBS;.VBE;.JS;.JSE;.WSF;.WSH;.MSC',
16:56:06     INFO -  'PROCESSOR_ARCHITECTURE': 'x86',
16:56:06     INFO -  'PROCESSOR_ARCHITEW6432': 'AMD64',
16:56:06     INFO -  'PROCESSOR_IDENTIFIER': 'Intel64 Family 6 Model 30 Stepping 5, GenuineIntel',
16:56:06     INFO -  'PROCESSOR_LEVEL': '6',
16:56:06     INFO -  'PROCESSOR_REVISION': '1e05',
16:56:06     INFO -  'PROGRAMDATA': 'C:\\ProgramData',
16:56:06     INFO -  'PROGRAMFILES': 'C:\\Program Files (x86)',
16:56:06     INFO -  'PROGRAMFILES(X86)': 'C:\\Program Files (x86)',
16:56:06     INFO -  'PROGRAMW6432': 'C:\\Program Files',
16:56:06     INFO -  'PROMPT': '$P$G',
16:56:06     INFO -  'PROPERTIES_FILE': 'C:\\slave\\test/buildprops.json',
16:56:06     INFO -  'PSMODULEPATH': 'C:\\windows\\system32\\WindowsPowerShell\\v1.0\\Modules\\',
16:56:06     INFO -  'PUBLIC': 'C:\\Users\\Public',
16:56:06     INFO -  'PWD': 'C:\\slave\\test',
16:56:06     INFO -  'RUNLOGFILE': 'C:\\slave\\\\runslave.log',
16:56:06     INFO -  'SLAVEDIR': 'C:\\slave\\',
16:56:06     INFO -  'SYSTEMDRIVE': 'C:',
16:56:06     INFO -  'SYSTEMROOT': 'C:\\windows',
16:56:06     INFO -  'TEMP': 'C:\\Users\\CLTBLD~1.001\\AppData\\Local\\Temp',
16:56:06     INFO -  'TEST1': 'testie',
16:56:06     INFO -  'TMP': 'C:\\Users\\CLTBLD~1.001\\AppData\\Local\\Temp',
16:56:06     INFO -  'USERDOMAIN': 'T-W864-IX-034',
16:56:06     INFO -  'USERDOMAIN_ROAMINGPROFILE': 'T-W864-IX-034',
16:56:06     INFO -  'USERNAME': 'cltbld',
16:56:06     INFO -  'USERPROFILE': 'C:\\Users\\cltbld.T-W864-IX-034.001',
16:56:06     INFO -  'WINDIR': 'C:\\windows',
16:56:06     INFO -  'XPCOM_DEBUG_BREAK': 'warn'}
16:56:07     INFO -  Ignoring indexes: https://pypi.python.org/simple
16:56:07     INFO -  Processing c:\slave\test\build\tests\mozbase\manifestparser
16:56:07     INFO -    Requirement already satisfied (use --upgrade to upgrade): manifestparser==1.1 from file:///C:/slave/test/build/tests/mozbase/manifestparser in c:\slave\test\build\venv\lib\site-packages (from -r C:\slave\test\build\tests\config\mozbase_requirements.txt (line 1))
16:56:07     INFO -  Processing c:\slave\test\build\tests\mozbase\mozcrash
16:56:07     INFO -    Requirement already satisfied (use --upgrade to upgrade): mozcrash==1.0 from file:///C:/slave/test/build/tests/mozbase/mozcrash in c:\slave\test\build\venv\lib\site-packages (from -r C:\slave\test\build\tests\config\mozbase_requirements.txt (line 2))
16:56:07     INFO -  Processing c:\slave\test\build\tests\mozbase\mozdebug
16:56:08     INFO -    Requirement already satisfied (use --upgrade to upgrade): mozdebug==0.1 from file:///C:/slave/test/build/tests/mozbase/mozdebug in c:\slave\test\build\venv\lib\site-packages (from -r C:\slave\test\build\tests\config\mozbase_requirements.txt (line 3))
16:56:08     INFO -  Processing c:\slave\test\build\tests\mozbase\mozdevice
16:56:08     INFO -    Requirement already satisfied (use --upgrade to upgrade): mozdevice==0.48 from file:///C:/slave/test/build/tests/mozbase/mozdevice in c:\slave\test\build\venv\lib\site-packages (from -r C:\slave\test\build\tests\config\mozbase_requirements.txt (line 4))
16:56:08     INFO -  Processing c:\slave\test\build\tests\mozbase\mozfile
16:56:08     INFO -    Requirement already satisfied (use --upgrade to upgrade): mozfile==1.2 from file:///C:/slave/test/build/tests/mozbase/mozfile in c:\slave\test\build\venv\lib\site-packages (from -r C:\slave\test\build\tests\config\mozbase_requirements.txt (line 5))
16:56:08     INFO -  Processing c:\slave\test\build\tests\mozbase\mozhttpd
16:56:08     INFO -    Requirement already satisfied (use --upgrade to upgrade): mozhttpd==0.7 from file:///C:/slave/test/build/tests/mozbase/mozhttpd in c:\slave\test\build\venv\lib\site-packages (from -r C:\slave\test\build\tests\config\mozbase_requirements.txt (line 6))
16:56:08     INFO -  Processing c:\slave\test\build\tests\mozbase\mozinfo
16:56:09     INFO -    Requirement already satisfied (use --upgrade to upgrade): mozinfo==0.9 from file:///C:/slave/test/build/tests/mozbase/mozinfo in c:\slave\test\build\venv\lib\site-packages (from -r C:\slave\test\build\tests\config\mozbase_requirements.txt (line 7))
16:56:09     INFO -  Processing c:\slave\test\build\tests\mozbase\mozinstall
16:56:09     INFO -    Requirement already satisfied (use --upgrade to upgrade): mozInstall==1.12 from file:///C:/slave/test/build/tests/mozbase/mozinstall in c:\slave\test\build\venv\lib\site-packages (from -r C:\slave\test\build\tests\config\mozbase_requirements.txt (line 8))
16:56:09     INFO -  Processing c:\slave\test\build\tests\mozbase\mozleak
16:56:09     INFO -    Requirement already satisfied (use --upgrade to upgrade): mozleak==0.1 from file:///C:/slave/test/build/tests/mozbase/mozleak in c:\slave\test\build\venv\lib\site-packages (from -r C:\slave\test\build\tests\config\mozbase_requirements.txt (line 9))
16:56:09     INFO -  Processing c:\slave\test\build\tests\mozbase\mozlog
16:56:09     INFO -    Requirement already satisfied (use --upgrade to upgrade): mozlog==3.4 from file:///C:/slave/test/build/tests/mozbase/mozlog in c:\slave\test\build\venv\lib\site-packages (from -r C:\slave\test\build\tests\config\mozbase_requirements.txt (line 10))
16:56:09     INFO -  Processing c:\slave\test\build\tests\mozbase\moznetwork
16:56:10     INFO -    Requirement already satisfied (use --upgrade to upgrade): moznetwork==0.27 from file:///C:/slave/test/build/tests/mozbase/moznetwork in c:\slave\test\build\venv\lib\site-packages (from -r C:\slave\test\build\tests\config\mozbase_requirements.txt (line 11))
16:56:10     INFO -  Processing c:\slave\test\build\tests\mozbase\mozprocess
16:56:10     INFO -    Requirement already satisfied (use --upgrade to upgrade): mozprocess==0.23 from file:///C:/slave/test/build/tests/mozbase/mozprocess in c:\slave\test\build\venv\lib\site-packages (from -r C:\slave\test\build\tests\config\mozbase_requirements.txt (line 12))
16:56:10     INFO -  Processing c:\slave\test\build\tests\mozbase\mozprofile
16:56:10     INFO -    Requirement already satisfied (use --upgrade to upgrade): mozprofile==0.28 from file:///C:/slave/test/build/tests/mozbase/mozprofile in c:\slave\test\build\venv\lib\site-packages (from -r C:\slave\test\build\tests\config\mozbase_requirements.txt (line 13))
16:56:10     INFO -  Processing c:\slave\test\build\tests\mozbase\mozrunner
16:56:10     INFO -    Requirement already satisfied (use --upgrade to upgrade): mozrunner==6.13 from file:///C:/slave/test/build/tests/mozbase/mozrunner in c:\slave\test\build\venv\lib\site-packages (from -r C:\slave\test\build\tests\config\mozbase_requirements.txt (line 14))
16:56:10     INFO -  Processing c:\slave\test\build\tests\mozbase\mozscreenshot
16:56:11     INFO -    Requirement already satisfied (use --upgrade to upgrade): mozscreenshot==0.1 from file:///C:/slave/test/build/tests/mozbase/mozscreenshot in c:\slave\test\build\venv\lib\site-packages (from -r C:\slave\test\build\tests\config\mozbase_requirements.txt (line 15))
16:56:11     INFO -  Processing c:\slave\test\build\tests\mozbase\moztest
16:56:11     INFO -    Requirement already satisfied (use --upgrade to upgrade): moztest==0.8 from file:///C:/slave/test/build/tests/mozbase/moztest in c:\slave\test\build\venv\lib\site-packages (from -r C:\slave\test\build\tests\config\mozbase_requirements.txt (line 16))
16:56:11     INFO -  Processing c:\slave\test\build\tests\mozbase\mozversion
16:56:11     INFO -    Requirement already satisfied (use --upgrade to upgrade): mozversion==1.4 from file:///C:/slave/test/build/tests/mozbase/mozversion in c:\slave\test\build\venv\lib\site-packages (from -r C:\slave\test\build\tests\config\mozbase_requirements.txt (line 17))
16:56:11     INFO -  Processing c:\slave\test\build\tests\tools\wptserve
16:56:12     INFO -    Requirement already satisfied (use --upgrade to upgrade): wptserve==1.4.0 from file:///C:/slave/test/build/tests/tools/wptserve in c:\slave\test\build\venv\lib\site-packages (from -r C:\slave\test\build\tests\config\marionette_requirements.txt (line 3))
16:56:12     INFO -  Processing c:\slave\test\build\tests\marionette\client
16:56:12     INFO -    Requirement already satisfied (use --upgrade to upgrade): marionette-driver==2.2.0 from file:///C:/slave/test/build/tests/marionette/client in c:\slave\test\build\venv\lib\site-packages (from -r C:\slave\test\build\tests\config\marionette_requirements.txt (line 4))
16:56:12     INFO -  Processing c:\slave\test\build\tests\marionette\harness\marionette_harness\runner\mixins\browsermob-proxy-py
16:56:12     INFO -    Requirement already satisfied (use --upgrade to upgrade): browsermob-proxy==0.6.0 from file:///C:/slave/test/build/tests/marionette/harness/marionette_harness/runner/mixins/browsermob-proxy-py in c:\slave\test\build\venv\lib\site-packages (from -r C:\slave\test\build\tests\config\marionette_requirements.txt (line 5))
16:56:12     INFO -  Processing c:\slave\test\build\tests\marionette\harness
16:56:12     INFO -    Requirement already satisfied (use --upgrade to upgrade): marionette-harness==4.0.0 from file:///C:/slave/test/build/tests/marionette/harness in c:\slave\test\build\venv\lib\site-packages (from -r C:\slave\test\build\tests\config\marionette_requirements.txt (line 6))
16:56:12     INFO -  Processing c:\slave\test\build\tests\marionette\puppeteer\firefox
16:56:13     INFO -    Requirement already satisfied (use --upgrade to upgrade): firefox-puppeteer==52.1.0 from file:///C:/slave/test/build/tests/marionette/puppeteer/firefox in c:\slave\test\build\venv\lib\site-packages (from -r C:\slave\test\build\tests\config\marionette_requirements.txt (line 9))
16:56:13     INFO -  Requirement already satisfied (use --upgrade to upgrade): mozfile>=1.0 in c:\slave\test\build\venv\lib\site-packages (from mozcrash==1.0->-r C:\slave\test\build\tests\config\mozbase_requirements.txt (line 2))
16:56:13     INFO -  Requirement already satisfied (use --upgrade to upgrade): mozlog>=3.0 in c:\slave\test\build\venv\lib\site-packages (from mozcrash==1.0->-r C:\slave\test\build\tests\config\mozbase_requirements.txt (line 2))
16:56:13     INFO -  Requirement already satisfied (use --upgrade to upgrade): mozinfo in c:\slave\test\build\venv\lib\site-packages (from mozdebug==0.1->-r C:\slave\test\build\tests\config\mozbase_requirements.txt (line 3))
16:56:13     INFO -  Requirement already satisfied (use --upgrade to upgrade): moznetwork>=0.24 in c:\slave\test\build\venv\lib\site-packages (from mozdevice==0.48->-r C:\slave\test\build\tests\config\mozbase_requirements.txt (line 4))
16:56:13     INFO -  Requirement already satisfied (use --upgrade to upgrade): mozprocess>=0.19 in c:\slave\test\build\venv\lib\site-packages (from mozdevice==0.48->-r C:\slave\test\build\tests\config\mozbase_requirements.txt (line 4))
16:56:13     INFO -  Collecting blessings>=1.3 (from mozlog==3.4->-r C:\slave\test\build\tests\config\mozbase_requirements.txt (line 10))
16:56:14     INFO -  Requirement already satisfied (use --upgrade to upgrade): requests>=1.1.0 in c:\slave\test\build\venv\lib\site-packages (from browsermob-proxy==0.6.0->-r C:\slave\test\build\tests\config\marionette_requirements.txt (line 5))
16:56:14     INFO -  Building wheels for collected packages: browsermob-proxy
16:56:14     INFO -    Running setup.py bdist_wheel for browsermob-proxy: started
16:56:15     INFO -    Running setup.py bdist_wheel for browsermob-proxy: finished with status 'done'
16:56:15     INFO -    Stored in directory: C:\Users\cltbld.T-W864-IX-034.001\AppData\Local\pip\Cache\wheels\08\c0\29\e3a3f32d6ca19470885c6032e6c0a54976e207f709e0326988
16:56:15     INFO -  Successfully built browsermob-proxy
16:56:15     INFO -  Installing collected packages: blessings
16:56:15     INFO -  Successfully installed blessings-1.6
16:56:20     INFO - Return code: 0
16:56:20     INFO - Done creating virtualenv C:\slave\test\build\venv.
16:56:20     INFO - Getting output from command: ['C:\\slave\\test\\build\\venv\\Scripts\\pip', 'freeze']
16:56:20     INFO - Copy/paste: C:\slave\test\build\venv\Scripts\pip freeze
16:56:21     INFO - Reading from file tmpfile_stdout
16:56:21     INFO - Reading from file tmpfile_stderr
16:56:21     INFO - Using _rmtree_windows ...
16:56:21     INFO - Using _rmtree_windows ...
16:56:21     INFO - Current package versions:
16:56:21     INFO -   blessings == 1.6
16:56:21     INFO -   blobuploader == 1.2.4
16:56:21     INFO -   browsermob-proxy == 0.6.0
16:56:21     INFO -   docopt == 0.6.1
16:56:21     INFO -   firefox-puppeteer == 52.1.0
16:56:21     INFO -   functools32 == 3.2.3.post2
16:56:21     INFO -   jsonschema == 2.5.1
16:56:21     INFO -   manifestparser == 1.1
16:56:21     INFO -   marionette-driver == 2.2.0
16:56:21     INFO -   marionette-harness == 4.0.0
16:56:21     INFO -   mozInstall == 1.12
16:56:21     INFO -   mozcrash == 1.0
16:56:21     INFO -   mozdebug == 0.1
16:56:21     INFO -   mozdevice == 0.48
16:56:21     INFO -   mozfile == 1.2
16:56:21     INFO -   mozhttpd == 0.7
16:56:21     INFO -   mozinfo == 0.9
16:56:21     INFO -   mozleak == 0.1
16:56:21     INFO -   mozlog == 3.4
16:56:21     INFO -   moznetwork == 0.27
16:56:21     INFO -   mozprocess == 0.23
16:56:21     INFO -   mozprofile == 0.28
16:56:21     INFO -   mozrunner == 6.13
16:56:21     INFO -   mozscreenshot == 0.1
16:56:21     INFO -   mozsystemmonitor == 0.3
16:56:21     INFO -   moztest == 0.8
16:56:21     INFO -   mozversion == 1.4
16:56:21     INFO -   psutil == 5.4.3
16:56:21     INFO -   requests == 1.2.3
16:56:21     INFO -   wptserve == 1.4.0
16:56:21     INFO - Running post-action listener: _resource_record_post_action
16:56:21     INFO - Running post-action listener: _start_resource_monitoring
16:56:21     INFO - Starting resource monitoring.
16:56:21     INFO - [mozharness: 2018-06-08 23:56:21.646000Z] Finished create-virtualenv step (success)
16:56:21     INFO - [mozharness: 2018-06-08 23:56:21.646000Z] Running pull step.
16:56:21     INFO - Running pre-action listener: _resource_record_pre_action
16:56:21     INFO - Running main action method: pull
16:56:21     INFO - Pull has nothing to do!
16:56:21     INFO - Running post-action listener: _resource_record_post_action
16:56:21     INFO - [mozharness: 2018-06-08 23:56:21.646000Z] Finished pull step (success)
16:56:21     INFO - [mozharness: 2018-06-08 23:56:21.647000Z] Running install step.
16:56:21     INFO - Running pre-action listener: _resource_record_pre_action
16:56:21     INFO - Running main action method: install
16:56:21     INFO - Getting output from command: ['C:\\slave\\test\\build\\venv\\Scripts\\pip', 'freeze']
16:56:21     INFO - Copy/paste: C:\slave\test\build\venv\Scripts\pip freeze
16:56:22     INFO - Reading from file tmpfile_stdout
16:56:22     INFO - Reading from file tmpfile_stderr
16:56:22     INFO - Using _rmtree_windows ...
16:56:22     INFO - Using _rmtree_windows ...
16:56:22     INFO - Detecting whether we're running mozinstall >=1.0...
16:56:22     INFO - Getting output from command: ['C:\\slave\\test/build/venv/scripts/python', 'C:\\slave\\test/build/venv/scripts/mozinstall-script.py', '-h']
16:56:22     INFO - Copy/paste: C:\slave\test/build/venv/scripts/python C:\slave\test/build/venv/scripts/mozinstall-script.py -h
16:56:22     INFO - Reading from file tmpfile_stdout
16:56:22     INFO - Output received:
16:56:22     INFO -  Usage: mozinstall-script.py [options] installer
16:56:22     INFO -  Options:
16:56:22     INFO -    -h, --help            show this help message and exit
16:56:22     INFO -    -d DEST, --destination=DEST
16:56:22     INFO -                          Directory to install application into. [default:
16:56:22     INFO -                          "C:\slave\test"]
16:56:22     INFO -    --app=APP             Application being installed. [default: firefox]
16:56:22     INFO - Using _rmtree_windows ...
16:56:22     INFO - Using _rmtree_windows ...
16:56:22     INFO - mkdir: C:\slave\test\build\application
16:56:22     INFO - Getting output from command: ['C:\\slave\\test/build/venv/scripts/python', 'C:\\slave\\test/build/venv/scripts/mozinstall-script.py', 'C:\\slave\\test\\build\\firefox-52.8.2.en-US.win64.zip', '--destination', 'C:\\slave\\test\\build\\application']
16:56:22     INFO - Copy/paste: C:\slave\test/build/venv/scripts/python C:\slave\test/build/venv/scripts/mozinstall-script.py C:\slave\test\build\firefox-52.8.2.en-US.win64.zip --destination C:\slave\test\build\application
ProcessManager NOT managing child processes
16:56:27     INFO - Reading from file tmpfile_stdout
16:56:27     INFO - Output received:
16:56:27     INFO -  C:\slave\test\build\application\firefox\firefox.exe
16:56:27     INFO - Using _rmtree_windows ...
16:56:27     INFO - Using _rmtree_windows ...
16:56:27     INFO - Running post-action listener: _resource_record_post_action
16:56:27     INFO - [mozharness: 2018-06-08 23:56:27.715000Z] Finished install step (success)
16:56:27     INFO - [mozharness: 2018-06-08 23:56:27.715000Z] Running run-tests step.
16:56:27     INFO - Running pre-action listener: _resource_record_pre_action
16:56:27     INFO - Running main action method: run_tests
16:56:27     INFO - mkdir: C:\slave\test\build\blobber_upload_dir
16:56:27     INFO - Minidump filename unknown. Determining based upon platform and architecture.
16:56:27     INFO - Minidump tooltool manifest unknown. Determining based upon platform and architecture.
16:56:27     INFO - grabbing minidump binary from tooltool
16:56:27     INFO - retry: Calling run_command with args: (['c:\\mozilla-build\\python27\\python.exe', 'C:/mozilla-build/tooltool.py', '--url', 'https://api.pub.build.mozilla.org/tooltool/', '--authentication-file', 'c:\\builds\\relengapi.tok', 'fetch', '-m', 'C:\\slave\\test\\build\\tests\\config/tooltool-manifests/win32/releng.manifest', '-o'],), kwargs: {'output_timeout': 600, 'error_list': [{'substr': 'command not found', 'level': 'error'}, {'regex': <_sre.SRE_Pattern object at 0x004A8DE8>, 'level': 'warning'}, {'substr': 'Traceback (most recent call last)', 'level': 'error'}, {'substr': 'SyntaxError: ', 'level': 'error'}, {'substr': 'TypeError: ', 'level': 'error'}, {'substr': 'NameError: ', 'level': 'error'}, {'substr': 'ZeroDivisionError: ', 'level': 'error'}, {'regex': <_sre.SRE_Pattern object at 0x0250F230>, 'level': 'critical'}, {'regex': <_sre.SRE_Pattern object at 0x02597520>, 'level': 'critical'}, {'substr': 'ERROR - ', 'level': 'error'}], 'cwd': 'C:\\slave\\test\\build', 'privileged': False}, attempt #1
16:56:27     INFO - Running command: ['c:\\mozilla-build\\python27\\python.exe', 'C:/mozilla-build/tooltool.py', '--url', 'https://api.pub.build.mozilla.org/tooltool/', '--authentication-file', 'c:\\builds\\relengapi.tok', 'fetch', '-m', 'C:\\slave\\test\\build\\tests\\config/tooltool-manifests/win32/releng.manifest', '-o'] in C:\slave\test\build
16:56:27     INFO - Copy/paste: c:\mozilla-build\python27\python.exe C:/mozilla-build/tooltool.py --url https://api.pub.build.mozilla.org/tooltool/ --authentication-file c:\builds\relengapi.tok fetch -m C:\slave\test\build\tests\config/tooltool-manifests/win32/releng.manifest -o
16:56:27     INFO - Calling ['c:\\mozilla-build\\python27\\python.exe', 'C:/mozilla-build/tooltool.py', '--url', 'https://api.pub.build.mozilla.org/tooltool/', '--authentication-file', 'c:\\builds\\relengapi.tok', 'fetch', '-m', 'C:\\slave\\test\\build\\tests\\config/tooltool-manifests/win32/releng.manifest', '-o'] with output_timeout 600
ProcessManager UNABLE to use job objects to manage child processes
16:56:27     INFO -  INFO - Attempting to fetch from 'https://api.pub.build.mozilla.org/tooltool/'...
16:56:30     INFO -  INFO - File win32-minidump_stackwalk.exe fetched from https://api.pub.build.mozilla.org/tooltool/ as C:\slave\test\build\tmpb2x3pg
16:56:30     INFO -  INFO - File integrity verified, renaming tmpb2x3pg to win32-minidump_stackwalk.exe
16:56:30     INFO - Return code: 0
16:56:30     INFO - Chmoding C:\slave\test\build\win32-minidump_stackwalk.exe to 0755
16:56:30     INFO - ENV: MINIDUMP_SAVE_PATH is now C:\slave\test\build\blobber_upload_dir
16:56:30     INFO - Running command: ['C:\\slave\\test\\build\\venv\\Scripts\\python', '-u', 'C:\\slave\\test\\build\\tests\\web-platform\\runtests.py', '--log-raw=-', '--log-raw=C:\\slave\\test\\build\\blobber_upload_dir\\wpt_raw.log', '--log-errorsummary=C:\\slave\\test\\build\\blobber_upload_dir\\wpt_errorsummary.log', '--binary=C:\\slave\\test\\build\\application\\firefox\\firefox.exe', '--symbols-path=https://queue.taskcluster.net/v1/task/GYm6uScDR968YNKAqw8dYQ/artifacts/public/build/firefox-52.8.2.en-US.win64.crashreporter-symbols.zip', '--stackwalk-binary=C:\\slave\\test\\build\\win32-minidump_stackwalk.exe', '--stackfix-dir=C:\\slave\\test\\build\\tests\\bin', '--test-type=testharness', '--disable-e10s', '--total-chunks=10', '--this-chunk=6', '--prefs-root=C:\\slave\\test\\build\\tests\\web-platform/prefs', '--processes=1', '--config=C:\\slave\\test\\build\\tests\\web-platform/wptrunner.ini', '--ca-cert-path=C:\\slave\\test\\build\\tests\\web-platform/certs/cacert.pem', '--host-key-path=C:\\slave\\test\\build\\tests\\web-platform/certs/web-platform.test.key', '--host-cert-path=C:\\slave\\test\\build\\tests\\web-platform/certs/web-platform.test.pem', '--certutil-binary=C:\\slave\\test\\build\\tests/bin/certutil'] in C:\slave\test\build
16:56:30     INFO - Copy/paste: C:\slave\test\build\venv\Scripts\python -u C:\slave\test\build\tests\web-platform\runtests.py --log-raw=- --log-raw=C:\slave\test\build\blobber_upload_dir\wpt_raw.log --log-errorsummary=C:\slave\test\build\blobber_upload_dir\wpt_errorsummary.log --binary=C:\slave\test\build\application\firefox\firefox.exe --symbols-path=https://queue.taskcluster.net/v1/task/GYm6uScDR968YNKAqw8dYQ/artifacts/public/build/firefox-52.8.2.en-US.win64.crashreporter-symbols.zip --stackwalk-binary=C:\slave\test\build\win32-minidump_stackwalk.exe --stackfix-dir=C:\slave\test\build\tests\bin --test-type=testharness --disable-e10s --total-chunks=10 --this-chunk=6 --prefs-root=C:\slave\test\build\tests\web-platform/prefs --processes=1 --config=C:\slave\test\build\tests\web-platform/wptrunner.ini --ca-cert-path=C:\slave\test\build\tests\web-platform/certs/cacert.pem --host-key-path=C:\slave\test\build\tests\web-platform/certs/web-platform.test.key --host-cert-path=C:\slave\test\build\tests\web-platform/certs/web-platform.test.pem --certutil-binary=C:\slave\test\build\tests/bin/certutil
16:56:30     INFO - Using env: {'ALLUSERSPROFILE': 'C:\\ProgramData',
16:56:30     INFO -  'APPDATA': 'C:\\Users\\cltbld.T-W864-IX-034.001\\AppData\\Roaming',
16:56:30     INFO -  'COMMONPROGRAMFILES': 'C:\\Program Files (x86)\\Common Files',
16:56:30     INFO -  'COMMONPROGRAMFILES(X86)': 'C:\\Program Files (x86)\\Common Files',
16:56:30     INFO -  'COMMONPROGRAMW6432': 'C:\\Program Files\\Common Files',
16:56:30     INFO -  'COMPUTERNAME': 'T-W864-IX-034',
16:56:30     INFO -  'COMSPEC': 'C:\\windows\\system32\\cmd.exe',
16:56:30     INFO -  'DCLOCATION': 'SCL3',
16:56:30     INFO -  'DNSSUFFIX': 'wintest.releng.scl3.mozilla.com',
16:56:30     INFO -  'FP_NO_HOST_CHECK': 'NO',
16:56:30     INFO -  'HOMEDRIVE': 'C:',
16:56:30     INFO -  'HOMEPATH': '\\Users\\cltbld.T-W864-IX-034.001',
16:56:30     INFO -  'KTS_HOME': 'C:\\Program Files\\KTS',
16:56:30     INFO -  'KTS_VERSION': '1.19c',
16:56:30     INFO -  'LOCALAPPDATA': 'C:\\Users\\cltbld.T-W864-IX-034.001\\AppData\\Local',
16:56:30     INFO -  'LOGONSERVER': '\\\\T-W864-IX-034',
16:56:30     INFO -  'MINIDUMP_SAVE_PATH': 'C:\\slave\\test\\build\\blobber_upload_dir',
16:56:30     INFO -  'MONDIR': 'C:\\Monitor_config\\',
16:56:30     INFO -  'MOZBUILDDIR': 'C:\\mozilla-build\\',
16:56:30     INFO -  'MOZ_CRASHREPORTER_NO_REPORT': '1',
16:56:30     INFO -  'MOZ_HIDE_RESULTS_TABLE': '1',
16:56:30     INFO -  'MOZ_NO_REMOTE': '1',
16:56:30     INFO -  'NO_EM_RESTART': '1',
16:56:30     INFO -  'NO_FAIL_ON_TEST_ERRORS': '1',
16:56:30     INFO -  'NUMBER_OF_PROCESSORS': '8',
16:56:30     INFO -  'OS': 'Windows_NT',
16:56:30     INFO -  'OURDRIVE': 'C:',
16:56:30     INFO -  'PATH': 'C:\\slave\\test\\build\\venv\\Scripts;C:\\Program Files (x86)\\NVIDIA Corporation\\PhysX\\Common;C:\\windows\\system32;C:\\windows;C:\\windows\\System32\\Wbem;C:\\windows\\System32\\WindowsPowerShell\\v1.0\\;C:\\mozilla-build\\python27;C:\\mozilla-build\\python27\\Scripts;C:\\mozilla-build\\msys\\bin;C:\\mozilla-build\\vim\\vim72;C:\\mozilla-build\\wget;C:\\mozilla-build\\info-zip;C:\\CoreUtils\\bin;C:\\mozilla-build\\buildbotve\\scripts;C:\\mozilla-build\\hg',
16:56:30     INFO -  'PATHEXT': '.COM;.EXE;.BAT;.CMD;.VBS;.VBE;.JS;.JSE;.WSF;.WSH;.MSC',
16:56:30     INFO -  'PROCESSOR_ARCHITECTURE': 'x86',
16:56:30     INFO -  'PROCESSOR_ARCHITEW6432': 'AMD64',
16:56:30     INFO -  'PROCESSOR_IDENTIFIER': 'Intel64 Family 6 Model 30 Stepping 5, GenuineIntel',
16:56:30     INFO -  'PROCESSOR_LEVEL': '6',
16:56:30     INFO -  'PROCESSOR_REVISION': '1e05',
16:56:30     INFO -  'PROGRAMDATA': 'C:\\ProgramData',
16:56:30     INFO -  'PROGRAMFILES': 'C:\\Program Files (x86)',
16:56:30     INFO -  'PROGRAMFILES(X86)': 'C:\\Program Files (x86)',
16:56:30     INFO -  'PROGRAMW6432': 'C:\\Program Files',
16:56:30     INFO -  'PROMPT': '$P$G',
16:56:30     INFO -  'PROPERTIES_FILE': 'C:\\slave\\test/buildprops.json',
16:56:30     INFO -  'PSMODULEPATH': 'C:\\windows\\system32\\WindowsPowerShell\\v1.0\\Modules\\',
16:56:30     INFO -  'PUBLIC': 'C:\\Users\\Public',
16:56:30     INFO -  'PWD': 'C:\\slave\\test',
16:56:30     INFO -  'RUNLOGFILE': 'C:\\slave\\\\runslave.log',
16:56:30     INFO -  'SLAVEDIR': 'C:\\slave\\',
16:56:30     INFO -  'SYSTEMDRIVE': 'C:',
16:56:30     INFO -  'SYSTEMROOT': 'C:\\windows',
16:56:30     INFO -  'TEMP': 'C:\\Users\\CLTBLD~1.001\\AppData\\Local\\Temp',
16:56:30     INFO -  'TEST1': 'testie',
16:56:30     INFO -  'TMP': 'C:\\Users\\CLTBLD~1.001\\AppData\\Local\\Temp',
16:56:30     INFO -  'USERDOMAIN': 'T-W864-IX-034',
16:56:30     INFO -  'USERDOMAIN_ROAMINGPROFILE': 'T-W864-IX-034',
16:56:30     INFO -  'USERNAME': 'cltbld',
16:56:30     INFO -  'USERPROFILE': 'C:\\Users\\cltbld.T-W864-IX-034.001',
16:56:30     INFO -  'WINDIR': 'C:\\windows',
16:56:30     INFO -  'XPCOM_DEBUG_BREAK': 'warn'}
16:56:30     INFO - Calling ['C:\\slave\\test\\build\\venv\\Scripts\\python', '-u', 'C:\\slave\\test\\build\\tests\\web-platform\\runtests.py', '--log-raw=-', '--log-raw=C:\\slave\\test\\build\\blobber_upload_dir\\wpt_raw.log', '--log-errorsummary=C:\\slave\\test\\build\\blobber_upload_dir\\wpt_errorsummary.log', '--binary=C:\\slave\\test\\build\\application\\firefox\\firefox.exe', '--symbols-path=https://queue.taskcluster.net/v1/task/GYm6uScDR968YNKAqw8dYQ/artifacts/public/build/firefox-52.8.2.en-US.win64.crashreporter-symbols.zip', '--stackwalk-binary=C:\\slave\\test\\build\\win32-minidump_stackwalk.exe', '--stackfix-dir=C:\\slave\\test\\build\\tests\\bin', '--test-type=testharness', '--disable-e10s', '--total-chunks=10', '--this-chunk=6', '--prefs-root=C:\\slave\\test\\build\\tests\\web-platform/prefs', '--processes=1', '--config=C:\\slave\\test\\build\\tests\\web-platform/wptrunner.ini', '--ca-cert-path=C:\\slave\\test\\build\\tests\\web-platform/certs/cacert.pem', '--host-key-path=C:\\slave\\test\\build\\tests\\web-platform/certs/web-platform.test.key', '--host-cert-path=C:\\slave\\test\\build\\tests\\web-platform/certs/web-platform.test.pem', '--certutil-binary=C:\\slave\\test\\build\\tests/bin/certutil'] with output_timeout 1000
ProcessManager NOT managing child processes
ProcessManager UNABLE to use job objects to manage child processes
16:56:32     INFO - STDERR: Opening manifest at C:\slave\test\build\tests\web-platform\meta\MANIFEST.json
16:56:33     INFO - STDERR: Opening manifest at C:\slave\test\build\tests\web-platform\mozilla\meta\MANIFEST.json
16:56:33     INFO - Using 1 client processes
16:56:36     INFO - SUITE-START | Running 706 tests
16:56:36     INFO - Running testharness tests
16:56:36     INFO - TEST-START | /2dcontext/drawing-paths-to-the-canvas/drawFocusIfNeeded_001.html
16:56:36     INFO - TEST-SKIP | /2dcontext/drawing-paths-to-the-canvas/drawFocusIfNeeded_001.html | took 0ms
16:56:36     INFO - TEST-START | /2dcontext/drawing-paths-to-the-canvas/drawFocusIfNeeded_004.html
16:56:36     INFO - TEST-SKIP | /2dcontext/drawing-paths-to-the-canvas/drawFocusIfNeeded_004.html | took 0ms
16:56:36     INFO - TEST-START | /2dcontext/drawing-paths-to-the-canvas/drawFocusIfNeeded_005.html
16:56:36     INFO - TEST-SKIP | /2dcontext/drawing-paths-to-the-canvas/drawFocusIfNeeded_005.html | took 0ms
16:56:36     INFO - TEST-START | /custom-elements/v0/registering/extensions-to-document-interface/custom-element-name.html
16:56:36     INFO - TEST-SKIP | /custom-elements/v0/registering/extensions-to-document-interface/custom-element-name.html | took 1ms
16:56:36     INFO - TEST-START | /custom-elements/v0/registering/extensions-to-document-interface/custom-element-prototype.html
16:56:36     INFO - TEST-SKIP | /custom-elements/v0/registering/extensions-to-document-interface/custom-element-prototype.html | took 0ms
16:56:36     INFO - TEST-START | /mixed-content/blockable/http-csp/cross-origin-http/form-tag/top-level/swap-scheme-redirect/opt-in-blocks.https.html
16:56:36     INFO - TEST-SKIP | /mixed-content/blockable/http-csp/cross-origin-http/form-tag/top-level/swap-scheme-redirect/opt-in-blocks.https.html | took 0ms
16:56:36     INFO - TEST-START | /mixed-content/blockable/http-csp/same-host-http/form-tag/top-level/no-redirect/opt-in-blocks.https.html
16:56:36     INFO - TEST-SKIP | /mixed-content/blockable/http-csp/same-host-http/form-tag/top-level/no-redirect/opt-in-blocks.https.html | took 0ms
16:56:36     INFO - TEST-START | /referrer-policy/origin-when-cross-origin/meta-referrer/cross-origin/http-https/img-tag/cross-origin.keep-origin-redirect.http.html
16:56:36     INFO - TEST-SKIP | /referrer-policy/origin-when-cross-origin/meta-referrer/cross-origin/http-https/img-tag/cross-origin.keep-origin-redirect.http.html | took 0ms
16:56:36     INFO - TEST-START | /referrer-policy/origin-when-cross-origin/meta-referrer/cross-origin/http-https/img-tag/cross-origin.no-redirect.http.html
16:56:36     INFO - TEST-SKIP | /referrer-policy/origin-when-cross-origin/meta-referrer/cross-origin/http-https/img-tag/cross-origin.no-redirect.http.html | took 0ms
16:56:36     INFO - TEST-START | /referrer-policy/origin-when-cross-origin/meta-referrer/cross-origin/http-https/img-tag/cross-origin.swap-origin-redirect.http.html
16:56:36     INFO - TEST-SKIP | /referrer-policy/origin-when-cross-origin/meta-referrer/cross-origin/http-https/img-tag/cross-origin.swap-origin-redirect.http.html | took 1ms
16:56:36     INFO - TEST-START | /webgl/conformance-1.0.3/conformance/attribs/gl-bindAttribLocation-aliasing.html
16:56:36     INFO - TEST-SKIP | /webgl/conformance-1.0.3/conformance/attribs/gl-bindAttribLocation-aliasing.html | took 0ms
16:56:36     INFO - TEST-START | /webgl/conformance-1.0.3/conformance/attribs/gl-bindAttribLocation-matrix.html
16:56:36     INFO - TEST-SKIP | /webgl/conformance-1.0.3/conformance/attribs/gl-bindAttribLocation-matrix.html | took 0ms
16:56:36     INFO - TEST-START | /webgl/conformance-1.0.3/conformance/attribs/gl-disabled-vertex-attrib.html
16:56:36     INFO - TEST-SKIP | /webgl/conformance-1.0.3/conformance/attribs/gl-disabled-vertex-attrib.html | took 1ms
16:56:36     INFO - TEST-START | /webgl/conformance-1.0.3/conformance/attribs/gl-enable-vertex-attrib.html
16:56:36     INFO - TEST-SKIP | /webgl/conformance-1.0.3/conformance/attribs/gl-enable-vertex-attrib.html | took 0ms
16:56:36     INFO - TEST-START | /webgl/conformance-1.0.3/conformance/attribs/gl-matrix-attributes.html
16:56:36     INFO - TEST-SKIP | /webgl/conformance-1.0.3/conformance/attribs/gl-matrix-attributes.html | took 0ms
16:56:36     INFO - TEST-START | /webgl/conformance-1.0.3/conformance/attribs/gl-vertex-attrib-render.html
16:56:36     INFO - TEST-SKIP | /webgl/conformance-1.0.3/conformance/attribs/gl-vertex-attrib-render.html | took 0ms
16:56:36     INFO - TEST-START | /webgl/conformance-1.0.3/conformance/attribs/gl-vertex-attrib-zero-issues.html
16:56:36     INFO - TEST-SKIP | /webgl/conformance-1.0.3/conformance/attribs/gl-vertex-attrib-zero-issues.html | took 0ms
16:56:36     INFO - TEST-START | /webgl/conformance-1.0.3/conformance/attribs/gl-vertex-attrib.html
16:56:36     INFO - TEST-SKIP | /webgl/conformance-1.0.3/conformance/attribs/gl-vertex-attrib.html | took 0ms
16:56:36     INFO - TEST-START | /webgl/conformance-1.0.3/conformance/attribs/gl-vertexattribpointer-offsets.html
16:56:36     INFO - TEST-SKIP | /webgl/conformance-1.0.3/conformance/attribs/gl-vertexattribpointer-offsets.html | took 0ms
16:56:36     INFO - TEST-START | /webgl/conformance-1.0.3/conformance/attribs/gl-vertexattribpointer.html
16:56:36     INFO - TEST-SKIP | /webgl/conformance-1.0.3/conformance/attribs/gl-vertexattribpointer.html | took 0ms
16:56:36     INFO - TEST-START | /webgl/conformance-1.0.3/conformance/misc/bad-arguments-test.html
16:56:36     INFO - TEST-SKIP | /webgl/conformance-1.0.3/conformance/misc/bad-arguments-test.html | took 0ms
16:56:36     INFO - TEST-START | /webgl/conformance-1.0.3/conformance/misc/boolean-argument-conversion.html
16:56:36     INFO - TEST-SKIP | /webgl/conformance-1.0.3/conformance/misc/boolean-argument-conversion.html | took 0ms
16:56:36     INFO - TEST-START | /webgl/conformance-1.0.3/conformance/misc/delayed-drawing.html
16:56:36     INFO - TEST-SKIP | /webgl/conformance-1.0.3/conformance/misc/delayed-drawing.html | took 0ms
16:56:36     INFO - TEST-START | /webgl/conformance-1.0.3/conformance/misc/error-reporting.html
16:56:36     INFO - TEST-SKIP | /webgl/conformance-1.0.3/conformance/misc/error-reporting.html | took 0ms
16:56:36     INFO - TEST-START | /webgl/conformance-1.0.3/conformance/misc/functions-returning-strings.html
16:56:36     INFO - TEST-SKIP | /webgl/conformance-1.0.3/conformance/misc/functions-returning-strings.html | took 1ms
16:56:36     INFO - TEST-START | /webgl/conformance-1.0.3/conformance/misc/instanceof-test.html
16:56:36     INFO - TEST-SKIP | /webgl/conformance-1.0.3/conformance/misc/instanceof-test.html | took 70ms
16:56:36     INFO - TEST-START | /webgl/conformance-1.0.3/conformance/misc/invalid-passed-params.html
16:56:36     INFO - TEST-SKIP | /webgl/conformance-1.0.3/conformance/misc/invalid-passed-params.html | took 1ms
16:56:36     INFO - TEST-START | /webgl/conformance-1.0.3/conformance/misc/is-object.html
16:56:36     INFO - TEST-SKIP | /webgl/conformance-1.0.3/conformance/misc/is-object.html | took 0ms
16:56:36     INFO - TEST-START | /webgl/conformance-1.0.3/conformance/misc/null-object-behaviour.html
16:56:36     INFO - TEST-SKIP | /webgl/conformance-1.0.3/conformance/misc/null-object-behaviour.html | took 1ms
16:56:36     INFO - TEST-START | /webgl/conformance-1.0.3/conformance/misc/object-deletion-behaviour.html
16:56:36     INFO - TEST-SKIP | /webgl/conformance-1.0.3/conformance/misc/object-deletion-behaviour.html | took 0ms
16:56:36     INFO - TEST-START | /webgl/conformance-1.0.3/conformance/misc/shader-precision-format.html
16:56:36     INFO - TEST-SKIP | /webgl/conformance-1.0.3/conformance/misc/shader-precision-format.html | took 1ms
16:56:36     INFO - TEST-START | /webgl/conformance-1.0.3/conformance/misc/type-conversion-test.html
16:56:36     INFO - TEST-SKIP | /webgl/conformance-1.0.3/conformance/misc/type-conversion-test.html | took 0ms
16:56:36     INFO - TEST-START | /webgl/conformance-1.0.3/conformance/misc/uninitialized-test.html
16:56:36     INFO - TEST-SKIP | /webgl/conformance-1.0.3/conformance/misc/uninitialized-test.html | took 1ms
16:56:36     INFO - TEST-START | /webgl/conformance-1.0.3/conformance/misc/webgl-specific.html
16:56:36     INFO - TEST-SKIP | /webgl/conformance-1.0.3/conformance/misc/webgl-specific.html | took 0ms
16:56:36     INFO - TEST-START | /webgl/conformance-1.0.3/conformance/more/functions/bindBuffer.html
16:56:36     INFO - TEST-SKIP | /webgl/conformance-1.0.3/conformance/more/functions/bindBuffer.html | took 0ms
16:56:36     INFO - TEST-START | /webgl/conformance-1.0.3/conformance/more/functions/bindBufferBadArgs.html
16:56:36     INFO - TEST-SKIP | /webgl/conformance-1.0.3/conformance/more/functions/bindBufferBadArgs.html | took 0ms
16:56:36     INFO - TEST-START | /webgl/conformance-1.0.3/conformance/more/functions/bindFramebufferLeaveNonZero.html
16:56:36     INFO - TEST-SKIP | /webgl/conformance-1.0.3/conformance/more/functions/bindFramebufferLeaveNonZero.html | took 0ms
16:56:36     INFO - TEST-START | /webgl/conformance-1.0.3/conformance/more/functions/bufferData.html
16:56:36     INFO - TEST-SKIP | /webgl/conformance-1.0.3/conformance/more/functions/bufferData.html | took 1ms
16:56:36     INFO - TEST-START | /webgl/conformance-1.0.3/conformance/more/functions/bufferDataBadArgs.html
16:56:36     INFO - TEST-SKIP | /webgl/conformance-1.0.3/conformance/more/functions/bufferDataBadArgs.html | took 0ms
16:56:36     INFO - TEST-START | /webgl/conformance-1.0.3/conformance/more/functions/bufferSubData.html
16:56:36     INFO - TEST-SKIP | /webgl/conformance-1.0.3/conformance/more/functions/bufferSubData.html | took 1ms
16:56:36     INFO - TEST-START | /webgl/conformance-1.0.3/conformance/more/functions/bufferSubDataBadArgs.html
16:56:36     INFO - TEST-SKIP | /webgl/conformance-1.0.3/conformance/more/functions/bufferSubDataBadArgs.html | took 0ms
16:56:36     INFO - TEST-START | /webgl/conformance-1.0.3/conformance/more/functions/copyTexImage2D.html
16:56:36     INFO - TEST-SKIP | /webgl/conformance-1.0.3/conformance/more/functions/copyTexImage2D.html | took 0ms
16:56:36     INFO - TEST-START | /webgl/conformance-1.0.3/conformance/more/functions/copyTexImage2DBadArgs.html
16:56:36     INFO - TEST-SKIP | /webgl/conformance-1.0.3/conformance/more/functions/copyTexImage2DBadArgs.html | took 0ms
16:56:36     INFO - TEST-START | /webgl/conformance-1.0.3/conformance/more/functions/copyTexSubImage2D.html
16:56:36     INFO - TEST-SKIP | /webgl/conformance-1.0.3/conformance/more/functions/copyTexSubImage2D.html | took 0ms
16:56:36     INFO - TEST-START | /webgl/conformance-1.0.3/conformance/more/functions/copyTexSubImage2DBadArgs.html
16:56:36     INFO - TEST-SKIP | /webgl/conformance-1.0.3/conformance/more/functions/copyTexSubImage2DBadArgs.html | took 1ms
16:56:36     INFO - TEST-START | /webgl/conformance-1.0.3/conformance/more/functions/deleteBufferBadArgs.html
16:56:36     INFO - TEST-SKIP | /webgl/conformance-1.0.3/conformance/more/functions/deleteBufferBadArgs.html | took 0ms
16:56:36     INFO - TEST-START | /webgl/conformance-1.0.3/conformance/more/functions/drawArrays.html
16:56:36     INFO - TEST-SKIP | /webgl/conformance-1.0.3/conformance/more/functions/drawArrays.html | took 1ms
16:56:36     INFO - TEST-START | /webgl/conformance-1.0.3/conformance/more/functions/drawArraysOutOfBounds.html
16:56:36     INFO - TEST-SKIP | /webgl/conformance-1.0.3/conformance/more/functions/drawArraysOutOfBounds.html | took 0ms
16:56:36     INFO - TEST-START | /webgl/conformance-1.0.3/conformance/more/functions/drawElements.html
16:56:36     INFO - TEST-SKIP | /webgl/conformance-1.0.3/conformance/more/functions/drawElements.html | took 0ms
16:56:36     INFO - TEST-START | /webgl/conformance-1.0.3/conformance/more/functions/drawElementsBadArgs.html
16:56:36     INFO - TEST-SKIP | /webgl/conformance-1.0.3/conformance/more/functions/drawElementsBadArgs.html | took 1ms
16:56:36     INFO - TEST-START | /webgl/conformance-1.0.3/conformance/more/functions/isTests.html
16:56:36     INFO - TEST-SKIP | /webgl/conformance-1.0.3/conformance/more/functions/isTests.html | took 0ms
16:56:36     INFO - TEST-START | /webgl/conformance-1.0.3/conformance/more/functions/isTestsBadArgs.html
16:56:36     INFO - TEST-SKIP | /webgl/conformance-1.0.3/conformance/more/functions/isTestsBadArgs.html | took 0ms
16:56:36     INFO - TEST-START | /webgl/conformance-1.0.3/conformance/more/functions/readPixels.html
16:56:36     INFO - TEST-SKIP | /webgl/conformance-1.0.3/conformance/more/functions/readPixels.html | took 1ms
16:56:36     INFO - TEST-START | /webgl/conformance-1.0.3/conformance/more/functions/readPixelsBadArgs.html
16:56:36     INFO - TEST-SKIP | /webgl/conformance-1.0.3/conformance/more/functions/readPixelsBadArgs.html | took 0ms
16:56:36     INFO - TEST-START | /webgl/conformance-1.0.3/conformance/more/functions/texImage2D.html
16:56:36     INFO - TEST-SKIP | /webgl/conformance-1.0.3/conformance/more/functions/texImage2D.html | took 1ms
16:56:36     INFO - TEST-START | /webgl/conformance-1.0.3/conformance/more/functions/texImage2DBadArgs.html
16:56:36     INFO - TEST-SKIP | /webgl/conformance-1.0.3/conformance/more/functions/texImage2DBadArgs.html | took 0ms
16:56:36     INFO - TEST-START | /webgl/conformance-1.0.3/conformance/more/functions/texImage2DHTML.html
16:56:36     INFO - TEST-SKIP | /webgl/conformance-1.0.3/conformance/more/functions/texImage2DHTML.html | took 0ms
16:56:36     INFO - TEST-START | /webgl/conformance-1.0.3/conformance/more/functions/texImage2DHTMLBadArgs.html
16:56:36     INFO - TEST-SKIP | /webgl/conformance-1.0.3/conformance/more/functions/texImage2DHTMLBadArgs.html | took 0ms
16:56:36     INFO - TEST-START | /webgl/conformance-1.0.3/conformance/more/functions/texSubImage2D.html
16:56:36     INFO - TEST-SKIP | /webgl/conformance-1.0.3/conformance/more/functions/texSubImage2D.html | took 0ms
16:56:36     INFO - TEST-START | /webgl/conformance-1.0.3/conformance/more/functions/texSubImage2DBadArgs.html
16:56:36     INFO - TEST-SKIP | /webgl/conformance-1.0.3/conformance/more/functions/texSubImage2DBadArgs.html | took 1ms
16:56:36     INFO - TEST-START | /webgl/conformance-1.0.3/conformance/more/functions/texSubImage2DHTML.html
16:56:36     INFO - TEST-SKIP | /webgl/conformance-1.0.3/conformance/more/functions/texSubImage2DHTML.html | took 0ms
16:56:36     INFO - TEST-START | /webgl/conformance-1.0.3/conformance/more/functions/texSubImage2DHTMLBadArgs.html
16:56:36     INFO - TEST-SKIP | /webgl/conformance-1.0.3/conformance/more/functions/texSubImage2DHTMLBadArgs.html | took 1ms
16:56:36     INFO - TEST-START | /webgl/conformance-1.0.3/conformance/more/functions/uniformMatrix.html
16:56:36     INFO - TEST-SKIP | /webgl/conformance-1.0.3/conformance/more/functions/uniformMatrix.html | took 0ms
16:56:36     INFO - TEST-START | /webgl/conformance-1.0.3/conformance/more/functions/uniformMatrixBadArgs.html
16:56:36     INFO - TEST-SKIP | /webgl/conformance-1.0.3/conformance/more/functions/uniformMatrixBadArgs.html | took 1ms
16:56:36     INFO - TEST-START | /webgl/conformance-1.0.3/conformance/more/functions/uniformf.html
16:56:36     INFO - TEST-SKIP | /webgl/conformance-1.0.3/conformance/more/functions/uniformf.html | took 0ms
16:56:36     INFO - TEST-START | /webgl/conformance-1.0.3/conformance/more/functions/uniformfArrayLen1.html
16:56:36     INFO - TEST-SKIP | /webgl/conformance-1.0.3/conformance/more/functions/uniformfArrayLen1.html | took 0ms
16:56:36     INFO - TEST-START | /webgl/conformance-1.0.3/conformance/more/functions/uniformfBadArgs.html
16:56:36     INFO - TEST-SKIP | /webgl/conformance-1.0.3/conformance/more/functions/uniformfBadArgs.html | took 0ms
16:56:36     INFO - TEST-START | /webgl/conformance-1.0.3/conformance/more/functions/uniformi.html
16:56:36     INFO - TEST-SKIP | /webgl/conformance-1.0.3/conformance/more/functions/uniformi.html | took 0ms
16:56:36     INFO - TEST-START | /webgl/conformance-1.0.3/conformance/more/functions/uniformiBadArgs.html
16:56:36     INFO - TEST-SKIP | /webgl/conformance-1.0.3/conformance/more/functions/uniformiBadArgs.html | took 1ms
16:56:36     INFO - TEST-START | /webgl/conformance-1.0.3/conformance/more/functions/vertexAttrib.html
16:56:36     INFO - TEST-SKIP | /webgl/conformance-1.0.3/conformance/more/functions/vertexAttrib.html | took 0ms
16:56:36     INFO - TEST-START | /webgl/conformance-1.0.3/conformance/more/functions/vertexAttribBadArgs.html
16:56:36     INFO - TEST-SKIP | /webgl/conformance-1.0.3/conformance/more/functions/vertexAttribBadArgs.html | took 1ms
16:56:36     INFO - TEST-START | /webgl/conformance-1.0.3/conformance/more/functions/vertexAttribPointer.html
16:56:36     INFO - TEST-SKIP | /webgl/conformance-1.0.3/conformance/more/functions/vertexAttribPointer.html | took 0ms
16:56:36     INFO - TEST-START | /webgl/conformance-1.0.3/conformance/more/functions/vertexAttribPointerBadArgs.html
16:56:36     INFO - TEST-SKIP | /webgl/conformance-1.0.3/conformance/more/functions/vertexAttribPointerBadArgs.html | took 0ms
16:56:36     INFO - TEST-START | /webgl/conformance-1.0.3/conformance/ogles/GL/all/all_001_to_004.html
16:56:36     INFO - TEST-SKIP | /webgl/conformance-1.0.3/conformance/ogles/GL/all/all_001_to_004.html | took 1ms
16:56:36     INFO - TEST-START | /webgl/conformance-1.0.3/conformance/ogles/GL/biuDepthRange/biuDepthRange_001_to_002.html
16:56:36     INFO - TEST-SKIP | /webgl/conformance-1.0.3/conformance/ogles/GL/biuDepthRange/biuDepthRange_001_to_002.html | took 0ms
16:56:36     INFO - TEST-START | /webgl/conformance-1.0.3/conformance/ogles/GL/clamp/clamp_001_to_006.html
16:56:36     INFO - TEST-SKIP | /webgl/conformance-1.0.3/conformance/ogles/GL/clamp/clamp_001_to_006.html | took 0ms
16:56:36     INFO - TEST-START | /webgl/conformance-1.0.3/conformance/ogles/GL/length/length_001_to_006.html
16:56:36     INFO - TEST-SKIP | /webgl/conformance-1.0.3/conformance/ogles/GL/length/length_001_to_006.html | took 1ms
16:56:36     INFO - TEST-START | /webgl/conformance-1.0.3/conformance/ogles/GL/lessThanEqual/lessThanEqual_001_to_008.html
16:56:36     INFO - TEST-SKIP | /webgl/conformance-1.0.3/conformance/ogles/GL/lessThanEqual/lessThanEqual_001_to_008.html | took 0ms
16:56:36     INFO - TEST-START | /webgl/conformance-1.0.3/conformance/ogles/GL/log2/log2_001_to_008.html
16:56:36     INFO - TEST-SKIP | /webgl/conformance-1.0.3/conformance/ogles/GL/log2/log2_001_to_008.html | took 0ms
16:56:36     INFO - TEST-START | /webgl/conformance-1.0.3/conformance/ogles/GL/log2/log2_009_to_012.html
16:56:36     INFO - TEST-SKIP | /webgl/conformance-1.0.3/conformance/ogles/GL/log2/log2_009_to_012.html | took 1ms
16:56:36     INFO - TEST-START | /webgl/conformance-1.0.3/conformance/ogles/GL/log/log_001_to_008.html
16:56:36     INFO - TEST-SKIP | /webgl/conformance-1.0.3/conformance/ogles/GL/log/log_001_to_008.html | took 0ms
16:56:36     INFO - TEST-START | /webgl/conformance-1.0.3/conformance/ogles/GL/log/log_009_to_012.html
16:56:36     INFO - TEST-SKIP | /webgl/conformance-1.0.3/conformance/ogles/GL/log/log_009_to_012.html | took 0ms
16:56:36     INFO - TEST-START | /webgl/conformance-1.0.3/conformance/ogles/GL/mix/mix_001_to_006.html
16:56:36     INFO - TEST-SKIP | /webgl/conformance-1.0.3/conformance/ogles/GL/mix/mix_001_to_006.html | took 1ms
16:56:36     INFO - TEST-START | /webgl/conformance-1.0.3/conformance/ogles/GL/mod/mod_001_to_008.html
16:56:36     INFO - TEST-SKIP | /webgl/conformance-1.0.3/conformance/ogles/GL/mod/mod_001_to_008.html | took 0ms
16:56:36     INFO - TEST-START | /webgl/conformance-1.0.3/conformance/ogles/GL/sign/sign_001_to_006.html
16:56:36     INFO - TEST-SKIP | /webgl/conformance-1.0.3/conformance/ogles/GL/sign/sign_001_to_006.html | took 0ms
16:56:36     INFO - TEST-START | /webgl/conformance-1.0.3/conformance/ogles/GL/vec/vec_001_to_008.html
16:56:36     INFO - TEST-SKIP | /webgl/conformance-1.0.3/conformance/ogles/GL/vec/vec_001_to_008.html | took 1ms
16:56:36     INFO - TEST-START | /webgl/conformance-1.0.3/conformance/ogles/GL/vec/vec_009_to_016.html
16:56:36     INFO - TEST-SKIP | /webgl/conformance-1.0.3/conformance/ogles/GL/vec/vec_009_to_016.html | took 0ms
16:56:36     INFO - TEST-START | /webgl/conformance-1.0.3/conformance/ogles/GL/vec/vec_017_to_018.html
16:56:36     INFO - TEST-SKIP | /webgl/conformance-1.0.3/conformance/ogles/GL/vec/vec_017_to_018.html | took 1ms
16:56:37     INFO - Setting up ssl
16:56:37     INFO - PROCESS | certutil | 
16:56:37     INFO - PROCESS | certutil | 
16:56:37     INFO - PROCESS | certutil | 
16:56:37     INFO - Certificate Nickname                                         Trust Attributes
16:56:37     INFO -                                                              SSL,S/MIME,JAR/XPI
16:56:37     INFO - 
16:56:37     INFO - web-platform-tests                                           CT,, 
16:56:37     INFO - 
16:56:37     INFO - Application command: C:\slave\test\build\application\firefox\firefox.exe -marionette about:blank -profile c:\users\cltbld~1.001\appdata\local\temp\tmpttqcjy.mozrunner
16:56:37     INFO - Starting runner
16:56:37     INFO - PROCESS | 3840 | [3840] WARNING: Failed to load startupcache file correctly, removing!: file c:/builds/moz2_slave/m-esr52-w64-d-0000000000000000/build/src/startupcache/StartupCache.cpp, line 219
16:56:38     INFO - PROCESS | 3840 | [3840] WARNING: NS_ENSURE_SUCCESS(rv, rv) failed with result 0x80004005: file c:/builds/moz2_slave/m-esr52-w64-d-0000000000000000/build/src/xpcom/base/nsSystemInfo.cpp, line 116
16:56:38     INFO - PROCESS | 3840 | [3840] WARNING: This method is lossy. Use GetCanonicalPath !: file c:/builds/moz2_slave/m-esr52-w64-d-0000000000000000/build/src/xpcom/io/nsLocalFileWin.cpp, line 3576
16:56:41     INFO - PROCESS | 3840 | ++DOCSHELL 000000DC50F41000 == 1 [pid = 3840] [id = 1]
16:56:41     INFO - PROCESS | 3840 | ++DOMWINDOW == 1 (000000DC5EEA3800) [pid = 3840] [serial = 1] [outer = 0000000000000000]
16:56:41     INFO - PROCESS | 3840 | ++DOMWINDOW == 2 (000000DC5EEA4800) [pid = 3840] [serial = 2] [outer = 000000DC5EEA3800]
16:56:41     INFO - PROCESS | 3840 | ++DOCSHELL 000000DC5F4B1800 == 2 [pid = 3840] [id = 2]
16:56:41     INFO - PROCESS | 3840 | ++DOMWINDOW == 3 (000000DC5F4B2000) [pid = 3840] [serial = 3] [outer = 0000000000000000]
16:56:41     INFO - PROCESS | 3840 | ++DOMWINDOW == 4 (000000DC5F4B3000) [pid = 3840] [serial = 4] [outer = 000000DC5F4B2000]
16:56:42     INFO - PROCESS | 3840 | 1528502202240	Marionette	INFO	Listening on port 2828
16:56:44     INFO - PROCESS | 3840 | ++DOCSHELL 000000DC63550000 == 3 [pid = 3840] [id = 3]
16:56:44     INFO - PROCESS | 3840 | ++DOMWINDOW == 5 (000000DC6355E800) [pid = 3840] [serial = 5] [outer = 0000000000000000]
16:56:44     INFO - PROCESS | 3840 | ++DOMWINDOW == 6 (000000DC6355F800) [pid = 3840] [serial = 6] [outer = 000000DC6355E800]
16:56:44     INFO - PROCESS | 3840 | ++DOMWINDOW == 7 (000000DC63720000) [pid = 3840] [serial = 7] [outer = 000000DC5F4B2000]
16:56:44     INFO - PROCESS | 3840 | ++DOCSHELL 000000DC5EEA3000 == 4 [pid = 3840] [id = 4]
16:56:44     INFO - PROCESS | 3840 | ++DOMWINDOW == 8 (000000DC64C84000) [pid = 3840] [serial = 8] [outer = 0000000000000000]
16:56:44     INFO - PROCESS | 3840 | ++DOMWINDOW == 9 (000000DC64C95000) [pid = 3840] [serial = 9] [outer = 000000DC64C84000]
16:56:44     INFO - PROCESS | 3840 | ++DOMWINDOW == 10 (000000DC67075800) [pid = 3840] [serial = 10] [outer = 000000DC64C84000]
16:56:45     INFO - PROCESS | 3840 | [3840] WARNING: attempt to modify an immutable nsStandardURL: file c:/builds/moz2_slave/m-esr52-w64-d-0000000000000000/build/src/netwerk/base/nsStandardURL.cpp, line 1573
16:56:45     INFO - PROCESS | 3840 | [3840] WARNING: attempt to modify an immutable nsStandardURL: file c:/builds/moz2_slave/m-esr52-w64-d-0000000000000000/build/src/netwerk/base/nsStandardURL.cpp, line 1573
16:56:45     INFO - PROCESS | 3840 | [3840] WARNING: Failed to retarget HTML data delivery to the parser thread.: file c:/builds/moz2_slave/m-esr52-w64-d-0000000000000000/build/src/parser/html/nsHtml5StreamParser.cpp, line 970
16:56:46     INFO - PROCESS | 3840 | [3840] WARNING: getting z level of unregistered window: file c:/builds/moz2_slave/m-esr52-w64-d-0000000000000000/build/src/xpfe/appshell/nsWindowMediator.cpp, line 623
16:56:46     INFO - PROCESS | 3840 | [3840] WARNING: getting z level of unregistered window: file c:/builds/moz2_slave/m-esr52-w64-d-0000000000000000/build/src/xpfe/appshell/nsWindowMediator.cpp, line 623
16:56:46     INFO - PROCESS | 3840 | [3840] WARNING: NS_ENSURE_TRUE(layerManager) failed: file c:/builds/moz2_slave/m-esr52-w64-d-0000000000000000/build/src/dom/media/MediaDecoder.cpp, line 303
16:56:46     INFO - PROCESS | 3840 | ++DOCSHELL 000000DC69871800 == 5 [pid = 3840] [id = 5]
16:56:46     INFO - PROCESS | 3840 | ++DOMWINDOW == 11 (000000DC699D2000) [pid = 3840] [serial = 11] [outer = 0000000000000000]
16:56:46     INFO - PROCESS | 3840 | ++DOCSHELL 000000DC699D8000 == 6 [pid = 3840] [id = 6]
16:56:46     INFO - PROCESS | 3840 | ++DOMWINDOW == 12 (000000DC699D8800) [pid = 3840] [serial = 12] [outer = 0000000000000000]
16:56:47     INFO - PROCESS | 3840 | ++DOCSHELL 000000DC6ABD5800 == 7 [pid = 3840] [id = 7]
16:56:47     INFO - PROCESS | 3840 | ++DOMWINDOW == 13 (000000DC6ABD6000) [pid = 3840] [serial = 13] [outer = 0000000000000000]
16:56:47     INFO - PROCESS | 3840 | ++DOMWINDOW == 14 (000000DC6ABE3000) [pid = 3840] [serial = 14] [outer = 000000DC6ABD6000]
16:56:47     INFO - PROCESS | 3840 | ++DOMWINDOW == 15 (000000DC5E30E800) [pid = 3840] [serial = 15] [outer = 000000DC699D2000]
16:56:47     INFO - PROCESS | 3840 | ++DOMWINDOW == 16 (000000DC6B23E800) [pid = 3840] [serial = 16] [outer = 000000DC699D8800]
16:56:47     INFO - PROCESS | 3840 | ++DOMWINDOW == 17 (000000DC6B243000) [pid = 3840] [serial = 17] [outer = 000000DC6ABD6000]
16:56:49     INFO - PROCESS | 3840 | ++DOMWINDOW == 18 (000000DC6354B800) [pid = 3840] [serial = 18] [outer = 000000DC6ABD6000]
16:56:49     INFO - PROCESS | 3840 | [3840] WARNING: Could not get disk status from nsIDiskSpaceWatcher: file c:/builds/moz2_slave/m-esr52-w64-d-0000000000000000/build/src/uriloader/prefetch/nsOfflineCacheUpdateService.cpp, line 283
16:56:50     INFO - PROCESS | 3840 | ++DOMWINDOW == 19 (000000DC67959800) [pid = 3840] [serial = 19] [outer = 000000DC6ABD6000]
16:56:51     INFO - TEST-START | /2dcontext/drawing-paths-to-the-canvas/canvas_complexshapes_ispointInpath_001.htm
16:56:51     INFO - PROCESS | 3840 | --DOCSHELL 000000DC50F41000 == 6 [pid = 3840] [id = 1]
16:56:51     INFO - PROCESS | 3840 | ++DOCSHELL 000000DC5CEB9000 == 7 [pid = 3840] [id = 8]
16:56:51     INFO - PROCESS | 3840 | ++DOMWINDOW == 20 (000000DC5CEBA000) [pid = 3840] [serial = 20] [outer = 0000000000000000]
16:56:51     INFO - PROCESS | 3840 | ++DOMWINDOW == 21 (000000DC5CFA0800) [pid = 3840] [serial = 21] [outer = 000000DC5CEBA000]
16:56:51     INFO - PROCESS | 3840 | ++DOMWINDOW == 22 (000000DC5E329800) [pid = 3840] [serial = 22] [outer = 000000DC5CEBA000]
16:56:51     INFO - PROCESS | 3840 | ++DOCSHELL 000000DC5D8AE800 == 8 [pid = 3840] [id = 9]
16:56:51     INFO - PROCESS | 3840 | ++DOMWINDOW == 23 (000000DC5D8AF000) [pid = 3840] [serial = 23] [outer = 0000000000000000]
16:56:51     INFO - PROCESS | 3840 | ++DOMWINDOW == 24 (000000DC5E2A0800) [pid = 3840] [serial = 24] [outer = 000000DC5D8AF000]
16:56:52     INFO - PROCESS | 3840 | ++DOMWINDOW == 25 (000000DC641C9800) [pid = 3840] [serial = 25] [outer = 000000DC5D8AF000]
16:56:52     INFO - .
16:56:52     INFO - TEST-OK | /2dcontext/drawing-paths-to-the-canvas/canvas_complexshapes_ispointInpath_001.htm | took 1451ms
16:56:52     INFO - TEST-START | /2dcontext/drawing-paths-to-the-canvas/canvas_focus_drawCustomFocusRing_001.html
16:56:53     INFO - PROCESS | 3840 | ++DOCSHELL 000000DC68D4D000 == 9 [pid = 3840] [id = 10]
16:56:53     INFO - PROCESS | 3840 | ++DOMWINDOW == 26 (000000DC699DE800) [pid = 3840] [serial = 26] [outer = 0000000000000000]
16:56:53     INFO - PROCESS | 3840 | ++DOMWINDOW == 27 (000000DC6A403000) [pid = 3840] [serial = 27] [outer = 000000DC699DE800]
16:56:53     INFO - PROCESS | 3840 | ++DOMWINDOW == 28 (000000DC6A420000) [pid = 3840] [serial = 28] [outer = 000000DC699DE800]
16:56:53     INFO - ..
16:56:53     INFO - TEST-OK | /2dcontext/drawing-paths-to-the-canvas/canvas_focus_drawCustomFocusRing_001.html | took 903ms
16:56:53     INFO - TEST-START | /2dcontext/drawing-paths-to-the-canvas/drawFocusIfNeeded_002.html
16:56:53     INFO - PROCESS | 3840 | ++DOCSHELL 000000DC6A756800 == 10 [pid = 3840] [id = 11]
16:56:53     INFO - PROCESS | 3840 | ++DOMWINDOW == 29 (000000DC6A758800) [pid = 3840] [serial = 29] [outer = 0000000000000000]
16:56:54     INFO - PROCESS | 3840 | ++DOMWINDOW == 30 (000000DC6A866000) [pid = 3840] [serial = 30] [outer = 000000DC6A758800]
16:56:54     INFO - PROCESS | 3840 | ++DOMWINDOW == 31 (000000DC6ABD0800) [pid = 3840] [serial = 31] [outer = 000000DC6A758800]
16:56:54     INFO - PROCESS | 3840 | ++DOCSHELL 000000DC6B252000 == 11 [pid = 3840] [id = 12]
16:56:54     INFO - PROCESS | 3840 | ++DOMWINDOW == 32 (000000DC6B252800) [pid = 3840] [serial = 32] [outer = 0000000000000000]
16:56:54     INFO - PROCESS | 3840 | ++DOMWINDOW == 33 (000000DC6AAB4800) [pid = 3840] [serial = 33] [outer = 000000DC6B252800]
16:56:54     INFO - PROCESS | 3840 | ++DOMWINDOW == 34 (000000DC6B013000) [pid = 3840] [serial = 34] [outer = 000000DC6B252800]
16:56:54     INFO - PROCESS | 3840 | ++DOCSHELL 000000DC5F4B6800 == 12 [pid = 3840] [id = 13]
16:56:54     INFO - PROCESS | 3840 | ++DOMWINDOW == 35 (000000DC6B6AA000) [pid = 3840] [serial = 35] [outer = 0000000000000000]
16:56:54     INFO - PROCESS | 3840 | ++DOMWINDOW == 36 (000000DC6D2DB800) [pid = 3840] [serial = 36] [outer = 000000DC6B6AA000]
16:56:54     INFO - PROCESS | 3840 | ++DOMWINDOW == 37 (000000DC6DB86000) [pid = 3840] [serial = 37] [outer = 000000DC6B6AA000]
16:56:54     INFO - .
16:56:54     INFO - TEST-OK | /2dcontext/drawing-paths-to-the-canvas/drawFocusIfNeeded_002.html | took 1117ms
16:56:54     INFO - TEST-START | /2dcontext/drawing-paths-to-the-canvas/drawFocusIfNeeded_003.html
16:56:55     INFO - PROCESS | 3840 | ++DOCSHELL 000000DC5C6E5800 == 13 [pid = 3840] [id = 14]
16:56:55     INFO - PROCESS | 3840 | ++DOMWINDOW == 38 (000000DC5CC82000) [pid = 3840] [serial = 38] [outer = 0000000000000000]
16:56:55     INFO - PROCESS | 3840 | ++DOMWINDOW == 39 (000000DC5CC9B000) [pid = 3840] [serial = 39] [outer = 000000DC5CC82000]
16:56:55     INFO - PROCESS | 3840 | ++DOMWINDOW == 40 (000000DC5D198800) [pid = 3840] [serial = 40] [outer = 000000DC5CC82000]
16:56:55     INFO - .
16:56:55     INFO - TEST-OK | /2dcontext/drawing-paths-to-the-canvas/drawFocusIfNeeded_003.html | took 965ms
16:56:55     INFO - TEST-START | /2dcontext/transformations/2d.transformation.order.html
16:56:56     INFO - PROCESS | 3840 | --DOCSHELL 000000DC5EEA3000 == 12 [pid = 3840] [id = 4]
16:56:56     INFO - PROCESS | 3840 | ++DOCSHELL 000000DC5E2A9800 == 13 [pid = 3840] [id = 15]
16:56:56     INFO - PROCESS | 3840 | ++DOMWINDOW == 41 (000000DC5E2AB800) [pid = 3840] [serial = 41] [outer = 0000000000000000]
16:56:56     INFO - PROCESS | 3840 | ++DOMWINDOW == 42 (000000DC5E7CC000) [pid = 3840] [serial = 42] [outer = 000000DC5E2AB800]
16:56:56     INFO - PROCESS | 3840 | ++DOMWINDOW == 43 (000000DC5F49C800) [pid = 3840] [serial = 43] [outer = 000000DC5E2AB800]
16:56:56     INFO - .
16:56:56     INFO - TEST-OK | /2dcontext/transformations/2d.transformation.order.html | took 881ms
16:56:56     INFO - TEST-START | /2dcontext/transformations/2d.transformation.rotate.direction.html
16:56:56     INFO - PROCESS | 3840 | ++DOCSHELL 000000DC5F4AA800 == 14 [pid = 3840] [id = 16]
16:56:56     INFO - PROCESS | 3840 | ++DOMWINDOW == 44 (000000DC5F4AB800) [pid = 3840] [serial = 44] [outer = 0000000000000000]
16:56:57     INFO - PROCESS | 3840 | ++DOMWINDOW == 45 (000000DC62A42800) [pid = 3840] [serial = 45] [outer = 000000DC5F4AB800]
16:56:57     INFO - PROCESS | 3840 | ++DOMWINDOW == 46 (000000DC634CB000) [pid = 3840] [serial = 46] [outer = 000000DC5F4AB800]
16:56:57     INFO - .
16:56:57     INFO - TEST-OK | /2dcontext/transformations/2d.transformation.rotate.direction.html | took 672ms
16:56:57     INFO - TEST-START | /2dcontext/transformations/2d.transformation.rotate.nonfinite.html
16:56:57     INFO - PROCESS | 3840 | ++DOCSHELL 000000DC64C7D000 == 15 [pid = 3840] [id = 17]
16:56:57     INFO - PROCESS | 3840 | ++DOMWINDOW == 47 (000000DC64C85800) [pid = 3840] [serial = 47] [outer = 0000000000000000]
16:56:57     INFO - PROCESS | 3840 | ++DOMWINDOW == 48 (000000DC67074800) [pid = 3840] [serial = 48] [outer = 000000DC64C85800]
16:56:57     INFO - PROCESS | 3840 | ++DOMWINDOW == 49 (000000DC67969800) [pid = 3840] [serial = 49] [outer = 000000DC64C85800]
16:56:58     INFO - .
16:56:58     INFO - TEST-OK | /2dcontext/transformations/2d.transformation.rotate.nonfinite.html | took 671ms
16:56:58     INFO - TEST-START | /2dcontext/transformations/2d.transformation.rotate.radians.html
16:56:58     INFO - PROCESS | 3840 | ++DOCSHELL 000000DC6A414800 == 16 [pid = 3840] [id = 18]
16:56:58     INFO - PROCESS | 3840 | ++DOMWINDOW == 50 (000000DC6A415000) [pid = 3840] [serial = 50] [outer = 0000000000000000]
16:56:58     INFO - PROCESS | 3840 | ++DOMWINDOW == 51 (000000DC6A41F800) [pid = 3840] [serial = 51] [outer = 000000DC6A415000]
16:56:58     INFO - PROCESS | 3840 | ++DOMWINDOW == 52 (000000DC6A74D800) [pid = 3840] [serial = 52] [outer = 000000DC6A415000]
16:56:58     INFO - .
16:56:58     INFO - TEST-OK | /2dcontext/transformations/2d.transformation.rotate.radians.html | took 672ms
16:56:58     INFO - TEST-START | /2dcontext/transformations/2d.transformation.rotate.wrap.html
16:56:58     INFO - PROCESS | 3840 | ++DOCSHELL 000000DC6B6AA800 == 17 [pid = 3840] [id = 19]
16:56:58     INFO - PROCESS | 3840 | ++DOMWINDOW == 53 (000000DC6B6B9000) [pid = 3840] [serial = 53] [outer = 0000000000000000]
16:56:59     INFO - PROCESS | 3840 | ++DOMWINDOW == 54 (000000DC6BA22000) [pid = 3840] [serial = 54] [outer = 000000DC6B6B9000]
16:56:59     INFO - PROCESS | 3840 | ++DOMWINDOW == 55 (000000DC6DB58800) [pid = 3840] [serial = 55] [outer = 000000DC6B6B9000]
16:56:59     INFO - .
16:56:59     INFO - TEST-OK | /2dcontext/transformations/2d.transformation.rotate.wrap.html | took 672ms
16:56:59     INFO - TEST-START | /2dcontext/transformations/2d.transformation.rotate.wrapnegative.html
16:56:59     INFO - PROCESS | 3840 | ++DOCSHELL 000000DC6E6B5000 == 18 [pid = 3840] [id = 20]
16:56:59     INFO - PROCESS | 3840 | ++DOMWINDOW == 56 (000000DC6E6B5800) [pid = 3840] [serial = 56] [outer = 0000000000000000]
16:56:59     INFO - PROCESS | 3840 | ++DOMWINDOW == 57 (000000DC6EA2D800) [pid = 3840] [serial = 57] [outer = 000000DC6E6B5800]
16:56:59     INFO - PROCESS | 3840 | ++DOMWINDOW == 58 (000000DC6F32B000) [pid = 3840] [serial = 58] [outer = 000000DC6E6B5800]
16:57:00     INFO - .
16:57:00     INFO - TEST-OK | /2dcontext/transformations/2d.transformation.rotate.wrapnegative.html | took 628ms
16:57:00     INFO - TEST-START | /2dcontext/transformations/2d.transformation.rotate.zero.html
16:57:00     INFO - PROCESS | 3840 | ++DOCSHELL 000000DC6F333000 == 19 [pid = 3840] [id = 21]
16:57:00     INFO - PROCESS | 3840 | ++DOMWINDOW == 59 (000000DC6F336800) [pid = 3840] [serial = 59] [outer = 0000000000000000]
16:57:00     INFO - PROCESS | 3840 | ++DOMWINDOW == 60 (000000DC6FD27000) [pid = 3840] [serial = 60] [outer = 000000DC6F336800]
16:57:00     INFO - PROCESS | 3840 | ++DOMWINDOW == 61 (000000DC6FB5A800) [pid = 3840] [serial = 61] [outer = 000000DC6F336800]
16:57:00     INFO - .
16:57:00     INFO - TEST-OK | /2dcontext/transformations/2d.transformation.rotate.zero.html | took 567ms
16:57:00     INFO - TEST-START | /2dcontext/transformations/2d.transformation.scale.basic.html
16:57:00     INFO - PROCESS | 3840 | ++DOCSHELL 000000DC6FB6B800 == 20 [pid = 3840] [id = 22]
16:57:00     INFO - PROCESS | 3840 | ++DOMWINDOW == 62 (000000DC6FB6C000) [pid = 3840] [serial = 62] [outer = 0000000000000000]
16:57:00     INFO - PROCESS | 3840 | ++DOMWINDOW == 63 (000000DC6FB6F800) [pid = 3840] [serial = 63] [outer = 000000DC6FB6C000]
16:57:00     INFO - PROCESS | 3840 | ++DOMWINDOW == 64 (000000DC5E007800) [pid = 3840] [serial = 64] [outer = 000000DC6FB6C000]
16:57:01     INFO - .
16:57:01     INFO - TEST-OK | /2dcontext/transformations/2d.transformation.scale.basic.html | took 566ms
16:57:01     INFO - TEST-START | /2dcontext/transformations/2d.transformation.scale.large.html
16:57:01     INFO - PROCESS | 3840 | ++DOCSHELL 000000DC5E019000 == 21 [pid = 3840] [id = 23]
16:57:01     INFO - PROCESS | 3840 | ++DOMWINDOW == 65 (000000DC5E019800) [pid = 3840] [serial = 65] [outer = 0000000000000000]
16:57:01     INFO - PROCESS | 3840 | ++DOMWINDOW == 66 (000000DC5E021800) [pid = 3840] [serial = 66] [outer = 000000DC5E019800]
16:57:01     INFO - PROCESS | 3840 | ++DOMWINDOW == 67 (000000DC6FB71000) [pid = 3840] [serial = 67] [outer = 000000DC5E019800]
16:57:01     INFO - .
16:57:01     INFO - TEST-OK | /2dcontext/transformations/2d.transformation.scale.large.html | took 671ms
16:57:01     INFO - TEST-START | /2dcontext/transformations/2d.transformation.scale.multiple.html
16:57:02     INFO - PROCESS | 3840 | ++DOCSHELL 000000DC5DB7C000 == 22 [pid = 3840] [id = 24]
16:57:02     INFO - PROCESS | 3840 | ++DOMWINDOW == 68 (000000DC5DB7C800) [pid = 3840] [serial = 68] [outer = 0000000000000000]
16:57:02     INFO - PROCESS | 3840 | ++DOMWINDOW == 69 (000000DC5E01D000) [pid = 3840] [serial = 69] [outer = 000000DC5DB7C800]
16:57:02     INFO - PROCESS | 3840 | ++DOMWINDOW == 70 (000000DC6FF73000) [pid = 3840] [serial = 70] [outer = 000000DC5DB7C800]
16:57:03     INFO - PROCESS | 3840 | --DOCSHELL 000000DC68D4D000 == 21 [pid = 3840] [id = 10]
16:57:03     INFO - PROCESS | 3840 | --DOCSHELL 000000DC6A756800 == 20 [pid = 3840] [id = 11]
16:57:03     INFO - PROCESS | 3840 | --DOCSHELL 000000DC5CEB9000 == 19 [pid = 3840] [id = 8]
16:57:03     INFO - .
16:57:03     INFO - TEST-OK | /2dcontext/transformations/2d.transformation.scale.multiple.html | took 1434ms
16:57:03     INFO - TEST-START | /2dcontext/transformations/2d.transformation.scale.negative.html
16:57:03     INFO - PROCESS | 3840 | ++DOCSHELL 000000DC5C6C9000 == 20 [pid = 3840] [id = 25]
16:57:03     INFO - PROCESS | 3840 | ++DOMWINDOW == 71 (000000DC5C6CA800) [pid = 3840] [serial = 71] [outer = 0000000000000000]
16:57:03     INFO - PROCESS | 3840 | ++DOMWINDOW == 72 (000000DC5DB77000) [pid = 3840] [serial = 72] [outer = 000000DC5C6CA800]
16:57:03     INFO - PROCESS | 3840 | ++DOMWINDOW == 73 (000000DC5E2A5000) [pid = 3840] [serial = 73] [outer = 000000DC5C6CA800]
16:57:04     INFO - .
16:57:04     INFO - TEST-OK | /2dcontext/transformations/2d.transformation.scale.negative.html | took 777ms
16:57:04     INFO - TEST-START | /2dcontext/transformations/2d.transformation.scale.nonfinite.html
16:57:04     INFO - PROCESS | 3840 | ++DOCSHELL 000000DC6271A800 == 21 [pid = 3840] [id = 26]
16:57:04     INFO - PROCESS | 3840 | ++DOMWINDOW == 74 (000000DC6271F800) [pid = 3840] [serial = 74] [outer = 0000000000000000]
16:57:04     INFO - PROCESS | 3840 | ++DOMWINDOW == 75 (000000DC627AF000) [pid = 3840] [serial = 75] [outer = 000000DC6271F800]
16:57:04     INFO - PROCESS | 3840 | ++DOMWINDOW == 76 (000000DC63548800) [pid = 3840] [serial = 76] [outer = 000000DC6271F800]
16:57:04     INFO - .
16:57:04     INFO - TEST-OK | /2dcontext/transformations/2d.transformation.scale.nonfinite.html | took 734ms
16:57:04     INFO - TEST-START | /2dcontext/transformations/2d.transformation.scale.zero.html
16:57:05     INFO - PROCESS | 3840 | ++DOCSHELL 000000DC6795A800 == 22 [pid = 3840] [id = 27]
16:57:05     INFO - PROCESS | 3840 | ++DOMWINDOW == 77 (000000DC6795C800) [pid = 3840] [serial = 77] [outer = 0000000000000000]
16:57:05     INFO - PROCESS | 3840 | ++DOMWINDOW == 78 (000000DC67965000) [pid = 3840] [serial = 78] [outer = 000000DC6795C800]
16:57:05     INFO - PROCESS | 3840 | ++DOMWINDOW == 79 (000000DC68B56000) [pid = 3840] [serial = 79] [outer = 000000DC6795C800]
16:57:05     INFO - .
16:57:05     INFO - TEST-OK | /2dcontext/transformations/2d.transformation.scale.zero.html | took 629ms
16:57:05     INFO - TEST-START | /2dcontext/transformations/2d.transformation.setTransform.multiple.html
16:57:05     INFO - PROCESS | 3840 | ++DOCSHELL 000000DC699E1000 == 23 [pid = 3840] [id = 28]
16:57:05     INFO - PROCESS | 3840 | ++DOMWINDOW == 80 (000000DC699E2000) [pid = 3840] [serial = 80] [outer = 0000000000000000]
16:57:05     INFO - PROCESS | 3840 | ++DOMWINDOW == 81 (000000DC6A618800) [pid = 3840] [serial = 81] [outer = 000000DC699E2000]
16:57:05     INFO - PROCESS | 3840 | ++DOMWINDOW == 82 (000000DC6A861800) [pid = 3840] [serial = 82] [outer = 000000DC699E2000]
16:57:06     INFO - .
16:57:06     INFO - TEST-OK | /2dcontext/transformations/2d.transformation.setTransform.multiple.html | took 630ms
16:57:06     INFO - TEST-START | /2dcontext/transformations/2d.transformation.setTransform.nonfinite.html
16:57:06     INFO - PROCESS | 3840 | ++DOCSHELL 000000DC6B6A9800 == 24 [pid = 3840] [id = 29]
16:57:06     INFO - PROCESS | 3840 | ++DOMWINDOW == 83 (000000DC6BB38800) [pid = 3840] [serial = 83] [outer = 0000000000000000]
16:57:06     INFO - PROCESS | 3840 | ++DOMWINDOW == 84 (000000DC6D21E800) [pid = 3840] [serial = 84] [outer = 000000DC6BB38800]
16:57:06     INFO - PROCESS | 3840 | ++DOMWINDOW == 85 (000000DC6E6A7800) [pid = 3840] [serial = 85] [outer = 000000DC6BB38800]
16:57:07     INFO - .
16:57:07     INFO - TEST-OK | /2dcontext/transformations/2d.transformation.setTransform.nonfinite.html | took 777ms
16:57:07     INFO - TEST-START | /2dcontext/transformations/2d.transformation.setTransform.skewed.html
16:57:07     INFO - PROCESS | 3840 | ++DOCSHELL 000000DC5E31B000 == 25 [pid = 3840] [id = 30]
16:57:07     INFO - PROCESS | 3840 | ++DOMWINDOW == 86 (000000DC5F1A7000) [pid = 3840] [serial = 86] [outer = 0000000000000000]
16:57:07     INFO - PROCESS | 3840 | ++DOMWINDOW == 87 (000000DC62CE2000) [pid = 3840] [serial = 87] [outer = 000000DC5F1A7000]
16:57:07     INFO - PROCESS | 3840 | ++DOMWINDOW == 88 (000000DC6794E800) [pid = 3840] [serial = 88] [outer = 000000DC5F1A7000]
16:57:07     INFO - .
16:57:07     INFO - TEST-OK | /2dcontext/transformations/2d.transformation.setTransform.skewed.html | took 819ms
16:57:07     INFO - TEST-START | /2dcontext/transformations/2d.transformation.transform.identity.html
16:57:08     INFO - PROCESS | 3840 | ++DOCSHELL 000000DC6B6A5800 == 26 [pid = 3840] [id = 31]
16:57:08     INFO - PROCESS | 3840 | ++DOMWINDOW == 89 (000000DC6DB82800) [pid = 3840] [serial = 89] [outer = 0000000000000000]
16:57:08     INFO - PROCESS | 3840 | ++DOMWINDOW == 90 (000000DC6DBBB000) [pid = 3840] [serial = 90] [outer = 000000DC6DB82800]
16:57:08     INFO - PROCESS | 3840 | ++DOMWINDOW == 91 (000000DC6EAD4800) [pid = 3840] [serial = 91] [outer = 000000DC6DB82800]
16:57:08     INFO - .
16:57:08     INFO - TEST-OK | /2dcontext/transformations/2d.transformation.transform.identity.html | took 881ms
16:57:08     INFO - TEST-START | /2dcontext/transformations/2d.transformation.transform.multiply.html
16:57:09     INFO - PROCESS | 3840 | ++DOCSHELL 000000DC6FB68800 == 27 [pid = 3840] [id = 32]
16:57:09     INFO - PROCESS | 3840 | ++DOMWINDOW == 92 (000000DC6FB69000) [pid = 3840] [serial = 92] [outer = 0000000000000000]
16:57:09     INFO - PROCESS | 3840 | ++DOMWINDOW == 93 (000000DC6FD12800) [pid = 3840] [serial = 93] [outer = 000000DC6FB69000]
16:57:09     INFO - PROCESS | 3840 | ++DOMWINDOW == 94 (000000DC6FF7F000) [pid = 3840] [serial = 94] [outer = 000000DC6FB69000]
16:57:09     INFO - .
16:57:09     INFO - TEST-OK | /2dcontext/transformations/2d.transformation.transform.multiply.html | took 819ms
16:57:09     INFO - TEST-START | /2dcontext/transformations/2d.transformation.transform.nonfinite.html
16:57:09     INFO - PROCESS | 3840 | ++DOCSHELL 000000DC6FF88800 == 28 [pid = 3840] [id = 33]
16:57:09     INFO - PROCESS | 3840 | ++DOMWINDOW == 95 (000000DC6FF8B800) [pid = 3840] [serial = 95] [outer = 0000000000000000]
16:57:09     INFO - PROCESS | 3840 | ++DOMWINDOW == 96 (000000DC5E05C800) [pid = 3840] [serial = 96] [outer = 000000DC6FF8B800]
16:57:10     INFO - PROCESS | 3840 | ++DOMWINDOW == 97 (000000DC5E06E000) [pid = 3840] [serial = 97] [outer = 000000DC6FF8B800]
16:57:10     INFO - .
16:57:10     INFO - TEST-OK | /2dcontext/transformations/2d.transformation.transform.nonfinite.html | took 775ms
16:57:10     INFO - TEST-START | /2dcontext/transformations/2d.transformation.transform.skewed.html
16:57:10     INFO - PROCESS | 3840 | ++DOCSHELL 000000DC5CEB3800 == 29 [pid = 3840] [id = 34]
16:57:10     INFO - PROCESS | 3840 | ++DOMWINDOW == 98 (000000DC5E079800) [pid = 3840] [serial = 98] [outer = 0000000000000000]
16:57:10     INFO - PROCESS | 3840 | ++DOMWINDOW == 99 (000000DC6FF71800) [pid = 3840] [serial = 99] [outer = 000000DC5E079800]
16:57:10     INFO - PROCESS | 3840 | ++DOMWINDOW == 100 (000000DC5E156000) [pid = 3840] [serial = 100] [outer = 000000DC5E079800]
16:57:11     INFO - PROCESS | 3840 | [3840] WARNING: 'NS_FAILED(aResult)', file c:/builds/moz2_slave/m-esr52-w64-d-0000000000000000/build/src/netwerk/cache2/CacheFile.cpp, line 666
16:57:11     INFO - PROCESS | 3840 | [3840] WARNING: 'NS_FAILED(aResult)', file c:/builds/moz2_slave/m-esr52-w64-d-0000000000000000/build/src/netwerk/cache2/CacheFile.cpp, line 666
16:57:11     INFO - .
16:57:11     INFO - TEST-OK | /2dcontext/transformations/2d.transformation.transform.skewed.html | took 819ms
16:57:11     INFO - TEST-START | /2dcontext/transformations/2d.transformation.translate.basic.html
16:57:11     INFO - PROCESS | 3840 | ++DOCSHELL 000000DC5E162800 == 30 [pid = 3840] [id = 35]
16:57:11     INFO - PROCESS | 3840 | ++DOMWINDOW == 101 (000000DC5E163000) [pid = 3840] [serial = 101] [outer = 0000000000000000]
16:57:11     INFO - PROCESS | 3840 | ++DOMWINDOW == 102 (000000DC6D54D800) [pid = 3840] [serial = 102] [outer = 000000DC5E163000]
16:57:11     INFO - PROCESS | 3840 | ++DOMWINDOW == 103 (000000DC6FEBB800) [pid = 3840] [serial = 103] [outer = 000000DC5E163000]
16:57:12     INFO - .
16:57:12     INFO - TEST-OK | /2dcontext/transformations/2d.transformation.translate.basic.html | took 881ms
16:57:12     INFO - TEST-START | /2dcontext/transformations/2d.transformation.translate.nonfinite.html
16:57:12     INFO - PROCESS | 3840 | ++DOCSHELL 000000DC5DB5C800 == 31 [pid = 3840] [id = 36]
16:57:12     INFO - PROCESS | 3840 | ++DOMWINDOW == 104 (000000DC5DB61000) [pid = 3840] [serial = 104] [outer = 0000000000000000]
16:57:12     INFO - PROCESS | 3840 | ++DOMWINDOW == 105 (000000DC5DB78800) [pid = 3840] [serial = 105] [outer = 000000DC5DB61000]
16:57:12     INFO - PROCESS | 3840 | ++DOMWINDOW == 106 (000000DC5E7C4800) [pid = 3840] [serial = 106] [outer = 000000DC5DB61000]
16:57:13     INFO - .
16:57:13     INFO - TEST-OK | /2dcontext/transformations/2d.transformation.translate.nonfinite.html | took 924ms
16:57:13     INFO - TEST-START | /IndexedDB/abort-in-initial-upgradeneeded.html
16:57:13     INFO - PROCESS | 3840 | ++DOCSHELL 000000DC6355E000 == 32 [pid = 3840] [id = 37]
16:57:13     INFO - PROCESS | 3840 | ++DOMWINDOW == 107 (000000DC6355F000) [pid = 3840] [serial = 107] [outer = 0000000000000000]
16:57:13     INFO - PROCESS | 3840 | ++DOMWINDOW == 108 (000000DC643E3800) [pid = 3840] [serial = 108] [outer = 000000DC6355F000]
16:57:13     INFO - PROCESS | 3840 | ++DOMWINDOW == 109 (000000DC699E0800) [pid = 3840] [serial = 109] [outer = 000000DC6355F000]
16:57:14     INFO - .
16:57:14     INFO - TEST-OK | /IndexedDB/abort-in-initial-upgradeneeded.html | took 1275ms
16:57:14     INFO - TEST-START | /IndexedDB/close-in-upgradeneeded.html
16:57:14     INFO - PROCESS | 3840 | ++DOCSHELL 000000DC6B6BB800 == 33 [pid = 3840] [id = 38]
16:57:14     INFO - PROCESS | 3840 | ++DOMWINDOW == 110 (000000DC6BA1B000) [pid = 3840] [serial = 110] [outer = 0000000000000000]
16:57:14     INFO - PROCESS | 3840 | ++DOMWINDOW == 111 (000000DC6E6A5000) [pid = 3840] [serial = 111] [outer = 000000DC6BA1B000]
16:57:14     INFO - PROCESS | 3840 | ++DOMWINDOW == 112 (000000DC6FB6A800) [pid = 3840] [serial = 112] [outer = 000000DC6BA1B000]
16:57:16     INFO - PROCESS | 3840 | [3840] WARNING: 'aRv.Failed()', file c:/builds/moz2_slave/m-esr52-w64-d-0000000000000000/build/src/dom/indexedDB/IDBDatabase.cpp, line 581
16:57:16     INFO - PROCESS | 3840 | [3840] WARNING: NS_ENSURE_SUCCESS(rv, rv) failed with result 0x80630001: file c:/builds/moz2_slave/m-esr52-w64-d-0000000000000000/build/src/storage/mozStorageConnection.cpp, line 666
16:57:16     INFO - PROCESS | 3840 | [3840] WARNING: NS_ENSURE_SUCCESS(rv, rv) failed with result 0x80630001: file c:/builds/moz2_slave/m-esr52-w64-d-0000000000000000/build/src/storage/mozStorageService.cpp, line 869
16:57:16     INFO - PROCESS | 3840 | [3840] WARNING: Received NS_ERROR_STORAGE_BUSY when attempting to open database 'c:\users\cltbld~1.001\appdata\local\temp\tmpttqcjy.mozrunner\storage\default\http+++web-platform.test+8000\idb\2152376531t1e1s2t2d5b3-11058248.sqlite', retrying for up to 10 seconds: file c:/builds/moz2_slave/m-esr52-w64-d-0000000000000000/build/src/dom/indexedDB/ActorsParent.cpp, line 4406
16:57:16     INFO - .
16:57:16     INFO - TEST-OK | /IndexedDB/close-in-upgradeneeded.html | took 1883ms
16:57:16     INFO - TEST-START | /IndexedDB/cursor-overloads.htm
16:57:16     INFO - PROCESS | 3840 | [3840] WARNING: NS_ENSURE_TRUE(!mHasOrHasHadOwnerWindow || mOwnerWindow) failed: file c:\builds\moz2_slave\m-esr52-w64-d-0000000000000000\build\src\obj-firefox\dist\include\mozilla/DOMEventTargetHelper.h, line 132
16:57:16     INFO - PROCESS | 3840 | [3840] WARNING: 'NS_FAILED(CheckInnerWindowCorrectness())', file c:/builds/moz2_slave/m-esr52-w64-d-0000000000000000/build/src/dom/indexedDB/IDBRequest.cpp, line 357
16:57:16     INFO - PROCESS | 3840 | ++DOCSHELL 000000DC5E14B000 == 34 [pid = 3840] [id = 39]
16:57:16     INFO - PROCESS | 3840 | ++DOMWINDOW == 113 (000000DC5E14D000) [pid = 3840] [serial = 113] [outer = 0000000000000000]
16:57:16     INFO - PROCESS | 3840 | ++DOMWINDOW == 114 (000000DC5E323800) [pid = 3840] [serial = 114] [outer = 000000DC5E14D000]
16:57:16     INFO - PROCESS | 3840 | ++DOMWINDOW == 115 (000000DC5E073000) [pid = 3840] [serial = 115] [outer = 000000DC5E14D000]
16:57:17     INFO - PROCESS | 3840 | [3840] WARNING: NS_ENSURE_TRUE(layerManager) failed: file c:/builds/moz2_slave/m-esr52-w64-d-0000000000000000/build/src/dom/media/MediaDecoder.cpp, line 303
16:57:17     INFO - PROCESS | 3840 | [3840] WARNING: NS_ENSURE_TRUE(layerManager) failed: file c:/builds/moz2_slave/m-esr52-w64-d-0000000000000000/build/src/dom/media/MediaDecoder.cpp, line 303
16:57:17     INFO - PROCESS | 3840 | --DOMWINDOW == 114 (000000DC64C84000) [pid = 3840] [serial = 8] [outer = 0000000000000000] [url = chrome://gfxsanity/content/sanitytest.html]
16:57:17     INFO - PROCESS | 3840 | --DOMWINDOW == 113 (000000DC5EEA3800) [pid = 3840] [serial = 1] [outer = 0000000000000000] [url = chrome://gfxsanity/content/sanityparent.html]
16:57:17     INFO - PROCESS | 3840 | --DOMWINDOW == 112 (000000DC699E2000) [pid = 3840] [serial = 80] [outer = 0000000000000000] [url = http://web-platform.test:8000/2dcontext/transformations/2d.transformation.setTransform.multiple.html]
16:57:17     INFO - PROCESS | 3840 | --DOMWINDOW == 111 (000000DC6795C800) [pid = 3840] [serial = 77] [outer = 0000000000000000] [url = http://web-platform.test:8000/2dcontext/transformations/2d.transformation.scale.zero.html]
16:57:17     INFO - PROCESS | 3840 | --DOMWINDOW == 110 (000000DC6271F800) [pid = 3840] [serial = 74] [outer = 0000000000000000] [url = http://web-platform.test:8000/2dcontext/transformations/2d.transformation.scale.nonfinite.html]
16:57:17     INFO - PROCESS | 3840 | --DOMWINDOW == 109 (000000DC5C6CA800) [pid = 3840] [serial = 71] [outer = 0000000000000000] [url = http://web-platform.test:8000/2dcontext/transformations/2d.transformation.scale.negative.html]
16:57:17     INFO - PROCESS | 3840 | --DOMWINDOW == 108 (000000DC5DB7C800) [pid = 3840] [serial = 68] [outer = 0000000000000000] [url = http://web-platform.test:8000/2dcontext/transformations/2d.transformation.scale.multiple.html]
16:57:17     INFO - PROCESS | 3840 | --DOMWINDOW == 107 (000000DC5E019800) [pid = 3840] [serial = 65] [outer = 0000000000000000] [url = http://web-platform.test:8000/2dcontext/transformations/2d.transformation.scale.large.html]
16:57:17     INFO - PROCESS | 3840 | --DOMWINDOW == 106 (000000DC6FB6C000) [pid = 3840] [serial = 62] [outer = 0000000000000000] [url = http://web-platform.test:8000/2dcontext/transformations/2d.transformation.scale.basic.html]
16:57:17     INFO - PROCESS | 3840 | --DOMWINDOW == 105 (000000DC6F336800) [pid = 3840] [serial = 59] [outer = 0000000000000000] [url = http://web-platform.test:8000/2dcontext/transformations/2d.transformation.rotate.zero.html]
16:57:17     INFO - PROCESS | 3840 | --DOMWINDOW == 104 (000000DC6E6B5800) [pid = 3840] [serial = 56] [outer = 0000000000000000] [url = http://web-platform.test:8000/2dcontext/transformations/2d.transformation.rotate.wrapnegative.html]
16:57:17     INFO - PROCESS | 3840 | --DOMWINDOW == 103 (000000DC6B6B9000) [pid = 3840] [serial = 53] [outer = 0000000000000000] [url = http://web-platform.test:8000/2dcontext/transformations/2d.transformation.rotate.wrap.html]
16:57:17     INFO - PROCESS | 3840 | --DOMWINDOW == 102 (000000DC6A415000) [pid = 3840] [serial = 50] [outer = 0000000000000000] [url = http://web-platform.test:8000/2dcontext/transformations/2d.transformation.rotate.radians.html]
16:57:17     INFO - PROCESS | 3840 | --DOMWINDOW == 101 (000000DC64C85800) [pid = 3840] [serial = 47] [outer = 0000000000000000] [url = http://web-platform.test:8000/2dcontext/transformations/2d.transformation.rotate.nonfinite.html]
16:57:17     INFO - PROCESS | 3840 | --DOMWINDOW == 100 (000000DC5F4AB800) [pid = 3840] [serial = 44] [outer = 0000000000000000] [url = http://web-platform.test:8000/2dcontext/transformations/2d.transformation.rotate.direction.html]
16:57:17     INFO - PROCESS | 3840 | --DOMWINDOW == 99 (000000DC5E2AB800) [pid = 3840] [serial = 41] [outer = 0000000000000000] [url = http://web-platform.test:8000/2dcontext/transformations/2d.transformation.order.html]
16:57:17     INFO - PROCESS | 3840 | --DOMWINDOW == 98 (000000DC5CC82000) [pid = 3840] [serial = 38] [outer = 0000000000000000] [url = http://web-platform.test:8000/2dcontext/drawing-paths-to-the-canvas/drawFocusIfNeeded_003.html]
16:57:17     INFO - PROCESS | 3840 | --DOMWINDOW == 97 (000000DC6A758800) [pid = 3840] [serial = 29] [outer = 0000000000000000] [url = http://web-platform.test:8000/2dcontext/drawing-paths-to-the-canvas/drawFocusIfNeeded_002.html]
16:57:17     INFO - PROCESS | 3840 | --DOMWINDOW == 96 (000000DC699DE800) [pid = 3840] [serial = 26] [outer = 0000000000000000] [url = http://web-platform.test:8000/2dcontext/drawing-paths-to-the-canvas/canvas_focus_drawCustomFocusRing_001.html]
16:57:17     INFO - PROCESS | 3840 | --DOMWINDOW == 95 (000000DC5CEBA000) [pid = 3840] [serial = 20] [outer = 0000000000000000] [url = http://web-platform.test:8000/2dcontext/drawing-paths-to-the-canvas/canvas_complexshapes_ispointInpath_001.htm]
16:57:17     INFO - PROCESS | 3840 | --DOMWINDOW == 94 (000000DC5E079800) [pid = 3840] [serial = 98] [outer = 0000000000000000] [url = http://web-platform.test:8000/2dcontext/transformations/2d.transformation.transform.skewed.html]
16:57:17     INFO - PROCESS | 3840 | --DOMWINDOW == 93 (000000DC5E163000) [pid = 3840] [serial = 101] [outer = 0000000000000000] [url = http://web-platform.test:8000/2dcontext/transformations/2d.transformation.translate.basic.html]
16:57:17     INFO - PROCESS | 3840 | --DOMWINDOW == 92 (000000DC5DB61000) [pid = 3840] [serial = 104] [outer = 0000000000000000] [url = http://web-platform.test:8000/2dcontext/transformations/2d.transformation.translate.nonfinite.html]
16:57:17     INFO - PROCESS | 3840 | --DOMWINDOW == 91 (000000DC6BB38800) [pid = 3840] [serial = 83] [outer = 0000000000000000] [url = http://web-platform.test:8000/2dcontext/transformations/2d.transformation.setTransform.nonfinite.html]
16:57:17     INFO - PROCESS | 3840 | --DOMWINDOW == 90 (000000DC5F1A7000) [pid = 3840] [serial = 86] [outer = 0000000000000000] [url = http://web-platform.test:8000/2dcontext/transformations/2d.transformation.setTransform.skewed.html]
16:57:17     INFO - PROCESS | 3840 | --DOMWINDOW == 89 (000000DC6DB82800) [pid = 3840] [serial = 89] [outer = 0000000000000000] [url = http://web-platform.test:8000/2dcontext/transformations/2d.transformation.transform.identity.html]
16:57:17     INFO - PROCESS | 3840 | --DOMWINDOW == 88 (000000DC6FB69000) [pid = 3840] [serial = 92] [outer = 0000000000000000] [url = http://web-platform.test:8000/2dcontext/transformations/2d.transformation.transform.multiply.html]
16:57:17     INFO - PROCESS | 3840 | --DOMWINDOW == 87 (000000DC6FF8B800) [pid = 3840] [serial = 95] [outer = 0000000000000000] [url = http://web-platform.test:8000/2dcontext/transformations/2d.transformation.transform.nonfinite.html]
16:57:18     INFO - PROCESS | 3840 | [3840] WARNING: NS_ENSURE_SUCCESS(rv, rv) failed with result 0x80630001: file c:/builds/moz2_slave/m-esr52-w64-d-0000000000000000/build/src/storage/mozStorageConnection.cpp, line 666
16:57:18     INFO - PROCESS | 3840 | [3840] WARNING: NS_ENSURE_SUCCESS(rv, rv) failed with result 0x80630001: file c:/builds/moz2_slave/m-esr52-w64-d-0000000000000000/build/src/storage/mozStorageService.cpp, line 869
16:57:18     INFO - PROCESS | 3840 | [3840] WARNING: Received NS_ERROR_STORAGE_BUSY when attempting to open database 'c:\users\cltbld~1.001\appdata\local\temp\tmpttqcjy.mozrunner\storage\default\http+++web-platform.test+8000\idb\1042225252t3e4s5t7d3b7-51150268.sqlite', retrying for up to 10 seconds: file c:/builds/moz2_slave/m-esr52-w64-d-0000000000000000/build/src/dom/indexedDB/ActorsParent.cpp, line 4406
16:57:18     INFO - .
16:57:18     INFO - TEST-OK | /IndexedDB/cursor-overloads.htm | took 1868ms
16:57:18     INFO - TEST-START | /IndexedDB/idb_binary_key_conversion.htm
16:57:18     INFO - PROCESS | 3840 | [3840] WARNING: NS_ENSURE_SUCCESS(rv, rv) failed with result 0x80630001: file c:/builds/moz2_slave/m-esr52-w64-d-0000000000000000/build/src/storage/mozStorageConnection.cpp, line 666
16:57:18     INFO - PROCESS | 3840 | [3840] WARNING: NS_ENSURE_SUCCESS(rv, rv) failed with result 0x80630001: file c:/builds/moz2_slave/m-esr52-w64-d-0000000000000000/build/src/storage/mozStorageService.cpp, line 869
16:57:18     INFO - PROCESS | 3840 | [3840] WARNING: NS_ENSURE_TRUE(!mHasOrHasHadOwnerWindow || mOwnerWindow) failed: file c:\builds\moz2_slave\m-esr52-w64-d-0000000000000000\build\src\obj-firefox\dist\include\mozilla/DOMEventTargetHelper.h, line 132
16:57:18     INFO - PROCESS | 3840 | [3840] WARNING: 'NS_FAILED(CheckInnerWindowCorrectness())', file c:/builds/moz2_slave/m-esr52-w64-d-0000000000000000/build/src/dom/indexedDB/IDBRequest.cpp, line 357
16:57:18     INFO - PROCESS | 3840 | ++DOCSHELL 000000DC5E15B000 == 35 [pid = 3840] [id = 40]
16:57:18     INFO - PROCESS | 3840 | ++DOMWINDOW == 88 (000000DC5E15F000) [pid = 3840] [serial = 116] [outer = 0000000000000000]
16:57:18     INFO - PROCESS | 3840 | ++DOMWINDOW == 89 (000000DC643DD000) [pid = 3840] [serial = 117] [outer = 000000DC5E15F000]
16:57:18     INFO - PROCESS | 3840 | ++DOMWINDOW == 90 (000000DC68B48800) [pid = 3840] [serial = 118] [outer = 000000DC5E15F000]
16:57:18     INFO - .....
16:57:18     INFO - TEST-OK | /IndexedDB/idb_binary_key_conversion.htm | took 713ms
16:57:18     INFO - TEST-START | /IndexedDB/idb_webworkers.htm
16:57:19     INFO - PROCESS | 3840 | ++DOCSHELL 000000DC6AAC9800 == 36 [pid = 3840] [id = 41]
16:57:19     INFO - PROCESS | 3840 | ++DOMWINDOW == 91 (000000DC6ABD2800) [pid = 3840] [serial = 119] [outer = 0000000000000000]
16:57:19     INFO - PROCESS | 3840 | ++DOMWINDOW == 92 (000000DC6B01B800) [pid = 3840] [serial = 120] [outer = 000000DC6ABD2800]
16:57:19     INFO - PROCESS | 3840 | ++DOMWINDOW == 93 (000000DC6E6B6800) [pid = 3840] [serial = 121] [outer = 000000DC6ABD2800]
16:57:20     INFO - .
16:57:20     INFO - TEST-OK | /IndexedDB/idb_webworkers.htm | took 1432ms
16:57:20     INFO - TEST-START | /IndexedDB/idbcursor-advance-continue-async.htm
16:57:20     INFO - PROCESS | 3840 | ++DOCSHELL 000000DC5E162000 == 37 [pid = 3840] [id = 42]
16:57:20     INFO - PROCESS | 3840 | ++DOMWINDOW == 94 (000000DC5E165800) [pid = 3840] [serial = 122] [outer = 0000000000000000]
16:57:20     INFO - PROCESS | 3840 | ++DOMWINDOW == 95 (000000DC62537000) [pid = 3840] [serial = 123] [outer = 000000DC5E165800]
16:57:20     INFO - PROCESS | 3840 | ++DOMWINDOW == 96 (000000DC5E152800) [pid = 3840] [serial = 124] [outer = 000000DC5E165800]
16:57:21     INFO - ....
16:57:21     INFO - TEST-OK | /IndexedDB/idbcursor-advance-continue-async.htm | took 1632ms
16:57:22     INFO - TEST-START | /IndexedDB/idbcursor-advance-invalid.htm
16:57:22     INFO - PROCESS | 3840 | ++DOCSHELL 000000DC6A61B800 == 38 [pid = 3840] [id = 43]
16:57:22     INFO - PROCESS | 3840 | ++DOMWINDOW == 97 (000000DC6A61C000) [pid = 3840] [serial = 125] [outer = 0000000000000000]
16:57:22     INFO - PROCESS | 3840 | ++DOMWINDOW == 98 (000000DC6FEC5000) [pid = 3840] [serial = 126] [outer = 000000DC6A61C000]
16:57:22     INFO - PROCESS | 3840 | ++DOMWINDOW == 99 (000000DC6FF7E800) [pid = 3840] [serial = 127] [outer = 000000DC6A61C000]
16:57:23     INFO - ......
16:57:23     INFO - TEST-OK | /IndexedDB/idbcursor-advance-invalid.htm | took 1529ms
16:57:23     INFO - TEST-START | /IndexedDB/idbcursor-advance.htm
16:57:23     INFO - PROCESS | 3840 | ++DOCSHELL 000000DC5CEB4800 == 39 [pid = 3840] [id = 44]
16:57:23     INFO - PROCESS | 3840 | ++DOMWINDOW == 100 (000000DC5CEC0000) [pid = 3840] [serial = 128] [outer = 0000000000000000]
16:57:23     INFO - PROCESS | 3840 | ++DOMWINDOW == 101 (000000DC5D1B0800) [pid = 3840] [serial = 129] [outer = 000000DC5CEC0000]
16:57:24     INFO - PROCESS | 3840 | ++DOMWINDOW == 102 (000000DC5E14E800) [pid = 3840] [serial = 130] [outer = 000000DC5CEC0000]
16:57:24     INFO - PROCESS | 3840 | --DOCSHELL 000000DC5DB5C800 == 38 [pid = 3840] [id = 36]
16:57:24     INFO - PROCESS | 3840 | --DOCSHELL 000000DC6355E000 == 37 [pid = 3840] [id = 37]
16:57:24     INFO - PROCESS | 3840 | --DOCSHELL 000000DC5E15B000 == 36 [pid = 3840] [id = 40]
16:57:24     INFO - PROCESS | 3840 | --DOCSHELL 000000DC5E14B000 == 35 [pid = 3840] [id = 39]
16:57:24     INFO - PROCESS | 3840 | --DOCSHELL 000000DC6B6BB800 == 34 [pid = 3840] [id = 38]
16:57:24     INFO - PROCESS | 3840 | --DOCSHELL 000000DC6FF88800 == 33 [pid = 3840] [id = 33]
16:57:24     INFO - PROCESS | 3840 | --DOCSHELL 000000DC5CEB3800 == 32 [pid = 3840] [id = 34]
16:57:24     INFO - PROCESS | 3840 | --DOCSHELL 000000DC5E162800 == 31 [pid = 3840] [id = 35]
16:57:24     INFO - PROCESS | 3840 | --DOCSHELL 000000DC6FB68800 == 30 [pid = 3840] [id = 32]
16:57:24     INFO - PROCESS | 3840 | --DOCSHELL 000000DC6A61B800 == 29 [pid = 3840] [id = 43]
16:57:24     INFO - PROCESS | 3840 | --DOCSHELL 000000DC6AAC9800 == 28 [pid = 3840] [id = 41]
16:57:24     INFO - PROCESS | 3840 | --DOCSHELL 000000DC5E162000 == 27 [pid = 3840] [id = 42]
16:57:24     INFO - PROCESS | 3840 | --DOMWINDOW == 101 (000000DC6D2DB800) [pid = 3840] [serial = 36] [outer = 0000000000000000] [url = about:blank]
16:57:24     INFO - PROCESS | 3840 | --DOMWINDOW == 100 (000000DC64C95000) [pid = 3840] [serial = 9] [outer = 0000000000000000] [url = about:blank]
16:57:24     INFO - PROCESS | 3840 | --DOMWINDOW == 99 (000000DC6B243000) [pid = 3840] [serial = 17] [outer = 0000000000000000] [url = about:blank]
16:57:24     INFO - PROCESS | 3840 | --DOMWINDOW == 98 (000000DC5E2A0800) [pid = 3840] [serial = 24] [outer = 0000000000000000] [url = about:blank]
16:57:24     INFO - PROCESS | 3840 | --DOMWINDOW == 97 (000000DC6ABE3000) [pid = 3840] [serial = 14] [outer = 0000000000000000] [url = about:blank]
16:57:24     INFO - PROCESS | 3840 | --DOMWINDOW == 96 (000000DC6FF73000) [pid = 3840] [serial = 70] [outer = 0000000000000000] [url = about:blank]
16:57:24     INFO - PROCESS | 3840 | --DOMWINDOW == 95 (000000DC643E3800) [pid = 3840] [serial = 108] [outer = 0000000000000000] [url = about:blank]
16:57:24     INFO - PROCESS | 3840 | --DOMWINDOW == 94 (000000DC62A42800) [pid = 3840] [serial = 45] [outer = 0000000000000000] [url = about:blank]
16:57:24     INFO - PROCESS | 3840 | --DOMWINDOW == 93 (000000DC5E7CC000) [pid = 3840] [serial = 42] [outer = 0000000000000000] [url = about:blank]
16:57:24     INFO - PROCESS | 3840 | --DOMWINDOW == 92 (000000DC634CB000) [pid = 3840] [serial = 46] [outer = 0000000000000000] [url = about:blank]
16:57:24     INFO - PROCESS | 3840 | --DOMWINDOW == 91 (000000DC6FD12800) [pid = 3840] [serial = 93] [outer = 0000000000000000] [url = about:blank]
16:57:24     INFO - PROCESS | 3840 | --DOMWINDOW == 90 (000000DC6BA22000) [pid = 3840] [serial = 54] [outer = 0000000000000000] [url = about:blank]
16:57:24     INFO - PROCESS | 3840 | --DOMWINDOW == 89 (000000DC6FEBB800) [pid = 3840] [serial = 103] [outer = 0000000000000000] [url = about:blank]
16:57:24     INFO - PROCESS | 3840 | --DOMWINDOW == 88 (000000DC5DB77000) [pid = 3840] [serial = 72] [outer = 0000000000000000] [url = about:blank]
16:57:24     INFO - PROCESS | 3840 | --DOMWINDOW == 87 (000000DC5E05C800) [pid = 3840] [serial = 96] [outer = 0000000000000000] [url = about:blank]
16:57:24     INFO - PROCESS | 3840 | --DOMWINDOW == 86 (000000DC67074800) [pid = 3840] [serial = 48] [outer = 0000000000000000] [url = about:blank]
16:57:24     INFO - PROCESS | 3840 | --DOMWINDOW == 85 (000000DC5E7C4800) [pid = 3840] [serial = 106] [outer = 0000000000000000] [url = about:blank]
16:57:24     INFO - PROCESS | 3840 | --DOMWINDOW == 84 (000000DC67965000) [pid = 3840] [serial = 78] [outer = 0000000000000000] [url = about:blank]
16:57:24     INFO - PROCESS | 3840 | --DOMWINDOW == 83 (000000DC6FF7F000) [pid = 3840] [serial = 94] [outer = 0000000000000000] [url = about:blank]
16:57:24     INFO - PROCESS | 3840 | --DOMWINDOW == 82 (000000DC6A74D800) [pid = 3840] [serial = 52] [outer = 0000000000000000] [url = about:blank]
16:57:24     INFO - PROCESS | 3840 | --DOMWINDOW == 81 (000000DC5CFA0800) [pid = 3840] [serial = 21] [outer = 0000000000000000] [url = about:blank]
16:57:24     INFO - PROCESS | 3840 | --DOMWINDOW == 80 (000000DC6FB6F800) [pid = 3840] [serial = 63] [outer = 0000000000000000] [url = about:blank]
16:57:24     INFO - PROCESS | 3840 | --DOMWINDOW == 79 (000000DC6EA2D800) [pid = 3840] [serial = 57] [outer = 0000000000000000] [url = about:blank]
16:57:24     INFO - PROCESS | 3840 | --DOMWINDOW == 78 (000000DC6E6A7800) [pid = 3840] [serial = 85] [outer = 0000000000000000] [url = about:blank]
16:57:24     INFO - PROCESS | 3840 | --DOMWINDOW == 77 (000000DC5DB78800) [pid = 3840] [serial = 105] [outer = 0000000000000000] [url = about:blank]
16:57:24     INFO - PROCESS | 3840 | --DOMWINDOW == 76 (000000DC5D198800) [pid = 3840] [serial = 40] [outer = 0000000000000000] [url = about:blank]
16:57:24     INFO - PROCESS | 3840 | --DOMWINDOW == 75 (000000DC6A866000) [pid = 3840] [serial = 30] [outer = 0000000000000000] [url = about:blank]
16:57:24     INFO - PROCESS | 3840 | --DOMWINDOW == 74 (000000DC5F49C800) [pid = 3840] [serial = 43] [outer = 0000000000000000] [url = about:blank]
16:57:24     INFO - PROCESS | 3840 | --DOMWINDOW == 73 (000000DC6FD27000) [pid = 3840] [serial = 60] [outer = 0000000000000000] [url = about:blank]
16:57:24     INFO - PROCESS | 3840 | --DOMWINDOW == 72 (000000DC6A861800) [pid = 3840] [serial = 82] [outer = 0000000000000000] [url = about:blank]
16:57:24     INFO - PROCESS | 3840 | --DOMWINDOW == 71 (000000DC6A41F800) [pid = 3840] [serial = 51] [outer = 0000000000000000] [url = about:blank]
16:57:24     INFO - PROCESS | 3840 | --DOMWINDOW == 70 (000000DC5E01D000) [pid = 3840] [serial = 69] [outer = 0000000000000000] [url = about:blank]
16:57:24     INFO - PROCESS | 3840 | --DOMWINDOW == 69 (000000DC6FF71800) [pid = 3840] [serial = 99] [outer = 0000000000000000] [url = about:blank]
16:57:24     INFO - PROCESS | 3840 | --DOMWINDOW == 68 (000000DC67969800) [pid = 3840] [serial = 49] [outer = 0000000000000000] [url = about:blank]
16:57:24     INFO - PROCESS | 3840 | --DOMWINDOW == 67 (000000DC6ABD0800) [pid = 3840] [serial = 31] [outer = 0000000000000000] [url = about:blank]
16:57:24     INFO - PROCESS | 3840 | --DOMWINDOW == 66 (000000DC6354B800) [pid = 3840] [serial = 18] [outer = 0000000000000000] [url = about:blank]
16:57:24     INFO - PROCESS | 3840 | --DOMWINDOW == 65 (000000DC6D54D800) [pid = 3840] [serial = 102] [outer = 0000000000000000] [url = about:blank]
16:57:24     INFO - PROCESS | 3840 | --DOMWINDOW == 64 (000000DC63548800) [pid = 3840] [serial = 76] [outer = 0000000000000000] [url = about:blank]
16:57:24     INFO - PROCESS | 3840 | --DOMWINDOW == 63 (000000DC6A618800) [pid = 3840] [serial = 81] [outer = 0000000000000000] [url = about:blank]
16:57:24     INFO - PROCESS | 3840 | --DOMWINDOW == 62 (000000DC6DBBB000) [pid = 3840] [serial = 90] [outer = 0000000000000000] [url = about:blank]
16:57:24     INFO - PROCESS | 3840 | --DOMWINDOW == 61 (000000DC62CE2000) [pid = 3840] [serial = 87] [outer = 0000000000000000] [url = about:blank]
16:57:24     INFO - PROCESS | 3840 | --DOMWINDOW == 60 (000000DC6FB5A800) [pid = 3840] [serial = 61] [outer = 0000000000000000] [url = about:blank]
16:57:24     INFO - PROCESS | 3840 | --DOMWINDOW == 59 (000000DC627AF000) [pid = 3840] [serial = 75] [outer = 0000000000000000] [url = about:blank]
16:57:24     INFO - PROCESS | 3840 | --DOMWINDOW == 58 (000000DC6AAB4800) [pid = 3840] [serial = 33] [outer = 0000000000000000] [url = about:blank]
16:57:24     INFO - PROCESS | 3840 | --DOMWINDOW == 57 (000000DC6D21E800) [pid = 3840] [serial = 84] [outer = 0000000000000000] [url = about:blank]
16:57:24     INFO - PROCESS | 3840 | --DOMWINDOW == 56 (000000DC5E007800) [pid = 3840] [serial = 64] [outer = 0000000000000000] [url = about:blank]
16:57:24     INFO - PROCESS | 3840 | --DOMWINDOW == 55 (000000DC6A403000) [pid = 3840] [serial = 27] [outer = 0000000000000000] [url = about:blank]
16:57:24     INFO - PROCESS | 3840 | --DOMWINDOW == 54 (000000DC5E2A5000) [pid = 3840] [serial = 73] [outer = 0000000000000000] [url = about:blank]
16:57:24     INFO - PROCESS | 3840 | --DOMWINDOW == 53 (000000DC5E06E000) [pid = 3840] [serial = 97] [outer = 0000000000000000] [url = about:blank]
16:57:24     INFO - PROCESS | 3840 | --DOMWINDOW == 52 (000000DC5CC9B000) [pid = 3840] [serial = 39] [outer = 0000000000000000] [url = about:blank]
16:57:24     INFO - PROCESS | 3840 | --DOMWINDOW == 51 (000000DC5E021800) [pid = 3840] [serial = 66] [outer = 0000000000000000] [url = about:blank]
16:57:24     INFO - PROCESS | 3840 | --DOMWINDOW == 50 (000000DC6EAD4800) [pid = 3840] [serial = 91] [outer = 0000000000000000] [url = about:blank]
16:57:24     INFO - PROCESS | 3840 | --DOMWINDOW == 49 (000000DC6A420000) [pid = 3840] [serial = 28] [outer = 0000000000000000] [url = about:blank]
16:57:24     INFO - PROCESS | 3840 | --DOMWINDOW == 48 (000000DC6794E800) [pid = 3840] [serial = 88] [outer = 0000000000000000] [url = about:blank]
16:57:24     INFO - PROCESS | 3840 | --DOMWINDOW == 47 (000000DC6F32B000) [pid = 3840] [serial = 58] [outer = 0000000000000000] [url = about:blank]
16:57:24     INFO - PROCESS | 3840 | --DOMWINDOW == 46 (000000DC6DB58800) [pid = 3840] [serial = 55] [outer = 0000000000000000] [url = about:blank]
16:57:24     INFO - PROCESS | 3840 | --DOMWINDOW == 45 (000000DC5E329800) [pid = 3840] [serial = 22] [outer = 0000000000000000] [url = about:blank]
16:57:24     INFO - PROCESS | 3840 | --DOMWINDOW == 44 (000000DC5E156000) [pid = 3840] [serial = 100] [outer = 0000000000000000] [url = about:blank]
16:57:24     INFO - PROCESS | 3840 | --DOMWINDOW == 43 (000000DC68B56000) [pid = 3840] [serial = 79] [outer = 0000000000000000] [url = about:blank]
16:57:24     INFO - PROCESS | 3840 | --DOMWINDOW == 42 (000000DC6FB71000) [pid = 3840] [serial = 67] [outer = 0000000000000000] [url = about:blank]
16:57:24     INFO - PROCESS | 3840 | --DOMWINDOW == 41 (000000DC67075800) [pid = 3840] [serial = 10] [outer = 0000000000000000] [url = chrome://gfxsanity/content/sanitytest.html]
16:57:24     INFO - PROCESS | 3840 | --DOMWINDOW == 40 (000000DC5F4B3000) [pid = 3840] [serial = 4] [outer = 0000000000000000] [url = about:blank]
16:57:24     INFO - PROCESS | 3840 | --DOMWINDOW == 39 (000000DC5EEA4800) [pid = 3840] [serial = 2] [outer = 0000000000000000] [url = about:blank]
16:57:24     INFO - PROCESS | 3840 | ++DOMWINDOW == 40 (000000DC5CF05000) [pid = 3840] [serial = 131] [outer = 000000DC6B6AA000]
16:57:25     INFO - ......
16:57:25     INFO - TEST-OK | /IndexedDB/idbcursor-advance.htm | took 2172ms
16:57:25     INFO - TEST-START | /IndexedDB/idbcursor-continue.htm
16:57:25     INFO - PROCESS | 3840 | ++DOCSHELL 000000DC5D8A4800 == 28 [pid = 3840] [id = 45]
16:57:25     INFO - PROCESS | 3840 | ++DOMWINDOW == 41 (000000DC5D8A6000) [pid = 3840] [serial = 132] [outer = 0000000000000000]
16:57:25     INFO - PROCESS | 3840 | ++DOMWINDOW == 42 (000000DC5DB77000) [pid = 3840] [serial = 133] [outer = 000000DC5D8A6000]
16:57:26     INFO - PROCESS | 3840 | ++DOMWINDOW == 43 (000000DC5E01A000) [pid = 3840] [serial = 134] [outer = 000000DC5D8A6000]
16:57:27     INFO - ......
16:57:27     INFO - TEST-OK | /IndexedDB/idbcursor-continue.htm | took 1337ms
16:57:27     INFO - TEST-START | /IndexedDB/idbcursor-continuePrimaryKey-exception-order.htm
16:57:27     INFO - PROCESS | 3840 | ++DOCSHELL 000000DC5E06E000 == 29 [pid = 3840] [id = 46]
16:57:27     INFO - PROCESS | 3840 | ++DOMWINDOW == 44 (000000DC5E06E800) [pid = 3840] [serial = 135] [outer = 0000000000000000]
16:57:27     INFO - PROCESS | 3840 | ++DOMWINDOW == 45 (000000DC5E158000) [pid = 3840] [serial = 136] [outer = 000000DC5E06E800]
16:57:27     INFO - PROCESS | 3840 | ++DOMWINDOW == 46 (000000DC5E2AB800) [pid = 3840] [serial = 137] [outer = 000000DC5E06E800]
16:57:27     INFO - PROCESS | 3840 | --DOMWINDOW == 45 (000000DC6ABD2800) [pid = 3840] [serial = 119] [outer = 0000000000000000] [url = http://web-platform.test:8000/IndexedDB/idb_webworkers.htm]
16:57:27     INFO - PROCESS | 3840 | --DOMWINDOW == 44 (000000DC5E14D000) [pid = 3840] [serial = 113] [outer = 0000000000000000] [url = http://web-platform.test:8000/IndexedDB/cursor-overloads.htm]
16:57:27     INFO - PROCESS | 3840 | --DOMWINDOW == 43 (000000DC6BA1B000) [pid = 3840] [serial = 110] [outer = 0000000000000000] [url = http://web-platform.test:8000/IndexedDB/close-in-upgradeneeded.html]
16:57:27     INFO - PROCESS | 3840 | --DOMWINDOW == 42 (000000DC5E15F000) [pid = 3840] [serial = 116] [outer = 0000000000000000] [url = http://web-platform.test:8000/IndexedDB/idb_binary_key_conversion.htm]
16:57:32     INFO - PROCESS | 3840 | --DOCSHELL 000000DC5E31B000 == 28 [pid = 3840] [id = 30]
16:57:32     INFO - PROCESS | 3840 | --DOCSHELL 000000DC5C6E5800 == 27 [pid = 3840] [id = 14]
16:57:32     INFO - PROCESS | 3840 | --DOCSHELL 000000DC5DB7C000 == 26 [pid = 3840] [id = 24]
16:57:32     INFO - PROCESS | 3840 | --DOCSHELL 000000DC6F333000 == 25 [pid = 3840] [id = 21]
16:57:32     INFO - PROCESS | 3840 | --DOCSHELL 000000DC6FB6B800 == 24 [pid = 3840] [id = 22]
16:57:32     INFO - PROCESS | 3840 | --DOCSHELL 000000DC6B6A5800 == 23 [pid = 3840] [id = 31]
16:57:32     INFO - PROCESS | 3840 | --DOCSHELL 000000DC6E6B5000 == 22 [pid = 3840] [id = 20]
16:57:32     INFO - PROCESS | 3840 | --DOCSHELL 000000DC6B6A9800 == 21 [pid = 3840] [id = 29]
16:57:32     INFO - PROCESS | 3840 | --DOCSHELL 000000DC6795A800 == 20 [pid = 3840] [id = 27]
16:57:32     INFO - PROCESS | 3840 | --DOCSHELL 000000DC6A414800 == 19 [pid = 3840] [id = 18]
16:57:32     INFO - PROCESS | 3840 | --DOCSHELL 000000DC6B6AA800 == 18 [pid = 3840] [id = 19]
16:57:32     INFO - PROCESS | 3840 | --DOCSHELL 000000DC699E1000 == 17 [pid = 3840] [id = 28]
16:57:32     INFO - PROCESS | 3840 | --DOCSHELL 000000DC5E019000 == 16 [pid = 3840] [id = 23]
16:57:32     INFO - PROCESS | 3840 | --DOCSHELL 000000DC5C6C9000 == 15 [pid = 3840] [id = 25]
16:57:32     INFO - PROCESS | 3840 | --DOCSHELL 000000DC64C7D000 == 14 [pid = 3840] [id = 17]
16:57:32     INFO - PROCESS | 3840 | --DOCSHELL 000000DC6271A800 == 13 [pid = 3840] [id = 26]
16:57:32     INFO - PROCESS | 3840 | --DOCSHELL 000000DC5E2A9800 == 12 [pid = 3840] [id = 15]
16:57:32     INFO - PROCESS | 3840 | --DOCSHELL 000000DC5F4AA800 == 11 [pid = 3840] [id = 16]
16:57:32     INFO - PROCESS | 3840 | --DOCSHELL 000000DC5D8A4800 == 10 [pid = 3840] [id = 45]
16:57:32     INFO - PROCESS | 3840 | --DOCSHELL 000000DC5CEB4800 == 9 [pid = 3840] [id = 44]
16:57:32     INFO - PROCESS | 3840 | --DOMWINDOW == 41 (000000DC6B01B800) [pid = 3840] [serial = 120] [outer = 0000000000000000] [url = about:blank]
16:57:32     INFO - PROCESS | 3840 | --DOMWINDOW == 40 (000000DC6E6B6800) [pid = 3840] [serial = 121] [outer = 0000000000000000] [url = about:blank]
16:57:32     INFO - PROCESS | 3840 | --DOMWINDOW == 39 (000000DC643DD000) [pid = 3840] [serial = 117] [outer = 0000000000000000] [url = about:blank]
16:57:32     INFO - PROCESS | 3840 | --DOMWINDOW == 38 (000000DC68B48800) [pid = 3840] [serial = 118] [outer = 0000000000000000] [url = about:blank]
16:57:32     INFO - PROCESS | 3840 | --DOMWINDOW == 37 (000000DC5E323800) [pid = 3840] [serial = 114] [outer = 0000000000000000] [url = about:blank]
16:57:32     INFO - PROCESS | 3840 | --DOMWINDOW == 36 (000000DC5E073000) [pid = 3840] [serial = 115] [outer = 0000000000000000] [url = about:blank]
16:57:32     INFO - PROCESS | 3840 | --DOMWINDOW == 35 (000000DC6FB6A800) [pid = 3840] [serial = 112] [outer = 0000000000000000] [url = about:blank]
16:57:32     INFO - PROCESS | 3840 | --DOMWINDOW == 34 (000000DC6E6A5000) [pid = 3840] [serial = 111] [outer = 0000000000000000] [url = about:blank]
16:57:35     INFO - PROCESS | 3840 | --DOMWINDOW == 33 (000000DC5CEC0000) [pid = 3840] [serial = 128] [outer = 0000000000000000] [url = http://web-platform.test:8000/IndexedDB/idbcursor-advance.htm]
16:57:35     INFO - PROCESS | 3840 | --DOMWINDOW == 32 (000000DC5E165800) [pid = 3840] [serial = 122] [outer = 0000000000000000] [url = http://web-platform.test:8000/IndexedDB/idbcursor-advance-continue-async.htm]
16:57:35     INFO - PROCESS | 3840 | --DOMWINDOW == 31 (000000DC6A61C000) [pid = 3840] [serial = 125] [outer = 0000000000000000] [url = http://web-platform.test:8000/IndexedDB/idbcursor-advance-invalid.htm]
16:57:35     INFO - PROCESS | 3840 | --DOMWINDOW == 30 (000000DC5D8A6000) [pid = 3840] [serial = 132] [outer = 0000000000000000] [url = http://web-platform.test:8000/IndexedDB/idbcursor-continue.htm]
16:57:37     INFO - .............
16:57:37     INFO - TEST-OK | /IndexedDB/idbcursor-continuePrimaryKey-exception-order.htm | took 10345ms
16:57:37     INFO - TEST-START | /IndexedDB/idbcursor-direction-index-keyrange.htm

command interrupted, attempting to kill
16:57:37     INFO - PROCESS | 3840 | ++DOCSHELL 000000DC5CE1D000 == 10 [pid = 3840] [id = 47]
16:57:37     INFO - PROCESS | 3840 | ++DOMWINDOW == 31 (000000DC5CE21000) [pid = 3840] [serial = 138] [outer = 0000000000000000]
16:57:37     INFO - PROCESS | 3840 | ++DOMWINDOW == 32 (000000DC5CEB7000) [pid = 3840] [serial = 139] [outer = 000000DC5CE21000]
16:57:37     INFO - PROCESS | 3840 | ++DOMWINDOW == 33 (000000DC5D8A8000) [pid = 3840] [serial = 140] [outer = 000000DC5CE21000]
program finished with exit code 1
elapsedTime=352.224000
The web-page 'stop build' button was pressed by 'rvandermeulen@mozilla.com': Cancelled via self-serve
========= master_lag: -0.34 =========
========= Finished 'c:/mozilla-build/python27/python -u ...' interrupted (results: 4, elapsed: 5 mins, 51 secs) (at 2018-06-08 16:57:38.333062) =========

========= Started set props: build_url symbols_url (results: 0, elapsed: 0 secs) (at 2018-06-08 16:57:38.334111) =========
'cmd' '/C' 'for' '%f' 'in' '(*)' 'do' '@type' '%f'
 in dir C:\slave\test\properties (timeout 1200 secs)
 watching logfiles {}
 argv: ['cmd', '/C', 'for', '%f', 'in', '(*)', 'do', '@type', '%f']
 environment:
  ALLUSERSPROFILE=C:\ProgramData
  APPDATA=C:\Users\cltbld.T-W864-IX-034.001\AppData\Roaming
  COMMONPROGRAMFILES=C:\Program Files (x86)\Common Files
  COMMONPROGRAMFILES(X86)=C:\Program Files (x86)\Common Files
  COMMONPROGRAMW6432=C:\Program Files\Common Files
  COMPUTERNAME=T-W864-IX-034
  COMSPEC=C:\windows\system32\cmd.exe
  DCLOCATION=SCL3
  DNSSUFFIX=wintest.releng.scl3.mozilla.com
  FP_NO_HOST_CHECK=NO
  HOMEDRIVE=C:
  HOMEPATH=\Users\cltbld.T-W864-IX-034.001
  KTS_HOME=C:\Program Files\KTS
  KTS_VERSION=1.19c
  LOCALAPPDATA=C:\Users\cltbld.T-W864-IX-034.001\AppData\Local
  LOGONSERVER=\\T-W864-IX-034
  MONDIR=C:\Monitor_config\
  MOZBUILDDIR=C:\mozilla-build\
  NUMBER_OF_PROCESSORS=8
  OS=Windows_NT
  OURDRIVE=C:
  PATH=C:\Program Files (x86)\NVIDIA Corporation\PhysX\Common;C:\windows\system32;C:\windows;C:\windows\System32\Wbem;C:\windows\System32\WindowsPowerShell\v1.0\;C:\mozilla-build\python27;C:\mozilla-build\python27\Scripts;C:\mozilla-build\msys\bin;C:\mozilla-build\vim\vim72;C:\mozilla-build\wget;C:\mozilla-build\info-zip;C:\CoreUtils\bin;C:\mozilla-build\buildbotve\scripts;C:\mozilla-build\hg
  PATHEXT=.COM;.EXE;.BAT;.CMD;.VBS;.VBE;.JS;.JSE;.WSF;.WSH;.MSC
  PROCESSOR_ARCHITECTURE=x86
  PROCESSOR_ARCHITEW6432=AMD64
  PROCESSOR_IDENTIFIER=Intel64 Family 6 Model 30 Stepping 5, GenuineIntel
  PROCESSOR_LEVEL=6
  PROCESSOR_REVISION=1e05
  PROGRAMDATA=C:\ProgramData
  PROGRAMFILES=C:\Program Files (x86)
  PROGRAMFILES(X86)=C:\Program Files (x86)
  PROGRAMW6432=C:\Program Files
  PROMPT=$P$G
  PSMODULEPATH=C:\windows\system32\WindowsPowerShell\v1.0\Modules\
  PUBLIC=C:\Users\Public
  PWD=C:\slave\test\properties
  RUNLOGFILE=C:\slave\\runslave.log
  SLAVEDIR=C:\slave\
  SYSTEMDRIVE=C:
  SYSTEMROOT=C:\windows
  TEMP=C:\Users\CLTBLD~1.001\AppData\Local\Temp
  TEST1=testie
  TMP=C:\Users\CLTBLD~1.001\AppData\Local\Temp
  USERDOMAIN=T-W864-IX-034
  USERDOMAIN_ROAMINGPROFILE=T-W864-IX-034
  USERNAME=cltbld
  USERPROFILE=C:\Users\cltbld.T-W864-IX-034.001
  WINDIR=C:\windows
 using PTY: False
build_url:https://queue.taskcluster.net/v1/task/GYm6uScDR968YNKAqw8dYQ/artifacts/public/build/firefox-52.8.2.en-US.win64.zip
symbols_url:https://queue.taskcluster.net/v1/task/GYm6uScDR968YNKAqw8dYQ/artifacts/public/build/firefox-52.8.2.en-US.win64.crashreporter-symbols.zip
program finished with exit code 0
elapsedTime=0.101000
build_url: 'https://queue.taskcluster.net/v1/task/GYm6uScDR968YNKAqw8dYQ/artifacts/public/build/firefox-52.8.2.en-US.win64.zip'
symbols_url: 'https://queue.taskcluster.net/v1/task/GYm6uScDR968YNKAqw8dYQ/artifacts/public/build/firefox-52.8.2.en-US.win64.crashreporter-symbols.zip'
========= master_lag: 0.01 =========
========= Finished set props: build_url symbols_url (results: 0, elapsed: 0 secs) (at 2018-06-08 16:57:38.446403) =========

========= Started 'rm -f ...' (results: 0, elapsed: 0 secs) (at 2018-06-08 16:57:38.446748) =========
'rm' '-f' 'oauth.txt'
 in dir C:\slave\test\. (timeout 1200 secs)
 watching logfiles {}
 argv: ['rm', '-f', 'oauth.txt']
 environment:
  ALLUSERSPROFILE=C:\ProgramData
  APPDATA=C:\Users\cltbld.T-W864-IX-034.001\AppData\Roaming
  COMMONPROGRAMFILES=C:\Program Files (x86)\Common Files
  COMMONPROGRAMFILES(X86)=C:\Program Files (x86)\Common Files
  COMMONPROGRAMW6432=C:\Program Files\Common Files
  COMPUTERNAME=T-W864-IX-034
  COMSPEC=C:\windows\system32\cmd.exe
  DCLOCATION=SCL3
  DNSSUFFIX=wintest.releng.scl3.mozilla.com
  FP_NO_HOST_CHECK=NO
  HOMEDRIVE=C:
  HOMEPATH=\Users\cltbld.T-W864-IX-034.001
  KTS_HOME=C:\Program Files\KTS
  KTS_VERSION=1.19c
  LOCALAPPDATA=C:\Users\cltbld.T-W864-IX-034.001\AppData\Local
  LOGONSERVER=\\T-W864-IX-034
  MONDIR=C:\Monitor_config\
  MOZBUILDDIR=C:\mozilla-build\
  NUMBER_OF_PROCESSORS=8
  OS=Windows_NT
  OURDRIVE=C:
  PATH=C:\Program Files (x86)\NVIDIA Corporation\PhysX\Common;C:\windows\system32;C:\windows;C:\windows\System32\Wbem;C:\windows\System32\WindowsPowerShell\v1.0\;C:\mozilla-build\python27;C:\mozilla-build\python27\Scripts;C:\mozilla-build\msys\bin;C:\mozilla-build\vim\vim72;C:\mozilla-build\wget;C:\mozilla-build\info-zip;C:\CoreUtils\bin;C:\mozilla-build\buildbotve\scripts;C:\mozilla-build\hg
  PATHEXT=.COM;.EXE;.BAT;.CMD;.VBS;.VBE;.JS;.JSE;.WSF;.WSH;.MSC
  PROCESSOR_ARCHITECTURE=x86
  PROCESSOR_ARCHITEW6432=AMD64
  PROCESSOR_IDENTIFIER=Intel64 Family 6 Model 30 Stepping 5, GenuineIntel
  PROCESSOR_LEVEL=6
  PROCESSOR_REVISION=1e05
  PROGRAMDATA=C:\ProgramData
  PROGRAMFILES=C:\Program Files (x86)
  PROGRAMFILES(X86)=C:\Program Files (x86)
  PROGRAMW6432=C:\Program Files
  PROMPT=$P$G
  PSMODULEPATH=C:\windows\system32\WindowsPowerShell\v1.0\Modules\
  PUBLIC=C:\Users\Public
  PWD=C:\slave\test
  RUNLOGFILE=C:\slave\\runslave.log
  SLAVEDIR=C:\slave\
  SYSTEMDRIVE=C:
  SYSTEMROOT=C:\windows
  TEMP=C:\Users\CLTBLD~1.001\AppData\Local\Temp
  TEST1=testie
  TMP=C:\Users\CLTBLD~1.001\AppData\Local\Temp
  USERDOMAIN=T-W864-IX-034
  USERDOMAIN_ROAMINGPROFILE=T-W864-IX-034
  USERNAME=cltbld
  USERPROFILE=C:\Users\cltbld.T-W864-IX-034.001
  WINDIR=C:\windows
 using PTY: False
program finished with exit code 0
elapsedTime=0.101000
========= master_lag: 0.01 =========
========= Finished 'rm -f ...' (results: 0, elapsed: 0 secs) (at 2018-06-08 16:57:38.556987) =========

========= Started reboot slave lost (results: 0, elapsed: 0 secs) (at 2018-06-08 16:57:38.557309) =========

========= Finished reboot slave lost (results: 0, elapsed: 0 secs) (at 2018-06-08 16:57:38.796229) =========

========= Total master_lag: -0.21 =========

